<testsuite errors="0" failures="0" tests="488" skipped="4" name="org.elasticsearch.test.rest.RestIT" hostname="nohost.nodomain" time="26.87" timestamp="2016-04-18T03:07:58">
   <properties class="java.util.ArrayList">
      <property name="awt.toolkit" value="sun.lwawt.macosx.LWCToolkit"/>
      <property name="es.logger.level" value="WARN"/>
      <property name="file.encoding" value="UTF-8"/>
      <property name="file.encoding.pkg" value="sun.io"/>
      <property name="file.separator" value="/"/>
      <property name="ftp.nonProxyHosts" value="local|*.local|169.254/16|*.169.254/16"/>
      <property name="gopherProxySet" value="false"/>
      <property name="http.nonProxyHosts" value="local|*.local|169.254/16|*.169.254/16"/>
      <property name="java.awt.graphicsenv" value="sun.awt.CGraphicsEnvironment"/>
      <property name="java.awt.headless" value="true"/>
      <property name="java.awt.printerjob" value="sun.lwawt.macosx.CPrinterJob"/>
      <property name="java.class.path" value="/Users/lwiskowski/CSE2410_spring2016_projectileDysfunction/distribution/integ-test-zip/build/classes/test:/Users/lwiskowski/CSE2410_spring2016_projectileDysfunction/distribution/integ-test-zip/build/resources/test:/Users/lwiskowski/CSE2410_spring2016_projectileDysfunction/test/framework/build/libs/framework-3.0.0-SNAPSHOT.jar:/Users/lwiskowski/CSE2410_spring2016_projectileDysfunction/core/build/libs/elasticsearch-3.0.0-SNAPSHOT.jar:/Users/lwiskowski/.gradle/caches/modules-2/files-2.1/com.carrotsearch.randomizedtesting/randomizedtesting-runner/2.3.2/307965917fe8a22b7ee72deba39ef4b8e6ebc069/randomizedtesting-runner-2.3.2.jar:/Users/lwiskowski/.gradle/caches/modules-2/files-2.1/junit/junit/4.11/4e031bb61df09069aeb2bffb4019e7a5034a4ee0/junit-4.11.jar:/Users/lwiskowski/.gradle/caches/modules-2/files-2.1/org.hamcrest/hamcrest-all/1.3/63a21ebc981131004ad02e0434e799fd7f3a8d5a/hamcrest-all-1.3.jar:/Users/lwiskowski/.gradle/caches/modules-2/files-2.1/org.apache.lucene/lucene-test-framework/5.5.0-snapshot-1721183/a8d851d0ad82182b3a02f4b30c336e7aa0e173cb/lucene-test-framework-5.5.0-snapshot-1721183.jar:/Users/lwiskowski/.gradle/caches/modules-2/files-2.1/org.apache.lucene/lucene-codecs/5.5.0-snapshot-1721183/8aa59442b028c7a2c1a516accb6142a8910ba5fc/lucene-codecs-5.5.0-snapshot-1721183.jar:/Users/lwiskowski/.gradle/caches/modules-2/files-2.1/org.apache.httpcomponents/httpclient/4.3.6/4c47155e3e6c9a41a28db36680b828ced53b8af4/httpclient-4.3.6.jar:/Users/lwiskowski/.gradle/caches/modules-2/files-2.1/org.apache.httpcomponents/httpcore/4.3.3/f91b7a4aadc5cf486df6e4634748d7dd7a73f06d/httpcore-4.3.3.jar:/Users/lwiskowski/.gradle/caches/modules-2/files-2.1/commons-logging/commons-logging/1.1.3/f6f66e966c70a83ffbdb6f17a0919eaf7c8aca7f/commons-logging-1.1.3.jar:/Users/lwiskowski/.gradle/caches/modules-2/files-2.1/commons-codec/commons-codec/1.10/4b95f4897fa13f2cd904aee711aeafc0c5295cd8/commons-codec-1.10.jar:/Users/lwiskowski/.gradle/caches/modules-2/files-2.1/org.elasticsearch/securemock/1.2/98201d4ad5ac93f6b415ae9172d52b5e7cda490e/securemock-1.2.jar:/Users/lwiskowski/.gradle/caches/modules-2/files-2.1/org.apache.lucene/lucene-core/5.5.0-snapshot-1721183/f6854c65c7f4c6d9de583f4daa4fd3ae8a3800f1/lucene-core-5.5.0-snapshot-1721183.jar:/Users/lwiskowski/.gradle/caches/modules-2/files-2.1/org.apache.lucene/lucene-analyzers-common/5.5.0-snapshot-1721183/69e187ef1d2d9c9570363eb4186821e0341df5b8/lucene-analyzers-common-5.5.0-snapshot-1721183.jar:/Users/lwiskowski/.gradle/caches/modules-2/files-2.1/org.apache.lucene/lucene-backward-codecs/5.5.0-snapshot-1721183/fa00a45ff9bc6a4df44db81f2e4e44ea94bf88e/lucene-backward-codecs-5.5.0-snapshot-1721183.jar:/Users/lwiskowski/.gradle/caches/modules-2/files-2.1/org.apache.lucene/lucene-grouping/5.5.0-snapshot-1721183/e996e6c723eb415ba2cfa7f5e98bbf194a4918dd/lucene-grouping-5.5.0-snapshot-1721183.jar:/Users/lwiskowski/.gradle/caches/modules-2/files-2.1/org.apache.lucene/lucene-highlighter/5.5.0-snapshot-1721183/3b7a5d97b10885f16eb53deb15d64c942b9f9fdb/lucene-highlighter-5.5.0-snapshot-1721183.jar:/Users/lwiskowski/.gradle/caches/modules-2/files-2.1/org.apache.lucene/lucene-join/5.5.0-snapshot-1721183/e4dda3eeb76e340aa4713a3b20d68c4a1504e505/lucene-join-5.5.0-snapshot-1721183.jar:/Users/lwiskowski/.gradle/caches/modules-2/files-2.1/org.apache.lucene/lucene-memory/5.5.0-snapshot-1721183/800442a5d7612ce4c8748831871b4d436a50554e/lucene-memory-5.5.0-snapshot-1721183.jar:/Users/lwiskowski/.gradle/caches/modules-2/files-2.1/org.apache.lucene/lucene-misc/5.5.0-snapshot-1721183/bdf184de9b5773c7af3ae908af78eeb1e512470c/lucene-misc-5.5.0-snapshot-1721183.jar:/Users/lwiskowski/.gradle/caches/modules-2/files-2.1/org.apache.lucene/lucene-queries/5.5.0-snapshot-1721183/fc59de52bd2c7e420edfd235723cb8b0dd44e92d/lucene-queries-5.5.0-snapshot-1721183.jar:/Users/lwiskowski/.gradle/caches/modules-2/files-2.1/org.apache.lucene/lucene-queryparser/5.5.0-snapshot-1721183/1d341e6a4f11f3170773ccffdbe6815b45967e3d/lucene-queryparser-5.5.0-snapshot-1721183.jar:/Users/lwiskowski/.gradle/caches/modules-2/files-2.1/org.apache.lucene/lucene-sandbox/5.5.0-snapshot-1721183/a1b02c2b595ac92f45f0d2be03841a3a7fcae1f1/lucene-sandbox-5.5.0-snapshot-1721183.jar:/Users/lwiskowski/.gradle/caches/modules-2/files-2.1/org.apache.lucene/lucene-spatial/5.5.0-snapshot-1721183/e3ea422b56734329fb6974e9cf9f66478adb5793/lucene-spatial-5.5.0-snapshot-1721183.jar:/Users/lwiskowski/.gradle/caches/modules-2/files-2.1/org.apache.lucene/lucene-spatial3d/5.5.0-snapshot-1721183/5eadbd4e63120b59ab6445e39489205f98420471/lucene-spatial3d-5.5.0-snapshot-1721183.jar:/Users/lwiskowski/.gradle/caches/modules-2/files-2.1/org.apache.lucene/lucene-suggest/5.5.0-snapshot-1721183/a336287e65d082535f02a8427666dbe46b1b9b74/lucene-suggest-5.5.0-snapshot-1721183.jar:/Users/lwiskowski/.gradle/caches/modules-2/files-2.1/org.elasticsearch/securesm/1.0/c0c6cf986ba0057390bfcc80c366a0e3157f944b/securesm-1.0.jar:/Users/lwiskowski/.gradle/caches/modules-2/files-2.1/commons-cli/commons-cli/1.3.1/1303efbc4b181e5a58bf2e967dc156a3132b97c0/commons-cli-1.3.1.jar:/Users/lwiskowski/.gradle/caches/modules-2/files-2.1/com.carrotsearch/hppc/0.7.1/8b5057f74ea378c0150a1860874a3ebdcb713767/hppc-0.7.1.jar:/Users/lwiskowski/.gradle/caches/modules-2/files-2.1/joda-time/joda-time/2.8.2/d27c24204c5e507b16fec01006b3d0f1ec42aed4/joda-time-2.8.2.jar:/Users/lwiskowski/.gradle/caches/modules-2/files-2.1/org.joda/joda-convert/1.2/35ec554f0cd00c956cc69051514d9488b1374dec/joda-convert-1.2.jar:/Users/lwiskowski/.gradle/caches/modules-2/files-2.1/com.fasterxml.jackson.core/jackson-core/2.6.2/123f29333b2c6b3516b14252b6e93226bfcd6e37/jackson-core-2.6.2.jar:/Users/lwiskowski/.gradle/caches/modules-2/files-2.1/com.fasterxml.jackson.dataformat/jackson-dataformat-smile/2.6.2/395d18c1a1dd730b8026ee59c4067e5d2b45ba6e/jackson-dataformat-smile-2.6.2.jar:/Users/lwiskowski/.gradle/caches/modules-2/files-2.1/com.fasterxml.jackson.dataformat/jackson-dataformat-yaml/2.6.2/4ae23088dd3fae47c66843f2e4251d7255ee140e/jackson-dataformat-yaml-2.6.2.jar:/Users/lwiskowski/.gradle/caches/modules-2/files-2.1/com.fasterxml.jackson.dataformat/jackson-dataformat-cbor/2.6.2/1e13c575f914c83761bb8e2aca7dfd9e4c647579/jackson-dataformat-cbor-2.6.2.jar:/Users/lwiskowski/.gradle/caches/modules-2/files-2.1/io.netty/netty/3.10.5.Final/9ca7d55d246092bddd29b867706e2f6c7db701a0/netty-3.10.5.Final.jar:/Users/lwiskowski/.gradle/caches/modules-2/files-2.1/com.tdunning/t-digest/3.0/84ccf145ac2215e6bfa63baa3101c0af41017cfc/t-digest-3.0.jar:/Users/lwiskowski/.gradle/caches/modules-2/files-2.1/org.hdrhistogram/HdrHistogram/2.1.6/7495feb7f71ee124bd2a7e7d83590e296d71d80e/HdrHistogram-2.1.6.jar:/Users/lwiskowski/.gradle/caches/modules-2/files-2.1/com.spatial4j/spatial4j/0.5/6e16edaf6b1ba76db7f08c2f3723fce3b358ecc3/spatial4j-0.5.jar:/Users/lwiskowski/.gradle/caches/modules-2/files-2.1/com.vividsolutions/jts/1.13/3ccfb9b60f04d71add996a666ceb8902904fd805/jts-1.13.jar:/Users/lwiskowski/.gradle/caches/modules-2/files-2.1/log4j/log4j/1.2.17/5af35056b4d257e4b64b9e8069c0746e8b08629f/log4j-1.2.17.jar:/Users/lwiskowski/.gradle/caches/modules-2/files-2.1/log4j/apache-log4j-extras/1.2.17/85863614d82185d7e51fe21c00aa9117a523a8b6/apache-log4j-extras-1.2.17.jar:/Users/lwiskowski/.gradle/caches/modules-2/files-2.1/org.slf4j/slf4j-api/1.6.2/8619e95939167fb37245b5670135e4feb0ec7d50/slf4j-api-1.6.2.jar:/Users/lwiskowski/.gradle/caches/modules-2/files-2.1/net.java.dev.jna/jna/4.1.0/1c12d070e602efd8021891cdd7fd18bc129372d4/jna-4.1.0.jar:/Users/lwiskowski/.gradle/caches/modules-2/files-2.1/com.carrotsearch.randomizedtesting/junit4-ant/2.3.2/dc8f03f6111974092491f35b8269eb0fc57f52f7/junit4-ant-2.3.2.jar"/>
      <property name="java.class.version" value="52.0"/>
      <property name="java.endorsed.dirs" value="/Library/Java/JavaVirtualMachines/jdk1.8.0_71.jdk/Contents/Home/jre/lib/endorsed"/>
      <property name="java.ext.dirs" value="/Users/lwiskowski/Library/Java/Extensions:/Library/Java/JavaVirtualMachines/jdk1.8.0_71.jdk/Contents/Home/jre/lib/ext:/Library/Java/Extensions:/Network/Library/Java/Extensions:/System/Library/Java/Extensions:/usr/lib/java"/>
      <property name="java.home" value="/Library/Java/JavaVirtualMachines/jdk1.8.0_71.jdk/Contents/Home/jre"/>
      <property name="java.io.tmpdir" value="./temp"/>
      <property name="java.library.path" value="/Users/lwiskowski/Library/Java/Extensions:/Library/Java/Extensions:/Network/Library/Java/Extensions:/System/Library/Java/Extensions:/usr/lib/java:."/>
      <property name="java.runtime.name" value="Java(TM) SE Runtime Environment"/>
      <property name="java.runtime.version" value="1.8.0_71-b15"/>
      <property name="java.specification.name" value="Java Platform API Specification"/>
      <property name="java.specification.vendor" value="Oracle Corporation"/>
      <property name="java.specification.version" value="1.8"/>
      <property name="java.vendor" value="Oracle Corporation"/>
      <property name="java.vendor.url" value="http://java.oracle.com/"/>
      <property name="java.vendor.url.bug" value="http://bugreport.sun.com/bugreport/"/>
      <property name="java.version" value="1.8.0_71"/>
      <property name="java.vm.info" value="mixed mode"/>
      <property name="java.vm.name" value="Java HotSpot(TM) 64-Bit Server VM"/>
      <property name="java.vm.specification.name" value="Java Virtual Machine Specification"/>
      <property name="java.vm.specification.vendor" value="Oracle Corporation"/>
      <property name="java.vm.specification.version" value="1.8"/>
      <property name="java.vm.vendor" value="Oracle Corporation"/>
      <property name="java.vm.version" value="25.71-b15"/>
      <property name="junit4.childvm.count" value="1"/>
      <property name="junit4.childvm.cwd" value="/Users/lwiskowski/CSE2410_spring2016_projectileDysfunction/distribution/integ-test-zip/build/testrun/integTest/J0"/>
      <property name="junit4.childvm.id" value="0"/>
      <property name="junit4.memory.total" value="514850816"/>
      <property name="junit4.pidString" value="3710@host238-95.aruba.fit.edu"/>
      <property name="junit4.processors" value="8"/>
      <property name="line.separator" value="
"/>
      <property name="os.arch" value="x86_64"/>
      <property name="os.name" value="Mac OS X"/>
      <property name="os.version" value="10.11.4"/>
      <property name="path.separator" value=":"/>
      <property name="socksNonProxyHosts" value="local|*.local|169.254/16|*.169.254/16"/>
      <property name="sun.arch.data.model" value="64"/>
      <property name="sun.boot.class.path" value="/Library/Java/JavaVirtualMachines/jdk1.8.0_71.jdk/Contents/Home/jre/lib/resources.jar:/Library/Java/JavaVirtualMachines/jdk1.8.0_71.jdk/Contents/Home/jre/lib/rt.jar:/Library/Java/JavaVirtualMachines/jdk1.8.0_71.jdk/Contents/Home/jre/lib/sunrsasign.jar:/Library/Java/JavaVirtualMachines/jdk1.8.0_71.jdk/Contents/Home/jre/lib/jsse.jar:/Library/Java/JavaVirtualMachines/jdk1.8.0_71.jdk/Contents/Home/jre/lib/jce.jar:/Library/Java/JavaVirtualMachines/jdk1.8.0_71.jdk/Contents/Home/jre/lib/charsets.jar:/Library/Java/JavaVirtualMachines/jdk1.8.0_71.jdk/Contents/Home/jre/lib/jfr.jar:/Library/Java/JavaVirtualMachines/jdk1.8.0_71.jdk/Contents/Home/jre/classes"/>
      <property name="sun.boot.library.path" value="/Library/Java/JavaVirtualMachines/jdk1.8.0_71.jdk/Contents/Home/jre/lib"/>
      <property name="sun.cpu.endian" value="little"/>
      <property name="sun.cpu.isalist" value=""/>
      <property name="sun.io.unicode.encoding" value="UnicodeBig"/>
      <property name="sun.java.command" value="com.carrotsearch.ant.tasks.junit4.slave.SlaveMainSafe -flush -eventsfile /Users/lwiskowski/CSE2410_spring2016_projectileDysfunction/distribution/integ-test-zip/build/testrun/integTest/temp/junit4-J0-20160418_030757_365.events @/Users/lwiskowski/CSE2410_spring2016_projectileDysfunction/distribution/integ-test-zip/build/testrun/integTest/temp/junit4-J0-20160418_030757_365.suites -stdin"/>
      <property name="sun.java.launcher" value="SUN_STANDARD"/>
      <property name="sun.jnu.encoding" value="UTF-8"/>
      <property name="sun.management.compiler" value="HotSpot 64-Bit Tiered Compilers"/>
      <property name="sun.os.patch.level" value="unknown"/>
      <property name="tests.artifact" value="integ-test-zip"/>
      <property name="tests.cluster" value="[::1]:58730"/>
      <property name="tests.ifNoTests" value="fail"/>
      <property name="tests.maven" value="true"/>
      <property name="tests.prefix" value="tests"/>
      <property name="tests.rest.cluster" value="[::1]:58743"/>
      <property name="tests.rest.load_packaged" value="false"/>
      <property name="tests.security.manager" value="true"/>
      <property name="tests.seed" value="8C15BBCD62AE0CF1"/>
      <property name="tests.task" value=":distribution:integ-test-zip:integTest"/>
      <property name="user.country" value="US"/>
      <property name="user.dir" value="/Users/lwiskowski/CSE2410_spring2016_projectileDysfunction/distribution/integ-test-zip/build/testrun/integTest/J0"/>
      <property name="user.home" value="/Users/lwiskowski"/>
      <property name="user.language" value="en"/>
      <property name="user.name" value="lwiskowski"/>
      <property name="user.timezone" value=""/>
   </properties>
   <testcase classname="org.elasticsearch.test.rest.RestIT" name="test {p0=indices.get/10_basic/Get index infos by default shouldn&apos;t return index creation date and version in readable format}" time="0.774"/>
   <testcase classname="org.elasticsearch.test.rest.RestIT" name="test {p0=mget/55_parent_with_routing/Parent}" time="0.141"/>
   <testcase classname="org.elasticsearch.test.rest.RestIT" name="test {p0=delete/10_basic/Basic}" time="0.078"/>
   <testcase classname="org.elasticsearch.test.rest.RestIT" name="test {p0=mget/70_source_filtering/Source filtering -  ids and true/false}" time="0.084"/>
   <testcase classname="org.elasticsearch.test.rest.RestIT" name="test {p0=field_stats/10_basics/Field stats with filtering}" time="0.15"/>
   <testcase classname="org.elasticsearch.test.rest.RestIT" name="test {p0=snapshot.get_repository/10_basic/Verify created repository}" time="0.035"/>
   <testcase classname="org.elasticsearch.test.rest.RestIT" name="test {p0=get_source/80_missing/Missing document with ignore}" time="0.008"/>
   <testcase classname="org.elasticsearch.test.rest.RestIT" name="test {p0=indices.put_alias/all_path_options/put alias with missing name}" time="0.155"/>
   <testcase classname="org.elasticsearch.test.rest.RestIT" name="test {p0=indices.exists_alias/10_basic/Test indices.exists_alias with local flag}" time="0.008"/>
   <testcase classname="org.elasticsearch.test.rest.RestIT" name="test {p0=indices.get/10_basic/Should return test_index_3 if expand_wildcards=closed}" time="0.088"/>
   <testcase classname="org.elasticsearch.test.rest.RestIT" name="test {p0=cluster.state/20_filtering/Filtering the cluster state by metadata only should work}" time="0.069"/>
   <testcase classname="org.elasticsearch.test.rest.RestIT" name="test {p0=index/70_timestamp/Timestamp}" time="0.065"/>
   <testcase classname="org.elasticsearch.test.rest.RestIT" name="test {p0=explain/30_query_string/explain with query_string parameters}" time="0.113"/>
   <testcase classname="org.elasticsearch.test.rest.RestIT" name="test {p0=cat.aliases/10_basic/Complex alias}" time="0.044"/>
   <testcase classname="org.elasticsearch.test.rest.RestIT" name="test {p0=indices.get_aliases/10_basic/Get aliases via /{index}/_aliases/_all}" time="0.082"/>
   <testcase classname="org.elasticsearch.test.rest.RestIT" name="test {p0=get_source/30_parent/Parent}" time="0.051"/>
   <testcase classname="org.elasticsearch.test.rest.RestIT" name="test {p0=indices.get_mapping/60_empty/Check empty mapping when getting all mappings via /_mapping}" time="0.065"/>
   <testcase classname="org.elasticsearch.test.rest.RestIT" name="test {p0=indices.put_mapping/all_path_options/put mapping in prefix* index}" time="0.119"/>
   <testcase classname="org.elasticsearch.test.rest.RestIT" name="test {p0=indices.update_aliases/20_routing/Routing}" time="0.038"/>
   <testcase classname="org.elasticsearch.test.rest.RestIT" name="test {p0=percolate/15_new/Basic percolation tests}" time="0.093"/>
   <testcase classname="org.elasticsearch.test.rest.RestIT" name="test {p0=delete/60_missing/Missing document with ignore}" time="0.037"/>
   <testcase classname="org.elasticsearch.test.rest.RestIT" name="test {p0=cat.allocation/10_basic/Bytes}" time="0.011"/>
   <testcase classname="org.elasticsearch.test.rest.RestIT" name="test {p0=indices.analyze/10_analyze/Basic test}" time="0.008"/>
   <testcase classname="org.elasticsearch.test.rest.RestIT" name="test {p0=indices.refresh/10_basic/Indices refresh test _all}" time="0.065"/>
   <testcase classname="org.elasticsearch.test.rest.RestIT" name="test {p0=mget/13_missing_metadata/Missing metadata}" time="0.047"/>
   <testcase classname="org.elasticsearch.test.rest.RestIT" name="test {p0=indices.put_mapping/all_path_options/put one mapping per index}" time="0.11"/>
   <testcase classname="org.elasticsearch.test.rest.RestIT" name="test {p0=get/80_missing/Missing document with ignore}" time="0.006"/>
   <testcase classname="org.elasticsearch.test.rest.RestIT" name="test {p0=indices.get/10_basic/Should return test_index_2 if expand_wildcards=open}" time="0.063"/>
   <testcase classname="org.elasticsearch.test.rest.RestIT" name="test {p0=indices.get_alias/10_basic/Get aliases via /{index}/_alias/_all}" time="0.068"/>
   <testcase classname="org.elasticsearch.test.rest.RestIT" name="test {p0=mget/10_basic/Basic multi-get}" time="0.084"/>
   <testcase classname="org.elasticsearch.test.rest.RestIT" name="test {p0=indices.get_field_mapping/10_basic/Get field mapping by index only}" time="0.038"/>
   <testcase classname="org.elasticsearch.test.rest.RestIT" name="test {p0=cluster.put_settings/10_basic/Test put settings}" time="0.01">
      <skipped></skipped>
   </testcase>
   <testcase classname="org.elasticsearch.test.rest.RestIT" name="test {p0=indices.exists/10_basic/Test indices.exists with local flag}" time="0.005"/>
   <testcase classname="org.elasticsearch.test.rest.RestIT" name="test {p0=explain/10_basic/Basic explain}" time="0.054"/>
   <testcase classname="org.elasticsearch.test.rest.RestIT" name="test {p0=scroll/11_clear/Body params override query string}" time="0.073"/>
   <testcase classname="org.elasticsearch.test.rest.RestIT" name="test {p0=get_source/40_routing/Routing}" time="0.042"/>
   <testcase classname="org.elasticsearch.test.rest.RestIT" name="test {p0=info/20_lucene_version/Lucene Version}" time="0.005"/>
   <testcase classname="org.elasticsearch.test.rest.RestIT" name="test {p0=create/70_timestamp/Timestamp}" time="0.047"/>
   <testcase classname="org.elasticsearch.test.rest.RestIT" name="test {p0=indices.get_field_mapping/10_basic/Get field mapping with no index and type}" time="0.043"/>
   <testcase classname="org.elasticsearch.test.rest.RestIT" name="test {p0=indices.segments/10_basic/basic segments test}" time="0.044"/>
   <testcase classname="org.elasticsearch.test.rest.RestIT" name="test {p0=mtermvectors/10_basic/Basic tests for multi termvector get}" time="0.075"/>
   <testcase classname="org.elasticsearch.test.rest.RestIT" name="test {p0=cat.recovery/10_basic/Test cat recovery output}" time="0.079"/>
   <testcase classname="org.elasticsearch.test.rest.RestIT" name="test {p0=indices.segments/10_basic/no segments test}" time="0.005"/>
   <testcase classname="org.elasticsearch.test.rest.RestIT" name="test {p0=indices.exists_template/10_basic/Test indices.exists_template with local flag}" time="0.006"/>
   <testcase classname="org.elasticsearch.test.rest.RestIT" name="test {p0=indices.get_settings/10_basic/Get /{index}/_settings/{name}}" time="0.057"/>
   <testcase classname="org.elasticsearch.test.rest.RestIT" name="test {p0=delete/20_internal_version/Internal version}" time="0.048"/>
   <testcase classname="org.elasticsearch.test.rest.RestIT" name="test {p0=indices.put_mapping/all_path_options/put mapping in * index}" time="0.098"/>
   <testcase classname="org.elasticsearch.test.rest.RestIT" name="test {p0=indices.update_aliases/20_routing/Index, Search, Default Routing}" time="0.038"/>
   <testcase classname="org.elasticsearch.test.rest.RestIT" name="test {p0=indices.analyze/10_analyze/Detail response with Analyzer}" time="0.007"/>
   <testcase classname="org.elasticsearch.test.rest.RestIT" name="test {p0=indices.get/10_basic/Get index infos}" time="0.064"/>
   <testcase classname="org.elasticsearch.test.rest.RestIT" name="test {p0=count/10_basic/count body without query element}" time="0.052"/>
   <testcase classname="org.elasticsearch.test.rest.RestIT" name="test {p0=cat.indices/10_basic/Test cat indices output}" time="0.032"/>
   <testcase classname="org.elasticsearch.test.rest.RestIT" name="test {p0=indices.get_settings/10_basic/Get /{index}/_settings/*}" time="0.048"/>
   <testcase classname="org.elasticsearch.test.rest.RestIT" name="test {p0=indices.put_mapping/all_path_options/put mapping with blank index}" time="0.1"/>
   <testcase classname="org.elasticsearch.test.rest.RestIT" name="test {p0=indices.put_alias/all_path_options/put alias per index}" time="0.102"/>
   <testcase classname="org.elasticsearch.test.rest.RestIT" name="test {p0=percolate/18_highligh_with_query/Basic percolation highlight query test}" time="0.079"/>
   <testcase classname="org.elasticsearch.test.rest.RestIT" name="test {p0=cluster.state/30_expand_wildcards/Test expand_wildcards parameter on closed, open indices and both}" time="0.031"/>
   <testcase classname="org.elasticsearch.test.rest.RestIT" name="test {p0=indices.stats/11_metric/Metric - one}" time="0.077"/>
   <testcase classname="org.elasticsearch.test.rest.RestIT" name="test {p0=indices.stats/12_level/Level - blank}" time="0.074"/>
   <testcase classname="org.elasticsearch.test.rest.RestIT" name="test {p0=snapshot.restore/10_basic/Create a snapshot and then restore it}" time="0.082"/>
   <testcase classname="org.elasticsearch.test.rest.RestIT" name="test {p0=update/70_timestamp/Timestamp}" time="0.051"/>
   <testcase classname="org.elasticsearch.test.rest.RestIT" name="test {p0=mget/30_parent/Parent}" time="0.04"/>
   <testcase classname="org.elasticsearch.test.rest.RestIT" name="test {p0=percolate/19_nested/Basic percolation tests on nested doc}" time="0.078"/>
   <testcase classname="org.elasticsearch.test.rest.RestIT" name="test {p0=indices.get_mapping/50_wildcard_expansion/Get test-* with wildcard_expansion=open}" time="0.144"/>
   <testcase classname="org.elasticsearch.test.rest.RestIT" name="test {p0=suggest/30_context/Geo suggest should work}" time="0.119"/>
   <testcase classname="org.elasticsearch.test.rest.RestIT" name="test {p0=indices.get_aliases/10_basic/Get aliases via /{index}/_aliases/*}" time="0.079"/>
   <testcase classname="org.elasticsearch.test.rest.RestIT" name="test {p0=indices.stats/14_groups/Groups - one}" time="0.042"/>
   <testcase classname="org.elasticsearch.test.rest.RestIT" name="test {p0=indices.stats/10_index/Index - star, no match}" time="0.063"/>
   <testcase classname="org.elasticsearch.test.rest.RestIT" name="test {p0=cluster.state/20_filtering/Filtering the cluster state by routing table only should work}" time="0.049"/>
   <testcase classname="org.elasticsearch.test.rest.RestIT" name="test {p0=indices.stats/13_fields/Fielddata fields - one metric}" time="0.163"/>
   <testcase classname="org.elasticsearch.test.rest.RestIT" name="test {p0=indices.get_aliases/10_basic/Getting alias on an non-existent index should return 404}" time="0.003">
      <skipped></skipped>
   </testcase>
   <testcase classname="org.elasticsearch.test.rest.RestIT" name="test {p0=indices.put_alias/all_path_options/put alias prefix* index}" time="0.117"/>
   <testcase classname="org.elasticsearch.test.rest.RestIT" name="test {p0=indices.stats/13_fields/Completion fields - one}" time="0.121"/>
   <testcase classname="org.elasticsearch.test.rest.RestIT" name="test {p0=indices.get_aliases/10_basic/Get aliases with local flag}" time="0.073"/>
   <testcase classname="org.elasticsearch.test.rest.RestIT" name="test {p0=indices.get_template/10_basic/Get all templates}" time="0.012"/>
   <testcase classname="org.elasticsearch.test.rest.RestIT" name="test {p0=delete/27_force_version/Force version}" time="0.044"/>
   <testcase classname="org.elasticsearch.test.rest.RestIT" name="test {p0=get_source/70_source_filtering/Source filtering}" time="0.036"/>
   <testcase classname="org.elasticsearch.test.rest.RestIT" name="test {p0=indices.get/10_basic/Missing index should return empty object if ignore_unavailable}" time="0.064"/>
   <testcase classname="org.elasticsearch.test.rest.RestIT" name="test {p0=indices.exists_template/10_basic/Test indices.exists_template}" time="0.014"/>
   <testcase classname="org.elasticsearch.test.rest.RestIT" name="test {p0=nodes.info/20_transport/node_info test profile is empty}" time="0.006"/>
   <testcase classname="org.elasticsearch.test.rest.RestIT" name="test {p0=indices.stats/13_fields/Fielddata fields - all metric}" time="0.108"/>
   <testcase classname="org.elasticsearch.test.rest.RestIT" name="test {p0=cluster.state/20_filtering/Filtering the cluster state by nodes only should work}" time="0.051"/>
   <testcase classname="org.elasticsearch.test.rest.RestIT" name="test {p0=indices.stats/13_fields/Fields - fielddata metric}" time="0.108"/>
   <testcase classname="org.elasticsearch.test.rest.RestIT" name="test {p0=mget/70_source_filtering/Source filtering -  true/false}" time="0.048"/>
   <testcase classname="org.elasticsearch.test.rest.RestIT" name="test {p0=indices.stats/14_groups/Groups - star}" time="0.043"/>
   <testcase classname="org.elasticsearch.test.rest.RestIT" name="test {p0=cat.aliases/10_basic/Simple alias}" time="0.038"/>
   <testcase classname="org.elasticsearch.test.rest.RestIT" name="test {p0=cat.nodeattrs/10_basic/Test cat nodes attrs output}" time="0.209"/>
   <testcase classname="org.elasticsearch.test.rest.RestIT" name="test {p0=indices.get_mapping/50_wildcard_expansion/Get test-* with defaults}" time="0.13"/>
   <testcase classname="org.elasticsearch.test.rest.RestIT" name="test {p0=suggest/10_basic/Basic tests for suggest API}" time="0.07"/>
   <testcase classname="org.elasticsearch.test.rest.RestIT" name="test {p0=indices.analyze/10_analyze/Index and field}" time="0.031"/>
   <testcase classname="org.elasticsearch.test.rest.RestIT" name="test {p0=suggest/20_completion/Suggestion entry array should work}" time="0.052"/>
   <testcase classname="org.elasticsearch.test.rest.RestIT" name="test {p0=indices.get_aliases/10_basic/Get aliases via /{index}/_aliases/prefix*}" time="0.064"/>
   <testcase classname="org.elasticsearch.test.rest.RestIT" name="test {p0=indices.analyze/10_analyze/Body params override query string}" time="0.005"/>
   <testcase classname="org.elasticsearch.test.rest.RestIT" name="test {p0=indices.get_mapping/50_wildcard_expansion/Get test-* with wildcard_expansion=closed}" time="0.145"/>
   <testcase classname="org.elasticsearch.test.rest.RestIT" name="test {p0=get_source/30_parent/Parent omitted}" time="0.037"/>
   <testcase classname="org.elasticsearch.test.rest.RestIT" name="test {p0=indices.get_alias/10_basic/Get alias against closed indices}" time="0.053"/>
   <testcase classname="org.elasticsearch.test.rest.RestIT" name="test {p0=indices.analyze/10_analyze/Tokenizer and filter}" time="0.003"/>
   <testcase classname="org.elasticsearch.test.rest.RestIT" name="test {p0=indices.stats/14_groups/Groups - _all metric}" time="0.033"/>
   <testcase classname="org.elasticsearch.test.rest.RestIT" name="test {p0=indices.get_mapping/10_basic/Get /{index}/_mapping/{type*}}" time="0.052"/>
   <testcase classname="org.elasticsearch.test.rest.RestIT" name="test {p0=indices.stats/15_types/Types - multi metric}" time="0.064"/>
   <testcase classname="org.elasticsearch.test.rest.RestIT" name="test {p0=get/20_fields/Fields}" time="0.035"/>
   <testcase classname="org.elasticsearch.test.rest.RestIT" name="test {p0=indices.delete_alias/all_path_options/check delete with prefix* index}" time="0.109"/>
   <testcase classname="org.elasticsearch.test.rest.RestIT" name="test {p0=indices.delete_alias/all_path_options/check delete with _all index}" time="0.12"/>
   <testcase classname="org.elasticsearch.test.rest.RestIT" name="test {p0=snapshot.get_repository/10_basic/Get repository by name}" time="0.013"/>
   <testcase classname="org.elasticsearch.test.rest.RestIT" name="test {p0=indices.get_aliases/10_basic/Get aliases via /_all/_aliases/{name}}" time="0.099"/>
   <testcase classname="org.elasticsearch.test.rest.RestIT" name="test {p0=indices.get_field_mapping/10_basic/Get field mapping by type &amp; field, with another field that doesn&apos;t exist}" time="0.047"/>
   <testcase classname="org.elasticsearch.test.rest.RestIT" name="test {p0=indices.get_mapping/30_missing_index/Raise 404 when index doesn&apos;t exist}" time="0.004"/>
   <testcase classname="org.elasticsearch.test.rest.RestIT" name="test {p0=indices.get_field_mapping/10_basic/Get field mapping with include_defaults}" time="0.034"/>
   <testcase classname="org.elasticsearch.test.rest.RestIT" name="test {p0=indices.recovery/10_basic/Indices recovery test index name not matching}" time="0.054"/>
   <testcase classname="org.elasticsearch.test.rest.RestIT" name="test {p0=index/10_with_id/Index with ID}" time="0.113"/>
   <testcase classname="org.elasticsearch.test.rest.RestIT" name="test {p0=bulk/40_fields/Fields}" time="0.138"/>
   <testcase classname="org.elasticsearch.test.rest.RestIT" name="test {p0=indices.get_alias/10_basic/Get all aliases via /_alias}" time="0.068"/>
   <testcase classname="org.elasticsearch.test.rest.RestIT" name="test {p0=indices.get/10_basic/Get index infos should work for wildcards}" time="0.081"/>
   <testcase classname="org.elasticsearch.test.rest.RestIT" name="test {p0=indices.stats/15_types/Types - blank}" time="0.134"/>
   <testcase classname="org.elasticsearch.test.rest.RestIT" name="test {p0=indices.put_template/10_basic/Put template}" time="0.009"/>
   <testcase classname="org.elasticsearch.test.rest.RestIT" name="test {p0=indices.delete_alias/all_path_options/check delete with index list and * aliases}" time="0.104"/>
   <testcase classname="org.elasticsearch.test.rest.RestIT" name="test {p0=cat.health/10_basic/Help}" time="0.004"/>
   <testcase classname="org.elasticsearch.test.rest.RestIT" name="test {p0=search/issue4895/Test with _local preference placed in query body - should fail}" time="0.054"/>
   <testcase classname="org.elasticsearch.test.rest.RestIT" name="test {p0=indices.get_mapping/20_missing_type/Return empty response when type doesn&apos;t exist}" time="0.031"/>
   <testcase classname="org.elasticsearch.test.rest.RestIT" name="test {p0=indices.get_mapping/10_basic/Get /*/_mapping/{type}}" time="0.066"/>
   <testcase classname="org.elasticsearch.test.rest.RestIT" name="test {p0=mget/70_source_filtering/Source filtering -  include nested field}" time="0.036"/>
   <testcase classname="org.elasticsearch.test.rest.RestIT" name="test {p0=indices.get_field_mapping/10_basic/Get field mapping should work without index specifying type and fields}" time="0.037"/>
   <testcase classname="org.elasticsearch.test.rest.RestIT" name="test {p0=update/75_ttl/TTL}" time="0.05"/>
   <testcase classname="org.elasticsearch.test.rest.RestIT" name="test {p0=delete/50_refresh/Refresh}" time="0.087"/>
   <testcase classname="org.elasticsearch.test.rest.RestIT" name="test {p0=indices.update_aliases/20_routing/Index, Default Routing}" time="0.049"/>
   <testcase classname="org.elasticsearch.test.rest.RestIT" name="test {p0=cluster.pending_tasks/10_basic/Test pending tasks}" time="0.005"/>
   <testcase classname="org.elasticsearch.test.rest.RestIT" name="test {p0=cat.aliases/10_basic/Empty cluster}" time="0.003"/>
   <testcase classname="org.elasticsearch.test.rest.RestIT" name="test {p0=indices.get/10_basic/Should throw error if allow_no_indices=false}" time="0.072"/>
   <testcase classname="org.elasticsearch.test.rest.RestIT" name="test {p0=get_source/15_default_values/Default values}" time="0.047"/>
   <testcase classname="org.elasticsearch.test.rest.RestIT" name="test {p0=cluster.state/20_filtering/Filtering the cluster state by blocks should return the blocks}" time="0.099"/>
   <testcase classname="org.elasticsearch.test.rest.RestIT" name="test {p0=explain/10_basic/Basic explain with alias}" time="0.071"/>
   <testcase classname="org.elasticsearch.test.rest.RestIT" name="test {p0=get/60_realtime_refresh/Realtime Refresh}" time="0.059"/>
   <testcase classname="org.elasticsearch.test.rest.RestIT" name="test {p0=nodes.stats/30_discovery/Discovery stats}" time="0.017"/>
   <testcase classname="org.elasticsearch.test.rest.RestIT" name="test {p0=cat.aliases/10_basic/Alias against closed index}" time="0.045"/>
   <testcase classname="org.elasticsearch.test.rest.RestIT" name="test {p0=indices.put_alias/all_path_options/put alias with blank index}" time="0.133"/>
   <testcase classname="org.elasticsearch.test.rest.RestIT" name="test {p0=indices.get_alias/10_basic/Get aliases via /_all/_alias/{name}}" time="0.079"/>
   <testcase classname="org.elasticsearch.test.rest.RestIT" name="test {p0=indices.get_mapping/50_wildcard_expansion/Get test-* with wildcard_expansion=all}" time="0.152"/>
   <testcase classname="org.elasticsearch.test.rest.RestIT" name="test {p0=indices.stats/13_fields/Fielddata fields - pattern}" time="0.115"/>
   <testcase classname="org.elasticsearch.test.rest.RestIT" name="test {p0=indices.get_mapping/10_basic/Get /{index}/_mapping/_all}" time="0.075"/>
   <testcase classname="org.elasticsearch.test.rest.RestIT" name="test {p0=indices.get_template/10_basic/Get template with local flag}" time="0.006"/>
   <testcase classname="org.elasticsearch.test.rest.RestIT" name="test {p0=indices.get_mapping/10_basic/Get /_mapping/{type}}" time="0.057"/>
   <testcase classname="org.elasticsearch.test.rest.RestIT" name="test {p0=cat.aliases/10_basic/Column headers}" time="0.037"/>
   <testcase classname="org.elasticsearch.test.rest.RestIT" name="test {p0=indices.get_settings/10_basic/Get /_settings}" time="0.072"/>
   <testcase classname="org.elasticsearch.test.rest.RestIT" name="test {p0=snapshot.create/10_basic/Create a snapshot}" time="0.032"/>
   <testcase classname="org.elasticsearch.test.rest.RestIT" name="test {p0=index/75_ttl/TTL}" time="0.048"/>
   <testcase classname="org.elasticsearch.test.rest.RestIT" name="test {p0=indices.refresh/10_basic/Indices refresh test no-match wildcard}" time="0.06"/>
   <testcase classname="org.elasticsearch.test.rest.RestIT" name="test {p0=update/11_shard_header/Update check shard header}" time="0.02"/>
   <testcase classname="org.elasticsearch.test.rest.RestIT" name="test {p0=get_source/10_basic/Basic}" time="0.038"/>
   <testcase classname="org.elasticsearch.test.rest.RestIT" name="test {p0=indices.stats/13_fields/Completion - multi metric}" time="0.106"/>
   <testcase classname="org.elasticsearch.test.rest.RestIT" name="test {p0=mpercolate/10_basic/Basic multi-percolate}" time="0.063"/>
   <testcase classname="org.elasticsearch.test.rest.RestIT" name="test {p0=indices.get_alias/10_basic/Get aliases via /pref*/_alias/{name}}" time="0.064"/>
   <testcase classname="org.elasticsearch.test.rest.RestIT" name="test {p0=indices.get_template/20_get_missing/Get missing template}" time="0.003"/>
   <testcase classname="org.elasticsearch.test.rest.RestIT" name="test {p0=indices.stats/10_index/Index - pattern}" time="0.064"/>
   <testcase classname="org.elasticsearch.test.rest.RestIT" name="test {p0=indices.put_alias/all_path_options/put alias in * index}" time="0.105"/>
   <testcase classname="org.elasticsearch.test.rest.RestIT" name="test {p0=nodes.info/10_basic/node_info test}" time="0.005"/>
   <testcase classname="org.elasticsearch.test.rest.RestIT" name="test {p0=update/85_fields_meta/Metadata Fields}" time="0.004">
      <skipped></skipped>
   </testcase>
   <testcase classname="org.elasticsearch.test.rest.RestIT" name="test {p0=indices.stats/13_fields/Fielddata fields - multi metric}" time="0.094"/>
   <testcase classname="org.elasticsearch.test.rest.RestIT" name="test {p0=percolate/17_empty/Basic percolation tests on an empty cluster}" time="0.038"/>
   <testcase classname="org.elasticsearch.test.rest.RestIT" name="test {p0=indices.put_settings/10_basic/Test indices settings allow_no_indices}" time="0.034"/>
   <testcase classname="org.elasticsearch.test.rest.RestIT" name="test {p0=indices.analyze/10_analyze/Array text}" time="0.003"/>
   <testcase classname="org.elasticsearch.test.rest.RestIT" name="test {p0=mget/70_source_filtering/Source filtering -  ids and exclude field}" time="0.043"/>
   <testcase classname="org.elasticsearch.test.rest.RestIT" name="test {p0=bulk/10_basic/Array of objects}" time="0.053"/>
   <testcase classname="org.elasticsearch.test.rest.RestIT" name="test {p0=indices.stats/13_fields/Fields - multi}" time="0.094"/>
   <testcase classname="org.elasticsearch.test.rest.RestIT" name="test {p0=indices.put_alias/all_path_options/put alias in list of indices}" time="0.092"/>
   <testcase classname="org.elasticsearch.test.rest.RestIT" name="test {p0=indices.get_alias/20_empty/Check empty aliases when getting all aliases via /_alias}" time="0.056"/>
   <testcase classname="org.elasticsearch.test.rest.RestIT" name="test {p0=indices.put_settings/all_path_options/put settings per index}" time="0.092"/>
   <testcase classname="org.elasticsearch.test.rest.RestIT" name="test {p0=exists/55_parent_with_routing/Parent with routing}" time="0.038"/>
   <testcase classname="org.elasticsearch.test.rest.RestIT" name="test {p0=indices.open/20_multiple_indices/All indices}" time="0.181"/>
   <testcase classname="org.elasticsearch.test.rest.RestIT" name="test {p0=indices.get_alias/10_basic/Non-existent alias on an existing index returns an empty body}" time="0.093"/>
   <testcase classname="org.elasticsearch.test.rest.RestIT" name="test {p0=mget/20_fields/Fields}" time="0.053"/>
   <testcase classname="org.elasticsearch.test.rest.RestIT" name="test {p0=indices.get_settings/10_basic/Get /{index}/_settings/_all}" time="0.048"/>
   <testcase classname="org.elasticsearch.test.rest.RestIT" name="test {p0=indices.get/10_basic/Get index infos with human settings should return index creation date and version in readable format}" time="0.065"/>
   <testcase classname="org.elasticsearch.test.rest.RestIT" name="test {p0=percolate/16_existing_doc/Percolate existing documents}" time="0.136"/>
   <testcase classname="org.elasticsearch.test.rest.RestIT" name="test {p0=indices.put_settings/all_path_options/put settings in * index}" time="0.096"/>
   <testcase classname="org.elasticsearch.test.rest.RestIT" name="test {p0=indices.get_field_mapping/50_field_wildcards/Get field mapping should work using &apos;_all&apos; for indices and types}" time="0.063"/>
   <testcase classname="org.elasticsearch.test.rest.RestIT" name="test {p0=indices.validate_query/10_basic/Validate query api}" time="0.06"/>
   <testcase classname="org.elasticsearch.test.rest.RestIT" name="test {p0=suggest/30_context/Multi contexts should work}" time="0.08"/>
   <testcase classname="org.elasticsearch.test.rest.RestIT" name="test {p0=delete/40_parent/Parent}" time="0.046"/>
   <testcase classname="org.elasticsearch.test.rest.RestIT" name="test {p0=indices.exists/10_basic/Test indices.exists}" time="0.041"/>
   <testcase classname="org.elasticsearch.test.rest.RestIT" name="test {p0=indices.delete_alias/all_path_options/check delete with index list}" time="0.104"/>
   <testcase classname="org.elasticsearch.test.rest.RestIT" name="test {p0=cat.aliases/10_basic/Help}" time="0.003"/>
   <testcase classname="org.elasticsearch.test.rest.RestIT" name="test {p0=search/70_response_filtering/Search with response filtering}" time="0.07"/>
   <testcase classname="org.elasticsearch.test.rest.RestIT" name="test {p0=cluster.health/10_basic/cluster health basic test}" time="0.002"/>
   <testcase classname="org.elasticsearch.test.rest.RestIT" name="test {p0=indices.get_field_mapping/30_missing_type/Raise 404 when type doesn&apos;t exist}" time="0.036"/>
   <testcase classname="org.elasticsearch.test.rest.RestIT" name="test {p0=indices.put_settings/all_path_options/put settings in prefix* index}" time="0.098"/>
   <testcase classname="org.elasticsearch.test.rest.RestIT" name="test {p0=create/15_without_id/Create without ID}" time="0.048"/>
   <testcase classname="org.elasticsearch.test.rest.RestIT" name="test {p0=mget/70_source_filtering/Source filtering -  ids and include nested field}" time="0.037"/>
   <testcase classname="org.elasticsearch.test.rest.RestIT" name="test {p0=indices.stats/11_metric/Metric - blank}" time="0.069"/>
   <testcase classname="org.elasticsearch.test.rest.RestIT" name="test {p0=indices.stats/10_index/Index - one index}" time="0.056"/>
   <testcase classname="org.elasticsearch.test.rest.RestIT" name="test {p0=index/30_internal_version/Internal version}" time="0.041"/>
   <testcase classname="org.elasticsearch.test.rest.RestIT" name="test {p0=index/55_parent_with_routing/Parent with routing}" time="0.04"/>
   <testcase classname="org.elasticsearch.test.rest.RestIT" name="test {p0=indices.get_mapping/10_basic/Get /index*/_mapping/{type}}" time="0.059"/>
   <testcase classname="org.elasticsearch.test.rest.RestIT" name="test {p0=suggest/20_completion/Simple suggestion should work}" time="0.05"/>
   <testcase classname="org.elasticsearch.test.rest.RestIT" name="test {p0=indices.stats/13_fields/Fields - pattern}" time="0.084"/>
   <testcase classname="org.elasticsearch.test.rest.RestIT" name="test {p0=indices.stats/13_fields/Fields - star}" time="0.128"/>
   <testcase classname="org.elasticsearch.test.rest.RestIT" name="test {p0=exists/30_parent/Parent omitted}" time="0.05"/>
   <testcase classname="org.elasticsearch.test.rest.RestIT" name="test {p0=get/15_default_values/Default values}" time="0.044"/>
   <testcase classname="org.elasticsearch.test.rest.RestIT" name="test {p0=search_shards/10_basic/Basic /_search_shards test}" time="0.035"/>
   <testcase classname="org.elasticsearch.test.rest.RestIT" name="test {p0=indices.get_alias/10_basic/Get all aliases via /{index}/_alias/}" time="0.074"/>
   <testcase classname="org.elasticsearch.test.rest.RestIT" name="test {p0=count/10_basic/count with body}" time="0.05"/>
   <testcase classname="org.elasticsearch.test.rest.RestIT" name="test {p0=indices.get_aliases/10_basic/Existent and non-existent alias returns just the existing}" time="0.056"/>
   <testcase classname="org.elasticsearch.test.rest.RestIT" name="test {p0=delete/11_shard_header/Delete check shard header}" time="0.018"/>
   <testcase classname="org.elasticsearch.test.rest.RestIT" name="test {p0=create/40_routing/Routing}" time="0.034"/>
   <testcase classname="org.elasticsearch.test.rest.RestIT" name="test {p0=cluster.reroute/11_explain/Explain API with empty command list}" time="0.016"/>
   <testcase classname="org.elasticsearch.test.rest.RestIT" name="test {p0=indices.stats/13_fields/Fields - completion metric}" time="0.083"/>
   <testcase classname="org.elasticsearch.test.rest.RestIT" name="test {p0=indices.put_settings/10_basic/Test indices settings}" time="0.031"/>
   <testcase classname="org.elasticsearch.test.rest.RestIT" name="test {p0=cat.count/10_basic/Test cat count output}" time="0.091"/>
   <testcase classname="org.elasticsearch.test.rest.RestIT" name="test {p0=indices.get_aliases/10_basic/Get aliases via /_aliases/{name}}" time="0.059"/>
   <testcase classname="org.elasticsearch.test.rest.RestIT" name="test {p0=update/55_parent_with_routing/Parent with routing}" time="0.039"/>
   <testcase classname="org.elasticsearch.test.rest.RestIT" name="test {p0=percolate/19_nested/Percolate existing docs}" time="0.067"/>
   <testcase classname="org.elasticsearch.test.rest.RestIT" name="test {p0=indices.open/20_multiple_indices/Trailing wildcard}" time="0.18"/>
   <testcase classname="org.elasticsearch.test.rest.RestIT" name="test {p0=get_source/80_missing/Missing document with catch}" time="0.003"/>
   <testcase classname="org.elasticsearch.test.rest.RestIT" name="test {p0=cat.allocation/10_basic/Node ID}" time="0.004"/>
   <testcase classname="org.elasticsearch.test.rest.RestIT" name="test {p0=indices.exists_alias/10_basic/Test indices.exists_alias}" time="0.031"/>
   <testcase classname="org.elasticsearch.test.rest.RestIT" name="test {p0=search/60_query_string/search with query_string parameters}" time="0.056"/>
   <testcase classname="org.elasticsearch.test.rest.RestIT" name="test {p0=indices.stats/11_metric/Metric - recovery}" time="0.064"/>
   <testcase classname="org.elasticsearch.test.rest.RestIT" name="test {p0=indices.get_settings/20_aliases/Getting settings for aliases should return the real index as key}" time="0.015"/>
   <testcase classname="org.elasticsearch.test.rest.RestIT" name="test {p0=indices.get_mapping/10_basic/Get /{index}/_mapping}" time="0.069"/>
   <testcase classname="org.elasticsearch.test.rest.RestIT" name="test {p0=update/35_other_versions/Not supported versions}" time="0.005"/>
   <testcase classname="org.elasticsearch.test.rest.RestIT" name="test {p0=indices.get_aliases/10_basic/Get aliases via /{index}/_aliases/name,name}" time="0.064"/>
   <testcase classname="org.elasticsearch.test.rest.RestIT" name="test {p0=snapshot.get_repository/10_basic/Get missing repository by name}" time="0.01"/>
   <testcase classname="org.elasticsearch.test.rest.RestIT" name="test {p0=search.aggregation/10_histogram/Basic test}" time="0.081"/>
   <testcase classname="org.elasticsearch.test.rest.RestIT" name="test {p0=indices.stats/13_fields/Completion fields - multi}" time="0.091"/>
   <testcase classname="org.elasticsearch.test.rest.RestIT" name="test {p0=indices.get_field_mapping/50_field_wildcards/Get field mapping with *t1 for fields}" time="0.062"/>
   <testcase classname="org.elasticsearch.test.rest.RestIT" name="test {p0=cat.allocation/10_basic/All Nodes}" time="0.003"/>
   <testcase classname="org.elasticsearch.test.rest.RestIT" name="test {p0=get/30_parent/Parent omitted}" time="0.044"/>
   <testcase classname="org.elasticsearch.test.rest.RestIT" name="test {p0=indices.exists_type/10_basic/Exists type with local flag}" time="0.003"/>
   <testcase classname="org.elasticsearch.test.rest.RestIT" name="test {p0=indices.stats/14_groups/Groups - multi}" time="0.039"/>
   <testcase classname="org.elasticsearch.test.rest.RestIT" name="test {p0=indices.stats/15_types/Types - one}" time="0.068"/>
   <testcase classname="org.elasticsearch.test.rest.RestIT" name="test {p0=indices.delete_alias/10_basic/Basic test for delete alias}" time="0.035"/>
   <testcase classname="org.elasticsearch.test.rest.RestIT" name="test {p0=delete/25_external_version/External version}" time="0.043"/>
   <testcase classname="org.elasticsearch.test.rest.RestIT" name="test {p0=cat.snapshots/10_basic/Help}" time="0.003"/>
   <testcase classname="org.elasticsearch.test.rest.RestIT" name="test {p0=indices.stats/13_fields/Fields - blank}" time="0.091"/>
   <testcase classname="org.elasticsearch.test.rest.RestIT" name="test {p0=indices.stats/11_metric/Metric - multi}" time="0.058"/>
   <testcase classname="org.elasticsearch.test.rest.RestIT" name="test {p0=indices.create/10_basic/Create index with aliases}" time="0.031"/>
   <testcase classname="org.elasticsearch.test.rest.RestIT" name="test {p0=exists/40_routing/Routing}" time="0.038"/>
   <testcase classname="org.elasticsearch.test.rest.RestIT" name="test {p0=termvectors/40_versions/Versions}" time="0.043"/>
   <testcase classname="org.elasticsearch.test.rest.RestIT" name="test {p0=indices.get_mapping/40_aliases/Getting mapping for aliases should return the real index as key}" time="0.033"/>
   <testcase classname="org.elasticsearch.test.rest.RestIT" name="test {p0=nodes.stats/20_response_filtering/Nodes Stats with response filtering}" time="0.014"/>
   <testcase classname="org.elasticsearch.test.rest.RestIT" name="test {p0=cluster.health/10_basic/cluster health basic test, one index}" time="0.027"/>
   <testcase classname="org.elasticsearch.test.rest.RestIT" name="test {p0=indices.validate_query/20_query_string/validate_query with query_string parameters}" time="0.03"/>
   <testcase classname="org.elasticsearch.test.rest.RestIT" name="test {p0=indices.recovery/10_basic/Indices recovery test, wildcard not matching any index}" time="0.027"/>
   <testcase classname="org.elasticsearch.test.rest.RestIT" name="test {p0=termvectors/10_basic/Basic tests for termvector get}" time="0.035"/>
   <testcase classname="org.elasticsearch.test.rest.RestIT" name="test {p0=cluster.put_settings/11_reset/Test reset cluster settings}" time="0.011"/>
   <testcase classname="org.elasticsearch.test.rest.RestIT" name="test {p0=indices.get_alias/10_basic/Get aliases via /{index}/_alias/prefix*}" time="0.06"/>
   <testcase classname="org.elasticsearch.test.rest.RestIT" name="test {p0=indices.stats/12_level/Level - cluster}" time="0.075"/>
   <testcase classname="org.elasticsearch.test.rest.RestIT" name="test {p0=indices.delete_alias/all_path_options/check 404 on no matching alias}" time="0.101"/>
   <testcase classname="org.elasticsearch.test.rest.RestIT" name="test {p0=indices.shard_stores/10_basic/multiple indices test}" time="0.057"/>
   <testcase classname="org.elasticsearch.test.rest.RestIT" name="test {p0=cat.plugins/10_basic/Help}" time="0.003"/>
   <testcase classname="org.elasticsearch.test.rest.RestIT" name="test {p0=indices.put_alias/10_basic/Basic test for put alias}" time="0.035"/>
   <testcase classname="org.elasticsearch.test.rest.RestIT" name="test {p0=info/10_info/Info}" time="0.003"/>
   <testcase classname="org.elasticsearch.test.rest.RestIT" name="test {p0=get/55_parent_with_routing/Parent with routing}" time="0.046"/>
   <testcase classname="org.elasticsearch.test.rest.RestIT" name="test {p0=indices.stats/15_types/Types - multi}" time="0.086"/>
   <testcase classname="org.elasticsearch.test.rest.RestIT" name="test {p0=indices.get_mapping/10_basic/Get /{index}/_mapping/{type,type}}" time="0.072"/>
   <testcase classname="org.elasticsearch.test.rest.RestIT" name="test {p0=indices.shard_stores/10_basic/no indices test}" time="0.007"/>
   <testcase classname="org.elasticsearch.test.rest.RestIT" name="test {p0=update/40_routing/Routing}" time="0.066"/>
   <testcase classname="org.elasticsearch.test.rest.RestIT" name="test {p0=cluster.state/10_basic/cluster state test}" time="0.004"/>
   <testcase classname="org.elasticsearch.test.rest.RestIT" name="test {p0=indices.refresh/10_basic/Indices refresh test empty array}" time="0.065"/>
   <testcase classname="org.elasticsearch.test.rest.RestIT" name="test {p0=indices.stats/11_metric/Metric - _all}" time="0.084"/>
   <testcase classname="org.elasticsearch.test.rest.RestIT" name="test {p0=create/50_parent/Parent}" time="0.04"/>
   <testcase classname="org.elasticsearch.test.rest.RestIT" name="test {p0=indices.update_aliases/10_basic/Basic test for multiple aliases}" time="0.037"/>
   <testcase classname="org.elasticsearch.test.rest.RestIT" name="test {p0=cluster.state/20_filtering/Filtering the cluster state by blocks should return the blocks field even if the response is empty}" time="0.042"/>
   <testcase classname="org.elasticsearch.test.rest.RestIT" name="test {p0=indices.put_settings/all_path_options/put settings in _all index}" time="0.118"/>
   <testcase classname="org.elasticsearch.test.rest.RestIT" name="test {p0=cat.repositories/10_basic/Test cat repositories output}" time="0.022"/>
   <testcase classname="org.elasticsearch.test.rest.RestIT" name="test {p0=indices.get_alias/10_basic/Get aliases via /{index}/_alias/name,name}" time="0.073"/>
   <testcase classname="org.elasticsearch.test.rest.RestIT" name="test {p0=indices.forcemerge/10_basic/Force merge index tests}" time="0.034"/>
   <testcase classname="org.elasticsearch.test.rest.RestIT" name="test {p0=cat.allocation/10_basic/Select columns}" time="0.003"/>
   <testcase classname="org.elasticsearch.test.rest.RestIT" name="test {p0=cluster.state/30_expand_wildcards/Test ignore_unavailable parameter}" time="0.026"/>
   <testcase classname="org.elasticsearch.test.rest.RestIT" name="test {p0=ping/10_ping/Ping}" time="0.002"/>
   <testcase classname="org.elasticsearch.test.rest.RestIT" name="test {p0=indices.get_field_mapping/50_field_wildcards/Get field mapping with wildcarded relative names}" time="0.057"/>
   <testcase classname="org.elasticsearch.test.rest.RestIT" name="test {p0=update/80_fields/Fields}" time="0.042"/>
   <testcase classname="org.elasticsearch.test.rest.RestIT" name="test {p0=update/10_doc/Partial document}" time="0.031"/>
   <testcase classname="org.elasticsearch.test.rest.RestIT" name="test {p0=cluster.reroute/11_explain/Explain API for non-existent node &amp; shard}" time="0.014"/>
   <testcase classname="org.elasticsearch.test.rest.RestIT" name="test {p0=indices.stats/13_fields/Completion - pattern}" time="0.086"/>
   <testcase classname="org.elasticsearch.test.rest.RestIT" name="test {p0=indices.get_aliases/10_basic/Get aliases via /name,name/_aliases/{name}}" time="0.057"/>
   <testcase classname="org.elasticsearch.test.rest.RestIT" name="test {p0=indices.get_field_mapping/20_missing_field/Return empty object if field doesn&apos;t exist, but type and index do}" time="0.024"/>
   <testcase classname="org.elasticsearch.test.rest.RestIT" name="test {p0=snapshot.get_repository/10_basic/Get all repositories}" time="0.01"/>
   <testcase classname="org.elasticsearch.test.rest.RestIT" name="test {p0=indices.stats/13_fields/Completion fields - star}" time="0.086"/>
   <testcase classname="org.elasticsearch.test.rest.RestIT" name="test {p0=indices.get_field_mapping/50_field_wildcards/Get field mapping with * for fields}" time="0.054"/>
   <testcase classname="org.elasticsearch.test.rest.RestIT" name="test {p0=delete/45_parent_with_routing/Parent with routing}" time="0.043"/>
   <testcase classname="org.elasticsearch.test.rest.RestIT" name="test {p0=suggest/30_context/Category suggest context from path should work}" time="0.055"/>
   <testcase classname="org.elasticsearch.test.rest.RestIT" name="test {p0=indices.get_aliases/10_basic/Get all aliases via /{index}/_aliases/}" time="0.057"/>
   <testcase classname="org.elasticsearch.test.rest.RestIT" name="test {p0=indices.analyze/10_analyze/JSON in Body}" time="0.003"/>
   <testcase classname="org.elasticsearch.test.rest.RestIT" name="test {p0=scroll/11_clear/Clear scroll}" time="0.042"/>
   <testcase classname="org.elasticsearch.test.rest.RestIT" name="test {p0=indices.get_settings/10_basic/Get /{index}/_settings/{name,name}}" time="0.044"/>
   <testcase classname="org.elasticsearch.test.rest.RestIT" name="test {p0=indices.get_settings/10_basic/Get /_settings with local flag}" time="0.036"/>
   <testcase classname="org.elasticsearch.test.rest.RestIT" name="test {p0=indices.get_mapping/50_wildcard_expansion/Get test-* with wildcard_expansion=open,closed}" time="0.126"/>
   <testcase classname="org.elasticsearch.test.rest.RestIT" name="test {p0=search/issue9606/Test search_type=query_and_fetch not supported from REST layer}" time="0.047"/>
   <testcase classname="org.elasticsearch.test.rest.RestIT" name="test {p0=cluster.health/20_request_timeout/cluster health request timeout}" time="1.005"/>
   <testcase classname="org.elasticsearch.test.rest.RestIT" name="test {p0=mget/60_realtime_refresh/Realtime Refresh}" time="0.047"/>
   <testcase classname="org.elasticsearch.test.rest.RestIT" name="test {p0=indices.stats/10_index/Index - multi-index}" time="0.059"/>
   <testcase classname="org.elasticsearch.test.rest.RestIT" name="test {p0=indices.stats/15_types/Types - star}" time="0.055"/>
   <testcase classname="org.elasticsearch.test.rest.RestIT" name="test {p0=suggest/20_completion/Suggestions with payload fields should work}" time="0.066"/>
   <testcase classname="org.elasticsearch.test.rest.RestIT" name="test {p0=indices.get_alias/10_basic/Getting alias on an non-existent index should return 404}" time="0.059"/>
   <testcase classname="org.elasticsearch.test.rest.RestIT" name="test {p0=get/30_parent/Parent}" time="0.034"/>
   <testcase classname="org.elasticsearch.test.rest.RestIT" name="test {p0=indices.put_mapping/all_path_options/put mapping with missing type}" time="0.074"/>
   <testcase classname="org.elasticsearch.test.rest.RestIT" name="test {p0=indices.update_aliases/10_basic/Basic test for aliases}" time="0.031"/>
   <testcase classname="org.elasticsearch.test.rest.RestIT" name="test {p0=suggest/20_completion/Multiple Completion fields should work}" time="0.038"/>
   <testcase classname="org.elasticsearch.test.rest.RestIT" name="test {p0=get_source/55_parent_with_routing/Parent with routing}" time="0.032"/>
   <testcase classname="org.elasticsearch.test.rest.RestIT" name="test {p0=exists/10_basic/Basic}" time="0.035"/>
   <testcase classname="org.elasticsearch.test.rest.RestIT" name="test {p0=field_stats/10_basics/Basic field stats with level set to indices}" time="0.039"/>
   <testcase classname="org.elasticsearch.test.rest.RestIT" name="test {p0=cluster.reroute/20_response_filtering/return metadata if requested}" time="0.002"/>
   <testcase classname="org.elasticsearch.test.rest.RestIT" name="test {p0=indices.delete_alias/all_path_options/check delete with index list and wildcard aliases}" time="0.081"/>
   <testcase classname="org.elasticsearch.test.rest.RestIT" name="test {p0=update/20_doc_upsert/Doc upsert}" time="0.036"/>
   <testcase classname="org.elasticsearch.test.rest.RestIT" name="test {p0=indices.analyze/10_analyze/Detail output spcified attribute}" time="0.026"/>
   <testcase classname="org.elasticsearch.test.rest.RestIT" name="test {p0=indices.stats/10_index/Index - star}" time="0.056"/>
   <testcase classname="org.elasticsearch.test.rest.RestIT" name="test {p0=index/35_external_version/External version}" time="0.027"/>
   <testcase classname="org.elasticsearch.test.rest.RestIT" name="test {p0=snapshot.get_repository/10_basic/Get all repositories with local flag}" time="0.009"/>
   <testcase classname="org.elasticsearch.test.rest.RestIT" name="test {p0=cat.segments/10_basic/Test cat segments on closed index behaviour}" time="0.013"/>
   <testcase classname="org.elasticsearch.test.rest.RestIT" name="test {p0=create/60_refresh/Refresh}" time="0.052"/>
   <testcase classname="org.elasticsearch.test.rest.RestIT" name="test {p0=mget/70_source_filtering/Source filtering -  include field}" time="0.027"/>
   <testcase classname="org.elasticsearch.test.rest.RestIT" name="test {p0=search/test_sig_terms/Default index}" time="0.054"/>
   <testcase classname="org.elasticsearch.test.rest.RestIT" name="test {p0=indices.get_alias/10_basic/Get aliases via /{index}/_alias/*}" time="0.051"/>
   <testcase classname="org.elasticsearch.test.rest.RestIT" name="test {p0=cat.health/10_basic/Empty cluster}" time="0.003"/>
   <testcase classname="org.elasticsearch.test.rest.RestIT" name="test {p0=search/80_date_math_index_names/Missing index with catch}" time="0.005"/>
   <testcase classname="org.elasticsearch.test.rest.RestIT" name="test {p0=get/70_source_filtering/Source filtering}" time="0.034"/>
   <testcase classname="org.elasticsearch.test.rest.RestIT" name="test {p0=mlt/10_basic/Basic mlt}" time="0.035"/>
   <testcase classname="org.elasticsearch.test.rest.RestIT" name="test {p0=indices.clear_cache/10_basic/clear_cache test}" time="0.003"/>
   <testcase classname="org.elasticsearch.test.rest.RestIT" name="test {p0=indices.put_mapping/all_path_options/put mapping in list of indices}" time="0.084"/>
   <testcase classname="org.elasticsearch.test.rest.RestIT" name="test {p0=indices.get_mapping/10_basic/Get /index,index/_mapping/{type}}" time="0.052"/>
   <testcase classname="org.elasticsearch.test.rest.RestIT" name="test {p0=indices.stats/14_groups/Groups - pattern}" time="0.031"/>
   <testcase classname="org.elasticsearch.test.rest.RestIT" name="test {p0=cat.allocation/10_basic/Help}" time="0.002"/>
   <testcase classname="org.elasticsearch.test.rest.RestIT" name="test {p0=mget/11_default_index_type/Default index/type}" time="0.048"/>
   <testcase classname="org.elasticsearch.test.rest.RestIT" name="test {p0=indices.put_mapping/all_path_options/put mapping in _all index}" time="0.08"/>
   <testcase classname="org.elasticsearch.test.rest.RestIT" name="test {p0=indices.exists_type/10_basic/Exists type}" time="0.029"/>
   <testcase classname="org.elasticsearch.test.rest.RestIT" name="test {p0=update/50_parent/Parent}" time="0.03"/>
   <testcase classname="org.elasticsearch.test.rest.RestIT" name="test {p0=indices.stats/14_groups/Groups - blank}" time="0.034"/>
   <testcase classname="org.elasticsearch.test.rest.RestIT" name="test {p0=mget/70_source_filtering/Source filtering -  ids and include field}" time="0.039"/>
   <testcase classname="org.elasticsearch.test.rest.RestIT" name="test {p0=cat.repositories/10_basic/Help}" time="0.003"/>
   <testcase classname="org.elasticsearch.test.rest.RestIT" name="test {p0=get/90_versions/Versions}" time="0.033"/>
   <testcase classname="org.elasticsearch.test.rest.RestIT" name="test {p0=exists/60_realtime_refresh/Realtime Refresh}" time="0.033"/>
   <testcase classname="org.elasticsearch.test.rest.RestIT" name="test {p0=update/60_refresh/Refresh}" time="0.041"/>
   <testcase classname="org.elasticsearch.test.rest.RestIT" name="test {p0=indices.get_mapping/10_basic/Get /{index}/_mapping/{type}}" time="0.048"/>
   <testcase classname="org.elasticsearch.test.rest.RestIT" name="test {p0=indices.get_template/10_basic/Get template with flat settings and master timeout}" time="0.006"/>
   <testcase classname="org.elasticsearch.test.rest.RestIT" name="test {p0=create/75_ttl/TTL}" time="0.038"/>
   <testcase classname="org.elasticsearch.test.rest.RestIT" name="test {p0=indices.get_template/10_basic/Get template}" time="0.005"/>
   <testcase classname="org.elasticsearch.test.rest.RestIT" name="test {p0=cat.segments/10_basic/Test cat segments output}" time="0.06"/>
   <testcase classname="org.elasticsearch.test.rest.RestIT" name="test {p0=cluster.pending_tasks/10_basic/Test pending tasks with local flag}" time="0.002"/>
   <testcase classname="org.elasticsearch.test.rest.RestIT" name="test {p0=indices.update_aliases/20_routing/Search Routing}" time="0.031"/>
   <testcase classname="org.elasticsearch.test.rest.RestIT" name="test {p0=indices.get_aliases/10_basic/Get aliases via /*/_aliases/{name}}" time="0.068"/>
   <testcase classname="org.elasticsearch.test.rest.RestIT" name="test {p0=indices.delete_alias/all_path_options/check setup}" time="0.085"/>
   <testcase classname="org.elasticsearch.test.rest.RestIT" name="test {p0=indices.get/10_basic/Should return test_index_2 and test_index_3 if expand_wildcards=open,closed}" time="0.047"/>
   <testcase classname="org.elasticsearch.test.rest.RestIT" name="test {p0=indices.stats/15_types/Types - _all metric}" time="0.061"/>
   <testcase classname="org.elasticsearch.test.rest.RestIT" name="test {p0=index/37_force_version/Force version}" time="0.037"/>
   <testcase classname="org.elasticsearch.test.rest.RestIT" name="test {p0=indices.stats/12_level/Level - shards}" time="0.072"/>
   <testcase classname="org.elasticsearch.test.rest.RestIT" name="test {p0=indices.get_mapping/10_basic/Get /_all/_mapping/{type}}" time="0.057"/>
   <testcase classname="org.elasticsearch.test.rest.RestIT" name="test {p0=indices.put_template/10_basic/Put template create}" time="0.008"/>
   <testcase classname="org.elasticsearch.test.rest.RestIT" name="test {p0=indices.stats/13_fields/Fielddata fields - one}" time="0.082"/>
   <testcase classname="org.elasticsearch.test.rest.RestIT" name="test {p0=indices.stats/15_types/Types - indexing metric}" time="0.054"/>
   <testcase classname="org.elasticsearch.test.rest.RestIT" name="test {p0=cat.allocation/10_basic/One index}" time="0.031"/>
   <testcase classname="org.elasticsearch.test.rest.RestIT" name="test {p0=explain/20_source_filtering/Source filtering}" time="0.052"/>
   <testcase classname="org.elasticsearch.test.rest.RestIT" name="test {p0=bulk/30_big_string/One big string}" time="0.052"/>
   <testcase classname="org.elasticsearch.test.rest.RestIT" name="test {p0=indices.get_mapping/10_basic/Get /{index}/_mapping/*}" time="0.053"/>
   <testcase classname="org.elasticsearch.test.rest.RestIT" name="test {p0=cat.count/10_basic/Test cat count help}" time="0.002"/>
   <testcase classname="org.elasticsearch.test.rest.RestIT" name="test {p0=indices.put_settings/all_path_options/put settings in blank index}" time="0.089"/>
   <testcase classname="org.elasticsearch.test.rest.RestIT" name="test {p0=indices.get_alias/10_basic/Get aliases via /*/_alias/{name}}" time="0.055"/>
   <testcase classname="org.elasticsearch.test.rest.RestIT" name="test {p0=indices.get_field_mapping/50_field_wildcards/Get field mapping with t* for fields}" time="0.048"/>
   <testcase classname="org.elasticsearch.test.rest.RestIT" name="test {p0=indices.get_alias/10_basic/Get aliases via /_alias/{name}}" time="0.052"/>
   <testcase classname="org.elasticsearch.test.rest.RestIT" name="test {p0=indices.put_template/10_basic/Put template with aliases}" time="0.006"/>
   <testcase classname="org.elasticsearch.test.rest.RestIT" name="test {p0=get/50_with_headers/REST test with headers}" time="0.047"/>
   <testcase classname="org.elasticsearch.test.rest.RestIT" name="test {p0=suggest/20_completion/Suggestion entry should work}" time="0.05"/>
   <testcase classname="org.elasticsearch.test.rest.RestIT" name="test {p0=indices.get/10_basic/Get index infos for mappings only}" time="0.048"/>
   <testcase classname="org.elasticsearch.test.rest.RestIT" name="test {p0=indices.get_mapping/10_basic/Get /_mapping}" time="0.052"/>
   <testcase classname="org.elasticsearch.test.rest.RestIT" name="test {p0=scroll/10_basic/Basic scroll}" time="0.058"/>
   <testcase classname="org.elasticsearch.test.rest.RestIT" name="test {p0=indices.get_alias/10_basic/Existent and non-existent alias returns just the existing}" time="0.053"/>
   <testcase classname="org.elasticsearch.test.rest.RestIT" name="test {p0=index/36_external_gte_version/External GTE version}" time="0.04"/>
   <testcase classname="org.elasticsearch.test.rest.RestIT" name="test {p0=update/30_internal_version/Internal version}" time="0.032"/>
   <testcase classname="org.elasticsearch.test.rest.RestIT" name="test {p0=indices.stats/13_fields/Fields - one}" time="0.079"/>
   <testcase classname="org.elasticsearch.test.rest.RestIT" name="test {p0=indices.update_aliases/20_routing/Search, Default Routing}" time="0.033"/>
   <testcase classname="org.elasticsearch.test.rest.RestIT" name="test {p0=cluster.reroute/20_response_filtering/Do not return metadata by default}" time="0.003"/>
   <testcase classname="org.elasticsearch.test.rest.RestIT" name="test {p0=indices.get_settings/10_basic/Get /_all/_settings/{name}}" time="0.045"/>
   <testcase classname="org.elasticsearch.test.rest.RestIT" name="test {p0=explain/10_basic/Explain body without query element}" time="0.041"/>
   <testcase classname="org.elasticsearch.test.rest.RestIT" name="test {p0=mlt/20_docs/Basic mlt query with docs}" time="0.052"/>
   <testcase classname="org.elasticsearch.test.rest.RestIT" name="test {p0=cluster.state/30_expand_wildcards/Test allow_no_indices parameter}" time="0.021"/>
   <testcase classname="org.elasticsearch.test.rest.RestIT" name="test {p0=indices.put_mapping/all_path_options/post a mapping with default analyzer twice}" time="0.087"/>
   <testcase classname="org.elasticsearch.test.rest.RestIT" name="test {p0=indices.get_field_mapping/50_field_wildcards/Get field mapping should work using &apos;*&apos; for indices and types}" time="0.058"/>
   <testcase classname="org.elasticsearch.test.rest.RestIT" name="test {p0=indices.get_aliases/10_basic/Get aliases via /pref*/_aliases/{name}}" time="0.06"/>
   <testcase classname="org.elasticsearch.test.rest.RestIT" name="test {p0=index/50_parent/Parent}" time="0.036"/>
   <testcase classname="org.elasticsearch.test.rest.RestIT" name="test {p0=delete/26_external_gte_version/External GTE version}" time="0.037"/>
   <testcase classname="org.elasticsearch.test.rest.RestIT" name="test {p0=index/15_without_id/Index without ID}" time="0.035"/>
   <testcase classname="org.elasticsearch.test.rest.RestIT" name="test {p0=update/22_doc_as_upsert/Doc as upsert}" time="0.033"/>
   <testcase classname="org.elasticsearch.test.rest.RestIT" name="test {p0=indices.update_aliases/20_routing/Index Routing}" time="0.032"/>
   <testcase classname="org.elasticsearch.test.rest.RestIT" name="test {p0=get/10_basic/Basic}" time="0.027"/>
   <testcase classname="org.elasticsearch.test.rest.RestIT" name="test {p0=indices.delete_alias/all_path_options/check delete with * index}" time="0.082"/>
   <testcase classname="org.elasticsearch.test.rest.RestIT" name="test {p0=mget/70_source_filtering/Source filtering -  exclude field}" time="0.037"/>
   <testcase classname="org.elasticsearch.test.rest.RestIT" name="test {p0=cat.allocation/10_basic/Column headers}" time="0.003"/>
   <testcase classname="org.elasticsearch.test.rest.RestIT" name="test {p0=mget/40_routing/Routing}" time="0.029"/>
   <testcase classname="org.elasticsearch.test.rest.RestIT" name="test {p0=indices.get_settings/10_basic/Get /index,index/_settings/{name}}" time="0.059"/>
   <testcase classname="org.elasticsearch.test.rest.RestIT" name="test {p0=indices.stats/10_index/Index - all}" time="0.063"/>
   <testcase classname="org.elasticsearch.test.rest.RestIT" name="test {p0=cat.allocation/10_basic/Empty cluster}" time="0.003"/>
   <testcase classname="org.elasticsearch.test.rest.RestIT" name="test {p0=indices.get/10_basic/Should return empty object if allow_no_indices}" time="0.043"/>
   <testcase classname="org.elasticsearch.test.rest.RestIT" name="test {p0=indices.shard_stores/10_basic/basic index test}" time="0.023"/>
   <testcase classname="org.elasticsearch.test.rest.RestIT" name="test {p0=create/10_with_id/Create with ID}" time="0.035"/>
   <testcase classname="org.elasticsearch.test.rest.RestIT" name="test {p0=exists/30_parent/Parent}" time="0.03"/>
   <testcase classname="org.elasticsearch.test.rest.RestIT" name="test {p0=indices.get_settings/10_basic/Get /*/_settings/{name}}" time="0.033"/>
   <testcase classname="org.elasticsearch.test.rest.RestIT" name="test {p0=index/20_optype/Optype}" time="0.03"/>
   <testcase classname="org.elasticsearch.test.rest.RestIT" name="test {p0=cat.snapshots/10_basic/Test cat snapshots output}" time="0.044"/>
   <testcase classname="org.elasticsearch.test.rest.RestIT" name="test {p0=indices.recovery/10_basic/Indices recovery test}" time="0.027"/>
   <testcase classname="org.elasticsearch.test.rest.RestIT" name="test {p0=count/20_query_string/count with query_string parameters}" time="0.048"/>
   <testcase classname="org.elasticsearch.test.rest.RestIT" name="test {p0=indices.stats/13_fields/Fielddata fields - star}" time="0.078"/>
   <testcase classname="org.elasticsearch.test.rest.RestIT" name="test {p0=index/40_routing/Routing}" time="0.029"/>
   <testcase classname="org.elasticsearch.test.rest.RestIT" name="test {p0=cluster.health/10_basic/cluster health levels}" time="0.03"/>
   <testcase classname="org.elasticsearch.test.rest.RestIT" name="test {p0=indices.create/10_basic/Create index with settings}" time="0.019"/>
   <testcase classname="org.elasticsearch.test.rest.RestIT" name="test {p0=indices.segments/10_basic/closed segments test}" time="0.024"/>
   <testcase classname="org.elasticsearch.test.rest.RestIT" name="test {p0=indices.get_aliases/10_basic/Non-existent alias on an existing index returns matching indcies}" time="0.052"/>
   <testcase classname="org.elasticsearch.test.rest.RestIT" name="test {p0=indices.put_mapping/10_basic/Test Create and update mapping}" time="0.027"/>
   <testcase classname="org.elasticsearch.test.rest.RestIT" name="test {p0=cluster.state/20_filtering/Filtering the cluster state by routing nodes only should work}" time="0.044"/>
   <testcase classname="org.elasticsearch.test.rest.RestIT" name="test {p0=search/10_source_filtering/Source filtering}" time="0.057"/>
   <testcase classname="org.elasticsearch.test.rest.RestIT" name="test {p0=indices.stats/13_fields/Completion - all metric}" time="0.08"/>
   <testcase classname="org.elasticsearch.test.rest.RestIT" name="test {p0=termvectors/30_realtime/Realtime Term Vectors}" time="0.033"/>
   <testcase classname="org.elasticsearch.test.rest.RestIT" name="test {p0=indices.get_settings/10_basic/Get /{index}/_settings}" time="0.039"/>
   <testcase classname="org.elasticsearch.test.rest.RestIT" name="test {p0=cat.fielddata/10_basic/Help}" time="0.002"/>
   <testcase classname="org.elasticsearch.test.rest.RestIT" name="test {p0=get/80_missing/Missing document with catch}" time="0.003"/>
   <testcase classname="org.elasticsearch.test.rest.RestIT" name="test {p0=update/50_parent/Parent omitted}" time="0.026"/>
   <testcase classname="org.elasticsearch.test.rest.RestIT" name="test {p0=cat.aliases/10_basic/Alias name}" time="0.031"/>
   <testcase classname="org.elasticsearch.test.rest.RestIT" name="test {p0=scroll/10_basic/Body params override query string}" time="0.057"/>
   <testcase classname="org.elasticsearch.test.rest.RestIT" name="test {p0=mget/15_ids/IDs}" time="0.04"/>
   <testcase classname="org.elasticsearch.test.rest.RestIT" name="test {p0=cat.nodes/10_basic/Test cat nodes output}" time="0.009"/>
   <testcase classname="org.elasticsearch.test.rest.RestIT" name="test {p0=cluster.reroute/10_basic/Basic sanity check}" time="0.003"/>
   <testcase classname="org.elasticsearch.test.rest.RestIT" name="test {p0=termvectors/20_issue7121/Term vector API should return &apos;found: false&apos; for docs between index and refresh}" time="0.017"/>
   <testcase classname="org.elasticsearch.test.rest.RestIT" name="test {p0=indices.get_alias/10_basic/Get specific alias via /{index}/_alias/{name}}" time="0.049"/>
   <testcase classname="org.elasticsearch.test.rest.RestIT" name="test {p0=cat.aliases/10_basic/Select columns}" time="0.036"/>
   <testcase classname="org.elasticsearch.test.rest.RestIT" name="test {p0=field_stats/10_basics/Basic field stats}" time="0.041"/>
   <testcase classname="org.elasticsearch.test.rest.RestIT" name="test {p0=cluster.state/20_filtering/Filtering the cluster state by indices should work in routing table and metadata}" time="0.07"/>
   <testcase classname="org.elasticsearch.test.rest.RestIT" name="test {p0=indices.get/10_basic/Get index infos should work on aliases}" time="0.052"/>
   <testcase classname="org.elasticsearch.test.rest.RestIT" name="test {p0=indices.stats/13_fields/Fields - multi metric}" time="0.08"/>
   <testcase classname="org.elasticsearch.test.rest.RestIT" name="test {p0=indices.stats/13_fields/Completion - one metric}" time="0.061"/>
   <testcase classname="org.elasticsearch.test.rest.RestIT" name="test {p0=indices.update_aliases/20_routing/Numeric Routing}" time="0.03"/>
   <testcase classname="org.elasticsearch.test.rest.RestIT" name="test {p0=indices.flush/10_basic/Index synced flush rest test}" time="0.037"/>
   <testcase classname="org.elasticsearch.test.rest.RestIT" name="test {p0=indices.stats/14_groups/Groups - search metric}" time="0.031"/>
   <testcase classname="org.elasticsearch.test.rest.RestIT" name="test {p0=indices.upgrade/10_basic/Basic test for upgrade indices}" time="0.043"/>
   <testcase classname="org.elasticsearch.test.rest.RestIT" name="test {p0=search/20_default_values/Basic search}" time="0.071"/>
   <testcase classname="org.elasticsearch.test.rest.RestIT" name="test {p0=indices.get_aliases/10_basic/Get all aliases via /_aliases}" time="0.062"/>
   <testcase classname="org.elasticsearch.test.rest.RestIT" name="test {p0=indices.stats/15_types/Types - pattern}" time="0.065"/>
   <testcase classname="org.elasticsearch.test.rest.RestIT" name="test {p0=indices.get_settings/10_basic/Get /{index}/_settings/{name*}}" time="0.043"/>
   <testcase classname="org.elasticsearch.test.rest.RestIT" name="test {p0=cat.shards/10_basic/Test cat shards output}" time="0.16"/>
   <testcase classname="org.elasticsearch.test.rest.RestIT" name="test {p0=indices.delete_alias/all_path_options/check delete with blank index and blank alias}" time="0.085"/>
   <testcase classname="org.elasticsearch.test.rest.RestIT" name="test {p0=mlt/30_unlike/Basic mlt query with unlike}" time="0.052"/>
   <testcase classname="org.elasticsearch.test.rest.RestIT" name="test {p0=indices.get/10_basic/Missing index should throw an Error}" time="0.05"/>
   <testcase classname="org.elasticsearch.test.rest.RestIT" name="test {p0=indices.put_settings/10_basic/Test indices settings ignore_unavailable}" time="0.027"/>
   <testcase classname="org.elasticsearch.test.rest.RestIT" name="test {p0=indices.get_aliases/10_basic/Get specific alias via /{index}/_aliases/{name}}" time="0.064"/>
   <testcase classname="org.elasticsearch.test.rest.RestIT" name="test {p0=delete/30_routing/Routing}" time="0.036"/>
   <testcase classname="org.elasticsearch.test.rest.RestIT" name="test {p0=indices.stats/13_fields/Fields - _all metric}" time="0.082"/>
   <testcase classname="org.elasticsearch.test.rest.RestIT" name="test {p0=index/60_refresh/Refresh}" time="0.05"/>
   <testcase classname="org.elasticsearch.test.rest.RestIT" name="test {p0=indices.delete_alias/all_path_options/check delete with index list and _all aliases}" time="0.095"/>
   <testcase classname="org.elasticsearch.test.rest.RestIT" name="test {p0=indices.get_field_mapping/10_basic/Get field mapping by type &amp; field}" time="0.027"/>
   <testcase classname="org.elasticsearch.test.rest.RestIT" name="test {p0=cat.thread_pool/10_basic/Test cat thread_pool output}" time="0.034"/>
   <testcase classname="org.elasticsearch.test.rest.RestIT" name="test {p0=indices.get_field_mapping/40_missing_index/Raise 404 when index doesn&apos;t exist}" time="0.003"/>
   <testcase classname="org.elasticsearch.test.rest.RestIT" name="test {p0=indices.open/10_basic/Basic test for index open/close}" time="0.048"/>
   <testcase classname="org.elasticsearch.test.rest.RestIT" name="test {p0=indices.open/20_multiple_indices/Only wildcard}" time="0.161"/>
   <testcase classname="org.elasticsearch.test.rest.RestIT" name="test {p0=create/55_parent_with_routing/Parent with routing}" time="0.035"/>
   <testcase classname="org.elasticsearch.test.rest.RestIT" name="test {p0=indices.put_settings/all_path_options/put settings in list of indices}" time="0.003">
      <skipped></skipped>
   </testcase>
   <testcase classname="org.elasticsearch.test.rest.RestIT" name="test {p0=indices.get_field_mapping/50_field_wildcards/Get field mapping should work using comma_separated values for indices and types}" time="0.06"/>
   <testcase classname="org.elasticsearch.test.rest.RestIT" name="test {p0=search/20_default_values/Search body without query element}" time="0.076"/>
   <testcase classname="org.elasticsearch.test.rest.RestIT" name="test {p0=indices.create/10_basic/Create index with mappings}" time="0.03"/>
   <testcase classname="org.elasticsearch.test.rest.RestIT" name="test {p0=indices.validate_query/10_basic/Validate body without query element}" time="0.03"/>
   <testcase classname="org.elasticsearch.test.rest.RestIT" name="test {p0=search.aggregation/10_histogram/Format test}" time="0.05"/>
   <testcase classname="org.elasticsearch.test.rest.RestIT" name="test {p0=cluster.state/20_filtering/Filtering the cluster state using _all for indices and metrics should work}" time="0.042"/>
   <testcase classname="org.elasticsearch.test.rest.RestIT" name="test {p0=indices.get_alias/10_basic/Get alias with local flag}" time="0.058"/>
   <testcase classname="org.elasticsearch.test.rest.RestIT" name="test {p0=cat.fielddata/10_basic/Test cat fielddata output}" time="0.055"/>
   <testcase classname="org.elasticsearch.test.rest.RestIT" name="test {p0=delete/60_missing/Missing document with catch}" time="0.03"/>
   <testcase classname="org.elasticsearch.test.rest.RestIT" name="test {p0=indices.get_settings/10_basic/Get /index*/_settings/{name}}" time="0.041"/>
   <testcase classname="org.elasticsearch.test.rest.RestIT" name="test {p0=search/issue9606/Test search_type=dfs_query_and_fetch not supported from REST layer}" time="0.038"/>
   <testcase classname="org.elasticsearch.test.rest.RestIT" name="test {p0=get/40_routing/Routing}" time="0.028"/>
   <testcase classname="org.elasticsearch.test.rest.RestIT" name="test {p0=get_source/60_realtime_refresh/Realtime}" time="0.036"/>
   <testcase classname="org.elasticsearch.test.rest.RestIT" name="test {p0=indices.exists/20_read_only_index/Test indices.exists on a read only index}" time="0.027"/>
   <testcase classname="org.elasticsearch.test.rest.RestIT" name="test {p0=indices.get_settings/10_basic/Get /_settings/{name}}" time="0.041"/>
   <testcase classname="org.elasticsearch.test.rest.RestIT" name="test {p0=indices.stats/12_level/Level - indices}" time="0.061"/>
   <testcase classname="org.elasticsearch.test.rest.RestIT" name="test {p0=cat.shards/10_basic/Help}" time="0.004"/>
   <testcase classname="org.elasticsearch.test.rest.RestIT" name="test {p0=tasks.list/10_basic/tasks_list test}" time="0.004"/>
   <testcase classname="org.elasticsearch.test.rest.RestIT" name="test {p0=percolate/19_nested/Test multi percolate}" time="0.059"/>
   <testcase classname="org.elasticsearch.test.rest.RestIT" name="test {p0=indices.put_alias/all_path_options/put alias in _all index}" time="0.093"/>
   <testcase classname="org.elasticsearch.test.rest.RestIT" name="test {p0=nodes.stats/10_basic/Nodes stats}" time="0.003"/>
   <testcase classname="org.elasticsearch.test.rest.RestIT" name="test {p0=exists/70_defaults/Client-side default type}" time="0.034"/>
   <testcase classname="org.elasticsearch.test.rest.RestIT" name="test {p0=indices.stats/10_index/Index - blank}" time="0.056"/>
   <testcase classname="org.elasticsearch.test.rest.RestIT" name="test {p0=indices.stats/14_groups/Groups - multi metric}" time="0.028"/>
   <testcase classname="org.elasticsearch.test.rest.RestIT" name="test {p0=cat.segments/10_basic/Help}" time="0.002"/>
   <testcase classname="org.elasticsearch.test.rest.RestIT" name="test {p0=suggest/30_context/Simple context suggestion should work}" time="0.058"/>
   <testcase classname="org.elasticsearch.test.rest.RestIT" name="test {p0=indices.get_alias/10_basic/Get aliases via /name,name/_alias/{name}}" time="0.052"/>
   <testcase classname="org.elasticsearch.test.rest.RestIT" name="test {p0=indices.put_settings/11_reset/Test reset index settings}" time="0.032"/>
   <testcase classname="org.elasticsearch.test.rest.RestIT" name="test {p0=create/30_internal_version/Internal version}" time="0.027"/>
   <testcase classname="org.elasticsearch.test.rest.RestIT" name="test {p0=field_stats/10_basics/Field stats both source and fields}" time="0.003"/>
   <testcase classname="org.elasticsearch.test.rest.RestIT" name="test {p0=suggest/20_completion/Simple suggestion array should work}" time="0.033"/>
   <testcase classname="org.elasticsearch.test.rest.RestIT" name="test {p0=mget/12_non_existent_index/Non-existent index}" time="0.029"/>
   <testcase classname="org.elasticsearch.test.rest.RestIT" name="test {p0=bulk/20_list_of_strings/List of strings}" time="0.04"/>
   <testcase classname="org.elasticsearch.test.rest.RestIT" name="test {p0=indices.get_mapping/50_wildcard_expansion/Get test-* with wildcard_expansion=none}" time="0.11"/>
   <testcase classname="org.elasticsearch.test.rest.RestIT" name="test {p0=indices.stats/13_fields/Fielddata fields - multi}" time="0.071"/>
   <testcase classname="org.elasticsearch.test.rest.RestIT" name="test {p0=cat.nodeattrs/10_basic/Help}" time="0.002"/>
   <system-out><![CDATA[[2016-04-18 03:08:19,720][ERROR][org.elasticsearch.test.rest.client] Adding header Content-Type
[2016-04-18 03:08:19,720][ERROR][org.elasticsearch.test.rest.client]  with value application/yaml
]]></system-out>
   <system-err><![CDATA[]]></system-err>
</testsuite>