<testsuite errors="0" failures="0" tests="10" skipped="0" name="org.elasticsearch.discovery.zen.publish.PublishClusterStateActionTests" hostname="nohost.nodomain" time="0.204" timestamp="2016-03-29T17:26:50">
   <properties class="java.util.ArrayList">
      <property name="awt.toolkit" value="sun.lwawt.macosx.LWCToolkit"/>
      <property name="es.logger.level" value="WARN"/>
      <property name="file.encoding" value="UTF-8"/>
      <property name="file.encoding.pkg" value="sun.io"/>
      <property name="file.separator" value="/"/>
      <property name="ftp.nonProxyHosts" value="local|*.local|169.254/16|*.169.254/16"/>
      <property name="gopherProxySet" value="false"/>
      <property name="http.nonProxyHosts" value="local|*.local|169.254/16|*.169.254/16"/>
      <property name="java.awt.graphicsenv" value="sun.awt.CGraphicsEnvironment"/>
      <property name="java.awt.headless" value="true"/>
      <property name="java.awt.printerjob" value="sun.lwawt.macosx.CPrinterJob"/>
      <property name="java.class.path" value="/Users/ogbonnayacngwu/CSE2410_spring2016_projectileDysfunction/core/build/classes/test:/Users/ogbonnayacngwu/CSE2410_spring2016_projectileDysfunction/core/build/resources/test:/Users/ogbonnayacngwu/CSE2410_spring2016_projectileDysfunction/core/build/classes/main:/Users/ogbonnayacngwu/CSE2410_spring2016_projectileDysfunction/core/build/resources/main:/Users/ogbonnayacngwu/.gradle/caches/modules-2/files-2.1/org.apache.lucene/lucene-core/5.5.0-snapshot-1721183/f6854c65c7f4c6d9de583f4daa4fd3ae8a3800f1/lucene-core-5.5.0-snapshot-1721183.jar:/Users/ogbonnayacngwu/.gradle/caches/modules-2/files-2.1/org.apache.lucene/lucene-analyzers-common/5.5.0-snapshot-1721183/69e187ef1d2d9c9570363eb4186821e0341df5b8/lucene-analyzers-common-5.5.0-snapshot-1721183.jar:/Users/ogbonnayacngwu/.gradle/caches/modules-2/files-2.1/org.apache.lucene/lucene-backward-codecs/5.5.0-snapshot-1721183/fa00a45ff9bc6a4df44db81f2e4e44ea94bf88e/lucene-backward-codecs-5.5.0-snapshot-1721183.jar:/Users/ogbonnayacngwu/.gradle/caches/modules-2/files-2.1/org.apache.lucene/lucene-grouping/5.5.0-snapshot-1721183/e996e6c723eb415ba2cfa7f5e98bbf194a4918dd/lucene-grouping-5.5.0-snapshot-1721183.jar:/Users/ogbonnayacngwu/.gradle/caches/modules-2/files-2.1/org.apache.lucene/lucene-highlighter/5.5.0-snapshot-1721183/3b7a5d97b10885f16eb53deb15d64c942b9f9fdb/lucene-highlighter-5.5.0-snapshot-1721183.jar:/Users/ogbonnayacngwu/.gradle/caches/modules-2/files-2.1/org.apache.lucene/lucene-join/5.5.0-snapshot-1721183/e4dda3eeb76e340aa4713a3b20d68c4a1504e505/lucene-join-5.5.0-snapshot-1721183.jar:/Users/ogbonnayacngwu/.gradle/caches/modules-2/files-2.1/org.apache.lucene/lucene-memory/5.5.0-snapshot-1721183/800442a5d7612ce4c8748831871b4d436a50554e/lucene-memory-5.5.0-snapshot-1721183.jar:/Users/ogbonnayacngwu/.gradle/caches/modules-2/files-2.1/org.apache.lucene/lucene-misc/5.5.0-snapshot-1721183/bdf184de9b5773c7af3ae908af78eeb1e512470c/lucene-misc-5.5.0-snapshot-1721183.jar:/Users/ogbonnayacngwu/.gradle/caches/modules-2/files-2.1/org.apache.lucene/lucene-queries/5.5.0-snapshot-1721183/fc59de52bd2c7e420edfd235723cb8b0dd44e92d/lucene-queries-5.5.0-snapshot-1721183.jar:/Users/ogbonnayacngwu/.gradle/caches/modules-2/files-2.1/org.apache.lucene/lucene-queryparser/5.5.0-snapshot-1721183/1d341e6a4f11f3170773ccffdbe6815b45967e3d/lucene-queryparser-5.5.0-snapshot-1721183.jar:/Users/ogbonnayacngwu/.gradle/caches/modules-2/files-2.1/org.apache.lucene/lucene-sandbox/5.5.0-snapshot-1721183/a1b02c2b595ac92f45f0d2be03841a3a7fcae1f1/lucene-sandbox-5.5.0-snapshot-1721183.jar:/Users/ogbonnayacngwu/.gradle/caches/modules-2/files-2.1/org.apache.lucene/lucene-spatial/5.5.0-snapshot-1721183/e3ea422b56734329fb6974e9cf9f66478adb5793/lucene-spatial-5.5.0-snapshot-1721183.jar:/Users/ogbonnayacngwu/.gradle/caches/modules-2/files-2.1/org.apache.lucene/lucene-spatial3d/5.5.0-snapshot-1721183/5eadbd4e63120b59ab6445e39489205f98420471/lucene-spatial3d-5.5.0-snapshot-1721183.jar:/Users/ogbonnayacngwu/.gradle/caches/modules-2/files-2.1/org.apache.lucene/lucene-suggest/5.5.0-snapshot-1721183/a336287e65d082535f02a8427666dbe46b1b9b74/lucene-suggest-5.5.0-snapshot-1721183.jar:/Users/ogbonnayacngwu/.gradle/caches/modules-2/files-2.1/org.elasticsearch/securesm/1.0/c0c6cf986ba0057390bfcc80c366a0e3157f944b/securesm-1.0.jar:/Users/ogbonnayacngwu/.gradle/caches/modules-2/files-2.1/commons-cli/commons-cli/1.3.1/1303efbc4b181e5a58bf2e967dc156a3132b97c0/commons-cli-1.3.1.jar:/Users/ogbonnayacngwu/.gradle/caches/modules-2/files-2.1/com.carrotsearch/hppc/0.7.1/8b5057f74ea378c0150a1860874a3ebdcb713767/hppc-0.7.1.jar:/Users/ogbonnayacngwu/.gradle/caches/modules-2/files-2.1/joda-time/joda-time/2.8.2/d27c24204c5e507b16fec01006b3d0f1ec42aed4/joda-time-2.8.2.jar:/Users/ogbonnayacngwu/.gradle/caches/modules-2/files-2.1/org.joda/joda-convert/1.2/35ec554f0cd00c956cc69051514d9488b1374dec/joda-convert-1.2.jar:/Users/ogbonnayacngwu/.gradle/caches/modules-2/files-2.1/com.fasterxml.jackson.core/jackson-core/2.6.2/123f29333b2c6b3516b14252b6e93226bfcd6e37/jackson-core-2.6.2.jar:/Users/ogbonnayacngwu/.gradle/caches/modules-2/files-2.1/com.fasterxml.jackson.dataformat/jackson-dataformat-smile/2.6.2/395d18c1a1dd730b8026ee59c4067e5d2b45ba6e/jackson-dataformat-smile-2.6.2.jar:/Users/ogbonnayacngwu/.gradle/caches/modules-2/files-2.1/com.fasterxml.jackson.dataformat/jackson-dataformat-yaml/2.6.2/4ae23088dd3fae47c66843f2e4251d7255ee140e/jackson-dataformat-yaml-2.6.2.jar:/Users/ogbonnayacngwu/.gradle/caches/modules-2/files-2.1/com.fasterxml.jackson.dataformat/jackson-dataformat-cbor/2.6.2/1e13c575f914c83761bb8e2aca7dfd9e4c647579/jackson-dataformat-cbor-2.6.2.jar:/Users/ogbonnayacngwu/.gradle/caches/modules-2/files-2.1/io.netty/netty/3.10.5.Final/9ca7d55d246092bddd29b867706e2f6c7db701a0/netty-3.10.5.Final.jar:/Users/ogbonnayacngwu/.gradle/caches/modules-2/files-2.1/com.tdunning/t-digest/3.0/84ccf145ac2215e6bfa63baa3101c0af41017cfc/t-digest-3.0.jar:/Users/ogbonnayacngwu/.gradle/caches/modules-2/files-2.1/org.hdrhistogram/HdrHistogram/2.1.6/7495feb7f71ee124bd2a7e7d83590e296d71d80e/HdrHistogram-2.1.6.jar:/Users/ogbonnayacngwu/.gradle/caches/modules-2/files-2.1/com.spatial4j/spatial4j/0.5/6e16edaf6b1ba76db7f08c2f3723fce3b358ecc3/spatial4j-0.5.jar:/Users/ogbonnayacngwu/.gradle/caches/modules-2/files-2.1/com.vividsolutions/jts/1.13/3ccfb9b60f04d71add996a666ceb8902904fd805/jts-1.13.jar:/Users/ogbonnayacngwu/.gradle/caches/modules-2/files-2.1/log4j/log4j/1.2.17/5af35056b4d257e4b64b9e8069c0746e8b08629f/log4j-1.2.17.jar:/Users/ogbonnayacngwu/.gradle/caches/modules-2/files-2.1/log4j/apache-log4j-extras/1.2.17/85863614d82185d7e51fe21c00aa9117a523a8b6/apache-log4j-extras-1.2.17.jar:/Users/ogbonnayacngwu/.gradle/caches/modules-2/files-2.1/org.slf4j/slf4j-api/1.6.2/8619e95939167fb37245b5670135e4feb0ec7d50/slf4j-api-1.6.2.jar:/Users/ogbonnayacngwu/.gradle/caches/modules-2/files-2.1/net.java.dev.jna/jna/4.1.0/1c12d070e602efd8021891cdd7fd18bc129372d4/jna-4.1.0.jar:/Users/ogbonnayacngwu/CSE2410_spring2016_projectileDysfunction/test/framework/build/libs/framework-3.0.0-SNAPSHOT.jar:/Users/ogbonnayacngwu/.gradle/caches/modules-2/files-2.1/com.carrotsearch.randomizedtesting/randomizedtesting-runner/2.3.2/307965917fe8a22b7ee72deba39ef4b8e6ebc069/randomizedtesting-runner-2.3.2.jar:/Users/ogbonnayacngwu/.gradle/caches/modules-2/files-2.1/junit/junit/4.11/4e031bb61df09069aeb2bffb4019e7a5034a4ee0/junit-4.11.jar:/Users/ogbonnayacngwu/.gradle/caches/modules-2/files-2.1/org.hamcrest/hamcrest-all/1.3/63a21ebc981131004ad02e0434e799fd7f3a8d5a/hamcrest-all-1.3.jar:/Users/ogbonnayacngwu/.gradle/caches/modules-2/files-2.1/org.apache.lucene/lucene-test-framework/5.5.0-snapshot-1721183/a8d851d0ad82182b3a02f4b30c336e7aa0e173cb/lucene-test-framework-5.5.0-snapshot-1721183.jar:/Users/ogbonnayacngwu/.gradle/caches/modules-2/files-2.1/org.apache.lucene/lucene-codecs/5.5.0-snapshot-1721183/8aa59442b028c7a2c1a516accb6142a8910ba5fc/lucene-codecs-5.5.0-snapshot-1721183.jar:/Users/ogbonnayacngwu/.gradle/caches/modules-2/files-2.1/org.apache.httpcomponents/httpclient/4.3.6/4c47155e3e6c9a41a28db36680b828ced53b8af4/httpclient-4.3.6.jar:/Users/ogbonnayacngwu/.gradle/caches/modules-2/files-2.1/org.apache.httpcomponents/httpcore/4.3.3/f91b7a4aadc5cf486df6e4634748d7dd7a73f06d/httpcore-4.3.3.jar:/Users/ogbonnayacngwu/.gradle/caches/modules-2/files-2.1/commons-logging/commons-logging/1.1.3/f6f66e966c70a83ffbdb6f17a0919eaf7c8aca7f/commons-logging-1.1.3.jar:/Users/ogbonnayacngwu/.gradle/caches/modules-2/files-2.1/commons-codec/commons-codec/1.10/4b95f4897fa13f2cd904aee711aeafc0c5295cd8/commons-codec-1.10.jar:/Users/ogbonnayacngwu/.gradle/caches/modules-2/files-2.1/org.elasticsearch/securemock/1.2/98201d4ad5ac93f6b415ae9172d52b5e7cda490e/securemock-1.2.jar:/Users/ogbonnayacngwu/.gradle/caches/modules-2/files-2.1/com.carrotsearch.randomizedtesting/junit4-ant/2.3.2/dc8f03f6111974092491f35b8269eb0fc57f52f7/junit4-ant-2.3.2.jar"/>
      <property name="java.class.version" value="52.0"/>
      <property name="java.endorsed.dirs" value="/Library/Java/JavaVirtualMachines/jdk1.8.0_11.jdk/Contents/Home/jre/lib/endorsed"/>
      <property name="java.ext.dirs" value="/Users/ogbonnayacngwu/Library/Java/Extensions:/Library/Java/JavaVirtualMachines/jdk1.8.0_11.jdk/Contents/Home/jre/lib/ext:/Library/Java/Extensions:/Network/Library/Java/Extensions:/System/Library/Java/Extensions:/usr/lib/java"/>
      <property name="java.home" value="/Library/Java/JavaVirtualMachines/jdk1.8.0_11.jdk/Contents/Home/jre"/>
      <property name="java.io.tmpdir" value="./temp"/>
      <property name="java.library.path" value="/Users/ogbonnayacngwu/Library/Java/Extensions:/Library/Java/Extensions:/Network/Library/Java/Extensions:/System/Library/Java/Extensions:/usr/lib/java:."/>
      <property name="java.runtime.name" value="Java(TM) SE Runtime Environment"/>
      <property name="java.runtime.version" value="1.8.0_11-b12"/>
      <property name="java.specification.name" value="Java Platform API Specification"/>
      <property name="java.specification.vendor" value="Oracle Corporation"/>
      <property name="java.specification.version" value="1.8"/>
      <property name="java.vendor" value="Oracle Corporation"/>
      <property name="java.vendor.url" value="http://java.oracle.com/"/>
      <property name="java.vendor.url.bug" value="http://bugreport.sun.com/bugreport/"/>
      <property name="java.version" value="1.8.0_11"/>
      <property name="java.vm.info" value="mixed mode"/>
      <property name="java.vm.name" value="Java HotSpot(TM) 64-Bit Server VM"/>
      <property name="java.vm.specification.name" value="Java Virtual Machine Specification"/>
      <property name="java.vm.specification.vendor" value="Oracle Corporation"/>
      <property name="java.vm.specification.version" value="1.8"/>
      <property name="java.vm.vendor" value="Oracle Corporation"/>
      <property name="java.vm.version" value="25.11-b03"/>
      <property name="junit4.childvm.count" value="4"/>
      <property name="junit4.childvm.cwd" value="/Users/ogbonnayacngwu/CSE2410_spring2016_projectileDysfunction/core/build/testrun/test/J2"/>
      <property name="junit4.childvm.id" value="2"/>
      <property name="junit4.memory.total" value="514850816"/>
      <property name="junit4.pidString" value="27294@host37-246.aruba.fit.edu"/>
      <property name="junit4.processors" value="8"/>
      <property name="line.separator" value="
"/>
      <property name="os.arch" value="x86_64"/>
      <property name="os.name" value="Mac OS X"/>
      <property name="os.version" value="10.11.4"/>
      <property name="path.separator" value=":"/>
      <property name="socksNonProxyHosts" value="local|*.local|169.254/16|*.169.254/16"/>
      <property name="sun.arch.data.model" value="64"/>
      <property name="sun.boot.class.path" value="/Library/Java/JavaVirtualMachines/jdk1.8.0_11.jdk/Contents/Home/jre/lib/resources.jar:/Library/Java/JavaVirtualMachines/jdk1.8.0_11.jdk/Contents/Home/jre/lib/rt.jar:/Library/Java/JavaVirtualMachines/jdk1.8.0_11.jdk/Contents/Home/jre/lib/sunrsasign.jar:/Library/Java/JavaVirtualMachines/jdk1.8.0_11.jdk/Contents/Home/jre/lib/jsse.jar:/Library/Java/JavaVirtualMachines/jdk1.8.0_11.jdk/Contents/Home/jre/lib/jce.jar:/Library/Java/JavaVirtualMachines/jdk1.8.0_11.jdk/Contents/Home/jre/lib/charsets.jar:/Library/Java/JavaVirtualMachines/jdk1.8.0_11.jdk/Contents/Home/jre/lib/jfr.jar:/Library/Java/JavaVirtualMachines/jdk1.8.0_11.jdk/Contents/Home/jre/classes"/>
      <property name="sun.boot.library.path" value="/Library/Java/JavaVirtualMachines/jdk1.8.0_11.jdk/Contents/Home/jre/lib"/>
      <property name="sun.cpu.endian" value="little"/>
      <property name="sun.cpu.isalist" value=""/>
      <property name="sun.io.unicode.encoding" value="UnicodeBig"/>
      <property name="sun.java.command" value="com.carrotsearch.ant.tasks.junit4.slave.SlaveMainSafe -eventsfile /Users/ogbonnayacngwu/CSE2410_spring2016_projectileDysfunction/core/build/testrun/test/temp/junit4-J2-20160329_172605_668.events @/Users/ogbonnayacngwu/CSE2410_spring2016_projectileDysfunction/core/build/testrun/test/temp/junit4-J2-20160329_172605_668.suites -stdin"/>
      <property name="sun.java.launcher" value="SUN_STANDARD"/>
      <property name="sun.jnu.encoding" value="UTF-8"/>
      <property name="sun.management.compiler" value="HotSpot 64-Bit Tiered Compilers"/>
      <property name="sun.os.patch.level" value="unknown"/>
      <property name="tests.artifact" value="core"/>
      <property name="tests.ifNoTests" value="fail"/>
      <property name="tests.maven" value="true"/>
      <property name="tests.prefix" value="tests"/>
      <property name="tests.security.manager" value="true"/>
      <property name="tests.seed" value="9C1D4E95487EEEF3"/>
      <property name="tests.task" value=":core:test"/>
      <property name="user.country" value="US"/>
      <property name="user.dir" value="/Users/ogbonnayacngwu/CSE2410_spring2016_projectileDysfunction/core/build/testrun/test/J2"/>
      <property name="user.home" value="/Users/ogbonnayacngwu"/>
      <property name="user.language" value="en"/>
      <property name="user.name" value="ogbonnayacngwu"/>
      <property name="user.timezone" value="America/New_York"/>
   </properties>
   <testcase classname="org.elasticsearch.discovery.zen.publish.PublishClusterStateActionTests" name="testInterleavedPublishCommit" time="0.019"/>
   <testcase classname="org.elasticsearch.discovery.zen.publish.PublishClusterStateActionTests" name="testFailToPublishWithLessThanMinMasterNodes" time="0.011"/>
   <testcase classname="org.elasticsearch.discovery.zen.publish.PublishClusterStateActionTests" name="testSimpleClusterStatePublishing" time="0.05"/>
   <testcase classname="org.elasticsearch.discovery.zen.publish.PublishClusterStateActionTests" name="testPublishingWithSendingErrors" time="0.048"/>
   <testcase classname="org.elasticsearch.discovery.zen.publish.PublishClusterStateActionTests" name="testIncomingClusterStateValidation" time="0.004"/>
   <testcase classname="org.elasticsearch.discovery.zen.publish.PublishClusterStateActionTests" name="testTimeoutOrCommit" time="0.016"/>
   <testcase classname="org.elasticsearch.discovery.zen.publish.PublishClusterStateActionTests" name="testSerializationFailureDuringDiffPublishing" time="0.009"/>
   <testcase classname="org.elasticsearch.discovery.zen.publish.PublishClusterStateActionTests" name="testUnexpectedDiffPublishing" time="0.009"/>
   <testcase classname="org.elasticsearch.discovery.zen.publish.PublishClusterStateActionTests" name="testDisablingDiffPublishing" time="0.008"/>
   <testcase classname="org.elasticsearch.discovery.zen.publish.PublishClusterStateActionTests" name="testSimultaneousClusterStatePublishing" time="0.018"/>
   <system-out><![CDATA[[2016-03-29 17:26:50,102][INFO ][org.elasticsearch.discovery.zen.publish] --> publishing states
[2016-03-29 17:26:50,103][DEBUG][org.elasticsearch.discovery.zen.publish] [node] received full cluster state version [5] with size [97]
[2016-03-29 17:26:50,105][DEBUG][org.elasticsearch.discovery.zen.publish] [node] received full cluster state version [6] with size [97]
[2016-03-29 17:26:50,105][DEBUG][org.elasticsearch.discovery.zen.publish] [node] received full cluster state version [2] with size [97]
[2016-03-29 17:26:50,105][DEBUG][org.elasticsearch.discovery.zen.publish] [node] received full cluster state version [1] with size [97]
[2016-03-29 17:26:50,105][DEBUG][org.elasticsearch.discovery.zen.publish] [node] received full cluster state version [4] with size [97]
[2016-03-29 17:26:50,106][DEBUG][org.elasticsearch.discovery.zen.publish] [node] received full cluster state version [3] with size [97]
[2016-03-29 17:26:50,106][INFO ][org.elasticsearch.discovery.zen.publish] --> committing states
[2016-03-29 17:26:50,107][DEBUG][org.elasticsearch.discovery.zen.publish] [node] received version [2], uuid [iExc1Hm0Shq5y7CB1qWFyQ]
[2016-03-29 17:26:50,107][DEBUG][org.elasticsearch.discovery.zen.publish] [node] received version [3], uuid [yrwi7dVlRqGQzBVE8ORoDQ]
[2016-03-29 17:26:50,107][DEBUG][org.elasticsearch.discovery.zen.publish] [node] received version [5], uuid [VdYpU69HQxy_RVdwDpD4hw]
[2016-03-29 17:26:50,107][DEBUG][org.elasticsearch.discovery.zen.publish] [node] received version [4], uuid [KV7Qs9WWTX2BIFcDtGpEpQ]
[2016-03-29 17:26:50,107][DEBUG][org.elasticsearch.discovery.zen.publish] [node] received version [1], uuid [tnf4IACQQkSm3hCQEWHFhw]
[2016-03-29 17:26:50,107][DEBUG][org.elasticsearch.discovery.zen.publish] [node] received version [6], uuid [VxT392aqQU6_2CfV96mYHA]
[2016-03-29 17:26:50,117][DEBUG][org.elasticsearch.discovery.zen.publish] failed to publish as expected
FailedToCommitClusterStateException[unexpected error while preparing to publish]; nested: FailedToCommitClusterStateException[not enough masters to ack sent cluster state. [8] needed , have [4]];
	at org.elasticsearch.discovery.zen.publish.PublishClusterStateAction.publish(PublishClusterStateAction.java:150)
	at org.elasticsearch.discovery.zen.publish.PublishClusterStateActionTests.publishState(PublishClusterStateActionTests.java:758)
	at org.elasticsearch.discovery.zen.publish.PublishClusterStateActionTests.testFailToPublishWithLessThanMinMasterNodes(PublishClusterStateActionTests.java:499)
	at sun.reflect.NativeMethodAccessorImpl.invoke0(Native Method)
	at sun.reflect.NativeMethodAccessorImpl.invoke(NativeMethodAccessorImpl.java:62)
	at sun.reflect.DelegatingMethodAccessorImpl.invoke(DelegatingMethodAccessorImpl.java:43)
	at java.lang.reflect.Method.invoke(Method.java:483)
	at com.carrotsearch.randomizedtesting.RandomizedRunner.invoke(RandomizedRunner.java:1764)
	at com.carrotsearch.randomizedtesting.RandomizedRunner$8.evaluate(RandomizedRunner.java:871)
	at com.carrotsearch.randomizedtesting.RandomizedRunner$9.evaluate(RandomizedRunner.java:907)
	at com.carrotsearch.randomizedtesting.RandomizedRunner$10.evaluate(RandomizedRunner.java:921)
	at com.carrotsearch.randomizedtesting.rules.StatementAdapter.evaluate(StatementAdapter.java:36)
	at org.apache.lucene.util.TestRuleSetupTeardownChained$1.evaluate(TestRuleSetupTeardownChained.java:50)
	at org.apache.lucene.util.AbstractBeforeAfterRule$1.evaluate(AbstractBeforeAfterRule.java:46)
	at org.apache.lucene.util.TestRuleThreadAndTestName$1.evaluate(TestRuleThreadAndTestName.java:49)
	at org.apache.lucene.util.TestRuleIgnoreAfterMaxFailures$1.evaluate(TestRuleIgnoreAfterMaxFailures.java:65)
	at org.apache.lucene.util.TestRuleMarkFailure$1.evaluate(TestRuleMarkFailure.java:48)
	at com.carrotsearch.randomizedtesting.rules.StatementAdapter.evaluate(StatementAdapter.java:36)
	at com.carrotsearch.randomizedtesting.ThreadLeakControl$StatementRunner.run(ThreadLeakControl.java:367)
	at com.carrotsearch.randomizedtesting.ThreadLeakControl.forkTimeoutingTask(ThreadLeakControl.java:809)
	at com.carrotsearch.randomizedtesting.ThreadLeakControl$3.evaluate(ThreadLeakControl.java:460)
	at com.carrotsearch.randomizedtesting.RandomizedRunner.runSingleTest(RandomizedRunner.java:880)
	at com.carrotsearch.randomizedtesting.RandomizedRunner$5.evaluate(RandomizedRunner.java:781)
	at com.carrotsearch.randomizedtesting.RandomizedRunner$6.evaluate(RandomizedRunner.java:816)
	at com.carrotsearch.randomizedtesting.RandomizedRunner$7.evaluate(RandomizedRunner.java:827)
	at org.apache.lucene.util.AbstractBeforeAfterRule$1.evaluate(AbstractBeforeAfterRule.java:46)
	at com.carrotsearch.randomizedtesting.rules.StatementAdapter.evaluate(StatementAdapter.java:36)
	at org.apache.lucene.util.TestRuleStoreClassName$1.evaluate(TestRuleStoreClassName.java:42)
	at com.carrotsearch.randomizedtesting.rules.NoShadowingOrOverridesOnMethodsRule$1.evaluate(NoShadowingOrOverridesOnMethodsRule.java:40)
	at com.carrotsearch.randomizedtesting.rules.NoShadowingOrOverridesOnMethodsRule$1.evaluate(NoShadowingOrOverridesOnMethodsRule.java:40)
	at com.carrotsearch.randomizedtesting.rules.StatementAdapter.evaluate(StatementAdapter.java:36)
	at com.carrotsearch.randomizedtesting.rules.StatementAdapter.evaluate(StatementAdapter.java:36)
	at com.carrotsearch.randomizedtesting.rules.StatementAdapter.evaluate(StatementAdapter.java:36)
	at org.apache.lucene.util.TestRuleAssertionsRequired$1.evaluate(TestRuleAssertionsRequired.java:54)
	at org.apache.lucene.util.TestRuleMarkFailure$1.evaluate(TestRuleMarkFailure.java:48)
	at org.apache.lucene.util.TestRuleIgnoreAfterMaxFailures$1.evaluate(TestRuleIgnoreAfterMaxFailures.java:65)
	at org.apache.lucene.util.TestRuleIgnoreTestSuites$1.evaluate(TestRuleIgnoreTestSuites.java:55)
	at com.carrotsearch.randomizedtesting.rules.StatementAdapter.evaluate(StatementAdapter.java:36)
	at com.carrotsearch.randomizedtesting.ThreadLeakControl$StatementRunner.run(ThreadLeakControl.java:367)
	at java.lang.Thread.run(Thread.java:745)
Caused by: FailedToCommitClusterStateException[not enough masters to ack sent cluster state. [8] needed , have [4]]
	at org.elasticsearch.discovery.zen.publish.PublishClusterStateAction$SendingController.<init>(PublishClusterStateAction.java:506)
	at org.elasticsearch.discovery.zen.publish.PublishClusterStateAction$SendingController.<init>(PublishClusterStateAction.java:480)
	at org.elasticsearch.discovery.zen.publish.PublishClusterStateAction.publish(PublishClusterStateAction.java:148)
	... 39 more
[2016-03-29 17:26:50,124][DEBUG][org.elasticsearch.discovery.zen.publish] [nodeB] received full cluster state version [1] with size [107]
[2016-03-29 17:26:50,125][TRACE][org.elasticsearch.discovery.zen.publish] [nodeA] sending commit for cluster state (uuid: [e7R-qCLYRm6eGAS5CCxEmg], version [1]) to [{nodeB}{nodeB}{local}{local[29]}]
[2016-03-29 17:26:50,126][DEBUG][org.elasticsearch.discovery.zen.publish] [nodeB] received version [1], uuid [e7R-qCLYRm6eGAS5CCxEmg]
[2016-03-29 17:26:50,149][DEBUG][org.elasticsearch.discovery.zen.publish] [nodeB] received diff cluster state version [2] with uuid [jXq2xfo3QzGO3x2gUsX8uQ], diff size [133]
[2016-03-29 17:26:50,149][TRACE][org.elasticsearch.discovery.zen.publish] [nodeA] master node {nodeB}{nodeB}{local}{local[29]} acked cluster state version [2]. processing ... (current pending [1], needed [1])
[2016-03-29 17:26:50,149][TRACE][org.elasticsearch.discovery.zen.publish] [nodeA] committing version [2]
[2016-03-29 17:26:50,149][TRACE][org.elasticsearch.discovery.zen.publish] [nodeA] sending commit for cluster state (uuid: [jXq2xfo3QzGO3x2gUsX8uQ], version [2]) to [{nodeB}{nodeB}{local}{local[29]}]
[2016-03-29 17:26:50,150][DEBUG][org.elasticsearch.discovery.zen.publish] [nodeB] received version [2], uuid [jXq2xfo3QzGO3x2gUsX8uQ]
[2016-03-29 17:26:50,150][DEBUG][org.elasticsearch.discovery.zen.publish] [nodeB] received diff cluster state version [3] with uuid [DH4HvkK1Rae1y0JP1q46cw], diff size [91]
[2016-03-29 17:26:50,150][TRACE][org.elasticsearch.discovery.zen.publish] [nodeA] master node {nodeB}{nodeB}{local}{local[29]} acked cluster state version [3]. processing ... (current pending [1], needed [1])
[2016-03-29 17:26:50,150][TRACE][org.elasticsearch.discovery.zen.publish] [nodeA] committing version [3]
[2016-03-29 17:26:50,150][TRACE][org.elasticsearch.discovery.zen.publish] [nodeA] sending commit for cluster state (uuid: [DH4HvkK1Rae1y0JP1q46cw], version [3]) to [{nodeB}{nodeB}{local}{local[29]}]
[2016-03-29 17:26:50,151][DEBUG][org.elasticsearch.discovery.zen.publish] [nodeB] received version [3], uuid [DH4HvkK1Rae1y0JP1q46cw]
[2016-03-29 17:26:50,152][DEBUG][org.elasticsearch.discovery.zen.publish] [nodeB] received diff cluster state version [4] with uuid [9-RpaazXRCODO3YnjrI7UA], diff size [141]
[2016-03-29 17:26:50,152][DEBUG][org.elasticsearch.discovery.zen.publish] [nodeC] received full cluster state version [4] with size [118]
[2016-03-29 17:26:50,152][TRACE][org.elasticsearch.discovery.zen.publish] [nodeA] master node {nodeB}{nodeB}{local}{local[29]} acked cluster state version [4]. processing ... (current pending [2], needed [2])
[2016-03-29 17:26:50,152][TRACE][org.elasticsearch.discovery.zen.publish] [nodeA] master node {nodeC}{nodeC}{local}{local[30]} acked cluster state version [4]. processing ... (current pending [1], needed [1])
[2016-03-29 17:26:50,152][TRACE][org.elasticsearch.discovery.zen.publish] [nodeA] committing version [4]
[2016-03-29 17:26:50,153][TRACE][org.elasticsearch.discovery.zen.publish] [nodeA] sending commit for cluster state (uuid: [9-RpaazXRCODO3YnjrI7UA], version [4]) to [{nodeB}{nodeB}{local}{local[29]}]
[2016-03-29 17:26:50,153][TRACE][org.elasticsearch.discovery.zen.publish] [nodeA] sending commit for cluster state (uuid: [9-RpaazXRCODO3YnjrI7UA], version [4]) to [{nodeC}{nodeC}{local}{local[30]}]
[2016-03-29 17:26:50,153][DEBUG][org.elasticsearch.discovery.zen.publish] [nodeB] received version [4], uuid [9-RpaazXRCODO3YnjrI7UA]
[2016-03-29 17:26:50,160][DEBUG][org.elasticsearch.discovery.zen.publish] [nodeC] received version [4], uuid [9-RpaazXRCODO3YnjrI7UA]
[2016-03-29 17:26:50,161][DEBUG][org.elasticsearch.discovery.zen.publish] [nodeB] received diff cluster state version [5] with uuid [25dhxOPySQu5h4naUYBj_w], diff size [101]
[2016-03-29 17:26:50,161][TRACE][org.elasticsearch.discovery.zen.publish] [nodeA] sending commit for cluster state (uuid: [25dhxOPySQu5h4naUYBj_w], version [5]) to [{nodeB}{nodeB}{local}{local[29]}]
[2016-03-29 17:26:50,162][DEBUG][org.elasticsearch.discovery.zen.publish] [nodeC] received diff cluster state version [5] with uuid [25dhxOPySQu5h4naUYBj_w], diff size [101]
[2016-03-29 17:26:50,162][TRACE][org.elasticsearch.discovery.zen.publish] [nodeA] sending commit for cluster state (uuid: [25dhxOPySQu5h4naUYBj_w], version [5]) to [{nodeC}{nodeC}{local}{local[30]}]
[2016-03-29 17:26:50,162][DEBUG][org.elasticsearch.discovery.zen.publish] [nodeB] received version [5], uuid [25dhxOPySQu5h4naUYBj_w]
[2016-03-29 17:26:50,162][DEBUG][org.elasticsearch.discovery.zen.publish] [nodeC] received version [5], uuid [25dhxOPySQu5h4naUYBj_w]
[2016-03-29 17:26:50,164][DEBUG][org.elasticsearch.discovery.zen.publish] [nodeA] resending full cluster state to node {nodeB}{nodeB}{local}{local[29]} reason RemoteTransportException[[nodeA][local[28]][internal:discovery/zen/publish/send]]; nested: IncompatibleClusterStateVersionException[Expected diff for version 5 with uuid 25dhxOPySQu5h4naUYBj_w got version 6 and uuid EvXhwS2GQoGBLE_JQ7uakA];; org.elasticsearch.cluster.IncompatibleClusterStateVersionException: Expected diff for version 5 with uuid 25dhxOPySQu5h4naUYBj_w got version 6 and uuid EvXhwS2GQoGBLE_JQ7uakA
[2016-03-29 17:26:50,164][DEBUG][org.elasticsearch.discovery.zen.publish] [nodeA] resending full cluster state to node {nodeC}{nodeC}{local}{local[30]} reason RemoteTransportException[[nodeA][local[28]][internal:discovery/zen/publish/send]]; nested: IncompatibleClusterStateVersionException[Expected diff for version 5 with uuid 25dhxOPySQu5h4naUYBj_w got version 6 and uuid EvXhwS2GQoGBLE_JQ7uakA];; org.elasticsearch.cluster.IncompatibleClusterStateVersionException: Expected diff for version 5 with uuid 25dhxOPySQu5h4naUYBj_w got version 6 and uuid EvXhwS2GQoGBLE_JQ7uakA
[2016-03-29 17:26:50,164][DEBUG][org.elasticsearch.discovery.zen.publish] [nodeB] received full cluster state version [6] with size [128]
[2016-03-29 17:26:50,164][DEBUG][org.elasticsearch.discovery.zen.publish] [nodeC] received full cluster state version [6] with size [128]
[2016-03-29 17:26:50,165][TRACE][org.elasticsearch.discovery.zen.publish] [nodeA] master node {nodeB}{nodeB}{local}{local[29]} acked cluster state version [6]. processing ... (current pending [2], needed [2])
[2016-03-29 17:26:50,165][TRACE][org.elasticsearch.discovery.zen.publish] [nodeA] master node {nodeC}{nodeC}{local}{local[30]} acked cluster state version [6]. processing ... (current pending [1], needed [1])
[2016-03-29 17:26:50,165][TRACE][org.elasticsearch.discovery.zen.publish] [nodeA] committing version [6]
[2016-03-29 17:26:50,165][TRACE][org.elasticsearch.discovery.zen.publish] [nodeA] sending commit for cluster state (uuid: [aWsHclI1SlaUljzKKq8IOw], version [6]) to [{nodeB}{nodeB}{local}{local[29]}]
[2016-03-29 17:26:50,165][TRACE][org.elasticsearch.discovery.zen.publish] [nodeA] sending commit for cluster state (uuid: [aWsHclI1SlaUljzKKq8IOw], version [6]) to [{nodeC}{nodeC}{local}{local[30]}]
[2016-03-29 17:26:50,165][DEBUG][org.elasticsearch.discovery.zen.publish] [nodeB] received version [6], uuid [aWsHclI1SlaUljzKKq8IOw]
[2016-03-29 17:26:50,165][DEBUG][org.elasticsearch.discovery.zen.publish] [nodeC] received version [6], uuid [aWsHclI1SlaUljzKKq8IOw]
[2016-03-29 17:26:50,166][DEBUG][org.elasticsearch.discovery.zen.publish] [nodeA] received diff for but don't have any local cluster state - requesting full state
[2016-03-29 17:26:50,167][DEBUG][org.elasticsearch.discovery.zen.publish] [nodeB] resending full cluster state to node {nodeA}{nodeA}{local}{local[28]} reason RemoteTransportException[[nodeB][local[29]][internal:discovery/zen/publish/send]]; nested: IncompatibleClusterStateVersionException[have no local cluster state];; org.elasticsearch.cluster.IncompatibleClusterStateVersionException: have no local cluster state
[2016-03-29 17:26:50,167][DEBUG][org.elasticsearch.discovery.zen.publish] [nodeB] resending full cluster state to node {nodeC}{nodeC}{local}{local[30]} reason RemoteTransportException[[nodeB][local[29]][internal:discovery/zen/publish/send]]; nested: IncompatibleClusterStateVersionException[Expected diff for version 6 with uuid aWsHclI1SlaUljzKKq8IOw got version 7 and uuid BJIZhh4FT0KQRXtMkLyWSg];; org.elasticsearch.cluster.IncompatibleClusterStateVersionException: Expected diff for version 6 with uuid aWsHclI1SlaUljzKKq8IOw got version 7 and uuid BJIZhh4FT0KQRXtMkLyWSg
[2016-03-29 17:26:50,167][DEBUG][org.elasticsearch.discovery.zen.publish] [nodeC] received full cluster state version [7] with size [128]
[2016-03-29 17:26:50,167][DEBUG][org.elasticsearch.discovery.zen.publish] [nodeA] received full cluster state version [7] with size [128]
[2016-03-29 17:26:50,167][TRACE][org.elasticsearch.discovery.zen.publish] [nodeB] sending commit for cluster state (uuid: [UcjzT6LVSUGeG0ZeziMQsA], version [7]) to [{nodeC}{nodeC}{local}{local[30]}]
[2016-03-29 17:26:50,167][TRACE][org.elasticsearch.discovery.zen.publish] [nodeB] sending commit for cluster state (uuid: [UcjzT6LVSUGeG0ZeziMQsA], version [7]) to [{nodeA}{nodeA}{local}{local[28]}]
[2016-03-29 17:26:50,167][DEBUG][org.elasticsearch.discovery.zen.publish] [nodeC] received version [7], uuid [UcjzT6LVSUGeG0ZeziMQsA]
[2016-03-29 17:26:50,168][DEBUG][org.elasticsearch.discovery.zen.publish] [nodeA] received version [7], uuid [UcjzT6LVSUGeG0ZeziMQsA]
[2016-03-29 17:26:50,187][INFO ][org.elasticsearch.discovery.zen.publish] --> expecting commit to succeed. good nodes [4], errors [4], timeouts [1]. min_master_nodes [3]
[2016-03-29 17:26:50,189][DEBUG][org.elasticsearch.discovery.zen.publish] [node2] received full cluster state version [0] with size [216]
[2016-03-29 17:26:50,189][DEBUG][org.elasticsearch.discovery.zen.publish] [master] failed to send cluster state to {node4}{node4}{local}{local[36]}
RemoteTransportException[[master][local[31]][internal:discovery/zen/publish/send]]; nested: ElasticsearchException[forced error on incoming cluster state];
Caused by: ElasticsearchException[forced error on incoming cluster state]
	at org.elasticsearch.discovery.zen.publish.PublishClusterStateActionTests$MockPublishAction.handleIncomingClusterStateRequest(PublishClusterStateActionTests.java:832)
	at org.elasticsearch.discovery.zen.publish.PublishClusterStateAction$SendClusterStateRequestHandler.messageReceived(PublishClusterStateAction.java:438)
	at org.elasticsearch.discovery.zen.publish.PublishClusterStateAction$SendClusterStateRequestHandler.messageReceived(PublishClusterStateAction.java:434)
	at org.elasticsearch.transport.TransportRequestHandler.messageReceived(TransportRequestHandler.java:33)
	at org.elasticsearch.transport.RequestHandlerRegistry.processMessageReceived(RequestHandlerRegistry.java:65)
	at org.elasticsearch.transport.local.LocalTransport.handleRequest(LocalTransport.java:290)
	at org.elasticsearch.transport.local.LocalTransport.messageReceived(LocalTransport.java:251)
	at org.elasticsearch.transport.local.LocalTransport$1.run(LocalTransport.java:229)
	at java.util.concurrent.ThreadPoolExecutor.runWorker(ThreadPoolExecutor.java:1142)
	at java.util.concurrent.ThreadPoolExecutor$Worker.run(ThreadPoolExecutor.java:617)
	at java.lang.Thread.run(Thread.java:745)
[2016-03-29 17:26:50,189][TRACE][org.elasticsearch.discovery.zen.publish] [master] master node {node2}{node2}{local}{local[34]} acked cluster state version [0]. processing ... (current pending [8], needed [2])
[2016-03-29 17:26:50,189][DEBUG][org.elasticsearch.discovery.zen.publish] [master] failed to send cluster state to {node5}{node5}{local}{local[37]}
RemoteTransportException[[master][local[31]][internal:discovery/zen/publish/send]]; nested: ElasticsearchException[forced error on incoming cluster state];
Caused by: ElasticsearchException[forced error on incoming cluster state]
	at org.elasticsearch.discovery.zen.publish.PublishClusterStateActionTests$MockPublishAction.handleIncomingClusterStateRequest(PublishClusterStateActionTests.java:832)
	at org.elasticsearch.discovery.zen.publish.PublishClusterStateAction$SendClusterStateRequestHandler.messageReceived(PublishClusterStateAction.java:438)
	at org.elasticsearch.discovery.zen.publish.PublishClusterStateAction$SendClusterStateRequestHandler.messageReceived(PublishClusterStateAction.java:434)
	at org.elasticsearch.transport.TransportRequestHandler.messageReceived(TransportRequestHandler.java:33)
	at org.elasticsearch.transport.RequestHandlerRegistry.processMessageReceived(RequestHandlerRegistry.java:65)
	at org.elasticsearch.transport.local.LocalTransport.handleRequest(LocalTransport.java:290)
	at org.elasticsearch.transport.local.LocalTransport.messageReceived(LocalTransport.java:251)
	at org.elasticsearch.transport.local.LocalTransport$1.run(LocalTransport.java:229)
	at java.util.concurrent.ThreadPoolExecutor.runWorker(ThreadPoolExecutor.java:1142)
	at java.util.concurrent.ThreadPoolExecutor$Worker.run(ThreadPoolExecutor.java:617)
	at java.lang.Thread.run(Thread.java:745)
[2016-03-29 17:26:50,192][DEBUG][org.elasticsearch.discovery.zen.publish] [master] failed to send cluster state to {node3}{node3}{local}{local[35]}
RemoteTransportException[[master][local[31]][internal:discovery/zen/publish/send]]; nested: ElasticsearchException[forced error on incoming cluster state];
Caused by: ElasticsearchException[forced error on incoming cluster state]
	at org.elasticsearch.discovery.zen.publish.PublishClusterStateActionTests$MockPublishAction.handleIncomingClusterStateRequest(PublishClusterStateActionTests.java:832)
	at org.elasticsearch.discovery.zen.publish.PublishClusterStateAction$SendClusterStateRequestHandler.messageReceived(PublishClusterStateAction.java:438)
	at org.elasticsearch.discovery.zen.publish.PublishClusterStateAction$SendClusterStateRequestHandler.messageReceived(PublishClusterStateAction.java:434)
	at org.elasticsearch.transport.TransportRequestHandler.messageReceived(TransportRequestHandler.java:33)
	at org.elasticsearch.transport.RequestHandlerRegistry.processMessageReceived(RequestHandlerRegistry.java:65)
	at org.elasticsearch.transport.local.LocalTransport.handleRequest(LocalTransport.java:290)
	at org.elasticsearch.transport.local.LocalTransport.messageReceived(LocalTransport.java:251)
	at org.elasticsearch.transport.local.LocalTransport$1.run(LocalTransport.java:229)
	at java.util.concurrent.ThreadPoolExecutor.runWorker(ThreadPoolExecutor.java:1142)
	at java.util.concurrent.ThreadPoolExecutor$Worker.run(ThreadPoolExecutor.java:617)
	at java.lang.Thread.run(Thread.java:745)
[2016-03-29 17:26:50,192][TRACE][org.elasticsearch.discovery.zen.publish] [master] master node {node4}{node4}{local}{local[36]} failed to ack cluster state version [0]. processing ... (current pending [7], needed [1])
[2016-03-29 17:26:50,193][DEBUG][org.elasticsearch.discovery.zen.publish] [node0] received full cluster state version [0] with size [216]
[2016-03-29 17:26:50,192][DEBUG][org.elasticsearch.discovery.zen.publish] [data_0] received full cluster state version [0] with size [216]
[2016-03-29 17:26:50,193][TRACE][org.elasticsearch.discovery.zen.publish] [master] master node {node3}{node3}{local}{local[35]} failed to ack cluster state version [0]. processing ... (current pending [6], needed [1])
[2016-03-29 17:26:50,193][DEBUG][org.elasticsearch.discovery.zen.publish] [data_2] received full cluster state version [0] with size [216]
[2016-03-29 17:26:50,193][TRACE][org.elasticsearch.discovery.zen.publish] [master] master node {node5}{node5}{local}{local[37]} failed to ack cluster state version [0]. processing ... (current pending [5], needed [1])
[2016-03-29 17:26:50,193][DEBUG][org.elasticsearch.discovery.zen.publish] [master] failed to send cluster state to {node6}{node6}{local}{local[38]}
RemoteTransportException[[master][local[31]][internal:discovery/zen/publish/send]]; nested: ElasticsearchException[forced error on incoming cluster state];
Caused by: ElasticsearchException[forced error on incoming cluster state]
	at org.elasticsearch.discovery.zen.publish.PublishClusterStateActionTests$MockPublishAction.handleIncomingClusterStateRequest(PublishClusterStateActionTests.java:832)
	at org.elasticsearch.discovery.zen.publish.PublishClusterStateAction$SendClusterStateRequestHandler.messageReceived(PublishClusterStateAction.java:438)
	at org.elasticsearch.discovery.zen.publish.PublishClusterStateAction$SendClusterStateRequestHandler.messageReceived(PublishClusterStateAction.java:434)
	at org.elasticsearch.transport.TransportRequestHandler.messageReceived(TransportRequestHandler.java:33)
	at org.elasticsearch.transport.RequestHandlerRegistry.processMessageReceived(RequestHandlerRegistry.java:65)
	at org.elasticsearch.transport.local.LocalTransport.handleRequest(LocalTransport.java:290)
	at org.elasticsearch.transport.local.LocalTransport.messageReceived(LocalTransport.java:251)
	at org.elasticsearch.transport.local.LocalTransport$1.run(LocalTransport.java:229)
	at java.util.concurrent.ThreadPoolExecutor.runWorker(ThreadPoolExecutor.java:1142)
	at java.util.concurrent.ThreadPoolExecutor$Worker.run(ThreadPoolExecutor.java:617)
	at java.lang.Thread.run(Thread.java:745)
[2016-03-29 17:26:50,193][DEBUG][org.elasticsearch.discovery.zen.publish] [node1] received full cluster state version [0] with size [216]
[2016-03-29 17:26:50,193][TRACE][org.elasticsearch.discovery.zen.publish] [master] master node {node0}{node0}{local}{local[32]} acked cluster state version [0]. processing ... (current pending [4], needed [1])
[2016-03-29 17:26:50,193][DEBUG][org.elasticsearch.discovery.zen.publish] [data_1] received full cluster state version [0] with size [216]
[2016-03-29 17:26:50,193][TRACE][org.elasticsearch.discovery.zen.publish] [master] committing version [0]
[2016-03-29 17:26:50,193][TRACE][org.elasticsearch.discovery.zen.publish] [master] sending commit for cluster state (uuid: [oYeOqQxsQwmMS07gSolMuQ], version [0]) to [{node2}{node2}{local}{local[34]}]
[2016-03-29 17:26:50,194][TRACE][org.elasticsearch.discovery.zen.publish] [master] sending commit for cluster state (uuid: [oYeOqQxsQwmMS07gSolMuQ], version [0]) to [{node0}{node0}{local}{local[32]}]
[2016-03-29 17:26:50,194][DEBUG][org.elasticsearch.discovery.zen.publish] [node2] received version [0], uuid [oYeOqQxsQwmMS07gSolMuQ]
[2016-03-29 17:26:50,194][TRACE][org.elasticsearch.discovery.zen.publish] [master] sending commit for cluster state (uuid: [oYeOqQxsQwmMS07gSolMuQ], version [0]) to [{data_0}{data_0}{local}{local[40]}[master=>false]]
[2016-03-29 17:26:50,204][DEBUG][org.elasticsearch.discovery.zen.publish] [node0] received version [0], uuid [oYeOqQxsQwmMS07gSolMuQ]
[2016-03-29 17:26:50,204][TRACE][org.elasticsearch.discovery.zen.publish] [master] sending commit for cluster state (uuid: [oYeOqQxsQwmMS07gSolMuQ], version [0]) to [{node1}{node1}{local}{local[33]}]
[2016-03-29 17:26:50,211][DEBUG][org.elasticsearch.discovery.zen.publish] [data_0] received version [0], uuid [oYeOqQxsQwmMS07gSolMuQ]
[2016-03-29 17:26:50,211][TRACE][org.elasticsearch.discovery.zen.publish] [master] sending commit for cluster state (uuid: [oYeOqQxsQwmMS07gSolMuQ], version [0]) to [{data_1}{data_1}{local}{local[41]}[master=>false]]
[2016-03-29 17:26:50,212][DEBUG][org.elasticsearch.discovery.zen.publish] [node1] received version [0], uuid [oYeOqQxsQwmMS07gSolMuQ]
[2016-03-29 17:26:50,212][TRACE][org.elasticsearch.discovery.zen.publish] [master] master node {node6}{node6}{local}{local[38]} failed to ack cluster state version [0]. processing ... (current pending [3], needed [0])
[2016-03-29 17:26:50,213][DEBUG][org.elasticsearch.discovery.zen.publish] [data_1] received version [0], uuid [oYeOqQxsQwmMS07gSolMuQ]
[2016-03-29 17:26:50,213][TRACE][org.elasticsearch.discovery.zen.publish] [master] sending commit for cluster state (uuid: [oYeOqQxsQwmMS07gSolMuQ], version [0]) to [{data_2}{data_2}{local}{local[42]}[master=>false]]
[2016-03-29 17:26:50,213][WARN ][org.elasticsearch.discovery.zen.publish] [master] timed out waiting for all nodes to process published state [0] (timeout [5ms], pending nodes: [{node6}{node6}{local}{local[38]}, {node7}{node7}{local}{local[39]}, {data_2}{data_2}{local}{local[42]}[master=>false], {data_1}{data_1}{local}{local[41]}[master=>false]])
[2016-03-29 17:26:50,214][DEBUG][org.elasticsearch.discovery.zen.publish] [data_2] received version [0], uuid [oYeOqQxsQwmMS07gSolMuQ]
[2016-03-29 17:26:50,214][DEBUG][org.elasticsearch.discovery.zen.publish] [master] node {data_1}{data_1}{local}{local[41]}[master=>false] responded to cluster state commit [0]
[2016-03-29 17:26:50,214][DEBUG][org.elasticsearch.discovery.zen.publish] [master] node {data_2}{data_2}{local}{local[42]}[master=>false] responded to cluster state commit [0]
[2016-03-29 17:26:50,216][DEBUG][org.elasticsearch.discovery.zen.publish] [master] failed to send cluster state to {node7}{node7}{local}{local[39]}
NodeDisconnectedException[[node7][local[39]][internal:discovery/zen/publish/send] disconnected]
[2016-03-29 17:26:50,216][TRACE][org.elasticsearch.discovery.zen.publish] [master] master node {node7}{node7}{local}{local[39]} failed to ack cluster state version [0]. processing ... (current pending [2], needed [0])
[2016-03-29 17:26:50,221][INFO ][org.elasticsearch.discovery.zen.publish] --> testing acceptances of any master when having no master
[2016-03-29 17:26:50,221][INFO ][org.elasticsearch.discovery.zen.publish] --> testing rejection of another master
[2016-03-29 17:26:50,221][WARN ][org.elasticsearch.discovery.zen.publish] [node] received a cluster state from a different master than the current one, rejecting (received null, current null)
[2016-03-29 17:26:50,221][INFO ][org.elasticsearch.discovery.zen.publish] --> test state from the current master is accepted
[2016-03-29 17:26:50,221][INFO ][org.elasticsearch.discovery.zen.publish] --> testing rejection of another cluster name
[2016-03-29 17:26:50,221][WARN ][org.elasticsearch.discovery.zen.publish] [node] received cluster state from [null] which is also master but with a different cluster name [Cluster [vEIGqoSXGA]]
[2016-03-29 17:26:50,221][INFO ][org.elasticsearch.discovery.zen.publish] --> testing rejection of a cluster state with wrong local node
[2016-03-29 17:26:50,221][WARN ][org.elasticsearch.discovery.zen.publish] [node] received a cluster state from [null] and not part of the cluster, should not happen
[2016-03-29 17:26:50,222][WARN ][org.elasticsearch.discovery.zen.publish] [node] received a cluster state from [null] and not part of the cluster, should not happen
[2016-03-29 17:26:50,222][INFO ][org.elasticsearch.discovery.zen.publish] --> testing acceptance of an old cluster state
[2016-03-29 17:26:50,226][DEBUG][org.elasticsearch.discovery.zen.publish] --> publishing version [1], UUID [ZdDJ4Qp8Q0uvnZ5R4cVI1A]
[2016-03-29 17:26:50,227][DEBUG][org.elasticsearch.discovery.zen.publish] [node] received full cluster state version [1] with size [110]
[2016-03-29 17:26:50,227][TRACE][org.elasticsearch.discovery.zen.publish] [master] master node {node}{node}{local}{local[46]} acked cluster state version [1]. processing ... (current pending [1], needed [1])
[2016-03-29 17:26:50,227][TRACE][org.elasticsearch.discovery.zen.publish] [master] committing version [1]
[2016-03-29 17:26:50,227][TRACE][org.elasticsearch.discovery.zen.publish] [master] sending commit for cluster state (uuid: [ZdDJ4Qp8Q0uvnZ5R4cVI1A], version [1]) to [{node}{node}{local}{local[46]}]
[2016-03-29 17:26:50,228][DEBUG][org.elasticsearch.discovery.zen.publish] [node] received version [1], uuid [ZdDJ4Qp8Q0uvnZ5R4cVI1A]
[2016-03-29 17:26:50,228][DEBUG][org.elasticsearch.discovery.zen.publish] --> publishing [succeeded], verifying...
[2016-03-29 17:26:50,228][DEBUG][org.elasticsearch.discovery.zen.publish] --> publishing version [2], UUID [fmoemVu-QxqQsWew4puQqg]
[2016-03-29 17:26:50,229][DEBUG][org.elasticsearch.discovery.zen.publish] [node] received full cluster state version [2] with size [111]
[2016-03-29 17:26:50,229][TRACE][org.elasticsearch.discovery.zen.publish] [master] master node {node}{node}{local}{local[46]} acked cluster state version [2]. processing ... (current pending [1], needed [1])
[2016-03-29 17:26:50,229][TRACE][org.elasticsearch.discovery.zen.publish] [master] committing version [2]
[2016-03-29 17:26:50,229][TRACE][org.elasticsearch.discovery.zen.publish] [master] sending commit for cluster state (uuid: [fmoemVu-QxqQsWew4puQqg], version [2]) to [{node}{node}{local}{local[46]}]
[2016-03-29 17:26:50,230][DEBUG][org.elasticsearch.discovery.zen.publish] [node] received version [2], uuid [fmoemVu-QxqQsWew4puQqg]
[2016-03-29 17:26:50,230][DEBUG][org.elasticsearch.discovery.zen.publish] --> publishing [succeeded], verifying...
[2016-03-29 17:26:50,230][DEBUG][org.elasticsearch.discovery.zen.publish] --> publishing version [3], UUID [zbhHaoFPS9K_P2TK5k6FVg]
[2016-03-29 17:26:50,230][DEBUG][org.elasticsearch.discovery.zen.publish] [node] received full cluster state version [3] with size [111]
[2016-03-29 17:26:50,230][TRACE][org.elasticsearch.discovery.zen.publish] [master] master node {node}{node}{local}{local[46]} acked cluster state version [3]. processing ... (current pending [1], needed [1])
[2016-03-29 17:26:50,230][TRACE][org.elasticsearch.discovery.zen.publish] [master] committing version [3]
[2016-03-29 17:26:50,230][TRACE][org.elasticsearch.discovery.zen.publish] [master] sending commit for cluster state (uuid: [zbhHaoFPS9K_P2TK5k6FVg], version [3]) to [{node}{node}{local}{local[46]}]
[2016-03-29 17:26:50,231][DEBUG][org.elasticsearch.discovery.zen.publish] [node] received version [3], uuid [zbhHaoFPS9K_P2TK5k6FVg]
[2016-03-29 17:26:50,231][DEBUG][org.elasticsearch.discovery.zen.publish] --> publishing [succeeded], verifying...
[2016-03-29 17:26:50,231][DEBUG][org.elasticsearch.discovery.zen.publish] --> publishing version [4], UUID [u-L7Z7H9ToW96K7LfYj3fg]
[2016-03-29 17:26:50,231][DEBUG][org.elasticsearch.discovery.zen.publish] [node] received full cluster state version [4] with size [111]
[2016-03-29 17:26:50,231][TRACE][org.elasticsearch.discovery.zen.publish] [master] master node {node}{node}{local}{local[46]} acked cluster state version [4]. processing ... (current pending [1], needed [1])
[2016-03-29 17:26:50,231][TRACE][org.elasticsearch.discovery.zen.publish] [master] committing version [4]
[2016-03-29 17:26:50,231][TRACE][org.elasticsearch.discovery.zen.publish] [master] sending commit for cluster state (uuid: [u-L7Z7H9ToW96K7LfYj3fg], version [4]) to [{node}{node}{local}{local[46]}]
[2016-03-29 17:26:50,232][DEBUG][org.elasticsearch.discovery.zen.publish] [node] received version [4], uuid [u-L7Z7H9ToW96K7LfYj3fg]
[2016-03-29 17:26:50,232][DEBUG][org.elasticsearch.discovery.zen.publish] --> publishing [succeeded], verifying...
[2016-03-29 17:26:50,232][DEBUG][org.elasticsearch.discovery.zen.publish] --> publishing version [5], UUID [4vs7-mqaS6O4OchM01nafg]
[2016-03-29 17:26:50,232][DEBUG][org.elasticsearch.discovery.zen.publish] [node] received full cluster state version [5] with size [111]
[2016-03-29 17:26:50,232][TRACE][org.elasticsearch.discovery.zen.publish] [master] master node {node}{node}{local}{local[46]} acked cluster state version [5]. processing ... (current pending [1], needed [1])
[2016-03-29 17:26:50,232][TRACE][org.elasticsearch.discovery.zen.publish] [master] committing version [5]
[2016-03-29 17:26:50,232][TRACE][org.elasticsearch.discovery.zen.publish] [master] sending commit for cluster state (uuid: [4vs7-mqaS6O4OchM01nafg], version [5]) to [{node}{node}{local}{local[46]}]
[2016-03-29 17:26:50,233][DEBUG][org.elasticsearch.discovery.zen.publish] [node] received version [5], uuid [4vs7-mqaS6O4OchM01nafg]
[2016-03-29 17:26:50,233][DEBUG][org.elasticsearch.discovery.zen.publish] --> publishing [succeeded], verifying...
[2016-03-29 17:26:50,233][DEBUG][org.elasticsearch.discovery.zen.publish] --> publishing version [6], UUID [Wy446Ol7RkOpqMnyheIUfg]
[2016-03-29 17:26:50,233][DEBUG][org.elasticsearch.discovery.zen.publish] [node] received full cluster state version [6] with size [111]
[2016-03-29 17:26:50,233][TRACE][org.elasticsearch.discovery.zen.publish] [master] master node {node}{node}{local}{local[46]} acked cluster state version [6]. processing ... (current pending [1], needed [1])
[2016-03-29 17:26:50,233][TRACE][org.elasticsearch.discovery.zen.publish] [master] committing version [6]
[2016-03-29 17:26:50,233][TRACE][org.elasticsearch.discovery.zen.publish] [master] sending commit for cluster state (uuid: [Wy446Ol7RkOpqMnyheIUfg], version [6]) to [{node}{node}{local}{local[46]}]
[2016-03-29 17:26:50,233][DEBUG][org.elasticsearch.discovery.zen.publish] [node] received version [6], uuid [Wy446Ol7RkOpqMnyheIUfg]
[2016-03-29 17:26:50,234][DEBUG][org.elasticsearch.discovery.zen.publish] --> publishing [succeeded], verifying...
[2016-03-29 17:26:50,234][DEBUG][org.elasticsearch.discovery.zen.publish] --> publishing version [7], UUID [cutow35BSym5m_gED4U_Vg]
[2016-03-29 17:26:50,234][DEBUG][org.elasticsearch.discovery.zen.publish] [node] received full cluster state version [7] with size [111]
[2016-03-29 17:26:50,234][TRACE][org.elasticsearch.discovery.zen.publish] [master] master node {node}{node}{local}{local[46]} acked cluster state version [7]. processing ... (current pending [1], needed [1])
[2016-03-29 17:26:50,234][TRACE][org.elasticsearch.discovery.zen.publish] [master] committing version [7]
[2016-03-29 17:26:50,234][TRACE][org.elasticsearch.discovery.zen.publish] [master] sending commit for cluster state (uuid: [cutow35BSym5m_gED4U_Vg], version [7]) to [{node}{node}{local}{local[46]}]
[2016-03-29 17:26:50,235][DEBUG][org.elasticsearch.discovery.zen.publish] [node] received version [7], uuid [cutow35BSym5m_gED4U_Vg]
[2016-03-29 17:26:50,235][DEBUG][org.elasticsearch.discovery.zen.publish] --> publishing [succeeded], verifying...
[2016-03-29 17:26:50,235][DEBUG][org.elasticsearch.discovery.zen.publish] --> publishing version [8], UUID [M4KnKLNLTdyzHhx0vipSkQ]
[2016-03-29 17:26:50,235][DEBUG][org.elasticsearch.discovery.zen.publish] [node] received full cluster state version [8] with size [111]
[2016-03-29 17:26:50,235][TRACE][org.elasticsearch.discovery.zen.publish] [master] master node {node}{node}{local}{local[46]} acked cluster state version [8]. processing ... (current pending [1], needed [1])
[2016-03-29 17:26:50,235][TRACE][org.elasticsearch.discovery.zen.publish] [master] committing version [8]
[2016-03-29 17:26:50,235][TRACE][org.elasticsearch.discovery.zen.publish] [master] sending commit for cluster state (uuid: [M4KnKLNLTdyzHhx0vipSkQ], version [8]) to [{node}{node}{local}{local[46]}]
[2016-03-29 17:26:50,236][DEBUG][org.elasticsearch.discovery.zen.publish] [node] received version [8], uuid [M4KnKLNLTdyzHhx0vipSkQ]
[2016-03-29 17:26:50,236][DEBUG][org.elasticsearch.discovery.zen.publish] --> publishing [succeeded], verifying...
[2016-03-29 17:26:50,236][DEBUG][org.elasticsearch.discovery.zen.publish] --> publishing version [9], UUID [KKWYhvbVSJy_EzNTT-veLg]
[2016-03-29 17:26:50,236][DEBUG][org.elasticsearch.discovery.zen.publish] [node] received full cluster state version [9] with size [111]
[2016-03-29 17:26:50,236][TRACE][org.elasticsearch.discovery.zen.publish] [master] master node {node}{node}{local}{local[46]} acked cluster state version [9]. processing ... (current pending [1], needed [1])
[2016-03-29 17:26:50,236][TRACE][org.elasticsearch.discovery.zen.publish] [master] committing version [9]
[2016-03-29 17:26:50,236][TRACE][org.elasticsearch.discovery.zen.publish] [master] sending commit for cluster state (uuid: [KKWYhvbVSJy_EzNTT-veLg], version [9]) to [{node}{node}{local}{local[46]}]
[2016-03-29 17:26:50,237][DEBUG][org.elasticsearch.discovery.zen.publish] [node] received version [9], uuid [KKWYhvbVSJy_EzNTT-veLg]
[2016-03-29 17:26:50,237][DEBUG][org.elasticsearch.discovery.zen.publish] --> publishing [succeeded], verifying...
[2016-03-29 17:26:50,237][DEBUG][org.elasticsearch.discovery.zen.publish] --> publishing version [10], UUID [Ng1yzd11SbG9BKAIZg2O-g]
[2016-03-29 17:26:50,237][DEBUG][org.elasticsearch.discovery.zen.publish] [node] received full cluster state version [10] with size [111]
[2016-03-29 17:26:50,237][TRACE][org.elasticsearch.discovery.zen.publish] [master] master node {node}{node}{local}{local[46]} acked cluster state version [10]. processing ... (current pending [1], needed [1])
[2016-03-29 17:26:50,237][TRACE][org.elasticsearch.discovery.zen.publish] [master] committing version [10]
[2016-03-29 17:26:50,237][TRACE][org.elasticsearch.discovery.zen.publish] [master] sending commit for cluster state (uuid: [Ng1yzd11SbG9BKAIZg2O-g], version [10]) to [{node}{node}{local}{local[46]}]
[2016-03-29 17:26:50,238][DEBUG][org.elasticsearch.discovery.zen.publish] [node] received version [10], uuid [Ng1yzd11SbG9BKAIZg2O-g]
[2016-03-29 17:26:50,238][DEBUG][org.elasticsearch.discovery.zen.publish] --> publishing [succeeded], verifying...
[2016-03-29 17:26:50,243][DEBUG][org.elasticsearch.discovery.zen.publish] [nodeB] received diff for but don't have any local cluster state - requesting full state
[2016-03-29 17:26:50,244][DEBUG][org.elasticsearch.discovery.zen.publish] [nodeA] resending full cluster state to node {nodeB}{nodeB}{local}{local[48]} reason RemoteTransportException[[nodeA][local[47]][internal:discovery/zen/publish/send]]; nested: IncompatibleClusterStateVersionException[have no local cluster state];; org.elasticsearch.cluster.IncompatibleClusterStateVersionException: have no local cluster state
[2016-03-29 17:26:50,244][DEBUG][org.elasticsearch.discovery.zen.publish] [nodeB] received full cluster state version [1] with size [107]
[2016-03-29 17:26:50,245][TRACE][org.elasticsearch.discovery.zen.publish] [nodeA] sending commit for cluster state (uuid: [tz2lr4G-Th6933J-9bJkqA], version [1]) to [{nodeB}{nodeB}{local}{local[48]}]
[2016-03-29 17:26:50,245][DEBUG][org.elasticsearch.discovery.zen.publish] [nodeB] received version [1], uuid [tz2lr4G-Th6933J-9bJkqA]
[2016-03-29 17:26:50,253][DEBUG][org.elasticsearch.discovery.zen.publish] [nodeB] received diff for but don't have any local cluster state - requesting full state
[2016-03-29 17:26:50,253][DEBUG][org.elasticsearch.discovery.zen.publish] [nodeA] resending full cluster state to node {nodeB}{nodeB}{local}{local[50]} reason RemoteTransportException[[nodeA][local[49]][internal:discovery/zen/publish/send]]; nested: IncompatibleClusterStateVersionException[have no local cluster state];; org.elasticsearch.cluster.IncompatibleClusterStateVersionException: have no local cluster state
[2016-03-29 17:26:50,254][DEBUG][org.elasticsearch.discovery.zen.publish] [nodeB] received full cluster state version [1] with size [108]
[2016-03-29 17:26:50,254][TRACE][org.elasticsearch.discovery.zen.publish] [nodeA] sending commit for cluster state (uuid: [adEdcz0ASRCfcoew4lDJHQ], version [1]) to [{nodeB}{nodeB}{local}{local[50]}]
[2016-03-29 17:26:50,254][DEBUG][org.elasticsearch.discovery.zen.publish] [nodeB] received version [1], uuid [adEdcz0ASRCfcoew4lDJHQ]
[2016-03-29 17:26:50,255][DEBUG][org.elasticsearch.discovery.zen.publish] [nodeB] received diff cluster state version [2] with uuid [7HppjBKSRd6kVjMbzCEupw], diff size [133]
[2016-03-29 17:26:50,255][TRACE][org.elasticsearch.discovery.zen.publish] [nodeA] master node {nodeB}{nodeB}{local}{local[50]} acked cluster state version [2]. processing ... (current pending [1], needed [1])
[2016-03-29 17:26:50,255][TRACE][org.elasticsearch.discovery.zen.publish] [nodeA] committing version [2]
[2016-03-29 17:26:50,255][TRACE][org.elasticsearch.discovery.zen.publish] [nodeA] sending commit for cluster state (uuid: [7HppjBKSRd6kVjMbzCEupw], version [2]) to [{nodeB}{nodeB}{local}{local[50]}]
[2016-03-29 17:26:50,256][DEBUG][org.elasticsearch.discovery.zen.publish] [nodeB] received version [2], uuid [7HppjBKSRd6kVjMbzCEupw]
[2016-03-29 17:26:50,262][DEBUG][org.elasticsearch.discovery.zen.publish] [nodeB] received full cluster state version [1] with size [107]
[2016-03-29 17:26:50,262][TRACE][org.elasticsearch.discovery.zen.publish] [nodeA] sending commit for cluster state (uuid: [ehpm0nSmR46yP9bK2ER2nA], version [1]) to [{nodeB}{nodeB}{local}{local[52]}]
[2016-03-29 17:26:50,262][DEBUG][org.elasticsearch.discovery.zen.publish] [nodeB] received version [1], uuid [ehpm0nSmR46yP9bK2ER2nA]
[2016-03-29 17:26:50,263][DEBUG][org.elasticsearch.discovery.zen.publish] [nodeB] received full cluster state version [2] with size [148]
[2016-03-29 17:26:50,264][TRACE][org.elasticsearch.discovery.zen.publish] [nodeA] sending commit for cluster state (uuid: [JV2nTY_fSN6FkcmufGMm0w], version [2]) to [{nodeB}{nodeB}{local}{local[52]}]
[2016-03-29 17:26:50,264][DEBUG][org.elasticsearch.discovery.zen.publish] [nodeB] received version [2], uuid [JV2nTY_fSN6FkcmufGMm0w]
[2016-03-29 17:26:50,271][DEBUG][org.elasticsearch.discovery.zen.publish] [node1] received full cluster state version [1] with size [198]
[2016-03-29 17:26:50,271][DEBUG][org.elasticsearch.discovery.zen.publish] [node2] received full cluster state version [1] with size [198]
[2016-03-29 17:26:50,272][TRACE][org.elasticsearch.discovery.zen.publish] [node0] sending commit for cluster state (uuid: [5sOP7njCQjycQw54f4yJ6Q], version [1]) to [{node1}{node1}{local}{local[54]}]
[2016-03-29 17:26:50,272][TRACE][org.elasticsearch.discovery.zen.publish] [node0] sending commit for cluster state (uuid: [5sOP7njCQjycQw54f4yJ6Q], version [1]) to [{node2}{node2}{local}{local[55]}]
[2016-03-29 17:26:50,273][DEBUG][org.elasticsearch.discovery.zen.publish] [node1] received version [1], uuid [5sOP7njCQjycQw54f4yJ6Q]
[2016-03-29 17:26:50,273][DEBUG][org.elasticsearch.discovery.zen.publish] [node2] received version [1], uuid [5sOP7njCQjycQw54f4yJ6Q]
[2016-03-29 17:26:50,274][DEBUG][org.elasticsearch.discovery.zen.publish] [node1] received diff cluster state version [2] with uuid [Dnqic-YvRA6PZrKDt7gvfQ], diff size [178]
[2016-03-29 17:26:50,274][DEBUG][org.elasticsearch.discovery.zen.publish] [node2] received diff cluster state version [2] with uuid [Dnqic-YvRA6PZrKDt7gvfQ], diff size [178]
[2016-03-29 17:26:50,274][TRACE][org.elasticsearch.discovery.zen.publish] [node0] sending commit for cluster state (uuid: [Dnqic-YvRA6PZrKDt7gvfQ], version [2]) to [{node1}{node1}{local}{local[54]}]
[2016-03-29 17:26:50,274][TRACE][org.elasticsearch.discovery.zen.publish] [node0] sending commit for cluster state (uuid: [Dnqic-YvRA6PZrKDt7gvfQ], version [2]) to [{node2}{node2}{local}{local[55]}]
[2016-03-29 17:26:50,275][DEBUG][org.elasticsearch.discovery.zen.publish] [node1] received version [2], uuid [Dnqic-YvRA6PZrKDt7gvfQ]
[2016-03-29 17:26:50,275][DEBUG][org.elasticsearch.discovery.zen.publish] [node2] received version [2], uuid [Dnqic-YvRA6PZrKDt7gvfQ]
[2016-03-29 17:26:50,275][DEBUG][org.elasticsearch.discovery.zen.publish] [node1] received diff cluster state version [3] with uuid [zM5AL-s1QwKqPOU0TihEWw], diff size [182]
[2016-03-29 17:26:50,275][DEBUG][org.elasticsearch.discovery.zen.publish] [node2] received diff cluster state version [3] with uuid [zM5AL-s1QwKqPOU0TihEWw], diff size [182]
[2016-03-29 17:26:50,275][TRACE][org.elasticsearch.discovery.zen.publish] [node0] sending commit for cluster state (uuid: [zM5AL-s1QwKqPOU0TihEWw], version [3]) to [{node1}{node1}{local}{local[54]}]
[2016-03-29 17:26:50,276][TRACE][org.elasticsearch.discovery.zen.publish] [node0] sending commit for cluster state (uuid: [zM5AL-s1QwKqPOU0TihEWw], version [3]) to [{node2}{node2}{local}{local[55]}]
[2016-03-29 17:26:50,276][DEBUG][org.elasticsearch.discovery.zen.publish] [node1] received version [3], uuid [zM5AL-s1QwKqPOU0TihEWw]
[2016-03-29 17:26:50,276][DEBUG][org.elasticsearch.discovery.zen.publish] [node2] received version [3], uuid [zM5AL-s1QwKqPOU0TihEWw]
[2016-03-29 17:26:50,276][DEBUG][org.elasticsearch.discovery.zen.publish] [node2] received diff cluster state version [4] with uuid [2DhiGsocSjioiZ27P0xlOA], diff size [182]
[2016-03-29 17:26:50,276][DEBUG][org.elasticsearch.discovery.zen.publish] [node1] received diff cluster state version [4] with uuid [2DhiGsocSjioiZ27P0xlOA], diff size [182]
[2016-03-29 17:26:50,276][TRACE][org.elasticsearch.discovery.zen.publish] [node0] sending commit for cluster state (uuid: [2DhiGsocSjioiZ27P0xlOA], version [4]) to [{node2}{node2}{local}{local[55]}]
[2016-03-29 17:26:50,276][TRACE][org.elasticsearch.discovery.zen.publish] [node0] sending commit for cluster state (uuid: [2DhiGsocSjioiZ27P0xlOA], version [4]) to [{node1}{node1}{local}{local[54]}]
[2016-03-29 17:26:50,276][DEBUG][org.elasticsearch.discovery.zen.publish] [node2] received version [4], uuid [2DhiGsocSjioiZ27P0xlOA]
[2016-03-29 17:26:50,277][DEBUG][org.elasticsearch.discovery.zen.publish] [node1] received version [4], uuid [2DhiGsocSjioiZ27P0xlOA]
[2016-03-29 17:26:50,277][DEBUG][org.elasticsearch.discovery.zen.publish] [node1] received diff cluster state version [5] with uuid [zcoEejYlRSqFrmik94AGUA], diff size [182]
[2016-03-29 17:26:50,277][DEBUG][org.elasticsearch.discovery.zen.publish] [node2] received diff cluster state version [5] with uuid [zcoEejYlRSqFrmik94AGUA], diff size [182]
[2016-03-29 17:26:50,277][TRACE][org.elasticsearch.discovery.zen.publish] [node0] sending commit for cluster state (uuid: [zcoEejYlRSqFrmik94AGUA], version [5]) to [{node1}{node1}{local}{local[54]}]
[2016-03-29 17:26:50,277][TRACE][org.elasticsearch.discovery.zen.publish] [node0] sending commit for cluster state (uuid: [zcoEejYlRSqFrmik94AGUA], version [5]) to [{node2}{node2}{local}{local[55]}]
[2016-03-29 17:26:50,277][DEBUG][org.elasticsearch.discovery.zen.publish] [node1] received version [5], uuid [zcoEejYlRSqFrmik94AGUA]
[2016-03-29 17:26:50,277][DEBUG][org.elasticsearch.discovery.zen.publish] [node2] received version [5], uuid [zcoEejYlRSqFrmik94AGUA]
[2016-03-29 17:26:50,278][DEBUG][org.elasticsearch.discovery.zen.publish] [node1] received diff cluster state version [6] with uuid [fCHP4P_xQ-Gr8yO1yeFrkw], diff size [185]
[2016-03-29 17:26:50,278][DEBUG][org.elasticsearch.discovery.zen.publish] [node2] received diff cluster state version [6] with uuid [fCHP4P_xQ-Gr8yO1yeFrkw], diff size [185]
[2016-03-29 17:26:50,278][TRACE][org.elasticsearch.discovery.zen.publish] [node0] master node {node1}{node1}{local}{local[54]} acked cluster state version [6]. processing ... (current pending [2], needed [2])
[2016-03-29 17:26:50,278][TRACE][org.elasticsearch.discovery.zen.publish] [node0] master node {node2}{node2}{local}{local[55]} acked cluster state version [6]. processing ... (current pending [1], needed [1])
[2016-03-29 17:26:50,278][TRACE][org.elasticsearch.discovery.zen.publish] [node0] committing version [6]
[2016-03-29 17:26:50,278][TRACE][org.elasticsearch.discovery.zen.publish] [node0] sending commit for cluster state (uuid: [fCHP4P_xQ-Gr8yO1yeFrkw], version [6]) to [{node1}{node1}{local}{local[54]}]
[2016-03-29 17:26:50,279][TRACE][org.elasticsearch.discovery.zen.publish] [node0] sending commit for cluster state (uuid: [fCHP4P_xQ-Gr8yO1yeFrkw], version [6]) to [{node2}{node2}{local}{local[55]}]
[2016-03-29 17:26:50,279][DEBUG][org.elasticsearch.discovery.zen.publish] [node1] received version [6], uuid [fCHP4P_xQ-Gr8yO1yeFrkw]
[2016-03-29 17:26:50,279][DEBUG][org.elasticsearch.discovery.zen.publish] [node2] received version [6], uuid [fCHP4P_xQ-Gr8yO1yeFrkw]
[2016-03-29 17:26:50,279][DEBUG][org.elasticsearch.discovery.zen.publish] [node1] received diff cluster state version [7] with uuid [eJTMXNf6Rsak0qeJr5msSA], diff size [186]
[2016-03-29 17:26:50,279][DEBUG][org.elasticsearch.discovery.zen.publish] [node2] received diff cluster state version [7] with uuid [eJTMXNf6Rsak0qeJr5msSA], diff size [186]
[2016-03-29 17:26:50,280][TRACE][org.elasticsearch.discovery.zen.publish] [node0] sending commit for cluster state (uuid: [eJTMXNf6Rsak0qeJr5msSA], version [7]) to [{node1}{node1}{local}{local[54]}]
[2016-03-29 17:26:50,280][DEBUG][org.elasticsearch.discovery.zen.publish] [node1] received version [7], uuid [eJTMXNf6Rsak0qeJr5msSA]
[2016-03-29 17:26:50,280][TRACE][org.elasticsearch.discovery.zen.publish] [node0] sending commit for cluster state (uuid: [eJTMXNf6Rsak0qeJr5msSA], version [7]) to [{node2}{node2}{local}{local[55]}]
[2016-03-29 17:26:50,280][DEBUG][org.elasticsearch.discovery.zen.publish] [node2] received version [7], uuid [eJTMXNf6Rsak0qeJr5msSA]
[2016-03-29 17:26:50,280][DEBUG][org.elasticsearch.discovery.zen.publish] [node1] received diff cluster state version [8] with uuid [jzotfY7-SoCRHf9bFe4rZw], diff size [189]
[2016-03-29 17:26:50,280][DEBUG][org.elasticsearch.discovery.zen.publish] [node2] received diff cluster state version [8] with uuid [jzotfY7-SoCRHf9bFe4rZw], diff size [189]
[2016-03-29 17:26:50,281][TRACE][org.elasticsearch.discovery.zen.publish] [node0] sending commit for cluster state (uuid: [jzotfY7-SoCRHf9bFe4rZw], version [8]) to [{node1}{node1}{local}{local[54]}]
[2016-03-29 17:26:50,281][TRACE][org.elasticsearch.discovery.zen.publish] [node0] sending commit for cluster state (uuid: [jzotfY7-SoCRHf9bFe4rZw], version [8]) to [{node2}{node2}{local}{local[55]}]
[2016-03-29 17:26:50,281][DEBUG][org.elasticsearch.discovery.zen.publish] [node1] received version [8], uuid [jzotfY7-SoCRHf9bFe4rZw]
[2016-03-29 17:26:50,281][DEBUG][org.elasticsearch.discovery.zen.publish] [node2] received version [8], uuid [jzotfY7-SoCRHf9bFe4rZw]
[2016-03-29 17:26:50,281][DEBUG][org.elasticsearch.discovery.zen.publish] [node1] received diff cluster state version [9] with uuid [__k05abkSAG_34j2skBpKw], diff size [189]
[2016-03-29 17:26:50,281][DEBUG][org.elasticsearch.discovery.zen.publish] [node2] received diff cluster state version [9] with uuid [__k05abkSAG_34j2skBpKw], diff size [189]
[2016-03-29 17:26:50,282][TRACE][org.elasticsearch.discovery.zen.publish] [node0] sending commit for cluster state (uuid: [__k05abkSAG_34j2skBpKw], version [9]) to [{node1}{node1}{local}{local[54]}]
[2016-03-29 17:26:50,282][TRACE][org.elasticsearch.discovery.zen.publish] [node0] sending commit for cluster state (uuid: [__k05abkSAG_34j2skBpKw], version [9]) to [{node2}{node2}{local}{local[55]}]
[2016-03-29 17:26:50,282][DEBUG][org.elasticsearch.discovery.zen.publish] [node1] received version [9], uuid [__k05abkSAG_34j2skBpKw]
[2016-03-29 17:26:50,282][DEBUG][org.elasticsearch.discovery.zen.publish] [node2] received version [9], uuid [__k05abkSAG_34j2skBpKw]
]]></system-out>
   <system-err><![CDATA[]]></system-err>
</testsuite>