<testsuite errors="0" failures="0" tests="10" skipped="0" name="org.elasticsearch.discovery.zen.publish.PublishClusterStateActionTests" hostname="nohost.nodomain" time="0.635" timestamp="2016-04-18T03:00:27">
   <properties class="java.util.ArrayList">
      <property name="awt.toolkit" value="sun.lwawt.macosx.LWCToolkit"/>
      <property name="es.logger.level" value="WARN"/>
      <property name="file.encoding" value="UTF-8"/>
      <property name="file.encoding.pkg" value="sun.io"/>
      <property name="file.separator" value="/"/>
      <property name="ftp.nonProxyHosts" value="local|*.local|169.254/16|*.169.254/16"/>
      <property name="gopherProxySet" value="false"/>
      <property name="http.nonProxyHosts" value="local|*.local|169.254/16|*.169.254/16"/>
      <property name="java.awt.graphicsenv" value="sun.awt.CGraphicsEnvironment"/>
      <property name="java.awt.headless" value="true"/>
      <property name="java.awt.printerjob" value="sun.lwawt.macosx.CPrinterJob"/>
      <property name="java.class.path" value="/Users/lwiskowski/CSE2410_spring2016_projectileDysfunction/core/build/classes/test:/Users/lwiskowski/CSE2410_spring2016_projectileDysfunction/core/build/resources/test:/Users/lwiskowski/CSE2410_spring2016_projectileDysfunction/core/build/classes/main:/Users/lwiskowski/CSE2410_spring2016_projectileDysfunction/core/build/resources/main:/Users/lwiskowski/.gradle/caches/modules-2/files-2.1/org.apache.lucene/lucene-core/5.5.0-snapshot-1721183/f6854c65c7f4c6d9de583f4daa4fd3ae8a3800f1/lucene-core-5.5.0-snapshot-1721183.jar:/Users/lwiskowski/.gradle/caches/modules-2/files-2.1/org.apache.lucene/lucene-analyzers-common/5.5.0-snapshot-1721183/69e187ef1d2d9c9570363eb4186821e0341df5b8/lucene-analyzers-common-5.5.0-snapshot-1721183.jar:/Users/lwiskowski/.gradle/caches/modules-2/files-2.1/org.apache.lucene/lucene-backward-codecs/5.5.0-snapshot-1721183/fa00a45ff9bc6a4df44db81f2e4e44ea94bf88e/lucene-backward-codecs-5.5.0-snapshot-1721183.jar:/Users/lwiskowski/.gradle/caches/modules-2/files-2.1/org.apache.lucene/lucene-grouping/5.5.0-snapshot-1721183/e996e6c723eb415ba2cfa7f5e98bbf194a4918dd/lucene-grouping-5.5.0-snapshot-1721183.jar:/Users/lwiskowski/.gradle/caches/modules-2/files-2.1/org.apache.lucene/lucene-highlighter/5.5.0-snapshot-1721183/3b7a5d97b10885f16eb53deb15d64c942b9f9fdb/lucene-highlighter-5.5.0-snapshot-1721183.jar:/Users/lwiskowski/.gradle/caches/modules-2/files-2.1/org.apache.lucene/lucene-join/5.5.0-snapshot-1721183/e4dda3eeb76e340aa4713a3b20d68c4a1504e505/lucene-join-5.5.0-snapshot-1721183.jar:/Users/lwiskowski/.gradle/caches/modules-2/files-2.1/org.apache.lucene/lucene-memory/5.5.0-snapshot-1721183/800442a5d7612ce4c8748831871b4d436a50554e/lucene-memory-5.5.0-snapshot-1721183.jar:/Users/lwiskowski/.gradle/caches/modules-2/files-2.1/org.apache.lucene/lucene-misc/5.5.0-snapshot-1721183/bdf184de9b5773c7af3ae908af78eeb1e512470c/lucene-misc-5.5.0-snapshot-1721183.jar:/Users/lwiskowski/.gradle/caches/modules-2/files-2.1/org.apache.lucene/lucene-queries/5.5.0-snapshot-1721183/fc59de52bd2c7e420edfd235723cb8b0dd44e92d/lucene-queries-5.5.0-snapshot-1721183.jar:/Users/lwiskowski/.gradle/caches/modules-2/files-2.1/org.apache.lucene/lucene-queryparser/5.5.0-snapshot-1721183/1d341e6a4f11f3170773ccffdbe6815b45967e3d/lucene-queryparser-5.5.0-snapshot-1721183.jar:/Users/lwiskowski/.gradle/caches/modules-2/files-2.1/org.apache.lucene/lucene-sandbox/5.5.0-snapshot-1721183/a1b02c2b595ac92f45f0d2be03841a3a7fcae1f1/lucene-sandbox-5.5.0-snapshot-1721183.jar:/Users/lwiskowski/.gradle/caches/modules-2/files-2.1/org.apache.lucene/lucene-spatial/5.5.0-snapshot-1721183/e3ea422b56734329fb6974e9cf9f66478adb5793/lucene-spatial-5.5.0-snapshot-1721183.jar:/Users/lwiskowski/.gradle/caches/modules-2/files-2.1/org.apache.lucene/lucene-spatial3d/5.5.0-snapshot-1721183/5eadbd4e63120b59ab6445e39489205f98420471/lucene-spatial3d-5.5.0-snapshot-1721183.jar:/Users/lwiskowski/.gradle/caches/modules-2/files-2.1/org.apache.lucene/lucene-suggest/5.5.0-snapshot-1721183/a336287e65d082535f02a8427666dbe46b1b9b74/lucene-suggest-5.5.0-snapshot-1721183.jar:/Users/lwiskowski/.gradle/caches/modules-2/files-2.1/org.elasticsearch/securesm/1.0/c0c6cf986ba0057390bfcc80c366a0e3157f944b/securesm-1.0.jar:/Users/lwiskowski/.gradle/caches/modules-2/files-2.1/commons-cli/commons-cli/1.3.1/1303efbc4b181e5a58bf2e967dc156a3132b97c0/commons-cli-1.3.1.jar:/Users/lwiskowski/.gradle/caches/modules-2/files-2.1/com.carrotsearch/hppc/0.7.1/8b5057f74ea378c0150a1860874a3ebdcb713767/hppc-0.7.1.jar:/Users/lwiskowski/.gradle/caches/modules-2/files-2.1/joda-time/joda-time/2.8.2/d27c24204c5e507b16fec01006b3d0f1ec42aed4/joda-time-2.8.2.jar:/Users/lwiskowski/.gradle/caches/modules-2/files-2.1/org.joda/joda-convert/1.2/35ec554f0cd00c956cc69051514d9488b1374dec/joda-convert-1.2.jar:/Users/lwiskowski/.gradle/caches/modules-2/files-2.1/com.fasterxml.jackson.core/jackson-core/2.6.2/123f29333b2c6b3516b14252b6e93226bfcd6e37/jackson-core-2.6.2.jar:/Users/lwiskowski/.gradle/caches/modules-2/files-2.1/com.fasterxml.jackson.dataformat/jackson-dataformat-smile/2.6.2/395d18c1a1dd730b8026ee59c4067e5d2b45ba6e/jackson-dataformat-smile-2.6.2.jar:/Users/lwiskowski/.gradle/caches/modules-2/files-2.1/com.fasterxml.jackson.dataformat/jackson-dataformat-yaml/2.6.2/4ae23088dd3fae47c66843f2e4251d7255ee140e/jackson-dataformat-yaml-2.6.2.jar:/Users/lwiskowski/.gradle/caches/modules-2/files-2.1/com.fasterxml.jackson.dataformat/jackson-dataformat-cbor/2.6.2/1e13c575f914c83761bb8e2aca7dfd9e4c647579/jackson-dataformat-cbor-2.6.2.jar:/Users/lwiskowski/.gradle/caches/modules-2/files-2.1/io.netty/netty/3.10.5.Final/9ca7d55d246092bddd29b867706e2f6c7db701a0/netty-3.10.5.Final.jar:/Users/lwiskowski/.gradle/caches/modules-2/files-2.1/com.tdunning/t-digest/3.0/84ccf145ac2215e6bfa63baa3101c0af41017cfc/t-digest-3.0.jar:/Users/lwiskowski/.gradle/caches/modules-2/files-2.1/org.hdrhistogram/HdrHistogram/2.1.6/7495feb7f71ee124bd2a7e7d83590e296d71d80e/HdrHistogram-2.1.6.jar:/Users/lwiskowski/.gradle/caches/modules-2/files-2.1/com.spatial4j/spatial4j/0.5/6e16edaf6b1ba76db7f08c2f3723fce3b358ecc3/spatial4j-0.5.jar:/Users/lwiskowski/.gradle/caches/modules-2/files-2.1/com.vividsolutions/jts/1.13/3ccfb9b60f04d71add996a666ceb8902904fd805/jts-1.13.jar:/Users/lwiskowski/.gradle/caches/modules-2/files-2.1/log4j/log4j/1.2.17/5af35056b4d257e4b64b9e8069c0746e8b08629f/log4j-1.2.17.jar:/Users/lwiskowski/.gradle/caches/modules-2/files-2.1/log4j/apache-log4j-extras/1.2.17/85863614d82185d7e51fe21c00aa9117a523a8b6/apache-log4j-extras-1.2.17.jar:/Users/lwiskowski/.gradle/caches/modules-2/files-2.1/org.slf4j/slf4j-api/1.6.2/8619e95939167fb37245b5670135e4feb0ec7d50/slf4j-api-1.6.2.jar:/Users/lwiskowski/.gradle/caches/modules-2/files-2.1/net.java.dev.jna/jna/4.1.0/1c12d070e602efd8021891cdd7fd18bc129372d4/jna-4.1.0.jar:/Users/lwiskowski/CSE2410_spring2016_projectileDysfunction/test/framework/build/libs/framework-3.0.0-SNAPSHOT.jar:/Users/lwiskowski/.gradle/caches/modules-2/files-2.1/com.carrotsearch.randomizedtesting/randomizedtesting-runner/2.3.2/307965917fe8a22b7ee72deba39ef4b8e6ebc069/randomizedtesting-runner-2.3.2.jar:/Users/lwiskowski/.gradle/caches/modules-2/files-2.1/junit/junit/4.11/4e031bb61df09069aeb2bffb4019e7a5034a4ee0/junit-4.11.jar:/Users/lwiskowski/.gradle/caches/modules-2/files-2.1/org.hamcrest/hamcrest-all/1.3/63a21ebc981131004ad02e0434e799fd7f3a8d5a/hamcrest-all-1.3.jar:/Users/lwiskowski/.gradle/caches/modules-2/files-2.1/org.apache.lucene/lucene-test-framework/5.5.0-snapshot-1721183/a8d851d0ad82182b3a02f4b30c336e7aa0e173cb/lucene-test-framework-5.5.0-snapshot-1721183.jar:/Users/lwiskowski/.gradle/caches/modules-2/files-2.1/org.apache.lucene/lucene-codecs/5.5.0-snapshot-1721183/8aa59442b028c7a2c1a516accb6142a8910ba5fc/lucene-codecs-5.5.0-snapshot-1721183.jar:/Users/lwiskowski/.gradle/caches/modules-2/files-2.1/org.apache.httpcomponents/httpclient/4.3.6/4c47155e3e6c9a41a28db36680b828ced53b8af4/httpclient-4.3.6.jar:/Users/lwiskowski/.gradle/caches/modules-2/files-2.1/org.apache.httpcomponents/httpcore/4.3.3/f91b7a4aadc5cf486df6e4634748d7dd7a73f06d/httpcore-4.3.3.jar:/Users/lwiskowski/.gradle/caches/modules-2/files-2.1/commons-logging/commons-logging/1.1.3/f6f66e966c70a83ffbdb6f17a0919eaf7c8aca7f/commons-logging-1.1.3.jar:/Users/lwiskowski/.gradle/caches/modules-2/files-2.1/commons-codec/commons-codec/1.10/4b95f4897fa13f2cd904aee711aeafc0c5295cd8/commons-codec-1.10.jar:/Users/lwiskowski/.gradle/caches/modules-2/files-2.1/org.elasticsearch/securemock/1.2/98201d4ad5ac93f6b415ae9172d52b5e7cda490e/securemock-1.2.jar:/Users/lwiskowski/.gradle/caches/modules-2/files-2.1/com.carrotsearch.randomizedtesting/junit4-ant/2.3.2/dc8f03f6111974092491f35b8269eb0fc57f52f7/junit4-ant-2.3.2.jar"/>
      <property name="java.class.version" value="52.0"/>
      <property name="java.endorsed.dirs" value="/Library/Java/JavaVirtualMachines/jdk1.8.0_71.jdk/Contents/Home/jre/lib/endorsed"/>
      <property name="java.ext.dirs" value="/Users/lwiskowski/Library/Java/Extensions:/Library/Java/JavaVirtualMachines/jdk1.8.0_71.jdk/Contents/Home/jre/lib/ext:/Library/Java/Extensions:/Network/Library/Java/Extensions:/System/Library/Java/Extensions:/usr/lib/java"/>
      <property name="java.home" value="/Library/Java/JavaVirtualMachines/jdk1.8.0_71.jdk/Contents/Home/jre"/>
      <property name="java.io.tmpdir" value="./temp"/>
      <property name="java.library.path" value="/Users/lwiskowski/Library/Java/Extensions:/Library/Java/Extensions:/Network/Library/Java/Extensions:/System/Library/Java/Extensions:/usr/lib/java:."/>
      <property name="java.runtime.name" value="Java(TM) SE Runtime Environment"/>
      <property name="java.runtime.version" value="1.8.0_71-b15"/>
      <property name="java.specification.name" value="Java Platform API Specification"/>
      <property name="java.specification.vendor" value="Oracle Corporation"/>
      <property name="java.specification.version" value="1.8"/>
      <property name="java.vendor" value="Oracle Corporation"/>
      <property name="java.vendor.url" value="http://java.oracle.com/"/>
      <property name="java.vendor.url.bug" value="http://bugreport.sun.com/bugreport/"/>
      <property name="java.version" value="1.8.0_71"/>
      <property name="java.vm.info" value="mixed mode"/>
      <property name="java.vm.name" value="Java HotSpot(TM) 64-Bit Server VM"/>
      <property name="java.vm.specification.name" value="Java Virtual Machine Specification"/>
      <property name="java.vm.specification.vendor" value="Oracle Corporation"/>
      <property name="java.vm.specification.version" value="1.8"/>
      <property name="java.vm.vendor" value="Oracle Corporation"/>
      <property name="java.vm.version" value="25.71-b15"/>
      <property name="junit4.childvm.count" value="4"/>
      <property name="junit4.childvm.cwd" value="/Users/lwiskowski/CSE2410_spring2016_projectileDysfunction/core/build/testrun/test/J2"/>
      <property name="junit4.childvm.id" value="2"/>
      <property name="junit4.memory.total" value="514850816"/>
      <property name="junit4.pidString" value="3678@host238-95.aruba.fit.edu"/>
      <property name="junit4.processors" value="8"/>
      <property name="line.separator" value="
"/>
      <property name="os.arch" value="x86_64"/>
      <property name="os.name" value="Mac OS X"/>
      <property name="os.version" value="10.11.4"/>
      <property name="path.separator" value=":"/>
      <property name="socksNonProxyHosts" value="local|*.local|169.254/16|*.169.254/16"/>
      <property name="sun.arch.data.model" value="64"/>
      <property name="sun.boot.class.path" value="/Library/Java/JavaVirtualMachines/jdk1.8.0_71.jdk/Contents/Home/jre/lib/resources.jar:/Library/Java/JavaVirtualMachines/jdk1.8.0_71.jdk/Contents/Home/jre/lib/rt.jar:/Library/Java/JavaVirtualMachines/jdk1.8.0_71.jdk/Contents/Home/jre/lib/sunrsasign.jar:/Library/Java/JavaVirtualMachines/jdk1.8.0_71.jdk/Contents/Home/jre/lib/jsse.jar:/Library/Java/JavaVirtualMachines/jdk1.8.0_71.jdk/Contents/Home/jre/lib/jce.jar:/Library/Java/JavaVirtualMachines/jdk1.8.0_71.jdk/Contents/Home/jre/lib/charsets.jar:/Library/Java/JavaVirtualMachines/jdk1.8.0_71.jdk/Contents/Home/jre/lib/jfr.jar:/Library/Java/JavaVirtualMachines/jdk1.8.0_71.jdk/Contents/Home/jre/classes"/>
      <property name="sun.boot.library.path" value="/Library/Java/JavaVirtualMachines/jdk1.8.0_71.jdk/Contents/Home/jre/lib"/>
      <property name="sun.cpu.endian" value="little"/>
      <property name="sun.cpu.isalist" value=""/>
      <property name="sun.io.unicode.encoding" value="UnicodeBig"/>
      <property name="sun.java.command" value="com.carrotsearch.ant.tasks.junit4.slave.SlaveMainSafe -eventsfile /Users/lwiskowski/CSE2410_spring2016_projectileDysfunction/core/build/testrun/test/temp/junit4-J2-20160418_030013_807.events @/Users/lwiskowski/CSE2410_spring2016_projectileDysfunction/core/build/testrun/test/temp/junit4-J2-20160418_030013_807.suites -stdin"/>
      <property name="sun.java.launcher" value="SUN_STANDARD"/>
      <property name="sun.jnu.encoding" value="UTF-8"/>
      <property name="sun.management.compiler" value="HotSpot 64-Bit Tiered Compilers"/>
      <property name="sun.os.patch.level" value="unknown"/>
      <property name="tests.artifact" value="core"/>
      <property name="tests.ifNoTests" value="fail"/>
      <property name="tests.maven" value="true"/>
      <property name="tests.prefix" value="tests"/>
      <property name="tests.security.manager" value="true"/>
      <property name="tests.seed" value="C877FAF7F7268FEE"/>
      <property name="tests.task" value=":core:test"/>
      <property name="user.country" value="US"/>
      <property name="user.dir" value="/Users/lwiskowski/CSE2410_spring2016_projectileDysfunction/core/build/testrun/test/J2"/>
      <property name="user.home" value="/Users/lwiskowski"/>
      <property name="user.language" value="en"/>
      <property name="user.name" value="lwiskowski"/>
      <property name="user.timezone" value=""/>
   </properties>
   <testcase classname="org.elasticsearch.discovery.zen.publish.PublishClusterStateActionTests" name="testPublishingWithSendingErrors" time="0.153"/>
   <testcase classname="org.elasticsearch.discovery.zen.publish.PublishClusterStateActionTests" name="testIncomingClusterStateValidation" time="0.006"/>
   <testcase classname="org.elasticsearch.discovery.zen.publish.PublishClusterStateActionTests" name="testInterleavedPublishCommit" time="0.012"/>
   <testcase classname="org.elasticsearch.discovery.zen.publish.PublishClusterStateActionTests" name="testUnexpectedDiffPublishing" time="0.106"/>
   <testcase classname="org.elasticsearch.discovery.zen.publish.PublishClusterStateActionTests" name="testSerializationFailureDuringDiffPublishing" time="0.02"/>
   <testcase classname="org.elasticsearch.discovery.zen.publish.PublishClusterStateActionTests" name="testSimultaneousClusterStatePublishing" time="0.253"/>
   <testcase classname="org.elasticsearch.discovery.zen.publish.PublishClusterStateActionTests" name="testSimpleClusterStatePublishing" time="0.029"/>
   <testcase classname="org.elasticsearch.discovery.zen.publish.PublishClusterStateActionTests" name="testDisablingDiffPublishing" time="0.01"/>
   <testcase classname="org.elasticsearch.discovery.zen.publish.PublishClusterStateActionTests" name="testTimeoutOrCommit" time="0.029"/>
   <testcase classname="org.elasticsearch.discovery.zen.publish.PublishClusterStateActionTests" name="testFailToPublishWithLessThanMinMasterNodes" time="0.007"/>
   <system-out><![CDATA[[2016-04-18 03:00:27,648][INFO ][org.elasticsearch.discovery.zen.publish] --> expecting commit to timeout. good nodes [3], errors [5], timeouts [4]. min_master_nodes [10]
[2016-04-18 03:00:27,653][DEBUG][org.elasticsearch.discovery.zen.publish] [node0] received full cluster state version [0] with size [245]
[2016-04-18 03:00:27,653][DEBUG][org.elasticsearch.discovery.zen.publish] [data_1] received full cluster state version [0] with size [245]
[2016-04-18 03:00:27,658][DEBUG][org.elasticsearch.discovery.zen.publish] [node1] received full cluster state version [0] with size [245]
[2016-04-18 03:00:27,659][TRACE][org.elasticsearch.discovery.zen.publish] [master] master node {node0}{node0}{local}{local[4]} acked cluster state version [0]. processing ... (current pending [11], needed [9])
[2016-04-18 03:00:27,660][TRACE][org.elasticsearch.discovery.zen.publish] [master] master node {node1}{node1}{local}{local[5]} acked cluster state version [0]. processing ... (current pending [10], needed [8])
[2016-04-18 03:00:27,671][DEBUG][org.elasticsearch.discovery.zen.publish] [master] failed to send cluster state to {node4}{node4}{local}{local[8]}
RemoteTransportException[[master][local[3]][internal:discovery/zen/publish/send]]; nested: ElasticsearchException[forced error on incoming cluster state];
Caused by: ElasticsearchException[forced error on incoming cluster state]
	at org.elasticsearch.discovery.zen.publish.PublishClusterStateActionTests$MockPublishAction.handleIncomingClusterStateRequest(PublishClusterStateActionTests.java:832)
	at org.elasticsearch.discovery.zen.publish.PublishClusterStateAction$SendClusterStateRequestHandler.messageReceived(PublishClusterStateAction.java:438)
	at org.elasticsearch.discovery.zen.publish.PublishClusterStateAction$SendClusterStateRequestHandler.messageReceived(PublishClusterStateAction.java:434)
	at org.elasticsearch.transport.TransportRequestHandler.messageReceived(TransportRequestHandler.java:33)
	at org.elasticsearch.transport.RequestHandlerRegistry.processMessageReceived(RequestHandlerRegistry.java:65)
	at org.elasticsearch.transport.local.LocalTransport.handleRequest(LocalTransport.java:290)
	at org.elasticsearch.transport.local.LocalTransport.messageReceived(LocalTransport.java:251)
	at org.elasticsearch.transport.local.LocalTransport$1.run(LocalTransport.java:229)
	at java.util.concurrent.ThreadPoolExecutor.runWorker(ThreadPoolExecutor.java:1142)
	at java.util.concurrent.ThreadPoolExecutor$Worker.run(ThreadPoolExecutor.java:617)
	at java.lang.Thread.run(Thread.java:745)
[2016-04-18 03:00:27,674][TRACE][org.elasticsearch.discovery.zen.publish] [master] master node {node4}{node4}{local}{local[8]} failed to ack cluster state version [0]. processing ... (current pending [9], needed [7])
[2016-04-18 03:00:27,675][DEBUG][org.elasticsearch.discovery.zen.publish] [master] failed to send cluster state to {node3}{node3}{local}{local[7]}
RemoteTransportException[[master][local[3]][internal:discovery/zen/publish/send]]; nested: ElasticsearchException[forced error on incoming cluster state];
Caused by: ElasticsearchException[forced error on incoming cluster state]
	at org.elasticsearch.discovery.zen.publish.PublishClusterStateActionTests$MockPublishAction.handleIncomingClusterStateRequest(PublishClusterStateActionTests.java:832)
	at org.elasticsearch.discovery.zen.publish.PublishClusterStateAction$SendClusterStateRequestHandler.messageReceived(PublishClusterStateAction.java:438)
	at org.elasticsearch.discovery.zen.publish.PublishClusterStateAction$SendClusterStateRequestHandler.messageReceived(PublishClusterStateAction.java:434)
	at org.elasticsearch.transport.TransportRequestHandler.messageReceived(TransportRequestHandler.java:33)
	at org.elasticsearch.transport.RequestHandlerRegistry.processMessageReceived(RequestHandlerRegistry.java:65)
	at org.elasticsearch.transport.local.LocalTransport.handleRequest(LocalTransport.java:290)
	at org.elasticsearch.transport.local.LocalTransport.messageReceived(LocalTransport.java:251)
	at org.elasticsearch.transport.local.LocalTransport$1.run(LocalTransport.java:229)
	at java.util.concurrent.ThreadPoolExecutor.runWorker(ThreadPoolExecutor.java:1142)
	at java.util.concurrent.ThreadPoolExecutor$Worker.run(ThreadPoolExecutor.java:617)
	at java.lang.Thread.run(Thread.java:745)
[2016-04-18 03:00:27,675][TRACE][org.elasticsearch.discovery.zen.publish] [master] master node {node3}{node3}{local}{local[7]} failed to ack cluster state version [0]. processing ... (current pending [8], needed [7])
[2016-04-18 03:00:27,675][DEBUG][org.elasticsearch.discovery.zen.publish] [master] failed to send cluster state to {node2}{node2}{local}{local[6]}
RemoteTransportException[[master][local[3]][internal:discovery/zen/publish/send]]; nested: ElasticsearchException[forced error on incoming cluster state];
Caused by: ElasticsearchException[forced error on incoming cluster state]
	at org.elasticsearch.discovery.zen.publish.PublishClusterStateActionTests$MockPublishAction.handleIncomingClusterStateRequest(PublishClusterStateActionTests.java:832)
	at org.elasticsearch.discovery.zen.publish.PublishClusterStateAction$SendClusterStateRequestHandler.messageReceived(PublishClusterStateAction.java:438)
	at org.elasticsearch.discovery.zen.publish.PublishClusterStateAction$SendClusterStateRequestHandler.messageReceived(PublishClusterStateAction.java:434)
	at org.elasticsearch.transport.TransportRequestHandler.messageReceived(TransportRequestHandler.java:33)
	at org.elasticsearch.transport.RequestHandlerRegistry.processMessageReceived(RequestHandlerRegistry.java:65)
	at org.elasticsearch.transport.local.LocalTransport.handleRequest(LocalTransport.java:290)
	at org.elasticsearch.transport.local.LocalTransport.messageReceived(LocalTransport.java:251)
	at org.elasticsearch.transport.local.LocalTransport$1.run(LocalTransport.java:229)
	at java.util.concurrent.ThreadPoolExecutor.runWorker(ThreadPoolExecutor.java:1142)
	at java.util.concurrent.ThreadPoolExecutor$Worker.run(ThreadPoolExecutor.java:617)
	at java.lang.Thread.run(Thread.java:745)
[2016-04-18 03:00:27,676][TRACE][org.elasticsearch.discovery.zen.publish] [master] master node {node2}{node2}{local}{local[6]} failed to ack cluster state version [0]. processing ... (current pending [7], needed [7])
[2016-04-18 03:00:27,676][DEBUG][org.elasticsearch.discovery.zen.publish] [master] failed to send cluster state to {node5}{node5}{local}{local[9]}
RemoteTransportException[[master][local[3]][internal:discovery/zen/publish/send]]; nested: ElasticsearchException[forced error on incoming cluster state];
Caused by: ElasticsearchException[forced error on incoming cluster state]
	at org.elasticsearch.discovery.zen.publish.PublishClusterStateActionTests$MockPublishAction.handleIncomingClusterStateRequest(PublishClusterStateActionTests.java:832)
	at org.elasticsearch.discovery.zen.publish.PublishClusterStateAction$SendClusterStateRequestHandler.messageReceived(PublishClusterStateAction.java:438)
	at org.elasticsearch.discovery.zen.publish.PublishClusterStateAction$SendClusterStateRequestHandler.messageReceived(PublishClusterStateAction.java:434)
	at org.elasticsearch.transport.TransportRequestHandler.messageReceived(TransportRequestHandler.java:33)
	at org.elasticsearch.transport.RequestHandlerRegistry.processMessageReceived(RequestHandlerRegistry.java:65)
	at org.elasticsearch.transport.local.LocalTransport.handleRequest(LocalTransport.java:290)
	at org.elasticsearch.transport.local.LocalTransport.messageReceived(LocalTransport.java:251)
	at org.elasticsearch.transport.local.LocalTransport$1.run(LocalTransport.java:229)
	at java.util.concurrent.ThreadPoolExecutor.runWorker(ThreadPoolExecutor.java:1142)
	at java.util.concurrent.ThreadPoolExecutor$Worker.run(ThreadPoolExecutor.java:617)
	at java.lang.Thread.run(Thread.java:745)
[2016-04-18 03:00:27,677][TRACE][org.elasticsearch.discovery.zen.publish] [master] master node {node5}{node5}{local}{local[9]} failed to ack cluster state version [0]. processing ... (current pending [6], needed [7])
[2016-04-18 03:00:27,677][DEBUG][org.elasticsearch.discovery.zen.publish] [master] failed to send cluster state to {node6}{node6}{local}{local[10]}
RemoteTransportException[[master][local[3]][internal:discovery/zen/publish/send]]; nested: ElasticsearchException[forced error on incoming cluster state];
Caused by: ElasticsearchException[forced error on incoming cluster state]
	at org.elasticsearch.discovery.zen.publish.PublishClusterStateActionTests$MockPublishAction.handleIncomingClusterStateRequest(PublishClusterStateActionTests.java:832)
	at org.elasticsearch.discovery.zen.publish.PublishClusterStateAction$SendClusterStateRequestHandler.messageReceived(PublishClusterStateAction.java:438)
	at org.elasticsearch.discovery.zen.publish.PublishClusterStateAction$SendClusterStateRequestHandler.messageReceived(PublishClusterStateAction.java:434)
	at org.elasticsearch.transport.TransportRequestHandler.messageReceived(TransportRequestHandler.java:33)
	at org.elasticsearch.transport.RequestHandlerRegistry.processMessageReceived(RequestHandlerRegistry.java:65)
	at org.elasticsearch.transport.local.LocalTransport.handleRequest(LocalTransport.java:290)
	at org.elasticsearch.transport.local.LocalTransport.messageReceived(LocalTransport.java:251)
	at org.elasticsearch.transport.local.LocalTransport$1.run(LocalTransport.java:229)
	at java.util.concurrent.ThreadPoolExecutor.runWorker(ThreadPoolExecutor.java:1142)
	at java.util.concurrent.ThreadPoolExecutor$Worker.run(ThreadPoolExecutor.java:617)
	at java.lang.Thread.run(Thread.java:745)
[2016-04-18 03:00:27,678][TRACE][org.elasticsearch.discovery.zen.publish] [master] master node {node6}{node6}{local}{local[10]} failed to ack cluster state version [0]. processing ... (current pending [5], needed [7])
[2016-04-18 03:00:27,762][TRACE][org.elasticsearch.discovery.zen.publish] [master] failed to commit version [0]. timed out waiting for commit (commit timeout [100ms]
[2016-04-18 03:00:27,762][DEBUG][org.elasticsearch.discovery.zen.publish] failed to publish as expected
FailedToCommitClusterStateException[timed out while waiting for enough masters to ack sent cluster state. [7] left]
	at org.elasticsearch.discovery.zen.publish.PublishClusterStateAction$SendingController.waitForCommit(PublishClusterStateAction.java:525)
	at org.elasticsearch.discovery.zen.publish.PublishClusterStateAction.innerPublish(PublishClusterStateAction.java:189)
	at org.elasticsearch.discovery.zen.publish.PublishClusterStateAction.publish(PublishClusterStateAction.java:154)
	at org.elasticsearch.discovery.zen.publish.PublishClusterStateActionTests.publishState(PublishClusterStateActionTests.java:758)
	at org.elasticsearch.discovery.zen.publish.PublishClusterStateActionTests.testPublishingWithSendingErrors(PublishClusterStateActionTests.java:576)
	at sun.reflect.NativeMethodAccessorImpl.invoke0(Native Method)
	at sun.reflect.NativeMethodAccessorImpl.invoke(NativeMethodAccessorImpl.java:62)
	at sun.reflect.DelegatingMethodAccessorImpl.invoke(DelegatingMethodAccessorImpl.java:43)
	at java.lang.reflect.Method.invoke(Method.java:497)
	at com.carrotsearch.randomizedtesting.RandomizedRunner.invoke(RandomizedRunner.java:1764)
	at com.carrotsearch.randomizedtesting.RandomizedRunner$8.evaluate(RandomizedRunner.java:871)
	at com.carrotsearch.randomizedtesting.RandomizedRunner$9.evaluate(RandomizedRunner.java:907)
	at com.carrotsearch.randomizedtesting.RandomizedRunner$10.evaluate(RandomizedRunner.java:921)
	at com.carrotsearch.randomizedtesting.rules.StatementAdapter.evaluate(StatementAdapter.java:36)
	at org.apache.lucene.util.TestRuleSetupTeardownChained$1.evaluate(TestRuleSetupTeardownChained.java:50)
	at org.apache.lucene.util.AbstractBeforeAfterRule$1.evaluate(AbstractBeforeAfterRule.java:46)
	at org.apache.lucene.util.TestRuleThreadAndTestName$1.evaluate(TestRuleThreadAndTestName.java:49)
	at org.apache.lucene.util.TestRuleIgnoreAfterMaxFailures$1.evaluate(TestRuleIgnoreAfterMaxFailures.java:65)
	at org.apache.lucene.util.TestRuleMarkFailure$1.evaluate(TestRuleMarkFailure.java:48)
	at com.carrotsearch.randomizedtesting.rules.StatementAdapter.evaluate(StatementAdapter.java:36)
	at com.carrotsearch.randomizedtesting.ThreadLeakControl$StatementRunner.run(ThreadLeakControl.java:367)
	at com.carrotsearch.randomizedtesting.ThreadLeakControl.forkTimeoutingTask(ThreadLeakControl.java:809)
	at com.carrotsearch.randomizedtesting.ThreadLeakControl$3.evaluate(ThreadLeakControl.java:460)
	at com.carrotsearch.randomizedtesting.RandomizedRunner.runSingleTest(RandomizedRunner.java:880)
	at com.carrotsearch.randomizedtesting.RandomizedRunner$5.evaluate(RandomizedRunner.java:781)
	at com.carrotsearch.randomizedtesting.RandomizedRunner$6.evaluate(RandomizedRunner.java:816)
	at com.carrotsearch.randomizedtesting.RandomizedRunner$7.evaluate(RandomizedRunner.java:827)
	at org.apache.lucene.util.AbstractBeforeAfterRule$1.evaluate(AbstractBeforeAfterRule.java:46)
	at com.carrotsearch.randomizedtesting.rules.StatementAdapter.evaluate(StatementAdapter.java:36)
	at org.apache.lucene.util.TestRuleStoreClassName$1.evaluate(TestRuleStoreClassName.java:42)
	at com.carrotsearch.randomizedtesting.rules.NoShadowingOrOverridesOnMethodsRule$1.evaluate(NoShadowingOrOverridesOnMethodsRule.java:40)
	at com.carrotsearch.randomizedtesting.rules.NoShadowingOrOverridesOnMethodsRule$1.evaluate(NoShadowingOrOverridesOnMethodsRule.java:40)
	at com.carrotsearch.randomizedtesting.rules.StatementAdapter.evaluate(StatementAdapter.java:36)
	at com.carrotsearch.randomizedtesting.rules.StatementAdapter.evaluate(StatementAdapter.java:36)
	at com.carrotsearch.randomizedtesting.rules.StatementAdapter.evaluate(StatementAdapter.java:36)
	at org.apache.lucene.util.TestRuleAssertionsRequired$1.evaluate(TestRuleAssertionsRequired.java:54)
	at org.apache.lucene.util.TestRuleMarkFailure$1.evaluate(TestRuleMarkFailure.java:48)
	at org.apache.lucene.util.TestRuleIgnoreAfterMaxFailures$1.evaluate(TestRuleIgnoreAfterMaxFailures.java:65)
	at org.apache.lucene.util.TestRuleIgnoreTestSuites$1.evaluate(TestRuleIgnoreTestSuites.java:55)
	at com.carrotsearch.randomizedtesting.rules.StatementAdapter.evaluate(StatementAdapter.java:36)
	at com.carrotsearch.randomizedtesting.ThreadLeakControl$StatementRunner.run(ThreadLeakControl.java:367)
	at java.lang.Thread.run(Thread.java:745)
[2016-04-18 03:00:27,766][DEBUG][org.elasticsearch.discovery.zen.publish] [master] failed to send cluster state to {node10}{node10}{local}{local[14]}
NodeDisconnectedException[[node10][local[14]][internal:discovery/zen/publish/send] disconnected]
[2016-04-18 03:00:27,766][TRACE][org.elasticsearch.discovery.zen.publish] [master] master node {node10}{node10}{local}{local[14]} failed to ack cluster state version [0]. processing ... (current pending [4], needed [7])
[2016-04-18 03:00:27,767][DEBUG][org.elasticsearch.discovery.zen.publish] [master] failed to send cluster state to {data_0}{data_0}{local}{local[15]}[master=>false]
NodeDisconnectedException[[data_0][local[15]][internal:discovery/zen/publish/send] disconnected]
[2016-04-18 03:00:27,768][DEBUG][org.elasticsearch.discovery.zen.publish] [master] failed to send cluster state to {data_2}{data_2}{local}{local[17]}[master=>false]
NodeDisconnectedException[[data_2][local[17]][internal:discovery/zen/publish/send] disconnected]
[2016-04-18 03:00:27,771][DEBUG][org.elasticsearch.discovery.zen.publish] [master] failed to send cluster state to {node8}{node8}{local}{local[12]}
TransportException[transport stopped, action: internal:discovery/zen/publish/send]
	at org.elasticsearch.transport.TransportService$2.run(TransportService.java:190)
	at java.util.concurrent.ThreadPoolExecutor.runWorker(ThreadPoolExecutor.java:1142)
	at java.util.concurrent.ThreadPoolExecutor$Worker.run(ThreadPoolExecutor.java:617)
	at java.lang.Thread.run(Thread.java:745)
[2016-04-18 03:00:27,771][DEBUG][org.elasticsearch.discovery.zen.publish] [master] failed to send cluster state to {node9}{node9}{local}{local[13]}
TransportException[transport stopped, action: internal:discovery/zen/publish/send]
	at org.elasticsearch.transport.TransportService$2.run(TransportService.java:190)
	at java.util.concurrent.ThreadPoolExecutor.runWorker(ThreadPoolExecutor.java:1142)
	at java.util.concurrent.ThreadPoolExecutor$Worker.run(ThreadPoolExecutor.java:617)
	at java.lang.Thread.run(Thread.java:745)
[2016-04-18 03:00:27,771][DEBUG][org.elasticsearch.discovery.zen.publish] [master] failed to send cluster state to {node7}{node7}{local}{local[11]}
TransportException[transport stopped, action: internal:discovery/zen/publish/send]
	at org.elasticsearch.transport.TransportService$2.run(TransportService.java:190)
	at java.util.concurrent.ThreadPoolExecutor.runWorker(ThreadPoolExecutor.java:1142)
	at java.util.concurrent.ThreadPoolExecutor$Worker.run(ThreadPoolExecutor.java:617)
	at java.lang.Thread.run(Thread.java:745)
[2016-04-18 03:00:27,771][TRACE][org.elasticsearch.discovery.zen.publish] [master] master node {node8}{node8}{local}{local[12]} failed to ack cluster state version [0]. processing ... (current pending [3], needed [7])
[2016-04-18 03:00:27,772][TRACE][org.elasticsearch.discovery.zen.publish] [master] master node {node7}{node7}{local}{local[11]} failed to ack cluster state version [0]. processing ... (current pending [2], needed [7])
[2016-04-18 03:00:27,772][TRACE][org.elasticsearch.discovery.zen.publish] [master] master node {node9}{node9}{local}{local[13]} failed to ack cluster state version [0]. processing ... (current pending [1], needed [7])
[2016-04-18 03:00:27,776][INFO ][org.elasticsearch.discovery.zen.publish] --> testing acceptances of any master when having no master
[2016-04-18 03:00:27,777][INFO ][org.elasticsearch.discovery.zen.publish] --> testing rejection of another master
[2016-04-18 03:00:27,777][WARN ][org.elasticsearch.discovery.zen.publish] [node] received a cluster state from a different master than the current one, rejecting (received null, current null)
[2016-04-18 03:00:27,777][INFO ][org.elasticsearch.discovery.zen.publish] --> test state from the current master is accepted
[2016-04-18 03:00:27,777][INFO ][org.elasticsearch.discovery.zen.publish] --> testing rejection of another cluster name
[2016-04-18 03:00:27,777][WARN ][org.elasticsearch.discovery.zen.publish] [node] received cluster state from [null] which is also master but with a different cluster name [Cluster [MVyhTtqYxJ]]
[2016-04-18 03:00:27,777][INFO ][org.elasticsearch.discovery.zen.publish] --> testing rejection of a cluster state with wrong local node
[2016-04-18 03:00:27,777][WARN ][org.elasticsearch.discovery.zen.publish] [node] received a cluster state from [null] and not part of the cluster, should not happen
[2016-04-18 03:00:27,778][WARN ][org.elasticsearch.discovery.zen.publish] [node] received a cluster state from [null] and not part of the cluster, should not happen
[2016-04-18 03:00:27,778][INFO ][org.elasticsearch.discovery.zen.publish] --> testing acceptance of an old cluster state
[2016-04-18 03:00:27,783][INFO ][org.elasticsearch.discovery.zen.publish] --> publishing states
[2016-04-18 03:00:27,784][DEBUG][org.elasticsearch.discovery.zen.publish] [node] received full cluster state version [1] with size [97]
[2016-04-18 03:00:27,784][DEBUG][org.elasticsearch.discovery.zen.publish] [node] received full cluster state version [2] with size [97]
[2016-04-18 03:00:27,785][DEBUG][org.elasticsearch.discovery.zen.publish] [node] received full cluster state version [4] with size [97]
[2016-04-18 03:00:27,785][DEBUG][org.elasticsearch.discovery.zen.publish] [node] received full cluster state version [5] with size [97]
[2016-04-18 03:00:27,785][DEBUG][org.elasticsearch.discovery.zen.publish] [node] received full cluster state version [6] with size [97]
[2016-04-18 03:00:27,786][DEBUG][org.elasticsearch.discovery.zen.publish] [node] received full cluster state version [3] with size [97]
[2016-04-18 03:00:27,786][INFO ][org.elasticsearch.discovery.zen.publish] --> committing states
[2016-04-18 03:00:27,789][DEBUG][org.elasticsearch.discovery.zen.publish] [node] received version [3], uuid [yeVjLifgSNS0vHdCpiasRg]
[2016-04-18 03:00:27,789][DEBUG][org.elasticsearch.discovery.zen.publish] [node] received version [4], uuid [y84ewHXyQaKWxvGSpT2vGw]
[2016-04-18 03:00:27,789][DEBUG][org.elasticsearch.discovery.zen.publish] [node] received version [2], uuid [DBpSHJfZRsCnbG-p9AHaAg]
[2016-04-18 03:00:27,789][DEBUG][org.elasticsearch.discovery.zen.publish] [node] received version [1], uuid [tW5fEy3sTpyeuc54ljtIiQ]
[2016-04-18 03:00:27,789][DEBUG][org.elasticsearch.discovery.zen.publish] [node] received version [6], uuid [ekXq1ZBdTKmA8FIRoPSoHg]
[2016-04-18 03:00:27,789][DEBUG][org.elasticsearch.discovery.zen.publish] [node] received version [5], uuid [0_WVyOf_QF2bZzPhYpVdcw]
[2016-04-18 03:00:27,805][DEBUG][org.elasticsearch.discovery.zen.publish] [nodeB] received diff for but don't have any local cluster state - requesting full state
[2016-04-18 03:00:27,805][DEBUG][org.elasticsearch.discovery.zen.publish] [nodeA] resending full cluster state to node {nodeB}{nodeB}{local}{local[22]} reason RemoteTransportException[[nodeA][local[21]][internal:discovery/zen/publish/send]]; nested: IncompatibleClusterStateVersionException[have no local cluster state];; org.elasticsearch.cluster.IncompatibleClusterStateVersionException: have no local cluster state
[2016-04-18 03:00:27,815][DEBUG][org.elasticsearch.discovery.zen.publish] [nodeB] received full cluster state version [1] with size [107]
[2016-04-18 03:00:27,816][TRACE][org.elasticsearch.discovery.zen.publish] [nodeA] master node {nodeB}{nodeB}{local}{local[22]} acked cluster state version [1]. processing ... (current pending [1], needed [1])
[2016-04-18 03:00:27,816][TRACE][org.elasticsearch.discovery.zen.publish] [nodeA] committing version [1]
[2016-04-18 03:00:27,816][TRACE][org.elasticsearch.discovery.zen.publish] [nodeA] sending commit for cluster state (uuid: [IYWSHH3nS0G75yO0y7As7Q], version [1]) to [{nodeB}{nodeB}{local}{local[22]}]
[2016-04-18 03:00:27,828][DEBUG][org.elasticsearch.discovery.zen.publish] [nodeB] received version [1], uuid [IYWSHH3nS0G75yO0y7As7Q]
[2016-04-18 03:00:27,840][DEBUG][org.elasticsearch.discovery.zen.publish] [nodeB] received diff cluster state version [2] with uuid [cW5MnV8rRJuTYzY-etZ8aw], diff size [133]
[2016-04-18 03:00:27,850][TRACE][org.elasticsearch.discovery.zen.publish] [nodeA] sending commit for cluster state (uuid: [cW5MnV8rRJuTYzY-etZ8aw], version [2]) to [{nodeB}{nodeB}{local}{local[22]}]
[2016-04-18 03:00:27,860][DEBUG][org.elasticsearch.discovery.zen.publish] [nodeB] received version [2], uuid [cW5MnV8rRJuTYzY-etZ8aw]
[2016-04-18 03:00:27,902][DEBUG][org.elasticsearch.discovery.zen.publish] [nodeB] received diff for but don't have any local cluster state - requesting full state
[2016-04-18 03:00:27,902][DEBUG][org.elasticsearch.discovery.zen.publish] [nodeA] resending full cluster state to node {nodeB}{nodeB}{local}{local[24]} reason RemoteTransportException[[nodeA][local[23]][internal:discovery/zen/publish/send]]; nested: IncompatibleClusterStateVersionException[have no local cluster state];; org.elasticsearch.cluster.IncompatibleClusterStateVersionException: have no local cluster state
[2016-04-18 03:00:27,912][DEBUG][org.elasticsearch.discovery.zen.publish] [nodeB] received full cluster state version [1] with size [107]
[2016-04-18 03:00:27,912][TRACE][org.elasticsearch.discovery.zen.publish] [nodeA] master node {nodeB}{nodeB}{local}{local[24]} acked cluster state version [1]. processing ... (current pending [1], needed [1])
[2016-04-18 03:00:27,913][TRACE][org.elasticsearch.discovery.zen.publish] [nodeA] committing version [1]
[2016-04-18 03:00:27,913][TRACE][org.elasticsearch.discovery.zen.publish] [nodeA] sending commit for cluster state (uuid: [B_sBfkgUTVGz8Gps5ggR9A], version [1]) to [{nodeB}{nodeB}{local}{local[24]}]
[2016-04-18 03:00:27,913][DEBUG][org.elasticsearch.discovery.zen.publish] [nodeB] received version [1], uuid [B_sBfkgUTVGz8Gps5ggR9A]
[2016-04-18 03:00:27,926][DEBUG][org.elasticsearch.discovery.zen.publish] [node4] received full cluster state version [1] with size [243]
[2016-04-18 03:00:27,926][DEBUG][org.elasticsearch.discovery.zen.publish] [node5] received full cluster state version [1] with size [243]
[2016-04-18 03:00:27,926][DEBUG][org.elasticsearch.discovery.zen.publish] [node2] received full cluster state version [1] with size [243]
[2016-04-18 03:00:27,927][TRACE][org.elasticsearch.discovery.zen.publish] [node0] sending commit for cluster state (uuid: [yX4YxDE0Sm-XmItMJinoPw], version [1]) to [{node4}{node4}{local}{local[29]}]
[2016-04-18 03:00:27,927][DEBUG][org.elasticsearch.discovery.zen.publish] [node3] received full cluster state version [1] with size [243]
[2016-04-18 03:00:27,927][TRACE][org.elasticsearch.discovery.zen.publish] [node0] sending commit for cluster state (uuid: [yX4YxDE0Sm-XmItMJinoPw], version [1]) to [{node5}{node5}{local}{local[30]}]
[2016-04-18 03:00:27,934][DEBUG][org.elasticsearch.discovery.zen.publish] [node4] received version [1], uuid [yX4YxDE0Sm-XmItMJinoPw]
[2016-04-18 03:00:27,927][DEBUG][org.elasticsearch.discovery.zen.publish] [node6] received full cluster state version [1] with size [243]
[2016-04-18 03:00:27,934][TRACE][org.elasticsearch.discovery.zen.publish] [node0] sending commit for cluster state (uuid: [yX4YxDE0Sm-XmItMJinoPw], version [1]) to [{node2}{node2}{local}{local[27]}]
[2016-04-18 03:00:27,934][DEBUG][org.elasticsearch.discovery.zen.publish] [node7] received full cluster state version [1] with size [243]
[2016-04-18 03:00:27,934][TRACE][org.elasticsearch.discovery.zen.publish] [node0] sending commit for cluster state (uuid: [yX4YxDE0Sm-XmItMJinoPw], version [1]) to [{node3}{node3}{local}{local[28]}]
[2016-04-18 03:00:27,934][DEBUG][org.elasticsearch.discovery.zen.publish] [node1] received full cluster state version [1] with size [243]
[2016-04-18 03:00:27,934][DEBUG][org.elasticsearch.discovery.zen.publish] [node5] received version [1], uuid [yX4YxDE0Sm-XmItMJinoPw]
[2016-04-18 03:00:27,934][TRACE][org.elasticsearch.discovery.zen.publish] [node0] sending commit for cluster state (uuid: [yX4YxDE0Sm-XmItMJinoPw], version [1]) to [{node6}{node6}{local}{local[31]}]
[2016-04-18 03:00:27,934][DEBUG][org.elasticsearch.discovery.zen.publish] [node3] received version [1], uuid [yX4YxDE0Sm-XmItMJinoPw]
[2016-04-18 03:00:27,934][TRACE][org.elasticsearch.discovery.zen.publish] [node0] sending commit for cluster state (uuid: [yX4YxDE0Sm-XmItMJinoPw], version [1]) to [{node7}{node7}{local}{local[32]}]
[2016-04-18 03:00:27,934][DEBUG][org.elasticsearch.discovery.zen.publish] [node2] received version [1], uuid [yX4YxDE0Sm-XmItMJinoPw]
[2016-04-18 03:00:27,934][TRACE][org.elasticsearch.discovery.zen.publish] [node0] sending commit for cluster state (uuid: [yX4YxDE0Sm-XmItMJinoPw], version [1]) to [{node1}{node1}{local}{local[26]}]
[2016-04-18 03:00:27,935][DEBUG][org.elasticsearch.discovery.zen.publish] [node6] received version [1], uuid [yX4YxDE0Sm-XmItMJinoPw]
[2016-04-18 03:00:27,935][DEBUG][org.elasticsearch.discovery.zen.publish] [node7] received version [1], uuid [yX4YxDE0Sm-XmItMJinoPw]
[2016-04-18 03:00:27,935][DEBUG][org.elasticsearch.discovery.zen.publish] [node1] received version [1], uuid [yX4YxDE0Sm-XmItMJinoPw]
[2016-04-18 03:00:27,936][DEBUG][org.elasticsearch.discovery.zen.publish] [node5] received full cluster state version [2] with size [251]
[2016-04-18 03:00:27,936][DEBUG][org.elasticsearch.discovery.zen.publish] [node7] received full cluster state version [2] with size [251]
[2016-04-18 03:00:27,936][DEBUG][org.elasticsearch.discovery.zen.publish] [node1] received full cluster state version [2] with size [251]
[2016-04-18 03:00:27,943][DEBUG][org.elasticsearch.discovery.zen.publish] [node4] received full cluster state version [2] with size [251]
[2016-04-18 03:00:27,943][DEBUG][org.elasticsearch.discovery.zen.publish] [node6] received full cluster state version [2] with size [251]
[2016-04-18 03:00:27,944][DEBUG][org.elasticsearch.discovery.zen.publish] [node3] received full cluster state version [2] with size [251]
[2016-04-18 03:00:27,946][DEBUG][org.elasticsearch.discovery.zen.publish] [node2] received full cluster state version [2] with size [251]
[2016-04-18 03:00:27,946][TRACE][org.elasticsearch.discovery.zen.publish] [node0] sending commit for cluster state (uuid: [M08-QrfMQomHVh84Ilp29w], version [2]) to [{node5}{node5}{local}{local[30]}]
[2016-04-18 03:00:27,946][TRACE][org.elasticsearch.discovery.zen.publish] [node0] sending commit for cluster state (uuid: [M08-QrfMQomHVh84Ilp29w], version [2]) to [{node7}{node7}{local}{local[32]}]
[2016-04-18 03:00:27,946][DEBUG][org.elasticsearch.discovery.zen.publish] [node5] received version [2], uuid [M08-QrfMQomHVh84Ilp29w]
[2016-04-18 03:00:27,946][TRACE][org.elasticsearch.discovery.zen.publish] [node0] sending commit for cluster state (uuid: [M08-QrfMQomHVh84Ilp29w], version [2]) to [{node1}{node1}{local}{local[26]}]
[2016-04-18 03:00:27,946][TRACE][org.elasticsearch.discovery.zen.publish] [node0] sending commit for cluster state (uuid: [M08-QrfMQomHVh84Ilp29w], version [2]) to [{node4}{node4}{local}{local[29]}]
[2016-04-18 03:00:27,946][TRACE][org.elasticsearch.discovery.zen.publish] [node0] sending commit for cluster state (uuid: [M08-QrfMQomHVh84Ilp29w], version [2]) to [{node6}{node6}{local}{local[31]}]
[2016-04-18 03:00:27,947][TRACE][org.elasticsearch.discovery.zen.publish] [node0] sending commit for cluster state (uuid: [M08-QrfMQomHVh84Ilp29w], version [2]) to [{node3}{node3}{local}{local[28]}]
[2016-04-18 03:00:27,947][TRACE][org.elasticsearch.discovery.zen.publish] [node0] sending commit for cluster state (uuid: [M08-QrfMQomHVh84Ilp29w], version [2]) to [{node2}{node2}{local}{local[27]}]
[2016-04-18 03:00:27,956][DEBUG][org.elasticsearch.discovery.zen.publish] [node4] received version [2], uuid [M08-QrfMQomHVh84Ilp29w]
[2016-04-18 03:00:27,956][DEBUG][org.elasticsearch.discovery.zen.publish] [node1] received version [2], uuid [M08-QrfMQomHVh84Ilp29w]
[2016-04-18 03:00:27,956][DEBUG][org.elasticsearch.discovery.zen.publish] [node2] received version [2], uuid [M08-QrfMQomHVh84Ilp29w]
[2016-04-18 03:00:27,956][DEBUG][org.elasticsearch.discovery.zen.publish] [node7] received version [2], uuid [M08-QrfMQomHVh84Ilp29w]
[2016-04-18 03:00:27,956][DEBUG][org.elasticsearch.discovery.zen.publish] [node3] received version [2], uuid [M08-QrfMQomHVh84Ilp29w]
[2016-04-18 03:00:27,956][DEBUG][org.elasticsearch.discovery.zen.publish] [node6] received version [2], uuid [M08-QrfMQomHVh84Ilp29w]
[2016-04-18 03:00:27,958][DEBUG][org.elasticsearch.discovery.zen.publish] [node4] received full cluster state version [3] with size [264]
[2016-04-18 03:00:27,962][TRACE][org.elasticsearch.discovery.zen.publish] [node0] sending commit for cluster state (uuid: [trSdUNrLT6CKhNx9tmQJVg], version [3]) to [{node4}{node4}{local}{local[29]}]
[2016-04-18 03:00:27,962][DEBUG][org.elasticsearch.discovery.zen.publish] [node4] received version [3], uuid [trSdUNrLT6CKhNx9tmQJVg]
[2016-04-18 03:00:27,962][DEBUG][org.elasticsearch.discovery.zen.publish] [node1] received full cluster state version [3] with size [264]
[2016-04-18 03:00:27,962][DEBUG][org.elasticsearch.discovery.zen.publish] [node7] received full cluster state version [3] with size [264]
[2016-04-18 03:00:27,962][DEBUG][org.elasticsearch.discovery.zen.publish] [node2] received full cluster state version [3] with size [264]
[2016-04-18 03:00:27,962][DEBUG][org.elasticsearch.discovery.zen.publish] [node3] received full cluster state version [3] with size [264]
[2016-04-18 03:00:27,962][DEBUG][org.elasticsearch.discovery.zen.publish] [node6] received full cluster state version [3] with size [264]
[2016-04-18 03:00:27,963][DEBUG][org.elasticsearch.discovery.zen.publish] [node5] received full cluster state version [3] with size [264]
[2016-04-18 03:00:27,969][TRACE][org.elasticsearch.discovery.zen.publish] [node0] sending commit for cluster state (uuid: [trSdUNrLT6CKhNx9tmQJVg], version [3]) to [{node1}{node1}{local}{local[26]}]
[2016-04-18 03:00:27,969][TRACE][org.elasticsearch.discovery.zen.publish] [node0] sending commit for cluster state (uuid: [trSdUNrLT6CKhNx9tmQJVg], version [3]) to [{node7}{node7}{local}{local[32]}]
[2016-04-18 03:00:27,969][TRACE][org.elasticsearch.discovery.zen.publish] [node0] sending commit for cluster state (uuid: [trSdUNrLT6CKhNx9tmQJVg], version [3]) to [{node2}{node2}{local}{local[27]}]
[2016-04-18 03:00:27,969][TRACE][org.elasticsearch.discovery.zen.publish] [node0] sending commit for cluster state (uuid: [trSdUNrLT6CKhNx9tmQJVg], version [3]) to [{node3}{node3}{local}{local[28]}]
[2016-04-18 03:00:27,970][TRACE][org.elasticsearch.discovery.zen.publish] [node0] sending commit for cluster state (uuid: [trSdUNrLT6CKhNx9tmQJVg], version [3]) to [{node6}{node6}{local}{local[31]}]
[2016-04-18 03:00:27,970][DEBUG][org.elasticsearch.discovery.zen.publish] [node3] received version [3], uuid [trSdUNrLT6CKhNx9tmQJVg]
[2016-04-18 03:00:27,970][DEBUG][org.elasticsearch.discovery.zen.publish] [node6] received version [3], uuid [trSdUNrLT6CKhNx9tmQJVg]
[2016-04-18 03:00:27,970][TRACE][org.elasticsearch.discovery.zen.publish] [node0] sending commit for cluster state (uuid: [trSdUNrLT6CKhNx9tmQJVg], version [3]) to [{node5}{node5}{local}{local[30]}]
[2016-04-18 03:00:27,972][DEBUG][org.elasticsearch.discovery.zen.publish] [node1] received version [3], uuid [trSdUNrLT6CKhNx9tmQJVg]
[2016-04-18 03:00:27,973][DEBUG][org.elasticsearch.discovery.zen.publish] [node7] received version [3], uuid [trSdUNrLT6CKhNx9tmQJVg]
[2016-04-18 03:00:27,973][DEBUG][org.elasticsearch.discovery.zen.publish] [node2] received version [3], uuid [trSdUNrLT6CKhNx9tmQJVg]
[2016-04-18 03:00:27,973][DEBUG][org.elasticsearch.discovery.zen.publish] [node5] received version [3], uuid [trSdUNrLT6CKhNx9tmQJVg]
[2016-04-18 03:00:27,976][DEBUG][org.elasticsearch.discovery.zen.publish] [node3] received full cluster state version [4] with size [280]
[2016-04-18 03:00:27,978][DEBUG][org.elasticsearch.discovery.zen.publish] [node4] received full cluster state version [4] with size [280]
[2016-04-18 03:00:27,979][DEBUG][org.elasticsearch.discovery.zen.publish] [node1] received full cluster state version [4] with size [280]
[2016-04-18 03:00:27,981][DEBUG][org.elasticsearch.discovery.zen.publish] [node7] received full cluster state version [4] with size [280]
[2016-04-18 03:00:27,983][DEBUG][org.elasticsearch.discovery.zen.publish] [node2] received full cluster state version [4] with size [280]
[2016-04-18 03:00:27,983][DEBUG][org.elasticsearch.discovery.zen.publish] [node5] received full cluster state version [4] with size [280]
[2016-04-18 03:00:27,985][DEBUG][org.elasticsearch.discovery.zen.publish] [node6] received full cluster state version [4] with size [280]
[2016-04-18 03:00:27,985][TRACE][org.elasticsearch.discovery.zen.publish] [node0] master node {node3}{node3}{local}{local[28]} acked cluster state version [4]. processing ... (current pending [7], needed [7])
[2016-04-18 03:00:27,985][TRACE][org.elasticsearch.discovery.zen.publish] [node0] master node {node4}{node4}{local}{local[29]} acked cluster state version [4]. processing ... (current pending [6], needed [6])
[2016-04-18 03:00:27,985][TRACE][org.elasticsearch.discovery.zen.publish] [node0] master node {node1}{node1}{local}{local[26]} acked cluster state version [4]. processing ... (current pending [5], needed [5])
[2016-04-18 03:00:27,985][TRACE][org.elasticsearch.discovery.zen.publish] [node0] master node {node7}{node7}{local}{local[32]} acked cluster state version [4]. processing ... (current pending [4], needed [4])
[2016-04-18 03:00:27,985][TRACE][org.elasticsearch.discovery.zen.publish] [node0] master node {node2}{node2}{local}{local[27]} acked cluster state version [4]. processing ... (current pending [3], needed [3])
[2016-04-18 03:00:27,985][TRACE][org.elasticsearch.discovery.zen.publish] [node0] master node {node5}{node5}{local}{local[30]} acked cluster state version [4]. processing ... (current pending [2], needed [2])
[2016-04-18 03:00:27,985][TRACE][org.elasticsearch.discovery.zen.publish] [node0] master node {node6}{node6}{local}{local[31]} acked cluster state version [4]. processing ... (current pending [1], needed [1])
[2016-04-18 03:00:27,986][TRACE][org.elasticsearch.discovery.zen.publish] [node0] committing version [4]
[2016-04-18 03:00:27,986][TRACE][org.elasticsearch.discovery.zen.publish] [node0] sending commit for cluster state (uuid: [gnNVLBQfR0uu38ULHSKcIQ], version [4]) to [{node3}{node3}{local}{local[28]}]
[2016-04-18 03:00:27,986][TRACE][org.elasticsearch.discovery.zen.publish] [node0] sending commit for cluster state (uuid: [gnNVLBQfR0uu38ULHSKcIQ], version [4]) to [{node4}{node4}{local}{local[29]}]
[2016-04-18 03:00:27,986][DEBUG][org.elasticsearch.discovery.zen.publish] [node3] received version [4], uuid [gnNVLBQfR0uu38ULHSKcIQ]
[2016-04-18 03:00:27,987][TRACE][org.elasticsearch.discovery.zen.publish] [node0] sending commit for cluster state (uuid: [gnNVLBQfR0uu38ULHSKcIQ], version [4]) to [{node1}{node1}{local}{local[26]}]
[2016-04-18 03:00:27,987][TRACE][org.elasticsearch.discovery.zen.publish] [node0] sending commit for cluster state (uuid: [gnNVLBQfR0uu38ULHSKcIQ], version [4]) to [{node7}{node7}{local}{local[32]}]
[2016-04-18 03:00:27,987][TRACE][org.elasticsearch.discovery.zen.publish] [node0] sending commit for cluster state (uuid: [gnNVLBQfR0uu38ULHSKcIQ], version [4]) to [{node2}{node2}{local}{local[27]}]
[2016-04-18 03:00:27,987][DEBUG][org.elasticsearch.discovery.zen.publish] [node7] received version [4], uuid [gnNVLBQfR0uu38ULHSKcIQ]
[2016-04-18 03:00:27,987][TRACE][org.elasticsearch.discovery.zen.publish] [node0] sending commit for cluster state (uuid: [gnNVLBQfR0uu38ULHSKcIQ], version [4]) to [{node5}{node5}{local}{local[30]}]
[2016-04-18 03:00:27,987][TRACE][org.elasticsearch.discovery.zen.publish] [node0] sending commit for cluster state (uuid: [gnNVLBQfR0uu38ULHSKcIQ], version [4]) to [{node6}{node6}{local}{local[31]}]
[2016-04-18 03:00:27,987][DEBUG][org.elasticsearch.discovery.zen.publish] [node5] received version [4], uuid [gnNVLBQfR0uu38ULHSKcIQ]
[2016-04-18 03:00:27,987][DEBUG][org.elasticsearch.discovery.zen.publish] [node6] received version [4], uuid [gnNVLBQfR0uu38ULHSKcIQ]
[2016-04-18 03:00:27,989][DEBUG][org.elasticsearch.discovery.zen.publish] [node2] received version [4], uuid [gnNVLBQfR0uu38ULHSKcIQ]
[2016-04-18 03:00:27,989][DEBUG][org.elasticsearch.discovery.zen.publish] [node1] received version [4], uuid [gnNVLBQfR0uu38ULHSKcIQ]
[2016-04-18 03:00:27,989][DEBUG][org.elasticsearch.discovery.zen.publish] [node4] received version [4], uuid [gnNVLBQfR0uu38ULHSKcIQ]
[2016-04-18 03:00:27,991][DEBUG][org.elasticsearch.discovery.zen.publish] [node1] received full cluster state version [5] with size [290]
[2016-04-18 03:00:27,991][DEBUG][org.elasticsearch.discovery.zen.publish] [node6] received full cluster state version [5] with size [290]
[2016-04-18 03:00:27,991][DEBUG][org.elasticsearch.discovery.zen.publish] [node3] received full cluster state version [5] with size [290]
[2016-04-18 03:00:27,992][DEBUG][org.elasticsearch.discovery.zen.publish] [node5] received full cluster state version [5] with size [290]
[2016-04-18 03:00:27,993][DEBUG][org.elasticsearch.discovery.zen.publish] [node2] received full cluster state version [5] with size [290]
[2016-04-18 03:00:27,993][DEBUG][org.elasticsearch.discovery.zen.publish] [node7] received full cluster state version [5] with size [290]
[2016-04-18 03:00:27,994][DEBUG][org.elasticsearch.discovery.zen.publish] [node4] received full cluster state version [5] with size [290]
[2016-04-18 03:00:27,994][TRACE][org.elasticsearch.discovery.zen.publish] [node0] master node {node1}{node1}{local}{local[26]} acked cluster state version [5]. processing ... (current pending [7], needed [7])
[2016-04-18 03:00:27,994][TRACE][org.elasticsearch.discovery.zen.publish] [node0] master node {node6}{node6}{local}{local[31]} acked cluster state version [5]. processing ... (current pending [6], needed [6])
[2016-04-18 03:00:27,994][TRACE][org.elasticsearch.discovery.zen.publish] [node0] master node {node3}{node3}{local}{local[28]} acked cluster state version [5]. processing ... (current pending [5], needed [5])
[2016-04-18 03:00:27,994][TRACE][org.elasticsearch.discovery.zen.publish] [node0] master node {node5}{node5}{local}{local[30]} acked cluster state version [5]. processing ... (current pending [4], needed [4])
[2016-04-18 03:00:27,994][TRACE][org.elasticsearch.discovery.zen.publish] [node0] master node {node2}{node2}{local}{local[27]} acked cluster state version [5]. processing ... (current pending [3], needed [3])
[2016-04-18 03:00:27,995][TRACE][org.elasticsearch.discovery.zen.publish] [node0] master node {node7}{node7}{local}{local[32]} acked cluster state version [5]. processing ... (current pending [2], needed [2])
[2016-04-18 03:00:27,995][TRACE][org.elasticsearch.discovery.zen.publish] [node0] master node {node4}{node4}{local}{local[29]} acked cluster state version [5]. processing ... (current pending [1], needed [1])
[2016-04-18 03:00:27,995][TRACE][org.elasticsearch.discovery.zen.publish] [node0] committing version [5]
[2016-04-18 03:00:27,995][TRACE][org.elasticsearch.discovery.zen.publish] [node0] sending commit for cluster state (uuid: [DAGGFTxGQxyLhdKTcpJrjg], version [5]) to [{node1}{node1}{local}{local[26]}]
[2016-04-18 03:00:27,995][TRACE][org.elasticsearch.discovery.zen.publish] [node0] sending commit for cluster state (uuid: [DAGGFTxGQxyLhdKTcpJrjg], version [5]) to [{node6}{node6}{local}{local[31]}]
[2016-04-18 03:00:27,995][TRACE][org.elasticsearch.discovery.zen.publish] [node0] sending commit for cluster state (uuid: [DAGGFTxGQxyLhdKTcpJrjg], version [5]) to [{node3}{node3}{local}{local[28]}]
[2016-04-18 03:00:27,995][DEBUG][org.elasticsearch.discovery.zen.publish] [node6] received version [5], uuid [DAGGFTxGQxyLhdKTcpJrjg]
[2016-04-18 03:00:27,995][TRACE][org.elasticsearch.discovery.zen.publish] [node0] sending commit for cluster state (uuid: [DAGGFTxGQxyLhdKTcpJrjg], version [5]) to [{node5}{node5}{local}{local[30]}]
[2016-04-18 03:00:27,995][DEBUG][org.elasticsearch.discovery.zen.publish] [node1] received version [5], uuid [DAGGFTxGQxyLhdKTcpJrjg]
[2016-04-18 03:00:27,995][TRACE][org.elasticsearch.discovery.zen.publish] [node0] sending commit for cluster state (uuid: [DAGGFTxGQxyLhdKTcpJrjg], version [5]) to [{node2}{node2}{local}{local[27]}]
[2016-04-18 03:00:27,995][DEBUG][org.elasticsearch.discovery.zen.publish] [node3] received version [5], uuid [DAGGFTxGQxyLhdKTcpJrjg]
[2016-04-18 03:00:27,995][TRACE][org.elasticsearch.discovery.zen.publish] [node0] sending commit for cluster state (uuid: [DAGGFTxGQxyLhdKTcpJrjg], version [5]) to [{node7}{node7}{local}{local[32]}]
[2016-04-18 03:00:27,995][DEBUG][org.elasticsearch.discovery.zen.publish] [node2] received version [5], uuid [DAGGFTxGQxyLhdKTcpJrjg]
[2016-04-18 03:00:27,996][TRACE][org.elasticsearch.discovery.zen.publish] [node0] sending commit for cluster state (uuid: [DAGGFTxGQxyLhdKTcpJrjg], version [5]) to [{node4}{node4}{local}{local[29]}]
[2016-04-18 03:00:27,996][DEBUG][org.elasticsearch.discovery.zen.publish] [node4] received version [5], uuid [DAGGFTxGQxyLhdKTcpJrjg]
[2016-04-18 03:00:27,997][DEBUG][org.elasticsearch.discovery.zen.publish] [node7] received version [5], uuid [DAGGFTxGQxyLhdKTcpJrjg]
[2016-04-18 03:00:27,997][DEBUG][org.elasticsearch.discovery.zen.publish] [node5] received version [5], uuid [DAGGFTxGQxyLhdKTcpJrjg]
[2016-04-18 03:00:27,998][DEBUG][org.elasticsearch.discovery.zen.publish] [node4] received full cluster state version [6] with size [301]
[2016-04-18 03:00:27,998][DEBUG][org.elasticsearch.discovery.zen.publish] [node1] received full cluster state version [6] with size [301]
[2016-04-18 03:00:27,998][TRACE][org.elasticsearch.discovery.zen.publish] [node0] master node {node4}{node4}{local}{local[29]} acked cluster state version [6]. processing ... (current pending [7], needed [4])
[2016-04-18 03:00:27,998][DEBUG][org.elasticsearch.discovery.zen.publish] [node2] received full cluster state version [6] with size [301]
[2016-04-18 03:00:27,998][TRACE][org.elasticsearch.discovery.zen.publish] [node0] master node {node1}{node1}{local}{local[26]} acked cluster state version [6]. processing ... (current pending [6], needed [3])
[2016-04-18 03:00:27,998][DEBUG][org.elasticsearch.discovery.zen.publish] [node6] received full cluster state version [6] with size [301]
[2016-04-18 03:00:27,998][TRACE][org.elasticsearch.discovery.zen.publish] [node0] master node {node2}{node2}{local}{local[27]} acked cluster state version [6]. processing ... (current pending [5], needed [2])
[2016-04-18 03:00:27,999][TRACE][org.elasticsearch.discovery.zen.publish] [node0] master node {node6}{node6}{local}{local[31]} acked cluster state version [6]. processing ... (current pending [4], needed [1])
[2016-04-18 03:00:27,999][TRACE][org.elasticsearch.discovery.zen.publish] [node0] committing version [6]
[2016-04-18 03:00:27,999][TRACE][org.elasticsearch.discovery.zen.publish] [node0] sending commit for cluster state (uuid: [Plz8trXwRrqnnMrHHeKJPQ], version [6]) to [{node4}{node4}{local}{local[29]}]
[2016-04-18 03:00:27,999][TRACE][org.elasticsearch.discovery.zen.publish] [node0] sending commit for cluster state (uuid: [Plz8trXwRrqnnMrHHeKJPQ], version [6]) to [{node1}{node1}{local}{local[26]}]
[2016-04-18 03:00:27,999][DEBUG][org.elasticsearch.discovery.zen.publish] [node4] received version [6], uuid [Plz8trXwRrqnnMrHHeKJPQ]
[2016-04-18 03:00:27,999][TRACE][org.elasticsearch.discovery.zen.publish] [node0] sending commit for cluster state (uuid: [Plz8trXwRrqnnMrHHeKJPQ], version [6]) to [{node2}{node2}{local}{local[27]}]
[2016-04-18 03:00:27,999][TRACE][org.elasticsearch.discovery.zen.publish] [node0] sending commit for cluster state (uuid: [Plz8trXwRrqnnMrHHeKJPQ], version [6]) to [{node6}{node6}{local}{local[31]}]
[2016-04-18 03:00:27,999][DEBUG][org.elasticsearch.discovery.zen.publish] [node6] received version [6], uuid [Plz8trXwRrqnnMrHHeKJPQ]
[2016-04-18 03:00:28,000][DEBUG][org.elasticsearch.discovery.zen.publish] [node5] received full cluster state version [6] with size [301]
[2016-04-18 03:00:28,000][DEBUG][org.elasticsearch.discovery.zen.publish] [node7] received full cluster state version [6] with size [301]
[2016-04-18 03:00:28,000][DEBUG][org.elasticsearch.discovery.zen.publish] [node3] received full cluster state version [6] with size [301]
[2016-04-18 03:00:28,002][DEBUG][org.elasticsearch.discovery.zen.publish] [node2] received version [6], uuid [Plz8trXwRrqnnMrHHeKJPQ]
[2016-04-18 03:00:28,002][DEBUG][org.elasticsearch.discovery.zen.publish] [node1] received version [6], uuid [Plz8trXwRrqnnMrHHeKJPQ]
[2016-04-18 03:00:28,003][TRACE][org.elasticsearch.discovery.zen.publish] [node0] sending commit for cluster state (uuid: [Plz8trXwRrqnnMrHHeKJPQ], version [6]) to [{node5}{node5}{local}{local[30]}]
[2016-04-18 03:00:28,003][TRACE][org.elasticsearch.discovery.zen.publish] [node0] sending commit for cluster state (uuid: [Plz8trXwRrqnnMrHHeKJPQ], version [6]) to [{node7}{node7}{local}{local[32]}]
[2016-04-18 03:00:28,003][TRACE][org.elasticsearch.discovery.zen.publish] [node0] sending commit for cluster state (uuid: [Plz8trXwRrqnnMrHHeKJPQ], version [6]) to [{node3}{node3}{local}{local[28]}]
[2016-04-18 03:00:28,003][DEBUG][org.elasticsearch.discovery.zen.publish] [node5] received version [6], uuid [Plz8trXwRrqnnMrHHeKJPQ]
[2016-04-18 03:00:28,003][DEBUG][org.elasticsearch.discovery.zen.publish] [node7] received version [6], uuid [Plz8trXwRrqnnMrHHeKJPQ]
[2016-04-18 03:00:28,008][DEBUG][org.elasticsearch.discovery.zen.publish] [node3] received version [6], uuid [Plz8trXwRrqnnMrHHeKJPQ]
[2016-04-18 03:00:28,010][DEBUG][org.elasticsearch.discovery.zen.publish] [node4] received full cluster state version [7] with size [313]
[2016-04-18 03:00:28,010][DEBUG][org.elasticsearch.discovery.zen.publish] [node6] received full cluster state version [7] with size [313]
[2016-04-18 03:00:28,011][DEBUG][org.elasticsearch.discovery.zen.publish] [node5] received full cluster state version [7] with size [313]
[2016-04-18 03:00:28,011][DEBUG][org.elasticsearch.discovery.zen.publish] [node7] received full cluster state version [7] with size [313]
[2016-04-18 03:00:28,012][DEBUG][org.elasticsearch.discovery.zen.publish] [node3] received full cluster state version [7] with size [313]
[2016-04-18 03:00:28,013][DEBUG][org.elasticsearch.discovery.zen.publish] [node2] received full cluster state version [7] with size [313]
[2016-04-18 03:00:28,013][TRACE][org.elasticsearch.discovery.zen.publish] [node0] master node {node4}{node4}{local}{local[29]} acked cluster state version [7]. processing ... (current pending [7], needed [3])
[2016-04-18 03:00:28,013][TRACE][org.elasticsearch.discovery.zen.publish] [node0] master node {node6}{node6}{local}{local[31]} acked cluster state version [7]. processing ... (current pending [6], needed [2])
[2016-04-18 03:00:28,013][TRACE][org.elasticsearch.discovery.zen.publish] [node0] master node {node5}{node5}{local}{local[30]} acked cluster state version [7]. processing ... (current pending [5], needed [1])
[2016-04-18 03:00:28,013][TRACE][org.elasticsearch.discovery.zen.publish] [node0] committing version [7]
[2016-04-18 03:00:28,013][TRACE][org.elasticsearch.discovery.zen.publish] [node0] sending commit for cluster state (uuid: [Y0fyngmxSJOuwUNFfgXTaw], version [7]) to [{node4}{node4}{local}{local[29]}]
[2016-04-18 03:00:28,013][TRACE][org.elasticsearch.discovery.zen.publish] [node0] sending commit for cluster state (uuid: [Y0fyngmxSJOuwUNFfgXTaw], version [7]) to [{node6}{node6}{local}{local[31]}]
[2016-04-18 03:00:28,023][DEBUG][org.elasticsearch.discovery.zen.publish] [node4] received version [7], uuid [Y0fyngmxSJOuwUNFfgXTaw]
[2016-04-18 03:00:28,023][DEBUG][org.elasticsearch.discovery.zen.publish] [node1] received full cluster state version [7] with size [313]
[2016-04-18 03:00:28,023][TRACE][org.elasticsearch.discovery.zen.publish] [node0] sending commit for cluster state (uuid: [Y0fyngmxSJOuwUNFfgXTaw], version [7]) to [{node5}{node5}{local}{local[30]}]
[2016-04-18 03:00:28,023][TRACE][org.elasticsearch.discovery.zen.publish] [node0] sending commit for cluster state (uuid: [Y0fyngmxSJOuwUNFfgXTaw], version [7]) to [{node7}{node7}{local}{local[32]}]
[2016-04-18 03:00:28,023][TRACE][org.elasticsearch.discovery.zen.publish] [node0] sending commit for cluster state (uuid: [Y0fyngmxSJOuwUNFfgXTaw], version [7]) to [{node3}{node3}{local}{local[28]}]
[2016-04-18 03:00:28,023][TRACE][org.elasticsearch.discovery.zen.publish] [node0] sending commit for cluster state (uuid: [Y0fyngmxSJOuwUNFfgXTaw], version [7]) to [{node2}{node2}{local}{local[27]}]
[2016-04-18 03:00:28,024][TRACE][org.elasticsearch.discovery.zen.publish] [node0] sending commit for cluster state (uuid: [Y0fyngmxSJOuwUNFfgXTaw], version [7]) to [{node1}{node1}{local}{local[26]}]
[2016-04-18 03:00:28,024][DEBUG][org.elasticsearch.discovery.zen.publish] [node2] received version [7], uuid [Y0fyngmxSJOuwUNFfgXTaw]
[2016-04-18 03:00:28,029][DEBUG][org.elasticsearch.discovery.zen.publish] [node3] received version [7], uuid [Y0fyngmxSJOuwUNFfgXTaw]
[2016-04-18 03:00:28,030][DEBUG][org.elasticsearch.discovery.zen.publish] [node7] received version [7], uuid [Y0fyngmxSJOuwUNFfgXTaw]
[2016-04-18 03:00:28,032][DEBUG][org.elasticsearch.discovery.zen.publish] [node5] received version [7], uuid [Y0fyngmxSJOuwUNFfgXTaw]
[2016-04-18 03:00:28,033][DEBUG][org.elasticsearch.discovery.zen.publish] [node6] received version [7], uuid [Y0fyngmxSJOuwUNFfgXTaw]
[2016-04-18 03:00:28,033][DEBUG][org.elasticsearch.discovery.zen.publish] [node1] received version [7], uuid [Y0fyngmxSJOuwUNFfgXTaw]
[2016-04-18 03:00:28,035][DEBUG][org.elasticsearch.discovery.zen.publish] [node2] received full cluster state version [8] with size [330]
[2016-04-18 03:00:28,040][DEBUG][org.elasticsearch.discovery.zen.publish] [node3] received full cluster state version [8] with size [330]
[2016-04-18 03:00:28,041][DEBUG][org.elasticsearch.discovery.zen.publish] [node7] received full cluster state version [8] with size [330]
[2016-04-18 03:00:28,043][DEBUG][org.elasticsearch.discovery.zen.publish] [node5] received full cluster state version [8] with size [330]
[2016-04-18 03:00:28,044][DEBUG][org.elasticsearch.discovery.zen.publish] [node6] received full cluster state version [8] with size [330]
[2016-04-18 03:00:28,044][DEBUG][org.elasticsearch.discovery.zen.publish] [node4] received full cluster state version [8] with size [330]
[2016-04-18 03:00:28,054][TRACE][org.elasticsearch.discovery.zen.publish] [node0] sending commit for cluster state (uuid: [OyqkHZwkQSiQf4dlYwgzrg], version [8]) to [{node2}{node2}{local}{local[27]}]
[2016-04-18 03:00:28,055][TRACE][org.elasticsearch.discovery.zen.publish] [node0] sending commit for cluster state (uuid: [OyqkHZwkQSiQf4dlYwgzrg], version [8]) to [{node3}{node3}{local}{local[28]}]
[2016-04-18 03:00:28,055][DEBUG][org.elasticsearch.discovery.zen.publish] [node3] received version [8], uuid [OyqkHZwkQSiQf4dlYwgzrg]
[2016-04-18 03:00:28,055][TRACE][org.elasticsearch.discovery.zen.publish] [node0] sending commit for cluster state (uuid: [OyqkHZwkQSiQf4dlYwgzrg], version [8]) to [{node7}{node7}{local}{local[32]}]
[2016-04-18 03:00:28,055][TRACE][org.elasticsearch.discovery.zen.publish] [node0] sending commit for cluster state (uuid: [OyqkHZwkQSiQf4dlYwgzrg], version [8]) to [{node5}{node5}{local}{local[30]}]
[2016-04-18 03:00:28,055][DEBUG][org.elasticsearch.discovery.zen.publish] [node1] received full cluster state version [8] with size [330]
[2016-04-18 03:00:28,055][TRACE][org.elasticsearch.discovery.zen.publish] [node0] sending commit for cluster state (uuid: [OyqkHZwkQSiQf4dlYwgzrg], version [8]) to [{node6}{node6}{local}{local[31]}]
[2016-04-18 03:00:28,055][TRACE][org.elasticsearch.discovery.zen.publish] [node0] sending commit for cluster state (uuid: [OyqkHZwkQSiQf4dlYwgzrg], version [8]) to [{node4}{node4}{local}{local[29]}]
[2016-04-18 03:00:28,055][DEBUG][org.elasticsearch.discovery.zen.publish] [node6] received version [8], uuid [OyqkHZwkQSiQf4dlYwgzrg]
[2016-04-18 03:00:28,055][TRACE][org.elasticsearch.discovery.zen.publish] [node0] sending commit for cluster state (uuid: [OyqkHZwkQSiQf4dlYwgzrg], version [8]) to [{node1}{node1}{local}{local[26]}]
[2016-04-18 03:00:28,055][DEBUG][org.elasticsearch.discovery.zen.publish] [node4] received version [8], uuid [OyqkHZwkQSiQf4dlYwgzrg]
[2016-04-18 03:00:28,059][DEBUG][org.elasticsearch.discovery.zen.publish] [node5] received version [8], uuid [OyqkHZwkQSiQf4dlYwgzrg]
[2016-04-18 03:00:28,064][DEBUG][org.elasticsearch.discovery.zen.publish] [node7] received version [8], uuid [OyqkHZwkQSiQf4dlYwgzrg]
[2016-04-18 03:00:28,065][DEBUG][org.elasticsearch.discovery.zen.publish] [node2] received version [8], uuid [OyqkHZwkQSiQf4dlYwgzrg]
[2016-04-18 03:00:28,065][DEBUG][org.elasticsearch.discovery.zen.publish] [node1] received version [8], uuid [OyqkHZwkQSiQf4dlYwgzrg]
[2016-04-18 03:00:28,067][DEBUG][org.elasticsearch.discovery.zen.publish] [node5] received full cluster state version [9] with size [356]
[2016-04-18 03:00:28,067][DEBUG][org.elasticsearch.discovery.zen.publish] [node3] received full cluster state version [9] with size [356]
[2016-04-18 03:00:28,070][DEBUG][org.elasticsearch.discovery.zen.publish] [node7] received full cluster state version [9] with size [356]
[2016-04-18 03:00:28,070][DEBUG][org.elasticsearch.discovery.zen.publish] [node2] received full cluster state version [9] with size [356]
[2016-04-18 03:00:28,071][DEBUG][org.elasticsearch.discovery.zen.publish] [node1] received full cluster state version [9] with size [356]
[2016-04-18 03:00:28,075][DEBUG][org.elasticsearch.discovery.zen.publish] [node6] received full cluster state version [9] with size [356]
[2016-04-18 03:00:28,075][TRACE][org.elasticsearch.discovery.zen.publish] [node0] master node {node5}{node5}{local}{local[30]} acked cluster state version [9]. processing ... (current pending [7], needed [1])
[2016-04-18 03:00:28,075][TRACE][org.elasticsearch.discovery.zen.publish] [node0] committing version [9]
[2016-04-18 03:00:28,075][TRACE][org.elasticsearch.discovery.zen.publish] [node0] sending commit for cluster state (uuid: [7Y8Mue43TBG-_zbEPxskxw], version [9]) to [{node5}{node5}{local}{local[30]}]
[2016-04-18 03:00:28,078][TRACE][org.elasticsearch.discovery.zen.publish] [node0] sending commit for cluster state (uuid: [7Y8Mue43TBG-_zbEPxskxw], version [9]) to [{node3}{node3}{local}{local[28]}]
[2016-04-18 03:00:28,078][TRACE][org.elasticsearch.discovery.zen.publish] [node0] sending commit for cluster state (uuid: [7Y8Mue43TBG-_zbEPxskxw], version [9]) to [{node7}{node7}{local}{local[32]}]
[2016-04-18 03:00:28,078][DEBUG][org.elasticsearch.discovery.zen.publish] [node4] received full cluster state version [9] with size [356]
[2016-04-18 03:00:28,078][TRACE][org.elasticsearch.discovery.zen.publish] [node0] sending commit for cluster state (uuid: [7Y8Mue43TBG-_zbEPxskxw], version [9]) to [{node2}{node2}{local}{local[27]}]
[2016-04-18 03:00:28,078][TRACE][org.elasticsearch.discovery.zen.publish] [node0] sending commit for cluster state (uuid: [7Y8Mue43TBG-_zbEPxskxw], version [9]) to [{node1}{node1}{local}{local[26]}]
[2016-04-18 03:00:28,078][TRACE][org.elasticsearch.discovery.zen.publish] [node0] sending commit for cluster state (uuid: [7Y8Mue43TBG-_zbEPxskxw], version [9]) to [{node6}{node6}{local}{local[31]}]
[2016-04-18 03:00:28,078][DEBUG][org.elasticsearch.discovery.zen.publish] [node1] received version [9], uuid [7Y8Mue43TBG-_zbEPxskxw]
[2016-04-18 03:00:28,078][TRACE][org.elasticsearch.discovery.zen.publish] [node0] sending commit for cluster state (uuid: [7Y8Mue43TBG-_zbEPxskxw], version [9]) to [{node4}{node4}{local}{local[29]}]
[2016-04-18 03:00:28,079][DEBUG][org.elasticsearch.discovery.zen.publish] [node4] received version [9], uuid [7Y8Mue43TBG-_zbEPxskxw]
[2016-04-18 03:00:28,079][DEBUG][org.elasticsearch.discovery.zen.publish] [node2] received version [9], uuid [7Y8Mue43TBG-_zbEPxskxw]
[2016-04-18 03:00:28,079][DEBUG][org.elasticsearch.discovery.zen.publish] [node6] received version [9], uuid [7Y8Mue43TBG-_zbEPxskxw]
[2016-04-18 03:00:28,079][DEBUG][org.elasticsearch.discovery.zen.publish] [node7] received version [9], uuid [7Y8Mue43TBG-_zbEPxskxw]
[2016-04-18 03:00:28,079][DEBUG][org.elasticsearch.discovery.zen.publish] [node3] received version [9], uuid [7Y8Mue43TBG-_zbEPxskxw]
[2016-04-18 03:00:28,081][DEBUG][org.elasticsearch.discovery.zen.publish] [node5] received version [9], uuid [7Y8Mue43TBG-_zbEPxskxw]
[2016-04-18 03:00:28,085][DEBUG][org.elasticsearch.discovery.zen.publish] [node7] received full cluster state version [10] with size [378]
[2016-04-18 03:00:28,086][DEBUG][org.elasticsearch.discovery.zen.publish] [node4] received full cluster state version [10] with size [378]
[2016-04-18 03:00:28,087][DEBUG][org.elasticsearch.discovery.zen.publish] [node2] received full cluster state version [10] with size [378]
[2016-04-18 03:00:28,088][DEBUG][org.elasticsearch.discovery.zen.publish] [node6] received full cluster state version [10] with size [378]
[2016-04-18 03:00:28,090][DEBUG][org.elasticsearch.discovery.zen.publish] [node3] received full cluster state version [10] with size [378]
[2016-04-18 03:00:28,092][DEBUG][org.elasticsearch.discovery.zen.publish] [node5] received full cluster state version [10] with size [378]
[2016-04-18 03:00:28,093][DEBUG][org.elasticsearch.discovery.zen.publish] [node1] received full cluster state version [10] with size [378]
[2016-04-18 03:00:28,094][TRACE][org.elasticsearch.discovery.zen.publish] [node0] master node {node7}{node7}{local}{local[32]} acked cluster state version [10]. processing ... (current pending [7], needed [6])
[2016-04-18 03:00:28,094][TRACE][org.elasticsearch.discovery.zen.publish] [node0] master node {node4}{node4}{local}{local[29]} acked cluster state version [10]. processing ... (current pending [6], needed [5])
[2016-04-18 03:00:28,094][TRACE][org.elasticsearch.discovery.zen.publish] [node0] master node {node2}{node2}{local}{local[27]} acked cluster state version [10]. processing ... (current pending [5], needed [4])
[2016-04-18 03:00:28,095][TRACE][org.elasticsearch.discovery.zen.publish] [node0] master node {node6}{node6}{local}{local[31]} acked cluster state version [10]. processing ... (current pending [4], needed [3])
[2016-04-18 03:00:28,095][TRACE][org.elasticsearch.discovery.zen.publish] [node0] master node {node3}{node3}{local}{local[28]} acked cluster state version [10]. processing ... (current pending [3], needed [2])
[2016-04-18 03:00:28,095][TRACE][org.elasticsearch.discovery.zen.publish] [node0] master node {node5}{node5}{local}{local[30]} acked cluster state version [10]. processing ... (current pending [2], needed [1])
[2016-04-18 03:00:28,095][TRACE][org.elasticsearch.discovery.zen.publish] [node0] committing version [10]
[2016-04-18 03:00:28,095][TRACE][org.elasticsearch.discovery.zen.publish] [node0] sending commit for cluster state (uuid: [_YHp5iXjR9ehpKMRQev4mw], version [10]) to [{node7}{node7}{local}{local[32]}]
[2016-04-18 03:00:28,095][TRACE][org.elasticsearch.discovery.zen.publish] [node0] sending commit for cluster state (uuid: [_YHp5iXjR9ehpKMRQev4mw], version [10]) to [{node4}{node4}{local}{local[29]}]
[2016-04-18 03:00:28,095][TRACE][org.elasticsearch.discovery.zen.publish] [node0] sending commit for cluster state (uuid: [_YHp5iXjR9ehpKMRQev4mw], version [10]) to [{node2}{node2}{local}{local[27]}]
[2016-04-18 03:00:28,095][TRACE][org.elasticsearch.discovery.zen.publish] [node0] sending commit for cluster state (uuid: [_YHp5iXjR9ehpKMRQev4mw], version [10]) to [{node6}{node6}{local}{local[31]}]
[2016-04-18 03:00:28,095][TRACE][org.elasticsearch.discovery.zen.publish] [node0] sending commit for cluster state (uuid: [_YHp5iXjR9ehpKMRQev4mw], version [10]) to [{node3}{node3}{local}{local[28]}]
[2016-04-18 03:00:28,099][DEBUG][org.elasticsearch.discovery.zen.publish] [node7] received version [10], uuid [_YHp5iXjR9ehpKMRQev4mw]
[2016-04-18 03:00:28,099][TRACE][org.elasticsearch.discovery.zen.publish] [node0] sending commit for cluster state (uuid: [_YHp5iXjR9ehpKMRQev4mw], version [10]) to [{node5}{node5}{local}{local[30]}]
[2016-04-18 03:00:28,099][DEBUG][org.elasticsearch.discovery.zen.publish] [node4] received version [10], uuid [_YHp5iXjR9ehpKMRQev4mw]
[2016-04-18 03:00:28,099][DEBUG][org.elasticsearch.discovery.zen.publish] [node5] received version [10], uuid [_YHp5iXjR9ehpKMRQev4mw]
[2016-04-18 03:00:28,099][DEBUG][org.elasticsearch.discovery.zen.publish] [node2] received version [10], uuid [_YHp5iXjR9ehpKMRQev4mw]
[2016-04-18 03:00:28,099][DEBUG][org.elasticsearch.discovery.zen.publish] [node6] received version [10], uuid [_YHp5iXjR9ehpKMRQev4mw]
[2016-04-18 03:00:28,099][TRACE][org.elasticsearch.discovery.zen.publish] [node0] sending commit for cluster state (uuid: [_YHp5iXjR9ehpKMRQev4mw], version [10]) to [{node1}{node1}{local}{local[26]}]
[2016-04-18 03:00:28,109][DEBUG][org.elasticsearch.discovery.zen.publish] [node3] received version [10], uuid [_YHp5iXjR9ehpKMRQev4mw]
[2016-04-18 03:00:28,109][DEBUG][org.elasticsearch.discovery.zen.publish] [node1] received version [10], uuid [_YHp5iXjR9ehpKMRQev4mw]
[2016-04-18 03:00:28,111][DEBUG][org.elasticsearch.discovery.zen.publish] [node4] received full cluster state version [11] with size [393]
[2016-04-18 03:00:28,111][DEBUG][org.elasticsearch.discovery.zen.publish] [node5] received full cluster state version [11] with size [393]
[2016-04-18 03:00:28,116][DEBUG][org.elasticsearch.discovery.zen.publish] [node3] received full cluster state version [11] with size [393]
[2016-04-18 03:00:28,120][TRACE][org.elasticsearch.discovery.zen.publish] [node0] sending commit for cluster state (uuid: [oyxl1oVnR2yTPBh1Im353g], version [11]) to [{node4}{node4}{local}{local[29]}]
[2016-04-18 03:00:28,120][DEBUG][org.elasticsearch.discovery.zen.publish] [node4] received version [11], uuid [oyxl1oVnR2yTPBh1Im353g]
[2016-04-18 03:00:28,120][DEBUG][org.elasticsearch.discovery.zen.publish] [node7] received full cluster state version [11] with size [393]
[2016-04-18 03:00:28,120][TRACE][org.elasticsearch.discovery.zen.publish] [node0] sending commit for cluster state (uuid: [oyxl1oVnR2yTPBh1Im353g], version [11]) to [{node5}{node5}{local}{local[30]}]
[2016-04-18 03:00:28,120][DEBUG][org.elasticsearch.discovery.zen.publish] [node2] received full cluster state version [11] with size [393]
[2016-04-18 03:00:28,120][TRACE][org.elasticsearch.discovery.zen.publish] [node0] sending commit for cluster state (uuid: [oyxl1oVnR2yTPBh1Im353g], version [11]) to [{node3}{node3}{local}{local[28]}]
[2016-04-18 03:00:28,120][DEBUG][org.elasticsearch.discovery.zen.publish] [node6] received full cluster state version [11] with size [393]
[2016-04-18 03:00:28,121][TRACE][org.elasticsearch.discovery.zen.publish] [node0] sending commit for cluster state (uuid: [oyxl1oVnR2yTPBh1Im353g], version [11]) to [{node7}{node7}{local}{local[32]}]
[2016-04-18 03:00:28,120][DEBUG][org.elasticsearch.discovery.zen.publish] [node1] received full cluster state version [11] with size [393]
[2016-04-18 03:00:28,121][TRACE][org.elasticsearch.discovery.zen.publish] [node0] sending commit for cluster state (uuid: [oyxl1oVnR2yTPBh1Im353g], version [11]) to [{node2}{node2}{local}{local[27]}]
[2016-04-18 03:00:28,121][TRACE][org.elasticsearch.discovery.zen.publish] [node0] sending commit for cluster state (uuid: [oyxl1oVnR2yTPBh1Im353g], version [11]) to [{node6}{node6}{local}{local[31]}]
[2016-04-18 03:00:28,121][TRACE][org.elasticsearch.discovery.zen.publish] [node0] sending commit for cluster state (uuid: [oyxl1oVnR2yTPBh1Im353g], version [11]) to [{node1}{node1}{local}{local[26]}]
[2016-04-18 03:00:28,126][DEBUG][org.elasticsearch.discovery.zen.publish] [node3] received version [11], uuid [oyxl1oVnR2yTPBh1Im353g]
[2016-04-18 03:00:28,127][DEBUG][org.elasticsearch.discovery.zen.publish] [node5] received version [11], uuid [oyxl1oVnR2yTPBh1Im353g]
[2016-04-18 03:00:28,128][DEBUG][org.elasticsearch.discovery.zen.publish] [node7] received version [11], uuid [oyxl1oVnR2yTPBh1Im353g]
[2016-04-18 03:00:28,129][DEBUG][org.elasticsearch.discovery.zen.publish] [node2] received version [11], uuid [oyxl1oVnR2yTPBh1Im353g]
[2016-04-18 03:00:28,130][DEBUG][org.elasticsearch.discovery.zen.publish] [node6] received version [11], uuid [oyxl1oVnR2yTPBh1Im353g]
[2016-04-18 03:00:28,130][DEBUG][org.elasticsearch.discovery.zen.publish] [node1] received version [11], uuid [oyxl1oVnR2yTPBh1Im353g]
[2016-04-18 03:00:28,132][DEBUG][org.elasticsearch.discovery.zen.publish] [node5] received full cluster state version [12] with size [419]
[2016-04-18 03:00:28,132][DEBUG][org.elasticsearch.discovery.zen.publish] [node3] received full cluster state version [12] with size [419]
[2016-04-18 03:00:28,132][DEBUG][org.elasticsearch.discovery.zen.publish] [node4] received full cluster state version [12] with size [419]
[2016-04-18 03:00:28,134][DEBUG][org.elasticsearch.discovery.zen.publish] [node7] received full cluster state version [12] with size [419]
[2016-04-18 03:00:28,136][DEBUG][org.elasticsearch.discovery.zen.publish] [node2] received full cluster state version [12] with size [419]
[2016-04-18 03:00:28,137][DEBUG][org.elasticsearch.discovery.zen.publish] [node6] received full cluster state version [12] with size [419]
[2016-04-18 03:00:28,138][DEBUG][org.elasticsearch.discovery.zen.publish] [node1] received full cluster state version [12] with size [419]
[2016-04-18 03:00:28,139][TRACE][org.elasticsearch.discovery.zen.publish] [node0] sending commit for cluster state (uuid: [2HHUnPxHQZyjo3pYymCh7Q], version [12]) to [{node5}{node5}{local}{local[30]}]
[2016-04-18 03:00:28,139][TRACE][org.elasticsearch.discovery.zen.publish] [node0] sending commit for cluster state (uuid: [2HHUnPxHQZyjo3pYymCh7Q], version [12]) to [{node3}{node3}{local}{local[28]}]
[2016-04-18 03:00:28,139][TRACE][org.elasticsearch.discovery.zen.publish] [node0] sending commit for cluster state (uuid: [2HHUnPxHQZyjo3pYymCh7Q], version [12]) to [{node4}{node4}{local}{local[29]}]
[2016-04-18 03:00:28,139][TRACE][org.elasticsearch.discovery.zen.publish] [node0] sending commit for cluster state (uuid: [2HHUnPxHQZyjo3pYymCh7Q], version [12]) to [{node7}{node7}{local}{local[32]}]
[2016-04-18 03:00:28,139][TRACE][org.elasticsearch.discovery.zen.publish] [node0] sending commit for cluster state (uuid: [2HHUnPxHQZyjo3pYymCh7Q], version [12]) to [{node2}{node2}{local}{local[27]}]
[2016-04-18 03:00:28,139][DEBUG][org.elasticsearch.discovery.zen.publish] [node7] received version [12], uuid [2HHUnPxHQZyjo3pYymCh7Q]
[2016-04-18 03:00:28,140][DEBUG][org.elasticsearch.discovery.zen.publish] [node2] received version [12], uuid [2HHUnPxHQZyjo3pYymCh7Q]
[2016-04-18 03:00:28,140][TRACE][org.elasticsearch.discovery.zen.publish] [node0] sending commit for cluster state (uuid: [2HHUnPxHQZyjo3pYymCh7Q], version [12]) to [{node6}{node6}{local}{local[31]}]
[2016-04-18 03:00:28,140][TRACE][org.elasticsearch.discovery.zen.publish] [node0] sending commit for cluster state (uuid: [2HHUnPxHQZyjo3pYymCh7Q], version [12]) to [{node1}{node1}{local}{local[26]}]
[2016-04-18 03:00:28,141][DEBUG][org.elasticsearch.discovery.zen.publish] [node1] received version [12], uuid [2HHUnPxHQZyjo3pYymCh7Q]
[2016-04-18 03:00:28,142][DEBUG][org.elasticsearch.discovery.zen.publish] [node6] received version [12], uuid [2HHUnPxHQZyjo3pYymCh7Q]
[2016-04-18 03:00:28,143][DEBUG][org.elasticsearch.discovery.zen.publish] [node3] received version [12], uuid [2HHUnPxHQZyjo3pYymCh7Q]
[2016-04-18 03:00:28,143][DEBUG][org.elasticsearch.discovery.zen.publish] [node4] received version [12], uuid [2HHUnPxHQZyjo3pYymCh7Q]
[2016-04-18 03:00:28,143][DEBUG][org.elasticsearch.discovery.zen.publish] [node5] received version [12], uuid [2HHUnPxHQZyjo3pYymCh7Q]
[2016-04-18 03:00:28,147][DEBUG][org.elasticsearch.discovery.zen.publish] [node2] received full cluster state version [13] with size [448]
[2016-04-18 03:00:28,147][DEBUG][org.elasticsearch.discovery.zen.publish] [node4] received full cluster state version [13] with size [448]
[2016-04-18 03:00:28,148][DEBUG][org.elasticsearch.discovery.zen.publish] [node6] received full cluster state version [13] with size [448]
[2016-04-18 03:00:28,148][DEBUG][org.elasticsearch.discovery.zen.publish] [node7] received full cluster state version [13] with size [448]
[2016-04-18 03:00:28,148][DEBUG][org.elasticsearch.discovery.zen.publish] [node1] received full cluster state version [13] with size [448]
[2016-04-18 03:00:28,148][TRACE][org.elasticsearch.discovery.zen.publish] [node0] master node {node2}{node2}{local}{local[27]} acked cluster state version [13]. processing ... (current pending [7], needed [6])
[2016-04-18 03:00:28,148][DEBUG][org.elasticsearch.discovery.zen.publish] [node5] received full cluster state version [13] with size [448]
[2016-04-18 03:00:28,148][TRACE][org.elasticsearch.discovery.zen.publish] [node0] master node {node4}{node4}{local}{local[29]} acked cluster state version [13]. processing ... (current pending [6], needed [5])
[2016-04-18 03:00:28,148][TRACE][org.elasticsearch.discovery.zen.publish] [node0] master node {node6}{node6}{local}{local[31]} acked cluster state version [13]. processing ... (current pending [5], needed [4])
[2016-04-18 03:00:28,148][TRACE][org.elasticsearch.discovery.zen.publish] [node0] master node {node7}{node7}{local}{local[32]} acked cluster state version [13]. processing ... (current pending [4], needed [3])
[2016-04-18 03:00:28,148][TRACE][org.elasticsearch.discovery.zen.publish] [node0] master node {node1}{node1}{local}{local[26]} acked cluster state version [13]. processing ... (current pending [3], needed [2])
[2016-04-18 03:00:28,149][TRACE][org.elasticsearch.discovery.zen.publish] [node0] master node {node5}{node5}{local}{local[30]} acked cluster state version [13]. processing ... (current pending [2], needed [1])
[2016-04-18 03:00:28,149][TRACE][org.elasticsearch.discovery.zen.publish] [node0] committing version [13]
[2016-04-18 03:00:28,149][TRACE][org.elasticsearch.discovery.zen.publish] [node0] sending commit for cluster state (uuid: [VP-0hW17QhWeGxfKBBX7XQ], version [13]) to [{node2}{node2}{local}{local[27]}]
[2016-04-18 03:00:28,149][TRACE][org.elasticsearch.discovery.zen.publish] [node0] sending commit for cluster state (uuid: [VP-0hW17QhWeGxfKBBX7XQ], version [13]) to [{node4}{node4}{local}{local[29]}]
[2016-04-18 03:00:28,149][TRACE][org.elasticsearch.discovery.zen.publish] [node0] sending commit for cluster state (uuid: [VP-0hW17QhWeGxfKBBX7XQ], version [13]) to [{node6}{node6}{local}{local[31]}]
[2016-04-18 03:00:28,149][TRACE][org.elasticsearch.discovery.zen.publish] [node0] sending commit for cluster state (uuid: [VP-0hW17QhWeGxfKBBX7XQ], version [13]) to [{node7}{node7}{local}{local[32]}]
[2016-04-18 03:00:28,149][TRACE][org.elasticsearch.discovery.zen.publish] [node0] sending commit for cluster state (uuid: [VP-0hW17QhWeGxfKBBX7XQ], version [13]) to [{node1}{node1}{local}{local[26]}]
[2016-04-18 03:00:28,149][TRACE][org.elasticsearch.discovery.zen.publish] [node0] sending commit for cluster state (uuid: [VP-0hW17QhWeGxfKBBX7XQ], version [13]) to [{node5}{node5}{local}{local[30]}]
[2016-04-18 03:00:28,149][DEBUG][org.elasticsearch.discovery.zen.publish] [node5] received version [13], uuid [VP-0hW17QhWeGxfKBBX7XQ]
[2016-04-18 03:00:28,150][DEBUG][org.elasticsearch.discovery.zen.publish] [node2] received version [13], uuid [VP-0hW17QhWeGxfKBBX7XQ]
[2016-04-18 03:00:28,150][DEBUG][org.elasticsearch.discovery.zen.publish] [node1] received version [13], uuid [VP-0hW17QhWeGxfKBBX7XQ]
[2016-04-18 03:00:28,150][DEBUG][org.elasticsearch.discovery.zen.publish] [node6] received version [13], uuid [VP-0hW17QhWeGxfKBBX7XQ]
[2016-04-18 03:00:28,150][DEBUG][org.elasticsearch.discovery.zen.publish] [node7] received version [13], uuid [VP-0hW17QhWeGxfKBBX7XQ]
[2016-04-18 03:00:28,150][DEBUG][org.elasticsearch.discovery.zen.publish] [node4] received version [13], uuid [VP-0hW17QhWeGxfKBBX7XQ]
[2016-04-18 03:00:28,150][DEBUG][org.elasticsearch.discovery.zen.publish] [node3] received full cluster state version [13] with size [448]
[2016-04-18 03:00:28,151][TRACE][org.elasticsearch.discovery.zen.publish] [node0] sending commit for cluster state (uuid: [VP-0hW17QhWeGxfKBBX7XQ], version [13]) to [{node3}{node3}{local}{local[28]}]
[2016-04-18 03:00:28,152][DEBUG][org.elasticsearch.discovery.zen.publish] [node3] received version [13], uuid [VP-0hW17QhWeGxfKBBX7XQ]
[2016-04-18 03:00:28,154][DEBUG][org.elasticsearch.discovery.zen.publish] [node4] received full cluster state version [14] with size [470]
[2016-04-18 03:00:28,154][DEBUG][org.elasticsearch.discovery.zen.publish] [node5] received full cluster state version [14] with size [470]
[2016-04-18 03:00:28,154][TRACE][org.elasticsearch.discovery.zen.publish] [node0] master node {node4}{node4}{local}{local[29]} acked cluster state version [14]. processing ... (current pending [7], needed [1])
[2016-04-18 03:00:28,155][DEBUG][org.elasticsearch.discovery.zen.publish] [node7] received full cluster state version [14] with size [470]
[2016-04-18 03:00:28,155][DEBUG][org.elasticsearch.discovery.zen.publish] [node2] received full cluster state version [14] with size [470]
[2016-04-18 03:00:28,155][TRACE][org.elasticsearch.discovery.zen.publish] [node0] committing version [14]
[2016-04-18 03:00:28,155][TRACE][org.elasticsearch.discovery.zen.publish] [node0] sending commit for cluster state (uuid: [VnO3xdrIRGaxiDfHfJfpWg], version [14]) to [{node4}{node4}{local}{local[29]}]
[2016-04-18 03:00:28,155][TRACE][org.elasticsearch.discovery.zen.publish] [node0] sending commit for cluster state (uuid: [VnO3xdrIRGaxiDfHfJfpWg], version [14]) to [{node5}{node5}{local}{local[30]}]
[2016-04-18 03:00:28,155][TRACE][org.elasticsearch.discovery.zen.publish] [node0] sending commit for cluster state (uuid: [VnO3xdrIRGaxiDfHfJfpWg], version [14]) to [{node7}{node7}{local}{local[32]}]
[2016-04-18 03:00:28,155][TRACE][org.elasticsearch.discovery.zen.publish] [node0] sending commit for cluster state (uuid: [VnO3xdrIRGaxiDfHfJfpWg], version [14]) to [{node2}{node2}{local}{local[27]}]
[2016-04-18 03:00:28,155][DEBUG][org.elasticsearch.discovery.zen.publish] [node5] received version [14], uuid [VnO3xdrIRGaxiDfHfJfpWg]
[2016-04-18 03:00:28,157][DEBUG][org.elasticsearch.discovery.zen.publish] [node2] received version [14], uuid [VnO3xdrIRGaxiDfHfJfpWg]
[2016-04-18 03:00:28,157][DEBUG][org.elasticsearch.discovery.zen.publish] [node7] received version [14], uuid [VnO3xdrIRGaxiDfHfJfpWg]
[2016-04-18 03:00:28,157][DEBUG][org.elasticsearch.discovery.zen.publish] [node4] received version [14], uuid [VnO3xdrIRGaxiDfHfJfpWg]
[2016-04-18 03:00:28,157][DEBUG][org.elasticsearch.discovery.zen.publish] [node3] received full cluster state version [14] with size [470]
[2016-04-18 03:00:28,158][DEBUG][org.elasticsearch.discovery.zen.publish] [node6] received full cluster state version [14] with size [470]
[2016-04-18 03:00:28,159][DEBUG][org.elasticsearch.discovery.zen.publish] [node1] received full cluster state version [14] with size [470]
[2016-04-18 03:00:28,160][TRACE][org.elasticsearch.discovery.zen.publish] [node0] sending commit for cluster state (uuid: [VnO3xdrIRGaxiDfHfJfpWg], version [14]) to [{node3}{node3}{local}{local[28]}]
[2016-04-18 03:00:28,160][TRACE][org.elasticsearch.discovery.zen.publish] [node0] sending commit for cluster state (uuid: [VnO3xdrIRGaxiDfHfJfpWg], version [14]) to [{node6}{node6}{local}{local[31]}]
[2016-04-18 03:00:28,161][TRACE][org.elasticsearch.discovery.zen.publish] [node0] sending commit for cluster state (uuid: [VnO3xdrIRGaxiDfHfJfpWg], version [14]) to [{node1}{node1}{local}{local[26]}]
[2016-04-18 03:00:28,161][DEBUG][org.elasticsearch.discovery.zen.publish] [node3] received version [14], uuid [VnO3xdrIRGaxiDfHfJfpWg]
[2016-04-18 03:00:28,161][DEBUG][org.elasticsearch.discovery.zen.publish] [node6] received version [14], uuid [VnO3xdrIRGaxiDfHfJfpWg]
[2016-04-18 03:00:28,161][DEBUG][org.elasticsearch.discovery.zen.publish] [node1] received version [14], uuid [VnO3xdrIRGaxiDfHfJfpWg]
[2016-04-18 03:00:28,175][DEBUG][org.elasticsearch.discovery.zen.publish] [nodeB] received full cluster state version [1] with size [107]
[2016-04-18 03:00:28,175][TRACE][org.elasticsearch.discovery.zen.publish] [nodeA] master node {nodeB}{nodeB}{local}{local[34]} acked cluster state version [1]. processing ... (current pending [1], needed [1])
[2016-04-18 03:00:28,175][TRACE][org.elasticsearch.discovery.zen.publish] [nodeA] committing version [1]
[2016-04-18 03:00:28,175][TRACE][org.elasticsearch.discovery.zen.publish] [nodeA] sending commit for cluster state (uuid: [V1dCbQkiQzi8tlQIuUey0g], version [1]) to [{nodeB}{nodeB}{local}{local[34]}]
[2016-04-18 03:00:28,176][DEBUG][org.elasticsearch.discovery.zen.publish] [nodeB] received version [1], uuid [V1dCbQkiQzi8tlQIuUey0g]
[2016-04-18 03:00:28,176][DEBUG][org.elasticsearch.discovery.zen.publish] [nodeB] received diff cluster state version [2] with uuid [Vq49-um5R3Ob3_MfaqeNSA], diff size [133]
[2016-04-18 03:00:28,180][TRACE][org.elasticsearch.discovery.zen.publish] [nodeA] master node {nodeB}{nodeB}{local}{local[34]} acked cluster state version [2]. processing ... (current pending [1], needed [1])
[2016-04-18 03:00:28,180][TRACE][org.elasticsearch.discovery.zen.publish] [nodeA] committing version [2]
[2016-04-18 03:00:28,180][TRACE][org.elasticsearch.discovery.zen.publish] [nodeA] sending commit for cluster state (uuid: [Vq49-um5R3Ob3_MfaqeNSA], version [2]) to [{nodeB}{nodeB}{local}{local[34]}]
[2016-04-18 03:00:28,180][DEBUG][org.elasticsearch.discovery.zen.publish] [nodeB] received version [2], uuid [Vq49-um5R3Ob3_MfaqeNSA]
[2016-04-18 03:00:28,181][DEBUG][org.elasticsearch.discovery.zen.publish] [nodeB] received diff cluster state version [3] with uuid [KxpsTmBKTZmL7h4ardfx1w], diff size [91]
[2016-04-18 03:00:28,181][TRACE][org.elasticsearch.discovery.zen.publish] [nodeA] sending commit for cluster state (uuid: [KxpsTmBKTZmL7h4ardfx1w], version [3]) to [{nodeB}{nodeB}{local}{local[34]}]
[2016-04-18 03:00:28,181][DEBUG][org.elasticsearch.discovery.zen.publish] [nodeB] received version [3], uuid [KxpsTmBKTZmL7h4ardfx1w]
[2016-04-18 03:00:28,182][DEBUG][org.elasticsearch.discovery.zen.publish] [nodeB] received diff cluster state version [4] with uuid [YObYXNDbS7O6AJ3MRRYcyw], diff size [140]
[2016-04-18 03:00:28,183][TRACE][org.elasticsearch.discovery.zen.publish] [nodeA] sending commit for cluster state (uuid: [YObYXNDbS7O6AJ3MRRYcyw], version [4]) to [{nodeB}{nodeB}{local}{local[34]}]
[2016-04-18 03:00:28,183][DEBUG][org.elasticsearch.discovery.zen.publish] [nodeC] received full cluster state version [4] with size [117]
[2016-04-18 03:00:28,183][DEBUG][org.elasticsearch.discovery.zen.publish] [nodeB] received version [4], uuid [YObYXNDbS7O6AJ3MRRYcyw]
[2016-04-18 03:00:28,183][TRACE][org.elasticsearch.discovery.zen.publish] [nodeA] sending commit for cluster state (uuid: [YObYXNDbS7O6AJ3MRRYcyw], version [4]) to [{nodeC}{nodeC}{local}{local[35]}]
[2016-04-18 03:00:28,183][DEBUG][org.elasticsearch.discovery.zen.publish] [nodeC] received version [4], uuid [YObYXNDbS7O6AJ3MRRYcyw]
[2016-04-18 03:00:28,184][DEBUG][org.elasticsearch.discovery.zen.publish] [nodeB] received diff cluster state version [5] with uuid [MZihG6ZiRdGfYUqdfGassQ], diff size [101]
[2016-04-18 03:00:28,184][DEBUG][org.elasticsearch.discovery.zen.publish] [nodeC] received diff cluster state version [5] with uuid [MZihG6ZiRdGfYUqdfGassQ], diff size [101]
[2016-04-18 03:00:28,187][TRACE][org.elasticsearch.discovery.zen.publish] [nodeA] sending commit for cluster state (uuid: [MZihG6ZiRdGfYUqdfGassQ], version [5]) to [{nodeB}{nodeB}{local}{local[34]}]
[2016-04-18 03:00:28,187][TRACE][org.elasticsearch.discovery.zen.publish] [nodeA] sending commit for cluster state (uuid: [MZihG6ZiRdGfYUqdfGassQ], version [5]) to [{nodeC}{nodeC}{local}{local[35]}]
[2016-04-18 03:00:28,187][DEBUG][org.elasticsearch.discovery.zen.publish] [nodeB] received version [5], uuid [MZihG6ZiRdGfYUqdfGassQ]
[2016-04-18 03:00:28,187][DEBUG][org.elasticsearch.discovery.zen.publish] [nodeC] received version [5], uuid [MZihG6ZiRdGfYUqdfGassQ]
[2016-04-18 03:00:28,189][DEBUG][org.elasticsearch.discovery.zen.publish] [nodeA] resending full cluster state to node {nodeB}{nodeB}{local}{local[34]} reason RemoteTransportException[[nodeA][local[33]][internal:discovery/zen/publish/send]]; nested: IncompatibleClusterStateVersionException[Expected diff for version 5 with uuid MZihG6ZiRdGfYUqdfGassQ got version 6 and uuid a4wbD9pTQeOSB2zTnGxVjg];; org.elasticsearch.cluster.IncompatibleClusterStateVersionException: Expected diff for version 5 with uuid MZihG6ZiRdGfYUqdfGassQ got version 6 and uuid a4wbD9pTQeOSB2zTnGxVjg
[2016-04-18 03:00:28,189][DEBUG][org.elasticsearch.discovery.zen.publish] [nodeA] resending full cluster state to node {nodeC}{nodeC}{local}{local[35]} reason RemoteTransportException[[nodeA][local[33]][internal:discovery/zen/publish/send]]; nested: IncompatibleClusterStateVersionException[Expected diff for version 5 with uuid MZihG6ZiRdGfYUqdfGassQ got version 6 and uuid a4wbD9pTQeOSB2zTnGxVjg];; org.elasticsearch.cluster.IncompatibleClusterStateVersionException: Expected diff for version 5 with uuid MZihG6ZiRdGfYUqdfGassQ got version 6 and uuid a4wbD9pTQeOSB2zTnGxVjg
[2016-04-18 03:00:28,189][DEBUG][org.elasticsearch.discovery.zen.publish] [nodeC] received full cluster state version [6] with size [127]
[2016-04-18 03:00:28,189][DEBUG][org.elasticsearch.discovery.zen.publish] [nodeB] received full cluster state version [6] with size [127]
[2016-04-18 03:00:28,190][TRACE][org.elasticsearch.discovery.zen.publish] [nodeA] sending commit for cluster state (uuid: [FYmO9q_3QdiHKQdLX1-YRA], version [6]) to [{nodeC}{nodeC}{local}{local[35]}]
[2016-04-18 03:00:28,190][TRACE][org.elasticsearch.discovery.zen.publish] [nodeA] sending commit for cluster state (uuid: [FYmO9q_3QdiHKQdLX1-YRA], version [6]) to [{nodeB}{nodeB}{local}{local[34]}]
[2016-04-18 03:00:28,190][DEBUG][org.elasticsearch.discovery.zen.publish] [nodeC] received version [6], uuid [FYmO9q_3QdiHKQdLX1-YRA]
[2016-04-18 03:00:28,190][DEBUG][org.elasticsearch.discovery.zen.publish] [nodeB] received version [6], uuid [FYmO9q_3QdiHKQdLX1-YRA]
[2016-04-18 03:00:28,191][DEBUG][org.elasticsearch.discovery.zen.publish] [nodeA] received diff for but don't have any local cluster state - requesting full state
[2016-04-18 03:00:28,191][DEBUG][org.elasticsearch.discovery.zen.publish] [nodeB] resending full cluster state to node {nodeA}{nodeA}{local}{local[33]} reason RemoteTransportException[[nodeB][local[34]][internal:discovery/zen/publish/send]]; nested: IncompatibleClusterStateVersionException[have no local cluster state];; org.elasticsearch.cluster.IncompatibleClusterStateVersionException: have no local cluster state
[2016-04-18 03:00:28,191][DEBUG][org.elasticsearch.discovery.zen.publish] [nodeB] resending full cluster state to node {nodeC}{nodeC}{local}{local[35]} reason RemoteTransportException[[nodeB][local[34]][internal:discovery/zen/publish/send]]; nested: IncompatibleClusterStateVersionException[Expected diff for version 6 with uuid FYmO9q_3QdiHKQdLX1-YRA got version 7 and uuid FMbVGMqVQuSl7KeqVGQYWw];; org.elasticsearch.cluster.IncompatibleClusterStateVersionException: Expected diff for version 6 with uuid FYmO9q_3QdiHKQdLX1-YRA got version 7 and uuid FMbVGMqVQuSl7KeqVGQYWw
[2016-04-18 03:00:28,192][DEBUG][org.elasticsearch.discovery.zen.publish] [nodeA] received full cluster state version [7] with size [127]
[2016-04-18 03:00:28,192][DEBUG][org.elasticsearch.discovery.zen.publish] [nodeC] received full cluster state version [7] with size [127]
[2016-04-18 03:00:28,192][TRACE][org.elasticsearch.discovery.zen.publish] [nodeB] master node {nodeA}{nodeA}{local}{local[33]} acked cluster state version [7]. processing ... (current pending [2], needed [1])
[2016-04-18 03:00:28,193][TRACE][org.elasticsearch.discovery.zen.publish] [nodeB] committing version [7]
[2016-04-18 03:00:28,193][TRACE][org.elasticsearch.discovery.zen.publish] [nodeB] sending commit for cluster state (uuid: [cq35M6nkTwaaD9J3Lfge7w], version [7]) to [{nodeA}{nodeA}{local}{local[33]}]
[2016-04-18 03:00:28,193][TRACE][org.elasticsearch.discovery.zen.publish] [nodeB] sending commit for cluster state (uuid: [cq35M6nkTwaaD9J3Lfge7w], version [7]) to [{nodeC}{nodeC}{local}{local[35]}]
[2016-04-18 03:00:28,193][DEBUG][org.elasticsearch.discovery.zen.publish] [nodeA] received version [7], uuid [cq35M6nkTwaaD9J3Lfge7w]
[2016-04-18 03:00:28,193][DEBUG][org.elasticsearch.discovery.zen.publish] [nodeC] received version [7], uuid [cq35M6nkTwaaD9J3Lfge7w]
[2016-04-18 03:00:28,205][DEBUG][org.elasticsearch.discovery.zen.publish] [nodeB] received full cluster state version [1] with size [107]
[2016-04-18 03:00:28,205][TRACE][org.elasticsearch.discovery.zen.publish] [nodeA] master node {nodeB}{nodeB}{local}{local[37]} acked cluster state version [1]. processing ... (current pending [1], needed [1])
[2016-04-18 03:00:28,206][TRACE][org.elasticsearch.discovery.zen.publish] [nodeA] committing version [1]
[2016-04-18 03:00:28,206][TRACE][org.elasticsearch.discovery.zen.publish] [nodeA] sending commit for cluster state (uuid: [eNVwHWGyT42g4518bSX59A], version [1]) to [{nodeB}{nodeB}{local}{local[37]}]
[2016-04-18 03:00:28,206][DEBUG][org.elasticsearch.discovery.zen.publish] [nodeB] received version [1], uuid [eNVwHWGyT42g4518bSX59A]
[2016-04-18 03:00:28,206][DEBUG][org.elasticsearch.discovery.zen.publish] [nodeB] received full cluster state version [2] with size [149]
[2016-04-18 03:00:28,207][TRACE][org.elasticsearch.discovery.zen.publish] [nodeA] master node {nodeB}{nodeB}{local}{local[37]} acked cluster state version [2]. processing ... (current pending [1], needed [1])
[2016-04-18 03:00:28,207][TRACE][org.elasticsearch.discovery.zen.publish] [nodeA] committing version [2]
[2016-04-18 03:00:28,207][TRACE][org.elasticsearch.discovery.zen.publish] [nodeA] sending commit for cluster state (uuid: [AnhEZhSbSwO0HIhm6-joHw], version [2]) to [{nodeB}{nodeB}{local}{local[37]}]
[2016-04-18 03:00:28,207][DEBUG][org.elasticsearch.discovery.zen.publish] [nodeB] received version [2], uuid [AnhEZhSbSwO0HIhm6-joHw]
[2016-04-18 03:00:28,213][DEBUG][org.elasticsearch.discovery.zen.publish] --> publishing version [1], UUID [OCiM-j9OT4epTQgQls07rg]
[2016-04-18 03:00:28,213][DEBUG][org.elasticsearch.discovery.zen.publish] [node] received full cluster state version [1] with size [110]
[2016-04-18 03:00:28,214][TRACE][org.elasticsearch.discovery.zen.publish] [master] master node {node}{node}{local}{local[39]} acked cluster state version [1]. processing ... (current pending [1], needed [1])
[2016-04-18 03:00:28,214][TRACE][org.elasticsearch.discovery.zen.publish] [master] committing version [1]
[2016-04-18 03:00:28,214][TRACE][org.elasticsearch.discovery.zen.publish] [master] sending commit for cluster state (uuid: [OCiM-j9OT4epTQgQls07rg], version [1]) to [{node}{node}{local}{local[39]}]
[2016-04-18 03:00:28,218][DEBUG][org.elasticsearch.discovery.zen.publish] [node] received version [1], uuid [OCiM-j9OT4epTQgQls07rg]
[2016-04-18 03:00:28,218][DEBUG][org.elasticsearch.discovery.zen.publish] --> publishing [succeeded], verifying...
[2016-04-18 03:00:28,218][DEBUG][org.elasticsearch.discovery.zen.publish] --> publishing version [2], UUID [gR8ijr6CR0Ow9lyjmd8O_Q]
[2016-04-18 03:00:28,219][DEBUG][org.elasticsearch.discovery.zen.publish] [node] received full cluster state version [2] with size [111]
[2016-04-18 03:00:28,219][TRACE][org.elasticsearch.discovery.zen.publish] [master] master node {node}{node}{local}{local[39]} acked cluster state version [2]. processing ... (current pending [1], needed [1])
[2016-04-18 03:00:28,219][TRACE][org.elasticsearch.discovery.zen.publish] [master] committing version [2]
[2016-04-18 03:00:28,219][TRACE][org.elasticsearch.discovery.zen.publish] [master] sending commit for cluster state (uuid: [gR8ijr6CR0Ow9lyjmd8O_Q], version [2]) to [{node}{node}{local}{local[39]}]
[2016-04-18 03:00:28,220][DEBUG][org.elasticsearch.discovery.zen.publish] [node] received version [2], uuid [gR8ijr6CR0Ow9lyjmd8O_Q]
[2016-04-18 03:00:28,220][DEBUG][org.elasticsearch.discovery.zen.publish] --> publishing [succeeded], verifying...
[2016-04-18 03:00:28,220][DEBUG][org.elasticsearch.discovery.zen.publish] --> publishing version [3], UUID [LhW7cWS9Rue0rkHbVqVVfQ]
[2016-04-18 03:00:28,221][DEBUG][org.elasticsearch.discovery.zen.publish] [node] received full cluster state version [3] with size [111]
[2016-04-18 03:00:28,222][TRACE][org.elasticsearch.discovery.zen.publish] [master] master node {node}{node}{local}{local[39]} acked cluster state version [3]. processing ... (current pending [1], needed [1])
[2016-04-18 03:00:28,222][TRACE][org.elasticsearch.discovery.zen.publish] [master] committing version [3]
[2016-04-18 03:00:28,222][TRACE][org.elasticsearch.discovery.zen.publish] [master] sending commit for cluster state (uuid: [LhW7cWS9Rue0rkHbVqVVfQ], version [3]) to [{node}{node}{local}{local[39]}]
[2016-04-18 03:00:28,222][DEBUG][org.elasticsearch.discovery.zen.publish] [node] received version [3], uuid [LhW7cWS9Rue0rkHbVqVVfQ]
[2016-04-18 03:00:28,223][DEBUG][org.elasticsearch.discovery.zen.publish] --> publishing [succeeded], verifying...
[2016-04-18 03:00:28,223][DEBUG][org.elasticsearch.discovery.zen.publish] --> publishing version [4], UUID [mAPrMVZdTfGUNCvcrmMq-Q]
[2016-04-18 03:00:28,223][DEBUG][org.elasticsearch.discovery.zen.publish] [node] received full cluster state version [4] with size [111]
[2016-04-18 03:00:28,224][TRACE][org.elasticsearch.discovery.zen.publish] [master] failed to commit version [4]. timed out waiting for commit (commit timeout [1ms]
[2016-04-18 03:00:28,225][DEBUG][org.elasticsearch.discovery.zen.publish] --> publishing [failed], verifying...
[2016-04-18 03:00:28,225][DEBUG][org.elasticsearch.discovery.zen.publish] --> publishing version [5], UUID [wgs1PVWiT0-grXzezNE3-Q]
[2016-04-18 03:00:28,226][TRACE][org.elasticsearch.discovery.zen.publish] [master] ignoring ack from [{node}{node}{local}{local[39]}] for cluster state version [4]. already failed
[2016-04-18 03:00:28,226][DEBUG][org.elasticsearch.discovery.zen.publish] [node] received full cluster state version [5] with size [111]
[2016-04-18 03:00:28,226][TRACE][org.elasticsearch.discovery.zen.publish] [master] failed to commit version [5]. timed out waiting for commit (commit timeout [1ms]
[2016-04-18 03:00:28,227][DEBUG][org.elasticsearch.discovery.zen.publish] --> publishing [failed], verifying...
[2016-04-18 03:00:28,227][DEBUG][org.elasticsearch.discovery.zen.publish] --> publishing version [6], UUID [Yxq6PZLzRBWEzEsWyukbWA]
[2016-04-18 03:00:28,227][TRACE][org.elasticsearch.discovery.zen.publish] [master] ignoring ack from [{node}{node}{local}{local[39]}] for cluster state version [5]. already failed
[2016-04-18 03:00:28,227][DEBUG][org.elasticsearch.discovery.zen.publish] [node] received full cluster state version [6] with size [111]
[2016-04-18 03:00:28,228][TRACE][org.elasticsearch.discovery.zen.publish] [master] failed to commit version [6]. timed out waiting for commit (commit timeout [1ms]
[2016-04-18 03:00:28,228][DEBUG][org.elasticsearch.discovery.zen.publish] --> publishing [failed], verifying...
[2016-04-18 03:00:28,228][DEBUG][org.elasticsearch.discovery.zen.publish] --> publishing version [7], UUID [W7R8A8rcRGy4P_MDjZB88g]
[2016-04-18 03:00:28,229][TRACE][org.elasticsearch.discovery.zen.publish] [master] ignoring ack from [{node}{node}{local}{local[39]}] for cluster state version [6]. already failed
[2016-04-18 03:00:28,229][DEBUG][org.elasticsearch.discovery.zen.publish] [node] received full cluster state version [7] with size [111]
[2016-04-18 03:00:28,229][TRACE][org.elasticsearch.discovery.zen.publish] [master] master node {node}{node}{local}{local[39]} acked cluster state version [7]. processing ... (current pending [1], needed [1])
[2016-04-18 03:00:28,229][TRACE][org.elasticsearch.discovery.zen.publish] [master] committing version [7]
[2016-04-18 03:00:28,229][TRACE][org.elasticsearch.discovery.zen.publish] [master] sending commit for cluster state (uuid: [W7R8A8rcRGy4P_MDjZB88g], version [7]) to [{node}{node}{local}{local[39]}]
[2016-04-18 03:00:28,229][DEBUG][org.elasticsearch.discovery.zen.publish] [node] received version [7], uuid [W7R8A8rcRGy4P_MDjZB88g]
[2016-04-18 03:00:28,229][DEBUG][org.elasticsearch.discovery.zen.publish] --> publishing [succeeded], verifying...
[2016-04-18 03:00:28,230][DEBUG][org.elasticsearch.discovery.zen.publish] --> publishing version [8], UUID [nNv-uF1-SWSrdx_Q9g2IFg]
[2016-04-18 03:00:28,230][DEBUG][org.elasticsearch.discovery.zen.publish] [node] received full cluster state version [8] with size [111]
[2016-04-18 03:00:28,230][TRACE][org.elasticsearch.discovery.zen.publish] [master] master node {node}{node}{local}{local[39]} acked cluster state version [8]. processing ... (current pending [1], needed [1])
[2016-04-18 03:00:28,230][TRACE][org.elasticsearch.discovery.zen.publish] [master] committing version [8]
[2016-04-18 03:00:28,230][TRACE][org.elasticsearch.discovery.zen.publish] [master] sending commit for cluster state (uuid: [nNv-uF1-SWSrdx_Q9g2IFg], version [8]) to [{node}{node}{local}{local[39]}]
[2016-04-18 03:00:28,230][DEBUG][org.elasticsearch.discovery.zen.publish] [node] received version [8], uuid [nNv-uF1-SWSrdx_Q9g2IFg]
[2016-04-18 03:00:28,230][DEBUG][org.elasticsearch.discovery.zen.publish] --> publishing [succeeded], verifying...
[2016-04-18 03:00:28,231][DEBUG][org.elasticsearch.discovery.zen.publish] --> publishing version [9], UUID [LeB_3IfIQlmuMnQw-_fpxA]
[2016-04-18 03:00:28,232][DEBUG][org.elasticsearch.discovery.zen.publish] [node] received full cluster state version [9] with size [111]
[2016-04-18 03:00:28,233][TRACE][org.elasticsearch.discovery.zen.publish] [master] failed to commit version [9]. timed out waiting for commit (commit timeout [1ms]
[2016-04-18 03:00:28,233][DEBUG][org.elasticsearch.discovery.zen.publish] --> publishing [failed], verifying...
[2016-04-18 03:00:28,233][DEBUG][org.elasticsearch.discovery.zen.publish] --> publishing version [10], UUID [UElR8rfeSsafDdFRmxnFXA]
[2016-04-18 03:00:28,233][TRACE][org.elasticsearch.discovery.zen.publish] [master] ignoring ack from [{node}{node}{local}{local[39]}] for cluster state version [9]. already failed
[2016-04-18 03:00:28,234][DEBUG][org.elasticsearch.discovery.zen.publish] [node] received full cluster state version [10] with size [111]
[2016-04-18 03:00:28,234][TRACE][org.elasticsearch.discovery.zen.publish] [master] master node {node}{node}{local}{local[39]} acked cluster state version [10]. processing ... (current pending [1], needed [1])
[2016-04-18 03:00:28,234][TRACE][org.elasticsearch.discovery.zen.publish] [master] committing version [10]
[2016-04-18 03:00:28,234][TRACE][org.elasticsearch.discovery.zen.publish] [master] sending commit for cluster state (uuid: [UElR8rfeSsafDdFRmxnFXA], version [10]) to [{node}{node}{local}{local[39]}]
[2016-04-18 03:00:28,235][DEBUG][org.elasticsearch.discovery.zen.publish] [node] received version [10], uuid [UElR8rfeSsafDdFRmxnFXA]
[2016-04-18 03:00:28,235][DEBUG][org.elasticsearch.discovery.zen.publish] --> publishing [succeeded], verifying...
[2016-04-18 03:00:28,243][DEBUG][org.elasticsearch.discovery.zen.publish] failed to publish as expected
FailedToCommitClusterStateException[unexpected error while preparing to publish]; nested: FailedToCommitClusterStateException[not enough masters to ack sent cluster state. [3] needed , have [0]];
	at org.elasticsearch.discovery.zen.publish.PublishClusterStateAction.publish(PublishClusterStateAction.java:150)
	at org.elasticsearch.discovery.zen.publish.PublishClusterStateActionTests.publishState(PublishClusterStateActionTests.java:758)
	at org.elasticsearch.discovery.zen.publish.PublishClusterStateActionTests.testFailToPublishWithLessThanMinMasterNodes(PublishClusterStateActionTests.java:499)
	at sun.reflect.NativeMethodAccessorImpl.invoke0(Native Method)
	at sun.reflect.NativeMethodAccessorImpl.invoke(NativeMethodAccessorImpl.java:62)
	at sun.reflect.DelegatingMethodAccessorImpl.invoke(DelegatingMethodAccessorImpl.java:43)
	at java.lang.reflect.Method.invoke(Method.java:497)
	at com.carrotsearch.randomizedtesting.RandomizedRunner.invoke(RandomizedRunner.java:1764)
	at com.carrotsearch.randomizedtesting.RandomizedRunner$8.evaluate(RandomizedRunner.java:871)
	at com.carrotsearch.randomizedtesting.RandomizedRunner$9.evaluate(RandomizedRunner.java:907)
	at com.carrotsearch.randomizedtesting.RandomizedRunner$10.evaluate(RandomizedRunner.java:921)
	at com.carrotsearch.randomizedtesting.rules.StatementAdapter.evaluate(StatementAdapter.java:36)
	at org.apache.lucene.util.TestRuleSetupTeardownChained$1.evaluate(TestRuleSetupTeardownChained.java:50)
	at org.apache.lucene.util.AbstractBeforeAfterRule$1.evaluate(AbstractBeforeAfterRule.java:46)
	at org.apache.lucene.util.TestRuleThreadAndTestName$1.evaluate(TestRuleThreadAndTestName.java:49)
	at org.apache.lucene.util.TestRuleIgnoreAfterMaxFailures$1.evaluate(TestRuleIgnoreAfterMaxFailures.java:65)
	at org.apache.lucene.util.TestRuleMarkFailure$1.evaluate(TestRuleMarkFailure.java:48)
	at com.carrotsearch.randomizedtesting.rules.StatementAdapter.evaluate(StatementAdapter.java:36)
	at com.carrotsearch.randomizedtesting.ThreadLeakControl$StatementRunner.run(ThreadLeakControl.java:367)
	at com.carrotsearch.randomizedtesting.ThreadLeakControl.forkTimeoutingTask(ThreadLeakControl.java:809)
	at com.carrotsearch.randomizedtesting.ThreadLeakControl$3.evaluate(ThreadLeakControl.java:460)
	at com.carrotsearch.randomizedtesting.RandomizedRunner.runSingleTest(RandomizedRunner.java:880)
	at com.carrotsearch.randomizedtesting.RandomizedRunner$5.evaluate(RandomizedRunner.java:781)
	at com.carrotsearch.randomizedtesting.RandomizedRunner$6.evaluate(RandomizedRunner.java:816)
	at com.carrotsearch.randomizedtesting.RandomizedRunner$7.evaluate(RandomizedRunner.java:827)
	at org.apache.lucene.util.AbstractBeforeAfterRule$1.evaluate(AbstractBeforeAfterRule.java:46)
	at com.carrotsearch.randomizedtesting.rules.StatementAdapter.evaluate(StatementAdapter.java:36)
	at org.apache.lucene.util.TestRuleStoreClassName$1.evaluate(TestRuleStoreClassName.java:42)
	at com.carrotsearch.randomizedtesting.rules.NoShadowingOrOverridesOnMethodsRule$1.evaluate(NoShadowingOrOverridesOnMethodsRule.java:40)
	at com.carrotsearch.randomizedtesting.rules.NoShadowingOrOverridesOnMethodsRule$1.evaluate(NoShadowingOrOverridesOnMethodsRule.java:40)
	at com.carrotsearch.randomizedtesting.rules.StatementAdapter.evaluate(StatementAdapter.java:36)
	at com.carrotsearch.randomizedtesting.rules.StatementAdapter.evaluate(StatementAdapter.java:36)
	at com.carrotsearch.randomizedtesting.rules.StatementAdapter.evaluate(StatementAdapter.java:36)
	at org.apache.lucene.util.TestRuleAssertionsRequired$1.evaluate(TestRuleAssertionsRequired.java:54)
	at org.apache.lucene.util.TestRuleMarkFailure$1.evaluate(TestRuleMarkFailure.java:48)
	at org.apache.lucene.util.TestRuleIgnoreAfterMaxFailures$1.evaluate(TestRuleIgnoreAfterMaxFailures.java:65)
	at org.apache.lucene.util.TestRuleIgnoreTestSuites$1.evaluate(TestRuleIgnoreTestSuites.java:55)
	at com.carrotsearch.randomizedtesting.rules.StatementAdapter.evaluate(StatementAdapter.java:36)
	at com.carrotsearch.randomizedtesting.ThreadLeakControl$StatementRunner.run(ThreadLeakControl.java:367)
	at java.lang.Thread.run(Thread.java:745)
Caused by: FailedToCommitClusterStateException[not enough masters to ack sent cluster state. [3] needed , have [0]]
	at org.elasticsearch.discovery.zen.publish.PublishClusterStateAction$SendingController.<init>(PublishClusterStateAction.java:506)
	at org.elasticsearch.discovery.zen.publish.PublishClusterStateAction$SendingController.<init>(PublishClusterStateAction.java:480)
	at org.elasticsearch.discovery.zen.publish.PublishClusterStateAction.publish(PublishClusterStateAction.java:148)
	... 39 more
]]></system-out>
   <system-err><![CDATA[]]></system-err>
</testsuite>