<testsuite errors="0" failures="0" tests="4" skipped="0" name="org.elasticsearch.indices.flush.FlushIT" hostname="nohost.nodomain" time="1.396" timestamp="2016-04-18T03:07:16">
   <properties class="java.util.ArrayList">
      <property name="awt.toolkit" value="sun.lwawt.macosx.LWCToolkit"/>
      <property name="es.logger.level" value="WARN"/>
      <property name="file.encoding" value="UTF-8"/>
      <property name="file.encoding.pkg" value="sun.io"/>
      <property name="file.separator" value="/"/>
      <property name="ftp.nonProxyHosts" value="local|*.local|169.254/16|*.169.254/16"/>
      <property name="gopherProxySet" value="false"/>
      <property name="http.nonProxyHosts" value="local|*.local|169.254/16|*.169.254/16"/>
      <property name="java.awt.graphicsenv" value="sun.awt.CGraphicsEnvironment"/>
      <property name="java.awt.headless" value="true"/>
      <property name="java.awt.printerjob" value="sun.lwawt.macosx.CPrinterJob"/>
      <property name="java.class.path" value="/Users/lwiskowski/CSE2410_spring2016_projectileDysfunction/core/build/classes/test:/Users/lwiskowski/CSE2410_spring2016_projectileDysfunction/core/build/resources/test:/Users/lwiskowski/CSE2410_spring2016_projectileDysfunction/core/build/classes/main:/Users/lwiskowski/CSE2410_spring2016_projectileDysfunction/core/build/resources/main:/Users/lwiskowski/.gradle/caches/modules-2/files-2.1/org.apache.lucene/lucene-core/5.5.0-snapshot-1721183/f6854c65c7f4c6d9de583f4daa4fd3ae8a3800f1/lucene-core-5.5.0-snapshot-1721183.jar:/Users/lwiskowski/.gradle/caches/modules-2/files-2.1/org.apache.lucene/lucene-analyzers-common/5.5.0-snapshot-1721183/69e187ef1d2d9c9570363eb4186821e0341df5b8/lucene-analyzers-common-5.5.0-snapshot-1721183.jar:/Users/lwiskowski/.gradle/caches/modules-2/files-2.1/org.apache.lucene/lucene-backward-codecs/5.5.0-snapshot-1721183/fa00a45ff9bc6a4df44db81f2e4e44ea94bf88e/lucene-backward-codecs-5.5.0-snapshot-1721183.jar:/Users/lwiskowski/.gradle/caches/modules-2/files-2.1/org.apache.lucene/lucene-grouping/5.5.0-snapshot-1721183/e996e6c723eb415ba2cfa7f5e98bbf194a4918dd/lucene-grouping-5.5.0-snapshot-1721183.jar:/Users/lwiskowski/.gradle/caches/modules-2/files-2.1/org.apache.lucene/lucene-highlighter/5.5.0-snapshot-1721183/3b7a5d97b10885f16eb53deb15d64c942b9f9fdb/lucene-highlighter-5.5.0-snapshot-1721183.jar:/Users/lwiskowski/.gradle/caches/modules-2/files-2.1/org.apache.lucene/lucene-join/5.5.0-snapshot-1721183/e4dda3eeb76e340aa4713a3b20d68c4a1504e505/lucene-join-5.5.0-snapshot-1721183.jar:/Users/lwiskowski/.gradle/caches/modules-2/files-2.1/org.apache.lucene/lucene-memory/5.5.0-snapshot-1721183/800442a5d7612ce4c8748831871b4d436a50554e/lucene-memory-5.5.0-snapshot-1721183.jar:/Users/lwiskowski/.gradle/caches/modules-2/files-2.1/org.apache.lucene/lucene-misc/5.5.0-snapshot-1721183/bdf184de9b5773c7af3ae908af78eeb1e512470c/lucene-misc-5.5.0-snapshot-1721183.jar:/Users/lwiskowski/.gradle/caches/modules-2/files-2.1/org.apache.lucene/lucene-queries/5.5.0-snapshot-1721183/fc59de52bd2c7e420edfd235723cb8b0dd44e92d/lucene-queries-5.5.0-snapshot-1721183.jar:/Users/lwiskowski/.gradle/caches/modules-2/files-2.1/org.apache.lucene/lucene-queryparser/5.5.0-snapshot-1721183/1d341e6a4f11f3170773ccffdbe6815b45967e3d/lucene-queryparser-5.5.0-snapshot-1721183.jar:/Users/lwiskowski/.gradle/caches/modules-2/files-2.1/org.apache.lucene/lucene-sandbox/5.5.0-snapshot-1721183/a1b02c2b595ac92f45f0d2be03841a3a7fcae1f1/lucene-sandbox-5.5.0-snapshot-1721183.jar:/Users/lwiskowski/.gradle/caches/modules-2/files-2.1/org.apache.lucene/lucene-spatial/5.5.0-snapshot-1721183/e3ea422b56734329fb6974e9cf9f66478adb5793/lucene-spatial-5.5.0-snapshot-1721183.jar:/Users/lwiskowski/.gradle/caches/modules-2/files-2.1/org.apache.lucene/lucene-spatial3d/5.5.0-snapshot-1721183/5eadbd4e63120b59ab6445e39489205f98420471/lucene-spatial3d-5.5.0-snapshot-1721183.jar:/Users/lwiskowski/.gradle/caches/modules-2/files-2.1/org.apache.lucene/lucene-suggest/5.5.0-snapshot-1721183/a336287e65d082535f02a8427666dbe46b1b9b74/lucene-suggest-5.5.0-snapshot-1721183.jar:/Users/lwiskowski/.gradle/caches/modules-2/files-2.1/org.elasticsearch/securesm/1.0/c0c6cf986ba0057390bfcc80c366a0e3157f944b/securesm-1.0.jar:/Users/lwiskowski/.gradle/caches/modules-2/files-2.1/commons-cli/commons-cli/1.3.1/1303efbc4b181e5a58bf2e967dc156a3132b97c0/commons-cli-1.3.1.jar:/Users/lwiskowski/.gradle/caches/modules-2/files-2.1/com.carrotsearch/hppc/0.7.1/8b5057f74ea378c0150a1860874a3ebdcb713767/hppc-0.7.1.jar:/Users/lwiskowski/.gradle/caches/modules-2/files-2.1/joda-time/joda-time/2.8.2/d27c24204c5e507b16fec01006b3d0f1ec42aed4/joda-time-2.8.2.jar:/Users/lwiskowski/.gradle/caches/modules-2/files-2.1/org.joda/joda-convert/1.2/35ec554f0cd00c956cc69051514d9488b1374dec/joda-convert-1.2.jar:/Users/lwiskowski/.gradle/caches/modules-2/files-2.1/com.fasterxml.jackson.core/jackson-core/2.6.2/123f29333b2c6b3516b14252b6e93226bfcd6e37/jackson-core-2.6.2.jar:/Users/lwiskowski/.gradle/caches/modules-2/files-2.1/com.fasterxml.jackson.dataformat/jackson-dataformat-smile/2.6.2/395d18c1a1dd730b8026ee59c4067e5d2b45ba6e/jackson-dataformat-smile-2.6.2.jar:/Users/lwiskowski/.gradle/caches/modules-2/files-2.1/com.fasterxml.jackson.dataformat/jackson-dataformat-yaml/2.6.2/4ae23088dd3fae47c66843f2e4251d7255ee140e/jackson-dataformat-yaml-2.6.2.jar:/Users/lwiskowski/.gradle/caches/modules-2/files-2.1/com.fasterxml.jackson.dataformat/jackson-dataformat-cbor/2.6.2/1e13c575f914c83761bb8e2aca7dfd9e4c647579/jackson-dataformat-cbor-2.6.2.jar:/Users/lwiskowski/.gradle/caches/modules-2/files-2.1/io.netty/netty/3.10.5.Final/9ca7d55d246092bddd29b867706e2f6c7db701a0/netty-3.10.5.Final.jar:/Users/lwiskowski/.gradle/caches/modules-2/files-2.1/com.tdunning/t-digest/3.0/84ccf145ac2215e6bfa63baa3101c0af41017cfc/t-digest-3.0.jar:/Users/lwiskowski/.gradle/caches/modules-2/files-2.1/org.hdrhistogram/HdrHistogram/2.1.6/7495feb7f71ee124bd2a7e7d83590e296d71d80e/HdrHistogram-2.1.6.jar:/Users/lwiskowski/.gradle/caches/modules-2/files-2.1/com.spatial4j/spatial4j/0.5/6e16edaf6b1ba76db7f08c2f3723fce3b358ecc3/spatial4j-0.5.jar:/Users/lwiskowski/.gradle/caches/modules-2/files-2.1/com.vividsolutions/jts/1.13/3ccfb9b60f04d71add996a666ceb8902904fd805/jts-1.13.jar:/Users/lwiskowski/.gradle/caches/modules-2/files-2.1/log4j/log4j/1.2.17/5af35056b4d257e4b64b9e8069c0746e8b08629f/log4j-1.2.17.jar:/Users/lwiskowski/.gradle/caches/modules-2/files-2.1/log4j/apache-log4j-extras/1.2.17/85863614d82185d7e51fe21c00aa9117a523a8b6/apache-log4j-extras-1.2.17.jar:/Users/lwiskowski/.gradle/caches/modules-2/files-2.1/org.slf4j/slf4j-api/1.6.2/8619e95939167fb37245b5670135e4feb0ec7d50/slf4j-api-1.6.2.jar:/Users/lwiskowski/.gradle/caches/modules-2/files-2.1/net.java.dev.jna/jna/4.1.0/1c12d070e602efd8021891cdd7fd18bc129372d4/jna-4.1.0.jar:/Users/lwiskowski/CSE2410_spring2016_projectileDysfunction/test/framework/build/libs/framework-3.0.0-SNAPSHOT.jar:/Users/lwiskowski/.gradle/caches/modules-2/files-2.1/com.carrotsearch.randomizedtesting/randomizedtesting-runner/2.3.2/307965917fe8a22b7ee72deba39ef4b8e6ebc069/randomizedtesting-runner-2.3.2.jar:/Users/lwiskowski/.gradle/caches/modules-2/files-2.1/junit/junit/4.11/4e031bb61df09069aeb2bffb4019e7a5034a4ee0/junit-4.11.jar:/Users/lwiskowski/.gradle/caches/modules-2/files-2.1/org.hamcrest/hamcrest-all/1.3/63a21ebc981131004ad02e0434e799fd7f3a8d5a/hamcrest-all-1.3.jar:/Users/lwiskowski/.gradle/caches/modules-2/files-2.1/org.apache.lucene/lucene-test-framework/5.5.0-snapshot-1721183/a8d851d0ad82182b3a02f4b30c336e7aa0e173cb/lucene-test-framework-5.5.0-snapshot-1721183.jar:/Users/lwiskowski/.gradle/caches/modules-2/files-2.1/org.apache.lucene/lucene-codecs/5.5.0-snapshot-1721183/8aa59442b028c7a2c1a516accb6142a8910ba5fc/lucene-codecs-5.5.0-snapshot-1721183.jar:/Users/lwiskowski/.gradle/caches/modules-2/files-2.1/org.apache.httpcomponents/httpclient/4.3.6/4c47155e3e6c9a41a28db36680b828ced53b8af4/httpclient-4.3.6.jar:/Users/lwiskowski/.gradle/caches/modules-2/files-2.1/org.apache.httpcomponents/httpcore/4.3.3/f91b7a4aadc5cf486df6e4634748d7dd7a73f06d/httpcore-4.3.3.jar:/Users/lwiskowski/.gradle/caches/modules-2/files-2.1/commons-logging/commons-logging/1.1.3/f6f66e966c70a83ffbdb6f17a0919eaf7c8aca7f/commons-logging-1.1.3.jar:/Users/lwiskowski/.gradle/caches/modules-2/files-2.1/commons-codec/commons-codec/1.10/4b95f4897fa13f2cd904aee711aeafc0c5295cd8/commons-codec-1.10.jar:/Users/lwiskowski/.gradle/caches/modules-2/files-2.1/org.elasticsearch/securemock/1.2/98201d4ad5ac93f6b415ae9172d52b5e7cda490e/securemock-1.2.jar:/Users/lwiskowski/.gradle/caches/modules-2/files-2.1/com.carrotsearch.randomizedtesting/junit4-ant/2.3.2/dc8f03f6111974092491f35b8269eb0fc57f52f7/junit4-ant-2.3.2.jar"/>
      <property name="java.class.version" value="52.0"/>
      <property name="java.endorsed.dirs" value="/Library/Java/JavaVirtualMachines/jdk1.8.0_71.jdk/Contents/Home/jre/lib/endorsed"/>
      <property name="java.ext.dirs" value="/Users/lwiskowski/Library/Java/Extensions:/Library/Java/JavaVirtualMachines/jdk1.8.0_71.jdk/Contents/Home/jre/lib/ext:/Library/Java/Extensions:/Network/Library/Java/Extensions:/System/Library/Java/Extensions:/usr/lib/java"/>
      <property name="java.home" value="/Library/Java/JavaVirtualMachines/jdk1.8.0_71.jdk/Contents/Home/jre"/>
      <property name="java.io.tmpdir" value="./temp"/>
      <property name="java.library.path" value="/Users/lwiskowski/Library/Java/Extensions:/Library/Java/Extensions:/Network/Library/Java/Extensions:/System/Library/Java/Extensions:/usr/lib/java:."/>
      <property name="java.runtime.name" value="Java(TM) SE Runtime Environment"/>
      <property name="java.runtime.version" value="1.8.0_71-b15"/>
      <property name="java.specification.name" value="Java Platform API Specification"/>
      <property name="java.specification.vendor" value="Oracle Corporation"/>
      <property name="java.specification.version" value="1.8"/>
      <property name="java.vendor" value="Oracle Corporation"/>
      <property name="java.vendor.url" value="http://java.oracle.com/"/>
      <property name="java.vendor.url.bug" value="http://bugreport.sun.com/bugreport/"/>
      <property name="java.version" value="1.8.0_71"/>
      <property name="java.vm.info" value="mixed mode"/>
      <property name="java.vm.name" value="Java HotSpot(TM) 64-Bit Server VM"/>
      <property name="java.vm.specification.name" value="Java Virtual Machine Specification"/>
      <property name="java.vm.specification.vendor" value="Oracle Corporation"/>
      <property name="java.vm.specification.version" value="1.8"/>
      <property name="java.vm.vendor" value="Oracle Corporation"/>
      <property name="java.vm.version" value="25.71-b15"/>
      <property name="junit4.childvm.count" value="4"/>
      <property name="junit4.childvm.cwd" value="/Users/lwiskowski/CSE2410_spring2016_projectileDysfunction/core/build/testrun/integTest/J1"/>
      <property name="junit4.childvm.id" value="1"/>
      <property name="junit4.memory.total" value="514850816"/>
      <property name="junit4.pidString" value="3682@host238-95.aruba.fit.edu"/>
      <property name="junit4.processors" value="8"/>
      <property name="line.separator" value="
"/>
      <property name="os.arch" value="x86_64"/>
      <property name="os.name" value="Mac OS X"/>
      <property name="os.version" value="10.11.4"/>
      <property name="path.separator" value=":"/>
      <property name="socksNonProxyHosts" value="local|*.local|169.254/16|*.169.254/16"/>
      <property name="sun.arch.data.model" value="64"/>
      <property name="sun.boot.class.path" value="/Library/Java/JavaVirtualMachines/jdk1.8.0_71.jdk/Contents/Home/jre/lib/resources.jar:/Library/Java/JavaVirtualMachines/jdk1.8.0_71.jdk/Contents/Home/jre/lib/rt.jar:/Library/Java/JavaVirtualMachines/jdk1.8.0_71.jdk/Contents/Home/jre/lib/sunrsasign.jar:/Library/Java/JavaVirtualMachines/jdk1.8.0_71.jdk/Contents/Home/jre/lib/jsse.jar:/Library/Java/JavaVirtualMachines/jdk1.8.0_71.jdk/Contents/Home/jre/lib/jce.jar:/Library/Java/JavaVirtualMachines/jdk1.8.0_71.jdk/Contents/Home/jre/lib/charsets.jar:/Library/Java/JavaVirtualMachines/jdk1.8.0_71.jdk/Contents/Home/jre/lib/jfr.jar:/Library/Java/JavaVirtualMachines/jdk1.8.0_71.jdk/Contents/Home/jre/classes"/>
      <property name="sun.boot.library.path" value="/Library/Java/JavaVirtualMachines/jdk1.8.0_71.jdk/Contents/Home/jre/lib"/>
      <property name="sun.cpu.endian" value="little"/>
      <property name="sun.cpu.isalist" value=""/>
      <property name="sun.io.unicode.encoding" value="UnicodeBig"/>
      <property name="sun.java.command" value="com.carrotsearch.ant.tasks.junit4.slave.SlaveMainSafe -eventsfile /Users/lwiskowski/CSE2410_spring2016_projectileDysfunction/core/build/testrun/integTest/temp/junit4-J1-20160418_030118_670.events @/Users/lwiskowski/CSE2410_spring2016_projectileDysfunction/core/build/testrun/integTest/temp/junit4-J1-20160418_030118_670.suites -stdin"/>
      <property name="sun.java.launcher" value="SUN_STANDARD"/>
      <property name="sun.jnu.encoding" value="UTF-8"/>
      <property name="sun.management.compiler" value="HotSpot 64-Bit Tiered Compilers"/>
      <property name="sun.os.patch.level" value="unknown"/>
      <property name="tests.artifact" value="core"/>
      <property name="tests.ifNoTests" value="fail"/>
      <property name="tests.maven" value="true"/>
      <property name="tests.prefix" value="tests"/>
      <property name="tests.security.manager" value="true"/>
      <property name="tests.seed" value="AF876320E2D19F69"/>
      <property name="tests.task" value=":core:integTest"/>
      <property name="user.country" value="US"/>
      <property name="user.dir" value="/Users/lwiskowski/CSE2410_spring2016_projectileDysfunction/core/build/testrun/integTest/J1"/>
      <property name="user.home" value="/Users/lwiskowski"/>
      <property name="user.language" value="en"/>
      <property name="user.name" value="lwiskowski"/>
      <property name="user.timezone" value=""/>
   </properties>
   <testcase classname="org.elasticsearch.indices.flush.FlushIT" name="testSyncedFlush" time="0.161"/>
   <testcase classname="org.elasticsearch.indices.flush.FlushIT" name="testSyncedFlushWithConcurrentIndexing" time="0.546"/>
   <testcase classname="org.elasticsearch.indices.flush.FlushIT" name="testUnallocatedShardsDoesNotHang" time="0.036"/>
   <testcase classname="org.elasticsearch.indices.flush.FlushIT" name="testWaitIfOngoing" time="0.639"/>
   <system-out><![CDATA[[2016-04-18 03:07:16,316][INFO ][org.elasticsearch.indices.flush] [FlushIT#testSyncedFlush]: setup test
[2016-04-18 03:07:16,329][TRACE][org.elasticsearch.indices.breaker] [node_s0] parent circuit breaker with settings [parent,type=PARENT,limit=360395571/343.6mb,overhead=1.0]
[2016-04-18 03:07:16,329][TRACE][org.elasticsearch.indices.breaker.request] creating ChildCircuitBreaker with settings [request,type=MEMORY,limit=205940326/196.3mb,overhead=1.0]
[2016-04-18 03:07:16,329][TRACE][org.elasticsearch.indices.breaker.fielddata] creating ChildCircuitBreaker with settings [fielddata,type=MEMORY,limit=308910489/294.5mb,overhead=1.03]
[2016-04-18 03:07:16,330][DEBUG][org.elasticsearch.indices] [node_s0] using indexing buffer size [49mb] with indices.memory.shard_inactive_time [5m], indices.memory.interval [5s]
[2016-04-18 03:07:16,331][DEBUG][org.elasticsearch.indices.cache.query] [node_s0] using [node] query cache with size [10%], actual_size [49mb], max filter count [1000]
[2016-04-18 03:07:16,331][DEBUG][org.elasticsearch.indices.fielddata.cache] [node_s0] using size [-1] [-1b]
[2016-04-18 03:07:16,334][DEBUG][org.elasticsearch.indices.recovery] [node_s0] using max_bytes_per_sec[40mb]
[2016-04-18 03:07:16,339][TRACE][org.elasticsearch.indices.breaker] [transport_client_node_s0] parent circuit breaker with settings [parent,type=PARENT,limit=360395571/343.6mb,overhead=1.0]
[2016-04-18 03:07:16,339][TRACE][org.elasticsearch.indices.breaker.request] creating ChildCircuitBreaker with settings [request,type=MEMORY,limit=205940326/196.3mb,overhead=1.0]
[2016-04-18 03:07:16,339][TRACE][org.elasticsearch.indices.breaker.fielddata] creating ChildCircuitBreaker with settings [fielddata,type=MEMORY,limit=308910489/294.5mb,overhead=1.03]
[2016-04-18 03:07:16,341][INFO ][org.elasticsearch.indices.flush] test using _default_ mappings: [{"_default_":{"_timestamp":{"enabled":false},"dynamic_templates":[{"template-strings":{"match_mapping_type":"string","mapping":{"fielddata":{"loading":"eager"}}}},{"template-longs":{"match_mapping_type":"long","mapping":{"fielddata":{"loading":"lazy"}}}},{"template-doubles":{"match_mapping_type":"double","mapping":{"fielddata":{"loading":"lazy"}}}},{"template-geo_points":{"match_mapping_type":"geo_point","mapping":{"fielddata":{"loading":"lazy"}}}},{"template-booleans":{"match_mapping_type":"boolean","mapping":{"fielddata":{"loading":"lazy"}}}}]}}]
[2016-04-18 03:07:16,343][INFO ][org.elasticsearch.indices.flush] [FlushIT#testSyncedFlush]: starting test
[2016-04-18 03:07:16,353][TRACE][org.elasticsearch.indices.breaker] [node_s1] parent circuit breaker with settings [parent,type=PARENT,limit=360395571/343.6mb,overhead=1.0]
[2016-04-18 03:07:16,353][TRACE][org.elasticsearch.indices.breaker.request] creating ChildCircuitBreaker with settings [request,type=MEMORY,limit=205940326/196.3mb,overhead=1.0]
[2016-04-18 03:07:16,353][TRACE][org.elasticsearch.indices.breaker.fielddata] creating ChildCircuitBreaker with settings [fielddata,type=MEMORY,limit=308910489/294.5mb,overhead=1.03]
[2016-04-18 03:07:16,354][DEBUG][org.elasticsearch.indices] [node_s1] using indexing buffer size [49mb] with indices.memory.shard_inactive_time [5m], indices.memory.interval [5s]
[2016-04-18 03:07:16,354][DEBUG][org.elasticsearch.indices.cache.query] [node_s1] using [node] query cache with size [10%], actual_size [49mb], max filter count [1000]
[2016-04-18 03:07:16,355][DEBUG][org.elasticsearch.indices.fielddata.cache] [node_s1] using size [-1] [-1b]
[2016-04-18 03:07:16,357][DEBUG][org.elasticsearch.indices.recovery] [node_s1] using max_bytes_per_sec[40mb]
[2016-04-18 03:07:16,364][TRACE][org.elasticsearch.indices.breaker] [transport_client_node_s1] parent circuit breaker with settings [parent,type=PARENT,limit=360395571/343.6mb,overhead=1.0]
[2016-04-18 03:07:16,364][TRACE][org.elasticsearch.indices.breaker.request] creating ChildCircuitBreaker with settings [request,type=MEMORY,limit=205940326/196.3mb,overhead=1.0]
[2016-04-18 03:07:16,364][TRACE][org.elasticsearch.indices.breaker.fielddata] creating ChildCircuitBreaker with settings [fielddata,type=MEMORY,limit=308910489/294.5mb,overhead=1.03]
[2016-04-18 03:07:16,365][DEBUG][org.elasticsearch.indices] [node_s0] creating Index [test], shards [1]/[0]
[2016-04-18 03:07:16,367][DEBUG][org.elasticsearch.indices] [node_s0] [test] closing ... (reason [cleaning up after validating index on master])
[2016-04-18 03:07:16,367][DEBUG][org.elasticsearch.indices] [node_s0] [test] closing index service (reason [cleaning up after validating index on master])
[2016-04-18 03:07:16,367][DEBUG][org.elasticsearch.indices] [node_s0] [test] closed... (reason [cleaning up after validating index on master])
[2016-04-18 03:07:16,368][DEBUG][org.elasticsearch.indices.cluster] [node_s0] [test] creating index
[2016-04-18 03:07:16,369][DEBUG][org.elasticsearch.indices] [node_s0] creating Index [test], shards [1]/[0]
[2016-04-18 03:07:16,369][DEBUG][org.elasticsearch.indices.cluster] [node_s0] [test] adding mapping [_default_], source [{"_default_":{"_timestamp":{"enabled":false},"dynamic_templates":[{"template-strings":{"mapping":{"fielddata":{"loading":"eager"}},"match_mapping_type":"string"}},{"template-longs":{"mapping":{"fielddata":{"loading":"lazy"}},"match_mapping_type":"long"}},{"template-doubles":{"mapping":{"fielddata":{"loading":"lazy"}},"match_mapping_type":"double"}},{"template-geo_points":{"mapping":{"fielddata":{"loading":"lazy"}},"match_mapping_type":"geo_point"}},{"template-booleans":{"mapping":{"fielddata":{"loading":"lazy"}},"match_mapping_type":"boolean"}}]}}]
[2016-04-18 03:07:16,369][DEBUG][org.elasticsearch.indices.cluster] [node_s0] [test][0] creating shard
[2016-04-18 03:07:16,374][TRACE][org.elasticsearch.indices] [node_s0] [test][0] warming [ElasticsearchDirectoryReader()]
[2016-04-18 03:07:16,375][TRACE][org.elasticsearch.indices] [node_s0] [test][0] top warming [ElasticsearchDirectoryReader()]
[2016-04-18 03:07:16,379][DEBUG][org.elasticsearch.indices.flush] indices [_all] are green
[2016-04-18 03:07:16,379][INFO ][org.elasticsearch.indices.flush] --> sync flushing index [test]
[2016-04-18 03:07:16,381][TRACE][org.elasticsearch.indices.flush] [node_s0] [test][0] sending pre-synced flush request to [test][0], node[Eq8QBap-RMGjnhl2TweSrA], [P], v[2], s[STARTED], a[id=NdCIEwTsT5e1DDtO2AkT_g]
[2016-04-18 03:07:16,383][TRACE][org.elasticsearch.indices.flush] [node_s0] [test][0] performing pre sync flush
[2016-04-18 03:07:16,383][TRACE][org.elasticsearch.indices.flush] [node_s0] [test][0] pre sync flush done. commit id BuydD5zncGrtIeDmqQ5gGg==
[2016-04-18 03:07:16,384][TRACE][org.elasticsearch.indices.flush] [node_s0] [test][0] retrieving in flight operation count
[2016-04-18 03:07:16,384][TRACE][org.elasticsearch.indices.flush] [node_s0] [test][0] in flight operations sampled at [0]
[2016-04-18 03:07:16,385][TRACE][org.elasticsearch.indices.flush] [node_s0] [test][0] sending synced flush request to [test][0], node[Eq8QBap-RMGjnhl2TweSrA], [P], v[2], s[STARTED], a[id=NdCIEwTsT5e1DDtO2AkT_g]. sync id [AVQoMdogN9iEWOfvVVOF].
[2016-04-18 03:07:16,385][TRACE][org.elasticsearch.indices.flush] [node_s0] [test][0] performing sync flush. sync id [AVQoMdogN9iEWOfvVVOF], expected commit id BuydD5zncGrtIeDmqQ5gGg==
[2016-04-18 03:07:16,387][TRACE][org.elasticsearch.indices.flush] [node_s0] [test][0] sync flush done. sync id [AVQoMdogN9iEWOfvVVOF], result [SUCCESS]
[2016-04-18 03:07:16,402][TRACE][org.elasticsearch.indices.breaker] [node_s2] parent circuit breaker with settings [parent,type=PARENT,limit=360395571/343.6mb,overhead=1.0]
[2016-04-18 03:07:16,402][TRACE][org.elasticsearch.indices.breaker.request] creating ChildCircuitBreaker with settings [request,type=MEMORY,limit=205940326/196.3mb,overhead=1.0]
[2016-04-18 03:07:16,402][TRACE][org.elasticsearch.indices.breaker.fielddata] creating ChildCircuitBreaker with settings [fielddata,type=MEMORY,limit=308910489/294.5mb,overhead=1.03]
[2016-04-18 03:07:16,402][DEBUG][org.elasticsearch.indices] [node_s2] using indexing buffer size [49mb] with indices.memory.shard_inactive_time [5m], indices.memory.interval [5s]
[2016-04-18 03:07:16,403][DEBUG][org.elasticsearch.indices.cache.query] [node_s2] using [node] query cache with size [10%], actual_size [49mb], max filter count [1000]
[2016-04-18 03:07:16,403][DEBUG][org.elasticsearch.indices.fielddata.cache] [node_s2] using size [-1] [-1b]
[2016-04-18 03:07:16,405][DEBUG][org.elasticsearch.indices.recovery] [node_s2] using max_bytes_per_sec[67mb]
[2016-04-18 03:07:16,414][TRACE][org.elasticsearch.indices.breaker] [transport_client_node_s2] parent circuit breaker with settings [parent,type=PARENT,limit=360395571/343.6mb,overhead=1.0]
[2016-04-18 03:07:16,414][TRACE][org.elasticsearch.indices.breaker.request] creating ChildCircuitBreaker with settings [request,type=MEMORY,limit=205940326/196.3mb,overhead=1.0]
[2016-04-18 03:07:16,414][TRACE][org.elasticsearch.indices.breaker.fielddata] creating ChildCircuitBreaker with settings [fielddata,type=MEMORY,limit=308910489/294.5mb,overhead=1.03]
[2016-04-18 03:07:16,415][DEBUG][org.elasticsearch.indices.cluster] [node_s2] [test] creating index
[2016-04-18 03:07:16,415][DEBUG][org.elasticsearch.indices] [node_s2] creating Index [test], shards [1]/[0]
[2016-04-18 03:07:16,416][DEBUG][org.elasticsearch.indices.cluster] [node_s2] [test] adding mapping [_default_], source [{"_default_":{"_timestamp":{"enabled":false},"dynamic_templates":[{"template-strings":{"mapping":{"fielddata":{"loading":"eager"}},"match_mapping_type":"string"}},{"template-longs":{"mapping":{"fielddata":{"loading":"lazy"}},"match_mapping_type":"long"}},{"template-doubles":{"mapping":{"fielddata":{"loading":"lazy"}},"match_mapping_type":"double"}},{"template-geo_points":{"mapping":{"fielddata":{"loading":"lazy"}},"match_mapping_type":"geo_point"}},{"template-booleans":{"mapping":{"fielddata":{"loading":"lazy"}},"match_mapping_type":"boolean"}}]}}]
[2016-04-18 03:07:16,416][DEBUG][org.elasticsearch.indices.cluster] [node_s2] [test][0] creating shard
[2016-04-18 03:07:16,417][TRACE][org.elasticsearch.indices.recovery] [node_s2] [test][0] started recovery from {node_s0}{Eq8QBap-RMGjnhl2TweSrA}{local}{local[321]}[mode=>local], id [343]
[2016-04-18 03:07:16,418][TRACE][org.elasticsearch.indices.recovery] [node_s2] collecting local files for [test][0] [343]
[2016-04-18 03:07:16,418][TRACE][org.elasticsearch.indices.recovery] [node_s2] [test][0] starting recovery from {node_s0}{Eq8QBap-RMGjnhl2TweSrA}{local}{local[321]}[mode=>local]
[2016-04-18 03:07:16,418][TRACE][org.elasticsearch.indices.recovery] [node_s0] [test][0] starting recovery to {node_s2}{GQLOCrY0QLCmqOt20KCpnQ}{local}{local[325]}[mode=>local], mark_as_relocated false
[2016-04-18 03:07:16,418][TRACE][org.elasticsearch.indices.recovery] [node_s0] captured translog id [-1] for recovery
[2016-04-18 03:07:16,419][TRACE][org.elasticsearch.indices.recovery] [node_s0] [test][0] recovery [phase1] to {node_s2}{GQLOCrY0QLCmqOt20KCpnQ}{local}{local[325]}[mode=>local]: recovering [segments_2], does not exists in remote
[2016-04-18 03:07:16,419][TRACE][org.elasticsearch.indices.recovery] [node_s0] [test][0] recovery [phase1] to {node_s2}{GQLOCrY0QLCmqOt20KCpnQ}{local}{local[325]}[mode=>local]: recovering_files [1] with total_size [159b], reusing_files [0] with total_size [0b]
[2016-04-18 03:07:16,422][TRACE][org.elasticsearch.indices.recovery] [node_s0] [test][0] recovery [phase1] to {node_s2}{GQLOCrY0QLCmqOt20KCpnQ}{local}{local[325]}[mode=>local]: prepare remote engine for translog
[2016-04-18 03:07:16,423][TRACE][org.elasticsearch.indices] [node_s2] [test][0] warming [ElasticsearchDirectoryReader()]
[2016-04-18 03:07:16,423][TRACE][org.elasticsearch.indices] [node_s2] [test][0] top warming [ElasticsearchDirectoryReader()]
[2016-04-18 03:07:16,425][TRACE][org.elasticsearch.indices.recovery] [node_s0] [test][0] recovery [phase1] to {node_s2}{GQLOCrY0QLCmqOt20KCpnQ}{local}{local[325]}[mode=>local]: remote engine start took [2.7ms]
[2016-04-18 03:07:16,425][TRACE][org.elasticsearch.indices.recovery] [node_s0] [test][0] recovery [phase1] to {node_s2}{GQLOCrY0QLCmqOt20KCpnQ}{local}{local[325]}[mode=>local]: took [0s]
[2016-04-18 03:07:16,425][TRACE][org.elasticsearch.indices.recovery] [node_s0] snapshot translog for recovery. current size is [0]
[2016-04-18 03:07:16,425][TRACE][org.elasticsearch.indices.recovery] [node_s0] [test][0] recovery [phase2] to {node_s2}{GQLOCrY0QLCmqOt20KCpnQ}{local}{local[325]}[mode=>local]: sending transaction log operations
[2016-04-18 03:07:16,425][TRACE][org.elasticsearch.indices.recovery] [node_s0] [test][0] no translog operations to send to {node_s2}{GQLOCrY0QLCmqOt20KCpnQ}{local}{local[325]}[mode=>local]
[2016-04-18 03:07:16,425][TRACE][org.elasticsearch.indices.recovery] [node_s0] [test][0] sent final batch of [0][0b] (total: [0]) translog operations to {node_s2}{GQLOCrY0QLCmqOt20KCpnQ}{local}{local[325]}[mode=>local]
[2016-04-18 03:07:16,425][TRACE][org.elasticsearch.indices.recovery] [node_s0] [test][0] recovery [phase2] to {node_s2}{GQLOCrY0QLCmqOt20KCpnQ}{local}{local[325]}[mode=>local]: took [141.4micros]
[2016-04-18 03:07:16,425][TRACE][org.elasticsearch.indices.recovery] [node_s0] [test][0] finalizing recovery to {node_s2}{GQLOCrY0QLCmqOt20KCpnQ}{local}{local[325]}[mode=>local]
[2016-04-18 03:07:16,425][TRACE][org.elasticsearch.indices] [node_s2] [test][0] top warming [ElasticsearchDirectoryReader()]
[2016-04-18 03:07:16,425][TRACE][org.elasticsearch.indices.recovery] [node_s0] [test][0] finalizing recovery to {node_s2}{GQLOCrY0QLCmqOt20KCpnQ}{local}{local[325]}[mode=>local]: took [185.2micros]
[2016-04-18 03:07:16,425][TRACE][org.elasticsearch.indices.recovery] [node_s2] [test][0] marking recovery from {node_s0}{Eq8QBap-RMGjnhl2TweSrA}{local}{local[321]}[mode=>local] as done, id [343]
[2016-04-18 03:07:16,425][TRACE][org.elasticsearch.indices.recovery] [node_s2] [test][0] recovery completed from {node_s0}{Eq8QBap-RMGjnhl2TweSrA}{local}{local[321]}[mode=>local], took[7ms]
   phase1: recovered_files [1] with total_size of [159b], took [0s], throttling_wait [0s]
         : reusing_files   [0] with total_size of [0b]
   phase2: start took [2ms]
         : recovered [0] transaction log operations, took [0s]

[2016-04-18 03:07:16,428][DEBUG][org.elasticsearch.indices.cluster] [node_s0] [test][0] removing shard (not allocated)
[2016-04-18 03:07:16,429][DEBUG][org.elasticsearch.indices.cluster] [node_s0] [test] cleaning index (no shards allocated)
[2016-04-18 03:07:16,429][DEBUG][org.elasticsearch.indices] [node_s0] [test] closing ... (reason [removing index (no shards allocated)])
[2016-04-18 03:07:16,429][DEBUG][org.elasticsearch.indices] [node_s0] [test] closing index service (reason [removing index (no shards allocated)])
[2016-04-18 03:07:16,429][DEBUG][org.elasticsearch.indices] [node_s0] [test] closed... (reason [removing index (no shards allocated)])
[2016-04-18 03:07:16,429][TRACE][org.elasticsearch.indices.store] [node_s0] [test][0] sending shard active check to {node_s2}{GQLOCrY0QLCmqOt20KCpnQ}{local}{local[325]}[mode=>local]
[2016-04-18 03:07:16,429][TRACE][org.elasticsearch.indices.store] [node_s0] [test][0] is active on node {node_s2}{GQLOCrY0QLCmqOt20KCpnQ}{local}{local[325]}[mode=>local]
[2016-04-18 03:07:16,432][DEBUG][org.elasticsearch.indices] [node_s0] [test][0] deleted shard reason [no longer used]
[2016-04-18 03:07:16,435][DEBUG][org.elasticsearch.indices.flush] indices [test] are green
[2016-04-18 03:07:16,436][TRACE][org.elasticsearch.indices.store] [node_s0] listing store meta data for [test][0]
[2016-04-18 03:07:16,436][TRACE][org.elasticsearch.indices.store] [node_s2] listing store meta data for [test][0]
[2016-04-18 03:07:16,436][TRACE][org.elasticsearch.indices.store] [node_s1] listing store meta data for [test][0]
[2016-04-18 03:07:16,437][TRACE][org.elasticsearch.indices.store] [node_s0] [test][0] didn't find any store meta data to load (took [352.2micros])
[2016-04-18 03:07:16,437][TRACE][org.elasticsearch.indices.store] [node_s1] [test][0] didn't find any store meta data to load (took [572.3micros])
[2016-04-18 03:07:16,438][DEBUG][org.elasticsearch.indices.store] [node_s2] [test][0] loaded store meta data (took [1.4ms])
[2016-04-18 03:07:16,441][DEBUG][org.elasticsearch.indices.cluster] [node_s1] [test] creating index
[2016-04-18 03:07:16,441][DEBUG][org.elasticsearch.indices] [node_s1] creating Index [test], shards [1]/[2]
[2016-04-18 03:07:16,442][DEBUG][org.elasticsearch.indices.cluster] [node_s1] [test] adding mapping [_default_], source [{"_default_":{"_timestamp":{"enabled":false},"dynamic_templates":[{"template-strings":{"mapping":{"fielddata":{"loading":"eager"}},"match_mapping_type":"string"}},{"template-longs":{"mapping":{"fielddata":{"loading":"lazy"}},"match_mapping_type":"long"}},{"template-doubles":{"mapping":{"fielddata":{"loading":"lazy"}},"match_mapping_type":"double"}},{"template-geo_points":{"mapping":{"fielddata":{"loading":"lazy"}},"match_mapping_type":"geo_point"}},{"template-booleans":{"mapping":{"fielddata":{"loading":"lazy"}},"match_mapping_type":"boolean"}}]}}]
[2016-04-18 03:07:16,442][DEBUG][org.elasticsearch.indices.cluster] [node_s1] [test][0] creating shard
[2016-04-18 03:07:16,444][TRACE][org.elasticsearch.indices.recovery] [node_s1] [test][0] started recovery from {node_s2}{GQLOCrY0QLCmqOt20KCpnQ}{local}{local[325]}[mode=>local], id [344]
[2016-04-18 03:07:16,444][TRACE][org.elasticsearch.indices.recovery] [node_s1] collecting local files for [test][0] [344]
[2016-04-18 03:07:16,444][TRACE][org.elasticsearch.indices.recovery] [node_s1] [test][0] starting recovery from {node_s2}{GQLOCrY0QLCmqOt20KCpnQ}{local}{local[325]}[mode=>local]
[2016-04-18 03:07:16,444][DEBUG][org.elasticsearch.indices.cluster] [node_s0] [test] creating index
[2016-04-18 03:07:16,444][TRACE][org.elasticsearch.indices.recovery] [node_s2] [test][0] starting recovery to {node_s1}{cnyJRVdnR0qW1-r1xCulug}{local}{local[323]}[mode=>local], mark_as_relocated false
[2016-04-18 03:07:16,444][TRACE][org.elasticsearch.indices.recovery] [node_s2] captured translog id [-1] for recovery
[2016-04-18 03:07:16,445][DEBUG][org.elasticsearch.indices] [node_s0] creating Index [test], shards [1]/[2]
[2016-04-18 03:07:16,445][DEBUG][org.elasticsearch.indices.cluster] [node_s0] [test] adding mapping [_default_], source [{"_default_":{"_timestamp":{"enabled":false},"dynamic_templates":[{"template-strings":{"mapping":{"fielddata":{"loading":"eager"}},"match_mapping_type":"string"}},{"template-longs":{"mapping":{"fielddata":{"loading":"lazy"}},"match_mapping_type":"long"}},{"template-doubles":{"mapping":{"fielddata":{"loading":"lazy"}},"match_mapping_type":"double"}},{"template-geo_points":{"mapping":{"fielddata":{"loading":"lazy"}},"match_mapping_type":"geo_point"}},{"template-booleans":{"mapping":{"fielddata":{"loading":"lazy"}},"match_mapping_type":"boolean"}}]}}]
[2016-04-18 03:07:16,445][TRACE][org.elasticsearch.indices.recovery] [node_s2] [test][0] recovery [phase1] to {node_s1}{cnyJRVdnR0qW1-r1xCulug}{local}{local[323]}[mode=>local]: recovering [segments_3], does not exists in remote
[2016-04-18 03:07:16,445][DEBUG][org.elasticsearch.indices.cluster] [node_s0] [test][0] creating shard
[2016-04-18 03:07:16,445][TRACE][org.elasticsearch.indices.recovery] [node_s2] [test][0] recovery [phase1] to {node_s1}{cnyJRVdnR0qW1-r1xCulug}{local}{local[323]}[mode=>local]: recovering_files [1] with total_size [159b], reusing_files [0] with total_size [0b]
[2016-04-18 03:07:16,446][TRACE][org.elasticsearch.indices.recovery] [node_s0] [test][0] started recovery from {node_s2}{GQLOCrY0QLCmqOt20KCpnQ}{local}{local[325]}[mode=>local], id [345]
[2016-04-18 03:07:16,446][TRACE][org.elasticsearch.indices.recovery] [node_s0] collecting local files for [test][0] [345]
[2016-04-18 03:07:16,447][TRACE][org.elasticsearch.indices.recovery] [node_s0] [test][0] starting recovery from {node_s2}{GQLOCrY0QLCmqOt20KCpnQ}{local}{local[325]}[mode=>local]
[2016-04-18 03:07:16,447][TRACE][org.elasticsearch.indices.recovery] [node_s2] [test][0] starting recovery to {node_s0}{Eq8QBap-RMGjnhl2TweSrA}{local}{local[321]}[mode=>local], mark_as_relocated false
[2016-04-18 03:07:16,447][TRACE][org.elasticsearch.indices.recovery] [node_s2] captured translog id [-1] for recovery
[2016-04-18 03:07:16,448][TRACE][org.elasticsearch.indices.recovery] [node_s2] [test][0] recovery [phase1] to {node_s0}{Eq8QBap-RMGjnhl2TweSrA}{local}{local[321]}[mode=>local]: recovering [segments_3], does not exists in remote
[2016-04-18 03:07:16,448][TRACE][org.elasticsearch.indices.recovery] [node_s2] [test][0] recovery [phase1] to {node_s0}{Eq8QBap-RMGjnhl2TweSrA}{local}{local[321]}[mode=>local]: recovering_files [1] with total_size [159b], reusing_files [0] with total_size [0b]
[2016-04-18 03:07:16,448][TRACE][org.elasticsearch.indices.recovery] [node_s2] [test][0] recovery [phase1] to {node_s1}{cnyJRVdnR0qW1-r1xCulug}{local}{local[323]}[mode=>local]: prepare remote engine for translog
[2016-04-18 03:07:16,450][TRACE][org.elasticsearch.indices.recovery] [node_s2] [test][0] recovery [phase1] to {node_s0}{Eq8QBap-RMGjnhl2TweSrA}{local}{local[321]}[mode=>local]: prepare remote engine for translog
[2016-04-18 03:07:16,450][TRACE][org.elasticsearch.indices] [node_s1] [test][0] warming [ElasticsearchDirectoryReader()]
[2016-04-18 03:07:16,450][TRACE][org.elasticsearch.indices] [node_s1] [test][0] top warming [ElasticsearchDirectoryReader()]
[2016-04-18 03:07:16,451][TRACE][org.elasticsearch.indices.recovery] [node_s2] [test][0] recovery [phase1] to {node_s1}{cnyJRVdnR0qW1-r1xCulug}{local}{local[323]}[mode=>local]: remote engine start took [2.8ms]
[2016-04-18 03:07:16,451][TRACE][org.elasticsearch.indices] [node_s0] [test][0] warming [ElasticsearchDirectoryReader()]
[2016-04-18 03:07:16,451][TRACE][org.elasticsearch.indices.recovery] [node_s2] [test][0] recovery [phase1] to {node_s1}{cnyJRVdnR0qW1-r1xCulug}{local}{local[323]}[mode=>local]: took [0s]
[2016-04-18 03:07:16,452][TRACE][org.elasticsearch.indices] [node_s0] [test][0] top warming [ElasticsearchDirectoryReader()]
[2016-04-18 03:07:16,452][TRACE][org.elasticsearch.indices.recovery] [node_s2] snapshot translog for recovery. current size is [0]
[2016-04-18 03:07:16,452][TRACE][org.elasticsearch.indices.recovery] [node_s2] [test][0] recovery [phase2] to {node_s1}{cnyJRVdnR0qW1-r1xCulug}{local}{local[323]}[mode=>local]: sending transaction log operations
[2016-04-18 03:07:16,452][TRACE][org.elasticsearch.indices.recovery] [node_s2] [test][0] no translog operations to send to {node_s1}{cnyJRVdnR0qW1-r1xCulug}{local}{local[323]}[mode=>local]
[2016-04-18 03:07:16,452][TRACE][org.elasticsearch.indices.recovery] [node_s2] [test][0] sent final batch of [0][0b] (total: [0]) translog operations to {node_s1}{cnyJRVdnR0qW1-r1xCulug}{local}{local[323]}[mode=>local]
[2016-04-18 03:07:16,452][TRACE][org.elasticsearch.indices.recovery] [node_s2] [test][0] recovery [phase2] to {node_s1}{cnyJRVdnR0qW1-r1xCulug}{local}{local[323]}[mode=>local]: took [112.4micros]
[2016-04-18 03:07:16,452][TRACE][org.elasticsearch.indices.recovery] [node_s2] [test][0] finalizing recovery to {node_s1}{cnyJRVdnR0qW1-r1xCulug}{local}{local[323]}[mode=>local]
[2016-04-18 03:07:16,452][TRACE][org.elasticsearch.indices] [node_s1] [test][0] top warming [ElasticsearchDirectoryReader()]
[2016-04-18 03:07:16,452][TRACE][org.elasticsearch.indices.recovery] [node_s2] [test][0] finalizing recovery to {node_s1}{cnyJRVdnR0qW1-r1xCulug}{local}{local[323]}[mode=>local]: took [217.8micros]
[2016-04-18 03:07:16,452][TRACE][org.elasticsearch.indices.recovery] [node_s1] [test][0] marking recovery from {node_s2}{GQLOCrY0QLCmqOt20KCpnQ}{local}{local[325]}[mode=>local] as done, id [344]
[2016-04-18 03:07:16,452][TRACE][org.elasticsearch.indices.recovery] [node_s1] [test][0] recovery completed from {node_s2}{GQLOCrY0QLCmqOt20KCpnQ}{local}{local[325]}[mode=>local], took[8ms]
   phase1: recovered_files [1] with total_size of [159b], took [0s], throttling_wait [0s]
         : reusing_files   [0] with total_size of [0b]
   phase2: start took [2ms]
         : recovered [0] transaction log operations, took [0s]

[2016-04-18 03:07:16,453][TRACE][org.elasticsearch.indices.recovery] [node_s2] [test][0] recovery [phase1] to {node_s0}{Eq8QBap-RMGjnhl2TweSrA}{local}{local[321]}[mode=>local]: remote engine start took [2.6ms]
[2016-04-18 03:07:16,453][TRACE][org.elasticsearch.indices.recovery] [node_s2] [test][0] recovery [phase1] to {node_s0}{Eq8QBap-RMGjnhl2TweSrA}{local}{local[321]}[mode=>local]: took [0s]
[2016-04-18 03:07:16,453][TRACE][org.elasticsearch.indices.recovery] [node_s2] snapshot translog for recovery. current size is [0]
[2016-04-18 03:07:16,453][TRACE][org.elasticsearch.indices.recovery] [node_s2] [test][0] recovery [phase2] to {node_s0}{Eq8QBap-RMGjnhl2TweSrA}{local}{local[321]}[mode=>local]: sending transaction log operations
[2016-04-18 03:07:16,453][TRACE][org.elasticsearch.indices.recovery] [node_s2] [test][0] no translog operations to send to {node_s0}{Eq8QBap-RMGjnhl2TweSrA}{local}{local[321]}[mode=>local]
[2016-04-18 03:07:16,453][TRACE][org.elasticsearch.indices.recovery] [node_s2] [test][0] sent final batch of [0][0b] (total: [0]) translog operations to {node_s0}{Eq8QBap-RMGjnhl2TweSrA}{local}{local[321]}[mode=>local]
[2016-04-18 03:07:16,453][TRACE][org.elasticsearch.indices.recovery] [node_s2] [test][0] recovery [phase2] to {node_s0}{Eq8QBap-RMGjnhl2TweSrA}{local}{local[321]}[mode=>local]: took [142.7micros]
[2016-04-18 03:07:16,453][TRACE][org.elasticsearch.indices.recovery] [node_s2] [test][0] finalizing recovery to {node_s0}{Eq8QBap-RMGjnhl2TweSrA}{local}{local[321]}[mode=>local]
[2016-04-18 03:07:16,453][TRACE][org.elasticsearch.indices] [node_s0] [test][0] top warming [ElasticsearchDirectoryReader()]
[2016-04-18 03:07:16,453][TRACE][org.elasticsearch.indices.recovery] [node_s2] [test][0] finalizing recovery to {node_s0}{Eq8QBap-RMGjnhl2TweSrA}{local}{local[321]}[mode=>local]: took [199.2micros]
[2016-04-18 03:07:16,454][TRACE][org.elasticsearch.indices.recovery] [node_s0] [test][0] marking recovery from {node_s2}{GQLOCrY0QLCmqOt20KCpnQ}{local}{local[325]}[mode=>local] as done, id [345]
[2016-04-18 03:07:16,454][TRACE][org.elasticsearch.indices.recovery] [node_s0] [test][0] recovery completed from {node_s2}{GQLOCrY0QLCmqOt20KCpnQ}{local}{local[325]}[mode=>local], took[7ms]
   phase1: recovered_files [1] with total_size of [159b], took [0s], throttling_wait [0s]
         : reusing_files   [0] with total_size of [0b]
   phase2: start took [2ms]
         : recovered [0] transaction log operations, took [0s]

[2016-04-18 03:07:16,455][TRACE][org.elasticsearch.indices.cluster] [node_s0] [test][0] master marked shard as initializing, but shard has state [POST_RECOVERY], resending shard started to {node_s0}{Eq8QBap-RMGjnhl2TweSrA}{local}{local[321]}[mode=>local]
[2016-04-18 03:07:16,462][DEBUG][org.elasticsearch.indices.flush] indices [test] are green
[2016-04-18 03:07:16,463][INFO ][org.elasticsearch.indices.flush] [FlushIT#testSyncedFlush]: finished test
[2016-04-18 03:07:16,463][INFO ][org.elasticsearch.indices.flush] [FlushIT#testSyncedFlush]: cleaning up after test
[2016-04-18 03:07:16,463][TRACE][org.elasticsearch.indices.flush] Check consistency for [3] nodes
[2016-04-18 03:07:16,466][DEBUG][org.elasticsearch.indices.cluster] [node_s1] [test] cleaning index, no longer part of the metadata
[2016-04-18 03:07:16,466][DEBUG][org.elasticsearch.indices] [node_s1] [test] closing ... (reason [index no longer part of the metadata])
[2016-04-18 03:07:16,466][DEBUG][org.elasticsearch.indices] [node_s1] [test] closing index service (reason [index no longer part of the metadata])
[2016-04-18 03:07:16,466][DEBUG][org.elasticsearch.indices.cluster] [node_s2] [test] cleaning index, no longer part of the metadata
[2016-04-18 03:07:16,466][DEBUG][org.elasticsearch.indices] [node_s2] [test] closing ... (reason [index no longer part of the metadata])
[2016-04-18 03:07:16,467][DEBUG][org.elasticsearch.indices] [node_s2] [test] closing index service (reason [index no longer part of the metadata])
[2016-04-18 03:07:16,467][TRACE][org.elasticsearch.indices] [node_s1] [test][0] deleting shard reason [delete index]
[2016-04-18 03:07:16,467][TRACE][org.elasticsearch.indices] [node_s2] [test][0] deleting shard reason [delete index]
[2016-04-18 03:07:16,469][DEBUG][org.elasticsearch.indices] [node_s1] [test] closed... (reason [index no longer part of the metadata])
[2016-04-18 03:07:16,469][DEBUG][org.elasticsearch.indices] [node_s1] [test] deleting index store reason [index no longer part of the metadata]
[2016-04-18 03:07:16,469][DEBUG][org.elasticsearch.indices] [node_s2] [test] closed... (reason [index no longer part of the metadata])
[2016-04-18 03:07:16,469][DEBUG][org.elasticsearch.indices] [node_s2] [test] deleting index store reason [index no longer part of the metadata]
[2016-04-18 03:07:16,470][DEBUG][org.elasticsearch.indices] [node_s1] [test] processing pending deletes
[2016-04-18 03:07:16,470][DEBUG][org.elasticsearch.indices] [node_s2] [test] processing pending deletes
[2016-04-18 03:07:16,470][DEBUG][org.elasticsearch.indices.cluster] [node_s0] [test] cleaning index, no longer part of the metadata
[2016-04-18 03:07:16,470][DEBUG][org.elasticsearch.indices] [node_s0] [test] closing ... (reason [index no longer part of the metadata])
[2016-04-18 03:07:16,470][DEBUG][org.elasticsearch.indices] [node_s0] [test] closing index service (reason [index no longer part of the metadata])
[2016-04-18 03:07:16,471][TRACE][org.elasticsearch.indices] [node_s0] [test][0] deleting shard reason [delete index]
[2016-04-18 03:07:16,472][DEBUG][org.elasticsearch.indices] [node_s0] [test] closed... (reason [index no longer part of the metadata])
[2016-04-18 03:07:16,472][DEBUG][org.elasticsearch.indices] [node_s0] [test] deleting index store reason [index no longer part of the metadata]
[2016-04-18 03:07:16,473][DEBUG][org.elasticsearch.indices] [node_s0] [test] processing pending deletes
[2016-04-18 03:07:16,476][INFO ][org.elasticsearch.indices.flush] [FlushIT#testSyncedFlush]: cleaned up after test
]]></system-out>
   <system-err><![CDATA[]]></system-err>
</testsuite>