<testsuite errors="0" failures="0" tests="6" skipped="0" name="org.elasticsearch.index.store.CorruptedFileIT" hostname="nohost.nodomain" time="2.353" timestamp="2016-04-18T03:02:58">
   <properties class="java.util.ArrayList">
      <property name="awt.toolkit" value="sun.lwawt.macosx.LWCToolkit"/>
      <property name="es.logger.level" value="WARN"/>
      <property name="file.encoding" value="UTF-8"/>
      <property name="file.encoding.pkg" value="sun.io"/>
      <property name="file.separator" value="/"/>
      <property name="ftp.nonProxyHosts" value="local|*.local|169.254/16|*.169.254/16"/>
      <property name="gopherProxySet" value="false"/>
      <property name="http.nonProxyHosts" value="local|*.local|169.254/16|*.169.254/16"/>
      <property name="java.awt.graphicsenv" value="sun.awt.CGraphicsEnvironment"/>
      <property name="java.awt.headless" value="true"/>
      <property name="java.awt.printerjob" value="sun.lwawt.macosx.CPrinterJob"/>
      <property name="java.class.path" value="/Users/lwiskowski/CSE2410_spring2016_projectileDysfunction/core/build/classes/test:/Users/lwiskowski/CSE2410_spring2016_projectileDysfunction/core/build/resources/test:/Users/lwiskowski/CSE2410_spring2016_projectileDysfunction/core/build/classes/main:/Users/lwiskowski/CSE2410_spring2016_projectileDysfunction/core/build/resources/main:/Users/lwiskowski/.gradle/caches/modules-2/files-2.1/org.apache.lucene/lucene-core/5.5.0-snapshot-1721183/f6854c65c7f4c6d9de583f4daa4fd3ae8a3800f1/lucene-core-5.5.0-snapshot-1721183.jar:/Users/lwiskowski/.gradle/caches/modules-2/files-2.1/org.apache.lucene/lucene-analyzers-common/5.5.0-snapshot-1721183/69e187ef1d2d9c9570363eb4186821e0341df5b8/lucene-analyzers-common-5.5.0-snapshot-1721183.jar:/Users/lwiskowski/.gradle/caches/modules-2/files-2.1/org.apache.lucene/lucene-backward-codecs/5.5.0-snapshot-1721183/fa00a45ff9bc6a4df44db81f2e4e44ea94bf88e/lucene-backward-codecs-5.5.0-snapshot-1721183.jar:/Users/lwiskowski/.gradle/caches/modules-2/files-2.1/org.apache.lucene/lucene-grouping/5.5.0-snapshot-1721183/e996e6c723eb415ba2cfa7f5e98bbf194a4918dd/lucene-grouping-5.5.0-snapshot-1721183.jar:/Users/lwiskowski/.gradle/caches/modules-2/files-2.1/org.apache.lucene/lucene-highlighter/5.5.0-snapshot-1721183/3b7a5d97b10885f16eb53deb15d64c942b9f9fdb/lucene-highlighter-5.5.0-snapshot-1721183.jar:/Users/lwiskowski/.gradle/caches/modules-2/files-2.1/org.apache.lucene/lucene-join/5.5.0-snapshot-1721183/e4dda3eeb76e340aa4713a3b20d68c4a1504e505/lucene-join-5.5.0-snapshot-1721183.jar:/Users/lwiskowski/.gradle/caches/modules-2/files-2.1/org.apache.lucene/lucene-memory/5.5.0-snapshot-1721183/800442a5d7612ce4c8748831871b4d436a50554e/lucene-memory-5.5.0-snapshot-1721183.jar:/Users/lwiskowski/.gradle/caches/modules-2/files-2.1/org.apache.lucene/lucene-misc/5.5.0-snapshot-1721183/bdf184de9b5773c7af3ae908af78eeb1e512470c/lucene-misc-5.5.0-snapshot-1721183.jar:/Users/lwiskowski/.gradle/caches/modules-2/files-2.1/org.apache.lucene/lucene-queries/5.5.0-snapshot-1721183/fc59de52bd2c7e420edfd235723cb8b0dd44e92d/lucene-queries-5.5.0-snapshot-1721183.jar:/Users/lwiskowski/.gradle/caches/modules-2/files-2.1/org.apache.lucene/lucene-queryparser/5.5.0-snapshot-1721183/1d341e6a4f11f3170773ccffdbe6815b45967e3d/lucene-queryparser-5.5.0-snapshot-1721183.jar:/Users/lwiskowski/.gradle/caches/modules-2/files-2.1/org.apache.lucene/lucene-sandbox/5.5.0-snapshot-1721183/a1b02c2b595ac92f45f0d2be03841a3a7fcae1f1/lucene-sandbox-5.5.0-snapshot-1721183.jar:/Users/lwiskowski/.gradle/caches/modules-2/files-2.1/org.apache.lucene/lucene-spatial/5.5.0-snapshot-1721183/e3ea422b56734329fb6974e9cf9f66478adb5793/lucene-spatial-5.5.0-snapshot-1721183.jar:/Users/lwiskowski/.gradle/caches/modules-2/files-2.1/org.apache.lucene/lucene-spatial3d/5.5.0-snapshot-1721183/5eadbd4e63120b59ab6445e39489205f98420471/lucene-spatial3d-5.5.0-snapshot-1721183.jar:/Users/lwiskowski/.gradle/caches/modules-2/files-2.1/org.apache.lucene/lucene-suggest/5.5.0-snapshot-1721183/a336287e65d082535f02a8427666dbe46b1b9b74/lucene-suggest-5.5.0-snapshot-1721183.jar:/Users/lwiskowski/.gradle/caches/modules-2/files-2.1/org.elasticsearch/securesm/1.0/c0c6cf986ba0057390bfcc80c366a0e3157f944b/securesm-1.0.jar:/Users/lwiskowski/.gradle/caches/modules-2/files-2.1/commons-cli/commons-cli/1.3.1/1303efbc4b181e5a58bf2e967dc156a3132b97c0/commons-cli-1.3.1.jar:/Users/lwiskowski/.gradle/caches/modules-2/files-2.1/com.carrotsearch/hppc/0.7.1/8b5057f74ea378c0150a1860874a3ebdcb713767/hppc-0.7.1.jar:/Users/lwiskowski/.gradle/caches/modules-2/files-2.1/joda-time/joda-time/2.8.2/d27c24204c5e507b16fec01006b3d0f1ec42aed4/joda-time-2.8.2.jar:/Users/lwiskowski/.gradle/caches/modules-2/files-2.1/org.joda/joda-convert/1.2/35ec554f0cd00c956cc69051514d9488b1374dec/joda-convert-1.2.jar:/Users/lwiskowski/.gradle/caches/modules-2/files-2.1/com.fasterxml.jackson.core/jackson-core/2.6.2/123f29333b2c6b3516b14252b6e93226bfcd6e37/jackson-core-2.6.2.jar:/Users/lwiskowski/.gradle/caches/modules-2/files-2.1/com.fasterxml.jackson.dataformat/jackson-dataformat-smile/2.6.2/395d18c1a1dd730b8026ee59c4067e5d2b45ba6e/jackson-dataformat-smile-2.6.2.jar:/Users/lwiskowski/.gradle/caches/modules-2/files-2.1/com.fasterxml.jackson.dataformat/jackson-dataformat-yaml/2.6.2/4ae23088dd3fae47c66843f2e4251d7255ee140e/jackson-dataformat-yaml-2.6.2.jar:/Users/lwiskowski/.gradle/caches/modules-2/files-2.1/com.fasterxml.jackson.dataformat/jackson-dataformat-cbor/2.6.2/1e13c575f914c83761bb8e2aca7dfd9e4c647579/jackson-dataformat-cbor-2.6.2.jar:/Users/lwiskowski/.gradle/caches/modules-2/files-2.1/io.netty/netty/3.10.5.Final/9ca7d55d246092bddd29b867706e2f6c7db701a0/netty-3.10.5.Final.jar:/Users/lwiskowski/.gradle/caches/modules-2/files-2.1/com.tdunning/t-digest/3.0/84ccf145ac2215e6bfa63baa3101c0af41017cfc/t-digest-3.0.jar:/Users/lwiskowski/.gradle/caches/modules-2/files-2.1/org.hdrhistogram/HdrHistogram/2.1.6/7495feb7f71ee124bd2a7e7d83590e296d71d80e/HdrHistogram-2.1.6.jar:/Users/lwiskowski/.gradle/caches/modules-2/files-2.1/com.spatial4j/spatial4j/0.5/6e16edaf6b1ba76db7f08c2f3723fce3b358ecc3/spatial4j-0.5.jar:/Users/lwiskowski/.gradle/caches/modules-2/files-2.1/com.vividsolutions/jts/1.13/3ccfb9b60f04d71add996a666ceb8902904fd805/jts-1.13.jar:/Users/lwiskowski/.gradle/caches/modules-2/files-2.1/log4j/log4j/1.2.17/5af35056b4d257e4b64b9e8069c0746e8b08629f/log4j-1.2.17.jar:/Users/lwiskowski/.gradle/caches/modules-2/files-2.1/log4j/apache-log4j-extras/1.2.17/85863614d82185d7e51fe21c00aa9117a523a8b6/apache-log4j-extras-1.2.17.jar:/Users/lwiskowski/.gradle/caches/modules-2/files-2.1/org.slf4j/slf4j-api/1.6.2/8619e95939167fb37245b5670135e4feb0ec7d50/slf4j-api-1.6.2.jar:/Users/lwiskowski/.gradle/caches/modules-2/files-2.1/net.java.dev.jna/jna/4.1.0/1c12d070e602efd8021891cdd7fd18bc129372d4/jna-4.1.0.jar:/Users/lwiskowski/CSE2410_spring2016_projectileDysfunction/test/framework/build/libs/framework-3.0.0-SNAPSHOT.jar:/Users/lwiskowski/.gradle/caches/modules-2/files-2.1/com.carrotsearch.randomizedtesting/randomizedtesting-runner/2.3.2/307965917fe8a22b7ee72deba39ef4b8e6ebc069/randomizedtesting-runner-2.3.2.jar:/Users/lwiskowski/.gradle/caches/modules-2/files-2.1/junit/junit/4.11/4e031bb61df09069aeb2bffb4019e7a5034a4ee0/junit-4.11.jar:/Users/lwiskowski/.gradle/caches/modules-2/files-2.1/org.hamcrest/hamcrest-all/1.3/63a21ebc981131004ad02e0434e799fd7f3a8d5a/hamcrest-all-1.3.jar:/Users/lwiskowski/.gradle/caches/modules-2/files-2.1/org.apache.lucene/lucene-test-framework/5.5.0-snapshot-1721183/a8d851d0ad82182b3a02f4b30c336e7aa0e173cb/lucene-test-framework-5.5.0-snapshot-1721183.jar:/Users/lwiskowski/.gradle/caches/modules-2/files-2.1/org.apache.lucene/lucene-codecs/5.5.0-snapshot-1721183/8aa59442b028c7a2c1a516accb6142a8910ba5fc/lucene-codecs-5.5.0-snapshot-1721183.jar:/Users/lwiskowski/.gradle/caches/modules-2/files-2.1/org.apache.httpcomponents/httpclient/4.3.6/4c47155e3e6c9a41a28db36680b828ced53b8af4/httpclient-4.3.6.jar:/Users/lwiskowski/.gradle/caches/modules-2/files-2.1/org.apache.httpcomponents/httpcore/4.3.3/f91b7a4aadc5cf486df6e4634748d7dd7a73f06d/httpcore-4.3.3.jar:/Users/lwiskowski/.gradle/caches/modules-2/files-2.1/commons-logging/commons-logging/1.1.3/f6f66e966c70a83ffbdb6f17a0919eaf7c8aca7f/commons-logging-1.1.3.jar:/Users/lwiskowski/.gradle/caches/modules-2/files-2.1/commons-codec/commons-codec/1.10/4b95f4897fa13f2cd904aee711aeafc0c5295cd8/commons-codec-1.10.jar:/Users/lwiskowski/.gradle/caches/modules-2/files-2.1/org.elasticsearch/securemock/1.2/98201d4ad5ac93f6b415ae9172d52b5e7cda490e/securemock-1.2.jar:/Users/lwiskowski/.gradle/caches/modules-2/files-2.1/com.carrotsearch.randomizedtesting/junit4-ant/2.3.2/dc8f03f6111974092491f35b8269eb0fc57f52f7/junit4-ant-2.3.2.jar"/>
      <property name="java.class.version" value="52.0"/>
      <property name="java.endorsed.dirs" value="/Library/Java/JavaVirtualMachines/jdk1.8.0_71.jdk/Contents/Home/jre/lib/endorsed"/>
      <property name="java.ext.dirs" value="/Users/lwiskowski/Library/Java/Extensions:/Library/Java/JavaVirtualMachines/jdk1.8.0_71.jdk/Contents/Home/jre/lib/ext:/Library/Java/Extensions:/Network/Library/Java/Extensions:/System/Library/Java/Extensions:/usr/lib/java"/>
      <property name="java.home" value="/Library/Java/JavaVirtualMachines/jdk1.8.0_71.jdk/Contents/Home/jre"/>
      <property name="java.io.tmpdir" value="./temp"/>
      <property name="java.library.path" value="/Users/lwiskowski/Library/Java/Extensions:/Library/Java/Extensions:/Network/Library/Java/Extensions:/System/Library/Java/Extensions:/usr/lib/java:."/>
      <property name="java.runtime.name" value="Java(TM) SE Runtime Environment"/>
      <property name="java.runtime.version" value="1.8.0_71-b15"/>
      <property name="java.specification.name" value="Java Platform API Specification"/>
      <property name="java.specification.vendor" value="Oracle Corporation"/>
      <property name="java.specification.version" value="1.8"/>
      <property name="java.vendor" value="Oracle Corporation"/>
      <property name="java.vendor.url" value="http://java.oracle.com/"/>
      <property name="java.vendor.url.bug" value="http://bugreport.sun.com/bugreport/"/>
      <property name="java.version" value="1.8.0_71"/>
      <property name="java.vm.info" value="mixed mode"/>
      <property name="java.vm.name" value="Java HotSpot(TM) 64-Bit Server VM"/>
      <property name="java.vm.specification.name" value="Java Virtual Machine Specification"/>
      <property name="java.vm.specification.vendor" value="Oracle Corporation"/>
      <property name="java.vm.specification.version" value="1.8"/>
      <property name="java.vm.vendor" value="Oracle Corporation"/>
      <property name="java.vm.version" value="25.71-b15"/>
      <property name="junit4.childvm.count" value="4"/>
      <property name="junit4.childvm.cwd" value="/Users/lwiskowski/CSE2410_spring2016_projectileDysfunction/core/build/testrun/integTest/J2"/>
      <property name="junit4.childvm.id" value="2"/>
      <property name="junit4.memory.total" value="514850816"/>
      <property name="junit4.pidString" value="3683@host238-95.aruba.fit.edu"/>
      <property name="junit4.processors" value="8"/>
      <property name="line.separator" value="
"/>
      <property name="os.arch" value="x86_64"/>
      <property name="os.name" value="Mac OS X"/>
      <property name="os.version" value="10.11.4"/>
      <property name="path.separator" value=":"/>
      <property name="socksNonProxyHosts" value="local|*.local|169.254/16|*.169.254/16"/>
      <property name="sun.arch.data.model" value="64"/>
      <property name="sun.boot.class.path" value="/Library/Java/JavaVirtualMachines/jdk1.8.0_71.jdk/Contents/Home/jre/lib/resources.jar:/Library/Java/JavaVirtualMachines/jdk1.8.0_71.jdk/Contents/Home/jre/lib/rt.jar:/Library/Java/JavaVirtualMachines/jdk1.8.0_71.jdk/Contents/Home/jre/lib/sunrsasign.jar:/Library/Java/JavaVirtualMachines/jdk1.8.0_71.jdk/Contents/Home/jre/lib/jsse.jar:/Library/Java/JavaVirtualMachines/jdk1.8.0_71.jdk/Contents/Home/jre/lib/jce.jar:/Library/Java/JavaVirtualMachines/jdk1.8.0_71.jdk/Contents/Home/jre/lib/charsets.jar:/Library/Java/JavaVirtualMachines/jdk1.8.0_71.jdk/Contents/Home/jre/lib/jfr.jar:/Library/Java/JavaVirtualMachines/jdk1.8.0_71.jdk/Contents/Home/jre/classes"/>
      <property name="sun.boot.library.path" value="/Library/Java/JavaVirtualMachines/jdk1.8.0_71.jdk/Contents/Home/jre/lib"/>
      <property name="sun.cpu.endian" value="little"/>
      <property name="sun.cpu.isalist" value=""/>
      <property name="sun.io.unicode.encoding" value="UnicodeBig"/>
      <property name="sun.java.command" value="com.carrotsearch.ant.tasks.junit4.slave.SlaveMainSafe -eventsfile /Users/lwiskowski/CSE2410_spring2016_projectileDysfunction/core/build/testrun/integTest/temp/junit4-J2-20160418_030118_670.events @/Users/lwiskowski/CSE2410_spring2016_projectileDysfunction/core/build/testrun/integTest/temp/junit4-J2-20160418_030118_670.suites -stdin"/>
      <property name="sun.java.launcher" value="SUN_STANDARD"/>
      <property name="sun.jnu.encoding" value="UTF-8"/>
      <property name="sun.management.compiler" value="HotSpot 64-Bit Tiered Compilers"/>
      <property name="sun.os.patch.level" value="unknown"/>
      <property name="tests.artifact" value="core"/>
      <property name="tests.ifNoTests" value="fail"/>
      <property name="tests.maven" value="true"/>
      <property name="tests.prefix" value="tests"/>
      <property name="tests.security.manager" value="true"/>
      <property name="tests.seed" value="AF876320E2D19F69"/>
      <property name="tests.task" value=":core:integTest"/>
      <property name="user.country" value="US"/>
      <property name="user.dir" value="/Users/lwiskowski/CSE2410_spring2016_projectileDysfunction/core/build/testrun/integTest/J2"/>
      <property name="user.home" value="/Users/lwiskowski"/>
      <property name="user.language" value="en"/>
      <property name="user.name" value="lwiskowski"/>
      <property name="user.timezone" value=""/>
   </properties>
   <testcase classname="org.elasticsearch.index.store.CorruptedFileIT" name="testCorruptFileAndRecover" time="1.023"/>
   <testcase classname="org.elasticsearch.index.store.CorruptedFileIT" name="testCorruptFileThenSnapshotAndRestore" time="0.26"/>
   <testcase classname="org.elasticsearch.index.store.CorruptedFileIT" name="testCorruptionOnNetworkLayerFinalizingRecovery" time="0.089"/>
   <testcase classname="org.elasticsearch.index.store.CorruptedFileIT" name="testCorruptPrimaryNoReplica" time="0.232"/>
   <testcase classname="org.elasticsearch.index.store.CorruptedFileIT" name="testCorruptionOnNetworkLayer" time="0.315"/>
   <testcase classname="org.elasticsearch.index.store.CorruptedFileIT" name="testReplicaCorruption" time="0.4"/>
   <system-out><![CDATA[[2016-04-18 03:02:58,651][WARN ][org.elasticsearch.index  ] [node_s0] [test] [index.merge.enabled] is set to false, this should only be used in tests and can cause serious problems in production environments
[2016-04-18 03:02:58,653][WARN ][org.elasticsearch.index  ] [node_s0] [test] [index.merge.enabled] is set to false, this should only be used in tests and can cause serious problems in production environments
[2016-04-18 03:02:58,654][WARN ][org.elasticsearch.index  ] [node_s1] [test] [index.merge.enabled] is set to false, this should only be used in tests and can cause serious problems in production environments
[2016-04-18 03:02:58,654][WARN ][org.elasticsearch.index  ] [node_s2] [test] [index.merge.enabled] is set to false, this should only be used in tests and can cause serious problems in production environments
[2016-04-18 03:02:58,656][WARN ][org.elasticsearch.index  ] [node_s2] [test] [index.merge.enabled] is set to false, this should only be used in tests and can cause serious problems in production environments
[2016-04-18 03:02:58,659][WARN ][org.elasticsearch.index  ] [node_s2] [test] [index.merge.enabled] is set to false, this should only be used in tests and can cause serious problems in production environments
[2016-04-18 03:02:58,661][WARN ][org.elasticsearch.index  ] [node_s0] [test] [index.merge.enabled] is set to false, this should only be used in tests and can cause serious problems in production environments
[2016-04-18 03:02:58,664][WARN ][org.elasticsearch.index  ] [node_s1] [test] [index.merge.enabled] is set to false, this should only be used in tests and can cause serious problems in production environments
[2016-04-18 03:02:58,666][WARN ][org.elasticsearch.index  ] [node_s2] [test] [index.merge.enabled] is set to false, this should only be used in tests and can cause serious problems in production environments
[2016-04-18 03:02:58,668][WARN ][org.elasticsearch.index  ] [node_s0] [test] [index.merge.enabled] is set to false, this should only be used in tests and can cause serious problems in production environments
[2016-04-18 03:02:58,670][WARN ][org.elasticsearch.index  ] [node_s0] [test] [index.merge.enabled] is set to false, this should only be used in tests and can cause serious problems in production environments
[2016-04-18 03:02:58,672][WARN ][org.elasticsearch.index  ] [node_s0] [test] [index.merge.enabled] is set to false, this should only be used in tests and can cause serious problems in production environments
[2016-04-18 03:02:58,684][WARN ][org.elasticsearch.index  ] [node_s1] [test] [index.merge.enabled] is set to false, this should only be used in tests and can cause serious problems in production environments
[2016-04-18 03:02:58,687][WARN ][org.elasticsearch.index  ] [node_s2] [test] [index.merge.enabled] is set to false, this should only be used in tests and can cause serious problems in production environments
[2016-04-18 03:02:58,689][WARN ][org.elasticsearch.index  ] [node_s0] [test] [index.merge.enabled] is set to false, this should only be used in tests and can cause serious problems in production environments
[2016-04-18 03:02:58,692][WARN ][org.elasticsearch.index  ] [node_s1] [test] [index.merge.enabled] is set to false, this should only be used in tests and can cause serious problems in production environments
[2016-04-18 03:02:58,693][WARN ][org.elasticsearch.index  ] [node_s2] [test] [index.merge.enabled] is set to false, this should only be used in tests and can cause serious problems in production environments
[2016-04-18 03:02:58,695][WARN ][org.elasticsearch.index  ] [node_s0] [test] [index.merge.enabled] is set to false, this should only be used in tests and can cause serious problems in production environments
[2016-04-18 03:02:59,161][WARN ][org.elasticsearch.index  ] [node_s1] [test] [index.merge.enabled] is set to false, this should only be used in tests and can cause serious problems in production environments
[2016-04-18 03:02:59,162][WARN ][org.elasticsearch.index  ] [node_s2] [test] [index.merge.enabled] is set to false, this should only be used in tests and can cause serious problems in production environments
[2016-04-18 03:02:59,164][WARN ][org.elasticsearch.index  ] [node_s0] [test] [index.merge.enabled] is set to false, this should only be used in tests and can cause serious problems in production environments
[2016-04-18 03:02:59,166][WARN ][org.elasticsearch.index  ] [node_s1] [test] [index.merge.enabled] is set to false, this should only be used in tests and can cause serious problems in production environments
[2016-04-18 03:02:59,167][WARN ][org.elasticsearch.index  ] [node_s1] [test] [index.merge.enabled] is set to false, this should only be used in tests and can cause serious problems in production environments
[2016-04-18 03:02:59,172][WARN ][org.elasticsearch.index  ] [node_s2] [test] [index.merge.enabled] is set to false, this should only be used in tests and can cause serious problems in production environments
[2016-04-18 03:02:59,174][WARN ][org.elasticsearch.gateway] [node_s0] [test][0]: failed to list shard for shard_store on node [o5bG6oNsRri7DU85X9tRaw]
FailedNodeException[Failed node [o5bG6oNsRri7DU85X9tRaw]]; nested: RemoteTransportException[[node_s0][local[172]][internal:cluster/nodes/indices/shard/store[n]]]; nested: ElasticsearchException[Failed to list store metadata for shard [[test][0]]]; nested: CorruptIndexException[invalid deletion count: 65536 vs maxDoc=656 (resource=BufferedChecksumIndexInput(MockIndexInputWrapper(NIOFSIndexInput(path="/Users/lwiskowski/CSE2410_spring2016_projectileDysfunction/core/build/testrun/integTest/J2/temp/org.elasticsearch.index.store.CorruptedFileIT_AF876320E2D19F69-001/tempDir-001/data/SUITE-CHILD_VM=[2]-CLUSTER_SEED=[-8313708514896918260]-HASH=[263D6451D50F]-cluster/nodes/2/indices/test/0/index/segments_2"))))];
	at org.elasticsearch.action.support.nodes.TransportNodesAction$AsyncAction.onFailure(TransportNodesAction.java:208)
	at org.elasticsearch.action.support.nodes.TransportNodesAction$AsyncAction.access$700(TransportNodesAction.java:109)
	at org.elasticsearch.action.support.nodes.TransportNodesAction$AsyncAction$2.handleException(TransportNodesAction.java:181)
	at org.elasticsearch.transport.local.LocalTransport.handleException(LocalTransport.java:370)
	at org.elasticsearch.transport.local.LocalTransport.handlerResponseError(LocalTransport.java:361)
	at org.elasticsearch.transport.local.LocalTransport.messageReceived(LocalTransport.java:257)
	at org.elasticsearch.transport.local.LocalTransportChannel$2.run(LocalTransportChannel.java:103)
	at java.util.concurrent.ThreadPoolExecutor.runWorker(ThreadPoolExecutor.java:1142)
	at java.util.concurrent.ThreadPoolExecutor$Worker.run(ThreadPoolExecutor.java:617)
	at java.lang.Thread.run(Thread.java:745)
Caused by: RemoteTransportException[[node_s0][local[172]][internal:cluster/nodes/indices/shard/store[n]]]; nested: ElasticsearchException[Failed to list store metadata for shard [[test][0]]]; nested: CorruptIndexException[invalid deletion count: 65536 vs maxDoc=656 (resource=BufferedChecksumIndexInput(MockIndexInputWrapper(NIOFSIndexInput(path="/Users/lwiskowski/CSE2410_spring2016_projectileDysfunction/core/build/testrun/integTest/J2/temp/org.elasticsearch.index.store.CorruptedFileIT_AF876320E2D19F69-001/tempDir-001/data/SUITE-CHILD_VM=[2]-CLUSTER_SEED=[-8313708514896918260]-HASH=[263D6451D50F]-cluster/nodes/2/indices/test/0/index/segments_2"))))];
Caused by: ElasticsearchException[Failed to list store metadata for shard [[test][0]]]; nested: CorruptIndexException[invalid deletion count: 65536 vs maxDoc=656 (resource=BufferedChecksumIndexInput(MockIndexInputWrapper(NIOFSIndexInput(path="/Users/lwiskowski/CSE2410_spring2016_projectileDysfunction/core/build/testrun/integTest/J2/temp/org.elasticsearch.index.store.CorruptedFileIT_AF876320E2D19F69-001/tempDir-001/data/SUITE-CHILD_VM=[2]-CLUSTER_SEED=[-8313708514896918260]-HASH=[263D6451D50F]-cluster/nodes/2/indices/test/0/index/segments_2"))))];
	at org.elasticsearch.indices.store.TransportNodesListShardStoreMetaData.nodeOperation(TransportNodesListShardStoreMetaData.java:147)
	at org.elasticsearch.indices.store.TransportNodesListShardStoreMetaData.nodeOperation(TransportNodesListShardStoreMetaData.java:70)
	at org.elasticsearch.action.support.nodes.TransportNodesAction$NodeTransportHandler.messageReceived(TransportNodesAction.java:232)
	at org.elasticsearch.action.support.nodes.TransportNodesAction$NodeTransportHandler.messageReceived(TransportNodesAction.java:228)
	at org.elasticsearch.transport.TransportRequestHandler.messageReceived(TransportRequestHandler.java:33)
	at org.elasticsearch.transport.RequestHandlerRegistry.processMessageReceived(RequestHandlerRegistry.java:65)
	at org.elasticsearch.transport.local.LocalTransport$2.doRun(LocalTransport.java:296)
	at org.elasticsearch.common.util.concurrent.AbstractRunnable.run(AbstractRunnable.java:37)
	at java.util.concurrent.ThreadPoolExecutor.runWorker(ThreadPoolExecutor.java:1142)
	at java.util.concurrent.ThreadPoolExecutor$Worker.run(ThreadPoolExecutor.java:617)
	at java.lang.Thread.run(Thread.java:745)
Caused by: org.apache.lucene.index.CorruptIndexException: invalid deletion count: 65536 vs maxDoc=656 (resource=BufferedChecksumIndexInput(MockIndexInputWrapper(NIOFSIndexInput(path="/Users/lwiskowski/CSE2410_spring2016_projectileDysfunction/core/build/testrun/integTest/J2/temp/org.elasticsearch.index.store.CorruptedFileIT_AF876320E2D19F69-001/tempDir-001/data/SUITE-CHILD_VM=[2]-CLUSTER_SEED=[-8313708514896918260]-HASH=[263D6451D50F]-cluster/nodes/2/indices/test/0/index/segments_2"))))
	at org.apache.lucene.index.SegmentInfos.readCommit(SegmentInfos.java:368)
	at org.apache.lucene.index.SegmentInfos$1.doBody(SegmentInfos.java:493)
	at org.apache.lucene.index.SegmentInfos$1.doBody(SegmentInfos.java:490)
	at org.apache.lucene.index.SegmentInfos$FindSegmentsFile.run(SegmentInfos.java:731)
	at org.apache.lucene.index.SegmentInfos$FindSegmentsFile.run(SegmentInfos.java:683)
	at org.apache.lucene.index.SegmentInfos.readLatestCommit(SegmentInfos.java:495)
	at org.elasticsearch.common.lucene.Lucene.readSegmentInfos(Lucene.java:123)
	at org.elasticsearch.index.store.Store.readSegmentsInfo(Store.java:196)
	at org.elasticsearch.index.store.Store.access$200(Store.java:122)
	at org.elasticsearch.index.store.Store$MetadataSnapshot.loadMetadata(Store.java:845)
	at org.elasticsearch.index.store.Store$MetadataSnapshot.<init>(Store.java:794)
	at org.elasticsearch.index.store.Store.getMetadata(Store.java:266)
	at org.elasticsearch.index.store.Store.getMetadataOrEmpty(Store.java:225)
	at org.elasticsearch.indices.store.TransportNodesListShardStoreMetaData.listStoreMetaData(TransportNodesListShardStoreMetaData.java:164)
	at org.elasticsearch.indices.store.TransportNodesListShardStoreMetaData.nodeOperation(TransportNodesListShardStoreMetaData.java:145)
	... 10 more
[2016-04-18 03:02:59,175][WARN ][org.elasticsearch.index  ] [node_s0] [test] [index.merge.enabled] is set to false, this should only be used in tests and can cause serious problems in production environments
[2016-04-18 03:02:59,178][WARN ][org.elasticsearch.index  ] [node_s1] [test] [index.merge.enabled] is set to false, this should only be used in tests and can cause serious problems in production environments
[2016-04-18 03:02:59,179][WARN ][org.elasticsearch.index  ] [node_s2] [test] [index.merge.enabled] is set to false, this should only be used in tests and can cause serious problems in production environments
[2016-04-18 03:02:59,180][WARN ][org.elasticsearch.index  ] [node_s1] [test] [index.merge.enabled] is set to false, this should only be used in tests and can cause serious problems in production environments
[2016-04-18 03:02:59,181][WARN ][org.elasticsearch.index  ] [node_s1] [test] [index.merge.enabled] is set to false, this should only be used in tests and can cause serious problems in production environments
[2016-04-18 03:02:59,182][WARN ][org.elasticsearch.index.engine] [node_s2] [test][0] failed engine [recovery]
org.apache.lucene.index.CorruptIndexException: invalid deletion count: 65536 vs maxDoc=656 (resource=BufferedChecksumIndexInput(MockIndexInputWrapper(NIOFSIndexInput(path="/Users/lwiskowski/CSE2410_spring2016_projectileDysfunction/core/build/testrun/integTest/J2/temp/org.elasticsearch.index.store.CorruptedFileIT_AF876320E2D19F69-001/tempDir-001/data/SUITE-CHILD_VM=[2]-CLUSTER_SEED=[-8313708514896918260]-HASH=[263D6451D50F]-cluster/nodes/2/indices/test/0/index/segments_2"))))
	at org.apache.lucene.index.SegmentInfos.readCommit(SegmentInfos.java:368)
	at org.apache.lucene.index.SegmentInfos$1.doBody(SegmentInfos.java:493)
	at org.apache.lucene.index.SegmentInfos$1.doBody(SegmentInfos.java:490)
	at org.apache.lucene.index.SegmentInfos$FindSegmentsFile.run(SegmentInfos.java:731)
	at org.apache.lucene.index.SegmentInfos$FindSegmentsFile.run(SegmentInfos.java:683)
	at org.apache.lucene.index.SegmentInfos.readLatestCommit(SegmentInfos.java:495)
	at org.elasticsearch.common.lucene.Lucene.readSegmentInfos(Lucene.java:123)
	at org.elasticsearch.index.store.Store.readSegmentsInfo(Store.java:196)
	at org.elasticsearch.index.store.Store.access$200(Store.java:122)
	at org.elasticsearch.index.store.Store$MetadataSnapshot.loadMetadata(Store.java:845)
	at org.elasticsearch.index.store.Store$MetadataSnapshot.<init>(Store.java:794)
	at org.elasticsearch.index.store.Store.getMetadata(Store.java:266)
	at org.elasticsearch.index.store.Store.getMetadataOrEmpty(Store.java:225)
	at org.elasticsearch.indices.store.TransportNodesListShardStoreMetaData.listStoreMetaData(TransportNodesListShardStoreMetaData.java:164)
	at org.elasticsearch.indices.store.TransportNodesListShardStoreMetaData.nodeOperation(TransportNodesListShardStoreMetaData.java:145)
	at org.elasticsearch.indices.store.TransportNodesListShardStoreMetaData.nodeOperation(TransportNodesListShardStoreMetaData.java:70)
	at org.elasticsearch.action.support.nodes.TransportNodesAction$NodeTransportHandler.messageReceived(TransportNodesAction.java:232)
	at org.elasticsearch.action.support.nodes.TransportNodesAction$NodeTransportHandler.messageReceived(TransportNodesAction.java:228)
	at org.elasticsearch.transport.TransportRequestHandler.messageReceived(TransportRequestHandler.java:33)
	at org.elasticsearch.transport.RequestHandlerRegistry.processMessageReceived(RequestHandlerRegistry.java:65)
	at org.elasticsearch.transport.local.LocalTransport$2.doRun(LocalTransport.java:296)
	at org.elasticsearch.common.util.concurrent.AbstractRunnable.run(AbstractRunnable.java:37)
	at java.util.concurrent.ThreadPoolExecutor.runWorker(ThreadPoolExecutor.java:1142)
	at java.util.concurrent.ThreadPoolExecutor$Worker.run(ThreadPoolExecutor.java:617)
	at java.lang.Thread.run(Thread.java:745)
[2016-04-18 03:02:59,183][WARN ][org.elasticsearch.index  ] [node_s0] [test] [index.merge.enabled] is set to false, this should only be used in tests and can cause serious problems in production environments
[2016-04-18 03:02:59,186][WARN ][org.elasticsearch.indices.cluster] [node_s2] [[test][0]] marking and sending shard failed due to [shard failure, reason [recovery]]
org.apache.lucene.index.CorruptIndexException: invalid deletion count: 65536 vs maxDoc=656 (resource=BufferedChecksumIndexInput(MockIndexInputWrapper(NIOFSIndexInput(path="/Users/lwiskowski/CSE2410_spring2016_projectileDysfunction/core/build/testrun/integTest/J2/temp/org.elasticsearch.index.store.CorruptedFileIT_AF876320E2D19F69-001/tempDir-001/data/SUITE-CHILD_VM=[2]-CLUSTER_SEED=[-8313708514896918260]-HASH=[263D6451D50F]-cluster/nodes/2/indices/test/0/index/segments_2"))))
	at org.apache.lucene.index.SegmentInfos.readCommit(SegmentInfos.java:368)
	at org.apache.lucene.index.SegmentInfos$1.doBody(SegmentInfos.java:493)
	at org.apache.lucene.index.SegmentInfos$1.doBody(SegmentInfos.java:490)
	at org.apache.lucene.index.SegmentInfos$FindSegmentsFile.run(SegmentInfos.java:731)
	at org.apache.lucene.index.SegmentInfos$FindSegmentsFile.run(SegmentInfos.java:683)
	at org.apache.lucene.index.SegmentInfos.readLatestCommit(SegmentInfos.java:495)
	at org.elasticsearch.common.lucene.Lucene.readSegmentInfos(Lucene.java:123)
	at org.elasticsearch.index.store.Store.readSegmentsInfo(Store.java:196)
	at org.elasticsearch.index.store.Store.access$200(Store.java:122)
	at org.elasticsearch.index.store.Store$MetadataSnapshot.loadMetadata(Store.java:845)
	at org.elasticsearch.index.store.Store$MetadataSnapshot.<init>(Store.java:794)
	at org.elasticsearch.index.store.Store.getMetadata(Store.java:266)
	at org.elasticsearch.index.store.Store.getMetadataOrEmpty(Store.java:225)
	at org.elasticsearch.indices.store.TransportNodesListShardStoreMetaData.listStoreMetaData(TransportNodesListShardStoreMetaData.java:164)
	at org.elasticsearch.indices.store.TransportNodesListShardStoreMetaData.nodeOperation(TransportNodesListShardStoreMetaData.java:145)
	at org.elasticsearch.indices.store.TransportNodesListShardStoreMetaData.nodeOperation(TransportNodesListShardStoreMetaData.java:70)
	at org.elasticsearch.action.support.nodes.TransportNodesAction$NodeTransportHandler.messageReceived(TransportNodesAction.java:232)
	at org.elasticsearch.action.support.nodes.TransportNodesAction$NodeTransportHandler.messageReceived(TransportNodesAction.java:228)
	at org.elasticsearch.transport.TransportRequestHandler.messageReceived(TransportRequestHandler.java:33)
	at org.elasticsearch.transport.RequestHandlerRegistry.processMessageReceived(RequestHandlerRegistry.java:65)
	at org.elasticsearch.transport.local.LocalTransport$2.doRun(LocalTransport.java:296)
	at org.elasticsearch.common.util.concurrent.AbstractRunnable.run(AbstractRunnable.java:37)
	at java.util.concurrent.ThreadPoolExecutor.runWorker(ThreadPoolExecutor.java:1142)
	at java.util.concurrent.ThreadPoolExecutor$Worker.run(ThreadPoolExecutor.java:617)
	at java.lang.Thread.run(Thread.java:745)
[2016-04-18 03:02:59,187][WARN ][org.elasticsearch.indices.cluster] [node_s1] [[test][0]] marking and sending shard failed due to [failed recovery]
RecoveryFailedException[[test][0]: Recovery failed from {node_s2}{o5bG6oNsRri7DU85X9tRaw}{local}{local[175]}[mode=>local] into {node_s1}{hVn4Vy4tQaCk9HOFuCJ_ag}{local}{local[173]}[mode=>local]]; nested: RemoteTransportException[[node_s1][local[173]][internal:index/shard/recovery/start_recovery]]; nested: RecoveryEngineException[Phase[1] phase1 failed]; nested: RecoverFilesRecoveryException[Failed to transfer [0] files with total size of [0b]]; nested: CorruptIndexException[invalid deletion count: 65536 vs maxDoc=656 (resource=BufferedChecksumIndexInput(MockIndexInputWrapper(NIOFSIndexInput(path="/Users/lwiskowski/CSE2410_spring2016_projectileDysfunction/core/build/testrun/integTest/J2/temp/org.elasticsearch.index.store.CorruptedFileIT_AF876320E2D19F69-001/tempDir-001/data/SUITE-CHILD_VM=[2]-CLUSTER_SEED=[-8313708514896918260]-HASH=[263D6451D50F]-cluster/nodes/2/indices/test/0/index/segments_2"))))];
	at org.elasticsearch.indices.recovery.RecoveryTarget.doRecovery(RecoveryTarget.java:271)
	at org.elasticsearch.indices.recovery.RecoveryTarget.access$1100(RecoveryTarget.java:79)
	at org.elasticsearch.indices.recovery.RecoveryTarget$RecoveryRunner.doRun(RecoveryTarget.java:521)
	at org.elasticsearch.common.util.concurrent.AbstractRunnable.run(AbstractRunnable.java:37)
	at java.util.concurrent.ThreadPoolExecutor.runWorker(ThreadPoolExecutor.java:1142)
	at java.util.concurrent.ThreadPoolExecutor$Worker.run(ThreadPoolExecutor.java:617)
	at java.lang.Thread.run(Thread.java:745)
Caused by: RemoteTransportException[[node_s1][local[173]][internal:index/shard/recovery/start_recovery]]; nested: RecoveryEngineException[Phase[1] phase1 failed]; nested: RecoverFilesRecoveryException[Failed to transfer [0] files with total size of [0b]]; nested: CorruptIndexException[invalid deletion count: 65536 vs maxDoc=656 (resource=BufferedChecksumIndexInput(MockIndexInputWrapper(NIOFSIndexInput(path="/Users/lwiskowski/CSE2410_spring2016_projectileDysfunction/core/build/testrun/integTest/J2/temp/org.elasticsearch.index.store.CorruptedFileIT_AF876320E2D19F69-001/tempDir-001/data/SUITE-CHILD_VM=[2]-CLUSTER_SEED=[-8313708514896918260]-HASH=[263D6451D50F]-cluster/nodes/2/indices/test/0/index/segments_2"))))];
Caused by: [test][[test][0]] RecoveryEngineException[Phase[1] phase1 failed]; nested: RecoverFilesRecoveryException[Failed to transfer [0] files with total size of [0b]]; nested: CorruptIndexException[invalid deletion count: 65536 vs maxDoc=656 (resource=BufferedChecksumIndexInput(MockIndexInputWrapper(NIOFSIndexInput(path="/Users/lwiskowski/CSE2410_spring2016_projectileDysfunction/core/build/testrun/integTest/J2/temp/org.elasticsearch.index.store.CorruptedFileIT_AF876320E2D19F69-001/tempDir-001/data/SUITE-CHILD_VM=[2]-CLUSTER_SEED=[-8313708514896918260]-HASH=[263D6451D50F]-cluster/nodes/2/indices/test/0/index/segments_2"))))];
	at org.elasticsearch.indices.recovery.RecoverySourceHandler.recoverToTarget(RecoverySourceHandler.java:137)
	at org.elasticsearch.indices.recovery.RecoverySource.recover(RecoverySource.java:123)
	at org.elasticsearch.indices.recovery.RecoverySource.access$100(RecoverySource.java:52)
	at org.elasticsearch.indices.recovery.RecoverySource$StartRecoveryTransportRequestHandler.messageReceived(RecoverySource.java:132)
	at org.elasticsearch.indices.recovery.RecoverySource$StartRecoveryTransportRequestHandler.messageReceived(RecoverySource.java:129)
	at org.elasticsearch.transport.TransportRequestHandler.messageReceived(TransportRequestHandler.java:33)
	at org.elasticsearch.transport.RequestHandlerRegistry.processMessageReceived(RequestHandlerRegistry.java:65)
	at org.elasticsearch.transport.local.LocalTransport$2.doRun(LocalTransport.java:296)
	at org.elasticsearch.common.util.concurrent.AbstractRunnable.run(AbstractRunnable.java:37)
	at java.util.concurrent.ThreadPoolExecutor.runWorker(ThreadPoolExecutor.java:1142)
	at java.util.concurrent.ThreadPoolExecutor$Worker.run(ThreadPoolExecutor.java:617)
	at java.lang.Thread.run(Thread.java:745)
Caused by: [test][[test][0]] RecoverFilesRecoveryException[Failed to transfer [0] files with total size of [0b]]; nested: CorruptIndexException[invalid deletion count: 65536 vs maxDoc=656 (resource=BufferedChecksumIndexInput(MockIndexInputWrapper(NIOFSIndexInput(path="/Users/lwiskowski/CSE2410_spring2016_projectileDysfunction/core/build/testrun/integTest/J2/temp/org.elasticsearch.index.store.CorruptedFileIT_AF876320E2D19F69-001/tempDir-001/data/SUITE-CHILD_VM=[2]-CLUSTER_SEED=[-8313708514896918260]-HASH=[263D6451D50F]-cluster/nodes/2/indices/test/0/index/segments_2"))))];
	at org.elasticsearch.indices.recovery.RecoverySourceHandler.phase1(RecoverySourceHandler.java:316)
	at org.elasticsearch.indices.recovery.RecoverySourceHandler.recoverToTarget(RecoverySourceHandler.java:135)
	... 11 more
Caused by: org.apache.lucene.index.CorruptIndexException: invalid deletion count: 65536 vs maxDoc=656 (resource=BufferedChecksumIndexInput(MockIndexInputWrapper(NIOFSIndexInput(path="/Users/lwiskowski/CSE2410_spring2016_projectileDysfunction/core/build/testrun/integTest/J2/temp/org.elasticsearch.index.store.CorruptedFileIT_AF876320E2D19F69-001/tempDir-001/data/SUITE-CHILD_VM=[2]-CLUSTER_SEED=[-8313708514896918260]-HASH=[263D6451D50F]-cluster/nodes/2/indices/test/0/index/segments_2"))))
	at org.apache.lucene.index.SegmentInfos.readCommit(SegmentInfos.java:368)
	at org.apache.lucene.index.SegmentInfos$1.doBody(SegmentInfos.java:493)
	at org.apache.lucene.index.SegmentInfos$1.doBody(SegmentInfos.java:490)
	at org.apache.lucene.index.SegmentInfos$FindSegmentsFile.run(SegmentInfos.java:731)
	at org.apache.lucene.index.SegmentInfos$FindSegmentsFile.run(SegmentInfos.java:683)
	at org.apache.lucene.index.SegmentInfos.readLatestCommit(SegmentInfos.java:495)
	at org.elasticsearch.common.lucene.Lucene.readSegmentInfos(Lucene.java:123)
	at org.elasticsearch.index.store.Store.readSegmentsInfo(Store.java:196)
	at org.elasticsearch.index.store.Store.access$200(Store.java:122)
	at org.elasticsearch.index.store.Store$MetadataSnapshot.loadMetadata(Store.java:845)
	at org.elasticsearch.index.store.Store$MetadataSnapshot.<init>(Store.java:794)
	at org.elasticsearch.index.store.Store.getMetadata(Store.java:266)
	at org.elasticsearch.index.store.Store.getMetadataOrEmpty(Store.java:225)
	at org.elasticsearch.indices.store.TransportNodesListShardStoreMetaData.listStoreMetaData(TransportNodesListShardStoreMetaData.java:164)
	at org.elasticsearch.indices.store.TransportNodesListShardStoreMetaData.nodeOperation(TransportNodesListShardStoreMetaData.java:145)
	at org.elasticsearch.indices.store.TransportNodesListShardStoreMetaData.nodeOperation(TransportNodesListShardStoreMetaData.java:70)
	at org.elasticsearch.action.support.nodes.TransportNodesAction$NodeTransportHandler.messageReceived(TransportNodesAction.java:232)
	at org.elasticsearch.action.support.nodes.TransportNodesAction$NodeTransportHandler.messageReceived(TransportNodesAction.java:228)
	... 7 more
[2016-04-18 03:02:59,187][WARN ][org.elasticsearch.cluster.action.shard] [node_s0] [test][0] received shard failed for [test][0], node[o5bG6oNsRri7DU85X9tRaw], [P], v[4], s[STARTED], a[id=iVmCFHmRRMecYuV52WCn1A], indexUUID [sUgY6jC-QMuLtMkcNeXPgw], message [shard failure, reason [recovery]], failure [CorruptIndexException[invalid deletion count: 65536 vs maxDoc=656 (resource=BufferedChecksumIndexInput(MockIndexInputWrapper(NIOFSIndexInput(path="/Users/lwiskowski/CSE2410_spring2016_projectileDysfunction/core/build/testrun/integTest/J2/temp/org.elasticsearch.index.store.CorruptedFileIT_AF876320E2D19F69-001/tempDir-001/data/SUITE-CHILD_VM=[2]-CLUSTER_SEED=[-8313708514896918260]-HASH=[263D6451D50F]-cluster/nodes/2/indices/test/0/index/segments_2"))))]]
org.apache.lucene.index.CorruptIndexException: invalid deletion count: 65536 vs maxDoc=656 (resource=BufferedChecksumIndexInput(MockIndexInputWrapper(NIOFSIndexInput(path="/Users/lwiskowski/CSE2410_spring2016_projectileDysfunction/core/build/testrun/integTest/J2/temp/org.elasticsearch.index.store.CorruptedFileIT_AF876320E2D19F69-001/tempDir-001/data/SUITE-CHILD_VM=[2]-CLUSTER_SEED=[-8313708514896918260]-HASH=[263D6451D50F]-cluster/nodes/2/indices/test/0/index/segments_2"))))
	at org.apache.lucene.index.SegmentInfos.readCommit(SegmentInfos.java:368)
	at org.apache.lucene.index.SegmentInfos$1.doBody(SegmentInfos.java:493)
	at org.apache.lucene.index.SegmentInfos$1.doBody(SegmentInfos.java:490)
	at org.apache.lucene.index.SegmentInfos$FindSegmentsFile.run(SegmentInfos.java:731)
	at org.apache.lucene.index.SegmentInfos$FindSegmentsFile.run(SegmentInfos.java:683)
	at org.apache.lucene.index.SegmentInfos.readLatestCommit(SegmentInfos.java:495)
	at org.elasticsearch.common.lucene.Lucene.readSegmentInfos(Lucene.java:123)
	at org.elasticsearch.index.store.Store.readSegmentsInfo(Store.java:196)
	at org.elasticsearch.index.store.Store.access$200(Store.java:122)
	at org.elasticsearch.index.store.Store$MetadataSnapshot.loadMetadata(Store.java:845)
	at org.elasticsearch.index.store.Store$MetadataSnapshot.<init>(Store.java:794)
	at org.elasticsearch.index.store.Store.getMetadata(Store.java:266)
	at org.elasticsearch.index.store.Store.getMetadataOrEmpty(Store.java:225)
	at org.elasticsearch.indices.store.TransportNodesListShardStoreMetaData.listStoreMetaData(TransportNodesListShardStoreMetaData.java:164)
	at org.elasticsearch.indices.store.TransportNodesListShardStoreMetaData.nodeOperation(TransportNodesListShardStoreMetaData.java:145)
	at org.elasticsearch.indices.store.TransportNodesListShardStoreMetaData.nodeOperation(TransportNodesListShardStoreMetaData.java:70)
	at org.elasticsearch.action.support.nodes.TransportNodesAction$NodeTransportHandler.messageReceived(TransportNodesAction.java:232)
	at org.elasticsearch.action.support.nodes.TransportNodesAction$NodeTransportHandler.messageReceived(TransportNodesAction.java:228)
	at org.elasticsearch.transport.TransportRequestHandler.messageReceived(TransportRequestHandler.java:33)
	at org.elasticsearch.transport.RequestHandlerRegistry.processMessageReceived(RequestHandlerRegistry.java:65)
	at org.elasticsearch.transport.local.LocalTransport$2.doRun(LocalTransport.java:296)
	at org.elasticsearch.common.util.concurrent.AbstractRunnable.run(AbstractRunnable.java:37)
	at java.util.concurrent.ThreadPoolExecutor.runWorker(ThreadPoolExecutor.java:1142)
	at java.util.concurrent.ThreadPoolExecutor$Worker.run(ThreadPoolExecutor.java:617)
	at java.lang.Thread.run(Thread.java:745)
[2016-04-18 03:02:59,189][WARN ][org.elasticsearch.cluster.action.shard] [node_s0] [test][0] received shard failed for [test][0], node[hVn4Vy4tQaCk9HOFuCJ_ag], [R], v[4], s[INITIALIZING], a[id=p9EDP_McSMm5AHJdNrebAg], unassigned_info[[reason=REPLICA_ADDED], at[2016-04-18T07:02:59.165Z]], indexUUID [sUgY6jC-QMuLtMkcNeXPgw], message [failed recovery], failure [RecoveryFailedException[[test][0]: Recovery failed from {node_s2}{o5bG6oNsRri7DU85X9tRaw}{local}{local[175]}[mode=>local] into {node_s1}{hVn4Vy4tQaCk9HOFuCJ_ag}{local}{local[173]}[mode=>local]]; nested: RemoteTransportException[[node_s1][local[173]][internal:index/shard/recovery/start_recovery]]; nested: RecoveryEngineException[Phase[1] phase1 failed]; nested: RecoverFilesRecoveryException[Failed to transfer [0] files with total size of [0b]]; nested: CorruptIndexException[invalid deletion count: 65536 vs maxDoc=656 (resource=BufferedChecksumIndexInput(MockIndexInputWrapper(NIOFSIndexInput(path="/Users/lwiskowski/CSE2410_spring2016_projectileDysfunction/core/build/testrun/integTest/J2/temp/org.elasticsearch.index.store.CorruptedFileIT_AF876320E2D19F69-001/tempDir-001/data/SUITE-CHILD_VM=[2]-CLUSTER_SEED=[-8313708514896918260]-HASH=[263D6451D50F]-cluster/nodes/2/indices/test/0/index/segments_2"))))]; ]
RecoveryFailedException[[test][0]: Recovery failed from {node_s2}{o5bG6oNsRri7DU85X9tRaw}{local}{local[175]}[mode=>local] into {node_s1}{hVn4Vy4tQaCk9HOFuCJ_ag}{local}{local[173]}[mode=>local]]; nested: RemoteTransportException[[node_s1][local[173]][internal:index/shard/recovery/start_recovery]]; nested: RecoveryEngineException[Phase[1] phase1 failed]; nested: RecoverFilesRecoveryException[Failed to transfer [0] files with total size of [0b]]; nested: CorruptIndexException[invalid deletion count: 65536 vs maxDoc=656 (resource=BufferedChecksumIndexInput(MockIndexInputWrapper(NIOFSIndexInput(path="/Users/lwiskowski/CSE2410_spring2016_projectileDysfunction/core/build/testrun/integTest/J2/temp/org.elasticsearch.index.store.CorruptedFileIT_AF876320E2D19F69-001/tempDir-001/data/SUITE-CHILD_VM=[2]-CLUSTER_SEED=[-8313708514896918260]-HASH=[263D6451D50F]-cluster/nodes/2/indices/test/0/index/segments_2"))))];
	at org.elasticsearch.indices.recovery.RecoveryTarget.doRecovery(RecoveryTarget.java:271)
	at org.elasticsearch.indices.recovery.RecoveryTarget.access$1100(RecoveryTarget.java:79)
	at org.elasticsearch.indices.recovery.RecoveryTarget$RecoveryRunner.doRun(RecoveryTarget.java:521)
	at org.elasticsearch.common.util.concurrent.AbstractRunnable.run(AbstractRunnable.java:37)
	at java.util.concurrent.ThreadPoolExecutor.runWorker(ThreadPoolExecutor.java:1142)
	at java.util.concurrent.ThreadPoolExecutor$Worker.run(ThreadPoolExecutor.java:617)
	at java.lang.Thread.run(Thread.java:745)
Caused by: RemoteTransportException[[node_s1][local[173]][internal:index/shard/recovery/start_recovery]]; nested: RecoveryEngineException[Phase[1] phase1 failed]; nested: RecoverFilesRecoveryException[Failed to transfer [0] files with total size of [0b]]; nested: CorruptIndexException[invalid deletion count: 65536 vs maxDoc=656 (resource=BufferedChecksumIndexInput(MockIndexInputWrapper(NIOFSIndexInput(path="/Users/lwiskowski/CSE2410_spring2016_projectileDysfunction/core/build/testrun/integTest/J2/temp/org.elasticsearch.index.store.CorruptedFileIT_AF876320E2D19F69-001/tempDir-001/data/SUITE-CHILD_VM=[2]-CLUSTER_SEED=[-8313708514896918260]-HASH=[263D6451D50F]-cluster/nodes/2/indices/test/0/index/segments_2"))))];
Caused by: [test][[test][0]] RecoveryEngineException[Phase[1] phase1 failed]; nested: RecoverFilesRecoveryException[Failed to transfer [0] files with total size of [0b]]; nested: CorruptIndexException[invalid deletion count: 65536 vs maxDoc=656 (resource=BufferedChecksumIndexInput(MockIndexInputWrapper(NIOFSIndexInput(path="/Users/lwiskowski/CSE2410_spring2016_projectileDysfunction/core/build/testrun/integTest/J2/temp/org.elasticsearch.index.store.CorruptedFileIT_AF876320E2D19F69-001/tempDir-001/data/SUITE-CHILD_VM=[2]-CLUSTER_SEED=[-8313708514896918260]-HASH=[263D6451D50F]-cluster/nodes/2/indices/test/0/index/segments_2"))))];
	at org.elasticsearch.indices.recovery.RecoverySourceHandler.recoverToTarget(RecoverySourceHandler.java:137)
	at org.elasticsearch.indices.recovery.RecoverySource.recover(RecoverySource.java:123)
	at org.elasticsearch.indices.recovery.RecoverySource.access$100(RecoverySource.java:52)
	at org.elasticsearch.indices.recovery.RecoverySource$StartRecoveryTransportRequestHandler.messageReceived(RecoverySource.java:132)
	at org.elasticsearch.indices.recovery.RecoverySource$StartRecoveryTransportRequestHandler.messageReceived(RecoverySource.java:129)
	at org.elasticsearch.transport.TransportRequestHandler.messageReceived(TransportRequestHandler.java:33)
	at org.elasticsearch.transport.RequestHandlerRegistry.processMessageReceived(RequestHandlerRegistry.java:65)
	at org.elasticsearch.transport.local.LocalTransport$2.doRun(LocalTransport.java:296)
	at org.elasticsearch.common.util.concurrent.AbstractRunnable.run(AbstractRunnable.java:37)
	at java.util.concurrent.ThreadPoolExecutor.runWorker(ThreadPoolExecutor.java:1142)
	at java.util.concurrent.ThreadPoolExecutor$Worker.run(ThreadPoolExecutor.java:617)
	at java.lang.Thread.run(Thread.java:745)
Caused by: [test][[test][0]] RecoverFilesRecoveryException[Failed to transfer [0] files with total size of [0b]]; nested: CorruptIndexException[invalid deletion count: 65536 vs maxDoc=656 (resource=BufferedChecksumIndexInput(MockIndexInputWrapper(NIOFSIndexInput(path="/Users/lwiskowski/CSE2410_spring2016_projectileDysfunction/core/build/testrun/integTest/J2/temp/org.elasticsearch.index.store.CorruptedFileIT_AF876320E2D19F69-001/tempDir-001/data/SUITE-CHILD_VM=[2]-CLUSTER_SEED=[-8313708514896918260]-HASH=[263D6451D50F]-cluster/nodes/2/indices/test/0/index/segments_2"))))];
	at org.elasticsearch.indices.recovery.RecoverySourceHandler.phase1(RecoverySourceHandler.java:316)
	at org.elasticsearch.indices.recovery.RecoverySourceHandler.recoverToTarget(RecoverySourceHandler.java:135)
	... 11 more
Caused by: org.apache.lucene.index.CorruptIndexException: invalid deletion count: 65536 vs maxDoc=656 (resource=BufferedChecksumIndexInput(MockIndexInputWrapper(NIOFSIndexInput(path="/Users/lwiskowski/CSE2410_spring2016_projectileDysfunction/core/build/testrun/integTest/J2/temp/org.elasticsearch.index.store.CorruptedFileIT_AF876320E2D19F69-001/tempDir-001/data/SUITE-CHILD_VM=[2]-CLUSTER_SEED=[-8313708514896918260]-HASH=[263D6451D50F]-cluster/nodes/2/indices/test/0/index/segments_2"))))
	at org.apache.lucene.index.SegmentInfos.readCommit(SegmentInfos.java:368)
	at org.apache.lucene.index.SegmentInfos$1.doBody(SegmentInfos.java:493)
	at org.apache.lucene.index.SegmentInfos$1.doBody(SegmentInfos.java:490)
	at org.apache.lucene.index.SegmentInfos$FindSegmentsFile.run(SegmentInfos.java:731)
	at org.apache.lucene.index.SegmentInfos$FindSegmentsFile.run(SegmentInfos.java:683)
	at org.apache.lucene.index.SegmentInfos.readLatestCommit(SegmentInfos.java:495)
	at org.elasticsearch.common.lucene.Lucene.readSegmentInfos(Lucene.java:123)
	at org.elasticsearch.index.store.Store.readSegmentsInfo(Store.java:196)
	at org.elasticsearch.index.store.Store.access$200(Store.java:122)
	at org.elasticsearch.index.store.Store$MetadataSnapshot.loadMetadata(Store.java:845)
	at org.elasticsearch.index.store.Store$MetadataSnapshot.<init>(Store.java:794)
	at org.elasticsearch.index.store.Store.getMetadata(Store.java:266)
	at org.elasticsearch.index.store.Store.getMetadataOrEmpty(Store.java:225)
	at org.elasticsearch.indices.store.TransportNodesListShardStoreMetaData.listStoreMetaData(TransportNodesListShardStoreMetaData.java:164)
	at org.elasticsearch.indices.store.TransportNodesListShardStoreMetaData.nodeOperation(TransportNodesListShardStoreMetaData.java:145)
	at org.elasticsearch.indices.store.TransportNodesListShardStoreMetaData.nodeOperation(TransportNodesListShardStoreMetaData.java:70)
	at org.elasticsearch.action.support.nodes.TransportNodesAction$NodeTransportHandler.messageReceived(TransportNodesAction.java:232)
	at org.elasticsearch.action.support.nodes.TransportNodesAction$NodeTransportHandler.messageReceived(TransportNodesAction.java:228)
	... 7 more
[2016-04-18 03:02:59,190][WARN ][org.elasticsearch.index  ] [node_s1] [test] [index.merge.enabled] is set to false, this should only be used in tests and can cause serious problems in production environments
[2016-04-18 03:02:59,190][WARN ][org.elasticsearch.index  ] [node_s2] [test] [index.merge.enabled] is set to false, this should only be used in tests and can cause serious problems in production environments
[2016-04-18 03:02:59,194][WARN ][org.elasticsearch.gateway] [node_s0] [test][0]: failed to list shard for shard_store on node [o5bG6oNsRri7DU85X9tRaw]
FailedNodeException[Failed node [o5bG6oNsRri7DU85X9tRaw]]; nested: RemoteTransportException[[node_s0][local[172]][internal:cluster/nodes/indices/shard/store[n]]]; nested: ElasticsearchException[Failed to list store metadata for shard [[test][0]]]; nested: CorruptIndexException[invalid deletion count: 65536 vs maxDoc=656 (resource=BufferedChecksumIndexInput(MockIndexInputWrapper(NIOFSIndexInput(path="/Users/lwiskowski/CSE2410_spring2016_projectileDysfunction/core/build/testrun/integTest/J2/temp/org.elasticsearch.index.store.CorruptedFileIT_AF876320E2D19F69-001/tempDir-001/data/SUITE-CHILD_VM=[2]-CLUSTER_SEED=[-8313708514896918260]-HASH=[263D6451D50F]-cluster/nodes/2/indices/test/0/index/segments_2"))))];
	at org.elasticsearch.action.support.nodes.TransportNodesAction$AsyncAction.onFailure(TransportNodesAction.java:208)
	at org.elasticsearch.action.support.nodes.TransportNodesAction$AsyncAction.access$700(TransportNodesAction.java:109)
	at org.elasticsearch.action.support.nodes.TransportNodesAction$AsyncAction$2.handleException(TransportNodesAction.java:181)
	at org.elasticsearch.transport.local.LocalTransport.handleException(LocalTransport.java:370)
	at org.elasticsearch.transport.local.LocalTransport.handlerResponseError(LocalTransport.java:361)
	at org.elasticsearch.transport.local.LocalTransport.messageReceived(LocalTransport.java:257)
	at org.elasticsearch.transport.local.LocalTransportChannel$2.run(LocalTransportChannel.java:103)
	at java.util.concurrent.ThreadPoolExecutor.runWorker(ThreadPoolExecutor.java:1142)
	at java.util.concurrent.ThreadPoolExecutor$Worker.run(ThreadPoolExecutor.java:617)
	at java.lang.Thread.run(Thread.java:745)
Caused by: RemoteTransportException[[node_s0][local[172]][internal:cluster/nodes/indices/shard/store[n]]]; nested: ElasticsearchException[Failed to list store metadata for shard [[test][0]]]; nested: CorruptIndexException[invalid deletion count: 65536 vs maxDoc=656 (resource=BufferedChecksumIndexInput(MockIndexInputWrapper(NIOFSIndexInput(path="/Users/lwiskowski/CSE2410_spring2016_projectileDysfunction/core/build/testrun/integTest/J2/temp/org.elasticsearch.index.store.CorruptedFileIT_AF876320E2D19F69-001/tempDir-001/data/SUITE-CHILD_VM=[2]-CLUSTER_SEED=[-8313708514896918260]-HASH=[263D6451D50F]-cluster/nodes/2/indices/test/0/index/segments_2"))))];
Caused by: ElasticsearchException[Failed to list store metadata for shard [[test][0]]]; nested: CorruptIndexException[invalid deletion count: 65536 vs maxDoc=656 (resource=BufferedChecksumIndexInput(MockIndexInputWrapper(NIOFSIndexInput(path="/Users/lwiskowski/CSE2410_spring2016_projectileDysfunction/core/build/testrun/integTest/J2/temp/org.elasticsearch.index.store.CorruptedFileIT_AF876320E2D19F69-001/tempDir-001/data/SUITE-CHILD_VM=[2]-CLUSTER_SEED=[-8313708514896918260]-HASH=[263D6451D50F]-cluster/nodes/2/indices/test/0/index/segments_2"))))];
	at org.elasticsearch.indices.store.TransportNodesListShardStoreMetaData.nodeOperation(TransportNodesListShardStoreMetaData.java:147)
	at org.elasticsearch.indices.store.TransportNodesListShardStoreMetaData.nodeOperation(TransportNodesListShardStoreMetaData.java:70)
	at org.elasticsearch.action.support.nodes.TransportNodesAction$NodeTransportHandler.messageReceived(TransportNodesAction.java:232)
	at org.elasticsearch.action.support.nodes.TransportNodesAction$NodeTransportHandler.messageReceived(TransportNodesAction.java:228)
	at org.elasticsearch.transport.TransportRequestHandler.messageReceived(TransportRequestHandler.java:33)
	at org.elasticsearch.transport.RequestHandlerRegistry.processMessageReceived(RequestHandlerRegistry.java:65)
	at org.elasticsearch.transport.local.LocalTransport$2.doRun(LocalTransport.java:296)
	at org.elasticsearch.common.util.concurrent.AbstractRunnable.run(AbstractRunnable.java:37)
	at java.util.concurrent.ThreadPoolExecutor.runWorker(ThreadPoolExecutor.java:1142)
	at java.util.concurrent.ThreadPoolExecutor$Worker.run(ThreadPoolExecutor.java:617)
	at java.lang.Thread.run(Thread.java:745)
Caused by: org.apache.lucene.index.CorruptIndexException: invalid deletion count: 65536 vs maxDoc=656 (resource=BufferedChecksumIndexInput(MockIndexInputWrapper(NIOFSIndexInput(path="/Users/lwiskowski/CSE2410_spring2016_projectileDysfunction/core/build/testrun/integTest/J2/temp/org.elasticsearch.index.store.CorruptedFileIT_AF876320E2D19F69-001/tempDir-001/data/SUITE-CHILD_VM=[2]-CLUSTER_SEED=[-8313708514896918260]-HASH=[263D6451D50F]-cluster/nodes/2/indices/test/0/index/segments_2"))))
	at org.apache.lucene.index.SegmentInfos.readCommit(SegmentInfos.java:368)
	at org.apache.lucene.index.SegmentInfos$1.doBody(SegmentInfos.java:493)
	at org.apache.lucene.index.SegmentInfos$1.doBody(SegmentInfos.java:490)
	at org.apache.lucene.index.SegmentInfos$FindSegmentsFile.run(SegmentInfos.java:731)
	at org.apache.lucene.index.SegmentInfos$FindSegmentsFile.run(SegmentInfos.java:683)
	at org.apache.lucene.index.SegmentInfos.readLatestCommit(SegmentInfos.java:495)
	at org.elasticsearch.common.lucene.Lucene.readSegmentInfos(Lucene.java:123)
	at org.elasticsearch.index.store.Store.readSegmentsInfo(Store.java:196)
	at org.elasticsearch.index.store.Store.access$200(Store.java:122)
	at org.elasticsearch.index.store.Store$MetadataSnapshot.loadMetadata(Store.java:845)
	at org.elasticsearch.index.store.Store$MetadataSnapshot.<init>(Store.java:794)
	at org.elasticsearch.index.store.Store.getMetadata(Store.java:266)
	at org.elasticsearch.index.store.Store.getMetadataOrEmpty(Store.java:225)
	at org.elasticsearch.indices.store.TransportNodesListShardStoreMetaData.listStoreMetaData(TransportNodesListShardStoreMetaData.java:164)
	at org.elasticsearch.indices.store.TransportNodesListShardStoreMetaData.nodeOperation(TransportNodesListShardStoreMetaData.java:145)
	... 10 more
[2016-04-18 03:02:59,195][WARN ][org.elasticsearch.index  ] [node_s0] [test] [index.merge.enabled] is set to false, this should only be used in tests and can cause serious problems in production environments
[2016-04-18 03:02:59,197][WARN ][org.elasticsearch.index  ] [node_s2] [test] [index.merge.enabled] is set to false, this should only be used in tests and can cause serious problems in production environments
[2016-04-18 03:02:59,198][WARN ][org.elasticsearch.index  ] [node_s1] [test] [index.merge.enabled] is set to false, this should only be used in tests and can cause serious problems in production environments
[2016-04-18 03:02:59,198][WARN ][org.elasticsearch.index  ] [node_s2] [test] [index.merge.enabled] is set to false, this should only be used in tests and can cause serious problems in production environments
[2016-04-18 03:02:59,199][WARN ][org.elasticsearch.gateway] [node_s0] [test][0]: failed to list shard for shard_store on node [o5bG6oNsRri7DU85X9tRaw]
FailedNodeException[Failed node [o5bG6oNsRri7DU85X9tRaw]]; nested: RemoteTransportException[[node_s0][local[172]][internal:cluster/nodes/indices/shard/store[n]]]; nested: ElasticsearchException[Failed to list store metadata for shard [[test][0]]]; nested: CorruptIndexException[invalid deletion count: 65536 vs maxDoc=656 (resource=BufferedChecksumIndexInput(MockIndexInputWrapper(NIOFSIndexInput(path="/Users/lwiskowski/CSE2410_spring2016_projectileDysfunction/core/build/testrun/integTest/J2/temp/org.elasticsearch.index.store.CorruptedFileIT_AF876320E2D19F69-001/tempDir-001/data/SUITE-CHILD_VM=[2]-CLUSTER_SEED=[-8313708514896918260]-HASH=[263D6451D50F]-cluster/nodes/2/indices/test/0/index/segments_2"))))];
	at org.elasticsearch.action.support.nodes.TransportNodesAction$AsyncAction.onFailure(TransportNodesAction.java:208)
	at org.elasticsearch.action.support.nodes.TransportNodesAction$AsyncAction.access$700(TransportNodesAction.java:109)
	at org.elasticsearch.action.support.nodes.TransportNodesAction$AsyncAction$2.handleException(TransportNodesAction.java:181)
	at org.elasticsearch.transport.local.LocalTransport.handleException(LocalTransport.java:370)
	at org.elasticsearch.transport.local.LocalTransport.handlerResponseError(LocalTransport.java:361)
	at org.elasticsearch.transport.local.LocalTransport.messageReceived(LocalTransport.java:257)
	at org.elasticsearch.transport.local.LocalTransportChannel$2.run(LocalTransportChannel.java:103)
	at java.util.concurrent.ThreadPoolExecutor.runWorker(ThreadPoolExecutor.java:1142)
	at java.util.concurrent.ThreadPoolExecutor$Worker.run(ThreadPoolExecutor.java:617)
	at java.lang.Thread.run(Thread.java:745)
Caused by: RemoteTransportException[[node_s0][local[172]][internal:cluster/nodes/indices/shard/store[n]]]; nested: ElasticsearchException[Failed to list store metadata for shard [[test][0]]]; nested: CorruptIndexException[invalid deletion count: 65536 vs maxDoc=656 (resource=BufferedChecksumIndexInput(MockIndexInputWrapper(NIOFSIndexInput(path="/Users/lwiskowski/CSE2410_spring2016_projectileDysfunction/core/build/testrun/integTest/J2/temp/org.elasticsearch.index.store.CorruptedFileIT_AF876320E2D19F69-001/tempDir-001/data/SUITE-CHILD_VM=[2]-CLUSTER_SEED=[-8313708514896918260]-HASH=[263D6451D50F]-cluster/nodes/2/indices/test/0/index/segments_2"))))];
Caused by: ElasticsearchException[Failed to list store metadata for shard [[test][0]]]; nested: CorruptIndexException[invalid deletion count: 65536 vs maxDoc=656 (resource=BufferedChecksumIndexInput(MockIndexInputWrapper(NIOFSIndexInput(path="/Users/lwiskowski/CSE2410_spring2016_projectileDysfunction/core/build/testrun/integTest/J2/temp/org.elasticsearch.index.store.CorruptedFileIT_AF876320E2D19F69-001/tempDir-001/data/SUITE-CHILD_VM=[2]-CLUSTER_SEED=[-8313708514896918260]-HASH=[263D6451D50F]-cluster/nodes/2/indices/test/0/index/segments_2"))))];
	at org.elasticsearch.indices.store.TransportNodesListShardStoreMetaData.nodeOperation(TransportNodesListShardStoreMetaData.java:147)
	at org.elasticsearch.indices.store.TransportNodesListShardStoreMetaData.nodeOperation(TransportNodesListShardStoreMetaData.java:70)
	at org.elasticsearch.action.support.nodes.TransportNodesAction$NodeTransportHandler.messageReceived(TransportNodesAction.java:232)
	at org.elasticsearch.action.support.nodes.TransportNodesAction$NodeTransportHandler.messageReceived(TransportNodesAction.java:228)
	at org.elasticsearch.transport.TransportRequestHandler.messageReceived(TransportRequestHandler.java:33)
	at org.elasticsearch.transport.RequestHandlerRegistry.processMessageReceived(RequestHandlerRegistry.java:65)
	at org.elasticsearch.transport.local.LocalTransport$2.doRun(LocalTransport.java:296)
	at org.elasticsearch.common.util.concurrent.AbstractRunnable.run(AbstractRunnable.java:37)
	at java.util.concurrent.ThreadPoolExecutor.runWorker(ThreadPoolExecutor.java:1142)
	at java.util.concurrent.ThreadPoolExecutor$Worker.run(ThreadPoolExecutor.java:617)
	at java.lang.Thread.run(Thread.java:745)
Caused by: org.apache.lucene.index.CorruptIndexException: invalid deletion count: 65536 vs maxDoc=656 (resource=BufferedChecksumIndexInput(MockIndexInputWrapper(NIOFSIndexInput(path="/Users/lwiskowski/CSE2410_spring2016_projectileDysfunction/core/build/testrun/integTest/J2/temp/org.elasticsearch.index.store.CorruptedFileIT_AF876320E2D19F69-001/tempDir-001/data/SUITE-CHILD_VM=[2]-CLUSTER_SEED=[-8313708514896918260]-HASH=[263D6451D50F]-cluster/nodes/2/indices/test/0/index/segments_2"))))
	at org.apache.lucene.index.SegmentInfos.readCommit(SegmentInfos.java:368)
	at org.apache.lucene.index.SegmentInfos$1.doBody(SegmentInfos.java:493)
	at org.apache.lucene.index.SegmentInfos$1.doBody(SegmentInfos.java:490)
	at org.apache.lucene.index.SegmentInfos$FindSegmentsFile.run(SegmentInfos.java:731)
	at org.apache.lucene.index.SegmentInfos$FindSegmentsFile.run(SegmentInfos.java:683)
	at org.apache.lucene.index.SegmentInfos.readLatestCommit(SegmentInfos.java:495)
	at org.elasticsearch.common.lucene.Lucene.readSegmentInfos(Lucene.java:123)
	at org.elasticsearch.index.store.Store.readSegmentsInfo(Store.java:196)
	at org.elasticsearch.index.store.Store.access$200(Store.java:122)
	at org.elasticsearch.index.store.Store$MetadataSnapshot.loadMetadata(Store.java:845)
	at org.elasticsearch.index.store.Store$MetadataSnapshot.<init>(Store.java:794)
	at org.elasticsearch.index.store.Store.getMetadata(Store.java:266)
	at org.elasticsearch.index.store.Store.getMetadataOrEmpty(Store.java:225)
	at org.elasticsearch.indices.store.TransportNodesListShardStoreMetaData.listStoreMetaData(TransportNodesListShardStoreMetaData.java:164)
	at org.elasticsearch.indices.store.TransportNodesListShardStoreMetaData.nodeOperation(TransportNodesListShardStoreMetaData.java:145)
	... 10 more
[2016-04-18 03:02:59,200][WARN ][org.elasticsearch.index  ] [node_s1] [test] [index.merge.enabled] is set to false, this should only be used in tests and can cause serious problems in production environments
[2016-04-18 03:02:59,202][WARN ][org.elasticsearch.index  ] [node_s1] [test] [index.merge.enabled] is set to false, this should only be used in tests and can cause serious problems in production environments
[2016-04-18 03:02:59,204][WARN ][org.elasticsearch.index  ] [node_s0] [test] [index.merge.enabled] is set to false, this should only be used in tests and can cause serious problems in production environments
[2016-04-18 03:02:59,204][WARN ][org.elasticsearch.index  ] [node_s2] [test] [index.merge.enabled] is set to false, this should only be used in tests and can cause serious problems in production environments
[2016-04-18 03:02:59,205][WARN ][org.elasticsearch.gateway] [node_s0] [test][0]: failed to list shard for shard_store on node [o5bG6oNsRri7DU85X9tRaw]
FailedNodeException[Failed node [o5bG6oNsRri7DU85X9tRaw]]; nested: RemoteTransportException[[node_s0][local[172]][internal:cluster/nodes/indices/shard/store[n]]]; nested: ElasticsearchException[Failed to list store metadata for shard [[test][0]]]; nested: CorruptIndexException[invalid deletion count: 65536 vs maxDoc=656 (resource=BufferedChecksumIndexInput(MockIndexInputWrapper(NIOFSIndexInput(path="/Users/lwiskowski/CSE2410_spring2016_projectileDysfunction/core/build/testrun/integTest/J2/temp/org.elasticsearch.index.store.CorruptedFileIT_AF876320E2D19F69-001/tempDir-001/data/SUITE-CHILD_VM=[2]-CLUSTER_SEED=[-8313708514896918260]-HASH=[263D6451D50F]-cluster/nodes/2/indices/test/0/index/segments_2"))))];
	at org.elasticsearch.action.support.nodes.TransportNodesAction$AsyncAction.onFailure(TransportNodesAction.java:208)
	at org.elasticsearch.action.support.nodes.TransportNodesAction$AsyncAction.access$700(TransportNodesAction.java:109)
	at org.elasticsearch.action.support.nodes.TransportNodesAction$AsyncAction$2.handleException(TransportNodesAction.java:181)
	at org.elasticsearch.transport.local.LocalTransport.handleException(LocalTransport.java:370)
	at org.elasticsearch.transport.local.LocalTransport.handlerResponseError(LocalTransport.java:361)
	at org.elasticsearch.transport.local.LocalTransport.messageReceived(LocalTransport.java:257)
	at org.elasticsearch.transport.local.LocalTransportChannel$2.run(LocalTransportChannel.java:103)
	at java.util.concurrent.ThreadPoolExecutor.runWorker(ThreadPoolExecutor.java:1142)
	at java.util.concurrent.ThreadPoolExecutor$Worker.run(ThreadPoolExecutor.java:617)
	at java.lang.Thread.run(Thread.java:745)
Caused by: RemoteTransportException[[node_s0][local[172]][internal:cluster/nodes/indices/shard/store[n]]]; nested: ElasticsearchException[Failed to list store metadata for shard [[test][0]]]; nested: CorruptIndexException[invalid deletion count: 65536 vs maxDoc=656 (resource=BufferedChecksumIndexInput(MockIndexInputWrapper(NIOFSIndexInput(path="/Users/lwiskowski/CSE2410_spring2016_projectileDysfunction/core/build/testrun/integTest/J2/temp/org.elasticsearch.index.store.CorruptedFileIT_AF876320E2D19F69-001/tempDir-001/data/SUITE-CHILD_VM=[2]-CLUSTER_SEED=[-8313708514896918260]-HASH=[263D6451D50F]-cluster/nodes/2/indices/test/0/index/segments_2"))))];
Caused by: ElasticsearchException[Failed to list store metadata for shard [[test][0]]]; nested: CorruptIndexException[invalid deletion count: 65536 vs maxDoc=656 (resource=BufferedChecksumIndexInput(MockIndexInputWrapper(NIOFSIndexInput(path="/Users/lwiskowski/CSE2410_spring2016_projectileDysfunction/core/build/testrun/integTest/J2/temp/org.elasticsearch.index.store.CorruptedFileIT_AF876320E2D19F69-001/tempDir-001/data/SUITE-CHILD_VM=[2]-CLUSTER_SEED=[-8313708514896918260]-HASH=[263D6451D50F]-cluster/nodes/2/indices/test/0/index/segments_2"))))];
	at org.elasticsearch.indices.store.TransportNodesListShardStoreMetaData.nodeOperation(TransportNodesListShardStoreMetaData.java:147)
	at org.elasticsearch.indices.store.TransportNodesListShardStoreMetaData.nodeOperation(TransportNodesListShardStoreMetaData.java:70)
	at org.elasticsearch.action.support.nodes.TransportNodesAction$NodeTransportHandler.messageReceived(TransportNodesAction.java:232)
	at org.elasticsearch.action.support.nodes.TransportNodesAction$NodeTransportHandler.messageReceived(TransportNodesAction.java:228)
	at org.elasticsearch.transport.TransportRequestHandler.messageReceived(TransportRequestHandler.java:33)
	at org.elasticsearch.transport.RequestHandlerRegistry.processMessageReceived(RequestHandlerRegistry.java:65)
	at org.elasticsearch.transport.local.LocalTransport$2.doRun(LocalTransport.java:296)
	at org.elasticsearch.common.util.concurrent.AbstractRunnable.run(AbstractRunnable.java:37)
	at java.util.concurrent.ThreadPoolExecutor.runWorker(ThreadPoolExecutor.java:1142)
	at java.util.concurrent.ThreadPoolExecutor$Worker.run(ThreadPoolExecutor.java:617)
	at java.lang.Thread.run(Thread.java:745)
Caused by: org.apache.lucene.index.CorruptIndexException: invalid deletion count: 65536 vs maxDoc=656 (resource=BufferedChecksumIndexInput(MockIndexInputWrapper(NIOFSIndexInput(path="/Users/lwiskowski/CSE2410_spring2016_projectileDysfunction/core/build/testrun/integTest/J2/temp/org.elasticsearch.index.store.CorruptedFileIT_AF876320E2D19F69-001/tempDir-001/data/SUITE-CHILD_VM=[2]-CLUSTER_SEED=[-8313708514896918260]-HASH=[263D6451D50F]-cluster/nodes/2/indices/test/0/index/segments_2"))))
	at org.apache.lucene.index.SegmentInfos.readCommit(SegmentInfos.java:368)
	at org.apache.lucene.index.SegmentInfos$1.doBody(SegmentInfos.java:493)
	at org.apache.lucene.index.SegmentInfos$1.doBody(SegmentInfos.java:490)
	at org.apache.lucene.index.SegmentInfos$FindSegmentsFile.run(SegmentInfos.java:731)
	at org.apache.lucene.index.SegmentInfos$FindSegmentsFile.run(SegmentInfos.java:683)
	at org.apache.lucene.index.SegmentInfos.readLatestCommit(SegmentInfos.java:495)
	at org.elasticsearch.common.lucene.Lucene.readSegmentInfos(Lucene.java:123)
	at org.elasticsearch.index.store.Store.readSegmentsInfo(Store.java:196)
	at org.elasticsearch.index.store.Store.access$200(Store.java:122)
	at org.elasticsearch.index.store.Store$MetadataSnapshot.loadMetadata(Store.java:845)
	at org.elasticsearch.index.store.Store$MetadataSnapshot.<init>(Store.java:794)
	at org.elasticsearch.index.store.Store.getMetadata(Store.java:266)
	at org.elasticsearch.index.store.Store.getMetadataOrEmpty(Store.java:225)
	at org.elasticsearch.indices.store.TransportNodesListShardStoreMetaData.listStoreMetaData(TransportNodesListShardStoreMetaData.java:164)
	at org.elasticsearch.indices.store.TransportNodesListShardStoreMetaData.nodeOperation(TransportNodesListShardStoreMetaData.java:145)
	... 10 more
[2016-04-18 03:02:59,207][WARN ][org.elasticsearch.index  ] [node_s2] [test] [index.merge.enabled] is set to false, this should only be used in tests and can cause serious problems in production environments
[2016-04-18 03:02:59,208][WARN ][org.elasticsearch.gateway] [node_s0] [test][0]: failed to list shard for shard_store on node [o5bG6oNsRri7DU85X9tRaw]
FailedNodeException[Failed node [o5bG6oNsRri7DU85X9tRaw]]; nested: RemoteTransportException[[node_s0][local[172]][internal:cluster/nodes/indices/shard/store[n]]]; nested: ElasticsearchException[Failed to list store metadata for shard [[test][0]]]; nested: CorruptIndexException[invalid deletion count: 65536 vs maxDoc=656 (resource=BufferedChecksumIndexInput(MockIndexInputWrapper(NIOFSIndexInput(path="/Users/lwiskowski/CSE2410_spring2016_projectileDysfunction/core/build/testrun/integTest/J2/temp/org.elasticsearch.index.store.CorruptedFileIT_AF876320E2D19F69-001/tempDir-001/data/SUITE-CHILD_VM=[2]-CLUSTER_SEED=[-8313708514896918260]-HASH=[263D6451D50F]-cluster/nodes/2/indices/test/0/index/segments_2"))))];
	at org.elasticsearch.action.support.nodes.TransportNodesAction$AsyncAction.onFailure(TransportNodesAction.java:208)
	at org.elasticsearch.action.support.nodes.TransportNodesAction$AsyncAction.access$700(TransportNodesAction.java:109)
	at org.elasticsearch.action.support.nodes.TransportNodesAction$AsyncAction$2.handleException(TransportNodesAction.java:181)
	at org.elasticsearch.transport.local.LocalTransport.handleException(LocalTransport.java:370)
	at org.elasticsearch.transport.local.LocalTransport.handlerResponseError(LocalTransport.java:361)
	at org.elasticsearch.transport.local.LocalTransport.messageReceived(LocalTransport.java:257)
	at org.elasticsearch.transport.local.LocalTransportChannel$2.run(LocalTransportChannel.java:103)
	at java.util.concurrent.ThreadPoolExecutor.runWorker(ThreadPoolExecutor.java:1142)
	at java.util.concurrent.ThreadPoolExecutor$Worker.run(ThreadPoolExecutor.java:617)
	at java.lang.Thread.run(Thread.java:745)
Caused by: RemoteTransportException[[node_s0][local[172]][internal:cluster/nodes/indices/shard/store[n]]]; nested: ElasticsearchException[Failed to list store metadata for shard [[test][0]]]; nested: CorruptIndexException[invalid deletion count: 65536 vs maxDoc=656 (resource=BufferedChecksumIndexInput(MockIndexInputWrapper(NIOFSIndexInput(path="/Users/lwiskowski/CSE2410_spring2016_projectileDysfunction/core/build/testrun/integTest/J2/temp/org.elasticsearch.index.store.CorruptedFileIT_AF876320E2D19F69-001/tempDir-001/data/SUITE-CHILD_VM=[2]-CLUSTER_SEED=[-8313708514896918260]-HASH=[263D6451D50F]-cluster/nodes/2/indices/test/0/index/segments_2"))))];
Caused by: ElasticsearchException[Failed to list store metadata for shard [[test][0]]]; nested: CorruptIndexException[invalid deletion count: 65536 vs maxDoc=656 (resource=BufferedChecksumIndexInput(MockIndexInputWrapper(NIOFSIndexInput(path="/Users/lwiskowski/CSE2410_spring2016_projectileDysfunction/core/build/testrun/integTest/J2/temp/org.elasticsearch.index.store.CorruptedFileIT_AF876320E2D19F69-001/tempDir-001/data/SUITE-CHILD_VM=[2]-CLUSTER_SEED=[-8313708514896918260]-HASH=[263D6451D50F]-cluster/nodes/2/indices/test/0/index/segments_2"))))];
	at org.elasticsearch.indices.store.TransportNodesListShardStoreMetaData.nodeOperation(TransportNodesListShardStoreMetaData.java:147)
	at org.elasticsearch.indices.store.TransportNodesListShardStoreMetaData.nodeOperation(TransportNodesListShardStoreMetaData.java:70)
	at org.elasticsearch.action.support.nodes.TransportNodesAction$NodeTransportHandler.messageReceived(TransportNodesAction.java:232)
	at org.elasticsearch.action.support.nodes.TransportNodesAction$NodeTransportHandler.messageReceived(TransportNodesAction.java:228)
	at org.elasticsearch.transport.TransportRequestHandler.messageReceived(TransportRequestHandler.java:33)
	at org.elasticsearch.transport.RequestHandlerRegistry.processMessageReceived(RequestHandlerRegistry.java:65)
	at org.elasticsearch.transport.local.LocalTransport$2.doRun(LocalTransport.java:296)
	at org.elasticsearch.common.util.concurrent.AbstractRunnable.run(AbstractRunnable.java:37)
	at java.util.concurrent.ThreadPoolExecutor.runWorker(ThreadPoolExecutor.java:1142)
	at java.util.concurrent.ThreadPoolExecutor$Worker.run(ThreadPoolExecutor.java:617)
	at java.lang.Thread.run(Thread.java:745)
Caused by: org.apache.lucene.index.CorruptIndexException: invalid deletion count: 65536 vs maxDoc=656 (resource=BufferedChecksumIndexInput(MockIndexInputWrapper(NIOFSIndexInput(path="/Users/lwiskowski/CSE2410_spring2016_projectileDysfunction/core/build/testrun/integTest/J2/temp/org.elasticsearch.index.store.CorruptedFileIT_AF876320E2D19F69-001/tempDir-001/data/SUITE-CHILD_VM=[2]-CLUSTER_SEED=[-8313708514896918260]-HASH=[263D6451D50F]-cluster/nodes/2/indices/test/0/index/segments_2"))))
	at org.apache.lucene.index.SegmentInfos.readCommit(SegmentInfos.java:368)
	at org.apache.lucene.index.SegmentInfos$1.doBody(SegmentInfos.java:493)
	at org.apache.lucene.index.SegmentInfos$1.doBody(SegmentInfos.java:490)
	at org.apache.lucene.index.SegmentInfos$FindSegmentsFile.run(SegmentInfos.java:731)
	at org.apache.lucene.index.SegmentInfos$FindSegmentsFile.run(SegmentInfos.java:683)
	at org.apache.lucene.index.SegmentInfos.readLatestCommit(SegmentInfos.java:495)
	at org.elasticsearch.common.lucene.Lucene.readSegmentInfos(Lucene.java:123)
	at org.elasticsearch.index.store.Store.readSegmentsInfo(Store.java:196)
	at org.elasticsearch.index.store.Store.access$200(Store.java:122)
	at org.elasticsearch.index.store.Store$MetadataSnapshot.loadMetadata(Store.java:845)
	at org.elasticsearch.index.store.Store$MetadataSnapshot.<init>(Store.java:794)
	at org.elasticsearch.index.store.Store.getMetadata(Store.java:266)
	at org.elasticsearch.index.store.Store.getMetadataOrEmpty(Store.java:225)
	at org.elasticsearch.indices.store.TransportNodesListShardStoreMetaData.listStoreMetaData(TransportNodesListShardStoreMetaData.java:164)
	at org.elasticsearch.indices.store.TransportNodesListShardStoreMetaData.nodeOperation(TransportNodesListShardStoreMetaData.java:145)
	... 10 more
[2016-04-18 03:02:59,209][WARN ][org.elasticsearch.index  ] [node_s2] [test] [index.merge.enabled] is set to false, this should only be used in tests and can cause serious problems in production environments
[2016-04-18 03:02:59,210][WARN ][org.elasticsearch.gateway] [node_s0] [test][0]: failed to list shard for shard_store on node [o5bG6oNsRri7DU85X9tRaw]
FailedNodeException[Failed node [o5bG6oNsRri7DU85X9tRaw]]; nested: RemoteTransportException[[node_s0][local[172]][internal:cluster/nodes/indices/shard/store[n]]]; nested: ElasticsearchException[Failed to list store metadata for shard [[test][0]]]; nested: CorruptIndexException[invalid deletion count: 65536 vs maxDoc=656 (resource=BufferedChecksumIndexInput(MockIndexInputWrapper(NIOFSIndexInput(path="/Users/lwiskowski/CSE2410_spring2016_projectileDysfunction/core/build/testrun/integTest/J2/temp/org.elasticsearch.index.store.CorruptedFileIT_AF876320E2D19F69-001/tempDir-001/data/SUITE-CHILD_VM=[2]-CLUSTER_SEED=[-8313708514896918260]-HASH=[263D6451D50F]-cluster/nodes/2/indices/test/0/index/segments_2"))))];
	at org.elasticsearch.action.support.nodes.TransportNodesAction$AsyncAction.onFailure(TransportNodesAction.java:208)
	at org.elasticsearch.action.support.nodes.TransportNodesAction$AsyncAction.access$700(TransportNodesAction.java:109)
	at org.elasticsearch.action.support.nodes.TransportNodesAction$AsyncAction$2.handleException(TransportNodesAction.java:181)
	at org.elasticsearch.transport.local.LocalTransport.handleException(LocalTransport.java:370)
	at org.elasticsearch.transport.local.LocalTransport.handlerResponseError(LocalTransport.java:361)
	at org.elasticsearch.transport.local.LocalTransport.messageReceived(LocalTransport.java:257)
	at org.elasticsearch.transport.local.LocalTransportChannel$2.run(LocalTransportChannel.java:103)
	at java.util.concurrent.ThreadPoolExecutor.runWorker(ThreadPoolExecutor.java:1142)
	at java.util.concurrent.ThreadPoolExecutor$Worker.run(ThreadPoolExecutor.java:617)
	at java.lang.Thread.run(Thread.java:745)
Caused by: RemoteTransportException[[node_s0][local[172]][internal:cluster/nodes/indices/shard/store[n]]]; nested: ElasticsearchException[Failed to list store metadata for shard [[test][0]]]; nested: CorruptIndexException[invalid deletion count: 65536 vs maxDoc=656 (resource=BufferedChecksumIndexInput(MockIndexInputWrapper(NIOFSIndexInput(path="/Users/lwiskowski/CSE2410_spring2016_projectileDysfunction/core/build/testrun/integTest/J2/temp/org.elasticsearch.index.store.CorruptedFileIT_AF876320E2D19F69-001/tempDir-001/data/SUITE-CHILD_VM=[2]-CLUSTER_SEED=[-8313708514896918260]-HASH=[263D6451D50F]-cluster/nodes/2/indices/test/0/index/segments_2"))))];
Caused by: ElasticsearchException[Failed to list store metadata for shard [[test][0]]]; nested: CorruptIndexException[invalid deletion count: 65536 vs maxDoc=656 (resource=BufferedChecksumIndexInput(MockIndexInputWrapper(NIOFSIndexInput(path="/Users/lwiskowski/CSE2410_spring2016_projectileDysfunction/core/build/testrun/integTest/J2/temp/org.elasticsearch.index.store.CorruptedFileIT_AF876320E2D19F69-001/tempDir-001/data/SUITE-CHILD_VM=[2]-CLUSTER_SEED=[-8313708514896918260]-HASH=[263D6451D50F]-cluster/nodes/2/indices/test/0/index/segments_2"))))];
	at org.elasticsearch.indices.store.TransportNodesListShardStoreMetaData.nodeOperation(TransportNodesListShardStoreMetaData.java:147)
	at org.elasticsearch.indices.store.TransportNodesListShardStoreMetaData.nodeOperation(TransportNodesListShardStoreMetaData.java:70)
	at org.elasticsearch.action.support.nodes.TransportNodesAction$NodeTransportHandler.messageReceived(TransportNodesAction.java:232)
	at org.elasticsearch.action.support.nodes.TransportNodesAction$NodeTransportHandler.messageReceived(TransportNodesAction.java:228)
	at org.elasticsearch.transport.TransportRequestHandler.messageReceived(TransportRequestHandler.java:33)
	at org.elasticsearch.transport.RequestHandlerRegistry.processMessageReceived(RequestHandlerRegistry.java:65)
	at org.elasticsearch.transport.local.LocalTransport$2.doRun(LocalTransport.java:296)
	at org.elasticsearch.common.util.concurrent.AbstractRunnable.run(AbstractRunnable.java:37)
	at java.util.concurrent.ThreadPoolExecutor.runWorker(ThreadPoolExecutor.java:1142)
	at java.util.concurrent.ThreadPoolExecutor$Worker.run(ThreadPoolExecutor.java:617)
	at java.lang.Thread.run(Thread.java:745)
Caused by: org.apache.lucene.index.CorruptIndexException: invalid deletion count: 65536 vs maxDoc=656 (resource=BufferedChecksumIndexInput(MockIndexInputWrapper(NIOFSIndexInput(path="/Users/lwiskowski/CSE2410_spring2016_projectileDysfunction/core/build/testrun/integTest/J2/temp/org.elasticsearch.index.store.CorruptedFileIT_AF876320E2D19F69-001/tempDir-001/data/SUITE-CHILD_VM=[2]-CLUSTER_SEED=[-8313708514896918260]-HASH=[263D6451D50F]-cluster/nodes/2/indices/test/0/index/segments_2"))))
	at org.apache.lucene.index.SegmentInfos.readCommit(SegmentInfos.java:368)
	at org.apache.lucene.index.SegmentInfos$1.doBody(SegmentInfos.java:493)
	at org.apache.lucene.index.SegmentInfos$1.doBody(SegmentInfos.java:490)
	at org.apache.lucene.index.SegmentInfos$FindSegmentsFile.run(SegmentInfos.java:731)
	at org.apache.lucene.index.SegmentInfos$FindSegmentsFile.run(SegmentInfos.java:683)
	at org.apache.lucene.index.SegmentInfos.readLatestCommit(SegmentInfos.java:495)
	at org.elasticsearch.common.lucene.Lucene.readSegmentInfos(Lucene.java:123)
	at org.elasticsearch.index.store.Store.readSegmentsInfo(Store.java:196)
	at org.elasticsearch.index.store.Store.access$200(Store.java:122)
	at org.elasticsearch.index.store.Store$MetadataSnapshot.loadMetadata(Store.java:845)
	at org.elasticsearch.index.store.Store$MetadataSnapshot.<init>(Store.java:794)
	at org.elasticsearch.index.store.Store.getMetadata(Store.java:266)
	at org.elasticsearch.index.store.Store.getMetadataOrEmpty(Store.java:225)
	at org.elasticsearch.indices.store.TransportNodesListShardStoreMetaData.listStoreMetaData(TransportNodesListShardStoreMetaData.java:164)
	at org.elasticsearch.indices.store.TransportNodesListShardStoreMetaData.nodeOperation(TransportNodesListShardStoreMetaData.java:145)
	... 10 more
[2016-04-18 03:02:59,211][WARN ][org.elasticsearch.index  ] [node_s2] [test] [index.merge.enabled] is set to false, this should only be used in tests and can cause serious problems in production environments
[2016-04-18 03:02:59,213][WARN ][org.elasticsearch.gateway] [node_s0] [test][0]: failed to list shard for shard_store on node [o5bG6oNsRri7DU85X9tRaw]
FailedNodeException[Failed node [o5bG6oNsRri7DU85X9tRaw]]; nested: RemoteTransportException[[node_s0][local[172]][internal:cluster/nodes/indices/shard/store[n]]]; nested: ElasticsearchException[Failed to list store metadata for shard [[test][0]]]; nested: CorruptIndexException[invalid deletion count: 65536 vs maxDoc=656 (resource=BufferedChecksumIndexInput(MockIndexInputWrapper(NIOFSIndexInput(path="/Users/lwiskowski/CSE2410_spring2016_projectileDysfunction/core/build/testrun/integTest/J2/temp/org.elasticsearch.index.store.CorruptedFileIT_AF876320E2D19F69-001/tempDir-001/data/SUITE-CHILD_VM=[2]-CLUSTER_SEED=[-8313708514896918260]-HASH=[263D6451D50F]-cluster/nodes/2/indices/test/0/index/segments_2"))))];
	at org.elasticsearch.action.support.nodes.TransportNodesAction$AsyncAction.onFailure(TransportNodesAction.java:208)
	at org.elasticsearch.action.support.nodes.TransportNodesAction$AsyncAction.access$700(TransportNodesAction.java:109)
	at org.elasticsearch.action.support.nodes.TransportNodesAction$AsyncAction$2.handleException(TransportNodesAction.java:181)
	at org.elasticsearch.transport.local.LocalTransport.handleException(LocalTransport.java:370)
	at org.elasticsearch.transport.local.LocalTransport.handlerResponseError(LocalTransport.java:361)
	at org.elasticsearch.transport.local.LocalTransport.messageReceived(LocalTransport.java:257)
	at org.elasticsearch.transport.local.LocalTransportChannel$2.run(LocalTransportChannel.java:103)
	at java.util.concurrent.ThreadPoolExecutor.runWorker(ThreadPoolExecutor.java:1142)
	at java.util.concurrent.ThreadPoolExecutor$Worker.run(ThreadPoolExecutor.java:617)
	at java.lang.Thread.run(Thread.java:745)
Caused by: RemoteTransportException[[node_s0][local[172]][internal:cluster/nodes/indices/shard/store[n]]]; nested: ElasticsearchException[Failed to list store metadata for shard [[test][0]]]; nested: CorruptIndexException[invalid deletion count: 65536 vs maxDoc=656 (resource=BufferedChecksumIndexInput(MockIndexInputWrapper(NIOFSIndexInput(path="/Users/lwiskowski/CSE2410_spring2016_projectileDysfunction/core/build/testrun/integTest/J2/temp/org.elasticsearch.index.store.CorruptedFileIT_AF876320E2D19F69-001/tempDir-001/data/SUITE-CHILD_VM=[2]-CLUSTER_SEED=[-8313708514896918260]-HASH=[263D6451D50F]-cluster/nodes/2/indices/test/0/index/segments_2"))))];
Caused by: ElasticsearchException[Failed to list store metadata for shard [[test][0]]]; nested: CorruptIndexException[invalid deletion count: 65536 vs maxDoc=656 (resource=BufferedChecksumIndexInput(MockIndexInputWrapper(NIOFSIndexInput(path="/Users/lwiskowski/CSE2410_spring2016_projectileDysfunction/core/build/testrun/integTest/J2/temp/org.elasticsearch.index.store.CorruptedFileIT_AF876320E2D19F69-001/tempDir-001/data/SUITE-CHILD_VM=[2]-CLUSTER_SEED=[-8313708514896918260]-HASH=[263D6451D50F]-cluster/nodes/2/indices/test/0/index/segments_2"))))];
	at org.elasticsearch.indices.store.TransportNodesListShardStoreMetaData.nodeOperation(TransportNodesListShardStoreMetaData.java:147)
	at org.elasticsearch.indices.store.TransportNodesListShardStoreMetaData.nodeOperation(TransportNodesListShardStoreMetaData.java:70)
	at org.elasticsearch.action.support.nodes.TransportNodesAction$NodeTransportHandler.messageReceived(TransportNodesAction.java:232)
	at org.elasticsearch.action.support.nodes.TransportNodesAction$NodeTransportHandler.messageReceived(TransportNodesAction.java:228)
	at org.elasticsearch.transport.TransportRequestHandler.messageReceived(TransportRequestHandler.java:33)
	at org.elasticsearch.transport.RequestHandlerRegistry.processMessageReceived(RequestHandlerRegistry.java:65)
	at org.elasticsearch.transport.local.LocalTransport$2.doRun(LocalTransport.java:296)
	at org.elasticsearch.common.util.concurrent.AbstractRunnable.run(AbstractRunnable.java:37)
	at java.util.concurrent.ThreadPoolExecutor.runWorker(ThreadPoolExecutor.java:1142)
	at java.util.concurrent.ThreadPoolExecutor$Worker.run(ThreadPoolExecutor.java:617)
	at java.lang.Thread.run(Thread.java:745)
Caused by: org.apache.lucene.index.CorruptIndexException: invalid deletion count: 65536 vs maxDoc=656 (resource=BufferedChecksumIndexInput(MockIndexInputWrapper(NIOFSIndexInput(path="/Users/lwiskowski/CSE2410_spring2016_projectileDysfunction/core/build/testrun/integTest/J2/temp/org.elasticsearch.index.store.CorruptedFileIT_AF876320E2D19F69-001/tempDir-001/data/SUITE-CHILD_VM=[2]-CLUSTER_SEED=[-8313708514896918260]-HASH=[263D6451D50F]-cluster/nodes/2/indices/test/0/index/segments_2"))))
	at org.apache.lucene.index.SegmentInfos.readCommit(SegmentInfos.java:368)
	at org.apache.lucene.index.SegmentInfos$1.doBody(SegmentInfos.java:493)
	at org.apache.lucene.index.SegmentInfos$1.doBody(SegmentInfos.java:490)
	at org.apache.lucene.index.SegmentInfos$FindSegmentsFile.run(SegmentInfos.java:731)
	at org.apache.lucene.index.SegmentInfos$FindSegmentsFile.run(SegmentInfos.java:683)
	at org.apache.lucene.index.SegmentInfos.readLatestCommit(SegmentInfos.java:495)
	at org.elasticsearch.common.lucene.Lucene.readSegmentInfos(Lucene.java:123)
	at org.elasticsearch.index.store.Store.readSegmentsInfo(Store.java:196)
	at org.elasticsearch.index.store.Store.access$200(Store.java:122)
	at org.elasticsearch.index.store.Store$MetadataSnapshot.loadMetadata(Store.java:845)
	at org.elasticsearch.index.store.Store$MetadataSnapshot.<init>(Store.java:794)
	at org.elasticsearch.index.store.Store.getMetadata(Store.java:266)
	at org.elasticsearch.index.store.Store.getMetadataOrEmpty(Store.java:225)
	at org.elasticsearch.indices.store.TransportNodesListShardStoreMetaData.listStoreMetaData(TransportNodesListShardStoreMetaData.java:164)
	at org.elasticsearch.indices.store.TransportNodesListShardStoreMetaData.nodeOperation(TransportNodesListShardStoreMetaData.java:145)
	... 10 more
[2016-04-18 03:02:59,214][WARN ][org.elasticsearch.index  ] [node_s2] [test] [index.merge.enabled] is set to false, this should only be used in tests and can cause serious problems in production environments
[2016-04-18 03:02:59,215][WARN ][org.elasticsearch.gateway] [node_s0] [test][0]: failed to list shard for shard_store on node [o5bG6oNsRri7DU85X9tRaw]
FailedNodeException[Failed node [o5bG6oNsRri7DU85X9tRaw]]; nested: RemoteTransportException[[node_s0][local[172]][internal:cluster/nodes/indices/shard/store[n]]]; nested: ElasticsearchException[Failed to list store metadata for shard [[test][0]]]; nested: CorruptIndexException[invalid deletion count: 65536 vs maxDoc=656 (resource=BufferedChecksumIndexInput(MockIndexInputWrapper(NIOFSIndexInput(path="/Users/lwiskowski/CSE2410_spring2016_projectileDysfunction/core/build/testrun/integTest/J2/temp/org.elasticsearch.index.store.CorruptedFileIT_AF876320E2D19F69-001/tempDir-001/data/SUITE-CHILD_VM=[2]-CLUSTER_SEED=[-8313708514896918260]-HASH=[263D6451D50F]-cluster/nodes/2/indices/test/0/index/segments_2"))))];
	at org.elasticsearch.action.support.nodes.TransportNodesAction$AsyncAction.onFailure(TransportNodesAction.java:208)
	at org.elasticsearch.action.support.nodes.TransportNodesAction$AsyncAction.access$700(TransportNodesAction.java:109)
	at org.elasticsearch.action.support.nodes.TransportNodesAction$AsyncAction$2.handleException(TransportNodesAction.java:181)
	at org.elasticsearch.transport.local.LocalTransport.handleException(LocalTransport.java:370)
	at org.elasticsearch.transport.local.LocalTransport.handlerResponseError(LocalTransport.java:361)
	at org.elasticsearch.transport.local.LocalTransport.messageReceived(LocalTransport.java:257)
	at org.elasticsearch.transport.local.LocalTransportChannel$2.run(LocalTransportChannel.java:103)
	at java.util.concurrent.ThreadPoolExecutor.runWorker(ThreadPoolExecutor.java:1142)
	at java.util.concurrent.ThreadPoolExecutor$Worker.run(ThreadPoolExecutor.java:617)
	at java.lang.Thread.run(Thread.java:745)
Caused by: RemoteTransportException[[node_s0][local[172]][internal:cluster/nodes/indices/shard/store[n]]]; nested: ElasticsearchException[Failed to list store metadata for shard [[test][0]]]; nested: CorruptIndexException[invalid deletion count: 65536 vs maxDoc=656 (resource=BufferedChecksumIndexInput(MockIndexInputWrapper(NIOFSIndexInput(path="/Users/lwiskowski/CSE2410_spring2016_projectileDysfunction/core/build/testrun/integTest/J2/temp/org.elasticsearch.index.store.CorruptedFileIT_AF876320E2D19F69-001/tempDir-001/data/SUITE-CHILD_VM=[2]-CLUSTER_SEED=[-8313708514896918260]-HASH=[263D6451D50F]-cluster/nodes/2/indices/test/0/index/segments_2"))))];
Caused by: ElasticsearchException[Failed to list store metadata for shard [[test][0]]]; nested: CorruptIndexException[invalid deletion count: 65536 vs maxDoc=656 (resource=BufferedChecksumIndexInput(MockIndexInputWrapper(NIOFSIndexInput(path="/Users/lwiskowski/CSE2410_spring2016_projectileDysfunction/core/build/testrun/integTest/J2/temp/org.elasticsearch.index.store.CorruptedFileIT_AF876320E2D19F69-001/tempDir-001/data/SUITE-CHILD_VM=[2]-CLUSTER_SEED=[-8313708514896918260]-HASH=[263D6451D50F]-cluster/nodes/2/indices/test/0/index/segments_2"))))];
	at org.elasticsearch.indices.store.TransportNodesListShardStoreMetaData.nodeOperation(TransportNodesListShardStoreMetaData.java:147)
	at org.elasticsearch.indices.store.TransportNodesListShardStoreMetaData.nodeOperation(TransportNodesListShardStoreMetaData.java:70)
	at org.elasticsearch.action.support.nodes.TransportNodesAction$NodeTransportHandler.messageReceived(TransportNodesAction.java:232)
	at org.elasticsearch.action.support.nodes.TransportNodesAction$NodeTransportHandler.messageReceived(TransportNodesAction.java:228)
	at org.elasticsearch.transport.TransportRequestHandler.messageReceived(TransportRequestHandler.java:33)
	at org.elasticsearch.transport.RequestHandlerRegistry.processMessageReceived(RequestHandlerRegistry.java:65)
	at org.elasticsearch.transport.local.LocalTransport$2.doRun(LocalTransport.java:296)
	at org.elasticsearch.common.util.concurrent.AbstractRunnable.run(AbstractRunnable.java:37)
	at java.util.concurrent.ThreadPoolExecutor.runWorker(ThreadPoolExecutor.java:1142)
	at java.util.concurrent.ThreadPoolExecutor$Worker.run(ThreadPoolExecutor.java:617)
	at java.lang.Thread.run(Thread.java:745)
Caused by: org.apache.lucene.index.CorruptIndexException: invalid deletion count: 65536 vs maxDoc=656 (resource=BufferedChecksumIndexInput(MockIndexInputWrapper(NIOFSIndexInput(path="/Users/lwiskowski/CSE2410_spring2016_projectileDysfunction/core/build/testrun/integTest/J2/temp/org.elasticsearch.index.store.CorruptedFileIT_AF876320E2D19F69-001/tempDir-001/data/SUITE-CHILD_VM=[2]-CLUSTER_SEED=[-8313708514896918260]-HASH=[263D6451D50F]-cluster/nodes/2/indices/test/0/index/segments_2"))))
	at org.apache.lucene.index.SegmentInfos.readCommit(SegmentInfos.java:368)
	at org.apache.lucene.index.SegmentInfos$1.doBody(SegmentInfos.java:493)
	at org.apache.lucene.index.SegmentInfos$1.doBody(SegmentInfos.java:490)
	at org.apache.lucene.index.SegmentInfos$FindSegmentsFile.run(SegmentInfos.java:731)
	at org.apache.lucene.index.SegmentInfos$FindSegmentsFile.run(SegmentInfos.java:683)
	at org.apache.lucene.index.SegmentInfos.readLatestCommit(SegmentInfos.java:495)
	at org.elasticsearch.common.lucene.Lucene.readSegmentInfos(Lucene.java:123)
	at org.elasticsearch.index.store.Store.readSegmentsInfo(Store.java:196)
	at org.elasticsearch.index.store.Store.access$200(Store.java:122)
	at org.elasticsearch.index.store.Store$MetadataSnapshot.loadMetadata(Store.java:845)
	at org.elasticsearch.index.store.Store$MetadataSnapshot.<init>(Store.java:794)
	at org.elasticsearch.index.store.Store.getMetadata(Store.java:266)
	at org.elasticsearch.index.store.Store.getMetadataOrEmpty(Store.java:225)
	at org.elasticsearch.indices.store.TransportNodesListShardStoreMetaData.listStoreMetaData(TransportNodesListShardStoreMetaData.java:164)
	at org.elasticsearch.indices.store.TransportNodesListShardStoreMetaData.nodeOperation(TransportNodesListShardStoreMetaData.java:145)
	... 10 more
[2016-04-18 03:02:59,216][WARN ][org.elasticsearch.index  ] [node_s2] [test] [index.merge.enabled] is set to false, this should only be used in tests and can cause serious problems in production environments
[2016-04-18 03:02:59,218][WARN ][org.elasticsearch.gateway] [node_s0] [test][0]: failed to list shard for shard_store on node [o5bG6oNsRri7DU85X9tRaw]
FailedNodeException[Failed node [o5bG6oNsRri7DU85X9tRaw]]; nested: RemoteTransportException[[node_s0][local[172]][internal:cluster/nodes/indices/shard/store[n]]]; nested: ElasticsearchException[Failed to list store metadata for shard [[test][0]]]; nested: CorruptIndexException[invalid deletion count: 65536 vs maxDoc=656 (resource=BufferedChecksumIndexInput(MockIndexInputWrapper(NIOFSIndexInput(path="/Users/lwiskowski/CSE2410_spring2016_projectileDysfunction/core/build/testrun/integTest/J2/temp/org.elasticsearch.index.store.CorruptedFileIT_AF876320E2D19F69-001/tempDir-001/data/SUITE-CHILD_VM=[2]-CLUSTER_SEED=[-8313708514896918260]-HASH=[263D6451D50F]-cluster/nodes/2/indices/test/0/index/segments_2"))))];
	at org.elasticsearch.action.support.nodes.TransportNodesAction$AsyncAction.onFailure(TransportNodesAction.java:208)
	at org.elasticsearch.action.support.nodes.TransportNodesAction$AsyncAction.access$700(TransportNodesAction.java:109)
	at org.elasticsearch.action.support.nodes.TransportNodesAction$AsyncAction$2.handleException(TransportNodesAction.java:181)
	at org.elasticsearch.transport.local.LocalTransport.handleException(LocalTransport.java:370)
	at org.elasticsearch.transport.local.LocalTransport.handlerResponseError(LocalTransport.java:361)
	at org.elasticsearch.transport.local.LocalTransport.messageReceived(LocalTransport.java:257)
	at org.elasticsearch.transport.local.LocalTransportChannel$2.run(LocalTransportChannel.java:103)
	at java.util.concurrent.ThreadPoolExecutor.runWorker(ThreadPoolExecutor.java:1142)
	at java.util.concurrent.ThreadPoolExecutor$Worker.run(ThreadPoolExecutor.java:617)
	at java.lang.Thread.run(Thread.java:745)
Caused by: RemoteTransportException[[node_s0][local[172]][internal:cluster/nodes/indices/shard/store[n]]]; nested: ElasticsearchException[Failed to list store metadata for shard [[test][0]]]; nested: CorruptIndexException[invalid deletion count: 65536 vs maxDoc=656 (resource=BufferedChecksumIndexInput(MockIndexInputWrapper(NIOFSIndexInput(path="/Users/lwiskowski/CSE2410_spring2016_projectileDysfunction/core/build/testrun/integTest/J2/temp/org.elasticsearch.index.store.CorruptedFileIT_AF876320E2D19F69-001/tempDir-001/data/SUITE-CHILD_VM=[2]-CLUSTER_SEED=[-8313708514896918260]-HASH=[263D6451D50F]-cluster/nodes/2/indices/test/0/index/segments_2"))))];
Caused by: ElasticsearchException[Failed to list store metadata for shard [[test][0]]]; nested: CorruptIndexException[invalid deletion count: 65536 vs maxDoc=656 (resource=BufferedChecksumIndexInput(MockIndexInputWrapper(NIOFSIndexInput(path="/Users/lwiskowski/CSE2410_spring2016_projectileDysfunction/core/build/testrun/integTest/J2/temp/org.elasticsearch.index.store.CorruptedFileIT_AF876320E2D19F69-001/tempDir-001/data/SUITE-CHILD_VM=[2]-CLUSTER_SEED=[-8313708514896918260]-HASH=[263D6451D50F]-cluster/nodes/2/indices/test/0/index/segments_2"))))];
	at org.elasticsearch.indices.store.TransportNodesListShardStoreMetaData.nodeOperation(TransportNodesListShardStoreMetaData.java:147)
	at org.elasticsearch.indices.store.TransportNodesListShardStoreMetaData.nodeOperation(TransportNodesListShardStoreMetaData.java:70)
	at org.elasticsearch.action.support.nodes.TransportNodesAction$NodeTransportHandler.messageReceived(TransportNodesAction.java:232)
	at org.elasticsearch.action.support.nodes.TransportNodesAction$NodeTransportHandler.messageReceived(TransportNodesAction.java:228)
	at org.elasticsearch.transport.TransportRequestHandler.messageReceived(TransportRequestHandler.java:33)
	at org.elasticsearch.transport.RequestHandlerRegistry.processMessageReceived(RequestHandlerRegistry.java:65)
	at org.elasticsearch.transport.local.LocalTransport$2.doRun(LocalTransport.java:296)
	at org.elasticsearch.common.util.concurrent.AbstractRunnable.run(AbstractRunnable.java:37)
	at java.util.concurrent.ThreadPoolExecutor.runWorker(ThreadPoolExecutor.java:1142)
	at java.util.concurrent.ThreadPoolExecutor$Worker.run(ThreadPoolExecutor.java:617)
	at java.lang.Thread.run(Thread.java:745)
Caused by: org.apache.lucene.index.CorruptIndexException: invalid deletion count: 65536 vs maxDoc=656 (resource=BufferedChecksumIndexInput(MockIndexInputWrapper(NIOFSIndexInput(path="/Users/lwiskowski/CSE2410_spring2016_projectileDysfunction/core/build/testrun/integTest/J2/temp/org.elasticsearch.index.store.CorruptedFileIT_AF876320E2D19F69-001/tempDir-001/data/SUITE-CHILD_VM=[2]-CLUSTER_SEED=[-8313708514896918260]-HASH=[263D6451D50F]-cluster/nodes/2/indices/test/0/index/segments_2"))))
	at org.apache.lucene.index.SegmentInfos.readCommit(SegmentInfos.java:368)
	at org.apache.lucene.index.SegmentInfos$1.doBody(SegmentInfos.java:493)
	at org.apache.lucene.index.SegmentInfos$1.doBody(SegmentInfos.java:490)
	at org.apache.lucene.index.SegmentInfos$FindSegmentsFile.run(SegmentInfos.java:731)
	at org.apache.lucene.index.SegmentInfos$FindSegmentsFile.run(SegmentInfos.java:683)
	at org.apache.lucene.index.SegmentInfos.readLatestCommit(SegmentInfos.java:495)
	at org.elasticsearch.common.lucene.Lucene.readSegmentInfos(Lucene.java:123)
	at org.elasticsearch.index.store.Store.readSegmentsInfo(Store.java:196)
	at org.elasticsearch.index.store.Store.access$200(Store.java:122)
	at org.elasticsearch.index.store.Store$MetadataSnapshot.loadMetadata(Store.java:845)
	at org.elasticsearch.index.store.Store$MetadataSnapshot.<init>(Store.java:794)
	at org.elasticsearch.index.store.Store.getMetadata(Store.java:266)
	at org.elasticsearch.index.store.Store.getMetadataOrEmpty(Store.java:225)
	at org.elasticsearch.indices.store.TransportNodesListShardStoreMetaData.listStoreMetaData(TransportNodesListShardStoreMetaData.java:164)
	at org.elasticsearch.indices.store.TransportNodesListShardStoreMetaData.nodeOperation(TransportNodesListShardStoreMetaData.java:145)
	... 10 more
[2016-04-18 03:02:59,219][WARN ][org.elasticsearch.index  ] [node_s2] [test] [index.merge.enabled] is set to false, this should only be used in tests and can cause serious problems in production environments
[2016-04-18 03:02:59,220][WARN ][org.elasticsearch.gateway] [node_s0] [test][0]: failed to list shard for shard_store on node [o5bG6oNsRri7DU85X9tRaw]
FailedNodeException[Failed node [o5bG6oNsRri7DU85X9tRaw]]; nested: RemoteTransportException[[node_s0][local[172]][internal:cluster/nodes/indices/shard/store[n]]]; nested: ElasticsearchException[Failed to list store metadata for shard [[test][0]]]; nested: CorruptIndexException[invalid deletion count: 65536 vs maxDoc=656 (resource=BufferedChecksumIndexInput(MockIndexInputWrapper(NIOFSIndexInput(path="/Users/lwiskowski/CSE2410_spring2016_projectileDysfunction/core/build/testrun/integTest/J2/temp/org.elasticsearch.index.store.CorruptedFileIT_AF876320E2D19F69-001/tempDir-001/data/SUITE-CHILD_VM=[2]-CLUSTER_SEED=[-8313708514896918260]-HASH=[263D6451D50F]-cluster/nodes/2/indices/test/0/index/segments_2"))))];
	at org.elasticsearch.action.support.nodes.TransportNodesAction$AsyncAction.onFailure(TransportNodesAction.java:208)
	at org.elasticsearch.action.support.nodes.TransportNodesAction$AsyncAction.access$700(TransportNodesAction.java:109)
	at org.elasticsearch.action.support.nodes.TransportNodesAction$AsyncAction$2.handleException(TransportNodesAction.java:181)
	at org.elasticsearch.transport.local.LocalTransport.handleException(LocalTransport.java:370)
	at org.elasticsearch.transport.local.LocalTransport.handlerResponseError(LocalTransport.java:361)
	at org.elasticsearch.transport.local.LocalTransport.messageReceived(LocalTransport.java:257)
	at org.elasticsearch.transport.local.LocalTransportChannel$2.run(LocalTransportChannel.java:103)
	at java.util.concurrent.ThreadPoolExecutor.runWorker(ThreadPoolExecutor.java:1142)
	at java.util.concurrent.ThreadPoolExecutor$Worker.run(ThreadPoolExecutor.java:617)
	at java.lang.Thread.run(Thread.java:745)
Caused by: RemoteTransportException[[node_s0][local[172]][internal:cluster/nodes/indices/shard/store[n]]]; nested: ElasticsearchException[Failed to list store metadata for shard [[test][0]]]; nested: CorruptIndexException[invalid deletion count: 65536 vs maxDoc=656 (resource=BufferedChecksumIndexInput(MockIndexInputWrapper(NIOFSIndexInput(path="/Users/lwiskowski/CSE2410_spring2016_projectileDysfunction/core/build/testrun/integTest/J2/temp/org.elasticsearch.index.store.CorruptedFileIT_AF876320E2D19F69-001/tempDir-001/data/SUITE-CHILD_VM=[2]-CLUSTER_SEED=[-8313708514896918260]-HASH=[263D6451D50F]-cluster/nodes/2/indices/test/0/index/segments_2"))))];
Caused by: ElasticsearchException[Failed to list store metadata for shard [[test][0]]]; nested: CorruptIndexException[invalid deletion count: 65536 vs maxDoc=656 (resource=BufferedChecksumIndexInput(MockIndexInputWrapper(NIOFSIndexInput(path="/Users/lwiskowski/CSE2410_spring2016_projectileDysfunction/core/build/testrun/integTest/J2/temp/org.elasticsearch.index.store.CorruptedFileIT_AF876320E2D19F69-001/tempDir-001/data/SUITE-CHILD_VM=[2]-CLUSTER_SEED=[-8313708514896918260]-HASH=[263D6451D50F]-cluster/nodes/2/indices/test/0/index/segments_2"))))];
	at org.elasticsearch.indices.store.TransportNodesListShardStoreMetaData.nodeOperation(TransportNodesListShardStoreMetaData.java:147)
	at org.elasticsearch.indices.store.TransportNodesListShardStoreMetaData.nodeOperation(TransportNodesListShardStoreMetaData.java:70)
	at org.elasticsearch.action.support.nodes.TransportNodesAction$NodeTransportHandler.messageReceived(TransportNodesAction.java:232)
	at org.elasticsearch.action.support.nodes.TransportNodesAction$NodeTransportHandler.messageReceived(TransportNodesAction.java:228)
	at org.elasticsearch.transport.TransportRequestHandler.messageReceived(TransportRequestHandler.java:33)
	at org.elasticsearch.transport.RequestHandlerRegistry.processMessageReceived(RequestHandlerRegistry.java:65)
	at org.elasticsearch.transport.local.LocalTransport$2.doRun(LocalTransport.java:296)
	at org.elasticsearch.common.util.concurrent.AbstractRunnable.run(AbstractRunnable.java:37)
	at java.util.concurrent.ThreadPoolExecutor.runWorker(ThreadPoolExecutor.java:1142)
	at java.util.concurrent.ThreadPoolExecutor$Worker.run(ThreadPoolExecutor.java:617)
	at java.lang.Thread.run(Thread.java:745)
Caused by: org.apache.lucene.index.CorruptIndexException: invalid deletion count: 65536 vs maxDoc=656 (resource=BufferedChecksumIndexInput(MockIndexInputWrapper(NIOFSIndexInput(path="/Users/lwiskowski/CSE2410_spring2016_projectileDysfunction/core/build/testrun/integTest/J2/temp/org.elasticsearch.index.store.CorruptedFileIT_AF876320E2D19F69-001/tempDir-001/data/SUITE-CHILD_VM=[2]-CLUSTER_SEED=[-8313708514896918260]-HASH=[263D6451D50F]-cluster/nodes/2/indices/test/0/index/segments_2"))))
	at org.apache.lucene.index.SegmentInfos.readCommit(SegmentInfos.java:368)
	at org.apache.lucene.index.SegmentInfos$1.doBody(SegmentInfos.java:493)
	at org.apache.lucene.index.SegmentInfos$1.doBody(SegmentInfos.java:490)
	at org.apache.lucene.index.SegmentInfos$FindSegmentsFile.run(SegmentInfos.java:731)
	at org.apache.lucene.index.SegmentInfos$FindSegmentsFile.run(SegmentInfos.java:683)
	at org.apache.lucene.index.SegmentInfos.readLatestCommit(SegmentInfos.java:495)
	at org.elasticsearch.common.lucene.Lucene.readSegmentInfos(Lucene.java:123)
	at org.elasticsearch.index.store.Store.readSegmentsInfo(Store.java:196)
	at org.elasticsearch.index.store.Store.access$200(Store.java:122)
	at org.elasticsearch.index.store.Store$MetadataSnapshot.loadMetadata(Store.java:845)
	at org.elasticsearch.index.store.Store$MetadataSnapshot.<init>(Store.java:794)
	at org.elasticsearch.index.store.Store.getMetadata(Store.java:266)
	at org.elasticsearch.index.store.Store.getMetadataOrEmpty(Store.java:225)
	at org.elasticsearch.indices.store.TransportNodesListShardStoreMetaData.listStoreMetaData(TransportNodesListShardStoreMetaData.java:164)
	at org.elasticsearch.indices.store.TransportNodesListShardStoreMetaData.nodeOperation(TransportNodesListShardStoreMetaData.java:145)
	... 10 more
[2016-04-18 03:02:59,222][WARN ][org.elasticsearch.index  ] [node_s2] [test] [index.merge.enabled] is set to false, this should only be used in tests and can cause serious problems in production environments
[2016-04-18 03:02:59,223][WARN ][org.elasticsearch.gateway] [node_s0] [test][0]: failed to list shard for shard_store on node [o5bG6oNsRri7DU85X9tRaw]
FailedNodeException[Failed node [o5bG6oNsRri7DU85X9tRaw]]; nested: RemoteTransportException[[node_s0][local[172]][internal:cluster/nodes/indices/shard/store[n]]]; nested: ElasticsearchException[Failed to list store metadata for shard [[test][0]]]; nested: CorruptIndexException[invalid deletion count: 65536 vs maxDoc=656 (resource=BufferedChecksumIndexInput(MockIndexInputWrapper(NIOFSIndexInput(path="/Users/lwiskowski/CSE2410_spring2016_projectileDysfunction/core/build/testrun/integTest/J2/temp/org.elasticsearch.index.store.CorruptedFileIT_AF876320E2D19F69-001/tempDir-001/data/SUITE-CHILD_VM=[2]-CLUSTER_SEED=[-8313708514896918260]-HASH=[263D6451D50F]-cluster/nodes/2/indices/test/0/index/segments_2"))))];
	at org.elasticsearch.action.support.nodes.TransportNodesAction$AsyncAction.onFailure(TransportNodesAction.java:208)
	at org.elasticsearch.action.support.nodes.TransportNodesAction$AsyncAction.access$700(TransportNodesAction.java:109)
	at org.elasticsearch.action.support.nodes.TransportNodesAction$AsyncAction$2.handleException(TransportNodesAction.java:181)
	at org.elasticsearch.transport.local.LocalTransport.handleException(LocalTransport.java:370)
	at org.elasticsearch.transport.local.LocalTransport.handlerResponseError(LocalTransport.java:361)
	at org.elasticsearch.transport.local.LocalTransport.messageReceived(LocalTransport.java:257)
	at org.elasticsearch.transport.local.LocalTransportChannel$2.run(LocalTransportChannel.java:103)
	at java.util.concurrent.ThreadPoolExecutor.runWorker(ThreadPoolExecutor.java:1142)
	at java.util.concurrent.ThreadPoolExecutor$Worker.run(ThreadPoolExecutor.java:617)
	at java.lang.Thread.run(Thread.java:745)
Caused by: RemoteTransportException[[node_s0][local[172]][internal:cluster/nodes/indices/shard/store[n]]]; nested: ElasticsearchException[Failed to list store metadata for shard [[test][0]]]; nested: CorruptIndexException[invalid deletion count: 65536 vs maxDoc=656 (resource=BufferedChecksumIndexInput(MockIndexInputWrapper(NIOFSIndexInput(path="/Users/lwiskowski/CSE2410_spring2016_projectileDysfunction/core/build/testrun/integTest/J2/temp/org.elasticsearch.index.store.CorruptedFileIT_AF876320E2D19F69-001/tempDir-001/data/SUITE-CHILD_VM=[2]-CLUSTER_SEED=[-8313708514896918260]-HASH=[263D6451D50F]-cluster/nodes/2/indices/test/0/index/segments_2"))))];
Caused by: ElasticsearchException[Failed to list store metadata for shard [[test][0]]]; nested: CorruptIndexException[invalid deletion count: 65536 vs maxDoc=656 (resource=BufferedChecksumIndexInput(MockIndexInputWrapper(NIOFSIndexInput(path="/Users/lwiskowski/CSE2410_spring2016_projectileDysfunction/core/build/testrun/integTest/J2/temp/org.elasticsearch.index.store.CorruptedFileIT_AF876320E2D19F69-001/tempDir-001/data/SUITE-CHILD_VM=[2]-CLUSTER_SEED=[-8313708514896918260]-HASH=[263D6451D50F]-cluster/nodes/2/indices/test/0/index/segments_2"))))];
	at org.elasticsearch.indices.store.TransportNodesListShardStoreMetaData.nodeOperation(TransportNodesListShardStoreMetaData.java:147)
	at org.elasticsearch.indices.store.TransportNodesListShardStoreMetaData.nodeOperation(TransportNodesListShardStoreMetaData.java:70)
	at org.elasticsearch.action.support.nodes.TransportNodesAction$NodeTransportHandler.messageReceived(TransportNodesAction.java:232)
	at org.elasticsearch.action.support.nodes.TransportNodesAction$NodeTransportHandler.messageReceived(TransportNodesAction.java:228)
	at org.elasticsearch.transport.TransportRequestHandler.messageReceived(TransportRequestHandler.java:33)
	at org.elasticsearch.transport.RequestHandlerRegistry.processMessageReceived(RequestHandlerRegistry.java:65)
	at org.elasticsearch.transport.local.LocalTransport$2.doRun(LocalTransport.java:296)
	at org.elasticsearch.common.util.concurrent.AbstractRunnable.run(AbstractRunnable.java:37)
	at java.util.concurrent.ThreadPoolExecutor.runWorker(ThreadPoolExecutor.java:1142)
	at java.util.concurrent.ThreadPoolExecutor$Worker.run(ThreadPoolExecutor.java:617)
	at java.lang.Thread.run(Thread.java:745)
Caused by: org.apache.lucene.index.CorruptIndexException: invalid deletion count: 65536 vs maxDoc=656 (resource=BufferedChecksumIndexInput(MockIndexInputWrapper(NIOFSIndexInput(path="/Users/lwiskowski/CSE2410_spring2016_projectileDysfunction/core/build/testrun/integTest/J2/temp/org.elasticsearch.index.store.CorruptedFileIT_AF876320E2D19F69-001/tempDir-001/data/SUITE-CHILD_VM=[2]-CLUSTER_SEED=[-8313708514896918260]-HASH=[263D6451D50F]-cluster/nodes/2/indices/test/0/index/segments_2"))))
	at org.apache.lucene.index.SegmentInfos.readCommit(SegmentInfos.java:368)
	at org.apache.lucene.index.SegmentInfos$1.doBody(SegmentInfos.java:493)
	at org.apache.lucene.index.SegmentInfos$1.doBody(SegmentInfos.java:490)
	at org.apache.lucene.index.SegmentInfos$FindSegmentsFile.run(SegmentInfos.java:731)
	at org.apache.lucene.index.SegmentInfos$FindSegmentsFile.run(SegmentInfos.java:683)
	at org.apache.lucene.index.SegmentInfos.readLatestCommit(SegmentInfos.java:495)
	at org.elasticsearch.common.lucene.Lucene.readSegmentInfos(Lucene.java:123)
	at org.elasticsearch.index.store.Store.readSegmentsInfo(Store.java:196)
	at org.elasticsearch.index.store.Store.access$200(Store.java:122)
	at org.elasticsearch.index.store.Store$MetadataSnapshot.loadMetadata(Store.java:845)
	at org.elasticsearch.index.store.Store$MetadataSnapshot.<init>(Store.java:794)
	at org.elasticsearch.index.store.Store.getMetadata(Store.java:266)
	at org.elasticsearch.index.store.Store.getMetadataOrEmpty(Store.java:225)
	at org.elasticsearch.indices.store.TransportNodesListShardStoreMetaData.listStoreMetaData(TransportNodesListShardStoreMetaData.java:164)
	at org.elasticsearch.indices.store.TransportNodesListShardStoreMetaData.nodeOperation(TransportNodesListShardStoreMetaData.java:145)
	... 10 more
[2016-04-18 03:02:59,224][WARN ][org.elasticsearch.index  ] [node_s2] [test] [index.merge.enabled] is set to false, this should only be used in tests and can cause serious problems in production environments
[2016-04-18 03:02:59,225][WARN ][org.elasticsearch.gateway] [node_s0] [test][0]: failed to list shard for shard_store on node [o5bG6oNsRri7DU85X9tRaw]
FailedNodeException[Failed node [o5bG6oNsRri7DU85X9tRaw]]; nested: RemoteTransportException[[node_s0][local[172]][internal:cluster/nodes/indices/shard/store[n]]]; nested: ElasticsearchException[Failed to list store metadata for shard [[test][0]]]; nested: CorruptIndexException[invalid deletion count: 65536 vs maxDoc=656 (resource=BufferedChecksumIndexInput(MockIndexInputWrapper(NIOFSIndexInput(path="/Users/lwiskowski/CSE2410_spring2016_projectileDysfunction/core/build/testrun/integTest/J2/temp/org.elasticsearch.index.store.CorruptedFileIT_AF876320E2D19F69-001/tempDir-001/data/SUITE-CHILD_VM=[2]-CLUSTER_SEED=[-8313708514896918260]-HASH=[263D6451D50F]-cluster/nodes/2/indices/test/0/index/segments_2"))))];
	at org.elasticsearch.action.support.nodes.TransportNodesAction$AsyncAction.onFailure(TransportNodesAction.java:208)
	at org.elasticsearch.action.support.nodes.TransportNodesAction$AsyncAction.access$700(TransportNodesAction.java:109)
	at org.elasticsearch.action.support.nodes.TransportNodesAction$AsyncAction$2.handleException(TransportNodesAction.java:181)
	at org.elasticsearch.transport.local.LocalTransport.handleException(LocalTransport.java:370)
	at org.elasticsearch.transport.local.LocalTransport.handlerResponseError(LocalTransport.java:361)
	at org.elasticsearch.transport.local.LocalTransport.messageReceived(LocalTransport.java:257)
	at org.elasticsearch.transport.local.LocalTransportChannel$2.run(LocalTransportChannel.java:103)
	at java.util.concurrent.ThreadPoolExecutor.runWorker(ThreadPoolExecutor.java:1142)
	at java.util.concurrent.ThreadPoolExecutor$Worker.run(ThreadPoolExecutor.java:617)
	at java.lang.Thread.run(Thread.java:745)
Caused by: RemoteTransportException[[node_s0][local[172]][internal:cluster/nodes/indices/shard/store[n]]]; nested: ElasticsearchException[Failed to list store metadata for shard [[test][0]]]; nested: CorruptIndexException[invalid deletion count: 65536 vs maxDoc=656 (resource=BufferedChecksumIndexInput(MockIndexInputWrapper(NIOFSIndexInput(path="/Users/lwiskowski/CSE2410_spring2016_projectileDysfunction/core/build/testrun/integTest/J2/temp/org.elasticsearch.index.store.CorruptedFileIT_AF876320E2D19F69-001/tempDir-001/data/SUITE-CHILD_VM=[2]-CLUSTER_SEED=[-8313708514896918260]-HASH=[263D6451D50F]-cluster/nodes/2/indices/test/0/index/segments_2"))))];
Caused by: ElasticsearchException[Failed to list store metadata for shard [[test][0]]]; nested: CorruptIndexException[invalid deletion count: 65536 vs maxDoc=656 (resource=BufferedChecksumIndexInput(MockIndexInputWrapper(NIOFSIndexInput(path="/Users/lwiskowski/CSE2410_spring2016_projectileDysfunction/core/build/testrun/integTest/J2/temp/org.elasticsearch.index.store.CorruptedFileIT_AF876320E2D19F69-001/tempDir-001/data/SUITE-CHILD_VM=[2]-CLUSTER_SEED=[-8313708514896918260]-HASH=[263D6451D50F]-cluster/nodes/2/indices/test/0/index/segments_2"))))];
	at org.elasticsearch.indices.store.TransportNodesListShardStoreMetaData.nodeOperation(TransportNodesListShardStoreMetaData.java:147)
	at org.elasticsearch.indices.store.TransportNodesListShardStoreMetaData.nodeOperation(TransportNodesListShardStoreMetaData.java:70)
	at org.elasticsearch.action.support.nodes.TransportNodesAction$NodeTransportHandler.messageReceived(TransportNodesAction.java:232)
	at org.elasticsearch.action.support.nodes.TransportNodesAction$NodeTransportHandler.messageReceived(TransportNodesAction.java:228)
	at org.elasticsearch.transport.TransportRequestHandler.messageReceived(TransportRequestHandler.java:33)
	at org.elasticsearch.transport.RequestHandlerRegistry.processMessageReceived(RequestHandlerRegistry.java:65)
	at org.elasticsearch.transport.local.LocalTransport$2.doRun(LocalTransport.java:296)
	at org.elasticsearch.common.util.concurrent.AbstractRunnable.run(AbstractRunnable.java:37)
	at java.util.concurrent.ThreadPoolExecutor.runWorker(ThreadPoolExecutor.java:1142)
	at java.util.concurrent.ThreadPoolExecutor$Worker.run(ThreadPoolExecutor.java:617)
	at java.lang.Thread.run(Thread.java:745)
Caused by: org.apache.lucene.index.CorruptIndexException: invalid deletion count: 65536 vs maxDoc=656 (resource=BufferedChecksumIndexInput(MockIndexInputWrapper(NIOFSIndexInput(path="/Users/lwiskowski/CSE2410_spring2016_projectileDysfunction/core/build/testrun/integTest/J2/temp/org.elasticsearch.index.store.CorruptedFileIT_AF876320E2D19F69-001/tempDir-001/data/SUITE-CHILD_VM=[2]-CLUSTER_SEED=[-8313708514896918260]-HASH=[263D6451D50F]-cluster/nodes/2/indices/test/0/index/segments_2"))))
	at org.apache.lucene.index.SegmentInfos.readCommit(SegmentInfos.java:368)
	at org.apache.lucene.index.SegmentInfos$1.doBody(SegmentInfos.java:493)
	at org.apache.lucene.index.SegmentInfos$1.doBody(SegmentInfos.java:490)
	at org.apache.lucene.index.SegmentInfos$FindSegmentsFile.run(SegmentInfos.java:731)
	at org.apache.lucene.index.SegmentInfos$FindSegmentsFile.run(SegmentInfos.java:683)
	at org.apache.lucene.index.SegmentInfos.readLatestCommit(SegmentInfos.java:495)
	at org.elasticsearch.common.lucene.Lucene.readSegmentInfos(Lucene.java:123)
	at org.elasticsearch.index.store.Store.readSegmentsInfo(Store.java:196)
	at org.elasticsearch.index.store.Store.access$200(Store.java:122)
	at org.elasticsearch.index.store.Store$MetadataSnapshot.loadMetadata(Store.java:845)
	at org.elasticsearch.index.store.Store$MetadataSnapshot.<init>(Store.java:794)
	at org.elasticsearch.index.store.Store.getMetadata(Store.java:266)
	at org.elasticsearch.index.store.Store.getMetadataOrEmpty(Store.java:225)
	at org.elasticsearch.indices.store.TransportNodesListShardStoreMetaData.listStoreMetaData(TransportNodesListShardStoreMetaData.java:164)
	at org.elasticsearch.indices.store.TransportNodesListShardStoreMetaData.nodeOperation(TransportNodesListShardStoreMetaData.java:145)
	... 10 more
[2016-04-18 03:02:59,226][WARN ][org.elasticsearch.index  ] [node_s2] [test] [index.merge.enabled] is set to false, this should only be used in tests and can cause serious problems in production environments
[2016-04-18 03:02:59,228][WARN ][org.elasticsearch.gateway] [node_s0] [test][0]: failed to list shard for shard_store on node [o5bG6oNsRri7DU85X9tRaw]
FailedNodeException[Failed node [o5bG6oNsRri7DU85X9tRaw]]; nested: RemoteTransportException[[node_s0][local[172]][internal:cluster/nodes/indices/shard/store[n]]]; nested: ElasticsearchException[Failed to list store metadata for shard [[test][0]]]; nested: CorruptIndexException[invalid deletion count: 65536 vs maxDoc=656 (resource=BufferedChecksumIndexInput(MockIndexInputWrapper(NIOFSIndexInput(path="/Users/lwiskowski/CSE2410_spring2016_projectileDysfunction/core/build/testrun/integTest/J2/temp/org.elasticsearch.index.store.CorruptedFileIT_AF876320E2D19F69-001/tempDir-001/data/SUITE-CHILD_VM=[2]-CLUSTER_SEED=[-8313708514896918260]-HASH=[263D6451D50F]-cluster/nodes/2/indices/test/0/index/segments_2"))))];
	at org.elasticsearch.action.support.nodes.TransportNodesAction$AsyncAction.onFailure(TransportNodesAction.java:208)
	at org.elasticsearch.action.support.nodes.TransportNodesAction$AsyncAction.access$700(TransportNodesAction.java:109)
	at org.elasticsearch.action.support.nodes.TransportNodesAction$AsyncAction$2.handleException(TransportNodesAction.java:181)
	at org.elasticsearch.transport.local.LocalTransport.handleException(LocalTransport.java:370)
	at org.elasticsearch.transport.local.LocalTransport.handlerResponseError(LocalTransport.java:361)
	at org.elasticsearch.transport.local.LocalTransport.messageReceived(LocalTransport.java:257)
	at org.elasticsearch.transport.local.LocalTransportChannel$2.run(LocalTransportChannel.java:103)
	at java.util.concurrent.ThreadPoolExecutor.runWorker(ThreadPoolExecutor.java:1142)
	at java.util.concurrent.ThreadPoolExecutor$Worker.run(ThreadPoolExecutor.java:617)
	at java.lang.Thread.run(Thread.java:745)
Caused by: RemoteTransportException[[node_s0][local[172]][internal:cluster/nodes/indices/shard/store[n]]]; nested: ElasticsearchException[Failed to list store metadata for shard [[test][0]]]; nested: CorruptIndexException[invalid deletion count: 65536 vs maxDoc=656 (resource=BufferedChecksumIndexInput(MockIndexInputWrapper(NIOFSIndexInput(path="/Users/lwiskowski/CSE2410_spring2016_projectileDysfunction/core/build/testrun/integTest/J2/temp/org.elasticsearch.index.store.CorruptedFileIT_AF876320E2D19F69-001/tempDir-001/data/SUITE-CHILD_VM=[2]-CLUSTER_SEED=[-8313708514896918260]-HASH=[263D6451D50F]-cluster/nodes/2/indices/test/0/index/segments_2"))))];
Caused by: ElasticsearchException[Failed to list store metadata for shard [[test][0]]]; nested: CorruptIndexException[invalid deletion count: 65536 vs maxDoc=656 (resource=BufferedChecksumIndexInput(MockIndexInputWrapper(NIOFSIndexInput(path="/Users/lwiskowski/CSE2410_spring2016_projectileDysfunction/core/build/testrun/integTest/J2/temp/org.elasticsearch.index.store.CorruptedFileIT_AF876320E2D19F69-001/tempDir-001/data/SUITE-CHILD_VM=[2]-CLUSTER_SEED=[-8313708514896918260]-HASH=[263D6451D50F]-cluster/nodes/2/indices/test/0/index/segments_2"))))];
	at org.elasticsearch.indices.store.TransportNodesListShardStoreMetaData.nodeOperation(TransportNodesListShardStoreMetaData.java:147)
	at org.elasticsearch.indices.store.TransportNodesListShardStoreMetaData.nodeOperation(TransportNodesListShardStoreMetaData.java:70)
	at org.elasticsearch.action.support.nodes.TransportNodesAction$NodeTransportHandler.messageReceived(TransportNodesAction.java:232)
	at org.elasticsearch.action.support.nodes.TransportNodesAction$NodeTransportHandler.messageReceived(TransportNodesAction.java:228)
	at org.elasticsearch.transport.TransportRequestHandler.messageReceived(TransportRequestHandler.java:33)
	at org.elasticsearch.transport.RequestHandlerRegistry.processMessageReceived(RequestHandlerRegistry.java:65)
	at org.elasticsearch.transport.local.LocalTransport$2.doRun(LocalTransport.java:296)
	at org.elasticsearch.common.util.concurrent.AbstractRunnable.run(AbstractRunnable.java:37)
	at java.util.concurrent.ThreadPoolExecutor.runWorker(ThreadPoolExecutor.java:1142)
	at java.util.concurrent.ThreadPoolExecutor$Worker.run(ThreadPoolExecutor.java:617)
	at java.lang.Thread.run(Thread.java:745)
Caused by: org.apache.lucene.index.CorruptIndexException: invalid deletion count: 65536 vs maxDoc=656 (resource=BufferedChecksumIndexInput(MockIndexInputWrapper(NIOFSIndexInput(path="/Users/lwiskowski/CSE2410_spring2016_projectileDysfunction/core/build/testrun/integTest/J2/temp/org.elasticsearch.index.store.CorruptedFileIT_AF876320E2D19F69-001/tempDir-001/data/SUITE-CHILD_VM=[2]-CLUSTER_SEED=[-8313708514896918260]-HASH=[263D6451D50F]-cluster/nodes/2/indices/test/0/index/segments_2"))))
	at org.apache.lucene.index.SegmentInfos.readCommit(SegmentInfos.java:368)
	at org.apache.lucene.index.SegmentInfos$1.doBody(SegmentInfos.java:493)
	at org.apache.lucene.index.SegmentInfos$1.doBody(SegmentInfos.java:490)
	at org.apache.lucene.index.SegmentInfos$FindSegmentsFile.run(SegmentInfos.java:731)
	at org.apache.lucene.index.SegmentInfos$FindSegmentsFile.run(SegmentInfos.java:683)
	at org.apache.lucene.index.SegmentInfos.readLatestCommit(SegmentInfos.java:495)
	at org.elasticsearch.common.lucene.Lucene.readSegmentInfos(Lucene.java:123)
	at org.elasticsearch.index.store.Store.readSegmentsInfo(Store.java:196)
	at org.elasticsearch.index.store.Store.access$200(Store.java:122)
	at org.elasticsearch.index.store.Store$MetadataSnapshot.loadMetadata(Store.java:845)
	at org.elasticsearch.index.store.Store$MetadataSnapshot.<init>(Store.java:794)
	at org.elasticsearch.index.store.Store.getMetadata(Store.java:266)
	at org.elasticsearch.index.store.Store.getMetadataOrEmpty(Store.java:225)
	at org.elasticsearch.indices.store.TransportNodesListShardStoreMetaData.listStoreMetaData(TransportNodesListShardStoreMetaData.java:164)
	at org.elasticsearch.indices.store.TransportNodesListShardStoreMetaData.nodeOperation(TransportNodesListShardStoreMetaData.java:145)
	... 10 more
[2016-04-18 03:02:59,229][WARN ][org.elasticsearch.index  ] [node_s2] [test] [index.merge.enabled] is set to false, this should only be used in tests and can cause serious problems in production environments
[2016-04-18 03:02:59,230][WARN ][org.elasticsearch.gateway] [node_s0] [test][0]: failed to list shard for shard_store on node [o5bG6oNsRri7DU85X9tRaw]
FailedNodeException[Failed node [o5bG6oNsRri7DU85X9tRaw]]; nested: RemoteTransportException[[node_s0][local[172]][internal:cluster/nodes/indices/shard/store[n]]]; nested: ElasticsearchException[Failed to list store metadata for shard [[test][0]]]; nested: CorruptIndexException[invalid deletion count: 65536 vs maxDoc=656 (resource=BufferedChecksumIndexInput(MockIndexInputWrapper(NIOFSIndexInput(path="/Users/lwiskowski/CSE2410_spring2016_projectileDysfunction/core/build/testrun/integTest/J2/temp/org.elasticsearch.index.store.CorruptedFileIT_AF876320E2D19F69-001/tempDir-001/data/SUITE-CHILD_VM=[2]-CLUSTER_SEED=[-8313708514896918260]-HASH=[263D6451D50F]-cluster/nodes/2/indices/test/0/index/segments_2"))))];
	at org.elasticsearch.action.support.nodes.TransportNodesAction$AsyncAction.onFailure(TransportNodesAction.java:208)
	at org.elasticsearch.action.support.nodes.TransportNodesAction$AsyncAction.access$700(TransportNodesAction.java:109)
	at org.elasticsearch.action.support.nodes.TransportNodesAction$AsyncAction$2.handleException(TransportNodesAction.java:181)
	at org.elasticsearch.transport.local.LocalTransport.handleException(LocalTransport.java:370)
	at org.elasticsearch.transport.local.LocalTransport.handlerResponseError(LocalTransport.java:361)
	at org.elasticsearch.transport.local.LocalTransport.messageReceived(LocalTransport.java:257)
	at org.elasticsearch.transport.local.LocalTransportChannel$2.run(LocalTransportChannel.java:103)
	at java.util.concurrent.ThreadPoolExecutor.runWorker(ThreadPoolExecutor.java:1142)
	at java.util.concurrent.ThreadPoolExecutor$Worker.run(ThreadPoolExecutor.java:617)
	at java.lang.Thread.run(Thread.java:745)
Caused by: RemoteTransportException[[node_s0][local[172]][internal:cluster/nodes/indices/shard/store[n]]]; nested: ElasticsearchException[Failed to list store metadata for shard [[test][0]]]; nested: CorruptIndexException[invalid deletion count: 65536 vs maxDoc=656 (resource=BufferedChecksumIndexInput(MockIndexInputWrapper(NIOFSIndexInput(path="/Users/lwiskowski/CSE2410_spring2016_projectileDysfunction/core/build/testrun/integTest/J2/temp/org.elasticsearch.index.store.CorruptedFileIT_AF876320E2D19F69-001/tempDir-001/data/SUITE-CHILD_VM=[2]-CLUSTER_SEED=[-8313708514896918260]-HASH=[263D6451D50F]-cluster/nodes/2/indices/test/0/index/segments_2"))))];
Caused by: ElasticsearchException[Failed to list store metadata for shard [[test][0]]]; nested: CorruptIndexException[invalid deletion count: 65536 vs maxDoc=656 (resource=BufferedChecksumIndexInput(MockIndexInputWrapper(NIOFSIndexInput(path="/Users/lwiskowski/CSE2410_spring2016_projectileDysfunction/core/build/testrun/integTest/J2/temp/org.elasticsearch.index.store.CorruptedFileIT_AF876320E2D19F69-001/tempDir-001/data/SUITE-CHILD_VM=[2]-CLUSTER_SEED=[-8313708514896918260]-HASH=[263D6451D50F]-cluster/nodes/2/indices/test/0/index/segments_2"))))];
	at org.elasticsearch.indices.store.TransportNodesListShardStoreMetaData.nodeOperation(TransportNodesListShardStoreMetaData.java:147)
	at org.elasticsearch.indices.store.TransportNodesListShardStoreMetaData.nodeOperation(TransportNodesListShardStoreMetaData.java:70)
	at org.elasticsearch.action.support.nodes.TransportNodesAction$NodeTransportHandler.messageReceived(TransportNodesAction.java:232)
	at org.elasticsearch.action.support.nodes.TransportNodesAction$NodeTransportHandler.messageReceived(TransportNodesAction.java:228)
	at org.elasticsearch.transport.TransportRequestHandler.messageReceived(TransportRequestHandler.java:33)
	at org.elasticsearch.transport.RequestHandlerRegistry.processMessageReceived(RequestHandlerRegistry.java:65)
	at org.elasticsearch.transport.local.LocalTransport$2.doRun(LocalTransport.java:296)
	at org.elasticsearch.common.util.concurrent.AbstractRunnable.run(AbstractRunnable.java:37)
	at java.util.concurrent.ThreadPoolExecutor.runWorker(ThreadPoolExecutor.java:1142)
	at java.util.concurrent.ThreadPoolExecutor$Worker.run(ThreadPoolExecutor.java:617)
	at java.lang.Thread.run(Thread.java:745)
Caused by: org.apache.lucene.index.CorruptIndexException: invalid deletion count: 65536 vs maxDoc=656 (resource=BufferedChecksumIndexInput(MockIndexInputWrapper(NIOFSIndexInput(path="/Users/lwiskowski/CSE2410_spring2016_projectileDysfunction/core/build/testrun/integTest/J2/temp/org.elasticsearch.index.store.CorruptedFileIT_AF876320E2D19F69-001/tempDir-001/data/SUITE-CHILD_VM=[2]-CLUSTER_SEED=[-8313708514896918260]-HASH=[263D6451D50F]-cluster/nodes/2/indices/test/0/index/segments_2"))))
	at org.apache.lucene.index.SegmentInfos.readCommit(SegmentInfos.java:368)
	at org.apache.lucene.index.SegmentInfos$1.doBody(SegmentInfos.java:493)
	at org.apache.lucene.index.SegmentInfos$1.doBody(SegmentInfos.java:490)
	at org.apache.lucene.index.SegmentInfos$FindSegmentsFile.run(SegmentInfos.java:731)
	at org.apache.lucene.index.SegmentInfos$FindSegmentsFile.run(SegmentInfos.java:683)
	at org.apache.lucene.index.SegmentInfos.readLatestCommit(SegmentInfos.java:495)
	at org.elasticsearch.common.lucene.Lucene.readSegmentInfos(Lucene.java:123)
	at org.elasticsearch.index.store.Store.readSegmentsInfo(Store.java:196)
	at org.elasticsearch.index.store.Store.access$200(Store.java:122)
	at org.elasticsearch.index.store.Store$MetadataSnapshot.loadMetadata(Store.java:845)
	at org.elasticsearch.index.store.Store$MetadataSnapshot.<init>(Store.java:794)
	at org.elasticsearch.index.store.Store.getMetadata(Store.java:266)
	at org.elasticsearch.index.store.Store.getMetadataOrEmpty(Store.java:225)
	at org.elasticsearch.indices.store.TransportNodesListShardStoreMetaData.listStoreMetaData(TransportNodesListShardStoreMetaData.java:164)
	at org.elasticsearch.indices.store.TransportNodesListShardStoreMetaData.nodeOperation(TransportNodesListShardStoreMetaData.java:145)
	... 10 more
[2016-04-18 03:02:59,232][WARN ][org.elasticsearch.index  ] [node_s2] [test] [index.merge.enabled] is set to false, this should only be used in tests and can cause serious problems in production environments
[2016-04-18 03:02:59,233][WARN ][org.elasticsearch.gateway] [node_s0] [test][0]: failed to list shard for shard_store on node [o5bG6oNsRri7DU85X9tRaw]
FailedNodeException[Failed node [o5bG6oNsRri7DU85X9tRaw]]; nested: RemoteTransportException[[node_s0][local[172]][internal:cluster/nodes/indices/shard/store[n]]]; nested: ElasticsearchException[Failed to list store metadata for shard [[test][0]]]; nested: CorruptIndexException[invalid deletion count: 65536 vs maxDoc=656 (resource=BufferedChecksumIndexInput(MockIndexInputWrapper(NIOFSIndexInput(path="/Users/lwiskowski/CSE2410_spring2016_projectileDysfunction/core/build/testrun/integTest/J2/temp/org.elasticsearch.index.store.CorruptedFileIT_AF876320E2D19F69-001/tempDir-001/data/SUITE-CHILD_VM=[2]-CLUSTER_SEED=[-8313708514896918260]-HASH=[263D6451D50F]-cluster/nodes/2/indices/test/0/index/segments_2"))))];
	at org.elasticsearch.action.support.nodes.TransportNodesAction$AsyncAction.onFailure(TransportNodesAction.java:208)
	at org.elasticsearch.action.support.nodes.TransportNodesAction$AsyncAction.access$700(TransportNodesAction.java:109)
	at org.elasticsearch.action.support.nodes.TransportNodesAction$AsyncAction$2.handleException(TransportNodesAction.java:181)
	at org.elasticsearch.transport.local.LocalTransport.handleException(LocalTransport.java:370)
	at org.elasticsearch.transport.local.LocalTransport.handlerResponseError(LocalTransport.java:361)
	at org.elasticsearch.transport.local.LocalTransport.messageReceived(LocalTransport.java:257)
	at org.elasticsearch.transport.local.LocalTransportChannel$2.run(LocalTransportChannel.java:103)
	at java.util.concurrent.ThreadPoolExecutor.runWorker(ThreadPoolExecutor.java:1142)
	at java.util.concurrent.ThreadPoolExecutor$Worker.run(ThreadPoolExecutor.java:617)
	at java.lang.Thread.run(Thread.java:745)
Caused by: RemoteTransportException[[node_s0][local[172]][internal:cluster/nodes/indices/shard/store[n]]]; nested: ElasticsearchException[Failed to list store metadata for shard [[test][0]]]; nested: CorruptIndexException[invalid deletion count: 65536 vs maxDoc=656 (resource=BufferedChecksumIndexInput(MockIndexInputWrapper(NIOFSIndexInput(path="/Users/lwiskowski/CSE2410_spring2016_projectileDysfunction/core/build/testrun/integTest/J2/temp/org.elasticsearch.index.store.CorruptedFileIT_AF876320E2D19F69-001/tempDir-001/data/SUITE-CHILD_VM=[2]-CLUSTER_SEED=[-8313708514896918260]-HASH=[263D6451D50F]-cluster/nodes/2/indices/test/0/index/segments_2"))))];
Caused by: ElasticsearchException[Failed to list store metadata for shard [[test][0]]]; nested: CorruptIndexException[invalid deletion count: 65536 vs maxDoc=656 (resource=BufferedChecksumIndexInput(MockIndexInputWrapper(NIOFSIndexInput(path="/Users/lwiskowski/CSE2410_spring2016_projectileDysfunction/core/build/testrun/integTest/J2/temp/org.elasticsearch.index.store.CorruptedFileIT_AF876320E2D19F69-001/tempDir-001/data/SUITE-CHILD_VM=[2]-CLUSTER_SEED=[-8313708514896918260]-HASH=[263D6451D50F]-cluster/nodes/2/indices/test/0/index/segments_2"))))];
	at org.elasticsearch.indices.store.TransportNodesListShardStoreMetaData.nodeOperation(TransportNodesListShardStoreMetaData.java:147)
	at org.elasticsearch.indices.store.TransportNodesListShardStoreMetaData.nodeOperation(TransportNodesListShardStoreMetaData.java:70)
	at org.elasticsearch.action.support.nodes.TransportNodesAction$NodeTransportHandler.messageReceived(TransportNodesAction.java:232)
	at org.elasticsearch.action.support.nodes.TransportNodesAction$NodeTransportHandler.messageReceived(TransportNodesAction.java:228)
	at org.elasticsearch.transport.TransportRequestHandler.messageReceived(TransportRequestHandler.java:33)
	at org.elasticsearch.transport.RequestHandlerRegistry.processMessageReceived(RequestHandlerRegistry.java:65)
	at org.elasticsearch.transport.local.LocalTransport$2.doRun(LocalTransport.java:296)
	at org.elasticsearch.common.util.concurrent.AbstractRunnable.run(AbstractRunnable.java:37)
	at java.util.concurrent.ThreadPoolExecutor.runWorker(ThreadPoolExecutor.java:1142)
	at java.util.concurrent.ThreadPoolExecutor$Worker.run(ThreadPoolExecutor.java:617)
	at java.lang.Thread.run(Thread.java:745)
Caused by: org.apache.lucene.index.CorruptIndexException: invalid deletion count: 65536 vs maxDoc=656 (resource=BufferedChecksumIndexInput(MockIndexInputWrapper(NIOFSIndexInput(path="/Users/lwiskowski/CSE2410_spring2016_projectileDysfunction/core/build/testrun/integTest/J2/temp/org.elasticsearch.index.store.CorruptedFileIT_AF876320E2D19F69-001/tempDir-001/data/SUITE-CHILD_VM=[2]-CLUSTER_SEED=[-8313708514896918260]-HASH=[263D6451D50F]-cluster/nodes/2/indices/test/0/index/segments_2"))))
	at org.apache.lucene.index.SegmentInfos.readCommit(SegmentInfos.java:368)
	at org.apache.lucene.index.SegmentInfos$1.doBody(SegmentInfos.java:493)
	at org.apache.lucene.index.SegmentInfos$1.doBody(SegmentInfos.java:490)
	at org.apache.lucene.index.SegmentInfos$FindSegmentsFile.run(SegmentInfos.java:731)
	at org.apache.lucene.index.SegmentInfos$FindSegmentsFile.run(SegmentInfos.java:683)
	at org.apache.lucene.index.SegmentInfos.readLatestCommit(SegmentInfos.java:495)
	at org.elasticsearch.common.lucene.Lucene.readSegmentInfos(Lucene.java:123)
	at org.elasticsearch.index.store.Store.readSegmentsInfo(Store.java:196)
	at org.elasticsearch.index.store.Store.access$200(Store.java:122)
	at org.elasticsearch.index.store.Store$MetadataSnapshot.loadMetadata(Store.java:845)
	at org.elasticsearch.index.store.Store$MetadataSnapshot.<init>(Store.java:794)
	at org.elasticsearch.index.store.Store.getMetadata(Store.java:266)
	at org.elasticsearch.index.store.Store.getMetadataOrEmpty(Store.java:225)
	at org.elasticsearch.indices.store.TransportNodesListShardStoreMetaData.listStoreMetaData(TransportNodesListShardStoreMetaData.java:164)
	at org.elasticsearch.indices.store.TransportNodesListShardStoreMetaData.nodeOperation(TransportNodesListShardStoreMetaData.java:145)
	... 10 more
[2016-04-18 03:02:59,234][WARN ][org.elasticsearch.index  ] [node_s2] [test] [index.merge.enabled] is set to false, this should only be used in tests and can cause serious problems in production environments
[2016-04-18 03:02:59,235][WARN ][org.elasticsearch.gateway] [node_s0] [test][0]: failed to list shard for shard_store on node [o5bG6oNsRri7DU85X9tRaw]
FailedNodeException[Failed node [o5bG6oNsRri7DU85X9tRaw]]; nested: RemoteTransportException[[node_s0][local[172]][internal:cluster/nodes/indices/shard/store[n]]]; nested: ElasticsearchException[Failed to list store metadata for shard [[test][0]]]; nested: CorruptIndexException[invalid deletion count: 65536 vs maxDoc=656 (resource=BufferedChecksumIndexInput(MockIndexInputWrapper(NIOFSIndexInput(path="/Users/lwiskowski/CSE2410_spring2016_projectileDysfunction/core/build/testrun/integTest/J2/temp/org.elasticsearch.index.store.CorruptedFileIT_AF876320E2D19F69-001/tempDir-001/data/SUITE-CHILD_VM=[2]-CLUSTER_SEED=[-8313708514896918260]-HASH=[263D6451D50F]-cluster/nodes/2/indices/test/0/index/segments_2"))))];
	at org.elasticsearch.action.support.nodes.TransportNodesAction$AsyncAction.onFailure(TransportNodesAction.java:208)
	at org.elasticsearch.action.support.nodes.TransportNodesAction$AsyncAction.access$700(TransportNodesAction.java:109)
	at org.elasticsearch.action.support.nodes.TransportNodesAction$AsyncAction$2.handleException(TransportNodesAction.java:181)
	at org.elasticsearch.transport.local.LocalTransport.handleException(LocalTransport.java:370)
	at org.elasticsearch.transport.local.LocalTransport.handlerResponseError(LocalTransport.java:361)
	at org.elasticsearch.transport.local.LocalTransport.messageReceived(LocalTransport.java:257)
	at org.elasticsearch.transport.local.LocalTransportChannel$2.run(LocalTransportChannel.java:103)
	at java.util.concurrent.ThreadPoolExecutor.runWorker(ThreadPoolExecutor.java:1142)
	at java.util.concurrent.ThreadPoolExecutor$Worker.run(ThreadPoolExecutor.java:617)
	at java.lang.Thread.run(Thread.java:745)
Caused by: RemoteTransportException[[node_s0][local[172]][internal:cluster/nodes/indices/shard/store[n]]]; nested: ElasticsearchException[Failed to list store metadata for shard [[test][0]]]; nested: CorruptIndexException[invalid deletion count: 65536 vs maxDoc=656 (resource=BufferedChecksumIndexInput(MockIndexInputWrapper(NIOFSIndexInput(path="/Users/lwiskowski/CSE2410_spring2016_projectileDysfunction/core/build/testrun/integTest/J2/temp/org.elasticsearch.index.store.CorruptedFileIT_AF876320E2D19F69-001/tempDir-001/data/SUITE-CHILD_VM=[2]-CLUSTER_SEED=[-8313708514896918260]-HASH=[263D6451D50F]-cluster/nodes/2/indices/test/0/index/segments_2"))))];
Caused by: ElasticsearchException[Failed to list store metadata for shard [[test][0]]]; nested: CorruptIndexException[invalid deletion count: 65536 vs maxDoc=656 (resource=BufferedChecksumIndexInput(MockIndexInputWrapper(NIOFSIndexInput(path="/Users/lwiskowski/CSE2410_spring2016_projectileDysfunction/core/build/testrun/integTest/J2/temp/org.elasticsearch.index.store.CorruptedFileIT_AF876320E2D19F69-001/tempDir-001/data/SUITE-CHILD_VM=[2]-CLUSTER_SEED=[-8313708514896918260]-HASH=[263D6451D50F]-cluster/nodes/2/indices/test/0/index/segments_2"))))];
	at org.elasticsearch.indices.store.TransportNodesListShardStoreMetaData.nodeOperation(TransportNodesListShardStoreMetaData.java:147)
	at org.elasticsearch.indices.store.TransportNodesListShardStoreMetaData.nodeOperation(TransportNodesListShardStoreMetaData.java:70)
	at org.elasticsearch.action.support.nodes.TransportNodesAction$NodeTransportHandler.messageReceived(TransportNodesAction.java:232)
	at org.elasticsearch.action.support.nodes.TransportNodesAction$NodeTransportHandler.messageReceived(TransportNodesAction.java:228)
	at org.elasticsearch.transport.TransportRequestHandler.messageReceived(TransportRequestHandler.java:33)
	at org.elasticsearch.transport.RequestHandlerRegistry.processMessageReceived(RequestHandlerRegistry.java:65)
	at org.elasticsearch.transport.local.LocalTransport$2.doRun(LocalTransport.java:296)
	at org.elasticsearch.common.util.concurrent.AbstractRunnable.run(AbstractRunnable.java:37)
	at java.util.concurrent.ThreadPoolExecutor.runWorker(ThreadPoolExecutor.java:1142)
	at java.util.concurrent.ThreadPoolExecutor$Worker.run(ThreadPoolExecutor.java:617)
	at java.lang.Thread.run(Thread.java:745)
Caused by: org.apache.lucene.index.CorruptIndexException: invalid deletion count: 65536 vs maxDoc=656 (resource=BufferedChecksumIndexInput(MockIndexInputWrapper(NIOFSIndexInput(path="/Users/lwiskowski/CSE2410_spring2016_projectileDysfunction/core/build/testrun/integTest/J2/temp/org.elasticsearch.index.store.CorruptedFileIT_AF876320E2D19F69-001/tempDir-001/data/SUITE-CHILD_VM=[2]-CLUSTER_SEED=[-8313708514896918260]-HASH=[263D6451D50F]-cluster/nodes/2/indices/test/0/index/segments_2"))))
	at org.apache.lucene.index.SegmentInfos.readCommit(SegmentInfos.java:368)
	at org.apache.lucene.index.SegmentInfos$1.doBody(SegmentInfos.java:493)
	at org.apache.lucene.index.SegmentInfos$1.doBody(SegmentInfos.java:490)
	at org.apache.lucene.index.SegmentInfos$FindSegmentsFile.run(SegmentInfos.java:731)
	at org.apache.lucene.index.SegmentInfos$FindSegmentsFile.run(SegmentInfos.java:683)
	at org.apache.lucene.index.SegmentInfos.readLatestCommit(SegmentInfos.java:495)
	at org.elasticsearch.common.lucene.Lucene.readSegmentInfos(Lucene.java:123)
	at org.elasticsearch.index.store.Store.readSegmentsInfo(Store.java:196)
	at org.elasticsearch.index.store.Store.access$200(Store.java:122)
	at org.elasticsearch.index.store.Store$MetadataSnapshot.loadMetadata(Store.java:845)
	at org.elasticsearch.index.store.Store$MetadataSnapshot.<init>(Store.java:794)
	at org.elasticsearch.index.store.Store.getMetadata(Store.java:266)
	at org.elasticsearch.index.store.Store.getMetadataOrEmpty(Store.java:225)
	at org.elasticsearch.indices.store.TransportNodesListShardStoreMetaData.listStoreMetaData(TransportNodesListShardStoreMetaData.java:164)
	at org.elasticsearch.indices.store.TransportNodesListShardStoreMetaData.nodeOperation(TransportNodesListShardStoreMetaData.java:145)
	... 10 more
[2016-04-18 03:02:59,237][WARN ][org.elasticsearch.index  ] [node_s2] [test] [index.merge.enabled] is set to false, this should only be used in tests and can cause serious problems in production environments
[2016-04-18 03:02:59,239][WARN ][org.elasticsearch.gateway] [node_s0] [test][0]: failed to list shard for shard_store on node [o5bG6oNsRri7DU85X9tRaw]
FailedNodeException[Failed node [o5bG6oNsRri7DU85X9tRaw]]; nested: RemoteTransportException[[node_s0][local[172]][internal:cluster/nodes/indices/shard/store[n]]]; nested: ElasticsearchException[Failed to list store metadata for shard [[test][0]]]; nested: CorruptIndexException[invalid deletion count: 65536 vs maxDoc=656 (resource=BufferedChecksumIndexInput(MockIndexInputWrapper(NIOFSIndexInput(path="/Users/lwiskowski/CSE2410_spring2016_projectileDysfunction/core/build/testrun/integTest/J2/temp/org.elasticsearch.index.store.CorruptedFileIT_AF876320E2D19F69-001/tempDir-001/data/SUITE-CHILD_VM=[2]-CLUSTER_SEED=[-8313708514896918260]-HASH=[263D6451D50F]-cluster/nodes/2/indices/test/0/index/segments_2"))))];
	at org.elasticsearch.action.support.nodes.TransportNodesAction$AsyncAction.onFailure(TransportNodesAction.java:208)
	at org.elasticsearch.action.support.nodes.TransportNodesAction$AsyncAction.access$700(TransportNodesAction.java:109)
	at org.elasticsearch.action.support.nodes.TransportNodesAction$AsyncAction$2.handleException(TransportNodesAction.java:181)
	at org.elasticsearch.transport.local.LocalTransport.handleException(LocalTransport.java:370)
	at org.elasticsearch.transport.local.LocalTransport.handlerResponseError(LocalTransport.java:361)
	at org.elasticsearch.transport.local.LocalTransport.messageReceived(LocalTransport.java:257)
	at org.elasticsearch.transport.local.LocalTransportChannel$2.run(LocalTransportChannel.java:103)
	at java.util.concurrent.ThreadPoolExecutor.runWorker(ThreadPoolExecutor.java:1142)
	at java.util.concurrent.ThreadPoolExecutor$Worker.run(ThreadPoolExecutor.java:617)
	at java.lang.Thread.run(Thread.java:745)
Caused by: RemoteTransportException[[node_s0][local[172]][internal:cluster/nodes/indices/shard/store[n]]]; nested: ElasticsearchException[Failed to list store metadata for shard [[test][0]]]; nested: CorruptIndexException[invalid deletion count: 65536 vs maxDoc=656 (resource=BufferedChecksumIndexInput(MockIndexInputWrapper(NIOFSIndexInput(path="/Users/lwiskowski/CSE2410_spring2016_projectileDysfunction/core/build/testrun/integTest/J2/temp/org.elasticsearch.index.store.CorruptedFileIT_AF876320E2D19F69-001/tempDir-001/data/SUITE-CHILD_VM=[2]-CLUSTER_SEED=[-8313708514896918260]-HASH=[263D6451D50F]-cluster/nodes/2/indices/test/0/index/segments_2"))))];
Caused by: ElasticsearchException[Failed to list store metadata for shard [[test][0]]]; nested: CorruptIndexException[invalid deletion count: 65536 vs maxDoc=656 (resource=BufferedChecksumIndexInput(MockIndexInputWrapper(NIOFSIndexInput(path="/Users/lwiskowski/CSE2410_spring2016_projectileDysfunction/core/build/testrun/integTest/J2/temp/org.elasticsearch.index.store.CorruptedFileIT_AF876320E2D19F69-001/tempDir-001/data/SUITE-CHILD_VM=[2]-CLUSTER_SEED=[-8313708514896918260]-HASH=[263D6451D50F]-cluster/nodes/2/indices/test/0/index/segments_2"))))];
	at org.elasticsearch.indices.store.TransportNodesListShardStoreMetaData.nodeOperation(TransportNodesListShardStoreMetaData.java:147)
	at org.elasticsearch.indices.store.TransportNodesListShardStoreMetaData.nodeOperation(TransportNodesListShardStoreMetaData.java:70)
	at org.elasticsearch.action.support.nodes.TransportNodesAction$NodeTransportHandler.messageReceived(TransportNodesAction.java:232)
	at org.elasticsearch.action.support.nodes.TransportNodesAction$NodeTransportHandler.messageReceived(TransportNodesAction.java:228)
	at org.elasticsearch.transport.TransportRequestHandler.messageReceived(TransportRequestHandler.java:33)
	at org.elasticsearch.transport.RequestHandlerRegistry.processMessageReceived(RequestHandlerRegistry.java:65)
	at org.elasticsearch.transport.local.LocalTransport$2.doRun(LocalTransport.java:296)
	at org.elasticsearch.common.util.concurrent.AbstractRunnable.run(AbstractRunnable.java:37)
	at java.util.concurrent.ThreadPoolExecutor.runWorker(ThreadPoolExecutor.java:1142)
	at java.util.concurrent.ThreadPoolExecutor$Worker.run(ThreadPoolExecutor.java:617)
	at java.lang.Thread.run(Thread.java:745)
Caused by: org.apache.lucene.index.CorruptIndexException: invalid deletion count: 65536 vs maxDoc=656 (resource=BufferedChecksumIndexInput(MockIndexInputWrapper(NIOFSIndexInput(path="/Users/lwiskowski/CSE2410_spring2016_projectileDysfunction/core/build/testrun/integTest/J2/temp/org.elasticsearch.index.store.CorruptedFileIT_AF876320E2D19F69-001/tempDir-001/data/SUITE-CHILD_VM=[2]-CLUSTER_SEED=[-8313708514896918260]-HASH=[263D6451D50F]-cluster/nodes/2/indices/test/0/index/segments_2"))))
	at org.apache.lucene.index.SegmentInfos.readCommit(SegmentInfos.java:368)
	at org.apache.lucene.index.SegmentInfos$1.doBody(SegmentInfos.java:493)
	at org.apache.lucene.index.SegmentInfos$1.doBody(SegmentInfos.java:490)
	at org.apache.lucene.index.SegmentInfos$FindSegmentsFile.run(SegmentInfos.java:731)
	at org.apache.lucene.index.SegmentInfos$FindSegmentsFile.run(SegmentInfos.java:683)
	at org.apache.lucene.index.SegmentInfos.readLatestCommit(SegmentInfos.java:495)
	at org.elasticsearch.common.lucene.Lucene.readSegmentInfos(Lucene.java:123)
	at org.elasticsearch.index.store.Store.readSegmentsInfo(Store.java:196)
	at org.elasticsearch.index.store.Store.access$200(Store.java:122)
	at org.elasticsearch.index.store.Store$MetadataSnapshot.loadMetadata(Store.java:845)
	at org.elasticsearch.index.store.Store$MetadataSnapshot.<init>(Store.java:794)
	at org.elasticsearch.index.store.Store.getMetadata(Store.java:266)
	at org.elasticsearch.index.store.Store.getMetadataOrEmpty(Store.java:225)
	at org.elasticsearch.indices.store.TransportNodesListShardStoreMetaData.listStoreMetaData(TransportNodesListShardStoreMetaData.java:164)
	at org.elasticsearch.indices.store.TransportNodesListShardStoreMetaData.nodeOperation(TransportNodesListShardStoreMetaData.java:145)
	... 10 more
[2016-04-18 03:02:59,240][WARN ][org.elasticsearch.index  ] [node_s2] [test] [index.merge.enabled] is set to false, this should only be used in tests and can cause serious problems in production environments
[2016-04-18 03:02:59,241][WARN ][org.elasticsearch.gateway] [node_s0] [test][0]: failed to list shard for shard_store on node [o5bG6oNsRri7DU85X9tRaw]
FailedNodeException[Failed node [o5bG6oNsRri7DU85X9tRaw]]; nested: RemoteTransportException[[node_s0][local[172]][internal:cluster/nodes/indices/shard/store[n]]]; nested: ElasticsearchException[Failed to list store metadata for shard [[test][0]]]; nested: CorruptIndexException[invalid deletion count: 65536 vs maxDoc=656 (resource=BufferedChecksumIndexInput(MockIndexInputWrapper(NIOFSIndexInput(path="/Users/lwiskowski/CSE2410_spring2016_projectileDysfunction/core/build/testrun/integTest/J2/temp/org.elasticsearch.index.store.CorruptedFileIT_AF876320E2D19F69-001/tempDir-001/data/SUITE-CHILD_VM=[2]-CLUSTER_SEED=[-8313708514896918260]-HASH=[263D6451D50F]-cluster/nodes/2/indices/test/0/index/segments_2"))))];
	at org.elasticsearch.action.support.nodes.TransportNodesAction$AsyncAction.onFailure(TransportNodesAction.java:208)
	at org.elasticsearch.action.support.nodes.TransportNodesAction$AsyncAction.access$700(TransportNodesAction.java:109)
	at org.elasticsearch.action.support.nodes.TransportNodesAction$AsyncAction$2.handleException(TransportNodesAction.java:181)
	at org.elasticsearch.transport.local.LocalTransport.handleException(LocalTransport.java:370)
	at org.elasticsearch.transport.local.LocalTransport.handlerResponseError(LocalTransport.java:361)
	at org.elasticsearch.transport.local.LocalTransport.messageReceived(LocalTransport.java:257)
	at org.elasticsearch.transport.local.LocalTransportChannel$2.run(LocalTransportChannel.java:103)
	at java.util.concurrent.ThreadPoolExecutor.runWorker(ThreadPoolExecutor.java:1142)
	at java.util.concurrent.ThreadPoolExecutor$Worker.run(ThreadPoolExecutor.java:617)
	at java.lang.Thread.run(Thread.java:745)
Caused by: RemoteTransportException[[node_s0][local[172]][internal:cluster/nodes/indices/shard/store[n]]]; nested: ElasticsearchException[Failed to list store metadata for shard [[test][0]]]; nested: CorruptIndexException[invalid deletion count: 65536 vs maxDoc=656 (resource=BufferedChecksumIndexInput(MockIndexInputWrapper(NIOFSIndexInput(path="/Users/lwiskowski/CSE2410_spring2016_projectileDysfunction/core/build/testrun/integTest/J2/temp/org.elasticsearch.index.store.CorruptedFileIT_AF876320E2D19F69-001/tempDir-001/data/SUITE-CHILD_VM=[2]-CLUSTER_SEED=[-8313708514896918260]-HASH=[263D6451D50F]-cluster/nodes/2/indices/test/0/index/segments_2"))))];
Caused by: ElasticsearchException[Failed to list store metadata for shard [[test][0]]]; nested: CorruptIndexException[invalid deletion count: 65536 vs maxDoc=656 (resource=BufferedChecksumIndexInput(MockIndexInputWrapper(NIOFSIndexInput(path="/Users/lwiskowski/CSE2410_spring2016_projectileDysfunction/core/build/testrun/integTest/J2/temp/org.elasticsearch.index.store.CorruptedFileIT_AF876320E2D19F69-001/tempDir-001/data/SUITE-CHILD_VM=[2]-CLUSTER_SEED=[-8313708514896918260]-HASH=[263D6451D50F]-cluster/nodes/2/indices/test/0/index/segments_2"))))];
	at org.elasticsearch.indices.store.TransportNodesListShardStoreMetaData.nodeOperation(TransportNodesListShardStoreMetaData.java:147)
	at org.elasticsearch.indices.store.TransportNodesListShardStoreMetaData.nodeOperation(TransportNodesListShardStoreMetaData.java:70)
	at org.elasticsearch.action.support.nodes.TransportNodesAction$NodeTransportHandler.messageReceived(TransportNodesAction.java:232)
	at org.elasticsearch.action.support.nodes.TransportNodesAction$NodeTransportHandler.messageReceived(TransportNodesAction.java:228)
	at org.elasticsearch.transport.TransportRequestHandler.messageReceived(TransportRequestHandler.java:33)
	at org.elasticsearch.transport.RequestHandlerRegistry.processMessageReceived(RequestHandlerRegistry.java:65)
	at org.elasticsearch.transport.local.LocalTransport$2.doRun(LocalTransport.java:296)
	at org.elasticsearch.common.util.concurrent.AbstractRunnable.run(AbstractRunnable.java:37)
	at java.util.concurrent.ThreadPoolExecutor.runWorker(ThreadPoolExecutor.java:1142)
	at java.util.concurrent.ThreadPoolExecutor$Worker.run(ThreadPoolExecutor.java:617)
	at java.lang.Thread.run(Thread.java:745)
Caused by: org.apache.lucene.index.CorruptIndexException: invalid deletion count: 65536 vs maxDoc=656 (resource=BufferedChecksumIndexInput(MockIndexInputWrapper(NIOFSIndexInput(path="/Users/lwiskowski/CSE2410_spring2016_projectileDysfunction/core/build/testrun/integTest/J2/temp/org.elasticsearch.index.store.CorruptedFileIT_AF876320E2D19F69-001/tempDir-001/data/SUITE-CHILD_VM=[2]-CLUSTER_SEED=[-8313708514896918260]-HASH=[263D6451D50F]-cluster/nodes/2/indices/test/0/index/segments_2"))))
	at org.apache.lucene.index.SegmentInfos.readCommit(SegmentInfos.java:368)
	at org.apache.lucene.index.SegmentInfos$1.doBody(SegmentInfos.java:493)
	at org.apache.lucene.index.SegmentInfos$1.doBody(SegmentInfos.java:490)
	at org.apache.lucene.index.SegmentInfos$FindSegmentsFile.run(SegmentInfos.java:731)
	at org.apache.lucene.index.SegmentInfos$FindSegmentsFile.run(SegmentInfos.java:683)
	at org.apache.lucene.index.SegmentInfos.readLatestCommit(SegmentInfos.java:495)
	at org.elasticsearch.common.lucene.Lucene.readSegmentInfos(Lucene.java:123)
	at org.elasticsearch.index.store.Store.readSegmentsInfo(Store.java:196)
	at org.elasticsearch.index.store.Store.access$200(Store.java:122)
	at org.elasticsearch.index.store.Store$MetadataSnapshot.loadMetadata(Store.java:845)
	at org.elasticsearch.index.store.Store$MetadataSnapshot.<init>(Store.java:794)
	at org.elasticsearch.index.store.Store.getMetadata(Store.java:266)
	at org.elasticsearch.index.store.Store.getMetadataOrEmpty(Store.java:225)
	at org.elasticsearch.indices.store.TransportNodesListShardStoreMetaData.listStoreMetaData(TransportNodesListShardStoreMetaData.java:164)
	at org.elasticsearch.indices.store.TransportNodesListShardStoreMetaData.nodeOperation(TransportNodesListShardStoreMetaData.java:145)
	... 10 more
[2016-04-18 03:02:59,242][WARN ][org.elasticsearch.index  ] [node_s2] [test] [index.merge.enabled] is set to false, this should only be used in tests and can cause serious problems in production environments
[2016-04-18 03:02:59,243][WARN ][org.elasticsearch.gateway] [node_s0] [test][0]: failed to list shard for shard_store on node [o5bG6oNsRri7DU85X9tRaw]
FailedNodeException[Failed node [o5bG6oNsRri7DU85X9tRaw]]; nested: RemoteTransportException[[node_s0][local[172]][internal:cluster/nodes/indices/shard/store[n]]]; nested: ElasticsearchException[Failed to list store metadata for shard [[test][0]]]; nested: CorruptIndexException[invalid deletion count: 65536 vs maxDoc=656 (resource=BufferedChecksumIndexInput(MockIndexInputWrapper(NIOFSIndexInput(path="/Users/lwiskowski/CSE2410_spring2016_projectileDysfunction/core/build/testrun/integTest/J2/temp/org.elasticsearch.index.store.CorruptedFileIT_AF876320E2D19F69-001/tempDir-001/data/SUITE-CHILD_VM=[2]-CLUSTER_SEED=[-8313708514896918260]-HASH=[263D6451D50F]-cluster/nodes/2/indices/test/0/index/segments_2"))))];
	at org.elasticsearch.action.support.nodes.TransportNodesAction$AsyncAction.onFailure(TransportNodesAction.java:208)
	at org.elasticsearch.action.support.nodes.TransportNodesAction$AsyncAction.access$700(TransportNodesAction.java:109)
	at org.elasticsearch.action.support.nodes.TransportNodesAction$AsyncAction$2.handleException(TransportNodesAction.java:181)
	at org.elasticsearch.transport.local.LocalTransport.handleException(LocalTransport.java:370)
	at org.elasticsearch.transport.local.LocalTransport.handlerResponseError(LocalTransport.java:361)
	at org.elasticsearch.transport.local.LocalTransport.messageReceived(LocalTransport.java:257)
	at org.elasticsearch.transport.local.LocalTransportChannel$2.run(LocalTransportChannel.java:103)
	at java.util.concurrent.ThreadPoolExecutor.runWorker(ThreadPoolExecutor.java:1142)
	at java.util.concurrent.ThreadPoolExecutor$Worker.run(ThreadPoolExecutor.java:617)
	at java.lang.Thread.run(Thread.java:745)
Caused by: RemoteTransportException[[node_s0][local[172]][internal:cluster/nodes/indices/shard/store[n]]]; nested: ElasticsearchException[Failed to list store metadata for shard [[test][0]]]; nested: CorruptIndexException[invalid deletion count: 65536 vs maxDoc=656 (resource=BufferedChecksumIndexInput(MockIndexInputWrapper(NIOFSIndexInput(path="/Users/lwiskowski/CSE2410_spring2016_projectileDysfunction/core/build/testrun/integTest/J2/temp/org.elasticsearch.index.store.CorruptedFileIT_AF876320E2D19F69-001/tempDir-001/data/SUITE-CHILD_VM=[2]-CLUSTER_SEED=[-8313708514896918260]-HASH=[263D6451D50F]-cluster/nodes/2/indices/test/0/index/segments_2"))))];
Caused by: ElasticsearchException[Failed to list store metadata for shard [[test][0]]]; nested: CorruptIndexException[invalid deletion count: 65536 vs maxDoc=656 (resource=BufferedChecksumIndexInput(MockIndexInputWrapper(NIOFSIndexInput(path="/Users/lwiskowski/CSE2410_spring2016_projectileDysfunction/core/build/testrun/integTest/J2/temp/org.elasticsearch.index.store.CorruptedFileIT_AF876320E2D19F69-001/tempDir-001/data/SUITE-CHILD_VM=[2]-CLUSTER_SEED=[-8313708514896918260]-HASH=[263D6451D50F]-cluster/nodes/2/indices/test/0/index/segments_2"))))];
	at org.elasticsearch.indices.store.TransportNodesListShardStoreMetaData.nodeOperation(TransportNodesListShardStoreMetaData.java:147)
	at org.elasticsearch.indices.store.TransportNodesListShardStoreMetaData.nodeOperation(TransportNodesListShardStoreMetaData.java:70)
	at org.elasticsearch.action.support.nodes.TransportNodesAction$NodeTransportHandler.messageReceived(TransportNodesAction.java:232)
	at org.elasticsearch.action.support.nodes.TransportNodesAction$NodeTransportHandler.messageReceived(TransportNodesAction.java:228)
	at org.elasticsearch.transport.TransportRequestHandler.messageReceived(TransportRequestHandler.java:33)
	at org.elasticsearch.transport.RequestHandlerRegistry.processMessageReceived(RequestHandlerRegistry.java:65)
	at org.elasticsearch.transport.local.LocalTransport$2.doRun(LocalTransport.java:296)
	at org.elasticsearch.common.util.concurrent.AbstractRunnable.run(AbstractRunnable.java:37)
	at java.util.concurrent.ThreadPoolExecutor.runWorker(ThreadPoolExecutor.java:1142)
	at java.util.concurrent.ThreadPoolExecutor$Worker.run(ThreadPoolExecutor.java:617)
	at java.lang.Thread.run(Thread.java:745)
Caused by: org.apache.lucene.index.CorruptIndexException: invalid deletion count: 65536 vs maxDoc=656 (resource=BufferedChecksumIndexInput(MockIndexInputWrapper(NIOFSIndexInput(path="/Users/lwiskowski/CSE2410_spring2016_projectileDysfunction/core/build/testrun/integTest/J2/temp/org.elasticsearch.index.store.CorruptedFileIT_AF876320E2D19F69-001/tempDir-001/data/SUITE-CHILD_VM=[2]-CLUSTER_SEED=[-8313708514896918260]-HASH=[263D6451D50F]-cluster/nodes/2/indices/test/0/index/segments_2"))))
	at org.apache.lucene.index.SegmentInfos.readCommit(SegmentInfos.java:368)
	at org.apache.lucene.index.SegmentInfos$1.doBody(SegmentInfos.java:493)
	at org.apache.lucene.index.SegmentInfos$1.doBody(SegmentInfos.java:490)
	at org.apache.lucene.index.SegmentInfos$FindSegmentsFile.run(SegmentInfos.java:731)
	at org.apache.lucene.index.SegmentInfos$FindSegmentsFile.run(SegmentInfos.java:683)
	at org.apache.lucene.index.SegmentInfos.readLatestCommit(SegmentInfos.java:495)
	at org.elasticsearch.common.lucene.Lucene.readSegmentInfos(Lucene.java:123)
	at org.elasticsearch.index.store.Store.readSegmentsInfo(Store.java:196)
	at org.elasticsearch.index.store.Store.access$200(Store.java:122)
	at org.elasticsearch.index.store.Store$MetadataSnapshot.loadMetadata(Store.java:845)
	at org.elasticsearch.index.store.Store$MetadataSnapshot.<init>(Store.java:794)
	at org.elasticsearch.index.store.Store.getMetadata(Store.java:266)
	at org.elasticsearch.index.store.Store.getMetadataOrEmpty(Store.java:225)
	at org.elasticsearch.indices.store.TransportNodesListShardStoreMetaData.listStoreMetaData(TransportNodesListShardStoreMetaData.java:164)
	at org.elasticsearch.indices.store.TransportNodesListShardStoreMetaData.nodeOperation(TransportNodesListShardStoreMetaData.java:145)
	... 10 more
[2016-04-18 03:02:59,244][WARN ][org.elasticsearch.index  ] [node_s2] [test] [index.merge.enabled] is set to false, this should only be used in tests and can cause serious problems in production environments
[2016-04-18 03:02:59,245][WARN ][org.elasticsearch.gateway] [node_s0] [test][0]: failed to list shard for shard_store on node [o5bG6oNsRri7DU85X9tRaw]
FailedNodeException[Failed node [o5bG6oNsRri7DU85X9tRaw]]; nested: RemoteTransportException[[node_s0][local[172]][internal:cluster/nodes/indices/shard/store[n]]]; nested: ElasticsearchException[Failed to list store metadata for shard [[test][0]]]; nested: CorruptIndexException[invalid deletion count: 65536 vs maxDoc=656 (resource=BufferedChecksumIndexInput(MockIndexInputWrapper(NIOFSIndexInput(path="/Users/lwiskowski/CSE2410_spring2016_projectileDysfunction/core/build/testrun/integTest/J2/temp/org.elasticsearch.index.store.CorruptedFileIT_AF876320E2D19F69-001/tempDir-001/data/SUITE-CHILD_VM=[2]-CLUSTER_SEED=[-8313708514896918260]-HASH=[263D6451D50F]-cluster/nodes/2/indices/test/0/index/segments_2"))))];
	at org.elasticsearch.action.support.nodes.TransportNodesAction$AsyncAction.onFailure(TransportNodesAction.java:208)
	at org.elasticsearch.action.support.nodes.TransportNodesAction$AsyncAction.access$700(TransportNodesAction.java:109)
	at org.elasticsearch.action.support.nodes.TransportNodesAction$AsyncAction$2.handleException(TransportNodesAction.java:181)
	at org.elasticsearch.transport.local.LocalTransport.handleException(LocalTransport.java:370)
	at org.elasticsearch.transport.local.LocalTransport.handlerResponseError(LocalTransport.java:361)
	at org.elasticsearch.transport.local.LocalTransport.messageReceived(LocalTransport.java:257)
	at org.elasticsearch.transport.local.LocalTransportChannel$2.run(LocalTransportChannel.java:103)
	at java.util.concurrent.ThreadPoolExecutor.runWorker(ThreadPoolExecutor.java:1142)
	at java.util.concurrent.ThreadPoolExecutor$Worker.run(ThreadPoolExecutor.java:617)
	at java.lang.Thread.run(Thread.java:745)
Caused by: RemoteTransportException[[node_s0][local[172]][internal:cluster/nodes/indices/shard/store[n]]]; nested: ElasticsearchException[Failed to list store metadata for shard [[test][0]]]; nested: CorruptIndexException[invalid deletion count: 65536 vs maxDoc=656 (resource=BufferedChecksumIndexInput(MockIndexInputWrapper(NIOFSIndexInput(path="/Users/lwiskowski/CSE2410_spring2016_projectileDysfunction/core/build/testrun/integTest/J2/temp/org.elasticsearch.index.store.CorruptedFileIT_AF876320E2D19F69-001/tempDir-001/data/SUITE-CHILD_VM=[2]-CLUSTER_SEED=[-8313708514896918260]-HASH=[263D6451D50F]-cluster/nodes/2/indices/test/0/index/segments_2"))))];
Caused by: ElasticsearchException[Failed to list store metadata for shard [[test][0]]]; nested: CorruptIndexException[invalid deletion count: 65536 vs maxDoc=656 (resource=BufferedChecksumIndexInput(MockIndexInputWrapper(NIOFSIndexInput(path="/Users/lwiskowski/CSE2410_spring2016_projectileDysfunction/core/build/testrun/integTest/J2/temp/org.elasticsearch.index.store.CorruptedFileIT_AF876320E2D19F69-001/tempDir-001/data/SUITE-CHILD_VM=[2]-CLUSTER_SEED=[-8313708514896918260]-HASH=[263D6451D50F]-cluster/nodes/2/indices/test/0/index/segments_2"))))];
	at org.elasticsearch.indices.store.TransportNodesListShardStoreMetaData.nodeOperation(TransportNodesListShardStoreMetaData.java:147)
	at org.elasticsearch.indices.store.TransportNodesListShardStoreMetaData.nodeOperation(TransportNodesListShardStoreMetaData.java:70)
	at org.elasticsearch.action.support.nodes.TransportNodesAction$NodeTransportHandler.messageReceived(TransportNodesAction.java:232)
	at org.elasticsearch.action.support.nodes.TransportNodesAction$NodeTransportHandler.messageReceived(TransportNodesAction.java:228)
	at org.elasticsearch.transport.TransportRequestHandler.messageReceived(TransportRequestHandler.java:33)
	at org.elasticsearch.transport.RequestHandlerRegistry.processMessageReceived(RequestHandlerRegistry.java:65)
	at org.elasticsearch.transport.local.LocalTransport$2.doRun(LocalTransport.java:296)
	at org.elasticsearch.common.util.concurrent.AbstractRunnable.run(AbstractRunnable.java:37)
	at java.util.concurrent.ThreadPoolExecutor.runWorker(ThreadPoolExecutor.java:1142)
	at java.util.concurrent.ThreadPoolExecutor$Worker.run(ThreadPoolExecutor.java:617)
	at java.lang.Thread.run(Thread.java:745)
Caused by: org.apache.lucene.index.CorruptIndexException: invalid deletion count: 65536 vs maxDoc=656 (resource=BufferedChecksumIndexInput(MockIndexInputWrapper(NIOFSIndexInput(path="/Users/lwiskowski/CSE2410_spring2016_projectileDysfunction/core/build/testrun/integTest/J2/temp/org.elasticsearch.index.store.CorruptedFileIT_AF876320E2D19F69-001/tempDir-001/data/SUITE-CHILD_VM=[2]-CLUSTER_SEED=[-8313708514896918260]-HASH=[263D6451D50F]-cluster/nodes/2/indices/test/0/index/segments_2"))))
	at org.apache.lucene.index.SegmentInfos.readCommit(SegmentInfos.java:368)
	at org.apache.lucene.index.SegmentInfos$1.doBody(SegmentInfos.java:493)
	at org.apache.lucene.index.SegmentInfos$1.doBody(SegmentInfos.java:490)
	at org.apache.lucene.index.SegmentInfos$FindSegmentsFile.run(SegmentInfos.java:731)
	at org.apache.lucene.index.SegmentInfos$FindSegmentsFile.run(SegmentInfos.java:683)
	at org.apache.lucene.index.SegmentInfos.readLatestCommit(SegmentInfos.java:495)
	at org.elasticsearch.common.lucene.Lucene.readSegmentInfos(Lucene.java:123)
	at org.elasticsearch.index.store.Store.readSegmentsInfo(Store.java:196)
	at org.elasticsearch.index.store.Store.access$200(Store.java:122)
	at org.elasticsearch.index.store.Store$MetadataSnapshot.loadMetadata(Store.java:845)
	at org.elasticsearch.index.store.Store$MetadataSnapshot.<init>(Store.java:794)
	at org.elasticsearch.index.store.Store.getMetadata(Store.java:266)
	at org.elasticsearch.index.store.Store.getMetadataOrEmpty(Store.java:225)
	at org.elasticsearch.indices.store.TransportNodesListShardStoreMetaData.listStoreMetaData(TransportNodesListShardStoreMetaData.java:164)
	at org.elasticsearch.indices.store.TransportNodesListShardStoreMetaData.nodeOperation(TransportNodesListShardStoreMetaData.java:145)
	... 10 more
[2016-04-18 03:02:59,246][WARN ][org.elasticsearch.index  ] [node_s2] [test] [index.merge.enabled] is set to false, this should only be used in tests and can cause serious problems in production environments
[2016-04-18 03:02:59,247][WARN ][org.elasticsearch.gateway] [node_s0] [test][0]: failed to list shard for shard_store on node [o5bG6oNsRri7DU85X9tRaw]
FailedNodeException[Failed node [o5bG6oNsRri7DU85X9tRaw]]; nested: RemoteTransportException[[node_s0][local[172]][internal:cluster/nodes/indices/shard/store[n]]]; nested: ElasticsearchException[Failed to list store metadata for shard [[test][0]]]; nested: CorruptIndexException[invalid deletion count: 65536 vs maxDoc=656 (resource=BufferedChecksumIndexInput(MockIndexInputWrapper(NIOFSIndexInput(path="/Users/lwiskowski/CSE2410_spring2016_projectileDysfunction/core/build/testrun/integTest/J2/temp/org.elasticsearch.index.store.CorruptedFileIT_AF876320E2D19F69-001/tempDir-001/data/SUITE-CHILD_VM=[2]-CLUSTER_SEED=[-8313708514896918260]-HASH=[263D6451D50F]-cluster/nodes/2/indices/test/0/index/segments_2"))))];
	at org.elasticsearch.action.support.nodes.TransportNodesAction$AsyncAction.onFailure(TransportNodesAction.java:208)
	at org.elasticsearch.action.support.nodes.TransportNodesAction$AsyncAction.access$700(TransportNodesAction.java:109)
	at org.elasticsearch.action.support.nodes.TransportNodesAction$AsyncAction$2.handleException(TransportNodesAction.java:181)
	at org.elasticsearch.transport.local.LocalTransport.handleException(LocalTransport.java:370)
	at org.elasticsearch.transport.local.LocalTransport.handlerResponseError(LocalTransport.java:361)
	at org.elasticsearch.transport.local.LocalTransport.messageReceived(LocalTransport.java:257)
	at org.elasticsearch.transport.local.LocalTransportChannel$2.run(LocalTransportChannel.java:103)
	at java.util.concurrent.ThreadPoolExecutor.runWorker(ThreadPoolExecutor.java:1142)
	at java.util.concurrent.ThreadPoolExecutor$Worker.run(ThreadPoolExecutor.java:617)
	at java.lang.Thread.run(Thread.java:745)
Caused by: RemoteTransportException[[node_s0][local[172]][internal:cluster/nodes/indices/shard/store[n]]]; nested: ElasticsearchException[Failed to list store metadata for shard [[test][0]]]; nested: CorruptIndexException[invalid deletion count: 65536 vs maxDoc=656 (resource=BufferedChecksumIndexInput(MockIndexInputWrapper(NIOFSIndexInput(path="/Users/lwiskowski/CSE2410_spring2016_projectileDysfunction/core/build/testrun/integTest/J2/temp/org.elasticsearch.index.store.CorruptedFileIT_AF876320E2D19F69-001/tempDir-001/data/SUITE-CHILD_VM=[2]-CLUSTER_SEED=[-8313708514896918260]-HASH=[263D6451D50F]-cluster/nodes/2/indices/test/0/index/segments_2"))))];
Caused by: ElasticsearchException[Failed to list store metadata for shard [[test][0]]]; nested: CorruptIndexException[invalid deletion count: 65536 vs maxDoc=656 (resource=BufferedChecksumIndexInput(MockIndexInputWrapper(NIOFSIndexInput(path="/Users/lwiskowski/CSE2410_spring2016_projectileDysfunction/core/build/testrun/integTest/J2/temp/org.elasticsearch.index.store.CorruptedFileIT_AF876320E2D19F69-001/tempDir-001/data/SUITE-CHILD_VM=[2]-CLUSTER_SEED=[-8313708514896918260]-HASH=[263D6451D50F]-cluster/nodes/2/indices/test/0/index/segments_2"))))];
	at org.elasticsearch.indices.store.TransportNodesListShardStoreMetaData.nodeOperation(TransportNodesListShardStoreMetaData.java:147)
	at org.elasticsearch.indices.store.TransportNodesListShardStoreMetaData.nodeOperation(TransportNodesListShardStoreMetaData.java:70)
	at org.elasticsearch.action.support.nodes.TransportNodesAction$NodeTransportHandler.messageReceived(TransportNodesAction.java:232)
	at org.elasticsearch.action.support.nodes.TransportNodesAction$NodeTransportHandler.messageReceived(TransportNodesAction.java:228)
	at org.elasticsearch.transport.TransportRequestHandler.messageReceived(TransportRequestHandler.java:33)
	at org.elasticsearch.transport.RequestHandlerRegistry.processMessageReceived(RequestHandlerRegistry.java:65)
	at org.elasticsearch.transport.local.LocalTransport$2.doRun(LocalTransport.java:296)
	at org.elasticsearch.common.util.concurrent.AbstractRunnable.run(AbstractRunnable.java:37)
	at java.util.concurrent.ThreadPoolExecutor.runWorker(ThreadPoolExecutor.java:1142)
	at java.util.concurrent.ThreadPoolExecutor$Worker.run(ThreadPoolExecutor.java:617)
	at java.lang.Thread.run(Thread.java:745)
Caused by: org.apache.lucene.index.CorruptIndexException: invalid deletion count: 65536 vs maxDoc=656 (resource=BufferedChecksumIndexInput(MockIndexInputWrapper(NIOFSIndexInput(path="/Users/lwiskowski/CSE2410_spring2016_projectileDysfunction/core/build/testrun/integTest/J2/temp/org.elasticsearch.index.store.CorruptedFileIT_AF876320E2D19F69-001/tempDir-001/data/SUITE-CHILD_VM=[2]-CLUSTER_SEED=[-8313708514896918260]-HASH=[263D6451D50F]-cluster/nodes/2/indices/test/0/index/segments_2"))))
	at org.apache.lucene.index.SegmentInfos.readCommit(SegmentInfos.java:368)
	at org.apache.lucene.index.SegmentInfos$1.doBody(SegmentInfos.java:493)
	at org.apache.lucene.index.SegmentInfos$1.doBody(SegmentInfos.java:490)
	at org.apache.lucene.index.SegmentInfos$FindSegmentsFile.run(SegmentInfos.java:731)
	at org.apache.lucene.index.SegmentInfos$FindSegmentsFile.run(SegmentInfos.java:683)
	at org.apache.lucene.index.SegmentInfos.readLatestCommit(SegmentInfos.java:495)
	at org.elasticsearch.common.lucene.Lucene.readSegmentInfos(Lucene.java:123)
	at org.elasticsearch.index.store.Store.readSegmentsInfo(Store.java:196)
	at org.elasticsearch.index.store.Store.access$200(Store.java:122)
	at org.elasticsearch.index.store.Store$MetadataSnapshot.loadMetadata(Store.java:845)
	at org.elasticsearch.index.store.Store$MetadataSnapshot.<init>(Store.java:794)
	at org.elasticsearch.index.store.Store.getMetadata(Store.java:266)
	at org.elasticsearch.index.store.Store.getMetadataOrEmpty(Store.java:225)
	at org.elasticsearch.indices.store.TransportNodesListShardStoreMetaData.listStoreMetaData(TransportNodesListShardStoreMetaData.java:164)
	at org.elasticsearch.indices.store.TransportNodesListShardStoreMetaData.nodeOperation(TransportNodesListShardStoreMetaData.java:145)
	... 10 more
[2016-04-18 03:02:59,248][WARN ][org.elasticsearch.index  ] [node_s2] [test] [index.merge.enabled] is set to false, this should only be used in tests and can cause serious problems in production environments
[2016-04-18 03:02:59,249][WARN ][org.elasticsearch.gateway] [node_s0] [test][0]: failed to list shard for shard_store on node [o5bG6oNsRri7DU85X9tRaw]
FailedNodeException[Failed node [o5bG6oNsRri7DU85X9tRaw]]; nested: RemoteTransportException[[node_s0][local[172]][internal:cluster/nodes/indices/shard/store[n]]]; nested: ElasticsearchException[Failed to list store metadata for shard [[test][0]]]; nested: CorruptIndexException[invalid deletion count: 65536 vs maxDoc=656 (resource=BufferedChecksumIndexInput(MockIndexInputWrapper(NIOFSIndexInput(path="/Users/lwiskowski/CSE2410_spring2016_projectileDysfunction/core/build/testrun/integTest/J2/temp/org.elasticsearch.index.store.CorruptedFileIT_AF876320E2D19F69-001/tempDir-001/data/SUITE-CHILD_VM=[2]-CLUSTER_SEED=[-8313708514896918260]-HASH=[263D6451D50F]-cluster/nodes/2/indices/test/0/index/segments_2"))))];
	at org.elasticsearch.action.support.nodes.TransportNodesAction$AsyncAction.onFailure(TransportNodesAction.java:208)
	at org.elasticsearch.action.support.nodes.TransportNodesAction$AsyncAction.access$700(TransportNodesAction.java:109)
	at org.elasticsearch.action.support.nodes.TransportNodesAction$AsyncAction$2.handleException(TransportNodesAction.java:181)
	at org.elasticsearch.transport.local.LocalTransport.handleException(LocalTransport.java:370)
	at org.elasticsearch.transport.local.LocalTransport.handlerResponseError(LocalTransport.java:361)
	at org.elasticsearch.transport.local.LocalTransport.messageReceived(LocalTransport.java:257)
	at org.elasticsearch.transport.local.LocalTransportChannel$2.run(LocalTransportChannel.java:103)
	at java.util.concurrent.ThreadPoolExecutor.runWorker(ThreadPoolExecutor.java:1142)
	at java.util.concurrent.ThreadPoolExecutor$Worker.run(ThreadPoolExecutor.java:617)
	at java.lang.Thread.run(Thread.java:745)
Caused by: RemoteTransportException[[node_s0][local[172]][internal:cluster/nodes/indices/shard/store[n]]]; nested: ElasticsearchException[Failed to list store metadata for shard [[test][0]]]; nested: CorruptIndexException[invalid deletion count: 65536 vs maxDoc=656 (resource=BufferedChecksumIndexInput(MockIndexInputWrapper(NIOFSIndexInput(path="/Users/lwiskowski/CSE2410_spring2016_projectileDysfunction/core/build/testrun/integTest/J2/temp/org.elasticsearch.index.store.CorruptedFileIT_AF876320E2D19F69-001/tempDir-001/data/SUITE-CHILD_VM=[2]-CLUSTER_SEED=[-8313708514896918260]-HASH=[263D6451D50F]-cluster/nodes/2/indices/test/0/index/segments_2"))))];
Caused by: ElasticsearchException[Failed to list store metadata for shard [[test][0]]]; nested: CorruptIndexException[invalid deletion count: 65536 vs maxDoc=656 (resource=BufferedChecksumIndexInput(MockIndexInputWrapper(NIOFSIndexInput(path="/Users/lwiskowski/CSE2410_spring2016_projectileDysfunction/core/build/testrun/integTest/J2/temp/org.elasticsearch.index.store.CorruptedFileIT_AF876320E2D19F69-001/tempDir-001/data/SUITE-CHILD_VM=[2]-CLUSTER_SEED=[-8313708514896918260]-HASH=[263D6451D50F]-cluster/nodes/2/indices/test/0/index/segments_2"))))];
	at org.elasticsearch.indices.store.TransportNodesListShardStoreMetaData.nodeOperation(TransportNodesListShardStoreMetaData.java:147)
	at org.elasticsearch.indices.store.TransportNodesListShardStoreMetaData.nodeOperation(TransportNodesListShardStoreMetaData.java:70)
	at org.elasticsearch.action.support.nodes.TransportNodesAction$NodeTransportHandler.messageReceived(TransportNodesAction.java:232)
	at org.elasticsearch.action.support.nodes.TransportNodesAction$NodeTransportHandler.messageReceived(TransportNodesAction.java:228)
	at org.elasticsearch.transport.TransportRequestHandler.messageReceived(TransportRequestHandler.java:33)
	at org.elasticsearch.transport.RequestHandlerRegistry.processMessageReceived(RequestHandlerRegistry.java:65)
	at org.elasticsearch.transport.local.LocalTransport$2.doRun(LocalTransport.java:296)
	at org.elasticsearch.common.util.concurrent.AbstractRunnable.run(AbstractRunnable.java:37)
	at java.util.concurrent.ThreadPoolExecutor.runWorker(ThreadPoolExecutor.java:1142)
	at java.util.concurrent.ThreadPoolExecutor$Worker.run(ThreadPoolExecutor.java:617)
	at java.lang.Thread.run(Thread.java:745)
Caused by: org.apache.lucene.index.CorruptIndexException: invalid deletion count: 65536 vs maxDoc=656 (resource=BufferedChecksumIndexInput(MockIndexInputWrapper(NIOFSIndexInput(path="/Users/lwiskowski/CSE2410_spring2016_projectileDysfunction/core/build/testrun/integTest/J2/temp/org.elasticsearch.index.store.CorruptedFileIT_AF876320E2D19F69-001/tempDir-001/data/SUITE-CHILD_VM=[2]-CLUSTER_SEED=[-8313708514896918260]-HASH=[263D6451D50F]-cluster/nodes/2/indices/test/0/index/segments_2"))))
	at org.apache.lucene.index.SegmentInfos.readCommit(SegmentInfos.java:368)
	at org.apache.lucene.index.SegmentInfos$1.doBody(SegmentInfos.java:493)
	at org.apache.lucene.index.SegmentInfos$1.doBody(SegmentInfos.java:490)
	at org.apache.lucene.index.SegmentInfos$FindSegmentsFile.run(SegmentInfos.java:731)
	at org.apache.lucene.index.SegmentInfos$FindSegmentsFile.run(SegmentInfos.java:683)
	at org.apache.lucene.index.SegmentInfos.readLatestCommit(SegmentInfos.java:495)
	at org.elasticsearch.common.lucene.Lucene.readSegmentInfos(Lucene.java:123)
	at org.elasticsearch.index.store.Store.readSegmentsInfo(Store.java:196)
	at org.elasticsearch.index.store.Store.access$200(Store.java:122)
	at org.elasticsearch.index.store.Store$MetadataSnapshot.loadMetadata(Store.java:845)
	at org.elasticsearch.index.store.Store$MetadataSnapshot.<init>(Store.java:794)
	at org.elasticsearch.index.store.Store.getMetadata(Store.java:266)
	at org.elasticsearch.index.store.Store.getMetadataOrEmpty(Store.java:225)
	at org.elasticsearch.indices.store.TransportNodesListShardStoreMetaData.listStoreMetaData(TransportNodesListShardStoreMetaData.java:164)
	at org.elasticsearch.indices.store.TransportNodesListShardStoreMetaData.nodeOperation(TransportNodesListShardStoreMetaData.java:145)
	... 10 more
[2016-04-18 03:02:59,250][WARN ][org.elasticsearch.index  ] [node_s2] [test] [index.merge.enabled] is set to false, this should only be used in tests and can cause serious problems in production environments
[2016-04-18 03:02:59,251][WARN ][org.elasticsearch.gateway] [node_s0] [test][0]: failed to list shard for shard_store on node [o5bG6oNsRri7DU85X9tRaw]
FailedNodeException[Failed node [o5bG6oNsRri7DU85X9tRaw]]; nested: RemoteTransportException[[node_s0][local[172]][internal:cluster/nodes/indices/shard/store[n]]]; nested: ElasticsearchException[Failed to list store metadata for shard [[test][0]]]; nested: CorruptIndexException[invalid deletion count: 65536 vs maxDoc=656 (resource=BufferedChecksumIndexInput(MockIndexInputWrapper(NIOFSIndexInput(path="/Users/lwiskowski/CSE2410_spring2016_projectileDysfunction/core/build/testrun/integTest/J2/temp/org.elasticsearch.index.store.CorruptedFileIT_AF876320E2D19F69-001/tempDir-001/data/SUITE-CHILD_VM=[2]-CLUSTER_SEED=[-8313708514896918260]-HASH=[263D6451D50F]-cluster/nodes/2/indices/test/0/index/segments_2"))))];
	at org.elasticsearch.action.support.nodes.TransportNodesAction$AsyncAction.onFailure(TransportNodesAction.java:208)
	at org.elasticsearch.action.support.nodes.TransportNodesAction$AsyncAction.access$700(TransportNodesAction.java:109)
	at org.elasticsearch.action.support.nodes.TransportNodesAction$AsyncAction$2.handleException(TransportNodesAction.java:181)
	at org.elasticsearch.transport.local.LocalTransport.handleException(LocalTransport.java:370)
	at org.elasticsearch.transport.local.LocalTransport.handlerResponseError(LocalTransport.java:361)
	at org.elasticsearch.transport.local.LocalTransport.messageReceived(LocalTransport.java:257)
	at org.elasticsearch.transport.local.LocalTransportChannel$2.run(LocalTransportChannel.java:103)
	at java.util.concurrent.ThreadPoolExecutor.runWorker(ThreadPoolExecutor.java:1142)
	at java.util.concurrent.ThreadPoolExecutor$Worker.run(ThreadPoolExecutor.java:617)
	at java.lang.Thread.run(Thread.java:745)
Caused by: RemoteTransportException[[node_s0][local[172]][internal:cluster/nodes/indices/shard/store[n]]]; nested: ElasticsearchException[Failed to list store metadata for shard [[test][0]]]; nested: CorruptIndexException[invalid deletion count: 65536 vs maxDoc=656 (resource=BufferedChecksumIndexInput(MockIndexInputWrapper(NIOFSIndexInput(path="/Users/lwiskowski/CSE2410_spring2016_projectileDysfunction/core/build/testrun/integTest/J2/temp/org.elasticsearch.index.store.CorruptedFileIT_AF876320E2D19F69-001/tempDir-001/data/SUITE-CHILD_VM=[2]-CLUSTER_SEED=[-8313708514896918260]-HASH=[263D6451D50F]-cluster/nodes/2/indices/test/0/index/segments_2"))))];
Caused by: ElasticsearchException[Failed to list store metadata for shard [[test][0]]]; nested: CorruptIndexException[invalid deletion count: 65536 vs maxDoc=656 (resource=BufferedChecksumIndexInput(MockIndexInputWrapper(NIOFSIndexInput(path="/Users/lwiskowski/CSE2410_spring2016_projectileDysfunction/core/build/testrun/integTest/J2/temp/org.elasticsearch.index.store.CorruptedFileIT_AF876320E2D19F69-001/tempDir-001/data/SUITE-CHILD_VM=[2]-CLUSTER_SEED=[-8313708514896918260]-HASH=[263D6451D50F]-cluster/nodes/2/indices/test/0/index/segments_2"))))];
	at org.elasticsearch.indices.store.TransportNodesListShardStoreMetaData.nodeOperation(TransportNodesListShardStoreMetaData.java:147)
	at org.elasticsearch.indices.store.TransportNodesListShardStoreMetaData.nodeOperation(TransportNodesListShardStoreMetaData.java:70)
	at org.elasticsearch.action.support.nodes.TransportNodesAction$NodeTransportHandler.messageReceived(TransportNodesAction.java:232)
	at org.elasticsearch.action.support.nodes.TransportNodesAction$NodeTransportHandler.messageReceived(TransportNodesAction.java:228)
	at org.elasticsearch.transport.TransportRequestHandler.messageReceived(TransportRequestHandler.java:33)
	at org.elasticsearch.transport.RequestHandlerRegistry.processMessageReceived(RequestHandlerRegistry.java:65)
	at org.elasticsearch.transport.local.LocalTransport$2.doRun(LocalTransport.java:296)
	at org.elasticsearch.common.util.concurrent.AbstractRunnable.run(AbstractRunnable.java:37)
	at java.util.concurrent.ThreadPoolExecutor.runWorker(ThreadPoolExecutor.java:1142)
	at java.util.concurrent.ThreadPoolExecutor$Worker.run(ThreadPoolExecutor.java:617)
	at java.lang.Thread.run(Thread.java:745)
Caused by: org.apache.lucene.index.CorruptIndexException: invalid deletion count: 65536 vs maxDoc=656 (resource=BufferedChecksumIndexInput(MockIndexInputWrapper(NIOFSIndexInput(path="/Users/lwiskowski/CSE2410_spring2016_projectileDysfunction/core/build/testrun/integTest/J2/temp/org.elasticsearch.index.store.CorruptedFileIT_AF876320E2D19F69-001/tempDir-001/data/SUITE-CHILD_VM=[2]-CLUSTER_SEED=[-8313708514896918260]-HASH=[263D6451D50F]-cluster/nodes/2/indices/test/0/index/segments_2"))))
	at org.apache.lucene.index.SegmentInfos.readCommit(SegmentInfos.java:368)
	at org.apache.lucene.index.SegmentInfos$1.doBody(SegmentInfos.java:493)
	at org.apache.lucene.index.SegmentInfos$1.doBody(SegmentInfos.java:490)
	at org.apache.lucene.index.SegmentInfos$FindSegmentsFile.run(SegmentInfos.java:731)
	at org.apache.lucene.index.SegmentInfos$FindSegmentsFile.run(SegmentInfos.java:683)
	at org.apache.lucene.index.SegmentInfos.readLatestCommit(SegmentInfos.java:495)
	at org.elasticsearch.common.lucene.Lucene.readSegmentInfos(Lucene.java:123)
	at org.elasticsearch.index.store.Store.readSegmentsInfo(Store.java:196)
	at org.elasticsearch.index.store.Store.access$200(Store.java:122)
	at org.elasticsearch.index.store.Store$MetadataSnapshot.loadMetadata(Store.java:845)
	at org.elasticsearch.index.store.Store$MetadataSnapshot.<init>(Store.java:794)
	at org.elasticsearch.index.store.Store.getMetadata(Store.java:266)
	at org.elasticsearch.index.store.Store.getMetadataOrEmpty(Store.java:225)
	at org.elasticsearch.indices.store.TransportNodesListShardStoreMetaData.listStoreMetaData(TransportNodesListShardStoreMetaData.java:164)
	at org.elasticsearch.indices.store.TransportNodesListShardStoreMetaData.nodeOperation(TransportNodesListShardStoreMetaData.java:145)
	... 10 more
[2016-04-18 03:02:59,252][WARN ][org.elasticsearch.index  ] [node_s2] [test] [index.merge.enabled] is set to false, this should only be used in tests and can cause serious problems in production environments
[2016-04-18 03:02:59,253][WARN ][org.elasticsearch.gateway] [node_s0] [test][0]: failed to list shard for shard_store on node [o5bG6oNsRri7DU85X9tRaw]
FailedNodeException[Failed node [o5bG6oNsRri7DU85X9tRaw]]; nested: RemoteTransportException[[node_s0][local[172]][internal:cluster/nodes/indices/shard/store[n]]]; nested: ElasticsearchException[Failed to list store metadata for shard [[test][0]]]; nested: CorruptIndexException[invalid deletion count: 65536 vs maxDoc=656 (resource=BufferedChecksumIndexInput(MockIndexInputWrapper(NIOFSIndexInput(path="/Users/lwiskowski/CSE2410_spring2016_projectileDysfunction/core/build/testrun/integTest/J2/temp/org.elasticsearch.index.store.CorruptedFileIT_AF876320E2D19F69-001/tempDir-001/data/SUITE-CHILD_VM=[2]-CLUSTER_SEED=[-8313708514896918260]-HASH=[263D6451D50F]-cluster/nodes/2/indices/test/0/index/segments_2"))))];
	at org.elasticsearch.action.support.nodes.TransportNodesAction$AsyncAction.onFailure(TransportNodesAction.java:208)
	at org.elasticsearch.action.support.nodes.TransportNodesAction$AsyncAction.access$700(TransportNodesAction.java:109)
	at org.elasticsearch.action.support.nodes.TransportNodesAction$AsyncAction$2.handleException(TransportNodesAction.java:181)
	at org.elasticsearch.transport.local.LocalTransport.handleException(LocalTransport.java:370)
	at org.elasticsearch.transport.local.LocalTransport.handlerResponseError(LocalTransport.java:361)
	at org.elasticsearch.transport.local.LocalTransport.messageReceived(LocalTransport.java:257)
	at org.elasticsearch.transport.local.LocalTransportChannel$2.run(LocalTransportChannel.java:103)
	at java.util.concurrent.ThreadPoolExecutor.runWorker(ThreadPoolExecutor.java:1142)
	at java.util.concurrent.ThreadPoolExecutor$Worker.run(ThreadPoolExecutor.java:617)
	at java.lang.Thread.run(Thread.java:745)
Caused by: RemoteTransportException[[node_s0][local[172]][internal:cluster/nodes/indices/shard/store[n]]]; nested: ElasticsearchException[Failed to list store metadata for shard [[test][0]]]; nested: CorruptIndexException[invalid deletion count: 65536 vs maxDoc=656 (resource=BufferedChecksumIndexInput(MockIndexInputWrapper(NIOFSIndexInput(path="/Users/lwiskowski/CSE2410_spring2016_projectileDysfunction/core/build/testrun/integTest/J2/temp/org.elasticsearch.index.store.CorruptedFileIT_AF876320E2D19F69-001/tempDir-001/data/SUITE-CHILD_VM=[2]-CLUSTER_SEED=[-8313708514896918260]-HASH=[263D6451D50F]-cluster/nodes/2/indices/test/0/index/segments_2"))))];
Caused by: ElasticsearchException[Failed to list store metadata for shard [[test][0]]]; nested: CorruptIndexException[invalid deletion count: 65536 vs maxDoc=656 (resource=BufferedChecksumIndexInput(MockIndexInputWrapper(NIOFSIndexInput(path="/Users/lwiskowski/CSE2410_spring2016_projectileDysfunction/core/build/testrun/integTest/J2/temp/org.elasticsearch.index.store.CorruptedFileIT_AF876320E2D19F69-001/tempDir-001/data/SUITE-CHILD_VM=[2]-CLUSTER_SEED=[-8313708514896918260]-HASH=[263D6451D50F]-cluster/nodes/2/indices/test/0/index/segments_2"))))];
	at org.elasticsearch.indices.store.TransportNodesListShardStoreMetaData.nodeOperation(TransportNodesListShardStoreMetaData.java:147)
	at org.elasticsearch.indices.store.TransportNodesListShardStoreMetaData.nodeOperation(TransportNodesListShardStoreMetaData.java:70)
	at org.elasticsearch.action.support.nodes.TransportNodesAction$NodeTransportHandler.messageReceived(TransportNodesAction.java:232)
	at org.elasticsearch.action.support.nodes.TransportNodesAction$NodeTransportHandler.messageReceived(TransportNodesAction.java:228)
	at org.elasticsearch.transport.TransportRequestHandler.messageReceived(TransportRequestHandler.java:33)
	at org.elasticsearch.transport.RequestHandlerRegistry.processMessageReceived(RequestHandlerRegistry.java:65)
	at org.elasticsearch.transport.local.LocalTransport$2.doRun(LocalTransport.java:296)
	at org.elasticsearch.common.util.concurrent.AbstractRunnable.run(AbstractRunnable.java:37)
	at java.util.concurrent.ThreadPoolExecutor.runWorker(ThreadPoolExecutor.java:1142)
	at java.util.concurrent.ThreadPoolExecutor$Worker.run(ThreadPoolExecutor.java:617)
	at java.lang.Thread.run(Thread.java:745)
Caused by: org.apache.lucene.index.CorruptIndexException: invalid deletion count: 65536 vs maxDoc=656 (resource=BufferedChecksumIndexInput(MockIndexInputWrapper(NIOFSIndexInput(path="/Users/lwiskowski/CSE2410_spring2016_projectileDysfunction/core/build/testrun/integTest/J2/temp/org.elasticsearch.index.store.CorruptedFileIT_AF876320E2D19F69-001/tempDir-001/data/SUITE-CHILD_VM=[2]-CLUSTER_SEED=[-8313708514896918260]-HASH=[263D6451D50F]-cluster/nodes/2/indices/test/0/index/segments_2"))))
	at org.apache.lucene.index.SegmentInfos.readCommit(SegmentInfos.java:368)
	at org.apache.lucene.index.SegmentInfos$1.doBody(SegmentInfos.java:493)
	at org.apache.lucene.index.SegmentInfos$1.doBody(SegmentInfos.java:490)
	at org.apache.lucene.index.SegmentInfos$FindSegmentsFile.run(SegmentInfos.java:731)
	at org.apache.lucene.index.SegmentInfos$FindSegmentsFile.run(SegmentInfos.java:683)
	at org.apache.lucene.index.SegmentInfos.readLatestCommit(SegmentInfos.java:495)
	at org.elasticsearch.common.lucene.Lucene.readSegmentInfos(Lucene.java:123)
	at org.elasticsearch.index.store.Store.readSegmentsInfo(Store.java:196)
	at org.elasticsearch.index.store.Store.access$200(Store.java:122)
	at org.elasticsearch.index.store.Store$MetadataSnapshot.loadMetadata(Store.java:845)
	at org.elasticsearch.index.store.Store$MetadataSnapshot.<init>(Store.java:794)
	at org.elasticsearch.index.store.Store.getMetadata(Store.java:266)
	at org.elasticsearch.index.store.Store.getMetadataOrEmpty(Store.java:225)
	at org.elasticsearch.indices.store.TransportNodesListShardStoreMetaData.listStoreMetaData(TransportNodesListShardStoreMetaData.java:164)
	at org.elasticsearch.indices.store.TransportNodesListShardStoreMetaData.nodeOperation(TransportNodesListShardStoreMetaData.java:145)
	... 10 more
[2016-04-18 03:02:59,254][WARN ][org.elasticsearch.index  ] [node_s2] [test] [index.merge.enabled] is set to false, this should only be used in tests and can cause serious problems in production environments
[2016-04-18 03:02:59,255][WARN ][org.elasticsearch.gateway] [node_s0] [test][0]: failed to list shard for shard_store on node [o5bG6oNsRri7DU85X9tRaw]
FailedNodeException[Failed node [o5bG6oNsRri7DU85X9tRaw]]; nested: RemoteTransportException[[node_s0][local[172]][internal:cluster/nodes/indices/shard/store[n]]]; nested: ElasticsearchException[Failed to list store metadata for shard [[test][0]]]; nested: CorruptIndexException[invalid deletion count: 65536 vs maxDoc=656 (resource=BufferedChecksumIndexInput(MockIndexInputWrapper(NIOFSIndexInput(path="/Users/lwiskowski/CSE2410_spring2016_projectileDysfunction/core/build/testrun/integTest/J2/temp/org.elasticsearch.index.store.CorruptedFileIT_AF876320E2D19F69-001/tempDir-001/data/SUITE-CHILD_VM=[2]-CLUSTER_SEED=[-8313708514896918260]-HASH=[263D6451D50F]-cluster/nodes/2/indices/test/0/index/segments_2"))))];
	at org.elasticsearch.action.support.nodes.TransportNodesAction$AsyncAction.onFailure(TransportNodesAction.java:208)
	at org.elasticsearch.action.support.nodes.TransportNodesAction$AsyncAction.access$700(TransportNodesAction.java:109)
	at org.elasticsearch.action.support.nodes.TransportNodesAction$AsyncAction$2.handleException(TransportNodesAction.java:181)
	at org.elasticsearch.transport.local.LocalTransport.handleException(LocalTransport.java:370)
	at org.elasticsearch.transport.local.LocalTransport.handlerResponseError(LocalTransport.java:361)
	at org.elasticsearch.transport.local.LocalTransport.messageReceived(LocalTransport.java:257)
	at org.elasticsearch.transport.local.LocalTransportChannel$2.run(LocalTransportChannel.java:103)
	at java.util.concurrent.ThreadPoolExecutor.runWorker(ThreadPoolExecutor.java:1142)
	at java.util.concurrent.ThreadPoolExecutor$Worker.run(ThreadPoolExecutor.java:617)
	at java.lang.Thread.run(Thread.java:745)
Caused by: RemoteTransportException[[node_s0][local[172]][internal:cluster/nodes/indices/shard/store[n]]]; nested: ElasticsearchException[Failed to list store metadata for shard [[test][0]]]; nested: CorruptIndexException[invalid deletion count: 65536 vs maxDoc=656 (resource=BufferedChecksumIndexInput(MockIndexInputWrapper(NIOFSIndexInput(path="/Users/lwiskowski/CSE2410_spring2016_projectileDysfunction/core/build/testrun/integTest/J2/temp/org.elasticsearch.index.store.CorruptedFileIT_AF876320E2D19F69-001/tempDir-001/data/SUITE-CHILD_VM=[2]-CLUSTER_SEED=[-8313708514896918260]-HASH=[263D6451D50F]-cluster/nodes/2/indices/test/0/index/segments_2"))))];
Caused by: ElasticsearchException[Failed to list store metadata for shard [[test][0]]]; nested: CorruptIndexException[invalid deletion count: 65536 vs maxDoc=656 (resource=BufferedChecksumIndexInput(MockIndexInputWrapper(NIOFSIndexInput(path="/Users/lwiskowski/CSE2410_spring2016_projectileDysfunction/core/build/testrun/integTest/J2/temp/org.elasticsearch.index.store.CorruptedFileIT_AF876320E2D19F69-001/tempDir-001/data/SUITE-CHILD_VM=[2]-CLUSTER_SEED=[-8313708514896918260]-HASH=[263D6451D50F]-cluster/nodes/2/indices/test/0/index/segments_2"))))];
	at org.elasticsearch.indices.store.TransportNodesListShardStoreMetaData.nodeOperation(TransportNodesListShardStoreMetaData.java:147)
	at org.elasticsearch.indices.store.TransportNodesListShardStoreMetaData.nodeOperation(TransportNodesListShardStoreMetaData.java:70)
	at org.elasticsearch.action.support.nodes.TransportNodesAction$NodeTransportHandler.messageReceived(TransportNodesAction.java:232)
	at org.elasticsearch.action.support.nodes.TransportNodesAction$NodeTransportHandler.messageReceived(TransportNodesAction.java:228)
	at org.elasticsearch.transport.TransportRequestHandler.messageReceived(TransportRequestHandler.java:33)
	at org.elasticsearch.transport.RequestHandlerRegistry.processMessageReceived(RequestHandlerRegistry.java:65)
	at org.elasticsearch.transport.local.LocalTransport$2.doRun(LocalTransport.java:296)
	at org.elasticsearch.common.util.concurrent.AbstractRunnable.run(AbstractRunnable.java:37)
	at java.util.concurrent.ThreadPoolExecutor.runWorker(ThreadPoolExecutor.java:1142)
	at java.util.concurrent.ThreadPoolExecutor$Worker.run(ThreadPoolExecutor.java:617)
	at java.lang.Thread.run(Thread.java:745)
Caused by: org.apache.lucene.index.CorruptIndexException: invalid deletion count: 65536 vs maxDoc=656 (resource=BufferedChecksumIndexInput(MockIndexInputWrapper(NIOFSIndexInput(path="/Users/lwiskowski/CSE2410_spring2016_projectileDysfunction/core/build/testrun/integTest/J2/temp/org.elasticsearch.index.store.CorruptedFileIT_AF876320E2D19F69-001/tempDir-001/data/SUITE-CHILD_VM=[2]-CLUSTER_SEED=[-8313708514896918260]-HASH=[263D6451D50F]-cluster/nodes/2/indices/test/0/index/segments_2"))))
	at org.apache.lucene.index.SegmentInfos.readCommit(SegmentInfos.java:368)
	at org.apache.lucene.index.SegmentInfos$1.doBody(SegmentInfos.java:493)
	at org.apache.lucene.index.SegmentInfos$1.doBody(SegmentInfos.java:490)
	at org.apache.lucene.index.SegmentInfos$FindSegmentsFile.run(SegmentInfos.java:731)
	at org.apache.lucene.index.SegmentInfos$FindSegmentsFile.run(SegmentInfos.java:683)
	at org.apache.lucene.index.SegmentInfos.readLatestCommit(SegmentInfos.java:495)
	at org.elasticsearch.common.lucene.Lucene.readSegmentInfos(Lucene.java:123)
	at org.elasticsearch.index.store.Store.readSegmentsInfo(Store.java:196)
	at org.elasticsearch.index.store.Store.access$200(Store.java:122)
	at org.elasticsearch.index.store.Store$MetadataSnapshot.loadMetadata(Store.java:845)
	at org.elasticsearch.index.store.Store$MetadataSnapshot.<init>(Store.java:794)
	at org.elasticsearch.index.store.Store.getMetadata(Store.java:266)
	at org.elasticsearch.index.store.Store.getMetadataOrEmpty(Store.java:225)
	at org.elasticsearch.indices.store.TransportNodesListShardStoreMetaData.listStoreMetaData(TransportNodesListShardStoreMetaData.java:164)
	at org.elasticsearch.indices.store.TransportNodesListShardStoreMetaData.nodeOperation(TransportNodesListShardStoreMetaData.java:145)
	... 10 more
[2016-04-18 03:02:59,256][WARN ][org.elasticsearch.index  ] [node_s2] [test] [index.merge.enabled] is set to false, this should only be used in tests and can cause serious problems in production environments
[2016-04-18 03:02:59,257][WARN ][org.elasticsearch.gateway] [node_s0] [test][0]: failed to list shard for shard_store on node [o5bG6oNsRri7DU85X9tRaw]
FailedNodeException[Failed node [o5bG6oNsRri7DU85X9tRaw]]; nested: RemoteTransportException[[node_s0][local[172]][internal:cluster/nodes/indices/shard/store[n]]]; nested: ElasticsearchException[Failed to list store metadata for shard [[test][0]]]; nested: CorruptIndexException[invalid deletion count: 65536 vs maxDoc=656 (resource=BufferedChecksumIndexInput(MockIndexInputWrapper(NIOFSIndexInput(path="/Users/lwiskowski/CSE2410_spring2016_projectileDysfunction/core/build/testrun/integTest/J2/temp/org.elasticsearch.index.store.CorruptedFileIT_AF876320E2D19F69-001/tempDir-001/data/SUITE-CHILD_VM=[2]-CLUSTER_SEED=[-8313708514896918260]-HASH=[263D6451D50F]-cluster/nodes/2/indices/test/0/index/segments_2"))))];
	at org.elasticsearch.action.support.nodes.TransportNodesAction$AsyncAction.onFailure(TransportNodesAction.java:208)
	at org.elasticsearch.action.support.nodes.TransportNodesAction$AsyncAction.access$700(TransportNodesAction.java:109)
	at org.elasticsearch.action.support.nodes.TransportNodesAction$AsyncAction$2.handleException(TransportNodesAction.java:181)
	at org.elasticsearch.transport.local.LocalTransport.handleException(LocalTransport.java:370)
	at org.elasticsearch.transport.local.LocalTransport.handlerResponseError(LocalTransport.java:361)
	at org.elasticsearch.transport.local.LocalTransport.messageReceived(LocalTransport.java:257)
	at org.elasticsearch.transport.local.LocalTransportChannel$2.run(LocalTransportChannel.java:103)
	at java.util.concurrent.ThreadPoolExecutor.runWorker(ThreadPoolExecutor.java:1142)
	at java.util.concurrent.ThreadPoolExecutor$Worker.run(ThreadPoolExecutor.java:617)
	at java.lang.Thread.run(Thread.java:745)
Caused by: RemoteTransportException[[node_s0][local[172]][internal:cluster/nodes/indices/shard/store[n]]]; nested: ElasticsearchException[Failed to list store metadata for shard [[test][0]]]; nested: CorruptIndexException[invalid deletion count: 65536 vs maxDoc=656 (resource=BufferedChecksumIndexInput(MockIndexInputWrapper(NIOFSIndexInput(path="/Users/lwiskowski/CSE2410_spring2016_projectileDysfunction/core/build/testrun/integTest/J2/temp/org.elasticsearch.index.store.CorruptedFileIT_AF876320E2D19F69-001/tempDir-001/data/SUITE-CHILD_VM=[2]-CLUSTER_SEED=[-8313708514896918260]-HASH=[263D6451D50F]-cluster/nodes/2/indices/test/0/index/segments_2"))))];
Caused by: ElasticsearchException[Failed to list store metadata for shard [[test][0]]]; nested: CorruptIndexException[invalid deletion count: 65536 vs maxDoc=656 (resource=BufferedChecksumIndexInput(MockIndexInputWrapper(NIOFSIndexInput(path="/Users/lwiskowski/CSE2410_spring2016_projectileDysfunction/core/build/testrun/integTest/J2/temp/org.elasticsearch.index.store.CorruptedFileIT_AF876320E2D19F69-001/tempDir-001/data/SUITE-CHILD_VM=[2]-CLUSTER_SEED=[-8313708514896918260]-HASH=[263D6451D50F]-cluster/nodes/2/indices/test/0/index/segments_2"))))];
	at org.elasticsearch.indices.store.TransportNodesListShardStoreMetaData.nodeOperation(TransportNodesListShardStoreMetaData.java:147)
	at org.elasticsearch.indices.store.TransportNodesListShardStoreMetaData.nodeOperation(TransportNodesListShardStoreMetaData.java:70)
	at org.elasticsearch.action.support.nodes.TransportNodesAction$NodeTransportHandler.messageReceived(TransportNodesAction.java:232)
	at org.elasticsearch.action.support.nodes.TransportNodesAction$NodeTransportHandler.messageReceived(TransportNodesAction.java:228)
	at org.elasticsearch.transport.TransportRequestHandler.messageReceived(TransportRequestHandler.java:33)
	at org.elasticsearch.transport.RequestHandlerRegistry.processMessageReceived(RequestHandlerRegistry.java:65)
	at org.elasticsearch.transport.local.LocalTransport$2.doRun(LocalTransport.java:296)
	at org.elasticsearch.common.util.concurrent.AbstractRunnable.run(AbstractRunnable.java:37)
	at java.util.concurrent.ThreadPoolExecutor.runWorker(ThreadPoolExecutor.java:1142)
	at java.util.concurrent.ThreadPoolExecutor$Worker.run(ThreadPoolExecutor.java:617)
	at java.lang.Thread.run(Thread.java:745)
Caused by: org.apache.lucene.index.CorruptIndexException: invalid deletion count: 65536 vs maxDoc=656 (resource=BufferedChecksumIndexInput(MockIndexInputWrapper(NIOFSIndexInput(path="/Users/lwiskowski/CSE2410_spring2016_projectileDysfunction/core/build/testrun/integTest/J2/temp/org.elasticsearch.index.store.CorruptedFileIT_AF876320E2D19F69-001/tempDir-001/data/SUITE-CHILD_VM=[2]-CLUSTER_SEED=[-8313708514896918260]-HASH=[263D6451D50F]-cluster/nodes/2/indices/test/0/index/segments_2"))))
	at org.apache.lucene.index.SegmentInfos.readCommit(SegmentInfos.java:368)
	at org.apache.lucene.index.SegmentInfos$1.doBody(SegmentInfos.java:493)
	at org.apache.lucene.index.SegmentInfos$1.doBody(SegmentInfos.java:490)
	at org.apache.lucene.index.SegmentInfos$FindSegmentsFile.run(SegmentInfos.java:731)
	at org.apache.lucene.index.SegmentInfos$FindSegmentsFile.run(SegmentInfos.java:683)
	at org.apache.lucene.index.SegmentInfos.readLatestCommit(SegmentInfos.java:495)
	at org.elasticsearch.common.lucene.Lucene.readSegmentInfos(Lucene.java:123)
	at org.elasticsearch.index.store.Store.readSegmentsInfo(Store.java:196)
	at org.elasticsearch.index.store.Store.access$200(Store.java:122)
	at org.elasticsearch.index.store.Store$MetadataSnapshot.loadMetadata(Store.java:845)
	at org.elasticsearch.index.store.Store$MetadataSnapshot.<init>(Store.java:794)
	at org.elasticsearch.index.store.Store.getMetadata(Store.java:266)
	at org.elasticsearch.index.store.Store.getMetadataOrEmpty(Store.java:225)
	at org.elasticsearch.indices.store.TransportNodesListShardStoreMetaData.listStoreMetaData(TransportNodesListShardStoreMetaData.java:164)
	at org.elasticsearch.indices.store.TransportNodesListShardStoreMetaData.nodeOperation(TransportNodesListShardStoreMetaData.java:145)
	... 10 more
[2016-04-18 03:02:59,258][WARN ][org.elasticsearch.index  ] [node_s2] [test] [index.merge.enabled] is set to false, this should only be used in tests and can cause serious problems in production environments
[2016-04-18 03:02:59,259][WARN ][org.elasticsearch.gateway] [node_s0] [test][0]: failed to list shard for shard_store on node [o5bG6oNsRri7DU85X9tRaw]
FailedNodeException[Failed node [o5bG6oNsRri7DU85X9tRaw]]; nested: RemoteTransportException[[node_s0][local[172]][internal:cluster/nodes/indices/shard/store[n]]]; nested: ElasticsearchException[Failed to list store metadata for shard [[test][0]]]; nested: CorruptIndexException[invalid deletion count: 65536 vs maxDoc=656 (resource=BufferedChecksumIndexInput(MockIndexInputWrapper(NIOFSIndexInput(path="/Users/lwiskowski/CSE2410_spring2016_projectileDysfunction/core/build/testrun/integTest/J2/temp/org.elasticsearch.index.store.CorruptedFileIT_AF876320E2D19F69-001/tempDir-001/data/SUITE-CHILD_VM=[2]-CLUSTER_SEED=[-8313708514896918260]-HASH=[263D6451D50F]-cluster/nodes/2/indices/test/0/index/segments_2"))))];
	at org.elasticsearch.action.support.nodes.TransportNodesAction$AsyncAction.onFailure(TransportNodesAction.java:208)
	at org.elasticsearch.action.support.nodes.TransportNodesAction$AsyncAction.access$700(TransportNodesAction.java:109)
	at org.elasticsearch.action.support.nodes.TransportNodesAction$AsyncAction$2.handleException(TransportNodesAction.java:181)
	at org.elasticsearch.transport.local.LocalTransport.handleException(LocalTransport.java:370)
	at org.elasticsearch.transport.local.LocalTransport.handlerResponseError(LocalTransport.java:361)
	at org.elasticsearch.transport.local.LocalTransport.messageReceived(LocalTransport.java:257)
	at org.elasticsearch.transport.local.LocalTransportChannel$2.run(LocalTransportChannel.java:103)
	at java.util.concurrent.ThreadPoolExecutor.runWorker(ThreadPoolExecutor.java:1142)
	at java.util.concurrent.ThreadPoolExecutor$Worker.run(ThreadPoolExecutor.java:617)
	at java.lang.Thread.run(Thread.java:745)
Caused by: RemoteTransportException[[node_s0][local[172]][internal:cluster/nodes/indices/shard/store[n]]]; nested: ElasticsearchException[Failed to list store metadata for shard [[test][0]]]; nested: CorruptIndexException[invalid deletion count: 65536 vs maxDoc=656 (resource=BufferedChecksumIndexInput(MockIndexInputWrapper(NIOFSIndexInput(path="/Users/lwiskowski/CSE2410_spring2016_projectileDysfunction/core/build/testrun/integTest/J2/temp/org.elasticsearch.index.store.CorruptedFileIT_AF876320E2D19F69-001/tempDir-001/data/SUITE-CHILD_VM=[2]-CLUSTER_SEED=[-8313708514896918260]-HASH=[263D6451D50F]-cluster/nodes/2/indices/test/0/index/segments_2"))))];
Caused by: ElasticsearchException[Failed to list store metadata for shard [[test][0]]]; nested: CorruptIndexException[invalid deletion count: 65536 vs maxDoc=656 (resource=BufferedChecksumIndexInput(MockIndexInputWrapper(NIOFSIndexInput(path="/Users/lwiskowski/CSE2410_spring2016_projectileDysfunction/core/build/testrun/integTest/J2/temp/org.elasticsearch.index.store.CorruptedFileIT_AF876320E2D19F69-001/tempDir-001/data/SUITE-CHILD_VM=[2]-CLUSTER_SEED=[-8313708514896918260]-HASH=[263D6451D50F]-cluster/nodes/2/indices/test/0/index/segments_2"))))];
	at org.elasticsearch.indices.store.TransportNodesListShardStoreMetaData.nodeOperation(TransportNodesListShardStoreMetaData.java:147)
	at org.elasticsearch.indices.store.TransportNodesListShardStoreMetaData.nodeOperation(TransportNodesListShardStoreMetaData.java:70)
	at org.elasticsearch.action.support.nodes.TransportNodesAction$NodeTransportHandler.messageReceived(TransportNodesAction.java:232)
	at org.elasticsearch.action.support.nodes.TransportNodesAction$NodeTransportHandler.messageReceived(TransportNodesAction.java:228)
	at org.elasticsearch.transport.TransportRequestHandler.messageReceived(TransportRequestHandler.java:33)
	at org.elasticsearch.transport.RequestHandlerRegistry.processMessageReceived(RequestHandlerRegistry.java:65)
	at org.elasticsearch.transport.local.LocalTransport$2.doRun(LocalTransport.java:296)
	at org.elasticsearch.common.util.concurrent.AbstractRunnable.run(AbstractRunnable.java:37)
	at java.util.concurrent.ThreadPoolExecutor.runWorker(ThreadPoolExecutor.java:1142)
	at java.util.concurrent.ThreadPoolExecutor$Worker.run(ThreadPoolExecutor.java:617)
	at java.lang.Thread.run(Thread.java:745)
Caused by: org.apache.lucene.index.CorruptIndexException: invalid deletion count: 65536 vs maxDoc=656 (resource=BufferedChecksumIndexInput(MockIndexInputWrapper(NIOFSIndexInput(path="/Users/lwiskowski/CSE2410_spring2016_projectileDysfunction/core/build/testrun/integTest/J2/temp/org.elasticsearch.index.store.CorruptedFileIT_AF876320E2D19F69-001/tempDir-001/data/SUITE-CHILD_VM=[2]-CLUSTER_SEED=[-8313708514896918260]-HASH=[263D6451D50F]-cluster/nodes/2/indices/test/0/index/segments_2"))))
	at org.apache.lucene.index.SegmentInfos.readCommit(SegmentInfos.java:368)
	at org.apache.lucene.index.SegmentInfos$1.doBody(SegmentInfos.java:493)
	at org.apache.lucene.index.SegmentInfos$1.doBody(SegmentInfos.java:490)
	at org.apache.lucene.index.SegmentInfos$FindSegmentsFile.run(SegmentInfos.java:731)
	at org.apache.lucene.index.SegmentInfos$FindSegmentsFile.run(SegmentInfos.java:683)
	at org.apache.lucene.index.SegmentInfos.readLatestCommit(SegmentInfos.java:495)
	at org.elasticsearch.common.lucene.Lucene.readSegmentInfos(Lucene.java:123)
	at org.elasticsearch.index.store.Store.readSegmentsInfo(Store.java:196)
	at org.elasticsearch.index.store.Store.access$200(Store.java:122)
	at org.elasticsearch.index.store.Store$MetadataSnapshot.loadMetadata(Store.java:845)
	at org.elasticsearch.index.store.Store$MetadataSnapshot.<init>(Store.java:794)
	at org.elasticsearch.index.store.Store.getMetadata(Store.java:266)
	at org.elasticsearch.index.store.Store.getMetadataOrEmpty(Store.java:225)
	at org.elasticsearch.indices.store.TransportNodesListShardStoreMetaData.listStoreMetaData(TransportNodesListShardStoreMetaData.java:164)
	at org.elasticsearch.indices.store.TransportNodesListShardStoreMetaData.nodeOperation(TransportNodesListShardStoreMetaData.java:145)
	... 10 more
[2016-04-18 03:02:59,261][WARN ][org.elasticsearch.index  ] [node_s2] [test] [index.merge.enabled] is set to false, this should only be used in tests and can cause serious problems in production environments
[2016-04-18 03:02:59,262][WARN ][org.elasticsearch.gateway] [node_s0] [test][0]: failed to list shard for shard_store on node [o5bG6oNsRri7DU85X9tRaw]
FailedNodeException[Failed node [o5bG6oNsRri7DU85X9tRaw]]; nested: RemoteTransportException[[node_s0][local[172]][internal:cluster/nodes/indices/shard/store[n]]]; nested: ElasticsearchException[Failed to list store metadata for shard [[test][0]]]; nested: CorruptIndexException[invalid deletion count: 65536 vs maxDoc=656 (resource=BufferedChecksumIndexInput(MockIndexInputWrapper(NIOFSIndexInput(path="/Users/lwiskowski/CSE2410_spring2016_projectileDysfunction/core/build/testrun/integTest/J2/temp/org.elasticsearch.index.store.CorruptedFileIT_AF876320E2D19F69-001/tempDir-001/data/SUITE-CHILD_VM=[2]-CLUSTER_SEED=[-8313708514896918260]-HASH=[263D6451D50F]-cluster/nodes/2/indices/test/0/index/segments_2"))))];
	at org.elasticsearch.action.support.nodes.TransportNodesAction$AsyncAction.onFailure(TransportNodesAction.java:208)
	at org.elasticsearch.action.support.nodes.TransportNodesAction$AsyncAction.access$700(TransportNodesAction.java:109)
	at org.elasticsearch.action.support.nodes.TransportNodesAction$AsyncAction$2.handleException(TransportNodesAction.java:181)
	at org.elasticsearch.transport.local.LocalTransport.handleException(LocalTransport.java:370)
	at org.elasticsearch.transport.local.LocalTransport.handlerResponseError(LocalTransport.java:361)
	at org.elasticsearch.transport.local.LocalTransport.messageReceived(LocalTransport.java:257)
	at org.elasticsearch.transport.local.LocalTransportChannel$2.run(LocalTransportChannel.java:103)
	at java.util.concurrent.ThreadPoolExecutor.runWorker(ThreadPoolExecutor.java:1142)
	at java.util.concurrent.ThreadPoolExecutor$Worker.run(ThreadPoolExecutor.java:617)
	at java.lang.Thread.run(Thread.java:745)
Caused by: RemoteTransportException[[node_s0][local[172]][internal:cluster/nodes/indices/shard/store[n]]]; nested: ElasticsearchException[Failed to list store metadata for shard [[test][0]]]; nested: CorruptIndexException[invalid deletion count: 65536 vs maxDoc=656 (resource=BufferedChecksumIndexInput(MockIndexInputWrapper(NIOFSIndexInput(path="/Users/lwiskowski/CSE2410_spring2016_projectileDysfunction/core/build/testrun/integTest/J2/temp/org.elasticsearch.index.store.CorruptedFileIT_AF876320E2D19F69-001/tempDir-001/data/SUITE-CHILD_VM=[2]-CLUSTER_SEED=[-8313708514896918260]-HASH=[263D6451D50F]-cluster/nodes/2/indices/test/0/index/segments_2"))))];
Caused by: ElasticsearchException[Failed to list store metadata for shard [[test][0]]]; nested: CorruptIndexException[invalid deletion count: 65536 vs maxDoc=656 (resource=BufferedChecksumIndexInput(MockIndexInputWrapper(NIOFSIndexInput(path="/Users/lwiskowski/CSE2410_spring2016_projectileDysfunction/core/build/testrun/integTest/J2/temp/org.elasticsearch.index.store.CorruptedFileIT_AF876320E2D19F69-001/tempDir-001/data/SUITE-CHILD_VM=[2]-CLUSTER_SEED=[-8313708514896918260]-HASH=[263D6451D50F]-cluster/nodes/2/indices/test/0/index/segments_2"))))];
	at org.elasticsearch.indices.store.TransportNodesListShardStoreMetaData.nodeOperation(TransportNodesListShardStoreMetaData.java:147)
	at org.elasticsearch.indices.store.TransportNodesListShardStoreMetaData.nodeOperation(TransportNodesListShardStoreMetaData.java:70)
	at org.elasticsearch.action.support.nodes.TransportNodesAction$NodeTransportHandler.messageReceived(TransportNodesAction.java:232)
	at org.elasticsearch.action.support.nodes.TransportNodesAction$NodeTransportHandler.messageReceived(TransportNodesAction.java:228)
	at org.elasticsearch.transport.TransportRequestHandler.messageReceived(TransportRequestHandler.java:33)
	at org.elasticsearch.transport.RequestHandlerRegistry.processMessageReceived(RequestHandlerRegistry.java:65)
	at org.elasticsearch.transport.local.LocalTransport$2.doRun(LocalTransport.java:296)
	at org.elasticsearch.common.util.concurrent.AbstractRunnable.run(AbstractRunnable.java:37)
	at java.util.concurrent.ThreadPoolExecutor.runWorker(ThreadPoolExecutor.java:1142)
	at java.util.concurrent.ThreadPoolExecutor$Worker.run(ThreadPoolExecutor.java:617)
	at java.lang.Thread.run(Thread.java:745)
Caused by: org.apache.lucene.index.CorruptIndexException: invalid deletion count: 65536 vs maxDoc=656 (resource=BufferedChecksumIndexInput(MockIndexInputWrapper(NIOFSIndexInput(path="/Users/lwiskowski/CSE2410_spring2016_projectileDysfunction/core/build/testrun/integTest/J2/temp/org.elasticsearch.index.store.CorruptedFileIT_AF876320E2D19F69-001/tempDir-001/data/SUITE-CHILD_VM=[2]-CLUSTER_SEED=[-8313708514896918260]-HASH=[263D6451D50F]-cluster/nodes/2/indices/test/0/index/segments_2"))))
	at org.apache.lucene.index.SegmentInfos.readCommit(SegmentInfos.java:368)
	at org.apache.lucene.index.SegmentInfos$1.doBody(SegmentInfos.java:493)
	at org.apache.lucene.index.SegmentInfos$1.doBody(SegmentInfos.java:490)
	at org.apache.lucene.index.SegmentInfos$FindSegmentsFile.run(SegmentInfos.java:731)
	at org.apache.lucene.index.SegmentInfos$FindSegmentsFile.run(SegmentInfos.java:683)
	at org.apache.lucene.index.SegmentInfos.readLatestCommit(SegmentInfos.java:495)
	at org.elasticsearch.common.lucene.Lucene.readSegmentInfos(Lucene.java:123)
	at org.elasticsearch.index.store.Store.readSegmentsInfo(Store.java:196)
	at org.elasticsearch.index.store.Store.access$200(Store.java:122)
	at org.elasticsearch.index.store.Store$MetadataSnapshot.loadMetadata(Store.java:845)
	at org.elasticsearch.index.store.Store$MetadataSnapshot.<init>(Store.java:794)
	at org.elasticsearch.index.store.Store.getMetadata(Store.java:266)
	at org.elasticsearch.index.store.Store.getMetadataOrEmpty(Store.java:225)
	at org.elasticsearch.indices.store.TransportNodesListShardStoreMetaData.listStoreMetaData(TransportNodesListShardStoreMetaData.java:164)
	at org.elasticsearch.indices.store.TransportNodesListShardStoreMetaData.nodeOperation(TransportNodesListShardStoreMetaData.java:145)
	... 10 more
[2016-04-18 03:02:59,263][WARN ][org.elasticsearch.index  ] [node_s2] [test] [index.merge.enabled] is set to false, this should only be used in tests and can cause serious problems in production environments
[2016-04-18 03:02:59,264][WARN ][org.elasticsearch.gateway] [node_s0] [test][0]: failed to list shard for shard_store on node [o5bG6oNsRri7DU85X9tRaw]
FailedNodeException[Failed node [o5bG6oNsRri7DU85X9tRaw]]; nested: RemoteTransportException[[node_s0][local[172]][internal:cluster/nodes/indices/shard/store[n]]]; nested: ElasticsearchException[Failed to list store metadata for shard [[test][0]]]; nested: CorruptIndexException[invalid deletion count: 65536 vs maxDoc=656 (resource=BufferedChecksumIndexInput(MockIndexInputWrapper(NIOFSIndexInput(path="/Users/lwiskowski/CSE2410_spring2016_projectileDysfunction/core/build/testrun/integTest/J2/temp/org.elasticsearch.index.store.CorruptedFileIT_AF876320E2D19F69-001/tempDir-001/data/SUITE-CHILD_VM=[2]-CLUSTER_SEED=[-8313708514896918260]-HASH=[263D6451D50F]-cluster/nodes/2/indices/test/0/index/segments_2"))))];
	at org.elasticsearch.action.support.nodes.TransportNodesAction$AsyncAction.onFailure(TransportNodesAction.java:208)
	at org.elasticsearch.action.support.nodes.TransportNodesAction$AsyncAction.access$700(TransportNodesAction.java:109)
	at org.elasticsearch.action.support.nodes.TransportNodesAction$AsyncAction$2.handleException(TransportNodesAction.java:181)
	at org.elasticsearch.transport.local.LocalTransport.handleException(LocalTransport.java:370)
	at org.elasticsearch.transport.local.LocalTransport.handlerResponseError(LocalTransport.java:361)
	at org.elasticsearch.transport.local.LocalTransport.messageReceived(LocalTransport.java:257)
	at org.elasticsearch.transport.local.LocalTransportChannel$2.run(LocalTransportChannel.java:103)
	at java.util.concurrent.ThreadPoolExecutor.runWorker(ThreadPoolExecutor.java:1142)
	at java.util.concurrent.ThreadPoolExecutor$Worker.run(ThreadPoolExecutor.java:617)
	at java.lang.Thread.run(Thread.java:745)
Caused by: RemoteTransportException[[node_s0][local[172]][internal:cluster/nodes/indices/shard/store[n]]]; nested: ElasticsearchException[Failed to list store metadata for shard [[test][0]]]; nested: CorruptIndexException[invalid deletion count: 65536 vs maxDoc=656 (resource=BufferedChecksumIndexInput(MockIndexInputWrapper(NIOFSIndexInput(path="/Users/lwiskowski/CSE2410_spring2016_projectileDysfunction/core/build/testrun/integTest/J2/temp/org.elasticsearch.index.store.CorruptedFileIT_AF876320E2D19F69-001/tempDir-001/data/SUITE-CHILD_VM=[2]-CLUSTER_SEED=[-8313708514896918260]-HASH=[263D6451D50F]-cluster/nodes/2/indices/test/0/index/segments_2"))))];
Caused by: ElasticsearchException[Failed to list store metadata for shard [[test][0]]]; nested: CorruptIndexException[invalid deletion count: 65536 vs maxDoc=656 (resource=BufferedChecksumIndexInput(MockIndexInputWrapper(NIOFSIndexInput(path="/Users/lwiskowski/CSE2410_spring2016_projectileDysfunction/core/build/testrun/integTest/J2/temp/org.elasticsearch.index.store.CorruptedFileIT_AF876320E2D19F69-001/tempDir-001/data/SUITE-CHILD_VM=[2]-CLUSTER_SEED=[-8313708514896918260]-HASH=[263D6451D50F]-cluster/nodes/2/indices/test/0/index/segments_2"))))];
	at org.elasticsearch.indices.store.TransportNodesListShardStoreMetaData.nodeOperation(TransportNodesListShardStoreMetaData.java:147)
	at org.elasticsearch.indices.store.TransportNodesListShardStoreMetaData.nodeOperation(TransportNodesListShardStoreMetaData.java:70)
	at org.elasticsearch.action.support.nodes.TransportNodesAction$NodeTransportHandler.messageReceived(TransportNodesAction.java:232)
	at org.elasticsearch.action.support.nodes.TransportNodesAction$NodeTransportHandler.messageReceived(TransportNodesAction.java:228)
	at org.elasticsearch.transport.TransportRequestHandler.messageReceived(TransportRequestHandler.java:33)
	at org.elasticsearch.transport.RequestHandlerRegistry.processMessageReceived(RequestHandlerRegistry.java:65)
	at org.elasticsearch.transport.local.LocalTransport$2.doRun(LocalTransport.java:296)
	at org.elasticsearch.common.util.concurrent.AbstractRunnable.run(AbstractRunnable.java:37)
	at java.util.concurrent.ThreadPoolExecutor.runWorker(ThreadPoolExecutor.java:1142)
	at java.util.concurrent.ThreadPoolExecutor$Worker.run(ThreadPoolExecutor.java:617)
	at java.lang.Thread.run(Thread.java:745)
Caused by: org.apache.lucene.index.CorruptIndexException: invalid deletion count: 65536 vs maxDoc=656 (resource=BufferedChecksumIndexInput(MockIndexInputWrapper(NIOFSIndexInput(path="/Users/lwiskowski/CSE2410_spring2016_projectileDysfunction/core/build/testrun/integTest/J2/temp/org.elasticsearch.index.store.CorruptedFileIT_AF876320E2D19F69-001/tempDir-001/data/SUITE-CHILD_VM=[2]-CLUSTER_SEED=[-8313708514896918260]-HASH=[263D6451D50F]-cluster/nodes/2/indices/test/0/index/segments_2"))))
	at org.apache.lucene.index.SegmentInfos.readCommit(SegmentInfos.java:368)
	at org.apache.lucene.index.SegmentInfos$1.doBody(SegmentInfos.java:493)
	at org.apache.lucene.index.SegmentInfos$1.doBody(SegmentInfos.java:490)
	at org.apache.lucene.index.SegmentInfos$FindSegmentsFile.run(SegmentInfos.java:731)
	at org.apache.lucene.index.SegmentInfos$FindSegmentsFile.run(SegmentInfos.java:683)
	at org.apache.lucene.index.SegmentInfos.readLatestCommit(SegmentInfos.java:495)
	at org.elasticsearch.common.lucene.Lucene.readSegmentInfos(Lucene.java:123)
	at org.elasticsearch.index.store.Store.readSegmentsInfo(Store.java:196)
	at org.elasticsearch.index.store.Store.access$200(Store.java:122)
	at org.elasticsearch.index.store.Store$MetadataSnapshot.loadMetadata(Store.java:845)
	at org.elasticsearch.index.store.Store$MetadataSnapshot.<init>(Store.java:794)
	at org.elasticsearch.index.store.Store.getMetadata(Store.java:266)
	at org.elasticsearch.index.store.Store.getMetadataOrEmpty(Store.java:225)
	at org.elasticsearch.indices.store.TransportNodesListShardStoreMetaData.listStoreMetaData(TransportNodesListShardStoreMetaData.java:164)
	at org.elasticsearch.indices.store.TransportNodesListShardStoreMetaData.nodeOperation(TransportNodesListShardStoreMetaData.java:145)
	... 10 more
[2016-04-18 03:02:59,265][WARN ][org.elasticsearch.index  ] [node_s2] [test] [index.merge.enabled] is set to false, this should only be used in tests and can cause serious problems in production environments
[2016-04-18 03:02:59,267][WARN ][org.elasticsearch.gateway] [node_s0] [test][0]: failed to list shard for shard_store on node [o5bG6oNsRri7DU85X9tRaw]
FailedNodeException[Failed node [o5bG6oNsRri7DU85X9tRaw]]; nested: RemoteTransportException[[node_s0][local[172]][internal:cluster/nodes/indices/shard/store[n]]]; nested: ElasticsearchException[Failed to list store metadata for shard [[test][0]]]; nested: CorruptIndexException[invalid deletion count: 65536 vs maxDoc=656 (resource=BufferedChecksumIndexInput(MockIndexInputWrapper(NIOFSIndexInput(path="/Users/lwiskowski/CSE2410_spring2016_projectileDysfunction/core/build/testrun/integTest/J2/temp/org.elasticsearch.index.store.CorruptedFileIT_AF876320E2D19F69-001/tempDir-001/data/SUITE-CHILD_VM=[2]-CLUSTER_SEED=[-8313708514896918260]-HASH=[263D6451D50F]-cluster/nodes/2/indices/test/0/index/segments_2"))))];
	at org.elasticsearch.action.support.nodes.TransportNodesAction$AsyncAction.onFailure(TransportNodesAction.java:208)
	at org.elasticsearch.action.support.nodes.TransportNodesAction$AsyncAction.access$700(TransportNodesAction.java:109)
	at org.elasticsearch.action.support.nodes.TransportNodesAction$AsyncAction$2.handleException(TransportNodesAction.java:181)
	at org.elasticsearch.transport.local.LocalTransport.handleException(LocalTransport.java:370)
	at org.elasticsearch.transport.local.LocalTransport.handlerResponseError(LocalTransport.java:361)
	at org.elasticsearch.transport.local.LocalTransport.messageReceived(LocalTransport.java:257)
	at org.elasticsearch.transport.local.LocalTransportChannel$2.run(LocalTransportChannel.java:103)
	at java.util.concurrent.ThreadPoolExecutor.runWorker(ThreadPoolExecutor.java:1142)
	at java.util.concurrent.ThreadPoolExecutor$Worker.run(ThreadPoolExecutor.java:617)
	at java.lang.Thread.run(Thread.java:745)
Caused by: RemoteTransportException[[node_s0][local[172]][internal:cluster/nodes/indices/shard/store[n]]]; nested: ElasticsearchException[Failed to list store metadata for shard [[test][0]]]; nested: CorruptIndexException[invalid deletion count: 65536 vs maxDoc=656 (resource=BufferedChecksumIndexInput(MockIndexInputWrapper(NIOFSIndexInput(path="/Users/lwiskowski/CSE2410_spring2016_projectileDysfunction/core/build/testrun/integTest/J2/temp/org.elasticsearch.index.store.CorruptedFileIT_AF876320E2D19F69-001/tempDir-001/data/SUITE-CHILD_VM=[2]-CLUSTER_SEED=[-8313708514896918260]-HASH=[263D6451D50F]-cluster/nodes/2/indices/test/0/index/segments_2"))))];
Caused by: ElasticsearchException[Failed to list store metadata for shard [[test][0]]]; nested: CorruptIndexException[invalid deletion count: 65536 vs maxDoc=656 (resource=BufferedChecksumIndexInput(MockIndexInputWrapper(NIOFSIndexInput(path="/Users/lwiskowski/CSE2410_spring2016_projectileDysfunction/core/build/testrun/integTest/J2/temp/org.elasticsearch.index.store.CorruptedFileIT_AF876320E2D19F69-001/tempDir-001/data/SUITE-CHILD_VM=[2]-CLUSTER_SEED=[-8313708514896918260]-HASH=[263D6451D50F]-cluster/nodes/2/indices/test/0/index/segments_2"))))];
	at org.elasticsearch.indices.store.TransportNodesListShardStoreMetaData.nodeOperation(TransportNodesListShardStoreMetaData.java:147)
	at org.elasticsearch.indices.store.TransportNodesListShardStoreMetaData.nodeOperation(TransportNodesListShardStoreMetaData.java:70)
	at org.elasticsearch.action.support.nodes.TransportNodesAction$NodeTransportHandler.messageReceived(TransportNodesAction.java:232)
	at org.elasticsearch.action.support.nodes.TransportNodesAction$NodeTransportHandler.messageReceived(TransportNodesAction.java:228)
	at org.elasticsearch.transport.TransportRequestHandler.messageReceived(TransportRequestHandler.java:33)
	at org.elasticsearch.transport.RequestHandlerRegistry.processMessageReceived(RequestHandlerRegistry.java:65)
	at org.elasticsearch.transport.local.LocalTransport$2.doRun(LocalTransport.java:296)
	at org.elasticsearch.common.util.concurrent.AbstractRunnable.run(AbstractRunnable.java:37)
	at java.util.concurrent.ThreadPoolExecutor.runWorker(ThreadPoolExecutor.java:1142)
	at java.util.concurrent.ThreadPoolExecutor$Worker.run(ThreadPoolExecutor.java:617)
	at java.lang.Thread.run(Thread.java:745)
Caused by: org.apache.lucene.index.CorruptIndexException: invalid deletion count: 65536 vs maxDoc=656 (resource=BufferedChecksumIndexInput(MockIndexInputWrapper(NIOFSIndexInput(path="/Users/lwiskowski/CSE2410_spring2016_projectileDysfunction/core/build/testrun/integTest/J2/temp/org.elasticsearch.index.store.CorruptedFileIT_AF876320E2D19F69-001/tempDir-001/data/SUITE-CHILD_VM=[2]-CLUSTER_SEED=[-8313708514896918260]-HASH=[263D6451D50F]-cluster/nodes/2/indices/test/0/index/segments_2"))))
	at org.apache.lucene.index.SegmentInfos.readCommit(SegmentInfos.java:368)
	at org.apache.lucene.index.SegmentInfos$1.doBody(SegmentInfos.java:493)
	at org.apache.lucene.index.SegmentInfos$1.doBody(SegmentInfos.java:490)
	at org.apache.lucene.index.SegmentInfos$FindSegmentsFile.run(SegmentInfos.java:731)
	at org.apache.lucene.index.SegmentInfos$FindSegmentsFile.run(SegmentInfos.java:683)
	at org.apache.lucene.index.SegmentInfos.readLatestCommit(SegmentInfos.java:495)
	at org.elasticsearch.common.lucene.Lucene.readSegmentInfos(Lucene.java:123)
	at org.elasticsearch.index.store.Store.readSegmentsInfo(Store.java:196)
	at org.elasticsearch.index.store.Store.access$200(Store.java:122)
	at org.elasticsearch.index.store.Store$MetadataSnapshot.loadMetadata(Store.java:845)
	at org.elasticsearch.index.store.Store$MetadataSnapshot.<init>(Store.java:794)
	at org.elasticsearch.index.store.Store.getMetadata(Store.java:266)
	at org.elasticsearch.index.store.Store.getMetadataOrEmpty(Store.java:225)
	at org.elasticsearch.indices.store.TransportNodesListShardStoreMetaData.listStoreMetaData(TransportNodesListShardStoreMetaData.java:164)
	at org.elasticsearch.indices.store.TransportNodesListShardStoreMetaData.nodeOperation(TransportNodesListShardStoreMetaData.java:145)
	... 10 more
[2016-04-18 03:02:59,268][WARN ][org.elasticsearch.index  ] [node_s2] [test] [index.merge.enabled] is set to false, this should only be used in tests and can cause serious problems in production environments
[2016-04-18 03:02:59,269][WARN ][org.elasticsearch.index  ] [node_s2] [test] [index.merge.enabled] is set to false, this should only be used in tests and can cause serious problems in production environments
[2016-04-18 03:02:59,269][WARN ][org.elasticsearch.index  ] [node_s2] [test] [index.merge.enabled] is set to false, this should only be used in tests and can cause serious problems in production environments
[2016-04-18 03:02:59,270][WARN ][org.elasticsearch.index  ] [node_s1] [test] [index.merge.enabled] is set to false, this should only be used in tests and can cause serious problems in production environments
[2016-04-18 03:02:59,271][WARN ][org.elasticsearch.gateway] [node_s0] [test][0]: failed to list shard for shard_store on node [o5bG6oNsRri7DU85X9tRaw]
FailedNodeException[Failed node [o5bG6oNsRri7DU85X9tRaw]]; nested: RemoteTransportException[[node_s0][local[172]][internal:cluster/nodes/indices/shard/store[n]]]; nested: ElasticsearchException[Failed to list store metadata for shard [[test][0]]]; nested: CorruptIndexException[invalid deletion count: 65536 vs maxDoc=656 (resource=BufferedChecksumIndexInput(MockIndexInputWrapper(NIOFSIndexInput(path="/Users/lwiskowski/CSE2410_spring2016_projectileDysfunction/core/build/testrun/integTest/J2/temp/org.elasticsearch.index.store.CorruptedFileIT_AF876320E2D19F69-001/tempDir-001/data/SUITE-CHILD_VM=[2]-CLUSTER_SEED=[-8313708514896918260]-HASH=[263D6451D50F]-cluster/nodes/2/indices/test/0/index/segments_2"))))];
	at org.elasticsearch.action.support.nodes.TransportNodesAction$AsyncAction.onFailure(TransportNodesAction.java:208)
	at org.elasticsearch.action.support.nodes.TransportNodesAction$AsyncAction.access$700(TransportNodesAction.java:109)
	at org.elasticsearch.action.support.nodes.TransportNodesAction$AsyncAction$2.handleException(TransportNodesAction.java:181)
	at org.elasticsearch.transport.local.LocalTransport.handleException(LocalTransport.java:370)
	at org.elasticsearch.transport.local.LocalTransport.handlerResponseError(LocalTransport.java:361)
	at org.elasticsearch.transport.local.LocalTransport.messageReceived(LocalTransport.java:257)
	at org.elasticsearch.transport.local.LocalTransportChannel$2.run(LocalTransportChannel.java:103)
	at java.util.concurrent.ThreadPoolExecutor.runWorker(ThreadPoolExecutor.java:1142)
	at java.util.concurrent.ThreadPoolExecutor$Worker.run(ThreadPoolExecutor.java:617)
	at java.lang.Thread.run(Thread.java:745)
Caused by: RemoteTransportException[[node_s0][local[172]][internal:cluster/nodes/indices/shard/store[n]]]; nested: ElasticsearchException[Failed to list store metadata for shard [[test][0]]]; nested: CorruptIndexException[invalid deletion count: 65536 vs maxDoc=656 (resource=BufferedChecksumIndexInput(MockIndexInputWrapper(NIOFSIndexInput(path="/Users/lwiskowski/CSE2410_spring2016_projectileDysfunction/core/build/testrun/integTest/J2/temp/org.elasticsearch.index.store.CorruptedFileIT_AF876320E2D19F69-001/tempDir-001/data/SUITE-CHILD_VM=[2]-CLUSTER_SEED=[-8313708514896918260]-HASH=[263D6451D50F]-cluster/nodes/2/indices/test/0/index/segments_2"))))];
Caused by: ElasticsearchException[Failed to list store metadata for shard [[test][0]]]; nested: CorruptIndexException[invalid deletion count: 65536 vs maxDoc=656 (resource=BufferedChecksumIndexInput(MockIndexInputWrapper(NIOFSIndexInput(path="/Users/lwiskowski/CSE2410_spring2016_projectileDysfunction/core/build/testrun/integTest/J2/temp/org.elasticsearch.index.store.CorruptedFileIT_AF876320E2D19F69-001/tempDir-001/data/SUITE-CHILD_VM=[2]-CLUSTER_SEED=[-8313708514896918260]-HASH=[263D6451D50F]-cluster/nodes/2/indices/test/0/index/segments_2"))))];
	at org.elasticsearch.indices.store.TransportNodesListShardStoreMetaData.nodeOperation(TransportNodesListShardStoreMetaData.java:147)
	at org.elasticsearch.indices.store.TransportNodesListShardStoreMetaData.nodeOperation(TransportNodesListShardStoreMetaData.java:70)
	at org.elasticsearch.action.support.nodes.TransportNodesAction$NodeTransportHandler.messageReceived(TransportNodesAction.java:232)
	at org.elasticsearch.action.support.nodes.TransportNodesAction$NodeTransportHandler.messageReceived(TransportNodesAction.java:228)
	at org.elasticsearch.transport.TransportRequestHandler.messageReceived(TransportRequestHandler.java:33)
	at org.elasticsearch.transport.RequestHandlerRegistry.processMessageReceived(RequestHandlerRegistry.java:65)
	at org.elasticsearch.transport.local.LocalTransport$2.doRun(LocalTransport.java:296)
	at org.elasticsearch.common.util.concurrent.AbstractRunnable.run(AbstractRunnable.java:37)
	at java.util.concurrent.ThreadPoolExecutor.runWorker(ThreadPoolExecutor.java:1142)
	at java.util.concurrent.ThreadPoolExecutor$Worker.run(ThreadPoolExecutor.java:617)
	at java.lang.Thread.run(Thread.java:745)
Caused by: org.apache.lucene.index.CorruptIndexException: invalid deletion count: 65536 vs maxDoc=656 (resource=BufferedChecksumIndexInput(MockIndexInputWrapper(NIOFSIndexInput(path="/Users/lwiskowski/CSE2410_spring2016_projectileDysfunction/core/build/testrun/integTest/J2/temp/org.elasticsearch.index.store.CorruptedFileIT_AF876320E2D19F69-001/tempDir-001/data/SUITE-CHILD_VM=[2]-CLUSTER_SEED=[-8313708514896918260]-HASH=[263D6451D50F]-cluster/nodes/2/indices/test/0/index/segments_2"))))
	at org.apache.lucene.index.SegmentInfos.readCommit(SegmentInfos.java:368)
	at org.apache.lucene.index.SegmentInfos$1.doBody(SegmentInfos.java:493)
	at org.apache.lucene.index.SegmentInfos$1.doBody(SegmentInfos.java:490)
	at org.apache.lucene.index.SegmentInfos$FindSegmentsFile.run(SegmentInfos.java:731)
	at org.apache.lucene.index.SegmentInfos$FindSegmentsFile.run(SegmentInfos.java:683)
	at org.apache.lucene.index.SegmentInfos.readLatestCommit(SegmentInfos.java:495)
	at org.elasticsearch.common.lucene.Lucene.readSegmentInfos(Lucene.java:123)
	at org.elasticsearch.index.store.Store.readSegmentsInfo(Store.java:196)
	at org.elasticsearch.index.store.Store.access$200(Store.java:122)
	at org.elasticsearch.index.store.Store$MetadataSnapshot.loadMetadata(Store.java:845)
	at org.elasticsearch.index.store.Store$MetadataSnapshot.<init>(Store.java:794)
	at org.elasticsearch.index.store.Store.getMetadata(Store.java:266)
	at org.elasticsearch.index.store.Store.getMetadataOrEmpty(Store.java:225)
	at org.elasticsearch.indices.store.TransportNodesListShardStoreMetaData.listStoreMetaData(TransportNodesListShardStoreMetaData.java:164)
	at org.elasticsearch.indices.store.TransportNodesListShardStoreMetaData.nodeOperation(TransportNodesListShardStoreMetaData.java:145)
	... 10 more
[2016-04-18 03:02:59,273][WARN ][org.elasticsearch.index  ] [node_s0] [test] [index.merge.enabled] is set to false, this should only be used in tests and can cause serious problems in production environments
[2016-04-18 03:02:59,275][WARN ][org.elasticsearch.index  ] [node_s2] [test] [index.merge.enabled] is set to false, this should only be used in tests and can cause serious problems in production environments
[2016-04-18 03:02:59,276][WARN ][org.elasticsearch.index  ] [node_s1] [test] [index.merge.enabled] is set to false, this should only be used in tests and can cause serious problems in production environments
[2016-04-18 03:02:59,277][WARN ][org.elasticsearch.index  ] [node_s2] [test] [index.merge.enabled] is set to false, this should only be used in tests and can cause serious problems in production environments
[2016-04-18 03:02:59,278][WARN ][org.elasticsearch.index  ] [node_s2] [test] [index.merge.enabled] is set to false, this should only be used in tests and can cause serious problems in production environments
[2016-04-18 03:02:59,278][WARN ][org.elasticsearch.indices.recovery] [node_s2] error while listing local files, recover as if there are none
org.apache.lucene.index.CorruptIndexException: invalid deletion count: 65536 vs maxDoc=656 (resource=BufferedChecksumIndexInput(MockIndexInputWrapper(NIOFSIndexInput(path="/Users/lwiskowski/CSE2410_spring2016_projectileDysfunction/core/build/testrun/integTest/J2/temp/org.elasticsearch.index.store.CorruptedFileIT_AF876320E2D19F69-001/tempDir-001/data/SUITE-CHILD_VM=[2]-CLUSTER_SEED=[-8313708514896918260]-HASH=[263D6451D50F]-cluster/nodes/2/indices/test/0/index/segments_2"))))
	at org.apache.lucene.index.SegmentInfos.readCommit(SegmentInfos.java:368)
	at org.apache.lucene.index.SegmentInfos$1.doBody(SegmentInfos.java:493)
	at org.apache.lucene.index.SegmentInfos$1.doBody(SegmentInfos.java:490)
	at org.apache.lucene.index.SegmentInfos$FindSegmentsFile.run(SegmentInfos.java:731)
	at org.apache.lucene.index.SegmentInfos$FindSegmentsFile.run(SegmentInfos.java:683)
	at org.apache.lucene.index.SegmentInfos.readLatestCommit(SegmentInfos.java:495)
	at org.elasticsearch.common.lucene.Lucene.readSegmentInfos(Lucene.java:123)
	at org.elasticsearch.index.store.Store.readSegmentsInfo(Store.java:196)
	at org.elasticsearch.index.store.Store.access$200(Store.java:122)
	at org.elasticsearch.index.store.Store$MetadataSnapshot.loadMetadata(Store.java:845)
	at org.elasticsearch.index.store.Store$MetadataSnapshot.<init>(Store.java:794)
	at org.elasticsearch.index.store.Store.getMetadata(Store.java:266)
	at org.elasticsearch.index.store.Store.getMetadataOrEmpty(Store.java:225)
	at org.elasticsearch.indices.store.TransportNodesListShardStoreMetaData.listStoreMetaData(TransportNodesListShardStoreMetaData.java:164)
	at org.elasticsearch.indices.store.TransportNodesListShardStoreMetaData.nodeOperation(TransportNodesListShardStoreMetaData.java:145)
	at org.elasticsearch.indices.store.TransportNodesListShardStoreMetaData.nodeOperation(TransportNodesListShardStoreMetaData.java:70)
	at org.elasticsearch.action.support.nodes.TransportNodesAction$NodeTransportHandler.messageReceived(TransportNodesAction.java:232)
	at org.elasticsearch.action.support.nodes.TransportNodesAction$NodeTransportHandler.messageReceived(TransportNodesAction.java:228)
	at org.elasticsearch.transport.TransportRequestHandler.messageReceived(TransportRequestHandler.java:33)
	at org.elasticsearch.transport.RequestHandlerRegistry.processMessageReceived(RequestHandlerRegistry.java:65)
	at org.elasticsearch.transport.local.LocalTransport$2.doRun(LocalTransport.java:296)
	at org.elasticsearch.common.util.concurrent.AbstractRunnable.run(AbstractRunnable.java:37)
	at java.util.concurrent.ThreadPoolExecutor.runWorker(ThreadPoolExecutor.java:1142)
	at java.util.concurrent.ThreadPoolExecutor$Worker.run(ThreadPoolExecutor.java:617)
	at java.lang.Thread.run(Thread.java:745)
[2016-04-18 03:02:59,280][WARN ][org.elasticsearch.index  ] [node_s0] [test] [index.merge.enabled] is set to false, this should only be used in tests and can cause serious problems in production environments
[2016-04-18 03:02:59,293][WARN ][org.elasticsearch.index  ] [node_s2] [test] [index.merge.enabled] is set to false, this should only be used in tests and can cause serious problems in production environments
[2016-04-18 03:02:59,293][WARN ][org.elasticsearch.index  ] [node_s1] [test] [index.merge.enabled] is set to false, this should only be used in tests and can cause serious problems in production environments
[2016-04-18 03:02:59,296][WARN ][org.elasticsearch.index  ] [node_s0] [test] [index.merge.enabled] is set to false, this should only be used in tests and can cause serious problems in production environments
[2016-04-18 03:02:59,619][WARN ][org.elasticsearch.index  ] [node_s0] [test] [index.merge.enabled] is set to false, this should only be used in tests and can cause serious problems in production environments
[2016-04-18 03:02:59,620][WARN ][org.elasticsearch.index  ] [node_s0] [test] [index.merge.enabled] is set to false, this should only be used in tests and can cause serious problems in production environments
[2016-04-18 03:02:59,621][WARN ][org.elasticsearch.index  ] [node_s0] [test] [index.merge.enabled] is set to false, this should only be used in tests and can cause serious problems in production environments
[2016-04-18 03:02:59,621][WARN ][org.elasticsearch.index  ] [node_s0] [test] [index.merge.enabled] is set to false, this should only be used in tests and can cause serious problems in production environments
[2016-04-18 03:02:59,621][WARN ][org.elasticsearch.index  ] [node_s0] [test] [index.merge.enabled] is set to false, this should only be used in tests and can cause serious problems in production environments
[2016-04-18 03:02:59,621][WARN ][org.elasticsearch.index  ] [node_s0] [test] [index.merge.enabled] is set to false, this should only be used in tests and can cause serious problems in production environments
[2016-04-18 03:02:59,621][WARN ][org.elasticsearch.index  ] [node_s0] [test] [index.merge.enabled] is set to false, this should only be used in tests and can cause serious problems in production environments
[2016-04-18 03:02:59,621][WARN ][org.elasticsearch.index  ] [node_s0] [test] [index.merge.enabled] is set to false, this should only be used in tests and can cause serious problems in production environments
[2016-04-18 03:02:59,622][WARN ][org.elasticsearch.index  ] [node_s1] [test] [index.merge.enabled] is set to false, this should only be used in tests and can cause serious problems in production environments
[2016-04-18 03:02:59,624][WARN ][org.elasticsearch.index  ] [node_s1] [test] [index.merge.enabled] is set to false, this should only be used in tests and can cause serious problems in production environments
[2016-04-18 03:02:59,625][WARN ][org.elasticsearch.index  ] [node_s1] [test] [index.merge.enabled] is set to false, this should only be used in tests and can cause serious problems in production environments
[2016-04-18 03:02:59,628][WARN ][org.elasticsearch.index  ] [node_s1] [test] [index.merge.enabled] is set to false, this should only be used in tests and can cause serious problems in production environments
[2016-04-18 03:02:59,630][WARN ][org.elasticsearch.index  ] [node_s1] [test] [index.merge.enabled] is set to false, this should only be used in tests and can cause serious problems in production environments
[2016-04-18 03:02:59,631][WARN ][org.elasticsearch.index  ] [node_s0] [test] [index.merge.enabled] is set to false, this should only be used in tests and can cause serious problems in production environments
[2016-04-18 03:02:59,633][WARN ][org.elasticsearch.index  ] [node_s0] [test] [index.merge.enabled] is set to false, this should only be used in tests and can cause serious problems in production environments
[2016-04-18 03:02:59,636][WARN ][org.elasticsearch.index  ] [node_s0] [test] [index.merge.enabled] is set to false, this should only be used in tests and can cause serious problems in production environments
[2016-04-18 03:02:59,639][WARN ][org.elasticsearch.index  ] [node_s0] [test] [index.merge.enabled] is set to false, this should only be used in tests and can cause serious problems in production environments
[2016-04-18 03:02:59,641][WARN ][org.elasticsearch.index  ] [node_s0] [test] [index.merge.enabled] is set to false, this should only be used in tests and can cause serious problems in production environments
[2016-04-18 03:02:59,642][WARN ][org.elasticsearch.index  ] [node_s0] [test] [index.merge.enabled] is set to false, this should only be used in tests and can cause serious problems in production environments
[2016-04-18 03:02:59,648][WARN ][org.elasticsearch.index  ] [node_s1] [test] [index.merge.enabled] is set to false, this should only be used in tests and can cause serious problems in production environments
[2016-04-18 03:02:59,652][WARN ][org.elasticsearch.index  ] [node_s0] [test] [index.merge.enabled] is set to false, this should only be used in tests and can cause serious problems in production environments
[2016-04-18 03:02:59,654][WARN ][org.elasticsearch.index  ] [node_s1] [test] [index.merge.enabled] is set to false, this should only be used in tests and can cause serious problems in production environments
[2016-04-18 03:02:59,655][WARN ][org.elasticsearch.index  ] [node_s1] [test] [index.merge.enabled] is set to false, this should only be used in tests and can cause serious problems in production environments
[2016-04-18 03:02:59,657][WARN ][org.elasticsearch.index  ] [node_s1] [test] [index.merge.enabled] is set to false, this should only be used in tests and can cause serious problems in production environments
[2016-04-18 03:02:59,658][WARN ][org.elasticsearch.index  ] [node_s0] [test] [index.merge.enabled] is set to false, this should only be used in tests and can cause serious problems in production environments
[2016-04-18 03:02:59,659][WARN ][org.elasticsearch.index  ] [node_s0] [test] [index.merge.enabled] is set to false, this should only be used in tests and can cause serious problems in production environments
[2016-04-18 03:02:59,659][WARN ][org.elasticsearch.index  ] [node_s1] [test] [index.merge.enabled] is set to false, this should only be used in tests and can cause serious problems in production environments
[2016-04-18 03:02:59,661][WARN ][org.elasticsearch.index  ] [node_s0] [test] [index.merge.enabled] is set to false, this should only be used in tests and can cause serious problems in production environments
[2016-04-18 03:02:59,661][WARN ][org.elasticsearch.index  ] [node_s1] [test] [index.merge.enabled] is set to false, this should only be used in tests and can cause serious problems in production environments
[2016-04-18 03:02:59,663][WARN ][org.elasticsearch.index  ] [node_s0] [test] [index.merge.enabled] is set to false, this should only be used in tests and can cause serious problems in production environments
[2016-04-18 03:02:59,781][WARN ][org.elasticsearch.index.engine] [node_s0] [test][4] failed to read latest segment infos on flush
org.apache.lucene.index.CorruptIndexException: checksum failed (hardware problem?) : expected=e2b98c23 actual=d8f250a7 (resource=BufferedChecksumIndexInput(MockIndexInputWrapper(MMapIndexInput(path="/Users/lwiskowski/CSE2410_spring2016_projectileDysfunction/core/build/testrun/integTest/J2/temp/org.elasticsearch.index.store.CorruptedFileIT_AF876320E2D19F69-001/tempDir-001/data/SUITE-CHILD_VM=[2]-CLUSTER_SEED=[-8313708514896918260]-HASH=[263D6451D50F]-cluster/nodes/0/indices/test/4/index/_0.si"))))
	at org.apache.lucene.codecs.CodecUtil.checkFooter(CodecUtil.java:336)
	at org.apache.lucene.codecs.CodecUtil.checkFooter(CodecUtil.java:365)
	at org.apache.lucene.codecs.lucene50.Lucene50SegmentInfoFormat.read(Lucene50SegmentInfoFormat.java:117)
	at org.apache.lucene.index.SegmentInfos.readCommit(SegmentInfos.java:362)
	at org.apache.lucene.index.SegmentInfos$1.doBody(SegmentInfos.java:493)
	at org.apache.lucene.index.SegmentInfos$1.doBody(SegmentInfos.java:490)
	at org.apache.lucene.index.SegmentInfos$FindSegmentsFile.run(SegmentInfos.java:731)
	at org.apache.lucene.index.SegmentInfos$FindSegmentsFile.run(SegmentInfos.java:683)
	at org.apache.lucene.index.SegmentInfos.readLatestCommit(SegmentInfos.java:495)
	at org.elasticsearch.common.lucene.Lucene.readSegmentInfos(Lucene.java:123)
	at org.elasticsearch.index.store.Store.readSegmentsInfo(Store.java:196)
	at org.elasticsearch.index.store.Store.readLastCommittedSegmentsInfo(Store.java:181)
	at org.elasticsearch.index.engine.InternalEngine.flush(InternalEngine.java:663)
	at org.elasticsearch.index.engine.InternalEngine.snapshotIndex(InternalEngine.java:774)
	at org.elasticsearch.index.shard.IndexShard.snapshotIndex(IndexShard.java:750)
	at org.elasticsearch.snapshots.SnapshotShardsService.snapshot(SnapshotShardsService.java:341)
	at org.elasticsearch.snapshots.SnapshotShardsService.access$200(SnapshotShardsService.java:79)
	at org.elasticsearch.snapshots.SnapshotShardsService$1.doRun(SnapshotShardsService.java:299)
	at org.elasticsearch.common.util.concurrent.AbstractRunnable.run(AbstractRunnable.java:37)
	at java.util.concurrent.ThreadPoolExecutor.runWorker(ThreadPoolExecutor.java:1142)
	at java.util.concurrent.ThreadPoolExecutor$Worker.run(ThreadPoolExecutor.java:617)
	at java.lang.Thread.run(Thread.java:745)
[2016-04-18 03:02:59,782][WARN ][org.elasticsearch.index.engine] [node_s0] [test][4] failed engine [corrupt file (source: [flush])]
[test][[test][4]] FlushFailedEngineException[Flush failed]; nested: CorruptIndexException[checksum failed (hardware problem?) : expected=e2b98c23 actual=d8f250a7 (resource=BufferedChecksumIndexInput(MockIndexInputWrapper(MMapIndexInput(path="/Users/lwiskowski/CSE2410_spring2016_projectileDysfunction/core/build/testrun/integTest/J2/temp/org.elasticsearch.index.store.CorruptedFileIT_AF876320E2D19F69-001/tempDir-001/data/SUITE-CHILD_VM=[2]-CLUSTER_SEED=[-8313708514896918260]-HASH=[263D6451D50F]-cluster/nodes/0/indices/test/4/index/_0.si"))))];
	at org.elasticsearch.index.engine.InternalEngine.flush(InternalEngine.java:668)
	at org.elasticsearch.index.engine.InternalEngine.snapshotIndex(InternalEngine.java:774)
	at org.elasticsearch.index.shard.IndexShard.snapshotIndex(IndexShard.java:750)
	at org.elasticsearch.snapshots.SnapshotShardsService.snapshot(SnapshotShardsService.java:341)
	at org.elasticsearch.snapshots.SnapshotShardsService.access$200(SnapshotShardsService.java:79)
	at org.elasticsearch.snapshots.SnapshotShardsService$1.doRun(SnapshotShardsService.java:299)
	at org.elasticsearch.common.util.concurrent.AbstractRunnable.run(AbstractRunnable.java:37)
	at java.util.concurrent.ThreadPoolExecutor.runWorker(ThreadPoolExecutor.java:1142)
	at java.util.concurrent.ThreadPoolExecutor$Worker.run(ThreadPoolExecutor.java:617)
	at java.lang.Thread.run(Thread.java:745)
Caused by: org.apache.lucene.index.CorruptIndexException: checksum failed (hardware problem?) : expected=e2b98c23 actual=d8f250a7 (resource=BufferedChecksumIndexInput(MockIndexInputWrapper(MMapIndexInput(path="/Users/lwiskowski/CSE2410_spring2016_projectileDysfunction/core/build/testrun/integTest/J2/temp/org.elasticsearch.index.store.CorruptedFileIT_AF876320E2D19F69-001/tempDir-001/data/SUITE-CHILD_VM=[2]-CLUSTER_SEED=[-8313708514896918260]-HASH=[263D6451D50F]-cluster/nodes/0/indices/test/4/index/_0.si"))))
	at org.apache.lucene.codecs.CodecUtil.checkFooter(CodecUtil.java:336)
	at org.apache.lucene.codecs.CodecUtil.checkFooter(CodecUtil.java:365)
	at org.apache.lucene.codecs.lucene50.Lucene50SegmentInfoFormat.read(Lucene50SegmentInfoFormat.java:117)
	at org.apache.lucene.index.SegmentInfos.readCommit(SegmentInfos.java:362)
	at org.apache.lucene.index.SegmentInfos$1.doBody(SegmentInfos.java:493)
	at org.apache.lucene.index.SegmentInfos$1.doBody(SegmentInfos.java:490)
	at org.apache.lucene.index.SegmentInfos$FindSegmentsFile.run(SegmentInfos.java:731)
	at org.apache.lucene.index.SegmentInfos$FindSegmentsFile.run(SegmentInfos.java:683)
	at org.apache.lucene.index.SegmentInfos.readLatestCommit(SegmentInfos.java:495)
	at org.elasticsearch.common.lucene.Lucene.readSegmentInfos(Lucene.java:123)
	at org.elasticsearch.index.store.Store.readSegmentsInfo(Store.java:196)
	at org.elasticsearch.index.store.Store.readLastCommittedSegmentsInfo(Store.java:181)
	at org.elasticsearch.index.engine.InternalEngine.flush(InternalEngine.java:663)
	... 9 more
[2016-04-18 03:02:59,783][WARN ][org.elasticsearch.indices.cluster] [node_s0] [[test][4]] marking and sending shard failed due to [shard failure, reason [corrupt file (source: [flush])]]
[test][[test][4]] FlushFailedEngineException[Flush failed]; nested: CorruptIndexException[checksum failed (hardware problem?) : expected=e2b98c23 actual=d8f250a7 (resource=BufferedChecksumIndexInput(MockIndexInputWrapper(MMapIndexInput(path="/Users/lwiskowski/CSE2410_spring2016_projectileDysfunction/core/build/testrun/integTest/J2/temp/org.elasticsearch.index.store.CorruptedFileIT_AF876320E2D19F69-001/tempDir-001/data/SUITE-CHILD_VM=[2]-CLUSTER_SEED=[-8313708514896918260]-HASH=[263D6451D50F]-cluster/nodes/0/indices/test/4/index/_0.si"))))];
	at org.elasticsearch.index.engine.InternalEngine.flush(InternalEngine.java:668)
	at org.elasticsearch.index.engine.InternalEngine.snapshotIndex(InternalEngine.java:774)
	at org.elasticsearch.index.shard.IndexShard.snapshotIndex(IndexShard.java:750)
	at org.elasticsearch.snapshots.SnapshotShardsService.snapshot(SnapshotShardsService.java:341)
	at org.elasticsearch.snapshots.SnapshotShardsService.access$200(SnapshotShardsService.java:79)
	at org.elasticsearch.snapshots.SnapshotShardsService$1.doRun(SnapshotShardsService.java:299)
	at org.elasticsearch.common.util.concurrent.AbstractRunnable.run(AbstractRunnable.java:37)
	at java.util.concurrent.ThreadPoolExecutor.runWorker(ThreadPoolExecutor.java:1142)
	at java.util.concurrent.ThreadPoolExecutor$Worker.run(ThreadPoolExecutor.java:617)
	at java.lang.Thread.run(Thread.java:745)
Caused by: org.apache.lucene.index.CorruptIndexException: checksum failed (hardware problem?) : expected=e2b98c23 actual=d8f250a7 (resource=BufferedChecksumIndexInput(MockIndexInputWrapper(MMapIndexInput(path="/Users/lwiskowski/CSE2410_spring2016_projectileDysfunction/core/build/testrun/integTest/J2/temp/org.elasticsearch.index.store.CorruptedFileIT_AF876320E2D19F69-001/tempDir-001/data/SUITE-CHILD_VM=[2]-CLUSTER_SEED=[-8313708514896918260]-HASH=[263D6451D50F]-cluster/nodes/0/indices/test/4/index/_0.si"))))
	at org.apache.lucene.codecs.CodecUtil.checkFooter(CodecUtil.java:336)
	at org.apache.lucene.codecs.CodecUtil.checkFooter(CodecUtil.java:365)
	at org.apache.lucene.codecs.lucene50.Lucene50SegmentInfoFormat.read(Lucene50SegmentInfoFormat.java:117)
	at org.apache.lucene.index.SegmentInfos.readCommit(SegmentInfos.java:362)
	at org.apache.lucene.index.SegmentInfos$1.doBody(SegmentInfos.java:493)
	at org.apache.lucene.index.SegmentInfos$1.doBody(SegmentInfos.java:490)
	at org.apache.lucene.index.SegmentInfos$FindSegmentsFile.run(SegmentInfos.java:731)
	at org.apache.lucene.index.SegmentInfos$FindSegmentsFile.run(SegmentInfos.java:683)
	at org.apache.lucene.index.SegmentInfos.readLatestCommit(SegmentInfos.java:495)
	at org.elasticsearch.common.lucene.Lucene.readSegmentInfos(Lucene.java:123)
	at org.elasticsearch.index.store.Store.readSegmentsInfo(Store.java:196)
	at org.elasticsearch.index.store.Store.readLastCommittedSegmentsInfo(Store.java:181)
	at org.elasticsearch.index.engine.InternalEngine.flush(InternalEngine.java:663)
	... 9 more
[2016-04-18 03:02:59,783][WARN ][org.elasticsearch.snapshots] [node_s0] [[test][4]] [test-repo:test-snap] failed to create snapshot
[test][[test][4]] IndexShardSnapshotFailedException[Failed to snapshot]; nested: FlushFailedEngineException[Flush failed]; nested: CorruptIndexException[checksum failed (hardware problem?) : expected=e2b98c23 actual=d8f250a7 (resource=BufferedChecksumIndexInput(MockIndexInputWrapper(MMapIndexInput(path="/Users/lwiskowski/CSE2410_spring2016_projectileDysfunction/core/build/testrun/integTest/J2/temp/org.elasticsearch.index.store.CorruptedFileIT_AF876320E2D19F69-001/tempDir-001/data/SUITE-CHILD_VM=[2]-CLUSTER_SEED=[-8313708514896918260]-HASH=[263D6451D50F]-cluster/nodes/0/indices/test/4/index/_0.si"))))];
	at org.elasticsearch.snapshots.SnapshotShardsService.snapshot(SnapshotShardsService.java:358)
	at org.elasticsearch.snapshots.SnapshotShardsService.access$200(SnapshotShardsService.java:79)
	at org.elasticsearch.snapshots.SnapshotShardsService$1.doRun(SnapshotShardsService.java:299)
	at org.elasticsearch.common.util.concurrent.AbstractRunnable.run(AbstractRunnable.java:37)
	at java.util.concurrent.ThreadPoolExecutor.runWorker(ThreadPoolExecutor.java:1142)
	at java.util.concurrent.ThreadPoolExecutor$Worker.run(ThreadPoolExecutor.java:617)
	at java.lang.Thread.run(Thread.java:745)
Caused by: [test][[test][4]] FlushFailedEngineException[Flush failed]; nested: CorruptIndexException[checksum failed (hardware problem?) : expected=e2b98c23 actual=d8f250a7 (resource=BufferedChecksumIndexInput(MockIndexInputWrapper(MMapIndexInput(path="/Users/lwiskowski/CSE2410_spring2016_projectileDysfunction/core/build/testrun/integTest/J2/temp/org.elasticsearch.index.store.CorruptedFileIT_AF876320E2D19F69-001/tempDir-001/data/SUITE-CHILD_VM=[2]-CLUSTER_SEED=[-8313708514896918260]-HASH=[263D6451D50F]-cluster/nodes/0/indices/test/4/index/_0.si"))))];
	at org.elasticsearch.index.engine.InternalEngine.flush(InternalEngine.java:668)
	at org.elasticsearch.index.engine.InternalEngine.snapshotIndex(InternalEngine.java:774)
	at org.elasticsearch.index.shard.IndexShard.snapshotIndex(IndexShard.java:750)
	at org.elasticsearch.snapshots.SnapshotShardsService.snapshot(SnapshotShardsService.java:341)
	... 6 more
Caused by: org.apache.lucene.index.CorruptIndexException: checksum failed (hardware problem?) : expected=e2b98c23 actual=d8f250a7 (resource=BufferedChecksumIndexInput(MockIndexInputWrapper(MMapIndexInput(path="/Users/lwiskowski/CSE2410_spring2016_projectileDysfunction/core/build/testrun/integTest/J2/temp/org.elasticsearch.index.store.CorruptedFileIT_AF876320E2D19F69-001/tempDir-001/data/SUITE-CHILD_VM=[2]-CLUSTER_SEED=[-8313708514896918260]-HASH=[263D6451D50F]-cluster/nodes/0/indices/test/4/index/_0.si"))))
	at org.apache.lucene.codecs.CodecUtil.checkFooter(CodecUtil.java:336)
	at org.apache.lucene.codecs.CodecUtil.checkFooter(CodecUtil.java:365)
	at org.apache.lucene.codecs.lucene50.Lucene50SegmentInfoFormat.read(Lucene50SegmentInfoFormat.java:117)
	at org.apache.lucene.index.SegmentInfos.readCommit(SegmentInfos.java:362)
	at org.apache.lucene.index.SegmentInfos$1.doBody(SegmentInfos.java:493)
	at org.apache.lucene.index.SegmentInfos$1.doBody(SegmentInfos.java:490)
	at org.apache.lucene.index.SegmentInfos$FindSegmentsFile.run(SegmentInfos.java:731)
	at org.apache.lucene.index.SegmentInfos$FindSegmentsFile.run(SegmentInfos.java:683)
	at org.apache.lucene.index.SegmentInfos.readLatestCommit(SegmentInfos.java:495)
	at org.elasticsearch.common.lucene.Lucene.readSegmentInfos(Lucene.java:123)
	at org.elasticsearch.index.store.Store.readSegmentsInfo(Store.java:196)
	at org.elasticsearch.index.store.Store.readLastCommittedSegmentsInfo(Store.java:181)
	at org.elasticsearch.index.engine.InternalEngine.flush(InternalEngine.java:663)
	... 9 more
[2016-04-18 03:02:59,784][WARN ][org.elasticsearch.cluster.action.shard] [node_s0] [test][4] received shard failed for [test][4], node[PgOZI5L7RwKe_T0I-4UIgQ], [P], v[2], s[STARTED], a[id=ioMgMscRQFeyCsWmHZatyQ], indexUUID [50xzKXa3TX6YiraQfEYRlg], message [shard failure, reason [corrupt file (source: [flush])]], failure [FlushFailedEngineException[Flush failed]; nested: CorruptIndexException[checksum failed (hardware problem?) : expected=e2b98c23 actual=d8f250a7 (resource=BufferedChecksumIndexInput(MockIndexInputWrapper(MMapIndexInput(path="/Users/lwiskowski/CSE2410_spring2016_projectileDysfunction/core/build/testrun/integTest/J2/temp/org.elasticsearch.index.store.CorruptedFileIT_AF876320E2D19F69-001/tempDir-001/data/SUITE-CHILD_VM=[2]-CLUSTER_SEED=[-8313708514896918260]-HASH=[263D6451D50F]-cluster/nodes/0/indices/test/4/index/_0.si"))))]; ]
[test][[test][4]] FlushFailedEngineException[Flush failed]; nested: CorruptIndexException[checksum failed (hardware problem?) : expected=e2b98c23 actual=d8f250a7 (resource=BufferedChecksumIndexInput(MockIndexInputWrapper(MMapIndexInput(path="/Users/lwiskowski/CSE2410_spring2016_projectileDysfunction/core/build/testrun/integTest/J2/temp/org.elasticsearch.index.store.CorruptedFileIT_AF876320E2D19F69-001/tempDir-001/data/SUITE-CHILD_VM=[2]-CLUSTER_SEED=[-8313708514896918260]-HASH=[263D6451D50F]-cluster/nodes/0/indices/test/4/index/_0.si"))))];
	at org.elasticsearch.index.engine.InternalEngine.flush(InternalEngine.java:668)
	at org.elasticsearch.index.engine.InternalEngine.snapshotIndex(InternalEngine.java:774)
	at org.elasticsearch.index.shard.IndexShard.snapshotIndex(IndexShard.java:750)
	at org.elasticsearch.snapshots.SnapshotShardsService.snapshot(SnapshotShardsService.java:341)
	at org.elasticsearch.snapshots.SnapshotShardsService.access$200(SnapshotShardsService.java:79)
	at org.elasticsearch.snapshots.SnapshotShardsService$1.doRun(SnapshotShardsService.java:299)
	at org.elasticsearch.common.util.concurrent.AbstractRunnable.run(AbstractRunnable.java:37)
	at java.util.concurrent.ThreadPoolExecutor.runWorker(ThreadPoolExecutor.java:1142)
	at java.util.concurrent.ThreadPoolExecutor$Worker.run(ThreadPoolExecutor.java:617)
	at java.lang.Thread.run(Thread.java:745)
Caused by: org.apache.lucene.index.CorruptIndexException: checksum failed (hardware problem?) : expected=e2b98c23 actual=d8f250a7 (resource=BufferedChecksumIndexInput(MockIndexInputWrapper(MMapIndexInput(path="/Users/lwiskowski/CSE2410_spring2016_projectileDysfunction/core/build/testrun/integTest/J2/temp/org.elasticsearch.index.store.CorruptedFileIT_AF876320E2D19F69-001/tempDir-001/data/SUITE-CHILD_VM=[2]-CLUSTER_SEED=[-8313708514896918260]-HASH=[263D6451D50F]-cluster/nodes/0/indices/test/4/index/_0.si"))))
	at org.apache.lucene.codecs.CodecUtil.checkFooter(CodecUtil.java:336)
	at org.apache.lucene.codecs.CodecUtil.checkFooter(CodecUtil.java:365)
	at org.apache.lucene.codecs.lucene50.Lucene50SegmentInfoFormat.read(Lucene50SegmentInfoFormat.java:117)
	at org.apache.lucene.index.SegmentInfos.readCommit(SegmentInfos.java:362)
	at org.apache.lucene.index.SegmentInfos$1.doBody(SegmentInfos.java:493)
	at org.apache.lucene.index.SegmentInfos$1.doBody(SegmentInfos.java:490)
	at org.apache.lucene.index.SegmentInfos$FindSegmentsFile.run(SegmentInfos.java:731)
	at org.apache.lucene.index.SegmentInfos$FindSegmentsFile.run(SegmentInfos.java:683)
	at org.apache.lucene.index.SegmentInfos.readLatestCommit(SegmentInfos.java:495)
	at org.elasticsearch.common.lucene.Lucene.readSegmentInfos(Lucene.java:123)
	at org.elasticsearch.index.store.Store.readSegmentsInfo(Store.java:196)
	at org.elasticsearch.index.store.Store.readLastCommittedSegmentsInfo(Store.java:181)
	at org.elasticsearch.index.engine.InternalEngine.flush(InternalEngine.java:663)
	... 9 more
[2016-04-18 03:02:59,785][WARN ][org.elasticsearch.cluster.action.shard] [node_s0] [test][4] received shard failed for [test][4], node[PgOZI5L7RwKe_T0I-4UIgQ], [P], v[2], s[STARTED], a[id=ioMgMscRQFeyCsWmHZatyQ], indexUUID [50xzKXa3TX6YiraQfEYRlg], message [master {node_s0}{PgOZI5L7RwKe_T0I-4UIgQ}{local}{local[172]}[mode=>local] marked shard as started, but shard has previous failed. resending shard failure.], failure [Unknown]
[2016-04-18 03:02:59,786][WARN ][org.elasticsearch.index  ] [node_s0] [test] [index.merge.enabled] is set to false, this should only be used in tests and can cause serious problems in production environments
[2016-04-18 03:02:59,787][WARN ][org.elasticsearch.index  ] [node_s0] [test] [index.merge.enabled] is set to false, this should only be used in tests and can cause serious problems in production environments
[2016-04-18 03:02:59,788][WARN ][org.elasticsearch.index  ] [node_s1] [test] [index.merge.enabled] is set to false, this should only be used in tests and can cause serious problems in production environments
[2016-04-18 03:02:59,789][WARN ][org.elasticsearch.index  ] [node_s1] [test] [index.merge.enabled] is set to false, this should only be used in tests and can cause serious problems in production environments
[2016-04-18 03:02:59,789][WARN ][org.elasticsearch.index  ] [node_s0] [test] [index.merge.enabled] is set to false, this should only be used in tests and can cause serious problems in production environments
[2016-04-18 03:02:59,790][WARN ][org.elasticsearch.index  ] [node_s0] [test] [index.merge.enabled] is set to false, this should only be used in tests and can cause serious problems in production environments
[2016-04-18 03:02:59,791][WARN ][org.elasticsearch.index  ] [node_s0] [test] [index.merge.enabled] is set to false, this should only be used in tests and can cause serious problems in production environments
[2016-04-18 03:02:59,791][WARN ][org.elasticsearch.index  ] [node_s0] [test] [index.merge.enabled] is set to false, this should only be used in tests and can cause serious problems in production environments
[2016-04-18 03:02:59,792][WARN ][org.elasticsearch.index  ] [node_s1] [test] [index.merge.enabled] is set to false, this should only be used in tests and can cause serious problems in production environments
[2016-04-18 03:02:59,794][WARN ][org.elasticsearch.index  ] [node_s1] [test] [index.merge.enabled] is set to false, this should only be used in tests and can cause serious problems in production environments
[2016-04-18 03:02:59,795][WARN ][org.elasticsearch.index  ] [node_s0] [test] [index.merge.enabled] is set to false, this should only be used in tests and can cause serious problems in production environments
[2016-04-18 03:02:59,797][WARN ][org.elasticsearch.index  ] [node_s0] [test] [index.merge.enabled] is set to false, this should only be used in tests and can cause serious problems in production environments
[2016-04-18 03:02:59,907][WARN ][org.elasticsearch.indices.cluster] [node_s0] [[test][0]] marking and sending shard failed due to [failed recovery]
RecoveryFailedException[[test][0]: Recovery failed from {node_s1}{hVn4Vy4tQaCk9HOFuCJ_ag}{local}{local[173]}[mode=>local] into {node_s0}{PgOZI5L7RwKe_T0I-4UIgQ}{local}{local[172]}[mode=>local] (failed to clean after recovery)]; nested: CorruptIndexException[checksum failed (hardware problem?) : expected=9088563e actual=2b1ee76 (resource=BufferedChecksumIndexInput(MockIndexInputWrapper(MMapIndexInput(path="/Users/lwiskowski/CSE2410_spring2016_projectileDysfunction/core/build/testrun/integTest/J2/temp/org.elasticsearch.index.store.CorruptedFileIT_AF876320E2D19F69-001/tempDir-001/data/SUITE-CHILD_VM=[2]-CLUSTER_SEED=[-8313708514896918260]-HASH=[263D6451D50F]-cluster/nodes/0/indices/test/0/index/segments_1"))))];
	at org.elasticsearch.indices.recovery.RecoveryTarget$CleanFilesRequestHandler.messageReceived(RecoveryTarget.java:419)
	at org.elasticsearch.indices.recovery.RecoveryTarget$CleanFilesRequestHandler.messageReceived(RecoveryTarget.java:385)
	at org.elasticsearch.transport.TransportRequestHandler.messageReceived(TransportRequestHandler.java:33)
	at org.elasticsearch.transport.RequestHandlerRegistry.processMessageReceived(RequestHandlerRegistry.java:65)
	at org.elasticsearch.transport.local.LocalTransport$2.doRun(LocalTransport.java:296)
	at org.elasticsearch.common.util.concurrent.AbstractRunnable.run(AbstractRunnable.java:37)
	at java.util.concurrent.ThreadPoolExecutor.runWorker(ThreadPoolExecutor.java:1142)
	at java.util.concurrent.ThreadPoolExecutor$Worker.run(ThreadPoolExecutor.java:617)
	at java.lang.Thread.run(Thread.java:745)
Caused by: org.apache.lucene.index.CorruptIndexException: checksum failed (hardware problem?) : expected=9088563e actual=2b1ee76 (resource=BufferedChecksumIndexInput(MockIndexInputWrapper(MMapIndexInput(path="/Users/lwiskowski/CSE2410_spring2016_projectileDysfunction/core/build/testrun/integTest/J2/temp/org.elasticsearch.index.store.CorruptedFileIT_AF876320E2D19F69-001/tempDir-001/data/SUITE-CHILD_VM=[2]-CLUSTER_SEED=[-8313708514896918260]-HASH=[263D6451D50F]-cluster/nodes/0/indices/test/0/index/segments_1"))))
	at org.apache.lucene.codecs.CodecUtil.checkFooter(CodecUtil.java:336)
	at org.apache.lucene.index.SegmentInfos.readCommit(SegmentInfos.java:442)
	at org.apache.lucene.index.SegmentInfos$1.doBody(SegmentInfos.java:493)
	at org.apache.lucene.index.SegmentInfos$1.doBody(SegmentInfos.java:490)
	at org.apache.lucene.index.SegmentInfos$FindSegmentsFile.run(SegmentInfos.java:731)
	at org.apache.lucene.index.SegmentInfos$FindSegmentsFile.run(SegmentInfos.java:683)
	at org.apache.lucene.index.SegmentInfos.readLatestCommit(SegmentInfos.java:495)
	at org.elasticsearch.common.lucene.Lucene.readSegmentInfos(Lucene.java:123)
	at org.elasticsearch.index.store.Store.readSegmentsInfo(Store.java:196)
	at org.elasticsearch.index.store.Store.access$200(Store.java:122)
	at org.elasticsearch.index.store.Store$MetadataSnapshot.loadMetadata(Store.java:845)
	at org.elasticsearch.index.store.Store$MetadataSnapshot.<init>(Store.java:794)
	at org.elasticsearch.index.store.Store.getMetadata(Store.java:266)
	at org.elasticsearch.index.store.Store.getMetadata(Store.java:246)
	at org.elasticsearch.index.store.Store.cleanupAndVerify(Store.java:672)
	at org.elasticsearch.indices.recovery.RecoveryTarget$CleanFilesRequestHandler.messageReceived(RecoveryTarget.java:402)
	... 8 more
[2016-04-18 03:02:59,908][WARN ][org.elasticsearch.cluster.action.shard] [node_s0] [test][0] received shard failed for [test][0], node[PgOZI5L7RwKe_T0I-4UIgQ], [R], v[3], s[INITIALIZING], a[id=Qhfoeqm6QW2A_KZf0iIFvw], unassigned_info[[reason=REPLICA_ADDED], at[2016-04-18T07:02:59.887Z]], indexUUID [y5ZJqFs1RPWlPQ37KTs5pw], message [failed recovery], failure [RecoveryFailedException[[test][0]: Recovery failed from {node_s1}{hVn4Vy4tQaCk9HOFuCJ_ag}{local}{local[173]}[mode=>local] into {node_s0}{PgOZI5L7RwKe_T0I-4UIgQ}{local}{local[172]}[mode=>local] (failed to clean after recovery)]; nested: CorruptIndexException[checksum failed (hardware problem?) : expected=9088563e actual=2b1ee76 (resource=BufferedChecksumIndexInput(MockIndexInputWrapper(MMapIndexInput(path="/Users/lwiskowski/CSE2410_spring2016_projectileDysfunction/core/build/testrun/integTest/J2/temp/org.elasticsearch.index.store.CorruptedFileIT_AF876320E2D19F69-001/tempDir-001/data/SUITE-CHILD_VM=[2]-CLUSTER_SEED=[-8313708514896918260]-HASH=[263D6451D50F]-cluster/nodes/0/indices/test/0/index/segments_1"))))]; ]
RecoveryFailedException[[test][0]: Recovery failed from {node_s1}{hVn4Vy4tQaCk9HOFuCJ_ag}{local}{local[173]}[mode=>local] into {node_s0}{PgOZI5L7RwKe_T0I-4UIgQ}{local}{local[172]}[mode=>local] (failed to clean after recovery)]; nested: CorruptIndexException[checksum failed (hardware problem?) : expected=9088563e actual=2b1ee76 (resource=BufferedChecksumIndexInput(MockIndexInputWrapper(MMapIndexInput(path="/Users/lwiskowski/CSE2410_spring2016_projectileDysfunction/core/build/testrun/integTest/J2/temp/org.elasticsearch.index.store.CorruptedFileIT_AF876320E2D19F69-001/tempDir-001/data/SUITE-CHILD_VM=[2]-CLUSTER_SEED=[-8313708514896918260]-HASH=[263D6451D50F]-cluster/nodes/0/indices/test/0/index/segments_1"))))];
	at org.elasticsearch.indices.recovery.RecoveryTarget$CleanFilesRequestHandler.messageReceived(RecoveryTarget.java:419)
	at org.elasticsearch.indices.recovery.RecoveryTarget$CleanFilesRequestHandler.messageReceived(RecoveryTarget.java:385)
	at org.elasticsearch.transport.TransportRequestHandler.messageReceived(TransportRequestHandler.java:33)
	at org.elasticsearch.transport.RequestHandlerRegistry.processMessageReceived(RequestHandlerRegistry.java:65)
	at org.elasticsearch.transport.local.LocalTransport$2.doRun(LocalTransport.java:296)
	at org.elasticsearch.common.util.concurrent.AbstractRunnable.run(AbstractRunnable.java:37)
	at java.util.concurrent.ThreadPoolExecutor.runWorker(ThreadPoolExecutor.java:1142)
	at java.util.concurrent.ThreadPoolExecutor$Worker.run(ThreadPoolExecutor.java:617)
	at java.lang.Thread.run(Thread.java:745)
Caused by: org.apache.lucene.index.CorruptIndexException: checksum failed (hardware problem?) : expected=9088563e actual=2b1ee76 (resource=BufferedChecksumIndexInput(MockIndexInputWrapper(MMapIndexInput(path="/Users/lwiskowski/CSE2410_spring2016_projectileDysfunction/core/build/testrun/integTest/J2/temp/org.elasticsearch.index.store.CorruptedFileIT_AF876320E2D19F69-001/tempDir-001/data/SUITE-CHILD_VM=[2]-CLUSTER_SEED=[-8313708514896918260]-HASH=[263D6451D50F]-cluster/nodes/0/indices/test/0/index/segments_1"))))
	at org.apache.lucene.codecs.CodecUtil.checkFooter(CodecUtil.java:336)
	at org.apache.lucene.index.SegmentInfos.readCommit(SegmentInfos.java:442)
	at org.apache.lucene.index.SegmentInfos$1.doBody(SegmentInfos.java:493)
	at org.apache.lucene.index.SegmentInfos$1.doBody(SegmentInfos.java:490)
	at org.apache.lucene.index.SegmentInfos$FindSegmentsFile.run(SegmentInfos.java:731)
	at org.apache.lucene.index.SegmentInfos$FindSegmentsFile.run(SegmentInfos.java:683)
	at org.apache.lucene.index.SegmentInfos.readLatestCommit(SegmentInfos.java:495)
	at org.elasticsearch.common.lucene.Lucene.readSegmentInfos(Lucene.java:123)
	at org.elasticsearch.index.store.Store.readSegmentsInfo(Store.java:196)
	at org.elasticsearch.index.store.Store.access$200(Store.java:122)
	at org.elasticsearch.index.store.Store$MetadataSnapshot.loadMetadata(Store.java:845)
	at org.elasticsearch.index.store.Store$MetadataSnapshot.<init>(Store.java:794)
	at org.elasticsearch.index.store.Store.getMetadata(Store.java:266)
	at org.elasticsearch.index.store.Store.getMetadata(Store.java:246)
	at org.elasticsearch.index.store.Store.cleanupAndVerify(Store.java:672)
	at org.elasticsearch.indices.recovery.RecoveryTarget$CleanFilesRequestHandler.messageReceived(RecoveryTarget.java:402)
	... 8 more
[2016-04-18 03:02:59,911][WARN ][org.elasticsearch.indices.recovery] [node_s1] [test][0] Remote file corruption during finalization on node {node_s0}{PgOZI5L7RwKe_T0I-4UIgQ}{local}{local[172]}[mode=>local], recovering {}. local checksum OK
org.apache.lucene.index.CorruptIndexException: checksum failed (hardware problem?) : expected=9088563e actual=2b1ee76 (resource=BufferedChecksumIndexInput(MockIndexInputWrapper(MMapIndexInput(path="/Users/lwiskowski/CSE2410_spring2016_projectileDysfunction/core/build/testrun/integTest/J2/temp/org.elasticsearch.index.store.CorruptedFileIT_AF876320E2D19F69-001/tempDir-001/data/SUITE-CHILD_VM=[2]-CLUSTER_SEED=[-8313708514896918260]-HASH=[263D6451D50F]-cluster/nodes/0/indices/test/0/index/segments_1"))))
	at org.apache.lucene.codecs.CodecUtil.checkFooter(CodecUtil.java:336)
	at org.apache.lucene.index.SegmentInfos.readCommit(SegmentInfos.java:442)
	at org.apache.lucene.index.SegmentInfos$1.doBody(SegmentInfos.java:493)
	at org.apache.lucene.index.SegmentInfos$1.doBody(SegmentInfos.java:490)
	at org.apache.lucene.index.SegmentInfos$FindSegmentsFile.run(SegmentInfos.java:731)
	at org.apache.lucene.index.SegmentInfos$FindSegmentsFile.run(SegmentInfos.java:683)
	at org.apache.lucene.index.SegmentInfos.readLatestCommit(SegmentInfos.java:495)
	at org.elasticsearch.common.lucene.Lucene.readSegmentInfos(Lucene.java:123)
	at org.elasticsearch.index.store.Store.readSegmentsInfo(Store.java:196)
	at org.elasticsearch.index.store.Store.access$200(Store.java:122)
	at org.elasticsearch.index.store.Store$MetadataSnapshot.loadMetadata(Store.java:845)
	at org.elasticsearch.index.store.Store$MetadataSnapshot.<init>(Store.java:794)
	at org.elasticsearch.index.store.Store.getMetadata(Store.java:266)
	at org.elasticsearch.index.store.Store.getMetadata(Store.java:246)
	at org.elasticsearch.index.store.Store.cleanupAndVerify(Store.java:672)
	at org.elasticsearch.indices.recovery.RecoveryTarget$CleanFilesRequestHandler.messageReceived(RecoveryTarget.java:402)
	at org.elasticsearch.indices.recovery.RecoveryTarget$CleanFilesRequestHandler.messageReceived(RecoveryTarget.java:385)
	at org.elasticsearch.transport.TransportRequestHandler.messageReceived(TransportRequestHandler.java:33)
	at org.elasticsearch.transport.RequestHandlerRegistry.processMessageReceived(RequestHandlerRegistry.java:65)
	at org.elasticsearch.transport.local.LocalTransport$2.doRun(LocalTransport.java:296)
	at org.elasticsearch.common.util.concurrent.AbstractRunnable.run(AbstractRunnable.java:37)
	at java.util.concurrent.ThreadPoolExecutor.runWorker(ThreadPoolExecutor.java:1142)
	at java.util.concurrent.ThreadPoolExecutor$Worker.run(ThreadPoolExecutor.java:617)
	at java.lang.Thread.run(Thread.java:745)
[2016-04-18 03:02:59,965][WARN ][org.elasticsearch.index  ] [node_s0] [test] [index.merge.enabled] is set to false, this should only be used in tests and can cause serious problems in production environments
[2016-04-18 03:02:59,966][WARN ][org.elasticsearch.index  ] [node_s0] [test] [index.merge.enabled] is set to false, this should only be used in tests and can cause serious problems in production environments
[2016-04-18 03:02:59,966][WARN ][org.elasticsearch.index  ] [node_s0] [test] [index.merge.enabled] is set to false, this should only be used in tests and can cause serious problems in production environments
[2016-04-18 03:02:59,967][WARN ][org.elasticsearch.index  ] [node_s1] [test] [index.merge.enabled] is set to false, this should only be used in tests and can cause serious problems in production environments
[2016-04-18 03:02:59,969][WARN ][org.elasticsearch.index  ] [node_s1] [test] [index.merge.enabled] is set to false, this should only be used in tests and can cause serious problems in production environments
[2016-04-18 03:02:59,970][WARN ][org.elasticsearch.index  ] [node_s1] [test] [index.merge.enabled] is set to false, this should only be used in tests and can cause serious problems in production environments
[2016-04-18 03:02:59,972][WARN ][org.elasticsearch.index  ] [node_s0] [test] [index.merge.enabled] is set to false, this should only be used in tests and can cause serious problems in production environments
[2016-04-18 03:02:59,973][WARN ][org.elasticsearch.index  ] [node_s0] [test] [index.merge.enabled] is set to false, this should only be used in tests and can cause serious problems in production environments
[2016-04-18 03:02:59,974][WARN ][org.elasticsearch.index  ] [node_s0] [test] [index.merge.enabled] is set to false, this should only be used in tests and can cause serious problems in production environments
[2016-04-18 03:02:59,978][WARN ][org.elasticsearch.index  ] [node_s1] [test] [index.merge.enabled] is set to false, this should only be used in tests and can cause serious problems in production environments
[2016-04-18 03:02:59,980][WARN ][org.elasticsearch.index  ] [node_s0] [test] [index.merge.enabled] is set to false, this should only be used in tests and can cause serious problems in production environments
[2016-04-18 03:02:59,982][WARN ][org.elasticsearch.index  ] [node_s1] [test] [index.merge.enabled] is set to false, this should only be used in tests and can cause serious problems in production environments
[2016-04-18 03:02:59,984][WARN ][org.elasticsearch.index  ] [node_s0] [test] [index.merge.enabled] is set to false, this should only be used in tests and can cause serious problems in production environments
[2016-04-18 03:02:59,986][WARN ][org.elasticsearch.index  ] [node_s0] [test] [index.merge.enabled] is set to false, this should only be used in tests and can cause serious problems in production environments
[2016-04-18 03:02:59,986][WARN ][org.elasticsearch.index  ] [node_s1] [test] [index.merge.enabled] is set to false, this should only be used in tests and can cause serious problems in production environments
[2016-04-18 03:03:00,120][WARN ][org.elasticsearch.index  ] [node_s1] [test] [index.merge.enabled] is set to false, this should only be used in tests and can cause serious problems in production environments
[2016-04-18 03:03:00,124][WARN ][org.elasticsearch.index  ] [node_s0] [test] [index.merge.enabled] is set to false, this should only be used in tests and can cause serious problems in production environments
[2016-04-18 03:03:00,130][WARN ][org.elasticsearch.index  ] [node_s1] [test] [index.merge.enabled] is set to false, this should only be used in tests and can cause serious problems in production environments
[2016-04-18 03:03:00,131][WARN ][org.elasticsearch.index  ] [node_s1] [test] [index.merge.enabled] is set to false, this should only be used in tests and can cause serious problems in production environments
[2016-04-18 03:03:00,132][WARN ][org.elasticsearch.index  ] [node_s0] [test] [index.merge.enabled] is set to false, this should only be used in tests and can cause serious problems in production environments
[2016-04-18 03:03:00,135][WARN ][org.elasticsearch.index  ] [node_s0] [test] [index.merge.enabled] is set to false, this should only be used in tests and can cause serious problems in production environments
[2016-04-18 03:03:00,136][WARN ][org.elasticsearch.index  ] [node_s1] [test] [index.merge.enabled] is set to false, this should only be used in tests and can cause serious problems in production environments
[2016-04-18 03:03:00,137][WARN ][org.elasticsearch.indices.recovery] [node_s0] 0 Corrupted file detected name [_1_1.liv], length [67], checksum [1h00mzc], writtenBy [5.5.0] checksum mismatch
[2016-04-18 03:03:00,137][WARN ][org.elasticsearch.index.engine] [node_s0] [test][0] failed engine [recovery]
org.apache.lucene.index.CorruptIndexException: checksum failed (hardware problem?) : expected=1h00mzc actual=1gzz8ew (resource=name [_1_1.liv], length [67], checksum [1h00mzc], writtenBy [5.5.0]) (resource=VerifyingIndexOutput(_1_1.liv))
	at org.elasticsearch.index.store.Store$LuceneVerifyingIndexOutput.readAndCompareChecksum(Store.java:1350)
	at org.elasticsearch.index.store.Store$LuceneVerifyingIndexOutput.writeByte(Store.java:1329)
	at org.elasticsearch.index.store.Store$LuceneVerifyingIndexOutput.writeBytes(Store.java:1358)
	at org.elasticsearch.indices.recovery.RecoveryTarget$FileChunkTransportRequestHandler.messageReceived(RecoveryTarget.java:468)
	at org.elasticsearch.indices.recovery.RecoveryTarget$FileChunkTransportRequestHandler.messageReceived(RecoveryTarget.java:432)
	at org.elasticsearch.transport.TransportRequestHandler.messageReceived(TransportRequestHandler.java:33)
	at org.elasticsearch.transport.RequestHandlerRegistry.processMessageReceived(RequestHandlerRegistry.java:65)
	at org.elasticsearch.transport.local.LocalTransport$2.doRun(LocalTransport.java:296)
	at org.elasticsearch.common.util.concurrent.AbstractRunnable.run(AbstractRunnable.java:37)
	at java.util.concurrent.ThreadPoolExecutor.runWorker(ThreadPoolExecutor.java:1142)
	at java.util.concurrent.ThreadPoolExecutor$Worker.run(ThreadPoolExecutor.java:617)
	at java.lang.Thread.run(Thread.java:745)
[2016-04-18 03:03:00,137][WARN ][org.elasticsearch.index  ] [node_s0] [test] [index.merge.enabled] is set to false, this should only be used in tests and can cause serious problems in production environments
[2016-04-18 03:03:00,139][WARN ][org.elasticsearch.indices.cluster] [node_s0] [[test][0]] marking and sending shard failed due to [shard failure, reason [recovery]]
org.apache.lucene.index.CorruptIndexException: checksum failed (hardware problem?) : expected=1h00mzc actual=1gzz8ew (resource=name [_1_1.liv], length [67], checksum [1h00mzc], writtenBy [5.5.0]) (resource=VerifyingIndexOutput(_1_1.liv))
	at org.elasticsearch.index.store.Store$LuceneVerifyingIndexOutput.readAndCompareChecksum(Store.java:1350)
	at org.elasticsearch.index.store.Store$LuceneVerifyingIndexOutput.writeByte(Store.java:1329)
	at org.elasticsearch.index.store.Store$LuceneVerifyingIndexOutput.writeBytes(Store.java:1358)
	at org.elasticsearch.indices.recovery.RecoveryTarget$FileChunkTransportRequestHandler.messageReceived(RecoveryTarget.java:468)
	at org.elasticsearch.indices.recovery.RecoveryTarget$FileChunkTransportRequestHandler.messageReceived(RecoveryTarget.java:432)
	at org.elasticsearch.transport.TransportRequestHandler.messageReceived(TransportRequestHandler.java:33)
	at org.elasticsearch.transport.RequestHandlerRegistry.processMessageReceived(RequestHandlerRegistry.java:65)
	at org.elasticsearch.transport.local.LocalTransport$2.doRun(LocalTransport.java:296)
	at org.elasticsearch.common.util.concurrent.AbstractRunnable.run(AbstractRunnable.java:37)
	at java.util.concurrent.ThreadPoolExecutor.runWorker(ThreadPoolExecutor.java:1142)
	at java.util.concurrent.ThreadPoolExecutor$Worker.run(ThreadPoolExecutor.java:617)
	at java.lang.Thread.run(Thread.java:745)
[2016-04-18 03:03:00,140][WARN ][org.elasticsearch.cluster.action.shard] [node_s0] [test][0] received shard failed for [test][0], node[PgOZI5L7RwKe_T0I-4UIgQ], [P], v[3], s[STARTED], a[id=cLyjGibITH6bymLiblrN8w], indexUUID [qrLWjwhgSAWLRkwwl2HNhA], message [shard failure, reason [recovery]], failure [CorruptIndexException[checksum failed (hardware problem?) : expected=1h00mzc actual=1gzz8ew (resource=name [_1_1.liv], length [67], checksum [1h00mzc], writtenBy [5.5.0]) (resource=VerifyingIndexOutput(_1_1.liv))]]
org.apache.lucene.index.CorruptIndexException: checksum failed (hardware problem?) : expected=1h00mzc actual=1gzz8ew (resource=name [_1_1.liv], length [67], checksum [1h00mzc], writtenBy [5.5.0]) (resource=VerifyingIndexOutput(_1_1.liv))
	at org.elasticsearch.index.store.Store$LuceneVerifyingIndexOutput.readAndCompareChecksum(Store.java:1350)
	at org.elasticsearch.index.store.Store$LuceneVerifyingIndexOutput.writeByte(Store.java:1329)
	at org.elasticsearch.index.store.Store$LuceneVerifyingIndexOutput.writeBytes(Store.java:1358)
	at org.elasticsearch.indices.recovery.RecoveryTarget$FileChunkTransportRequestHandler.messageReceived(RecoveryTarget.java:468)
	at org.elasticsearch.indices.recovery.RecoveryTarget$FileChunkTransportRequestHandler.messageReceived(RecoveryTarget.java:432)
	at org.elasticsearch.transport.TransportRequestHandler.messageReceived(TransportRequestHandler.java:33)
	at org.elasticsearch.transport.RequestHandlerRegistry.processMessageReceived(RequestHandlerRegistry.java:65)
	at org.elasticsearch.transport.local.LocalTransport$2.doRun(LocalTransport.java:296)
	at org.elasticsearch.common.util.concurrent.AbstractRunnable.run(AbstractRunnable.java:37)
	at java.util.concurrent.ThreadPoolExecutor.runWorker(ThreadPoolExecutor.java:1142)
	at java.util.concurrent.ThreadPoolExecutor$Worker.run(ThreadPoolExecutor.java:617)
	at java.lang.Thread.run(Thread.java:745)
[2016-04-18 03:03:00,140][WARN ][org.elasticsearch.indices.cluster] [node_s1] [[test][0]] marking and sending shard failed due to [failed recovery]
RecoveryFailedException[[test][0]: Recovery failed from {node_s0}{PgOZI5L7RwKe_T0I-4UIgQ}{local}{local[172]}[mode=>local] into {node_s1}{hVn4Vy4tQaCk9HOFuCJ_ag}{local}{local[173]}[mode=>local]]; nested: RemoteTransportException[[node_s1][local[173]][internal:index/shard/recovery/start_recovery]]; nested: RecoveryEngineException[Phase[1] phase1 failed]; nested: RecoverFilesRecoveryException[Failed to transfer [13] files with total size of [19.5kb]]; nested: CorruptIndexException[checksum failed (hardware problem?) : expected=1h00mzc actual=1gzz8ew (resource=name [_1_1.liv], length [67], checksum [1h00mzc], writtenBy [5.5.0]) (resource=VerifyingIndexOutput(_1_1.liv))];
	at org.elasticsearch.indices.recovery.RecoveryTarget.doRecovery(RecoveryTarget.java:271)
	at org.elasticsearch.indices.recovery.RecoveryTarget.access$1100(RecoveryTarget.java:79)
	at org.elasticsearch.indices.recovery.RecoveryTarget$RecoveryRunner.doRun(RecoveryTarget.java:521)
	at org.elasticsearch.common.util.concurrent.AbstractRunnable.run(AbstractRunnable.java:37)
	at java.util.concurrent.ThreadPoolExecutor.runWorker(ThreadPoolExecutor.java:1142)
	at java.util.concurrent.ThreadPoolExecutor$Worker.run(ThreadPoolExecutor.java:617)
	at java.lang.Thread.run(Thread.java:745)
Caused by: RemoteTransportException[[node_s1][local[173]][internal:index/shard/recovery/start_recovery]]; nested: RecoveryEngineException[Phase[1] phase1 failed]; nested: RecoverFilesRecoveryException[Failed to transfer [13] files with total size of [19.5kb]]; nested: CorruptIndexException[checksum failed (hardware problem?) : expected=1h00mzc actual=1gzz8ew (resource=name [_1_1.liv], length [67], checksum [1h00mzc], writtenBy [5.5.0]) (resource=VerifyingIndexOutput(_1_1.liv))];
Caused by: [test][[test][0]] RecoveryEngineException[Phase[1] phase1 failed]; nested: RecoverFilesRecoveryException[Failed to transfer [13] files with total size of [19.5kb]]; nested: CorruptIndexException[checksum failed (hardware problem?) : expected=1h00mzc actual=1gzz8ew (resource=name [_1_1.liv], length [67], checksum [1h00mzc], writtenBy [5.5.0]) (resource=VerifyingIndexOutput(_1_1.liv))];
	at org.elasticsearch.indices.recovery.RecoverySourceHandler.recoverToTarget(RecoverySourceHandler.java:137)
	at org.elasticsearch.indices.recovery.RecoverySource.recover(RecoverySource.java:123)
	at org.elasticsearch.indices.recovery.RecoverySource.access$100(RecoverySource.java:52)
	at org.elasticsearch.indices.recovery.RecoverySource$StartRecoveryTransportRequestHandler.messageReceived(RecoverySource.java:132)
	at org.elasticsearch.indices.recovery.RecoverySource$StartRecoveryTransportRequestHandler.messageReceived(RecoverySource.java:129)
	at org.elasticsearch.transport.TransportRequestHandler.messageReceived(TransportRequestHandler.java:33)
	at org.elasticsearch.transport.RequestHandlerRegistry.processMessageReceived(RequestHandlerRegistry.java:65)
	at org.elasticsearch.transport.local.LocalTransport$2.doRun(LocalTransport.java:296)
	at org.elasticsearch.common.util.concurrent.AbstractRunnable.run(AbstractRunnable.java:37)
	at java.util.concurrent.ThreadPoolExecutor.runWorker(ThreadPoolExecutor.java:1142)
	at java.util.concurrent.ThreadPoolExecutor$Worker.run(ThreadPoolExecutor.java:617)
	at java.lang.Thread.run(Thread.java:745)
Caused by: [test][[test][0]] RecoverFilesRecoveryException[Failed to transfer [13] files with total size of [19.5kb]]; nested: CorruptIndexException[checksum failed (hardware problem?) : expected=1h00mzc actual=1gzz8ew (resource=name [_1_1.liv], length [67], checksum [1h00mzc], writtenBy [5.5.0]) (resource=VerifyingIndexOutput(_1_1.liv))];
	at org.elasticsearch.indices.recovery.RecoverySourceHandler.phase1(RecoverySourceHandler.java:316)
	at org.elasticsearch.indices.recovery.RecoverySourceHandler.recoverToTarget(RecoverySourceHandler.java:135)
	... 11 more
Caused by: org.apache.lucene.index.CorruptIndexException: checksum failed (hardware problem?) : expected=1h00mzc actual=1gzz8ew (resource=name [_1_1.liv], length [67], checksum [1h00mzc], writtenBy [5.5.0]) (resource=VerifyingIndexOutput(_1_1.liv))
	at org.elasticsearch.index.store.Store$LuceneVerifyingIndexOutput.readAndCompareChecksum(Store.java:1350)
	at org.elasticsearch.index.store.Store$LuceneVerifyingIndexOutput.writeByte(Store.java:1329)
	at org.elasticsearch.index.store.Store$LuceneVerifyingIndexOutput.writeBytes(Store.java:1358)
	at org.elasticsearch.indices.recovery.RecoveryTarget$FileChunkTransportRequestHandler.messageReceived(RecoveryTarget.java:468)
	at org.elasticsearch.indices.recovery.RecoveryTarget$FileChunkTransportRequestHandler.messageReceived(RecoveryTarget.java:432)
	... 7 more
[2016-04-18 03:03:00,141][WARN ][org.elasticsearch.index  ] [node_s0] [test] [index.merge.enabled] is set to false, this should only be used in tests and can cause serious problems in production environments
[2016-04-18 03:03:00,142][WARN ][org.elasticsearch.cluster.action.shard] [node_s0] [test][0] received shard failed for [test][0], node[hVn4Vy4tQaCk9HOFuCJ_ag], [R], v[3], s[INITIALIZING], a[id=y_D8TXF8QguwHKaHy7KrcA], unassigned_info[[reason=REPLICA_ADDED], at[2016-04-18T07:03:00.118Z]], indexUUID [qrLWjwhgSAWLRkwwl2HNhA], message [failed recovery], failure [RecoveryFailedException[[test][0]: Recovery failed from {node_s0}{PgOZI5L7RwKe_T0I-4UIgQ}{local}{local[172]}[mode=>local] into {node_s1}{hVn4Vy4tQaCk9HOFuCJ_ag}{local}{local[173]}[mode=>local]]; nested: RemoteTransportException[[node_s1][local[173]][internal:index/shard/recovery/start_recovery]]; nested: RecoveryEngineException[Phase[1] phase1 failed]; nested: RecoverFilesRecoveryException[Failed to transfer [13] files with total size of [19.5kb]]; nested: CorruptIndexException[checksum failed (hardware problem?) : expected=1h00mzc actual=1gzz8ew (resource=name [_1_1.liv], length [67], checksum [1h00mzc], writtenBy [5.5.0]) (resource=VerifyingIndexOutput(_1_1.liv))]; ]
RecoveryFailedException[[test][0]: Recovery failed from {node_s0}{PgOZI5L7RwKe_T0I-4UIgQ}{local}{local[172]}[mode=>local] into {node_s1}{hVn4Vy4tQaCk9HOFuCJ_ag}{local}{local[173]}[mode=>local]]; nested: RemoteTransportException[[node_s1][local[173]][internal:index/shard/recovery/start_recovery]]; nested: RecoveryEngineException[Phase[1] phase1 failed]; nested: RecoverFilesRecoveryException[Failed to transfer [13] files with total size of [19.5kb]]; nested: CorruptIndexException[checksum failed (hardware problem?) : expected=1h00mzc actual=1gzz8ew (resource=name [_1_1.liv], length [67], checksum [1h00mzc], writtenBy [5.5.0]) (resource=VerifyingIndexOutput(_1_1.liv))];
	at org.elasticsearch.indices.recovery.RecoveryTarget.doRecovery(RecoveryTarget.java:271)
	at org.elasticsearch.indices.recovery.RecoveryTarget.access$1100(RecoveryTarget.java:79)
	at org.elasticsearch.indices.recovery.RecoveryTarget$RecoveryRunner.doRun(RecoveryTarget.java:521)
	at org.elasticsearch.common.util.concurrent.AbstractRunnable.run(AbstractRunnable.java:37)
	at java.util.concurrent.ThreadPoolExecutor.runWorker(ThreadPoolExecutor.java:1142)
	at java.util.concurrent.ThreadPoolExecutor$Worker.run(ThreadPoolExecutor.java:617)
	at java.lang.Thread.run(Thread.java:745)
Caused by: RemoteTransportException[[node_s1][local[173]][internal:index/shard/recovery/start_recovery]]; nested: RecoveryEngineException[Phase[1] phase1 failed]; nested: RecoverFilesRecoveryException[Failed to transfer [13] files with total size of [19.5kb]]; nested: CorruptIndexException[checksum failed (hardware problem?) : expected=1h00mzc actual=1gzz8ew (resource=name [_1_1.liv], length [67], checksum [1h00mzc], writtenBy [5.5.0]) (resource=VerifyingIndexOutput(_1_1.liv))];
Caused by: [test][[test][0]] RecoveryEngineException[Phase[1] phase1 failed]; nested: RecoverFilesRecoveryException[Failed to transfer [13] files with total size of [19.5kb]]; nested: CorruptIndexException[checksum failed (hardware problem?) : expected=1h00mzc actual=1gzz8ew (resource=name [_1_1.liv], length [67], checksum [1h00mzc], writtenBy [5.5.0]) (resource=VerifyingIndexOutput(_1_1.liv))];
	at org.elasticsearch.indices.recovery.RecoverySourceHandler.recoverToTarget(RecoverySourceHandler.java:137)
	at org.elasticsearch.indices.recovery.RecoverySource.recover(RecoverySource.java:123)
	at org.elasticsearch.indices.recovery.RecoverySource.access$100(RecoverySource.java:52)
	at org.elasticsearch.indices.recovery.RecoverySource$StartRecoveryTransportRequestHandler.messageReceived(RecoverySource.java:132)
	at org.elasticsearch.indices.recovery.RecoverySource$StartRecoveryTransportRequestHandler.messageReceived(RecoverySource.java:129)
	at org.elasticsearch.transport.TransportRequestHandler.messageReceived(TransportRequestHandler.java:33)
	at org.elasticsearch.transport.RequestHandlerRegistry.processMessageReceived(RequestHandlerRegistry.java:65)
	at org.elasticsearch.transport.local.LocalTransport$2.doRun(LocalTransport.java:296)
	at org.elasticsearch.common.util.concurrent.AbstractRunnable.run(AbstractRunnable.java:37)
	at java.util.concurrent.ThreadPoolExecutor.runWorker(ThreadPoolExecutor.java:1142)
	at java.util.concurrent.ThreadPoolExecutor$Worker.run(ThreadPoolExecutor.java:617)
	at java.lang.Thread.run(Thread.java:745)
Caused by: [test][[test][0]] RecoverFilesRecoveryException[Failed to transfer [13] files with total size of [19.5kb]]; nested: CorruptIndexException[checksum failed (hardware problem?) : expected=1h00mzc actual=1gzz8ew (resource=name [_1_1.liv], length [67], checksum [1h00mzc], writtenBy [5.5.0]) (resource=VerifyingIndexOutput(_1_1.liv))];
	at org.elasticsearch.indices.recovery.RecoverySourceHandler.phase1(RecoverySourceHandler.java:316)
	at org.elasticsearch.indices.recovery.RecoverySourceHandler.recoverToTarget(RecoverySourceHandler.java:135)
	... 11 more
Caused by: org.apache.lucene.index.CorruptIndexException: checksum failed (hardware problem?) : expected=1h00mzc actual=1gzz8ew (resource=name [_1_1.liv], length [67], checksum [1h00mzc], writtenBy [5.5.0]) (resource=VerifyingIndexOutput(_1_1.liv))
	at org.elasticsearch.index.store.Store$LuceneVerifyingIndexOutput.readAndCompareChecksum(Store.java:1350)
	at org.elasticsearch.index.store.Store$LuceneVerifyingIndexOutput.writeByte(Store.java:1329)
	at org.elasticsearch.index.store.Store$LuceneVerifyingIndexOutput.writeBytes(Store.java:1358)
	at org.elasticsearch.indices.recovery.RecoveryTarget$FileChunkTransportRequestHandler.messageReceived(RecoveryTarget.java:468)
	at org.elasticsearch.indices.recovery.RecoveryTarget$FileChunkTransportRequestHandler.messageReceived(RecoveryTarget.java:432)
	... 7 more
[2016-04-18 03:03:00,142][WARN ][org.elasticsearch.index  ] [node_s0] [test] [index.merge.enabled] is set to false, this should only be used in tests and can cause serious problems in production environments
[2016-04-18 03:03:00,142][WARN ][org.elasticsearch.index  ] [node_s1] [test] [index.merge.enabled] is set to false, this should only be used in tests and can cause serious problems in production environments
[2016-04-18 03:03:00,143][WARN ][org.elasticsearch.index  ] [node_s0] [test] [index.merge.enabled] is set to false, this should only be used in tests and can cause serious problems in production environments
[2016-04-18 03:03:00,144][WARN ][org.elasticsearch.index  ] [node_s0] [test] [index.merge.enabled] is set to false, this should only be used in tests and can cause serious problems in production environments
[2016-04-18 03:03:00,145][WARN ][org.elasticsearch.index  ] [node_s0] [test] [index.merge.enabled] is set to false, this should only be used in tests and can cause serious problems in production environments
[2016-04-18 03:03:00,342][WARN ][org.elasticsearch.indices.recovery] [node_s1] 2 Remote file corruption on node {node_s2}{YvkzGDY1QF6b9Uj0h5gCWQ}{local}{local[178]}[mode=>local, master=>false], recovering name [segments_2], length [196], checksum [1efooyi], writtenBy [5.5.0]. local checksum OK
org.apache.lucene.index.CorruptIndexException: verification failed (hardware problem?) : expected=1efooyi actual=1efooyi footer=null writtenLength=195 expectedLength=196 (resource=name [segments_2], length [196], checksum [1efooyi], writtenBy [5.5.0]) (resource=VerifyingIndexOutput(segments_2))
	at org.elasticsearch.index.store.Store$LuceneVerifyingIndexOutput.verify(Store.java:1321)
	at org.elasticsearch.index.store.Store.verify(Store.java:486)
	at org.elasticsearch.indices.recovery.RecoveryTarget$FileChunkTransportRequestHandler.messageReceived(RecoveryTarget.java:472)
	at org.elasticsearch.indices.recovery.RecoveryTarget$FileChunkTransportRequestHandler.messageReceived(RecoveryTarget.java:432)
	at org.elasticsearch.transport.TransportRequestHandler.messageReceived(TransportRequestHandler.java:33)
	at org.elasticsearch.transport.RequestHandlerRegistry.processMessageReceived(RequestHandlerRegistry.java:65)
	at org.elasticsearch.transport.local.LocalTransport$2.doRun(LocalTransport.java:296)
	at org.elasticsearch.common.util.concurrent.AbstractRunnable.run(AbstractRunnable.java:37)
	at java.util.concurrent.ThreadPoolExecutor.runWorker(ThreadPoolExecutor.java:1142)
	at java.util.concurrent.ThreadPoolExecutor$Worker.run(ThreadPoolExecutor.java:617)
	at java.lang.Thread.run(Thread.java:745)
[2016-04-18 03:03:00,344][WARN ][org.elasticsearch.indices.cluster] [node_s2] [[test][2]] marking and sending shard failed due to [failed recovery]
RecoveryFailedException[[test][2]: Recovery failed from {node_s1}{hVn4Vy4tQaCk9HOFuCJ_ag}{local}{local[173]}[mode=>local] into {node_s2}{YvkzGDY1QF6b9Uj0h5gCWQ}{local}{local[178]}[mode=>local, master=>false]]; nested: RemoteTransportException[[node_s2][local[178]][internal:index/shard/recovery/start_recovery]]; nested: RecoveryEngineException[Phase[1] phase1 failed]; nested: RecoverFilesRecoveryException[Failed to transfer [4] files with total size of [5.7kb]]; nested: RemoteTransportException[[File corruption occurred on recovery but checksums are ok]];
	at org.elasticsearch.indices.recovery.RecoveryTarget.doRecovery(RecoveryTarget.java:271)
	at org.elasticsearch.indices.recovery.RecoveryTarget.access$1100(RecoveryTarget.java:79)
	at org.elasticsearch.indices.recovery.RecoveryTarget$RecoveryRunner.doRun(RecoveryTarget.java:521)
	at org.elasticsearch.common.util.concurrent.AbstractRunnable.run(AbstractRunnable.java:37)
	at java.util.concurrent.ThreadPoolExecutor.runWorker(ThreadPoolExecutor.java:1142)
	at java.util.concurrent.ThreadPoolExecutor$Worker.run(ThreadPoolExecutor.java:617)
	at java.lang.Thread.run(Thread.java:745)
Caused by: RemoteTransportException[[node_s2][local[178]][internal:index/shard/recovery/start_recovery]]; nested: RecoveryEngineException[Phase[1] phase1 failed]; nested: RecoverFilesRecoveryException[Failed to transfer [4] files with total size of [5.7kb]]; nested: RemoteTransportException[[File corruption occurred on recovery but checksums are ok]];
Caused by: [test][[test][2]] RecoveryEngineException[Phase[1] phase1 failed]; nested: RecoverFilesRecoveryException[Failed to transfer [4] files with total size of [5.7kb]]; nested: RemoteTransportException[[File corruption occurred on recovery but checksums are ok]];
	at org.elasticsearch.indices.recovery.RecoverySourceHandler.recoverToTarget(RecoverySourceHandler.java:137)
	at org.elasticsearch.indices.recovery.RecoverySource.recover(RecoverySource.java:123)
	at org.elasticsearch.indices.recovery.RecoverySource.access$100(RecoverySource.java:52)
	at org.elasticsearch.indices.recovery.RecoverySource$StartRecoveryTransportRequestHandler.messageReceived(RecoverySource.java:132)
	at org.elasticsearch.indices.recovery.RecoverySource$StartRecoveryTransportRequestHandler.messageReceived(RecoverySource.java:129)
	at org.elasticsearch.transport.TransportRequestHandler.messageReceived(TransportRequestHandler.java:33)
	at org.elasticsearch.transport.RequestHandlerRegistry.processMessageReceived(RequestHandlerRegistry.java:65)
	at org.elasticsearch.transport.local.LocalTransport$2.doRun(LocalTransport.java:296)
	at org.elasticsearch.common.util.concurrent.AbstractRunnable.run(AbstractRunnable.java:37)
	at java.util.concurrent.ThreadPoolExecutor.runWorker(ThreadPoolExecutor.java:1142)
	at java.util.concurrent.ThreadPoolExecutor$Worker.run(ThreadPoolExecutor.java:617)
	at java.lang.Thread.run(Thread.java:745)
Caused by: [test][[test][2]] RecoverFilesRecoveryException[Failed to transfer [4] files with total size of [5.7kb]]; nested: RemoteTransportException[[File corruption occurred on recovery but checksums are ok]];
	at org.elasticsearch.indices.recovery.RecoverySourceHandler.phase1(RecoverySourceHandler.java:316)
	at org.elasticsearch.indices.recovery.RecoverySourceHandler.recoverToTarget(RecoverySourceHandler.java:135)
	... 11 more
Caused by: RemoteTransportException[[File corruption occurred on recovery but checksums are ok]]
	Suppressed: RemoteTransportException[[node_s1][local[173]][internal:index/shard/recovery/file_chunk]]; nested: CorruptIndexException[verification failed (hardware problem?) : expected=1efooyi actual=1efooyi footer=null writtenLength=195 expectedLength=196 (resource=name [segments_2], length [196], checksum [1efooyi], writtenBy [5.5.0]) (resource=VerifyingIndexOutput(segments_2))];
	Caused by: org.apache.lucene.index.CorruptIndexException: verification failed (hardware problem?) : expected=1efooyi actual=1efooyi footer=null writtenLength=195 expectedLength=196 (resource=name [segments_2], length [196], checksum [1efooyi], writtenBy [5.5.0]) (resource=VerifyingIndexOutput(segments_2))
		at org.elasticsearch.index.store.Store$LuceneVerifyingIndexOutput.verify(Store.java:1321)
		at org.elasticsearch.index.store.Store.verify(Store.java:486)
		at org.elasticsearch.indices.recovery.RecoveryTarget$FileChunkTransportRequestHandler.messageReceived(RecoveryTarget.java:472)
		at org.elasticsearch.indices.recovery.RecoveryTarget$FileChunkTransportRequestHandler.messageReceived(RecoveryTarget.java:432)
		at org.elasticsearch.transport.TransportRequestHandler.messageReceived(TransportRequestHandler.java:33)
		at org.elasticsearch.transport.RequestHandlerRegistry.processMessageReceived(RequestHandlerRegistry.java:65)
		at org.elasticsearch.transport.local.LocalTransport$2.doRun(LocalTransport.java:296)
		at org.elasticsearch.common.util.concurrent.AbstractRunnable.run(AbstractRunnable.java:37)
		at java.util.concurrent.ThreadPoolExecutor.runWorker(ThreadPoolExecutor.java:1142)
		at java.util.concurrent.ThreadPoolExecutor$Worker.run(ThreadPoolExecutor.java:617)
		at java.lang.Thread.run(Thread.java:745)
[2016-04-18 03:03:00,344][WARN ][org.elasticsearch.indices.recovery] [node_s1] 0 Remote file corruption on node {node_s2}{YvkzGDY1QF6b9Uj0h5gCWQ}{local}{local[178]}[master=>false, mode=>local], recovering name [segments_2], length [196], checksum [59vsv3], writtenBy [5.5.0]. local checksum OK
org.apache.lucene.index.CorruptIndexException: verification failed (hardware problem?) : expected=59vsv3 actual=59vsv3 footer=null writtenLength=195 expectedLength=196 (resource=name [segments_2], length [196], checksum [59vsv3], writtenBy [5.5.0]) (resource=VerifyingIndexOutput(segments_2))
	at org.elasticsearch.index.store.Store$LuceneVerifyingIndexOutput.verify(Store.java:1321)
	at org.elasticsearch.index.store.Store.verify(Store.java:486)
	at org.elasticsearch.indices.recovery.RecoveryTarget$FileChunkTransportRequestHandler.messageReceived(RecoveryTarget.java:472)
	at org.elasticsearch.indices.recovery.RecoveryTarget$FileChunkTransportRequestHandler.messageReceived(RecoveryTarget.java:432)
	at org.elasticsearch.transport.TransportRequestHandler.messageReceived(TransportRequestHandler.java:33)
	at org.elasticsearch.transport.RequestHandlerRegistry.processMessageReceived(RequestHandlerRegistry.java:65)
	at org.elasticsearch.transport.local.LocalTransport$2.doRun(LocalTransport.java:296)
	at org.elasticsearch.common.util.concurrent.AbstractRunnable.run(AbstractRunnable.java:37)
	at java.util.concurrent.ThreadPoolExecutor.runWorker(ThreadPoolExecutor.java:1142)
	at java.util.concurrent.ThreadPoolExecutor$Worker.run(ThreadPoolExecutor.java:617)
	at java.lang.Thread.run(Thread.java:745)
[2016-04-18 03:03:00,345][WARN ][org.elasticsearch.cluster.action.shard] [node_s0] [test][2] received shard failed for [test][2], node[YvkzGDY1QF6b9Uj0h5gCWQ], [R], v[3], s[INITIALIZING], a[id=xtU_OeAeQfqR1NRAsyI75w], unassigned_info[[reason=REPLICA_ADDED], at[2016-04-18T07:03:00.322Z]], indexUUID [EFmoxegnT-G6KYMjAmRMJw], message [failed recovery], failure [RecoveryFailedException[[test][2]: Recovery failed from {node_s1}{hVn4Vy4tQaCk9HOFuCJ_ag}{local}{local[173]}[mode=>local] into {node_s2}{YvkzGDY1QF6b9Uj0h5gCWQ}{local}{local[178]}[mode=>local, master=>false]]; nested: RemoteTransportException[[node_s2][local[178]][internal:index/shard/recovery/start_recovery]]; nested: RecoveryEngineException[Phase[1] phase1 failed]; nested: RecoverFilesRecoveryException[Failed to transfer [4] files with total size of [5.7kb]]; nested: RemoteTransportException[[File corruption occurred on recovery but checksums are ok]]; ]
RecoveryFailedException[[test][2]: Recovery failed from {node_s1}{hVn4Vy4tQaCk9HOFuCJ_ag}{local}{local[173]}[mode=>local] into {node_s2}{YvkzGDY1QF6b9Uj0h5gCWQ}{local}{local[178]}[mode=>local, master=>false]]; nested: RemoteTransportException[[node_s2][local[178]][internal:index/shard/recovery/start_recovery]]; nested: RecoveryEngineException[Phase[1] phase1 failed]; nested: RecoverFilesRecoveryException[Failed to transfer [4] files with total size of [5.7kb]]; nested: RemoteTransportException[[File corruption occurred on recovery but checksums are ok]];
	at org.elasticsearch.indices.recovery.RecoveryTarget.doRecovery(RecoveryTarget.java:271)
	at org.elasticsearch.indices.recovery.RecoveryTarget.access$1100(RecoveryTarget.java:79)
	at org.elasticsearch.indices.recovery.RecoveryTarget$RecoveryRunner.doRun(RecoveryTarget.java:521)
	at org.elasticsearch.common.util.concurrent.AbstractRunnable.run(AbstractRunnable.java:37)
	at java.util.concurrent.ThreadPoolExecutor.runWorker(ThreadPoolExecutor.java:1142)
	at java.util.concurrent.ThreadPoolExecutor$Worker.run(ThreadPoolExecutor.java:617)
	at java.lang.Thread.run(Thread.java:745)
Caused by: RemoteTransportException[[node_s2][local[178]][internal:index/shard/recovery/start_recovery]]; nested: RecoveryEngineException[Phase[1] phase1 failed]; nested: RecoverFilesRecoveryException[Failed to transfer [4] files with total size of [5.7kb]]; nested: RemoteTransportException[[File corruption occurred on recovery but checksums are ok]];
Caused by: [test][[test][2]] RecoveryEngineException[Phase[1] phase1 failed]; nested: RecoverFilesRecoveryException[Failed to transfer [4] files with total size of [5.7kb]]; nested: RemoteTransportException[[File corruption occurred on recovery but checksums are ok]];
	at org.elasticsearch.indices.recovery.RecoverySourceHandler.recoverToTarget(RecoverySourceHandler.java:137)
	at org.elasticsearch.indices.recovery.RecoverySource.recover(RecoverySource.java:123)
	at org.elasticsearch.indices.recovery.RecoverySource.access$100(RecoverySource.java:52)
	at org.elasticsearch.indices.recovery.RecoverySource$StartRecoveryTransportRequestHandler.messageReceived(RecoverySource.java:132)
	at org.elasticsearch.indices.recovery.RecoverySource$StartRecoveryTransportRequestHandler.messageReceived(RecoverySource.java:129)
	at org.elasticsearch.transport.TransportRequestHandler.messageReceived(TransportRequestHandler.java:33)
	at org.elasticsearch.transport.RequestHandlerRegistry.processMessageReceived(RequestHandlerRegistry.java:65)
	at org.elasticsearch.transport.local.LocalTransport$2.doRun(LocalTransport.java:296)
	at org.elasticsearch.common.util.concurrent.AbstractRunnable.run(AbstractRunnable.java:37)
	at java.util.concurrent.ThreadPoolExecutor.runWorker(ThreadPoolExecutor.java:1142)
	at java.util.concurrent.ThreadPoolExecutor$Worker.run(ThreadPoolExecutor.java:617)
	at java.lang.Thread.run(Thread.java:745)
Caused by: [test][[test][2]] RecoverFilesRecoveryException[Failed to transfer [4] files with total size of [5.7kb]]; nested: RemoteTransportException[[File corruption occurred on recovery but checksums are ok]];
	at org.elasticsearch.indices.recovery.RecoverySourceHandler.phase1(RecoverySourceHandler.java:316)
	at org.elasticsearch.indices.recovery.RecoverySourceHandler.recoverToTarget(RecoverySourceHandler.java:135)
	... 11 more
Caused by: RemoteTransportException[[File corruption occurred on recovery but checksums are ok]]
	Suppressed: RemoteTransportException[[node_s1][local[173]][internal:index/shard/recovery/file_chunk]]; nested: CorruptIndexException[verification failed (hardware problem?) : expected=1efooyi actual=1efooyi footer=null writtenLength=195 expectedLength=196 (resource=name [segments_2], length [196], checksum [1efooyi], writtenBy [5.5.0]) (resource=VerifyingIndexOutput(segments_2))];
	Caused by: org.apache.lucene.index.CorruptIndexException: verification failed (hardware problem?) : expected=1efooyi actual=1efooyi footer=null writtenLength=195 expectedLength=196 (resource=name [segments_2], length [196], checksum [1efooyi], writtenBy [5.5.0]) (resource=VerifyingIndexOutput(segments_2))
		at org.elasticsearch.index.store.Store$LuceneVerifyingIndexOutput.verify(Store.java:1321)
		at org.elasticsearch.index.store.Store.verify(Store.java:486)
		at org.elasticsearch.indices.recovery.RecoveryTarget$FileChunkTransportRequestHandler.messageReceived(RecoveryTarget.java:472)
		at org.elasticsearch.indices.recovery.RecoveryTarget$FileChunkTransportRequestHandler.messageReceived(RecoveryTarget.java:432)
		at org.elasticsearch.transport.TransportRequestHandler.messageReceived(TransportRequestHandler.java:33)
		at org.elasticsearch.transport.RequestHandlerRegistry.processMessageReceived(RequestHandlerRegistry.java:65)
		at org.elasticsearch.transport.local.LocalTransport$2.doRun(LocalTransport.java:296)
		at org.elasticsearch.common.util.concurrent.AbstractRunnable.run(AbstractRunnable.java:37)
		at java.util.concurrent.ThreadPoolExecutor.runWorker(ThreadPoolExecutor.java:1142)
		at java.util.concurrent.ThreadPoolExecutor$Worker.run(ThreadPoolExecutor.java:617)
		at java.lang.Thread.run(Thread.java:745)
[2016-04-18 03:03:00,346][WARN ][org.elasticsearch.indices.cluster] [node_s2] [[test][0]] marking and sending shard failed due to [failed recovery]
RecoveryFailedException[[test][0]: Recovery failed from {node_s1}{hVn4Vy4tQaCk9HOFuCJ_ag}{local}{local[173]}[mode=>local] into {node_s2}{YvkzGDY1QF6b9Uj0h5gCWQ}{local}{local[178]}[mode=>local, master=>false]]; nested: RemoteTransportException[[node_s2][local[178]][internal:index/shard/recovery/start_recovery]]; nested: RecoveryEngineException[Phase[1] phase1 failed]; nested: RecoverFilesRecoveryException[Failed to transfer [4] files with total size of [5.6kb]]; nested: RemoteTransportException[[File corruption occurred on recovery but checksums are ok]];
	at org.elasticsearch.indices.recovery.RecoveryTarget.doRecovery(RecoveryTarget.java:271)
	at org.elasticsearch.indices.recovery.RecoveryTarget.access$1100(RecoveryTarget.java:79)
	at org.elasticsearch.indices.recovery.RecoveryTarget$RecoveryRunner.doRun(RecoveryTarget.java:521)
	at org.elasticsearch.common.util.concurrent.AbstractRunnable.run(AbstractRunnable.java:37)
	at java.util.concurrent.ThreadPoolExecutor.runWorker(ThreadPoolExecutor.java:1142)
	at java.util.concurrent.ThreadPoolExecutor$Worker.run(ThreadPoolExecutor.java:617)
	at java.lang.Thread.run(Thread.java:745)
Caused by: RemoteTransportException[[node_s2][local[178]][internal:index/shard/recovery/start_recovery]]; nested: RecoveryEngineException[Phase[1] phase1 failed]; nested: RecoverFilesRecoveryException[Failed to transfer [4] files with total size of [5.6kb]]; nested: RemoteTransportException[[File corruption occurred on recovery but checksums are ok]];
Caused by: [test][[test][0]] RecoveryEngineException[Phase[1] phase1 failed]; nested: RecoverFilesRecoveryException[Failed to transfer [4] files with total size of [5.6kb]]; nested: RemoteTransportException[[File corruption occurred on recovery but checksums are ok]];
	at org.elasticsearch.indices.recovery.RecoverySourceHandler.recoverToTarget(RecoverySourceHandler.java:137)
	at org.elasticsearch.indices.recovery.RecoverySource.recover(RecoverySource.java:123)
	at org.elasticsearch.indices.recovery.RecoverySource.access$100(RecoverySource.java:52)
	at org.elasticsearch.indices.recovery.RecoverySource$StartRecoveryTransportRequestHandler.messageReceived(RecoverySource.java:132)
	at org.elasticsearch.indices.recovery.RecoverySource$StartRecoveryTransportRequestHandler.messageReceived(RecoverySource.java:129)
	at org.elasticsearch.transport.TransportRequestHandler.messageReceived(TransportRequestHandler.java:33)
	at org.elasticsearch.transport.RequestHandlerRegistry.processMessageReceived(RequestHandlerRegistry.java:65)
	at org.elasticsearch.transport.local.LocalTransport$2.doRun(LocalTransport.java:296)
	at org.elasticsearch.common.util.concurrent.AbstractRunnable.run(AbstractRunnable.java:37)
	at java.util.concurrent.ThreadPoolExecutor.runWorker(ThreadPoolExecutor.java:1142)
	at java.util.concurrent.ThreadPoolExecutor$Worker.run(ThreadPoolExecutor.java:617)
	at java.lang.Thread.run(Thread.java:745)
Caused by: [test][[test][0]] RecoverFilesRecoveryException[Failed to transfer [4] files with total size of [5.6kb]]; nested: RemoteTransportException[[File corruption occurred on recovery but checksums are ok]];
	at org.elasticsearch.indices.recovery.RecoverySourceHandler.phase1(RecoverySourceHandler.java:316)
	at org.elasticsearch.indices.recovery.RecoverySourceHandler.recoverToTarget(RecoverySourceHandler.java:135)
	... 11 more
Caused by: RemoteTransportException[[File corruption occurred on recovery but checksums are ok]]
	Suppressed: RemoteTransportException[[node_s1][local[173]][internal:index/shard/recovery/file_chunk]]; nested: CorruptIndexException[verification failed (hardware problem?) : expected=59vsv3 actual=59vsv3 footer=null writtenLength=195 expectedLength=196 (resource=name [segments_2], length [196], checksum [59vsv3], writtenBy [5.5.0]) (resource=VerifyingIndexOutput(segments_2))];
	Caused by: org.apache.lucene.index.CorruptIndexException: verification failed (hardware problem?) : expected=59vsv3 actual=59vsv3 footer=null writtenLength=195 expectedLength=196 (resource=name [segments_2], length [196], checksum [59vsv3], writtenBy [5.5.0]) (resource=VerifyingIndexOutput(segments_2))
		at org.elasticsearch.index.store.Store$LuceneVerifyingIndexOutput.verify(Store.java:1321)
		at org.elasticsearch.index.store.Store.verify(Store.java:486)
		at org.elasticsearch.indices.recovery.RecoveryTarget$FileChunkTransportRequestHandler.messageReceived(RecoveryTarget.java:472)
		at org.elasticsearch.indices.recovery.RecoveryTarget$FileChunkTransportRequestHandler.messageReceived(RecoveryTarget.java:432)
		at org.elasticsearch.transport.TransportRequestHandler.messageReceived(TransportRequestHandler.java:33)
		at org.elasticsearch.transport.RequestHandlerRegistry.processMessageReceived(RequestHandlerRegistry.java:65)
		at org.elasticsearch.transport.local.LocalTransport$2.doRun(LocalTransport.java:296)
		at org.elasticsearch.common.util.concurrent.AbstractRunnable.run(AbstractRunnable.java:37)
		at java.util.concurrent.ThreadPoolExecutor.runWorker(ThreadPoolExecutor.java:1142)
		at java.util.concurrent.ThreadPoolExecutor$Worker.run(ThreadPoolExecutor.java:617)
		at java.lang.Thread.run(Thread.java:745)
[2016-04-18 03:03:00,347][WARN ][org.elasticsearch.cluster.action.shard] [node_s0] [test][0] received shard failed for [test][0], node[YvkzGDY1QF6b9Uj0h5gCWQ], [R], v[3], s[INITIALIZING], a[id=dLCE2r9-QlamBXEJ_pKvDQ], unassigned_info[[reason=REPLICA_ADDED], at[2016-04-18T07:03:00.322Z]], indexUUID [EFmoxegnT-G6KYMjAmRMJw], message [failed recovery], failure [RecoveryFailedException[[test][0]: Recovery failed from {node_s1}{hVn4Vy4tQaCk9HOFuCJ_ag}{local}{local[173]}[mode=>local] into {node_s2}{YvkzGDY1QF6b9Uj0h5gCWQ}{local}{local[178]}[mode=>local, master=>false]]; nested: RemoteTransportException[[node_s2][local[178]][internal:index/shard/recovery/start_recovery]]; nested: RecoveryEngineException[Phase[1] phase1 failed]; nested: RecoverFilesRecoveryException[Failed to transfer [4] files with total size of [5.6kb]]; nested: RemoteTransportException[[File corruption occurred on recovery but checksums are ok]]; ]
RecoveryFailedException[[test][0]: Recovery failed from {node_s1}{hVn4Vy4tQaCk9HOFuCJ_ag}{local}{local[173]}[mode=>local] into {node_s2}{YvkzGDY1QF6b9Uj0h5gCWQ}{local}{local[178]}[mode=>local, master=>false]]; nested: RemoteTransportException[[node_s2][local[178]][internal:index/shard/recovery/start_recovery]]; nested: RecoveryEngineException[Phase[1] phase1 failed]; nested: RecoverFilesRecoveryException[Failed to transfer [4] files with total size of [5.6kb]]; nested: RemoteTransportException[[File corruption occurred on recovery but checksums are ok]];
	at org.elasticsearch.indices.recovery.RecoveryTarget.doRecovery(RecoveryTarget.java:271)
	at org.elasticsearch.indices.recovery.RecoveryTarget.access$1100(RecoveryTarget.java:79)
	at org.elasticsearch.indices.recovery.RecoveryTarget$RecoveryRunner.doRun(RecoveryTarget.java:521)
	at org.elasticsearch.common.util.concurrent.AbstractRunnable.run(AbstractRunnable.java:37)
	at java.util.concurrent.ThreadPoolExecutor.runWorker(ThreadPoolExecutor.java:1142)
	at java.util.concurrent.ThreadPoolExecutor$Worker.run(ThreadPoolExecutor.java:617)
	at java.lang.Thread.run(Thread.java:745)
Caused by: RemoteTransportException[[node_s2][local[178]][internal:index/shard/recovery/start_recovery]]; nested: RecoveryEngineException[Phase[1] phase1 failed]; nested: RecoverFilesRecoveryException[Failed to transfer [4] files with total size of [5.6kb]]; nested: RemoteTransportException[[File corruption occurred on recovery but checksums are ok]];
Caused by: [test][[test][0]] RecoveryEngineException[Phase[1] phase1 failed]; nested: RecoverFilesRecoveryException[Failed to transfer [4] files with total size of [5.6kb]]; nested: RemoteTransportException[[File corruption occurred on recovery but checksums are ok]];
	at org.elasticsearch.indices.recovery.RecoverySourceHandler.recoverToTarget(RecoverySourceHandler.java:137)
	at org.elasticsearch.indices.recovery.RecoverySource.recover(RecoverySource.java:123)
	at org.elasticsearch.indices.recovery.RecoverySource.access$100(RecoverySource.java:52)
	at org.elasticsearch.indices.recovery.RecoverySource$StartRecoveryTransportRequestHandler.messageReceived(RecoverySource.java:132)
	at org.elasticsearch.indices.recovery.RecoverySource$StartRecoveryTransportRequestHandler.messageReceived(RecoverySource.java:129)
	at org.elasticsearch.transport.TransportRequestHandler.messageReceived(TransportRequestHandler.java:33)
	at org.elasticsearch.transport.RequestHandlerRegistry.processMessageReceived(RequestHandlerRegistry.java:65)
	at org.elasticsearch.transport.local.LocalTransport$2.doRun(LocalTransport.java:296)
	at org.elasticsearch.common.util.concurrent.AbstractRunnable.run(AbstractRunnable.java:37)
	at java.util.concurrent.ThreadPoolExecutor.runWorker(ThreadPoolExecutor.java:1142)
	at java.util.concurrent.ThreadPoolExecutor$Worker.run(ThreadPoolExecutor.java:617)
	at java.lang.Thread.run(Thread.java:745)
Caused by: [test][[test][0]] RecoverFilesRecoveryException[Failed to transfer [4] files with total size of [5.6kb]]; nested: RemoteTransportException[[File corruption occurred on recovery but checksums are ok]];
	at org.elasticsearch.indices.recovery.RecoverySourceHandler.phase1(RecoverySourceHandler.java:316)
	at org.elasticsearch.indices.recovery.RecoverySourceHandler.recoverToTarget(RecoverySourceHandler.java:135)
	... 11 more
Caused by: RemoteTransportException[[File corruption occurred on recovery but checksums are ok]]
	Suppressed: RemoteTransportException[[node_s1][local[173]][internal:index/shard/recovery/file_chunk]]; nested: CorruptIndexException[verification failed (hardware problem?) : expected=59vsv3 actual=59vsv3 footer=null writtenLength=195 expectedLength=196 (resource=name [segments_2], length [196], checksum [59vsv3], writtenBy [5.5.0]) (resource=VerifyingIndexOutput(segments_2))];
	Caused by: org.apache.lucene.index.CorruptIndexException: verification failed (hardware problem?) : expected=59vsv3 actual=59vsv3 footer=null writtenLength=195 expectedLength=196 (resource=name [segments_2], length [196], checksum [59vsv3], writtenBy [5.5.0]) (resource=VerifyingIndexOutput(segments_2))
		at org.elasticsearch.index.store.Store$LuceneVerifyingIndexOutput.verify(Store.java:1321)
		at org.elasticsearch.index.store.Store.verify(Store.java:486)
		at org.elasticsearch.indices.recovery.RecoveryTarget$FileChunkTransportRequestHandler.messageReceived(RecoveryTarget.java:472)
		at org.elasticsearch.indices.recovery.RecoveryTarget$FileChunkTransportRequestHandler.messageReceived(RecoveryTarget.java:432)
		at org.elasticsearch.transport.TransportRequestHandler.messageReceived(TransportRequestHandler.java:33)
		at org.elasticsearch.transport.RequestHandlerRegistry.processMessageReceived(RequestHandlerRegistry.java:65)
		at org.elasticsearch.transport.local.LocalTransport$2.doRun(LocalTransport.java:296)
		at org.elasticsearch.common.util.concurrent.AbstractRunnable.run(AbstractRunnable.java:37)
		at java.util.concurrent.ThreadPoolExecutor.runWorker(ThreadPoolExecutor.java:1142)
		at java.util.concurrent.ThreadPoolExecutor$Worker.run(ThreadPoolExecutor.java:617)
		at java.lang.Thread.run(Thread.java:745)
[2016-04-18 03:03:00,350][WARN ][org.elasticsearch.cluster.action.shard] [node_s0] [test][2] received shard failed for [test][2], node[YvkzGDY1QF6b9Uj0h5gCWQ], [R], v[3], s[INITIALIZING], a[id=xtU_OeAeQfqR1NRAsyI75w], unassigned_info[[reason=REPLICA_ADDED], at[2016-04-18T07:03:00.322Z]], indexUUID [EFmoxegnT-G6KYMjAmRMJw], message [master {node_s0}{PgOZI5L7RwKe_T0I-4UIgQ}{local}{local[172]}[mode=>local] marked shard as initializing, but shard is marked as failed, resend shard failure], failure [Unknown]
[2016-04-18 03:03:00,350][WARN ][org.elasticsearch.cluster.action.shard] [node_s0] [test][0] received shard failed for [test][0], node[YvkzGDY1QF6b9Uj0h5gCWQ], [R], v[3], s[INITIALIZING], a[id=dLCE2r9-QlamBXEJ_pKvDQ], unassigned_info[[reason=REPLICA_ADDED], at[2016-04-18T07:03:00.322Z]], indexUUID [EFmoxegnT-G6KYMjAmRMJw], message [master {node_s0}{PgOZI5L7RwKe_T0I-4UIgQ}{local}{local[172]}[mode=>local] marked shard as initializing, but shard is marked as failed, resend shard failure], failure [Unknown]
[2016-04-18 03:03:00,524][WARN ][org.elasticsearch.index  ] [node_s0] [test] [index.merge.enabled] is set to false, this should only be used in tests and can cause serious problems in production environments
[2016-04-18 03:03:00,525][WARN ][org.elasticsearch.index  ] [node_s0] [test] [index.merge.enabled] is set to false, this should only be used in tests and can cause serious problems in production environments
[2016-04-18 03:03:00,525][WARN ][org.elasticsearch.index  ] [node_s0] [test] [index.merge.enabled] is set to false, this should only be used in tests and can cause serious problems in production environments
[2016-04-18 03:03:00,525][WARN ][org.elasticsearch.index  ] [node_s0] [test] [index.merge.enabled] is set to false, this should only be used in tests and can cause serious problems in production environments
[2016-04-18 03:03:00,526][WARN ][org.elasticsearch.index  ] [node_s1] [test] [index.merge.enabled] is set to false, this should only be used in tests and can cause serious problems in production environments
[2016-04-18 03:03:00,527][WARN ][org.elasticsearch.index  ] [node_s1] [test] [index.merge.enabled] is set to false, this should only be used in tests and can cause serious problems in production environments
[2016-04-18 03:03:00,528][WARN ][org.elasticsearch.index  ] [node_s1] [test] [index.merge.enabled] is set to false, this should only be used in tests and can cause serious problems in production environments
[2016-04-18 03:03:00,529][WARN ][org.elasticsearch.index  ] [node_s0] [test] [index.merge.enabled] is set to false, this should only be used in tests and can cause serious problems in production environments
[2016-04-18 03:03:00,531][WARN ][org.elasticsearch.index  ] [node_s0] [test] [index.merge.enabled] is set to false, this should only be used in tests and can cause serious problems in production environments
[2016-04-18 03:03:00,533][WARN ][org.elasticsearch.index  ] [node_s0] [test] [index.merge.enabled] is set to false, this should only be used in tests and can cause serious problems in production environments
[2016-04-18 03:03:00,534][WARN ][org.elasticsearch.index  ] [node_s0] [test] [index.merge.enabled] is set to false, this should only be used in tests and can cause serious problems in production environments
[2016-04-18 03:03:00,537][WARN ][org.elasticsearch.index  ] [node_s1] [test] [index.merge.enabled] is set to false, this should only be used in tests and can cause serious problems in production environments
[2016-04-18 03:03:00,539][WARN ][org.elasticsearch.index  ] [node_s1] [test] [index.merge.enabled] is set to false, this should only be used in tests and can cause serious problems in production environments
[2016-04-18 03:03:00,542][WARN ][org.elasticsearch.index  ] [node_s0] [test] [index.merge.enabled] is set to false, this should only be used in tests and can cause serious problems in production environments
[2016-04-18 03:03:00,543][WARN ][org.elasticsearch.index  ] [node_s0] [test] [index.merge.enabled] is set to false, this should only be used in tests and can cause serious problems in production environments
[2016-04-18 03:03:00,545][WARN ][org.elasticsearch.index  ] [node_s1] [test] [index.merge.enabled] is set to false, this should only be used in tests and can cause serious problems in production environments
[2016-04-18 03:03:00,547][WARN ][org.elasticsearch.index  ] [node_s1] [test] [index.merge.enabled] is set to false, this should only be used in tests and can cause serious problems in production environments
[2016-04-18 03:03:00,549][WARN ][org.elasticsearch.index  ] [node_s0] [test] [index.merge.enabled] is set to false, this should only be used in tests and can cause serious problems in production environments
[2016-04-18 03:03:00,553][WARN ][org.elasticsearch.index  ] [node_s1] [test] [index.merge.enabled] is set to false, this should only be used in tests and can cause serious problems in production environments
[2016-04-18 03:03:00,554][WARN ][org.elasticsearch.index  ] [node_s0] [test] [index.merge.enabled] is set to false, this should only be used in tests and can cause serious problems in production environments
[2016-04-18 03:03:00,596][WARN ][org.elasticsearch.index  ] [node_s1] [test] [index.merge.enabled] is set to false, this should only be used in tests and can cause serious problems in production environments
[2016-04-18 03:03:00,599][WARN ][org.elasticsearch.index  ] [node_s0] [test] [index.merge.enabled] is set to false, this should only be used in tests and can cause serious problems in production environments
[2016-04-18 03:03:00,606][WARN ][org.elasticsearch.index  ] [node_s1] [test] [index.merge.enabled] is set to false, this should only be used in tests and can cause serious problems in production environments
[2016-04-18 03:03:00,608][WARN ][org.elasticsearch.index  ] [node_s0] [test] [index.merge.enabled] is set to false, this should only be used in tests and can cause serious problems in production environments
[2016-04-18 03:03:00,717][WARN ][org.elasticsearch.index  ] [node_s1] [test] [index.merge.enabled] is set to false, this should only be used in tests and can cause serious problems in production environments
[2016-04-18 03:03:00,747][WARN ][org.elasticsearch.index  ] [node_s0] [test] [index.merge.enabled] is set to false, this should only be used in tests and can cause serious problems in production environments
[2016-04-18 03:03:00,747][WARN ][org.elasticsearch.index  ] [node_s0] [test] [index.merge.enabled] is set to false, this should only be used in tests and can cause serious problems in production environments
[2016-04-18 03:03:00,747][WARN ][org.elasticsearch.index  ] [node_s0] [test] [index.merge.enabled] is set to false, this should only be used in tests and can cause serious problems in production environments
[2016-04-18 03:03:00,748][WARN ][org.elasticsearch.index  ] [node_s0] [test] [index.merge.enabled] is set to false, this should only be used in tests and can cause serious problems in production environments
[2016-04-18 03:03:00,748][WARN ][org.elasticsearch.index  ] [node_s0] [test] [index.merge.enabled] is set to false, this should only be used in tests and can cause serious problems in production environments
[2016-04-18 03:03:00,748][WARN ][org.elasticsearch.index  ] [node_s0] [test] [index.merge.enabled] is set to false, this should only be used in tests and can cause serious problems in production environments
[2016-04-18 03:03:00,751][WARN ][org.elasticsearch.index  ] [node_s0] [test] [index.merge.enabled] is set to false, this should only be used in tests and can cause serious problems in production environments
[2016-04-18 03:03:00,752][WARN ][org.elasticsearch.index  ] [node_s0] [test] [index.merge.enabled] is set to false, this should only be used in tests and can cause serious problems in production environments
[2016-04-18 03:03:00,752][WARN ][org.elasticsearch.index  ] [node_s0] [test] [index.merge.enabled] is set to false, this should only be used in tests and can cause serious problems in production environments
[2016-04-18 03:03:00,753][WARN ][org.elasticsearch.index  ] [node_s0] [test] [index.merge.enabled] is set to false, this should only be used in tests and can cause serious problems in production environments
[2016-04-18 03:03:00,755][WARN ][org.elasticsearch.index  ] [node_s0] [test] [index.merge.enabled] is set to false, this should only be used in tests and can cause serious problems in production environments
[2016-04-18 03:03:00,757][WARN ][org.elasticsearch.index  ] [node_s0] [test] [index.merge.enabled] is set to false, this should only be used in tests and can cause serious problems in production environments
[2016-04-18 03:03:00,760][WARN ][org.elasticsearch.index  ] [node_s0] [test] [index.merge.enabled] is set to false, this should only be used in tests and can cause serious problems in production environments
[2016-04-18 03:03:00,761][WARN ][org.elasticsearch.index  ] [node_s0] [test] [index.merge.enabled] is set to false, this should only be used in tests and can cause serious problems in production environments
[2016-04-18 03:03:00,761][WARN ][org.elasticsearch.indices.cluster] [node_s0] [[test][1]] marking and sending shard failed due to [failed recovery]
[test][[test][1]] IndexShardRecoveryException[failed to fetch index version after copying it over]; nested: IndexShardRecoveryException[shard allocated for local recovery (post api), should exist, but doesn't, current files: [corrupted__D5VyAGFT_-6HWat24OxCA, write.lock, _0.cfe, _0.cfs, _0.si, segments_3]]; nested: CorruptIndexException[Read past EOF while reading segment infos (resource=commit(null))]; nested: EOFException[read past EOF: NIOFSIndexInput(path="/Users/lwiskowski/CSE2410_spring2016_projectileDysfunction/core/build/testrun/integTest/J2/temp/org.elasticsearch.index.store.CorruptedFileIT_AF876320E2D19F69-001/tempDir-001/data/SUITE-CHILD_VM=[2]-CLUSTER_SEED=[-8313708514896918260]-HASH=[263D6451D50F]-cluster/nodes/0/indices/test/1/index/segments_3")];
	at org.elasticsearch.index.shard.StoreRecovery.internalRecoverFromStore(StoreRecovery.java:209)
	at org.elasticsearch.index.shard.StoreRecovery.lambda$recoverFromStore$189(StoreRecovery.java:77)
	at org.elasticsearch.index.shard.StoreRecovery.executeRecovery(StoreRecovery.java:122)
	at org.elasticsearch.index.shard.StoreRecovery.recoverFromStore(StoreRecovery.java:75)
	at org.elasticsearch.index.shard.IndexShard.recoverFromStore(IndexShard.java:1059)
	at org.elasticsearch.indices.cluster.IndicesClusterStateService.lambda$applyInitializingShard$195(IndicesClusterStateService.java:648)
	at java.util.concurrent.ThreadPoolExecutor.runWorker(ThreadPoolExecutor.java:1142)
	at java.util.concurrent.ThreadPoolExecutor$Worker.run(ThreadPoolExecutor.java:617)
	at java.lang.Thread.run(Thread.java:745)
Caused by: [test][[test][1]] IndexShardRecoveryException[shard allocated for local recovery (post api), should exist, but doesn't, current files: [corrupted__D5VyAGFT_-6HWat24OxCA, write.lock, _0.cfe, _0.cfs, _0.si, segments_3]]; nested: CorruptIndexException[Read past EOF while reading segment infos (resource=commit(null))]; nested: EOFException[read past EOF: NIOFSIndexInput(path="/Users/lwiskowski/CSE2410_spring2016_projectileDysfunction/core/build/testrun/integTest/J2/temp/org.elasticsearch.index.store.CorruptedFileIT_AF876320E2D19F69-001/tempDir-001/data/SUITE-CHILD_VM=[2]-CLUSTER_SEED=[-8313708514896918260]-HASH=[263D6451D50F]-cluster/nodes/0/indices/test/1/index/segments_3")];
	at org.elasticsearch.index.shard.StoreRecovery.internalRecoverFromStore(StoreRecovery.java:193)
	... 8 more
Caused by: org.apache.lucene.index.CorruptIndexException: Read past EOF while reading segment infos (resource=commit(null))
	at org.elasticsearch.index.store.Store.readSegmentsInfo(Store.java:199)
	at org.elasticsearch.index.store.Store.readLastCommittedSegmentsInfo(Store.java:181)
	at org.elasticsearch.index.shard.StoreRecovery.internalRecoverFromStore(StoreRecovery.java:184)
	... 8 more
Caused by: java.io.EOFException: read past EOF: NIOFSIndexInput(path="/Users/lwiskowski/CSE2410_spring2016_projectileDysfunction/core/build/testrun/integTest/J2/temp/org.elasticsearch.index.store.CorruptedFileIT_AF876320E2D19F69-001/tempDir-001/data/SUITE-CHILD_VM=[2]-CLUSTER_SEED=[-8313708514896918260]-HASH=[263D6451D50F]-cluster/nodes/0/indices/test/1/index/segments_3")
	at org.apache.lucene.store.BufferedIndexInput.refill(BufferedIndexInput.java:336)
	at org.apache.lucene.store.BufferedIndexInput.readByte(BufferedIndexInput.java:54)
	at org.apache.lucene.store.MockIndexInputWrapper.readByte(MockIndexInputWrapper.java:132)
	at org.apache.lucene.store.BufferedChecksumIndexInput.readByte(BufferedChecksumIndexInput.java:41)
	at org.apache.lucene.store.DataInput.readInt(DataInput.java:101)
	at org.apache.lucene.index.SegmentInfos.readCommit(SegmentInfos.java:297)
	at org.apache.lucene.index.SegmentInfos$1.doBody(SegmentInfos.java:493)
	at org.apache.lucene.index.SegmentInfos$1.doBody(SegmentInfos.java:490)
	at org.apache.lucene.index.SegmentInfos$FindSegmentsFile.run(SegmentInfos.java:731)
	at org.apache.lucene.index.SegmentInfos$FindSegmentsFile.run(SegmentInfos.java:683)
	at org.apache.lucene.index.SegmentInfos.readLatestCommit(SegmentInfos.java:495)
	at org.elasticsearch.common.lucene.Lucene.readSegmentInfos(Lucene.java:123)
	at org.elasticsearch.index.store.Store.readSegmentsInfo(Store.java:196)
	... 10 more
[2016-04-18 03:03:00,762][WARN ][org.elasticsearch.cluster.action.shard] [node_s0] [test][1] received shard failed for [test][1], node[BKCqI7MYSjS-NAiGgOvKGQ], [P], v[4], s[INITIALIZING], a[id=Mi3ePwkyQ6W8vB8Cv2JOYA], unassigned_info[[reason=CLUSTER_RECOVERED], at[2016-04-18T07:03:00.746Z]], indexUUID [1VoC9R8SQ8-0jlIAXafH8A], message [failed recovery], failure [IndexShardRecoveryException[failed to fetch index version after copying it over]; nested: IndexShardRecoveryException[shard allocated for local recovery (post api), should exist, but doesn't, current files: [corrupted__D5VyAGFT_-6HWat24OxCA, write.lock, _0.cfe, _0.cfs, _0.si, segments_3]]; nested: CorruptIndexException[Read past EOF while reading segment infos (resource=commit(null))]; nested: EOFException[read past EOF: NIOFSIndexInput(path="/Users/lwiskowski/CSE2410_spring2016_projectileDysfunction/core/build/testrun/integTest/J2/temp/org.elasticsearch.index.store.CorruptedFileIT_AF876320E2D19F69-001/tempDir-001/data/SUITE-CHILD_VM=[2]-CLUSTER_SEED=[-8313708514896918260]-HASH=[263D6451D50F]-cluster/nodes/0/indices/test/1/index/segments_3")]; ]
[test][[test][1]] IndexShardRecoveryException[failed to fetch index version after copying it over]; nested: IndexShardRecoveryException[shard allocated for local recovery (post api), should exist, but doesn't, current files: [corrupted__D5VyAGFT_-6HWat24OxCA, write.lock, _0.cfe, _0.cfs, _0.si, segments_3]]; nested: CorruptIndexException[Read past EOF while reading segment infos (resource=commit(null))]; nested: EOFException[read past EOF: NIOFSIndexInput(path="/Users/lwiskowski/CSE2410_spring2016_projectileDysfunction/core/build/testrun/integTest/J2/temp/org.elasticsearch.index.store.CorruptedFileIT_AF876320E2D19F69-001/tempDir-001/data/SUITE-CHILD_VM=[2]-CLUSTER_SEED=[-8313708514896918260]-HASH=[263D6451D50F]-cluster/nodes/0/indices/test/1/index/segments_3")];
	at org.elasticsearch.index.shard.StoreRecovery.internalRecoverFromStore(StoreRecovery.java:209)
	at org.elasticsearch.index.shard.StoreRecovery.lambda$recoverFromStore$189(StoreRecovery.java:77)
	at org.elasticsearch.index.shard.StoreRecovery.executeRecovery(StoreRecovery.java:122)
	at org.elasticsearch.index.shard.StoreRecovery.recoverFromStore(StoreRecovery.java:75)
	at org.elasticsearch.index.shard.IndexShard.recoverFromStore(IndexShard.java:1059)
	at org.elasticsearch.indices.cluster.IndicesClusterStateService.lambda$applyInitializingShard$195(IndicesClusterStateService.java:648)
	at java.util.concurrent.ThreadPoolExecutor.runWorker(ThreadPoolExecutor.java:1142)
	at java.util.concurrent.ThreadPoolExecutor$Worker.run(ThreadPoolExecutor.java:617)
	at java.lang.Thread.run(Thread.java:745)
Caused by: [test][[test][1]] IndexShardRecoveryException[shard allocated for local recovery (post api), should exist, but doesn't, current files: [corrupted__D5VyAGFT_-6HWat24OxCA, write.lock, _0.cfe, _0.cfs, _0.si, segments_3]]; nested: CorruptIndexException[Read past EOF while reading segment infos (resource=commit(null))]; nested: EOFException[read past EOF: NIOFSIndexInput(path="/Users/lwiskowski/CSE2410_spring2016_projectileDysfunction/core/build/testrun/integTest/J2/temp/org.elasticsearch.index.store.CorruptedFileIT_AF876320E2D19F69-001/tempDir-001/data/SUITE-CHILD_VM=[2]-CLUSTER_SEED=[-8313708514896918260]-HASH=[263D6451D50F]-cluster/nodes/0/indices/test/1/index/segments_3")];
	at org.elasticsearch.index.shard.StoreRecovery.internalRecoverFromStore(StoreRecovery.java:193)
	... 8 more
Caused by: org.apache.lucene.index.CorruptIndexException: Read past EOF while reading segment infos (resource=commit(null))
	at org.elasticsearch.index.store.Store.readSegmentsInfo(Store.java:199)
	at org.elasticsearch.index.store.Store.readLastCommittedSegmentsInfo(Store.java:181)
	at org.elasticsearch.index.shard.StoreRecovery.internalRecoverFromStore(StoreRecovery.java:184)
	... 8 more
Caused by: java.io.EOFException: read past EOF: NIOFSIndexInput(path="/Users/lwiskowski/CSE2410_spring2016_projectileDysfunction/core/build/testrun/integTest/J2/temp/org.elasticsearch.index.store.CorruptedFileIT_AF876320E2D19F69-001/tempDir-001/data/SUITE-CHILD_VM=[2]-CLUSTER_SEED=[-8313708514896918260]-HASH=[263D6451D50F]-cluster/nodes/0/indices/test/1/index/segments_3")
	at org.apache.lucene.store.BufferedIndexInput.refill(BufferedIndexInput.java:336)
	at org.apache.lucene.store.BufferedIndexInput.readByte(BufferedIndexInput.java:54)
	at org.apache.lucene.store.MockIndexInputWrapper.readByte(MockIndexInputWrapper.java:132)
	at org.apache.lucene.store.BufferedChecksumIndexInput.readByte(BufferedChecksumIndexInput.java:41)
	at org.apache.lucene.store.DataInput.readInt(DataInput.java:101)
	at org.apache.lucene.index.SegmentInfos.readCommit(SegmentInfos.java:297)
	at org.apache.lucene.index.SegmentInfos$1.doBody(SegmentInfos.java:493)
	at org.apache.lucene.index.SegmentInfos$1.doBody(SegmentInfos.java:490)
	at org.apache.lucene.index.SegmentInfos$FindSegmentsFile.run(SegmentInfos.java:731)
	at org.apache.lucene.index.SegmentInfos$FindSegmentsFile.run(SegmentInfos.java:683)
	at org.apache.lucene.index.SegmentInfos.readLatestCommit(SegmentInfos.java:495)
	at org.elasticsearch.common.lucene.Lucene.readSegmentInfos(Lucene.java:123)
	at org.elasticsearch.index.store.Store.readSegmentsInfo(Store.java:196)
	... 10 more
[2016-04-18 03:03:00,763][WARN ][org.elasticsearch.index  ] [node_s0] [test] [index.merge.enabled] is set to false, this should only be used in tests and can cause serious problems in production environments
[2016-04-18 03:03:00,763][WARN ][org.elasticsearch.index  ] [node_s0] [test] [index.merge.enabled] is set to false, this should only be used in tests and can cause serious problems in production environments
[2016-04-18 03:03:00,763][WARN ][org.elasticsearch.index  ] [node_s0] [test] [index.merge.enabled] is set to false, this should only be used in tests and can cause serious problems in production environments
[2016-04-18 03:03:00,764][WARN ][org.elasticsearch.index  ] [node_s0] [test] [index.merge.enabled] is set to false, this should only be used in tests and can cause serious problems in production environments
[2016-04-18 03:03:00,766][WARN ][org.elasticsearch.index  ] [node_s0] [test] [index.merge.enabled] is set to false, this should only be used in tests and can cause serious problems in production environments
[2016-04-18 03:03:00,768][WARN ][org.elasticsearch.index  ] [node_s0] [test] [index.merge.enabled] is set to false, this should only be used in tests and can cause serious problems in production environments
[2016-04-18 03:03:00,770][WARN ][org.elasticsearch.index  ] [node_s0] [test] [index.merge.enabled] is set to false, this should only be used in tests and can cause serious problems in production environments
[2016-04-18 03:03:00,772][WARN ][org.elasticsearch.index  ] [node_s0] [test] [index.merge.enabled] is set to false, this should only be used in tests and can cause serious problems in production environments
[2016-04-18 03:03:00,774][WARN ][org.elasticsearch.index  ] [node_s1] [test] [index.merge.enabled] is set to false, this should only be used in tests and can cause serious problems in production environments
[2016-04-18 03:03:00,777][WARN ][org.elasticsearch.index  ] [node_s0] [test] [index.merge.enabled] is set to false, this should only be used in tests and can cause serious problems in production environments
[2016-04-18 03:03:00,778][WARN ][org.elasticsearch.index  ] [node_s1] [test] [index.merge.enabled] is set to false, this should only be used in tests and can cause serious problems in production environments
[2016-04-18 03:03:00,778][WARN ][org.elasticsearch.index  ] [node_s1] [test] [index.merge.enabled] is set to false, this should only be used in tests and can cause serious problems in production environments
[2016-04-18 03:03:00,778][WARN ][org.elasticsearch.index  ] [node_s1] [test] [index.merge.enabled] is set to false, this should only be used in tests and can cause serious problems in production environments
[2016-04-18 03:03:00,780][WARN ][org.elasticsearch.index  ] [node_s0] [test] [index.merge.enabled] is set to false, this should only be used in tests and can cause serious problems in production environments
[2016-04-18 03:03:00,780][WARN ][org.elasticsearch.gateway] [node_s0] [test][0]: failed to list shard for shard_store on node [mHryV854QOWaN9uwjKuTNw]
FailedNodeException[Failed node [mHryV854QOWaN9uwjKuTNw]]; nested: RemoteTransportException[[node_s0][local[180]][internal:cluster/nodes/indices/shard/store[n]]]; nested: ElasticsearchException[Failed to list store metadata for shard [[test][0]]]; nested: CorruptIndexException[Read past EOF while reading segment infos (resource=commit(null))]; nested: EOFException[read past EOF: SimpleFSIndexInput(path="/Users/lwiskowski/CSE2410_spring2016_projectileDysfunction/core/build/testrun/integTest/J2/temp/org.elasticsearch.index.store.CorruptedFileIT_AF876320E2D19F69-001/tempDir-001/data/SUITE-CHILD_VM=[2]-CLUSTER_SEED=[-8313708514896918260]-HASH=[263D6451D50F]-cluster/nodes/1/indices/test/0/index/segments_3")];
	at org.elasticsearch.action.support.nodes.TransportNodesAction$AsyncAction.onFailure(TransportNodesAction.java:208)
	at org.elasticsearch.action.support.nodes.TransportNodesAction$AsyncAction.access$700(TransportNodesAction.java:109)
	at org.elasticsearch.action.support.nodes.TransportNodesAction$AsyncAction$2.handleException(TransportNodesAction.java:181)
	at org.elasticsearch.transport.local.LocalTransport.handleException(LocalTransport.java:370)
	at org.elasticsearch.transport.local.LocalTransport.handlerResponseError(LocalTransport.java:361)
	at org.elasticsearch.transport.local.LocalTransport.messageReceived(LocalTransport.java:257)
	at org.elasticsearch.transport.local.LocalTransportChannel$2.run(LocalTransportChannel.java:103)
	at java.util.concurrent.ThreadPoolExecutor.runWorker(ThreadPoolExecutor.java:1142)
	at java.util.concurrent.ThreadPoolExecutor$Worker.run(ThreadPoolExecutor.java:617)
	at java.lang.Thread.run(Thread.java:745)
Caused by: RemoteTransportException[[node_s0][local[180]][internal:cluster/nodes/indices/shard/store[n]]]; nested: ElasticsearchException[Failed to list store metadata for shard [[test][0]]]; nested: CorruptIndexException[Read past EOF while reading segment infos (resource=commit(null))]; nested: EOFException[read past EOF: SimpleFSIndexInput(path="/Users/lwiskowski/CSE2410_spring2016_projectileDysfunction/core/build/testrun/integTest/J2/temp/org.elasticsearch.index.store.CorruptedFileIT_AF876320E2D19F69-001/tempDir-001/data/SUITE-CHILD_VM=[2]-CLUSTER_SEED=[-8313708514896918260]-HASH=[263D6451D50F]-cluster/nodes/1/indices/test/0/index/segments_3")];
Caused by: ElasticsearchException[Failed to list store metadata for shard [[test][0]]]; nested: CorruptIndexException[Read past EOF while reading segment infos (resource=commit(null))]; nested: EOFException[read past EOF: SimpleFSIndexInput(path="/Users/lwiskowski/CSE2410_spring2016_projectileDysfunction/core/build/testrun/integTest/J2/temp/org.elasticsearch.index.store.CorruptedFileIT_AF876320E2D19F69-001/tempDir-001/data/SUITE-CHILD_VM=[2]-CLUSTER_SEED=[-8313708514896918260]-HASH=[263D6451D50F]-cluster/nodes/1/indices/test/0/index/segments_3")];
	at org.elasticsearch.indices.store.TransportNodesListShardStoreMetaData.nodeOperation(TransportNodesListShardStoreMetaData.java:147)
	at org.elasticsearch.indices.store.TransportNodesListShardStoreMetaData.nodeOperation(TransportNodesListShardStoreMetaData.java:70)
	at org.elasticsearch.action.support.nodes.TransportNodesAction$NodeTransportHandler.messageReceived(TransportNodesAction.java:232)
	at org.elasticsearch.action.support.nodes.TransportNodesAction$NodeTransportHandler.messageReceived(TransportNodesAction.java:228)
	at org.elasticsearch.transport.TransportRequestHandler.messageReceived(TransportRequestHandler.java:33)
	at org.elasticsearch.transport.RequestHandlerRegistry.processMessageReceived(RequestHandlerRegistry.java:65)
	at org.elasticsearch.transport.local.LocalTransport$2.doRun(LocalTransport.java:296)
	at org.elasticsearch.common.util.concurrent.AbstractRunnable.run(AbstractRunnable.java:37)
	at java.util.concurrent.ThreadPoolExecutor.runWorker(ThreadPoolExecutor.java:1142)
	at java.util.concurrent.ThreadPoolExecutor$Worker.run(ThreadPoolExecutor.java:617)
	at java.lang.Thread.run(Thread.java:745)
Caused by: org.apache.lucene.index.CorruptIndexException: Read past EOF while reading segment infos (resource=commit(null))
	at org.elasticsearch.index.store.Store.readSegmentsInfo(Store.java:199)
	at org.elasticsearch.index.store.Store.access$200(Store.java:122)
	at org.elasticsearch.index.store.Store$MetadataSnapshot.loadMetadata(Store.java:845)
	at org.elasticsearch.index.store.Store$MetadataSnapshot.<init>(Store.java:794)
	at org.elasticsearch.index.store.Store.readMetadataSnapshot(Store.java:414)
	at org.elasticsearch.indices.store.TransportNodesListShardStoreMetaData.listStoreMetaData(TransportNodesListShardStoreMetaData.java:180)
	at org.elasticsearch.indices.store.TransportNodesListShardStoreMetaData.nodeOperation(TransportNodesListShardStoreMetaData.java:145)
	... 10 more
Caused by: java.io.EOFException: read past EOF: SimpleFSIndexInput(path="/Users/lwiskowski/CSE2410_spring2016_projectileDysfunction/core/build/testrun/integTest/J2/temp/org.elasticsearch.index.store.CorruptedFileIT_AF876320E2D19F69-001/tempDir-001/data/SUITE-CHILD_VM=[2]-CLUSTER_SEED=[-8313708514896918260]-HASH=[263D6451D50F]-cluster/nodes/1/indices/test/0/index/segments_3")
	at org.apache.lucene.store.BufferedIndexInput.refill(BufferedIndexInput.java:336)
	at org.apache.lucene.store.BufferedIndexInput.readByte(BufferedIndexInput.java:54)
	at org.apache.lucene.store.BufferedChecksumIndexInput.readByte(BufferedChecksumIndexInput.java:41)
	at org.apache.lucene.store.DataInput.readInt(DataInput.java:101)
	at org.apache.lucene.index.SegmentInfos.readCommit(SegmentInfos.java:297)
	at org.apache.lucene.index.SegmentInfos$1.doBody(SegmentInfos.java:493)
	at org.apache.lucene.index.SegmentInfos$1.doBody(SegmentInfos.java:490)
	at org.apache.lucene.index.SegmentInfos$FindSegmentsFile.run(SegmentInfos.java:731)
	at org.apache.lucene.index.SegmentInfos$FindSegmentsFile.run(SegmentInfos.java:683)
	at org.apache.lucene.index.SegmentInfos.readLatestCommit(SegmentInfos.java:495)
	at org.elasticsearch.common.lucene.Lucene.readSegmentInfos(Lucene.java:123)
	at org.elasticsearch.index.store.Store.readSegmentsInfo(Store.java:196)
	... 16 more
[2016-04-18 03:03:00,781][WARN ][org.elasticsearch.index  ] [node_s1] [test] [index.merge.enabled] is set to false, this should only be used in tests and can cause serious problems in production environments
[2016-04-18 03:03:00,784][WARN ][org.elasticsearch.index  ] [node_s1] [test] [index.merge.enabled] is set to false, this should only be used in tests and can cause serious problems in production environments
[2016-04-18 03:03:00,784][WARN ][org.elasticsearch.index  ] [node_s1] [test] [index.merge.enabled] is set to false, this should only be used in tests and can cause serious problems in production environments
[2016-04-18 03:03:00,785][WARN ][org.elasticsearch.index  ] [node_s0] [test] [index.merge.enabled] is set to false, this should only be used in tests and can cause serious problems in production environments
[2016-04-18 03:03:00,786][WARN ][org.elasticsearch.index  ] [node_s1] [test] [index.merge.enabled] is set to false, this should only be used in tests and can cause serious problems in production environments
[2016-04-18 03:03:00,788][WARN ][org.elasticsearch.index  ] [node_s1] [test] [index.merge.enabled] is set to false, this should only be used in tests and can cause serious problems in production environments
[2016-04-18 03:03:00,791][WARN ][org.elasticsearch.index  ] [node_s1] [test] [index.merge.enabled] is set to false, this should only be used in tests and can cause serious problems in production environments
[2016-04-18 03:03:00,792][WARN ][org.elasticsearch.indices.recovery] [node_s1] error while listing local files, recover as if there are none
org.apache.lucene.index.CorruptIndexException: Read past EOF while reading segment infos (resource=commit(null))
	at org.elasticsearch.index.store.Store.readSegmentsInfo(Store.java:199)
	at org.elasticsearch.index.store.Store.access$200(Store.java:122)
	at org.elasticsearch.index.store.Store$MetadataSnapshot.loadMetadata(Store.java:845)
	at org.elasticsearch.index.store.Store$MetadataSnapshot.<init>(Store.java:794)
	at org.elasticsearch.index.store.Store.getMetadata(Store.java:266)
	at org.elasticsearch.index.store.Store.getMetadataOrEmpty(Store.java:225)
	at org.elasticsearch.indices.recovery.RecoveryTarget.doRecovery(RecoveryTarget.java:169)
	at org.elasticsearch.indices.recovery.RecoveryTarget.access$1100(RecoveryTarget.java:79)
	at org.elasticsearch.indices.recovery.RecoveryTarget$RecoveryRunner.doRun(RecoveryTarget.java:521)
	at org.elasticsearch.common.util.concurrent.AbstractRunnable.run(AbstractRunnable.java:37)
	at java.util.concurrent.ThreadPoolExecutor.runWorker(ThreadPoolExecutor.java:1142)
	at java.util.concurrent.ThreadPoolExecutor$Worker.run(ThreadPoolExecutor.java:617)
	at java.lang.Thread.run(Thread.java:745)
Caused by: java.io.EOFException: read past EOF: NIOFSIndexInput(path="/Users/lwiskowski/CSE2410_spring2016_projectileDysfunction/core/build/testrun/integTest/J2/temp/org.elasticsearch.index.store.CorruptedFileIT_AF876320E2D19F69-001/tempDir-001/data/SUITE-CHILD_VM=[2]-CLUSTER_SEED=[-8313708514896918260]-HASH=[263D6451D50F]-cluster/nodes/1/indices/test/0/index/segments_3")
	at org.apache.lucene.store.BufferedIndexInput.refill(BufferedIndexInput.java:336)
	at org.apache.lucene.store.BufferedIndexInput.readByte(BufferedIndexInput.java:54)
	at org.apache.lucene.store.MockIndexInputWrapper.readByte(MockIndexInputWrapper.java:132)
	at org.apache.lucene.store.BufferedChecksumIndexInput.readByte(BufferedChecksumIndexInput.java:41)
	at org.apache.lucene.store.DataInput.readInt(DataInput.java:101)
	at org.apache.lucene.index.SegmentInfos.readCommit(SegmentInfos.java:297)
	at org.apache.lucene.index.SegmentInfos$1.doBody(SegmentInfos.java:493)
	at org.apache.lucene.index.SegmentInfos$1.doBody(SegmentInfos.java:490)
	at org.apache.lucene.index.SegmentInfos$FindSegmentsFile.run(SegmentInfos.java:731)
	at org.apache.lucene.index.SegmentInfos$FindSegmentsFile.run(SegmentInfos.java:683)
	at org.apache.lucene.index.SegmentInfos.readLatestCommit(SegmentInfos.java:495)
	at org.elasticsearch.common.lucene.Lucene.readSegmentInfos(Lucene.java:123)
	at org.elasticsearch.index.store.Store.readSegmentsInfo(Store.java:196)
	... 12 more
[2016-04-18 03:03:00,794][WARN ][org.elasticsearch.index  ] [node_s0] [test] [index.merge.enabled] is set to false, this should only be used in tests and can cause serious problems in production environments
[2016-04-18 03:03:00,796][WARN ][org.elasticsearch.gateway] [node_s0] [test][0]: failed to list shard for shard_store on node [mHryV854QOWaN9uwjKuTNw]
FailedNodeException[Failed node [mHryV854QOWaN9uwjKuTNw]]; nested: RemoteTransportException[[node_s0][local[180]][internal:cluster/nodes/indices/shard/store[n]]]; nested: ElasticsearchException[Failed to list store metadata for shard [[test][0]]]; nested: CorruptIndexException[Read past EOF while reading segment infos (resource=commit(null))]; nested: EOFException[read past EOF: NIOFSIndexInput(path="/Users/lwiskowski/CSE2410_spring2016_projectileDysfunction/core/build/testrun/integTest/J2/temp/org.elasticsearch.index.store.CorruptedFileIT_AF876320E2D19F69-001/tempDir-001/data/SUITE-CHILD_VM=[2]-CLUSTER_SEED=[-8313708514896918260]-HASH=[263D6451D50F]-cluster/nodes/1/indices/test/0/index/segments_3")];
	at org.elasticsearch.action.support.nodes.TransportNodesAction$AsyncAction.onFailure(TransportNodesAction.java:208)
	at org.elasticsearch.action.support.nodes.TransportNodesAction$AsyncAction.access$700(TransportNodesAction.java:109)
	at org.elasticsearch.action.support.nodes.TransportNodesAction$AsyncAction$2.handleException(TransportNodesAction.java:181)
	at org.elasticsearch.transport.local.LocalTransport.handleException(LocalTransport.java:370)
	at org.elasticsearch.transport.local.LocalTransport.handlerResponseError(LocalTransport.java:361)
	at org.elasticsearch.transport.local.LocalTransport.messageReceived(LocalTransport.java:257)
	at org.elasticsearch.transport.local.LocalTransportChannel$2.run(LocalTransportChannel.java:103)
	at java.util.concurrent.ThreadPoolExecutor.runWorker(ThreadPoolExecutor.java:1142)
	at java.util.concurrent.ThreadPoolExecutor$Worker.run(ThreadPoolExecutor.java:617)
	at java.lang.Thread.run(Thread.java:745)
Caused by: RemoteTransportException[[node_s0][local[180]][internal:cluster/nodes/indices/shard/store[n]]]; nested: ElasticsearchException[Failed to list store metadata for shard [[test][0]]]; nested: CorruptIndexException[Read past EOF while reading segment infos (resource=commit(null))]; nested: EOFException[read past EOF: NIOFSIndexInput(path="/Users/lwiskowski/CSE2410_spring2016_projectileDysfunction/core/build/testrun/integTest/J2/temp/org.elasticsearch.index.store.CorruptedFileIT_AF876320E2D19F69-001/tempDir-001/data/SUITE-CHILD_VM=[2]-CLUSTER_SEED=[-8313708514896918260]-HASH=[263D6451D50F]-cluster/nodes/1/indices/test/0/index/segments_3")];
Caused by: ElasticsearchException[Failed to list store metadata for shard [[test][0]]]; nested: CorruptIndexException[Read past EOF while reading segment infos (resource=commit(null))]; nested: EOFException[read past EOF: NIOFSIndexInput(path="/Users/lwiskowski/CSE2410_spring2016_projectileDysfunction/core/build/testrun/integTest/J2/temp/org.elasticsearch.index.store.CorruptedFileIT_AF876320E2D19F69-001/tempDir-001/data/SUITE-CHILD_VM=[2]-CLUSTER_SEED=[-8313708514896918260]-HASH=[263D6451D50F]-cluster/nodes/1/indices/test/0/index/segments_3")];
	at org.elasticsearch.indices.store.TransportNodesListShardStoreMetaData.nodeOperation(TransportNodesListShardStoreMetaData.java:147)
	at org.elasticsearch.indices.store.TransportNodesListShardStoreMetaData.nodeOperation(TransportNodesListShardStoreMetaData.java:70)
	at org.elasticsearch.action.support.nodes.TransportNodesAction$NodeTransportHandler.messageReceived(TransportNodesAction.java:232)
	at org.elasticsearch.action.support.nodes.TransportNodesAction$NodeTransportHandler.messageReceived(TransportNodesAction.java:228)
	at org.elasticsearch.transport.TransportRequestHandler.messageReceived(TransportRequestHandler.java:33)
	at org.elasticsearch.transport.RequestHandlerRegistry.processMessageReceived(RequestHandlerRegistry.java:65)
	at org.elasticsearch.transport.local.LocalTransport$2.doRun(LocalTransport.java:296)
	at org.elasticsearch.common.util.concurrent.AbstractRunnable.run(AbstractRunnable.java:37)
	at java.util.concurrent.ThreadPoolExecutor.runWorker(ThreadPoolExecutor.java:1142)
	at java.util.concurrent.ThreadPoolExecutor$Worker.run(ThreadPoolExecutor.java:617)
	at java.lang.Thread.run(Thread.java:745)
Caused by: org.apache.lucene.index.CorruptIndexException: Read past EOF while reading segment infos (resource=commit(null))
	at org.elasticsearch.index.store.Store.readSegmentsInfo(Store.java:199)
	at org.elasticsearch.index.store.Store.access$200(Store.java:122)
	at org.elasticsearch.index.store.Store$MetadataSnapshot.loadMetadata(Store.java:845)
	at org.elasticsearch.index.store.Store$MetadataSnapshot.<init>(Store.java:794)
	at org.elasticsearch.index.store.Store.getMetadata(Store.java:266)
	at org.elasticsearch.index.store.Store.getMetadataOrEmpty(Store.java:225)
	at org.elasticsearch.indices.recovery.RecoveryTarget.doRecovery(RecoveryTarget.java:169)
	at org.elasticsearch.indices.recovery.RecoveryTarget.access$1100(RecoveryTarget.java:79)
	at org.elasticsearch.indices.recovery.RecoveryTarget$RecoveryRunner.doRun(RecoveryTarget.java:521)
	... 4 more
Caused by: java.io.EOFException: read past EOF: NIOFSIndexInput(path="/Users/lwiskowski/CSE2410_spring2016_projectileDysfunction/core/build/testrun/integTest/J2/temp/org.elasticsearch.index.store.CorruptedFileIT_AF876320E2D19F69-001/tempDir-001/data/SUITE-CHILD_VM=[2]-CLUSTER_SEED=[-8313708514896918260]-HASH=[263D6451D50F]-cluster/nodes/1/indices/test/0/index/segments_3")
	at org.apache.lucene.store.BufferedIndexInput.refill(BufferedIndexInput.java:336)
	at org.apache.lucene.store.BufferedIndexInput.readByte(BufferedIndexInput.java:54)
	at org.apache.lucene.store.MockIndexInputWrapper.readByte(MockIndexInputWrapper.java:132)
	at org.apache.lucene.store.BufferedChecksumIndexInput.readByte(BufferedChecksumIndexInput.java:41)
	at org.apache.lucene.store.DataInput.readInt(DataInput.java:101)
	at org.apache.lucene.index.SegmentInfos.readCommit(SegmentInfos.java:297)
	at org.apache.lucene.index.SegmentInfos$1.doBody(SegmentInfos.java:493)
	at org.apache.lucene.index.SegmentInfos$1.doBody(SegmentInfos.java:490)
	at org.apache.lucene.index.SegmentInfos$FindSegmentsFile.run(SegmentInfos.java:731)
	at org.apache.lucene.index.SegmentInfos$FindSegmentsFile.run(SegmentInfos.java:683)
	at org.apache.lucene.index.SegmentInfos.readLatestCommit(SegmentInfos.java:495)
	at org.elasticsearch.common.lucene.Lucene.readSegmentInfos(Lucene.java:123)
	at org.elasticsearch.index.store.Store.readSegmentsInfo(Store.java:196)
	... 12 more
[2016-04-18 03:03:00,797][WARN ][org.elasticsearch.index  ] [node_s1] [test] [index.merge.enabled] is set to false, this should only be used in tests and can cause serious problems in production environments
[2016-04-18 03:03:00,797][WARN ][org.elasticsearch.gateway] [node_s0] [test][1]: failed to list shard for shard_store on node [BKCqI7MYSjS-NAiGgOvKGQ]
FailedNodeException[Failed node [BKCqI7MYSjS-NAiGgOvKGQ]]; nested: RemoteTransportException[[node_s0][local[180]][internal:cluster/nodes/indices/shard/store[n]]]; nested: ElasticsearchException[Failed to list store metadata for shard [[test][1]]]; nested: CorruptIndexException[Read past EOF while reading segment infos (resource=commit(null))]; nested: EOFException[read past EOF: NIOFSIndexInput(path="/Users/lwiskowski/CSE2410_spring2016_projectileDysfunction/core/build/testrun/integTest/J2/temp/org.elasticsearch.index.store.CorruptedFileIT_AF876320E2D19F69-001/tempDir-001/data/SUITE-CHILD_VM=[2]-CLUSTER_SEED=[-8313708514896918260]-HASH=[263D6451D50F]-cluster/nodes/0/indices/test/1/index/segments_3")];
	at org.elasticsearch.action.support.nodes.TransportNodesAction$AsyncAction.onFailure(TransportNodesAction.java:208)
	at org.elasticsearch.action.support.nodes.TransportNodesAction$AsyncAction.access$700(TransportNodesAction.java:109)
	at org.elasticsearch.action.support.nodes.TransportNodesAction$AsyncAction$2.handleException(TransportNodesAction.java:181)
	at org.elasticsearch.transport.TransportService$DirectResponseChannel.processException(TransportService.java:802)
	at org.elasticsearch.transport.TransportService$DirectResponseChannel.sendResponse(TransportService.java:780)
	at org.elasticsearch.transport.TransportService$4.onFailure(TransportService.java:353)
	at org.elasticsearch.common.util.concurrent.AbstractRunnable.run(AbstractRunnable.java:39)
	at java.util.concurrent.ThreadPoolExecutor.runWorker(ThreadPoolExecutor.java:1142)
	at java.util.concurrent.ThreadPoolExecutor$Worker.run(ThreadPoolExecutor.java:617)
	at java.lang.Thread.run(Thread.java:745)
Caused by: RemoteTransportException[[node_s0][local[180]][internal:cluster/nodes/indices/shard/store[n]]]; nested: ElasticsearchException[Failed to list store metadata for shard [[test][1]]]; nested: CorruptIndexException[Read past EOF while reading segment infos (resource=commit(null))]; nested: EOFException[read past EOF: NIOFSIndexInput(path="/Users/lwiskowski/CSE2410_spring2016_projectileDysfunction/core/build/testrun/integTest/J2/temp/org.elasticsearch.index.store.CorruptedFileIT_AF876320E2D19F69-001/tempDir-001/data/SUITE-CHILD_VM=[2]-CLUSTER_SEED=[-8313708514896918260]-HASH=[263D6451D50F]-cluster/nodes/0/indices/test/1/index/segments_3")];
Caused by: ElasticsearchException[Failed to list store metadata for shard [[test][1]]]; nested: CorruptIndexException[Read past EOF while reading segment infos (resource=commit(null))]; nested: EOFException[read past EOF: NIOFSIndexInput(path="/Users/lwiskowski/CSE2410_spring2016_projectileDysfunction/core/build/testrun/integTest/J2/temp/org.elasticsearch.index.store.CorruptedFileIT_AF876320E2D19F69-001/tempDir-001/data/SUITE-CHILD_VM=[2]-CLUSTER_SEED=[-8313708514896918260]-HASH=[263D6451D50F]-cluster/nodes/0/indices/test/1/index/segments_3")];
	at org.elasticsearch.indices.store.TransportNodesListShardStoreMetaData.nodeOperation(TransportNodesListShardStoreMetaData.java:147)
	at org.elasticsearch.indices.store.TransportNodesListShardStoreMetaData.nodeOperation(TransportNodesListShardStoreMetaData.java:70)
	at org.elasticsearch.action.support.nodes.TransportNodesAction$NodeTransportHandler.messageReceived(TransportNodesAction.java:232)
	at org.elasticsearch.action.support.nodes.TransportNodesAction$NodeTransportHandler.messageReceived(TransportNodesAction.java:228)
	at org.elasticsearch.transport.TransportRequestHandler.messageReceived(TransportRequestHandler.java:33)
	at org.elasticsearch.transport.RequestHandlerRegistry.processMessageReceived(RequestHandlerRegistry.java:65)
	at org.elasticsearch.transport.TransportService$4.doRun(TransportService.java:342)
	at org.elasticsearch.common.util.concurrent.AbstractRunnable.run(AbstractRunnable.java:37)
	at java.util.concurrent.ThreadPoolExecutor.runWorker(ThreadPoolExecutor.java:1142)
	at java.util.concurrent.ThreadPoolExecutor$Worker.run(ThreadPoolExecutor.java:617)
	at java.lang.Thread.run(Thread.java:745)
Caused by: org.apache.lucene.index.CorruptIndexException: Read past EOF while reading segment infos (resource=commit(null))
	at org.elasticsearch.index.store.Store.readSegmentsInfo(Store.java:199)
	at org.elasticsearch.index.store.Store.readLastCommittedSegmentsInfo(Store.java:181)
	at org.elasticsearch.index.shard.StoreRecovery.internalRecoverFromStore(StoreRecovery.java:184)
	at org.elasticsearch.index.shard.StoreRecovery.lambda$recoverFromStore$189(StoreRecovery.java:77)
	at org.elasticsearch.index.shard.StoreRecovery.executeRecovery(StoreRecovery.java:122)
	at org.elasticsearch.index.shard.StoreRecovery.recoverFromStore(StoreRecovery.java:75)
	at org.elasticsearch.index.shard.IndexShard.recoverFromStore(IndexShard.java:1059)
	at org.elasticsearch.indices.cluster.IndicesClusterStateService.lambda$applyInitializingShard$195(IndicesClusterStateService.java:648)
	... 3 more
Caused by: java.io.EOFException: read past EOF: NIOFSIndexInput(path="/Users/lwiskowski/CSE2410_spring2016_projectileDysfunction/core/build/testrun/integTest/J2/temp/org.elasticsearch.index.store.CorruptedFileIT_AF876320E2D19F69-001/tempDir-001/data/SUITE-CHILD_VM=[2]-CLUSTER_SEED=[-8313708514896918260]-HASH=[263D6451D50F]-cluster/nodes/0/indices/test/1/index/segments_3")
	at org.apache.lucene.store.BufferedIndexInput.refill(BufferedIndexInput.java:336)
	at org.apache.lucene.store.BufferedIndexInput.readByte(BufferedIndexInput.java:54)
	at org.apache.lucene.store.MockIndexInputWrapper.readByte(MockIndexInputWrapper.java:132)
	at org.apache.lucene.store.BufferedChecksumIndexInput.readByte(BufferedChecksumIndexInput.java:41)
	at org.apache.lucene.store.DataInput.readInt(DataInput.java:101)
	at org.apache.lucene.index.SegmentInfos.readCommit(SegmentInfos.java:297)
	at org.apache.lucene.index.SegmentInfos$1.doBody(SegmentInfos.java:493)
	at org.apache.lucene.index.SegmentInfos$1.doBody(SegmentInfos.java:490)
	at org.apache.lucene.index.SegmentInfos$FindSegmentsFile.run(SegmentInfos.java:731)
	at org.apache.lucene.index.SegmentInfos$FindSegmentsFile.run(SegmentInfos.java:683)
	at org.apache.lucene.index.SegmentInfos.readLatestCommit(SegmentInfos.java:495)
	at org.elasticsearch.common.lucene.Lucene.readSegmentInfos(Lucene.java:123)
	at org.elasticsearch.index.store.Store.readSegmentsInfo(Store.java:196)
	... 10 more
[2016-04-18 03:03:00,799][WARN ][org.elasticsearch.index  ] [node_s0] [test] [index.merge.enabled] is set to false, this should only be used in tests and can cause serious problems in production environments
[2016-04-18 03:03:00,802][WARN ][org.elasticsearch.index  ] [node_s1] [test] [index.merge.enabled] is set to false, this should only be used in tests and can cause serious problems in production environments
[2016-04-18 03:03:00,804][WARN ][org.elasticsearch.index  ] [node_s0] [test] [index.merge.enabled] is set to false, this should only be used in tests and can cause serious problems in production environments
[2016-04-18 03:03:00,805][WARN ][org.elasticsearch.index  ] [node_s0] [test] [index.merge.enabled] is set to false, this should only be used in tests and can cause serious problems in production environments
[2016-04-18 03:03:00,805][WARN ][org.elasticsearch.indices.recovery] [node_s0] error while listing local files, recover as if there are none
org.apache.lucene.index.CorruptIndexException: Read past EOF while reading segment infos (resource=commit(null))
	at org.elasticsearch.index.store.Store.readSegmentsInfo(Store.java:199)
	at org.elasticsearch.index.store.Store.readLastCommittedSegmentsInfo(Store.java:181)
	at org.elasticsearch.index.shard.StoreRecovery.internalRecoverFromStore(StoreRecovery.java:184)
	at org.elasticsearch.index.shard.StoreRecovery.lambda$recoverFromStore$189(StoreRecovery.java:77)
	at org.elasticsearch.index.shard.StoreRecovery.executeRecovery(StoreRecovery.java:122)
	at org.elasticsearch.index.shard.StoreRecovery.recoverFromStore(StoreRecovery.java:75)
	at org.elasticsearch.index.shard.IndexShard.recoverFromStore(IndexShard.java:1059)
	at org.elasticsearch.indices.cluster.IndicesClusterStateService.lambda$applyInitializingShard$195(IndicesClusterStateService.java:648)
	at java.util.concurrent.ThreadPoolExecutor.runWorker(ThreadPoolExecutor.java:1142)
	at java.util.concurrent.ThreadPoolExecutor$Worker.run(ThreadPoolExecutor.java:617)
	at java.lang.Thread.run(Thread.java:745)
Caused by: java.io.EOFException: read past EOF: NIOFSIndexInput(path="/Users/lwiskowski/CSE2410_spring2016_projectileDysfunction/core/build/testrun/integTest/J2/temp/org.elasticsearch.index.store.CorruptedFileIT_AF876320E2D19F69-001/tempDir-001/data/SUITE-CHILD_VM=[2]-CLUSTER_SEED=[-8313708514896918260]-HASH=[263D6451D50F]-cluster/nodes/0/indices/test/1/index/segments_3")
	at org.apache.lucene.store.BufferedIndexInput.refill(BufferedIndexInput.java:336)
	at org.apache.lucene.store.BufferedIndexInput.readByte(BufferedIndexInput.java:54)
	at org.apache.lucene.store.MockIndexInputWrapper.readByte(MockIndexInputWrapper.java:132)
	at org.apache.lucene.store.BufferedChecksumIndexInput.readByte(BufferedChecksumIndexInput.java:41)
	at org.apache.lucene.store.DataInput.readInt(DataInput.java:101)
	at org.apache.lucene.index.SegmentInfos.readCommit(SegmentInfos.java:297)
	at org.apache.lucene.index.SegmentInfos$1.doBody(SegmentInfos.java:493)
	at org.apache.lucene.index.SegmentInfos$1.doBody(SegmentInfos.java:490)
	at org.apache.lucene.index.SegmentInfos$FindSegmentsFile.run(SegmentInfos.java:731)
	at org.apache.lucene.index.SegmentInfos$FindSegmentsFile.run(SegmentInfos.java:683)
	at org.apache.lucene.index.SegmentInfos.readLatestCommit(SegmentInfos.java:495)
	at org.elasticsearch.common.lucene.Lucene.readSegmentInfos(Lucene.java:123)
	at org.elasticsearch.index.store.Store.readSegmentsInfo(Store.java:196)
	... 10 more
[2016-04-18 03:03:00,812][WARN ][org.elasticsearch.index  ] [node_s1] [test] [index.merge.enabled] is set to false, this should only be used in tests and can cause serious problems in production environments
[2016-04-18 03:03:00,815][WARN ][org.elasticsearch.index  ] [node_s0] [test] [index.merge.enabled] is set to false, this should only be used in tests and can cause serious problems in production environments
[2016-04-18 03:03:00,821][WARN ][org.elasticsearch.index  ] [node_s1] [test] [index.merge.enabled] is set to false, this should only be used in tests and can cause serious problems in production environments
[2016-04-18 03:03:00,824][WARN ][org.elasticsearch.index  ] [node_s0] [test] [index.merge.enabled] is set to false, this should only be used in tests and can cause serious problems in production environments
[2016-04-18 03:03:00,856][WARN ][org.elasticsearch.index  ] [node_s1] [test] [index.merge.enabled] is set to false, this should only be used in tests and can cause serious problems in production environments
[2016-04-18 03:03:00,859][WARN ][org.elasticsearch.index  ] [node_s0] [test] [index.merge.enabled] is set to false, this should only be used in tests and can cause serious problems in production environments
]]></system-out>
   <system-err><![CDATA[]]></system-err>
</testsuite>