<testsuite errors="0" failures="0" tests="4" skipped="0" name="org.elasticsearch.indices.flush.FlushIT" hostname="nohost.nodomain" time="3.047" timestamp="2016-03-29T17:31:17">
   <properties class="java.util.ArrayList">
      <property name="awt.toolkit" value="sun.lwawt.macosx.LWCToolkit"/>
      <property name="es.logger.level" value="WARN"/>
      <property name="file.encoding" value="UTF-8"/>
      <property name="file.encoding.pkg" value="sun.io"/>
      <property name="file.separator" value="/"/>
      <property name="ftp.nonProxyHosts" value="local|*.local|169.254/16|*.169.254/16"/>
      <property name="gopherProxySet" value="false"/>
      <property name="http.nonProxyHosts" value="local|*.local|169.254/16|*.169.254/16"/>
      <property name="java.awt.graphicsenv" value="sun.awt.CGraphicsEnvironment"/>
      <property name="java.awt.headless" value="true"/>
      <property name="java.awt.printerjob" value="sun.lwawt.macosx.CPrinterJob"/>
      <property name="java.class.path" value="/Users/ogbonnayacngwu/CSE2410_spring2016_projectileDysfunction/core/build/classes/test:/Users/ogbonnayacngwu/CSE2410_spring2016_projectileDysfunction/core/build/resources/test:/Users/ogbonnayacngwu/CSE2410_spring2016_projectileDysfunction/core/build/classes/main:/Users/ogbonnayacngwu/CSE2410_spring2016_projectileDysfunction/core/build/resources/main:/Users/ogbonnayacngwu/.gradle/caches/modules-2/files-2.1/org.apache.lucene/lucene-core/5.5.0-snapshot-1721183/f6854c65c7f4c6d9de583f4daa4fd3ae8a3800f1/lucene-core-5.5.0-snapshot-1721183.jar:/Users/ogbonnayacngwu/.gradle/caches/modules-2/files-2.1/org.apache.lucene/lucene-analyzers-common/5.5.0-snapshot-1721183/69e187ef1d2d9c9570363eb4186821e0341df5b8/lucene-analyzers-common-5.5.0-snapshot-1721183.jar:/Users/ogbonnayacngwu/.gradle/caches/modules-2/files-2.1/org.apache.lucene/lucene-backward-codecs/5.5.0-snapshot-1721183/fa00a45ff9bc6a4df44db81f2e4e44ea94bf88e/lucene-backward-codecs-5.5.0-snapshot-1721183.jar:/Users/ogbonnayacngwu/.gradle/caches/modules-2/files-2.1/org.apache.lucene/lucene-grouping/5.5.0-snapshot-1721183/e996e6c723eb415ba2cfa7f5e98bbf194a4918dd/lucene-grouping-5.5.0-snapshot-1721183.jar:/Users/ogbonnayacngwu/.gradle/caches/modules-2/files-2.1/org.apache.lucene/lucene-highlighter/5.5.0-snapshot-1721183/3b7a5d97b10885f16eb53deb15d64c942b9f9fdb/lucene-highlighter-5.5.0-snapshot-1721183.jar:/Users/ogbonnayacngwu/.gradle/caches/modules-2/files-2.1/org.apache.lucene/lucene-join/5.5.0-snapshot-1721183/e4dda3eeb76e340aa4713a3b20d68c4a1504e505/lucene-join-5.5.0-snapshot-1721183.jar:/Users/ogbonnayacngwu/.gradle/caches/modules-2/files-2.1/org.apache.lucene/lucene-memory/5.5.0-snapshot-1721183/800442a5d7612ce4c8748831871b4d436a50554e/lucene-memory-5.5.0-snapshot-1721183.jar:/Users/ogbonnayacngwu/.gradle/caches/modules-2/files-2.1/org.apache.lucene/lucene-misc/5.5.0-snapshot-1721183/bdf184de9b5773c7af3ae908af78eeb1e512470c/lucene-misc-5.5.0-snapshot-1721183.jar:/Users/ogbonnayacngwu/.gradle/caches/modules-2/files-2.1/org.apache.lucene/lucene-queries/5.5.0-snapshot-1721183/fc59de52bd2c7e420edfd235723cb8b0dd44e92d/lucene-queries-5.5.0-snapshot-1721183.jar:/Users/ogbonnayacngwu/.gradle/caches/modules-2/files-2.1/org.apache.lucene/lucene-queryparser/5.5.0-snapshot-1721183/1d341e6a4f11f3170773ccffdbe6815b45967e3d/lucene-queryparser-5.5.0-snapshot-1721183.jar:/Users/ogbonnayacngwu/.gradle/caches/modules-2/files-2.1/org.apache.lucene/lucene-sandbox/5.5.0-snapshot-1721183/a1b02c2b595ac92f45f0d2be03841a3a7fcae1f1/lucene-sandbox-5.5.0-snapshot-1721183.jar:/Users/ogbonnayacngwu/.gradle/caches/modules-2/files-2.1/org.apache.lucene/lucene-spatial/5.5.0-snapshot-1721183/e3ea422b56734329fb6974e9cf9f66478adb5793/lucene-spatial-5.5.0-snapshot-1721183.jar:/Users/ogbonnayacngwu/.gradle/caches/modules-2/files-2.1/org.apache.lucene/lucene-spatial3d/5.5.0-snapshot-1721183/5eadbd4e63120b59ab6445e39489205f98420471/lucene-spatial3d-5.5.0-snapshot-1721183.jar:/Users/ogbonnayacngwu/.gradle/caches/modules-2/files-2.1/org.apache.lucene/lucene-suggest/5.5.0-snapshot-1721183/a336287e65d082535f02a8427666dbe46b1b9b74/lucene-suggest-5.5.0-snapshot-1721183.jar:/Users/ogbonnayacngwu/.gradle/caches/modules-2/files-2.1/org.elasticsearch/securesm/1.0/c0c6cf986ba0057390bfcc80c366a0e3157f944b/securesm-1.0.jar:/Users/ogbonnayacngwu/.gradle/caches/modules-2/files-2.1/commons-cli/commons-cli/1.3.1/1303efbc4b181e5a58bf2e967dc156a3132b97c0/commons-cli-1.3.1.jar:/Users/ogbonnayacngwu/.gradle/caches/modules-2/files-2.1/com.carrotsearch/hppc/0.7.1/8b5057f74ea378c0150a1860874a3ebdcb713767/hppc-0.7.1.jar:/Users/ogbonnayacngwu/.gradle/caches/modules-2/files-2.1/joda-time/joda-time/2.8.2/d27c24204c5e507b16fec01006b3d0f1ec42aed4/joda-time-2.8.2.jar:/Users/ogbonnayacngwu/.gradle/caches/modules-2/files-2.1/org.joda/joda-convert/1.2/35ec554f0cd00c956cc69051514d9488b1374dec/joda-convert-1.2.jar:/Users/ogbonnayacngwu/.gradle/caches/modules-2/files-2.1/com.fasterxml.jackson.core/jackson-core/2.6.2/123f29333b2c6b3516b14252b6e93226bfcd6e37/jackson-core-2.6.2.jar:/Users/ogbonnayacngwu/.gradle/caches/modules-2/files-2.1/com.fasterxml.jackson.dataformat/jackson-dataformat-smile/2.6.2/395d18c1a1dd730b8026ee59c4067e5d2b45ba6e/jackson-dataformat-smile-2.6.2.jar:/Users/ogbonnayacngwu/.gradle/caches/modules-2/files-2.1/com.fasterxml.jackson.dataformat/jackson-dataformat-yaml/2.6.2/4ae23088dd3fae47c66843f2e4251d7255ee140e/jackson-dataformat-yaml-2.6.2.jar:/Users/ogbonnayacngwu/.gradle/caches/modules-2/files-2.1/com.fasterxml.jackson.dataformat/jackson-dataformat-cbor/2.6.2/1e13c575f914c83761bb8e2aca7dfd9e4c647579/jackson-dataformat-cbor-2.6.2.jar:/Users/ogbonnayacngwu/.gradle/caches/modules-2/files-2.1/io.netty/netty/3.10.5.Final/9ca7d55d246092bddd29b867706e2f6c7db701a0/netty-3.10.5.Final.jar:/Users/ogbonnayacngwu/.gradle/caches/modules-2/files-2.1/com.tdunning/t-digest/3.0/84ccf145ac2215e6bfa63baa3101c0af41017cfc/t-digest-3.0.jar:/Users/ogbonnayacngwu/.gradle/caches/modules-2/files-2.1/org.hdrhistogram/HdrHistogram/2.1.6/7495feb7f71ee124bd2a7e7d83590e296d71d80e/HdrHistogram-2.1.6.jar:/Users/ogbonnayacngwu/.gradle/caches/modules-2/files-2.1/com.spatial4j/spatial4j/0.5/6e16edaf6b1ba76db7f08c2f3723fce3b358ecc3/spatial4j-0.5.jar:/Users/ogbonnayacngwu/.gradle/caches/modules-2/files-2.1/com.vividsolutions/jts/1.13/3ccfb9b60f04d71add996a666ceb8902904fd805/jts-1.13.jar:/Users/ogbonnayacngwu/.gradle/caches/modules-2/files-2.1/log4j/log4j/1.2.17/5af35056b4d257e4b64b9e8069c0746e8b08629f/log4j-1.2.17.jar:/Users/ogbonnayacngwu/.gradle/caches/modules-2/files-2.1/log4j/apache-log4j-extras/1.2.17/85863614d82185d7e51fe21c00aa9117a523a8b6/apache-log4j-extras-1.2.17.jar:/Users/ogbonnayacngwu/.gradle/caches/modules-2/files-2.1/org.slf4j/slf4j-api/1.6.2/8619e95939167fb37245b5670135e4feb0ec7d50/slf4j-api-1.6.2.jar:/Users/ogbonnayacngwu/.gradle/caches/modules-2/files-2.1/net.java.dev.jna/jna/4.1.0/1c12d070e602efd8021891cdd7fd18bc129372d4/jna-4.1.0.jar:/Users/ogbonnayacngwu/CSE2410_spring2016_projectileDysfunction/test/framework/build/libs/framework-3.0.0-SNAPSHOT.jar:/Users/ogbonnayacngwu/.gradle/caches/modules-2/files-2.1/com.carrotsearch.randomizedtesting/randomizedtesting-runner/2.3.2/307965917fe8a22b7ee72deba39ef4b8e6ebc069/randomizedtesting-runner-2.3.2.jar:/Users/ogbonnayacngwu/.gradle/caches/modules-2/files-2.1/junit/junit/4.11/4e031bb61df09069aeb2bffb4019e7a5034a4ee0/junit-4.11.jar:/Users/ogbonnayacngwu/.gradle/caches/modules-2/files-2.1/org.hamcrest/hamcrest-all/1.3/63a21ebc981131004ad02e0434e799fd7f3a8d5a/hamcrest-all-1.3.jar:/Users/ogbonnayacngwu/.gradle/caches/modules-2/files-2.1/org.apache.lucene/lucene-test-framework/5.5.0-snapshot-1721183/a8d851d0ad82182b3a02f4b30c336e7aa0e173cb/lucene-test-framework-5.5.0-snapshot-1721183.jar:/Users/ogbonnayacngwu/.gradle/caches/modules-2/files-2.1/org.apache.lucene/lucene-codecs/5.5.0-snapshot-1721183/8aa59442b028c7a2c1a516accb6142a8910ba5fc/lucene-codecs-5.5.0-snapshot-1721183.jar:/Users/ogbonnayacngwu/.gradle/caches/modules-2/files-2.1/org.apache.httpcomponents/httpclient/4.3.6/4c47155e3e6c9a41a28db36680b828ced53b8af4/httpclient-4.3.6.jar:/Users/ogbonnayacngwu/.gradle/caches/modules-2/files-2.1/org.apache.httpcomponents/httpcore/4.3.3/f91b7a4aadc5cf486df6e4634748d7dd7a73f06d/httpcore-4.3.3.jar:/Users/ogbonnayacngwu/.gradle/caches/modules-2/files-2.1/commons-logging/commons-logging/1.1.3/f6f66e966c70a83ffbdb6f17a0919eaf7c8aca7f/commons-logging-1.1.3.jar:/Users/ogbonnayacngwu/.gradle/caches/modules-2/files-2.1/commons-codec/commons-codec/1.10/4b95f4897fa13f2cd904aee711aeafc0c5295cd8/commons-codec-1.10.jar:/Users/ogbonnayacngwu/.gradle/caches/modules-2/files-2.1/org.elasticsearch/securemock/1.2/98201d4ad5ac93f6b415ae9172d52b5e7cda490e/securemock-1.2.jar:/Users/ogbonnayacngwu/.gradle/caches/modules-2/files-2.1/com.carrotsearch.randomizedtesting/junit4-ant/2.3.2/dc8f03f6111974092491f35b8269eb0fc57f52f7/junit4-ant-2.3.2.jar"/>
      <property name="java.class.version" value="52.0"/>
      <property name="java.endorsed.dirs" value="/Library/Java/JavaVirtualMachines/jdk1.8.0_11.jdk/Contents/Home/jre/lib/endorsed"/>
      <property name="java.ext.dirs" value="/Users/ogbonnayacngwu/Library/Java/Extensions:/Library/Java/JavaVirtualMachines/jdk1.8.0_11.jdk/Contents/Home/jre/lib/ext:/Library/Java/Extensions:/Network/Library/Java/Extensions:/System/Library/Java/Extensions:/usr/lib/java"/>
      <property name="java.home" value="/Library/Java/JavaVirtualMachines/jdk1.8.0_11.jdk/Contents/Home/jre"/>
      <property name="java.io.tmpdir" value="./temp"/>
      <property name="java.library.path" value="/Users/ogbonnayacngwu/Library/Java/Extensions:/Library/Java/Extensions:/Network/Library/Java/Extensions:/System/Library/Java/Extensions:/usr/lib/java:."/>
      <property name="java.runtime.name" value="Java(TM) SE Runtime Environment"/>
      <property name="java.runtime.version" value="1.8.0_11-b12"/>
      <property name="java.specification.name" value="Java Platform API Specification"/>
      <property name="java.specification.vendor" value="Oracle Corporation"/>
      <property name="java.specification.version" value="1.8"/>
      <property name="java.vendor" value="Oracle Corporation"/>
      <property name="java.vendor.url" value="http://java.oracle.com/"/>
      <property name="java.vendor.url.bug" value="http://bugreport.sun.com/bugreport/"/>
      <property name="java.version" value="1.8.0_11"/>
      <property name="java.vm.info" value="mixed mode"/>
      <property name="java.vm.name" value="Java HotSpot(TM) 64-Bit Server VM"/>
      <property name="java.vm.specification.name" value="Java Virtual Machine Specification"/>
      <property name="java.vm.specification.vendor" value="Oracle Corporation"/>
      <property name="java.vm.specification.version" value="1.8"/>
      <property name="java.vm.vendor" value="Oracle Corporation"/>
      <property name="java.vm.version" value="25.11-b03"/>
      <property name="junit4.childvm.count" value="4"/>
      <property name="junit4.childvm.cwd" value="/Users/ogbonnayacngwu/CSE2410_spring2016_projectileDysfunction/core/build/testrun/integTest/J2"/>
      <property name="junit4.childvm.id" value="2"/>
      <property name="junit4.memory.total" value="514850816"/>
      <property name="junit4.pidString" value="27394@host37-246.aruba.fit.edu"/>
      <property name="junit4.processors" value="8"/>
      <property name="line.separator" value="
"/>
      <property name="os.arch" value="x86_64"/>
      <property name="os.name" value="Mac OS X"/>
      <property name="os.version" value="10.11.4"/>
      <property name="path.separator" value=":"/>
      <property name="socksNonProxyHosts" value="local|*.local|169.254/16|*.169.254/16"/>
      <property name="sun.arch.data.model" value="64"/>
      <property name="sun.boot.class.path" value="/Library/Java/JavaVirtualMachines/jdk1.8.0_11.jdk/Contents/Home/jre/lib/resources.jar:/Library/Java/JavaVirtualMachines/jdk1.8.0_11.jdk/Contents/Home/jre/lib/rt.jar:/Library/Java/JavaVirtualMachines/jdk1.8.0_11.jdk/Contents/Home/jre/lib/sunrsasign.jar:/Library/Java/JavaVirtualMachines/jdk1.8.0_11.jdk/Contents/Home/jre/lib/jsse.jar:/Library/Java/JavaVirtualMachines/jdk1.8.0_11.jdk/Contents/Home/jre/lib/jce.jar:/Library/Java/JavaVirtualMachines/jdk1.8.0_11.jdk/Contents/Home/jre/lib/charsets.jar:/Library/Java/JavaVirtualMachines/jdk1.8.0_11.jdk/Contents/Home/jre/lib/jfr.jar:/Library/Java/JavaVirtualMachines/jdk1.8.0_11.jdk/Contents/Home/jre/classes"/>
      <property name="sun.boot.library.path" value="/Library/Java/JavaVirtualMachines/jdk1.8.0_11.jdk/Contents/Home/jre/lib"/>
      <property name="sun.cpu.endian" value="little"/>
      <property name="sun.cpu.isalist" value=""/>
      <property name="sun.io.unicode.encoding" value="UnicodeBig"/>
      <property name="sun.java.command" value="com.carrotsearch.ant.tasks.junit4.slave.SlaveMainSafe -eventsfile /Users/ogbonnayacngwu/CSE2410_spring2016_projectileDysfunction/core/build/testrun/integTest/temp/junit4-J2-20160329_172724_554.events @/Users/ogbonnayacngwu/CSE2410_spring2016_projectileDysfunction/core/build/testrun/integTest/temp/junit4-J2-20160329_172724_554.suites -stdin"/>
      <property name="sun.java.launcher" value="SUN_STANDARD"/>
      <property name="sun.jnu.encoding" value="UTF-8"/>
      <property name="sun.management.compiler" value="HotSpot 64-Bit Tiered Compilers"/>
      <property name="sun.os.patch.level" value="unknown"/>
      <property name="tests.artifact" value="core"/>
      <property name="tests.ifNoTests" value="fail"/>
      <property name="tests.maven" value="true"/>
      <property name="tests.prefix" value="tests"/>
      <property name="tests.security.manager" value="true"/>
      <property name="tests.seed" value="4AA6DECDBC490785"/>
      <property name="tests.task" value=":core:integTest"/>
      <property name="user.country" value="US"/>
      <property name="user.dir" value="/Users/ogbonnayacngwu/CSE2410_spring2016_projectileDysfunction/core/build/testrun/integTest/J2"/>
      <property name="user.home" value="/Users/ogbonnayacngwu"/>
      <property name="user.language" value="en"/>
      <property name="user.name" value="ogbonnayacngwu"/>
      <property name="user.timezone" value="America/New_York"/>
   </properties>
   <testcase classname="org.elasticsearch.indices.flush.FlushIT" name="testUnallocatedShardsDoesNotHang" time="0.201"/>
   <testcase classname="org.elasticsearch.indices.flush.FlushIT" name="testSyncedFlushWithConcurrentIndexing" time="1.004"/>
   <testcase classname="org.elasticsearch.indices.flush.FlushIT" name="testWaitIfOngoing" time="1.586"/>
   <testcase classname="org.elasticsearch.indices.flush.FlushIT" name="testSyncedFlush" time="0.219"/>
   <system-out><![CDATA[[2016-03-29 17:31:17,763][WARN ][org.elasticsearch.transport] [node_s1] Transport response handler not found of id [96]
[2016-03-29 17:31:19,897][INFO ][org.elasticsearch.indices.flush] [FlushIT#testSyncedFlush]: setup test
[2016-03-29 17:31:19,900][INFO ][org.elasticsearch.indices.flush] test using _default_ mappings: [{"_default_":{"_timestamp":{"enabled":false},"dynamic_templates":[{"template-strings":{"match_mapping_type":"string","mapping":{"fielddata":{"loading":"lazy"}}}},{"template-longs":{"match_mapping_type":"long","mapping":{"fielddata":{"loading":"lazy"}}}},{"template-doubles":{"match_mapping_type":"double","mapping":{"fielddata":{"loading":"lazy"}}}},{"template-geo_points":{"match_mapping_type":"geo_point","mapping":{"fielddata":{"loading":"eager"}}}},{"template-booleans":{"match_mapping_type":"boolean","mapping":{"fielddata":{"loading":"lazy"}}}}]}}]
[2016-03-29 17:31:19,904][INFO ][org.elasticsearch.indices.flush] [FlushIT#testSyncedFlush]: starting test
[2016-03-29 17:31:19,905][DEBUG][org.elasticsearch.indices] [node_s0] creating Index [test], shards [1]/[1]
[2016-03-29 17:31:19,907][DEBUG][org.elasticsearch.indices] [node_s0] [test] closing ... (reason [cleaning up after validating index on master])
[2016-03-29 17:31:19,907][DEBUG][org.elasticsearch.indices] [node_s0] [test] closing index service (reason [cleaning up after validating index on master])
[2016-03-29 17:31:19,907][DEBUG][org.elasticsearch.indices] [node_s0] [test] closed... (reason [cleaning up after validating index on master])
[2016-03-29 17:31:19,907][DEBUG][org.elasticsearch.indices.cluster] [node_s1] [test] creating index
[2016-03-29 17:31:19,907][DEBUG][org.elasticsearch.indices] [node_s1] creating Index [test], shards [1]/[1]
[2016-03-29 17:31:19,908][DEBUG][org.elasticsearch.indices.cluster] [node_s1] [test] adding mapping [_default_], source [{"_default_":{"_timestamp":{"enabled":false},"dynamic_templates":[{"template-strings":{"mapping":{"fielddata":{"loading":"lazy"}},"match_mapping_type":"string"}},{"template-longs":{"mapping":{"fielddata":{"loading":"lazy"}},"match_mapping_type":"long"}},{"template-doubles":{"mapping":{"fielddata":{"loading":"lazy"}},"match_mapping_type":"double"}},{"template-geo_points":{"mapping":{"fielddata":{"loading":"eager"}},"match_mapping_type":"geo_point"}},{"template-booleans":{"mapping":{"fielddata":{"loading":"lazy"}},"match_mapping_type":"boolean"}}]}}]
[2016-03-29 17:31:19,908][DEBUG][org.elasticsearch.indices.cluster] [node_s1] [test][0] creating shard
[2016-03-29 17:31:19,913][TRACE][org.elasticsearch.indices] [node_s1] [test][0] warming [ElasticsearchDirectoryReader()]
[2016-03-29 17:31:19,913][TRACE][org.elasticsearch.indices] [node_s1] [test][0] top warming [ElasticsearchDirectoryReader()]
[2016-03-29 17:31:19,917][DEBUG][org.elasticsearch.indices.cluster] [node_s0] [test] creating index
[2016-03-29 17:31:19,917][DEBUG][org.elasticsearch.indices] [node_s0] creating Index [test], shards [1]/[1]
[2016-03-29 17:31:19,917][DEBUG][org.elasticsearch.indices.cluster] [node_s0] [test] adding mapping [_default_], source [{"_default_":{"_timestamp":{"enabled":false},"dynamic_templates":[{"template-strings":{"mapping":{"fielddata":{"loading":"lazy"}},"match_mapping_type":"string"}},{"template-longs":{"mapping":{"fielddata":{"loading":"lazy"}},"match_mapping_type":"long"}},{"template-doubles":{"mapping":{"fielddata":{"loading":"lazy"}},"match_mapping_type":"double"}},{"template-geo_points":{"mapping":{"fielddata":{"loading":"eager"}},"match_mapping_type":"geo_point"}},{"template-booleans":{"mapping":{"fielddata":{"loading":"lazy"}},"match_mapping_type":"boolean"}}]}}]
[2016-03-29 17:31:19,917][DEBUG][org.elasticsearch.indices.cluster] [node_s0] [test][0] creating shard
[2016-03-29 17:31:19,920][TRACE][org.elasticsearch.indices.recovery] [node_s0] [test][0] started recovery from {node_s1}{AlE_ciysQ5mV7OJtNjfqwQ}{local}{local[366]}[mode=>local], id [678]
[2016-03-29 17:31:19,920][TRACE][org.elasticsearch.indices.recovery] [node_s0] collecting local files for [test][0] [678]
[2016-03-29 17:31:19,921][TRACE][org.elasticsearch.indices.recovery] [node_s0] [test][0] starting recovery from {node_s1}{AlE_ciysQ5mV7OJtNjfqwQ}{local}{local[366]}[mode=>local]
[2016-03-29 17:31:19,921][TRACE][org.elasticsearch.indices.recovery] [node_s1] [test][0] starting recovery to {node_s0}{smIgiZsdRpaCMx1t08Hr3w}{local}{local[365]}[mode=>local], mark_as_relocated false
[2016-03-29 17:31:19,921][TRACE][org.elasticsearch.indices.recovery] [node_s1] captured translog id [-1] for recovery
[2016-03-29 17:31:19,922][TRACE][org.elasticsearch.indices.recovery] [node_s1] [test][0] recovery [phase1] to {node_s0}{smIgiZsdRpaCMx1t08Hr3w}{local}{local[365]}[mode=>local]: recovering [segments_1], does not exists in remote
[2016-03-29 17:31:19,922][TRACE][org.elasticsearch.indices.recovery] [node_s1] [test][0] recovery [phase1] to {node_s0}{smIgiZsdRpaCMx1t08Hr3w}{local}{local[365]}[mode=>local]: recovering_files [1] with total_size [130b], reusing_files [0] with total_size [0b]
[2016-03-29 17:31:19,924][TRACE][org.elasticsearch.indices.recovery] [node_s1] [test][0] recovery [phase1] to {node_s0}{smIgiZsdRpaCMx1t08Hr3w}{local}{local[365]}[mode=>local]: prepare remote engine for translog
[2016-03-29 17:31:19,928][TRACE][org.elasticsearch.indices] [node_s0] [test][0] warming [ElasticsearchDirectoryReader()]
[2016-03-29 17:31:19,928][TRACE][org.elasticsearch.indices] [node_s0] [test][0] top warming [ElasticsearchDirectoryReader()]
[2016-03-29 17:31:19,930][TRACE][org.elasticsearch.indices.recovery] [node_s1] [test][0] recovery [phase1] to {node_s0}{smIgiZsdRpaCMx1t08Hr3w}{local}{local[365]}[mode=>local]: remote engine start took [5.3ms]
[2016-03-29 17:31:19,930][TRACE][org.elasticsearch.indices.recovery] [node_s1] [test][0] recovery [phase1] to {node_s0}{smIgiZsdRpaCMx1t08Hr3w}{local}{local[365]}[mode=>local]: took [0s]
[2016-03-29 17:31:19,930][TRACE][org.elasticsearch.indices.recovery] [node_s1] snapshot translog for recovery. current size is [0]
[2016-03-29 17:31:19,930][TRACE][org.elasticsearch.indices.recovery] [node_s1] [test][0] recovery [phase2] to {node_s0}{smIgiZsdRpaCMx1t08Hr3w}{local}{local[365]}[mode=>local]: sending transaction log operations
[2016-03-29 17:31:19,930][TRACE][org.elasticsearch.indices.recovery] [node_s1] [test][0] no translog operations to send to {node_s0}{smIgiZsdRpaCMx1t08Hr3w}{local}{local[365]}[mode=>local]
[2016-03-29 17:31:19,930][TRACE][org.elasticsearch.indices.recovery] [node_s1] [test][0] sent final batch of [0][0b] (total: [0]) translog operations to {node_s0}{smIgiZsdRpaCMx1t08Hr3w}{local}{local[365]}[mode=>local]
[2016-03-29 17:31:19,930][TRACE][org.elasticsearch.indices.recovery] [node_s1] [test][0] recovery [phase2] to {node_s0}{smIgiZsdRpaCMx1t08Hr3w}{local}{local[365]}[mode=>local]: took [135micros]
[2016-03-29 17:31:19,930][TRACE][org.elasticsearch.indices.recovery] [node_s1] [test][0] finalizing recovery to {node_s0}{smIgiZsdRpaCMx1t08Hr3w}{local}{local[365]}[mode=>local]
[2016-03-29 17:31:19,930][TRACE][org.elasticsearch.indices] [node_s0] [test][0] top warming [ElasticsearchDirectoryReader()]
[2016-03-29 17:31:19,930][TRACE][org.elasticsearch.indices.recovery] [node_s1] [test][0] finalizing recovery to {node_s0}{smIgiZsdRpaCMx1t08Hr3w}{local}{local[365]}[mode=>local]: took [169micros]
[2016-03-29 17:31:19,930][TRACE][org.elasticsearch.indices.recovery] [node_s0] [test][0] marking recovery from {node_s1}{AlE_ciysQ5mV7OJtNjfqwQ}{local}{local[366]}[mode=>local] as done, id [678]
[2016-03-29 17:31:19,931][TRACE][org.elasticsearch.indices.recovery] [node_s0] [test][0] recovery completed from {node_s1}{AlE_ciysQ5mV7OJtNjfqwQ}{local}{local[366]}[mode=>local], took[10ms]
   phase1: recovered_files [1] with total_size of [130b], took [0s], throttling_wait [0s]
         : reusing_files   [0] with total_size of [0b]
   phase2: start took [5ms]
         : recovered [0] transaction log operations, took [0s]

[2016-03-29 17:31:19,939][DEBUG][org.elasticsearch.indices.flush] indices [_all] are green
[2016-03-29 17:31:19,940][INFO ][org.elasticsearch.indices.flush] --> sync flushing shard 0
[2016-03-29 17:31:19,942][TRACE][org.elasticsearch.indices.flush] [node_s2] [test][0] sending pre-synced flush request to [test][0], node[AlE_ciysQ5mV7OJtNjfqwQ], [P], v[3], s[STARTED], a[id=kWZYPA99R9-GBeL39JD4_w]
[2016-03-29 17:31:19,942][TRACE][org.elasticsearch.indices.flush] [node_s2] [test][0] sending pre-synced flush request to [test][0], node[smIgiZsdRpaCMx1t08Hr3w], [R], v[3], s[STARTED], a[id=718z4Gs3Q42zK5kizkl55g]
[2016-03-29 17:31:19,942][TRACE][org.elasticsearch.indices.flush] [node_s1] [test][0] performing pre sync flush
[2016-03-29 17:31:19,943][TRACE][org.elasticsearch.indices.flush] [node_s0] [test][0] performing pre sync flush
[2016-03-29 17:31:19,943][TRACE][org.elasticsearch.indices.flush] [node_s0] [test][0] pre sync flush done. commit id D72BZkVxVjLrjo6cb08lzg==
[2016-03-29 17:31:19,943][TRACE][org.elasticsearch.indices.flush] [node_s1] [test][0] pre sync flush done. commit id D72BZkVxVjLrjo6cb08lzQ==
[2016-03-29 17:31:19,943][TRACE][org.elasticsearch.indices.flush] [node_s2] [test][0] retrieving in flight operation count
[2016-03-29 17:31:19,943][TRACE][org.elasticsearch.indices.flush] [node_s1] [test][0] in flight operations sampled at [0]
[2016-03-29 17:31:19,943][TRACE][org.elasticsearch.indices.flush] [node_s2] [test][0] sending synced flush request to [test][0], node[AlE_ciysQ5mV7OJtNjfqwQ], [P], v[3], s[STARTED], a[id=kWZYPA99R9-GBeL39JD4_w]. sync id [AVPESbwH6l-lnPm7QmjH].
[2016-03-29 17:31:19,943][TRACE][org.elasticsearch.indices.flush] [node_s2] [test][0] sending synced flush request to [test][0], node[smIgiZsdRpaCMx1t08Hr3w], [R], v[3], s[STARTED], a[id=718z4Gs3Q42zK5kizkl55g]. sync id [AVPESbwH6l-lnPm7QmjH].
[2016-03-29 17:31:19,943][TRACE][org.elasticsearch.indices.flush] [node_s1] [test][0] performing sync flush. sync id [AVPESbwH6l-lnPm7QmjH], expected commit id D72BZkVxVjLrjo6cb08lzQ==
[2016-03-29 17:31:19,943][TRACE][org.elasticsearch.indices.flush] [node_s0] [test][0] performing sync flush. sync id [AVPESbwH6l-lnPm7QmjH], expected commit id D72BZkVxVjLrjo6cb08lzg==
[2016-03-29 17:31:19,945][TRACE][org.elasticsearch.indices.flush] [node_s0] [test][0] sync flush done. sync id [AVPESbwH6l-lnPm7QmjH], result [SUCCESS]
[2016-03-29 17:31:19,945][TRACE][org.elasticsearch.indices.flush] [node_s1] [test][0] sync flush done. sync id [AVPESbwH6l-lnPm7QmjH], result [SUCCESS]
[2016-03-29 17:31:19,974][TRACE][org.elasticsearch.indices.breaker] [node_s3] parent circuit breaker with settings [parent,type=PARENT,limit=360395571/343.6mb,overhead=1.0]
[2016-03-29 17:31:19,974][TRACE][org.elasticsearch.indices.breaker.request] creating ChildCircuitBreaker with settings [request,type=MEMORY,limit=205940326/196.3mb,overhead=1.0]
[2016-03-29 17:31:19,974][TRACE][org.elasticsearch.indices.breaker.fielddata] creating ChildCircuitBreaker with settings [fielddata,type=MEMORY,limit=308910489/294.5mb,overhead=1.03]
[2016-03-29 17:31:19,975][DEBUG][org.elasticsearch.indices] [node_s3] using indexing buffer size [49mb] with indices.memory.shard_inactive_time [5m], indices.memory.interval [5s]
[2016-03-29 17:31:19,976][DEBUG][org.elasticsearch.indices.cache.query] [node_s3] using [node] query cache with size [10%], actual_size [49mb], max filter count [1000]
[2016-03-29 17:31:19,977][DEBUG][org.elasticsearch.indices.fielddata.cache] [node_s3] using size [-1] [-1b]
[2016-03-29 17:31:19,981][DEBUG][org.elasticsearch.indices.recovery] [node_s3] using max_bytes_per_sec[121mb]
[2016-03-29 17:31:19,993][DEBUG][org.elasticsearch.indices.cluster] [node_s3] [test] creating index
[2016-03-29 17:31:19,993][DEBUG][org.elasticsearch.indices] [node_s3] creating Index [test], shards [1]/[1]
[2016-03-29 17:31:19,994][DEBUG][org.elasticsearch.indices.cluster] [node_s3] [test] adding mapping [_default_], source [{"_default_":{"_timestamp":{"enabled":false},"dynamic_templates":[{"template-strings":{"mapping":{"fielddata":{"loading":"lazy"}},"match_mapping_type":"string"}},{"template-longs":{"mapping":{"fielddata":{"loading":"lazy"}},"match_mapping_type":"long"}},{"template-doubles":{"mapping":{"fielddata":{"loading":"lazy"}},"match_mapping_type":"double"}},{"template-geo_points":{"mapping":{"fielddata":{"loading":"eager"}},"match_mapping_type":"geo_point"}},{"template-booleans":{"mapping":{"fielddata":{"loading":"lazy"}},"match_mapping_type":"boolean"}}]}}]
[2016-03-29 17:31:19,994][DEBUG][org.elasticsearch.indices.cluster] [node_s3] [test][0] creating shard
[2016-03-29 17:31:19,996][TRACE][org.elasticsearch.indices.recovery] [node_s3] [test][0] started recovery from {node_s1}{AlE_ciysQ5mV7OJtNjfqwQ}{local}{local[366]}[mode=>local], id [679]
[2016-03-29 17:31:19,996][TRACE][org.elasticsearch.indices.recovery] [node_s3] collecting local files for [test][0] [679]
[2016-03-29 17:31:19,997][TRACE][org.elasticsearch.indices.recovery] [node_s3] [test][0] starting recovery from {node_s1}{AlE_ciysQ5mV7OJtNjfqwQ}{local}{local[366]}[mode=>local]
[2016-03-29 17:31:19,997][TRACE][org.elasticsearch.indices.recovery] [node_s1] [test][0] starting recovery to {node_s3}{7bCdUVTNQwCIO1k-BnxlmA}{local}{local[373]}[mode=>local], mark_as_relocated false
[2016-03-29 17:31:19,997][TRACE][org.elasticsearch.indices.recovery] [node_s1] captured translog id [-1] for recovery
[2016-03-29 17:31:19,998][TRACE][org.elasticsearch.indices.recovery] [node_s1] [test][0] recovery [phase1] to {node_s3}{7bCdUVTNQwCIO1k-BnxlmA}{local}{local[373]}[mode=>local]: recovering [segments_2], does not exists in remote
[2016-03-29 17:31:19,998][TRACE][org.elasticsearch.indices.recovery] [node_s1] [test][0] recovery [phase1] to {node_s3}{7bCdUVTNQwCIO1k-BnxlmA}{local}{local[373]}[mode=>local]: recovering_files [1] with total_size [159b], reusing_files [0] with total_size [0b]
[2016-03-29 17:31:20,002][TRACE][org.elasticsearch.indices.recovery] [node_s1] [test][0] recovery [phase1] to {node_s3}{7bCdUVTNQwCIO1k-BnxlmA}{local}{local[373]}[mode=>local]: prepare remote engine for translog
[2016-03-29 17:31:20,006][TRACE][org.elasticsearch.indices] [node_s3] [test][0] warming [ElasticsearchDirectoryReader()]
[2016-03-29 17:31:20,006][TRACE][org.elasticsearch.indices] [node_s3] [test][0] top warming [ElasticsearchDirectoryReader()]
[2016-03-29 17:31:20,008][TRACE][org.elasticsearch.indices.recovery] [node_s1] [test][0] recovery [phase1] to {node_s3}{7bCdUVTNQwCIO1k-BnxlmA}{local}{local[373]}[mode=>local]: remote engine start took [5.6ms]
[2016-03-29 17:31:20,008][TRACE][org.elasticsearch.indices.recovery] [node_s1] [test][0] recovery [phase1] to {node_s3}{7bCdUVTNQwCIO1k-BnxlmA}{local}{local[373]}[mode=>local]: took [0s]
[2016-03-29 17:31:20,008][TRACE][org.elasticsearch.indices.recovery] [node_s1] snapshot translog for recovery. current size is [0]
[2016-03-29 17:31:20,008][TRACE][org.elasticsearch.indices.recovery] [node_s1] [test][0] recovery [phase2] to {node_s3}{7bCdUVTNQwCIO1k-BnxlmA}{local}{local[373]}[mode=>local]: sending transaction log operations
[2016-03-29 17:31:20,008][TRACE][org.elasticsearch.indices.recovery] [node_s1] [test][0] no translog operations to send to {node_s3}{7bCdUVTNQwCIO1k-BnxlmA}{local}{local[373]}[mode=>local]
[2016-03-29 17:31:20,008][TRACE][org.elasticsearch.indices.recovery] [node_s1] [test][0] sent final batch of [0][0b] (total: [0]) translog operations to {node_s3}{7bCdUVTNQwCIO1k-BnxlmA}{local}{local[373]}[mode=>local]
[2016-03-29 17:31:20,008][TRACE][org.elasticsearch.indices.recovery] [node_s1] [test][0] recovery [phase2] to {node_s3}{7bCdUVTNQwCIO1k-BnxlmA}{local}{local[373]}[mode=>local]: took [93micros]
[2016-03-29 17:31:20,008][TRACE][org.elasticsearch.indices.recovery] [node_s1] [test][0] finalizing recovery to {node_s3}{7bCdUVTNQwCIO1k-BnxlmA}{local}{local[373]}[mode=>local]
[2016-03-29 17:31:20,008][TRACE][org.elasticsearch.indices] [node_s3] [test][0] top warming [ElasticsearchDirectoryReader()]
[2016-03-29 17:31:20,008][TRACE][org.elasticsearch.indices.recovery] [node_s1] [test][0] finalizing recovery to {node_s3}{7bCdUVTNQwCIO1k-BnxlmA}{local}{local[373]}[mode=>local]: took [203micros]
[2016-03-29 17:31:20,008][TRACE][org.elasticsearch.indices.recovery] [node_s3] [test][0] marking recovery from {node_s1}{AlE_ciysQ5mV7OJtNjfqwQ}{local}{local[366]}[mode=>local] as done, id [679]
[2016-03-29 17:31:20,008][TRACE][org.elasticsearch.indices.recovery] [node_s3] [test][0] recovery completed from {node_s1}{AlE_ciysQ5mV7OJtNjfqwQ}{local}{local[366]}[mode=>local], took[12ms]
   phase1: recovered_files [1] with total_size of [159b], took [0s], throttling_wait [0s]
         : reusing_files   [0] with total_size of [0b]
   phase2: start took [5ms]
         : recovered [0] transaction log operations, took [0s]

[2016-03-29 17:31:20,009][DEBUG][org.elasticsearch.indices.cluster] [node_s1] [test][0] removing shard (not allocated)
[2016-03-29 17:31:20,009][DEBUG][org.elasticsearch.indices.cluster] [node_s1] [test] cleaning index (no shards allocated)
[2016-03-29 17:31:20,009][DEBUG][org.elasticsearch.indices] [node_s1] [test] closing ... (reason [removing index (no shards allocated)])
[2016-03-29 17:31:20,009][DEBUG][org.elasticsearch.indices] [node_s1] [test] closing index service (reason [removing index (no shards allocated)])
[2016-03-29 17:31:20,009][DEBUG][org.elasticsearch.indices] [node_s1] [test] closed... (reason [removing index (no shards allocated)])
[2016-03-29 17:31:20,010][TRACE][org.elasticsearch.indices.store] [node_s1] [test][0] sending shard active check to {node_s3}{7bCdUVTNQwCIO1k-BnxlmA}{local}{local[373]}[mode=>local]
[2016-03-29 17:31:20,010][TRACE][org.elasticsearch.indices.store] [node_s1] [test][0] sending shard active check to {node_s0}{smIgiZsdRpaCMx1t08Hr3w}{local}{local[365]}[mode=>local]
[2016-03-29 17:31:20,010][TRACE][org.elasticsearch.indices.store] [node_s1] [test][0] is active on node {node_s3}{7bCdUVTNQwCIO1k-BnxlmA}{local}{local[373]}[mode=>local]
[2016-03-29 17:31:20,010][TRACE][org.elasticsearch.indices.store] [node_s1] [test][0] is active on node {node_s0}{smIgiZsdRpaCMx1t08Hr3w}{local}{local[365]}[mode=>local]
[2016-03-29 17:31:20,015][DEBUG][org.elasticsearch.indices] [node_s1] [test][0] deleted shard reason [no longer used]
[2016-03-29 17:31:20,020][DEBUG][org.elasticsearch.indices.cluster] [node_s0] [test][0] removing shard (not allocated)
[2016-03-29 17:31:20,020][DEBUG][org.elasticsearch.indices.cluster] [node_s0] [test] cleaning index (no shards allocated)
[2016-03-29 17:31:20,020][DEBUG][org.elasticsearch.indices] [node_s0] [test] closing ... (reason [removing index (no shards allocated)])
[2016-03-29 17:31:20,020][DEBUG][org.elasticsearch.indices] [node_s0] [test] closing index service (reason [removing index (no shards allocated)])
[2016-03-29 17:31:20,020][DEBUG][org.elasticsearch.indices] [node_s0] [test] closed... (reason [removing index (no shards allocated)])
[2016-03-29 17:31:20,021][TRACE][org.elasticsearch.indices.store] [node_s0] [test][0] sending shard active check to {node_s3}{7bCdUVTNQwCIO1k-BnxlmA}{local}{local[373]}[mode=>local]
[2016-03-29 17:31:20,021][TRACE][org.elasticsearch.indices.store] [node_s0] [test][0] is active on node {node_s3}{7bCdUVTNQwCIO1k-BnxlmA}{local}{local[373]}[mode=>local]
[2016-03-29 17:31:20,024][DEBUG][org.elasticsearch.indices] [node_s0] [test][0] deleted shard reason [no longer used]
[2016-03-29 17:31:20,024][DEBUG][org.elasticsearch.indices.flush] indices [test] are green
[2016-03-29 17:31:20,025][TRACE][org.elasticsearch.indices.store] [node_s0] listing store meta data for [test][0]
[2016-03-29 17:31:20,025][TRACE][org.elasticsearch.indices.store] [node_s1] listing store meta data for [test][0]
[2016-03-29 17:31:20,025][TRACE][org.elasticsearch.indices.store] [node_s3] listing store meta data for [test][0]
[2016-03-29 17:31:20,026][TRACE][org.elasticsearch.indices.store] [node_s0] [test][0] didn't find any store meta data to load (took [392micros])
[2016-03-29 17:31:20,026][TRACE][org.elasticsearch.indices.store] [node_s1] [test][0] didn't find any store meta data to load (took [365micros])
[2016-03-29 17:31:20,026][DEBUG][org.elasticsearch.indices.store] [node_s3] [test][0] loaded store meta data (took [581micros])
[2016-03-29 17:31:20,031][DEBUG][org.elasticsearch.indices.cluster] [node_s1] [test] creating index
[2016-03-29 17:31:20,031][DEBUG][org.elasticsearch.indices] [node_s1] creating Index [test], shards [1]/[2]
[2016-03-29 17:31:20,031][DEBUG][org.elasticsearch.indices.cluster] [node_s1] [test] adding mapping [_default_], source [{"_default_":{"_timestamp":{"enabled":false},"dynamic_templates":[{"template-strings":{"mapping":{"fielddata":{"loading":"lazy"}},"match_mapping_type":"string"}},{"template-longs":{"mapping":{"fielddata":{"loading":"lazy"}},"match_mapping_type":"long"}},{"template-doubles":{"mapping":{"fielddata":{"loading":"lazy"}},"match_mapping_type":"double"}},{"template-geo_points":{"mapping":{"fielddata":{"loading":"eager"}},"match_mapping_type":"geo_point"}},{"template-booleans":{"mapping":{"fielddata":{"loading":"lazy"}},"match_mapping_type":"boolean"}}]}}]
[2016-03-29 17:31:20,032][DEBUG][org.elasticsearch.indices.cluster] [node_s1] [test][0] creating shard
[2016-03-29 17:31:20,033][TRACE][org.elasticsearch.indices.recovery] [node_s1] [test][0] started recovery from {node_s3}{7bCdUVTNQwCIO1k-BnxlmA}{local}{local[373]}[mode=>local], id [680]
[2016-03-29 17:31:20,033][TRACE][org.elasticsearch.indices.recovery] [node_s1] collecting local files for [test][0] [680]
[2016-03-29 17:31:20,034][TRACE][org.elasticsearch.indices.recovery] [node_s1] [test][0] starting recovery from {node_s3}{7bCdUVTNQwCIO1k-BnxlmA}{local}{local[373]}[mode=>local]
[2016-03-29 17:31:20,034][TRACE][org.elasticsearch.indices.recovery] [node_s3] [test][0] starting recovery to {node_s1}{AlE_ciysQ5mV7OJtNjfqwQ}{local}{local[366]}[mode=>local], mark_as_relocated false
[2016-03-29 17:31:20,034][TRACE][org.elasticsearch.indices.recovery] [node_s3] captured translog id [-1] for recovery
[2016-03-29 17:31:20,034][TRACE][org.elasticsearch.indices.recovery] [node_s3] [test][0] recovery [phase1] to {node_s1}{AlE_ciysQ5mV7OJtNjfqwQ}{local}{local[366]}[mode=>local]: recovering [segments_3], does not exists in remote
[2016-03-29 17:31:20,034][TRACE][org.elasticsearch.indices.recovery] [node_s3] [test][0] recovery [phase1] to {node_s1}{AlE_ciysQ5mV7OJtNjfqwQ}{local}{local[366]}[mode=>local]: recovering_files [1] with total_size [159b], reusing_files [0] with total_size [0b]
[2016-03-29 17:31:20,036][DEBUG][org.elasticsearch.indices.cluster] [node_s0] [test] creating index
[2016-03-29 17:31:20,036][DEBUG][org.elasticsearch.indices] [node_s0] creating Index [test], shards [1]/[2]
[2016-03-29 17:31:20,036][DEBUG][org.elasticsearch.indices.cluster] [node_s0] [test] adding mapping [_default_], source [{"_default_":{"_timestamp":{"enabled":false},"dynamic_templates":[{"template-strings":{"mapping":{"fielddata":{"loading":"lazy"}},"match_mapping_type":"string"}},{"template-longs":{"mapping":{"fielddata":{"loading":"lazy"}},"match_mapping_type":"long"}},{"template-doubles":{"mapping":{"fielddata":{"loading":"lazy"}},"match_mapping_type":"double"}},{"template-geo_points":{"mapping":{"fielddata":{"loading":"eager"}},"match_mapping_type":"geo_point"}},{"template-booleans":{"mapping":{"fielddata":{"loading":"lazy"}},"match_mapping_type":"boolean"}}]}}]
[2016-03-29 17:31:20,037][DEBUG][org.elasticsearch.indices.cluster] [node_s0] [test][0] creating shard
[2016-03-29 17:31:20,038][TRACE][org.elasticsearch.indices.recovery] [node_s3] [test][0] recovery [phase1] to {node_s1}{AlE_ciysQ5mV7OJtNjfqwQ}{local}{local[366]}[mode=>local]: prepare remote engine for translog
[2016-03-29 17:31:20,038][TRACE][org.elasticsearch.indices.recovery] [node_s0] [test][0] started recovery from {node_s3}{7bCdUVTNQwCIO1k-BnxlmA}{local}{local[373]}[mode=>local], id [681]
[2016-03-29 17:31:20,038][TRACE][org.elasticsearch.indices.recovery] [node_s0] collecting local files for [test][0] [681]
[2016-03-29 17:31:20,039][TRACE][org.elasticsearch.indices.recovery] [node_s0] [test][0] starting recovery from {node_s3}{7bCdUVTNQwCIO1k-BnxlmA}{local}{local[373]}[mode=>local]
[2016-03-29 17:31:20,039][TRACE][org.elasticsearch.indices.recovery] [node_s3] [test][0] starting recovery to {node_s0}{smIgiZsdRpaCMx1t08Hr3w}{local}{local[365]}[mode=>local], mark_as_relocated false
[2016-03-29 17:31:20,039][TRACE][org.elasticsearch.indices.recovery] [node_s3] captured translog id [-1] for recovery
[2016-03-29 17:31:20,040][TRACE][org.elasticsearch.indices.recovery] [node_s3] [test][0] recovery [phase1] to {node_s0}{smIgiZsdRpaCMx1t08Hr3w}{local}{local[365]}[mode=>local]: recovering [segments_3], does not exists in remote
[2016-03-29 17:31:20,040][TRACE][org.elasticsearch.indices.recovery] [node_s3] [test][0] recovery [phase1] to {node_s0}{smIgiZsdRpaCMx1t08Hr3w}{local}{local[365]}[mode=>local]: recovering_files [1] with total_size [159b], reusing_files [0] with total_size [0b]
[2016-03-29 17:31:20,041][TRACE][org.elasticsearch.indices] [node_s1] [test][0] warming [ElasticsearchDirectoryReader()]
[2016-03-29 17:31:20,042][TRACE][org.elasticsearch.indices] [node_s1] [test][0] top warming [ElasticsearchDirectoryReader()]
[2016-03-29 17:31:20,043][TRACE][org.elasticsearch.indices.recovery] [node_s3] [test][0] recovery [phase1] to {node_s0}{smIgiZsdRpaCMx1t08Hr3w}{local}{local[365]}[mode=>local]: prepare remote engine for translog
[2016-03-29 17:31:20,043][TRACE][org.elasticsearch.indices.recovery] [node_s3] [test][0] recovery [phase1] to {node_s1}{AlE_ciysQ5mV7OJtNjfqwQ}{local}{local[366]}[mode=>local]: remote engine start took [5.4ms]
[2016-03-29 17:31:20,043][TRACE][org.elasticsearch.indices.recovery] [node_s3] [test][0] recovery [phase1] to {node_s1}{AlE_ciysQ5mV7OJtNjfqwQ}{local}{local[366]}[mode=>local]: took [0s]
[2016-03-29 17:31:20,043][TRACE][org.elasticsearch.indices.recovery] [node_s3] snapshot translog for recovery. current size is [0]
[2016-03-29 17:31:20,044][TRACE][org.elasticsearch.indices.recovery] [node_s3] [test][0] recovery [phase2] to {node_s1}{AlE_ciysQ5mV7OJtNjfqwQ}{local}{local[366]}[mode=>local]: sending transaction log operations
[2016-03-29 17:31:20,044][TRACE][org.elasticsearch.indices.recovery] [node_s3] [test][0] no translog operations to send to {node_s1}{AlE_ciysQ5mV7OJtNjfqwQ}{local}{local[366]}[mode=>local]
[2016-03-29 17:31:20,044][TRACE][org.elasticsearch.indices.recovery] [node_s3] [test][0] sent final batch of [0][0b] (total: [0]) translog operations to {node_s1}{AlE_ciysQ5mV7OJtNjfqwQ}{local}{local[366]}[mode=>local]
[2016-03-29 17:31:20,044][TRACE][org.elasticsearch.indices.recovery] [node_s3] [test][0] recovery [phase2] to {node_s1}{AlE_ciysQ5mV7OJtNjfqwQ}{local}{local[366]}[mode=>local]: took [102micros]
[2016-03-29 17:31:20,044][TRACE][org.elasticsearch.indices.recovery] [node_s3] [test][0] finalizing recovery to {node_s1}{AlE_ciysQ5mV7OJtNjfqwQ}{local}{local[366]}[mode=>local]
[2016-03-29 17:31:20,044][TRACE][org.elasticsearch.indices] [node_s1] [test][0] top warming [ElasticsearchDirectoryReader()]
[2016-03-29 17:31:20,044][TRACE][org.elasticsearch.indices.recovery] [node_s3] [test][0] finalizing recovery to {node_s1}{AlE_ciysQ5mV7OJtNjfqwQ}{local}{local[366]}[mode=>local]: took [194micros]
[2016-03-29 17:31:20,044][TRACE][org.elasticsearch.indices.recovery] [node_s1] [test][0] marking recovery from {node_s3}{7bCdUVTNQwCIO1k-BnxlmA}{local}{local[373]}[mode=>local] as done, id [680]
[2016-03-29 17:31:20,044][TRACE][org.elasticsearch.indices.recovery] [node_s1] [test][0] recovery completed from {node_s3}{7bCdUVTNQwCIO1k-BnxlmA}{local}{local[373]}[mode=>local], took[11ms]
   phase1: recovered_files [1] with total_size of [159b], took [0s], throttling_wait [0s]
         : reusing_files   [0] with total_size of [0b]
   phase2: start took [5ms]
         : recovered [0] transaction log operations, took [0s]

[2016-03-29 17:31:20,046][TRACE][org.elasticsearch.indices] [node_s0] [test][0] warming [ElasticsearchDirectoryReader()]
[2016-03-29 17:31:20,046][TRACE][org.elasticsearch.indices] [node_s0] [test][0] top warming [ElasticsearchDirectoryReader()]
[2016-03-29 17:31:20,048][TRACE][org.elasticsearch.indices.recovery] [node_s3] [test][0] recovery [phase1] to {node_s0}{smIgiZsdRpaCMx1t08Hr3w}{local}{local[365]}[mode=>local]: remote engine start took [4.3ms]
[2016-03-29 17:31:20,048][TRACE][org.elasticsearch.indices.recovery] [node_s3] [test][0] recovery [phase1] to {node_s0}{smIgiZsdRpaCMx1t08Hr3w}{local}{local[365]}[mode=>local]: took [0s]
[2016-03-29 17:31:20,048][TRACE][org.elasticsearch.indices.recovery] [node_s3] snapshot translog for recovery. current size is [0]
[2016-03-29 17:31:20,048][TRACE][org.elasticsearch.indices.recovery] [node_s3] [test][0] recovery [phase2] to {node_s0}{smIgiZsdRpaCMx1t08Hr3w}{local}{local[365]}[mode=>local]: sending transaction log operations
[2016-03-29 17:31:20,048][TRACE][org.elasticsearch.indices.recovery] [node_s3] [test][0] no translog operations to send to {node_s0}{smIgiZsdRpaCMx1t08Hr3w}{local}{local[365]}[mode=>local]
[2016-03-29 17:31:20,048][TRACE][org.elasticsearch.indices.recovery] [node_s3] [test][0] sent final batch of [0][0b] (total: [0]) translog operations to {node_s0}{smIgiZsdRpaCMx1t08Hr3w}{local}{local[365]}[mode=>local]
[2016-03-29 17:31:20,048][TRACE][org.elasticsearch.indices.recovery] [node_s3] [test][0] recovery [phase2] to {node_s0}{smIgiZsdRpaCMx1t08Hr3w}{local}{local[365]}[mode=>local]: took [82micros]
[2016-03-29 17:31:20,048][TRACE][org.elasticsearch.indices.recovery] [node_s3] [test][0] finalizing recovery to {node_s0}{smIgiZsdRpaCMx1t08Hr3w}{local}{local[365]}[mode=>local]
[2016-03-29 17:31:20,048][TRACE][org.elasticsearch.indices] [node_s0] [test][0] top warming [ElasticsearchDirectoryReader()]
[2016-03-29 17:31:20,048][TRACE][org.elasticsearch.indices.recovery] [node_s3] [test][0] finalizing recovery to {node_s0}{smIgiZsdRpaCMx1t08Hr3w}{local}{local[365]}[mode=>local]: took [195micros]
[2016-03-29 17:31:20,048][TRACE][org.elasticsearch.indices.recovery] [node_s0] [test][0] marking recovery from {node_s3}{7bCdUVTNQwCIO1k-BnxlmA}{local}{local[373]}[mode=>local] as done, id [681]
[2016-03-29 17:31:20,048][TRACE][org.elasticsearch.indices.recovery] [node_s0] [test][0] recovery completed from {node_s3}{7bCdUVTNQwCIO1k-BnxlmA}{local}{local[373]}[mode=>local], took[9ms]
   phase1: recovered_files [1] with total_size of [159b], took [0s], throttling_wait [0s]
         : reusing_files   [0] with total_size of [0b]
   phase2: start took [4ms]
         : recovered [0] transaction log operations, took [0s]

[2016-03-29 17:31:20,049][TRACE][org.elasticsearch.indices.cluster] [node_s0] [test][0] master marked shard as initializing, but shard has state [POST_RECOVERY], resending shard started to {node_s0}{smIgiZsdRpaCMx1t08Hr3w}{local}{local[365]}[mode=>local]
[2016-03-29 17:31:20,060][DEBUG][org.elasticsearch.indices.flush] indices [test] are green
[2016-03-29 17:31:20,061][INFO ][org.elasticsearch.indices.flush] [FlushIT#testSyncedFlush]: finished test
[2016-03-29 17:31:20,061][INFO ][org.elasticsearch.indices.flush] [FlushIT#testSyncedFlush]: cleaning up after test
[2016-03-29 17:31:20,062][TRACE][org.elasticsearch.indices.flush] Check consistency for [4] nodes
[2016-03-29 17:31:20,071][TRACE][org.elasticsearch.indices.breaker] [transport_client_node_s3] parent circuit breaker with settings [parent,type=PARENT,limit=360395571/343.6mb,overhead=1.0]
[2016-03-29 17:31:20,071][TRACE][org.elasticsearch.indices.breaker.request] creating ChildCircuitBreaker with settings [request,type=MEMORY,limit=205940326/196.3mb,overhead=1.0]
[2016-03-29 17:31:20,071][TRACE][org.elasticsearch.indices.breaker.fielddata] creating ChildCircuitBreaker with settings [fielddata,type=MEMORY,limit=308910489/294.5mb,overhead=1.03]
[2016-03-29 17:31:20,073][DEBUG][org.elasticsearch.indices.cluster] [node_s1] [test] cleaning index, no longer part of the metadata
[2016-03-29 17:31:20,073][DEBUG][org.elasticsearch.indices.cluster] [node_s3] [test] cleaning index, no longer part of the metadata
[2016-03-29 17:31:20,073][DEBUG][org.elasticsearch.indices] [node_s3] [test] closing ... (reason [index no longer part of the metadata])
[2016-03-29 17:31:20,073][DEBUG][org.elasticsearch.indices] [node_s3] [test] closing index service (reason [index no longer part of the metadata])
[2016-03-29 17:31:20,073][DEBUG][org.elasticsearch.indices] [node_s1] [test] closing ... (reason [index no longer part of the metadata])
[2016-03-29 17:31:20,073][DEBUG][org.elasticsearch.indices.cluster] [node_s2] [test] cleaning index, no longer part of the metadata
[2016-03-29 17:31:20,074][DEBUG][org.elasticsearch.indices] [node_s1] [test] closing index service (reason [index no longer part of the metadata])
[2016-03-29 17:31:20,074][TRACE][org.elasticsearch.indices] [node_s3] [test][0] deleting shard reason [delete index]
[2016-03-29 17:31:20,074][TRACE][org.elasticsearch.indices] [node_s1] [test][0] deleting shard reason [delete index]
[2016-03-29 17:31:20,076][DEBUG][org.elasticsearch.indices] [node_s3] [test] closed... (reason [index no longer part of the metadata])
[2016-03-29 17:31:20,076][DEBUG][org.elasticsearch.indices] [node_s3] [test] deleting index store reason [index no longer part of the metadata]
[2016-03-29 17:31:20,077][DEBUG][org.elasticsearch.indices] [node_s1] [test] closed... (reason [index no longer part of the metadata])
[2016-03-29 17:31:20,078][DEBUG][org.elasticsearch.indices] [node_s1] [test] deleting index store reason [index no longer part of the metadata]
[2016-03-29 17:31:20,078][DEBUG][org.elasticsearch.indices] [node_s3] [test] processing pending deletes
[2016-03-29 17:31:20,079][DEBUG][org.elasticsearch.indices] [node_s1] [test] processing pending deletes
[2016-03-29 17:31:20,079][DEBUG][org.elasticsearch.indices.cluster] [node_s0] [test] cleaning index, no longer part of the metadata
[2016-03-29 17:31:20,079][DEBUG][org.elasticsearch.indices] [node_s0] [test] closing ... (reason [index no longer part of the metadata])
[2016-03-29 17:31:20,079][DEBUG][org.elasticsearch.indices] [node_s0] [test] closing index service (reason [index no longer part of the metadata])
[2016-03-29 17:31:20,079][TRACE][org.elasticsearch.indices] [node_s0] [test][0] deleting shard reason [delete index]
[2016-03-29 17:31:20,081][DEBUG][org.elasticsearch.indices] [node_s0] [test] closed... (reason [index no longer part of the metadata])
[2016-03-29 17:31:20,082][DEBUG][org.elasticsearch.indices] [node_s0] [test] deleting index store reason [index no longer part of the metadata]
[2016-03-29 17:31:20,082][DEBUG][org.elasticsearch.indices] [node_s0] [test] processing pending deletes
[2016-03-29 17:31:20,087][INFO ][org.elasticsearch.indices.flush] [FlushIT#testSyncedFlush]: cleaned up after test
[2016-03-29 17:31:20,099][WARN ][org.elasticsearch.transport] [node_s1] Transport response handler not found of id [725]
]]></system-out>
   <system-err><![CDATA[]]></system-err>
</testsuite>