<testsuite errors="0" failures="0" tests="17" skipped="2" name="org.elasticsearch.discovery.DiscoveryWithServiceDisruptionsIT" hostname="nohost.nodomain" time="146.301" timestamp="2016-04-18T03:02:36">
   <properties class="java.util.ArrayList">
      <property name="awt.toolkit" value="sun.lwawt.macosx.LWCToolkit"/>
      <property name="es.logger.level" value="WARN"/>
      <property name="file.encoding" value="UTF-8"/>
      <property name="file.encoding.pkg" value="sun.io"/>
      <property name="file.separator" value="/"/>
      <property name="ftp.nonProxyHosts" value="local|*.local|169.254/16|*.169.254/16"/>
      <property name="gopherProxySet" value="false"/>
      <property name="http.nonProxyHosts" value="local|*.local|169.254/16|*.169.254/16"/>
      <property name="java.awt.graphicsenv" value="sun.awt.CGraphicsEnvironment"/>
      <property name="java.awt.headless" value="true"/>
      <property name="java.awt.printerjob" value="sun.lwawt.macosx.CPrinterJob"/>
      <property name="java.class.path" value="/Users/lwiskowski/CSE2410_spring2016_projectileDysfunction/core/build/classes/test:/Users/lwiskowski/CSE2410_spring2016_projectileDysfunction/core/build/resources/test:/Users/lwiskowski/CSE2410_spring2016_projectileDysfunction/core/build/classes/main:/Users/lwiskowski/CSE2410_spring2016_projectileDysfunction/core/build/resources/main:/Users/lwiskowski/.gradle/caches/modules-2/files-2.1/org.apache.lucene/lucene-core/5.5.0-snapshot-1721183/f6854c65c7f4c6d9de583f4daa4fd3ae8a3800f1/lucene-core-5.5.0-snapshot-1721183.jar:/Users/lwiskowski/.gradle/caches/modules-2/files-2.1/org.apache.lucene/lucene-analyzers-common/5.5.0-snapshot-1721183/69e187ef1d2d9c9570363eb4186821e0341df5b8/lucene-analyzers-common-5.5.0-snapshot-1721183.jar:/Users/lwiskowski/.gradle/caches/modules-2/files-2.1/org.apache.lucene/lucene-backward-codecs/5.5.0-snapshot-1721183/fa00a45ff9bc6a4df44db81f2e4e44ea94bf88e/lucene-backward-codecs-5.5.0-snapshot-1721183.jar:/Users/lwiskowski/.gradle/caches/modules-2/files-2.1/org.apache.lucene/lucene-grouping/5.5.0-snapshot-1721183/e996e6c723eb415ba2cfa7f5e98bbf194a4918dd/lucene-grouping-5.5.0-snapshot-1721183.jar:/Users/lwiskowski/.gradle/caches/modules-2/files-2.1/org.apache.lucene/lucene-highlighter/5.5.0-snapshot-1721183/3b7a5d97b10885f16eb53deb15d64c942b9f9fdb/lucene-highlighter-5.5.0-snapshot-1721183.jar:/Users/lwiskowski/.gradle/caches/modules-2/files-2.1/org.apache.lucene/lucene-join/5.5.0-snapshot-1721183/e4dda3eeb76e340aa4713a3b20d68c4a1504e505/lucene-join-5.5.0-snapshot-1721183.jar:/Users/lwiskowski/.gradle/caches/modules-2/files-2.1/org.apache.lucene/lucene-memory/5.5.0-snapshot-1721183/800442a5d7612ce4c8748831871b4d436a50554e/lucene-memory-5.5.0-snapshot-1721183.jar:/Users/lwiskowski/.gradle/caches/modules-2/files-2.1/org.apache.lucene/lucene-misc/5.5.0-snapshot-1721183/bdf184de9b5773c7af3ae908af78eeb1e512470c/lucene-misc-5.5.0-snapshot-1721183.jar:/Users/lwiskowski/.gradle/caches/modules-2/files-2.1/org.apache.lucene/lucene-queries/5.5.0-snapshot-1721183/fc59de52bd2c7e420edfd235723cb8b0dd44e92d/lucene-queries-5.5.0-snapshot-1721183.jar:/Users/lwiskowski/.gradle/caches/modules-2/files-2.1/org.apache.lucene/lucene-queryparser/5.5.0-snapshot-1721183/1d341e6a4f11f3170773ccffdbe6815b45967e3d/lucene-queryparser-5.5.0-snapshot-1721183.jar:/Users/lwiskowski/.gradle/caches/modules-2/files-2.1/org.apache.lucene/lucene-sandbox/5.5.0-snapshot-1721183/a1b02c2b595ac92f45f0d2be03841a3a7fcae1f1/lucene-sandbox-5.5.0-snapshot-1721183.jar:/Users/lwiskowski/.gradle/caches/modules-2/files-2.1/org.apache.lucene/lucene-spatial/5.5.0-snapshot-1721183/e3ea422b56734329fb6974e9cf9f66478adb5793/lucene-spatial-5.5.0-snapshot-1721183.jar:/Users/lwiskowski/.gradle/caches/modules-2/files-2.1/org.apache.lucene/lucene-spatial3d/5.5.0-snapshot-1721183/5eadbd4e63120b59ab6445e39489205f98420471/lucene-spatial3d-5.5.0-snapshot-1721183.jar:/Users/lwiskowski/.gradle/caches/modules-2/files-2.1/org.apache.lucene/lucene-suggest/5.5.0-snapshot-1721183/a336287e65d082535f02a8427666dbe46b1b9b74/lucene-suggest-5.5.0-snapshot-1721183.jar:/Users/lwiskowski/.gradle/caches/modules-2/files-2.1/org.elasticsearch/securesm/1.0/c0c6cf986ba0057390bfcc80c366a0e3157f944b/securesm-1.0.jar:/Users/lwiskowski/.gradle/caches/modules-2/files-2.1/commons-cli/commons-cli/1.3.1/1303efbc4b181e5a58bf2e967dc156a3132b97c0/commons-cli-1.3.1.jar:/Users/lwiskowski/.gradle/caches/modules-2/files-2.1/com.carrotsearch/hppc/0.7.1/8b5057f74ea378c0150a1860874a3ebdcb713767/hppc-0.7.1.jar:/Users/lwiskowski/.gradle/caches/modules-2/files-2.1/joda-time/joda-time/2.8.2/d27c24204c5e507b16fec01006b3d0f1ec42aed4/joda-time-2.8.2.jar:/Users/lwiskowski/.gradle/caches/modules-2/files-2.1/org.joda/joda-convert/1.2/35ec554f0cd00c956cc69051514d9488b1374dec/joda-convert-1.2.jar:/Users/lwiskowski/.gradle/caches/modules-2/files-2.1/com.fasterxml.jackson.core/jackson-core/2.6.2/123f29333b2c6b3516b14252b6e93226bfcd6e37/jackson-core-2.6.2.jar:/Users/lwiskowski/.gradle/caches/modules-2/files-2.1/com.fasterxml.jackson.dataformat/jackson-dataformat-smile/2.6.2/395d18c1a1dd730b8026ee59c4067e5d2b45ba6e/jackson-dataformat-smile-2.6.2.jar:/Users/lwiskowski/.gradle/caches/modules-2/files-2.1/com.fasterxml.jackson.dataformat/jackson-dataformat-yaml/2.6.2/4ae23088dd3fae47c66843f2e4251d7255ee140e/jackson-dataformat-yaml-2.6.2.jar:/Users/lwiskowski/.gradle/caches/modules-2/files-2.1/com.fasterxml.jackson.dataformat/jackson-dataformat-cbor/2.6.2/1e13c575f914c83761bb8e2aca7dfd9e4c647579/jackson-dataformat-cbor-2.6.2.jar:/Users/lwiskowski/.gradle/caches/modules-2/files-2.1/io.netty/netty/3.10.5.Final/9ca7d55d246092bddd29b867706e2f6c7db701a0/netty-3.10.5.Final.jar:/Users/lwiskowski/.gradle/caches/modules-2/files-2.1/com.tdunning/t-digest/3.0/84ccf145ac2215e6bfa63baa3101c0af41017cfc/t-digest-3.0.jar:/Users/lwiskowski/.gradle/caches/modules-2/files-2.1/org.hdrhistogram/HdrHistogram/2.1.6/7495feb7f71ee124bd2a7e7d83590e296d71d80e/HdrHistogram-2.1.6.jar:/Users/lwiskowski/.gradle/caches/modules-2/files-2.1/com.spatial4j/spatial4j/0.5/6e16edaf6b1ba76db7f08c2f3723fce3b358ecc3/spatial4j-0.5.jar:/Users/lwiskowski/.gradle/caches/modules-2/files-2.1/com.vividsolutions/jts/1.13/3ccfb9b60f04d71add996a666ceb8902904fd805/jts-1.13.jar:/Users/lwiskowski/.gradle/caches/modules-2/files-2.1/log4j/log4j/1.2.17/5af35056b4d257e4b64b9e8069c0746e8b08629f/log4j-1.2.17.jar:/Users/lwiskowski/.gradle/caches/modules-2/files-2.1/log4j/apache-log4j-extras/1.2.17/85863614d82185d7e51fe21c00aa9117a523a8b6/apache-log4j-extras-1.2.17.jar:/Users/lwiskowski/.gradle/caches/modules-2/files-2.1/org.slf4j/slf4j-api/1.6.2/8619e95939167fb37245b5670135e4feb0ec7d50/slf4j-api-1.6.2.jar:/Users/lwiskowski/.gradle/caches/modules-2/files-2.1/net.java.dev.jna/jna/4.1.0/1c12d070e602efd8021891cdd7fd18bc129372d4/jna-4.1.0.jar:/Users/lwiskowski/CSE2410_spring2016_projectileDysfunction/test/framework/build/libs/framework-3.0.0-SNAPSHOT.jar:/Users/lwiskowski/.gradle/caches/modules-2/files-2.1/com.carrotsearch.randomizedtesting/randomizedtesting-runner/2.3.2/307965917fe8a22b7ee72deba39ef4b8e6ebc069/randomizedtesting-runner-2.3.2.jar:/Users/lwiskowski/.gradle/caches/modules-2/files-2.1/junit/junit/4.11/4e031bb61df09069aeb2bffb4019e7a5034a4ee0/junit-4.11.jar:/Users/lwiskowski/.gradle/caches/modules-2/files-2.1/org.hamcrest/hamcrest-all/1.3/63a21ebc981131004ad02e0434e799fd7f3a8d5a/hamcrest-all-1.3.jar:/Users/lwiskowski/.gradle/caches/modules-2/files-2.1/org.apache.lucene/lucene-test-framework/5.5.0-snapshot-1721183/a8d851d0ad82182b3a02f4b30c336e7aa0e173cb/lucene-test-framework-5.5.0-snapshot-1721183.jar:/Users/lwiskowski/.gradle/caches/modules-2/files-2.1/org.apache.lucene/lucene-codecs/5.5.0-snapshot-1721183/8aa59442b028c7a2c1a516accb6142a8910ba5fc/lucene-codecs-5.5.0-snapshot-1721183.jar:/Users/lwiskowski/.gradle/caches/modules-2/files-2.1/org.apache.httpcomponents/httpclient/4.3.6/4c47155e3e6c9a41a28db36680b828ced53b8af4/httpclient-4.3.6.jar:/Users/lwiskowski/.gradle/caches/modules-2/files-2.1/org.apache.httpcomponents/httpcore/4.3.3/f91b7a4aadc5cf486df6e4634748d7dd7a73f06d/httpcore-4.3.3.jar:/Users/lwiskowski/.gradle/caches/modules-2/files-2.1/commons-logging/commons-logging/1.1.3/f6f66e966c70a83ffbdb6f17a0919eaf7c8aca7f/commons-logging-1.1.3.jar:/Users/lwiskowski/.gradle/caches/modules-2/files-2.1/commons-codec/commons-codec/1.10/4b95f4897fa13f2cd904aee711aeafc0c5295cd8/commons-codec-1.10.jar:/Users/lwiskowski/.gradle/caches/modules-2/files-2.1/org.elasticsearch/securemock/1.2/98201d4ad5ac93f6b415ae9172d52b5e7cda490e/securemock-1.2.jar:/Users/lwiskowski/.gradle/caches/modules-2/files-2.1/com.carrotsearch.randomizedtesting/junit4-ant/2.3.2/dc8f03f6111974092491f35b8269eb0fc57f52f7/junit4-ant-2.3.2.jar"/>
      <property name="java.class.version" value="52.0"/>
      <property name="java.endorsed.dirs" value="/Library/Java/JavaVirtualMachines/jdk1.8.0_71.jdk/Contents/Home/jre/lib/endorsed"/>
      <property name="java.ext.dirs" value="/Users/lwiskowski/Library/Java/Extensions:/Library/Java/JavaVirtualMachines/jdk1.8.0_71.jdk/Contents/Home/jre/lib/ext:/Library/Java/Extensions:/Network/Library/Java/Extensions:/System/Library/Java/Extensions:/usr/lib/java"/>
      <property name="java.home" value="/Library/Java/JavaVirtualMachines/jdk1.8.0_71.jdk/Contents/Home/jre"/>
      <property name="java.io.tmpdir" value="./temp"/>
      <property name="java.library.path" value="/Users/lwiskowski/Library/Java/Extensions:/Library/Java/Extensions:/Network/Library/Java/Extensions:/System/Library/Java/Extensions:/usr/lib/java:."/>
      <property name="java.runtime.name" value="Java(TM) SE Runtime Environment"/>
      <property name="java.runtime.version" value="1.8.0_71-b15"/>
      <property name="java.specification.name" value="Java Platform API Specification"/>
      <property name="java.specification.vendor" value="Oracle Corporation"/>
      <property name="java.specification.version" value="1.8"/>
      <property name="java.vendor" value="Oracle Corporation"/>
      <property name="java.vendor.url" value="http://java.oracle.com/"/>
      <property name="java.vendor.url.bug" value="http://bugreport.sun.com/bugreport/"/>
      <property name="java.version" value="1.8.0_71"/>
      <property name="java.vm.info" value="mixed mode"/>
      <property name="java.vm.name" value="Java HotSpot(TM) 64-Bit Server VM"/>
      <property name="java.vm.specification.name" value="Java Virtual Machine Specification"/>
      <property name="java.vm.specification.vendor" value="Oracle Corporation"/>
      <property name="java.vm.specification.version" value="1.8"/>
      <property name="java.vm.vendor" value="Oracle Corporation"/>
      <property name="java.vm.version" value="25.71-b15"/>
      <property name="junit4.childvm.count" value="4"/>
      <property name="junit4.childvm.cwd" value="/Users/lwiskowski/CSE2410_spring2016_projectileDysfunction/core/build/testrun/integTest/J1"/>
      <property name="junit4.childvm.id" value="1"/>
      <property name="junit4.memory.total" value="514850816"/>
      <property name="junit4.pidString" value="3682@host238-95.aruba.fit.edu"/>
      <property name="junit4.processors" value="8"/>
      <property name="line.separator" value="
"/>
      <property name="os.arch" value="x86_64"/>
      <property name="os.name" value="Mac OS X"/>
      <property name="os.version" value="10.11.4"/>
      <property name="path.separator" value=":"/>
      <property name="socksNonProxyHosts" value="local|*.local|169.254/16|*.169.254/16"/>
      <property name="sun.arch.data.model" value="64"/>
      <property name="sun.boot.class.path" value="/Library/Java/JavaVirtualMachines/jdk1.8.0_71.jdk/Contents/Home/jre/lib/resources.jar:/Library/Java/JavaVirtualMachines/jdk1.8.0_71.jdk/Contents/Home/jre/lib/rt.jar:/Library/Java/JavaVirtualMachines/jdk1.8.0_71.jdk/Contents/Home/jre/lib/sunrsasign.jar:/Library/Java/JavaVirtualMachines/jdk1.8.0_71.jdk/Contents/Home/jre/lib/jsse.jar:/Library/Java/JavaVirtualMachines/jdk1.8.0_71.jdk/Contents/Home/jre/lib/jce.jar:/Library/Java/JavaVirtualMachines/jdk1.8.0_71.jdk/Contents/Home/jre/lib/charsets.jar:/Library/Java/JavaVirtualMachines/jdk1.8.0_71.jdk/Contents/Home/jre/lib/jfr.jar:/Library/Java/JavaVirtualMachines/jdk1.8.0_71.jdk/Contents/Home/jre/classes"/>
      <property name="sun.boot.library.path" value="/Library/Java/JavaVirtualMachines/jdk1.8.0_71.jdk/Contents/Home/jre/lib"/>
      <property name="sun.cpu.endian" value="little"/>
      <property name="sun.cpu.isalist" value=""/>
      <property name="sun.io.unicode.encoding" value="UnicodeBig"/>
      <property name="sun.java.command" value="com.carrotsearch.ant.tasks.junit4.slave.SlaveMainSafe -eventsfile /Users/lwiskowski/CSE2410_spring2016_projectileDysfunction/core/build/testrun/integTest/temp/junit4-J1-20160418_030118_670.events @/Users/lwiskowski/CSE2410_spring2016_projectileDysfunction/core/build/testrun/integTest/temp/junit4-J1-20160418_030118_670.suites -stdin"/>
      <property name="sun.java.launcher" value="SUN_STANDARD"/>
      <property name="sun.jnu.encoding" value="UTF-8"/>
      <property name="sun.management.compiler" value="HotSpot 64-Bit Tiered Compilers"/>
      <property name="sun.os.patch.level" value="unknown"/>
      <property name="tests.artifact" value="core"/>
      <property name="tests.ifNoTests" value="fail"/>
      <property name="tests.maven" value="true"/>
      <property name="tests.prefix" value="tests"/>
      <property name="tests.security.manager" value="true"/>
      <property name="tests.seed" value="AF876320E2D19F69"/>
      <property name="tests.task" value=":core:integTest"/>
      <property name="user.country" value="US"/>
      <property name="user.dir" value="/Users/lwiskowski/CSE2410_spring2016_projectileDysfunction/core/build/testrun/integTest/J1"/>
      <property name="user.home" value="/Users/lwiskowski"/>
      <property name="user.language" value="en"/>
      <property name="user.name" value="lwiskowski"/>
      <property name="user.timezone" value=""/>
   </properties>
   <testcase classname="org.elasticsearch.discovery.DiscoveryWithServiceDisruptionsIT" name="testSendingShardFailure" time="10.414"/>
   <testcase classname="org.elasticsearch.discovery.DiscoveryWithServiceDisruptionsIT" name="testNodesFDAfterMasterReelection" time="11.216"/>
   <testcase classname="org.elasticsearch.discovery.DiscoveryWithServiceDisruptionsIT" name="testIndexImportedFromDataOnlyNodesIfMasterLostDataFolder" time="9.214"/>
   <testcase classname="org.elasticsearch.discovery.DiscoveryWithServiceDisruptionsIT" name="testVerifyApiBlocksDuringPartition" time="11.188"/>
   <testcase classname="org.elasticsearch.discovery.DiscoveryWithServiceDisruptionsIT" name="testAckedIndexing" time="0.001">
      <skipped></skipped>
   </testcase>
   <testcase classname="org.elasticsearch.discovery.DiscoveryWithServiceDisruptionsIT" name="testClusterFormingWithASlowNode" time="7.671"/>
   <testcase classname="org.elasticsearch.discovery.DiscoveryWithServiceDisruptionsIT" name="testSearchWithRelocationAndSlowClusterStateProcessing" time="6.38"/>
   <testcase classname="org.elasticsearch.discovery.DiscoveryWithServiceDisruptionsIT" name="testFailWithMinimumMasterNodesConfigured" time="7.133"/>
   <testcase classname="org.elasticsearch.discovery.DiscoveryWithServiceDisruptionsIT" name="testNodeNotReachableFromMaster" time="9.146"/>
   <testcase classname="org.elasticsearch.discovery.DiscoveryWithServiceDisruptionsIT" name="testIsolateMasterAndVerifyClusterStateConsensus" time="10.142"/>
   <testcase classname="org.elasticsearch.discovery.DiscoveryWithServiceDisruptionsIT" name="testStaleMasterNotHijackingMajority" time="13.297"/>
   <testcase classname="org.elasticsearch.discovery.DiscoveryWithServiceDisruptionsIT" name="testMasterNodeGCs" time="14.627"/>
   <testcase classname="org.elasticsearch.discovery.DiscoveryWithServiceDisruptionsIT" name="testRejoinDocumentExistsInAllShardCopies" time="11.281"/>
   <testcase classname="org.elasticsearch.discovery.DiscoveryWithServiceDisruptionsIT" name="testIsolatedUnicastNodes" time="7.19"/>
   <testcase classname="org.elasticsearch.discovery.DiscoveryWithServiceDisruptionsIT" name="testClusterJoinDespiteOfPublishingIssues" time="10.17"/>
   <testcase classname="org.elasticsearch.discovery.DiscoveryWithServiceDisruptionsIT" name="testUnicastSinglePingResponseContainsMaster" time="7.154"/>
   <testcase classname="org.elasticsearch.discovery.DiscoveryWithServiceDisruptionsIT" name="testIndicesDeleted" time="0.001">
      <skipped></skipped>
   </testcase>
   <system-out><![CDATA[[2016-04-18 03:02:40,956][WARN ][org.elasticsearch.cluster.service] [node_t1] failing [zen-disco-node_failed({node_t0}{8hfVAYjjQFm7NIvVg4AVew}{127.0.0.1}{127.0.0.1:30200}[mode=>network]), reason transport disconnected]: failed to commit cluster state version [13]
FailedToCommitClusterStateException[failed to get enough masters to ack sent cluster state. [1] left]
	at org.elasticsearch.discovery.zen.publish.PublishClusterStateAction$SendingController.waitForCommit(PublishClusterStateAction.java:525)
	at org.elasticsearch.discovery.zen.publish.PublishClusterStateAction.innerPublish(PublishClusterStateAction.java:189)
	at org.elasticsearch.discovery.zen.publish.PublishClusterStateAction.publish(PublishClusterStateAction.java:154)
	at org.elasticsearch.discovery.zen.ZenDiscovery.publish(ZenDiscovery.java:345)
	at sun.reflect.GeneratedMethodAccessor6.invoke(Unknown Source)
	at sun.reflect.DelegatingMethodAccessorImpl.invoke(DelegatingMethodAccessorImpl.java:43)
	at java.lang.reflect.Method.invoke(Method.java:497)
	at org.elasticsearch.common.inject.internal.ConstructionContext$DelegatingInvocationHandler.invoke(ConstructionContext.java:111)
	at com.sun.proxy.$Proxy35.publish(Unknown Source)
	at org.elasticsearch.discovery.DiscoveryService.publish(DiscoveryService.java:130)
	at org.elasticsearch.cluster.service.InternalClusterService.runTasksForExecutor(InternalClusterService.java:574)
	at org.elasticsearch.cluster.service.InternalClusterService$UpdateTask.run(InternalClusterService.java:761)
	at org.elasticsearch.common.util.concurrent.PrioritizedEsThreadPoolExecutor$TieBreakingPrioritizedRunnable.runAndClean(PrioritizedEsThreadPoolExecutor.java:231)
	at org.elasticsearch.common.util.concurrent.PrioritizedEsThreadPoolExecutor$TieBreakingPrioritizedRunnable.run(PrioritizedEsThreadPoolExecutor.java:194)
	at java.util.concurrent.ThreadPoolExecutor.runWorker(ThreadPoolExecutor.java:1142)
	at java.util.concurrent.ThreadPoolExecutor$Worker.run(ThreadPoolExecutor.java:617)
	at java.lang.Thread.run(Thread.java:745)
[2016-04-18 03:02:40,957][ERROR][org.elasticsearch.discovery.zen] [node_t1] unexpected failure during [zen-disco-node_failed({node_t0}{8hfVAYjjQFm7NIvVg4AVew}{127.0.0.1}{127.0.0.1:30200}[mode=>network]), reason transport disconnected]
FailedToCommitClusterStateException[failed to get enough masters to ack sent cluster state. [1] left]
	at org.elasticsearch.discovery.zen.publish.PublishClusterStateAction$SendingController.waitForCommit(PublishClusterStateAction.java:525)
	at org.elasticsearch.discovery.zen.publish.PublishClusterStateAction.innerPublish(PublishClusterStateAction.java:189)
	at org.elasticsearch.discovery.zen.publish.PublishClusterStateAction.publish(PublishClusterStateAction.java:154)
	at org.elasticsearch.discovery.zen.ZenDiscovery.publish(ZenDiscovery.java:345)
	at sun.reflect.GeneratedMethodAccessor6.invoke(Unknown Source)
	at sun.reflect.DelegatingMethodAccessorImpl.invoke(DelegatingMethodAccessorImpl.java:43)
	at java.lang.reflect.Method.invoke(Method.java:497)
	at org.elasticsearch.common.inject.internal.ConstructionContext$DelegatingInvocationHandler.invoke(ConstructionContext.java:111)
	at com.sun.proxy.$Proxy35.publish(Unknown Source)
	at org.elasticsearch.discovery.DiscoveryService.publish(DiscoveryService.java:130)
	at org.elasticsearch.cluster.service.InternalClusterService.runTasksForExecutor(InternalClusterService.java:574)
	at org.elasticsearch.cluster.service.InternalClusterService$UpdateTask.run(InternalClusterService.java:761)
	at org.elasticsearch.common.util.concurrent.PrioritizedEsThreadPoolExecutor$TieBreakingPrioritizedRunnable.runAndClean(PrioritizedEsThreadPoolExecutor.java:231)
	at org.elasticsearch.common.util.concurrent.PrioritizedEsThreadPoolExecutor$TieBreakingPrioritizedRunnable.run(PrioritizedEsThreadPoolExecutor.java:194)
	at java.util.concurrent.ThreadPoolExecutor.runWorker(ThreadPoolExecutor.java:1142)
	at java.util.concurrent.ThreadPoolExecutor$Worker.run(ThreadPoolExecutor.java:617)
	at java.lang.Thread.run(Thread.java:745)
[2016-04-18 03:02:40,958][WARN ][org.elasticsearch.discovery.zen] [node_t1] failed to publish to min_master_nodes, current nodes: {{node_t2}{hLoUCkM9SBq9OIqyhuBtTw}{127.0.0.1}{127.0.0.1:30202}[mode=>network],{node_t1}{0NWyTLZ0QDyVZRDou-b_DQ}{127.0.0.1}{127.0.0.1:30201}[mode=>network],{node_t0}{8hfVAYjjQFm7NIvVg4AVew}{127.0.0.1}{127.0.0.1:30200}[mode=>network],}
[2016-04-18 03:02:40,958][WARN ][org.elasticsearch.discovery.zen.ping.unicast] [node_t1] failed to send ping to [{#zen_unicast_1#}{127.0.0.1}{127.0.0.1:30200}]
SendRequestTransportException[[node_t0][127.0.0.1:30200][internal:discovery/zen/unicast]]; nested: ConnectTransportException[[node_t0][127.0.0.1:30200] DISCONNECT: simulated];
	at org.elasticsearch.transport.TransportService.sendRequest(TransportService.java:315)
	at org.elasticsearch.discovery.zen.ping.unicast.UnicastZenPing.sendPingRequestToNode(UnicastZenPing.java:440)
	at org.elasticsearch.discovery.zen.ping.unicast.UnicastZenPing.sendPings(UnicastZenPing.java:426)
	at org.elasticsearch.discovery.zen.ping.unicast.UnicastZenPing.ping(UnicastZenPing.java:240)
	at org.elasticsearch.discovery.zen.ping.ZenPingService.ping(ZenPingService.java:106)
	at org.elasticsearch.discovery.zen.ping.ZenPingService.pingAndWait(ZenPingService.java:84)
	at org.elasticsearch.discovery.zen.ZenDiscovery.findMaster(ZenDiscovery.java:888)
	at org.elasticsearch.discovery.zen.ZenDiscovery.innerJoinCluster(ZenDiscovery.java:394)
	at org.elasticsearch.discovery.zen.ZenDiscovery.access$4700(ZenDiscovery.java:90)
	at org.elasticsearch.discovery.zen.ZenDiscovery$JoinThreadControl$1.run(ZenDiscovery.java:1221)
	at java.util.concurrent.ThreadPoolExecutor.runWorker(ThreadPoolExecutor.java:1142)
	at java.util.concurrent.ThreadPoolExecutor$Worker.run(ThreadPoolExecutor.java:617)
	at java.lang.Thread.run(Thread.java:745)
Caused by: ConnectTransportException[[node_t0][127.0.0.1:30200] DISCONNECT: simulated]
	at org.elasticsearch.test.transport.MockTransportService$1.sendRequest(MockTransportService.java:162)
	at org.elasticsearch.test.transport.MockTransportService$LookupTestTransport.sendRequest(MockTransportService.java:423)
	at org.elasticsearch.transport.TransportService.sendRequest(TransportService.java:304)
	... 12 more
[2016-04-18 03:02:40,961][WARN ][org.elasticsearch.discovery.zen.ping.unicast] [node_t1] failed to send ping to [{node_t2}{hLoUCkM9SBq9OIqyhuBtTw}{127.0.0.1}{127.0.0.1:30202}[mode=>network]]
SendRequestTransportException[[node_t2][127.0.0.1:30202][internal:discovery/zen/unicast]]; nested: ConnectTransportException[[node_t2][127.0.0.1:30202] DISCONNECT: simulated];
	at org.elasticsearch.transport.TransportService.sendRequest(TransportService.java:315)
	at org.elasticsearch.discovery.zen.ping.unicast.UnicastZenPing.sendPingRequestToNode(UnicastZenPing.java:440)
	at org.elasticsearch.discovery.zen.ping.unicast.UnicastZenPing.sendPings(UnicastZenPing.java:426)
	at org.elasticsearch.discovery.zen.ping.unicast.UnicastZenPing.ping(UnicastZenPing.java:240)
	at org.elasticsearch.discovery.zen.ping.ZenPingService.ping(ZenPingService.java:106)
	at org.elasticsearch.discovery.zen.ping.ZenPingService.pingAndWait(ZenPingService.java:84)
	at org.elasticsearch.discovery.zen.ZenDiscovery.findMaster(ZenDiscovery.java:888)
	at org.elasticsearch.discovery.zen.ZenDiscovery.innerJoinCluster(ZenDiscovery.java:394)
	at org.elasticsearch.discovery.zen.ZenDiscovery.access$4700(ZenDiscovery.java:90)
	at org.elasticsearch.discovery.zen.ZenDiscovery$JoinThreadControl$1.run(ZenDiscovery.java:1221)
	at java.util.concurrent.ThreadPoolExecutor.runWorker(ThreadPoolExecutor.java:1142)
	at java.util.concurrent.ThreadPoolExecutor$Worker.run(ThreadPoolExecutor.java:617)
	at java.lang.Thread.run(Thread.java:745)
Caused by: ConnectTransportException[[node_t2][127.0.0.1:30202] DISCONNECT: simulated]
	at org.elasticsearch.test.transport.MockTransportService$1.sendRequest(MockTransportService.java:162)
	at org.elasticsearch.test.transport.MockTransportService$LookupTestTransport.sendRequest(MockTransportService.java:423)
	at org.elasticsearch.transport.TransportService.sendRequest(TransportService.java:304)
	... 12 more
[2016-04-18 03:02:40,961][WARN ][org.elasticsearch.discovery.zen.ping.unicast] [node_t1] failed to send ping to [{node_t0}{8hfVAYjjQFm7NIvVg4AVew}{127.0.0.1}{127.0.0.1:30200}[mode=>network]]
SendRequestTransportException[[node_t0][127.0.0.1:30200][internal:discovery/zen/unicast]]; nested: ConnectTransportException[[node_t0][127.0.0.1:30200] DISCONNECT: simulated];
	at org.elasticsearch.transport.TransportService.sendRequest(TransportService.java:315)
	at org.elasticsearch.discovery.zen.ping.unicast.UnicastZenPing.sendPingRequestToNode(UnicastZenPing.java:440)
	at org.elasticsearch.discovery.zen.ping.unicast.UnicastZenPing.sendPings(UnicastZenPing.java:426)
	at org.elasticsearch.discovery.zen.ping.unicast.UnicastZenPing.ping(UnicastZenPing.java:240)
	at org.elasticsearch.discovery.zen.ping.ZenPingService.ping(ZenPingService.java:106)
	at org.elasticsearch.discovery.zen.ping.ZenPingService.pingAndWait(ZenPingService.java:84)
	at org.elasticsearch.discovery.zen.ZenDiscovery.findMaster(ZenDiscovery.java:888)
	at org.elasticsearch.discovery.zen.ZenDiscovery.innerJoinCluster(ZenDiscovery.java:394)
	at org.elasticsearch.discovery.zen.ZenDiscovery.access$4700(ZenDiscovery.java:90)
	at org.elasticsearch.discovery.zen.ZenDiscovery$JoinThreadControl$1.run(ZenDiscovery.java:1221)
	at java.util.concurrent.ThreadPoolExecutor.runWorker(ThreadPoolExecutor.java:1142)
	at java.util.concurrent.ThreadPoolExecutor$Worker.run(ThreadPoolExecutor.java:617)
	at java.lang.Thread.run(Thread.java:745)
Caused by: ConnectTransportException[[node_t0][127.0.0.1:30200] DISCONNECT: simulated]
	at org.elasticsearch.test.transport.MockTransportService$1.sendRequest(MockTransportService.java:162)
	at org.elasticsearch.test.transport.MockTransportService$LookupTestTransport.sendRequest(MockTransportService.java:423)
	at org.elasticsearch.transport.TransportService.sendRequest(TransportService.java:304)
	... 12 more
[2016-04-18 03:02:40,960][WARN ][org.elasticsearch.discovery.zen.ping.unicast] [node_t1] failed to send ping to [{#zen_unicast_3#}{127.0.0.1}{127.0.0.1:30202}]
SendRequestTransportException[[node_t2][127.0.0.1:30202][internal:discovery/zen/unicast]]; nested: ConnectTransportException[[node_t2][127.0.0.1:30202] DISCONNECT: simulated];
	at org.elasticsearch.transport.TransportService.sendRequest(TransportService.java:315)
	at org.elasticsearch.discovery.zen.ping.unicast.UnicastZenPing.sendPingRequestToNode(UnicastZenPing.java:440)
	at org.elasticsearch.discovery.zen.ping.unicast.UnicastZenPing.sendPings(UnicastZenPing.java:426)
	at org.elasticsearch.discovery.zen.ping.unicast.UnicastZenPing.ping(UnicastZenPing.java:240)
	at org.elasticsearch.discovery.zen.ping.ZenPingService.ping(ZenPingService.java:106)
	at org.elasticsearch.discovery.zen.ping.ZenPingService.pingAndWait(ZenPingService.java:84)
	at org.elasticsearch.discovery.zen.ZenDiscovery.findMaster(ZenDiscovery.java:888)
	at org.elasticsearch.discovery.zen.ZenDiscovery.innerJoinCluster(ZenDiscovery.java:394)
	at org.elasticsearch.discovery.zen.ZenDiscovery.access$4700(ZenDiscovery.java:90)
	at org.elasticsearch.discovery.zen.ZenDiscovery$JoinThreadControl$1.run(ZenDiscovery.java:1221)
	at java.util.concurrent.ThreadPoolExecutor.runWorker(ThreadPoolExecutor.java:1142)
	at java.util.concurrent.ThreadPoolExecutor$Worker.run(ThreadPoolExecutor.java:617)
	at java.lang.Thread.run(Thread.java:745)
Caused by: ConnectTransportException[[node_t2][127.0.0.1:30202] DISCONNECT: simulated]
	at org.elasticsearch.test.transport.MockTransportService$1.sendRequest(MockTransportService.java:162)
	at org.elasticsearch.test.transport.MockTransportService$LookupTestTransport.sendRequest(MockTransportService.java:423)
	at org.elasticsearch.transport.TransportService.sendRequest(TransportService.java:304)
	... 12 more
[2016-04-18 03:02:40,963][WARN ][org.elasticsearch.discovery.zen] [node_t0] master left (reason = transport disconnected), current nodes: {{node_t2}{hLoUCkM9SBq9OIqyhuBtTw}{127.0.0.1}{127.0.0.1:30202}[mode=>network],{node_t0}{8hfVAYjjQFm7NIvVg4AVew}{127.0.0.1}{127.0.0.1:30200}[mode=>network],}
[2016-04-18 03:02:40,971][WARN ][org.elasticsearch.discovery.zen] [node_t2] master left (reason = transport disconnected), current nodes: {{node_t2}{hLoUCkM9SBq9OIqyhuBtTw}{127.0.0.1}{127.0.0.1:30202}[mode=>network],{node_t0}{8hfVAYjjQFm7NIvVg4AVew}{127.0.0.1}{127.0.0.1:30200}[mode=>network],}
[2016-04-18 03:02:42,464][WARN ][org.elasticsearch.discovery.zen.ping.unicast] [node_t1] failed to send ping to [{#zen_unicast_1#}{127.0.0.1}{127.0.0.1:30200}]
SendRequestTransportException[[node_t0][127.0.0.1:30200][internal:discovery/zen/unicast]]; nested: ConnectTransportException[[node_t0][127.0.0.1:30200] DISCONNECT: simulated];
	at org.elasticsearch.transport.TransportService.sendRequest(TransportService.java:315)
	at org.elasticsearch.discovery.zen.ping.unicast.UnicastZenPing.sendPingRequestToNode(UnicastZenPing.java:440)
	at org.elasticsearch.discovery.zen.ping.unicast.UnicastZenPing.sendPings(UnicastZenPing.java:426)
	at org.elasticsearch.discovery.zen.ping.unicast.UnicastZenPing$2.doRun(UnicastZenPing.java:249)
	at org.elasticsearch.common.util.concurrent.AbstractRunnable.run(AbstractRunnable.java:37)
	at java.util.concurrent.ThreadPoolExecutor.runWorker(ThreadPoolExecutor.java:1142)
	at java.util.concurrent.ThreadPoolExecutor$Worker.run(ThreadPoolExecutor.java:617)
	at java.lang.Thread.run(Thread.java:745)
Caused by: ConnectTransportException[[node_t0][127.0.0.1:30200] DISCONNECT: simulated]
	at org.elasticsearch.test.transport.MockTransportService$1.sendRequest(MockTransportService.java:162)
	at org.elasticsearch.test.transport.MockTransportService$LookupTestTransport.sendRequest(MockTransportService.java:423)
	at org.elasticsearch.transport.TransportService.sendRequest(TransportService.java:304)
	... 7 more
[2016-04-18 03:02:42,465][WARN ][org.elasticsearch.discovery.zen.ping.unicast] [node_t1] failed to send ping to [{node_t2}{hLoUCkM9SBq9OIqyhuBtTw}{127.0.0.1}{127.0.0.1:30202}[mode=>network]]
SendRequestTransportException[[node_t2][127.0.0.1:30202][internal:discovery/zen/unicast]]; nested: ConnectTransportException[[node_t2][127.0.0.1:30202] DISCONNECT: simulated];
	at org.elasticsearch.transport.TransportService.sendRequest(TransportService.java:315)
	at org.elasticsearch.discovery.zen.ping.unicast.UnicastZenPing.sendPingRequestToNode(UnicastZenPing.java:440)
	at org.elasticsearch.discovery.zen.ping.unicast.UnicastZenPing.sendPings(UnicastZenPing.java:426)
	at org.elasticsearch.discovery.zen.ping.unicast.UnicastZenPing$2.doRun(UnicastZenPing.java:249)
	at org.elasticsearch.common.util.concurrent.AbstractRunnable.run(AbstractRunnable.java:37)
	at java.util.concurrent.ThreadPoolExecutor.runWorker(ThreadPoolExecutor.java:1142)
	at java.util.concurrent.ThreadPoolExecutor$Worker.run(ThreadPoolExecutor.java:617)
	at java.lang.Thread.run(Thread.java:745)
Caused by: ConnectTransportException[[node_t2][127.0.0.1:30202] DISCONNECT: simulated]
	at org.elasticsearch.test.transport.MockTransportService$1.sendRequest(MockTransportService.java:162)
	at org.elasticsearch.test.transport.MockTransportService$LookupTestTransport.sendRequest(MockTransportService.java:423)
	at org.elasticsearch.transport.TransportService.sendRequest(TransportService.java:304)
	... 7 more
[2016-04-18 03:02:42,465][WARN ][org.elasticsearch.discovery.zen.ping.unicast] [node_t1] failed to send ping to [{node_t0}{8hfVAYjjQFm7NIvVg4AVew}{127.0.0.1}{127.0.0.1:30200}[mode=>network]]
SendRequestTransportException[[node_t0][127.0.0.1:30200][internal:discovery/zen/unicast]]; nested: ConnectTransportException[[node_t0][127.0.0.1:30200] DISCONNECT: simulated];
	at org.elasticsearch.transport.TransportService.sendRequest(TransportService.java:315)
	at org.elasticsearch.discovery.zen.ping.unicast.UnicastZenPing.sendPingRequestToNode(UnicastZenPing.java:440)
	at org.elasticsearch.discovery.zen.ping.unicast.UnicastZenPing.sendPings(UnicastZenPing.java:426)
	at org.elasticsearch.discovery.zen.ping.unicast.UnicastZenPing$2.doRun(UnicastZenPing.java:249)
	at org.elasticsearch.common.util.concurrent.AbstractRunnable.run(AbstractRunnable.java:37)
	at java.util.concurrent.ThreadPoolExecutor.runWorker(ThreadPoolExecutor.java:1142)
	at java.util.concurrent.ThreadPoolExecutor$Worker.run(ThreadPoolExecutor.java:617)
	at java.lang.Thread.run(Thread.java:745)
Caused by: ConnectTransportException[[node_t0][127.0.0.1:30200] DISCONNECT: simulated]
	at org.elasticsearch.test.transport.MockTransportService$1.sendRequest(MockTransportService.java:162)
	at org.elasticsearch.test.transport.MockTransportService$LookupTestTransport.sendRequest(MockTransportService.java:423)
	at org.elasticsearch.transport.TransportService.sendRequest(TransportService.java:304)
	... 7 more
[2016-04-18 03:02:42,464][WARN ][org.elasticsearch.discovery.zen.ping.unicast] [node_t1] failed to send ping to [{#zen_unicast_3#}{127.0.0.1}{127.0.0.1:30202}]
SendRequestTransportException[[node_t2][127.0.0.1:30202][internal:discovery/zen/unicast]]; nested: ConnectTransportException[[node_t2][127.0.0.1:30202] DISCONNECT: simulated];
	at org.elasticsearch.transport.TransportService.sendRequest(TransportService.java:315)
	at org.elasticsearch.discovery.zen.ping.unicast.UnicastZenPing.sendPingRequestToNode(UnicastZenPing.java:440)
	at org.elasticsearch.discovery.zen.ping.unicast.UnicastZenPing.sendPings(UnicastZenPing.java:426)
	at org.elasticsearch.discovery.zen.ping.unicast.UnicastZenPing$2.doRun(UnicastZenPing.java:249)
	at org.elasticsearch.common.util.concurrent.AbstractRunnable.run(AbstractRunnable.java:37)
	at java.util.concurrent.ThreadPoolExecutor.runWorker(ThreadPoolExecutor.java:1142)
	at java.util.concurrent.ThreadPoolExecutor$Worker.run(ThreadPoolExecutor.java:617)
	at java.lang.Thread.run(Thread.java:745)
Caused by: ConnectTransportException[[node_t2][127.0.0.1:30202] DISCONNECT: simulated]
	at org.elasticsearch.test.transport.MockTransportService$1.sendRequest(MockTransportService.java:162)
	at org.elasticsearch.test.transport.MockTransportService$LookupTestTransport.sendRequest(MockTransportService.java:423)
	at org.elasticsearch.transport.TransportService.sendRequest(TransportService.java:304)
	... 7 more
[2016-04-18 03:02:43,968][WARN ][org.elasticsearch.discovery.zen.ping.unicast] [node_t1] failed to send ping to [{#zen_unicast_1#}{127.0.0.1}{127.0.0.1:30200}]
SendRequestTransportException[[node_t0][127.0.0.1:30200][internal:discovery/zen/unicast]]; nested: ConnectTransportException[[node_t0][127.0.0.1:30200] DISCONNECT: simulated];
	at org.elasticsearch.transport.TransportService.sendRequest(TransportService.java:315)
	at org.elasticsearch.discovery.zen.ping.unicast.UnicastZenPing.sendPingRequestToNode(UnicastZenPing.java:440)
	at org.elasticsearch.discovery.zen.ping.unicast.UnicastZenPing.sendPings(UnicastZenPing.java:426)
	at org.elasticsearch.discovery.zen.ping.unicast.UnicastZenPing$2$1.doRun(UnicastZenPing.java:253)
	at org.elasticsearch.common.util.concurrent.AbstractRunnable.run(AbstractRunnable.java:37)
	at java.util.concurrent.ThreadPoolExecutor.runWorker(ThreadPoolExecutor.java:1142)
	at java.util.concurrent.ThreadPoolExecutor$Worker.run(ThreadPoolExecutor.java:617)
	at java.lang.Thread.run(Thread.java:745)
Caused by: ConnectTransportException[[node_t0][127.0.0.1:30200] DISCONNECT: simulated]
	at org.elasticsearch.test.transport.MockTransportService$1.sendRequest(MockTransportService.java:162)
	at org.elasticsearch.test.transport.MockTransportService$LookupTestTransport.sendRequest(MockTransportService.java:423)
	at org.elasticsearch.transport.TransportService.sendRequest(TransportService.java:304)
	... 7 more
[2016-04-18 03:02:43,969][WARN ][org.elasticsearch.discovery.zen.ping.unicast] [node_t1] failed to send ping to [{#zen_unicast_1#}{127.0.0.1}{127.0.0.1:30200}]
SendRequestTransportException[[node_t0][127.0.0.1:30200][internal:discovery/zen/unicast]]; nested: ConnectTransportException[[node_t0][127.0.0.1:30200] DISCONNECT: simulated];
	at org.elasticsearch.transport.TransportService.sendRequest(TransportService.java:315)
	at org.elasticsearch.discovery.zen.ping.unicast.UnicastZenPing.sendPingRequestToNode(UnicastZenPing.java:440)
	at org.elasticsearch.discovery.zen.ping.unicast.UnicastZenPing.sendPings(UnicastZenPing.java:426)
	at org.elasticsearch.discovery.zen.ping.unicast.UnicastZenPing.ping(UnicastZenPing.java:240)
	at org.elasticsearch.discovery.zen.ping.ZenPingService.ping(ZenPingService.java:106)
	at org.elasticsearch.discovery.zen.ping.ZenPingService.pingAndWait(ZenPingService.java:84)
	at org.elasticsearch.discovery.zen.ZenDiscovery.findMaster(ZenDiscovery.java:888)
	at org.elasticsearch.discovery.zen.ZenDiscovery.innerJoinCluster(ZenDiscovery.java:394)
	at org.elasticsearch.discovery.zen.ZenDiscovery.access$4700(ZenDiscovery.java:90)
	at org.elasticsearch.discovery.zen.ZenDiscovery$JoinThreadControl$1.run(ZenDiscovery.java:1221)
	at java.util.concurrent.ThreadPoolExecutor.runWorker(ThreadPoolExecutor.java:1142)
	at java.util.concurrent.ThreadPoolExecutor$Worker.run(ThreadPoolExecutor.java:617)
	at java.lang.Thread.run(Thread.java:745)
Caused by: ConnectTransportException[[node_t0][127.0.0.1:30200] DISCONNECT: simulated]
	at org.elasticsearch.test.transport.MockTransportService$1.sendRequest(MockTransportService.java:162)
	at org.elasticsearch.test.transport.MockTransportService$LookupTestTransport.sendRequest(MockTransportService.java:423)
	at org.elasticsearch.transport.TransportService.sendRequest(TransportService.java:304)
	... 12 more
[2016-04-18 03:02:43,969][WARN ][org.elasticsearch.discovery.zen.ping.unicast] [node_t1] failed to send ping to [{node_t2}{hLoUCkM9SBq9OIqyhuBtTw}{127.0.0.1}{127.0.0.1:30202}[mode=>network]]
SendRequestTransportException[[node_t2][127.0.0.1:30202][internal:discovery/zen/unicast]]; nested: ConnectTransportException[[node_t2][127.0.0.1:30202] DISCONNECT: simulated];
	at org.elasticsearch.transport.TransportService.sendRequest(TransportService.java:315)
	at org.elasticsearch.discovery.zen.ping.unicast.UnicastZenPing.sendPingRequestToNode(UnicastZenPing.java:440)
	at org.elasticsearch.discovery.zen.ping.unicast.UnicastZenPing.sendPings(UnicastZenPing.java:426)
	at org.elasticsearch.discovery.zen.ping.unicast.UnicastZenPing$2$1.doRun(UnicastZenPing.java:253)
	at org.elasticsearch.common.util.concurrent.AbstractRunnable.run(AbstractRunnable.java:37)
	at java.util.concurrent.ThreadPoolExecutor.runWorker(ThreadPoolExecutor.java:1142)
	at java.util.concurrent.ThreadPoolExecutor$Worker.run(ThreadPoolExecutor.java:617)
	at java.lang.Thread.run(Thread.java:745)
Caused by: ConnectTransportException[[node_t2][127.0.0.1:30202] DISCONNECT: simulated]
	at org.elasticsearch.test.transport.MockTransportService$1.sendRequest(MockTransportService.java:162)
	at org.elasticsearch.test.transport.MockTransportService$LookupTestTransport.sendRequest(MockTransportService.java:423)
	at org.elasticsearch.transport.TransportService.sendRequest(TransportService.java:304)
	... 7 more
[2016-04-18 03:02:43,969][WARN ][org.elasticsearch.discovery.zen.ping.unicast] [node_t1] failed to send ping to [{node_t0}{8hfVAYjjQFm7NIvVg4AVew}{127.0.0.1}{127.0.0.1:30200}[mode=>network]]
SendRequestTransportException[[node_t0][127.0.0.1:30200][internal:discovery/zen/unicast]]; nested: ConnectTransportException[[node_t0][127.0.0.1:30200] DISCONNECT: simulated];
	at org.elasticsearch.transport.TransportService.sendRequest(TransportService.java:315)
	at org.elasticsearch.discovery.zen.ping.unicast.UnicastZenPing.sendPingRequestToNode(UnicastZenPing.java:440)
	at org.elasticsearch.discovery.zen.ping.unicast.UnicastZenPing.sendPings(UnicastZenPing.java:426)
	at org.elasticsearch.discovery.zen.ping.unicast.UnicastZenPing$2$1.doRun(UnicastZenPing.java:253)
	at org.elasticsearch.common.util.concurrent.AbstractRunnable.run(AbstractRunnable.java:37)
	at java.util.concurrent.ThreadPoolExecutor.runWorker(ThreadPoolExecutor.java:1142)
	at java.util.concurrent.ThreadPoolExecutor$Worker.run(ThreadPoolExecutor.java:617)
	at java.lang.Thread.run(Thread.java:745)
Caused by: ConnectTransportException[[node_t0][127.0.0.1:30200] DISCONNECT: simulated]
	at org.elasticsearch.test.transport.MockTransportService$1.sendRequest(MockTransportService.java:162)
	at org.elasticsearch.test.transport.MockTransportService$LookupTestTransport.sendRequest(MockTransportService.java:423)
	at org.elasticsearch.transport.TransportService.sendRequest(TransportService.java:304)
	... 7 more
[2016-04-18 03:02:43,968][WARN ][org.elasticsearch.discovery.zen.ping.unicast] [node_t1] failed to send ping to [{#zen_unicast_3#}{127.0.0.1}{127.0.0.1:30202}]
SendRequestTransportException[[node_t2][127.0.0.1:30202][internal:discovery/zen/unicast]]; nested: ConnectTransportException[[node_t2][127.0.0.1:30202] DISCONNECT: simulated];
	at org.elasticsearch.transport.TransportService.sendRequest(TransportService.java:315)
	at org.elasticsearch.discovery.zen.ping.unicast.UnicastZenPing.sendPingRequestToNode(UnicastZenPing.java:440)
	at org.elasticsearch.discovery.zen.ping.unicast.UnicastZenPing.sendPings(UnicastZenPing.java:426)
	at org.elasticsearch.discovery.zen.ping.unicast.UnicastZenPing$2$1.doRun(UnicastZenPing.java:253)
	at org.elasticsearch.common.util.concurrent.AbstractRunnable.run(AbstractRunnable.java:37)
	at java.util.concurrent.ThreadPoolExecutor.runWorker(ThreadPoolExecutor.java:1142)
	at java.util.concurrent.ThreadPoolExecutor$Worker.run(ThreadPoolExecutor.java:617)
	at java.lang.Thread.run(Thread.java:745)
Caused by: ConnectTransportException[[node_t2][127.0.0.1:30202] DISCONNECT: simulated]
	at org.elasticsearch.test.transport.MockTransportService$1.sendRequest(MockTransportService.java:162)
	at org.elasticsearch.test.transport.MockTransportService$LookupTestTransport.sendRequest(MockTransportService.java:423)
	at org.elasticsearch.transport.TransportService.sendRequest(TransportService.java:304)
	... 7 more
[2016-04-18 03:02:43,970][WARN ][org.elasticsearch.discovery.zen.ping.unicast] [node_t1] failed to send ping to [{node_t2}{hLoUCkM9SBq9OIqyhuBtTw}{127.0.0.1}{127.0.0.1:30202}[mode=>network]]
SendRequestTransportException[[node_t2][127.0.0.1:30202][internal:discovery/zen/unicast]]; nested: ConnectTransportException[[node_t2][127.0.0.1:30202] DISCONNECT: simulated];
	at org.elasticsearch.transport.TransportService.sendRequest(TransportService.java:315)
	at org.elasticsearch.discovery.zen.ping.unicast.UnicastZenPing.sendPingRequestToNode(UnicastZenPing.java:440)
	at org.elasticsearch.discovery.zen.ping.unicast.UnicastZenPing.sendPings(UnicastZenPing.java:426)
	at org.elasticsearch.discovery.zen.ping.unicast.UnicastZenPing.ping(UnicastZenPing.java:240)
	at org.elasticsearch.discovery.zen.ping.ZenPingService.ping(ZenPingService.java:106)
	at org.elasticsearch.discovery.zen.ping.ZenPingService.pingAndWait(ZenPingService.java:84)
	at org.elasticsearch.discovery.zen.ZenDiscovery.findMaster(ZenDiscovery.java:888)
	at org.elasticsearch.discovery.zen.ZenDiscovery.innerJoinCluster(ZenDiscovery.java:394)
	at org.elasticsearch.discovery.zen.ZenDiscovery.access$4700(ZenDiscovery.java:90)
	at org.elasticsearch.discovery.zen.ZenDiscovery$JoinThreadControl$1.run(ZenDiscovery.java:1221)
	at java.util.concurrent.ThreadPoolExecutor.runWorker(ThreadPoolExecutor.java:1142)
	at java.util.concurrent.ThreadPoolExecutor$Worker.run(ThreadPoolExecutor.java:617)
	at java.lang.Thread.run(Thread.java:745)
Caused by: ConnectTransportException[[node_t2][127.0.0.1:30202] DISCONNECT: simulated]
	at org.elasticsearch.test.transport.MockTransportService$1.sendRequest(MockTransportService.java:162)
	at org.elasticsearch.test.transport.MockTransportService$LookupTestTransport.sendRequest(MockTransportService.java:423)
	at org.elasticsearch.transport.TransportService.sendRequest(TransportService.java:304)
	... 12 more
[2016-04-18 03:02:43,970][WARN ][org.elasticsearch.discovery.zen.ping.unicast] [node_t1] failed to send ping to [{node_t0}{8hfVAYjjQFm7NIvVg4AVew}{127.0.0.1}{127.0.0.1:30200}[mode=>network]]
SendRequestTransportException[[node_t0][127.0.0.1:30200][internal:discovery/zen/unicast]]; nested: ConnectTransportException[[node_t0][127.0.0.1:30200] DISCONNECT: simulated];
	at org.elasticsearch.transport.TransportService.sendRequest(TransportService.java:315)
	at org.elasticsearch.discovery.zen.ping.unicast.UnicastZenPing.sendPingRequestToNode(UnicastZenPing.java:440)
	at org.elasticsearch.discovery.zen.ping.unicast.UnicastZenPing.sendPings(UnicastZenPing.java:426)
	at org.elasticsearch.discovery.zen.ping.unicast.UnicastZenPing.ping(UnicastZenPing.java:240)
	at org.elasticsearch.discovery.zen.ping.ZenPingService.ping(ZenPingService.java:106)
	at org.elasticsearch.discovery.zen.ping.ZenPingService.pingAndWait(ZenPingService.java:84)
	at org.elasticsearch.discovery.zen.ZenDiscovery.findMaster(ZenDiscovery.java:888)
	at org.elasticsearch.discovery.zen.ZenDiscovery.innerJoinCluster(ZenDiscovery.java:394)
	at org.elasticsearch.discovery.zen.ZenDiscovery.access$4700(ZenDiscovery.java:90)
	at org.elasticsearch.discovery.zen.ZenDiscovery$JoinThreadControl$1.run(ZenDiscovery.java:1221)
	at java.util.concurrent.ThreadPoolExecutor.runWorker(ThreadPoolExecutor.java:1142)
	at java.util.concurrent.ThreadPoolExecutor$Worker.run(ThreadPoolExecutor.java:617)
	at java.lang.Thread.run(Thread.java:745)
Caused by: ConnectTransportException[[node_t0][127.0.0.1:30200] DISCONNECT: simulated]
	at org.elasticsearch.test.transport.MockTransportService$1.sendRequest(MockTransportService.java:162)
	at org.elasticsearch.test.transport.MockTransportService$LookupTestTransport.sendRequest(MockTransportService.java:423)
	at org.elasticsearch.transport.TransportService.sendRequest(TransportService.java:304)
	... 12 more
[2016-04-18 03:02:43,970][WARN ][org.elasticsearch.discovery.zen.ping.unicast] [node_t1] failed to send ping to [{#zen_unicast_3#}{127.0.0.1}{127.0.0.1:30202}]
SendRequestTransportException[[node_t2][127.0.0.1:30202][internal:discovery/zen/unicast]]; nested: ConnectTransportException[[node_t2][127.0.0.1:30202] DISCONNECT: simulated];
	at org.elasticsearch.transport.TransportService.sendRequest(TransportService.java:315)
	at org.elasticsearch.discovery.zen.ping.unicast.UnicastZenPing.sendPingRequestToNode(UnicastZenPing.java:440)
	at org.elasticsearch.discovery.zen.ping.unicast.UnicastZenPing.sendPings(UnicastZenPing.java:426)
	at org.elasticsearch.discovery.zen.ping.unicast.UnicastZenPing.ping(UnicastZenPing.java:240)
	at org.elasticsearch.discovery.zen.ping.ZenPingService.ping(ZenPingService.java:106)
	at org.elasticsearch.discovery.zen.ping.ZenPingService.pingAndWait(ZenPingService.java:84)
	at org.elasticsearch.discovery.zen.ZenDiscovery.findMaster(ZenDiscovery.java:888)
	at org.elasticsearch.discovery.zen.ZenDiscovery.innerJoinCluster(ZenDiscovery.java:394)
	at org.elasticsearch.discovery.zen.ZenDiscovery.access$4700(ZenDiscovery.java:90)
	at org.elasticsearch.discovery.zen.ZenDiscovery$JoinThreadControl$1.run(ZenDiscovery.java:1221)
	at java.util.concurrent.ThreadPoolExecutor.runWorker(ThreadPoolExecutor.java:1142)
	at java.util.concurrent.ThreadPoolExecutor$Worker.run(ThreadPoolExecutor.java:617)
	at java.lang.Thread.run(Thread.java:745)
Caused by: ConnectTransportException[[node_t2][127.0.0.1:30202] DISCONNECT: simulated]
	at org.elasticsearch.test.transport.MockTransportService$1.sendRequest(MockTransportService.java:162)
	at org.elasticsearch.test.transport.MockTransportService$LookupTestTransport.sendRequest(MockTransportService.java:423)
	at org.elasticsearch.transport.TransportService.sendRequest(TransportService.java:304)
	... 12 more
[2016-04-18 03:02:43,990][WARN ][org.elasticsearch.cluster.action.shard] [node_t0] [test][2] received shard failed for [test][2], node[hLoUCkM9SBq9OIqyhuBtTw], [P], v[4], s[STARTED], a[id=ZcbZLVkGSRCwYvwjCCdBBg], indexUUID [bnGDA2a9QxixC7-t-ZxnHw], message [simulated], failure [CorruptIndexException[simulated (resource=null)]]
org.apache.lucene.index.CorruptIndexException: simulated (resource=null)
	at org.elasticsearch.discovery.DiscoveryWithServiceDisruptionsIT.testSendingShardFailure(DiscoveryWithServiceDisruptionsIT.java:917)
	at sun.reflect.NativeMethodAccessorImpl.invoke0(Native Method)
	at sun.reflect.NativeMethodAccessorImpl.invoke(NativeMethodAccessorImpl.java:62)
	at sun.reflect.DelegatingMethodAccessorImpl.invoke(DelegatingMethodAccessorImpl.java:43)
	at java.lang.reflect.Method.invoke(Method.java:497)
	at com.carrotsearch.randomizedtesting.RandomizedRunner.invoke(RandomizedRunner.java:1764)
	at com.carrotsearch.randomizedtesting.RandomizedRunner$8.evaluate(RandomizedRunner.java:871)
	at com.carrotsearch.randomizedtesting.RandomizedRunner$9.evaluate(RandomizedRunner.java:907)
	at com.carrotsearch.randomizedtesting.RandomizedRunner$10.evaluate(RandomizedRunner.java:921)
	at com.carrotsearch.randomizedtesting.rules.StatementAdapter.evaluate(StatementAdapter.java:36)
	at org.apache.lucene.util.TestRuleSetupTeardownChained$1.evaluate(TestRuleSetupTeardownChained.java:50)
	at org.apache.lucene.util.AbstractBeforeAfterRule$1.evaluate(AbstractBeforeAfterRule.java:46)
	at org.apache.lucene.util.TestRuleThreadAndTestName$1.evaluate(TestRuleThreadAndTestName.java:49)
	at org.apache.lucene.util.TestRuleIgnoreAfterMaxFailures$1.evaluate(TestRuleIgnoreAfterMaxFailures.java:65)
	at org.apache.lucene.util.TestRuleMarkFailure$1.evaluate(TestRuleMarkFailure.java:48)
	at com.carrotsearch.randomizedtesting.rules.StatementAdapter.evaluate(StatementAdapter.java:36)
	at com.carrotsearch.randomizedtesting.ThreadLeakControl$StatementRunner.run(ThreadLeakControl.java:367)
	at com.carrotsearch.randomizedtesting.ThreadLeakControl.forkTimeoutingTask(ThreadLeakControl.java:809)
	at com.carrotsearch.randomizedtesting.ThreadLeakControl$3.evaluate(ThreadLeakControl.java:460)
	at com.carrotsearch.randomizedtesting.RandomizedRunner.runSingleTest(RandomizedRunner.java:880)
	at com.carrotsearch.randomizedtesting.RandomizedRunner$5.evaluate(RandomizedRunner.java:781)
	at com.carrotsearch.randomizedtesting.RandomizedRunner$6.evaluate(RandomizedRunner.java:816)
	at com.carrotsearch.randomizedtesting.RandomizedRunner$7.evaluate(RandomizedRunner.java:827)
	at org.apache.lucene.util.AbstractBeforeAfterRule$1.evaluate(AbstractBeforeAfterRule.java:46)
	at com.carrotsearch.randomizedtesting.rules.StatementAdapter.evaluate(StatementAdapter.java:36)
	at org.apache.lucene.util.TestRuleStoreClassName$1.evaluate(TestRuleStoreClassName.java:42)
	at com.carrotsearch.randomizedtesting.rules.NoShadowingOrOverridesOnMethodsRule$1.evaluate(NoShadowingOrOverridesOnMethodsRule.java:40)
	at com.carrotsearch.randomizedtesting.rules.NoShadowingOrOverridesOnMethodsRule$1.evaluate(NoShadowingOrOverridesOnMethodsRule.java:40)
	at com.carrotsearch.randomizedtesting.rules.StatementAdapter.evaluate(StatementAdapter.java:36)
	at com.carrotsearch.randomizedtesting.rules.StatementAdapter.evaluate(StatementAdapter.java:36)
	at com.carrotsearch.randomizedtesting.rules.StatementAdapter.evaluate(StatementAdapter.java:36)
	at org.apache.lucene.util.TestRuleAssertionsRequired$1.evaluate(TestRuleAssertionsRequired.java:54)
	at org.apache.lucene.util.TestRuleMarkFailure$1.evaluate(TestRuleMarkFailure.java:48)
	at org.apache.lucene.util.TestRuleIgnoreAfterMaxFailures$1.evaluate(TestRuleIgnoreAfterMaxFailures.java:65)
	at org.apache.lucene.util.TestRuleIgnoreTestSuites$1.evaluate(TestRuleIgnoreTestSuites.java:55)
	at com.carrotsearch.randomizedtesting.rules.StatementAdapter.evaluate(StatementAdapter.java:36)
	at com.carrotsearch.randomizedtesting.ThreadLeakControl$StatementRunner.run(ThreadLeakControl.java:367)
	at java.lang.Thread.run(Thread.java:745)
[2016-04-18 03:02:47,188][WARN ][org.elasticsearch.discovery.zen] [node_t2] master left (reason = shut_down), current nodes: {{node_t2}{hLoUCkM9SBq9OIqyhuBtTw}{127.0.0.1}{127.0.0.1:30202}[mode=>network],{node_t1}{0NWyTLZ0QDyVZRDou-b_DQ}{127.0.0.1}{127.0.0.1:30201}[mode=>network],}
[2016-04-18 03:02:47,188][WARN ][org.elasticsearch.discovery.zen] [node_t1] master left (reason = shut_down), current nodes: {{node_t2}{hLoUCkM9SBq9OIqyhuBtTw}{127.0.0.1}{127.0.0.1:30202}[mode=>network],{node_t1}{0NWyTLZ0QDyVZRDou-b_DQ}{127.0.0.1}{127.0.0.1:30201}[mode=>network],}
[2016-04-18 03:02:47,192][WARN ][org.elasticsearch.discovery.zen.ping.unicast] [node_t1] failed to send ping to [{#zen_unicast_1#}{127.0.0.1}{127.0.0.1:30200}]
RemoteTransportException[[node_t0][127.0.0.1:30200][internal:discovery/zen/unicast]]; nested: IllegalStateException[received ping request while not started];
Caused by: java.lang.IllegalStateException: received ping request while not started
	at org.elasticsearch.discovery.zen.ping.unicast.UnicastZenPing.handlePingRequest(UnicastZenPing.java:497)
	at org.elasticsearch.discovery.zen.ping.unicast.UnicastZenPing.access$2400(UnicastZenPing.java:83)
	at org.elasticsearch.discovery.zen.ping.unicast.UnicastZenPing$UnicastPingRequestHandler.messageReceived(UnicastZenPing.java:522)
	at org.elasticsearch.discovery.zen.ping.unicast.UnicastZenPing$UnicastPingRequestHandler.messageReceived(UnicastZenPing.java:518)
	at org.elasticsearch.transport.TransportRequestHandler.messageReceived(TransportRequestHandler.java:33)
	at org.elasticsearch.transport.RequestHandlerRegistry.processMessageReceived(RequestHandlerRegistry.java:65)
	at org.elasticsearch.transport.netty.MessageChannelHandler.handleRequest(MessageChannelHandler.java:258)
	at org.elasticsearch.transport.netty.MessageChannelHandler.messageReceived(MessageChannelHandler.java:128)
	at org.jboss.netty.channel.SimpleChannelUpstreamHandler.handleUpstream(SimpleChannelUpstreamHandler.java:70)
	at org.jboss.netty.channel.DefaultChannelPipeline.sendUpstream(DefaultChannelPipeline.java:564)
	at org.jboss.netty.channel.DefaultChannelPipeline$DefaultChannelHandlerContext.sendUpstream(DefaultChannelPipeline.java:791)
	at org.jboss.netty.channel.Channels.fireMessageReceived(Channels.java:296)
	at org.jboss.netty.handler.codec.frame.FrameDecoder.unfoldAndFireMessageReceived(FrameDecoder.java:462)
	at org.jboss.netty.handler.codec.frame.FrameDecoder.callDecode(FrameDecoder.java:443)
	at org.jboss.netty.handler.codec.frame.FrameDecoder.messageReceived(FrameDecoder.java:303)
	at org.jboss.netty.channel.SimpleChannelUpstreamHandler.handleUpstream(SimpleChannelUpstreamHandler.java:70)
	at org.jboss.netty.channel.DefaultChannelPipeline.sendUpstream(DefaultChannelPipeline.java:564)
	at org.jboss.netty.channel.DefaultChannelPipeline$DefaultChannelHandlerContext.sendUpstream(DefaultChannelPipeline.java:791)
	at org.elasticsearch.common.netty.OpenChannelsHandler.handleUpstream(OpenChannelsHandler.java:83)
	at org.jboss.netty.channel.DefaultChannelPipeline.sendUpstream(DefaultChannelPipeline.java:564)
	at org.jboss.netty.channel.DefaultChannelPipeline.sendUpstream(DefaultChannelPipeline.java:559)
	at org.jboss.netty.channel.Channels.fireMessageReceived(Channels.java:268)
	at org.jboss.netty.channel.Channels.fireMessageReceived(Channels.java:255)
	at org.jboss.netty.channel.socket.nio.NioWorker.read(NioWorker.java:88)
	at org.jboss.netty.channel.socket.nio.AbstractNioWorker.process(AbstractNioWorker.java:108)
	at org.jboss.netty.channel.socket.nio.AbstractNioSelector.run(AbstractNioSelector.java:337)
	at org.jboss.netty.channel.socket.nio.AbstractNioWorker.run(AbstractNioWorker.java:89)
	at org.jboss.netty.channel.socket.nio.NioWorker.run(NioWorker.java:178)
	at org.jboss.netty.util.ThreadRenamingRunnable.run(ThreadRenamingRunnable.java:108)
	at org.jboss.netty.util.internal.DeadLockProofWorker$1.run(DeadLockProofWorker.java:42)
	at java.util.concurrent.ThreadPoolExecutor.runWorker(ThreadPoolExecutor.java:1142)
	at java.util.concurrent.ThreadPoolExecutor$Worker.run(ThreadPoolExecutor.java:617)
	at java.lang.Thread.run(Thread.java:745)
[2016-04-18 03:02:50,382][WARN ][org.elasticsearch.discovery.zen] [node_t1] master left (reason = shut_down), current nodes: {{node_t3}{_2rz7yU9RwO3WAyjo7RkgA}{127.0.0.1}{127.0.0.1:30206}[mode=>network],{node_t0}{dLW_pIz-TO-uUWzadWL9JQ}{127.0.0.1}{127.0.0.1:30203}[mode=>network],{node_t1}{fGao1VLZQtqnKi4N3PSzPQ}{127.0.0.1}{127.0.0.1:30204}[mode=>network],}
[2016-04-18 03:02:50,382][WARN ][org.elasticsearch.discovery.zen] [node_t0] master left (reason = shut_down), current nodes: {{node_t3}{_2rz7yU9RwO3WAyjo7RkgA}{127.0.0.1}{127.0.0.1:30206}[mode=>network],{node_t0}{dLW_pIz-TO-uUWzadWL9JQ}{127.0.0.1}{127.0.0.1:30203}[mode=>network],{node_t1}{fGao1VLZQtqnKi4N3PSzPQ}{127.0.0.1}{127.0.0.1:30204}[mode=>network],}
[2016-04-18 03:02:50,382][WARN ][org.elasticsearch.discovery.zen] [node_t3] master left (reason = shut_down), current nodes: {{node_t3}{_2rz7yU9RwO3WAyjo7RkgA}{127.0.0.1}{127.0.0.1:30206}[mode=>network],{node_t0}{dLW_pIz-TO-uUWzadWL9JQ}{127.0.0.1}{127.0.0.1:30203}[mode=>network],{node_t1}{fGao1VLZQtqnKi4N3PSzPQ}{127.0.0.1}{127.0.0.1:30204}[mode=>network],}
[2016-04-18 03:02:55,397][WARN ][org.elasticsearch.discovery.zen] [node_t1] master left (reason = failed to ping, tried [1] times, each with  maximum [1s] timeout), current nodes: {{node_t0}{dLW_pIz-TO-uUWzadWL9JQ}{127.0.0.1}{127.0.0.1:30203}[mode=>network],{node_t1}{fGao1VLZQtqnKi4N3PSzPQ}{127.0.0.1}{127.0.0.1:30204}[mode=>network],}
[2016-04-18 03:02:58,419][WARN ][org.elasticsearch.discovery.zen] [node_t3] not enough master nodes, current nodes: {{node_t3}{_2rz7yU9RwO3WAyjo7RkgA}{127.0.0.1}{127.0.0.1:30206}[mode=>network],}
[2016-04-18 03:03:04,541][WARN ][org.elasticsearch.discovery.zen] [node_t1] master left (reason = transport disconnected), current nodes: {{node_t1}{DCrBdJ6bReKq40TQ_9qXhg}{127.0.0.1}{127.0.0.1:30208}[mode=>network, master=>false],}
[2016-04-18 03:03:07,636][WARN ][org.elasticsearch.discovery.zen] [node_t1] master left (reason = transport disconnected), current nodes: {{node_t1}{DCrBdJ6bReKq40TQ_9qXhg}{127.0.0.1}{127.0.0.1:30208}[mode=>network, master=>false],}
[2016-04-18 03:03:11,733][WARN ][org.elasticsearch.discovery.zen] [node_t1] master left (reason = transport disconnected), current nodes: {{node_t0}{aTjIJkaqTbCo-t-cKf5WpQ}{127.0.0.1}{127.0.0.1:30209}[mode=>network],{node_t1}{aD3pBKg4RsquZnCo8CEZQg}{127.0.0.1}{127.0.0.1:30210}[mode=>network],}
[2016-04-18 03:03:11,734][WARN ][org.elasticsearch.discovery.zen.ping.unicast] [node_t1] failed to send ping to [{#zen_unicast_1#}{127.0.0.1}{127.0.0.1:30209}]
SendRequestTransportException[[node_t0][127.0.0.1:30209][internal:discovery/zen/unicast]]; nested: ConnectTransportException[[node_t0][127.0.0.1:30209] DISCONNECT: simulated];
	at org.elasticsearch.transport.TransportService.sendRequest(TransportService.java:315)
	at org.elasticsearch.discovery.zen.ping.unicast.UnicastZenPing.sendPingRequestToNode(UnicastZenPing.java:440)
	at org.elasticsearch.discovery.zen.ping.unicast.UnicastZenPing.sendPings(UnicastZenPing.java:426)
	at org.elasticsearch.discovery.zen.ping.unicast.UnicastZenPing.ping(UnicastZenPing.java:240)
	at org.elasticsearch.discovery.zen.ping.ZenPingService.ping(ZenPingService.java:106)
	at org.elasticsearch.discovery.zen.ping.ZenPingService.pingAndWait(ZenPingService.java:84)
	at org.elasticsearch.discovery.zen.ZenDiscovery.findMaster(ZenDiscovery.java:888)
	at org.elasticsearch.discovery.zen.ZenDiscovery.innerJoinCluster(ZenDiscovery.java:394)
	at org.elasticsearch.discovery.zen.ZenDiscovery.access$4700(ZenDiscovery.java:90)
	at org.elasticsearch.discovery.zen.ZenDiscovery$JoinThreadControl$1.run(ZenDiscovery.java:1221)
	at java.util.concurrent.ThreadPoolExecutor.runWorker(ThreadPoolExecutor.java:1142)
	at java.util.concurrent.ThreadPoolExecutor$Worker.run(ThreadPoolExecutor.java:617)
	at java.lang.Thread.run(Thread.java:745)
Caused by: ConnectTransportException[[node_t0][127.0.0.1:30209] DISCONNECT: simulated]
	at org.elasticsearch.test.transport.MockTransportService$1.sendRequest(MockTransportService.java:162)
	at org.elasticsearch.test.transport.MockTransportService$LookupTestTransport.sendRequest(MockTransportService.java:423)
	at org.elasticsearch.transport.TransportService.sendRequest(TransportService.java:304)
	... 12 more
[2016-04-18 03:03:11,734][WARN ][org.elasticsearch.discovery.zen.ping.unicast] [node_t1] failed to send ping to [{node_t0}{aTjIJkaqTbCo-t-cKf5WpQ}{127.0.0.1}{127.0.0.1:30209}[mode=>network]]
SendRequestTransportException[[node_t0][127.0.0.1:30209][internal:discovery/zen/unicast]]; nested: ConnectTransportException[[node_t0][127.0.0.1:30209] DISCONNECT: simulated];
	at org.elasticsearch.transport.TransportService.sendRequest(TransportService.java:315)
	at org.elasticsearch.discovery.zen.ping.unicast.UnicastZenPing.sendPingRequestToNode(UnicastZenPing.java:440)
	at org.elasticsearch.discovery.zen.ping.unicast.UnicastZenPing.sendPings(UnicastZenPing.java:426)
	at org.elasticsearch.discovery.zen.ping.unicast.UnicastZenPing.ping(UnicastZenPing.java:240)
	at org.elasticsearch.discovery.zen.ping.ZenPingService.ping(ZenPingService.java:106)
	at org.elasticsearch.discovery.zen.ping.ZenPingService.pingAndWait(ZenPingService.java:84)
	at org.elasticsearch.discovery.zen.ZenDiscovery.findMaster(ZenDiscovery.java:888)
	at org.elasticsearch.discovery.zen.ZenDiscovery.innerJoinCluster(ZenDiscovery.java:394)
	at org.elasticsearch.discovery.zen.ZenDiscovery.access$4700(ZenDiscovery.java:90)
	at org.elasticsearch.discovery.zen.ZenDiscovery$JoinThreadControl$1.run(ZenDiscovery.java:1221)
	at java.util.concurrent.ThreadPoolExecutor.runWorker(ThreadPoolExecutor.java:1142)
	at java.util.concurrent.ThreadPoolExecutor$Worker.run(ThreadPoolExecutor.java:617)
	at java.lang.Thread.run(Thread.java:745)
Caused by: ConnectTransportException[[node_t0][127.0.0.1:30209] DISCONNECT: simulated]
	at org.elasticsearch.test.transport.MockTransportService$1.sendRequest(MockTransportService.java:162)
	at org.elasticsearch.test.transport.MockTransportService$LookupTestTransport.sendRequest(MockTransportService.java:423)
	at org.elasticsearch.transport.TransportService.sendRequest(TransportService.java:304)
	... 12 more
[2016-04-18 03:03:15,745][WARN ][org.elasticsearch.discovery.zen] [node_t1] master left (reason = transport disconnected), current nodes: {{node_t0}{aTjIJkaqTbCo-t-cKf5WpQ}{127.0.0.1}{127.0.0.1:30209}[mode=>network],{node_t1}{aD3pBKg4RsquZnCo8CEZQg}{127.0.0.1}{127.0.0.1:30210}[mode=>network],}
[2016-04-18 03:03:15,745][WARN ][org.elasticsearch.discovery.zen.ping.unicast] [node_t1] failed to send ping to [{#zen_unicast_1#}{127.0.0.1}{127.0.0.1:30209}]
SendRequestTransportException[[node_t0][127.0.0.1:30209][internal:discovery/zen/unicast]]; nested: ConnectTransportException[[node_t0][127.0.0.1:30209] DISCONNECT: simulated];
	at org.elasticsearch.transport.TransportService.sendRequest(TransportService.java:315)
	at org.elasticsearch.discovery.zen.ping.unicast.UnicastZenPing.sendPingRequestToNode(UnicastZenPing.java:440)
	at org.elasticsearch.discovery.zen.ping.unicast.UnicastZenPing.sendPings(UnicastZenPing.java:426)
	at org.elasticsearch.discovery.zen.ping.unicast.UnicastZenPing.ping(UnicastZenPing.java:240)
	at org.elasticsearch.discovery.zen.ping.ZenPingService.ping(ZenPingService.java:106)
	at org.elasticsearch.discovery.zen.ping.ZenPingService.pingAndWait(ZenPingService.java:84)
	at org.elasticsearch.discovery.zen.ZenDiscovery.findMaster(ZenDiscovery.java:888)
	at org.elasticsearch.discovery.zen.ZenDiscovery.innerJoinCluster(ZenDiscovery.java:394)
	at org.elasticsearch.discovery.zen.ZenDiscovery.access$4700(ZenDiscovery.java:90)
	at org.elasticsearch.discovery.zen.ZenDiscovery$JoinThreadControl$1.run(ZenDiscovery.java:1221)
	at java.util.concurrent.ThreadPoolExecutor.runWorker(ThreadPoolExecutor.java:1142)
	at java.util.concurrent.ThreadPoolExecutor$Worker.run(ThreadPoolExecutor.java:617)
	at java.lang.Thread.run(Thread.java:745)
Caused by: ConnectTransportException[[node_t0][127.0.0.1:30209] DISCONNECT: simulated]
	at org.elasticsearch.test.transport.MockTransportService$1.sendRequest(MockTransportService.java:162)
	at org.elasticsearch.test.transport.MockTransportService$LookupTestTransport.sendRequest(MockTransportService.java:423)
	at org.elasticsearch.transport.TransportService.sendRequest(TransportService.java:304)
	... 12 more
[2016-04-18 03:03:15,757][WARN ][org.elasticsearch.discovery.zen.ping.unicast] [node_t1] failed to send ping to [{node_t0}{aTjIJkaqTbCo-t-cKf5WpQ}{127.0.0.1}{127.0.0.1:30209}[mode=>network]]
SendRequestTransportException[[node_t0][127.0.0.1:30209][internal:discovery/zen/unicast]]; nested: ConnectTransportException[[node_t0][127.0.0.1:30209] DISCONNECT: simulated];
	at org.elasticsearch.transport.TransportService.sendRequest(TransportService.java:315)
	at org.elasticsearch.discovery.zen.ping.unicast.UnicastZenPing.sendPingRequestToNode(UnicastZenPing.java:440)
	at org.elasticsearch.discovery.zen.ping.unicast.UnicastZenPing.sendPings(UnicastZenPing.java:426)
	at org.elasticsearch.discovery.zen.ping.unicast.UnicastZenPing.ping(UnicastZenPing.java:240)
	at org.elasticsearch.discovery.zen.ping.ZenPingService.ping(ZenPingService.java:106)
	at org.elasticsearch.discovery.zen.ping.ZenPingService.pingAndWait(ZenPingService.java:84)
	at org.elasticsearch.discovery.zen.ZenDiscovery.findMaster(ZenDiscovery.java:888)
	at org.elasticsearch.discovery.zen.ZenDiscovery.innerJoinCluster(ZenDiscovery.java:394)
	at org.elasticsearch.discovery.zen.ZenDiscovery.access$4700(ZenDiscovery.java:90)
	at org.elasticsearch.discovery.zen.ZenDiscovery$JoinThreadControl$1.run(ZenDiscovery.java:1221)
	at java.util.concurrent.ThreadPoolExecutor.runWorker(ThreadPoolExecutor.java:1142)
	at java.util.concurrent.ThreadPoolExecutor$Worker.run(ThreadPoolExecutor.java:617)
	at java.lang.Thread.run(Thread.java:745)
Caused by: ConnectTransportException[[node_t0][127.0.0.1:30209] DISCONNECT: simulated]
	at org.elasticsearch.test.transport.MockTransportService$1.sendRequest(MockTransportService.java:162)
	at org.elasticsearch.test.transport.MockTransportService$LookupTestTransport.sendRequest(MockTransportService.java:423)
	at org.elasticsearch.transport.TransportService.sendRequest(TransportService.java:304)
	... 12 more
[2016-04-18 03:03:18,822][WARN ][org.elasticsearch.discovery.zen] [node_t2] not enough master nodes, current nodes: {{node_t2}{AgYpcoEkTECqMvBOWHa68Q}{127.0.0.1}{127.0.0.1:30211}[mode=>network],}
[2016-04-18 03:03:18,872][WARN ][org.elasticsearch.discovery] [node_t0] waited for 1ms and no initial state was set by the discovery
[2016-04-18 03:03:18,901][WARN ][org.elasticsearch.discovery] [node_t1] waited for 1ms and no initial state was set by the discovery
[2016-04-18 03:03:18,955][WARN ][org.elasticsearch.discovery] [node_t2] waited for 1ms and no initial state was set by the discovery
[2016-04-18 03:03:25,110][WARN ][org.elasticsearch.discovery.zen] [node_t2] master left (reason = failed to ping, tried [1] times, each with  maximum [1s] timeout), current nodes: {{node_t1}{Qao_8YkvRaGvfZkJ5-X7Xw}{127.0.0.1}{127.0.0.1:30213}[mode=>network],{node_t2}{D49mS3uyQ8iFlIuu5E2EkQ}{127.0.0.1}{127.0.0.1:30214}[mode=>network],}
[2016-04-18 03:03:26,487][WARN ][org.elasticsearch.discovery.zen] [node_t1] master left (reason = shut_down), current nodes: {{node_t1}{Qao_8YkvRaGvfZkJ5-X7Xw}{127.0.0.1}{127.0.0.1:30213}[mode=>network],{node_t2}{D49mS3uyQ8iFlIuu5E2EkQ}{127.0.0.1}{127.0.0.1:30214}[mode=>network],}
[2016-04-18 03:03:32,855][WARN ][org.elasticsearch.discovery.zen] [node_t1] master left (reason = transport disconnected), current nodes: {{node_t2}{bjUJJjexT4ydmvNazKjdXg}{127.0.0.1}{127.0.0.1:30217}[master=>false, mode=>network],{node_t1}{ONf2qpk-S86jZyWdtTZccQ}{127.0.0.1}{127.0.0.1:30216}[mode=>network, master=>false],}
[2016-04-18 03:03:32,855][WARN ][org.elasticsearch.discovery.zen] [node_t2] master left (reason = transport disconnected), current nodes: {{node_t2}{bjUJJjexT4ydmvNazKjdXg}{127.0.0.1}{127.0.0.1:30217}[mode=>network, master=>false],{node_t1}{ONf2qpk-S86jZyWdtTZccQ}{127.0.0.1}{127.0.0.1:30216}[master=>false, mode=>network],}
[2016-04-18 03:03:36,987][WARN ][org.elasticsearch.discovery.zen] [node_t1] master left (reason = transport disconnected), current nodes: {{node_t2}{YD3jA5LxR1Cb2c7clGVz5g}{127.0.0.1}{127.0.0.1:30220}[mode=>network],{node_t1}{te972FX4Tg-YG3PWNAUqvA}{127.0.0.1}{127.0.0.1:30219}[mode=>network],}
[2016-04-18 03:03:40,003][WARN ][org.elasticsearch.discovery.zen] [node_t2] master left (reason = shut_down), current nodes: {{node_t2}{YD3jA5LxR1Cb2c7clGVz5g}{127.0.0.1}{127.0.0.1:30220}[mode=>network],{node_t1}{te972FX4Tg-YG3PWNAUqvA}{127.0.0.1}{127.0.0.1:30219}[mode=>network],}
[2016-04-18 03:03:40,003][WARN ][org.elasticsearch.discovery.zen] [node_t1] master left (reason = shut_down), current nodes: {{node_t2}{YD3jA5LxR1Cb2c7clGVz5g}{127.0.0.1}{127.0.0.1:30220}[mode=>network],{node_t1}{te972FX4Tg-YG3PWNAUqvA}{127.0.0.1}{127.0.0.1:30219}[mode=>network],}
[2016-04-18 03:03:40,035][DEBUG][org.elasticsearch.discovery.zen.elect] [node_t0] using minimum_master_nodes [2]
[2016-04-18 03:03:40,035][DEBUG][org.elasticsearch.discovery.zen.ping.unicast] [node_t0] using initial hosts [127.0.0.1:30221, 127.0.0.1:30222, 127.0.0.1:30223], with concurrent_connects [10]
[2016-04-18 03:03:40,035][DEBUG][org.elasticsearch.discovery.zen] [node_t0] using ping_timeout [3s], join.timeout [10s], master_election.filter_client [true], master_election.filter_data [false]
[2016-04-18 03:03:40,035][DEBUG][org.elasticsearch.discovery.zen.fd] [node_t0] [master] uses ping_interval [1s], ping_timeout [1s], ping_retries [1]
[2016-04-18 03:03:40,035][DEBUG][org.elasticsearch.discovery.zen.fd] [node_t0] [node  ] uses ping_interval [1s], ping_timeout [1s], ping_retries [1]
[2016-04-18 03:03:40,045][TRACE][org.elasticsearch.discovery.zen] [node_t0] starting to accumulate joins
[2016-04-18 03:03:40,045][TRACE][org.elasticsearch.discovery.zen] [node_t0] starting to ping
[2016-04-18 03:03:40,045][TRACE][org.elasticsearch.discovery.zen.ping.unicast] [node_t0] [1] sending to {node_t0}{ry16yC66T6mxcbDTGa_LcA}{127.0.0.1}{127.0.0.1:30221}[mode=>network]
[2016-04-18 03:03:40,045][TRACE][org.elasticsearch.discovery.zen.ping.unicast] [node_t0] [1] received response from {node_t0}{ry16yC66T6mxcbDTGa_LcA}{127.0.0.1}{127.0.0.1:30221}[mode=>network]: [ping_response{node [{node_t0}{ry16yC66T6mxcbDTGa_LcA}{127.0.0.1}{127.0.0.1:30221}[mode=>network]], id[628], master [null], hasJoinedOnce [false], cluster_name[TEST-CHILD_VM=[1]-CLUSTER_SEED=[54518191272164154]-HASH=[26470AB1B9EE]-cluster]}, ping_response{node [{node_t0}{ry16yC66T6mxcbDTGa_LcA}{127.0.0.1}{127.0.0.1:30221}[mode=>network]], id[629], master [null], hasJoinedOnce [false], cluster_name[TEST-CHILD_VM=[1]-CLUSTER_SEED=[54518191272164154]-HASH=[26470AB1B9EE]-cluster]}]
[2016-04-18 03:03:40,045][TRACE][org.elasticsearch.discovery.zen.ping.unicast] [node_t0] [1] connecting (light) to {#zen_unicast_2#}{127.0.0.1}{127.0.0.1:30222}
[2016-04-18 03:03:40,046][TRACE][org.elasticsearch.discovery.zen.ping.unicast] [node_t0] [1] sending to {node_t0}{ry16yC66T6mxcbDTGa_LcA}{127.0.0.1}{127.0.0.1:30221}[mode=>network]
[2016-04-18 03:03:40,046][TRACE][org.elasticsearch.discovery.zen.ping.unicast] [node_t0] [1] connecting (light) to {#zen_unicast_3#}{127.0.0.1}{127.0.0.1:30223}
[2016-04-18 03:03:40,046][TRACE][org.elasticsearch.discovery.zen.ping.unicast] [node_t0] [1] received response from {node_t0}{ry16yC66T6mxcbDTGa_LcA}{127.0.0.1}{127.0.0.1:30221}[mode=>network]: [ping_response{node [{node_t0}{ry16yC66T6mxcbDTGa_LcA}{127.0.0.1}{127.0.0.1:30221}[mode=>network]], id[628], master [null], hasJoinedOnce [false], cluster_name[TEST-CHILD_VM=[1]-CLUSTER_SEED=[54518191272164154]-HASH=[26470AB1B9EE]-cluster]}, ping_response{node [{node_t0}{ry16yC66T6mxcbDTGa_LcA}{127.0.0.1}{127.0.0.1:30221}[mode=>network]], id[628], master [null], hasJoinedOnce [false], cluster_name[TEST-CHILD_VM=[1]-CLUSTER_SEED=[54518191272164154]-HASH=[26470AB1B9EE]-cluster]}, ping_response{node [{node_t0}{ry16yC66T6mxcbDTGa_LcA}{127.0.0.1}{127.0.0.1:30221}[mode=>network]], id[630], master [null], hasJoinedOnce [false], cluster_name[TEST-CHILD_VM=[1]-CLUSTER_SEED=[54518191272164154]-HASH=[26470AB1B9EE]-cluster]}]
[2016-04-18 03:03:40,047][TRACE][org.elasticsearch.discovery.zen.ping.unicast] [node_t0] [1] failed to connect to {#zen_unicast_2#}{127.0.0.1}{127.0.0.1:30222}
ConnectTransportException[[][127.0.0.1:30222] connect_timeout[30s]]; nested: ConnectException[Connection refused: /127.0.0.1:30222];
	at org.elasticsearch.transport.netty.NettyTransport.connectToChannelsLight(NettyTransport.java:954)
	at org.elasticsearch.transport.netty.NettyTransport.connectToNode(NettyTransport.java:918)
	at org.elasticsearch.transport.netty.NettyTransport.connectToNodeLight(NettyTransport.java:890)
	at org.elasticsearch.test.transport.MockTransportService$LookupTestTransport.connectToNodeLight(MockTransportService.java:413)
	at org.elasticsearch.transport.TransportService.connectToNodeLight(TransportService.java:242)
	at org.elasticsearch.discovery.zen.ping.unicast.UnicastZenPing$3.run(UnicastZenPing.java:395)
	at java.util.concurrent.ThreadPoolExecutor.runWorker(ThreadPoolExecutor.java:1142)
	at java.util.concurrent.ThreadPoolExecutor$Worker.run(ThreadPoolExecutor.java:617)
	at java.lang.Thread.run(Thread.java:745)
Caused by: java.net.ConnectException: Connection refused: /127.0.0.1:30222
	at sun.nio.ch.SocketChannelImpl.checkConnect(Native Method)
	at sun.nio.ch.SocketChannelImpl.finishConnect(SocketChannelImpl.java:717)
	at org.jboss.netty.channel.socket.nio.NioClientBoss.connect(NioClientBoss.java:152)
	at org.jboss.netty.channel.socket.nio.NioClientBoss.processSelectedKeys(NioClientBoss.java:105)
	at org.jboss.netty.channel.socket.nio.NioClientBoss.process(NioClientBoss.java:79)
	at org.jboss.netty.channel.socket.nio.AbstractNioSelector.run(AbstractNioSelector.java:337)
	at org.jboss.netty.channel.socket.nio.NioClientBoss.run(NioClientBoss.java:42)
	at org.jboss.netty.util.ThreadRenamingRunnable.run(ThreadRenamingRunnable.java:108)
	at org.jboss.netty.util.internal.DeadLockProofWorker$1.run(DeadLockProofWorker.java:42)
	... 3 more
[2016-04-18 03:03:40,047][TRACE][org.elasticsearch.discovery.zen.ping.unicast] [node_t0] [1] failed to connect to {#zen_unicast_3#}{127.0.0.1}{127.0.0.1:30223}
ConnectTransportException[[][127.0.0.1:30223] connect_timeout[30s]]; nested: ConnectException[Connection refused: /127.0.0.1:30223];
	at org.elasticsearch.transport.netty.NettyTransport.connectToChannelsLight(NettyTransport.java:954)
	at org.elasticsearch.transport.netty.NettyTransport.connectToNode(NettyTransport.java:918)
	at org.elasticsearch.transport.netty.NettyTransport.connectToNodeLight(NettyTransport.java:890)
	at org.elasticsearch.test.transport.MockTransportService$LookupTestTransport.connectToNodeLight(MockTransportService.java:413)
	at org.elasticsearch.transport.TransportService.connectToNodeLight(TransportService.java:242)
	at org.elasticsearch.discovery.zen.ping.unicast.UnicastZenPing$3.run(UnicastZenPing.java:395)
	at java.util.concurrent.ThreadPoolExecutor.runWorker(ThreadPoolExecutor.java:1142)
	at java.util.concurrent.ThreadPoolExecutor$Worker.run(ThreadPoolExecutor.java:617)
	at java.lang.Thread.run(Thread.java:745)
Caused by: java.net.ConnectException: Connection refused: /127.0.0.1:30223
	at sun.nio.ch.SocketChannelImpl.checkConnect(Native Method)
	at sun.nio.ch.SocketChannelImpl.finishConnect(SocketChannelImpl.java:717)
	at org.jboss.netty.channel.socket.nio.NioClientBoss.connect(NioClientBoss.java:152)
	at org.jboss.netty.channel.socket.nio.NioClientBoss.processSelectedKeys(NioClientBoss.java:105)
	at org.jboss.netty.channel.socket.nio.NioClientBoss.process(NioClientBoss.java:79)
	at org.jboss.netty.channel.socket.nio.AbstractNioSelector.run(AbstractNioSelector.java:337)
	at org.jboss.netty.channel.socket.nio.NioClientBoss.run(NioClientBoss.java:42)
	at org.jboss.netty.util.ThreadRenamingRunnable.run(ThreadRenamingRunnable.java:108)
	at org.jboss.netty.util.internal.DeadLockProofWorker$1.run(DeadLockProofWorker.java:42)
	... 3 more
[2016-04-18 03:03:40,057][DEBUG][org.elasticsearch.discovery.zen.elect] [node_t1] using minimum_master_nodes [2]
[2016-04-18 03:03:40,057][DEBUG][org.elasticsearch.discovery.zen.ping.unicast] [node_t1] using initial hosts [127.0.0.1:30221, 127.0.0.1:30222, 127.0.0.1:30223], with concurrent_connects [10]
[2016-04-18 03:03:40,057][DEBUG][org.elasticsearch.discovery.zen] [node_t1] using ping_timeout [3s], join.timeout [10s], master_election.filter_client [true], master_election.filter_data [false]
[2016-04-18 03:03:40,057][DEBUG][org.elasticsearch.discovery.zen.fd] [node_t1] [master] uses ping_interval [1s], ping_timeout [1s], ping_retries [1]
[2016-04-18 03:03:40,057][DEBUG][org.elasticsearch.discovery.zen.fd] [node_t1] [node  ] uses ping_interval [1s], ping_timeout [1s], ping_retries [1]
[2016-04-18 03:03:40,070][TRACE][org.elasticsearch.discovery.zen] [node_t1] starting to accumulate joins
[2016-04-18 03:03:40,070][TRACE][org.elasticsearch.discovery.zen] [node_t1] starting to ping
[2016-04-18 03:03:40,070][TRACE][org.elasticsearch.discovery.zen.ping.unicast] [node_t1] [1] sending to {node_t1}{V3UmTqTPRG--_Y5tLFOn4g}{127.0.0.1}{127.0.0.1:30222}[mode=>network]
[2016-04-18 03:03:40,070][TRACE][org.elasticsearch.discovery.zen.ping.unicast] [node_t1] [1] received response from {node_t1}{V3UmTqTPRG--_Y5tLFOn4g}{127.0.0.1}{127.0.0.1:30222}[mode=>network]: [ping_response{node [{node_t1}{V3UmTqTPRG--_Y5tLFOn4g}{127.0.0.1}{127.0.0.1:30222}[mode=>network]], id[631], master [null], hasJoinedOnce [false], cluster_name[TEST-CHILD_VM=[1]-CLUSTER_SEED=[54518191272164154]-HASH=[26470AB1B9EE]-cluster]}, ping_response{node [{node_t1}{V3UmTqTPRG--_Y5tLFOn4g}{127.0.0.1}{127.0.0.1:30222}[mode=>network]], id[632], master [null], hasJoinedOnce [false], cluster_name[TEST-CHILD_VM=[1]-CLUSTER_SEED=[54518191272164154]-HASH=[26470AB1B9EE]-cluster]}]
[2016-04-18 03:03:40,070][TRACE][org.elasticsearch.discovery.zen.ping.unicast] [node_t1] [1] connecting (light) to {#zen_unicast_1#}{127.0.0.1}{127.0.0.1:30221}
[2016-04-18 03:03:40,070][TRACE][org.elasticsearch.discovery.zen.ping.unicast] [node_t1] [1] sending to {node_t1}{V3UmTqTPRG--_Y5tLFOn4g}{127.0.0.1}{127.0.0.1:30222}[mode=>network]
[2016-04-18 03:03:40,071][TRACE][org.elasticsearch.discovery.zen.ping.unicast] [node_t1] [1] connecting (light) to {#zen_unicast_3#}{127.0.0.1}{127.0.0.1:30223}
[2016-04-18 03:03:40,071][TRACE][org.elasticsearch.discovery.zen.ping.unicast] [node_t1] [1] received response from {node_t1}{V3UmTqTPRG--_Y5tLFOn4g}{127.0.0.1}{127.0.0.1:30222}[mode=>network]: [ping_response{node [{node_t1}{V3UmTqTPRG--_Y5tLFOn4g}{127.0.0.1}{127.0.0.1:30222}[mode=>network]], id[631], master [null], hasJoinedOnce [false], cluster_name[TEST-CHILD_VM=[1]-CLUSTER_SEED=[54518191272164154]-HASH=[26470AB1B9EE]-cluster]}, ping_response{node [{node_t1}{V3UmTqTPRG--_Y5tLFOn4g}{127.0.0.1}{127.0.0.1:30222}[mode=>network]], id[631], master [null], hasJoinedOnce [false], cluster_name[TEST-CHILD_VM=[1]-CLUSTER_SEED=[54518191272164154]-HASH=[26470AB1B9EE]-cluster]}, ping_response{node [{node_t1}{V3UmTqTPRG--_Y5tLFOn4g}{127.0.0.1}{127.0.0.1:30222}[mode=>network]], id[633], master [null], hasJoinedOnce [false], cluster_name[TEST-CHILD_VM=[1]-CLUSTER_SEED=[54518191272164154]-HASH=[26470AB1B9EE]-cluster]}]
[2016-04-18 03:03:40,072][TRACE][org.elasticsearch.discovery.zen.ping.unicast] [node_t1] [1] failed to connect to {#zen_unicast_3#}{127.0.0.1}{127.0.0.1:30223}
ConnectTransportException[[][127.0.0.1:30223] connect_timeout[30s]]; nested: ConnectException[Connection refused: /127.0.0.1:30223];
	at org.elasticsearch.transport.netty.NettyTransport.connectToChannelsLight(NettyTransport.java:954)
	at org.elasticsearch.transport.netty.NettyTransport.connectToNode(NettyTransport.java:918)
	at org.elasticsearch.transport.netty.NettyTransport.connectToNodeLight(NettyTransport.java:890)
	at org.elasticsearch.test.transport.MockTransportService$LookupTestTransport.connectToNodeLight(MockTransportService.java:413)
	at org.elasticsearch.transport.TransportService.connectToNodeLight(TransportService.java:242)
	at org.elasticsearch.discovery.zen.ping.unicast.UnicastZenPing$3.run(UnicastZenPing.java:395)
	at java.util.concurrent.ThreadPoolExecutor.runWorker(ThreadPoolExecutor.java:1142)
	at java.util.concurrent.ThreadPoolExecutor$Worker.run(ThreadPoolExecutor.java:617)
	at java.lang.Thread.run(Thread.java:745)
Caused by: java.net.ConnectException: Connection refused: /127.0.0.1:30223
	at sun.nio.ch.SocketChannelImpl.checkConnect(Native Method)
	at sun.nio.ch.SocketChannelImpl.finishConnect(SocketChannelImpl.java:717)
	at org.jboss.netty.channel.socket.nio.NioClientBoss.connect(NioClientBoss.java:152)
	at org.jboss.netty.channel.socket.nio.NioClientBoss.processSelectedKeys(NioClientBoss.java:105)
	at org.jboss.netty.channel.socket.nio.NioClientBoss.process(NioClientBoss.java:79)
	at org.jboss.netty.channel.socket.nio.AbstractNioSelector.run(AbstractNioSelector.java:337)
	at org.jboss.netty.channel.socket.nio.NioClientBoss.run(NioClientBoss.java:42)
	at org.jboss.netty.util.ThreadRenamingRunnable.run(ThreadRenamingRunnable.java:108)
	at org.jboss.netty.util.internal.DeadLockProofWorker$1.run(DeadLockProofWorker.java:42)
	... 3 more
[2016-04-18 03:03:40,073][TRACE][org.elasticsearch.discovery.zen.ping.unicast] [node_t1] [1] connected to {#zen_unicast_1#}{127.0.0.1}{127.0.0.1:30221}
[2016-04-18 03:03:40,074][TRACE][org.elasticsearch.discovery.zen.ping.unicast] [node_t1] [1] sending to {#zen_unicast_1#}{127.0.0.1}{127.0.0.1:30221}
[2016-04-18 03:03:40,075][TRACE][org.elasticsearch.discovery.zen.ping.unicast] [node_t1] [1] received response from {#zen_unicast_1#}{127.0.0.1}{127.0.0.1:30221}: [ping_response{node [{node_t0}{ry16yC66T6mxcbDTGa_LcA}{127.0.0.1}{127.0.0.1:30221}[mode=>network]], id[628], master [null], hasJoinedOnce [false], cluster_name[TEST-CHILD_VM=[1]-CLUSTER_SEED=[54518191272164154]-HASH=[26470AB1B9EE]-cluster]}, ping_response{node [{node_t0}{ry16yC66T6mxcbDTGa_LcA}{127.0.0.1}{127.0.0.1:30221}[mode=>network]], id[628], master [null], hasJoinedOnce [false], cluster_name[TEST-CHILD_VM=[1]-CLUSTER_SEED=[54518191272164154]-HASH=[26470AB1B9EE]-cluster]}, ping_response{node [{node_t1}{V3UmTqTPRG--_Y5tLFOn4g}{127.0.0.1}{127.0.0.1:30222}[mode=>network]], id[631], master [null], hasJoinedOnce [false], cluster_name[TEST-CHILD_VM=[1]-CLUSTER_SEED=[54518191272164154]-HASH=[26470AB1B9EE]-cluster]}, ping_response{node [{node_t0}{ry16yC66T6mxcbDTGa_LcA}{127.0.0.1}{127.0.0.1:30221}[mode=>network]], id[634], master [null], hasJoinedOnce [false], cluster_name[TEST-CHILD_VM=[1]-CLUSTER_SEED=[54518191272164154]-HASH=[26470AB1B9EE]-cluster]}]
[2016-04-18 03:03:40,100][DEBUG][org.elasticsearch.discovery.zen.elect] [node_t2] using minimum_master_nodes [2]
[2016-04-18 03:03:40,100][DEBUG][org.elasticsearch.discovery.zen.ping.unicast] [node_t2] using initial hosts [127.0.0.1:30221, 127.0.0.1:30222, 127.0.0.1:30223], with concurrent_connects [10]
[2016-04-18 03:03:40,100][DEBUG][org.elasticsearch.discovery.zen] [node_t2] using ping_timeout [3s], join.timeout [10s], master_election.filter_client [true], master_election.filter_data [false]
[2016-04-18 03:03:40,100][DEBUG][org.elasticsearch.discovery.zen.fd] [node_t2] [master] uses ping_interval [1s], ping_timeout [1s], ping_retries [1]
[2016-04-18 03:03:40,100][DEBUG][org.elasticsearch.discovery.zen.fd] [node_t2] [node  ] uses ping_interval [1s], ping_timeout [1s], ping_retries [1]
[2016-04-18 03:03:40,109][TRACE][org.elasticsearch.discovery.zen] [node_t2] starting to accumulate joins
[2016-04-18 03:03:40,109][TRACE][org.elasticsearch.discovery.zen] [node_t2] starting to ping
[2016-04-18 03:03:40,109][TRACE][org.elasticsearch.discovery.zen.ping.unicast] [node_t2] [1] connecting (light) to {#zen_unicast_1#}{127.0.0.1}{127.0.0.1:30221}
[2016-04-18 03:03:40,109][TRACE][org.elasticsearch.discovery.zen.ping.unicast] [node_t2] [1] sending to {node_t2}{ldbZPMMhQWeYRkQfh06eYA}{127.0.0.1}{127.0.0.1:30223}[mode=>network]
[2016-04-18 03:03:40,109][TRACE][org.elasticsearch.discovery.zen.ping.unicast] [node_t2] [1] connecting (light) to {#zen_unicast_2#}{127.0.0.1}{127.0.0.1:30222}
[2016-04-18 03:03:40,109][TRACE][org.elasticsearch.discovery.zen.ping.unicast] [node_t2] [1] received response from {node_t2}{ldbZPMMhQWeYRkQfh06eYA}{127.0.0.1}{127.0.0.1:30223}[mode=>network]: [ping_response{node [{node_t2}{ldbZPMMhQWeYRkQfh06eYA}{127.0.0.1}{127.0.0.1:30223}[mode=>network]], id[635], master [null], hasJoinedOnce [false], cluster_name[TEST-CHILD_VM=[1]-CLUSTER_SEED=[54518191272164154]-HASH=[26470AB1B9EE]-cluster]}, ping_response{node [{node_t2}{ldbZPMMhQWeYRkQfh06eYA}{127.0.0.1}{127.0.0.1:30223}[mode=>network]], id[636], master [null], hasJoinedOnce [false], cluster_name[TEST-CHILD_VM=[1]-CLUSTER_SEED=[54518191272164154]-HASH=[26470AB1B9EE]-cluster]}]
[2016-04-18 03:03:40,109][TRACE][org.elasticsearch.discovery.zen.ping.unicast] [node_t2] [1] sending to {node_t2}{ldbZPMMhQWeYRkQfh06eYA}{127.0.0.1}{127.0.0.1:30223}[mode=>network]
[2016-04-18 03:03:40,110][TRACE][org.elasticsearch.discovery.zen.ping.unicast] [node_t2] [1] received response from {node_t2}{ldbZPMMhQWeYRkQfh06eYA}{127.0.0.1}{127.0.0.1:30223}[mode=>network]: [ping_response{node [{node_t2}{ldbZPMMhQWeYRkQfh06eYA}{127.0.0.1}{127.0.0.1:30223}[mode=>network]], id[635], master [null], hasJoinedOnce [false], cluster_name[TEST-CHILD_VM=[1]-CLUSTER_SEED=[54518191272164154]-HASH=[26470AB1B9EE]-cluster]}, ping_response{node [{node_t2}{ldbZPMMhQWeYRkQfh06eYA}{127.0.0.1}{127.0.0.1:30223}[mode=>network]], id[635], master [null], hasJoinedOnce [false], cluster_name[TEST-CHILD_VM=[1]-CLUSTER_SEED=[54518191272164154]-HASH=[26470AB1B9EE]-cluster]}, ping_response{node [{node_t2}{ldbZPMMhQWeYRkQfh06eYA}{127.0.0.1}{127.0.0.1:30223}[mode=>network]], id[637], master [null], hasJoinedOnce [false], cluster_name[TEST-CHILD_VM=[1]-CLUSTER_SEED=[54518191272164154]-HASH=[26470AB1B9EE]-cluster]}]
[2016-04-18 03:03:40,110][TRACE][org.elasticsearch.discovery.zen.ping.unicast] [node_t2] [1] connected to {#zen_unicast_1#}{127.0.0.1}{127.0.0.1:30221}
[2016-04-18 03:03:40,110][TRACE][org.elasticsearch.discovery.zen.ping.unicast] [node_t2] [1] connected to {#zen_unicast_2#}{127.0.0.1}{127.0.0.1:30222}
[2016-04-18 03:03:40,110][TRACE][org.elasticsearch.discovery.zen.ping.unicast] [node_t2] [1] sending to {#zen_unicast_2#}{127.0.0.1}{127.0.0.1:30222}
[2016-04-18 03:03:40,110][TRACE][org.elasticsearch.discovery.zen.ping.unicast] [node_t2] [1] sending to {#zen_unicast_1#}{127.0.0.1}{127.0.0.1:30221}
[2016-04-18 03:03:40,111][TRACE][org.elasticsearch.discovery.zen.ping.unicast] [node_t2] [1] received response from {#zen_unicast_2#}{127.0.0.1}{127.0.0.1:30222}: [ping_response{node [{node_t1}{V3UmTqTPRG--_Y5tLFOn4g}{127.0.0.1}{127.0.0.1:30222}[mode=>network]], id[631], master [null], hasJoinedOnce [false], cluster_name[TEST-CHILD_VM=[1]-CLUSTER_SEED=[54518191272164154]-HASH=[26470AB1B9EE]-cluster]}, ping_response{node [{node_t1}{V3UmTqTPRG--_Y5tLFOn4g}{127.0.0.1}{127.0.0.1:30222}[mode=>network]], id[631], master [null], hasJoinedOnce [false], cluster_name[TEST-CHILD_VM=[1]-CLUSTER_SEED=[54518191272164154]-HASH=[26470AB1B9EE]-cluster]}, ping_response{node [{node_t2}{ldbZPMMhQWeYRkQfh06eYA}{127.0.0.1}{127.0.0.1:30223}[mode=>network]], id[635], master [null], hasJoinedOnce [false], cluster_name[TEST-CHILD_VM=[1]-CLUSTER_SEED=[54518191272164154]-HASH=[26470AB1B9EE]-cluster]}, ping_response{node [{node_t1}{V3UmTqTPRG--_Y5tLFOn4g}{127.0.0.1}{127.0.0.1:30222}[mode=>network]], id[638], master [null], hasJoinedOnce [false], cluster_name[TEST-CHILD_VM=[1]-CLUSTER_SEED=[54518191272164154]-HASH=[26470AB1B9EE]-cluster]}]
[2016-04-18 03:03:40,111][TRACE][org.elasticsearch.discovery.zen.ping.unicast] [node_t2] [1] received response from {#zen_unicast_1#}{127.0.0.1}{127.0.0.1:30221}: [ping_response{node [{node_t0}{ry16yC66T6mxcbDTGa_LcA}{127.0.0.1}{127.0.0.1:30221}[mode=>network]], id[628], master [null], hasJoinedOnce [false], cluster_name[TEST-CHILD_VM=[1]-CLUSTER_SEED=[54518191272164154]-HASH=[26470AB1B9EE]-cluster]}, ping_response{node [{node_t0}{ry16yC66T6mxcbDTGa_LcA}{127.0.0.1}{127.0.0.1:30221}[mode=>network]], id[628], master [null], hasJoinedOnce [false], cluster_name[TEST-CHILD_VM=[1]-CLUSTER_SEED=[54518191272164154]-HASH=[26470AB1B9EE]-cluster]}, ping_response{node [{node_t1}{V3UmTqTPRG--_Y5tLFOn4g}{127.0.0.1}{127.0.0.1:30222}[mode=>network]], id[631], master [null], hasJoinedOnce [false], cluster_name[TEST-CHILD_VM=[1]-CLUSTER_SEED=[54518191272164154]-HASH=[26470AB1B9EE]-cluster]}, ping_response{node [{node_t2}{ldbZPMMhQWeYRkQfh06eYA}{127.0.0.1}{127.0.0.1:30223}[mode=>network]], id[635], master [null], hasJoinedOnce [false], cluster_name[TEST-CHILD_VM=[1]-CLUSTER_SEED=[54518191272164154]-HASH=[26470AB1B9EE]-cluster]}, ping_response{node [{node_t0}{ry16yC66T6mxcbDTGa_LcA}{127.0.0.1}{127.0.0.1:30221}[mode=>network]], id[639], master [null], hasJoinedOnce [false], cluster_name[TEST-CHILD_VM=[1]-CLUSTER_SEED=[54518191272164154]-HASH=[26470AB1B9EE]-cluster]}]
[2016-04-18 03:03:41,546][TRACE][org.elasticsearch.discovery.zen.ping.unicast] [node_t0] [1] sending to {node_t0}{ry16yC66T6mxcbDTGa_LcA}{127.0.0.1}{127.0.0.1:30221}[mode=>network]
[2016-04-18 03:03:41,547][TRACE][org.elasticsearch.discovery.zen.ping.unicast] [node_t0] [1] received response from {node_t0}{ry16yC66T6mxcbDTGa_LcA}{127.0.0.1}{127.0.0.1:30221}[mode=>network]: [ping_response{node [{node_t0}{ry16yC66T6mxcbDTGa_LcA}{127.0.0.1}{127.0.0.1:30221}[mode=>network]], id[628], master [null], hasJoinedOnce [false], cluster_name[TEST-CHILD_VM=[1]-CLUSTER_SEED=[54518191272164154]-HASH=[26470AB1B9EE]-cluster]}, ping_response{node [{node_t0}{ry16yC66T6mxcbDTGa_LcA}{127.0.0.1}{127.0.0.1:30221}[mode=>network]], id[628], master [null], hasJoinedOnce [false], cluster_name[TEST-CHILD_VM=[1]-CLUSTER_SEED=[54518191272164154]-HASH=[26470AB1B9EE]-cluster]}, ping_response{node [{node_t1}{V3UmTqTPRG--_Y5tLFOn4g}{127.0.0.1}{127.0.0.1:30222}[mode=>network]], id[631], master [null], hasJoinedOnce [false], cluster_name[TEST-CHILD_VM=[1]-CLUSTER_SEED=[54518191272164154]-HASH=[26470AB1B9EE]-cluster]}, ping_response{node [{node_t2}{ldbZPMMhQWeYRkQfh06eYA}{127.0.0.1}{127.0.0.1:30223}[mode=>network]], id[635], master [null], hasJoinedOnce [false], cluster_name[TEST-CHILD_VM=[1]-CLUSTER_SEED=[54518191272164154]-HASH=[26470AB1B9EE]-cluster]}, ping_response{node [{node_t0}{ry16yC66T6mxcbDTGa_LcA}{127.0.0.1}{127.0.0.1:30221}[mode=>network]], id[640], master [null], hasJoinedOnce [false], cluster_name[TEST-CHILD_VM=[1]-CLUSTER_SEED=[54518191272164154]-HASH=[26470AB1B9EE]-cluster]}, ping_response{node [{node_t0}{ry16yC66T6mxcbDTGa_LcA}{127.0.0.1}{127.0.0.1:30221}[mode=>network]], id[641], master [null], hasJoinedOnce [false], cluster_name[TEST-CHILD_VM=[1]-CLUSTER_SEED=[54518191272164154]-HASH=[26470AB1B9EE]-cluster]}]
[2016-04-18 03:03:41,547][TRACE][org.elasticsearch.discovery.zen.ping.unicast] [node_t0] [1] connecting (light) to {#zen_unicast_2#}{127.0.0.1}{127.0.0.1:30222}
[2016-04-18 03:03:41,547][TRACE][org.elasticsearch.discovery.zen.ping.unicast] [node_t0] replacing {node_t1}{V3UmTqTPRG--_Y5tLFOn4g}{127.0.0.1}{127.0.0.1:30222}[mode=>network] with temp node {#zen_unicast_4_V3UmTqTPRG--_Y5tLFOn4g#}{127.0.0.1}{127.0.0.1:30222}[mode=>network]
[2016-04-18 03:03:41,547][TRACE][org.elasticsearch.discovery.zen.ping.unicast] [node_t0] [1] connecting (light) to {#zen_unicast_3#}{127.0.0.1}{127.0.0.1:30223}
[2016-04-18 03:03:41,548][TRACE][org.elasticsearch.discovery.zen.ping.unicast] [node_t0] replacing {node_t2}{ldbZPMMhQWeYRkQfh06eYA}{127.0.0.1}{127.0.0.1:30223}[mode=>network] with temp node {#zen_unicast_5_ldbZPMMhQWeYRkQfh06eYA#}{127.0.0.1}{127.0.0.1:30223}[mode=>network]
[2016-04-18 03:03:41,548][TRACE][org.elasticsearch.discovery.zen.ping.unicast] [node_t0] [1] connecting (light) to {#zen_unicast_4_V3UmTqTPRG--_Y5tLFOn4g#}{127.0.0.1}{127.0.0.1:30222}[mode=>network]
[2016-04-18 03:03:41,548][TRACE][org.elasticsearch.discovery.zen.ping.unicast] [node_t0] [1] sending to {node_t0}{ry16yC66T6mxcbDTGa_LcA}{127.0.0.1}{127.0.0.1:30221}[mode=>network]
[2016-04-18 03:03:41,548][TRACE][org.elasticsearch.discovery.zen.ping.unicast] [node_t0] [1] connecting (light) to {#zen_unicast_5_ldbZPMMhQWeYRkQfh06eYA#}{127.0.0.1}{127.0.0.1:30223}[mode=>network]
[2016-04-18 03:03:41,548][TRACE][org.elasticsearch.discovery.zen.ping.unicast] [node_t0] [1] connected to {#zen_unicast_2#}{127.0.0.1}{127.0.0.1:30222}
[2016-04-18 03:03:41,548][TRACE][org.elasticsearch.discovery.zen.ping.unicast] [node_t0] [1] received response from {node_t0}{ry16yC66T6mxcbDTGa_LcA}{127.0.0.1}{127.0.0.1:30221}[mode=>network]: [ping_response{node [{node_t0}{ry16yC66T6mxcbDTGa_LcA}{127.0.0.1}{127.0.0.1:30221}[mode=>network]], id[628], master [null], hasJoinedOnce [false], cluster_name[TEST-CHILD_VM=[1]-CLUSTER_SEED=[54518191272164154]-HASH=[26470AB1B9EE]-cluster]}, ping_response{node [{node_t0}{ry16yC66T6mxcbDTGa_LcA}{127.0.0.1}{127.0.0.1:30221}[mode=>network]], id[628], master [null], hasJoinedOnce [false], cluster_name[TEST-CHILD_VM=[1]-CLUSTER_SEED=[54518191272164154]-HASH=[26470AB1B9EE]-cluster]}, ping_response{node [{node_t1}{V3UmTqTPRG--_Y5tLFOn4g}{127.0.0.1}{127.0.0.1:30222}[mode=>network]], id[631], master [null], hasJoinedOnce [false], cluster_name[TEST-CHILD_VM=[1]-CLUSTER_SEED=[54518191272164154]-HASH=[26470AB1B9EE]-cluster]}, ping_response{node [{node_t2}{ldbZPMMhQWeYRkQfh06eYA}{127.0.0.1}{127.0.0.1:30223}[mode=>network]], id[635], master [null], hasJoinedOnce [false], cluster_name[TEST-CHILD_VM=[1]-CLUSTER_SEED=[54518191272164154]-HASH=[26470AB1B9EE]-cluster]}, ping_response{node [{node_t0}{ry16yC66T6mxcbDTGa_LcA}{127.0.0.1}{127.0.0.1:30221}[mode=>network]], id[640], master [null], hasJoinedOnce [false], cluster_name[TEST-CHILD_VM=[1]-CLUSTER_SEED=[54518191272164154]-HASH=[26470AB1B9EE]-cluster]}, ping_response{node [{node_t0}{ry16yC66T6mxcbDTGa_LcA}{127.0.0.1}{127.0.0.1:30221}[mode=>network]], id[640], master [null], hasJoinedOnce [false], cluster_name[TEST-CHILD_VM=[1]-CLUSTER_SEED=[54518191272164154]-HASH=[26470AB1B9EE]-cluster]}, ping_response{node [{node_t0}{ry16yC66T6mxcbDTGa_LcA}{127.0.0.1}{127.0.0.1:30221}[mode=>network]], id[642], master [null], hasJoinedOnce [false], cluster_name[TEST-CHILD_VM=[1]-CLUSTER_SEED=[54518191272164154]-HASH=[26470AB1B9EE]-cluster]}]
[2016-04-18 03:03:41,548][TRACE][org.elasticsearch.discovery.zen.ping.unicast] [node_t0] [1] sending to {#zen_unicast_2#}{127.0.0.1}{127.0.0.1:30222}
[2016-04-18 03:03:41,549][TRACE][org.elasticsearch.discovery.zen.ping.unicast] [node_t0] [1] connected to {node_t1}{V3UmTqTPRG--_Y5tLFOn4g}{127.0.0.1}{127.0.0.1:30222}[mode=>network]
[2016-04-18 03:03:41,550][TRACE][org.elasticsearch.discovery.zen.ping.unicast] [node_t0] [1] sending to {#zen_unicast_4_V3UmTqTPRG--_Y5tLFOn4g#}{127.0.0.1}{127.0.0.1:30222}[mode=>network]
[2016-04-18 03:03:41,550][TRACE][org.elasticsearch.discovery.zen.ping.unicast] [node_t0] [1] connected to {node_t2}{ldbZPMMhQWeYRkQfh06eYA}{127.0.0.1}{127.0.0.1:30223}[mode=>network]
[2016-04-18 03:03:41,550][TRACE][org.elasticsearch.discovery.zen.ping.unicast] [node_t0] [1] connected to {#zen_unicast_3#}{127.0.0.1}{127.0.0.1:30223}
[2016-04-18 03:03:41,550][TRACE][org.elasticsearch.discovery.zen.ping.unicast] [node_t0] [1] sending to {#zen_unicast_5_ldbZPMMhQWeYRkQfh06eYA#}{127.0.0.1}{127.0.0.1:30223}[mode=>network]
[2016-04-18 03:03:41,550][TRACE][org.elasticsearch.discovery.zen.ping.unicast] [node_t0] [1] sending to {#zen_unicast_3#}{127.0.0.1}{127.0.0.1:30223}
[2016-04-18 03:03:41,550][TRACE][org.elasticsearch.discovery.zen.ping.unicast] [node_t0] [1] received response from {#zen_unicast_2#}{127.0.0.1}{127.0.0.1:30222}: [ping_response{node [{node_t1}{V3UmTqTPRG--_Y5tLFOn4g}{127.0.0.1}{127.0.0.1:30222}[mode=>network]], id[631], master [null], hasJoinedOnce [false], cluster_name[TEST-CHILD_VM=[1]-CLUSTER_SEED=[54518191272164154]-HASH=[26470AB1B9EE]-cluster]}, ping_response{node [{node_t1}{V3UmTqTPRG--_Y5tLFOn4g}{127.0.0.1}{127.0.0.1:30222}[mode=>network]], id[631], master [null], hasJoinedOnce [false], cluster_name[TEST-CHILD_VM=[1]-CLUSTER_SEED=[54518191272164154]-HASH=[26470AB1B9EE]-cluster]}, ping_response{node [{node_t2}{ldbZPMMhQWeYRkQfh06eYA}{127.0.0.1}{127.0.0.1:30223}[mode=>network]], id[635], master [null], hasJoinedOnce [false], cluster_name[TEST-CHILD_VM=[1]-CLUSTER_SEED=[54518191272164154]-HASH=[26470AB1B9EE]-cluster]}, ping_response{node [{node_t0}{ry16yC66T6mxcbDTGa_LcA}{127.0.0.1}{127.0.0.1:30221}[mode=>network]], id[640], master [null], hasJoinedOnce [false], cluster_name[TEST-CHILD_VM=[1]-CLUSTER_SEED=[54518191272164154]-HASH=[26470AB1B9EE]-cluster]}, ping_response{node [{node_t1}{V3UmTqTPRG--_Y5tLFOn4g}{127.0.0.1}{127.0.0.1:30222}[mode=>network]], id[643], master [null], hasJoinedOnce [false], cluster_name[TEST-CHILD_VM=[1]-CLUSTER_SEED=[54518191272164154]-HASH=[26470AB1B9EE]-cluster]}]
[2016-04-18 03:03:41,550][TRACE][org.elasticsearch.discovery.zen.ping.unicast] [node_t0] [1] received response from {#zen_unicast_4_V3UmTqTPRG--_Y5tLFOn4g#}{127.0.0.1}{127.0.0.1:30222}[mode=>network]: [ping_response{node [{node_t1}{V3UmTqTPRG--_Y5tLFOn4g}{127.0.0.1}{127.0.0.1:30222}[mode=>network]], id[631], master [null], hasJoinedOnce [false], cluster_name[TEST-CHILD_VM=[1]-CLUSTER_SEED=[54518191272164154]-HASH=[26470AB1B9EE]-cluster]}, ping_response{node [{node_t1}{V3UmTqTPRG--_Y5tLFOn4g}{127.0.0.1}{127.0.0.1:30222}[mode=>network]], id[631], master [null], hasJoinedOnce [false], cluster_name[TEST-CHILD_VM=[1]-CLUSTER_SEED=[54518191272164154]-HASH=[26470AB1B9EE]-cluster]}, ping_response{node [{node_t2}{ldbZPMMhQWeYRkQfh06eYA}{127.0.0.1}{127.0.0.1:30223}[mode=>network]], id[635], master [null], hasJoinedOnce [false], cluster_name[TEST-CHILD_VM=[1]-CLUSTER_SEED=[54518191272164154]-HASH=[26470AB1B9EE]-cluster]}, ping_response{node [{node_t0}{ry16yC66T6mxcbDTGa_LcA}{127.0.0.1}{127.0.0.1:30221}[mode=>network]], id[640], master [null], hasJoinedOnce [false], cluster_name[TEST-CHILD_VM=[1]-CLUSTER_SEED=[54518191272164154]-HASH=[26470AB1B9EE]-cluster]}, ping_response{node [{node_t0}{ry16yC66T6mxcbDTGa_LcA}{127.0.0.1}{127.0.0.1:30221}[mode=>network]], id[640], master [null], hasJoinedOnce [false], cluster_name[TEST-CHILD_VM=[1]-CLUSTER_SEED=[54518191272164154]-HASH=[26470AB1B9EE]-cluster]}, ping_response{node [{node_t1}{V3UmTqTPRG--_Y5tLFOn4g}{127.0.0.1}{127.0.0.1:30222}[mode=>network]], id[644], master [null], hasJoinedOnce [false], cluster_name[TEST-CHILD_VM=[1]-CLUSTER_SEED=[54518191272164154]-HASH=[26470AB1B9EE]-cluster]}]
[2016-04-18 03:03:41,551][TRACE][org.elasticsearch.discovery.zen.ping.unicast] [node_t0] [1] received response from {#zen_unicast_5_ldbZPMMhQWeYRkQfh06eYA#}{127.0.0.1}{127.0.0.1:30223}[mode=>network]: [ping_response{node [{node_t2}{ldbZPMMhQWeYRkQfh06eYA}{127.0.0.1}{127.0.0.1:30223}[mode=>network]], id[635], master [null], hasJoinedOnce [false], cluster_name[TEST-CHILD_VM=[1]-CLUSTER_SEED=[54518191272164154]-HASH=[26470AB1B9EE]-cluster]}, ping_response{node [{node_t2}{ldbZPMMhQWeYRkQfh06eYA}{127.0.0.1}{127.0.0.1:30223}[mode=>network]], id[635], master [null], hasJoinedOnce [false], cluster_name[TEST-CHILD_VM=[1]-CLUSTER_SEED=[54518191272164154]-HASH=[26470AB1B9EE]-cluster]}, ping_response{node [{node_t0}{ry16yC66T6mxcbDTGa_LcA}{127.0.0.1}{127.0.0.1:30221}[mode=>network]], id[640], master [null], hasJoinedOnce [false], cluster_name[TEST-CHILD_VM=[1]-CLUSTER_SEED=[54518191272164154]-HASH=[26470AB1B9EE]-cluster]}, ping_response{node [{node_t2}{ldbZPMMhQWeYRkQfh06eYA}{127.0.0.1}{127.0.0.1:30223}[mode=>network]], id[645], master [null], hasJoinedOnce [false], cluster_name[TEST-CHILD_VM=[1]-CLUSTER_SEED=[54518191272164154]-HASH=[26470AB1B9EE]-cluster]}]
[2016-04-18 03:03:41,552][TRACE][org.elasticsearch.discovery.zen.ping.unicast] [node_t0] [1] received response from {#zen_unicast_3#}{127.0.0.1}{127.0.0.1:30223}: [ping_response{node [{node_t2}{ldbZPMMhQWeYRkQfh06eYA}{127.0.0.1}{127.0.0.1:30223}[mode=>network]], id[635], master [null], hasJoinedOnce [false], cluster_name[TEST-CHILD_VM=[1]-CLUSTER_SEED=[54518191272164154]-HASH=[26470AB1B9EE]-cluster]}, ping_response{node [{node_t2}{ldbZPMMhQWeYRkQfh06eYA}{127.0.0.1}{127.0.0.1:30223}[mode=>network]], id[635], master [null], hasJoinedOnce [false], cluster_name[TEST-CHILD_VM=[1]-CLUSTER_SEED=[54518191272164154]-HASH=[26470AB1B9EE]-cluster]}, ping_response{node [{node_t0}{ry16yC66T6mxcbDTGa_LcA}{127.0.0.1}{127.0.0.1:30221}[mode=>network]], id[640], master [null], hasJoinedOnce [false], cluster_name[TEST-CHILD_VM=[1]-CLUSTER_SEED=[54518191272164154]-HASH=[26470AB1B9EE]-cluster]}, ping_response{node [{node_t0}{ry16yC66T6mxcbDTGa_LcA}{127.0.0.1}{127.0.0.1:30221}[mode=>network]], id[640], master [null], hasJoinedOnce [false], cluster_name[TEST-CHILD_VM=[1]-CLUSTER_SEED=[54518191272164154]-HASH=[26470AB1B9EE]-cluster]}, ping_response{node [{node_t2}{ldbZPMMhQWeYRkQfh06eYA}{127.0.0.1}{127.0.0.1:30223}[mode=>network]], id[646], master [null], hasJoinedOnce [false], cluster_name[TEST-CHILD_VM=[1]-CLUSTER_SEED=[54518191272164154]-HASH=[26470AB1B9EE]-cluster]}]
[2016-04-18 03:03:41,573][TRACE][org.elasticsearch.discovery.zen.ping.unicast] [node_t1] [1] sending to {#zen_unicast_1#}{127.0.0.1}{127.0.0.1:30221}
[2016-04-18 03:03:41,574][TRACE][org.elasticsearch.discovery.zen.ping.unicast] [node_t1] [1] sending to {node_t1}{V3UmTqTPRG--_Y5tLFOn4g}{127.0.0.1}{127.0.0.1:30222}[mode=>network]
[2016-04-18 03:03:41,574][TRACE][org.elasticsearch.discovery.zen.ping.unicast] [node_t1] [1] received response from {node_t1}{V3UmTqTPRG--_Y5tLFOn4g}{127.0.0.1}{127.0.0.1:30222}[mode=>network]: [ping_response{node [{node_t1}{V3UmTqTPRG--_Y5tLFOn4g}{127.0.0.1}{127.0.0.1:30222}[mode=>network]], id[631], master [null], hasJoinedOnce [false], cluster_name[TEST-CHILD_VM=[1]-CLUSTER_SEED=[54518191272164154]-HASH=[26470AB1B9EE]-cluster]}, ping_response{node [{node_t1}{V3UmTqTPRG--_Y5tLFOn4g}{127.0.0.1}{127.0.0.1:30222}[mode=>network]], id[631], master [null], hasJoinedOnce [false], cluster_name[TEST-CHILD_VM=[1]-CLUSTER_SEED=[54518191272164154]-HASH=[26470AB1B9EE]-cluster]}, ping_response{node [{node_t2}{ldbZPMMhQWeYRkQfh06eYA}{127.0.0.1}{127.0.0.1:30223}[mode=>network]], id[635], master [null], hasJoinedOnce [false], cluster_name[TEST-CHILD_VM=[1]-CLUSTER_SEED=[54518191272164154]-HASH=[26470AB1B9EE]-cluster]}, ping_response{node [{node_t0}{ry16yC66T6mxcbDTGa_LcA}{127.0.0.1}{127.0.0.1:30221}[mode=>network]], id[640], master [null], hasJoinedOnce [false], cluster_name[TEST-CHILD_VM=[1]-CLUSTER_SEED=[54518191272164154]-HASH=[26470AB1B9EE]-cluster]}, ping_response{node [{node_t0}{ry16yC66T6mxcbDTGa_LcA}{127.0.0.1}{127.0.0.1:30221}[mode=>network]], id[640], master [null], hasJoinedOnce [false], cluster_name[TEST-CHILD_VM=[1]-CLUSTER_SEED=[54518191272164154]-HASH=[26470AB1B9EE]-cluster]}, ping_response{node [{node_t1}{V3UmTqTPRG--_Y5tLFOn4g}{127.0.0.1}{127.0.0.1:30222}[mode=>network]], id[647], master [null], hasJoinedOnce [false], cluster_name[TEST-CHILD_VM=[1]-CLUSTER_SEED=[54518191272164154]-HASH=[26470AB1B9EE]-cluster]}, ping_response{node [{node_t1}{V3UmTqTPRG--_Y5tLFOn4g}{127.0.0.1}{127.0.0.1:30222}[mode=>network]], id[648], master [null], hasJoinedOnce [false], cluster_name[TEST-CHILD_VM=[1]-CLUSTER_SEED=[54518191272164154]-HASH=[26470AB1B9EE]-cluster]}]
[2016-04-18 03:03:41,575][TRACE][org.elasticsearch.discovery.zen.ping.unicast] [node_t1] [1] sending to {node_t1}{V3UmTqTPRG--_Y5tLFOn4g}{127.0.0.1}{127.0.0.1:30222}[mode=>network]
[2016-04-18 03:03:41,575][TRACE][org.elasticsearch.discovery.zen.ping.unicast] [node_t1] [1] connecting (light) to {#zen_unicast_3#}{127.0.0.1}{127.0.0.1:30223}
[2016-04-18 03:03:41,575][TRACE][org.elasticsearch.discovery.zen.ping.unicast] [node_t1] [1] received response from {node_t1}{V3UmTqTPRG--_Y5tLFOn4g}{127.0.0.1}{127.0.0.1:30222}[mode=>network]: [ping_response{node [{node_t1}{V3UmTqTPRG--_Y5tLFOn4g}{127.0.0.1}{127.0.0.1:30222}[mode=>network]], id[631], master [null], hasJoinedOnce [false], cluster_name[TEST-CHILD_VM=[1]-CLUSTER_SEED=[54518191272164154]-HASH=[26470AB1B9EE]-cluster]}, ping_response{node [{node_t1}{V3UmTqTPRG--_Y5tLFOn4g}{127.0.0.1}{127.0.0.1:30222}[mode=>network]], id[631], master [null], hasJoinedOnce [false], cluster_name[TEST-CHILD_VM=[1]-CLUSTER_SEED=[54518191272164154]-HASH=[26470AB1B9EE]-cluster]}, ping_response{node [{node_t2}{ldbZPMMhQWeYRkQfh06eYA}{127.0.0.1}{127.0.0.1:30223}[mode=>network]], id[635], master [null], hasJoinedOnce [false], cluster_name[TEST-CHILD_VM=[1]-CLUSTER_SEED=[54518191272164154]-HASH=[26470AB1B9EE]-cluster]}, ping_response{node [{node_t0}{ry16yC66T6mxcbDTGa_LcA}{127.0.0.1}{127.0.0.1:30221}[mode=>network]], id[640], master [null], hasJoinedOnce [false], cluster_name[TEST-CHILD_VM=[1]-CLUSTER_SEED=[54518191272164154]-HASH=[26470AB1B9EE]-cluster]}, ping_response{node [{node_t0}{ry16yC66T6mxcbDTGa_LcA}{127.0.0.1}{127.0.0.1:30221}[mode=>network]], id[640], master [null], hasJoinedOnce [false], cluster_name[TEST-CHILD_VM=[1]-CLUSTER_SEED=[54518191272164154]-HASH=[26470AB1B9EE]-cluster]}, ping_response{node [{node_t1}{V3UmTqTPRG--_Y5tLFOn4g}{127.0.0.1}{127.0.0.1:30222}[mode=>network]], id[647], master [null], hasJoinedOnce [false], cluster_name[TEST-CHILD_VM=[1]-CLUSTER_SEED=[54518191272164154]-HASH=[26470AB1B9EE]-cluster]}, ping_response{node [{node_t1}{V3UmTqTPRG--_Y5tLFOn4g}{127.0.0.1}{127.0.0.1:30222}[mode=>network]], id[647], master [null], hasJoinedOnce [false], cluster_name[TEST-CHILD_VM=[1]-CLUSTER_SEED=[54518191272164154]-HASH=[26470AB1B9EE]-cluster]}, ping_response{node [{node_t1}{V3UmTqTPRG--_Y5tLFOn4g}{127.0.0.1}{127.0.0.1:30222}[mode=>network]], id[650], master [null], hasJoinedOnce [false], cluster_name[TEST-CHILD_VM=[1]-CLUSTER_SEED=[54518191272164154]-HASH=[26470AB1B9EE]-cluster]}]
[2016-04-18 03:03:41,575][TRACE][org.elasticsearch.discovery.zen.ping.unicast] [node_t1] [1] received response from {#zen_unicast_1#}{127.0.0.1}{127.0.0.1:30221}: [ping_response{node [{node_t0}{ry16yC66T6mxcbDTGa_LcA}{127.0.0.1}{127.0.0.1:30221}[mode=>network]], id[628], master [null], hasJoinedOnce [false], cluster_name[TEST-CHILD_VM=[1]-CLUSTER_SEED=[54518191272164154]-HASH=[26470AB1B9EE]-cluster]}, ping_response{node [{node_t0}{ry16yC66T6mxcbDTGa_LcA}{127.0.0.1}{127.0.0.1:30221}[mode=>network]], id[628], master [null], hasJoinedOnce [false], cluster_name[TEST-CHILD_VM=[1]-CLUSTER_SEED=[54518191272164154]-HASH=[26470AB1B9EE]-cluster]}, ping_response{node [{node_t1}{V3UmTqTPRG--_Y5tLFOn4g}{127.0.0.1}{127.0.0.1:30222}[mode=>network]], id[631], master [null], hasJoinedOnce [false], cluster_name[TEST-CHILD_VM=[1]-CLUSTER_SEED=[54518191272164154]-HASH=[26470AB1B9EE]-cluster]}, ping_response{node [{node_t2}{ldbZPMMhQWeYRkQfh06eYA}{127.0.0.1}{127.0.0.1:30223}[mode=>network]], id[635], master [null], hasJoinedOnce [false], cluster_name[TEST-CHILD_VM=[1]-CLUSTER_SEED=[54518191272164154]-HASH=[26470AB1B9EE]-cluster]}, ping_response{node [{node_t0}{ry16yC66T6mxcbDTGa_LcA}{127.0.0.1}{127.0.0.1:30221}[mode=>network]], id[640], master [null], hasJoinedOnce [false], cluster_name[TEST-CHILD_VM=[1]-CLUSTER_SEED=[54518191272164154]-HASH=[26470AB1B9EE]-cluster]}, ping_response{node [{node_t0}{ry16yC66T6mxcbDTGa_LcA}{127.0.0.1}{127.0.0.1:30221}[mode=>network]], id[640], master [null], hasJoinedOnce [false], cluster_name[TEST-CHILD_VM=[1]-CLUSTER_SEED=[54518191272164154]-HASH=[26470AB1B9EE]-cluster]}, ping_response{node [{node_t1}{V3UmTqTPRG--_Y5tLFOn4g}{127.0.0.1}{127.0.0.1:30222}[mode=>network]], id[647], master [null], hasJoinedOnce [false], cluster_name[TEST-CHILD_VM=[1]-CLUSTER_SEED=[54518191272164154]-HASH=[26470AB1B9EE]-cluster]}, ping_response{node [{node_t0}{ry16yC66T6mxcbDTGa_LcA}{127.0.0.1}{127.0.0.1:30221}[mode=>network]], id[649], master [null], hasJoinedOnce [false], cluster_name[TEST-CHILD_VM=[1]-CLUSTER_SEED=[54518191272164154]-HASH=[26470AB1B9EE]-cluster]}]
[2016-04-18 03:03:41,576][TRACE][org.elasticsearch.discovery.zen.ping.unicast] [node_t1] replacing {node_t2}{ldbZPMMhQWeYRkQfh06eYA}{127.0.0.1}{127.0.0.1:30223}[mode=>network] with temp node {#zen_unicast_4_ldbZPMMhQWeYRkQfh06eYA#}{127.0.0.1}{127.0.0.1:30223}[mode=>network]
[2016-04-18 03:03:41,576][TRACE][org.elasticsearch.discovery.zen.ping.unicast] [node_t1] [1] connecting (light) to {#zen_unicast_4_ldbZPMMhQWeYRkQfh06eYA#}{127.0.0.1}{127.0.0.1:30223}[mode=>network]
[2016-04-18 03:03:41,577][TRACE][org.elasticsearch.discovery.zen.ping.unicast] [node_t1] [1] connected to {#zen_unicast_3#}{127.0.0.1}{127.0.0.1:30223}
[2016-04-18 03:03:41,577][TRACE][org.elasticsearch.discovery.zen.ping.unicast] [node_t1] [1] sending to {#zen_unicast_3#}{127.0.0.1}{127.0.0.1:30223}
[2016-04-18 03:03:41,576][TRACE][org.elasticsearch.discovery.zen.ping.unicast] [node_t1] replacing {node_t0}{ry16yC66T6mxcbDTGa_LcA}{127.0.0.1}{127.0.0.1:30221}[mode=>network] with temp node {#zen_unicast_5_ry16yC66T6mxcbDTGa_LcA#}{127.0.0.1}{127.0.0.1:30221}[mode=>network]
[2016-04-18 03:03:41,577][TRACE][org.elasticsearch.discovery.zen.ping.unicast] [node_t1] [1] received response from {#zen_unicast_3#}{127.0.0.1}{127.0.0.1:30223}: [ping_response{node [{node_t2}{ldbZPMMhQWeYRkQfh06eYA}{127.0.0.1}{127.0.0.1:30223}[mode=>network]], id[635], master [null], hasJoinedOnce [false], cluster_name[TEST-CHILD_VM=[1]-CLUSTER_SEED=[54518191272164154]-HASH=[26470AB1B9EE]-cluster]}, ping_response{node [{node_t2}{ldbZPMMhQWeYRkQfh06eYA}{127.0.0.1}{127.0.0.1:30223}[mode=>network]], id[635], master [null], hasJoinedOnce [false], cluster_name[TEST-CHILD_VM=[1]-CLUSTER_SEED=[54518191272164154]-HASH=[26470AB1B9EE]-cluster]}, ping_response{node [{node_t0}{ry16yC66T6mxcbDTGa_LcA}{127.0.0.1}{127.0.0.1:30221}[mode=>network]], id[640], master [null], hasJoinedOnce [false], cluster_name[TEST-CHILD_VM=[1]-CLUSTER_SEED=[54518191272164154]-HASH=[26470AB1B9EE]-cluster]}, ping_response{node [{node_t0}{ry16yC66T6mxcbDTGa_LcA}{127.0.0.1}{127.0.0.1:30221}[mode=>network]], id[640], master [null], hasJoinedOnce [false], cluster_name[TEST-CHILD_VM=[1]-CLUSTER_SEED=[54518191272164154]-HASH=[26470AB1B9EE]-cluster]}, ping_response{node [{node_t1}{V3UmTqTPRG--_Y5tLFOn4g}{127.0.0.1}{127.0.0.1:30222}[mode=>network]], id[647], master [null], hasJoinedOnce [false], cluster_name[TEST-CHILD_VM=[1]-CLUSTER_SEED=[54518191272164154]-HASH=[26470AB1B9EE]-cluster]}, ping_response{node [{node_t2}{ldbZPMMhQWeYRkQfh06eYA}{127.0.0.1}{127.0.0.1:30223}[mode=>network]], id[651], master [null], hasJoinedOnce [false], cluster_name[TEST-CHILD_VM=[1]-CLUSTER_SEED=[54518191272164154]-HASH=[26470AB1B9EE]-cluster]}]
[2016-04-18 03:03:41,578][TRACE][org.elasticsearch.discovery.zen.ping.unicast] [node_t1] [1] connected to {node_t2}{ldbZPMMhQWeYRkQfh06eYA}{127.0.0.1}{127.0.0.1:30223}[mode=>network]
[2016-04-18 03:03:41,578][TRACE][org.elasticsearch.discovery.zen.ping.unicast] [node_t1] [1] sending to {#zen_unicast_4_ldbZPMMhQWeYRkQfh06eYA#}{127.0.0.1}{127.0.0.1:30223}[mode=>network]
[2016-04-18 03:03:41,578][TRACE][org.elasticsearch.discovery.zen.ping.unicast] [node_t1] [1] received response from {#zen_unicast_4_ldbZPMMhQWeYRkQfh06eYA#}{127.0.0.1}{127.0.0.1:30223}[mode=>network]: [ping_response{node [{node_t2}{ldbZPMMhQWeYRkQfh06eYA}{127.0.0.1}{127.0.0.1:30223}[mode=>network]], id[635], master [null], hasJoinedOnce [false], cluster_name[TEST-CHILD_VM=[1]-CLUSTER_SEED=[54518191272164154]-HASH=[26470AB1B9EE]-cluster]}, ping_response{node [{node_t2}{ldbZPMMhQWeYRkQfh06eYA}{127.0.0.1}{127.0.0.1:30223}[mode=>network]], id[635], master [null], hasJoinedOnce [false], cluster_name[TEST-CHILD_VM=[1]-CLUSTER_SEED=[54518191272164154]-HASH=[26470AB1B9EE]-cluster]}, ping_response{node [{node_t0}{ry16yC66T6mxcbDTGa_LcA}{127.0.0.1}{127.0.0.1:30221}[mode=>network]], id[640], master [null], hasJoinedOnce [false], cluster_name[TEST-CHILD_VM=[1]-CLUSTER_SEED=[54518191272164154]-HASH=[26470AB1B9EE]-cluster]}, ping_response{node [{node_t0}{ry16yC66T6mxcbDTGa_LcA}{127.0.0.1}{127.0.0.1:30221}[mode=>network]], id[640], master [null], hasJoinedOnce [false], cluster_name[TEST-CHILD_VM=[1]-CLUSTER_SEED=[54518191272164154]-HASH=[26470AB1B9EE]-cluster]}, ping_response{node [{node_t1}{V3UmTqTPRG--_Y5tLFOn4g}{127.0.0.1}{127.0.0.1:30222}[mode=>network]], id[647], master [null], hasJoinedOnce [false], cluster_name[TEST-CHILD_VM=[1]-CLUSTER_SEED=[54518191272164154]-HASH=[26470AB1B9EE]-cluster]}, ping_response{node [{node_t1}{V3UmTqTPRG--_Y5tLFOn4g}{127.0.0.1}{127.0.0.1:30222}[mode=>network]], id[647], master [null], hasJoinedOnce [false], cluster_name[TEST-CHILD_VM=[1]-CLUSTER_SEED=[54518191272164154]-HASH=[26470AB1B9EE]-cluster]}, ping_response{node [{node_t2}{ldbZPMMhQWeYRkQfh06eYA}{127.0.0.1}{127.0.0.1:30223}[mode=>network]], id[652], master [null], hasJoinedOnce [false], cluster_name[TEST-CHILD_VM=[1]-CLUSTER_SEED=[54518191272164154]-HASH=[26470AB1B9EE]-cluster]}]
[2016-04-18 03:03:41,579][TRACE][org.elasticsearch.discovery.zen.ping.unicast] [node_t1] [1] connecting (light) to {#zen_unicast_5_ry16yC66T6mxcbDTGa_LcA#}{127.0.0.1}{127.0.0.1:30221}[mode=>network]
[2016-04-18 03:03:41,580][TRACE][org.elasticsearch.discovery.zen.ping.unicast] [node_t1] [1] connected to {node_t0}{ry16yC66T6mxcbDTGa_LcA}{127.0.0.1}{127.0.0.1:30221}[mode=>network]
[2016-04-18 03:03:41,580][TRACE][org.elasticsearch.discovery.zen.ping.unicast] [node_t1] [1] sending to {#zen_unicast_5_ry16yC66T6mxcbDTGa_LcA#}{127.0.0.1}{127.0.0.1:30221}[mode=>network]
[2016-04-18 03:03:41,581][TRACE][org.elasticsearch.discovery.zen.ping.unicast] [node_t1] [1] received response from {#zen_unicast_5_ry16yC66T6mxcbDTGa_LcA#}{127.0.0.1}{127.0.0.1:30221}[mode=>network]: [ping_response{node [{node_t0}{ry16yC66T6mxcbDTGa_LcA}{127.0.0.1}{127.0.0.1:30221}[mode=>network]], id[628], master [null], hasJoinedOnce [false], cluster_name[TEST-CHILD_VM=[1]-CLUSTER_SEED=[54518191272164154]-HASH=[26470AB1B9EE]-cluster]}, ping_response{node [{node_t0}{ry16yC66T6mxcbDTGa_LcA}{127.0.0.1}{127.0.0.1:30221}[mode=>network]], id[628], master [null], hasJoinedOnce [false], cluster_name[TEST-CHILD_VM=[1]-CLUSTER_SEED=[54518191272164154]-HASH=[26470AB1B9EE]-cluster]}, ping_response{node [{node_t1}{V3UmTqTPRG--_Y5tLFOn4g}{127.0.0.1}{127.0.0.1:30222}[mode=>network]], id[631], master [null], hasJoinedOnce [false], cluster_name[TEST-CHILD_VM=[1]-CLUSTER_SEED=[54518191272164154]-HASH=[26470AB1B9EE]-cluster]}, ping_response{node [{node_t2}{ldbZPMMhQWeYRkQfh06eYA}{127.0.0.1}{127.0.0.1:30223}[mode=>network]], id[635], master [null], hasJoinedOnce [false], cluster_name[TEST-CHILD_VM=[1]-CLUSTER_SEED=[54518191272164154]-HASH=[26470AB1B9EE]-cluster]}, ping_response{node [{node_t0}{ry16yC66T6mxcbDTGa_LcA}{127.0.0.1}{127.0.0.1:30221}[mode=>network]], id[640], master [null], hasJoinedOnce [false], cluster_name[TEST-CHILD_VM=[1]-CLUSTER_SEED=[54518191272164154]-HASH=[26470AB1B9EE]-cluster]}, ping_response{node [{node_t0}{ry16yC66T6mxcbDTGa_LcA}{127.0.0.1}{127.0.0.1:30221}[mode=>network]], id[640], master [null], hasJoinedOnce [false], cluster_name[TEST-CHILD_VM=[1]-CLUSTER_SEED=[54518191272164154]-HASH=[26470AB1B9EE]-cluster]}, ping_response{node [{node_t1}{V3UmTqTPRG--_Y5tLFOn4g}{127.0.0.1}{127.0.0.1:30222}[mode=>network]], id[647], master [null], hasJoinedOnce [false], cluster_name[TEST-CHILD_VM=[1]-CLUSTER_SEED=[54518191272164154]-HASH=[26470AB1B9EE]-cluster]}, ping_response{node [{node_t1}{V3UmTqTPRG--_Y5tLFOn4g}{127.0.0.1}{127.0.0.1:30222}[mode=>network]], id[647], master [null], hasJoinedOnce [false], cluster_name[TEST-CHILD_VM=[1]-CLUSTER_SEED=[54518191272164154]-HASH=[26470AB1B9EE]-cluster]}, ping_response{node [{node_t0}{ry16yC66T6mxcbDTGa_LcA}{127.0.0.1}{127.0.0.1:30221}[mode=>network]], id[653], master [null], hasJoinedOnce [false], cluster_name[TEST-CHILD_VM=[1]-CLUSTER_SEED=[54518191272164154]-HASH=[26470AB1B9EE]-cluster]}]
[2016-04-18 03:03:41,610][TRACE][org.elasticsearch.discovery.zen.ping.unicast] [node_t2] [1] sending to {#zen_unicast_1#}{127.0.0.1}{127.0.0.1:30221}
[2016-04-18 03:03:41,610][TRACE][org.elasticsearch.discovery.zen.ping.unicast] [node_t2] [1] sending to {#zen_unicast_2#}{127.0.0.1}{127.0.0.1:30222}
[2016-04-18 03:03:41,610][TRACE][org.elasticsearch.discovery.zen.ping.unicast] [node_t2] [1] sending to {node_t2}{ldbZPMMhQWeYRkQfh06eYA}{127.0.0.1}{127.0.0.1:30223}[mode=>network]
[2016-04-18 03:03:41,610][TRACE][org.elasticsearch.discovery.zen.ping.unicast] [node_t2] [1] received response from {node_t2}{ldbZPMMhQWeYRkQfh06eYA}{127.0.0.1}{127.0.0.1:30223}[mode=>network]: [ping_response{node [{node_t2}{ldbZPMMhQWeYRkQfh06eYA}{127.0.0.1}{127.0.0.1:30223}[mode=>network]], id[635], master [null], hasJoinedOnce [false], cluster_name[TEST-CHILD_VM=[1]-CLUSTER_SEED=[54518191272164154]-HASH=[26470AB1B9EE]-cluster]}, ping_response{node [{node_t2}{ldbZPMMhQWeYRkQfh06eYA}{127.0.0.1}{127.0.0.1:30223}[mode=>network]], id[635], master [null], hasJoinedOnce [false], cluster_name[TEST-CHILD_VM=[1]-CLUSTER_SEED=[54518191272164154]-HASH=[26470AB1B9EE]-cluster]}, ping_response{node [{node_t0}{ry16yC66T6mxcbDTGa_LcA}{127.0.0.1}{127.0.0.1:30221}[mode=>network]], id[640], master [null], hasJoinedOnce [false], cluster_name[TEST-CHILD_VM=[1]-CLUSTER_SEED=[54518191272164154]-HASH=[26470AB1B9EE]-cluster]}, ping_response{node [{node_t0}{ry16yC66T6mxcbDTGa_LcA}{127.0.0.1}{127.0.0.1:30221}[mode=>network]], id[640], master [null], hasJoinedOnce [false], cluster_name[TEST-CHILD_VM=[1]-CLUSTER_SEED=[54518191272164154]-HASH=[26470AB1B9EE]-cluster]}, ping_response{node [{node_t1}{V3UmTqTPRG--_Y5tLFOn4g}{127.0.0.1}{127.0.0.1:30222}[mode=>network]], id[647], master [null], hasJoinedOnce [false], cluster_name[TEST-CHILD_VM=[1]-CLUSTER_SEED=[54518191272164154]-HASH=[26470AB1B9EE]-cluster]}, ping_response{node [{node_t1}{V3UmTqTPRG--_Y5tLFOn4g}{127.0.0.1}{127.0.0.1:30222}[mode=>network]], id[647], master [null], hasJoinedOnce [false], cluster_name[TEST-CHILD_VM=[1]-CLUSTER_SEED=[54518191272164154]-HASH=[26470AB1B9EE]-cluster]}, ping_response{node [{node_t2}{ldbZPMMhQWeYRkQfh06eYA}{127.0.0.1}{127.0.0.1:30223}[mode=>network]], id[654], master [null], hasJoinedOnce [false], cluster_name[TEST-CHILD_VM=[1]-CLUSTER_SEED=[54518191272164154]-HASH=[26470AB1B9EE]-cluster]}, ping_response{node [{node_t2}{ldbZPMMhQWeYRkQfh06eYA}{127.0.0.1}{127.0.0.1:30223}[mode=>network]], id[656], master [null], hasJoinedOnce [false], cluster_name[TEST-CHILD_VM=[1]-CLUSTER_SEED=[54518191272164154]-HASH=[26470AB1B9EE]-cluster]}]
[2016-04-18 03:03:41,610][TRACE][org.elasticsearch.discovery.zen.ping.unicast] [node_t2] [1] received response from {#zen_unicast_1#}{127.0.0.1}{127.0.0.1:30221}: [ping_response{node [{node_t0}{ry16yC66T6mxcbDTGa_LcA}{127.0.0.1}{127.0.0.1:30221}[mode=>network]], id[628], master [null], hasJoinedOnce [false], cluster_name[TEST-CHILD_VM=[1]-CLUSTER_SEED=[54518191272164154]-HASH=[26470AB1B9EE]-cluster]}, ping_response{node [{node_t0}{ry16yC66T6mxcbDTGa_LcA}{127.0.0.1}{127.0.0.1:30221}[mode=>network]], id[628], master [null], hasJoinedOnce [false], cluster_name[TEST-CHILD_VM=[1]-CLUSTER_SEED=[54518191272164154]-HASH=[26470AB1B9EE]-cluster]}, ping_response{node [{node_t1}{V3UmTqTPRG--_Y5tLFOn4g}{127.0.0.1}{127.0.0.1:30222}[mode=>network]], id[631], master [null], hasJoinedOnce [false], cluster_name[TEST-CHILD_VM=[1]-CLUSTER_SEED=[54518191272164154]-HASH=[26470AB1B9EE]-cluster]}, ping_response{node [{node_t2}{ldbZPMMhQWeYRkQfh06eYA}{127.0.0.1}{127.0.0.1:30223}[mode=>network]], id[635], master [null], hasJoinedOnce [false], cluster_name[TEST-CHILD_VM=[1]-CLUSTER_SEED=[54518191272164154]-HASH=[26470AB1B9EE]-cluster]}, ping_response{node [{node_t0}{ry16yC66T6mxcbDTGa_LcA}{127.0.0.1}{127.0.0.1:30221}[mode=>network]], id[640], master [null], hasJoinedOnce [false], cluster_name[TEST-CHILD_VM=[1]-CLUSTER_SEED=[54518191272164154]-HASH=[26470AB1B9EE]-cluster]}, ping_response{node [{node_t0}{ry16yC66T6mxcbDTGa_LcA}{127.0.0.1}{127.0.0.1:30221}[mode=>network]], id[640], master [null], hasJoinedOnce [false], cluster_name[TEST-CHILD_VM=[1]-CLUSTER_SEED=[54518191272164154]-HASH=[26470AB1B9EE]-cluster]}, ping_response{node [{node_t1}{V3UmTqTPRG--_Y5tLFOn4g}{127.0.0.1}{127.0.0.1:30222}[mode=>network]], id[647], master [null], hasJoinedOnce [false], cluster_name[TEST-CHILD_VM=[1]-CLUSTER_SEED=[54518191272164154]-HASH=[26470AB1B9EE]-cluster]}, ping_response{node [{node_t1}{V3UmTqTPRG--_Y5tLFOn4g}{127.0.0.1}{127.0.0.1:30222}[mode=>network]], id[647], master [null], hasJoinedOnce [false], cluster_name[TEST-CHILD_VM=[1]-CLUSTER_SEED=[54518191272164154]-HASH=[26470AB1B9EE]-cluster]}, ping_response{node [{node_t2}{ldbZPMMhQWeYRkQfh06eYA}{127.0.0.1}{127.0.0.1:30223}[mode=>network]], id[654], master [null], hasJoinedOnce [false], cluster_name[TEST-CHILD_VM=[1]-CLUSTER_SEED=[54518191272164154]-HASH=[26470AB1B9EE]-cluster]}, ping_response{node [{node_t0}{ry16yC66T6mxcbDTGa_LcA}{127.0.0.1}{127.0.0.1:30221}[mode=>network]], id[655], master [null], hasJoinedOnce [false], cluster_name[TEST-CHILD_VM=[1]-CLUSTER_SEED=[54518191272164154]-HASH=[26470AB1B9EE]-cluster]}]
[2016-04-18 03:03:41,611][TRACE][org.elasticsearch.discovery.zen.ping.unicast] [node_t2] replacing {node_t1}{V3UmTqTPRG--_Y5tLFOn4g}{127.0.0.1}{127.0.0.1:30222}[mode=>network] with temp node {#zen_unicast_4_V3UmTqTPRG--_Y5tLFOn4g#}{127.0.0.1}{127.0.0.1:30222}[mode=>network]
[2016-04-18 03:03:41,611][TRACE][org.elasticsearch.discovery.zen.ping.unicast] [node_t2] [1] received response from {#zen_unicast_2#}{127.0.0.1}{127.0.0.1:30222}: [ping_response{node [{node_t1}{V3UmTqTPRG--_Y5tLFOn4g}{127.0.0.1}{127.0.0.1:30222}[mode=>network]], id[631], master [null], hasJoinedOnce [false], cluster_name[TEST-CHILD_VM=[1]-CLUSTER_SEED=[54518191272164154]-HASH=[26470AB1B9EE]-cluster]}, ping_response{node [{node_t1}{V3UmTqTPRG--_Y5tLFOn4g}{127.0.0.1}{127.0.0.1:30222}[mode=>network]], id[631], master [null], hasJoinedOnce [false], cluster_name[TEST-CHILD_VM=[1]-CLUSTER_SEED=[54518191272164154]-HASH=[26470AB1B9EE]-cluster]}, ping_response{node [{node_t2}{ldbZPMMhQWeYRkQfh06eYA}{127.0.0.1}{127.0.0.1:30223}[mode=>network]], id[635], master [null], hasJoinedOnce [false], cluster_name[TEST-CHILD_VM=[1]-CLUSTER_SEED=[54518191272164154]-HASH=[26470AB1B9EE]-cluster]}, ping_response{node [{node_t0}{ry16yC66T6mxcbDTGa_LcA}{127.0.0.1}{127.0.0.1:30221}[mode=>network]], id[640], master [null], hasJoinedOnce [false], cluster_name[TEST-CHILD_VM=[1]-CLUSTER_SEED=[54518191272164154]-HASH=[26470AB1B9EE]-cluster]}, ping_response{node [{node_t0}{ry16yC66T6mxcbDTGa_LcA}{127.0.0.1}{127.0.0.1:30221}[mode=>network]], id[640], master [null], hasJoinedOnce [false], cluster_name[TEST-CHILD_VM=[1]-CLUSTER_SEED=[54518191272164154]-HASH=[26470AB1B9EE]-cluster]}, ping_response{node [{node_t1}{V3UmTqTPRG--_Y5tLFOn4g}{127.0.0.1}{127.0.0.1:30222}[mode=>network]], id[647], master [null], hasJoinedOnce [false], cluster_name[TEST-CHILD_VM=[1]-CLUSTER_SEED=[54518191272164154]-HASH=[26470AB1B9EE]-cluster]}, ping_response{node [{node_t1}{V3UmTqTPRG--_Y5tLFOn4g}{127.0.0.1}{127.0.0.1:30222}[mode=>network]], id[647], master [null], hasJoinedOnce [false], cluster_name[TEST-CHILD_VM=[1]-CLUSTER_SEED=[54518191272164154]-HASH=[26470AB1B9EE]-cluster]}, ping_response{node [{node_t2}{ldbZPMMhQWeYRkQfh06eYA}{127.0.0.1}{127.0.0.1:30223}[mode=>network]], id[654], master [null], hasJoinedOnce [false], cluster_name[TEST-CHILD_VM=[1]-CLUSTER_SEED=[54518191272164154]-HASH=[26470AB1B9EE]-cluster]}, ping_response{node [{node_t1}{V3UmTqTPRG--_Y5tLFOn4g}{127.0.0.1}{127.0.0.1:30222}[mode=>network]], id[657], master [null], hasJoinedOnce [false], cluster_name[TEST-CHILD_VM=[1]-CLUSTER_SEED=[54518191272164154]-HASH=[26470AB1B9EE]-cluster]}]
[2016-04-18 03:03:41,612][TRACE][org.elasticsearch.discovery.zen.ping.unicast] [node_t2] [1] connecting (light) to {#zen_unicast_4_V3UmTqTPRG--_Y5tLFOn4g#}{127.0.0.1}{127.0.0.1:30222}[mode=>network]
[2016-04-18 03:03:41,612][TRACE][org.elasticsearch.discovery.zen.ping.unicast] [node_t2] [1] sending to {node_t2}{ldbZPMMhQWeYRkQfh06eYA}{127.0.0.1}{127.0.0.1:30223}[mode=>network]
[2016-04-18 03:03:41,612][TRACE][org.elasticsearch.discovery.zen.ping.unicast] [node_t2] [1] received response from {node_t2}{ldbZPMMhQWeYRkQfh06eYA}{127.0.0.1}{127.0.0.1:30223}[mode=>network]: [ping_response{node [{node_t2}{ldbZPMMhQWeYRkQfh06eYA}{127.0.0.1}{127.0.0.1:30223}[mode=>network]], id[635], master [null], hasJoinedOnce [false], cluster_name[TEST-CHILD_VM=[1]-CLUSTER_SEED=[54518191272164154]-HASH=[26470AB1B9EE]-cluster]}, ping_response{node [{node_t2}{ldbZPMMhQWeYRkQfh06eYA}{127.0.0.1}{127.0.0.1:30223}[mode=>network]], id[635], master [null], hasJoinedOnce [false], cluster_name[TEST-CHILD_VM=[1]-CLUSTER_SEED=[54518191272164154]-HASH=[26470AB1B9EE]-cluster]}, ping_response{node [{node_t0}{ry16yC66T6mxcbDTGa_LcA}{127.0.0.1}{127.0.0.1:30221}[mode=>network]], id[640], master [null], hasJoinedOnce [false], cluster_name[TEST-CHILD_VM=[1]-CLUSTER_SEED=[54518191272164154]-HASH=[26470AB1B9EE]-cluster]}, ping_response{node [{node_t0}{ry16yC66T6mxcbDTGa_LcA}{127.0.0.1}{127.0.0.1:30221}[mode=>network]], id[640], master [null], hasJoinedOnce [false], cluster_name[TEST-CHILD_VM=[1]-CLUSTER_SEED=[54518191272164154]-HASH=[26470AB1B9EE]-cluster]}, ping_response{node [{node_t1}{V3UmTqTPRG--_Y5tLFOn4g}{127.0.0.1}{127.0.0.1:30222}[mode=>network]], id[647], master [null], hasJoinedOnce [false], cluster_name[TEST-CHILD_VM=[1]-CLUSTER_SEED=[54518191272164154]-HASH=[26470AB1B9EE]-cluster]}, ping_response{node [{node_t1}{V3UmTqTPRG--_Y5tLFOn4g}{127.0.0.1}{127.0.0.1:30222}[mode=>network]], id[647], master [null], hasJoinedOnce [false], cluster_name[TEST-CHILD_VM=[1]-CLUSTER_SEED=[54518191272164154]-HASH=[26470AB1B9EE]-cluster]}, ping_response{node [{node_t2}{ldbZPMMhQWeYRkQfh06eYA}{127.0.0.1}{127.0.0.1:30223}[mode=>network]], id[654], master [null], hasJoinedOnce [false], cluster_name[TEST-CHILD_VM=[1]-CLUSTER_SEED=[54518191272164154]-HASH=[26470AB1B9EE]-cluster]}, ping_response{node [{node_t2}{ldbZPMMhQWeYRkQfh06eYA}{127.0.0.1}{127.0.0.1:30223}[mode=>network]], id[654], master [null], hasJoinedOnce [false], cluster_name[TEST-CHILD_VM=[1]-CLUSTER_SEED=[54518191272164154]-HASH=[26470AB1B9EE]-cluster]}, ping_response{node [{node_t2}{ldbZPMMhQWeYRkQfh06eYA}{127.0.0.1}{127.0.0.1:30223}[mode=>network]], id[658], master [null], hasJoinedOnce [false], cluster_name[TEST-CHILD_VM=[1]-CLUSTER_SEED=[54518191272164154]-HASH=[26470AB1B9EE]-cluster]}]
[2016-04-18 03:03:41,612][TRACE][org.elasticsearch.discovery.zen.ping.unicast] [node_t2] replacing {node_t0}{ry16yC66T6mxcbDTGa_LcA}{127.0.0.1}{127.0.0.1:30221}[mode=>network] with temp node {#zen_unicast_5_ry16yC66T6mxcbDTGa_LcA#}{127.0.0.1}{127.0.0.1:30221}[mode=>network]
[2016-04-18 03:03:41,612][TRACE][org.elasticsearch.discovery.zen.ping.unicast] [node_t2] [1] connected to {node_t1}{V3UmTqTPRG--_Y5tLFOn4g}{127.0.0.1}{127.0.0.1:30222}[mode=>network]
[2016-04-18 03:03:41,613][TRACE][org.elasticsearch.discovery.zen.ping.unicast] [node_t2] [1] connecting (light) to {#zen_unicast_5_ry16yC66T6mxcbDTGa_LcA#}{127.0.0.1}{127.0.0.1:30221}[mode=>network]
[2016-04-18 03:03:41,613][TRACE][org.elasticsearch.discovery.zen.ping.unicast] [node_t2] [1] sending to {#zen_unicast_4_V3UmTqTPRG--_Y5tLFOn4g#}{127.0.0.1}{127.0.0.1:30222}[mode=>network]
[2016-04-18 03:03:41,613][TRACE][org.elasticsearch.discovery.zen.ping.unicast] [node_t2] [1] connected to {node_t0}{ry16yC66T6mxcbDTGa_LcA}{127.0.0.1}{127.0.0.1:30221}[mode=>network]
[2016-04-18 03:03:41,613][TRACE][org.elasticsearch.discovery.zen.ping.unicast] [node_t2] [1] sending to {#zen_unicast_5_ry16yC66T6mxcbDTGa_LcA#}{127.0.0.1}{127.0.0.1:30221}[mode=>network]
[2016-04-18 03:03:41,613][TRACE][org.elasticsearch.discovery.zen.ping.unicast] [node_t2] [1] received response from {#zen_unicast_4_V3UmTqTPRG--_Y5tLFOn4g#}{127.0.0.1}{127.0.0.1:30222}[mode=>network]: [ping_response{node [{node_t1}{V3UmTqTPRG--_Y5tLFOn4g}{127.0.0.1}{127.0.0.1:30222}[mode=>network]], id[631], master [null], hasJoinedOnce [false], cluster_name[TEST-CHILD_VM=[1]-CLUSTER_SEED=[54518191272164154]-HASH=[26470AB1B9EE]-cluster]}, ping_response{node [{node_t1}{V3UmTqTPRG--_Y5tLFOn4g}{127.0.0.1}{127.0.0.1:30222}[mode=>network]], id[631], master [null], hasJoinedOnce [false], cluster_name[TEST-CHILD_VM=[1]-CLUSTER_SEED=[54518191272164154]-HASH=[26470AB1B9EE]-cluster]}, ping_response{node [{node_t2}{ldbZPMMhQWeYRkQfh06eYA}{127.0.0.1}{127.0.0.1:30223}[mode=>network]], id[635], master [null], hasJoinedOnce [false], cluster_name[TEST-CHILD_VM=[1]-CLUSTER_SEED=[54518191272164154]-HASH=[26470AB1B9EE]-cluster]}, ping_response{node [{node_t0}{ry16yC66T6mxcbDTGa_LcA}{127.0.0.1}{127.0.0.1:30221}[mode=>network]], id[640], master [null], hasJoinedOnce [false], cluster_name[TEST-CHILD_VM=[1]-CLUSTER_SEED=[54518191272164154]-HASH=[26470AB1B9EE]-cluster]}, ping_response{node [{node_t0}{ry16yC66T6mxcbDTGa_LcA}{127.0.0.1}{127.0.0.1:30221}[mode=>network]], id[640], master [null], hasJoinedOnce [false], cluster_name[TEST-CHILD_VM=[1]-CLUSTER_SEED=[54518191272164154]-HASH=[26470AB1B9EE]-cluster]}, ping_response{node [{node_t1}{V3UmTqTPRG--_Y5tLFOn4g}{127.0.0.1}{127.0.0.1:30222}[mode=>network]], id[647], master [null], hasJoinedOnce [false], cluster_name[TEST-CHILD_VM=[1]-CLUSTER_SEED=[54518191272164154]-HASH=[26470AB1B9EE]-cluster]}, ping_response{node [{node_t1}{V3UmTqTPRG--_Y5tLFOn4g}{127.0.0.1}{127.0.0.1:30222}[mode=>network]], id[647], master [null], hasJoinedOnce [false], cluster_name[TEST-CHILD_VM=[1]-CLUSTER_SEED=[54518191272164154]-HASH=[26470AB1B9EE]-cluster]}, ping_response{node [{node_t2}{ldbZPMMhQWeYRkQfh06eYA}{127.0.0.1}{127.0.0.1:30223}[mode=>network]], id[654], master [null], hasJoinedOnce [false], cluster_name[TEST-CHILD_VM=[1]-CLUSTER_SEED=[54518191272164154]-HASH=[26470AB1B9EE]-cluster]}, ping_response{node [{node_t2}{ldbZPMMhQWeYRkQfh06eYA}{127.0.0.1}{127.0.0.1:30223}[mode=>network]], id[654], master [null], hasJoinedOnce [false], cluster_name[TEST-CHILD_VM=[1]-CLUSTER_SEED=[54518191272164154]-HASH=[26470AB1B9EE]-cluster]}, ping_response{node [{node_t1}{V3UmTqTPRG--_Y5tLFOn4g}{127.0.0.1}{127.0.0.1:30222}[mode=>network]], id[659], master [null], hasJoinedOnce [false], cluster_name[TEST-CHILD_VM=[1]-CLUSTER_SEED=[54518191272164154]-HASH=[26470AB1B9EE]-cluster]}]
[2016-04-18 03:03:41,614][TRACE][org.elasticsearch.discovery.zen.ping.unicast] [node_t2] [1] received response from {#zen_unicast_5_ry16yC66T6mxcbDTGa_LcA#}{127.0.0.1}{127.0.0.1:30221}[mode=>network]: [ping_response{node [{node_t0}{ry16yC66T6mxcbDTGa_LcA}{127.0.0.1}{127.0.0.1:30221}[mode=>network]], id[628], master [null], hasJoinedOnce [false], cluster_name[TEST-CHILD_VM=[1]-CLUSTER_SEED=[54518191272164154]-HASH=[26470AB1B9EE]-cluster]}, ping_response{node [{node_t0}{ry16yC66T6mxcbDTGa_LcA}{127.0.0.1}{127.0.0.1:30221}[mode=>network]], id[628], master [null], hasJoinedOnce [false], cluster_name[TEST-CHILD_VM=[1]-CLUSTER_SEED=[54518191272164154]-HASH=[26470AB1B9EE]-cluster]}, ping_response{node [{node_t1}{V3UmTqTPRG--_Y5tLFOn4g}{127.0.0.1}{127.0.0.1:30222}[mode=>network]], id[631], master [null], hasJoinedOnce [false], cluster_name[TEST-CHILD_VM=[1]-CLUSTER_SEED=[54518191272164154]-HASH=[26470AB1B9EE]-cluster]}, ping_response{node [{node_t2}{ldbZPMMhQWeYRkQfh06eYA}{127.0.0.1}{127.0.0.1:30223}[mode=>network]], id[635], master [null], hasJoinedOnce [false], cluster_name[TEST-CHILD_VM=[1]-CLUSTER_SEED=[54518191272164154]-HASH=[26470AB1B9EE]-cluster]}, ping_response{node [{node_t0}{ry16yC66T6mxcbDTGa_LcA}{127.0.0.1}{127.0.0.1:30221}[mode=>network]], id[640], master [null], hasJoinedOnce [false], cluster_name[TEST-CHILD_VM=[1]-CLUSTER_SEED=[54518191272164154]-HASH=[26470AB1B9EE]-cluster]}, ping_response{node [{node_t0}{ry16yC66T6mxcbDTGa_LcA}{127.0.0.1}{127.0.0.1:30221}[mode=>network]], id[640], master [null], hasJoinedOnce [false], cluster_name[TEST-CHILD_VM=[1]-CLUSTER_SEED=[54518191272164154]-HASH=[26470AB1B9EE]-cluster]}, ping_response{node [{node_t1}{V3UmTqTPRG--_Y5tLFOn4g}{127.0.0.1}{127.0.0.1:30222}[mode=>network]], id[647], master [null], hasJoinedOnce [false], cluster_name[TEST-CHILD_VM=[1]-CLUSTER_SEED=[54518191272164154]-HASH=[26470AB1B9EE]-cluster]}, ping_response{node [{node_t1}{V3UmTqTPRG--_Y5tLFOn4g}{127.0.0.1}{127.0.0.1:30222}[mode=>network]], id[647], master [null], hasJoinedOnce [false], cluster_name[TEST-CHILD_VM=[1]-CLUSTER_SEED=[54518191272164154]-HASH=[26470AB1B9EE]-cluster]}, ping_response{node [{node_t2}{ldbZPMMhQWeYRkQfh06eYA}{127.0.0.1}{127.0.0.1:30223}[mode=>network]], id[654], master [null], hasJoinedOnce [false], cluster_name[TEST-CHILD_VM=[1]-CLUSTER_SEED=[54518191272164154]-HASH=[26470AB1B9EE]-cluster]}, ping_response{node [{node_t2}{ldbZPMMhQWeYRkQfh06eYA}{127.0.0.1}{127.0.0.1:30223}[mode=>network]], id[654], master [null], hasJoinedOnce [false], cluster_name[TEST-CHILD_VM=[1]-CLUSTER_SEED=[54518191272164154]-HASH=[26470AB1B9EE]-cluster]}, ping_response{node [{node_t0}{ry16yC66T6mxcbDTGa_LcA}{127.0.0.1}{127.0.0.1:30221}[mode=>network]], id[660], master [null], hasJoinedOnce [false], cluster_name[TEST-CHILD_VM=[1]-CLUSTER_SEED=[54518191272164154]-HASH=[26470AB1B9EE]-cluster]}]
[2016-04-18 03:03:43,049][TRACE][org.elasticsearch.discovery.zen.ping.unicast] [node_t0] [1] sending to {node_t0}{ry16yC66T6mxcbDTGa_LcA}{127.0.0.1}{127.0.0.1:30221}[mode=>network]
[2016-04-18 03:03:43,049][TRACE][org.elasticsearch.discovery.zen.ping.unicast] [node_t0] [1] received response from {node_t0}{ry16yC66T6mxcbDTGa_LcA}{127.0.0.1}{127.0.0.1:30221}[mode=>network]: [ping_response{node [{node_t0}{ry16yC66T6mxcbDTGa_LcA}{127.0.0.1}{127.0.0.1:30221}[mode=>network]], id[628], master [null], hasJoinedOnce [false], cluster_name[TEST-CHILD_VM=[1]-CLUSTER_SEED=[54518191272164154]-HASH=[26470AB1B9EE]-cluster]}, ping_response{node [{node_t0}{ry16yC66T6mxcbDTGa_LcA}{127.0.0.1}{127.0.0.1:30221}[mode=>network]], id[628], master [null], hasJoinedOnce [false], cluster_name[TEST-CHILD_VM=[1]-CLUSTER_SEED=[54518191272164154]-HASH=[26470AB1B9EE]-cluster]}, ping_response{node [{node_t1}{V3UmTqTPRG--_Y5tLFOn4g}{127.0.0.1}{127.0.0.1:30222}[mode=>network]], id[631], master [null], hasJoinedOnce [false], cluster_name[TEST-CHILD_VM=[1]-CLUSTER_SEED=[54518191272164154]-HASH=[26470AB1B9EE]-cluster]}, ping_response{node [{node_t2}{ldbZPMMhQWeYRkQfh06eYA}{127.0.0.1}{127.0.0.1:30223}[mode=>network]], id[635], master [null], hasJoinedOnce [false], cluster_name[TEST-CHILD_VM=[1]-CLUSTER_SEED=[54518191272164154]-HASH=[26470AB1B9EE]-cluster]}, ping_response{node [{node_t0}{ry16yC66T6mxcbDTGa_LcA}{127.0.0.1}{127.0.0.1:30221}[mode=>network]], id[640], master [null], hasJoinedOnce [false], cluster_name[TEST-CHILD_VM=[1]-CLUSTER_SEED=[54518191272164154]-HASH=[26470AB1B9EE]-cluster]}, ping_response{node [{node_t0}{ry16yC66T6mxcbDTGa_LcA}{127.0.0.1}{127.0.0.1:30221}[mode=>network]], id[640], master [null], hasJoinedOnce [false], cluster_name[TEST-CHILD_VM=[1]-CLUSTER_SEED=[54518191272164154]-HASH=[26470AB1B9EE]-cluster]}, ping_response{node [{node_t1}{V3UmTqTPRG--_Y5tLFOn4g}{127.0.0.1}{127.0.0.1:30222}[mode=>network]], id[647], master [null], hasJoinedOnce [false], cluster_name[TEST-CHILD_VM=[1]-CLUSTER_SEED=[54518191272164154]-HASH=[26470AB1B9EE]-cluster]}, ping_response{node [{node_t1}{V3UmTqTPRG--_Y5tLFOn4g}{127.0.0.1}{127.0.0.1:30222}[mode=>network]], id[647], master [null], hasJoinedOnce [false], cluster_name[TEST-CHILD_VM=[1]-CLUSTER_SEED=[54518191272164154]-HASH=[26470AB1B9EE]-cluster]}, ping_response{node [{node_t2}{ldbZPMMhQWeYRkQfh06eYA}{127.0.0.1}{127.0.0.1:30223}[mode=>network]], id[654], master [null], hasJoinedOnce [false], cluster_name[TEST-CHILD_VM=[1]-CLUSTER_SEED=[54518191272164154]-HASH=[26470AB1B9EE]-cluster]}, ping_response{node [{node_t2}{ldbZPMMhQWeYRkQfh06eYA}{127.0.0.1}{127.0.0.1:30223}[mode=>network]], id[654], master [null], hasJoinedOnce [false], cluster_name[TEST-CHILD_VM=[1]-CLUSTER_SEED=[54518191272164154]-HASH=[26470AB1B9EE]-cluster]}, ping_response{node [{node_t0}{ry16yC66T6mxcbDTGa_LcA}{127.0.0.1}{127.0.0.1:30221}[mode=>network]], id[661], master [null], hasJoinedOnce [false], cluster_name[TEST-CHILD_VM=[1]-CLUSTER_SEED=[54518191272164154]-HASH=[26470AB1B9EE]-cluster]}, ping_response{node [{node_t0}{ry16yC66T6mxcbDTGa_LcA}{127.0.0.1}{127.0.0.1:30221}[mode=>network]], id[662], master [null], hasJoinedOnce [false], cluster_name[TEST-CHILD_VM=[1]-CLUSTER_SEED=[54518191272164154]-HASH=[26470AB1B9EE]-cluster]}]
[2016-04-18 03:03:43,049][TRACE][org.elasticsearch.discovery.zen.ping.unicast] [node_t0] [1] sending to {#zen_unicast_2#}{127.0.0.1}{127.0.0.1:30222}
[2016-04-18 03:03:43,050][TRACE][org.elasticsearch.discovery.zen.ping.unicast] [node_t0] [1] sending to {#zen_unicast_3#}{127.0.0.1}{127.0.0.1:30223}
[2016-04-18 03:03:43,050][TRACE][org.elasticsearch.discovery.zen.ping.unicast] [node_t0] replacing {node_t1}{V3UmTqTPRG--_Y5tLFOn4g}{127.0.0.1}{127.0.0.1:30222}[mode=>network] with temp node {#zen_unicast_6_V3UmTqTPRG--_Y5tLFOn4g#}{127.0.0.1}{127.0.0.1:30222}[mode=>network]
[2016-04-18 03:03:43,050][TRACE][org.elasticsearch.discovery.zen.ping.unicast] [node_t0] replacing {node_t2}{ldbZPMMhQWeYRkQfh06eYA}{127.0.0.1}{127.0.0.1:30223}[mode=>network] with temp node {#zen_unicast_7_ldbZPMMhQWeYRkQfh06eYA#}{127.0.0.1}{127.0.0.1:30223}[mode=>network]
[2016-04-18 03:03:43,050][TRACE][org.elasticsearch.discovery.zen.ping.unicast] [node_t0] [1] connecting (light) to {#zen_unicast_6_V3UmTqTPRG--_Y5tLFOn4g#}{127.0.0.1}{127.0.0.1:30222}[mode=>network]
[2016-04-18 03:03:43,050][TRACE][org.elasticsearch.discovery.zen.ping.unicast] [node_t0] [1] connecting (light) to {#zen_unicast_7_ldbZPMMhQWeYRkQfh06eYA#}{127.0.0.1}{127.0.0.1:30223}[mode=>network]
[2016-04-18 03:03:43,050][TRACE][org.elasticsearch.discovery.zen.ping.unicast] [node_t0] [1] sending to {node_t0}{ry16yC66T6mxcbDTGa_LcA}{127.0.0.1}{127.0.0.1:30221}[mode=>network]
[2016-04-18 03:03:43,050][TRACE][org.elasticsearch.discovery.zen.ping.unicast] [node_t0] [1] received response from {#zen_unicast_3#}{127.0.0.1}{127.0.0.1:30223}: [ping_response{node [{node_t2}{ldbZPMMhQWeYRkQfh06eYA}{127.0.0.1}{127.0.0.1:30223}[mode=>network]], id[635], master [null], hasJoinedOnce [false], cluster_name[TEST-CHILD_VM=[1]-CLUSTER_SEED=[54518191272164154]-HASH=[26470AB1B9EE]-cluster]}, ping_response{node [{node_t2}{ldbZPMMhQWeYRkQfh06eYA}{127.0.0.1}{127.0.0.1:30223}[mode=>network]], id[635], master [null], hasJoinedOnce [false], cluster_name[TEST-CHILD_VM=[1]-CLUSTER_SEED=[54518191272164154]-HASH=[26470AB1B9EE]-cluster]}, ping_response{node [{node_t0}{ry16yC66T6mxcbDTGa_LcA}{127.0.0.1}{127.0.0.1:30221}[mode=>network]], id[640], master [null], hasJoinedOnce [false], cluster_name[TEST-CHILD_VM=[1]-CLUSTER_SEED=[54518191272164154]-HASH=[26470AB1B9EE]-cluster]}, ping_response{node [{node_t0}{ry16yC66T6mxcbDTGa_LcA}{127.0.0.1}{127.0.0.1:30221}[mode=>network]], id[640], master [null], hasJoinedOnce [false], cluster_name[TEST-CHILD_VM=[1]-CLUSTER_SEED=[54518191272164154]-HASH=[26470AB1B9EE]-cluster]}, ping_response{node [{node_t1}{V3UmTqTPRG--_Y5tLFOn4g}{127.0.0.1}{127.0.0.1:30222}[mode=>network]], id[647], master [null], hasJoinedOnce [false], cluster_name[TEST-CHILD_VM=[1]-CLUSTER_SEED=[54518191272164154]-HASH=[26470AB1B9EE]-cluster]}, ping_response{node [{node_t1}{V3UmTqTPRG--_Y5tLFOn4g}{127.0.0.1}{127.0.0.1:30222}[mode=>network]], id[647], master [null], hasJoinedOnce [false], cluster_name[TEST-CHILD_VM=[1]-CLUSTER_SEED=[54518191272164154]-HASH=[26470AB1B9EE]-cluster]}, ping_response{node [{node_t2}{ldbZPMMhQWeYRkQfh06eYA}{127.0.0.1}{127.0.0.1:30223}[mode=>network]], id[654], master [null], hasJoinedOnce [false], cluster_name[TEST-CHILD_VM=[1]-CLUSTER_SEED=[54518191272164154]-HASH=[26470AB1B9EE]-cluster]}, ping_response{node [{node_t2}{ldbZPMMhQWeYRkQfh06eYA}{127.0.0.1}{127.0.0.1:30223}[mode=>network]], id[654], master [null], hasJoinedOnce [false], cluster_name[TEST-CHILD_VM=[1]-CLUSTER_SEED=[54518191272164154]-HASH=[26470AB1B9EE]-cluster]}, ping_response{node [{node_t0}{ry16yC66T6mxcbDTGa_LcA}{127.0.0.1}{127.0.0.1:30221}[mode=>network]], id[661], master [null], hasJoinedOnce [false], cluster_name[TEST-CHILD_VM=[1]-CLUSTER_SEED=[54518191272164154]-HASH=[26470AB1B9EE]-cluster]}, ping_response{node [{node_t2}{ldbZPMMhQWeYRkQfh06eYA}{127.0.0.1}{127.0.0.1:30223}[mode=>network]], id[664], master [null], hasJoinedOnce [false], cluster_name[TEST-CHILD_VM=[1]-CLUSTER_SEED=[54518191272164154]-HASH=[26470AB1B9EE]-cluster]}]
[2016-04-18 03:03:43,050][TRACE][org.elasticsearch.discovery.zen.ping.unicast] [node_t0] [1] received response from {#zen_unicast_2#}{127.0.0.1}{127.0.0.1:30222}: [ping_response{node [{node_t1}{V3UmTqTPRG--_Y5tLFOn4g}{127.0.0.1}{127.0.0.1:30222}[mode=>network]], id[631], master [null], hasJoinedOnce [false], cluster_name[TEST-CHILD_VM=[1]-CLUSTER_SEED=[54518191272164154]-HASH=[26470AB1B9EE]-cluster]}, ping_response{node [{node_t1}{V3UmTqTPRG--_Y5tLFOn4g}{127.0.0.1}{127.0.0.1:30222}[mode=>network]], id[631], master [null], hasJoinedOnce [false], cluster_name[TEST-CHILD_VM=[1]-CLUSTER_SEED=[54518191272164154]-HASH=[26470AB1B9EE]-cluster]}, ping_response{node [{node_t2}{ldbZPMMhQWeYRkQfh06eYA}{127.0.0.1}{127.0.0.1:30223}[mode=>network]], id[635], master [null], hasJoinedOnce [false], cluster_name[TEST-CHILD_VM=[1]-CLUSTER_SEED=[54518191272164154]-HASH=[26470AB1B9EE]-cluster]}, ping_response{node [{node_t0}{ry16yC66T6mxcbDTGa_LcA}{127.0.0.1}{127.0.0.1:30221}[mode=>network]], id[640], master [null], hasJoinedOnce [false], cluster_name[TEST-CHILD_VM=[1]-CLUSTER_SEED=[54518191272164154]-HASH=[26470AB1B9EE]-cluster]}, ping_response{node [{node_t0}{ry16yC66T6mxcbDTGa_LcA}{127.0.0.1}{127.0.0.1:30221}[mode=>network]], id[640], master [null], hasJoinedOnce [false], cluster_name[TEST-CHILD_VM=[1]-CLUSTER_SEED=[54518191272164154]-HASH=[26470AB1B9EE]-cluster]}, ping_response{node [{node_t1}{V3UmTqTPRG--_Y5tLFOn4g}{127.0.0.1}{127.0.0.1:30222}[mode=>network]], id[647], master [null], hasJoinedOnce [false], cluster_name[TEST-CHILD_VM=[1]-CLUSTER_SEED=[54518191272164154]-HASH=[26470AB1B9EE]-cluster]}, ping_response{node [{node_t1}{V3UmTqTPRG--_Y5tLFOn4g}{127.0.0.1}{127.0.0.1:30222}[mode=>network]], id[647], master [null], hasJoinedOnce [false], cluster_name[TEST-CHILD_VM=[1]-CLUSTER_SEED=[54518191272164154]-HASH=[26470AB1B9EE]-cluster]}, ping_response{node [{node_t2}{ldbZPMMhQWeYRkQfh06eYA}{127.0.0.1}{127.0.0.1:30223}[mode=>network]], id[654], master [null], hasJoinedOnce [false], cluster_name[TEST-CHILD_VM=[1]-CLUSTER_SEED=[54518191272164154]-HASH=[26470AB1B9EE]-cluster]}, ping_response{node [{node_t2}{ldbZPMMhQWeYRkQfh06eYA}{127.0.0.1}{127.0.0.1:30223}[mode=>network]], id[654], master [null], hasJoinedOnce [false], cluster_name[TEST-CHILD_VM=[1]-CLUSTER_SEED=[54518191272164154]-HASH=[26470AB1B9EE]-cluster]}, ping_response{node [{node_t0}{ry16yC66T6mxcbDTGa_LcA}{127.0.0.1}{127.0.0.1:30221}[mode=>network]], id[661], master [null], hasJoinedOnce [false], cluster_name[TEST-CHILD_VM=[1]-CLUSTER_SEED=[54518191272164154]-HASH=[26470AB1B9EE]-cluster]}, ping_response{node [{node_t1}{V3UmTqTPRG--_Y5tLFOn4g}{127.0.0.1}{127.0.0.1:30222}[mode=>network]], id[663], master [null], hasJoinedOnce [false], cluster_name[TEST-CHILD_VM=[1]-CLUSTER_SEED=[54518191272164154]-HASH=[26470AB1B9EE]-cluster]}]
[2016-04-18 03:03:43,050][TRACE][org.elasticsearch.discovery.zen.ping.unicast] [node_t0] [1] received response from {node_t0}{ry16yC66T6mxcbDTGa_LcA}{127.0.0.1}{127.0.0.1:30221}[mode=>network]: [ping_response{node [{node_t0}{ry16yC66T6mxcbDTGa_LcA}{127.0.0.1}{127.0.0.1:30221}[mode=>network]], id[628], master [null], hasJoinedOnce [false], cluster_name[TEST-CHILD_VM=[1]-CLUSTER_SEED=[54518191272164154]-HASH=[26470AB1B9EE]-cluster]}, ping_response{node [{node_t0}{ry16yC66T6mxcbDTGa_LcA}{127.0.0.1}{127.0.0.1:30221}[mode=>network]], id[628], master [null], hasJoinedOnce [false], cluster_name[TEST-CHILD_VM=[1]-CLUSTER_SEED=[54518191272164154]-HASH=[26470AB1B9EE]-cluster]}, ping_response{node [{node_t1}{V3UmTqTPRG--_Y5tLFOn4g}{127.0.0.1}{127.0.0.1:30222}[mode=>network]], id[631], master [null], hasJoinedOnce [false], cluster_name[TEST-CHILD_VM=[1]-CLUSTER_SEED=[54518191272164154]-HASH=[26470AB1B9EE]-cluster]}, ping_response{node [{node_t2}{ldbZPMMhQWeYRkQfh06eYA}{127.0.0.1}{127.0.0.1:30223}[mode=>network]], id[635], master [null], hasJoinedOnce [false], cluster_name[TEST-CHILD_VM=[1]-CLUSTER_SEED=[54518191272164154]-HASH=[26470AB1B9EE]-cluster]}, ping_response{node [{node_t0}{ry16yC66T6mxcbDTGa_LcA}{127.0.0.1}{127.0.0.1:30221}[mode=>network]], id[640], master [null], hasJoinedOnce [false], cluster_name[TEST-CHILD_VM=[1]-CLUSTER_SEED=[54518191272164154]-HASH=[26470AB1B9EE]-cluster]}, ping_response{node [{node_t0}{ry16yC66T6mxcbDTGa_LcA}{127.0.0.1}{127.0.0.1:30221}[mode=>network]], id[640], master [null], hasJoinedOnce [false], cluster_name[TEST-CHILD_VM=[1]-CLUSTER_SEED=[54518191272164154]-HASH=[26470AB1B9EE]-cluster]}, ping_response{node [{node_t1}{V3UmTqTPRG--_Y5tLFOn4g}{127.0.0.1}{127.0.0.1:30222}[mode=>network]], id[647], master [null], hasJoinedOnce [false], cluster_name[TEST-CHILD_VM=[1]-CLUSTER_SEED=[54518191272164154]-HASH=[26470AB1B9EE]-cluster]}, ping_response{node [{node_t1}{V3UmTqTPRG--_Y5tLFOn4g}{127.0.0.1}{127.0.0.1:30222}[mode=>network]], id[647], master [null], hasJoinedOnce [false], cluster_name[TEST-CHILD_VM=[1]-CLUSTER_SEED=[54518191272164154]-HASH=[26470AB1B9EE]-cluster]}, ping_response{node [{node_t2}{ldbZPMMhQWeYRkQfh06eYA}{127.0.0.1}{127.0.0.1:30223}[mode=>network]], id[654], master [null], hasJoinedOnce [false], cluster_name[TEST-CHILD_VM=[1]-CLUSTER_SEED=[54518191272164154]-HASH=[26470AB1B9EE]-cluster]}, ping_response{node [{node_t2}{ldbZPMMhQWeYRkQfh06eYA}{127.0.0.1}{127.0.0.1:30223}[mode=>network]], id[654], master [null], hasJoinedOnce [false], cluster_name[TEST-CHILD_VM=[1]-CLUSTER_SEED=[54518191272164154]-HASH=[26470AB1B9EE]-cluster]}, ping_response{node [{node_t0}{ry16yC66T6mxcbDTGa_LcA}{127.0.0.1}{127.0.0.1:30221}[mode=>network]], id[661], master [null], hasJoinedOnce [false], cluster_name[TEST-CHILD_VM=[1]-CLUSTER_SEED=[54518191272164154]-HASH=[26470AB1B9EE]-cluster]}, ping_response{node [{node_t0}{ry16yC66T6mxcbDTGa_LcA}{127.0.0.1}{127.0.0.1:30221}[mode=>network]], id[661], master [null], hasJoinedOnce [false], cluster_name[TEST-CHILD_VM=[1]-CLUSTER_SEED=[54518191272164154]-HASH=[26470AB1B9EE]-cluster]}, ping_response{node [{node_t0}{ry16yC66T6mxcbDTGa_LcA}{127.0.0.1}{127.0.0.1:30221}[mode=>network]], id[665], master [null], hasJoinedOnce [false], cluster_name[TEST-CHILD_VM=[1]-CLUSTER_SEED=[54518191272164154]-HASH=[26470AB1B9EE]-cluster]}]
[2016-04-18 03:03:43,051][TRACE][org.elasticsearch.discovery.zen.ping.unicast] [node_t0] [1] connected to {node_t2}{ldbZPMMhQWeYRkQfh06eYA}{127.0.0.1}{127.0.0.1:30223}[mode=>network]
[2016-04-18 03:03:43,051][TRACE][org.elasticsearch.discovery.zen.ping.unicast] [node_t0] [1] connected to {node_t1}{V3UmTqTPRG--_Y5tLFOn4g}{127.0.0.1}{127.0.0.1:30222}[mode=>network]
[2016-04-18 03:03:43,051][TRACE][org.elasticsearch.discovery.zen.ping.unicast] [node_t0] [1] sending to {#zen_unicast_7_ldbZPMMhQWeYRkQfh06eYA#}{127.0.0.1}{127.0.0.1:30223}[mode=>network]
[2016-04-18 03:03:43,052][TRACE][org.elasticsearch.discovery.zen.ping.unicast] [node_t0] [1] sending to {#zen_unicast_6_V3UmTqTPRG--_Y5tLFOn4g#}{127.0.0.1}{127.0.0.1:30222}[mode=>network]
[2016-04-18 03:03:43,052][TRACE][org.elasticsearch.discovery.zen.ping.unicast] [node_t0] [1] received response from {#zen_unicast_6_V3UmTqTPRG--_Y5tLFOn4g#}{127.0.0.1}{127.0.0.1:30222}[mode=>network]: [ping_response{node [{node_t1}{V3UmTqTPRG--_Y5tLFOn4g}{127.0.0.1}{127.0.0.1:30222}[mode=>network]], id[631], master [null], hasJoinedOnce [false], cluster_name[TEST-CHILD_VM=[1]-CLUSTER_SEED=[54518191272164154]-HASH=[26470AB1B9EE]-cluster]}, ping_response{node [{node_t1}{V3UmTqTPRG--_Y5tLFOn4g}{127.0.0.1}{127.0.0.1:30222}[mode=>network]], id[631], master [null], hasJoinedOnce [false], cluster_name[TEST-CHILD_VM=[1]-CLUSTER_SEED=[54518191272164154]-HASH=[26470AB1B9EE]-cluster]}, ping_response{node [{node_t2}{ldbZPMMhQWeYRkQfh06eYA}{127.0.0.1}{127.0.0.1:30223}[mode=>network]], id[635], master [null], hasJoinedOnce [false], cluster_name[TEST-CHILD_VM=[1]-CLUSTER_SEED=[54518191272164154]-HASH=[26470AB1B9EE]-cluster]}, ping_response{node [{node_t0}{ry16yC66T6mxcbDTGa_LcA}{127.0.0.1}{127.0.0.1:30221}[mode=>network]], id[640], master [null], hasJoinedOnce [false], cluster_name[TEST-CHILD_VM=[1]-CLUSTER_SEED=[54518191272164154]-HASH=[26470AB1B9EE]-cluster]}, ping_response{node [{node_t0}{ry16yC66T6mxcbDTGa_LcA}{127.0.0.1}{127.0.0.1:30221}[mode=>network]], id[640], master [null], hasJoinedOnce [false], cluster_name[TEST-CHILD_VM=[1]-CLUSTER_SEED=[54518191272164154]-HASH=[26470AB1B9EE]-cluster]}, ping_response{node [{node_t1}{V3UmTqTPRG--_Y5tLFOn4g}{127.0.0.1}{127.0.0.1:30222}[mode=>network]], id[647], master [null], hasJoinedOnce [false], cluster_name[TEST-CHILD_VM=[1]-CLUSTER_SEED=[54518191272164154]-HASH=[26470AB1B9EE]-cluster]}, ping_response{node [{node_t1}{V3UmTqTPRG--_Y5tLFOn4g}{127.0.0.1}{127.0.0.1:30222}[mode=>network]], id[647], master [null], hasJoinedOnce [false], cluster_name[TEST-CHILD_VM=[1]-CLUSTER_SEED=[54518191272164154]-HASH=[26470AB1B9EE]-cluster]}, ping_response{node [{node_t2}{ldbZPMMhQWeYRkQfh06eYA}{127.0.0.1}{127.0.0.1:30223}[mode=>network]], id[654], master [null], hasJoinedOnce [false], cluster_name[TEST-CHILD_VM=[1]-CLUSTER_SEED=[54518191272164154]-HASH=[26470AB1B9EE]-cluster]}, ping_response{node [{node_t2}{ldbZPMMhQWeYRkQfh06eYA}{127.0.0.1}{127.0.0.1:30223}[mode=>network]], id[654], master [null], hasJoinedOnce [false], cluster_name[TEST-CHILD_VM=[1]-CLUSTER_SEED=[54518191272164154]-HASH=[26470AB1B9EE]-cluster]}, ping_response{node [{node_t0}{ry16yC66T6mxcbDTGa_LcA}{127.0.0.1}{127.0.0.1:30221}[mode=>network]], id[661], master [null], hasJoinedOnce [false], cluster_name[TEST-CHILD_VM=[1]-CLUSTER_SEED=[54518191272164154]-HASH=[26470AB1B9EE]-cluster]}, ping_response{node [{node_t0}{ry16yC66T6mxcbDTGa_LcA}{127.0.0.1}{127.0.0.1:30221}[mode=>network]], id[661], master [null], hasJoinedOnce [false], cluster_name[TEST-CHILD_VM=[1]-CLUSTER_SEED=[54518191272164154]-HASH=[26470AB1B9EE]-cluster]}, ping_response{node [{node_t1}{V3UmTqTPRG--_Y5tLFOn4g}{127.0.0.1}{127.0.0.1:30222}[mode=>network]], id[667], master [null], hasJoinedOnce [false], cluster_name[TEST-CHILD_VM=[1]-CLUSTER_SEED=[54518191272164154]-HASH=[26470AB1B9EE]-cluster]}]
[2016-04-18 03:03:43,052][TRACE][org.elasticsearch.discovery.zen.ping.unicast] [node_t0] [1] received response from {#zen_unicast_7_ldbZPMMhQWeYRkQfh06eYA#}{127.0.0.1}{127.0.0.1:30223}[mode=>network]: [ping_response{node [{node_t2}{ldbZPMMhQWeYRkQfh06eYA}{127.0.0.1}{127.0.0.1:30223}[mode=>network]], id[635], master [null], hasJoinedOnce [false], cluster_name[TEST-CHILD_VM=[1]-CLUSTER_SEED=[54518191272164154]-HASH=[26470AB1B9EE]-cluster]}, ping_response{node [{node_t2}{ldbZPMMhQWeYRkQfh06eYA}{127.0.0.1}{127.0.0.1:30223}[mode=>network]], id[635], master [null], hasJoinedOnce [false], cluster_name[TEST-CHILD_VM=[1]-CLUSTER_SEED=[54518191272164154]-HASH=[26470AB1B9EE]-cluster]}, ping_response{node [{node_t0}{ry16yC66T6mxcbDTGa_LcA}{127.0.0.1}{127.0.0.1:30221}[mode=>network]], id[640], master [null], hasJoinedOnce [false], cluster_name[TEST-CHILD_VM=[1]-CLUSTER_SEED=[54518191272164154]-HASH=[26470AB1B9EE]-cluster]}, ping_response{node [{node_t0}{ry16yC66T6mxcbDTGa_LcA}{127.0.0.1}{127.0.0.1:30221}[mode=>network]], id[640], master [null], hasJoinedOnce [false], cluster_name[TEST-CHILD_VM=[1]-CLUSTER_SEED=[54518191272164154]-HASH=[26470AB1B9EE]-cluster]}, ping_response{node [{node_t1}{V3UmTqTPRG--_Y5tLFOn4g}{127.0.0.1}{127.0.0.1:30222}[mode=>network]], id[647], master [null], hasJoinedOnce [false], cluster_name[TEST-CHILD_VM=[1]-CLUSTER_SEED=[54518191272164154]-HASH=[26470AB1B9EE]-cluster]}, ping_response{node [{node_t1}{V3UmTqTPRG--_Y5tLFOn4g}{127.0.0.1}{127.0.0.1:30222}[mode=>network]], id[647], master [null], hasJoinedOnce [false], cluster_name[TEST-CHILD_VM=[1]-CLUSTER_SEED=[54518191272164154]-HASH=[26470AB1B9EE]-cluster]}, ping_response{node [{node_t2}{ldbZPMMhQWeYRkQfh06eYA}{127.0.0.1}{127.0.0.1:30223}[mode=>network]], id[654], master [null], hasJoinedOnce [false], cluster_name[TEST-CHILD_VM=[1]-CLUSTER_SEED=[54518191272164154]-HASH=[26470AB1B9EE]-cluster]}, ping_response{node [{node_t2}{ldbZPMMhQWeYRkQfh06eYA}{127.0.0.1}{127.0.0.1:30223}[mode=>network]], id[654], master [null], hasJoinedOnce [false], cluster_name[TEST-CHILD_VM=[1]-CLUSTER_SEED=[54518191272164154]-HASH=[26470AB1B9EE]-cluster]}, ping_response{node [{node_t0}{ry16yC66T6mxcbDTGa_LcA}{127.0.0.1}{127.0.0.1:30221}[mode=>network]], id[661], master [null], hasJoinedOnce [false], cluster_name[TEST-CHILD_VM=[1]-CLUSTER_SEED=[54518191272164154]-HASH=[26470AB1B9EE]-cluster]}, ping_response{node [{node_t0}{ry16yC66T6mxcbDTGa_LcA}{127.0.0.1}{127.0.0.1:30221}[mode=>network]], id[661], master [null], hasJoinedOnce [false], cluster_name[TEST-CHILD_VM=[1]-CLUSTER_SEED=[54518191272164154]-HASH=[26470AB1B9EE]-cluster]}, ping_response{node [{node_t2}{ldbZPMMhQWeYRkQfh06eYA}{127.0.0.1}{127.0.0.1:30223}[mode=>network]], id[666], master [null], hasJoinedOnce [false], cluster_name[TEST-CHILD_VM=[1]-CLUSTER_SEED=[54518191272164154]-HASH=[26470AB1B9EE]-cluster]}]
[2016-04-18 03:03:43,053][TRACE][org.elasticsearch.discovery.zen.ping.unicast] [node_t0] [1] disconnecting from {#zen_unicast_5_ldbZPMMhQWeYRkQfh06eYA#}{127.0.0.1}{127.0.0.1:30223}[mode=>network]
[2016-04-18 03:03:43,053][TRACE][org.elasticsearch.discovery.zen] [node_t0] full ping responses:
	--> ping_response{node [{node_t1}{V3UmTqTPRG--_Y5tLFOn4g}{127.0.0.1}{127.0.0.1:30222}[mode=>network]], id[667], master [null], hasJoinedOnce [false], cluster_name[TEST-CHILD_VM=[1]-CLUSTER_SEED=[54518191272164154]-HASH=[26470AB1B9EE]-cluster]}
	--> ping_response{node [{node_t2}{ldbZPMMhQWeYRkQfh06eYA}{127.0.0.1}{127.0.0.1:30223}[mode=>network]], id[666], master [null], hasJoinedOnce [false], cluster_name[TEST-CHILD_VM=[1]-CLUSTER_SEED=[54518191272164154]-HASH=[26470AB1B9EE]-cluster]}
[2016-04-18 03:03:43,053][DEBUG][org.elasticsearch.discovery.zen] [node_t0] filtered ping responses: (filter_client[true], filter_data[false])
	--> ping_response{node [{node_t1}{V3UmTqTPRG--_Y5tLFOn4g}{127.0.0.1}{127.0.0.1:30222}[mode=>network]], id[667], master [null], hasJoinedOnce [false], cluster_name[TEST-CHILD_VM=[1]-CLUSTER_SEED=[54518191272164154]-HASH=[26470AB1B9EE]-cluster]}
	--> ping_response{node [{node_t2}{ldbZPMMhQWeYRkQfh06eYA}{127.0.0.1}{127.0.0.1:30223}[mode=>network]], id[666], master [null], hasJoinedOnce [false], cluster_name[TEST-CHILD_VM=[1]-CLUSTER_SEED=[54518191272164154]-HASH=[26470AB1B9EE]-cluster]}
[2016-04-18 03:03:43,053][TRACE][org.elasticsearch.discovery.zen] [node_t0] stopping join accumulation ([not master])
[2016-04-18 03:03:43,053][TRACE][org.elasticsearch.discovery.zen.ping.unicast] [node_t0] [1] disconnecting from {#zen_unicast_7_ldbZPMMhQWeYRkQfh06eYA#}{127.0.0.1}{127.0.0.1:30223}[mode=>network]
[2016-04-18 03:03:43,054][TRACE][org.elasticsearch.discovery.zen.ping.unicast] [node_t0] [1] disconnecting from {#zen_unicast_2#}{127.0.0.1}{127.0.0.1:30222}
[2016-04-18 03:03:43,054][TRACE][org.elasticsearch.discovery.zen.ping.unicast] [node_t0] [1] disconnecting from {#zen_unicast_4_V3UmTqTPRG--_Y5tLFOn4g#}{127.0.0.1}{127.0.0.1:30222}[mode=>network]
[2016-04-18 03:03:43,054][TRACE][org.elasticsearch.discovery.zen.ping.unicast] [node_t0] [1] disconnecting from {#zen_unicast_3#}{127.0.0.1}{127.0.0.1:30223}
[2016-04-18 03:03:43,054][TRACE][org.elasticsearch.discovery.zen.ping.unicast] [node_t0] [1] disconnecting from {#zen_unicast_6_V3UmTqTPRG--_Y5tLFOn4g#}{127.0.0.1}{127.0.0.1:30222}[mode=>network]
[2016-04-18 03:03:43,056][TRACE][org.elasticsearch.discovery.zen] [node_t0] joining master {node_t1}{V3UmTqTPRG--_Y5tLFOn4g}{127.0.0.1}{127.0.0.1:30222}[mode=>network]
[2016-04-18 03:03:43,077][TRACE][org.elasticsearch.discovery.zen.ping.unicast] [node_t1] [1] sending to {#zen_unicast_1#}{127.0.0.1}{127.0.0.1:30221}
[2016-04-18 03:03:43,077][TRACE][org.elasticsearch.discovery.zen.ping.unicast] [node_t1] [1] sending to {node_t1}{V3UmTqTPRG--_Y5tLFOn4g}{127.0.0.1}{127.0.0.1:30222}[mode=>network]
[2016-04-18 03:03:43,077][TRACE][org.elasticsearch.discovery.zen.ping.unicast] [node_t1] [1] received response from {node_t1}{V3UmTqTPRG--_Y5tLFOn4g}{127.0.0.1}{127.0.0.1:30222}[mode=>network]: [ping_response{node [{node_t1}{V3UmTqTPRG--_Y5tLFOn4g}{127.0.0.1}{127.0.0.1:30222}[mode=>network]], id[631], master [null], hasJoinedOnce [false], cluster_name[TEST-CHILD_VM=[1]-CLUSTER_SEED=[54518191272164154]-HASH=[26470AB1B9EE]-cluster]}, ping_response{node [{node_t1}{V3UmTqTPRG--_Y5tLFOn4g}{127.0.0.1}{127.0.0.1:30222}[mode=>network]], id[631], master [null], hasJoinedOnce [false], cluster_name[TEST-CHILD_VM=[1]-CLUSTER_SEED=[54518191272164154]-HASH=[26470AB1B9EE]-cluster]}, ping_response{node [{node_t2}{ldbZPMMhQWeYRkQfh06eYA}{127.0.0.1}{127.0.0.1:30223}[mode=>network]], id[635], master [null], hasJoinedOnce [false], cluster_name[TEST-CHILD_VM=[1]-CLUSTER_SEED=[54518191272164154]-HASH=[26470AB1B9EE]-cluster]}, ping_response{node [{node_t0}{ry16yC66T6mxcbDTGa_LcA}{127.0.0.1}{127.0.0.1:30221}[mode=>network]], id[640], master [null], hasJoinedOnce [false], cluster_name[TEST-CHILD_VM=[1]-CLUSTER_SEED=[54518191272164154]-HASH=[26470AB1B9EE]-cluster]}, ping_response{node [{node_t0}{ry16yC66T6mxcbDTGa_LcA}{127.0.0.1}{127.0.0.1:30221}[mode=>network]], id[640], master [null], hasJoinedOnce [false], cluster_name[TEST-CHILD_VM=[1]-CLUSTER_SEED=[54518191272164154]-HASH=[26470AB1B9EE]-cluster]}, ping_response{node [{node_t1}{V3UmTqTPRG--_Y5tLFOn4g}{127.0.0.1}{127.0.0.1:30222}[mode=>network]], id[647], master [null], hasJoinedOnce [false], cluster_name[TEST-CHILD_VM=[1]-CLUSTER_SEED=[54518191272164154]-HASH=[26470AB1B9EE]-cluster]}, ping_response{node [{node_t1}{V3UmTqTPRG--_Y5tLFOn4g}{127.0.0.1}{127.0.0.1:30222}[mode=>network]], id[647], master [null], hasJoinedOnce [false], cluster_name[TEST-CHILD_VM=[1]-CLUSTER_SEED=[54518191272164154]-HASH=[26470AB1B9EE]-cluster]}, ping_response{node [{node_t2}{ldbZPMMhQWeYRkQfh06eYA}{127.0.0.1}{127.0.0.1:30223}[mode=>network]], id[654], master [null], hasJoinedOnce [false], cluster_name[TEST-CHILD_VM=[1]-CLUSTER_SEED=[54518191272164154]-HASH=[26470AB1B9EE]-cluster]}, ping_response{node [{node_t2}{ldbZPMMhQWeYRkQfh06eYA}{127.0.0.1}{127.0.0.1:30223}[mode=>network]], id[654], master [null], hasJoinedOnce [false], cluster_name[TEST-CHILD_VM=[1]-CLUSTER_SEED=[54518191272164154]-HASH=[26470AB1B9EE]-cluster]}, ping_response{node [{node_t0}{ry16yC66T6mxcbDTGa_LcA}{127.0.0.1}{127.0.0.1:30221}[mode=>network]], id[661], master [null], hasJoinedOnce [false], cluster_name[TEST-CHILD_VM=[1]-CLUSTER_SEED=[54518191272164154]-HASH=[26470AB1B9EE]-cluster]}, ping_response{node [{node_t0}{ry16yC66T6mxcbDTGa_LcA}{127.0.0.1}{127.0.0.1:30221}[mode=>network]], id[661], master [null], hasJoinedOnce [false], cluster_name[TEST-CHILD_VM=[1]-CLUSTER_SEED=[54518191272164154]-HASH=[26470AB1B9EE]-cluster]}, ping_response{node [{node_t1}{V3UmTqTPRG--_Y5tLFOn4g}{127.0.0.1}{127.0.0.1:30222}[mode=>network]], id[668], master [null], hasJoinedOnce [false], cluster_name[TEST-CHILD_VM=[1]-CLUSTER_SEED=[54518191272164154]-HASH=[26470AB1B9EE]-cluster]}, ping_response{node [{node_t1}{V3UmTqTPRG--_Y5tLFOn4g}{127.0.0.1}{127.0.0.1:30222}[mode=>network]], id[669], master [null], hasJoinedOnce [false], cluster_name[TEST-CHILD_VM=[1]-CLUSTER_SEED=[54518191272164154]-HASH=[26470AB1B9EE]-cluster]}]
[2016-04-18 03:03:43,077][TRACE][org.elasticsearch.discovery.zen.ping.unicast] [node_t1] [1] sending to {#zen_unicast_3#}{127.0.0.1}{127.0.0.1:30223}
[2016-04-18 03:03:43,077][TRACE][org.elasticsearch.discovery.zen.ping.unicast] [node_t1] [1] sending to {node_t1}{V3UmTqTPRG--_Y5tLFOn4g}{127.0.0.1}{127.0.0.1:30222}[mode=>network]
[2016-04-18 03:03:43,077][TRACE][org.elasticsearch.discovery.zen.ping.unicast] [node_t1] [1] received response from {node_t1}{V3UmTqTPRG--_Y5tLFOn4g}{127.0.0.1}{127.0.0.1:30222}[mode=>network]: [ping_response{node [{node_t1}{V3UmTqTPRG--_Y5tLFOn4g}{127.0.0.1}{127.0.0.1:30222}[mode=>network]], id[631], master [null], hasJoinedOnce [false], cluster_name[TEST-CHILD_VM=[1]-CLUSTER_SEED=[54518191272164154]-HASH=[26470AB1B9EE]-cluster]}, ping_response{node [{node_t1}{V3UmTqTPRG--_Y5tLFOn4g}{127.0.0.1}{127.0.0.1:30222}[mode=>network]], id[631], master [null], hasJoinedOnce [false], cluster_name[TEST-CHILD_VM=[1]-CLUSTER_SEED=[54518191272164154]-HASH=[26470AB1B9EE]-cluster]}, ping_response{node [{node_t2}{ldbZPMMhQWeYRkQfh06eYA}{127.0.0.1}{127.0.0.1:30223}[mode=>network]], id[635], master [null], hasJoinedOnce [false], cluster_name[TEST-CHILD_VM=[1]-CLUSTER_SEED=[54518191272164154]-HASH=[26470AB1B9EE]-cluster]}, ping_response{node [{node_t0}{ry16yC66T6mxcbDTGa_LcA}{127.0.0.1}{127.0.0.1:30221}[mode=>network]], id[640], master [null], hasJoinedOnce [false], cluster_name[TEST-CHILD_VM=[1]-CLUSTER_SEED=[54518191272164154]-HASH=[26470AB1B9EE]-cluster]}, ping_response{node [{node_t0}{ry16yC66T6mxcbDTGa_LcA}{127.0.0.1}{127.0.0.1:30221}[mode=>network]], id[640], master [null], hasJoinedOnce [false], cluster_name[TEST-CHILD_VM=[1]-CLUSTER_SEED=[54518191272164154]-HASH=[26470AB1B9EE]-cluster]}, ping_response{node [{node_t1}{V3UmTqTPRG--_Y5tLFOn4g}{127.0.0.1}{127.0.0.1:30222}[mode=>network]], id[647], master [null], hasJoinedOnce [false], cluster_name[TEST-CHILD_VM=[1]-CLUSTER_SEED=[54518191272164154]-HASH=[26470AB1B9EE]-cluster]}, ping_response{node [{node_t1}{V3UmTqTPRG--_Y5tLFOn4g}{127.0.0.1}{127.0.0.1:30222}[mode=>network]], id[647], master [null], hasJoinedOnce [false], cluster_name[TEST-CHILD_VM=[1]-CLUSTER_SEED=[54518191272164154]-HASH=[26470AB1B9EE]-cluster]}, ping_response{node [{node_t2}{ldbZPMMhQWeYRkQfh06eYA}{127.0.0.1}{127.0.0.1:30223}[mode=>network]], id[654], master [null], hasJoinedOnce [false], cluster_name[TEST-CHILD_VM=[1]-CLUSTER_SEED=[54518191272164154]-HASH=[26470AB1B9EE]-cluster]}, ping_response{node [{node_t2}{ldbZPMMhQWeYRkQfh06eYA}{127.0.0.1}{127.0.0.1:30223}[mode=>network]], id[654], master [null], hasJoinedOnce [false], cluster_name[TEST-CHILD_VM=[1]-CLUSTER_SEED=[54518191272164154]-HASH=[26470AB1B9EE]-cluster]}, ping_response{node [{node_t0}{ry16yC66T6mxcbDTGa_LcA}{127.0.0.1}{127.0.0.1:30221}[mode=>network]], id[661], master [null], hasJoinedOnce [false], cluster_name[TEST-CHILD_VM=[1]-CLUSTER_SEED=[54518191272164154]-HASH=[26470AB1B9EE]-cluster]}, ping_response{node [{node_t0}{ry16yC66T6mxcbDTGa_LcA}{127.0.0.1}{127.0.0.1:30221}[mode=>network]], id[661], master [null], hasJoinedOnce [false], cluster_name[TEST-CHILD_VM=[1]-CLUSTER_SEED=[54518191272164154]-HASH=[26470AB1B9EE]-cluster]}, ping_response{node [{node_t1}{V3UmTqTPRG--_Y5tLFOn4g}{127.0.0.1}{127.0.0.1:30222}[mode=>network]], id[668], master [null], hasJoinedOnce [false], cluster_name[TEST-CHILD_VM=[1]-CLUSTER_SEED=[54518191272164154]-HASH=[26470AB1B9EE]-cluster]}, ping_response{node [{node_t1}{V3UmTqTPRG--_Y5tLFOn4g}{127.0.0.1}{127.0.0.1:30222}[mode=>network]], id[668], master [null], hasJoinedOnce [false], cluster_name[TEST-CHILD_VM=[1]-CLUSTER_SEED=[54518191272164154]-HASH=[26470AB1B9EE]-cluster]}, ping_response{node [{node_t1}{V3UmTqTPRG--_Y5tLFOn4g}{127.0.0.1}{127.0.0.1:30222}[mode=>network]], id[671], master [null], hasJoinedOnce [false], cluster_name[TEST-CHILD_VM=[1]-CLUSTER_SEED=[54518191272164154]-HASH=[26470AB1B9EE]-cluster]}]
[2016-04-18 03:03:43,077][TRACE][org.elasticsearch.discovery.zen.ping.unicast] [node_t1] [1] received response from {#zen_unicast_1#}{127.0.0.1}{127.0.0.1:30221}: [ping_response{node [{node_t0}{ry16yC66T6mxcbDTGa_LcA}{127.0.0.1}{127.0.0.1:30221}[mode=>network]], id[628], master [null], hasJoinedOnce [false], cluster_name[TEST-CHILD_VM=[1]-CLUSTER_SEED=[54518191272164154]-HASH=[26470AB1B9EE]-cluster]}, ping_response{node [{node_t0}{ry16yC66T6mxcbDTGa_LcA}{127.0.0.1}{127.0.0.1:30221}[mode=>network]], id[628], master [null], hasJoinedOnce [false], cluster_name[TEST-CHILD_VM=[1]-CLUSTER_SEED=[54518191272164154]-HASH=[26470AB1B9EE]-cluster]}, ping_response{node [{node_t1}{V3UmTqTPRG--_Y5tLFOn4g}{127.0.0.1}{127.0.0.1:30222}[mode=>network]], id[631], master [null], hasJoinedOnce [false], cluster_name[TEST-CHILD_VM=[1]-CLUSTER_SEED=[54518191272164154]-HASH=[26470AB1B9EE]-cluster]}, ping_response{node [{node_t2}{ldbZPMMhQWeYRkQfh06eYA}{127.0.0.1}{127.0.0.1:30223}[mode=>network]], id[635], master [null], hasJoinedOnce [false], cluster_name[TEST-CHILD_VM=[1]-CLUSTER_SEED=[54518191272164154]-HASH=[26470AB1B9EE]-cluster]}, ping_response{node [{node_t0}{ry16yC66T6mxcbDTGa_LcA}{127.0.0.1}{127.0.0.1:30221}[mode=>network]], id[640], master [null], hasJoinedOnce [false], cluster_name[TEST-CHILD_VM=[1]-CLUSTER_SEED=[54518191272164154]-HASH=[26470AB1B9EE]-cluster]}, ping_response{node [{node_t0}{ry16yC66T6mxcbDTGa_LcA}{127.0.0.1}{127.0.0.1:30221}[mode=>network]], id[640], master [null], hasJoinedOnce [false], cluster_name[TEST-CHILD_VM=[1]-CLUSTER_SEED=[54518191272164154]-HASH=[26470AB1B9EE]-cluster]}, ping_response{node [{node_t1}{V3UmTqTPRG--_Y5tLFOn4g}{127.0.0.1}{127.0.0.1:30222}[mode=>network]], id[647], master [null], hasJoinedOnce [false], cluster_name[TEST-CHILD_VM=[1]-CLUSTER_SEED=[54518191272164154]-HASH=[26470AB1B9EE]-cluster]}, ping_response{node [{node_t1}{V3UmTqTPRG--_Y5tLFOn4g}{127.0.0.1}{127.0.0.1:30222}[mode=>network]], id[647], master [null], hasJoinedOnce [false], cluster_name[TEST-CHILD_VM=[1]-CLUSTER_SEED=[54518191272164154]-HASH=[26470AB1B9EE]-cluster]}, ping_response{node [{node_t2}{ldbZPMMhQWeYRkQfh06eYA}{127.0.0.1}{127.0.0.1:30223}[mode=>network]], id[654], master [null], hasJoinedOnce [false], cluster_name[TEST-CHILD_VM=[1]-CLUSTER_SEED=[54518191272164154]-HASH=[26470AB1B9EE]-cluster]}, ping_response{node [{node_t2}{ldbZPMMhQWeYRkQfh06eYA}{127.0.0.1}{127.0.0.1:30223}[mode=>network]], id[654], master [null], hasJoinedOnce [false], cluster_name[TEST-CHILD_VM=[1]-CLUSTER_SEED=[54518191272164154]-HASH=[26470AB1B9EE]-cluster]}, ping_response{node [{node_t0}{ry16yC66T6mxcbDTGa_LcA}{127.0.0.1}{127.0.0.1:30221}[mode=>network]], id[661], master [null], hasJoinedOnce [false], cluster_name[TEST-CHILD_VM=[1]-CLUSTER_SEED=[54518191272164154]-HASH=[26470AB1B9EE]-cluster]}, ping_response{node [{node_t0}{ry16yC66T6mxcbDTGa_LcA}{127.0.0.1}{127.0.0.1:30221}[mode=>network]], id[661], master [null], hasJoinedOnce [false], cluster_name[TEST-CHILD_VM=[1]-CLUSTER_SEED=[54518191272164154]-HASH=[26470AB1B9EE]-cluster]}, ping_response{node [{node_t1}{V3UmTqTPRG--_Y5tLFOn4g}{127.0.0.1}{127.0.0.1:30222}[mode=>network]], id[668], master [null], hasJoinedOnce [false], cluster_name[TEST-CHILD_VM=[1]-CLUSTER_SEED=[54518191272164154]-HASH=[26470AB1B9EE]-cluster]}, ping_response{node [{node_t0}{ry16yC66T6mxcbDTGa_LcA}{127.0.0.1}{127.0.0.1:30221}[mode=>network]], id[670], master [null], hasJoinedOnce [false], cluster_name[TEST-CHILD_VM=[1]-CLUSTER_SEED=[54518191272164154]-HASH=[26470AB1B9EE]-cluster]}]
[2016-04-18 03:03:43,078][TRACE][org.elasticsearch.discovery.zen.ping.unicast] [node_t1] replacing {node_t2}{ldbZPMMhQWeYRkQfh06eYA}{127.0.0.1}{127.0.0.1:30223}[mode=>network] with temp node {#zen_unicast_6_ldbZPMMhQWeYRkQfh06eYA#}{127.0.0.1}{127.0.0.1:30223}[mode=>network]
[2016-04-18 03:03:43,078][TRACE][org.elasticsearch.discovery.zen.ping.unicast] [node_t1] [1] connecting (light) to {#zen_unicast_6_ldbZPMMhQWeYRkQfh06eYA#}{127.0.0.1}{127.0.0.1:30223}[mode=>network]
[2016-04-18 03:03:43,078][TRACE][org.elasticsearch.discovery.zen.ping.unicast] [node_t1] [1] sending to {node_t0}{ry16yC66T6mxcbDTGa_LcA}{127.0.0.1}{127.0.0.1:30221}[mode=>network]
[2016-04-18 03:03:43,079][TRACE][org.elasticsearch.discovery.zen.ping.unicast] [node_t1] [1] received response from {#zen_unicast_3#}{127.0.0.1}{127.0.0.1:30223}: [ping_response{node [{node_t2}{ldbZPMMhQWeYRkQfh06eYA}{127.0.0.1}{127.0.0.1:30223}[mode=>network]], id[635], master [null], hasJoinedOnce [false], cluster_name[TEST-CHILD_VM=[1]-CLUSTER_SEED=[54518191272164154]-HASH=[26470AB1B9EE]-cluster]}, ping_response{node [{node_t2}{ldbZPMMhQWeYRkQfh06eYA}{127.0.0.1}{127.0.0.1:30223}[mode=>network]], id[635], master [null], hasJoinedOnce [false], cluster_name[TEST-CHILD_VM=[1]-CLUSTER_SEED=[54518191272164154]-HASH=[26470AB1B9EE]-cluster]}, ping_response{node [{node_t0}{ry16yC66T6mxcbDTGa_LcA}{127.0.0.1}{127.0.0.1:30221}[mode=>network]], id[640], master [null], hasJoinedOnce [false], cluster_name[TEST-CHILD_VM=[1]-CLUSTER_SEED=[54518191272164154]-HASH=[26470AB1B9EE]-cluster]}, ping_response{node [{node_t0}{ry16yC66T6mxcbDTGa_LcA}{127.0.0.1}{127.0.0.1:30221}[mode=>network]], id[640], master [null], hasJoinedOnce [false], cluster_name[TEST-CHILD_VM=[1]-CLUSTER_SEED=[54518191272164154]-HASH=[26470AB1B9EE]-cluster]}, ping_response{node [{node_t1}{V3UmTqTPRG--_Y5tLFOn4g}{127.0.0.1}{127.0.0.1:30222}[mode=>network]], id[647], master [null], hasJoinedOnce [false], cluster_name[TEST-CHILD_VM=[1]-CLUSTER_SEED=[54518191272164154]-HASH=[26470AB1B9EE]-cluster]}, ping_response{node [{node_t1}{V3UmTqTPRG--_Y5tLFOn4g}{127.0.0.1}{127.0.0.1:30222}[mode=>network]], id[647], master [null], hasJoinedOnce [false], cluster_name[TEST-CHILD_VM=[1]-CLUSTER_SEED=[54518191272164154]-HASH=[26470AB1B9EE]-cluster]}, ping_response{node [{node_t2}{ldbZPMMhQWeYRkQfh06eYA}{127.0.0.1}{127.0.0.1:30223}[mode=>network]], id[654], master [null], hasJoinedOnce [false], cluster_name[TEST-CHILD_VM=[1]-CLUSTER_SEED=[54518191272164154]-HASH=[26470AB1B9EE]-cluster]}, ping_response{node [{node_t2}{ldbZPMMhQWeYRkQfh06eYA}{127.0.0.1}{127.0.0.1:30223}[mode=>network]], id[654], master [null], hasJoinedOnce [false], cluster_name[TEST-CHILD_VM=[1]-CLUSTER_SEED=[54518191272164154]-HASH=[26470AB1B9EE]-cluster]}, ping_response{node [{node_t0}{ry16yC66T6mxcbDTGa_LcA}{127.0.0.1}{127.0.0.1:30221}[mode=>network]], id[661], master [null], hasJoinedOnce [false], cluster_name[TEST-CHILD_VM=[1]-CLUSTER_SEED=[54518191272164154]-HASH=[26470AB1B9EE]-cluster]}, ping_response{node [{node_t0}{ry16yC66T6mxcbDTGa_LcA}{127.0.0.1}{127.0.0.1:30221}[mode=>network]], id[661], master [null], hasJoinedOnce [false], cluster_name[TEST-CHILD_VM=[1]-CLUSTER_SEED=[54518191272164154]-HASH=[26470AB1B9EE]-cluster]}, ping_response{node [{node_t1}{V3UmTqTPRG--_Y5tLFOn4g}{127.0.0.1}{127.0.0.1:30222}[mode=>network]], id[668], master [null], hasJoinedOnce [false], cluster_name[TEST-CHILD_VM=[1]-CLUSTER_SEED=[54518191272164154]-HASH=[26470AB1B9EE]-cluster]}, ping_response{node [{node_t2}{ldbZPMMhQWeYRkQfh06eYA}{127.0.0.1}{127.0.0.1:30223}[mode=>network]], id[672], master [null], hasJoinedOnce [false], cluster_name[TEST-CHILD_VM=[1]-CLUSTER_SEED=[54518191272164154]-HASH=[26470AB1B9EE]-cluster]}]
[2016-04-18 03:03:43,079][TRACE][org.elasticsearch.discovery.zen.ping.unicast] [node_t1] [1] connected to {node_t2}{ldbZPMMhQWeYRkQfh06eYA}{127.0.0.1}{127.0.0.1:30223}[mode=>network]
[2016-04-18 03:03:43,079][TRACE][org.elasticsearch.discovery.zen.ping.unicast] [node_t1] [1] sending to {#zen_unicast_6_ldbZPMMhQWeYRkQfh06eYA#}{127.0.0.1}{127.0.0.1:30223}[mode=>network]
[2016-04-18 03:03:43,079][TRACE][org.elasticsearch.discovery.zen.ping.unicast] [node_t1] [1] received response from {node_t0}{ry16yC66T6mxcbDTGa_LcA}{127.0.0.1}{127.0.0.1:30221}[mode=>network]: [ping_response{node [{node_t0}{ry16yC66T6mxcbDTGa_LcA}{127.0.0.1}{127.0.0.1:30221}[mode=>network]], id[628], master [null], hasJoinedOnce [false], cluster_name[TEST-CHILD_VM=[1]-CLUSTER_SEED=[54518191272164154]-HASH=[26470AB1B9EE]-cluster]}, ping_response{node [{node_t0}{ry16yC66T6mxcbDTGa_LcA}{127.0.0.1}{127.0.0.1:30221}[mode=>network]], id[628], master [null], hasJoinedOnce [false], cluster_name[TEST-CHILD_VM=[1]-CLUSTER_SEED=[54518191272164154]-HASH=[26470AB1B9EE]-cluster]}, ping_response{node [{node_t1}{V3UmTqTPRG--_Y5tLFOn4g}{127.0.0.1}{127.0.0.1:30222}[mode=>network]], id[631], master [null], hasJoinedOnce [false], cluster_name[TEST-CHILD_VM=[1]-CLUSTER_SEED=[54518191272164154]-HASH=[26470AB1B9EE]-cluster]}, ping_response{node [{node_t2}{ldbZPMMhQWeYRkQfh06eYA}{127.0.0.1}{127.0.0.1:30223}[mode=>network]], id[635], master [null], hasJoinedOnce [false], cluster_name[TEST-CHILD_VM=[1]-CLUSTER_SEED=[54518191272164154]-HASH=[26470AB1B9EE]-cluster]}, ping_response{node [{node_t0}{ry16yC66T6mxcbDTGa_LcA}{127.0.0.1}{127.0.0.1:30221}[mode=>network]], id[640], master [null], hasJoinedOnce [false], cluster_name[TEST-CHILD_VM=[1]-CLUSTER_SEED=[54518191272164154]-HASH=[26470AB1B9EE]-cluster]}, ping_response{node [{node_t0}{ry16yC66T6mxcbDTGa_LcA}{127.0.0.1}{127.0.0.1:30221}[mode=>network]], id[640], master [null], hasJoinedOnce [false], cluster_name[TEST-CHILD_VM=[1]-CLUSTER_SEED=[54518191272164154]-HASH=[26470AB1B9EE]-cluster]}, ping_response{node [{node_t1}{V3UmTqTPRG--_Y5tLFOn4g}{127.0.0.1}{127.0.0.1:30222}[mode=>network]], id[647], master [null], hasJoinedOnce [false], cluster_name[TEST-CHILD_VM=[1]-CLUSTER_SEED=[54518191272164154]-HASH=[26470AB1B9EE]-cluster]}, ping_response{node [{node_t1}{V3UmTqTPRG--_Y5tLFOn4g}{127.0.0.1}{127.0.0.1:30222}[mode=>network]], id[647], master [null], hasJoinedOnce [false], cluster_name[TEST-CHILD_VM=[1]-CLUSTER_SEED=[54518191272164154]-HASH=[26470AB1B9EE]-cluster]}, ping_response{node [{node_t2}{ldbZPMMhQWeYRkQfh06eYA}{127.0.0.1}{127.0.0.1:30223}[mode=>network]], id[654], master [null], hasJoinedOnce [false], cluster_name[TEST-CHILD_VM=[1]-CLUSTER_SEED=[54518191272164154]-HASH=[26470AB1B9EE]-cluster]}, ping_response{node [{node_t2}{ldbZPMMhQWeYRkQfh06eYA}{127.0.0.1}{127.0.0.1:30223}[mode=>network]], id[654], master [null], hasJoinedOnce [false], cluster_name[TEST-CHILD_VM=[1]-CLUSTER_SEED=[54518191272164154]-HASH=[26470AB1B9EE]-cluster]}, ping_response{node [{node_t0}{ry16yC66T6mxcbDTGa_LcA}{127.0.0.1}{127.0.0.1:30221}[mode=>network]], id[661], master [null], hasJoinedOnce [false], cluster_name[TEST-CHILD_VM=[1]-CLUSTER_SEED=[54518191272164154]-HASH=[26470AB1B9EE]-cluster]}, ping_response{node [{node_t0}{ry16yC66T6mxcbDTGa_LcA}{127.0.0.1}{127.0.0.1:30221}[mode=>network]], id[661], master [null], hasJoinedOnce [false], cluster_name[TEST-CHILD_VM=[1]-CLUSTER_SEED=[54518191272164154]-HASH=[26470AB1B9EE]-cluster]}, ping_response{node [{node_t1}{V3UmTqTPRG--_Y5tLFOn4g}{127.0.0.1}{127.0.0.1:30222}[mode=>network]], id[668], master [null], hasJoinedOnce [false], cluster_name[TEST-CHILD_VM=[1]-CLUSTER_SEED=[54518191272164154]-HASH=[26470AB1B9EE]-cluster]}, ping_response{node [{node_t1}{V3UmTqTPRG--_Y5tLFOn4g}{127.0.0.1}{127.0.0.1:30222}[mode=>network]], id[668], master [null], hasJoinedOnce [false], cluster_name[TEST-CHILD_VM=[1]-CLUSTER_SEED=[54518191272164154]-HASH=[26470AB1B9EE]-cluster]}, ping_response{node [{node_t0}{ry16yC66T6mxcbDTGa_LcA}{127.0.0.1}{127.0.0.1:30221}[mode=>network]], id[673], master [null], hasJoinedOnce [false], cluster_name[TEST-CHILD_VM=[1]-CLUSTER_SEED=[54518191272164154]-HASH=[26470AB1B9EE]-cluster]}]
[2016-04-18 03:03:43,080][TRACE][org.elasticsearch.discovery.zen.ping.unicast] [node_t1] [1] received response from {#zen_unicast_6_ldbZPMMhQWeYRkQfh06eYA#}{127.0.0.1}{127.0.0.1:30223}[mode=>network]: [ping_response{node [{node_t2}{ldbZPMMhQWeYRkQfh06eYA}{127.0.0.1}{127.0.0.1:30223}[mode=>network]], id[635], master [null], hasJoinedOnce [false], cluster_name[TEST-CHILD_VM=[1]-CLUSTER_SEED=[54518191272164154]-HASH=[26470AB1B9EE]-cluster]}, ping_response{node [{node_t2}{ldbZPMMhQWeYRkQfh06eYA}{127.0.0.1}{127.0.0.1:30223}[mode=>network]], id[635], master [null], hasJoinedOnce [false], cluster_name[TEST-CHILD_VM=[1]-CLUSTER_SEED=[54518191272164154]-HASH=[26470AB1B9EE]-cluster]}, ping_response{node [{node_t0}{ry16yC66T6mxcbDTGa_LcA}{127.0.0.1}{127.0.0.1:30221}[mode=>network]], id[640], master [null], hasJoinedOnce [false], cluster_name[TEST-CHILD_VM=[1]-CLUSTER_SEED=[54518191272164154]-HASH=[26470AB1B9EE]-cluster]}, ping_response{node [{node_t0}{ry16yC66T6mxcbDTGa_LcA}{127.0.0.1}{127.0.0.1:30221}[mode=>network]], id[640], master [null], hasJoinedOnce [false], cluster_name[TEST-CHILD_VM=[1]-CLUSTER_SEED=[54518191272164154]-HASH=[26470AB1B9EE]-cluster]}, ping_response{node [{node_t1}{V3UmTqTPRG--_Y5tLFOn4g}{127.0.0.1}{127.0.0.1:30222}[mode=>network]], id[647], master [null], hasJoinedOnce [false], cluster_name[TEST-CHILD_VM=[1]-CLUSTER_SEED=[54518191272164154]-HASH=[26470AB1B9EE]-cluster]}, ping_response{node [{node_t1}{V3UmTqTPRG--_Y5tLFOn4g}{127.0.0.1}{127.0.0.1:30222}[mode=>network]], id[647], master [null], hasJoinedOnce [false], cluster_name[TEST-CHILD_VM=[1]-CLUSTER_SEED=[54518191272164154]-HASH=[26470AB1B9EE]-cluster]}, ping_response{node [{node_t2}{ldbZPMMhQWeYRkQfh06eYA}{127.0.0.1}{127.0.0.1:30223}[mode=>network]], id[654], master [null], hasJoinedOnce [false], cluster_name[TEST-CHILD_VM=[1]-CLUSTER_SEED=[54518191272164154]-HASH=[26470AB1B9EE]-cluster]}, ping_response{node [{node_t2}{ldbZPMMhQWeYRkQfh06eYA}{127.0.0.1}{127.0.0.1:30223}[mode=>network]], id[654], master [null], hasJoinedOnce [false], cluster_name[TEST-CHILD_VM=[1]-CLUSTER_SEED=[54518191272164154]-HASH=[26470AB1B9EE]-cluster]}, ping_response{node [{node_t0}{ry16yC66T6mxcbDTGa_LcA}{127.0.0.1}{127.0.0.1:30221}[mode=>network]], id[661], master [null], hasJoinedOnce [false], cluster_name[TEST-CHILD_VM=[1]-CLUSTER_SEED=[54518191272164154]-HASH=[26470AB1B9EE]-cluster]}, ping_response{node [{node_t0}{ry16yC66T6mxcbDTGa_LcA}{127.0.0.1}{127.0.0.1:30221}[mode=>network]], id[661], master [null], hasJoinedOnce [false], cluster_name[TEST-CHILD_VM=[1]-CLUSTER_SEED=[54518191272164154]-HASH=[26470AB1B9EE]-cluster]}, ping_response{node [{node_t1}{V3UmTqTPRG--_Y5tLFOn4g}{127.0.0.1}{127.0.0.1:30222}[mode=>network]], id[668], master [null], hasJoinedOnce [false], cluster_name[TEST-CHILD_VM=[1]-CLUSTER_SEED=[54518191272164154]-HASH=[26470AB1B9EE]-cluster]}, ping_response{node [{node_t1}{V3UmTqTPRG--_Y5tLFOn4g}{127.0.0.1}{127.0.0.1:30222}[mode=>network]], id[668], master [null], hasJoinedOnce [false], cluster_name[TEST-CHILD_VM=[1]-CLUSTER_SEED=[54518191272164154]-HASH=[26470AB1B9EE]-cluster]}, ping_response{node [{node_t2}{ldbZPMMhQWeYRkQfh06eYA}{127.0.0.1}{127.0.0.1:30223}[mode=>network]], id[674], master [null], hasJoinedOnce [false], cluster_name[TEST-CHILD_VM=[1]-CLUSTER_SEED=[54518191272164154]-HASH=[26470AB1B9EE]-cluster]}]
[2016-04-18 03:03:43,080][TRACE][org.elasticsearch.discovery.zen.ping.unicast] [node_t1] [1] disconnecting from {#zen_unicast_6_ldbZPMMhQWeYRkQfh06eYA#}{127.0.0.1}{127.0.0.1:30223}[mode=>network]
[2016-04-18 03:03:43,081][TRACE][org.elasticsearch.discovery.zen] [node_t1] full ping responses:
	--> ping_response{node [{node_t2}{ldbZPMMhQWeYRkQfh06eYA}{127.0.0.1}{127.0.0.1:30223}[mode=>network]], id[674], master [null], hasJoinedOnce [false], cluster_name[TEST-CHILD_VM=[1]-CLUSTER_SEED=[54518191272164154]-HASH=[26470AB1B9EE]-cluster]}
	--> ping_response{node [{node_t0}{ry16yC66T6mxcbDTGa_LcA}{127.0.0.1}{127.0.0.1:30221}[mode=>network]], id[673], master [null], hasJoinedOnce [false], cluster_name[TEST-CHILD_VM=[1]-CLUSTER_SEED=[54518191272164154]-HASH=[26470AB1B9EE]-cluster]}
[2016-04-18 03:03:43,081][DEBUG][org.elasticsearch.discovery.zen] [node_t1] filtered ping responses: (filter_client[true], filter_data[false])
	--> ping_response{node [{node_t2}{ldbZPMMhQWeYRkQfh06eYA}{127.0.0.1}{127.0.0.1:30223}[mode=>network]], id[674], master [null], hasJoinedOnce [false], cluster_name[TEST-CHILD_VM=[1]-CLUSTER_SEED=[54518191272164154]-HASH=[26470AB1B9EE]-cluster]}
	--> ping_response{node [{node_t0}{ry16yC66T6mxcbDTGa_LcA}{127.0.0.1}{127.0.0.1:30221}[mode=>network]], id[673], master [null], hasJoinedOnce [false], cluster_name[TEST-CHILD_VM=[1]-CLUSTER_SEED=[54518191272164154]-HASH=[26470AB1B9EE]-cluster]}
[2016-04-18 03:03:43,081][TRACE][org.elasticsearch.discovery.zen.ping.unicast] [node_t1] [1] disconnecting from {#zen_unicast_4_ldbZPMMhQWeYRkQfh06eYA#}{127.0.0.1}{127.0.0.1:30223}[mode=>network]
[2016-04-18 03:03:43,081][DEBUG][org.elasticsearch.discovery.zen] [node_t1] elected as master, waiting for incoming joins ([1] needed)
[2016-04-18 03:03:43,082][TRACE][org.elasticsearch.discovery.zen.ping.unicast] [node_t1] [1] disconnecting from {#zen_unicast_1#}{127.0.0.1}{127.0.0.1:30221}
[2016-04-18 03:03:43,082][TRACE][org.elasticsearch.discovery.zen.ping.unicast] [node_t1] [1] disconnecting from {#zen_unicast_5_ry16yC66T6mxcbDTGa_LcA#}{127.0.0.1}{127.0.0.1:30221}[mode=>network]
[2016-04-18 03:03:43,082][TRACE][org.elasticsearch.discovery.zen.ping.unicast] [node_t1] [1] disconnecting from {#zen_unicast_3#}{127.0.0.1}{127.0.0.1:30223}
[2016-04-18 03:03:43,084][DEBUG][org.elasticsearch.discovery.zen.publish] [node_t0] received full cluster state version [1] with size [294]
[2016-04-18 03:03:43,084][TRACE][org.elasticsearch.discovery.zen.publish] [node_t1] master node {node_t0}{ry16yC66T6mxcbDTGa_LcA}{127.0.0.1}{127.0.0.1:30221}[mode=>network] acked cluster state version [1]. processing ... (current pending [1], needed [1])
[2016-04-18 03:03:43,084][TRACE][org.elasticsearch.discovery.zen.publish] [node_t1] committing version [1]
[2016-04-18 03:03:43,084][TRACE][org.elasticsearch.discovery.zen.publish] [node_t1] sending commit for cluster state (uuid: [es3t8ww5QIyxWv3uiD9ePw], version [1]) to [{node_t0}{ry16yC66T6mxcbDTGa_LcA}{127.0.0.1}{127.0.0.1:30221}[mode=>network]]
[2016-04-18 03:03:43,085][DEBUG][org.elasticsearch.discovery.zen.fd] [node_t0] [master] restarting fault detection against master [{node_t1}{V3UmTqTPRG--_Y5tLFOn4g}{127.0.0.1}{127.0.0.1:30222}[mode=>network]], reason [new cluster state received and we are monitoring the wrong master [null]]
[2016-04-18 03:03:43,085][DEBUG][org.elasticsearch.discovery.zen] [node_t0] got first state from fresh master [V3UmTqTPRG--_Y5tLFOn4g]
[2016-04-18 03:03:43,085][TRACE][org.elasticsearch.discovery.zen] [node_t0] updated cluster join cluster to [1]
[2016-04-18 03:03:43,086][TRACE][org.elasticsearch.discovery.zen] [node_t1] stopping join accumulation ([election closed])
[2016-04-18 03:03:43,086][TRACE][org.elasticsearch.discovery.zen] [node_t1] cluster joins counter set to [1] (elected as master)
[2016-04-18 03:03:43,087][TRACE][org.elasticsearch.action.admin.indices.stats] [node_t1] Error during transport action execution.
ClusterBlockException[blocked by: [SERVICE_UNAVAILABLE/1/state not recovered / initialized];]
	at org.elasticsearch.cluster.block.ClusterBlocks.globalBlockedException(ClusterBlocks.java:157)
	at org.elasticsearch.action.admin.indices.stats.TransportIndicesStatsAction.checkGlobalBlock(TransportIndicesStatsAction.java:70)
	at org.elasticsearch.action.admin.indices.stats.TransportIndicesStatsAction.checkGlobalBlock(TransportIndicesStatsAction.java:47)
	at org.elasticsearch.action.support.broadcast.node.TransportBroadcastByNodeAction$AsyncAction.<init>(TransportBroadcastByNodeAction.java:230)
	at org.elasticsearch.action.support.broadcast.node.TransportBroadcastByNodeAction.doExecute(TransportBroadcastByNodeAction.java:210)
	at org.elasticsearch.action.support.broadcast.node.TransportBroadcastByNodeAction.doExecute(TransportBroadcastByNodeAction.java:77)
	at org.elasticsearch.action.support.TransportAction.doExecute(TransportAction.java:113)
	at org.elasticsearch.action.support.TransportAction.execute(TransportAction.java:101)
	at org.elasticsearch.action.support.TransportAction.execute(TransportAction.java:74)
	at org.elasticsearch.cluster.InternalClusterInfoService.updateIndicesStats(InternalClusterInfoService.java:269)
	at org.elasticsearch.cluster.InternalClusterInfoService.refresh(InternalClusterInfoService.java:320)
	at org.elasticsearch.cluster.InternalClusterInfoService.maybeRefresh(InternalClusterInfoService.java:276)
	at org.elasticsearch.cluster.InternalClusterInfoService.lambda$onMaster$159(InternalClusterInfoService.java:135)
	at java.util.concurrent.ThreadPoolExecutor.runWorker(ThreadPoolExecutor.java:1142)
	at java.util.concurrent.ThreadPoolExecutor$Worker.run(ThreadPoolExecutor.java:617)
	at java.lang.Thread.run(Thread.java:745)
[2016-04-18 03:03:43,088][DEBUG][org.elasticsearch.discovery.zen.publish] [node_t0] received diff cluster state version [2] with uuid [yKrNNH4aQCaaBQtIkpaqPA], diff size [170]
[2016-04-18 03:03:43,088][TRACE][org.elasticsearch.discovery.zen.publish] [node_t1] master node {node_t0}{ry16yC66T6mxcbDTGa_LcA}{127.0.0.1}{127.0.0.1:30221}[mode=>network] acked cluster state version [2]. processing ... (current pending [1], needed [1])
[2016-04-18 03:03:43,088][TRACE][org.elasticsearch.discovery.zen.publish] [node_t1] committing version [2]
[2016-04-18 03:03:43,088][TRACE][org.elasticsearch.discovery.zen.publish] [node_t1] sending commit for cluster state (uuid: [yKrNNH4aQCaaBQtIkpaqPA], version [2]) to [{node_t0}{ry16yC66T6mxcbDTGa_LcA}{127.0.0.1}{127.0.0.1:30221}[mode=>network]]
[2016-04-18 03:03:43,113][TRACE][org.elasticsearch.discovery.zen.ping.unicast] [node_t2] [1] sending to {#zen_unicast_1#}{127.0.0.1}{127.0.0.1:30221}
[2016-04-18 03:03:43,113][TRACE][org.elasticsearch.discovery.zen.ping.unicast] [node_t2] [1] sending to {#zen_unicast_2#}{127.0.0.1}{127.0.0.1:30222}
[2016-04-18 03:03:43,113][TRACE][org.elasticsearch.discovery.zen.ping.unicast] [node_t2] [1] sending to {node_t2}{ldbZPMMhQWeYRkQfh06eYA}{127.0.0.1}{127.0.0.1:30223}[mode=>network]
[2016-04-18 03:03:43,114][TRACE][org.elasticsearch.discovery.zen.ping.unicast] [node_t2] [1] received response from {node_t2}{ldbZPMMhQWeYRkQfh06eYA}{127.0.0.1}{127.0.0.1:30223}[mode=>network]: [ping_response{node [{node_t2}{ldbZPMMhQWeYRkQfh06eYA}{127.0.0.1}{127.0.0.1:30223}[mode=>network]], id[635], master [null], hasJoinedOnce [false], cluster_name[TEST-CHILD_VM=[1]-CLUSTER_SEED=[54518191272164154]-HASH=[26470AB1B9EE]-cluster]}, ping_response{node [{node_t2}{ldbZPMMhQWeYRkQfh06eYA}{127.0.0.1}{127.0.0.1:30223}[mode=>network]], id[635], master [null], hasJoinedOnce [false], cluster_name[TEST-CHILD_VM=[1]-CLUSTER_SEED=[54518191272164154]-HASH=[26470AB1B9EE]-cluster]}, ping_response{node [{node_t0}{ry16yC66T6mxcbDTGa_LcA}{127.0.0.1}{127.0.0.1:30221}[mode=>network]], id[640], master [null], hasJoinedOnce [false], cluster_name[TEST-CHILD_VM=[1]-CLUSTER_SEED=[54518191272164154]-HASH=[26470AB1B9EE]-cluster]}, ping_response{node [{node_t0}{ry16yC66T6mxcbDTGa_LcA}{127.0.0.1}{127.0.0.1:30221}[mode=>network]], id[640], master [null], hasJoinedOnce [false], cluster_name[TEST-CHILD_VM=[1]-CLUSTER_SEED=[54518191272164154]-HASH=[26470AB1B9EE]-cluster]}, ping_response{node [{node_t1}{V3UmTqTPRG--_Y5tLFOn4g}{127.0.0.1}{127.0.0.1:30222}[mode=>network]], id[647], master [null], hasJoinedOnce [false], cluster_name[TEST-CHILD_VM=[1]-CLUSTER_SEED=[54518191272164154]-HASH=[26470AB1B9EE]-cluster]}, ping_response{node [{node_t1}{V3UmTqTPRG--_Y5tLFOn4g}{127.0.0.1}{127.0.0.1:30222}[mode=>network]], id[647], master [null], hasJoinedOnce [false], cluster_name[TEST-CHILD_VM=[1]-CLUSTER_SEED=[54518191272164154]-HASH=[26470AB1B9EE]-cluster]}, ping_response{node [{node_t2}{ldbZPMMhQWeYRkQfh06eYA}{127.0.0.1}{127.0.0.1:30223}[mode=>network]], id[654], master [null], hasJoinedOnce [false], cluster_name[TEST-CHILD_VM=[1]-CLUSTER_SEED=[54518191272164154]-HASH=[26470AB1B9EE]-cluster]}, ping_response{node [{node_t2}{ldbZPMMhQWeYRkQfh06eYA}{127.0.0.1}{127.0.0.1:30223}[mode=>network]], id[654], master [null], hasJoinedOnce [false], cluster_name[TEST-CHILD_VM=[1]-CLUSTER_SEED=[54518191272164154]-HASH=[26470AB1B9EE]-cluster]}, ping_response{node [{node_t0}{ry16yC66T6mxcbDTGa_LcA}{127.0.0.1}{127.0.0.1:30221}[mode=>network]], id[661], master [null], hasJoinedOnce [false], cluster_name[TEST-CHILD_VM=[1]-CLUSTER_SEED=[54518191272164154]-HASH=[26470AB1B9EE]-cluster]}, ping_response{node [{node_t0}{ry16yC66T6mxcbDTGa_LcA}{127.0.0.1}{127.0.0.1:30221}[mode=>network]], id[661], master [null], hasJoinedOnce [false], cluster_name[TEST-CHILD_VM=[1]-CLUSTER_SEED=[54518191272164154]-HASH=[26470AB1B9EE]-cluster]}, ping_response{node [{node_t1}{V3UmTqTPRG--_Y5tLFOn4g}{127.0.0.1}{127.0.0.1:30222}[mode=>network]], id[668], master [null], hasJoinedOnce [false], cluster_name[TEST-CHILD_VM=[1]-CLUSTER_SEED=[54518191272164154]-HASH=[26470AB1B9EE]-cluster]}, ping_response{node [{node_t1}{V3UmTqTPRG--_Y5tLFOn4g}{127.0.0.1}{127.0.0.1:30222}[mode=>network]], id[668], master [null], hasJoinedOnce [false], cluster_name[TEST-CHILD_VM=[1]-CLUSTER_SEED=[54518191272164154]-HASH=[26470AB1B9EE]-cluster]}, ping_response{node [{node_t2}{ldbZPMMhQWeYRkQfh06eYA}{127.0.0.1}{127.0.0.1:30223}[mode=>network]], id[675], master [null], hasJoinedOnce [false], cluster_name[TEST-CHILD_VM=[1]-CLUSTER_SEED=[54518191272164154]-HASH=[26470AB1B9EE]-cluster]}, ping_response{node [{node_t2}{ldbZPMMhQWeYRkQfh06eYA}{127.0.0.1}{127.0.0.1:30223}[mode=>network]], id[676], master [null], hasJoinedOnce [false], cluster_name[TEST-CHILD_VM=[1]-CLUSTER_SEED=[54518191272164154]-HASH=[26470AB1B9EE]-cluster]}]
[2016-04-18 03:03:43,114][TRACE][org.elasticsearch.discovery.zen.ping.unicast] [node_t2] [1] received response from {#zen_unicast_2#}{127.0.0.1}{127.0.0.1:30222}: [ping_response{node [{node_t1}{V3UmTqTPRG--_Y5tLFOn4g}{127.0.0.1}{127.0.0.1:30222}[mode=>network]], id[631], master [null], hasJoinedOnce [false], cluster_name[TEST-CHILD_VM=[1]-CLUSTER_SEED=[54518191272164154]-HASH=[26470AB1B9EE]-cluster]}, ping_response{node [{node_t1}{V3UmTqTPRG--_Y5tLFOn4g}{127.0.0.1}{127.0.0.1:30222}[mode=>network]], id[631], master [null], hasJoinedOnce [false], cluster_name[TEST-CHILD_VM=[1]-CLUSTER_SEED=[54518191272164154]-HASH=[26470AB1B9EE]-cluster]}, ping_response{node [{node_t2}{ldbZPMMhQWeYRkQfh06eYA}{127.0.0.1}{127.0.0.1:30223}[mode=>network]], id[635], master [null], hasJoinedOnce [false], cluster_name[TEST-CHILD_VM=[1]-CLUSTER_SEED=[54518191272164154]-HASH=[26470AB1B9EE]-cluster]}, ping_response{node [{node_t0}{ry16yC66T6mxcbDTGa_LcA}{127.0.0.1}{127.0.0.1:30221}[mode=>network]], id[640], master [null], hasJoinedOnce [false], cluster_name[TEST-CHILD_VM=[1]-CLUSTER_SEED=[54518191272164154]-HASH=[26470AB1B9EE]-cluster]}, ping_response{node [{node_t0}{ry16yC66T6mxcbDTGa_LcA}{127.0.0.1}{127.0.0.1:30221}[mode=>network]], id[640], master [null], hasJoinedOnce [false], cluster_name[TEST-CHILD_VM=[1]-CLUSTER_SEED=[54518191272164154]-HASH=[26470AB1B9EE]-cluster]}, ping_response{node [{node_t1}{V3UmTqTPRG--_Y5tLFOn4g}{127.0.0.1}{127.0.0.1:30222}[mode=>network]], id[647], master [null], hasJoinedOnce [false], cluster_name[TEST-CHILD_VM=[1]-CLUSTER_SEED=[54518191272164154]-HASH=[26470AB1B9EE]-cluster]}, ping_response{node [{node_t1}{V3UmTqTPRG--_Y5tLFOn4g}{127.0.0.1}{127.0.0.1:30222}[mode=>network]], id[647], master [null], hasJoinedOnce [false], cluster_name[TEST-CHILD_VM=[1]-CLUSTER_SEED=[54518191272164154]-HASH=[26470AB1B9EE]-cluster]}, ping_response{node [{node_t2}{ldbZPMMhQWeYRkQfh06eYA}{127.0.0.1}{127.0.0.1:30223}[mode=>network]], id[654], master [null], hasJoinedOnce [false], cluster_name[TEST-CHILD_VM=[1]-CLUSTER_SEED=[54518191272164154]-HASH=[26470AB1B9EE]-cluster]}, ping_response{node [{node_t2}{ldbZPMMhQWeYRkQfh06eYA}{127.0.0.1}{127.0.0.1:30223}[mode=>network]], id[654], master [null], hasJoinedOnce [false], cluster_name[TEST-CHILD_VM=[1]-CLUSTER_SEED=[54518191272164154]-HASH=[26470AB1B9EE]-cluster]}, ping_response{node [{node_t0}{ry16yC66T6mxcbDTGa_LcA}{127.0.0.1}{127.0.0.1:30221}[mode=>network]], id[661], master [null], hasJoinedOnce [false], cluster_name[TEST-CHILD_VM=[1]-CLUSTER_SEED=[54518191272164154]-HASH=[26470AB1B9EE]-cluster]}, ping_response{node [{node_t0}{ry16yC66T6mxcbDTGa_LcA}{127.0.0.1}{127.0.0.1:30221}[mode=>network]], id[661], master [null], hasJoinedOnce [false], cluster_name[TEST-CHILD_VM=[1]-CLUSTER_SEED=[54518191272164154]-HASH=[26470AB1B9EE]-cluster]}, ping_response{node [{node_t1}{V3UmTqTPRG--_Y5tLFOn4g}{127.0.0.1}{127.0.0.1:30222}[mode=>network]], id[668], master [null], hasJoinedOnce [false], cluster_name[TEST-CHILD_VM=[1]-CLUSTER_SEED=[54518191272164154]-HASH=[26470AB1B9EE]-cluster]}, ping_response{node [{node_t1}{V3UmTqTPRG--_Y5tLFOn4g}{127.0.0.1}{127.0.0.1:30222}[mode=>network]], id[668], master [null], hasJoinedOnce [false], cluster_name[TEST-CHILD_VM=[1]-CLUSTER_SEED=[54518191272164154]-HASH=[26470AB1B9EE]-cluster]}, ping_response{node [{node_t2}{ldbZPMMhQWeYRkQfh06eYA}{127.0.0.1}{127.0.0.1:30223}[mode=>network]], id[675], master [null], hasJoinedOnce [false], cluster_name[TEST-CHILD_VM=[1]-CLUSTER_SEED=[54518191272164154]-HASH=[26470AB1B9EE]-cluster]}, ping_response{node [{node_t1}{V3UmTqTPRG--_Y5tLFOn4g}{127.0.0.1}{127.0.0.1:30222}[mode=>network]], id[678], master [{node_t1}{V3UmTqTPRG--_Y5tLFOn4g}{127.0.0.1}{127.0.0.1:30222}[mode=>network]], hasJoinedOnce [true], cluster_name[TEST-CHILD_VM=[1]-CLUSTER_SEED=[54518191272164154]-HASH=[26470AB1B9EE]-cluster]}]
[2016-04-18 03:03:43,114][TRACE][org.elasticsearch.discovery.zen.ping.unicast] [node_t2] replacing {node_t1}{V3UmTqTPRG--_Y5tLFOn4g}{127.0.0.1}{127.0.0.1:30222}[mode=>network] with temp node {#zen_unicast_6_V3UmTqTPRG--_Y5tLFOn4g#}{127.0.0.1}{127.0.0.1:30222}[mode=>network]
[2016-04-18 03:03:43,114][TRACE][org.elasticsearch.discovery.zen.ping.unicast] [node_t2] [1] sending to {node_t2}{ldbZPMMhQWeYRkQfh06eYA}{127.0.0.1}{127.0.0.1:30223}[mode=>network]
[2016-04-18 03:03:43,114][TRACE][org.elasticsearch.discovery.zen.ping.unicast] [node_t2] [1] connecting (light) to {#zen_unicast_6_V3UmTqTPRG--_Y5tLFOn4g#}{127.0.0.1}{127.0.0.1:30222}[mode=>network]
[2016-04-18 03:03:43,114][TRACE][org.elasticsearch.discovery.zen.ping.unicast] [node_t2] [1] received response from {node_t2}{ldbZPMMhQWeYRkQfh06eYA}{127.0.0.1}{127.0.0.1:30223}[mode=>network]: [ping_response{node [{node_t2}{ldbZPMMhQWeYRkQfh06eYA}{127.0.0.1}{127.0.0.1:30223}[mode=>network]], id[635], master [null], hasJoinedOnce [false], cluster_name[TEST-CHILD_VM=[1]-CLUSTER_SEED=[54518191272164154]-HASH=[26470AB1B9EE]-cluster]}, ping_response{node [{node_t2}{ldbZPMMhQWeYRkQfh06eYA}{127.0.0.1}{127.0.0.1:30223}[mode=>network]], id[635], master [null], hasJoinedOnce [false], cluster_name[TEST-CHILD_VM=[1]-CLUSTER_SEED=[54518191272164154]-HASH=[26470AB1B9EE]-cluster]}, ping_response{node [{node_t0}{ry16yC66T6mxcbDTGa_LcA}{127.0.0.1}{127.0.0.1:30221}[mode=>network]], id[640], master [null], hasJoinedOnce [false], cluster_name[TEST-CHILD_VM=[1]-CLUSTER_SEED=[54518191272164154]-HASH=[26470AB1B9EE]-cluster]}, ping_response{node [{node_t0}{ry16yC66T6mxcbDTGa_LcA}{127.0.0.1}{127.0.0.1:30221}[mode=>network]], id[640], master [null], hasJoinedOnce [false], cluster_name[TEST-CHILD_VM=[1]-CLUSTER_SEED=[54518191272164154]-HASH=[26470AB1B9EE]-cluster]}, ping_response{node [{node_t1}{V3UmTqTPRG--_Y5tLFOn4g}{127.0.0.1}{127.0.0.1:30222}[mode=>network]], id[647], master [null], hasJoinedOnce [false], cluster_name[TEST-CHILD_VM=[1]-CLUSTER_SEED=[54518191272164154]-HASH=[26470AB1B9EE]-cluster]}, ping_response{node [{node_t1}{V3UmTqTPRG--_Y5tLFOn4g}{127.0.0.1}{127.0.0.1:30222}[mode=>network]], id[647], master [null], hasJoinedOnce [false], cluster_name[TEST-CHILD_VM=[1]-CLUSTER_SEED=[54518191272164154]-HASH=[26470AB1B9EE]-cluster]}, ping_response{node [{node_t2}{ldbZPMMhQWeYRkQfh06eYA}{127.0.0.1}{127.0.0.1:30223}[mode=>network]], id[654], master [null], hasJoinedOnce [false], cluster_name[TEST-CHILD_VM=[1]-CLUSTER_SEED=[54518191272164154]-HASH=[26470AB1B9EE]-cluster]}, ping_response{node [{node_t2}{ldbZPMMhQWeYRkQfh06eYA}{127.0.0.1}{127.0.0.1:30223}[mode=>network]], id[654], master [null], hasJoinedOnce [false], cluster_name[TEST-CHILD_VM=[1]-CLUSTER_SEED=[54518191272164154]-HASH=[26470AB1B9EE]-cluster]}, ping_response{node [{node_t0}{ry16yC66T6mxcbDTGa_LcA}{127.0.0.1}{127.0.0.1:30221}[mode=>network]], id[661], master [null], hasJoinedOnce [false], cluster_name[TEST-CHILD_VM=[1]-CLUSTER_SEED=[54518191272164154]-HASH=[26470AB1B9EE]-cluster]}, ping_response{node [{node_t0}{ry16yC66T6mxcbDTGa_LcA}{127.0.0.1}{127.0.0.1:30221}[mode=>network]], id[661], master [null], hasJoinedOnce [false], cluster_name[TEST-CHILD_VM=[1]-CLUSTER_SEED=[54518191272164154]-HASH=[26470AB1B9EE]-cluster]}, ping_response{node [{node_t1}{V3UmTqTPRG--_Y5tLFOn4g}{127.0.0.1}{127.0.0.1:30222}[mode=>network]], id[668], master [null], hasJoinedOnce [false], cluster_name[TEST-CHILD_VM=[1]-CLUSTER_SEED=[54518191272164154]-HASH=[26470AB1B9EE]-cluster]}, ping_response{node [{node_t1}{V3UmTqTPRG--_Y5tLFOn4g}{127.0.0.1}{127.0.0.1:30222}[mode=>network]], id[668], master [null], hasJoinedOnce [false], cluster_name[TEST-CHILD_VM=[1]-CLUSTER_SEED=[54518191272164154]-HASH=[26470AB1B9EE]-cluster]}, ping_response{node [{node_t2}{ldbZPMMhQWeYRkQfh06eYA}{127.0.0.1}{127.0.0.1:30223}[mode=>network]], id[675], master [null], hasJoinedOnce [false], cluster_name[TEST-CHILD_VM=[1]-CLUSTER_SEED=[54518191272164154]-HASH=[26470AB1B9EE]-cluster]}, ping_response{node [{node_t2}{ldbZPMMhQWeYRkQfh06eYA}{127.0.0.1}{127.0.0.1:30223}[mode=>network]], id[675], master [null], hasJoinedOnce [false], cluster_name[TEST-CHILD_VM=[1]-CLUSTER_SEED=[54518191272164154]-HASH=[26470AB1B9EE]-cluster]}, ping_response{node [{node_t2}{ldbZPMMhQWeYRkQfh06eYA}{127.0.0.1}{127.0.0.1:30223}[mode=>network]], id[679], master [null], hasJoinedOnce [false], cluster_name[TEST-CHILD_VM=[1]-CLUSTER_SEED=[54518191272164154]-HASH=[26470AB1B9EE]-cluster]}]
[2016-04-18 03:03:43,114][TRACE][org.elasticsearch.discovery.zen.ping.unicast] [node_t2] [1] received response from {#zen_unicast_1#}{127.0.0.1}{127.0.0.1:30221}: [ping_response{node [{node_t0}{ry16yC66T6mxcbDTGa_LcA}{127.0.0.1}{127.0.0.1:30221}[mode=>network]], id[628], master [null], hasJoinedOnce [false], cluster_name[TEST-CHILD_VM=[1]-CLUSTER_SEED=[54518191272164154]-HASH=[26470AB1B9EE]-cluster]}, ping_response{node [{node_t0}{ry16yC66T6mxcbDTGa_LcA}{127.0.0.1}{127.0.0.1:30221}[mode=>network]], id[628], master [null], hasJoinedOnce [false], cluster_name[TEST-CHILD_VM=[1]-CLUSTER_SEED=[54518191272164154]-HASH=[26470AB1B9EE]-cluster]}, ping_response{node [{node_t1}{V3UmTqTPRG--_Y5tLFOn4g}{127.0.0.1}{127.0.0.1:30222}[mode=>network]], id[631], master [null], hasJoinedOnce [false], cluster_name[TEST-CHILD_VM=[1]-CLUSTER_SEED=[54518191272164154]-HASH=[26470AB1B9EE]-cluster]}, ping_response{node [{node_t2}{ldbZPMMhQWeYRkQfh06eYA}{127.0.0.1}{127.0.0.1:30223}[mode=>network]], id[635], master [null], hasJoinedOnce [false], cluster_name[TEST-CHILD_VM=[1]-CLUSTER_SEED=[54518191272164154]-HASH=[26470AB1B9EE]-cluster]}, ping_response{node [{node_t0}{ry16yC66T6mxcbDTGa_LcA}{127.0.0.1}{127.0.0.1:30221}[mode=>network]], id[640], master [null], hasJoinedOnce [false], cluster_name[TEST-CHILD_VM=[1]-CLUSTER_SEED=[54518191272164154]-HASH=[26470AB1B9EE]-cluster]}, ping_response{node [{node_t0}{ry16yC66T6mxcbDTGa_LcA}{127.0.0.1}{127.0.0.1:30221}[mode=>network]], id[640], master [null], hasJoinedOnce [false], cluster_name[TEST-CHILD_VM=[1]-CLUSTER_SEED=[54518191272164154]-HASH=[26470AB1B9EE]-cluster]}, ping_response{node [{node_t1}{V3UmTqTPRG--_Y5tLFOn4g}{127.0.0.1}{127.0.0.1:30222}[mode=>network]], id[647], master [null], hasJoinedOnce [false], cluster_name[TEST-CHILD_VM=[1]-CLUSTER_SEED=[54518191272164154]-HASH=[26470AB1B9EE]-cluster]}, ping_response{node [{node_t1}{V3UmTqTPRG--_Y5tLFOn4g}{127.0.0.1}{127.0.0.1:30222}[mode=>network]], id[647], master [null], hasJoinedOnce [false], cluster_name[TEST-CHILD_VM=[1]-CLUSTER_SEED=[54518191272164154]-HASH=[26470AB1B9EE]-cluster]}, ping_response{node [{node_t2}{ldbZPMMhQWeYRkQfh06eYA}{127.0.0.1}{127.0.0.1:30223}[mode=>network]], id[654], master [null], hasJoinedOnce [false], cluster_name[TEST-CHILD_VM=[1]-CLUSTER_SEED=[54518191272164154]-HASH=[26470AB1B9EE]-cluster]}, ping_response{node [{node_t2}{ldbZPMMhQWeYRkQfh06eYA}{127.0.0.1}{127.0.0.1:30223}[mode=>network]], id[654], master [null], hasJoinedOnce [false], cluster_name[TEST-CHILD_VM=[1]-CLUSTER_SEED=[54518191272164154]-HASH=[26470AB1B9EE]-cluster]}, ping_response{node [{node_t0}{ry16yC66T6mxcbDTGa_LcA}{127.0.0.1}{127.0.0.1:30221}[mode=>network]], id[661], master [null], hasJoinedOnce [false], cluster_name[TEST-CHILD_VM=[1]-CLUSTER_SEED=[54518191272164154]-HASH=[26470AB1B9EE]-cluster]}, ping_response{node [{node_t0}{ry16yC66T6mxcbDTGa_LcA}{127.0.0.1}{127.0.0.1:30221}[mode=>network]], id[661], master [null], hasJoinedOnce [false], cluster_name[TEST-CHILD_VM=[1]-CLUSTER_SEED=[54518191272164154]-HASH=[26470AB1B9EE]-cluster]}, ping_response{node [{node_t1}{V3UmTqTPRG--_Y5tLFOn4g}{127.0.0.1}{127.0.0.1:30222}[mode=>network]], id[668], master [null], hasJoinedOnce [false], cluster_name[TEST-CHILD_VM=[1]-CLUSTER_SEED=[54518191272164154]-HASH=[26470AB1B9EE]-cluster]}, ping_response{node [{node_t1}{V3UmTqTPRG--_Y5tLFOn4g}{127.0.0.1}{127.0.0.1:30222}[mode=>network]], id[668], master [null], hasJoinedOnce [false], cluster_name[TEST-CHILD_VM=[1]-CLUSTER_SEED=[54518191272164154]-HASH=[26470AB1B9EE]-cluster]}, ping_response{node [{node_t2}{ldbZPMMhQWeYRkQfh06eYA}{127.0.0.1}{127.0.0.1:30223}[mode=>network]], id[675], master [null], hasJoinedOnce [false], cluster_name[TEST-CHILD_VM=[1]-CLUSTER_SEED=[54518191272164154]-HASH=[26470AB1B9EE]-cluster]}, ping_response{node [{node_t0}{ry16yC66T6mxcbDTGa_LcA}{127.0.0.1}{127.0.0.1:30221}[mode=>network]], id[677], master [{node_t1}{V3UmTqTPRG--_Y5tLFOn4g}{127.0.0.1}{127.0.0.1:30222}[mode=>network]], hasJoinedOnce [true], cluster_name[TEST-CHILD_VM=[1]-CLUSTER_SEED=[54518191272164154]-HASH=[26470AB1B9EE]-cluster]}]
[2016-04-18 03:03:43,115][TRACE][org.elasticsearch.discovery.zen.ping.unicast] [node_t2] replacing {node_t0}{ry16yC66T6mxcbDTGa_LcA}{127.0.0.1}{127.0.0.1:30221}[mode=>network] with temp node {#zen_unicast_7_ry16yC66T6mxcbDTGa_LcA#}{127.0.0.1}{127.0.0.1:30221}[mode=>network]
[2016-04-18 03:03:43,115][TRACE][org.elasticsearch.discovery.zen.ping.unicast] [node_t2] [1] connecting (light) to {#zen_unicast_7_ry16yC66T6mxcbDTGa_LcA#}{127.0.0.1}{127.0.0.1:30221}[mode=>network]
[2016-04-18 03:03:43,115][TRACE][org.elasticsearch.discovery.zen.ping.unicast] [node_t2] [1] connected to {node_t1}{V3UmTqTPRG--_Y5tLFOn4g}{127.0.0.1}{127.0.0.1:30222}[mode=>network]
[2016-04-18 03:03:43,115][TRACE][org.elasticsearch.discovery.zen.ping.unicast] [node_t2] [1] sending to {#zen_unicast_6_V3UmTqTPRG--_Y5tLFOn4g#}{127.0.0.1}{127.0.0.1:30222}[mode=>network]
[2016-04-18 03:03:43,115][TRACE][org.elasticsearch.discovery.zen.ping.unicast] [node_t2] [1] connected to {node_t0}{ry16yC66T6mxcbDTGa_LcA}{127.0.0.1}{127.0.0.1:30221}[mode=>network]
[2016-04-18 03:03:43,115][TRACE][org.elasticsearch.discovery.zen.ping.unicast] [node_t2] [1] sending to {#zen_unicast_7_ry16yC66T6mxcbDTGa_LcA#}{127.0.0.1}{127.0.0.1:30221}[mode=>network]
[2016-04-18 03:03:43,116][TRACE][org.elasticsearch.discovery.zen.ping.unicast] [node_t2] [1] received response from {#zen_unicast_6_V3UmTqTPRG--_Y5tLFOn4g#}{127.0.0.1}{127.0.0.1:30222}[mode=>network]: [ping_response{node [{node_t1}{V3UmTqTPRG--_Y5tLFOn4g}{127.0.0.1}{127.0.0.1:30222}[mode=>network]], id[631], master [null], hasJoinedOnce [false], cluster_name[TEST-CHILD_VM=[1]-CLUSTER_SEED=[54518191272164154]-HASH=[26470AB1B9EE]-cluster]}, ping_response{node [{node_t1}{V3UmTqTPRG--_Y5tLFOn4g}{127.0.0.1}{127.0.0.1:30222}[mode=>network]], id[631], master [null], hasJoinedOnce [false], cluster_name[TEST-CHILD_VM=[1]-CLUSTER_SEED=[54518191272164154]-HASH=[26470AB1B9EE]-cluster]}, ping_response{node [{node_t2}{ldbZPMMhQWeYRkQfh06eYA}{127.0.0.1}{127.0.0.1:30223}[mode=>network]], id[635], master [null], hasJoinedOnce [false], cluster_name[TEST-CHILD_VM=[1]-CLUSTER_SEED=[54518191272164154]-HASH=[26470AB1B9EE]-cluster]}, ping_response{node [{node_t0}{ry16yC66T6mxcbDTGa_LcA}{127.0.0.1}{127.0.0.1:30221}[mode=>network]], id[640], master [null], hasJoinedOnce [false], cluster_name[TEST-CHILD_VM=[1]-CLUSTER_SEED=[54518191272164154]-HASH=[26470AB1B9EE]-cluster]}, ping_response{node [{node_t0}{ry16yC66T6mxcbDTGa_LcA}{127.0.0.1}{127.0.0.1:30221}[mode=>network]], id[640], master [null], hasJoinedOnce [false], cluster_name[TEST-CHILD_VM=[1]-CLUSTER_SEED=[54518191272164154]-HASH=[26470AB1B9EE]-cluster]}, ping_response{node [{node_t1}{V3UmTqTPRG--_Y5tLFOn4g}{127.0.0.1}{127.0.0.1:30222}[mode=>network]], id[647], master [null], hasJoinedOnce [false], cluster_name[TEST-CHILD_VM=[1]-CLUSTER_SEED=[54518191272164154]-HASH=[26470AB1B9EE]-cluster]}, ping_response{node [{node_t1}{V3UmTqTPRG--_Y5tLFOn4g}{127.0.0.1}{127.0.0.1:30222}[mode=>network]], id[647], master [null], hasJoinedOnce [false], cluster_name[TEST-CHILD_VM=[1]-CLUSTER_SEED=[54518191272164154]-HASH=[26470AB1B9EE]-cluster]}, ping_response{node [{node_t2}{ldbZPMMhQWeYRkQfh06eYA}{127.0.0.1}{127.0.0.1:30223}[mode=>network]], id[654], master [null], hasJoinedOnce [false], cluster_name[TEST-CHILD_VM=[1]-CLUSTER_SEED=[54518191272164154]-HASH=[26470AB1B9EE]-cluster]}, ping_response{node [{node_t2}{ldbZPMMhQWeYRkQfh06eYA}{127.0.0.1}{127.0.0.1:30223}[mode=>network]], id[654], master [null], hasJoinedOnce [false], cluster_name[TEST-CHILD_VM=[1]-CLUSTER_SEED=[54518191272164154]-HASH=[26470AB1B9EE]-cluster]}, ping_response{node [{node_t0}{ry16yC66T6mxcbDTGa_LcA}{127.0.0.1}{127.0.0.1:30221}[mode=>network]], id[661], master [null], hasJoinedOnce [false], cluster_name[TEST-CHILD_VM=[1]-CLUSTER_SEED=[54518191272164154]-HASH=[26470AB1B9EE]-cluster]}, ping_response{node [{node_t0}{ry16yC66T6mxcbDTGa_LcA}{127.0.0.1}{127.0.0.1:30221}[mode=>network]], id[661], master [null], hasJoinedOnce [false], cluster_name[TEST-CHILD_VM=[1]-CLUSTER_SEED=[54518191272164154]-HASH=[26470AB1B9EE]-cluster]}, ping_response{node [{node_t1}{V3UmTqTPRG--_Y5tLFOn4g}{127.0.0.1}{127.0.0.1:30222}[mode=>network]], id[668], master [null], hasJoinedOnce [false], cluster_name[TEST-CHILD_VM=[1]-CLUSTER_SEED=[54518191272164154]-HASH=[26470AB1B9EE]-cluster]}, ping_response{node [{node_t1}{V3UmTqTPRG--_Y5tLFOn4g}{127.0.0.1}{127.0.0.1:30222}[mode=>network]], id[668], master [null], hasJoinedOnce [false], cluster_name[TEST-CHILD_VM=[1]-CLUSTER_SEED=[54518191272164154]-HASH=[26470AB1B9EE]-cluster]}, ping_response{node [{node_t2}{ldbZPMMhQWeYRkQfh06eYA}{127.0.0.1}{127.0.0.1:30223}[mode=>network]], id[675], master [null], hasJoinedOnce [false], cluster_name[TEST-CHILD_VM=[1]-CLUSTER_SEED=[54518191272164154]-HASH=[26470AB1B9EE]-cluster]}, ping_response{node [{node_t2}{ldbZPMMhQWeYRkQfh06eYA}{127.0.0.1}{127.0.0.1:30223}[mode=>network]], id[675], master [null], hasJoinedOnce [false], cluster_name[TEST-CHILD_VM=[1]-CLUSTER_SEED=[54518191272164154]-HASH=[26470AB1B9EE]-cluster]}, ping_response{node [{node_t1}{V3UmTqTPRG--_Y5tLFOn4g}{127.0.0.1}{127.0.0.1:30222}[mode=>network]], id[680], master [{node_t1}{V3UmTqTPRG--_Y5tLFOn4g}{127.0.0.1}{127.0.0.1:30222}[mode=>network]], hasJoinedOnce [true], cluster_name[TEST-CHILD_VM=[1]-CLUSTER_SEED=[54518191272164154]-HASH=[26470AB1B9EE]-cluster]}]
[2016-04-18 03:03:43,116][TRACE][org.elasticsearch.discovery.zen.ping.unicast] [node_t2] [1] received response from {#zen_unicast_7_ry16yC66T6mxcbDTGa_LcA#}{127.0.0.1}{127.0.0.1:30221}[mode=>network]: [ping_response{node [{node_t0}{ry16yC66T6mxcbDTGa_LcA}{127.0.0.1}{127.0.0.1:30221}[mode=>network]], id[628], master [null], hasJoinedOnce [false], cluster_name[TEST-CHILD_VM=[1]-CLUSTER_SEED=[54518191272164154]-HASH=[26470AB1B9EE]-cluster]}, ping_response{node [{node_t0}{ry16yC66T6mxcbDTGa_LcA}{127.0.0.1}{127.0.0.1:30221}[mode=>network]], id[628], master [null], hasJoinedOnce [false], cluster_name[TEST-CHILD_VM=[1]-CLUSTER_SEED=[54518191272164154]-HASH=[26470AB1B9EE]-cluster]}, ping_response{node [{node_t1}{V3UmTqTPRG--_Y5tLFOn4g}{127.0.0.1}{127.0.0.1:30222}[mode=>network]], id[631], master [null], hasJoinedOnce [false], cluster_name[TEST-CHILD_VM=[1]-CLUSTER_SEED=[54518191272164154]-HASH=[26470AB1B9EE]-cluster]}, ping_response{node [{node_t2}{ldbZPMMhQWeYRkQfh06eYA}{127.0.0.1}{127.0.0.1:30223}[mode=>network]], id[635], master [null], hasJoinedOnce [false], cluster_name[TEST-CHILD_VM=[1]-CLUSTER_SEED=[54518191272164154]-HASH=[26470AB1B9EE]-cluster]}, ping_response{node [{node_t0}{ry16yC66T6mxcbDTGa_LcA}{127.0.0.1}{127.0.0.1:30221}[mode=>network]], id[640], master [null], hasJoinedOnce [false], cluster_name[TEST-CHILD_VM=[1]-CLUSTER_SEED=[54518191272164154]-HASH=[26470AB1B9EE]-cluster]}, ping_response{node [{node_t0}{ry16yC66T6mxcbDTGa_LcA}{127.0.0.1}{127.0.0.1:30221}[mode=>network]], id[640], master [null], hasJoinedOnce [false], cluster_name[TEST-CHILD_VM=[1]-CLUSTER_SEED=[54518191272164154]-HASH=[26470AB1B9EE]-cluster]}, ping_response{node [{node_t1}{V3UmTqTPRG--_Y5tLFOn4g}{127.0.0.1}{127.0.0.1:30222}[mode=>network]], id[647], master [null], hasJoinedOnce [false], cluster_name[TEST-CHILD_VM=[1]-CLUSTER_SEED=[54518191272164154]-HASH=[26470AB1B9EE]-cluster]}, ping_response{node [{node_t1}{V3UmTqTPRG--_Y5tLFOn4g}{127.0.0.1}{127.0.0.1:30222}[mode=>network]], id[647], master [null], hasJoinedOnce [false], cluster_name[TEST-CHILD_VM=[1]-CLUSTER_SEED=[54518191272164154]-HASH=[26470AB1B9EE]-cluster]}, ping_response{node [{node_t2}{ldbZPMMhQWeYRkQfh06eYA}{127.0.0.1}{127.0.0.1:30223}[mode=>network]], id[654], master [null], hasJoinedOnce [false], cluster_name[TEST-CHILD_VM=[1]-CLUSTER_SEED=[54518191272164154]-HASH=[26470AB1B9EE]-cluster]}, ping_response{node [{node_t2}{ldbZPMMhQWeYRkQfh06eYA}{127.0.0.1}{127.0.0.1:30223}[mode=>network]], id[654], master [null], hasJoinedOnce [false], cluster_name[TEST-CHILD_VM=[1]-CLUSTER_SEED=[54518191272164154]-HASH=[26470AB1B9EE]-cluster]}, ping_response{node [{node_t0}{ry16yC66T6mxcbDTGa_LcA}{127.0.0.1}{127.0.0.1:30221}[mode=>network]], id[661], master [null], hasJoinedOnce [false], cluster_name[TEST-CHILD_VM=[1]-CLUSTER_SEED=[54518191272164154]-HASH=[26470AB1B9EE]-cluster]}, ping_response{node [{node_t0}{ry16yC66T6mxcbDTGa_LcA}{127.0.0.1}{127.0.0.1:30221}[mode=>network]], id[661], master [null], hasJoinedOnce [false], cluster_name[TEST-CHILD_VM=[1]-CLUSTER_SEED=[54518191272164154]-HASH=[26470AB1B9EE]-cluster]}, ping_response{node [{node_t1}{V3UmTqTPRG--_Y5tLFOn4g}{127.0.0.1}{127.0.0.1:30222}[mode=>network]], id[668], master [null], hasJoinedOnce [false], cluster_name[TEST-CHILD_VM=[1]-CLUSTER_SEED=[54518191272164154]-HASH=[26470AB1B9EE]-cluster]}, ping_response{node [{node_t1}{V3UmTqTPRG--_Y5tLFOn4g}{127.0.0.1}{127.0.0.1:30222}[mode=>network]], id[668], master [null], hasJoinedOnce [false], cluster_name[TEST-CHILD_VM=[1]-CLUSTER_SEED=[54518191272164154]-HASH=[26470AB1B9EE]-cluster]}, ping_response{node [{node_t2}{ldbZPMMhQWeYRkQfh06eYA}{127.0.0.1}{127.0.0.1:30223}[mode=>network]], id[675], master [null], hasJoinedOnce [false], cluster_name[TEST-CHILD_VM=[1]-CLUSTER_SEED=[54518191272164154]-HASH=[26470AB1B9EE]-cluster]}, ping_response{node [{node_t2}{ldbZPMMhQWeYRkQfh06eYA}{127.0.0.1}{127.0.0.1:30223}[mode=>network]], id[675], master [null], hasJoinedOnce [false], cluster_name[TEST-CHILD_VM=[1]-CLUSTER_SEED=[54518191272164154]-HASH=[26470AB1B9EE]-cluster]}, ping_response{node [{node_t0}{ry16yC66T6mxcbDTGa_LcA}{127.0.0.1}{127.0.0.1:30221}[mode=>network]], id[681], master [{node_t1}{V3UmTqTPRG--_Y5tLFOn4g}{127.0.0.1}{127.0.0.1:30222}[mode=>network]], hasJoinedOnce [true], cluster_name[TEST-CHILD_VM=[1]-CLUSTER_SEED=[54518191272164154]-HASH=[26470AB1B9EE]-cluster]}]
[2016-04-18 03:03:43,117][TRACE][org.elasticsearch.discovery.zen.ping.unicast] [node_t2] [1] disconnecting from {#zen_unicast_7_ry16yC66T6mxcbDTGa_LcA#}{127.0.0.1}{127.0.0.1:30221}[mode=>network]
[2016-04-18 03:03:43,117][TRACE][org.elasticsearch.discovery.zen] [node_t2] full ping responses:
	--> ping_response{node [{node_t1}{V3UmTqTPRG--_Y5tLFOn4g}{127.0.0.1}{127.0.0.1:30222}[mode=>network]], id[680], master [{node_t1}{V3UmTqTPRG--_Y5tLFOn4g}{127.0.0.1}{127.0.0.1:30222}[mode=>network]], hasJoinedOnce [true], cluster_name[TEST-CHILD_VM=[1]-CLUSTER_SEED=[54518191272164154]-HASH=[26470AB1B9EE]-cluster]}
	--> ping_response{node [{node_t0}{ry16yC66T6mxcbDTGa_LcA}{127.0.0.1}{127.0.0.1:30221}[mode=>network]], id[681], master [{node_t1}{V3UmTqTPRG--_Y5tLFOn4g}{127.0.0.1}{127.0.0.1:30222}[mode=>network]], hasJoinedOnce [true], cluster_name[TEST-CHILD_VM=[1]-CLUSTER_SEED=[54518191272164154]-HASH=[26470AB1B9EE]-cluster]}
[2016-04-18 03:03:43,117][DEBUG][org.elasticsearch.discovery.zen] [node_t2] filtered ping responses: (filter_client[true], filter_data[false])
	--> ping_response{node [{node_t1}{V3UmTqTPRG--_Y5tLFOn4g}{127.0.0.1}{127.0.0.1:30222}[mode=>network]], id[680], master [{node_t1}{V3UmTqTPRG--_Y5tLFOn4g}{127.0.0.1}{127.0.0.1:30222}[mode=>network]], hasJoinedOnce [true], cluster_name[TEST-CHILD_VM=[1]-CLUSTER_SEED=[54518191272164154]-HASH=[26470AB1B9EE]-cluster]}
	--> ping_response{node [{node_t0}{ry16yC66T6mxcbDTGa_LcA}{127.0.0.1}{127.0.0.1:30221}[mode=>network]], id[681], master [{node_t1}{V3UmTqTPRG--_Y5tLFOn4g}{127.0.0.1}{127.0.0.1:30222}[mode=>network]], hasJoinedOnce [true], cluster_name[TEST-CHILD_VM=[1]-CLUSTER_SEED=[54518191272164154]-HASH=[26470AB1B9EE]-cluster]}
[2016-04-18 03:03:43,118][TRACE][org.elasticsearch.discovery.zen.ping.unicast] [node_t2] [1] disconnecting from {#zen_unicast_2#}{127.0.0.1}{127.0.0.1:30222}
[2016-04-18 03:03:43,118][TRACE][org.elasticsearch.discovery.zen] [node_t2] stopping join accumulation ([not master])
[2016-04-18 03:03:43,118][TRACE][org.elasticsearch.discovery.zen.ping.unicast] [node_t2] [1] disconnecting from {#zen_unicast_1#}{127.0.0.1}{127.0.0.1:30221}
[2016-04-18 03:03:43,118][TRACE][org.elasticsearch.discovery.zen.ping.unicast] [node_t2] [1] disconnecting from {#zen_unicast_5_ry16yC66T6mxcbDTGa_LcA#}{127.0.0.1}{127.0.0.1:30221}[mode=>network]
[2016-04-18 03:03:43,118][TRACE][org.elasticsearch.discovery.zen.ping.unicast] [node_t2] [1] disconnecting from {#zen_unicast_4_V3UmTqTPRG--_Y5tLFOn4g#}{127.0.0.1}{127.0.0.1:30222}[mode=>network]
[2016-04-18 03:03:43,118][TRACE][org.elasticsearch.discovery.zen.ping.unicast] [node_t2] [1] disconnecting from {#zen_unicast_6_V3UmTqTPRG--_Y5tLFOn4g#}{127.0.0.1}{127.0.0.1:30222}[mode=>network]
[2016-04-18 03:03:43,120][TRACE][org.elasticsearch.discovery.zen] [node_t2] joining master {node_t1}{V3UmTqTPRG--_Y5tLFOn4g}{127.0.0.1}{127.0.0.1:30222}[mode=>network]
[2016-04-18 03:03:43,122][DEBUG][org.elasticsearch.discovery.zen.publish] [node_t0] received diff cluster state version [3] with uuid [mRTX7RLdSJes4g0ofMWTqQ], diff size [304]
[2016-04-18 03:03:43,122][DEBUG][org.elasticsearch.discovery.zen.publish] [node_t2] received full cluster state version [3] with size [283]
[2016-04-18 03:03:43,122][TRACE][org.elasticsearch.discovery.zen.publish] [node_t1] master node {node_t0}{ry16yC66T6mxcbDTGa_LcA}{127.0.0.1}{127.0.0.1:30221}[mode=>network] acked cluster state version [3]. processing ... (current pending [2], needed [1])
[2016-04-18 03:03:43,123][TRACE][org.elasticsearch.discovery.zen.publish] [node_t1] committing version [3]
[2016-04-18 03:03:43,123][TRACE][org.elasticsearch.discovery.zen.publish] [node_t1] sending commit for cluster state (uuid: [mRTX7RLdSJes4g0ofMWTqQ], version [3]) to [{node_t0}{ry16yC66T6mxcbDTGa_LcA}{127.0.0.1}{127.0.0.1:30221}[mode=>network]]
[2016-04-18 03:03:43,123][TRACE][org.elasticsearch.discovery.zen.publish] [node_t1] sending commit for cluster state (uuid: [mRTX7RLdSJes4g0ofMWTqQ], version [3]) to [{node_t2}{ldbZPMMhQWeYRkQfh06eYA}{127.0.0.1}{127.0.0.1:30223}[mode=>network]]
[2016-04-18 03:03:43,123][DEBUG][org.elasticsearch.discovery.zen.fd] [node_t2] [master] restarting fault detection against master [{node_t1}{V3UmTqTPRG--_Y5tLFOn4g}{127.0.0.1}{127.0.0.1:30222}[mode=>network]], reason [new cluster state received and we are monitoring the wrong master [null]]
[2016-04-18 03:03:43,123][DEBUG][org.elasticsearch.discovery.zen] [node_t2] got first state from fresh master [V3UmTqTPRG--_Y5tLFOn4g]
[2016-04-18 03:03:43,123][TRACE][org.elasticsearch.discovery.zen] [node_t2] updated cluster join cluster to [1]
[2016-04-18 03:03:43,127][TRACE][org.elasticsearch.action.admin.cluster.health] [node_t1] Calculating health based on state version [3]
[2016-04-18 03:03:43,127][TRACE][org.elasticsearch.action.admin.indices.stats] [node_t1] resolving shards for [indices:monitor/stats] based on cluster state version [3]
[2016-04-18 03:03:43,128][TRACE][org.elasticsearch.action.admin.cluster.health] [node_t1] Calculating health based on state version [3]
[2016-04-18 03:03:43,128][TRACE][org.elasticsearch.action.admin.cluster.state] [node_t1] Serving cluster state request using version 3
[2016-04-18 03:03:43,129][TRACE][org.elasticsearch.action.admin.cluster.health] [node_t1] Calculating health based on state version [3]
[2016-04-18 03:03:43,129][TRACE][org.elasticsearch.action.admin.cluster.health] [node_t1] observer: sampled state rejected by predicate (version [3], status [APPLIED]). adding listener to ClusterService
[2016-04-18 03:03:43,129][TRACE][org.elasticsearch.action.admin.cluster.health] [node_t1] observer: postAdded - predicate rejected state (version [3], status [APPLIED])
[2016-04-18 03:03:45,125][TRACE][org.elasticsearch.discovery.zen.fd] [node_t1] [node  ] failed to ping [{node_t2}{ldbZPMMhQWeYRkQfh06eYA}{127.0.0.1}{127.0.0.1:30223}[mode=>network]], retry [1] out of [1]
ReceiveTimeoutTransportException[[node_t2][127.0.0.1:30223][internal:discovery/zen/fd/ping] request_id [35] timed out after [1000ms]]
	at org.elasticsearch.transport.TransportService$TimeoutHandler.run(TransportService.java:626)
	at java.util.concurrent.ThreadPoolExecutor.runWorker(ThreadPoolExecutor.java:1142)
	at java.util.concurrent.ThreadPoolExecutor$Worker.run(ThreadPoolExecutor.java:617)
	at java.lang.Thread.run(Thread.java:745)
[2016-04-18 03:03:45,125][DEBUG][org.elasticsearch.discovery.zen.fd] [node_t1] [node  ] failed to ping [{node_t2}{ldbZPMMhQWeYRkQfh06eYA}{127.0.0.1}{127.0.0.1:30223}[mode=>network]], tried [1] times, each with  maximum [1s] timeout
[2016-04-18 03:03:45,126][DEBUG][org.elasticsearch.discovery.zen.publish] [node_t0] received diff cluster state version [4] with uuid [GW-pa-seSWO4lXRosyGxoA], diff size [278]
[2016-04-18 03:03:45,126][TRACE][org.elasticsearch.discovery.zen.publish] [node_t1] master node {node_t0}{ry16yC66T6mxcbDTGa_LcA}{127.0.0.1}{127.0.0.1:30221}[mode=>network] acked cluster state version [4]. processing ... (current pending [1], needed [1])
[2016-04-18 03:03:45,126][TRACE][org.elasticsearch.discovery.zen.publish] [node_t1] committing version [4]
[2016-04-18 03:03:45,126][TRACE][org.elasticsearch.discovery.zen.publish] [node_t1] sending commit for cluster state (uuid: [GW-pa-seSWO4lXRosyGxoA], version [4]) to [{node_t0}{ry16yC66T6mxcbDTGa_LcA}{127.0.0.1}{127.0.0.1:30221}[mode=>network]]
[2016-04-18 03:03:45,128][TRACE][org.elasticsearch.action.admin.cluster.health] [node_t1] Calculating health based on state version [4]
[2016-04-18 03:03:45,128][TRACE][org.elasticsearch.action.admin.cluster.health] [node_t1] observer: accepting cluster state change (version [4], status [APPLIED])
[2016-04-18 03:03:45,128][TRACE][org.elasticsearch.action.admin.cluster.health] [node_t1] Calculating health based on state version [4]
[2016-04-18 03:03:45,128][TRACE][org.elasticsearch.action.admin.cluster.state] [node_t2] Serving cluster state request using version 3
[2016-04-18 03:03:45,130][TRACE][org.elasticsearch.action.admin.cluster.state] [node_t2] Serving cluster state request using version 3
[2016-04-18 03:03:45,132][TRACE][org.elasticsearch.action.admin.cluster.state] [node_t2] Serving cluster state request using version 3
[2016-04-18 03:03:45,137][TRACE][org.elasticsearch.action.admin.cluster.state] [node_t2] Serving cluster state request using version 3
[2016-04-18 03:03:45,146][TRACE][org.elasticsearch.action.admin.cluster.state] [node_t2] Serving cluster state request using version 3
[2016-04-18 03:03:45,166][TRACE][org.elasticsearch.action.admin.cluster.state] [node_t2] Serving cluster state request using version 3
[2016-04-18 03:03:45,199][TRACE][org.elasticsearch.action.admin.cluster.state] [node_t2] Serving cluster state request using version 3
[2016-04-18 03:03:45,265][TRACE][org.elasticsearch.action.admin.cluster.state] [node_t2] Serving cluster state request using version 3
[2016-04-18 03:03:45,395][TRACE][org.elasticsearch.action.admin.cluster.state] [node_t2] Serving cluster state request using version 3
[2016-04-18 03:03:45,654][TRACE][org.elasticsearch.action.admin.cluster.state] [node_t2] Serving cluster state request using version 3
[2016-04-18 03:03:46,126][TRACE][org.elasticsearch.discovery.zen.fd] [node_t1] checking ping from [ldbZPMMhQWeYRkQfh06eYA] under a cluster state thread
[2016-04-18 03:03:46,127][TRACE][org.elasticsearch.discovery.zen.fd] [node_t2] [master] failed to ping [{node_t1}{V3UmTqTPRG--_Y5tLFOn4g}{127.0.0.1}{127.0.0.1:30222}[mode=>network]], retry [1] out of [1]
RemoteTransportException[[node_t1][127.0.0.1:30222][internal:discovery/zen/fd/master_ping]]; nested: IllegalStateException;
Caused by: java.lang.IllegalStateException
[2016-04-18 03:03:46,127][DEBUG][org.elasticsearch.discovery.zen.fd] [node_t2] [master] failed to ping [{node_t1}{V3UmTqTPRG--_Y5tLFOn4g}{127.0.0.1}{127.0.0.1:30222}[mode=>network]], tried [1] times, each with maximum [1s] timeout
[2016-04-18 03:03:46,127][DEBUG][org.elasticsearch.discovery.zen.fd] [node_t2] [master] stopping fault detection against master [{node_t1}{V3UmTqTPRG--_Y5tLFOn4g}{127.0.0.1}{127.0.0.1:30222}[mode=>network]], reason [master failure, failed to ping, tried [1] times, each with  maximum [1s] timeout]
[2016-04-18 03:03:46,127][INFO ][org.elasticsearch.discovery.zen] [node_t2] master_left [{node_t1}{V3UmTqTPRG--_Y5tLFOn4g}{127.0.0.1}{127.0.0.1:30222}[mode=>network]], reason [failed to ping, tried [1] times, each with  maximum [1s] timeout]
[2016-04-18 03:03:46,127][WARN ][org.elasticsearch.discovery.zen] [node_t2] master left (reason = failed to ping, tried [1] times, each with  maximum [1s] timeout), current nodes: {{node_t0}{ry16yC66T6mxcbDTGa_LcA}{127.0.0.1}{127.0.0.1:30221}[mode=>network],{node_t2}{ldbZPMMhQWeYRkQfh06eYA}{127.0.0.1}{127.0.0.1:30223}[mode=>network],}
[2016-04-18 03:03:46,127][TRACE][org.elasticsearch.discovery.zen] [node_t2] starting to accumulate joins
[2016-04-18 03:03:46,127][TRACE][org.elasticsearch.discovery.zen] [node_t2] starting to ping
[2016-04-18 03:03:46,127][TRACE][org.elasticsearch.discovery.zen.ping.unicast] [node_t2] [2] sending to {node_t0}{ry16yC66T6mxcbDTGa_LcA}{127.0.0.1}{127.0.0.1:30221}[mode=>network]
[2016-04-18 03:03:46,128][TRACE][org.elasticsearch.discovery.zen.ping.unicast] [node_t2] [2] sending to {node_t2}{ldbZPMMhQWeYRkQfh06eYA}{127.0.0.1}{127.0.0.1:30223}[mode=>network]
[2016-04-18 03:03:46,128][TRACE][org.elasticsearch.discovery.zen.ping.unicast] [node_t2] [2] connecting (light) to {#zen_unicast_2#}{127.0.0.1}{127.0.0.1:30222}
[2016-04-18 03:03:46,128][TRACE][org.elasticsearch.discovery.zen.ping.unicast] [node_t2] [2] received response from {node_t2}{ldbZPMMhQWeYRkQfh06eYA}{127.0.0.1}{127.0.0.1:30223}[mode=>network]: [ping_response{node [{node_t2}{ldbZPMMhQWeYRkQfh06eYA}{127.0.0.1}{127.0.0.1:30223}[mode=>network]], id[682], master [null], hasJoinedOnce [true], cluster_name[TEST-CHILD_VM=[1]-CLUSTER_SEED=[54518191272164154]-HASH=[26470AB1B9EE]-cluster]}, ping_response{node [{node_t2}{ldbZPMMhQWeYRkQfh06eYA}{127.0.0.1}{127.0.0.1:30223}[mode=>network]], id[683], master [null], hasJoinedOnce [true], cluster_name[TEST-CHILD_VM=[1]-CLUSTER_SEED=[54518191272164154]-HASH=[26470AB1B9EE]-cluster]}]
[2016-04-18 03:03:46,128][TRACE][org.elasticsearch.discovery.zen.ping.unicast] [node_t2] [2] sending to {node_t2}{ldbZPMMhQWeYRkQfh06eYA}{127.0.0.1}{127.0.0.1:30223}[mode=>network]
[2016-04-18 03:03:46,128][TRACE][org.elasticsearch.discovery.zen.ping.unicast] [node_t2] [2] received response from {node_t2}{ldbZPMMhQWeYRkQfh06eYA}{127.0.0.1}{127.0.0.1:30223}[mode=>network]: [ping_response{node [{node_t2}{ldbZPMMhQWeYRkQfh06eYA}{127.0.0.1}{127.0.0.1:30223}[mode=>network]], id[682], master [null], hasJoinedOnce [true], cluster_name[TEST-CHILD_VM=[1]-CLUSTER_SEED=[54518191272164154]-HASH=[26470AB1B9EE]-cluster]}, ping_response{node [{node_t2}{ldbZPMMhQWeYRkQfh06eYA}{127.0.0.1}{127.0.0.1:30223}[mode=>network]], id[682], master [null], hasJoinedOnce [true], cluster_name[TEST-CHILD_VM=[1]-CLUSTER_SEED=[54518191272164154]-HASH=[26470AB1B9EE]-cluster]}, ping_response{node [{node_t2}{ldbZPMMhQWeYRkQfh06eYA}{127.0.0.1}{127.0.0.1:30223}[mode=>network]], id[685], master [null], hasJoinedOnce [true], cluster_name[TEST-CHILD_VM=[1]-CLUSTER_SEED=[54518191272164154]-HASH=[26470AB1B9EE]-cluster]}]
[2016-04-18 03:03:46,128][TRACE][org.elasticsearch.discovery.zen.ping.unicast] [node_t2] [2] received response from {node_t0}{ry16yC66T6mxcbDTGa_LcA}{127.0.0.1}{127.0.0.1:30221}[mode=>network]: [ping_response{node [{node_t2}{ldbZPMMhQWeYRkQfh06eYA}{127.0.0.1}{127.0.0.1:30223}[mode=>network]], id[682], master [null], hasJoinedOnce [true], cluster_name[TEST-CHILD_VM=[1]-CLUSTER_SEED=[54518191272164154]-HASH=[26470AB1B9EE]-cluster]}, ping_response{node [{node_t0}{ry16yC66T6mxcbDTGa_LcA}{127.0.0.1}{127.0.0.1:30221}[mode=>network]], id[684], master [{node_t1}{V3UmTqTPRG--_Y5tLFOn4g}{127.0.0.1}{127.0.0.1:30222}[mode=>network]], hasJoinedOnce [true], cluster_name[TEST-CHILD_VM=[1]-CLUSTER_SEED=[54518191272164154]-HASH=[26470AB1B9EE]-cluster]}]
[2016-04-18 03:03:46,128][TRACE][org.elasticsearch.discovery.zen.ping.unicast] [node_t2] [2] sending to {node_t0}{ry16yC66T6mxcbDTGa_LcA}{127.0.0.1}{127.0.0.1:30221}[mode=>network]
[2016-04-18 03:03:46,128][TRACE][org.elasticsearch.discovery.zen.ping.unicast] [node_t2] [2] received response from {node_t0}{ry16yC66T6mxcbDTGa_LcA}{127.0.0.1}{127.0.0.1:30221}[mode=>network]: [ping_response{node [{node_t2}{ldbZPMMhQWeYRkQfh06eYA}{127.0.0.1}{127.0.0.1:30223}[mode=>network]], id[682], master [null], hasJoinedOnce [true], cluster_name[TEST-CHILD_VM=[1]-CLUSTER_SEED=[54518191272164154]-HASH=[26470AB1B9EE]-cluster]}, ping_response{node [{node_t2}{ldbZPMMhQWeYRkQfh06eYA}{127.0.0.1}{127.0.0.1:30223}[mode=>network]], id[682], master [null], hasJoinedOnce [true], cluster_name[TEST-CHILD_VM=[1]-CLUSTER_SEED=[54518191272164154]-HASH=[26470AB1B9EE]-cluster]}, ping_response{node [{node_t0}{ry16yC66T6mxcbDTGa_LcA}{127.0.0.1}{127.0.0.1:30221}[mode=>network]], id[686], master [{node_t1}{V3UmTqTPRG--_Y5tLFOn4g}{127.0.0.1}{127.0.0.1:30222}[mode=>network]], hasJoinedOnce [true], cluster_name[TEST-CHILD_VM=[1]-CLUSTER_SEED=[54518191272164154]-HASH=[26470AB1B9EE]-cluster]}]
[2016-04-18 03:03:46,129][TRACE][org.elasticsearch.discovery.zen.ping.unicast] [node_t2] [2] connected to {#zen_unicast_2#}{127.0.0.1}{127.0.0.1:30222}
[2016-04-18 03:03:46,129][TRACE][org.elasticsearch.discovery.zen.ping.unicast] [node_t2] [2] sending to {#zen_unicast_2#}{127.0.0.1}{127.0.0.1:30222}
[2016-04-18 03:03:46,129][TRACE][org.elasticsearch.discovery.zen.ping.unicast] [node_t2] [2] received response from {#zen_unicast_2#}{127.0.0.1}{127.0.0.1:30222}: [ping_response{node [{node_t2}{ldbZPMMhQWeYRkQfh06eYA}{127.0.0.1}{127.0.0.1:30223}[mode=>network]], id[682], master [null], hasJoinedOnce [true], cluster_name[TEST-CHILD_VM=[1]-CLUSTER_SEED=[54518191272164154]-HASH=[26470AB1B9EE]-cluster]}, ping_response{node [{node_t1}{V3UmTqTPRG--_Y5tLFOn4g}{127.0.0.1}{127.0.0.1:30222}[mode=>network]], id[687], master [{node_t1}{V3UmTqTPRG--_Y5tLFOn4g}{127.0.0.1}{127.0.0.1:30222}[mode=>network]], hasJoinedOnce [true], cluster_name[TEST-CHILD_VM=[1]-CLUSTER_SEED=[54518191272164154]-HASH=[26470AB1B9EE]-cluster]}]
[2016-04-18 03:03:46,167][TRACE][org.elasticsearch.action.admin.cluster.state] [node_t2] Serving cluster state request using version 3
[2016-04-18 03:03:46,167][TRACE][org.elasticsearch.action.admin.cluster.health] [node_t1] Calculating health based on state version [4]
[2016-04-18 03:03:46,167][TRACE][org.elasticsearch.action.admin.cluster.health] [node_t1] observer: sampled state rejected by predicate (version [4], status [APPLIED]). adding listener to ClusterService
[2016-04-18 03:03:46,167][TRACE][org.elasticsearch.action.admin.cluster.health] [node_t1] observer: postAdded - predicate rejected state (version [4], status [APPLIED])
[2016-04-18 03:03:47,632][TRACE][org.elasticsearch.discovery.zen.ping.unicast] [node_t2] [2] sending to {node_t0}{ry16yC66T6mxcbDTGa_LcA}{127.0.0.1}{127.0.0.1:30221}[mode=>network]
[2016-04-18 03:03:47,632][TRACE][org.elasticsearch.discovery.zen.ping.unicast] [node_t2] [2] sending to {#zen_unicast_2#}{127.0.0.1}{127.0.0.1:30222}
[2016-04-18 03:03:47,632][TRACE][org.elasticsearch.discovery.zen.ping.unicast] [node_t2] [2] sending to {node_t2}{ldbZPMMhQWeYRkQfh06eYA}{127.0.0.1}{127.0.0.1:30223}[mode=>network]
[2016-04-18 03:03:47,632][TRACE][org.elasticsearch.discovery.zen.ping.unicast] [node_t2] [2] received response from {node_t2}{ldbZPMMhQWeYRkQfh06eYA}{127.0.0.1}{127.0.0.1:30223}[mode=>network]: [ping_response{node [{node_t2}{ldbZPMMhQWeYRkQfh06eYA}{127.0.0.1}{127.0.0.1:30223}[mode=>network]], id[682], master [null], hasJoinedOnce [true], cluster_name[TEST-CHILD_VM=[1]-CLUSTER_SEED=[54518191272164154]-HASH=[26470AB1B9EE]-cluster]}, ping_response{node [{node_t2}{ldbZPMMhQWeYRkQfh06eYA}{127.0.0.1}{127.0.0.1:30223}[mode=>network]], id[682], master [null], hasJoinedOnce [true], cluster_name[TEST-CHILD_VM=[1]-CLUSTER_SEED=[54518191272164154]-HASH=[26470AB1B9EE]-cluster]}, ping_response{node [{node_t2}{ldbZPMMhQWeYRkQfh06eYA}{127.0.0.1}{127.0.0.1:30223}[mode=>network]], id[688], master [null], hasJoinedOnce [true], cluster_name[TEST-CHILD_VM=[1]-CLUSTER_SEED=[54518191272164154]-HASH=[26470AB1B9EE]-cluster]}, ping_response{node [{node_t2}{ldbZPMMhQWeYRkQfh06eYA}{127.0.0.1}{127.0.0.1:30223}[mode=>network]], id[689], master [null], hasJoinedOnce [true], cluster_name[TEST-CHILD_VM=[1]-CLUSTER_SEED=[54518191272164154]-HASH=[26470AB1B9EE]-cluster]}]
[2016-04-18 03:03:47,632][TRACE][org.elasticsearch.discovery.zen.ping.unicast] [node_t2] [2] received response from {#zen_unicast_2#}{127.0.0.1}{127.0.0.1:30222}: [ping_response{node [{node_t2}{ldbZPMMhQWeYRkQfh06eYA}{127.0.0.1}{127.0.0.1:30223}[mode=>network]], id[682], master [null], hasJoinedOnce [true], cluster_name[TEST-CHILD_VM=[1]-CLUSTER_SEED=[54518191272164154]-HASH=[26470AB1B9EE]-cluster]}, ping_response{node [{node_t2}{ldbZPMMhQWeYRkQfh06eYA}{127.0.0.1}{127.0.0.1:30223}[mode=>network]], id[688], master [null], hasJoinedOnce [true], cluster_name[TEST-CHILD_VM=[1]-CLUSTER_SEED=[54518191272164154]-HASH=[26470AB1B9EE]-cluster]}, ping_response{node [{node_t1}{V3UmTqTPRG--_Y5tLFOn4g}{127.0.0.1}{127.0.0.1:30222}[mode=>network]], id[691], master [{node_t1}{V3UmTqTPRG--_Y5tLFOn4g}{127.0.0.1}{127.0.0.1:30222}[mode=>network]], hasJoinedOnce [true], cluster_name[TEST-CHILD_VM=[1]-CLUSTER_SEED=[54518191272164154]-HASH=[26470AB1B9EE]-cluster]}]
[2016-04-18 03:03:47,632][TRACE][org.elasticsearch.discovery.zen.ping.unicast] [node_t2] [2] sending to {node_t2}{ldbZPMMhQWeYRkQfh06eYA}{127.0.0.1}{127.0.0.1:30223}[mode=>network]
[2016-04-18 03:03:47,632][TRACE][org.elasticsearch.discovery.zen.ping.unicast] [node_t2] [2] received response from {node_t0}{ry16yC66T6mxcbDTGa_LcA}{127.0.0.1}{127.0.0.1:30221}[mode=>network]: [ping_response{node [{node_t2}{ldbZPMMhQWeYRkQfh06eYA}{127.0.0.1}{127.0.0.1:30223}[mode=>network]], id[682], master [null], hasJoinedOnce [true], cluster_name[TEST-CHILD_VM=[1]-CLUSTER_SEED=[54518191272164154]-HASH=[26470AB1B9EE]-cluster]}, ping_response{node [{node_t2}{ldbZPMMhQWeYRkQfh06eYA}{127.0.0.1}{127.0.0.1:30223}[mode=>network]], id[682], master [null], hasJoinedOnce [true], cluster_name[TEST-CHILD_VM=[1]-CLUSTER_SEED=[54518191272164154]-HASH=[26470AB1B9EE]-cluster]}, ping_response{node [{node_t2}{ldbZPMMhQWeYRkQfh06eYA}{127.0.0.1}{127.0.0.1:30223}[mode=>network]], id[688], master [null], hasJoinedOnce [true], cluster_name[TEST-CHILD_VM=[1]-CLUSTER_SEED=[54518191272164154]-HASH=[26470AB1B9EE]-cluster]}, ping_response{node [{node_t0}{ry16yC66T6mxcbDTGa_LcA}{127.0.0.1}{127.0.0.1:30221}[mode=>network]], id[690], master [{node_t1}{V3UmTqTPRG--_Y5tLFOn4g}{127.0.0.1}{127.0.0.1:30222}[mode=>network]], hasJoinedOnce [true], cluster_name[TEST-CHILD_VM=[1]-CLUSTER_SEED=[54518191272164154]-HASH=[26470AB1B9EE]-cluster]}]
[2016-04-18 03:03:47,632][TRACE][org.elasticsearch.discovery.zen.ping.unicast] [node_t2] [2] received response from {node_t2}{ldbZPMMhQWeYRkQfh06eYA}{127.0.0.1}{127.0.0.1:30223}[mode=>network]: [ping_response{node [{node_t2}{ldbZPMMhQWeYRkQfh06eYA}{127.0.0.1}{127.0.0.1:30223}[mode=>network]], id[682], master [null], hasJoinedOnce [true], cluster_name[TEST-CHILD_VM=[1]-CLUSTER_SEED=[54518191272164154]-HASH=[26470AB1B9EE]-cluster]}, ping_response{node [{node_t2}{ldbZPMMhQWeYRkQfh06eYA}{127.0.0.1}{127.0.0.1:30223}[mode=>network]], id[682], master [null], hasJoinedOnce [true], cluster_name[TEST-CHILD_VM=[1]-CLUSTER_SEED=[54518191272164154]-HASH=[26470AB1B9EE]-cluster]}, ping_response{node [{node_t2}{ldbZPMMhQWeYRkQfh06eYA}{127.0.0.1}{127.0.0.1:30223}[mode=>network]], id[688], master [null], hasJoinedOnce [true], cluster_name[TEST-CHILD_VM=[1]-CLUSTER_SEED=[54518191272164154]-HASH=[26470AB1B9EE]-cluster]}, ping_response{node [{node_t2}{ldbZPMMhQWeYRkQfh06eYA}{127.0.0.1}{127.0.0.1:30223}[mode=>network]], id[688], master [null], hasJoinedOnce [true], cluster_name[TEST-CHILD_VM=[1]-CLUSTER_SEED=[54518191272164154]-HASH=[26470AB1B9EE]-cluster]}, ping_response{node [{node_t2}{ldbZPMMhQWeYRkQfh06eYA}{127.0.0.1}{127.0.0.1:30223}[mode=>network]], id[692], master [null], hasJoinedOnce [true], cluster_name[TEST-CHILD_VM=[1]-CLUSTER_SEED=[54518191272164154]-HASH=[26470AB1B9EE]-cluster]}]
[2016-04-18 03:03:47,633][TRACE][org.elasticsearch.discovery.zen.ping.unicast] [node_t2] [2] sending to {node_t0}{ry16yC66T6mxcbDTGa_LcA}{127.0.0.1}{127.0.0.1:30221}[mode=>network]
[2016-04-18 03:03:47,633][TRACE][org.elasticsearch.discovery.zen.ping.unicast] [node_t2] [2] received response from {node_t0}{ry16yC66T6mxcbDTGa_LcA}{127.0.0.1}{127.0.0.1:30221}[mode=>network]: [ping_response{node [{node_t2}{ldbZPMMhQWeYRkQfh06eYA}{127.0.0.1}{127.0.0.1:30223}[mode=>network]], id[682], master [null], hasJoinedOnce [true], cluster_name[TEST-CHILD_VM=[1]-CLUSTER_SEED=[54518191272164154]-HASH=[26470AB1B9EE]-cluster]}, ping_response{node [{node_t2}{ldbZPMMhQWeYRkQfh06eYA}{127.0.0.1}{127.0.0.1:30223}[mode=>network]], id[682], master [null], hasJoinedOnce [true], cluster_name[TEST-CHILD_VM=[1]-CLUSTER_SEED=[54518191272164154]-HASH=[26470AB1B9EE]-cluster]}, ping_response{node [{node_t2}{ldbZPMMhQWeYRkQfh06eYA}{127.0.0.1}{127.0.0.1:30223}[mode=>network]], id[688], master [null], hasJoinedOnce [true], cluster_name[TEST-CHILD_VM=[1]-CLUSTER_SEED=[54518191272164154]-HASH=[26470AB1B9EE]-cluster]}, ping_response{node [{node_t2}{ldbZPMMhQWeYRkQfh06eYA}{127.0.0.1}{127.0.0.1:30223}[mode=>network]], id[688], master [null], hasJoinedOnce [true], cluster_name[TEST-CHILD_VM=[1]-CLUSTER_SEED=[54518191272164154]-HASH=[26470AB1B9EE]-cluster]}, ping_response{node [{node_t0}{ry16yC66T6mxcbDTGa_LcA}{127.0.0.1}{127.0.0.1:30221}[mode=>network]], id[693], master [{node_t1}{V3UmTqTPRG--_Y5tLFOn4g}{127.0.0.1}{127.0.0.1:30222}[mode=>network]], hasJoinedOnce [true], cluster_name[TEST-CHILD_VM=[1]-CLUSTER_SEED=[54518191272164154]-HASH=[26470AB1B9EE]-cluster]}]
[2016-04-18 03:03:49,134][TRACE][org.elasticsearch.discovery.zen.ping.unicast] [node_t2] [2] sending to {node_t0}{ry16yC66T6mxcbDTGa_LcA}{127.0.0.1}{127.0.0.1:30221}[mode=>network]
[2016-04-18 03:03:49,135][TRACE][org.elasticsearch.discovery.zen.ping.unicast] [node_t2] [2] sending to {#zen_unicast_2#}{127.0.0.1}{127.0.0.1:30222}
[2016-04-18 03:03:49,135][TRACE][org.elasticsearch.discovery.zen.ping.unicast] [node_t2] [2] sending to {node_t2}{ldbZPMMhQWeYRkQfh06eYA}{127.0.0.1}{127.0.0.1:30223}[mode=>network]
[2016-04-18 03:03:49,135][TRACE][org.elasticsearch.discovery.zen.ping.unicast] [node_t2] [2] received response from {node_t2}{ldbZPMMhQWeYRkQfh06eYA}{127.0.0.1}{127.0.0.1:30223}[mode=>network]: [ping_response{node [{node_t2}{ldbZPMMhQWeYRkQfh06eYA}{127.0.0.1}{127.0.0.1:30223}[mode=>network]], id[682], master [null], hasJoinedOnce [true], cluster_name[TEST-CHILD_VM=[1]-CLUSTER_SEED=[54518191272164154]-HASH=[26470AB1B9EE]-cluster]}, ping_response{node [{node_t2}{ldbZPMMhQWeYRkQfh06eYA}{127.0.0.1}{127.0.0.1:30223}[mode=>network]], id[682], master [null], hasJoinedOnce [true], cluster_name[TEST-CHILD_VM=[1]-CLUSTER_SEED=[54518191272164154]-HASH=[26470AB1B9EE]-cluster]}, ping_response{node [{node_t2}{ldbZPMMhQWeYRkQfh06eYA}{127.0.0.1}{127.0.0.1:30223}[mode=>network]], id[688], master [null], hasJoinedOnce [true], cluster_name[TEST-CHILD_VM=[1]-CLUSTER_SEED=[54518191272164154]-HASH=[26470AB1B9EE]-cluster]}, ping_response{node [{node_t2}{ldbZPMMhQWeYRkQfh06eYA}{127.0.0.1}{127.0.0.1:30223}[mode=>network]], id[688], master [null], hasJoinedOnce [true], cluster_name[TEST-CHILD_VM=[1]-CLUSTER_SEED=[54518191272164154]-HASH=[26470AB1B9EE]-cluster]}, ping_response{node [{node_t2}{ldbZPMMhQWeYRkQfh06eYA}{127.0.0.1}{127.0.0.1:30223}[mode=>network]], id[694], master [null], hasJoinedOnce [true], cluster_name[TEST-CHILD_VM=[1]-CLUSTER_SEED=[54518191272164154]-HASH=[26470AB1B9EE]-cluster]}, ping_response{node [{node_t2}{ldbZPMMhQWeYRkQfh06eYA}{127.0.0.1}{127.0.0.1:30223}[mode=>network]], id[695], master [null], hasJoinedOnce [true], cluster_name[TEST-CHILD_VM=[1]-CLUSTER_SEED=[54518191272164154]-HASH=[26470AB1B9EE]-cluster]}]
[2016-04-18 03:03:49,135][TRACE][org.elasticsearch.discovery.zen.ping.unicast] [node_t2] [2] received response from {#zen_unicast_2#}{127.0.0.1}{127.0.0.1:30222}: [ping_response{node [{node_t2}{ldbZPMMhQWeYRkQfh06eYA}{127.0.0.1}{127.0.0.1:30223}[mode=>network]], id[682], master [null], hasJoinedOnce [true], cluster_name[TEST-CHILD_VM=[1]-CLUSTER_SEED=[54518191272164154]-HASH=[26470AB1B9EE]-cluster]}, ping_response{node [{node_t2}{ldbZPMMhQWeYRkQfh06eYA}{127.0.0.1}{127.0.0.1:30223}[mode=>network]], id[688], master [null], hasJoinedOnce [true], cluster_name[TEST-CHILD_VM=[1]-CLUSTER_SEED=[54518191272164154]-HASH=[26470AB1B9EE]-cluster]}, ping_response{node [{node_t2}{ldbZPMMhQWeYRkQfh06eYA}{127.0.0.1}{127.0.0.1:30223}[mode=>network]], id[694], master [null], hasJoinedOnce [true], cluster_name[TEST-CHILD_VM=[1]-CLUSTER_SEED=[54518191272164154]-HASH=[26470AB1B9EE]-cluster]}, ping_response{node [{node_t1}{V3UmTqTPRG--_Y5tLFOn4g}{127.0.0.1}{127.0.0.1:30222}[mode=>network]], id[697], master [{node_t1}{V3UmTqTPRG--_Y5tLFOn4g}{127.0.0.1}{127.0.0.1:30222}[mode=>network]], hasJoinedOnce [true], cluster_name[TEST-CHILD_VM=[1]-CLUSTER_SEED=[54518191272164154]-HASH=[26470AB1B9EE]-cluster]}]
[2016-04-18 03:03:49,135][TRACE][org.elasticsearch.discovery.zen.ping.unicast] [node_t2] [2] sending to {node_t2}{ldbZPMMhQWeYRkQfh06eYA}{127.0.0.1}{127.0.0.1:30223}[mode=>network]
[2016-04-18 03:03:49,136][TRACE][org.elasticsearch.discovery.zen.ping.unicast] [node_t2] [2] received response from {node_t2}{ldbZPMMhQWeYRkQfh06eYA}{127.0.0.1}{127.0.0.1:30223}[mode=>network]: [ping_response{node [{node_t2}{ldbZPMMhQWeYRkQfh06eYA}{127.0.0.1}{127.0.0.1:30223}[mode=>network]], id[682], master [null], hasJoinedOnce [true], cluster_name[TEST-CHILD_VM=[1]-CLUSTER_SEED=[54518191272164154]-HASH=[26470AB1B9EE]-cluster]}, ping_response{node [{node_t2}{ldbZPMMhQWeYRkQfh06eYA}{127.0.0.1}{127.0.0.1:30223}[mode=>network]], id[682], master [null], hasJoinedOnce [true], cluster_name[TEST-CHILD_VM=[1]-CLUSTER_SEED=[54518191272164154]-HASH=[26470AB1B9EE]-cluster]}, ping_response{node [{node_t2}{ldbZPMMhQWeYRkQfh06eYA}{127.0.0.1}{127.0.0.1:30223}[mode=>network]], id[688], master [null], hasJoinedOnce [true], cluster_name[TEST-CHILD_VM=[1]-CLUSTER_SEED=[54518191272164154]-HASH=[26470AB1B9EE]-cluster]}, ping_response{node [{node_t2}{ldbZPMMhQWeYRkQfh06eYA}{127.0.0.1}{127.0.0.1:30223}[mode=>network]], id[688], master [null], hasJoinedOnce [true], cluster_name[TEST-CHILD_VM=[1]-CLUSTER_SEED=[54518191272164154]-HASH=[26470AB1B9EE]-cluster]}, ping_response{node [{node_t2}{ldbZPMMhQWeYRkQfh06eYA}{127.0.0.1}{127.0.0.1:30223}[mode=>network]], id[694], master [null], hasJoinedOnce [true], cluster_name[TEST-CHILD_VM=[1]-CLUSTER_SEED=[54518191272164154]-HASH=[26470AB1B9EE]-cluster]}, ping_response{node [{node_t2}{ldbZPMMhQWeYRkQfh06eYA}{127.0.0.1}{127.0.0.1:30223}[mode=>network]], id[694], master [null], hasJoinedOnce [true], cluster_name[TEST-CHILD_VM=[1]-CLUSTER_SEED=[54518191272164154]-HASH=[26470AB1B9EE]-cluster]}, ping_response{node [{node_t2}{ldbZPMMhQWeYRkQfh06eYA}{127.0.0.1}{127.0.0.1:30223}[mode=>network]], id[698], master [null], hasJoinedOnce [true], cluster_name[TEST-CHILD_VM=[1]-CLUSTER_SEED=[54518191272164154]-HASH=[26470AB1B9EE]-cluster]}]
[2016-04-18 03:03:49,136][TRACE][org.elasticsearch.discovery.zen.ping.unicast] [node_t2] [2] sending to {node_t0}{ry16yC66T6mxcbDTGa_LcA}{127.0.0.1}{127.0.0.1:30221}[mode=>network]
[2016-04-18 03:03:49,136][TRACE][org.elasticsearch.discovery.zen.ping.unicast] [node_t2] [2] received response from {node_t0}{ry16yC66T6mxcbDTGa_LcA}{127.0.0.1}{127.0.0.1:30221}[mode=>network]: [ping_response{node [{node_t2}{ldbZPMMhQWeYRkQfh06eYA}{127.0.0.1}{127.0.0.1:30223}[mode=>network]], id[682], master [null], hasJoinedOnce [true], cluster_name[TEST-CHILD_VM=[1]-CLUSTER_SEED=[54518191272164154]-HASH=[26470AB1B9EE]-cluster]}, ping_response{node [{node_t2}{ldbZPMMhQWeYRkQfh06eYA}{127.0.0.1}{127.0.0.1:30223}[mode=>network]], id[682], master [null], hasJoinedOnce [true], cluster_name[TEST-CHILD_VM=[1]-CLUSTER_SEED=[54518191272164154]-HASH=[26470AB1B9EE]-cluster]}, ping_response{node [{node_t2}{ldbZPMMhQWeYRkQfh06eYA}{127.0.0.1}{127.0.0.1:30223}[mode=>network]], id[688], master [null], hasJoinedOnce [true], cluster_name[TEST-CHILD_VM=[1]-CLUSTER_SEED=[54518191272164154]-HASH=[26470AB1B9EE]-cluster]}, ping_response{node [{node_t2}{ldbZPMMhQWeYRkQfh06eYA}{127.0.0.1}{127.0.0.1:30223}[mode=>network]], id[688], master [null], hasJoinedOnce [true], cluster_name[TEST-CHILD_VM=[1]-CLUSTER_SEED=[54518191272164154]-HASH=[26470AB1B9EE]-cluster]}, ping_response{node [{node_t2}{ldbZPMMhQWeYRkQfh06eYA}{127.0.0.1}{127.0.0.1:30223}[mode=>network]], id[694], master [null], hasJoinedOnce [true], cluster_name[TEST-CHILD_VM=[1]-CLUSTER_SEED=[54518191272164154]-HASH=[26470AB1B9EE]-cluster]}, ping_response{node [{node_t0}{ry16yC66T6mxcbDTGa_LcA}{127.0.0.1}{127.0.0.1:30221}[mode=>network]], id[696], master [{node_t1}{V3UmTqTPRG--_Y5tLFOn4g}{127.0.0.1}{127.0.0.1:30222}[mode=>network]], hasJoinedOnce [true], cluster_name[TEST-CHILD_VM=[1]-CLUSTER_SEED=[54518191272164154]-HASH=[26470AB1B9EE]-cluster]}]
[2016-04-18 03:03:49,137][TRACE][org.elasticsearch.discovery.zen.ping.unicast] [node_t2] [2] received response from {node_t0}{ry16yC66T6mxcbDTGa_LcA}{127.0.0.1}{127.0.0.1:30221}[mode=>network]: [ping_response{node [{node_t2}{ldbZPMMhQWeYRkQfh06eYA}{127.0.0.1}{127.0.0.1:30223}[mode=>network]], id[682], master [null], hasJoinedOnce [true], cluster_name[TEST-CHILD_VM=[1]-CLUSTER_SEED=[54518191272164154]-HASH=[26470AB1B9EE]-cluster]}, ping_response{node [{node_t2}{ldbZPMMhQWeYRkQfh06eYA}{127.0.0.1}{127.0.0.1:30223}[mode=>network]], id[682], master [null], hasJoinedOnce [true], cluster_name[TEST-CHILD_VM=[1]-CLUSTER_SEED=[54518191272164154]-HASH=[26470AB1B9EE]-cluster]}, ping_response{node [{node_t2}{ldbZPMMhQWeYRkQfh06eYA}{127.0.0.1}{127.0.0.1:30223}[mode=>network]], id[688], master [null], hasJoinedOnce [true], cluster_name[TEST-CHILD_VM=[1]-CLUSTER_SEED=[54518191272164154]-HASH=[26470AB1B9EE]-cluster]}, ping_response{node [{node_t2}{ldbZPMMhQWeYRkQfh06eYA}{127.0.0.1}{127.0.0.1:30223}[mode=>network]], id[688], master [null], hasJoinedOnce [true], cluster_name[TEST-CHILD_VM=[1]-CLUSTER_SEED=[54518191272164154]-HASH=[26470AB1B9EE]-cluster]}, ping_response{node [{node_t2}{ldbZPMMhQWeYRkQfh06eYA}{127.0.0.1}{127.0.0.1:30223}[mode=>network]], id[694], master [null], hasJoinedOnce [true], cluster_name[TEST-CHILD_VM=[1]-CLUSTER_SEED=[54518191272164154]-HASH=[26470AB1B9EE]-cluster]}, ping_response{node [{node_t2}{ldbZPMMhQWeYRkQfh06eYA}{127.0.0.1}{127.0.0.1:30223}[mode=>network]], id[694], master [null], hasJoinedOnce [true], cluster_name[TEST-CHILD_VM=[1]-CLUSTER_SEED=[54518191272164154]-HASH=[26470AB1B9EE]-cluster]}, ping_response{node [{node_t0}{ry16yC66T6mxcbDTGa_LcA}{127.0.0.1}{127.0.0.1:30221}[mode=>network]], id[699], master [{node_t1}{V3UmTqTPRG--_Y5tLFOn4g}{127.0.0.1}{127.0.0.1:30222}[mode=>network]], hasJoinedOnce [true], cluster_name[TEST-CHILD_VM=[1]-CLUSTER_SEED=[54518191272164154]-HASH=[26470AB1B9EE]-cluster]}]
[2016-04-18 03:03:49,138][TRACE][org.elasticsearch.discovery.zen.ping.unicast] [node_t2] [2] disconnecting from {#zen_unicast_2#}{127.0.0.1}{127.0.0.1:30222}
[2016-04-18 03:03:49,138][TRACE][org.elasticsearch.discovery.zen] [node_t2] full ping responses:
	--> ping_response{node [{node_t1}{V3UmTqTPRG--_Y5tLFOn4g}{127.0.0.1}{127.0.0.1:30222}[mode=>network]], id[697], master [{node_t1}{V3UmTqTPRG--_Y5tLFOn4g}{127.0.0.1}{127.0.0.1:30222}[mode=>network]], hasJoinedOnce [true], cluster_name[TEST-CHILD_VM=[1]-CLUSTER_SEED=[54518191272164154]-HASH=[26470AB1B9EE]-cluster]}
	--> ping_response{node [{node_t0}{ry16yC66T6mxcbDTGa_LcA}{127.0.0.1}{127.0.0.1:30221}[mode=>network]], id[699], master [{node_t1}{V3UmTqTPRG--_Y5tLFOn4g}{127.0.0.1}{127.0.0.1:30222}[mode=>network]], hasJoinedOnce [true], cluster_name[TEST-CHILD_VM=[1]-CLUSTER_SEED=[54518191272164154]-HASH=[26470AB1B9EE]-cluster]}
[2016-04-18 03:03:49,138][DEBUG][org.elasticsearch.discovery.zen] [node_t2] filtered ping responses: (filter_client[true], filter_data[false])
	--> ping_response{node [{node_t1}{V3UmTqTPRG--_Y5tLFOn4g}{127.0.0.1}{127.0.0.1:30222}[mode=>network]], id[697], master [{node_t1}{V3UmTqTPRG--_Y5tLFOn4g}{127.0.0.1}{127.0.0.1:30222}[mode=>network]], hasJoinedOnce [true], cluster_name[TEST-CHILD_VM=[1]-CLUSTER_SEED=[54518191272164154]-HASH=[26470AB1B9EE]-cluster]}
	--> ping_response{node [{node_t0}{ry16yC66T6mxcbDTGa_LcA}{127.0.0.1}{127.0.0.1:30221}[mode=>network]], id[699], master [{node_t1}{V3UmTqTPRG--_Y5tLFOn4g}{127.0.0.1}{127.0.0.1:30222}[mode=>network]], hasJoinedOnce [true], cluster_name[TEST-CHILD_VM=[1]-CLUSTER_SEED=[54518191272164154]-HASH=[26470AB1B9EE]-cluster]}
[2016-04-18 03:03:49,138][TRACE][org.elasticsearch.discovery.zen] [node_t2] adding local node to the list of active nodes who has previously joined the cluster (joins counter is [1})
[2016-04-18 03:03:49,138][TRACE][org.elasticsearch.discovery.zen] [node_t2] stopping join accumulation ([not master])
[2016-04-18 03:03:49,141][TRACE][org.elasticsearch.discovery.zen] [node_t2] joining master {node_t1}{V3UmTqTPRG--_Y5tLFOn4g}{127.0.0.1}{127.0.0.1:30222}[mode=>network]
[2016-04-18 03:03:49,145][DEBUG][org.elasticsearch.discovery.zen.publish] [node_t2] received full cluster state version [5] with size [284]
[2016-04-18 03:03:49,145][DEBUG][org.elasticsearch.discovery.zen.publish] [node_t0] received diff cluster state version [5] with uuid [AtERmgEGTKGlogFowdaYmw], diff size [305]
[2016-04-18 03:03:49,145][TRACE][org.elasticsearch.discovery.zen.publish] [node_t1] master node {node_t2}{ldbZPMMhQWeYRkQfh06eYA}{127.0.0.1}{127.0.0.1:30223}[mode=>network] acked cluster state version [5]. processing ... (current pending [2], needed [1])
[2016-04-18 03:03:49,145][TRACE][org.elasticsearch.discovery.zen.publish] [node_t1] committing version [5]
[2016-04-18 03:03:49,145][TRACE][org.elasticsearch.discovery.zen.publish] [node_t1] sending commit for cluster state (uuid: [AtERmgEGTKGlogFowdaYmw], version [5]) to [{node_t2}{ldbZPMMhQWeYRkQfh06eYA}{127.0.0.1}{127.0.0.1:30223}[mode=>network]]
[2016-04-18 03:03:49,145][TRACE][org.elasticsearch.discovery.zen.publish] [node_t1] sending commit for cluster state (uuid: [AtERmgEGTKGlogFowdaYmw], version [5]) to [{node_t0}{ry16yC66T6mxcbDTGa_LcA}{127.0.0.1}{127.0.0.1:30221}[mode=>network]]
[2016-04-18 03:03:49,145][DEBUG][org.elasticsearch.discovery.zen.fd] [node_t2] [master] restarting fault detection against master [{node_t1}{V3UmTqTPRG--_Y5tLFOn4g}{127.0.0.1}{127.0.0.1:30222}[mode=>network]], reason [new cluster state received and we are monitoring the wrong master [null]]
[2016-04-18 03:03:49,145][DEBUG][org.elasticsearch.discovery.zen] [node_t2] got first state from fresh master [V3UmTqTPRG--_Y5tLFOn4g]
[2016-04-18 03:03:49,145][TRACE][org.elasticsearch.discovery.zen] [node_t2] updated cluster join cluster to [2]
[2016-04-18 03:03:49,148][TRACE][org.elasticsearch.action.admin.cluster.health] [node_t1] Calculating health based on state version [5]
[2016-04-18 03:03:49,148][TRACE][org.elasticsearch.action.admin.indices.stats] [node_t1] resolving shards for [indices:monitor/stats] based on cluster state version [5]
[2016-04-18 03:03:49,148][TRACE][org.elasticsearch.action.admin.cluster.health] [node_t1] observer: accepting cluster state change (version [5], status [APPLIED])
[2016-04-18 03:03:49,148][TRACE][org.elasticsearch.action.admin.cluster.health] [node_t1] Calculating health based on state version [5]
[2016-04-18 03:03:49,148][TRACE][org.elasticsearch.action.admin.cluster.health] [node_t1] Calculating health based on state version [5]
[2016-04-18 03:03:49,149][TRACE][org.elasticsearch.action.admin.cluster.health] [node_t1] Calculating health based on state version [5]
[2016-04-18 03:03:49,149][TRACE][org.elasticsearch.action.admin.cluster.state] [node_t1] Serving cluster state request using version 5
[2016-04-18 03:03:49,150][TRACE][org.elasticsearch.action.admin.cluster.state] [node_t0] Serving cluster state request using version 5
[2016-04-18 03:03:49,150][TRACE][org.elasticsearch.action.admin.cluster.state] [node_t1] Serving cluster state request using version 5
[2016-04-18 03:03:49,150][TRACE][org.elasticsearch.action.admin.cluster.state] [node_t2] Serving cluster state request using version 5
[2016-04-18 03:03:49,152][DEBUG][org.elasticsearch.discovery.zen.fd] [node_t0] [master] stopping fault detection against master [{node_t1}{V3UmTqTPRG--_Y5tLFOn4g}{127.0.0.1}{127.0.0.1:30222}[mode=>network]], reason [zen disco stop]
[2016-04-18 03:03:49,153][DEBUG][org.elasticsearch.discovery.zen.publish] [node_t2] received diff cluster state version [6] with uuid [wk-RG6DWRWCmTfurjhS-Dw], diff size [277]
[2016-04-18 03:03:49,153][TRACE][org.elasticsearch.discovery.zen.publish] [node_t1] master node {node_t2}{ldbZPMMhQWeYRkQfh06eYA}{127.0.0.1}{127.0.0.1:30223}[mode=>network] acked cluster state version [6]. processing ... (current pending [1], needed [1])
[2016-04-18 03:03:49,153][TRACE][org.elasticsearch.discovery.zen.publish] [node_t1] committing version [6]
[2016-04-18 03:03:49,153][TRACE][org.elasticsearch.discovery.zen.publish] [node_t1] sending commit for cluster state (uuid: [wk-RG6DWRWCmTfurjhS-Dw], version [6]) to [{node_t2}{ldbZPMMhQWeYRkQfh06eYA}{127.0.0.1}{127.0.0.1:30223}[mode=>network]]
[2016-04-18 03:03:49,156][INFO ][org.elasticsearch.discovery.zen] [node_t2] master_left [{node_t1}{V3UmTqTPRG--_Y5tLFOn4g}{127.0.0.1}{127.0.0.1:30222}[mode=>network]], reason [shut_down]
[2016-04-18 03:03:49,156][WARN ][org.elasticsearch.discovery.zen] [node_t2] master left (reason = shut_down), current nodes: {{node_t2}{ldbZPMMhQWeYRkQfh06eYA}{127.0.0.1}{127.0.0.1:30223}[mode=>network],}
[2016-04-18 03:03:49,156][DEBUG][org.elasticsearch.discovery.zen.fd] [node_t2] [master] stopping fault detection against master [{node_t1}{V3UmTqTPRG--_Y5tLFOn4g}{127.0.0.1}{127.0.0.1:30222}[mode=>network]], reason [master left (reason = shut_down)]
[2016-04-18 03:03:49,156][TRACE][org.elasticsearch.discovery.zen] [node_t2] starting to accumulate joins
[2016-04-18 03:03:49,156][TRACE][org.elasticsearch.discovery.zen] [node_t2] starting to ping
[2016-04-18 03:03:49,156][TRACE][org.elasticsearch.discovery.zen.ping.unicast] [node_t2] [3] connecting (light) to {#zen_unicast_1#}{127.0.0.1}{127.0.0.1:30221}
[2016-04-18 03:03:49,156][TRACE][org.elasticsearch.discovery.zen.ping.unicast] [node_t2] [3] connecting (light) to {#zen_unicast_2#}{127.0.0.1}{127.0.0.1:30222}
[2016-04-18 03:03:49,156][TRACE][org.elasticsearch.discovery.zen.ping.unicast] [node_t2] [3] sending to {node_t2}{ldbZPMMhQWeYRkQfh06eYA}{127.0.0.1}{127.0.0.1:30223}[mode=>network]
[2016-04-18 03:03:49,157][TRACE][org.elasticsearch.discovery.zen.ping.unicast] [node_t2] [3] received response from {node_t2}{ldbZPMMhQWeYRkQfh06eYA}{127.0.0.1}{127.0.0.1:30223}[mode=>network]: [ping_response{node [{node_t2}{ldbZPMMhQWeYRkQfh06eYA}{127.0.0.1}{127.0.0.1:30223}[mode=>network]], id[682], master [null], hasJoinedOnce [true], cluster_name[TEST-CHILD_VM=[1]-CLUSTER_SEED=[54518191272164154]-HASH=[26470AB1B9EE]-cluster]}, ping_response{node [{node_t2}{ldbZPMMhQWeYRkQfh06eYA}{127.0.0.1}{127.0.0.1:30223}[mode=>network]], id[682], master [null], hasJoinedOnce [true], cluster_name[TEST-CHILD_VM=[1]-CLUSTER_SEED=[54518191272164154]-HASH=[26470AB1B9EE]-cluster]}, ping_response{node [{node_t2}{ldbZPMMhQWeYRkQfh06eYA}{127.0.0.1}{127.0.0.1:30223}[mode=>network]], id[688], master [null], hasJoinedOnce [true], cluster_name[TEST-CHILD_VM=[1]-CLUSTER_SEED=[54518191272164154]-HASH=[26470AB1B9EE]-cluster]}, ping_response{node [{node_t2}{ldbZPMMhQWeYRkQfh06eYA}{127.0.0.1}{127.0.0.1:30223}[mode=>network]], id[688], master [null], hasJoinedOnce [true], cluster_name[TEST-CHILD_VM=[1]-CLUSTER_SEED=[54518191272164154]-HASH=[26470AB1B9EE]-cluster]}, ping_response{node [{node_t2}{ldbZPMMhQWeYRkQfh06eYA}{127.0.0.1}{127.0.0.1:30223}[mode=>network]], id[694], master [null], hasJoinedOnce [true], cluster_name[TEST-CHILD_VM=[1]-CLUSTER_SEED=[54518191272164154]-HASH=[26470AB1B9EE]-cluster]}, ping_response{node [{node_t2}{ldbZPMMhQWeYRkQfh06eYA}{127.0.0.1}{127.0.0.1:30223}[mode=>network]], id[694], master [null], hasJoinedOnce [true], cluster_name[TEST-CHILD_VM=[1]-CLUSTER_SEED=[54518191272164154]-HASH=[26470AB1B9EE]-cluster]}, ping_response{node [{node_t2}{ldbZPMMhQWeYRkQfh06eYA}{127.0.0.1}{127.0.0.1:30223}[mode=>network]], id[700], master [null], hasJoinedOnce [true], cluster_name[TEST-CHILD_VM=[1]-CLUSTER_SEED=[54518191272164154]-HASH=[26470AB1B9EE]-cluster]}, ping_response{node [{node_t2}{ldbZPMMhQWeYRkQfh06eYA}{127.0.0.1}{127.0.0.1:30223}[mode=>network]], id[701], master [null], hasJoinedOnce [true], cluster_name[TEST-CHILD_VM=[1]-CLUSTER_SEED=[54518191272164154]-HASH=[26470AB1B9EE]-cluster]}]
[2016-04-18 03:03:49,157][TRACE][org.elasticsearch.discovery.zen.ping.unicast] [node_t2] [3] sending to {node_t2}{ldbZPMMhQWeYRkQfh06eYA}{127.0.0.1}{127.0.0.1:30223}[mode=>network]
[2016-04-18 03:03:49,157][TRACE][org.elasticsearch.discovery.zen.ping.unicast] [node_t2] [3] failed to connect to {#zen_unicast_1#}{127.0.0.1}{127.0.0.1:30221}
ConnectTransportException[[][127.0.0.1:30221] connect_timeout[30s]]; nested: ConnectException[Connection refused: /127.0.0.1:30221];
	at org.elasticsearch.transport.netty.NettyTransport.connectToChannelsLight(NettyTransport.java:954)
	at org.elasticsearch.transport.netty.NettyTransport.connectToNode(NettyTransport.java:918)
	at org.elasticsearch.transport.netty.NettyTransport.connectToNodeLight(NettyTransport.java:890)
	at org.elasticsearch.test.transport.MockTransportService$LookupTestTransport.connectToNodeLight(MockTransportService.java:413)
	at org.elasticsearch.transport.TransportService.connectToNodeLight(TransportService.java:242)
	at org.elasticsearch.discovery.zen.ping.unicast.UnicastZenPing$3.run(UnicastZenPing.java:395)
	at java.util.concurrent.ThreadPoolExecutor.runWorker(ThreadPoolExecutor.java:1142)
	at java.util.concurrent.ThreadPoolExecutor$Worker.run(ThreadPoolExecutor.java:617)
	at java.lang.Thread.run(Thread.java:745)
Caused by: java.net.ConnectException: Connection refused: /127.0.0.1:30221
	at sun.nio.ch.SocketChannelImpl.checkConnect(Native Method)
	at sun.nio.ch.SocketChannelImpl.finishConnect(SocketChannelImpl.java:717)
	at org.jboss.netty.channel.socket.nio.NioClientBoss.connect(NioClientBoss.java:152)
	at org.jboss.netty.channel.socket.nio.NioClientBoss.processSelectedKeys(NioClientBoss.java:105)
	at org.jboss.netty.channel.socket.nio.NioClientBoss.process(NioClientBoss.java:79)
	at org.jboss.netty.channel.socket.nio.AbstractNioSelector.run(AbstractNioSelector.java:337)
	at org.jboss.netty.channel.socket.nio.NioClientBoss.run(NioClientBoss.java:42)
	at org.jboss.netty.util.ThreadRenamingRunnable.run(ThreadRenamingRunnable.java:108)
	at org.jboss.netty.util.internal.DeadLockProofWorker$1.run(DeadLockProofWorker.java:42)
	... 3 more
[2016-04-18 03:03:49,157][TRACE][org.elasticsearch.discovery.zen.ping.unicast] [node_t2] [3] failed to connect to {#zen_unicast_2#}{127.0.0.1}{127.0.0.1:30222}
ConnectTransportException[[][127.0.0.1:30222] connect_timeout[30s]]; nested: ConnectException[Connection refused: /127.0.0.1:30222];
	at org.elasticsearch.transport.netty.NettyTransport.connectToChannelsLight(NettyTransport.java:954)
	at org.elasticsearch.transport.netty.NettyTransport.connectToNode(NettyTransport.java:918)
	at org.elasticsearch.transport.netty.NettyTransport.connectToNodeLight(NettyTransport.java:890)
	at org.elasticsearch.test.transport.MockTransportService$LookupTestTransport.connectToNodeLight(MockTransportService.java:413)
	at org.elasticsearch.transport.TransportService.connectToNodeLight(TransportService.java:242)
	at org.elasticsearch.discovery.zen.ping.unicast.UnicastZenPing$3.run(UnicastZenPing.java:395)
	at java.util.concurrent.ThreadPoolExecutor.runWorker(ThreadPoolExecutor.java:1142)
	at java.util.concurrent.ThreadPoolExecutor$Worker.run(ThreadPoolExecutor.java:617)
	at java.lang.Thread.run(Thread.java:745)
Caused by: java.net.ConnectException: Connection refused: /127.0.0.1:30222
	at sun.nio.ch.SocketChannelImpl.checkConnect(Native Method)
	at sun.nio.ch.SocketChannelImpl.finishConnect(SocketChannelImpl.java:717)
	at org.jboss.netty.channel.socket.nio.NioClientBoss.connect(NioClientBoss.java:152)
	at org.jboss.netty.channel.socket.nio.NioClientBoss.processSelectedKeys(NioClientBoss.java:105)
	at org.jboss.netty.channel.socket.nio.NioClientBoss.process(NioClientBoss.java:79)
	at org.jboss.netty.channel.socket.nio.AbstractNioSelector.run(AbstractNioSelector.java:337)
	at org.jboss.netty.channel.socket.nio.NioClientBoss.run(NioClientBoss.java:42)
	at org.jboss.netty.util.ThreadRenamingRunnable.run(ThreadRenamingRunnable.java:108)
	at org.jboss.netty.util.internal.DeadLockProofWorker$1.run(DeadLockProofWorker.java:42)
	... 3 more
[2016-04-18 03:03:49,157][TRACE][org.elasticsearch.discovery.zen.ping.unicast] [node_t2] [3] received response from {node_t2}{ldbZPMMhQWeYRkQfh06eYA}{127.0.0.1}{127.0.0.1:30223}[mode=>network]: [ping_response{node [{node_t2}{ldbZPMMhQWeYRkQfh06eYA}{127.0.0.1}{127.0.0.1:30223}[mode=>network]], id[682], master [null], hasJoinedOnce [true], cluster_name[TEST-CHILD_VM=[1]-CLUSTER_SEED=[54518191272164154]-HASH=[26470AB1B9EE]-cluster]}, ping_response{node [{node_t2}{ldbZPMMhQWeYRkQfh06eYA}{127.0.0.1}{127.0.0.1:30223}[mode=>network]], id[682], master [null], hasJoinedOnce [true], cluster_name[TEST-CHILD_VM=[1]-CLUSTER_SEED=[54518191272164154]-HASH=[26470AB1B9EE]-cluster]}, ping_response{node [{node_t2}{ldbZPMMhQWeYRkQfh06eYA}{127.0.0.1}{127.0.0.1:30223}[mode=>network]], id[688], master [null], hasJoinedOnce [true], cluster_name[TEST-CHILD_VM=[1]-CLUSTER_SEED=[54518191272164154]-HASH=[26470AB1B9EE]-cluster]}, ping_response{node [{node_t2}{ldbZPMMhQWeYRkQfh06eYA}{127.0.0.1}{127.0.0.1:30223}[mode=>network]], id[688], master [null], hasJoinedOnce [true], cluster_name[TEST-CHILD_VM=[1]-CLUSTER_SEED=[54518191272164154]-HASH=[26470AB1B9EE]-cluster]}, ping_response{node [{node_t2}{ldbZPMMhQWeYRkQfh06eYA}{127.0.0.1}{127.0.0.1:30223}[mode=>network]], id[694], master [null], hasJoinedOnce [true], cluster_name[TEST-CHILD_VM=[1]-CLUSTER_SEED=[54518191272164154]-HASH=[26470AB1B9EE]-cluster]}, ping_response{node [{node_t2}{ldbZPMMhQWeYRkQfh06eYA}{127.0.0.1}{127.0.0.1:30223}[mode=>network]], id[694], master [null], hasJoinedOnce [true], cluster_name[TEST-CHILD_VM=[1]-CLUSTER_SEED=[54518191272164154]-HASH=[26470AB1B9EE]-cluster]}, ping_response{node [{node_t2}{ldbZPMMhQWeYRkQfh06eYA}{127.0.0.1}{127.0.0.1:30223}[mode=>network]], id[700], master [null], hasJoinedOnce [true], cluster_name[TEST-CHILD_VM=[1]-CLUSTER_SEED=[54518191272164154]-HASH=[26470AB1B9EE]-cluster]}, ping_response{node [{node_t2}{ldbZPMMhQWeYRkQfh06eYA}{127.0.0.1}{127.0.0.1:30223}[mode=>network]], id[700], master [null], hasJoinedOnce [true], cluster_name[TEST-CHILD_VM=[1]-CLUSTER_SEED=[54518191272164154]-HASH=[26470AB1B9EE]-cluster]}, ping_response{node [{node_t2}{ldbZPMMhQWeYRkQfh06eYA}{127.0.0.1}{127.0.0.1:30223}[mode=>network]], id[702], master [null], hasJoinedOnce [true], cluster_name[TEST-CHILD_VM=[1]-CLUSTER_SEED=[54518191272164154]-HASH=[26470AB1B9EE]-cluster]}]
[2016-04-18 03:03:49,158][TRACE][org.elasticsearch.discovery.zen.ping] [node_t2] pingAndWait interrupted
[2016-04-18 03:03:49,158][TRACE][org.elasticsearch.discovery.zen] [node_t2] No full ping responses
[2016-04-18 03:03:49,158][TRACE][org.elasticsearch.discovery.zen] [node_t2] thread is no longer in currentJoinThread. Stopping.
[2016-04-18 03:03:54,214][WARN ][org.elasticsearch.discovery.zen] [node_t1] master left (reason = failed to ping, tried [1] times, each with  maximum [1s] timeout), current nodes: {{node_t1}{hgXjZNwHQq2Ci8mJD4Op1w}{127.0.0.1}{127.0.0.1:30225}[mode=>network],{node_t2}{k5SjwNVrSaKBtZ7wOWAALQ}{127.0.0.1}{127.0.0.1:30226}[mode=>network],}
[2016-04-18 03:03:54,239][WARN ][org.elasticsearch.discovery.zen] [node_t2] master left (reason = failed to ping, tried [1] times, each with  maximum [1s] timeout), current nodes: {{node_t1}{hgXjZNwHQq2Ci8mJD4Op1w}{127.0.0.1}{127.0.0.1:30225}[mode=>network],{node_t2}{k5SjwNVrSaKBtZ7wOWAALQ}{127.0.0.1}{127.0.0.1:30226}[mode=>network],}
[2016-04-18 03:03:55,218][WARN ][org.elasticsearch.cluster.service] [node_t0] failing [zen-disco-node_failed({node_t1}{hgXjZNwHQq2Ci8mJD4Op1w}{127.0.0.1}{127.0.0.1:30225}[mode=>network]), reason failed to ping, tried [1] times, each with maximum [1s] timeout]: failed to commit cluster state version [11]
FailedToCommitClusterStateException[timed out while waiting for enough masters to ack sent cluster state. [1] left]
	at org.elasticsearch.discovery.zen.publish.PublishClusterStateAction$SendingController.waitForCommit(PublishClusterStateAction.java:525)
	at org.elasticsearch.discovery.zen.publish.PublishClusterStateAction.innerPublish(PublishClusterStateAction.java:189)
	at org.elasticsearch.discovery.zen.publish.PublishClusterStateAction.publish(PublishClusterStateAction.java:154)
	at org.elasticsearch.discovery.zen.ZenDiscovery.publish(ZenDiscovery.java:345)
	at sun.reflect.GeneratedMethodAccessor6.invoke(Unknown Source)
	at sun.reflect.DelegatingMethodAccessorImpl.invoke(DelegatingMethodAccessorImpl.java:43)
	at java.lang.reflect.Method.invoke(Method.java:497)
	at org.elasticsearch.common.inject.internal.ConstructionContext$DelegatingInvocationHandler.invoke(ConstructionContext.java:111)
	at com.sun.proxy.$Proxy35.publish(Unknown Source)
	at org.elasticsearch.discovery.DiscoveryService.publish(DiscoveryService.java:130)
	at org.elasticsearch.cluster.service.InternalClusterService.runTasksForExecutor(InternalClusterService.java:574)
	at org.elasticsearch.cluster.service.InternalClusterService$UpdateTask.run(InternalClusterService.java:761)
	at org.elasticsearch.common.util.concurrent.PrioritizedEsThreadPoolExecutor$TieBreakingPrioritizedRunnable.runAndClean(PrioritizedEsThreadPoolExecutor.java:231)
	at org.elasticsearch.common.util.concurrent.PrioritizedEsThreadPoolExecutor$TieBreakingPrioritizedRunnable.run(PrioritizedEsThreadPoolExecutor.java:194)
	at java.util.concurrent.ThreadPoolExecutor.runWorker(ThreadPoolExecutor.java:1142)
	at java.util.concurrent.ThreadPoolExecutor$Worker.run(ThreadPoolExecutor.java:617)
	at java.lang.Thread.run(Thread.java:745)
[2016-04-18 03:03:55,219][ERROR][org.elasticsearch.discovery.zen] [node_t0] unexpected failure during [zen-disco-node_failed({node_t1}{hgXjZNwHQq2Ci8mJD4Op1w}{127.0.0.1}{127.0.0.1:30225}[mode=>network]), reason failed to ping, tried [1] times, each with maximum [1s] timeout]
FailedToCommitClusterStateException[timed out while waiting for enough masters to ack sent cluster state. [1] left]
	at org.elasticsearch.discovery.zen.publish.PublishClusterStateAction$SendingController.waitForCommit(PublishClusterStateAction.java:525)
	at org.elasticsearch.discovery.zen.publish.PublishClusterStateAction.innerPublish(PublishClusterStateAction.java:189)
	at org.elasticsearch.discovery.zen.publish.PublishClusterStateAction.publish(PublishClusterStateAction.java:154)
	at org.elasticsearch.discovery.zen.ZenDiscovery.publish(ZenDiscovery.java:345)
	at sun.reflect.GeneratedMethodAccessor6.invoke(Unknown Source)
	at sun.reflect.DelegatingMethodAccessorImpl.invoke(DelegatingMethodAccessorImpl.java:43)
	at java.lang.reflect.Method.invoke(Method.java:497)
	at org.elasticsearch.common.inject.internal.ConstructionContext$DelegatingInvocationHandler.invoke(ConstructionContext.java:111)
	at com.sun.proxy.$Proxy35.publish(Unknown Source)
	at org.elasticsearch.discovery.DiscoveryService.publish(DiscoveryService.java:130)
	at org.elasticsearch.cluster.service.InternalClusterService.runTasksForExecutor(InternalClusterService.java:574)
	at org.elasticsearch.cluster.service.InternalClusterService$UpdateTask.run(InternalClusterService.java:761)
	at org.elasticsearch.common.util.concurrent.PrioritizedEsThreadPoolExecutor$TieBreakingPrioritizedRunnable.runAndClean(PrioritizedEsThreadPoolExecutor.java:231)
	at org.elasticsearch.common.util.concurrent.PrioritizedEsThreadPoolExecutor$TieBreakingPrioritizedRunnable.run(PrioritizedEsThreadPoolExecutor.java:194)
	at java.util.concurrent.ThreadPoolExecutor.runWorker(ThreadPoolExecutor.java:1142)
	at java.util.concurrent.ThreadPoolExecutor$Worker.run(ThreadPoolExecutor.java:617)
	at java.lang.Thread.run(Thread.java:745)
[2016-04-18 03:03:56,223][WARN ][org.elasticsearch.cluster.service] [node_t0] failing [zen-disco-node_failed({node_t2}{k5SjwNVrSaKBtZ7wOWAALQ}{127.0.0.1}{127.0.0.1:30226}[mode=>network]), reason failed to ping, tried [1] times, each with maximum [1s] timeout]: failed to commit cluster state version [11]
FailedToCommitClusterStateException[timed out while waiting for enough masters to ack sent cluster state. [1] left]
	at org.elasticsearch.discovery.zen.publish.PublishClusterStateAction$SendingController.waitForCommit(PublishClusterStateAction.java:525)
	at org.elasticsearch.discovery.zen.publish.PublishClusterStateAction.innerPublish(PublishClusterStateAction.java:189)
	at org.elasticsearch.discovery.zen.publish.PublishClusterStateAction.publish(PublishClusterStateAction.java:154)
	at org.elasticsearch.discovery.zen.ZenDiscovery.publish(ZenDiscovery.java:345)
	at sun.reflect.GeneratedMethodAccessor6.invoke(Unknown Source)
	at sun.reflect.DelegatingMethodAccessorImpl.invoke(DelegatingMethodAccessorImpl.java:43)
	at java.lang.reflect.Method.invoke(Method.java:497)
	at org.elasticsearch.common.inject.internal.ConstructionContext$DelegatingInvocationHandler.invoke(ConstructionContext.java:111)
	at com.sun.proxy.$Proxy35.publish(Unknown Source)
	at org.elasticsearch.discovery.DiscoveryService.publish(DiscoveryService.java:130)
	at org.elasticsearch.cluster.service.InternalClusterService.runTasksForExecutor(InternalClusterService.java:574)
	at org.elasticsearch.cluster.service.InternalClusterService$UpdateTask.run(InternalClusterService.java:761)
	at org.elasticsearch.common.util.concurrent.PrioritizedEsThreadPoolExecutor$TieBreakingPrioritizedRunnable.runAndClean(PrioritizedEsThreadPoolExecutor.java:231)
	at org.elasticsearch.common.util.concurrent.PrioritizedEsThreadPoolExecutor$TieBreakingPrioritizedRunnable.run(PrioritizedEsThreadPoolExecutor.java:194)
	at java.util.concurrent.ThreadPoolExecutor.runWorker(ThreadPoolExecutor.java:1142)
	at java.util.concurrent.ThreadPoolExecutor$Worker.run(ThreadPoolExecutor.java:617)
	at java.lang.Thread.run(Thread.java:745)
[2016-04-18 03:03:56,223][ERROR][org.elasticsearch.discovery.zen] [node_t0] unexpected failure during [zen-disco-node_failed({node_t2}{k5SjwNVrSaKBtZ7wOWAALQ}{127.0.0.1}{127.0.0.1:30226}[mode=>network]), reason failed to ping, tried [1] times, each with maximum [1s] timeout]
FailedToCommitClusterStateException[timed out while waiting for enough masters to ack sent cluster state. [1] left]
	at org.elasticsearch.discovery.zen.publish.PublishClusterStateAction$SendingController.waitForCommit(PublishClusterStateAction.java:525)
	at org.elasticsearch.discovery.zen.publish.PublishClusterStateAction.innerPublish(PublishClusterStateAction.java:189)
	at org.elasticsearch.discovery.zen.publish.PublishClusterStateAction.publish(PublishClusterStateAction.java:154)
	at org.elasticsearch.discovery.zen.ZenDiscovery.publish(ZenDiscovery.java:345)
	at sun.reflect.GeneratedMethodAccessor6.invoke(Unknown Source)
	at sun.reflect.DelegatingMethodAccessorImpl.invoke(DelegatingMethodAccessorImpl.java:43)
	at java.lang.reflect.Method.invoke(Method.java:497)
	at org.elasticsearch.common.inject.internal.ConstructionContext$DelegatingInvocationHandler.invoke(ConstructionContext.java:111)
	at com.sun.proxy.$Proxy35.publish(Unknown Source)
	at org.elasticsearch.discovery.DiscoveryService.publish(DiscoveryService.java:130)
	at org.elasticsearch.cluster.service.InternalClusterService.runTasksForExecutor(InternalClusterService.java:574)
	at org.elasticsearch.cluster.service.InternalClusterService$UpdateTask.run(InternalClusterService.java:761)
	at org.elasticsearch.common.util.concurrent.PrioritizedEsThreadPoolExecutor$TieBreakingPrioritizedRunnable.runAndClean(PrioritizedEsThreadPoolExecutor.java:231)
	at org.elasticsearch.common.util.concurrent.PrioritizedEsThreadPoolExecutor$TieBreakingPrioritizedRunnable.run(PrioritizedEsThreadPoolExecutor.java:194)
	at java.util.concurrent.ThreadPoolExecutor.runWorker(ThreadPoolExecutor.java:1142)
	at java.util.concurrent.ThreadPoolExecutor$Worker.run(ThreadPoolExecutor.java:617)
	at java.lang.Thread.run(Thread.java:745)
[2016-04-18 03:03:56,223][WARN ][org.elasticsearch.discovery.zen] [node_t0] failed to publish to min_master_nodes, current nodes: {{node_t0}{M6wagaohRsu3g3qswFEbEA}{127.0.0.1}{127.0.0.1:30224}[mode=>network],{node_t1}{hgXjZNwHQq2Ci8mJD4Op1w}{127.0.0.1}{127.0.0.1:30225}[mode=>network],{node_t2}{k5SjwNVrSaKBtZ7wOWAALQ}{127.0.0.1}{127.0.0.1:30226}[mode=>network],}
[2016-04-18 03:03:56,224][ERROR][org.elasticsearch.discovery.zen] [node_t0] unexpected failure during [zen-disco-failed-to-publish]
org.elasticsearch.cluster.NotMasterException: no longer master. source: [zen-disco-failed-to-publish]
[2016-04-18 03:03:59,294][WARN ][org.elasticsearch.discovery.zen.ping.unicast] [node_t0] failed to send ping to [{#zen_unicast_3#}{127.0.0.1}{127.0.0.1:30226}]
TransportException[transport stopped, action: internal:discovery/zen/unicast]
	at org.elasticsearch.transport.TransportService$2.run(TransportService.java:190)
	at java.util.concurrent.ThreadPoolExecutor.runWorker(ThreadPoolExecutor.java:1142)
	at java.util.concurrent.ThreadPoolExecutor$Worker.run(ThreadPoolExecutor.java:617)
	at java.lang.Thread.run(Thread.java:745)
[2016-04-18 03:03:59,294][WARN ][org.elasticsearch.discovery.zen.ping.unicast] [node_t0] failed to send ping to [{node_t2}{k5SjwNVrSaKBtZ7wOWAALQ}{127.0.0.1}{127.0.0.1:30226}[mode=>network]]
TransportException[transport stopped, action: internal:discovery/zen/unicast]
	at org.elasticsearch.transport.TransportService$2.run(TransportService.java:190)
	at java.util.concurrent.ThreadPoolExecutor.runWorker(ThreadPoolExecutor.java:1142)
	at java.util.concurrent.ThreadPoolExecutor$Worker.run(ThreadPoolExecutor.java:617)
	at java.lang.Thread.run(Thread.java:745)
[2016-04-18 03:03:59,294][WARN ][org.elasticsearch.discovery.zen.ping.unicast] [node_t0] failed to send ping to [{#zen_unicast_2#}{127.0.0.1}{127.0.0.1:30225}]
TransportException[transport stopped, action: internal:discovery/zen/unicast]
	at org.elasticsearch.transport.TransportService$2.run(TransportService.java:190)
	at java.util.concurrent.ThreadPoolExecutor.runWorker(ThreadPoolExecutor.java:1142)
	at java.util.concurrent.ThreadPoolExecutor$Worker.run(ThreadPoolExecutor.java:617)
	at java.lang.Thread.run(Thread.java:745)
[2016-04-18 03:03:59,294][WARN ][org.elasticsearch.discovery.zen.ping.unicast] [node_t0] failed to send ping to [{node_t1}{hgXjZNwHQq2Ci8mJD4Op1w}{127.0.0.1}{127.0.0.1:30225}[mode=>network]]
TransportException[transport stopped, action: internal:discovery/zen/unicast]
	at org.elasticsearch.transport.TransportService$2.run(TransportService.java:190)
	at java.util.concurrent.ThreadPoolExecutor.runWorker(ThreadPoolExecutor.java:1142)
	at java.util.concurrent.ThreadPoolExecutor$Worker.run(ThreadPoolExecutor.java:617)
	at java.lang.Thread.run(Thread.java:745)
[2016-04-18 03:03:59,296][WARN ][org.elasticsearch.discovery.zen] [node_t2] master left (reason = shut_down), current nodes: {{node_t2}{k5SjwNVrSaKBtZ7wOWAALQ}{127.0.0.1}{127.0.0.1:30226}[mode=>network],}
[2016-04-18 03:04:04,362][WARN ][org.elasticsearch.discovery.zen] [node_t0] master left (reason = failed to ping, tried [1] times, each with  maximum [1s] timeout), current nodes: {{node_t0}{jkiwniM0QaSzUpQk6SyZ5g}{127.0.0.1}{127.0.0.1:30227}[mode=>network],{node_t2}{ryG4wSgKR_mnTzBsETWgwQ}{127.0.0.1}{127.0.0.1:30229}[mode=>network],}
[2016-04-18 03:04:04,379][WARN ][org.elasticsearch.discovery.zen] [node_t2] master left (reason = failed to ping, tried [1] times, each with  maximum [1s] timeout), current nodes: {{node_t0}{jkiwniM0QaSzUpQk6SyZ5g}{127.0.0.1}{127.0.0.1:30227}[mode=>network],{node_t2}{ryG4wSgKR_mnTzBsETWgwQ}{127.0.0.1}{127.0.0.1:30229}[mode=>network],}
[2016-04-18 03:04:08,117][WARN ][org.elasticsearch.discovery.zen.ping.unicast] [node_t0] failed to send ping to [{#zen_unicast_2#}{127.0.0.1}{127.0.0.1:30228}]
ReceiveTimeoutTransportException[[][127.0.0.1:30228][internal:discovery/zen/unicast] request_id [22] timed out after [3754ms]]
	at org.elasticsearch.transport.TransportService$TimeoutHandler.run(TransportService.java:626)
	at java.util.concurrent.ThreadPoolExecutor.runWorker(ThreadPoolExecutor.java:1142)
	at java.util.concurrent.ThreadPoolExecutor$Worker.run(ThreadPoolExecutor.java:617)
	at java.lang.Thread.run(Thread.java:745)
[2016-04-18 03:04:08,131][WARN ][org.elasticsearch.discovery.zen.ping.unicast] [node_t2] failed to send ping to [{#zen_unicast_2#}{127.0.0.1}{127.0.0.1:30228}]
ReceiveTimeoutTransportException[[][127.0.0.1:30228][internal:discovery/zen/unicast] request_id [23] timed out after [3751ms]]
	at org.elasticsearch.transport.TransportService$TimeoutHandler.run(TransportService.java:626)
	at java.util.concurrent.ThreadPoolExecutor.runWorker(ThreadPoolExecutor.java:1142)
	at java.util.concurrent.ThreadPoolExecutor$Worker.run(ThreadPoolExecutor.java:617)
	at java.lang.Thread.run(Thread.java:745)
[2016-04-18 03:04:09,535][WARN ][org.elasticsearch.discovery.zen.publish] [node_t0] received a cluster state from a different master than the current one, rejecting (received {node_t1}{8k27D6mgRVOUo4Rj0DLmLQ}{127.0.0.1}{127.0.0.1:30228}[mode=>network], current {node_t0}{jkiwniM0QaSzUpQk6SyZ5g}{127.0.0.1}{127.0.0.1:30227}[mode=>network])
[2016-04-18 03:04:09,536][WARN ][org.elasticsearch.discovery.zen.publish] [node_t2] received a cluster state from a different master than the current one, rejecting (received {node_t1}{8k27D6mgRVOUo4Rj0DLmLQ}{127.0.0.1}{127.0.0.1:30228}[mode=>network], current {node_t0}{jkiwniM0QaSzUpQk6SyZ5g}{127.0.0.1}{127.0.0.1:30227}[mode=>network])
[2016-04-18 03:04:09,536][WARN ][org.elasticsearch.cluster.service] [node_t1] failing [sneaky-update]: failed to commit cluster state version [4]
FailedToCommitClusterStateException[failed to get enough masters to ack sent cluster state. [1] left]
	at org.elasticsearch.discovery.zen.publish.PublishClusterStateAction$SendingController.waitForCommit(PublishClusterStateAction.java:525)
	at org.elasticsearch.discovery.zen.publish.PublishClusterStateAction.innerPublish(PublishClusterStateAction.java:189)
	at org.elasticsearch.discovery.zen.publish.PublishClusterStateAction.publish(PublishClusterStateAction.java:154)
	at org.elasticsearch.discovery.zen.ZenDiscovery.publish(ZenDiscovery.java:345)
	at sun.reflect.GeneratedMethodAccessor6.invoke(Unknown Source)
	at sun.reflect.DelegatingMethodAccessorImpl.invoke(DelegatingMethodAccessorImpl.java:43)
	at java.lang.reflect.Method.invoke(Method.java:497)
	at org.elasticsearch.common.inject.internal.ConstructionContext$DelegatingInvocationHandler.invoke(ConstructionContext.java:111)
	at com.sun.proxy.$Proxy35.publish(Unknown Source)
	at org.elasticsearch.discovery.DiscoveryService.publish(DiscoveryService.java:130)
	at org.elasticsearch.cluster.service.InternalClusterService.runTasksForExecutor(InternalClusterService.java:574)
	at org.elasticsearch.cluster.service.InternalClusterService$UpdateTask.run(InternalClusterService.java:761)
	at org.elasticsearch.common.util.concurrent.PrioritizedEsThreadPoolExecutor$TieBreakingPrioritizedRunnable.runAndClean(PrioritizedEsThreadPoolExecutor.java:231)
	at org.elasticsearch.common.util.concurrent.PrioritizedEsThreadPoolExecutor$TieBreakingPrioritizedRunnable.run(PrioritizedEsThreadPoolExecutor.java:194)
	at java.util.concurrent.ThreadPoolExecutor.runWorker(ThreadPoolExecutor.java:1142)
	at java.util.concurrent.ThreadPoolExecutor$Worker.run(ThreadPoolExecutor.java:617)
	at java.lang.Thread.run(Thread.java:745)
[2016-04-18 03:04:09,536][WARN ][org.elasticsearch.discovery] failure [sneaky-update]
FailedToCommitClusterStateException[failed to get enough masters to ack sent cluster state. [1] left]
	at org.elasticsearch.discovery.zen.publish.PublishClusterStateAction$SendingController.waitForCommit(PublishClusterStateAction.java:525)
	at org.elasticsearch.discovery.zen.publish.PublishClusterStateAction.innerPublish(PublishClusterStateAction.java:189)
	at org.elasticsearch.discovery.zen.publish.PublishClusterStateAction.publish(PublishClusterStateAction.java:154)
	at org.elasticsearch.discovery.zen.ZenDiscovery.publish(ZenDiscovery.java:345)
	at sun.reflect.GeneratedMethodAccessor6.invoke(Unknown Source)
	at sun.reflect.DelegatingMethodAccessorImpl.invoke(DelegatingMethodAccessorImpl.java:43)
	at java.lang.reflect.Method.invoke(Method.java:497)
	at org.elasticsearch.common.inject.internal.ConstructionContext$DelegatingInvocationHandler.invoke(ConstructionContext.java:111)
	at com.sun.proxy.$Proxy35.publish(Unknown Source)
	at org.elasticsearch.discovery.DiscoveryService.publish(DiscoveryService.java:130)
	at org.elasticsearch.cluster.service.InternalClusterService.runTasksForExecutor(InternalClusterService.java:574)
	at org.elasticsearch.cluster.service.InternalClusterService$UpdateTask.run(InternalClusterService.java:761)
	at org.elasticsearch.common.util.concurrent.PrioritizedEsThreadPoolExecutor$TieBreakingPrioritizedRunnable.runAndClean(PrioritizedEsThreadPoolExecutor.java:231)
	at org.elasticsearch.common.util.concurrent.PrioritizedEsThreadPoolExecutor$TieBreakingPrioritizedRunnable.run(PrioritizedEsThreadPoolExecutor.java:194)
	at java.util.concurrent.ThreadPoolExecutor.runWorker(ThreadPoolExecutor.java:1142)
	at java.util.concurrent.ThreadPoolExecutor$Worker.run(ThreadPoolExecutor.java:617)
	at java.lang.Thread.run(Thread.java:745)
[2016-04-18 03:04:09,537][WARN ][org.elasticsearch.discovery.zen] [node_t1] failed to publish to min_master_nodes, current nodes: {{node_t2}{ryG4wSgKR_mnTzBsETWgwQ}{127.0.0.1}{127.0.0.1:30229}[mode=>network],{node_t1}{8k27D6mgRVOUo4Rj0DLmLQ}{127.0.0.1}{127.0.0.1:30228}[mode=>network],{node_t0}{jkiwniM0QaSzUpQk6SyZ5g}{127.0.0.1}{127.0.0.1:30227}[mode=>network],}
[2016-04-18 03:04:12,588][WARN ][org.elasticsearch.discovery.zen] [node_t2] master left (reason = shut_down), current nodes: {{node_t1}{8k27D6mgRVOUo4Rj0DLmLQ}{127.0.0.1}{127.0.0.1:30228}[mode=>network],{node_t2}{ryG4wSgKR_mnTzBsETWgwQ}{127.0.0.1}{127.0.0.1:30229}[mode=>network],}
[2016-04-18 03:04:12,588][WARN ][org.elasticsearch.discovery.zen] [node_t1] master left (reason = shut_down), current nodes: {{node_t1}{8k27D6mgRVOUo4Rj0DLmLQ}{127.0.0.1}{127.0.0.1:30228}[mode=>network],{node_t2}{ryG4wSgKR_mnTzBsETWgwQ}{127.0.0.1}{127.0.0.1:30229}[mode=>network],}
[2016-04-18 03:04:17,669][WARN ][org.elasticsearch.discovery.zen] [node_t0] master left (reason = failed to ping, tried [1] times, each with  maximum [1s] timeout), current nodes: {{node_t0}{XBqOUq5ESIWugWrAQ9Dm2Q}{127.0.0.1}{127.0.0.1:30230}[mode=>network],{node_t2}{_6INksWQTwGQ4Fb5vpPIbA}{127.0.0.1}{127.0.0.1:30232}[mode=>network],}
[2016-04-18 03:04:17,692][WARN ][org.elasticsearch.discovery.zen] [node_t2] master left (reason = failed to ping, tried [1] times, each with  maximum [1s] timeout), current nodes: {{node_t0}{XBqOUq5ESIWugWrAQ9Dm2Q}{127.0.0.1}{127.0.0.1:30230}[mode=>network],{node_t2}{_6INksWQTwGQ4Fb5vpPIbA}{127.0.0.1}{127.0.0.1:30232}[mode=>network],}
[2016-04-18 03:04:21,422][WARN ][org.elasticsearch.discovery.zen.ping.unicast] [node_t0] failed to send ping to [{#zen_unicast_2#}{127.0.0.1}{127.0.0.1:30231}]
ReceiveTimeoutTransportException[[][127.0.0.1:30231][internal:discovery/zen/unicast] request_id [20] timed out after [3752ms]]
	at org.elasticsearch.transport.TransportService$TimeoutHandler.run(TransportService.java:626)
	at java.util.concurrent.ThreadPoolExecutor.runWorker(ThreadPoolExecutor.java:1142)
	at java.util.concurrent.ThreadPoolExecutor$Worker.run(ThreadPoolExecutor.java:617)
	at java.lang.Thread.run(Thread.java:745)
[2016-04-18 03:04:21,445][WARN ][org.elasticsearch.discovery.zen.ping.unicast] [node_t2] failed to send ping to [{#zen_unicast_2#}{127.0.0.1}{127.0.0.1:30231}]
ReceiveTimeoutTransportException[[][127.0.0.1:30231][internal:discovery/zen/unicast] request_id [23] timed out after [3752ms]]
	at org.elasticsearch.transport.TransportService$TimeoutHandler.run(TransportService.java:626)
	at java.util.concurrent.ThreadPoolExecutor.runWorker(ThreadPoolExecutor.java:1142)
	at java.util.concurrent.ThreadPoolExecutor$Worker.run(ThreadPoolExecutor.java:617)
	at java.lang.Thread.run(Thread.java:745)
[2016-04-18 03:04:24,201][WARN ][org.elasticsearch.discovery.zen] [node_t0] discovered [{node_t1}{WDksHTbPSSicdz2I4VTbdg}{127.0.0.1}{127.0.0.1:30231}[mode=>network]] which is also master but with an older cluster_state, telling [{node_t1}{WDksHTbPSSicdz2I4VTbdg}{127.0.0.1}{127.0.0.1:30231}[mode=>network]] to rejoin the cluster ([node fd ping])
[2016-04-18 03:04:24,204][WARN ][org.elasticsearch.discovery.zen] [node_t1] received a request to rejoin the cluster from [XBqOUq5ESIWugWrAQ9Dm2Q], current nodes: {{node_t1}{WDksHTbPSSicdz2I4VTbdg}{127.0.0.1}{127.0.0.1:30231}[mode=>network],{node_t0}{XBqOUq5ESIWugWrAQ9Dm2Q}{127.0.0.1}{127.0.0.1:30230}[mode=>network],{node_t2}{_6INksWQTwGQ4Fb5vpPIbA}{127.0.0.1}{127.0.0.1:30232}[mode=>network],}
[2016-04-18 03:04:27,213][WARN ][org.elasticsearch.discovery.zen] [node_t1] master left (reason = shut_down), current nodes: {{node_t1}{WDksHTbPSSicdz2I4VTbdg}{127.0.0.1}{127.0.0.1:30231}[mode=>network],{node_t2}{_6INksWQTwGQ4Fb5vpPIbA}{127.0.0.1}{127.0.0.1:30232}[mode=>network],}
[2016-04-18 03:04:27,213][WARN ][org.elasticsearch.discovery.zen] [node_t2] master left (reason = shut_down), current nodes: {{node_t1}{WDksHTbPSSicdz2I4VTbdg}{127.0.0.1}{127.0.0.1:30231}[mode=>network],{node_t2}{_6INksWQTwGQ4Fb5vpPIbA}{127.0.0.1}{127.0.0.1:30232}[mode=>network],}
[2016-04-18 03:04:27,275][TRACE][org.elasticsearch.cluster.service] [node_t0] will process [initial_join]
[2016-04-18 03:04:27,275][DEBUG][org.elasticsearch.cluster.service] [node_t0] processing [initial_join]: execute
[2016-04-18 03:04:27,275][DEBUG][org.elasticsearch.cluster.service] [node_t0] processing [initial_join]: took 0s no change in cluster_state
[2016-04-18 03:04:27,325][TRACE][org.elasticsearch.cluster.service] [node_t1] will process [initial_join]
[2016-04-18 03:04:27,326][DEBUG][org.elasticsearch.cluster.service] [node_t1] processing [initial_join]: execute
[2016-04-18 03:04:27,326][DEBUG][org.elasticsearch.cluster.service] [node_t1] processing [initial_join]: took 0s no change in cluster_state
[2016-04-18 03:04:27,364][TRACE][org.elasticsearch.cluster.service] [node_t2] will process [initial_join]
[2016-04-18 03:04:27,364][DEBUG][org.elasticsearch.cluster.service] [node_t2] processing [initial_join]: execute
[2016-04-18 03:04:27,365][DEBUG][org.elasticsearch.cluster.service] [node_t2] processing [initial_join]: took 0s no change in cluster_state
[2016-04-18 03:04:30,367][TRACE][org.elasticsearch.cluster.service] [node_t2] will process [zen-disco-join(elected_as_master, [2] joins received)]
[2016-04-18 03:04:30,367][DEBUG][org.elasticsearch.cluster.service] [node_t2] processing [zen-disco-join(elected_as_master, [2] joins received)]: execute
[2016-04-18 03:04:30,368][TRACE][org.elasticsearch.cluster.service] [node_t2] cluster state updated, source [zen-disco-join(elected_as_master, [2] joins received)]
version: 1
state uuid: 5fuCqIe_SHKM02f9g71ynQ
from_diff: false
meta data version: 0
blocks: 
   _global_:
      1,state not recovered / initialized, blocks READ,WRITE,METADATA_READ,METADATA_WRITE
nodes: 
   {node_t1}{pRJUXGfrSTKvMfhmUdh1lg}{127.0.0.1}{127.0.0.1:30234}[mode=>network]
   {node_t0}{UOcNf_NsQdaP7Ug0iBP3sA}{127.0.0.1}{127.0.0.1:30233}[mode=>network]
   {node_t2}{IMl99BG9Q_KrajZjP3Yx-g}{127.0.0.1}{127.0.0.1:30235}[mode=>network], local, master
routing_table (version 0):
routing_nodes:
-----node_id[IMl99BG9Q_KrajZjP3Yx-g][V]
-----node_id[pRJUXGfrSTKvMfhmUdh1lg][V]
-----node_id[UOcNf_NsQdaP7Ug0iBP3sA][V]
---- unassigned

[2016-04-18 03:04:30,368][INFO ][org.elasticsearch.cluster.service] [node_t2] new_master {node_t2}{IMl99BG9Q_KrajZjP3Yx-g}{127.0.0.1}{127.0.0.1:30235}[mode=>network], added {{node_t1}{pRJUXGfrSTKvMfhmUdh1lg}{127.0.0.1}{127.0.0.1:30234}[mode=>network],{node_t0}{UOcNf_NsQdaP7Ug0iBP3sA}{127.0.0.1}{127.0.0.1:30233}[mode=>network],}, reason: zen-disco-join(elected_as_master, [2] joins received)
[2016-04-18 03:04:30,368][DEBUG][org.elasticsearch.cluster.service] [node_t2] publishing cluster state version [1]
[2016-04-18 03:04:30,369][TRACE][org.elasticsearch.cluster.service] [node_t0] will process [zen-disco-receive(from master [master {node_t2}{IMl99BG9Q_KrajZjP3Yx-g}{127.0.0.1}{127.0.0.1:30235}[mode=>network] committed version [1]])]
[2016-04-18 03:04:30,369][TRACE][org.elasticsearch.cluster.service] [node_t1] will process [zen-disco-receive(from master [master {node_t2}{IMl99BG9Q_KrajZjP3Yx-g}{127.0.0.1}{127.0.0.1:30235}[mode=>network] committed version [1]])]
[2016-04-18 03:04:30,370][DEBUG][org.elasticsearch.cluster.service] [node_t0] processing [zen-disco-receive(from master [master {node_t2}{IMl99BG9Q_KrajZjP3Yx-g}{127.0.0.1}{127.0.0.1:30235}[mode=>network] committed version [1]])]: execute
[2016-04-18 03:04:30,370][DEBUG][org.elasticsearch.cluster.service] [node_t1] processing [zen-disco-receive(from master [master {node_t2}{IMl99BG9Q_KrajZjP3Yx-g}{127.0.0.1}{127.0.0.1:30235}[mode=>network] committed version [1]])]: execute
[2016-04-18 03:04:30,370][TRACE][org.elasticsearch.cluster.service] [node_t0] cluster state updated, source [zen-disco-receive(from master [master {node_t2}{IMl99BG9Q_KrajZjP3Yx-g}{127.0.0.1}{127.0.0.1:30235}[mode=>network] committed version [1]])]
version: 1
state uuid: 5fuCqIe_SHKM02f9g71ynQ
from_diff: false
meta data version: 0
blocks: 
   _global_:
      1,state not recovered / initialized, blocks READ,WRITE,METADATA_READ,METADATA_WRITE
nodes: 
   {node_t1}{pRJUXGfrSTKvMfhmUdh1lg}{127.0.0.1}{127.0.0.1:30234}[mode=>network]
   {node_t0}{UOcNf_NsQdaP7Ug0iBP3sA}{127.0.0.1}{127.0.0.1:30233}[mode=>network], local
   {node_t2}{IMl99BG9Q_KrajZjP3Yx-g}{127.0.0.1}{127.0.0.1:30235}[mode=>network], master
routing_table (version 0):
routing_nodes:
-----node_id[IMl99BG9Q_KrajZjP3Yx-g][V]
-----node_id[pRJUXGfrSTKvMfhmUdh1lg][V]
-----node_id[UOcNf_NsQdaP7Ug0iBP3sA][V]
---- unassigned

[2016-04-18 03:04:30,370][TRACE][org.elasticsearch.cluster.service] [node_t1] cluster state updated, source [zen-disco-receive(from master [master {node_t2}{IMl99BG9Q_KrajZjP3Yx-g}{127.0.0.1}{127.0.0.1:30235}[mode=>network] committed version [1]])]
version: 1
state uuid: 5fuCqIe_SHKM02f9g71ynQ
from_diff: false
meta data version: 0
blocks: 
   _global_:
      1,state not recovered / initialized, blocks READ,WRITE,METADATA_READ,METADATA_WRITE
nodes: 
   {node_t1}{pRJUXGfrSTKvMfhmUdh1lg}{127.0.0.1}{127.0.0.1:30234}[mode=>network], local
   {node_t0}{UOcNf_NsQdaP7Ug0iBP3sA}{127.0.0.1}{127.0.0.1:30233}[mode=>network]
   {node_t2}{IMl99BG9Q_KrajZjP3Yx-g}{127.0.0.1}{127.0.0.1:30235}[mode=>network], master
routing_table (version 0):
routing_nodes:
-----node_id[IMl99BG9Q_KrajZjP3Yx-g][V]
-----node_id[pRJUXGfrSTKvMfhmUdh1lg][V]
-----node_id[UOcNf_NsQdaP7Ug0iBP3sA][V]
---- unassigned

[2016-04-18 03:04:30,370][INFO ][org.elasticsearch.cluster.service] [node_t0] detected_master {node_t2}{IMl99BG9Q_KrajZjP3Yx-g}{127.0.0.1}{127.0.0.1:30235}[mode=>network], added {{node_t1}{pRJUXGfrSTKvMfhmUdh1lg}{127.0.0.1}{127.0.0.1:30234}[mode=>network],{node_t2}{IMl99BG9Q_KrajZjP3Yx-g}{127.0.0.1}{127.0.0.1:30235}[mode=>network],}, reason: zen-disco-receive(from master [master {node_t2}{IMl99BG9Q_KrajZjP3Yx-g}{127.0.0.1}{127.0.0.1:30235}[mode=>network] committed version [1]])
[2016-04-18 03:04:30,371][INFO ][org.elasticsearch.cluster.service] [node_t1] detected_master {node_t2}{IMl99BG9Q_KrajZjP3Yx-g}{127.0.0.1}{127.0.0.1:30235}[mode=>network], added {{node_t0}{UOcNf_NsQdaP7Ug0iBP3sA}{127.0.0.1}{127.0.0.1:30233}[mode=>network],{node_t2}{IMl99BG9Q_KrajZjP3Yx-g}{127.0.0.1}{127.0.0.1:30235}[mode=>network],}, reason: zen-disco-receive(from master [master {node_t2}{IMl99BG9Q_KrajZjP3Yx-g}{127.0.0.1}{127.0.0.1:30235}[mode=>network] committed version [1]])
[2016-04-18 03:04:30,373][DEBUG][org.elasticsearch.cluster.service] [node_t0] set local cluster state to version 1
[2016-04-18 03:04:30,373][DEBUG][org.elasticsearch.cluster.service] [node_t1] set local cluster state to version 1
[2016-04-18 03:04:30,374][DEBUG][org.elasticsearch.cluster.service] [node_t0] processing [zen-disco-receive(from master [master {node_t2}{IMl99BG9Q_KrajZjP3Yx-g}{127.0.0.1}{127.0.0.1:30235}[mode=>network] committed version [1]])]: took 3ms done applying updated cluster_state (version: 1, uuid: 5fuCqIe_SHKM02f9g71ynQ)
[2016-04-18 03:04:30,374][DEBUG][org.elasticsearch.cluster.service] [node_t1] processing [zen-disco-receive(from master [master {node_t2}{IMl99BG9Q_KrajZjP3Yx-g}{127.0.0.1}{127.0.0.1:30235}[mode=>network] committed version [1]])]: took 3ms done applying updated cluster_state (version: 1, uuid: 5fuCqIe_SHKM02f9g71ynQ)
[2016-04-18 03:04:30,374][DEBUG][org.elasticsearch.cluster.service] [node_t2] set local cluster state to version 1
[2016-04-18 03:04:30,374][TRACE][org.elasticsearch.cluster.service] [node_t0] will process [gateway_initial_state_recovery]
[2016-04-18 03:04:30,374][TRACE][org.elasticsearch.cluster.service] [node_t1] will process [gateway_initial_state_recovery]
[2016-04-18 03:04:30,374][DEBUG][org.elasticsearch.cluster.service] [node_t1] processing [gateway_initial_state_recovery]: execute
[2016-04-18 03:04:30,374][DEBUG][org.elasticsearch.cluster.service] [node_t0] processing [gateway_initial_state_recovery]: execute
[2016-04-18 03:04:30,374][DEBUG][org.elasticsearch.cluster.service] [node_t1] processing [gateway_initial_state_recovery]: took 0s no change in cluster_state
[2016-04-18 03:04:30,374][DEBUG][org.elasticsearch.cluster.service] [node_t2] processing [zen-disco-join(elected_as_master, [2] joins received)]: took 6ms done applying updated cluster_state (version: 1, uuid: 5fuCqIe_SHKM02f9g71ynQ)
[2016-04-18 03:04:30,374][DEBUG][org.elasticsearch.cluster.service] [node_t0] processing [gateway_initial_state_recovery]: took 0s no change in cluster_state
[2016-04-18 03:04:30,374][TRACE][org.elasticsearch.cluster.service] [node_t2] will process [cluster_reroute(post_node_add)]
[2016-04-18 03:04:30,374][TRACE][org.elasticsearch.cluster.service] [node_t0] will process [finalize_join ({node_t2}{IMl99BG9Q_KrajZjP3Yx-g}{127.0.0.1}{127.0.0.1:30235}[mode=>network])]
[2016-04-18 03:04:30,374][DEBUG][org.elasticsearch.cluster.service] [node_t0] processing [finalize_join ({node_t2}{IMl99BG9Q_KrajZjP3Yx-g}{127.0.0.1}{127.0.0.1:30235}[mode=>network])]: execute
[2016-04-18 03:04:30,374][DEBUG][org.elasticsearch.cluster.service] [node_t2] processing [cluster_reroute(post_node_add)]: execute
[2016-04-18 03:04:30,374][DEBUG][org.elasticsearch.cluster.service] [node_t0] processing [finalize_join ({node_t2}{IMl99BG9Q_KrajZjP3Yx-g}{127.0.0.1}{127.0.0.1:30235}[mode=>network])]: took 0s no change in cluster_state
[2016-04-18 03:04:30,374][DEBUG][org.elasticsearch.cluster.service] [node_t2] processing [cluster_reroute(post_node_add)]: took 0s no change in cluster_state
[2016-04-18 03:04:30,374][TRACE][org.elasticsearch.cluster.service] [node_t2] will process [gateway_initial_state_recovery]
[2016-04-18 03:04:30,374][DEBUG][org.elasticsearch.cluster.service] [node_t2] processing [gateway_initial_state_recovery]: execute
[2016-04-18 03:04:30,374][DEBUG][org.elasticsearch.cluster.service] [node_t2] processing [gateway_initial_state_recovery]: took 0s no change in cluster_state
[2016-04-18 03:04:30,374][TRACE][org.elasticsearch.cluster.service] [node_t2] will process [cluster_health (wait_for_events [LANGUID])]
[2016-04-18 03:04:30,375][DEBUG][org.elasticsearch.cluster.service] [node_t2] processing [cluster_health (wait_for_events [LANGUID])]: execute
[2016-04-18 03:04:30,375][TRACE][org.elasticsearch.cluster.service] [node_t1] will process [finalize_join ({node_t2}{IMl99BG9Q_KrajZjP3Yx-g}{127.0.0.1}{127.0.0.1:30235}[mode=>network])]
[2016-04-18 03:04:30,375][DEBUG][org.elasticsearch.cluster.service] [node_t1] processing [finalize_join ({node_t2}{IMl99BG9Q_KrajZjP3Yx-g}{127.0.0.1}{127.0.0.1:30235}[mode=>network])]: execute
[2016-04-18 03:04:30,375][DEBUG][org.elasticsearch.cluster.service] [node_t1] processing [finalize_join ({node_t2}{IMl99BG9Q_KrajZjP3Yx-g}{127.0.0.1}{127.0.0.1:30235}[mode=>network])]: took 0s no change in cluster_state
[2016-04-18 03:04:30,375][DEBUG][org.elasticsearch.cluster.service] [node_t2] processing [cluster_health (wait_for_events [LANGUID])]: took 0s no change in cluster_state
[2016-04-18 03:04:30,376][TRACE][org.elasticsearch.cluster.service] [node_t2] will process [local-gateway-elected-state]
[2016-04-18 03:04:30,376][DEBUG][org.elasticsearch.cluster.service] [node_t2] processing [local-gateway-elected-state]: execute
[2016-04-18 03:04:30,376][TRACE][org.elasticsearch.cluster.service] [node_t2] cluster state updated, source [local-gateway-elected-state]
version: 2
state uuid: bW_yFu3-R66-C-pRWpzKNQ
from_diff: false
meta data version: 1
nodes: 
   {node_t1}{pRJUXGfrSTKvMfhmUdh1lg}{127.0.0.1}{127.0.0.1:30234}[mode=>network]
   {node_t0}{UOcNf_NsQdaP7Ug0iBP3sA}{127.0.0.1}{127.0.0.1:30233}[mode=>network]
   {node_t2}{IMl99BG9Q_KrajZjP3Yx-g}{127.0.0.1}{127.0.0.1:30235}[mode=>network], local, master
routing_table (version 1):
routing_nodes:
-----node_id[IMl99BG9Q_KrajZjP3Yx-g][V]
-----node_id[pRJUXGfrSTKvMfhmUdh1lg][V]
-----node_id[UOcNf_NsQdaP7Ug0iBP3sA][V]
---- unassigned

[2016-04-18 03:04:30,376][DEBUG][org.elasticsearch.cluster.service] [node_t2] publishing cluster state version [2]
[2016-04-18 03:04:30,376][TRACE][org.elasticsearch.cluster.service] [node_t1] will process [zen-disco-receive(from master [master {node_t2}{IMl99BG9Q_KrajZjP3Yx-g}{127.0.0.1}{127.0.0.1:30235}[mode=>network] committed version [2]])]
[2016-04-18 03:04:30,376][TRACE][org.elasticsearch.cluster.service] [node_t0] will process [zen-disco-receive(from master [master {node_t2}{IMl99BG9Q_KrajZjP3Yx-g}{127.0.0.1}{127.0.0.1:30235}[mode=>network] committed version [2]])]
[2016-04-18 03:04:30,377][DEBUG][org.elasticsearch.cluster.service] [node_t1] processing [zen-disco-receive(from master [master {node_t2}{IMl99BG9Q_KrajZjP3Yx-g}{127.0.0.1}{127.0.0.1:30235}[mode=>network] committed version [2]])]: execute
[2016-04-18 03:04:30,377][DEBUG][org.elasticsearch.cluster.service] [node_t0] processing [zen-disco-receive(from master [master {node_t2}{IMl99BG9Q_KrajZjP3Yx-g}{127.0.0.1}{127.0.0.1:30235}[mode=>network] committed version [2]])]: execute
[2016-04-18 03:04:30,377][TRACE][org.elasticsearch.cluster.service] [node_t1] cluster state updated, source [zen-disco-receive(from master [master {node_t2}{IMl99BG9Q_KrajZjP3Yx-g}{127.0.0.1}{127.0.0.1:30235}[mode=>network] committed version [2]])]
version: 2
state uuid: bW_yFu3-R66-C-pRWpzKNQ
from_diff: false
meta data version: 1
nodes: 
   {node_t1}{pRJUXGfrSTKvMfhmUdh1lg}{127.0.0.1}{127.0.0.1:30234}[mode=>network], local
   {node_t0}{UOcNf_NsQdaP7Ug0iBP3sA}{127.0.0.1}{127.0.0.1:30233}[mode=>network]
   {node_t2}{IMl99BG9Q_KrajZjP3Yx-g}{127.0.0.1}{127.0.0.1:30235}[mode=>network], master
routing_table (version 1):
routing_nodes:
-----node_id[IMl99BG9Q_KrajZjP3Yx-g][V]
-----node_id[pRJUXGfrSTKvMfhmUdh1lg][V]
-----node_id[UOcNf_NsQdaP7Ug0iBP3sA][V]
---- unassigned

[2016-04-18 03:04:30,377][DEBUG][org.elasticsearch.cluster.service] [node_t1] set local cluster state to version 2
[2016-04-18 03:04:30,377][TRACE][org.elasticsearch.cluster.service] [node_t0] cluster state updated, source [zen-disco-receive(from master [master {node_t2}{IMl99BG9Q_KrajZjP3Yx-g}{127.0.0.1}{127.0.0.1:30235}[mode=>network] committed version [2]])]
version: 2
state uuid: bW_yFu3-R66-C-pRWpzKNQ
from_diff: false
meta data version: 1
nodes: 
   {node_t1}{pRJUXGfrSTKvMfhmUdh1lg}{127.0.0.1}{127.0.0.1:30234}[mode=>network]
   {node_t0}{UOcNf_NsQdaP7Ug0iBP3sA}{127.0.0.1}{127.0.0.1:30233}[mode=>network], local
   {node_t2}{IMl99BG9Q_KrajZjP3Yx-g}{127.0.0.1}{127.0.0.1:30235}[mode=>network], master
routing_table (version 1):
routing_nodes:
-----node_id[IMl99BG9Q_KrajZjP3Yx-g][V]
-----node_id[pRJUXGfrSTKvMfhmUdh1lg][V]
-----node_id[UOcNf_NsQdaP7Ug0iBP3sA][V]
---- unassigned

[2016-04-18 03:04:30,377][DEBUG][org.elasticsearch.cluster.service] [node_t0] set local cluster state to version 2
[2016-04-18 03:04:30,379][DEBUG][org.elasticsearch.cluster.service] [node_t1] processing [zen-disco-receive(from master [master {node_t2}{IMl99BG9Q_KrajZjP3Yx-g}{127.0.0.1}{127.0.0.1:30235}[mode=>network] committed version [2]])]: took 2ms done applying updated cluster_state (version: 2, uuid: bW_yFu3-R66-C-pRWpzKNQ)
[2016-04-18 03:04:30,380][DEBUG][org.elasticsearch.cluster.service] [node_t0] processing [zen-disco-receive(from master [master {node_t2}{IMl99BG9Q_KrajZjP3Yx-g}{127.0.0.1}{127.0.0.1:30235}[mode=>network] committed version [2]])]: took 2ms done applying updated cluster_state (version: 2, uuid: bW_yFu3-R66-C-pRWpzKNQ)
[2016-04-18 03:04:30,380][DEBUG][org.elasticsearch.cluster.service] [node_t2] set local cluster state to version 2
[2016-04-18 03:04:30,381][DEBUG][org.elasticsearch.cluster.service] [node_t2] processing [local-gateway-elected-state]: took 5ms done applying updated cluster_state (version: 2, uuid: bW_yFu3-R66-C-pRWpzKNQ)
[2016-04-18 03:04:30,381][TRACE][org.elasticsearch.cluster.service] [node_t2] will process [create-index [test], cause [api]]
[2016-04-18 03:04:30,381][DEBUG][org.elasticsearch.cluster.service] [node_t2] processing [create-index [test], cause [api]]: execute
[2016-04-18 03:04:30,383][TRACE][org.elasticsearch.cluster.service] expecting 3 acknowledgements for cluster_state update (version: 3)
[2016-04-18 03:04:30,383][TRACE][org.elasticsearch.cluster.service] [node_t2] cluster state updated, source [create-index [test], cause [api]]
version: 3
state uuid: HwXerqCHTIWaJqiQs1zQ4A
from_diff: false
meta data version: 2
nodes: 
   {node_t1}{pRJUXGfrSTKvMfhmUdh1lg}{127.0.0.1}{127.0.0.1:30234}[mode=>network]
   {node_t0}{UOcNf_NsQdaP7Ug0iBP3sA}{127.0.0.1}{127.0.0.1:30233}[mode=>network]
   {node_t2}{IMl99BG9Q_KrajZjP3Yx-g}{127.0.0.1}{127.0.0.1:30235}[mode=>network], local, master
routing_table (version 2):
-- index [test]
----shard_id [test][0]
--------[test][0], node[IMl99BG9Q_KrajZjP3Yx-g], [P], v[1], s[INITIALIZING], a[id=YdqXXhwIRLmriuxWMUoqvA], unassigned_info[[reason=INDEX_CREATED], at[2016-04-18T07:04:30.382Z]]
--------[test][0], node[null], [R], v[1], s[UNASSIGNED], unassigned_info[[reason=INDEX_CREATED], at[2016-04-18T07:04:30.382Z]]
--------[test][0], node[null], [R], v[1], s[UNASSIGNED], unassigned_info[[reason=INDEX_CREATED], at[2016-04-18T07:04:30.382Z]]

routing_nodes:
-----node_id[IMl99BG9Q_KrajZjP3Yx-g][V]
--------[test][0], node[IMl99BG9Q_KrajZjP3Yx-g], [P], v[1], s[INITIALIZING], a[id=YdqXXhwIRLmriuxWMUoqvA], unassigned_info[[reason=INDEX_CREATED], at[2016-04-18T07:04:30.382Z]]
-----node_id[pRJUXGfrSTKvMfhmUdh1lg][V]
-----node_id[UOcNf_NsQdaP7Ug0iBP3sA][V]
---- unassigned
--------[test][0], node[null], [R], v[1], s[UNASSIGNED], unassigned_info[[reason=INDEX_CREATED], at[2016-04-18T07:04:30.382Z]]
--------[test][0], node[null], [R], v[1], s[UNASSIGNED], unassigned_info[[reason=INDEX_CREATED], at[2016-04-18T07:04:30.382Z]]

[2016-04-18 03:04:30,383][DEBUG][org.elasticsearch.cluster.service] [node_t2] publishing cluster state version [3]
[2016-04-18 03:04:30,384][TRACE][org.elasticsearch.cluster.service] [node_t1] will process [zen-disco-receive(from master [master {node_t2}{IMl99BG9Q_KrajZjP3Yx-g}{127.0.0.1}{127.0.0.1:30235}[mode=>network] committed version [3]])]
[2016-04-18 03:04:30,384][DEBUG][org.elasticsearch.cluster.service] [node_t1] processing [zen-disco-receive(from master [master {node_t2}{IMl99BG9Q_KrajZjP3Yx-g}{127.0.0.1}{127.0.0.1:30235}[mode=>network] committed version [3]])]: execute
[2016-04-18 03:04:30,384][TRACE][org.elasticsearch.cluster.service] [node_t1] cluster state updated, source [zen-disco-receive(from master [master {node_t2}{IMl99BG9Q_KrajZjP3Yx-g}{127.0.0.1}{127.0.0.1:30235}[mode=>network] committed version [3]])]
version: 3
state uuid: HwXerqCHTIWaJqiQs1zQ4A
from_diff: false
meta data version: 2
nodes: 
   {node_t1}{pRJUXGfrSTKvMfhmUdh1lg}{127.0.0.1}{127.0.0.1:30234}[mode=>network], local
   {node_t0}{UOcNf_NsQdaP7Ug0iBP3sA}{127.0.0.1}{127.0.0.1:30233}[mode=>network]
   {node_t2}{IMl99BG9Q_KrajZjP3Yx-g}{127.0.0.1}{127.0.0.1:30235}[mode=>network], master
routing_table (version 2):
-- index [test]
----shard_id [test][0]
--------[test][0], node[IMl99BG9Q_KrajZjP3Yx-g], [P], v[1], s[INITIALIZING], a[id=YdqXXhwIRLmriuxWMUoqvA], unassigned_info[[reason=INDEX_CREATED], at[2016-04-18T07:04:30.382Z]]
--------[test][0], node[null], [R], v[1], s[UNASSIGNED], unassigned_info[[reason=INDEX_CREATED], at[2016-04-18T07:04:30.382Z]]
--------[test][0], node[null], [R], v[1], s[UNASSIGNED], unassigned_info[[reason=INDEX_CREATED], at[2016-04-18T07:04:30.382Z]]

routing_nodes:
-----node_id[IMl99BG9Q_KrajZjP3Yx-g][V]
--------[test][0], node[IMl99BG9Q_KrajZjP3Yx-g], [P], v[1], s[INITIALIZING], a[id=YdqXXhwIRLmriuxWMUoqvA], unassigned_info[[reason=INDEX_CREATED], at[2016-04-18T07:04:30.382Z]]
-----node_id[pRJUXGfrSTKvMfhmUdh1lg][V]
-----node_id[UOcNf_NsQdaP7Ug0iBP3sA][V]
---- unassigned
--------[test][0], node[null], [R], v[1], s[UNASSIGNED], unassigned_info[[reason=INDEX_CREATED], at[2016-04-18T07:04:30.382Z]]
--------[test][0], node[null], [R], v[1], s[UNASSIGNED], unassigned_info[[reason=INDEX_CREATED], at[2016-04-18T07:04:30.382Z]]

[2016-04-18 03:04:30,385][DEBUG][org.elasticsearch.cluster.service] [node_t1] set local cluster state to version 3
[2016-04-18 03:04:30,386][TRACE][org.elasticsearch.cluster.service] [node_t0] will process [zen-disco-receive(from master [master {node_t2}{IMl99BG9Q_KrajZjP3Yx-g}{127.0.0.1}{127.0.0.1:30235}[mode=>network] committed version [3]])]
[2016-04-18 03:04:30,386][DEBUG][org.elasticsearch.cluster.service] [node_t0] processing [zen-disco-receive(from master [master {node_t2}{IMl99BG9Q_KrajZjP3Yx-g}{127.0.0.1}{127.0.0.1:30235}[mode=>network] committed version [3]])]: execute
[2016-04-18 03:04:30,386][TRACE][org.elasticsearch.cluster.service] [node_t0] cluster state updated, source [zen-disco-receive(from master [master {node_t2}{IMl99BG9Q_KrajZjP3Yx-g}{127.0.0.1}{127.0.0.1:30235}[mode=>network] committed version [3]])]
version: 3
state uuid: HwXerqCHTIWaJqiQs1zQ4A
from_diff: false
meta data version: 2
nodes: 
   {node_t1}{pRJUXGfrSTKvMfhmUdh1lg}{127.0.0.1}{127.0.0.1:30234}[mode=>network]
   {node_t0}{UOcNf_NsQdaP7Ug0iBP3sA}{127.0.0.1}{127.0.0.1:30233}[mode=>network], local
   {node_t2}{IMl99BG9Q_KrajZjP3Yx-g}{127.0.0.1}{127.0.0.1:30235}[mode=>network], master
routing_table (version 2):
-- index [test]
----shard_id [test][0]
--------[test][0], node[IMl99BG9Q_KrajZjP3Yx-g], [P], v[1], s[INITIALIZING], a[id=YdqXXhwIRLmriuxWMUoqvA], unassigned_info[[reason=INDEX_CREATED], at[2016-04-18T07:04:30.382Z]]
--------[test][0], node[null], [R], v[1], s[UNASSIGNED], unassigned_info[[reason=INDEX_CREATED], at[2016-04-18T07:04:30.382Z]]
--------[test][0], node[null], [R], v[1], s[UNASSIGNED], unassigned_info[[reason=INDEX_CREATED], at[2016-04-18T07:04:30.382Z]]

routing_nodes:
-----node_id[IMl99BG9Q_KrajZjP3Yx-g][V]
--------[test][0], node[IMl99BG9Q_KrajZjP3Yx-g], [P], v[1], s[INITIALIZING], a[id=YdqXXhwIRLmriuxWMUoqvA], unassigned_info[[reason=INDEX_CREATED], at[2016-04-18T07:04:30.382Z]]
-----node_id[pRJUXGfrSTKvMfhmUdh1lg][V]
-----node_id[UOcNf_NsQdaP7Ug0iBP3sA][V]
---- unassigned
--------[test][0], node[null], [R], v[1], s[UNASSIGNED], unassigned_info[[reason=INDEX_CREATED], at[2016-04-18T07:04:30.382Z]]
--------[test][0], node[null], [R], v[1], s[UNASSIGNED], unassigned_info[[reason=INDEX_CREATED], at[2016-04-18T07:04:30.382Z]]

[2016-04-18 03:04:30,387][DEBUG][org.elasticsearch.cluster.service] [node_t0] set local cluster state to version 3
[2016-04-18 03:04:30,387][DEBUG][org.elasticsearch.cluster.service] [node_t1] processing [zen-disco-receive(from master [master {node_t2}{IMl99BG9Q_KrajZjP3Yx-g}{127.0.0.1}{127.0.0.1:30235}[mode=>network] committed version [3]])]: took 2ms done applying updated cluster_state (version: 3, uuid: HwXerqCHTIWaJqiQs1zQ4A)
[2016-04-18 03:04:30,387][TRACE][org.elasticsearch.cluster.service] ack received from node [{node_t1}{pRJUXGfrSTKvMfhmUdh1lg}{127.0.0.1}{127.0.0.1:30234}[mode=>network]], cluster_state update (version: 3)
[2016-04-18 03:04:30,389][DEBUG][org.elasticsearch.cluster.service] [node_t0] processing [zen-disco-receive(from master [master {node_t2}{IMl99BG9Q_KrajZjP3Yx-g}{127.0.0.1}{127.0.0.1:30235}[mode=>network] committed version [3]])]: took 3ms done applying updated cluster_state (version: 3, uuid: HwXerqCHTIWaJqiQs1zQ4A)
[2016-04-18 03:04:30,390][TRACE][org.elasticsearch.cluster.service] ack received from node [{node_t0}{UOcNf_NsQdaP7Ug0iBP3sA}{127.0.0.1}{127.0.0.1:30233}[mode=>network]], cluster_state update (version: 3)
[2016-04-18 03:04:30,390][DEBUG][org.elasticsearch.cluster.service] [node_t2] set local cluster state to version 3
[2016-04-18 03:04:30,429][TRACE][org.elasticsearch.cluster.service] ack received from node [{node_t2}{IMl99BG9Q_KrajZjP3Yx-g}{127.0.0.1}{127.0.0.1:30235}[mode=>network]], cluster_state update (version: 3)
[2016-04-18 03:04:30,429][TRACE][org.elasticsearch.cluster.service] all expected nodes acknowledged cluster_state update (version: 3)
[2016-04-18 03:04:30,429][DEBUG][org.elasticsearch.cluster.service] [node_t2] processing [create-index [test], cause [api]]: took 47ms done applying updated cluster_state (version: 3, uuid: HwXerqCHTIWaJqiQs1zQ4A)
[2016-04-18 03:04:30,430][TRACE][org.elasticsearch.cluster.service] [node_t2] will process [cluster_health (wait_for_events [LANGUID])]
[2016-04-18 03:04:30,430][DEBUG][org.elasticsearch.cluster.service] [node_t2] processing [cluster_health (wait_for_events [LANGUID])]: execute
[2016-04-18 03:04:30,430][DEBUG][org.elasticsearch.cluster.service] [node_t2] processing [cluster_health (wait_for_events [LANGUID])]: took 0s no change in cluster_state
[2016-04-18 03:04:30,460][TRACE][org.elasticsearch.cluster.service] [node_t2] will process [shard-started ([test][0], node[IMl99BG9Q_KrajZjP3Yx-g], [P], v[1], s[INITIALIZING], a[id=YdqXXhwIRLmriuxWMUoqvA], unassigned_info[[reason=INDEX_CREATED], at[2016-04-18T07:04:30.382Z]]), reason [after recovery from store]]
[2016-04-18 03:04:30,460][DEBUG][org.elasticsearch.cluster.service] [node_t2] processing [shard-started ([test][0], node[IMl99BG9Q_KrajZjP3Yx-g], [P], v[1], s[INITIALIZING], a[id=YdqXXhwIRLmriuxWMUoqvA], unassigned_info[[reason=INDEX_CREATED], at[2016-04-18T07:04:30.382Z]]), reason [after recovery from store]]: execute
[2016-04-18 03:04:30,460][TRACE][org.elasticsearch.cluster.service] [node_t2] cluster state updated, source [shard-started ([test][0], node[IMl99BG9Q_KrajZjP3Yx-g], [P], v[1], s[INITIALIZING], a[id=YdqXXhwIRLmriuxWMUoqvA], unassigned_info[[reason=INDEX_CREATED], at[2016-04-18T07:04:30.382Z]]), reason [after recovery from store]]
version: 4
state uuid: dzbzReUBRmeibJae0Sd6kg
from_diff: false
meta data version: 3
nodes: 
   {node_t1}{pRJUXGfrSTKvMfhmUdh1lg}{127.0.0.1}{127.0.0.1:30234}[mode=>network]
   {node_t0}{UOcNf_NsQdaP7Ug0iBP3sA}{127.0.0.1}{127.0.0.1:30233}[mode=>network]
   {node_t2}{IMl99BG9Q_KrajZjP3Yx-g}{127.0.0.1}{127.0.0.1:30235}[mode=>network], local, master
routing_table (version 3):
-- index [test]
----shard_id [test][0]
--------[test][0], node[IMl99BG9Q_KrajZjP3Yx-g], [P], v[2], s[STARTED], a[id=YdqXXhwIRLmriuxWMUoqvA]
--------[test][0], node[pRJUXGfrSTKvMfhmUdh1lg], [R], v[2], s[INITIALIZING], a[id=nnYCl-aETwisWdJ34DxgNA], unassigned_info[[reason=INDEX_CREATED], at[2016-04-18T07:04:30.382Z]]
--------[test][0], node[UOcNf_NsQdaP7Ug0iBP3sA], [R], v[2], s[INITIALIZING], a[id=jZ1thaZxQgKjLy0g92V4Vg], unassigned_info[[reason=INDEX_CREATED], at[2016-04-18T07:04:30.382Z]]

routing_nodes:
-----node_id[IMl99BG9Q_KrajZjP3Yx-g][V]
--------[test][0], node[IMl99BG9Q_KrajZjP3Yx-g], [P], v[2], s[STARTED], a[id=YdqXXhwIRLmriuxWMUoqvA]
-----node_id[pRJUXGfrSTKvMfhmUdh1lg][V]
--------[test][0], node[pRJUXGfrSTKvMfhmUdh1lg], [R], v[2], s[INITIALIZING], a[id=nnYCl-aETwisWdJ34DxgNA], unassigned_info[[reason=INDEX_CREATED], at[2016-04-18T07:04:30.382Z]]
-----node_id[UOcNf_NsQdaP7Ug0iBP3sA][V]
--------[test][0], node[UOcNf_NsQdaP7Ug0iBP3sA], [R], v[2], s[INITIALIZING], a[id=jZ1thaZxQgKjLy0g92V4Vg], unassigned_info[[reason=INDEX_CREATED], at[2016-04-18T07:04:30.382Z]]
---- unassigned

[2016-04-18 03:04:30,460][DEBUG][org.elasticsearch.cluster.service] [node_t2] publishing cluster state version [4]
[2016-04-18 03:04:30,461][TRACE][org.elasticsearch.cluster.service] [node_t0] will process [zen-disco-receive(from master [master {node_t2}{IMl99BG9Q_KrajZjP3Yx-g}{127.0.0.1}{127.0.0.1:30235}[mode=>network] committed version [4]])]
[2016-04-18 03:04:30,461][TRACE][org.elasticsearch.cluster.service] [node_t1] will process [zen-disco-receive(from master [master {node_t2}{IMl99BG9Q_KrajZjP3Yx-g}{127.0.0.1}{127.0.0.1:30235}[mode=>network] committed version [4]])]
[2016-04-18 03:04:30,461][DEBUG][org.elasticsearch.cluster.service] [node_t1] processing [zen-disco-receive(from master [master {node_t2}{IMl99BG9Q_KrajZjP3Yx-g}{127.0.0.1}{127.0.0.1:30235}[mode=>network] committed version [4]])]: execute
[2016-04-18 03:04:30,462][TRACE][org.elasticsearch.cluster.service] [node_t1] cluster state updated, source [zen-disco-receive(from master [master {node_t2}{IMl99BG9Q_KrajZjP3Yx-g}{127.0.0.1}{127.0.0.1:30235}[mode=>network] committed version [4]])]
version: 4
state uuid: dzbzReUBRmeibJae0Sd6kg
from_diff: false
meta data version: 3
nodes: 
   {node_t1}{pRJUXGfrSTKvMfhmUdh1lg}{127.0.0.1}{127.0.0.1:30234}[mode=>network], local
   {node_t0}{UOcNf_NsQdaP7Ug0iBP3sA}{127.0.0.1}{127.0.0.1:30233}[mode=>network]
   {node_t2}{IMl99BG9Q_KrajZjP3Yx-g}{127.0.0.1}{127.0.0.1:30235}[mode=>network], master
routing_table (version 3):
-- index [test]
----shard_id [test][0]
--------[test][0], node[IMl99BG9Q_KrajZjP3Yx-g], [P], v[2], s[STARTED], a[id=YdqXXhwIRLmriuxWMUoqvA]
--------[test][0], node[pRJUXGfrSTKvMfhmUdh1lg], [R], v[2], s[INITIALIZING], a[id=nnYCl-aETwisWdJ34DxgNA], unassigned_info[[reason=INDEX_CREATED], at[2016-04-18T07:04:30.382Z]]
--------[test][0], node[UOcNf_NsQdaP7Ug0iBP3sA], [R], v[2], s[INITIALIZING], a[id=jZ1thaZxQgKjLy0g92V4Vg], unassigned_info[[reason=INDEX_CREATED], at[2016-04-18T07:04:30.382Z]]

routing_nodes:
-----node_id[IMl99BG9Q_KrajZjP3Yx-g][V]
--------[test][0], node[IMl99BG9Q_KrajZjP3Yx-g], [P], v[2], s[STARTED], a[id=YdqXXhwIRLmriuxWMUoqvA]
-----node_id[pRJUXGfrSTKvMfhmUdh1lg][V]
--------[test][0], node[pRJUXGfrSTKvMfhmUdh1lg], [R], v[2], s[INITIALIZING], a[id=nnYCl-aETwisWdJ34DxgNA], unassigned_info[[reason=INDEX_CREATED], at[2016-04-18T07:04:30.382Z]]
-----node_id[UOcNf_NsQdaP7Ug0iBP3sA][V]
--------[test][0], node[UOcNf_NsQdaP7Ug0iBP3sA], [R], v[2], s[INITIALIZING], a[id=jZ1thaZxQgKjLy0g92V4Vg], unassigned_info[[reason=INDEX_CREATED], at[2016-04-18T07:04:30.382Z]]
---- unassigned

[2016-04-18 03:04:30,462][DEBUG][org.elasticsearch.cluster.service] [node_t1] set local cluster state to version 4
[2016-04-18 03:04:30,461][DEBUG][org.elasticsearch.cluster.service] [node_t0] processing [zen-disco-receive(from master [master {node_t2}{IMl99BG9Q_KrajZjP3Yx-g}{127.0.0.1}{127.0.0.1:30235}[mode=>network] committed version [4]])]: execute
[2016-04-18 03:04:30,463][TRACE][org.elasticsearch.cluster.service] [node_t0] cluster state updated, source [zen-disco-receive(from master [master {node_t2}{IMl99BG9Q_KrajZjP3Yx-g}{127.0.0.1}{127.0.0.1:30235}[mode=>network] committed version [4]])]
version: 4
state uuid: dzbzReUBRmeibJae0Sd6kg
from_diff: false
meta data version: 3
nodes: 
   {node_t1}{pRJUXGfrSTKvMfhmUdh1lg}{127.0.0.1}{127.0.0.1:30234}[mode=>network]
   {node_t0}{UOcNf_NsQdaP7Ug0iBP3sA}{127.0.0.1}{127.0.0.1:30233}[mode=>network], local
   {node_t2}{IMl99BG9Q_KrajZjP3Yx-g}{127.0.0.1}{127.0.0.1:30235}[mode=>network], master
routing_table (version 3):
-- index [test]
----shard_id [test][0]
--------[test][0], node[IMl99BG9Q_KrajZjP3Yx-g], [P], v[2], s[STARTED], a[id=YdqXXhwIRLmriuxWMUoqvA]
--------[test][0], node[pRJUXGfrSTKvMfhmUdh1lg], [R], v[2], s[INITIALIZING], a[id=nnYCl-aETwisWdJ34DxgNA], unassigned_info[[reason=INDEX_CREATED], at[2016-04-18T07:04:30.382Z]]
--------[test][0], node[UOcNf_NsQdaP7Ug0iBP3sA], [R], v[2], s[INITIALIZING], a[id=jZ1thaZxQgKjLy0g92V4Vg], unassigned_info[[reason=INDEX_CREATED], at[2016-04-18T07:04:30.382Z]]

routing_nodes:
-----node_id[IMl99BG9Q_KrajZjP3Yx-g][V]
--------[test][0], node[IMl99BG9Q_KrajZjP3Yx-g], [P], v[2], s[STARTED], a[id=YdqXXhwIRLmriuxWMUoqvA]
-----node_id[pRJUXGfrSTKvMfhmUdh1lg][V]
--------[test][0], node[pRJUXGfrSTKvMfhmUdh1lg], [R], v[2], s[INITIALIZING], a[id=nnYCl-aETwisWdJ34DxgNA], unassigned_info[[reason=INDEX_CREATED], at[2016-04-18T07:04:30.382Z]]
-----node_id[UOcNf_NsQdaP7Ug0iBP3sA][V]
--------[test][0], node[UOcNf_NsQdaP7Ug0iBP3sA], [R], v[2], s[INITIALIZING], a[id=jZ1thaZxQgKjLy0g92V4Vg], unassigned_info[[reason=INDEX_CREATED], at[2016-04-18T07:04:30.382Z]]
---- unassigned

[2016-04-18 03:04:30,463][DEBUG][org.elasticsearch.cluster.service] [node_t0] set local cluster state to version 4
[2016-04-18 03:04:30,467][DEBUG][org.elasticsearch.cluster.service] [node_t1] processing [zen-disco-receive(from master [master {node_t2}{IMl99BG9Q_KrajZjP3Yx-g}{127.0.0.1}{127.0.0.1:30235}[mode=>network] committed version [4]])]: took 5ms done applying updated cluster_state (version: 4, uuid: dzbzReUBRmeibJae0Sd6kg)
[2016-04-18 03:04:30,468][DEBUG][org.elasticsearch.cluster.service] [node_t0] processing [zen-disco-receive(from master [master {node_t2}{IMl99BG9Q_KrajZjP3Yx-g}{127.0.0.1}{127.0.0.1:30235}[mode=>network] committed version [4]])]: took 5ms done applying updated cluster_state (version: 4, uuid: dzbzReUBRmeibJae0Sd6kg)
[2016-04-18 03:04:30,468][DEBUG][org.elasticsearch.cluster.service] [node_t2] set local cluster state to version 4
[2016-04-18 03:04:30,471][DEBUG][org.elasticsearch.cluster.service] [node_t2] processing [shard-started ([test][0], node[IMl99BG9Q_KrajZjP3Yx-g], [P], v[1], s[INITIALIZING], a[id=YdqXXhwIRLmriuxWMUoqvA], unassigned_info[[reason=INDEX_CREATED], at[2016-04-18T07:04:30.382Z]]), reason [after recovery from store]]: took 11ms done applying updated cluster_state (version: 4, uuid: dzbzReUBRmeibJae0Sd6kg)
[2016-04-18 03:04:30,506][TRACE][org.elasticsearch.cluster.service] [node_t2] will process [shard-started ([test][0], node[pRJUXGfrSTKvMfhmUdh1lg], [R], v[2], s[INITIALIZING], a[id=nnYCl-aETwisWdJ34DxgNA], unassigned_info[[reason=INDEX_CREATED], at[2016-04-18T07:04:30.382Z]]), reason [after recovery (replica) from node [{node_t2}{IMl99BG9Q_KrajZjP3Yx-g}{127.0.0.1}{127.0.0.1:30235}[mode=>network]]]]
[2016-04-18 03:04:30,506][DEBUG][org.elasticsearch.cluster.service] [node_t2] processing [shard-started ([test][0], node[pRJUXGfrSTKvMfhmUdh1lg], [R], v[2], s[INITIALIZING], a[id=nnYCl-aETwisWdJ34DxgNA], unassigned_info[[reason=INDEX_CREATED], at[2016-04-18T07:04:30.382Z]]), reason [after recovery (replica) from node [{node_t2}{IMl99BG9Q_KrajZjP3Yx-g}{127.0.0.1}{127.0.0.1:30235}[mode=>network]]]]: execute
[2016-04-18 03:04:30,506][TRACE][org.elasticsearch.cluster.service] [node_t2] cluster state updated, source [shard-started ([test][0], node[pRJUXGfrSTKvMfhmUdh1lg], [R], v[2], s[INITIALIZING], a[id=nnYCl-aETwisWdJ34DxgNA], unassigned_info[[reason=INDEX_CREATED], at[2016-04-18T07:04:30.382Z]]), reason [after recovery (replica) from node [{node_t2}{IMl99BG9Q_KrajZjP3Yx-g}{127.0.0.1}{127.0.0.1:30235}[mode=>network]]]]
version: 5
state uuid: tXtmYf4MRtKcZHWq2GbCLg
from_diff: false
meta data version: 4
nodes: 
   {node_t1}{pRJUXGfrSTKvMfhmUdh1lg}{127.0.0.1}{127.0.0.1:30234}[mode=>network]
   {node_t0}{UOcNf_NsQdaP7Ug0iBP3sA}{127.0.0.1}{127.0.0.1:30233}[mode=>network]
   {node_t2}{IMl99BG9Q_KrajZjP3Yx-g}{127.0.0.1}{127.0.0.1:30235}[mode=>network], local, master
routing_table (version 4):
-- index [test]
----shard_id [test][0]
--------[test][0], node[IMl99BG9Q_KrajZjP3Yx-g], [P], v[3], s[STARTED], a[id=YdqXXhwIRLmriuxWMUoqvA]
--------[test][0], node[pRJUXGfrSTKvMfhmUdh1lg], [R], v[3], s[STARTED], a[id=nnYCl-aETwisWdJ34DxgNA]
--------[test][0], node[UOcNf_NsQdaP7Ug0iBP3sA], [R], v[3], s[INITIALIZING], a[id=jZ1thaZxQgKjLy0g92V4Vg], unassigned_info[[reason=INDEX_CREATED], at[2016-04-18T07:04:30.382Z]]

routing_nodes:
-----node_id[IMl99BG9Q_KrajZjP3Yx-g][V]
--------[test][0], node[IMl99BG9Q_KrajZjP3Yx-g], [P], v[3], s[STARTED], a[id=YdqXXhwIRLmriuxWMUoqvA]
-----node_id[pRJUXGfrSTKvMfhmUdh1lg][V]
--------[test][0], node[pRJUXGfrSTKvMfhmUdh1lg], [R], v[3], s[STARTED], a[id=nnYCl-aETwisWdJ34DxgNA]
-----node_id[UOcNf_NsQdaP7Ug0iBP3sA][V]
--------[test][0], node[UOcNf_NsQdaP7Ug0iBP3sA], [R], v[3], s[INITIALIZING], a[id=jZ1thaZxQgKjLy0g92V4Vg], unassigned_info[[reason=INDEX_CREATED], at[2016-04-18T07:04:30.382Z]]
---- unassigned

[2016-04-18 03:04:30,506][DEBUG][org.elasticsearch.cluster.service] [node_t2] publishing cluster state version [5]
[2016-04-18 03:04:30,507][TRACE][org.elasticsearch.cluster.service] [node_t0] will process [zen-disco-receive(from master [master {node_t2}{IMl99BG9Q_KrajZjP3Yx-g}{127.0.0.1}{127.0.0.1:30235}[mode=>network] committed version [5]])]
[2016-04-18 03:04:30,507][TRACE][org.elasticsearch.cluster.service] [node_t1] will process [zen-disco-receive(from master [master {node_t2}{IMl99BG9Q_KrajZjP3Yx-g}{127.0.0.1}{127.0.0.1:30235}[mode=>network] committed version [5]])]
[2016-04-18 03:04:30,507][DEBUG][org.elasticsearch.cluster.service] [node_t0] processing [zen-disco-receive(from master [master {node_t2}{IMl99BG9Q_KrajZjP3Yx-g}{127.0.0.1}{127.0.0.1:30235}[mode=>network] committed version [5]])]: execute
[2016-04-18 03:04:30,507][DEBUG][org.elasticsearch.cluster.service] [node_t1] processing [zen-disco-receive(from master [master {node_t2}{IMl99BG9Q_KrajZjP3Yx-g}{127.0.0.1}{127.0.0.1:30235}[mode=>network] committed version [5]])]: execute
[2016-04-18 03:04:30,507][TRACE][org.elasticsearch.cluster.service] [node_t0] cluster state updated, source [zen-disco-receive(from master [master {node_t2}{IMl99BG9Q_KrajZjP3Yx-g}{127.0.0.1}{127.0.0.1:30235}[mode=>network] committed version [5]])]
version: 5
state uuid: tXtmYf4MRtKcZHWq2GbCLg
from_diff: false
meta data version: 4
nodes: 
   {node_t1}{pRJUXGfrSTKvMfhmUdh1lg}{127.0.0.1}{127.0.0.1:30234}[mode=>network]
   {node_t0}{UOcNf_NsQdaP7Ug0iBP3sA}{127.0.0.1}{127.0.0.1:30233}[mode=>network], local
   {node_t2}{IMl99BG9Q_KrajZjP3Yx-g}{127.0.0.1}{127.0.0.1:30235}[mode=>network], master
routing_table (version 4):
-- index [test]
----shard_id [test][0]
--------[test][0], node[IMl99BG9Q_KrajZjP3Yx-g], [P], v[3], s[STARTED], a[id=YdqXXhwIRLmriuxWMUoqvA]
--------[test][0], node[pRJUXGfrSTKvMfhmUdh1lg], [R], v[3], s[STARTED], a[id=nnYCl-aETwisWdJ34DxgNA]
--------[test][0], node[UOcNf_NsQdaP7Ug0iBP3sA], [R], v[3], s[INITIALIZING], a[id=jZ1thaZxQgKjLy0g92V4Vg], unassigned_info[[reason=INDEX_CREATED], at[2016-04-18T07:04:30.382Z]]

routing_nodes:
-----node_id[IMl99BG9Q_KrajZjP3Yx-g][V]
--------[test][0], node[IMl99BG9Q_KrajZjP3Yx-g], [P], v[3], s[STARTED], a[id=YdqXXhwIRLmriuxWMUoqvA]
-----node_id[pRJUXGfrSTKvMfhmUdh1lg][V]
--------[test][0], node[pRJUXGfrSTKvMfhmUdh1lg], [R], v[3], s[STARTED], a[id=nnYCl-aETwisWdJ34DxgNA]
-----node_id[UOcNf_NsQdaP7Ug0iBP3sA][V]
--------[test][0], node[UOcNf_NsQdaP7Ug0iBP3sA], [R], v[3], s[INITIALIZING], a[id=jZ1thaZxQgKjLy0g92V4Vg], unassigned_info[[reason=INDEX_CREATED], at[2016-04-18T07:04:30.382Z]]
---- unassigned

[2016-04-18 03:04:30,507][DEBUG][org.elasticsearch.cluster.service] [node_t0] set local cluster state to version 5
[2016-04-18 03:04:30,507][TRACE][org.elasticsearch.cluster.service] [node_t1] cluster state updated, source [zen-disco-receive(from master [master {node_t2}{IMl99BG9Q_KrajZjP3Yx-g}{127.0.0.1}{127.0.0.1:30235}[mode=>network] committed version [5]])]
version: 5
state uuid: tXtmYf4MRtKcZHWq2GbCLg
from_diff: false
meta data version: 4
nodes: 
   {node_t1}{pRJUXGfrSTKvMfhmUdh1lg}{127.0.0.1}{127.0.0.1:30234}[mode=>network], local
   {node_t0}{UOcNf_NsQdaP7Ug0iBP3sA}{127.0.0.1}{127.0.0.1:30233}[mode=>network]
   {node_t2}{IMl99BG9Q_KrajZjP3Yx-g}{127.0.0.1}{127.0.0.1:30235}[mode=>network], master
routing_table (version 4):
-- index [test]
----shard_id [test][0]
--------[test][0], node[IMl99BG9Q_KrajZjP3Yx-g], [P], v[3], s[STARTED], a[id=YdqXXhwIRLmriuxWMUoqvA]
--------[test][0], node[pRJUXGfrSTKvMfhmUdh1lg], [R], v[3], s[STARTED], a[id=nnYCl-aETwisWdJ34DxgNA]
--------[test][0], node[UOcNf_NsQdaP7Ug0iBP3sA], [R], v[3], s[INITIALIZING], a[id=jZ1thaZxQgKjLy0g92V4Vg], unassigned_info[[reason=INDEX_CREATED], at[2016-04-18T07:04:30.382Z]]

routing_nodes:
-----node_id[IMl99BG9Q_KrajZjP3Yx-g][V]
--------[test][0], node[IMl99BG9Q_KrajZjP3Yx-g], [P], v[3], s[STARTED], a[id=YdqXXhwIRLmriuxWMUoqvA]
-----node_id[pRJUXGfrSTKvMfhmUdh1lg][V]
--------[test][0], node[pRJUXGfrSTKvMfhmUdh1lg], [R], v[3], s[STARTED], a[id=nnYCl-aETwisWdJ34DxgNA]
-----node_id[UOcNf_NsQdaP7Ug0iBP3sA][V]
--------[test][0], node[UOcNf_NsQdaP7Ug0iBP3sA], [R], v[3], s[INITIALIZING], a[id=jZ1thaZxQgKjLy0g92V4Vg], unassigned_info[[reason=INDEX_CREATED], at[2016-04-18T07:04:30.382Z]]
---- unassigned

[2016-04-18 03:04:30,508][DEBUG][org.elasticsearch.cluster.service] [node_t1] set local cluster state to version 5
[2016-04-18 03:04:30,509][DEBUG][org.elasticsearch.cluster.service] [node_t0] processing [zen-disco-receive(from master [master {node_t2}{IMl99BG9Q_KrajZjP3Yx-g}{127.0.0.1}{127.0.0.1:30235}[mode=>network] committed version [5]])]: took 2ms done applying updated cluster_state (version: 5, uuid: tXtmYf4MRtKcZHWq2GbCLg)
[2016-04-18 03:04:30,511][DEBUG][org.elasticsearch.cluster.service] [node_t1] processing [zen-disco-receive(from master [master {node_t2}{IMl99BG9Q_KrajZjP3Yx-g}{127.0.0.1}{127.0.0.1:30235}[mode=>network] committed version [5]])]: took 3ms done applying updated cluster_state (version: 5, uuid: tXtmYf4MRtKcZHWq2GbCLg)
[2016-04-18 03:04:30,511][DEBUG][org.elasticsearch.cluster.service] [node_t2] set local cluster state to version 5
[2016-04-18 03:04:30,515][DEBUG][org.elasticsearch.cluster.service] [node_t2] processing [shard-started ([test][0], node[pRJUXGfrSTKvMfhmUdh1lg], [R], v[2], s[INITIALIZING], a[id=nnYCl-aETwisWdJ34DxgNA], unassigned_info[[reason=INDEX_CREATED], at[2016-04-18T07:04:30.382Z]]), reason [after recovery (replica) from node [{node_t2}{IMl99BG9Q_KrajZjP3Yx-g}{127.0.0.1}{127.0.0.1:30235}[mode=>network]]]]: took 8ms done applying updated cluster_state (version: 5, uuid: tXtmYf4MRtKcZHWq2GbCLg)
[2016-04-18 03:04:30,515][TRACE][org.elasticsearch.cluster.service] [node_t2] will process [shard-started ([test][0], node[UOcNf_NsQdaP7Ug0iBP3sA], [R], v[2], s[INITIALIZING], a[id=jZ1thaZxQgKjLy0g92V4Vg], unassigned_info[[reason=INDEX_CREATED], at[2016-04-18T07:04:30.382Z]]), reason [after recovery (replica) from node [{node_t2}{IMl99BG9Q_KrajZjP3Yx-g}{127.0.0.1}{127.0.0.1:30235}[mode=>network]]]]
[2016-04-18 03:04:30,515][TRACE][org.elasticsearch.cluster.service] [node_t2] will process [shard-started ([test][0], node[UOcNf_NsQdaP7Ug0iBP3sA], [R], v[3], s[INITIALIZING], a[id=jZ1thaZxQgKjLy0g92V4Vg], unassigned_info[[reason=INDEX_CREATED], at[2016-04-18T07:04:30.382Z]]), reason [master {node_t2}{IMl99BG9Q_KrajZjP3Yx-g}{127.0.0.1}{127.0.0.1:30235}[mode=>network] marked shard as initializing, but shard state is [POST_RECOVERY], mark shard as started]]
[2016-04-18 03:04:30,515][DEBUG][org.elasticsearch.cluster.service] [node_t2] processing [shard-started ([test][0], node[UOcNf_NsQdaP7Ug0iBP3sA], [R], v[2], s[INITIALIZING], a[id=jZ1thaZxQgKjLy0g92V4Vg], unassigned_info[[reason=INDEX_CREATED], at[2016-04-18T07:04:30.382Z]]), reason [after recovery (replica) from node [{node_t2}{IMl99BG9Q_KrajZjP3Yx-g}{127.0.0.1}{127.0.0.1:30235}[mode=>network]]],shard-started ([test][0], node[UOcNf_NsQdaP7Ug0iBP3sA], [R], v[3], s[INITIALIZING], a[id=jZ1thaZxQgKjLy0g92V4Vg], unassigned_info[[reason=INDEX_CREATED], at[2016-04-18T07:04:30.382Z]]), reason [master {node_t2}{IMl99BG9Q_KrajZjP3Yx-g}{127.0.0.1}{127.0.0.1:30235}[mode=>network] marked shard as initializing, but shard state is [POST_RECOVERY], mark shard as started]]: execute
[2016-04-18 03:04:30,515][TRACE][org.elasticsearch.cluster.service] [node_t2] cluster state updated, source [shard-started ([test][0], node[UOcNf_NsQdaP7Ug0iBP3sA], [R], v[2], s[INITIALIZING], a[id=jZ1thaZxQgKjLy0g92V4Vg], unassigned_info[[reason=INDEX_CREATED], at[2016-04-18T07:04:30.382Z]]), reason [after recovery (replica) from node [{node_t2}{IMl99BG9Q_KrajZjP3Yx-g}{127.0.0.1}{127.0.0.1:30235}[mode=>network]]],shard-started ([test][0], node[UOcNf_NsQdaP7Ug0iBP3sA], [R], v[3], s[INITIALIZING], a[id=jZ1thaZxQgKjLy0g92V4Vg], unassigned_info[[reason=INDEX_CREATED], at[2016-04-18T07:04:30.382Z]]), reason [master {node_t2}{IMl99BG9Q_KrajZjP3Yx-g}{127.0.0.1}{127.0.0.1:30235}[mode=>network] marked shard as initializing, but shard state is [POST_RECOVERY], mark shard as started]]
version: 6
state uuid: 62p5TbdZTxmxmY2fgZ-bdw
from_diff: false
meta data version: 5
nodes: 
   {node_t1}{pRJUXGfrSTKvMfhmUdh1lg}{127.0.0.1}{127.0.0.1:30234}[mode=>network]
   {node_t0}{UOcNf_NsQdaP7Ug0iBP3sA}{127.0.0.1}{127.0.0.1:30233}[mode=>network]
   {node_t2}{IMl99BG9Q_KrajZjP3Yx-g}{127.0.0.1}{127.0.0.1:30235}[mode=>network], local, master
routing_table (version 5):
-- index [test]
----shard_id [test][0]
--------[test][0], node[IMl99BG9Q_KrajZjP3Yx-g], [P], v[4], s[STARTED], a[id=YdqXXhwIRLmriuxWMUoqvA]
--------[test][0], node[pRJUXGfrSTKvMfhmUdh1lg], [R], v[4], s[STARTED], a[id=nnYCl-aETwisWdJ34DxgNA]
--------[test][0], node[UOcNf_NsQdaP7Ug0iBP3sA], [R], v[4], s[STARTED], a[id=jZ1thaZxQgKjLy0g92V4Vg]

routing_nodes:
-----node_id[IMl99BG9Q_KrajZjP3Yx-g][V]
--------[test][0], node[IMl99BG9Q_KrajZjP3Yx-g], [P], v[4], s[STARTED], a[id=YdqXXhwIRLmriuxWMUoqvA]
-----node_id[pRJUXGfrSTKvMfhmUdh1lg][V]
--------[test][0], node[pRJUXGfrSTKvMfhmUdh1lg], [R], v[4], s[STARTED], a[id=nnYCl-aETwisWdJ34DxgNA]
-----node_id[UOcNf_NsQdaP7Ug0iBP3sA][V]
--------[test][0], node[UOcNf_NsQdaP7Ug0iBP3sA], [R], v[4], s[STARTED], a[id=jZ1thaZxQgKjLy0g92V4Vg]
---- unassigned

[2016-04-18 03:04:30,515][DEBUG][org.elasticsearch.cluster.service] [node_t2] publishing cluster state version [6]
[2016-04-18 03:04:30,516][TRACE][org.elasticsearch.cluster.service] [node_t0] will process [zen-disco-receive(from master [master {node_t2}{IMl99BG9Q_KrajZjP3Yx-g}{127.0.0.1}{127.0.0.1:30235}[mode=>network] committed version [6]])]
[2016-04-18 03:04:30,516][DEBUG][org.elasticsearch.cluster.service] [node_t0] processing [zen-disco-receive(from master [master {node_t2}{IMl99BG9Q_KrajZjP3Yx-g}{127.0.0.1}{127.0.0.1:30235}[mode=>network] committed version [6]])]: execute
[2016-04-18 03:04:30,516][TRACE][org.elasticsearch.cluster.service] [node_t0] cluster state updated, source [zen-disco-receive(from master [master {node_t2}{IMl99BG9Q_KrajZjP3Yx-g}{127.0.0.1}{127.0.0.1:30235}[mode=>network] committed version [6]])]
version: 6
state uuid: 62p5TbdZTxmxmY2fgZ-bdw
from_diff: false
meta data version: 5
nodes: 
   {node_t1}{pRJUXGfrSTKvMfhmUdh1lg}{127.0.0.1}{127.0.0.1:30234}[mode=>network]
   {node_t0}{UOcNf_NsQdaP7Ug0iBP3sA}{127.0.0.1}{127.0.0.1:30233}[mode=>network], local
   {node_t2}{IMl99BG9Q_KrajZjP3Yx-g}{127.0.0.1}{127.0.0.1:30235}[mode=>network], master
routing_table (version 5):
-- index [test]
----shard_id [test][0]
--------[test][0], node[IMl99BG9Q_KrajZjP3Yx-g], [P], v[4], s[STARTED], a[id=YdqXXhwIRLmriuxWMUoqvA]
--------[test][0], node[pRJUXGfrSTKvMfhmUdh1lg], [R], v[4], s[STARTED], a[id=nnYCl-aETwisWdJ34DxgNA]
--------[test][0], node[UOcNf_NsQdaP7Ug0iBP3sA], [R], v[4], s[STARTED], a[id=jZ1thaZxQgKjLy0g92V4Vg]

routing_nodes:
-----node_id[IMl99BG9Q_KrajZjP3Yx-g][V]
--------[test][0], node[IMl99BG9Q_KrajZjP3Yx-g], [P], v[4], s[STARTED], a[id=YdqXXhwIRLmriuxWMUoqvA]
-----node_id[pRJUXGfrSTKvMfhmUdh1lg][V]
--------[test][0], node[pRJUXGfrSTKvMfhmUdh1lg], [R], v[4], s[STARTED], a[id=nnYCl-aETwisWdJ34DxgNA]
-----node_id[UOcNf_NsQdaP7Ug0iBP3sA][V]
--------[test][0], node[UOcNf_NsQdaP7Ug0iBP3sA], [R], v[4], s[STARTED], a[id=jZ1thaZxQgKjLy0g92V4Vg]
---- unassigned

[2016-04-18 03:04:30,516][DEBUG][org.elasticsearch.cluster.service] [node_t0] set local cluster state to version 6
[2016-04-18 03:04:30,516][TRACE][org.elasticsearch.cluster.service] [node_t1] will process [zen-disco-receive(from master [master {node_t2}{IMl99BG9Q_KrajZjP3Yx-g}{127.0.0.1}{127.0.0.1:30235}[mode=>network] committed version [6]])]
[2016-04-18 03:04:30,517][DEBUG][org.elasticsearch.cluster.service] [node_t1] processing [zen-disco-receive(from master [master {node_t2}{IMl99BG9Q_KrajZjP3Yx-g}{127.0.0.1}{127.0.0.1:30235}[mode=>network] committed version [6]])]: execute
[2016-04-18 03:04:30,517][TRACE][org.elasticsearch.cluster.service] [node_t1] cluster state updated, source [zen-disco-receive(from master [master {node_t2}{IMl99BG9Q_KrajZjP3Yx-g}{127.0.0.1}{127.0.0.1:30235}[mode=>network] committed version [6]])]
version: 6
state uuid: 62p5TbdZTxmxmY2fgZ-bdw
from_diff: false
meta data version: 5
nodes: 
   {node_t1}{pRJUXGfrSTKvMfhmUdh1lg}{127.0.0.1}{127.0.0.1:30234}[mode=>network], local
   {node_t0}{UOcNf_NsQdaP7Ug0iBP3sA}{127.0.0.1}{127.0.0.1:30233}[mode=>network]
   {node_t2}{IMl99BG9Q_KrajZjP3Yx-g}{127.0.0.1}{127.0.0.1:30235}[mode=>network], master
routing_table (version 5):
-- index [test]
----shard_id [test][0]
--------[test][0], node[IMl99BG9Q_KrajZjP3Yx-g], [P], v[4], s[STARTED], a[id=YdqXXhwIRLmriuxWMUoqvA]
--------[test][0], node[pRJUXGfrSTKvMfhmUdh1lg], [R], v[4], s[STARTED], a[id=nnYCl-aETwisWdJ34DxgNA]
--------[test][0], node[UOcNf_NsQdaP7Ug0iBP3sA], [R], v[4], s[STARTED], a[id=jZ1thaZxQgKjLy0g92V4Vg]

routing_nodes:
-----node_id[IMl99BG9Q_KrajZjP3Yx-g][V]
--------[test][0], node[IMl99BG9Q_KrajZjP3Yx-g], [P], v[4], s[STARTED], a[id=YdqXXhwIRLmriuxWMUoqvA]
-----node_id[pRJUXGfrSTKvMfhmUdh1lg][V]
--------[test][0], node[pRJUXGfrSTKvMfhmUdh1lg], [R], v[4], s[STARTED], a[id=nnYCl-aETwisWdJ34DxgNA]
-----node_id[UOcNf_NsQdaP7Ug0iBP3sA][V]
--------[test][0], node[UOcNf_NsQdaP7Ug0iBP3sA], [R], v[4], s[STARTED], a[id=jZ1thaZxQgKjLy0g92V4Vg]
---- unassigned

[2016-04-18 03:04:30,517][DEBUG][org.elasticsearch.cluster.service] [node_t1] set local cluster state to version 6
[2016-04-18 03:04:30,519][DEBUG][org.elasticsearch.cluster.service] [node_t0] processing [zen-disco-receive(from master [master {node_t2}{IMl99BG9Q_KrajZjP3Yx-g}{127.0.0.1}{127.0.0.1:30235}[mode=>network] committed version [6]])]: took 3ms done applying updated cluster_state (version: 6, uuid: 62p5TbdZTxmxmY2fgZ-bdw)
[2016-04-18 03:04:30,520][DEBUG][org.elasticsearch.cluster.service] [node_t1] processing [zen-disco-receive(from master [master {node_t2}{IMl99BG9Q_KrajZjP3Yx-g}{127.0.0.1}{127.0.0.1:30235}[mode=>network] committed version [6]])]: took 3ms done applying updated cluster_state (version: 6, uuid: 62p5TbdZTxmxmY2fgZ-bdw)
[2016-04-18 03:04:30,520][DEBUG][org.elasticsearch.cluster.service] [node_t2] set local cluster state to version 6
[2016-04-18 03:04:30,524][DEBUG][org.elasticsearch.cluster.service] [node_t2] processing [shard-started ([test][0], node[UOcNf_NsQdaP7Ug0iBP3sA], [R], v[2], s[INITIALIZING], a[id=jZ1thaZxQgKjLy0g92V4Vg], unassigned_info[[reason=INDEX_CREATED], at[2016-04-18T07:04:30.382Z]]), reason [after recovery (replica) from node [{node_t2}{IMl99BG9Q_KrajZjP3Yx-g}{127.0.0.1}{127.0.0.1:30235}[mode=>network]]],shard-started ([test][0], node[UOcNf_NsQdaP7Ug0iBP3sA], [R], v[3], s[INITIALIZING], a[id=jZ1thaZxQgKjLy0g92V4Vg], unassigned_info[[reason=INDEX_CREATED], at[2016-04-18T07:04:30.382Z]]), reason [master {node_t2}{IMl99BG9Q_KrajZjP3Yx-g}{127.0.0.1}{127.0.0.1:30235}[mode=>network] marked shard as initializing, but shard state is [POST_RECOVERY], mark shard as started]]: took 8ms done applying updated cluster_state (version: 6, uuid: 62p5TbdZTxmxmY2fgZ-bdw)
[2016-04-18 03:04:32,374][TRACE][org.elasticsearch.cluster.service] [node_t2] will process [zen-disco-node_failed({node_t1}{pRJUXGfrSTKvMfhmUdh1lg}{127.0.0.1}{127.0.0.1:30234}[mode=>network]), reason failed to ping, tried [1] times, each with maximum [1s] timeout]
[2016-04-18 03:04:32,374][TRACE][org.elasticsearch.cluster.service] [node_t0] will process [zen-disco-master_failed ({node_t2}{IMl99BG9Q_KrajZjP3Yx-g}{127.0.0.1}{127.0.0.1:30235}[mode=>network])]
[2016-04-18 03:04:32,374][DEBUG][org.elasticsearch.cluster.service] [node_t0] processing [zen-disco-master_failed ({node_t2}{IMl99BG9Q_KrajZjP3Yx-g}{127.0.0.1}{127.0.0.1:30235}[mode=>network])]: execute
[2016-04-18 03:04:32,374][DEBUG][org.elasticsearch.cluster.service] [node_t2] processing [zen-disco-node_failed({node_t1}{pRJUXGfrSTKvMfhmUdh1lg}{127.0.0.1}{127.0.0.1:30234}[mode=>network]), reason failed to ping, tried [1] times, each with maximum [1s] timeout]: execute
[2016-04-18 03:04:32,374][WARN ][org.elasticsearch.discovery.zen] [node_t0] master left (reason = failed to ping, tried [1] times, each with  maximum [1s] timeout), current nodes: {{node_t1}{pRJUXGfrSTKvMfhmUdh1lg}{127.0.0.1}{127.0.0.1:30234}[mode=>network],{node_t0}{UOcNf_NsQdaP7Ug0iBP3sA}{127.0.0.1}{127.0.0.1:30233}[mode=>network],}
[2016-04-18 03:04:32,374][TRACE][org.elasticsearch.cluster.service] [node_t0] cluster state updated, source [zen-disco-master_failed ({node_t2}{IMl99BG9Q_KrajZjP3Yx-g}{127.0.0.1}{127.0.0.1:30235}[mode=>network])]
version: 6
state uuid: 62p5TbdZTxmxmY2fgZ-bdw
from_diff: false
meta data version: 5
blocks: 
   _global_:
      2,no master, blocks WRITE,METADATA_WRITE
nodes: 
   {node_t1}{pRJUXGfrSTKvMfhmUdh1lg}{127.0.0.1}{127.0.0.1:30234}[mode=>network]
   {node_t0}{UOcNf_NsQdaP7Ug0iBP3sA}{127.0.0.1}{127.0.0.1:30233}[mode=>network], local
routing_table (version 5):
-- index [test]
----shard_id [test][0]
--------[test][0], node[IMl99BG9Q_KrajZjP3Yx-g], [P], v[4], s[STARTED], a[id=YdqXXhwIRLmriuxWMUoqvA]
--------[test][0], node[pRJUXGfrSTKvMfhmUdh1lg], [R], v[4], s[STARTED], a[id=nnYCl-aETwisWdJ34DxgNA]
--------[test][0], node[UOcNf_NsQdaP7Ug0iBP3sA], [R], v[4], s[STARTED], a[id=jZ1thaZxQgKjLy0g92V4Vg]

routing_nodes:
-----node_id[IMl99BG9Q_KrajZjP3Yx-g][X]
--------[test][0], node[IMl99BG9Q_KrajZjP3Yx-g], [P], v[4], s[STARTED], a[id=YdqXXhwIRLmriuxWMUoqvA]
-----node_id[pRJUXGfrSTKvMfhmUdh1lg][V]
--------[test][0], node[pRJUXGfrSTKvMfhmUdh1lg], [R], v[4], s[STARTED], a[id=nnYCl-aETwisWdJ34DxgNA]
-----node_id[UOcNf_NsQdaP7Ug0iBP3sA][V]
--------[test][0], node[UOcNf_NsQdaP7Ug0iBP3sA], [R], v[4], s[STARTED], a[id=jZ1thaZxQgKjLy0g92V4Vg]
---- unassigned

[2016-04-18 03:04:32,374][INFO ][org.elasticsearch.cluster.service] [node_t0] removed {{node_t2}{IMl99BG9Q_KrajZjP3Yx-g}{127.0.0.1}{127.0.0.1:30235}[mode=>network],}, reason: zen-disco-master_failed ({node_t2}{IMl99BG9Q_KrajZjP3Yx-g}{127.0.0.1}{127.0.0.1:30235}[mode=>network])
[2016-04-18 03:04:32,374][DEBUG][org.elasticsearch.cluster.service] [node_t0] set local cluster state to version 6
[2016-04-18 03:04:32,375][TRACE][org.elasticsearch.cluster.service] [node_t2] cluster state updated, source [zen-disco-node_failed({node_t1}{pRJUXGfrSTKvMfhmUdh1lg}{127.0.0.1}{127.0.0.1:30234}[mode=>network]), reason failed to ping, tried [1] times, each with maximum [1s] timeout]
version: 7
state uuid: kMfAR1bdQMa4Onn1nUx7vA
from_diff: false
meta data version: 6
nodes: 
   {node_t0}{UOcNf_NsQdaP7Ug0iBP3sA}{127.0.0.1}{127.0.0.1:30233}[mode=>network]
   {node_t2}{IMl99BG9Q_KrajZjP3Yx-g}{127.0.0.1}{127.0.0.1:30235}[mode=>network], local, master
routing_table (version 6):
-- index [test]
----shard_id [test][0]
--------[test][0], node[IMl99BG9Q_KrajZjP3Yx-g], [P], v[5], s[STARTED], a[id=YdqXXhwIRLmriuxWMUoqvA]
--------[test][0], node[UOcNf_NsQdaP7Ug0iBP3sA], [R], v[5], s[STARTED], a[id=jZ1thaZxQgKjLy0g92V4Vg]
--------[test][0], node[null], [R], v[5], s[UNASSIGNED], unassigned_info[[reason=NODE_LEFT], at[2016-04-18T07:04:32.374Z], details[node_left[pRJUXGfrSTKvMfhmUdh1lg]]]

routing_nodes:
-----node_id[IMl99BG9Q_KrajZjP3Yx-g][V]
--------[test][0], node[IMl99BG9Q_KrajZjP3Yx-g], [P], v[5], s[STARTED], a[id=YdqXXhwIRLmriuxWMUoqvA]
-----node_id[UOcNf_NsQdaP7Ug0iBP3sA][V]
--------[test][0], node[UOcNf_NsQdaP7Ug0iBP3sA], [R], v[5], s[STARTED], a[id=jZ1thaZxQgKjLy0g92V4Vg]
---- unassigned
--------[test][0], node[null], [R], v[5], s[UNASSIGNED], unassigned_info[[reason=NODE_LEFT], at[2016-04-18T07:04:32.374Z], details[node_left[pRJUXGfrSTKvMfhmUdh1lg]]]

[2016-04-18 03:04:32,375][INFO ][org.elasticsearch.cluster.service] [node_t2] removed {{node_t1}{pRJUXGfrSTKvMfhmUdh1lg}{127.0.0.1}{127.0.0.1:30234}[mode=>network],}, reason: zen-disco-node_failed({node_t1}{pRJUXGfrSTKvMfhmUdh1lg}{127.0.0.1}{127.0.0.1:30234}[mode=>network]), reason failed to ping, tried [1] times, each with maximum [1s] timeout
[2016-04-18 03:04:32,375][DEBUG][org.elasticsearch.cluster.service] [node_t2] publishing cluster state version [7]
[2016-04-18 03:04:32,375][TRACE][org.elasticsearch.cluster.service] [node_t1] will process [zen-disco-master_failed ({node_t2}{IMl99BG9Q_KrajZjP3Yx-g}{127.0.0.1}{127.0.0.1:30235}[mode=>network])]
[2016-04-18 03:04:32,375][DEBUG][org.elasticsearch.cluster.service] [node_t1] processing [zen-disco-master_failed ({node_t2}{IMl99BG9Q_KrajZjP3Yx-g}{127.0.0.1}{127.0.0.1:30235}[mode=>network])]: execute
[2016-04-18 03:04:32,376][WARN ][org.elasticsearch.discovery.zen] [node_t1] master left (reason = failed to ping, tried [1] times, each with  maximum [1s] timeout), current nodes: {{node_t1}{pRJUXGfrSTKvMfhmUdh1lg}{127.0.0.1}{127.0.0.1:30234}[mode=>network],{node_t0}{UOcNf_NsQdaP7Ug0iBP3sA}{127.0.0.1}{127.0.0.1:30233}[mode=>network],}
[2016-04-18 03:04:32,376][DEBUG][org.elasticsearch.cluster.service] [node_t0] processing [zen-disco-master_failed ({node_t2}{IMl99BG9Q_KrajZjP3Yx-g}{127.0.0.1}{127.0.0.1:30235}[mode=>network])]: took 1ms done applying updated cluster_state (version: 6, uuid: 62p5TbdZTxmxmY2fgZ-bdw)
[2016-04-18 03:04:32,376][TRACE][org.elasticsearch.cluster.service] [node_t1] cluster state updated, source [zen-disco-master_failed ({node_t2}{IMl99BG9Q_KrajZjP3Yx-g}{127.0.0.1}{127.0.0.1:30235}[mode=>network])]
version: 6
state uuid: 62p5TbdZTxmxmY2fgZ-bdw
from_diff: false
meta data version: 5
blocks: 
   _global_:
      2,no master, blocks WRITE,METADATA_WRITE
nodes: 
   {node_t1}{pRJUXGfrSTKvMfhmUdh1lg}{127.0.0.1}{127.0.0.1:30234}[mode=>network], local
   {node_t0}{UOcNf_NsQdaP7Ug0iBP3sA}{127.0.0.1}{127.0.0.1:30233}[mode=>network]
routing_table (version 5):
-- index [test]
----shard_id [test][0]
--------[test][0], node[IMl99BG9Q_KrajZjP3Yx-g], [P], v[4], s[STARTED], a[id=YdqXXhwIRLmriuxWMUoqvA]
--------[test][0], node[pRJUXGfrSTKvMfhmUdh1lg], [R], v[4], s[STARTED], a[id=nnYCl-aETwisWdJ34DxgNA]
--------[test][0], node[UOcNf_NsQdaP7Ug0iBP3sA], [R], v[4], s[STARTED], a[id=jZ1thaZxQgKjLy0g92V4Vg]

routing_nodes:
-----node_id[IMl99BG9Q_KrajZjP3Yx-g][X]
--------[test][0], node[IMl99BG9Q_KrajZjP3Yx-g], [P], v[4], s[STARTED], a[id=YdqXXhwIRLmriuxWMUoqvA]
-----node_id[pRJUXGfrSTKvMfhmUdh1lg][V]
--------[test][0], node[pRJUXGfrSTKvMfhmUdh1lg], [R], v[4], s[STARTED], a[id=nnYCl-aETwisWdJ34DxgNA]
-----node_id[UOcNf_NsQdaP7Ug0iBP3sA][V]
--------[test][0], node[UOcNf_NsQdaP7Ug0iBP3sA], [R], v[4], s[STARTED], a[id=jZ1thaZxQgKjLy0g92V4Vg]
---- unassigned

[2016-04-18 03:04:32,376][INFO ][org.elasticsearch.cluster.service] [node_t1] removed {{node_t2}{IMl99BG9Q_KrajZjP3Yx-g}{127.0.0.1}{127.0.0.1:30235}[mode=>network],}, reason: zen-disco-master_failed ({node_t2}{IMl99BG9Q_KrajZjP3Yx-g}{127.0.0.1}{127.0.0.1:30235}[mode=>network])
[2016-04-18 03:04:32,376][DEBUG][org.elasticsearch.cluster.service] [node_t1] set local cluster state to version 6
[2016-04-18 03:04:32,377][DEBUG][org.elasticsearch.cluster.service] [node_t1] processing [zen-disco-master_failed ({node_t2}{IMl99BG9Q_KrajZjP3Yx-g}{127.0.0.1}{127.0.0.1:30235}[mode=>network])]: took 1ms done applying updated cluster_state (version: 6, uuid: 62p5TbdZTxmxmY2fgZ-bdw)
[2016-04-18 03:04:33,380][WARN ][org.elasticsearch.cluster.service] [node_t2] failing [zen-disco-node_failed({node_t1}{pRJUXGfrSTKvMfhmUdh1lg}{127.0.0.1}{127.0.0.1:30234}[mode=>network]), reason failed to ping, tried [1] times, each with maximum [1s] timeout]: failed to commit cluster state version [7]
FailedToCommitClusterStateException[timed out while waiting for enough masters to ack sent cluster state. [1] left]
	at org.elasticsearch.discovery.zen.publish.PublishClusterStateAction$SendingController.waitForCommit(PublishClusterStateAction.java:525)
	at org.elasticsearch.discovery.zen.publish.PublishClusterStateAction.innerPublish(PublishClusterStateAction.java:189)
	at org.elasticsearch.discovery.zen.publish.PublishClusterStateAction.publish(PublishClusterStateAction.java:154)
	at org.elasticsearch.discovery.zen.ZenDiscovery.publish(ZenDiscovery.java:345)
	at sun.reflect.GeneratedMethodAccessor6.invoke(Unknown Source)
	at sun.reflect.DelegatingMethodAccessorImpl.invoke(DelegatingMethodAccessorImpl.java:43)
	at java.lang.reflect.Method.invoke(Method.java:497)
	at org.elasticsearch.common.inject.internal.ConstructionContext$DelegatingInvocationHandler.invoke(ConstructionContext.java:111)
	at com.sun.proxy.$Proxy35.publish(Unknown Source)
	at org.elasticsearch.discovery.DiscoveryService.publish(DiscoveryService.java:130)
	at org.elasticsearch.cluster.service.InternalClusterService.runTasksForExecutor(InternalClusterService.java:574)
	at org.elasticsearch.cluster.service.InternalClusterService$UpdateTask.run(InternalClusterService.java:761)
	at org.elasticsearch.common.util.concurrent.PrioritizedEsThreadPoolExecutor$TieBreakingPrioritizedRunnable.runAndClean(PrioritizedEsThreadPoolExecutor.java:231)
	at org.elasticsearch.common.util.concurrent.PrioritizedEsThreadPoolExecutor$TieBreakingPrioritizedRunnable.run(PrioritizedEsThreadPoolExecutor.java:194)
	at java.util.concurrent.ThreadPoolExecutor.runWorker(ThreadPoolExecutor.java:1142)
	at java.util.concurrent.ThreadPoolExecutor$Worker.run(ThreadPoolExecutor.java:617)
	at java.lang.Thread.run(Thread.java:745)
[2016-04-18 03:04:33,380][ERROR][org.elasticsearch.discovery.zen] [node_t2] unexpected failure during [zen-disco-node_failed({node_t1}{pRJUXGfrSTKvMfhmUdh1lg}{127.0.0.1}{127.0.0.1:30234}[mode=>network]), reason failed to ping, tried [1] times, each with maximum [1s] timeout]
FailedToCommitClusterStateException[timed out while waiting for enough masters to ack sent cluster state. [1] left]
	at org.elasticsearch.discovery.zen.publish.PublishClusterStateAction$SendingController.waitForCommit(PublishClusterStateAction.java:525)
	at org.elasticsearch.discovery.zen.publish.PublishClusterStateAction.innerPublish(PublishClusterStateAction.java:189)
	at org.elasticsearch.discovery.zen.publish.PublishClusterStateAction.publish(PublishClusterStateAction.java:154)
	at org.elasticsearch.discovery.zen.ZenDiscovery.publish(ZenDiscovery.java:345)
	at sun.reflect.GeneratedMethodAccessor6.invoke(Unknown Source)
	at sun.reflect.DelegatingMethodAccessorImpl.invoke(DelegatingMethodAccessorImpl.java:43)
	at java.lang.reflect.Method.invoke(Method.java:497)
	at org.elasticsearch.common.inject.internal.ConstructionContext$DelegatingInvocationHandler.invoke(ConstructionContext.java:111)
	at com.sun.proxy.$Proxy35.publish(Unknown Source)
	at org.elasticsearch.discovery.DiscoveryService.publish(DiscoveryService.java:130)
	at org.elasticsearch.cluster.service.InternalClusterService.runTasksForExecutor(InternalClusterService.java:574)
	at org.elasticsearch.cluster.service.InternalClusterService$UpdateTask.run(InternalClusterService.java:761)
	at org.elasticsearch.common.util.concurrent.PrioritizedEsThreadPoolExecutor$TieBreakingPrioritizedRunnable.runAndClean(PrioritizedEsThreadPoolExecutor.java:231)
	at org.elasticsearch.common.util.concurrent.PrioritizedEsThreadPoolExecutor$TieBreakingPrioritizedRunnable.run(PrioritizedEsThreadPoolExecutor.java:194)
	at java.util.concurrent.ThreadPoolExecutor.runWorker(ThreadPoolExecutor.java:1142)
	at java.util.concurrent.ThreadPoolExecutor$Worker.run(ThreadPoolExecutor.java:617)
	at java.lang.Thread.run(Thread.java:745)
[2016-04-18 03:04:33,380][TRACE][org.elasticsearch.cluster.service] [node_t2] will process [zen-disco-node_failed({node_t0}{UOcNf_NsQdaP7Ug0iBP3sA}{127.0.0.1}{127.0.0.1:30233}[mode=>network]), reason failed to ping, tried [1] times, each with maximum [1s] timeout]
[2016-04-18 03:04:33,381][DEBUG][org.elasticsearch.cluster.service] [node_t2] processing [zen-disco-node_failed({node_t0}{UOcNf_NsQdaP7Ug0iBP3sA}{127.0.0.1}{127.0.0.1:30233}[mode=>network]), reason failed to ping, tried [1] times, each with maximum [1s] timeout]: execute
[2016-04-18 03:04:33,381][TRACE][org.elasticsearch.cluster.service] [node_t2] cluster state updated, source [zen-disco-node_failed({node_t0}{UOcNf_NsQdaP7Ug0iBP3sA}{127.0.0.1}{127.0.0.1:30233}[mode=>network]), reason failed to ping, tried [1] times, each with maximum [1s] timeout]
version: 7
state uuid: sKN2dh8vSK-4pMMDa9WBYw
from_diff: false
meta data version: 6
nodes: 
   {node_t1}{pRJUXGfrSTKvMfhmUdh1lg}{127.0.0.1}{127.0.0.1:30234}[mode=>network]
   {node_t2}{IMl99BG9Q_KrajZjP3Yx-g}{127.0.0.1}{127.0.0.1:30235}[mode=>network], local, master
routing_table (version 6):
-- index [test]
----shard_id [test][0]
--------[test][0], node[IMl99BG9Q_KrajZjP3Yx-g], [P], v[5], s[STARTED], a[id=YdqXXhwIRLmriuxWMUoqvA]
--------[test][0], node[pRJUXGfrSTKvMfhmUdh1lg], [R], v[5], s[STARTED], a[id=nnYCl-aETwisWdJ34DxgNA]
--------[test][0], node[null], [R], v[5], s[UNASSIGNED], unassigned_info[[reason=NODE_LEFT], at[2016-04-18T07:04:33.381Z], details[node_left[UOcNf_NsQdaP7Ug0iBP3sA]]]

routing_nodes:
-----node_id[IMl99BG9Q_KrajZjP3Yx-g][V]
--------[test][0], node[IMl99BG9Q_KrajZjP3Yx-g], [P], v[5], s[STARTED], a[id=YdqXXhwIRLmriuxWMUoqvA]
-----node_id[pRJUXGfrSTKvMfhmUdh1lg][V]
--------[test][0], node[pRJUXGfrSTKvMfhmUdh1lg], [R], v[5], s[STARTED], a[id=nnYCl-aETwisWdJ34DxgNA]
---- unassigned
--------[test][0], node[null], [R], v[5], s[UNASSIGNED], unassigned_info[[reason=NODE_LEFT], at[2016-04-18T07:04:33.381Z], details[node_left[UOcNf_NsQdaP7Ug0iBP3sA]]]

[2016-04-18 03:04:33,381][INFO ][org.elasticsearch.cluster.service] [node_t2] removed {{node_t0}{UOcNf_NsQdaP7Ug0iBP3sA}{127.0.0.1}{127.0.0.1:30233}[mode=>network],}, reason: zen-disco-node_failed({node_t0}{UOcNf_NsQdaP7Ug0iBP3sA}{127.0.0.1}{127.0.0.1:30233}[mode=>network]), reason failed to ping, tried [1] times, each with maximum [1s] timeout
[2016-04-18 03:04:33,381][DEBUG][org.elasticsearch.cluster.service] [node_t2] publishing cluster state version [7]
[2016-04-18 03:04:34,384][WARN ][org.elasticsearch.cluster.service] [node_t2] failing [zen-disco-node_failed({node_t0}{UOcNf_NsQdaP7Ug0iBP3sA}{127.0.0.1}{127.0.0.1:30233}[mode=>network]), reason failed to ping, tried [1] times, each with maximum [1s] timeout]: failed to commit cluster state version [7]
FailedToCommitClusterStateException[timed out while waiting for enough masters to ack sent cluster state. [1] left]
	at org.elasticsearch.discovery.zen.publish.PublishClusterStateAction$SendingController.waitForCommit(PublishClusterStateAction.java:525)
	at org.elasticsearch.discovery.zen.publish.PublishClusterStateAction.innerPublish(PublishClusterStateAction.java:189)
	at org.elasticsearch.discovery.zen.publish.PublishClusterStateAction.publish(PublishClusterStateAction.java:154)
	at org.elasticsearch.discovery.zen.ZenDiscovery.publish(ZenDiscovery.java:345)
	at sun.reflect.GeneratedMethodAccessor6.invoke(Unknown Source)
	at sun.reflect.DelegatingMethodAccessorImpl.invoke(DelegatingMethodAccessorImpl.java:43)
	at java.lang.reflect.Method.invoke(Method.java:497)
	at org.elasticsearch.common.inject.internal.ConstructionContext$DelegatingInvocationHandler.invoke(ConstructionContext.java:111)
	at com.sun.proxy.$Proxy35.publish(Unknown Source)
	at org.elasticsearch.discovery.DiscoveryService.publish(DiscoveryService.java:130)
	at org.elasticsearch.cluster.service.InternalClusterService.runTasksForExecutor(InternalClusterService.java:574)
	at org.elasticsearch.cluster.service.InternalClusterService$UpdateTask.run(InternalClusterService.java:761)
	at org.elasticsearch.common.util.concurrent.PrioritizedEsThreadPoolExecutor$TieBreakingPrioritizedRunnable.runAndClean(PrioritizedEsThreadPoolExecutor.java:231)
	at org.elasticsearch.common.util.concurrent.PrioritizedEsThreadPoolExecutor$TieBreakingPrioritizedRunnable.run(PrioritizedEsThreadPoolExecutor.java:194)
	at java.util.concurrent.ThreadPoolExecutor.runWorker(ThreadPoolExecutor.java:1142)
	at java.util.concurrent.ThreadPoolExecutor$Worker.run(ThreadPoolExecutor.java:617)
	at java.lang.Thread.run(Thread.java:745)
[2016-04-18 03:04:34,384][ERROR][org.elasticsearch.discovery.zen] [node_t2] unexpected failure during [zen-disco-node_failed({node_t0}{UOcNf_NsQdaP7Ug0iBP3sA}{127.0.0.1}{127.0.0.1:30233}[mode=>network]), reason failed to ping, tried [1] times, each with maximum [1s] timeout]
FailedToCommitClusterStateException[timed out while waiting for enough masters to ack sent cluster state. [1] left]
	at org.elasticsearch.discovery.zen.publish.PublishClusterStateAction$SendingController.waitForCommit(PublishClusterStateAction.java:525)
	at org.elasticsearch.discovery.zen.publish.PublishClusterStateAction.innerPublish(PublishClusterStateAction.java:189)
	at org.elasticsearch.discovery.zen.publish.PublishClusterStateAction.publish(PublishClusterStateAction.java:154)
	at org.elasticsearch.discovery.zen.ZenDiscovery.publish(ZenDiscovery.java:345)
	at sun.reflect.GeneratedMethodAccessor6.invoke(Unknown Source)
	at sun.reflect.DelegatingMethodAccessorImpl.invoke(DelegatingMethodAccessorImpl.java:43)
	at java.lang.reflect.Method.invoke(Method.java:497)
	at org.elasticsearch.common.inject.internal.ConstructionContext$DelegatingInvocationHandler.invoke(ConstructionContext.java:111)
	at com.sun.proxy.$Proxy35.publish(Unknown Source)
	at org.elasticsearch.discovery.DiscoveryService.publish(DiscoveryService.java:130)
	at org.elasticsearch.cluster.service.InternalClusterService.runTasksForExecutor(InternalClusterService.java:574)
	at org.elasticsearch.cluster.service.InternalClusterService$UpdateTask.run(InternalClusterService.java:761)
	at org.elasticsearch.common.util.concurrent.PrioritizedEsThreadPoolExecutor$TieBreakingPrioritizedRunnable.runAndClean(PrioritizedEsThreadPoolExecutor.java:231)
	at org.elasticsearch.common.util.concurrent.PrioritizedEsThreadPoolExecutor$TieBreakingPrioritizedRunnable.run(PrioritizedEsThreadPoolExecutor.java:194)
	at java.util.concurrent.ThreadPoolExecutor.runWorker(ThreadPoolExecutor.java:1142)
	at java.util.concurrent.ThreadPoolExecutor$Worker.run(ThreadPoolExecutor.java:617)
	at java.lang.Thread.run(Thread.java:745)
[2016-04-18 03:04:34,384][TRACE][org.elasticsearch.cluster.service] [node_t2] will process [zen-disco-node_failed({node_t0}{UOcNf_NsQdaP7Ug0iBP3sA}{127.0.0.1}{127.0.0.1:30233}[mode=>network]), reason failed to ping, tried [1] times, each with maximum [1s] timeout]
[2016-04-18 03:04:34,384][DEBUG][org.elasticsearch.cluster.service] [node_t2] processing [zen-disco-node_failed({node_t0}{UOcNf_NsQdaP7Ug0iBP3sA}{127.0.0.1}{127.0.0.1:30233}[mode=>network]), reason failed to ping, tried [1] times, each with maximum [1s] timeout]: execute
[2016-04-18 03:04:34,385][TRACE][org.elasticsearch.cluster.service] [node_t2] cluster state updated, source [zen-disco-node_failed({node_t0}{UOcNf_NsQdaP7Ug0iBP3sA}{127.0.0.1}{127.0.0.1:30233}[mode=>network]), reason failed to ping, tried [1] times, each with maximum [1s] timeout]
version: 7
state uuid: NXloBbFCSwSucIXbyZLADg
from_diff: false
meta data version: 6
nodes: 
   {node_t1}{pRJUXGfrSTKvMfhmUdh1lg}{127.0.0.1}{127.0.0.1:30234}[mode=>network]
   {node_t2}{IMl99BG9Q_KrajZjP3Yx-g}{127.0.0.1}{127.0.0.1:30235}[mode=>network], local, master
routing_table (version 6):
-- index [test]
----shard_id [test][0]
--------[test][0], node[IMl99BG9Q_KrajZjP3Yx-g], [P], v[5], s[STARTED], a[id=YdqXXhwIRLmriuxWMUoqvA]
--------[test][0], node[pRJUXGfrSTKvMfhmUdh1lg], [R], v[5], s[STARTED], a[id=nnYCl-aETwisWdJ34DxgNA]
--------[test][0], node[null], [R], v[5], s[UNASSIGNED], unassigned_info[[reason=NODE_LEFT], at[2016-04-18T07:04:34.385Z], details[node_left[UOcNf_NsQdaP7Ug0iBP3sA]]]

routing_nodes:
-----node_id[IMl99BG9Q_KrajZjP3Yx-g][V]
--------[test][0], node[IMl99BG9Q_KrajZjP3Yx-g], [P], v[5], s[STARTED], a[id=YdqXXhwIRLmriuxWMUoqvA]
-----node_id[pRJUXGfrSTKvMfhmUdh1lg][V]
--------[test][0], node[pRJUXGfrSTKvMfhmUdh1lg], [R], v[5], s[STARTED], a[id=nnYCl-aETwisWdJ34DxgNA]
---- unassigned
--------[test][0], node[null], [R], v[5], s[UNASSIGNED], unassigned_info[[reason=NODE_LEFT], at[2016-04-18T07:04:34.385Z], details[node_left[UOcNf_NsQdaP7Ug0iBP3sA]]]

[2016-04-18 03:04:34,385][INFO ][org.elasticsearch.cluster.service] [node_t2] removed {{node_t0}{UOcNf_NsQdaP7Ug0iBP3sA}{127.0.0.1}{127.0.0.1:30233}[mode=>network],}, reason: zen-disco-node_failed({node_t0}{UOcNf_NsQdaP7Ug0iBP3sA}{127.0.0.1}{127.0.0.1:30233}[mode=>network]), reason failed to ping, tried [1] times, each with maximum [1s] timeout
[2016-04-18 03:04:34,385][DEBUG][org.elasticsearch.cluster.service] [node_t2] publishing cluster state version [7]
[2016-04-18 03:04:35,378][TRACE][org.elasticsearch.cluster.service] [node_t0] will process [zen-disco-join(elected_as_master, [1] joins received)]
[2016-04-18 03:04:35,378][DEBUG][org.elasticsearch.cluster.service] [node_t0] processing [zen-disco-join(elected_as_master, [1] joins received)]: execute
[2016-04-18 03:04:35,379][TRACE][org.elasticsearch.cluster.service] [node_t0] cluster state updated, source [zen-disco-join(elected_as_master, [1] joins received)]
version: 7
state uuid: VdsvZunpQkeaVVLbbf4P4Q
from_diff: false
meta data version: 6
nodes: 
   {node_t1}{pRJUXGfrSTKvMfhmUdh1lg}{127.0.0.1}{127.0.0.1:30234}[mode=>network]
   {node_t0}{UOcNf_NsQdaP7Ug0iBP3sA}{127.0.0.1}{127.0.0.1:30233}[mode=>network], local, master
routing_table (version 6):
-- index [test]
----shard_id [test][0]
--------[test][0], node[pRJUXGfrSTKvMfhmUdh1lg], [P], v[6], s[STARTED], a[id=nnYCl-aETwisWdJ34DxgNA]
--------[test][0], node[UOcNf_NsQdaP7Ug0iBP3sA], [R], v[6], s[STARTED], a[id=jZ1thaZxQgKjLy0g92V4Vg]
--------[test][0], node[null], [R], v[6], s[UNASSIGNED], unassigned_info[[reason=NODE_LEFT], at[2016-04-18T07:04:35.378Z], details[node_left[IMl99BG9Q_KrajZjP3Yx-g]]]

routing_nodes:
-----node_id[pRJUXGfrSTKvMfhmUdh1lg][V]
--------[test][0], node[pRJUXGfrSTKvMfhmUdh1lg], [P], v[6], s[STARTED], a[id=nnYCl-aETwisWdJ34DxgNA]
-----node_id[UOcNf_NsQdaP7Ug0iBP3sA][V]
--------[test][0], node[UOcNf_NsQdaP7Ug0iBP3sA], [R], v[6], s[STARTED], a[id=jZ1thaZxQgKjLy0g92V4Vg]
---- unassigned
--------[test][0], node[null], [R], v[6], s[UNASSIGNED], unassigned_info[[reason=NODE_LEFT], at[2016-04-18T07:04:35.378Z], details[node_left[IMl99BG9Q_KrajZjP3Yx-g]]]

[2016-04-18 03:04:35,379][INFO ][org.elasticsearch.cluster.service] [node_t0] new_master {node_t0}{UOcNf_NsQdaP7Ug0iBP3sA}{127.0.0.1}{127.0.0.1:30233}[mode=>network], reason: zen-disco-join(elected_as_master, [1] joins received)
[2016-04-18 03:04:35,379][DEBUG][org.elasticsearch.cluster.service] [node_t0] publishing cluster state version [7]
[2016-04-18 03:04:35,381][TRACE][org.elasticsearch.cluster.service] [node_t1] will process [zen-disco-receive(from master [master {node_t0}{UOcNf_NsQdaP7Ug0iBP3sA}{127.0.0.1}{127.0.0.1:30233}[mode=>network] committed version [7]])]
[2016-04-18 03:04:35,381][DEBUG][org.elasticsearch.cluster.service] [node_t1] processing [zen-disco-receive(from master [master {node_t0}{UOcNf_NsQdaP7Ug0iBP3sA}{127.0.0.1}{127.0.0.1:30233}[mode=>network] committed version [7]])]: execute
[2016-04-18 03:04:35,381][TRACE][org.elasticsearch.cluster.service] [node_t1] cluster state updated, source [zen-disco-receive(from master [master {node_t0}{UOcNf_NsQdaP7Ug0iBP3sA}{127.0.0.1}{127.0.0.1:30233}[mode=>network] committed version [7]])]
version: 7
state uuid: VdsvZunpQkeaVVLbbf4P4Q
from_diff: true
meta data version: 6
nodes: 
   {node_t1}{pRJUXGfrSTKvMfhmUdh1lg}{127.0.0.1}{127.0.0.1:30234}[mode=>network], local
   {node_t0}{UOcNf_NsQdaP7Ug0iBP3sA}{127.0.0.1}{127.0.0.1:30233}[mode=>network], master
routing_table (version 6):
-- index [test]
----shard_id [test][0]
--------[test][0], node[pRJUXGfrSTKvMfhmUdh1lg], [P], v[6], s[STARTED], a[id=nnYCl-aETwisWdJ34DxgNA]
--------[test][0], node[UOcNf_NsQdaP7Ug0iBP3sA], [R], v[6], s[STARTED], a[id=jZ1thaZxQgKjLy0g92V4Vg]
--------[test][0], node[null], [R], v[6], s[UNASSIGNED], unassigned_info[[reason=NODE_LEFT], at[2016-04-18T07:04:35.378Z], details[node_left[IMl99BG9Q_KrajZjP3Yx-g]]]

routing_nodes:
-----node_id[pRJUXGfrSTKvMfhmUdh1lg][V]
--------[test][0], node[pRJUXGfrSTKvMfhmUdh1lg], [P], v[6], s[STARTED], a[id=nnYCl-aETwisWdJ34DxgNA]
-----node_id[UOcNf_NsQdaP7Ug0iBP3sA][V]
--------[test][0], node[UOcNf_NsQdaP7Ug0iBP3sA], [R], v[6], s[STARTED], a[id=jZ1thaZxQgKjLy0g92V4Vg]
---- unassigned
--------[test][0], node[null], [R], v[6], s[UNASSIGNED], unassigned_info[[reason=NODE_LEFT], at[2016-04-18T07:04:35.378Z], details[node_left[IMl99BG9Q_KrajZjP3Yx-g]]]

[2016-04-18 03:04:35,381][INFO ][org.elasticsearch.cluster.service] [node_t1] detected_master {node_t0}{UOcNf_NsQdaP7Ug0iBP3sA}{127.0.0.1}{127.0.0.1:30233}[mode=>network], reason: zen-disco-receive(from master [master {node_t0}{UOcNf_NsQdaP7Ug0iBP3sA}{127.0.0.1}{127.0.0.1:30233}[mode=>network] committed version [7]])
[2016-04-18 03:04:35,381][DEBUG][org.elasticsearch.cluster.service] [node_t1] set local cluster state to version 7
[2016-04-18 03:04:35,385][DEBUG][org.elasticsearch.cluster.service] [node_t1] processing [zen-disco-receive(from master [master {node_t0}{UOcNf_NsQdaP7Ug0iBP3sA}{127.0.0.1}{127.0.0.1:30233}[mode=>network] committed version [7]])]: took 4ms done applying updated cluster_state (version: 7, uuid: VdsvZunpQkeaVVLbbf4P4Q)
[2016-04-18 03:04:35,385][DEBUG][org.elasticsearch.cluster.service] [node_t0] set local cluster state to version 7
[2016-04-18 03:04:35,386][WARN ][org.elasticsearch.cluster.service] [node_t2] failing [zen-disco-node_failed({node_t0}{UOcNf_NsQdaP7Ug0iBP3sA}{127.0.0.1}{127.0.0.1:30233}[mode=>network]), reason failed to ping, tried [1] times, each with maximum [1s] timeout]: failed to commit cluster state version [7]
FailedToCommitClusterStateException[timed out while waiting for enough masters to ack sent cluster state. [1] left]
	at org.elasticsearch.discovery.zen.publish.PublishClusterStateAction$SendingController.waitForCommit(PublishClusterStateAction.java:525)
	at org.elasticsearch.discovery.zen.publish.PublishClusterStateAction.innerPublish(PublishClusterStateAction.java:189)
	at org.elasticsearch.discovery.zen.publish.PublishClusterStateAction.publish(PublishClusterStateAction.java:154)
	at org.elasticsearch.discovery.zen.ZenDiscovery.publish(ZenDiscovery.java:345)
	at sun.reflect.GeneratedMethodAccessor6.invoke(Unknown Source)
	at sun.reflect.DelegatingMethodAccessorImpl.invoke(DelegatingMethodAccessorImpl.java:43)
	at java.lang.reflect.Method.invoke(Method.java:497)
	at org.elasticsearch.common.inject.internal.ConstructionContext$DelegatingInvocationHandler.invoke(ConstructionContext.java:111)
	at com.sun.proxy.$Proxy35.publish(Unknown Source)
	at org.elasticsearch.discovery.DiscoveryService.publish(DiscoveryService.java:130)
	at org.elasticsearch.cluster.service.InternalClusterService.runTasksForExecutor(InternalClusterService.java:574)
	at org.elasticsearch.cluster.service.InternalClusterService$UpdateTask.run(InternalClusterService.java:761)
	at org.elasticsearch.common.util.concurrent.PrioritizedEsThreadPoolExecutor$TieBreakingPrioritizedRunnable.runAndClean(PrioritizedEsThreadPoolExecutor.java:231)
	at org.elasticsearch.common.util.concurrent.PrioritizedEsThreadPoolExecutor$TieBreakingPrioritizedRunnable.run(PrioritizedEsThreadPoolExecutor.java:194)
	at java.util.concurrent.ThreadPoolExecutor.runWorker(ThreadPoolExecutor.java:1142)
	at java.util.concurrent.ThreadPoolExecutor$Worker.run(ThreadPoolExecutor.java:617)
	at java.lang.Thread.run(Thread.java:745)
[2016-04-18 03:04:35,386][ERROR][org.elasticsearch.discovery.zen] [node_t2] unexpected failure during [zen-disco-node_failed({node_t0}{UOcNf_NsQdaP7Ug0iBP3sA}{127.0.0.1}{127.0.0.1:30233}[mode=>network]), reason failed to ping, tried [1] times, each with maximum [1s] timeout]
FailedToCommitClusterStateException[timed out while waiting for enough masters to ack sent cluster state. [1] left]
	at org.elasticsearch.discovery.zen.publish.PublishClusterStateAction$SendingController.waitForCommit(PublishClusterStateAction.java:525)
	at org.elasticsearch.discovery.zen.publish.PublishClusterStateAction.innerPublish(PublishClusterStateAction.java:189)
	at org.elasticsearch.discovery.zen.publish.PublishClusterStateAction.publish(PublishClusterStateAction.java:154)
	at org.elasticsearch.discovery.zen.ZenDiscovery.publish(ZenDiscovery.java:345)
	at sun.reflect.GeneratedMethodAccessor6.invoke(Unknown Source)
	at sun.reflect.DelegatingMethodAccessorImpl.invoke(DelegatingMethodAccessorImpl.java:43)
	at java.lang.reflect.Method.invoke(Method.java:497)
	at org.elasticsearch.common.inject.internal.ConstructionContext$DelegatingInvocationHandler.invoke(ConstructionContext.java:111)
	at com.sun.proxy.$Proxy35.publish(Unknown Source)
	at org.elasticsearch.discovery.DiscoveryService.publish(DiscoveryService.java:130)
	at org.elasticsearch.cluster.service.InternalClusterService.runTasksForExecutor(InternalClusterService.java:574)
	at org.elasticsearch.cluster.service.InternalClusterService$UpdateTask.run(InternalClusterService.java:761)
	at org.elasticsearch.common.util.concurrent.PrioritizedEsThreadPoolExecutor$TieBreakingPrioritizedRunnable.runAndClean(PrioritizedEsThreadPoolExecutor.java:231)
	at org.elasticsearch.common.util.concurrent.PrioritizedEsThreadPoolExecutor$TieBreakingPrioritizedRunnable.run(PrioritizedEsThreadPoolExecutor.java:194)
	at java.util.concurrent.ThreadPoolExecutor.runWorker(ThreadPoolExecutor.java:1142)
	at java.util.concurrent.ThreadPoolExecutor$Worker.run(ThreadPoolExecutor.java:617)
	at java.lang.Thread.run(Thread.java:745)
[2016-04-18 03:04:35,386][TRACE][org.elasticsearch.cluster.service] [node_t2] will process [zen-disco-failed-to-publish]
[2016-04-18 03:04:35,386][DEBUG][org.elasticsearch.cluster.service] [node_t2] processing [zen-disco-failed-to-publish]: execute
[2016-04-18 03:04:35,387][WARN ][org.elasticsearch.discovery.zen] [node_t2] failed to publish to min_master_nodes, current nodes: {{node_t1}{pRJUXGfrSTKvMfhmUdh1lg}{127.0.0.1}{127.0.0.1:30234}[mode=>network],{node_t0}{UOcNf_NsQdaP7Ug0iBP3sA}{127.0.0.1}{127.0.0.1:30233}[mode=>network],{node_t2}{IMl99BG9Q_KrajZjP3Yx-g}{127.0.0.1}{127.0.0.1:30235}[mode=>network],}
[2016-04-18 03:04:35,387][TRACE][org.elasticsearch.cluster.service] [node_t2] cluster state updated, source [zen-disco-failed-to-publish]
version: 6
state uuid: 62p5TbdZTxmxmY2fgZ-bdw
from_diff: false
meta data version: 5
blocks: 
   _global_:
      2,no master, blocks WRITE,METADATA_WRITE
nodes: 
   {node_t1}{pRJUXGfrSTKvMfhmUdh1lg}{127.0.0.1}{127.0.0.1:30234}[mode=>network]
   {node_t0}{UOcNf_NsQdaP7Ug0iBP3sA}{127.0.0.1}{127.0.0.1:30233}[mode=>network]
   {node_t2}{IMl99BG9Q_KrajZjP3Yx-g}{127.0.0.1}{127.0.0.1:30235}[mode=>network], local
routing_table (version 5):
-- index [test]
----shard_id [test][0]
--------[test][0], node[IMl99BG9Q_KrajZjP3Yx-g], [P], v[4], s[STARTED], a[id=YdqXXhwIRLmriuxWMUoqvA]
--------[test][0], node[pRJUXGfrSTKvMfhmUdh1lg], [R], v[4], s[STARTED], a[id=nnYCl-aETwisWdJ34DxgNA]
--------[test][0], node[UOcNf_NsQdaP7Ug0iBP3sA], [R], v[4], s[STARTED], a[id=jZ1thaZxQgKjLy0g92V4Vg]

routing_nodes:
-----node_id[IMl99BG9Q_KrajZjP3Yx-g][V]
--------[test][0], node[IMl99BG9Q_KrajZjP3Yx-g], [P], v[4], s[STARTED], a[id=YdqXXhwIRLmriuxWMUoqvA]
-----node_id[pRJUXGfrSTKvMfhmUdh1lg][V]
--------[test][0], node[pRJUXGfrSTKvMfhmUdh1lg], [R], v[4], s[STARTED], a[id=nnYCl-aETwisWdJ34DxgNA]
-----node_id[UOcNf_NsQdaP7Ug0iBP3sA][V]
--------[test][0], node[UOcNf_NsQdaP7Ug0iBP3sA], [R], v[4], s[STARTED], a[id=jZ1thaZxQgKjLy0g92V4Vg]
---- unassigned

[2016-04-18 03:04:35,387][DEBUG][org.elasticsearch.cluster.service] [node_t2] set local cluster state to version 6
[2016-04-18 03:04:35,387][DEBUG][org.elasticsearch.cluster.service] [node_t2] processing [zen-disco-failed-to-publish]: took 0s done applying updated cluster_state (version: 6, uuid: 62p5TbdZTxmxmY2fgZ-bdw)
[2016-04-18 03:04:35,387][TRACE][org.elasticsearch.cluster.service] [node_t2] will process [zen-disco-node_failed({node_t1}{pRJUXGfrSTKvMfhmUdh1lg}{127.0.0.1}{127.0.0.1:30234}[mode=>network]), reason failed to ping, tried [1] times, each with maximum [1s] timeout]
[2016-04-18 03:04:35,387][DEBUG][org.elasticsearch.cluster.service] [node_t2] processing [zen-disco-node_failed({node_t1}{pRJUXGfrSTKvMfhmUdh1lg}{127.0.0.1}{127.0.0.1:30234}[mode=>network]), reason failed to ping, tried [1] times, each with maximum [1s] timeout]: execute
[2016-04-18 03:04:35,387][DEBUG][org.elasticsearch.cluster.service] [node_t2] failing [zen-disco-node_failed({node_t1}{pRJUXGfrSTKvMfhmUdh1lg}{127.0.0.1}{127.0.0.1:30234}[mode=>network]), reason failed to ping, tried [1] times, each with maximum [1s] timeout]: local node is no longer master
[2016-04-18 03:04:35,387][TRACE][org.elasticsearch.cluster.service] [node_t2] will process [zen-disco-failed-to-publish]
[2016-04-18 03:04:35,387][DEBUG][org.elasticsearch.cluster.service] [node_t2] processing [zen-disco-failed-to-publish]: execute
[2016-04-18 03:04:35,387][DEBUG][org.elasticsearch.cluster.service] [node_t2] failing [zen-disco-failed-to-publish]: local node is no longer master
[2016-04-18 03:04:35,387][ERROR][org.elasticsearch.discovery.zen] [node_t2] unexpected failure during [zen-disco-failed-to-publish]
org.elasticsearch.cluster.NotMasterException: no longer master. source: [zen-disco-failed-to-publish]
[2016-04-18 03:04:35,387][TRACE][org.elasticsearch.cluster.service] [node_t2] will process [zen-disco-failed-to-publish]
[2016-04-18 03:04:35,387][DEBUG][org.elasticsearch.cluster.service] [node_t2] processing [zen-disco-failed-to-publish]: execute
[2016-04-18 03:04:35,387][DEBUG][org.elasticsearch.cluster.service] [node_t2] failing [zen-disco-failed-to-publish]: local node is no longer master
[2016-04-18 03:04:35,387][ERROR][org.elasticsearch.discovery.zen] [node_t2] unexpected failure during [zen-disco-failed-to-publish]
org.elasticsearch.cluster.NotMasterException: no longer master. source: [zen-disco-failed-to-publish]
[2016-04-18 03:04:35,388][TRACE][org.elasticsearch.cluster.service] [node_t2] will process [zen-disco-node_failed({node_t1}{pRJUXGfrSTKvMfhmUdh1lg}{127.0.0.1}{127.0.0.1:30234}[mode=>network]), reason failed to ping, tried [1] times, each with maximum [1s] timeout]
[2016-04-18 03:04:35,388][DEBUG][org.elasticsearch.cluster.service] [node_t2] processing [zen-disco-node_failed({node_t1}{pRJUXGfrSTKvMfhmUdh1lg}{127.0.0.1}{127.0.0.1:30234}[mode=>network]), reason failed to ping, tried [1] times, each with maximum [1s] timeout]: execute
[2016-04-18 03:04:35,388][DEBUG][org.elasticsearch.cluster.service] [node_t2] failing [zen-disco-node_failed({node_t1}{pRJUXGfrSTKvMfhmUdh1lg}{127.0.0.1}{127.0.0.1:30234}[mode=>network]), reason failed to ping, tried [1] times, each with maximum [1s] timeout]: local node is no longer master
[2016-04-18 03:04:35,389][DEBUG][org.elasticsearch.cluster.service] [node_t0] processing [zen-disco-join(elected_as_master, [1] joins received)]: took 10ms done applying updated cluster_state (version: 7, uuid: VdsvZunpQkeaVVLbbf4P4Q)
[2016-04-18 03:04:35,389][TRACE][org.elasticsearch.cluster.service] [node_t1] will process [finalize_join ({node_t0}{UOcNf_NsQdaP7Ug0iBP3sA}{127.0.0.1}{127.0.0.1:30233}[mode=>network])]
[2016-04-18 03:04:35,389][TRACE][org.elasticsearch.cluster.service] [node_t0] will process [cluster_health (wait_for_events [LANGUID])]
[2016-04-18 03:04:35,389][DEBUG][org.elasticsearch.cluster.service] [node_t0] processing [cluster_health (wait_for_events [LANGUID])]: execute
[2016-04-18 03:04:35,389][DEBUG][org.elasticsearch.cluster.service] [node_t1] processing [finalize_join ({node_t0}{UOcNf_NsQdaP7Ug0iBP3sA}{127.0.0.1}{127.0.0.1:30233}[mode=>network])]: execute
[2016-04-18 03:04:35,389][DEBUG][org.elasticsearch.cluster.service] [node_t1] processing [finalize_join ({node_t0}{UOcNf_NsQdaP7Ug0iBP3sA}{127.0.0.1}{127.0.0.1:30233}[mode=>network])]: took 0s no change in cluster_state
[2016-04-18 03:04:35,389][DEBUG][org.elasticsearch.cluster.service] [node_t0] processing [cluster_health (wait_for_events [LANGUID])]: took 0s no change in cluster_state
[2016-04-18 03:04:35,391][TRACE][org.elasticsearch.cluster.service] [node_t0] will process [put-mapping [type]]
[2016-04-18 03:04:35,391][DEBUG][org.elasticsearch.cluster.service] [node_t0] processing [put-mapping [type]]: execute
[2016-04-18 03:04:35,393][TRACE][org.elasticsearch.cluster.service] expecting 2 acknowledgements for cluster_state update (version: 8)
[2016-04-18 03:04:35,393][TRACE][org.elasticsearch.cluster.service] [node_t0] cluster state updated, source [put-mapping [type]]
version: 8
state uuid: pbMwR4DVSRaVmnndfWPQOQ
from_diff: false
meta data version: 7
nodes: 
   {node_t1}{pRJUXGfrSTKvMfhmUdh1lg}{127.0.0.1}{127.0.0.1:30234}[mode=>network]
   {node_t0}{UOcNf_NsQdaP7Ug0iBP3sA}{127.0.0.1}{127.0.0.1:30233}[mode=>network], local, master
routing_table (version 6):
-- index [test]
----shard_id [test][0]
--------[test][0], node[pRJUXGfrSTKvMfhmUdh1lg], [P], v[6], s[STARTED], a[id=nnYCl-aETwisWdJ34DxgNA]
--------[test][0], node[UOcNf_NsQdaP7Ug0iBP3sA], [R], v[6], s[STARTED], a[id=jZ1thaZxQgKjLy0g92V4Vg]
--------[test][0], node[null], [R], v[6], s[UNASSIGNED], unassigned_info[[reason=NODE_LEFT], at[2016-04-18T07:04:35.378Z], details[node_left[IMl99BG9Q_KrajZjP3Yx-g]]]

routing_nodes:
-----node_id[pRJUXGfrSTKvMfhmUdh1lg][V]
--------[test][0], node[pRJUXGfrSTKvMfhmUdh1lg], [P], v[6], s[STARTED], a[id=nnYCl-aETwisWdJ34DxgNA]
-----node_id[UOcNf_NsQdaP7Ug0iBP3sA][V]
--------[test][0], node[UOcNf_NsQdaP7Ug0iBP3sA], [R], v[6], s[STARTED], a[id=jZ1thaZxQgKjLy0g92V4Vg]
---- unassigned
--------[test][0], node[null], [R], v[6], s[UNASSIGNED], unassigned_info[[reason=NODE_LEFT], at[2016-04-18T07:04:35.378Z], details[node_left[IMl99BG9Q_KrajZjP3Yx-g]]]

[2016-04-18 03:04:35,393][DEBUG][org.elasticsearch.cluster.service] [node_t0] publishing cluster state version [8]
[2016-04-18 03:04:35,394][TRACE][org.elasticsearch.cluster.service] [node_t1] will process [zen-disco-receive(from master [master {node_t0}{UOcNf_NsQdaP7Ug0iBP3sA}{127.0.0.1}{127.0.0.1:30233}[mode=>network] committed version [8]])]
[2016-04-18 03:04:35,394][DEBUG][org.elasticsearch.cluster.service] [node_t1] processing [zen-disco-receive(from master [master {node_t0}{UOcNf_NsQdaP7Ug0iBP3sA}{127.0.0.1}{127.0.0.1:30233}[mode=>network] committed version [8]])]: execute
[2016-04-18 03:04:35,394][TRACE][org.elasticsearch.cluster.service] [node_t1] cluster state updated, source [zen-disco-receive(from master [master {node_t0}{UOcNf_NsQdaP7Ug0iBP3sA}{127.0.0.1}{127.0.0.1:30233}[mode=>network] committed version [8]])]
version: 8
state uuid: pbMwR4DVSRaVmnndfWPQOQ
from_diff: false
meta data version: 7
nodes: 
   {node_t1}{pRJUXGfrSTKvMfhmUdh1lg}{127.0.0.1}{127.0.0.1:30234}[mode=>network], local
   {node_t0}{UOcNf_NsQdaP7Ug0iBP3sA}{127.0.0.1}{127.0.0.1:30233}[mode=>network], master
routing_table (version 6):
-- index [test]
----shard_id [test][0]
--------[test][0], node[pRJUXGfrSTKvMfhmUdh1lg], [P], v[6], s[STARTED], a[id=nnYCl-aETwisWdJ34DxgNA]
--------[test][0], node[UOcNf_NsQdaP7Ug0iBP3sA], [R], v[6], s[STARTED], a[id=jZ1thaZxQgKjLy0g92V4Vg]
--------[test][0], node[null], [R], v[6], s[UNASSIGNED], unassigned_info[[reason=NODE_LEFT], at[2016-04-18T07:04:35.378Z], details[node_left[IMl99BG9Q_KrajZjP3Yx-g]]]

routing_nodes:
-----node_id[pRJUXGfrSTKvMfhmUdh1lg][V]
--------[test][0], node[pRJUXGfrSTKvMfhmUdh1lg], [P], v[6], s[STARTED], a[id=nnYCl-aETwisWdJ34DxgNA]
-----node_id[UOcNf_NsQdaP7Ug0iBP3sA][V]
--------[test][0], node[UOcNf_NsQdaP7Ug0iBP3sA], [R], v[6], s[STARTED], a[id=jZ1thaZxQgKjLy0g92V4Vg]
---- unassigned
--------[test][0], node[null], [R], v[6], s[UNASSIGNED], unassigned_info[[reason=NODE_LEFT], at[2016-04-18T07:04:35.378Z], details[node_left[IMl99BG9Q_KrajZjP3Yx-g]]]

[2016-04-18 03:04:35,394][DEBUG][org.elasticsearch.cluster.service] [node_t1] set local cluster state to version 8
[2016-04-18 03:04:35,397][DEBUG][org.elasticsearch.cluster.service] [node_t1] processing [zen-disco-receive(from master [master {node_t0}{UOcNf_NsQdaP7Ug0iBP3sA}{127.0.0.1}{127.0.0.1:30233}[mode=>network] committed version [8]])]: took 2ms done applying updated cluster_state (version: 8, uuid: pbMwR4DVSRaVmnndfWPQOQ)
[2016-04-18 03:04:35,397][TRACE][org.elasticsearch.cluster.service] ack received from node [{node_t1}{pRJUXGfrSTKvMfhmUdh1lg}{127.0.0.1}{127.0.0.1:30234}[mode=>network]], cluster_state update (version: 8)
[2016-04-18 03:04:35,397][DEBUG][org.elasticsearch.cluster.service] [node_t0] set local cluster state to version 8
[2016-04-18 03:04:35,400][TRACE][org.elasticsearch.cluster.service] ack received from node [{node_t0}{UOcNf_NsQdaP7Ug0iBP3sA}{127.0.0.1}{127.0.0.1:30233}[mode=>network]], cluster_state update (version: 8)
[2016-04-18 03:04:35,400][TRACE][org.elasticsearch.cluster.service] all expected nodes acknowledged cluster_state update (version: 8)
[2016-04-18 03:04:35,400][DEBUG][org.elasticsearch.cluster.service] [node_t0] processing [put-mapping [type]]: took 8ms done applying updated cluster_state (version: 8, uuid: pbMwR4DVSRaVmnndfWPQOQ)
[2016-04-18 03:04:35,406][TRACE][org.elasticsearch.cluster.service] [node_t0] will process [cluster_health (wait_for_events [LANGUID])]
[2016-04-18 03:04:35,406][DEBUG][org.elasticsearch.cluster.service] [node_t0] processing [cluster_health (wait_for_events [LANGUID])]: execute
[2016-04-18 03:04:35,406][DEBUG][org.elasticsearch.cluster.service] [node_t0] processing [cluster_health (wait_for_events [LANGUID])]: took 0s no change in cluster_state
[2016-04-18 03:04:38,392][TRACE][org.elasticsearch.cluster.service] [node_t0] will process [zen-disco-join(join from node[{node_t2}{IMl99BG9Q_KrajZjP3Yx-g}{127.0.0.1}{127.0.0.1:30235}[mode=>network]])]
[2016-04-18 03:04:38,392][DEBUG][org.elasticsearch.cluster.service] [node_t0] processing [zen-disco-join(join from node[{node_t2}{IMl99BG9Q_KrajZjP3Yx-g}{127.0.0.1}{127.0.0.1:30235}[mode=>network]])]: execute
[2016-04-18 03:04:38,392][TRACE][org.elasticsearch.cluster.service] [node_t0] cluster state updated, source [zen-disco-join(join from node[{node_t2}{IMl99BG9Q_KrajZjP3Yx-g}{127.0.0.1}{127.0.0.1:30235}[mode=>network]])]
version: 9
state uuid: paHC94o1QXe-y0g42dgd9w
from_diff: false
meta data version: 7
nodes: 
   {node_t1}{pRJUXGfrSTKvMfhmUdh1lg}{127.0.0.1}{127.0.0.1:30234}[mode=>network]
   {node_t0}{UOcNf_NsQdaP7Ug0iBP3sA}{127.0.0.1}{127.0.0.1:30233}[mode=>network], local, master
   {node_t2}{IMl99BG9Q_KrajZjP3Yx-g}{127.0.0.1}{127.0.0.1:30235}[mode=>network]
routing_table (version 6):
-- index [test]
----shard_id [test][0]
--------[test][0], node[pRJUXGfrSTKvMfhmUdh1lg], [P], v[6], s[STARTED], a[id=nnYCl-aETwisWdJ34DxgNA]
--------[test][0], node[UOcNf_NsQdaP7Ug0iBP3sA], [R], v[6], s[STARTED], a[id=jZ1thaZxQgKjLy0g92V4Vg]
--------[test][0], node[null], [R], v[6], s[UNASSIGNED], unassigned_info[[reason=NODE_LEFT], at[2016-04-18T07:04:35.378Z], details[node_left[IMl99BG9Q_KrajZjP3Yx-g]]]

routing_nodes:
-----node_id[IMl99BG9Q_KrajZjP3Yx-g][V]
-----node_id[pRJUXGfrSTKvMfhmUdh1lg][V]
--------[test][0], node[pRJUXGfrSTKvMfhmUdh1lg], [P], v[6], s[STARTED], a[id=nnYCl-aETwisWdJ34DxgNA]
-----node_id[UOcNf_NsQdaP7Ug0iBP3sA][V]
--------[test][0], node[UOcNf_NsQdaP7Ug0iBP3sA], [R], v[6], s[STARTED], a[id=jZ1thaZxQgKjLy0g92V4Vg]
---- unassigned
--------[test][0], node[null], [R], v[6], s[UNASSIGNED], unassigned_info[[reason=NODE_LEFT], at[2016-04-18T07:04:35.378Z], details[node_left[IMl99BG9Q_KrajZjP3Yx-g]]]

[2016-04-18 03:04:38,392][INFO ][org.elasticsearch.cluster.service] [node_t0] added {{node_t2}{IMl99BG9Q_KrajZjP3Yx-g}{127.0.0.1}{127.0.0.1:30235}[mode=>network],}, reason: zen-disco-join(join from node[{node_t2}{IMl99BG9Q_KrajZjP3Yx-g}{127.0.0.1}{127.0.0.1:30235}[mode=>network]])
[2016-04-18 03:04:38,392][DEBUG][org.elasticsearch.cluster.service] [node_t0] publishing cluster state version [9]
[2016-04-18 03:04:38,393][TRACE][org.elasticsearch.cluster.service] [node_t1] will process [zen-disco-receive(from master [master {node_t0}{UOcNf_NsQdaP7Ug0iBP3sA}{127.0.0.1}{127.0.0.1:30233}[mode=>network] committed version [9]])]
[2016-04-18 03:04:38,393][DEBUG][org.elasticsearch.cluster.service] [node_t1] processing [zen-disco-receive(from master [master {node_t0}{UOcNf_NsQdaP7Ug0iBP3sA}{127.0.0.1}{127.0.0.1:30233}[mode=>network] committed version [9]])]: execute
[2016-04-18 03:04:38,393][TRACE][org.elasticsearch.cluster.service] [node_t2] will process [zen-disco-receive(from master [master {node_t0}{UOcNf_NsQdaP7Ug0iBP3sA}{127.0.0.1}{127.0.0.1:30233}[mode=>network] committed version [9]])]
[2016-04-18 03:04:38,393][DEBUG][org.elasticsearch.cluster.service] [node_t2] processing [zen-disco-receive(from master [master {node_t0}{UOcNf_NsQdaP7Ug0iBP3sA}{127.0.0.1}{127.0.0.1:30233}[mode=>network] committed version [9]])]: execute
[2016-04-18 03:04:38,394][TRACE][org.elasticsearch.cluster.service] [node_t1] cluster state updated, source [zen-disco-receive(from master [master {node_t0}{UOcNf_NsQdaP7Ug0iBP3sA}{127.0.0.1}{127.0.0.1:30233}[mode=>network] committed version [9]])]
version: 9
state uuid: paHC94o1QXe-y0g42dgd9w
from_diff: false
meta data version: 7
nodes: 
   {node_t1}{pRJUXGfrSTKvMfhmUdh1lg}{127.0.0.1}{127.0.0.1:30234}[mode=>network], local
   {node_t0}{UOcNf_NsQdaP7Ug0iBP3sA}{127.0.0.1}{127.0.0.1:30233}[mode=>network], master
   {node_t2}{IMl99BG9Q_KrajZjP3Yx-g}{127.0.0.1}{127.0.0.1:30235}[mode=>network]
routing_table (version 6):
-- index [test]
----shard_id [test][0]
--------[test][0], node[pRJUXGfrSTKvMfhmUdh1lg], [P], v[6], s[STARTED], a[id=nnYCl-aETwisWdJ34DxgNA]
--------[test][0], node[UOcNf_NsQdaP7Ug0iBP3sA], [R], v[6], s[STARTED], a[id=jZ1thaZxQgKjLy0g92V4Vg]
--------[test][0], node[null], [R], v[6], s[UNASSIGNED], unassigned_info[[reason=NODE_LEFT], at[2016-04-18T07:04:35.378Z], details[node_left[IMl99BG9Q_KrajZjP3Yx-g]]]

routing_nodes:
-----node_id[IMl99BG9Q_KrajZjP3Yx-g][V]
-----node_id[pRJUXGfrSTKvMfhmUdh1lg][V]
--------[test][0], node[pRJUXGfrSTKvMfhmUdh1lg], [P], v[6], s[STARTED], a[id=nnYCl-aETwisWdJ34DxgNA]
-----node_id[UOcNf_NsQdaP7Ug0iBP3sA][V]
--------[test][0], node[UOcNf_NsQdaP7Ug0iBP3sA], [R], v[6], s[STARTED], a[id=jZ1thaZxQgKjLy0g92V4Vg]
---- unassigned
--------[test][0], node[null], [R], v[6], s[UNASSIGNED], unassigned_info[[reason=NODE_LEFT], at[2016-04-18T07:04:35.378Z], details[node_left[IMl99BG9Q_KrajZjP3Yx-g]]]

[2016-04-18 03:04:38,394][TRACE][org.elasticsearch.cluster.service] [node_t2] cluster state updated, source [zen-disco-receive(from master [master {node_t0}{UOcNf_NsQdaP7Ug0iBP3sA}{127.0.0.1}{127.0.0.1:30233}[mode=>network] committed version [9]])]
version: 9
state uuid: paHC94o1QXe-y0g42dgd9w
from_diff: false
meta data version: 7
nodes: 
   {node_t1}{pRJUXGfrSTKvMfhmUdh1lg}{127.0.0.1}{127.0.0.1:30234}[mode=>network]
   {node_t0}{UOcNf_NsQdaP7Ug0iBP3sA}{127.0.0.1}{127.0.0.1:30233}[mode=>network], master
   {node_t2}{IMl99BG9Q_KrajZjP3Yx-g}{127.0.0.1}{127.0.0.1:30235}[mode=>network], local
routing_table (version 6):
-- index [test]
----shard_id [test][0]
--------[test][0], node[pRJUXGfrSTKvMfhmUdh1lg], [P], v[6], s[STARTED], a[id=nnYCl-aETwisWdJ34DxgNA]
--------[test][0], node[UOcNf_NsQdaP7Ug0iBP3sA], [R], v[6], s[STARTED], a[id=jZ1thaZxQgKjLy0g92V4Vg]
--------[test][0], node[null], [R], v[6], s[UNASSIGNED], unassigned_info[[reason=NODE_LEFT], at[2016-04-18T07:04:35.378Z], details[node_left[IMl99BG9Q_KrajZjP3Yx-g]]]

routing_nodes:
-----node_id[IMl99BG9Q_KrajZjP3Yx-g][V]
-----node_id[pRJUXGfrSTKvMfhmUdh1lg][V]
--------[test][0], node[pRJUXGfrSTKvMfhmUdh1lg], [P], v[6], s[STARTED], a[id=nnYCl-aETwisWdJ34DxgNA]
-----node_id[UOcNf_NsQdaP7Ug0iBP3sA][V]
--------[test][0], node[UOcNf_NsQdaP7Ug0iBP3sA], [R], v[6], s[STARTED], a[id=jZ1thaZxQgKjLy0g92V4Vg]
---- unassigned
--------[test][0], node[null], [R], v[6], s[UNASSIGNED], unassigned_info[[reason=NODE_LEFT], at[2016-04-18T07:04:35.378Z], details[node_left[IMl99BG9Q_KrajZjP3Yx-g]]]

[2016-04-18 03:04:38,394][INFO ][org.elasticsearch.cluster.service] [node_t1] added {{node_t2}{IMl99BG9Q_KrajZjP3Yx-g}{127.0.0.1}{127.0.0.1:30235}[mode=>network],}, reason: zen-disco-receive(from master [master {node_t0}{UOcNf_NsQdaP7Ug0iBP3sA}{127.0.0.1}{127.0.0.1:30233}[mode=>network] committed version [9]])
[2016-04-18 03:04:38,394][INFO ][org.elasticsearch.cluster.service] [node_t2] detected_master {node_t0}{UOcNf_NsQdaP7Ug0iBP3sA}{127.0.0.1}{127.0.0.1:30233}[mode=>network], reason: zen-disco-receive(from master [master {node_t0}{UOcNf_NsQdaP7Ug0iBP3sA}{127.0.0.1}{127.0.0.1:30233}[mode=>network] committed version [9]])
[2016-04-18 03:04:38,394][DEBUG][org.elasticsearch.cluster.service] [node_t2] set local cluster state to version 9
[2016-04-18 03:04:38,396][DEBUG][org.elasticsearch.cluster.service] [node_t1] set local cluster state to version 9
[2016-04-18 03:04:38,396][DEBUG][org.elasticsearch.cluster.service] [node_t1] processing [zen-disco-receive(from master [master {node_t0}{UOcNf_NsQdaP7Ug0iBP3sA}{127.0.0.1}{127.0.0.1:30233}[mode=>network] committed version [9]])]: took 2ms done applying updated cluster_state (version: 9, uuid: paHC94o1QXe-y0g42dgd9w)
[2016-04-18 03:04:38,402][DEBUG][org.elasticsearch.cluster.service] [node_t2] processing [zen-disco-receive(from master [master {node_t0}{UOcNf_NsQdaP7Ug0iBP3sA}{127.0.0.1}{127.0.0.1:30233}[mode=>network] committed version [9]])]: took 9ms done applying updated cluster_state (version: 9, uuid: paHC94o1QXe-y0g42dgd9w)
[2016-04-18 03:04:38,403][DEBUG][org.elasticsearch.cluster.service] [node_t0] set local cluster state to version 9
[2016-04-18 03:04:38,403][DEBUG][org.elasticsearch.cluster.service] [node_t0] processing [zen-disco-join(join from node[{node_t2}{IMl99BG9Q_KrajZjP3Yx-g}{127.0.0.1}{127.0.0.1:30235}[mode=>network]])]: took 11ms done applying updated cluster_state (version: 9, uuid: paHC94o1QXe-y0g42dgd9w)
[2016-04-18 03:04:38,403][TRACE][org.elasticsearch.cluster.service] [node_t0] will process [cluster_reroute(post_node_add)]
[2016-04-18 03:04:38,403][DEBUG][org.elasticsearch.cluster.service] [node_t0] processing [cluster_reroute(post_node_add)]: execute
[2016-04-18 03:04:38,403][TRACE][org.elasticsearch.cluster.service] [node_t2] will process [finalize_join ({node_t0}{UOcNf_NsQdaP7Ug0iBP3sA}{127.0.0.1}{127.0.0.1:30233}[mode=>network])]
[2016-04-18 03:04:38,403][DEBUG][org.elasticsearch.cluster.service] [node_t2] processing [finalize_join ({node_t0}{UOcNf_NsQdaP7Ug0iBP3sA}{127.0.0.1}{127.0.0.1:30233}[mode=>network])]: execute
[2016-04-18 03:04:38,403][DEBUG][org.elasticsearch.cluster.service] [node_t2] processing [finalize_join ({node_t0}{UOcNf_NsQdaP7Ug0iBP3sA}{127.0.0.1}{127.0.0.1:30233}[mode=>network])]: took 0s no change in cluster_state
[2016-04-18 03:04:38,403][DEBUG][org.elasticsearch.cluster.service] [node_t0] processing [cluster_reroute(post_node_add)]: took 0s no change in cluster_state
[2016-04-18 03:04:38,403][TRACE][org.elasticsearch.cluster.service] [node_t0] will process [cluster_health (wait_for_events [LANGUID])]
[2016-04-18 03:04:38,403][DEBUG][org.elasticsearch.cluster.service] [node_t0] processing [cluster_health (wait_for_events [LANGUID])]: execute
[2016-04-18 03:04:38,404][DEBUG][org.elasticsearch.cluster.service] [node_t0] processing [cluster_health (wait_for_events [LANGUID])]: took 0s no change in cluster_state
[2016-04-18 03:04:38,408][TRACE][org.elasticsearch.cluster.service] [node_t0] will process [cluster_reroute(async_shard_fetch)]
[2016-04-18 03:04:38,408][DEBUG][org.elasticsearch.cluster.service] [node_t0] processing [cluster_reroute(async_shard_fetch)]: execute
[2016-04-18 03:04:38,408][TRACE][org.elasticsearch.cluster.service] [node_t0] cluster state updated, source [cluster_reroute(async_shard_fetch)]
version: 10
state uuid: Sq-ZYlaHRbaAMBna35m8pA
from_diff: false
meta data version: 7
nodes: 
   {node_t1}{pRJUXGfrSTKvMfhmUdh1lg}{127.0.0.1}{127.0.0.1:30234}[mode=>network]
   {node_t0}{UOcNf_NsQdaP7Ug0iBP3sA}{127.0.0.1}{127.0.0.1:30233}[mode=>network], local, master
   {node_t2}{IMl99BG9Q_KrajZjP3Yx-g}{127.0.0.1}{127.0.0.1:30235}[mode=>network]
routing_table (version 7):
-- index [test]
----shard_id [test][0]
--------[test][0], node[IMl99BG9Q_KrajZjP3Yx-g], [R], v[7], s[INITIALIZING], a[id=-5XOM2HXSsKnQsYj4dMR6Q], unassigned_info[[reason=NODE_LEFT], at[2016-04-18T07:04:35.378Z], details[node_left[IMl99BG9Q_KrajZjP3Yx-g]]], expected_shard_size[130]
--------[test][0], node[pRJUXGfrSTKvMfhmUdh1lg], [P], v[7], s[STARTED], a[id=nnYCl-aETwisWdJ34DxgNA]
--------[test][0], node[UOcNf_NsQdaP7Ug0iBP3sA], [R], v[7], s[STARTED], a[id=jZ1thaZxQgKjLy0g92V4Vg]

routing_nodes:
-----node_id[IMl99BG9Q_KrajZjP3Yx-g][V]
--------[test][0], node[IMl99BG9Q_KrajZjP3Yx-g], [R], v[7], s[INITIALIZING], a[id=-5XOM2HXSsKnQsYj4dMR6Q], unassigned_info[[reason=NODE_LEFT], at[2016-04-18T07:04:35.378Z], details[node_left[IMl99BG9Q_KrajZjP3Yx-g]]], expected_shard_size[130]
-----node_id[pRJUXGfrSTKvMfhmUdh1lg][V]
--------[test][0], node[pRJUXGfrSTKvMfhmUdh1lg], [P], v[7], s[STARTED], a[id=nnYCl-aETwisWdJ34DxgNA]
-----node_id[UOcNf_NsQdaP7Ug0iBP3sA][V]
--------[test][0], node[UOcNf_NsQdaP7Ug0iBP3sA], [R], v[7], s[STARTED], a[id=jZ1thaZxQgKjLy0g92V4Vg]
---- unassigned

[2016-04-18 03:04:38,409][DEBUG][org.elasticsearch.cluster.service] [node_t0] publishing cluster state version [10]
[2016-04-18 03:04:38,409][TRACE][org.elasticsearch.cluster.service] [node_t1] will process [zen-disco-receive(from master [master {node_t0}{UOcNf_NsQdaP7Ug0iBP3sA}{127.0.0.1}{127.0.0.1:30233}[mode=>network] committed version [10]])]
[2016-04-18 03:04:38,409][TRACE][org.elasticsearch.cluster.service] [node_t2] will process [zen-disco-receive(from master [master {node_t0}{UOcNf_NsQdaP7Ug0iBP3sA}{127.0.0.1}{127.0.0.1:30233}[mode=>network] committed version [10]])]
[2016-04-18 03:04:38,409][DEBUG][org.elasticsearch.cluster.service] [node_t1] processing [zen-disco-receive(from master [master {node_t0}{UOcNf_NsQdaP7Ug0iBP3sA}{127.0.0.1}{127.0.0.1:30233}[mode=>network] committed version [10]])]: execute
[2016-04-18 03:04:38,409][DEBUG][org.elasticsearch.cluster.service] [node_t2] processing [zen-disco-receive(from master [master {node_t0}{UOcNf_NsQdaP7Ug0iBP3sA}{127.0.0.1}{127.0.0.1:30233}[mode=>network] committed version [10]])]: execute
[2016-04-18 03:04:38,409][TRACE][org.elasticsearch.cluster.service] [node_t1] cluster state updated, source [zen-disco-receive(from master [master {node_t0}{UOcNf_NsQdaP7Ug0iBP3sA}{127.0.0.1}{127.0.0.1:30233}[mode=>network] committed version [10]])]
version: 10
state uuid: Sq-ZYlaHRbaAMBna35m8pA
from_diff: false
meta data version: 7
nodes: 
   {node_t1}{pRJUXGfrSTKvMfhmUdh1lg}{127.0.0.1}{127.0.0.1:30234}[mode=>network], local
   {node_t0}{UOcNf_NsQdaP7Ug0iBP3sA}{127.0.0.1}{127.0.0.1:30233}[mode=>network], master
   {node_t2}{IMl99BG9Q_KrajZjP3Yx-g}{127.0.0.1}{127.0.0.1:30235}[mode=>network]
routing_table (version 7):
-- index [test]
----shard_id [test][0]
--------[test][0], node[IMl99BG9Q_KrajZjP3Yx-g], [R], v[7], s[INITIALIZING], a[id=-5XOM2HXSsKnQsYj4dMR6Q], unassigned_info[[reason=NODE_LEFT], at[2016-04-18T07:04:35.378Z], details[node_left[IMl99BG9Q_KrajZjP3Yx-g]]], expected_shard_size[130]
--------[test][0], node[pRJUXGfrSTKvMfhmUdh1lg], [P], v[7], s[STARTED], a[id=nnYCl-aETwisWdJ34DxgNA]
--------[test][0], node[UOcNf_NsQdaP7Ug0iBP3sA], [R], v[7], s[STARTED], a[id=jZ1thaZxQgKjLy0g92V4Vg]

routing_nodes:
-----node_id[IMl99BG9Q_KrajZjP3Yx-g][V]
--------[test][0], node[IMl99BG9Q_KrajZjP3Yx-g], [R], v[7], s[INITIALIZING], a[id=-5XOM2HXSsKnQsYj4dMR6Q], unassigned_info[[reason=NODE_LEFT], at[2016-04-18T07:04:35.378Z], details[node_left[IMl99BG9Q_KrajZjP3Yx-g]]], expected_shard_size[130]
-----node_id[pRJUXGfrSTKvMfhmUdh1lg][V]
--------[test][0], node[pRJUXGfrSTKvMfhmUdh1lg], [P], v[7], s[STARTED], a[id=nnYCl-aETwisWdJ34DxgNA]
-----node_id[UOcNf_NsQdaP7Ug0iBP3sA][V]
--------[test][0], node[UOcNf_NsQdaP7Ug0iBP3sA], [R], v[7], s[STARTED], a[id=jZ1thaZxQgKjLy0g92V4Vg]
---- unassigned

[2016-04-18 03:04:38,410][DEBUG][org.elasticsearch.cluster.service] [node_t1] set local cluster state to version 10
[2016-04-18 03:04:38,409][TRACE][org.elasticsearch.cluster.service] [node_t2] cluster state updated, source [zen-disco-receive(from master [master {node_t0}{UOcNf_NsQdaP7Ug0iBP3sA}{127.0.0.1}{127.0.0.1:30233}[mode=>network] committed version [10]])]
version: 10
state uuid: Sq-ZYlaHRbaAMBna35m8pA
from_diff: false
meta data version: 7
nodes: 
   {node_t1}{pRJUXGfrSTKvMfhmUdh1lg}{127.0.0.1}{127.0.0.1:30234}[mode=>network]
   {node_t0}{UOcNf_NsQdaP7Ug0iBP3sA}{127.0.0.1}{127.0.0.1:30233}[mode=>network], master
   {node_t2}{IMl99BG9Q_KrajZjP3Yx-g}{127.0.0.1}{127.0.0.1:30235}[mode=>network], local
routing_table (version 7):
-- index [test]
----shard_id [test][0]
--------[test][0], node[IMl99BG9Q_KrajZjP3Yx-g], [R], v[7], s[INITIALIZING], a[id=-5XOM2HXSsKnQsYj4dMR6Q], unassigned_info[[reason=NODE_LEFT], at[2016-04-18T07:04:35.378Z], details[node_left[IMl99BG9Q_KrajZjP3Yx-g]]], expected_shard_size[130]
--------[test][0], node[pRJUXGfrSTKvMfhmUdh1lg], [P], v[7], s[STARTED], a[id=nnYCl-aETwisWdJ34DxgNA]
--------[test][0], node[UOcNf_NsQdaP7Ug0iBP3sA], [R], v[7], s[STARTED], a[id=jZ1thaZxQgKjLy0g92V4Vg]

routing_nodes:
-----node_id[IMl99BG9Q_KrajZjP3Yx-g][V]
--------[test][0], node[IMl99BG9Q_KrajZjP3Yx-g], [R], v[7], s[INITIALIZING], a[id=-5XOM2HXSsKnQsYj4dMR6Q], unassigned_info[[reason=NODE_LEFT], at[2016-04-18T07:04:35.378Z], details[node_left[IMl99BG9Q_KrajZjP3Yx-g]]], expected_shard_size[130]
-----node_id[pRJUXGfrSTKvMfhmUdh1lg][V]
--------[test][0], node[pRJUXGfrSTKvMfhmUdh1lg], [P], v[7], s[STARTED], a[id=nnYCl-aETwisWdJ34DxgNA]
-----node_id[UOcNf_NsQdaP7Ug0iBP3sA][V]
--------[test][0], node[UOcNf_NsQdaP7Ug0iBP3sA], [R], v[7], s[STARTED], a[id=jZ1thaZxQgKjLy0g92V4Vg]
---- unassigned

[2016-04-18 03:04:38,410][DEBUG][org.elasticsearch.cluster.service] [node_t2] set local cluster state to version 10
[2016-04-18 03:04:38,412][DEBUG][org.elasticsearch.cluster.service] [node_t1] processing [zen-disco-receive(from master [master {node_t0}{UOcNf_NsQdaP7Ug0iBP3sA}{127.0.0.1}{127.0.0.1:30233}[mode=>network] committed version [10]])]: took 2ms done applying updated cluster_state (version: 10, uuid: Sq-ZYlaHRbaAMBna35m8pA)
[2016-04-18 03:04:38,416][DEBUG][org.elasticsearch.cluster.service] [node_t2] processing [zen-disco-receive(from master [master {node_t0}{UOcNf_NsQdaP7Ug0iBP3sA}{127.0.0.1}{127.0.0.1:30233}[mode=>network] committed version [10]])]: took 6ms done applying updated cluster_state (version: 10, uuid: Sq-ZYlaHRbaAMBna35m8pA)
[2016-04-18 03:04:38,416][DEBUG][org.elasticsearch.cluster.service] [node_t0] set local cluster state to version 10
[2016-04-18 03:04:38,419][DEBUG][org.elasticsearch.cluster.service] [node_t0] processing [cluster_reroute(async_shard_fetch)]: took 10ms done applying updated cluster_state (version: 10, uuid: Sq-ZYlaHRbaAMBna35m8pA)
[2016-04-18 03:04:38,452][TRACE][org.elasticsearch.cluster.service] [node_t0] will process [shard-started ([test][0], node[IMl99BG9Q_KrajZjP3Yx-g], [R], v[7], s[INITIALIZING], a[id=-5XOM2HXSsKnQsYj4dMR6Q], unassigned_info[[reason=NODE_LEFT], at[2016-04-18T07:04:35.378Z], details[node_left[IMl99BG9Q_KrajZjP3Yx-g]]], expected_shard_size[130]), reason [after recovery (replica) from node [{node_t1}{pRJUXGfrSTKvMfhmUdh1lg}{127.0.0.1}{127.0.0.1:30234}[mode=>network]]]]
[2016-04-18 03:04:38,452][DEBUG][org.elasticsearch.cluster.service] [node_t0] processing [shard-started ([test][0], node[IMl99BG9Q_KrajZjP3Yx-g], [R], v[7], s[INITIALIZING], a[id=-5XOM2HXSsKnQsYj4dMR6Q], unassigned_info[[reason=NODE_LEFT], at[2016-04-18T07:04:35.378Z], details[node_left[IMl99BG9Q_KrajZjP3Yx-g]]], expected_shard_size[130]), reason [after recovery (replica) from node [{node_t1}{pRJUXGfrSTKvMfhmUdh1lg}{127.0.0.1}{127.0.0.1:30234}[mode=>network]]]]: execute
[2016-04-18 03:04:38,452][TRACE][org.elasticsearch.cluster.service] [node_t0] cluster state updated, source [shard-started ([test][0], node[IMl99BG9Q_KrajZjP3Yx-g], [R], v[7], s[INITIALIZING], a[id=-5XOM2HXSsKnQsYj4dMR6Q], unassigned_info[[reason=NODE_LEFT], at[2016-04-18T07:04:35.378Z], details[node_left[IMl99BG9Q_KrajZjP3Yx-g]]], expected_shard_size[130]), reason [after recovery (replica) from node [{node_t1}{pRJUXGfrSTKvMfhmUdh1lg}{127.0.0.1}{127.0.0.1:30234}[mode=>network]]]]
version: 11
state uuid: 1_8h4qyCSauNyyukuT2-XQ
from_diff: false
meta data version: 8
nodes: 
   {node_t1}{pRJUXGfrSTKvMfhmUdh1lg}{127.0.0.1}{127.0.0.1:30234}[mode=>network]
   {node_t0}{UOcNf_NsQdaP7Ug0iBP3sA}{127.0.0.1}{127.0.0.1:30233}[mode=>network], local, master
   {node_t2}{IMl99BG9Q_KrajZjP3Yx-g}{127.0.0.1}{127.0.0.1:30235}[mode=>network]
routing_table (version 8):
-- index [test]
----shard_id [test][0]
--------[test][0], node[IMl99BG9Q_KrajZjP3Yx-g], [R], v[8], s[STARTED], a[id=-5XOM2HXSsKnQsYj4dMR6Q]
--------[test][0], node[pRJUXGfrSTKvMfhmUdh1lg], [P], v[8], s[STARTED], a[id=nnYCl-aETwisWdJ34DxgNA]
--------[test][0], node[UOcNf_NsQdaP7Ug0iBP3sA], [R], v[8], s[STARTED], a[id=jZ1thaZxQgKjLy0g92V4Vg]

routing_nodes:
-----node_id[IMl99BG9Q_KrajZjP3Yx-g][V]
--------[test][0], node[IMl99BG9Q_KrajZjP3Yx-g], [R], v[8], s[STARTED], a[id=-5XOM2HXSsKnQsYj4dMR6Q]
-----node_id[pRJUXGfrSTKvMfhmUdh1lg][V]
--------[test][0], node[pRJUXGfrSTKvMfhmUdh1lg], [P], v[8], s[STARTED], a[id=nnYCl-aETwisWdJ34DxgNA]
-----node_id[UOcNf_NsQdaP7Ug0iBP3sA][V]
--------[test][0], node[UOcNf_NsQdaP7Ug0iBP3sA], [R], v[8], s[STARTED], a[id=jZ1thaZxQgKjLy0g92V4Vg]
---- unassigned

[2016-04-18 03:04:38,453][DEBUG][org.elasticsearch.cluster.service] [node_t0] publishing cluster state version [11]
[2016-04-18 03:04:38,453][TRACE][org.elasticsearch.cluster.service] [node_t2] will process [zen-disco-receive(from master [master {node_t0}{UOcNf_NsQdaP7Ug0iBP3sA}{127.0.0.1}{127.0.0.1:30233}[mode=>network] committed version [11]])]
[2016-04-18 03:04:38,453][TRACE][org.elasticsearch.cluster.service] [node_t1] will process [zen-disco-receive(from master [master {node_t0}{UOcNf_NsQdaP7Ug0iBP3sA}{127.0.0.1}{127.0.0.1:30233}[mode=>network] committed version [11]])]
[2016-04-18 03:04:38,453][DEBUG][org.elasticsearch.cluster.service] [node_t2] processing [zen-disco-receive(from master [master {node_t0}{UOcNf_NsQdaP7Ug0iBP3sA}{127.0.0.1}{127.0.0.1:30233}[mode=>network] committed version [11]])]: execute
[2016-04-18 03:04:38,453][DEBUG][org.elasticsearch.cluster.service] [node_t1] processing [zen-disco-receive(from master [master {node_t0}{UOcNf_NsQdaP7Ug0iBP3sA}{127.0.0.1}{127.0.0.1:30233}[mode=>network] committed version [11]])]: execute
[2016-04-18 03:04:38,453][TRACE][org.elasticsearch.cluster.service] [node_t2] cluster state updated, source [zen-disco-receive(from master [master {node_t0}{UOcNf_NsQdaP7Ug0iBP3sA}{127.0.0.1}{127.0.0.1:30233}[mode=>network] committed version [11]])]
version: 11
state uuid: 1_8h4qyCSauNyyukuT2-XQ
from_diff: false
meta data version: 8
nodes: 
   {node_t1}{pRJUXGfrSTKvMfhmUdh1lg}{127.0.0.1}{127.0.0.1:30234}[mode=>network]
   {node_t0}{UOcNf_NsQdaP7Ug0iBP3sA}{127.0.0.1}{127.0.0.1:30233}[mode=>network], master
   {node_t2}{IMl99BG9Q_KrajZjP3Yx-g}{127.0.0.1}{127.0.0.1:30235}[mode=>network], local
routing_table (version 8):
-- index [test]
----shard_id [test][0]
--------[test][0], node[IMl99BG9Q_KrajZjP3Yx-g], [R], v[8], s[STARTED], a[id=-5XOM2HXSsKnQsYj4dMR6Q]
--------[test][0], node[pRJUXGfrSTKvMfhmUdh1lg], [P], v[8], s[STARTED], a[id=nnYCl-aETwisWdJ34DxgNA]
--------[test][0], node[UOcNf_NsQdaP7Ug0iBP3sA], [R], v[8], s[STARTED], a[id=jZ1thaZxQgKjLy0g92V4Vg]

routing_nodes:
-----node_id[IMl99BG9Q_KrajZjP3Yx-g][V]
--------[test][0], node[IMl99BG9Q_KrajZjP3Yx-g], [R], v[8], s[STARTED], a[id=-5XOM2HXSsKnQsYj4dMR6Q]
-----node_id[pRJUXGfrSTKvMfhmUdh1lg][V]
--------[test][0], node[pRJUXGfrSTKvMfhmUdh1lg], [P], v[8], s[STARTED], a[id=nnYCl-aETwisWdJ34DxgNA]
-----node_id[UOcNf_NsQdaP7Ug0iBP3sA][V]
--------[test][0], node[UOcNf_NsQdaP7Ug0iBP3sA], [R], v[8], s[STARTED], a[id=jZ1thaZxQgKjLy0g92V4Vg]
---- unassigned

[2016-04-18 03:04:38,453][TRACE][org.elasticsearch.cluster.service] [node_t1] cluster state updated, source [zen-disco-receive(from master [master {node_t0}{UOcNf_NsQdaP7Ug0iBP3sA}{127.0.0.1}{127.0.0.1:30233}[mode=>network] committed version [11]])]
version: 11
state uuid: 1_8h4qyCSauNyyukuT2-XQ
from_diff: false
meta data version: 8
nodes: 
   {node_t1}{pRJUXGfrSTKvMfhmUdh1lg}{127.0.0.1}{127.0.0.1:30234}[mode=>network], local
   {node_t0}{UOcNf_NsQdaP7Ug0iBP3sA}{127.0.0.1}{127.0.0.1:30233}[mode=>network], master
   {node_t2}{IMl99BG9Q_KrajZjP3Yx-g}{127.0.0.1}{127.0.0.1:30235}[mode=>network]
routing_table (version 8):
-- index [test]
----shard_id [test][0]
--------[test][0], node[IMl99BG9Q_KrajZjP3Yx-g], [R], v[8], s[STARTED], a[id=-5XOM2HXSsKnQsYj4dMR6Q]
--------[test][0], node[pRJUXGfrSTKvMfhmUdh1lg], [P], v[8], s[STARTED], a[id=nnYCl-aETwisWdJ34DxgNA]
--------[test][0], node[UOcNf_NsQdaP7Ug0iBP3sA], [R], v[8], s[STARTED], a[id=jZ1thaZxQgKjLy0g92V4Vg]

routing_nodes:
-----node_id[IMl99BG9Q_KrajZjP3Yx-g][V]
--------[test][0], node[IMl99BG9Q_KrajZjP3Yx-g], [R], v[8], s[STARTED], a[id=-5XOM2HXSsKnQsYj4dMR6Q]
-----node_id[pRJUXGfrSTKvMfhmUdh1lg][V]
--------[test][0], node[pRJUXGfrSTKvMfhmUdh1lg], [P], v[8], s[STARTED], a[id=nnYCl-aETwisWdJ34DxgNA]
-----node_id[UOcNf_NsQdaP7Ug0iBP3sA][V]
--------[test][0], node[UOcNf_NsQdaP7Ug0iBP3sA], [R], v[8], s[STARTED], a[id=jZ1thaZxQgKjLy0g92V4Vg]
---- unassigned

[2016-04-18 03:04:38,454][DEBUG][org.elasticsearch.cluster.service] [node_t2] set local cluster state to version 11
[2016-04-18 03:04:38,454][DEBUG][org.elasticsearch.cluster.service] [node_t1] set local cluster state to version 11
[2016-04-18 03:04:38,457][DEBUG][org.elasticsearch.cluster.service] [node_t2] processing [zen-disco-receive(from master [master {node_t0}{UOcNf_NsQdaP7Ug0iBP3sA}{127.0.0.1}{127.0.0.1:30233}[mode=>network] committed version [11]])]: took 3ms done applying updated cluster_state (version: 11, uuid: 1_8h4qyCSauNyyukuT2-XQ)
[2016-04-18 03:04:38,457][DEBUG][org.elasticsearch.cluster.service] [node_t1] processing [zen-disco-receive(from master [master {node_t0}{UOcNf_NsQdaP7Ug0iBP3sA}{127.0.0.1}{127.0.0.1:30233}[mode=>network] committed version [11]])]: took 3ms done applying updated cluster_state (version: 11, uuid: 1_8h4qyCSauNyyukuT2-XQ)
[2016-04-18 03:04:38,457][DEBUG][org.elasticsearch.cluster.service] [node_t0] set local cluster state to version 11
[2016-04-18 03:04:38,461][DEBUG][org.elasticsearch.cluster.service] [node_t0] processing [shard-started ([test][0], node[IMl99BG9Q_KrajZjP3Yx-g], [R], v[7], s[INITIALIZING], a[id=-5XOM2HXSsKnQsYj4dMR6Q], unassigned_info[[reason=NODE_LEFT], at[2016-04-18T07:04:35.378Z], details[node_left[IMl99BG9Q_KrajZjP3Yx-g]]], expected_shard_size[130]), reason [after recovery (replica) from node [{node_t1}{pRJUXGfrSTKvMfhmUdh1lg}{127.0.0.1}{127.0.0.1:30234}[mode=>network]]]]: took 8ms done applying updated cluster_state (version: 11, uuid: 1_8h4qyCSauNyyukuT2-XQ)
[2016-04-18 03:04:38,466][TRACE][org.elasticsearch.cluster.service] [node_t0] will process [delete-index [test]]
[2016-04-18 03:04:38,467][DEBUG][org.elasticsearch.cluster.service] [node_t0] processing [delete-index [test]]: execute
[2016-04-18 03:04:38,467][TRACE][org.elasticsearch.cluster.service] [node_t0] cluster state updated, source [delete-index [test]]
version: 12
state uuid: ersCxzypSRiEebQqQtbXNA
from_diff: false
meta data version: 9
nodes: 
   {node_t1}{pRJUXGfrSTKvMfhmUdh1lg}{127.0.0.1}{127.0.0.1:30234}[mode=>network]
   {node_t0}{UOcNf_NsQdaP7Ug0iBP3sA}{127.0.0.1}{127.0.0.1:30233}[mode=>network], local, master
   {node_t2}{IMl99BG9Q_KrajZjP3Yx-g}{127.0.0.1}{127.0.0.1:30235}[mode=>network]
routing_table (version 9):
routing_nodes:
-----node_id[IMl99BG9Q_KrajZjP3Yx-g][V]
-----node_id[pRJUXGfrSTKvMfhmUdh1lg][V]
-----node_id[UOcNf_NsQdaP7Ug0iBP3sA][V]
---- unassigned

[2016-04-18 03:04:38,467][DEBUG][org.elasticsearch.cluster.service] [node_t0] publishing cluster state version [12]
[2016-04-18 03:04:38,467][TRACE][org.elasticsearch.cluster.service] [node_t2] will process [zen-disco-receive(from master [master {node_t0}{UOcNf_NsQdaP7Ug0iBP3sA}{127.0.0.1}{127.0.0.1:30233}[mode=>network] committed version [12]])]
[2016-04-18 03:04:38,467][TRACE][org.elasticsearch.cluster.service] [node_t1] will process [zen-disco-receive(from master [master {node_t0}{UOcNf_NsQdaP7Ug0iBP3sA}{127.0.0.1}{127.0.0.1:30233}[mode=>network] committed version [12]])]
[2016-04-18 03:04:38,467][DEBUG][org.elasticsearch.cluster.service] [node_t2] processing [zen-disco-receive(from master [master {node_t0}{UOcNf_NsQdaP7Ug0iBP3sA}{127.0.0.1}{127.0.0.1:30233}[mode=>network] committed version [12]])]: execute
[2016-04-18 03:04:38,467][DEBUG][org.elasticsearch.cluster.service] [node_t1] processing [zen-disco-receive(from master [master {node_t0}{UOcNf_NsQdaP7Ug0iBP3sA}{127.0.0.1}{127.0.0.1:30233}[mode=>network] committed version [12]])]: execute
[2016-04-18 03:04:38,468][TRACE][org.elasticsearch.cluster.service] [node_t2] cluster state updated, source [zen-disco-receive(from master [master {node_t0}{UOcNf_NsQdaP7Ug0iBP3sA}{127.0.0.1}{127.0.0.1:30233}[mode=>network] committed version [12]])]
version: 12
state uuid: ersCxzypSRiEebQqQtbXNA
from_diff: false
meta data version: 9
nodes: 
   {node_t1}{pRJUXGfrSTKvMfhmUdh1lg}{127.0.0.1}{127.0.0.1:30234}[mode=>network]
   {node_t0}{UOcNf_NsQdaP7Ug0iBP3sA}{127.0.0.1}{127.0.0.1:30233}[mode=>network], master
   {node_t2}{IMl99BG9Q_KrajZjP3Yx-g}{127.0.0.1}{127.0.0.1:30235}[mode=>network], local
routing_table (version 9):
routing_nodes:
-----node_id[IMl99BG9Q_KrajZjP3Yx-g][V]
-----node_id[pRJUXGfrSTKvMfhmUdh1lg][V]
-----node_id[UOcNf_NsQdaP7Ug0iBP3sA][V]
---- unassigned

[2016-04-18 03:04:38,468][TRACE][org.elasticsearch.cluster.service] [node_t1] cluster state updated, source [zen-disco-receive(from master [master {node_t0}{UOcNf_NsQdaP7Ug0iBP3sA}{127.0.0.1}{127.0.0.1:30233}[mode=>network] committed version [12]])]
version: 12
state uuid: ersCxzypSRiEebQqQtbXNA
from_diff: false
meta data version: 9
nodes: 
   {node_t1}{pRJUXGfrSTKvMfhmUdh1lg}{127.0.0.1}{127.0.0.1:30234}[mode=>network], local
   {node_t0}{UOcNf_NsQdaP7Ug0iBP3sA}{127.0.0.1}{127.0.0.1:30233}[mode=>network], master
   {node_t2}{IMl99BG9Q_KrajZjP3Yx-g}{127.0.0.1}{127.0.0.1:30235}[mode=>network]
routing_table (version 9):
routing_nodes:
-----node_id[IMl99BG9Q_KrajZjP3Yx-g][V]
-----node_id[pRJUXGfrSTKvMfhmUdh1lg][V]
-----node_id[UOcNf_NsQdaP7Ug0iBP3sA][V]
---- unassigned

[2016-04-18 03:04:38,468][DEBUG][org.elasticsearch.cluster.service] [node_t2] set local cluster state to version 12
[2016-04-18 03:04:38,468][DEBUG][org.elasticsearch.cluster.service] [node_t1] set local cluster state to version 12
[2016-04-18 03:04:38,482][DEBUG][org.elasticsearch.cluster.service] [node_t1] processing [zen-disco-receive(from master [master {node_t0}{UOcNf_NsQdaP7Ug0iBP3sA}{127.0.0.1}{127.0.0.1:30233}[mode=>network] committed version [12]])]: took 14ms done applying updated cluster_state (version: 12, uuid: ersCxzypSRiEebQqQtbXNA)
[2016-04-18 03:04:38,482][DEBUG][org.elasticsearch.cluster.service] [node_t2] processing [zen-disco-receive(from master [master {node_t0}{UOcNf_NsQdaP7Ug0iBP3sA}{127.0.0.1}{127.0.0.1:30233}[mode=>network] committed version [12]])]: took 14ms done applying updated cluster_state (version: 12, uuid: ersCxzypSRiEebQqQtbXNA)
[2016-04-18 03:04:38,482][DEBUG][org.elasticsearch.cluster.service] [node_t0] set local cluster state to version 12
[2016-04-18 03:04:38,496][DEBUG][org.elasticsearch.cluster.service] [node_t0] processing [delete-index [test]]: took 29ms done applying updated cluster_state (version: 12, uuid: ersCxzypSRiEebQqQtbXNA)
[2016-04-18 03:04:38,496][TRACE][org.elasticsearch.cluster.service] [node_t0] will process [delete_repository [*]]
[2016-04-18 03:04:38,496][DEBUG][org.elasticsearch.cluster.service] [node_t0] processing [delete_repository [*]]: execute
[2016-04-18 03:04:38,496][DEBUG][org.elasticsearch.cluster.service] [node_t0] processing [delete_repository [*]]: took 0s no change in cluster_state
[2016-04-18 03:04:38,497][TRACE][org.elasticsearch.cluster.service] [node_t1] will process [zen-disco-master_failed ({node_t0}{UOcNf_NsQdaP7Ug0iBP3sA}{127.0.0.1}{127.0.0.1:30233}[mode=>network])]
[2016-04-18 03:04:38,497][TRACE][org.elasticsearch.cluster.service] [node_t2] will process [zen-disco-master_failed ({node_t0}{UOcNf_NsQdaP7Ug0iBP3sA}{127.0.0.1}{127.0.0.1:30233}[mode=>network])]
[2016-04-18 03:04:38,497][DEBUG][org.elasticsearch.cluster.service] [node_t1] processing [zen-disco-master_failed ({node_t0}{UOcNf_NsQdaP7Ug0iBP3sA}{127.0.0.1}{127.0.0.1:30233}[mode=>network])]: execute
[2016-04-18 03:04:38,497][DEBUG][org.elasticsearch.cluster.service] [node_t2] processing [zen-disco-master_failed ({node_t0}{UOcNf_NsQdaP7Ug0iBP3sA}{127.0.0.1}{127.0.0.1:30233}[mode=>network])]: execute
[2016-04-18 03:04:38,497][WARN ][org.elasticsearch.discovery.zen] [node_t1] master left (reason = shut_down), current nodes: {{node_t1}{pRJUXGfrSTKvMfhmUdh1lg}{127.0.0.1}{127.0.0.1:30234}[mode=>network],{node_t2}{IMl99BG9Q_KrajZjP3Yx-g}{127.0.0.1}{127.0.0.1:30235}[mode=>network],}
[2016-04-18 03:04:38,497][WARN ][org.elasticsearch.discovery.zen] [node_t2] master left (reason = shut_down), current nodes: {{node_t1}{pRJUXGfrSTKvMfhmUdh1lg}{127.0.0.1}{127.0.0.1:30234}[mode=>network],{node_t2}{IMl99BG9Q_KrajZjP3Yx-g}{127.0.0.1}{127.0.0.1:30235}[mode=>network],}
[2016-04-18 03:04:38,497][TRACE][org.elasticsearch.cluster.service] [node_t1] cluster state updated, source [zen-disco-master_failed ({node_t0}{UOcNf_NsQdaP7Ug0iBP3sA}{127.0.0.1}{127.0.0.1:30233}[mode=>network])]
version: 12
state uuid: ersCxzypSRiEebQqQtbXNA
from_diff: false
meta data version: 9
blocks: 
   _global_:
      2,no master, blocks WRITE,METADATA_WRITE
nodes: 
   {node_t1}{pRJUXGfrSTKvMfhmUdh1lg}{127.0.0.1}{127.0.0.1:30234}[mode=>network], local
   {node_t2}{IMl99BG9Q_KrajZjP3Yx-g}{127.0.0.1}{127.0.0.1:30235}[mode=>network]
routing_table (version 9):
routing_nodes:
-----node_id[IMl99BG9Q_KrajZjP3Yx-g][V]
-----node_id[pRJUXGfrSTKvMfhmUdh1lg][V]
---- unassigned

[2016-04-18 03:04:38,497][TRACE][org.elasticsearch.cluster.service] [node_t2] cluster state updated, source [zen-disco-master_failed ({node_t0}{UOcNf_NsQdaP7Ug0iBP3sA}{127.0.0.1}{127.0.0.1:30233}[mode=>network])]
version: 12
state uuid: ersCxzypSRiEebQqQtbXNA
from_diff: false
meta data version: 9
blocks: 
   _global_:
      2,no master, blocks WRITE,METADATA_WRITE
nodes: 
   {node_t1}{pRJUXGfrSTKvMfhmUdh1lg}{127.0.0.1}{127.0.0.1:30234}[mode=>network]
   {node_t2}{IMl99BG9Q_KrajZjP3Yx-g}{127.0.0.1}{127.0.0.1:30235}[mode=>network], local
routing_table (version 9):
routing_nodes:
-----node_id[IMl99BG9Q_KrajZjP3Yx-g][V]
-----node_id[pRJUXGfrSTKvMfhmUdh1lg][V]
---- unassigned

[2016-04-18 03:04:38,497][INFO ][org.elasticsearch.cluster.service] [node_t1] removed {{node_t0}{UOcNf_NsQdaP7Ug0iBP3sA}{127.0.0.1}{127.0.0.1:30233}[mode=>network],}, reason: zen-disco-master_failed ({node_t0}{UOcNf_NsQdaP7Ug0iBP3sA}{127.0.0.1}{127.0.0.1:30233}[mode=>network])
[2016-04-18 03:04:38,497][DEBUG][org.elasticsearch.cluster.service] [node_t1] set local cluster state to version 12
[2016-04-18 03:04:38,497][INFO ][org.elasticsearch.cluster.service] [node_t2] removed {{node_t0}{UOcNf_NsQdaP7Ug0iBP3sA}{127.0.0.1}{127.0.0.1:30233}[mode=>network],}, reason: zen-disco-master_failed ({node_t0}{UOcNf_NsQdaP7Ug0iBP3sA}{127.0.0.1}{127.0.0.1:30233}[mode=>network])
[2016-04-18 03:04:38,498][DEBUG][org.elasticsearch.cluster.service] [node_t2] set local cluster state to version 12
[2016-04-18 03:04:38,498][DEBUG][org.elasticsearch.cluster.service] [node_t1] processing [zen-disco-master_failed ({node_t0}{UOcNf_NsQdaP7Ug0iBP3sA}{127.0.0.1}{127.0.0.1:30233}[mode=>network])]: took 0s done applying updated cluster_state (version: 12, uuid: ersCxzypSRiEebQqQtbXNA)
[2016-04-18 03:04:38,498][DEBUG][org.elasticsearch.cluster.service] [node_t2] processing [zen-disco-master_failed ({node_t0}{UOcNf_NsQdaP7Ug0iBP3sA}{127.0.0.1}{127.0.0.1:30233}[mode=>network])]: took 0s done applying updated cluster_state (version: 12, uuid: ersCxzypSRiEebQqQtbXNA)
[2016-04-18 03:04:38,531][DEBUG][org.elasticsearch.discovery.zen.elect] [node_t0] using minimum_master_nodes [3]
[2016-04-18 03:04:38,531][DEBUG][org.elasticsearch.discovery.zen.ping.unicast] [node_t0] using initial hosts [127.0.0.1:30236], with concurrent_connects [10]
[2016-04-18 03:04:38,531][DEBUG][org.elasticsearch.discovery.zen] [node_t0] using ping_timeout [3s], join.timeout [10s], master_election.filter_client [true], master_election.filter_data [false]
[2016-04-18 03:04:38,531][DEBUG][org.elasticsearch.discovery.zen.fd] [node_t0] [master] uses ping_interval [1s], ping_timeout [1s], ping_retries [1]
[2016-04-18 03:04:38,531][DEBUG][org.elasticsearch.discovery.zen.fd] [node_t0] [node  ] uses ping_interval [1s], ping_timeout [1s], ping_retries [1]
[2016-04-18 03:04:38,544][TRACE][org.elasticsearch.cluster.service] [node_t0] will process [initial_join]
[2016-04-18 03:04:38,544][DEBUG][org.elasticsearch.cluster.service] [node_t0] processing [initial_join]: execute
[2016-04-18 03:04:38,544][DEBUG][org.elasticsearch.cluster.service] [node_t0] processing [initial_join]: took 0s no change in cluster_state
[2016-04-18 03:04:38,544][TRACE][org.elasticsearch.discovery.zen] [node_t0] starting to accumulate joins
[2016-04-18 03:04:38,545][TRACE][org.elasticsearch.discovery.zen] [node_t0] starting to ping
[2016-04-18 03:04:38,545][TRACE][org.elasticsearch.discovery.zen.ping.unicast] [node_t0] [1] sending to {node_t0}{RuBiuqtkQm2dP64SVfJtEw}{127.0.0.1}{127.0.0.1:30236}[mode=>network]
[2016-04-18 03:04:38,545][TRACE][org.elasticsearch.discovery.zen.ping.unicast] [node_t0] [1] received response from {node_t0}{RuBiuqtkQm2dP64SVfJtEw}{127.0.0.1}{127.0.0.1:30236}[mode=>network]: [ping_response{node [{node_t0}{RuBiuqtkQm2dP64SVfJtEw}{127.0.0.1}{127.0.0.1:30236}[mode=>network]], id[1160], master [null], hasJoinedOnce [false], cluster_name[TEST-CHILD_VM=[1]-CLUSTER_SEED=[7681506677330870279]-HASH=[2654A95C8CC0]-cluster]}, ping_response{node [{node_t0}{RuBiuqtkQm2dP64SVfJtEw}{127.0.0.1}{127.0.0.1:30236}[mode=>network]], id[1161], master [null], hasJoinedOnce [false], cluster_name[TEST-CHILD_VM=[1]-CLUSTER_SEED=[7681506677330870279]-HASH=[2654A95C8CC0]-cluster]}]
[2016-04-18 03:04:38,545][TRACE][org.elasticsearch.discovery.zen.ping.unicast] [node_t0] [1] sending to {node_t0}{RuBiuqtkQm2dP64SVfJtEw}{127.0.0.1}{127.0.0.1:30236}[mode=>network]
[2016-04-18 03:04:38,545][TRACE][org.elasticsearch.discovery.zen.ping.unicast] [node_t0] [1] received response from {node_t0}{RuBiuqtkQm2dP64SVfJtEw}{127.0.0.1}{127.0.0.1:30236}[mode=>network]: [ping_response{node [{node_t0}{RuBiuqtkQm2dP64SVfJtEw}{127.0.0.1}{127.0.0.1:30236}[mode=>network]], id[1160], master [null], hasJoinedOnce [false], cluster_name[TEST-CHILD_VM=[1]-CLUSTER_SEED=[7681506677330870279]-HASH=[2654A95C8CC0]-cluster]}, ping_response{node [{node_t0}{RuBiuqtkQm2dP64SVfJtEw}{127.0.0.1}{127.0.0.1:30236}[mode=>network]], id[1160], master [null], hasJoinedOnce [false], cluster_name[TEST-CHILD_VM=[1]-CLUSTER_SEED=[7681506677330870279]-HASH=[2654A95C8CC0]-cluster]}, ping_response{node [{node_t0}{RuBiuqtkQm2dP64SVfJtEw}{127.0.0.1}{127.0.0.1:30236}[mode=>network]], id[1162], master [null], hasJoinedOnce [false], cluster_name[TEST-CHILD_VM=[1]-CLUSTER_SEED=[7681506677330870279]-HASH=[2654A95C8CC0]-cluster]}]
[2016-04-18 03:04:38,560][DEBUG][org.elasticsearch.discovery.zen.elect] [node_t1] using minimum_master_nodes [3]
[2016-04-18 03:04:38,560][DEBUG][org.elasticsearch.discovery.zen.ping.unicast] [node_t1] using initial hosts [127.0.0.1:30236], with concurrent_connects [10]
[2016-04-18 03:04:38,560][DEBUG][org.elasticsearch.discovery.zen] [node_t1] using ping_timeout [3s], join.timeout [10s], master_election.filter_client [true], master_election.filter_data [false]
[2016-04-18 03:04:38,560][DEBUG][org.elasticsearch.discovery.zen.fd] [node_t1] [master] uses ping_interval [1s], ping_timeout [1s], ping_retries [1]
[2016-04-18 03:04:38,560][DEBUG][org.elasticsearch.discovery.zen.fd] [node_t1] [node  ] uses ping_interval [1s], ping_timeout [1s], ping_retries [1]
[2016-04-18 03:04:38,573][TRACE][org.elasticsearch.cluster.service] [node_t1] will process [initial_join]
[2016-04-18 03:04:38,573][DEBUG][org.elasticsearch.cluster.service] [node_t1] processing [initial_join]: execute
[2016-04-18 03:04:38,573][DEBUG][org.elasticsearch.cluster.service] [node_t1] processing [initial_join]: took 0s no change in cluster_state
[2016-04-18 03:04:38,574][TRACE][org.elasticsearch.discovery.zen] [node_t1] starting to accumulate joins
[2016-04-18 03:04:38,574][TRACE][org.elasticsearch.discovery.zen] [node_t1] starting to ping
[2016-04-18 03:04:38,574][TRACE][org.elasticsearch.discovery.zen.ping.unicast] [node_t1] [1] sending to {node_t1}{sYyNIAWbQgubikMHt73xvg}{127.0.0.1}{127.0.0.1:30237}[mode=>network]
[2016-04-18 03:04:38,574][TRACE][org.elasticsearch.discovery.zen.ping.unicast] [node_t1] [1] connecting (light) to {#zen_unicast_1#}{127.0.0.1}{127.0.0.1:30236}
[2016-04-18 03:04:38,574][TRACE][org.elasticsearch.discovery.zen.ping.unicast] [node_t1] [1] received response from {node_t1}{sYyNIAWbQgubikMHt73xvg}{127.0.0.1}{127.0.0.1:30237}[mode=>network]: [ping_response{node [{node_t1}{sYyNIAWbQgubikMHt73xvg}{127.0.0.1}{127.0.0.1:30237}[mode=>network]], id[1163], master [null], hasJoinedOnce [false], cluster_name[TEST-CHILD_VM=[1]-CLUSTER_SEED=[7681506677330870279]-HASH=[2654A95C8CC0]-cluster]}, ping_response{node [{node_t1}{sYyNIAWbQgubikMHt73xvg}{127.0.0.1}{127.0.0.1:30237}[mode=>network]], id[1164], master [null], hasJoinedOnce [false], cluster_name[TEST-CHILD_VM=[1]-CLUSTER_SEED=[7681506677330870279]-HASH=[2654A95C8CC0]-cluster]}]
[2016-04-18 03:04:38,574][TRACE][org.elasticsearch.discovery.zen.ping.unicast] [node_t1] [1] connected to {#zen_unicast_1#}{127.0.0.1}{127.0.0.1:30236}
[2016-04-18 03:04:38,574][TRACE][org.elasticsearch.discovery.zen.ping.unicast] [node_t1] [1] sending to {#zen_unicast_1#}{127.0.0.1}{127.0.0.1:30236}
[2016-04-18 03:04:38,575][TRACE][org.elasticsearch.discovery.zen.ping.unicast] [node_t1] [1] received response from {#zen_unicast_1#}{127.0.0.1}{127.0.0.1:30236}: [ping_response{node [{node_t0}{RuBiuqtkQm2dP64SVfJtEw}{127.0.0.1}{127.0.0.1:30236}[mode=>network]], id[1160], master [null], hasJoinedOnce [false], cluster_name[TEST-CHILD_VM=[1]-CLUSTER_SEED=[7681506677330870279]-HASH=[2654A95C8CC0]-cluster]}, ping_response{node [{node_t0}{RuBiuqtkQm2dP64SVfJtEw}{127.0.0.1}{127.0.0.1:30236}[mode=>network]], id[1160], master [null], hasJoinedOnce [false], cluster_name[TEST-CHILD_VM=[1]-CLUSTER_SEED=[7681506677330870279]-HASH=[2654A95C8CC0]-cluster]}, ping_response{node [{node_t1}{sYyNIAWbQgubikMHt73xvg}{127.0.0.1}{127.0.0.1:30237}[mode=>network]], id[1163], master [null], hasJoinedOnce [false], cluster_name[TEST-CHILD_VM=[1]-CLUSTER_SEED=[7681506677330870279]-HASH=[2654A95C8CC0]-cluster]}, ping_response{node [{node_t0}{RuBiuqtkQm2dP64SVfJtEw}{127.0.0.1}{127.0.0.1:30236}[mode=>network]], id[1165], master [null], hasJoinedOnce [false], cluster_name[TEST-CHILD_VM=[1]-CLUSTER_SEED=[7681506677330870279]-HASH=[2654A95C8CC0]-cluster]}]
[2016-04-18 03:04:38,588][DEBUG][org.elasticsearch.discovery.zen.elect] [node_t2] using minimum_master_nodes [3]
[2016-04-18 03:04:38,588][DEBUG][org.elasticsearch.discovery.zen.ping.unicast] [node_t2] using initial hosts [127.0.0.1:30236], with concurrent_connects [10]
[2016-04-18 03:04:38,589][DEBUG][org.elasticsearch.discovery.zen] [node_t2] using ping_timeout [3s], join.timeout [10s], master_election.filter_client [true], master_election.filter_data [false]
[2016-04-18 03:04:38,589][DEBUG][org.elasticsearch.discovery.zen.fd] [node_t2] [master] uses ping_interval [1s], ping_timeout [1s], ping_retries [1]
[2016-04-18 03:04:38,589][DEBUG][org.elasticsearch.discovery.zen.fd] [node_t2] [node  ] uses ping_interval [1s], ping_timeout [1s], ping_retries [1]
[2016-04-18 03:04:38,601][TRACE][org.elasticsearch.cluster.service] [node_t2] will process [initial_join]
[2016-04-18 03:04:38,601][DEBUG][org.elasticsearch.cluster.service] [node_t2] processing [initial_join]: execute
[2016-04-18 03:04:38,601][DEBUG][org.elasticsearch.cluster.service] [node_t2] processing [initial_join]: took 0s no change in cluster_state
[2016-04-18 03:04:38,601][TRACE][org.elasticsearch.discovery.zen] [node_t2] starting to accumulate joins
[2016-04-18 03:04:38,601][TRACE][org.elasticsearch.discovery.zen] [node_t2] starting to ping
[2016-04-18 03:04:38,601][TRACE][org.elasticsearch.discovery.zen.ping.unicast] [node_t2] [1] sending to {node_t2}{GWh7hfd7SKGr7WmeXEQE-A}{127.0.0.1}{127.0.0.1:30238}[mode=>network]
[2016-04-18 03:04:38,601][TRACE][org.elasticsearch.discovery.zen.ping.unicast] [node_t2] [1] connecting (light) to {#zen_unicast_1#}{127.0.0.1}{127.0.0.1:30236}
[2016-04-18 03:04:38,601][TRACE][org.elasticsearch.discovery.zen.ping.unicast] [node_t2] [1] received response from {node_t2}{GWh7hfd7SKGr7WmeXEQE-A}{127.0.0.1}{127.0.0.1:30238}[mode=>network]: [ping_response{node [{node_t2}{GWh7hfd7SKGr7WmeXEQE-A}{127.0.0.1}{127.0.0.1:30238}[mode=>network]], id[1166], master [null], hasJoinedOnce [false], cluster_name[TEST-CHILD_VM=[1]-CLUSTER_SEED=[7681506677330870279]-HASH=[2654A95C8CC0]-cluster]}, ping_response{node [{node_t2}{GWh7hfd7SKGr7WmeXEQE-A}{127.0.0.1}{127.0.0.1:30238}[mode=>network]], id[1167], master [null], hasJoinedOnce [false], cluster_name[TEST-CHILD_VM=[1]-CLUSTER_SEED=[7681506677330870279]-HASH=[2654A95C8CC0]-cluster]}]
[2016-04-18 03:04:38,602][TRACE][org.elasticsearch.discovery.zen.ping.unicast] [node_t2] [1] connected to {#zen_unicast_1#}{127.0.0.1}{127.0.0.1:30236}
[2016-04-18 03:04:38,602][TRACE][org.elasticsearch.discovery.zen.ping.unicast] [node_t2] [1] sending to {#zen_unicast_1#}{127.0.0.1}{127.0.0.1:30236}
[2016-04-18 03:04:38,603][TRACE][org.elasticsearch.discovery.zen.ping.unicast] [node_t2] [1] received response from {#zen_unicast_1#}{127.0.0.1}{127.0.0.1:30236}: [ping_response{node [{node_t0}{RuBiuqtkQm2dP64SVfJtEw}{127.0.0.1}{127.0.0.1:30236}[mode=>network]], id[1160], master [null], hasJoinedOnce [false], cluster_name[TEST-CHILD_VM=[1]-CLUSTER_SEED=[7681506677330870279]-HASH=[2654A95C8CC0]-cluster]}, ping_response{node [{node_t0}{RuBiuqtkQm2dP64SVfJtEw}{127.0.0.1}{127.0.0.1:30236}[mode=>network]], id[1160], master [null], hasJoinedOnce [false], cluster_name[TEST-CHILD_VM=[1]-CLUSTER_SEED=[7681506677330870279]-HASH=[2654A95C8CC0]-cluster]}, ping_response{node [{node_t1}{sYyNIAWbQgubikMHt73xvg}{127.0.0.1}{127.0.0.1:30237}[mode=>network]], id[1163], master [null], hasJoinedOnce [false], cluster_name[TEST-CHILD_VM=[1]-CLUSTER_SEED=[7681506677330870279]-HASH=[2654A95C8CC0]-cluster]}, ping_response{node [{node_t2}{GWh7hfd7SKGr7WmeXEQE-A}{127.0.0.1}{127.0.0.1:30238}[mode=>network]], id[1166], master [null], hasJoinedOnce [false], cluster_name[TEST-CHILD_VM=[1]-CLUSTER_SEED=[7681506677330870279]-HASH=[2654A95C8CC0]-cluster]}, ping_response{node [{node_t0}{RuBiuqtkQm2dP64SVfJtEw}{127.0.0.1}{127.0.0.1:30236}[mode=>network]], id[1168], master [null], hasJoinedOnce [false], cluster_name[TEST-CHILD_VM=[1]-CLUSTER_SEED=[7681506677330870279]-HASH=[2654A95C8CC0]-cluster]}]
[2016-04-18 03:04:38,633][DEBUG][org.elasticsearch.discovery.zen.elect] [node_t3] using minimum_master_nodes [3]
[2016-04-18 03:04:38,634][DEBUG][org.elasticsearch.discovery.zen.ping.unicast] [node_t3] using initial hosts [127.0.0.1:30236], with concurrent_connects [10]
[2016-04-18 03:04:38,634][DEBUG][org.elasticsearch.discovery.zen] [node_t3] using ping_timeout [3s], join.timeout [10s], master_election.filter_client [true], master_election.filter_data [false]
[2016-04-18 03:04:38,634][DEBUG][org.elasticsearch.discovery.zen.fd] [node_t3] [master] uses ping_interval [1s], ping_timeout [1s], ping_retries [1]
[2016-04-18 03:04:38,634][DEBUG][org.elasticsearch.discovery.zen.fd] [node_t3] [node  ] uses ping_interval [1s], ping_timeout [1s], ping_retries [1]
[2016-04-18 03:04:38,648][TRACE][org.elasticsearch.cluster.service] [node_t3] will process [initial_join]
[2016-04-18 03:04:38,648][DEBUG][org.elasticsearch.cluster.service] [node_t3] processing [initial_join]: execute
[2016-04-18 03:04:38,648][DEBUG][org.elasticsearch.cluster.service] [node_t3] processing [initial_join]: took 0s no change in cluster_state
[2016-04-18 03:04:38,648][TRACE][org.elasticsearch.discovery.zen] [node_t3] starting to accumulate joins
[2016-04-18 03:04:38,648][TRACE][org.elasticsearch.discovery.zen] [node_t3] starting to ping
[2016-04-18 03:04:38,648][TRACE][org.elasticsearch.discovery.zen.ping.unicast] [node_t3] [1] sending to {node_t3}{mGmZS4sXSFijJZ9-KMznMw}{127.0.0.1}{127.0.0.1:30239}[mode=>network]
[2016-04-18 03:04:38,648][TRACE][org.elasticsearch.discovery.zen.ping.unicast] [node_t3] [1] connecting (light) to {#zen_unicast_1#}{127.0.0.1}{127.0.0.1:30236}
[2016-04-18 03:04:38,648][TRACE][org.elasticsearch.discovery.zen.ping.unicast] [node_t3] [1] received response from {node_t3}{mGmZS4sXSFijJZ9-KMznMw}{127.0.0.1}{127.0.0.1:30239}[mode=>network]: [ping_response{node [{node_t3}{mGmZS4sXSFijJZ9-KMznMw}{127.0.0.1}{127.0.0.1:30239}[mode=>network]], id[1169], master [null], hasJoinedOnce [false], cluster_name[TEST-CHILD_VM=[1]-CLUSTER_SEED=[7681506677330870279]-HASH=[2654A95C8CC0]-cluster]}, ping_response{node [{node_t3}{mGmZS4sXSFijJZ9-KMznMw}{127.0.0.1}{127.0.0.1:30239}[mode=>network]], id[1170], master [null], hasJoinedOnce [false], cluster_name[TEST-CHILD_VM=[1]-CLUSTER_SEED=[7681506677330870279]-HASH=[2654A95C8CC0]-cluster]}]
[2016-04-18 03:04:38,649][TRACE][org.elasticsearch.discovery.zen.ping.unicast] [node_t3] [1] connected to {#zen_unicast_1#}{127.0.0.1}{127.0.0.1:30236}
[2016-04-18 03:04:38,649][TRACE][org.elasticsearch.discovery.zen.ping.unicast] [node_t3] [1] sending to {#zen_unicast_1#}{127.0.0.1}{127.0.0.1:30236}
[2016-04-18 03:04:38,650][TRACE][org.elasticsearch.discovery.zen.ping.unicast] [node_t3] [1] received response from {#zen_unicast_1#}{127.0.0.1}{127.0.0.1:30236}: [ping_response{node [{node_t0}{RuBiuqtkQm2dP64SVfJtEw}{127.0.0.1}{127.0.0.1:30236}[mode=>network]], id[1160], master [null], hasJoinedOnce [false], cluster_name[TEST-CHILD_VM=[1]-CLUSTER_SEED=[7681506677330870279]-HASH=[2654A95C8CC0]-cluster]}, ping_response{node [{node_t0}{RuBiuqtkQm2dP64SVfJtEw}{127.0.0.1}{127.0.0.1:30236}[mode=>network]], id[1160], master [null], hasJoinedOnce [false], cluster_name[TEST-CHILD_VM=[1]-CLUSTER_SEED=[7681506677330870279]-HASH=[2654A95C8CC0]-cluster]}, ping_response{node [{node_t1}{sYyNIAWbQgubikMHt73xvg}{127.0.0.1}{127.0.0.1:30237}[mode=>network]], id[1163], master [null], hasJoinedOnce [false], cluster_name[TEST-CHILD_VM=[1]-CLUSTER_SEED=[7681506677330870279]-HASH=[2654A95C8CC0]-cluster]}, ping_response{node [{node_t2}{GWh7hfd7SKGr7WmeXEQE-A}{127.0.0.1}{127.0.0.1:30238}[mode=>network]], id[1166], master [null], hasJoinedOnce [false], cluster_name[TEST-CHILD_VM=[1]-CLUSTER_SEED=[7681506677330870279]-HASH=[2654A95C8CC0]-cluster]}, ping_response{node [{node_t3}{mGmZS4sXSFijJZ9-KMznMw}{127.0.0.1}{127.0.0.1:30239}[mode=>network]], id[1169], master [null], hasJoinedOnce [false], cluster_name[TEST-CHILD_VM=[1]-CLUSTER_SEED=[7681506677330870279]-HASH=[2654A95C8CC0]-cluster]}, ping_response{node [{node_t0}{RuBiuqtkQm2dP64SVfJtEw}{127.0.0.1}{127.0.0.1:30236}[mode=>network]], id[1171], master [null], hasJoinedOnce [false], cluster_name[TEST-CHILD_VM=[1]-CLUSTER_SEED=[7681506677330870279]-HASH=[2654A95C8CC0]-cluster]}]
[2016-04-18 03:04:40,045][TRACE][org.elasticsearch.discovery.zen.ping.unicast] [node_t0] [1] sending to {node_t0}{RuBiuqtkQm2dP64SVfJtEw}{127.0.0.1}{127.0.0.1:30236}[mode=>network]
[2016-04-18 03:04:40,045][TRACE][org.elasticsearch.discovery.zen.ping.unicast] [node_t0] [1] received response from {node_t0}{RuBiuqtkQm2dP64SVfJtEw}{127.0.0.1}{127.0.0.1:30236}[mode=>network]: [ping_response{node [{node_t0}{RuBiuqtkQm2dP64SVfJtEw}{127.0.0.1}{127.0.0.1:30236}[mode=>network]], id[1160], master [null], hasJoinedOnce [false], cluster_name[TEST-CHILD_VM=[1]-CLUSTER_SEED=[7681506677330870279]-HASH=[2654A95C8CC0]-cluster]}, ping_response{node [{node_t0}{RuBiuqtkQm2dP64SVfJtEw}{127.0.0.1}{127.0.0.1:30236}[mode=>network]], id[1160], master [null], hasJoinedOnce [false], cluster_name[TEST-CHILD_VM=[1]-CLUSTER_SEED=[7681506677330870279]-HASH=[2654A95C8CC0]-cluster]}, ping_response{node [{node_t1}{sYyNIAWbQgubikMHt73xvg}{127.0.0.1}{127.0.0.1:30237}[mode=>network]], id[1163], master [null], hasJoinedOnce [false], cluster_name[TEST-CHILD_VM=[1]-CLUSTER_SEED=[7681506677330870279]-HASH=[2654A95C8CC0]-cluster]}, ping_response{node [{node_t2}{GWh7hfd7SKGr7WmeXEQE-A}{127.0.0.1}{127.0.0.1:30238}[mode=>network]], id[1166], master [null], hasJoinedOnce [false], cluster_name[TEST-CHILD_VM=[1]-CLUSTER_SEED=[7681506677330870279]-HASH=[2654A95C8CC0]-cluster]}, ping_response{node [{node_t3}{mGmZS4sXSFijJZ9-KMznMw}{127.0.0.1}{127.0.0.1:30239}[mode=>network]], id[1169], master [null], hasJoinedOnce [false], cluster_name[TEST-CHILD_VM=[1]-CLUSTER_SEED=[7681506677330870279]-HASH=[2654A95C8CC0]-cluster]}, ping_response{node [{node_t0}{RuBiuqtkQm2dP64SVfJtEw}{127.0.0.1}{127.0.0.1:30236}[mode=>network]], id[1172], master [null], hasJoinedOnce [false], cluster_name[TEST-CHILD_VM=[1]-CLUSTER_SEED=[7681506677330870279]-HASH=[2654A95C8CC0]-cluster]}, ping_response{node [{node_t0}{RuBiuqtkQm2dP64SVfJtEw}{127.0.0.1}{127.0.0.1:30236}[mode=>network]], id[1173], master [null], hasJoinedOnce [false], cluster_name[TEST-CHILD_VM=[1]-CLUSTER_SEED=[7681506677330870279]-HASH=[2654A95C8CC0]-cluster]}]
[2016-04-18 03:04:40,046][TRACE][org.elasticsearch.discovery.zen.ping.unicast] [node_t0] replacing {node_t2}{GWh7hfd7SKGr7WmeXEQE-A}{127.0.0.1}{127.0.0.1:30238}[mode=>network] with temp node {#zen_unicast_2_GWh7hfd7SKGr7WmeXEQE-A#}{127.0.0.1}{127.0.0.1:30238}[mode=>network]
[2016-04-18 03:04:40,046][TRACE][org.elasticsearch.discovery.zen.ping.unicast] [node_t0] [1] sending to {node_t0}{RuBiuqtkQm2dP64SVfJtEw}{127.0.0.1}{127.0.0.1:30236}[mode=>network]
[2016-04-18 03:04:40,046][TRACE][org.elasticsearch.discovery.zen.ping.unicast] [node_t0] [1] connecting (light) to {#zen_unicast_2_GWh7hfd7SKGr7WmeXEQE-A#}{127.0.0.1}{127.0.0.1:30238}[mode=>network]
[2016-04-18 03:04:40,046][TRACE][org.elasticsearch.discovery.zen.ping.unicast] [node_t0] [1] received response from {node_t0}{RuBiuqtkQm2dP64SVfJtEw}{127.0.0.1}{127.0.0.1:30236}[mode=>network]: [ping_response{node [{node_t0}{RuBiuqtkQm2dP64SVfJtEw}{127.0.0.1}{127.0.0.1:30236}[mode=>network]], id[1160], master [null], hasJoinedOnce [false], cluster_name[TEST-CHILD_VM=[1]-CLUSTER_SEED=[7681506677330870279]-HASH=[2654A95C8CC0]-cluster]}, ping_response{node [{node_t0}{RuBiuqtkQm2dP64SVfJtEw}{127.0.0.1}{127.0.0.1:30236}[mode=>network]], id[1160], master [null], hasJoinedOnce [false], cluster_name[TEST-CHILD_VM=[1]-CLUSTER_SEED=[7681506677330870279]-HASH=[2654A95C8CC0]-cluster]}, ping_response{node [{node_t1}{sYyNIAWbQgubikMHt73xvg}{127.0.0.1}{127.0.0.1:30237}[mode=>network]], id[1163], master [null], hasJoinedOnce [false], cluster_name[TEST-CHILD_VM=[1]-CLUSTER_SEED=[7681506677330870279]-HASH=[2654A95C8CC0]-cluster]}, ping_response{node [{node_t2}{GWh7hfd7SKGr7WmeXEQE-A}{127.0.0.1}{127.0.0.1:30238}[mode=>network]], id[1166], master [null], hasJoinedOnce [false], cluster_name[TEST-CHILD_VM=[1]-CLUSTER_SEED=[7681506677330870279]-HASH=[2654A95C8CC0]-cluster]}, ping_response{node [{node_t3}{mGmZS4sXSFijJZ9-KMznMw}{127.0.0.1}{127.0.0.1:30239}[mode=>network]], id[1169], master [null], hasJoinedOnce [false], cluster_name[TEST-CHILD_VM=[1]-CLUSTER_SEED=[7681506677330870279]-HASH=[2654A95C8CC0]-cluster]}, ping_response{node [{node_t0}{RuBiuqtkQm2dP64SVfJtEw}{127.0.0.1}{127.0.0.1:30236}[mode=>network]], id[1172], master [null], hasJoinedOnce [false], cluster_name[TEST-CHILD_VM=[1]-CLUSTER_SEED=[7681506677330870279]-HASH=[2654A95C8CC0]-cluster]}, ping_response{node [{node_t0}{RuBiuqtkQm2dP64SVfJtEw}{127.0.0.1}{127.0.0.1:30236}[mode=>network]], id[1172], master [null], hasJoinedOnce [false], cluster_name[TEST-CHILD_VM=[1]-CLUSTER_SEED=[7681506677330870279]-HASH=[2654A95C8CC0]-cluster]}, ping_response{node [{node_t0}{RuBiuqtkQm2dP64SVfJtEw}{127.0.0.1}{127.0.0.1:30236}[mode=>network]], id[1174], master [null], hasJoinedOnce [false], cluster_name[TEST-CHILD_VM=[1]-CLUSTER_SEED=[7681506677330870279]-HASH=[2654A95C8CC0]-cluster]}]
[2016-04-18 03:04:40,046][TRACE][org.elasticsearch.discovery.zen.ping.unicast] [node_t0] replacing {node_t3}{mGmZS4sXSFijJZ9-KMznMw}{127.0.0.1}{127.0.0.1:30239}[mode=>network] with temp node {#zen_unicast_3_mGmZS4sXSFijJZ9-KMznMw#}{127.0.0.1}{127.0.0.1:30239}[mode=>network]
[2016-04-18 03:04:40,046][TRACE][org.elasticsearch.discovery.zen.ping.unicast] [node_t0] replacing {node_t1}{sYyNIAWbQgubikMHt73xvg}{127.0.0.1}{127.0.0.1:30237}[mode=>network] with temp node {#zen_unicast_4_sYyNIAWbQgubikMHt73xvg#}{127.0.0.1}{127.0.0.1:30237}[mode=>network]
[2016-04-18 03:04:40,046][TRACE][org.elasticsearch.discovery.zen.ping.unicast] [node_t0] [1] connecting (light) to {#zen_unicast_3_mGmZS4sXSFijJZ9-KMznMw#}{127.0.0.1}{127.0.0.1:30239}[mode=>network]
[2016-04-18 03:04:40,046][TRACE][org.elasticsearch.discovery.zen.ping.unicast] [node_t0] [1] connecting (light) to {#zen_unicast_4_sYyNIAWbQgubikMHt73xvg#}{127.0.0.1}{127.0.0.1:30237}[mode=>network]
[2016-04-18 03:04:40,046][TRACE][org.elasticsearch.discovery.zen.ping.unicast] [node_t0] [1] connected to {node_t2}{GWh7hfd7SKGr7WmeXEQE-A}{127.0.0.1}{127.0.0.1:30238}[mode=>network]
[2016-04-18 03:04:40,046][TRACE][org.elasticsearch.discovery.zen.ping.unicast] [node_t0] [1] connected to {node_t1}{sYyNIAWbQgubikMHt73xvg}{127.0.0.1}{127.0.0.1:30237}[mode=>network]
[2016-04-18 03:04:40,047][TRACE][org.elasticsearch.discovery.zen.ping.unicast] [node_t0] [1] sending to {#zen_unicast_2_GWh7hfd7SKGr7WmeXEQE-A#}{127.0.0.1}{127.0.0.1:30238}[mode=>network]
[2016-04-18 03:04:40,047][TRACE][org.elasticsearch.discovery.zen.ping.unicast] [node_t0] [1] sending to {#zen_unicast_4_sYyNIAWbQgubikMHt73xvg#}{127.0.0.1}{127.0.0.1:30237}[mode=>network]
[2016-04-18 03:04:40,046][TRACE][org.elasticsearch.discovery.zen.ping.unicast] [node_t0] [1] connected to {node_t3}{mGmZS4sXSFijJZ9-KMznMw}{127.0.0.1}{127.0.0.1:30239}[mode=>network]
[2016-04-18 03:04:40,047][TRACE][org.elasticsearch.discovery.zen.ping.unicast] [node_t0] [1] sending to {#zen_unicast_3_mGmZS4sXSFijJZ9-KMznMw#}{127.0.0.1}{127.0.0.1:30239}[mode=>network]
[2016-04-18 03:04:40,047][TRACE][org.elasticsearch.discovery.zen.ping.unicast] [node_t0] [1] received response from {#zen_unicast_2_GWh7hfd7SKGr7WmeXEQE-A#}{127.0.0.1}{127.0.0.1:30238}[mode=>network]: [ping_response{node [{node_t2}{GWh7hfd7SKGr7WmeXEQE-A}{127.0.0.1}{127.0.0.1:30238}[mode=>network]], id[1166], master [null], hasJoinedOnce [false], cluster_name[TEST-CHILD_VM=[1]-CLUSTER_SEED=[7681506677330870279]-HASH=[2654A95C8CC0]-cluster]}, ping_response{node [{node_t0}{RuBiuqtkQm2dP64SVfJtEw}{127.0.0.1}{127.0.0.1:30236}[mode=>network]], id[1172], master [null], hasJoinedOnce [false], cluster_name[TEST-CHILD_VM=[1]-CLUSTER_SEED=[7681506677330870279]-HASH=[2654A95C8CC0]-cluster]}, ping_response{node [{node_t2}{GWh7hfd7SKGr7WmeXEQE-A}{127.0.0.1}{127.0.0.1:30238}[mode=>network]], id[1175], master [null], hasJoinedOnce [false], cluster_name[TEST-CHILD_VM=[1]-CLUSTER_SEED=[7681506677330870279]-HASH=[2654A95C8CC0]-cluster]}]
[2016-04-18 03:04:40,048][TRACE][org.elasticsearch.discovery.zen.ping.unicast] [node_t0] [1] received response from {#zen_unicast_3_mGmZS4sXSFijJZ9-KMznMw#}{127.0.0.1}{127.0.0.1:30239}[mode=>network]: [ping_response{node [{node_t3}{mGmZS4sXSFijJZ9-KMznMw}{127.0.0.1}{127.0.0.1:30239}[mode=>network]], id[1169], master [null], hasJoinedOnce [false], cluster_name[TEST-CHILD_VM=[1]-CLUSTER_SEED=[7681506677330870279]-HASH=[2654A95C8CC0]-cluster]}, ping_response{node [{node_t0}{RuBiuqtkQm2dP64SVfJtEw}{127.0.0.1}{127.0.0.1:30236}[mode=>network]], id[1172], master [null], hasJoinedOnce [false], cluster_name[TEST-CHILD_VM=[1]-CLUSTER_SEED=[7681506677330870279]-HASH=[2654A95C8CC0]-cluster]}, ping_response{node [{node_t3}{mGmZS4sXSFijJZ9-KMznMw}{127.0.0.1}{127.0.0.1:30239}[mode=>network]], id[1177], master [null], hasJoinedOnce [false], cluster_name[TEST-CHILD_VM=[1]-CLUSTER_SEED=[7681506677330870279]-HASH=[2654A95C8CC0]-cluster]}]
[2016-04-18 03:04:40,048][TRACE][org.elasticsearch.discovery.zen.ping.unicast] [node_t0] [1] received response from {#zen_unicast_4_sYyNIAWbQgubikMHt73xvg#}{127.0.0.1}{127.0.0.1:30237}[mode=>network]: [ping_response{node [{node_t1}{sYyNIAWbQgubikMHt73xvg}{127.0.0.1}{127.0.0.1:30237}[mode=>network]], id[1163], master [null], hasJoinedOnce [false], cluster_name[TEST-CHILD_VM=[1]-CLUSTER_SEED=[7681506677330870279]-HASH=[2654A95C8CC0]-cluster]}, ping_response{node [{node_t0}{RuBiuqtkQm2dP64SVfJtEw}{127.0.0.1}{127.0.0.1:30236}[mode=>network]], id[1172], master [null], hasJoinedOnce [false], cluster_name[TEST-CHILD_VM=[1]-CLUSTER_SEED=[7681506677330870279]-HASH=[2654A95C8CC0]-cluster]}, ping_response{node [{node_t1}{sYyNIAWbQgubikMHt73xvg}{127.0.0.1}{127.0.0.1:30237}[mode=>network]], id[1176], master [null], hasJoinedOnce [false], cluster_name[TEST-CHILD_VM=[1]-CLUSTER_SEED=[7681506677330870279]-HASH=[2654A95C8CC0]-cluster]}]
[2016-04-18 03:04:40,074][TRACE][org.elasticsearch.discovery.zen.ping.unicast] [node_t1] [1] sending to {#zen_unicast_1#}{127.0.0.1}{127.0.0.1:30236}
[2016-04-18 03:04:40,074][TRACE][org.elasticsearch.discovery.zen.ping.unicast] [node_t1] replacing {node_t0}{RuBiuqtkQm2dP64SVfJtEw}{127.0.0.1}{127.0.0.1:30236}[mode=>network] with temp node {#zen_unicast_2_RuBiuqtkQm2dP64SVfJtEw#}{127.0.0.1}{127.0.0.1:30236}[mode=>network]
[2016-04-18 03:04:40,074][TRACE][org.elasticsearch.discovery.zen.ping.unicast] [node_t1] [1] sending to {node_t1}{sYyNIAWbQgubikMHt73xvg}{127.0.0.1}{127.0.0.1:30237}[mode=>network]
[2016-04-18 03:04:40,074][TRACE][org.elasticsearch.discovery.zen.ping.unicast] [node_t1] [1] connecting (light) to {#zen_unicast_2_RuBiuqtkQm2dP64SVfJtEw#}{127.0.0.1}{127.0.0.1:30236}[mode=>network]
[2016-04-18 03:04:40,074][TRACE][org.elasticsearch.discovery.zen.ping.unicast] [node_t1] [1] received response from {node_t1}{sYyNIAWbQgubikMHt73xvg}{127.0.0.1}{127.0.0.1:30237}[mode=>network]: [ping_response{node [{node_t1}{sYyNIAWbQgubikMHt73xvg}{127.0.0.1}{127.0.0.1:30237}[mode=>network]], id[1163], master [null], hasJoinedOnce [false], cluster_name[TEST-CHILD_VM=[1]-CLUSTER_SEED=[7681506677330870279]-HASH=[2654A95C8CC0]-cluster]}, ping_response{node [{node_t0}{RuBiuqtkQm2dP64SVfJtEw}{127.0.0.1}{127.0.0.1:30236}[mode=>network]], id[1172], master [null], hasJoinedOnce [false], cluster_name[TEST-CHILD_VM=[1]-CLUSTER_SEED=[7681506677330870279]-HASH=[2654A95C8CC0]-cluster]}, ping_response{node [{node_t1}{sYyNIAWbQgubikMHt73xvg}{127.0.0.1}{127.0.0.1:30237}[mode=>network]], id[1178], master [null], hasJoinedOnce [false], cluster_name[TEST-CHILD_VM=[1]-CLUSTER_SEED=[7681506677330870279]-HASH=[2654A95C8CC0]-cluster]}, ping_response{node [{node_t1}{sYyNIAWbQgubikMHt73xvg}{127.0.0.1}{127.0.0.1:30237}[mode=>network]], id[1179], master [null], hasJoinedOnce [false], cluster_name[TEST-CHILD_VM=[1]-CLUSTER_SEED=[7681506677330870279]-HASH=[2654A95C8CC0]-cluster]}]
[2016-04-18 03:04:40,075][TRACE][org.elasticsearch.discovery.zen.ping.unicast] [node_t1] [1] received response from {#zen_unicast_1#}{127.0.0.1}{127.0.0.1:30236}: [ping_response{node [{node_t0}{RuBiuqtkQm2dP64SVfJtEw}{127.0.0.1}{127.0.0.1:30236}[mode=>network]], id[1160], master [null], hasJoinedOnce [false], cluster_name[TEST-CHILD_VM=[1]-CLUSTER_SEED=[7681506677330870279]-HASH=[2654A95C8CC0]-cluster]}, ping_response{node [{node_t0}{RuBiuqtkQm2dP64SVfJtEw}{127.0.0.1}{127.0.0.1:30236}[mode=>network]], id[1160], master [null], hasJoinedOnce [false], cluster_name[TEST-CHILD_VM=[1]-CLUSTER_SEED=[7681506677330870279]-HASH=[2654A95C8CC0]-cluster]}, ping_response{node [{node_t1}{sYyNIAWbQgubikMHt73xvg}{127.0.0.1}{127.0.0.1:30237}[mode=>network]], id[1163], master [null], hasJoinedOnce [false], cluster_name[TEST-CHILD_VM=[1]-CLUSTER_SEED=[7681506677330870279]-HASH=[2654A95C8CC0]-cluster]}, ping_response{node [{node_t2}{GWh7hfd7SKGr7WmeXEQE-A}{127.0.0.1}{127.0.0.1:30238}[mode=>network]], id[1166], master [null], hasJoinedOnce [false], cluster_name[TEST-CHILD_VM=[1]-CLUSTER_SEED=[7681506677330870279]-HASH=[2654A95C8CC0]-cluster]}, ping_response{node [{node_t3}{mGmZS4sXSFijJZ9-KMznMw}{127.0.0.1}{127.0.0.1:30239}[mode=>network]], id[1169], master [null], hasJoinedOnce [false], cluster_name[TEST-CHILD_VM=[1]-CLUSTER_SEED=[7681506677330870279]-HASH=[2654A95C8CC0]-cluster]}, ping_response{node [{node_t0}{RuBiuqtkQm2dP64SVfJtEw}{127.0.0.1}{127.0.0.1:30236}[mode=>network]], id[1172], master [null], hasJoinedOnce [false], cluster_name[TEST-CHILD_VM=[1]-CLUSTER_SEED=[7681506677330870279]-HASH=[2654A95C8CC0]-cluster]}, ping_response{node [{node_t0}{RuBiuqtkQm2dP64SVfJtEw}{127.0.0.1}{127.0.0.1:30236}[mode=>network]], id[1172], master [null], hasJoinedOnce [false], cluster_name[TEST-CHILD_VM=[1]-CLUSTER_SEED=[7681506677330870279]-HASH=[2654A95C8CC0]-cluster]}, ping_response{node [{node_t1}{sYyNIAWbQgubikMHt73xvg}{127.0.0.1}{127.0.0.1:30237}[mode=>network]], id[1178], master [null], hasJoinedOnce [false], cluster_name[TEST-CHILD_VM=[1]-CLUSTER_SEED=[7681506677330870279]-HASH=[2654A95C8CC0]-cluster]}, ping_response{node [{node_t0}{RuBiuqtkQm2dP64SVfJtEw}{127.0.0.1}{127.0.0.1:30236}[mode=>network]], id[1180], master [null], hasJoinedOnce [false], cluster_name[TEST-CHILD_VM=[1]-CLUSTER_SEED=[7681506677330870279]-HASH=[2654A95C8CC0]-cluster]}]
[2016-04-18 03:04:40,075][TRACE][org.elasticsearch.discovery.zen.ping.unicast] [node_t1] [1] connected to {node_t0}{RuBiuqtkQm2dP64SVfJtEw}{127.0.0.1}{127.0.0.1:30236}[mode=>network]
[2016-04-18 03:04:40,075][TRACE][org.elasticsearch.discovery.zen.ping.unicast] [node_t1] [1] sending to {#zen_unicast_2_RuBiuqtkQm2dP64SVfJtEw#}{127.0.0.1}{127.0.0.1:30236}[mode=>network]
[2016-04-18 03:04:40,076][TRACE][org.elasticsearch.discovery.zen.ping.unicast] [node_t1] [1] received response from {#zen_unicast_2_RuBiuqtkQm2dP64SVfJtEw#}{127.0.0.1}{127.0.0.1:30236}[mode=>network]: [ping_response{node [{node_t0}{RuBiuqtkQm2dP64SVfJtEw}{127.0.0.1}{127.0.0.1:30236}[mode=>network]], id[1160], master [null], hasJoinedOnce [false], cluster_name[TEST-CHILD_VM=[1]-CLUSTER_SEED=[7681506677330870279]-HASH=[2654A95C8CC0]-cluster]}, ping_response{node [{node_t0}{RuBiuqtkQm2dP64SVfJtEw}{127.0.0.1}{127.0.0.1:30236}[mode=>network]], id[1160], master [null], hasJoinedOnce [false], cluster_name[TEST-CHILD_VM=[1]-CLUSTER_SEED=[7681506677330870279]-HASH=[2654A95C8CC0]-cluster]}, ping_response{node [{node_t1}{sYyNIAWbQgubikMHt73xvg}{127.0.0.1}{127.0.0.1:30237}[mode=>network]], id[1163], master [null], hasJoinedOnce [false], cluster_name[TEST-CHILD_VM=[1]-CLUSTER_SEED=[7681506677330870279]-HASH=[2654A95C8CC0]-cluster]}, ping_response{node [{node_t2}{GWh7hfd7SKGr7WmeXEQE-A}{127.0.0.1}{127.0.0.1:30238}[mode=>network]], id[1166], master [null], hasJoinedOnce [false], cluster_name[TEST-CHILD_VM=[1]-CLUSTER_SEED=[7681506677330870279]-HASH=[2654A95C8CC0]-cluster]}, ping_response{node [{node_t3}{mGmZS4sXSFijJZ9-KMznMw}{127.0.0.1}{127.0.0.1:30239}[mode=>network]], id[1169], master [null], hasJoinedOnce [false], cluster_name[TEST-CHILD_VM=[1]-CLUSTER_SEED=[7681506677330870279]-HASH=[2654A95C8CC0]-cluster]}, ping_response{node [{node_t0}{RuBiuqtkQm2dP64SVfJtEw}{127.0.0.1}{127.0.0.1:30236}[mode=>network]], id[1172], master [null], hasJoinedOnce [false], cluster_name[TEST-CHILD_VM=[1]-CLUSTER_SEED=[7681506677330870279]-HASH=[2654A95C8CC0]-cluster]}, ping_response{node [{node_t0}{RuBiuqtkQm2dP64SVfJtEw}{127.0.0.1}{127.0.0.1:30236}[mode=>network]], id[1172], master [null], hasJoinedOnce [false], cluster_name[TEST-CHILD_VM=[1]-CLUSTER_SEED=[7681506677330870279]-HASH=[2654A95C8CC0]-cluster]}, ping_response{node [{node_t1}{sYyNIAWbQgubikMHt73xvg}{127.0.0.1}{127.0.0.1:30237}[mode=>network]], id[1178], master [null], hasJoinedOnce [false], cluster_name[TEST-CHILD_VM=[1]-CLUSTER_SEED=[7681506677330870279]-HASH=[2654A95C8CC0]-cluster]}, ping_response{node [{node_t1}{sYyNIAWbQgubikMHt73xvg}{127.0.0.1}{127.0.0.1:30237}[mode=>network]], id[1178], master [null], hasJoinedOnce [false], cluster_name[TEST-CHILD_VM=[1]-CLUSTER_SEED=[7681506677330870279]-HASH=[2654A95C8CC0]-cluster]}, ping_response{node [{node_t0}{RuBiuqtkQm2dP64SVfJtEw}{127.0.0.1}{127.0.0.1:30236}[mode=>network]], id[1181], master [null], hasJoinedOnce [false], cluster_name[TEST-CHILD_VM=[1]-CLUSTER_SEED=[7681506677330870279]-HASH=[2654A95C8CC0]-cluster]}]
[2016-04-18 03:04:40,102][TRACE][org.elasticsearch.discovery.zen.ping.unicast] [node_t2] [1] sending to {#zen_unicast_1#}{127.0.0.1}{127.0.0.1:30236}
[2016-04-18 03:04:40,102][TRACE][org.elasticsearch.discovery.zen.ping.unicast] [node_t2] [1] sending to {node_t2}{GWh7hfd7SKGr7WmeXEQE-A}{127.0.0.1}{127.0.0.1:30238}[mode=>network]
[2016-04-18 03:04:40,102][TRACE][org.elasticsearch.discovery.zen.ping.unicast] [node_t2] [1] received response from {node_t2}{GWh7hfd7SKGr7WmeXEQE-A}{127.0.0.1}{127.0.0.1:30238}[mode=>network]: [ping_response{node [{node_t2}{GWh7hfd7SKGr7WmeXEQE-A}{127.0.0.1}{127.0.0.1:30238}[mode=>network]], id[1166], master [null], hasJoinedOnce [false], cluster_name[TEST-CHILD_VM=[1]-CLUSTER_SEED=[7681506677330870279]-HASH=[2654A95C8CC0]-cluster]}, ping_response{node [{node_t0}{RuBiuqtkQm2dP64SVfJtEw}{127.0.0.1}{127.0.0.1:30236}[mode=>network]], id[1172], master [null], hasJoinedOnce [false], cluster_name[TEST-CHILD_VM=[1]-CLUSTER_SEED=[7681506677330870279]-HASH=[2654A95C8CC0]-cluster]}, ping_response{node [{node_t2}{GWh7hfd7SKGr7WmeXEQE-A}{127.0.0.1}{127.0.0.1:30238}[mode=>network]], id[1182], master [null], hasJoinedOnce [false], cluster_name[TEST-CHILD_VM=[1]-CLUSTER_SEED=[7681506677330870279]-HASH=[2654A95C8CC0]-cluster]}, ping_response{node [{node_t2}{GWh7hfd7SKGr7WmeXEQE-A}{127.0.0.1}{127.0.0.1:30238}[mode=>network]], id[1183], master [null], hasJoinedOnce [false], cluster_name[TEST-CHILD_VM=[1]-CLUSTER_SEED=[7681506677330870279]-HASH=[2654A95C8CC0]-cluster]}]
[2016-04-18 03:04:40,103][TRACE][org.elasticsearch.discovery.zen.ping.unicast] [node_t2] replacing {node_t0}{RuBiuqtkQm2dP64SVfJtEw}{127.0.0.1}{127.0.0.1:30236}[mode=>network] with temp node {#zen_unicast_2_RuBiuqtkQm2dP64SVfJtEw#}{127.0.0.1}{127.0.0.1:30236}[mode=>network]
[2016-04-18 03:04:40,103][TRACE][org.elasticsearch.discovery.zen.ping.unicast] [node_t2] [1] connecting (light) to {#zen_unicast_2_RuBiuqtkQm2dP64SVfJtEw#}{127.0.0.1}{127.0.0.1:30236}[mode=>network]
[2016-04-18 03:04:40,103][TRACE][org.elasticsearch.discovery.zen.ping.unicast] [node_t2] [1] received response from {#zen_unicast_1#}{127.0.0.1}{127.0.0.1:30236}: [ping_response{node [{node_t0}{RuBiuqtkQm2dP64SVfJtEw}{127.0.0.1}{127.0.0.1:30236}[mode=>network]], id[1160], master [null], hasJoinedOnce [false], cluster_name[TEST-CHILD_VM=[1]-CLUSTER_SEED=[7681506677330870279]-HASH=[2654A95C8CC0]-cluster]}, ping_response{node [{node_t0}{RuBiuqtkQm2dP64SVfJtEw}{127.0.0.1}{127.0.0.1:30236}[mode=>network]], id[1160], master [null], hasJoinedOnce [false], cluster_name[TEST-CHILD_VM=[1]-CLUSTER_SEED=[7681506677330870279]-HASH=[2654A95C8CC0]-cluster]}, ping_response{node [{node_t1}{sYyNIAWbQgubikMHt73xvg}{127.0.0.1}{127.0.0.1:30237}[mode=>network]], id[1163], master [null], hasJoinedOnce [false], cluster_name[TEST-CHILD_VM=[1]-CLUSTER_SEED=[7681506677330870279]-HASH=[2654A95C8CC0]-cluster]}, ping_response{node [{node_t2}{GWh7hfd7SKGr7WmeXEQE-A}{127.0.0.1}{127.0.0.1:30238}[mode=>network]], id[1166], master [null], hasJoinedOnce [false], cluster_name[TEST-CHILD_VM=[1]-CLUSTER_SEED=[7681506677330870279]-HASH=[2654A95C8CC0]-cluster]}, ping_response{node [{node_t3}{mGmZS4sXSFijJZ9-KMznMw}{127.0.0.1}{127.0.0.1:30239}[mode=>network]], id[1169], master [null], hasJoinedOnce [false], cluster_name[TEST-CHILD_VM=[1]-CLUSTER_SEED=[7681506677330870279]-HASH=[2654A95C8CC0]-cluster]}, ping_response{node [{node_t0}{RuBiuqtkQm2dP64SVfJtEw}{127.0.0.1}{127.0.0.1:30236}[mode=>network]], id[1172], master [null], hasJoinedOnce [false], cluster_name[TEST-CHILD_VM=[1]-CLUSTER_SEED=[7681506677330870279]-HASH=[2654A95C8CC0]-cluster]}, ping_response{node [{node_t0}{RuBiuqtkQm2dP64SVfJtEw}{127.0.0.1}{127.0.0.1:30236}[mode=>network]], id[1172], master [null], hasJoinedOnce [false], cluster_name[TEST-CHILD_VM=[1]-CLUSTER_SEED=[7681506677330870279]-HASH=[2654A95C8CC0]-cluster]}, ping_response{node [{node_t1}{sYyNIAWbQgubikMHt73xvg}{127.0.0.1}{127.0.0.1:30237}[mode=>network]], id[1178], master [null], hasJoinedOnce [false], cluster_name[TEST-CHILD_VM=[1]-CLUSTER_SEED=[7681506677330870279]-HASH=[2654A95C8CC0]-cluster]}, ping_response{node [{node_t1}{sYyNIAWbQgubikMHt73xvg}{127.0.0.1}{127.0.0.1:30237}[mode=>network]], id[1178], master [null], hasJoinedOnce [false], cluster_name[TEST-CHILD_VM=[1]-CLUSTER_SEED=[7681506677330870279]-HASH=[2654A95C8CC0]-cluster]}, ping_response{node [{node_t2}{GWh7hfd7SKGr7WmeXEQE-A}{127.0.0.1}{127.0.0.1:30238}[mode=>network]], id[1182], master [null], hasJoinedOnce [false], cluster_name[TEST-CHILD_VM=[1]-CLUSTER_SEED=[7681506677330870279]-HASH=[2654A95C8CC0]-cluster]}, ping_response{node [{node_t0}{RuBiuqtkQm2dP64SVfJtEw}{127.0.0.1}{127.0.0.1:30236}[mode=>network]], id[1184], master [null], hasJoinedOnce [false], cluster_name[TEST-CHILD_VM=[1]-CLUSTER_SEED=[7681506677330870279]-HASH=[2654A95C8CC0]-cluster]}]
[2016-04-18 03:04:40,103][TRACE][org.elasticsearch.discovery.zen.ping.unicast] [node_t2] [1] connected to {node_t0}{RuBiuqtkQm2dP64SVfJtEw}{127.0.0.1}{127.0.0.1:30236}[mode=>network]
[2016-04-18 03:04:40,103][TRACE][org.elasticsearch.discovery.zen.ping.unicast] [node_t2] [1] sending to {#zen_unicast_2_RuBiuqtkQm2dP64SVfJtEw#}{127.0.0.1}{127.0.0.1:30236}[mode=>network]
[2016-04-18 03:04:40,104][TRACE][org.elasticsearch.discovery.zen.ping.unicast] [node_t2] [1] received response from {#zen_unicast_2_RuBiuqtkQm2dP64SVfJtEw#}{127.0.0.1}{127.0.0.1:30236}[mode=>network]: [ping_response{node [{node_t0}{RuBiuqtkQm2dP64SVfJtEw}{127.0.0.1}{127.0.0.1:30236}[mode=>network]], id[1160], master [null], hasJoinedOnce [false], cluster_name[TEST-CHILD_VM=[1]-CLUSTER_SEED=[7681506677330870279]-HASH=[2654A95C8CC0]-cluster]}, ping_response{node [{node_t0}{RuBiuqtkQm2dP64SVfJtEw}{127.0.0.1}{127.0.0.1:30236}[mode=>network]], id[1160], master [null], hasJoinedOnce [false], cluster_name[TEST-CHILD_VM=[1]-CLUSTER_SEED=[7681506677330870279]-HASH=[2654A95C8CC0]-cluster]}, ping_response{node [{node_t1}{sYyNIAWbQgubikMHt73xvg}{127.0.0.1}{127.0.0.1:30237}[mode=>network]], id[1163], master [null], hasJoinedOnce [false], cluster_name[TEST-CHILD_VM=[1]-CLUSTER_SEED=[7681506677330870279]-HASH=[2654A95C8CC0]-cluster]}, ping_response{node [{node_t2}{GWh7hfd7SKGr7WmeXEQE-A}{127.0.0.1}{127.0.0.1:30238}[mode=>network]], id[1166], master [null], hasJoinedOnce [false], cluster_name[TEST-CHILD_VM=[1]-CLUSTER_SEED=[7681506677330870279]-HASH=[2654A95C8CC0]-cluster]}, ping_response{node [{node_t3}{mGmZS4sXSFijJZ9-KMznMw}{127.0.0.1}{127.0.0.1:30239}[mode=>network]], id[1169], master [null], hasJoinedOnce [false], cluster_name[TEST-CHILD_VM=[1]-CLUSTER_SEED=[7681506677330870279]-HASH=[2654A95C8CC0]-cluster]}, ping_response{node [{node_t0}{RuBiuqtkQm2dP64SVfJtEw}{127.0.0.1}{127.0.0.1:30236}[mode=>network]], id[1172], master [null], hasJoinedOnce [false], cluster_name[TEST-CHILD_VM=[1]-CLUSTER_SEED=[7681506677330870279]-HASH=[2654A95C8CC0]-cluster]}, ping_response{node [{node_t0}{RuBiuqtkQm2dP64SVfJtEw}{127.0.0.1}{127.0.0.1:30236}[mode=>network]], id[1172], master [null], hasJoinedOnce [false], cluster_name[TEST-CHILD_VM=[1]-CLUSTER_SEED=[7681506677330870279]-HASH=[2654A95C8CC0]-cluster]}, ping_response{node [{node_t1}{sYyNIAWbQgubikMHt73xvg}{127.0.0.1}{127.0.0.1:30237}[mode=>network]], id[1178], master [null], hasJoinedOnce [false], cluster_name[TEST-CHILD_VM=[1]-CLUSTER_SEED=[7681506677330870279]-HASH=[2654A95C8CC0]-cluster]}, ping_response{node [{node_t1}{sYyNIAWbQgubikMHt73xvg}{127.0.0.1}{127.0.0.1:30237}[mode=>network]], id[1178], master [null], hasJoinedOnce [false], cluster_name[TEST-CHILD_VM=[1]-CLUSTER_SEED=[7681506677330870279]-HASH=[2654A95C8CC0]-cluster]}, ping_response{node [{node_t2}{GWh7hfd7SKGr7WmeXEQE-A}{127.0.0.1}{127.0.0.1:30238}[mode=>network]], id[1182], master [null], hasJoinedOnce [false], cluster_name[TEST-CHILD_VM=[1]-CLUSTER_SEED=[7681506677330870279]-HASH=[2654A95C8CC0]-cluster]}, ping_response{node [{node_t2}{GWh7hfd7SKGr7WmeXEQE-A}{127.0.0.1}{127.0.0.1:30238}[mode=>network]], id[1182], master [null], hasJoinedOnce [false], cluster_name[TEST-CHILD_VM=[1]-CLUSTER_SEED=[7681506677330870279]-HASH=[2654A95C8CC0]-cluster]}, ping_response{node [{node_t0}{RuBiuqtkQm2dP64SVfJtEw}{127.0.0.1}{127.0.0.1:30236}[mode=>network]], id[1185], master [null], hasJoinedOnce [false], cluster_name[TEST-CHILD_VM=[1]-CLUSTER_SEED=[7681506677330870279]-HASH=[2654A95C8CC0]-cluster]}]
[2016-04-18 03:04:40,149][TRACE][org.elasticsearch.discovery.zen.ping.unicast] [node_t3] [1] sending to {#zen_unicast_1#}{127.0.0.1}{127.0.0.1:30236}
[2016-04-18 03:04:40,150][TRACE][org.elasticsearch.discovery.zen.ping.unicast] [node_t3] replacing {node_t0}{RuBiuqtkQm2dP64SVfJtEw}{127.0.0.1}{127.0.0.1:30236}[mode=>network] with temp node {#zen_unicast_2_RuBiuqtkQm2dP64SVfJtEw#}{127.0.0.1}{127.0.0.1:30236}[mode=>network]
[2016-04-18 03:04:40,150][TRACE][org.elasticsearch.discovery.zen.ping.unicast] [node_t3] [1] sending to {node_t3}{mGmZS4sXSFijJZ9-KMznMw}{127.0.0.1}{127.0.0.1:30239}[mode=>network]
[2016-04-18 03:04:40,150][TRACE][org.elasticsearch.discovery.zen.ping.unicast] [node_t3] [1] connecting (light) to {#zen_unicast_2_RuBiuqtkQm2dP64SVfJtEw#}{127.0.0.1}{127.0.0.1:30236}[mode=>network]
[2016-04-18 03:04:40,150][TRACE][org.elasticsearch.discovery.zen.ping.unicast] [node_t3] [1] received response from {node_t3}{mGmZS4sXSFijJZ9-KMznMw}{127.0.0.1}{127.0.0.1:30239}[mode=>network]: [ping_response{node [{node_t3}{mGmZS4sXSFijJZ9-KMznMw}{127.0.0.1}{127.0.0.1:30239}[mode=>network]], id[1169], master [null], hasJoinedOnce [false], cluster_name[TEST-CHILD_VM=[1]-CLUSTER_SEED=[7681506677330870279]-HASH=[2654A95C8CC0]-cluster]}, ping_response{node [{node_t0}{RuBiuqtkQm2dP64SVfJtEw}{127.0.0.1}{127.0.0.1:30236}[mode=>network]], id[1172], master [null], hasJoinedOnce [false], cluster_name[TEST-CHILD_VM=[1]-CLUSTER_SEED=[7681506677330870279]-HASH=[2654A95C8CC0]-cluster]}, ping_response{node [{node_t3}{mGmZS4sXSFijJZ9-KMznMw}{127.0.0.1}{127.0.0.1:30239}[mode=>network]], id[1186], master [null], hasJoinedOnce [false], cluster_name[TEST-CHILD_VM=[1]-CLUSTER_SEED=[7681506677330870279]-HASH=[2654A95C8CC0]-cluster]}, ping_response{node [{node_t3}{mGmZS4sXSFijJZ9-KMznMw}{127.0.0.1}{127.0.0.1:30239}[mode=>network]], id[1187], master [null], hasJoinedOnce [false], cluster_name[TEST-CHILD_VM=[1]-CLUSTER_SEED=[7681506677330870279]-HASH=[2654A95C8CC0]-cluster]}]
[2016-04-18 03:04:40,150][TRACE][org.elasticsearch.discovery.zen.ping.unicast] [node_t3] [1] received response from {#zen_unicast_1#}{127.0.0.1}{127.0.0.1:30236}: [ping_response{node [{node_t0}{RuBiuqtkQm2dP64SVfJtEw}{127.0.0.1}{127.0.0.1:30236}[mode=>network]], id[1160], master [null], hasJoinedOnce [false], cluster_name[TEST-CHILD_VM=[1]-CLUSTER_SEED=[7681506677330870279]-HASH=[2654A95C8CC0]-cluster]}, ping_response{node [{node_t0}{RuBiuqtkQm2dP64SVfJtEw}{127.0.0.1}{127.0.0.1:30236}[mode=>network]], id[1160], master [null], hasJoinedOnce [false], cluster_name[TEST-CHILD_VM=[1]-CLUSTER_SEED=[7681506677330870279]-HASH=[2654A95C8CC0]-cluster]}, ping_response{node [{node_t1}{sYyNIAWbQgubikMHt73xvg}{127.0.0.1}{127.0.0.1:30237}[mode=>network]], id[1163], master [null], hasJoinedOnce [false], cluster_name[TEST-CHILD_VM=[1]-CLUSTER_SEED=[7681506677330870279]-HASH=[2654A95C8CC0]-cluster]}, ping_response{node [{node_t2}{GWh7hfd7SKGr7WmeXEQE-A}{127.0.0.1}{127.0.0.1:30238}[mode=>network]], id[1166], master [null], hasJoinedOnce [false], cluster_name[TEST-CHILD_VM=[1]-CLUSTER_SEED=[7681506677330870279]-HASH=[2654A95C8CC0]-cluster]}, ping_response{node [{node_t3}{mGmZS4sXSFijJZ9-KMznMw}{127.0.0.1}{127.0.0.1:30239}[mode=>network]], id[1169], master [null], hasJoinedOnce [false], cluster_name[TEST-CHILD_VM=[1]-CLUSTER_SEED=[7681506677330870279]-HASH=[2654A95C8CC0]-cluster]}, ping_response{node [{node_t0}{RuBiuqtkQm2dP64SVfJtEw}{127.0.0.1}{127.0.0.1:30236}[mode=>network]], id[1172], master [null], hasJoinedOnce [false], cluster_name[TEST-CHILD_VM=[1]-CLUSTER_SEED=[7681506677330870279]-HASH=[2654A95C8CC0]-cluster]}, ping_response{node [{node_t0}{RuBiuqtkQm2dP64SVfJtEw}{127.0.0.1}{127.0.0.1:30236}[mode=>network]], id[1172], master [null], hasJoinedOnce [false], cluster_name[TEST-CHILD_VM=[1]-CLUSTER_SEED=[7681506677330870279]-HASH=[2654A95C8CC0]-cluster]}, ping_response{node [{node_t1}{sYyNIAWbQgubikMHt73xvg}{127.0.0.1}{127.0.0.1:30237}[mode=>network]], id[1178], master [null], hasJoinedOnce [false], cluster_name[TEST-CHILD_VM=[1]-CLUSTER_SEED=[7681506677330870279]-HASH=[2654A95C8CC0]-cluster]}, ping_response{node [{node_t1}{sYyNIAWbQgubikMHt73xvg}{127.0.0.1}{127.0.0.1:30237}[mode=>network]], id[1178], master [null], hasJoinedOnce [false], cluster_name[TEST-CHILD_VM=[1]-CLUSTER_SEED=[7681506677330870279]-HASH=[2654A95C8CC0]-cluster]}, ping_response{node [{node_t2}{GWh7hfd7SKGr7WmeXEQE-A}{127.0.0.1}{127.0.0.1:30238}[mode=>network]], id[1182], master [null], hasJoinedOnce [false], cluster_name[TEST-CHILD_VM=[1]-CLUSTER_SEED=[7681506677330870279]-HASH=[2654A95C8CC0]-cluster]}, ping_response{node [{node_t2}{GWh7hfd7SKGr7WmeXEQE-A}{127.0.0.1}{127.0.0.1:30238}[mode=>network]], id[1182], master [null], hasJoinedOnce [false], cluster_name[TEST-CHILD_VM=[1]-CLUSTER_SEED=[7681506677330870279]-HASH=[2654A95C8CC0]-cluster]}, ping_response{node [{node_t3}{mGmZS4sXSFijJZ9-KMznMw}{127.0.0.1}{127.0.0.1:30239}[mode=>network]], id[1186], master [null], hasJoinedOnce [false], cluster_name[TEST-CHILD_VM=[1]-CLUSTER_SEED=[7681506677330870279]-HASH=[2654A95C8CC0]-cluster]}, ping_response{node [{node_t0}{RuBiuqtkQm2dP64SVfJtEw}{127.0.0.1}{127.0.0.1:30236}[mode=>network]], id[1188], master [null], hasJoinedOnce [false], cluster_name[TEST-CHILD_VM=[1]-CLUSTER_SEED=[7681506677330870279]-HASH=[2654A95C8CC0]-cluster]}]
[2016-04-18 03:04:40,151][TRACE][org.elasticsearch.discovery.zen.ping.unicast] [node_t3] [1] connected to {node_t0}{RuBiuqtkQm2dP64SVfJtEw}{127.0.0.1}{127.0.0.1:30236}[mode=>network]
[2016-04-18 03:04:40,151][TRACE][org.elasticsearch.discovery.zen.ping.unicast] [node_t3] [1] sending to {#zen_unicast_2_RuBiuqtkQm2dP64SVfJtEw#}{127.0.0.1}{127.0.0.1:30236}[mode=>network]
[2016-04-18 03:04:40,151][TRACE][org.elasticsearch.discovery.zen.ping.unicast] [node_t3] [1] received response from {#zen_unicast_2_RuBiuqtkQm2dP64SVfJtEw#}{127.0.0.1}{127.0.0.1:30236}[mode=>network]: [ping_response{node [{node_t0}{RuBiuqtkQm2dP64SVfJtEw}{127.0.0.1}{127.0.0.1:30236}[mode=>network]], id[1160], master [null], hasJoinedOnce [false], cluster_name[TEST-CHILD_VM=[1]-CLUSTER_SEED=[7681506677330870279]-HASH=[2654A95C8CC0]-cluster]}, ping_response{node [{node_t0}{RuBiuqtkQm2dP64SVfJtEw}{127.0.0.1}{127.0.0.1:30236}[mode=>network]], id[1160], master [null], hasJoinedOnce [false], cluster_name[TEST-CHILD_VM=[1]-CLUSTER_SEED=[7681506677330870279]-HASH=[2654A95C8CC0]-cluster]}, ping_response{node [{node_t1}{sYyNIAWbQgubikMHt73xvg}{127.0.0.1}{127.0.0.1:30237}[mode=>network]], id[1163], master [null], hasJoinedOnce [false], cluster_name[TEST-CHILD_VM=[1]-CLUSTER_SEED=[7681506677330870279]-HASH=[2654A95C8CC0]-cluster]}, ping_response{node [{node_t2}{GWh7hfd7SKGr7WmeXEQE-A}{127.0.0.1}{127.0.0.1:30238}[mode=>network]], id[1166], master [null], hasJoinedOnce [false], cluster_name[TEST-CHILD_VM=[1]-CLUSTER_SEED=[7681506677330870279]-HASH=[2654A95C8CC0]-cluster]}, ping_response{node [{node_t3}{mGmZS4sXSFijJZ9-KMznMw}{127.0.0.1}{127.0.0.1:30239}[mode=>network]], id[1169], master [null], hasJoinedOnce [false], cluster_name[TEST-CHILD_VM=[1]-CLUSTER_SEED=[7681506677330870279]-HASH=[2654A95C8CC0]-cluster]}, ping_response{node [{node_t0}{RuBiuqtkQm2dP64SVfJtEw}{127.0.0.1}{127.0.0.1:30236}[mode=>network]], id[1172], master [null], hasJoinedOnce [false], cluster_name[TEST-CHILD_VM=[1]-CLUSTER_SEED=[7681506677330870279]-HASH=[2654A95C8CC0]-cluster]}, ping_response{node [{node_t0}{RuBiuqtkQm2dP64SVfJtEw}{127.0.0.1}{127.0.0.1:30236}[mode=>network]], id[1172], master [null], hasJoinedOnce [false], cluster_name[TEST-CHILD_VM=[1]-CLUSTER_SEED=[7681506677330870279]-HASH=[2654A95C8CC0]-cluster]}, ping_response{node [{node_t1}{sYyNIAWbQgubikMHt73xvg}{127.0.0.1}{127.0.0.1:30237}[mode=>network]], id[1178], master [null], hasJoinedOnce [false], cluster_name[TEST-CHILD_VM=[1]-CLUSTER_SEED=[7681506677330870279]-HASH=[2654A95C8CC0]-cluster]}, ping_response{node [{node_t1}{sYyNIAWbQgubikMHt73xvg}{127.0.0.1}{127.0.0.1:30237}[mode=>network]], id[1178], master [null], hasJoinedOnce [false], cluster_name[TEST-CHILD_VM=[1]-CLUSTER_SEED=[7681506677330870279]-HASH=[2654A95C8CC0]-cluster]}, ping_response{node [{node_t2}{GWh7hfd7SKGr7WmeXEQE-A}{127.0.0.1}{127.0.0.1:30238}[mode=>network]], id[1182], master [null], hasJoinedOnce [false], cluster_name[TEST-CHILD_VM=[1]-CLUSTER_SEED=[7681506677330870279]-HASH=[2654A95C8CC0]-cluster]}, ping_response{node [{node_t2}{GWh7hfd7SKGr7WmeXEQE-A}{127.0.0.1}{127.0.0.1:30238}[mode=>network]], id[1182], master [null], hasJoinedOnce [false], cluster_name[TEST-CHILD_VM=[1]-CLUSTER_SEED=[7681506677330870279]-HASH=[2654A95C8CC0]-cluster]}, ping_response{node [{node_t3}{mGmZS4sXSFijJZ9-KMznMw}{127.0.0.1}{127.0.0.1:30239}[mode=>network]], id[1186], master [null], hasJoinedOnce [false], cluster_name[TEST-CHILD_VM=[1]-CLUSTER_SEED=[7681506677330870279]-HASH=[2654A95C8CC0]-cluster]}, ping_response{node [{node_t3}{mGmZS4sXSFijJZ9-KMznMw}{127.0.0.1}{127.0.0.1:30239}[mode=>network]], id[1186], master [null], hasJoinedOnce [false], cluster_name[TEST-CHILD_VM=[1]-CLUSTER_SEED=[7681506677330870279]-HASH=[2654A95C8CC0]-cluster]}, ping_response{node [{node_t0}{RuBiuqtkQm2dP64SVfJtEw}{127.0.0.1}{127.0.0.1:30236}[mode=>network]], id[1189], master [null], hasJoinedOnce [false], cluster_name[TEST-CHILD_VM=[1]-CLUSTER_SEED=[7681506677330870279]-HASH=[2654A95C8CC0]-cluster]}]
[2016-04-18 03:04:41,546][TRACE][org.elasticsearch.discovery.zen.ping.unicast] [node_t0] [1] sending to {node_t0}{RuBiuqtkQm2dP64SVfJtEw}{127.0.0.1}{127.0.0.1:30236}[mode=>network]
[2016-04-18 03:04:41,546][TRACE][org.elasticsearch.discovery.zen.ping.unicast] [node_t0] [1] received response from {node_t0}{RuBiuqtkQm2dP64SVfJtEw}{127.0.0.1}{127.0.0.1:30236}[mode=>network]: [ping_response{node [{node_t0}{RuBiuqtkQm2dP64SVfJtEw}{127.0.0.1}{127.0.0.1:30236}[mode=>network]], id[1160], master [null], hasJoinedOnce [false], cluster_name[TEST-CHILD_VM=[1]-CLUSTER_SEED=[7681506677330870279]-HASH=[2654A95C8CC0]-cluster]}, ping_response{node [{node_t0}{RuBiuqtkQm2dP64SVfJtEw}{127.0.0.1}{127.0.0.1:30236}[mode=>network]], id[1160], master [null], hasJoinedOnce [false], cluster_name[TEST-CHILD_VM=[1]-CLUSTER_SEED=[7681506677330870279]-HASH=[2654A95C8CC0]-cluster]}, ping_response{node [{node_t1}{sYyNIAWbQgubikMHt73xvg}{127.0.0.1}{127.0.0.1:30237}[mode=>network]], id[1163], master [null], hasJoinedOnce [false], cluster_name[TEST-CHILD_VM=[1]-CLUSTER_SEED=[7681506677330870279]-HASH=[2654A95C8CC0]-cluster]}, ping_response{node [{node_t2}{GWh7hfd7SKGr7WmeXEQE-A}{127.0.0.1}{127.0.0.1:30238}[mode=>network]], id[1166], master [null], hasJoinedOnce [false], cluster_name[TEST-CHILD_VM=[1]-CLUSTER_SEED=[7681506677330870279]-HASH=[2654A95C8CC0]-cluster]}, ping_response{node [{node_t3}{mGmZS4sXSFijJZ9-KMznMw}{127.0.0.1}{127.0.0.1:30239}[mode=>network]], id[1169], master [null], hasJoinedOnce [false], cluster_name[TEST-CHILD_VM=[1]-CLUSTER_SEED=[7681506677330870279]-HASH=[2654A95C8CC0]-cluster]}, ping_response{node [{node_t0}{RuBiuqtkQm2dP64SVfJtEw}{127.0.0.1}{127.0.0.1:30236}[mode=>network]], id[1172], master [null], hasJoinedOnce [false], cluster_name[TEST-CHILD_VM=[1]-CLUSTER_SEED=[7681506677330870279]-HASH=[2654A95C8CC0]-cluster]}, ping_response{node [{node_t0}{RuBiuqtkQm2dP64SVfJtEw}{127.0.0.1}{127.0.0.1:30236}[mode=>network]], id[1172], master [null], hasJoinedOnce [false], cluster_name[TEST-CHILD_VM=[1]-CLUSTER_SEED=[7681506677330870279]-HASH=[2654A95C8CC0]-cluster]}, ping_response{node [{node_t1}{sYyNIAWbQgubikMHt73xvg}{127.0.0.1}{127.0.0.1:30237}[mode=>network]], id[1178], master [null], hasJoinedOnce [false], cluster_name[TEST-CHILD_VM=[1]-CLUSTER_SEED=[7681506677330870279]-HASH=[2654A95C8CC0]-cluster]}, ping_response{node [{node_t1}{sYyNIAWbQgubikMHt73xvg}{127.0.0.1}{127.0.0.1:30237}[mode=>network]], id[1178], master [null], hasJoinedOnce [false], cluster_name[TEST-CHILD_VM=[1]-CLUSTER_SEED=[7681506677330870279]-HASH=[2654A95C8CC0]-cluster]}, ping_response{node [{node_t2}{GWh7hfd7SKGr7WmeXEQE-A}{127.0.0.1}{127.0.0.1:30238}[mode=>network]], id[1182], master [null], hasJoinedOnce [false], cluster_name[TEST-CHILD_VM=[1]-CLUSTER_SEED=[7681506677330870279]-HASH=[2654A95C8CC0]-cluster]}, ping_response{node [{node_t2}{GWh7hfd7SKGr7WmeXEQE-A}{127.0.0.1}{127.0.0.1:30238}[mode=>network]], id[1182], master [null], hasJoinedOnce [false], cluster_name[TEST-CHILD_VM=[1]-CLUSTER_SEED=[7681506677330870279]-HASH=[2654A95C8CC0]-cluster]}, ping_response{node [{node_t3}{mGmZS4sXSFijJZ9-KMznMw}{127.0.0.1}{127.0.0.1:30239}[mode=>network]], id[1186], master [null], hasJoinedOnce [false], cluster_name[TEST-CHILD_VM=[1]-CLUSTER_SEED=[7681506677330870279]-HASH=[2654A95C8CC0]-cluster]}, ping_response{node [{node_t3}{mGmZS4sXSFijJZ9-KMznMw}{127.0.0.1}{127.0.0.1:30239}[mode=>network]], id[1186], master [null], hasJoinedOnce [false], cluster_name[TEST-CHILD_VM=[1]-CLUSTER_SEED=[7681506677330870279]-HASH=[2654A95C8CC0]-cluster]}, ping_response{node [{node_t0}{RuBiuqtkQm2dP64SVfJtEw}{127.0.0.1}{127.0.0.1:30236}[mode=>network]], id[1190], master [null], hasJoinedOnce [false], cluster_name[TEST-CHILD_VM=[1]-CLUSTER_SEED=[7681506677330870279]-HASH=[2654A95C8CC0]-cluster]}, ping_response{node [{node_t0}{RuBiuqtkQm2dP64SVfJtEw}{127.0.0.1}{127.0.0.1:30236}[mode=>network]], id[1191], master [null], hasJoinedOnce [false], cluster_name[TEST-CHILD_VM=[1]-CLUSTER_SEED=[7681506677330870279]-HASH=[2654A95C8CC0]-cluster]}]
[2016-04-18 03:04:41,547][TRACE][org.elasticsearch.discovery.zen.ping.unicast] [node_t0] replacing {node_t2}{GWh7hfd7SKGr7WmeXEQE-A}{127.0.0.1}{127.0.0.1:30238}[mode=>network] with temp node {#zen_unicast_5_GWh7hfd7SKGr7WmeXEQE-A#}{127.0.0.1}{127.0.0.1:30238}[mode=>network]
[2016-04-18 03:04:41,547][TRACE][org.elasticsearch.discovery.zen.ping.unicast] [node_t0] [1] sending to {node_t0}{RuBiuqtkQm2dP64SVfJtEw}{127.0.0.1}{127.0.0.1:30236}[mode=>network]
[2016-04-18 03:04:41,547][TRACE][org.elasticsearch.discovery.zen.ping.unicast] [node_t0] [1] connecting (light) to {#zen_unicast_5_GWh7hfd7SKGr7WmeXEQE-A#}{127.0.0.1}{127.0.0.1:30238}[mode=>network]
[2016-04-18 03:04:41,547][TRACE][org.elasticsearch.discovery.zen.ping.unicast] [node_t0] [1] received response from {node_t0}{RuBiuqtkQm2dP64SVfJtEw}{127.0.0.1}{127.0.0.1:30236}[mode=>network]: [ping_response{node [{node_t0}{RuBiuqtkQm2dP64SVfJtEw}{127.0.0.1}{127.0.0.1:30236}[mode=>network]], id[1160], master [null], hasJoinedOnce [false], cluster_name[TEST-CHILD_VM=[1]-CLUSTER_SEED=[7681506677330870279]-HASH=[2654A95C8CC0]-cluster]}, ping_response{node [{node_t0}{RuBiuqtkQm2dP64SVfJtEw}{127.0.0.1}{127.0.0.1:30236}[mode=>network]], id[1160], master [null], hasJoinedOnce [false], cluster_name[TEST-CHILD_VM=[1]-CLUSTER_SEED=[7681506677330870279]-HASH=[2654A95C8CC0]-cluster]}, ping_response{node [{node_t1}{sYyNIAWbQgubikMHt73xvg}{127.0.0.1}{127.0.0.1:30237}[mode=>network]], id[1163], master [null], hasJoinedOnce [false], cluster_name[TEST-CHILD_VM=[1]-CLUSTER_SEED=[7681506677330870279]-HASH=[2654A95C8CC0]-cluster]}, ping_response{node [{node_t2}{GWh7hfd7SKGr7WmeXEQE-A}{127.0.0.1}{127.0.0.1:30238}[mode=>network]], id[1166], master [null], hasJoinedOnce [false], cluster_name[TEST-CHILD_VM=[1]-CLUSTER_SEED=[7681506677330870279]-HASH=[2654A95C8CC0]-cluster]}, ping_response{node [{node_t3}{mGmZS4sXSFijJZ9-KMznMw}{127.0.0.1}{127.0.0.1:30239}[mode=>network]], id[1169], master [null], hasJoinedOnce [false], cluster_name[TEST-CHILD_VM=[1]-CLUSTER_SEED=[7681506677330870279]-HASH=[2654A95C8CC0]-cluster]}, ping_response{node [{node_t0}{RuBiuqtkQm2dP64SVfJtEw}{127.0.0.1}{127.0.0.1:30236}[mode=>network]], id[1172], master [null], hasJoinedOnce [false], cluster_name[TEST-CHILD_VM=[1]-CLUSTER_SEED=[7681506677330870279]-HASH=[2654A95C8CC0]-cluster]}, ping_response{node [{node_t0}{RuBiuqtkQm2dP64SVfJtEw}{127.0.0.1}{127.0.0.1:30236}[mode=>network]], id[1172], master [null], hasJoinedOnce [false], cluster_name[TEST-CHILD_VM=[1]-CLUSTER_SEED=[7681506677330870279]-HASH=[2654A95C8CC0]-cluster]}, ping_response{node [{node_t1}{sYyNIAWbQgubikMHt73xvg}{127.0.0.1}{127.0.0.1:30237}[mode=>network]], id[1178], master [null], hasJoinedOnce [false], cluster_name[TEST-CHILD_VM=[1]-CLUSTER_SEED=[7681506677330870279]-HASH=[2654A95C8CC0]-cluster]}, ping_response{node [{node_t1}{sYyNIAWbQgubikMHt73xvg}{127.0.0.1}{127.0.0.1:30237}[mode=>network]], id[1178], master [null], hasJoinedOnce [false], cluster_name[TEST-CHILD_VM=[1]-CLUSTER_SEED=[7681506677330870279]-HASH=[2654A95C8CC0]-cluster]}, ping_response{node [{node_t2}{GWh7hfd7SKGr7WmeXEQE-A}{127.0.0.1}{127.0.0.1:30238}[mode=>network]], id[1182], master [null], hasJoinedOnce [false], cluster_name[TEST-CHILD_VM=[1]-CLUSTER_SEED=[7681506677330870279]-HASH=[2654A95C8CC0]-cluster]}, ping_response{node [{node_t2}{GWh7hfd7SKGr7WmeXEQE-A}{127.0.0.1}{127.0.0.1:30238}[mode=>network]], id[1182], master [null], hasJoinedOnce [false], cluster_name[TEST-CHILD_VM=[1]-CLUSTER_SEED=[7681506677330870279]-HASH=[2654A95C8CC0]-cluster]}, ping_response{node [{node_t3}{mGmZS4sXSFijJZ9-KMznMw}{127.0.0.1}{127.0.0.1:30239}[mode=>network]], id[1186], master [null], hasJoinedOnce [false], cluster_name[TEST-CHILD_VM=[1]-CLUSTER_SEED=[7681506677330870279]-HASH=[2654A95C8CC0]-cluster]}, ping_response{node [{node_t3}{mGmZS4sXSFijJZ9-KMznMw}{127.0.0.1}{127.0.0.1:30239}[mode=>network]], id[1186], master [null], hasJoinedOnce [false], cluster_name[TEST-CHILD_VM=[1]-CLUSTER_SEED=[7681506677330870279]-HASH=[2654A95C8CC0]-cluster]}, ping_response{node [{node_t0}{RuBiuqtkQm2dP64SVfJtEw}{127.0.0.1}{127.0.0.1:30236}[mode=>network]], id[1190], master [null], hasJoinedOnce [false], cluster_name[TEST-CHILD_VM=[1]-CLUSTER_SEED=[7681506677330870279]-HASH=[2654A95C8CC0]-cluster]}, ping_response{node [{node_t0}{RuBiuqtkQm2dP64SVfJtEw}{127.0.0.1}{127.0.0.1:30236}[mode=>network]], id[1190], master [null], hasJoinedOnce [false], cluster_name[TEST-CHILD_VM=[1]-CLUSTER_SEED=[7681506677330870279]-HASH=[2654A95C8CC0]-cluster]}, ping_response{node [{node_t0}{RuBiuqtkQm2dP64SVfJtEw}{127.0.0.1}{127.0.0.1:30236}[mode=>network]], id[1192], master [null], hasJoinedOnce [false], cluster_name[TEST-CHILD_VM=[1]-CLUSTER_SEED=[7681506677330870279]-HASH=[2654A95C8CC0]-cluster]}]
[2016-04-18 03:04:41,547][TRACE][org.elasticsearch.discovery.zen.ping.unicast] [node_t0] replacing {node_t3}{mGmZS4sXSFijJZ9-KMznMw}{127.0.0.1}{127.0.0.1:30239}[mode=>network] with temp node {#zen_unicast_6_mGmZS4sXSFijJZ9-KMznMw#}{127.0.0.1}{127.0.0.1:30239}[mode=>network]
[2016-04-18 03:04:41,547][TRACE][org.elasticsearch.discovery.zen.ping.unicast] [node_t0] replacing {node_t1}{sYyNIAWbQgubikMHt73xvg}{127.0.0.1}{127.0.0.1:30237}[mode=>network] with temp node {#zen_unicast_7_sYyNIAWbQgubikMHt73xvg#}{127.0.0.1}{127.0.0.1:30237}[mode=>network]
[2016-04-18 03:04:41,547][TRACE][org.elasticsearch.discovery.zen.ping.unicast] [node_t0] [1] connecting (light) to {#zen_unicast_6_mGmZS4sXSFijJZ9-KMznMw#}{127.0.0.1}{127.0.0.1:30239}[mode=>network]
[2016-04-18 03:04:41,547][TRACE][org.elasticsearch.discovery.zen.ping.unicast] [node_t0] [1] connecting (light) to {#zen_unicast_7_sYyNIAWbQgubikMHt73xvg#}{127.0.0.1}{127.0.0.1:30237}[mode=>network]
[2016-04-18 03:04:41,548][TRACE][org.elasticsearch.discovery.zen.ping.unicast] [node_t0] [1] connected to {node_t2}{GWh7hfd7SKGr7WmeXEQE-A}{127.0.0.1}{127.0.0.1:30238}[mode=>network]
[2016-04-18 03:04:41,548][TRACE][org.elasticsearch.discovery.zen.ping.unicast] [node_t0] [1] sending to {#zen_unicast_5_GWh7hfd7SKGr7WmeXEQE-A#}{127.0.0.1}{127.0.0.1:30238}[mode=>network]
[2016-04-18 03:04:41,548][TRACE][org.elasticsearch.discovery.zen.ping.unicast] [node_t0] [1] connected to {node_t3}{mGmZS4sXSFijJZ9-KMznMw}{127.0.0.1}{127.0.0.1:30239}[mode=>network]
[2016-04-18 03:04:41,548][TRACE][org.elasticsearch.discovery.zen.ping.unicast] [node_t0] [1] connected to {node_t1}{sYyNIAWbQgubikMHt73xvg}{127.0.0.1}{127.0.0.1:30237}[mode=>network]
[2016-04-18 03:04:41,548][TRACE][org.elasticsearch.discovery.zen.ping.unicast] [node_t0] [1] sending to {#zen_unicast_7_sYyNIAWbQgubikMHt73xvg#}{127.0.0.1}{127.0.0.1:30237}[mode=>network]
[2016-04-18 03:04:41,548][TRACE][org.elasticsearch.discovery.zen.ping.unicast] [node_t0] [1] sending to {#zen_unicast_6_mGmZS4sXSFijJZ9-KMznMw#}{127.0.0.1}{127.0.0.1:30239}[mode=>network]
[2016-04-18 03:04:41,548][TRACE][org.elasticsearch.discovery.zen.ping.unicast] [node_t0] [1] received response from {#zen_unicast_5_GWh7hfd7SKGr7WmeXEQE-A#}{127.0.0.1}{127.0.0.1:30238}[mode=>network]: [ping_response{node [{node_t2}{GWh7hfd7SKGr7WmeXEQE-A}{127.0.0.1}{127.0.0.1:30238}[mode=>network]], id[1166], master [null], hasJoinedOnce [false], cluster_name[TEST-CHILD_VM=[1]-CLUSTER_SEED=[7681506677330870279]-HASH=[2654A95C8CC0]-cluster]}, ping_response{node [{node_t0}{RuBiuqtkQm2dP64SVfJtEw}{127.0.0.1}{127.0.0.1:30236}[mode=>network]], id[1172], master [null], hasJoinedOnce [false], cluster_name[TEST-CHILD_VM=[1]-CLUSTER_SEED=[7681506677330870279]-HASH=[2654A95C8CC0]-cluster]}, ping_response{node [{node_t2}{GWh7hfd7SKGr7WmeXEQE-A}{127.0.0.1}{127.0.0.1:30238}[mode=>network]], id[1182], master [null], hasJoinedOnce [false], cluster_name[TEST-CHILD_VM=[1]-CLUSTER_SEED=[7681506677330870279]-HASH=[2654A95C8CC0]-cluster]}, ping_response{node [{node_t0}{RuBiuqtkQm2dP64SVfJtEw}{127.0.0.1}{127.0.0.1:30236}[mode=>network]], id[1190], master [null], hasJoinedOnce [false], cluster_name[TEST-CHILD_VM=[1]-CLUSTER_SEED=[7681506677330870279]-HASH=[2654A95C8CC0]-cluster]}, ping_response{node [{node_t2}{GWh7hfd7SKGr7WmeXEQE-A}{127.0.0.1}{127.0.0.1:30238}[mode=>network]], id[1193], master [null], hasJoinedOnce [false], cluster_name[TEST-CHILD_VM=[1]-CLUSTER_SEED=[7681506677330870279]-HASH=[2654A95C8CC0]-cluster]}]
[2016-04-18 03:04:41,548][TRACE][org.elasticsearch.discovery.zen.ping.unicast] [node_t0] [1] received response from {#zen_unicast_7_sYyNIAWbQgubikMHt73xvg#}{127.0.0.1}{127.0.0.1:30237}[mode=>network]: [ping_response{node [{node_t1}{sYyNIAWbQgubikMHt73xvg}{127.0.0.1}{127.0.0.1:30237}[mode=>network]], id[1163], master [null], hasJoinedOnce [false], cluster_name[TEST-CHILD_VM=[1]-CLUSTER_SEED=[7681506677330870279]-HASH=[2654A95C8CC0]-cluster]}, ping_response{node [{node_t0}{RuBiuqtkQm2dP64SVfJtEw}{127.0.0.1}{127.0.0.1:30236}[mode=>network]], id[1172], master [null], hasJoinedOnce [false], cluster_name[TEST-CHILD_VM=[1]-CLUSTER_SEED=[7681506677330870279]-HASH=[2654A95C8CC0]-cluster]}, ping_response{node [{node_t1}{sYyNIAWbQgubikMHt73xvg}{127.0.0.1}{127.0.0.1:30237}[mode=>network]], id[1178], master [null], hasJoinedOnce [false], cluster_name[TEST-CHILD_VM=[1]-CLUSTER_SEED=[7681506677330870279]-HASH=[2654A95C8CC0]-cluster]}, ping_response{node [{node_t0}{RuBiuqtkQm2dP64SVfJtEw}{127.0.0.1}{127.0.0.1:30236}[mode=>network]], id[1190], master [null], hasJoinedOnce [false], cluster_name[TEST-CHILD_VM=[1]-CLUSTER_SEED=[7681506677330870279]-HASH=[2654A95C8CC0]-cluster]}, ping_response{node [{node_t1}{sYyNIAWbQgubikMHt73xvg}{127.0.0.1}{127.0.0.1:30237}[mode=>network]], id[1194], master [null], hasJoinedOnce [false], cluster_name[TEST-CHILD_VM=[1]-CLUSTER_SEED=[7681506677330870279]-HASH=[2654A95C8CC0]-cluster]}]
[2016-04-18 03:04:41,548][TRACE][org.elasticsearch.discovery.zen.ping.unicast] [node_t0] [1] received response from {#zen_unicast_6_mGmZS4sXSFijJZ9-KMznMw#}{127.0.0.1}{127.0.0.1:30239}[mode=>network]: [ping_response{node [{node_t3}{mGmZS4sXSFijJZ9-KMznMw}{127.0.0.1}{127.0.0.1:30239}[mode=>network]], id[1169], master [null], hasJoinedOnce [false], cluster_name[TEST-CHILD_VM=[1]-CLUSTER_SEED=[7681506677330870279]-HASH=[2654A95C8CC0]-cluster]}, ping_response{node [{node_t0}{RuBiuqtkQm2dP64SVfJtEw}{127.0.0.1}{127.0.0.1:30236}[mode=>network]], id[1172], master [null], hasJoinedOnce [false], cluster_name[TEST-CHILD_VM=[1]-CLUSTER_SEED=[7681506677330870279]-HASH=[2654A95C8CC0]-cluster]}, ping_response{node [{node_t3}{mGmZS4sXSFijJZ9-KMznMw}{127.0.0.1}{127.0.0.1:30239}[mode=>network]], id[1186], master [null], hasJoinedOnce [false], cluster_name[TEST-CHILD_VM=[1]-CLUSTER_SEED=[7681506677330870279]-HASH=[2654A95C8CC0]-cluster]}, ping_response{node [{node_t0}{RuBiuqtkQm2dP64SVfJtEw}{127.0.0.1}{127.0.0.1:30236}[mode=>network]], id[1190], master [null], hasJoinedOnce [false], cluster_name[TEST-CHILD_VM=[1]-CLUSTER_SEED=[7681506677330870279]-HASH=[2654A95C8CC0]-cluster]}, ping_response{node [{node_t3}{mGmZS4sXSFijJZ9-KMznMw}{127.0.0.1}{127.0.0.1:30239}[mode=>network]], id[1195], master [null], hasJoinedOnce [false], cluster_name[TEST-CHILD_VM=[1]-CLUSTER_SEED=[7681506677330870279]-HASH=[2654A95C8CC0]-cluster]}]
[2016-04-18 03:04:41,548][TRACE][org.elasticsearch.discovery.zen.ping.unicast] [node_t0] [1] disconnecting from {#zen_unicast_7_sYyNIAWbQgubikMHt73xvg#}{127.0.0.1}{127.0.0.1:30237}[mode=>network]
[2016-04-18 03:04:41,549][TRACE][org.elasticsearch.discovery.zen] [node_t0] full ping responses:
	--> ping_response{node [{node_t3}{mGmZS4sXSFijJZ9-KMznMw}{127.0.0.1}{127.0.0.1:30239}[mode=>network]], id[1195], master [null], hasJoinedOnce [false], cluster_name[TEST-CHILD_VM=[1]-CLUSTER_SEED=[7681506677330870279]-HASH=[2654A95C8CC0]-cluster]}
	--> ping_response{node [{node_t1}{sYyNIAWbQgubikMHt73xvg}{127.0.0.1}{127.0.0.1:30237}[mode=>network]], id[1194], master [null], hasJoinedOnce [false], cluster_name[TEST-CHILD_VM=[1]-CLUSTER_SEED=[7681506677330870279]-HASH=[2654A95C8CC0]-cluster]}
	--> ping_response{node [{node_t2}{GWh7hfd7SKGr7WmeXEQE-A}{127.0.0.1}{127.0.0.1:30238}[mode=>network]], id[1193], master [null], hasJoinedOnce [false], cluster_name[TEST-CHILD_VM=[1]-CLUSTER_SEED=[7681506677330870279]-HASH=[2654A95C8CC0]-cluster]}
[2016-04-18 03:04:41,549][DEBUG][org.elasticsearch.discovery.zen] [node_t0] filtered ping responses: (filter_client[true], filter_data[false])
	--> ping_response{node [{node_t3}{mGmZS4sXSFijJZ9-KMznMw}{127.0.0.1}{127.0.0.1:30239}[mode=>network]], id[1195], master [null], hasJoinedOnce [false], cluster_name[TEST-CHILD_VM=[1]-CLUSTER_SEED=[7681506677330870279]-HASH=[2654A95C8CC0]-cluster]}
	--> ping_response{node [{node_t1}{sYyNIAWbQgubikMHt73xvg}{127.0.0.1}{127.0.0.1:30237}[mode=>network]], id[1194], master [null], hasJoinedOnce [false], cluster_name[TEST-CHILD_VM=[1]-CLUSTER_SEED=[7681506677330870279]-HASH=[2654A95C8CC0]-cluster]}
	--> ping_response{node [{node_t2}{GWh7hfd7SKGr7WmeXEQE-A}{127.0.0.1}{127.0.0.1:30238}[mode=>network]], id[1193], master [null], hasJoinedOnce [false], cluster_name[TEST-CHILD_VM=[1]-CLUSTER_SEED=[7681506677330870279]-HASH=[2654A95C8CC0]-cluster]}
[2016-04-18 03:04:41,549][TRACE][org.elasticsearch.discovery.zen] [node_t0] stopping join accumulation ([not master])
[2016-04-18 03:04:41,549][TRACE][org.elasticsearch.discovery.zen.ping.unicast] [node_t0] [1] disconnecting from {#zen_unicast_5_GWh7hfd7SKGr7WmeXEQE-A#}{127.0.0.1}{127.0.0.1:30238}[mode=>network]
[2016-04-18 03:04:41,549][TRACE][org.elasticsearch.discovery.zen.ping.unicast] [node_t0] [1] disconnecting from {#zen_unicast_4_sYyNIAWbQgubikMHt73xvg#}{127.0.0.1}{127.0.0.1:30237}[mode=>network]
[2016-04-18 03:04:41,549][TRACE][org.elasticsearch.discovery.zen.ping.unicast] [node_t0] [1] disconnecting from {#zen_unicast_6_mGmZS4sXSFijJZ9-KMznMw#}{127.0.0.1}{127.0.0.1:30239}[mode=>network]
[2016-04-18 03:04:41,549][TRACE][org.elasticsearch.discovery.zen.ping.unicast] [node_t0] [1] disconnecting from {#zen_unicast_3_mGmZS4sXSFijJZ9-KMznMw#}{127.0.0.1}{127.0.0.1:30239}[mode=>network]
[2016-04-18 03:04:41,549][TRACE][org.elasticsearch.discovery.zen.ping.unicast] [node_t0] [1] disconnecting from {#zen_unicast_2_GWh7hfd7SKGr7WmeXEQE-A#}{127.0.0.1}{127.0.0.1:30238}[mode=>network]
[2016-04-18 03:04:41,550][TRACE][org.elasticsearch.discovery.zen] [node_t0] joining master {node_t2}{GWh7hfd7SKGr7WmeXEQE-A}{127.0.0.1}{127.0.0.1:30238}[mode=>network]
[2016-04-18 03:04:41,579][TRACE][org.elasticsearch.discovery.zen.ping.unicast] [node_t1] [1] sending to {#zen_unicast_1#}{127.0.0.1}{127.0.0.1:30236}
[2016-04-18 03:04:41,580][TRACE][org.elasticsearch.discovery.zen.ping.unicast] [node_t1] replacing {node_t0}{RuBiuqtkQm2dP64SVfJtEw}{127.0.0.1}{127.0.0.1:30236}[mode=>network] with temp node {#zen_unicast_3_RuBiuqtkQm2dP64SVfJtEw#}{127.0.0.1}{127.0.0.1:30236}[mode=>network]
[2016-04-18 03:04:41,580][TRACE][org.elasticsearch.discovery.zen.ping.unicast] [node_t1] [1] sending to {node_t1}{sYyNIAWbQgubikMHt73xvg}{127.0.0.1}{127.0.0.1:30237}[mode=>network]
[2016-04-18 03:04:41,580][TRACE][org.elasticsearch.discovery.zen.ping.unicast] [node_t1] [1] connecting (light) to {#zen_unicast_3_RuBiuqtkQm2dP64SVfJtEw#}{127.0.0.1}{127.0.0.1:30236}[mode=>network]
[2016-04-18 03:04:41,580][TRACE][org.elasticsearch.discovery.zen.ping.unicast] [node_t1] [1] received response from {node_t1}{sYyNIAWbQgubikMHt73xvg}{127.0.0.1}{127.0.0.1:30237}[mode=>network]: [ping_response{node [{node_t1}{sYyNIAWbQgubikMHt73xvg}{127.0.0.1}{127.0.0.1:30237}[mode=>network]], id[1163], master [null], hasJoinedOnce [false], cluster_name[TEST-CHILD_VM=[1]-CLUSTER_SEED=[7681506677330870279]-HASH=[2654A95C8CC0]-cluster]}, ping_response{node [{node_t0}{RuBiuqtkQm2dP64SVfJtEw}{127.0.0.1}{127.0.0.1:30236}[mode=>network]], id[1172], master [null], hasJoinedOnce [false], cluster_name[TEST-CHILD_VM=[1]-CLUSTER_SEED=[7681506677330870279]-HASH=[2654A95C8CC0]-cluster]}, ping_response{node [{node_t1}{sYyNIAWbQgubikMHt73xvg}{127.0.0.1}{127.0.0.1:30237}[mode=>network]], id[1178], master [null], hasJoinedOnce [false], cluster_name[TEST-CHILD_VM=[1]-CLUSTER_SEED=[7681506677330870279]-HASH=[2654A95C8CC0]-cluster]}, ping_response{node [{node_t0}{RuBiuqtkQm2dP64SVfJtEw}{127.0.0.1}{127.0.0.1:30236}[mode=>network]], id[1190], master [null], hasJoinedOnce [false], cluster_name[TEST-CHILD_VM=[1]-CLUSTER_SEED=[7681506677330870279]-HASH=[2654A95C8CC0]-cluster]}, ping_response{node [{node_t1}{sYyNIAWbQgubikMHt73xvg}{127.0.0.1}{127.0.0.1:30237}[mode=>network]], id[1196], master [null], hasJoinedOnce [false], cluster_name[TEST-CHILD_VM=[1]-CLUSTER_SEED=[7681506677330870279]-HASH=[2654A95C8CC0]-cluster]}, ping_response{node [{node_t1}{sYyNIAWbQgubikMHt73xvg}{127.0.0.1}{127.0.0.1:30237}[mode=>network]], id[1198], master [null], hasJoinedOnce [false], cluster_name[TEST-CHILD_VM=[1]-CLUSTER_SEED=[7681506677330870279]-HASH=[2654A95C8CC0]-cluster]}]
[2016-04-18 03:04:41,580][TRACE][org.elasticsearch.discovery.zen.ping.unicast] [node_t1] [1] received response from {#zen_unicast_1#}{127.0.0.1}{127.0.0.1:30236}: [ping_response{node [{node_t0}{RuBiuqtkQm2dP64SVfJtEw}{127.0.0.1}{127.0.0.1:30236}[mode=>network]], id[1160], master [null], hasJoinedOnce [false], cluster_name[TEST-CHILD_VM=[1]-CLUSTER_SEED=[7681506677330870279]-HASH=[2654A95C8CC0]-cluster]}, ping_response{node [{node_t0}{RuBiuqtkQm2dP64SVfJtEw}{127.0.0.1}{127.0.0.1:30236}[mode=>network]], id[1160], master [null], hasJoinedOnce [false], cluster_name[TEST-CHILD_VM=[1]-CLUSTER_SEED=[7681506677330870279]-HASH=[2654A95C8CC0]-cluster]}, ping_response{node [{node_t1}{sYyNIAWbQgubikMHt73xvg}{127.0.0.1}{127.0.0.1:30237}[mode=>network]], id[1163], master [null], hasJoinedOnce [false], cluster_name[TEST-CHILD_VM=[1]-CLUSTER_SEED=[7681506677330870279]-HASH=[2654A95C8CC0]-cluster]}, ping_response{node [{node_t2}{GWh7hfd7SKGr7WmeXEQE-A}{127.0.0.1}{127.0.0.1:30238}[mode=>network]], id[1166], master [null], hasJoinedOnce [false], cluster_name[TEST-CHILD_VM=[1]-CLUSTER_SEED=[7681506677330870279]-HASH=[2654A95C8CC0]-cluster]}, ping_response{node [{node_t3}{mGmZS4sXSFijJZ9-KMznMw}{127.0.0.1}{127.0.0.1:30239}[mode=>network]], id[1169], master [null], hasJoinedOnce [false], cluster_name[TEST-CHILD_VM=[1]-CLUSTER_SEED=[7681506677330870279]-HASH=[2654A95C8CC0]-cluster]}, ping_response{node [{node_t0}{RuBiuqtkQm2dP64SVfJtEw}{127.0.0.1}{127.0.0.1:30236}[mode=>network]], id[1172], master [null], hasJoinedOnce [false], cluster_name[TEST-CHILD_VM=[1]-CLUSTER_SEED=[7681506677330870279]-HASH=[2654A95C8CC0]-cluster]}, ping_response{node [{node_t0}{RuBiuqtkQm2dP64SVfJtEw}{127.0.0.1}{127.0.0.1:30236}[mode=>network]], id[1172], master [null], hasJoinedOnce [false], cluster_name[TEST-CHILD_VM=[1]-CLUSTER_SEED=[7681506677330870279]-HASH=[2654A95C8CC0]-cluster]}, ping_response{node [{node_t1}{sYyNIAWbQgubikMHt73xvg}{127.0.0.1}{127.0.0.1:30237}[mode=>network]], id[1178], master [null], hasJoinedOnce [false], cluster_name[TEST-CHILD_VM=[1]-CLUSTER_SEED=[7681506677330870279]-HASH=[2654A95C8CC0]-cluster]}, ping_response{node [{node_t1}{sYyNIAWbQgubikMHt73xvg}{127.0.0.1}{127.0.0.1:30237}[mode=>network]], id[1178], master [null], hasJoinedOnce [false], cluster_name[TEST-CHILD_VM=[1]-CLUSTER_SEED=[7681506677330870279]-HASH=[2654A95C8CC0]-cluster]}, ping_response{node [{node_t2}{GWh7hfd7SKGr7WmeXEQE-A}{127.0.0.1}{127.0.0.1:30238}[mode=>network]], id[1182], master [null], hasJoinedOnce [false], cluster_name[TEST-CHILD_VM=[1]-CLUSTER_SEED=[7681506677330870279]-HASH=[2654A95C8CC0]-cluster]}, ping_response{node [{node_t2}{GWh7hfd7SKGr7WmeXEQE-A}{127.0.0.1}{127.0.0.1:30238}[mode=>network]], id[1182], master [null], hasJoinedOnce [false], cluster_name[TEST-CHILD_VM=[1]-CLUSTER_SEED=[7681506677330870279]-HASH=[2654A95C8CC0]-cluster]}, ping_response{node [{node_t3}{mGmZS4sXSFijJZ9-KMznMw}{127.0.0.1}{127.0.0.1:30239}[mode=>network]], id[1186], master [null], hasJoinedOnce [false], cluster_name[TEST-CHILD_VM=[1]-CLUSTER_SEED=[7681506677330870279]-HASH=[2654A95C8CC0]-cluster]}, ping_response{node [{node_t3}{mGmZS4sXSFijJZ9-KMznMw}{127.0.0.1}{127.0.0.1:30239}[mode=>network]], id[1186], master [null], hasJoinedOnce [false], cluster_name[TEST-CHILD_VM=[1]-CLUSTER_SEED=[7681506677330870279]-HASH=[2654A95C8CC0]-cluster]}, ping_response{node [{node_t0}{RuBiuqtkQm2dP64SVfJtEw}{127.0.0.1}{127.0.0.1:30236}[mode=>network]], id[1190], master [null], hasJoinedOnce [false], cluster_name[TEST-CHILD_VM=[1]-CLUSTER_SEED=[7681506677330870279]-HASH=[2654A95C8CC0]-cluster]}, ping_response{node [{node_t0}{RuBiuqtkQm2dP64SVfJtEw}{127.0.0.1}{127.0.0.1:30236}[mode=>network]], id[1190], master [null], hasJoinedOnce [false], cluster_name[TEST-CHILD_VM=[1]-CLUSTER_SEED=[7681506677330870279]-HASH=[2654A95C8CC0]-cluster]}, ping_response{node [{node_t1}{sYyNIAWbQgubikMHt73xvg}{127.0.0.1}{127.0.0.1:30237}[mode=>network]], id[1196], master [null], hasJoinedOnce [false], cluster_name[TEST-CHILD_VM=[1]-CLUSTER_SEED=[7681506677330870279]-HASH=[2654A95C8CC0]-cluster]}, ping_response{node [{node_t0}{RuBiuqtkQm2dP64SVfJtEw}{127.0.0.1}{127.0.0.1:30236}[mode=>network]], id[1197], master [null], hasJoinedOnce [false], cluster_name[TEST-CHILD_VM=[1]-CLUSTER_SEED=[7681506677330870279]-HASH=[2654A95C8CC0]-cluster]}]
[2016-04-18 03:04:41,580][TRACE][org.elasticsearch.discovery.zen.ping.unicast] [node_t1] [1] connected to {node_t0}{RuBiuqtkQm2dP64SVfJtEw}{127.0.0.1}{127.0.0.1:30236}[mode=>network]
[2016-04-18 03:04:41,580][TRACE][org.elasticsearch.discovery.zen.ping.unicast] [node_t1] [1] sending to {#zen_unicast_3_RuBiuqtkQm2dP64SVfJtEw#}{127.0.0.1}{127.0.0.1:30236}[mode=>network]
[2016-04-18 03:04:41,581][TRACE][org.elasticsearch.discovery.zen.ping.unicast] [node_t1] [1] received response from {#zen_unicast_3_RuBiuqtkQm2dP64SVfJtEw#}{127.0.0.1}{127.0.0.1:30236}[mode=>network]: [ping_response{node [{node_t0}{RuBiuqtkQm2dP64SVfJtEw}{127.0.0.1}{127.0.0.1:30236}[mode=>network]], id[1160], master [null], hasJoinedOnce [false], cluster_name[TEST-CHILD_VM=[1]-CLUSTER_SEED=[7681506677330870279]-HASH=[2654A95C8CC0]-cluster]}, ping_response{node [{node_t0}{RuBiuqtkQm2dP64SVfJtEw}{127.0.0.1}{127.0.0.1:30236}[mode=>network]], id[1160], master [null], hasJoinedOnce [false], cluster_name[TEST-CHILD_VM=[1]-CLUSTER_SEED=[7681506677330870279]-HASH=[2654A95C8CC0]-cluster]}, ping_response{node [{node_t1}{sYyNIAWbQgubikMHt73xvg}{127.0.0.1}{127.0.0.1:30237}[mode=>network]], id[1163], master [null], hasJoinedOnce [false], cluster_name[TEST-CHILD_VM=[1]-CLUSTER_SEED=[7681506677330870279]-HASH=[2654A95C8CC0]-cluster]}, ping_response{node [{node_t2}{GWh7hfd7SKGr7WmeXEQE-A}{127.0.0.1}{127.0.0.1:30238}[mode=>network]], id[1166], master [null], hasJoinedOnce [false], cluster_name[TEST-CHILD_VM=[1]-CLUSTER_SEED=[7681506677330870279]-HASH=[2654A95C8CC0]-cluster]}, ping_response{node [{node_t3}{mGmZS4sXSFijJZ9-KMznMw}{127.0.0.1}{127.0.0.1:30239}[mode=>network]], id[1169], master [null], hasJoinedOnce [false], cluster_name[TEST-CHILD_VM=[1]-CLUSTER_SEED=[7681506677330870279]-HASH=[2654A95C8CC0]-cluster]}, ping_response{node [{node_t0}{RuBiuqtkQm2dP64SVfJtEw}{127.0.0.1}{127.0.0.1:30236}[mode=>network]], id[1172], master [null], hasJoinedOnce [false], cluster_name[TEST-CHILD_VM=[1]-CLUSTER_SEED=[7681506677330870279]-HASH=[2654A95C8CC0]-cluster]}, ping_response{node [{node_t0}{RuBiuqtkQm2dP64SVfJtEw}{127.0.0.1}{127.0.0.1:30236}[mode=>network]], id[1172], master [null], hasJoinedOnce [false], cluster_name[TEST-CHILD_VM=[1]-CLUSTER_SEED=[7681506677330870279]-HASH=[2654A95C8CC0]-cluster]}, ping_response{node [{node_t1}{sYyNIAWbQgubikMHt73xvg}{127.0.0.1}{127.0.0.1:30237}[mode=>network]], id[1178], master [null], hasJoinedOnce [false], cluster_name[TEST-CHILD_VM=[1]-CLUSTER_SEED=[7681506677330870279]-HASH=[2654A95C8CC0]-cluster]}, ping_response{node [{node_t1}{sYyNIAWbQgubikMHt73xvg}{127.0.0.1}{127.0.0.1:30237}[mode=>network]], id[1178], master [null], hasJoinedOnce [false], cluster_name[TEST-CHILD_VM=[1]-CLUSTER_SEED=[7681506677330870279]-HASH=[2654A95C8CC0]-cluster]}, ping_response{node [{node_t2}{GWh7hfd7SKGr7WmeXEQE-A}{127.0.0.1}{127.0.0.1:30238}[mode=>network]], id[1182], master [null], hasJoinedOnce [false], cluster_name[TEST-CHILD_VM=[1]-CLUSTER_SEED=[7681506677330870279]-HASH=[2654A95C8CC0]-cluster]}, ping_response{node [{node_t2}{GWh7hfd7SKGr7WmeXEQE-A}{127.0.0.1}{127.0.0.1:30238}[mode=>network]], id[1182], master [null], hasJoinedOnce [false], cluster_name[TEST-CHILD_VM=[1]-CLUSTER_SEED=[7681506677330870279]-HASH=[2654A95C8CC0]-cluster]}, ping_response{node [{node_t3}{mGmZS4sXSFijJZ9-KMznMw}{127.0.0.1}{127.0.0.1:30239}[mode=>network]], id[1186], master [null], hasJoinedOnce [false], cluster_name[TEST-CHILD_VM=[1]-CLUSTER_SEED=[7681506677330870279]-HASH=[2654A95C8CC0]-cluster]}, ping_response{node [{node_t3}{mGmZS4sXSFijJZ9-KMznMw}{127.0.0.1}{127.0.0.1:30239}[mode=>network]], id[1186], master [null], hasJoinedOnce [false], cluster_name[TEST-CHILD_VM=[1]-CLUSTER_SEED=[7681506677330870279]-HASH=[2654A95C8CC0]-cluster]}, ping_response{node [{node_t0}{RuBiuqtkQm2dP64SVfJtEw}{127.0.0.1}{127.0.0.1:30236}[mode=>network]], id[1190], master [null], hasJoinedOnce [false], cluster_name[TEST-CHILD_VM=[1]-CLUSTER_SEED=[7681506677330870279]-HASH=[2654A95C8CC0]-cluster]}, ping_response{node [{node_t0}{RuBiuqtkQm2dP64SVfJtEw}{127.0.0.1}{127.0.0.1:30236}[mode=>network]], id[1190], master [null], hasJoinedOnce [false], cluster_name[TEST-CHILD_VM=[1]-CLUSTER_SEED=[7681506677330870279]-HASH=[2654A95C8CC0]-cluster]}, ping_response{node [{node_t1}{sYyNIAWbQgubikMHt73xvg}{127.0.0.1}{127.0.0.1:30237}[mode=>network]], id[1196], master [null], hasJoinedOnce [false], cluster_name[TEST-CHILD_VM=[1]-CLUSTER_SEED=[7681506677330870279]-HASH=[2654A95C8CC0]-cluster]}, ping_response{node [{node_t1}{sYyNIAWbQgubikMHt73xvg}{127.0.0.1}{127.0.0.1:30237}[mode=>network]], id[1196], master [null], hasJoinedOnce [false], cluster_name[TEST-CHILD_VM=[1]-CLUSTER_SEED=[7681506677330870279]-HASH=[2654A95C8CC0]-cluster]}, ping_response{node [{node_t0}{RuBiuqtkQm2dP64SVfJtEw}{127.0.0.1}{127.0.0.1:30236}[mode=>network]], id[1199], master [null], hasJoinedOnce [false], cluster_name[TEST-CHILD_VM=[1]-CLUSTER_SEED=[7681506677330870279]-HASH=[2654A95C8CC0]-cluster]}]
[2016-04-18 03:04:41,582][TRACE][org.elasticsearch.discovery.zen.ping.unicast] [node_t1] [1] disconnecting from {#zen_unicast_1#}{127.0.0.1}{127.0.0.1:30236}
[2016-04-18 03:04:41,582][TRACE][org.elasticsearch.discovery.zen] [node_t1] full ping responses:
	--> ping_response{node [{node_t3}{mGmZS4sXSFijJZ9-KMznMw}{127.0.0.1}{127.0.0.1:30239}[mode=>network]], id[1186], master [null], hasJoinedOnce [false], cluster_name[TEST-CHILD_VM=[1]-CLUSTER_SEED=[7681506677330870279]-HASH=[2654A95C8CC0]-cluster]}
	--> ping_response{node [{node_t0}{RuBiuqtkQm2dP64SVfJtEw}{127.0.0.1}{127.0.0.1:30236}[mode=>network]], id[1199], master [null], hasJoinedOnce [false], cluster_name[TEST-CHILD_VM=[1]-CLUSTER_SEED=[7681506677330870279]-HASH=[2654A95C8CC0]-cluster]}
	--> ping_response{node [{node_t2}{GWh7hfd7SKGr7WmeXEQE-A}{127.0.0.1}{127.0.0.1:30238}[mode=>network]], id[1182], master [null], hasJoinedOnce [false], cluster_name[TEST-CHILD_VM=[1]-CLUSTER_SEED=[7681506677330870279]-HASH=[2654A95C8CC0]-cluster]}
[2016-04-18 03:04:41,582][DEBUG][org.elasticsearch.discovery.zen] [node_t1] filtered ping responses: (filter_client[true], filter_data[false])
	--> ping_response{node [{node_t3}{mGmZS4sXSFijJZ9-KMznMw}{127.0.0.1}{127.0.0.1:30239}[mode=>network]], id[1186], master [null], hasJoinedOnce [false], cluster_name[TEST-CHILD_VM=[1]-CLUSTER_SEED=[7681506677330870279]-HASH=[2654A95C8CC0]-cluster]}
	--> ping_response{node [{node_t0}{RuBiuqtkQm2dP64SVfJtEw}{127.0.0.1}{127.0.0.1:30236}[mode=>network]], id[1199], master [null], hasJoinedOnce [false], cluster_name[TEST-CHILD_VM=[1]-CLUSTER_SEED=[7681506677330870279]-HASH=[2654A95C8CC0]-cluster]}
	--> ping_response{node [{node_t2}{GWh7hfd7SKGr7WmeXEQE-A}{127.0.0.1}{127.0.0.1:30238}[mode=>network]], id[1182], master [null], hasJoinedOnce [false], cluster_name[TEST-CHILD_VM=[1]-CLUSTER_SEED=[7681506677330870279]-HASH=[2654A95C8CC0]-cluster]}
[2016-04-18 03:04:41,582][TRACE][org.elasticsearch.discovery.zen.ping.unicast] [node_t1] [1] disconnecting from {#zen_unicast_2_RuBiuqtkQm2dP64SVfJtEw#}{127.0.0.1}{127.0.0.1:30236}[mode=>network]
[2016-04-18 03:04:41,582][TRACE][org.elasticsearch.discovery.zen] [node_t1] stopping join accumulation ([not master])
[2016-04-18 03:04:41,582][TRACE][org.elasticsearch.discovery.zen.ping.unicast] [node_t1] [1] disconnecting from {#zen_unicast_3_RuBiuqtkQm2dP64SVfJtEw#}{127.0.0.1}{127.0.0.1:30236}[mode=>network]
[2016-04-18 03:04:41,583][TRACE][org.elasticsearch.discovery.zen] [node_t1] joining master {node_t2}{GWh7hfd7SKGr7WmeXEQE-A}{127.0.0.1}{127.0.0.1:30238}[mode=>network]
[2016-04-18 03:04:41,603][TRACE][org.elasticsearch.discovery.zen.ping.unicast] [node_t2] [1] sending to {#zen_unicast_1#}{127.0.0.1}{127.0.0.1:30236}
[2016-04-18 03:04:41,603][TRACE][org.elasticsearch.discovery.zen.ping.unicast] [node_t2] [1] sending to {node_t2}{GWh7hfd7SKGr7WmeXEQE-A}{127.0.0.1}{127.0.0.1:30238}[mode=>network]
[2016-04-18 03:04:41,603][TRACE][org.elasticsearch.discovery.zen.ping.unicast] [node_t2] [1] received response from {node_t2}{GWh7hfd7SKGr7WmeXEQE-A}{127.0.0.1}{127.0.0.1:30238}[mode=>network]: [ping_response{node [{node_t2}{GWh7hfd7SKGr7WmeXEQE-A}{127.0.0.1}{127.0.0.1:30238}[mode=>network]], id[1166], master [null], hasJoinedOnce [false], cluster_name[TEST-CHILD_VM=[1]-CLUSTER_SEED=[7681506677330870279]-HASH=[2654A95C8CC0]-cluster]}, ping_response{node [{node_t0}{RuBiuqtkQm2dP64SVfJtEw}{127.0.0.1}{127.0.0.1:30236}[mode=>network]], id[1172], master [null], hasJoinedOnce [false], cluster_name[TEST-CHILD_VM=[1]-CLUSTER_SEED=[7681506677330870279]-HASH=[2654A95C8CC0]-cluster]}, ping_response{node [{node_t2}{GWh7hfd7SKGr7WmeXEQE-A}{127.0.0.1}{127.0.0.1:30238}[mode=>network]], id[1182], master [null], hasJoinedOnce [false], cluster_name[TEST-CHILD_VM=[1]-CLUSTER_SEED=[7681506677330870279]-HASH=[2654A95C8CC0]-cluster]}, ping_response{node [{node_t0}{RuBiuqtkQm2dP64SVfJtEw}{127.0.0.1}{127.0.0.1:30236}[mode=>network]], id[1190], master [null], hasJoinedOnce [false], cluster_name[TEST-CHILD_VM=[1]-CLUSTER_SEED=[7681506677330870279]-HASH=[2654A95C8CC0]-cluster]}, ping_response{node [{node_t2}{GWh7hfd7SKGr7WmeXEQE-A}{127.0.0.1}{127.0.0.1:30238}[mode=>network]], id[1200], master [null], hasJoinedOnce [false], cluster_name[TEST-CHILD_VM=[1]-CLUSTER_SEED=[7681506677330870279]-HASH=[2654A95C8CC0]-cluster]}, ping_response{node [{node_t2}{GWh7hfd7SKGr7WmeXEQE-A}{127.0.0.1}{127.0.0.1:30238}[mode=>network]], id[1201], master [null], hasJoinedOnce [false], cluster_name[TEST-CHILD_VM=[1]-CLUSTER_SEED=[7681506677330870279]-HASH=[2654A95C8CC0]-cluster]}]
[2016-04-18 03:04:41,603][TRACE][org.elasticsearch.discovery.zen.ping.unicast] [node_t2] [1] sending to {node_t0}{RuBiuqtkQm2dP64SVfJtEw}{127.0.0.1}{127.0.0.1:30236}[mode=>network]
[2016-04-18 03:04:41,603][TRACE][org.elasticsearch.discovery.zen.ping.unicast] [node_t2] [1] received response from {#zen_unicast_1#}{127.0.0.1}{127.0.0.1:30236}: [ping_response{node [{node_t0}{RuBiuqtkQm2dP64SVfJtEw}{127.0.0.1}{127.0.0.1:30236}[mode=>network]], id[1160], master [null], hasJoinedOnce [false], cluster_name[TEST-CHILD_VM=[1]-CLUSTER_SEED=[7681506677330870279]-HASH=[2654A95C8CC0]-cluster]}, ping_response{node [{node_t0}{RuBiuqtkQm2dP64SVfJtEw}{127.0.0.1}{127.0.0.1:30236}[mode=>network]], id[1160], master [null], hasJoinedOnce [false], cluster_name[TEST-CHILD_VM=[1]-CLUSTER_SEED=[7681506677330870279]-HASH=[2654A95C8CC0]-cluster]}, ping_response{node [{node_t1}{sYyNIAWbQgubikMHt73xvg}{127.0.0.1}{127.0.0.1:30237}[mode=>network]], id[1163], master [null], hasJoinedOnce [false], cluster_name[TEST-CHILD_VM=[1]-CLUSTER_SEED=[7681506677330870279]-HASH=[2654A95C8CC0]-cluster]}, ping_response{node [{node_t2}{GWh7hfd7SKGr7WmeXEQE-A}{127.0.0.1}{127.0.0.1:30238}[mode=>network]], id[1166], master [null], hasJoinedOnce [false], cluster_name[TEST-CHILD_VM=[1]-CLUSTER_SEED=[7681506677330870279]-HASH=[2654A95C8CC0]-cluster]}, ping_response{node [{node_t3}{mGmZS4sXSFijJZ9-KMznMw}{127.0.0.1}{127.0.0.1:30239}[mode=>network]], id[1169], master [null], hasJoinedOnce [false], cluster_name[TEST-CHILD_VM=[1]-CLUSTER_SEED=[7681506677330870279]-HASH=[2654A95C8CC0]-cluster]}, ping_response{node [{node_t0}{RuBiuqtkQm2dP64SVfJtEw}{127.0.0.1}{127.0.0.1:30236}[mode=>network]], id[1172], master [null], hasJoinedOnce [false], cluster_name[TEST-CHILD_VM=[1]-CLUSTER_SEED=[7681506677330870279]-HASH=[2654A95C8CC0]-cluster]}, ping_response{node [{node_t0}{RuBiuqtkQm2dP64SVfJtEw}{127.0.0.1}{127.0.0.1:30236}[mode=>network]], id[1172], master [null], hasJoinedOnce [false], cluster_name[TEST-CHILD_VM=[1]-CLUSTER_SEED=[7681506677330870279]-HASH=[2654A95C8CC0]-cluster]}, ping_response{node [{node_t1}{sYyNIAWbQgubikMHt73xvg}{127.0.0.1}{127.0.0.1:30237}[mode=>network]], id[1178], master [null], hasJoinedOnce [false], cluster_name[TEST-CHILD_VM=[1]-CLUSTER_SEED=[7681506677330870279]-HASH=[2654A95C8CC0]-cluster]}, ping_response{node [{node_t1}{sYyNIAWbQgubikMHt73xvg}{127.0.0.1}{127.0.0.1:30237}[mode=>network]], id[1178], master [null], hasJoinedOnce [false], cluster_name[TEST-CHILD_VM=[1]-CLUSTER_SEED=[7681506677330870279]-HASH=[2654A95C8CC0]-cluster]}, ping_response{node [{node_t2}{GWh7hfd7SKGr7WmeXEQE-A}{127.0.0.1}{127.0.0.1:30238}[mode=>network]], id[1182], master [null], hasJoinedOnce [false], cluster_name[TEST-CHILD_VM=[1]-CLUSTER_SEED=[7681506677330870279]-HASH=[2654A95C8CC0]-cluster]}, ping_response{node [{node_t2}{GWh7hfd7SKGr7WmeXEQE-A}{127.0.0.1}{127.0.0.1:30238}[mode=>network]], id[1182], master [null], hasJoinedOnce [false], cluster_name[TEST-CHILD_VM=[1]-CLUSTER_SEED=[7681506677330870279]-HASH=[2654A95C8CC0]-cluster]}, ping_response{node [{node_t3}{mGmZS4sXSFijJZ9-KMznMw}{127.0.0.1}{127.0.0.1:30239}[mode=>network]], id[1186], master [null], hasJoinedOnce [false], cluster_name[TEST-CHILD_VM=[1]-CLUSTER_SEED=[7681506677330870279]-HASH=[2654A95C8CC0]-cluster]}, ping_response{node [{node_t3}{mGmZS4sXSFijJZ9-KMznMw}{127.0.0.1}{127.0.0.1:30239}[mode=>network]], id[1186], master [null], hasJoinedOnce [false], cluster_name[TEST-CHILD_VM=[1]-CLUSTER_SEED=[7681506677330870279]-HASH=[2654A95C8CC0]-cluster]}, ping_response{node [{node_t0}{RuBiuqtkQm2dP64SVfJtEw}{127.0.0.1}{127.0.0.1:30236}[mode=>network]], id[1190], master [null], hasJoinedOnce [false], cluster_name[TEST-CHILD_VM=[1]-CLUSTER_SEED=[7681506677330870279]-HASH=[2654A95C8CC0]-cluster]}, ping_response{node [{node_t0}{RuBiuqtkQm2dP64SVfJtEw}{127.0.0.1}{127.0.0.1:30236}[mode=>network]], id[1190], master [null], hasJoinedOnce [false], cluster_name[TEST-CHILD_VM=[1]-CLUSTER_SEED=[7681506677330870279]-HASH=[2654A95C8CC0]-cluster]}, ping_response{node [{node_t1}{sYyNIAWbQgubikMHt73xvg}{127.0.0.1}{127.0.0.1:30237}[mode=>network]], id[1196], master [null], hasJoinedOnce [false], cluster_name[TEST-CHILD_VM=[1]-CLUSTER_SEED=[7681506677330870279]-HASH=[2654A95C8CC0]-cluster]}, ping_response{node [{node_t1}{sYyNIAWbQgubikMHt73xvg}{127.0.0.1}{127.0.0.1:30237}[mode=>network]], id[1196], master [null], hasJoinedOnce [false], cluster_name[TEST-CHILD_VM=[1]-CLUSTER_SEED=[7681506677330870279]-HASH=[2654A95C8CC0]-cluster]}, ping_response{node [{node_t2}{GWh7hfd7SKGr7WmeXEQE-A}{127.0.0.1}{127.0.0.1:30238}[mode=>network]], id[1200], master [null], hasJoinedOnce [false], cluster_name[TEST-CHILD_VM=[1]-CLUSTER_SEED=[7681506677330870279]-HASH=[2654A95C8CC0]-cluster]}, ping_response{node [{node_t0}{RuBiuqtkQm2dP64SVfJtEw}{127.0.0.1}{127.0.0.1:30236}[mode=>network]], id[1202], master [null], hasJoinedOnce [false], cluster_name[TEST-CHILD_VM=[1]-CLUSTER_SEED=[7681506677330870279]-HASH=[2654A95C8CC0]-cluster]}]
[2016-04-18 03:04:41,604][TRACE][org.elasticsearch.discovery.zen.ping.unicast] [node_t2] [1] received response from {node_t0}{RuBiuqtkQm2dP64SVfJtEw}{127.0.0.1}{127.0.0.1:30236}[mode=>network]: [ping_response{node [{node_t0}{RuBiuqtkQm2dP64SVfJtEw}{127.0.0.1}{127.0.0.1:30236}[mode=>network]], id[1160], master [null], hasJoinedOnce [false], cluster_name[TEST-CHILD_VM=[1]-CLUSTER_SEED=[7681506677330870279]-HASH=[2654A95C8CC0]-cluster]}, ping_response{node [{node_t0}{RuBiuqtkQm2dP64SVfJtEw}{127.0.0.1}{127.0.0.1:30236}[mode=>network]], id[1160], master [null], hasJoinedOnce [false], cluster_name[TEST-CHILD_VM=[1]-CLUSTER_SEED=[7681506677330870279]-HASH=[2654A95C8CC0]-cluster]}, ping_response{node [{node_t1}{sYyNIAWbQgubikMHt73xvg}{127.0.0.1}{127.0.0.1:30237}[mode=>network]], id[1163], master [null], hasJoinedOnce [false], cluster_name[TEST-CHILD_VM=[1]-CLUSTER_SEED=[7681506677330870279]-HASH=[2654A95C8CC0]-cluster]}, ping_response{node [{node_t2}{GWh7hfd7SKGr7WmeXEQE-A}{127.0.0.1}{127.0.0.1:30238}[mode=>network]], id[1166], master [null], hasJoinedOnce [false], cluster_name[TEST-CHILD_VM=[1]-CLUSTER_SEED=[7681506677330870279]-HASH=[2654A95C8CC0]-cluster]}, ping_response{node [{node_t3}{mGmZS4sXSFijJZ9-KMznMw}{127.0.0.1}{127.0.0.1:30239}[mode=>network]], id[1169], master [null], hasJoinedOnce [false], cluster_name[TEST-CHILD_VM=[1]-CLUSTER_SEED=[7681506677330870279]-HASH=[2654A95C8CC0]-cluster]}, ping_response{node [{node_t0}{RuBiuqtkQm2dP64SVfJtEw}{127.0.0.1}{127.0.0.1:30236}[mode=>network]], id[1172], master [null], hasJoinedOnce [false], cluster_name[TEST-CHILD_VM=[1]-CLUSTER_SEED=[7681506677330870279]-HASH=[2654A95C8CC0]-cluster]}, ping_response{node [{node_t0}{RuBiuqtkQm2dP64SVfJtEw}{127.0.0.1}{127.0.0.1:30236}[mode=>network]], id[1172], master [null], hasJoinedOnce [false], cluster_name[TEST-CHILD_VM=[1]-CLUSTER_SEED=[7681506677330870279]-HASH=[2654A95C8CC0]-cluster]}, ping_response{node [{node_t1}{sYyNIAWbQgubikMHt73xvg}{127.0.0.1}{127.0.0.1:30237}[mode=>network]], id[1178], master [null], hasJoinedOnce [false], cluster_name[TEST-CHILD_VM=[1]-CLUSTER_SEED=[7681506677330870279]-HASH=[2654A95C8CC0]-cluster]}, ping_response{node [{node_t1}{sYyNIAWbQgubikMHt73xvg}{127.0.0.1}{127.0.0.1:30237}[mode=>network]], id[1178], master [null], hasJoinedOnce [false], cluster_name[TEST-CHILD_VM=[1]-CLUSTER_SEED=[7681506677330870279]-HASH=[2654A95C8CC0]-cluster]}, ping_response{node [{node_t2}{GWh7hfd7SKGr7WmeXEQE-A}{127.0.0.1}{127.0.0.1:30238}[mode=>network]], id[1182], master [null], hasJoinedOnce [false], cluster_name[TEST-CHILD_VM=[1]-CLUSTER_SEED=[7681506677330870279]-HASH=[2654A95C8CC0]-cluster]}, ping_response{node [{node_t2}{GWh7hfd7SKGr7WmeXEQE-A}{127.0.0.1}{127.0.0.1:30238}[mode=>network]], id[1182], master [null], hasJoinedOnce [false], cluster_name[TEST-CHILD_VM=[1]-CLUSTER_SEED=[7681506677330870279]-HASH=[2654A95C8CC0]-cluster]}, ping_response{node [{node_t3}{mGmZS4sXSFijJZ9-KMznMw}{127.0.0.1}{127.0.0.1:30239}[mode=>network]], id[1186], master [null], hasJoinedOnce [false], cluster_name[TEST-CHILD_VM=[1]-CLUSTER_SEED=[7681506677330870279]-HASH=[2654A95C8CC0]-cluster]}, ping_response{node [{node_t3}{mGmZS4sXSFijJZ9-KMznMw}{127.0.0.1}{127.0.0.1:30239}[mode=>network]], id[1186], master [null], hasJoinedOnce [false], cluster_name[TEST-CHILD_VM=[1]-CLUSTER_SEED=[7681506677330870279]-HASH=[2654A95C8CC0]-cluster]}, ping_response{node [{node_t0}{RuBiuqtkQm2dP64SVfJtEw}{127.0.0.1}{127.0.0.1:30236}[mode=>network]], id[1190], master [null], hasJoinedOnce [false], cluster_name[TEST-CHILD_VM=[1]-CLUSTER_SEED=[7681506677330870279]-HASH=[2654A95C8CC0]-cluster]}, ping_response{node [{node_t0}{RuBiuqtkQm2dP64SVfJtEw}{127.0.0.1}{127.0.0.1:30236}[mode=>network]], id[1190], master [null], hasJoinedOnce [false], cluster_name[TEST-CHILD_VM=[1]-CLUSTER_SEED=[7681506677330870279]-HASH=[2654A95C8CC0]-cluster]}, ping_response{node [{node_t1}{sYyNIAWbQgubikMHt73xvg}{127.0.0.1}{127.0.0.1:30237}[mode=>network]], id[1196], master [null], hasJoinedOnce [false], cluster_name[TEST-CHILD_VM=[1]-CLUSTER_SEED=[7681506677330870279]-HASH=[2654A95C8CC0]-cluster]}, ping_response{node [{node_t1}{sYyNIAWbQgubikMHt73xvg}{127.0.0.1}{127.0.0.1:30237}[mode=>network]], id[1196], master [null], hasJoinedOnce [false], cluster_name[TEST-CHILD_VM=[1]-CLUSTER_SEED=[7681506677330870279]-HASH=[2654A95C8CC0]-cluster]}, ping_response{node [{node_t2}{GWh7hfd7SKGr7WmeXEQE-A}{127.0.0.1}{127.0.0.1:30238}[mode=>network]], id[1200], master [null], hasJoinedOnce [false], cluster_name[TEST-CHILD_VM=[1]-CLUSTER_SEED=[7681506677330870279]-HASH=[2654A95C8CC0]-cluster]}, ping_response{node [{node_t2}{GWh7hfd7SKGr7WmeXEQE-A}{127.0.0.1}{127.0.0.1:30238}[mode=>network]], id[1200], master [null], hasJoinedOnce [false], cluster_name[TEST-CHILD_VM=[1]-CLUSTER_SEED=[7681506677330870279]-HASH=[2654A95C8CC0]-cluster]}, ping_response{node [{node_t0}{RuBiuqtkQm2dP64SVfJtEw}{127.0.0.1}{127.0.0.1:30236}[mode=>network]], id[1203], master [null], hasJoinedOnce [false], cluster_name[TEST-CHILD_VM=[1]-CLUSTER_SEED=[7681506677330870279]-HASH=[2654A95C8CC0]-cluster]}]
[2016-04-18 03:04:41,604][TRACE][org.elasticsearch.discovery.zen.ping.unicast] [node_t2] [1] disconnecting from {#zen_unicast_1#}{127.0.0.1}{127.0.0.1:30236}
[2016-04-18 03:04:41,604][TRACE][org.elasticsearch.discovery.zen] [node_t2] full ping responses:
	--> ping_response{node [{node_t3}{mGmZS4sXSFijJZ9-KMznMw}{127.0.0.1}{127.0.0.1:30239}[mode=>network]], id[1186], master [null], hasJoinedOnce [false], cluster_name[TEST-CHILD_VM=[1]-CLUSTER_SEED=[7681506677330870279]-HASH=[2654A95C8CC0]-cluster]}
	--> ping_response{node [{node_t1}{sYyNIAWbQgubikMHt73xvg}{127.0.0.1}{127.0.0.1:30237}[mode=>network]], id[1196], master [null], hasJoinedOnce [false], cluster_name[TEST-CHILD_VM=[1]-CLUSTER_SEED=[7681506677330870279]-HASH=[2654A95C8CC0]-cluster]}
	--> ping_response{node [{node_t0}{RuBiuqtkQm2dP64SVfJtEw}{127.0.0.1}{127.0.0.1:30236}[mode=>network]], id[1203], master [null], hasJoinedOnce [false], cluster_name[TEST-CHILD_VM=[1]-CLUSTER_SEED=[7681506677330870279]-HASH=[2654A95C8CC0]-cluster]}
[2016-04-18 03:04:41,604][DEBUG][org.elasticsearch.discovery.zen] [node_t2] filtered ping responses: (filter_client[true], filter_data[false])
	--> ping_response{node [{node_t3}{mGmZS4sXSFijJZ9-KMznMw}{127.0.0.1}{127.0.0.1:30239}[mode=>network]], id[1186], master [null], hasJoinedOnce [false], cluster_name[TEST-CHILD_VM=[1]-CLUSTER_SEED=[7681506677330870279]-HASH=[2654A95C8CC0]-cluster]}
	--> ping_response{node [{node_t1}{sYyNIAWbQgubikMHt73xvg}{127.0.0.1}{127.0.0.1:30237}[mode=>network]], id[1196], master [null], hasJoinedOnce [false], cluster_name[TEST-CHILD_VM=[1]-CLUSTER_SEED=[7681506677330870279]-HASH=[2654A95C8CC0]-cluster]}
	--> ping_response{node [{node_t0}{RuBiuqtkQm2dP64SVfJtEw}{127.0.0.1}{127.0.0.1:30236}[mode=>network]], id[1203], master [null], hasJoinedOnce [false], cluster_name[TEST-CHILD_VM=[1]-CLUSTER_SEED=[7681506677330870279]-HASH=[2654A95C8CC0]-cluster]}
[2016-04-18 03:04:41,604][DEBUG][org.elasticsearch.discovery.zen] [node_t2] elected as master, waiting for incoming joins ([2] needed)
[2016-04-18 03:04:41,604][TRACE][org.elasticsearch.discovery.zen.ping.unicast] [node_t2] [1] disconnecting from {#zen_unicast_2_RuBiuqtkQm2dP64SVfJtEw#}{127.0.0.1}{127.0.0.1:30236}[mode=>network]
[2016-04-18 03:04:41,605][TRACE][org.elasticsearch.cluster.service] [node_t2] will process [zen-disco-join(elected_as_master, [2] joins received)]
[2016-04-18 03:04:41,605][DEBUG][org.elasticsearch.cluster.service] [node_t2] processing [zen-disco-join(elected_as_master, [2] joins received)]: execute
[2016-04-18 03:04:41,605][TRACE][org.elasticsearch.cluster.service] [node_t2] cluster state updated, source [zen-disco-join(elected_as_master, [2] joins received)]
version: 1
state uuid: fS1ObBkFSw6kzY7XfJv-vQ
from_diff: false
meta data version: 0
blocks: 
   _global_:
      1,state not recovered / initialized, blocks READ,WRITE,METADATA_READ,METADATA_WRITE
nodes: 
   {node_t0}{RuBiuqtkQm2dP64SVfJtEw}{127.0.0.1}{127.0.0.1:30236}[mode=>network]
   {node_t1}{sYyNIAWbQgubikMHt73xvg}{127.0.0.1}{127.0.0.1:30237}[mode=>network]
   {node_t2}{GWh7hfd7SKGr7WmeXEQE-A}{127.0.0.1}{127.0.0.1:30238}[mode=>network], local, master
routing_table (version 0):
routing_nodes:
-----node_id[sYyNIAWbQgubikMHt73xvg][V]
-----node_id[RuBiuqtkQm2dP64SVfJtEw][V]
-----node_id[GWh7hfd7SKGr7WmeXEQE-A][V]
---- unassigned

[2016-04-18 03:04:41,605][INFO ][org.elasticsearch.cluster.service] [node_t2] new_master {node_t2}{GWh7hfd7SKGr7WmeXEQE-A}{127.0.0.1}{127.0.0.1:30238}[mode=>network], added {{node_t0}{RuBiuqtkQm2dP64SVfJtEw}{127.0.0.1}{127.0.0.1:30236}[mode=>network],{node_t1}{sYyNIAWbQgubikMHt73xvg}{127.0.0.1}{127.0.0.1:30237}[mode=>network],}, reason: zen-disco-join(elected_as_master, [2] joins received)
[2016-04-18 03:04:41,605][DEBUG][org.elasticsearch.cluster.service] [node_t2] publishing cluster state version [1]
[2016-04-18 03:04:41,605][DEBUG][org.elasticsearch.discovery.zen.publish] [node_t0] received full cluster state version [1] with size [323]
[2016-04-18 03:04:41,606][TRACE][org.elasticsearch.discovery.zen.publish] [node_t2] master node {node_t0}{RuBiuqtkQm2dP64SVfJtEw}{127.0.0.1}{127.0.0.1:30236}[mode=>network] acked cluster state version [1]. processing ... (current pending [2], needed [2])
[2016-04-18 03:04:41,606][DEBUG][org.elasticsearch.discovery.zen.publish] [node_t1] received full cluster state version [1] with size [323]
[2016-04-18 03:04:41,606][TRACE][org.elasticsearch.discovery.zen.publish] [node_t2] master node {node_t1}{sYyNIAWbQgubikMHt73xvg}{127.0.0.1}{127.0.0.1:30237}[mode=>network] acked cluster state version [1]. processing ... (current pending [1], needed [1])
[2016-04-18 03:04:41,606][TRACE][org.elasticsearch.discovery.zen.publish] [node_t2] committing version [1]
[2016-04-18 03:04:41,606][TRACE][org.elasticsearch.discovery.zen.publish] [node_t2] sending commit for cluster state (uuid: [fS1ObBkFSw6kzY7XfJv-vQ], version [1]) to [{node_t0}{RuBiuqtkQm2dP64SVfJtEw}{127.0.0.1}{127.0.0.1:30236}[mode=>network]]
[2016-04-18 03:04:41,606][TRACE][org.elasticsearch.discovery.zen.publish] [node_t2] sending commit for cluster state (uuid: [fS1ObBkFSw6kzY7XfJv-vQ], version [1]) to [{node_t1}{sYyNIAWbQgubikMHt73xvg}{127.0.0.1}{127.0.0.1:30237}[mode=>network]]
[2016-04-18 03:04:41,606][TRACE][org.elasticsearch.cluster.service] [node_t0] will process [zen-disco-receive(from master [master {node_t2}{GWh7hfd7SKGr7WmeXEQE-A}{127.0.0.1}{127.0.0.1:30238}[mode=>network] committed version [1]])]
[2016-04-18 03:04:41,606][DEBUG][org.elasticsearch.cluster.service] [node_t0] processing [zen-disco-receive(from master [master {node_t2}{GWh7hfd7SKGr7WmeXEQE-A}{127.0.0.1}{127.0.0.1:30238}[mode=>network] committed version [1]])]: execute
[2016-04-18 03:04:41,606][TRACE][org.elasticsearch.cluster.service] [node_t1] will process [zen-disco-receive(from master [master {node_t2}{GWh7hfd7SKGr7WmeXEQE-A}{127.0.0.1}{127.0.0.1:30238}[mode=>network] committed version [1]])]
[2016-04-18 03:04:41,607][DEBUG][org.elasticsearch.cluster.service] [node_t1] processing [zen-disco-receive(from master [master {node_t2}{GWh7hfd7SKGr7WmeXEQE-A}{127.0.0.1}{127.0.0.1:30238}[mode=>network] committed version [1]])]: execute
[2016-04-18 03:04:41,607][DEBUG][org.elasticsearch.discovery.zen.fd] [node_t0] [master] restarting fault detection against master [{node_t2}{GWh7hfd7SKGr7WmeXEQE-A}{127.0.0.1}{127.0.0.1:30238}[mode=>network]], reason [new cluster state received and we are monitoring the wrong master [null]]
[2016-04-18 03:04:41,607][DEBUG][org.elasticsearch.discovery.zen.fd] [node_t1] [master] restarting fault detection against master [{node_t2}{GWh7hfd7SKGr7WmeXEQE-A}{127.0.0.1}{127.0.0.1:30238}[mode=>network]], reason [new cluster state received and we are monitoring the wrong master [null]]
[2016-04-18 03:04:41,607][DEBUG][org.elasticsearch.discovery.zen] [node_t0] got first state from fresh master [GWh7hfd7SKGr7WmeXEQE-A]
[2016-04-18 03:04:41,607][TRACE][org.elasticsearch.discovery.zen] [node_t0] updated cluster join cluster to [1]
[2016-04-18 03:04:41,607][DEBUG][org.elasticsearch.discovery.zen] [node_t1] got first state from fresh master [GWh7hfd7SKGr7WmeXEQE-A]
[2016-04-18 03:04:41,607][TRACE][org.elasticsearch.discovery.zen] [node_t1] updated cluster join cluster to [1]
[2016-04-18 03:04:41,607][TRACE][org.elasticsearch.cluster.service] [node_t0] cluster state updated, source [zen-disco-receive(from master [master {node_t2}{GWh7hfd7SKGr7WmeXEQE-A}{127.0.0.1}{127.0.0.1:30238}[mode=>network] committed version [1]])]
version: 1
state uuid: fS1ObBkFSw6kzY7XfJv-vQ
from_diff: false
meta data version: 0
blocks: 
   _global_:
      1,state not recovered / initialized, blocks READ,WRITE,METADATA_READ,METADATA_WRITE
nodes: 
   {node_t0}{RuBiuqtkQm2dP64SVfJtEw}{127.0.0.1}{127.0.0.1:30236}[mode=>network], local
   {node_t1}{sYyNIAWbQgubikMHt73xvg}{127.0.0.1}{127.0.0.1:30237}[mode=>network]
   {node_t2}{GWh7hfd7SKGr7WmeXEQE-A}{127.0.0.1}{127.0.0.1:30238}[mode=>network], master
routing_table (version 0):
routing_nodes:
-----node_id[sYyNIAWbQgubikMHt73xvg][V]
-----node_id[RuBiuqtkQm2dP64SVfJtEw][V]
-----node_id[GWh7hfd7SKGr7WmeXEQE-A][V]
---- unassigned

[2016-04-18 03:04:41,607][TRACE][org.elasticsearch.cluster.service] [node_t1] cluster state updated, source [zen-disco-receive(from master [master {node_t2}{GWh7hfd7SKGr7WmeXEQE-A}{127.0.0.1}{127.0.0.1:30238}[mode=>network] committed version [1]])]
version: 1
state uuid: fS1ObBkFSw6kzY7XfJv-vQ
from_diff: false
meta data version: 0
blocks: 
   _global_:
      1,state not recovered / initialized, blocks READ,WRITE,METADATA_READ,METADATA_WRITE
nodes: 
   {node_t0}{RuBiuqtkQm2dP64SVfJtEw}{127.0.0.1}{127.0.0.1:30236}[mode=>network]
   {node_t1}{sYyNIAWbQgubikMHt73xvg}{127.0.0.1}{127.0.0.1:30237}[mode=>network], local
   {node_t2}{GWh7hfd7SKGr7WmeXEQE-A}{127.0.0.1}{127.0.0.1:30238}[mode=>network], master
routing_table (version 0):
routing_nodes:
-----node_id[sYyNIAWbQgubikMHt73xvg][V]
-----node_id[RuBiuqtkQm2dP64SVfJtEw][V]
-----node_id[GWh7hfd7SKGr7WmeXEQE-A][V]
---- unassigned

[2016-04-18 03:04:41,607][INFO ][org.elasticsearch.cluster.service] [node_t0] detected_master {node_t2}{GWh7hfd7SKGr7WmeXEQE-A}{127.0.0.1}{127.0.0.1:30238}[mode=>network], added {{node_t1}{sYyNIAWbQgubikMHt73xvg}{127.0.0.1}{127.0.0.1:30237}[mode=>network],{node_t2}{GWh7hfd7SKGr7WmeXEQE-A}{127.0.0.1}{127.0.0.1:30238}[mode=>network],}, reason: zen-disco-receive(from master [master {node_t2}{GWh7hfd7SKGr7WmeXEQE-A}{127.0.0.1}{127.0.0.1:30238}[mode=>network] committed version [1]])
[2016-04-18 03:04:41,607][INFO ][org.elasticsearch.cluster.service] [node_t1] detected_master {node_t2}{GWh7hfd7SKGr7WmeXEQE-A}{127.0.0.1}{127.0.0.1:30238}[mode=>network], added {{node_t0}{RuBiuqtkQm2dP64SVfJtEw}{127.0.0.1}{127.0.0.1:30236}[mode=>network],{node_t2}{GWh7hfd7SKGr7WmeXEQE-A}{127.0.0.1}{127.0.0.1:30238}[mode=>network],}, reason: zen-disco-receive(from master [master {node_t2}{GWh7hfd7SKGr7WmeXEQE-A}{127.0.0.1}{127.0.0.1:30238}[mode=>network] committed version [1]])
[2016-04-18 03:04:41,609][DEBUG][org.elasticsearch.cluster.service] [node_t0] set local cluster state to version 1
[2016-04-18 03:04:41,609][DEBUG][org.elasticsearch.cluster.service] [node_t0] processing [zen-disco-receive(from master [master {node_t2}{GWh7hfd7SKGr7WmeXEQE-A}{127.0.0.1}{127.0.0.1:30238}[mode=>network] committed version [1]])]: took 2ms done applying updated cluster_state (version: 1, uuid: fS1ObBkFSw6kzY7XfJv-vQ)
[2016-04-18 03:04:41,609][TRACE][org.elasticsearch.cluster.service] [node_t0] will process [gateway_initial_state_recovery]
[2016-04-18 03:04:41,609][DEBUG][org.elasticsearch.cluster.service] [node_t0] processing [gateway_initial_state_recovery]: execute
[2016-04-18 03:04:41,609][DEBUG][org.elasticsearch.cluster.service] [node_t0] processing [gateway_initial_state_recovery]: took 0s no change in cluster_state
[2016-04-18 03:04:41,609][DEBUG][org.elasticsearch.cluster.service] [node_t1] set local cluster state to version 1
[2016-04-18 03:04:41,610][DEBUG][org.elasticsearch.cluster.service] [node_t1] processing [zen-disco-receive(from master [master {node_t2}{GWh7hfd7SKGr7WmeXEQE-A}{127.0.0.1}{127.0.0.1:30238}[mode=>network] committed version [1]])]: took 3ms done applying updated cluster_state (version: 1, uuid: fS1ObBkFSw6kzY7XfJv-vQ)
[2016-04-18 03:04:41,610][TRACE][org.elasticsearch.cluster.service] [node_t1] will process [gateway_initial_state_recovery]
[2016-04-18 03:04:41,610][DEBUG][org.elasticsearch.cluster.service] [node_t2] set local cluster state to version 1
[2016-04-18 03:04:41,610][DEBUG][org.elasticsearch.cluster.service] [node_t1] processing [gateway_initial_state_recovery]: execute
[2016-04-18 03:04:41,610][DEBUG][org.elasticsearch.cluster.service] [node_t1] processing [gateway_initial_state_recovery]: took 0s no change in cluster_state
[2016-04-18 03:04:41,610][TRACE][org.elasticsearch.discovery.zen] [node_t2] stopping join accumulation ([election closed])
[2016-04-18 03:04:41,610][TRACE][org.elasticsearch.discovery.zen] [node_t2] cluster joins counter set to [1] (elected as master)
[2016-04-18 03:04:41,610][DEBUG][org.elasticsearch.cluster.service] [node_t2] processing [zen-disco-join(elected_as_master, [2] joins received)]: took 5ms done applying updated cluster_state (version: 1, uuid: fS1ObBkFSw6kzY7XfJv-vQ)
[2016-04-18 03:04:41,610][TRACE][org.elasticsearch.cluster.service] [node_t0] will process [finalize_join ({node_t2}{GWh7hfd7SKGr7WmeXEQE-A}{127.0.0.1}{127.0.0.1:30238}[mode=>network])]
[2016-04-18 03:04:41,610][DEBUG][org.elasticsearch.cluster.service] [node_t0] processing [finalize_join ({node_t2}{GWh7hfd7SKGr7WmeXEQE-A}{127.0.0.1}{127.0.0.1:30238}[mode=>network])]: execute
[2016-04-18 03:04:41,610][TRACE][org.elasticsearch.cluster.service] [node_t1] will process [finalize_join ({node_t2}{GWh7hfd7SKGr7WmeXEQE-A}{127.0.0.1}{127.0.0.1:30238}[mode=>network])]
[2016-04-18 03:04:41,610][DEBUG][org.elasticsearch.cluster.service] [node_t0] processing [finalize_join ({node_t2}{GWh7hfd7SKGr7WmeXEQE-A}{127.0.0.1}{127.0.0.1:30238}[mode=>network])]: took 0s no change in cluster_state
[2016-04-18 03:04:41,610][DEBUG][org.elasticsearch.cluster.service] [node_t1] processing [finalize_join ({node_t2}{GWh7hfd7SKGr7WmeXEQE-A}{127.0.0.1}{127.0.0.1:30238}[mode=>network])]: execute
[2016-04-18 03:04:41,610][TRACE][org.elasticsearch.cluster.service] [node_t2] will process [cluster_reroute(post_node_add)]
[2016-04-18 03:04:41,610][DEBUG][org.elasticsearch.cluster.service] [node_t2] processing [cluster_reroute(post_node_add)]: execute
[2016-04-18 03:04:41,610][DEBUG][org.elasticsearch.cluster.service] [node_t1] processing [finalize_join ({node_t2}{GWh7hfd7SKGr7WmeXEQE-A}{127.0.0.1}{127.0.0.1:30238}[mode=>network])]: took 0s no change in cluster_state
[2016-04-18 03:04:41,610][DEBUG][org.elasticsearch.cluster.service] [node_t2] processing [cluster_reroute(post_node_add)]: took 0s no change in cluster_state
[2016-04-18 03:04:41,610][TRACE][org.elasticsearch.cluster.service] [node_t2] will process [gateway_initial_state_recovery]
[2016-04-18 03:04:41,610][DEBUG][org.elasticsearch.cluster.service] [node_t2] processing [gateway_initial_state_recovery]: execute
[2016-04-18 03:04:41,610][DEBUG][org.elasticsearch.cluster.service] [node_t2] processing [gateway_initial_state_recovery]: took 0s no change in cluster_state
[2016-04-18 03:04:41,611][TRACE][org.elasticsearch.cluster.service] [node_t2] will process [local-gateway-elected-state]
[2016-04-18 03:04:41,611][DEBUG][org.elasticsearch.cluster.service] [node_t2] processing [local-gateway-elected-state]: execute
[2016-04-18 03:04:41,612][TRACE][org.elasticsearch.cluster.service] [node_t2] cluster state updated, source [local-gateway-elected-state]
version: 2
state uuid: IQCjIYneSMqVxr6hwyNoDA
from_diff: false
meta data version: 1
nodes: 
   {node_t0}{RuBiuqtkQm2dP64SVfJtEw}{127.0.0.1}{127.0.0.1:30236}[mode=>network]
   {node_t1}{sYyNIAWbQgubikMHt73xvg}{127.0.0.1}{127.0.0.1:30237}[mode=>network]
   {node_t2}{GWh7hfd7SKGr7WmeXEQE-A}{127.0.0.1}{127.0.0.1:30238}[mode=>network], local, master
routing_table (version 1):
routing_nodes:
-----node_id[sYyNIAWbQgubikMHt73xvg][V]
-----node_id[RuBiuqtkQm2dP64SVfJtEw][V]
-----node_id[GWh7hfd7SKGr7WmeXEQE-A][V]
---- unassigned

[2016-04-18 03:04:41,612][DEBUG][org.elasticsearch.cluster.service] [node_t2] publishing cluster state version [2]
[2016-04-18 03:04:41,612][DEBUG][org.elasticsearch.discovery.zen.publish] [node_t0] received diff cluster state version [2] with uuid [IQCjIYneSMqVxr6hwyNoDA], diff size [173]
[2016-04-18 03:04:41,612][DEBUG][org.elasticsearch.discovery.zen.publish] [node_t1] received diff cluster state version [2] with uuid [IQCjIYneSMqVxr6hwyNoDA], diff size [173]
[2016-04-18 03:04:41,612][TRACE][org.elasticsearch.discovery.zen.publish] [node_t2] master node {node_t0}{RuBiuqtkQm2dP64SVfJtEw}{127.0.0.1}{127.0.0.1:30236}[mode=>network] acked cluster state version [2]. processing ... (current pending [2], needed [2])
[2016-04-18 03:04:41,612][TRACE][org.elasticsearch.discovery.zen.publish] [node_t2] master node {node_t1}{sYyNIAWbQgubikMHt73xvg}{127.0.0.1}{127.0.0.1:30237}[mode=>network] acked cluster state version [2]. processing ... (current pending [1], needed [1])
[2016-04-18 03:04:41,612][TRACE][org.elasticsearch.discovery.zen.publish] [node_t2] committing version [2]
[2016-04-18 03:04:41,612][TRACE][org.elasticsearch.discovery.zen.publish] [node_t2] sending commit for cluster state (uuid: [IQCjIYneSMqVxr6hwyNoDA], version [2]) to [{node_t0}{RuBiuqtkQm2dP64SVfJtEw}{127.0.0.1}{127.0.0.1:30236}[mode=>network]]
[2016-04-18 03:04:41,612][TRACE][org.elasticsearch.discovery.zen.publish] [node_t2] sending commit for cluster state (uuid: [IQCjIYneSMqVxr6hwyNoDA], version [2]) to [{node_t1}{sYyNIAWbQgubikMHt73xvg}{127.0.0.1}{127.0.0.1:30237}[mode=>network]]
[2016-04-18 03:04:41,612][TRACE][org.elasticsearch.cluster.service] [node_t0] will process [zen-disco-receive(from master [master {node_t2}{GWh7hfd7SKGr7WmeXEQE-A}{127.0.0.1}{127.0.0.1:30238}[mode=>network] committed version [2]])]
[2016-04-18 03:04:41,612][TRACE][org.elasticsearch.cluster.service] [node_t1] will process [zen-disco-receive(from master [master {node_t2}{GWh7hfd7SKGr7WmeXEQE-A}{127.0.0.1}{127.0.0.1:30238}[mode=>network] committed version [2]])]
[2016-04-18 03:04:41,612][DEBUG][org.elasticsearch.cluster.service] [node_t0] processing [zen-disco-receive(from master [master {node_t2}{GWh7hfd7SKGr7WmeXEQE-A}{127.0.0.1}{127.0.0.1:30238}[mode=>network] committed version [2]])]: execute
[2016-04-18 03:04:41,612][DEBUG][org.elasticsearch.cluster.service] [node_t1] processing [zen-disco-receive(from master [master {node_t2}{GWh7hfd7SKGr7WmeXEQE-A}{127.0.0.1}{127.0.0.1:30238}[mode=>network] committed version [2]])]: execute
[2016-04-18 03:04:41,613][TRACE][org.elasticsearch.cluster.service] [node_t0] cluster state updated, source [zen-disco-receive(from master [master {node_t2}{GWh7hfd7SKGr7WmeXEQE-A}{127.0.0.1}{127.0.0.1:30238}[mode=>network] committed version [2]])]
version: 2
state uuid: IQCjIYneSMqVxr6hwyNoDA
from_diff: false
meta data version: 1
nodes: 
   {node_t0}{RuBiuqtkQm2dP64SVfJtEw}{127.0.0.1}{127.0.0.1:30236}[mode=>network], local
   {node_t1}{sYyNIAWbQgubikMHt73xvg}{127.0.0.1}{127.0.0.1:30237}[mode=>network]
   {node_t2}{GWh7hfd7SKGr7WmeXEQE-A}{127.0.0.1}{127.0.0.1:30238}[mode=>network], master
routing_table (version 1):
routing_nodes:
-----node_id[sYyNIAWbQgubikMHt73xvg][V]
-----node_id[RuBiuqtkQm2dP64SVfJtEw][V]
-----node_id[GWh7hfd7SKGr7WmeXEQE-A][V]
---- unassigned

[2016-04-18 03:04:41,613][TRACE][org.elasticsearch.cluster.service] [node_t1] cluster state updated, source [zen-disco-receive(from master [master {node_t2}{GWh7hfd7SKGr7WmeXEQE-A}{127.0.0.1}{127.0.0.1:30238}[mode=>network] committed version [2]])]
version: 2
state uuid: IQCjIYneSMqVxr6hwyNoDA
from_diff: false
meta data version: 1
nodes: 
   {node_t0}{RuBiuqtkQm2dP64SVfJtEw}{127.0.0.1}{127.0.0.1:30236}[mode=>network]
   {node_t1}{sYyNIAWbQgubikMHt73xvg}{127.0.0.1}{127.0.0.1:30237}[mode=>network], local
   {node_t2}{GWh7hfd7SKGr7WmeXEQE-A}{127.0.0.1}{127.0.0.1:30238}[mode=>network], master
routing_table (version 1):
routing_nodes:
-----node_id[sYyNIAWbQgubikMHt73xvg][V]
-----node_id[RuBiuqtkQm2dP64SVfJtEw][V]
-----node_id[GWh7hfd7SKGr7WmeXEQE-A][V]
---- unassigned

[2016-04-18 03:04:41,613][DEBUG][org.elasticsearch.cluster.service] [node_t0] set local cluster state to version 2
[2016-04-18 03:04:41,613][DEBUG][org.elasticsearch.cluster.service] [node_t1] set local cluster state to version 2
[2016-04-18 03:04:41,614][DEBUG][org.elasticsearch.cluster.service] [node_t1] processing [zen-disco-receive(from master [master {node_t2}{GWh7hfd7SKGr7WmeXEQE-A}{127.0.0.1}{127.0.0.1:30238}[mode=>network] committed version [2]])]: took 1ms done applying updated cluster_state (version: 2, uuid: IQCjIYneSMqVxr6hwyNoDA)
[2016-04-18 03:04:41,614][DEBUG][org.elasticsearch.cluster.service] [node_t0] processing [zen-disco-receive(from master [master {node_t2}{GWh7hfd7SKGr7WmeXEQE-A}{127.0.0.1}{127.0.0.1:30238}[mode=>network] committed version [2]])]: took 1ms done applying updated cluster_state (version: 2, uuid: IQCjIYneSMqVxr6hwyNoDA)
[2016-04-18 03:04:41,615][DEBUG][org.elasticsearch.cluster.service] [node_t2] set local cluster state to version 2
[2016-04-18 03:04:41,616][DEBUG][org.elasticsearch.cluster.service] [node_t2] processing [local-gateway-elected-state]: took 4ms done applying updated cluster_state (version: 2, uuid: IQCjIYneSMqVxr6hwyNoDA)
[2016-04-18 03:04:41,650][TRACE][org.elasticsearch.discovery.zen.ping.unicast] [node_t3] [1] sending to {#zen_unicast_1#}{127.0.0.1}{127.0.0.1:30236}
[2016-04-18 03:04:41,650][TRACE][org.elasticsearch.discovery.zen.ping.unicast] [node_t3] replacing {node_t0}{RuBiuqtkQm2dP64SVfJtEw}{127.0.0.1}{127.0.0.1:30236}[mode=>network] with temp node {#zen_unicast_3_RuBiuqtkQm2dP64SVfJtEw#}{127.0.0.1}{127.0.0.1:30236}[mode=>network]
[2016-04-18 03:04:41,650][TRACE][org.elasticsearch.discovery.zen.ping.unicast] [node_t3] [1] sending to {node_t3}{mGmZS4sXSFijJZ9-KMznMw}{127.0.0.1}{127.0.0.1:30239}[mode=>network]
[2016-04-18 03:04:41,650][TRACE][org.elasticsearch.discovery.zen.ping.unicast] [node_t3] [1] connecting (light) to {#zen_unicast_3_RuBiuqtkQm2dP64SVfJtEw#}{127.0.0.1}{127.0.0.1:30236}[mode=>network]
[2016-04-18 03:04:41,650][TRACE][org.elasticsearch.discovery.zen.ping.unicast] [node_t3] [1] received response from {node_t3}{mGmZS4sXSFijJZ9-KMznMw}{127.0.0.1}{127.0.0.1:30239}[mode=>network]: [ping_response{node [{node_t3}{mGmZS4sXSFijJZ9-KMznMw}{127.0.0.1}{127.0.0.1:30239}[mode=>network]], id[1169], master [null], hasJoinedOnce [false], cluster_name[TEST-CHILD_VM=[1]-CLUSTER_SEED=[7681506677330870279]-HASH=[2654A95C8CC0]-cluster]}, ping_response{node [{node_t0}{RuBiuqtkQm2dP64SVfJtEw}{127.0.0.1}{127.0.0.1:30236}[mode=>network]], id[1172], master [null], hasJoinedOnce [false], cluster_name[TEST-CHILD_VM=[1]-CLUSTER_SEED=[7681506677330870279]-HASH=[2654A95C8CC0]-cluster]}, ping_response{node [{node_t3}{mGmZS4sXSFijJZ9-KMznMw}{127.0.0.1}{127.0.0.1:30239}[mode=>network]], id[1186], master [null], hasJoinedOnce [false], cluster_name[TEST-CHILD_VM=[1]-CLUSTER_SEED=[7681506677330870279]-HASH=[2654A95C8CC0]-cluster]}, ping_response{node [{node_t0}{RuBiuqtkQm2dP64SVfJtEw}{127.0.0.1}{127.0.0.1:30236}[mode=>network]], id[1190], master [null], hasJoinedOnce [false], cluster_name[TEST-CHILD_VM=[1]-CLUSTER_SEED=[7681506677330870279]-HASH=[2654A95C8CC0]-cluster]}, ping_response{node [{node_t3}{mGmZS4sXSFijJZ9-KMznMw}{127.0.0.1}{127.0.0.1:30239}[mode=>network]], id[1204], master [null], hasJoinedOnce [false], cluster_name[TEST-CHILD_VM=[1]-CLUSTER_SEED=[7681506677330870279]-HASH=[2654A95C8CC0]-cluster]}, ping_response{node [{node_t3}{mGmZS4sXSFijJZ9-KMznMw}{127.0.0.1}{127.0.0.1:30239}[mode=>network]], id[1205], master [null], hasJoinedOnce [false], cluster_name[TEST-CHILD_VM=[1]-CLUSTER_SEED=[7681506677330870279]-HASH=[2654A95C8CC0]-cluster]}]
[2016-04-18 03:04:41,651][TRACE][org.elasticsearch.discovery.zen.ping.unicast] [node_t3] [1] received response from {#zen_unicast_1#}{127.0.0.1}{127.0.0.1:30236}: [ping_response{node [{node_t0}{RuBiuqtkQm2dP64SVfJtEw}{127.0.0.1}{127.0.0.1:30236}[mode=>network]], id[1160], master [null], hasJoinedOnce [false], cluster_name[TEST-CHILD_VM=[1]-CLUSTER_SEED=[7681506677330870279]-HASH=[2654A95C8CC0]-cluster]}, ping_response{node [{node_t0}{RuBiuqtkQm2dP64SVfJtEw}{127.0.0.1}{127.0.0.1:30236}[mode=>network]], id[1160], master [null], hasJoinedOnce [false], cluster_name[TEST-CHILD_VM=[1]-CLUSTER_SEED=[7681506677330870279]-HASH=[2654A95C8CC0]-cluster]}, ping_response{node [{node_t1}{sYyNIAWbQgubikMHt73xvg}{127.0.0.1}{127.0.0.1:30237}[mode=>network]], id[1163], master [null], hasJoinedOnce [false], cluster_name[TEST-CHILD_VM=[1]-CLUSTER_SEED=[7681506677330870279]-HASH=[2654A95C8CC0]-cluster]}, ping_response{node [{node_t2}{GWh7hfd7SKGr7WmeXEQE-A}{127.0.0.1}{127.0.0.1:30238}[mode=>network]], id[1166], master [null], hasJoinedOnce [false], cluster_name[TEST-CHILD_VM=[1]-CLUSTER_SEED=[7681506677330870279]-HASH=[2654A95C8CC0]-cluster]}, ping_response{node [{node_t3}{mGmZS4sXSFijJZ9-KMznMw}{127.0.0.1}{127.0.0.1:30239}[mode=>network]], id[1169], master [null], hasJoinedOnce [false], cluster_name[TEST-CHILD_VM=[1]-CLUSTER_SEED=[7681506677330870279]-HASH=[2654A95C8CC0]-cluster]}, ping_response{node [{node_t0}{RuBiuqtkQm2dP64SVfJtEw}{127.0.0.1}{127.0.0.1:30236}[mode=>network]], id[1172], master [null], hasJoinedOnce [false], cluster_name[TEST-CHILD_VM=[1]-CLUSTER_SEED=[7681506677330870279]-HASH=[2654A95C8CC0]-cluster]}, ping_response{node [{node_t0}{RuBiuqtkQm2dP64SVfJtEw}{127.0.0.1}{127.0.0.1:30236}[mode=>network]], id[1172], master [null], hasJoinedOnce [false], cluster_name[TEST-CHILD_VM=[1]-CLUSTER_SEED=[7681506677330870279]-HASH=[2654A95C8CC0]-cluster]}, ping_response{node [{node_t1}{sYyNIAWbQgubikMHt73xvg}{127.0.0.1}{127.0.0.1:30237}[mode=>network]], id[1178], master [null], hasJoinedOnce [false], cluster_name[TEST-CHILD_VM=[1]-CLUSTER_SEED=[7681506677330870279]-HASH=[2654A95C8CC0]-cluster]}, ping_response{node [{node_t1}{sYyNIAWbQgubikMHt73xvg}{127.0.0.1}{127.0.0.1:30237}[mode=>network]], id[1178], master [null], hasJoinedOnce [false], cluster_name[TEST-CHILD_VM=[1]-CLUSTER_SEED=[7681506677330870279]-HASH=[2654A95C8CC0]-cluster]}, ping_response{node [{node_t2}{GWh7hfd7SKGr7WmeXEQE-A}{127.0.0.1}{127.0.0.1:30238}[mode=>network]], id[1182], master [null], hasJoinedOnce [false], cluster_name[TEST-CHILD_VM=[1]-CLUSTER_SEED=[7681506677330870279]-HASH=[2654A95C8CC0]-cluster]}, ping_response{node [{node_t2}{GWh7hfd7SKGr7WmeXEQE-A}{127.0.0.1}{127.0.0.1:30238}[mode=>network]], id[1182], master [null], hasJoinedOnce [false], cluster_name[TEST-CHILD_VM=[1]-CLUSTER_SEED=[7681506677330870279]-HASH=[2654A95C8CC0]-cluster]}, ping_response{node [{node_t3}{mGmZS4sXSFijJZ9-KMznMw}{127.0.0.1}{127.0.0.1:30239}[mode=>network]], id[1186], master [null], hasJoinedOnce [false], cluster_name[TEST-CHILD_VM=[1]-CLUSTER_SEED=[7681506677330870279]-HASH=[2654A95C8CC0]-cluster]}, ping_response{node [{node_t3}{mGmZS4sXSFijJZ9-KMznMw}{127.0.0.1}{127.0.0.1:30239}[mode=>network]], id[1186], master [null], hasJoinedOnce [false], cluster_name[TEST-CHILD_VM=[1]-CLUSTER_SEED=[7681506677330870279]-HASH=[2654A95C8CC0]-cluster]}, ping_response{node [{node_t0}{RuBiuqtkQm2dP64SVfJtEw}{127.0.0.1}{127.0.0.1:30236}[mode=>network]], id[1190], master [null], hasJoinedOnce [false], cluster_name[TEST-CHILD_VM=[1]-CLUSTER_SEED=[7681506677330870279]-HASH=[2654A95C8CC0]-cluster]}, ping_response{node [{node_t0}{RuBiuqtkQm2dP64SVfJtEw}{127.0.0.1}{127.0.0.1:30236}[mode=>network]], id[1190], master [null], hasJoinedOnce [false], cluster_name[TEST-CHILD_VM=[1]-CLUSTER_SEED=[7681506677330870279]-HASH=[2654A95C8CC0]-cluster]}, ping_response{node [{node_t1}{sYyNIAWbQgubikMHt73xvg}{127.0.0.1}{127.0.0.1:30237}[mode=>network]], id[1196], master [null], hasJoinedOnce [false], cluster_name[TEST-CHILD_VM=[1]-CLUSTER_SEED=[7681506677330870279]-HASH=[2654A95C8CC0]-cluster]}, ping_response{node [{node_t1}{sYyNIAWbQgubikMHt73xvg}{127.0.0.1}{127.0.0.1:30237}[mode=>network]], id[1196], master [null], hasJoinedOnce [false], cluster_name[TEST-CHILD_VM=[1]-CLUSTER_SEED=[7681506677330870279]-HASH=[2654A95C8CC0]-cluster]}, ping_response{node [{node_t2}{GWh7hfd7SKGr7WmeXEQE-A}{127.0.0.1}{127.0.0.1:30238}[mode=>network]], id[1200], master [null], hasJoinedOnce [false], cluster_name[TEST-CHILD_VM=[1]-CLUSTER_SEED=[7681506677330870279]-HASH=[2654A95C8CC0]-cluster]}, ping_response{node [{node_t2}{GWh7hfd7SKGr7WmeXEQE-A}{127.0.0.1}{127.0.0.1:30238}[mode=>network]], id[1200], master [null], hasJoinedOnce [false], cluster_name[TEST-CHILD_VM=[1]-CLUSTER_SEED=[7681506677330870279]-HASH=[2654A95C8CC0]-cluster]}, ping_response{node [{node_t3}{mGmZS4sXSFijJZ9-KMznMw}{127.0.0.1}{127.0.0.1:30239}[mode=>network]], id[1204], master [null], hasJoinedOnce [false], cluster_name[TEST-CHILD_VM=[1]-CLUSTER_SEED=[7681506677330870279]-HASH=[2654A95C8CC0]-cluster]}, ping_response{node [{node_t0}{RuBiuqtkQm2dP64SVfJtEw}{127.0.0.1}{127.0.0.1:30236}[mode=>network]], id[1206], master [{node_t2}{GWh7hfd7SKGr7WmeXEQE-A}{127.0.0.1}{127.0.0.1:30238}[mode=>network]], hasJoinedOnce [true], cluster_name[TEST-CHILD_VM=[1]-CLUSTER_SEED=[7681506677330870279]-HASH=[2654A95C8CC0]-cluster]}]
[2016-04-18 03:04:41,651][TRACE][org.elasticsearch.discovery.zen.ping.unicast] [node_t3] [1] connected to {node_t0}{RuBiuqtkQm2dP64SVfJtEw}{127.0.0.1}{127.0.0.1:30236}[mode=>network]
[2016-04-18 03:04:41,651][TRACE][org.elasticsearch.discovery.zen.ping.unicast] [node_t3] [1] sending to {#zen_unicast_3_RuBiuqtkQm2dP64SVfJtEw#}{127.0.0.1}{127.0.0.1:30236}[mode=>network]
[2016-04-18 03:04:41,652][TRACE][org.elasticsearch.discovery.zen.ping.unicast] [node_t3] [1] received response from {#zen_unicast_3_RuBiuqtkQm2dP64SVfJtEw#}{127.0.0.1}{127.0.0.1:30236}[mode=>network]: [ping_response{node [{node_t0}{RuBiuqtkQm2dP64SVfJtEw}{127.0.0.1}{127.0.0.1:30236}[mode=>network]], id[1160], master [null], hasJoinedOnce [false], cluster_name[TEST-CHILD_VM=[1]-CLUSTER_SEED=[7681506677330870279]-HASH=[2654A95C8CC0]-cluster]}, ping_response{node [{node_t0}{RuBiuqtkQm2dP64SVfJtEw}{127.0.0.1}{127.0.0.1:30236}[mode=>network]], id[1160], master [null], hasJoinedOnce [false], cluster_name[TEST-CHILD_VM=[1]-CLUSTER_SEED=[7681506677330870279]-HASH=[2654A95C8CC0]-cluster]}, ping_response{node [{node_t1}{sYyNIAWbQgubikMHt73xvg}{127.0.0.1}{127.0.0.1:30237}[mode=>network]], id[1163], master [null], hasJoinedOnce [false], cluster_name[TEST-CHILD_VM=[1]-CLUSTER_SEED=[7681506677330870279]-HASH=[2654A95C8CC0]-cluster]}, ping_response{node [{node_t2}{GWh7hfd7SKGr7WmeXEQE-A}{127.0.0.1}{127.0.0.1:30238}[mode=>network]], id[1166], master [null], hasJoinedOnce [false], cluster_name[TEST-CHILD_VM=[1]-CLUSTER_SEED=[7681506677330870279]-HASH=[2654A95C8CC0]-cluster]}, ping_response{node [{node_t3}{mGmZS4sXSFijJZ9-KMznMw}{127.0.0.1}{127.0.0.1:30239}[mode=>network]], id[1169], master [null], hasJoinedOnce [false], cluster_name[TEST-CHILD_VM=[1]-CLUSTER_SEED=[7681506677330870279]-HASH=[2654A95C8CC0]-cluster]}, ping_response{node [{node_t0}{RuBiuqtkQm2dP64SVfJtEw}{127.0.0.1}{127.0.0.1:30236}[mode=>network]], id[1172], master [null], hasJoinedOnce [false], cluster_name[TEST-CHILD_VM=[1]-CLUSTER_SEED=[7681506677330870279]-HASH=[2654A95C8CC0]-cluster]}, ping_response{node [{node_t0}{RuBiuqtkQm2dP64SVfJtEw}{127.0.0.1}{127.0.0.1:30236}[mode=>network]], id[1172], master [null], hasJoinedOnce [false], cluster_name[TEST-CHILD_VM=[1]-CLUSTER_SEED=[7681506677330870279]-HASH=[2654A95C8CC0]-cluster]}, ping_response{node [{node_t1}{sYyNIAWbQgubikMHt73xvg}{127.0.0.1}{127.0.0.1:30237}[mode=>network]], id[1178], master [null], hasJoinedOnce [false], cluster_name[TEST-CHILD_VM=[1]-CLUSTER_SEED=[7681506677330870279]-HASH=[2654A95C8CC0]-cluster]}, ping_response{node [{node_t1}{sYyNIAWbQgubikMHt73xvg}{127.0.0.1}{127.0.0.1:30237}[mode=>network]], id[1178], master [null], hasJoinedOnce [false], cluster_name[TEST-CHILD_VM=[1]-CLUSTER_SEED=[7681506677330870279]-HASH=[2654A95C8CC0]-cluster]}, ping_response{node [{node_t2}{GWh7hfd7SKGr7WmeXEQE-A}{127.0.0.1}{127.0.0.1:30238}[mode=>network]], id[1182], master [null], hasJoinedOnce [false], cluster_name[TEST-CHILD_VM=[1]-CLUSTER_SEED=[7681506677330870279]-HASH=[2654A95C8CC0]-cluster]}, ping_response{node [{node_t2}{GWh7hfd7SKGr7WmeXEQE-A}{127.0.0.1}{127.0.0.1:30238}[mode=>network]], id[1182], master [null], hasJoinedOnce [false], cluster_name[TEST-CHILD_VM=[1]-CLUSTER_SEED=[7681506677330870279]-HASH=[2654A95C8CC0]-cluster]}, ping_response{node [{node_t3}{mGmZS4sXSFijJZ9-KMznMw}{127.0.0.1}{127.0.0.1:30239}[mode=>network]], id[1186], master [null], hasJoinedOnce [false], cluster_name[TEST-CHILD_VM=[1]-CLUSTER_SEED=[7681506677330870279]-HASH=[2654A95C8CC0]-cluster]}, ping_response{node [{node_t3}{mGmZS4sXSFijJZ9-KMznMw}{127.0.0.1}{127.0.0.1:30239}[mode=>network]], id[1186], master [null], hasJoinedOnce [false], cluster_name[TEST-CHILD_VM=[1]-CLUSTER_SEED=[7681506677330870279]-HASH=[2654A95C8CC0]-cluster]}, ping_response{node [{node_t0}{RuBiuqtkQm2dP64SVfJtEw}{127.0.0.1}{127.0.0.1:30236}[mode=>network]], id[1190], master [null], hasJoinedOnce [false], cluster_name[TEST-CHILD_VM=[1]-CLUSTER_SEED=[7681506677330870279]-HASH=[2654A95C8CC0]-cluster]}, ping_response{node [{node_t0}{RuBiuqtkQm2dP64SVfJtEw}{127.0.0.1}{127.0.0.1:30236}[mode=>network]], id[1190], master [null], hasJoinedOnce [false], cluster_name[TEST-CHILD_VM=[1]-CLUSTER_SEED=[7681506677330870279]-HASH=[2654A95C8CC0]-cluster]}, ping_response{node [{node_t1}{sYyNIAWbQgubikMHt73xvg}{127.0.0.1}{127.0.0.1:30237}[mode=>network]], id[1196], master [null], hasJoinedOnce [false], cluster_name[TEST-CHILD_VM=[1]-CLUSTER_SEED=[7681506677330870279]-HASH=[2654A95C8CC0]-cluster]}, ping_response{node [{node_t1}{sYyNIAWbQgubikMHt73xvg}{127.0.0.1}{127.0.0.1:30237}[mode=>network]], id[1196], master [null], hasJoinedOnce [false], cluster_name[TEST-CHILD_VM=[1]-CLUSTER_SEED=[7681506677330870279]-HASH=[2654A95C8CC0]-cluster]}, ping_response{node [{node_t2}{GWh7hfd7SKGr7WmeXEQE-A}{127.0.0.1}{127.0.0.1:30238}[mode=>network]], id[1200], master [null], hasJoinedOnce [false], cluster_name[TEST-CHILD_VM=[1]-CLUSTER_SEED=[7681506677330870279]-HASH=[2654A95C8CC0]-cluster]}, ping_response{node [{node_t2}{GWh7hfd7SKGr7WmeXEQE-A}{127.0.0.1}{127.0.0.1:30238}[mode=>network]], id[1200], master [null], hasJoinedOnce [false], cluster_name[TEST-CHILD_VM=[1]-CLUSTER_SEED=[7681506677330870279]-HASH=[2654A95C8CC0]-cluster]}, ping_response{node [{node_t3}{mGmZS4sXSFijJZ9-KMznMw}{127.0.0.1}{127.0.0.1:30239}[mode=>network]], id[1204], master [null], hasJoinedOnce [false], cluster_name[TEST-CHILD_VM=[1]-CLUSTER_SEED=[7681506677330870279]-HASH=[2654A95C8CC0]-cluster]}, ping_response{node [{node_t3}{mGmZS4sXSFijJZ9-KMznMw}{127.0.0.1}{127.0.0.1:30239}[mode=>network]], id[1204], master [null], hasJoinedOnce [false], cluster_name[TEST-CHILD_VM=[1]-CLUSTER_SEED=[7681506677330870279]-HASH=[2654A95C8CC0]-cluster]}, ping_response{node [{node_t0}{RuBiuqtkQm2dP64SVfJtEw}{127.0.0.1}{127.0.0.1:30236}[mode=>network]], id[1207], master [{node_t2}{GWh7hfd7SKGr7WmeXEQE-A}{127.0.0.1}{127.0.0.1:30238}[mode=>network]], hasJoinedOnce [true], cluster_name[TEST-CHILD_VM=[1]-CLUSTER_SEED=[7681506677330870279]-HASH=[2654A95C8CC0]-cluster]}]
[2016-04-18 03:04:41,653][TRACE][org.elasticsearch.discovery.zen.ping.unicast] [node_t3] [1] disconnecting from {#zen_unicast_1#}{127.0.0.1}{127.0.0.1:30236}
[2016-04-18 03:04:41,653][TRACE][org.elasticsearch.discovery.zen] [node_t3] full ping responses:
	--> ping_response{node [{node_t1}{sYyNIAWbQgubikMHt73xvg}{127.0.0.1}{127.0.0.1:30237}[mode=>network]], id[1196], master [null], hasJoinedOnce [false], cluster_name[TEST-CHILD_VM=[1]-CLUSTER_SEED=[7681506677330870279]-HASH=[2654A95C8CC0]-cluster]}
	--> ping_response{node [{node_t0}{RuBiuqtkQm2dP64SVfJtEw}{127.0.0.1}{127.0.0.1:30236}[mode=>network]], id[1207], master [{node_t2}{GWh7hfd7SKGr7WmeXEQE-A}{127.0.0.1}{127.0.0.1:30238}[mode=>network]], hasJoinedOnce [true], cluster_name[TEST-CHILD_VM=[1]-CLUSTER_SEED=[7681506677330870279]-HASH=[2654A95C8CC0]-cluster]}
	--> ping_response{node [{node_t2}{GWh7hfd7SKGr7WmeXEQE-A}{127.0.0.1}{127.0.0.1:30238}[mode=>network]], id[1200], master [null], hasJoinedOnce [false], cluster_name[TEST-CHILD_VM=[1]-CLUSTER_SEED=[7681506677330870279]-HASH=[2654A95C8CC0]-cluster]}
[2016-04-18 03:04:41,653][DEBUG][org.elasticsearch.discovery.zen] [node_t3] filtered ping responses: (filter_client[true], filter_data[false])
	--> ping_response{node [{node_t1}{sYyNIAWbQgubikMHt73xvg}{127.0.0.1}{127.0.0.1:30237}[mode=>network]], id[1196], master [null], hasJoinedOnce [false], cluster_name[TEST-CHILD_VM=[1]-CLUSTER_SEED=[7681506677330870279]-HASH=[2654A95C8CC0]-cluster]}
	--> ping_response{node [{node_t0}{RuBiuqtkQm2dP64SVfJtEw}{127.0.0.1}{127.0.0.1:30236}[mode=>network]], id[1207], master [{node_t2}{GWh7hfd7SKGr7WmeXEQE-A}{127.0.0.1}{127.0.0.1:30238}[mode=>network]], hasJoinedOnce [true], cluster_name[TEST-CHILD_VM=[1]-CLUSTER_SEED=[7681506677330870279]-HASH=[2654A95C8CC0]-cluster]}
	--> ping_response{node [{node_t2}{GWh7hfd7SKGr7WmeXEQE-A}{127.0.0.1}{127.0.0.1:30238}[mode=>network]], id[1200], master [null], hasJoinedOnce [false], cluster_name[TEST-CHILD_VM=[1]-CLUSTER_SEED=[7681506677330870279]-HASH=[2654A95C8CC0]-cluster]}
[2016-04-18 03:04:41,653][TRACE][org.elasticsearch.discovery.zen.ping.unicast] [node_t3] [1] disconnecting from {#zen_unicast_2_RuBiuqtkQm2dP64SVfJtEw#}{127.0.0.1}{127.0.0.1:30236}[mode=>network]
[2016-04-18 03:04:41,653][TRACE][org.elasticsearch.discovery.zen] [node_t3] stopping join accumulation ([not master])
[2016-04-18 03:04:41,653][TRACE][org.elasticsearch.discovery.zen.ping.unicast] [node_t3] [1] disconnecting from {#zen_unicast_3_RuBiuqtkQm2dP64SVfJtEw#}{127.0.0.1}{127.0.0.1:30236}[mode=>network]
[2016-04-18 03:04:41,654][TRACE][org.elasticsearch.discovery.zen] [node_t3] joining master {node_t2}{GWh7hfd7SKGr7WmeXEQE-A}{127.0.0.1}{127.0.0.1:30238}[mode=>network]
[2016-04-18 03:04:41,656][TRACE][org.elasticsearch.cluster.service] [node_t2] will process [zen-disco-join(join from node[{node_t3}{mGmZS4sXSFijJZ9-KMznMw}{127.0.0.1}{127.0.0.1:30239}[mode=>network]])]
[2016-04-18 03:04:41,656][DEBUG][org.elasticsearch.cluster.service] [node_t2] processing [zen-disco-join(join from node[{node_t3}{mGmZS4sXSFijJZ9-KMznMw}{127.0.0.1}{127.0.0.1:30239}[mode=>network]])]: execute
[2016-04-18 03:04:41,656][TRACE][org.elasticsearch.cluster.service] [node_t2] cluster state updated, source [zen-disco-join(join from node[{node_t3}{mGmZS4sXSFijJZ9-KMznMw}{127.0.0.1}{127.0.0.1:30239}[mode=>network]])]
version: 3
state uuid: UDe5H6gISq2uwvNXGF-g_A
from_diff: false
meta data version: 1
nodes: 
   {node_t0}{RuBiuqtkQm2dP64SVfJtEw}{127.0.0.1}{127.0.0.1:30236}[mode=>network]
   {node_t1}{sYyNIAWbQgubikMHt73xvg}{127.0.0.1}{127.0.0.1:30237}[mode=>network]
   {node_t2}{GWh7hfd7SKGr7WmeXEQE-A}{127.0.0.1}{127.0.0.1:30238}[mode=>network], local, master
   {node_t3}{mGmZS4sXSFijJZ9-KMznMw}{127.0.0.1}{127.0.0.1:30239}[mode=>network]
routing_table (version 1):
routing_nodes:
-----node_id[mGmZS4sXSFijJZ9-KMznMw][V]
-----node_id[sYyNIAWbQgubikMHt73xvg][V]
-----node_id[RuBiuqtkQm2dP64SVfJtEw][V]
-----node_id[GWh7hfd7SKGr7WmeXEQE-A][V]
---- unassigned

[2016-04-18 03:04:41,656][INFO ][org.elasticsearch.cluster.service] [node_t2] added {{node_t3}{mGmZS4sXSFijJZ9-KMznMw}{127.0.0.1}{127.0.0.1:30239}[mode=>network],}, reason: zen-disco-join(join from node[{node_t3}{mGmZS4sXSFijJZ9-KMznMw}{127.0.0.1}{127.0.0.1:30239}[mode=>network]])
[2016-04-18 03:04:41,656][DEBUG][org.elasticsearch.cluster.service] [node_t2] publishing cluster state version [3]
[2016-04-18 03:04:41,657][DEBUG][org.elasticsearch.discovery.zen.publish] [node_t0] received diff cluster state version [3] with uuid [UDe5H6gISq2uwvNXGF-g_A], diff size [333]
[2016-04-18 03:04:41,657][DEBUG][org.elasticsearch.discovery.zen.publish] [node_t3] received full cluster state version [3] with size [314]
[2016-04-18 03:04:41,657][DEBUG][org.elasticsearch.discovery.zen.publish] [node_t1] received diff cluster state version [3] with uuid [UDe5H6gISq2uwvNXGF-g_A], diff size [333]
[2016-04-18 03:04:41,657][TRACE][org.elasticsearch.discovery.zen.publish] [node_t2] master node {node_t0}{RuBiuqtkQm2dP64SVfJtEw}{127.0.0.1}{127.0.0.1:30236}[mode=>network] acked cluster state version [3]. processing ... (current pending [3], needed [2])
[2016-04-18 03:04:41,657][TRACE][org.elasticsearch.discovery.zen.publish] [node_t2] master node {node_t3}{mGmZS4sXSFijJZ9-KMznMw}{127.0.0.1}{127.0.0.1:30239}[mode=>network] acked cluster state version [3]. processing ... (current pending [2], needed [1])
[2016-04-18 03:04:41,657][TRACE][org.elasticsearch.discovery.zen.publish] [node_t2] committing version [3]
[2016-04-18 03:04:41,657][TRACE][org.elasticsearch.discovery.zen.publish] [node_t2] sending commit for cluster state (uuid: [UDe5H6gISq2uwvNXGF-g_A], version [3]) to [{node_t0}{RuBiuqtkQm2dP64SVfJtEw}{127.0.0.1}{127.0.0.1:30236}[mode=>network]]
[2016-04-18 03:04:41,657][TRACE][org.elasticsearch.discovery.zen.publish] [node_t2] sending commit for cluster state (uuid: [UDe5H6gISq2uwvNXGF-g_A], version [3]) to [{node_t3}{mGmZS4sXSFijJZ9-KMznMw}{127.0.0.1}{127.0.0.1:30239}[mode=>network]]
[2016-04-18 03:04:41,657][TRACE][org.elasticsearch.cluster.service] [node_t0] will process [zen-disco-receive(from master [master {node_t2}{GWh7hfd7SKGr7WmeXEQE-A}{127.0.0.1}{127.0.0.1:30238}[mode=>network] committed version [3]])]
[2016-04-18 03:04:41,657][TRACE][org.elasticsearch.cluster.service] [node_t3] will process [zen-disco-receive(from master [master {node_t2}{GWh7hfd7SKGr7WmeXEQE-A}{127.0.0.1}{127.0.0.1:30238}[mode=>network] committed version [3]])]
[2016-04-18 03:04:41,657][DEBUG][org.elasticsearch.cluster.service] [node_t0] processing [zen-disco-receive(from master [master {node_t2}{GWh7hfd7SKGr7WmeXEQE-A}{127.0.0.1}{127.0.0.1:30238}[mode=>network] committed version [3]])]: execute
[2016-04-18 03:04:41,657][TRACE][org.elasticsearch.discovery.zen.publish] [node_t2] sending commit for cluster state (uuid: [UDe5H6gISq2uwvNXGF-g_A], version [3]) to [{node_t1}{sYyNIAWbQgubikMHt73xvg}{127.0.0.1}{127.0.0.1:30237}[mode=>network]]
[2016-04-18 03:04:41,657][DEBUG][org.elasticsearch.cluster.service] [node_t3] processing [zen-disco-receive(from master [master {node_t2}{GWh7hfd7SKGr7WmeXEQE-A}{127.0.0.1}{127.0.0.1:30238}[mode=>network] committed version [3]])]: execute
[2016-04-18 03:04:41,657][TRACE][org.elasticsearch.cluster.service] [node_t0] cluster state updated, source [zen-disco-receive(from master [master {node_t2}{GWh7hfd7SKGr7WmeXEQE-A}{127.0.0.1}{127.0.0.1:30238}[mode=>network] committed version [3]])]
version: 3
state uuid: UDe5H6gISq2uwvNXGF-g_A
from_diff: false
meta data version: 1
nodes: 
   {node_t0}{RuBiuqtkQm2dP64SVfJtEw}{127.0.0.1}{127.0.0.1:30236}[mode=>network], local
   {node_t1}{sYyNIAWbQgubikMHt73xvg}{127.0.0.1}{127.0.0.1:30237}[mode=>network]
   {node_t2}{GWh7hfd7SKGr7WmeXEQE-A}{127.0.0.1}{127.0.0.1:30238}[mode=>network], master
   {node_t3}{mGmZS4sXSFijJZ9-KMznMw}{127.0.0.1}{127.0.0.1:30239}[mode=>network]
routing_table (version 1):
routing_nodes:
-----node_id[mGmZS4sXSFijJZ9-KMznMw][V]
-----node_id[sYyNIAWbQgubikMHt73xvg][V]
-----node_id[RuBiuqtkQm2dP64SVfJtEw][V]
-----node_id[GWh7hfd7SKGr7WmeXEQE-A][V]
---- unassigned

[2016-04-18 03:04:41,658][DEBUG][org.elasticsearch.discovery.zen.fd] [node_t3] [master] restarting fault detection against master [{node_t2}{GWh7hfd7SKGr7WmeXEQE-A}{127.0.0.1}{127.0.0.1:30238}[mode=>network]], reason [new cluster state received and we are monitoring the wrong master [null]]
[2016-04-18 03:04:41,658][TRACE][org.elasticsearch.cluster.service] [node_t1] will process [zen-disco-receive(from master [master {node_t2}{GWh7hfd7SKGr7WmeXEQE-A}{127.0.0.1}{127.0.0.1:30238}[mode=>network] committed version [3]])]
[2016-04-18 03:04:41,658][DEBUG][org.elasticsearch.discovery.zen] [node_t3] got first state from fresh master [GWh7hfd7SKGr7WmeXEQE-A]
[2016-04-18 03:04:41,658][DEBUG][org.elasticsearch.cluster.service] [node_t1] processing [zen-disco-receive(from master [master {node_t2}{GWh7hfd7SKGr7WmeXEQE-A}{127.0.0.1}{127.0.0.1:30238}[mode=>network] committed version [3]])]: execute
[2016-04-18 03:04:41,658][INFO ][org.elasticsearch.cluster.service] [node_t0] added {{node_t3}{mGmZS4sXSFijJZ9-KMznMw}{127.0.0.1}{127.0.0.1:30239}[mode=>network],}, reason: zen-disco-receive(from master [master {node_t2}{GWh7hfd7SKGr7WmeXEQE-A}{127.0.0.1}{127.0.0.1:30238}[mode=>network] committed version [3]])
[2016-04-18 03:04:41,658][TRACE][org.elasticsearch.discovery.zen] [node_t3] updated cluster join cluster to [1]
[2016-04-18 03:04:41,658][TRACE][org.elasticsearch.cluster.service] [node_t1] cluster state updated, source [zen-disco-receive(from master [master {node_t2}{GWh7hfd7SKGr7WmeXEQE-A}{127.0.0.1}{127.0.0.1:30238}[mode=>network] committed version [3]])]
version: 3
state uuid: UDe5H6gISq2uwvNXGF-g_A
from_diff: false
meta data version: 1
nodes: 
   {node_t0}{RuBiuqtkQm2dP64SVfJtEw}{127.0.0.1}{127.0.0.1:30236}[mode=>network]
   {node_t1}{sYyNIAWbQgubikMHt73xvg}{127.0.0.1}{127.0.0.1:30237}[mode=>network], local
   {node_t2}{GWh7hfd7SKGr7WmeXEQE-A}{127.0.0.1}{127.0.0.1:30238}[mode=>network], master
   {node_t3}{mGmZS4sXSFijJZ9-KMznMw}{127.0.0.1}{127.0.0.1:30239}[mode=>network]
routing_table (version 1):
routing_nodes:
-----node_id[mGmZS4sXSFijJZ9-KMznMw][V]
-----node_id[sYyNIAWbQgubikMHt73xvg][V]
-----node_id[RuBiuqtkQm2dP64SVfJtEw][V]
-----node_id[GWh7hfd7SKGr7WmeXEQE-A][V]
---- unassigned

[2016-04-18 03:04:41,659][INFO ][org.elasticsearch.cluster.service] [node_t1] added {{node_t3}{mGmZS4sXSFijJZ9-KMznMw}{127.0.0.1}{127.0.0.1:30239}[mode=>network],}, reason: zen-disco-receive(from master [master {node_t2}{GWh7hfd7SKGr7WmeXEQE-A}{127.0.0.1}{127.0.0.1:30238}[mode=>network] committed version [3]])
[2016-04-18 03:04:41,658][TRACE][org.elasticsearch.cluster.service] [node_t3] cluster state updated, source [zen-disco-receive(from master [master {node_t2}{GWh7hfd7SKGr7WmeXEQE-A}{127.0.0.1}{127.0.0.1:30238}[mode=>network] committed version [3]])]
version: 3
state uuid: UDe5H6gISq2uwvNXGF-g_A
from_diff: false
meta data version: 1
nodes: 
   {node_t0}{RuBiuqtkQm2dP64SVfJtEw}{127.0.0.1}{127.0.0.1:30236}[mode=>network]
   {node_t1}{sYyNIAWbQgubikMHt73xvg}{127.0.0.1}{127.0.0.1:30237}[mode=>network]
   {node_t2}{GWh7hfd7SKGr7WmeXEQE-A}{127.0.0.1}{127.0.0.1:30238}[mode=>network], master
   {node_t3}{mGmZS4sXSFijJZ9-KMznMw}{127.0.0.1}{127.0.0.1:30239}[mode=>network], local
routing_table (version 1):
routing_nodes:
-----node_id[mGmZS4sXSFijJZ9-KMznMw][V]
-----node_id[sYyNIAWbQgubikMHt73xvg][V]
-----node_id[RuBiuqtkQm2dP64SVfJtEw][V]
-----node_id[GWh7hfd7SKGr7WmeXEQE-A][V]
---- unassigned

[2016-04-18 03:04:41,659][INFO ][org.elasticsearch.cluster.service] [node_t3] detected_master {node_t2}{GWh7hfd7SKGr7WmeXEQE-A}{127.0.0.1}{127.0.0.1:30238}[mode=>network], added {{node_t0}{RuBiuqtkQm2dP64SVfJtEw}{127.0.0.1}{127.0.0.1:30236}[mode=>network],{node_t1}{sYyNIAWbQgubikMHt73xvg}{127.0.0.1}{127.0.0.1:30237}[mode=>network],{node_t2}{GWh7hfd7SKGr7WmeXEQE-A}{127.0.0.1}{127.0.0.1:30238}[mode=>network],}, reason: zen-disco-receive(from master [master {node_t2}{GWh7hfd7SKGr7WmeXEQE-A}{127.0.0.1}{127.0.0.1:30238}[mode=>network] committed version [3]])
[2016-04-18 03:04:41,660][DEBUG][org.elasticsearch.cluster.service] [node_t0] set local cluster state to version 3
[2016-04-18 03:04:41,660][DEBUG][org.elasticsearch.cluster.service] [node_t0] processing [zen-disco-receive(from master [master {node_t2}{GWh7hfd7SKGr7WmeXEQE-A}{127.0.0.1}{127.0.0.1:30238}[mode=>network] committed version [3]])]: took 2ms done applying updated cluster_state (version: 3, uuid: UDe5H6gISq2uwvNXGF-g_A)
[2016-04-18 03:04:41,661][DEBUG][org.elasticsearch.cluster.service] [node_t1] set local cluster state to version 3
[2016-04-18 03:04:41,661][DEBUG][org.elasticsearch.cluster.service] [node_t1] processing [zen-disco-receive(from master [master {node_t2}{GWh7hfd7SKGr7WmeXEQE-A}{127.0.0.1}{127.0.0.1:30238}[mode=>network] committed version [3]])]: took 2ms done applying updated cluster_state (version: 3, uuid: UDe5H6gISq2uwvNXGF-g_A)
[2016-04-18 03:04:41,662][DEBUG][org.elasticsearch.cluster.service] [node_t3] set local cluster state to version 3
[2016-04-18 03:04:41,663][DEBUG][org.elasticsearch.cluster.service] [node_t3] processing [zen-disco-receive(from master [master {node_t2}{GWh7hfd7SKGr7WmeXEQE-A}{127.0.0.1}{127.0.0.1:30238}[mode=>network] committed version [3]])]: took 5ms done applying updated cluster_state (version: 3, uuid: UDe5H6gISq2uwvNXGF-g_A)
[2016-04-18 03:04:41,664][TRACE][org.elasticsearch.cluster.service] [node_t3] will process [gateway_initial_state_recovery]
[2016-04-18 03:04:41,664][DEBUG][org.elasticsearch.cluster.service] [node_t3] processing [gateway_initial_state_recovery]: execute
[2016-04-18 03:04:41,664][DEBUG][org.elasticsearch.cluster.service] [node_t3] processing [gateway_initial_state_recovery]: took 0s no change in cluster_state
[2016-04-18 03:04:41,664][DEBUG][org.elasticsearch.cluster.service] [node_t2] set local cluster state to version 3
[2016-04-18 03:04:41,664][DEBUG][org.elasticsearch.cluster.service] [node_t2] processing [zen-disco-join(join from node[{node_t3}{mGmZS4sXSFijJZ9-KMznMw}{127.0.0.1}{127.0.0.1:30239}[mode=>network]])]: took 7ms done applying updated cluster_state (version: 3, uuid: UDe5H6gISq2uwvNXGF-g_A)
[2016-04-18 03:04:41,664][TRACE][org.elasticsearch.cluster.service] [node_t2] will process [cluster_reroute(post_node_add)]
[2016-04-18 03:04:41,664][DEBUG][org.elasticsearch.cluster.service] [node_t2] processing [cluster_reroute(post_node_add)]: execute
[2016-04-18 03:04:41,664][DEBUG][org.elasticsearch.cluster.service] [node_t2] processing [cluster_reroute(post_node_add)]: took 0s no change in cluster_state
[2016-04-18 03:04:41,665][TRACE][org.elasticsearch.cluster.service] [node_t2] will process [cluster_health (wait_for_events [LANGUID])]
[2016-04-18 03:04:41,665][DEBUG][org.elasticsearch.cluster.service] [node_t2] processing [cluster_health (wait_for_events [LANGUID])]: execute
[2016-04-18 03:04:41,665][DEBUG][org.elasticsearch.cluster.service] [node_t2] processing [cluster_health (wait_for_events [LANGUID])]: took 0s no change in cluster_state
[2016-04-18 03:04:41,665][TRACE][org.elasticsearch.cluster.service] [node_t3] will process [finalize_join ({node_t2}{GWh7hfd7SKGr7WmeXEQE-A}{127.0.0.1}{127.0.0.1:30238}[mode=>network])]
[2016-04-18 03:04:41,665][DEBUG][org.elasticsearch.cluster.service] [node_t3] processing [finalize_join ({node_t2}{GWh7hfd7SKGr7WmeXEQE-A}{127.0.0.1}{127.0.0.1:30238}[mode=>network])]: execute
[2016-04-18 03:04:41,665][DEBUG][org.elasticsearch.cluster.service] [node_t3] processing [finalize_join ({node_t2}{GWh7hfd7SKGr7WmeXEQE-A}{127.0.0.1}{127.0.0.1:30238}[mode=>network])]: took 0s no change in cluster_state
[2016-04-18 03:04:41,666][TRACE][org.elasticsearch.cluster.service] [node_t2] will process [cluster_health (wait_for_events [LANGUID])]
[2016-04-18 03:04:41,666][DEBUG][org.elasticsearch.cluster.service] [node_t2] processing [cluster_health (wait_for_events [LANGUID])]: execute
[2016-04-18 03:04:41,666][DEBUG][org.elasticsearch.cluster.service] [node_t2] processing [cluster_health (wait_for_events [LANGUID])]: took 0s no change in cluster_state
[2016-04-18 03:04:42,606][TRACE][org.elasticsearch.discovery.zen.fd] [node_t2] [node  ] [{node_t0}{RuBiuqtkQm2dP64SVfJtEw}{127.0.0.1}{127.0.0.1:30236}[mode=>network]] transport disconnected
[2016-04-18 03:04:42,606][TRACE][org.elasticsearch.cluster.service] [node_t2] will process [zen-disco-node_failed({node_t0}{RuBiuqtkQm2dP64SVfJtEw}{127.0.0.1}{127.0.0.1:30236}[mode=>network]), reason transport disconnected]
[2016-04-18 03:04:42,607][DEBUG][org.elasticsearch.cluster.service] [node_t2] processing [zen-disco-node_failed({node_t0}{RuBiuqtkQm2dP64SVfJtEw}{127.0.0.1}{127.0.0.1:30236}[mode=>network]), reason transport disconnected]: execute
[2016-04-18 03:04:42,607][TRACE][org.elasticsearch.cluster.service] [node_t2] cluster state updated, source [zen-disco-node_failed({node_t0}{RuBiuqtkQm2dP64SVfJtEw}{127.0.0.1}{127.0.0.1:30236}[mode=>network]), reason transport disconnected]
version: 4
state uuid: wG_ImBcxTtCEMPTJsHQvQw
from_diff: false
meta data version: 1
nodes: 
   {node_t1}{sYyNIAWbQgubikMHt73xvg}{127.0.0.1}{127.0.0.1:30237}[mode=>network]
   {node_t2}{GWh7hfd7SKGr7WmeXEQE-A}{127.0.0.1}{127.0.0.1:30238}[mode=>network], local, master
   {node_t3}{mGmZS4sXSFijJZ9-KMznMw}{127.0.0.1}{127.0.0.1:30239}[mode=>network]
routing_table (version 1):
routing_nodes:
-----node_id[mGmZS4sXSFijJZ9-KMznMw][V]
-----node_id[sYyNIAWbQgubikMHt73xvg][V]
-----node_id[GWh7hfd7SKGr7WmeXEQE-A][V]
---- unassigned

[2016-04-18 03:04:42,607][INFO ][org.elasticsearch.cluster.service] [node_t2] removed {{node_t0}{RuBiuqtkQm2dP64SVfJtEw}{127.0.0.1}{127.0.0.1:30236}[mode=>network],}, reason: zen-disco-node_failed({node_t0}{RuBiuqtkQm2dP64SVfJtEw}{127.0.0.1}{127.0.0.1:30236}[mode=>network]), reason transport disconnected
[2016-04-18 03:04:42,607][DEBUG][org.elasticsearch.cluster.service] [node_t2] publishing cluster state version [4]
[2016-04-18 03:04:42,607][DEBUG][org.elasticsearch.discovery.zen.publish] [node_t3] received diff cluster state version [4] with uuid [wG_ImBcxTtCEMPTJsHQvQw], diff size [307]
[2016-04-18 03:04:42,607][DEBUG][org.elasticsearch.discovery.zen.publish] [node_t1] received diff cluster state version [4] with uuid [wG_ImBcxTtCEMPTJsHQvQw], diff size [307]
[2016-04-18 03:04:42,607][TRACE][org.elasticsearch.discovery.zen.publish] [node_t2] master node {node_t3}{mGmZS4sXSFijJZ9-KMznMw}{127.0.0.1}{127.0.0.1:30239}[mode=>network] acked cluster state version [4]. processing ... (current pending [2], needed [2])
[2016-04-18 03:04:42,607][TRACE][org.elasticsearch.discovery.zen.publish] [node_t2] master node {node_t1}{sYyNIAWbQgubikMHt73xvg}{127.0.0.1}{127.0.0.1:30237}[mode=>network] acked cluster state version [4]. processing ... (current pending [1], needed [1])
[2016-04-18 03:04:42,607][TRACE][org.elasticsearch.discovery.zen.publish] [node_t2] committing version [4]
[2016-04-18 03:04:42,607][TRACE][org.elasticsearch.discovery.zen.publish] [node_t2] sending commit for cluster state (uuid: [wG_ImBcxTtCEMPTJsHQvQw], version [4]) to [{node_t3}{mGmZS4sXSFijJZ9-KMznMw}{127.0.0.1}{127.0.0.1:30239}[mode=>network]]
[2016-04-18 03:04:42,608][TRACE][org.elasticsearch.discovery.zen.publish] [node_t2] sending commit for cluster state (uuid: [wG_ImBcxTtCEMPTJsHQvQw], version [4]) to [{node_t1}{sYyNIAWbQgubikMHt73xvg}{127.0.0.1}{127.0.0.1:30237}[mode=>network]]
[2016-04-18 03:04:42,608][TRACE][org.elasticsearch.cluster.service] [node_t3] will process [zen-disco-receive(from master [master {node_t2}{GWh7hfd7SKGr7WmeXEQE-A}{127.0.0.1}{127.0.0.1:30238}[mode=>network] committed version [4]])]
[2016-04-18 03:04:42,608][TRACE][org.elasticsearch.cluster.service] [node_t1] will process [zen-disco-receive(from master [master {node_t2}{GWh7hfd7SKGr7WmeXEQE-A}{127.0.0.1}{127.0.0.1:30238}[mode=>network] committed version [4]])]
[2016-04-18 03:04:42,608][DEBUG][org.elasticsearch.cluster.service] [node_t3] processing [zen-disco-receive(from master [master {node_t2}{GWh7hfd7SKGr7WmeXEQE-A}{127.0.0.1}{127.0.0.1:30238}[mode=>network] committed version [4]])]: execute
[2016-04-18 03:04:42,608][DEBUG][org.elasticsearch.cluster.service] [node_t1] processing [zen-disco-receive(from master [master {node_t2}{GWh7hfd7SKGr7WmeXEQE-A}{127.0.0.1}{127.0.0.1:30238}[mode=>network] committed version [4]])]: execute
[2016-04-18 03:04:42,608][TRACE][org.elasticsearch.cluster.service] [node_t3] cluster state updated, source [zen-disco-receive(from master [master {node_t2}{GWh7hfd7SKGr7WmeXEQE-A}{127.0.0.1}{127.0.0.1:30238}[mode=>network] committed version [4]])]
version: 4
state uuid: wG_ImBcxTtCEMPTJsHQvQw
from_diff: false
meta data version: 1
nodes: 
   {node_t1}{sYyNIAWbQgubikMHt73xvg}{127.0.0.1}{127.0.0.1:30237}[mode=>network]
   {node_t2}{GWh7hfd7SKGr7WmeXEQE-A}{127.0.0.1}{127.0.0.1:30238}[mode=>network], master
   {node_t3}{mGmZS4sXSFijJZ9-KMznMw}{127.0.0.1}{127.0.0.1:30239}[mode=>network], local
routing_table (version 1):
routing_nodes:
-----node_id[mGmZS4sXSFijJZ9-KMznMw][V]
-----node_id[sYyNIAWbQgubikMHt73xvg][V]
-----node_id[GWh7hfd7SKGr7WmeXEQE-A][V]
---- unassigned

[2016-04-18 03:04:42,608][TRACE][org.elasticsearch.cluster.service] [node_t1] cluster state updated, source [zen-disco-receive(from master [master {node_t2}{GWh7hfd7SKGr7WmeXEQE-A}{127.0.0.1}{127.0.0.1:30238}[mode=>network] committed version [4]])]
version: 4
state uuid: wG_ImBcxTtCEMPTJsHQvQw
from_diff: false
meta data version: 1
nodes: 
   {node_t1}{sYyNIAWbQgubikMHt73xvg}{127.0.0.1}{127.0.0.1:30237}[mode=>network], local
   {node_t2}{GWh7hfd7SKGr7WmeXEQE-A}{127.0.0.1}{127.0.0.1:30238}[mode=>network], master
   {node_t3}{mGmZS4sXSFijJZ9-KMznMw}{127.0.0.1}{127.0.0.1:30239}[mode=>network]
routing_table (version 1):
routing_nodes:
-----node_id[mGmZS4sXSFijJZ9-KMznMw][V]
-----node_id[sYyNIAWbQgubikMHt73xvg][V]
-----node_id[GWh7hfd7SKGr7WmeXEQE-A][V]
---- unassigned

[2016-04-18 03:04:42,608][INFO ][org.elasticsearch.cluster.service] [node_t3] removed {{node_t0}{RuBiuqtkQm2dP64SVfJtEw}{127.0.0.1}{127.0.0.1:30236}[mode=>network],}, reason: zen-disco-receive(from master [master {node_t2}{GWh7hfd7SKGr7WmeXEQE-A}{127.0.0.1}{127.0.0.1:30238}[mode=>network] committed version [4]])
[2016-04-18 03:04:42,608][INFO ][org.elasticsearch.cluster.service] [node_t1] removed {{node_t0}{RuBiuqtkQm2dP64SVfJtEw}{127.0.0.1}{127.0.0.1:30236}[mode=>network],}, reason: zen-disco-receive(from master [master {node_t2}{GWh7hfd7SKGr7WmeXEQE-A}{127.0.0.1}{127.0.0.1:30238}[mode=>network] committed version [4]])
[2016-04-18 03:04:42,608][DEBUG][org.elasticsearch.cluster.service] [node_t3] set local cluster state to version 4
[2016-04-18 03:04:42,608][DEBUG][org.elasticsearch.cluster.service] [node_t1] set local cluster state to version 4
[2016-04-18 03:04:42,609][DEBUG][org.elasticsearch.cluster.service] [node_t3] processing [zen-disco-receive(from master [master {node_t2}{GWh7hfd7SKGr7WmeXEQE-A}{127.0.0.1}{127.0.0.1:30238}[mode=>network] committed version [4]])]: took 0s done applying updated cluster_state (version: 4, uuid: wG_ImBcxTtCEMPTJsHQvQw)
[2016-04-18 03:04:42,609][DEBUG][org.elasticsearch.cluster.service] [node_t1] processing [zen-disco-receive(from master [master {node_t2}{GWh7hfd7SKGr7WmeXEQE-A}{127.0.0.1}{127.0.0.1:30238}[mode=>network] committed version [4]])]: took 0s done applying updated cluster_state (version: 4, uuid: wG_ImBcxTtCEMPTJsHQvQw)
[2016-04-18 03:04:42,609][DEBUG][org.elasticsearch.cluster.service] [node_t2] set local cluster state to version 4
[2016-04-18 03:04:42,610][DEBUG][org.elasticsearch.cluster.service] [node_t2] processing [zen-disco-node_failed({node_t0}{RuBiuqtkQm2dP64SVfJtEw}{127.0.0.1}{127.0.0.1:30236}[mode=>network]), reason transport disconnected]: took 3ms done applying updated cluster_state (version: 4, uuid: wG_ImBcxTtCEMPTJsHQvQw)
[2016-04-18 03:04:42,610][TRACE][org.elasticsearch.discovery.zen.fd] [node_t0] [master] [{node_t2}{GWh7hfd7SKGr7WmeXEQE-A}{127.0.0.1}{127.0.0.1:30238}[mode=>network]] transport disconnected
[2016-04-18 03:04:42,610][DEBUG][org.elasticsearch.discovery.zen.fd] [node_t0] [master] stopping fault detection against master [{node_t2}{GWh7hfd7SKGr7WmeXEQE-A}{127.0.0.1}{127.0.0.1:30238}[mode=>network]], reason [master failure, transport disconnected]
[2016-04-18 03:04:42,610][INFO ][org.elasticsearch.discovery.zen] [node_t0] master_left [{node_t2}{GWh7hfd7SKGr7WmeXEQE-A}{127.0.0.1}{127.0.0.1:30238}[mode=>network]], reason [transport disconnected]
[2016-04-18 03:04:42,611][TRACE][org.elasticsearch.cluster.service] [node_t0] will process [zen-disco-master_failed ({node_t2}{GWh7hfd7SKGr7WmeXEQE-A}{127.0.0.1}{127.0.0.1:30238}[mode=>network])]
[2016-04-18 03:04:42,611][DEBUG][org.elasticsearch.cluster.service] [node_t0] processing [zen-disco-master_failed ({node_t2}{GWh7hfd7SKGr7WmeXEQE-A}{127.0.0.1}{127.0.0.1:30238}[mode=>network])]: execute
[2016-04-18 03:04:42,611][WARN ][org.elasticsearch.discovery.zen] [node_t0] master left (reason = transport disconnected), current nodes: {{node_t0}{RuBiuqtkQm2dP64SVfJtEw}{127.0.0.1}{127.0.0.1:30236}[mode=>network],{node_t1}{sYyNIAWbQgubikMHt73xvg}{127.0.0.1}{127.0.0.1:30237}[mode=>network],{node_t3}{mGmZS4sXSFijJZ9-KMznMw}{127.0.0.1}{127.0.0.1:30239}[mode=>network],}
[2016-04-18 03:04:42,611][TRACE][org.elasticsearch.discovery.zen] [node_t0] starting to accumulate joins
[2016-04-18 03:04:42,611][TRACE][org.elasticsearch.discovery.zen] [node_t0] starting to ping
[2016-04-18 03:04:42,611][TRACE][org.elasticsearch.cluster.service] [node_t0] cluster state updated, source [zen-disco-master_failed ({node_t2}{GWh7hfd7SKGr7WmeXEQE-A}{127.0.0.1}{127.0.0.1:30238}[mode=>network])]
version: 3
state uuid: UDe5H6gISq2uwvNXGF-g_A
from_diff: false
meta data version: 1
blocks: 
   _global_:
      2,no master, blocks WRITE,METADATA_WRITE
nodes: 
   {node_t0}{RuBiuqtkQm2dP64SVfJtEw}{127.0.0.1}{127.0.0.1:30236}[mode=>network], local
   {node_t1}{sYyNIAWbQgubikMHt73xvg}{127.0.0.1}{127.0.0.1:30237}[mode=>network]
   {node_t3}{mGmZS4sXSFijJZ9-KMznMw}{127.0.0.1}{127.0.0.1:30239}[mode=>network]
routing_table (version 1):
routing_nodes:
-----node_id[mGmZS4sXSFijJZ9-KMznMw][V]
-----node_id[sYyNIAWbQgubikMHt73xvg][V]
-----node_id[RuBiuqtkQm2dP64SVfJtEw][V]
---- unassigned

[2016-04-18 03:04:42,611][TRACE][org.elasticsearch.discovery.zen.ping.unicast] [node_t0] [2] sending to {node_t0}{RuBiuqtkQm2dP64SVfJtEw}{127.0.0.1}{127.0.0.1:30236}[mode=>network]
[2016-04-18 03:04:42,611][INFO ][org.elasticsearch.cluster.service] [node_t0] removed {{node_t2}{GWh7hfd7SKGr7WmeXEQE-A}{127.0.0.1}{127.0.0.1:30238}[mode=>network],}, reason: zen-disco-master_failed ({node_t2}{GWh7hfd7SKGr7WmeXEQE-A}{127.0.0.1}{127.0.0.1:30238}[mode=>network])
[2016-04-18 03:04:42,611][TRACE][org.elasticsearch.discovery.zen.ping.unicast] [node_t0] [2] received response from {node_t0}{RuBiuqtkQm2dP64SVfJtEw}{127.0.0.1}{127.0.0.1:30236}[mode=>network]: [ping_response{node [{node_t0}{RuBiuqtkQm2dP64SVfJtEw}{127.0.0.1}{127.0.0.1:30236}[mode=>network]], id[1208], master [{node_t2}{GWh7hfd7SKGr7WmeXEQE-A}{127.0.0.1}{127.0.0.1:30238}[mode=>network]], hasJoinedOnce [true], cluster_name[TEST-CHILD_VM=[1]-CLUSTER_SEED=[7681506677330870279]-HASH=[2654A95C8CC0]-cluster]}, ping_response{node [{node_t0}{RuBiuqtkQm2dP64SVfJtEw}{127.0.0.1}{127.0.0.1:30236}[mode=>network]], id[1209], master [{node_t2}{GWh7hfd7SKGr7WmeXEQE-A}{127.0.0.1}{127.0.0.1:30238}[mode=>network]], hasJoinedOnce [true], cluster_name[TEST-CHILD_VM=[1]-CLUSTER_SEED=[7681506677330870279]-HASH=[2654A95C8CC0]-cluster]}]
[2016-04-18 03:04:42,611][DEBUG][org.elasticsearch.cluster.service] [node_t0] set local cluster state to version 3
[2016-04-18 03:04:42,611][TRACE][org.elasticsearch.discovery.zen.ping.unicast] [node_t0] [2] sending to {node_t2}{GWh7hfd7SKGr7WmeXEQE-A}{127.0.0.1}{127.0.0.1:30238}[mode=>network]
[2016-04-18 03:04:42,611][TRACE][org.elasticsearch.discovery.zen.ping.unicast] [node_t0] [2] sending to {node_t0}{RuBiuqtkQm2dP64SVfJtEw}{127.0.0.1}{127.0.0.1:30236}[mode=>network]
[2016-04-18 03:04:42,611][WARN ][org.elasticsearch.discovery.zen.ping.unicast] [node_t0] failed to send ping to [{node_t2}{GWh7hfd7SKGr7WmeXEQE-A}{127.0.0.1}{127.0.0.1:30238}[mode=>network]]
SendRequestTransportException[[node_t2][127.0.0.1:30238][internal:discovery/zen/unicast]]; nested: ConnectTransportException[[node_t2][127.0.0.1:30238] DISCONNECT: simulated];
	at org.elasticsearch.transport.TransportService.sendRequest(TransportService.java:315)
	at org.elasticsearch.discovery.zen.ping.unicast.UnicastZenPing.sendPingRequestToNode(UnicastZenPing.java:440)
	at org.elasticsearch.discovery.zen.ping.unicast.UnicastZenPing.sendPings(UnicastZenPing.java:426)
	at org.elasticsearch.discovery.zen.ping.unicast.UnicastZenPing.ping(UnicastZenPing.java:240)
	at org.elasticsearch.discovery.zen.ping.ZenPingService.ping(ZenPingService.java:106)
	at org.elasticsearch.discovery.zen.ping.ZenPingService.pingAndWait(ZenPingService.java:84)
	at org.elasticsearch.discovery.zen.ZenDiscovery.findMaster(ZenDiscovery.java:888)
	at org.elasticsearch.discovery.zen.ZenDiscovery.innerJoinCluster(ZenDiscovery.java:394)
	at org.elasticsearch.discovery.zen.ZenDiscovery.access$4700(ZenDiscovery.java:90)
	at org.elasticsearch.discovery.zen.ZenDiscovery$JoinThreadControl$1.run(ZenDiscovery.java:1221)
	at java.util.concurrent.ThreadPoolExecutor.runWorker(ThreadPoolExecutor.java:1142)
	at java.util.concurrent.ThreadPoolExecutor$Worker.run(ThreadPoolExecutor.java:617)
	at java.lang.Thread.run(Thread.java:745)
Caused by: ConnectTransportException[[node_t2][127.0.0.1:30238] DISCONNECT: simulated]
	at org.elasticsearch.test.transport.MockTransportService$1.sendRequest(MockTransportService.java:162)
	at org.elasticsearch.test.transport.MockTransportService$LookupTestTransport.sendRequest(MockTransportService.java:423)
	at org.elasticsearch.transport.TransportService.sendRequest(TransportService.java:304)
	... 12 more
[2016-04-18 03:04:42,612][DEBUG][org.elasticsearch.cluster.service] [node_t0] processing [zen-disco-master_failed ({node_t2}{GWh7hfd7SKGr7WmeXEQE-A}{127.0.0.1}{127.0.0.1:30238}[mode=>network])]: took 1ms done applying updated cluster_state (version: 3, uuid: UDe5H6gISq2uwvNXGF-g_A)
[2016-04-18 03:04:42,611][TRACE][org.elasticsearch.discovery.zen.ping.unicast] [node_t0] [2] received response from {node_t0}{RuBiuqtkQm2dP64SVfJtEw}{127.0.0.1}{127.0.0.1:30236}[mode=>network]: [ping_response{node [{node_t0}{RuBiuqtkQm2dP64SVfJtEw}{127.0.0.1}{127.0.0.1:30236}[mode=>network]], id[1208], master [{node_t2}{GWh7hfd7SKGr7WmeXEQE-A}{127.0.0.1}{127.0.0.1:30238}[mode=>network]], hasJoinedOnce [true], cluster_name[TEST-CHILD_VM=[1]-CLUSTER_SEED=[7681506677330870279]-HASH=[2654A95C8CC0]-cluster]}, ping_response{node [{node_t0}{RuBiuqtkQm2dP64SVfJtEw}{127.0.0.1}{127.0.0.1:30236}[mode=>network]], id[1208], master [{node_t2}{GWh7hfd7SKGr7WmeXEQE-A}{127.0.0.1}{127.0.0.1:30238}[mode=>network]], hasJoinedOnce [true], cluster_name[TEST-CHILD_VM=[1]-CLUSTER_SEED=[7681506677330870279]-HASH=[2654A95C8CC0]-cluster]}, ping_response{node [{node_t0}{RuBiuqtkQm2dP64SVfJtEw}{127.0.0.1}{127.0.0.1:30236}[mode=>network]], id[1210], master [null], hasJoinedOnce [true], cluster_name[TEST-CHILD_VM=[1]-CLUSTER_SEED=[7681506677330870279]-HASH=[2654A95C8CC0]-cluster]}]
[2016-04-18 03:04:42,612][TRACE][org.elasticsearch.discovery.zen.ping.unicast] [node_t0] [2] sending to {node_t3}{mGmZS4sXSFijJZ9-KMznMw}{127.0.0.1}{127.0.0.1:30239}[mode=>network]
[2016-04-18 03:04:42,612][TRACE][org.elasticsearch.cluster.service] [node_t2] will process [cluster_health (wait_for_events [LANGUID])]
[2016-04-18 03:04:42,612][TRACE][org.elasticsearch.discovery.zen.ping.unicast] [node_t0] [2] sending to {node_t1}{sYyNIAWbQgubikMHt73xvg}{127.0.0.1}{127.0.0.1:30237}[mode=>network]
[2016-04-18 03:04:42,612][DEBUG][org.elasticsearch.cluster.service] [node_t2] processing [cluster_health (wait_for_events [LANGUID])]: execute
[2016-04-18 03:04:42,613][DEBUG][org.elasticsearch.cluster.service] [node_t2] processing [cluster_health (wait_for_events [LANGUID])]: took 0s no change in cluster_state
[2016-04-18 03:04:42,613][TRACE][org.elasticsearch.discovery.zen.ping.unicast] [node_t0] [2] received response from {node_t3}{mGmZS4sXSFijJZ9-KMznMw}{127.0.0.1}{127.0.0.1:30239}[mode=>network]: [ping_response{node [{node_t0}{RuBiuqtkQm2dP64SVfJtEw}{127.0.0.1}{127.0.0.1:30236}[mode=>network]], id[1208], master [{node_t2}{GWh7hfd7SKGr7WmeXEQE-A}{127.0.0.1}{127.0.0.1:30238}[mode=>network]], hasJoinedOnce [true], cluster_name[TEST-CHILD_VM=[1]-CLUSTER_SEED=[7681506677330870279]-HASH=[2654A95C8CC0]-cluster]}, ping_response{node [{node_t3}{mGmZS4sXSFijJZ9-KMznMw}{127.0.0.1}{127.0.0.1:30239}[mode=>network]], id[1211], master [{node_t2}{GWh7hfd7SKGr7WmeXEQE-A}{127.0.0.1}{127.0.0.1:30238}[mode=>network]], hasJoinedOnce [true], cluster_name[TEST-CHILD_VM=[1]-CLUSTER_SEED=[7681506677330870279]-HASH=[2654A95C8CC0]-cluster]}]
[2016-04-18 03:04:42,613][TRACE][org.elasticsearch.discovery.zen.ping.unicast] [node_t0] [2] received response from {node_t1}{sYyNIAWbQgubikMHt73xvg}{127.0.0.1}{127.0.0.1:30237}[mode=>network]: [ping_response{node [{node_t0}{RuBiuqtkQm2dP64SVfJtEw}{127.0.0.1}{127.0.0.1:30236}[mode=>network]], id[1208], master [{node_t2}{GWh7hfd7SKGr7WmeXEQE-A}{127.0.0.1}{127.0.0.1:30238}[mode=>network]], hasJoinedOnce [true], cluster_name[TEST-CHILD_VM=[1]-CLUSTER_SEED=[7681506677330870279]-HASH=[2654A95C8CC0]-cluster]}, ping_response{node [{node_t1}{sYyNIAWbQgubikMHt73xvg}{127.0.0.1}{127.0.0.1:30237}[mode=>network]], id[1212], master [{node_t2}{GWh7hfd7SKGr7WmeXEQE-A}{127.0.0.1}{127.0.0.1:30238}[mode=>network]], hasJoinedOnce [true], cluster_name[TEST-CHILD_VM=[1]-CLUSTER_SEED=[7681506677330870279]-HASH=[2654A95C8CC0]-cluster]}]
[2016-04-18 03:04:44,113][TRACE][org.elasticsearch.discovery.zen.ping.unicast] [node_t0] [2] sending to {node_t0}{RuBiuqtkQm2dP64SVfJtEw}{127.0.0.1}{127.0.0.1:30236}[mode=>network]
[2016-04-18 03:04:44,113][TRACE][org.elasticsearch.discovery.zen.ping.unicast] [node_t0] [2] received response from {node_t0}{RuBiuqtkQm2dP64SVfJtEw}{127.0.0.1}{127.0.0.1:30236}[mode=>network]: [ping_response{node [{node_t0}{RuBiuqtkQm2dP64SVfJtEw}{127.0.0.1}{127.0.0.1:30236}[mode=>network]], id[1208], master [{node_t2}{GWh7hfd7SKGr7WmeXEQE-A}{127.0.0.1}{127.0.0.1:30238}[mode=>network]], hasJoinedOnce [true], cluster_name[TEST-CHILD_VM=[1]-CLUSTER_SEED=[7681506677330870279]-HASH=[2654A95C8CC0]-cluster]}, ping_response{node [{node_t0}{RuBiuqtkQm2dP64SVfJtEw}{127.0.0.1}{127.0.0.1:30236}[mode=>network]], id[1208], master [{node_t2}{GWh7hfd7SKGr7WmeXEQE-A}{127.0.0.1}{127.0.0.1:30238}[mode=>network]], hasJoinedOnce [true], cluster_name[TEST-CHILD_VM=[1]-CLUSTER_SEED=[7681506677330870279]-HASH=[2654A95C8CC0]-cluster]}, ping_response{node [{node_t0}{RuBiuqtkQm2dP64SVfJtEw}{127.0.0.1}{127.0.0.1:30236}[mode=>network]], id[1213], master [null], hasJoinedOnce [true], cluster_name[TEST-CHILD_VM=[1]-CLUSTER_SEED=[7681506677330870279]-HASH=[2654A95C8CC0]-cluster]}, ping_response{node [{node_t0}{RuBiuqtkQm2dP64SVfJtEw}{127.0.0.1}{127.0.0.1:30236}[mode=>network]], id[1214], master [null], hasJoinedOnce [true], cluster_name[TEST-CHILD_VM=[1]-CLUSTER_SEED=[7681506677330870279]-HASH=[2654A95C8CC0]-cluster]}]
[2016-04-18 03:04:44,113][TRACE][org.elasticsearch.discovery.zen.ping.unicast] [node_t0] [2] sending to {node_t0}{RuBiuqtkQm2dP64SVfJtEw}{127.0.0.1}{127.0.0.1:30236}[mode=>network]
[2016-04-18 03:04:44,113][TRACE][org.elasticsearch.discovery.zen.ping.unicast] [node_t0] [2] received response from {node_t0}{RuBiuqtkQm2dP64SVfJtEw}{127.0.0.1}{127.0.0.1:30236}[mode=>network]: [ping_response{node [{node_t0}{RuBiuqtkQm2dP64SVfJtEw}{127.0.0.1}{127.0.0.1:30236}[mode=>network]], id[1208], master [{node_t2}{GWh7hfd7SKGr7WmeXEQE-A}{127.0.0.1}{127.0.0.1:30238}[mode=>network]], hasJoinedOnce [true], cluster_name[TEST-CHILD_VM=[1]-CLUSTER_SEED=[7681506677330870279]-HASH=[2654A95C8CC0]-cluster]}, ping_response{node [{node_t0}{RuBiuqtkQm2dP64SVfJtEw}{127.0.0.1}{127.0.0.1:30236}[mode=>network]], id[1208], master [{node_t2}{GWh7hfd7SKGr7WmeXEQE-A}{127.0.0.1}{127.0.0.1:30238}[mode=>network]], hasJoinedOnce [true], cluster_name[TEST-CHILD_VM=[1]-CLUSTER_SEED=[7681506677330870279]-HASH=[2654A95C8CC0]-cluster]}, ping_response{node [{node_t0}{RuBiuqtkQm2dP64SVfJtEw}{127.0.0.1}{127.0.0.1:30236}[mode=>network]], id[1213], master [null], hasJoinedOnce [true], cluster_name[TEST-CHILD_VM=[1]-CLUSTER_SEED=[7681506677330870279]-HASH=[2654A95C8CC0]-cluster]}, ping_response{node [{node_t0}{RuBiuqtkQm2dP64SVfJtEw}{127.0.0.1}{127.0.0.1:30236}[mode=>network]], id[1213], master [null], hasJoinedOnce [true], cluster_name[TEST-CHILD_VM=[1]-CLUSTER_SEED=[7681506677330870279]-HASH=[2654A95C8CC0]-cluster]}, ping_response{node [{node_t0}{RuBiuqtkQm2dP64SVfJtEw}{127.0.0.1}{127.0.0.1:30236}[mode=>network]], id[1215], master [null], hasJoinedOnce [true], cluster_name[TEST-CHILD_VM=[1]-CLUSTER_SEED=[7681506677330870279]-HASH=[2654A95C8CC0]-cluster]}]
[2016-04-18 03:04:44,113][TRACE][org.elasticsearch.discovery.zen.ping.unicast] [node_t0] [2] sending to {node_t3}{mGmZS4sXSFijJZ9-KMznMw}{127.0.0.1}{127.0.0.1:30239}[mode=>network]
[2016-04-18 03:04:44,113][TRACE][org.elasticsearch.discovery.zen.ping.unicast] [node_t0] [2] sending to {node_t1}{sYyNIAWbQgubikMHt73xvg}{127.0.0.1}{127.0.0.1:30237}[mode=>network]
[2016-04-18 03:04:44,114][TRACE][org.elasticsearch.discovery.zen.ping.unicast] [node_t0] [2] received response from {node_t3}{mGmZS4sXSFijJZ9-KMznMw}{127.0.0.1}{127.0.0.1:30239}[mode=>network]: [ping_response{node [{node_t0}{RuBiuqtkQm2dP64SVfJtEw}{127.0.0.1}{127.0.0.1:30236}[mode=>network]], id[1208], master [{node_t2}{GWh7hfd7SKGr7WmeXEQE-A}{127.0.0.1}{127.0.0.1:30238}[mode=>network]], hasJoinedOnce [true], cluster_name[TEST-CHILD_VM=[1]-CLUSTER_SEED=[7681506677330870279]-HASH=[2654A95C8CC0]-cluster]}, ping_response{node [{node_t0}{RuBiuqtkQm2dP64SVfJtEw}{127.0.0.1}{127.0.0.1:30236}[mode=>network]], id[1213], master [null], hasJoinedOnce [true], cluster_name[TEST-CHILD_VM=[1]-CLUSTER_SEED=[7681506677330870279]-HASH=[2654A95C8CC0]-cluster]}, ping_response{node [{node_t3}{mGmZS4sXSFijJZ9-KMznMw}{127.0.0.1}{127.0.0.1:30239}[mode=>network]], id[1216], master [{node_t2}{GWh7hfd7SKGr7WmeXEQE-A}{127.0.0.1}{127.0.0.1:30238}[mode=>network]], hasJoinedOnce [true], cluster_name[TEST-CHILD_VM=[1]-CLUSTER_SEED=[7681506677330870279]-HASH=[2654A95C8CC0]-cluster]}]
[2016-04-18 03:04:44,114][TRACE][org.elasticsearch.discovery.zen.ping.unicast] [node_t0] [2] received response from {node_t1}{sYyNIAWbQgubikMHt73xvg}{127.0.0.1}{127.0.0.1:30237}[mode=>network]: [ping_response{node [{node_t0}{RuBiuqtkQm2dP64SVfJtEw}{127.0.0.1}{127.0.0.1:30236}[mode=>network]], id[1208], master [{node_t2}{GWh7hfd7SKGr7WmeXEQE-A}{127.0.0.1}{127.0.0.1:30238}[mode=>network]], hasJoinedOnce [true], cluster_name[TEST-CHILD_VM=[1]-CLUSTER_SEED=[7681506677330870279]-HASH=[2654A95C8CC0]-cluster]}, ping_response{node [{node_t0}{RuBiuqtkQm2dP64SVfJtEw}{127.0.0.1}{127.0.0.1:30236}[mode=>network]], id[1213], master [null], hasJoinedOnce [true], cluster_name[TEST-CHILD_VM=[1]-CLUSTER_SEED=[7681506677330870279]-HASH=[2654A95C8CC0]-cluster]}, ping_response{node [{node_t1}{sYyNIAWbQgubikMHt73xvg}{127.0.0.1}{127.0.0.1:30237}[mode=>network]], id[1217], master [{node_t2}{GWh7hfd7SKGr7WmeXEQE-A}{127.0.0.1}{127.0.0.1:30238}[mode=>network]], hasJoinedOnce [true], cluster_name[TEST-CHILD_VM=[1]-CLUSTER_SEED=[7681506677330870279]-HASH=[2654A95C8CC0]-cluster]}]
[2016-04-18 03:04:45,614][TRACE][org.elasticsearch.discovery.zen.ping.unicast] [node_t0] [2] sending to {node_t0}{RuBiuqtkQm2dP64SVfJtEw}{127.0.0.1}{127.0.0.1:30236}[mode=>network]
[2016-04-18 03:04:45,614][TRACE][org.elasticsearch.discovery.zen.ping.unicast] [node_t0] [2] received response from {node_t0}{RuBiuqtkQm2dP64SVfJtEw}{127.0.0.1}{127.0.0.1:30236}[mode=>network]: [ping_response{node [{node_t0}{RuBiuqtkQm2dP64SVfJtEw}{127.0.0.1}{127.0.0.1:30236}[mode=>network]], id[1208], master [{node_t2}{GWh7hfd7SKGr7WmeXEQE-A}{127.0.0.1}{127.0.0.1:30238}[mode=>network]], hasJoinedOnce [true], cluster_name[TEST-CHILD_VM=[1]-CLUSTER_SEED=[7681506677330870279]-HASH=[2654A95C8CC0]-cluster]}, ping_response{node [{node_t0}{RuBiuqtkQm2dP64SVfJtEw}{127.0.0.1}{127.0.0.1:30236}[mode=>network]], id[1208], master [{node_t2}{GWh7hfd7SKGr7WmeXEQE-A}{127.0.0.1}{127.0.0.1:30238}[mode=>network]], hasJoinedOnce [true], cluster_name[TEST-CHILD_VM=[1]-CLUSTER_SEED=[7681506677330870279]-HASH=[2654A95C8CC0]-cluster]}, ping_response{node [{node_t0}{RuBiuqtkQm2dP64SVfJtEw}{127.0.0.1}{127.0.0.1:30236}[mode=>network]], id[1213], master [null], hasJoinedOnce [true], cluster_name[TEST-CHILD_VM=[1]-CLUSTER_SEED=[7681506677330870279]-HASH=[2654A95C8CC0]-cluster]}, ping_response{node [{node_t0}{RuBiuqtkQm2dP64SVfJtEw}{127.0.0.1}{127.0.0.1:30236}[mode=>network]], id[1213], master [null], hasJoinedOnce [true], cluster_name[TEST-CHILD_VM=[1]-CLUSTER_SEED=[7681506677330870279]-HASH=[2654A95C8CC0]-cluster]}, ping_response{node [{node_t0}{RuBiuqtkQm2dP64SVfJtEw}{127.0.0.1}{127.0.0.1:30236}[mode=>network]], id[1218], master [null], hasJoinedOnce [true], cluster_name[TEST-CHILD_VM=[1]-CLUSTER_SEED=[7681506677330870279]-HASH=[2654A95C8CC0]-cluster]}, ping_response{node [{node_t0}{RuBiuqtkQm2dP64SVfJtEw}{127.0.0.1}{127.0.0.1:30236}[mode=>network]], id[1219], master [null], hasJoinedOnce [true], cluster_name[TEST-CHILD_VM=[1]-CLUSTER_SEED=[7681506677330870279]-HASH=[2654A95C8CC0]-cluster]}]
[2016-04-18 03:04:45,614][TRACE][org.elasticsearch.discovery.zen.ping.unicast] [node_t0] [2] sending to {node_t0}{RuBiuqtkQm2dP64SVfJtEw}{127.0.0.1}{127.0.0.1:30236}[mode=>network]
[2016-04-18 03:04:45,614][TRACE][org.elasticsearch.discovery.zen.ping.unicast] [node_t0] [2] received response from {node_t0}{RuBiuqtkQm2dP64SVfJtEw}{127.0.0.1}{127.0.0.1:30236}[mode=>network]: [ping_response{node [{node_t0}{RuBiuqtkQm2dP64SVfJtEw}{127.0.0.1}{127.0.0.1:30236}[mode=>network]], id[1208], master [{node_t2}{GWh7hfd7SKGr7WmeXEQE-A}{127.0.0.1}{127.0.0.1:30238}[mode=>network]], hasJoinedOnce [true], cluster_name[TEST-CHILD_VM=[1]-CLUSTER_SEED=[7681506677330870279]-HASH=[2654A95C8CC0]-cluster]}, ping_response{node [{node_t0}{RuBiuqtkQm2dP64SVfJtEw}{127.0.0.1}{127.0.0.1:30236}[mode=>network]], id[1208], master [{node_t2}{GWh7hfd7SKGr7WmeXEQE-A}{127.0.0.1}{127.0.0.1:30238}[mode=>network]], hasJoinedOnce [true], cluster_name[TEST-CHILD_VM=[1]-CLUSTER_SEED=[7681506677330870279]-HASH=[2654A95C8CC0]-cluster]}, ping_response{node [{node_t0}{RuBiuqtkQm2dP64SVfJtEw}{127.0.0.1}{127.0.0.1:30236}[mode=>network]], id[1213], master [null], hasJoinedOnce [true], cluster_name[TEST-CHILD_VM=[1]-CLUSTER_SEED=[7681506677330870279]-HASH=[2654A95C8CC0]-cluster]}, ping_response{node [{node_t0}{RuBiuqtkQm2dP64SVfJtEw}{127.0.0.1}{127.0.0.1:30236}[mode=>network]], id[1213], master [null], hasJoinedOnce [true], cluster_name[TEST-CHILD_VM=[1]-CLUSTER_SEED=[7681506677330870279]-HASH=[2654A95C8CC0]-cluster]}, ping_response{node [{node_t0}{RuBiuqtkQm2dP64SVfJtEw}{127.0.0.1}{127.0.0.1:30236}[mode=>network]], id[1218], master [null], hasJoinedOnce [true], cluster_name[TEST-CHILD_VM=[1]-CLUSTER_SEED=[7681506677330870279]-HASH=[2654A95C8CC0]-cluster]}, ping_response{node [{node_t0}{RuBiuqtkQm2dP64SVfJtEw}{127.0.0.1}{127.0.0.1:30236}[mode=>network]], id[1218], master [null], hasJoinedOnce [true], cluster_name[TEST-CHILD_VM=[1]-CLUSTER_SEED=[7681506677330870279]-HASH=[2654A95C8CC0]-cluster]}, ping_response{node [{node_t0}{RuBiuqtkQm2dP64SVfJtEw}{127.0.0.1}{127.0.0.1:30236}[mode=>network]], id[1220], master [null], hasJoinedOnce [true], cluster_name[TEST-CHILD_VM=[1]-CLUSTER_SEED=[7681506677330870279]-HASH=[2654A95C8CC0]-cluster]}]
[2016-04-18 03:04:45,614][TRACE][org.elasticsearch.discovery.zen.ping.unicast] [node_t0] [2] sending to {node_t3}{mGmZS4sXSFijJZ9-KMznMw}{127.0.0.1}{127.0.0.1:30239}[mode=>network]
[2016-04-18 03:04:45,614][TRACE][org.elasticsearch.discovery.zen.ping.unicast] [node_t0] [2] sending to {node_t1}{sYyNIAWbQgubikMHt73xvg}{127.0.0.1}{127.0.0.1:30237}[mode=>network]
[2016-04-18 03:04:45,614][TRACE][org.elasticsearch.discovery.zen.ping.unicast] [node_t0] [2] received response from {node_t3}{mGmZS4sXSFijJZ9-KMznMw}{127.0.0.1}{127.0.0.1:30239}[mode=>network]: [ping_response{node [{node_t0}{RuBiuqtkQm2dP64SVfJtEw}{127.0.0.1}{127.0.0.1:30236}[mode=>network]], id[1208], master [{node_t2}{GWh7hfd7SKGr7WmeXEQE-A}{127.0.0.1}{127.0.0.1:30238}[mode=>network]], hasJoinedOnce [true], cluster_name[TEST-CHILD_VM=[1]-CLUSTER_SEED=[7681506677330870279]-HASH=[2654A95C8CC0]-cluster]}, ping_response{node [{node_t0}{RuBiuqtkQm2dP64SVfJtEw}{127.0.0.1}{127.0.0.1:30236}[mode=>network]], id[1213], master [null], hasJoinedOnce [true], cluster_name[TEST-CHILD_VM=[1]-CLUSTER_SEED=[7681506677330870279]-HASH=[2654A95C8CC0]-cluster]}, ping_response{node [{node_t0}{RuBiuqtkQm2dP64SVfJtEw}{127.0.0.1}{127.0.0.1:30236}[mode=>network]], id[1218], master [null], hasJoinedOnce [true], cluster_name[TEST-CHILD_VM=[1]-CLUSTER_SEED=[7681506677330870279]-HASH=[2654A95C8CC0]-cluster]}, ping_response{node [{node_t3}{mGmZS4sXSFijJZ9-KMznMw}{127.0.0.1}{127.0.0.1:30239}[mode=>network]], id[1221], master [{node_t2}{GWh7hfd7SKGr7WmeXEQE-A}{127.0.0.1}{127.0.0.1:30238}[mode=>network]], hasJoinedOnce [true], cluster_name[TEST-CHILD_VM=[1]-CLUSTER_SEED=[7681506677330870279]-HASH=[2654A95C8CC0]-cluster]}]
[2016-04-18 03:04:45,614][TRACE][org.elasticsearch.discovery.zen.ping.unicast] [node_t0] [2] received response from {node_t1}{sYyNIAWbQgubikMHt73xvg}{127.0.0.1}{127.0.0.1:30237}[mode=>network]: [ping_response{node [{node_t0}{RuBiuqtkQm2dP64SVfJtEw}{127.0.0.1}{127.0.0.1:30236}[mode=>network]], id[1208], master [{node_t2}{GWh7hfd7SKGr7WmeXEQE-A}{127.0.0.1}{127.0.0.1:30238}[mode=>network]], hasJoinedOnce [true], cluster_name[TEST-CHILD_VM=[1]-CLUSTER_SEED=[7681506677330870279]-HASH=[2654A95C8CC0]-cluster]}, ping_response{node [{node_t0}{RuBiuqtkQm2dP64SVfJtEw}{127.0.0.1}{127.0.0.1:30236}[mode=>network]], id[1213], master [null], hasJoinedOnce [true], cluster_name[TEST-CHILD_VM=[1]-CLUSTER_SEED=[7681506677330870279]-HASH=[2654A95C8CC0]-cluster]}, ping_response{node [{node_t0}{RuBiuqtkQm2dP64SVfJtEw}{127.0.0.1}{127.0.0.1:30236}[mode=>network]], id[1218], master [null], hasJoinedOnce [true], cluster_name[TEST-CHILD_VM=[1]-CLUSTER_SEED=[7681506677330870279]-HASH=[2654A95C8CC0]-cluster]}, ping_response{node [{node_t1}{sYyNIAWbQgubikMHt73xvg}{127.0.0.1}{127.0.0.1:30237}[mode=>network]], id[1222], master [{node_t2}{GWh7hfd7SKGr7WmeXEQE-A}{127.0.0.1}{127.0.0.1:30238}[mode=>network]], hasJoinedOnce [true], cluster_name[TEST-CHILD_VM=[1]-CLUSTER_SEED=[7681506677330870279]-HASH=[2654A95C8CC0]-cluster]}]
[2016-04-18 03:04:45,615][TRACE][org.elasticsearch.discovery.zen] [node_t0] full ping responses:
	--> ping_response{node [{node_t3}{mGmZS4sXSFijJZ9-KMznMw}{127.0.0.1}{127.0.0.1:30239}[mode=>network]], id[1221], master [{node_t2}{GWh7hfd7SKGr7WmeXEQE-A}{127.0.0.1}{127.0.0.1:30238}[mode=>network]], hasJoinedOnce [true], cluster_name[TEST-CHILD_VM=[1]-CLUSTER_SEED=[7681506677330870279]-HASH=[2654A95C8CC0]-cluster]}
	--> ping_response{node [{node_t1}{sYyNIAWbQgubikMHt73xvg}{127.0.0.1}{127.0.0.1:30237}[mode=>network]], id[1222], master [{node_t2}{GWh7hfd7SKGr7WmeXEQE-A}{127.0.0.1}{127.0.0.1:30238}[mode=>network]], hasJoinedOnce [true], cluster_name[TEST-CHILD_VM=[1]-CLUSTER_SEED=[7681506677330870279]-HASH=[2654A95C8CC0]-cluster]}
[2016-04-18 03:04:45,615][DEBUG][org.elasticsearch.discovery.zen] [node_t0] filtered ping responses: (filter_client[true], filter_data[false])
	--> ping_response{node [{node_t3}{mGmZS4sXSFijJZ9-KMznMw}{127.0.0.1}{127.0.0.1:30239}[mode=>network]], id[1221], master [{node_t2}{GWh7hfd7SKGr7WmeXEQE-A}{127.0.0.1}{127.0.0.1:30238}[mode=>network]], hasJoinedOnce [true], cluster_name[TEST-CHILD_VM=[1]-CLUSTER_SEED=[7681506677330870279]-HASH=[2654A95C8CC0]-cluster]}
	--> ping_response{node [{node_t1}{sYyNIAWbQgubikMHt73xvg}{127.0.0.1}{127.0.0.1:30237}[mode=>network]], id[1222], master [{node_t2}{GWh7hfd7SKGr7WmeXEQE-A}{127.0.0.1}{127.0.0.1:30238}[mode=>network]], hasJoinedOnce [true], cluster_name[TEST-CHILD_VM=[1]-CLUSTER_SEED=[7681506677330870279]-HASH=[2654A95C8CC0]-cluster]}
[2016-04-18 03:04:45,615][TRACE][org.elasticsearch.discovery.zen] [node_t0] adding local node to the list of active nodes who has previously joined the cluster (joins counter is [1})
[2016-04-18 03:04:45,615][TRACE][org.elasticsearch.discovery.zen] [node_t0] stopping join accumulation ([not master])
[2016-04-18 03:04:45,616][TRACE][org.elasticsearch.discovery.zen] [node_t0] joining master {node_t2}{GWh7hfd7SKGr7WmeXEQE-A}{127.0.0.1}{127.0.0.1:30238}[mode=>network]
[2016-04-18 03:04:45,618][TRACE][org.elasticsearch.cluster.service] [node_t2] will process [zen-disco-join(join from node[{node_t0}{RuBiuqtkQm2dP64SVfJtEw}{127.0.0.1}{127.0.0.1:30236}[mode=>network]])]
[2016-04-18 03:04:45,618][DEBUG][org.elasticsearch.cluster.service] [node_t2] processing [zen-disco-join(join from node[{node_t0}{RuBiuqtkQm2dP64SVfJtEw}{127.0.0.1}{127.0.0.1:30236}[mode=>network]])]: execute
[2016-04-18 03:04:45,618][TRACE][org.elasticsearch.cluster.service] [node_t2] cluster state updated, source [zen-disco-join(join from node[{node_t0}{RuBiuqtkQm2dP64SVfJtEw}{127.0.0.1}{127.0.0.1:30236}[mode=>network]])]
version: 5
state uuid: bwldKfyrTxqc4DQokhX6Lw
from_diff: false
meta data version: 1
nodes: 
   {node_t0}{RuBiuqtkQm2dP64SVfJtEw}{127.0.0.1}{127.0.0.1:30236}[mode=>network]
   {node_t1}{sYyNIAWbQgubikMHt73xvg}{127.0.0.1}{127.0.0.1:30237}[mode=>network]
   {node_t2}{GWh7hfd7SKGr7WmeXEQE-A}{127.0.0.1}{127.0.0.1:30238}[mode=>network], local, master
   {node_t3}{mGmZS4sXSFijJZ9-KMznMw}{127.0.0.1}{127.0.0.1:30239}[mode=>network]
routing_table (version 1):
routing_nodes:
-----node_id[mGmZS4sXSFijJZ9-KMznMw][V]
-----node_id[sYyNIAWbQgubikMHt73xvg][V]
-----node_id[RuBiuqtkQm2dP64SVfJtEw][V]
-----node_id[GWh7hfd7SKGr7WmeXEQE-A][V]
---- unassigned

[2016-04-18 03:04:45,618][INFO ][org.elasticsearch.cluster.service] [node_t2] added {{node_t0}{RuBiuqtkQm2dP64SVfJtEw}{127.0.0.1}{127.0.0.1:30236}[mode=>network],}, reason: zen-disco-join(join from node[{node_t0}{RuBiuqtkQm2dP64SVfJtEw}{127.0.0.1}{127.0.0.1:30236}[mode=>network]])
[2016-04-18 03:04:45,618][DEBUG][org.elasticsearch.cluster.service] [node_t2] publishing cluster state version [5]
[2016-04-18 03:04:45,619][DEBUG][org.elasticsearch.discovery.zen.publish] [node_t3] received diff cluster state version [5] with uuid [bwldKfyrTxqc4DQokhX6Lw], diff size [333]
[2016-04-18 03:04:45,619][DEBUG][org.elasticsearch.discovery.zen.publish] [node_t1] received diff cluster state version [5] with uuid [bwldKfyrTxqc4DQokhX6Lw], diff size [333]
[2016-04-18 03:04:45,619][DEBUG][org.elasticsearch.discovery.zen.publish] [node_t0] received full cluster state version [5] with size [315]
[2016-04-18 03:04:45,619][TRACE][org.elasticsearch.discovery.zen.publish] [node_t2] master node {node_t3}{mGmZS4sXSFijJZ9-KMznMw}{127.0.0.1}{127.0.0.1:30239}[mode=>network] acked cluster state version [5]. processing ... (current pending [3], needed [2])
[2016-04-18 03:04:45,619][TRACE][org.elasticsearch.discovery.zen.publish] [node_t2] master node {node_t1}{sYyNIAWbQgubikMHt73xvg}{127.0.0.1}{127.0.0.1:30237}[mode=>network] acked cluster state version [5]. processing ... (current pending [2], needed [1])
[2016-04-18 03:04:45,619][TRACE][org.elasticsearch.discovery.zen.publish] [node_t2] committing version [5]
[2016-04-18 03:04:45,619][TRACE][org.elasticsearch.discovery.zen.publish] [node_t2] sending commit for cluster state (uuid: [bwldKfyrTxqc4DQokhX6Lw], version [5]) to [{node_t3}{mGmZS4sXSFijJZ9-KMznMw}{127.0.0.1}{127.0.0.1:30239}[mode=>network]]
[2016-04-18 03:04:45,619][TRACE][org.elasticsearch.discovery.zen.publish] [node_t2] sending commit for cluster state (uuid: [bwldKfyrTxqc4DQokhX6Lw], version [5]) to [{node_t1}{sYyNIAWbQgubikMHt73xvg}{127.0.0.1}{127.0.0.1:30237}[mode=>network]]
[2016-04-18 03:04:45,619][TRACE][org.elasticsearch.discovery.zen.publish] [node_t2] sending commit for cluster state (uuid: [bwldKfyrTxqc4DQokhX6Lw], version [5]) to [{node_t0}{RuBiuqtkQm2dP64SVfJtEw}{127.0.0.1}{127.0.0.1:30236}[mode=>network]]
[2016-04-18 03:04:45,619][TRACE][org.elasticsearch.cluster.service] [node_t1] will process [zen-disco-receive(from master [master {node_t2}{GWh7hfd7SKGr7WmeXEQE-A}{127.0.0.1}{127.0.0.1:30238}[mode=>network] committed version [5]])]
[2016-04-18 03:04:45,619][TRACE][org.elasticsearch.cluster.service] [node_t3] will process [zen-disco-receive(from master [master {node_t2}{GWh7hfd7SKGr7WmeXEQE-A}{127.0.0.1}{127.0.0.1:30238}[mode=>network] committed version [5]])]
[2016-04-18 03:04:45,619][DEBUG][org.elasticsearch.cluster.service] [node_t1] processing [zen-disco-receive(from master [master {node_t2}{GWh7hfd7SKGr7WmeXEQE-A}{127.0.0.1}{127.0.0.1:30238}[mode=>network] committed version [5]])]: execute
[2016-04-18 03:04:45,620][TRACE][org.elasticsearch.cluster.service] [node_t0] will process [zen-disco-receive(from master [master {node_t2}{GWh7hfd7SKGr7WmeXEQE-A}{127.0.0.1}{127.0.0.1:30238}[mode=>network] committed version [5]])]
[2016-04-18 03:04:45,619][DEBUG][org.elasticsearch.cluster.service] [node_t3] processing [zen-disco-receive(from master [master {node_t2}{GWh7hfd7SKGr7WmeXEQE-A}{127.0.0.1}{127.0.0.1:30238}[mode=>network] committed version [5]])]: execute
[2016-04-18 03:04:45,620][TRACE][org.elasticsearch.cluster.service] [node_t1] cluster state updated, source [zen-disco-receive(from master [master {node_t2}{GWh7hfd7SKGr7WmeXEQE-A}{127.0.0.1}{127.0.0.1:30238}[mode=>network] committed version [5]])]
version: 5
state uuid: bwldKfyrTxqc4DQokhX6Lw
from_diff: false
meta data version: 1
nodes: 
   {node_t0}{RuBiuqtkQm2dP64SVfJtEw}{127.0.0.1}{127.0.0.1:30236}[mode=>network]
   {node_t1}{sYyNIAWbQgubikMHt73xvg}{127.0.0.1}{127.0.0.1:30237}[mode=>network], local
   {node_t2}{GWh7hfd7SKGr7WmeXEQE-A}{127.0.0.1}{127.0.0.1:30238}[mode=>network], master
   {node_t3}{mGmZS4sXSFijJZ9-KMznMw}{127.0.0.1}{127.0.0.1:30239}[mode=>network]
routing_table (version 1):
routing_nodes:
-----node_id[mGmZS4sXSFijJZ9-KMznMw][V]
-----node_id[sYyNIAWbQgubikMHt73xvg][V]
-----node_id[RuBiuqtkQm2dP64SVfJtEw][V]
-----node_id[GWh7hfd7SKGr7WmeXEQE-A][V]
---- unassigned

[2016-04-18 03:04:45,620][TRACE][org.elasticsearch.cluster.service] [node_t3] cluster state updated, source [zen-disco-receive(from master [master {node_t2}{GWh7hfd7SKGr7WmeXEQE-A}{127.0.0.1}{127.0.0.1:30238}[mode=>network] committed version [5]])]
version: 5
state uuid: bwldKfyrTxqc4DQokhX6Lw
from_diff: false
meta data version: 1
nodes: 
   {node_t0}{RuBiuqtkQm2dP64SVfJtEw}{127.0.0.1}{127.0.0.1:30236}[mode=>network]
   {node_t1}{sYyNIAWbQgubikMHt73xvg}{127.0.0.1}{127.0.0.1:30237}[mode=>network]
   {node_t2}{GWh7hfd7SKGr7WmeXEQE-A}{127.0.0.1}{127.0.0.1:30238}[mode=>network], master
   {node_t3}{mGmZS4sXSFijJZ9-KMznMw}{127.0.0.1}{127.0.0.1:30239}[mode=>network], local
routing_table (version 1):
routing_nodes:
-----node_id[mGmZS4sXSFijJZ9-KMznMw][V]
-----node_id[sYyNIAWbQgubikMHt73xvg][V]
-----node_id[RuBiuqtkQm2dP64SVfJtEw][V]
-----node_id[GWh7hfd7SKGr7WmeXEQE-A][V]
---- unassigned

[2016-04-18 03:04:45,620][DEBUG][org.elasticsearch.cluster.service] [node_t0] processing [zen-disco-receive(from master [master {node_t2}{GWh7hfd7SKGr7WmeXEQE-A}{127.0.0.1}{127.0.0.1:30238}[mode=>network] committed version [5]])]: execute
[2016-04-18 03:04:45,620][INFO ][org.elasticsearch.cluster.service] [node_t3] added {{node_t0}{RuBiuqtkQm2dP64SVfJtEw}{127.0.0.1}{127.0.0.1:30236}[mode=>network],}, reason: zen-disco-receive(from master [master {node_t2}{GWh7hfd7SKGr7WmeXEQE-A}{127.0.0.1}{127.0.0.1:30238}[mode=>network] committed version [5]])
[2016-04-18 03:04:45,620][INFO ][org.elasticsearch.cluster.service] [node_t1] added {{node_t0}{RuBiuqtkQm2dP64SVfJtEw}{127.0.0.1}{127.0.0.1:30236}[mode=>network],}, reason: zen-disco-receive(from master [master {node_t2}{GWh7hfd7SKGr7WmeXEQE-A}{127.0.0.1}{127.0.0.1:30238}[mode=>network] committed version [5]])
[2016-04-18 03:04:45,620][DEBUG][org.elasticsearch.discovery.zen.fd] [node_t0] [master] restarting fault detection against master [{node_t2}{GWh7hfd7SKGr7WmeXEQE-A}{127.0.0.1}{127.0.0.1:30238}[mode=>network]], reason [new cluster state received and we are monitoring the wrong master [null]]
[2016-04-18 03:04:45,620][DEBUG][org.elasticsearch.discovery.zen] [node_t0] got first state from fresh master [GWh7hfd7SKGr7WmeXEQE-A]
[2016-04-18 03:04:45,620][TRACE][org.elasticsearch.discovery.zen] [node_t0] updated cluster join cluster to [2]
[2016-04-18 03:04:45,620][TRACE][org.elasticsearch.cluster.service] [node_t0] cluster state updated, source [zen-disco-receive(from master [master {node_t2}{GWh7hfd7SKGr7WmeXEQE-A}{127.0.0.1}{127.0.0.1:30238}[mode=>network] committed version [5]])]
version: 5
state uuid: bwldKfyrTxqc4DQokhX6Lw
from_diff: false
meta data version: 1
nodes: 
   {node_t0}{RuBiuqtkQm2dP64SVfJtEw}{127.0.0.1}{127.0.0.1:30236}[mode=>network], local
   {node_t1}{sYyNIAWbQgubikMHt73xvg}{127.0.0.1}{127.0.0.1:30237}[mode=>network]
   {node_t2}{GWh7hfd7SKGr7WmeXEQE-A}{127.0.0.1}{127.0.0.1:30238}[mode=>network], master
   {node_t3}{mGmZS4sXSFijJZ9-KMznMw}{127.0.0.1}{127.0.0.1:30239}[mode=>network]
routing_table (version 1):
routing_nodes:
-----node_id[mGmZS4sXSFijJZ9-KMznMw][V]
-----node_id[sYyNIAWbQgubikMHt73xvg][V]
-----node_id[RuBiuqtkQm2dP64SVfJtEw][V]
-----node_id[GWh7hfd7SKGr7WmeXEQE-A][V]
---- unassigned

[2016-04-18 03:04:45,620][INFO ][org.elasticsearch.cluster.service] [node_t0] detected_master {node_t2}{GWh7hfd7SKGr7WmeXEQE-A}{127.0.0.1}{127.0.0.1:30238}[mode=>network], added {{node_t2}{GWh7hfd7SKGr7WmeXEQE-A}{127.0.0.1}{127.0.0.1:30238}[mode=>network],}, reason: zen-disco-receive(from master [master {node_t2}{GWh7hfd7SKGr7WmeXEQE-A}{127.0.0.1}{127.0.0.1:30238}[mode=>network] committed version [5]])
[2016-04-18 03:04:45,620][DEBUG][org.elasticsearch.cluster.service] [node_t0] set local cluster state to version 5
[2016-04-18 03:04:45,621][DEBUG][org.elasticsearch.cluster.service] [node_t0] processing [zen-disco-receive(from master [master {node_t2}{GWh7hfd7SKGr7WmeXEQE-A}{127.0.0.1}{127.0.0.1:30238}[mode=>network] committed version [5]])]: took 0s done applying updated cluster_state (version: 5, uuid: bwldKfyrTxqc4DQokhX6Lw)
[2016-04-18 03:04:45,622][DEBUG][org.elasticsearch.cluster.service] [node_t3] set local cluster state to version 5
[2016-04-18 03:04:45,622][DEBUG][org.elasticsearch.cluster.service] [node_t1] set local cluster state to version 5
[2016-04-18 03:04:45,622][DEBUG][org.elasticsearch.cluster.service] [node_t3] processing [zen-disco-receive(from master [master {node_t2}{GWh7hfd7SKGr7WmeXEQE-A}{127.0.0.1}{127.0.0.1:30238}[mode=>network] committed version [5]])]: took 2ms done applying updated cluster_state (version: 5, uuid: bwldKfyrTxqc4DQokhX6Lw)
[2016-04-18 03:04:45,622][DEBUG][org.elasticsearch.cluster.service] [node_t1] processing [zen-disco-receive(from master [master {node_t2}{GWh7hfd7SKGr7WmeXEQE-A}{127.0.0.1}{127.0.0.1:30238}[mode=>network] committed version [5]])]: took 2ms done applying updated cluster_state (version: 5, uuid: bwldKfyrTxqc4DQokhX6Lw)
[2016-04-18 03:04:45,623][DEBUG][org.elasticsearch.cluster.service] [node_t2] set local cluster state to version 5
[2016-04-18 03:04:45,623][DEBUG][org.elasticsearch.cluster.service] [node_t2] processing [zen-disco-join(join from node[{node_t0}{RuBiuqtkQm2dP64SVfJtEw}{127.0.0.1}{127.0.0.1:30236}[mode=>network]])]: took 4ms done applying updated cluster_state (version: 5, uuid: bwldKfyrTxqc4DQokhX6Lw)
[2016-04-18 03:04:45,623][TRACE][org.elasticsearch.cluster.service] [node_t2] will process [cluster_reroute(post_node_add)]
[2016-04-18 03:04:45,623][DEBUG][org.elasticsearch.cluster.service] [node_t2] processing [cluster_reroute(post_node_add)]: execute
[2016-04-18 03:04:45,623][DEBUG][org.elasticsearch.cluster.service] [node_t2] processing [cluster_reroute(post_node_add)]: took 0s no change in cluster_state
[2016-04-18 03:04:45,623][TRACE][org.elasticsearch.cluster.service] [node_t0] will process [finalize_join ({node_t2}{GWh7hfd7SKGr7WmeXEQE-A}{127.0.0.1}{127.0.0.1:30238}[mode=>network])]
[2016-04-18 03:04:45,623][DEBUG][org.elasticsearch.cluster.service] [node_t0] processing [finalize_join ({node_t2}{GWh7hfd7SKGr7WmeXEQE-A}{127.0.0.1}{127.0.0.1:30238}[mode=>network])]: execute
[2016-04-18 03:04:45,623][DEBUG][org.elasticsearch.cluster.service] [node_t0] processing [finalize_join ({node_t2}{GWh7hfd7SKGr7WmeXEQE-A}{127.0.0.1}{127.0.0.1:30238}[mode=>network])]: took 0s no change in cluster_state
[2016-04-18 03:04:45,627][TRACE][org.elasticsearch.cluster.service] [node_t2] will process [delete_repository [*]]
[2016-04-18 03:04:45,627][DEBUG][org.elasticsearch.cluster.service] [node_t2] processing [delete_repository [*]]: execute
[2016-04-18 03:04:45,627][DEBUG][org.elasticsearch.cluster.service] [node_t2] processing [delete_repository [*]]: took 0s no change in cluster_state
[2016-04-18 03:04:45,627][DEBUG][org.elasticsearch.discovery.zen.fd] [node_t0] [master] stopping fault detection against master [{node_t2}{GWh7hfd7SKGr7WmeXEQE-A}{127.0.0.1}{127.0.0.1:30238}[mode=>network]], reason [zen disco stop]
[2016-04-18 03:04:45,628][TRACE][org.elasticsearch.cluster.service] [node_t2] will process [zen-disco-node_left({node_t0}{RuBiuqtkQm2dP64SVfJtEw}{127.0.0.1}{127.0.0.1:30236}[mode=>network])]
[2016-04-18 03:04:45,628][DEBUG][org.elasticsearch.cluster.service] [node_t2] processing [zen-disco-node_left({node_t0}{RuBiuqtkQm2dP64SVfJtEw}{127.0.0.1}{127.0.0.1:30236}[mode=>network])]: execute
[2016-04-18 03:04:45,628][TRACE][org.elasticsearch.cluster.service] [node_t2] cluster state updated, source [zen-disco-node_left({node_t0}{RuBiuqtkQm2dP64SVfJtEw}{127.0.0.1}{127.0.0.1:30236}[mode=>network])]
version: 6
state uuid: vbdfLOl0R1q_fd8DtFmrXw
from_diff: false
meta data version: 1
nodes: 
   {node_t1}{sYyNIAWbQgubikMHt73xvg}{127.0.0.1}{127.0.0.1:30237}[mode=>network]
   {node_t2}{GWh7hfd7SKGr7WmeXEQE-A}{127.0.0.1}{127.0.0.1:30238}[mode=>network], local, master
   {node_t3}{mGmZS4sXSFijJZ9-KMznMw}{127.0.0.1}{127.0.0.1:30239}[mode=>network]
routing_table (version 1):
routing_nodes:
-----node_id[mGmZS4sXSFijJZ9-KMznMw][V]
-----node_id[sYyNIAWbQgubikMHt73xvg][V]
-----node_id[GWh7hfd7SKGr7WmeXEQE-A][V]
---- unassigned

[2016-04-18 03:04:45,628][INFO ][org.elasticsearch.cluster.service] [node_t2] removed {{node_t0}{RuBiuqtkQm2dP64SVfJtEw}{127.0.0.1}{127.0.0.1:30236}[mode=>network],}, reason: zen-disco-node_left({node_t0}{RuBiuqtkQm2dP64SVfJtEw}{127.0.0.1}{127.0.0.1:30236}[mode=>network])
[2016-04-18 03:04:45,628][DEBUG][org.elasticsearch.cluster.service] [node_t2] publishing cluster state version [6]
[2016-04-18 03:04:45,629][DEBUG][org.elasticsearch.discovery.zen.publish] [node_t3] received diff cluster state version [6] with uuid [vbdfLOl0R1q_fd8DtFmrXw], diff size [307]
[2016-04-18 03:04:45,629][DEBUG][org.elasticsearch.discovery.zen.publish] [node_t1] received diff cluster state version [6] with uuid [vbdfLOl0R1q_fd8DtFmrXw], diff size [307]
[2016-04-18 03:04:45,629][TRACE][org.elasticsearch.discovery.zen.publish] [node_t2] master node {node_t3}{mGmZS4sXSFijJZ9-KMznMw}{127.0.0.1}{127.0.0.1:30239}[mode=>network] acked cluster state version [6]. processing ... (current pending [2], needed [2])
[2016-04-18 03:04:45,629][TRACE][org.elasticsearch.discovery.zen.publish] [node_t2] master node {node_t1}{sYyNIAWbQgubikMHt73xvg}{127.0.0.1}{127.0.0.1:30237}[mode=>network] acked cluster state version [6]. processing ... (current pending [1], needed [1])
[2016-04-18 03:04:45,629][TRACE][org.elasticsearch.discovery.zen.publish] [node_t2] committing version [6]
[2016-04-18 03:04:45,629][TRACE][org.elasticsearch.discovery.zen.publish] [node_t2] sending commit for cluster state (uuid: [vbdfLOl0R1q_fd8DtFmrXw], version [6]) to [{node_t3}{mGmZS4sXSFijJZ9-KMznMw}{127.0.0.1}{127.0.0.1:30239}[mode=>network]]
[2016-04-18 03:04:45,629][TRACE][org.elasticsearch.discovery.zen.publish] [node_t2] sending commit for cluster state (uuid: [vbdfLOl0R1q_fd8DtFmrXw], version [6]) to [{node_t1}{sYyNIAWbQgubikMHt73xvg}{127.0.0.1}{127.0.0.1:30237}[mode=>network]]
[2016-04-18 03:04:45,630][TRACE][org.elasticsearch.cluster.service] [node_t3] will process [zen-disco-receive(from master [master {node_t2}{GWh7hfd7SKGr7WmeXEQE-A}{127.0.0.1}{127.0.0.1:30238}[mode=>network] committed version [6]])]
[2016-04-18 03:04:45,630][TRACE][org.elasticsearch.cluster.service] [node_t1] will process [zen-disco-receive(from master [master {node_t2}{GWh7hfd7SKGr7WmeXEQE-A}{127.0.0.1}{127.0.0.1:30238}[mode=>network] committed version [6]])]
[2016-04-18 03:04:45,630][DEBUG][org.elasticsearch.cluster.service] [node_t3] processing [zen-disco-receive(from master [master {node_t2}{GWh7hfd7SKGr7WmeXEQE-A}{127.0.0.1}{127.0.0.1:30238}[mode=>network] committed version [6]])]: execute
[2016-04-18 03:04:45,630][DEBUG][org.elasticsearch.cluster.service] [node_t1] processing [zen-disco-receive(from master [master {node_t2}{GWh7hfd7SKGr7WmeXEQE-A}{127.0.0.1}{127.0.0.1:30238}[mode=>network] committed version [6]])]: execute
[2016-04-18 03:04:45,630][TRACE][org.elasticsearch.cluster.service] [node_t3] cluster state updated, source [zen-disco-receive(from master [master {node_t2}{GWh7hfd7SKGr7WmeXEQE-A}{127.0.0.1}{127.0.0.1:30238}[mode=>network] committed version [6]])]
version: 6
state uuid: vbdfLOl0R1q_fd8DtFmrXw
from_diff: false
meta data version: 1
nodes: 
   {node_t1}{sYyNIAWbQgubikMHt73xvg}{127.0.0.1}{127.0.0.1:30237}[mode=>network]
   {node_t2}{GWh7hfd7SKGr7WmeXEQE-A}{127.0.0.1}{127.0.0.1:30238}[mode=>network], master
   {node_t3}{mGmZS4sXSFijJZ9-KMznMw}{127.0.0.1}{127.0.0.1:30239}[mode=>network], local
routing_table (version 1):
routing_nodes:
-----node_id[mGmZS4sXSFijJZ9-KMznMw][V]
-----node_id[sYyNIAWbQgubikMHt73xvg][V]
-----node_id[GWh7hfd7SKGr7WmeXEQE-A][V]
---- unassigned

[2016-04-18 03:04:45,630][TRACE][org.elasticsearch.cluster.service] [node_t1] cluster state updated, source [zen-disco-receive(from master [master {node_t2}{GWh7hfd7SKGr7WmeXEQE-A}{127.0.0.1}{127.0.0.1:30238}[mode=>network] committed version [6]])]
version: 6
state uuid: vbdfLOl0R1q_fd8DtFmrXw
from_diff: false
meta data version: 1
nodes: 
   {node_t1}{sYyNIAWbQgubikMHt73xvg}{127.0.0.1}{127.0.0.1:30237}[mode=>network], local
   {node_t2}{GWh7hfd7SKGr7WmeXEQE-A}{127.0.0.1}{127.0.0.1:30238}[mode=>network], master
   {node_t3}{mGmZS4sXSFijJZ9-KMznMw}{127.0.0.1}{127.0.0.1:30239}[mode=>network]
routing_table (version 1):
routing_nodes:
-----node_id[mGmZS4sXSFijJZ9-KMznMw][V]
-----node_id[sYyNIAWbQgubikMHt73xvg][V]
-----node_id[GWh7hfd7SKGr7WmeXEQE-A][V]
---- unassigned

[2016-04-18 03:04:45,630][INFO ][org.elasticsearch.cluster.service] [node_t3] removed {{node_t0}{RuBiuqtkQm2dP64SVfJtEw}{127.0.0.1}{127.0.0.1:30236}[mode=>network],}, reason: zen-disco-receive(from master [master {node_t2}{GWh7hfd7SKGr7WmeXEQE-A}{127.0.0.1}{127.0.0.1:30238}[mode=>network] committed version [6]])
[2016-04-18 03:04:45,630][DEBUG][org.elasticsearch.cluster.service] [node_t3] set local cluster state to version 6
[2016-04-18 03:04:45,630][INFO ][org.elasticsearch.cluster.service] [node_t1] removed {{node_t0}{RuBiuqtkQm2dP64SVfJtEw}{127.0.0.1}{127.0.0.1:30236}[mode=>network],}, reason: zen-disco-receive(from master [master {node_t2}{GWh7hfd7SKGr7WmeXEQE-A}{127.0.0.1}{127.0.0.1:30238}[mode=>network] committed version [6]])
[2016-04-18 03:04:45,630][DEBUG][org.elasticsearch.cluster.service] [node_t1] set local cluster state to version 6
[2016-04-18 03:04:45,630][DEBUG][org.elasticsearch.cluster.service] [node_t3] processing [zen-disco-receive(from master [master {node_t2}{GWh7hfd7SKGr7WmeXEQE-A}{127.0.0.1}{127.0.0.1:30238}[mode=>network] committed version [6]])]: took 0s done applying updated cluster_state (version: 6, uuid: vbdfLOl0R1q_fd8DtFmrXw)
[2016-04-18 03:04:45,630][DEBUG][org.elasticsearch.cluster.service] [node_t1] processing [zen-disco-receive(from master [master {node_t2}{GWh7hfd7SKGr7WmeXEQE-A}{127.0.0.1}{127.0.0.1:30238}[mode=>network] committed version [6]])]: took 0s done applying updated cluster_state (version: 6, uuid: vbdfLOl0R1q_fd8DtFmrXw)
[2016-04-18 03:04:45,630][DEBUG][org.elasticsearch.cluster.service] [node_t2] set local cluster state to version 6
[2016-04-18 03:04:45,631][DEBUG][org.elasticsearch.cluster.service] [node_t2] processing [zen-disco-node_left({node_t0}{RuBiuqtkQm2dP64SVfJtEw}{127.0.0.1}{127.0.0.1:30236}[mode=>network])]: took 3ms done applying updated cluster_state (version: 6, uuid: vbdfLOl0R1q_fd8DtFmrXw)
[2016-04-18 03:04:45,633][DEBUG][org.elasticsearch.discovery.zen.fd] [node_t1] [master] stopping fault detection against master [{node_t2}{GWh7hfd7SKGr7WmeXEQE-A}{127.0.0.1}{127.0.0.1:30238}[mode=>network]], reason [zen disco stop]
[2016-04-18 03:04:45,634][TRACE][org.elasticsearch.cluster.service] [node_t2] will process [zen-disco-node_left({node_t1}{sYyNIAWbQgubikMHt73xvg}{127.0.0.1}{127.0.0.1:30237}[mode=>network])]
[2016-04-18 03:04:45,634][DEBUG][org.elasticsearch.cluster.service] [node_t2] processing [zen-disco-node_left({node_t1}{sYyNIAWbQgubikMHt73xvg}{127.0.0.1}{127.0.0.1:30237}[mode=>network])]: execute
[2016-04-18 03:04:45,634][WARN ][org.elasticsearch.discovery.zen] [node_t2] not enough master nodes, current nodes: {{node_t3}{mGmZS4sXSFijJZ9-KMznMw}{127.0.0.1}{127.0.0.1:30239}[mode=>network],{node_t2}{GWh7hfd7SKGr7WmeXEQE-A}{127.0.0.1}{127.0.0.1:30238}[mode=>network],}
[2016-04-18 03:04:45,634][TRACE][org.elasticsearch.discovery.zen] [node_t2] starting to accumulate joins
[2016-04-18 03:04:45,634][TRACE][org.elasticsearch.cluster.service] [node_t2] cluster state updated, source [zen-disco-node_left({node_t1}{sYyNIAWbQgubikMHt73xvg}{127.0.0.1}{127.0.0.1:30237}[mode=>network])]
version: 6
state uuid: vbdfLOl0R1q_fd8DtFmrXw
from_diff: false
meta data version: 1
blocks: 
   _global_:
      2,no master, blocks WRITE,METADATA_WRITE
nodes: 
   {node_t3}{mGmZS4sXSFijJZ9-KMznMw}{127.0.0.1}{127.0.0.1:30239}[mode=>network]
   {node_t2}{GWh7hfd7SKGr7WmeXEQE-A}{127.0.0.1}{127.0.0.1:30238}[mode=>network], local
routing_table (version 1):
routing_nodes:
-----node_id[mGmZS4sXSFijJZ9-KMznMw][V]
-----node_id[GWh7hfd7SKGr7WmeXEQE-A][V]
---- unassigned

[2016-04-18 03:04:45,634][TRACE][org.elasticsearch.discovery.zen] [node_t2] starting to ping
[2016-04-18 03:04:45,634][INFO ][org.elasticsearch.cluster.service] [node_t2] removed {{node_t1}{sYyNIAWbQgubikMHt73xvg}{127.0.0.1}{127.0.0.1:30237}[mode=>network],}, reason: zen-disco-node_left({node_t1}{sYyNIAWbQgubikMHt73xvg}{127.0.0.1}{127.0.0.1:30237}[mode=>network])
[2016-04-18 03:04:45,634][DEBUG][org.elasticsearch.cluster.service] [node_t2] set local cluster state to version 6
[2016-04-18 03:04:45,635][TRACE][org.elasticsearch.discovery.zen.ping.unicast] [node_t2] [2] connecting (light) to {#zen_unicast_1#}{127.0.0.1}{127.0.0.1:30236}
[2016-04-18 03:04:45,634][TRACE][org.elasticsearch.discovery.zen.ping.unicast] [node_t2] [2] sending to {node_t2}{GWh7hfd7SKGr7WmeXEQE-A}{127.0.0.1}{127.0.0.1:30238}[mode=>network]
[2016-04-18 03:04:45,635][TRACE][org.elasticsearch.discovery.zen.ping.unicast] [node_t2] [2] received response from {node_t2}{GWh7hfd7SKGr7WmeXEQE-A}{127.0.0.1}{127.0.0.1:30238}[mode=>network]: [ping_response{node [{node_t2}{GWh7hfd7SKGr7WmeXEQE-A}{127.0.0.1}{127.0.0.1:30238}[mode=>network]], id[1223], master [{node_t2}{GWh7hfd7SKGr7WmeXEQE-A}{127.0.0.1}{127.0.0.1:30238}[mode=>network]], hasJoinedOnce [true], cluster_name[TEST-CHILD_VM=[1]-CLUSTER_SEED=[7681506677330870279]-HASH=[2654A95C8CC0]-cluster]}, ping_response{node [{node_t2}{GWh7hfd7SKGr7WmeXEQE-A}{127.0.0.1}{127.0.0.1:30238}[mode=>network]], id[1224], master [null], hasJoinedOnce [true], cluster_name[TEST-CHILD_VM=[1]-CLUSTER_SEED=[7681506677330870279]-HASH=[2654A95C8CC0]-cluster]}]
[2016-04-18 03:04:45,635][TRACE][org.elasticsearch.discovery.zen.ping.unicast] [node_t2] [2] sending to {node_t3}{mGmZS4sXSFijJZ9-KMznMw}{127.0.0.1}{127.0.0.1:30239}[mode=>network]
[2016-04-18 03:04:45,635][DEBUG][org.elasticsearch.cluster.service] [node_t2] processing [zen-disco-node_left({node_t1}{sYyNIAWbQgubikMHt73xvg}{127.0.0.1}{127.0.0.1:30237}[mode=>network])]: took 0s done applying updated cluster_state (version: 6, uuid: vbdfLOl0R1q_fd8DtFmrXw)
[2016-04-18 03:04:45,635][TRACE][org.elasticsearch.discovery.zen.ping.unicast] [node_t2] [2] connecting to {node_t1}{sYyNIAWbQgubikMHt73xvg}{127.0.0.1}{127.0.0.1:30237}[mode=>network]
[2016-04-18 03:04:45,636][TRACE][org.elasticsearch.discovery.zen.ping.unicast] [node_t2] [2] failed to connect to {#zen_unicast_1#}{127.0.0.1}{127.0.0.1:30236}
ConnectTransportException[[][127.0.0.1:30236] connect_timeout[30s]]; nested: ConnectException[Connection refused: /127.0.0.1:30236];
	at org.elasticsearch.transport.netty.NettyTransport.connectToChannelsLight(NettyTransport.java:954)
	at org.elasticsearch.transport.netty.NettyTransport.connectToNode(NettyTransport.java:918)
	at org.elasticsearch.transport.netty.NettyTransport.connectToNodeLight(NettyTransport.java:890)
	at org.elasticsearch.test.transport.MockTransportService$LookupTestTransport.connectToNodeLight(MockTransportService.java:413)
	at org.elasticsearch.transport.TransportService.connectToNodeLight(TransportService.java:242)
	at org.elasticsearch.discovery.zen.ping.unicast.UnicastZenPing$3.run(UnicastZenPing.java:395)
	at java.util.concurrent.ThreadPoolExecutor.runWorker(ThreadPoolExecutor.java:1142)
	at java.util.concurrent.ThreadPoolExecutor$Worker.run(ThreadPoolExecutor.java:617)
	at java.lang.Thread.run(Thread.java:745)
Caused by: java.net.ConnectException: Connection refused: /127.0.0.1:30236
	at sun.nio.ch.SocketChannelImpl.checkConnect(Native Method)
	at sun.nio.ch.SocketChannelImpl.finishConnect(SocketChannelImpl.java:717)
	at org.jboss.netty.channel.socket.nio.NioClientBoss.connect(NioClientBoss.java:152)
	at org.jboss.netty.channel.socket.nio.NioClientBoss.processSelectedKeys(NioClientBoss.java:105)
	at org.jboss.netty.channel.socket.nio.NioClientBoss.process(NioClientBoss.java:79)
	at org.jboss.netty.channel.socket.nio.AbstractNioSelector.run(AbstractNioSelector.java:337)
	at org.jboss.netty.channel.socket.nio.NioClientBoss.run(NioClientBoss.java:42)
	at org.jboss.netty.util.ThreadRenamingRunnable.run(ThreadRenamingRunnable.java:108)
	at org.jboss.netty.util.internal.DeadLockProofWorker$1.run(DeadLockProofWorker.java:42)
	... 3 more
[2016-04-18 03:04:45,636][TRACE][org.elasticsearch.discovery.zen.ping.unicast] [node_t2] [2] received response from {node_t3}{mGmZS4sXSFijJZ9-KMznMw}{127.0.0.1}{127.0.0.1:30239}[mode=>network]: [ping_response{node [{node_t0}{RuBiuqtkQm2dP64SVfJtEw}{127.0.0.1}{127.0.0.1:30236}[mode=>network]], id[1208], master [{node_t2}{GWh7hfd7SKGr7WmeXEQE-A}{127.0.0.1}{127.0.0.1:30238}[mode=>network]], hasJoinedOnce [true], cluster_name[TEST-CHILD_VM=[1]-CLUSTER_SEED=[7681506677330870279]-HASH=[2654A95C8CC0]-cluster]}, ping_response{node [{node_t0}{RuBiuqtkQm2dP64SVfJtEw}{127.0.0.1}{127.0.0.1:30236}[mode=>network]], id[1213], master [null], hasJoinedOnce [true], cluster_name[TEST-CHILD_VM=[1]-CLUSTER_SEED=[7681506677330870279]-HASH=[2654A95C8CC0]-cluster]}, ping_response{node [{node_t0}{RuBiuqtkQm2dP64SVfJtEw}{127.0.0.1}{127.0.0.1:30236}[mode=>network]], id[1218], master [null], hasJoinedOnce [true], cluster_name[TEST-CHILD_VM=[1]-CLUSTER_SEED=[7681506677330870279]-HASH=[2654A95C8CC0]-cluster]}, ping_response{node [{node_t2}{GWh7hfd7SKGr7WmeXEQE-A}{127.0.0.1}{127.0.0.1:30238}[mode=>network]], id[1223], master [{node_t2}{GWh7hfd7SKGr7WmeXEQE-A}{127.0.0.1}{127.0.0.1:30238}[mode=>network]], hasJoinedOnce [true], cluster_name[TEST-CHILD_VM=[1]-CLUSTER_SEED=[7681506677330870279]-HASH=[2654A95C8CC0]-cluster]}, ping_response{node [{node_t3}{mGmZS4sXSFijJZ9-KMznMw}{127.0.0.1}{127.0.0.1:30239}[mode=>network]], id[1225], master [{node_t2}{GWh7hfd7SKGr7WmeXEQE-A}{127.0.0.1}{127.0.0.1:30238}[mode=>network]], hasJoinedOnce [true], cluster_name[TEST-CHILD_VM=[1]-CLUSTER_SEED=[7681506677330870279]-HASH=[2654A95C8CC0]-cluster]}]
[2016-04-18 03:04:45,676][TRACE][org.elasticsearch.discovery.zen.fd] [node_t2] checking ping from [mGmZS4sXSFijJZ9-KMznMw] under a cluster state thread
[2016-04-18 03:04:45,676][TRACE][org.elasticsearch.discovery.zen.ping.unicast] [node_t2] [2] failed to connect to {node_t1}{sYyNIAWbQgubikMHt73xvg}{127.0.0.1}{127.0.0.1:30237}[mode=>network]
ConnectTransportException[[node_t1][127.0.0.1:30237] connect_timeout[30s]]; nested: ConnectException[Connection refused: /127.0.0.1:30237];
	at org.elasticsearch.transport.netty.NettyTransport.connectToChannels(NettyTransport.java:989)
	at org.elasticsearch.transport.netty.NettyTransport.connectToNode(NettyTransport.java:922)
	at org.elasticsearch.transport.netty.NettyTransport.connectToNode(NettyTransport.java:895)
	at org.elasticsearch.test.transport.MockTransportService$LookupTestTransport.connectToNode(MockTransportService.java:408)
	at org.elasticsearch.transport.TransportService.connectToNode(TransportService.java:235)
	at org.elasticsearch.discovery.zen.ping.unicast.UnicastZenPing$3.run(UnicastZenPing.java:398)
	at java.util.concurrent.ThreadPoolExecutor.runWorker(ThreadPoolExecutor.java:1142)
	at java.util.concurrent.ThreadPoolExecutor$Worker.run(ThreadPoolExecutor.java:617)
	at java.lang.Thread.run(Thread.java:745)
Caused by: java.net.ConnectException: Connection refused: /127.0.0.1:30237
	at sun.nio.ch.SocketChannelImpl.checkConnect(Native Method)
	at sun.nio.ch.SocketChannelImpl.finishConnect(SocketChannelImpl.java:717)
	at org.jboss.netty.channel.socket.nio.NioClientBoss.connect(NioClientBoss.java:152)
	at org.jboss.netty.channel.socket.nio.NioClientBoss.processSelectedKeys(NioClientBoss.java:105)
	at org.jboss.netty.channel.socket.nio.NioClientBoss.process(NioClientBoss.java:79)
	at org.jboss.netty.channel.socket.nio.AbstractNioSelector.run(AbstractNioSelector.java:337)
	at org.jboss.netty.channel.socket.nio.NioClientBoss.run(NioClientBoss.java:42)
	at org.jboss.netty.util.ThreadRenamingRunnable.run(ThreadRenamingRunnable.java:108)
	at org.jboss.netty.util.internal.DeadLockProofWorker$1.run(DeadLockProofWorker.java:42)
	... 3 more
[2016-04-18 03:04:45,676][TRACE][org.elasticsearch.cluster.service] [node_t2] will process [master ping (from: [mGmZS4sXSFijJZ9-KMznMw])]
[2016-04-18 03:04:45,677][DEBUG][org.elasticsearch.cluster.service] [node_t2] processing [master ping (from: [mGmZS4sXSFijJZ9-KMznMw])]: execute
[2016-04-18 03:04:45,677][DEBUG][org.elasticsearch.cluster.service] [node_t2] failing [master ping (from: [mGmZS4sXSFijJZ9-KMznMw])]: local node is no longer master
[2016-04-18 03:04:45,677][TRACE][org.elasticsearch.discovery.zen.fd] [node_t3] [master] failed to ping [{node_t2}{GWh7hfd7SKGr7WmeXEQE-A}{127.0.0.1}{127.0.0.1:30238}[mode=>network]], retry [1] out of [1]
RemoteTransportException[[node_t2][127.0.0.1:30238][internal:discovery/zen/fd/master_ping]]; nested: IllegalStateException[local node is not master];
Caused by: java.lang.IllegalStateException: local node is not master
[2016-04-18 03:04:45,677][DEBUG][org.elasticsearch.discovery.zen.fd] [node_t3] [master] failed to ping [{node_t2}{GWh7hfd7SKGr7WmeXEQE-A}{127.0.0.1}{127.0.0.1:30238}[mode=>network]], tried [1] times, each with maximum [1s] timeout
[2016-04-18 03:04:45,677][DEBUG][org.elasticsearch.discovery.zen.fd] [node_t3] [master] stopping fault detection against master [{node_t2}{GWh7hfd7SKGr7WmeXEQE-A}{127.0.0.1}{127.0.0.1:30238}[mode=>network]], reason [master failure, failed to ping, tried [1] times, each with  maximum [1s] timeout]
[2016-04-18 03:04:45,678][INFO ][org.elasticsearch.discovery.zen] [node_t3] master_left [{node_t2}{GWh7hfd7SKGr7WmeXEQE-A}{127.0.0.1}{127.0.0.1:30238}[mode=>network]], reason [failed to ping, tried [1] times, each with  maximum [1s] timeout]
[2016-04-18 03:04:45,678][TRACE][org.elasticsearch.cluster.service] [node_t3] will process [zen-disco-master_failed ({node_t2}{GWh7hfd7SKGr7WmeXEQE-A}{127.0.0.1}{127.0.0.1:30238}[mode=>network])]
[2016-04-18 03:04:45,678][DEBUG][org.elasticsearch.cluster.service] [node_t3] processing [zen-disco-master_failed ({node_t2}{GWh7hfd7SKGr7WmeXEQE-A}{127.0.0.1}{127.0.0.1:30238}[mode=>network])]: execute
[2016-04-18 03:04:45,678][WARN ][org.elasticsearch.discovery.zen] [node_t3] master left (reason = failed to ping, tried [1] times, each with  maximum [1s] timeout), current nodes: {{node_t1}{sYyNIAWbQgubikMHt73xvg}{127.0.0.1}{127.0.0.1:30237}[mode=>network],{node_t3}{mGmZS4sXSFijJZ9-KMznMw}{127.0.0.1}{127.0.0.1:30239}[mode=>network],}
[2016-04-18 03:04:45,678][TRACE][org.elasticsearch.cluster.service] [node_t3] cluster state updated, source [zen-disco-master_failed ({node_t2}{GWh7hfd7SKGr7WmeXEQE-A}{127.0.0.1}{127.0.0.1:30238}[mode=>network])]
version: 6
state uuid: vbdfLOl0R1q_fd8DtFmrXw
from_diff: false
meta data version: 1
blocks: 
   _global_:
      2,no master, blocks WRITE,METADATA_WRITE
nodes: 
   {node_t1}{sYyNIAWbQgubikMHt73xvg}{127.0.0.1}{127.0.0.1:30237}[mode=>network]
   {node_t3}{mGmZS4sXSFijJZ9-KMznMw}{127.0.0.1}{127.0.0.1:30239}[mode=>network], local
routing_table (version 1):
routing_nodes:
-----node_id[mGmZS4sXSFijJZ9-KMznMw][V]
-----node_id[sYyNIAWbQgubikMHt73xvg][V]
---- unassigned

[2016-04-18 03:04:45,678][TRACE][org.elasticsearch.discovery.zen] [node_t3] starting to accumulate joins
[2016-04-18 03:04:45,678][INFO ][org.elasticsearch.cluster.service] [node_t3] removed {{node_t2}{GWh7hfd7SKGr7WmeXEQE-A}{127.0.0.1}{127.0.0.1:30238}[mode=>network],}, reason: zen-disco-master_failed ({node_t2}{GWh7hfd7SKGr7WmeXEQE-A}{127.0.0.1}{127.0.0.1:30238}[mode=>network])
[2016-04-18 03:04:45,678][DEBUG][org.elasticsearch.cluster.service] [node_t3] set local cluster state to version 6
[2016-04-18 03:04:45,678][TRACE][org.elasticsearch.discovery.zen] [node_t3] starting to ping
[2016-04-18 03:04:45,678][TRACE][org.elasticsearch.discovery.zen.ping.unicast] [node_t3] [2] sending to {node_t2}{GWh7hfd7SKGr7WmeXEQE-A}{127.0.0.1}{127.0.0.1:30238}[mode=>network]
[2016-04-18 03:04:45,678][TRACE][org.elasticsearch.discovery.zen.ping.unicast] [node_t3] replacing {node_t0}{RuBiuqtkQm2dP64SVfJtEw}{127.0.0.1}{127.0.0.1:30236}[mode=>network] with temp node {#zen_unicast_4_RuBiuqtkQm2dP64SVfJtEw#}{127.0.0.1}{127.0.0.1:30236}[mode=>network]
[2016-04-18 03:04:45,679][TRACE][org.elasticsearch.discovery.zen.ping.unicast] [node_t3] [2] connecting (light) to {#zen_unicast_1#}{127.0.0.1}{127.0.0.1:30236}
[2016-04-18 03:04:45,679][TRACE][org.elasticsearch.discovery.zen.ping.unicast] [node_t3] [2] sending to {node_t3}{mGmZS4sXSFijJZ9-KMznMw}{127.0.0.1}{127.0.0.1:30239}[mode=>network]
[2016-04-18 03:04:45,679][DEBUG][org.elasticsearch.cluster.service] [node_t3] processing [zen-disco-master_failed ({node_t2}{GWh7hfd7SKGr7WmeXEQE-A}{127.0.0.1}{127.0.0.1:30238}[mode=>network])]: took 1ms done applying updated cluster_state (version: 6, uuid: vbdfLOl0R1q_fd8DtFmrXw)
[2016-04-18 03:04:45,679][TRACE][org.elasticsearch.discovery.zen.ping.unicast] [node_t3] [2] connecting (light) to {#zen_unicast_4_RuBiuqtkQm2dP64SVfJtEw#}{127.0.0.1}{127.0.0.1:30236}[mode=>network]
[2016-04-18 03:04:45,679][TRACE][org.elasticsearch.discovery.zen.ping.unicast] [node_t3] failed to connect to {node_t2}{GWh7hfd7SKGr7WmeXEQE-A}{127.0.0.1}{127.0.0.1:30238}[mode=>network]
NodeDisconnectedException[[node_t2][127.0.0.1:30238][internal:discovery/zen/unicast] disconnected]
[2016-04-18 03:04:45,679][TRACE][org.elasticsearch.discovery.zen.ping.unicast] [node_t3] [2] received response from {node_t3}{mGmZS4sXSFijJZ9-KMznMw}{127.0.0.1}{127.0.0.1:30239}[mode=>network]: [ping_response{node [{node_t0}{RuBiuqtkQm2dP64SVfJtEw}{127.0.0.1}{127.0.0.1:30236}[mode=>network]], id[1208], master [{node_t2}{GWh7hfd7SKGr7WmeXEQE-A}{127.0.0.1}{127.0.0.1:30238}[mode=>network]], hasJoinedOnce [true], cluster_name[TEST-CHILD_VM=[1]-CLUSTER_SEED=[7681506677330870279]-HASH=[2654A95C8CC0]-cluster]}, ping_response{node [{node_t0}{RuBiuqtkQm2dP64SVfJtEw}{127.0.0.1}{127.0.0.1:30236}[mode=>network]], id[1213], master [null], hasJoinedOnce [true], cluster_name[TEST-CHILD_VM=[1]-CLUSTER_SEED=[7681506677330870279]-HASH=[2654A95C8CC0]-cluster]}, ping_response{node [{node_t0}{RuBiuqtkQm2dP64SVfJtEw}{127.0.0.1}{127.0.0.1:30236}[mode=>network]], id[1218], master [null], hasJoinedOnce [true], cluster_name[TEST-CHILD_VM=[1]-CLUSTER_SEED=[7681506677330870279]-HASH=[2654A95C8CC0]-cluster]}, ping_response{node [{node_t2}{GWh7hfd7SKGr7WmeXEQE-A}{127.0.0.1}{127.0.0.1:30238}[mode=>network]], id[1223], master [{node_t2}{GWh7hfd7SKGr7WmeXEQE-A}{127.0.0.1}{127.0.0.1:30238}[mode=>network]], hasJoinedOnce [true], cluster_name[TEST-CHILD_VM=[1]-CLUSTER_SEED=[7681506677330870279]-HASH=[2654A95C8CC0]-cluster]}, ping_response{node [{node_t3}{mGmZS4sXSFijJZ9-KMznMw}{127.0.0.1}{127.0.0.1:30239}[mode=>network]], id[1226], master [null], hasJoinedOnce [true], cluster_name[TEST-CHILD_VM=[1]-CLUSTER_SEED=[7681506677330870279]-HASH=[2654A95C8CC0]-cluster]}, ping_response{node [{node_t3}{mGmZS4sXSFijJZ9-KMznMw}{127.0.0.1}{127.0.0.1:30239}[mode=>network]], id[1227], master [null], hasJoinedOnce [true], cluster_name[TEST-CHILD_VM=[1]-CLUSTER_SEED=[7681506677330870279]-HASH=[2654A95C8CC0]-cluster]}]
[2016-04-18 03:04:45,679][TRACE][org.elasticsearch.discovery.zen.ping.unicast] [node_t3] [2] failed to connect to {#zen_unicast_1#}{127.0.0.1}{127.0.0.1:30236}
ConnectTransportException[[][127.0.0.1:30236] connect_timeout[30s]]; nested: ConnectException[Connection refused: /127.0.0.1:30236];
	at org.elasticsearch.transport.netty.NettyTransport.connectToChannelsLight(NettyTransport.java:954)
	at org.elasticsearch.transport.netty.NettyTransport.connectToNode(NettyTransport.java:918)
	at org.elasticsearch.transport.netty.NettyTransport.connectToNodeLight(NettyTransport.java:890)
	at org.elasticsearch.test.transport.MockTransportService$LookupTestTransport.connectToNodeLight(MockTransportService.java:413)
	at org.elasticsearch.transport.TransportService.connectToNodeLight(TransportService.java:242)
	at org.elasticsearch.discovery.zen.ping.unicast.UnicastZenPing$3.run(UnicastZenPing.java:395)
	at java.util.concurrent.ThreadPoolExecutor.runWorker(ThreadPoolExecutor.java:1142)
	at java.util.concurrent.ThreadPoolExecutor$Worker.run(ThreadPoolExecutor.java:617)
	at java.lang.Thread.run(Thread.java:745)
Caused by: java.net.ConnectException: Connection refused: /127.0.0.1:30236
	at sun.nio.ch.SocketChannelImpl.checkConnect(Native Method)
	at sun.nio.ch.SocketChannelImpl.finishConnect(SocketChannelImpl.java:717)
	at org.jboss.netty.channel.socket.nio.NioClientBoss.connect(NioClientBoss.java:152)
	at org.jboss.netty.channel.socket.nio.NioClientBoss.processSelectedKeys(NioClientBoss.java:105)
	at org.jboss.netty.channel.socket.nio.NioClientBoss.process(NioClientBoss.java:79)
	at org.jboss.netty.channel.socket.nio.AbstractNioSelector.run(AbstractNioSelector.java:337)
	at org.jboss.netty.channel.socket.nio.NioClientBoss.run(NioClientBoss.java:42)
	at org.jboss.netty.util.ThreadRenamingRunnable.run(ThreadRenamingRunnable.java:108)
	at org.jboss.netty.util.internal.DeadLockProofWorker$1.run(DeadLockProofWorker.java:42)
	... 3 more
[2016-04-18 03:04:45,680][TRACE][org.elasticsearch.discovery.zen.ping.unicast] [node_t3] [2] failed to connect to {#zen_unicast_4_RuBiuqtkQm2dP64SVfJtEw#}{127.0.0.1}{127.0.0.1:30236}[mode=>network]
ConnectTransportException[[][127.0.0.1:30236] connect_timeout[30s]]; nested: ConnectException[Connection refused: /127.0.0.1:30236];
	at org.elasticsearch.transport.netty.NettyTransport.connectToChannelsLight(NettyTransport.java:954)
	at org.elasticsearch.transport.netty.NettyTransport.connectToNode(NettyTransport.java:918)
	at org.elasticsearch.transport.netty.NettyTransport.connectToNodeLight(NettyTransport.java:890)
	at org.elasticsearch.test.transport.MockTransportService$LookupTestTransport.connectToNodeLight(MockTransportService.java:413)
	at org.elasticsearch.transport.TransportService.connectToNodeLight(TransportService.java:242)
	at org.elasticsearch.discovery.zen.ping.unicast.UnicastZenPing$3.run(UnicastZenPing.java:395)
	at java.util.concurrent.ThreadPoolExecutor.runWorker(ThreadPoolExecutor.java:1142)
	at java.util.concurrent.ThreadPoolExecutor$Worker.run(ThreadPoolExecutor.java:617)
	at java.lang.Thread.run(Thread.java:745)
Caused by: java.net.ConnectException: Connection refused: /127.0.0.1:30236
	at sun.nio.ch.SocketChannelImpl.checkConnect(Native Method)
	at sun.nio.ch.SocketChannelImpl.finishConnect(SocketChannelImpl.java:717)
	at org.jboss.netty.channel.socket.nio.NioClientBoss.connect(NioClientBoss.java:152)
	at org.jboss.netty.channel.socket.nio.NioClientBoss.processSelectedKeys(NioClientBoss.java:105)
	at org.jboss.netty.channel.socket.nio.NioClientBoss.process(NioClientBoss.java:79)
	at org.jboss.netty.channel.socket.nio.AbstractNioSelector.run(AbstractNioSelector.java:337)
	at org.jboss.netty.channel.socket.nio.NioClientBoss.run(NioClientBoss.java:42)
	at org.jboss.netty.util.ThreadRenamingRunnable.run(ThreadRenamingRunnable.java:108)
	at org.jboss.netty.util.internal.DeadLockProofWorker$1.run(DeadLockProofWorker.java:42)
	... 3 more
[2016-04-18 03:04:45,680][TRACE][org.elasticsearch.discovery.zen.ping.unicast] [node_t3] [2] connecting to {node_t1}{sYyNIAWbQgubikMHt73xvg}{127.0.0.1}{127.0.0.1:30237}[mode=>network]
[2016-04-18 03:04:45,691][TRACE][org.elasticsearch.discovery.zen.ping.unicast] [node_t3] [2] failed to connect to {node_t1}{sYyNIAWbQgubikMHt73xvg}{127.0.0.1}{127.0.0.1:30237}[mode=>network]
ConnectTransportException[[node_t1][127.0.0.1:30237] connect_timeout[30s]]; nested: ConnectException[Connection refused: /127.0.0.1:30237];
	at org.elasticsearch.transport.netty.NettyTransport.connectToChannels(NettyTransport.java:989)
	at org.elasticsearch.transport.netty.NettyTransport.connectToNode(NettyTransport.java:922)
	at org.elasticsearch.transport.netty.NettyTransport.connectToNode(NettyTransport.java:895)
	at org.elasticsearch.test.transport.MockTransportService$LookupTestTransport.connectToNode(MockTransportService.java:408)
	at org.elasticsearch.transport.TransportService.connectToNode(TransportService.java:235)
	at org.elasticsearch.discovery.zen.ping.unicast.UnicastZenPing$3.run(UnicastZenPing.java:398)
	at java.util.concurrent.ThreadPoolExecutor.runWorker(ThreadPoolExecutor.java:1142)
	at java.util.concurrent.ThreadPoolExecutor$Worker.run(ThreadPoolExecutor.java:617)
	at java.lang.Thread.run(Thread.java:745)
Caused by: java.net.ConnectException: Connection refused: /127.0.0.1:30237
	at sun.nio.ch.SocketChannelImpl.checkConnect(Native Method)
	at sun.nio.ch.SocketChannelImpl.finishConnect(SocketChannelImpl.java:717)
	at org.jboss.netty.channel.socket.nio.NioClientBoss.connect(NioClientBoss.java:152)
	at org.jboss.netty.channel.socket.nio.NioClientBoss.processSelectedKeys(NioClientBoss.java:105)
	at org.jboss.netty.channel.socket.nio.NioClientBoss.process(NioClientBoss.java:79)
	at org.jboss.netty.channel.socket.nio.AbstractNioSelector.run(AbstractNioSelector.java:337)
	at org.jboss.netty.channel.socket.nio.NioClientBoss.run(NioClientBoss.java:42)
	at org.jboss.netty.util.ThreadRenamingRunnable.run(ThreadRenamingRunnable.java:108)
	at org.jboss.netty.util.internal.DeadLockProofWorker$1.run(DeadLockProofWorker.java:42)
	... 3 more
[2016-04-18 03:04:45,692][TRACE][org.elasticsearch.discovery.zen.ping] [node_t2] pingAndWait interrupted
[2016-04-18 03:04:45,692][TRACE][org.elasticsearch.discovery.zen] [node_t2] No full ping responses
[2016-04-18 03:04:45,692][TRACE][org.elasticsearch.discovery.zen] [node_t2] thread is no longer in currentJoinThread. Stopping.
[2016-04-18 03:04:45,695][TRACE][org.elasticsearch.discovery.zen.ping] [node_t3] pingAndWait interrupted
[2016-04-18 03:04:45,695][TRACE][org.elasticsearch.discovery.zen] [node_t3] No full ping responses
[2016-04-18 03:04:45,695][TRACE][org.elasticsearch.discovery.zen] [node_t3] thread is no longer in currentJoinThread. Stopping.
[2016-04-18 03:04:49,845][WARN ][org.elasticsearch.discovery.zen] [node_t0] master left (reason = transport disconnected), current nodes: {{node_t0}{_6tjsdoPR5mUVNaIBFfDoQ}{127.0.0.1}{127.0.0.1:30240}[mode=>network],}
[2016-04-18 03:04:59,996][WARN ][org.elasticsearch.discovery.zen] [node_t2] master left (reason = transport disconnected), current nodes: {{node_t0}{SY6EjDxNQWqZa7M6xZrtfw}{127.0.0.1}{127.0.0.1:30242}[mode=>network],{node_t3}{hYXPTcArRx6coHCmXX0xxg}{127.0.0.1}{127.0.0.1:30245}[mode=>network],{node_t2}{hQ4dlrnaT8W5dI5XvPW1CQ}{127.0.0.1}{127.0.0.1:30244}[mode=>network],}
[2016-04-18 03:05:03,012][WARN ][org.elasticsearch.discovery.zen] [node_t2] master left (reason = shut_down), current nodes: {{node_t3}{hYXPTcArRx6coHCmXX0xxg}{127.0.0.1}{127.0.0.1:30245}[mode=>network],{node_t2}{hQ4dlrnaT8W5dI5XvPW1CQ}{127.0.0.1}{127.0.0.1:30244}[mode=>network],}
[2016-04-18 03:05:03,012][WARN ][org.elasticsearch.discovery.zen] [node_t3] master left (reason = shut_down), current nodes: {{node_t3}{hYXPTcArRx6coHCmXX0xxg}{127.0.0.1}{127.0.0.1:30245}[mode=>network],{node_t2}{hQ4dlrnaT8W5dI5XvPW1CQ}{127.0.0.1}{127.0.0.1:30244}[mode=>network],}
]]></system-out>
   <system-err><![CDATA[]]></system-err>
</testsuite>