<testsuite errors="0" failures="0" tests="5" skipped="0" name="org.elasticsearch.cluster.MinimumMasterNodesIT" hostname="nohost.nodomain" time="9.594" timestamp="2016-03-29T17:29:34">
   <properties class="java.util.ArrayList">
      <property name="awt.toolkit" value="sun.lwawt.macosx.LWCToolkit"/>
      <property name="es.logger.level" value="WARN"/>
      <property name="file.encoding" value="UTF-8"/>
      <property name="file.encoding.pkg" value="sun.io"/>
      <property name="file.separator" value="/"/>
      <property name="ftp.nonProxyHosts" value="local|*.local|169.254/16|*.169.254/16"/>
      <property name="gopherProxySet" value="false"/>
      <property name="http.nonProxyHosts" value="local|*.local|169.254/16|*.169.254/16"/>
      <property name="java.awt.graphicsenv" value="sun.awt.CGraphicsEnvironment"/>
      <property name="java.awt.headless" value="true"/>
      <property name="java.awt.printerjob" value="sun.lwawt.macosx.CPrinterJob"/>
      <property name="java.class.path" value="/Users/ogbonnayacngwu/CSE2410_spring2016_projectileDysfunction/core/build/classes/test:/Users/ogbonnayacngwu/CSE2410_spring2016_projectileDysfunction/core/build/resources/test:/Users/ogbonnayacngwu/CSE2410_spring2016_projectileDysfunction/core/build/classes/main:/Users/ogbonnayacngwu/CSE2410_spring2016_projectileDysfunction/core/build/resources/main:/Users/ogbonnayacngwu/.gradle/caches/modules-2/files-2.1/org.apache.lucene/lucene-core/5.5.0-snapshot-1721183/f6854c65c7f4c6d9de583f4daa4fd3ae8a3800f1/lucene-core-5.5.0-snapshot-1721183.jar:/Users/ogbonnayacngwu/.gradle/caches/modules-2/files-2.1/org.apache.lucene/lucene-analyzers-common/5.5.0-snapshot-1721183/69e187ef1d2d9c9570363eb4186821e0341df5b8/lucene-analyzers-common-5.5.0-snapshot-1721183.jar:/Users/ogbonnayacngwu/.gradle/caches/modules-2/files-2.1/org.apache.lucene/lucene-backward-codecs/5.5.0-snapshot-1721183/fa00a45ff9bc6a4df44db81f2e4e44ea94bf88e/lucene-backward-codecs-5.5.0-snapshot-1721183.jar:/Users/ogbonnayacngwu/.gradle/caches/modules-2/files-2.1/org.apache.lucene/lucene-grouping/5.5.0-snapshot-1721183/e996e6c723eb415ba2cfa7f5e98bbf194a4918dd/lucene-grouping-5.5.0-snapshot-1721183.jar:/Users/ogbonnayacngwu/.gradle/caches/modules-2/files-2.1/org.apache.lucene/lucene-highlighter/5.5.0-snapshot-1721183/3b7a5d97b10885f16eb53deb15d64c942b9f9fdb/lucene-highlighter-5.5.0-snapshot-1721183.jar:/Users/ogbonnayacngwu/.gradle/caches/modules-2/files-2.1/org.apache.lucene/lucene-join/5.5.0-snapshot-1721183/e4dda3eeb76e340aa4713a3b20d68c4a1504e505/lucene-join-5.5.0-snapshot-1721183.jar:/Users/ogbonnayacngwu/.gradle/caches/modules-2/files-2.1/org.apache.lucene/lucene-memory/5.5.0-snapshot-1721183/800442a5d7612ce4c8748831871b4d436a50554e/lucene-memory-5.5.0-snapshot-1721183.jar:/Users/ogbonnayacngwu/.gradle/caches/modules-2/files-2.1/org.apache.lucene/lucene-misc/5.5.0-snapshot-1721183/bdf184de9b5773c7af3ae908af78eeb1e512470c/lucene-misc-5.5.0-snapshot-1721183.jar:/Users/ogbonnayacngwu/.gradle/caches/modules-2/files-2.1/org.apache.lucene/lucene-queries/5.5.0-snapshot-1721183/fc59de52bd2c7e420edfd235723cb8b0dd44e92d/lucene-queries-5.5.0-snapshot-1721183.jar:/Users/ogbonnayacngwu/.gradle/caches/modules-2/files-2.1/org.apache.lucene/lucene-queryparser/5.5.0-snapshot-1721183/1d341e6a4f11f3170773ccffdbe6815b45967e3d/lucene-queryparser-5.5.0-snapshot-1721183.jar:/Users/ogbonnayacngwu/.gradle/caches/modules-2/files-2.1/org.apache.lucene/lucene-sandbox/5.5.0-snapshot-1721183/a1b02c2b595ac92f45f0d2be03841a3a7fcae1f1/lucene-sandbox-5.5.0-snapshot-1721183.jar:/Users/ogbonnayacngwu/.gradle/caches/modules-2/files-2.1/org.apache.lucene/lucene-spatial/5.5.0-snapshot-1721183/e3ea422b56734329fb6974e9cf9f66478adb5793/lucene-spatial-5.5.0-snapshot-1721183.jar:/Users/ogbonnayacngwu/.gradle/caches/modules-2/files-2.1/org.apache.lucene/lucene-spatial3d/5.5.0-snapshot-1721183/5eadbd4e63120b59ab6445e39489205f98420471/lucene-spatial3d-5.5.0-snapshot-1721183.jar:/Users/ogbonnayacngwu/.gradle/caches/modules-2/files-2.1/org.apache.lucene/lucene-suggest/5.5.0-snapshot-1721183/a336287e65d082535f02a8427666dbe46b1b9b74/lucene-suggest-5.5.0-snapshot-1721183.jar:/Users/ogbonnayacngwu/.gradle/caches/modules-2/files-2.1/org.elasticsearch/securesm/1.0/c0c6cf986ba0057390bfcc80c366a0e3157f944b/securesm-1.0.jar:/Users/ogbonnayacngwu/.gradle/caches/modules-2/files-2.1/commons-cli/commons-cli/1.3.1/1303efbc4b181e5a58bf2e967dc156a3132b97c0/commons-cli-1.3.1.jar:/Users/ogbonnayacngwu/.gradle/caches/modules-2/files-2.1/com.carrotsearch/hppc/0.7.1/8b5057f74ea378c0150a1860874a3ebdcb713767/hppc-0.7.1.jar:/Users/ogbonnayacngwu/.gradle/caches/modules-2/files-2.1/joda-time/joda-time/2.8.2/d27c24204c5e507b16fec01006b3d0f1ec42aed4/joda-time-2.8.2.jar:/Users/ogbonnayacngwu/.gradle/caches/modules-2/files-2.1/org.joda/joda-convert/1.2/35ec554f0cd00c956cc69051514d9488b1374dec/joda-convert-1.2.jar:/Users/ogbonnayacngwu/.gradle/caches/modules-2/files-2.1/com.fasterxml.jackson.core/jackson-core/2.6.2/123f29333b2c6b3516b14252b6e93226bfcd6e37/jackson-core-2.6.2.jar:/Users/ogbonnayacngwu/.gradle/caches/modules-2/files-2.1/com.fasterxml.jackson.dataformat/jackson-dataformat-smile/2.6.2/395d18c1a1dd730b8026ee59c4067e5d2b45ba6e/jackson-dataformat-smile-2.6.2.jar:/Users/ogbonnayacngwu/.gradle/caches/modules-2/files-2.1/com.fasterxml.jackson.dataformat/jackson-dataformat-yaml/2.6.2/4ae23088dd3fae47c66843f2e4251d7255ee140e/jackson-dataformat-yaml-2.6.2.jar:/Users/ogbonnayacngwu/.gradle/caches/modules-2/files-2.1/com.fasterxml.jackson.dataformat/jackson-dataformat-cbor/2.6.2/1e13c575f914c83761bb8e2aca7dfd9e4c647579/jackson-dataformat-cbor-2.6.2.jar:/Users/ogbonnayacngwu/.gradle/caches/modules-2/files-2.1/io.netty/netty/3.10.5.Final/9ca7d55d246092bddd29b867706e2f6c7db701a0/netty-3.10.5.Final.jar:/Users/ogbonnayacngwu/.gradle/caches/modules-2/files-2.1/com.tdunning/t-digest/3.0/84ccf145ac2215e6bfa63baa3101c0af41017cfc/t-digest-3.0.jar:/Users/ogbonnayacngwu/.gradle/caches/modules-2/files-2.1/org.hdrhistogram/HdrHistogram/2.1.6/7495feb7f71ee124bd2a7e7d83590e296d71d80e/HdrHistogram-2.1.6.jar:/Users/ogbonnayacngwu/.gradle/caches/modules-2/files-2.1/com.spatial4j/spatial4j/0.5/6e16edaf6b1ba76db7f08c2f3723fce3b358ecc3/spatial4j-0.5.jar:/Users/ogbonnayacngwu/.gradle/caches/modules-2/files-2.1/com.vividsolutions/jts/1.13/3ccfb9b60f04d71add996a666ceb8902904fd805/jts-1.13.jar:/Users/ogbonnayacngwu/.gradle/caches/modules-2/files-2.1/log4j/log4j/1.2.17/5af35056b4d257e4b64b9e8069c0746e8b08629f/log4j-1.2.17.jar:/Users/ogbonnayacngwu/.gradle/caches/modules-2/files-2.1/log4j/apache-log4j-extras/1.2.17/85863614d82185d7e51fe21c00aa9117a523a8b6/apache-log4j-extras-1.2.17.jar:/Users/ogbonnayacngwu/.gradle/caches/modules-2/files-2.1/org.slf4j/slf4j-api/1.6.2/8619e95939167fb37245b5670135e4feb0ec7d50/slf4j-api-1.6.2.jar:/Users/ogbonnayacngwu/.gradle/caches/modules-2/files-2.1/net.java.dev.jna/jna/4.1.0/1c12d070e602efd8021891cdd7fd18bc129372d4/jna-4.1.0.jar:/Users/ogbonnayacngwu/CSE2410_spring2016_projectileDysfunction/test/framework/build/libs/framework-3.0.0-SNAPSHOT.jar:/Users/ogbonnayacngwu/.gradle/caches/modules-2/files-2.1/com.carrotsearch.randomizedtesting/randomizedtesting-runner/2.3.2/307965917fe8a22b7ee72deba39ef4b8e6ebc069/randomizedtesting-runner-2.3.2.jar:/Users/ogbonnayacngwu/.gradle/caches/modules-2/files-2.1/junit/junit/4.11/4e031bb61df09069aeb2bffb4019e7a5034a4ee0/junit-4.11.jar:/Users/ogbonnayacngwu/.gradle/caches/modules-2/files-2.1/org.hamcrest/hamcrest-all/1.3/63a21ebc981131004ad02e0434e799fd7f3a8d5a/hamcrest-all-1.3.jar:/Users/ogbonnayacngwu/.gradle/caches/modules-2/files-2.1/org.apache.lucene/lucene-test-framework/5.5.0-snapshot-1721183/a8d851d0ad82182b3a02f4b30c336e7aa0e173cb/lucene-test-framework-5.5.0-snapshot-1721183.jar:/Users/ogbonnayacngwu/.gradle/caches/modules-2/files-2.1/org.apache.lucene/lucene-codecs/5.5.0-snapshot-1721183/8aa59442b028c7a2c1a516accb6142a8910ba5fc/lucene-codecs-5.5.0-snapshot-1721183.jar:/Users/ogbonnayacngwu/.gradle/caches/modules-2/files-2.1/org.apache.httpcomponents/httpclient/4.3.6/4c47155e3e6c9a41a28db36680b828ced53b8af4/httpclient-4.3.6.jar:/Users/ogbonnayacngwu/.gradle/caches/modules-2/files-2.1/org.apache.httpcomponents/httpcore/4.3.3/f91b7a4aadc5cf486df6e4634748d7dd7a73f06d/httpcore-4.3.3.jar:/Users/ogbonnayacngwu/.gradle/caches/modules-2/files-2.1/commons-logging/commons-logging/1.1.3/f6f66e966c70a83ffbdb6f17a0919eaf7c8aca7f/commons-logging-1.1.3.jar:/Users/ogbonnayacngwu/.gradle/caches/modules-2/files-2.1/commons-codec/commons-codec/1.10/4b95f4897fa13f2cd904aee711aeafc0c5295cd8/commons-codec-1.10.jar:/Users/ogbonnayacngwu/.gradle/caches/modules-2/files-2.1/org.elasticsearch/securemock/1.2/98201d4ad5ac93f6b415ae9172d52b5e7cda490e/securemock-1.2.jar:/Users/ogbonnayacngwu/.gradle/caches/modules-2/files-2.1/com.carrotsearch.randomizedtesting/junit4-ant/2.3.2/dc8f03f6111974092491f35b8269eb0fc57f52f7/junit4-ant-2.3.2.jar"/>
      <property name="java.class.version" value="52.0"/>
      <property name="java.endorsed.dirs" value="/Library/Java/JavaVirtualMachines/jdk1.8.0_11.jdk/Contents/Home/jre/lib/endorsed"/>
      <property name="java.ext.dirs" value="/Users/ogbonnayacngwu/Library/Java/Extensions:/Library/Java/JavaVirtualMachines/jdk1.8.0_11.jdk/Contents/Home/jre/lib/ext:/Library/Java/Extensions:/Network/Library/Java/Extensions:/System/Library/Java/Extensions:/usr/lib/java"/>
      <property name="java.home" value="/Library/Java/JavaVirtualMachines/jdk1.8.0_11.jdk/Contents/Home/jre"/>
      <property name="java.io.tmpdir" value="./temp"/>
      <property name="java.library.path" value="/Users/ogbonnayacngwu/Library/Java/Extensions:/Library/Java/Extensions:/Network/Library/Java/Extensions:/System/Library/Java/Extensions:/usr/lib/java:."/>
      <property name="java.runtime.name" value="Java(TM) SE Runtime Environment"/>
      <property name="java.runtime.version" value="1.8.0_11-b12"/>
      <property name="java.specification.name" value="Java Platform API Specification"/>
      <property name="java.specification.vendor" value="Oracle Corporation"/>
      <property name="java.specification.version" value="1.8"/>
      <property name="java.vendor" value="Oracle Corporation"/>
      <property name="java.vendor.url" value="http://java.oracle.com/"/>
      <property name="java.vendor.url.bug" value="http://bugreport.sun.com/bugreport/"/>
      <property name="java.version" value="1.8.0_11"/>
      <property name="java.vm.info" value="mixed mode"/>
      <property name="java.vm.name" value="Java HotSpot(TM) 64-Bit Server VM"/>
      <property name="java.vm.specification.name" value="Java Virtual Machine Specification"/>
      <property name="java.vm.specification.vendor" value="Oracle Corporation"/>
      <property name="java.vm.specification.version" value="1.8"/>
      <property name="java.vm.vendor" value="Oracle Corporation"/>
      <property name="java.vm.version" value="25.11-b03"/>
      <property name="junit4.childvm.count" value="4"/>
      <property name="junit4.childvm.cwd" value="/Users/ogbonnayacngwu/CSE2410_spring2016_projectileDysfunction/core/build/testrun/integTest/J0"/>
      <property name="junit4.childvm.id" value="0"/>
      <property name="junit4.memory.total" value="514850816"/>
      <property name="junit4.pidString" value="27392@host37-246.aruba.fit.edu"/>
      <property name="junit4.processors" value="8"/>
      <property name="line.separator" value="
"/>
      <property name="os.arch" value="x86_64"/>
      <property name="os.name" value="Mac OS X"/>
      <property name="os.version" value="10.11.4"/>
      <property name="path.separator" value=":"/>
      <property name="socksNonProxyHosts" value="local|*.local|169.254/16|*.169.254/16"/>
      <property name="sun.arch.data.model" value="64"/>
      <property name="sun.boot.class.path" value="/Library/Java/JavaVirtualMachines/jdk1.8.0_11.jdk/Contents/Home/jre/lib/resources.jar:/Library/Java/JavaVirtualMachines/jdk1.8.0_11.jdk/Contents/Home/jre/lib/rt.jar:/Library/Java/JavaVirtualMachines/jdk1.8.0_11.jdk/Contents/Home/jre/lib/sunrsasign.jar:/Library/Java/JavaVirtualMachines/jdk1.8.0_11.jdk/Contents/Home/jre/lib/jsse.jar:/Library/Java/JavaVirtualMachines/jdk1.8.0_11.jdk/Contents/Home/jre/lib/jce.jar:/Library/Java/JavaVirtualMachines/jdk1.8.0_11.jdk/Contents/Home/jre/lib/charsets.jar:/Library/Java/JavaVirtualMachines/jdk1.8.0_11.jdk/Contents/Home/jre/lib/jfr.jar:/Library/Java/JavaVirtualMachines/jdk1.8.0_11.jdk/Contents/Home/jre/classes"/>
      <property name="sun.boot.library.path" value="/Library/Java/JavaVirtualMachines/jdk1.8.0_11.jdk/Contents/Home/jre/lib"/>
      <property name="sun.cpu.endian" value="little"/>
      <property name="sun.cpu.isalist" value=""/>
      <property name="sun.io.unicode.encoding" value="UnicodeBig"/>
      <property name="sun.java.command" value="com.carrotsearch.ant.tasks.junit4.slave.SlaveMainSafe -eventsfile /Users/ogbonnayacngwu/CSE2410_spring2016_projectileDysfunction/core/build/testrun/integTest/temp/junit4-J0-20160329_172724_554.events @/Users/ogbonnayacngwu/CSE2410_spring2016_projectileDysfunction/core/build/testrun/integTest/temp/junit4-J0-20160329_172724_554.suites -stdin"/>
      <property name="sun.java.launcher" value="SUN_STANDARD"/>
      <property name="sun.jnu.encoding" value="UTF-8"/>
      <property name="sun.management.compiler" value="HotSpot 64-Bit Tiered Compilers"/>
      <property name="sun.os.patch.level" value="unknown"/>
      <property name="tests.artifact" value="core"/>
      <property name="tests.ifNoTests" value="fail"/>
      <property name="tests.maven" value="true"/>
      <property name="tests.prefix" value="tests"/>
      <property name="tests.security.manager" value="true"/>
      <property name="tests.seed" value="4AA6DECDBC490785"/>
      <property name="tests.task" value=":core:integTest"/>
      <property name="user.country" value="US"/>
      <property name="user.dir" value="/Users/ogbonnayacngwu/CSE2410_spring2016_projectileDysfunction/core/build/testrun/integTest/J0"/>
      <property name="user.home" value="/Users/ogbonnayacngwu"/>
      <property name="user.language" value="en"/>
      <property name="user.name" value="ogbonnayacngwu"/>
      <property name="user.timezone" value="America/New_York"/>
   </properties>
   <testcase classname="org.elasticsearch.cluster.MinimumMasterNodesIT" name="testCanNotPublishWithoutMinMastNodes" time="1.661"/>
   <testcase classname="org.elasticsearch.cluster.MinimumMasterNodesIT" name="testCanNotBringClusterDown" time="0.37"/>
   <testcase classname="org.elasticsearch.cluster.MinimumMasterNodesIT" name="testMultipleNodesShutdownNonMasterNodes" time="4.398"/>
   <testcase classname="org.elasticsearch.cluster.MinimumMasterNodesIT" name="testDynamicUpdateMinimumMasterNodes" time="1.063"/>
   <testcase classname="org.elasticsearch.cluster.MinimumMasterNodesIT" name="testSimpleMinimumMasterNodes" time="2.065"/>
   <system-out><![CDATA[[2016-03-29 17:29:35,477][WARN ][org.elasticsearch.cluster.service] [node_t0] failing [test]: failed to commit cluster state version [4]
FailedToCommitClusterStateException[timed out while waiting for enough masters to ack sent cluster state. [1] left]
	at org.elasticsearch.discovery.zen.publish.PublishClusterStateAction$SendingController.waitForCommit(PublishClusterStateAction.java:525)
	at org.elasticsearch.discovery.zen.publish.PublishClusterStateAction.innerPublish(PublishClusterStateAction.java:189)
	at org.elasticsearch.discovery.zen.publish.PublishClusterStateAction.publish(PublishClusterStateAction.java:154)
	at org.elasticsearch.discovery.zen.ZenDiscovery.publish(ZenDiscovery.java:345)
	at sun.reflect.GeneratedMethodAccessor5.invoke(Unknown Source)
	at sun.reflect.DelegatingMethodAccessorImpl.invoke(DelegatingMethodAccessorImpl.java:43)
	at java.lang.reflect.Method.invoke(Method.java:483)
	at org.elasticsearch.common.inject.internal.ConstructionContext$DelegatingInvocationHandler.invoke(ConstructionContext.java:111)
	at com.sun.proxy.$Proxy35.publish(Unknown Source)
	at org.elasticsearch.discovery.DiscoveryService.publish(DiscoveryService.java:130)
	at org.elasticsearch.cluster.service.InternalClusterService.runTasksForExecutor(InternalClusterService.java:574)
	at org.elasticsearch.cluster.service.InternalClusterService$UpdateTask.run(InternalClusterService.java:761)
	at org.elasticsearch.common.util.concurrent.PrioritizedEsThreadPoolExecutor$TieBreakingPrioritizedRunnable.runAndClean(PrioritizedEsThreadPoolExecutor.java:231)
	at org.elasticsearch.common.util.concurrent.PrioritizedEsThreadPoolExecutor$TieBreakingPrioritizedRunnable.run(PrioritizedEsThreadPoolExecutor.java:194)
	at java.util.concurrent.ThreadPoolExecutor.runWorker(ThreadPoolExecutor.java:1142)
	at java.util.concurrent.ThreadPoolExecutor$Worker.run(ThreadPoolExecutor.java:617)
	at java.lang.Thread.run(Thread.java:745)
[2016-03-29 17:29:35,478][WARN ][org.elasticsearch.discovery.zen] [node_t0] failed to publish to min_master_nodes, current nodes: {{node_t0}{6MikuU6VRMaO5vOANx17cw}{127.0.0.1}{127.0.0.1:9440}[mode=>network],{node_t2}{xHFWzNVeQfuMBSEIL7yVhQ}{127.0.0.1}{127.0.0.1:9442}[mode=>network],{node_t1}{pjcT_I2JTBmoRV_mD3e7YQ}{127.0.0.1}{127.0.0.1:9441}[mode=>network],}
[2016-03-29 17:29:35,734][WARN ][org.elasticsearch.discovery.zen.ping.unicast] [node_t0] failed to send ping to [{node_t1}{pjcT_I2JTBmoRV_mD3e7YQ}{127.0.0.1}{127.0.0.1:9441}[mode=>network]]
ReceiveTimeoutTransportException[[node_t1][127.0.0.1:9441][internal:discovery/zen/unicast] request_id [46] timed out after [253ms]]
	at org.elasticsearch.transport.TransportService$TimeoutHandler.run(TransportService.java:626)
	at java.util.concurrent.ThreadPoolExecutor.runWorker(ThreadPoolExecutor.java:1142)
	at java.util.concurrent.ThreadPoolExecutor$Worker.run(ThreadPoolExecutor.java:617)
	at java.lang.Thread.run(Thread.java:745)
[2016-03-29 17:29:35,734][WARN ][org.elasticsearch.discovery.zen.ping.unicast] [node_t0] failed to send ping to [{node_t2}{xHFWzNVeQfuMBSEIL7yVhQ}{127.0.0.1}{127.0.0.1:9442}[mode=>network]]
ReceiveTimeoutTransportException[[node_t2][127.0.0.1:9442][internal:discovery/zen/unicast] request_id [47] timed out after [254ms]]
	at org.elasticsearch.transport.TransportService$TimeoutHandler.run(TransportService.java:626)
	at java.util.concurrent.ThreadPoolExecutor.runWorker(ThreadPoolExecutor.java:1142)
	at java.util.concurrent.ThreadPoolExecutor$Worker.run(ThreadPoolExecutor.java:617)
	at java.lang.Thread.run(Thread.java:745)
[2016-03-29 17:29:35,734][WARN ][org.elasticsearch.discovery.zen.ping.unicast] [node_t0] failed to send ping to [{#zen_unicast_2#}{127.0.0.1}{127.0.0.1:9441}]
ReceiveTimeoutTransportException[[node_t1][127.0.0.1:9441][internal:discovery/zen/unicast] request_id [43] timed out after [253ms]]
	at org.elasticsearch.transport.TransportService$TimeoutHandler.run(TransportService.java:626)
	at java.util.concurrent.ThreadPoolExecutor.runWorker(ThreadPoolExecutor.java:1142)
	at java.util.concurrent.ThreadPoolExecutor$Worker.run(ThreadPoolExecutor.java:617)
	at java.lang.Thread.run(Thread.java:745)
[2016-03-29 17:29:35,734][WARN ][org.elasticsearch.discovery.zen.ping.unicast] [node_t0] failed to send ping to [{#zen_unicast_3#}{127.0.0.1}{127.0.0.1:9442}]
ReceiveTimeoutTransportException[[node_t2][127.0.0.1:9442][internal:discovery/zen/unicast] request_id [44] timed out after [253ms]]
	at org.elasticsearch.transport.TransportService$TimeoutHandler.run(TransportService.java:626)
	at java.util.concurrent.ThreadPoolExecutor.runWorker(ThreadPoolExecutor.java:1142)
	at java.util.concurrent.ThreadPoolExecutor$Worker.run(ThreadPoolExecutor.java:617)
	at java.lang.Thread.run(Thread.java:745)
[2016-03-29 17:29:36,343][WARN ][org.elasticsearch.discovery.zen] [node_t1] master left (reason = failed to ping, tried [3] times, each with  maximum [1h] timeout), current nodes: {{node_t2}{xHFWzNVeQfuMBSEIL7yVhQ}{127.0.0.1}{127.0.0.1:9442}[mode=>network],{node_t1}{pjcT_I2JTBmoRV_mD3e7YQ}{127.0.0.1}{127.0.0.1:9441}[mode=>network],}
[2016-03-29 17:29:36,362][WARN ][org.elasticsearch.discovery.zen] [node_t2] master left (reason = failed to ping, tried [3] times, each with  maximum [1h] timeout), current nodes: {{node_t2}{xHFWzNVeQfuMBSEIL7yVhQ}{127.0.0.1}{127.0.0.1:9442}[mode=>network],{node_t1}{pjcT_I2JTBmoRV_mD3e7YQ}{127.0.0.1}{127.0.0.1:9441}[mode=>network],}
[2016-03-29 17:29:36,615][WARN ][org.elasticsearch.discovery.zen] [node_t2] master left (reason = shut_down), current nodes: {{node_t2}{xHFWzNVeQfuMBSEIL7yVhQ}{127.0.0.1}{127.0.0.1:9442}[mode=>network],{node_t1}{pjcT_I2JTBmoRV_mD3e7YQ}{127.0.0.1}{127.0.0.1:9441}[mode=>network],}
[2016-03-29 17:29:36,615][WARN ][org.elasticsearch.discovery.zen] [node_t1] master left (reason = shut_down), current nodes: {{node_t2}{xHFWzNVeQfuMBSEIL7yVhQ}{127.0.0.1}{127.0.0.1:9442}[mode=>network],{node_t1}{pjcT_I2JTBmoRV_mD3e7YQ}{127.0.0.1}{127.0.0.1:9441}[mode=>network],}
[2016-03-29 17:29:37,558][WARN ][org.elasticsearch.discovery] [node_t0] waited for 500ms and no initial state was set by the discovery
[2016-03-29 17:29:37,637][WARN ][org.elasticsearch.discovery] [node_t1] waited for 500ms and no initial state was set by the discovery
[2016-03-29 17:29:38,205][WARN ][org.elasticsearch.discovery] [node_t2] waited for 500ms and no initial state was set by the discovery
[2016-03-29 17:29:38,239][WARN ][org.elasticsearch.discovery] [node_t3] waited for 500ms and no initial state was set by the discovery
[2016-03-29 17:29:39,121][WARN ][org.elasticsearch.discovery.zen] [node_t1] not enough master nodes, current nodes: {{node_t1}{QzYPo8GxTKyIDZyWlPmbRA}{127.0.0.1}{127.0.0.1:9481}[mode=>network],{node_t3}{heOSiAP-RuqwErnv71MAXA}{127.0.0.1}{127.0.0.1:9483}[mode=>network],}
[2016-03-29 17:29:39,196][ERROR][org.elasticsearch.cluster.action.shard] [node_t1] unexpected failure during [shard-started ([test][0], node[heOSiAP-RuqwErnv71MAXA], [R], v[5], s[INITIALIZING], a[id=6A5bSCoeQ2OjdZ30PGuE1Q], unassigned_info[[reason=NODE_LEFT], at[2016-03-29T21:29:39.081Z], details[node_left[fg0gMtsZTxOEsklJFXtGeA]]]), reason [after recovery (replica) from node [{node_t1}{QzYPo8GxTKyIDZyWlPmbRA}{127.0.0.1}{127.0.0.1:9481}[mode=>network]]]]
org.elasticsearch.cluster.NotMasterException: no longer master. source: [shard-started ([test][0], node[heOSiAP-RuqwErnv71MAXA], [R], v[5], s[INITIALIZING], a[id=6A5bSCoeQ2OjdZ30PGuE1Q], unassigned_info[[reason=NODE_LEFT], at[2016-03-29T21:29:39.081Z], details[node_left[fg0gMtsZTxOEsklJFXtGeA]]]), reason [after recovery (replica) from node [{node_t1}{QzYPo8GxTKyIDZyWlPmbRA}{127.0.0.1}{127.0.0.1:9481}[mode=>network]]]]
[2016-03-29 17:29:39,758][WARN ][org.elasticsearch.discovery.zen] [node_t3] master left (reason = failed to ping, tried [3] times, each with  maximum [30s] timeout), current nodes: {{node_t2}{vOV1ztsWQGyHgYeULcJ4Lw}{127.0.0.1}{127.0.0.1:9482}[mode=>network],{node_t3}{heOSiAP-RuqwErnv71MAXA}{127.0.0.1}{127.0.0.1:9483}[mode=>network],}
[2016-03-29 17:29:40,751][WARN ][org.elasticsearch.discovery] [node_t4] waited for 500ms and no initial state was set by the discovery
[2016-03-29 17:29:40,807][WARN ][org.elasticsearch.discovery] [node_t5] waited for 500ms and no initial state was set by the discovery
[2016-03-29 17:29:41,376][WARN ][org.elasticsearch.discovery.zen] [node_t4] master left (reason = shut_down), current nodes: {{node_t4}{YzhESM15RhW-jf2rA2A7Fw}{127.0.0.1}{127.0.0.1:9480}[mode=>network],{node_t3}{heOSiAP-RuqwErnv71MAXA}{127.0.0.1}{127.0.0.1:9483}[mode=>network],{node_t5}{zBr2PEeyRpusQm8GFRgD4g}{127.0.0.1}{127.0.0.1:9482}[mode=>network],}
[2016-03-29 17:29:41,376][WARN ][org.elasticsearch.discovery.zen] [node_t5] master left (reason = shut_down), current nodes: {{node_t4}{YzhESM15RhW-jf2rA2A7Fw}{127.0.0.1}{127.0.0.1:9480}[mode=>network],{node_t3}{heOSiAP-RuqwErnv71MAXA}{127.0.0.1}{127.0.0.1:9483}[mode=>network],{node_t5}{zBr2PEeyRpusQm8GFRgD4g}{127.0.0.1}{127.0.0.1:9482}[mode=>network],}
[2016-03-29 17:29:41,376][WARN ][org.elasticsearch.discovery.zen] [node_t3] master left (reason = shut_down), current nodes: {{node_t4}{YzhESM15RhW-jf2rA2A7Fw}{127.0.0.1}{127.0.0.1:9480}[mode=>network],{node_t3}{heOSiAP-RuqwErnv71MAXA}{127.0.0.1}{127.0.0.1:9483}[mode=>network],{node_t5}{zBr2PEeyRpusQm8GFRgD4g}{127.0.0.1}{127.0.0.1:9482}[mode=>network],}
[2016-03-29 17:29:41,946][WARN ][org.elasticsearch.discovery.zen] [node_t0] not enough master nodes, current nodes: {{node_t0}{S1zpT21lSQ6OVa-RmhxVwQ}{127.0.0.1}{127.0.0.1:9400}[mode=>network],}
[2016-03-29 17:29:42,458][WARN ][org.elasticsearch.discovery.zen] [node_t2] master left (reason = shut_down), current nodes: {{node_t2}{4zxU_dD6SZ-tgBRM7-ONJQ}{127.0.0.1}{127.0.0.1:9401}[mode=>network],}
[2016-03-29 17:29:42,501][DEBUG][org.elasticsearch.discovery.zen.elect] [node_t0] using minimum_master_nodes [2]
[2016-03-29 17:29:42,501][DEBUG][org.elasticsearch.discovery.zen.ping.unicast] [node_t0] using initial hosts [127.0.0.1, [::1]], with concurrent_connects [10]
[2016-03-29 17:29:42,501][DEBUG][org.elasticsearch.discovery.zen] [node_t0] using ping_timeout [200ms], join.timeout [4s], master_election.filter_client [true], master_election.filter_data [false]
[2016-03-29 17:29:42,501][DEBUG][org.elasticsearch.discovery.zen.fd] [node_t0] [master] uses ping_interval [1s], ping_timeout [30s], ping_retries [3]
[2016-03-29 17:29:42,501][DEBUG][org.elasticsearch.discovery.zen.fd] [node_t0] [node  ] uses ping_interval [1s], ping_timeout [30s], ping_retries [3]
[2016-03-29 17:29:42,503][DEBUG][org.elasticsearch.gateway] [node_t0] using initial_shards [quorum]
[2016-03-29 17:29:42,511][DEBUG][org.elasticsearch.gateway] [node_t0] took 0s to load state
[2016-03-29 17:29:42,518][TRACE][org.elasticsearch.cluster.service] [node_t0] will process [initial_join]
[2016-03-29 17:29:42,518][DEBUG][org.elasticsearch.cluster.service] [node_t0] processing [initial_join]: execute
[2016-03-29 17:29:42,518][DEBUG][org.elasticsearch.cluster.service] [node_t0] processing [initial_join]: took 0s no change in cluster_state
[2016-03-29 17:29:42,518][TRACE][org.elasticsearch.discovery.zen] [node_t0] starting to accumulate joins
[2016-03-29 17:29:42,518][TRACE][org.elasticsearch.discovery.zen] [node_t0] starting to ping
[2016-03-29 17:29:42,518][TRACE][org.elasticsearch.discovery.zen.ping.unicast] [node_t0] [1] sending to {node_t0}{nMu_6boQR--7IGHETEaC6A}{127.0.0.1}{127.0.0.1:9420}[mode=>network]
[2016-03-29 17:29:42,518][TRACE][org.elasticsearch.discovery.zen.ping.unicast] [node_t0] [1] received response from {node_t0}{nMu_6boQR--7IGHETEaC6A}{127.0.0.1}{127.0.0.1:9420}[mode=>network]: [ping_response{node [{node_t0}{nMu_6boQR--7IGHETEaC6A}{127.0.0.1}{127.0.0.1:9420}[mode=>network]], id[584], master [null], hasJoinedOnce [false], cluster_name[TEST-CHILD_VM=[0]-CLUSTER_SEED=[-8106659381411338889]-HASH=[14406DC76783A180]-cluster]}, ping_response{node [{node_t0}{nMu_6boQR--7IGHETEaC6A}{127.0.0.1}{127.0.0.1:9420}[mode=>network]], id[585], master [null], hasJoinedOnce [false], cluster_name[TEST-CHILD_VM=[0]-CLUSTER_SEED=[-8106659381411338889]-HASH=[14406DC76783A180]-cluster]}]
[2016-03-29 17:29:42,519][TRACE][org.elasticsearch.discovery.zen.ping.unicast] [node_t0] [1] connecting (light) to {#zen_unicast_2#}{127.0.0.1}{127.0.0.1:9421}
[2016-03-29 17:29:42,519][TRACE][org.elasticsearch.discovery.zen.ping.unicast] [node_t0] [1] connecting (light) to {#zen_unicast_3#}{127.0.0.1}{127.0.0.1:9422}
[2016-03-29 17:29:42,519][TRACE][org.elasticsearch.discovery.zen.ping.unicast] [node_t0] [1] connecting (light) to {#zen_unicast_4#}{127.0.0.1}{127.0.0.1:9423}
[2016-03-29 17:29:42,519][TRACE][org.elasticsearch.discovery.zen.ping.unicast] [node_t0] [1] connecting (light) to {#zen_unicast_5#}{127.0.0.1}{127.0.0.1:9424}
[2016-03-29 17:29:42,519][TRACE][org.elasticsearch.discovery.zen.ping.unicast] [node_t0] [1] connecting (light) to {#zen_unicast_6#}{::1}{[::1]:9420}
[2016-03-29 17:29:42,519][TRACE][org.elasticsearch.discovery.zen.ping.unicast] [node_t0] [1] connecting (light) to {#zen_unicast_7#}{::1}{[::1]:9421}
[2016-03-29 17:29:42,519][TRACE][org.elasticsearch.discovery.zen.ping.unicast] [node_t0] [1] connecting (light) to {#zen_unicast_8#}{::1}{[::1]:9422}
[2016-03-29 17:29:42,519][TRACE][org.elasticsearch.discovery.zen.ping.unicast] [node_t0] [1] failed to connect to {#zen_unicast_5#}{127.0.0.1}{127.0.0.1:9424}
ConnectTransportException[[][127.0.0.1:9424] connect_timeout[30s]]; nested: ConnectException[Connection refused: /127.0.0.1:9424];
	at org.elasticsearch.transport.netty.NettyTransport.connectToChannelsLight(NettyTransport.java:954)
	at org.elasticsearch.transport.netty.NettyTransport.connectToNode(NettyTransport.java:918)
	at org.elasticsearch.transport.netty.NettyTransport.connectToNodeLight(NettyTransport.java:890)
	at org.elasticsearch.test.transport.MockTransportService$LookupTestTransport.connectToNodeLight(MockTransportService.java:413)
	at org.elasticsearch.transport.TransportService.connectToNodeLight(TransportService.java:242)
	at org.elasticsearch.discovery.zen.ping.unicast.UnicastZenPing$3.run(UnicastZenPing.java:395)
	at java.util.concurrent.ThreadPoolExecutor.runWorker(ThreadPoolExecutor.java:1142)
	at java.util.concurrent.ThreadPoolExecutor$Worker.run(ThreadPoolExecutor.java:617)
	at java.lang.Thread.run(Thread.java:745)
Caused by: java.net.ConnectException: Connection refused: /127.0.0.1:9424
	at sun.nio.ch.SocketChannelImpl.checkConnect(Native Method)
	at sun.nio.ch.SocketChannelImpl.finishConnect(SocketChannelImpl.java:712)
	at org.jboss.netty.channel.socket.nio.NioClientBoss.connect(NioClientBoss.java:152)
	at org.jboss.netty.channel.socket.nio.NioClientBoss.processSelectedKeys(NioClientBoss.java:105)
	at org.jboss.netty.channel.socket.nio.NioClientBoss.process(NioClientBoss.java:79)
	at org.jboss.netty.channel.socket.nio.AbstractNioSelector.run(AbstractNioSelector.java:337)
	at org.jboss.netty.channel.socket.nio.NioClientBoss.run(NioClientBoss.java:42)
	at org.jboss.netty.util.ThreadRenamingRunnable.run(ThreadRenamingRunnable.java:108)
	at org.jboss.netty.util.internal.DeadLockProofWorker$1.run(DeadLockProofWorker.java:42)
	... 3 more
[2016-03-29 17:29:42,520][TRACE][org.elasticsearch.discovery.zen.ping.unicast] [node_t0] [1] connecting (light) to {#zen_unicast_10#}{::1}{[::1]:9424}
[2016-03-29 17:29:42,520][TRACE][org.elasticsearch.discovery.zen.ping.unicast] [node_t0] [1] sending to {node_t0}{nMu_6boQR--7IGHETEaC6A}{127.0.0.1}{127.0.0.1:9420}[mode=>network]
[2016-03-29 17:29:42,520][TRACE][org.elasticsearch.discovery.zen.ping.unicast] [node_t0] [1] connecting (light) to {#zen_unicast_9#}{::1}{[::1]:9423}
[2016-03-29 17:29:42,520][TRACE][org.elasticsearch.discovery.zen.ping.unicast] [node_t0] [1] failed to connect to {#zen_unicast_3#}{127.0.0.1}{127.0.0.1:9422}
ConnectTransportException[[][127.0.0.1:9422] connect_timeout[30s]]; nested: ConnectException[Connection refused: /127.0.0.1:9422];
	at org.elasticsearch.transport.netty.NettyTransport.connectToChannelsLight(NettyTransport.java:954)
	at org.elasticsearch.transport.netty.NettyTransport.connectToNode(NettyTransport.java:918)
	at org.elasticsearch.transport.netty.NettyTransport.connectToNodeLight(NettyTransport.java:890)
	at org.elasticsearch.test.transport.MockTransportService$LookupTestTransport.connectToNodeLight(MockTransportService.java:413)
	at org.elasticsearch.transport.TransportService.connectToNodeLight(TransportService.java:242)
	at org.elasticsearch.discovery.zen.ping.unicast.UnicastZenPing$3.run(UnicastZenPing.java:395)
	at java.util.concurrent.ThreadPoolExecutor.runWorker(ThreadPoolExecutor.java:1142)
	at java.util.concurrent.ThreadPoolExecutor$Worker.run(ThreadPoolExecutor.java:617)
	at java.lang.Thread.run(Thread.java:745)
Caused by: java.net.ConnectException: Connection refused: /127.0.0.1:9422
	at sun.nio.ch.SocketChannelImpl.checkConnect(Native Method)
	at sun.nio.ch.SocketChannelImpl.finishConnect(SocketChannelImpl.java:712)
	at org.jboss.netty.channel.socket.nio.NioClientBoss.connect(NioClientBoss.java:152)
	at org.jboss.netty.channel.socket.nio.NioClientBoss.processSelectedKeys(NioClientBoss.java:105)
	at org.jboss.netty.channel.socket.nio.NioClientBoss.process(NioClientBoss.java:79)
	at org.jboss.netty.channel.socket.nio.AbstractNioSelector.run(AbstractNioSelector.java:337)
	at org.jboss.netty.channel.socket.nio.NioClientBoss.run(NioClientBoss.java:42)
	at org.jboss.netty.util.ThreadRenamingRunnable.run(ThreadRenamingRunnable.java:108)
	at org.jboss.netty.util.internal.DeadLockProofWorker$1.run(DeadLockProofWorker.java:42)
	... 3 more
[2016-03-29 17:29:42,520][TRACE][org.elasticsearch.discovery.zen.ping.unicast] [node_t0] [1] failed to connect to {#zen_unicast_8#}{::1}{[::1]:9422}
ConnectTransportException[[][[::1]:9422] connect_timeout[30s]]; nested: ConnectException[Connection refused: /0:0:0:0:0:0:0:1:9422];
	at org.elasticsearch.transport.netty.NettyTransport.connectToChannelsLight(NettyTransport.java:954)
	at org.elasticsearch.transport.netty.NettyTransport.connectToNode(NettyTransport.java:918)
	at org.elasticsearch.transport.netty.NettyTransport.connectToNodeLight(NettyTransport.java:890)
	at org.elasticsearch.test.transport.MockTransportService$LookupTestTransport.connectToNodeLight(MockTransportService.java:413)
	at org.elasticsearch.transport.TransportService.connectToNodeLight(TransportService.java:242)
	at org.elasticsearch.discovery.zen.ping.unicast.UnicastZenPing$3.run(UnicastZenPing.java:395)
	at java.util.concurrent.ThreadPoolExecutor.runWorker(ThreadPoolExecutor.java:1142)
	at java.util.concurrent.ThreadPoolExecutor$Worker.run(ThreadPoolExecutor.java:617)
	at java.lang.Thread.run(Thread.java:745)
Caused by: java.net.ConnectException: Connection refused: /0:0:0:0:0:0:0:1:9422
	at sun.nio.ch.SocketChannelImpl.checkConnect(Native Method)
	at sun.nio.ch.SocketChannelImpl.finishConnect(SocketChannelImpl.java:712)
	at org.jboss.netty.channel.socket.nio.NioClientBoss.connect(NioClientBoss.java:152)
	at org.jboss.netty.channel.socket.nio.NioClientBoss.processSelectedKeys(NioClientBoss.java:105)
	at org.jboss.netty.channel.socket.nio.NioClientBoss.process(NioClientBoss.java:79)
	at org.jboss.netty.channel.socket.nio.AbstractNioSelector.run(AbstractNioSelector.java:337)
	at org.jboss.netty.channel.socket.nio.NioClientBoss.run(NioClientBoss.java:42)
	at org.jboss.netty.util.ThreadRenamingRunnable.run(ThreadRenamingRunnable.java:108)
	at org.jboss.netty.util.internal.DeadLockProofWorker$1.run(DeadLockProofWorker.java:42)
	... 3 more
[2016-03-29 17:29:42,520][TRACE][org.elasticsearch.discovery.zen.ping.unicast] [node_t0] [1] failed to connect to {#zen_unicast_2#}{127.0.0.1}{127.0.0.1:9421}
ConnectTransportException[[][127.0.0.1:9421] connect_timeout[30s]]; nested: ConnectException[Connection refused: /127.0.0.1:9421];
	at org.elasticsearch.transport.netty.NettyTransport.connectToChannelsLight(NettyTransport.java:954)
	at org.elasticsearch.transport.netty.NettyTransport.connectToNode(NettyTransport.java:918)
	at org.elasticsearch.transport.netty.NettyTransport.connectToNodeLight(NettyTransport.java:890)
	at org.elasticsearch.test.transport.MockTransportService$LookupTestTransport.connectToNodeLight(MockTransportService.java:413)
	at org.elasticsearch.transport.TransportService.connectToNodeLight(TransportService.java:242)
	at org.elasticsearch.discovery.zen.ping.unicast.UnicastZenPing$3.run(UnicastZenPing.java:395)
	at java.util.concurrent.ThreadPoolExecutor.runWorker(ThreadPoolExecutor.java:1142)
	at java.util.concurrent.ThreadPoolExecutor$Worker.run(ThreadPoolExecutor.java:617)
	at java.lang.Thread.run(Thread.java:745)
Caused by: java.net.ConnectException: Connection refused: /127.0.0.1:9421
	at sun.nio.ch.SocketChannelImpl.checkConnect(Native Method)
	at sun.nio.ch.SocketChannelImpl.finishConnect(SocketChannelImpl.java:712)
	at org.jboss.netty.channel.socket.nio.NioClientBoss.connect(NioClientBoss.java:152)
	at org.jboss.netty.channel.socket.nio.NioClientBoss.processSelectedKeys(NioClientBoss.java:105)
	at org.jboss.netty.channel.socket.nio.NioClientBoss.process(NioClientBoss.java:79)
	at org.jboss.netty.channel.socket.nio.AbstractNioSelector.run(AbstractNioSelector.java:337)
	at org.jboss.netty.channel.socket.nio.NioClientBoss.run(NioClientBoss.java:42)
	at org.jboss.netty.util.ThreadRenamingRunnable.run(ThreadRenamingRunnable.java:108)
	at org.jboss.netty.util.internal.DeadLockProofWorker$1.run(DeadLockProofWorker.java:42)
	... 3 more
[2016-03-29 17:29:42,520][TRACE][org.elasticsearch.discovery.zen.ping.unicast] [node_t0] [1] received response from {node_t0}{nMu_6boQR--7IGHETEaC6A}{127.0.0.1}{127.0.0.1:9420}[mode=>network]: [ping_response{node [{node_t0}{nMu_6boQR--7IGHETEaC6A}{127.0.0.1}{127.0.0.1:9420}[mode=>network]], id[584], master [null], hasJoinedOnce [false], cluster_name[TEST-CHILD_VM=[0]-CLUSTER_SEED=[-8106659381411338889]-HASH=[14406DC76783A180]-cluster]}, ping_response{node [{node_t0}{nMu_6boQR--7IGHETEaC6A}{127.0.0.1}{127.0.0.1:9420}[mode=>network]], id[584], master [null], hasJoinedOnce [false], cluster_name[TEST-CHILD_VM=[0]-CLUSTER_SEED=[-8106659381411338889]-HASH=[14406DC76783A180]-cluster]}, ping_response{node [{node_t0}{nMu_6boQR--7IGHETEaC6A}{127.0.0.1}{127.0.0.1:9420}[mode=>network]], id[586], master [null], hasJoinedOnce [false], cluster_name[TEST-CHILD_VM=[0]-CLUSTER_SEED=[-8106659381411338889]-HASH=[14406DC76783A180]-cluster]}]
[2016-03-29 17:29:42,520][TRACE][org.elasticsearch.discovery.zen.ping.unicast] [node_t0] [1] failed to connect to {#zen_unicast_4#}{127.0.0.1}{127.0.0.1:9423}
ConnectTransportException[[][127.0.0.1:9423] connect_timeout[30s]]; nested: ConnectException[Connection refused: /127.0.0.1:9423];
	at org.elasticsearch.transport.netty.NettyTransport.connectToChannelsLight(NettyTransport.java:954)
	at org.elasticsearch.transport.netty.NettyTransport.connectToNode(NettyTransport.java:918)
	at org.elasticsearch.transport.netty.NettyTransport.connectToNodeLight(NettyTransport.java:890)
	at org.elasticsearch.test.transport.MockTransportService$LookupTestTransport.connectToNodeLight(MockTransportService.java:413)
	at org.elasticsearch.transport.TransportService.connectToNodeLight(TransportService.java:242)
	at org.elasticsearch.discovery.zen.ping.unicast.UnicastZenPing$3.run(UnicastZenPing.java:395)
	at java.util.concurrent.ThreadPoolExecutor.runWorker(ThreadPoolExecutor.java:1142)
	at java.util.concurrent.ThreadPoolExecutor$Worker.run(ThreadPoolExecutor.java:617)
	at java.lang.Thread.run(Thread.java:745)
Caused by: java.net.ConnectException: Connection refused: /127.0.0.1:9423
	at sun.nio.ch.SocketChannelImpl.checkConnect(Native Method)
	at sun.nio.ch.SocketChannelImpl.finishConnect(SocketChannelImpl.java:712)
	at org.jboss.netty.channel.socket.nio.NioClientBoss.connect(NioClientBoss.java:152)
	at org.jboss.netty.channel.socket.nio.NioClientBoss.processSelectedKeys(NioClientBoss.java:105)
	at org.jboss.netty.channel.socket.nio.NioClientBoss.process(NioClientBoss.java:79)
	at org.jboss.netty.channel.socket.nio.AbstractNioSelector.run(AbstractNioSelector.java:337)
	at org.jboss.netty.channel.socket.nio.NioClientBoss.run(NioClientBoss.java:42)
	at org.jboss.netty.util.ThreadRenamingRunnable.run(ThreadRenamingRunnable.java:108)
	at org.jboss.netty.util.internal.DeadLockProofWorker$1.run(DeadLockProofWorker.java:42)
	... 3 more
[2016-03-29 17:29:42,521][TRACE][org.elasticsearch.discovery.zen.ping.unicast] [node_t0] [1] failed to connect to {#zen_unicast_9#}{::1}{[::1]:9423}
ConnectTransportException[[][[::1]:9423] connect_timeout[30s]]; nested: ConnectException[Connection refused: /0:0:0:0:0:0:0:1:9423];
	at org.elasticsearch.transport.netty.NettyTransport.connectToChannelsLight(NettyTransport.java:954)
	at org.elasticsearch.transport.netty.NettyTransport.connectToNode(NettyTransport.java:918)
	at org.elasticsearch.transport.netty.NettyTransport.connectToNodeLight(NettyTransport.java:890)
	at org.elasticsearch.test.transport.MockTransportService$LookupTestTransport.connectToNodeLight(MockTransportService.java:413)
	at org.elasticsearch.transport.TransportService.connectToNodeLight(TransportService.java:242)
	at org.elasticsearch.discovery.zen.ping.unicast.UnicastZenPing$3.run(UnicastZenPing.java:395)
	at java.util.concurrent.ThreadPoolExecutor.runWorker(ThreadPoolExecutor.java:1142)
	at java.util.concurrent.ThreadPoolExecutor$Worker.run(ThreadPoolExecutor.java:617)
	at java.lang.Thread.run(Thread.java:745)
Caused by: java.net.ConnectException: Connection refused: /0:0:0:0:0:0:0:1:9423
	at sun.nio.ch.SocketChannelImpl.checkConnect(Native Method)
	at sun.nio.ch.SocketChannelImpl.finishConnect(SocketChannelImpl.java:712)
	at org.jboss.netty.channel.socket.nio.NioClientBoss.connect(NioClientBoss.java:152)
	at org.jboss.netty.channel.socket.nio.NioClientBoss.processSelectedKeys(NioClientBoss.java:105)
	at org.jboss.netty.channel.socket.nio.NioClientBoss.process(NioClientBoss.java:79)
	at org.jboss.netty.channel.socket.nio.AbstractNioSelector.run(AbstractNioSelector.java:337)
	at org.jboss.netty.channel.socket.nio.NioClientBoss.run(NioClientBoss.java:42)
	at org.jboss.netty.util.ThreadRenamingRunnable.run(ThreadRenamingRunnable.java:108)
	at org.jboss.netty.util.internal.DeadLockProofWorker$1.run(DeadLockProofWorker.java:42)
	... 3 more
[2016-03-29 17:29:42,520][TRACE][org.elasticsearch.discovery.zen.ping.unicast] [node_t0] [1] connected to {#zen_unicast_6#}{::1}{[::1]:9420}
[2016-03-29 17:29:42,520][TRACE][org.elasticsearch.discovery.zen.ping.unicast] [node_t0] [1] failed to connect to {#zen_unicast_10#}{::1}{[::1]:9424}
ConnectTransportException[[][[::1]:9424] connect_timeout[30s]]; nested: ConnectException[Connection refused: /0:0:0:0:0:0:0:1:9424];
	at org.elasticsearch.transport.netty.NettyTransport.connectToChannelsLight(NettyTransport.java:954)
	at org.elasticsearch.transport.netty.NettyTransport.connectToNode(NettyTransport.java:918)
	at org.elasticsearch.transport.netty.NettyTransport.connectToNodeLight(NettyTransport.java:890)
	at org.elasticsearch.test.transport.MockTransportService$LookupTestTransport.connectToNodeLight(MockTransportService.java:413)
	at org.elasticsearch.transport.TransportService.connectToNodeLight(TransportService.java:242)
	at org.elasticsearch.discovery.zen.ping.unicast.UnicastZenPing$3.run(UnicastZenPing.java:395)
	at java.util.concurrent.ThreadPoolExecutor.runWorker(ThreadPoolExecutor.java:1142)
	at java.util.concurrent.ThreadPoolExecutor$Worker.run(ThreadPoolExecutor.java:617)
	at java.lang.Thread.run(Thread.java:745)
Caused by: java.net.ConnectException: Connection refused: /0:0:0:0:0:0:0:1:9424
	at sun.nio.ch.SocketChannelImpl.checkConnect(Native Method)
	at sun.nio.ch.SocketChannelImpl.finishConnect(SocketChannelImpl.java:712)
	at org.jboss.netty.channel.socket.nio.NioClientBoss.connect(NioClientBoss.java:152)
	at org.jboss.netty.channel.socket.nio.NioClientBoss.processSelectedKeys(NioClientBoss.java:105)
	at org.jboss.netty.channel.socket.nio.NioClientBoss.process(NioClientBoss.java:79)
	at org.jboss.netty.channel.socket.nio.AbstractNioSelector.run(AbstractNioSelector.java:337)
	at org.jboss.netty.channel.socket.nio.NioClientBoss.run(NioClientBoss.java:42)
	at org.jboss.netty.util.ThreadRenamingRunnable.run(ThreadRenamingRunnable.java:108)
	at org.jboss.netty.util.internal.DeadLockProofWorker$1.run(DeadLockProofWorker.java:42)
	... 3 more
[2016-03-29 17:29:42,520][TRACE][org.elasticsearch.discovery.zen.ping.unicast] [node_t0] [1] failed to connect to {#zen_unicast_7#}{::1}{[::1]:9421}
ConnectTransportException[[][[::1]:9421] connect_timeout[30s]]; nested: ConnectException[Connection refused: /0:0:0:0:0:0:0:1:9421];
	at org.elasticsearch.transport.netty.NettyTransport.connectToChannelsLight(NettyTransport.java:954)
	at org.elasticsearch.transport.netty.NettyTransport.connectToNode(NettyTransport.java:918)
	at org.elasticsearch.transport.netty.NettyTransport.connectToNodeLight(NettyTransport.java:890)
	at org.elasticsearch.test.transport.MockTransportService$LookupTestTransport.connectToNodeLight(MockTransportService.java:413)
	at org.elasticsearch.transport.TransportService.connectToNodeLight(TransportService.java:242)
	at org.elasticsearch.discovery.zen.ping.unicast.UnicastZenPing$3.run(UnicastZenPing.java:395)
	at java.util.concurrent.ThreadPoolExecutor.runWorker(ThreadPoolExecutor.java:1142)
	at java.util.concurrent.ThreadPoolExecutor$Worker.run(ThreadPoolExecutor.java:617)
	at java.lang.Thread.run(Thread.java:745)
Caused by: java.net.ConnectException: Connection refused: /0:0:0:0:0:0:0:1:9421
	at sun.nio.ch.SocketChannelImpl.checkConnect(Native Method)
	at sun.nio.ch.SocketChannelImpl.finishConnect(SocketChannelImpl.java:712)
	at org.jboss.netty.channel.socket.nio.NioClientBoss.connect(NioClientBoss.java:152)
	at org.jboss.netty.channel.socket.nio.NioClientBoss.processSelectedKeys(NioClientBoss.java:105)
	at org.jboss.netty.channel.socket.nio.NioClientBoss.process(NioClientBoss.java:79)
	at org.jboss.netty.channel.socket.nio.AbstractNioSelector.run(AbstractNioSelector.java:337)
	at org.jboss.netty.channel.socket.nio.NioClientBoss.run(NioClientBoss.java:42)
	at org.jboss.netty.util.ThreadRenamingRunnable.run(ThreadRenamingRunnable.java:108)
	at org.jboss.netty.util.internal.DeadLockProofWorker$1.run(DeadLockProofWorker.java:42)
	... 3 more
[2016-03-29 17:29:42,522][TRACE][org.elasticsearch.discovery.zen.ping.unicast] [node_t0] [1] sending to {#zen_unicast_6#}{::1}{[::1]:9420}
[2016-03-29 17:29:42,523][TRACE][org.elasticsearch.discovery.zen.ping.unicast] [node_t0] [1] received response from {#zen_unicast_6#}{::1}{[::1]:9420}: [ping_response{node [{node_t0}{nMu_6boQR--7IGHETEaC6A}{127.0.0.1}{127.0.0.1:9420}[mode=>network]], id[584], master [null], hasJoinedOnce [false], cluster_name[TEST-CHILD_VM=[0]-CLUSTER_SEED=[-8106659381411338889]-HASH=[14406DC76783A180]-cluster]}, ping_response{node [{node_t0}{nMu_6boQR--7IGHETEaC6A}{127.0.0.1}{127.0.0.1:9420}[mode=>network]], id[584], master [null], hasJoinedOnce [false], cluster_name[TEST-CHILD_VM=[0]-CLUSTER_SEED=[-8106659381411338889]-HASH=[14406DC76783A180]-cluster]}, ping_response{node [{node_t0}{nMu_6boQR--7IGHETEaC6A}{127.0.0.1}{127.0.0.1:9420}[mode=>network]], id[584], master [null], hasJoinedOnce [false], cluster_name[TEST-CHILD_VM=[0]-CLUSTER_SEED=[-8106659381411338889]-HASH=[14406DC76783A180]-cluster]}, ping_response{node [{node_t0}{nMu_6boQR--7IGHETEaC6A}{127.0.0.1}{127.0.0.1:9420}[mode=>network]], id[587], master [null], hasJoinedOnce [false], cluster_name[TEST-CHILD_VM=[0]-CLUSTER_SEED=[-8106659381411338889]-HASH=[14406DC76783A180]-cluster]}]
[2016-03-29 17:29:42,622][TRACE][org.elasticsearch.discovery.zen.ping.unicast] [node_t0] [1] sending to {node_t0}{nMu_6boQR--7IGHETEaC6A}{127.0.0.1}{127.0.0.1:9420}[mode=>network]
[2016-03-29 17:29:42,622][TRACE][org.elasticsearch.discovery.zen.ping.unicast] [node_t0] [1] received response from {node_t0}{nMu_6boQR--7IGHETEaC6A}{127.0.0.1}{127.0.0.1:9420}[mode=>network]: [ping_response{node [{node_t0}{nMu_6boQR--7IGHETEaC6A}{127.0.0.1}{127.0.0.1:9420}[mode=>network]], id[584], master [null], hasJoinedOnce [false], cluster_name[TEST-CHILD_VM=[0]-CLUSTER_SEED=[-8106659381411338889]-HASH=[14406DC76783A180]-cluster]}, ping_response{node [{node_t0}{nMu_6boQR--7IGHETEaC6A}{127.0.0.1}{127.0.0.1:9420}[mode=>network]], id[584], master [null], hasJoinedOnce [false], cluster_name[TEST-CHILD_VM=[0]-CLUSTER_SEED=[-8106659381411338889]-HASH=[14406DC76783A180]-cluster]}, ping_response{node [{node_t0}{nMu_6boQR--7IGHETEaC6A}{127.0.0.1}{127.0.0.1:9420}[mode=>network]], id[584], master [null], hasJoinedOnce [false], cluster_name[TEST-CHILD_VM=[0]-CLUSTER_SEED=[-8106659381411338889]-HASH=[14406DC76783A180]-cluster]}, ping_response{node [{node_t0}{nMu_6boQR--7IGHETEaC6A}{127.0.0.1}{127.0.0.1:9420}[mode=>network]], id[588], master [null], hasJoinedOnce [false], cluster_name[TEST-CHILD_VM=[0]-CLUSTER_SEED=[-8106659381411338889]-HASH=[14406DC76783A180]-cluster]}, ping_response{node [{node_t0}{nMu_6boQR--7IGHETEaC6A}{127.0.0.1}{127.0.0.1:9420}[mode=>network]], id[589], master [null], hasJoinedOnce [false], cluster_name[TEST-CHILD_VM=[0]-CLUSTER_SEED=[-8106659381411338889]-HASH=[14406DC76783A180]-cluster]}]
[2016-03-29 17:29:42,623][TRACE][org.elasticsearch.discovery.zen.ping.unicast] [node_t0] [1] connecting (light) to {#zen_unicast_2#}{127.0.0.1}{127.0.0.1:9421}
[2016-03-29 17:29:42,623][TRACE][org.elasticsearch.discovery.zen.ping.unicast] [node_t0] [1] connecting (light) to {#zen_unicast_5#}{127.0.0.1}{127.0.0.1:9424}
[2016-03-29 17:29:42,623][TRACE][org.elasticsearch.discovery.zen.ping.unicast] [node_t0] [1] connecting (light) to {#zen_unicast_4#}{127.0.0.1}{127.0.0.1:9423}
[2016-03-29 17:29:42,623][TRACE][org.elasticsearch.discovery.zen.ping.unicast] [node_t0] [1] sending to {#zen_unicast_6#}{::1}{[::1]:9420}
[2016-03-29 17:29:42,623][TRACE][org.elasticsearch.discovery.zen.ping.unicast] [node_t0] [1] connecting (light) to {#zen_unicast_3#}{127.0.0.1}{127.0.0.1:9422}
[2016-03-29 17:29:42,623][TRACE][org.elasticsearch.discovery.zen.ping.unicast] [node_t0] [1] connecting (light) to {#zen_unicast_7#}{::1}{[::1]:9421}
[2016-03-29 17:29:42,623][TRACE][org.elasticsearch.discovery.zen.ping.unicast] [node_t0] [1] sending to {node_t0}{nMu_6boQR--7IGHETEaC6A}{127.0.0.1}{127.0.0.1:9420}[mode=>network]
[2016-03-29 17:29:42,623][TRACE][org.elasticsearch.discovery.zen.ping.unicast] [node_t0] [1] connecting (light) to {#zen_unicast_10#}{::1}{[::1]:9424}
[2016-03-29 17:29:42,623][TRACE][org.elasticsearch.discovery.zen.ping.unicast] [node_t0] [1] received response from {node_t0}{nMu_6boQR--7IGHETEaC6A}{127.0.0.1}{127.0.0.1:9420}[mode=>network]: [ping_response{node [{node_t0}{nMu_6boQR--7IGHETEaC6A}{127.0.0.1}{127.0.0.1:9420}[mode=>network]], id[584], master [null], hasJoinedOnce [false], cluster_name[TEST-CHILD_VM=[0]-CLUSTER_SEED=[-8106659381411338889]-HASH=[14406DC76783A180]-cluster]}, ping_response{node [{node_t0}{nMu_6boQR--7IGHETEaC6A}{127.0.0.1}{127.0.0.1:9420}[mode=>network]], id[584], master [null], hasJoinedOnce [false], cluster_name[TEST-CHILD_VM=[0]-CLUSTER_SEED=[-8106659381411338889]-HASH=[14406DC76783A180]-cluster]}, ping_response{node [{node_t0}{nMu_6boQR--7IGHETEaC6A}{127.0.0.1}{127.0.0.1:9420}[mode=>network]], id[584], master [null], hasJoinedOnce [false], cluster_name[TEST-CHILD_VM=[0]-CLUSTER_SEED=[-8106659381411338889]-HASH=[14406DC76783A180]-cluster]}, ping_response{node [{node_t0}{nMu_6boQR--7IGHETEaC6A}{127.0.0.1}{127.0.0.1:9420}[mode=>network]], id[588], master [null], hasJoinedOnce [false], cluster_name[TEST-CHILD_VM=[0]-CLUSTER_SEED=[-8106659381411338889]-HASH=[14406DC76783A180]-cluster]}, ping_response{node [{node_t0}{nMu_6boQR--7IGHETEaC6A}{127.0.0.1}{127.0.0.1:9420}[mode=>network]], id[588], master [null], hasJoinedOnce [false], cluster_name[TEST-CHILD_VM=[0]-CLUSTER_SEED=[-8106659381411338889]-HASH=[14406DC76783A180]-cluster]}, ping_response{node [{node_t0}{nMu_6boQR--7IGHETEaC6A}{127.0.0.1}{127.0.0.1:9420}[mode=>network]], id[590], master [null], hasJoinedOnce [false], cluster_name[TEST-CHILD_VM=[0]-CLUSTER_SEED=[-8106659381411338889]-HASH=[14406DC76783A180]-cluster]}]
[2016-03-29 17:29:42,623][TRACE][org.elasticsearch.discovery.zen.ping.unicast] [node_t0] [1] connecting (light) to {#zen_unicast_9#}{::1}{[::1]:9423}
[2016-03-29 17:29:42,623][TRACE][org.elasticsearch.discovery.zen.ping.unicast] [node_t0] [1] connecting (light) to {#zen_unicast_8#}{::1}{[::1]:9422}
[2016-03-29 17:29:42,624][TRACE][org.elasticsearch.discovery.zen.ping.unicast] [node_t0] [1] failed to connect to {#zen_unicast_4#}{127.0.0.1}{127.0.0.1:9423}
ConnectTransportException[[][127.0.0.1:9423] connect_timeout[30s]]; nested: ConnectException[Connection refused: /127.0.0.1:9423];
	at org.elasticsearch.transport.netty.NettyTransport.connectToChannelsLight(NettyTransport.java:954)
	at org.elasticsearch.transport.netty.NettyTransport.connectToNode(NettyTransport.java:918)
	at org.elasticsearch.transport.netty.NettyTransport.connectToNodeLight(NettyTransport.java:890)
	at org.elasticsearch.test.transport.MockTransportService$LookupTestTransport.connectToNodeLight(MockTransportService.java:413)
	at org.elasticsearch.transport.TransportService.connectToNodeLight(TransportService.java:242)
	at org.elasticsearch.discovery.zen.ping.unicast.UnicastZenPing$3.run(UnicastZenPing.java:395)
	at java.util.concurrent.ThreadPoolExecutor.runWorker(ThreadPoolExecutor.java:1142)
	at java.util.concurrent.ThreadPoolExecutor$Worker.run(ThreadPoolExecutor.java:617)
	at java.lang.Thread.run(Thread.java:745)
Caused by: java.net.ConnectException: Connection refused: /127.0.0.1:9423
	at sun.nio.ch.SocketChannelImpl.checkConnect(Native Method)
	at sun.nio.ch.SocketChannelImpl.finishConnect(SocketChannelImpl.java:712)
	at org.jboss.netty.channel.socket.nio.NioClientBoss.connect(NioClientBoss.java:152)
	at org.jboss.netty.channel.socket.nio.NioClientBoss.processSelectedKeys(NioClientBoss.java:105)
	at org.jboss.netty.channel.socket.nio.NioClientBoss.process(NioClientBoss.java:79)
	at org.jboss.netty.channel.socket.nio.AbstractNioSelector.run(AbstractNioSelector.java:337)
	at org.jboss.netty.channel.socket.nio.NioClientBoss.run(NioClientBoss.java:42)
	at org.jboss.netty.util.ThreadRenamingRunnable.run(ThreadRenamingRunnable.java:108)
	at org.jboss.netty.util.internal.DeadLockProofWorker$1.run(DeadLockProofWorker.java:42)
	... 3 more
[2016-03-29 17:29:42,624][TRACE][org.elasticsearch.discovery.zen.ping.unicast] [node_t0] [1] failed to connect to {#zen_unicast_3#}{127.0.0.1}{127.0.0.1:9422}
ConnectTransportException[[][127.0.0.1:9422] connect_timeout[30s]]; nested: ConnectException[Connection refused: /127.0.0.1:9422];
	at org.elasticsearch.transport.netty.NettyTransport.connectToChannelsLight(NettyTransport.java:954)
	at org.elasticsearch.transport.netty.NettyTransport.connectToNode(NettyTransport.java:918)
	at org.elasticsearch.transport.netty.NettyTransport.connectToNodeLight(NettyTransport.java:890)
	at org.elasticsearch.test.transport.MockTransportService$LookupTestTransport.connectToNodeLight(MockTransportService.java:413)
	at org.elasticsearch.transport.TransportService.connectToNodeLight(TransportService.java:242)
	at org.elasticsearch.discovery.zen.ping.unicast.UnicastZenPing$3.run(UnicastZenPing.java:395)
	at java.util.concurrent.ThreadPoolExecutor.runWorker(ThreadPoolExecutor.java:1142)
	at java.util.concurrent.ThreadPoolExecutor$Worker.run(ThreadPoolExecutor.java:617)
	at java.lang.Thread.run(Thread.java:745)
Caused by: java.net.ConnectException: Connection refused: /127.0.0.1:9422
	at sun.nio.ch.SocketChannelImpl.checkConnect(Native Method)
	at sun.nio.ch.SocketChannelImpl.finishConnect(SocketChannelImpl.java:712)
	at org.jboss.netty.channel.socket.nio.NioClientBoss.connect(NioClientBoss.java:152)
	at org.jboss.netty.channel.socket.nio.NioClientBoss.processSelectedKeys(NioClientBoss.java:105)
	at org.jboss.netty.channel.socket.nio.NioClientBoss.process(NioClientBoss.java:79)
	at org.jboss.netty.channel.socket.nio.AbstractNioSelector.run(AbstractNioSelector.java:337)
	at org.jboss.netty.channel.socket.nio.NioClientBoss.run(NioClientBoss.java:42)
	at org.jboss.netty.util.ThreadRenamingRunnable.run(ThreadRenamingRunnable.java:108)
	at org.jboss.netty.util.internal.DeadLockProofWorker$1.run(DeadLockProofWorker.java:42)
	... 3 more
[2016-03-29 17:29:42,625][TRACE][org.elasticsearch.discovery.zen.ping.unicast] [node_t0] [1] failed to connect to {#zen_unicast_8#}{::1}{[::1]:9422}
ConnectTransportException[[][[::1]:9422] connect_timeout[30s]]; nested: ConnectException[Connection refused: /0:0:0:0:0:0:0:1:9422];
	at org.elasticsearch.transport.netty.NettyTransport.connectToChannelsLight(NettyTransport.java:954)
	at org.elasticsearch.transport.netty.NettyTransport.connectToNode(NettyTransport.java:918)
	at org.elasticsearch.transport.netty.NettyTransport.connectToNodeLight(NettyTransport.java:890)
	at org.elasticsearch.test.transport.MockTransportService$LookupTestTransport.connectToNodeLight(MockTransportService.java:413)
	at org.elasticsearch.transport.TransportService.connectToNodeLight(TransportService.java:242)
	at org.elasticsearch.discovery.zen.ping.unicast.UnicastZenPing$3.run(UnicastZenPing.java:395)
	at java.util.concurrent.ThreadPoolExecutor.runWorker(ThreadPoolExecutor.java:1142)
	at java.util.concurrent.ThreadPoolExecutor$Worker.run(ThreadPoolExecutor.java:617)
	at java.lang.Thread.run(Thread.java:745)
Caused by: java.net.ConnectException: Connection refused: /0:0:0:0:0:0:0:1:9422
	at sun.nio.ch.SocketChannelImpl.checkConnect(Native Method)
	at sun.nio.ch.SocketChannelImpl.finishConnect(SocketChannelImpl.java:712)
	at org.jboss.netty.channel.socket.nio.NioClientBoss.connect(NioClientBoss.java:152)
	at org.jboss.netty.channel.socket.nio.NioClientBoss.processSelectedKeys(NioClientBoss.java:105)
	at org.jboss.netty.channel.socket.nio.NioClientBoss.process(NioClientBoss.java:79)
	at org.jboss.netty.channel.socket.nio.AbstractNioSelector.run(AbstractNioSelector.java:337)
	at org.jboss.netty.channel.socket.nio.NioClientBoss.run(NioClientBoss.java:42)
	at org.jboss.netty.util.ThreadRenamingRunnable.run(ThreadRenamingRunnable.java:108)
	at org.jboss.netty.util.internal.DeadLockProofWorker$1.run(DeadLockProofWorker.java:42)
	... 3 more
[2016-03-29 17:29:42,624][TRACE][org.elasticsearch.discovery.zen.ping.unicast] [node_t0] [1] received response from {#zen_unicast_6#}{::1}{[::1]:9420}: [ping_response{node [{node_t0}{nMu_6boQR--7IGHETEaC6A}{127.0.0.1}{127.0.0.1:9420}[mode=>network]], id[584], master [null], hasJoinedOnce [false], cluster_name[TEST-CHILD_VM=[0]-CLUSTER_SEED=[-8106659381411338889]-HASH=[14406DC76783A180]-cluster]}, ping_response{node [{node_t0}{nMu_6boQR--7IGHETEaC6A}{127.0.0.1}{127.0.0.1:9420}[mode=>network]], id[584], master [null], hasJoinedOnce [false], cluster_name[TEST-CHILD_VM=[0]-CLUSTER_SEED=[-8106659381411338889]-HASH=[14406DC76783A180]-cluster]}, ping_response{node [{node_t0}{nMu_6boQR--7IGHETEaC6A}{127.0.0.1}{127.0.0.1:9420}[mode=>network]], id[584], master [null], hasJoinedOnce [false], cluster_name[TEST-CHILD_VM=[0]-CLUSTER_SEED=[-8106659381411338889]-HASH=[14406DC76783A180]-cluster]}, ping_response{node [{node_t0}{nMu_6boQR--7IGHETEaC6A}{127.0.0.1}{127.0.0.1:9420}[mode=>network]], id[588], master [null], hasJoinedOnce [false], cluster_name[TEST-CHILD_VM=[0]-CLUSTER_SEED=[-8106659381411338889]-HASH=[14406DC76783A180]-cluster]}, ping_response{node [{node_t0}{nMu_6boQR--7IGHETEaC6A}{127.0.0.1}{127.0.0.1:9420}[mode=>network]], id[588], master [null], hasJoinedOnce [false], cluster_name[TEST-CHILD_VM=[0]-CLUSTER_SEED=[-8106659381411338889]-HASH=[14406DC76783A180]-cluster]}, ping_response{node [{node_t0}{nMu_6boQR--7IGHETEaC6A}{127.0.0.1}{127.0.0.1:9420}[mode=>network]], id[588], master [null], hasJoinedOnce [false], cluster_name[TEST-CHILD_VM=[0]-CLUSTER_SEED=[-8106659381411338889]-HASH=[14406DC76783A180]-cluster]}, ping_response{node [{node_t0}{nMu_6boQR--7IGHETEaC6A}{127.0.0.1}{127.0.0.1:9420}[mode=>network]], id[591], master [null], hasJoinedOnce [false], cluster_name[TEST-CHILD_VM=[0]-CLUSTER_SEED=[-8106659381411338889]-HASH=[14406DC76783A180]-cluster]}]
[2016-03-29 17:29:42,624][TRACE][org.elasticsearch.discovery.zen.ping.unicast] [node_t0] [1] failed to connect to {#zen_unicast_2#}{127.0.0.1}{127.0.0.1:9421}
ConnectTransportException[[][127.0.0.1:9421] connect_timeout[30s]]; nested: ConnectException[Connection refused: /127.0.0.1:9421];
	at org.elasticsearch.transport.netty.NettyTransport.connectToChannelsLight(NettyTransport.java:954)
	at org.elasticsearch.transport.netty.NettyTransport.connectToNode(NettyTransport.java:918)
	at org.elasticsearch.transport.netty.NettyTransport.connectToNodeLight(NettyTransport.java:890)
	at org.elasticsearch.test.transport.MockTransportService$LookupTestTransport.connectToNodeLight(MockTransportService.java:413)
	at org.elasticsearch.transport.TransportService.connectToNodeLight(TransportService.java:242)
	at org.elasticsearch.discovery.zen.ping.unicast.UnicastZenPing$3.run(UnicastZenPing.java:395)
	at java.util.concurrent.ThreadPoolExecutor.runWorker(ThreadPoolExecutor.java:1142)
	at java.util.concurrent.ThreadPoolExecutor$Worker.run(ThreadPoolExecutor.java:617)
	at java.lang.Thread.run(Thread.java:745)
Caused by: java.net.ConnectException: Connection refused: /127.0.0.1:9421
	at sun.nio.ch.SocketChannelImpl.checkConnect(Native Method)
	at sun.nio.ch.SocketChannelImpl.finishConnect(SocketChannelImpl.java:712)
	at org.jboss.netty.channel.socket.nio.NioClientBoss.connect(NioClientBoss.java:152)
	at org.jboss.netty.channel.socket.nio.NioClientBoss.processSelectedKeys(NioClientBoss.java:105)
	at org.jboss.netty.channel.socket.nio.NioClientBoss.process(NioClientBoss.java:79)
	at org.jboss.netty.channel.socket.nio.AbstractNioSelector.run(AbstractNioSelector.java:337)
	at org.jboss.netty.channel.socket.nio.NioClientBoss.run(NioClientBoss.java:42)
	at org.jboss.netty.util.ThreadRenamingRunnable.run(ThreadRenamingRunnable.java:108)
	at org.jboss.netty.util.internal.DeadLockProofWorker$1.run(DeadLockProofWorker.java:42)
	... 3 more
[2016-03-29 17:29:42,625][TRACE][org.elasticsearch.discovery.zen.ping.unicast] [node_t0] [1] failed to connect to {#zen_unicast_9#}{::1}{[::1]:9423}
ConnectTransportException[[][[::1]:9423] connect_timeout[30s]]; nested: ConnectException[Connection refused: /0:0:0:0:0:0:0:1:9423];
	at org.elasticsearch.transport.netty.NettyTransport.connectToChannelsLight(NettyTransport.java:954)
	at org.elasticsearch.transport.netty.NettyTransport.connectToNode(NettyTransport.java:918)
	at org.elasticsearch.transport.netty.NettyTransport.connectToNodeLight(NettyTransport.java:890)
	at org.elasticsearch.test.transport.MockTransportService$LookupTestTransport.connectToNodeLight(MockTransportService.java:413)
	at org.elasticsearch.transport.TransportService.connectToNodeLight(TransportService.java:242)
	at org.elasticsearch.discovery.zen.ping.unicast.UnicastZenPing$3.run(UnicastZenPing.java:395)
	at java.util.concurrent.ThreadPoolExecutor.runWorker(ThreadPoolExecutor.java:1142)
	at java.util.concurrent.ThreadPoolExecutor$Worker.run(ThreadPoolExecutor.java:617)
	at java.lang.Thread.run(Thread.java:745)
Caused by: java.net.ConnectException: Connection refused: /0:0:0:0:0:0:0:1:9423
	at sun.nio.ch.SocketChannelImpl.checkConnect(Native Method)
	at sun.nio.ch.SocketChannelImpl.finishConnect(SocketChannelImpl.java:712)
	at org.jboss.netty.channel.socket.nio.NioClientBoss.connect(NioClientBoss.java:152)
	at org.jboss.netty.channel.socket.nio.NioClientBoss.processSelectedKeys(NioClientBoss.java:105)
	at org.jboss.netty.channel.socket.nio.NioClientBoss.process(NioClientBoss.java:79)
	at org.jboss.netty.channel.socket.nio.AbstractNioSelector.run(AbstractNioSelector.java:337)
	at org.jboss.netty.channel.socket.nio.NioClientBoss.run(NioClientBoss.java:42)
	at org.jboss.netty.util.ThreadRenamingRunnable.run(ThreadRenamingRunnable.java:108)
	at org.jboss.netty.util.internal.DeadLockProofWorker$1.run(DeadLockProofWorker.java:42)
	... 3 more
[2016-03-29 17:29:42,624][TRACE][org.elasticsearch.discovery.zen.ping.unicast] [node_t0] [1] failed to connect to {#zen_unicast_10#}{::1}{[::1]:9424}
ConnectTransportException[[][[::1]:9424] connect_timeout[30s]]; nested: ConnectException[Connection refused: /0:0:0:0:0:0:0:1:9424];
	at org.elasticsearch.transport.netty.NettyTransport.connectToChannelsLight(NettyTransport.java:954)
	at org.elasticsearch.transport.netty.NettyTransport.connectToNode(NettyTransport.java:918)
	at org.elasticsearch.transport.netty.NettyTransport.connectToNodeLight(NettyTransport.java:890)
	at org.elasticsearch.test.transport.MockTransportService$LookupTestTransport.connectToNodeLight(MockTransportService.java:413)
	at org.elasticsearch.transport.TransportService.connectToNodeLight(TransportService.java:242)
	at org.elasticsearch.discovery.zen.ping.unicast.UnicastZenPing$3.run(UnicastZenPing.java:395)
	at java.util.concurrent.ThreadPoolExecutor.runWorker(ThreadPoolExecutor.java:1142)
	at java.util.concurrent.ThreadPoolExecutor$Worker.run(ThreadPoolExecutor.java:617)
	at java.lang.Thread.run(Thread.java:745)
Caused by: java.net.ConnectException: Connection refused: /0:0:0:0:0:0:0:1:9424
	at sun.nio.ch.SocketChannelImpl.checkConnect(Native Method)
	at sun.nio.ch.SocketChannelImpl.finishConnect(SocketChannelImpl.java:712)
	at org.jboss.netty.channel.socket.nio.NioClientBoss.connect(NioClientBoss.java:152)
	at org.jboss.netty.channel.socket.nio.NioClientBoss.processSelectedKeys(NioClientBoss.java:105)
	at org.jboss.netty.channel.socket.nio.NioClientBoss.process(NioClientBoss.java:79)
	at org.jboss.netty.channel.socket.nio.AbstractNioSelector.run(AbstractNioSelector.java:337)
	at org.jboss.netty.channel.socket.nio.NioClientBoss.run(NioClientBoss.java:42)
	at org.jboss.netty.util.ThreadRenamingRunnable.run(ThreadRenamingRunnable.java:108)
	at org.jboss.netty.util.internal.DeadLockProofWorker$1.run(DeadLockProofWorker.java:42)
	... 3 more
[2016-03-29 17:29:42,624][TRACE][org.elasticsearch.discovery.zen.ping.unicast] [node_t0] [1] failed to connect to {#zen_unicast_7#}{::1}{[::1]:9421}
ConnectTransportException[[][[::1]:9421] connect_timeout[30s]]; nested: ConnectException[Connection refused: /0:0:0:0:0:0:0:1:9421];
	at org.elasticsearch.transport.netty.NettyTransport.connectToChannelsLight(NettyTransport.java:954)
	at org.elasticsearch.transport.netty.NettyTransport.connectToNode(NettyTransport.java:918)
	at org.elasticsearch.transport.netty.NettyTransport.connectToNodeLight(NettyTransport.java:890)
	at org.elasticsearch.test.transport.MockTransportService$LookupTestTransport.connectToNodeLight(MockTransportService.java:413)
	at org.elasticsearch.transport.TransportService.connectToNodeLight(TransportService.java:242)
	at org.elasticsearch.discovery.zen.ping.unicast.UnicastZenPing$3.run(UnicastZenPing.java:395)
	at java.util.concurrent.ThreadPoolExecutor.runWorker(ThreadPoolExecutor.java:1142)
	at java.util.concurrent.ThreadPoolExecutor$Worker.run(ThreadPoolExecutor.java:617)
	at java.lang.Thread.run(Thread.java:745)
Caused by: java.net.ConnectException: Connection refused: /0:0:0:0:0:0:0:1:9421
	at sun.nio.ch.SocketChannelImpl.checkConnect(Native Method)
	at sun.nio.ch.SocketChannelImpl.finishConnect(SocketChannelImpl.java:712)
	at org.jboss.netty.channel.socket.nio.NioClientBoss.connect(NioClientBoss.java:152)
	at org.jboss.netty.channel.socket.nio.NioClientBoss.processSelectedKeys(NioClientBoss.java:105)
	at org.jboss.netty.channel.socket.nio.NioClientBoss.process(NioClientBoss.java:79)
	at org.jboss.netty.channel.socket.nio.AbstractNioSelector.run(AbstractNioSelector.java:337)
	at org.jboss.netty.channel.socket.nio.NioClientBoss.run(NioClientBoss.java:42)
	at org.jboss.netty.util.ThreadRenamingRunnable.run(ThreadRenamingRunnable.java:108)
	at org.jboss.netty.util.internal.DeadLockProofWorker$1.run(DeadLockProofWorker.java:42)
	... 3 more
[2016-03-29 17:29:42,624][TRACE][org.elasticsearch.discovery.zen.ping.unicast] [node_t0] [1] failed to connect to {#zen_unicast_5#}{127.0.0.1}{127.0.0.1:9424}
ConnectTransportException[[][127.0.0.1:9424] connect_timeout[30s]]; nested: ConnectException[Connection refused: /127.0.0.1:9424];
	at org.elasticsearch.transport.netty.NettyTransport.connectToChannelsLight(NettyTransport.java:954)
	at org.elasticsearch.transport.netty.NettyTransport.connectToNode(NettyTransport.java:918)
	at org.elasticsearch.transport.netty.NettyTransport.connectToNodeLight(NettyTransport.java:890)
	at org.elasticsearch.test.transport.MockTransportService$LookupTestTransport.connectToNodeLight(MockTransportService.java:413)
	at org.elasticsearch.transport.TransportService.connectToNodeLight(TransportService.java:242)
	at org.elasticsearch.discovery.zen.ping.unicast.UnicastZenPing$3.run(UnicastZenPing.java:395)
	at java.util.concurrent.ThreadPoolExecutor.runWorker(ThreadPoolExecutor.java:1142)
	at java.util.concurrent.ThreadPoolExecutor$Worker.run(ThreadPoolExecutor.java:617)
	at java.lang.Thread.run(Thread.java:745)
Caused by: java.net.ConnectException: Connection refused: /127.0.0.1:9424
	at sun.nio.ch.SocketChannelImpl.checkConnect(Native Method)
	at sun.nio.ch.SocketChannelImpl.finishConnect(SocketChannelImpl.java:712)
	at org.jboss.netty.channel.socket.nio.NioClientBoss.connect(NioClientBoss.java:152)
	at org.jboss.netty.channel.socket.nio.NioClientBoss.processSelectedKeys(NioClientBoss.java:105)
	at org.jboss.netty.channel.socket.nio.NioClientBoss.process(NioClientBoss.java:79)
	at org.jboss.netty.channel.socket.nio.AbstractNioSelector.run(AbstractNioSelector.java:337)
	at org.jboss.netty.channel.socket.nio.NioClientBoss.run(NioClientBoss.java:42)
	at org.jboss.netty.util.ThreadRenamingRunnable.run(ThreadRenamingRunnable.java:108)
	at org.jboss.netty.util.internal.DeadLockProofWorker$1.run(DeadLockProofWorker.java:42)
	... 3 more
[2016-03-29 17:29:42,724][TRACE][org.elasticsearch.discovery.zen.ping.unicast] [node_t0] [1] sending to {node_t0}{nMu_6boQR--7IGHETEaC6A}{127.0.0.1}{127.0.0.1:9420}[mode=>network]
[2016-03-29 17:29:42,724][TRACE][org.elasticsearch.discovery.zen.ping.unicast] [node_t0] [1] received response from {node_t0}{nMu_6boQR--7IGHETEaC6A}{127.0.0.1}{127.0.0.1:9420}[mode=>network]: [ping_response{node [{node_t0}{nMu_6boQR--7IGHETEaC6A}{127.0.0.1}{127.0.0.1:9420}[mode=>network]], id[584], master [null], hasJoinedOnce [false], cluster_name[TEST-CHILD_VM=[0]-CLUSTER_SEED=[-8106659381411338889]-HASH=[14406DC76783A180]-cluster]}, ping_response{node [{node_t0}{nMu_6boQR--7IGHETEaC6A}{127.0.0.1}{127.0.0.1:9420}[mode=>network]], id[584], master [null], hasJoinedOnce [false], cluster_name[TEST-CHILD_VM=[0]-CLUSTER_SEED=[-8106659381411338889]-HASH=[14406DC76783A180]-cluster]}, ping_response{node [{node_t0}{nMu_6boQR--7IGHETEaC6A}{127.0.0.1}{127.0.0.1:9420}[mode=>network]], id[584], master [null], hasJoinedOnce [false], cluster_name[TEST-CHILD_VM=[0]-CLUSTER_SEED=[-8106659381411338889]-HASH=[14406DC76783A180]-cluster]}, ping_response{node [{node_t0}{nMu_6boQR--7IGHETEaC6A}{127.0.0.1}{127.0.0.1:9420}[mode=>network]], id[588], master [null], hasJoinedOnce [false], cluster_name[TEST-CHILD_VM=[0]-CLUSTER_SEED=[-8106659381411338889]-HASH=[14406DC76783A180]-cluster]}, ping_response{node [{node_t0}{nMu_6boQR--7IGHETEaC6A}{127.0.0.1}{127.0.0.1:9420}[mode=>network]], id[588], master [null], hasJoinedOnce [false], cluster_name[TEST-CHILD_VM=[0]-CLUSTER_SEED=[-8106659381411338889]-HASH=[14406DC76783A180]-cluster]}, ping_response{node [{node_t0}{nMu_6boQR--7IGHETEaC6A}{127.0.0.1}{127.0.0.1:9420}[mode=>network]], id[588], master [null], hasJoinedOnce [false], cluster_name[TEST-CHILD_VM=[0]-CLUSTER_SEED=[-8106659381411338889]-HASH=[14406DC76783A180]-cluster]}, ping_response{node [{node_t0}{nMu_6boQR--7IGHETEaC6A}{127.0.0.1}{127.0.0.1:9420}[mode=>network]], id[592], master [null], hasJoinedOnce [false], cluster_name[TEST-CHILD_VM=[0]-CLUSTER_SEED=[-8106659381411338889]-HASH=[14406DC76783A180]-cluster]}, ping_response{node [{node_t0}{nMu_6boQR--7IGHETEaC6A}{127.0.0.1}{127.0.0.1:9420}[mode=>network]], id[593], master [null], hasJoinedOnce [false], cluster_name[TEST-CHILD_VM=[0]-CLUSTER_SEED=[-8106659381411338889]-HASH=[14406DC76783A180]-cluster]}]
[2016-03-29 17:29:42,724][TRACE][org.elasticsearch.discovery.zen.ping.unicast] [node_t0] [1] connecting (light) to {#zen_unicast_2#}{127.0.0.1}{127.0.0.1:9421}
[2016-03-29 17:29:42,724][TRACE][org.elasticsearch.discovery.zen.ping.unicast] [node_t0] [1] connecting (light) to {#zen_unicast_3#}{127.0.0.1}{127.0.0.1:9422}
[2016-03-29 17:29:42,725][TRACE][org.elasticsearch.discovery.zen.ping.unicast] [node_t0] [1] connecting (light) to {#zen_unicast_5#}{127.0.0.1}{127.0.0.1:9424}
[2016-03-29 17:29:42,725][TRACE][org.elasticsearch.discovery.zen.ping.unicast] [node_t0] [1] connecting (light) to {#zen_unicast_4#}{127.0.0.1}{127.0.0.1:9423}
[2016-03-29 17:29:42,725][TRACE][org.elasticsearch.discovery.zen.ping.unicast] [node_t0] [1] sending to {#zen_unicast_6#}{::1}{[::1]:9420}
[2016-03-29 17:29:42,725][TRACE][org.elasticsearch.discovery.zen.ping.unicast] [node_t0] [1] sending to {node_t0}{nMu_6boQR--7IGHETEaC6A}{127.0.0.1}{127.0.0.1:9420}[mode=>network]
[2016-03-29 17:29:42,725][TRACE][org.elasticsearch.discovery.zen.ping.unicast] [node_t0] [1] connecting (light) to {#zen_unicast_7#}{::1}{[::1]:9421}
[2016-03-29 17:29:42,725][TRACE][org.elasticsearch.discovery.zen.ping.unicast] [node_t0] [1] connecting (light) to {#zen_unicast_10#}{::1}{[::1]:9424}
[2016-03-29 17:29:42,725][TRACE][org.elasticsearch.discovery.zen.ping.unicast] [node_t0] [1] received response from {node_t0}{nMu_6boQR--7IGHETEaC6A}{127.0.0.1}{127.0.0.1:9420}[mode=>network]: [ping_response{node [{node_t0}{nMu_6boQR--7IGHETEaC6A}{127.0.0.1}{127.0.0.1:9420}[mode=>network]], id[584], master [null], hasJoinedOnce [false], cluster_name[TEST-CHILD_VM=[0]-CLUSTER_SEED=[-8106659381411338889]-HASH=[14406DC76783A180]-cluster]}, ping_response{node [{node_t0}{nMu_6boQR--7IGHETEaC6A}{127.0.0.1}{127.0.0.1:9420}[mode=>network]], id[584], master [null], hasJoinedOnce [false], cluster_name[TEST-CHILD_VM=[0]-CLUSTER_SEED=[-8106659381411338889]-HASH=[14406DC76783A180]-cluster]}, ping_response{node [{node_t0}{nMu_6boQR--7IGHETEaC6A}{127.0.0.1}{127.0.0.1:9420}[mode=>network]], id[584], master [null], hasJoinedOnce [false], cluster_name[TEST-CHILD_VM=[0]-CLUSTER_SEED=[-8106659381411338889]-HASH=[14406DC76783A180]-cluster]}, ping_response{node [{node_t0}{nMu_6boQR--7IGHETEaC6A}{127.0.0.1}{127.0.0.1:9420}[mode=>network]], id[588], master [null], hasJoinedOnce [false], cluster_name[TEST-CHILD_VM=[0]-CLUSTER_SEED=[-8106659381411338889]-HASH=[14406DC76783A180]-cluster]}, ping_response{node [{node_t0}{nMu_6boQR--7IGHETEaC6A}{127.0.0.1}{127.0.0.1:9420}[mode=>network]], id[588], master [null], hasJoinedOnce [false], cluster_name[TEST-CHILD_VM=[0]-CLUSTER_SEED=[-8106659381411338889]-HASH=[14406DC76783A180]-cluster]}, ping_response{node [{node_t0}{nMu_6boQR--7IGHETEaC6A}{127.0.0.1}{127.0.0.1:9420}[mode=>network]], id[588], master [null], hasJoinedOnce [false], cluster_name[TEST-CHILD_VM=[0]-CLUSTER_SEED=[-8106659381411338889]-HASH=[14406DC76783A180]-cluster]}, ping_response{node [{node_t0}{nMu_6boQR--7IGHETEaC6A}{127.0.0.1}{127.0.0.1:9420}[mode=>network]], id[592], master [null], hasJoinedOnce [false], cluster_name[TEST-CHILD_VM=[0]-CLUSTER_SEED=[-8106659381411338889]-HASH=[14406DC76783A180]-cluster]}, ping_response{node [{node_t0}{nMu_6boQR--7IGHETEaC6A}{127.0.0.1}{127.0.0.1:9420}[mode=>network]], id[592], master [null], hasJoinedOnce [false], cluster_name[TEST-CHILD_VM=[0]-CLUSTER_SEED=[-8106659381411338889]-HASH=[14406DC76783A180]-cluster]}, ping_response{node [{node_t0}{nMu_6boQR--7IGHETEaC6A}{127.0.0.1}{127.0.0.1:9420}[mode=>network]], id[594], master [null], hasJoinedOnce [false], cluster_name[TEST-CHILD_VM=[0]-CLUSTER_SEED=[-8106659381411338889]-HASH=[14406DC76783A180]-cluster]}]
[2016-03-29 17:29:42,725][TRACE][org.elasticsearch.discovery.zen.ping.unicast] [node_t0] [1] failed to connect to {#zen_unicast_3#}{127.0.0.1}{127.0.0.1:9422}
ConnectTransportException[[][127.0.0.1:9422] connect_timeout[30s]]; nested: ConnectException[Connection refused: /127.0.0.1:9422];
	at org.elasticsearch.transport.netty.NettyTransport.connectToChannelsLight(NettyTransport.java:954)
	at org.elasticsearch.transport.netty.NettyTransport.connectToNode(NettyTransport.java:918)
	at org.elasticsearch.transport.netty.NettyTransport.connectToNodeLight(NettyTransport.java:890)
	at org.elasticsearch.test.transport.MockTransportService$LookupTestTransport.connectToNodeLight(MockTransportService.java:413)
	at org.elasticsearch.transport.TransportService.connectToNodeLight(TransportService.java:242)
	at org.elasticsearch.discovery.zen.ping.unicast.UnicastZenPing$3.run(UnicastZenPing.java:395)
	at java.util.concurrent.ThreadPoolExecutor.runWorker(ThreadPoolExecutor.java:1142)
	at java.util.concurrent.ThreadPoolExecutor$Worker.run(ThreadPoolExecutor.java:617)
	at java.lang.Thread.run(Thread.java:745)
Caused by: java.net.ConnectException: Connection refused: /127.0.0.1:9422
	at sun.nio.ch.SocketChannelImpl.checkConnect(Native Method)
	at sun.nio.ch.SocketChannelImpl.finishConnect(SocketChannelImpl.java:712)
	at org.jboss.netty.channel.socket.nio.NioClientBoss.connect(NioClientBoss.java:152)
	at org.jboss.netty.channel.socket.nio.NioClientBoss.processSelectedKeys(NioClientBoss.java:105)
	at org.jboss.netty.channel.socket.nio.NioClientBoss.process(NioClientBoss.java:79)
	at org.jboss.netty.channel.socket.nio.AbstractNioSelector.run(AbstractNioSelector.java:337)
	at org.jboss.netty.channel.socket.nio.NioClientBoss.run(NioClientBoss.java:42)
	at org.jboss.netty.util.ThreadRenamingRunnable.run(ThreadRenamingRunnable.java:108)
	at org.jboss.netty.util.internal.DeadLockProofWorker$1.run(DeadLockProofWorker.java:42)
	... 3 more
[2016-03-29 17:29:42,726][TRACE][org.elasticsearch.discovery.zen.ping.unicast] [node_t0] [1] failed to connect to {#zen_unicast_5#}{127.0.0.1}{127.0.0.1:9424}
ConnectTransportException[[][127.0.0.1:9424] connect_timeout[30s]]; nested: ConnectException[Connection refused: /127.0.0.1:9424];
	at org.elasticsearch.transport.netty.NettyTransport.connectToChannelsLight(NettyTransport.java:954)
	at org.elasticsearch.transport.netty.NettyTransport.connectToNode(NettyTransport.java:918)
	at org.elasticsearch.transport.netty.NettyTransport.connectToNodeLight(NettyTransport.java:890)
	at org.elasticsearch.test.transport.MockTransportService$LookupTestTransport.connectToNodeLight(MockTransportService.java:413)
	at org.elasticsearch.transport.TransportService.connectToNodeLight(TransportService.java:242)
	at org.elasticsearch.discovery.zen.ping.unicast.UnicastZenPing$3.run(UnicastZenPing.java:395)
	at java.util.concurrent.ThreadPoolExecutor.runWorker(ThreadPoolExecutor.java:1142)
	at java.util.concurrent.ThreadPoolExecutor$Worker.run(ThreadPoolExecutor.java:617)
	at java.lang.Thread.run(Thread.java:745)
Caused by: java.net.ConnectException: Connection refused: /127.0.0.1:9424
	at sun.nio.ch.SocketChannelImpl.checkConnect(Native Method)
	at sun.nio.ch.SocketChannelImpl.finishConnect(SocketChannelImpl.java:712)
	at org.jboss.netty.channel.socket.nio.NioClientBoss.connect(NioClientBoss.java:152)
	at org.jboss.netty.channel.socket.nio.NioClientBoss.processSelectedKeys(NioClientBoss.java:105)
	at org.jboss.netty.channel.socket.nio.NioClientBoss.process(NioClientBoss.java:79)
	at org.jboss.netty.channel.socket.nio.AbstractNioSelector.run(AbstractNioSelector.java:337)
	at org.jboss.netty.channel.socket.nio.NioClientBoss.run(NioClientBoss.java:42)
	at org.jboss.netty.util.ThreadRenamingRunnable.run(ThreadRenamingRunnable.java:108)
	at org.jboss.netty.util.internal.DeadLockProofWorker$1.run(DeadLockProofWorker.java:42)
	... 3 more
[2016-03-29 17:29:42,726][TRACE][org.elasticsearch.discovery.zen.ping.unicast] [node_t0] [1] failed to connect to {#zen_unicast_10#}{::1}{[::1]:9424}
ConnectTransportException[[][[::1]:9424] connect_timeout[30s]]; nested: ConnectException[Connection refused: /0:0:0:0:0:0:0:1:9424];
	at org.elasticsearch.transport.netty.NettyTransport.connectToChannelsLight(NettyTransport.java:954)
	at org.elasticsearch.transport.netty.NettyTransport.connectToNode(NettyTransport.java:918)
	at org.elasticsearch.transport.netty.NettyTransport.connectToNodeLight(NettyTransport.java:890)
	at org.elasticsearch.test.transport.MockTransportService$LookupTestTransport.connectToNodeLight(MockTransportService.java:413)
	at org.elasticsearch.transport.TransportService.connectToNodeLight(TransportService.java:242)
	at org.elasticsearch.discovery.zen.ping.unicast.UnicastZenPing$3.run(UnicastZenPing.java:395)
	at java.util.concurrent.ThreadPoolExecutor.runWorker(ThreadPoolExecutor.java:1142)
	at java.util.concurrent.ThreadPoolExecutor$Worker.run(ThreadPoolExecutor.java:617)
	at java.lang.Thread.run(Thread.java:745)
Caused by: java.net.ConnectException: Connection refused: /0:0:0:0:0:0:0:1:9424
	at sun.nio.ch.SocketChannelImpl.checkConnect(Native Method)
	at sun.nio.ch.SocketChannelImpl.finishConnect(SocketChannelImpl.java:712)
	at org.jboss.netty.channel.socket.nio.NioClientBoss.connect(NioClientBoss.java:152)
	at org.jboss.netty.channel.socket.nio.NioClientBoss.processSelectedKeys(NioClientBoss.java:105)
	at org.jboss.netty.channel.socket.nio.NioClientBoss.process(NioClientBoss.java:79)
	at org.jboss.netty.channel.socket.nio.AbstractNioSelector.run(AbstractNioSelector.java:337)
	at org.jboss.netty.channel.socket.nio.NioClientBoss.run(NioClientBoss.java:42)
	at org.jboss.netty.util.ThreadRenamingRunnable.run(ThreadRenamingRunnable.java:108)
	at org.jboss.netty.util.internal.DeadLockProofWorker$1.run(DeadLockProofWorker.java:42)
	... 3 more
[2016-03-29 17:29:42,726][TRACE][org.elasticsearch.discovery.zen.ping.unicast] [node_t0] [1] failed to connect to {#zen_unicast_7#}{::1}{[::1]:9421}
ConnectTransportException[[][[::1]:9421] connect_timeout[30s]]; nested: ConnectException[Connection refused: /0:0:0:0:0:0:0:1:9421];
	at org.elasticsearch.transport.netty.NettyTransport.connectToChannelsLight(NettyTransport.java:954)
	at org.elasticsearch.transport.netty.NettyTransport.connectToNode(NettyTransport.java:918)
	at org.elasticsearch.transport.netty.NettyTransport.connectToNodeLight(NettyTransport.java:890)
	at org.elasticsearch.test.transport.MockTransportService$LookupTestTransport.connectToNodeLight(MockTransportService.java:413)
	at org.elasticsearch.transport.TransportService.connectToNodeLight(TransportService.java:242)
	at org.elasticsearch.discovery.zen.ping.unicast.UnicastZenPing$3.run(UnicastZenPing.java:395)
	at java.util.concurrent.ThreadPoolExecutor.runWorker(ThreadPoolExecutor.java:1142)
	at java.util.concurrent.ThreadPoolExecutor$Worker.run(ThreadPoolExecutor.java:617)
	at java.lang.Thread.run(Thread.java:745)
Caused by: java.net.ConnectException: Connection refused: /0:0:0:0:0:0:0:1:9421
	at sun.nio.ch.SocketChannelImpl.checkConnect(Native Method)
	at sun.nio.ch.SocketChannelImpl.finishConnect(SocketChannelImpl.java:712)
	at org.jboss.netty.channel.socket.nio.NioClientBoss.connect(NioClientBoss.java:152)
	at org.jboss.netty.channel.socket.nio.NioClientBoss.processSelectedKeys(NioClientBoss.java:105)
	at org.jboss.netty.channel.socket.nio.NioClientBoss.process(NioClientBoss.java:79)
	at org.jboss.netty.channel.socket.nio.AbstractNioSelector.run(AbstractNioSelector.java:337)
	at org.jboss.netty.channel.socket.nio.NioClientBoss.run(NioClientBoss.java:42)
	at org.jboss.netty.util.ThreadRenamingRunnable.run(ThreadRenamingRunnable.java:108)
	at org.jboss.netty.util.internal.DeadLockProofWorker$1.run(DeadLockProofWorker.java:42)
	... 3 more
[2016-03-29 17:29:42,726][TRACE][org.elasticsearch.discovery.zen.ping.unicast] [node_t0] [1] failed to connect to {#zen_unicast_4#}{127.0.0.1}{127.0.0.1:9423}
ConnectTransportException[[][127.0.0.1:9423] connect_timeout[30s]]; nested: ConnectException[Connection refused: /127.0.0.1:9423];
	at org.elasticsearch.transport.netty.NettyTransport.connectToChannelsLight(NettyTransport.java:954)
	at org.elasticsearch.transport.netty.NettyTransport.connectToNode(NettyTransport.java:918)
	at org.elasticsearch.transport.netty.NettyTransport.connectToNodeLight(NettyTransport.java:890)
	at org.elasticsearch.test.transport.MockTransportService$LookupTestTransport.connectToNodeLight(MockTransportService.java:413)
	at org.elasticsearch.transport.TransportService.connectToNodeLight(TransportService.java:242)
	at org.elasticsearch.discovery.zen.ping.unicast.UnicastZenPing$3.run(UnicastZenPing.java:395)
	at java.util.concurrent.ThreadPoolExecutor.runWorker(ThreadPoolExecutor.java:1142)
	at java.util.concurrent.ThreadPoolExecutor$Worker.run(ThreadPoolExecutor.java:617)
	at java.lang.Thread.run(Thread.java:745)
Caused by: java.net.ConnectException: Connection refused: /127.0.0.1:9423
	at sun.nio.ch.SocketChannelImpl.checkConnect(Native Method)
	at sun.nio.ch.SocketChannelImpl.finishConnect(SocketChannelImpl.java:712)
	at org.jboss.netty.channel.socket.nio.NioClientBoss.connect(NioClientBoss.java:152)
	at org.jboss.netty.channel.socket.nio.NioClientBoss.processSelectedKeys(NioClientBoss.java:105)
	at org.jboss.netty.channel.socket.nio.NioClientBoss.process(NioClientBoss.java:79)
	at org.jboss.netty.channel.socket.nio.AbstractNioSelector.run(AbstractNioSelector.java:337)
	at org.jboss.netty.channel.socket.nio.NioClientBoss.run(NioClientBoss.java:42)
	at org.jboss.netty.util.ThreadRenamingRunnable.run(ThreadRenamingRunnable.java:108)
	at org.jboss.netty.util.internal.DeadLockProofWorker$1.run(DeadLockProofWorker.java:42)
	... 3 more
[2016-03-29 17:29:42,725][TRACE][org.elasticsearch.discovery.zen.ping.unicast] [node_t0] [1] failed to connect to {#zen_unicast_2#}{127.0.0.1}{127.0.0.1:9421}
ConnectTransportException[[][127.0.0.1:9421] connect_timeout[30s]]; nested: ConnectException[Connection refused: /127.0.0.1:9421];
	at org.elasticsearch.transport.netty.NettyTransport.connectToChannelsLight(NettyTransport.java:954)
	at org.elasticsearch.transport.netty.NettyTransport.connectToNode(NettyTransport.java:918)
	at org.elasticsearch.transport.netty.NettyTransport.connectToNodeLight(NettyTransport.java:890)
	at org.elasticsearch.test.transport.MockTransportService$LookupTestTransport.connectToNodeLight(MockTransportService.java:413)
	at org.elasticsearch.transport.TransportService.connectToNodeLight(TransportService.java:242)
	at org.elasticsearch.discovery.zen.ping.unicast.UnicastZenPing$3.run(UnicastZenPing.java:395)
	at java.util.concurrent.ThreadPoolExecutor.runWorker(ThreadPoolExecutor.java:1142)
	at java.util.concurrent.ThreadPoolExecutor$Worker.run(ThreadPoolExecutor.java:617)
	at java.lang.Thread.run(Thread.java:745)
Caused by: java.net.ConnectException: Connection refused: /127.0.0.1:9421
	at sun.nio.ch.SocketChannelImpl.checkConnect(Native Method)
	at sun.nio.ch.SocketChannelImpl.finishConnect(SocketChannelImpl.java:712)
	at org.jboss.netty.channel.socket.nio.NioClientBoss.connect(NioClientBoss.java:152)
	at org.jboss.netty.channel.socket.nio.NioClientBoss.processSelectedKeys(NioClientBoss.java:105)
	at org.jboss.netty.channel.socket.nio.NioClientBoss.process(NioClientBoss.java:79)
	at org.jboss.netty.channel.socket.nio.AbstractNioSelector.run(AbstractNioSelector.java:337)
	at org.jboss.netty.channel.socket.nio.NioClientBoss.run(NioClientBoss.java:42)
	at org.jboss.netty.util.ThreadRenamingRunnable.run(ThreadRenamingRunnable.java:108)
	at org.jboss.netty.util.internal.DeadLockProofWorker$1.run(DeadLockProofWorker.java:42)
	... 3 more
[2016-03-29 17:29:42,725][TRACE][org.elasticsearch.discovery.zen.ping.unicast] [node_t0] [1] received response from {#zen_unicast_6#}{::1}{[::1]:9420}: [ping_response{node [{node_t0}{nMu_6boQR--7IGHETEaC6A}{127.0.0.1}{127.0.0.1:9420}[mode=>network]], id[584], master [null], hasJoinedOnce [false], cluster_name[TEST-CHILD_VM=[0]-CLUSTER_SEED=[-8106659381411338889]-HASH=[14406DC76783A180]-cluster]}, ping_response{node [{node_t0}{nMu_6boQR--7IGHETEaC6A}{127.0.0.1}{127.0.0.1:9420}[mode=>network]], id[584], master [null], hasJoinedOnce [false], cluster_name[TEST-CHILD_VM=[0]-CLUSTER_SEED=[-8106659381411338889]-HASH=[14406DC76783A180]-cluster]}, ping_response{node [{node_t0}{nMu_6boQR--7IGHETEaC6A}{127.0.0.1}{127.0.0.1:9420}[mode=>network]], id[584], master [null], hasJoinedOnce [false], cluster_name[TEST-CHILD_VM=[0]-CLUSTER_SEED=[-8106659381411338889]-HASH=[14406DC76783A180]-cluster]}, ping_response{node [{node_t0}{nMu_6boQR--7IGHETEaC6A}{127.0.0.1}{127.0.0.1:9420}[mode=>network]], id[588], master [null], hasJoinedOnce [false], cluster_name[TEST-CHILD_VM=[0]-CLUSTER_SEED=[-8106659381411338889]-HASH=[14406DC76783A180]-cluster]}, ping_response{node [{node_t0}{nMu_6boQR--7IGHETEaC6A}{127.0.0.1}{127.0.0.1:9420}[mode=>network]], id[588], master [null], hasJoinedOnce [false], cluster_name[TEST-CHILD_VM=[0]-CLUSTER_SEED=[-8106659381411338889]-HASH=[14406DC76783A180]-cluster]}, ping_response{node [{node_t0}{nMu_6boQR--7IGHETEaC6A}{127.0.0.1}{127.0.0.1:9420}[mode=>network]], id[588], master [null], hasJoinedOnce [false], cluster_name[TEST-CHILD_VM=[0]-CLUSTER_SEED=[-8106659381411338889]-HASH=[14406DC76783A180]-cluster]}, ping_response{node [{node_t0}{nMu_6boQR--7IGHETEaC6A}{127.0.0.1}{127.0.0.1:9420}[mode=>network]], id[592], master [null], hasJoinedOnce [false], cluster_name[TEST-CHILD_VM=[0]-CLUSTER_SEED=[-8106659381411338889]-HASH=[14406DC76783A180]-cluster]}, ping_response{node [{node_t0}{nMu_6boQR--7IGHETEaC6A}{127.0.0.1}{127.0.0.1:9420}[mode=>network]], id[592], master [null], hasJoinedOnce [false], cluster_name[TEST-CHILD_VM=[0]-CLUSTER_SEED=[-8106659381411338889]-HASH=[14406DC76783A180]-cluster]}, ping_response{node [{node_t0}{nMu_6boQR--7IGHETEaC6A}{127.0.0.1}{127.0.0.1:9420}[mode=>network]], id[592], master [null], hasJoinedOnce [false], cluster_name[TEST-CHILD_VM=[0]-CLUSTER_SEED=[-8106659381411338889]-HASH=[14406DC76783A180]-cluster]}, ping_response{node [{node_t0}{nMu_6boQR--7IGHETEaC6A}{127.0.0.1}{127.0.0.1:9420}[mode=>network]], id[595], master [null], hasJoinedOnce [false], cluster_name[TEST-CHILD_VM=[0]-CLUSTER_SEED=[-8106659381411338889]-HASH=[14406DC76783A180]-cluster]}]
[2016-03-29 17:29:42,725][TRACE][org.elasticsearch.discovery.zen.ping.unicast] [node_t0] [1] connecting (light) to {#zen_unicast_9#}{::1}{[::1]:9423}
[2016-03-29 17:29:42,725][TRACE][org.elasticsearch.discovery.zen.ping.unicast] [node_t0] [1] connecting (light) to {#zen_unicast_8#}{::1}{[::1]:9422}
[2016-03-29 17:29:42,729][TRACE][org.elasticsearch.discovery.zen.ping.unicast] [node_t0] [1] failed to connect to {#zen_unicast_9#}{::1}{[::1]:9423}
ConnectTransportException[[][[::1]:9423] connect_timeout[30s]]; nested: ConnectException[Connection refused: /0:0:0:0:0:0:0:1:9423];
	at org.elasticsearch.transport.netty.NettyTransport.connectToChannelsLight(NettyTransport.java:954)
	at org.elasticsearch.transport.netty.NettyTransport.connectToNode(NettyTransport.java:918)
	at org.elasticsearch.transport.netty.NettyTransport.connectToNodeLight(NettyTransport.java:890)
	at org.elasticsearch.test.transport.MockTransportService$LookupTestTransport.connectToNodeLight(MockTransportService.java:413)
	at org.elasticsearch.transport.TransportService.connectToNodeLight(TransportService.java:242)
	at org.elasticsearch.discovery.zen.ping.unicast.UnicastZenPing$3.run(UnicastZenPing.java:395)
	at java.util.concurrent.ThreadPoolExecutor.runWorker(ThreadPoolExecutor.java:1142)
	at java.util.concurrent.ThreadPoolExecutor$Worker.run(ThreadPoolExecutor.java:617)
	at java.lang.Thread.run(Thread.java:745)
Caused by: java.net.ConnectException: Connection refused: /0:0:0:0:0:0:0:1:9423
	at sun.nio.ch.SocketChannelImpl.checkConnect(Native Method)
	at sun.nio.ch.SocketChannelImpl.finishConnect(SocketChannelImpl.java:712)
	at org.jboss.netty.channel.socket.nio.NioClientBoss.connect(NioClientBoss.java:152)
	at org.jboss.netty.channel.socket.nio.NioClientBoss.processSelectedKeys(NioClientBoss.java:105)
	at org.jboss.netty.channel.socket.nio.NioClientBoss.process(NioClientBoss.java:79)
	at org.jboss.netty.channel.socket.nio.AbstractNioSelector.run(AbstractNioSelector.java:337)
	at org.jboss.netty.channel.socket.nio.NioClientBoss.run(NioClientBoss.java:42)
	at org.jboss.netty.util.ThreadRenamingRunnable.run(ThreadRenamingRunnable.java:108)
	at org.jboss.netty.util.internal.DeadLockProofWorker$1.run(DeadLockProofWorker.java:42)
	... 3 more
[2016-03-29 17:29:42,729][TRACE][org.elasticsearch.discovery.zen.ping.unicast] [node_t0] [1] failed to connect to {#zen_unicast_8#}{::1}{[::1]:9422}
ConnectTransportException[[][[::1]:9422] connect_timeout[30s]]; nested: ConnectException[Connection refused: /0:0:0:0:0:0:0:1:9422];
	at org.elasticsearch.transport.netty.NettyTransport.connectToChannelsLight(NettyTransport.java:954)
	at org.elasticsearch.transport.netty.NettyTransport.connectToNode(NettyTransport.java:918)
	at org.elasticsearch.transport.netty.NettyTransport.connectToNodeLight(NettyTransport.java:890)
	at org.elasticsearch.test.transport.MockTransportService$LookupTestTransport.connectToNodeLight(MockTransportService.java:413)
	at org.elasticsearch.transport.TransportService.connectToNodeLight(TransportService.java:242)
	at org.elasticsearch.discovery.zen.ping.unicast.UnicastZenPing$3.run(UnicastZenPing.java:395)
	at java.util.concurrent.ThreadPoolExecutor.runWorker(ThreadPoolExecutor.java:1142)
	at java.util.concurrent.ThreadPoolExecutor$Worker.run(ThreadPoolExecutor.java:617)
	at java.lang.Thread.run(Thread.java:745)
Caused by: java.net.ConnectException: Connection refused: /0:0:0:0:0:0:0:1:9422
	at sun.nio.ch.SocketChannelImpl.checkConnect(Native Method)
	at sun.nio.ch.SocketChannelImpl.finishConnect(SocketChannelImpl.java:712)
	at org.jboss.netty.channel.socket.nio.NioClientBoss.connect(NioClientBoss.java:152)
	at org.jboss.netty.channel.socket.nio.NioClientBoss.processSelectedKeys(NioClientBoss.java:105)
	at org.jboss.netty.channel.socket.nio.NioClientBoss.process(NioClientBoss.java:79)
	at org.jboss.netty.channel.socket.nio.AbstractNioSelector.run(AbstractNioSelector.java:337)
	at org.jboss.netty.channel.socket.nio.NioClientBoss.run(NioClientBoss.java:42)
	at org.jboss.netty.util.ThreadRenamingRunnable.run(ThreadRenamingRunnable.java:108)
	at org.jboss.netty.util.internal.DeadLockProofWorker$1.run(DeadLockProofWorker.java:42)
	... 3 more
[2016-03-29 17:29:42,729][TRACE][org.elasticsearch.discovery.zen.ping.unicast] [node_t0] [1] disconnecting from {#zen_unicast_2#}{127.0.0.1}{127.0.0.1:9421}
[2016-03-29 17:29:42,729][TRACE][org.elasticsearch.discovery.zen] [node_t0] full ping responses: {none}
[2016-03-29 17:29:42,729][TRACE][org.elasticsearch.discovery.zen.ping.unicast] [node_t0] [1] disconnecting from {#zen_unicast_6#}{::1}{[::1]:9420}
[2016-03-29 17:29:42,729][DEBUG][org.elasticsearch.discovery.zen] [node_t0] filtered ping responses: (filter_client[true], filter_data[false]) {none}
[2016-03-29 17:29:42,729][TRACE][org.elasticsearch.discovery.zen] [node_t0] not enough master nodes [[{node_t0}{nMu_6boQR--7IGHETEaC6A}{127.0.0.1}{127.0.0.1:9420}[mode=>network]]]
[2016-03-29 17:29:42,729][TRACE][org.elasticsearch.discovery.zen] [node_t0] starting to ping
[2016-03-29 17:29:42,729][TRACE][org.elasticsearch.discovery.zen.ping.unicast] [node_t0] [1] disconnecting from {#zen_unicast_5#}{127.0.0.1}{127.0.0.1:9424}
[2016-03-29 17:29:42,729][TRACE][org.elasticsearch.discovery.zen.ping.unicast] [node_t0] [1] disconnecting from {#zen_unicast_4#}{127.0.0.1}{127.0.0.1:9423}
[2016-03-29 17:29:42,730][TRACE][org.elasticsearch.discovery.zen.ping.unicast] [node_t0] [2] sending to {node_t0}{nMu_6boQR--7IGHETEaC6A}{127.0.0.1}{127.0.0.1:9420}[mode=>network]
[2016-03-29 17:29:42,730][TRACE][org.elasticsearch.discovery.zen.ping.unicast] [node_t0] [1] disconnecting from {#zen_unicast_3#}{127.0.0.1}{127.0.0.1:9422}
[2016-03-29 17:29:42,730][TRACE][org.elasticsearch.discovery.zen.ping.unicast] [node_t0] [1] disconnecting from {#zen_unicast_10#}{::1}{[::1]:9424}
[2016-03-29 17:29:42,730][TRACE][org.elasticsearch.discovery.zen.ping.unicast] [node_t0] [2] received response from {node_t0}{nMu_6boQR--7IGHETEaC6A}{127.0.0.1}{127.0.0.1:9420}[mode=>network]: [ping_response{node [{node_t0}{nMu_6boQR--7IGHETEaC6A}{127.0.0.1}{127.0.0.1:9420}[mode=>network]], id[584], master [null], hasJoinedOnce [false], cluster_name[TEST-CHILD_VM=[0]-CLUSTER_SEED=[-8106659381411338889]-HASH=[14406DC76783A180]-cluster]}, ping_response{node [{node_t0}{nMu_6boQR--7IGHETEaC6A}{127.0.0.1}{127.0.0.1:9420}[mode=>network]], id[584], master [null], hasJoinedOnce [false], cluster_name[TEST-CHILD_VM=[0]-CLUSTER_SEED=[-8106659381411338889]-HASH=[14406DC76783A180]-cluster]}, ping_response{node [{node_t0}{nMu_6boQR--7IGHETEaC6A}{127.0.0.1}{127.0.0.1:9420}[mode=>network]], id[584], master [null], hasJoinedOnce [false], cluster_name[TEST-CHILD_VM=[0]-CLUSTER_SEED=[-8106659381411338889]-HASH=[14406DC76783A180]-cluster]}, ping_response{node [{node_t0}{nMu_6boQR--7IGHETEaC6A}{127.0.0.1}{127.0.0.1:9420}[mode=>network]], id[588], master [null], hasJoinedOnce [false], cluster_name[TEST-CHILD_VM=[0]-CLUSTER_SEED=[-8106659381411338889]-HASH=[14406DC76783A180]-cluster]}, ping_response{node [{node_t0}{nMu_6boQR--7IGHETEaC6A}{127.0.0.1}{127.0.0.1:9420}[mode=>network]], id[588], master [null], hasJoinedOnce [false], cluster_name[TEST-CHILD_VM=[0]-CLUSTER_SEED=[-8106659381411338889]-HASH=[14406DC76783A180]-cluster]}, ping_response{node [{node_t0}{nMu_6boQR--7IGHETEaC6A}{127.0.0.1}{127.0.0.1:9420}[mode=>network]], id[588], master [null], hasJoinedOnce [false], cluster_name[TEST-CHILD_VM=[0]-CLUSTER_SEED=[-8106659381411338889]-HASH=[14406DC76783A180]-cluster]}, ping_response{node [{node_t0}{nMu_6boQR--7IGHETEaC6A}{127.0.0.1}{127.0.0.1:9420}[mode=>network]], id[592], master [null], hasJoinedOnce [false], cluster_name[TEST-CHILD_VM=[0]-CLUSTER_SEED=[-8106659381411338889]-HASH=[14406DC76783A180]-cluster]}, ping_response{node [{node_t0}{nMu_6boQR--7IGHETEaC6A}{127.0.0.1}{127.0.0.1:9420}[mode=>network]], id[592], master [null], hasJoinedOnce [false], cluster_name[TEST-CHILD_VM=[0]-CLUSTER_SEED=[-8106659381411338889]-HASH=[14406DC76783A180]-cluster]}, ping_response{node [{node_t0}{nMu_6boQR--7IGHETEaC6A}{127.0.0.1}{127.0.0.1:9420}[mode=>network]], id[592], master [null], hasJoinedOnce [false], cluster_name[TEST-CHILD_VM=[0]-CLUSTER_SEED=[-8106659381411338889]-HASH=[14406DC76783A180]-cluster]}, ping_response{node [{node_t0}{nMu_6boQR--7IGHETEaC6A}{127.0.0.1}{127.0.0.1:9420}[mode=>network]], id[596], master [null], hasJoinedOnce [false], cluster_name[TEST-CHILD_VM=[0]-CLUSTER_SEED=[-8106659381411338889]-HASH=[14406DC76783A180]-cluster]}, ping_response{node [{node_t0}{nMu_6boQR--7IGHETEaC6A}{127.0.0.1}{127.0.0.1:9420}[mode=>network]], id[597], master [null], hasJoinedOnce [false], cluster_name[TEST-CHILD_VM=[0]-CLUSTER_SEED=[-8106659381411338889]-HASH=[14406DC76783A180]-cluster]}]
[2016-03-29 17:29:42,730][TRACE][org.elasticsearch.discovery.zen.ping.unicast] [node_t0] [1] disconnecting from {#zen_unicast_9#}{::1}{[::1]:9423}
[2016-03-29 17:29:42,730][TRACE][org.elasticsearch.discovery.zen.ping.unicast] [node_t0] [2] connecting (light) to {#zen_unicast_5#}{127.0.0.1}{127.0.0.1:9424}
[2016-03-29 17:29:42,730][TRACE][org.elasticsearch.discovery.zen.ping.unicast] [node_t0] [2] connecting (light) to {#zen_unicast_7#}{::1}{[::1]:9421}
[2016-03-29 17:29:42,730][TRACE][org.elasticsearch.discovery.zen.ping.unicast] [node_t0] [2] connecting (light) to {#zen_unicast_10#}{::1}{[::1]:9424}
[2016-03-29 17:29:42,730][TRACE][org.elasticsearch.discovery.zen.ping.unicast] [node_t0] [2] connecting (light) to {#zen_unicast_8#}{::1}{[::1]:9422}
[2016-03-29 17:29:42,730][TRACE][org.elasticsearch.discovery.zen.ping.unicast] [node_t0] [2] connecting (light) to {#zen_unicast_9#}{::1}{[::1]:9423}
[2016-03-29 17:29:42,730][TRACE][org.elasticsearch.discovery.zen.ping.unicast] [node_t0] [2] connecting (light) to {#zen_unicast_6#}{::1}{[::1]:9420}
[2016-03-29 17:29:42,730][TRACE][org.elasticsearch.discovery.zen.ping.unicast] [node_t0] [1] disconnecting from {#zen_unicast_8#}{::1}{[::1]:9422}
[2016-03-29 17:29:42,730][TRACE][org.elasticsearch.discovery.zen.ping.unicast] [node_t0] [2] sending to {node_t0}{nMu_6boQR--7IGHETEaC6A}{127.0.0.1}{127.0.0.1:9420}[mode=>network]
[2016-03-29 17:29:42,730][TRACE][org.elasticsearch.discovery.zen.ping.unicast] [node_t0] [2] connecting (light) to {#zen_unicast_3#}{127.0.0.1}{127.0.0.1:9422}
[2016-03-29 17:29:42,730][TRACE][org.elasticsearch.discovery.zen.ping.unicast] [node_t0] [2] failed to connect to {#zen_unicast_5#}{127.0.0.1}{127.0.0.1:9424}
ConnectTransportException[[][127.0.0.1:9424] connect_timeout[30s]]; nested: ConnectException[Connection refused: /127.0.0.1:9424];
	at org.elasticsearch.transport.netty.NettyTransport.connectToChannelsLight(NettyTransport.java:954)
	at org.elasticsearch.transport.netty.NettyTransport.connectToNode(NettyTransport.java:918)
	at org.elasticsearch.transport.netty.NettyTransport.connectToNodeLight(NettyTransport.java:890)
	at org.elasticsearch.test.transport.MockTransportService$LookupTestTransport.connectToNodeLight(MockTransportService.java:413)
	at org.elasticsearch.transport.TransportService.connectToNodeLight(TransportService.java:242)
	at org.elasticsearch.discovery.zen.ping.unicast.UnicastZenPing$3.run(UnicastZenPing.java:395)
	at java.util.concurrent.ThreadPoolExecutor.runWorker(ThreadPoolExecutor.java:1142)
	at java.util.concurrent.ThreadPoolExecutor$Worker.run(ThreadPoolExecutor.java:617)
	at java.lang.Thread.run(Thread.java:745)
Caused by: java.net.ConnectException: Connection refused: /127.0.0.1:9424
	at sun.nio.ch.SocketChannelImpl.checkConnect(Native Method)
	at sun.nio.ch.SocketChannelImpl.finishConnect(SocketChannelImpl.java:712)
	at org.jboss.netty.channel.socket.nio.NioClientBoss.connect(NioClientBoss.java:152)
	at org.jboss.netty.channel.socket.nio.NioClientBoss.processSelectedKeys(NioClientBoss.java:105)
	at org.jboss.netty.channel.socket.nio.NioClientBoss.process(NioClientBoss.java:79)
	at org.jboss.netty.channel.socket.nio.AbstractNioSelector.run(AbstractNioSelector.java:337)
	at org.jboss.netty.channel.socket.nio.NioClientBoss.run(NioClientBoss.java:42)
	at org.jboss.netty.util.ThreadRenamingRunnable.run(ThreadRenamingRunnable.java:108)
	at org.jboss.netty.util.internal.DeadLockProofWorker$1.run(DeadLockProofWorker.java:42)
	... 3 more
[2016-03-29 17:29:42,730][TRACE][org.elasticsearch.discovery.zen.ping.unicast] [node_t0] [2] connecting (light) to {#zen_unicast_4#}{127.0.0.1}{127.0.0.1:9423}
[2016-03-29 17:29:42,731][TRACE][org.elasticsearch.discovery.zen.ping.unicast] [node_t0] [2] failed to connect to {#zen_unicast_9#}{::1}{[::1]:9423}
ConnectTransportException[[][[::1]:9423] connect_timeout[30s]]; nested: ConnectException[Connection refused: /0:0:0:0:0:0:0:1:9423];
	at org.elasticsearch.transport.netty.NettyTransport.connectToChannelsLight(NettyTransport.java:954)
	at org.elasticsearch.transport.netty.NettyTransport.connectToNode(NettyTransport.java:918)
	at org.elasticsearch.transport.netty.NettyTransport.connectToNodeLight(NettyTransport.java:890)
	at org.elasticsearch.test.transport.MockTransportService$LookupTestTransport.connectToNodeLight(MockTransportService.java:413)
	at org.elasticsearch.transport.TransportService.connectToNodeLight(TransportService.java:242)
	at org.elasticsearch.discovery.zen.ping.unicast.UnicastZenPing$3.run(UnicastZenPing.java:395)
	at java.util.concurrent.ThreadPoolExecutor.runWorker(ThreadPoolExecutor.java:1142)
	at java.util.concurrent.ThreadPoolExecutor$Worker.run(ThreadPoolExecutor.java:617)
	at java.lang.Thread.run(Thread.java:745)
Caused by: java.net.ConnectException: Connection refused: /0:0:0:0:0:0:0:1:9423
	at sun.nio.ch.SocketChannelImpl.checkConnect(Native Method)
	at sun.nio.ch.SocketChannelImpl.finishConnect(SocketChannelImpl.java:712)
	at org.jboss.netty.channel.socket.nio.NioClientBoss.connect(NioClientBoss.java:152)
	at org.jboss.netty.channel.socket.nio.NioClientBoss.processSelectedKeys(NioClientBoss.java:105)
	at org.jboss.netty.channel.socket.nio.NioClientBoss.process(NioClientBoss.java:79)
	at org.jboss.netty.channel.socket.nio.AbstractNioSelector.run(AbstractNioSelector.java:337)
	at org.jboss.netty.channel.socket.nio.NioClientBoss.run(NioClientBoss.java:42)
	at org.jboss.netty.util.ThreadRenamingRunnable.run(ThreadRenamingRunnable.java:108)
	at org.jboss.netty.util.internal.DeadLockProofWorker$1.run(DeadLockProofWorker.java:42)
	... 3 more
[2016-03-29 17:29:42,731][TRACE][org.elasticsearch.discovery.zen.ping.unicast] [node_t0] [2] failed to connect to {#zen_unicast_3#}{127.0.0.1}{127.0.0.1:9422}
ConnectTransportException[[][127.0.0.1:9422] connect_timeout[30s]]; nested: ConnectException[Connection refused: /127.0.0.1:9422];
	at org.elasticsearch.transport.netty.NettyTransport.connectToChannelsLight(NettyTransport.java:954)
	at org.elasticsearch.transport.netty.NettyTransport.connectToNode(NettyTransport.java:918)
	at org.elasticsearch.transport.netty.NettyTransport.connectToNodeLight(NettyTransport.java:890)
	at org.elasticsearch.test.transport.MockTransportService$LookupTestTransport.connectToNodeLight(MockTransportService.java:413)
	at org.elasticsearch.transport.TransportService.connectToNodeLight(TransportService.java:242)
	at org.elasticsearch.discovery.zen.ping.unicast.UnicastZenPing$3.run(UnicastZenPing.java:395)
	at java.util.concurrent.ThreadPoolExecutor.runWorker(ThreadPoolExecutor.java:1142)
	at java.util.concurrent.ThreadPoolExecutor$Worker.run(ThreadPoolExecutor.java:617)
	at java.lang.Thread.run(Thread.java:745)
Caused by: java.net.ConnectException: Connection refused: /127.0.0.1:9422
	at sun.nio.ch.SocketChannelImpl.checkConnect(Native Method)
	at sun.nio.ch.SocketChannelImpl.finishConnect(SocketChannelImpl.java:712)
	at org.jboss.netty.channel.socket.nio.NioClientBoss.connect(NioClientBoss.java:152)
	at org.jboss.netty.channel.socket.nio.NioClientBoss.processSelectedKeys(NioClientBoss.java:105)
	at org.jboss.netty.channel.socket.nio.NioClientBoss.process(NioClientBoss.java:79)
	at org.jboss.netty.channel.socket.nio.AbstractNioSelector.run(AbstractNioSelector.java:337)
	at org.jboss.netty.channel.socket.nio.NioClientBoss.run(NioClientBoss.java:42)
	at org.jboss.netty.util.ThreadRenamingRunnable.run(ThreadRenamingRunnable.java:108)
	at org.jboss.netty.util.internal.DeadLockProofWorker$1.run(DeadLockProofWorker.java:42)
	... 3 more
[2016-03-29 17:29:42,730][TRACE][org.elasticsearch.discovery.zen.ping.unicast] [node_t0] [2] connecting (light) to {#zen_unicast_2#}{127.0.0.1}{127.0.0.1:9421}
[2016-03-29 17:29:42,731][TRACE][org.elasticsearch.discovery.zen.ping.unicast] [node_t0] [2] failed to connect to {#zen_unicast_4#}{127.0.0.1}{127.0.0.1:9423}
ConnectTransportException[[][127.0.0.1:9423] connect_timeout[30s]]; nested: ConnectException[Connection refused: /127.0.0.1:9423];
	at org.elasticsearch.transport.netty.NettyTransport.connectToChannelsLight(NettyTransport.java:954)
	at org.elasticsearch.transport.netty.NettyTransport.connectToNode(NettyTransport.java:918)
	at org.elasticsearch.transport.netty.NettyTransport.connectToNodeLight(NettyTransport.java:890)
	at org.elasticsearch.test.transport.MockTransportService$LookupTestTransport.connectToNodeLight(MockTransportService.java:413)
	at org.elasticsearch.transport.TransportService.connectToNodeLight(TransportService.java:242)
	at org.elasticsearch.discovery.zen.ping.unicast.UnicastZenPing$3.run(UnicastZenPing.java:395)
	at java.util.concurrent.ThreadPoolExecutor.runWorker(ThreadPoolExecutor.java:1142)
	at java.util.concurrent.ThreadPoolExecutor$Worker.run(ThreadPoolExecutor.java:617)
	at java.lang.Thread.run(Thread.java:745)
Caused by: java.net.ConnectException: Connection refused: /127.0.0.1:9423
	at sun.nio.ch.SocketChannelImpl.checkConnect(Native Method)
	at sun.nio.ch.SocketChannelImpl.finishConnect(SocketChannelImpl.java:712)
	at org.jboss.netty.channel.socket.nio.NioClientBoss.connect(NioClientBoss.java:152)
	at org.jboss.netty.channel.socket.nio.NioClientBoss.processSelectedKeys(NioClientBoss.java:105)
	at org.jboss.netty.channel.socket.nio.NioClientBoss.process(NioClientBoss.java:79)
	at org.jboss.netty.channel.socket.nio.AbstractNioSelector.run(AbstractNioSelector.java:337)
	at org.jboss.netty.channel.socket.nio.NioClientBoss.run(NioClientBoss.java:42)
	at org.jboss.netty.util.ThreadRenamingRunnable.run(ThreadRenamingRunnable.java:108)
	at org.jboss.netty.util.internal.DeadLockProofWorker$1.run(DeadLockProofWorker.java:42)
	... 3 more
[2016-03-29 17:29:42,732][TRACE][org.elasticsearch.discovery.zen.ping.unicast] [node_t0] [2] failed to connect to {#zen_unicast_2#}{127.0.0.1}{127.0.0.1:9421}
ConnectTransportException[[][127.0.0.1:9421] connect_timeout[30s]]; nested: ConnectException[Connection refused: /127.0.0.1:9421];
	at org.elasticsearch.transport.netty.NettyTransport.connectToChannelsLight(NettyTransport.java:954)
	at org.elasticsearch.transport.netty.NettyTransport.connectToNode(NettyTransport.java:918)
	at org.elasticsearch.transport.netty.NettyTransport.connectToNodeLight(NettyTransport.java:890)
	at org.elasticsearch.test.transport.MockTransportService$LookupTestTransport.connectToNodeLight(MockTransportService.java:413)
	at org.elasticsearch.transport.TransportService.connectToNodeLight(TransportService.java:242)
	at org.elasticsearch.discovery.zen.ping.unicast.UnicastZenPing$3.run(UnicastZenPing.java:395)
	at java.util.concurrent.ThreadPoolExecutor.runWorker(ThreadPoolExecutor.java:1142)
	at java.util.concurrent.ThreadPoolExecutor$Worker.run(ThreadPoolExecutor.java:617)
	at java.lang.Thread.run(Thread.java:745)
Caused by: java.net.ConnectException: Connection refused: /127.0.0.1:9421
	at sun.nio.ch.SocketChannelImpl.checkConnect(Native Method)
	at sun.nio.ch.SocketChannelImpl.finishConnect(SocketChannelImpl.java:712)
	at org.jboss.netty.channel.socket.nio.NioClientBoss.connect(NioClientBoss.java:152)
	at org.jboss.netty.channel.socket.nio.NioClientBoss.processSelectedKeys(NioClientBoss.java:105)
	at org.jboss.netty.channel.socket.nio.NioClientBoss.process(NioClientBoss.java:79)
	at org.jboss.netty.channel.socket.nio.AbstractNioSelector.run(AbstractNioSelector.java:337)
	at org.jboss.netty.channel.socket.nio.NioClientBoss.run(NioClientBoss.java:42)
	at org.jboss.netty.util.ThreadRenamingRunnable.run(ThreadRenamingRunnable.java:108)
	at org.jboss.netty.util.internal.DeadLockProofWorker$1.run(DeadLockProofWorker.java:42)
	... 3 more
[2016-03-29 17:29:42,731][TRACE][org.elasticsearch.discovery.zen.ping.unicast] [node_t0] [2] connected to {#zen_unicast_6#}{::1}{[::1]:9420}
[2016-03-29 17:29:42,731][TRACE][org.elasticsearch.discovery.zen.ping.unicast] [node_t0] [1] disconnecting from {#zen_unicast_7#}{::1}{[::1]:9421}
[2016-03-29 17:29:42,732][TRACE][org.elasticsearch.discovery.zen.ping.unicast] [node_t0] [2] sending to {#zen_unicast_6#}{::1}{[::1]:9420}
[2016-03-29 17:29:42,731][TRACE][org.elasticsearch.discovery.zen.ping.unicast] [node_t0] [2] failed to connect to {#zen_unicast_8#}{::1}{[::1]:9422}
ConnectTransportException[[][[::1]:9422] connect_timeout[30s]]; nested: ConnectException[Connection refused: /0:0:0:0:0:0:0:1:9422];
	at org.elasticsearch.transport.netty.NettyTransport.connectToChannelsLight(NettyTransport.java:954)
	at org.elasticsearch.transport.netty.NettyTransport.connectToNode(NettyTransport.java:918)
	at org.elasticsearch.transport.netty.NettyTransport.connectToNodeLight(NettyTransport.java:890)
	at org.elasticsearch.test.transport.MockTransportService$LookupTestTransport.connectToNodeLight(MockTransportService.java:413)
	at org.elasticsearch.transport.TransportService.connectToNodeLight(TransportService.java:242)
	at org.elasticsearch.discovery.zen.ping.unicast.UnicastZenPing$3.run(UnicastZenPing.java:395)
	at java.util.concurrent.ThreadPoolExecutor.runWorker(ThreadPoolExecutor.java:1142)
	at java.util.concurrent.ThreadPoolExecutor$Worker.run(ThreadPoolExecutor.java:617)
	at java.lang.Thread.run(Thread.java:745)
Caused by: java.net.ConnectException: Connection refused: /0:0:0:0:0:0:0:1:9422
	at sun.nio.ch.SocketChannelImpl.checkConnect(Native Method)
	at sun.nio.ch.SocketChannelImpl.finishConnect(SocketChannelImpl.java:712)
	at org.jboss.netty.channel.socket.nio.NioClientBoss.connect(NioClientBoss.java:152)
	at org.jboss.netty.channel.socket.nio.NioClientBoss.processSelectedKeys(NioClientBoss.java:105)
	at org.jboss.netty.channel.socket.nio.NioClientBoss.process(NioClientBoss.java:79)
	at org.jboss.netty.channel.socket.nio.AbstractNioSelector.run(AbstractNioSelector.java:337)
	at org.jboss.netty.channel.socket.nio.NioClientBoss.run(NioClientBoss.java:42)
	at org.jboss.netty.util.ThreadRenamingRunnable.run(ThreadRenamingRunnable.java:108)
	at org.jboss.netty.util.internal.DeadLockProofWorker$1.run(DeadLockProofWorker.java:42)
	... 3 more
[2016-03-29 17:29:42,731][TRACE][org.elasticsearch.discovery.zen.ping.unicast] [node_t0] [2] failed to connect to {#zen_unicast_10#}{::1}{[::1]:9424}
ConnectTransportException[[][[::1]:9424] connect_timeout[30s]]; nested: ConnectException[Connection refused: /0:0:0:0:0:0:0:1:9424];
	at org.elasticsearch.transport.netty.NettyTransport.connectToChannelsLight(NettyTransport.java:954)
	at org.elasticsearch.transport.netty.NettyTransport.connectToNode(NettyTransport.java:918)
	at org.elasticsearch.transport.netty.NettyTransport.connectToNodeLight(NettyTransport.java:890)
	at org.elasticsearch.test.transport.MockTransportService$LookupTestTransport.connectToNodeLight(MockTransportService.java:413)
	at org.elasticsearch.transport.TransportService.connectToNodeLight(TransportService.java:242)
	at org.elasticsearch.discovery.zen.ping.unicast.UnicastZenPing$3.run(UnicastZenPing.java:395)
	at java.util.concurrent.ThreadPoolExecutor.runWorker(ThreadPoolExecutor.java:1142)
	at java.util.concurrent.ThreadPoolExecutor$Worker.run(ThreadPoolExecutor.java:617)
	at java.lang.Thread.run(Thread.java:745)
Caused by: java.net.ConnectException: Connection refused: /0:0:0:0:0:0:0:1:9424
	at sun.nio.ch.SocketChannelImpl.checkConnect(Native Method)
	at sun.nio.ch.SocketChannelImpl.finishConnect(SocketChannelImpl.java:712)
	at org.jboss.netty.channel.socket.nio.NioClientBoss.connect(NioClientBoss.java:152)
	at org.jboss.netty.channel.socket.nio.NioClientBoss.processSelectedKeys(NioClientBoss.java:105)
	at org.jboss.netty.channel.socket.nio.NioClientBoss.process(NioClientBoss.java:79)
	at org.jboss.netty.channel.socket.nio.AbstractNioSelector.run(AbstractNioSelector.java:337)
	at org.jboss.netty.channel.socket.nio.NioClientBoss.run(NioClientBoss.java:42)
	at org.jboss.netty.util.ThreadRenamingRunnable.run(ThreadRenamingRunnable.java:108)
	at org.jboss.netty.util.internal.DeadLockProofWorker$1.run(DeadLockProofWorker.java:42)
	... 3 more
[2016-03-29 17:29:42,733][TRACE][org.elasticsearch.discovery.zen.ping.unicast] [node_t0] [2] received response from {#zen_unicast_6#}{::1}{[::1]:9420}: [ping_response{node [{node_t0}{nMu_6boQR--7IGHETEaC6A}{127.0.0.1}{127.0.0.1:9420}[mode=>network]], id[584], master [null], hasJoinedOnce [false], cluster_name[TEST-CHILD_VM=[0]-CLUSTER_SEED=[-8106659381411338889]-HASH=[14406DC76783A180]-cluster]}, ping_response{node [{node_t0}{nMu_6boQR--7IGHETEaC6A}{127.0.0.1}{127.0.0.1:9420}[mode=>network]], id[584], master [null], hasJoinedOnce [false], cluster_name[TEST-CHILD_VM=[0]-CLUSTER_SEED=[-8106659381411338889]-HASH=[14406DC76783A180]-cluster]}, ping_response{node [{node_t0}{nMu_6boQR--7IGHETEaC6A}{127.0.0.1}{127.0.0.1:9420}[mode=>network]], id[584], master [null], hasJoinedOnce [false], cluster_name[TEST-CHILD_VM=[0]-CLUSTER_SEED=[-8106659381411338889]-HASH=[14406DC76783A180]-cluster]}, ping_response{node [{node_t0}{nMu_6boQR--7IGHETEaC6A}{127.0.0.1}{127.0.0.1:9420}[mode=>network]], id[588], master [null], hasJoinedOnce [false], cluster_name[TEST-CHILD_VM=[0]-CLUSTER_SEED=[-8106659381411338889]-HASH=[14406DC76783A180]-cluster]}, ping_response{node [{node_t0}{nMu_6boQR--7IGHETEaC6A}{127.0.0.1}{127.0.0.1:9420}[mode=>network]], id[588], master [null], hasJoinedOnce [false], cluster_name[TEST-CHILD_VM=[0]-CLUSTER_SEED=[-8106659381411338889]-HASH=[14406DC76783A180]-cluster]}, ping_response{node [{node_t0}{nMu_6boQR--7IGHETEaC6A}{127.0.0.1}{127.0.0.1:9420}[mode=>network]], id[588], master [null], hasJoinedOnce [false], cluster_name[TEST-CHILD_VM=[0]-CLUSTER_SEED=[-8106659381411338889]-HASH=[14406DC76783A180]-cluster]}, ping_response{node [{node_t0}{nMu_6boQR--7IGHETEaC6A}{127.0.0.1}{127.0.0.1:9420}[mode=>network]], id[592], master [null], hasJoinedOnce [false], cluster_name[TEST-CHILD_VM=[0]-CLUSTER_SEED=[-8106659381411338889]-HASH=[14406DC76783A180]-cluster]}, ping_response{node [{node_t0}{nMu_6boQR--7IGHETEaC6A}{127.0.0.1}{127.0.0.1:9420}[mode=>network]], id[592], master [null], hasJoinedOnce [false], cluster_name[TEST-CHILD_VM=[0]-CLUSTER_SEED=[-8106659381411338889]-HASH=[14406DC76783A180]-cluster]}, ping_response{node [{node_t0}{nMu_6boQR--7IGHETEaC6A}{127.0.0.1}{127.0.0.1:9420}[mode=>network]], id[592], master [null], hasJoinedOnce [false], cluster_name[TEST-CHILD_VM=[0]-CLUSTER_SEED=[-8106659381411338889]-HASH=[14406DC76783A180]-cluster]}, ping_response{node [{node_t0}{nMu_6boQR--7IGHETEaC6A}{127.0.0.1}{127.0.0.1:9420}[mode=>network]], id[596], master [null], hasJoinedOnce [false], cluster_name[TEST-CHILD_VM=[0]-CLUSTER_SEED=[-8106659381411338889]-HASH=[14406DC76783A180]-cluster]}, ping_response{node [{node_t0}{nMu_6boQR--7IGHETEaC6A}{127.0.0.1}{127.0.0.1:9420}[mode=>network]], id[596], master [null], hasJoinedOnce [false], cluster_name[TEST-CHILD_VM=[0]-CLUSTER_SEED=[-8106659381411338889]-HASH=[14406DC76783A180]-cluster]}, ping_response{node [{node_t0}{nMu_6boQR--7IGHETEaC6A}{127.0.0.1}{127.0.0.1:9420}[mode=>network]], id[596], master [null], hasJoinedOnce [false], cluster_name[TEST-CHILD_VM=[0]-CLUSTER_SEED=[-8106659381411338889]-HASH=[14406DC76783A180]-cluster]}, ping_response{node [{node_t0}{nMu_6boQR--7IGHETEaC6A}{127.0.0.1}{127.0.0.1:9420}[mode=>network]], id[599], master [null], hasJoinedOnce [false], cluster_name[TEST-CHILD_VM=[0]-CLUSTER_SEED=[-8106659381411338889]-HASH=[14406DC76783A180]-cluster]}]
[2016-03-29 17:29:42,731][TRACE][org.elasticsearch.discovery.zen.ping.unicast] [node_t0] [2] failed to connect to {#zen_unicast_7#}{::1}{[::1]:9421}
ConnectTransportException[[][[::1]:9421] connect_timeout[30s]]; nested: ConnectException[Connection refused: /0:0:0:0:0:0:0:1:9421];
	at org.elasticsearch.transport.netty.NettyTransport.connectToChannelsLight(NettyTransport.java:954)
	at org.elasticsearch.transport.netty.NettyTransport.connectToNode(NettyTransport.java:918)
	at org.elasticsearch.transport.netty.NettyTransport.connectToNodeLight(NettyTransport.java:890)
	at org.elasticsearch.test.transport.MockTransportService$LookupTestTransport.connectToNodeLight(MockTransportService.java:413)
	at org.elasticsearch.transport.TransportService.connectToNodeLight(TransportService.java:242)
	at org.elasticsearch.discovery.zen.ping.unicast.UnicastZenPing$3.run(UnicastZenPing.java:395)
	at java.util.concurrent.ThreadPoolExecutor.runWorker(ThreadPoolExecutor.java:1142)
	at java.util.concurrent.ThreadPoolExecutor$Worker.run(ThreadPoolExecutor.java:617)
	at java.lang.Thread.run(Thread.java:745)
Caused by: java.net.ConnectException: Connection refused: /0:0:0:0:0:0:0:1:9421
	at sun.nio.ch.SocketChannelImpl.checkConnect(Native Method)
	at sun.nio.ch.SocketChannelImpl.finishConnect(SocketChannelImpl.java:712)
	at org.jboss.netty.channel.socket.nio.NioClientBoss.connect(NioClientBoss.java:152)
	at org.jboss.netty.channel.socket.nio.NioClientBoss.processSelectedKeys(NioClientBoss.java:105)
	at org.jboss.netty.channel.socket.nio.NioClientBoss.process(NioClientBoss.java:79)
	at org.jboss.netty.channel.socket.nio.AbstractNioSelector.run(AbstractNioSelector.java:337)
	at org.jboss.netty.channel.socket.nio.NioClientBoss.run(NioClientBoss.java:42)
	at org.jboss.netty.util.ThreadRenamingRunnable.run(ThreadRenamingRunnable.java:108)
	at org.jboss.netty.util.internal.DeadLockProofWorker$1.run(DeadLockProofWorker.java:42)
	... 3 more
[2016-03-29 17:29:42,730][TRACE][org.elasticsearch.discovery.zen.ping.unicast] [node_t0] [2] received response from {node_t0}{nMu_6boQR--7IGHETEaC6A}{127.0.0.1}{127.0.0.1:9420}[mode=>network]: [ping_response{node [{node_t0}{nMu_6boQR--7IGHETEaC6A}{127.0.0.1}{127.0.0.1:9420}[mode=>network]], id[584], master [null], hasJoinedOnce [false], cluster_name[TEST-CHILD_VM=[0]-CLUSTER_SEED=[-8106659381411338889]-HASH=[14406DC76783A180]-cluster]}, ping_response{node [{node_t0}{nMu_6boQR--7IGHETEaC6A}{127.0.0.1}{127.0.0.1:9420}[mode=>network]], id[584], master [null], hasJoinedOnce [false], cluster_name[TEST-CHILD_VM=[0]-CLUSTER_SEED=[-8106659381411338889]-HASH=[14406DC76783A180]-cluster]}, ping_response{node [{node_t0}{nMu_6boQR--7IGHETEaC6A}{127.0.0.1}{127.0.0.1:9420}[mode=>network]], id[584], master [null], hasJoinedOnce [false], cluster_name[TEST-CHILD_VM=[0]-CLUSTER_SEED=[-8106659381411338889]-HASH=[14406DC76783A180]-cluster]}, ping_response{node [{node_t0}{nMu_6boQR--7IGHETEaC6A}{127.0.0.1}{127.0.0.1:9420}[mode=>network]], id[588], master [null], hasJoinedOnce [false], cluster_name[TEST-CHILD_VM=[0]-CLUSTER_SEED=[-8106659381411338889]-HASH=[14406DC76783A180]-cluster]}, ping_response{node [{node_t0}{nMu_6boQR--7IGHETEaC6A}{127.0.0.1}{127.0.0.1:9420}[mode=>network]], id[588], master [null], hasJoinedOnce [false], cluster_name[TEST-CHILD_VM=[0]-CLUSTER_SEED=[-8106659381411338889]-HASH=[14406DC76783A180]-cluster]}, ping_response{node [{node_t0}{nMu_6boQR--7IGHETEaC6A}{127.0.0.1}{127.0.0.1:9420}[mode=>network]], id[588], master [null], hasJoinedOnce [false], cluster_name[TEST-CHILD_VM=[0]-CLUSTER_SEED=[-8106659381411338889]-HASH=[14406DC76783A180]-cluster]}, ping_response{node [{node_t0}{nMu_6boQR--7IGHETEaC6A}{127.0.0.1}{127.0.0.1:9420}[mode=>network]], id[592], master [null], hasJoinedOnce [false], cluster_name[TEST-CHILD_VM=[0]-CLUSTER_SEED=[-8106659381411338889]-HASH=[14406DC76783A180]-cluster]}, ping_response{node [{node_t0}{nMu_6boQR--7IGHETEaC6A}{127.0.0.1}{127.0.0.1:9420}[mode=>network]], id[592], master [null], hasJoinedOnce [false], cluster_name[TEST-CHILD_VM=[0]-CLUSTER_SEED=[-8106659381411338889]-HASH=[14406DC76783A180]-cluster]}, ping_response{node [{node_t0}{nMu_6boQR--7IGHETEaC6A}{127.0.0.1}{127.0.0.1:9420}[mode=>network]], id[592], master [null], hasJoinedOnce [false], cluster_name[TEST-CHILD_VM=[0]-CLUSTER_SEED=[-8106659381411338889]-HASH=[14406DC76783A180]-cluster]}, ping_response{node [{node_t0}{nMu_6boQR--7IGHETEaC6A}{127.0.0.1}{127.0.0.1:9420}[mode=>network]], id[596], master [null], hasJoinedOnce [false], cluster_name[TEST-CHILD_VM=[0]-CLUSTER_SEED=[-8106659381411338889]-HASH=[14406DC76783A180]-cluster]}, ping_response{node [{node_t0}{nMu_6boQR--7IGHETEaC6A}{127.0.0.1}{127.0.0.1:9420}[mode=>network]], id[596], master [null], hasJoinedOnce [false], cluster_name[TEST-CHILD_VM=[0]-CLUSTER_SEED=[-8106659381411338889]-HASH=[14406DC76783A180]-cluster]}, ping_response{node [{node_t0}{nMu_6boQR--7IGHETEaC6A}{127.0.0.1}{127.0.0.1:9420}[mode=>network]], id[598], master [null], hasJoinedOnce [false], cluster_name[TEST-CHILD_VM=[0]-CLUSTER_SEED=[-8106659381411338889]-HASH=[14406DC76783A180]-cluster]}]
[2016-03-29 17:29:42,839][TRACE][org.elasticsearch.discovery.zen.ping.unicast] [node_t0] [2] sending to {node_t0}{nMu_6boQR--7IGHETEaC6A}{127.0.0.1}{127.0.0.1:9420}[mode=>network]
[2016-03-29 17:29:42,839][TRACE][org.elasticsearch.discovery.zen.ping.unicast] [node_t0] [2] received response from {node_t0}{nMu_6boQR--7IGHETEaC6A}{127.0.0.1}{127.0.0.1:9420}[mode=>network]: [ping_response{node [{node_t0}{nMu_6boQR--7IGHETEaC6A}{127.0.0.1}{127.0.0.1:9420}[mode=>network]], id[584], master [null], hasJoinedOnce [false], cluster_name[TEST-CHILD_VM=[0]-CLUSTER_SEED=[-8106659381411338889]-HASH=[14406DC76783A180]-cluster]}, ping_response{node [{node_t0}{nMu_6boQR--7IGHETEaC6A}{127.0.0.1}{127.0.0.1:9420}[mode=>network]], id[584], master [null], hasJoinedOnce [false], cluster_name[TEST-CHILD_VM=[0]-CLUSTER_SEED=[-8106659381411338889]-HASH=[14406DC76783A180]-cluster]}, ping_response{node [{node_t0}{nMu_6boQR--7IGHETEaC6A}{127.0.0.1}{127.0.0.1:9420}[mode=>network]], id[584], master [null], hasJoinedOnce [false], cluster_name[TEST-CHILD_VM=[0]-CLUSTER_SEED=[-8106659381411338889]-HASH=[14406DC76783A180]-cluster]}, ping_response{node [{node_t0}{nMu_6boQR--7IGHETEaC6A}{127.0.0.1}{127.0.0.1:9420}[mode=>network]], id[588], master [null], hasJoinedOnce [false], cluster_name[TEST-CHILD_VM=[0]-CLUSTER_SEED=[-8106659381411338889]-HASH=[14406DC76783A180]-cluster]}, ping_response{node [{node_t0}{nMu_6boQR--7IGHETEaC6A}{127.0.0.1}{127.0.0.1:9420}[mode=>network]], id[588], master [null], hasJoinedOnce [false], cluster_name[TEST-CHILD_VM=[0]-CLUSTER_SEED=[-8106659381411338889]-HASH=[14406DC76783A180]-cluster]}, ping_response{node [{node_t0}{nMu_6boQR--7IGHETEaC6A}{127.0.0.1}{127.0.0.1:9420}[mode=>network]], id[588], master [null], hasJoinedOnce [false], cluster_name[TEST-CHILD_VM=[0]-CLUSTER_SEED=[-8106659381411338889]-HASH=[14406DC76783A180]-cluster]}, ping_response{node [{node_t0}{nMu_6boQR--7IGHETEaC6A}{127.0.0.1}{127.0.0.1:9420}[mode=>network]], id[592], master [null], hasJoinedOnce [false], cluster_name[TEST-CHILD_VM=[0]-CLUSTER_SEED=[-8106659381411338889]-HASH=[14406DC76783A180]-cluster]}, ping_response{node [{node_t0}{nMu_6boQR--7IGHETEaC6A}{127.0.0.1}{127.0.0.1:9420}[mode=>network]], id[592], master [null], hasJoinedOnce [false], cluster_name[TEST-CHILD_VM=[0]-CLUSTER_SEED=[-8106659381411338889]-HASH=[14406DC76783A180]-cluster]}, ping_response{node [{node_t0}{nMu_6boQR--7IGHETEaC6A}{127.0.0.1}{127.0.0.1:9420}[mode=>network]], id[592], master [null], hasJoinedOnce [false], cluster_name[TEST-CHILD_VM=[0]-CLUSTER_SEED=[-8106659381411338889]-HASH=[14406DC76783A180]-cluster]}, ping_response{node [{node_t0}{nMu_6boQR--7IGHETEaC6A}{127.0.0.1}{127.0.0.1:9420}[mode=>network]], id[596], master [null], hasJoinedOnce [false], cluster_name[TEST-CHILD_VM=[0]-CLUSTER_SEED=[-8106659381411338889]-HASH=[14406DC76783A180]-cluster]}, ping_response{node [{node_t0}{nMu_6boQR--7IGHETEaC6A}{127.0.0.1}{127.0.0.1:9420}[mode=>network]], id[596], master [null], hasJoinedOnce [false], cluster_name[TEST-CHILD_VM=[0]-CLUSTER_SEED=[-8106659381411338889]-HASH=[14406DC76783A180]-cluster]}, ping_response{node [{node_t0}{nMu_6boQR--7IGHETEaC6A}{127.0.0.1}{127.0.0.1:9420}[mode=>network]], id[596], master [null], hasJoinedOnce [false], cluster_name[TEST-CHILD_VM=[0]-CLUSTER_SEED=[-8106659381411338889]-HASH=[14406DC76783A180]-cluster]}, ping_response{node [{node_t0}{nMu_6boQR--7IGHETEaC6A}{127.0.0.1}{127.0.0.1:9420}[mode=>network]], id[600], master [null], hasJoinedOnce [false], cluster_name[TEST-CHILD_VM=[0]-CLUSTER_SEED=[-8106659381411338889]-HASH=[14406DC76783A180]-cluster]}, ping_response{node [{node_t0}{nMu_6boQR--7IGHETEaC6A}{127.0.0.1}{127.0.0.1:9420}[mode=>network]], id[601], master [null], hasJoinedOnce [false], cluster_name[TEST-CHILD_VM=[0]-CLUSTER_SEED=[-8106659381411338889]-HASH=[14406DC76783A180]-cluster]}]
[2016-03-29 17:29:42,840][TRACE][org.elasticsearch.discovery.zen.ping.unicast] [node_t0] [2] sending to {#zen_unicast_6#}{::1}{[::1]:9420}
[2016-03-29 17:29:42,840][TRACE][org.elasticsearch.discovery.zen.ping.unicast] [node_t0] [2] connecting (light) to {#zen_unicast_4#}{127.0.0.1}{127.0.0.1:9423}
[2016-03-29 17:29:42,840][TRACE][org.elasticsearch.discovery.zen.ping.unicast] [node_t0] [2] sending to {node_t0}{nMu_6boQR--7IGHETEaC6A}{127.0.0.1}{127.0.0.1:9420}[mode=>network]
[2016-03-29 17:29:42,840][TRACE][org.elasticsearch.discovery.zen.ping.unicast] [node_t0] [2] connecting (light) to {#zen_unicast_7#}{::1}{[::1]:9421}
[2016-03-29 17:29:42,840][TRACE][org.elasticsearch.discovery.zen.ping.unicast] [node_t0] [2] connecting (light) to {#zen_unicast_10#}{::1}{[::1]:9424}
[2016-03-29 17:29:42,840][TRACE][org.elasticsearch.discovery.zen.ping.unicast] [node_t0] [2] received response from {node_t0}{nMu_6boQR--7IGHETEaC6A}{127.0.0.1}{127.0.0.1:9420}[mode=>network]: [ping_response{node [{node_t0}{nMu_6boQR--7IGHETEaC6A}{127.0.0.1}{127.0.0.1:9420}[mode=>network]], id[584], master [null], hasJoinedOnce [false], cluster_name[TEST-CHILD_VM=[0]-CLUSTER_SEED=[-8106659381411338889]-HASH=[14406DC76783A180]-cluster]}, ping_response{node [{node_t0}{nMu_6boQR--7IGHETEaC6A}{127.0.0.1}{127.0.0.1:9420}[mode=>network]], id[584], master [null], hasJoinedOnce [false], cluster_name[TEST-CHILD_VM=[0]-CLUSTER_SEED=[-8106659381411338889]-HASH=[14406DC76783A180]-cluster]}, ping_response{node [{node_t0}{nMu_6boQR--7IGHETEaC6A}{127.0.0.1}{127.0.0.1:9420}[mode=>network]], id[584], master [null], hasJoinedOnce [false], cluster_name[TEST-CHILD_VM=[0]-CLUSTER_SEED=[-8106659381411338889]-HASH=[14406DC76783A180]-cluster]}, ping_response{node [{node_t0}{nMu_6boQR--7IGHETEaC6A}{127.0.0.1}{127.0.0.1:9420}[mode=>network]], id[588], master [null], hasJoinedOnce [false], cluster_name[TEST-CHILD_VM=[0]-CLUSTER_SEED=[-8106659381411338889]-HASH=[14406DC76783A180]-cluster]}, ping_response{node [{node_t0}{nMu_6boQR--7IGHETEaC6A}{127.0.0.1}{127.0.0.1:9420}[mode=>network]], id[588], master [null], hasJoinedOnce [false], cluster_name[TEST-CHILD_VM=[0]-CLUSTER_SEED=[-8106659381411338889]-HASH=[14406DC76783A180]-cluster]}, ping_response{node [{node_t0}{nMu_6boQR--7IGHETEaC6A}{127.0.0.1}{127.0.0.1:9420}[mode=>network]], id[588], master [null], hasJoinedOnce [false], cluster_name[TEST-CHILD_VM=[0]-CLUSTER_SEED=[-8106659381411338889]-HASH=[14406DC76783A180]-cluster]}, ping_response{node [{node_t0}{nMu_6boQR--7IGHETEaC6A}{127.0.0.1}{127.0.0.1:9420}[mode=>network]], id[592], master [null], hasJoinedOnce [false], cluster_name[TEST-CHILD_VM=[0]-CLUSTER_SEED=[-8106659381411338889]-HASH=[14406DC76783A180]-cluster]}, ping_response{node [{node_t0}{nMu_6boQR--7IGHETEaC6A}{127.0.0.1}{127.0.0.1:9420}[mode=>network]], id[592], master [null], hasJoinedOnce [false], cluster_name[TEST-CHILD_VM=[0]-CLUSTER_SEED=[-8106659381411338889]-HASH=[14406DC76783A180]-cluster]}, ping_response{node [{node_t0}{nMu_6boQR--7IGHETEaC6A}{127.0.0.1}{127.0.0.1:9420}[mode=>network]], id[592], master [null], hasJoinedOnce [false], cluster_name[TEST-CHILD_VM=[0]-CLUSTER_SEED=[-8106659381411338889]-HASH=[14406DC76783A180]-cluster]}, ping_response{node [{node_t0}{nMu_6boQR--7IGHETEaC6A}{127.0.0.1}{127.0.0.1:9420}[mode=>network]], id[596], master [null], hasJoinedOnce [false], cluster_name[TEST-CHILD_VM=[0]-CLUSTER_SEED=[-8106659381411338889]-HASH=[14406DC76783A180]-cluster]}, ping_response{node [{node_t0}{nMu_6boQR--7IGHETEaC6A}{127.0.0.1}{127.0.0.1:9420}[mode=>network]], id[596], master [null], hasJoinedOnce [false], cluster_name[TEST-CHILD_VM=[0]-CLUSTER_SEED=[-8106659381411338889]-HASH=[14406DC76783A180]-cluster]}, ping_response{node [{node_t0}{nMu_6boQR--7IGHETEaC6A}{127.0.0.1}{127.0.0.1:9420}[mode=>network]], id[596], master [null], hasJoinedOnce [false], cluster_name[TEST-CHILD_VM=[0]-CLUSTER_SEED=[-8106659381411338889]-HASH=[14406DC76783A180]-cluster]}, ping_response{node [{node_t0}{nMu_6boQR--7IGHETEaC6A}{127.0.0.1}{127.0.0.1:9420}[mode=>network]], id[600], master [null], hasJoinedOnce [false], cluster_name[TEST-CHILD_VM=[0]-CLUSTER_SEED=[-8106659381411338889]-HASH=[14406DC76783A180]-cluster]}, ping_response{node [{node_t0}{nMu_6boQR--7IGHETEaC6A}{127.0.0.1}{127.0.0.1:9420}[mode=>network]], id[600], master [null], hasJoinedOnce [false], cluster_name[TEST-CHILD_VM=[0]-CLUSTER_SEED=[-8106659381411338889]-HASH=[14406DC76783A180]-cluster]}, ping_response{node [{node_t0}{nMu_6boQR--7IGHETEaC6A}{127.0.0.1}{127.0.0.1:9420}[mode=>network]], id[602], master [null], hasJoinedOnce [false], cluster_name[TEST-CHILD_VM=[0]-CLUSTER_SEED=[-8106659381411338889]-HASH=[14406DC76783A180]-cluster]}]
[2016-03-29 17:29:42,840][TRACE][org.elasticsearch.discovery.zen.ping.unicast] [node_t0] [2] connecting (light) to {#zen_unicast_5#}{127.0.0.1}{127.0.0.1:9424}
[2016-03-29 17:29:42,840][TRACE][org.elasticsearch.discovery.zen.ping.unicast] [node_t0] [2] connecting (light) to {#zen_unicast_2#}{127.0.0.1}{127.0.0.1:9421}
[2016-03-29 17:29:42,841][TRACE][org.elasticsearch.discovery.zen.ping.unicast] [node_t0] [2] received response from {#zen_unicast_6#}{::1}{[::1]:9420}: [ping_response{node [{node_t0}{nMu_6boQR--7IGHETEaC6A}{127.0.0.1}{127.0.0.1:9420}[mode=>network]], id[584], master [null], hasJoinedOnce [false], cluster_name[TEST-CHILD_VM=[0]-CLUSTER_SEED=[-8106659381411338889]-HASH=[14406DC76783A180]-cluster]}, ping_response{node [{node_t0}{nMu_6boQR--7IGHETEaC6A}{127.0.0.1}{127.0.0.1:9420}[mode=>network]], id[584], master [null], hasJoinedOnce [false], cluster_name[TEST-CHILD_VM=[0]-CLUSTER_SEED=[-8106659381411338889]-HASH=[14406DC76783A180]-cluster]}, ping_response{node [{node_t0}{nMu_6boQR--7IGHETEaC6A}{127.0.0.1}{127.0.0.1:9420}[mode=>network]], id[584], master [null], hasJoinedOnce [false], cluster_name[TEST-CHILD_VM=[0]-CLUSTER_SEED=[-8106659381411338889]-HASH=[14406DC76783A180]-cluster]}, ping_response{node [{node_t0}{nMu_6boQR--7IGHETEaC6A}{127.0.0.1}{127.0.0.1:9420}[mode=>network]], id[588], master [null], hasJoinedOnce [false], cluster_name[TEST-CHILD_VM=[0]-CLUSTER_SEED=[-8106659381411338889]-HASH=[14406DC76783A180]-cluster]}, ping_response{node [{node_t0}{nMu_6boQR--7IGHETEaC6A}{127.0.0.1}{127.0.0.1:9420}[mode=>network]], id[588], master [null], hasJoinedOnce [false], cluster_name[TEST-CHILD_VM=[0]-CLUSTER_SEED=[-8106659381411338889]-HASH=[14406DC76783A180]-cluster]}, ping_response{node [{node_t0}{nMu_6boQR--7IGHETEaC6A}{127.0.0.1}{127.0.0.1:9420}[mode=>network]], id[588], master [null], hasJoinedOnce [false], cluster_name[TEST-CHILD_VM=[0]-CLUSTER_SEED=[-8106659381411338889]-HASH=[14406DC76783A180]-cluster]}, ping_response{node [{node_t0}{nMu_6boQR--7IGHETEaC6A}{127.0.0.1}{127.0.0.1:9420}[mode=>network]], id[592], master [null], hasJoinedOnce [false], cluster_name[TEST-CHILD_VM=[0]-CLUSTER_SEED=[-8106659381411338889]-HASH=[14406DC76783A180]-cluster]}, ping_response{node [{node_t0}{nMu_6boQR--7IGHETEaC6A}{127.0.0.1}{127.0.0.1:9420}[mode=>network]], id[592], master [null], hasJoinedOnce [false], cluster_name[TEST-CHILD_VM=[0]-CLUSTER_SEED=[-8106659381411338889]-HASH=[14406DC76783A180]-cluster]}, ping_response{node [{node_t0}{nMu_6boQR--7IGHETEaC6A}{127.0.0.1}{127.0.0.1:9420}[mode=>network]], id[592], master [null], hasJoinedOnce [false], cluster_name[TEST-CHILD_VM=[0]-CLUSTER_SEED=[-8106659381411338889]-HASH=[14406DC76783A180]-cluster]}, ping_response{node [{node_t0}{nMu_6boQR--7IGHETEaC6A}{127.0.0.1}{127.0.0.1:9420}[mode=>network]], id[596], master [null], hasJoinedOnce [false], cluster_name[TEST-CHILD_VM=[0]-CLUSTER_SEED=[-8106659381411338889]-HASH=[14406DC76783A180]-cluster]}, ping_response{node [{node_t0}{nMu_6boQR--7IGHETEaC6A}{127.0.0.1}{127.0.0.1:9420}[mode=>network]], id[596], master [null], hasJoinedOnce [false], cluster_name[TEST-CHILD_VM=[0]-CLUSTER_SEED=[-8106659381411338889]-HASH=[14406DC76783A180]-cluster]}, ping_response{node [{node_t0}{nMu_6boQR--7IGHETEaC6A}{127.0.0.1}{127.0.0.1:9420}[mode=>network]], id[596], master [null], hasJoinedOnce [false], cluster_name[TEST-CHILD_VM=[0]-CLUSTER_SEED=[-8106659381411338889]-HASH=[14406DC76783A180]-cluster]}, ping_response{node [{node_t0}{nMu_6boQR--7IGHETEaC6A}{127.0.0.1}{127.0.0.1:9420}[mode=>network]], id[600], master [null], hasJoinedOnce [false], cluster_name[TEST-CHILD_VM=[0]-CLUSTER_SEED=[-8106659381411338889]-HASH=[14406DC76783A180]-cluster]}, ping_response{node [{node_t0}{nMu_6boQR--7IGHETEaC6A}{127.0.0.1}{127.0.0.1:9420}[mode=>network]], id[600], master [null], hasJoinedOnce [false], cluster_name[TEST-CHILD_VM=[0]-CLUSTER_SEED=[-8106659381411338889]-HASH=[14406DC76783A180]-cluster]}, ping_response{node [{node_t0}{nMu_6boQR--7IGHETEaC6A}{127.0.0.1}{127.0.0.1:9420}[mode=>network]], id[600], master [null], hasJoinedOnce [false], cluster_name[TEST-CHILD_VM=[0]-CLUSTER_SEED=[-8106659381411338889]-HASH=[14406DC76783A180]-cluster]}, ping_response{node [{node_t0}{nMu_6boQR--7IGHETEaC6A}{127.0.0.1}{127.0.0.1:9420}[mode=>network]], id[603], master [null], hasJoinedOnce [false], cluster_name[TEST-CHILD_VM=[0]-CLUSTER_SEED=[-8106659381411338889]-HASH=[14406DC76783A180]-cluster]}]
[2016-03-29 17:29:42,840][TRACE][org.elasticsearch.discovery.zen.ping.unicast] [node_t0] [2] connecting (light) to {#zen_unicast_3#}{127.0.0.1}{127.0.0.1:9422}
[2016-03-29 17:29:42,842][TRACE][org.elasticsearch.discovery.zen.ping.unicast] [node_t0] [2] failed to connect to {#zen_unicast_10#}{::1}{[::1]:9424}
ConnectTransportException[[][[::1]:9424] connect_timeout[30s]]; nested: ConnectException[Connection refused: /0:0:0:0:0:0:0:1:9424];
	at org.elasticsearch.transport.netty.NettyTransport.connectToChannelsLight(NettyTransport.java:954)
	at org.elasticsearch.transport.netty.NettyTransport.connectToNode(NettyTransport.java:918)
	at org.elasticsearch.transport.netty.NettyTransport.connectToNodeLight(NettyTransport.java:890)
	at org.elasticsearch.test.transport.MockTransportService$LookupTestTransport.connectToNodeLight(MockTransportService.java:413)
	at org.elasticsearch.transport.TransportService.connectToNodeLight(TransportService.java:242)
	at org.elasticsearch.discovery.zen.ping.unicast.UnicastZenPing$3.run(UnicastZenPing.java:395)
	at java.util.concurrent.ThreadPoolExecutor.runWorker(ThreadPoolExecutor.java:1142)
	at java.util.concurrent.ThreadPoolExecutor$Worker.run(ThreadPoolExecutor.java:617)
	at java.lang.Thread.run(Thread.java:745)
Caused by: java.net.ConnectException: Connection refused: /0:0:0:0:0:0:0:1:9424
	at sun.nio.ch.SocketChannelImpl.checkConnect(Native Method)
	at sun.nio.ch.SocketChannelImpl.finishConnect(SocketChannelImpl.java:712)
	at org.jboss.netty.channel.socket.nio.NioClientBoss.connect(NioClientBoss.java:152)
	at org.jboss.netty.channel.socket.nio.NioClientBoss.processSelectedKeys(NioClientBoss.java:105)
	at org.jboss.netty.channel.socket.nio.NioClientBoss.process(NioClientBoss.java:79)
	at org.jboss.netty.channel.socket.nio.AbstractNioSelector.run(AbstractNioSelector.java:337)
	at org.jboss.netty.channel.socket.nio.NioClientBoss.run(NioClientBoss.java:42)
	at org.jboss.netty.util.ThreadRenamingRunnable.run(ThreadRenamingRunnable.java:108)
	at org.jboss.netty.util.internal.DeadLockProofWorker$1.run(DeadLockProofWorker.java:42)
	... 3 more
[2016-03-29 17:29:42,844][TRACE][org.elasticsearch.discovery.zen.ping.unicast] [node_t0] [2] failed to connect to {#zen_unicast_3#}{127.0.0.1}{127.0.0.1:9422}
ConnectTransportException[[][127.0.0.1:9422] connect_timeout[30s]]; nested: ConnectException[Connection refused: /127.0.0.1:9422];
	at org.elasticsearch.transport.netty.NettyTransport.connectToChannelsLight(NettyTransport.java:954)
	at org.elasticsearch.transport.netty.NettyTransport.connectToNode(NettyTransport.java:918)
	at org.elasticsearch.transport.netty.NettyTransport.connectToNodeLight(NettyTransport.java:890)
	at org.elasticsearch.test.transport.MockTransportService$LookupTestTransport.connectToNodeLight(MockTransportService.java:413)
	at org.elasticsearch.transport.TransportService.connectToNodeLight(TransportService.java:242)
	at org.elasticsearch.discovery.zen.ping.unicast.UnicastZenPing$3.run(UnicastZenPing.java:395)
	at java.util.concurrent.ThreadPoolExecutor.runWorker(ThreadPoolExecutor.java:1142)
	at java.util.concurrent.ThreadPoolExecutor$Worker.run(ThreadPoolExecutor.java:617)
	at java.lang.Thread.run(Thread.java:745)
Caused by: java.net.ConnectException: Connection refused: /127.0.0.1:9422
	at sun.nio.ch.SocketChannelImpl.checkConnect(Native Method)
	at sun.nio.ch.SocketChannelImpl.finishConnect(SocketChannelImpl.java:712)
	at org.jboss.netty.channel.socket.nio.NioClientBoss.connect(NioClientBoss.java:152)
	at org.jboss.netty.channel.socket.nio.NioClientBoss.processSelectedKeys(NioClientBoss.java:105)
	at org.jboss.netty.channel.socket.nio.NioClientBoss.process(NioClientBoss.java:79)
	at org.jboss.netty.channel.socket.nio.AbstractNioSelector.run(AbstractNioSelector.java:337)
	at org.jboss.netty.channel.socket.nio.NioClientBoss.run(NioClientBoss.java:42)
	at org.jboss.netty.util.ThreadRenamingRunnable.run(ThreadRenamingRunnable.java:108)
	at org.jboss.netty.util.internal.DeadLockProofWorker$1.run(DeadLockProofWorker.java:42)
	... 3 more
[2016-03-29 17:29:42,843][TRACE][org.elasticsearch.discovery.zen.ping.unicast] [node_t0] [2] failed to connect to {#zen_unicast_5#}{127.0.0.1}{127.0.0.1:9424}
ConnectTransportException[[][127.0.0.1:9424] connect_timeout[30s]]; nested: ConnectException[Connection refused: /127.0.0.1:9424];
	at org.elasticsearch.transport.netty.NettyTransport.connectToChannelsLight(NettyTransport.java:954)
	at org.elasticsearch.transport.netty.NettyTransport.connectToNode(NettyTransport.java:918)
	at org.elasticsearch.transport.netty.NettyTransport.connectToNodeLight(NettyTransport.java:890)
	at org.elasticsearch.test.transport.MockTransportService$LookupTestTransport.connectToNodeLight(MockTransportService.java:413)
	at org.elasticsearch.transport.TransportService.connectToNodeLight(TransportService.java:242)
	at org.elasticsearch.discovery.zen.ping.unicast.UnicastZenPing$3.run(UnicastZenPing.java:395)
	at java.util.concurrent.ThreadPoolExecutor.runWorker(ThreadPoolExecutor.java:1142)
	at java.util.concurrent.ThreadPoolExecutor$Worker.run(ThreadPoolExecutor.java:617)
	at java.lang.Thread.run(Thread.java:745)
Caused by: java.net.ConnectException: Connection refused: /127.0.0.1:9424
	at sun.nio.ch.SocketChannelImpl.checkConnect(Native Method)
	at sun.nio.ch.SocketChannelImpl.finishConnect(SocketChannelImpl.java:712)
	at org.jboss.netty.channel.socket.nio.NioClientBoss.connect(NioClientBoss.java:152)
	at org.jboss.netty.channel.socket.nio.NioClientBoss.processSelectedKeys(NioClientBoss.java:105)
	at org.jboss.netty.channel.socket.nio.NioClientBoss.process(NioClientBoss.java:79)
	at org.jboss.netty.channel.socket.nio.AbstractNioSelector.run(AbstractNioSelector.java:337)
	at org.jboss.netty.channel.socket.nio.NioClientBoss.run(NioClientBoss.java:42)
	at org.jboss.netty.util.ThreadRenamingRunnable.run(ThreadRenamingRunnable.java:108)
	at org.jboss.netty.util.internal.DeadLockProofWorker$1.run(DeadLockProofWorker.java:42)
	... 3 more
[2016-03-29 17:29:42,843][TRACE][org.elasticsearch.discovery.zen.ping.unicast] [node_t0] [2] failed to connect to {#zen_unicast_2#}{127.0.0.1}{127.0.0.1:9421}
ConnectTransportException[[][127.0.0.1:9421] connect_timeout[30s]]; nested: ConnectException[Connection refused: /127.0.0.1:9421];
	at org.elasticsearch.transport.netty.NettyTransport.connectToChannelsLight(NettyTransport.java:954)
	at org.elasticsearch.transport.netty.NettyTransport.connectToNode(NettyTransport.java:918)
	at org.elasticsearch.transport.netty.NettyTransport.connectToNodeLight(NettyTransport.java:890)
	at org.elasticsearch.test.transport.MockTransportService$LookupTestTransport.connectToNodeLight(MockTransportService.java:413)
	at org.elasticsearch.transport.TransportService.connectToNodeLight(TransportService.java:242)
	at org.elasticsearch.discovery.zen.ping.unicast.UnicastZenPing$3.run(UnicastZenPing.java:395)
	at java.util.concurrent.ThreadPoolExecutor.runWorker(ThreadPoolExecutor.java:1142)
	at java.util.concurrent.ThreadPoolExecutor$Worker.run(ThreadPoolExecutor.java:617)
	at java.lang.Thread.run(Thread.java:745)
Caused by: java.net.ConnectException: Connection refused: /127.0.0.1:9421
	at sun.nio.ch.SocketChannelImpl.checkConnect(Native Method)
	at sun.nio.ch.SocketChannelImpl.finishConnect(SocketChannelImpl.java:712)
	at org.jboss.netty.channel.socket.nio.NioClientBoss.connect(NioClientBoss.java:152)
	at org.jboss.netty.channel.socket.nio.NioClientBoss.processSelectedKeys(NioClientBoss.java:105)
	at org.jboss.netty.channel.socket.nio.NioClientBoss.process(NioClientBoss.java:79)
	at org.jboss.netty.channel.socket.nio.AbstractNioSelector.run(AbstractNioSelector.java:337)
	at org.jboss.netty.channel.socket.nio.NioClientBoss.run(NioClientBoss.java:42)
	at org.jboss.netty.util.ThreadRenamingRunnable.run(ThreadRenamingRunnable.java:108)
	at org.jboss.netty.util.internal.DeadLockProofWorker$1.run(DeadLockProofWorker.java:42)
	... 3 more
[2016-03-29 17:29:42,842][TRACE][org.elasticsearch.discovery.zen.ping.unicast] [node_t0] [2] failed to connect to {#zen_unicast_7#}{::1}{[::1]:9421}
ConnectTransportException[[][[::1]:9421] connect_timeout[30s]]; nested: ConnectException[Connection refused: /0:0:0:0:0:0:0:1:9421];
	at org.elasticsearch.transport.netty.NettyTransport.connectToChannelsLight(NettyTransport.java:954)
	at org.elasticsearch.transport.netty.NettyTransport.connectToNode(NettyTransport.java:918)
	at org.elasticsearch.transport.netty.NettyTransport.connectToNodeLight(NettyTransport.java:890)
	at org.elasticsearch.test.transport.MockTransportService$LookupTestTransport.connectToNodeLight(MockTransportService.java:413)
	at org.elasticsearch.transport.TransportService.connectToNodeLight(TransportService.java:242)
	at org.elasticsearch.discovery.zen.ping.unicast.UnicastZenPing$3.run(UnicastZenPing.java:395)
	at java.util.concurrent.ThreadPoolExecutor.runWorker(ThreadPoolExecutor.java:1142)
	at java.util.concurrent.ThreadPoolExecutor$Worker.run(ThreadPoolExecutor.java:617)
	at java.lang.Thread.run(Thread.java:745)
Caused by: java.net.ConnectException: Connection refused: /0:0:0:0:0:0:0:1:9421
	at sun.nio.ch.SocketChannelImpl.checkConnect(Native Method)
	at sun.nio.ch.SocketChannelImpl.finishConnect(SocketChannelImpl.java:712)
	at org.jboss.netty.channel.socket.nio.NioClientBoss.connect(NioClientBoss.java:152)
	at org.jboss.netty.channel.socket.nio.NioClientBoss.processSelectedKeys(NioClientBoss.java:105)
	at org.jboss.netty.channel.socket.nio.NioClientBoss.process(NioClientBoss.java:79)
	at org.jboss.netty.channel.socket.nio.AbstractNioSelector.run(AbstractNioSelector.java:337)
	at org.jboss.netty.channel.socket.nio.NioClientBoss.run(NioClientBoss.java:42)
	at org.jboss.netty.util.ThreadRenamingRunnable.run(ThreadRenamingRunnable.java:108)
	at org.jboss.netty.util.internal.DeadLockProofWorker$1.run(DeadLockProofWorker.java:42)
	... 3 more
[2016-03-29 17:29:42,842][TRACE][org.elasticsearch.discovery.zen.ping.unicast] [node_t0] [2] failed to connect to {#zen_unicast_4#}{127.0.0.1}{127.0.0.1:9423}
ConnectTransportException[[][127.0.0.1:9423] connect_timeout[30s]]; nested: ConnectException[Connection refused: /127.0.0.1:9423];
	at org.elasticsearch.transport.netty.NettyTransport.connectToChannelsLight(NettyTransport.java:954)
	at org.elasticsearch.transport.netty.NettyTransport.connectToNode(NettyTransport.java:918)
	at org.elasticsearch.transport.netty.NettyTransport.connectToNodeLight(NettyTransport.java:890)
	at org.elasticsearch.test.transport.MockTransportService$LookupTestTransport.connectToNodeLight(MockTransportService.java:413)
	at org.elasticsearch.transport.TransportService.connectToNodeLight(TransportService.java:242)
	at org.elasticsearch.discovery.zen.ping.unicast.UnicastZenPing$3.run(UnicastZenPing.java:395)
	at java.util.concurrent.ThreadPoolExecutor.runWorker(ThreadPoolExecutor.java:1142)
	at java.util.concurrent.ThreadPoolExecutor$Worker.run(ThreadPoolExecutor.java:617)
	at java.lang.Thread.run(Thread.java:745)
Caused by: java.net.ConnectException: Connection refused: /127.0.0.1:9423
	at sun.nio.ch.SocketChannelImpl.checkConnect(Native Method)
	at sun.nio.ch.SocketChannelImpl.finishConnect(SocketChannelImpl.java:712)
	at org.jboss.netty.channel.socket.nio.NioClientBoss.connect(NioClientBoss.java:152)
	at org.jboss.netty.channel.socket.nio.NioClientBoss.processSelectedKeys(NioClientBoss.java:105)
	at org.jboss.netty.channel.socket.nio.NioClientBoss.process(NioClientBoss.java:79)
	at org.jboss.netty.channel.socket.nio.AbstractNioSelector.run(AbstractNioSelector.java:337)
	at org.jboss.netty.channel.socket.nio.NioClientBoss.run(NioClientBoss.java:42)
	at org.jboss.netty.util.ThreadRenamingRunnable.run(ThreadRenamingRunnable.java:108)
	at org.jboss.netty.util.internal.DeadLockProofWorker$1.run(DeadLockProofWorker.java:42)
	... 3 more
[2016-03-29 17:29:42,840][TRACE][org.elasticsearch.discovery.zen.ping.unicast] [node_t0] [2] connecting (light) to {#zen_unicast_8#}{::1}{[::1]:9422}
[2016-03-29 17:29:42,840][TRACE][org.elasticsearch.discovery.zen.ping.unicast] [node_t0] [2] connecting (light) to {#zen_unicast_9#}{::1}{[::1]:9423}
[2016-03-29 17:29:42,847][TRACE][org.elasticsearch.discovery.zen.ping.unicast] [node_t0] [2] failed to connect to {#zen_unicast_8#}{::1}{[::1]:9422}
ConnectTransportException[[][[::1]:9422] connect_timeout[30s]]; nested: ConnectException[Connection refused: /0:0:0:0:0:0:0:1:9422];
	at org.elasticsearch.transport.netty.NettyTransport.connectToChannelsLight(NettyTransport.java:954)
	at org.elasticsearch.transport.netty.NettyTransport.connectToNode(NettyTransport.java:918)
	at org.elasticsearch.transport.netty.NettyTransport.connectToNodeLight(NettyTransport.java:890)
	at org.elasticsearch.test.transport.MockTransportService$LookupTestTransport.connectToNodeLight(MockTransportService.java:413)
	at org.elasticsearch.transport.TransportService.connectToNodeLight(TransportService.java:242)
	at org.elasticsearch.discovery.zen.ping.unicast.UnicastZenPing$3.run(UnicastZenPing.java:395)
	at java.util.concurrent.ThreadPoolExecutor.runWorker(ThreadPoolExecutor.java:1142)
	at java.util.concurrent.ThreadPoolExecutor$Worker.run(ThreadPoolExecutor.java:617)
	at java.lang.Thread.run(Thread.java:745)
Caused by: java.net.ConnectException: Connection refused: /0:0:0:0:0:0:0:1:9422
	at sun.nio.ch.SocketChannelImpl.checkConnect(Native Method)
	at sun.nio.ch.SocketChannelImpl.finishConnect(SocketChannelImpl.java:712)
	at org.jboss.netty.channel.socket.nio.NioClientBoss.connect(NioClientBoss.java:152)
	at org.jboss.netty.channel.socket.nio.NioClientBoss.processSelectedKeys(NioClientBoss.java:105)
	at org.jboss.netty.channel.socket.nio.NioClientBoss.process(NioClientBoss.java:79)
	at org.jboss.netty.channel.socket.nio.AbstractNioSelector.run(AbstractNioSelector.java:337)
	at org.jboss.netty.channel.socket.nio.NioClientBoss.run(NioClientBoss.java:42)
	at org.jboss.netty.util.ThreadRenamingRunnable.run(ThreadRenamingRunnable.java:108)
	at org.jboss.netty.util.internal.DeadLockProofWorker$1.run(DeadLockProofWorker.java:42)
	... 3 more
[2016-03-29 17:29:42,847][TRACE][org.elasticsearch.discovery.zen.ping.unicast] [node_t0] [2] failed to connect to {#zen_unicast_9#}{::1}{[::1]:9423}
ConnectTransportException[[][[::1]:9423] connect_timeout[30s]]; nested: ConnectException[Connection refused: /0:0:0:0:0:0:0:1:9423];
	at org.elasticsearch.transport.netty.NettyTransport.connectToChannelsLight(NettyTransport.java:954)
	at org.elasticsearch.transport.netty.NettyTransport.connectToNode(NettyTransport.java:918)
	at org.elasticsearch.transport.netty.NettyTransport.connectToNodeLight(NettyTransport.java:890)
	at org.elasticsearch.test.transport.MockTransportService$LookupTestTransport.connectToNodeLight(MockTransportService.java:413)
	at org.elasticsearch.transport.TransportService.connectToNodeLight(TransportService.java:242)
	at org.elasticsearch.discovery.zen.ping.unicast.UnicastZenPing$3.run(UnicastZenPing.java:395)
	at java.util.concurrent.ThreadPoolExecutor.runWorker(ThreadPoolExecutor.java:1142)
	at java.util.concurrent.ThreadPoolExecutor$Worker.run(ThreadPoolExecutor.java:617)
	at java.lang.Thread.run(Thread.java:745)
Caused by: java.net.ConnectException: Connection refused: /0:0:0:0:0:0:0:1:9423
	at sun.nio.ch.SocketChannelImpl.checkConnect(Native Method)
	at sun.nio.ch.SocketChannelImpl.finishConnect(SocketChannelImpl.java:712)
	at org.jboss.netty.channel.socket.nio.NioClientBoss.connect(NioClientBoss.java:152)
	at org.jboss.netty.channel.socket.nio.NioClientBoss.processSelectedKeys(NioClientBoss.java:105)
	at org.jboss.netty.channel.socket.nio.NioClientBoss.process(NioClientBoss.java:79)
	at org.jboss.netty.channel.socket.nio.AbstractNioSelector.run(AbstractNioSelector.java:337)
	at org.jboss.netty.channel.socket.nio.NioClientBoss.run(NioClientBoss.java:42)
	at org.jboss.netty.util.ThreadRenamingRunnable.run(ThreadRenamingRunnable.java:108)
	at org.jboss.netty.util.internal.DeadLockProofWorker$1.run(DeadLockProofWorker.java:42)
	... 3 more
[2016-03-29 17:29:42,941][TRACE][org.elasticsearch.discovery.zen.ping.unicast] [node_t0] [2] sending to {node_t0}{nMu_6boQR--7IGHETEaC6A}{127.0.0.1}{127.0.0.1:9420}[mode=>network]
[2016-03-29 17:29:42,941][TRACE][org.elasticsearch.discovery.zen.ping.unicast] [node_t0] [2] received response from {node_t0}{nMu_6boQR--7IGHETEaC6A}{127.0.0.1}{127.0.0.1:9420}[mode=>network]: [ping_response{node [{node_t0}{nMu_6boQR--7IGHETEaC6A}{127.0.0.1}{127.0.0.1:9420}[mode=>network]], id[588], master [null], hasJoinedOnce [false], cluster_name[TEST-CHILD_VM=[0]-CLUSTER_SEED=[-8106659381411338889]-HASH=[14406DC76783A180]-cluster]}, ping_response{node [{node_t0}{nMu_6boQR--7IGHETEaC6A}{127.0.0.1}{127.0.0.1:9420}[mode=>network]], id[588], master [null], hasJoinedOnce [false], cluster_name[TEST-CHILD_VM=[0]-CLUSTER_SEED=[-8106659381411338889]-HASH=[14406DC76783A180]-cluster]}, ping_response{node [{node_t0}{nMu_6boQR--7IGHETEaC6A}{127.0.0.1}{127.0.0.1:9420}[mode=>network]], id[588], master [null], hasJoinedOnce [false], cluster_name[TEST-CHILD_VM=[0]-CLUSTER_SEED=[-8106659381411338889]-HASH=[14406DC76783A180]-cluster]}, ping_response{node [{node_t0}{nMu_6boQR--7IGHETEaC6A}{127.0.0.1}{127.0.0.1:9420}[mode=>network]], id[592], master [null], hasJoinedOnce [false], cluster_name[TEST-CHILD_VM=[0]-CLUSTER_SEED=[-8106659381411338889]-HASH=[14406DC76783A180]-cluster]}, ping_response{node [{node_t0}{nMu_6boQR--7IGHETEaC6A}{127.0.0.1}{127.0.0.1:9420}[mode=>network]], id[592], master [null], hasJoinedOnce [false], cluster_name[TEST-CHILD_VM=[0]-CLUSTER_SEED=[-8106659381411338889]-HASH=[14406DC76783A180]-cluster]}, ping_response{node [{node_t0}{nMu_6boQR--7IGHETEaC6A}{127.0.0.1}{127.0.0.1:9420}[mode=>network]], id[592], master [null], hasJoinedOnce [false], cluster_name[TEST-CHILD_VM=[0]-CLUSTER_SEED=[-8106659381411338889]-HASH=[14406DC76783A180]-cluster]}, ping_response{node [{node_t0}{nMu_6boQR--7IGHETEaC6A}{127.0.0.1}{127.0.0.1:9420}[mode=>network]], id[596], master [null], hasJoinedOnce [false], cluster_name[TEST-CHILD_VM=[0]-CLUSTER_SEED=[-8106659381411338889]-HASH=[14406DC76783A180]-cluster]}, ping_response{node [{node_t0}{nMu_6boQR--7IGHETEaC6A}{127.0.0.1}{127.0.0.1:9420}[mode=>network]], id[596], master [null], hasJoinedOnce [false], cluster_name[TEST-CHILD_VM=[0]-CLUSTER_SEED=[-8106659381411338889]-HASH=[14406DC76783A180]-cluster]}, ping_response{node [{node_t0}{nMu_6boQR--7IGHETEaC6A}{127.0.0.1}{127.0.0.1:9420}[mode=>network]], id[596], master [null], hasJoinedOnce [false], cluster_name[TEST-CHILD_VM=[0]-CLUSTER_SEED=[-8106659381411338889]-HASH=[14406DC76783A180]-cluster]}, ping_response{node [{node_t0}{nMu_6boQR--7IGHETEaC6A}{127.0.0.1}{127.0.0.1:9420}[mode=>network]], id[600], master [null], hasJoinedOnce [false], cluster_name[TEST-CHILD_VM=[0]-CLUSTER_SEED=[-8106659381411338889]-HASH=[14406DC76783A180]-cluster]}, ping_response{node [{node_t0}{nMu_6boQR--7IGHETEaC6A}{127.0.0.1}{127.0.0.1:9420}[mode=>network]], id[600], master [null], hasJoinedOnce [false], cluster_name[TEST-CHILD_VM=[0]-CLUSTER_SEED=[-8106659381411338889]-HASH=[14406DC76783A180]-cluster]}, ping_response{node [{node_t0}{nMu_6boQR--7IGHETEaC6A}{127.0.0.1}{127.0.0.1:9420}[mode=>network]], id[600], master [null], hasJoinedOnce [false], cluster_name[TEST-CHILD_VM=[0]-CLUSTER_SEED=[-8106659381411338889]-HASH=[14406DC76783A180]-cluster]}, ping_response{node [{node_t0}{nMu_6boQR--7IGHETEaC6A}{127.0.0.1}{127.0.0.1:9420}[mode=>network]], id[604], master [null], hasJoinedOnce [false], cluster_name[TEST-CHILD_VM=[0]-CLUSTER_SEED=[-8106659381411338889]-HASH=[14406DC76783A180]-cluster]}, ping_response{node [{node_t0}{nMu_6boQR--7IGHETEaC6A}{127.0.0.1}{127.0.0.1:9420}[mode=>network]], id[605], master [null], hasJoinedOnce [false], cluster_name[TEST-CHILD_VM=[0]-CLUSTER_SEED=[-8106659381411338889]-HASH=[14406DC76783A180]-cluster]}]
[2016-03-29 17:29:42,941][TRACE][org.elasticsearch.discovery.zen.ping.unicast] [node_t0] [2] connecting (light) to {#zen_unicast_3#}{127.0.0.1}{127.0.0.1:9422}
[2016-03-29 17:29:42,941][TRACE][org.elasticsearch.discovery.zen.ping.unicast] [node_t0] [2] connecting (light) to {#zen_unicast_2#}{127.0.0.1}{127.0.0.1:9421}
[2016-03-29 17:29:42,941][TRACE][org.elasticsearch.discovery.zen.ping.unicast] [node_t0] [2] connecting (light) to {#zen_unicast_4#}{127.0.0.1}{127.0.0.1:9423}
[2016-03-29 17:29:42,941][TRACE][org.elasticsearch.discovery.zen.ping.unicast] [node_t0] [2] sending to {#zen_unicast_6#}{::1}{[::1]:9420}
[2016-03-29 17:29:42,941][TRACE][org.elasticsearch.discovery.zen.ping.unicast] [node_t0] [2] connecting (light) to {#zen_unicast_5#}{127.0.0.1}{127.0.0.1:9424}
[2016-03-29 17:29:42,942][TRACE][org.elasticsearch.discovery.zen.ping.unicast] [node_t0] [2] connecting (light) to {#zen_unicast_7#}{::1}{[::1]:9421}
[2016-03-29 17:29:42,942][TRACE][org.elasticsearch.discovery.zen.ping.unicast] [node_t0] [2] connecting (light) to {#zen_unicast_8#}{::1}{[::1]:9422}
[2016-03-29 17:29:42,942][TRACE][org.elasticsearch.discovery.zen.ping.unicast] [node_t0] [2] connecting (light) to {#zen_unicast_10#}{::1}{[::1]:9424}
[2016-03-29 17:29:42,942][TRACE][org.elasticsearch.discovery.zen.ping.unicast] [node_t0] [2] connecting (light) to {#zen_unicast_9#}{::1}{[::1]:9423}
[2016-03-29 17:29:42,942][TRACE][org.elasticsearch.discovery.zen.ping.unicast] [node_t0] [2] sending to {node_t0}{nMu_6boQR--7IGHETEaC6A}{127.0.0.1}{127.0.0.1:9420}[mode=>network]
[2016-03-29 17:29:42,942][TRACE][org.elasticsearch.discovery.zen.ping.unicast] [node_t0] [2] received response from {node_t0}{nMu_6boQR--7IGHETEaC6A}{127.0.0.1}{127.0.0.1:9420}[mode=>network]: [ping_response{node [{node_t0}{nMu_6boQR--7IGHETEaC6A}{127.0.0.1}{127.0.0.1:9420}[mode=>network]], id[588], master [null], hasJoinedOnce [false], cluster_name[TEST-CHILD_VM=[0]-CLUSTER_SEED=[-8106659381411338889]-HASH=[14406DC76783A180]-cluster]}, ping_response{node [{node_t0}{nMu_6boQR--7IGHETEaC6A}{127.0.0.1}{127.0.0.1:9420}[mode=>network]], id[588], master [null], hasJoinedOnce [false], cluster_name[TEST-CHILD_VM=[0]-CLUSTER_SEED=[-8106659381411338889]-HASH=[14406DC76783A180]-cluster]}, ping_response{node [{node_t0}{nMu_6boQR--7IGHETEaC6A}{127.0.0.1}{127.0.0.1:9420}[mode=>network]], id[588], master [null], hasJoinedOnce [false], cluster_name[TEST-CHILD_VM=[0]-CLUSTER_SEED=[-8106659381411338889]-HASH=[14406DC76783A180]-cluster]}, ping_response{node [{node_t0}{nMu_6boQR--7IGHETEaC6A}{127.0.0.1}{127.0.0.1:9420}[mode=>network]], id[592], master [null], hasJoinedOnce [false], cluster_name[TEST-CHILD_VM=[0]-CLUSTER_SEED=[-8106659381411338889]-HASH=[14406DC76783A180]-cluster]}, ping_response{node [{node_t0}{nMu_6boQR--7IGHETEaC6A}{127.0.0.1}{127.0.0.1:9420}[mode=>network]], id[592], master [null], hasJoinedOnce [false], cluster_name[TEST-CHILD_VM=[0]-CLUSTER_SEED=[-8106659381411338889]-HASH=[14406DC76783A180]-cluster]}, ping_response{node [{node_t0}{nMu_6boQR--7IGHETEaC6A}{127.0.0.1}{127.0.0.1:9420}[mode=>network]], id[592], master [null], hasJoinedOnce [false], cluster_name[TEST-CHILD_VM=[0]-CLUSTER_SEED=[-8106659381411338889]-HASH=[14406DC76783A180]-cluster]}, ping_response{node [{node_t0}{nMu_6boQR--7IGHETEaC6A}{127.0.0.1}{127.0.0.1:9420}[mode=>network]], id[596], master [null], hasJoinedOnce [false], cluster_name[TEST-CHILD_VM=[0]-CLUSTER_SEED=[-8106659381411338889]-HASH=[14406DC76783A180]-cluster]}, ping_response{node [{node_t0}{nMu_6boQR--7IGHETEaC6A}{127.0.0.1}{127.0.0.1:9420}[mode=>network]], id[596], master [null], hasJoinedOnce [false], cluster_name[TEST-CHILD_VM=[0]-CLUSTER_SEED=[-8106659381411338889]-HASH=[14406DC76783A180]-cluster]}, ping_response{node [{node_t0}{nMu_6boQR--7IGHETEaC6A}{127.0.0.1}{127.0.0.1:9420}[mode=>network]], id[596], master [null], hasJoinedOnce [false], cluster_name[TEST-CHILD_VM=[0]-CLUSTER_SEED=[-8106659381411338889]-HASH=[14406DC76783A180]-cluster]}, ping_response{node [{node_t0}{nMu_6boQR--7IGHETEaC6A}{127.0.0.1}{127.0.0.1:9420}[mode=>network]], id[600], master [null], hasJoinedOnce [false], cluster_name[TEST-CHILD_VM=[0]-CLUSTER_SEED=[-8106659381411338889]-HASH=[14406DC76783A180]-cluster]}, ping_response{node [{node_t0}{nMu_6boQR--7IGHETEaC6A}{127.0.0.1}{127.0.0.1:9420}[mode=>network]], id[600], master [null], hasJoinedOnce [false], cluster_name[TEST-CHILD_VM=[0]-CLUSTER_SEED=[-8106659381411338889]-HASH=[14406DC76783A180]-cluster]}, ping_response{node [{node_t0}{nMu_6boQR--7IGHETEaC6A}{127.0.0.1}{127.0.0.1:9420}[mode=>network]], id[600], master [null], hasJoinedOnce [false], cluster_name[TEST-CHILD_VM=[0]-CLUSTER_SEED=[-8106659381411338889]-HASH=[14406DC76783A180]-cluster]}, ping_response{node [{node_t0}{nMu_6boQR--7IGHETEaC6A}{127.0.0.1}{127.0.0.1:9420}[mode=>network]], id[604], master [null], hasJoinedOnce [false], cluster_name[TEST-CHILD_VM=[0]-CLUSTER_SEED=[-8106659381411338889]-HASH=[14406DC76783A180]-cluster]}, ping_response{node [{node_t0}{nMu_6boQR--7IGHETEaC6A}{127.0.0.1}{127.0.0.1:9420}[mode=>network]], id[604], master [null], hasJoinedOnce [false], cluster_name[TEST-CHILD_VM=[0]-CLUSTER_SEED=[-8106659381411338889]-HASH=[14406DC76783A180]-cluster]}, ping_response{node [{node_t0}{nMu_6boQR--7IGHETEaC6A}{127.0.0.1}{127.0.0.1:9420}[mode=>network]], id[606], master [null], hasJoinedOnce [false], cluster_name[TEST-CHILD_VM=[0]-CLUSTER_SEED=[-8106659381411338889]-HASH=[14406DC76783A180]-cluster]}]
[2016-03-29 17:29:42,942][TRACE][org.elasticsearch.discovery.zen.ping.unicast] [node_t0] [2] received response from {#zen_unicast_6#}{::1}{[::1]:9420}: [ping_response{node [{node_t0}{nMu_6boQR--7IGHETEaC6A}{127.0.0.1}{127.0.0.1:9420}[mode=>network]], id[588], master [null], hasJoinedOnce [false], cluster_name[TEST-CHILD_VM=[0]-CLUSTER_SEED=[-8106659381411338889]-HASH=[14406DC76783A180]-cluster]}, ping_response{node [{node_t0}{nMu_6boQR--7IGHETEaC6A}{127.0.0.1}{127.0.0.1:9420}[mode=>network]], id[588], master [null], hasJoinedOnce [false], cluster_name[TEST-CHILD_VM=[0]-CLUSTER_SEED=[-8106659381411338889]-HASH=[14406DC76783A180]-cluster]}, ping_response{node [{node_t0}{nMu_6boQR--7IGHETEaC6A}{127.0.0.1}{127.0.0.1:9420}[mode=>network]], id[588], master [null], hasJoinedOnce [false], cluster_name[TEST-CHILD_VM=[0]-CLUSTER_SEED=[-8106659381411338889]-HASH=[14406DC76783A180]-cluster]}, ping_response{node [{node_t0}{nMu_6boQR--7IGHETEaC6A}{127.0.0.1}{127.0.0.1:9420}[mode=>network]], id[592], master [null], hasJoinedOnce [false], cluster_name[TEST-CHILD_VM=[0]-CLUSTER_SEED=[-8106659381411338889]-HASH=[14406DC76783A180]-cluster]}, ping_response{node [{node_t0}{nMu_6boQR--7IGHETEaC6A}{127.0.0.1}{127.0.0.1:9420}[mode=>network]], id[592], master [null], hasJoinedOnce [false], cluster_name[TEST-CHILD_VM=[0]-CLUSTER_SEED=[-8106659381411338889]-HASH=[14406DC76783A180]-cluster]}, ping_response{node [{node_t0}{nMu_6boQR--7IGHETEaC6A}{127.0.0.1}{127.0.0.1:9420}[mode=>network]], id[592], master [null], hasJoinedOnce [false], cluster_name[TEST-CHILD_VM=[0]-CLUSTER_SEED=[-8106659381411338889]-HASH=[14406DC76783A180]-cluster]}, ping_response{node [{node_t0}{nMu_6boQR--7IGHETEaC6A}{127.0.0.1}{127.0.0.1:9420}[mode=>network]], id[596], master [null], hasJoinedOnce [false], cluster_name[TEST-CHILD_VM=[0]-CLUSTER_SEED=[-8106659381411338889]-HASH=[14406DC76783A180]-cluster]}, ping_response{node [{node_t0}{nMu_6boQR--7IGHETEaC6A}{127.0.0.1}{127.0.0.1:9420}[mode=>network]], id[596], master [null], hasJoinedOnce [false], cluster_name[TEST-CHILD_VM=[0]-CLUSTER_SEED=[-8106659381411338889]-HASH=[14406DC76783A180]-cluster]}, ping_response{node [{node_t0}{nMu_6boQR--7IGHETEaC6A}{127.0.0.1}{127.0.0.1:9420}[mode=>network]], id[596], master [null], hasJoinedOnce [false], cluster_name[TEST-CHILD_VM=[0]-CLUSTER_SEED=[-8106659381411338889]-HASH=[14406DC76783A180]-cluster]}, ping_response{node [{node_t0}{nMu_6boQR--7IGHETEaC6A}{127.0.0.1}{127.0.0.1:9420}[mode=>network]], id[600], master [null], hasJoinedOnce [false], cluster_name[TEST-CHILD_VM=[0]-CLUSTER_SEED=[-8106659381411338889]-HASH=[14406DC76783A180]-cluster]}, ping_response{node [{node_t0}{nMu_6boQR--7IGHETEaC6A}{127.0.0.1}{127.0.0.1:9420}[mode=>network]], id[600], master [null], hasJoinedOnce [false], cluster_name[TEST-CHILD_VM=[0]-CLUSTER_SEED=[-8106659381411338889]-HASH=[14406DC76783A180]-cluster]}, ping_response{node [{node_t0}{nMu_6boQR--7IGHETEaC6A}{127.0.0.1}{127.0.0.1:9420}[mode=>network]], id[600], master [null], hasJoinedOnce [false], cluster_name[TEST-CHILD_VM=[0]-CLUSTER_SEED=[-8106659381411338889]-HASH=[14406DC76783A180]-cluster]}, ping_response{node [{node_t0}{nMu_6boQR--7IGHETEaC6A}{127.0.0.1}{127.0.0.1:9420}[mode=>network]], id[604], master [null], hasJoinedOnce [false], cluster_name[TEST-CHILD_VM=[0]-CLUSTER_SEED=[-8106659381411338889]-HASH=[14406DC76783A180]-cluster]}, ping_response{node [{node_t0}{nMu_6boQR--7IGHETEaC6A}{127.0.0.1}{127.0.0.1:9420}[mode=>network]], id[604], master [null], hasJoinedOnce [false], cluster_name[TEST-CHILD_VM=[0]-CLUSTER_SEED=[-8106659381411338889]-HASH=[14406DC76783A180]-cluster]}, ping_response{node [{node_t0}{nMu_6boQR--7IGHETEaC6A}{127.0.0.1}{127.0.0.1:9420}[mode=>network]], id[604], master [null], hasJoinedOnce [false], cluster_name[TEST-CHILD_VM=[0]-CLUSTER_SEED=[-8106659381411338889]-HASH=[14406DC76783A180]-cluster]}, ping_response{node [{node_t0}{nMu_6boQR--7IGHETEaC6A}{127.0.0.1}{127.0.0.1:9420}[mode=>network]], id[607], master [null], hasJoinedOnce [false], cluster_name[TEST-CHILD_VM=[0]-CLUSTER_SEED=[-8106659381411338889]-HASH=[14406DC76783A180]-cluster]}]
[2016-03-29 17:29:42,943][TRACE][org.elasticsearch.discovery.zen.ping.unicast] [node_t0] [2] failed to connect to {#zen_unicast_8#}{::1}{[::1]:9422}
ConnectTransportException[[][[::1]:9422] connect_timeout[30s]]; nested: ConnectException[Connection refused: /0:0:0:0:0:0:0:1:9422];
	at org.elasticsearch.transport.netty.NettyTransport.connectToChannelsLight(NettyTransport.java:954)
	at org.elasticsearch.transport.netty.NettyTransport.connectToNode(NettyTransport.java:918)
	at org.elasticsearch.transport.netty.NettyTransport.connectToNodeLight(NettyTransport.java:890)
	at org.elasticsearch.test.transport.MockTransportService$LookupTestTransport.connectToNodeLight(MockTransportService.java:413)
	at org.elasticsearch.transport.TransportService.connectToNodeLight(TransportService.java:242)
	at org.elasticsearch.discovery.zen.ping.unicast.UnicastZenPing$3.run(UnicastZenPing.java:395)
	at java.util.concurrent.ThreadPoolExecutor.runWorker(ThreadPoolExecutor.java:1142)
	at java.util.concurrent.ThreadPoolExecutor$Worker.run(ThreadPoolExecutor.java:617)
	at java.lang.Thread.run(Thread.java:745)
Caused by: java.net.ConnectException: Connection refused: /0:0:0:0:0:0:0:1:9422
	at sun.nio.ch.SocketChannelImpl.checkConnect(Native Method)
	at sun.nio.ch.SocketChannelImpl.finishConnect(SocketChannelImpl.java:712)
	at org.jboss.netty.channel.socket.nio.NioClientBoss.connect(NioClientBoss.java:152)
	at org.jboss.netty.channel.socket.nio.NioClientBoss.processSelectedKeys(NioClientBoss.java:105)
	at org.jboss.netty.channel.socket.nio.NioClientBoss.process(NioClientBoss.java:79)
	at org.jboss.netty.channel.socket.nio.AbstractNioSelector.run(AbstractNioSelector.java:337)
	at org.jboss.netty.channel.socket.nio.NioClientBoss.run(NioClientBoss.java:42)
	at org.jboss.netty.util.ThreadRenamingRunnable.run(ThreadRenamingRunnable.java:108)
	at org.jboss.netty.util.internal.DeadLockProofWorker$1.run(DeadLockProofWorker.java:42)
	... 3 more
[2016-03-29 17:29:42,943][TRACE][org.elasticsearch.discovery.zen.ping.unicast] [node_t0] [2] failed to connect to {#zen_unicast_9#}{::1}{[::1]:9423}
ConnectTransportException[[][[::1]:9423] connect_timeout[30s]]; nested: ConnectException[Connection refused: /0:0:0:0:0:0:0:1:9423];
	at org.elasticsearch.transport.netty.NettyTransport.connectToChannelsLight(NettyTransport.java:954)
	at org.elasticsearch.transport.netty.NettyTransport.connectToNode(NettyTransport.java:918)
	at org.elasticsearch.transport.netty.NettyTransport.connectToNodeLight(NettyTransport.java:890)
	at org.elasticsearch.test.transport.MockTransportService$LookupTestTransport.connectToNodeLight(MockTransportService.java:413)
	at org.elasticsearch.transport.TransportService.connectToNodeLight(TransportService.java:242)
	at org.elasticsearch.discovery.zen.ping.unicast.UnicastZenPing$3.run(UnicastZenPing.java:395)
	at java.util.concurrent.ThreadPoolExecutor.runWorker(ThreadPoolExecutor.java:1142)
	at java.util.concurrent.ThreadPoolExecutor$Worker.run(ThreadPoolExecutor.java:617)
	at java.lang.Thread.run(Thread.java:745)
Caused by: java.net.ConnectException: Connection refused: /0:0:0:0:0:0:0:1:9423
	at sun.nio.ch.SocketChannelImpl.checkConnect(Native Method)
	at sun.nio.ch.SocketChannelImpl.finishConnect(SocketChannelImpl.java:712)
	at org.jboss.netty.channel.socket.nio.NioClientBoss.connect(NioClientBoss.java:152)
	at org.jboss.netty.channel.socket.nio.NioClientBoss.processSelectedKeys(NioClientBoss.java:105)
	at org.jboss.netty.channel.socket.nio.NioClientBoss.process(NioClientBoss.java:79)
	at org.jboss.netty.channel.socket.nio.AbstractNioSelector.run(AbstractNioSelector.java:337)
	at org.jboss.netty.channel.socket.nio.NioClientBoss.run(NioClientBoss.java:42)
	at org.jboss.netty.util.ThreadRenamingRunnable.run(ThreadRenamingRunnable.java:108)
	at org.jboss.netty.util.internal.DeadLockProofWorker$1.run(DeadLockProofWorker.java:42)
	... 3 more
[2016-03-29 17:29:42,943][TRACE][org.elasticsearch.discovery.zen.ping.unicast] [node_t0] [2] failed to connect to {#zen_unicast_10#}{::1}{[::1]:9424}
ConnectTransportException[[][[::1]:9424] connect_timeout[30s]]; nested: ConnectException[Connection refused: /0:0:0:0:0:0:0:1:9424];
	at org.elasticsearch.transport.netty.NettyTransport.connectToChannelsLight(NettyTransport.java:954)
	at org.elasticsearch.transport.netty.NettyTransport.connectToNode(NettyTransport.java:918)
	at org.elasticsearch.transport.netty.NettyTransport.connectToNodeLight(NettyTransport.java:890)
	at org.elasticsearch.test.transport.MockTransportService$LookupTestTransport.connectToNodeLight(MockTransportService.java:413)
	at org.elasticsearch.transport.TransportService.connectToNodeLight(TransportService.java:242)
	at org.elasticsearch.discovery.zen.ping.unicast.UnicastZenPing$3.run(UnicastZenPing.java:395)
	at java.util.concurrent.ThreadPoolExecutor.runWorker(ThreadPoolExecutor.java:1142)
	at java.util.concurrent.ThreadPoolExecutor$Worker.run(ThreadPoolExecutor.java:617)
	at java.lang.Thread.run(Thread.java:745)
Caused by: java.net.ConnectException: Connection refused: /0:0:0:0:0:0:0:1:9424
	at sun.nio.ch.SocketChannelImpl.checkConnect(Native Method)
	at sun.nio.ch.SocketChannelImpl.finishConnect(SocketChannelImpl.java:712)
	at org.jboss.netty.channel.socket.nio.NioClientBoss.connect(NioClientBoss.java:152)
	at org.jboss.netty.channel.socket.nio.NioClientBoss.processSelectedKeys(NioClientBoss.java:105)
	at org.jboss.netty.channel.socket.nio.NioClientBoss.process(NioClientBoss.java:79)
	at org.jboss.netty.channel.socket.nio.AbstractNioSelector.run(AbstractNioSelector.java:337)
	at org.jboss.netty.channel.socket.nio.NioClientBoss.run(NioClientBoss.java:42)
	at org.jboss.netty.util.ThreadRenamingRunnable.run(ThreadRenamingRunnable.java:108)
	at org.jboss.netty.util.internal.DeadLockProofWorker$1.run(DeadLockProofWorker.java:42)
	... 3 more
[2016-03-29 17:29:42,943][TRACE][org.elasticsearch.discovery.zen.ping.unicast] [node_t0] [2] failed to connect to {#zen_unicast_7#}{::1}{[::1]:9421}
ConnectTransportException[[][[::1]:9421] connect_timeout[30s]]; nested: ConnectException[Connection refused: /0:0:0:0:0:0:0:1:9421];
	at org.elasticsearch.transport.netty.NettyTransport.connectToChannelsLight(NettyTransport.java:954)
	at org.elasticsearch.transport.netty.NettyTransport.connectToNode(NettyTransport.java:918)
	at org.elasticsearch.transport.netty.NettyTransport.connectToNodeLight(NettyTransport.java:890)
	at org.elasticsearch.test.transport.MockTransportService$LookupTestTransport.connectToNodeLight(MockTransportService.java:413)
	at org.elasticsearch.transport.TransportService.connectToNodeLight(TransportService.java:242)
	at org.elasticsearch.discovery.zen.ping.unicast.UnicastZenPing$3.run(UnicastZenPing.java:395)
	at java.util.concurrent.ThreadPoolExecutor.runWorker(ThreadPoolExecutor.java:1142)
	at java.util.concurrent.ThreadPoolExecutor$Worker.run(ThreadPoolExecutor.java:617)
	at java.lang.Thread.run(Thread.java:745)
Caused by: java.net.ConnectException: Connection refused: /0:0:0:0:0:0:0:1:9421
	at sun.nio.ch.SocketChannelImpl.checkConnect(Native Method)
	at sun.nio.ch.SocketChannelImpl.finishConnect(SocketChannelImpl.java:712)
	at org.jboss.netty.channel.socket.nio.NioClientBoss.connect(NioClientBoss.java:152)
	at org.jboss.netty.channel.socket.nio.NioClientBoss.processSelectedKeys(NioClientBoss.java:105)
	at org.jboss.netty.channel.socket.nio.NioClientBoss.process(NioClientBoss.java:79)
	at org.jboss.netty.channel.socket.nio.AbstractNioSelector.run(AbstractNioSelector.java:337)
	at org.jboss.netty.channel.socket.nio.NioClientBoss.run(NioClientBoss.java:42)
	at org.jboss.netty.util.ThreadRenamingRunnable.run(ThreadRenamingRunnable.java:108)
	at org.jboss.netty.util.internal.DeadLockProofWorker$1.run(DeadLockProofWorker.java:42)
	... 3 more
[2016-03-29 17:29:42,943][TRACE][org.elasticsearch.discovery.zen.ping.unicast] [node_t0] [2] failed to connect to {#zen_unicast_5#}{127.0.0.1}{127.0.0.1:9424}
ConnectTransportException[[][127.0.0.1:9424] connect_timeout[30s]]; nested: ConnectException[Connection refused: /127.0.0.1:9424];
	at org.elasticsearch.transport.netty.NettyTransport.connectToChannelsLight(NettyTransport.java:954)
	at org.elasticsearch.transport.netty.NettyTransport.connectToNode(NettyTransport.java:918)
	at org.elasticsearch.transport.netty.NettyTransport.connectToNodeLight(NettyTransport.java:890)
	at org.elasticsearch.test.transport.MockTransportService$LookupTestTransport.connectToNodeLight(MockTransportService.java:413)
	at org.elasticsearch.transport.TransportService.connectToNodeLight(TransportService.java:242)
	at org.elasticsearch.discovery.zen.ping.unicast.UnicastZenPing$3.run(UnicastZenPing.java:395)
	at java.util.concurrent.ThreadPoolExecutor.runWorker(ThreadPoolExecutor.java:1142)
	at java.util.concurrent.ThreadPoolExecutor$Worker.run(ThreadPoolExecutor.java:617)
	at java.lang.Thread.run(Thread.java:745)
Caused by: java.net.ConnectException: Connection refused: /127.0.0.1:9424
	at sun.nio.ch.SocketChannelImpl.checkConnect(Native Method)
	at sun.nio.ch.SocketChannelImpl.finishConnect(SocketChannelImpl.java:712)
	at org.jboss.netty.channel.socket.nio.NioClientBoss.connect(NioClientBoss.java:152)
	at org.jboss.netty.channel.socket.nio.NioClientBoss.processSelectedKeys(NioClientBoss.java:105)
	at org.jboss.netty.channel.socket.nio.NioClientBoss.process(NioClientBoss.java:79)
	at org.jboss.netty.channel.socket.nio.AbstractNioSelector.run(AbstractNioSelector.java:337)
	at org.jboss.netty.channel.socket.nio.NioClientBoss.run(NioClientBoss.java:42)
	at org.jboss.netty.util.ThreadRenamingRunnable.run(ThreadRenamingRunnable.java:108)
	at org.jboss.netty.util.internal.DeadLockProofWorker$1.run(DeadLockProofWorker.java:42)
	... 3 more
[2016-03-29 17:29:42,942][TRACE][org.elasticsearch.discovery.zen.ping.unicast] [node_t0] [2] failed to connect to {#zen_unicast_2#}{127.0.0.1}{127.0.0.1:9421}
ConnectTransportException[[][127.0.0.1:9421] connect_timeout[30s]]; nested: ConnectException[Connection refused: /127.0.0.1:9421];
	at org.elasticsearch.transport.netty.NettyTransport.connectToChannelsLight(NettyTransport.java:954)
	at org.elasticsearch.transport.netty.NettyTransport.connectToNode(NettyTransport.java:918)
	at org.elasticsearch.transport.netty.NettyTransport.connectToNodeLight(NettyTransport.java:890)
	at org.elasticsearch.test.transport.MockTransportService$LookupTestTransport.connectToNodeLight(MockTransportService.java:413)
	at org.elasticsearch.transport.TransportService.connectToNodeLight(TransportService.java:242)
	at org.elasticsearch.discovery.zen.ping.unicast.UnicastZenPing$3.run(UnicastZenPing.java:395)
	at java.util.concurrent.ThreadPoolExecutor.runWorker(ThreadPoolExecutor.java:1142)
	at java.util.concurrent.ThreadPoolExecutor$Worker.run(ThreadPoolExecutor.java:617)
	at java.lang.Thread.run(Thread.java:745)
Caused by: java.net.ConnectException: Connection refused: /127.0.0.1:9421
	at sun.nio.ch.SocketChannelImpl.checkConnect(Native Method)
	at sun.nio.ch.SocketChannelImpl.finishConnect(SocketChannelImpl.java:712)
	at org.jboss.netty.channel.socket.nio.NioClientBoss.connect(NioClientBoss.java:152)
	at org.jboss.netty.channel.socket.nio.NioClientBoss.processSelectedKeys(NioClientBoss.java:105)
	at org.jboss.netty.channel.socket.nio.NioClientBoss.process(NioClientBoss.java:79)
	at org.jboss.netty.channel.socket.nio.AbstractNioSelector.run(AbstractNioSelector.java:337)
	at org.jboss.netty.channel.socket.nio.NioClientBoss.run(NioClientBoss.java:42)
	at org.jboss.netty.util.ThreadRenamingRunnable.run(ThreadRenamingRunnable.java:108)
	at org.jboss.netty.util.internal.DeadLockProofWorker$1.run(DeadLockProofWorker.java:42)
	... 3 more
[2016-03-29 17:29:42,942][TRACE][org.elasticsearch.discovery.zen.ping.unicast] [node_t0] [2] failed to connect to {#zen_unicast_3#}{127.0.0.1}{127.0.0.1:9422}
ConnectTransportException[[][127.0.0.1:9422] connect_timeout[30s]]; nested: ConnectException[Connection refused: /127.0.0.1:9422];
	at org.elasticsearch.transport.netty.NettyTransport.connectToChannelsLight(NettyTransport.java:954)
	at org.elasticsearch.transport.netty.NettyTransport.connectToNode(NettyTransport.java:918)
	at org.elasticsearch.transport.netty.NettyTransport.connectToNodeLight(NettyTransport.java:890)
	at org.elasticsearch.test.transport.MockTransportService$LookupTestTransport.connectToNodeLight(MockTransportService.java:413)
	at org.elasticsearch.transport.TransportService.connectToNodeLight(TransportService.java:242)
	at org.elasticsearch.discovery.zen.ping.unicast.UnicastZenPing$3.run(UnicastZenPing.java:395)
	at java.util.concurrent.ThreadPoolExecutor.runWorker(ThreadPoolExecutor.java:1142)
	at java.util.concurrent.ThreadPoolExecutor$Worker.run(ThreadPoolExecutor.java:617)
	at java.lang.Thread.run(Thread.java:745)
Caused by: java.net.ConnectException: Connection refused: /127.0.0.1:9422
	at sun.nio.ch.SocketChannelImpl.checkConnect(Native Method)
	at sun.nio.ch.SocketChannelImpl.finishConnect(SocketChannelImpl.java:712)
	at org.jboss.netty.channel.socket.nio.NioClientBoss.connect(NioClientBoss.java:152)
	at org.jboss.netty.channel.socket.nio.NioClientBoss.processSelectedKeys(NioClientBoss.java:105)
	at org.jboss.netty.channel.socket.nio.NioClientBoss.process(NioClientBoss.java:79)
	at org.jboss.netty.channel.socket.nio.AbstractNioSelector.run(AbstractNioSelector.java:337)
	at org.jboss.netty.channel.socket.nio.NioClientBoss.run(NioClientBoss.java:42)
	at org.jboss.netty.util.ThreadRenamingRunnable.run(ThreadRenamingRunnable.java:108)
	at org.jboss.netty.util.internal.DeadLockProofWorker$1.run(DeadLockProofWorker.java:42)
	... 3 more
[2016-03-29 17:29:42,942][TRACE][org.elasticsearch.discovery.zen.ping.unicast] [node_t0] [2] failed to connect to {#zen_unicast_4#}{127.0.0.1}{127.0.0.1:9423}
ConnectTransportException[[][127.0.0.1:9423] connect_timeout[30s]]; nested: ConnectException[Connection refused: /127.0.0.1:9423];
	at org.elasticsearch.transport.netty.NettyTransport.connectToChannelsLight(NettyTransport.java:954)
	at org.elasticsearch.transport.netty.NettyTransport.connectToNode(NettyTransport.java:918)
	at org.elasticsearch.transport.netty.NettyTransport.connectToNodeLight(NettyTransport.java:890)
	at org.elasticsearch.test.transport.MockTransportService$LookupTestTransport.connectToNodeLight(MockTransportService.java:413)
	at org.elasticsearch.transport.TransportService.connectToNodeLight(TransportService.java:242)
	at org.elasticsearch.discovery.zen.ping.unicast.UnicastZenPing$3.run(UnicastZenPing.java:395)
	at java.util.concurrent.ThreadPoolExecutor.runWorker(ThreadPoolExecutor.java:1142)
	at java.util.concurrent.ThreadPoolExecutor$Worker.run(ThreadPoolExecutor.java:617)
	at java.lang.Thread.run(Thread.java:745)
Caused by: java.net.ConnectException: Connection refused: /127.0.0.1:9423
	at sun.nio.ch.SocketChannelImpl.checkConnect(Native Method)
	at sun.nio.ch.SocketChannelImpl.finishConnect(SocketChannelImpl.java:712)
	at org.jboss.netty.channel.socket.nio.NioClientBoss.connect(NioClientBoss.java:152)
	at org.jboss.netty.channel.socket.nio.NioClientBoss.processSelectedKeys(NioClientBoss.java:105)
	at org.jboss.netty.channel.socket.nio.NioClientBoss.process(NioClientBoss.java:79)
	at org.jboss.netty.channel.socket.nio.AbstractNioSelector.run(AbstractNioSelector.java:337)
	at org.jboss.netty.channel.socket.nio.NioClientBoss.run(NioClientBoss.java:42)
	at org.jboss.netty.util.ThreadRenamingRunnable.run(ThreadRenamingRunnable.java:108)
	at org.jboss.netty.util.internal.DeadLockProofWorker$1.run(DeadLockProofWorker.java:42)
	... 3 more
[2016-03-29 17:29:42,946][TRACE][org.elasticsearch.discovery.zen.ping.unicast] [node_t0] [2] disconnecting from {#zen_unicast_2#}{127.0.0.1}{127.0.0.1:9421}
[2016-03-29 17:29:42,946][TRACE][org.elasticsearch.discovery.zen] [node_t0] full ping responses: {none}
[2016-03-29 17:29:42,946][DEBUG][org.elasticsearch.discovery.zen] [node_t0] filtered ping responses: (filter_client[true], filter_data[false]) {none}
[2016-03-29 17:29:42,946][TRACE][org.elasticsearch.discovery.zen.ping.unicast] [node_t0] [2] disconnecting from {#zen_unicast_6#}{::1}{[::1]:9420}
[2016-03-29 17:29:42,946][TRACE][org.elasticsearch.discovery.zen] [node_t0] not enough master nodes [[{node_t0}{nMu_6boQR--7IGHETEaC6A}{127.0.0.1}{127.0.0.1:9420}[mode=>network]]]
[2016-03-29 17:29:42,946][TRACE][org.elasticsearch.discovery.zen] [node_t0] starting to ping
[2016-03-29 17:29:42,946][TRACE][org.elasticsearch.discovery.zen.ping.unicast] [node_t0] [2] disconnecting from {#zen_unicast_5#}{127.0.0.1}{127.0.0.1:9424}
[2016-03-29 17:29:42,946][TRACE][org.elasticsearch.discovery.zen.ping.unicast] [node_t0] [3] sending to {node_t0}{nMu_6boQR--7IGHETEaC6A}{127.0.0.1}{127.0.0.1:9420}[mode=>network]
[2016-03-29 17:29:42,946][TRACE][org.elasticsearch.discovery.zen.ping.unicast] [node_t0] [2] disconnecting from {#zen_unicast_4#}{127.0.0.1}{127.0.0.1:9423}
[2016-03-29 17:29:42,946][TRACE][org.elasticsearch.discovery.zen.ping.unicast] [node_t0] [2] disconnecting from {#zen_unicast_3#}{127.0.0.1}{127.0.0.1:9422}
[2016-03-29 17:29:42,946][TRACE][org.elasticsearch.discovery.zen.ping.unicast] [node_t0] [2] disconnecting from {#zen_unicast_10#}{::1}{[::1]:9424}
[2016-03-29 17:29:42,946][TRACE][org.elasticsearch.discovery.zen.ping.unicast] [node_t0] [3] received response from {node_t0}{nMu_6boQR--7IGHETEaC6A}{127.0.0.1}{127.0.0.1:9420}[mode=>network]: [ping_response{node [{node_t0}{nMu_6boQR--7IGHETEaC6A}{127.0.0.1}{127.0.0.1:9420}[mode=>network]], id[588], master [null], hasJoinedOnce [false], cluster_name[TEST-CHILD_VM=[0]-CLUSTER_SEED=[-8106659381411338889]-HASH=[14406DC76783A180]-cluster]}, ping_response{node [{node_t0}{nMu_6boQR--7IGHETEaC6A}{127.0.0.1}{127.0.0.1:9420}[mode=>network]], id[588], master [null], hasJoinedOnce [false], cluster_name[TEST-CHILD_VM=[0]-CLUSTER_SEED=[-8106659381411338889]-HASH=[14406DC76783A180]-cluster]}, ping_response{node [{node_t0}{nMu_6boQR--7IGHETEaC6A}{127.0.0.1}{127.0.0.1:9420}[mode=>network]], id[588], master [null], hasJoinedOnce [false], cluster_name[TEST-CHILD_VM=[0]-CLUSTER_SEED=[-8106659381411338889]-HASH=[14406DC76783A180]-cluster]}, ping_response{node [{node_t0}{nMu_6boQR--7IGHETEaC6A}{127.0.0.1}{127.0.0.1:9420}[mode=>network]], id[592], master [null], hasJoinedOnce [false], cluster_name[TEST-CHILD_VM=[0]-CLUSTER_SEED=[-8106659381411338889]-HASH=[14406DC76783A180]-cluster]}, ping_response{node [{node_t0}{nMu_6boQR--7IGHETEaC6A}{127.0.0.1}{127.0.0.1:9420}[mode=>network]], id[592], master [null], hasJoinedOnce [false], cluster_name[TEST-CHILD_VM=[0]-CLUSTER_SEED=[-8106659381411338889]-HASH=[14406DC76783A180]-cluster]}, ping_response{node [{node_t0}{nMu_6boQR--7IGHETEaC6A}{127.0.0.1}{127.0.0.1:9420}[mode=>network]], id[592], master [null], hasJoinedOnce [false], cluster_name[TEST-CHILD_VM=[0]-CLUSTER_SEED=[-8106659381411338889]-HASH=[14406DC76783A180]-cluster]}, ping_response{node [{node_t0}{nMu_6boQR--7IGHETEaC6A}{127.0.0.1}{127.0.0.1:9420}[mode=>network]], id[596], master [null], hasJoinedOnce [false], cluster_name[TEST-CHILD_VM=[0]-CLUSTER_SEED=[-8106659381411338889]-HASH=[14406DC76783A180]-cluster]}, ping_response{node [{node_t0}{nMu_6boQR--7IGHETEaC6A}{127.0.0.1}{127.0.0.1:9420}[mode=>network]], id[596], master [null], hasJoinedOnce [false], cluster_name[TEST-CHILD_VM=[0]-CLUSTER_SEED=[-8106659381411338889]-HASH=[14406DC76783A180]-cluster]}, ping_response{node [{node_t0}{nMu_6boQR--7IGHETEaC6A}{127.0.0.1}{127.0.0.1:9420}[mode=>network]], id[596], master [null], hasJoinedOnce [false], cluster_name[TEST-CHILD_VM=[0]-CLUSTER_SEED=[-8106659381411338889]-HASH=[14406DC76783A180]-cluster]}, ping_response{node [{node_t0}{nMu_6boQR--7IGHETEaC6A}{127.0.0.1}{127.0.0.1:9420}[mode=>network]], id[600], master [null], hasJoinedOnce [false], cluster_name[TEST-CHILD_VM=[0]-CLUSTER_SEED=[-8106659381411338889]-HASH=[14406DC76783A180]-cluster]}, ping_response{node [{node_t0}{nMu_6boQR--7IGHETEaC6A}{127.0.0.1}{127.0.0.1:9420}[mode=>network]], id[600], master [null], hasJoinedOnce [false], cluster_name[TEST-CHILD_VM=[0]-CLUSTER_SEED=[-8106659381411338889]-HASH=[14406DC76783A180]-cluster]}, ping_response{node [{node_t0}{nMu_6boQR--7IGHETEaC6A}{127.0.0.1}{127.0.0.1:9420}[mode=>network]], id[600], master [null], hasJoinedOnce [false], cluster_name[TEST-CHILD_VM=[0]-CLUSTER_SEED=[-8106659381411338889]-HASH=[14406DC76783A180]-cluster]}, ping_response{node [{node_t0}{nMu_6boQR--7IGHETEaC6A}{127.0.0.1}{127.0.0.1:9420}[mode=>network]], id[604], master [null], hasJoinedOnce [false], cluster_name[TEST-CHILD_VM=[0]-CLUSTER_SEED=[-8106659381411338889]-HASH=[14406DC76783A180]-cluster]}, ping_response{node [{node_t0}{nMu_6boQR--7IGHETEaC6A}{127.0.0.1}{127.0.0.1:9420}[mode=>network]], id[604], master [null], hasJoinedOnce [false], cluster_name[TEST-CHILD_VM=[0]-CLUSTER_SEED=[-8106659381411338889]-HASH=[14406DC76783A180]-cluster]}, ping_response{node [{node_t0}{nMu_6boQR--7IGHETEaC6A}{127.0.0.1}{127.0.0.1:9420}[mode=>network]], id[604], master [null], hasJoinedOnce [false], cluster_name[TEST-CHILD_VM=[0]-CLUSTER_SEED=[-8106659381411338889]-HASH=[14406DC76783A180]-cluster]}, ping_response{node [{node_t0}{nMu_6boQR--7IGHETEaC6A}{127.0.0.1}{127.0.0.1:9420}[mode=>network]], id[608], master [null], hasJoinedOnce [false], cluster_name[TEST-CHILD_VM=[0]-CLUSTER_SEED=[-8106659381411338889]-HASH=[14406DC76783A180]-cluster]}, ping_response{node [{node_t0}{nMu_6boQR--7IGHETEaC6A}{127.0.0.1}{127.0.0.1:9420}[mode=>network]], id[609], master [null], hasJoinedOnce [false], cluster_name[TEST-CHILD_VM=[0]-CLUSTER_SEED=[-8106659381411338889]-HASH=[14406DC76783A180]-cluster]}]
[2016-03-29 17:29:42,946][TRACE][org.elasticsearch.discovery.zen.ping.unicast] [node_t0] [2] disconnecting from {#zen_unicast_9#}{::1}{[::1]:9423}
[2016-03-29 17:29:42,947][TRACE][org.elasticsearch.discovery.zen.ping.unicast] [node_t0] [3] connecting (light) to {#zen_unicast_2#}{127.0.0.1}{127.0.0.1:9421}
[2016-03-29 17:29:42,947][TRACE][org.elasticsearch.discovery.zen.ping.unicast] [node_t0] [3] connecting (light) to {#zen_unicast_10#}{::1}{[::1]:9424}
[2016-03-29 17:29:42,947][TRACE][org.elasticsearch.discovery.zen.ping.unicast] [node_t0] [3] connecting (light) to {#zen_unicast_7#}{::1}{[::1]:9421}
[2016-03-29 17:29:42,947][TRACE][org.elasticsearch.discovery.zen.ping.unicast] [node_t0] [3] connecting (light) to {#zen_unicast_8#}{::1}{[::1]:9422}
[2016-03-29 17:29:42,947][TRACE][org.elasticsearch.discovery.zen.ping.unicast] [node_t0] [3] connecting (light) to {#zen_unicast_9#}{::1}{[::1]:9423}
[2016-03-29 17:29:42,947][TRACE][org.elasticsearch.discovery.zen.ping.unicast] [node_t0] [3] connecting (light) to {#zen_unicast_6#}{::1}{[::1]:9420}
[2016-03-29 17:29:42,947][TRACE][org.elasticsearch.discovery.zen.ping.unicast] [node_t0] [3] sending to {node_t0}{nMu_6boQR--7IGHETEaC6A}{127.0.0.1}{127.0.0.1:9420}[mode=>network]
[2016-03-29 17:29:42,947][TRACE][org.elasticsearch.discovery.zen.ping.unicast] [node_t0] [3] connecting (light) to {#zen_unicast_5#}{127.0.0.1}{127.0.0.1:9424}
[2016-03-29 17:29:42,947][TRACE][org.elasticsearch.discovery.zen.ping.unicast] [node_t0] [3] connecting (light) to {#zen_unicast_4#}{127.0.0.1}{127.0.0.1:9423}
[2016-03-29 17:29:42,947][TRACE][org.elasticsearch.discovery.zen.ping.unicast] [node_t0] [3] received response from {node_t0}{nMu_6boQR--7IGHETEaC6A}{127.0.0.1}{127.0.0.1:9420}[mode=>network]: [ping_response{node [{node_t0}{nMu_6boQR--7IGHETEaC6A}{127.0.0.1}{127.0.0.1:9420}[mode=>network]], id[588], master [null], hasJoinedOnce [false], cluster_name[TEST-CHILD_VM=[0]-CLUSTER_SEED=[-8106659381411338889]-HASH=[14406DC76783A180]-cluster]}, ping_response{node [{node_t0}{nMu_6boQR--7IGHETEaC6A}{127.0.0.1}{127.0.0.1:9420}[mode=>network]], id[588], master [null], hasJoinedOnce [false], cluster_name[TEST-CHILD_VM=[0]-CLUSTER_SEED=[-8106659381411338889]-HASH=[14406DC76783A180]-cluster]}, ping_response{node [{node_t0}{nMu_6boQR--7IGHETEaC6A}{127.0.0.1}{127.0.0.1:9420}[mode=>network]], id[588], master [null], hasJoinedOnce [false], cluster_name[TEST-CHILD_VM=[0]-CLUSTER_SEED=[-8106659381411338889]-HASH=[14406DC76783A180]-cluster]}, ping_response{node [{node_t0}{nMu_6boQR--7IGHETEaC6A}{127.0.0.1}{127.0.0.1:9420}[mode=>network]], id[592], master [null], hasJoinedOnce [false], cluster_name[TEST-CHILD_VM=[0]-CLUSTER_SEED=[-8106659381411338889]-HASH=[14406DC76783A180]-cluster]}, ping_response{node [{node_t0}{nMu_6boQR--7IGHETEaC6A}{127.0.0.1}{127.0.0.1:9420}[mode=>network]], id[592], master [null], hasJoinedOnce [false], cluster_name[TEST-CHILD_VM=[0]-CLUSTER_SEED=[-8106659381411338889]-HASH=[14406DC76783A180]-cluster]}, ping_response{node [{node_t0}{nMu_6boQR--7IGHETEaC6A}{127.0.0.1}{127.0.0.1:9420}[mode=>network]], id[592], master [null], hasJoinedOnce [false], cluster_name[TEST-CHILD_VM=[0]-CLUSTER_SEED=[-8106659381411338889]-HASH=[14406DC76783A180]-cluster]}, ping_response{node [{node_t0}{nMu_6boQR--7IGHETEaC6A}{127.0.0.1}{127.0.0.1:9420}[mode=>network]], id[596], master [null], hasJoinedOnce [false], cluster_name[TEST-CHILD_VM=[0]-CLUSTER_SEED=[-8106659381411338889]-HASH=[14406DC76783A180]-cluster]}, ping_response{node [{node_t0}{nMu_6boQR--7IGHETEaC6A}{127.0.0.1}{127.0.0.1:9420}[mode=>network]], id[596], master [null], hasJoinedOnce [false], cluster_name[TEST-CHILD_VM=[0]-CLUSTER_SEED=[-8106659381411338889]-HASH=[14406DC76783A180]-cluster]}, ping_response{node [{node_t0}{nMu_6boQR--7IGHETEaC6A}{127.0.0.1}{127.0.0.1:9420}[mode=>network]], id[596], master [null], hasJoinedOnce [false], cluster_name[TEST-CHILD_VM=[0]-CLUSTER_SEED=[-8106659381411338889]-HASH=[14406DC76783A180]-cluster]}, ping_response{node [{node_t0}{nMu_6boQR--7IGHETEaC6A}{127.0.0.1}{127.0.0.1:9420}[mode=>network]], id[600], master [null], hasJoinedOnce [false], cluster_name[TEST-CHILD_VM=[0]-CLUSTER_SEED=[-8106659381411338889]-HASH=[14406DC76783A180]-cluster]}, ping_response{node [{node_t0}{nMu_6boQR--7IGHETEaC6A}{127.0.0.1}{127.0.0.1:9420}[mode=>network]], id[600], master [null], hasJoinedOnce [false], cluster_name[TEST-CHILD_VM=[0]-CLUSTER_SEED=[-8106659381411338889]-HASH=[14406DC76783A180]-cluster]}, ping_response{node [{node_t0}{nMu_6boQR--7IGHETEaC6A}{127.0.0.1}{127.0.0.1:9420}[mode=>network]], id[600], master [null], hasJoinedOnce [false], cluster_name[TEST-CHILD_VM=[0]-CLUSTER_SEED=[-8106659381411338889]-HASH=[14406DC76783A180]-cluster]}, ping_response{node [{node_t0}{nMu_6boQR--7IGHETEaC6A}{127.0.0.1}{127.0.0.1:9420}[mode=>network]], id[604], master [null], hasJoinedOnce [false], cluster_name[TEST-CHILD_VM=[0]-CLUSTER_SEED=[-8106659381411338889]-HASH=[14406DC76783A180]-cluster]}, ping_response{node [{node_t0}{nMu_6boQR--7IGHETEaC6A}{127.0.0.1}{127.0.0.1:9420}[mode=>network]], id[604], master [null], hasJoinedOnce [false], cluster_name[TEST-CHILD_VM=[0]-CLUSTER_SEED=[-8106659381411338889]-HASH=[14406DC76783A180]-cluster]}, ping_response{node [{node_t0}{nMu_6boQR--7IGHETEaC6A}{127.0.0.1}{127.0.0.1:9420}[mode=>network]], id[604], master [null], hasJoinedOnce [false], cluster_name[TEST-CHILD_VM=[0]-CLUSTER_SEED=[-8106659381411338889]-HASH=[14406DC76783A180]-cluster]}, ping_response{node [{node_t0}{nMu_6boQR--7IGHETEaC6A}{127.0.0.1}{127.0.0.1:9420}[mode=>network]], id[608], master [null], hasJoinedOnce [false], cluster_name[TEST-CHILD_VM=[0]-CLUSTER_SEED=[-8106659381411338889]-HASH=[14406DC76783A180]-cluster]}, ping_response{node [{node_t0}{nMu_6boQR--7IGHETEaC6A}{127.0.0.1}{127.0.0.1:9420}[mode=>network]], id[608], master [null], hasJoinedOnce [false], cluster_name[TEST-CHILD_VM=[0]-CLUSTER_SEED=[-8106659381411338889]-HASH=[14406DC76783A180]-cluster]}, ping_response{node [{node_t0}{nMu_6boQR--7IGHETEaC6A}{127.0.0.1}{127.0.0.1:9420}[mode=>network]], id[610], master [null], hasJoinedOnce [false], cluster_name[TEST-CHILD_VM=[0]-CLUSTER_SEED=[-8106659381411338889]-HASH=[14406DC76783A180]-cluster]}]
[2016-03-29 17:29:42,947][TRACE][org.elasticsearch.discovery.zen.ping.unicast] [node_t0] [3] connecting (light) to {#zen_unicast_3#}{127.0.0.1}{127.0.0.1:9422}
[2016-03-29 17:29:42,947][TRACE][org.elasticsearch.discovery.zen.ping.unicast] [node_t0] [2] disconnecting from {#zen_unicast_8#}{::1}{[::1]:9422}
[2016-03-29 17:29:42,948][TRACE][org.elasticsearch.discovery.zen.ping.unicast] [node_t0] [3] failed to connect to {#zen_unicast_9#}{::1}{[::1]:9423}
ConnectTransportException[[][[::1]:9423] connect_timeout[30s]]; nested: ConnectException[Connection refused: /0:0:0:0:0:0:0:1:9423];
	at org.elasticsearch.transport.netty.NettyTransport.connectToChannelsLight(NettyTransport.java:954)
	at org.elasticsearch.transport.netty.NettyTransport.connectToNode(NettyTransport.java:918)
	at org.elasticsearch.transport.netty.NettyTransport.connectToNodeLight(NettyTransport.java:890)
	at org.elasticsearch.test.transport.MockTransportService$LookupTestTransport.connectToNodeLight(MockTransportService.java:413)
	at org.elasticsearch.transport.TransportService.connectToNodeLight(TransportService.java:242)
	at org.elasticsearch.discovery.zen.ping.unicast.UnicastZenPing$3.run(UnicastZenPing.java:395)
	at java.util.concurrent.ThreadPoolExecutor.runWorker(ThreadPoolExecutor.java:1142)
	at java.util.concurrent.ThreadPoolExecutor$Worker.run(ThreadPoolExecutor.java:617)
	at java.lang.Thread.run(Thread.java:745)
Caused by: java.net.ConnectException: Connection refused: /0:0:0:0:0:0:0:1:9423
	at sun.nio.ch.SocketChannelImpl.checkConnect(Native Method)
	at sun.nio.ch.SocketChannelImpl.finishConnect(SocketChannelImpl.java:712)
	at org.jboss.netty.channel.socket.nio.NioClientBoss.connect(NioClientBoss.java:152)
	at org.jboss.netty.channel.socket.nio.NioClientBoss.processSelectedKeys(NioClientBoss.java:105)
	at org.jboss.netty.channel.socket.nio.NioClientBoss.process(NioClientBoss.java:79)
	at org.jboss.netty.channel.socket.nio.AbstractNioSelector.run(AbstractNioSelector.java:337)
	at org.jboss.netty.channel.socket.nio.NioClientBoss.run(NioClientBoss.java:42)
	at org.jboss.netty.util.ThreadRenamingRunnable.run(ThreadRenamingRunnable.java:108)
	at org.jboss.netty.util.internal.DeadLockProofWorker$1.run(DeadLockProofWorker.java:42)
	... 3 more
[2016-03-29 17:29:42,947][TRACE][org.elasticsearch.discovery.zen.ping.unicast] [node_t0] [3] failed to connect to {#zen_unicast_7#}{::1}{[::1]:9421}
ConnectTransportException[[][[::1]:9421] connect_timeout[30s]]; nested: ConnectException[Connection refused: /0:0:0:0:0:0:0:1:9421];
	at org.elasticsearch.transport.netty.NettyTransport.connectToChannelsLight(NettyTransport.java:954)
	at org.elasticsearch.transport.netty.NettyTransport.connectToNode(NettyTransport.java:918)
	at org.elasticsearch.transport.netty.NettyTransport.connectToNodeLight(NettyTransport.java:890)
	at org.elasticsearch.test.transport.MockTransportService$LookupTestTransport.connectToNodeLight(MockTransportService.java:413)
	at org.elasticsearch.transport.TransportService.connectToNodeLight(TransportService.java:242)
	at org.elasticsearch.discovery.zen.ping.unicast.UnicastZenPing$3.run(UnicastZenPing.java:395)
	at java.util.concurrent.ThreadPoolExecutor.runWorker(ThreadPoolExecutor.java:1142)
	at java.util.concurrent.ThreadPoolExecutor$Worker.run(ThreadPoolExecutor.java:617)
	at java.lang.Thread.run(Thread.java:745)
Caused by: java.net.ConnectException: Connection refused: /0:0:0:0:0:0:0:1:9421
	at sun.nio.ch.SocketChannelImpl.checkConnect(Native Method)
	at sun.nio.ch.SocketChannelImpl.finishConnect(SocketChannelImpl.java:712)
	at org.jboss.netty.channel.socket.nio.NioClientBoss.connect(NioClientBoss.java:152)
	at org.jboss.netty.channel.socket.nio.NioClientBoss.processSelectedKeys(NioClientBoss.java:105)
	at org.jboss.netty.channel.socket.nio.NioClientBoss.process(NioClientBoss.java:79)
	at org.jboss.netty.channel.socket.nio.AbstractNioSelector.run(AbstractNioSelector.java:337)
	at org.jboss.netty.channel.socket.nio.NioClientBoss.run(NioClientBoss.java:42)
	at org.jboss.netty.util.ThreadRenamingRunnable.run(ThreadRenamingRunnable.java:108)
	at org.jboss.netty.util.internal.DeadLockProofWorker$1.run(DeadLockProofWorker.java:42)
	... 3 more
[2016-03-29 17:29:42,947][TRACE][org.elasticsearch.discovery.zen.ping.unicast] [node_t0] [3] failed to connect to {#zen_unicast_8#}{::1}{[::1]:9422}
ConnectTransportException[[][[::1]:9422] connect_timeout[30s]]; nested: ConnectException[Connection refused: /0:0:0:0:0:0:0:1:9422];
	at org.elasticsearch.transport.netty.NettyTransport.connectToChannelsLight(NettyTransport.java:954)
	at org.elasticsearch.transport.netty.NettyTransport.connectToNode(NettyTransport.java:918)
	at org.elasticsearch.transport.netty.NettyTransport.connectToNodeLight(NettyTransport.java:890)
	at org.elasticsearch.test.transport.MockTransportService$LookupTestTransport.connectToNodeLight(MockTransportService.java:413)
	at org.elasticsearch.transport.TransportService.connectToNodeLight(TransportService.java:242)
	at org.elasticsearch.discovery.zen.ping.unicast.UnicastZenPing$3.run(UnicastZenPing.java:395)
	at java.util.concurrent.ThreadPoolExecutor.runWorker(ThreadPoolExecutor.java:1142)
	at java.util.concurrent.ThreadPoolExecutor$Worker.run(ThreadPoolExecutor.java:617)
	at java.lang.Thread.run(Thread.java:745)
Caused by: java.net.ConnectException: Connection refused: /0:0:0:0:0:0:0:1:9422
	at sun.nio.ch.SocketChannelImpl.checkConnect(Native Method)
	at sun.nio.ch.SocketChannelImpl.finishConnect(SocketChannelImpl.java:712)
	at org.jboss.netty.channel.socket.nio.NioClientBoss.connect(NioClientBoss.java:152)
	at org.jboss.netty.channel.socket.nio.NioClientBoss.processSelectedKeys(NioClientBoss.java:105)
	at org.jboss.netty.channel.socket.nio.NioClientBoss.process(NioClientBoss.java:79)
	at org.jboss.netty.channel.socket.nio.AbstractNioSelector.run(AbstractNioSelector.java:337)
	at org.jboss.netty.channel.socket.nio.NioClientBoss.run(NioClientBoss.java:42)
	at org.jboss.netty.util.ThreadRenamingRunnable.run(ThreadRenamingRunnable.java:108)
	at org.jboss.netty.util.internal.DeadLockProofWorker$1.run(DeadLockProofWorker.java:42)
	... 3 more
[2016-03-29 17:29:42,947][TRACE][org.elasticsearch.discovery.zen.ping.unicast] [node_t0] [3] failed to connect to {#zen_unicast_10#}{::1}{[::1]:9424}
ConnectTransportException[[][[::1]:9424] connect_timeout[30s]]; nested: ConnectException[Connection refused: /0:0:0:0:0:0:0:1:9424];
	at org.elasticsearch.transport.netty.NettyTransport.connectToChannelsLight(NettyTransport.java:954)
	at org.elasticsearch.transport.netty.NettyTransport.connectToNode(NettyTransport.java:918)
	at org.elasticsearch.transport.netty.NettyTransport.connectToNodeLight(NettyTransport.java:890)
	at org.elasticsearch.test.transport.MockTransportService$LookupTestTransport.connectToNodeLight(MockTransportService.java:413)
	at org.elasticsearch.transport.TransportService.connectToNodeLight(TransportService.java:242)
	at org.elasticsearch.discovery.zen.ping.unicast.UnicastZenPing$3.run(UnicastZenPing.java:395)
	at java.util.concurrent.ThreadPoolExecutor.runWorker(ThreadPoolExecutor.java:1142)
	at java.util.concurrent.ThreadPoolExecutor$Worker.run(ThreadPoolExecutor.java:617)
	at java.lang.Thread.run(Thread.java:745)
Caused by: java.net.ConnectException: Connection refused: /0:0:0:0:0:0:0:1:9424
	at sun.nio.ch.SocketChannelImpl.checkConnect(Native Method)
	at sun.nio.ch.SocketChannelImpl.finishConnect(SocketChannelImpl.java:712)
	at org.jboss.netty.channel.socket.nio.NioClientBoss.connect(NioClientBoss.java:152)
	at org.jboss.netty.channel.socket.nio.NioClientBoss.processSelectedKeys(NioClientBoss.java:105)
	at org.jboss.netty.channel.socket.nio.NioClientBoss.process(NioClientBoss.java:79)
	at org.jboss.netty.channel.socket.nio.AbstractNioSelector.run(AbstractNioSelector.java:337)
	at org.jboss.netty.channel.socket.nio.NioClientBoss.run(NioClientBoss.java:42)
	at org.jboss.netty.util.ThreadRenamingRunnable.run(ThreadRenamingRunnable.java:108)
	at org.jboss.netty.util.internal.DeadLockProofWorker$1.run(DeadLockProofWorker.java:42)
	... 3 more
[2016-03-29 17:29:42,947][TRACE][org.elasticsearch.discovery.zen.ping.unicast] [node_t0] [3] failed to connect to {#zen_unicast_2#}{127.0.0.1}{127.0.0.1:9421}
ConnectTransportException[[][127.0.0.1:9421] connect_timeout[30s]]; nested: ConnectException[Connection refused: /127.0.0.1:9421];
	at org.elasticsearch.transport.netty.NettyTransport.connectToChannelsLight(NettyTransport.java:954)
	at org.elasticsearch.transport.netty.NettyTransport.connectToNode(NettyTransport.java:918)
	at org.elasticsearch.transport.netty.NettyTransport.connectToNodeLight(NettyTransport.java:890)
	at org.elasticsearch.test.transport.MockTransportService$LookupTestTransport.connectToNodeLight(MockTransportService.java:413)
	at org.elasticsearch.transport.TransportService.connectToNodeLight(TransportService.java:242)
	at org.elasticsearch.discovery.zen.ping.unicast.UnicastZenPing$3.run(UnicastZenPing.java:395)
	at java.util.concurrent.ThreadPoolExecutor.runWorker(ThreadPoolExecutor.java:1142)
	at java.util.concurrent.ThreadPoolExecutor$Worker.run(ThreadPoolExecutor.java:617)
	at java.lang.Thread.run(Thread.java:745)
Caused by: java.net.ConnectException: Connection refused: /127.0.0.1:9421
	at sun.nio.ch.SocketChannelImpl.checkConnect(Native Method)
	at sun.nio.ch.SocketChannelImpl.finishConnect(SocketChannelImpl.java:712)
	at org.jboss.netty.channel.socket.nio.NioClientBoss.connect(NioClientBoss.java:152)
	at org.jboss.netty.channel.socket.nio.NioClientBoss.processSelectedKeys(NioClientBoss.java:105)
	at org.jboss.netty.channel.socket.nio.NioClientBoss.process(NioClientBoss.java:79)
	at org.jboss.netty.channel.socket.nio.AbstractNioSelector.run(AbstractNioSelector.java:337)
	at org.jboss.netty.channel.socket.nio.NioClientBoss.run(NioClientBoss.java:42)
	at org.jboss.netty.util.ThreadRenamingRunnable.run(ThreadRenamingRunnable.java:108)
	at org.jboss.netty.util.internal.DeadLockProofWorker$1.run(DeadLockProofWorker.java:42)
	... 3 more
[2016-03-29 17:29:42,948][TRACE][org.elasticsearch.discovery.zen.ping.unicast] [node_t0] [3] failed to connect to {#zen_unicast_3#}{127.0.0.1}{127.0.0.1:9422}
ConnectTransportException[[][127.0.0.1:9422] connect_timeout[30s]]; nested: ConnectException[Connection refused: /127.0.0.1:9422];
	at org.elasticsearch.transport.netty.NettyTransport.connectToChannelsLight(NettyTransport.java:954)
	at org.elasticsearch.transport.netty.NettyTransport.connectToNode(NettyTransport.java:918)
	at org.elasticsearch.transport.netty.NettyTransport.connectToNodeLight(NettyTransport.java:890)
	at org.elasticsearch.test.transport.MockTransportService$LookupTestTransport.connectToNodeLight(MockTransportService.java:413)
	at org.elasticsearch.transport.TransportService.connectToNodeLight(TransportService.java:242)
	at org.elasticsearch.discovery.zen.ping.unicast.UnicastZenPing$3.run(UnicastZenPing.java:395)
	at java.util.concurrent.ThreadPoolExecutor.runWorker(ThreadPoolExecutor.java:1142)
	at java.util.concurrent.ThreadPoolExecutor$Worker.run(ThreadPoolExecutor.java:617)
	at java.lang.Thread.run(Thread.java:745)
Caused by: java.net.ConnectException: Connection refused: /127.0.0.1:9422
	at sun.nio.ch.SocketChannelImpl.checkConnect(Native Method)
	at sun.nio.ch.SocketChannelImpl.finishConnect(SocketChannelImpl.java:712)
	at org.jboss.netty.channel.socket.nio.NioClientBoss.connect(NioClientBoss.java:152)
	at org.jboss.netty.channel.socket.nio.NioClientBoss.processSelectedKeys(NioClientBoss.java:105)
	at org.jboss.netty.channel.socket.nio.NioClientBoss.process(NioClientBoss.java:79)
	at org.jboss.netty.channel.socket.nio.AbstractNioSelector.run(AbstractNioSelector.java:337)
	at org.jboss.netty.channel.socket.nio.NioClientBoss.run(NioClientBoss.java:42)
	at org.jboss.netty.util.ThreadRenamingRunnable.run(ThreadRenamingRunnable.java:108)
	at org.jboss.netty.util.internal.DeadLockProofWorker$1.run(DeadLockProofWorker.java:42)
	... 3 more
[2016-03-29 17:29:42,948][TRACE][org.elasticsearch.discovery.zen.ping.unicast] [node_t0] [3] failed to connect to {#zen_unicast_4#}{127.0.0.1}{127.0.0.1:9423}
ConnectTransportException[[][127.0.0.1:9423] connect_timeout[30s]]; nested: ConnectException[Connection refused: /127.0.0.1:9423];
	at org.elasticsearch.transport.netty.NettyTransport.connectToChannelsLight(NettyTransport.java:954)
	at org.elasticsearch.transport.netty.NettyTransport.connectToNode(NettyTransport.java:918)
	at org.elasticsearch.transport.netty.NettyTransport.connectToNodeLight(NettyTransport.java:890)
	at org.elasticsearch.test.transport.MockTransportService$LookupTestTransport.connectToNodeLight(MockTransportService.java:413)
	at org.elasticsearch.transport.TransportService.connectToNodeLight(TransportService.java:242)
	at org.elasticsearch.discovery.zen.ping.unicast.UnicastZenPing$3.run(UnicastZenPing.java:395)
	at java.util.concurrent.ThreadPoolExecutor.runWorker(ThreadPoolExecutor.java:1142)
	at java.util.concurrent.ThreadPoolExecutor$Worker.run(ThreadPoolExecutor.java:617)
	at java.lang.Thread.run(Thread.java:745)
Caused by: java.net.ConnectException: Connection refused: /127.0.0.1:9423
	at sun.nio.ch.SocketChannelImpl.checkConnect(Native Method)
	at sun.nio.ch.SocketChannelImpl.finishConnect(SocketChannelImpl.java:712)
	at org.jboss.netty.channel.socket.nio.NioClientBoss.connect(NioClientBoss.java:152)
	at org.jboss.netty.channel.socket.nio.NioClientBoss.processSelectedKeys(NioClientBoss.java:105)
	at org.jboss.netty.channel.socket.nio.NioClientBoss.process(NioClientBoss.java:79)
	at org.jboss.netty.channel.socket.nio.AbstractNioSelector.run(AbstractNioSelector.java:337)
	at org.jboss.netty.channel.socket.nio.NioClientBoss.run(NioClientBoss.java:42)
	at org.jboss.netty.util.ThreadRenamingRunnable.run(ThreadRenamingRunnable.java:108)
	at org.jboss.netty.util.internal.DeadLockProofWorker$1.run(DeadLockProofWorker.java:42)
	... 3 more
[2016-03-29 17:29:42,948][TRACE][org.elasticsearch.discovery.zen.ping.unicast] [node_t0] [3] failed to connect to {#zen_unicast_5#}{127.0.0.1}{127.0.0.1:9424}
ConnectTransportException[[][127.0.0.1:9424] connect_timeout[30s]]; nested: ConnectException[Connection refused: /127.0.0.1:9424];
	at org.elasticsearch.transport.netty.NettyTransport.connectToChannelsLight(NettyTransport.java:954)
	at org.elasticsearch.transport.netty.NettyTransport.connectToNode(NettyTransport.java:918)
	at org.elasticsearch.transport.netty.NettyTransport.connectToNodeLight(NettyTransport.java:890)
	at org.elasticsearch.test.transport.MockTransportService$LookupTestTransport.connectToNodeLight(MockTransportService.java:413)
	at org.elasticsearch.transport.TransportService.connectToNodeLight(TransportService.java:242)
	at org.elasticsearch.discovery.zen.ping.unicast.UnicastZenPing$3.run(UnicastZenPing.java:395)
	at java.util.concurrent.ThreadPoolExecutor.runWorker(ThreadPoolExecutor.java:1142)
	at java.util.concurrent.ThreadPoolExecutor$Worker.run(ThreadPoolExecutor.java:617)
	at java.lang.Thread.run(Thread.java:745)
Caused by: java.net.ConnectException: Connection refused: /127.0.0.1:9424
	at sun.nio.ch.SocketChannelImpl.checkConnect(Native Method)
	at sun.nio.ch.SocketChannelImpl.finishConnect(SocketChannelImpl.java:712)
	at org.jboss.netty.channel.socket.nio.NioClientBoss.connect(NioClientBoss.java:152)
	at org.jboss.netty.channel.socket.nio.NioClientBoss.processSelectedKeys(NioClientBoss.java:105)
	at org.jboss.netty.channel.socket.nio.NioClientBoss.process(NioClientBoss.java:79)
	at org.jboss.netty.channel.socket.nio.AbstractNioSelector.run(AbstractNioSelector.java:337)
	at org.jboss.netty.channel.socket.nio.NioClientBoss.run(NioClientBoss.java:42)
	at org.jboss.netty.util.ThreadRenamingRunnable.run(ThreadRenamingRunnable.java:108)
	at org.jboss.netty.util.internal.DeadLockProofWorker$1.run(DeadLockProofWorker.java:42)
	... 3 more
[2016-03-29 17:29:42,948][TRACE][org.elasticsearch.discovery.zen.ping.unicast] [node_t0] [3] connected to {#zen_unicast_6#}{::1}{[::1]:9420}
[2016-03-29 17:29:42,948][TRACE][org.elasticsearch.discovery.zen.ping.unicast] [node_t0] [2] disconnecting from {#zen_unicast_7#}{::1}{[::1]:9421}
[2016-03-29 17:29:42,950][TRACE][org.elasticsearch.discovery.zen.ping.unicast] [node_t0] [3] sending to {#zen_unicast_6#}{::1}{[::1]:9420}
[2016-03-29 17:29:42,950][TRACE][org.elasticsearch.discovery.zen.ping.unicast] [node_t0] [3] received response from {#zen_unicast_6#}{::1}{[::1]:9420}: [ping_response{node [{node_t0}{nMu_6boQR--7IGHETEaC6A}{127.0.0.1}{127.0.0.1:9420}[mode=>network]], id[588], master [null], hasJoinedOnce [false], cluster_name[TEST-CHILD_VM=[0]-CLUSTER_SEED=[-8106659381411338889]-HASH=[14406DC76783A180]-cluster]}, ping_response{node [{node_t0}{nMu_6boQR--7IGHETEaC6A}{127.0.0.1}{127.0.0.1:9420}[mode=>network]], id[588], master [null], hasJoinedOnce [false], cluster_name[TEST-CHILD_VM=[0]-CLUSTER_SEED=[-8106659381411338889]-HASH=[14406DC76783A180]-cluster]}, ping_response{node [{node_t0}{nMu_6boQR--7IGHETEaC6A}{127.0.0.1}{127.0.0.1:9420}[mode=>network]], id[588], master [null], hasJoinedOnce [false], cluster_name[TEST-CHILD_VM=[0]-CLUSTER_SEED=[-8106659381411338889]-HASH=[14406DC76783A180]-cluster]}, ping_response{node [{node_t0}{nMu_6boQR--7IGHETEaC6A}{127.0.0.1}{127.0.0.1:9420}[mode=>network]], id[592], master [null], hasJoinedOnce [false], cluster_name[TEST-CHILD_VM=[0]-CLUSTER_SEED=[-8106659381411338889]-HASH=[14406DC76783A180]-cluster]}, ping_response{node [{node_t0}{nMu_6boQR--7IGHETEaC6A}{127.0.0.1}{127.0.0.1:9420}[mode=>network]], id[592], master [null], hasJoinedOnce [false], cluster_name[TEST-CHILD_VM=[0]-CLUSTER_SEED=[-8106659381411338889]-HASH=[14406DC76783A180]-cluster]}, ping_response{node [{node_t0}{nMu_6boQR--7IGHETEaC6A}{127.0.0.1}{127.0.0.1:9420}[mode=>network]], id[592], master [null], hasJoinedOnce [false], cluster_name[TEST-CHILD_VM=[0]-CLUSTER_SEED=[-8106659381411338889]-HASH=[14406DC76783A180]-cluster]}, ping_response{node [{node_t0}{nMu_6boQR--7IGHETEaC6A}{127.0.0.1}{127.0.0.1:9420}[mode=>network]], id[596], master [null], hasJoinedOnce [false], cluster_name[TEST-CHILD_VM=[0]-CLUSTER_SEED=[-8106659381411338889]-HASH=[14406DC76783A180]-cluster]}, ping_response{node [{node_t0}{nMu_6boQR--7IGHETEaC6A}{127.0.0.1}{127.0.0.1:9420}[mode=>network]], id[596], master [null], hasJoinedOnce [false], cluster_name[TEST-CHILD_VM=[0]-CLUSTER_SEED=[-8106659381411338889]-HASH=[14406DC76783A180]-cluster]}, ping_response{node [{node_t0}{nMu_6boQR--7IGHETEaC6A}{127.0.0.1}{127.0.0.1:9420}[mode=>network]], id[596], master [null], hasJoinedOnce [false], cluster_name[TEST-CHILD_VM=[0]-CLUSTER_SEED=[-8106659381411338889]-HASH=[14406DC76783A180]-cluster]}, ping_response{node [{node_t0}{nMu_6boQR--7IGHETEaC6A}{127.0.0.1}{127.0.0.1:9420}[mode=>network]], id[600], master [null], hasJoinedOnce [false], cluster_name[TEST-CHILD_VM=[0]-CLUSTER_SEED=[-8106659381411338889]-HASH=[14406DC76783A180]-cluster]}, ping_response{node [{node_t0}{nMu_6boQR--7IGHETEaC6A}{127.0.0.1}{127.0.0.1:9420}[mode=>network]], id[600], master [null], hasJoinedOnce [false], cluster_name[TEST-CHILD_VM=[0]-CLUSTER_SEED=[-8106659381411338889]-HASH=[14406DC76783A180]-cluster]}, ping_response{node [{node_t0}{nMu_6boQR--7IGHETEaC6A}{127.0.0.1}{127.0.0.1:9420}[mode=>network]], id[600], master [null], hasJoinedOnce [false], cluster_name[TEST-CHILD_VM=[0]-CLUSTER_SEED=[-8106659381411338889]-HASH=[14406DC76783A180]-cluster]}, ping_response{node [{node_t0}{nMu_6boQR--7IGHETEaC6A}{127.0.0.1}{127.0.0.1:9420}[mode=>network]], id[604], master [null], hasJoinedOnce [false], cluster_name[TEST-CHILD_VM=[0]-CLUSTER_SEED=[-8106659381411338889]-HASH=[14406DC76783A180]-cluster]}, ping_response{node [{node_t0}{nMu_6boQR--7IGHETEaC6A}{127.0.0.1}{127.0.0.1:9420}[mode=>network]], id[604], master [null], hasJoinedOnce [false], cluster_name[TEST-CHILD_VM=[0]-CLUSTER_SEED=[-8106659381411338889]-HASH=[14406DC76783A180]-cluster]}, ping_response{node [{node_t0}{nMu_6boQR--7IGHETEaC6A}{127.0.0.1}{127.0.0.1:9420}[mode=>network]], id[604], master [null], hasJoinedOnce [false], cluster_name[TEST-CHILD_VM=[0]-CLUSTER_SEED=[-8106659381411338889]-HASH=[14406DC76783A180]-cluster]}, ping_response{node [{node_t0}{nMu_6boQR--7IGHETEaC6A}{127.0.0.1}{127.0.0.1:9420}[mode=>network]], id[608], master [null], hasJoinedOnce [false], cluster_name[TEST-CHILD_VM=[0]-CLUSTER_SEED=[-8106659381411338889]-HASH=[14406DC76783A180]-cluster]}, ping_response{node [{node_t0}{nMu_6boQR--7IGHETEaC6A}{127.0.0.1}{127.0.0.1:9420}[mode=>network]], id[608], master [null], hasJoinedOnce [false], cluster_name[TEST-CHILD_VM=[0]-CLUSTER_SEED=[-8106659381411338889]-HASH=[14406DC76783A180]-cluster]}, ping_response{node [{node_t0}{nMu_6boQR--7IGHETEaC6A}{127.0.0.1}{127.0.0.1:9420}[mode=>network]], id[608], master [null], hasJoinedOnce [false], cluster_name[TEST-CHILD_VM=[0]-CLUSTER_SEED=[-8106659381411338889]-HASH=[14406DC76783A180]-cluster]}, ping_response{node [{node_t0}{nMu_6boQR--7IGHETEaC6A}{127.0.0.1}{127.0.0.1:9420}[mode=>network]], id[611], master [null], hasJoinedOnce [false], cluster_name[TEST-CHILD_VM=[0]-CLUSTER_SEED=[-8106659381411338889]-HASH=[14406DC76783A180]-cluster]}]
[2016-03-29 17:29:43,025][WARN ][org.elasticsearch.discovery] [node_t0] waited for 500ms and no initial state was set by the discovery
[2016-03-29 17:29:43,025][TRACE][org.elasticsearch.cluster.service] [node_t0] will process [gateway_initial_state_recovery]
[2016-03-29 17:29:43,025][DEBUG][org.elasticsearch.cluster.service] [node_t0] processing [gateway_initial_state_recovery]: execute
[2016-03-29 17:29:43,025][DEBUG][org.elasticsearch.cluster.service] [node_t0] processing [gateway_initial_state_recovery]: took 0s no change in cluster_state
[2016-03-29 17:29:43,035][TRACE][org.elasticsearch.transport.tracer] [transport_client_node_t0] [1][cluster:monitor/state] sent to [{node_t0}{nMu_6boQR--7IGHETEaC6A}{127.0.0.1}{127.0.0.1:9420}[mode=>network]] (timeout: [null])
[2016-03-29 17:29:43,036][TRACE][org.elasticsearch.transport.tracer] [transport_client_node_t0] [1][cluster:monitor/state] received response from [{node_t0}{nMu_6boQR--7IGHETEaC6A}{127.0.0.1}{127.0.0.1:9420}[mode=>network]]
[2016-03-29 17:29:43,048][TRACE][org.elasticsearch.discovery.zen.ping.unicast] [node_t0] [3] sending to {node_t0}{nMu_6boQR--7IGHETEaC6A}{127.0.0.1}{127.0.0.1:9420}[mode=>network]
[2016-03-29 17:29:43,049][TRACE][org.elasticsearch.discovery.zen.ping.unicast] [node_t0] [3] received response from {node_t0}{nMu_6boQR--7IGHETEaC6A}{127.0.0.1}{127.0.0.1:9420}[mode=>network]: [ping_response{node [{node_t0}{nMu_6boQR--7IGHETEaC6A}{127.0.0.1}{127.0.0.1:9420}[mode=>network]], id[592], master [null], hasJoinedOnce [false], cluster_name[TEST-CHILD_VM=[0]-CLUSTER_SEED=[-8106659381411338889]-HASH=[14406DC76783A180]-cluster]}, ping_response{node [{node_t0}{nMu_6boQR--7IGHETEaC6A}{127.0.0.1}{127.0.0.1:9420}[mode=>network]], id[592], master [null], hasJoinedOnce [false], cluster_name[TEST-CHILD_VM=[0]-CLUSTER_SEED=[-8106659381411338889]-HASH=[14406DC76783A180]-cluster]}, ping_response{node [{node_t0}{nMu_6boQR--7IGHETEaC6A}{127.0.0.1}{127.0.0.1:9420}[mode=>network]], id[592], master [null], hasJoinedOnce [false], cluster_name[TEST-CHILD_VM=[0]-CLUSTER_SEED=[-8106659381411338889]-HASH=[14406DC76783A180]-cluster]}, ping_response{node [{node_t0}{nMu_6boQR--7IGHETEaC6A}{127.0.0.1}{127.0.0.1:9420}[mode=>network]], id[596], master [null], hasJoinedOnce [false], cluster_name[TEST-CHILD_VM=[0]-CLUSTER_SEED=[-8106659381411338889]-HASH=[14406DC76783A180]-cluster]}, ping_response{node [{node_t0}{nMu_6boQR--7IGHETEaC6A}{127.0.0.1}{127.0.0.1:9420}[mode=>network]], id[596], master [null], hasJoinedOnce [false], cluster_name[TEST-CHILD_VM=[0]-CLUSTER_SEED=[-8106659381411338889]-HASH=[14406DC76783A180]-cluster]}, ping_response{node [{node_t0}{nMu_6boQR--7IGHETEaC6A}{127.0.0.1}{127.0.0.1:9420}[mode=>network]], id[596], master [null], hasJoinedOnce [false], cluster_name[TEST-CHILD_VM=[0]-CLUSTER_SEED=[-8106659381411338889]-HASH=[14406DC76783A180]-cluster]}, ping_response{node [{node_t0}{nMu_6boQR--7IGHETEaC6A}{127.0.0.1}{127.0.0.1:9420}[mode=>network]], id[600], master [null], hasJoinedOnce [false], cluster_name[TEST-CHILD_VM=[0]-CLUSTER_SEED=[-8106659381411338889]-HASH=[14406DC76783A180]-cluster]}, ping_response{node [{node_t0}{nMu_6boQR--7IGHETEaC6A}{127.0.0.1}{127.0.0.1:9420}[mode=>network]], id[600], master [null], hasJoinedOnce [false], cluster_name[TEST-CHILD_VM=[0]-CLUSTER_SEED=[-8106659381411338889]-HASH=[14406DC76783A180]-cluster]}, ping_response{node [{node_t0}{nMu_6boQR--7IGHETEaC6A}{127.0.0.1}{127.0.0.1:9420}[mode=>network]], id[600], master [null], hasJoinedOnce [false], cluster_name[TEST-CHILD_VM=[0]-CLUSTER_SEED=[-8106659381411338889]-HASH=[14406DC76783A180]-cluster]}, ping_response{node [{node_t0}{nMu_6boQR--7IGHETEaC6A}{127.0.0.1}{127.0.0.1:9420}[mode=>network]], id[604], master [null], hasJoinedOnce [false], cluster_name[TEST-CHILD_VM=[0]-CLUSTER_SEED=[-8106659381411338889]-HASH=[14406DC76783A180]-cluster]}, ping_response{node [{node_t0}{nMu_6boQR--7IGHETEaC6A}{127.0.0.1}{127.0.0.1:9420}[mode=>network]], id[604], master [null], hasJoinedOnce [false], cluster_name[TEST-CHILD_VM=[0]-CLUSTER_SEED=[-8106659381411338889]-HASH=[14406DC76783A180]-cluster]}, ping_response{node [{node_t0}{nMu_6boQR--7IGHETEaC6A}{127.0.0.1}{127.0.0.1:9420}[mode=>network]], id[604], master [null], hasJoinedOnce [false], cluster_name[TEST-CHILD_VM=[0]-CLUSTER_SEED=[-8106659381411338889]-HASH=[14406DC76783A180]-cluster]}, ping_response{node [{node_t0}{nMu_6boQR--7IGHETEaC6A}{127.0.0.1}{127.0.0.1:9420}[mode=>network]], id[608], master [null], hasJoinedOnce [false], cluster_name[TEST-CHILD_VM=[0]-CLUSTER_SEED=[-8106659381411338889]-HASH=[14406DC76783A180]-cluster]}, ping_response{node [{node_t0}{nMu_6boQR--7IGHETEaC6A}{127.0.0.1}{127.0.0.1:9420}[mode=>network]], id[608], master [null], hasJoinedOnce [false], cluster_name[TEST-CHILD_VM=[0]-CLUSTER_SEED=[-8106659381411338889]-HASH=[14406DC76783A180]-cluster]}, ping_response{node [{node_t0}{nMu_6boQR--7IGHETEaC6A}{127.0.0.1}{127.0.0.1:9420}[mode=>network]], id[608], master [null], hasJoinedOnce [false], cluster_name[TEST-CHILD_VM=[0]-CLUSTER_SEED=[-8106659381411338889]-HASH=[14406DC76783A180]-cluster]}, ping_response{node [{node_t0}{nMu_6boQR--7IGHETEaC6A}{127.0.0.1}{127.0.0.1:9420}[mode=>network]], id[612], master [null], hasJoinedOnce [false], cluster_name[TEST-CHILD_VM=[0]-CLUSTER_SEED=[-8106659381411338889]-HASH=[14406DC76783A180]-cluster]}, ping_response{node [{node_t0}{nMu_6boQR--7IGHETEaC6A}{127.0.0.1}{127.0.0.1:9420}[mode=>network]], id[613], master [null], hasJoinedOnce [false], cluster_name[TEST-CHILD_VM=[0]-CLUSTER_SEED=[-8106659381411338889]-HASH=[14406DC76783A180]-cluster]}]
[2016-03-29 17:29:43,049][TRACE][org.elasticsearch.discovery.zen.ping.unicast] [node_t0] [3] connecting (light) to {#zen_unicast_2#}{127.0.0.1}{127.0.0.1:9421}
[2016-03-29 17:29:43,049][TRACE][org.elasticsearch.discovery.zen.ping.unicast] [node_t0] [3] connecting (light) to {#zen_unicast_5#}{127.0.0.1}{127.0.0.1:9424}
[2016-03-29 17:29:43,049][TRACE][org.elasticsearch.discovery.zen.ping.unicast] [node_t0] [3] connecting (light) to {#zen_unicast_4#}{127.0.0.1}{127.0.0.1:9423}
[2016-03-29 17:29:43,049][TRACE][org.elasticsearch.discovery.zen.ping.unicast] [node_t0] [3] connecting (light) to {#zen_unicast_3#}{127.0.0.1}{127.0.0.1:9422}
[2016-03-29 17:29:43,049][TRACE][org.elasticsearch.discovery.zen.ping.unicast] [node_t0] [3] sending to {#zen_unicast_6#}{::1}{[::1]:9420}
[2016-03-29 17:29:43,050][TRACE][org.elasticsearch.discovery.zen.ping.unicast] [node_t0] [3] connecting (light) to {#zen_unicast_7#}{::1}{[::1]:9421}
[2016-03-29 17:29:43,050][TRACE][org.elasticsearch.discovery.zen.ping.unicast] [node_t0] [3] connecting (light) to {#zen_unicast_9#}{::1}{[::1]:9423}
[2016-03-29 17:29:43,050][TRACE][org.elasticsearch.discovery.zen.ping.unicast] [node_t0] [3] connecting (light) to {#zen_unicast_10#}{::1}{[::1]:9424}
[2016-03-29 17:29:43,050][TRACE][org.elasticsearch.discovery.zen.ping.unicast] [node_t0] [3] connecting (light) to {#zen_unicast_8#}{::1}{[::1]:9422}
[2016-03-29 17:29:43,050][TRACE][org.elasticsearch.discovery.zen.ping.unicast] [node_t0] [3] sending to {node_t0}{nMu_6boQR--7IGHETEaC6A}{127.0.0.1}{127.0.0.1:9420}[mode=>network]
[2016-03-29 17:29:43,050][TRACE][org.elasticsearch.discovery.zen.ping.unicast] [node_t0] [3] received response from {node_t0}{nMu_6boQR--7IGHETEaC6A}{127.0.0.1}{127.0.0.1:9420}[mode=>network]: [ping_response{node [{node_t0}{nMu_6boQR--7IGHETEaC6A}{127.0.0.1}{127.0.0.1:9420}[mode=>network]], id[592], master [null], hasJoinedOnce [false], cluster_name[TEST-CHILD_VM=[0]-CLUSTER_SEED=[-8106659381411338889]-HASH=[14406DC76783A180]-cluster]}, ping_response{node [{node_t0}{nMu_6boQR--7IGHETEaC6A}{127.0.0.1}{127.0.0.1:9420}[mode=>network]], id[592], master [null], hasJoinedOnce [false], cluster_name[TEST-CHILD_VM=[0]-CLUSTER_SEED=[-8106659381411338889]-HASH=[14406DC76783A180]-cluster]}, ping_response{node [{node_t0}{nMu_6boQR--7IGHETEaC6A}{127.0.0.1}{127.0.0.1:9420}[mode=>network]], id[592], master [null], hasJoinedOnce [false], cluster_name[TEST-CHILD_VM=[0]-CLUSTER_SEED=[-8106659381411338889]-HASH=[14406DC76783A180]-cluster]}, ping_response{node [{node_t0}{nMu_6boQR--7IGHETEaC6A}{127.0.0.1}{127.0.0.1:9420}[mode=>network]], id[596], master [null], hasJoinedOnce [false], cluster_name[TEST-CHILD_VM=[0]-CLUSTER_SEED=[-8106659381411338889]-HASH=[14406DC76783A180]-cluster]}, ping_response{node [{node_t0}{nMu_6boQR--7IGHETEaC6A}{127.0.0.1}{127.0.0.1:9420}[mode=>network]], id[596], master [null], hasJoinedOnce [false], cluster_name[TEST-CHILD_VM=[0]-CLUSTER_SEED=[-8106659381411338889]-HASH=[14406DC76783A180]-cluster]}, ping_response{node [{node_t0}{nMu_6boQR--7IGHETEaC6A}{127.0.0.1}{127.0.0.1:9420}[mode=>network]], id[596], master [null], hasJoinedOnce [false], cluster_name[TEST-CHILD_VM=[0]-CLUSTER_SEED=[-8106659381411338889]-HASH=[14406DC76783A180]-cluster]}, ping_response{node [{node_t0}{nMu_6boQR--7IGHETEaC6A}{127.0.0.1}{127.0.0.1:9420}[mode=>network]], id[600], master [null], hasJoinedOnce [false], cluster_name[TEST-CHILD_VM=[0]-CLUSTER_SEED=[-8106659381411338889]-HASH=[14406DC76783A180]-cluster]}, ping_response{node [{node_t0}{nMu_6boQR--7IGHETEaC6A}{127.0.0.1}{127.0.0.1:9420}[mode=>network]], id[600], master [null], hasJoinedOnce [false], cluster_name[TEST-CHILD_VM=[0]-CLUSTER_SEED=[-8106659381411338889]-HASH=[14406DC76783A180]-cluster]}, ping_response{node [{node_t0}{nMu_6boQR--7IGHETEaC6A}{127.0.0.1}{127.0.0.1:9420}[mode=>network]], id[600], master [null], hasJoinedOnce [false], cluster_name[TEST-CHILD_VM=[0]-CLUSTER_SEED=[-8106659381411338889]-HASH=[14406DC76783A180]-cluster]}, ping_response{node [{node_t0}{nMu_6boQR--7IGHETEaC6A}{127.0.0.1}{127.0.0.1:9420}[mode=>network]], id[604], master [null], hasJoinedOnce [false], cluster_name[TEST-CHILD_VM=[0]-CLUSTER_SEED=[-8106659381411338889]-HASH=[14406DC76783A180]-cluster]}, ping_response{node [{node_t0}{nMu_6boQR--7IGHETEaC6A}{127.0.0.1}{127.0.0.1:9420}[mode=>network]], id[604], master [null], hasJoinedOnce [false], cluster_name[TEST-CHILD_VM=[0]-CLUSTER_SEED=[-8106659381411338889]-HASH=[14406DC76783A180]-cluster]}, ping_response{node [{node_t0}{nMu_6boQR--7IGHETEaC6A}{127.0.0.1}{127.0.0.1:9420}[mode=>network]], id[604], master [null], hasJoinedOnce [false], cluster_name[TEST-CHILD_VM=[0]-CLUSTER_SEED=[-8106659381411338889]-HASH=[14406DC76783A180]-cluster]}, ping_response{node [{node_t0}{nMu_6boQR--7IGHETEaC6A}{127.0.0.1}{127.0.0.1:9420}[mode=>network]], id[608], master [null], hasJoinedOnce [false], cluster_name[TEST-CHILD_VM=[0]-CLUSTER_SEED=[-8106659381411338889]-HASH=[14406DC76783A180]-cluster]}, ping_response{node [{node_t0}{nMu_6boQR--7IGHETEaC6A}{127.0.0.1}{127.0.0.1:9420}[mode=>network]], id[608], master [null], hasJoinedOnce [false], cluster_name[TEST-CHILD_VM=[0]-CLUSTER_SEED=[-8106659381411338889]-HASH=[14406DC76783A180]-cluster]}, ping_response{node [{node_t0}{nMu_6boQR--7IGHETEaC6A}{127.0.0.1}{127.0.0.1:9420}[mode=>network]], id[608], master [null], hasJoinedOnce [false], cluster_name[TEST-CHILD_VM=[0]-CLUSTER_SEED=[-8106659381411338889]-HASH=[14406DC76783A180]-cluster]}, ping_response{node [{node_t0}{nMu_6boQR--7IGHETEaC6A}{127.0.0.1}{127.0.0.1:9420}[mode=>network]], id[612], master [null], hasJoinedOnce [false], cluster_name[TEST-CHILD_VM=[0]-CLUSTER_SEED=[-8106659381411338889]-HASH=[14406DC76783A180]-cluster]}, ping_response{node [{node_t0}{nMu_6boQR--7IGHETEaC6A}{127.0.0.1}{127.0.0.1:9420}[mode=>network]], id[612], master [null], hasJoinedOnce [false], cluster_name[TEST-CHILD_VM=[0]-CLUSTER_SEED=[-8106659381411338889]-HASH=[14406DC76783A180]-cluster]}, ping_response{node [{node_t0}{nMu_6boQR--7IGHETEaC6A}{127.0.0.1}{127.0.0.1:9420}[mode=>network]], id[612], master [null], hasJoinedOnce [false], cluster_name[TEST-CHILD_VM=[0]-CLUSTER_SEED=[-8106659381411338889]-HASH=[14406DC76783A180]-cluster]}, ping_response{node [{node_t0}{nMu_6boQR--7IGHETEaC6A}{127.0.0.1}{127.0.0.1:9420}[mode=>network]], id[615], master [null], hasJoinedOnce [false], cluster_name[TEST-CHILD_VM=[0]-CLUSTER_SEED=[-8106659381411338889]-HASH=[14406DC76783A180]-cluster]}]
[2016-03-29 17:29:43,050][TRACE][org.elasticsearch.discovery.zen.ping.unicast] [node_t0] [3] failed to connect to {#zen_unicast_3#}{127.0.0.1}{127.0.0.1:9422}
ConnectTransportException[[][127.0.0.1:9422] connect_timeout[30s]]; nested: ConnectException[Connection refused: /127.0.0.1:9422];
	at org.elasticsearch.transport.netty.NettyTransport.connectToChannelsLight(NettyTransport.java:954)
	at org.elasticsearch.transport.netty.NettyTransport.connectToNode(NettyTransport.java:918)
	at org.elasticsearch.transport.netty.NettyTransport.connectToNodeLight(NettyTransport.java:890)
	at org.elasticsearch.test.transport.MockTransportService$LookupTestTransport.connectToNodeLight(MockTransportService.java:413)
	at org.elasticsearch.transport.TransportService.connectToNodeLight(TransportService.java:242)
	at org.elasticsearch.discovery.zen.ping.unicast.UnicastZenPing$3.run(UnicastZenPing.java:395)
	at java.util.concurrent.ThreadPoolExecutor.runWorker(ThreadPoolExecutor.java:1142)
	at java.util.concurrent.ThreadPoolExecutor$Worker.run(ThreadPoolExecutor.java:617)
	at java.lang.Thread.run(Thread.java:745)
Caused by: java.net.ConnectException: Connection refused: /127.0.0.1:9422
	at sun.nio.ch.SocketChannelImpl.checkConnect(Native Method)
	at sun.nio.ch.SocketChannelImpl.finishConnect(SocketChannelImpl.java:712)
	at org.jboss.netty.channel.socket.nio.NioClientBoss.connect(NioClientBoss.java:152)
	at org.jboss.netty.channel.socket.nio.NioClientBoss.processSelectedKeys(NioClientBoss.java:105)
	at org.jboss.netty.channel.socket.nio.NioClientBoss.process(NioClientBoss.java:79)
	at org.jboss.netty.channel.socket.nio.AbstractNioSelector.run(AbstractNioSelector.java:337)
	at org.jboss.netty.channel.socket.nio.NioClientBoss.run(NioClientBoss.java:42)
	at org.jboss.netty.util.ThreadRenamingRunnable.run(ThreadRenamingRunnable.java:108)
	at org.jboss.netty.util.internal.DeadLockProofWorker$1.run(DeadLockProofWorker.java:42)
	... 3 more
[2016-03-29 17:29:43,050][TRACE][org.elasticsearch.discovery.zen.ping.unicast] [node_t0] [3] failed to connect to {#zen_unicast_10#}{::1}{[::1]:9424}
ConnectTransportException[[][[::1]:9424] connect_timeout[30s]]; nested: ConnectException[Connection refused: /0:0:0:0:0:0:0:1:9424];
	at org.elasticsearch.transport.netty.NettyTransport.connectToChannelsLight(NettyTransport.java:954)
	at org.elasticsearch.transport.netty.NettyTransport.connectToNode(NettyTransport.java:918)
	at org.elasticsearch.transport.netty.NettyTransport.connectToNodeLight(NettyTransport.java:890)
	at org.elasticsearch.test.transport.MockTransportService$LookupTestTransport.connectToNodeLight(MockTransportService.java:413)
	at org.elasticsearch.transport.TransportService.connectToNodeLight(TransportService.java:242)
	at org.elasticsearch.discovery.zen.ping.unicast.UnicastZenPing$3.run(UnicastZenPing.java:395)
	at java.util.concurrent.ThreadPoolExecutor.runWorker(ThreadPoolExecutor.java:1142)
	at java.util.concurrent.ThreadPoolExecutor$Worker.run(ThreadPoolExecutor.java:617)
	at java.lang.Thread.run(Thread.java:745)
Caused by: java.net.ConnectException: Connection refused: /0:0:0:0:0:0:0:1:9424
	at sun.nio.ch.SocketChannelImpl.checkConnect(Native Method)
	at sun.nio.ch.SocketChannelImpl.finishConnect(SocketChannelImpl.java:712)
	at org.jboss.netty.channel.socket.nio.NioClientBoss.connect(NioClientBoss.java:152)
	at org.jboss.netty.channel.socket.nio.NioClientBoss.processSelectedKeys(NioClientBoss.java:105)
	at org.jboss.netty.channel.socket.nio.NioClientBoss.process(NioClientBoss.java:79)
	at org.jboss.netty.channel.socket.nio.AbstractNioSelector.run(AbstractNioSelector.java:337)
	at org.jboss.netty.channel.socket.nio.NioClientBoss.run(NioClientBoss.java:42)
	at org.jboss.netty.util.ThreadRenamingRunnable.run(ThreadRenamingRunnable.java:108)
	at org.jboss.netty.util.internal.DeadLockProofWorker$1.run(DeadLockProofWorker.java:42)
	... 3 more
[2016-03-29 17:29:43,050][TRACE][org.elasticsearch.discovery.zen.ping.unicast] [node_t0] [3] received response from {#zen_unicast_6#}{::1}{[::1]:9420}: [ping_response{node [{node_t0}{nMu_6boQR--7IGHETEaC6A}{127.0.0.1}{127.0.0.1:9420}[mode=>network]], id[592], master [null], hasJoinedOnce [false], cluster_name[TEST-CHILD_VM=[0]-CLUSTER_SEED=[-8106659381411338889]-HASH=[14406DC76783A180]-cluster]}, ping_response{node [{node_t0}{nMu_6boQR--7IGHETEaC6A}{127.0.0.1}{127.0.0.1:9420}[mode=>network]], id[592], master [null], hasJoinedOnce [false], cluster_name[TEST-CHILD_VM=[0]-CLUSTER_SEED=[-8106659381411338889]-HASH=[14406DC76783A180]-cluster]}, ping_response{node [{node_t0}{nMu_6boQR--7IGHETEaC6A}{127.0.0.1}{127.0.0.1:9420}[mode=>network]], id[592], master [null], hasJoinedOnce [false], cluster_name[TEST-CHILD_VM=[0]-CLUSTER_SEED=[-8106659381411338889]-HASH=[14406DC76783A180]-cluster]}, ping_response{node [{node_t0}{nMu_6boQR--7IGHETEaC6A}{127.0.0.1}{127.0.0.1:9420}[mode=>network]], id[596], master [null], hasJoinedOnce [false], cluster_name[TEST-CHILD_VM=[0]-CLUSTER_SEED=[-8106659381411338889]-HASH=[14406DC76783A180]-cluster]}, ping_response{node [{node_t0}{nMu_6boQR--7IGHETEaC6A}{127.0.0.1}{127.0.0.1:9420}[mode=>network]], id[596], master [null], hasJoinedOnce [false], cluster_name[TEST-CHILD_VM=[0]-CLUSTER_SEED=[-8106659381411338889]-HASH=[14406DC76783A180]-cluster]}, ping_response{node [{node_t0}{nMu_6boQR--7IGHETEaC6A}{127.0.0.1}{127.0.0.1:9420}[mode=>network]], id[596], master [null], hasJoinedOnce [false], cluster_name[TEST-CHILD_VM=[0]-CLUSTER_SEED=[-8106659381411338889]-HASH=[14406DC76783A180]-cluster]}, ping_response{node [{node_t0}{nMu_6boQR--7IGHETEaC6A}{127.0.0.1}{127.0.0.1:9420}[mode=>network]], id[600], master [null], hasJoinedOnce [false], cluster_name[TEST-CHILD_VM=[0]-CLUSTER_SEED=[-8106659381411338889]-HASH=[14406DC76783A180]-cluster]}, ping_response{node [{node_t0}{nMu_6boQR--7IGHETEaC6A}{127.0.0.1}{127.0.0.1:9420}[mode=>network]], id[600], master [null], hasJoinedOnce [false], cluster_name[TEST-CHILD_VM=[0]-CLUSTER_SEED=[-8106659381411338889]-HASH=[14406DC76783A180]-cluster]}, ping_response{node [{node_t0}{nMu_6boQR--7IGHETEaC6A}{127.0.0.1}{127.0.0.1:9420}[mode=>network]], id[600], master [null], hasJoinedOnce [false], cluster_name[TEST-CHILD_VM=[0]-CLUSTER_SEED=[-8106659381411338889]-HASH=[14406DC76783A180]-cluster]}, ping_response{node [{node_t0}{nMu_6boQR--7IGHETEaC6A}{127.0.0.1}{127.0.0.1:9420}[mode=>network]], id[604], master [null], hasJoinedOnce [false], cluster_name[TEST-CHILD_VM=[0]-CLUSTER_SEED=[-8106659381411338889]-HASH=[14406DC76783A180]-cluster]}, ping_response{node [{node_t0}{nMu_6boQR--7IGHETEaC6A}{127.0.0.1}{127.0.0.1:9420}[mode=>network]], id[604], master [null], hasJoinedOnce [false], cluster_name[TEST-CHILD_VM=[0]-CLUSTER_SEED=[-8106659381411338889]-HASH=[14406DC76783A180]-cluster]}, ping_response{node [{node_t0}{nMu_6boQR--7IGHETEaC6A}{127.0.0.1}{127.0.0.1:9420}[mode=>network]], id[604], master [null], hasJoinedOnce [false], cluster_name[TEST-CHILD_VM=[0]-CLUSTER_SEED=[-8106659381411338889]-HASH=[14406DC76783A180]-cluster]}, ping_response{node [{node_t0}{nMu_6boQR--7IGHETEaC6A}{127.0.0.1}{127.0.0.1:9420}[mode=>network]], id[608], master [null], hasJoinedOnce [false], cluster_name[TEST-CHILD_VM=[0]-CLUSTER_SEED=[-8106659381411338889]-HASH=[14406DC76783A180]-cluster]}, ping_response{node [{node_t0}{nMu_6boQR--7IGHETEaC6A}{127.0.0.1}{127.0.0.1:9420}[mode=>network]], id[608], master [null], hasJoinedOnce [false], cluster_name[TEST-CHILD_VM=[0]-CLUSTER_SEED=[-8106659381411338889]-HASH=[14406DC76783A180]-cluster]}, ping_response{node [{node_t0}{nMu_6boQR--7IGHETEaC6A}{127.0.0.1}{127.0.0.1:9420}[mode=>network]], id[608], master [null], hasJoinedOnce [false], cluster_name[TEST-CHILD_VM=[0]-CLUSTER_SEED=[-8106659381411338889]-HASH=[14406DC76783A180]-cluster]}, ping_response{node [{node_t0}{nMu_6boQR--7IGHETEaC6A}{127.0.0.1}{127.0.0.1:9420}[mode=>network]], id[612], master [null], hasJoinedOnce [false], cluster_name[TEST-CHILD_VM=[0]-CLUSTER_SEED=[-8106659381411338889]-HASH=[14406DC76783A180]-cluster]}, ping_response{node [{node_t0}{nMu_6boQR--7IGHETEaC6A}{127.0.0.1}{127.0.0.1:9420}[mode=>network]], id[612], master [null], hasJoinedOnce [false], cluster_name[TEST-CHILD_VM=[0]-CLUSTER_SEED=[-8106659381411338889]-HASH=[14406DC76783A180]-cluster]}, ping_response{node [{node_t0}{nMu_6boQR--7IGHETEaC6A}{127.0.0.1}{127.0.0.1:9420}[mode=>network]], id[614], master [null], hasJoinedOnce [false], cluster_name[TEST-CHILD_VM=[0]-CLUSTER_SEED=[-8106659381411338889]-HASH=[14406DC76783A180]-cluster]}]
[2016-03-29 17:29:43,050][TRACE][org.elasticsearch.discovery.zen.ping.unicast] [node_t0] [3] failed to connect to {#zen_unicast_5#}{127.0.0.1}{127.0.0.1:9424}
ConnectTransportException[[][127.0.0.1:9424] connect_timeout[30s]]; nested: ConnectException[Connection refused: /127.0.0.1:9424];
	at org.elasticsearch.transport.netty.NettyTransport.connectToChannelsLight(NettyTransport.java:954)
	at org.elasticsearch.transport.netty.NettyTransport.connectToNode(NettyTransport.java:918)
	at org.elasticsearch.transport.netty.NettyTransport.connectToNodeLight(NettyTransport.java:890)
	at org.elasticsearch.test.transport.MockTransportService$LookupTestTransport.connectToNodeLight(MockTransportService.java:413)
	at org.elasticsearch.transport.TransportService.connectToNodeLight(TransportService.java:242)
	at org.elasticsearch.discovery.zen.ping.unicast.UnicastZenPing$3.run(UnicastZenPing.java:395)
	at java.util.concurrent.ThreadPoolExecutor.runWorker(ThreadPoolExecutor.java:1142)
	at java.util.concurrent.ThreadPoolExecutor$Worker.run(ThreadPoolExecutor.java:617)
	at java.lang.Thread.run(Thread.java:745)
Caused by: java.net.ConnectException: Connection refused: /127.0.0.1:9424
	at sun.nio.ch.SocketChannelImpl.checkConnect(Native Method)
	at sun.nio.ch.SocketChannelImpl.finishConnect(SocketChannelImpl.java:712)
	at org.jboss.netty.channel.socket.nio.NioClientBoss.connect(NioClientBoss.java:152)
	at org.jboss.netty.channel.socket.nio.NioClientBoss.processSelectedKeys(NioClientBoss.java:105)
	at org.jboss.netty.channel.socket.nio.NioClientBoss.process(NioClientBoss.java:79)
	at org.jboss.netty.channel.socket.nio.AbstractNioSelector.run(AbstractNioSelector.java:337)
	at org.jboss.netty.channel.socket.nio.NioClientBoss.run(NioClientBoss.java:42)
	at org.jboss.netty.util.ThreadRenamingRunnable.run(ThreadRenamingRunnable.java:108)
	at org.jboss.netty.util.internal.DeadLockProofWorker$1.run(DeadLockProofWorker.java:42)
	... 3 more
[2016-03-29 17:29:43,050][TRACE][org.elasticsearch.discovery.zen.ping.unicast] [node_t0] [3] failed to connect to {#zen_unicast_2#}{127.0.0.1}{127.0.0.1:9421}
ConnectTransportException[[][127.0.0.1:9421] connect_timeout[30s]]; nested: ConnectException[Connection refused: /127.0.0.1:9421];
	at org.elasticsearch.transport.netty.NettyTransport.connectToChannelsLight(NettyTransport.java:954)
	at org.elasticsearch.transport.netty.NettyTransport.connectToNode(NettyTransport.java:918)
	at org.elasticsearch.transport.netty.NettyTransport.connectToNodeLight(NettyTransport.java:890)
	at org.elasticsearch.test.transport.MockTransportService$LookupTestTransport.connectToNodeLight(MockTransportService.java:413)
	at org.elasticsearch.transport.TransportService.connectToNodeLight(TransportService.java:242)
	at org.elasticsearch.discovery.zen.ping.unicast.UnicastZenPing$3.run(UnicastZenPing.java:395)
	at java.util.concurrent.ThreadPoolExecutor.runWorker(ThreadPoolExecutor.java:1142)
	at java.util.concurrent.ThreadPoolExecutor$Worker.run(ThreadPoolExecutor.java:617)
	at java.lang.Thread.run(Thread.java:745)
Caused by: java.net.ConnectException: Connection refused: /127.0.0.1:9421
	at sun.nio.ch.SocketChannelImpl.checkConnect(Native Method)
	at sun.nio.ch.SocketChannelImpl.finishConnect(SocketChannelImpl.java:712)
	at org.jboss.netty.channel.socket.nio.NioClientBoss.connect(NioClientBoss.java:152)
	at org.jboss.netty.channel.socket.nio.NioClientBoss.processSelectedKeys(NioClientBoss.java:105)
	at org.jboss.netty.channel.socket.nio.NioClientBoss.process(NioClientBoss.java:79)
	at org.jboss.netty.channel.socket.nio.AbstractNioSelector.run(AbstractNioSelector.java:337)
	at org.jboss.netty.channel.socket.nio.NioClientBoss.run(NioClientBoss.java:42)
	at org.jboss.netty.util.ThreadRenamingRunnable.run(ThreadRenamingRunnable.java:108)
	at org.jboss.netty.util.internal.DeadLockProofWorker$1.run(DeadLockProofWorker.java:42)
	... 3 more
[2016-03-29 17:29:43,051][TRACE][org.elasticsearch.discovery.zen.ping.unicast] [node_t0] [3] failed to connect to {#zen_unicast_8#}{::1}{[::1]:9422}
ConnectTransportException[[][[::1]:9422] connect_timeout[30s]]; nested: ConnectException[Connection refused: /0:0:0:0:0:0:0:1:9422];
	at org.elasticsearch.transport.netty.NettyTransport.connectToChannelsLight(NettyTransport.java:954)
	at org.elasticsearch.transport.netty.NettyTransport.connectToNode(NettyTransport.java:918)
	at org.elasticsearch.transport.netty.NettyTransport.connectToNodeLight(NettyTransport.java:890)
	at org.elasticsearch.test.transport.MockTransportService$LookupTestTransport.connectToNodeLight(MockTransportService.java:413)
	at org.elasticsearch.transport.TransportService.connectToNodeLight(TransportService.java:242)
	at org.elasticsearch.discovery.zen.ping.unicast.UnicastZenPing$3.run(UnicastZenPing.java:395)
	at java.util.concurrent.ThreadPoolExecutor.runWorker(ThreadPoolExecutor.java:1142)
	at java.util.concurrent.ThreadPoolExecutor$Worker.run(ThreadPoolExecutor.java:617)
	at java.lang.Thread.run(Thread.java:745)
Caused by: java.net.ConnectException: Connection refused: /0:0:0:0:0:0:0:1:9422
	at sun.nio.ch.SocketChannelImpl.checkConnect(Native Method)
	at sun.nio.ch.SocketChannelImpl.finishConnect(SocketChannelImpl.java:712)
	at org.jboss.netty.channel.socket.nio.NioClientBoss.connect(NioClientBoss.java:152)
	at org.jboss.netty.channel.socket.nio.NioClientBoss.processSelectedKeys(NioClientBoss.java:105)
	at org.jboss.netty.channel.socket.nio.NioClientBoss.process(NioClientBoss.java:79)
	at org.jboss.netty.channel.socket.nio.AbstractNioSelector.run(AbstractNioSelector.java:337)
	at org.jboss.netty.channel.socket.nio.NioClientBoss.run(NioClientBoss.java:42)
	at org.jboss.netty.util.ThreadRenamingRunnable.run(ThreadRenamingRunnable.java:108)
	at org.jboss.netty.util.internal.DeadLockProofWorker$1.run(DeadLockProofWorker.java:42)
	... 3 more
[2016-03-29 17:29:43,050][TRACE][org.elasticsearch.discovery.zen.ping.unicast] [node_t0] [3] failed to connect to {#zen_unicast_9#}{::1}{[::1]:9423}
ConnectTransportException[[][[::1]:9423] connect_timeout[30s]]; nested: ConnectException[Connection refused: /0:0:0:0:0:0:0:1:9423];
	at org.elasticsearch.transport.netty.NettyTransport.connectToChannelsLight(NettyTransport.java:954)
	at org.elasticsearch.transport.netty.NettyTransport.connectToNode(NettyTransport.java:918)
	at org.elasticsearch.transport.netty.NettyTransport.connectToNodeLight(NettyTransport.java:890)
	at org.elasticsearch.test.transport.MockTransportService$LookupTestTransport.connectToNodeLight(MockTransportService.java:413)
	at org.elasticsearch.transport.TransportService.connectToNodeLight(TransportService.java:242)
	at org.elasticsearch.discovery.zen.ping.unicast.UnicastZenPing$3.run(UnicastZenPing.java:395)
	at java.util.concurrent.ThreadPoolExecutor.runWorker(ThreadPoolExecutor.java:1142)
	at java.util.concurrent.ThreadPoolExecutor$Worker.run(ThreadPoolExecutor.java:617)
	at java.lang.Thread.run(Thread.java:745)
Caused by: java.net.ConnectException: Connection refused: /0:0:0:0:0:0:0:1:9423
	at sun.nio.ch.SocketChannelImpl.checkConnect(Native Method)
	at sun.nio.ch.SocketChannelImpl.finishConnect(SocketChannelImpl.java:712)
	at org.jboss.netty.channel.socket.nio.NioClientBoss.connect(NioClientBoss.java:152)
	at org.jboss.netty.channel.socket.nio.NioClientBoss.processSelectedKeys(NioClientBoss.java:105)
	at org.jboss.netty.channel.socket.nio.NioClientBoss.process(NioClientBoss.java:79)
	at org.jboss.netty.channel.socket.nio.AbstractNioSelector.run(AbstractNioSelector.java:337)
	at org.jboss.netty.channel.socket.nio.NioClientBoss.run(NioClientBoss.java:42)
	at org.jboss.netty.util.ThreadRenamingRunnable.run(ThreadRenamingRunnable.java:108)
	at org.jboss.netty.util.internal.DeadLockProofWorker$1.run(DeadLockProofWorker.java:42)
	... 3 more
[2016-03-29 17:29:43,050][TRACE][org.elasticsearch.discovery.zen.ping.unicast] [node_t0] [3] failed to connect to {#zen_unicast_7#}{::1}{[::1]:9421}
ConnectTransportException[[][[::1]:9421] connect_timeout[30s]]; nested: ConnectException[Connection refused: /0:0:0:0:0:0:0:1:9421];
	at org.elasticsearch.transport.netty.NettyTransport.connectToChannelsLight(NettyTransport.java:954)
	at org.elasticsearch.transport.netty.NettyTransport.connectToNode(NettyTransport.java:918)
	at org.elasticsearch.transport.netty.NettyTransport.connectToNodeLight(NettyTransport.java:890)
	at org.elasticsearch.test.transport.MockTransportService$LookupTestTransport.connectToNodeLight(MockTransportService.java:413)
	at org.elasticsearch.transport.TransportService.connectToNodeLight(TransportService.java:242)
	at org.elasticsearch.discovery.zen.ping.unicast.UnicastZenPing$3.run(UnicastZenPing.java:395)
	at java.util.concurrent.ThreadPoolExecutor.runWorker(ThreadPoolExecutor.java:1142)
	at java.util.concurrent.ThreadPoolExecutor$Worker.run(ThreadPoolExecutor.java:617)
	at java.lang.Thread.run(Thread.java:745)
Caused by: java.net.ConnectException: Connection refused: /0:0:0:0:0:0:0:1:9421
	at sun.nio.ch.SocketChannelImpl.checkConnect(Native Method)
	at sun.nio.ch.SocketChannelImpl.finishConnect(SocketChannelImpl.java:712)
	at org.jboss.netty.channel.socket.nio.NioClientBoss.connect(NioClientBoss.java:152)
	at org.jboss.netty.channel.socket.nio.NioClientBoss.processSelectedKeys(NioClientBoss.java:105)
	at org.jboss.netty.channel.socket.nio.NioClientBoss.process(NioClientBoss.java:79)
	at org.jboss.netty.channel.socket.nio.AbstractNioSelector.run(AbstractNioSelector.java:337)
	at org.jboss.netty.channel.socket.nio.NioClientBoss.run(NioClientBoss.java:42)
	at org.jboss.netty.util.ThreadRenamingRunnable.run(ThreadRenamingRunnable.java:108)
	at org.jboss.netty.util.internal.DeadLockProofWorker$1.run(DeadLockProofWorker.java:42)
	... 3 more
[2016-03-29 17:29:43,050][TRACE][org.elasticsearch.discovery.zen.ping.unicast] [node_t0] [3] failed to connect to {#zen_unicast_4#}{127.0.0.1}{127.0.0.1:9423}
ConnectTransportException[[][127.0.0.1:9423] connect_timeout[30s]]; nested: ConnectException[Connection refused: /127.0.0.1:9423];
	at org.elasticsearch.transport.netty.NettyTransport.connectToChannelsLight(NettyTransport.java:954)
	at org.elasticsearch.transport.netty.NettyTransport.connectToNode(NettyTransport.java:918)
	at org.elasticsearch.transport.netty.NettyTransport.connectToNodeLight(NettyTransport.java:890)
	at org.elasticsearch.test.transport.MockTransportService$LookupTestTransport.connectToNodeLight(MockTransportService.java:413)
	at org.elasticsearch.transport.TransportService.connectToNodeLight(TransportService.java:242)
	at org.elasticsearch.discovery.zen.ping.unicast.UnicastZenPing$3.run(UnicastZenPing.java:395)
	at java.util.concurrent.ThreadPoolExecutor.runWorker(ThreadPoolExecutor.java:1142)
	at java.util.concurrent.ThreadPoolExecutor$Worker.run(ThreadPoolExecutor.java:617)
	at java.lang.Thread.run(Thread.java:745)
Caused by: java.net.ConnectException: Connection refused: /127.0.0.1:9423
	at sun.nio.ch.SocketChannelImpl.checkConnect(Native Method)
	at sun.nio.ch.SocketChannelImpl.finishConnect(SocketChannelImpl.java:712)
	at org.jboss.netty.channel.socket.nio.NioClientBoss.connect(NioClientBoss.java:152)
	at org.jboss.netty.channel.socket.nio.NioClientBoss.processSelectedKeys(NioClientBoss.java:105)
	at org.jboss.netty.channel.socket.nio.NioClientBoss.process(NioClientBoss.java:79)
	at org.jboss.netty.channel.socket.nio.AbstractNioSelector.run(AbstractNioSelector.java:337)
	at org.jboss.netty.channel.socket.nio.NioClientBoss.run(NioClientBoss.java:42)
	at org.jboss.netty.util.ThreadRenamingRunnable.run(ThreadRenamingRunnable.java:108)
	at org.jboss.netty.util.internal.DeadLockProofWorker$1.run(DeadLockProofWorker.java:42)
	... 3 more
[2016-03-29 17:29:43,066][DEBUG][org.elasticsearch.discovery.zen.elect] [node_t1] using minimum_master_nodes [2]
[2016-03-29 17:29:43,066][DEBUG][org.elasticsearch.discovery.zen.ping.unicast] [node_t1] using initial hosts [127.0.0.1, [::1]], with concurrent_connects [10]
[2016-03-29 17:29:43,067][DEBUG][org.elasticsearch.discovery.zen] [node_t1] using ping_timeout [200ms], join.timeout [4s], master_election.filter_client [true], master_election.filter_data [false]
[2016-03-29 17:29:43,067][DEBUG][org.elasticsearch.discovery.zen.fd] [node_t1] [master] uses ping_interval [1s], ping_timeout [30s], ping_retries [3]
[2016-03-29 17:29:43,067][DEBUG][org.elasticsearch.discovery.zen.fd] [node_t1] [node  ] uses ping_interval [1s], ping_timeout [30s], ping_retries [3]
[2016-03-29 17:29:43,068][DEBUG][org.elasticsearch.gateway] [node_t1] using initial_shards [quorum]
[2016-03-29 17:29:43,077][DEBUG][org.elasticsearch.gateway] [node_t1] took 0s to load state
[2016-03-29 17:29:43,083][TRACE][org.elasticsearch.cluster.service] [node_t1] will process [initial_join]
[2016-03-29 17:29:43,084][DEBUG][org.elasticsearch.cluster.service] [node_t1] processing [initial_join]: execute
[2016-03-29 17:29:43,084][DEBUG][org.elasticsearch.cluster.service] [node_t1] processing [initial_join]: took 0s no change in cluster_state
[2016-03-29 17:29:43,084][TRACE][org.elasticsearch.discovery.zen] [node_t1] starting to accumulate joins
[2016-03-29 17:29:43,084][TRACE][org.elasticsearch.discovery.zen] [node_t1] starting to ping
[2016-03-29 17:29:43,084][TRACE][org.elasticsearch.discovery.zen.ping.unicast] [node_t1] [1] sending to {node_t1}{JMRMCPFeQ-OI3jC4mS0RAA}{127.0.0.1}{127.0.0.1:9421}[mode=>network]
[2016-03-29 17:29:43,084][TRACE][org.elasticsearch.discovery.zen.ping.unicast] [node_t1] [1] received response from {node_t1}{JMRMCPFeQ-OI3jC4mS0RAA}{127.0.0.1}{127.0.0.1:9421}[mode=>network]: [ping_response{node [{node_t1}{JMRMCPFeQ-OI3jC4mS0RAA}{127.0.0.1}{127.0.0.1:9421}[mode=>network]], id[616], master [null], hasJoinedOnce [false], cluster_name[TEST-CHILD_VM=[0]-CLUSTER_SEED=[-8106659381411338889]-HASH=[14406DC76783A180]-cluster]}, ping_response{node [{node_t1}{JMRMCPFeQ-OI3jC4mS0RAA}{127.0.0.1}{127.0.0.1:9421}[mode=>network]], id[617], master [null], hasJoinedOnce [false], cluster_name[TEST-CHILD_VM=[0]-CLUSTER_SEED=[-8106659381411338889]-HASH=[14406DC76783A180]-cluster]}]
[2016-03-29 17:29:43,084][TRACE][org.elasticsearch.discovery.zen.ping.unicast] [node_t1] [1] connecting (light) to {#zen_unicast_1#}{127.0.0.1}{127.0.0.1:9420}
[2016-03-29 17:29:43,084][TRACE][org.elasticsearch.discovery.zen.ping.unicast] [node_t1] [1] connecting (light) to {#zen_unicast_3#}{127.0.0.1}{127.0.0.1:9422}
[2016-03-29 17:29:43,085][TRACE][org.elasticsearch.discovery.zen.ping.unicast] [node_t1] [1] connecting (light) to {#zen_unicast_4#}{127.0.0.1}{127.0.0.1:9423}
[2016-03-29 17:29:43,085][TRACE][org.elasticsearch.discovery.zen.ping.unicast] [node_t1] [1] connecting (light) to {#zen_unicast_5#}{127.0.0.1}{127.0.0.1:9424}
[2016-03-29 17:29:43,085][TRACE][org.elasticsearch.discovery.zen.ping.unicast] [node_t1] [1] connecting (light) to {#zen_unicast_6#}{::1}{[::1]:9420}
[2016-03-29 17:29:43,085][TRACE][org.elasticsearch.discovery.zen.ping.unicast] [node_t1] [1] connecting (light) to {#zen_unicast_7#}{::1}{[::1]:9421}
[2016-03-29 17:29:43,085][TRACE][org.elasticsearch.discovery.zen.ping.unicast] [node_t1] [1] connecting (light) to {#zen_unicast_8#}{::1}{[::1]:9422}
[2016-03-29 17:29:43,085][TRACE][org.elasticsearch.discovery.zen.ping.unicast] [node_t1] [1] failed to connect to {#zen_unicast_5#}{127.0.0.1}{127.0.0.1:9424}
ConnectTransportException[[][127.0.0.1:9424] connect_timeout[30s]]; nested: ConnectException[Connection refused: /127.0.0.1:9424];
	at org.elasticsearch.transport.netty.NettyTransport.connectToChannelsLight(NettyTransport.java:954)
	at org.elasticsearch.transport.netty.NettyTransport.connectToNode(NettyTransport.java:918)
	at org.elasticsearch.transport.netty.NettyTransport.connectToNodeLight(NettyTransport.java:890)
	at org.elasticsearch.test.transport.MockTransportService$LookupTestTransport.connectToNodeLight(MockTransportService.java:413)
	at org.elasticsearch.transport.TransportService.connectToNodeLight(TransportService.java:242)
	at org.elasticsearch.discovery.zen.ping.unicast.UnicastZenPing$3.run(UnicastZenPing.java:395)
	at java.util.concurrent.ThreadPoolExecutor.runWorker(ThreadPoolExecutor.java:1142)
	at java.util.concurrent.ThreadPoolExecutor$Worker.run(ThreadPoolExecutor.java:617)
	at java.lang.Thread.run(Thread.java:745)
Caused by: java.net.ConnectException: Connection refused: /127.0.0.1:9424
	at sun.nio.ch.SocketChannelImpl.checkConnect(Native Method)
	at sun.nio.ch.SocketChannelImpl.finishConnect(SocketChannelImpl.java:712)
	at org.jboss.netty.channel.socket.nio.NioClientBoss.connect(NioClientBoss.java:152)
	at org.jboss.netty.channel.socket.nio.NioClientBoss.processSelectedKeys(NioClientBoss.java:105)
	at org.jboss.netty.channel.socket.nio.NioClientBoss.process(NioClientBoss.java:79)
	at org.jboss.netty.channel.socket.nio.AbstractNioSelector.run(AbstractNioSelector.java:337)
	at org.jboss.netty.channel.socket.nio.NioClientBoss.run(NioClientBoss.java:42)
	at org.jboss.netty.util.ThreadRenamingRunnable.run(ThreadRenamingRunnable.java:108)
	at org.jboss.netty.util.internal.DeadLockProofWorker$1.run(DeadLockProofWorker.java:42)
	... 3 more
[2016-03-29 17:29:43,086][TRACE][org.elasticsearch.discovery.zen.ping.unicast] [node_t1] [1] failed to connect to {#zen_unicast_3#}{127.0.0.1}{127.0.0.1:9422}
ConnectTransportException[[][127.0.0.1:9422] connect_timeout[30s]]; nested: ConnectException[Connection refused: /127.0.0.1:9422];
	at org.elasticsearch.transport.netty.NettyTransport.connectToChannelsLight(NettyTransport.java:954)
	at org.elasticsearch.transport.netty.NettyTransport.connectToNode(NettyTransport.java:918)
	at org.elasticsearch.transport.netty.NettyTransport.connectToNodeLight(NettyTransport.java:890)
	at org.elasticsearch.test.transport.MockTransportService$LookupTestTransport.connectToNodeLight(MockTransportService.java:413)
	at org.elasticsearch.transport.TransportService.connectToNodeLight(TransportService.java:242)
	at org.elasticsearch.discovery.zen.ping.unicast.UnicastZenPing$3.run(UnicastZenPing.java:395)
	at java.util.concurrent.ThreadPoolExecutor.runWorker(ThreadPoolExecutor.java:1142)
	at java.util.concurrent.ThreadPoolExecutor$Worker.run(ThreadPoolExecutor.java:617)
	at java.lang.Thread.run(Thread.java:745)
Caused by: java.net.ConnectException: Connection refused: /127.0.0.1:9422
	at sun.nio.ch.SocketChannelImpl.checkConnect(Native Method)
	at sun.nio.ch.SocketChannelImpl.finishConnect(SocketChannelImpl.java:712)
	at org.jboss.netty.channel.socket.nio.NioClientBoss.connect(NioClientBoss.java:152)
	at org.jboss.netty.channel.socket.nio.NioClientBoss.processSelectedKeys(NioClientBoss.java:105)
	at org.jboss.netty.channel.socket.nio.NioClientBoss.process(NioClientBoss.java:79)
	at org.jboss.netty.channel.socket.nio.AbstractNioSelector.run(AbstractNioSelector.java:337)
	at org.jboss.netty.channel.socket.nio.NioClientBoss.run(NioClientBoss.java:42)
	at org.jboss.netty.util.ThreadRenamingRunnable.run(ThreadRenamingRunnable.java:108)
	at org.jboss.netty.util.internal.DeadLockProofWorker$1.run(DeadLockProofWorker.java:42)
	... 3 more
[2016-03-29 17:29:43,086][TRACE][org.elasticsearch.discovery.zen.ping.unicast] [node_t1] [1] connected to {#zen_unicast_7#}{::1}{[::1]:9421}
[2016-03-29 17:29:43,085][TRACE][org.elasticsearch.discovery.zen.ping.unicast] [node_t1] [1] connecting (light) to {#zen_unicast_10#}{::1}{[::1]:9424}
[2016-03-29 17:29:43,086][TRACE][org.elasticsearch.discovery.zen.ping.unicast] [node_t1] [1] sending to {#zen_unicast_7#}{::1}{[::1]:9421}
[2016-03-29 17:29:43,085][TRACE][org.elasticsearch.discovery.zen.ping.unicast] [node_t1] [1] sending to {node_t1}{JMRMCPFeQ-OI3jC4mS0RAA}{127.0.0.1}{127.0.0.1:9421}[mode=>network]
[2016-03-29 17:29:43,085][TRACE][org.elasticsearch.discovery.zen.ping.unicast] [node_t1] [1] connecting (light) to {#zen_unicast_9#}{::1}{[::1]:9423}
[2016-03-29 17:29:43,086][TRACE][org.elasticsearch.discovery.zen.ping.unicast] [node_t1] [1] received response from {node_t1}{JMRMCPFeQ-OI3jC4mS0RAA}{127.0.0.1}{127.0.0.1:9421}[mode=>network]: [ping_response{node [{node_t1}{JMRMCPFeQ-OI3jC4mS0RAA}{127.0.0.1}{127.0.0.1:9421}[mode=>network]], id[616], master [null], hasJoinedOnce [false], cluster_name[TEST-CHILD_VM=[0]-CLUSTER_SEED=[-8106659381411338889]-HASH=[14406DC76783A180]-cluster]}, ping_response{node [{node_t1}{JMRMCPFeQ-OI3jC4mS0RAA}{127.0.0.1}{127.0.0.1:9421}[mode=>network]], id[616], master [null], hasJoinedOnce [false], cluster_name[TEST-CHILD_VM=[0]-CLUSTER_SEED=[-8106659381411338889]-HASH=[14406DC76783A180]-cluster]}, ping_response{node [{node_t1}{JMRMCPFeQ-OI3jC4mS0RAA}{127.0.0.1}{127.0.0.1:9421}[mode=>network]], id[618], master [null], hasJoinedOnce [false], cluster_name[TEST-CHILD_VM=[0]-CLUSTER_SEED=[-8106659381411338889]-HASH=[14406DC76783A180]-cluster]}]
[2016-03-29 17:29:43,086][TRACE][org.elasticsearch.discovery.zen.ping.unicast] [node_t1] [1] connected to {#zen_unicast_6#}{::1}{[::1]:9420}
[2016-03-29 17:29:43,086][TRACE][org.elasticsearch.discovery.zen.ping.unicast] [node_t1] [1] failed to connect to {#zen_unicast_8#}{::1}{[::1]:9422}
ConnectTransportException[[][[::1]:9422] connect_timeout[30s]]; nested: ConnectException[Connection refused: /0:0:0:0:0:0:0:1:9422];
	at org.elasticsearch.transport.netty.NettyTransport.connectToChannelsLight(NettyTransport.java:954)
	at org.elasticsearch.transport.netty.NettyTransport.connectToNode(NettyTransport.java:918)
	at org.elasticsearch.transport.netty.NettyTransport.connectToNodeLight(NettyTransport.java:890)
	at org.elasticsearch.test.transport.MockTransportService$LookupTestTransport.connectToNodeLight(MockTransportService.java:413)
	at org.elasticsearch.transport.TransportService.connectToNodeLight(TransportService.java:242)
	at org.elasticsearch.discovery.zen.ping.unicast.UnicastZenPing$3.run(UnicastZenPing.java:395)
	at java.util.concurrent.ThreadPoolExecutor.runWorker(ThreadPoolExecutor.java:1142)
	at java.util.concurrent.ThreadPoolExecutor$Worker.run(ThreadPoolExecutor.java:617)
	at java.lang.Thread.run(Thread.java:745)
Caused by: java.net.ConnectException: Connection refused: /0:0:0:0:0:0:0:1:9422
	at sun.nio.ch.SocketChannelImpl.checkConnect(Native Method)
	at sun.nio.ch.SocketChannelImpl.finishConnect(SocketChannelImpl.java:712)
	at org.jboss.netty.channel.socket.nio.NioClientBoss.connect(NioClientBoss.java:152)
	at org.jboss.netty.channel.socket.nio.NioClientBoss.processSelectedKeys(NioClientBoss.java:105)
	at org.jboss.netty.channel.socket.nio.NioClientBoss.process(NioClientBoss.java:79)
	at org.jboss.netty.channel.socket.nio.AbstractNioSelector.run(AbstractNioSelector.java:337)
	at org.jboss.netty.channel.socket.nio.NioClientBoss.run(NioClientBoss.java:42)
	at org.jboss.netty.util.ThreadRenamingRunnable.run(ThreadRenamingRunnable.java:108)
	at org.jboss.netty.util.internal.DeadLockProofWorker$1.run(DeadLockProofWorker.java:42)
	... 3 more
[2016-03-29 17:29:43,086][TRACE][org.elasticsearch.discovery.zen.ping.unicast] [node_t1] [1] connected to {#zen_unicast_1#}{127.0.0.1}{127.0.0.1:9420}
[2016-03-29 17:29:43,086][TRACE][org.elasticsearch.discovery.zen.ping.unicast] [node_t1] [1] failed to connect to {#zen_unicast_4#}{127.0.0.1}{127.0.0.1:9423}
ConnectTransportException[[][127.0.0.1:9423] connect_timeout[30s]]; nested: ConnectException[Connection refused: /127.0.0.1:9423];
	at org.elasticsearch.transport.netty.NettyTransport.connectToChannelsLight(NettyTransport.java:954)
	at org.elasticsearch.transport.netty.NettyTransport.connectToNode(NettyTransport.java:918)
	at org.elasticsearch.transport.netty.NettyTransport.connectToNodeLight(NettyTransport.java:890)
	at org.elasticsearch.test.transport.MockTransportService$LookupTestTransport.connectToNodeLight(MockTransportService.java:413)
	at org.elasticsearch.transport.TransportService.connectToNodeLight(TransportService.java:242)
	at org.elasticsearch.discovery.zen.ping.unicast.UnicastZenPing$3.run(UnicastZenPing.java:395)
	at java.util.concurrent.ThreadPoolExecutor.runWorker(ThreadPoolExecutor.java:1142)
	at java.util.concurrent.ThreadPoolExecutor$Worker.run(ThreadPoolExecutor.java:617)
	at java.lang.Thread.run(Thread.java:745)
Caused by: java.net.ConnectException: Connection refused: /127.0.0.1:9423
	at sun.nio.ch.SocketChannelImpl.checkConnect(Native Method)
	at sun.nio.ch.SocketChannelImpl.finishConnect(SocketChannelImpl.java:712)
	at org.jboss.netty.channel.socket.nio.NioClientBoss.connect(NioClientBoss.java:152)
	at org.jboss.netty.channel.socket.nio.NioClientBoss.processSelectedKeys(NioClientBoss.java:105)
	at org.jboss.netty.channel.socket.nio.NioClientBoss.process(NioClientBoss.java:79)
	at org.jboss.netty.channel.socket.nio.AbstractNioSelector.run(AbstractNioSelector.java:337)
	at org.jboss.netty.channel.socket.nio.NioClientBoss.run(NioClientBoss.java:42)
	at org.jboss.netty.util.ThreadRenamingRunnable.run(ThreadRenamingRunnable.java:108)
	at org.jboss.netty.util.internal.DeadLockProofWorker$1.run(DeadLockProofWorker.java:42)
	... 3 more
[2016-03-29 17:29:43,087][TRACE][org.elasticsearch.discovery.zen.ping.unicast] [node_t1] [1] received response from {#zen_unicast_7#}{::1}{[::1]:9421}: [ping_response{node [{node_t1}{JMRMCPFeQ-OI3jC4mS0RAA}{127.0.0.1}{127.0.0.1:9421}[mode=>network]], id[616], master [null], hasJoinedOnce [false], cluster_name[TEST-CHILD_VM=[0]-CLUSTER_SEED=[-8106659381411338889]-HASH=[14406DC76783A180]-cluster]}, ping_response{node [{node_t1}{JMRMCPFeQ-OI3jC4mS0RAA}{127.0.0.1}{127.0.0.1:9421}[mode=>network]], id[616], master [null], hasJoinedOnce [false], cluster_name[TEST-CHILD_VM=[0]-CLUSTER_SEED=[-8106659381411338889]-HASH=[14406DC76783A180]-cluster]}, ping_response{node [{node_t1}{JMRMCPFeQ-OI3jC4mS0RAA}{127.0.0.1}{127.0.0.1:9421}[mode=>network]], id[616], master [null], hasJoinedOnce [false], cluster_name[TEST-CHILD_VM=[0]-CLUSTER_SEED=[-8106659381411338889]-HASH=[14406DC76783A180]-cluster]}, ping_response{node [{node_t1}{JMRMCPFeQ-OI3jC4mS0RAA}{127.0.0.1}{127.0.0.1:9421}[mode=>network]], id[619], master [null], hasJoinedOnce [false], cluster_name[TEST-CHILD_VM=[0]-CLUSTER_SEED=[-8106659381411338889]-HASH=[14406DC76783A180]-cluster]}]
[2016-03-29 17:29:43,087][TRACE][org.elasticsearch.discovery.zen.ping.unicast] [node_t1] [1] sending to {#zen_unicast_1#}{127.0.0.1}{127.0.0.1:9420}
[2016-03-29 17:29:43,087][TRACE][org.elasticsearch.discovery.zen.ping.unicast] [node_t1] [1] failed to connect to {#zen_unicast_9#}{::1}{[::1]:9423}
ConnectTransportException[[][[::1]:9423] connect_timeout[30s]]; nested: ConnectException[Connection refused: /0:0:0:0:0:0:0:1:9423];
	at org.elasticsearch.transport.netty.NettyTransport.connectToChannelsLight(NettyTransport.java:954)
	at org.elasticsearch.transport.netty.NettyTransport.connectToNode(NettyTransport.java:918)
	at org.elasticsearch.transport.netty.NettyTransport.connectToNodeLight(NettyTransport.java:890)
	at org.elasticsearch.test.transport.MockTransportService$LookupTestTransport.connectToNodeLight(MockTransportService.java:413)
	at org.elasticsearch.transport.TransportService.connectToNodeLight(TransportService.java:242)
	at org.elasticsearch.discovery.zen.ping.unicast.UnicastZenPing$3.run(UnicastZenPing.java:395)
	at java.util.concurrent.ThreadPoolExecutor.runWorker(ThreadPoolExecutor.java:1142)
	at java.util.concurrent.ThreadPoolExecutor$Worker.run(ThreadPoolExecutor.java:617)
	at java.lang.Thread.run(Thread.java:745)
Caused by: java.net.ConnectException: Connection refused: /0:0:0:0:0:0:0:1:9423
	at sun.nio.ch.SocketChannelImpl.checkConnect(Native Method)
	at sun.nio.ch.SocketChannelImpl.finishConnect(SocketChannelImpl.java:712)
	at org.jboss.netty.channel.socket.nio.NioClientBoss.connect(NioClientBoss.java:152)
	at org.jboss.netty.channel.socket.nio.NioClientBoss.processSelectedKeys(NioClientBoss.java:105)
	at org.jboss.netty.channel.socket.nio.NioClientBoss.process(NioClientBoss.java:79)
	at org.jboss.netty.channel.socket.nio.AbstractNioSelector.run(AbstractNioSelector.java:337)
	at org.jboss.netty.channel.socket.nio.NioClientBoss.run(NioClientBoss.java:42)
	at org.jboss.netty.util.ThreadRenamingRunnable.run(ThreadRenamingRunnable.java:108)
	at org.jboss.netty.util.internal.DeadLockProofWorker$1.run(DeadLockProofWorker.java:42)
	... 3 more
[2016-03-29 17:29:43,087][TRACE][org.elasticsearch.discovery.zen.ping.unicast] [node_t1] [1] failed to connect to {#zen_unicast_10#}{::1}{[::1]:9424}
ConnectTransportException[[][[::1]:9424] connect_timeout[30s]]; nested: ConnectException[Connection refused: /0:0:0:0:0:0:0:1:9424];
	at org.elasticsearch.transport.netty.NettyTransport.connectToChannelsLight(NettyTransport.java:954)
	at org.elasticsearch.transport.netty.NettyTransport.connectToNode(NettyTransport.java:918)
	at org.elasticsearch.transport.netty.NettyTransport.connectToNodeLight(NettyTransport.java:890)
	at org.elasticsearch.test.transport.MockTransportService$LookupTestTransport.connectToNodeLight(MockTransportService.java:413)
	at org.elasticsearch.transport.TransportService.connectToNodeLight(TransportService.java:242)
	at org.elasticsearch.discovery.zen.ping.unicast.UnicastZenPing$3.run(UnicastZenPing.java:395)
	at java.util.concurrent.ThreadPoolExecutor.runWorker(ThreadPoolExecutor.java:1142)
	at java.util.concurrent.ThreadPoolExecutor$Worker.run(ThreadPoolExecutor.java:617)
	at java.lang.Thread.run(Thread.java:745)
Caused by: java.net.ConnectException: Connection refused: /0:0:0:0:0:0:0:1:9424
	at sun.nio.ch.SocketChannelImpl.checkConnect(Native Method)
	at sun.nio.ch.SocketChannelImpl.finishConnect(SocketChannelImpl.java:712)
	at org.jboss.netty.channel.socket.nio.NioClientBoss.connect(NioClientBoss.java:152)
	at org.jboss.netty.channel.socket.nio.NioClientBoss.processSelectedKeys(NioClientBoss.java:105)
	at org.jboss.netty.channel.socket.nio.NioClientBoss.process(NioClientBoss.java:79)
	at org.jboss.netty.channel.socket.nio.AbstractNioSelector.run(AbstractNioSelector.java:337)
	at org.jboss.netty.channel.socket.nio.NioClientBoss.run(NioClientBoss.java:42)
	at org.jboss.netty.util.ThreadRenamingRunnable.run(ThreadRenamingRunnable.java:108)
	at org.jboss.netty.util.internal.DeadLockProofWorker$1.run(DeadLockProofWorker.java:42)
	... 3 more
[2016-03-29 17:29:43,088][TRACE][org.elasticsearch.discovery.zen.ping.unicast] [node_t1] [1] received response from {#zen_unicast_1#}{127.0.0.1}{127.0.0.1:9420}: [ping_response{node [{node_t0}{nMu_6boQR--7IGHETEaC6A}{127.0.0.1}{127.0.0.1:9420}[mode=>network]], id[592], master [null], hasJoinedOnce [false], cluster_name[TEST-CHILD_VM=[0]-CLUSTER_SEED=[-8106659381411338889]-HASH=[14406DC76783A180]-cluster]}, ping_response{node [{node_t0}{nMu_6boQR--7IGHETEaC6A}{127.0.0.1}{127.0.0.1:9420}[mode=>network]], id[592], master [null], hasJoinedOnce [false], cluster_name[TEST-CHILD_VM=[0]-CLUSTER_SEED=[-8106659381411338889]-HASH=[14406DC76783A180]-cluster]}, ping_response{node [{node_t0}{nMu_6boQR--7IGHETEaC6A}{127.0.0.1}{127.0.0.1:9420}[mode=>network]], id[592], master [null], hasJoinedOnce [false], cluster_name[TEST-CHILD_VM=[0]-CLUSTER_SEED=[-8106659381411338889]-HASH=[14406DC76783A180]-cluster]}, ping_response{node [{node_t0}{nMu_6boQR--7IGHETEaC6A}{127.0.0.1}{127.0.0.1:9420}[mode=>network]], id[596], master [null], hasJoinedOnce [false], cluster_name[TEST-CHILD_VM=[0]-CLUSTER_SEED=[-8106659381411338889]-HASH=[14406DC76783A180]-cluster]}, ping_response{node [{node_t0}{nMu_6boQR--7IGHETEaC6A}{127.0.0.1}{127.0.0.1:9420}[mode=>network]], id[596], master [null], hasJoinedOnce [false], cluster_name[TEST-CHILD_VM=[0]-CLUSTER_SEED=[-8106659381411338889]-HASH=[14406DC76783A180]-cluster]}, ping_response{node [{node_t0}{nMu_6boQR--7IGHETEaC6A}{127.0.0.1}{127.0.0.1:9420}[mode=>network]], id[596], master [null], hasJoinedOnce [false], cluster_name[TEST-CHILD_VM=[0]-CLUSTER_SEED=[-8106659381411338889]-HASH=[14406DC76783A180]-cluster]}, ping_response{node [{node_t0}{nMu_6boQR--7IGHETEaC6A}{127.0.0.1}{127.0.0.1:9420}[mode=>network]], id[600], master [null], hasJoinedOnce [false], cluster_name[TEST-CHILD_VM=[0]-CLUSTER_SEED=[-8106659381411338889]-HASH=[14406DC76783A180]-cluster]}, ping_response{node [{node_t0}{nMu_6boQR--7IGHETEaC6A}{127.0.0.1}{127.0.0.1:9420}[mode=>network]], id[600], master [null], hasJoinedOnce [false], cluster_name[TEST-CHILD_VM=[0]-CLUSTER_SEED=[-8106659381411338889]-HASH=[14406DC76783A180]-cluster]}, ping_response{node [{node_t0}{nMu_6boQR--7IGHETEaC6A}{127.0.0.1}{127.0.0.1:9420}[mode=>network]], id[600], master [null], hasJoinedOnce [false], cluster_name[TEST-CHILD_VM=[0]-CLUSTER_SEED=[-8106659381411338889]-HASH=[14406DC76783A180]-cluster]}, ping_response{node [{node_t0}{nMu_6boQR--7IGHETEaC6A}{127.0.0.1}{127.0.0.1:9420}[mode=>network]], id[604], master [null], hasJoinedOnce [false], cluster_name[TEST-CHILD_VM=[0]-CLUSTER_SEED=[-8106659381411338889]-HASH=[14406DC76783A180]-cluster]}, ping_response{node [{node_t0}{nMu_6boQR--7IGHETEaC6A}{127.0.0.1}{127.0.0.1:9420}[mode=>network]], id[604], master [null], hasJoinedOnce [false], cluster_name[TEST-CHILD_VM=[0]-CLUSTER_SEED=[-8106659381411338889]-HASH=[14406DC76783A180]-cluster]}, ping_response{node [{node_t0}{nMu_6boQR--7IGHETEaC6A}{127.0.0.1}{127.0.0.1:9420}[mode=>network]], id[604], master [null], hasJoinedOnce [false], cluster_name[TEST-CHILD_VM=[0]-CLUSTER_SEED=[-8106659381411338889]-HASH=[14406DC76783A180]-cluster]}, ping_response{node [{node_t0}{nMu_6boQR--7IGHETEaC6A}{127.0.0.1}{127.0.0.1:9420}[mode=>network]], id[608], master [null], hasJoinedOnce [false], cluster_name[TEST-CHILD_VM=[0]-CLUSTER_SEED=[-8106659381411338889]-HASH=[14406DC76783A180]-cluster]}, ping_response{node [{node_t0}{nMu_6boQR--7IGHETEaC6A}{127.0.0.1}{127.0.0.1:9420}[mode=>network]], id[608], master [null], hasJoinedOnce [false], cluster_name[TEST-CHILD_VM=[0]-CLUSTER_SEED=[-8106659381411338889]-HASH=[14406DC76783A180]-cluster]}, ping_response{node [{node_t0}{nMu_6boQR--7IGHETEaC6A}{127.0.0.1}{127.0.0.1:9420}[mode=>network]], id[608], master [null], hasJoinedOnce [false], cluster_name[TEST-CHILD_VM=[0]-CLUSTER_SEED=[-8106659381411338889]-HASH=[14406DC76783A180]-cluster]}, ping_response{node [{node_t0}{nMu_6boQR--7IGHETEaC6A}{127.0.0.1}{127.0.0.1:9420}[mode=>network]], id[612], master [null], hasJoinedOnce [false], cluster_name[TEST-CHILD_VM=[0]-CLUSTER_SEED=[-8106659381411338889]-HASH=[14406DC76783A180]-cluster]}, ping_response{node [{node_t0}{nMu_6boQR--7IGHETEaC6A}{127.0.0.1}{127.0.0.1:9420}[mode=>network]], id[612], master [null], hasJoinedOnce [false], cluster_name[TEST-CHILD_VM=[0]-CLUSTER_SEED=[-8106659381411338889]-HASH=[14406DC76783A180]-cluster]}, ping_response{node [{node_t0}{nMu_6boQR--7IGHETEaC6A}{127.0.0.1}{127.0.0.1:9420}[mode=>network]], id[612], master [null], hasJoinedOnce [false], cluster_name[TEST-CHILD_VM=[0]-CLUSTER_SEED=[-8106659381411338889]-HASH=[14406DC76783A180]-cluster]}, ping_response{node [{node_t1}{JMRMCPFeQ-OI3jC4mS0RAA}{127.0.0.1}{127.0.0.1:9421}[mode=>network]], id[616], master [null], hasJoinedOnce [false], cluster_name[TEST-CHILD_VM=[0]-CLUSTER_SEED=[-8106659381411338889]-HASH=[14406DC76783A180]-cluster]}, ping_response{node [{node_t0}{nMu_6boQR--7IGHETEaC6A}{127.0.0.1}{127.0.0.1:9420}[mode=>network]], id[620], master [null], hasJoinedOnce [false], cluster_name[TEST-CHILD_VM=[0]-CLUSTER_SEED=[-8106659381411338889]-HASH=[14406DC76783A180]-cluster]}]
[2016-03-29 17:29:43,086][TRACE][org.elasticsearch.discovery.zen.ping.unicast] [node_t1] [1] sending to {#zen_unicast_6#}{::1}{[::1]:9420}
[2016-03-29 17:29:43,089][TRACE][org.elasticsearch.discovery.zen.ping.unicast] [node_t1] [1] received response from {#zen_unicast_6#}{::1}{[::1]:9420}: [ping_response{node [{node_t0}{nMu_6boQR--7IGHETEaC6A}{127.0.0.1}{127.0.0.1:9420}[mode=>network]], id[592], master [null], hasJoinedOnce [false], cluster_name[TEST-CHILD_VM=[0]-CLUSTER_SEED=[-8106659381411338889]-HASH=[14406DC76783A180]-cluster]}, ping_response{node [{node_t0}{nMu_6boQR--7IGHETEaC6A}{127.0.0.1}{127.0.0.1:9420}[mode=>network]], id[592], master [null], hasJoinedOnce [false], cluster_name[TEST-CHILD_VM=[0]-CLUSTER_SEED=[-8106659381411338889]-HASH=[14406DC76783A180]-cluster]}, ping_response{node [{node_t0}{nMu_6boQR--7IGHETEaC6A}{127.0.0.1}{127.0.0.1:9420}[mode=>network]], id[592], master [null], hasJoinedOnce [false], cluster_name[TEST-CHILD_VM=[0]-CLUSTER_SEED=[-8106659381411338889]-HASH=[14406DC76783A180]-cluster]}, ping_response{node [{node_t0}{nMu_6boQR--7IGHETEaC6A}{127.0.0.1}{127.0.0.1:9420}[mode=>network]], id[596], master [null], hasJoinedOnce [false], cluster_name[TEST-CHILD_VM=[0]-CLUSTER_SEED=[-8106659381411338889]-HASH=[14406DC76783A180]-cluster]}, ping_response{node [{node_t0}{nMu_6boQR--7IGHETEaC6A}{127.0.0.1}{127.0.0.1:9420}[mode=>network]], id[596], master [null], hasJoinedOnce [false], cluster_name[TEST-CHILD_VM=[0]-CLUSTER_SEED=[-8106659381411338889]-HASH=[14406DC76783A180]-cluster]}, ping_response{node [{node_t0}{nMu_6boQR--7IGHETEaC6A}{127.0.0.1}{127.0.0.1:9420}[mode=>network]], id[596], master [null], hasJoinedOnce [false], cluster_name[TEST-CHILD_VM=[0]-CLUSTER_SEED=[-8106659381411338889]-HASH=[14406DC76783A180]-cluster]}, ping_response{node [{node_t0}{nMu_6boQR--7IGHETEaC6A}{127.0.0.1}{127.0.0.1:9420}[mode=>network]], id[600], master [null], hasJoinedOnce [false], cluster_name[TEST-CHILD_VM=[0]-CLUSTER_SEED=[-8106659381411338889]-HASH=[14406DC76783A180]-cluster]}, ping_response{node [{node_t0}{nMu_6boQR--7IGHETEaC6A}{127.0.0.1}{127.0.0.1:9420}[mode=>network]], id[600], master [null], hasJoinedOnce [false], cluster_name[TEST-CHILD_VM=[0]-CLUSTER_SEED=[-8106659381411338889]-HASH=[14406DC76783A180]-cluster]}, ping_response{node [{node_t0}{nMu_6boQR--7IGHETEaC6A}{127.0.0.1}{127.0.0.1:9420}[mode=>network]], id[600], master [null], hasJoinedOnce [false], cluster_name[TEST-CHILD_VM=[0]-CLUSTER_SEED=[-8106659381411338889]-HASH=[14406DC76783A180]-cluster]}, ping_response{node [{node_t0}{nMu_6boQR--7IGHETEaC6A}{127.0.0.1}{127.0.0.1:9420}[mode=>network]], id[604], master [null], hasJoinedOnce [false], cluster_name[TEST-CHILD_VM=[0]-CLUSTER_SEED=[-8106659381411338889]-HASH=[14406DC76783A180]-cluster]}, ping_response{node [{node_t0}{nMu_6boQR--7IGHETEaC6A}{127.0.0.1}{127.0.0.1:9420}[mode=>network]], id[604], master [null], hasJoinedOnce [false], cluster_name[TEST-CHILD_VM=[0]-CLUSTER_SEED=[-8106659381411338889]-HASH=[14406DC76783A180]-cluster]}, ping_response{node [{node_t0}{nMu_6boQR--7IGHETEaC6A}{127.0.0.1}{127.0.0.1:9420}[mode=>network]], id[604], master [null], hasJoinedOnce [false], cluster_name[TEST-CHILD_VM=[0]-CLUSTER_SEED=[-8106659381411338889]-HASH=[14406DC76783A180]-cluster]}, ping_response{node [{node_t0}{nMu_6boQR--7IGHETEaC6A}{127.0.0.1}{127.0.0.1:9420}[mode=>network]], id[608], master [null], hasJoinedOnce [false], cluster_name[TEST-CHILD_VM=[0]-CLUSTER_SEED=[-8106659381411338889]-HASH=[14406DC76783A180]-cluster]}, ping_response{node [{node_t0}{nMu_6boQR--7IGHETEaC6A}{127.0.0.1}{127.0.0.1:9420}[mode=>network]], id[608], master [null], hasJoinedOnce [false], cluster_name[TEST-CHILD_VM=[0]-CLUSTER_SEED=[-8106659381411338889]-HASH=[14406DC76783A180]-cluster]}, ping_response{node [{node_t0}{nMu_6boQR--7IGHETEaC6A}{127.0.0.1}{127.0.0.1:9420}[mode=>network]], id[608], master [null], hasJoinedOnce [false], cluster_name[TEST-CHILD_VM=[0]-CLUSTER_SEED=[-8106659381411338889]-HASH=[14406DC76783A180]-cluster]}, ping_response{node [{node_t0}{nMu_6boQR--7IGHETEaC6A}{127.0.0.1}{127.0.0.1:9420}[mode=>network]], id[612], master [null], hasJoinedOnce [false], cluster_name[TEST-CHILD_VM=[0]-CLUSTER_SEED=[-8106659381411338889]-HASH=[14406DC76783A180]-cluster]}, ping_response{node [{node_t0}{nMu_6boQR--7IGHETEaC6A}{127.0.0.1}{127.0.0.1:9420}[mode=>network]], id[612], master [null], hasJoinedOnce [false], cluster_name[TEST-CHILD_VM=[0]-CLUSTER_SEED=[-8106659381411338889]-HASH=[14406DC76783A180]-cluster]}, ping_response{node [{node_t0}{nMu_6boQR--7IGHETEaC6A}{127.0.0.1}{127.0.0.1:9420}[mode=>network]], id[612], master [null], hasJoinedOnce [false], cluster_name[TEST-CHILD_VM=[0]-CLUSTER_SEED=[-8106659381411338889]-HASH=[14406DC76783A180]-cluster]}, ping_response{node [{node_t1}{JMRMCPFeQ-OI3jC4mS0RAA}{127.0.0.1}{127.0.0.1:9421}[mode=>network]], id[616], master [null], hasJoinedOnce [false], cluster_name[TEST-CHILD_VM=[0]-CLUSTER_SEED=[-8106659381411338889]-HASH=[14406DC76783A180]-cluster]}, ping_response{node [{node_t1}{JMRMCPFeQ-OI3jC4mS0RAA}{127.0.0.1}{127.0.0.1:9421}[mode=>network]], id[616], master [null], hasJoinedOnce [false], cluster_name[TEST-CHILD_VM=[0]-CLUSTER_SEED=[-8106659381411338889]-HASH=[14406DC76783A180]-cluster]}, ping_response{node [{node_t0}{nMu_6boQR--7IGHETEaC6A}{127.0.0.1}{127.0.0.1:9420}[mode=>network]], id[621], master [null], hasJoinedOnce [false], cluster_name[TEST-CHILD_VM=[0]-CLUSTER_SEED=[-8106659381411338889]-HASH=[14406DC76783A180]-cluster]}]
[2016-03-29 17:29:43,150][TRACE][org.elasticsearch.discovery.zen.ping.unicast] [node_t0] [3] sending to {node_t0}{nMu_6boQR--7IGHETEaC6A}{127.0.0.1}{127.0.0.1:9420}[mode=>network]
[2016-03-29 17:29:43,151][TRACE][org.elasticsearch.discovery.zen.ping.unicast] [node_t0] [3] received response from {node_t0}{nMu_6boQR--7IGHETEaC6A}{127.0.0.1}{127.0.0.1:9420}[mode=>network]: [ping_response{node [{node_t0}{nMu_6boQR--7IGHETEaC6A}{127.0.0.1}{127.0.0.1:9420}[mode=>network]], id[600], master [null], hasJoinedOnce [false], cluster_name[TEST-CHILD_VM=[0]-CLUSTER_SEED=[-8106659381411338889]-HASH=[14406DC76783A180]-cluster]}, ping_response{node [{node_t0}{nMu_6boQR--7IGHETEaC6A}{127.0.0.1}{127.0.0.1:9420}[mode=>network]], id[600], master [null], hasJoinedOnce [false], cluster_name[TEST-CHILD_VM=[0]-CLUSTER_SEED=[-8106659381411338889]-HASH=[14406DC76783A180]-cluster]}, ping_response{node [{node_t0}{nMu_6boQR--7IGHETEaC6A}{127.0.0.1}{127.0.0.1:9420}[mode=>network]], id[600], master [null], hasJoinedOnce [false], cluster_name[TEST-CHILD_VM=[0]-CLUSTER_SEED=[-8106659381411338889]-HASH=[14406DC76783A180]-cluster]}, ping_response{node [{node_t0}{nMu_6boQR--7IGHETEaC6A}{127.0.0.1}{127.0.0.1:9420}[mode=>network]], id[604], master [null], hasJoinedOnce [false], cluster_name[TEST-CHILD_VM=[0]-CLUSTER_SEED=[-8106659381411338889]-HASH=[14406DC76783A180]-cluster]}, ping_response{node [{node_t0}{nMu_6boQR--7IGHETEaC6A}{127.0.0.1}{127.0.0.1:9420}[mode=>network]], id[604], master [null], hasJoinedOnce [false], cluster_name[TEST-CHILD_VM=[0]-CLUSTER_SEED=[-8106659381411338889]-HASH=[14406DC76783A180]-cluster]}, ping_response{node [{node_t0}{nMu_6boQR--7IGHETEaC6A}{127.0.0.1}{127.0.0.1:9420}[mode=>network]], id[604], master [null], hasJoinedOnce [false], cluster_name[TEST-CHILD_VM=[0]-CLUSTER_SEED=[-8106659381411338889]-HASH=[14406DC76783A180]-cluster]}, ping_response{node [{node_t0}{nMu_6boQR--7IGHETEaC6A}{127.0.0.1}{127.0.0.1:9420}[mode=>network]], id[608], master [null], hasJoinedOnce [false], cluster_name[TEST-CHILD_VM=[0]-CLUSTER_SEED=[-8106659381411338889]-HASH=[14406DC76783A180]-cluster]}, ping_response{node [{node_t0}{nMu_6boQR--7IGHETEaC6A}{127.0.0.1}{127.0.0.1:9420}[mode=>network]], id[608], master [null], hasJoinedOnce [false], cluster_name[TEST-CHILD_VM=[0]-CLUSTER_SEED=[-8106659381411338889]-HASH=[14406DC76783A180]-cluster]}, ping_response{node [{node_t0}{nMu_6boQR--7IGHETEaC6A}{127.0.0.1}{127.0.0.1:9420}[mode=>network]], id[608], master [null], hasJoinedOnce [false], cluster_name[TEST-CHILD_VM=[0]-CLUSTER_SEED=[-8106659381411338889]-HASH=[14406DC76783A180]-cluster]}, ping_response{node [{node_t0}{nMu_6boQR--7IGHETEaC6A}{127.0.0.1}{127.0.0.1:9420}[mode=>network]], id[612], master [null], hasJoinedOnce [false], cluster_name[TEST-CHILD_VM=[0]-CLUSTER_SEED=[-8106659381411338889]-HASH=[14406DC76783A180]-cluster]}, ping_response{node [{node_t0}{nMu_6boQR--7IGHETEaC6A}{127.0.0.1}{127.0.0.1:9420}[mode=>network]], id[612], master [null], hasJoinedOnce [false], cluster_name[TEST-CHILD_VM=[0]-CLUSTER_SEED=[-8106659381411338889]-HASH=[14406DC76783A180]-cluster]}, ping_response{node [{node_t0}{nMu_6boQR--7IGHETEaC6A}{127.0.0.1}{127.0.0.1:9420}[mode=>network]], id[612], master [null], hasJoinedOnce [false], cluster_name[TEST-CHILD_VM=[0]-CLUSTER_SEED=[-8106659381411338889]-HASH=[14406DC76783A180]-cluster]}, ping_response{node [{node_t1}{JMRMCPFeQ-OI3jC4mS0RAA}{127.0.0.1}{127.0.0.1:9421}[mode=>network]], id[616], master [null], hasJoinedOnce [false], cluster_name[TEST-CHILD_VM=[0]-CLUSTER_SEED=[-8106659381411338889]-HASH=[14406DC76783A180]-cluster]}, ping_response{node [{node_t1}{JMRMCPFeQ-OI3jC4mS0RAA}{127.0.0.1}{127.0.0.1:9421}[mode=>network]], id[616], master [null], hasJoinedOnce [false], cluster_name[TEST-CHILD_VM=[0]-CLUSTER_SEED=[-8106659381411338889]-HASH=[14406DC76783A180]-cluster]}, ping_response{node [{node_t0}{nMu_6boQR--7IGHETEaC6A}{127.0.0.1}{127.0.0.1:9420}[mode=>network]], id[622], master [null], hasJoinedOnce [false], cluster_name[TEST-CHILD_VM=[0]-CLUSTER_SEED=[-8106659381411338889]-HASH=[14406DC76783A180]-cluster]}, ping_response{node [{node_t0}{nMu_6boQR--7IGHETEaC6A}{127.0.0.1}{127.0.0.1:9420}[mode=>network]], id[623], master [null], hasJoinedOnce [false], cluster_name[TEST-CHILD_VM=[0]-CLUSTER_SEED=[-8106659381411338889]-HASH=[14406DC76783A180]-cluster]}]
[2016-03-29 17:29:43,151][TRACE][org.elasticsearch.discovery.zen.ping.unicast] [node_t0] [3] connecting (light) to {#zen_unicast_2#}{127.0.0.1}{127.0.0.1:9421}
[2016-03-29 17:29:43,151][TRACE][org.elasticsearch.discovery.zen.ping.unicast] [node_t0] [3] connecting (light) to {#zen_unicast_5#}{127.0.0.1}{127.0.0.1:9424}
[2016-03-29 17:29:43,151][TRACE][org.elasticsearch.discovery.zen.ping.unicast] [node_t0] [3] sending to {#zen_unicast_6#}{::1}{[::1]:9420}
[2016-03-29 17:29:43,151][TRACE][org.elasticsearch.discovery.zen.ping.unicast] [node_t0] [3] connecting (light) to {#zen_unicast_4#}{127.0.0.1}{127.0.0.1:9423}
[2016-03-29 17:29:43,151][TRACE][org.elasticsearch.discovery.zen.ping.unicast] [node_t0] [3] connecting (light) to {#zen_unicast_3#}{127.0.0.1}{127.0.0.1:9422}
[2016-03-29 17:29:43,152][TRACE][org.elasticsearch.discovery.zen.ping.unicast] [node_t0] [3] connecting (light) to {#zen_unicast_7#}{::1}{[::1]:9421}
[2016-03-29 17:29:43,152][TRACE][org.elasticsearch.discovery.zen.ping.unicast] [node_t0] [3] connecting (light) to {#zen_unicast_8#}{::1}{[::1]:9422}
[2016-03-29 17:29:43,152][TRACE][org.elasticsearch.discovery.zen.ping.unicast] [node_t0] [3] connecting (light) to {#zen_unicast_10#}{::1}{[::1]:9424}
[2016-03-29 17:29:43,152][TRACE][org.elasticsearch.discovery.zen.ping.unicast] [node_t0] replacing {node_t1}{JMRMCPFeQ-OI3jC4mS0RAA}{127.0.0.1}{127.0.0.1:9421}[mode=>network] with temp node {#zen_unicast_11_JMRMCPFeQ-OI3jC4mS0RAA#}{127.0.0.1}{127.0.0.1:9421}[mode=>network]
[2016-03-29 17:29:43,152][TRACE][org.elasticsearch.discovery.zen.ping.unicast] [node_t0] [3] connecting (light) to {#zen_unicast_9#}{::1}{[::1]:9423}
[2016-03-29 17:29:43,152][TRACE][org.elasticsearch.discovery.zen.ping.unicast] [node_t0] [3] connecting (light) to {#zen_unicast_11_JMRMCPFeQ-OI3jC4mS0RAA#}{127.0.0.1}{127.0.0.1:9421}[mode=>network]
[2016-03-29 17:29:43,152][TRACE][org.elasticsearch.discovery.zen.ping.unicast] [node_t0] [3] sending to {node_t0}{nMu_6boQR--7IGHETEaC6A}{127.0.0.1}{127.0.0.1:9420}[mode=>network]
[2016-03-29 17:29:43,152][TRACE][org.elasticsearch.discovery.zen.ping.unicast] [node_t0] [3] received response from {node_t0}{nMu_6boQR--7IGHETEaC6A}{127.0.0.1}{127.0.0.1:9420}[mode=>network]: [ping_response{node [{node_t0}{nMu_6boQR--7IGHETEaC6A}{127.0.0.1}{127.0.0.1:9420}[mode=>network]], id[600], master [null], hasJoinedOnce [false], cluster_name[TEST-CHILD_VM=[0]-CLUSTER_SEED=[-8106659381411338889]-HASH=[14406DC76783A180]-cluster]}, ping_response{node [{node_t0}{nMu_6boQR--7IGHETEaC6A}{127.0.0.1}{127.0.0.1:9420}[mode=>network]], id[600], master [null], hasJoinedOnce [false], cluster_name[TEST-CHILD_VM=[0]-CLUSTER_SEED=[-8106659381411338889]-HASH=[14406DC76783A180]-cluster]}, ping_response{node [{node_t0}{nMu_6boQR--7IGHETEaC6A}{127.0.0.1}{127.0.0.1:9420}[mode=>network]], id[600], master [null], hasJoinedOnce [false], cluster_name[TEST-CHILD_VM=[0]-CLUSTER_SEED=[-8106659381411338889]-HASH=[14406DC76783A180]-cluster]}, ping_response{node [{node_t0}{nMu_6boQR--7IGHETEaC6A}{127.0.0.1}{127.0.0.1:9420}[mode=>network]], id[604], master [null], hasJoinedOnce [false], cluster_name[TEST-CHILD_VM=[0]-CLUSTER_SEED=[-8106659381411338889]-HASH=[14406DC76783A180]-cluster]}, ping_response{node [{node_t0}{nMu_6boQR--7IGHETEaC6A}{127.0.0.1}{127.0.0.1:9420}[mode=>network]], id[604], master [null], hasJoinedOnce [false], cluster_name[TEST-CHILD_VM=[0]-CLUSTER_SEED=[-8106659381411338889]-HASH=[14406DC76783A180]-cluster]}, ping_response{node [{node_t0}{nMu_6boQR--7IGHETEaC6A}{127.0.0.1}{127.0.0.1:9420}[mode=>network]], id[604], master [null], hasJoinedOnce [false], cluster_name[TEST-CHILD_VM=[0]-CLUSTER_SEED=[-8106659381411338889]-HASH=[14406DC76783A180]-cluster]}, ping_response{node [{node_t0}{nMu_6boQR--7IGHETEaC6A}{127.0.0.1}{127.0.0.1:9420}[mode=>network]], id[608], master [null], hasJoinedOnce [false], cluster_name[TEST-CHILD_VM=[0]-CLUSTER_SEED=[-8106659381411338889]-HASH=[14406DC76783A180]-cluster]}, ping_response{node [{node_t0}{nMu_6boQR--7IGHETEaC6A}{127.0.0.1}{127.0.0.1:9420}[mode=>network]], id[608], master [null], hasJoinedOnce [false], cluster_name[TEST-CHILD_VM=[0]-CLUSTER_SEED=[-8106659381411338889]-HASH=[14406DC76783A180]-cluster]}, ping_response{node [{node_t0}{nMu_6boQR--7IGHETEaC6A}{127.0.0.1}{127.0.0.1:9420}[mode=>network]], id[608], master [null], hasJoinedOnce [false], cluster_name[TEST-CHILD_VM=[0]-CLUSTER_SEED=[-8106659381411338889]-HASH=[14406DC76783A180]-cluster]}, ping_response{node [{node_t0}{nMu_6boQR--7IGHETEaC6A}{127.0.0.1}{127.0.0.1:9420}[mode=>network]], id[612], master [null], hasJoinedOnce [false], cluster_name[TEST-CHILD_VM=[0]-CLUSTER_SEED=[-8106659381411338889]-HASH=[14406DC76783A180]-cluster]}, ping_response{node [{node_t0}{nMu_6boQR--7IGHETEaC6A}{127.0.0.1}{127.0.0.1:9420}[mode=>network]], id[612], master [null], hasJoinedOnce [false], cluster_name[TEST-CHILD_VM=[0]-CLUSTER_SEED=[-8106659381411338889]-HASH=[14406DC76783A180]-cluster]}, ping_response{node [{node_t0}{nMu_6boQR--7IGHETEaC6A}{127.0.0.1}{127.0.0.1:9420}[mode=>network]], id[612], master [null], hasJoinedOnce [false], cluster_name[TEST-CHILD_VM=[0]-CLUSTER_SEED=[-8106659381411338889]-HASH=[14406DC76783A180]-cluster]}, ping_response{node [{node_t1}{JMRMCPFeQ-OI3jC4mS0RAA}{127.0.0.1}{127.0.0.1:9421}[mode=>network]], id[616], master [null], hasJoinedOnce [false], cluster_name[TEST-CHILD_VM=[0]-CLUSTER_SEED=[-8106659381411338889]-HASH=[14406DC76783A180]-cluster]}, ping_response{node [{node_t1}{JMRMCPFeQ-OI3jC4mS0RAA}{127.0.0.1}{127.0.0.1:9421}[mode=>network]], id[616], master [null], hasJoinedOnce [false], cluster_name[TEST-CHILD_VM=[0]-CLUSTER_SEED=[-8106659381411338889]-HASH=[14406DC76783A180]-cluster]}, ping_response{node [{node_t0}{nMu_6boQR--7IGHETEaC6A}{127.0.0.1}{127.0.0.1:9420}[mode=>network]], id[622], master [null], hasJoinedOnce [false], cluster_name[TEST-CHILD_VM=[0]-CLUSTER_SEED=[-8106659381411338889]-HASH=[14406DC76783A180]-cluster]}, ping_response{node [{node_t0}{nMu_6boQR--7IGHETEaC6A}{127.0.0.1}{127.0.0.1:9420}[mode=>network]], id[622], master [null], hasJoinedOnce [false], cluster_name[TEST-CHILD_VM=[0]-CLUSTER_SEED=[-8106659381411338889]-HASH=[14406DC76783A180]-cluster]}, ping_response{node [{node_t0}{nMu_6boQR--7IGHETEaC6A}{127.0.0.1}{127.0.0.1:9420}[mode=>network]], id[624], master [null], hasJoinedOnce [false], cluster_name[TEST-CHILD_VM=[0]-CLUSTER_SEED=[-8106659381411338889]-HASH=[14406DC76783A180]-cluster]}]
[2016-03-29 17:29:43,152][TRACE][org.elasticsearch.discovery.zen.ping.unicast] [node_t0] [3] failed to connect to {#zen_unicast_3#}{127.0.0.1}{127.0.0.1:9422}
ConnectTransportException[[][127.0.0.1:9422] connect_timeout[30s]]; nested: ConnectException[Connection refused: /127.0.0.1:9422];
	at org.elasticsearch.transport.netty.NettyTransport.connectToChannelsLight(NettyTransport.java:954)
	at org.elasticsearch.transport.netty.NettyTransport.connectToNode(NettyTransport.java:918)
	at org.elasticsearch.transport.netty.NettyTransport.connectToNodeLight(NettyTransport.java:890)
	at org.elasticsearch.test.transport.MockTransportService$LookupTestTransport.connectToNodeLight(MockTransportService.java:413)
	at org.elasticsearch.transport.TransportService.connectToNodeLight(TransportService.java:242)
	at org.elasticsearch.discovery.zen.ping.unicast.UnicastZenPing$3.run(UnicastZenPing.java:395)
	at java.util.concurrent.ThreadPoolExecutor.runWorker(ThreadPoolExecutor.java:1142)
	at java.util.concurrent.ThreadPoolExecutor$Worker.run(ThreadPoolExecutor.java:617)
	at java.lang.Thread.run(Thread.java:745)
Caused by: java.net.ConnectException: Connection refused: /127.0.0.1:9422
	at sun.nio.ch.SocketChannelImpl.checkConnect(Native Method)
	at sun.nio.ch.SocketChannelImpl.finishConnect(SocketChannelImpl.java:712)
	at org.jboss.netty.channel.socket.nio.NioClientBoss.connect(NioClientBoss.java:152)
	at org.jboss.netty.channel.socket.nio.NioClientBoss.processSelectedKeys(NioClientBoss.java:105)
	at org.jboss.netty.channel.socket.nio.NioClientBoss.process(NioClientBoss.java:79)
	at org.jboss.netty.channel.socket.nio.AbstractNioSelector.run(AbstractNioSelector.java:337)
	at org.jboss.netty.channel.socket.nio.NioClientBoss.run(NioClientBoss.java:42)
	at org.jboss.netty.util.ThreadRenamingRunnable.run(ThreadRenamingRunnable.java:108)
	at org.jboss.netty.util.internal.DeadLockProofWorker$1.run(DeadLockProofWorker.java:42)
	... 3 more
[2016-03-29 17:29:43,153][TRACE][org.elasticsearch.discovery.zen.ping.unicast] [node_t0] [3] failed to connect to {#zen_unicast_8#}{::1}{[::1]:9422}
ConnectTransportException[[][[::1]:9422] connect_timeout[30s]]; nested: ConnectException[Connection refused: /0:0:0:0:0:0:0:1:9422];
	at org.elasticsearch.transport.netty.NettyTransport.connectToChannelsLight(NettyTransport.java:954)
	at org.elasticsearch.transport.netty.NettyTransport.connectToNode(NettyTransport.java:918)
	at org.elasticsearch.transport.netty.NettyTransport.connectToNodeLight(NettyTransport.java:890)
	at org.elasticsearch.test.transport.MockTransportService$LookupTestTransport.connectToNodeLight(MockTransportService.java:413)
	at org.elasticsearch.transport.TransportService.connectToNodeLight(TransportService.java:242)
	at org.elasticsearch.discovery.zen.ping.unicast.UnicastZenPing$3.run(UnicastZenPing.java:395)
	at java.util.concurrent.ThreadPoolExecutor.runWorker(ThreadPoolExecutor.java:1142)
	at java.util.concurrent.ThreadPoolExecutor$Worker.run(ThreadPoolExecutor.java:617)
	at java.lang.Thread.run(Thread.java:745)
Caused by: java.net.ConnectException: Connection refused: /0:0:0:0:0:0:0:1:9422
	at sun.nio.ch.SocketChannelImpl.checkConnect(Native Method)
	at sun.nio.ch.SocketChannelImpl.finishConnect(SocketChannelImpl.java:712)
	at org.jboss.netty.channel.socket.nio.NioClientBoss.connect(NioClientBoss.java:152)
	at org.jboss.netty.channel.socket.nio.NioClientBoss.processSelectedKeys(NioClientBoss.java:105)
	at org.jboss.netty.channel.socket.nio.NioClientBoss.process(NioClientBoss.java:79)
	at org.jboss.netty.channel.socket.nio.AbstractNioSelector.run(AbstractNioSelector.java:337)
	at org.jboss.netty.channel.socket.nio.NioClientBoss.run(NioClientBoss.java:42)
	at org.jboss.netty.util.ThreadRenamingRunnable.run(ThreadRenamingRunnable.java:108)
	at org.jboss.netty.util.internal.DeadLockProofWorker$1.run(DeadLockProofWorker.java:42)
	... 3 more
[2016-03-29 17:29:43,152][TRACE][org.elasticsearch.discovery.zen.ping.unicast] [node_t0] [3] connected to {#zen_unicast_2#}{127.0.0.1}{127.0.0.1:9421}
[2016-03-29 17:29:43,153][TRACE][org.elasticsearch.discovery.zen.ping.unicast] [node_t0] [3] sending to {#zen_unicast_2#}{127.0.0.1}{127.0.0.1:9421}
[2016-03-29 17:29:43,152][TRACE][org.elasticsearch.discovery.zen.ping.unicast] [node_t0] [3] failed to connect to {#zen_unicast_5#}{127.0.0.1}{127.0.0.1:9424}
ConnectTransportException[[][127.0.0.1:9424] connect_timeout[30s]]; nested: ConnectException[Connection refused: /127.0.0.1:9424];
	at org.elasticsearch.transport.netty.NettyTransport.connectToChannelsLight(NettyTransport.java:954)
	at org.elasticsearch.transport.netty.NettyTransport.connectToNode(NettyTransport.java:918)
	at org.elasticsearch.transport.netty.NettyTransport.connectToNodeLight(NettyTransport.java:890)
	at org.elasticsearch.test.transport.MockTransportService$LookupTestTransport.connectToNodeLight(MockTransportService.java:413)
	at org.elasticsearch.transport.TransportService.connectToNodeLight(TransportService.java:242)
	at org.elasticsearch.discovery.zen.ping.unicast.UnicastZenPing$3.run(UnicastZenPing.java:395)
	at java.util.concurrent.ThreadPoolExecutor.runWorker(ThreadPoolExecutor.java:1142)
	at java.util.concurrent.ThreadPoolExecutor$Worker.run(ThreadPoolExecutor.java:617)
	at java.lang.Thread.run(Thread.java:745)
Caused by: java.net.ConnectException: Connection refused: /127.0.0.1:9424
	at sun.nio.ch.SocketChannelImpl.checkConnect(Native Method)
	at sun.nio.ch.SocketChannelImpl.finishConnect(SocketChannelImpl.java:712)
	at org.jboss.netty.channel.socket.nio.NioClientBoss.connect(NioClientBoss.java:152)
	at org.jboss.netty.channel.socket.nio.NioClientBoss.processSelectedKeys(NioClientBoss.java:105)
	at org.jboss.netty.channel.socket.nio.NioClientBoss.process(NioClientBoss.java:79)
	at org.jboss.netty.channel.socket.nio.AbstractNioSelector.run(AbstractNioSelector.java:337)
	at org.jboss.netty.channel.socket.nio.NioClientBoss.run(NioClientBoss.java:42)
	at org.jboss.netty.util.ThreadRenamingRunnable.run(ThreadRenamingRunnable.java:108)
	at org.jboss.netty.util.internal.DeadLockProofWorker$1.run(DeadLockProofWorker.java:42)
	... 3 more
[2016-03-29 17:29:43,153][TRACE][org.elasticsearch.discovery.zen.ping.unicast] [node_t0] [3] failed to connect to {#zen_unicast_10#}{::1}{[::1]:9424}
ConnectTransportException[[][[::1]:9424] connect_timeout[30s]]; nested: ConnectException[Connection refused: /0:0:0:0:0:0:0:1:9424];
	at org.elasticsearch.transport.netty.NettyTransport.connectToChannelsLight(NettyTransport.java:954)
	at org.elasticsearch.transport.netty.NettyTransport.connectToNode(NettyTransport.java:918)
	at org.elasticsearch.transport.netty.NettyTransport.connectToNodeLight(NettyTransport.java:890)
	at org.elasticsearch.test.transport.MockTransportService$LookupTestTransport.connectToNodeLight(MockTransportService.java:413)
	at org.elasticsearch.transport.TransportService.connectToNodeLight(TransportService.java:242)
	at org.elasticsearch.discovery.zen.ping.unicast.UnicastZenPing$3.run(UnicastZenPing.java:395)
	at java.util.concurrent.ThreadPoolExecutor.runWorker(ThreadPoolExecutor.java:1142)
	at java.util.concurrent.ThreadPoolExecutor$Worker.run(ThreadPoolExecutor.java:617)
	at java.lang.Thread.run(Thread.java:745)
Caused by: java.net.ConnectException: Connection refused: /0:0:0:0:0:0:0:1:9424
	at sun.nio.ch.SocketChannelImpl.checkConnect(Native Method)
	at sun.nio.ch.SocketChannelImpl.finishConnect(SocketChannelImpl.java:712)
	at org.jboss.netty.channel.socket.nio.NioClientBoss.connect(NioClientBoss.java:152)
	at org.jboss.netty.channel.socket.nio.NioClientBoss.processSelectedKeys(NioClientBoss.java:105)
	at org.jboss.netty.channel.socket.nio.NioClientBoss.process(NioClientBoss.java:79)
	at org.jboss.netty.channel.socket.nio.AbstractNioSelector.run(AbstractNioSelector.java:337)
	at org.jboss.netty.channel.socket.nio.NioClientBoss.run(NioClientBoss.java:42)
	at org.jboss.netty.util.ThreadRenamingRunnable.run(ThreadRenamingRunnable.java:108)
	at org.jboss.netty.util.internal.DeadLockProofWorker$1.run(DeadLockProofWorker.java:42)
	... 3 more
[2016-03-29 17:29:43,153][TRACE][org.elasticsearch.discovery.zen.ping.unicast] [node_t0] [3] failed to connect to {#zen_unicast_9#}{::1}{[::1]:9423}
ConnectTransportException[[][[::1]:9423] connect_timeout[30s]]; nested: ConnectException[Connection refused: /0:0:0:0:0:0:0:1:9423];
	at org.elasticsearch.transport.netty.NettyTransport.connectToChannelsLight(NettyTransport.java:954)
	at org.elasticsearch.transport.netty.NettyTransport.connectToNode(NettyTransport.java:918)
	at org.elasticsearch.transport.netty.NettyTransport.connectToNodeLight(NettyTransport.java:890)
	at org.elasticsearch.test.transport.MockTransportService$LookupTestTransport.connectToNodeLight(MockTransportService.java:413)
	at org.elasticsearch.transport.TransportService.connectToNodeLight(TransportService.java:242)
	at org.elasticsearch.discovery.zen.ping.unicast.UnicastZenPing$3.run(UnicastZenPing.java:395)
	at java.util.concurrent.ThreadPoolExecutor.runWorker(ThreadPoolExecutor.java:1142)
	at java.util.concurrent.ThreadPoolExecutor$Worker.run(ThreadPoolExecutor.java:617)
	at java.lang.Thread.run(Thread.java:745)
Caused by: java.net.ConnectException: Connection refused: /0:0:0:0:0:0:0:1:9423
	at sun.nio.ch.SocketChannelImpl.checkConnect(Native Method)
	at sun.nio.ch.SocketChannelImpl.finishConnect(SocketChannelImpl.java:712)
	at org.jboss.netty.channel.socket.nio.NioClientBoss.connect(NioClientBoss.java:152)
	at org.jboss.netty.channel.socket.nio.NioClientBoss.processSelectedKeys(NioClientBoss.java:105)
	at org.jboss.netty.channel.socket.nio.NioClientBoss.process(NioClientBoss.java:79)
	at org.jboss.netty.channel.socket.nio.AbstractNioSelector.run(AbstractNioSelector.java:337)
	at org.jboss.netty.channel.socket.nio.NioClientBoss.run(NioClientBoss.java:42)
	at org.jboss.netty.util.ThreadRenamingRunnable.run(ThreadRenamingRunnable.java:108)
	at org.jboss.netty.util.internal.DeadLockProofWorker$1.run(DeadLockProofWorker.java:42)
	... 3 more
[2016-03-29 17:29:43,152][TRACE][org.elasticsearch.discovery.zen.ping.unicast] [node_t0] [3] received response from {#zen_unicast_6#}{::1}{[::1]:9420}: [ping_response{node [{node_t0}{nMu_6boQR--7IGHETEaC6A}{127.0.0.1}{127.0.0.1:9420}[mode=>network]], id[600], master [null], hasJoinedOnce [false], cluster_name[TEST-CHILD_VM=[0]-CLUSTER_SEED=[-8106659381411338889]-HASH=[14406DC76783A180]-cluster]}, ping_response{node [{node_t0}{nMu_6boQR--7IGHETEaC6A}{127.0.0.1}{127.0.0.1:9420}[mode=>network]], id[600], master [null], hasJoinedOnce [false], cluster_name[TEST-CHILD_VM=[0]-CLUSTER_SEED=[-8106659381411338889]-HASH=[14406DC76783A180]-cluster]}, ping_response{node [{node_t0}{nMu_6boQR--7IGHETEaC6A}{127.0.0.1}{127.0.0.1:9420}[mode=>network]], id[600], master [null], hasJoinedOnce [false], cluster_name[TEST-CHILD_VM=[0]-CLUSTER_SEED=[-8106659381411338889]-HASH=[14406DC76783A180]-cluster]}, ping_response{node [{node_t0}{nMu_6boQR--7IGHETEaC6A}{127.0.0.1}{127.0.0.1:9420}[mode=>network]], id[604], master [null], hasJoinedOnce [false], cluster_name[TEST-CHILD_VM=[0]-CLUSTER_SEED=[-8106659381411338889]-HASH=[14406DC76783A180]-cluster]}, ping_response{node [{node_t0}{nMu_6boQR--7IGHETEaC6A}{127.0.0.1}{127.0.0.1:9420}[mode=>network]], id[604], master [null], hasJoinedOnce [false], cluster_name[TEST-CHILD_VM=[0]-CLUSTER_SEED=[-8106659381411338889]-HASH=[14406DC76783A180]-cluster]}, ping_response{node [{node_t0}{nMu_6boQR--7IGHETEaC6A}{127.0.0.1}{127.0.0.1:9420}[mode=>network]], id[604], master [null], hasJoinedOnce [false], cluster_name[TEST-CHILD_VM=[0]-CLUSTER_SEED=[-8106659381411338889]-HASH=[14406DC76783A180]-cluster]}, ping_response{node [{node_t0}{nMu_6boQR--7IGHETEaC6A}{127.0.0.1}{127.0.0.1:9420}[mode=>network]], id[608], master [null], hasJoinedOnce [false], cluster_name[TEST-CHILD_VM=[0]-CLUSTER_SEED=[-8106659381411338889]-HASH=[14406DC76783A180]-cluster]}, ping_response{node [{node_t0}{nMu_6boQR--7IGHETEaC6A}{127.0.0.1}{127.0.0.1:9420}[mode=>network]], id[608], master [null], hasJoinedOnce [false], cluster_name[TEST-CHILD_VM=[0]-CLUSTER_SEED=[-8106659381411338889]-HASH=[14406DC76783A180]-cluster]}, ping_response{node [{node_t0}{nMu_6boQR--7IGHETEaC6A}{127.0.0.1}{127.0.0.1:9420}[mode=>network]], id[608], master [null], hasJoinedOnce [false], cluster_name[TEST-CHILD_VM=[0]-CLUSTER_SEED=[-8106659381411338889]-HASH=[14406DC76783A180]-cluster]}, ping_response{node [{node_t0}{nMu_6boQR--7IGHETEaC6A}{127.0.0.1}{127.0.0.1:9420}[mode=>network]], id[612], master [null], hasJoinedOnce [false], cluster_name[TEST-CHILD_VM=[0]-CLUSTER_SEED=[-8106659381411338889]-HASH=[14406DC76783A180]-cluster]}, ping_response{node [{node_t0}{nMu_6boQR--7IGHETEaC6A}{127.0.0.1}{127.0.0.1:9420}[mode=>network]], id[612], master [null], hasJoinedOnce [false], cluster_name[TEST-CHILD_VM=[0]-CLUSTER_SEED=[-8106659381411338889]-HASH=[14406DC76783A180]-cluster]}, ping_response{node [{node_t0}{nMu_6boQR--7IGHETEaC6A}{127.0.0.1}{127.0.0.1:9420}[mode=>network]], id[612], master [null], hasJoinedOnce [false], cluster_name[TEST-CHILD_VM=[0]-CLUSTER_SEED=[-8106659381411338889]-HASH=[14406DC76783A180]-cluster]}, ping_response{node [{node_t1}{JMRMCPFeQ-OI3jC4mS0RAA}{127.0.0.1}{127.0.0.1:9421}[mode=>network]], id[616], master [null], hasJoinedOnce [false], cluster_name[TEST-CHILD_VM=[0]-CLUSTER_SEED=[-8106659381411338889]-HASH=[14406DC76783A180]-cluster]}, ping_response{node [{node_t1}{JMRMCPFeQ-OI3jC4mS0RAA}{127.0.0.1}{127.0.0.1:9421}[mode=>network]], id[616], master [null], hasJoinedOnce [false], cluster_name[TEST-CHILD_VM=[0]-CLUSTER_SEED=[-8106659381411338889]-HASH=[14406DC76783A180]-cluster]}, ping_response{node [{node_t0}{nMu_6boQR--7IGHETEaC6A}{127.0.0.1}{127.0.0.1:9420}[mode=>network]], id[622], master [null], hasJoinedOnce [false], cluster_name[TEST-CHILD_VM=[0]-CLUSTER_SEED=[-8106659381411338889]-HASH=[14406DC76783A180]-cluster]}, ping_response{node [{node_t0}{nMu_6boQR--7IGHETEaC6A}{127.0.0.1}{127.0.0.1:9420}[mode=>network]], id[622], master [null], hasJoinedOnce [false], cluster_name[TEST-CHILD_VM=[0]-CLUSTER_SEED=[-8106659381411338889]-HASH=[14406DC76783A180]-cluster]}, ping_response{node [{node_t0}{nMu_6boQR--7IGHETEaC6A}{127.0.0.1}{127.0.0.1:9420}[mode=>network]], id[622], master [null], hasJoinedOnce [false], cluster_name[TEST-CHILD_VM=[0]-CLUSTER_SEED=[-8106659381411338889]-HASH=[14406DC76783A180]-cluster]}, ping_response{node [{node_t0}{nMu_6boQR--7IGHETEaC6A}{127.0.0.1}{127.0.0.1:9420}[mode=>network]], id[625], master [null], hasJoinedOnce [false], cluster_name[TEST-CHILD_VM=[0]-CLUSTER_SEED=[-8106659381411338889]-HASH=[14406DC76783A180]-cluster]}]
[2016-03-29 17:29:43,152][TRACE][org.elasticsearch.discovery.zen.ping.unicast] [node_t0] [3] failed to connect to {#zen_unicast_4#}{127.0.0.1}{127.0.0.1:9423}
ConnectTransportException[[][127.0.0.1:9423] connect_timeout[30s]]; nested: ConnectException[Connection refused: /127.0.0.1:9423];
	at org.elasticsearch.transport.netty.NettyTransport.connectToChannelsLight(NettyTransport.java:954)
	at org.elasticsearch.transport.netty.NettyTransport.connectToNode(NettyTransport.java:918)
	at org.elasticsearch.transport.netty.NettyTransport.connectToNodeLight(NettyTransport.java:890)
	at org.elasticsearch.test.transport.MockTransportService$LookupTestTransport.connectToNodeLight(MockTransportService.java:413)
	at org.elasticsearch.transport.TransportService.connectToNodeLight(TransportService.java:242)
	at org.elasticsearch.discovery.zen.ping.unicast.UnicastZenPing$3.run(UnicastZenPing.java:395)
	at java.util.concurrent.ThreadPoolExecutor.runWorker(ThreadPoolExecutor.java:1142)
	at java.util.concurrent.ThreadPoolExecutor$Worker.run(ThreadPoolExecutor.java:617)
	at java.lang.Thread.run(Thread.java:745)
Caused by: java.net.ConnectException: Connection refused: /127.0.0.1:9423
	at sun.nio.ch.SocketChannelImpl.checkConnect(Native Method)
	at sun.nio.ch.SocketChannelImpl.finishConnect(SocketChannelImpl.java:712)
	at org.jboss.netty.channel.socket.nio.NioClientBoss.connect(NioClientBoss.java:152)
	at org.jboss.netty.channel.socket.nio.NioClientBoss.processSelectedKeys(NioClientBoss.java:105)
	at org.jboss.netty.channel.socket.nio.NioClientBoss.process(NioClientBoss.java:79)
	at org.jboss.netty.channel.socket.nio.AbstractNioSelector.run(AbstractNioSelector.java:337)
	at org.jboss.netty.channel.socket.nio.NioClientBoss.run(NioClientBoss.java:42)
	at org.jboss.netty.util.ThreadRenamingRunnable.run(ThreadRenamingRunnable.java:108)
	at org.jboss.netty.util.internal.DeadLockProofWorker$1.run(DeadLockProofWorker.java:42)
	... 3 more
[2016-03-29 17:29:43,155][TRACE][org.elasticsearch.discovery.zen.ping.unicast] [node_t0] [3] connected to {#zen_unicast_7#}{::1}{[::1]:9421}
[2016-03-29 17:29:43,155][TRACE][org.elasticsearch.discovery.zen.ping.unicast] [node_t0] [3] sending to {#zen_unicast_7#}{::1}{[::1]:9421}
[2016-03-29 17:29:43,155][TRACE][org.elasticsearch.discovery.zen.ping.unicast] [node_t0] [3] received response from {#zen_unicast_2#}{127.0.0.1}{127.0.0.1:9421}: [ping_response{node [{node_t1}{JMRMCPFeQ-OI3jC4mS0RAA}{127.0.0.1}{127.0.0.1:9421}[mode=>network]], id[616], master [null], hasJoinedOnce [false], cluster_name[TEST-CHILD_VM=[0]-CLUSTER_SEED=[-8106659381411338889]-HASH=[14406DC76783A180]-cluster]}, ping_response{node [{node_t1}{JMRMCPFeQ-OI3jC4mS0RAA}{127.0.0.1}{127.0.0.1:9421}[mode=>network]], id[616], master [null], hasJoinedOnce [false], cluster_name[TEST-CHILD_VM=[0]-CLUSTER_SEED=[-8106659381411338889]-HASH=[14406DC76783A180]-cluster]}, ping_response{node [{node_t1}{JMRMCPFeQ-OI3jC4mS0RAA}{127.0.0.1}{127.0.0.1:9421}[mode=>network]], id[616], master [null], hasJoinedOnce [false], cluster_name[TEST-CHILD_VM=[0]-CLUSTER_SEED=[-8106659381411338889]-HASH=[14406DC76783A180]-cluster]}, ping_response{node [{node_t0}{nMu_6boQR--7IGHETEaC6A}{127.0.0.1}{127.0.0.1:9420}[mode=>network]], id[622], master [null], hasJoinedOnce [false], cluster_name[TEST-CHILD_VM=[0]-CLUSTER_SEED=[-8106659381411338889]-HASH=[14406DC76783A180]-cluster]}, ping_response{node [{node_t1}{JMRMCPFeQ-OI3jC4mS0RAA}{127.0.0.1}{127.0.0.1:9421}[mode=>network]], id[626], master [null], hasJoinedOnce [false], cluster_name[TEST-CHILD_VM=[0]-CLUSTER_SEED=[-8106659381411338889]-HASH=[14406DC76783A180]-cluster]}]
[2016-03-29 17:29:43,155][TRACE][org.elasticsearch.discovery.zen.ping.unicast] [node_t0] [3] connected to {node_t1}{JMRMCPFeQ-OI3jC4mS0RAA}{127.0.0.1}{127.0.0.1:9421}[mode=>network]
[2016-03-29 17:29:43,155][TRACE][org.elasticsearch.discovery.zen.ping.unicast] [node_t0] [3] sending to {#zen_unicast_11_JMRMCPFeQ-OI3jC4mS0RAA#}{127.0.0.1}{127.0.0.1:9421}[mode=>network]
[2016-03-29 17:29:43,155][TRACE][org.elasticsearch.discovery.zen.ping.unicast] [node_t0] [3] received response from {#zen_unicast_7#}{::1}{[::1]:9421}: [ping_response{node [{node_t1}{JMRMCPFeQ-OI3jC4mS0RAA}{127.0.0.1}{127.0.0.1:9421}[mode=>network]], id[616], master [null], hasJoinedOnce [false], cluster_name[TEST-CHILD_VM=[0]-CLUSTER_SEED=[-8106659381411338889]-HASH=[14406DC76783A180]-cluster]}, ping_response{node [{node_t1}{JMRMCPFeQ-OI3jC4mS0RAA}{127.0.0.1}{127.0.0.1:9421}[mode=>network]], id[616], master [null], hasJoinedOnce [false], cluster_name[TEST-CHILD_VM=[0]-CLUSTER_SEED=[-8106659381411338889]-HASH=[14406DC76783A180]-cluster]}, ping_response{node [{node_t1}{JMRMCPFeQ-OI3jC4mS0RAA}{127.0.0.1}{127.0.0.1:9421}[mode=>network]], id[616], master [null], hasJoinedOnce [false], cluster_name[TEST-CHILD_VM=[0]-CLUSTER_SEED=[-8106659381411338889]-HASH=[14406DC76783A180]-cluster]}, ping_response{node [{node_t0}{nMu_6boQR--7IGHETEaC6A}{127.0.0.1}{127.0.0.1:9420}[mode=>network]], id[622], master [null], hasJoinedOnce [false], cluster_name[TEST-CHILD_VM=[0]-CLUSTER_SEED=[-8106659381411338889]-HASH=[14406DC76783A180]-cluster]}, ping_response{node [{node_t0}{nMu_6boQR--7IGHETEaC6A}{127.0.0.1}{127.0.0.1:9420}[mode=>network]], id[622], master [null], hasJoinedOnce [false], cluster_name[TEST-CHILD_VM=[0]-CLUSTER_SEED=[-8106659381411338889]-HASH=[14406DC76783A180]-cluster]}, ping_response{node [{node_t1}{JMRMCPFeQ-OI3jC4mS0RAA}{127.0.0.1}{127.0.0.1:9421}[mode=>network]], id[627], master [null], hasJoinedOnce [false], cluster_name[TEST-CHILD_VM=[0]-CLUSTER_SEED=[-8106659381411338889]-HASH=[14406DC76783A180]-cluster]}]
[2016-03-29 17:29:43,156][TRACE][org.elasticsearch.discovery.zen.ping.unicast] [node_t0] [3] received response from {#zen_unicast_11_JMRMCPFeQ-OI3jC4mS0RAA#}{127.0.0.1}{127.0.0.1:9421}[mode=>network]: [ping_response{node [{node_t1}{JMRMCPFeQ-OI3jC4mS0RAA}{127.0.0.1}{127.0.0.1:9421}[mode=>network]], id[616], master [null], hasJoinedOnce [false], cluster_name[TEST-CHILD_VM=[0]-CLUSTER_SEED=[-8106659381411338889]-HASH=[14406DC76783A180]-cluster]}, ping_response{node [{node_t1}{JMRMCPFeQ-OI3jC4mS0RAA}{127.0.0.1}{127.0.0.1:9421}[mode=>network]], id[616], master [null], hasJoinedOnce [false], cluster_name[TEST-CHILD_VM=[0]-CLUSTER_SEED=[-8106659381411338889]-HASH=[14406DC76783A180]-cluster]}, ping_response{node [{node_t1}{JMRMCPFeQ-OI3jC4mS0RAA}{127.0.0.1}{127.0.0.1:9421}[mode=>network]], id[616], master [null], hasJoinedOnce [false], cluster_name[TEST-CHILD_VM=[0]-CLUSTER_SEED=[-8106659381411338889]-HASH=[14406DC76783A180]-cluster]}, ping_response{node [{node_t0}{nMu_6boQR--7IGHETEaC6A}{127.0.0.1}{127.0.0.1:9420}[mode=>network]], id[622], master [null], hasJoinedOnce [false], cluster_name[TEST-CHILD_VM=[0]-CLUSTER_SEED=[-8106659381411338889]-HASH=[14406DC76783A180]-cluster]}, ping_response{node [{node_t0}{nMu_6boQR--7IGHETEaC6A}{127.0.0.1}{127.0.0.1:9420}[mode=>network]], id[622], master [null], hasJoinedOnce [false], cluster_name[TEST-CHILD_VM=[0]-CLUSTER_SEED=[-8106659381411338889]-HASH=[14406DC76783A180]-cluster]}, ping_response{node [{node_t0}{nMu_6boQR--7IGHETEaC6A}{127.0.0.1}{127.0.0.1:9420}[mode=>network]], id[622], master [null], hasJoinedOnce [false], cluster_name[TEST-CHILD_VM=[0]-CLUSTER_SEED=[-8106659381411338889]-HASH=[14406DC76783A180]-cluster]}, ping_response{node [{node_t1}{JMRMCPFeQ-OI3jC4mS0RAA}{127.0.0.1}{127.0.0.1:9421}[mode=>network]], id[628], master [null], hasJoinedOnce [false], cluster_name[TEST-CHILD_VM=[0]-CLUSTER_SEED=[-8106659381411338889]-HASH=[14406DC76783A180]-cluster]}]
[2016-03-29 17:29:43,156][TRACE][org.elasticsearch.discovery.zen.ping.unicast] [node_t0] [3] disconnecting from {#zen_unicast_2#}{127.0.0.1}{127.0.0.1:9421}
[2016-03-29 17:29:43,156][TRACE][org.elasticsearch.discovery.zen] [node_t0] full ping responses:
	--> ping_response{node [{node_t1}{JMRMCPFeQ-OI3jC4mS0RAA}{127.0.0.1}{127.0.0.1:9421}[mode=>network]], id[628], master [null], hasJoinedOnce [false], cluster_name[TEST-CHILD_VM=[0]-CLUSTER_SEED=[-8106659381411338889]-HASH=[14406DC76783A180]-cluster]}
[2016-03-29 17:29:43,157][TRACE][org.elasticsearch.discovery.zen.ping.unicast] [node_t0] [3] disconnecting from {#zen_unicast_6#}{::1}{[::1]:9420}
[2016-03-29 17:29:43,157][DEBUG][org.elasticsearch.discovery.zen] [node_t0] filtered ping responses: (filter_client[true], filter_data[false])
	--> ping_response{node [{node_t1}{JMRMCPFeQ-OI3jC4mS0RAA}{127.0.0.1}{127.0.0.1:9421}[mode=>network]], id[628], master [null], hasJoinedOnce [false], cluster_name[TEST-CHILD_VM=[0]-CLUSTER_SEED=[-8106659381411338889]-HASH=[14406DC76783A180]-cluster]}
[2016-03-29 17:29:43,157][TRACE][org.elasticsearch.discovery.zen.ping.unicast] [node_t0] [3] disconnecting from {#zen_unicast_5#}{127.0.0.1}{127.0.0.1:9424}
[2016-03-29 17:29:43,157][TRACE][org.elasticsearch.discovery.zen] [node_t0] stopping join accumulation ([not master])
[2016-03-29 17:29:43,157][TRACE][org.elasticsearch.discovery.zen.ping.unicast] [node_t0] [3] disconnecting from {#zen_unicast_4#}{127.0.0.1}{127.0.0.1:9423}
[2016-03-29 17:29:43,157][TRACE][org.elasticsearch.discovery.zen.ping.unicast] [node_t0] [3] disconnecting from {#zen_unicast_3#}{127.0.0.1}{127.0.0.1:9422}
[2016-03-29 17:29:43,157][TRACE][org.elasticsearch.discovery.zen.ping.unicast] [node_t0] [3] disconnecting from {#zen_unicast_10#}{::1}{[::1]:9424}
[2016-03-29 17:29:43,157][TRACE][org.elasticsearch.discovery.zen.ping.unicast] [node_t0] [3] disconnecting from {#zen_unicast_9#}{::1}{[::1]:9423}
[2016-03-29 17:29:43,157][TRACE][org.elasticsearch.discovery.zen.ping.unicast] [node_t0] [3] disconnecting from {#zen_unicast_8#}{::1}{[::1]:9422}
[2016-03-29 17:29:43,157][TRACE][org.elasticsearch.discovery.zen.ping.unicast] [node_t0] [3] disconnecting from {#zen_unicast_7#}{::1}{[::1]:9421}
[2016-03-29 17:29:43,157][TRACE][org.elasticsearch.discovery.zen.ping.unicast] [node_t0] [3] disconnecting from {#zen_unicast_11_JMRMCPFeQ-OI3jC4mS0RAA#}{127.0.0.1}{127.0.0.1:9421}[mode=>network]
[2016-03-29 17:29:43,158][TRACE][org.elasticsearch.discovery.zen] [node_t0] joining master {node_t1}{JMRMCPFeQ-OI3jC4mS0RAA}{127.0.0.1}{127.0.0.1:9421}[mode=>network]
[2016-03-29 17:29:43,192][TRACE][org.elasticsearch.discovery.zen.ping.unicast] [node_t1] [1] sending to {#zen_unicast_1#}{127.0.0.1}{127.0.0.1:9420}
[2016-03-29 17:29:43,192][TRACE][org.elasticsearch.discovery.zen.ping.unicast] [node_t1] [1] sending to {node_t1}{JMRMCPFeQ-OI3jC4mS0RAA}{127.0.0.1}{127.0.0.1:9421}[mode=>network]
[2016-03-29 17:29:43,192][TRACE][org.elasticsearch.discovery.zen.ping.unicast] [node_t1] [1] received response from {node_t1}{JMRMCPFeQ-OI3jC4mS0RAA}{127.0.0.1}{127.0.0.1:9421}[mode=>network]: [ping_response{node [{node_t1}{JMRMCPFeQ-OI3jC4mS0RAA}{127.0.0.1}{127.0.0.1:9421}[mode=>network]], id[616], master [null], hasJoinedOnce [false], cluster_name[TEST-CHILD_VM=[0]-CLUSTER_SEED=[-8106659381411338889]-HASH=[14406DC76783A180]-cluster]}, ping_response{node [{node_t1}{JMRMCPFeQ-OI3jC4mS0RAA}{127.0.0.1}{127.0.0.1:9421}[mode=>network]], id[616], master [null], hasJoinedOnce [false], cluster_name[TEST-CHILD_VM=[0]-CLUSTER_SEED=[-8106659381411338889]-HASH=[14406DC76783A180]-cluster]}, ping_response{node [{node_t1}{JMRMCPFeQ-OI3jC4mS0RAA}{127.0.0.1}{127.0.0.1:9421}[mode=>network]], id[616], master [null], hasJoinedOnce [false], cluster_name[TEST-CHILD_VM=[0]-CLUSTER_SEED=[-8106659381411338889]-HASH=[14406DC76783A180]-cluster]}, ping_response{node [{node_t0}{nMu_6boQR--7IGHETEaC6A}{127.0.0.1}{127.0.0.1:9420}[mode=>network]], id[622], master [null], hasJoinedOnce [false], cluster_name[TEST-CHILD_VM=[0]-CLUSTER_SEED=[-8106659381411338889]-HASH=[14406DC76783A180]-cluster]}, ping_response{node [{node_t0}{nMu_6boQR--7IGHETEaC6A}{127.0.0.1}{127.0.0.1:9420}[mode=>network]], id[622], master [null], hasJoinedOnce [false], cluster_name[TEST-CHILD_VM=[0]-CLUSTER_SEED=[-8106659381411338889]-HASH=[14406DC76783A180]-cluster]}, ping_response{node [{node_t0}{nMu_6boQR--7IGHETEaC6A}{127.0.0.1}{127.0.0.1:9420}[mode=>network]], id[622], master [null], hasJoinedOnce [false], cluster_name[TEST-CHILD_VM=[0]-CLUSTER_SEED=[-8106659381411338889]-HASH=[14406DC76783A180]-cluster]}, ping_response{node [{node_t1}{JMRMCPFeQ-OI3jC4mS0RAA}{127.0.0.1}{127.0.0.1:9421}[mode=>network]], id[629], master [null], hasJoinedOnce [false], cluster_name[TEST-CHILD_VM=[0]-CLUSTER_SEED=[-8106659381411338889]-HASH=[14406DC76783A180]-cluster]}, ping_response{node [{node_t1}{JMRMCPFeQ-OI3jC4mS0RAA}{127.0.0.1}{127.0.0.1:9421}[mode=>network]], id[630], master [null], hasJoinedOnce [false], cluster_name[TEST-CHILD_VM=[0]-CLUSTER_SEED=[-8106659381411338889]-HASH=[14406DC76783A180]-cluster]}]
[2016-03-29 17:29:43,193][TRACE][org.elasticsearch.discovery.zen.ping.unicast] [node_t1] [1] sending to {#zen_unicast_6#}{::1}{[::1]:9420}
[2016-03-29 17:29:43,193][TRACE][org.elasticsearch.discovery.zen.ping.unicast] [node_t1] [1] connecting (light) to {#zen_unicast_3#}{127.0.0.1}{127.0.0.1:9422}
[2016-03-29 17:29:43,193][TRACE][org.elasticsearch.discovery.zen.ping.unicast] [node_t1] [1] received response from {#zen_unicast_1#}{127.0.0.1}{127.0.0.1:9420}: [ping_response{node [{node_t0}{nMu_6boQR--7IGHETEaC6A}{127.0.0.1}{127.0.0.1:9420}[mode=>network]], id[600], master [null], hasJoinedOnce [false], cluster_name[TEST-CHILD_VM=[0]-CLUSTER_SEED=[-8106659381411338889]-HASH=[14406DC76783A180]-cluster]}, ping_response{node [{node_t0}{nMu_6boQR--7IGHETEaC6A}{127.0.0.1}{127.0.0.1:9420}[mode=>network]], id[600], master [null], hasJoinedOnce [false], cluster_name[TEST-CHILD_VM=[0]-CLUSTER_SEED=[-8106659381411338889]-HASH=[14406DC76783A180]-cluster]}, ping_response{node [{node_t0}{nMu_6boQR--7IGHETEaC6A}{127.0.0.1}{127.0.0.1:9420}[mode=>network]], id[600], master [null], hasJoinedOnce [false], cluster_name[TEST-CHILD_VM=[0]-CLUSTER_SEED=[-8106659381411338889]-HASH=[14406DC76783A180]-cluster]}, ping_response{node [{node_t0}{nMu_6boQR--7IGHETEaC6A}{127.0.0.1}{127.0.0.1:9420}[mode=>network]], id[604], master [null], hasJoinedOnce [false], cluster_name[TEST-CHILD_VM=[0]-CLUSTER_SEED=[-8106659381411338889]-HASH=[14406DC76783A180]-cluster]}, ping_response{node [{node_t0}{nMu_6boQR--7IGHETEaC6A}{127.0.0.1}{127.0.0.1:9420}[mode=>network]], id[604], master [null], hasJoinedOnce [false], cluster_name[TEST-CHILD_VM=[0]-CLUSTER_SEED=[-8106659381411338889]-HASH=[14406DC76783A180]-cluster]}, ping_response{node [{node_t0}{nMu_6boQR--7IGHETEaC6A}{127.0.0.1}{127.0.0.1:9420}[mode=>network]], id[604], master [null], hasJoinedOnce [false], cluster_name[TEST-CHILD_VM=[0]-CLUSTER_SEED=[-8106659381411338889]-HASH=[14406DC76783A180]-cluster]}, ping_response{node [{node_t0}{nMu_6boQR--7IGHETEaC6A}{127.0.0.1}{127.0.0.1:9420}[mode=>network]], id[608], master [null], hasJoinedOnce [false], cluster_name[TEST-CHILD_VM=[0]-CLUSTER_SEED=[-8106659381411338889]-HASH=[14406DC76783A180]-cluster]}, ping_response{node [{node_t0}{nMu_6boQR--7IGHETEaC6A}{127.0.0.1}{127.0.0.1:9420}[mode=>network]], id[608], master [null], hasJoinedOnce [false], cluster_name[TEST-CHILD_VM=[0]-CLUSTER_SEED=[-8106659381411338889]-HASH=[14406DC76783A180]-cluster]}, ping_response{node [{node_t0}{nMu_6boQR--7IGHETEaC6A}{127.0.0.1}{127.0.0.1:9420}[mode=>network]], id[608], master [null], hasJoinedOnce [false], cluster_name[TEST-CHILD_VM=[0]-CLUSTER_SEED=[-8106659381411338889]-HASH=[14406DC76783A180]-cluster]}, ping_response{node [{node_t0}{nMu_6boQR--7IGHETEaC6A}{127.0.0.1}{127.0.0.1:9420}[mode=>network]], id[612], master [null], hasJoinedOnce [false], cluster_name[TEST-CHILD_VM=[0]-CLUSTER_SEED=[-8106659381411338889]-HASH=[14406DC76783A180]-cluster]}, ping_response{node [{node_t0}{nMu_6boQR--7IGHETEaC6A}{127.0.0.1}{127.0.0.1:9420}[mode=>network]], id[612], master [null], hasJoinedOnce [false], cluster_name[TEST-CHILD_VM=[0]-CLUSTER_SEED=[-8106659381411338889]-HASH=[14406DC76783A180]-cluster]}, ping_response{node [{node_t0}{nMu_6boQR--7IGHETEaC6A}{127.0.0.1}{127.0.0.1:9420}[mode=>network]], id[612], master [null], hasJoinedOnce [false], cluster_name[TEST-CHILD_VM=[0]-CLUSTER_SEED=[-8106659381411338889]-HASH=[14406DC76783A180]-cluster]}, ping_response{node [{node_t1}{JMRMCPFeQ-OI3jC4mS0RAA}{127.0.0.1}{127.0.0.1:9421}[mode=>network]], id[616], master [null], hasJoinedOnce [false], cluster_name[TEST-CHILD_VM=[0]-CLUSTER_SEED=[-8106659381411338889]-HASH=[14406DC76783A180]-cluster]}, ping_response{node [{node_t1}{JMRMCPFeQ-OI3jC4mS0RAA}{127.0.0.1}{127.0.0.1:9421}[mode=>network]], id[616], master [null], hasJoinedOnce [false], cluster_name[TEST-CHILD_VM=[0]-CLUSTER_SEED=[-8106659381411338889]-HASH=[14406DC76783A180]-cluster]}, ping_response{node [{node_t0}{nMu_6boQR--7IGHETEaC6A}{127.0.0.1}{127.0.0.1:9420}[mode=>network]], id[622], master [null], hasJoinedOnce [false], cluster_name[TEST-CHILD_VM=[0]-CLUSTER_SEED=[-8106659381411338889]-HASH=[14406DC76783A180]-cluster]}, ping_response{node [{node_t0}{nMu_6boQR--7IGHETEaC6A}{127.0.0.1}{127.0.0.1:9420}[mode=>network]], id[622], master [null], hasJoinedOnce [false], cluster_name[TEST-CHILD_VM=[0]-CLUSTER_SEED=[-8106659381411338889]-HASH=[14406DC76783A180]-cluster]}, ping_response{node [{node_t0}{nMu_6boQR--7IGHETEaC6A}{127.0.0.1}{127.0.0.1:9420}[mode=>network]], id[622], master [null], hasJoinedOnce [false], cluster_name[TEST-CHILD_VM=[0]-CLUSTER_SEED=[-8106659381411338889]-HASH=[14406DC76783A180]-cluster]}, ping_response{node [{node_t1}{JMRMCPFeQ-OI3jC4mS0RAA}{127.0.0.1}{127.0.0.1:9421}[mode=>network]], id[629], master [null], hasJoinedOnce [false], cluster_name[TEST-CHILD_VM=[0]-CLUSTER_SEED=[-8106659381411338889]-HASH=[14406DC76783A180]-cluster]}, ping_response{node [{node_t0}{nMu_6boQR--7IGHETEaC6A}{127.0.0.1}{127.0.0.1:9420}[mode=>network]], id[631], master [null], hasJoinedOnce [false], cluster_name[TEST-CHILD_VM=[0]-CLUSTER_SEED=[-8106659381411338889]-HASH=[14406DC76783A180]-cluster]}]
[2016-03-29 17:29:43,193][TRACE][org.elasticsearch.discovery.zen.ping.unicast] [node_t1] [1] sending to {#zen_unicast_7#}{::1}{[::1]:9421}
[2016-03-29 17:29:43,193][TRACE][org.elasticsearch.discovery.zen.ping.unicast] [node_t1] [1] connecting (light) to {#zen_unicast_5#}{127.0.0.1}{127.0.0.1:9424}
[2016-03-29 17:29:43,194][TRACE][org.elasticsearch.discovery.zen.ping.unicast] [node_t1] [1] connecting (light) to {#zen_unicast_8#}{::1}{[::1]:9422}
[2016-03-29 17:29:43,194][TRACE][org.elasticsearch.discovery.zen.ping.unicast] [node_t1] [1] connecting (light) to {#zen_unicast_9#}{::1}{[::1]:9423}
[2016-03-29 17:29:43,193][TRACE][org.elasticsearch.discovery.zen.ping.unicast] [node_t1] [1] connecting (light) to {#zen_unicast_4#}{127.0.0.1}{127.0.0.1:9423}
[2016-03-29 17:29:43,195][TRACE][org.elasticsearch.discovery.zen.ping.unicast] [node_t1] [1] failed to connect to {#zen_unicast_3#}{127.0.0.1}{127.0.0.1:9422}
ConnectTransportException[[][127.0.0.1:9422] connect_timeout[30s]]; nested: ConnectException[Connection refused: /127.0.0.1:9422];
	at org.elasticsearch.transport.netty.NettyTransport.connectToChannelsLight(NettyTransport.java:954)
	at org.elasticsearch.transport.netty.NettyTransport.connectToNode(NettyTransport.java:918)
	at org.elasticsearch.transport.netty.NettyTransport.connectToNodeLight(NettyTransport.java:890)
	at org.elasticsearch.test.transport.MockTransportService$LookupTestTransport.connectToNodeLight(MockTransportService.java:413)
	at org.elasticsearch.transport.TransportService.connectToNodeLight(TransportService.java:242)
	at org.elasticsearch.discovery.zen.ping.unicast.UnicastZenPing$3.run(UnicastZenPing.java:395)
	at java.util.concurrent.ThreadPoolExecutor.runWorker(ThreadPoolExecutor.java:1142)
	at java.util.concurrent.ThreadPoolExecutor$Worker.run(ThreadPoolExecutor.java:617)
	at java.lang.Thread.run(Thread.java:745)
Caused by: java.net.ConnectException: Connection refused: /127.0.0.1:9422
	at sun.nio.ch.SocketChannelImpl.checkConnect(Native Method)
	at sun.nio.ch.SocketChannelImpl.finishConnect(SocketChannelImpl.java:712)
	at org.jboss.netty.channel.socket.nio.NioClientBoss.connect(NioClientBoss.java:152)
	at org.jboss.netty.channel.socket.nio.NioClientBoss.processSelectedKeys(NioClientBoss.java:105)
	at org.jboss.netty.channel.socket.nio.NioClientBoss.process(NioClientBoss.java:79)
	at org.jboss.netty.channel.socket.nio.AbstractNioSelector.run(AbstractNioSelector.java:337)
	at org.jboss.netty.channel.socket.nio.NioClientBoss.run(NioClientBoss.java:42)
	at org.jboss.netty.util.ThreadRenamingRunnable.run(ThreadRenamingRunnable.java:108)
	at org.jboss.netty.util.internal.DeadLockProofWorker$1.run(DeadLockProofWorker.java:42)
	... 3 more
[2016-03-29 17:29:43,194][TRACE][org.elasticsearch.discovery.zen.ping.unicast] [node_t1] [1] connecting (light) to {#zen_unicast_10#}{::1}{[::1]:9424}
[2016-03-29 17:29:43,195][TRACE][org.elasticsearch.discovery.zen.ping.unicast] [node_t1] [1] failed to connect to {#zen_unicast_5#}{127.0.0.1}{127.0.0.1:9424}
ConnectTransportException[[][127.0.0.1:9424] connect_timeout[30s]]; nested: ConnectException[Connection refused: /127.0.0.1:9424];
	at org.elasticsearch.transport.netty.NettyTransport.connectToChannelsLight(NettyTransport.java:954)
	at org.elasticsearch.transport.netty.NettyTransport.connectToNode(NettyTransport.java:918)
	at org.elasticsearch.transport.netty.NettyTransport.connectToNodeLight(NettyTransport.java:890)
	at org.elasticsearch.test.transport.MockTransportService$LookupTestTransport.connectToNodeLight(MockTransportService.java:413)
	at org.elasticsearch.transport.TransportService.connectToNodeLight(TransportService.java:242)
	at org.elasticsearch.discovery.zen.ping.unicast.UnicastZenPing$3.run(UnicastZenPing.java:395)
	at java.util.concurrent.ThreadPoolExecutor.runWorker(ThreadPoolExecutor.java:1142)
	at java.util.concurrent.ThreadPoolExecutor$Worker.run(ThreadPoolExecutor.java:617)
	at java.lang.Thread.run(Thread.java:745)
Caused by: java.net.ConnectException: Connection refused: /127.0.0.1:9424
	at sun.nio.ch.SocketChannelImpl.checkConnect(Native Method)
	at sun.nio.ch.SocketChannelImpl.finishConnect(SocketChannelImpl.java:712)
	at org.jboss.netty.channel.socket.nio.NioClientBoss.connect(NioClientBoss.java:152)
	at org.jboss.netty.channel.socket.nio.NioClientBoss.processSelectedKeys(NioClientBoss.java:105)
	at org.jboss.netty.channel.socket.nio.NioClientBoss.process(NioClientBoss.java:79)
	at org.jboss.netty.channel.socket.nio.AbstractNioSelector.run(AbstractNioSelector.java:337)
	at org.jboss.netty.channel.socket.nio.NioClientBoss.run(NioClientBoss.java:42)
	at org.jboss.netty.util.ThreadRenamingRunnable.run(ThreadRenamingRunnable.java:108)
	at org.jboss.netty.util.internal.DeadLockProofWorker$1.run(DeadLockProofWorker.java:42)
	... 3 more
[2016-03-29 17:29:43,195][TRACE][org.elasticsearch.discovery.zen.ping.unicast] [node_t1] [1] failed to connect to {#zen_unicast_4#}{127.0.0.1}{127.0.0.1:9423}
ConnectTransportException[[][127.0.0.1:9423] connect_timeout[30s]]; nested: ConnectException[Connection refused: /127.0.0.1:9423];
	at org.elasticsearch.transport.netty.NettyTransport.connectToChannelsLight(NettyTransport.java:954)
	at org.elasticsearch.transport.netty.NettyTransport.connectToNode(NettyTransport.java:918)
	at org.elasticsearch.transport.netty.NettyTransport.connectToNodeLight(NettyTransport.java:890)
	at org.elasticsearch.test.transport.MockTransportService$LookupTestTransport.connectToNodeLight(MockTransportService.java:413)
	at org.elasticsearch.transport.TransportService.connectToNodeLight(TransportService.java:242)
	at org.elasticsearch.discovery.zen.ping.unicast.UnicastZenPing$3.run(UnicastZenPing.java:395)
	at java.util.concurrent.ThreadPoolExecutor.runWorker(ThreadPoolExecutor.java:1142)
	at java.util.concurrent.ThreadPoolExecutor$Worker.run(ThreadPoolExecutor.java:617)
	at java.lang.Thread.run(Thread.java:745)
Caused by: java.net.ConnectException: Connection refused: /127.0.0.1:9423
	at sun.nio.ch.SocketChannelImpl.checkConnect(Native Method)
	at sun.nio.ch.SocketChannelImpl.finishConnect(SocketChannelImpl.java:712)
	at org.jboss.netty.channel.socket.nio.NioClientBoss.connect(NioClientBoss.java:152)
	at org.jboss.netty.channel.socket.nio.NioClientBoss.processSelectedKeys(NioClientBoss.java:105)
	at org.jboss.netty.channel.socket.nio.NioClientBoss.process(NioClientBoss.java:79)
	at org.jboss.netty.channel.socket.nio.AbstractNioSelector.run(AbstractNioSelector.java:337)
	at org.jboss.netty.channel.socket.nio.NioClientBoss.run(NioClientBoss.java:42)
	at org.jboss.netty.util.ThreadRenamingRunnable.run(ThreadRenamingRunnable.java:108)
	at org.jboss.netty.util.internal.DeadLockProofWorker$1.run(DeadLockProofWorker.java:42)
	... 3 more
[2016-03-29 17:29:43,194][TRACE][org.elasticsearch.discovery.zen.ping.unicast] [node_t1] [1] sending to {node_t1}{JMRMCPFeQ-OI3jC4mS0RAA}{127.0.0.1}{127.0.0.1:9421}[mode=>network]
[2016-03-29 17:29:43,195][TRACE][org.elasticsearch.discovery.zen.ping.unicast] [node_t1] [1] failed to connect to {#zen_unicast_10#}{::1}{[::1]:9424}
ConnectTransportException[[][[::1]:9424] connect_timeout[30s]]; nested: ConnectException[Connection refused: /0:0:0:0:0:0:0:1:9424];
	at org.elasticsearch.transport.netty.NettyTransport.connectToChannelsLight(NettyTransport.java:954)
	at org.elasticsearch.transport.netty.NettyTransport.connectToNode(NettyTransport.java:918)
	at org.elasticsearch.transport.netty.NettyTransport.connectToNodeLight(NettyTransport.java:890)
	at org.elasticsearch.test.transport.MockTransportService$LookupTestTransport.connectToNodeLight(MockTransportService.java:413)
	at org.elasticsearch.transport.TransportService.connectToNodeLight(TransportService.java:242)
	at org.elasticsearch.discovery.zen.ping.unicast.UnicastZenPing$3.run(UnicastZenPing.java:395)
	at java.util.concurrent.ThreadPoolExecutor.runWorker(ThreadPoolExecutor.java:1142)
	at java.util.concurrent.ThreadPoolExecutor$Worker.run(ThreadPoolExecutor.java:617)
	at java.lang.Thread.run(Thread.java:745)
Caused by: java.net.ConnectException: Connection refused: /0:0:0:0:0:0:0:1:9424
	at sun.nio.ch.SocketChannelImpl.checkConnect(Native Method)
	at sun.nio.ch.SocketChannelImpl.finishConnect(SocketChannelImpl.java:712)
	at org.jboss.netty.channel.socket.nio.NioClientBoss.connect(NioClientBoss.java:152)
	at org.jboss.netty.channel.socket.nio.NioClientBoss.processSelectedKeys(NioClientBoss.java:105)
	at org.jboss.netty.channel.socket.nio.NioClientBoss.process(NioClientBoss.java:79)
	at org.jboss.netty.channel.socket.nio.AbstractNioSelector.run(AbstractNioSelector.java:337)
	at org.jboss.netty.channel.socket.nio.NioClientBoss.run(NioClientBoss.java:42)
	at org.jboss.netty.util.ThreadRenamingRunnable.run(ThreadRenamingRunnable.java:108)
	at org.jboss.netty.util.internal.DeadLockProofWorker$1.run(DeadLockProofWorker.java:42)
	... 3 more
[2016-03-29 17:29:43,195][TRACE][org.elasticsearch.discovery.zen.ping.unicast] [node_t1] [1] failed to connect to {#zen_unicast_9#}{::1}{[::1]:9423}
ConnectTransportException[[][[::1]:9423] connect_timeout[30s]]; nested: ConnectException[Connection refused: /0:0:0:0:0:0:0:1:9423];
	at org.elasticsearch.transport.netty.NettyTransport.connectToChannelsLight(NettyTransport.java:954)
	at org.elasticsearch.transport.netty.NettyTransport.connectToNode(NettyTransport.java:918)
	at org.elasticsearch.transport.netty.NettyTransport.connectToNodeLight(NettyTransport.java:890)
	at org.elasticsearch.test.transport.MockTransportService$LookupTestTransport.connectToNodeLight(MockTransportService.java:413)
	at org.elasticsearch.transport.TransportService.connectToNodeLight(TransportService.java:242)
	at org.elasticsearch.discovery.zen.ping.unicast.UnicastZenPing$3.run(UnicastZenPing.java:395)
	at java.util.concurrent.ThreadPoolExecutor.runWorker(ThreadPoolExecutor.java:1142)
	at java.util.concurrent.ThreadPoolExecutor$Worker.run(ThreadPoolExecutor.java:617)
	at java.lang.Thread.run(Thread.java:745)
Caused by: java.net.ConnectException: Connection refused: /0:0:0:0:0:0:0:1:9423
	at sun.nio.ch.SocketChannelImpl.checkConnect(Native Method)
	at sun.nio.ch.SocketChannelImpl.finishConnect(SocketChannelImpl.java:712)
	at org.jboss.netty.channel.socket.nio.NioClientBoss.connect(NioClientBoss.java:152)
	at org.jboss.netty.channel.socket.nio.NioClientBoss.processSelectedKeys(NioClientBoss.java:105)
	at org.jboss.netty.channel.socket.nio.NioClientBoss.process(NioClientBoss.java:79)
	at org.jboss.netty.channel.socket.nio.AbstractNioSelector.run(AbstractNioSelector.java:337)
	at org.jboss.netty.channel.socket.nio.NioClientBoss.run(NioClientBoss.java:42)
	at org.jboss.netty.util.ThreadRenamingRunnable.run(ThreadRenamingRunnable.java:108)
	at org.jboss.netty.util.internal.DeadLockProofWorker$1.run(DeadLockProofWorker.java:42)
	... 3 more
[2016-03-29 17:29:43,195][TRACE][org.elasticsearch.discovery.zen.ping.unicast] [node_t1] [1] failed to connect to {#zen_unicast_8#}{::1}{[::1]:9422}
ConnectTransportException[[][[::1]:9422] connect_timeout[30s]]; nested: ConnectException[Connection refused: /0:0:0:0:0:0:0:1:9422];
	at org.elasticsearch.transport.netty.NettyTransport.connectToChannelsLight(NettyTransport.java:954)
	at org.elasticsearch.transport.netty.NettyTransport.connectToNode(NettyTransport.java:918)
	at org.elasticsearch.transport.netty.NettyTransport.connectToNodeLight(NettyTransport.java:890)
	at org.elasticsearch.test.transport.MockTransportService$LookupTestTransport.connectToNodeLight(MockTransportService.java:413)
	at org.elasticsearch.transport.TransportService.connectToNodeLight(TransportService.java:242)
	at org.elasticsearch.discovery.zen.ping.unicast.UnicastZenPing$3.run(UnicastZenPing.java:395)
	at java.util.concurrent.ThreadPoolExecutor.runWorker(ThreadPoolExecutor.java:1142)
	at java.util.concurrent.ThreadPoolExecutor$Worker.run(ThreadPoolExecutor.java:617)
	at java.lang.Thread.run(Thread.java:745)
Caused by: java.net.ConnectException: Connection refused: /0:0:0:0:0:0:0:1:9422
	at sun.nio.ch.SocketChannelImpl.checkConnect(Native Method)
	at sun.nio.ch.SocketChannelImpl.finishConnect(SocketChannelImpl.java:712)
	at org.jboss.netty.channel.socket.nio.NioClientBoss.connect(NioClientBoss.java:152)
	at org.jboss.netty.channel.socket.nio.NioClientBoss.processSelectedKeys(NioClientBoss.java:105)
	at org.jboss.netty.channel.socket.nio.NioClientBoss.process(NioClientBoss.java:79)
	at org.jboss.netty.channel.socket.nio.AbstractNioSelector.run(AbstractNioSelector.java:337)
	at org.jboss.netty.channel.socket.nio.NioClientBoss.run(NioClientBoss.java:42)
	at org.jboss.netty.util.ThreadRenamingRunnable.run(ThreadRenamingRunnable.java:108)
	at org.jboss.netty.util.internal.DeadLockProofWorker$1.run(DeadLockProofWorker.java:42)
	... 3 more
[2016-03-29 17:29:43,195][TRACE][org.elasticsearch.discovery.zen.ping.unicast] [node_t1] [1] received response from {#zen_unicast_7#}{::1}{[::1]:9421}: [ping_response{node [{node_t1}{JMRMCPFeQ-OI3jC4mS0RAA}{127.0.0.1}{127.0.0.1:9421}[mode=>network]], id[616], master [null], hasJoinedOnce [false], cluster_name[TEST-CHILD_VM=[0]-CLUSTER_SEED=[-8106659381411338889]-HASH=[14406DC76783A180]-cluster]}, ping_response{node [{node_t1}{JMRMCPFeQ-OI3jC4mS0RAA}{127.0.0.1}{127.0.0.1:9421}[mode=>network]], id[616], master [null], hasJoinedOnce [false], cluster_name[TEST-CHILD_VM=[0]-CLUSTER_SEED=[-8106659381411338889]-HASH=[14406DC76783A180]-cluster]}, ping_response{node [{node_t1}{JMRMCPFeQ-OI3jC4mS0RAA}{127.0.0.1}{127.0.0.1:9421}[mode=>network]], id[616], master [null], hasJoinedOnce [false], cluster_name[TEST-CHILD_VM=[0]-CLUSTER_SEED=[-8106659381411338889]-HASH=[14406DC76783A180]-cluster]}, ping_response{node [{node_t0}{nMu_6boQR--7IGHETEaC6A}{127.0.0.1}{127.0.0.1:9420}[mode=>network]], id[622], master [null], hasJoinedOnce [false], cluster_name[TEST-CHILD_VM=[0]-CLUSTER_SEED=[-8106659381411338889]-HASH=[14406DC76783A180]-cluster]}, ping_response{node [{node_t0}{nMu_6boQR--7IGHETEaC6A}{127.0.0.1}{127.0.0.1:9420}[mode=>network]], id[622], master [null], hasJoinedOnce [false], cluster_name[TEST-CHILD_VM=[0]-CLUSTER_SEED=[-8106659381411338889]-HASH=[14406DC76783A180]-cluster]}, ping_response{node [{node_t0}{nMu_6boQR--7IGHETEaC6A}{127.0.0.1}{127.0.0.1:9420}[mode=>network]], id[622], master [null], hasJoinedOnce [false], cluster_name[TEST-CHILD_VM=[0]-CLUSTER_SEED=[-8106659381411338889]-HASH=[14406DC76783A180]-cluster]}, ping_response{node [{node_t1}{JMRMCPFeQ-OI3jC4mS0RAA}{127.0.0.1}{127.0.0.1:9421}[mode=>network]], id[629], master [null], hasJoinedOnce [false], cluster_name[TEST-CHILD_VM=[0]-CLUSTER_SEED=[-8106659381411338889]-HASH=[14406DC76783A180]-cluster]}, ping_response{node [{node_t1}{JMRMCPFeQ-OI3jC4mS0RAA}{127.0.0.1}{127.0.0.1:9421}[mode=>network]], id[629], master [null], hasJoinedOnce [false], cluster_name[TEST-CHILD_VM=[0]-CLUSTER_SEED=[-8106659381411338889]-HASH=[14406DC76783A180]-cluster]}, ping_response{node [{node_t1}{JMRMCPFeQ-OI3jC4mS0RAA}{127.0.0.1}{127.0.0.1:9421}[mode=>network]], id[632], master [null], hasJoinedOnce [false], cluster_name[TEST-CHILD_VM=[0]-CLUSTER_SEED=[-8106659381411338889]-HASH=[14406DC76783A180]-cluster]}]
[2016-03-29 17:29:43,196][TRACE][org.elasticsearch.discovery.zen.ping.unicast] [node_t1] [1] received response from {node_t1}{JMRMCPFeQ-OI3jC4mS0RAA}{127.0.0.1}{127.0.0.1:9421}[mode=>network]: [ping_response{node [{node_t1}{JMRMCPFeQ-OI3jC4mS0RAA}{127.0.0.1}{127.0.0.1:9421}[mode=>network]], id[616], master [null], hasJoinedOnce [false], cluster_name[TEST-CHILD_VM=[0]-CLUSTER_SEED=[-8106659381411338889]-HASH=[14406DC76783A180]-cluster]}, ping_response{node [{node_t1}{JMRMCPFeQ-OI3jC4mS0RAA}{127.0.0.1}{127.0.0.1:9421}[mode=>network]], id[616], master [null], hasJoinedOnce [false], cluster_name[TEST-CHILD_VM=[0]-CLUSTER_SEED=[-8106659381411338889]-HASH=[14406DC76783A180]-cluster]}, ping_response{node [{node_t1}{JMRMCPFeQ-OI3jC4mS0RAA}{127.0.0.1}{127.0.0.1:9421}[mode=>network]], id[616], master [null], hasJoinedOnce [false], cluster_name[TEST-CHILD_VM=[0]-CLUSTER_SEED=[-8106659381411338889]-HASH=[14406DC76783A180]-cluster]}, ping_response{node [{node_t0}{nMu_6boQR--7IGHETEaC6A}{127.0.0.1}{127.0.0.1:9420}[mode=>network]], id[622], master [null], hasJoinedOnce [false], cluster_name[TEST-CHILD_VM=[0]-CLUSTER_SEED=[-8106659381411338889]-HASH=[14406DC76783A180]-cluster]}, ping_response{node [{node_t0}{nMu_6boQR--7IGHETEaC6A}{127.0.0.1}{127.0.0.1:9420}[mode=>network]], id[622], master [null], hasJoinedOnce [false], cluster_name[TEST-CHILD_VM=[0]-CLUSTER_SEED=[-8106659381411338889]-HASH=[14406DC76783A180]-cluster]}, ping_response{node [{node_t0}{nMu_6boQR--7IGHETEaC6A}{127.0.0.1}{127.0.0.1:9420}[mode=>network]], id[622], master [null], hasJoinedOnce [false], cluster_name[TEST-CHILD_VM=[0]-CLUSTER_SEED=[-8106659381411338889]-HASH=[14406DC76783A180]-cluster]}, ping_response{node [{node_t1}{JMRMCPFeQ-OI3jC4mS0RAA}{127.0.0.1}{127.0.0.1:9421}[mode=>network]], id[629], master [null], hasJoinedOnce [false], cluster_name[TEST-CHILD_VM=[0]-CLUSTER_SEED=[-8106659381411338889]-HASH=[14406DC76783A180]-cluster]}, ping_response{node [{node_t1}{JMRMCPFeQ-OI3jC4mS0RAA}{127.0.0.1}{127.0.0.1:9421}[mode=>network]], id[629], master [null], hasJoinedOnce [false], cluster_name[TEST-CHILD_VM=[0]-CLUSTER_SEED=[-8106659381411338889]-HASH=[14406DC76783A180]-cluster]}, ping_response{node [{node_t1}{JMRMCPFeQ-OI3jC4mS0RAA}{127.0.0.1}{127.0.0.1:9421}[mode=>network]], id[629], master [null], hasJoinedOnce [false], cluster_name[TEST-CHILD_VM=[0]-CLUSTER_SEED=[-8106659381411338889]-HASH=[14406DC76783A180]-cluster]}, ping_response{node [{node_t1}{JMRMCPFeQ-OI3jC4mS0RAA}{127.0.0.1}{127.0.0.1:9421}[mode=>network]], id[634], master [null], hasJoinedOnce [false], cluster_name[TEST-CHILD_VM=[0]-CLUSTER_SEED=[-8106659381411338889]-HASH=[14406DC76783A180]-cluster]}]
[2016-03-29 17:29:43,197][TRACE][org.elasticsearch.discovery.zen.ping.unicast] [node_t1] [1] sending to {node_t0}{nMu_6boQR--7IGHETEaC6A}{127.0.0.1}{127.0.0.1:9420}[mode=>network]
[2016-03-29 17:29:43,197][TRACE][org.elasticsearch.discovery.zen.ping.unicast] [node_t1] [1] received response from {#zen_unicast_6#}{::1}{[::1]:9420}: [ping_response{node [{node_t0}{nMu_6boQR--7IGHETEaC6A}{127.0.0.1}{127.0.0.1:9420}[mode=>network]], id[600], master [null], hasJoinedOnce [false], cluster_name[TEST-CHILD_VM=[0]-CLUSTER_SEED=[-8106659381411338889]-HASH=[14406DC76783A180]-cluster]}, ping_response{node [{node_t0}{nMu_6boQR--7IGHETEaC6A}{127.0.0.1}{127.0.0.1:9420}[mode=>network]], id[600], master [null], hasJoinedOnce [false], cluster_name[TEST-CHILD_VM=[0]-CLUSTER_SEED=[-8106659381411338889]-HASH=[14406DC76783A180]-cluster]}, ping_response{node [{node_t0}{nMu_6boQR--7IGHETEaC6A}{127.0.0.1}{127.0.0.1:9420}[mode=>network]], id[600], master [null], hasJoinedOnce [false], cluster_name[TEST-CHILD_VM=[0]-CLUSTER_SEED=[-8106659381411338889]-HASH=[14406DC76783A180]-cluster]}, ping_response{node [{node_t0}{nMu_6boQR--7IGHETEaC6A}{127.0.0.1}{127.0.0.1:9420}[mode=>network]], id[604], master [null], hasJoinedOnce [false], cluster_name[TEST-CHILD_VM=[0]-CLUSTER_SEED=[-8106659381411338889]-HASH=[14406DC76783A180]-cluster]}, ping_response{node [{node_t0}{nMu_6boQR--7IGHETEaC6A}{127.0.0.1}{127.0.0.1:9420}[mode=>network]], id[604], master [null], hasJoinedOnce [false], cluster_name[TEST-CHILD_VM=[0]-CLUSTER_SEED=[-8106659381411338889]-HASH=[14406DC76783A180]-cluster]}, ping_response{node [{node_t0}{nMu_6boQR--7IGHETEaC6A}{127.0.0.1}{127.0.0.1:9420}[mode=>network]], id[604], master [null], hasJoinedOnce [false], cluster_name[TEST-CHILD_VM=[0]-CLUSTER_SEED=[-8106659381411338889]-HASH=[14406DC76783A180]-cluster]}, ping_response{node [{node_t0}{nMu_6boQR--7IGHETEaC6A}{127.0.0.1}{127.0.0.1:9420}[mode=>network]], id[608], master [null], hasJoinedOnce [false], cluster_name[TEST-CHILD_VM=[0]-CLUSTER_SEED=[-8106659381411338889]-HASH=[14406DC76783A180]-cluster]}, ping_response{node [{node_t0}{nMu_6boQR--7IGHETEaC6A}{127.0.0.1}{127.0.0.1:9420}[mode=>network]], id[608], master [null], hasJoinedOnce [false], cluster_name[TEST-CHILD_VM=[0]-CLUSTER_SEED=[-8106659381411338889]-HASH=[14406DC76783A180]-cluster]}, ping_response{node [{node_t0}{nMu_6boQR--7IGHETEaC6A}{127.0.0.1}{127.0.0.1:9420}[mode=>network]], id[608], master [null], hasJoinedOnce [false], cluster_name[TEST-CHILD_VM=[0]-CLUSTER_SEED=[-8106659381411338889]-HASH=[14406DC76783A180]-cluster]}, ping_response{node [{node_t0}{nMu_6boQR--7IGHETEaC6A}{127.0.0.1}{127.0.0.1:9420}[mode=>network]], id[612], master [null], hasJoinedOnce [false], cluster_name[TEST-CHILD_VM=[0]-CLUSTER_SEED=[-8106659381411338889]-HASH=[14406DC76783A180]-cluster]}, ping_response{node [{node_t0}{nMu_6boQR--7IGHETEaC6A}{127.0.0.1}{127.0.0.1:9420}[mode=>network]], id[612], master [null], hasJoinedOnce [false], cluster_name[TEST-CHILD_VM=[0]-CLUSTER_SEED=[-8106659381411338889]-HASH=[14406DC76783A180]-cluster]}, ping_response{node [{node_t0}{nMu_6boQR--7IGHETEaC6A}{127.0.0.1}{127.0.0.1:9420}[mode=>network]], id[612], master [null], hasJoinedOnce [false], cluster_name[TEST-CHILD_VM=[0]-CLUSTER_SEED=[-8106659381411338889]-HASH=[14406DC76783A180]-cluster]}, ping_response{node [{node_t1}{JMRMCPFeQ-OI3jC4mS0RAA}{127.0.0.1}{127.0.0.1:9421}[mode=>network]], id[616], master [null], hasJoinedOnce [false], cluster_name[TEST-CHILD_VM=[0]-CLUSTER_SEED=[-8106659381411338889]-HASH=[14406DC76783A180]-cluster]}, ping_response{node [{node_t1}{JMRMCPFeQ-OI3jC4mS0RAA}{127.0.0.1}{127.0.0.1:9421}[mode=>network]], id[616], master [null], hasJoinedOnce [false], cluster_name[TEST-CHILD_VM=[0]-CLUSTER_SEED=[-8106659381411338889]-HASH=[14406DC76783A180]-cluster]}, ping_response{node [{node_t0}{nMu_6boQR--7IGHETEaC6A}{127.0.0.1}{127.0.0.1:9420}[mode=>network]], id[622], master [null], hasJoinedOnce [false], cluster_name[TEST-CHILD_VM=[0]-CLUSTER_SEED=[-8106659381411338889]-HASH=[14406DC76783A180]-cluster]}, ping_response{node [{node_t0}{nMu_6boQR--7IGHETEaC6A}{127.0.0.1}{127.0.0.1:9420}[mode=>network]], id[622], master [null], hasJoinedOnce [false], cluster_name[TEST-CHILD_VM=[0]-CLUSTER_SEED=[-8106659381411338889]-HASH=[14406DC76783A180]-cluster]}, ping_response{node [{node_t0}{nMu_6boQR--7IGHETEaC6A}{127.0.0.1}{127.0.0.1:9420}[mode=>network]], id[622], master [null], hasJoinedOnce [false], cluster_name[TEST-CHILD_VM=[0]-CLUSTER_SEED=[-8106659381411338889]-HASH=[14406DC76783A180]-cluster]}, ping_response{node [{node_t1}{JMRMCPFeQ-OI3jC4mS0RAA}{127.0.0.1}{127.0.0.1:9421}[mode=>network]], id[629], master [null], hasJoinedOnce [false], cluster_name[TEST-CHILD_VM=[0]-CLUSTER_SEED=[-8106659381411338889]-HASH=[14406DC76783A180]-cluster]}, ping_response{node [{node_t1}{JMRMCPFeQ-OI3jC4mS0RAA}{127.0.0.1}{127.0.0.1:9421}[mode=>network]], id[629], master [null], hasJoinedOnce [false], cluster_name[TEST-CHILD_VM=[0]-CLUSTER_SEED=[-8106659381411338889]-HASH=[14406DC76783A180]-cluster]}, ping_response{node [{node_t0}{nMu_6boQR--7IGHETEaC6A}{127.0.0.1}{127.0.0.1:9420}[mode=>network]], id[633], master [null], hasJoinedOnce [false], cluster_name[TEST-CHILD_VM=[0]-CLUSTER_SEED=[-8106659381411338889]-HASH=[14406DC76783A180]-cluster]}]
[2016-03-29 17:29:43,198][TRACE][org.elasticsearch.discovery.zen.ping.unicast] [node_t1] [1] received response from {node_t0}{nMu_6boQR--7IGHETEaC6A}{127.0.0.1}{127.0.0.1:9420}[mode=>network]: [ping_response{node [{node_t0}{nMu_6boQR--7IGHETEaC6A}{127.0.0.1}{127.0.0.1:9420}[mode=>network]], id[600], master [null], hasJoinedOnce [false], cluster_name[TEST-CHILD_VM=[0]-CLUSTER_SEED=[-8106659381411338889]-HASH=[14406DC76783A180]-cluster]}, ping_response{node [{node_t0}{nMu_6boQR--7IGHETEaC6A}{127.0.0.1}{127.0.0.1:9420}[mode=>network]], id[600], master [null], hasJoinedOnce [false], cluster_name[TEST-CHILD_VM=[0]-CLUSTER_SEED=[-8106659381411338889]-HASH=[14406DC76783A180]-cluster]}, ping_response{node [{node_t0}{nMu_6boQR--7IGHETEaC6A}{127.0.0.1}{127.0.0.1:9420}[mode=>network]], id[600], master [null], hasJoinedOnce [false], cluster_name[TEST-CHILD_VM=[0]-CLUSTER_SEED=[-8106659381411338889]-HASH=[14406DC76783A180]-cluster]}, ping_response{node [{node_t0}{nMu_6boQR--7IGHETEaC6A}{127.0.0.1}{127.0.0.1:9420}[mode=>network]], id[604], master [null], hasJoinedOnce [false], cluster_name[TEST-CHILD_VM=[0]-CLUSTER_SEED=[-8106659381411338889]-HASH=[14406DC76783A180]-cluster]}, ping_response{node [{node_t0}{nMu_6boQR--7IGHETEaC6A}{127.0.0.1}{127.0.0.1:9420}[mode=>network]], id[604], master [null], hasJoinedOnce [false], cluster_name[TEST-CHILD_VM=[0]-CLUSTER_SEED=[-8106659381411338889]-HASH=[14406DC76783A180]-cluster]}, ping_response{node [{node_t0}{nMu_6boQR--7IGHETEaC6A}{127.0.0.1}{127.0.0.1:9420}[mode=>network]], id[604], master [null], hasJoinedOnce [false], cluster_name[TEST-CHILD_VM=[0]-CLUSTER_SEED=[-8106659381411338889]-HASH=[14406DC76783A180]-cluster]}, ping_response{node [{node_t0}{nMu_6boQR--7IGHETEaC6A}{127.0.0.1}{127.0.0.1:9420}[mode=>network]], id[608], master [null], hasJoinedOnce [false], cluster_name[TEST-CHILD_VM=[0]-CLUSTER_SEED=[-8106659381411338889]-HASH=[14406DC76783A180]-cluster]}, ping_response{node [{node_t0}{nMu_6boQR--7IGHETEaC6A}{127.0.0.1}{127.0.0.1:9420}[mode=>network]], id[608], master [null], hasJoinedOnce [false], cluster_name[TEST-CHILD_VM=[0]-CLUSTER_SEED=[-8106659381411338889]-HASH=[14406DC76783A180]-cluster]}, ping_response{node [{node_t0}{nMu_6boQR--7IGHETEaC6A}{127.0.0.1}{127.0.0.1:9420}[mode=>network]], id[608], master [null], hasJoinedOnce [false], cluster_name[TEST-CHILD_VM=[0]-CLUSTER_SEED=[-8106659381411338889]-HASH=[14406DC76783A180]-cluster]}, ping_response{node [{node_t0}{nMu_6boQR--7IGHETEaC6A}{127.0.0.1}{127.0.0.1:9420}[mode=>network]], id[612], master [null], hasJoinedOnce [false], cluster_name[TEST-CHILD_VM=[0]-CLUSTER_SEED=[-8106659381411338889]-HASH=[14406DC76783A180]-cluster]}, ping_response{node [{node_t0}{nMu_6boQR--7IGHETEaC6A}{127.0.0.1}{127.0.0.1:9420}[mode=>network]], id[612], master [null], hasJoinedOnce [false], cluster_name[TEST-CHILD_VM=[0]-CLUSTER_SEED=[-8106659381411338889]-HASH=[14406DC76783A180]-cluster]}, ping_response{node [{node_t0}{nMu_6boQR--7IGHETEaC6A}{127.0.0.1}{127.0.0.1:9420}[mode=>network]], id[612], master [null], hasJoinedOnce [false], cluster_name[TEST-CHILD_VM=[0]-CLUSTER_SEED=[-8106659381411338889]-HASH=[14406DC76783A180]-cluster]}, ping_response{node [{node_t1}{JMRMCPFeQ-OI3jC4mS0RAA}{127.0.0.1}{127.0.0.1:9421}[mode=>network]], id[616], master [null], hasJoinedOnce [false], cluster_name[TEST-CHILD_VM=[0]-CLUSTER_SEED=[-8106659381411338889]-HASH=[14406DC76783A180]-cluster]}, ping_response{node [{node_t1}{JMRMCPFeQ-OI3jC4mS0RAA}{127.0.0.1}{127.0.0.1:9421}[mode=>network]], id[616], master [null], hasJoinedOnce [false], cluster_name[TEST-CHILD_VM=[0]-CLUSTER_SEED=[-8106659381411338889]-HASH=[14406DC76783A180]-cluster]}, ping_response{node [{node_t0}{nMu_6boQR--7IGHETEaC6A}{127.0.0.1}{127.0.0.1:9420}[mode=>network]], id[622], master [null], hasJoinedOnce [false], cluster_name[TEST-CHILD_VM=[0]-CLUSTER_SEED=[-8106659381411338889]-HASH=[14406DC76783A180]-cluster]}, ping_response{node [{node_t0}{nMu_6boQR--7IGHETEaC6A}{127.0.0.1}{127.0.0.1:9420}[mode=>network]], id[622], master [null], hasJoinedOnce [false], cluster_name[TEST-CHILD_VM=[0]-CLUSTER_SEED=[-8106659381411338889]-HASH=[14406DC76783A180]-cluster]}, ping_response{node [{node_t0}{nMu_6boQR--7IGHETEaC6A}{127.0.0.1}{127.0.0.1:9420}[mode=>network]], id[622], master [null], hasJoinedOnce [false], cluster_name[TEST-CHILD_VM=[0]-CLUSTER_SEED=[-8106659381411338889]-HASH=[14406DC76783A180]-cluster]}, ping_response{node [{node_t1}{JMRMCPFeQ-OI3jC4mS0RAA}{127.0.0.1}{127.0.0.1:9421}[mode=>network]], id[629], master [null], hasJoinedOnce [false], cluster_name[TEST-CHILD_VM=[0]-CLUSTER_SEED=[-8106659381411338889]-HASH=[14406DC76783A180]-cluster]}, ping_response{node [{node_t1}{JMRMCPFeQ-OI3jC4mS0RAA}{127.0.0.1}{127.0.0.1:9421}[mode=>network]], id[629], master [null], hasJoinedOnce [false], cluster_name[TEST-CHILD_VM=[0]-CLUSTER_SEED=[-8106659381411338889]-HASH=[14406DC76783A180]-cluster]}, ping_response{node [{node_t1}{JMRMCPFeQ-OI3jC4mS0RAA}{127.0.0.1}{127.0.0.1:9421}[mode=>network]], id[629], master [null], hasJoinedOnce [false], cluster_name[TEST-CHILD_VM=[0]-CLUSTER_SEED=[-8106659381411338889]-HASH=[14406DC76783A180]-cluster]}, ping_response{node [{node_t0}{nMu_6boQR--7IGHETEaC6A}{127.0.0.1}{127.0.0.1:9420}[mode=>network]], id[635], master [null], hasJoinedOnce [false], cluster_name[TEST-CHILD_VM=[0]-CLUSTER_SEED=[-8106659381411338889]-HASH=[14406DC76783A180]-cluster]}]
[2016-03-29 17:29:43,298][TRACE][org.elasticsearch.discovery.zen.ping.unicast] [node_t1] [1] sending to {#zen_unicast_1#}{127.0.0.1}{127.0.0.1:9420}
[2016-03-29 17:29:43,298][TRACE][org.elasticsearch.discovery.zen.ping.unicast] [node_t1] [1] sending to {node_t1}{JMRMCPFeQ-OI3jC4mS0RAA}{127.0.0.1}{127.0.0.1:9421}[mode=>network]
[2016-03-29 17:29:43,298][TRACE][org.elasticsearch.discovery.zen.ping.unicast] [node_t1] [1] received response from {node_t1}{JMRMCPFeQ-OI3jC4mS0RAA}{127.0.0.1}{127.0.0.1:9421}[mode=>network]: [ping_response{node [{node_t1}{JMRMCPFeQ-OI3jC4mS0RAA}{127.0.0.1}{127.0.0.1:9421}[mode=>network]], id[616], master [null], hasJoinedOnce [false], cluster_name[TEST-CHILD_VM=[0]-CLUSTER_SEED=[-8106659381411338889]-HASH=[14406DC76783A180]-cluster]}, ping_response{node [{node_t1}{JMRMCPFeQ-OI3jC4mS0RAA}{127.0.0.1}{127.0.0.1:9421}[mode=>network]], id[616], master [null], hasJoinedOnce [false], cluster_name[TEST-CHILD_VM=[0]-CLUSTER_SEED=[-8106659381411338889]-HASH=[14406DC76783A180]-cluster]}, ping_response{node [{node_t1}{JMRMCPFeQ-OI3jC4mS0RAA}{127.0.0.1}{127.0.0.1:9421}[mode=>network]], id[616], master [null], hasJoinedOnce [false], cluster_name[TEST-CHILD_VM=[0]-CLUSTER_SEED=[-8106659381411338889]-HASH=[14406DC76783A180]-cluster]}, ping_response{node [{node_t0}{nMu_6boQR--7IGHETEaC6A}{127.0.0.1}{127.0.0.1:9420}[mode=>network]], id[622], master [null], hasJoinedOnce [false], cluster_name[TEST-CHILD_VM=[0]-CLUSTER_SEED=[-8106659381411338889]-HASH=[14406DC76783A180]-cluster]}, ping_response{node [{node_t0}{nMu_6boQR--7IGHETEaC6A}{127.0.0.1}{127.0.0.1:9420}[mode=>network]], id[622], master [null], hasJoinedOnce [false], cluster_name[TEST-CHILD_VM=[0]-CLUSTER_SEED=[-8106659381411338889]-HASH=[14406DC76783A180]-cluster]}, ping_response{node [{node_t0}{nMu_6boQR--7IGHETEaC6A}{127.0.0.1}{127.0.0.1:9420}[mode=>network]], id[622], master [null], hasJoinedOnce [false], cluster_name[TEST-CHILD_VM=[0]-CLUSTER_SEED=[-8106659381411338889]-HASH=[14406DC76783A180]-cluster]}, ping_response{node [{node_t1}{JMRMCPFeQ-OI3jC4mS0RAA}{127.0.0.1}{127.0.0.1:9421}[mode=>network]], id[629], master [null], hasJoinedOnce [false], cluster_name[TEST-CHILD_VM=[0]-CLUSTER_SEED=[-8106659381411338889]-HASH=[14406DC76783A180]-cluster]}, ping_response{node [{node_t1}{JMRMCPFeQ-OI3jC4mS0RAA}{127.0.0.1}{127.0.0.1:9421}[mode=>network]], id[629], master [null], hasJoinedOnce [false], cluster_name[TEST-CHILD_VM=[0]-CLUSTER_SEED=[-8106659381411338889]-HASH=[14406DC76783A180]-cluster]}, ping_response{node [{node_t1}{JMRMCPFeQ-OI3jC4mS0RAA}{127.0.0.1}{127.0.0.1:9421}[mode=>network]], id[629], master [null], hasJoinedOnce [false], cluster_name[TEST-CHILD_VM=[0]-CLUSTER_SEED=[-8106659381411338889]-HASH=[14406DC76783A180]-cluster]}, ping_response{node [{node_t1}{JMRMCPFeQ-OI3jC4mS0RAA}{127.0.0.1}{127.0.0.1:9421}[mode=>network]], id[636], master [null], hasJoinedOnce [false], cluster_name[TEST-CHILD_VM=[0]-CLUSTER_SEED=[-8106659381411338889]-HASH=[14406DC76783A180]-cluster]}, ping_response{node [{node_t1}{JMRMCPFeQ-OI3jC4mS0RAA}{127.0.0.1}{127.0.0.1:9421}[mode=>network]], id[637], master [null], hasJoinedOnce [false], cluster_name[TEST-CHILD_VM=[0]-CLUSTER_SEED=[-8106659381411338889]-HASH=[14406DC76783A180]-cluster]}]
[2016-03-29 17:29:43,299][TRACE][org.elasticsearch.discovery.zen.ping.unicast] [node_t1] [1] connecting (light) to {#zen_unicast_3#}{127.0.0.1}{127.0.0.1:9422}
[2016-03-29 17:29:43,299][TRACE][org.elasticsearch.discovery.zen.ping.unicast] [node_t1] [1] connecting (light) to {#zen_unicast_4#}{127.0.0.1}{127.0.0.1:9423}
[2016-03-29 17:29:43,299][TRACE][org.elasticsearch.discovery.zen.ping.unicast] [node_t1] [1] received response from {#zen_unicast_1#}{127.0.0.1}{127.0.0.1:9420}: [ping_response{node [{node_t0}{nMu_6boQR--7IGHETEaC6A}{127.0.0.1}{127.0.0.1:9420}[mode=>network]], id[604], master [null], hasJoinedOnce [false], cluster_name[TEST-CHILD_VM=[0]-CLUSTER_SEED=[-8106659381411338889]-HASH=[14406DC76783A180]-cluster]}, ping_response{node [{node_t0}{nMu_6boQR--7IGHETEaC6A}{127.0.0.1}{127.0.0.1:9420}[mode=>network]], id[604], master [null], hasJoinedOnce [false], cluster_name[TEST-CHILD_VM=[0]-CLUSTER_SEED=[-8106659381411338889]-HASH=[14406DC76783A180]-cluster]}, ping_response{node [{node_t0}{nMu_6boQR--7IGHETEaC6A}{127.0.0.1}{127.0.0.1:9420}[mode=>network]], id[604], master [null], hasJoinedOnce [false], cluster_name[TEST-CHILD_VM=[0]-CLUSTER_SEED=[-8106659381411338889]-HASH=[14406DC76783A180]-cluster]}, ping_response{node [{node_t0}{nMu_6boQR--7IGHETEaC6A}{127.0.0.1}{127.0.0.1:9420}[mode=>network]], id[608], master [null], hasJoinedOnce [false], cluster_name[TEST-CHILD_VM=[0]-CLUSTER_SEED=[-8106659381411338889]-HASH=[14406DC76783A180]-cluster]}, ping_response{node [{node_t0}{nMu_6boQR--7IGHETEaC6A}{127.0.0.1}{127.0.0.1:9420}[mode=>network]], id[608], master [null], hasJoinedOnce [false], cluster_name[TEST-CHILD_VM=[0]-CLUSTER_SEED=[-8106659381411338889]-HASH=[14406DC76783A180]-cluster]}, ping_response{node [{node_t0}{nMu_6boQR--7IGHETEaC6A}{127.0.0.1}{127.0.0.1:9420}[mode=>network]], id[608], master [null], hasJoinedOnce [false], cluster_name[TEST-CHILD_VM=[0]-CLUSTER_SEED=[-8106659381411338889]-HASH=[14406DC76783A180]-cluster]}, ping_response{node [{node_t0}{nMu_6boQR--7IGHETEaC6A}{127.0.0.1}{127.0.0.1:9420}[mode=>network]], id[612], master [null], hasJoinedOnce [false], cluster_name[TEST-CHILD_VM=[0]-CLUSTER_SEED=[-8106659381411338889]-HASH=[14406DC76783A180]-cluster]}, ping_response{node [{node_t0}{nMu_6boQR--7IGHETEaC6A}{127.0.0.1}{127.0.0.1:9420}[mode=>network]], id[612], master [null], hasJoinedOnce [false], cluster_name[TEST-CHILD_VM=[0]-CLUSTER_SEED=[-8106659381411338889]-HASH=[14406DC76783A180]-cluster]}, ping_response{node [{node_t0}{nMu_6boQR--7IGHETEaC6A}{127.0.0.1}{127.0.0.1:9420}[mode=>network]], id[612], master [null], hasJoinedOnce [false], cluster_name[TEST-CHILD_VM=[0]-CLUSTER_SEED=[-8106659381411338889]-HASH=[14406DC76783A180]-cluster]}, ping_response{node [{node_t1}{JMRMCPFeQ-OI3jC4mS0RAA}{127.0.0.1}{127.0.0.1:9421}[mode=>network]], id[616], master [null], hasJoinedOnce [false], cluster_name[TEST-CHILD_VM=[0]-CLUSTER_SEED=[-8106659381411338889]-HASH=[14406DC76783A180]-cluster]}, ping_response{node [{node_t1}{JMRMCPFeQ-OI3jC4mS0RAA}{127.0.0.1}{127.0.0.1:9421}[mode=>network]], id[616], master [null], hasJoinedOnce [false], cluster_name[TEST-CHILD_VM=[0]-CLUSTER_SEED=[-8106659381411338889]-HASH=[14406DC76783A180]-cluster]}, ping_response{node [{node_t0}{nMu_6boQR--7IGHETEaC6A}{127.0.0.1}{127.0.0.1:9420}[mode=>network]], id[622], master [null], hasJoinedOnce [false], cluster_name[TEST-CHILD_VM=[0]-CLUSTER_SEED=[-8106659381411338889]-HASH=[14406DC76783A180]-cluster]}, ping_response{node [{node_t0}{nMu_6boQR--7IGHETEaC6A}{127.0.0.1}{127.0.0.1:9420}[mode=>network]], id[622], master [null], hasJoinedOnce [false], cluster_name[TEST-CHILD_VM=[0]-CLUSTER_SEED=[-8106659381411338889]-HASH=[14406DC76783A180]-cluster]}, ping_response{node [{node_t0}{nMu_6boQR--7IGHETEaC6A}{127.0.0.1}{127.0.0.1:9420}[mode=>network]], id[622], master [null], hasJoinedOnce [false], cluster_name[TEST-CHILD_VM=[0]-CLUSTER_SEED=[-8106659381411338889]-HASH=[14406DC76783A180]-cluster]}, ping_response{node [{node_t1}{JMRMCPFeQ-OI3jC4mS0RAA}{127.0.0.1}{127.0.0.1:9421}[mode=>network]], id[629], master [null], hasJoinedOnce [false], cluster_name[TEST-CHILD_VM=[0]-CLUSTER_SEED=[-8106659381411338889]-HASH=[14406DC76783A180]-cluster]}, ping_response{node [{node_t1}{JMRMCPFeQ-OI3jC4mS0RAA}{127.0.0.1}{127.0.0.1:9421}[mode=>network]], id[629], master [null], hasJoinedOnce [false], cluster_name[TEST-CHILD_VM=[0]-CLUSTER_SEED=[-8106659381411338889]-HASH=[14406DC76783A180]-cluster]}, ping_response{node [{node_t1}{JMRMCPFeQ-OI3jC4mS0RAA}{127.0.0.1}{127.0.0.1:9421}[mode=>network]], id[629], master [null], hasJoinedOnce [false], cluster_name[TEST-CHILD_VM=[0]-CLUSTER_SEED=[-8106659381411338889]-HASH=[14406DC76783A180]-cluster]}, ping_response{node [{node_t1}{JMRMCPFeQ-OI3jC4mS0RAA}{127.0.0.1}{127.0.0.1:9421}[mode=>network]], id[636], master [null], hasJoinedOnce [false], cluster_name[TEST-CHILD_VM=[0]-CLUSTER_SEED=[-8106659381411338889]-HASH=[14406DC76783A180]-cluster]}, ping_response{node [{node_t0}{nMu_6boQR--7IGHETEaC6A}{127.0.0.1}{127.0.0.1:9420}[mode=>network]], id[638], master [null], hasJoinedOnce [false], cluster_name[TEST-CHILD_VM=[0]-CLUSTER_SEED=[-8106659381411338889]-HASH=[14406DC76783A180]-cluster]}]
[2016-03-29 17:29:43,299][TRACE][org.elasticsearch.discovery.zen.ping.unicast] [node_t1] [1] connecting (light) to {#zen_unicast_5#}{127.0.0.1}{127.0.0.1:9424}
[2016-03-29 17:29:43,299][TRACE][org.elasticsearch.discovery.zen.ping.unicast] [node_t1] [1] sending to {#zen_unicast_6#}{::1}{[::1]:9420}
[2016-03-29 17:29:43,299][TRACE][org.elasticsearch.discovery.zen.ping.unicast] [node_t1] [1] sending to {#zen_unicast_7#}{::1}{[::1]:9421}
[2016-03-29 17:29:43,299][TRACE][org.elasticsearch.discovery.zen.ping.unicast] [node_t1] [1] failed to connect to {#zen_unicast_4#}{127.0.0.1}{127.0.0.1:9423}
ConnectTransportException[[][127.0.0.1:9423] connect_timeout[30s]]; nested: ConnectException[Connection refused: /127.0.0.1:9423];
	at org.elasticsearch.transport.netty.NettyTransport.connectToChannelsLight(NettyTransport.java:954)
	at org.elasticsearch.transport.netty.NettyTransport.connectToNode(NettyTransport.java:918)
	at org.elasticsearch.transport.netty.NettyTransport.connectToNodeLight(NettyTransport.java:890)
	at org.elasticsearch.test.transport.MockTransportService$LookupTestTransport.connectToNodeLight(MockTransportService.java:413)
	at org.elasticsearch.transport.TransportService.connectToNodeLight(TransportService.java:242)
	at org.elasticsearch.discovery.zen.ping.unicast.UnicastZenPing$3.run(UnicastZenPing.java:395)
	at java.util.concurrent.ThreadPoolExecutor.runWorker(ThreadPoolExecutor.java:1142)
	at java.util.concurrent.ThreadPoolExecutor$Worker.run(ThreadPoolExecutor.java:617)
	at java.lang.Thread.run(Thread.java:745)
Caused by: java.net.ConnectException: Connection refused: /127.0.0.1:9423
	at sun.nio.ch.SocketChannelImpl.checkConnect(Native Method)
	at sun.nio.ch.SocketChannelImpl.finishConnect(SocketChannelImpl.java:712)
	at org.jboss.netty.channel.socket.nio.NioClientBoss.connect(NioClientBoss.java:152)
	at org.jboss.netty.channel.socket.nio.NioClientBoss.processSelectedKeys(NioClientBoss.java:105)
	at org.jboss.netty.channel.socket.nio.NioClientBoss.process(NioClientBoss.java:79)
	at org.jboss.netty.channel.socket.nio.AbstractNioSelector.run(AbstractNioSelector.java:337)
	at org.jboss.netty.channel.socket.nio.NioClientBoss.run(NioClientBoss.java:42)
	at org.jboss.netty.util.ThreadRenamingRunnable.run(ThreadRenamingRunnable.java:108)
	at org.jboss.netty.util.internal.DeadLockProofWorker$1.run(DeadLockProofWorker.java:42)
	... 3 more
[2016-03-29 17:29:43,299][TRACE][org.elasticsearch.discovery.zen.ping.unicast] [node_t1] [1] failed to connect to {#zen_unicast_5#}{127.0.0.1}{127.0.0.1:9424}
ConnectTransportException[[][127.0.0.1:9424] connect_timeout[30s]]; nested: ConnectException[Connection refused: /127.0.0.1:9424];
	at org.elasticsearch.transport.netty.NettyTransport.connectToChannelsLight(NettyTransport.java:954)
	at org.elasticsearch.transport.netty.NettyTransport.connectToNode(NettyTransport.java:918)
	at org.elasticsearch.transport.netty.NettyTransport.connectToNodeLight(NettyTransport.java:890)
	at org.elasticsearch.test.transport.MockTransportService$LookupTestTransport.connectToNodeLight(MockTransportService.java:413)
	at org.elasticsearch.transport.TransportService.connectToNodeLight(TransportService.java:242)
	at org.elasticsearch.discovery.zen.ping.unicast.UnicastZenPing$3.run(UnicastZenPing.java:395)
	at java.util.concurrent.ThreadPoolExecutor.runWorker(ThreadPoolExecutor.java:1142)
	at java.util.concurrent.ThreadPoolExecutor$Worker.run(ThreadPoolExecutor.java:617)
	at java.lang.Thread.run(Thread.java:745)
Caused by: java.net.ConnectException: Connection refused: /127.0.0.1:9424
	at sun.nio.ch.SocketChannelImpl.checkConnect(Native Method)
	at sun.nio.ch.SocketChannelImpl.finishConnect(SocketChannelImpl.java:712)
	at org.jboss.netty.channel.socket.nio.NioClientBoss.connect(NioClientBoss.java:152)
	at org.jboss.netty.channel.socket.nio.NioClientBoss.processSelectedKeys(NioClientBoss.java:105)
	at org.jboss.netty.channel.socket.nio.NioClientBoss.process(NioClientBoss.java:79)
	at org.jboss.netty.channel.socket.nio.AbstractNioSelector.run(AbstractNioSelector.java:337)
	at org.jboss.netty.channel.socket.nio.NioClientBoss.run(NioClientBoss.java:42)
	at org.jboss.netty.util.ThreadRenamingRunnable.run(ThreadRenamingRunnable.java:108)
	at org.jboss.netty.util.internal.DeadLockProofWorker$1.run(DeadLockProofWorker.java:42)
	... 3 more
[2016-03-29 17:29:43,299][TRACE][org.elasticsearch.discovery.zen.ping.unicast] [node_t1] [1] connecting (light) to {#zen_unicast_10#}{::1}{[::1]:9424}
[2016-03-29 17:29:43,299][TRACE][org.elasticsearch.discovery.zen.ping.unicast] [node_t1] [1] connecting (light) to {#zen_unicast_9#}{::1}{[::1]:9423}
[2016-03-29 17:29:43,299][TRACE][org.elasticsearch.discovery.zen.ping.unicast] [node_t1] [1] failed to connect to {#zen_unicast_3#}{127.0.0.1}{127.0.0.1:9422}
ConnectTransportException[[][127.0.0.1:9422] connect_timeout[30s]]; nested: ConnectException[Connection refused: /127.0.0.1:9422];
	at org.elasticsearch.transport.netty.NettyTransport.connectToChannelsLight(NettyTransport.java:954)
	at org.elasticsearch.transport.netty.NettyTransport.connectToNode(NettyTransport.java:918)
	at org.elasticsearch.transport.netty.NettyTransport.connectToNodeLight(NettyTransport.java:890)
	at org.elasticsearch.test.transport.MockTransportService$LookupTestTransport.connectToNodeLight(MockTransportService.java:413)
	at org.elasticsearch.transport.TransportService.connectToNodeLight(TransportService.java:242)
	at org.elasticsearch.discovery.zen.ping.unicast.UnicastZenPing$3.run(UnicastZenPing.java:395)
	at java.util.concurrent.ThreadPoolExecutor.runWorker(ThreadPoolExecutor.java:1142)
	at java.util.concurrent.ThreadPoolExecutor$Worker.run(ThreadPoolExecutor.java:617)
	at java.lang.Thread.run(Thread.java:745)
Caused by: java.net.ConnectException: Connection refused: /127.0.0.1:9422
	at sun.nio.ch.SocketChannelImpl.checkConnect(Native Method)
	at sun.nio.ch.SocketChannelImpl.finishConnect(SocketChannelImpl.java:712)
	at org.jboss.netty.channel.socket.nio.NioClientBoss.connect(NioClientBoss.java:152)
	at org.jboss.netty.channel.socket.nio.NioClientBoss.processSelectedKeys(NioClientBoss.java:105)
	at org.jboss.netty.channel.socket.nio.NioClientBoss.process(NioClientBoss.java:79)
	at org.jboss.netty.channel.socket.nio.AbstractNioSelector.run(AbstractNioSelector.java:337)
	at org.jboss.netty.channel.socket.nio.NioClientBoss.run(NioClientBoss.java:42)
	at org.jboss.netty.util.ThreadRenamingRunnable.run(ThreadRenamingRunnable.java:108)
	at org.jboss.netty.util.internal.DeadLockProofWorker$1.run(DeadLockProofWorker.java:42)
	... 3 more
[2016-03-29 17:29:43,299][TRACE][org.elasticsearch.discovery.zen.ping.unicast] [node_t1] [1] connecting (light) to {#zen_unicast_8#}{::1}{[::1]:9422}
[2016-03-29 17:29:43,299][TRACE][org.elasticsearch.discovery.zen.ping.unicast] [node_t1] [1] sending to {node_t1}{JMRMCPFeQ-OI3jC4mS0RAA}{127.0.0.1}{127.0.0.1:9421}[mode=>network]
[2016-03-29 17:29:43,300][TRACE][org.elasticsearch.discovery.zen.ping.unicast] [node_t1] [1] failed to connect to {#zen_unicast_10#}{::1}{[::1]:9424}
ConnectTransportException[[][[::1]:9424] connect_timeout[30s]]; nested: ConnectException[Connection refused: /0:0:0:0:0:0:0:1:9424];
	at org.elasticsearch.transport.netty.NettyTransport.connectToChannelsLight(NettyTransport.java:954)
	at org.elasticsearch.transport.netty.NettyTransport.connectToNode(NettyTransport.java:918)
	at org.elasticsearch.transport.netty.NettyTransport.connectToNodeLight(NettyTransport.java:890)
	at org.elasticsearch.test.transport.MockTransportService$LookupTestTransport.connectToNodeLight(MockTransportService.java:413)
	at org.elasticsearch.transport.TransportService.connectToNodeLight(TransportService.java:242)
	at org.elasticsearch.discovery.zen.ping.unicast.UnicastZenPing$3.run(UnicastZenPing.java:395)
	at java.util.concurrent.ThreadPoolExecutor.runWorker(ThreadPoolExecutor.java:1142)
	at java.util.concurrent.ThreadPoolExecutor$Worker.run(ThreadPoolExecutor.java:617)
	at java.lang.Thread.run(Thread.java:745)
Caused by: java.net.ConnectException: Connection refused: /0:0:0:0:0:0:0:1:9424
	at sun.nio.ch.SocketChannelImpl.checkConnect(Native Method)
	at sun.nio.ch.SocketChannelImpl.finishConnect(SocketChannelImpl.java:712)
	at org.jboss.netty.channel.socket.nio.NioClientBoss.connect(NioClientBoss.java:152)
	at org.jboss.netty.channel.socket.nio.NioClientBoss.processSelectedKeys(NioClientBoss.java:105)
	at org.jboss.netty.channel.socket.nio.NioClientBoss.process(NioClientBoss.java:79)
	at org.jboss.netty.channel.socket.nio.AbstractNioSelector.run(AbstractNioSelector.java:337)
	at org.jboss.netty.channel.socket.nio.NioClientBoss.run(NioClientBoss.java:42)
	at org.jboss.netty.util.ThreadRenamingRunnable.run(ThreadRenamingRunnable.java:108)
	at org.jboss.netty.util.internal.DeadLockProofWorker$1.run(DeadLockProofWorker.java:42)
	... 3 more
[2016-03-29 17:29:43,301][TRACE][org.elasticsearch.discovery.zen.ping.unicast] [node_t1] [1] failed to connect to {#zen_unicast_8#}{::1}{[::1]:9422}
ConnectTransportException[[][[::1]:9422] connect_timeout[30s]]; nested: ConnectException[Connection refused: /0:0:0:0:0:0:0:1:9422];
	at org.elasticsearch.transport.netty.NettyTransport.connectToChannelsLight(NettyTransport.java:954)
	at org.elasticsearch.transport.netty.NettyTransport.connectToNode(NettyTransport.java:918)
	at org.elasticsearch.transport.netty.NettyTransport.connectToNodeLight(NettyTransport.java:890)
	at org.elasticsearch.test.transport.MockTransportService$LookupTestTransport.connectToNodeLight(MockTransportService.java:413)
	at org.elasticsearch.transport.TransportService.connectToNodeLight(TransportService.java:242)
	at org.elasticsearch.discovery.zen.ping.unicast.UnicastZenPing$3.run(UnicastZenPing.java:395)
	at java.util.concurrent.ThreadPoolExecutor.runWorker(ThreadPoolExecutor.java:1142)
	at java.util.concurrent.ThreadPoolExecutor$Worker.run(ThreadPoolExecutor.java:617)
	at java.lang.Thread.run(Thread.java:745)
Caused by: java.net.ConnectException: Connection refused: /0:0:0:0:0:0:0:1:9422
	at sun.nio.ch.SocketChannelImpl.checkConnect(Native Method)
	at sun.nio.ch.SocketChannelImpl.finishConnect(SocketChannelImpl.java:712)
	at org.jboss.netty.channel.socket.nio.NioClientBoss.connect(NioClientBoss.java:152)
	at org.jboss.netty.channel.socket.nio.NioClientBoss.processSelectedKeys(NioClientBoss.java:105)
	at org.jboss.netty.channel.socket.nio.NioClientBoss.process(NioClientBoss.java:79)
	at org.jboss.netty.channel.socket.nio.AbstractNioSelector.run(AbstractNioSelector.java:337)
	at org.jboss.netty.channel.socket.nio.NioClientBoss.run(NioClientBoss.java:42)
	at org.jboss.netty.util.ThreadRenamingRunnable.run(ThreadRenamingRunnable.java:108)
	at org.jboss.netty.util.internal.DeadLockProofWorker$1.run(DeadLockProofWorker.java:42)
	... 3 more
[2016-03-29 17:29:43,300][TRACE][org.elasticsearch.discovery.zen.ping.unicast] [node_t1] [1] failed to connect to {#zen_unicast_9#}{::1}{[::1]:9423}
ConnectTransportException[[][[::1]:9423] connect_timeout[30s]]; nested: ConnectException[Connection refused: /0:0:0:0:0:0:0:1:9423];
	at org.elasticsearch.transport.netty.NettyTransport.connectToChannelsLight(NettyTransport.java:954)
	at org.elasticsearch.transport.netty.NettyTransport.connectToNode(NettyTransport.java:918)
	at org.elasticsearch.transport.netty.NettyTransport.connectToNodeLight(NettyTransport.java:890)
	at org.elasticsearch.test.transport.MockTransportService$LookupTestTransport.connectToNodeLight(MockTransportService.java:413)
	at org.elasticsearch.transport.TransportService.connectToNodeLight(TransportService.java:242)
	at org.elasticsearch.discovery.zen.ping.unicast.UnicastZenPing$3.run(UnicastZenPing.java:395)
	at java.util.concurrent.ThreadPoolExecutor.runWorker(ThreadPoolExecutor.java:1142)
	at java.util.concurrent.ThreadPoolExecutor$Worker.run(ThreadPoolExecutor.java:617)
	at java.lang.Thread.run(Thread.java:745)
Caused by: java.net.ConnectException: Connection refused: /0:0:0:0:0:0:0:1:9423
	at sun.nio.ch.SocketChannelImpl.checkConnect(Native Method)
	at sun.nio.ch.SocketChannelImpl.finishConnect(SocketChannelImpl.java:712)
	at org.jboss.netty.channel.socket.nio.NioClientBoss.connect(NioClientBoss.java:152)
	at org.jboss.netty.channel.socket.nio.NioClientBoss.processSelectedKeys(NioClientBoss.java:105)
	at org.jboss.netty.channel.socket.nio.NioClientBoss.process(NioClientBoss.java:79)
	at org.jboss.netty.channel.socket.nio.AbstractNioSelector.run(AbstractNioSelector.java:337)
	at org.jboss.netty.channel.socket.nio.NioClientBoss.run(NioClientBoss.java:42)
	at org.jboss.netty.util.ThreadRenamingRunnable.run(ThreadRenamingRunnable.java:108)
	at org.jboss.netty.util.internal.DeadLockProofWorker$1.run(DeadLockProofWorker.java:42)
	... 3 more
[2016-03-29 17:29:43,300][TRACE][org.elasticsearch.discovery.zen.ping.unicast] [node_t1] [1] received response from {node_t1}{JMRMCPFeQ-OI3jC4mS0RAA}{127.0.0.1}{127.0.0.1:9421}[mode=>network]: [ping_response{node [{node_t1}{JMRMCPFeQ-OI3jC4mS0RAA}{127.0.0.1}{127.0.0.1:9421}[mode=>network]], id[616], master [null], hasJoinedOnce [false], cluster_name[TEST-CHILD_VM=[0]-CLUSTER_SEED=[-8106659381411338889]-HASH=[14406DC76783A180]-cluster]}, ping_response{node [{node_t1}{JMRMCPFeQ-OI3jC4mS0RAA}{127.0.0.1}{127.0.0.1:9421}[mode=>network]], id[616], master [null], hasJoinedOnce [false], cluster_name[TEST-CHILD_VM=[0]-CLUSTER_SEED=[-8106659381411338889]-HASH=[14406DC76783A180]-cluster]}, ping_response{node [{node_t1}{JMRMCPFeQ-OI3jC4mS0RAA}{127.0.0.1}{127.0.0.1:9421}[mode=>network]], id[616], master [null], hasJoinedOnce [false], cluster_name[TEST-CHILD_VM=[0]-CLUSTER_SEED=[-8106659381411338889]-HASH=[14406DC76783A180]-cluster]}, ping_response{node [{node_t0}{nMu_6boQR--7IGHETEaC6A}{127.0.0.1}{127.0.0.1:9420}[mode=>network]], id[622], master [null], hasJoinedOnce [false], cluster_name[TEST-CHILD_VM=[0]-CLUSTER_SEED=[-8106659381411338889]-HASH=[14406DC76783A180]-cluster]}, ping_response{node [{node_t0}{nMu_6boQR--7IGHETEaC6A}{127.0.0.1}{127.0.0.1:9420}[mode=>network]], id[622], master [null], hasJoinedOnce [false], cluster_name[TEST-CHILD_VM=[0]-CLUSTER_SEED=[-8106659381411338889]-HASH=[14406DC76783A180]-cluster]}, ping_response{node [{node_t0}{nMu_6boQR--7IGHETEaC6A}{127.0.0.1}{127.0.0.1:9420}[mode=>network]], id[622], master [null], hasJoinedOnce [false], cluster_name[TEST-CHILD_VM=[0]-CLUSTER_SEED=[-8106659381411338889]-HASH=[14406DC76783A180]-cluster]}, ping_response{node [{node_t1}{JMRMCPFeQ-OI3jC4mS0RAA}{127.0.0.1}{127.0.0.1:9421}[mode=>network]], id[629], master [null], hasJoinedOnce [false], cluster_name[TEST-CHILD_VM=[0]-CLUSTER_SEED=[-8106659381411338889]-HASH=[14406DC76783A180]-cluster]}, ping_response{node [{node_t1}{JMRMCPFeQ-OI3jC4mS0RAA}{127.0.0.1}{127.0.0.1:9421}[mode=>network]], id[629], master [null], hasJoinedOnce [false], cluster_name[TEST-CHILD_VM=[0]-CLUSTER_SEED=[-8106659381411338889]-HASH=[14406DC76783A180]-cluster]}, ping_response{node [{node_t1}{JMRMCPFeQ-OI3jC4mS0RAA}{127.0.0.1}{127.0.0.1:9421}[mode=>network]], id[629], master [null], hasJoinedOnce [false], cluster_name[TEST-CHILD_VM=[0]-CLUSTER_SEED=[-8106659381411338889]-HASH=[14406DC76783A180]-cluster]}, ping_response{node [{node_t1}{JMRMCPFeQ-OI3jC4mS0RAA}{127.0.0.1}{127.0.0.1:9421}[mode=>network]], id[636], master [null], hasJoinedOnce [false], cluster_name[TEST-CHILD_VM=[0]-CLUSTER_SEED=[-8106659381411338889]-HASH=[14406DC76783A180]-cluster]}, ping_response{node [{node_t1}{JMRMCPFeQ-OI3jC4mS0RAA}{127.0.0.1}{127.0.0.1:9421}[mode=>network]], id[636], master [null], hasJoinedOnce [false], cluster_name[TEST-CHILD_VM=[0]-CLUSTER_SEED=[-8106659381411338889]-HASH=[14406DC76783A180]-cluster]}, ping_response{node [{node_t1}{JMRMCPFeQ-OI3jC4mS0RAA}{127.0.0.1}{127.0.0.1:9421}[mode=>network]], id[636], master [null], hasJoinedOnce [false], cluster_name[TEST-CHILD_VM=[0]-CLUSTER_SEED=[-8106659381411338889]-HASH=[14406DC76783A180]-cluster]}, ping_response{node [{node_t1}{JMRMCPFeQ-OI3jC4mS0RAA}{127.0.0.1}{127.0.0.1:9421}[mode=>network]], id[641], master [null], hasJoinedOnce [false], cluster_name[TEST-CHILD_VM=[0]-CLUSTER_SEED=[-8106659381411338889]-HASH=[14406DC76783A180]-cluster]}]
[2016-03-29 17:29:43,301][TRACE][org.elasticsearch.discovery.zen.ping.unicast] [node_t1] [1] sending to {node_t0}{nMu_6boQR--7IGHETEaC6A}{127.0.0.1}{127.0.0.1:9420}[mode=>network]
[2016-03-29 17:29:43,300][TRACE][org.elasticsearch.discovery.zen.ping.unicast] [node_t1] [1] received response from {#zen_unicast_7#}{::1}{[::1]:9421}: [ping_response{node [{node_t1}{JMRMCPFeQ-OI3jC4mS0RAA}{127.0.0.1}{127.0.0.1:9421}[mode=>network]], id[616], master [null], hasJoinedOnce [false], cluster_name[TEST-CHILD_VM=[0]-CLUSTER_SEED=[-8106659381411338889]-HASH=[14406DC76783A180]-cluster]}, ping_response{node [{node_t1}{JMRMCPFeQ-OI3jC4mS0RAA}{127.0.0.1}{127.0.0.1:9421}[mode=>network]], id[616], master [null], hasJoinedOnce [false], cluster_name[TEST-CHILD_VM=[0]-CLUSTER_SEED=[-8106659381411338889]-HASH=[14406DC76783A180]-cluster]}, ping_response{node [{node_t1}{JMRMCPFeQ-OI3jC4mS0RAA}{127.0.0.1}{127.0.0.1:9421}[mode=>network]], id[616], master [null], hasJoinedOnce [false], cluster_name[TEST-CHILD_VM=[0]-CLUSTER_SEED=[-8106659381411338889]-HASH=[14406DC76783A180]-cluster]}, ping_response{node [{node_t0}{nMu_6boQR--7IGHETEaC6A}{127.0.0.1}{127.0.0.1:9420}[mode=>network]], id[622], master [null], hasJoinedOnce [false], cluster_name[TEST-CHILD_VM=[0]-CLUSTER_SEED=[-8106659381411338889]-HASH=[14406DC76783A180]-cluster]}, ping_response{node [{node_t0}{nMu_6boQR--7IGHETEaC6A}{127.0.0.1}{127.0.0.1:9420}[mode=>network]], id[622], master [null], hasJoinedOnce [false], cluster_name[TEST-CHILD_VM=[0]-CLUSTER_SEED=[-8106659381411338889]-HASH=[14406DC76783A180]-cluster]}, ping_response{node [{node_t0}{nMu_6boQR--7IGHETEaC6A}{127.0.0.1}{127.0.0.1:9420}[mode=>network]], id[622], master [null], hasJoinedOnce [false], cluster_name[TEST-CHILD_VM=[0]-CLUSTER_SEED=[-8106659381411338889]-HASH=[14406DC76783A180]-cluster]}, ping_response{node [{node_t1}{JMRMCPFeQ-OI3jC4mS0RAA}{127.0.0.1}{127.0.0.1:9421}[mode=>network]], id[629], master [null], hasJoinedOnce [false], cluster_name[TEST-CHILD_VM=[0]-CLUSTER_SEED=[-8106659381411338889]-HASH=[14406DC76783A180]-cluster]}, ping_response{node [{node_t1}{JMRMCPFeQ-OI3jC4mS0RAA}{127.0.0.1}{127.0.0.1:9421}[mode=>network]], id[629], master [null], hasJoinedOnce [false], cluster_name[TEST-CHILD_VM=[0]-CLUSTER_SEED=[-8106659381411338889]-HASH=[14406DC76783A180]-cluster]}, ping_response{node [{node_t1}{JMRMCPFeQ-OI3jC4mS0RAA}{127.0.0.1}{127.0.0.1:9421}[mode=>network]], id[629], master [null], hasJoinedOnce [false], cluster_name[TEST-CHILD_VM=[0]-CLUSTER_SEED=[-8106659381411338889]-HASH=[14406DC76783A180]-cluster]}, ping_response{node [{node_t1}{JMRMCPFeQ-OI3jC4mS0RAA}{127.0.0.1}{127.0.0.1:9421}[mode=>network]], id[636], master [null], hasJoinedOnce [false], cluster_name[TEST-CHILD_VM=[0]-CLUSTER_SEED=[-8106659381411338889]-HASH=[14406DC76783A180]-cluster]}, ping_response{node [{node_t1}{JMRMCPFeQ-OI3jC4mS0RAA}{127.0.0.1}{127.0.0.1:9421}[mode=>network]], id[636], master [null], hasJoinedOnce [false], cluster_name[TEST-CHILD_VM=[0]-CLUSTER_SEED=[-8106659381411338889]-HASH=[14406DC76783A180]-cluster]}, ping_response{node [{node_t1}{JMRMCPFeQ-OI3jC4mS0RAA}{127.0.0.1}{127.0.0.1:9421}[mode=>network]], id[640], master [null], hasJoinedOnce [false], cluster_name[TEST-CHILD_VM=[0]-CLUSTER_SEED=[-8106659381411338889]-HASH=[14406DC76783A180]-cluster]}]
[2016-03-29 17:29:43,302][TRACE][org.elasticsearch.discovery.zen.ping.unicast] [node_t1] [1] received response from {#zen_unicast_6#}{::1}{[::1]:9420}: [ping_response{node [{node_t0}{nMu_6boQR--7IGHETEaC6A}{127.0.0.1}{127.0.0.1:9420}[mode=>network]], id[604], master [null], hasJoinedOnce [false], cluster_name[TEST-CHILD_VM=[0]-CLUSTER_SEED=[-8106659381411338889]-HASH=[14406DC76783A180]-cluster]}, ping_response{node [{node_t0}{nMu_6boQR--7IGHETEaC6A}{127.0.0.1}{127.0.0.1:9420}[mode=>network]], id[604], master [null], hasJoinedOnce [false], cluster_name[TEST-CHILD_VM=[0]-CLUSTER_SEED=[-8106659381411338889]-HASH=[14406DC76783A180]-cluster]}, ping_response{node [{node_t0}{nMu_6boQR--7IGHETEaC6A}{127.0.0.1}{127.0.0.1:9420}[mode=>network]], id[604], master [null], hasJoinedOnce [false], cluster_name[TEST-CHILD_VM=[0]-CLUSTER_SEED=[-8106659381411338889]-HASH=[14406DC76783A180]-cluster]}, ping_response{node [{node_t0}{nMu_6boQR--7IGHETEaC6A}{127.0.0.1}{127.0.0.1:9420}[mode=>network]], id[608], master [null], hasJoinedOnce [false], cluster_name[TEST-CHILD_VM=[0]-CLUSTER_SEED=[-8106659381411338889]-HASH=[14406DC76783A180]-cluster]}, ping_response{node [{node_t0}{nMu_6boQR--7IGHETEaC6A}{127.0.0.1}{127.0.0.1:9420}[mode=>network]], id[608], master [null], hasJoinedOnce [false], cluster_name[TEST-CHILD_VM=[0]-CLUSTER_SEED=[-8106659381411338889]-HASH=[14406DC76783A180]-cluster]}, ping_response{node [{node_t0}{nMu_6boQR--7IGHETEaC6A}{127.0.0.1}{127.0.0.1:9420}[mode=>network]], id[608], master [null], hasJoinedOnce [false], cluster_name[TEST-CHILD_VM=[0]-CLUSTER_SEED=[-8106659381411338889]-HASH=[14406DC76783A180]-cluster]}, ping_response{node [{node_t0}{nMu_6boQR--7IGHETEaC6A}{127.0.0.1}{127.0.0.1:9420}[mode=>network]], id[612], master [null], hasJoinedOnce [false], cluster_name[TEST-CHILD_VM=[0]-CLUSTER_SEED=[-8106659381411338889]-HASH=[14406DC76783A180]-cluster]}, ping_response{node [{node_t0}{nMu_6boQR--7IGHETEaC6A}{127.0.0.1}{127.0.0.1:9420}[mode=>network]], id[612], master [null], hasJoinedOnce [false], cluster_name[TEST-CHILD_VM=[0]-CLUSTER_SEED=[-8106659381411338889]-HASH=[14406DC76783A180]-cluster]}, ping_response{node [{node_t0}{nMu_6boQR--7IGHETEaC6A}{127.0.0.1}{127.0.0.1:9420}[mode=>network]], id[612], master [null], hasJoinedOnce [false], cluster_name[TEST-CHILD_VM=[0]-CLUSTER_SEED=[-8106659381411338889]-HASH=[14406DC76783A180]-cluster]}, ping_response{node [{node_t1}{JMRMCPFeQ-OI3jC4mS0RAA}{127.0.0.1}{127.0.0.1:9421}[mode=>network]], id[616], master [null], hasJoinedOnce [false], cluster_name[TEST-CHILD_VM=[0]-CLUSTER_SEED=[-8106659381411338889]-HASH=[14406DC76783A180]-cluster]}, ping_response{node [{node_t1}{JMRMCPFeQ-OI3jC4mS0RAA}{127.0.0.1}{127.0.0.1:9421}[mode=>network]], id[616], master [null], hasJoinedOnce [false], cluster_name[TEST-CHILD_VM=[0]-CLUSTER_SEED=[-8106659381411338889]-HASH=[14406DC76783A180]-cluster]}, ping_response{node [{node_t0}{nMu_6boQR--7IGHETEaC6A}{127.0.0.1}{127.0.0.1:9420}[mode=>network]], id[622], master [null], hasJoinedOnce [false], cluster_name[TEST-CHILD_VM=[0]-CLUSTER_SEED=[-8106659381411338889]-HASH=[14406DC76783A180]-cluster]}, ping_response{node [{node_t0}{nMu_6boQR--7IGHETEaC6A}{127.0.0.1}{127.0.0.1:9420}[mode=>network]], id[622], master [null], hasJoinedOnce [false], cluster_name[TEST-CHILD_VM=[0]-CLUSTER_SEED=[-8106659381411338889]-HASH=[14406DC76783A180]-cluster]}, ping_response{node [{node_t0}{nMu_6boQR--7IGHETEaC6A}{127.0.0.1}{127.0.0.1:9420}[mode=>network]], id[622], master [null], hasJoinedOnce [false], cluster_name[TEST-CHILD_VM=[0]-CLUSTER_SEED=[-8106659381411338889]-HASH=[14406DC76783A180]-cluster]}, ping_response{node [{node_t1}{JMRMCPFeQ-OI3jC4mS0RAA}{127.0.0.1}{127.0.0.1:9421}[mode=>network]], id[629], master [null], hasJoinedOnce [false], cluster_name[TEST-CHILD_VM=[0]-CLUSTER_SEED=[-8106659381411338889]-HASH=[14406DC76783A180]-cluster]}, ping_response{node [{node_t1}{JMRMCPFeQ-OI3jC4mS0RAA}{127.0.0.1}{127.0.0.1:9421}[mode=>network]], id[629], master [null], hasJoinedOnce [false], cluster_name[TEST-CHILD_VM=[0]-CLUSTER_SEED=[-8106659381411338889]-HASH=[14406DC76783A180]-cluster]}, ping_response{node [{node_t1}{JMRMCPFeQ-OI3jC4mS0RAA}{127.0.0.1}{127.0.0.1:9421}[mode=>network]], id[629], master [null], hasJoinedOnce [false], cluster_name[TEST-CHILD_VM=[0]-CLUSTER_SEED=[-8106659381411338889]-HASH=[14406DC76783A180]-cluster]}, ping_response{node [{node_t1}{JMRMCPFeQ-OI3jC4mS0RAA}{127.0.0.1}{127.0.0.1:9421}[mode=>network]], id[636], master [null], hasJoinedOnce [false], cluster_name[TEST-CHILD_VM=[0]-CLUSTER_SEED=[-8106659381411338889]-HASH=[14406DC76783A180]-cluster]}, ping_response{node [{node_t1}{JMRMCPFeQ-OI3jC4mS0RAA}{127.0.0.1}{127.0.0.1:9421}[mode=>network]], id[636], master [null], hasJoinedOnce [false], cluster_name[TEST-CHILD_VM=[0]-CLUSTER_SEED=[-8106659381411338889]-HASH=[14406DC76783A180]-cluster]}, ping_response{node [{node_t0}{nMu_6boQR--7IGHETEaC6A}{127.0.0.1}{127.0.0.1:9420}[mode=>network]], id[639], master [null], hasJoinedOnce [false], cluster_name[TEST-CHILD_VM=[0]-CLUSTER_SEED=[-8106659381411338889]-HASH=[14406DC76783A180]-cluster]}]
[2016-03-29 17:29:43,303][TRACE][org.elasticsearch.discovery.zen.ping.unicast] [node_t1] [1] received response from {node_t0}{nMu_6boQR--7IGHETEaC6A}{127.0.0.1}{127.0.0.1:9420}[mode=>network]: [ping_response{node [{node_t0}{nMu_6boQR--7IGHETEaC6A}{127.0.0.1}{127.0.0.1:9420}[mode=>network]], id[604], master [null], hasJoinedOnce [false], cluster_name[TEST-CHILD_VM=[0]-CLUSTER_SEED=[-8106659381411338889]-HASH=[14406DC76783A180]-cluster]}, ping_response{node [{node_t0}{nMu_6boQR--7IGHETEaC6A}{127.0.0.1}{127.0.0.1:9420}[mode=>network]], id[604], master [null], hasJoinedOnce [false], cluster_name[TEST-CHILD_VM=[0]-CLUSTER_SEED=[-8106659381411338889]-HASH=[14406DC76783A180]-cluster]}, ping_response{node [{node_t0}{nMu_6boQR--7IGHETEaC6A}{127.0.0.1}{127.0.0.1:9420}[mode=>network]], id[604], master [null], hasJoinedOnce [false], cluster_name[TEST-CHILD_VM=[0]-CLUSTER_SEED=[-8106659381411338889]-HASH=[14406DC76783A180]-cluster]}, ping_response{node [{node_t0}{nMu_6boQR--7IGHETEaC6A}{127.0.0.1}{127.0.0.1:9420}[mode=>network]], id[608], master [null], hasJoinedOnce [false], cluster_name[TEST-CHILD_VM=[0]-CLUSTER_SEED=[-8106659381411338889]-HASH=[14406DC76783A180]-cluster]}, ping_response{node [{node_t0}{nMu_6boQR--7IGHETEaC6A}{127.0.0.1}{127.0.0.1:9420}[mode=>network]], id[608], master [null], hasJoinedOnce [false], cluster_name[TEST-CHILD_VM=[0]-CLUSTER_SEED=[-8106659381411338889]-HASH=[14406DC76783A180]-cluster]}, ping_response{node [{node_t0}{nMu_6boQR--7IGHETEaC6A}{127.0.0.1}{127.0.0.1:9420}[mode=>network]], id[608], master [null], hasJoinedOnce [false], cluster_name[TEST-CHILD_VM=[0]-CLUSTER_SEED=[-8106659381411338889]-HASH=[14406DC76783A180]-cluster]}, ping_response{node [{node_t0}{nMu_6boQR--7IGHETEaC6A}{127.0.0.1}{127.0.0.1:9420}[mode=>network]], id[612], master [null], hasJoinedOnce [false], cluster_name[TEST-CHILD_VM=[0]-CLUSTER_SEED=[-8106659381411338889]-HASH=[14406DC76783A180]-cluster]}, ping_response{node [{node_t0}{nMu_6boQR--7IGHETEaC6A}{127.0.0.1}{127.0.0.1:9420}[mode=>network]], id[612], master [null], hasJoinedOnce [false], cluster_name[TEST-CHILD_VM=[0]-CLUSTER_SEED=[-8106659381411338889]-HASH=[14406DC76783A180]-cluster]}, ping_response{node [{node_t0}{nMu_6boQR--7IGHETEaC6A}{127.0.0.1}{127.0.0.1:9420}[mode=>network]], id[612], master [null], hasJoinedOnce [false], cluster_name[TEST-CHILD_VM=[0]-CLUSTER_SEED=[-8106659381411338889]-HASH=[14406DC76783A180]-cluster]}, ping_response{node [{node_t1}{JMRMCPFeQ-OI3jC4mS0RAA}{127.0.0.1}{127.0.0.1:9421}[mode=>network]], id[616], master [null], hasJoinedOnce [false], cluster_name[TEST-CHILD_VM=[0]-CLUSTER_SEED=[-8106659381411338889]-HASH=[14406DC76783A180]-cluster]}, ping_response{node [{node_t1}{JMRMCPFeQ-OI3jC4mS0RAA}{127.0.0.1}{127.0.0.1:9421}[mode=>network]], id[616], master [null], hasJoinedOnce [false], cluster_name[TEST-CHILD_VM=[0]-CLUSTER_SEED=[-8106659381411338889]-HASH=[14406DC76783A180]-cluster]}, ping_response{node [{node_t0}{nMu_6boQR--7IGHETEaC6A}{127.0.0.1}{127.0.0.1:9420}[mode=>network]], id[622], master [null], hasJoinedOnce [false], cluster_name[TEST-CHILD_VM=[0]-CLUSTER_SEED=[-8106659381411338889]-HASH=[14406DC76783A180]-cluster]}, ping_response{node [{node_t0}{nMu_6boQR--7IGHETEaC6A}{127.0.0.1}{127.0.0.1:9420}[mode=>network]], id[622], master [null], hasJoinedOnce [false], cluster_name[TEST-CHILD_VM=[0]-CLUSTER_SEED=[-8106659381411338889]-HASH=[14406DC76783A180]-cluster]}, ping_response{node [{node_t0}{nMu_6boQR--7IGHETEaC6A}{127.0.0.1}{127.0.0.1:9420}[mode=>network]], id[622], master [null], hasJoinedOnce [false], cluster_name[TEST-CHILD_VM=[0]-CLUSTER_SEED=[-8106659381411338889]-HASH=[14406DC76783A180]-cluster]}, ping_response{node [{node_t1}{JMRMCPFeQ-OI3jC4mS0RAA}{127.0.0.1}{127.0.0.1:9421}[mode=>network]], id[629], master [null], hasJoinedOnce [false], cluster_name[TEST-CHILD_VM=[0]-CLUSTER_SEED=[-8106659381411338889]-HASH=[14406DC76783A180]-cluster]}, ping_response{node [{node_t1}{JMRMCPFeQ-OI3jC4mS0RAA}{127.0.0.1}{127.0.0.1:9421}[mode=>network]], id[629], master [null], hasJoinedOnce [false], cluster_name[TEST-CHILD_VM=[0]-CLUSTER_SEED=[-8106659381411338889]-HASH=[14406DC76783A180]-cluster]}, ping_response{node [{node_t1}{JMRMCPFeQ-OI3jC4mS0RAA}{127.0.0.1}{127.0.0.1:9421}[mode=>network]], id[629], master [null], hasJoinedOnce [false], cluster_name[TEST-CHILD_VM=[0]-CLUSTER_SEED=[-8106659381411338889]-HASH=[14406DC76783A180]-cluster]}, ping_response{node [{node_t1}{JMRMCPFeQ-OI3jC4mS0RAA}{127.0.0.1}{127.0.0.1:9421}[mode=>network]], id[636], master [null], hasJoinedOnce [false], cluster_name[TEST-CHILD_VM=[0]-CLUSTER_SEED=[-8106659381411338889]-HASH=[14406DC76783A180]-cluster]}, ping_response{node [{node_t1}{JMRMCPFeQ-OI3jC4mS0RAA}{127.0.0.1}{127.0.0.1:9421}[mode=>network]], id[636], master [null], hasJoinedOnce [false], cluster_name[TEST-CHILD_VM=[0]-CLUSTER_SEED=[-8106659381411338889]-HASH=[14406DC76783A180]-cluster]}, ping_response{node [{node_t1}{JMRMCPFeQ-OI3jC4mS0RAA}{127.0.0.1}{127.0.0.1:9421}[mode=>network]], id[636], master [null], hasJoinedOnce [false], cluster_name[TEST-CHILD_VM=[0]-CLUSTER_SEED=[-8106659381411338889]-HASH=[14406DC76783A180]-cluster]}, ping_response{node [{node_t0}{nMu_6boQR--7IGHETEaC6A}{127.0.0.1}{127.0.0.1:9420}[mode=>network]], id[642], master [null], hasJoinedOnce [false], cluster_name[TEST-CHILD_VM=[0]-CLUSTER_SEED=[-8106659381411338889]-HASH=[14406DC76783A180]-cluster]}]
[2016-03-29 17:29:43,303][TRACE][org.elasticsearch.discovery.zen.ping.unicast] [node_t1] [1] disconnecting from {#zen_unicast_1#}{127.0.0.1}{127.0.0.1:9420}
[2016-03-29 17:29:43,303][TRACE][org.elasticsearch.discovery.zen] [node_t1] full ping responses:
	--> ping_response{node [{node_t0}{nMu_6boQR--7IGHETEaC6A}{127.0.0.1}{127.0.0.1:9420}[mode=>network]], id[642], master [null], hasJoinedOnce [false], cluster_name[TEST-CHILD_VM=[0]-CLUSTER_SEED=[-8106659381411338889]-HASH=[14406DC76783A180]-cluster]}
[2016-03-29 17:29:43,303][DEBUG][org.elasticsearch.discovery.zen] [node_t1] filtered ping responses: (filter_client[true], filter_data[false])
	--> ping_response{node [{node_t0}{nMu_6boQR--7IGHETEaC6A}{127.0.0.1}{127.0.0.1:9420}[mode=>network]], id[642], master [null], hasJoinedOnce [false], cluster_name[TEST-CHILD_VM=[0]-CLUSTER_SEED=[-8106659381411338889]-HASH=[14406DC76783A180]-cluster]}
[2016-03-29 17:29:43,303][DEBUG][org.elasticsearch.discovery.zen] [node_t1] elected as master, waiting for incoming joins ([1] needed)
[2016-03-29 17:29:43,303][TRACE][org.elasticsearch.discovery.zen.ping.unicast] [node_t1] [1] disconnecting from {#zen_unicast_6#}{::1}{[::1]:9420}
[2016-03-29 17:29:43,303][TRACE][org.elasticsearch.cluster.service] [node_t1] will process [zen-disco-join(elected_as_master, [1] joins received)]
[2016-03-29 17:29:43,303][DEBUG][org.elasticsearch.cluster.service] [node_t1] processing [zen-disco-join(elected_as_master, [1] joins received)]: execute
[2016-03-29 17:29:43,303][TRACE][org.elasticsearch.discovery.zen.ping.unicast] [node_t1] [1] disconnecting from {#zen_unicast_5#}{127.0.0.1}{127.0.0.1:9424}
[2016-03-29 17:29:43,303][TRACE][org.elasticsearch.discovery.zen.ping.unicast] [node_t1] [1] disconnecting from {#zen_unicast_4#}{127.0.0.1}{127.0.0.1:9423}
[2016-03-29 17:29:43,303][TRACE][org.elasticsearch.discovery.zen.ping.unicast] [node_t1] [1] disconnecting from {#zen_unicast_3#}{127.0.0.1}{127.0.0.1:9422}
[2016-03-29 17:29:43,304][TRACE][org.elasticsearch.discovery.zen.ping.unicast] [node_t1] [1] disconnecting from {#zen_unicast_10#}{::1}{[::1]:9424}
[2016-03-29 17:29:43,304][TRACE][org.elasticsearch.discovery.zen.ping.unicast] [node_t1] [1] disconnecting from {#zen_unicast_9#}{::1}{[::1]:9423}
[2016-03-29 17:29:43,304][TRACE][org.elasticsearch.discovery.zen.ping.unicast] [node_t1] [1] disconnecting from {#zen_unicast_8#}{::1}{[::1]:9422}
[2016-03-29 17:29:43,304][TRACE][org.elasticsearch.discovery.zen.ping.unicast] [node_t1] [1] disconnecting from {#zen_unicast_7#}{::1}{[::1]:9421}
[2016-03-29 17:29:43,304][TRACE][org.elasticsearch.cluster.service] [node_t1] cluster state updated, source [zen-disco-join(elected_as_master, [1] joins received)]
version: 1
state uuid: A73W199qTWWnIywgH_CLTw
from_diff: false
meta data version: 0
blocks: 
   _global_:
      1,state not recovered / initialized, blocks READ,WRITE,METADATA_READ,METADATA_WRITE
nodes: 
   {node_t0}{nMu_6boQR--7IGHETEaC6A}{127.0.0.1}{127.0.0.1:9420}[mode=>network]
   {node_t1}{JMRMCPFeQ-OI3jC4mS0RAA}{127.0.0.1}{127.0.0.1:9421}[mode=>network], local, master
routing_table (version 0):
routing_nodes:
-----node_id[nMu_6boQR--7IGHETEaC6A][V]
-----node_id[JMRMCPFeQ-OI3jC4mS0RAA][V]
---- unassigned

[2016-03-29 17:29:43,304][INFO ][org.elasticsearch.cluster.service] [node_t1] new_master {node_t1}{JMRMCPFeQ-OI3jC4mS0RAA}{127.0.0.1}{127.0.0.1:9421}[mode=>network], added {{node_t0}{nMu_6boQR--7IGHETEaC6A}{127.0.0.1}{127.0.0.1:9420}[mode=>network],}, reason: zen-disco-join(elected_as_master, [1] joins received)
[2016-03-29 17:29:43,304][DEBUG][org.elasticsearch.cluster.service] [node_t1] publishing cluster state version [1]
[2016-03-29 17:29:43,305][DEBUG][org.elasticsearch.discovery.zen.publish] [node_t0] received full cluster state version [1] with size [298]
[2016-03-29 17:29:43,305][TRACE][org.elasticsearch.discovery.zen.publish] [node_t1] master node {node_t0}{nMu_6boQR--7IGHETEaC6A}{127.0.0.1}{127.0.0.1:9420}[mode=>network] acked cluster state version [1]. processing ... (current pending [1], needed [1])
[2016-03-29 17:29:43,305][TRACE][org.elasticsearch.discovery.zen.publish] [node_t1] committing version [1]
[2016-03-29 17:29:43,305][TRACE][org.elasticsearch.discovery.zen.publish] [node_t1] sending commit for cluster state (uuid: [A73W199qTWWnIywgH_CLTw], version [1]) to [{node_t0}{nMu_6boQR--7IGHETEaC6A}{127.0.0.1}{127.0.0.1:9420}[mode=>network]]
[2016-03-29 17:29:43,306][TRACE][org.elasticsearch.cluster.service] [node_t0] will process [zen-disco-receive(from master [master {node_t1}{JMRMCPFeQ-OI3jC4mS0RAA}{127.0.0.1}{127.0.0.1:9421}[mode=>network] committed version [1]])]
[2016-03-29 17:29:43,306][DEBUG][org.elasticsearch.cluster.service] [node_t0] processing [zen-disco-receive(from master [master {node_t1}{JMRMCPFeQ-OI3jC4mS0RAA}{127.0.0.1}{127.0.0.1:9421}[mode=>network] committed version [1]])]: execute
[2016-03-29 17:29:43,306][DEBUG][org.elasticsearch.discovery.zen.fd] [node_t0] [master] restarting fault detection against master [{node_t1}{JMRMCPFeQ-OI3jC4mS0RAA}{127.0.0.1}{127.0.0.1:9421}[mode=>network]], reason [new cluster state received and we are monitoring the wrong master [null]]
[2016-03-29 17:29:43,306][DEBUG][org.elasticsearch.discovery.zen] [node_t0] got first state from fresh master [JMRMCPFeQ-OI3jC4mS0RAA]
[2016-03-29 17:29:43,306][TRACE][org.elasticsearch.discovery.zen] [node_t0] updated cluster join cluster to [1]
[2016-03-29 17:29:43,306][TRACE][org.elasticsearch.cluster.service] [node_t0] cluster state updated, source [zen-disco-receive(from master [master {node_t1}{JMRMCPFeQ-OI3jC4mS0RAA}{127.0.0.1}{127.0.0.1:9421}[mode=>network] committed version [1]])]
version: 1
state uuid: A73W199qTWWnIywgH_CLTw
from_diff: false
meta data version: 0
blocks: 
   _global_:
      1,state not recovered / initialized, blocks READ,WRITE,METADATA_READ,METADATA_WRITE
nodes: 
   {node_t0}{nMu_6boQR--7IGHETEaC6A}{127.0.0.1}{127.0.0.1:9420}[mode=>network], local
   {node_t1}{JMRMCPFeQ-OI3jC4mS0RAA}{127.0.0.1}{127.0.0.1:9421}[mode=>network], master
routing_table (version 0):
routing_nodes:
-----node_id[nMu_6boQR--7IGHETEaC6A][V]
-----node_id[JMRMCPFeQ-OI3jC4mS0RAA][V]
---- unassigned

[2016-03-29 17:29:43,306][INFO ][org.elasticsearch.cluster.service] [node_t0] detected_master {node_t1}{JMRMCPFeQ-OI3jC4mS0RAA}{127.0.0.1}{127.0.0.1:9421}[mode=>network], added {{node_t1}{JMRMCPFeQ-OI3jC4mS0RAA}{127.0.0.1}{127.0.0.1:9421}[mode=>network],}, reason: zen-disco-receive(from master [master {node_t1}{JMRMCPFeQ-OI3jC4mS0RAA}{127.0.0.1}{127.0.0.1:9421}[mode=>network] committed version [1]])
[2016-03-29 17:29:43,307][DEBUG][org.elasticsearch.cluster.service] [node_t0] set local cluster state to version 1
[2016-03-29 17:29:43,307][DEBUG][org.elasticsearch.cluster.service] [node_t0] processing [zen-disco-receive(from master [master {node_t1}{JMRMCPFeQ-OI3jC4mS0RAA}{127.0.0.1}{127.0.0.1:9421}[mode=>network] committed version [1]])]: took 0s done applying updated cluster_state (version: 1, uuid: A73W199qTWWnIywgH_CLTw)
[2016-03-29 17:29:43,307][DEBUG][org.elasticsearch.cluster.service] [node_t1] set local cluster state to version 1
[2016-03-29 17:29:43,307][TRACE][org.elasticsearch.discovery.zen] [node_t1] stopping join accumulation ([election closed])
[2016-03-29 17:29:43,307][TRACE][org.elasticsearch.discovery.zen] [node_t1] cluster joins counter set to [1] (elected as master)
[2016-03-29 17:29:43,307][DEBUG][org.elasticsearch.cluster.service] [node_t1] processing [zen-disco-join(elected_as_master, [1] joins received)]: took 3ms done applying updated cluster_state (version: 1, uuid: A73W199qTWWnIywgH_CLTw)
[2016-03-29 17:29:43,307][TRACE][org.elasticsearch.cluster.service] [node_t0] will process [finalize_join ({node_t1}{JMRMCPFeQ-OI3jC4mS0RAA}{127.0.0.1}{127.0.0.1:9421}[mode=>network])]
[2016-03-29 17:29:43,307][TRACE][org.elasticsearch.cluster.service] [node_t1] will process [cluster_reroute(post_node_add)]
[2016-03-29 17:29:43,307][DEBUG][org.elasticsearch.cluster.service] [node_t0] processing [finalize_join ({node_t1}{JMRMCPFeQ-OI3jC4mS0RAA}{127.0.0.1}{127.0.0.1:9421}[mode=>network])]: execute
[2016-03-29 17:29:43,307][DEBUG][org.elasticsearch.cluster.service] [node_t1] processing [cluster_reroute(post_node_add)]: execute
[2016-03-29 17:29:43,307][DEBUG][org.elasticsearch.cluster.service] [node_t0] processing [finalize_join ({node_t1}{JMRMCPFeQ-OI3jC4mS0RAA}{127.0.0.1}{127.0.0.1:9421}[mode=>network])]: took 0s no change in cluster_state
[2016-03-29 17:29:43,307][DEBUG][org.elasticsearch.cluster.service] [node_t1] processing [cluster_reroute(post_node_add)]: took 0s no change in cluster_state
[2016-03-29 17:29:43,307][TRACE][org.elasticsearch.cluster.service] [node_t1] will process [gateway_initial_state_recovery]
[2016-03-29 17:29:43,307][DEBUG][org.elasticsearch.cluster.service] [node_t1] processing [gateway_initial_state_recovery]: execute
[2016-03-29 17:29:43,307][DEBUG][org.elasticsearch.cluster.service] [node_t1] processing [gateway_initial_state_recovery]: took 0s no change in cluster_state
[2016-03-29 17:29:43,307][TRACE][org.elasticsearch.gateway] [node_t1] performing state recovery from [JMRMCPFeQ-OI3jC4mS0RAA, nMu_6boQR--7IGHETEaC6A]
[2016-03-29 17:29:43,309][TRACE][org.elasticsearch.gateway] [node_t1] successful state recovery, importing cluster state...
[2016-03-29 17:29:43,309][TRACE][org.elasticsearch.cluster.service] [node_t1] will process [local-gateway-elected-state]
[2016-03-29 17:29:43,309][DEBUG][org.elasticsearch.cluster.service] [node_t1] processing [local-gateway-elected-state]: execute
[2016-03-29 17:29:43,309][TRACE][org.elasticsearch.cluster.service] [node_t1] cluster state updated, source [local-gateway-elected-state]
version: 2
state uuid: PwprnoLxSkubtuZdCoXfXA
from_diff: false
meta data version: 1
nodes: 
   {node_t0}{nMu_6boQR--7IGHETEaC6A}{127.0.0.1}{127.0.0.1:9420}[mode=>network]
   {node_t1}{JMRMCPFeQ-OI3jC4mS0RAA}{127.0.0.1}{127.0.0.1:9421}[mode=>network], local, master
routing_table (version 1):
routing_nodes:
-----node_id[nMu_6boQR--7IGHETEaC6A][V]
-----node_id[JMRMCPFeQ-OI3jC4mS0RAA][V]
---- unassigned

[2016-03-29 17:29:43,309][DEBUG][org.elasticsearch.cluster.service] [node_t1] publishing cluster state version [2]
[2016-03-29 17:29:43,309][DEBUG][org.elasticsearch.discovery.zen.publish] [node_t0] received diff cluster state version [2] with uuid [PwprnoLxSkubtuZdCoXfXA], diff size [179]
[2016-03-29 17:29:43,310][TRACE][org.elasticsearch.discovery.zen.publish] [node_t1] master node {node_t0}{nMu_6boQR--7IGHETEaC6A}{127.0.0.1}{127.0.0.1:9420}[mode=>network] acked cluster state version [2]. processing ... (current pending [1], needed [1])
[2016-03-29 17:29:43,310][TRACE][org.elasticsearch.discovery.zen.publish] [node_t1] committing version [2]
[2016-03-29 17:29:43,310][TRACE][org.elasticsearch.discovery.zen.publish] [node_t1] sending commit for cluster state (uuid: [PwprnoLxSkubtuZdCoXfXA], version [2]) to [{node_t0}{nMu_6boQR--7IGHETEaC6A}{127.0.0.1}{127.0.0.1:9420}[mode=>network]]
[2016-03-29 17:29:43,310][TRACE][org.elasticsearch.cluster.service] [node_t0] will process [zen-disco-receive(from master [master {node_t1}{JMRMCPFeQ-OI3jC4mS0RAA}{127.0.0.1}{127.0.0.1:9421}[mode=>network] committed version [2]])]
[2016-03-29 17:29:43,310][DEBUG][org.elasticsearch.cluster.service] [node_t0] processing [zen-disco-receive(from master [master {node_t1}{JMRMCPFeQ-OI3jC4mS0RAA}{127.0.0.1}{127.0.0.1:9421}[mode=>network] committed version [2]])]: execute
[2016-03-29 17:29:43,310][TRACE][org.elasticsearch.cluster.service] [node_t0] cluster state updated, source [zen-disco-receive(from master [master {node_t1}{JMRMCPFeQ-OI3jC4mS0RAA}{127.0.0.1}{127.0.0.1:9421}[mode=>network] committed version [2]])]
version: 2
state uuid: PwprnoLxSkubtuZdCoXfXA
from_diff: false
meta data version: 1
nodes: 
   {node_t0}{nMu_6boQR--7IGHETEaC6A}{127.0.0.1}{127.0.0.1:9420}[mode=>network], local
   {node_t1}{JMRMCPFeQ-OI3jC4mS0RAA}{127.0.0.1}{127.0.0.1:9421}[mode=>network], master
routing_table (version 1):
routing_nodes:
-----node_id[nMu_6boQR--7IGHETEaC6A][V]
-----node_id[JMRMCPFeQ-OI3jC4mS0RAA][V]
---- unassigned

[2016-03-29 17:29:43,311][DEBUG][org.elasticsearch.cluster.service] [node_t0] set local cluster state to version 2
[2016-03-29 17:29:43,311][TRACE][org.elasticsearch.gateway] [node_t0] [_global] writing state, reason [changed]
[2016-03-29 17:29:43,312][DEBUG][org.elasticsearch.cluster.service] [node_t0] processing [zen-disco-receive(from master [master {node_t1}{JMRMCPFeQ-OI3jC4mS0RAA}{127.0.0.1}{127.0.0.1:9421}[mode=>network] committed version [2]])]: took 1ms done applying updated cluster_state (version: 2, uuid: PwprnoLxSkubtuZdCoXfXA)
[2016-03-29 17:29:43,312][DEBUG][org.elasticsearch.cluster.service] [node_t1] set local cluster state to version 2
[2016-03-29 17:29:43,312][TRACE][org.elasticsearch.gateway] [node_t1] [_global] writing state, reason [changed]
[2016-03-29 17:29:43,314][INFO ][org.elasticsearch.gateway] [node_t1] recovered [0] indices into cluster_state
[2016-03-29 17:29:43,314][DEBUG][org.elasticsearch.cluster.service] [node_t1] processing [local-gateway-elected-state]: took 4ms done applying updated cluster_state (version: 2, uuid: PwprnoLxSkubtuZdCoXfXA)
[2016-03-29 17:29:43,320][TRACE][org.elasticsearch.transport.tracer] [transport_client_node_t1] [1][cluster:monitor/health] sent to [{node_t1}{JMRMCPFeQ-OI3jC4mS0RAA}{127.0.0.1}{127.0.0.1:9421}[mode=>network]] (timeout: [null])
[2016-03-29 17:29:43,320][TRACE][org.elasticsearch.cluster.service] [node_t1] will process [cluster_health (wait_for_events [LANGUID])]
[2016-03-29 17:29:43,320][DEBUG][org.elasticsearch.cluster.service] [node_t1] processing [cluster_health (wait_for_events [LANGUID])]: execute
[2016-03-29 17:29:43,320][DEBUG][org.elasticsearch.cluster.service] [node_t1] processing [cluster_health (wait_for_events [LANGUID])]: took 0s no change in cluster_state
[2016-03-29 17:29:43,320][TRACE][org.elasticsearch.transport.tracer] [transport_client_node_t1] [1][cluster:monitor/health] received response from [{node_t1}{JMRMCPFeQ-OI3jC4mS0RAA}{127.0.0.1}{127.0.0.1:9421}[mode=>network]]
[2016-03-29 17:29:43,321][TRACE][org.elasticsearch.transport.tracer] [transport_client_node_t0] [2][cluster:monitor/state] sent to [{node_t0}{nMu_6boQR--7IGHETEaC6A}{127.0.0.1}{127.0.0.1:9420}[mode=>network]] (timeout: [null])
[2016-03-29 17:29:43,321][TRACE][org.elasticsearch.transport.tracer] [transport_client_node_t0] [2][cluster:monitor/state] received response from [{node_t0}{nMu_6boQR--7IGHETEaC6A}{127.0.0.1}{127.0.0.1:9420}[mode=>network]]
[2016-03-29 17:29:43,321][TRACE][org.elasticsearch.transport.tracer] [transport_client_node_t1] [2][cluster:monitor/state] sent to [{node_t1}{JMRMCPFeQ-OI3jC4mS0RAA}{127.0.0.1}{127.0.0.1:9421}[mode=>network]] (timeout: [null])
[2016-03-29 17:29:43,321][TRACE][org.elasticsearch.transport.tracer] [transport_client_node_t1] [2][cluster:monitor/state] received response from [{node_t1}{JMRMCPFeQ-OI3jC4mS0RAA}{127.0.0.1}{127.0.0.1:9421}[mode=>network]]
[2016-03-29 17:29:43,322][TRACE][org.elasticsearch.transport.tracer] [transport_client_node_t1] [3][indices:admin/create] sent to [{node_t1}{JMRMCPFeQ-OI3jC4mS0RAA}{127.0.0.1}{127.0.0.1:9421}[mode=>network]] (timeout: [null])
[2016-03-29 17:29:43,322][TRACE][org.elasticsearch.cluster.service] [node_t1] will process [create-index [test], cause [api]]
[2016-03-29 17:29:43,322][DEBUG][org.elasticsearch.cluster.service] [node_t1] processing [create-index [test], cause [api]]: execute
[2016-03-29 17:29:43,325][TRACE][org.elasticsearch.cluster.service] expecting 2 acknowledgements for cluster_state update (version: 3)
[2016-03-29 17:29:43,325][TRACE][org.elasticsearch.cluster.service] [node_t1] cluster state updated, source [create-index [test], cause [api]]
version: 3
state uuid: Wbd10sieTa2vp_h2FFRFRg
from_diff: false
meta data version: 2
nodes: 
   {node_t0}{nMu_6boQR--7IGHETEaC6A}{127.0.0.1}{127.0.0.1:9420}[mode=>network]
   {node_t1}{JMRMCPFeQ-OI3jC4mS0RAA}{127.0.0.1}{127.0.0.1:9421}[mode=>network], local, master
routing_table (version 2):
-- index [test]
----shard_id [test][0]
--------[test][0], node[nMu_6boQR--7IGHETEaC6A], [P], v[1], s[INITIALIZING], a[id=AF2N8luPTGOEWsg3lpwsvQ], unassigned_info[[reason=INDEX_CREATED], at[2016-03-29T21:29:43.323Z]]
----shard_id [test][1]
--------[test][1], node[JMRMCPFeQ-OI3jC4mS0RAA], [P], v[1], s[INITIALIZING], a[id=3Mp0BD-HTQC_HeIU1DtPhA], unassigned_info[[reason=INDEX_CREATED], at[2016-03-29T21:29:43.323Z]]
----shard_id [test][2]
--------[test][2], node[nMu_6boQR--7IGHETEaC6A], [P], v[1], s[INITIALIZING], a[id=4jD7-tdGTfmoAwhEHCXW2g], unassigned_info[[reason=INDEX_CREATED], at[2016-03-29T21:29:43.323Z]]
----shard_id [test][3]
--------[test][3], node[JMRMCPFeQ-OI3jC4mS0RAA], [P], v[1], s[INITIALIZING], a[id=OhSwnQWwRbuJ5-YMqKNJjw], unassigned_info[[reason=INDEX_CREATED], at[2016-03-29T21:29:43.323Z]]
----shard_id [test][4]
--------[test][4], node[nMu_6boQR--7IGHETEaC6A], [P], v[1], s[INITIALIZING], a[id=4qa0UMnJSna1NZFfHP1Fhg], unassigned_info[[reason=INDEX_CREATED], at[2016-03-29T21:29:43.323Z]]
----shard_id [test][5]
--------[test][5], node[JMRMCPFeQ-OI3jC4mS0RAA], [P], v[1], s[INITIALIZING], a[id=FY_5koEwQY-x8VwqH92QIA], unassigned_info[[reason=INDEX_CREATED], at[2016-03-29T21:29:43.323Z]]
----shard_id [test][6]
--------[test][6], node[nMu_6boQR--7IGHETEaC6A], [P], v[1], s[INITIALIZING], a[id=OZw1U2GVTfGTc0WYIexndQ], unassigned_info[[reason=INDEX_CREATED], at[2016-03-29T21:29:43.323Z]]
----shard_id [test][7]
--------[test][7], node[JMRMCPFeQ-OI3jC4mS0RAA], [P], v[1], s[INITIALIZING], a[id=rC7V5BXeT4m-1G9-b5Pw5w], unassigned_info[[reason=INDEX_CREATED], at[2016-03-29T21:29:43.323Z]]
----shard_id [test][8]
--------[test][8], node[null], [P], v[0], s[UNASSIGNED], unassigned_info[[reason=INDEX_CREATED], at[2016-03-29T21:29:43.323Z]]

routing_nodes:
-----node_id[nMu_6boQR--7IGHETEaC6A][V]
--------[test][6], node[nMu_6boQR--7IGHETEaC6A], [P], v[1], s[INITIALIZING], a[id=OZw1U2GVTfGTc0WYIexndQ], unassigned_info[[reason=INDEX_CREATED], at[2016-03-29T21:29:43.323Z]]
--------[test][2], node[nMu_6boQR--7IGHETEaC6A], [P], v[1], s[INITIALIZING], a[id=4jD7-tdGTfmoAwhEHCXW2g], unassigned_info[[reason=INDEX_CREATED], at[2016-03-29T21:29:43.323Z]]
--------[test][4], node[nMu_6boQR--7IGHETEaC6A], [P], v[1], s[INITIALIZING], a[id=4qa0UMnJSna1NZFfHP1Fhg], unassigned_info[[reason=INDEX_CREATED], at[2016-03-29T21:29:43.323Z]]
--------[test][0], node[nMu_6boQR--7IGHETEaC6A], [P], v[1], s[INITIALIZING], a[id=AF2N8luPTGOEWsg3lpwsvQ], unassigned_info[[reason=INDEX_CREATED], at[2016-03-29T21:29:43.323Z]]
-----node_id[JMRMCPFeQ-OI3jC4mS0RAA][V]
--------[test][7], node[JMRMCPFeQ-OI3jC4mS0RAA], [P], v[1], s[INITIALIZING], a[id=rC7V5BXeT4m-1G9-b5Pw5w], unassigned_info[[reason=INDEX_CREATED], at[2016-03-29T21:29:43.323Z]]
--------[test][1], node[JMRMCPFeQ-OI3jC4mS0RAA], [P], v[1], s[INITIALIZING], a[id=3Mp0BD-HTQC_HeIU1DtPhA], unassigned_info[[reason=INDEX_CREATED], at[2016-03-29T21:29:43.323Z]]
--------[test][3], node[JMRMCPFeQ-OI3jC4mS0RAA], [P], v[1], s[INITIALIZING], a[id=OhSwnQWwRbuJ5-YMqKNJjw], unassigned_info[[reason=INDEX_CREATED], at[2016-03-29T21:29:43.323Z]]
--------[test][5], node[JMRMCPFeQ-OI3jC4mS0RAA], [P], v[1], s[INITIALIZING], a[id=FY_5koEwQY-x8VwqH92QIA], unassigned_info[[reason=INDEX_CREATED], at[2016-03-29T21:29:43.323Z]]
---- unassigned
--------[test][8], node[null], [P], v[0], s[UNASSIGNED], unassigned_info[[reason=INDEX_CREATED], at[2016-03-29T21:29:43.323Z]]

[2016-03-29 17:29:43,325][DEBUG][org.elasticsearch.cluster.service] [node_t1] publishing cluster state version [3]
[2016-03-29 17:29:43,326][DEBUG][org.elasticsearch.discovery.zen.publish] [node_t0] received diff cluster state version [3] with uuid [Wbd10sieTa2vp_h2FFRFRg], diff size [597]
[2016-03-29 17:29:43,326][TRACE][org.elasticsearch.discovery.zen.publish] [node_t1] master node {node_t0}{nMu_6boQR--7IGHETEaC6A}{127.0.0.1}{127.0.0.1:9420}[mode=>network] acked cluster state version [3]. processing ... (current pending [1], needed [1])
[2016-03-29 17:29:43,326][TRACE][org.elasticsearch.discovery.zen.publish] [node_t1] committing version [3]
[2016-03-29 17:29:43,326][TRACE][org.elasticsearch.discovery.zen.publish] [node_t1] sending commit for cluster state (uuid: [Wbd10sieTa2vp_h2FFRFRg], version [3]) to [{node_t0}{nMu_6boQR--7IGHETEaC6A}{127.0.0.1}{127.0.0.1:9420}[mode=>network]]
[2016-03-29 17:29:43,327][TRACE][org.elasticsearch.cluster.service] [node_t0] will process [zen-disco-receive(from master [master {node_t1}{JMRMCPFeQ-OI3jC4mS0RAA}{127.0.0.1}{127.0.0.1:9421}[mode=>network] committed version [3]])]
[2016-03-29 17:29:43,327][DEBUG][org.elasticsearch.cluster.service] [node_t0] processing [zen-disco-receive(from master [master {node_t1}{JMRMCPFeQ-OI3jC4mS0RAA}{127.0.0.1}{127.0.0.1:9421}[mode=>network] committed version [3]])]: execute
[2016-03-29 17:29:43,327][TRACE][org.elasticsearch.cluster.service] [node_t0] cluster state updated, source [zen-disco-receive(from master [master {node_t1}{JMRMCPFeQ-OI3jC4mS0RAA}{127.0.0.1}{127.0.0.1:9421}[mode=>network] committed version [3]])]
version: 3
state uuid: Wbd10sieTa2vp_h2FFRFRg
from_diff: false
meta data version: 2
nodes: 
   {node_t0}{nMu_6boQR--7IGHETEaC6A}{127.0.0.1}{127.0.0.1:9420}[mode=>network], local
   {node_t1}{JMRMCPFeQ-OI3jC4mS0RAA}{127.0.0.1}{127.0.0.1:9421}[mode=>network], master
routing_table (version 2):
-- index [test]
----shard_id [test][0]
--------[test][0], node[nMu_6boQR--7IGHETEaC6A], [P], v[1], s[INITIALIZING], a[id=AF2N8luPTGOEWsg3lpwsvQ], unassigned_info[[reason=INDEX_CREATED], at[2016-03-29T21:29:43.323Z]]
----shard_id [test][1]
--------[test][1], node[JMRMCPFeQ-OI3jC4mS0RAA], [P], v[1], s[INITIALIZING], a[id=3Mp0BD-HTQC_HeIU1DtPhA], unassigned_info[[reason=INDEX_CREATED], at[2016-03-29T21:29:43.323Z]]
----shard_id [test][2]
--------[test][2], node[nMu_6boQR--7IGHETEaC6A], [P], v[1], s[INITIALIZING], a[id=4jD7-tdGTfmoAwhEHCXW2g], unassigned_info[[reason=INDEX_CREATED], at[2016-03-29T21:29:43.323Z]]
----shard_id [test][3]
--------[test][3], node[JMRMCPFeQ-OI3jC4mS0RAA], [P], v[1], s[INITIALIZING], a[id=OhSwnQWwRbuJ5-YMqKNJjw], unassigned_info[[reason=INDEX_CREATED], at[2016-03-29T21:29:43.323Z]]
----shard_id [test][4]
--------[test][4], node[nMu_6boQR--7IGHETEaC6A], [P], v[1], s[INITIALIZING], a[id=4qa0UMnJSna1NZFfHP1Fhg], unassigned_info[[reason=INDEX_CREATED], at[2016-03-29T21:29:43.323Z]]
----shard_id [test][5]
--------[test][5], node[JMRMCPFeQ-OI3jC4mS0RAA], [P], v[1], s[INITIALIZING], a[id=FY_5koEwQY-x8VwqH92QIA], unassigned_info[[reason=INDEX_CREATED], at[2016-03-29T21:29:43.323Z]]
----shard_id [test][6]
--------[test][6], node[nMu_6boQR--7IGHETEaC6A], [P], v[1], s[INITIALIZING], a[id=OZw1U2GVTfGTc0WYIexndQ], unassigned_info[[reason=INDEX_CREATED], at[2016-03-29T21:29:43.323Z]]
----shard_id [test][7]
--------[test][7], node[JMRMCPFeQ-OI3jC4mS0RAA], [P], v[1], s[INITIALIZING], a[id=rC7V5BXeT4m-1G9-b5Pw5w], unassigned_info[[reason=INDEX_CREATED], at[2016-03-29T21:29:43.323Z]]
----shard_id [test][8]
--------[test][8], node[null], [P], v[0], s[UNASSIGNED], unassigned_info[[reason=INDEX_CREATED], at[2016-03-29T21:29:43.323Z]]

routing_nodes:
-----node_id[nMu_6boQR--7IGHETEaC6A][V]
--------[test][4], node[nMu_6boQR--7IGHETEaC6A], [P], v[1], s[INITIALIZING], a[id=4qa0UMnJSna1NZFfHP1Fhg], unassigned_info[[reason=INDEX_CREATED], at[2016-03-29T21:29:43.323Z]]
--------[test][2], node[nMu_6boQR--7IGHETEaC6A], [P], v[1], s[INITIALIZING], a[id=4jD7-tdGTfmoAwhEHCXW2g], unassigned_info[[reason=INDEX_CREATED], at[2016-03-29T21:29:43.323Z]]
--------[test][6], node[nMu_6boQR--7IGHETEaC6A], [P], v[1], s[INITIALIZING], a[id=OZw1U2GVTfGTc0WYIexndQ], unassigned_info[[reason=INDEX_CREATED], at[2016-03-29T21:29:43.323Z]]
--------[test][0], node[nMu_6boQR--7IGHETEaC6A], [P], v[1], s[INITIALIZING], a[id=AF2N8luPTGOEWsg3lpwsvQ], unassigned_info[[reason=INDEX_CREATED], at[2016-03-29T21:29:43.323Z]]
-----node_id[JMRMCPFeQ-OI3jC4mS0RAA][V]
--------[test][5], node[JMRMCPFeQ-OI3jC4mS0RAA], [P], v[1], s[INITIALIZING], a[id=FY_5koEwQY-x8VwqH92QIA], unassigned_info[[reason=INDEX_CREATED], at[2016-03-29T21:29:43.323Z]]
--------[test][3], node[JMRMCPFeQ-OI3jC4mS0RAA], [P], v[1], s[INITIALIZING], a[id=OhSwnQWwRbuJ5-YMqKNJjw], unassigned_info[[reason=INDEX_CREATED], at[2016-03-29T21:29:43.323Z]]
--------[test][1], node[JMRMCPFeQ-OI3jC4mS0RAA], [P], v[1], s[INITIALIZING], a[id=3Mp0BD-HTQC_HeIU1DtPhA], unassigned_info[[reason=INDEX_CREATED], at[2016-03-29T21:29:43.323Z]]
--------[test][7], node[JMRMCPFeQ-OI3jC4mS0RAA], [P], v[1], s[INITIALIZING], a[id=rC7V5BXeT4m-1G9-b5Pw5w], unassigned_info[[reason=INDEX_CREATED], at[2016-03-29T21:29:43.323Z]]
---- unassigned
--------[test][8], node[null], [P], v[0], s[UNASSIGNED], unassigned_info[[reason=INDEX_CREATED], at[2016-03-29T21:29:43.323Z]]

[2016-03-29 17:29:43,327][DEBUG][org.elasticsearch.cluster.service] [node_t0] set local cluster state to version 3
[2016-03-29 17:29:43,341][TRACE][org.elasticsearch.gateway] [node_t0] [test] writing state, reason [freshly created]
[2016-03-29 17:29:43,343][DEBUG][org.elasticsearch.cluster.service] [node_t0] processing [zen-disco-receive(from master [master {node_t1}{JMRMCPFeQ-OI3jC4mS0RAA}{127.0.0.1}{127.0.0.1:9421}[mode=>network] committed version [3]])]: took 16ms done applying updated cluster_state (version: 3, uuid: Wbd10sieTa2vp_h2FFRFRg)
[2016-03-29 17:29:43,344][DEBUG][org.elasticsearch.cluster.service] [node_t1] set local cluster state to version 3
[2016-03-29 17:29:43,344][TRACE][org.elasticsearch.cluster.service] ack received from node [{node_t0}{nMu_6boQR--7IGHETEaC6A}{127.0.0.1}{127.0.0.1:9420}[mode=>network]], cluster_state update (version: 3)
[2016-03-29 17:29:43,355][TRACE][org.elasticsearch.gateway] [node_t1] [test] writing state, reason [freshly created]
[2016-03-29 17:29:43,357][TRACE][org.elasticsearch.cluster.service] ack received from node [{node_t1}{JMRMCPFeQ-OI3jC4mS0RAA}{127.0.0.1}{127.0.0.1:9421}[mode=>network]], cluster_state update (version: 3)
[2016-03-29 17:29:43,357][TRACE][org.elasticsearch.cluster.service] all expected nodes acknowledged cluster_state update (version: 3)
[2016-03-29 17:29:43,357][DEBUG][org.elasticsearch.cluster.service] [node_t1] processing [create-index [test], cause [api]]: took 35ms done applying updated cluster_state (version: 3, uuid: Wbd10sieTa2vp_h2FFRFRg)
[2016-03-29 17:29:43,357][TRACE][org.elasticsearch.cluster.service] [node_t1] will process [shard-started ([test][4], node[nMu_6boQR--7IGHETEaC6A], [P], v[1], s[INITIALIZING], a[id=4qa0UMnJSna1NZFfHP1Fhg], unassigned_info[[reason=INDEX_CREATED], at[2016-03-29T21:29:43.323Z]]), reason [after recovery from store]]
[2016-03-29 17:29:43,357][TRACE][org.elasticsearch.cluster.service] [node_t1] will process [shard-started ([test][2], node[nMu_6boQR--7IGHETEaC6A], [P], v[1], s[INITIALIZING], a[id=4jD7-tdGTfmoAwhEHCXW2g], unassigned_info[[reason=INDEX_CREATED], at[2016-03-29T21:29:43.323Z]]), reason [after recovery from store]]
[2016-03-29 17:29:43,357][TRACE][org.elasticsearch.cluster.service] [node_t1] will process [shard-started ([test][6], node[nMu_6boQR--7IGHETEaC6A], [P], v[1], s[INITIALIZING], a[id=OZw1U2GVTfGTc0WYIexndQ], unassigned_info[[reason=INDEX_CREATED], at[2016-03-29T21:29:43.323Z]]), reason [after recovery from store]]
[2016-03-29 17:29:43,357][TRACE][org.elasticsearch.cluster.service] [node_t1] will process [shard-started ([test][0], node[nMu_6boQR--7IGHETEaC6A], [P], v[1], s[INITIALIZING], a[id=AF2N8luPTGOEWsg3lpwsvQ], unassigned_info[[reason=INDEX_CREATED], at[2016-03-29T21:29:43.323Z]]), reason [after recovery from store]]
[2016-03-29 17:29:43,357][TRACE][org.elasticsearch.cluster.service] [node_t1] will process [shard-started ([test][7], node[JMRMCPFeQ-OI3jC4mS0RAA], [P], v[1], s[INITIALIZING], a[id=rC7V5BXeT4m-1G9-b5Pw5w], unassigned_info[[reason=INDEX_CREATED], at[2016-03-29T21:29:43.323Z]]), reason [after recovery from store]]
[2016-03-29 17:29:43,357][TRACE][org.elasticsearch.cluster.service] [node_t1] will process [shard-started ([test][1], node[JMRMCPFeQ-OI3jC4mS0RAA], [P], v[1], s[INITIALIZING], a[id=3Mp0BD-HTQC_HeIU1DtPhA], unassigned_info[[reason=INDEX_CREATED], at[2016-03-29T21:29:43.323Z]]), reason [after recovery from store]]
[2016-03-29 17:29:43,358][TRACE][org.elasticsearch.cluster.service] [node_t1] will process [shard-started ([test][3], node[JMRMCPFeQ-OI3jC4mS0RAA], [P], v[1], s[INITIALIZING], a[id=OhSwnQWwRbuJ5-YMqKNJjw], unassigned_info[[reason=INDEX_CREATED], at[2016-03-29T21:29:43.323Z]]), reason [after recovery from store]]
[2016-03-29 17:29:43,358][DEBUG][org.elasticsearch.cluster.service] [node_t1] processing [shard-started ([test][4], node[nMu_6boQR--7IGHETEaC6A], [P], v[1], s[INITIALIZING], a[id=4qa0UMnJSna1NZFfHP1Fhg], unassigned_info[[reason=INDEX_CREATED], at[2016-03-29T21:29:43.323Z]]), reason [after recovery from store],shard-started ([test][2], node[nMu_6boQR--7IGHETEaC6A], [P], v[1], s[INITIALIZING], a[id=4jD7-tdGTfmoAwhEHCXW2g], unassigned_info[[reason=INDEX_CREATED], at[2016-03-29T21:29:43.323Z]]), reason [after recovery from store],shard-started ([test][6], node[nMu_6boQR--7IGHETEaC6A], [P], v[1], s[INITIALIZING], a[id=OZw1U2GVTfGTc0WYIexndQ], unassigned_info[[reason=INDEX_CREATED], at[2016-03-29T21:29:43.323Z]]), reason [after recovery from store],shard-started ([test][0], node[nMu_6boQR--7IGHETEaC6A], [P], v[1], s[INITIALIZING], a[id=AF2N8luPTGOEWsg3lpwsvQ], unassigned_info[[reason=INDEX_CREATED], at[2016-03-29T21:29:43.323Z]]), reason [after recovery from store],shard-started ([test][7], node[JMRMCPFeQ-OI3jC4mS0RAA], [P], v[1], s[INITIALIZING], a[id=rC7V5BXeT4m-1G9-b5Pw5w], unassigned_info[[reason=INDEX_CREATED], at[2016-03-29T21:29:43.323Z]]), reason [after recovery from store],shard-started ([test][1], node[JMRMCPFeQ-OI3jC4mS0RAA], [P], v[1], s[INITIALIZING], a[id=3Mp0BD-HTQC_HeIU1DtPhA], unassigned_info[[reason=INDEX_CREATED], at[2016-03-29T21:29:43.323Z]]), reason [after recovery from store],shard-started ([test][3], node[JMRMCPFeQ-OI3jC4mS0RAA], [P], v[1], s[INITIALIZING], a[id=OhSwnQWwRbuJ5-YMqKNJjw], unassigned_info[[reason=INDEX_CREATED], at[2016-03-29T21:29:43.323Z]]), reason [after recovery from store]]: execute
[2016-03-29 17:29:43,358][TRACE][org.elasticsearch.transport.tracer] [transport_client_node_t1] [3][indices:admin/create] received response from [{node_t1}{JMRMCPFeQ-OI3jC4mS0RAA}{127.0.0.1}{127.0.0.1:9421}[mode=>network]]
[2016-03-29 17:29:43,358][TRACE][org.elasticsearch.transport.tracer] [transport_client_node_t1] [4][cluster:monitor/state] sent to [{node_t1}{JMRMCPFeQ-OI3jC4mS0RAA}{127.0.0.1}{127.0.0.1:9421}[mode=>network]] (timeout: [null])
[2016-03-29 17:29:43,358][TRACE][org.elasticsearch.cluster.service] [node_t1] cluster state updated, source [shard-started ([test][4], node[nMu_6boQR--7IGHETEaC6A], [P], v[1], s[INITIALIZING], a[id=4qa0UMnJSna1NZFfHP1Fhg], unassigned_info[[reason=INDEX_CREATED], at[2016-03-29T21:29:43.323Z]]), reason [after recovery from store],shard-started ([test][2], node[nMu_6boQR--7IGHETEaC6A], [P], v[1], s[INITIALIZING], a[id=4jD7-tdGTfmoAwhEHCXW2g], unassigned_info[[reason=INDEX_CREATED], at[2016-03-29T21:29:43.323Z]]), reason [after recovery from store],shard-started ([test][6], node[nMu_6boQR--7IGHETEaC6A], [P], v[1], s[INITIALIZING], a[id=OZw1U2GVTfGTc0WYIexndQ], unassigned_info[[reason=INDEX_CREATED], at[2016-03-29T21:29:43.323Z]]), reason [after recovery from store],shard-started ([test][0], node[nMu_6boQR--7IGHETEaC6A], [P], v[1], s[INITIALIZING], a[id=AF2N8luPTGOEWsg3lpwsvQ], unassigned_info[[reason=INDEX_CREATED], at[2016-03-29T21:29:43.323Z]]), reason [after recovery from store],shard-started ([test][7], node[JMRMCPFeQ-OI3jC4mS0RAA], [P], v[1], s[INITIALIZING], a[id=rC7V5BXeT4m-1G9-b5Pw5w], unassigned_info[[reason=INDEX_CREATED], at[2016-03-29T21:29:43.323Z]]), reason [after recovery from store],shard-started ([test][1], node[JMRMCPFeQ-OI3jC4mS0RAA], [P], v[1], s[INITIALIZING], a[id=3Mp0BD-HTQC_HeIU1DtPhA], unassigned_info[[reason=INDEX_CREATED], at[2016-03-29T21:29:43.323Z]]), reason [after recovery from store],shard-started ([test][3], node[JMRMCPFeQ-OI3jC4mS0RAA], [P], v[1], s[INITIALIZING], a[id=OhSwnQWwRbuJ5-YMqKNJjw], unassigned_info[[reason=INDEX_CREATED], at[2016-03-29T21:29:43.323Z]]), reason [after recovery from store]]
version: 4
state uuid: vutLTlIBStOcfIit-219Cg
from_diff: false
meta data version: 3
nodes: 
   {node_t0}{nMu_6boQR--7IGHETEaC6A}{127.0.0.1}{127.0.0.1:9420}[mode=>network]
   {node_t1}{JMRMCPFeQ-OI3jC4mS0RAA}{127.0.0.1}{127.0.0.1:9421}[mode=>network], local, master
routing_table (version 3):
-- index [test]
----shard_id [test][0]
--------[test][0], node[nMu_6boQR--7IGHETEaC6A], [P], v[2], s[STARTED], a[id=AF2N8luPTGOEWsg3lpwsvQ]
----shard_id [test][1]
--------[test][1], node[JMRMCPFeQ-OI3jC4mS0RAA], [P], v[2], s[STARTED], a[id=3Mp0BD-HTQC_HeIU1DtPhA]
----shard_id [test][2]
--------[test][2], node[nMu_6boQR--7IGHETEaC6A], [P], v[2], s[STARTED], a[id=4jD7-tdGTfmoAwhEHCXW2g]
----shard_id [test][3]
--------[test][3], node[JMRMCPFeQ-OI3jC4mS0RAA], [P], v[2], s[STARTED], a[id=OhSwnQWwRbuJ5-YMqKNJjw]
----shard_id [test][4]
--------[test][4], node[nMu_6boQR--7IGHETEaC6A], [P], v[2], s[STARTED], a[id=4qa0UMnJSna1NZFfHP1Fhg]
----shard_id [test][5]
--------[test][5], node[JMRMCPFeQ-OI3jC4mS0RAA], [P], v[1], s[INITIALIZING], a[id=FY_5koEwQY-x8VwqH92QIA], unassigned_info[[reason=INDEX_CREATED], at[2016-03-29T21:29:43.323Z]]
----shard_id [test][6]
--------[test][6], node[nMu_6boQR--7IGHETEaC6A], [P], v[2], s[STARTED], a[id=OZw1U2GVTfGTc0WYIexndQ]
----shard_id [test][7]
--------[test][7], node[JMRMCPFeQ-OI3jC4mS0RAA], [P], v[2], s[STARTED], a[id=rC7V5BXeT4m-1G9-b5Pw5w]
----shard_id [test][8]
--------[test][8], node[nMu_6boQR--7IGHETEaC6A], [P], v[1], s[INITIALIZING], a[id=GWVEeeZySkOeWZXB7Pa4GQ], unassigned_info[[reason=INDEX_CREATED], at[2016-03-29T21:29:43.323Z]]

routing_nodes:
-----node_id[nMu_6boQR--7IGHETEaC6A][V]
--------[test][8], node[nMu_6boQR--7IGHETEaC6A], [P], v[1], s[INITIALIZING], a[id=GWVEeeZySkOeWZXB7Pa4GQ], unassigned_info[[reason=INDEX_CREATED], at[2016-03-29T21:29:43.323Z]]
--------[test][6], node[nMu_6boQR--7IGHETEaC6A], [P], v[2], s[STARTED], a[id=OZw1U2GVTfGTc0WYIexndQ]
--------[test][4], node[nMu_6boQR--7IGHETEaC6A], [P], v[2], s[STARTED], a[id=4qa0UMnJSna1NZFfHP1Fhg]
--------[test][2], node[nMu_6boQR--7IGHETEaC6A], [P], v[2], s[STARTED], a[id=4jD7-tdGTfmoAwhEHCXW2g]
--------[test][0], node[nMu_6boQR--7IGHETEaC6A], [P], v[2], s[STARTED], a[id=AF2N8luPTGOEWsg3lpwsvQ]
-----node_id[JMRMCPFeQ-OI3jC4mS0RAA][V]
--------[test][3], node[JMRMCPFeQ-OI3jC4mS0RAA], [P], v[2], s[STARTED], a[id=OhSwnQWwRbuJ5-YMqKNJjw]
--------[test][1], node[JMRMCPFeQ-OI3jC4mS0RAA], [P], v[2], s[STARTED], a[id=3Mp0BD-HTQC_HeIU1DtPhA]
--------[test][7], node[JMRMCPFeQ-OI3jC4mS0RAA], [P], v[2], s[STARTED], a[id=rC7V5BXeT4m-1G9-b5Pw5w]
--------[test][5], node[JMRMCPFeQ-OI3jC4mS0RAA], [P], v[1], s[INITIALIZING], a[id=FY_5koEwQY-x8VwqH92QIA], unassigned_info[[reason=INDEX_CREATED], at[2016-03-29T21:29:43.323Z]]
---- unassigned

[2016-03-29 17:29:43,359][DEBUG][org.elasticsearch.cluster.service] [node_t1] publishing cluster state version [4]
[2016-03-29 17:29:43,359][TRACE][org.elasticsearch.transport.tracer] [transport_client_node_t1] [4][cluster:monitor/state] received response from [{node_t1}{JMRMCPFeQ-OI3jC4mS0RAA}{127.0.0.1}{127.0.0.1:9421}[mode=>network]]
[2016-03-29 17:29:43,359][TRACE][org.elasticsearch.transport.tracer] [transport_client_node_t1] [5][indices:data/write/index] sent to [{node_t1}{JMRMCPFeQ-OI3jC4mS0RAA}{127.0.0.1}{127.0.0.1:9421}[mode=>network]] (timeout: [null])
[2016-03-29 17:29:43,359][DEBUG][org.elasticsearch.discovery.zen.publish] [node_t0] received diff cluster state version [4] with uuid [vutLTlIBStOcfIit-219Cg], diff size [642]
[2016-03-29 17:29:43,360][TRACE][org.elasticsearch.discovery.zen.publish] [node_t1] master node {node_t0}{nMu_6boQR--7IGHETEaC6A}{127.0.0.1}{127.0.0.1:9420}[mode=>network] acked cluster state version [4]. processing ... (current pending [1], needed [1])
[2016-03-29 17:29:43,360][TRACE][org.elasticsearch.discovery.zen.publish] [node_t1] committing version [4]
[2016-03-29 17:29:43,360][TRACE][org.elasticsearch.discovery.zen.publish] [node_t1] sending commit for cluster state (uuid: [vutLTlIBStOcfIit-219Cg], version [4]) to [{node_t0}{nMu_6boQR--7IGHETEaC6A}{127.0.0.1}{127.0.0.1:9420}[mode=>network]]
[2016-03-29 17:29:43,360][TRACE][org.elasticsearch.cluster.service] [node_t0] will process [zen-disco-receive(from master [master {node_t1}{JMRMCPFeQ-OI3jC4mS0RAA}{127.0.0.1}{127.0.0.1:9421}[mode=>network] committed version [4]])]
[2016-03-29 17:29:43,360][DEBUG][org.elasticsearch.cluster.service] [node_t0] processing [zen-disco-receive(from master [master {node_t1}{JMRMCPFeQ-OI3jC4mS0RAA}{127.0.0.1}{127.0.0.1:9421}[mode=>network] committed version [4]])]: execute
[2016-03-29 17:29:43,360][TRACE][org.elasticsearch.cluster.service] [node_t0] cluster state updated, source [zen-disco-receive(from master [master {node_t1}{JMRMCPFeQ-OI3jC4mS0RAA}{127.0.0.1}{127.0.0.1:9421}[mode=>network] committed version [4]])]
version: 4
state uuid: vutLTlIBStOcfIit-219Cg
from_diff: false
meta data version: 3
nodes: 
   {node_t0}{nMu_6boQR--7IGHETEaC6A}{127.0.0.1}{127.0.0.1:9420}[mode=>network], local
   {node_t1}{JMRMCPFeQ-OI3jC4mS0RAA}{127.0.0.1}{127.0.0.1:9421}[mode=>network], master
routing_table (version 3):
-- index [test]
----shard_id [test][0]
--------[test][0], node[nMu_6boQR--7IGHETEaC6A], [P], v[2], s[STARTED], a[id=AF2N8luPTGOEWsg3lpwsvQ]
----shard_id [test][1]
--------[test][1], node[JMRMCPFeQ-OI3jC4mS0RAA], [P], v[2], s[STARTED], a[id=3Mp0BD-HTQC_HeIU1DtPhA]
----shard_id [test][2]
--------[test][2], node[nMu_6boQR--7IGHETEaC6A], [P], v[2], s[STARTED], a[id=4jD7-tdGTfmoAwhEHCXW2g]
----shard_id [test][3]
--------[test][3], node[JMRMCPFeQ-OI3jC4mS0RAA], [P], v[2], s[STARTED], a[id=OhSwnQWwRbuJ5-YMqKNJjw]
----shard_id [test][4]
--------[test][4], node[nMu_6boQR--7IGHETEaC6A], [P], v[2], s[STARTED], a[id=4qa0UMnJSna1NZFfHP1Fhg]
----shard_id [test][5]
--------[test][5], node[JMRMCPFeQ-OI3jC4mS0RAA], [P], v[1], s[INITIALIZING], a[id=FY_5koEwQY-x8VwqH92QIA], unassigned_info[[reason=INDEX_CREATED], at[2016-03-29T21:29:43.323Z]]
----shard_id [test][6]
--------[test][6], node[nMu_6boQR--7IGHETEaC6A], [P], v[2], s[STARTED], a[id=OZw1U2GVTfGTc0WYIexndQ]
----shard_id [test][7]
--------[test][7], node[JMRMCPFeQ-OI3jC4mS0RAA], [P], v[2], s[STARTED], a[id=rC7V5BXeT4m-1G9-b5Pw5w]
----shard_id [test][8]
--------[test][8], node[nMu_6boQR--7IGHETEaC6A], [P], v[1], s[INITIALIZING], a[id=GWVEeeZySkOeWZXB7Pa4GQ], unassigned_info[[reason=INDEX_CREATED], at[2016-03-29T21:29:43.323Z]]

routing_nodes:
-----node_id[nMu_6boQR--7IGHETEaC6A][V]
--------[test][8], node[nMu_6boQR--7IGHETEaC6A], [P], v[1], s[INITIALIZING], a[id=GWVEeeZySkOeWZXB7Pa4GQ], unassigned_info[[reason=INDEX_CREATED], at[2016-03-29T21:29:43.323Z]]
--------[test][4], node[nMu_6boQR--7IGHETEaC6A], [P], v[2], s[STARTED], a[id=4qa0UMnJSna1NZFfHP1Fhg]
--------[test][6], node[nMu_6boQR--7IGHETEaC6A], [P], v[2], s[STARTED], a[id=OZw1U2GVTfGTc0WYIexndQ]
--------[test][2], node[nMu_6boQR--7IGHETEaC6A], [P], v[2], s[STARTED], a[id=4jD7-tdGTfmoAwhEHCXW2g]
--------[test][0], node[nMu_6boQR--7IGHETEaC6A], [P], v[2], s[STARTED], a[id=AF2N8luPTGOEWsg3lpwsvQ]
-----node_id[JMRMCPFeQ-OI3jC4mS0RAA][V]
--------[test][1], node[JMRMCPFeQ-OI3jC4mS0RAA], [P], v[2], s[STARTED], a[id=3Mp0BD-HTQC_HeIU1DtPhA]
--------[test][5], node[JMRMCPFeQ-OI3jC4mS0RAA], [P], v[1], s[INITIALIZING], a[id=FY_5koEwQY-x8VwqH92QIA], unassigned_info[[reason=INDEX_CREATED], at[2016-03-29T21:29:43.323Z]]
--------[test][3], node[JMRMCPFeQ-OI3jC4mS0RAA], [P], v[2], s[STARTED], a[id=OhSwnQWwRbuJ5-YMqKNJjw]
--------[test][7], node[JMRMCPFeQ-OI3jC4mS0RAA], [P], v[2], s[STARTED], a[id=rC7V5BXeT4m-1G9-b5Pw5w]
---- unassigned

[2016-03-29 17:29:43,361][DEBUG][org.elasticsearch.cluster.service] [node_t0] set local cluster state to version 4
[2016-03-29 17:29:43,370][TRACE][org.elasticsearch.gateway] [node_t0] [test] writing state, reason [version changed from [1] to [2]]
[2016-03-29 17:29:43,372][DEBUG][org.elasticsearch.cluster.service] [node_t0] processing [zen-disco-receive(from master [master {node_t1}{JMRMCPFeQ-OI3jC4mS0RAA}{127.0.0.1}{127.0.0.1:9421}[mode=>network] committed version [4]])]: took 11ms done applying updated cluster_state (version: 4, uuid: vutLTlIBStOcfIit-219Cg)
[2016-03-29 17:29:43,372][DEBUG][org.elasticsearch.cluster.service] [node_t1] set local cluster state to version 4
[2016-03-29 17:29:43,379][TRACE][org.elasticsearch.gateway] [node_t1] [test] writing state, reason [version changed from [1] to [2]]
[2016-03-29 17:29:43,383][DEBUG][org.elasticsearch.cluster.service] [node_t1] processing [shard-started ([test][4], node[nMu_6boQR--7IGHETEaC6A], [P], v[1], s[INITIALIZING], a[id=4qa0UMnJSna1NZFfHP1Fhg], unassigned_info[[reason=INDEX_CREATED], at[2016-03-29T21:29:43.323Z]]), reason [after recovery from store],shard-started ([test][2], node[nMu_6boQR--7IGHETEaC6A], [P], v[1], s[INITIALIZING], a[id=4jD7-tdGTfmoAwhEHCXW2g], unassigned_info[[reason=INDEX_CREATED], at[2016-03-29T21:29:43.323Z]]), reason [after recovery from store],shard-started ([test][6], node[nMu_6boQR--7IGHETEaC6A], [P], v[1], s[INITIALIZING], a[id=OZw1U2GVTfGTc0WYIexndQ], unassigned_info[[reason=INDEX_CREATED], at[2016-03-29T21:29:43.323Z]]), reason [after recovery from store],shard-started ([test][0], node[nMu_6boQR--7IGHETEaC6A], [P], v[1], s[INITIALIZING], a[id=AF2N8luPTGOEWsg3lpwsvQ], unassigned_info[[reason=INDEX_CREATED], at[2016-03-29T21:29:43.323Z]]), reason [after recovery from store],shard-started ([test][7], node[JMRMCPFeQ-OI3jC4mS0RAA], [P], v[1], s[INITIALIZING], a[id=rC7V5BXeT4m-1G9-b5Pw5w], unassigned_info[[reason=INDEX_CREATED], at[2016-03-29T21:29:43.323Z]]), reason [after recovery from store],shard-started ([test][1], node[JMRMCPFeQ-OI3jC4mS0RAA], [P], v[1], s[INITIALIZING], a[id=3Mp0BD-HTQC_HeIU1DtPhA], unassigned_info[[reason=INDEX_CREATED], at[2016-03-29T21:29:43.323Z]]), reason [after recovery from store],shard-started ([test][3], node[JMRMCPFeQ-OI3jC4mS0RAA], [P], v[1], s[INITIALIZING], a[id=OhSwnQWwRbuJ5-YMqKNJjw], unassigned_info[[reason=INDEX_CREATED], at[2016-03-29T21:29:43.323Z]]), reason [after recovery from store]]: took 25ms done applying updated cluster_state (version: 4, uuid: vutLTlIBStOcfIit-219Cg)
[2016-03-29 17:29:43,383][TRACE][org.elasticsearch.cluster.service] [node_t1] will process [shard-started ([test][5], node[JMRMCPFeQ-OI3jC4mS0RAA], [P], v[1], s[INITIALIZING], a[id=FY_5koEwQY-x8VwqH92QIA], unassigned_info[[reason=INDEX_CREATED], at[2016-03-29T21:29:43.323Z]]), reason [after recovery from store]]
[2016-03-29 17:29:43,383][TRACE][org.elasticsearch.cluster.service] [node_t1] will process [shard-started ([test][8], node[nMu_6boQR--7IGHETEaC6A], [P], v[1], s[INITIALIZING], a[id=GWVEeeZySkOeWZXB7Pa4GQ], unassigned_info[[reason=INDEX_CREATED], at[2016-03-29T21:29:43.323Z]]), reason [after recovery from store]]
[2016-03-29 17:29:43,383][TRACE][org.elasticsearch.cluster.service] [node_t1] will process [shard-started ([test][5], node[JMRMCPFeQ-OI3jC4mS0RAA], [P], v[1], s[INITIALIZING], a[id=FY_5koEwQY-x8VwqH92QIA], unassigned_info[[reason=INDEX_CREATED], at[2016-03-29T21:29:43.323Z]]), reason [master {node_t1}{JMRMCPFeQ-OI3jC4mS0RAA}{127.0.0.1}{127.0.0.1:9421}[mode=>network] marked shard as initializing, but shard state is [POST_RECOVERY], mark shard as started]]
[2016-03-29 17:29:43,383][DEBUG][org.elasticsearch.cluster.service] [node_t1] processing [shard-started ([test][5], node[JMRMCPFeQ-OI3jC4mS0RAA], [P], v[1], s[INITIALIZING], a[id=FY_5koEwQY-x8VwqH92QIA], unassigned_info[[reason=INDEX_CREATED], at[2016-03-29T21:29:43.323Z]]), reason [after recovery from store],shard-started ([test][8], node[nMu_6boQR--7IGHETEaC6A], [P], v[1], s[INITIALIZING], a[id=GWVEeeZySkOeWZXB7Pa4GQ], unassigned_info[[reason=INDEX_CREATED], at[2016-03-29T21:29:43.323Z]]), reason [after recovery from store],shard-started ([test][5], node[JMRMCPFeQ-OI3jC4mS0RAA], [P], v[1], s[INITIALIZING], a[id=FY_5koEwQY-x8VwqH92QIA], unassigned_info[[reason=INDEX_CREATED], at[2016-03-29T21:29:43.323Z]]), reason [master {node_t1}{JMRMCPFeQ-OI3jC4mS0RAA}{127.0.0.1}{127.0.0.1:9421}[mode=>network] marked shard as initializing, but shard state is [POST_RECOVERY], mark shard as started]]: execute
[2016-03-29 17:29:43,385][TRACE][org.elasticsearch.cluster.service] [node_t1] cluster state updated, source [shard-started ([test][5], node[JMRMCPFeQ-OI3jC4mS0RAA], [P], v[1], s[INITIALIZING], a[id=FY_5koEwQY-x8VwqH92QIA], unassigned_info[[reason=INDEX_CREATED], at[2016-03-29T21:29:43.323Z]]), reason [after recovery from store],shard-started ([test][8], node[nMu_6boQR--7IGHETEaC6A], [P], v[1], s[INITIALIZING], a[id=GWVEeeZySkOeWZXB7Pa4GQ], unassigned_info[[reason=INDEX_CREATED], at[2016-03-29T21:29:43.323Z]]), reason [after recovery from store],shard-started ([test][5], node[JMRMCPFeQ-OI3jC4mS0RAA], [P], v[1], s[INITIALIZING], a[id=FY_5koEwQY-x8VwqH92QIA], unassigned_info[[reason=INDEX_CREATED], at[2016-03-29T21:29:43.323Z]]), reason [master {node_t1}{JMRMCPFeQ-OI3jC4mS0RAA}{127.0.0.1}{127.0.0.1:9421}[mode=>network] marked shard as initializing, but shard state is [POST_RECOVERY], mark shard as started]]
version: 5
state uuid: lgBVGM0TSI--Z_ysAfFbZg
from_diff: false
meta data version: 4
nodes: 
   {node_t0}{nMu_6boQR--7IGHETEaC6A}{127.0.0.1}{127.0.0.1:9420}[mode=>network]
   {node_t1}{JMRMCPFeQ-OI3jC4mS0RAA}{127.0.0.1}{127.0.0.1:9421}[mode=>network], local, master
routing_table (version 4):
-- index [test]
----shard_id [test][0]
--------[test][0], node[nMu_6boQR--7IGHETEaC6A], [P], v[2], s[STARTED], a[id=AF2N8luPTGOEWsg3lpwsvQ]
----shard_id [test][1]
--------[test][1], node[JMRMCPFeQ-OI3jC4mS0RAA], [P], v[2], s[STARTED], a[id=3Mp0BD-HTQC_HeIU1DtPhA]
----shard_id [test][2]
--------[test][2], node[nMu_6boQR--7IGHETEaC6A], [P], v[2], s[STARTED], a[id=4jD7-tdGTfmoAwhEHCXW2g]
----shard_id [test][3]
--------[test][3], node[JMRMCPFeQ-OI3jC4mS0RAA], [P], v[2], s[STARTED], a[id=OhSwnQWwRbuJ5-YMqKNJjw]
----shard_id [test][4]
--------[test][4], node[nMu_6boQR--7IGHETEaC6A], [P], v[2], s[STARTED], a[id=4qa0UMnJSna1NZFfHP1Fhg]
----shard_id [test][5]
--------[test][5], node[JMRMCPFeQ-OI3jC4mS0RAA], [P], v[2], s[STARTED], a[id=FY_5koEwQY-x8VwqH92QIA]
----shard_id [test][6]
--------[test][6], node[nMu_6boQR--7IGHETEaC6A], [P], v[2], s[STARTED], a[id=OZw1U2GVTfGTc0WYIexndQ]
----shard_id [test][7]
--------[test][7], node[JMRMCPFeQ-OI3jC4mS0RAA], [P], v[2], s[STARTED], a[id=rC7V5BXeT4m-1G9-b5Pw5w]
----shard_id [test][8]
--------[test][8], node[nMu_6boQR--7IGHETEaC6A], [P], v[2], s[STARTED], a[id=GWVEeeZySkOeWZXB7Pa4GQ]

routing_nodes:
-----node_id[nMu_6boQR--7IGHETEaC6A][V]
--------[test][4], node[nMu_6boQR--7IGHETEaC6A], [P], v[2], s[STARTED], a[id=4qa0UMnJSna1NZFfHP1Fhg]
--------[test][2], node[nMu_6boQR--7IGHETEaC6A], [P], v[2], s[STARTED], a[id=4jD7-tdGTfmoAwhEHCXW2g]
--------[test][8], node[nMu_6boQR--7IGHETEaC6A], [P], v[2], s[STARTED], a[id=GWVEeeZySkOeWZXB7Pa4GQ]
--------[test][6], node[nMu_6boQR--7IGHETEaC6A], [P], v[2], s[STARTED], a[id=OZw1U2GVTfGTc0WYIexndQ]
--------[test][0], node[nMu_6boQR--7IGHETEaC6A], [P], v[2], s[STARTED], a[id=AF2N8luPTGOEWsg3lpwsvQ]
-----node_id[JMRMCPFeQ-OI3jC4mS0RAA][V]
--------[test][3], node[JMRMCPFeQ-OI3jC4mS0RAA], [P], v[2], s[STARTED], a[id=OhSwnQWwRbuJ5-YMqKNJjw]
--------[test][1], node[JMRMCPFeQ-OI3jC4mS0RAA], [P], v[2], s[STARTED], a[id=3Mp0BD-HTQC_HeIU1DtPhA]
--------[test][7], node[JMRMCPFeQ-OI3jC4mS0RAA], [P], v[2], s[STARTED], a[id=rC7V5BXeT4m-1G9-b5Pw5w]
--------[test][5], node[JMRMCPFeQ-OI3jC4mS0RAA], [P], v[2], s[STARTED], a[id=FY_5koEwQY-x8VwqH92QIA]
---- unassigned

[2016-03-29 17:29:43,385][DEBUG][org.elasticsearch.cluster.service] [node_t1] publishing cluster state version [5]
[2016-03-29 17:29:43,386][DEBUG][org.elasticsearch.discovery.zen.publish] [node_t0] received diff cluster state version [5] with uuid [lgBVGM0TSI--Z_ysAfFbZg], diff size [588]
[2016-03-29 17:29:43,386][TRACE][org.elasticsearch.discovery.zen.publish] [node_t1] master node {node_t0}{nMu_6boQR--7IGHETEaC6A}{127.0.0.1}{127.0.0.1:9420}[mode=>network] acked cluster state version [5]. processing ... (current pending [1], needed [1])
[2016-03-29 17:29:43,386][TRACE][org.elasticsearch.discovery.zen.publish] [node_t1] committing version [5]
[2016-03-29 17:29:43,386][TRACE][org.elasticsearch.discovery.zen.publish] [node_t1] sending commit for cluster state (uuid: [lgBVGM0TSI--Z_ysAfFbZg], version [5]) to [{node_t0}{nMu_6boQR--7IGHETEaC6A}{127.0.0.1}{127.0.0.1:9420}[mode=>network]]
[2016-03-29 17:29:43,387][TRACE][org.elasticsearch.cluster.service] [node_t0] will process [zen-disco-receive(from master [master {node_t1}{JMRMCPFeQ-OI3jC4mS0RAA}{127.0.0.1}{127.0.0.1:9421}[mode=>network] committed version [5]])]
[2016-03-29 17:29:43,387][DEBUG][org.elasticsearch.cluster.service] [node_t0] processing [zen-disco-receive(from master [master {node_t1}{JMRMCPFeQ-OI3jC4mS0RAA}{127.0.0.1}{127.0.0.1:9421}[mode=>network] committed version [5]])]: execute
[2016-03-29 17:29:43,387][TRACE][org.elasticsearch.cluster.service] [node_t0] cluster state updated, source [zen-disco-receive(from master [master {node_t1}{JMRMCPFeQ-OI3jC4mS0RAA}{127.0.0.1}{127.0.0.1:9421}[mode=>network] committed version [5]])]
version: 5
state uuid: lgBVGM0TSI--Z_ysAfFbZg
from_diff: false
meta data version: 4
nodes: 
   {node_t0}{nMu_6boQR--7IGHETEaC6A}{127.0.0.1}{127.0.0.1:9420}[mode=>network], local
   {node_t1}{JMRMCPFeQ-OI3jC4mS0RAA}{127.0.0.1}{127.0.0.1:9421}[mode=>network], master
routing_table (version 4):
-- index [test]
----shard_id [test][0]
--------[test][0], node[nMu_6boQR--7IGHETEaC6A], [P], v[2], s[STARTED], a[id=AF2N8luPTGOEWsg3lpwsvQ]
----shard_id [test][1]
--------[test][1], node[JMRMCPFeQ-OI3jC4mS0RAA], [P], v[2], s[STARTED], a[id=3Mp0BD-HTQC_HeIU1DtPhA]
----shard_id [test][2]
--------[test][2], node[nMu_6boQR--7IGHETEaC6A], [P], v[2], s[STARTED], a[id=4jD7-tdGTfmoAwhEHCXW2g]
----shard_id [test][3]
--------[test][3], node[JMRMCPFeQ-OI3jC4mS0RAA], [P], v[2], s[STARTED], a[id=OhSwnQWwRbuJ5-YMqKNJjw]
----shard_id [test][4]
--------[test][4], node[nMu_6boQR--7IGHETEaC6A], [P], v[2], s[STARTED], a[id=4qa0UMnJSna1NZFfHP1Fhg]
----shard_id [test][5]
--------[test][5], node[JMRMCPFeQ-OI3jC4mS0RAA], [P], v[2], s[STARTED], a[id=FY_5koEwQY-x8VwqH92QIA]
----shard_id [test][6]
--------[test][6], node[nMu_6boQR--7IGHETEaC6A], [P], v[2], s[STARTED], a[id=OZw1U2GVTfGTc0WYIexndQ]
----shard_id [test][7]
--------[test][7], node[JMRMCPFeQ-OI3jC4mS0RAA], [P], v[2], s[STARTED], a[id=rC7V5BXeT4m-1G9-b5Pw5w]
----shard_id [test][8]
--------[test][8], node[nMu_6boQR--7IGHETEaC6A], [P], v[2], s[STARTED], a[id=GWVEeeZySkOeWZXB7Pa4GQ]

routing_nodes:
-----node_id[nMu_6boQR--7IGHETEaC6A][V]
--------[test][2], node[nMu_6boQR--7IGHETEaC6A], [P], v[2], s[STARTED], a[id=4jD7-tdGTfmoAwhEHCXW2g]
--------[test][6], node[nMu_6boQR--7IGHETEaC6A], [P], v[2], s[STARTED], a[id=OZw1U2GVTfGTc0WYIexndQ]
--------[test][4], node[nMu_6boQR--7IGHETEaC6A], [P], v[2], s[STARTED], a[id=4qa0UMnJSna1NZFfHP1Fhg]
--------[test][8], node[nMu_6boQR--7IGHETEaC6A], [P], v[2], s[STARTED], a[id=GWVEeeZySkOeWZXB7Pa4GQ]
--------[test][0], node[nMu_6boQR--7IGHETEaC6A], [P], v[2], s[STARTED], a[id=AF2N8luPTGOEWsg3lpwsvQ]
-----node_id[JMRMCPFeQ-OI3jC4mS0RAA][V]
--------[test][7], node[JMRMCPFeQ-OI3jC4mS0RAA], [P], v[2], s[STARTED], a[id=rC7V5BXeT4m-1G9-b5Pw5w]
--------[test][3], node[JMRMCPFeQ-OI3jC4mS0RAA], [P], v[2], s[STARTED], a[id=OhSwnQWwRbuJ5-YMqKNJjw]
--------[test][1], node[JMRMCPFeQ-OI3jC4mS0RAA], [P], v[2], s[STARTED], a[id=3Mp0BD-HTQC_HeIU1DtPhA]
--------[test][5], node[JMRMCPFeQ-OI3jC4mS0RAA], [P], v[2], s[STARTED], a[id=FY_5koEwQY-x8VwqH92QIA]
---- unassigned

[2016-03-29 17:29:43,388][DEBUG][org.elasticsearch.cluster.service] [node_t0] set local cluster state to version 5
[2016-03-29 17:29:43,390][TRACE][org.elasticsearch.gateway] [node_t0] [test] writing state, reason [version changed from [2] to [3]]
[2016-03-29 17:29:43,392][DEBUG][org.elasticsearch.cluster.service] [node_t0] processing [zen-disco-receive(from master [master {node_t1}{JMRMCPFeQ-OI3jC4mS0RAA}{127.0.0.1}{127.0.0.1:9421}[mode=>network] committed version [5]])]: took 5ms done applying updated cluster_state (version: 5, uuid: lgBVGM0TSI--Z_ysAfFbZg)
[2016-03-29 17:29:43,392][TRACE][org.elasticsearch.cluster.service] [node_t0] will process [indices_store ([[test][7]] active fully on other nodes)]
[2016-03-29 17:29:43,392][DEBUG][org.elasticsearch.cluster.service] [node_t0] processing [indices_store ([[test][7]] active fully on other nodes)]: execute
[2016-03-29 17:29:43,393][DEBUG][org.elasticsearch.cluster.service] [node_t1] set local cluster state to version 5
[2016-03-29 17:29:43,396][TRACE][org.elasticsearch.gateway] [node_t1] [test] writing state, reason [version changed from [2] to [3]]
[2016-03-29 17:29:43,399][DEBUG][org.elasticsearch.cluster.service] [node_t0] processing [indices_store ([[test][7]] active fully on other nodes)]: took 6ms no change in cluster_state
[2016-03-29 17:29:43,399][TRACE][org.elasticsearch.cluster.service] [node_t0] will process [indices_store ([[test][3]] active fully on other nodes)]
[2016-03-29 17:29:43,399][DEBUG][org.elasticsearch.cluster.service] [node_t0] processing [indices_store ([[test][3]] active fully on other nodes)]: execute
[2016-03-29 17:29:43,400][DEBUG][org.elasticsearch.cluster.service] [node_t1] processing [shard-started ([test][5], node[JMRMCPFeQ-OI3jC4mS0RAA], [P], v[1], s[INITIALIZING], a[id=FY_5koEwQY-x8VwqH92QIA], unassigned_info[[reason=INDEX_CREATED], at[2016-03-29T21:29:43.323Z]]), reason [after recovery from store],shard-started ([test][8], node[nMu_6boQR--7IGHETEaC6A], [P], v[1], s[INITIALIZING], a[id=GWVEeeZySkOeWZXB7Pa4GQ], unassigned_info[[reason=INDEX_CREATED], at[2016-03-29T21:29:43.323Z]]), reason [after recovery from store],shard-started ([test][5], node[JMRMCPFeQ-OI3jC4mS0RAA], [P], v[1], s[INITIALIZING], a[id=FY_5koEwQY-x8VwqH92QIA], unassigned_info[[reason=INDEX_CREATED], at[2016-03-29T21:29:43.323Z]]), reason [master {node_t1}{JMRMCPFeQ-OI3jC4mS0RAA}{127.0.0.1}{127.0.0.1:9421}[mode=>network] marked shard as initializing, but shard state is [POST_RECOVERY], mark shard as started]]: took 16ms done applying updated cluster_state (version: 5, uuid: lgBVGM0TSI--Z_ysAfFbZg)
[2016-03-29 17:29:43,406][TRACE][org.elasticsearch.cluster.service] [node_t1] will process [put-mapping [type1]]
[2016-03-29 17:29:43,406][DEBUG][org.elasticsearch.cluster.service] [node_t1] processing [put-mapping [type1]]: execute
[2016-03-29 17:29:43,407][TRACE][org.elasticsearch.cluster.service] expecting 2 acknowledgements for cluster_state update (version: 6)
[2016-03-29 17:29:43,407][TRACE][org.elasticsearch.cluster.service] [node_t1] cluster state updated, source [put-mapping [type1]]
version: 6
state uuid: b7KZnuzMSAy7lv3WfuyVmg
from_diff: false
meta data version: 5
nodes: 
   {node_t0}{nMu_6boQR--7IGHETEaC6A}{127.0.0.1}{127.0.0.1:9420}[mode=>network]
   {node_t1}{JMRMCPFeQ-OI3jC4mS0RAA}{127.0.0.1}{127.0.0.1:9421}[mode=>network], local, master
routing_table (version 4):
-- index [test]
----shard_id [test][0]
--------[test][0], node[nMu_6boQR--7IGHETEaC6A], [P], v[2], s[STARTED], a[id=AF2N8luPTGOEWsg3lpwsvQ]
----shard_id [test][1]
--------[test][1], node[JMRMCPFeQ-OI3jC4mS0RAA], [P], v[2], s[STARTED], a[id=3Mp0BD-HTQC_HeIU1DtPhA]
----shard_id [test][2]
--------[test][2], node[nMu_6boQR--7IGHETEaC6A], [P], v[2], s[STARTED], a[id=4jD7-tdGTfmoAwhEHCXW2g]
----shard_id [test][3]
--------[test][3], node[JMRMCPFeQ-OI3jC4mS0RAA], [P], v[2], s[STARTED], a[id=OhSwnQWwRbuJ5-YMqKNJjw]
----shard_id [test][4]
--------[test][4], node[nMu_6boQR--7IGHETEaC6A], [P], v[2], s[STARTED], a[id=4qa0UMnJSna1NZFfHP1Fhg]
----shard_id [test][5]
--------[test][5], node[JMRMCPFeQ-OI3jC4mS0RAA], [P], v[2], s[STARTED], a[id=FY_5koEwQY-x8VwqH92QIA]
----shard_id [test][6]
--------[test][6], node[nMu_6boQR--7IGHETEaC6A], [P], v[2], s[STARTED], a[id=OZw1U2GVTfGTc0WYIexndQ]
----shard_id [test][7]
--------[test][7], node[JMRMCPFeQ-OI3jC4mS0RAA], [P], v[2], s[STARTED], a[id=rC7V5BXeT4m-1G9-b5Pw5w]
----shard_id [test][8]
--------[test][8], node[nMu_6boQR--7IGHETEaC6A], [P], v[2], s[STARTED], a[id=GWVEeeZySkOeWZXB7Pa4GQ]

routing_nodes:
-----node_id[nMu_6boQR--7IGHETEaC6A][V]
--------[test][4], node[nMu_6boQR--7IGHETEaC6A], [P], v[2], s[STARTED], a[id=4qa0UMnJSna1NZFfHP1Fhg]
--------[test][2], node[nMu_6boQR--7IGHETEaC6A], [P], v[2], s[STARTED], a[id=4jD7-tdGTfmoAwhEHCXW2g]
--------[test][8], node[nMu_6boQR--7IGHETEaC6A], [P], v[2], s[STARTED], a[id=GWVEeeZySkOeWZXB7Pa4GQ]
--------[test][6], node[nMu_6boQR--7IGHETEaC6A], [P], v[2], s[STARTED], a[id=OZw1U2GVTfGTc0WYIexndQ]
--------[test][0], node[nMu_6boQR--7IGHETEaC6A], [P], v[2], s[STARTED], a[id=AF2N8luPTGOEWsg3lpwsvQ]
-----node_id[JMRMCPFeQ-OI3jC4mS0RAA][V]
--------[test][3], node[JMRMCPFeQ-OI3jC4mS0RAA], [P], v[2], s[STARTED], a[id=OhSwnQWwRbuJ5-YMqKNJjw]
--------[test][1], node[JMRMCPFeQ-OI3jC4mS0RAA], [P], v[2], s[STARTED], a[id=3Mp0BD-HTQC_HeIU1DtPhA]
--------[test][7], node[JMRMCPFeQ-OI3jC4mS0RAA], [P], v[2], s[STARTED], a[id=rC7V5BXeT4m-1G9-b5Pw5w]
--------[test][5], node[JMRMCPFeQ-OI3jC4mS0RAA], [P], v[2], s[STARTED], a[id=FY_5koEwQY-x8VwqH92QIA]
---- unassigned

[2016-03-29 17:29:43,407][DEBUG][org.elasticsearch.cluster.service] [node_t1] publishing cluster state version [6]
[2016-03-29 17:29:43,409][DEBUG][org.elasticsearch.discovery.zen.publish] [node_t0] received diff cluster state version [6] with uuid [b7KZnuzMSAy7lv3WfuyVmg], diff size [443]
[2016-03-29 17:29:43,409][TRACE][org.elasticsearch.discovery.zen.publish] [node_t1] master node {node_t0}{nMu_6boQR--7IGHETEaC6A}{127.0.0.1}{127.0.0.1:9420}[mode=>network] acked cluster state version [6]. processing ... (current pending [1], needed [1])
[2016-03-29 17:29:43,409][TRACE][org.elasticsearch.discovery.zen.publish] [node_t1] committing version [6]
[2016-03-29 17:29:43,409][TRACE][org.elasticsearch.discovery.zen.publish] [node_t1] sending commit for cluster state (uuid: [b7KZnuzMSAy7lv3WfuyVmg], version [6]) to [{node_t0}{nMu_6boQR--7IGHETEaC6A}{127.0.0.1}{127.0.0.1:9420}[mode=>network]]
[2016-03-29 17:29:43,415][DEBUG][org.elasticsearch.cluster.service] [node_t0] processing [indices_store ([[test][3]] active fully on other nodes)]: took 15ms no change in cluster_state
[2016-03-29 17:29:43,415][TRACE][org.elasticsearch.cluster.service] [node_t0] will process [zen-disco-receive(from master [master {node_t1}{JMRMCPFeQ-OI3jC4mS0RAA}{127.0.0.1}{127.0.0.1:9421}[mode=>network] committed version [6]])]
[2016-03-29 17:29:43,415][DEBUG][org.elasticsearch.cluster.service] [node_t0] processing [zen-disco-receive(from master [master {node_t1}{JMRMCPFeQ-OI3jC4mS0RAA}{127.0.0.1}{127.0.0.1:9421}[mode=>network] committed version [6]])]: execute
[2016-03-29 17:29:43,415][TRACE][org.elasticsearch.cluster.service] [node_t0] cluster state updated, source [zen-disco-receive(from master [master {node_t1}{JMRMCPFeQ-OI3jC4mS0RAA}{127.0.0.1}{127.0.0.1:9421}[mode=>network] committed version [6]])]
version: 6
state uuid: b7KZnuzMSAy7lv3WfuyVmg
from_diff: false
meta data version: 5
nodes: 
   {node_t0}{nMu_6boQR--7IGHETEaC6A}{127.0.0.1}{127.0.0.1:9420}[mode=>network], local
   {node_t1}{JMRMCPFeQ-OI3jC4mS0RAA}{127.0.0.1}{127.0.0.1:9421}[mode=>network], master
routing_table (version 4):
-- index [test]
----shard_id [test][0]
--------[test][0], node[nMu_6boQR--7IGHETEaC6A], [P], v[2], s[STARTED], a[id=AF2N8luPTGOEWsg3lpwsvQ]
----shard_id [test][1]
--------[test][1], node[JMRMCPFeQ-OI3jC4mS0RAA], [P], v[2], s[STARTED], a[id=3Mp0BD-HTQC_HeIU1DtPhA]
----shard_id [test][2]
--------[test][2], node[nMu_6boQR--7IGHETEaC6A], [P], v[2], s[STARTED], a[id=4jD7-tdGTfmoAwhEHCXW2g]
----shard_id [test][3]
--------[test][3], node[JMRMCPFeQ-OI3jC4mS0RAA], [P], v[2], s[STARTED], a[id=OhSwnQWwRbuJ5-YMqKNJjw]
----shard_id [test][4]
--------[test][4], node[nMu_6boQR--7IGHETEaC6A], [P], v[2], s[STARTED], a[id=4qa0UMnJSna1NZFfHP1Fhg]
----shard_id [test][5]
--------[test][5], node[JMRMCPFeQ-OI3jC4mS0RAA], [P], v[2], s[STARTED], a[id=FY_5koEwQY-x8VwqH92QIA]
----shard_id [test][6]
--------[test][6], node[nMu_6boQR--7IGHETEaC6A], [P], v[2], s[STARTED], a[id=OZw1U2GVTfGTc0WYIexndQ]
----shard_id [test][7]
--------[test][7], node[JMRMCPFeQ-OI3jC4mS0RAA], [P], v[2], s[STARTED], a[id=rC7V5BXeT4m-1G9-b5Pw5w]
----shard_id [test][8]
--------[test][8], node[nMu_6boQR--7IGHETEaC6A], [P], v[2], s[STARTED], a[id=GWVEeeZySkOeWZXB7Pa4GQ]

routing_nodes:
-----node_id[nMu_6boQR--7IGHETEaC6A][V]
--------[test][2], node[nMu_6boQR--7IGHETEaC6A], [P], v[2], s[STARTED], a[id=4jD7-tdGTfmoAwhEHCXW2g]
--------[test][6], node[nMu_6boQR--7IGHETEaC6A], [P], v[2], s[STARTED], a[id=OZw1U2GVTfGTc0WYIexndQ]
--------[test][4], node[nMu_6boQR--7IGHETEaC6A], [P], v[2], s[STARTED], a[id=4qa0UMnJSna1NZFfHP1Fhg]
--------[test][8], node[nMu_6boQR--7IGHETEaC6A], [P], v[2], s[STARTED], a[id=GWVEeeZySkOeWZXB7Pa4GQ]
--------[test][0], node[nMu_6boQR--7IGHETEaC6A], [P], v[2], s[STARTED], a[id=AF2N8luPTGOEWsg3lpwsvQ]
-----node_id[JMRMCPFeQ-OI3jC4mS0RAA][V]
--------[test][7], node[JMRMCPFeQ-OI3jC4mS0RAA], [P], v[2], s[STARTED], a[id=rC7V5BXeT4m-1G9-b5Pw5w]
--------[test][3], node[JMRMCPFeQ-OI3jC4mS0RAA], [P], v[2], s[STARTED], a[id=OhSwnQWwRbuJ5-YMqKNJjw]
--------[test][1], node[JMRMCPFeQ-OI3jC4mS0RAA], [P], v[2], s[STARTED], a[id=3Mp0BD-HTQC_HeIU1DtPhA]
--------[test][5], node[JMRMCPFeQ-OI3jC4mS0RAA], [P], v[2], s[STARTED], a[id=FY_5koEwQY-x8VwqH92QIA]
---- unassigned

[2016-03-29 17:29:43,415][DEBUG][org.elasticsearch.cluster.service] [node_t0] set local cluster state to version 6
[2016-03-29 17:29:43,416][TRACE][org.elasticsearch.gateway] [node_t0] [test] writing state, reason [version changed from [3] to [4]]
[2016-03-29 17:29:43,418][DEBUG][org.elasticsearch.cluster.service] [node_t0] processing [zen-disco-receive(from master [master {node_t1}{JMRMCPFeQ-OI3jC4mS0RAA}{127.0.0.1}{127.0.0.1:9421}[mode=>network] committed version [6]])]: took 3ms done applying updated cluster_state (version: 6, uuid: b7KZnuzMSAy7lv3WfuyVmg)
[2016-03-29 17:29:43,418][TRACE][org.elasticsearch.cluster.service] ack received from node [{node_t0}{nMu_6boQR--7IGHETEaC6A}{127.0.0.1}{127.0.0.1:9420}[mode=>network]], cluster_state update (version: 6)
[2016-03-29 17:29:43,418][TRACE][org.elasticsearch.cluster.service] [node_t0] will process [indices_store ([[test][1]] active fully on other nodes)]
[2016-03-29 17:29:43,418][DEBUG][org.elasticsearch.cluster.service] [node_t1] set local cluster state to version 6
[2016-03-29 17:29:43,418][DEBUG][org.elasticsearch.cluster.service] [node_t0] processing [indices_store ([[test][1]] active fully on other nodes)]: execute
[2016-03-29 17:29:43,418][DEBUG][org.elasticsearch.cluster.service] [node_t0] processing [indices_store ([[test][1]] active fully on other nodes)]: took 0s no change in cluster_state
[2016-03-29 17:29:43,418][TRACE][org.elasticsearch.cluster.service] [node_t0] will process [indices_store ([[test][5]] active fully on other nodes)]
[2016-03-29 17:29:43,418][DEBUG][org.elasticsearch.cluster.service] [node_t0] processing [indices_store ([[test][5]] active fully on other nodes)]: execute
[2016-03-29 17:29:43,418][DEBUG][org.elasticsearch.cluster.service] [node_t0] processing [indices_store ([[test][5]] active fully on other nodes)]: took 0s no change in cluster_state
[2016-03-29 17:29:43,419][TRACE][org.elasticsearch.gateway] [node_t1] [test] writing state, reason [version changed from [3] to [4]]
[2016-03-29 17:29:43,421][TRACE][org.elasticsearch.cluster.service] ack received from node [{node_t1}{JMRMCPFeQ-OI3jC4mS0RAA}{127.0.0.1}{127.0.0.1:9421}[mode=>network]], cluster_state update (version: 6)
[2016-03-29 17:29:43,421][TRACE][org.elasticsearch.cluster.service] all expected nodes acknowledged cluster_state update (version: 6)
[2016-03-29 17:29:43,421][DEBUG][org.elasticsearch.cluster.service] [node_t1] processing [put-mapping [type1]]: took 15ms done applying updated cluster_state (version: 6, uuid: b7KZnuzMSAy7lv3WfuyVmg)
[2016-03-29 17:29:43,421][TRACE][org.elasticsearch.cluster.service] [node_t1] will process [indices_store ([[test][6]] active fully on other nodes)]
[2016-03-29 17:29:43,421][DEBUG][org.elasticsearch.cluster.service] [node_t1] processing [indices_store ([[test][6]] active fully on other nodes)]: execute
[2016-03-29 17:29:43,421][DEBUG][org.elasticsearch.cluster.service] [node_t1] processing [indices_store ([[test][6]] active fully on other nodes)]: took 0s no change in cluster_state
[2016-03-29 17:29:43,421][TRACE][org.elasticsearch.cluster.service] [node_t1] will process [indices_store ([[test][2]] active fully on other nodes)]
[2016-03-29 17:29:43,421][DEBUG][org.elasticsearch.cluster.service] [node_t1] processing [indices_store ([[test][2]] active fully on other nodes)]: execute
[2016-03-29 17:29:43,421][DEBUG][org.elasticsearch.cluster.service] [node_t1] processing [indices_store ([[test][2]] active fully on other nodes)]: took 0s no change in cluster_state
[2016-03-29 17:29:43,421][TRACE][org.elasticsearch.cluster.service] [node_t1] will process [indices_store ([[test][4]] active fully on other nodes)]
[2016-03-29 17:29:43,421][DEBUG][org.elasticsearch.cluster.service] [node_t1] processing [indices_store ([[test][4]] active fully on other nodes)]: execute
[2016-03-29 17:29:43,421][DEBUG][org.elasticsearch.cluster.service] [node_t1] processing [indices_store ([[test][4]] active fully on other nodes)]: took 0s no change in cluster_state
[2016-03-29 17:29:43,421][TRACE][org.elasticsearch.cluster.service] [node_t1] will process [indices_store ([[test][0]] active fully on other nodes)]
[2016-03-29 17:29:43,421][DEBUG][org.elasticsearch.cluster.service] [node_t1] processing [indices_store ([[test][0]] active fully on other nodes)]: execute
[2016-03-29 17:29:43,421][DEBUG][org.elasticsearch.cluster.service] [node_t1] processing [indices_store ([[test][0]] active fully on other nodes)]: took 0s no change in cluster_state
[2016-03-29 17:29:43,421][TRACE][org.elasticsearch.cluster.service] [node_t1] will process [indices_store ([[test][4]] active fully on other nodes)]
[2016-03-29 17:29:43,421][DEBUG][org.elasticsearch.cluster.service] [node_t1] processing [indices_store ([[test][4]] active fully on other nodes)]: execute
[2016-03-29 17:29:43,421][DEBUG][org.elasticsearch.cluster.service] [node_t1] processing [indices_store ([[test][4]] active fully on other nodes)]: took 0s no change in cluster_state
[2016-03-29 17:29:43,421][TRACE][org.elasticsearch.cluster.service] [node_t1] will process [indices_store ([[test][6]] active fully on other nodes)]
[2016-03-29 17:29:43,421][DEBUG][org.elasticsearch.cluster.service] [node_t1] processing [indices_store ([[test][6]] active fully on other nodes)]: execute
[2016-03-29 17:29:43,421][DEBUG][org.elasticsearch.cluster.service] [node_t1] processing [indices_store ([[test][6]] active fully on other nodes)]: took 0s no change in cluster_state
[2016-03-29 17:29:43,421][TRACE][org.elasticsearch.cluster.service] [node_t1] will process [indices_store ([[test][2]] active fully on other nodes)]
[2016-03-29 17:29:43,421][DEBUG][org.elasticsearch.cluster.service] [node_t1] processing [indices_store ([[test][2]] active fully on other nodes)]: execute
[2016-03-29 17:29:43,421][DEBUG][org.elasticsearch.cluster.service] [node_t1] processing [indices_store ([[test][2]] active fully on other nodes)]: took 0s no change in cluster_state
[2016-03-29 17:29:43,421][TRACE][org.elasticsearch.cluster.service] [node_t1] will process [indices_store ([[test][8]] active fully on other nodes)]
[2016-03-29 17:29:43,421][DEBUG][org.elasticsearch.cluster.service] [node_t1] processing [indices_store ([[test][8]] active fully on other nodes)]: execute
[2016-03-29 17:29:43,421][DEBUG][org.elasticsearch.cluster.service] [node_t1] processing [indices_store ([[test][8]] active fully on other nodes)]: took 0s no change in cluster_state
[2016-03-29 17:29:43,421][TRACE][org.elasticsearch.cluster.service] [node_t1] will process [indices_store ([[test][0]] active fully on other nodes)]
[2016-03-29 17:29:43,421][DEBUG][org.elasticsearch.cluster.service] [node_t1] processing [indices_store ([[test][0]] active fully on other nodes)]: execute
[2016-03-29 17:29:43,422][DEBUG][org.elasticsearch.cluster.service] [node_t1] processing [indices_store ([[test][0]] active fully on other nodes)]: took 0s no change in cluster_state
[2016-03-29 17:29:43,423][TRACE][org.elasticsearch.transport.tracer] [transport_client_node_t1] [5][indices:data/write/index] received response from [{node_t1}{JMRMCPFeQ-OI3jC4mS0RAA}{127.0.0.1}{127.0.0.1:9421}[mode=>network]]
[2016-03-29 17:29:43,423][TRACE][org.elasticsearch.transport.tracer] [transport_client_node_t1] [6][indices:data/write/index] sent to [{node_t1}{JMRMCPFeQ-OI3jC4mS0RAA}{127.0.0.1}{127.0.0.1:9421}[mode=>network]] (timeout: [null])
[2016-03-29 17:29:43,426][TRACE][org.elasticsearch.transport.tracer] [transport_client_node_t1] [6][indices:data/write/index] received response from [{node_t1}{JMRMCPFeQ-OI3jC4mS0RAA}{127.0.0.1}{127.0.0.1:9421}[mode=>network]]
[2016-03-29 17:29:43,426][TRACE][org.elasticsearch.transport.tracer] [transport_client_node_t0] [3][indices:data/write/index] sent to [{node_t0}{nMu_6boQR--7IGHETEaC6A}{127.0.0.1}{127.0.0.1:9420}[mode=>network]] (timeout: [null])
[2016-03-29 17:29:43,429][TRACE][org.elasticsearch.transport.tracer] [transport_client_node_t0] [3][indices:data/write/index] received response from [{node_t0}{nMu_6boQR--7IGHETEaC6A}{127.0.0.1}{127.0.0.1:9420}[mode=>network]]
[2016-03-29 17:29:43,434][TRACE][org.elasticsearch.transport.tracer] [transport_client_node_t1] [7][indices:data/write/index] sent to [{node_t1}{JMRMCPFeQ-OI3jC4mS0RAA}{127.0.0.1}{127.0.0.1:9421}[mode=>network]] (timeout: [null])
[2016-03-29 17:29:43,435][TRACE][org.elasticsearch.transport.tracer] [transport_client_node_t1] [7][indices:data/write/index] received response from [{node_t1}{JMRMCPFeQ-OI3jC4mS0RAA}{127.0.0.1}{127.0.0.1:9421}[mode=>network]]
[2016-03-29 17:29:43,440][TRACE][org.elasticsearch.transport.tracer] [transport_client_node_t0] [4][indices:data/write/index] sent to [{node_t0}{nMu_6boQR--7IGHETEaC6A}{127.0.0.1}{127.0.0.1:9420}[mode=>network]] (timeout: [null])
[2016-03-29 17:29:43,443][TRACE][org.elasticsearch.transport.tracer] [transport_client_node_t0] [4][indices:data/write/index] received response from [{node_t0}{nMu_6boQR--7IGHETEaC6A}{127.0.0.1}{127.0.0.1:9420}[mode=>network]]
[2016-03-29 17:29:43,444][TRACE][org.elasticsearch.transport.tracer] [transport_client_node_t1] [8][indices:data/write/index] sent to [{node_t1}{JMRMCPFeQ-OI3jC4mS0RAA}{127.0.0.1}{127.0.0.1:9421}[mode=>network]] (timeout: [null])
[2016-03-29 17:29:43,444][TRACE][org.elasticsearch.transport.tracer] [transport_client_node_t1] [8][indices:data/write/index] received response from [{node_t1}{JMRMCPFeQ-OI3jC4mS0RAA}{127.0.0.1}{127.0.0.1:9421}[mode=>network]]
[2016-03-29 17:29:43,447][TRACE][org.elasticsearch.transport.tracer] [transport_client_node_t1] [9][indices:data/write/index] sent to [{node_t1}{JMRMCPFeQ-OI3jC4mS0RAA}{127.0.0.1}{127.0.0.1:9421}[mode=>network]] (timeout: [null])
[2016-03-29 17:29:43,449][TRACE][org.elasticsearch.transport.tracer] [transport_client_node_t1] [9][indices:data/write/index] received response from [{node_t1}{JMRMCPFeQ-OI3jC4mS0RAA}{127.0.0.1}{127.0.0.1:9421}[mode=>network]]
[2016-03-29 17:29:43,452][TRACE][org.elasticsearch.transport.tracer] [transport_client_node_t1] [10][indices:data/write/index] sent to [{node_t1}{JMRMCPFeQ-OI3jC4mS0RAA}{127.0.0.1}{127.0.0.1:9421}[mode=>network]] (timeout: [null])
[2016-03-29 17:29:43,452][TRACE][org.elasticsearch.transport.tracer] [transport_client_node_t1] [10][indices:data/write/index] received response from [{node_t1}{JMRMCPFeQ-OI3jC4mS0RAA}{127.0.0.1}{127.0.0.1:9421}[mode=>network]]
[2016-03-29 17:29:43,453][TRACE][org.elasticsearch.transport.tracer] [transport_client_node_t0] [5][indices:data/write/index] sent to [{node_t0}{nMu_6boQR--7IGHETEaC6A}{127.0.0.1}{127.0.0.1:9420}[mode=>network]] (timeout: [null])
[2016-03-29 17:29:43,454][TRACE][org.elasticsearch.transport.tracer] [transport_client_node_t0] [5][indices:data/write/index] received response from [{node_t0}{nMu_6boQR--7IGHETEaC6A}{127.0.0.1}{127.0.0.1:9420}[mode=>network]]
[2016-03-29 17:29:43,459][TRACE][org.elasticsearch.transport.tracer] [transport_client_node_t0] [6][indices:data/write/index] sent to [{node_t0}{nMu_6boQR--7IGHETEaC6A}{127.0.0.1}{127.0.0.1:9420}[mode=>network]] (timeout: [null])
[2016-03-29 17:29:43,460][TRACE][org.elasticsearch.transport.tracer] [transport_client_node_t0] [6][indices:data/write/index] received response from [{node_t0}{nMu_6boQR--7IGHETEaC6A}{127.0.0.1}{127.0.0.1:9420}[mode=>network]]
[2016-03-29 17:29:43,461][TRACE][org.elasticsearch.transport.tracer] [transport_client_node_t1] [11][indices:data/write/index] sent to [{node_t1}{JMRMCPFeQ-OI3jC4mS0RAA}{127.0.0.1}{127.0.0.1:9421}[mode=>network]] (timeout: [null])
[2016-03-29 17:29:43,461][TRACE][org.elasticsearch.transport.tracer] [transport_client_node_t1] [11][indices:data/write/index] received response from [{node_t1}{JMRMCPFeQ-OI3jC4mS0RAA}{127.0.0.1}{127.0.0.1:9421}[mode=>network]]
[2016-03-29 17:29:43,463][TRACE][org.elasticsearch.transport.tracer] [transport_client_node_t1] [12][indices:data/write/index] sent to [{node_t1}{JMRMCPFeQ-OI3jC4mS0RAA}{127.0.0.1}{127.0.0.1:9421}[mode=>network]] (timeout: [null])
[2016-03-29 17:29:43,464][TRACE][org.elasticsearch.transport.tracer] [transport_client_node_t1] [12][indices:data/write/index] received response from [{node_t1}{JMRMCPFeQ-OI3jC4mS0RAA}{127.0.0.1}{127.0.0.1:9421}[mode=>network]]
[2016-03-29 17:29:43,465][TRACE][org.elasticsearch.transport.tracer] [transport_client_node_t0] [7][indices:data/write/index] sent to [{node_t0}{nMu_6boQR--7IGHETEaC6A}{127.0.0.1}{127.0.0.1:9420}[mode=>network]] (timeout: [null])
[2016-03-29 17:29:43,466][TRACE][org.elasticsearch.transport.tracer] [transport_client_node_t0] [7][indices:data/write/index] received response from [{node_t0}{nMu_6boQR--7IGHETEaC6A}{127.0.0.1}{127.0.0.1:9420}[mode=>network]]
[2016-03-29 17:29:43,466][TRACE][org.elasticsearch.transport.tracer] [transport_client_node_t0] [8][indices:data/write/index] sent to [{node_t0}{nMu_6boQR--7IGHETEaC6A}{127.0.0.1}{127.0.0.1:9420}[mode=>network]] (timeout: [null])
[2016-03-29 17:29:43,466][TRACE][org.elasticsearch.transport.tracer] [transport_client_node_t0] [8][indices:data/write/index] received response from [{node_t0}{nMu_6boQR--7IGHETEaC6A}{127.0.0.1}{127.0.0.1:9420}[mode=>network]]
[2016-03-29 17:29:43,468][TRACE][org.elasticsearch.transport.tracer] [transport_client_node_t1] [13][indices:data/write/index] sent to [{node_t1}{JMRMCPFeQ-OI3jC4mS0RAA}{127.0.0.1}{127.0.0.1:9421}[mode=>network]] (timeout: [null])
[2016-03-29 17:29:43,468][TRACE][org.elasticsearch.transport.tracer] [transport_client_node_t1] [13][indices:data/write/index] received response from [{node_t1}{JMRMCPFeQ-OI3jC4mS0RAA}{127.0.0.1}{127.0.0.1:9421}[mode=>network]]
[2016-03-29 17:29:43,468][TRACE][org.elasticsearch.transport.tracer] [transport_client_node_t1] [14][indices:data/write/index] sent to [{node_t1}{JMRMCPFeQ-OI3jC4mS0RAA}{127.0.0.1}{127.0.0.1:9421}[mode=>network]] (timeout: [null])
[2016-03-29 17:29:43,469][TRACE][org.elasticsearch.transport.tracer] [transport_client_node_t1] [14][indices:data/write/index] received response from [{node_t1}{JMRMCPFeQ-OI3jC4mS0RAA}{127.0.0.1}{127.0.0.1:9421}[mode=>network]]
[2016-03-29 17:29:43,470][TRACE][org.elasticsearch.transport.tracer] [transport_client_node_t1] [15][indices:data/write/index] sent to [{node_t1}{JMRMCPFeQ-OI3jC4mS0RAA}{127.0.0.1}{127.0.0.1:9421}[mode=>network]] (timeout: [null])
[2016-03-29 17:29:43,471][TRACE][org.elasticsearch.transport.tracer] [transport_client_node_t1] [15][indices:data/write/index] received response from [{node_t1}{JMRMCPFeQ-OI3jC4mS0RAA}{127.0.0.1}{127.0.0.1:9421}[mode=>network]]
[2016-03-29 17:29:43,471][TRACE][org.elasticsearch.transport.tracer] [transport_client_node_t1] [16][indices:data/write/index] sent to [{node_t1}{JMRMCPFeQ-OI3jC4mS0RAA}{127.0.0.1}{127.0.0.1:9421}[mode=>network]] (timeout: [null])
[2016-03-29 17:29:43,472][TRACE][org.elasticsearch.transport.tracer] [transport_client_node_t1] [16][indices:data/write/index] received response from [{node_t1}{JMRMCPFeQ-OI3jC4mS0RAA}{127.0.0.1}{127.0.0.1:9421}[mode=>network]]
[2016-03-29 17:29:43,473][TRACE][org.elasticsearch.transport.tracer] [transport_client_node_t1] [17][indices:data/write/index] sent to [{node_t1}{JMRMCPFeQ-OI3jC4mS0RAA}{127.0.0.1}{127.0.0.1:9421}[mode=>network]] (timeout: [null])
[2016-03-29 17:29:43,473][TRACE][org.elasticsearch.transport.tracer] [transport_client_node_t1] [17][indices:data/write/index] received response from [{node_t1}{JMRMCPFeQ-OI3jC4mS0RAA}{127.0.0.1}{127.0.0.1:9421}[mode=>network]]
[2016-03-29 17:29:43,474][TRACE][org.elasticsearch.transport.tracer] [transport_client_node_t0] [9][indices:data/write/index] received response from [{node_t0}{nMu_6boQR--7IGHETEaC6A}{127.0.0.1}{127.0.0.1:9420}[mode=>network]]
[2016-03-29 17:29:43,474][TRACE][org.elasticsearch.transport.tracer] [transport_client_node_t0] [9][indices:data/write/index] sent to [{node_t0}{nMu_6boQR--7IGHETEaC6A}{127.0.0.1}{127.0.0.1:9420}[mode=>network]] (timeout: [null])
[2016-03-29 17:29:43,475][TRACE][org.elasticsearch.transport.tracer] [transport_client_node_t0] [10][indices:data/write/index] sent to [{node_t0}{nMu_6boQR--7IGHETEaC6A}{127.0.0.1}{127.0.0.1:9420}[mode=>network]] (timeout: [null])
[2016-03-29 17:29:43,475][TRACE][org.elasticsearch.transport.tracer] [transport_client_node_t0] [10][indices:data/write/index] received response from [{node_t0}{nMu_6boQR--7IGHETEaC6A}{127.0.0.1}{127.0.0.1:9420}[mode=>network]]
[2016-03-29 17:29:43,480][TRACE][org.elasticsearch.transport.tracer] [transport_client_node_t1] [18][indices:data/write/index] sent to [{node_t1}{JMRMCPFeQ-OI3jC4mS0RAA}{127.0.0.1}{127.0.0.1:9421}[mode=>network]] (timeout: [null])
[2016-03-29 17:29:43,481][TRACE][org.elasticsearch.transport.tracer] [transport_client_node_t1] [18][indices:data/write/index] received response from [{node_t1}{JMRMCPFeQ-OI3jC4mS0RAA}{127.0.0.1}{127.0.0.1:9421}[mode=>network]]
[2016-03-29 17:29:43,482][TRACE][org.elasticsearch.transport.tracer] [transport_client_node_t0] [11][indices:data/write/index] sent to [{node_t0}{nMu_6boQR--7IGHETEaC6A}{127.0.0.1}{127.0.0.1:9420}[mode=>network]] (timeout: [null])
[2016-03-29 17:29:43,482][TRACE][org.elasticsearch.transport.tracer] [transport_client_node_t0] [11][indices:data/write/index] received response from [{node_t0}{nMu_6boQR--7IGHETEaC6A}{127.0.0.1}{127.0.0.1:9420}[mode=>network]]
[2016-03-29 17:29:43,482][TRACE][org.elasticsearch.transport.tracer] [transport_client_node_t1] [19][indices:data/write/index] sent to [{node_t1}{JMRMCPFeQ-OI3jC4mS0RAA}{127.0.0.1}{127.0.0.1:9421}[mode=>network]] (timeout: [null])
[2016-03-29 17:29:43,483][TRACE][org.elasticsearch.transport.tracer] [transport_client_node_t1] [19][indices:data/write/index] received response from [{node_t1}{JMRMCPFeQ-OI3jC4mS0RAA}{127.0.0.1}{127.0.0.1:9421}[mode=>network]]
[2016-03-29 17:29:43,483][TRACE][org.elasticsearch.transport.tracer] [transport_client_node_t1] [20][indices:data/write/index] sent to [{node_t1}{JMRMCPFeQ-OI3jC4mS0RAA}{127.0.0.1}{127.0.0.1:9421}[mode=>network]] (timeout: [null])
[2016-03-29 17:29:43,484][TRACE][org.elasticsearch.transport.tracer] [transport_client_node_t1] [20][indices:data/write/index] received response from [{node_t1}{JMRMCPFeQ-OI3jC4mS0RAA}{127.0.0.1}{127.0.0.1:9421}[mode=>network]]
[2016-03-29 17:29:43,484][TRACE][org.elasticsearch.transport.tracer] [transport_client_node_t1] [21][indices:data/write/index] sent to [{node_t1}{JMRMCPFeQ-OI3jC4mS0RAA}{127.0.0.1}{127.0.0.1:9421}[mode=>network]] (timeout: [null])
[2016-03-29 17:29:43,485][TRACE][org.elasticsearch.transport.tracer] [transport_client_node_t1] [21][indices:data/write/index] received response from [{node_t1}{JMRMCPFeQ-OI3jC4mS0RAA}{127.0.0.1}{127.0.0.1:9421}[mode=>network]]
[2016-03-29 17:29:43,486][TRACE][org.elasticsearch.transport.tracer] [transport_client_node_t0] [12][indices:data/write/index] sent to [{node_t0}{nMu_6boQR--7IGHETEaC6A}{127.0.0.1}{127.0.0.1:9420}[mode=>network]] (timeout: [null])
[2016-03-29 17:29:43,487][TRACE][org.elasticsearch.transport.tracer] [transport_client_node_t0] [12][indices:data/write/index] received response from [{node_t0}{nMu_6boQR--7IGHETEaC6A}{127.0.0.1}{127.0.0.1:9420}[mode=>network]]
[2016-03-29 17:29:43,487][TRACE][org.elasticsearch.transport.tracer] [transport_client_node_t1] [22][indices:data/write/index] sent to [{node_t1}{JMRMCPFeQ-OI3jC4mS0RAA}{127.0.0.1}{127.0.0.1:9421}[mode=>network]] (timeout: [null])
[2016-03-29 17:29:43,487][TRACE][org.elasticsearch.transport.tracer] [transport_client_node_t1] [22][indices:data/write/index] received response from [{node_t1}{JMRMCPFeQ-OI3jC4mS0RAA}{127.0.0.1}{127.0.0.1:9421}[mode=>network]]
[2016-03-29 17:29:43,489][TRACE][org.elasticsearch.transport.tracer] [transport_client_node_t0] [13][indices:data/write/index] sent to [{node_t0}{nMu_6boQR--7IGHETEaC6A}{127.0.0.1}{127.0.0.1:9420}[mode=>network]] (timeout: [null])
[2016-03-29 17:29:43,490][TRACE][org.elasticsearch.transport.tracer] [transport_client_node_t0] [13][indices:data/write/index] received response from [{node_t0}{nMu_6boQR--7IGHETEaC6A}{127.0.0.1}{127.0.0.1:9420}[mode=>network]]
[2016-03-29 17:29:43,491][TRACE][org.elasticsearch.transport.tracer] [transport_client_node_t0] [14][indices:data/write/index] sent to [{node_t0}{nMu_6boQR--7IGHETEaC6A}{127.0.0.1}{127.0.0.1:9420}[mode=>network]] (timeout: [null])
[2016-03-29 17:29:43,491][TRACE][org.elasticsearch.transport.tracer] [transport_client_node_t0] [14][indices:data/write/index] received response from [{node_t0}{nMu_6boQR--7IGHETEaC6A}{127.0.0.1}{127.0.0.1:9420}[mode=>network]]
[2016-03-29 17:29:43,494][TRACE][org.elasticsearch.transport.tracer] [transport_client_node_t1] [23][indices:data/write/index] sent to [{node_t1}{JMRMCPFeQ-OI3jC4mS0RAA}{127.0.0.1}{127.0.0.1:9421}[mode=>network]] (timeout: [null])
[2016-03-29 17:29:43,494][TRACE][org.elasticsearch.transport.tracer] [transport_client_node_t1] [23][indices:data/write/index] received response from [{node_t1}{JMRMCPFeQ-OI3jC4mS0RAA}{127.0.0.1}{127.0.0.1:9421}[mode=>network]]
[2016-03-29 17:29:43,495][TRACE][org.elasticsearch.transport.tracer] [transport_client_node_t1] [24][indices:data/write/index] sent to [{node_t1}{JMRMCPFeQ-OI3jC4mS0RAA}{127.0.0.1}{127.0.0.1:9421}[mode=>network]] (timeout: [null])
[2016-03-29 17:29:43,496][TRACE][org.elasticsearch.transport.tracer] [transport_client_node_t1] [24][indices:data/write/index] received response from [{node_t1}{JMRMCPFeQ-OI3jC4mS0RAA}{127.0.0.1}{127.0.0.1:9421}[mode=>network]]
[2016-03-29 17:29:43,496][TRACE][org.elasticsearch.transport.tracer] [transport_client_node_t0] [15][indices:data/write/index] sent to [{node_t0}{nMu_6boQR--7IGHETEaC6A}{127.0.0.1}{127.0.0.1:9420}[mode=>network]] (timeout: [null])
[2016-03-29 17:29:43,497][TRACE][org.elasticsearch.transport.tracer] [transport_client_node_t0] [15][indices:data/write/index] received response from [{node_t0}{nMu_6boQR--7IGHETEaC6A}{127.0.0.1}{127.0.0.1:9420}[mode=>network]]
[2016-03-29 17:29:43,497][TRACE][org.elasticsearch.transport.tracer] [transport_client_node_t1] [25][indices:data/write/index] sent to [{node_t1}{JMRMCPFeQ-OI3jC4mS0RAA}{127.0.0.1}{127.0.0.1:9421}[mode=>network]] (timeout: [null])
[2016-03-29 17:29:43,498][TRACE][org.elasticsearch.transport.tracer] [transport_client_node_t1] [25][indices:data/write/index] received response from [{node_t1}{JMRMCPFeQ-OI3jC4mS0RAA}{127.0.0.1}{127.0.0.1:9421}[mode=>network]]
[2016-03-29 17:29:43,498][TRACE][org.elasticsearch.transport.tracer] [transport_client_node_t0] [16][indices:data/write/index] sent to [{node_t0}{nMu_6boQR--7IGHETEaC6A}{127.0.0.1}{127.0.0.1:9420}[mode=>network]] (timeout: [null])
[2016-03-29 17:29:43,499][TRACE][org.elasticsearch.transport.tracer] [transport_client_node_t0] [16][indices:data/write/index] received response from [{node_t0}{nMu_6boQR--7IGHETEaC6A}{127.0.0.1}{127.0.0.1:9420}[mode=>network]]
[2016-03-29 17:29:43,499][TRACE][org.elasticsearch.transport.tracer] [transport_client_node_t1] [26][indices:data/write/index] sent to [{node_t1}{JMRMCPFeQ-OI3jC4mS0RAA}{127.0.0.1}{127.0.0.1:9421}[mode=>network]] (timeout: [null])
[2016-03-29 17:29:43,500][TRACE][org.elasticsearch.transport.tracer] [transport_client_node_t1] [26][indices:data/write/index] received response from [{node_t1}{JMRMCPFeQ-OI3jC4mS0RAA}{127.0.0.1}{127.0.0.1:9421}[mode=>network]]
[2016-03-29 17:29:43,500][TRACE][org.elasticsearch.transport.tracer] [transport_client_node_t1] [27][indices:data/write/index] sent to [{node_t1}{JMRMCPFeQ-OI3jC4mS0RAA}{127.0.0.1}{127.0.0.1:9421}[mode=>network]] (timeout: [null])
[2016-03-29 17:29:43,501][TRACE][org.elasticsearch.transport.tracer] [transport_client_node_t1] [27][indices:data/write/index] received response from [{node_t1}{JMRMCPFeQ-OI3jC4mS0RAA}{127.0.0.1}{127.0.0.1:9421}[mode=>network]]
[2016-03-29 17:29:43,503][TRACE][org.elasticsearch.transport.tracer] [transport_client_node_t1] [28][indices:data/write/index] sent to [{node_t1}{JMRMCPFeQ-OI3jC4mS0RAA}{127.0.0.1}{127.0.0.1:9421}[mode=>network]] (timeout: [null])
[2016-03-29 17:29:43,503][TRACE][org.elasticsearch.transport.tracer] [transport_client_node_t1] [28][indices:data/write/index] received response from [{node_t1}{JMRMCPFeQ-OI3jC4mS0RAA}{127.0.0.1}{127.0.0.1:9421}[mode=>network]]
[2016-03-29 17:29:43,504][TRACE][org.elasticsearch.transport.tracer] [transport_client_node_t0] [17][indices:data/write/index] sent to [{node_t0}{nMu_6boQR--7IGHETEaC6A}{127.0.0.1}{127.0.0.1:9420}[mode=>network]] (timeout: [null])
[2016-03-29 17:29:43,504][TRACE][org.elasticsearch.transport.tracer] [transport_client_node_t0] [17][indices:data/write/index] received response from [{node_t0}{nMu_6boQR--7IGHETEaC6A}{127.0.0.1}{127.0.0.1:9420}[mode=>network]]
[2016-03-29 17:29:43,504][TRACE][org.elasticsearch.transport.tracer] [transport_client_node_t1] [29][indices:data/write/index] sent to [{node_t1}{JMRMCPFeQ-OI3jC4mS0RAA}{127.0.0.1}{127.0.0.1:9421}[mode=>network]] (timeout: [null])
[2016-03-29 17:29:43,505][TRACE][org.elasticsearch.transport.tracer] [transport_client_node_t1] [29][indices:data/write/index] received response from [{node_t1}{JMRMCPFeQ-OI3jC4mS0RAA}{127.0.0.1}{127.0.0.1:9421}[mode=>network]]
[2016-03-29 17:29:43,505][TRACE][org.elasticsearch.transport.tracer] [transport_client_node_t1] [30][indices:data/write/index] sent to [{node_t1}{JMRMCPFeQ-OI3jC4mS0RAA}{127.0.0.1}{127.0.0.1:9421}[mode=>network]] (timeout: [null])
[2016-03-29 17:29:43,506][TRACE][org.elasticsearch.transport.tracer] [transport_client_node_t1] [30][indices:data/write/index] received response from [{node_t1}{JMRMCPFeQ-OI3jC4mS0RAA}{127.0.0.1}{127.0.0.1:9421}[mode=>network]]
[2016-03-29 17:29:43,506][TRACE][org.elasticsearch.transport.tracer] [transport_client_node_t0] [18][indices:data/write/index] sent to [{node_t0}{nMu_6boQR--7IGHETEaC6A}{127.0.0.1}{127.0.0.1:9420}[mode=>network]] (timeout: [null])
[2016-03-29 17:29:43,507][TRACE][org.elasticsearch.transport.tracer] [transport_client_node_t0] [18][indices:data/write/index] received response from [{node_t0}{nMu_6boQR--7IGHETEaC6A}{127.0.0.1}{127.0.0.1:9420}[mode=>network]]
[2016-03-29 17:29:43,507][TRACE][org.elasticsearch.transport.tracer] [transport_client_node_t1] [31][indices:data/write/index] sent to [{node_t1}{JMRMCPFeQ-OI3jC4mS0RAA}{127.0.0.1}{127.0.0.1:9421}[mode=>network]] (timeout: [null])
[2016-03-29 17:29:43,508][TRACE][org.elasticsearch.transport.tracer] [transport_client_node_t1] [31][indices:data/write/index] received response from [{node_t1}{JMRMCPFeQ-OI3jC4mS0RAA}{127.0.0.1}{127.0.0.1:9421}[mode=>network]]
[2016-03-29 17:29:43,510][TRACE][org.elasticsearch.transport.tracer] [transport_client_node_t1] [32][indices:data/write/index] sent to [{node_t1}{JMRMCPFeQ-OI3jC4mS0RAA}{127.0.0.1}{127.0.0.1:9421}[mode=>network]] (timeout: [null])
[2016-03-29 17:29:43,511][TRACE][org.elasticsearch.transport.tracer] [transport_client_node_t1] [32][indices:data/write/index] received response from [{node_t1}{JMRMCPFeQ-OI3jC4mS0RAA}{127.0.0.1}{127.0.0.1:9421}[mode=>network]]
[2016-03-29 17:29:43,512][TRACE][org.elasticsearch.transport.tracer] [transport_client_node_t0] [19][indices:admin/flush] sent to [{node_t0}{nMu_6boQR--7IGHETEaC6A}{127.0.0.1}{127.0.0.1:9420}[mode=>network]] (timeout: [null])
[2016-03-29 17:29:43,571][TRACE][org.elasticsearch.transport.tracer] [transport_client_node_t0] [19][indices:admin/flush] received response from [{node_t0}{nMu_6boQR--7IGHETEaC6A}{127.0.0.1}{127.0.0.1:9420}[mode=>network]]
[2016-03-29 17:29:43,572][TRACE][org.elasticsearch.transport.tracer] [transport_client_node_t0] [20][cluster:monitor/health] sent to [{node_t0}{nMu_6boQR--7IGHETEaC6A}{127.0.0.1}{127.0.0.1:9420}[mode=>network]] (timeout: [null])
[2016-03-29 17:29:43,572][TRACE][org.elasticsearch.transport.tracer] [transport_client_node_t0] [20][cluster:monitor/health] received response from [{node_t0}{nMu_6boQR--7IGHETEaC6A}{127.0.0.1}{127.0.0.1:9420}[mode=>network]]
[2016-03-29 17:29:43,572][TRACE][org.elasticsearch.transport.tracer] [transport_client_node_t0] [21][indices:admin/refresh] sent to [{node_t0}{nMu_6boQR--7IGHETEaC6A}{127.0.0.1}{127.0.0.1:9420}[mode=>network]] (timeout: [null])
[2016-03-29 17:29:43,583][TRACE][org.elasticsearch.transport.tracer] [transport_client_node_t0] [21][indices:admin/refresh] received response from [{node_t0}{nMu_6boQR--7IGHETEaC6A}{127.0.0.1}{127.0.0.1:9420}[mode=>network]]
[2016-03-29 17:29:43,619][TRACE][org.elasticsearch.transport.tracer] [transport_client_node_t0] [22][indices:data/read/search] sent to [{node_t0}{nMu_6boQR--7IGHETEaC6A}{127.0.0.1}{127.0.0.1:9420}[mode=>network]] (timeout: [null])
[2016-03-29 17:29:43,619][TRACE][org.elasticsearch.transport.tracer] [transport_client_node_t0] [22][indices:data/read/search] received response from [{node_t0}{nMu_6boQR--7IGHETEaC6A}{127.0.0.1}{127.0.0.1:9420}[mode=>network]]
[2016-03-29 17:29:43,619][TRACE][org.elasticsearch.transport.tracer] [transport_client_node_t0] [23][indices:data/read/search] sent to [{node_t0}{nMu_6boQR--7IGHETEaC6A}{127.0.0.1}{127.0.0.1:9420}[mode=>network]] (timeout: [null])
[2016-03-29 17:29:43,620][TRACE][org.elasticsearch.transport.tracer] [transport_client_node_t0] [23][indices:data/read/search] received response from [{node_t0}{nMu_6boQR--7IGHETEaC6A}{127.0.0.1}{127.0.0.1:9420}[mode=>network]]
[2016-03-29 17:29:43,620][TRACE][org.elasticsearch.transport.tracer] [transport_client_node_t1] [33][indices:data/read/search] sent to [{node_t1}{JMRMCPFeQ-OI3jC4mS0RAA}{127.0.0.1}{127.0.0.1:9421}[mode=>network]] (timeout: [null])
[2016-03-29 17:29:43,621][TRACE][org.elasticsearch.transport.tracer] [transport_client_node_t1] [33][indices:data/read/search] received response from [{node_t1}{JMRMCPFeQ-OI3jC4mS0RAA}{127.0.0.1}{127.0.0.1:9421}[mode=>network]]
[2016-03-29 17:29:43,622][TRACE][org.elasticsearch.transport.tracer] [transport_client_node_t1] [34][cluster:monitor/state] sent to [{node_t1}{JMRMCPFeQ-OI3jC4mS0RAA}{127.0.0.1}{127.0.0.1:9421}[mode=>network]] (timeout: [null])
[2016-03-29 17:29:43,622][TRACE][org.elasticsearch.transport.tracer] [transport_client_node_t1] [34][cluster:monitor/state] received response from [{node_t1}{JMRMCPFeQ-OI3jC4mS0RAA}{127.0.0.1}{127.0.0.1:9421}[mode=>network]]
[2016-03-29 17:29:43,626][INFO ][org.elasticsearch.discovery.zen] [node_t0] master_left [{node_t1}{JMRMCPFeQ-OI3jC4mS0RAA}{127.0.0.1}{127.0.0.1:9421}[mode=>network]], reason [shut_down]
[2016-03-29 17:29:43,626][TRACE][org.elasticsearch.cluster.service] [node_t0] will process [zen-disco-master_failed ({node_t1}{JMRMCPFeQ-OI3jC4mS0RAA}{127.0.0.1}{127.0.0.1:9421}[mode=>network])]
[2016-03-29 17:29:43,626][DEBUG][org.elasticsearch.cluster.service] [node_t0] processing [zen-disco-master_failed ({node_t1}{JMRMCPFeQ-OI3jC4mS0RAA}{127.0.0.1}{127.0.0.1:9421}[mode=>network])]: execute
[2016-03-29 17:29:43,626][WARN ][org.elasticsearch.discovery.zen] [node_t0] master left (reason = shut_down), current nodes: {{node_t0}{nMu_6boQR--7IGHETEaC6A}{127.0.0.1}{127.0.0.1:9420}[mode=>network],}
[2016-03-29 17:29:43,626][TRACE][org.elasticsearch.discovery.zen.fd] [node_t0] [master] [{node_t1}{JMRMCPFeQ-OI3jC4mS0RAA}{127.0.0.1}{127.0.0.1:9421}[mode=>network]] transport disconnected
[2016-03-29 17:29:43,626][DEBUG][org.elasticsearch.discovery.zen.fd] [node_t0] [master] stopping fault detection against master [{node_t1}{JMRMCPFeQ-OI3jC4mS0RAA}{127.0.0.1}{127.0.0.1:9421}[mode=>network]], reason [master failure, transport disconnected]
[2016-03-29 17:29:43,626][INFO ][org.elasticsearch.discovery.zen] [node_t0] master_left [{node_t1}{JMRMCPFeQ-OI3jC4mS0RAA}{127.0.0.1}{127.0.0.1:9421}[mode=>network]], reason [transport disconnected]
[2016-03-29 17:29:43,626][TRACE][org.elasticsearch.discovery.zen] [node_t0] starting to accumulate joins
[2016-03-29 17:29:43,626][TRACE][org.elasticsearch.discovery.zen] [node_t0] starting to ping
[2016-03-29 17:29:43,626][TRACE][org.elasticsearch.discovery.zen.ping.unicast] [node_t0] [4] sending to {node_t0}{nMu_6boQR--7IGHETEaC6A}{127.0.0.1}{127.0.0.1:9420}[mode=>network]
[2016-03-29 17:29:43,626][TRACE][org.elasticsearch.cluster.service] [node_t0] cluster state updated, source [zen-disco-master_failed ({node_t1}{JMRMCPFeQ-OI3jC4mS0RAA}{127.0.0.1}{127.0.0.1:9421}[mode=>network])]
version: 6
state uuid: b7KZnuzMSAy7lv3WfuyVmg
from_diff: false
meta data version: 5
blocks: 
   _global_:
      2,no master, blocks WRITE,METADATA_WRITE
nodes: 
   {node_t0}{nMu_6boQR--7IGHETEaC6A}{127.0.0.1}{127.0.0.1:9420}[mode=>network], local
routing_table (version 4):
-- index [test]
----shard_id [test][0]
--------[test][0], node[nMu_6boQR--7IGHETEaC6A], [P], v[2], s[STARTED], a[id=AF2N8luPTGOEWsg3lpwsvQ]
----shard_id [test][1]
--------[test][1], node[JMRMCPFeQ-OI3jC4mS0RAA], [P], v[2], s[STARTED], a[id=3Mp0BD-HTQC_HeIU1DtPhA]
----shard_id [test][2]
--------[test][2], node[nMu_6boQR--7IGHETEaC6A], [P], v[2], s[STARTED], a[id=4jD7-tdGTfmoAwhEHCXW2g]
----shard_id [test][3]
--------[test][3], node[JMRMCPFeQ-OI3jC4mS0RAA], [P], v[2], s[STARTED], a[id=OhSwnQWwRbuJ5-YMqKNJjw]
----shard_id [test][4]
--------[test][4], node[nMu_6boQR--7IGHETEaC6A], [P], v[2], s[STARTED], a[id=4qa0UMnJSna1NZFfHP1Fhg]
----shard_id [test][5]
--------[test][5], node[JMRMCPFeQ-OI3jC4mS0RAA], [P], v[2], s[STARTED], a[id=FY_5koEwQY-x8VwqH92QIA]
----shard_id [test][6]
--------[test][6], node[nMu_6boQR--7IGHETEaC6A], [P], v[2], s[STARTED], a[id=OZw1U2GVTfGTc0WYIexndQ]
----shard_id [test][7]
--------[test][7], node[JMRMCPFeQ-OI3jC4mS0RAA], [P], v[2], s[STARTED], a[id=rC7V5BXeT4m-1G9-b5Pw5w]
----shard_id [test][8]
--------[test][8], node[nMu_6boQR--7IGHETEaC6A], [P], v[2], s[STARTED], a[id=GWVEeeZySkOeWZXB7Pa4GQ]

routing_nodes:
-----node_id[nMu_6boQR--7IGHETEaC6A][V]
--------[test][2], node[nMu_6boQR--7IGHETEaC6A], [P], v[2], s[STARTED], a[id=4jD7-tdGTfmoAwhEHCXW2g]
--------[test][6], node[nMu_6boQR--7IGHETEaC6A], [P], v[2], s[STARTED], a[id=OZw1U2GVTfGTc0WYIexndQ]
--------[test][4], node[nMu_6boQR--7IGHETEaC6A], [P], v[2], s[STARTED], a[id=4qa0UMnJSna1NZFfHP1Fhg]
--------[test][8], node[nMu_6boQR--7IGHETEaC6A], [P], v[2], s[STARTED], a[id=GWVEeeZySkOeWZXB7Pa4GQ]
--------[test][0], node[nMu_6boQR--7IGHETEaC6A], [P], v[2], s[STARTED], a[id=AF2N8luPTGOEWsg3lpwsvQ]
-----node_id[JMRMCPFeQ-OI3jC4mS0RAA][X]
--------[test][7], node[JMRMCPFeQ-OI3jC4mS0RAA], [P], v[2], s[STARTED], a[id=rC7V5BXeT4m-1G9-b5Pw5w]
--------[test][3], node[JMRMCPFeQ-OI3jC4mS0RAA], [P], v[2], s[STARTED], a[id=OhSwnQWwRbuJ5-YMqKNJjw]
--------[test][1], node[JMRMCPFeQ-OI3jC4mS0RAA], [P], v[2], s[STARTED], a[id=3Mp0BD-HTQC_HeIU1DtPhA]
--------[test][5], node[JMRMCPFeQ-OI3jC4mS0RAA], [P], v[2], s[STARTED], a[id=FY_5koEwQY-x8VwqH92QIA]
---- unassigned

[2016-03-29 17:29:43,627][TRACE][org.elasticsearch.discovery.zen.ping.unicast] [node_t0] [4] received response from {node_t0}{nMu_6boQR--7IGHETEaC6A}{127.0.0.1}{127.0.0.1:9420}[mode=>network]: [ping_response{node [{node_t1}{JMRMCPFeQ-OI3jC4mS0RAA}{127.0.0.1}{127.0.0.1:9421}[mode=>network]], id[636], master [null], hasJoinedOnce [false], cluster_name[TEST-CHILD_VM=[0]-CLUSTER_SEED=[-8106659381411338889]-HASH=[14406DC76783A180]-cluster]}, ping_response{node [{node_t1}{JMRMCPFeQ-OI3jC4mS0RAA}{127.0.0.1}{127.0.0.1:9421}[mode=>network]], id[636], master [null], hasJoinedOnce [false], cluster_name[TEST-CHILD_VM=[0]-CLUSTER_SEED=[-8106659381411338889]-HASH=[14406DC76783A180]-cluster]}, ping_response{node [{node_t1}{JMRMCPFeQ-OI3jC4mS0RAA}{127.0.0.1}{127.0.0.1:9421}[mode=>network]], id[636], master [null], hasJoinedOnce [false], cluster_name[TEST-CHILD_VM=[0]-CLUSTER_SEED=[-8106659381411338889]-HASH=[14406DC76783A180]-cluster]}, ping_response{node [{node_t0}{nMu_6boQR--7IGHETEaC6A}{127.0.0.1}{127.0.0.1:9420}[mode=>network]], id[643], master [{node_t1}{JMRMCPFeQ-OI3jC4mS0RAA}{127.0.0.1}{127.0.0.1:9421}[mode=>network]], hasJoinedOnce [true], cluster_name[TEST-CHILD_VM=[0]-CLUSTER_SEED=[-8106659381411338889]-HASH=[14406DC76783A180]-cluster]}, ping_response{node [{node_t0}{nMu_6boQR--7IGHETEaC6A}{127.0.0.1}{127.0.0.1:9420}[mode=>network]], id[644], master [{node_t1}{JMRMCPFeQ-OI3jC4mS0RAA}{127.0.0.1}{127.0.0.1:9421}[mode=>network]], hasJoinedOnce [true], cluster_name[TEST-CHILD_VM=[0]-CLUSTER_SEED=[-8106659381411338889]-HASH=[14406DC76783A180]-cluster]}]
[2016-03-29 17:29:43,627][INFO ][org.elasticsearch.cluster.service] [node_t0] removed {{node_t1}{JMRMCPFeQ-OI3jC4mS0RAA}{127.0.0.1}{127.0.0.1:9421}[mode=>network],}, reason: zen-disco-master_failed ({node_t1}{JMRMCPFeQ-OI3jC4mS0RAA}{127.0.0.1}{127.0.0.1:9421}[mode=>network])
[2016-03-29 17:29:43,628][TRACE][org.elasticsearch.discovery.zen.ping.unicast] [node_t0] [4] connecting (light) to {#zen_unicast_9#}{::1}{[::1]:9423}
[2016-03-29 17:29:43,628][DEBUG][org.elasticsearch.cluster.service] [node_t0] set local cluster state to version 6
[2016-03-29 17:29:43,628][TRACE][org.elasticsearch.discovery.zen.ping.unicast] [node_t0] [4] connecting (light) to {#zen_unicast_10#}{::1}{[::1]:9424}
[2016-03-29 17:29:43,628][TRACE][org.elasticsearch.discovery.zen.ping.unicast] [node_t0] [4] sending to {node_t0}{nMu_6boQR--7IGHETEaC6A}{127.0.0.1}{127.0.0.1:9420}[mode=>network]
[2016-03-29 17:29:43,628][TRACE][org.elasticsearch.discovery.zen.ping.unicast] [node_t0] [4] connecting (light) to {#zen_unicast_8#}{::1}{[::1]:9422}
[2016-03-29 17:29:43,628][TRACE][org.elasticsearch.discovery.zen.ping.unicast] [node_t0] [4] connecting (light) to {#zen_unicast_7#}{::1}{[::1]:9421}
[2016-03-29 17:29:43,628][TRACE][org.elasticsearch.discovery.zen.ping.unicast] [node_t0] [4] received response from {node_t0}{nMu_6boQR--7IGHETEaC6A}{127.0.0.1}{127.0.0.1:9420}[mode=>network]: [ping_response{node [{node_t1}{JMRMCPFeQ-OI3jC4mS0RAA}{127.0.0.1}{127.0.0.1:9421}[mode=>network]], id[636], master [null], hasJoinedOnce [false], cluster_name[TEST-CHILD_VM=[0]-CLUSTER_SEED=[-8106659381411338889]-HASH=[14406DC76783A180]-cluster]}, ping_response{node [{node_t1}{JMRMCPFeQ-OI3jC4mS0RAA}{127.0.0.1}{127.0.0.1:9421}[mode=>network]], id[636], master [null], hasJoinedOnce [false], cluster_name[TEST-CHILD_VM=[0]-CLUSTER_SEED=[-8106659381411338889]-HASH=[14406DC76783A180]-cluster]}, ping_response{node [{node_t1}{JMRMCPFeQ-OI3jC4mS0RAA}{127.0.0.1}{127.0.0.1:9421}[mode=>network]], id[636], master [null], hasJoinedOnce [false], cluster_name[TEST-CHILD_VM=[0]-CLUSTER_SEED=[-8106659381411338889]-HASH=[14406DC76783A180]-cluster]}, ping_response{node [{node_t0}{nMu_6boQR--7IGHETEaC6A}{127.0.0.1}{127.0.0.1:9420}[mode=>network]], id[643], master [{node_t1}{JMRMCPFeQ-OI3jC4mS0RAA}{127.0.0.1}{127.0.0.1:9421}[mode=>network]], hasJoinedOnce [true], cluster_name[TEST-CHILD_VM=[0]-CLUSTER_SEED=[-8106659381411338889]-HASH=[14406DC76783A180]-cluster]}, ping_response{node [{node_t0}{nMu_6boQR--7IGHETEaC6A}{127.0.0.1}{127.0.0.1:9420}[mode=>network]], id[643], master [{node_t1}{JMRMCPFeQ-OI3jC4mS0RAA}{127.0.0.1}{127.0.0.1:9421}[mode=>network]], hasJoinedOnce [true], cluster_name[TEST-CHILD_VM=[0]-CLUSTER_SEED=[-8106659381411338889]-HASH=[14406DC76783A180]-cluster]}, ping_response{node [{node_t0}{nMu_6boQR--7IGHETEaC6A}{127.0.0.1}{127.0.0.1:9420}[mode=>network]], id[645], master [null], hasJoinedOnce [true], cluster_name[TEST-CHILD_VM=[0]-CLUSTER_SEED=[-8106659381411338889]-HASH=[14406DC76783A180]-cluster]}]
[2016-03-29 17:29:43,628][TRACE][org.elasticsearch.discovery.zen.ping.unicast] [node_t0] [4] connecting to {node_t1}{JMRMCPFeQ-OI3jC4mS0RAA}{127.0.0.1}{127.0.0.1:9421}[mode=>network]
[2016-03-29 17:29:43,628][TRACE][org.elasticsearch.discovery.zen.ping.unicast] [node_t0] [4] connecting (light) to {#zen_unicast_6#}{::1}{[::1]:9420}
[2016-03-29 17:29:43,628][TRACE][org.elasticsearch.discovery.zen.ping.unicast] [node_t0] [4] connecting (light) to {#zen_unicast_3#}{127.0.0.1}{127.0.0.1:9422}
[2016-03-29 17:29:43,628][TRACE][org.elasticsearch.discovery.zen.ping.unicast] [node_t0] [4] failed to connect to {#zen_unicast_10#}{::1}{[::1]:9424}
ConnectTransportException[[][[::1]:9424] connect_timeout[30s]]; nested: ConnectException[Connection refused: /0:0:0:0:0:0:0:1:9424];
	at org.elasticsearch.transport.netty.NettyTransport.connectToChannelsLight(NettyTransport.java:954)
	at org.elasticsearch.transport.netty.NettyTransport.connectToNode(NettyTransport.java:918)
	at org.elasticsearch.transport.netty.NettyTransport.connectToNodeLight(NettyTransport.java:890)
	at org.elasticsearch.test.transport.MockTransportService$LookupTestTransport.connectToNodeLight(MockTransportService.java:413)
	at org.elasticsearch.transport.TransportService.connectToNodeLight(TransportService.java:242)
	at org.elasticsearch.discovery.zen.ping.unicast.UnicastZenPing$3.run(UnicastZenPing.java:395)
	at java.util.concurrent.ThreadPoolExecutor.runWorker(ThreadPoolExecutor.java:1142)
	at java.util.concurrent.ThreadPoolExecutor$Worker.run(ThreadPoolExecutor.java:617)
	at java.lang.Thread.run(Thread.java:745)
Caused by: java.net.ConnectException: Connection refused: /0:0:0:0:0:0:0:1:9424
	at sun.nio.ch.SocketChannelImpl.checkConnect(Native Method)
	at sun.nio.ch.SocketChannelImpl.finishConnect(SocketChannelImpl.java:712)
	at org.jboss.netty.channel.socket.nio.NioClientBoss.connect(NioClientBoss.java:152)
	at org.jboss.netty.channel.socket.nio.NioClientBoss.processSelectedKeys(NioClientBoss.java:105)
	at org.jboss.netty.channel.socket.nio.NioClientBoss.process(NioClientBoss.java:79)
	at org.jboss.netty.channel.socket.nio.AbstractNioSelector.run(AbstractNioSelector.java:337)
	at org.jboss.netty.channel.socket.nio.NioClientBoss.run(NioClientBoss.java:42)
	at org.jboss.netty.util.ThreadRenamingRunnable.run(ThreadRenamingRunnable.java:108)
	at org.jboss.netty.util.internal.DeadLockProofWorker$1.run(DeadLockProofWorker.java:42)
	... 3 more
[2016-03-29 17:29:43,628][TRACE][org.elasticsearch.discovery.zen.ping.unicast] [node_t0] [4] connecting (light) to {#zen_unicast_4#}{127.0.0.1}{127.0.0.1:9423}
[2016-03-29 17:29:43,628][TRACE][org.elasticsearch.discovery.zen.ping.unicast] [node_t0] [4] connecting (light) to {#zen_unicast_5#}{127.0.0.1}{127.0.0.1:9424}
[2016-03-29 17:29:43,629][TRACE][org.elasticsearch.discovery.zen.ping.unicast] [node_t0] [4] failed to connect to {#zen_unicast_3#}{127.0.0.1}{127.0.0.1:9422}
ConnectTransportException[[][127.0.0.1:9422] connect_timeout[30s]]; nested: ConnectException[Connection refused: /127.0.0.1:9422];
	at org.elasticsearch.transport.netty.NettyTransport.connectToChannelsLight(NettyTransport.java:954)
	at org.elasticsearch.transport.netty.NettyTransport.connectToNode(NettyTransport.java:918)
	at org.elasticsearch.transport.netty.NettyTransport.connectToNodeLight(NettyTransport.java:890)
	at org.elasticsearch.test.transport.MockTransportService$LookupTestTransport.connectToNodeLight(MockTransportService.java:413)
	at org.elasticsearch.transport.TransportService.connectToNodeLight(TransportService.java:242)
	at org.elasticsearch.discovery.zen.ping.unicast.UnicastZenPing$3.run(UnicastZenPing.java:395)
	at java.util.concurrent.ThreadPoolExecutor.runWorker(ThreadPoolExecutor.java:1142)
	at java.util.concurrent.ThreadPoolExecutor$Worker.run(ThreadPoolExecutor.java:617)
	at java.lang.Thread.run(Thread.java:745)
Caused by: java.net.ConnectException: Connection refused: /127.0.0.1:9422
	at sun.nio.ch.SocketChannelImpl.checkConnect(Native Method)
	at sun.nio.ch.SocketChannelImpl.finishConnect(SocketChannelImpl.java:712)
	at org.jboss.netty.channel.socket.nio.NioClientBoss.connect(NioClientBoss.java:152)
	at org.jboss.netty.channel.socket.nio.NioClientBoss.processSelectedKeys(NioClientBoss.java:105)
	at org.jboss.netty.channel.socket.nio.NioClientBoss.process(NioClientBoss.java:79)
	at org.jboss.netty.channel.socket.nio.AbstractNioSelector.run(AbstractNioSelector.java:337)
	at org.jboss.netty.channel.socket.nio.NioClientBoss.run(NioClientBoss.java:42)
	at org.jboss.netty.util.ThreadRenamingRunnable.run(ThreadRenamingRunnable.java:108)
	at org.jboss.netty.util.internal.DeadLockProofWorker$1.run(DeadLockProofWorker.java:42)
	... 3 more
[2016-03-29 17:29:43,628][TRACE][org.elasticsearch.discovery.zen.ping.unicast] [node_t0] [4] failed to connect to {#zen_unicast_7#}{::1}{[::1]:9421}
ConnectTransportException[[][[::1]:9421] connect_timeout[30s]]; nested: ConnectException[Connection refused: /0:0:0:0:0:0:0:1:9421];
	at org.elasticsearch.transport.netty.NettyTransport.connectToChannelsLight(NettyTransport.java:954)
	at org.elasticsearch.transport.netty.NettyTransport.connectToNode(NettyTransport.java:918)
	at org.elasticsearch.transport.netty.NettyTransport.connectToNodeLight(NettyTransport.java:890)
	at org.elasticsearch.test.transport.MockTransportService$LookupTestTransport.connectToNodeLight(MockTransportService.java:413)
	at org.elasticsearch.transport.TransportService.connectToNodeLight(TransportService.java:242)
	at org.elasticsearch.discovery.zen.ping.unicast.UnicastZenPing$3.run(UnicastZenPing.java:395)
	at java.util.concurrent.ThreadPoolExecutor.runWorker(ThreadPoolExecutor.java:1142)
	at java.util.concurrent.ThreadPoolExecutor$Worker.run(ThreadPoolExecutor.java:617)
	at java.lang.Thread.run(Thread.java:745)
Caused by: java.net.ConnectException: Connection refused: /0:0:0:0:0:0:0:1:9421
	at sun.nio.ch.SocketChannelImpl.checkConnect(Native Method)
	at sun.nio.ch.SocketChannelImpl.finishConnect(SocketChannelImpl.java:712)
	at org.jboss.netty.channel.socket.nio.NioClientBoss.connect(NioClientBoss.java:152)
	at org.jboss.netty.channel.socket.nio.NioClientBoss.processSelectedKeys(NioClientBoss.java:105)
	at org.jboss.netty.channel.socket.nio.NioClientBoss.process(NioClientBoss.java:79)
	at org.jboss.netty.channel.socket.nio.AbstractNioSelector.run(AbstractNioSelector.java:337)
	at org.jboss.netty.channel.socket.nio.NioClientBoss.run(NioClientBoss.java:42)
	at org.jboss.netty.util.ThreadRenamingRunnable.run(ThreadRenamingRunnable.java:108)
	at org.jboss.netty.util.internal.DeadLockProofWorker$1.run(DeadLockProofWorker.java:42)
	... 3 more
[2016-03-29 17:29:43,629][TRACE][org.elasticsearch.discovery.zen.ping.unicast] [node_t0] [4] failed to connect to {#zen_unicast_4#}{127.0.0.1}{127.0.0.1:9423}
ConnectTransportException[[][127.0.0.1:9423] connect_timeout[30s]]; nested: ConnectException[Connection refused: /127.0.0.1:9423];
	at org.elasticsearch.transport.netty.NettyTransport.connectToChannelsLight(NettyTransport.java:954)
	at org.elasticsearch.transport.netty.NettyTransport.connectToNode(NettyTransport.java:918)
	at org.elasticsearch.transport.netty.NettyTransport.connectToNodeLight(NettyTransport.java:890)
	at org.elasticsearch.test.transport.MockTransportService$LookupTestTransport.connectToNodeLight(MockTransportService.java:413)
	at org.elasticsearch.transport.TransportService.connectToNodeLight(TransportService.java:242)
	at org.elasticsearch.discovery.zen.ping.unicast.UnicastZenPing$3.run(UnicastZenPing.java:395)
	at java.util.concurrent.ThreadPoolExecutor.runWorker(ThreadPoolExecutor.java:1142)
	at java.util.concurrent.ThreadPoolExecutor$Worker.run(ThreadPoolExecutor.java:617)
	at java.lang.Thread.run(Thread.java:745)
Caused by: java.net.ConnectException: Connection refused: /127.0.0.1:9423
	at sun.nio.ch.SocketChannelImpl.checkConnect(Native Method)
	at sun.nio.ch.SocketChannelImpl.finishConnect(SocketChannelImpl.java:712)
	at org.jboss.netty.channel.socket.nio.NioClientBoss.connect(NioClientBoss.java:152)
	at org.jboss.netty.channel.socket.nio.NioClientBoss.processSelectedKeys(NioClientBoss.java:105)
	at org.jboss.netty.channel.socket.nio.NioClientBoss.process(NioClientBoss.java:79)
	at org.jboss.netty.channel.socket.nio.AbstractNioSelector.run(AbstractNioSelector.java:337)
	at org.jboss.netty.channel.socket.nio.NioClientBoss.run(NioClientBoss.java:42)
	at org.jboss.netty.util.ThreadRenamingRunnable.run(ThreadRenamingRunnable.java:108)
	at org.jboss.netty.util.internal.DeadLockProofWorker$1.run(DeadLockProofWorker.java:42)
	... 3 more
[2016-03-29 17:29:43,628][TRACE][org.elasticsearch.discovery.zen.ping.unicast] [node_t0] [4] failed to connect to {#zen_unicast_8#}{::1}{[::1]:9422}
ConnectTransportException[[][[::1]:9422] connect_timeout[30s]]; nested: ConnectException[Connection refused: /0:0:0:0:0:0:0:1:9422];
	at org.elasticsearch.transport.netty.NettyTransport.connectToChannelsLight(NettyTransport.java:954)
	at org.elasticsearch.transport.netty.NettyTransport.connectToNode(NettyTransport.java:918)
	at org.elasticsearch.transport.netty.NettyTransport.connectToNodeLight(NettyTransport.java:890)
	at org.elasticsearch.test.transport.MockTransportService$LookupTestTransport.connectToNodeLight(MockTransportService.java:413)
	at org.elasticsearch.transport.TransportService.connectToNodeLight(TransportService.java:242)
	at org.elasticsearch.discovery.zen.ping.unicast.UnicastZenPing$3.run(UnicastZenPing.java:395)
	at java.util.concurrent.ThreadPoolExecutor.runWorker(ThreadPoolExecutor.java:1142)
	at java.util.concurrent.ThreadPoolExecutor$Worker.run(ThreadPoolExecutor.java:617)
	at java.lang.Thread.run(Thread.java:745)
Caused by: java.net.ConnectException: Connection refused: /0:0:0:0:0:0:0:1:9422
	at sun.nio.ch.SocketChannelImpl.checkConnect(Native Method)
	at sun.nio.ch.SocketChannelImpl.finishConnect(SocketChannelImpl.java:712)
	at org.jboss.netty.channel.socket.nio.NioClientBoss.connect(NioClientBoss.java:152)
	at org.jboss.netty.channel.socket.nio.NioClientBoss.processSelectedKeys(NioClientBoss.java:105)
	at org.jboss.netty.channel.socket.nio.NioClientBoss.process(NioClientBoss.java:79)
	at org.jboss.netty.channel.socket.nio.AbstractNioSelector.run(AbstractNioSelector.java:337)
	at org.jboss.netty.channel.socket.nio.NioClientBoss.run(NioClientBoss.java:42)
	at org.jboss.netty.util.ThreadRenamingRunnable.run(ThreadRenamingRunnable.java:108)
	at org.jboss.netty.util.internal.DeadLockProofWorker$1.run(DeadLockProofWorker.java:42)
	... 3 more
[2016-03-29 17:29:43,628][TRACE][org.elasticsearch.discovery.zen.ping.unicast] [node_t0] [4] failed to connect to {#zen_unicast_9#}{::1}{[::1]:9423}
ConnectTransportException[[][[::1]:9423] connect_timeout[30s]]; nested: ConnectException[Connection refused: /0:0:0:0:0:0:0:1:9423];
	at org.elasticsearch.transport.netty.NettyTransport.connectToChannelsLight(NettyTransport.java:954)
	at org.elasticsearch.transport.netty.NettyTransport.connectToNode(NettyTransport.java:918)
	at org.elasticsearch.transport.netty.NettyTransport.connectToNodeLight(NettyTransport.java:890)
	at org.elasticsearch.test.transport.MockTransportService$LookupTestTransport.connectToNodeLight(MockTransportService.java:413)
	at org.elasticsearch.transport.TransportService.connectToNodeLight(TransportService.java:242)
	at org.elasticsearch.discovery.zen.ping.unicast.UnicastZenPing$3.run(UnicastZenPing.java:395)
	at java.util.concurrent.ThreadPoolExecutor.runWorker(ThreadPoolExecutor.java:1142)
	at java.util.concurrent.ThreadPoolExecutor$Worker.run(ThreadPoolExecutor.java:617)
	at java.lang.Thread.run(Thread.java:745)
Caused by: java.net.ConnectException: Connection refused: /0:0:0:0:0:0:0:1:9423
	at sun.nio.ch.SocketChannelImpl.checkConnect(Native Method)
	at sun.nio.ch.SocketChannelImpl.finishConnect(SocketChannelImpl.java:712)
	at org.jboss.netty.channel.socket.nio.NioClientBoss.connect(NioClientBoss.java:152)
	at org.jboss.netty.channel.socket.nio.NioClientBoss.processSelectedKeys(NioClientBoss.java:105)
	at org.jboss.netty.channel.socket.nio.NioClientBoss.process(NioClientBoss.java:79)
	at org.jboss.netty.channel.socket.nio.AbstractNioSelector.run(AbstractNioSelector.java:337)
	at org.jboss.netty.channel.socket.nio.NioClientBoss.run(NioClientBoss.java:42)
	at org.jboss.netty.util.ThreadRenamingRunnable.run(ThreadRenamingRunnable.java:108)
	at org.jboss.netty.util.internal.DeadLockProofWorker$1.run(DeadLockProofWorker.java:42)
	... 3 more
[2016-03-29 17:29:43,628][TRACE][org.elasticsearch.discovery.zen.ping.unicast] [node_t0] [4] connecting to {node_t1}{JMRMCPFeQ-OI3jC4mS0RAA}{127.0.0.1}{127.0.0.1:9421}[mode=>network]
[2016-03-29 17:29:43,630][DEBUG][org.elasticsearch.cluster.service] [node_t0] processing [zen-disco-master_failed ({node_t1}{JMRMCPFeQ-OI3jC4mS0RAA}{127.0.0.1}{127.0.0.1:9421}[mode=>network])]: took 3ms done applying updated cluster_state (version: 6, uuid: b7KZnuzMSAy7lv3WfuyVmg)
[2016-03-29 17:29:43,630][TRACE][org.elasticsearch.discovery.zen.ping.unicast] [node_t0] [4] failed to connect to {node_t1}{JMRMCPFeQ-OI3jC4mS0RAA}{127.0.0.1}{127.0.0.1:9421}[mode=>network]
ConnectTransportException[[node_t1][127.0.0.1:9421] connect_timeout[30s]]; nested: ConnectException[Connection refused: /127.0.0.1:9421];
	at org.elasticsearch.transport.netty.NettyTransport.connectToChannels(NettyTransport.java:989)
	at org.elasticsearch.transport.netty.NettyTransport.connectToNode(NettyTransport.java:922)
	at org.elasticsearch.transport.netty.NettyTransport.connectToNode(NettyTransport.java:895)
	at org.elasticsearch.test.transport.MockTransportService$LookupTestTransport.connectToNode(MockTransportService.java:408)
	at org.elasticsearch.transport.TransportService.connectToNode(TransportService.java:235)
	at org.elasticsearch.discovery.zen.ping.unicast.UnicastZenPing$3.run(UnicastZenPing.java:398)
	at java.util.concurrent.ThreadPoolExecutor.runWorker(ThreadPoolExecutor.java:1142)
	at java.util.concurrent.ThreadPoolExecutor$Worker.run(ThreadPoolExecutor.java:617)
	at java.lang.Thread.run(Thread.java:745)
Caused by: java.net.ConnectException: Connection refused: /127.0.0.1:9421
	at sun.nio.ch.SocketChannelImpl.checkConnect(Native Method)
	at sun.nio.ch.SocketChannelImpl.finishConnect(SocketChannelImpl.java:712)
	at org.jboss.netty.channel.socket.nio.NioClientBoss.connect(NioClientBoss.java:152)
	at org.jboss.netty.channel.socket.nio.NioClientBoss.processSelectedKeys(NioClientBoss.java:105)
	at org.jboss.netty.channel.socket.nio.NioClientBoss.process(NioClientBoss.java:79)
	at org.jboss.netty.channel.socket.nio.AbstractNioSelector.run(AbstractNioSelector.java:337)
	at org.jboss.netty.channel.socket.nio.NioClientBoss.run(NioClientBoss.java:42)
	at org.jboss.netty.util.ThreadRenamingRunnable.run(ThreadRenamingRunnable.java:108)
	at org.jboss.netty.util.internal.DeadLockProofWorker$1.run(DeadLockProofWorker.java:42)
	... 3 more
[2016-03-29 17:29:43,629][TRACE][org.elasticsearch.discovery.zen.ping.unicast] [node_t0] [4] failed to connect to {#zen_unicast_5#}{127.0.0.1}{127.0.0.1:9424}
ConnectTransportException[[][127.0.0.1:9424] connect_timeout[30s]]; nested: ConnectException[Connection refused: /127.0.0.1:9424];
	at org.elasticsearch.transport.netty.NettyTransport.connectToChannelsLight(NettyTransport.java:954)
	at org.elasticsearch.transport.netty.NettyTransport.connectToNode(NettyTransport.java:918)
	at org.elasticsearch.transport.netty.NettyTransport.connectToNodeLight(NettyTransport.java:890)
	at org.elasticsearch.test.transport.MockTransportService$LookupTestTransport.connectToNodeLight(MockTransportService.java:413)
	at org.elasticsearch.transport.TransportService.connectToNodeLight(TransportService.java:242)
	at org.elasticsearch.discovery.zen.ping.unicast.UnicastZenPing$3.run(UnicastZenPing.java:395)
	at java.util.concurrent.ThreadPoolExecutor.runWorker(ThreadPoolExecutor.java:1142)
	at java.util.concurrent.ThreadPoolExecutor$Worker.run(ThreadPoolExecutor.java:617)
	at java.lang.Thread.run(Thread.java:745)
Caused by: java.net.ConnectException: Connection refused: /127.0.0.1:9424
	at sun.nio.ch.SocketChannelImpl.checkConnect(Native Method)
	at sun.nio.ch.SocketChannelImpl.finishConnect(SocketChannelImpl.java:712)
	at org.jboss.netty.channel.socket.nio.NioClientBoss.connect(NioClientBoss.java:152)
	at org.jboss.netty.channel.socket.nio.NioClientBoss.processSelectedKeys(NioClientBoss.java:105)
	at org.jboss.netty.channel.socket.nio.NioClientBoss.process(NioClientBoss.java:79)
	at org.jboss.netty.channel.socket.nio.AbstractNioSelector.run(AbstractNioSelector.java:337)
	at org.jboss.netty.channel.socket.nio.NioClientBoss.run(NioClientBoss.java:42)
	at org.jboss.netty.util.ThreadRenamingRunnable.run(ThreadRenamingRunnable.java:108)
	at org.jboss.netty.util.internal.DeadLockProofWorker$1.run(DeadLockProofWorker.java:42)
	... 3 more
[2016-03-29 17:29:43,629][TRACE][org.elasticsearch.discovery.zen.ping.unicast] [node_t0] [4] connected to {#zen_unicast_6#}{::1}{[::1]:9420}
[2016-03-29 17:29:43,631][TRACE][org.elasticsearch.discovery.zen.ping.unicast] [node_t0] [4] sending to {#zen_unicast_6#}{::1}{[::1]:9420}
[2016-03-29 17:29:43,631][TRACE][org.elasticsearch.cluster.service] [node_t0] will process [zen-disco-master_failed ({node_t1}{JMRMCPFeQ-OI3jC4mS0RAA}{127.0.0.1}{127.0.0.1:9421}[mode=>network])]
[2016-03-29 17:29:43,631][DEBUG][org.elasticsearch.cluster.service] [node_t0] processing [zen-disco-master_failed ({node_t1}{JMRMCPFeQ-OI3jC4mS0RAA}{127.0.0.1}{127.0.0.1:9421}[mode=>network])]: execute
[2016-03-29 17:29:43,631][DEBUG][org.elasticsearch.cluster.service] [node_t0] processing [zen-disco-master_failed ({node_t1}{JMRMCPFeQ-OI3jC4mS0RAA}{127.0.0.1}{127.0.0.1:9421}[mode=>network])]: took 0s no change in cluster_state
[2016-03-29 17:29:43,631][TRACE][org.elasticsearch.discovery.zen.ping.unicast] [node_t0] [4] failed to connect to {node_t1}{JMRMCPFeQ-OI3jC4mS0RAA}{127.0.0.1}{127.0.0.1:9421}[mode=>network]
ConnectTransportException[[node_t1][127.0.0.1:9421] connect_timeout[30s]]; nested: ConnectException[Connection refused: /127.0.0.1:9421];
	at org.elasticsearch.transport.netty.NettyTransport.connectToChannels(NettyTransport.java:989)
	at org.elasticsearch.transport.netty.NettyTransport.connectToNode(NettyTransport.java:922)
	at org.elasticsearch.transport.netty.NettyTransport.connectToNode(NettyTransport.java:895)
	at org.elasticsearch.test.transport.MockTransportService$LookupTestTransport.connectToNode(MockTransportService.java:408)
	at org.elasticsearch.transport.TransportService.connectToNode(TransportService.java:235)
	at org.elasticsearch.discovery.zen.ping.unicast.UnicastZenPing$3.run(UnicastZenPing.java:398)
	at java.util.concurrent.ThreadPoolExecutor.runWorker(ThreadPoolExecutor.java:1142)
	at java.util.concurrent.ThreadPoolExecutor$Worker.run(ThreadPoolExecutor.java:617)
	at java.lang.Thread.run(Thread.java:745)
Caused by: java.net.ConnectException: Connection refused: /127.0.0.1:9421
	at sun.nio.ch.SocketChannelImpl.checkConnect(Native Method)
	at sun.nio.ch.SocketChannelImpl.finishConnect(SocketChannelImpl.java:712)
	at org.jboss.netty.channel.socket.nio.NioClientBoss.connect(NioClientBoss.java:152)
	at org.jboss.netty.channel.socket.nio.NioClientBoss.processSelectedKeys(NioClientBoss.java:105)
	at org.jboss.netty.channel.socket.nio.NioClientBoss.process(NioClientBoss.java:79)
	at org.jboss.netty.channel.socket.nio.AbstractNioSelector.run(AbstractNioSelector.java:337)
	at org.jboss.netty.channel.socket.nio.NioClientBoss.run(NioClientBoss.java:42)
	at org.jboss.netty.util.ThreadRenamingRunnable.run(ThreadRenamingRunnable.java:108)
	at org.jboss.netty.util.internal.DeadLockProofWorker$1.run(DeadLockProofWorker.java:42)
	... 3 more
[2016-03-29 17:29:43,632][TRACE][org.elasticsearch.discovery.zen.ping.unicast] [node_t0] [4] received response from {#zen_unicast_6#}{::1}{[::1]:9420}: [ping_response{node [{node_t1}{JMRMCPFeQ-OI3jC4mS0RAA}{127.0.0.1}{127.0.0.1:9421}[mode=>network]], id[636], master [null], hasJoinedOnce [false], cluster_name[TEST-CHILD_VM=[0]-CLUSTER_SEED=[-8106659381411338889]-HASH=[14406DC76783A180]-cluster]}, ping_response{node [{node_t1}{JMRMCPFeQ-OI3jC4mS0RAA}{127.0.0.1}{127.0.0.1:9421}[mode=>network]], id[636], master [null], hasJoinedOnce [false], cluster_name[TEST-CHILD_VM=[0]-CLUSTER_SEED=[-8106659381411338889]-HASH=[14406DC76783A180]-cluster]}, ping_response{node [{node_t1}{JMRMCPFeQ-OI3jC4mS0RAA}{127.0.0.1}{127.0.0.1:9421}[mode=>network]], id[636], master [null], hasJoinedOnce [false], cluster_name[TEST-CHILD_VM=[0]-CLUSTER_SEED=[-8106659381411338889]-HASH=[14406DC76783A180]-cluster]}, ping_response{node [{node_t0}{nMu_6boQR--7IGHETEaC6A}{127.0.0.1}{127.0.0.1:9420}[mode=>network]], id[643], master [{node_t1}{JMRMCPFeQ-OI3jC4mS0RAA}{127.0.0.1}{127.0.0.1:9421}[mode=>network]], hasJoinedOnce [true], cluster_name[TEST-CHILD_VM=[0]-CLUSTER_SEED=[-8106659381411338889]-HASH=[14406DC76783A180]-cluster]}, ping_response{node [{node_t0}{nMu_6boQR--7IGHETEaC6A}{127.0.0.1}{127.0.0.1:9420}[mode=>network]], id[643], master [{node_t1}{JMRMCPFeQ-OI3jC4mS0RAA}{127.0.0.1}{127.0.0.1:9421}[mode=>network]], hasJoinedOnce [true], cluster_name[TEST-CHILD_VM=[0]-CLUSTER_SEED=[-8106659381411338889]-HASH=[14406DC76783A180]-cluster]}, ping_response{node [{node_t0}{nMu_6boQR--7IGHETEaC6A}{127.0.0.1}{127.0.0.1:9420}[mode=>network]], id[643], master [{node_t1}{JMRMCPFeQ-OI3jC4mS0RAA}{127.0.0.1}{127.0.0.1:9421}[mode=>network]], hasJoinedOnce [true], cluster_name[TEST-CHILD_VM=[0]-CLUSTER_SEED=[-8106659381411338889]-HASH=[14406DC76783A180]-cluster]}, ping_response{node [{node_t0}{nMu_6boQR--7IGHETEaC6A}{127.0.0.1}{127.0.0.1:9420}[mode=>network]], id[646], master [null], hasJoinedOnce [true], cluster_name[TEST-CHILD_VM=[0]-CLUSTER_SEED=[-8106659381411338889]-HASH=[14406DC76783A180]-cluster]}]
[2016-03-29 17:29:43,636][TRACE][org.elasticsearch.transport.tracer] [transport_client_node_t0] [24][cluster:monitor/state] sent to [{node_t0}{nMu_6boQR--7IGHETEaC6A}{127.0.0.1}{127.0.0.1:9420}[mode=>network]] (timeout: [null])
[2016-03-29 17:29:43,636][TRACE][org.elasticsearch.transport.tracer] [transport_client_node_t0] [24][cluster:monitor/state] received response from [{node_t0}{nMu_6boQR--7IGHETEaC6A}{127.0.0.1}{127.0.0.1:9420}[mode=>network]]
[2016-03-29 17:29:43,637][TRACE][org.elasticsearch.transport.tracer] [transport_client_node_t0] [25][cluster:monitor/state] sent to [{node_t0}{nMu_6boQR--7IGHETEaC6A}{127.0.0.1}{127.0.0.1:9420}[mode=>network]] (timeout: [null])
[2016-03-29 17:29:43,637][TRACE][org.elasticsearch.transport.tracer] [transport_client_node_t0] [25][cluster:monitor/state] received response from [{node_t0}{nMu_6boQR--7IGHETEaC6A}{127.0.0.1}{127.0.0.1:9420}[mode=>network]]
[2016-03-29 17:29:43,667][DEBUG][org.elasticsearch.discovery.zen.elect] [node_t2] using minimum_master_nodes [2]
[2016-03-29 17:29:43,667][DEBUG][org.elasticsearch.discovery.zen.ping.unicast] [node_t2] using initial hosts [127.0.0.1, [::1]], with concurrent_connects [10]
[2016-03-29 17:29:43,668][DEBUG][org.elasticsearch.discovery.zen] [node_t2] using ping_timeout [200ms], join.timeout [4s], master_election.filter_client [true], master_election.filter_data [false]
[2016-03-29 17:29:43,668][DEBUG][org.elasticsearch.discovery.zen.fd] [node_t2] [master] uses ping_interval [1s], ping_timeout [30s], ping_retries [3]
[2016-03-29 17:29:43,668][DEBUG][org.elasticsearch.discovery.zen.fd] [node_t2] [node  ] uses ping_interval [1s], ping_timeout [30s], ping_retries [3]
[2016-03-29 17:29:43,669][DEBUG][org.elasticsearch.gateway] [node_t2] using initial_shards [quorum]
[2016-03-29 17:29:43,678][TRACE][org.elasticsearch.gateway] [node_t2] [upgrade]: processing [global-0.st]
[2016-03-29 17:29:43,678][TRACE][org.elasticsearch.gateway] [node_t2] found state file: [id:0, legacy:false, file:/Users/ogbonnayacngwu/CSE2410_spring2016_projectileDysfunction/core/build/testrun/integTest/J0/temp/org.elasticsearch.cluster.MinimumMasterNodesIT_4AA6DECDBC490785-001/tempDir-005/data/TEST-CHILD_VM=[0]-CLUSTER_SEED=[-8106659381411338889]-HASH=[14406DC76783A180]-cluster/nodes/1/_state/global-0.st]
[2016-03-29 17:29:43,679][TRACE][org.elasticsearch.gateway] [node_t2] state id [0] read from [global-0.st]
[2016-03-29 17:29:43,679][TRACE][org.elasticsearch.gateway] [node_t2] found state file: [id:3, legacy:false, file:/Users/ogbonnayacngwu/CSE2410_spring2016_projectileDysfunction/core/build/testrun/integTest/J0/temp/org.elasticsearch.cluster.MinimumMasterNodesIT_4AA6DECDBC490785-001/tempDir-005/data/TEST-CHILD_VM=[0]-CLUSTER_SEED=[-8106659381411338889]-HASH=[14406DC76783A180]-cluster/nodes/1/indices/test/_state/state-3.st]
[2016-03-29 17:29:43,680][TRACE][org.elasticsearch.gateway] [node_t2] state id [3] read from [state-3.st]
[2016-03-29 17:29:43,680][TRACE][org.elasticsearch.gateway] [node_t2] found state file: [id:0, legacy:false, file:/Users/ogbonnayacngwu/CSE2410_spring2016_projectileDysfunction/core/build/testrun/integTest/J0/temp/org.elasticsearch.cluster.MinimumMasterNodesIT_4AA6DECDBC490785-001/tempDir-005/data/TEST-CHILD_VM=[0]-CLUSTER_SEED=[-8106659381411338889]-HASH=[14406DC76783A180]-cluster/nodes/1/_state/global-0.st]
[2016-03-29 17:29:43,701][TRACE][org.elasticsearch.gateway] [node_t2] state id [0] read from [global-0.st]
[2016-03-29 17:29:43,701][TRACE][org.elasticsearch.gateway] [node_t2] found state file: [id:3, legacy:false, file:/Users/ogbonnayacngwu/CSE2410_spring2016_projectileDysfunction/core/build/testrun/integTest/J0/temp/org.elasticsearch.cluster.MinimumMasterNodesIT_4AA6DECDBC490785-001/tempDir-005/data/TEST-CHILD_VM=[0]-CLUSTER_SEED=[-8106659381411338889]-HASH=[14406DC76783A180]-cluster/nodes/1/indices/test/_state/state-3.st]
[2016-03-29 17:29:43,702][TRACE][org.elasticsearch.gateway] [node_t2] state id [3] read from [state-3.st]
[2016-03-29 17:29:43,702][DEBUG][org.elasticsearch.gateway] [node_t2] took 21ms to load state
[2016-03-29 17:29:43,712][TRACE][org.elasticsearch.cluster.service] [node_t2] will process [initial_join]
[2016-03-29 17:29:43,712][DEBUG][org.elasticsearch.cluster.service] [node_t2] processing [initial_join]: execute
[2016-03-29 17:29:43,712][DEBUG][org.elasticsearch.cluster.service] [node_t2] processing [initial_join]: took 0s no change in cluster_state
[2016-03-29 17:29:43,713][TRACE][org.elasticsearch.discovery.zen] [node_t2] starting to accumulate joins
[2016-03-29 17:29:43,713][TRACE][org.elasticsearch.discovery.zen] [node_t2] starting to ping
[2016-03-29 17:29:43,713][TRACE][org.elasticsearch.discovery.zen.ping.unicast] [node_t2] [1] sending to {node_t2}{F-u4jQqMTgCSFvClNNIaBA}{127.0.0.1}{127.0.0.1:9421}[mode=>network]
[2016-03-29 17:29:43,713][TRACE][org.elasticsearch.discovery.zen.ping.unicast] [node_t2] [1] connecting (light) to {#zen_unicast_1#}{127.0.0.1}{127.0.0.1:9420}
[2016-03-29 17:29:43,713][TRACE][org.elasticsearch.discovery.zen.ping.unicast] [node_t2] [1] received response from {node_t2}{F-u4jQqMTgCSFvClNNIaBA}{127.0.0.1}{127.0.0.1:9421}[mode=>network]: [ping_response{node [{node_t2}{F-u4jQqMTgCSFvClNNIaBA}{127.0.0.1}{127.0.0.1:9421}[mode=>network]], id[647], master [null], hasJoinedOnce [false], cluster_name[TEST-CHILD_VM=[0]-CLUSTER_SEED=[-8106659381411338889]-HASH=[14406DC76783A180]-cluster]}, ping_response{node [{node_t2}{F-u4jQqMTgCSFvClNNIaBA}{127.0.0.1}{127.0.0.1:9421}[mode=>network]], id[648], master [null], hasJoinedOnce [false], cluster_name[TEST-CHILD_VM=[0]-CLUSTER_SEED=[-8106659381411338889]-HASH=[14406DC76783A180]-cluster]}]
[2016-03-29 17:29:43,713][TRACE][org.elasticsearch.discovery.zen.ping.unicast] [node_t2] [1] connecting (light) to {#zen_unicast_3#}{127.0.0.1}{127.0.0.1:9422}
[2016-03-29 17:29:43,713][TRACE][org.elasticsearch.discovery.zen.ping.unicast] [node_t2] [1] connecting (light) to {#zen_unicast_4#}{127.0.0.1}{127.0.0.1:9423}
[2016-03-29 17:29:43,713][TRACE][org.elasticsearch.discovery.zen.ping.unicast] [node_t2] [1] connecting (light) to {#zen_unicast_5#}{127.0.0.1}{127.0.0.1:9424}
[2016-03-29 17:29:43,713][TRACE][org.elasticsearch.discovery.zen.ping.unicast] [node_t2] [1] connecting (light) to {#zen_unicast_6#}{::1}{[::1]:9420}
[2016-03-29 17:29:43,713][TRACE][org.elasticsearch.discovery.zen.ping.unicast] [node_t2] [1] connecting (light) to {#zen_unicast_7#}{::1}{[::1]:9421}
[2016-03-29 17:29:43,713][TRACE][org.elasticsearch.discovery.zen.ping.unicast] [node_t2] [1] connected to {#zen_unicast_1#}{127.0.0.1}{127.0.0.1:9420}
[2016-03-29 17:29:43,714][TRACE][org.elasticsearch.discovery.zen.ping.unicast] [node_t2] [1] sending to {#zen_unicast_1#}{127.0.0.1}{127.0.0.1:9420}
[2016-03-29 17:29:43,714][TRACE][org.elasticsearch.discovery.zen.ping.unicast] [node_t2] [1] failed to connect to {#zen_unicast_4#}{127.0.0.1}{127.0.0.1:9423}
ConnectTransportException[[][127.0.0.1:9423] connect_timeout[30s]]; nested: ConnectException[Connection refused: /127.0.0.1:9423];
	at org.elasticsearch.transport.netty.NettyTransport.connectToChannelsLight(NettyTransport.java:954)
	at org.elasticsearch.transport.netty.NettyTransport.connectToNode(NettyTransport.java:918)
	at org.elasticsearch.transport.netty.NettyTransport.connectToNodeLight(NettyTransport.java:890)
	at org.elasticsearch.test.transport.MockTransportService$LookupTestTransport.connectToNodeLight(MockTransportService.java:413)
	at org.elasticsearch.transport.TransportService.connectToNodeLight(TransportService.java:242)
	at org.elasticsearch.discovery.zen.ping.unicast.UnicastZenPing$3.run(UnicastZenPing.java:395)
	at java.util.concurrent.ThreadPoolExecutor.runWorker(ThreadPoolExecutor.java:1142)
	at java.util.concurrent.ThreadPoolExecutor$Worker.run(ThreadPoolExecutor.java:617)
	at java.lang.Thread.run(Thread.java:745)
Caused by: java.net.ConnectException: Connection refused: /127.0.0.1:9423
	at sun.nio.ch.SocketChannelImpl.checkConnect(Native Method)
	at sun.nio.ch.SocketChannelImpl.finishConnect(SocketChannelImpl.java:712)
	at org.jboss.netty.channel.socket.nio.NioClientBoss.connect(NioClientBoss.java:152)
	at org.jboss.netty.channel.socket.nio.NioClientBoss.processSelectedKeys(NioClientBoss.java:105)
	at org.jboss.netty.channel.socket.nio.NioClientBoss.process(NioClientBoss.java:79)
	at org.jboss.netty.channel.socket.nio.AbstractNioSelector.run(AbstractNioSelector.java:337)
	at org.jboss.netty.channel.socket.nio.NioClientBoss.run(NioClientBoss.java:42)
	at org.jboss.netty.util.ThreadRenamingRunnable.run(ThreadRenamingRunnable.java:108)
	at org.jboss.netty.util.internal.DeadLockProofWorker$1.run(DeadLockProofWorker.java:42)
	... 3 more
[2016-03-29 17:29:43,714][TRACE][org.elasticsearch.discovery.zen.ping.unicast] [node_t2] [1] failed to connect to {#zen_unicast_5#}{127.0.0.1}{127.0.0.1:9424}
ConnectTransportException[[][127.0.0.1:9424] connect_timeout[30s]]; nested: ConnectException[Connection refused: /127.0.0.1:9424];
	at org.elasticsearch.transport.netty.NettyTransport.connectToChannelsLight(NettyTransport.java:954)
	at org.elasticsearch.transport.netty.NettyTransport.connectToNode(NettyTransport.java:918)
	at org.elasticsearch.transport.netty.NettyTransport.connectToNodeLight(NettyTransport.java:890)
	at org.elasticsearch.test.transport.MockTransportService$LookupTestTransport.connectToNodeLight(MockTransportService.java:413)
	at org.elasticsearch.transport.TransportService.connectToNodeLight(TransportService.java:242)
	at org.elasticsearch.discovery.zen.ping.unicast.UnicastZenPing$3.run(UnicastZenPing.java:395)
	at java.util.concurrent.ThreadPoolExecutor.runWorker(ThreadPoolExecutor.java:1142)
	at java.util.concurrent.ThreadPoolExecutor$Worker.run(ThreadPoolExecutor.java:617)
	at java.lang.Thread.run(Thread.java:745)
Caused by: java.net.ConnectException: Connection refused: /127.0.0.1:9424
	at sun.nio.ch.SocketChannelImpl.checkConnect(Native Method)
	at sun.nio.ch.SocketChannelImpl.finishConnect(SocketChannelImpl.java:712)
	at org.jboss.netty.channel.socket.nio.NioClientBoss.connect(NioClientBoss.java:152)
	at org.jboss.netty.channel.socket.nio.NioClientBoss.processSelectedKeys(NioClientBoss.java:105)
	at org.jboss.netty.channel.socket.nio.NioClientBoss.process(NioClientBoss.java:79)
	at org.jboss.netty.channel.socket.nio.AbstractNioSelector.run(AbstractNioSelector.java:337)
	at org.jboss.netty.channel.socket.nio.NioClientBoss.run(NioClientBoss.java:42)
	at org.jboss.netty.util.ThreadRenamingRunnable.run(ThreadRenamingRunnable.java:108)
	at org.jboss.netty.util.internal.DeadLockProofWorker$1.run(DeadLockProofWorker.java:42)
	... 3 more
[2016-03-29 17:29:43,714][TRACE][org.elasticsearch.discovery.zen.ping.unicast] [node_t2] [1] connecting (light) to {#zen_unicast_9#}{::1}{[::1]:9423}
[2016-03-29 17:29:43,714][TRACE][org.elasticsearch.discovery.zen.ping.unicast] [node_t2] [1] sending to {node_t2}{F-u4jQqMTgCSFvClNNIaBA}{127.0.0.1}{127.0.0.1:9421}[mode=>network]
[2016-03-29 17:29:43,714][TRACE][org.elasticsearch.discovery.zen.ping.unicast] [node_t2] [1] failed to connect to {#zen_unicast_3#}{127.0.0.1}{127.0.0.1:9422}
ConnectTransportException[[][127.0.0.1:9422] connect_timeout[30s]]; nested: ConnectException[Connection refused: /127.0.0.1:9422];
	at org.elasticsearch.transport.netty.NettyTransport.connectToChannelsLight(NettyTransport.java:954)
	at org.elasticsearch.transport.netty.NettyTransport.connectToNode(NettyTransport.java:918)
	at org.elasticsearch.transport.netty.NettyTransport.connectToNodeLight(NettyTransport.java:890)
	at org.elasticsearch.test.transport.MockTransportService$LookupTestTransport.connectToNodeLight(MockTransportService.java:413)
	at org.elasticsearch.transport.TransportService.connectToNodeLight(TransportService.java:242)
	at org.elasticsearch.discovery.zen.ping.unicast.UnicastZenPing$3.run(UnicastZenPing.java:395)
	at java.util.concurrent.ThreadPoolExecutor.runWorker(ThreadPoolExecutor.java:1142)
	at java.util.concurrent.ThreadPoolExecutor$Worker.run(ThreadPoolExecutor.java:617)
	at java.lang.Thread.run(Thread.java:745)
Caused by: java.net.ConnectException: Connection refused: /127.0.0.1:9422
	at sun.nio.ch.SocketChannelImpl.checkConnect(Native Method)
	at sun.nio.ch.SocketChannelImpl.finishConnect(SocketChannelImpl.java:712)
	at org.jboss.netty.channel.socket.nio.NioClientBoss.connect(NioClientBoss.java:152)
	at org.jboss.netty.channel.socket.nio.NioClientBoss.processSelectedKeys(NioClientBoss.java:105)
	at org.jboss.netty.channel.socket.nio.NioClientBoss.process(NioClientBoss.java:79)
	at org.jboss.netty.channel.socket.nio.AbstractNioSelector.run(AbstractNioSelector.java:337)
	at org.jboss.netty.channel.socket.nio.NioClientBoss.run(NioClientBoss.java:42)
	at org.jboss.netty.util.ThreadRenamingRunnable.run(ThreadRenamingRunnable.java:108)
	at org.jboss.netty.util.internal.DeadLockProofWorker$1.run(DeadLockProofWorker.java:42)
	... 3 more
[2016-03-29 17:29:43,714][TRACE][org.elasticsearch.discovery.zen.ping.unicast] [node_t2] [1] connecting (light) to {#zen_unicast_8#}{::1}{[::1]:9422}
[2016-03-29 17:29:43,715][TRACE][org.elasticsearch.discovery.zen.ping.unicast] [node_t2] [1] failed to connect to {#zen_unicast_9#}{::1}{[::1]:9423}
ConnectTransportException[[][[::1]:9423] connect_timeout[30s]]; nested: ConnectException[Connection refused: /0:0:0:0:0:0:0:1:9423];
	at org.elasticsearch.transport.netty.NettyTransport.connectToChannelsLight(NettyTransport.java:954)
	at org.elasticsearch.transport.netty.NettyTransport.connectToNode(NettyTransport.java:918)
	at org.elasticsearch.transport.netty.NettyTransport.connectToNodeLight(NettyTransport.java:890)
	at org.elasticsearch.test.transport.MockTransportService$LookupTestTransport.connectToNodeLight(MockTransportService.java:413)
	at org.elasticsearch.transport.TransportService.connectToNodeLight(TransportService.java:242)
	at org.elasticsearch.discovery.zen.ping.unicast.UnicastZenPing$3.run(UnicastZenPing.java:395)
	at java.util.concurrent.ThreadPoolExecutor.runWorker(ThreadPoolExecutor.java:1142)
	at java.util.concurrent.ThreadPoolExecutor$Worker.run(ThreadPoolExecutor.java:617)
	at java.lang.Thread.run(Thread.java:745)
Caused by: java.net.ConnectException: Connection refused: /0:0:0:0:0:0:0:1:9423
	at sun.nio.ch.SocketChannelImpl.checkConnect(Native Method)
	at sun.nio.ch.SocketChannelImpl.finishConnect(SocketChannelImpl.java:712)
	at org.jboss.netty.channel.socket.nio.NioClientBoss.connect(NioClientBoss.java:152)
	at org.jboss.netty.channel.socket.nio.NioClientBoss.processSelectedKeys(NioClientBoss.java:105)
	at org.jboss.netty.channel.socket.nio.NioClientBoss.process(NioClientBoss.java:79)
	at org.jboss.netty.channel.socket.nio.AbstractNioSelector.run(AbstractNioSelector.java:337)
	at org.jboss.netty.channel.socket.nio.NioClientBoss.run(NioClientBoss.java:42)
	at org.jboss.netty.util.ThreadRenamingRunnable.run(ThreadRenamingRunnable.java:108)
	at org.jboss.netty.util.internal.DeadLockProofWorker$1.run(DeadLockProofWorker.java:42)
	... 3 more
[2016-03-29 17:29:43,714][TRACE][org.elasticsearch.discovery.zen.ping.unicast] [node_t2] [1] received response from {node_t2}{F-u4jQqMTgCSFvClNNIaBA}{127.0.0.1}{127.0.0.1:9421}[mode=>network]: [ping_response{node [{node_t2}{F-u4jQqMTgCSFvClNNIaBA}{127.0.0.1}{127.0.0.1:9421}[mode=>network]], id[647], master [null], hasJoinedOnce [false], cluster_name[TEST-CHILD_VM=[0]-CLUSTER_SEED=[-8106659381411338889]-HASH=[14406DC76783A180]-cluster]}, ping_response{node [{node_t2}{F-u4jQqMTgCSFvClNNIaBA}{127.0.0.1}{127.0.0.1:9421}[mode=>network]], id[647], master [null], hasJoinedOnce [false], cluster_name[TEST-CHILD_VM=[0]-CLUSTER_SEED=[-8106659381411338889]-HASH=[14406DC76783A180]-cluster]}, ping_response{node [{node_t2}{F-u4jQqMTgCSFvClNNIaBA}{127.0.0.1}{127.0.0.1:9421}[mode=>network]], id[650], master [null], hasJoinedOnce [false], cluster_name[TEST-CHILD_VM=[0]-CLUSTER_SEED=[-8106659381411338889]-HASH=[14406DC76783A180]-cluster]}]
[2016-03-29 17:29:43,715][TRACE][org.elasticsearch.discovery.zen.ping.unicast] [node_t2] [1] failed to connect to {#zen_unicast_8#}{::1}{[::1]:9422}
ConnectTransportException[[][[::1]:9422] connect_timeout[30s]]; nested: ConnectException[Connection refused: /0:0:0:0:0:0:0:1:9422];
	at org.elasticsearch.transport.netty.NettyTransport.connectToChannelsLight(NettyTransport.java:954)
	at org.elasticsearch.transport.netty.NettyTransport.connectToNode(NettyTransport.java:918)
	at org.elasticsearch.transport.netty.NettyTransport.connectToNodeLight(NettyTransport.java:890)
	at org.elasticsearch.test.transport.MockTransportService$LookupTestTransport.connectToNodeLight(MockTransportService.java:413)
	at org.elasticsearch.transport.TransportService.connectToNodeLight(TransportService.java:242)
	at org.elasticsearch.discovery.zen.ping.unicast.UnicastZenPing$3.run(UnicastZenPing.java:395)
	at java.util.concurrent.ThreadPoolExecutor.runWorker(ThreadPoolExecutor.java:1142)
	at java.util.concurrent.ThreadPoolExecutor$Worker.run(ThreadPoolExecutor.java:617)
	at java.lang.Thread.run(Thread.java:745)
Caused by: java.net.ConnectException: Connection refused: /0:0:0:0:0:0:0:1:9422
	at sun.nio.ch.SocketChannelImpl.checkConnect(Native Method)
	at sun.nio.ch.SocketChannelImpl.finishConnect(SocketChannelImpl.java:712)
	at org.jboss.netty.channel.socket.nio.NioClientBoss.connect(NioClientBoss.java:152)
	at org.jboss.netty.channel.socket.nio.NioClientBoss.processSelectedKeys(NioClientBoss.java:105)
	at org.jboss.netty.channel.socket.nio.NioClientBoss.process(NioClientBoss.java:79)
	at org.jboss.netty.channel.socket.nio.AbstractNioSelector.run(AbstractNioSelector.java:337)
	at org.jboss.netty.channel.socket.nio.NioClientBoss.run(NioClientBoss.java:42)
	at org.jboss.netty.util.ThreadRenamingRunnable.run(ThreadRenamingRunnable.java:108)
	at org.jboss.netty.util.internal.DeadLockProofWorker$1.run(DeadLockProofWorker.java:42)
	... 3 more
[2016-03-29 17:29:43,714][TRACE][org.elasticsearch.discovery.zen.ping.unicast] [node_t2] [1] received response from {#zen_unicast_1#}{127.0.0.1}{127.0.0.1:9420}: [ping_response{node [{node_t0}{nMu_6boQR--7IGHETEaC6A}{127.0.0.1}{127.0.0.1:9420}[mode=>network]], id[643], master [{node_t1}{JMRMCPFeQ-OI3jC4mS0RAA}{127.0.0.1}{127.0.0.1:9421}[mode=>network]], hasJoinedOnce [true], cluster_name[TEST-CHILD_VM=[0]-CLUSTER_SEED=[-8106659381411338889]-HASH=[14406DC76783A180]-cluster]}, ping_response{node [{node_t0}{nMu_6boQR--7IGHETEaC6A}{127.0.0.1}{127.0.0.1:9420}[mode=>network]], id[643], master [{node_t1}{JMRMCPFeQ-OI3jC4mS0RAA}{127.0.0.1}{127.0.0.1:9421}[mode=>network]], hasJoinedOnce [true], cluster_name[TEST-CHILD_VM=[0]-CLUSTER_SEED=[-8106659381411338889]-HASH=[14406DC76783A180]-cluster]}, ping_response{node [{node_t0}{nMu_6boQR--7IGHETEaC6A}{127.0.0.1}{127.0.0.1:9420}[mode=>network]], id[643], master [{node_t1}{JMRMCPFeQ-OI3jC4mS0RAA}{127.0.0.1}{127.0.0.1:9421}[mode=>network]], hasJoinedOnce [true], cluster_name[TEST-CHILD_VM=[0]-CLUSTER_SEED=[-8106659381411338889]-HASH=[14406DC76783A180]-cluster]}, ping_response{node [{node_t2}{F-u4jQqMTgCSFvClNNIaBA}{127.0.0.1}{127.0.0.1:9421}[mode=>network]], id[647], master [null], hasJoinedOnce [false], cluster_name[TEST-CHILD_VM=[0]-CLUSTER_SEED=[-8106659381411338889]-HASH=[14406DC76783A180]-cluster]}, ping_response{node [{node_t0}{nMu_6boQR--7IGHETEaC6A}{127.0.0.1}{127.0.0.1:9420}[mode=>network]], id[649], master [null], hasJoinedOnce [true], cluster_name[TEST-CHILD_VM=[0]-CLUSTER_SEED=[-8106659381411338889]-HASH=[14406DC76783A180]-cluster]}]
[2016-03-29 17:29:43,714][TRACE][org.elasticsearch.discovery.zen.ping.unicast] [node_t2] [1] connected to {#zen_unicast_7#}{::1}{[::1]:9421}
[2016-03-29 17:29:43,715][TRACE][org.elasticsearch.discovery.zen.ping.unicast] [node_t2] [1] sending to {#zen_unicast_7#}{::1}{[::1]:9421}
[2016-03-29 17:29:43,714][TRACE][org.elasticsearch.discovery.zen.ping.unicast] [node_t2] [1] connected to {#zen_unicast_6#}{::1}{[::1]:9420}
[2016-03-29 17:29:43,716][TRACE][org.elasticsearch.discovery.zen.ping.unicast] [node_t2] [1] sending to {#zen_unicast_6#}{::1}{[::1]:9420}
[2016-03-29 17:29:43,716][TRACE][org.elasticsearch.discovery.zen.ping.unicast] [node_t2] [1] received response from {#zen_unicast_7#}{::1}{[::1]:9421}: [ping_response{node [{node_t2}{F-u4jQqMTgCSFvClNNIaBA}{127.0.0.1}{127.0.0.1:9421}[mode=>network]], id[647], master [null], hasJoinedOnce [false], cluster_name[TEST-CHILD_VM=[0]-CLUSTER_SEED=[-8106659381411338889]-HASH=[14406DC76783A180]-cluster]}, ping_response{node [{node_t2}{F-u4jQqMTgCSFvClNNIaBA}{127.0.0.1}{127.0.0.1:9421}[mode=>network]], id[647], master [null], hasJoinedOnce [false], cluster_name[TEST-CHILD_VM=[0]-CLUSTER_SEED=[-8106659381411338889]-HASH=[14406DC76783A180]-cluster]}, ping_response{node [{node_t2}{F-u4jQqMTgCSFvClNNIaBA}{127.0.0.1}{127.0.0.1:9421}[mode=>network]], id[647], master [null], hasJoinedOnce [false], cluster_name[TEST-CHILD_VM=[0]-CLUSTER_SEED=[-8106659381411338889]-HASH=[14406DC76783A180]-cluster]}, ping_response{node [{node_t2}{F-u4jQqMTgCSFvClNNIaBA}{127.0.0.1}{127.0.0.1:9421}[mode=>network]], id[652], master [null], hasJoinedOnce [false], cluster_name[TEST-CHILD_VM=[0]-CLUSTER_SEED=[-8106659381411338889]-HASH=[14406DC76783A180]-cluster]}]
[2016-03-29 17:29:43,716][TRACE][org.elasticsearch.discovery.zen.ping.unicast] [node_t2] [1] received response from {#zen_unicast_6#}{::1}{[::1]:9420}: [ping_response{node [{node_t0}{nMu_6boQR--7IGHETEaC6A}{127.0.0.1}{127.0.0.1:9420}[mode=>network]], id[643], master [{node_t1}{JMRMCPFeQ-OI3jC4mS0RAA}{127.0.0.1}{127.0.0.1:9421}[mode=>network]], hasJoinedOnce [true], cluster_name[TEST-CHILD_VM=[0]-CLUSTER_SEED=[-8106659381411338889]-HASH=[14406DC76783A180]-cluster]}, ping_response{node [{node_t0}{nMu_6boQR--7IGHETEaC6A}{127.0.0.1}{127.0.0.1:9420}[mode=>network]], id[643], master [{node_t1}{JMRMCPFeQ-OI3jC4mS0RAA}{127.0.0.1}{127.0.0.1:9421}[mode=>network]], hasJoinedOnce [true], cluster_name[TEST-CHILD_VM=[0]-CLUSTER_SEED=[-8106659381411338889]-HASH=[14406DC76783A180]-cluster]}, ping_response{node [{node_t0}{nMu_6boQR--7IGHETEaC6A}{127.0.0.1}{127.0.0.1:9420}[mode=>network]], id[643], master [{node_t1}{JMRMCPFeQ-OI3jC4mS0RAA}{127.0.0.1}{127.0.0.1:9421}[mode=>network]], hasJoinedOnce [true], cluster_name[TEST-CHILD_VM=[0]-CLUSTER_SEED=[-8106659381411338889]-HASH=[14406DC76783A180]-cluster]}, ping_response{node [{node_t2}{F-u4jQqMTgCSFvClNNIaBA}{127.0.0.1}{127.0.0.1:9421}[mode=>network]], id[647], master [null], hasJoinedOnce [false], cluster_name[TEST-CHILD_VM=[0]-CLUSTER_SEED=[-8106659381411338889]-HASH=[14406DC76783A180]-cluster]}, ping_response{node [{node_t2}{F-u4jQqMTgCSFvClNNIaBA}{127.0.0.1}{127.0.0.1:9421}[mode=>network]], id[647], master [null], hasJoinedOnce [false], cluster_name[TEST-CHILD_VM=[0]-CLUSTER_SEED=[-8106659381411338889]-HASH=[14406DC76783A180]-cluster]}, ping_response{node [{node_t0}{nMu_6boQR--7IGHETEaC6A}{127.0.0.1}{127.0.0.1:9420}[mode=>network]], id[651], master [null], hasJoinedOnce [true], cluster_name[TEST-CHILD_VM=[0]-CLUSTER_SEED=[-8106659381411338889]-HASH=[14406DC76783A180]-cluster]}]
[2016-03-29 17:29:43,723][TRACE][org.elasticsearch.discovery.zen.ping.unicast] [node_t2] [1] connecting (light) to {#zen_unicast_10#}{::1}{[::1]:9424}
[2016-03-29 17:29:43,723][TRACE][org.elasticsearch.discovery.zen.ping.unicast] [node_t2] [1] failed to connect to {#zen_unicast_10#}{::1}{[::1]:9424}
ConnectTransportException[[][[::1]:9424] connect_timeout[30s]]; nested: ConnectException[Connection refused: /0:0:0:0:0:0:0:1:9424];
	at org.elasticsearch.transport.netty.NettyTransport.connectToChannelsLight(NettyTransport.java:954)
	at org.elasticsearch.transport.netty.NettyTransport.connectToNode(NettyTransport.java:918)
	at org.elasticsearch.transport.netty.NettyTransport.connectToNodeLight(NettyTransport.java:890)
	at org.elasticsearch.test.transport.MockTransportService$LookupTestTransport.connectToNodeLight(MockTransportService.java:413)
	at org.elasticsearch.transport.TransportService.connectToNodeLight(TransportService.java:242)
	at org.elasticsearch.discovery.zen.ping.unicast.UnicastZenPing$3.run(UnicastZenPing.java:395)
	at java.util.concurrent.ThreadPoolExecutor.runWorker(ThreadPoolExecutor.java:1142)
	at java.util.concurrent.ThreadPoolExecutor$Worker.run(ThreadPoolExecutor.java:617)
	at java.lang.Thread.run(Thread.java:745)
Caused by: java.net.ConnectException: Connection refused: /0:0:0:0:0:0:0:1:9424
	at sun.nio.ch.SocketChannelImpl.checkConnect(Native Method)
	at sun.nio.ch.SocketChannelImpl.finishConnect(SocketChannelImpl.java:712)
	at org.jboss.netty.channel.socket.nio.NioClientBoss.connect(NioClientBoss.java:152)
	at org.jboss.netty.channel.socket.nio.NioClientBoss.processSelectedKeys(NioClientBoss.java:105)
	at org.jboss.netty.channel.socket.nio.NioClientBoss.process(NioClientBoss.java:79)
	at org.jboss.netty.channel.socket.nio.AbstractNioSelector.run(AbstractNioSelector.java:337)
	at org.jboss.netty.channel.socket.nio.NioClientBoss.run(NioClientBoss.java:42)
	at org.jboss.netty.util.ThreadRenamingRunnable.run(ThreadRenamingRunnable.java:108)
	at org.jboss.netty.util.internal.DeadLockProofWorker$1.run(DeadLockProofWorker.java:42)
	... 3 more
[2016-03-29 17:29:43,730][TRACE][org.elasticsearch.discovery.zen.ping.unicast] [node_t0] [4] sending to {node_t0}{nMu_6boQR--7IGHETEaC6A}{127.0.0.1}{127.0.0.1:9420}[mode=>network]
[2016-03-29 17:29:43,731][TRACE][org.elasticsearch.discovery.zen.ping.unicast] [node_t0] [4] received response from {node_t0}{nMu_6boQR--7IGHETEaC6A}{127.0.0.1}{127.0.0.1:9420}[mode=>network]: [ping_response{node [{node_t0}{nMu_6boQR--7IGHETEaC6A}{127.0.0.1}{127.0.0.1:9420}[mode=>network]], id[643], master [{node_t1}{JMRMCPFeQ-OI3jC4mS0RAA}{127.0.0.1}{127.0.0.1:9421}[mode=>network]], hasJoinedOnce [true], cluster_name[TEST-CHILD_VM=[0]-CLUSTER_SEED=[-8106659381411338889]-HASH=[14406DC76783A180]-cluster]}, ping_response{node [{node_t0}{nMu_6boQR--7IGHETEaC6A}{127.0.0.1}{127.0.0.1:9420}[mode=>network]], id[643], master [{node_t1}{JMRMCPFeQ-OI3jC4mS0RAA}{127.0.0.1}{127.0.0.1:9421}[mode=>network]], hasJoinedOnce [true], cluster_name[TEST-CHILD_VM=[0]-CLUSTER_SEED=[-8106659381411338889]-HASH=[14406DC76783A180]-cluster]}, ping_response{node [{node_t0}{nMu_6boQR--7IGHETEaC6A}{127.0.0.1}{127.0.0.1:9420}[mode=>network]], id[643], master [{node_t1}{JMRMCPFeQ-OI3jC4mS0RAA}{127.0.0.1}{127.0.0.1:9421}[mode=>network]], hasJoinedOnce [true], cluster_name[TEST-CHILD_VM=[0]-CLUSTER_SEED=[-8106659381411338889]-HASH=[14406DC76783A180]-cluster]}, ping_response{node [{node_t2}{F-u4jQqMTgCSFvClNNIaBA}{127.0.0.1}{127.0.0.1:9421}[mode=>network]], id[647], master [null], hasJoinedOnce [false], cluster_name[TEST-CHILD_VM=[0]-CLUSTER_SEED=[-8106659381411338889]-HASH=[14406DC76783A180]-cluster]}, ping_response{node [{node_t2}{F-u4jQqMTgCSFvClNNIaBA}{127.0.0.1}{127.0.0.1:9421}[mode=>network]], id[647], master [null], hasJoinedOnce [false], cluster_name[TEST-CHILD_VM=[0]-CLUSTER_SEED=[-8106659381411338889]-HASH=[14406DC76783A180]-cluster]}, ping_response{node [{node_t0}{nMu_6boQR--7IGHETEaC6A}{127.0.0.1}{127.0.0.1:9420}[mode=>network]], id[653], master [null], hasJoinedOnce [true], cluster_name[TEST-CHILD_VM=[0]-CLUSTER_SEED=[-8106659381411338889]-HASH=[14406DC76783A180]-cluster]}, ping_response{node [{node_t0}{nMu_6boQR--7IGHETEaC6A}{127.0.0.1}{127.0.0.1:9420}[mode=>network]], id[654], master [null], hasJoinedOnce [true], cluster_name[TEST-CHILD_VM=[0]-CLUSTER_SEED=[-8106659381411338889]-HASH=[14406DC76783A180]-cluster]}]
[2016-03-29 17:29:43,731][TRACE][org.elasticsearch.discovery.zen.ping.unicast] [node_t0] [4] sending to {#zen_unicast_6#}{::1}{[::1]:9420}
[2016-03-29 17:29:43,731][TRACE][org.elasticsearch.discovery.zen.ping.unicast] [node_t0] [4] connecting (light) to {#zen_unicast_2#}{127.0.0.1}{127.0.0.1:9421}
[2016-03-29 17:29:43,731][TRACE][org.elasticsearch.discovery.zen.ping.unicast] [node_t0] [4] connecting (light) to {#zen_unicast_3#}{127.0.0.1}{127.0.0.1:9422}
[2016-03-29 17:29:43,731][TRACE][org.elasticsearch.discovery.zen.ping.unicast] [node_t0] [4] connecting (light) to {#zen_unicast_5#}{127.0.0.1}{127.0.0.1:9424}
[2016-03-29 17:29:43,731][TRACE][org.elasticsearch.discovery.zen.ping.unicast] [node_t0] [4] connecting (light) to {#zen_unicast_7#}{::1}{[::1]:9421}
[2016-03-29 17:29:43,731][TRACE][org.elasticsearch.discovery.zen.ping.unicast] [node_t0] [4] connecting (light) to {#zen_unicast_8#}{::1}{[::1]:9422}
[2016-03-29 17:29:43,731][TRACE][org.elasticsearch.discovery.zen.ping.unicast] [node_t0] replacing {node_t2}{F-u4jQqMTgCSFvClNNIaBA}{127.0.0.1}{127.0.0.1:9421}[mode=>network] with temp node {#zen_unicast_12_F-u4jQqMTgCSFvClNNIaBA#}{127.0.0.1}{127.0.0.1:9421}[mode=>network]
[2016-03-29 17:29:43,731][TRACE][org.elasticsearch.discovery.zen.ping.unicast] [node_t0] [4] connecting (light) to {#zen_unicast_9#}{::1}{[::1]:9423}
[2016-03-29 17:29:43,731][TRACE][org.elasticsearch.discovery.zen.ping.unicast] [node_t0] [4] connecting (light) to {#zen_unicast_12_F-u4jQqMTgCSFvClNNIaBA#}{127.0.0.1}{127.0.0.1:9421}[mode=>network]
[2016-03-29 17:29:43,731][TRACE][org.elasticsearch.discovery.zen.ping.unicast] [node_t0] [4] connecting (light) to {#zen_unicast_4#}{127.0.0.1}{127.0.0.1:9423}
[2016-03-29 17:29:43,731][TRACE][org.elasticsearch.discovery.zen.ping.unicast] [node_t0] [4] sending to {node_t0}{nMu_6boQR--7IGHETEaC6A}{127.0.0.1}{127.0.0.1:9420}[mode=>network]
[2016-03-29 17:29:43,731][TRACE][org.elasticsearch.discovery.zen.ping.unicast] [node_t0] [4] received response from {node_t0}{nMu_6boQR--7IGHETEaC6A}{127.0.0.1}{127.0.0.1:9420}[mode=>network]: [ping_response{node [{node_t0}{nMu_6boQR--7IGHETEaC6A}{127.0.0.1}{127.0.0.1:9420}[mode=>network]], id[643], master [{node_t1}{JMRMCPFeQ-OI3jC4mS0RAA}{127.0.0.1}{127.0.0.1:9421}[mode=>network]], hasJoinedOnce [true], cluster_name[TEST-CHILD_VM=[0]-CLUSTER_SEED=[-8106659381411338889]-HASH=[14406DC76783A180]-cluster]}, ping_response{node [{node_t0}{nMu_6boQR--7IGHETEaC6A}{127.0.0.1}{127.0.0.1:9420}[mode=>network]], id[643], master [{node_t1}{JMRMCPFeQ-OI3jC4mS0RAA}{127.0.0.1}{127.0.0.1:9421}[mode=>network]], hasJoinedOnce [true], cluster_name[TEST-CHILD_VM=[0]-CLUSTER_SEED=[-8106659381411338889]-HASH=[14406DC76783A180]-cluster]}, ping_response{node [{node_t0}{nMu_6boQR--7IGHETEaC6A}{127.0.0.1}{127.0.0.1:9420}[mode=>network]], id[643], master [{node_t1}{JMRMCPFeQ-OI3jC4mS0RAA}{127.0.0.1}{127.0.0.1:9421}[mode=>network]], hasJoinedOnce [true], cluster_name[TEST-CHILD_VM=[0]-CLUSTER_SEED=[-8106659381411338889]-HASH=[14406DC76783A180]-cluster]}, ping_response{node [{node_t2}{F-u4jQqMTgCSFvClNNIaBA}{127.0.0.1}{127.0.0.1:9421}[mode=>network]], id[647], master [null], hasJoinedOnce [false], cluster_name[TEST-CHILD_VM=[0]-CLUSTER_SEED=[-8106659381411338889]-HASH=[14406DC76783A180]-cluster]}, ping_response{node [{node_t2}{F-u4jQqMTgCSFvClNNIaBA}{127.0.0.1}{127.0.0.1:9421}[mode=>network]], id[647], master [null], hasJoinedOnce [false], cluster_name[TEST-CHILD_VM=[0]-CLUSTER_SEED=[-8106659381411338889]-HASH=[14406DC76783A180]-cluster]}, ping_response{node [{node_t0}{nMu_6boQR--7IGHETEaC6A}{127.0.0.1}{127.0.0.1:9420}[mode=>network]], id[653], master [null], hasJoinedOnce [true], cluster_name[TEST-CHILD_VM=[0]-CLUSTER_SEED=[-8106659381411338889]-HASH=[14406DC76783A180]-cluster]}, ping_response{node [{node_t0}{nMu_6boQR--7IGHETEaC6A}{127.0.0.1}{127.0.0.1:9420}[mode=>network]], id[653], master [null], hasJoinedOnce [true], cluster_name[TEST-CHILD_VM=[0]-CLUSTER_SEED=[-8106659381411338889]-HASH=[14406DC76783A180]-cluster]}, ping_response{node [{node_t0}{nMu_6boQR--7IGHETEaC6A}{127.0.0.1}{127.0.0.1:9420}[mode=>network]], id[653], master [null], hasJoinedOnce [true], cluster_name[TEST-CHILD_VM=[0]-CLUSTER_SEED=[-8106659381411338889]-HASH=[14406DC76783A180]-cluster]}, ping_response{node [{node_t0}{nMu_6boQR--7IGHETEaC6A}{127.0.0.1}{127.0.0.1:9420}[mode=>network]], id[656], master [null], hasJoinedOnce [true], cluster_name[TEST-CHILD_VM=[0]-CLUSTER_SEED=[-8106659381411338889]-HASH=[14406DC76783A180]-cluster]}]
[2016-03-29 17:29:43,731][TRACE][org.elasticsearch.discovery.zen.ping.unicast] [node_t0] [4] failed to connect to {#zen_unicast_5#}{127.0.0.1}{127.0.0.1:9424}
ConnectTransportException[[][127.0.0.1:9424] connect_timeout[30s]]; nested: ConnectException[Connection refused: /127.0.0.1:9424];
	at org.elasticsearch.transport.netty.NettyTransport.connectToChannelsLight(NettyTransport.java:954)
	at org.elasticsearch.transport.netty.NettyTransport.connectToNode(NettyTransport.java:918)
	at org.elasticsearch.transport.netty.NettyTransport.connectToNodeLight(NettyTransport.java:890)
	at org.elasticsearch.test.transport.MockTransportService$LookupTestTransport.connectToNodeLight(MockTransportService.java:413)
	at org.elasticsearch.transport.TransportService.connectToNodeLight(TransportService.java:242)
	at org.elasticsearch.discovery.zen.ping.unicast.UnicastZenPing$3.run(UnicastZenPing.java:395)
	at java.util.concurrent.ThreadPoolExecutor.runWorker(ThreadPoolExecutor.java:1142)
	at java.util.concurrent.ThreadPoolExecutor$Worker.run(ThreadPoolExecutor.java:617)
	at java.lang.Thread.run(Thread.java:745)
Caused by: java.net.ConnectException: Connection refused: /127.0.0.1:9424
	at sun.nio.ch.SocketChannelImpl.checkConnect(Native Method)
	at sun.nio.ch.SocketChannelImpl.finishConnect(SocketChannelImpl.java:712)
	at org.jboss.netty.channel.socket.nio.NioClientBoss.connect(NioClientBoss.java:152)
	at org.jboss.netty.channel.socket.nio.NioClientBoss.processSelectedKeys(NioClientBoss.java:105)
	at org.jboss.netty.channel.socket.nio.NioClientBoss.process(NioClientBoss.java:79)
	at org.jboss.netty.channel.socket.nio.AbstractNioSelector.run(AbstractNioSelector.java:337)
	at org.jboss.netty.channel.socket.nio.NioClientBoss.run(NioClientBoss.java:42)
	at org.jboss.netty.util.ThreadRenamingRunnable.run(ThreadRenamingRunnable.java:108)
	at org.jboss.netty.util.internal.DeadLockProofWorker$1.run(DeadLockProofWorker.java:42)
	... 3 more
[2016-03-29 17:29:43,732][TRACE][org.elasticsearch.discovery.zen.ping.unicast] [node_t0] [4] failed to connect to {#zen_unicast_9#}{::1}{[::1]:9423}
ConnectTransportException[[][[::1]:9423] connect_timeout[30s]]; nested: ConnectException[Connection refused: /0:0:0:0:0:0:0:1:9423];
	at org.elasticsearch.transport.netty.NettyTransport.connectToChannelsLight(NettyTransport.java:954)
	at org.elasticsearch.transport.netty.NettyTransport.connectToNode(NettyTransport.java:918)
	at org.elasticsearch.transport.netty.NettyTransport.connectToNodeLight(NettyTransport.java:890)
	at org.elasticsearch.test.transport.MockTransportService$LookupTestTransport.connectToNodeLight(MockTransportService.java:413)
	at org.elasticsearch.transport.TransportService.connectToNodeLight(TransportService.java:242)
	at org.elasticsearch.discovery.zen.ping.unicast.UnicastZenPing$3.run(UnicastZenPing.java:395)
	at java.util.concurrent.ThreadPoolExecutor.runWorker(ThreadPoolExecutor.java:1142)
	at java.util.concurrent.ThreadPoolExecutor$Worker.run(ThreadPoolExecutor.java:617)
	at java.lang.Thread.run(Thread.java:745)
Caused by: java.net.ConnectException: Connection refused: /0:0:0:0:0:0:0:1:9423
	at sun.nio.ch.SocketChannelImpl.checkConnect(Native Method)
	at sun.nio.ch.SocketChannelImpl.finishConnect(SocketChannelImpl.java:712)
	at org.jboss.netty.channel.socket.nio.NioClientBoss.connect(NioClientBoss.java:152)
	at org.jboss.netty.channel.socket.nio.NioClientBoss.processSelectedKeys(NioClientBoss.java:105)
	at org.jboss.netty.channel.socket.nio.NioClientBoss.process(NioClientBoss.java:79)
	at org.jboss.netty.channel.socket.nio.AbstractNioSelector.run(AbstractNioSelector.java:337)
	at org.jboss.netty.channel.socket.nio.NioClientBoss.run(NioClientBoss.java:42)
	at org.jboss.netty.util.ThreadRenamingRunnable.run(ThreadRenamingRunnable.java:108)
	at org.jboss.netty.util.internal.DeadLockProofWorker$1.run(DeadLockProofWorker.java:42)
	... 3 more
[2016-03-29 17:29:43,731][TRACE][org.elasticsearch.discovery.zen.ping.unicast] [node_t0] [4] connecting (light) to {#zen_unicast_10#}{::1}{[::1]:9424}
[2016-03-29 17:29:43,732][TRACE][org.elasticsearch.discovery.zen.ping.unicast] [node_t0] [4] failed to connect to {#zen_unicast_4#}{127.0.0.1}{127.0.0.1:9423}
ConnectTransportException[[][127.0.0.1:9423] connect_timeout[30s]]; nested: ConnectException[Connection refused: /127.0.0.1:9423];
	at org.elasticsearch.transport.netty.NettyTransport.connectToChannelsLight(NettyTransport.java:954)
	at org.elasticsearch.transport.netty.NettyTransport.connectToNode(NettyTransport.java:918)
	at org.elasticsearch.transport.netty.NettyTransport.connectToNodeLight(NettyTransport.java:890)
	at org.elasticsearch.test.transport.MockTransportService$LookupTestTransport.connectToNodeLight(MockTransportService.java:413)
	at org.elasticsearch.transport.TransportService.connectToNodeLight(TransportService.java:242)
	at org.elasticsearch.discovery.zen.ping.unicast.UnicastZenPing$3.run(UnicastZenPing.java:395)
	at java.util.concurrent.ThreadPoolExecutor.runWorker(ThreadPoolExecutor.java:1142)
	at java.util.concurrent.ThreadPoolExecutor$Worker.run(ThreadPoolExecutor.java:617)
	at java.lang.Thread.run(Thread.java:745)
Caused by: java.net.ConnectException: Connection refused: /127.0.0.1:9423
	at sun.nio.ch.SocketChannelImpl.checkConnect(Native Method)
	at sun.nio.ch.SocketChannelImpl.finishConnect(SocketChannelImpl.java:712)
	at org.jboss.netty.channel.socket.nio.NioClientBoss.connect(NioClientBoss.java:152)
	at org.jboss.netty.channel.socket.nio.NioClientBoss.processSelectedKeys(NioClientBoss.java:105)
	at org.jboss.netty.channel.socket.nio.NioClientBoss.process(NioClientBoss.java:79)
	at org.jboss.netty.channel.socket.nio.AbstractNioSelector.run(AbstractNioSelector.java:337)
	at org.jboss.netty.channel.socket.nio.NioClientBoss.run(NioClientBoss.java:42)
	at org.jboss.netty.util.ThreadRenamingRunnable.run(ThreadRenamingRunnable.java:108)
	at org.jboss.netty.util.internal.DeadLockProofWorker$1.run(DeadLockProofWorker.java:42)
	... 3 more
[2016-03-29 17:29:43,732][TRACE][org.elasticsearch.discovery.zen.ping.unicast] [node_t0] [4] failed to connect to {#zen_unicast_8#}{::1}{[::1]:9422}
ConnectTransportException[[][[::1]:9422] connect_timeout[30s]]; nested: ConnectException[Connection refused: /0:0:0:0:0:0:0:1:9422];
	at org.elasticsearch.transport.netty.NettyTransport.connectToChannelsLight(NettyTransport.java:954)
	at org.elasticsearch.transport.netty.NettyTransport.connectToNode(NettyTransport.java:918)
	at org.elasticsearch.transport.netty.NettyTransport.connectToNodeLight(NettyTransport.java:890)
	at org.elasticsearch.test.transport.MockTransportService$LookupTestTransport.connectToNodeLight(MockTransportService.java:413)
	at org.elasticsearch.transport.TransportService.connectToNodeLight(TransportService.java:242)
	at org.elasticsearch.discovery.zen.ping.unicast.UnicastZenPing$3.run(UnicastZenPing.java:395)
	at java.util.concurrent.ThreadPoolExecutor.runWorker(ThreadPoolExecutor.java:1142)
	at java.util.concurrent.ThreadPoolExecutor$Worker.run(ThreadPoolExecutor.java:617)
	at java.lang.Thread.run(Thread.java:745)
Caused by: java.net.ConnectException: Connection refused: /0:0:0:0:0:0:0:1:9422
	at sun.nio.ch.SocketChannelImpl.checkConnect(Native Method)
	at sun.nio.ch.SocketChannelImpl.finishConnect(SocketChannelImpl.java:712)
	at org.jboss.netty.channel.socket.nio.NioClientBoss.connect(NioClientBoss.java:152)
	at org.jboss.netty.channel.socket.nio.NioClientBoss.processSelectedKeys(NioClientBoss.java:105)
	at org.jboss.netty.channel.socket.nio.NioClientBoss.process(NioClientBoss.java:79)
	at org.jboss.netty.channel.socket.nio.AbstractNioSelector.run(AbstractNioSelector.java:337)
	at org.jboss.netty.channel.socket.nio.NioClientBoss.run(NioClientBoss.java:42)
	at org.jboss.netty.util.ThreadRenamingRunnable.run(ThreadRenamingRunnable.java:108)
	at org.jboss.netty.util.internal.DeadLockProofWorker$1.run(DeadLockProofWorker.java:42)
	... 3 more
[2016-03-29 17:29:43,731][TRACE][org.elasticsearch.discovery.zen.ping.unicast] [node_t0] [4] failed to connect to {#zen_unicast_3#}{127.0.0.1}{127.0.0.1:9422}
ConnectTransportException[[][127.0.0.1:9422] connect_timeout[30s]]; nested: ConnectException[Connection refused: /127.0.0.1:9422];
	at org.elasticsearch.transport.netty.NettyTransport.connectToChannelsLight(NettyTransport.java:954)
	at org.elasticsearch.transport.netty.NettyTransport.connectToNode(NettyTransport.java:918)
	at org.elasticsearch.transport.netty.NettyTransport.connectToNodeLight(NettyTransport.java:890)
	at org.elasticsearch.test.transport.MockTransportService$LookupTestTransport.connectToNodeLight(MockTransportService.java:413)
	at org.elasticsearch.transport.TransportService.connectToNodeLight(TransportService.java:242)
	at org.elasticsearch.discovery.zen.ping.unicast.UnicastZenPing$3.run(UnicastZenPing.java:395)
	at java.util.concurrent.ThreadPoolExecutor.runWorker(ThreadPoolExecutor.java:1142)
	at java.util.concurrent.ThreadPoolExecutor$Worker.run(ThreadPoolExecutor.java:617)
	at java.lang.Thread.run(Thread.java:745)
Caused by: java.net.ConnectException: Connection refused: /127.0.0.1:9422
	at sun.nio.ch.SocketChannelImpl.checkConnect(Native Method)
	at sun.nio.ch.SocketChannelImpl.finishConnect(SocketChannelImpl.java:712)
	at org.jboss.netty.channel.socket.nio.NioClientBoss.connect(NioClientBoss.java:152)
	at org.jboss.netty.channel.socket.nio.NioClientBoss.processSelectedKeys(NioClientBoss.java:105)
	at org.jboss.netty.channel.socket.nio.NioClientBoss.process(NioClientBoss.java:79)
	at org.jboss.netty.channel.socket.nio.AbstractNioSelector.run(AbstractNioSelector.java:337)
	at org.jboss.netty.channel.socket.nio.NioClientBoss.run(NioClientBoss.java:42)
	at org.jboss.netty.util.ThreadRenamingRunnable.run(ThreadRenamingRunnable.java:108)
	at org.jboss.netty.util.internal.DeadLockProofWorker$1.run(DeadLockProofWorker.java:42)
	... 3 more
[2016-03-29 17:29:43,731][TRACE][org.elasticsearch.discovery.zen.ping.unicast] [node_t0] [4] received response from {#zen_unicast_6#}{::1}{[::1]:9420}: [ping_response{node [{node_t0}{nMu_6boQR--7IGHETEaC6A}{127.0.0.1}{127.0.0.1:9420}[mode=>network]], id[643], master [{node_t1}{JMRMCPFeQ-OI3jC4mS0RAA}{127.0.0.1}{127.0.0.1:9421}[mode=>network]], hasJoinedOnce [true], cluster_name[TEST-CHILD_VM=[0]-CLUSTER_SEED=[-8106659381411338889]-HASH=[14406DC76783A180]-cluster]}, ping_response{node [{node_t0}{nMu_6boQR--7IGHETEaC6A}{127.0.0.1}{127.0.0.1:9420}[mode=>network]], id[643], master [{node_t1}{JMRMCPFeQ-OI3jC4mS0RAA}{127.0.0.1}{127.0.0.1:9421}[mode=>network]], hasJoinedOnce [true], cluster_name[TEST-CHILD_VM=[0]-CLUSTER_SEED=[-8106659381411338889]-HASH=[14406DC76783A180]-cluster]}, ping_response{node [{node_t0}{nMu_6boQR--7IGHETEaC6A}{127.0.0.1}{127.0.0.1:9420}[mode=>network]], id[643], master [{node_t1}{JMRMCPFeQ-OI3jC4mS0RAA}{127.0.0.1}{127.0.0.1:9421}[mode=>network]], hasJoinedOnce [true], cluster_name[TEST-CHILD_VM=[0]-CLUSTER_SEED=[-8106659381411338889]-HASH=[14406DC76783A180]-cluster]}, ping_response{node [{node_t2}{F-u4jQqMTgCSFvClNNIaBA}{127.0.0.1}{127.0.0.1:9421}[mode=>network]], id[647], master [null], hasJoinedOnce [false], cluster_name[TEST-CHILD_VM=[0]-CLUSTER_SEED=[-8106659381411338889]-HASH=[14406DC76783A180]-cluster]}, ping_response{node [{node_t2}{F-u4jQqMTgCSFvClNNIaBA}{127.0.0.1}{127.0.0.1:9421}[mode=>network]], id[647], master [null], hasJoinedOnce [false], cluster_name[TEST-CHILD_VM=[0]-CLUSTER_SEED=[-8106659381411338889]-HASH=[14406DC76783A180]-cluster]}, ping_response{node [{node_t0}{nMu_6boQR--7IGHETEaC6A}{127.0.0.1}{127.0.0.1:9420}[mode=>network]], id[653], master [null], hasJoinedOnce [true], cluster_name[TEST-CHILD_VM=[0]-CLUSTER_SEED=[-8106659381411338889]-HASH=[14406DC76783A180]-cluster]}, ping_response{node [{node_t0}{nMu_6boQR--7IGHETEaC6A}{127.0.0.1}{127.0.0.1:9420}[mode=>network]], id[653], master [null], hasJoinedOnce [true], cluster_name[TEST-CHILD_VM=[0]-CLUSTER_SEED=[-8106659381411338889]-HASH=[14406DC76783A180]-cluster]}, ping_response{node [{node_t0}{nMu_6boQR--7IGHETEaC6A}{127.0.0.1}{127.0.0.1:9420}[mode=>network]], id[655], master [null], hasJoinedOnce [true], cluster_name[TEST-CHILD_VM=[0]-CLUSTER_SEED=[-8106659381411338889]-HASH=[14406DC76783A180]-cluster]}]
[2016-03-29 17:29:43,732][TRACE][org.elasticsearch.discovery.zen.ping.unicast] [node_t0] [4] failed to connect to {#zen_unicast_10#}{::1}{[::1]:9424}
ConnectTransportException[[][[::1]:9424] connect_timeout[30s]]; nested: ConnectException[Connection refused: /0:0:0:0:0:0:0:1:9424];
	at org.elasticsearch.transport.netty.NettyTransport.connectToChannelsLight(NettyTransport.java:954)
	at org.elasticsearch.transport.netty.NettyTransport.connectToNode(NettyTransport.java:918)
	at org.elasticsearch.transport.netty.NettyTransport.connectToNodeLight(NettyTransport.java:890)
	at org.elasticsearch.test.transport.MockTransportService$LookupTestTransport.connectToNodeLight(MockTransportService.java:413)
	at org.elasticsearch.transport.TransportService.connectToNodeLight(TransportService.java:242)
	at org.elasticsearch.discovery.zen.ping.unicast.UnicastZenPing$3.run(UnicastZenPing.java:395)
	at java.util.concurrent.ThreadPoolExecutor.runWorker(ThreadPoolExecutor.java:1142)
	at java.util.concurrent.ThreadPoolExecutor$Worker.run(ThreadPoolExecutor.java:617)
	at java.lang.Thread.run(Thread.java:745)
Caused by: java.net.ConnectException: Connection refused: /0:0:0:0:0:0:0:1:9424
	at sun.nio.ch.SocketChannelImpl.checkConnect(Native Method)
	at sun.nio.ch.SocketChannelImpl.finishConnect(SocketChannelImpl.java:712)
	at org.jboss.netty.channel.socket.nio.NioClientBoss.connect(NioClientBoss.java:152)
	at org.jboss.netty.channel.socket.nio.NioClientBoss.processSelectedKeys(NioClientBoss.java:105)
	at org.jboss.netty.channel.socket.nio.NioClientBoss.process(NioClientBoss.java:79)
	at org.jboss.netty.channel.socket.nio.AbstractNioSelector.run(AbstractNioSelector.java:337)
	at org.jboss.netty.channel.socket.nio.NioClientBoss.run(NioClientBoss.java:42)
	at org.jboss.netty.util.ThreadRenamingRunnable.run(ThreadRenamingRunnable.java:108)
	at org.jboss.netty.util.internal.DeadLockProofWorker$1.run(DeadLockProofWorker.java:42)
	... 3 more
[2016-03-29 17:29:43,733][TRACE][org.elasticsearch.discovery.zen.ping.unicast] [node_t0] [4] connected to {#zen_unicast_7#}{::1}{[::1]:9421}
[2016-03-29 17:29:43,733][TRACE][org.elasticsearch.discovery.zen.ping.unicast] [node_t0] [4] connected to {node_t2}{F-u4jQqMTgCSFvClNNIaBA}{127.0.0.1}{127.0.0.1:9421}[mode=>network]
[2016-03-29 17:29:43,733][TRACE][org.elasticsearch.discovery.zen.ping.unicast] [node_t0] [4] sending to {#zen_unicast_12_F-u4jQqMTgCSFvClNNIaBA#}{127.0.0.1}{127.0.0.1:9421}[mode=>network]
[2016-03-29 17:29:43,733][TRACE][org.elasticsearch.discovery.zen.ping.unicast] [node_t0] [4] sending to {#zen_unicast_7#}{::1}{[::1]:9421}
[2016-03-29 17:29:43,733][TRACE][org.elasticsearch.discovery.zen.ping.unicast] [node_t0] [4] connected to {#zen_unicast_2#}{127.0.0.1}{127.0.0.1:9421}
[2016-03-29 17:29:43,734][TRACE][org.elasticsearch.discovery.zen.ping.unicast] [node_t0] [4] sending to {#zen_unicast_2#}{127.0.0.1}{127.0.0.1:9421}
[2016-03-29 17:29:43,734][TRACE][org.elasticsearch.discovery.zen.ping.unicast] [node_t0] [4] received response from {#zen_unicast_12_F-u4jQqMTgCSFvClNNIaBA#}{127.0.0.1}{127.0.0.1:9421}[mode=>network]: [ping_response{node [{node_t2}{F-u4jQqMTgCSFvClNNIaBA}{127.0.0.1}{127.0.0.1:9421}[mode=>network]], id[647], master [null], hasJoinedOnce [false], cluster_name[TEST-CHILD_VM=[0]-CLUSTER_SEED=[-8106659381411338889]-HASH=[14406DC76783A180]-cluster]}, ping_response{node [{node_t2}{F-u4jQqMTgCSFvClNNIaBA}{127.0.0.1}{127.0.0.1:9421}[mode=>network]], id[647], master [null], hasJoinedOnce [false], cluster_name[TEST-CHILD_VM=[0]-CLUSTER_SEED=[-8106659381411338889]-HASH=[14406DC76783A180]-cluster]}, ping_response{node [{node_t2}{F-u4jQqMTgCSFvClNNIaBA}{127.0.0.1}{127.0.0.1:9421}[mode=>network]], id[647], master [null], hasJoinedOnce [false], cluster_name[TEST-CHILD_VM=[0]-CLUSTER_SEED=[-8106659381411338889]-HASH=[14406DC76783A180]-cluster]}, ping_response{node [{node_t0}{nMu_6boQR--7IGHETEaC6A}{127.0.0.1}{127.0.0.1:9420}[mode=>network]], id[653], master [null], hasJoinedOnce [true], cluster_name[TEST-CHILD_VM=[0]-CLUSTER_SEED=[-8106659381411338889]-HASH=[14406DC76783A180]-cluster]}, ping_response{node [{node_t2}{F-u4jQqMTgCSFvClNNIaBA}{127.0.0.1}{127.0.0.1:9421}[mode=>network]], id[657], master [null], hasJoinedOnce [false], cluster_name[TEST-CHILD_VM=[0]-CLUSTER_SEED=[-8106659381411338889]-HASH=[14406DC76783A180]-cluster]}]
[2016-03-29 17:29:43,734][TRACE][org.elasticsearch.discovery.zen.ping.unicast] [node_t0] [4] received response from {#zen_unicast_2#}{127.0.0.1}{127.0.0.1:9421}: [ping_response{node [{node_t2}{F-u4jQqMTgCSFvClNNIaBA}{127.0.0.1}{127.0.0.1:9421}[mode=>network]], id[647], master [null], hasJoinedOnce [false], cluster_name[TEST-CHILD_VM=[0]-CLUSTER_SEED=[-8106659381411338889]-HASH=[14406DC76783A180]-cluster]}, ping_response{node [{node_t2}{F-u4jQqMTgCSFvClNNIaBA}{127.0.0.1}{127.0.0.1:9421}[mode=>network]], id[647], master [null], hasJoinedOnce [false], cluster_name[TEST-CHILD_VM=[0]-CLUSTER_SEED=[-8106659381411338889]-HASH=[14406DC76783A180]-cluster]}, ping_response{node [{node_t2}{F-u4jQqMTgCSFvClNNIaBA}{127.0.0.1}{127.0.0.1:9421}[mode=>network]], id[647], master [null], hasJoinedOnce [false], cluster_name[TEST-CHILD_VM=[0]-CLUSTER_SEED=[-8106659381411338889]-HASH=[14406DC76783A180]-cluster]}, ping_response{node [{node_t0}{nMu_6boQR--7IGHETEaC6A}{127.0.0.1}{127.0.0.1:9420}[mode=>network]], id[653], master [null], hasJoinedOnce [true], cluster_name[TEST-CHILD_VM=[0]-CLUSTER_SEED=[-8106659381411338889]-HASH=[14406DC76783A180]-cluster]}, ping_response{node [{node_t0}{nMu_6boQR--7IGHETEaC6A}{127.0.0.1}{127.0.0.1:9420}[mode=>network]], id[653], master [null], hasJoinedOnce [true], cluster_name[TEST-CHILD_VM=[0]-CLUSTER_SEED=[-8106659381411338889]-HASH=[14406DC76783A180]-cluster]}, ping_response{node [{node_t0}{nMu_6boQR--7IGHETEaC6A}{127.0.0.1}{127.0.0.1:9420}[mode=>network]], id[653], master [null], hasJoinedOnce [true], cluster_name[TEST-CHILD_VM=[0]-CLUSTER_SEED=[-8106659381411338889]-HASH=[14406DC76783A180]-cluster]}, ping_response{node [{node_t2}{F-u4jQqMTgCSFvClNNIaBA}{127.0.0.1}{127.0.0.1:9421}[mode=>network]], id[659], master [null], hasJoinedOnce [false], cluster_name[TEST-CHILD_VM=[0]-CLUSTER_SEED=[-8106659381411338889]-HASH=[14406DC76783A180]-cluster]}]
[2016-03-29 17:29:43,734][TRACE][org.elasticsearch.discovery.zen.ping.unicast] [node_t0] [4] received response from {#zen_unicast_7#}{::1}{[::1]:9421}: [ping_response{node [{node_t2}{F-u4jQqMTgCSFvClNNIaBA}{127.0.0.1}{127.0.0.1:9421}[mode=>network]], id[647], master [null], hasJoinedOnce [false], cluster_name[TEST-CHILD_VM=[0]-CLUSTER_SEED=[-8106659381411338889]-HASH=[14406DC76783A180]-cluster]}, ping_response{node [{node_t2}{F-u4jQqMTgCSFvClNNIaBA}{127.0.0.1}{127.0.0.1:9421}[mode=>network]], id[647], master [null], hasJoinedOnce [false], cluster_name[TEST-CHILD_VM=[0]-CLUSTER_SEED=[-8106659381411338889]-HASH=[14406DC76783A180]-cluster]}, ping_response{node [{node_t2}{F-u4jQqMTgCSFvClNNIaBA}{127.0.0.1}{127.0.0.1:9421}[mode=>network]], id[647], master [null], hasJoinedOnce [false], cluster_name[TEST-CHILD_VM=[0]-CLUSTER_SEED=[-8106659381411338889]-HASH=[14406DC76783A180]-cluster]}, ping_response{node [{node_t0}{nMu_6boQR--7IGHETEaC6A}{127.0.0.1}{127.0.0.1:9420}[mode=>network]], id[653], master [null], hasJoinedOnce [true], cluster_name[TEST-CHILD_VM=[0]-CLUSTER_SEED=[-8106659381411338889]-HASH=[14406DC76783A180]-cluster]}, ping_response{node [{node_t0}{nMu_6boQR--7IGHETEaC6A}{127.0.0.1}{127.0.0.1:9420}[mode=>network]], id[653], master [null], hasJoinedOnce [true], cluster_name[TEST-CHILD_VM=[0]-CLUSTER_SEED=[-8106659381411338889]-HASH=[14406DC76783A180]-cluster]}, ping_response{node [{node_t2}{F-u4jQqMTgCSFvClNNIaBA}{127.0.0.1}{127.0.0.1:9421}[mode=>network]], id[658], master [null], hasJoinedOnce [false], cluster_name[TEST-CHILD_VM=[0]-CLUSTER_SEED=[-8106659381411338889]-HASH=[14406DC76783A180]-cluster]}]
[2016-03-29 17:29:43,825][TRACE][org.elasticsearch.discovery.zen.ping.unicast] [node_t2] [1] sending to {#zen_unicast_1#}{127.0.0.1}{127.0.0.1:9420}
[2016-03-29 17:29:43,825][TRACE][org.elasticsearch.discovery.zen.ping.unicast] [node_t2] [1] sending to {node_t2}{F-u4jQqMTgCSFvClNNIaBA}{127.0.0.1}{127.0.0.1:9421}[mode=>network]
[2016-03-29 17:29:43,825][TRACE][org.elasticsearch.discovery.zen.ping.unicast] [node_t2] [1] received response from {node_t2}{F-u4jQqMTgCSFvClNNIaBA}{127.0.0.1}{127.0.0.1:9421}[mode=>network]: [ping_response{node [{node_t2}{F-u4jQqMTgCSFvClNNIaBA}{127.0.0.1}{127.0.0.1:9421}[mode=>network]], id[647], master [null], hasJoinedOnce [false], cluster_name[TEST-CHILD_VM=[0]-CLUSTER_SEED=[-8106659381411338889]-HASH=[14406DC76783A180]-cluster]}, ping_response{node [{node_t2}{F-u4jQqMTgCSFvClNNIaBA}{127.0.0.1}{127.0.0.1:9421}[mode=>network]], id[647], master [null], hasJoinedOnce [false], cluster_name[TEST-CHILD_VM=[0]-CLUSTER_SEED=[-8106659381411338889]-HASH=[14406DC76783A180]-cluster]}, ping_response{node [{node_t2}{F-u4jQqMTgCSFvClNNIaBA}{127.0.0.1}{127.0.0.1:9421}[mode=>network]], id[647], master [null], hasJoinedOnce [false], cluster_name[TEST-CHILD_VM=[0]-CLUSTER_SEED=[-8106659381411338889]-HASH=[14406DC76783A180]-cluster]}, ping_response{node [{node_t0}{nMu_6boQR--7IGHETEaC6A}{127.0.0.1}{127.0.0.1:9420}[mode=>network]], id[653], master [null], hasJoinedOnce [true], cluster_name[TEST-CHILD_VM=[0]-CLUSTER_SEED=[-8106659381411338889]-HASH=[14406DC76783A180]-cluster]}, ping_response{node [{node_t0}{nMu_6boQR--7IGHETEaC6A}{127.0.0.1}{127.0.0.1:9420}[mode=>network]], id[653], master [null], hasJoinedOnce [true], cluster_name[TEST-CHILD_VM=[0]-CLUSTER_SEED=[-8106659381411338889]-HASH=[14406DC76783A180]-cluster]}, ping_response{node [{node_t0}{nMu_6boQR--7IGHETEaC6A}{127.0.0.1}{127.0.0.1:9420}[mode=>network]], id[653], master [null], hasJoinedOnce [true], cluster_name[TEST-CHILD_VM=[0]-CLUSTER_SEED=[-8106659381411338889]-HASH=[14406DC76783A180]-cluster]}, ping_response{node [{node_t2}{F-u4jQqMTgCSFvClNNIaBA}{127.0.0.1}{127.0.0.1:9421}[mode=>network]], id[660], master [null], hasJoinedOnce [false], cluster_name[TEST-CHILD_VM=[0]-CLUSTER_SEED=[-8106659381411338889]-HASH=[14406DC76783A180]-cluster]}, ping_response{node [{node_t2}{F-u4jQqMTgCSFvClNNIaBA}{127.0.0.1}{127.0.0.1:9421}[mode=>network]], id[661], master [null], hasJoinedOnce [false], cluster_name[TEST-CHILD_VM=[0]-CLUSTER_SEED=[-8106659381411338889]-HASH=[14406DC76783A180]-cluster]}]
[2016-03-29 17:29:43,825][TRACE][org.elasticsearch.discovery.zen.ping.unicast] [node_t2] [1] sending to {#zen_unicast_6#}{::1}{[::1]:9420}
[2016-03-29 17:29:43,825][TRACE][org.elasticsearch.discovery.zen.ping.unicast] [node_t2] [1] connecting (light) to {#zen_unicast_3#}{127.0.0.1}{127.0.0.1:9422}
[2016-03-29 17:29:43,825][TRACE][org.elasticsearch.discovery.zen.ping.unicast] [node_t2] [1] connecting (light) to {#zen_unicast_4#}{127.0.0.1}{127.0.0.1:9423}
[2016-03-29 17:29:43,825][TRACE][org.elasticsearch.discovery.zen.ping.unicast] [node_t2] [1] connecting (light) to {#zen_unicast_5#}{127.0.0.1}{127.0.0.1:9424}
[2016-03-29 17:29:43,825][TRACE][org.elasticsearch.discovery.zen.ping.unicast] [node_t2] [1] received response from {#zen_unicast_1#}{127.0.0.1}{127.0.0.1:9420}: [ping_response{node [{node_t0}{nMu_6boQR--7IGHETEaC6A}{127.0.0.1}{127.0.0.1:9420}[mode=>network]], id[643], master [{node_t1}{JMRMCPFeQ-OI3jC4mS0RAA}{127.0.0.1}{127.0.0.1:9421}[mode=>network]], hasJoinedOnce [true], cluster_name[TEST-CHILD_VM=[0]-CLUSTER_SEED=[-8106659381411338889]-HASH=[14406DC76783A180]-cluster]}, ping_response{node [{node_t0}{nMu_6boQR--7IGHETEaC6A}{127.0.0.1}{127.0.0.1:9420}[mode=>network]], id[643], master [{node_t1}{JMRMCPFeQ-OI3jC4mS0RAA}{127.0.0.1}{127.0.0.1:9421}[mode=>network]], hasJoinedOnce [true], cluster_name[TEST-CHILD_VM=[0]-CLUSTER_SEED=[-8106659381411338889]-HASH=[14406DC76783A180]-cluster]}, ping_response{node [{node_t0}{nMu_6boQR--7IGHETEaC6A}{127.0.0.1}{127.0.0.1:9420}[mode=>network]], id[643], master [{node_t1}{JMRMCPFeQ-OI3jC4mS0RAA}{127.0.0.1}{127.0.0.1:9421}[mode=>network]], hasJoinedOnce [true], cluster_name[TEST-CHILD_VM=[0]-CLUSTER_SEED=[-8106659381411338889]-HASH=[14406DC76783A180]-cluster]}, ping_response{node [{node_t2}{F-u4jQqMTgCSFvClNNIaBA}{127.0.0.1}{127.0.0.1:9421}[mode=>network]], id[647], master [null], hasJoinedOnce [false], cluster_name[TEST-CHILD_VM=[0]-CLUSTER_SEED=[-8106659381411338889]-HASH=[14406DC76783A180]-cluster]}, ping_response{node [{node_t2}{F-u4jQqMTgCSFvClNNIaBA}{127.0.0.1}{127.0.0.1:9421}[mode=>network]], id[647], master [null], hasJoinedOnce [false], cluster_name[TEST-CHILD_VM=[0]-CLUSTER_SEED=[-8106659381411338889]-HASH=[14406DC76783A180]-cluster]}, ping_response{node [{node_t0}{nMu_6boQR--7IGHETEaC6A}{127.0.0.1}{127.0.0.1:9420}[mode=>network]], id[653], master [null], hasJoinedOnce [true], cluster_name[TEST-CHILD_VM=[0]-CLUSTER_SEED=[-8106659381411338889]-HASH=[14406DC76783A180]-cluster]}, ping_response{node [{node_t0}{nMu_6boQR--7IGHETEaC6A}{127.0.0.1}{127.0.0.1:9420}[mode=>network]], id[653], master [null], hasJoinedOnce [true], cluster_name[TEST-CHILD_VM=[0]-CLUSTER_SEED=[-8106659381411338889]-HASH=[14406DC76783A180]-cluster]}, ping_response{node [{node_t0}{nMu_6boQR--7IGHETEaC6A}{127.0.0.1}{127.0.0.1:9420}[mode=>network]], id[653], master [null], hasJoinedOnce [true], cluster_name[TEST-CHILD_VM=[0]-CLUSTER_SEED=[-8106659381411338889]-HASH=[14406DC76783A180]-cluster]}, ping_response{node [{node_t2}{F-u4jQqMTgCSFvClNNIaBA}{127.0.0.1}{127.0.0.1:9421}[mode=>network]], id[660], master [null], hasJoinedOnce [false], cluster_name[TEST-CHILD_VM=[0]-CLUSTER_SEED=[-8106659381411338889]-HASH=[14406DC76783A180]-cluster]}, ping_response{node [{node_t0}{nMu_6boQR--7IGHETEaC6A}{127.0.0.1}{127.0.0.1:9420}[mode=>network]], id[662], master [null], hasJoinedOnce [true], cluster_name[TEST-CHILD_VM=[0]-CLUSTER_SEED=[-8106659381411338889]-HASH=[14406DC76783A180]-cluster]}]
[2016-03-29 17:29:43,825][TRACE][org.elasticsearch.discovery.zen.ping.unicast] [node_t2] [1] sending to {#zen_unicast_7#}{::1}{[::1]:9421}
[2016-03-29 17:29:43,825][TRACE][org.elasticsearch.discovery.zen.ping.unicast] [node_t2] [1] received response from {#zen_unicast_6#}{::1}{[::1]:9420}: [ping_response{node [{node_t0}{nMu_6boQR--7IGHETEaC6A}{127.0.0.1}{127.0.0.1:9420}[mode=>network]], id[643], master [{node_t1}{JMRMCPFeQ-OI3jC4mS0RAA}{127.0.0.1}{127.0.0.1:9421}[mode=>network]], hasJoinedOnce [true], cluster_name[TEST-CHILD_VM=[0]-CLUSTER_SEED=[-8106659381411338889]-HASH=[14406DC76783A180]-cluster]}, ping_response{node [{node_t0}{nMu_6boQR--7IGHETEaC6A}{127.0.0.1}{127.0.0.1:9420}[mode=>network]], id[643], master [{node_t1}{JMRMCPFeQ-OI3jC4mS0RAA}{127.0.0.1}{127.0.0.1:9421}[mode=>network]], hasJoinedOnce [true], cluster_name[TEST-CHILD_VM=[0]-CLUSTER_SEED=[-8106659381411338889]-HASH=[14406DC76783A180]-cluster]}, ping_response{node [{node_t0}{nMu_6boQR--7IGHETEaC6A}{127.0.0.1}{127.0.0.1:9420}[mode=>network]], id[643], master [{node_t1}{JMRMCPFeQ-OI3jC4mS0RAA}{127.0.0.1}{127.0.0.1:9421}[mode=>network]], hasJoinedOnce [true], cluster_name[TEST-CHILD_VM=[0]-CLUSTER_SEED=[-8106659381411338889]-HASH=[14406DC76783A180]-cluster]}, ping_response{node [{node_t2}{F-u4jQqMTgCSFvClNNIaBA}{127.0.0.1}{127.0.0.1:9421}[mode=>network]], id[647], master [null], hasJoinedOnce [false], cluster_name[TEST-CHILD_VM=[0]-CLUSTER_SEED=[-8106659381411338889]-HASH=[14406DC76783A180]-cluster]}, ping_response{node [{node_t2}{F-u4jQqMTgCSFvClNNIaBA}{127.0.0.1}{127.0.0.1:9421}[mode=>network]], id[647], master [null], hasJoinedOnce [false], cluster_name[TEST-CHILD_VM=[0]-CLUSTER_SEED=[-8106659381411338889]-HASH=[14406DC76783A180]-cluster]}, ping_response{node [{node_t0}{nMu_6boQR--7IGHETEaC6A}{127.0.0.1}{127.0.0.1:9420}[mode=>network]], id[653], master [null], hasJoinedOnce [true], cluster_name[TEST-CHILD_VM=[0]-CLUSTER_SEED=[-8106659381411338889]-HASH=[14406DC76783A180]-cluster]}, ping_response{node [{node_t0}{nMu_6boQR--7IGHETEaC6A}{127.0.0.1}{127.0.0.1:9420}[mode=>network]], id[653], master [null], hasJoinedOnce [true], cluster_name[TEST-CHILD_VM=[0]-CLUSTER_SEED=[-8106659381411338889]-HASH=[14406DC76783A180]-cluster]}, ping_response{node [{node_t0}{nMu_6boQR--7IGHETEaC6A}{127.0.0.1}{127.0.0.1:9420}[mode=>network]], id[653], master [null], hasJoinedOnce [true], cluster_name[TEST-CHILD_VM=[0]-CLUSTER_SEED=[-8106659381411338889]-HASH=[14406DC76783A180]-cluster]}, ping_response{node [{node_t2}{F-u4jQqMTgCSFvClNNIaBA}{127.0.0.1}{127.0.0.1:9421}[mode=>network]], id[660], master [null], hasJoinedOnce [false], cluster_name[TEST-CHILD_VM=[0]-CLUSTER_SEED=[-8106659381411338889]-HASH=[14406DC76783A180]-cluster]}, ping_response{node [{node_t2}{F-u4jQqMTgCSFvClNNIaBA}{127.0.0.1}{127.0.0.1:9421}[mode=>network]], id[660], master [null], hasJoinedOnce [false], cluster_name[TEST-CHILD_VM=[0]-CLUSTER_SEED=[-8106659381411338889]-HASH=[14406DC76783A180]-cluster]}, ping_response{node [{node_t0}{nMu_6boQR--7IGHETEaC6A}{127.0.0.1}{127.0.0.1:9420}[mode=>network]], id[663], master [null], hasJoinedOnce [true], cluster_name[TEST-CHILD_VM=[0]-CLUSTER_SEED=[-8106659381411338889]-HASH=[14406DC76783A180]-cluster]}]
[2016-03-29 17:29:43,826][TRACE][org.elasticsearch.discovery.zen.ping.unicast] [node_t2] [1] failed to connect to {#zen_unicast_5#}{127.0.0.1}{127.0.0.1:9424}
ConnectTransportException[[][127.0.0.1:9424] connect_timeout[30s]]; nested: ConnectException[Connection refused: /127.0.0.1:9424];
	at org.elasticsearch.transport.netty.NettyTransport.connectToChannelsLight(NettyTransport.java:954)
	at org.elasticsearch.transport.netty.NettyTransport.connectToNode(NettyTransport.java:918)
	at org.elasticsearch.transport.netty.NettyTransport.connectToNodeLight(NettyTransport.java:890)
	at org.elasticsearch.test.transport.MockTransportService$LookupTestTransport.connectToNodeLight(MockTransportService.java:413)
	at org.elasticsearch.transport.TransportService.connectToNodeLight(TransportService.java:242)
	at org.elasticsearch.discovery.zen.ping.unicast.UnicastZenPing$3.run(UnicastZenPing.java:395)
	at java.util.concurrent.ThreadPoolExecutor.runWorker(ThreadPoolExecutor.java:1142)
	at java.util.concurrent.ThreadPoolExecutor$Worker.run(ThreadPoolExecutor.java:617)
	at java.lang.Thread.run(Thread.java:745)
Caused by: java.net.ConnectException: Connection refused: /127.0.0.1:9424
	at sun.nio.ch.SocketChannelImpl.checkConnect(Native Method)
	at sun.nio.ch.SocketChannelImpl.finishConnect(SocketChannelImpl.java:712)
	at org.jboss.netty.channel.socket.nio.NioClientBoss.connect(NioClientBoss.java:152)
	at org.jboss.netty.channel.socket.nio.NioClientBoss.processSelectedKeys(NioClientBoss.java:105)
	at org.jboss.netty.channel.socket.nio.NioClientBoss.process(NioClientBoss.java:79)
	at org.jboss.netty.channel.socket.nio.AbstractNioSelector.run(AbstractNioSelector.java:337)
	at org.jboss.netty.channel.socket.nio.NioClientBoss.run(NioClientBoss.java:42)
	at org.jboss.netty.util.ThreadRenamingRunnable.run(ThreadRenamingRunnable.java:108)
	at org.jboss.netty.util.internal.DeadLockProofWorker$1.run(DeadLockProofWorker.java:42)
	... 3 more
[2016-03-29 17:29:43,826][TRACE][org.elasticsearch.discovery.zen.ping.unicast] [node_t2] [1] failed to connect to {#zen_unicast_4#}{127.0.0.1}{127.0.0.1:9423}
ConnectTransportException[[][127.0.0.1:9423] connect_timeout[30s]]; nested: ConnectException[Connection refused: /127.0.0.1:9423];
	at org.elasticsearch.transport.netty.NettyTransport.connectToChannelsLight(NettyTransport.java:954)
	at org.elasticsearch.transport.netty.NettyTransport.connectToNode(NettyTransport.java:918)
	at org.elasticsearch.transport.netty.NettyTransport.connectToNodeLight(NettyTransport.java:890)
	at org.elasticsearch.test.transport.MockTransportService$LookupTestTransport.connectToNodeLight(MockTransportService.java:413)
	at org.elasticsearch.transport.TransportService.connectToNodeLight(TransportService.java:242)
	at org.elasticsearch.discovery.zen.ping.unicast.UnicastZenPing$3.run(UnicastZenPing.java:395)
	at java.util.concurrent.ThreadPoolExecutor.runWorker(ThreadPoolExecutor.java:1142)
	at java.util.concurrent.ThreadPoolExecutor$Worker.run(ThreadPoolExecutor.java:617)
	at java.lang.Thread.run(Thread.java:745)
Caused by: java.net.ConnectException: Connection refused: /127.0.0.1:9423
	at sun.nio.ch.SocketChannelImpl.checkConnect(Native Method)
	at sun.nio.ch.SocketChannelImpl.finishConnect(SocketChannelImpl.java:712)
	at org.jboss.netty.channel.socket.nio.NioClientBoss.connect(NioClientBoss.java:152)
	at org.jboss.netty.channel.socket.nio.NioClientBoss.processSelectedKeys(NioClientBoss.java:105)
	at org.jboss.netty.channel.socket.nio.NioClientBoss.process(NioClientBoss.java:79)
	at org.jboss.netty.channel.socket.nio.AbstractNioSelector.run(AbstractNioSelector.java:337)
	at org.jboss.netty.channel.socket.nio.NioClientBoss.run(NioClientBoss.java:42)
	at org.jboss.netty.util.ThreadRenamingRunnable.run(ThreadRenamingRunnable.java:108)
	at org.jboss.netty.util.internal.DeadLockProofWorker$1.run(DeadLockProofWorker.java:42)
	... 3 more
[2016-03-29 17:29:43,825][TRACE][org.elasticsearch.discovery.zen.ping.unicast] [node_t2] [1] connecting (light) to {#zen_unicast_10#}{::1}{[::1]:9424}
[2016-03-29 17:29:43,825][TRACE][org.elasticsearch.discovery.zen.ping.unicast] [node_t2] [1] connecting (light) to {#zen_unicast_9#}{::1}{[::1]:9423}
[2016-03-29 17:29:43,825][TRACE][org.elasticsearch.discovery.zen.ping.unicast] [node_t2] [1] connecting (light) to {#zen_unicast_8#}{::1}{[::1]:9422}
[2016-03-29 17:29:43,825][TRACE][org.elasticsearch.discovery.zen.ping.unicast] [node_t2] [1] sending to {node_t2}{F-u4jQqMTgCSFvClNNIaBA}{127.0.0.1}{127.0.0.1:9421}[mode=>network]
[2016-03-29 17:29:43,826][TRACE][org.elasticsearch.discovery.zen.ping.unicast] [node_t2] [1] failed to connect to {#zen_unicast_3#}{127.0.0.1}{127.0.0.1:9422}
ConnectTransportException[[][127.0.0.1:9422] connect_timeout[30s]]; nested: ConnectException[Connection refused: /127.0.0.1:9422];
	at org.elasticsearch.transport.netty.NettyTransport.connectToChannelsLight(NettyTransport.java:954)
	at org.elasticsearch.transport.netty.NettyTransport.connectToNode(NettyTransport.java:918)
	at org.elasticsearch.transport.netty.NettyTransport.connectToNodeLight(NettyTransport.java:890)
	at org.elasticsearch.test.transport.MockTransportService$LookupTestTransport.connectToNodeLight(MockTransportService.java:413)
	at org.elasticsearch.transport.TransportService.connectToNodeLight(TransportService.java:242)
	at org.elasticsearch.discovery.zen.ping.unicast.UnicastZenPing$3.run(UnicastZenPing.java:395)
	at java.util.concurrent.ThreadPoolExecutor.runWorker(ThreadPoolExecutor.java:1142)
	at java.util.concurrent.ThreadPoolExecutor$Worker.run(ThreadPoolExecutor.java:617)
	at java.lang.Thread.run(Thread.java:745)
Caused by: java.net.ConnectException: Connection refused: /127.0.0.1:9422
	at sun.nio.ch.SocketChannelImpl.checkConnect(Native Method)
	at sun.nio.ch.SocketChannelImpl.finishConnect(SocketChannelImpl.java:712)
	at org.jboss.netty.channel.socket.nio.NioClientBoss.connect(NioClientBoss.java:152)
	at org.jboss.netty.channel.socket.nio.NioClientBoss.processSelectedKeys(NioClientBoss.java:105)
	at org.jboss.netty.channel.socket.nio.NioClientBoss.process(NioClientBoss.java:79)
	at org.jboss.netty.channel.socket.nio.AbstractNioSelector.run(AbstractNioSelector.java:337)
	at org.jboss.netty.channel.socket.nio.NioClientBoss.run(NioClientBoss.java:42)
	at org.jboss.netty.util.ThreadRenamingRunnable.run(ThreadRenamingRunnable.java:108)
	at org.jboss.netty.util.internal.DeadLockProofWorker$1.run(DeadLockProofWorker.java:42)
	... 3 more
[2016-03-29 17:29:43,827][TRACE][org.elasticsearch.discovery.zen.ping.unicast] [node_t2] [1] failed to connect to {#zen_unicast_10#}{::1}{[::1]:9424}
ConnectTransportException[[][[::1]:9424] connect_timeout[30s]]; nested: ConnectException[Connection refused: /0:0:0:0:0:0:0:1:9424];
	at org.elasticsearch.transport.netty.NettyTransport.connectToChannelsLight(NettyTransport.java:954)
	at org.elasticsearch.transport.netty.NettyTransport.connectToNode(NettyTransport.java:918)
	at org.elasticsearch.transport.netty.NettyTransport.connectToNodeLight(NettyTransport.java:890)
	at org.elasticsearch.test.transport.MockTransportService$LookupTestTransport.connectToNodeLight(MockTransportService.java:413)
	at org.elasticsearch.transport.TransportService.connectToNodeLight(TransportService.java:242)
	at org.elasticsearch.discovery.zen.ping.unicast.UnicastZenPing$3.run(UnicastZenPing.java:395)
	at java.util.concurrent.ThreadPoolExecutor.runWorker(ThreadPoolExecutor.java:1142)
	at java.util.concurrent.ThreadPoolExecutor$Worker.run(ThreadPoolExecutor.java:617)
	at java.lang.Thread.run(Thread.java:745)
Caused by: java.net.ConnectException: Connection refused: /0:0:0:0:0:0:0:1:9424
	at sun.nio.ch.SocketChannelImpl.checkConnect(Native Method)
	at sun.nio.ch.SocketChannelImpl.finishConnect(SocketChannelImpl.java:712)
	at org.jboss.netty.channel.socket.nio.NioClientBoss.connect(NioClientBoss.java:152)
	at org.jboss.netty.channel.socket.nio.NioClientBoss.processSelectedKeys(NioClientBoss.java:105)
	at org.jboss.netty.channel.socket.nio.NioClientBoss.process(NioClientBoss.java:79)
	at org.jboss.netty.channel.socket.nio.AbstractNioSelector.run(AbstractNioSelector.java:337)
	at org.jboss.netty.channel.socket.nio.NioClientBoss.run(NioClientBoss.java:42)
	at org.jboss.netty.util.ThreadRenamingRunnable.run(ThreadRenamingRunnable.java:108)
	at org.jboss.netty.util.internal.DeadLockProofWorker$1.run(DeadLockProofWorker.java:42)
	... 3 more
[2016-03-29 17:29:43,826][TRACE][org.elasticsearch.discovery.zen.ping.unicast] [node_t2] [1] received response from {#zen_unicast_7#}{::1}{[::1]:9421}: [ping_response{node [{node_t2}{F-u4jQqMTgCSFvClNNIaBA}{127.0.0.1}{127.0.0.1:9421}[mode=>network]], id[647], master [null], hasJoinedOnce [false], cluster_name[TEST-CHILD_VM=[0]-CLUSTER_SEED=[-8106659381411338889]-HASH=[14406DC76783A180]-cluster]}, ping_response{node [{node_t2}{F-u4jQqMTgCSFvClNNIaBA}{127.0.0.1}{127.0.0.1:9421}[mode=>network]], id[647], master [null], hasJoinedOnce [false], cluster_name[TEST-CHILD_VM=[0]-CLUSTER_SEED=[-8106659381411338889]-HASH=[14406DC76783A180]-cluster]}, ping_response{node [{node_t2}{F-u4jQqMTgCSFvClNNIaBA}{127.0.0.1}{127.0.0.1:9421}[mode=>network]], id[647], master [null], hasJoinedOnce [false], cluster_name[TEST-CHILD_VM=[0]-CLUSTER_SEED=[-8106659381411338889]-HASH=[14406DC76783A180]-cluster]}, ping_response{node [{node_t0}{nMu_6boQR--7IGHETEaC6A}{127.0.0.1}{127.0.0.1:9420}[mode=>network]], id[653], master [null], hasJoinedOnce [true], cluster_name[TEST-CHILD_VM=[0]-CLUSTER_SEED=[-8106659381411338889]-HASH=[14406DC76783A180]-cluster]}, ping_response{node [{node_t0}{nMu_6boQR--7IGHETEaC6A}{127.0.0.1}{127.0.0.1:9420}[mode=>network]], id[653], master [null], hasJoinedOnce [true], cluster_name[TEST-CHILD_VM=[0]-CLUSTER_SEED=[-8106659381411338889]-HASH=[14406DC76783A180]-cluster]}, ping_response{node [{node_t0}{nMu_6boQR--7IGHETEaC6A}{127.0.0.1}{127.0.0.1:9420}[mode=>network]], id[653], master [null], hasJoinedOnce [true], cluster_name[TEST-CHILD_VM=[0]-CLUSTER_SEED=[-8106659381411338889]-HASH=[14406DC76783A180]-cluster]}, ping_response{node [{node_t2}{F-u4jQqMTgCSFvClNNIaBA}{127.0.0.1}{127.0.0.1:9421}[mode=>network]], id[660], master [null], hasJoinedOnce [false], cluster_name[TEST-CHILD_VM=[0]-CLUSTER_SEED=[-8106659381411338889]-HASH=[14406DC76783A180]-cluster]}, ping_response{node [{node_t2}{F-u4jQqMTgCSFvClNNIaBA}{127.0.0.1}{127.0.0.1:9421}[mode=>network]], id[660], master [null], hasJoinedOnce [false], cluster_name[TEST-CHILD_VM=[0]-CLUSTER_SEED=[-8106659381411338889]-HASH=[14406DC76783A180]-cluster]}, ping_response{node [{node_t2}{F-u4jQqMTgCSFvClNNIaBA}{127.0.0.1}{127.0.0.1:9421}[mode=>network]], id[664], master [null], hasJoinedOnce [false], cluster_name[TEST-CHILD_VM=[0]-CLUSTER_SEED=[-8106659381411338889]-HASH=[14406DC76783A180]-cluster]}]
[2016-03-29 17:29:43,827][TRACE][org.elasticsearch.discovery.zen.ping.unicast] [node_t2] [1] failed to connect to {#zen_unicast_9#}{::1}{[::1]:9423}
ConnectTransportException[[][[::1]:9423] connect_timeout[30s]]; nested: ConnectException[Connection refused: /0:0:0:0:0:0:0:1:9423];
	at org.elasticsearch.transport.netty.NettyTransport.connectToChannelsLight(NettyTransport.java:954)
	at org.elasticsearch.transport.netty.NettyTransport.connectToNode(NettyTransport.java:918)
	at org.elasticsearch.transport.netty.NettyTransport.connectToNodeLight(NettyTransport.java:890)
	at org.elasticsearch.test.transport.MockTransportService$LookupTestTransport.connectToNodeLight(MockTransportService.java:413)
	at org.elasticsearch.transport.TransportService.connectToNodeLight(TransportService.java:242)
	at org.elasticsearch.discovery.zen.ping.unicast.UnicastZenPing$3.run(UnicastZenPing.java:395)
	at java.util.concurrent.ThreadPoolExecutor.runWorker(ThreadPoolExecutor.java:1142)
	at java.util.concurrent.ThreadPoolExecutor$Worker.run(ThreadPoolExecutor.java:617)
	at java.lang.Thread.run(Thread.java:745)
Caused by: java.net.ConnectException: Connection refused: /0:0:0:0:0:0:0:1:9423
	at sun.nio.ch.SocketChannelImpl.checkConnect(Native Method)
	at sun.nio.ch.SocketChannelImpl.finishConnect(SocketChannelImpl.java:712)
	at org.jboss.netty.channel.socket.nio.NioClientBoss.connect(NioClientBoss.java:152)
	at org.jboss.netty.channel.socket.nio.NioClientBoss.processSelectedKeys(NioClientBoss.java:105)
	at org.jboss.netty.channel.socket.nio.NioClientBoss.process(NioClientBoss.java:79)
	at org.jboss.netty.channel.socket.nio.AbstractNioSelector.run(AbstractNioSelector.java:337)
	at org.jboss.netty.channel.socket.nio.NioClientBoss.run(NioClientBoss.java:42)
	at org.jboss.netty.util.ThreadRenamingRunnable.run(ThreadRenamingRunnable.java:108)
	at org.jboss.netty.util.internal.DeadLockProofWorker$1.run(DeadLockProofWorker.java:42)
	... 3 more
[2016-03-29 17:29:43,827][TRACE][org.elasticsearch.discovery.zen.ping.unicast] [node_t2] [1] failed to connect to {#zen_unicast_8#}{::1}{[::1]:9422}
ConnectTransportException[[][[::1]:9422] connect_timeout[30s]]; nested: ConnectException[Connection refused: /0:0:0:0:0:0:0:1:9422];
	at org.elasticsearch.transport.netty.NettyTransport.connectToChannelsLight(NettyTransport.java:954)
	at org.elasticsearch.transport.netty.NettyTransport.connectToNode(NettyTransport.java:918)
	at org.elasticsearch.transport.netty.NettyTransport.connectToNodeLight(NettyTransport.java:890)
	at org.elasticsearch.test.transport.MockTransportService$LookupTestTransport.connectToNodeLight(MockTransportService.java:413)
	at org.elasticsearch.transport.TransportService.connectToNodeLight(TransportService.java:242)
	at org.elasticsearch.discovery.zen.ping.unicast.UnicastZenPing$3.run(UnicastZenPing.java:395)
	at java.util.concurrent.ThreadPoolExecutor.runWorker(ThreadPoolExecutor.java:1142)
	at java.util.concurrent.ThreadPoolExecutor$Worker.run(ThreadPoolExecutor.java:617)
	at java.lang.Thread.run(Thread.java:745)
Caused by: java.net.ConnectException: Connection refused: /0:0:0:0:0:0:0:1:9422
	at sun.nio.ch.SocketChannelImpl.checkConnect(Native Method)
	at sun.nio.ch.SocketChannelImpl.finishConnect(SocketChannelImpl.java:712)
	at org.jboss.netty.channel.socket.nio.NioClientBoss.connect(NioClientBoss.java:152)
	at org.jboss.netty.channel.socket.nio.NioClientBoss.processSelectedKeys(NioClientBoss.java:105)
	at org.jboss.netty.channel.socket.nio.NioClientBoss.process(NioClientBoss.java:79)
	at org.jboss.netty.channel.socket.nio.AbstractNioSelector.run(AbstractNioSelector.java:337)
	at org.jboss.netty.channel.socket.nio.NioClientBoss.run(NioClientBoss.java:42)
	at org.jboss.netty.util.ThreadRenamingRunnable.run(ThreadRenamingRunnable.java:108)
	at org.jboss.netty.util.internal.DeadLockProofWorker$1.run(DeadLockProofWorker.java:42)
	... 3 more
[2016-03-29 17:29:43,827][TRACE][org.elasticsearch.discovery.zen.ping.unicast] [node_t2] [1] received response from {node_t2}{F-u4jQqMTgCSFvClNNIaBA}{127.0.0.1}{127.0.0.1:9421}[mode=>network]: [ping_response{node [{node_t2}{F-u4jQqMTgCSFvClNNIaBA}{127.0.0.1}{127.0.0.1:9421}[mode=>network]], id[647], master [null], hasJoinedOnce [false], cluster_name[TEST-CHILD_VM=[0]-CLUSTER_SEED=[-8106659381411338889]-HASH=[14406DC76783A180]-cluster]}, ping_response{node [{node_t2}{F-u4jQqMTgCSFvClNNIaBA}{127.0.0.1}{127.0.0.1:9421}[mode=>network]], id[647], master [null], hasJoinedOnce [false], cluster_name[TEST-CHILD_VM=[0]-CLUSTER_SEED=[-8106659381411338889]-HASH=[14406DC76783A180]-cluster]}, ping_response{node [{node_t2}{F-u4jQqMTgCSFvClNNIaBA}{127.0.0.1}{127.0.0.1:9421}[mode=>network]], id[647], master [null], hasJoinedOnce [false], cluster_name[TEST-CHILD_VM=[0]-CLUSTER_SEED=[-8106659381411338889]-HASH=[14406DC76783A180]-cluster]}, ping_response{node [{node_t0}{nMu_6boQR--7IGHETEaC6A}{127.0.0.1}{127.0.0.1:9420}[mode=>network]], id[653], master [null], hasJoinedOnce [true], cluster_name[TEST-CHILD_VM=[0]-CLUSTER_SEED=[-8106659381411338889]-HASH=[14406DC76783A180]-cluster]}, ping_response{node [{node_t0}{nMu_6boQR--7IGHETEaC6A}{127.0.0.1}{127.0.0.1:9420}[mode=>network]], id[653], master [null], hasJoinedOnce [true], cluster_name[TEST-CHILD_VM=[0]-CLUSTER_SEED=[-8106659381411338889]-HASH=[14406DC76783A180]-cluster]}, ping_response{node [{node_t0}{nMu_6boQR--7IGHETEaC6A}{127.0.0.1}{127.0.0.1:9420}[mode=>network]], id[653], master [null], hasJoinedOnce [true], cluster_name[TEST-CHILD_VM=[0]-CLUSTER_SEED=[-8106659381411338889]-HASH=[14406DC76783A180]-cluster]}, ping_response{node [{node_t2}{F-u4jQqMTgCSFvClNNIaBA}{127.0.0.1}{127.0.0.1:9421}[mode=>network]], id[660], master [null], hasJoinedOnce [false], cluster_name[TEST-CHILD_VM=[0]-CLUSTER_SEED=[-8106659381411338889]-HASH=[14406DC76783A180]-cluster]}, ping_response{node [{node_t2}{F-u4jQqMTgCSFvClNNIaBA}{127.0.0.1}{127.0.0.1:9421}[mode=>network]], id[660], master [null], hasJoinedOnce [false], cluster_name[TEST-CHILD_VM=[0]-CLUSTER_SEED=[-8106659381411338889]-HASH=[14406DC76783A180]-cluster]}, ping_response{node [{node_t2}{F-u4jQqMTgCSFvClNNIaBA}{127.0.0.1}{127.0.0.1:9421}[mode=>network]], id[660], master [null], hasJoinedOnce [false], cluster_name[TEST-CHILD_VM=[0]-CLUSTER_SEED=[-8106659381411338889]-HASH=[14406DC76783A180]-cluster]}, ping_response{node [{node_t2}{F-u4jQqMTgCSFvClNNIaBA}{127.0.0.1}{127.0.0.1:9421}[mode=>network]], id[665], master [null], hasJoinedOnce [false], cluster_name[TEST-CHILD_VM=[0]-CLUSTER_SEED=[-8106659381411338889]-HASH=[14406DC76783A180]-cluster]}]
[2016-03-29 17:29:43,828][TRACE][org.elasticsearch.discovery.zen.ping.unicast] [node_t2] replacing {node_t0}{nMu_6boQR--7IGHETEaC6A}{127.0.0.1}{127.0.0.1:9420}[mode=>network] with temp node {#zen_unicast_11_nMu_6boQR--7IGHETEaC6A#}{127.0.0.1}{127.0.0.1:9420}[mode=>network]
[2016-03-29 17:29:43,828][TRACE][org.elasticsearch.discovery.zen.ping.unicast] [node_t2] [1] connecting (light) to {#zen_unicast_11_nMu_6boQR--7IGHETEaC6A#}{127.0.0.1}{127.0.0.1:9420}[mode=>network]
[2016-03-29 17:29:43,829][TRACE][org.elasticsearch.discovery.zen.ping.unicast] [node_t2] [1] connected to {node_t0}{nMu_6boQR--7IGHETEaC6A}{127.0.0.1}{127.0.0.1:9420}[mode=>network]
[2016-03-29 17:29:43,829][TRACE][org.elasticsearch.discovery.zen.ping.unicast] [node_t2] [1] sending to {#zen_unicast_11_nMu_6boQR--7IGHETEaC6A#}{127.0.0.1}{127.0.0.1:9420}[mode=>network]
[2016-03-29 17:29:43,829][TRACE][org.elasticsearch.discovery.zen.ping.unicast] [node_t2] [1] received response from {#zen_unicast_11_nMu_6boQR--7IGHETEaC6A#}{127.0.0.1}{127.0.0.1:9420}[mode=>network]: [ping_response{node [{node_t0}{nMu_6boQR--7IGHETEaC6A}{127.0.0.1}{127.0.0.1:9420}[mode=>network]], id[643], master [{node_t1}{JMRMCPFeQ-OI3jC4mS0RAA}{127.0.0.1}{127.0.0.1:9421}[mode=>network]], hasJoinedOnce [true], cluster_name[TEST-CHILD_VM=[0]-CLUSTER_SEED=[-8106659381411338889]-HASH=[14406DC76783A180]-cluster]}, ping_response{node [{node_t0}{nMu_6boQR--7IGHETEaC6A}{127.0.0.1}{127.0.0.1:9420}[mode=>network]], id[643], master [{node_t1}{JMRMCPFeQ-OI3jC4mS0RAA}{127.0.0.1}{127.0.0.1:9421}[mode=>network]], hasJoinedOnce [true], cluster_name[TEST-CHILD_VM=[0]-CLUSTER_SEED=[-8106659381411338889]-HASH=[14406DC76783A180]-cluster]}, ping_response{node [{node_t0}{nMu_6boQR--7IGHETEaC6A}{127.0.0.1}{127.0.0.1:9420}[mode=>network]], id[643], master [{node_t1}{JMRMCPFeQ-OI3jC4mS0RAA}{127.0.0.1}{127.0.0.1:9421}[mode=>network]], hasJoinedOnce [true], cluster_name[TEST-CHILD_VM=[0]-CLUSTER_SEED=[-8106659381411338889]-HASH=[14406DC76783A180]-cluster]}, ping_response{node [{node_t2}{F-u4jQqMTgCSFvClNNIaBA}{127.0.0.1}{127.0.0.1:9421}[mode=>network]], id[647], master [null], hasJoinedOnce [false], cluster_name[TEST-CHILD_VM=[0]-CLUSTER_SEED=[-8106659381411338889]-HASH=[14406DC76783A180]-cluster]}, ping_response{node [{node_t2}{F-u4jQqMTgCSFvClNNIaBA}{127.0.0.1}{127.0.0.1:9421}[mode=>network]], id[647], master [null], hasJoinedOnce [false], cluster_name[TEST-CHILD_VM=[0]-CLUSTER_SEED=[-8106659381411338889]-HASH=[14406DC76783A180]-cluster]}, ping_response{node [{node_t0}{nMu_6boQR--7IGHETEaC6A}{127.0.0.1}{127.0.0.1:9420}[mode=>network]], id[653], master [null], hasJoinedOnce [true], cluster_name[TEST-CHILD_VM=[0]-CLUSTER_SEED=[-8106659381411338889]-HASH=[14406DC76783A180]-cluster]}, ping_response{node [{node_t0}{nMu_6boQR--7IGHETEaC6A}{127.0.0.1}{127.0.0.1:9420}[mode=>network]], id[653], master [null], hasJoinedOnce [true], cluster_name[TEST-CHILD_VM=[0]-CLUSTER_SEED=[-8106659381411338889]-HASH=[14406DC76783A180]-cluster]}, ping_response{node [{node_t0}{nMu_6boQR--7IGHETEaC6A}{127.0.0.1}{127.0.0.1:9420}[mode=>network]], id[653], master [null], hasJoinedOnce [true], cluster_name[TEST-CHILD_VM=[0]-CLUSTER_SEED=[-8106659381411338889]-HASH=[14406DC76783A180]-cluster]}, ping_response{node [{node_t2}{F-u4jQqMTgCSFvClNNIaBA}{127.0.0.1}{127.0.0.1:9421}[mode=>network]], id[660], master [null], hasJoinedOnce [false], cluster_name[TEST-CHILD_VM=[0]-CLUSTER_SEED=[-8106659381411338889]-HASH=[14406DC76783A180]-cluster]}, ping_response{node [{node_t2}{F-u4jQqMTgCSFvClNNIaBA}{127.0.0.1}{127.0.0.1:9421}[mode=>network]], id[660], master [null], hasJoinedOnce [false], cluster_name[TEST-CHILD_VM=[0]-CLUSTER_SEED=[-8106659381411338889]-HASH=[14406DC76783A180]-cluster]}, ping_response{node [{node_t2}{F-u4jQqMTgCSFvClNNIaBA}{127.0.0.1}{127.0.0.1:9421}[mode=>network]], id[660], master [null], hasJoinedOnce [false], cluster_name[TEST-CHILD_VM=[0]-CLUSTER_SEED=[-8106659381411338889]-HASH=[14406DC76783A180]-cluster]}, ping_response{node [{node_t0}{nMu_6boQR--7IGHETEaC6A}{127.0.0.1}{127.0.0.1:9420}[mode=>network]], id[666], master [null], hasJoinedOnce [true], cluster_name[TEST-CHILD_VM=[0]-CLUSTER_SEED=[-8106659381411338889]-HASH=[14406DC76783A180]-cluster]}]
[2016-03-29 17:29:43,836][TRACE][org.elasticsearch.discovery.zen.ping.unicast] [node_t0] [4] sending to {node_t0}{nMu_6boQR--7IGHETEaC6A}{127.0.0.1}{127.0.0.1:9420}[mode=>network]
[2016-03-29 17:29:43,836][TRACE][org.elasticsearch.discovery.zen.ping.unicast] [node_t0] [4] received response from {node_t0}{nMu_6boQR--7IGHETEaC6A}{127.0.0.1}{127.0.0.1:9420}[mode=>network]: [ping_response{node [{node_t0}{nMu_6boQR--7IGHETEaC6A}{127.0.0.1}{127.0.0.1:9420}[mode=>network]], id[643], master [{node_t1}{JMRMCPFeQ-OI3jC4mS0RAA}{127.0.0.1}{127.0.0.1:9421}[mode=>network]], hasJoinedOnce [true], cluster_name[TEST-CHILD_VM=[0]-CLUSTER_SEED=[-8106659381411338889]-HASH=[14406DC76783A180]-cluster]}, ping_response{node [{node_t0}{nMu_6boQR--7IGHETEaC6A}{127.0.0.1}{127.0.0.1:9420}[mode=>network]], id[643], master [{node_t1}{JMRMCPFeQ-OI3jC4mS0RAA}{127.0.0.1}{127.0.0.1:9421}[mode=>network]], hasJoinedOnce [true], cluster_name[TEST-CHILD_VM=[0]-CLUSTER_SEED=[-8106659381411338889]-HASH=[14406DC76783A180]-cluster]}, ping_response{node [{node_t0}{nMu_6boQR--7IGHETEaC6A}{127.0.0.1}{127.0.0.1:9420}[mode=>network]], id[643], master [{node_t1}{JMRMCPFeQ-OI3jC4mS0RAA}{127.0.0.1}{127.0.0.1:9421}[mode=>network]], hasJoinedOnce [true], cluster_name[TEST-CHILD_VM=[0]-CLUSTER_SEED=[-8106659381411338889]-HASH=[14406DC76783A180]-cluster]}, ping_response{node [{node_t2}{F-u4jQqMTgCSFvClNNIaBA}{127.0.0.1}{127.0.0.1:9421}[mode=>network]], id[647], master [null], hasJoinedOnce [false], cluster_name[TEST-CHILD_VM=[0]-CLUSTER_SEED=[-8106659381411338889]-HASH=[14406DC76783A180]-cluster]}, ping_response{node [{node_t2}{F-u4jQqMTgCSFvClNNIaBA}{127.0.0.1}{127.0.0.1:9421}[mode=>network]], id[647], master [null], hasJoinedOnce [false], cluster_name[TEST-CHILD_VM=[0]-CLUSTER_SEED=[-8106659381411338889]-HASH=[14406DC76783A180]-cluster]}, ping_response{node [{node_t0}{nMu_6boQR--7IGHETEaC6A}{127.0.0.1}{127.0.0.1:9420}[mode=>network]], id[653], master [null], hasJoinedOnce [true], cluster_name[TEST-CHILD_VM=[0]-CLUSTER_SEED=[-8106659381411338889]-HASH=[14406DC76783A180]-cluster]}, ping_response{node [{node_t0}{nMu_6boQR--7IGHETEaC6A}{127.0.0.1}{127.0.0.1:9420}[mode=>network]], id[653], master [null], hasJoinedOnce [true], cluster_name[TEST-CHILD_VM=[0]-CLUSTER_SEED=[-8106659381411338889]-HASH=[14406DC76783A180]-cluster]}, ping_response{node [{node_t0}{nMu_6boQR--7IGHETEaC6A}{127.0.0.1}{127.0.0.1:9420}[mode=>network]], id[653], master [null], hasJoinedOnce [true], cluster_name[TEST-CHILD_VM=[0]-CLUSTER_SEED=[-8106659381411338889]-HASH=[14406DC76783A180]-cluster]}, ping_response{node [{node_t2}{F-u4jQqMTgCSFvClNNIaBA}{127.0.0.1}{127.0.0.1:9421}[mode=>network]], id[660], master [null], hasJoinedOnce [false], cluster_name[TEST-CHILD_VM=[0]-CLUSTER_SEED=[-8106659381411338889]-HASH=[14406DC76783A180]-cluster]}, ping_response{node [{node_t2}{F-u4jQqMTgCSFvClNNIaBA}{127.0.0.1}{127.0.0.1:9421}[mode=>network]], id[660], master [null], hasJoinedOnce [false], cluster_name[TEST-CHILD_VM=[0]-CLUSTER_SEED=[-8106659381411338889]-HASH=[14406DC76783A180]-cluster]}, ping_response{node [{node_t2}{F-u4jQqMTgCSFvClNNIaBA}{127.0.0.1}{127.0.0.1:9421}[mode=>network]], id[660], master [null], hasJoinedOnce [false], cluster_name[TEST-CHILD_VM=[0]-CLUSTER_SEED=[-8106659381411338889]-HASH=[14406DC76783A180]-cluster]}, ping_response{node [{node_t0}{nMu_6boQR--7IGHETEaC6A}{127.0.0.1}{127.0.0.1:9420}[mode=>network]], id[667], master [null], hasJoinedOnce [true], cluster_name[TEST-CHILD_VM=[0]-CLUSTER_SEED=[-8106659381411338889]-HASH=[14406DC76783A180]-cluster]}, ping_response{node [{node_t0}{nMu_6boQR--7IGHETEaC6A}{127.0.0.1}{127.0.0.1:9420}[mode=>network]], id[668], master [null], hasJoinedOnce [true], cluster_name[TEST-CHILD_VM=[0]-CLUSTER_SEED=[-8106659381411338889]-HASH=[14406DC76783A180]-cluster]}]
[2016-03-29 17:29:43,837][TRACE][org.elasticsearch.discovery.zen.ping.unicast] [node_t0] [4] sending to {#zen_unicast_2#}{127.0.0.1}{127.0.0.1:9421}
[2016-03-29 17:29:43,837][TRACE][org.elasticsearch.discovery.zen.ping.unicast] [node_t0] [4] sending to {#zen_unicast_6#}{::1}{[::1]:9420}
[2016-03-29 17:29:43,837][TRACE][org.elasticsearch.discovery.zen.ping.unicast] [node_t0] [4] connecting (light) to {#zen_unicast_5#}{127.0.0.1}{127.0.0.1:9424}
[2016-03-29 17:29:43,837][TRACE][org.elasticsearch.discovery.zen.ping.unicast] [node_t0] [4] sending to {#zen_unicast_7#}{::1}{[::1]:9421}
[2016-03-29 17:29:43,837][TRACE][org.elasticsearch.discovery.zen.ping.unicast] [node_t0] [4] connecting (light) to {#zen_unicast_3#}{127.0.0.1}{127.0.0.1:9422}
[2016-03-29 17:29:43,837][TRACE][org.elasticsearch.discovery.zen.ping.unicast] [node_t0] replacing {node_t2}{F-u4jQqMTgCSFvClNNIaBA}{127.0.0.1}{127.0.0.1:9421}[mode=>network] with temp node {#zen_unicast_13_F-u4jQqMTgCSFvClNNIaBA#}{127.0.0.1}{127.0.0.1:9421}[mode=>network]
[2016-03-29 17:29:43,837][TRACE][org.elasticsearch.discovery.zen.ping.unicast] [node_t0] [4] connecting (light) to {#zen_unicast_9#}{::1}{[::1]:9423}
[2016-03-29 17:29:43,837][TRACE][org.elasticsearch.discovery.zen.ping.unicast] [node_t0] [4] sending to {node_t0}{nMu_6boQR--7IGHETEaC6A}{127.0.0.1}{127.0.0.1:9420}[mode=>network]
[2016-03-29 17:29:43,837][TRACE][org.elasticsearch.discovery.zen.ping.unicast] [node_t0] [4] connecting (light) to {#zen_unicast_13_F-u4jQqMTgCSFvClNNIaBA#}{127.0.0.1}{127.0.0.1:9421}[mode=>network]
[2016-03-29 17:29:43,837][TRACE][org.elasticsearch.discovery.zen.ping.unicast] [node_t0] [4] connecting (light) to {#zen_unicast_4#}{127.0.0.1}{127.0.0.1:9423}
[2016-03-29 17:29:43,837][TRACE][org.elasticsearch.discovery.zen.ping.unicast] [node_t0] [4] received response from {node_t0}{nMu_6boQR--7IGHETEaC6A}{127.0.0.1}{127.0.0.1:9420}[mode=>network]: [ping_response{node [{node_t0}{nMu_6boQR--7IGHETEaC6A}{127.0.0.1}{127.0.0.1:9420}[mode=>network]], id[643], master [{node_t1}{JMRMCPFeQ-OI3jC4mS0RAA}{127.0.0.1}{127.0.0.1:9421}[mode=>network]], hasJoinedOnce [true], cluster_name[TEST-CHILD_VM=[0]-CLUSTER_SEED=[-8106659381411338889]-HASH=[14406DC76783A180]-cluster]}, ping_response{node [{node_t0}{nMu_6boQR--7IGHETEaC6A}{127.0.0.1}{127.0.0.1:9420}[mode=>network]], id[643], master [{node_t1}{JMRMCPFeQ-OI3jC4mS0RAA}{127.0.0.1}{127.0.0.1:9421}[mode=>network]], hasJoinedOnce [true], cluster_name[TEST-CHILD_VM=[0]-CLUSTER_SEED=[-8106659381411338889]-HASH=[14406DC76783A180]-cluster]}, ping_response{node [{node_t0}{nMu_6boQR--7IGHETEaC6A}{127.0.0.1}{127.0.0.1:9420}[mode=>network]], id[643], master [{node_t1}{JMRMCPFeQ-OI3jC4mS0RAA}{127.0.0.1}{127.0.0.1:9421}[mode=>network]], hasJoinedOnce [true], cluster_name[TEST-CHILD_VM=[0]-CLUSTER_SEED=[-8106659381411338889]-HASH=[14406DC76783A180]-cluster]}, ping_response{node [{node_t2}{F-u4jQqMTgCSFvClNNIaBA}{127.0.0.1}{127.0.0.1:9421}[mode=>network]], id[647], master [null], hasJoinedOnce [false], cluster_name[TEST-CHILD_VM=[0]-CLUSTER_SEED=[-8106659381411338889]-HASH=[14406DC76783A180]-cluster]}, ping_response{node [{node_t2}{F-u4jQqMTgCSFvClNNIaBA}{127.0.0.1}{127.0.0.1:9421}[mode=>network]], id[647], master [null], hasJoinedOnce [false], cluster_name[TEST-CHILD_VM=[0]-CLUSTER_SEED=[-8106659381411338889]-HASH=[14406DC76783A180]-cluster]}, ping_response{node [{node_t0}{nMu_6boQR--7IGHETEaC6A}{127.0.0.1}{127.0.0.1:9420}[mode=>network]], id[653], master [null], hasJoinedOnce [true], cluster_name[TEST-CHILD_VM=[0]-CLUSTER_SEED=[-8106659381411338889]-HASH=[14406DC76783A180]-cluster]}, ping_response{node [{node_t0}{nMu_6boQR--7IGHETEaC6A}{127.0.0.1}{127.0.0.1:9420}[mode=>network]], id[653], master [null], hasJoinedOnce [true], cluster_name[TEST-CHILD_VM=[0]-CLUSTER_SEED=[-8106659381411338889]-HASH=[14406DC76783A180]-cluster]}, ping_response{node [{node_t0}{nMu_6boQR--7IGHETEaC6A}{127.0.0.1}{127.0.0.1:9420}[mode=>network]], id[653], master [null], hasJoinedOnce [true], cluster_name[TEST-CHILD_VM=[0]-CLUSTER_SEED=[-8106659381411338889]-HASH=[14406DC76783A180]-cluster]}, ping_response{node [{node_t2}{F-u4jQqMTgCSFvClNNIaBA}{127.0.0.1}{127.0.0.1:9421}[mode=>network]], id[660], master [null], hasJoinedOnce [false], cluster_name[TEST-CHILD_VM=[0]-CLUSTER_SEED=[-8106659381411338889]-HASH=[14406DC76783A180]-cluster]}, ping_response{node [{node_t2}{F-u4jQqMTgCSFvClNNIaBA}{127.0.0.1}{127.0.0.1:9421}[mode=>network]], id[660], master [null], hasJoinedOnce [false], cluster_name[TEST-CHILD_VM=[0]-CLUSTER_SEED=[-8106659381411338889]-HASH=[14406DC76783A180]-cluster]}, ping_response{node [{node_t2}{F-u4jQqMTgCSFvClNNIaBA}{127.0.0.1}{127.0.0.1:9421}[mode=>network]], id[660], master [null], hasJoinedOnce [false], cluster_name[TEST-CHILD_VM=[0]-CLUSTER_SEED=[-8106659381411338889]-HASH=[14406DC76783A180]-cluster]}, ping_response{node [{node_t0}{nMu_6boQR--7IGHETEaC6A}{127.0.0.1}{127.0.0.1:9420}[mode=>network]], id[667], master [null], hasJoinedOnce [true], cluster_name[TEST-CHILD_VM=[0]-CLUSTER_SEED=[-8106659381411338889]-HASH=[14406DC76783A180]-cluster]}, ping_response{node [{node_t0}{nMu_6boQR--7IGHETEaC6A}{127.0.0.1}{127.0.0.1:9420}[mode=>network]], id[667], master [null], hasJoinedOnce [true], cluster_name[TEST-CHILD_VM=[0]-CLUSTER_SEED=[-8106659381411338889]-HASH=[14406DC76783A180]-cluster]}, ping_response{node [{node_t0}{nMu_6boQR--7IGHETEaC6A}{127.0.0.1}{127.0.0.1:9420}[mode=>network]], id[671], master [null], hasJoinedOnce [true], cluster_name[TEST-CHILD_VM=[0]-CLUSTER_SEED=[-8106659381411338889]-HASH=[14406DC76783A180]-cluster]}]
[2016-03-29 17:29:43,837][TRACE][org.elasticsearch.discovery.zen.ping.unicast] [node_t0] [4] failed to connect to {#zen_unicast_3#}{127.0.0.1}{127.0.0.1:9422}
ConnectTransportException[[][127.0.0.1:9422] connect_timeout[30s]]; nested: ConnectException[Connection refused: /127.0.0.1:9422];
	at org.elasticsearch.transport.netty.NettyTransport.connectToChannelsLight(NettyTransport.java:954)
	at org.elasticsearch.transport.netty.NettyTransport.connectToNode(NettyTransport.java:918)
	at org.elasticsearch.transport.netty.NettyTransport.connectToNodeLight(NettyTransport.java:890)
	at org.elasticsearch.test.transport.MockTransportService$LookupTestTransport.connectToNodeLight(MockTransportService.java:413)
	at org.elasticsearch.transport.TransportService.connectToNodeLight(TransportService.java:242)
	at org.elasticsearch.discovery.zen.ping.unicast.UnicastZenPing$3.run(UnicastZenPing.java:395)
	at java.util.concurrent.ThreadPoolExecutor.runWorker(ThreadPoolExecutor.java:1142)
	at java.util.concurrent.ThreadPoolExecutor$Worker.run(ThreadPoolExecutor.java:617)
	at java.lang.Thread.run(Thread.java:745)
Caused by: java.net.ConnectException: Connection refused: /127.0.0.1:9422
	at sun.nio.ch.SocketChannelImpl.checkConnect(Native Method)
	at sun.nio.ch.SocketChannelImpl.finishConnect(SocketChannelImpl.java:712)
	at org.jboss.netty.channel.socket.nio.NioClientBoss.connect(NioClientBoss.java:152)
	at org.jboss.netty.channel.socket.nio.NioClientBoss.processSelectedKeys(NioClientBoss.java:105)
	at org.jboss.netty.channel.socket.nio.NioClientBoss.process(NioClientBoss.java:79)
	at org.jboss.netty.channel.socket.nio.AbstractNioSelector.run(AbstractNioSelector.java:337)
	at org.jboss.netty.channel.socket.nio.NioClientBoss.run(NioClientBoss.java:42)
	at org.jboss.netty.util.ThreadRenamingRunnable.run(ThreadRenamingRunnable.java:108)
	at org.jboss.netty.util.internal.DeadLockProofWorker$1.run(DeadLockProofWorker.java:42)
	... 3 more
[2016-03-29 17:29:43,837][TRACE][org.elasticsearch.discovery.zen.ping.unicast] [node_t0] [4] connecting (light) to {#zen_unicast_10#}{::1}{[::1]:9424}
[2016-03-29 17:29:43,837][TRACE][org.elasticsearch.discovery.zen.ping.unicast] [node_t0] [4] connecting (light) to {#zen_unicast_8#}{::1}{[::1]:9422}
[2016-03-29 17:29:43,837][TRACE][org.elasticsearch.discovery.zen.ping.unicast] [node_t0] [4] failed to connect to {#zen_unicast_4#}{127.0.0.1}{127.0.0.1:9423}
ConnectTransportException[[][127.0.0.1:9423] connect_timeout[30s]]; nested: ConnectException[Connection refused: /127.0.0.1:9423];
	at org.elasticsearch.transport.netty.NettyTransport.connectToChannelsLight(NettyTransport.java:954)
	at org.elasticsearch.transport.netty.NettyTransport.connectToNode(NettyTransport.java:918)
	at org.elasticsearch.transport.netty.NettyTransport.connectToNodeLight(NettyTransport.java:890)
	at org.elasticsearch.test.transport.MockTransportService$LookupTestTransport.connectToNodeLight(MockTransportService.java:413)
	at org.elasticsearch.transport.TransportService.connectToNodeLight(TransportService.java:242)
	at org.elasticsearch.discovery.zen.ping.unicast.UnicastZenPing$3.run(UnicastZenPing.java:395)
	at java.util.concurrent.ThreadPoolExecutor.runWorker(ThreadPoolExecutor.java:1142)
	at java.util.concurrent.ThreadPoolExecutor$Worker.run(ThreadPoolExecutor.java:617)
	at java.lang.Thread.run(Thread.java:745)
Caused by: java.net.ConnectException: Connection refused: /127.0.0.1:9423
	at sun.nio.ch.SocketChannelImpl.checkConnect(Native Method)
	at sun.nio.ch.SocketChannelImpl.finishConnect(SocketChannelImpl.java:712)
	at org.jboss.netty.channel.socket.nio.NioClientBoss.connect(NioClientBoss.java:152)
	at org.jboss.netty.channel.socket.nio.NioClientBoss.processSelectedKeys(NioClientBoss.java:105)
	at org.jboss.netty.channel.socket.nio.NioClientBoss.process(NioClientBoss.java:79)
	at org.jboss.netty.channel.socket.nio.AbstractNioSelector.run(AbstractNioSelector.java:337)
	at org.jboss.netty.channel.socket.nio.NioClientBoss.run(NioClientBoss.java:42)
	at org.jboss.netty.util.ThreadRenamingRunnable.run(ThreadRenamingRunnable.java:108)
	at org.jboss.netty.util.internal.DeadLockProofWorker$1.run(DeadLockProofWorker.java:42)
	... 3 more
[2016-03-29 17:29:43,837][TRACE][org.elasticsearch.discovery.zen.ping.unicast] [node_t0] [4] failed to connect to {#zen_unicast_9#}{::1}{[::1]:9423}
ConnectTransportException[[][[::1]:9423] connect_timeout[30s]]; nested: ConnectException[Connection refused: /0:0:0:0:0:0:0:1:9423];
	at org.elasticsearch.transport.netty.NettyTransport.connectToChannelsLight(NettyTransport.java:954)
	at org.elasticsearch.transport.netty.NettyTransport.connectToNode(NettyTransport.java:918)
	at org.elasticsearch.transport.netty.NettyTransport.connectToNodeLight(NettyTransport.java:890)
	at org.elasticsearch.test.transport.MockTransportService$LookupTestTransport.connectToNodeLight(MockTransportService.java:413)
	at org.elasticsearch.transport.TransportService.connectToNodeLight(TransportService.java:242)
	at org.elasticsearch.discovery.zen.ping.unicast.UnicastZenPing$3.run(UnicastZenPing.java:395)
	at java.util.concurrent.ThreadPoolExecutor.runWorker(ThreadPoolExecutor.java:1142)
	at java.util.concurrent.ThreadPoolExecutor$Worker.run(ThreadPoolExecutor.java:617)
	at java.lang.Thread.run(Thread.java:745)
Caused by: java.net.ConnectException: Connection refused: /0:0:0:0:0:0:0:1:9423
	at sun.nio.ch.SocketChannelImpl.checkConnect(Native Method)
	at sun.nio.ch.SocketChannelImpl.finishConnect(SocketChannelImpl.java:712)
	at org.jboss.netty.channel.socket.nio.NioClientBoss.connect(NioClientBoss.java:152)
	at org.jboss.netty.channel.socket.nio.NioClientBoss.processSelectedKeys(NioClientBoss.java:105)
	at org.jboss.netty.channel.socket.nio.NioClientBoss.process(NioClientBoss.java:79)
	at org.jboss.netty.channel.socket.nio.AbstractNioSelector.run(AbstractNioSelector.java:337)
	at org.jboss.netty.channel.socket.nio.NioClientBoss.run(NioClientBoss.java:42)
	at org.jboss.netty.util.ThreadRenamingRunnable.run(ThreadRenamingRunnable.java:108)
	at org.jboss.netty.util.internal.DeadLockProofWorker$1.run(DeadLockProofWorker.java:42)
	... 3 more
[2016-03-29 17:29:43,837][TRACE][org.elasticsearch.discovery.zen.ping.unicast] [node_t0] [4] failed to connect to {#zen_unicast_5#}{127.0.0.1}{127.0.0.1:9424}
ConnectTransportException[[][127.0.0.1:9424] connect_timeout[30s]]; nested: ConnectException[Connection refused: /127.0.0.1:9424];
	at org.elasticsearch.transport.netty.NettyTransport.connectToChannelsLight(NettyTransport.java:954)
	at org.elasticsearch.transport.netty.NettyTransport.connectToNode(NettyTransport.java:918)
	at org.elasticsearch.transport.netty.NettyTransport.connectToNodeLight(NettyTransport.java:890)
	at org.elasticsearch.test.transport.MockTransportService$LookupTestTransport.connectToNodeLight(MockTransportService.java:413)
	at org.elasticsearch.transport.TransportService.connectToNodeLight(TransportService.java:242)
	at org.elasticsearch.discovery.zen.ping.unicast.UnicastZenPing$3.run(UnicastZenPing.java:395)
	at java.util.concurrent.ThreadPoolExecutor.runWorker(ThreadPoolExecutor.java:1142)
	at java.util.concurrent.ThreadPoolExecutor$Worker.run(ThreadPoolExecutor.java:617)
	at java.lang.Thread.run(Thread.java:745)
Caused by: java.net.ConnectException: Connection refused: /127.0.0.1:9424
	at sun.nio.ch.SocketChannelImpl.checkConnect(Native Method)
	at sun.nio.ch.SocketChannelImpl.finishConnect(SocketChannelImpl.java:712)
	at org.jboss.netty.channel.socket.nio.NioClientBoss.connect(NioClientBoss.java:152)
	at org.jboss.netty.channel.socket.nio.NioClientBoss.processSelectedKeys(NioClientBoss.java:105)
	at org.jboss.netty.channel.socket.nio.NioClientBoss.process(NioClientBoss.java:79)
	at org.jboss.netty.channel.socket.nio.AbstractNioSelector.run(AbstractNioSelector.java:337)
	at org.jboss.netty.channel.socket.nio.NioClientBoss.run(NioClientBoss.java:42)
	at org.jboss.netty.util.ThreadRenamingRunnable.run(ThreadRenamingRunnable.java:108)
	at org.jboss.netty.util.internal.DeadLockProofWorker$1.run(DeadLockProofWorker.java:42)
	... 3 more
[2016-03-29 17:29:43,837][TRACE][org.elasticsearch.discovery.zen.ping.unicast] [node_t0] [4] received response from {#zen_unicast_2#}{127.0.0.1}{127.0.0.1:9421}: [ping_response{node [{node_t2}{F-u4jQqMTgCSFvClNNIaBA}{127.0.0.1}{127.0.0.1:9421}[mode=>network]], id[647], master [null], hasJoinedOnce [false], cluster_name[TEST-CHILD_VM=[0]-CLUSTER_SEED=[-8106659381411338889]-HASH=[14406DC76783A180]-cluster]}, ping_response{node [{node_t2}{F-u4jQqMTgCSFvClNNIaBA}{127.0.0.1}{127.0.0.1:9421}[mode=>network]], id[647], master [null], hasJoinedOnce [false], cluster_name[TEST-CHILD_VM=[0]-CLUSTER_SEED=[-8106659381411338889]-HASH=[14406DC76783A180]-cluster]}, ping_response{node [{node_t2}{F-u4jQqMTgCSFvClNNIaBA}{127.0.0.1}{127.0.0.1:9421}[mode=>network]], id[647], master [null], hasJoinedOnce [false], cluster_name[TEST-CHILD_VM=[0]-CLUSTER_SEED=[-8106659381411338889]-HASH=[14406DC76783A180]-cluster]}, ping_response{node [{node_t0}{nMu_6boQR--7IGHETEaC6A}{127.0.0.1}{127.0.0.1:9420}[mode=>network]], id[653], master [null], hasJoinedOnce [true], cluster_name[TEST-CHILD_VM=[0]-CLUSTER_SEED=[-8106659381411338889]-HASH=[14406DC76783A180]-cluster]}, ping_response{node [{node_t0}{nMu_6boQR--7IGHETEaC6A}{127.0.0.1}{127.0.0.1:9420}[mode=>network]], id[653], master [null], hasJoinedOnce [true], cluster_name[TEST-CHILD_VM=[0]-CLUSTER_SEED=[-8106659381411338889]-HASH=[14406DC76783A180]-cluster]}, ping_response{node [{node_t0}{nMu_6boQR--7IGHETEaC6A}{127.0.0.1}{127.0.0.1:9420}[mode=>network]], id[653], master [null], hasJoinedOnce [true], cluster_name[TEST-CHILD_VM=[0]-CLUSTER_SEED=[-8106659381411338889]-HASH=[14406DC76783A180]-cluster]}, ping_response{node [{node_t2}{F-u4jQqMTgCSFvClNNIaBA}{127.0.0.1}{127.0.0.1:9421}[mode=>network]], id[660], master [null], hasJoinedOnce [false], cluster_name[TEST-CHILD_VM=[0]-CLUSTER_SEED=[-8106659381411338889]-HASH=[14406DC76783A180]-cluster]}, ping_response{node [{node_t2}{F-u4jQqMTgCSFvClNNIaBA}{127.0.0.1}{127.0.0.1:9421}[mode=>network]], id[660], master [null], hasJoinedOnce [false], cluster_name[TEST-CHILD_VM=[0]-CLUSTER_SEED=[-8106659381411338889]-HASH=[14406DC76783A180]-cluster]}, ping_response{node [{node_t2}{F-u4jQqMTgCSFvClNNIaBA}{127.0.0.1}{127.0.0.1:9421}[mode=>network]], id[660], master [null], hasJoinedOnce [false], cluster_name[TEST-CHILD_VM=[0]-CLUSTER_SEED=[-8106659381411338889]-HASH=[14406DC76783A180]-cluster]}, ping_response{node [{node_t0}{nMu_6boQR--7IGHETEaC6A}{127.0.0.1}{127.0.0.1:9420}[mode=>network]], id[667], master [null], hasJoinedOnce [true], cluster_name[TEST-CHILD_VM=[0]-CLUSTER_SEED=[-8106659381411338889]-HASH=[14406DC76783A180]-cluster]}, ping_response{node [{node_t2}{F-u4jQqMTgCSFvClNNIaBA}{127.0.0.1}{127.0.0.1:9421}[mode=>network]], id[669], master [null], hasJoinedOnce [false], cluster_name[TEST-CHILD_VM=[0]-CLUSTER_SEED=[-8106659381411338889]-HASH=[14406DC76783A180]-cluster]}]
[2016-03-29 17:29:43,839][TRACE][org.elasticsearch.discovery.zen.ping.unicast] [node_t0] [4] failed to connect to {#zen_unicast_8#}{::1}{[::1]:9422}
ConnectTransportException[[][[::1]:9422] connect_timeout[30s]]; nested: ConnectException[Connection refused: /0:0:0:0:0:0:0:1:9422];
	at org.elasticsearch.transport.netty.NettyTransport.connectToChannelsLight(NettyTransport.java:954)
	at org.elasticsearch.transport.netty.NettyTransport.connectToNode(NettyTransport.java:918)
	at org.elasticsearch.transport.netty.NettyTransport.connectToNodeLight(NettyTransport.java:890)
	at org.elasticsearch.test.transport.MockTransportService$LookupTestTransport.connectToNodeLight(MockTransportService.java:413)
	at org.elasticsearch.transport.TransportService.connectToNodeLight(TransportService.java:242)
	at org.elasticsearch.discovery.zen.ping.unicast.UnicastZenPing$3.run(UnicastZenPing.java:395)
	at java.util.concurrent.ThreadPoolExecutor.runWorker(ThreadPoolExecutor.java:1142)
	at java.util.concurrent.ThreadPoolExecutor$Worker.run(ThreadPoolExecutor.java:617)
	at java.lang.Thread.run(Thread.java:745)
Caused by: java.net.ConnectException: Connection refused: /0:0:0:0:0:0:0:1:9422
	at sun.nio.ch.SocketChannelImpl.checkConnect(Native Method)
	at sun.nio.ch.SocketChannelImpl.finishConnect(SocketChannelImpl.java:712)
	at org.jboss.netty.channel.socket.nio.NioClientBoss.connect(NioClientBoss.java:152)
	at org.jboss.netty.channel.socket.nio.NioClientBoss.processSelectedKeys(NioClientBoss.java:105)
	at org.jboss.netty.channel.socket.nio.NioClientBoss.process(NioClientBoss.java:79)
	at org.jboss.netty.channel.socket.nio.AbstractNioSelector.run(AbstractNioSelector.java:337)
	at org.jboss.netty.channel.socket.nio.NioClientBoss.run(NioClientBoss.java:42)
	at org.jboss.netty.util.ThreadRenamingRunnable.run(ThreadRenamingRunnable.java:108)
	at org.jboss.netty.util.internal.DeadLockProofWorker$1.run(DeadLockProofWorker.java:42)
	... 3 more
[2016-03-29 17:29:43,839][TRACE][org.elasticsearch.discovery.zen.ping.unicast] [node_t0] [4] received response from {#zen_unicast_6#}{::1}{[::1]:9420}: [ping_response{node [{node_t0}{nMu_6boQR--7IGHETEaC6A}{127.0.0.1}{127.0.0.1:9420}[mode=>network]], id[643], master [{node_t1}{JMRMCPFeQ-OI3jC4mS0RAA}{127.0.0.1}{127.0.0.1:9421}[mode=>network]], hasJoinedOnce [true], cluster_name[TEST-CHILD_VM=[0]-CLUSTER_SEED=[-8106659381411338889]-HASH=[14406DC76783A180]-cluster]}, ping_response{node [{node_t0}{nMu_6boQR--7IGHETEaC6A}{127.0.0.1}{127.0.0.1:9420}[mode=>network]], id[643], master [{node_t1}{JMRMCPFeQ-OI3jC4mS0RAA}{127.0.0.1}{127.0.0.1:9421}[mode=>network]], hasJoinedOnce [true], cluster_name[TEST-CHILD_VM=[0]-CLUSTER_SEED=[-8106659381411338889]-HASH=[14406DC76783A180]-cluster]}, ping_response{node [{node_t0}{nMu_6boQR--7IGHETEaC6A}{127.0.0.1}{127.0.0.1:9420}[mode=>network]], id[643], master [{node_t1}{JMRMCPFeQ-OI3jC4mS0RAA}{127.0.0.1}{127.0.0.1:9421}[mode=>network]], hasJoinedOnce [true], cluster_name[TEST-CHILD_VM=[0]-CLUSTER_SEED=[-8106659381411338889]-HASH=[14406DC76783A180]-cluster]}, ping_response{node [{node_t2}{F-u4jQqMTgCSFvClNNIaBA}{127.0.0.1}{127.0.0.1:9421}[mode=>network]], id[647], master [null], hasJoinedOnce [false], cluster_name[TEST-CHILD_VM=[0]-CLUSTER_SEED=[-8106659381411338889]-HASH=[14406DC76783A180]-cluster]}, ping_response{node [{node_t2}{F-u4jQqMTgCSFvClNNIaBA}{127.0.0.1}{127.0.0.1:9421}[mode=>network]], id[647], master [null], hasJoinedOnce [false], cluster_name[TEST-CHILD_VM=[0]-CLUSTER_SEED=[-8106659381411338889]-HASH=[14406DC76783A180]-cluster]}, ping_response{node [{node_t0}{nMu_6boQR--7IGHETEaC6A}{127.0.0.1}{127.0.0.1:9420}[mode=>network]], id[653], master [null], hasJoinedOnce [true], cluster_name[TEST-CHILD_VM=[0]-CLUSTER_SEED=[-8106659381411338889]-HASH=[14406DC76783A180]-cluster]}, ping_response{node [{node_t0}{nMu_6boQR--7IGHETEaC6A}{127.0.0.1}{127.0.0.1:9420}[mode=>network]], id[653], master [null], hasJoinedOnce [true], cluster_name[TEST-CHILD_VM=[0]-CLUSTER_SEED=[-8106659381411338889]-HASH=[14406DC76783A180]-cluster]}, ping_response{node [{node_t0}{nMu_6boQR--7IGHETEaC6A}{127.0.0.1}{127.0.0.1:9420}[mode=>network]], id[653], master [null], hasJoinedOnce [true], cluster_name[TEST-CHILD_VM=[0]-CLUSTER_SEED=[-8106659381411338889]-HASH=[14406DC76783A180]-cluster]}, ping_response{node [{node_t2}{F-u4jQqMTgCSFvClNNIaBA}{127.0.0.1}{127.0.0.1:9421}[mode=>network]], id[660], master [null], hasJoinedOnce [false], cluster_name[TEST-CHILD_VM=[0]-CLUSTER_SEED=[-8106659381411338889]-HASH=[14406DC76783A180]-cluster]}, ping_response{node [{node_t2}{F-u4jQqMTgCSFvClNNIaBA}{127.0.0.1}{127.0.0.1:9421}[mode=>network]], id[660], master [null], hasJoinedOnce [false], cluster_name[TEST-CHILD_VM=[0]-CLUSTER_SEED=[-8106659381411338889]-HASH=[14406DC76783A180]-cluster]}, ping_response{node [{node_t2}{F-u4jQqMTgCSFvClNNIaBA}{127.0.0.1}{127.0.0.1:9421}[mode=>network]], id[660], master [null], hasJoinedOnce [false], cluster_name[TEST-CHILD_VM=[0]-CLUSTER_SEED=[-8106659381411338889]-HASH=[14406DC76783A180]-cluster]}, ping_response{node [{node_t0}{nMu_6boQR--7IGHETEaC6A}{127.0.0.1}{127.0.0.1:9420}[mode=>network]], id[667], master [null], hasJoinedOnce [true], cluster_name[TEST-CHILD_VM=[0]-CLUSTER_SEED=[-8106659381411338889]-HASH=[14406DC76783A180]-cluster]}, ping_response{node [{node_t0}{nMu_6boQR--7IGHETEaC6A}{127.0.0.1}{127.0.0.1:9420}[mode=>network]], id[667], master [null], hasJoinedOnce [true], cluster_name[TEST-CHILD_VM=[0]-CLUSTER_SEED=[-8106659381411338889]-HASH=[14406DC76783A180]-cluster]}, ping_response{node [{node_t0}{nMu_6boQR--7IGHETEaC6A}{127.0.0.1}{127.0.0.1:9420}[mode=>network]], id[667], master [null], hasJoinedOnce [true], cluster_name[TEST-CHILD_VM=[0]-CLUSTER_SEED=[-8106659381411338889]-HASH=[14406DC76783A180]-cluster]}, ping_response{node [{node_t0}{nMu_6boQR--7IGHETEaC6A}{127.0.0.1}{127.0.0.1:9420}[mode=>network]], id[672], master [null], hasJoinedOnce [true], cluster_name[TEST-CHILD_VM=[0]-CLUSTER_SEED=[-8106659381411338889]-HASH=[14406DC76783A180]-cluster]}]
[2016-03-29 17:29:43,838][TRACE][org.elasticsearch.discovery.zen.ping.unicast] [node_t0] [4] failed to connect to {#zen_unicast_10#}{::1}{[::1]:9424}
ConnectTransportException[[][[::1]:9424] connect_timeout[30s]]; nested: ConnectException[Connection refused: /0:0:0:0:0:0:0:1:9424];
	at org.elasticsearch.transport.netty.NettyTransport.connectToChannelsLight(NettyTransport.java:954)
	at org.elasticsearch.transport.netty.NettyTransport.connectToNode(NettyTransport.java:918)
	at org.elasticsearch.transport.netty.NettyTransport.connectToNodeLight(NettyTransport.java:890)
	at org.elasticsearch.test.transport.MockTransportService$LookupTestTransport.connectToNodeLight(MockTransportService.java:413)
	at org.elasticsearch.transport.TransportService.connectToNodeLight(TransportService.java:242)
	at org.elasticsearch.discovery.zen.ping.unicast.UnicastZenPing$3.run(UnicastZenPing.java:395)
	at java.util.concurrent.ThreadPoolExecutor.runWorker(ThreadPoolExecutor.java:1142)
	at java.util.concurrent.ThreadPoolExecutor$Worker.run(ThreadPoolExecutor.java:617)
	at java.lang.Thread.run(Thread.java:745)
Caused by: java.net.ConnectException: Connection refused: /0:0:0:0:0:0:0:1:9424
	at sun.nio.ch.SocketChannelImpl.checkConnect(Native Method)
	at sun.nio.ch.SocketChannelImpl.finishConnect(SocketChannelImpl.java:712)
	at org.jboss.netty.channel.socket.nio.NioClientBoss.connect(NioClientBoss.java:152)
	at org.jboss.netty.channel.socket.nio.NioClientBoss.processSelectedKeys(NioClientBoss.java:105)
	at org.jboss.netty.channel.socket.nio.NioClientBoss.process(NioClientBoss.java:79)
	at org.jboss.netty.channel.socket.nio.AbstractNioSelector.run(AbstractNioSelector.java:337)
	at org.jboss.netty.channel.socket.nio.NioClientBoss.run(NioClientBoss.java:42)
	at org.jboss.netty.util.ThreadRenamingRunnable.run(ThreadRenamingRunnable.java:108)
	at org.jboss.netty.util.internal.DeadLockProofWorker$1.run(DeadLockProofWorker.java:42)
	... 3 more
[2016-03-29 17:29:43,840][TRACE][org.elasticsearch.discovery.zen.ping.unicast] [node_t0] [4] received response from {#zen_unicast_7#}{::1}{[::1]:9421}: [ping_response{node [{node_t2}{F-u4jQqMTgCSFvClNNIaBA}{127.0.0.1}{127.0.0.1:9421}[mode=>network]], id[647], master [null], hasJoinedOnce [false], cluster_name[TEST-CHILD_VM=[0]-CLUSTER_SEED=[-8106659381411338889]-HASH=[14406DC76783A180]-cluster]}, ping_response{node [{node_t2}{F-u4jQqMTgCSFvClNNIaBA}{127.0.0.1}{127.0.0.1:9421}[mode=>network]], id[647], master [null], hasJoinedOnce [false], cluster_name[TEST-CHILD_VM=[0]-CLUSTER_SEED=[-8106659381411338889]-HASH=[14406DC76783A180]-cluster]}, ping_response{node [{node_t2}{F-u4jQqMTgCSFvClNNIaBA}{127.0.0.1}{127.0.0.1:9421}[mode=>network]], id[647], master [null], hasJoinedOnce [false], cluster_name[TEST-CHILD_VM=[0]-CLUSTER_SEED=[-8106659381411338889]-HASH=[14406DC76783A180]-cluster]}, ping_response{node [{node_t0}{nMu_6boQR--7IGHETEaC6A}{127.0.0.1}{127.0.0.1:9420}[mode=>network]], id[653], master [null], hasJoinedOnce [true], cluster_name[TEST-CHILD_VM=[0]-CLUSTER_SEED=[-8106659381411338889]-HASH=[14406DC76783A180]-cluster]}, ping_response{node [{node_t0}{nMu_6boQR--7IGHETEaC6A}{127.0.0.1}{127.0.0.1:9420}[mode=>network]], id[653], master [null], hasJoinedOnce [true], cluster_name[TEST-CHILD_VM=[0]-CLUSTER_SEED=[-8106659381411338889]-HASH=[14406DC76783A180]-cluster]}, ping_response{node [{node_t0}{nMu_6boQR--7IGHETEaC6A}{127.0.0.1}{127.0.0.1:9420}[mode=>network]], id[653], master [null], hasJoinedOnce [true], cluster_name[TEST-CHILD_VM=[0]-CLUSTER_SEED=[-8106659381411338889]-HASH=[14406DC76783A180]-cluster]}, ping_response{node [{node_t2}{F-u4jQqMTgCSFvClNNIaBA}{127.0.0.1}{127.0.0.1:9421}[mode=>network]], id[660], master [null], hasJoinedOnce [false], cluster_name[TEST-CHILD_VM=[0]-CLUSTER_SEED=[-8106659381411338889]-HASH=[14406DC76783A180]-cluster]}, ping_response{node [{node_t2}{F-u4jQqMTgCSFvClNNIaBA}{127.0.0.1}{127.0.0.1:9421}[mode=>network]], id[660], master [null], hasJoinedOnce [false], cluster_name[TEST-CHILD_VM=[0]-CLUSTER_SEED=[-8106659381411338889]-HASH=[14406DC76783A180]-cluster]}, ping_response{node [{node_t2}{F-u4jQqMTgCSFvClNNIaBA}{127.0.0.1}{127.0.0.1:9421}[mode=>network]], id[660], master [null], hasJoinedOnce [false], cluster_name[TEST-CHILD_VM=[0]-CLUSTER_SEED=[-8106659381411338889]-HASH=[14406DC76783A180]-cluster]}, ping_response{node [{node_t0}{nMu_6boQR--7IGHETEaC6A}{127.0.0.1}{127.0.0.1:9420}[mode=>network]], id[667], master [null], hasJoinedOnce [true], cluster_name[TEST-CHILD_VM=[0]-CLUSTER_SEED=[-8106659381411338889]-HASH=[14406DC76783A180]-cluster]}, ping_response{node [{node_t0}{nMu_6boQR--7IGHETEaC6A}{127.0.0.1}{127.0.0.1:9420}[mode=>network]], id[667], master [null], hasJoinedOnce [true], cluster_name[TEST-CHILD_VM=[0]-CLUSTER_SEED=[-8106659381411338889]-HASH=[14406DC76783A180]-cluster]}, ping_response{node [{node_t2}{F-u4jQqMTgCSFvClNNIaBA}{127.0.0.1}{127.0.0.1:9421}[mode=>network]], id[670], master [null], hasJoinedOnce [false], cluster_name[TEST-CHILD_VM=[0]-CLUSTER_SEED=[-8106659381411338889]-HASH=[14406DC76783A180]-cluster]}]
[2016-03-29 17:29:43,839][TRACE][org.elasticsearch.discovery.zen.ping.unicast] [node_t0] [4] connected to {node_t2}{F-u4jQqMTgCSFvClNNIaBA}{127.0.0.1}{127.0.0.1:9421}[mode=>network]
[2016-03-29 17:29:43,840][TRACE][org.elasticsearch.discovery.zen.ping.unicast] [node_t0] [4] sending to {#zen_unicast_13_F-u4jQqMTgCSFvClNNIaBA#}{127.0.0.1}{127.0.0.1:9421}[mode=>network]
[2016-03-29 17:29:43,841][TRACE][org.elasticsearch.discovery.zen.ping.unicast] [node_t0] [4] received response from {#zen_unicast_13_F-u4jQqMTgCSFvClNNIaBA#}{127.0.0.1}{127.0.0.1:9421}[mode=>network]: [ping_response{node [{node_t2}{F-u4jQqMTgCSFvClNNIaBA}{127.0.0.1}{127.0.0.1:9421}[mode=>network]], id[647], master [null], hasJoinedOnce [false], cluster_name[TEST-CHILD_VM=[0]-CLUSTER_SEED=[-8106659381411338889]-HASH=[14406DC76783A180]-cluster]}, ping_response{node [{node_t2}{F-u4jQqMTgCSFvClNNIaBA}{127.0.0.1}{127.0.0.1:9421}[mode=>network]], id[647], master [null], hasJoinedOnce [false], cluster_name[TEST-CHILD_VM=[0]-CLUSTER_SEED=[-8106659381411338889]-HASH=[14406DC76783A180]-cluster]}, ping_response{node [{node_t2}{F-u4jQqMTgCSFvClNNIaBA}{127.0.0.1}{127.0.0.1:9421}[mode=>network]], id[647], master [null], hasJoinedOnce [false], cluster_name[TEST-CHILD_VM=[0]-CLUSTER_SEED=[-8106659381411338889]-HASH=[14406DC76783A180]-cluster]}, ping_response{node [{node_t0}{nMu_6boQR--7IGHETEaC6A}{127.0.0.1}{127.0.0.1:9420}[mode=>network]], id[653], master [null], hasJoinedOnce [true], cluster_name[TEST-CHILD_VM=[0]-CLUSTER_SEED=[-8106659381411338889]-HASH=[14406DC76783A180]-cluster]}, ping_response{node [{node_t0}{nMu_6boQR--7IGHETEaC6A}{127.0.0.1}{127.0.0.1:9420}[mode=>network]], id[653], master [null], hasJoinedOnce [true], cluster_name[TEST-CHILD_VM=[0]-CLUSTER_SEED=[-8106659381411338889]-HASH=[14406DC76783A180]-cluster]}, ping_response{node [{node_t0}{nMu_6boQR--7IGHETEaC6A}{127.0.0.1}{127.0.0.1:9420}[mode=>network]], id[653], master [null], hasJoinedOnce [true], cluster_name[TEST-CHILD_VM=[0]-CLUSTER_SEED=[-8106659381411338889]-HASH=[14406DC76783A180]-cluster]}, ping_response{node [{node_t2}{F-u4jQqMTgCSFvClNNIaBA}{127.0.0.1}{127.0.0.1:9421}[mode=>network]], id[660], master [null], hasJoinedOnce [false], cluster_name[TEST-CHILD_VM=[0]-CLUSTER_SEED=[-8106659381411338889]-HASH=[14406DC76783A180]-cluster]}, ping_response{node [{node_t2}{F-u4jQqMTgCSFvClNNIaBA}{127.0.0.1}{127.0.0.1:9421}[mode=>network]], id[660], master [null], hasJoinedOnce [false], cluster_name[TEST-CHILD_VM=[0]-CLUSTER_SEED=[-8106659381411338889]-HASH=[14406DC76783A180]-cluster]}, ping_response{node [{node_t2}{F-u4jQqMTgCSFvClNNIaBA}{127.0.0.1}{127.0.0.1:9421}[mode=>network]], id[660], master [null], hasJoinedOnce [false], cluster_name[TEST-CHILD_VM=[0]-CLUSTER_SEED=[-8106659381411338889]-HASH=[14406DC76783A180]-cluster]}, ping_response{node [{node_t0}{nMu_6boQR--7IGHETEaC6A}{127.0.0.1}{127.0.0.1:9420}[mode=>network]], id[667], master [null], hasJoinedOnce [true], cluster_name[TEST-CHILD_VM=[0]-CLUSTER_SEED=[-8106659381411338889]-HASH=[14406DC76783A180]-cluster]}, ping_response{node [{node_t0}{nMu_6boQR--7IGHETEaC6A}{127.0.0.1}{127.0.0.1:9420}[mode=>network]], id[667], master [null], hasJoinedOnce [true], cluster_name[TEST-CHILD_VM=[0]-CLUSTER_SEED=[-8106659381411338889]-HASH=[14406DC76783A180]-cluster]}, ping_response{node [{node_t0}{nMu_6boQR--7IGHETEaC6A}{127.0.0.1}{127.0.0.1:9420}[mode=>network]], id[667], master [null], hasJoinedOnce [true], cluster_name[TEST-CHILD_VM=[0]-CLUSTER_SEED=[-8106659381411338889]-HASH=[14406DC76783A180]-cluster]}, ping_response{node [{node_t2}{F-u4jQqMTgCSFvClNNIaBA}{127.0.0.1}{127.0.0.1:9421}[mode=>network]], id[673], master [null], hasJoinedOnce [false], cluster_name[TEST-CHILD_VM=[0]-CLUSTER_SEED=[-8106659381411338889]-HASH=[14406DC76783A180]-cluster]}]
[2016-03-29 17:29:43,841][TRACE][org.elasticsearch.discovery.zen.ping.unicast] [node_t0] [4] disconnecting from {#zen_unicast_2#}{127.0.0.1}{127.0.0.1:9421}
[2016-03-29 17:29:43,841][TRACE][org.elasticsearch.discovery.zen] [node_t0] full ping responses:
	--> ping_response{node [{node_t2}{F-u4jQqMTgCSFvClNNIaBA}{127.0.0.1}{127.0.0.1:9421}[mode=>network]], id[673], master [null], hasJoinedOnce [false], cluster_name[TEST-CHILD_VM=[0]-CLUSTER_SEED=[-8106659381411338889]-HASH=[14406DC76783A180]-cluster]}
	--> ping_response{node [{node_t1}{JMRMCPFeQ-OI3jC4mS0RAA}{127.0.0.1}{127.0.0.1:9421}[mode=>network]], id[636], master [null], hasJoinedOnce [false], cluster_name[TEST-CHILD_VM=[0]-CLUSTER_SEED=[-8106659381411338889]-HASH=[14406DC76783A180]-cluster]}
[2016-03-29 17:29:43,841][TRACE][org.elasticsearch.discovery.zen.ping.unicast] [node_t0] [4] disconnecting from {#zen_unicast_6#}{::1}{[::1]:9420}
[2016-03-29 17:29:43,841][DEBUG][org.elasticsearch.discovery.zen] [node_t0] filtered ping responses: (filter_client[true], filter_data[false])
	--> ping_response{node [{node_t2}{F-u4jQqMTgCSFvClNNIaBA}{127.0.0.1}{127.0.0.1:9421}[mode=>network]], id[673], master [null], hasJoinedOnce [false], cluster_name[TEST-CHILD_VM=[0]-CLUSTER_SEED=[-8106659381411338889]-HASH=[14406DC76783A180]-cluster]}
	--> ping_response{node [{node_t1}{JMRMCPFeQ-OI3jC4mS0RAA}{127.0.0.1}{127.0.0.1:9421}[mode=>network]], id[636], master [null], hasJoinedOnce [false], cluster_name[TEST-CHILD_VM=[0]-CLUSTER_SEED=[-8106659381411338889]-HASH=[14406DC76783A180]-cluster]}
[2016-03-29 17:29:43,841][TRACE][org.elasticsearch.discovery.zen] [node_t0] adding local node to the list of active nodes who has previously joined the cluster (joins counter is [1})
[2016-03-29 17:29:43,841][TRACE][org.elasticsearch.discovery.zen.ping.unicast] [node_t0] [4] disconnecting from {#zen_unicast_5#}{127.0.0.1}{127.0.0.1:9424}
[2016-03-29 17:29:43,841][DEBUG][org.elasticsearch.discovery.zen] [node_t0] elected as master, waiting for incoming joins ([1] needed)
[2016-03-29 17:29:43,842][TRACE][org.elasticsearch.discovery.zen.ping.unicast] [node_t0] [4] disconnecting from {#zen_unicast_4#}{127.0.0.1}{127.0.0.1:9423}
[2016-03-29 17:29:43,842][TRACE][org.elasticsearch.discovery.zen] [node_t0] not enough joins for election. Got [0], required [1]
[2016-03-29 17:29:43,842][TRACE][org.elasticsearch.discovery.zen.ping.unicast] [node_t0] [4] disconnecting from {#zen_unicast_3#}{127.0.0.1}{127.0.0.1:9422}
[2016-03-29 17:29:43,842][TRACE][org.elasticsearch.discovery.zen.ping.unicast] [node_t0] [4] disconnecting from {#zen_unicast_10#}{::1}{[::1]:9424}
[2016-03-29 17:29:43,842][TRACE][org.elasticsearch.discovery.zen.ping.unicast] [node_t0] [4] disconnecting from {#zen_unicast_12_F-u4jQqMTgCSFvClNNIaBA#}{127.0.0.1}{127.0.0.1:9421}[mode=>network]
[2016-03-29 17:29:43,842][TRACE][org.elasticsearch.discovery.zen.ping.unicast] [node_t0] [4] disconnecting from {#zen_unicast_13_F-u4jQqMTgCSFvClNNIaBA#}{127.0.0.1}{127.0.0.1:9421}[mode=>network]
[2016-03-29 17:29:43,842][TRACE][org.elasticsearch.discovery.zen.ping.unicast] [node_t0] [4] disconnecting from {#zen_unicast_9#}{::1}{[::1]:9423}
[2016-03-29 17:29:43,842][TRACE][org.elasticsearch.discovery.zen.ping.unicast] [node_t0] [4] disconnecting from {#zen_unicast_8#}{::1}{[::1]:9422}
[2016-03-29 17:29:43,842][TRACE][org.elasticsearch.discovery.zen.ping.unicast] [node_t0] [4] disconnecting from {#zen_unicast_7#}{::1}{[::1]:9421}
[2016-03-29 17:29:43,937][TRACE][org.elasticsearch.discovery.zen.ping.unicast] [node_t2] [1] sending to {#zen_unicast_1#}{127.0.0.1}{127.0.0.1:9420}
[2016-03-29 17:29:43,937][TRACE][org.elasticsearch.discovery.zen.ping.unicast] [node_t2] [1] sending to {node_t2}{F-u4jQqMTgCSFvClNNIaBA}{127.0.0.1}{127.0.0.1:9421}[mode=>network]
[2016-03-29 17:29:43,937][TRACE][org.elasticsearch.discovery.zen.ping.unicast] [node_t2] [1] received response from {node_t2}{F-u4jQqMTgCSFvClNNIaBA}{127.0.0.1}{127.0.0.1:9421}[mode=>network]: [ping_response{node [{node_t2}{F-u4jQqMTgCSFvClNNIaBA}{127.0.0.1}{127.0.0.1:9421}[mode=>network]], id[647], master [null], hasJoinedOnce [false], cluster_name[TEST-CHILD_VM=[0]-CLUSTER_SEED=[-8106659381411338889]-HASH=[14406DC76783A180]-cluster]}, ping_response{node [{node_t2}{F-u4jQqMTgCSFvClNNIaBA}{127.0.0.1}{127.0.0.1:9421}[mode=>network]], id[647], master [null], hasJoinedOnce [false], cluster_name[TEST-CHILD_VM=[0]-CLUSTER_SEED=[-8106659381411338889]-HASH=[14406DC76783A180]-cluster]}, ping_response{node [{node_t2}{F-u4jQqMTgCSFvClNNIaBA}{127.0.0.1}{127.0.0.1:9421}[mode=>network]], id[647], master [null], hasJoinedOnce [false], cluster_name[TEST-CHILD_VM=[0]-CLUSTER_SEED=[-8106659381411338889]-HASH=[14406DC76783A180]-cluster]}, ping_response{node [{node_t0}{nMu_6boQR--7IGHETEaC6A}{127.0.0.1}{127.0.0.1:9420}[mode=>network]], id[653], master [null], hasJoinedOnce [true], cluster_name[TEST-CHILD_VM=[0]-CLUSTER_SEED=[-8106659381411338889]-HASH=[14406DC76783A180]-cluster]}, ping_response{node [{node_t0}{nMu_6boQR--7IGHETEaC6A}{127.0.0.1}{127.0.0.1:9420}[mode=>network]], id[653], master [null], hasJoinedOnce [true], cluster_name[TEST-CHILD_VM=[0]-CLUSTER_SEED=[-8106659381411338889]-HASH=[14406DC76783A180]-cluster]}, ping_response{node [{node_t0}{nMu_6boQR--7IGHETEaC6A}{127.0.0.1}{127.0.0.1:9420}[mode=>network]], id[653], master [null], hasJoinedOnce [true], cluster_name[TEST-CHILD_VM=[0]-CLUSTER_SEED=[-8106659381411338889]-HASH=[14406DC76783A180]-cluster]}, ping_response{node [{node_t2}{F-u4jQqMTgCSFvClNNIaBA}{127.0.0.1}{127.0.0.1:9421}[mode=>network]], id[660], master [null], hasJoinedOnce [false], cluster_name[TEST-CHILD_VM=[0]-CLUSTER_SEED=[-8106659381411338889]-HASH=[14406DC76783A180]-cluster]}, ping_response{node [{node_t2}{F-u4jQqMTgCSFvClNNIaBA}{127.0.0.1}{127.0.0.1:9421}[mode=>network]], id[660], master [null], hasJoinedOnce [false], cluster_name[TEST-CHILD_VM=[0]-CLUSTER_SEED=[-8106659381411338889]-HASH=[14406DC76783A180]-cluster]}, ping_response{node [{node_t2}{F-u4jQqMTgCSFvClNNIaBA}{127.0.0.1}{127.0.0.1:9421}[mode=>network]], id[660], master [null], hasJoinedOnce [false], cluster_name[TEST-CHILD_VM=[0]-CLUSTER_SEED=[-8106659381411338889]-HASH=[14406DC76783A180]-cluster]}, ping_response{node [{node_t0}{nMu_6boQR--7IGHETEaC6A}{127.0.0.1}{127.0.0.1:9420}[mode=>network]], id[667], master [null], hasJoinedOnce [true], cluster_name[TEST-CHILD_VM=[0]-CLUSTER_SEED=[-8106659381411338889]-HASH=[14406DC76783A180]-cluster]}, ping_response{node [{node_t0}{nMu_6boQR--7IGHETEaC6A}{127.0.0.1}{127.0.0.1:9420}[mode=>network]], id[667], master [null], hasJoinedOnce [true], cluster_name[TEST-CHILD_VM=[0]-CLUSTER_SEED=[-8106659381411338889]-HASH=[14406DC76783A180]-cluster]}, ping_response{node [{node_t0}{nMu_6boQR--7IGHETEaC6A}{127.0.0.1}{127.0.0.1:9420}[mode=>network]], id[667], master [null], hasJoinedOnce [true], cluster_name[TEST-CHILD_VM=[0]-CLUSTER_SEED=[-8106659381411338889]-HASH=[14406DC76783A180]-cluster]}, ping_response{node [{node_t2}{F-u4jQqMTgCSFvClNNIaBA}{127.0.0.1}{127.0.0.1:9421}[mode=>network]], id[674], master [null], hasJoinedOnce [false], cluster_name[TEST-CHILD_VM=[0]-CLUSTER_SEED=[-8106659381411338889]-HASH=[14406DC76783A180]-cluster]}, ping_response{node [{node_t2}{F-u4jQqMTgCSFvClNNIaBA}{127.0.0.1}{127.0.0.1:9421}[mode=>network]], id[675], master [null], hasJoinedOnce [false], cluster_name[TEST-CHILD_VM=[0]-CLUSTER_SEED=[-8106659381411338889]-HASH=[14406DC76783A180]-cluster]}]
[2016-03-29 17:29:43,937][TRACE][org.elasticsearch.discovery.zen.ping.unicast] [node_t2] [1] received response from {#zen_unicast_1#}{127.0.0.1}{127.0.0.1:9420}: [ping_response{node [{node_t0}{nMu_6boQR--7IGHETEaC6A}{127.0.0.1}{127.0.0.1:9420}[mode=>network]], id[643], master [{node_t1}{JMRMCPFeQ-OI3jC4mS0RAA}{127.0.0.1}{127.0.0.1:9421}[mode=>network]], hasJoinedOnce [true], cluster_name[TEST-CHILD_VM=[0]-CLUSTER_SEED=[-8106659381411338889]-HASH=[14406DC76783A180]-cluster]}, ping_response{node [{node_t0}{nMu_6boQR--7IGHETEaC6A}{127.0.0.1}{127.0.0.1:9420}[mode=>network]], id[643], master [{node_t1}{JMRMCPFeQ-OI3jC4mS0RAA}{127.0.0.1}{127.0.0.1:9421}[mode=>network]], hasJoinedOnce [true], cluster_name[TEST-CHILD_VM=[0]-CLUSTER_SEED=[-8106659381411338889]-HASH=[14406DC76783A180]-cluster]}, ping_response{node [{node_t0}{nMu_6boQR--7IGHETEaC6A}{127.0.0.1}{127.0.0.1:9420}[mode=>network]], id[643], master [{node_t1}{JMRMCPFeQ-OI3jC4mS0RAA}{127.0.0.1}{127.0.0.1:9421}[mode=>network]], hasJoinedOnce [true], cluster_name[TEST-CHILD_VM=[0]-CLUSTER_SEED=[-8106659381411338889]-HASH=[14406DC76783A180]-cluster]}, ping_response{node [{node_t2}{F-u4jQqMTgCSFvClNNIaBA}{127.0.0.1}{127.0.0.1:9421}[mode=>network]], id[647], master [null], hasJoinedOnce [false], cluster_name[TEST-CHILD_VM=[0]-CLUSTER_SEED=[-8106659381411338889]-HASH=[14406DC76783A180]-cluster]}, ping_response{node [{node_t2}{F-u4jQqMTgCSFvClNNIaBA}{127.0.0.1}{127.0.0.1:9421}[mode=>network]], id[647], master [null], hasJoinedOnce [false], cluster_name[TEST-CHILD_VM=[0]-CLUSTER_SEED=[-8106659381411338889]-HASH=[14406DC76783A180]-cluster]}, ping_response{node [{node_t0}{nMu_6boQR--7IGHETEaC6A}{127.0.0.1}{127.0.0.1:9420}[mode=>network]], id[653], master [null], hasJoinedOnce [true], cluster_name[TEST-CHILD_VM=[0]-CLUSTER_SEED=[-8106659381411338889]-HASH=[14406DC76783A180]-cluster]}, ping_response{node [{node_t0}{nMu_6boQR--7IGHETEaC6A}{127.0.0.1}{127.0.0.1:9420}[mode=>network]], id[653], master [null], hasJoinedOnce [true], cluster_name[TEST-CHILD_VM=[0]-CLUSTER_SEED=[-8106659381411338889]-HASH=[14406DC76783A180]-cluster]}, ping_response{node [{node_t0}{nMu_6boQR--7IGHETEaC6A}{127.0.0.1}{127.0.0.1:9420}[mode=>network]], id[653], master [null], hasJoinedOnce [true], cluster_name[TEST-CHILD_VM=[0]-CLUSTER_SEED=[-8106659381411338889]-HASH=[14406DC76783A180]-cluster]}, ping_response{node [{node_t2}{F-u4jQqMTgCSFvClNNIaBA}{127.0.0.1}{127.0.0.1:9421}[mode=>network]], id[660], master [null], hasJoinedOnce [false], cluster_name[TEST-CHILD_VM=[0]-CLUSTER_SEED=[-8106659381411338889]-HASH=[14406DC76783A180]-cluster]}, ping_response{node [{node_t2}{F-u4jQqMTgCSFvClNNIaBA}{127.0.0.1}{127.0.0.1:9421}[mode=>network]], id[660], master [null], hasJoinedOnce [false], cluster_name[TEST-CHILD_VM=[0]-CLUSTER_SEED=[-8106659381411338889]-HASH=[14406DC76783A180]-cluster]}, ping_response{node [{node_t2}{F-u4jQqMTgCSFvClNNIaBA}{127.0.0.1}{127.0.0.1:9421}[mode=>network]], id[660], master [null], hasJoinedOnce [false], cluster_name[TEST-CHILD_VM=[0]-CLUSTER_SEED=[-8106659381411338889]-HASH=[14406DC76783A180]-cluster]}, ping_response{node [{node_t0}{nMu_6boQR--7IGHETEaC6A}{127.0.0.1}{127.0.0.1:9420}[mode=>network]], id[667], master [null], hasJoinedOnce [true], cluster_name[TEST-CHILD_VM=[0]-CLUSTER_SEED=[-8106659381411338889]-HASH=[14406DC76783A180]-cluster]}, ping_response{node [{node_t0}{nMu_6boQR--7IGHETEaC6A}{127.0.0.1}{127.0.0.1:9420}[mode=>network]], id[667], master [null], hasJoinedOnce [true], cluster_name[TEST-CHILD_VM=[0]-CLUSTER_SEED=[-8106659381411338889]-HASH=[14406DC76783A180]-cluster]}, ping_response{node [{node_t0}{nMu_6boQR--7IGHETEaC6A}{127.0.0.1}{127.0.0.1:9420}[mode=>network]], id[667], master [null], hasJoinedOnce [true], cluster_name[TEST-CHILD_VM=[0]-CLUSTER_SEED=[-8106659381411338889]-HASH=[14406DC76783A180]-cluster]}, ping_response{node [{node_t2}{F-u4jQqMTgCSFvClNNIaBA}{127.0.0.1}{127.0.0.1:9421}[mode=>network]], id[674], master [null], hasJoinedOnce [false], cluster_name[TEST-CHILD_VM=[0]-CLUSTER_SEED=[-8106659381411338889]-HASH=[14406DC76783A180]-cluster]}, ping_response{node [{node_t0}{nMu_6boQR--7IGHETEaC6A}{127.0.0.1}{127.0.0.1:9420}[mode=>network]], id[676], master [null], hasJoinedOnce [true], cluster_name[TEST-CHILD_VM=[0]-CLUSTER_SEED=[-8106659381411338889]-HASH=[14406DC76783A180]-cluster]}]
[2016-03-29 17:29:43,937][TRACE][org.elasticsearch.discovery.zen.ping.unicast] [node_t2] [1] connecting (light) to {#zen_unicast_5#}{127.0.0.1}{127.0.0.1:9424}
[2016-03-29 17:29:43,937][TRACE][org.elasticsearch.discovery.zen.ping.unicast] [node_t2] [1] connecting (light) to {#zen_unicast_4#}{127.0.0.1}{127.0.0.1:9423}
[2016-03-29 17:29:43,937][TRACE][org.elasticsearch.discovery.zen.ping.unicast] [node_t2] [1] sending to {#zen_unicast_6#}{::1}{[::1]:9420}
[2016-03-29 17:29:43,937][TRACE][org.elasticsearch.discovery.zen.ping.unicast] [node_t2] [1] connecting (light) to {#zen_unicast_3#}{127.0.0.1}{127.0.0.1:9422}
[2016-03-29 17:29:43,938][TRACE][org.elasticsearch.discovery.zen.ping.unicast] [node_t2] [1] sending to {#zen_unicast_7#}{::1}{[::1]:9421}
[2016-03-29 17:29:43,938][TRACE][org.elasticsearch.discovery.zen.ping.unicast] [node_t2] [1] sending to {node_t2}{F-u4jQqMTgCSFvClNNIaBA}{127.0.0.1}{127.0.0.1:9421}[mode=>network]
[2016-03-29 17:29:43,938][TRACE][org.elasticsearch.discovery.zen.ping.unicast] [node_t2] [1] connecting (light) to {#zen_unicast_10#}{::1}{[::1]:9424}
[2016-03-29 17:29:43,938][TRACE][org.elasticsearch.discovery.zen.ping.unicast] [node_t2] [1] connecting (light) to {#zen_unicast_9#}{::1}{[::1]:9423}
[2016-03-29 17:29:43,938][TRACE][org.elasticsearch.discovery.zen.ping.unicast] [node_t2] [1] received response from {node_t2}{F-u4jQqMTgCSFvClNNIaBA}{127.0.0.1}{127.0.0.1:9421}[mode=>network]: [ping_response{node [{node_t2}{F-u4jQqMTgCSFvClNNIaBA}{127.0.0.1}{127.0.0.1:9421}[mode=>network]], id[647], master [null], hasJoinedOnce [false], cluster_name[TEST-CHILD_VM=[0]-CLUSTER_SEED=[-8106659381411338889]-HASH=[14406DC76783A180]-cluster]}, ping_response{node [{node_t2}{F-u4jQqMTgCSFvClNNIaBA}{127.0.0.1}{127.0.0.1:9421}[mode=>network]], id[647], master [null], hasJoinedOnce [false], cluster_name[TEST-CHILD_VM=[0]-CLUSTER_SEED=[-8106659381411338889]-HASH=[14406DC76783A180]-cluster]}, ping_response{node [{node_t2}{F-u4jQqMTgCSFvClNNIaBA}{127.0.0.1}{127.0.0.1:9421}[mode=>network]], id[647], master [null], hasJoinedOnce [false], cluster_name[TEST-CHILD_VM=[0]-CLUSTER_SEED=[-8106659381411338889]-HASH=[14406DC76783A180]-cluster]}, ping_response{node [{node_t0}{nMu_6boQR--7IGHETEaC6A}{127.0.0.1}{127.0.0.1:9420}[mode=>network]], id[653], master [null], hasJoinedOnce [true], cluster_name[TEST-CHILD_VM=[0]-CLUSTER_SEED=[-8106659381411338889]-HASH=[14406DC76783A180]-cluster]}, ping_response{node [{node_t0}{nMu_6boQR--7IGHETEaC6A}{127.0.0.1}{127.0.0.1:9420}[mode=>network]], id[653], master [null], hasJoinedOnce [true], cluster_name[TEST-CHILD_VM=[0]-CLUSTER_SEED=[-8106659381411338889]-HASH=[14406DC76783A180]-cluster]}, ping_response{node [{node_t0}{nMu_6boQR--7IGHETEaC6A}{127.0.0.1}{127.0.0.1:9420}[mode=>network]], id[653], master [null], hasJoinedOnce [true], cluster_name[TEST-CHILD_VM=[0]-CLUSTER_SEED=[-8106659381411338889]-HASH=[14406DC76783A180]-cluster]}, ping_response{node [{node_t2}{F-u4jQqMTgCSFvClNNIaBA}{127.0.0.1}{127.0.0.1:9421}[mode=>network]], id[660], master [null], hasJoinedOnce [false], cluster_name[TEST-CHILD_VM=[0]-CLUSTER_SEED=[-8106659381411338889]-HASH=[14406DC76783A180]-cluster]}, ping_response{node [{node_t2}{F-u4jQqMTgCSFvClNNIaBA}{127.0.0.1}{127.0.0.1:9421}[mode=>network]], id[660], master [null], hasJoinedOnce [false], cluster_name[TEST-CHILD_VM=[0]-CLUSTER_SEED=[-8106659381411338889]-HASH=[14406DC76783A180]-cluster]}, ping_response{node [{node_t2}{F-u4jQqMTgCSFvClNNIaBA}{127.0.0.1}{127.0.0.1:9421}[mode=>network]], id[660], master [null], hasJoinedOnce [false], cluster_name[TEST-CHILD_VM=[0]-CLUSTER_SEED=[-8106659381411338889]-HASH=[14406DC76783A180]-cluster]}, ping_response{node [{node_t0}{nMu_6boQR--7IGHETEaC6A}{127.0.0.1}{127.0.0.1:9420}[mode=>network]], id[667], master [null], hasJoinedOnce [true], cluster_name[TEST-CHILD_VM=[0]-CLUSTER_SEED=[-8106659381411338889]-HASH=[14406DC76783A180]-cluster]}, ping_response{node [{node_t0}{nMu_6boQR--7IGHETEaC6A}{127.0.0.1}{127.0.0.1:9420}[mode=>network]], id[667], master [null], hasJoinedOnce [true], cluster_name[TEST-CHILD_VM=[0]-CLUSTER_SEED=[-8106659381411338889]-HASH=[14406DC76783A180]-cluster]}, ping_response{node [{node_t0}{nMu_6boQR--7IGHETEaC6A}{127.0.0.1}{127.0.0.1:9420}[mode=>network]], id[667], master [null], hasJoinedOnce [true], cluster_name[TEST-CHILD_VM=[0]-CLUSTER_SEED=[-8106659381411338889]-HASH=[14406DC76783A180]-cluster]}, ping_response{node [{node_t2}{F-u4jQqMTgCSFvClNNIaBA}{127.0.0.1}{127.0.0.1:9421}[mode=>network]], id[674], master [null], hasJoinedOnce [false], cluster_name[TEST-CHILD_VM=[0]-CLUSTER_SEED=[-8106659381411338889]-HASH=[14406DC76783A180]-cluster]}, ping_response{node [{node_t2}{F-u4jQqMTgCSFvClNNIaBA}{127.0.0.1}{127.0.0.1:9421}[mode=>network]], id[674], master [null], hasJoinedOnce [false], cluster_name[TEST-CHILD_VM=[0]-CLUSTER_SEED=[-8106659381411338889]-HASH=[14406DC76783A180]-cluster]}, ping_response{node [{node_t2}{F-u4jQqMTgCSFvClNNIaBA}{127.0.0.1}{127.0.0.1:9421}[mode=>network]], id[678], master [null], hasJoinedOnce [false], cluster_name[TEST-CHILD_VM=[0]-CLUSTER_SEED=[-8106659381411338889]-HASH=[14406DC76783A180]-cluster]}]
[2016-03-29 17:29:43,938][TRACE][org.elasticsearch.discovery.zen.ping.unicast] [node_t2] [1] received response from {#zen_unicast_7#}{::1}{[::1]:9421}: [ping_response{node [{node_t2}{F-u4jQqMTgCSFvClNNIaBA}{127.0.0.1}{127.0.0.1:9421}[mode=>network]], id[647], master [null], hasJoinedOnce [false], cluster_name[TEST-CHILD_VM=[0]-CLUSTER_SEED=[-8106659381411338889]-HASH=[14406DC76783A180]-cluster]}, ping_response{node [{node_t2}{F-u4jQqMTgCSFvClNNIaBA}{127.0.0.1}{127.0.0.1:9421}[mode=>network]], id[647], master [null], hasJoinedOnce [false], cluster_name[TEST-CHILD_VM=[0]-CLUSTER_SEED=[-8106659381411338889]-HASH=[14406DC76783A180]-cluster]}, ping_response{node [{node_t2}{F-u4jQqMTgCSFvClNNIaBA}{127.0.0.1}{127.0.0.1:9421}[mode=>network]], id[647], master [null], hasJoinedOnce [false], cluster_name[TEST-CHILD_VM=[0]-CLUSTER_SEED=[-8106659381411338889]-HASH=[14406DC76783A180]-cluster]}, ping_response{node [{node_t0}{nMu_6boQR--7IGHETEaC6A}{127.0.0.1}{127.0.0.1:9420}[mode=>network]], id[653], master [null], hasJoinedOnce [true], cluster_name[TEST-CHILD_VM=[0]-CLUSTER_SEED=[-8106659381411338889]-HASH=[14406DC76783A180]-cluster]}, ping_response{node [{node_t0}{nMu_6boQR--7IGHETEaC6A}{127.0.0.1}{127.0.0.1:9420}[mode=>network]], id[653], master [null], hasJoinedOnce [true], cluster_name[TEST-CHILD_VM=[0]-CLUSTER_SEED=[-8106659381411338889]-HASH=[14406DC76783A180]-cluster]}, ping_response{node [{node_t0}{nMu_6boQR--7IGHETEaC6A}{127.0.0.1}{127.0.0.1:9420}[mode=>network]], id[653], master [null], hasJoinedOnce [true], cluster_name[TEST-CHILD_VM=[0]-CLUSTER_SEED=[-8106659381411338889]-HASH=[14406DC76783A180]-cluster]}, ping_response{node [{node_t2}{F-u4jQqMTgCSFvClNNIaBA}{127.0.0.1}{127.0.0.1:9421}[mode=>network]], id[660], master [null], hasJoinedOnce [false], cluster_name[TEST-CHILD_VM=[0]-CLUSTER_SEED=[-8106659381411338889]-HASH=[14406DC76783A180]-cluster]}, ping_response{node [{node_t2}{F-u4jQqMTgCSFvClNNIaBA}{127.0.0.1}{127.0.0.1:9421}[mode=>network]], id[660], master [null], hasJoinedOnce [false], cluster_name[TEST-CHILD_VM=[0]-CLUSTER_SEED=[-8106659381411338889]-HASH=[14406DC76783A180]-cluster]}, ping_response{node [{node_t2}{F-u4jQqMTgCSFvClNNIaBA}{127.0.0.1}{127.0.0.1:9421}[mode=>network]], id[660], master [null], hasJoinedOnce [false], cluster_name[TEST-CHILD_VM=[0]-CLUSTER_SEED=[-8106659381411338889]-HASH=[14406DC76783A180]-cluster]}, ping_response{node [{node_t0}{nMu_6boQR--7IGHETEaC6A}{127.0.0.1}{127.0.0.1:9420}[mode=>network]], id[667], master [null], hasJoinedOnce [true], cluster_name[TEST-CHILD_VM=[0]-CLUSTER_SEED=[-8106659381411338889]-HASH=[14406DC76783A180]-cluster]}, ping_response{node [{node_t0}{nMu_6boQR--7IGHETEaC6A}{127.0.0.1}{127.0.0.1:9420}[mode=>network]], id[667], master [null], hasJoinedOnce [true], cluster_name[TEST-CHILD_VM=[0]-CLUSTER_SEED=[-8106659381411338889]-HASH=[14406DC76783A180]-cluster]}, ping_response{node [{node_t0}{nMu_6boQR--7IGHETEaC6A}{127.0.0.1}{127.0.0.1:9420}[mode=>network]], id[667], master [null], hasJoinedOnce [true], cluster_name[TEST-CHILD_VM=[0]-CLUSTER_SEED=[-8106659381411338889]-HASH=[14406DC76783A180]-cluster]}, ping_response{node [{node_t2}{F-u4jQqMTgCSFvClNNIaBA}{127.0.0.1}{127.0.0.1:9421}[mode=>network]], id[674], master [null], hasJoinedOnce [false], cluster_name[TEST-CHILD_VM=[0]-CLUSTER_SEED=[-8106659381411338889]-HASH=[14406DC76783A180]-cluster]}, ping_response{node [{node_t2}{F-u4jQqMTgCSFvClNNIaBA}{127.0.0.1}{127.0.0.1:9421}[mode=>network]], id[674], master [null], hasJoinedOnce [false], cluster_name[TEST-CHILD_VM=[0]-CLUSTER_SEED=[-8106659381411338889]-HASH=[14406DC76783A180]-cluster]}, ping_response{node [{node_t2}{F-u4jQqMTgCSFvClNNIaBA}{127.0.0.1}{127.0.0.1:9421}[mode=>network]], id[674], master [null], hasJoinedOnce [false], cluster_name[TEST-CHILD_VM=[0]-CLUSTER_SEED=[-8106659381411338889]-HASH=[14406DC76783A180]-cluster]}, ping_response{node [{node_t2}{F-u4jQqMTgCSFvClNNIaBA}{127.0.0.1}{127.0.0.1:9421}[mode=>network]], id[679], master [null], hasJoinedOnce [false], cluster_name[TEST-CHILD_VM=[0]-CLUSTER_SEED=[-8106659381411338889]-HASH=[14406DC76783A180]-cluster]}]
[2016-03-29 17:29:43,938][TRACE][org.elasticsearch.discovery.zen.ping.unicast] [node_t2] [1] connecting (light) to {#zen_unicast_8#}{::1}{[::1]:9422}
[2016-03-29 17:29:43,939][TRACE][org.elasticsearch.discovery.zen.ping.unicast] [node_t2] [1] failed to connect to {#zen_unicast_9#}{::1}{[::1]:9423}
ConnectTransportException[[][[::1]:9423] connect_timeout[30s]]; nested: ConnectException[Connection refused: /0:0:0:0:0:0:0:1:9423];
	at org.elasticsearch.transport.netty.NettyTransport.connectToChannelsLight(NettyTransport.java:954)
	at org.elasticsearch.transport.netty.NettyTransport.connectToNode(NettyTransport.java:918)
	at org.elasticsearch.transport.netty.NettyTransport.connectToNodeLight(NettyTransport.java:890)
	at org.elasticsearch.test.transport.MockTransportService$LookupTestTransport.connectToNodeLight(MockTransportService.java:413)
	at org.elasticsearch.transport.TransportService.connectToNodeLight(TransportService.java:242)
	at org.elasticsearch.discovery.zen.ping.unicast.UnicastZenPing$3.run(UnicastZenPing.java:395)
	at java.util.concurrent.ThreadPoolExecutor.runWorker(ThreadPoolExecutor.java:1142)
	at java.util.concurrent.ThreadPoolExecutor$Worker.run(ThreadPoolExecutor.java:617)
	at java.lang.Thread.run(Thread.java:745)
Caused by: java.net.ConnectException: Connection refused: /0:0:0:0:0:0:0:1:9423
	at sun.nio.ch.SocketChannelImpl.checkConnect(Native Method)
	at sun.nio.ch.SocketChannelImpl.finishConnect(SocketChannelImpl.java:712)
	at org.jboss.netty.channel.socket.nio.NioClientBoss.connect(NioClientBoss.java:152)
	at org.jboss.netty.channel.socket.nio.NioClientBoss.processSelectedKeys(NioClientBoss.java:105)
	at org.jboss.netty.channel.socket.nio.NioClientBoss.process(NioClientBoss.java:79)
	at org.jboss.netty.channel.socket.nio.AbstractNioSelector.run(AbstractNioSelector.java:337)
	at org.jboss.netty.channel.socket.nio.NioClientBoss.run(NioClientBoss.java:42)
	at org.jboss.netty.util.ThreadRenamingRunnable.run(ThreadRenamingRunnable.java:108)
	at org.jboss.netty.util.internal.DeadLockProofWorker$1.run(DeadLockProofWorker.java:42)
	... 3 more
[2016-03-29 17:29:43,939][TRACE][org.elasticsearch.discovery.zen.ping.unicast] [node_t2] [1] failed to connect to {#zen_unicast_3#}{127.0.0.1}{127.0.0.1:9422}
ConnectTransportException[[][127.0.0.1:9422] connect_timeout[30s]]; nested: ConnectException[Connection refused: /127.0.0.1:9422];
	at org.elasticsearch.transport.netty.NettyTransport.connectToChannelsLight(NettyTransport.java:954)
	at org.elasticsearch.transport.netty.NettyTransport.connectToNode(NettyTransport.java:918)
	at org.elasticsearch.transport.netty.NettyTransport.connectToNodeLight(NettyTransport.java:890)
	at org.elasticsearch.test.transport.MockTransportService$LookupTestTransport.connectToNodeLight(MockTransportService.java:413)
	at org.elasticsearch.transport.TransportService.connectToNodeLight(TransportService.java:242)
	at org.elasticsearch.discovery.zen.ping.unicast.UnicastZenPing$3.run(UnicastZenPing.java:395)
	at java.util.concurrent.ThreadPoolExecutor.runWorker(ThreadPoolExecutor.java:1142)
	at java.util.concurrent.ThreadPoolExecutor$Worker.run(ThreadPoolExecutor.java:617)
	at java.lang.Thread.run(Thread.java:745)
Caused by: java.net.ConnectException: Connection refused: /127.0.0.1:9422
	at sun.nio.ch.SocketChannelImpl.checkConnect(Native Method)
	at sun.nio.ch.SocketChannelImpl.finishConnect(SocketChannelImpl.java:712)
	at org.jboss.netty.channel.socket.nio.NioClientBoss.connect(NioClientBoss.java:152)
	at org.jboss.netty.channel.socket.nio.NioClientBoss.processSelectedKeys(NioClientBoss.java:105)
	at org.jboss.netty.channel.socket.nio.NioClientBoss.process(NioClientBoss.java:79)
	at org.jboss.netty.channel.socket.nio.AbstractNioSelector.run(AbstractNioSelector.java:337)
	at org.jboss.netty.channel.socket.nio.NioClientBoss.run(NioClientBoss.java:42)
	at org.jboss.netty.util.ThreadRenamingRunnable.run(ThreadRenamingRunnable.java:108)
	at org.jboss.netty.util.internal.DeadLockProofWorker$1.run(DeadLockProofWorker.java:42)
	... 3 more
[2016-03-29 17:29:43,938][TRACE][org.elasticsearch.discovery.zen.ping.unicast] [node_t2] replacing {node_t0}{nMu_6boQR--7IGHETEaC6A}{127.0.0.1}{127.0.0.1:9420}[mode=>network] with temp node {#zen_unicast_12_nMu_6boQR--7IGHETEaC6A#}{127.0.0.1}{127.0.0.1:9420}[mode=>network]
[2016-03-29 17:29:43,938][TRACE][org.elasticsearch.discovery.zen.ping.unicast] [node_t2] [1] failed to connect to {#zen_unicast_4#}{127.0.0.1}{127.0.0.1:9423}
ConnectTransportException[[][127.0.0.1:9423] connect_timeout[30s]]; nested: ConnectException[Connection refused: /127.0.0.1:9423];
	at org.elasticsearch.transport.netty.NettyTransport.connectToChannelsLight(NettyTransport.java:954)
	at org.elasticsearch.transport.netty.NettyTransport.connectToNode(NettyTransport.java:918)
	at org.elasticsearch.transport.netty.NettyTransport.connectToNodeLight(NettyTransport.java:890)
	at org.elasticsearch.test.transport.MockTransportService$LookupTestTransport.connectToNodeLight(MockTransportService.java:413)
	at org.elasticsearch.transport.TransportService.connectToNodeLight(TransportService.java:242)
	at org.elasticsearch.discovery.zen.ping.unicast.UnicastZenPing$3.run(UnicastZenPing.java:395)
	at java.util.concurrent.ThreadPoolExecutor.runWorker(ThreadPoolExecutor.java:1142)
	at java.util.concurrent.ThreadPoolExecutor$Worker.run(ThreadPoolExecutor.java:617)
	at java.lang.Thread.run(Thread.java:745)
Caused by: java.net.ConnectException: Connection refused: /127.0.0.1:9423
	at sun.nio.ch.SocketChannelImpl.checkConnect(Native Method)
	at sun.nio.ch.SocketChannelImpl.finishConnect(SocketChannelImpl.java:712)
	at org.jboss.netty.channel.socket.nio.NioClientBoss.connect(NioClientBoss.java:152)
	at org.jboss.netty.channel.socket.nio.NioClientBoss.processSelectedKeys(NioClientBoss.java:105)
	at org.jboss.netty.channel.socket.nio.NioClientBoss.process(NioClientBoss.java:79)
	at org.jboss.netty.channel.socket.nio.AbstractNioSelector.run(AbstractNioSelector.java:337)
	at org.jboss.netty.channel.socket.nio.NioClientBoss.run(NioClientBoss.java:42)
	at org.jboss.netty.util.ThreadRenamingRunnable.run(ThreadRenamingRunnable.java:108)
	at org.jboss.netty.util.internal.DeadLockProofWorker$1.run(DeadLockProofWorker.java:42)
	... 3 more
[2016-03-29 17:29:43,938][TRACE][org.elasticsearch.discovery.zen.ping.unicast] [node_t2] [1] received response from {#zen_unicast_6#}{::1}{[::1]:9420}: [ping_response{node [{node_t0}{nMu_6boQR--7IGHETEaC6A}{127.0.0.1}{127.0.0.1:9420}[mode=>network]], id[643], master [{node_t1}{JMRMCPFeQ-OI3jC4mS0RAA}{127.0.0.1}{127.0.0.1:9421}[mode=>network]], hasJoinedOnce [true], cluster_name[TEST-CHILD_VM=[0]-CLUSTER_SEED=[-8106659381411338889]-HASH=[14406DC76783A180]-cluster]}, ping_response{node [{node_t0}{nMu_6boQR--7IGHETEaC6A}{127.0.0.1}{127.0.0.1:9420}[mode=>network]], id[643], master [{node_t1}{JMRMCPFeQ-OI3jC4mS0RAA}{127.0.0.1}{127.0.0.1:9421}[mode=>network]], hasJoinedOnce [true], cluster_name[TEST-CHILD_VM=[0]-CLUSTER_SEED=[-8106659381411338889]-HASH=[14406DC76783A180]-cluster]}, ping_response{node [{node_t0}{nMu_6boQR--7IGHETEaC6A}{127.0.0.1}{127.0.0.1:9420}[mode=>network]], id[643], master [{node_t1}{JMRMCPFeQ-OI3jC4mS0RAA}{127.0.0.1}{127.0.0.1:9421}[mode=>network]], hasJoinedOnce [true], cluster_name[TEST-CHILD_VM=[0]-CLUSTER_SEED=[-8106659381411338889]-HASH=[14406DC76783A180]-cluster]}, ping_response{node [{node_t2}{F-u4jQqMTgCSFvClNNIaBA}{127.0.0.1}{127.0.0.1:9421}[mode=>network]], id[647], master [null], hasJoinedOnce [false], cluster_name[TEST-CHILD_VM=[0]-CLUSTER_SEED=[-8106659381411338889]-HASH=[14406DC76783A180]-cluster]}, ping_response{node [{node_t2}{F-u4jQqMTgCSFvClNNIaBA}{127.0.0.1}{127.0.0.1:9421}[mode=>network]], id[647], master [null], hasJoinedOnce [false], cluster_name[TEST-CHILD_VM=[0]-CLUSTER_SEED=[-8106659381411338889]-HASH=[14406DC76783A180]-cluster]}, ping_response{node [{node_t0}{nMu_6boQR--7IGHETEaC6A}{127.0.0.1}{127.0.0.1:9420}[mode=>network]], id[653], master [null], hasJoinedOnce [true], cluster_name[TEST-CHILD_VM=[0]-CLUSTER_SEED=[-8106659381411338889]-HASH=[14406DC76783A180]-cluster]}, ping_response{node [{node_t0}{nMu_6boQR--7IGHETEaC6A}{127.0.0.1}{127.0.0.1:9420}[mode=>network]], id[653], master [null], hasJoinedOnce [true], cluster_name[TEST-CHILD_VM=[0]-CLUSTER_SEED=[-8106659381411338889]-HASH=[14406DC76783A180]-cluster]}, ping_response{node [{node_t0}{nMu_6boQR--7IGHETEaC6A}{127.0.0.1}{127.0.0.1:9420}[mode=>network]], id[653], master [null], hasJoinedOnce [true], cluster_name[TEST-CHILD_VM=[0]-CLUSTER_SEED=[-8106659381411338889]-HASH=[14406DC76783A180]-cluster]}, ping_response{node [{node_t2}{F-u4jQqMTgCSFvClNNIaBA}{127.0.0.1}{127.0.0.1:9421}[mode=>network]], id[660], master [null], hasJoinedOnce [false], cluster_name[TEST-CHILD_VM=[0]-CLUSTER_SEED=[-8106659381411338889]-HASH=[14406DC76783A180]-cluster]}, ping_response{node [{node_t2}{F-u4jQqMTgCSFvClNNIaBA}{127.0.0.1}{127.0.0.1:9421}[mode=>network]], id[660], master [null], hasJoinedOnce [false], cluster_name[TEST-CHILD_VM=[0]-CLUSTER_SEED=[-8106659381411338889]-HASH=[14406DC76783A180]-cluster]}, ping_response{node [{node_t2}{F-u4jQqMTgCSFvClNNIaBA}{127.0.0.1}{127.0.0.1:9421}[mode=>network]], id[660], master [null], hasJoinedOnce [false], cluster_name[TEST-CHILD_VM=[0]-CLUSTER_SEED=[-8106659381411338889]-HASH=[14406DC76783A180]-cluster]}, ping_response{node [{node_t0}{nMu_6boQR--7IGHETEaC6A}{127.0.0.1}{127.0.0.1:9420}[mode=>network]], id[667], master [null], hasJoinedOnce [true], cluster_name[TEST-CHILD_VM=[0]-CLUSTER_SEED=[-8106659381411338889]-HASH=[14406DC76783A180]-cluster]}, ping_response{node [{node_t0}{nMu_6boQR--7IGHETEaC6A}{127.0.0.1}{127.0.0.1:9420}[mode=>network]], id[667], master [null], hasJoinedOnce [true], cluster_name[TEST-CHILD_VM=[0]-CLUSTER_SEED=[-8106659381411338889]-HASH=[14406DC76783A180]-cluster]}, ping_response{node [{node_t0}{nMu_6boQR--7IGHETEaC6A}{127.0.0.1}{127.0.0.1:9420}[mode=>network]], id[667], master [null], hasJoinedOnce [true], cluster_name[TEST-CHILD_VM=[0]-CLUSTER_SEED=[-8106659381411338889]-HASH=[14406DC76783A180]-cluster]}, ping_response{node [{node_t2}{F-u4jQqMTgCSFvClNNIaBA}{127.0.0.1}{127.0.0.1:9421}[mode=>network]], id[674], master [null], hasJoinedOnce [false], cluster_name[TEST-CHILD_VM=[0]-CLUSTER_SEED=[-8106659381411338889]-HASH=[14406DC76783A180]-cluster]}, ping_response{node [{node_t2}{F-u4jQqMTgCSFvClNNIaBA}{127.0.0.1}{127.0.0.1:9421}[mode=>network]], id[674], master [null], hasJoinedOnce [false], cluster_name[TEST-CHILD_VM=[0]-CLUSTER_SEED=[-8106659381411338889]-HASH=[14406DC76783A180]-cluster]}, ping_response{node [{node_t0}{nMu_6boQR--7IGHETEaC6A}{127.0.0.1}{127.0.0.1:9420}[mode=>network]], id[677], master [null], hasJoinedOnce [true], cluster_name[TEST-CHILD_VM=[0]-CLUSTER_SEED=[-8106659381411338889]-HASH=[14406DC76783A180]-cluster]}]
[2016-03-29 17:29:43,938][TRACE][org.elasticsearch.discovery.zen.ping.unicast] [node_t2] [1] failed to connect to {#zen_unicast_5#}{127.0.0.1}{127.0.0.1:9424}
ConnectTransportException[[][127.0.0.1:9424] connect_timeout[30s]]; nested: ConnectException[Connection refused: /127.0.0.1:9424];
	at org.elasticsearch.transport.netty.NettyTransport.connectToChannelsLight(NettyTransport.java:954)
	at org.elasticsearch.transport.netty.NettyTransport.connectToNode(NettyTransport.java:918)
	at org.elasticsearch.transport.netty.NettyTransport.connectToNodeLight(NettyTransport.java:890)
	at org.elasticsearch.test.transport.MockTransportService$LookupTestTransport.connectToNodeLight(MockTransportService.java:413)
	at org.elasticsearch.transport.TransportService.connectToNodeLight(TransportService.java:242)
	at org.elasticsearch.discovery.zen.ping.unicast.UnicastZenPing$3.run(UnicastZenPing.java:395)
	at java.util.concurrent.ThreadPoolExecutor.runWorker(ThreadPoolExecutor.java:1142)
	at java.util.concurrent.ThreadPoolExecutor$Worker.run(ThreadPoolExecutor.java:617)
	at java.lang.Thread.run(Thread.java:745)
Caused by: java.net.ConnectException: Connection refused: /127.0.0.1:9424
	at sun.nio.ch.SocketChannelImpl.checkConnect(Native Method)
	at sun.nio.ch.SocketChannelImpl.finishConnect(SocketChannelImpl.java:712)
	at org.jboss.netty.channel.socket.nio.NioClientBoss.connect(NioClientBoss.java:152)
	at org.jboss.netty.channel.socket.nio.NioClientBoss.processSelectedKeys(NioClientBoss.java:105)
	at org.jboss.netty.channel.socket.nio.NioClientBoss.process(NioClientBoss.java:79)
	at org.jboss.netty.channel.socket.nio.AbstractNioSelector.run(AbstractNioSelector.java:337)
	at org.jboss.netty.channel.socket.nio.NioClientBoss.run(NioClientBoss.java:42)
	at org.jboss.netty.util.ThreadRenamingRunnable.run(ThreadRenamingRunnable.java:108)
	at org.jboss.netty.util.internal.DeadLockProofWorker$1.run(DeadLockProofWorker.java:42)
	... 3 more
[2016-03-29 17:29:43,939][TRACE][org.elasticsearch.discovery.zen.ping.unicast] [node_t2] [1] connecting (light) to {#zen_unicast_12_nMu_6boQR--7IGHETEaC6A#}{127.0.0.1}{127.0.0.1:9420}[mode=>network]
[2016-03-29 17:29:43,939][TRACE][org.elasticsearch.discovery.zen.ping.unicast] [node_t2] [1] failed to connect to {#zen_unicast_8#}{::1}{[::1]:9422}
ConnectTransportException[[][[::1]:9422] connect_timeout[30s]]; nested: ConnectException[Connection refused: /0:0:0:0:0:0:0:1:9422];
	at org.elasticsearch.transport.netty.NettyTransport.connectToChannelsLight(NettyTransport.java:954)
	at org.elasticsearch.transport.netty.NettyTransport.connectToNode(NettyTransport.java:918)
	at org.elasticsearch.transport.netty.NettyTransport.connectToNodeLight(NettyTransport.java:890)
	at org.elasticsearch.test.transport.MockTransportService$LookupTestTransport.connectToNodeLight(MockTransportService.java:413)
	at org.elasticsearch.transport.TransportService.connectToNodeLight(TransportService.java:242)
	at org.elasticsearch.discovery.zen.ping.unicast.UnicastZenPing$3.run(UnicastZenPing.java:395)
	at java.util.concurrent.ThreadPoolExecutor.runWorker(ThreadPoolExecutor.java:1142)
	at java.util.concurrent.ThreadPoolExecutor$Worker.run(ThreadPoolExecutor.java:617)
	at java.lang.Thread.run(Thread.java:745)
Caused by: java.net.ConnectException: Connection refused: /0:0:0:0:0:0:0:1:9422
	at sun.nio.ch.SocketChannelImpl.checkConnect(Native Method)
	at sun.nio.ch.SocketChannelImpl.finishConnect(SocketChannelImpl.java:712)
	at org.jboss.netty.channel.socket.nio.NioClientBoss.connect(NioClientBoss.java:152)
	at org.jboss.netty.channel.socket.nio.NioClientBoss.processSelectedKeys(NioClientBoss.java:105)
	at org.jboss.netty.channel.socket.nio.NioClientBoss.process(NioClientBoss.java:79)
	at org.jboss.netty.channel.socket.nio.AbstractNioSelector.run(AbstractNioSelector.java:337)
	at org.jboss.netty.channel.socket.nio.NioClientBoss.run(NioClientBoss.java:42)
	at org.jboss.netty.util.ThreadRenamingRunnable.run(ThreadRenamingRunnable.java:108)
	at org.jboss.netty.util.internal.DeadLockProofWorker$1.run(DeadLockProofWorker.java:42)
	... 3 more
[2016-03-29 17:29:43,939][TRACE][org.elasticsearch.discovery.zen.ping.unicast] [node_t2] [1] failed to connect to {#zen_unicast_10#}{::1}{[::1]:9424}
ConnectTransportException[[][[::1]:9424] connect_timeout[30s]]; nested: ConnectException[Connection refused: /0:0:0:0:0:0:0:1:9424];
	at org.elasticsearch.transport.netty.NettyTransport.connectToChannelsLight(NettyTransport.java:954)
	at org.elasticsearch.transport.netty.NettyTransport.connectToNode(NettyTransport.java:918)
	at org.elasticsearch.transport.netty.NettyTransport.connectToNodeLight(NettyTransport.java:890)
	at org.elasticsearch.test.transport.MockTransportService$LookupTestTransport.connectToNodeLight(MockTransportService.java:413)
	at org.elasticsearch.transport.TransportService.connectToNodeLight(TransportService.java:242)
	at org.elasticsearch.discovery.zen.ping.unicast.UnicastZenPing$3.run(UnicastZenPing.java:395)
	at java.util.concurrent.ThreadPoolExecutor.runWorker(ThreadPoolExecutor.java:1142)
	at java.util.concurrent.ThreadPoolExecutor$Worker.run(ThreadPoolExecutor.java:617)
	at java.lang.Thread.run(Thread.java:745)
Caused by: java.net.ConnectException: Connection refused: /0:0:0:0:0:0:0:1:9424
	at sun.nio.ch.SocketChannelImpl.checkConnect(Native Method)
	at sun.nio.ch.SocketChannelImpl.finishConnect(SocketChannelImpl.java:712)
	at org.jboss.netty.channel.socket.nio.NioClientBoss.connect(NioClientBoss.java:152)
	at org.jboss.netty.channel.socket.nio.NioClientBoss.processSelectedKeys(NioClientBoss.java:105)
	at org.jboss.netty.channel.socket.nio.NioClientBoss.process(NioClientBoss.java:79)
	at org.jboss.netty.channel.socket.nio.AbstractNioSelector.run(AbstractNioSelector.java:337)
	at org.jboss.netty.channel.socket.nio.NioClientBoss.run(NioClientBoss.java:42)
	at org.jboss.netty.util.ThreadRenamingRunnable.run(ThreadRenamingRunnable.java:108)
	at org.jboss.netty.util.internal.DeadLockProofWorker$1.run(DeadLockProofWorker.java:42)
	... 3 more
[2016-03-29 17:29:43,941][TRACE][org.elasticsearch.discovery.zen.ping.unicast] [node_t2] [1] connected to {node_t0}{nMu_6boQR--7IGHETEaC6A}{127.0.0.1}{127.0.0.1:9420}[mode=>network]
[2016-03-29 17:29:43,941][TRACE][org.elasticsearch.discovery.zen.ping.unicast] [node_t2] [1] sending to {#zen_unicast_12_nMu_6boQR--7IGHETEaC6A#}{127.0.0.1}{127.0.0.1:9420}[mode=>network]
[2016-03-29 17:29:43,941][TRACE][org.elasticsearch.discovery.zen.ping.unicast] [node_t2] [1] received response from {#zen_unicast_12_nMu_6boQR--7IGHETEaC6A#}{127.0.0.1}{127.0.0.1:9420}[mode=>network]: [ping_response{node [{node_t0}{nMu_6boQR--7IGHETEaC6A}{127.0.0.1}{127.0.0.1:9420}[mode=>network]], id[643], master [{node_t1}{JMRMCPFeQ-OI3jC4mS0RAA}{127.0.0.1}{127.0.0.1:9421}[mode=>network]], hasJoinedOnce [true], cluster_name[TEST-CHILD_VM=[0]-CLUSTER_SEED=[-8106659381411338889]-HASH=[14406DC76783A180]-cluster]}, ping_response{node [{node_t0}{nMu_6boQR--7IGHETEaC6A}{127.0.0.1}{127.0.0.1:9420}[mode=>network]], id[643], master [{node_t1}{JMRMCPFeQ-OI3jC4mS0RAA}{127.0.0.1}{127.0.0.1:9421}[mode=>network]], hasJoinedOnce [true], cluster_name[TEST-CHILD_VM=[0]-CLUSTER_SEED=[-8106659381411338889]-HASH=[14406DC76783A180]-cluster]}, ping_response{node [{node_t0}{nMu_6boQR--7IGHETEaC6A}{127.0.0.1}{127.0.0.1:9420}[mode=>network]], id[643], master [{node_t1}{JMRMCPFeQ-OI3jC4mS0RAA}{127.0.0.1}{127.0.0.1:9421}[mode=>network]], hasJoinedOnce [true], cluster_name[TEST-CHILD_VM=[0]-CLUSTER_SEED=[-8106659381411338889]-HASH=[14406DC76783A180]-cluster]}, ping_response{node [{node_t2}{F-u4jQqMTgCSFvClNNIaBA}{127.0.0.1}{127.0.0.1:9421}[mode=>network]], id[647], master [null], hasJoinedOnce [false], cluster_name[TEST-CHILD_VM=[0]-CLUSTER_SEED=[-8106659381411338889]-HASH=[14406DC76783A180]-cluster]}, ping_response{node [{node_t2}{F-u4jQqMTgCSFvClNNIaBA}{127.0.0.1}{127.0.0.1:9421}[mode=>network]], id[647], master [null], hasJoinedOnce [false], cluster_name[TEST-CHILD_VM=[0]-CLUSTER_SEED=[-8106659381411338889]-HASH=[14406DC76783A180]-cluster]}, ping_response{node [{node_t0}{nMu_6boQR--7IGHETEaC6A}{127.0.0.1}{127.0.0.1:9420}[mode=>network]], id[653], master [null], hasJoinedOnce [true], cluster_name[TEST-CHILD_VM=[0]-CLUSTER_SEED=[-8106659381411338889]-HASH=[14406DC76783A180]-cluster]}, ping_response{node [{node_t0}{nMu_6boQR--7IGHETEaC6A}{127.0.0.1}{127.0.0.1:9420}[mode=>network]], id[653], master [null], hasJoinedOnce [true], cluster_name[TEST-CHILD_VM=[0]-CLUSTER_SEED=[-8106659381411338889]-HASH=[14406DC76783A180]-cluster]}, ping_response{node [{node_t0}{nMu_6boQR--7IGHETEaC6A}{127.0.0.1}{127.0.0.1:9420}[mode=>network]], id[653], master [null], hasJoinedOnce [true], cluster_name[TEST-CHILD_VM=[0]-CLUSTER_SEED=[-8106659381411338889]-HASH=[14406DC76783A180]-cluster]}, ping_response{node [{node_t2}{F-u4jQqMTgCSFvClNNIaBA}{127.0.0.1}{127.0.0.1:9421}[mode=>network]], id[660], master [null], hasJoinedOnce [false], cluster_name[TEST-CHILD_VM=[0]-CLUSTER_SEED=[-8106659381411338889]-HASH=[14406DC76783A180]-cluster]}, ping_response{node [{node_t2}{F-u4jQqMTgCSFvClNNIaBA}{127.0.0.1}{127.0.0.1:9421}[mode=>network]], id[660], master [null], hasJoinedOnce [false], cluster_name[TEST-CHILD_VM=[0]-CLUSTER_SEED=[-8106659381411338889]-HASH=[14406DC76783A180]-cluster]}, ping_response{node [{node_t2}{F-u4jQqMTgCSFvClNNIaBA}{127.0.0.1}{127.0.0.1:9421}[mode=>network]], id[660], master [null], hasJoinedOnce [false], cluster_name[TEST-CHILD_VM=[0]-CLUSTER_SEED=[-8106659381411338889]-HASH=[14406DC76783A180]-cluster]}, ping_response{node [{node_t0}{nMu_6boQR--7IGHETEaC6A}{127.0.0.1}{127.0.0.1:9420}[mode=>network]], id[667], master [null], hasJoinedOnce [true], cluster_name[TEST-CHILD_VM=[0]-CLUSTER_SEED=[-8106659381411338889]-HASH=[14406DC76783A180]-cluster]}, ping_response{node [{node_t0}{nMu_6boQR--7IGHETEaC6A}{127.0.0.1}{127.0.0.1:9420}[mode=>network]], id[667], master [null], hasJoinedOnce [true], cluster_name[TEST-CHILD_VM=[0]-CLUSTER_SEED=[-8106659381411338889]-HASH=[14406DC76783A180]-cluster]}, ping_response{node [{node_t0}{nMu_6boQR--7IGHETEaC6A}{127.0.0.1}{127.0.0.1:9420}[mode=>network]], id[667], master [null], hasJoinedOnce [true], cluster_name[TEST-CHILD_VM=[0]-CLUSTER_SEED=[-8106659381411338889]-HASH=[14406DC76783A180]-cluster]}, ping_response{node [{node_t2}{F-u4jQqMTgCSFvClNNIaBA}{127.0.0.1}{127.0.0.1:9421}[mode=>network]], id[674], master [null], hasJoinedOnce [false], cluster_name[TEST-CHILD_VM=[0]-CLUSTER_SEED=[-8106659381411338889]-HASH=[14406DC76783A180]-cluster]}, ping_response{node [{node_t2}{F-u4jQqMTgCSFvClNNIaBA}{127.0.0.1}{127.0.0.1:9421}[mode=>network]], id[674], master [null], hasJoinedOnce [false], cluster_name[TEST-CHILD_VM=[0]-CLUSTER_SEED=[-8106659381411338889]-HASH=[14406DC76783A180]-cluster]}, ping_response{node [{node_t2}{F-u4jQqMTgCSFvClNNIaBA}{127.0.0.1}{127.0.0.1:9421}[mode=>network]], id[674], master [null], hasJoinedOnce [false], cluster_name[TEST-CHILD_VM=[0]-CLUSTER_SEED=[-8106659381411338889]-HASH=[14406DC76783A180]-cluster]}, ping_response{node [{node_t0}{nMu_6boQR--7IGHETEaC6A}{127.0.0.1}{127.0.0.1:9420}[mode=>network]], id[680], master [null], hasJoinedOnce [true], cluster_name[TEST-CHILD_VM=[0]-CLUSTER_SEED=[-8106659381411338889]-HASH=[14406DC76783A180]-cluster]}]
[2016-03-29 17:29:43,942][TRACE][org.elasticsearch.discovery.zen.ping.unicast] [node_t2] [1] disconnecting from {#zen_unicast_1#}{127.0.0.1}{127.0.0.1:9420}
[2016-03-29 17:29:43,942][TRACE][org.elasticsearch.discovery.zen] [node_t2] full ping responses:
	--> ping_response{node [{node_t0}{nMu_6boQR--7IGHETEaC6A}{127.0.0.1}{127.0.0.1:9420}[mode=>network]], id[680], master [null], hasJoinedOnce [true], cluster_name[TEST-CHILD_VM=[0]-CLUSTER_SEED=[-8106659381411338889]-HASH=[14406DC76783A180]-cluster]}
[2016-03-29 17:29:43,942][DEBUG][org.elasticsearch.discovery.zen] [node_t2] filtered ping responses: (filter_client[true], filter_data[false])
	--> ping_response{node [{node_t0}{nMu_6boQR--7IGHETEaC6A}{127.0.0.1}{127.0.0.1:9420}[mode=>network]], id[680], master [null], hasJoinedOnce [true], cluster_name[TEST-CHILD_VM=[0]-CLUSTER_SEED=[-8106659381411338889]-HASH=[14406DC76783A180]-cluster]}
[2016-03-29 17:29:43,942][TRACE][org.elasticsearch.discovery.zen.ping.unicast] [node_t2] [1] disconnecting from {#zen_unicast_6#}{::1}{[::1]:9420}
[2016-03-29 17:29:43,942][TRACE][org.elasticsearch.discovery.zen] [node_t2] stopping join accumulation ([not master])
[2016-03-29 17:29:43,942][TRACE][org.elasticsearch.discovery.zen.ping.unicast] [node_t2] [1] disconnecting from {#zen_unicast_5#}{127.0.0.1}{127.0.0.1:9424}
[2016-03-29 17:29:43,942][TRACE][org.elasticsearch.discovery.zen.ping.unicast] [node_t2] [1] disconnecting from {#zen_unicast_4#}{127.0.0.1}{127.0.0.1:9423}
[2016-03-29 17:29:43,942][TRACE][org.elasticsearch.discovery.zen.ping.unicast] [node_t2] [1] disconnecting from {#zen_unicast_11_nMu_6boQR--7IGHETEaC6A#}{127.0.0.1}{127.0.0.1:9420}[mode=>network]
[2016-03-29 17:29:43,942][TRACE][org.elasticsearch.discovery.zen.ping.unicast] [node_t2] [1] disconnecting from {#zen_unicast_3#}{127.0.0.1}{127.0.0.1:9422}
[2016-03-29 17:29:43,942][TRACE][org.elasticsearch.discovery.zen.ping.unicast] [node_t2] [1] disconnecting from {#zen_unicast_10#}{::1}{[::1]:9424}
[2016-03-29 17:29:43,942][TRACE][org.elasticsearch.discovery.zen.ping.unicast] [node_t2] [1] disconnecting from {#zen_unicast_12_nMu_6boQR--7IGHETEaC6A#}{127.0.0.1}{127.0.0.1:9420}[mode=>network]
[2016-03-29 17:29:43,942][TRACE][org.elasticsearch.discovery.zen.ping.unicast] [node_t2] [1] disconnecting from {#zen_unicast_9#}{::1}{[::1]:9423}
[2016-03-29 17:29:43,942][TRACE][org.elasticsearch.discovery.zen.ping.unicast] [node_t2] [1] disconnecting from {#zen_unicast_8#}{::1}{[::1]:9422}
[2016-03-29 17:29:43,942][TRACE][org.elasticsearch.discovery.zen.ping.unicast] [node_t2] [1] disconnecting from {#zen_unicast_7#}{::1}{[::1]:9421}
[2016-03-29 17:29:43,944][TRACE][org.elasticsearch.discovery.zen] [node_t2] joining master {node_t0}{nMu_6boQR--7IGHETEaC6A}{127.0.0.1}{127.0.0.1:9420}[mode=>network]
[2016-03-29 17:29:43,946][TRACE][org.elasticsearch.cluster.service] [node_t0] will process [zen-disco-join(elected_as_master, [1] joins received)]
[2016-03-29 17:29:43,946][DEBUG][org.elasticsearch.cluster.service] [node_t0] processing [zen-disco-join(elected_as_master, [1] joins received)]: execute
[2016-03-29 17:29:43,947][TRACE][org.elasticsearch.gateway] [node_t0] [test][7] fetching [shard_started] from [nMu_6boQR--7IGHETEaC6A]
[2016-03-29 17:29:43,947][TRACE][org.elasticsearch.gateway] [node_t0] [test][7], node[null], [P], v[3], s[UNASSIGNED], unassigned_info[[reason=NODE_LEFT], at[2016-03-29T21:29:43.946Z], details[node_left[JMRMCPFeQ-OI3jC4mS0RAA]]]: ignoring allocation, still fetching shard started state
[2016-03-29 17:29:43,947][TRACE][org.elasticsearch.gateway] [node_t0] [test][7] loading local shard state info
[2016-03-29 17:29:43,948][TRACE][org.elasticsearch.gateway] [node_t0] [test][3] fetching [shard_started] from [nMu_6boQR--7IGHETEaC6A]
[2016-03-29 17:29:43,948][TRACE][org.elasticsearch.gateway] [node_t0] [test][3], node[null], [P], v[3], s[UNASSIGNED], unassigned_info[[reason=NODE_LEFT], at[2016-03-29T21:29:43.947Z], details[node_left[JMRMCPFeQ-OI3jC4mS0RAA]]]: ignoring allocation, still fetching shard started state
[2016-03-29 17:29:43,948][TRACE][org.elasticsearch.gateway] [node_t0] [test][3] loading local shard state info
[2016-03-29 17:29:43,948][TRACE][org.elasticsearch.gateway] [node_t0] [test][1] fetching [shard_started] from [nMu_6boQR--7IGHETEaC6A]
[2016-03-29 17:29:43,948][TRACE][org.elasticsearch.gateway] [node_t0] [test][7] no local shard info found
[2016-03-29 17:29:43,949][TRACE][org.elasticsearch.gateway] [node_t0] [test][7] processing fetched [shard_started] results
[2016-03-29 17:29:43,949][TRACE][org.elasticsearch.gateway] [node_t0] [test][7] marking nMu_6boQR--7IGHETEaC6A as done for [shard_started]
[2016-03-29 17:29:43,949][TRACE][org.elasticsearch.gateway] [node_t0] [test][1], node[null], [P], v[3], s[UNASSIGNED], unassigned_info[[reason=NODE_LEFT], at[2016-03-29T21:29:43.947Z], details[node_left[JMRMCPFeQ-OI3jC4mS0RAA]]]: ignoring allocation, still fetching shard started state
[2016-03-29 17:29:43,949][TRACE][org.elasticsearch.gateway] [node_t0] [test][7] scheduling reroute for post_response
[2016-03-29 17:29:43,949][TRACE][org.elasticsearch.gateway] [node_t0] [test][1] loading local shard state info
[2016-03-29 17:29:43,949][TRACE][org.elasticsearch.gateway] [node_t0] [test][3] no local shard info found
[2016-03-29 17:29:43,953][TRACE][org.elasticsearch.gateway] [node_t0] [test][3] processing fetched [shard_started] results
[2016-03-29 17:29:43,953][TRACE][org.elasticsearch.gateway] [node_t0] [test][3] marking nMu_6boQR--7IGHETEaC6A as done for [shard_started]
[2016-03-29 17:29:43,953][TRACE][org.elasticsearch.gateway] [node_t0] [test][3] scheduling reroute for post_response
[2016-03-29 17:29:43,953][TRACE][org.elasticsearch.gateway] [node_t0] [test][5] fetching [shard_started] from [nMu_6boQR--7IGHETEaC6A]
[2016-03-29 17:29:43,953][TRACE][org.elasticsearch.gateway] [node_t0] [test][5], node[null], [P], v[3], s[UNASSIGNED], unassigned_info[[reason=NODE_LEFT], at[2016-03-29T21:29:43.947Z], details[node_left[JMRMCPFeQ-OI3jC4mS0RAA]]]: ignoring allocation, still fetching shard started state
[2016-03-29 17:29:43,954][TRACE][org.elasticsearch.gateway] [node_t0] [test][1] no local shard info found
[2016-03-29 17:29:43,954][TRACE][org.elasticsearch.gateway] [node_t0] [test][1] processing fetched [shard_started] results
[2016-03-29 17:29:43,954][TRACE][org.elasticsearch.gateway] [node_t0] [test][5] loading local shard state info
[2016-03-29 17:29:43,954][TRACE][org.elasticsearch.gateway] [node_t0] [test][1] marking nMu_6boQR--7IGHETEaC6A as done for [shard_started]
[2016-03-29 17:29:43,954][TRACE][org.elasticsearch.gateway] [node_t0] [test][1] scheduling reroute for post_response
[2016-03-29 17:29:43,955][TRACE][org.elasticsearch.cluster.service] [node_t0] cluster state updated, source [zen-disco-join(elected_as_master, [1] joins received)]
version: 7
state uuid: uqWvzDoNQ3aFOv63iQ9FAQ
from_diff: false
meta data version: 5
nodes: 
   {node_t2}{F-u4jQqMTgCSFvClNNIaBA}{127.0.0.1}{127.0.0.1:9421}[mode=>network]
   {node_t0}{nMu_6boQR--7IGHETEaC6A}{127.0.0.1}{127.0.0.1:9420}[mode=>network], local, master
routing_table (version 5):
-- index [test]
----shard_id [test][0]
--------[test][0], node[nMu_6boQR--7IGHETEaC6A], [P], v[2], s[STARTED], a[id=AF2N8luPTGOEWsg3lpwsvQ]
----shard_id [test][1]
--------[test][1], node[null], [P], v[3], s[UNASSIGNED], unassigned_info[[reason=NODE_LEFT], at[2016-03-29T21:29:43.947Z], details[node_left[JMRMCPFeQ-OI3jC4mS0RAA]]]
----shard_id [test][2]
--------[test][2], node[nMu_6boQR--7IGHETEaC6A], [P], v[2], s[STARTED], a[id=4jD7-tdGTfmoAwhEHCXW2g]
----shard_id [test][3]
--------[test][3], node[null], [P], v[3], s[UNASSIGNED], unassigned_info[[reason=NODE_LEFT], at[2016-03-29T21:29:43.947Z], details[node_left[JMRMCPFeQ-OI3jC4mS0RAA]]]
----shard_id [test][4]
--------[test][4], node[nMu_6boQR--7IGHETEaC6A], [P], v[2], s[STARTED], a[id=4qa0UMnJSna1NZFfHP1Fhg]
----shard_id [test][5]
--------[test][5], node[null], [P], v[3], s[UNASSIGNED], unassigned_info[[reason=NODE_LEFT], at[2016-03-29T21:29:43.947Z], details[node_left[JMRMCPFeQ-OI3jC4mS0RAA]]]
----shard_id [test][6]
--------[test][6], node[nMu_6boQR--7IGHETEaC6A], [P], v[2], s[STARTED], a[id=OZw1U2GVTfGTc0WYIexndQ]
----shard_id [test][7]
--------[test][7], node[null], [P], v[3], s[UNASSIGNED], unassigned_info[[reason=NODE_LEFT], at[2016-03-29T21:29:43.946Z], details[node_left[JMRMCPFeQ-OI3jC4mS0RAA]]]
----shard_id [test][8]
--------[test][8], node[nMu_6boQR--7IGHETEaC6A], [P], v[2], s[STARTED], a[id=GWVEeeZySkOeWZXB7Pa4GQ]

routing_nodes:
-----node_id[F-u4jQqMTgCSFvClNNIaBA][V]
-----node_id[nMu_6boQR--7IGHETEaC6A][V]
--------[test][6], node[nMu_6boQR--7IGHETEaC6A], [P], v[2], s[STARTED], a[id=OZw1U2GVTfGTc0WYIexndQ]
--------[test][2], node[nMu_6boQR--7IGHETEaC6A], [P], v[2], s[STARTED], a[id=4jD7-tdGTfmoAwhEHCXW2g]
--------[test][8], node[nMu_6boQR--7IGHETEaC6A], [P], v[2], s[STARTED], a[id=GWVEeeZySkOeWZXB7Pa4GQ]
--------[test][4], node[nMu_6boQR--7IGHETEaC6A], [P], v[2], s[STARTED], a[id=4qa0UMnJSna1NZFfHP1Fhg]
--------[test][0], node[nMu_6boQR--7IGHETEaC6A], [P], v[2], s[STARTED], a[id=AF2N8luPTGOEWsg3lpwsvQ]
---- unassigned
--------[test][7], node[null], [P], v[3], s[UNASSIGNED], unassigned_info[[reason=NODE_LEFT], at[2016-03-29T21:29:43.946Z], details[node_left[JMRMCPFeQ-OI3jC4mS0RAA]]]
--------[test][1], node[null], [P], v[3], s[UNASSIGNED], unassigned_info[[reason=NODE_LEFT], at[2016-03-29T21:29:43.947Z], details[node_left[JMRMCPFeQ-OI3jC4mS0RAA]]]
--------[test][5], node[null], [P], v[3], s[UNASSIGNED], unassigned_info[[reason=NODE_LEFT], at[2016-03-29T21:29:43.947Z], details[node_left[JMRMCPFeQ-OI3jC4mS0RAA]]]
--------[test][3], node[null], [P], v[3], s[UNASSIGNED], unassigned_info[[reason=NODE_LEFT], at[2016-03-29T21:29:43.947Z], details[node_left[JMRMCPFeQ-OI3jC4mS0RAA]]]

[2016-03-29 17:29:43,955][INFO ][org.elasticsearch.cluster.service] [node_t0] new_master {node_t0}{nMu_6boQR--7IGHETEaC6A}{127.0.0.1}{127.0.0.1:9420}[mode=>network], added {{node_t2}{F-u4jQqMTgCSFvClNNIaBA}{127.0.0.1}{127.0.0.1:9421}[mode=>network],}, reason: zen-disco-join(elected_as_master, [1] joins received)
[2016-03-29 17:29:43,955][TRACE][org.elasticsearch.gateway] [node_t0] [test][5] no local shard info found
[2016-03-29 17:29:43,955][DEBUG][org.elasticsearch.cluster.service] [node_t0] publishing cluster state version [7]
[2016-03-29 17:29:43,955][TRACE][org.elasticsearch.gateway] [node_t0] [test][5] processing fetched [shard_started] results
[2016-03-29 17:29:43,955][TRACE][org.elasticsearch.gateway] [node_t0] [test][5] marking nMu_6boQR--7IGHETEaC6A as done for [shard_started]
[2016-03-29 17:29:43,955][TRACE][org.elasticsearch.gateway] [node_t0] [test][5] scheduling reroute for post_response
[2016-03-29 17:29:43,956][DEBUG][org.elasticsearch.discovery.zen.publish] [node_t2] received full cluster state version [7] with size [809]
[2016-03-29 17:29:43,957][TRACE][org.elasticsearch.discovery.zen.publish] [node_t0] master node {node_t2}{F-u4jQqMTgCSFvClNNIaBA}{127.0.0.1}{127.0.0.1:9421}[mode=>network] acked cluster state version [7]. processing ... (current pending [1], needed [1])
[2016-03-29 17:29:43,957][TRACE][org.elasticsearch.discovery.zen.publish] [node_t0] committing version [7]
[2016-03-29 17:29:43,957][TRACE][org.elasticsearch.discovery.zen.publish] [node_t0] sending commit for cluster state (uuid: [uqWvzDoNQ3aFOv63iQ9FAQ], version [7]) to [{node_t2}{F-u4jQqMTgCSFvClNNIaBA}{127.0.0.1}{127.0.0.1:9421}[mode=>network]]
[2016-03-29 17:29:43,957][TRACE][org.elasticsearch.cluster.service] [node_t2] will process [zen-disco-receive(from master [master {node_t0}{nMu_6boQR--7IGHETEaC6A}{127.0.0.1}{127.0.0.1:9420}[mode=>network] committed version [7]])]
[2016-03-29 17:29:43,957][DEBUG][org.elasticsearch.cluster.service] [node_t2] processing [zen-disco-receive(from master [master {node_t0}{nMu_6boQR--7IGHETEaC6A}{127.0.0.1}{127.0.0.1:9420}[mode=>network] committed version [7]])]: execute
[2016-03-29 17:29:43,957][DEBUG][org.elasticsearch.discovery.zen.fd] [node_t2] [master] restarting fault detection against master [{node_t0}{nMu_6boQR--7IGHETEaC6A}{127.0.0.1}{127.0.0.1:9420}[mode=>network]], reason [new cluster state received and we are monitoring the wrong master [null]]
[2016-03-29 17:29:43,957][DEBUG][org.elasticsearch.discovery.zen] [node_t2] got first state from fresh master [nMu_6boQR--7IGHETEaC6A]
[2016-03-29 17:29:43,957][TRACE][org.elasticsearch.discovery.zen] [node_t2] updated cluster join cluster to [1]
[2016-03-29 17:29:43,958][TRACE][org.elasticsearch.cluster.service] [node_t2] cluster state updated, source [zen-disco-receive(from master [master {node_t0}{nMu_6boQR--7IGHETEaC6A}{127.0.0.1}{127.0.0.1:9420}[mode=>network] committed version [7]])]
version: 7
state uuid: uqWvzDoNQ3aFOv63iQ9FAQ
from_diff: false
meta data version: 5
nodes: 
   {node_t2}{F-u4jQqMTgCSFvClNNIaBA}{127.0.0.1}{127.0.0.1:9421}[mode=>network], local
   {node_t0}{nMu_6boQR--7IGHETEaC6A}{127.0.0.1}{127.0.0.1:9420}[mode=>network], master
routing_table (version 5):
-- index [test]
----shard_id [test][0]
--------[test][0], node[nMu_6boQR--7IGHETEaC6A], [P], v[2], s[STARTED], a[id=AF2N8luPTGOEWsg3lpwsvQ]
----shard_id [test][1]
--------[test][1], node[null], [P], v[3], s[UNASSIGNED], unassigned_info[[reason=NODE_LEFT], at[2016-03-29T21:29:43.947Z], details[node_left[JMRMCPFeQ-OI3jC4mS0RAA]]]
----shard_id [test][2]
--------[test][2], node[nMu_6boQR--7IGHETEaC6A], [P], v[2], s[STARTED], a[id=4jD7-tdGTfmoAwhEHCXW2g]
----shard_id [test][3]
--------[test][3], node[null], [P], v[3], s[UNASSIGNED], unassigned_info[[reason=NODE_LEFT], at[2016-03-29T21:29:43.947Z], details[node_left[JMRMCPFeQ-OI3jC4mS0RAA]]]
----shard_id [test][4]
--------[test][4], node[nMu_6boQR--7IGHETEaC6A], [P], v[2], s[STARTED], a[id=4qa0UMnJSna1NZFfHP1Fhg]
----shard_id [test][5]
--------[test][5], node[null], [P], v[3], s[UNASSIGNED], unassigned_info[[reason=NODE_LEFT], at[2016-03-29T21:29:43.947Z], details[node_left[JMRMCPFeQ-OI3jC4mS0RAA]]]
----shard_id [test][6]
--------[test][6], node[nMu_6boQR--7IGHETEaC6A], [P], v[2], s[STARTED], a[id=OZw1U2GVTfGTc0WYIexndQ]
----shard_id [test][7]
--------[test][7], node[null], [P], v[3], s[UNASSIGNED], unassigned_info[[reason=NODE_LEFT], at[2016-03-29T21:29:43.946Z], details[node_left[JMRMCPFeQ-OI3jC4mS0RAA]]]
----shard_id [test][8]
--------[test][8], node[nMu_6boQR--7IGHETEaC6A], [P], v[2], s[STARTED], a[id=GWVEeeZySkOeWZXB7Pa4GQ]

routing_nodes:
-----node_id[F-u4jQqMTgCSFvClNNIaBA][V]
-----node_id[nMu_6boQR--7IGHETEaC6A][V]
--------[test][4], node[nMu_6boQR--7IGHETEaC6A], [P], v[2], s[STARTED], a[id=4qa0UMnJSna1NZFfHP1Fhg]
--------[test][8], node[nMu_6boQR--7IGHETEaC6A], [P], v[2], s[STARTED], a[id=GWVEeeZySkOeWZXB7Pa4GQ]
--------[test][6], node[nMu_6boQR--7IGHETEaC6A], [P], v[2], s[STARTED], a[id=OZw1U2GVTfGTc0WYIexndQ]
--------[test][2], node[nMu_6boQR--7IGHETEaC6A], [P], v[2], s[STARTED], a[id=4jD7-tdGTfmoAwhEHCXW2g]
--------[test][0], node[nMu_6boQR--7IGHETEaC6A], [P], v[2], s[STARTED], a[id=AF2N8luPTGOEWsg3lpwsvQ]
---- unassigned
--------[test][5], node[null], [P], v[3], s[UNASSIGNED], unassigned_info[[reason=NODE_LEFT], at[2016-03-29T21:29:43.947Z], details[node_left[JMRMCPFeQ-OI3jC4mS0RAA]]]
--------[test][3], node[null], [P], v[3], s[UNASSIGNED], unassigned_info[[reason=NODE_LEFT], at[2016-03-29T21:29:43.947Z], details[node_left[JMRMCPFeQ-OI3jC4mS0RAA]]]
--------[test][7], node[null], [P], v[3], s[UNASSIGNED], unassigned_info[[reason=NODE_LEFT], at[2016-03-29T21:29:43.946Z], details[node_left[JMRMCPFeQ-OI3jC4mS0RAA]]]
--------[test][1], node[null], [P], v[3], s[UNASSIGNED], unassigned_info[[reason=NODE_LEFT], at[2016-03-29T21:29:43.947Z], details[node_left[JMRMCPFeQ-OI3jC4mS0RAA]]]

[2016-03-29 17:29:43,958][INFO ][org.elasticsearch.cluster.service] [node_t2] detected_master {node_t0}{nMu_6boQR--7IGHETEaC6A}{127.0.0.1}{127.0.0.1:9420}[mode=>network], added {{node_t0}{nMu_6boQR--7IGHETEaC6A}{127.0.0.1}{127.0.0.1:9420}[mode=>network],}, reason: zen-disco-receive(from master [master {node_t0}{nMu_6boQR--7IGHETEaC6A}{127.0.0.1}{127.0.0.1:9420}[mode=>network] committed version [7]])
[2016-03-29 17:29:43,958][DEBUG][org.elasticsearch.cluster.service] [node_t2] set local cluster state to version 7
[2016-03-29 17:29:43,960][TRACE][org.elasticsearch.gateway] [node_t2] [_global] writing state, reason [changed]
[2016-03-29 17:29:43,962][TRACE][org.elasticsearch.gateway] [node_t2] [test] writing state, reason [freshly created]
[2016-03-29 17:29:43,964][DEBUG][org.elasticsearch.cluster.service] [node_t2] processing [zen-disco-receive(from master [master {node_t0}{nMu_6boQR--7IGHETEaC6A}{127.0.0.1}{127.0.0.1:9420}[mode=>network] committed version [7]])]: took 6ms done applying updated cluster_state (version: 7, uuid: uqWvzDoNQ3aFOv63iQ9FAQ)
[2016-03-29 17:29:43,964][TRACE][org.elasticsearch.cluster.service] [node_t2] will process [gateway_initial_state_recovery]
[2016-03-29 17:29:43,964][DEBUG][org.elasticsearch.cluster.service] [node_t2] processing [gateway_initial_state_recovery]: execute
[2016-03-29 17:29:43,964][DEBUG][org.elasticsearch.cluster.service] [node_t2] processing [gateway_initial_state_recovery]: took 0s no change in cluster_state
[2016-03-29 17:29:43,964][DEBUG][org.elasticsearch.cluster.service] [node_t0] set local cluster state to version 7
[2016-03-29 17:29:43,965][TRACE][org.elasticsearch.discovery.zen] [node_t0] stopping join accumulation ([election closed])
[2016-03-29 17:29:43,965][TRACE][org.elasticsearch.discovery.zen] [node_t0] cluster joins counter set to [2] (elected as master)
[2016-03-29 17:29:43,965][DEBUG][org.elasticsearch.cluster.service] [node_t0] processing [zen-disco-join(elected_as_master, [1] joins received)]: took 18ms done applying updated cluster_state (version: 7, uuid: uqWvzDoNQ3aFOv63iQ9FAQ)
[2016-03-29 17:29:43,965][TRACE][org.elasticsearch.cluster.service] [node_t0] will process [cluster_reroute(async_shard_fetch)]
[2016-03-29 17:29:43,965][DEBUG][org.elasticsearch.cluster.service] [node_t0] processing [cluster_reroute(async_shard_fetch)]: execute
[2016-03-29 17:29:43,965][TRACE][org.elasticsearch.cluster.service] [node_t2] will process [finalize_join ({node_t0}{nMu_6boQR--7IGHETEaC6A}{127.0.0.1}{127.0.0.1:9420}[mode=>network])]
[2016-03-29 17:29:43,965][DEBUG][org.elasticsearch.cluster.service] [node_t2] processing [finalize_join ({node_t0}{nMu_6boQR--7IGHETEaC6A}{127.0.0.1}{127.0.0.1:9420}[mode=>network])]: execute
[2016-03-29 17:29:43,965][DEBUG][org.elasticsearch.cluster.service] [node_t2] processing [finalize_join ({node_t0}{nMu_6boQR--7IGHETEaC6A}{127.0.0.1}{127.0.0.1:9420}[mode=>network])]: took 0s no change in cluster_state
[2016-03-29 17:29:43,965][TRACE][org.elasticsearch.gateway] [node_t0] [test][3] fetching [shard_started] from [F-u4jQqMTgCSFvClNNIaBA]
[2016-03-29 17:29:43,965][TRACE][org.elasticsearch.gateway] [node_t0] [test][3], node[null], [P], v[3], s[UNASSIGNED], unassigned_info[[reason=NODE_LEFT], at[2016-03-29T21:29:43.947Z], details[node_left[JMRMCPFeQ-OI3jC4mS0RAA]]]: ignoring allocation, still fetching shard started state
[2016-03-29 17:29:43,965][TRACE][org.elasticsearch.gateway] [node_t0] [test][7] fetching [shard_started] from [F-u4jQqMTgCSFvClNNIaBA]
[2016-03-29 17:29:43,965][TRACE][org.elasticsearch.gateway] [node_t2] [test][3] loading local shard state info
[2016-03-29 17:29:43,966][TRACE][org.elasticsearch.gateway] [node_t0] [test][7], node[null], [P], v[3], s[UNASSIGNED], unassigned_info[[reason=NODE_LEFT], at[2016-03-29T21:29:43.946Z], details[node_left[JMRMCPFeQ-OI3jC4mS0RAA]]]: ignoring allocation, still fetching shard started state
[2016-03-29 17:29:43,966][TRACE][org.elasticsearch.gateway] [node_t2] [test][7] loading local shard state info
[2016-03-29 17:29:43,966][TRACE][org.elasticsearch.gateway] [node_t2] found state file: [id:0, legacy:false, file:/Users/ogbonnayacngwu/CSE2410_spring2016_projectileDysfunction/core/build/testrun/integTest/J0/temp/org.elasticsearch.cluster.MinimumMasterNodesIT_4AA6DECDBC490785-001/tempDir-005/data/TEST-CHILD_VM=[0]-CLUSTER_SEED=[-8106659381411338889]-HASH=[14406DC76783A180]-cluster/nodes/1/indices/test/3/_state/state-0.st]
[2016-03-29 17:29:43,966][TRACE][org.elasticsearch.gateway] [node_t0] [test][1] fetching [shard_started] from [F-u4jQqMTgCSFvClNNIaBA]
[2016-03-29 17:29:43,966][TRACE][org.elasticsearch.gateway] [node_t0] [test][1], node[null], [P], v[3], s[UNASSIGNED], unassigned_info[[reason=NODE_LEFT], at[2016-03-29T21:29:43.947Z], details[node_left[JMRMCPFeQ-OI3jC4mS0RAA]]]: ignoring allocation, still fetching shard started state
[2016-03-29 17:29:43,966][TRACE][org.elasticsearch.gateway] [node_t2] found state file: [id:0, legacy:false, file:/Users/ogbonnayacngwu/CSE2410_spring2016_projectileDysfunction/core/build/testrun/integTest/J0/temp/org.elasticsearch.cluster.MinimumMasterNodesIT_4AA6DECDBC490785-001/tempDir-005/data/TEST-CHILD_VM=[0]-CLUSTER_SEED=[-8106659381411338889]-HASH=[14406DC76783A180]-cluster/nodes/1/indices/test/7/_state/state-0.st]
[2016-03-29 17:29:43,966][TRACE][org.elasticsearch.gateway] [node_t0] [test][5] fetching [shard_started] from [F-u4jQqMTgCSFvClNNIaBA]
[2016-03-29 17:29:43,967][TRACE][org.elasticsearch.gateway] [node_t2] [test][1] loading local shard state info
[2016-03-29 17:29:43,967][TRACE][org.elasticsearch.gateway] [node_t2] state id [0] read from [state-0.st]
[2016-03-29 17:29:43,967][TRACE][org.elasticsearch.gateway] [node_t0] [test][5], node[null], [P], v[3], s[UNASSIGNED], unassigned_info[[reason=NODE_LEFT], at[2016-03-29T21:29:43.947Z], details[node_left[JMRMCPFeQ-OI3jC4mS0RAA]]]: ignoring allocation, still fetching shard started state
[2016-03-29 17:29:43,967][TRACE][org.elasticsearch.gateway] [node_t2] state id [0] read from [state-0.st]
[2016-03-29 17:29:43,967][DEBUG][org.elasticsearch.cluster.service] [node_t0] processing [cluster_reroute(async_shard_fetch)]: took 2ms no change in cluster_state
[2016-03-29 17:29:43,967][TRACE][org.elasticsearch.gateway] [node_t2] [test][5] loading local shard state info
[2016-03-29 17:29:43,967][TRACE][org.elasticsearch.gateway] [node_t2] found state file: [id:0, legacy:false, file:/Users/ogbonnayacngwu/CSE2410_spring2016_projectileDysfunction/core/build/testrun/integTest/J0/temp/org.elasticsearch.cluster.MinimumMasterNodesIT_4AA6DECDBC490785-001/tempDir-005/data/TEST-CHILD_VM=[0]-CLUSTER_SEED=[-8106659381411338889]-HASH=[14406DC76783A180]-cluster/nodes/1/indices/test/1/_state/state-0.st]
[2016-03-29 17:29:43,967][TRACE][org.elasticsearch.gateway] [node_t2] found state file: [id:0, legacy:false, file:/Users/ogbonnayacngwu/CSE2410_spring2016_projectileDysfunction/core/build/testrun/integTest/J0/temp/org.elasticsearch.cluster.MinimumMasterNodesIT_4AA6DECDBC490785-001/tempDir-005/data/TEST-CHILD_VM=[0]-CLUSTER_SEED=[-8106659381411338889]-HASH=[14406DC76783A180]-cluster/nodes/1/indices/test/3/_state/state-0.st]
[2016-03-29 17:29:43,967][TRACE][org.elasticsearch.gateway] [node_t2] found state file: [id:0, legacy:false, file:/Users/ogbonnayacngwu/CSE2410_spring2016_projectileDysfunction/core/build/testrun/integTest/J0/temp/org.elasticsearch.cluster.MinimumMasterNodesIT_4AA6DECDBC490785-001/tempDir-005/data/TEST-CHILD_VM=[0]-CLUSTER_SEED=[-8106659381411338889]-HASH=[14406DC76783A180]-cluster/nodes/1/indices/test/7/_state/state-0.st]
[2016-03-29 17:29:43,967][TRACE][org.elasticsearch.gateway] [node_t2] found state file: [id:0, legacy:false, file:/Users/ogbonnayacngwu/CSE2410_spring2016_projectileDysfunction/core/build/testrun/integTest/J0/temp/org.elasticsearch.cluster.MinimumMasterNodesIT_4AA6DECDBC490785-001/tempDir-005/data/TEST-CHILD_VM=[0]-CLUSTER_SEED=[-8106659381411338889]-HASH=[14406DC76783A180]-cluster/nodes/1/indices/test/5/_state/state-0.st]
[2016-03-29 17:29:43,967][TRACE][org.elasticsearch.gateway] [node_t2] state id [0] read from [state-0.st]
[2016-03-29 17:29:43,967][TRACE][org.elasticsearch.gateway] [node_t2] state id [0] read from [state-0.st]
[2016-03-29 17:29:43,967][DEBUG][org.elasticsearch.gateway] [node_t2] [test][3] loaded data path [/Users/ogbonnayacngwu/CSE2410_spring2016_projectileDysfunction/core/build/testrun/integTest/J0/temp/org.elasticsearch.cluster.MinimumMasterNodesIT_4AA6DECDBC490785-001/tempDir-005/custom/cfPfVzVmFE/1/test/3], state path [/Users/ogbonnayacngwu/CSE2410_spring2016_projectileDysfunction/core/build/testrun/integTest/J0/temp/org.elasticsearch.cluster.MinimumMasterNodesIT_4AA6DECDBC490785-001/tempDir-005/data/TEST-CHILD_VM=[0]-CLUSTER_SEED=[-8106659381411338889]-HASH=[14406DC76783A180]-cluster/nodes/1/indices/test/3]
[2016-03-29 17:29:43,967][TRACE][org.elasticsearch.gateway] [node_t2] state id [0] read from [state-0.st]
[2016-03-29 17:29:43,968][DEBUG][org.elasticsearch.gateway] [node_t2] [test][7] loaded data path [/Users/ogbonnayacngwu/CSE2410_spring2016_projectileDysfunction/core/build/testrun/integTest/J0/temp/org.elasticsearch.cluster.MinimumMasterNodesIT_4AA6DECDBC490785-001/tempDir-005/custom/cfPfVzVmFE/1/test/7], state path [/Users/ogbonnayacngwu/CSE2410_spring2016_projectileDysfunction/core/build/testrun/integTest/J0/temp/org.elasticsearch.cluster.MinimumMasterNodesIT_4AA6DECDBC490785-001/tempDir-005/data/TEST-CHILD_VM=[0]-CLUSTER_SEED=[-8106659381411338889]-HASH=[14406DC76783A180]-cluster/nodes/1/indices/test/7]
[2016-03-29 17:29:43,968][TRACE][org.elasticsearch.gateway] [node_t2] state id [0] read from [state-0.st]
[2016-03-29 17:29:43,968][TRACE][org.elasticsearch.gateway] [node_t2] found state file: [id:0, legacy:false, file:/Users/ogbonnayacngwu/CSE2410_spring2016_projectileDysfunction/core/build/testrun/integTest/J0/temp/org.elasticsearch.cluster.MinimumMasterNodesIT_4AA6DECDBC490785-001/tempDir-005/data/TEST-CHILD_VM=[0]-CLUSTER_SEED=[-8106659381411338889]-HASH=[14406DC76783A180]-cluster/nodes/1/indices/test/1/_state/state-0.st]
[2016-03-29 17:29:43,968][TRACE][org.elasticsearch.gateway] [node_t2] found state file: [id:0, legacy:false, file:/Users/ogbonnayacngwu/CSE2410_spring2016_projectileDysfunction/core/build/testrun/integTest/J0/temp/org.elasticsearch.cluster.MinimumMasterNodesIT_4AA6DECDBC490785-001/tempDir-005/data/TEST-CHILD_VM=[0]-CLUSTER_SEED=[-8106659381411338889]-HASH=[14406DC76783A180]-cluster/nodes/1/indices/test/5/_state/state-0.st]
[2016-03-29 17:29:43,968][TRACE][org.elasticsearch.gateway] [node_t2] state id [0] read from [state-0.st]
[2016-03-29 17:29:43,968][DEBUG][org.elasticsearch.gateway] [node_t2] [test][1] loaded data path [/Users/ogbonnayacngwu/CSE2410_spring2016_projectileDysfunction/core/build/testrun/integTest/J0/temp/org.elasticsearch.cluster.MinimumMasterNodesIT_4AA6DECDBC490785-001/tempDir-005/custom/cfPfVzVmFE/1/test/1], state path [/Users/ogbonnayacngwu/CSE2410_spring2016_projectileDysfunction/core/build/testrun/integTest/J0/temp/org.elasticsearch.cluster.MinimumMasterNodesIT_4AA6DECDBC490785-001/tempDir-005/data/TEST-CHILD_VM=[0]-CLUSTER_SEED=[-8106659381411338889]-HASH=[14406DC76783A180]-cluster/nodes/1/indices/test/1]
[2016-03-29 17:29:43,968][DEBUG][org.elasticsearch.gateway] [node_t2] [test][3] shard state info found: [version [2], primary [true], allocation [[id=OhSwnQWwRbuJ5-YMqKNJjw]]]
[2016-03-29 17:29:43,968][TRACE][org.elasticsearch.gateway] [node_t2] state id [0] read from [state-0.st]
[2016-03-29 17:29:43,968][DEBUG][org.elasticsearch.gateway] [node_t2] [test][5] loaded data path [/Users/ogbonnayacngwu/CSE2410_spring2016_projectileDysfunction/core/build/testrun/integTest/J0/temp/org.elasticsearch.cluster.MinimumMasterNodesIT_4AA6DECDBC490785-001/tempDir-005/custom/cfPfVzVmFE/1/test/5], state path [/Users/ogbonnayacngwu/CSE2410_spring2016_projectileDysfunction/core/build/testrun/integTest/J0/temp/org.elasticsearch.cluster.MinimumMasterNodesIT_4AA6DECDBC490785-001/tempDir-005/data/TEST-CHILD_VM=[0]-CLUSTER_SEED=[-8106659381411338889]-HASH=[14406DC76783A180]-cluster/nodes/1/indices/test/5]
[2016-03-29 17:29:43,968][DEBUG][org.elasticsearch.gateway] [node_t2] [test][7] shard state info found: [version [2], primary [true], allocation [[id=rC7V5BXeT4m-1G9-b5Pw5w]]]
[2016-03-29 17:29:43,968][TRACE][org.elasticsearch.gateway] [node_t0] [test][3] processing fetched [shard_started] results
[2016-03-29 17:29:43,968][TRACE][org.elasticsearch.gateway] [node_t0] [test][3] marking F-u4jQqMTgCSFvClNNIaBA as done for [shard_started]
[2016-03-29 17:29:43,969][TRACE][org.elasticsearch.gateway] [node_t0] [test][3] scheduling reroute for post_response
[2016-03-29 17:29:43,969][TRACE][org.elasticsearch.cluster.service] [node_t0] will process [cluster_reroute(async_shard_fetch)]
[2016-03-29 17:29:43,969][DEBUG][org.elasticsearch.cluster.service] [node_t0] processing [cluster_reroute(async_shard_fetch)]: execute
[2016-03-29 17:29:43,969][TRACE][org.elasticsearch.gateway] [node_t0] [test][7] processing fetched [shard_started] results
[2016-03-29 17:29:43,969][TRACE][org.elasticsearch.gateway] [node_t0] [test][7] marking F-u4jQqMTgCSFvClNNIaBA as done for [shard_started]
[2016-03-29 17:29:43,969][TRACE][org.elasticsearch.gateway] [node_t0] [test][7] scheduling reroute for post_response
[2016-03-29 17:29:43,969][DEBUG][org.elasticsearch.gateway] [node_t2] [test][1] shard state info found: [version [2], primary [true], allocation [[id=3Mp0BD-HTQC_HeIU1DtPhA]]]
[2016-03-29 17:29:43,969][TRACE][org.elasticsearch.gateway] [node_t0] [test][1], node[null], [P], v[3], s[UNASSIGNED], unassigned_info[[reason=NODE_LEFT], at[2016-03-29T21:29:43.947Z], details[node_left[JMRMCPFeQ-OI3jC4mS0RAA]]]: ignoring allocation, still fetching shard started state
[2016-03-29 17:29:43,969][TRACE][org.elasticsearch.gateway] [node_t0] [test][1] processing fetched [shard_started] results
[2016-03-29 17:29:43,969][TRACE][org.elasticsearch.gateway] [node_t0] [test][1] marking F-u4jQqMTgCSFvClNNIaBA as done for [shard_started]
[2016-03-29 17:29:43,969][TRACE][org.elasticsearch.gateway] [node_t0] [test][1] scheduling reroute for post_response
[2016-03-29 17:29:43,969][DEBUG][org.elasticsearch.gateway] [node_t2] [test][5] shard state info found: [version [2], primary [true], allocation [[id=FY_5koEwQY-x8VwqH92QIA]]]
[2016-03-29 17:29:43,969][TRACE][org.elasticsearch.gateway] [node_t0] [test][5] processing fetched [shard_started] results
[2016-03-29 17:29:43,969][TRACE][org.elasticsearch.gateway] [node_t0] [[test][7], node[null], [P], v[3], s[UNASSIGNED], unassigned_info[[reason=NODE_LEFT], at[2016-03-29T21:29:43.946Z], details[node_left[JMRMCPFeQ-OI3jC4mS0RAA]]]] on node [{node_t0}{nMu_6boQR--7IGHETEaC6A}{127.0.0.1}{127.0.0.1:9420}[mode=>network]] has allocation id [null] of shard
[2016-03-29 17:29:43,969][TRACE][org.elasticsearch.gateway] [node_t0] [test][5] marking F-u4jQqMTgCSFvClNNIaBA as done for [shard_started]
[2016-03-29 17:29:43,969][TRACE][org.elasticsearch.gateway] [node_t0] [[test][7], node[null], [P], v[3], s[UNASSIGNED], unassigned_info[[reason=NODE_LEFT], at[2016-03-29T21:29:43.946Z], details[node_left[JMRMCPFeQ-OI3jC4mS0RAA]]]] on node [{node_t2}{F-u4jQqMTgCSFvClNNIaBA}{127.0.0.1}{127.0.0.1:9421}[mode=>network]] has allocation id [rC7V5BXeT4m-1G9-b5Pw5w] of shard
[2016-03-29 17:29:43,969][TRACE][org.elasticsearch.gateway] [node_t0] [test][5] scheduling reroute for post_response
[2016-03-29 17:29:43,970][TRACE][org.elasticsearch.gateway] [node_t0] [test][7], node[null], [P], v[3], s[UNASSIGNED], unassigned_info[[reason=NODE_LEFT], at[2016-03-29T21:29:43.946Z], details[node_left[JMRMCPFeQ-OI3jC4mS0RAA]]] candidates for allocation: node_t2
[2016-03-29 17:29:43,970][DEBUG][org.elasticsearch.gateway] [node_t0] [test][7]: found 1 allocations of [test][7], node[null], [P], v[3], s[UNASSIGNED], unassigned_info[[reason=NODE_LEFT], at[2016-03-29T21:29:43.946Z], details[node_left[JMRMCPFeQ-OI3jC4mS0RAA]]] based on allocation ids: [[rC7V5BXeT4m-1G9-b5Pw5w]]
[2016-03-29 17:29:43,970][DEBUG][org.elasticsearch.gateway] [node_t0] [test][7]: allocating [[test][7], node[null], [P], v[3], s[UNASSIGNED], unassigned_info[[reason=NODE_LEFT], at[2016-03-29T21:29:43.946Z], details[node_left[JMRMCPFeQ-OI3jC4mS0RAA]]]] to [{node_t2}{F-u4jQqMTgCSFvClNNIaBA}{127.0.0.1}{127.0.0.1:9421}[mode=>network]] on primary allocation
[2016-03-29 17:29:43,970][TRACE][org.elasticsearch.gateway] [node_t0] [[test][3], node[null], [P], v[3], s[UNASSIGNED], unassigned_info[[reason=NODE_LEFT], at[2016-03-29T21:29:43.947Z], details[node_left[JMRMCPFeQ-OI3jC4mS0RAA]]]] on node [{node_t0}{nMu_6boQR--7IGHETEaC6A}{127.0.0.1}{127.0.0.1:9420}[mode=>network]] has allocation id [null] of shard
[2016-03-29 17:29:43,970][TRACE][org.elasticsearch.gateway] [node_t0] [[test][3], node[null], [P], v[3], s[UNASSIGNED], unassigned_info[[reason=NODE_LEFT], at[2016-03-29T21:29:43.947Z], details[node_left[JMRMCPFeQ-OI3jC4mS0RAA]]]] on node [{node_t2}{F-u4jQqMTgCSFvClNNIaBA}{127.0.0.1}{127.0.0.1:9421}[mode=>network]] has allocation id [OhSwnQWwRbuJ5-YMqKNJjw] of shard
[2016-03-29 17:29:43,970][TRACE][org.elasticsearch.gateway] [node_t0] [test][3], node[null], [P], v[3], s[UNASSIGNED], unassigned_info[[reason=NODE_LEFT], at[2016-03-29T21:29:43.947Z], details[node_left[JMRMCPFeQ-OI3jC4mS0RAA]]] candidates for allocation: node_t2
[2016-03-29 17:29:43,971][DEBUG][org.elasticsearch.gateway] [node_t0] [test][3]: found 1 allocations of [test][3], node[null], [P], v[3], s[UNASSIGNED], unassigned_info[[reason=NODE_LEFT], at[2016-03-29T21:29:43.947Z], details[node_left[JMRMCPFeQ-OI3jC4mS0RAA]]] based on allocation ids: [[OhSwnQWwRbuJ5-YMqKNJjw]]
[2016-03-29 17:29:43,971][DEBUG][org.elasticsearch.gateway] [node_t0] [test][3]: allocating [[test][3], node[null], [P], v[3], s[UNASSIGNED], unassigned_info[[reason=NODE_LEFT], at[2016-03-29T21:29:43.947Z], details[node_left[JMRMCPFeQ-OI3jC4mS0RAA]]]] to [{node_t2}{F-u4jQqMTgCSFvClNNIaBA}{127.0.0.1}{127.0.0.1:9421}[mode=>network]] on primary allocation
[2016-03-29 17:29:43,971][TRACE][org.elasticsearch.gateway] [node_t0] [[test][5], node[null], [P], v[3], s[UNASSIGNED], unassigned_info[[reason=NODE_LEFT], at[2016-03-29T21:29:43.947Z], details[node_left[JMRMCPFeQ-OI3jC4mS0RAA]]]] on node [{node_t0}{nMu_6boQR--7IGHETEaC6A}{127.0.0.1}{127.0.0.1:9420}[mode=>network]] has allocation id [null] of shard
[2016-03-29 17:29:43,971][TRACE][org.elasticsearch.gateway] [node_t0] [[test][5], node[null], [P], v[3], s[UNASSIGNED], unassigned_info[[reason=NODE_LEFT], at[2016-03-29T21:29:43.947Z], details[node_left[JMRMCPFeQ-OI3jC4mS0RAA]]]] on node [{node_t2}{F-u4jQqMTgCSFvClNNIaBA}{127.0.0.1}{127.0.0.1:9421}[mode=>network]] has allocation id [FY_5koEwQY-x8VwqH92QIA] of shard
[2016-03-29 17:29:43,971][TRACE][org.elasticsearch.gateway] [node_t0] [test][5], node[null], [P], v[3], s[UNASSIGNED], unassigned_info[[reason=NODE_LEFT], at[2016-03-29T21:29:43.947Z], details[node_left[JMRMCPFeQ-OI3jC4mS0RAA]]] candidates for allocation: node_t2
[2016-03-29 17:29:43,971][DEBUG][org.elasticsearch.gateway] [node_t0] [test][5]: found 1 allocations of [test][5], node[null], [P], v[3], s[UNASSIGNED], unassigned_info[[reason=NODE_LEFT], at[2016-03-29T21:29:43.947Z], details[node_left[JMRMCPFeQ-OI3jC4mS0RAA]]] based on allocation ids: [[FY_5koEwQY-x8VwqH92QIA]]
[2016-03-29 17:29:43,971][DEBUG][org.elasticsearch.gateway] [node_t0] [test][5]: allocating [[test][5], node[null], [P], v[3], s[UNASSIGNED], unassigned_info[[reason=NODE_LEFT], at[2016-03-29T21:29:43.947Z], details[node_left[JMRMCPFeQ-OI3jC4mS0RAA]]]] to [{node_t2}{F-u4jQqMTgCSFvClNNIaBA}{127.0.0.1}{127.0.0.1:9421}[mode=>network]] on primary allocation
[2016-03-29 17:29:43,972][TRACE][org.elasticsearch.cluster.service] [node_t0] cluster state updated, source [cluster_reroute(async_shard_fetch)]
version: 8
state uuid: trHYVkg9TiqpjAZvWlgdaQ
from_diff: false
meta data version: 5
nodes: 
   {node_t2}{F-u4jQqMTgCSFvClNNIaBA}{127.0.0.1}{127.0.0.1:9421}[mode=>network]
   {node_t0}{nMu_6boQR--7IGHETEaC6A}{127.0.0.1}{127.0.0.1:9420}[mode=>network], local, master
routing_table (version 6):
-- index [test]
----shard_id [test][0]
--------[test][0], node[nMu_6boQR--7IGHETEaC6A], [P], v[2], s[STARTED], a[id=AF2N8luPTGOEWsg3lpwsvQ]
----shard_id [test][1]
--------[test][1], node[null], [P], v[3], s[UNASSIGNED], unassigned_info[[reason=NODE_LEFT], at[2016-03-29T21:29:43.947Z], details[node_left[JMRMCPFeQ-OI3jC4mS0RAA]]]
----shard_id [test][2]
--------[test][2], node[nMu_6boQR--7IGHETEaC6A], [P], v[2], s[STARTED], a[id=4jD7-tdGTfmoAwhEHCXW2g]
----shard_id [test][3]
--------[test][3], node[F-u4jQqMTgCSFvClNNIaBA], [P], v[3], s[INITIALIZING], a[id=EPv4X3BBRDaHBG5a-yV9tg], unassigned_info[[reason=NODE_LEFT], at[2016-03-29T21:29:43.947Z], details[node_left[JMRMCPFeQ-OI3jC4mS0RAA]]]
----shard_id [test][4]
--------[test][4], node[nMu_6boQR--7IGHETEaC6A], [P], v[2], s[STARTED], a[id=4qa0UMnJSna1NZFfHP1Fhg]
----shard_id [test][5]
--------[test][5], node[F-u4jQqMTgCSFvClNNIaBA], [P], v[3], s[INITIALIZING], a[id=fTJOom38Tk-LN70eJUoAzQ], unassigned_info[[reason=NODE_LEFT], at[2016-03-29T21:29:43.947Z], details[node_left[JMRMCPFeQ-OI3jC4mS0RAA]]]
----shard_id [test][6]
--------[test][6], node[nMu_6boQR--7IGHETEaC6A], [P], v[2], s[STARTED], a[id=OZw1U2GVTfGTc0WYIexndQ]
----shard_id [test][7]
--------[test][7], node[F-u4jQqMTgCSFvClNNIaBA], [P], v[3], s[INITIALIZING], a[id=7CQ0O-PlTW-5MTxvqTL3Zw], unassigned_info[[reason=NODE_LEFT], at[2016-03-29T21:29:43.946Z], details[node_left[JMRMCPFeQ-OI3jC4mS0RAA]]]
----shard_id [test][8]
--------[test][8], node[nMu_6boQR--7IGHETEaC6A], [P], v[2], s[STARTED], a[id=GWVEeeZySkOeWZXB7Pa4GQ]

routing_nodes:
-----node_id[F-u4jQqMTgCSFvClNNIaBA][V]
--------[test][5], node[F-u4jQqMTgCSFvClNNIaBA], [P], v[3], s[INITIALIZING], a[id=fTJOom38Tk-LN70eJUoAzQ], unassigned_info[[reason=NODE_LEFT], at[2016-03-29T21:29:43.947Z], details[node_left[JMRMCPFeQ-OI3jC4mS0RAA]]]
--------[test][3], node[F-u4jQqMTgCSFvClNNIaBA], [P], v[3], s[INITIALIZING], a[id=EPv4X3BBRDaHBG5a-yV9tg], unassigned_info[[reason=NODE_LEFT], at[2016-03-29T21:29:43.947Z], details[node_left[JMRMCPFeQ-OI3jC4mS0RAA]]]
--------[test][7], node[F-u4jQqMTgCSFvClNNIaBA], [P], v[3], s[INITIALIZING], a[id=7CQ0O-PlTW-5MTxvqTL3Zw], unassigned_info[[reason=NODE_LEFT], at[2016-03-29T21:29:43.946Z], details[node_left[JMRMCPFeQ-OI3jC4mS0RAA]]]
-----node_id[nMu_6boQR--7IGHETEaC6A][V]
--------[test][4], node[nMu_6boQR--7IGHETEaC6A], [P], v[2], s[STARTED], a[id=4qa0UMnJSna1NZFfHP1Fhg]
--------[test][6], node[nMu_6boQR--7IGHETEaC6A], [P], v[2], s[STARTED], a[id=OZw1U2GVTfGTc0WYIexndQ]
--------[test][2], node[nMu_6boQR--7IGHETEaC6A], [P], v[2], s[STARTED], a[id=4jD7-tdGTfmoAwhEHCXW2g]
--------[test][8], node[nMu_6boQR--7IGHETEaC6A], [P], v[2], s[STARTED], a[id=GWVEeeZySkOeWZXB7Pa4GQ]
--------[test][0], node[nMu_6boQR--7IGHETEaC6A], [P], v[2], s[STARTED], a[id=AF2N8luPTGOEWsg3lpwsvQ]
---- unassigned
--------[test][1], node[null], [P], v[3], s[UNASSIGNED], unassigned_info[[reason=NODE_LEFT], at[2016-03-29T21:29:43.947Z], details[node_left[JMRMCPFeQ-OI3jC4mS0RAA]]]

[2016-03-29 17:29:43,972][DEBUG][org.elasticsearch.cluster.service] [node_t0] publishing cluster state version [8]
[2016-03-29 17:29:43,973][DEBUG][org.elasticsearch.discovery.zen.publish] [node_t2] received diff cluster state version [8] with uuid [trHYVkg9TiqpjAZvWlgdaQ], diff size [479]
[2016-03-29 17:29:43,973][TRACE][org.elasticsearch.discovery.zen.publish] [node_t0] master node {node_t2}{F-u4jQqMTgCSFvClNNIaBA}{127.0.0.1}{127.0.0.1:9421}[mode=>network] acked cluster state version [8]. processing ... (current pending [1], needed [1])
[2016-03-29 17:29:43,973][TRACE][org.elasticsearch.discovery.zen.publish] [node_t0] committing version [8]
[2016-03-29 17:29:43,973][TRACE][org.elasticsearch.discovery.zen.publish] [node_t0] sending commit for cluster state (uuid: [trHYVkg9TiqpjAZvWlgdaQ], version [8]) to [{node_t2}{F-u4jQqMTgCSFvClNNIaBA}{127.0.0.1}{127.0.0.1:9421}[mode=>network]]
[2016-03-29 17:29:43,973][TRACE][org.elasticsearch.cluster.service] [node_t2] will process [zen-disco-receive(from master [master {node_t0}{nMu_6boQR--7IGHETEaC6A}{127.0.0.1}{127.0.0.1:9420}[mode=>network] committed version [8]])]
[2016-03-29 17:29:43,973][DEBUG][org.elasticsearch.cluster.service] [node_t2] processing [zen-disco-receive(from master [master {node_t0}{nMu_6boQR--7IGHETEaC6A}{127.0.0.1}{127.0.0.1:9420}[mode=>network] committed version [8]])]: execute
[2016-03-29 17:29:43,973][TRACE][org.elasticsearch.cluster.service] [node_t2] cluster state updated, source [zen-disco-receive(from master [master {node_t0}{nMu_6boQR--7IGHETEaC6A}{127.0.0.1}{127.0.0.1:9420}[mode=>network] committed version [8]])]
version: 8
state uuid: trHYVkg9TiqpjAZvWlgdaQ
from_diff: false
meta data version: 5
nodes: 
   {node_t2}{F-u4jQqMTgCSFvClNNIaBA}{127.0.0.1}{127.0.0.1:9421}[mode=>network], local
   {node_t0}{nMu_6boQR--7IGHETEaC6A}{127.0.0.1}{127.0.0.1:9420}[mode=>network], master
routing_table (version 6):
-- index [test]
----shard_id [test][0]
--------[test][0], node[nMu_6boQR--7IGHETEaC6A], [P], v[2], s[STARTED], a[id=AF2N8luPTGOEWsg3lpwsvQ]
----shard_id [test][1]
--------[test][1], node[null], [P], v[3], s[UNASSIGNED], unassigned_info[[reason=NODE_LEFT], at[2016-03-29T21:29:43.947Z], details[node_left[JMRMCPFeQ-OI3jC4mS0RAA]]]
----shard_id [test][2]
--------[test][2], node[nMu_6boQR--7IGHETEaC6A], [P], v[2], s[STARTED], a[id=4jD7-tdGTfmoAwhEHCXW2g]
----shard_id [test][3]
--------[test][3], node[F-u4jQqMTgCSFvClNNIaBA], [P], v[3], s[INITIALIZING], a[id=EPv4X3BBRDaHBG5a-yV9tg], unassigned_info[[reason=NODE_LEFT], at[2016-03-29T21:29:43.947Z], details[node_left[JMRMCPFeQ-OI3jC4mS0RAA]]]
----shard_id [test][4]
--------[test][4], node[nMu_6boQR--7IGHETEaC6A], [P], v[2], s[STARTED], a[id=4qa0UMnJSna1NZFfHP1Fhg]
----shard_id [test][5]
--------[test][5], node[F-u4jQqMTgCSFvClNNIaBA], [P], v[3], s[INITIALIZING], a[id=fTJOom38Tk-LN70eJUoAzQ], unassigned_info[[reason=NODE_LEFT], at[2016-03-29T21:29:43.947Z], details[node_left[JMRMCPFeQ-OI3jC4mS0RAA]]]
----shard_id [test][6]
--------[test][6], node[nMu_6boQR--7IGHETEaC6A], [P], v[2], s[STARTED], a[id=OZw1U2GVTfGTc0WYIexndQ]
----shard_id [test][7]
--------[test][7], node[F-u4jQqMTgCSFvClNNIaBA], [P], v[3], s[INITIALIZING], a[id=7CQ0O-PlTW-5MTxvqTL3Zw], unassigned_info[[reason=NODE_LEFT], at[2016-03-29T21:29:43.946Z], details[node_left[JMRMCPFeQ-OI3jC4mS0RAA]]]
----shard_id [test][8]
--------[test][8], node[nMu_6boQR--7IGHETEaC6A], [P], v[2], s[STARTED], a[id=GWVEeeZySkOeWZXB7Pa4GQ]

routing_nodes:
-----node_id[F-u4jQqMTgCSFvClNNIaBA][V]
--------[test][5], node[F-u4jQqMTgCSFvClNNIaBA], [P], v[3], s[INITIALIZING], a[id=fTJOom38Tk-LN70eJUoAzQ], unassigned_info[[reason=NODE_LEFT], at[2016-03-29T21:29:43.947Z], details[node_left[JMRMCPFeQ-OI3jC4mS0RAA]]]
--------[test][3], node[F-u4jQqMTgCSFvClNNIaBA], [P], v[3], s[INITIALIZING], a[id=EPv4X3BBRDaHBG5a-yV9tg], unassigned_info[[reason=NODE_LEFT], at[2016-03-29T21:29:43.947Z], details[node_left[JMRMCPFeQ-OI3jC4mS0RAA]]]
--------[test][7], node[F-u4jQqMTgCSFvClNNIaBA], [P], v[3], s[INITIALIZING], a[id=7CQ0O-PlTW-5MTxvqTL3Zw], unassigned_info[[reason=NODE_LEFT], at[2016-03-29T21:29:43.946Z], details[node_left[JMRMCPFeQ-OI3jC4mS0RAA]]]
-----node_id[nMu_6boQR--7IGHETEaC6A][V]
--------[test][6], node[nMu_6boQR--7IGHETEaC6A], [P], v[2], s[STARTED], a[id=OZw1U2GVTfGTc0WYIexndQ]
--------[test][4], node[nMu_6boQR--7IGHETEaC6A], [P], v[2], s[STARTED], a[id=4qa0UMnJSna1NZFfHP1Fhg]
--------[test][8], node[nMu_6boQR--7IGHETEaC6A], [P], v[2], s[STARTED], a[id=GWVEeeZySkOeWZXB7Pa4GQ]
--------[test][2], node[nMu_6boQR--7IGHETEaC6A], [P], v[2], s[STARTED], a[id=4jD7-tdGTfmoAwhEHCXW2g]
--------[test][0], node[nMu_6boQR--7IGHETEaC6A], [P], v[2], s[STARTED], a[id=AF2N8luPTGOEWsg3lpwsvQ]
---- unassigned
--------[test][1], node[null], [P], v[3], s[UNASSIGNED], unassigned_info[[reason=NODE_LEFT], at[2016-03-29T21:29:43.947Z], details[node_left[JMRMCPFeQ-OI3jC4mS0RAA]]]

[2016-03-29 17:29:43,973][DEBUG][org.elasticsearch.cluster.service] [node_t2] set local cluster state to version 8
[2016-03-29 17:29:43,977][TRACE][org.elasticsearch.transport.tracer] [transport_client_node_t2] [1][cluster:monitor/health] sent to [{node_t2}{F-u4jQqMTgCSFvClNNIaBA}{127.0.0.1}{127.0.0.1:9421}[mode=>network]] (timeout: [null])
[2016-03-29 17:29:43,980][DEBUG][org.elasticsearch.cluster.service] [node_t2] processing [zen-disco-receive(from master [master {node_t0}{nMu_6boQR--7IGHETEaC6A}{127.0.0.1}{127.0.0.1:9420}[mode=>network] committed version [8]])]: took 6ms done applying updated cluster_state (version: 8, uuid: trHYVkg9TiqpjAZvWlgdaQ)
[2016-03-29 17:29:43,980][TRACE][org.elasticsearch.cluster.service] [node_t2] will process [indices_store ([[test][4]] active fully on other nodes)]
[2016-03-29 17:29:43,980][DEBUG][org.elasticsearch.cluster.service] [node_t2] processing [indices_store ([[test][4]] active fully on other nodes)]: execute
[2016-03-29 17:29:43,980][DEBUG][org.elasticsearch.cluster.service] [node_t0] set local cluster state to version 8
[2016-03-29 17:29:43,981][DEBUG][org.elasticsearch.cluster.service] [node_t0] processing [cluster_reroute(async_shard_fetch)]: took 12ms done applying updated cluster_state (version: 8, uuid: trHYVkg9TiqpjAZvWlgdaQ)
[2016-03-29 17:29:43,981][TRACE][org.elasticsearch.cluster.service] [node_t0] will process [cluster_reroute(async_shard_fetch)]
[2016-03-29 17:29:43,981][DEBUG][org.elasticsearch.cluster.service] [node_t0] processing [cluster_reroute(async_shard_fetch)]: execute
[2016-03-29 17:29:43,981][TRACE][org.elasticsearch.gateway] [node_t0] [[test][1], node[null], [P], v[3], s[UNASSIGNED], unassigned_info[[reason=NODE_LEFT], at[2016-03-29T21:29:43.947Z], details[node_left[JMRMCPFeQ-OI3jC4mS0RAA]]]] on node [{node_t0}{nMu_6boQR--7IGHETEaC6A}{127.0.0.1}{127.0.0.1:9420}[mode=>network]] has allocation id [null] of shard
[2016-03-29 17:29:43,981][TRACE][org.elasticsearch.gateway] [node_t0] [[test][1], node[null], [P], v[3], s[UNASSIGNED], unassigned_info[[reason=NODE_LEFT], at[2016-03-29T21:29:43.947Z], details[node_left[JMRMCPFeQ-OI3jC4mS0RAA]]]] on node [{node_t2}{F-u4jQqMTgCSFvClNNIaBA}{127.0.0.1}{127.0.0.1:9421}[mode=>network]] has allocation id [3Mp0BD-HTQC_HeIU1DtPhA] of shard
[2016-03-29 17:29:43,981][TRACE][org.elasticsearch.gateway] [node_t0] [test][1], node[null], [P], v[3], s[UNASSIGNED], unassigned_info[[reason=NODE_LEFT], at[2016-03-29T21:29:43.947Z], details[node_left[JMRMCPFeQ-OI3jC4mS0RAA]]] candidates for allocation: node_t2
[2016-03-29 17:29:43,981][DEBUG][org.elasticsearch.gateway] [node_t0] [test][1]: found 1 allocations of [test][1], node[null], [P], v[3], s[UNASSIGNED], unassigned_info[[reason=NODE_LEFT], at[2016-03-29T21:29:43.947Z], details[node_left[JMRMCPFeQ-OI3jC4mS0RAA]]] based on allocation ids: [[3Mp0BD-HTQC_HeIU1DtPhA]]
[2016-03-29 17:29:43,981][DEBUG][org.elasticsearch.gateway] [node_t0] [test][1]: allocating [[test][1], node[null], [P], v[3], s[UNASSIGNED], unassigned_info[[reason=NODE_LEFT], at[2016-03-29T21:29:43.947Z], details[node_left[JMRMCPFeQ-OI3jC4mS0RAA]]]] to [{node_t2}{F-u4jQqMTgCSFvClNNIaBA}{127.0.0.1}{127.0.0.1:9421}[mode=>network]] on primary allocation
[2016-03-29 17:29:43,982][TRACE][org.elasticsearch.cluster.service] [node_t0] cluster state updated, source [cluster_reroute(async_shard_fetch)]
version: 9
state uuid: RYD8D-DUQty_Z-Zk2FYbBw
from_diff: false
meta data version: 5
nodes: 
   {node_t2}{F-u4jQqMTgCSFvClNNIaBA}{127.0.0.1}{127.0.0.1:9421}[mode=>network]
   {node_t0}{nMu_6boQR--7IGHETEaC6A}{127.0.0.1}{127.0.0.1:9420}[mode=>network], local, master
routing_table (version 7):
-- index [test]
----shard_id [test][0]
--------[test][0], node[nMu_6boQR--7IGHETEaC6A], [P], v[2], s[STARTED], a[id=AF2N8luPTGOEWsg3lpwsvQ]
----shard_id [test][1]
--------[test][1], node[F-u4jQqMTgCSFvClNNIaBA], [P], v[3], s[INITIALIZING], a[id=WAwqS_DXQoaufpN16qws4g], unassigned_info[[reason=NODE_LEFT], at[2016-03-29T21:29:43.947Z], details[node_left[JMRMCPFeQ-OI3jC4mS0RAA]]]
----shard_id [test][2]
--------[test][2], node[nMu_6boQR--7IGHETEaC6A], [P], v[2], s[STARTED], a[id=4jD7-tdGTfmoAwhEHCXW2g]
----shard_id [test][3]
--------[test][3], node[F-u4jQqMTgCSFvClNNIaBA], [P], v[3], s[INITIALIZING], a[id=EPv4X3BBRDaHBG5a-yV9tg], unassigned_info[[reason=NODE_LEFT], at[2016-03-29T21:29:43.947Z], details[node_left[JMRMCPFeQ-OI3jC4mS0RAA]]]
----shard_id [test][4]
--------[test][4], node[nMu_6boQR--7IGHETEaC6A], [P], v[2], s[STARTED], a[id=4qa0UMnJSna1NZFfHP1Fhg]
----shard_id [test][5]
--------[test][5], node[F-u4jQqMTgCSFvClNNIaBA], [P], v[3], s[INITIALIZING], a[id=fTJOom38Tk-LN70eJUoAzQ], unassigned_info[[reason=NODE_LEFT], at[2016-03-29T21:29:43.947Z], details[node_left[JMRMCPFeQ-OI3jC4mS0RAA]]]
----shard_id [test][6]
--------[test][6], node[nMu_6boQR--7IGHETEaC6A], [P], v[2], s[STARTED], a[id=OZw1U2GVTfGTc0WYIexndQ]
----shard_id [test][7]
--------[test][7], node[F-u4jQqMTgCSFvClNNIaBA], [P], v[3], s[INITIALIZING], a[id=7CQ0O-PlTW-5MTxvqTL3Zw], unassigned_info[[reason=NODE_LEFT], at[2016-03-29T21:29:43.946Z], details[node_left[JMRMCPFeQ-OI3jC4mS0RAA]]]
----shard_id [test][8]
--------[test][8], node[nMu_6boQR--7IGHETEaC6A], [P], v[2], s[STARTED], a[id=GWVEeeZySkOeWZXB7Pa4GQ]

routing_nodes:
-----node_id[F-u4jQqMTgCSFvClNNIaBA][V]
--------[test][7], node[F-u4jQqMTgCSFvClNNIaBA], [P], v[3], s[INITIALIZING], a[id=7CQ0O-PlTW-5MTxvqTL3Zw], unassigned_info[[reason=NODE_LEFT], at[2016-03-29T21:29:43.946Z], details[node_left[JMRMCPFeQ-OI3jC4mS0RAA]]]
--------[test][3], node[F-u4jQqMTgCSFvClNNIaBA], [P], v[3], s[INITIALIZING], a[id=EPv4X3BBRDaHBG5a-yV9tg], unassigned_info[[reason=NODE_LEFT], at[2016-03-29T21:29:43.947Z], details[node_left[JMRMCPFeQ-OI3jC4mS0RAA]]]
--------[test][1], node[F-u4jQqMTgCSFvClNNIaBA], [P], v[3], s[INITIALIZING], a[id=WAwqS_DXQoaufpN16qws4g], unassigned_info[[reason=NODE_LEFT], at[2016-03-29T21:29:43.947Z], details[node_left[JMRMCPFeQ-OI3jC4mS0RAA]]]
--------[test][5], node[F-u4jQqMTgCSFvClNNIaBA], [P], v[3], s[INITIALIZING], a[id=fTJOom38Tk-LN70eJUoAzQ], unassigned_info[[reason=NODE_LEFT], at[2016-03-29T21:29:43.947Z], details[node_left[JMRMCPFeQ-OI3jC4mS0RAA]]]
-----node_id[nMu_6boQR--7IGHETEaC6A][V]
--------[test][2], node[nMu_6boQR--7IGHETEaC6A], [P], v[2], s[STARTED], a[id=4jD7-tdGTfmoAwhEHCXW2g]
--------[test][4], node[nMu_6boQR--7IGHETEaC6A], [P], v[2], s[STARTED], a[id=4qa0UMnJSna1NZFfHP1Fhg]
--------[test][6], node[nMu_6boQR--7IGHETEaC6A], [P], v[2], s[STARTED], a[id=OZw1U2GVTfGTc0WYIexndQ]
--------[test][8], node[nMu_6boQR--7IGHETEaC6A], [P], v[2], s[STARTED], a[id=GWVEeeZySkOeWZXB7Pa4GQ]
--------[test][0], node[nMu_6boQR--7IGHETEaC6A], [P], v[2], s[STARTED], a[id=AF2N8luPTGOEWsg3lpwsvQ]
---- unassigned

[2016-03-29 17:29:43,982][DEBUG][org.elasticsearch.cluster.service] [node_t0] publishing cluster state version [9]
[2016-03-29 17:29:43,982][DEBUG][org.elasticsearch.discovery.zen.publish] [node_t2] received diff cluster state version [9] with uuid [RYD8D-DUQty_Z-Zk2FYbBw], diff size [497]
[2016-03-29 17:29:43,983][TRACE][org.elasticsearch.discovery.zen.publish] [node_t0] master node {node_t2}{F-u4jQqMTgCSFvClNNIaBA}{127.0.0.1}{127.0.0.1:9421}[mode=>network] acked cluster state version [9]. processing ... (current pending [1], needed [1])
[2016-03-29 17:29:43,983][TRACE][org.elasticsearch.discovery.zen.publish] [node_t0] committing version [9]
[2016-03-29 17:29:43,983][TRACE][org.elasticsearch.discovery.zen.publish] [node_t0] sending commit for cluster state (uuid: [RYD8D-DUQty_Z-Zk2FYbBw], version [9]) to [{node_t2}{F-u4jQqMTgCSFvClNNIaBA}{127.0.0.1}{127.0.0.1:9421}[mode=>network]]
[2016-03-29 17:29:43,985][DEBUG][org.elasticsearch.cluster.service] [node_t2] processing [indices_store ([[test][4]] active fully on other nodes)]: took 4ms no change in cluster_state
[2016-03-29 17:29:43,985][TRACE][org.elasticsearch.cluster.service] [node_t2] will process [zen-disco-receive(from master [master {node_t0}{nMu_6boQR--7IGHETEaC6A}{127.0.0.1}{127.0.0.1:9420}[mode=>network] committed version [9]])]
[2016-03-29 17:29:43,985][DEBUG][org.elasticsearch.cluster.service] [node_t2] processing [zen-disco-receive(from master [master {node_t0}{nMu_6boQR--7IGHETEaC6A}{127.0.0.1}{127.0.0.1:9420}[mode=>network] committed version [9]])]: execute
[2016-03-29 17:29:43,985][TRACE][org.elasticsearch.cluster.service] [node_t2] cluster state updated, source [zen-disco-receive(from master [master {node_t0}{nMu_6boQR--7IGHETEaC6A}{127.0.0.1}{127.0.0.1:9420}[mode=>network] committed version [9]])]
version: 9
state uuid: RYD8D-DUQty_Z-Zk2FYbBw
from_diff: false
meta data version: 5
nodes: 
   {node_t2}{F-u4jQqMTgCSFvClNNIaBA}{127.0.0.1}{127.0.0.1:9421}[mode=>network], local
   {node_t0}{nMu_6boQR--7IGHETEaC6A}{127.0.0.1}{127.0.0.1:9420}[mode=>network], master
routing_table (version 7):
-- index [test]
----shard_id [test][0]
--------[test][0], node[nMu_6boQR--7IGHETEaC6A], [P], v[2], s[STARTED], a[id=AF2N8luPTGOEWsg3lpwsvQ]
----shard_id [test][1]
--------[test][1], node[F-u4jQqMTgCSFvClNNIaBA], [P], v[3], s[INITIALIZING], a[id=WAwqS_DXQoaufpN16qws4g], unassigned_info[[reason=NODE_LEFT], at[2016-03-29T21:29:43.947Z], details[node_left[JMRMCPFeQ-OI3jC4mS0RAA]]]
----shard_id [test][2]
--------[test][2], node[nMu_6boQR--7IGHETEaC6A], [P], v[2], s[STARTED], a[id=4jD7-tdGTfmoAwhEHCXW2g]
----shard_id [test][3]
--------[test][3], node[F-u4jQqMTgCSFvClNNIaBA], [P], v[3], s[INITIALIZING], a[id=EPv4X3BBRDaHBG5a-yV9tg], unassigned_info[[reason=NODE_LEFT], at[2016-03-29T21:29:43.947Z], details[node_left[JMRMCPFeQ-OI3jC4mS0RAA]]]
----shard_id [test][4]
--------[test][4], node[nMu_6boQR--7IGHETEaC6A], [P], v[2], s[STARTED], a[id=4qa0UMnJSna1NZFfHP1Fhg]
----shard_id [test][5]
--------[test][5], node[F-u4jQqMTgCSFvClNNIaBA], [P], v[3], s[INITIALIZING], a[id=fTJOom38Tk-LN70eJUoAzQ], unassigned_info[[reason=NODE_LEFT], at[2016-03-29T21:29:43.947Z], details[node_left[JMRMCPFeQ-OI3jC4mS0RAA]]]
----shard_id [test][6]
--------[test][6], node[nMu_6boQR--7IGHETEaC6A], [P], v[2], s[STARTED], a[id=OZw1U2GVTfGTc0WYIexndQ]
----shard_id [test][7]
--------[test][7], node[F-u4jQqMTgCSFvClNNIaBA], [P], v[3], s[INITIALIZING], a[id=7CQ0O-PlTW-5MTxvqTL3Zw], unassigned_info[[reason=NODE_LEFT], at[2016-03-29T21:29:43.946Z], details[node_left[JMRMCPFeQ-OI3jC4mS0RAA]]]
----shard_id [test][8]
--------[test][8], node[nMu_6boQR--7IGHETEaC6A], [P], v[2], s[STARTED], a[id=GWVEeeZySkOeWZXB7Pa4GQ]

routing_nodes:
-----node_id[F-u4jQqMTgCSFvClNNIaBA][V]
--------[test][3], node[F-u4jQqMTgCSFvClNNIaBA], [P], v[3], s[INITIALIZING], a[id=EPv4X3BBRDaHBG5a-yV9tg], unassigned_info[[reason=NODE_LEFT], at[2016-03-29T21:29:43.947Z], details[node_left[JMRMCPFeQ-OI3jC4mS0RAA]]]
--------[test][7], node[F-u4jQqMTgCSFvClNNIaBA], [P], v[3], s[INITIALIZING], a[id=7CQ0O-PlTW-5MTxvqTL3Zw], unassigned_info[[reason=NODE_LEFT], at[2016-03-29T21:29:43.946Z], details[node_left[JMRMCPFeQ-OI3jC4mS0RAA]]]
--------[test][1], node[F-u4jQqMTgCSFvClNNIaBA], [P], v[3], s[INITIALIZING], a[id=WAwqS_DXQoaufpN16qws4g], unassigned_info[[reason=NODE_LEFT], at[2016-03-29T21:29:43.947Z], details[node_left[JMRMCPFeQ-OI3jC4mS0RAA]]]
--------[test][5], node[F-u4jQqMTgCSFvClNNIaBA], [P], v[3], s[INITIALIZING], a[id=fTJOom38Tk-LN70eJUoAzQ], unassigned_info[[reason=NODE_LEFT], at[2016-03-29T21:29:43.947Z], details[node_left[JMRMCPFeQ-OI3jC4mS0RAA]]]
-----node_id[nMu_6boQR--7IGHETEaC6A][V]
--------[test][6], node[nMu_6boQR--7IGHETEaC6A], [P], v[2], s[STARTED], a[id=OZw1U2GVTfGTc0WYIexndQ]
--------[test][2], node[nMu_6boQR--7IGHETEaC6A], [P], v[2], s[STARTED], a[id=4jD7-tdGTfmoAwhEHCXW2g]
--------[test][8], node[nMu_6boQR--7IGHETEaC6A], [P], v[2], s[STARTED], a[id=GWVEeeZySkOeWZXB7Pa4GQ]
--------[test][4], node[nMu_6boQR--7IGHETEaC6A], [P], v[2], s[STARTED], a[id=4qa0UMnJSna1NZFfHP1Fhg]
--------[test][0], node[nMu_6boQR--7IGHETEaC6A], [P], v[2], s[STARTED], a[id=AF2N8luPTGOEWsg3lpwsvQ]
---- unassigned

[2016-03-29 17:29:43,985][DEBUG][org.elasticsearch.cluster.service] [node_t2] set local cluster state to version 9
[2016-03-29 17:29:43,987][DEBUG][org.elasticsearch.cluster.service] [node_t2] processing [zen-disco-receive(from master [master {node_t0}{nMu_6boQR--7IGHETEaC6A}{127.0.0.1}{127.0.0.1:9420}[mode=>network] committed version [9]])]: took 2ms done applying updated cluster_state (version: 9, uuid: RYD8D-DUQty_Z-Zk2FYbBw)
[2016-03-29 17:29:43,987][TRACE][org.elasticsearch.cluster.service] [node_t2] will process [indices_store ([[test][6]] active fully on other nodes)]
[2016-03-29 17:29:43,987][DEBUG][org.elasticsearch.cluster.service] [node_t0] set local cluster state to version 9
[2016-03-29 17:29:43,987][DEBUG][org.elasticsearch.cluster.service] [node_t2] processing [indices_store ([[test][6]] active fully on other nodes)]: execute
[2016-03-29 17:29:43,988][DEBUG][org.elasticsearch.cluster.service] [node_t2] processing [indices_store ([[test][6]] active fully on other nodes)]: took 0s no change in cluster_state
[2016-03-29 17:29:43,988][TRACE][org.elasticsearch.cluster.service] [node_t2] will process [indices_store ([[test][0]] active fully on other nodes)]
[2016-03-29 17:29:43,988][DEBUG][org.elasticsearch.cluster.service] [node_t2] processing [indices_store ([[test][0]] active fully on other nodes)]: execute
[2016-03-29 17:29:43,988][DEBUG][org.elasticsearch.cluster.service] [node_t2] processing [indices_store ([[test][0]] active fully on other nodes)]: took 0s no change in cluster_state
[2016-03-29 17:29:43,988][TRACE][org.elasticsearch.cluster.service] [node_t2] will process [indices_store ([[test][2]] active fully on other nodes)]
[2016-03-29 17:29:43,988][DEBUG][org.elasticsearch.cluster.service] [node_t2] processing [indices_store ([[test][2]] active fully on other nodes)]: execute
[2016-03-29 17:29:43,988][DEBUG][org.elasticsearch.cluster.service] [node_t2] processing [indices_store ([[test][2]] active fully on other nodes)]: took 0s no change in cluster_state
[2016-03-29 17:29:43,988][TRACE][org.elasticsearch.cluster.service] [node_t2] will process [indices_store ([[test][8]] active fully on other nodes)]
[2016-03-29 17:29:43,988][DEBUG][org.elasticsearch.cluster.service] [node_t2] processing [indices_store ([[test][8]] active fully on other nodes)]: execute
[2016-03-29 17:29:43,988][DEBUG][org.elasticsearch.cluster.service] [node_t2] processing [indices_store ([[test][8]] active fully on other nodes)]: took 0s no change in cluster_state
[2016-03-29 17:29:43,988][TRACE][org.elasticsearch.cluster.service] [node_t2] will process [indices_store ([[test][6]] active fully on other nodes)]
[2016-03-29 17:29:43,988][DEBUG][org.elasticsearch.cluster.service] [node_t2] processing [indices_store ([[test][6]] active fully on other nodes)]: execute
[2016-03-29 17:29:43,988][DEBUG][org.elasticsearch.cluster.service] [node_t0] processing [cluster_reroute(async_shard_fetch)]: took 7ms done applying updated cluster_state (version: 9, uuid: RYD8D-DUQty_Z-Zk2FYbBw)
[2016-03-29 17:29:43,988][TRACE][org.elasticsearch.cluster.service] [node_t0] will process [shard-started ([test][5], node[F-u4jQqMTgCSFvClNNIaBA], [P], v[3], s[INITIALIZING], a[id=fTJOom38Tk-LN70eJUoAzQ], unassigned_info[[reason=NODE_LEFT], at[2016-03-29T21:29:43.947Z], details[node_left[JMRMCPFeQ-OI3jC4mS0RAA]]]), reason [after recovery from store]]
[2016-03-29 17:29:43,988][TRACE][org.elasticsearch.cluster.service] [node_t0] will process [shard-started ([test][7], node[F-u4jQqMTgCSFvClNNIaBA], [P], v[3], s[INITIALIZING], a[id=7CQ0O-PlTW-5MTxvqTL3Zw], unassigned_info[[reason=NODE_LEFT], at[2016-03-29T21:29:43.946Z], details[node_left[JMRMCPFeQ-OI3jC4mS0RAA]]]), reason [after recovery from store]]
[2016-03-29 17:29:43,988][TRACE][org.elasticsearch.cluster.service] [node_t0] will process [shard-started ([test][7], node[F-u4jQqMTgCSFvClNNIaBA], [P], v[3], s[INITIALIZING], a[id=7CQ0O-PlTW-5MTxvqTL3Zw], unassigned_info[[reason=NODE_LEFT], at[2016-03-29T21:29:43.946Z], details[node_left[JMRMCPFeQ-OI3jC4mS0RAA]]]), reason [master {node_t0}{nMu_6boQR--7IGHETEaC6A}{127.0.0.1}{127.0.0.1:9420}[mode=>network] marked shard as initializing, but shard state is [POST_RECOVERY], mark shard as started]]
[2016-03-29 17:29:43,988][TRACE][org.elasticsearch.cluster.service] [node_t0] will process [shard-started ([test][5], node[F-u4jQqMTgCSFvClNNIaBA], [P], v[3], s[INITIALIZING], a[id=fTJOom38Tk-LN70eJUoAzQ], unassigned_info[[reason=NODE_LEFT], at[2016-03-29T21:29:43.947Z], details[node_left[JMRMCPFeQ-OI3jC4mS0RAA]]]), reason [master {node_t0}{nMu_6boQR--7IGHETEaC6A}{127.0.0.1}{127.0.0.1:9420}[mode=>network] marked shard as initializing, but shard state is [POST_RECOVERY], mark shard as started]]
[2016-03-29 17:29:43,988][DEBUG][org.elasticsearch.cluster.service] [node_t0] processing [shard-started ([test][5], node[F-u4jQqMTgCSFvClNNIaBA], [P], v[3], s[INITIALIZING], a[id=fTJOom38Tk-LN70eJUoAzQ], unassigned_info[[reason=NODE_LEFT], at[2016-03-29T21:29:43.947Z], details[node_left[JMRMCPFeQ-OI3jC4mS0RAA]]]), reason [after recovery from store],shard-started ([test][7], node[F-u4jQqMTgCSFvClNNIaBA], [P], v[3], s[INITIALIZING], a[id=7CQ0O-PlTW-5MTxvqTL3Zw], unassigned_info[[reason=NODE_LEFT], at[2016-03-29T21:29:43.946Z], details[node_left[JMRMCPFeQ-OI3jC4mS0RAA]]]), reason [after recovery from store],shard-started ([test][7], node[F-u4jQqMTgCSFvClNNIaBA], [P], v[3], s[INITIALIZING], a[id=7CQ0O-PlTW-5MTxvqTL3Zw], unassigned_info[[reason=NODE_LEFT], at[2016-03-29T21:29:43.946Z], details[node_left[JMRMCPFeQ-OI3jC4mS0RAA]]]), reason [master {node_t0}{nMu_6boQR--7IGHETEaC6A}{127.0.0.1}{127.0.0.1:9420}[mode=>network] marked shard as initializing, but shard state is [POST_RECOVERY], mark shard as started],shard-started ([test][5], node[F-u4jQqMTgCSFvClNNIaBA], [P], v[3], s[INITIALIZING], a[id=fTJOom38Tk-LN70eJUoAzQ], unassigned_info[[reason=NODE_LEFT], at[2016-03-29T21:29:43.947Z], details[node_left[JMRMCPFeQ-OI3jC4mS0RAA]]]), reason [master {node_t0}{nMu_6boQR--7IGHETEaC6A}{127.0.0.1}{127.0.0.1:9420}[mode=>network] marked shard as initializing, but shard state is [POST_RECOVERY], mark shard as started]]: execute
[2016-03-29 17:29:43,989][TRACE][org.elasticsearch.cluster.service] [node_t0] cluster state updated, source [shard-started ([test][5], node[F-u4jQqMTgCSFvClNNIaBA], [P], v[3], s[INITIALIZING], a[id=fTJOom38Tk-LN70eJUoAzQ], unassigned_info[[reason=NODE_LEFT], at[2016-03-29T21:29:43.947Z], details[node_left[JMRMCPFeQ-OI3jC4mS0RAA]]]), reason [after recovery from store],shard-started ([test][7], node[F-u4jQqMTgCSFvClNNIaBA], [P], v[3], s[INITIALIZING], a[id=7CQ0O-PlTW-5MTxvqTL3Zw], unassigned_info[[reason=NODE_LEFT], at[2016-03-29T21:29:43.946Z], details[node_left[JMRMCPFeQ-OI3jC4mS0RAA]]]), reason [after recovery from store],shard-started ([test][7], node[F-u4jQqMTgCSFvClNNIaBA], [P], v[3], s[INITIALIZING], a[id=7CQ0O-PlTW-5MTxvqTL3Zw], unassigned_info[[reason=NODE_LEFT], at[2016-03-29T21:29:43.946Z], details[node_left[JMRMCPFeQ-OI3jC4mS0RAA]]]), reason [master {node_t0}{nMu_6boQR--7IGHETEaC6A}{127.0.0.1}{127.0.0.1:9420}[mode=>network] marked shard as initializing, but shard state is [POST_RECOVERY], mark shard as started],shard-started ([test][5], node[F-u4jQqMTgCSFvClNNIaBA], [P], v[3], s[INITIALIZING], a[id=fTJOom38Tk-LN70eJUoAzQ], unassigned_info[[reason=NODE_LEFT], at[2016-03-29T21:29:43.947Z], details[node_left[JMRMCPFeQ-OI3jC4mS0RAA]]]), reason [master {node_t0}{nMu_6boQR--7IGHETEaC6A}{127.0.0.1}{127.0.0.1:9420}[mode=>network] marked shard as initializing, but shard state is [POST_RECOVERY], mark shard as started]]
version: 10
state uuid: -H2Ui_SpSKSpbYFO4lXpUA
from_diff: false
meta data version: 6
nodes: 
   {node_t2}{F-u4jQqMTgCSFvClNNIaBA}{127.0.0.1}{127.0.0.1:9421}[mode=>network]
   {node_t0}{nMu_6boQR--7IGHETEaC6A}{127.0.0.1}{127.0.0.1:9420}[mode=>network], local, master
routing_table (version 8):
-- index [test]
----shard_id [test][0]
--------[test][0], node[nMu_6boQR--7IGHETEaC6A], [P], v[2], s[STARTED], a[id=AF2N8luPTGOEWsg3lpwsvQ]
----shard_id [test][1]
--------[test][1], node[F-u4jQqMTgCSFvClNNIaBA], [P], v[3], s[INITIALIZING], a[id=WAwqS_DXQoaufpN16qws4g], unassigned_info[[reason=NODE_LEFT], at[2016-03-29T21:29:43.947Z], details[node_left[JMRMCPFeQ-OI3jC4mS0RAA]]]
----shard_id [test][2]
--------[test][2], node[nMu_6boQR--7IGHETEaC6A], [P], v[2], s[STARTED], a[id=4jD7-tdGTfmoAwhEHCXW2g]
----shard_id [test][3]
--------[test][3], node[F-u4jQqMTgCSFvClNNIaBA], [P], v[3], s[INITIALIZING], a[id=EPv4X3BBRDaHBG5a-yV9tg], unassigned_info[[reason=NODE_LEFT], at[2016-03-29T21:29:43.947Z], details[node_left[JMRMCPFeQ-OI3jC4mS0RAA]]]
----shard_id [test][4]
--------[test][4], node[nMu_6boQR--7IGHETEaC6A], [P], v[2], s[STARTED], a[id=4qa0UMnJSna1NZFfHP1Fhg]
----shard_id [test][5]
--------[test][5], node[F-u4jQqMTgCSFvClNNIaBA], [P], v[4], s[STARTED], a[id=fTJOom38Tk-LN70eJUoAzQ]
----shard_id [test][6]
--------[test][6], node[nMu_6boQR--7IGHETEaC6A], [P], v[2], s[STARTED], a[id=OZw1U2GVTfGTc0WYIexndQ]
----shard_id [test][7]
--------[test][7], node[F-u4jQqMTgCSFvClNNIaBA], [P], v[4], s[STARTED], a[id=7CQ0O-PlTW-5MTxvqTL3Zw]
----shard_id [test][8]
--------[test][8], node[nMu_6boQR--7IGHETEaC6A], [P], v[2], s[STARTED], a[id=GWVEeeZySkOeWZXB7Pa4GQ]

routing_nodes:
-----node_id[F-u4jQqMTgCSFvClNNIaBA][V]
--------[test][7], node[F-u4jQqMTgCSFvClNNIaBA], [P], v[4], s[STARTED], a[id=7CQ0O-PlTW-5MTxvqTL3Zw]
--------[test][1], node[F-u4jQqMTgCSFvClNNIaBA], [P], v[3], s[INITIALIZING], a[id=WAwqS_DXQoaufpN16qws4g], unassigned_info[[reason=NODE_LEFT], at[2016-03-29T21:29:43.947Z], details[node_left[JMRMCPFeQ-OI3jC4mS0RAA]]]
--------[test][5], node[F-u4jQqMTgCSFvClNNIaBA], [P], v[4], s[STARTED], a[id=fTJOom38Tk-LN70eJUoAzQ]
--------[test][3], node[F-u4jQqMTgCSFvClNNIaBA], [P], v[3], s[INITIALIZING], a[id=EPv4X3BBRDaHBG5a-yV9tg], unassigned_info[[reason=NODE_LEFT], at[2016-03-29T21:29:43.947Z], details[node_left[JMRMCPFeQ-OI3jC4mS0RAA]]]
-----node_id[nMu_6boQR--7IGHETEaC6A][V]
--------[test][8], node[nMu_6boQR--7IGHETEaC6A], [P], v[2], s[STARTED], a[id=GWVEeeZySkOeWZXB7Pa4GQ]
--------[test][2], node[nMu_6boQR--7IGHETEaC6A], [P], v[2], s[STARTED], a[id=4jD7-tdGTfmoAwhEHCXW2g]
--------[test][4], node[nMu_6boQR--7IGHETEaC6A], [P], v[2], s[STARTED], a[id=4qa0UMnJSna1NZFfHP1Fhg]
--------[test][6], node[nMu_6boQR--7IGHETEaC6A], [P], v[2], s[STARTED], a[id=OZw1U2GVTfGTc0WYIexndQ]
--------[test][0], node[nMu_6boQR--7IGHETEaC6A], [P], v[2], s[STARTED], a[id=AF2N8luPTGOEWsg3lpwsvQ]
---- unassigned

[2016-03-29 17:29:43,989][DEBUG][org.elasticsearch.cluster.service] [node_t0] publishing cluster state version [10]
[2016-03-29 17:29:43,990][DEBUG][org.elasticsearch.discovery.zen.publish] [node_t2] received diff cluster state version [10] with uuid [-H2Ui_SpSKSpbYFO4lXpUA], diff size [643]
[2016-03-29 17:29:43,990][TRACE][org.elasticsearch.discovery.zen.publish] [node_t0] master node {node_t2}{F-u4jQqMTgCSFvClNNIaBA}{127.0.0.1}{127.0.0.1:9421}[mode=>network] acked cluster state version [10]. processing ... (current pending [1], needed [1])
[2016-03-29 17:29:43,990][TRACE][org.elasticsearch.discovery.zen.publish] [node_t0] committing version [10]
[2016-03-29 17:29:43,990][TRACE][org.elasticsearch.discovery.zen.publish] [node_t0] sending commit for cluster state (uuid: [-H2Ui_SpSKSpbYFO4lXpUA], version [10]) to [{node_t2}{F-u4jQqMTgCSFvClNNIaBA}{127.0.0.1}{127.0.0.1:9421}[mode=>network]]
[2016-03-29 17:29:43,995][DEBUG][org.elasticsearch.cluster.service] [node_t2] processing [indices_store ([[test][6]] active fully on other nodes)]: took 6ms no change in cluster_state
[2016-03-29 17:29:43,995][TRACE][org.elasticsearch.cluster.service] [node_t2] will process [zen-disco-receive(from master [master {node_t0}{nMu_6boQR--7IGHETEaC6A}{127.0.0.1}{127.0.0.1:9420}[mode=>network] committed version [10]])]
[2016-03-29 17:29:43,995][DEBUG][org.elasticsearch.cluster.service] [node_t2] processing [zen-disco-receive(from master [master {node_t0}{nMu_6boQR--7IGHETEaC6A}{127.0.0.1}{127.0.0.1:9420}[mode=>network] committed version [10]])]: execute
[2016-03-29 17:29:43,995][TRACE][org.elasticsearch.cluster.service] [node_t2] cluster state updated, source [zen-disco-receive(from master [master {node_t0}{nMu_6boQR--7IGHETEaC6A}{127.0.0.1}{127.0.0.1:9420}[mode=>network] committed version [10]])]
version: 10
state uuid: -H2Ui_SpSKSpbYFO4lXpUA
from_diff: false
meta data version: 6
nodes: 
   {node_t2}{F-u4jQqMTgCSFvClNNIaBA}{127.0.0.1}{127.0.0.1:9421}[mode=>network], local
   {node_t0}{nMu_6boQR--7IGHETEaC6A}{127.0.0.1}{127.0.0.1:9420}[mode=>network], master
routing_table (version 8):
-- index [test]
----shard_id [test][0]
--------[test][0], node[nMu_6boQR--7IGHETEaC6A], [P], v[2], s[STARTED], a[id=AF2N8luPTGOEWsg3lpwsvQ]
----shard_id [test][1]
--------[test][1], node[F-u4jQqMTgCSFvClNNIaBA], [P], v[3], s[INITIALIZING], a[id=WAwqS_DXQoaufpN16qws4g], unassigned_info[[reason=NODE_LEFT], at[2016-03-29T21:29:43.947Z], details[node_left[JMRMCPFeQ-OI3jC4mS0RAA]]]
----shard_id [test][2]
--------[test][2], node[nMu_6boQR--7IGHETEaC6A], [P], v[2], s[STARTED], a[id=4jD7-tdGTfmoAwhEHCXW2g]
----shard_id [test][3]
--------[test][3], node[F-u4jQqMTgCSFvClNNIaBA], [P], v[3], s[INITIALIZING], a[id=EPv4X3BBRDaHBG5a-yV9tg], unassigned_info[[reason=NODE_LEFT], at[2016-03-29T21:29:43.947Z], details[node_left[JMRMCPFeQ-OI3jC4mS0RAA]]]
----shard_id [test][4]
--------[test][4], node[nMu_6boQR--7IGHETEaC6A], [P], v[2], s[STARTED], a[id=4qa0UMnJSna1NZFfHP1Fhg]
----shard_id [test][5]
--------[test][5], node[F-u4jQqMTgCSFvClNNIaBA], [P], v[4], s[STARTED], a[id=fTJOom38Tk-LN70eJUoAzQ]
----shard_id [test][6]
--------[test][6], node[nMu_6boQR--7IGHETEaC6A], [P], v[2], s[STARTED], a[id=OZw1U2GVTfGTc0WYIexndQ]
----shard_id [test][7]
--------[test][7], node[F-u4jQqMTgCSFvClNNIaBA], [P], v[4], s[STARTED], a[id=7CQ0O-PlTW-5MTxvqTL3Zw]
----shard_id [test][8]
--------[test][8], node[nMu_6boQR--7IGHETEaC6A], [P], v[2], s[STARTED], a[id=GWVEeeZySkOeWZXB7Pa4GQ]

routing_nodes:
-----node_id[F-u4jQqMTgCSFvClNNIaBA][V]
--------[test][1], node[F-u4jQqMTgCSFvClNNIaBA], [P], v[3], s[INITIALIZING], a[id=WAwqS_DXQoaufpN16qws4g], unassigned_info[[reason=NODE_LEFT], at[2016-03-29T21:29:43.947Z], details[node_left[JMRMCPFeQ-OI3jC4mS0RAA]]]
--------[test][5], node[F-u4jQqMTgCSFvClNNIaBA], [P], v[4], s[STARTED], a[id=fTJOom38Tk-LN70eJUoAzQ]
--------[test][7], node[F-u4jQqMTgCSFvClNNIaBA], [P], v[4], s[STARTED], a[id=7CQ0O-PlTW-5MTxvqTL3Zw]
--------[test][3], node[F-u4jQqMTgCSFvClNNIaBA], [P], v[3], s[INITIALIZING], a[id=EPv4X3BBRDaHBG5a-yV9tg], unassigned_info[[reason=NODE_LEFT], at[2016-03-29T21:29:43.947Z], details[node_left[JMRMCPFeQ-OI3jC4mS0RAA]]]
-----node_id[nMu_6boQR--7IGHETEaC6A][V]
--------[test][8], node[nMu_6boQR--7IGHETEaC6A], [P], v[2], s[STARTED], a[id=GWVEeeZySkOeWZXB7Pa4GQ]
--------[test][2], node[nMu_6boQR--7IGHETEaC6A], [P], v[2], s[STARTED], a[id=4jD7-tdGTfmoAwhEHCXW2g]
--------[test][4], node[nMu_6boQR--7IGHETEaC6A], [P], v[2], s[STARTED], a[id=4qa0UMnJSna1NZFfHP1Fhg]
--------[test][6], node[nMu_6boQR--7IGHETEaC6A], [P], v[2], s[STARTED], a[id=OZw1U2GVTfGTc0WYIexndQ]
--------[test][0], node[nMu_6boQR--7IGHETEaC6A], [P], v[2], s[STARTED], a[id=AF2N8luPTGOEWsg3lpwsvQ]
---- unassigned

[2016-03-29 17:29:43,995][DEBUG][org.elasticsearch.cluster.service] [node_t2] set local cluster state to version 10
[2016-03-29 17:29:44,000][TRACE][org.elasticsearch.gateway] [node_t2] [test] writing state, reason [version changed from [4] to [5]]
[2016-03-29 17:29:44,002][DEBUG][org.elasticsearch.cluster.service] [node_t2] processing [zen-disco-receive(from master [master {node_t0}{nMu_6boQR--7IGHETEaC6A}{127.0.0.1}{127.0.0.1:9420}[mode=>network] committed version [10]])]: took 7ms done applying updated cluster_state (version: 10, uuid: -H2Ui_SpSKSpbYFO4lXpUA)
[2016-03-29 17:29:44,002][TRACE][org.elasticsearch.cluster.service] [node_t2] will process [indices_store ([[test][8]] active fully on other nodes)]
[2016-03-29 17:29:44,002][DEBUG][org.elasticsearch.cluster.service] [node_t2] processing [indices_store ([[test][8]] active fully on other nodes)]: execute
[2016-03-29 17:29:44,002][DEBUG][org.elasticsearch.cluster.service] [node_t0] set local cluster state to version 10
[2016-03-29 17:29:44,002][DEBUG][org.elasticsearch.cluster.service] [node_t2] processing [indices_store ([[test][8]] active fully on other nodes)]: took 0s no change in cluster_state
[2016-03-29 17:29:44,002][TRACE][org.elasticsearch.cluster.service] [node_t2] will process [indices_store ([[test][4]] active fully on other nodes)]
[2016-03-29 17:29:44,002][DEBUG][org.elasticsearch.cluster.service] [node_t2] processing [indices_store ([[test][4]] active fully on other nodes)]: execute
[2016-03-29 17:29:44,002][DEBUG][org.elasticsearch.cluster.service] [node_t2] processing [indices_store ([[test][4]] active fully on other nodes)]: took 0s no change in cluster_state
[2016-03-29 17:29:44,002][TRACE][org.elasticsearch.cluster.service] [node_t2] will process [indices_store ([[test][2]] active fully on other nodes)]
[2016-03-29 17:29:44,002][DEBUG][org.elasticsearch.cluster.service] [node_t2] processing [indices_store ([[test][2]] active fully on other nodes)]: execute
[2016-03-29 17:29:44,002][DEBUG][org.elasticsearch.cluster.service] [node_t2] processing [indices_store ([[test][2]] active fully on other nodes)]: took 0s no change in cluster_state
[2016-03-29 17:29:44,002][TRACE][org.elasticsearch.cluster.service] [node_t2] will process [indices_store ([[test][0]] active fully on other nodes)]
[2016-03-29 17:29:44,002][DEBUG][org.elasticsearch.cluster.service] [node_t2] processing [indices_store ([[test][0]] active fully on other nodes)]: execute
[2016-03-29 17:29:44,002][DEBUG][org.elasticsearch.cluster.service] [node_t2] processing [indices_store ([[test][0]] active fully on other nodes)]: took 0s no change in cluster_state
[2016-03-29 17:29:44,002][TRACE][org.elasticsearch.cluster.service] [node_t2] will process [indices_store ([[test][8]] active fully on other nodes)]
[2016-03-29 17:29:44,002][DEBUG][org.elasticsearch.cluster.service] [node_t2] processing [indices_store ([[test][8]] active fully on other nodes)]: execute
[2016-03-29 17:29:44,003][TRACE][org.elasticsearch.gateway] [node_t0] [test] writing state, reason [version changed from [4] to [5]]
[2016-03-29 17:29:44,005][DEBUG][org.elasticsearch.cluster.service] [node_t0] processing [shard-started ([test][5], node[F-u4jQqMTgCSFvClNNIaBA], [P], v[3], s[INITIALIZING], a[id=fTJOom38Tk-LN70eJUoAzQ], unassigned_info[[reason=NODE_LEFT], at[2016-03-29T21:29:43.947Z], details[node_left[JMRMCPFeQ-OI3jC4mS0RAA]]]), reason [after recovery from store],shard-started ([test][7], node[F-u4jQqMTgCSFvClNNIaBA], [P], v[3], s[INITIALIZING], a[id=7CQ0O-PlTW-5MTxvqTL3Zw], unassigned_info[[reason=NODE_LEFT], at[2016-03-29T21:29:43.946Z], details[node_left[JMRMCPFeQ-OI3jC4mS0RAA]]]), reason [after recovery from store],shard-started ([test][7], node[F-u4jQqMTgCSFvClNNIaBA], [P], v[3], s[INITIALIZING], a[id=7CQ0O-PlTW-5MTxvqTL3Zw], unassigned_info[[reason=NODE_LEFT], at[2016-03-29T21:29:43.946Z], details[node_left[JMRMCPFeQ-OI3jC4mS0RAA]]]), reason [master {node_t0}{nMu_6boQR--7IGHETEaC6A}{127.0.0.1}{127.0.0.1:9420}[mode=>network] marked shard as initializing, but shard state is [POST_RECOVERY], mark shard as started],shard-started ([test][5], node[F-u4jQqMTgCSFvClNNIaBA], [P], v[3], s[INITIALIZING], a[id=fTJOom38Tk-LN70eJUoAzQ], unassigned_info[[reason=NODE_LEFT], at[2016-03-29T21:29:43.947Z], details[node_left[JMRMCPFeQ-OI3jC4mS0RAA]]]), reason [master {node_t0}{nMu_6boQR--7IGHETEaC6A}{127.0.0.1}{127.0.0.1:9420}[mode=>network] marked shard as initializing, but shard state is [POST_RECOVERY], mark shard as started]]: took 16ms done applying updated cluster_state (version: 10, uuid: -H2Ui_SpSKSpbYFO4lXpUA)
[2016-03-29 17:29:44,005][TRACE][org.elasticsearch.cluster.service] [node_t0] will process [shard-started ([test][3], node[F-u4jQqMTgCSFvClNNIaBA], [P], v[3], s[INITIALIZING], a[id=EPv4X3BBRDaHBG5a-yV9tg], unassigned_info[[reason=NODE_LEFT], at[2016-03-29T21:29:43.947Z], details[node_left[JMRMCPFeQ-OI3jC4mS0RAA]]]), reason [after recovery from store]]
[2016-03-29 17:29:44,005][TRACE][org.elasticsearch.cluster.service] [node_t0] will process [shard-started ([test][1], node[F-u4jQqMTgCSFvClNNIaBA], [P], v[3], s[INITIALIZING], a[id=WAwqS_DXQoaufpN16qws4g], unassigned_info[[reason=NODE_LEFT], at[2016-03-29T21:29:43.947Z], details[node_left[JMRMCPFeQ-OI3jC4mS0RAA]]]), reason [after recovery from store]]
[2016-03-29 17:29:44,005][TRACE][org.elasticsearch.cluster.service] [node_t0] will process [shard-started ([test][1], node[F-u4jQqMTgCSFvClNNIaBA], [P], v[3], s[INITIALIZING], a[id=WAwqS_DXQoaufpN16qws4g], unassigned_info[[reason=NODE_LEFT], at[2016-03-29T21:29:43.947Z], details[node_left[JMRMCPFeQ-OI3jC4mS0RAA]]]), reason [master {node_t0}{nMu_6boQR--7IGHETEaC6A}{127.0.0.1}{127.0.0.1:9420}[mode=>network] marked shard as initializing, but shard state is [POST_RECOVERY], mark shard as started]]
[2016-03-29 17:29:44,005][TRACE][org.elasticsearch.cluster.service] [node_t0] will process [shard-started ([test][3], node[F-u4jQqMTgCSFvClNNIaBA], [P], v[3], s[INITIALIZING], a[id=EPv4X3BBRDaHBG5a-yV9tg], unassigned_info[[reason=NODE_LEFT], at[2016-03-29T21:29:43.947Z], details[node_left[JMRMCPFeQ-OI3jC4mS0RAA]]]), reason [master {node_t0}{nMu_6boQR--7IGHETEaC6A}{127.0.0.1}{127.0.0.1:9420}[mode=>network] marked shard as initializing, but shard state is [POST_RECOVERY], mark shard as started]]
[2016-03-29 17:29:44,005][DEBUG][org.elasticsearch.cluster.service] [node_t0] processing [shard-started ([test][3], node[F-u4jQqMTgCSFvClNNIaBA], [P], v[3], s[INITIALIZING], a[id=EPv4X3BBRDaHBG5a-yV9tg], unassigned_info[[reason=NODE_LEFT], at[2016-03-29T21:29:43.947Z], details[node_left[JMRMCPFeQ-OI3jC4mS0RAA]]]), reason [after recovery from store],shard-started ([test][1], node[F-u4jQqMTgCSFvClNNIaBA], [P], v[3], s[INITIALIZING], a[id=WAwqS_DXQoaufpN16qws4g], unassigned_info[[reason=NODE_LEFT], at[2016-03-29T21:29:43.947Z], details[node_left[JMRMCPFeQ-OI3jC4mS0RAA]]]), reason [after recovery from store],shard-started ([test][1], node[F-u4jQqMTgCSFvClNNIaBA], [P], v[3], s[INITIALIZING], a[id=WAwqS_DXQoaufpN16qws4g], unassigned_info[[reason=NODE_LEFT], at[2016-03-29T21:29:43.947Z], details[node_left[JMRMCPFeQ-OI3jC4mS0RAA]]]), reason [master {node_t0}{nMu_6boQR--7IGHETEaC6A}{127.0.0.1}{127.0.0.1:9420}[mode=>network] marked shard as initializing, but shard state is [POST_RECOVERY], mark shard as started],shard-started ([test][3], node[F-u4jQqMTgCSFvClNNIaBA], [P], v[3], s[INITIALIZING], a[id=EPv4X3BBRDaHBG5a-yV9tg], unassigned_info[[reason=NODE_LEFT], at[2016-03-29T21:29:43.947Z], details[node_left[JMRMCPFeQ-OI3jC4mS0RAA]]]), reason [master {node_t0}{nMu_6boQR--7IGHETEaC6A}{127.0.0.1}{127.0.0.1:9420}[mode=>network] marked shard as initializing, but shard state is [POST_RECOVERY], mark shard as started]]: execute
[2016-03-29 17:29:44,006][TRACE][org.elasticsearch.cluster.service] [node_t0] cluster state updated, source [shard-started ([test][3], node[F-u4jQqMTgCSFvClNNIaBA], [P], v[3], s[INITIALIZING], a[id=EPv4X3BBRDaHBG5a-yV9tg], unassigned_info[[reason=NODE_LEFT], at[2016-03-29T21:29:43.947Z], details[node_left[JMRMCPFeQ-OI3jC4mS0RAA]]]), reason [after recovery from store],shard-started ([test][1], node[F-u4jQqMTgCSFvClNNIaBA], [P], v[3], s[INITIALIZING], a[id=WAwqS_DXQoaufpN16qws4g], unassigned_info[[reason=NODE_LEFT], at[2016-03-29T21:29:43.947Z], details[node_left[JMRMCPFeQ-OI3jC4mS0RAA]]]), reason [after recovery from store],shard-started ([test][1], node[F-u4jQqMTgCSFvClNNIaBA], [P], v[3], s[INITIALIZING], a[id=WAwqS_DXQoaufpN16qws4g], unassigned_info[[reason=NODE_LEFT], at[2016-03-29T21:29:43.947Z], details[node_left[JMRMCPFeQ-OI3jC4mS0RAA]]]), reason [master {node_t0}{nMu_6boQR--7IGHETEaC6A}{127.0.0.1}{127.0.0.1:9420}[mode=>network] marked shard as initializing, but shard state is [POST_RECOVERY], mark shard as started],shard-started ([test][3], node[F-u4jQqMTgCSFvClNNIaBA], [P], v[3], s[INITIALIZING], a[id=EPv4X3BBRDaHBG5a-yV9tg], unassigned_info[[reason=NODE_LEFT], at[2016-03-29T21:29:43.947Z], details[node_left[JMRMCPFeQ-OI3jC4mS0RAA]]]), reason [master {node_t0}{nMu_6boQR--7IGHETEaC6A}{127.0.0.1}{127.0.0.1:9420}[mode=>network] marked shard as initializing, but shard state is [POST_RECOVERY], mark shard as started]]
version: 11
state uuid: bNf_0Ry8Qb-8YfSB34l8Vw
from_diff: false
meta data version: 7
nodes: 
   {node_t2}{F-u4jQqMTgCSFvClNNIaBA}{127.0.0.1}{127.0.0.1:9421}[mode=>network]
   {node_t0}{nMu_6boQR--7IGHETEaC6A}{127.0.0.1}{127.0.0.1:9420}[mode=>network], local, master
routing_table (version 9):
-- index [test]
----shard_id [test][0]
--------[test][0], node[nMu_6boQR--7IGHETEaC6A], [P], v[2], s[STARTED], a[id=AF2N8luPTGOEWsg3lpwsvQ]
----shard_id [test][1]
--------[test][1], node[F-u4jQqMTgCSFvClNNIaBA], [P], v[4], s[STARTED], a[id=WAwqS_DXQoaufpN16qws4g]
----shard_id [test][2]
--------[test][2], node[nMu_6boQR--7IGHETEaC6A], [P], v[2], s[STARTED], a[id=4jD7-tdGTfmoAwhEHCXW2g]
----shard_id [test][3]
--------[test][3], node[F-u4jQqMTgCSFvClNNIaBA], [P], v[4], s[STARTED], a[id=EPv4X3BBRDaHBG5a-yV9tg]
----shard_id [test][4]
--------[test][4], node[nMu_6boQR--7IGHETEaC6A], [P], v[2], s[STARTED], a[id=4qa0UMnJSna1NZFfHP1Fhg]
----shard_id [test][5]
--------[test][5], node[F-u4jQqMTgCSFvClNNIaBA], [P], v[4], s[STARTED], a[id=fTJOom38Tk-LN70eJUoAzQ]
----shard_id [test][6]
--------[test][6], node[nMu_6boQR--7IGHETEaC6A], [P], v[2], s[STARTED], a[id=OZw1U2GVTfGTc0WYIexndQ]
----shard_id [test][7]
--------[test][7], node[F-u4jQqMTgCSFvClNNIaBA], [P], v[4], s[STARTED], a[id=7CQ0O-PlTW-5MTxvqTL3Zw]
----shard_id [test][8]
--------[test][8], node[nMu_6boQR--7IGHETEaC6A], [P], v[2], s[STARTED], a[id=GWVEeeZySkOeWZXB7Pa4GQ]

routing_nodes:
-----node_id[F-u4jQqMTgCSFvClNNIaBA][V]
--------[test][3], node[F-u4jQqMTgCSFvClNNIaBA], [P], v[4], s[STARTED], a[id=EPv4X3BBRDaHBG5a-yV9tg]
--------[test][5], node[F-u4jQqMTgCSFvClNNIaBA], [P], v[4], s[STARTED], a[id=fTJOom38Tk-LN70eJUoAzQ]
--------[test][1], node[F-u4jQqMTgCSFvClNNIaBA], [P], v[4], s[STARTED], a[id=WAwqS_DXQoaufpN16qws4g]
--------[test][7], node[F-u4jQqMTgCSFvClNNIaBA], [P], v[4], s[STARTED], a[id=7CQ0O-PlTW-5MTxvqTL3Zw]
-----node_id[nMu_6boQR--7IGHETEaC6A][V]
--------[test][4], node[nMu_6boQR--7IGHETEaC6A], [P], v[2], s[STARTED], a[id=4qa0UMnJSna1NZFfHP1Fhg]
--------[test][8], node[nMu_6boQR--7IGHETEaC6A], [P], v[2], s[STARTED], a[id=GWVEeeZySkOeWZXB7Pa4GQ]
--------[test][2], node[nMu_6boQR--7IGHETEaC6A], [P], v[2], s[STARTED], a[id=4jD7-tdGTfmoAwhEHCXW2g]
--------[test][6], node[nMu_6boQR--7IGHETEaC6A], [P], v[2], s[STARTED], a[id=OZw1U2GVTfGTc0WYIexndQ]
--------[test][0], node[nMu_6boQR--7IGHETEaC6A], [P], v[2], s[STARTED], a[id=AF2N8luPTGOEWsg3lpwsvQ]
---- unassigned

[2016-03-29 17:29:44,006][DEBUG][org.elasticsearch.cluster.service] [node_t0] publishing cluster state version [11]
[2016-03-29 17:29:44,006][DEBUG][org.elasticsearch.discovery.zen.publish] [node_t2] received diff cluster state version [11] with uuid [bNf_0Ry8Qb-8YfSB34l8Vw], diff size [591]
[2016-03-29 17:29:44,007][TRACE][org.elasticsearch.discovery.zen.publish] [node_t0] master node {node_t2}{F-u4jQqMTgCSFvClNNIaBA}{127.0.0.1}{127.0.0.1:9421}[mode=>network] acked cluster state version [11]. processing ... (current pending [1], needed [1])
[2016-03-29 17:29:44,007][TRACE][org.elasticsearch.discovery.zen.publish] [node_t0] committing version [11]
[2016-03-29 17:29:44,007][TRACE][org.elasticsearch.discovery.zen.publish] [node_t0] sending commit for cluster state (uuid: [bNf_0Ry8Qb-8YfSB34l8Vw], version [11]) to [{node_t2}{F-u4jQqMTgCSFvClNNIaBA}{127.0.0.1}{127.0.0.1:9421}[mode=>network]]
[2016-03-29 17:29:44,008][DEBUG][org.elasticsearch.cluster.service] [node_t2] processing [indices_store ([[test][8]] active fully on other nodes)]: took 5ms no change in cluster_state
[2016-03-29 17:29:44,008][TRACE][org.elasticsearch.cluster.service] [node_t2] will process [zen-disco-receive(from master [master {node_t0}{nMu_6boQR--7IGHETEaC6A}{127.0.0.1}{127.0.0.1:9420}[mode=>network] committed version [11]])]
[2016-03-29 17:29:44,008][DEBUG][org.elasticsearch.cluster.service] [node_t2] processing [zen-disco-receive(from master [master {node_t0}{nMu_6boQR--7IGHETEaC6A}{127.0.0.1}{127.0.0.1:9420}[mode=>network] committed version [11]])]: execute
[2016-03-29 17:29:44,009][TRACE][org.elasticsearch.cluster.service] [node_t2] cluster state updated, source [zen-disco-receive(from master [master {node_t0}{nMu_6boQR--7IGHETEaC6A}{127.0.0.1}{127.0.0.1:9420}[mode=>network] committed version [11]])]
version: 11
state uuid: bNf_0Ry8Qb-8YfSB34l8Vw
from_diff: false
meta data version: 7
nodes: 
   {node_t2}{F-u4jQqMTgCSFvClNNIaBA}{127.0.0.1}{127.0.0.1:9421}[mode=>network], local
   {node_t0}{nMu_6boQR--7IGHETEaC6A}{127.0.0.1}{127.0.0.1:9420}[mode=>network], master
routing_table (version 9):
-- index [test]
----shard_id [test][0]
--------[test][0], node[nMu_6boQR--7IGHETEaC6A], [P], v[2], s[STARTED], a[id=AF2N8luPTGOEWsg3lpwsvQ]
----shard_id [test][1]
--------[test][1], node[F-u4jQqMTgCSFvClNNIaBA], [P], v[4], s[STARTED], a[id=WAwqS_DXQoaufpN16qws4g]
----shard_id [test][2]
--------[test][2], node[nMu_6boQR--7IGHETEaC6A], [P], v[2], s[STARTED], a[id=4jD7-tdGTfmoAwhEHCXW2g]
----shard_id [test][3]
--------[test][3], node[F-u4jQqMTgCSFvClNNIaBA], [P], v[4], s[STARTED], a[id=EPv4X3BBRDaHBG5a-yV9tg]
----shard_id [test][4]
--------[test][4], node[nMu_6boQR--7IGHETEaC6A], [P], v[2], s[STARTED], a[id=4qa0UMnJSna1NZFfHP1Fhg]
----shard_id [test][5]
--------[test][5], node[F-u4jQqMTgCSFvClNNIaBA], [P], v[4], s[STARTED], a[id=fTJOom38Tk-LN70eJUoAzQ]
----shard_id [test][6]
--------[test][6], node[nMu_6boQR--7IGHETEaC6A], [P], v[2], s[STARTED], a[id=OZw1U2GVTfGTc0WYIexndQ]
----shard_id [test][7]
--------[test][7], node[F-u4jQqMTgCSFvClNNIaBA], [P], v[4], s[STARTED], a[id=7CQ0O-PlTW-5MTxvqTL3Zw]
----shard_id [test][8]
--------[test][8], node[nMu_6boQR--7IGHETEaC6A], [P], v[2], s[STARTED], a[id=GWVEeeZySkOeWZXB7Pa4GQ]

routing_nodes:
-----node_id[F-u4jQqMTgCSFvClNNIaBA][V]
--------[test][5], node[F-u4jQqMTgCSFvClNNIaBA], [P], v[4], s[STARTED], a[id=fTJOom38Tk-LN70eJUoAzQ]
--------[test][3], node[F-u4jQqMTgCSFvClNNIaBA], [P], v[4], s[STARTED], a[id=EPv4X3BBRDaHBG5a-yV9tg]
--------[test][1], node[F-u4jQqMTgCSFvClNNIaBA], [P], v[4], s[STARTED], a[id=WAwqS_DXQoaufpN16qws4g]
--------[test][7], node[F-u4jQqMTgCSFvClNNIaBA], [P], v[4], s[STARTED], a[id=7CQ0O-PlTW-5MTxvqTL3Zw]
-----node_id[nMu_6boQR--7IGHETEaC6A][V]
--------[test][6], node[nMu_6boQR--7IGHETEaC6A], [P], v[2], s[STARTED], a[id=OZw1U2GVTfGTc0WYIexndQ]
--------[test][2], node[nMu_6boQR--7IGHETEaC6A], [P], v[2], s[STARTED], a[id=4jD7-tdGTfmoAwhEHCXW2g]
--------[test][8], node[nMu_6boQR--7IGHETEaC6A], [P], v[2], s[STARTED], a[id=GWVEeeZySkOeWZXB7Pa4GQ]
--------[test][4], node[nMu_6boQR--7IGHETEaC6A], [P], v[2], s[STARTED], a[id=4qa0UMnJSna1NZFfHP1Fhg]
--------[test][0], node[nMu_6boQR--7IGHETEaC6A], [P], v[2], s[STARTED], a[id=AF2N8luPTGOEWsg3lpwsvQ]
---- unassigned

[2016-03-29 17:29:44,009][DEBUG][org.elasticsearch.cluster.service] [node_t2] set local cluster state to version 11
[2016-03-29 17:29:44,013][TRACE][org.elasticsearch.gateway] [node_t2] [test] writing state, reason [version changed from [5] to [6]]
[2016-03-29 17:29:44,014][DEBUG][org.elasticsearch.cluster.service] [node_t2] processing [zen-disco-receive(from master [master {node_t0}{nMu_6boQR--7IGHETEaC6A}{127.0.0.1}{127.0.0.1:9420}[mode=>network] committed version [11]])]: took 5ms done applying updated cluster_state (version: 11, uuid: bNf_0Ry8Qb-8YfSB34l8Vw)
[2016-03-29 17:29:44,014][TRACE][org.elasticsearch.cluster.service] [node_t2] will process [indices_store ([[test][6]] active fully on other nodes)]
[2016-03-29 17:29:44,014][DEBUG][org.elasticsearch.cluster.service] [node_t2] processing [indices_store ([[test][6]] active fully on other nodes)]: execute
[2016-03-29 17:29:44,014][DEBUG][org.elasticsearch.cluster.service] [node_t0] set local cluster state to version 11
[2016-03-29 17:29:44,014][DEBUG][org.elasticsearch.cluster.service] [node_t2] processing [indices_store ([[test][6]] active fully on other nodes)]: took 0s no change in cluster_state
[2016-03-29 17:29:44,014][TRACE][org.elasticsearch.cluster.service] [node_t2] will process [indices_store ([[test][0]] active fully on other nodes)]
[2016-03-29 17:29:44,014][DEBUG][org.elasticsearch.cluster.service] [node_t2] processing [indices_store ([[test][0]] active fully on other nodes)]: execute
[2016-03-29 17:29:44,014][DEBUG][org.elasticsearch.cluster.service] [node_t2] processing [indices_store ([[test][0]] active fully on other nodes)]: took 0s no change in cluster_state
[2016-03-29 17:29:44,014][TRACE][org.elasticsearch.cluster.service] [node_t2] will process [indices_store ([[test][4]] active fully on other nodes)]
[2016-03-29 17:29:44,014][DEBUG][org.elasticsearch.cluster.service] [node_t2] processing [indices_store ([[test][4]] active fully on other nodes)]: execute
[2016-03-29 17:29:44,015][DEBUG][org.elasticsearch.cluster.service] [node_t2] processing [indices_store ([[test][4]] active fully on other nodes)]: took 0s no change in cluster_state
[2016-03-29 17:29:44,015][TRACE][org.elasticsearch.cluster.service] [node_t2] will process [indices_store ([[test][2]] active fully on other nodes)]
[2016-03-29 17:29:44,015][DEBUG][org.elasticsearch.cluster.service] [node_t2] processing [indices_store ([[test][2]] active fully on other nodes)]: execute
[2016-03-29 17:29:44,015][DEBUG][org.elasticsearch.cluster.service] [node_t2] processing [indices_store ([[test][2]] active fully on other nodes)]: took 0s no change in cluster_state
[2016-03-29 17:29:44,015][TRACE][org.elasticsearch.cluster.service] [node_t2] will process [indices_store ([[test][6]] active fully on other nodes)]
[2016-03-29 17:29:44,015][DEBUG][org.elasticsearch.cluster.service] [node_t2] processing [indices_store ([[test][6]] active fully on other nodes)]: execute
[2016-03-29 17:29:44,015][TRACE][org.elasticsearch.gateway] [node_t0] [test] writing state, reason [version changed from [5] to [6]]
[2016-03-29 17:29:44,017][DEBUG][org.elasticsearch.cluster.service] [node_t0] processing [shard-started ([test][3], node[F-u4jQqMTgCSFvClNNIaBA], [P], v[3], s[INITIALIZING], a[id=EPv4X3BBRDaHBG5a-yV9tg], unassigned_info[[reason=NODE_LEFT], at[2016-03-29T21:29:43.947Z], details[node_left[JMRMCPFeQ-OI3jC4mS0RAA]]]), reason [after recovery from store],shard-started ([test][1], node[F-u4jQqMTgCSFvClNNIaBA], [P], v[3], s[INITIALIZING], a[id=WAwqS_DXQoaufpN16qws4g], unassigned_info[[reason=NODE_LEFT], at[2016-03-29T21:29:43.947Z], details[node_left[JMRMCPFeQ-OI3jC4mS0RAA]]]), reason [after recovery from store],shard-started ([test][1], node[F-u4jQqMTgCSFvClNNIaBA], [P], v[3], s[INITIALIZING], a[id=WAwqS_DXQoaufpN16qws4g], unassigned_info[[reason=NODE_LEFT], at[2016-03-29T21:29:43.947Z], details[node_left[JMRMCPFeQ-OI3jC4mS0RAA]]]), reason [master {node_t0}{nMu_6boQR--7IGHETEaC6A}{127.0.0.1}{127.0.0.1:9420}[mode=>network] marked shard as initializing, but shard state is [POST_RECOVERY], mark shard as started],shard-started ([test][3], node[F-u4jQqMTgCSFvClNNIaBA], [P], v[3], s[INITIALIZING], a[id=EPv4X3BBRDaHBG5a-yV9tg], unassigned_info[[reason=NODE_LEFT], at[2016-03-29T21:29:43.947Z], details[node_left[JMRMCPFeQ-OI3jC4mS0RAA]]]), reason [master {node_t0}{nMu_6boQR--7IGHETEaC6A}{127.0.0.1}{127.0.0.1:9420}[mode=>network] marked shard as initializing, but shard state is [POST_RECOVERY], mark shard as started]]: took 11ms done applying updated cluster_state (version: 11, uuid: bNf_0Ry8Qb-8YfSB34l8Vw)
[2016-03-29 17:29:44,017][TRACE][org.elasticsearch.cluster.service] [node_t0] will process [indices_store ([[test][5]] active fully on other nodes)]
[2016-03-29 17:29:44,017][DEBUG][org.elasticsearch.cluster.service] [node_t0] processing [indices_store ([[test][5]] active fully on other nodes)]: execute
[2016-03-29 17:29:44,017][DEBUG][org.elasticsearch.cluster.service] [node_t0] processing [indices_store ([[test][5]] active fully on other nodes)]: took 0s no change in cluster_state
[2016-03-29 17:29:44,017][TRACE][org.elasticsearch.cluster.service] [node_t0] will process [indices_store ([[test][7]] active fully on other nodes)]
[2016-03-29 17:29:44,017][DEBUG][org.elasticsearch.cluster.service] [node_t0] processing [indices_store ([[test][7]] active fully on other nodes)]: execute
[2016-03-29 17:29:44,017][DEBUG][org.elasticsearch.cluster.service] [node_t0] processing [indices_store ([[test][7]] active fully on other nodes)]: took 0s no change in cluster_state
[2016-03-29 17:29:44,017][TRACE][org.elasticsearch.cluster.service] [node_t0] will process [indices_store ([[test][3]] active fully on other nodes)]
[2016-03-29 17:29:44,017][DEBUG][org.elasticsearch.cluster.service] [node_t0] processing [indices_store ([[test][3]] active fully on other nodes)]: execute
[2016-03-29 17:29:44,019][DEBUG][org.elasticsearch.cluster.service] [node_t2] processing [indices_store ([[test][6]] active fully on other nodes)]: took 3ms no change in cluster_state
[2016-03-29 17:29:44,019][TRACE][org.elasticsearch.cluster.service] [node_t2] will process [indices_store ([[test][2]] active fully on other nodes)]
[2016-03-29 17:29:44,019][DEBUG][org.elasticsearch.cluster.service] [node_t2] processing [indices_store ([[test][2]] active fully on other nodes)]: execute
[2016-03-29 17:29:44,023][DEBUG][org.elasticsearch.cluster.service] [node_t0] processing [indices_store ([[test][3]] active fully on other nodes)]: took 5ms no change in cluster_state
[2016-03-29 17:29:44,023][TRACE][org.elasticsearch.cluster.service] [node_t0] will process [indices_store ([[test][7]] active fully on other nodes)]
[2016-03-29 17:29:44,023][DEBUG][org.elasticsearch.cluster.service] [node_t0] processing [indices_store ([[test][7]] active fully on other nodes)]: execute
[2016-03-29 17:29:44,024][DEBUG][org.elasticsearch.cluster.service] [node_t2] processing [indices_store ([[test][2]] active fully on other nodes)]: took 4ms no change in cluster_state
[2016-03-29 17:29:44,024][TRACE][org.elasticsearch.cluster.service] [node_t2] will process [indices_store ([[test][0]] active fully on other nodes)]
[2016-03-29 17:29:44,024][DEBUG][org.elasticsearch.cluster.service] [node_t2] processing [indices_store ([[test][0]] active fully on other nodes)]: execute
[2016-03-29 17:29:44,028][DEBUG][org.elasticsearch.cluster.service] [node_t0] processing [indices_store ([[test][7]] active fully on other nodes)]: took 4ms no change in cluster_state
[2016-03-29 17:29:44,028][TRACE][org.elasticsearch.cluster.service] [node_t0] will process [indices_store ([[test][1]] active fully on other nodes)]
[2016-03-29 17:29:44,028][DEBUG][org.elasticsearch.cluster.service] [node_t0] processing [indices_store ([[test][1]] active fully on other nodes)]: execute
[2016-03-29 17:29:44,029][DEBUG][org.elasticsearch.cluster.service] [node_t2] processing [indices_store ([[test][0]] active fully on other nodes)]: took 5ms no change in cluster_state
[2016-03-29 17:29:44,029][TRACE][org.elasticsearch.cluster.service] [node_t2] will process [indices_store ([[test][4]] active fully on other nodes)]
[2016-03-29 17:29:44,029][DEBUG][org.elasticsearch.cluster.service] [node_t2] processing [indices_store ([[test][4]] active fully on other nodes)]: execute
[2016-03-29 17:29:44,032][DEBUG][org.elasticsearch.cluster.service] [node_t0] processing [indices_store ([[test][1]] active fully on other nodes)]: took 4ms no change in cluster_state
[2016-03-29 17:29:44,032][TRACE][org.elasticsearch.cluster.service] [node_t0] will process [indices_store ([[test][5]] active fully on other nodes)]
[2016-03-29 17:29:44,032][DEBUG][org.elasticsearch.cluster.service] [node_t0] processing [indices_store ([[test][5]] active fully on other nodes)]: execute
[2016-03-29 17:29:44,033][DEBUG][org.elasticsearch.cluster.service] [node_t2] processing [indices_store ([[test][4]] active fully on other nodes)]: took 3ms no change in cluster_state
[2016-03-29 17:29:44,033][TRACE][org.elasticsearch.cluster.service] [node_t2] will process [indices_store ([[test][8]] active fully on other nodes)]
[2016-03-29 17:29:44,033][DEBUG][org.elasticsearch.cluster.service] [node_t2] processing [indices_store ([[test][8]] active fully on other nodes)]: execute
[2016-03-29 17:29:44,036][DEBUG][org.elasticsearch.cluster.service] [node_t2] processing [indices_store ([[test][8]] active fully on other nodes)]: took 3ms no change in cluster_state
[2016-03-29 17:29:44,037][DEBUG][org.elasticsearch.cluster.service] [node_t0] processing [indices_store ([[test][5]] active fully on other nodes)]: took 5ms no change in cluster_state
[2016-03-29 17:29:44,037][TRACE][org.elasticsearch.cluster.service] [node_t0] will process [cluster_health (wait_for_events [LANGUID])]
[2016-03-29 17:29:44,037][DEBUG][org.elasticsearch.cluster.service] [node_t0] processing [cluster_health (wait_for_events [LANGUID])]: execute
[2016-03-29 17:29:44,038][DEBUG][org.elasticsearch.cluster.service] [node_t0] processing [cluster_health (wait_for_events [LANGUID])]: took 0s no change in cluster_state
[2016-03-29 17:29:44,038][TRACE][org.elasticsearch.transport.tracer] [transport_client_node_t2] [1][cluster:monitor/health] received response from [{node_t2}{F-u4jQqMTgCSFvClNNIaBA}{127.0.0.1}{127.0.0.1:9421}[mode=>network]]
[2016-03-29 17:29:44,039][TRACE][org.elasticsearch.transport.tracer] [transport_client_node_t0] [27][cluster:monitor/state] sent to [{node_t0}{nMu_6boQR--7IGHETEaC6A}{127.0.0.1}{127.0.0.1:9420}[mode=>network]] (timeout: [null])
[2016-03-29 17:29:44,039][TRACE][org.elasticsearch.transport.tracer] [transport_client_node_t0] [27][cluster:monitor/state] received response from [{node_t0}{nMu_6boQR--7IGHETEaC6A}{127.0.0.1}{127.0.0.1:9420}[mode=>network]]
[2016-03-29 17:29:44,040][TRACE][org.elasticsearch.transport.tracer] [transport_client_node_t2] [2][cluster:monitor/health] sent to [{node_t2}{F-u4jQqMTgCSFvClNNIaBA}{127.0.0.1}{127.0.0.1:9421}[mode=>network]] (timeout: [null])
[2016-03-29 17:29:44,040][TRACE][org.elasticsearch.cluster.service] [node_t0] will process [cluster_health (wait_for_events [LANGUID])]
[2016-03-29 17:29:44,040][DEBUG][org.elasticsearch.cluster.service] [node_t0] processing [cluster_health (wait_for_events [LANGUID])]: execute
[2016-03-29 17:29:44,040][DEBUG][org.elasticsearch.cluster.service] [node_t0] processing [cluster_health (wait_for_events [LANGUID])]: took 0s no change in cluster_state
[2016-03-29 17:29:44,041][TRACE][org.elasticsearch.transport.tracer] [transport_client_node_t2] [2][cluster:monitor/health] received response from [{node_t2}{F-u4jQqMTgCSFvClNNIaBA}{127.0.0.1}{127.0.0.1:9421}[mode=>network]]
[2016-03-29 17:29:44,042][TRACE][org.elasticsearch.transport.tracer] [transport_client_node_t2] [3][indices:data/read/search] sent to [{node_t2}{F-u4jQqMTgCSFvClNNIaBA}{127.0.0.1}{127.0.0.1:9421}[mode=>network]] (timeout: [null])
[2016-03-29 17:29:44,044][TRACE][org.elasticsearch.transport.tracer] [transport_client_node_t2] [3][indices:data/read/search] received response from [{node_t2}{F-u4jQqMTgCSFvClNNIaBA}{127.0.0.1}{127.0.0.1:9421}[mode=>network]]
[2016-03-29 17:29:44,046][TRACE][org.elasticsearch.transport.tracer] [transport_client_node_t2] [4][indices:data/read/search] sent to [{node_t2}{F-u4jQqMTgCSFvClNNIaBA}{127.0.0.1}{127.0.0.1:9421}[mode=>network]] (timeout: [null])
[2016-03-29 17:29:44,047][TRACE][org.elasticsearch.transport.tracer] [transport_client_node_t2] [4][indices:data/read/search] received response from [{node_t2}{F-u4jQqMTgCSFvClNNIaBA}{127.0.0.1}{127.0.0.1:9421}[mode=>network]]
[2016-03-29 17:29:44,048][TRACE][org.elasticsearch.transport.tracer] [transport_client_node_t2] [5][indices:data/read/search] sent to [{node_t2}{F-u4jQqMTgCSFvClNNIaBA}{127.0.0.1}{127.0.0.1:9421}[mode=>network]] (timeout: [null])
[2016-03-29 17:29:44,050][TRACE][org.elasticsearch.transport.tracer] [transport_client_node_t2] [5][indices:data/read/search] received response from [{node_t2}{F-u4jQqMTgCSFvClNNIaBA}{127.0.0.1}{127.0.0.1:9421}[mode=>network]]
[2016-03-29 17:29:44,050][TRACE][org.elasticsearch.transport.tracer] [transport_client_node_t2] [6][indices:data/read/search] sent to [{node_t2}{F-u4jQqMTgCSFvClNNIaBA}{127.0.0.1}{127.0.0.1:9421}[mode=>network]] (timeout: [null])
[2016-03-29 17:29:44,051][TRACE][org.elasticsearch.transport.tracer] [transport_client_node_t2] [6][indices:data/read/search] received response from [{node_t2}{F-u4jQqMTgCSFvClNNIaBA}{127.0.0.1}{127.0.0.1:9421}[mode=>network]]
[2016-03-29 17:29:44,051][TRACE][org.elasticsearch.transport.tracer] [transport_client_node_t2] [7][indices:data/read/search] sent to [{node_t2}{F-u4jQqMTgCSFvClNNIaBA}{127.0.0.1}{127.0.0.1:9421}[mode=>network]] (timeout: [null])
[2016-03-29 17:29:44,052][TRACE][org.elasticsearch.transport.tracer] [transport_client_node_t2] [7][indices:data/read/search] received response from [{node_t2}{F-u4jQqMTgCSFvClNNIaBA}{127.0.0.1}{127.0.0.1:9421}[mode=>network]]
[2016-03-29 17:29:44,055][DEBUG][org.elasticsearch.discovery.zen.fd] [node_t2] [master] stopping fault detection against master [{node_t0}{nMu_6boQR--7IGHETEaC6A}{127.0.0.1}{127.0.0.1:9420}[mode=>network]], reason [zen disco stop]
[2016-03-29 17:29:44,055][TRACE][org.elasticsearch.cluster.service] [node_t0] will process [zen-disco-node_left({node_t2}{F-u4jQqMTgCSFvClNNIaBA}{127.0.0.1}{127.0.0.1:9421}[mode=>network])]
[2016-03-29 17:29:44,055][DEBUG][org.elasticsearch.cluster.service] [node_t0] processing [zen-disco-node_left({node_t2}{F-u4jQqMTgCSFvClNNIaBA}{127.0.0.1}{127.0.0.1:9421}[mode=>network])]: execute
[2016-03-29 17:29:44,055][WARN ][org.elasticsearch.discovery.zen] [node_t0] not enough master nodes, current nodes: {{node_t0}{nMu_6boQR--7IGHETEaC6A}{127.0.0.1}{127.0.0.1:9420}[mode=>network],}
[2016-03-29 17:29:44,056][TRACE][org.elasticsearch.discovery.zen] [node_t0] starting to accumulate joins
[2016-03-29 17:29:44,056][TRACE][org.elasticsearch.discovery.zen] [node_t0] starting to ping
[2016-03-29 17:29:44,056][TRACE][org.elasticsearch.discovery.zen.ping.unicast] [node_t0] [5] sending to {node_t0}{nMu_6boQR--7IGHETEaC6A}{127.0.0.1}{127.0.0.1:9420}[mode=>network]
[2016-03-29 17:29:44,056][TRACE][org.elasticsearch.cluster.service] [node_t0] cluster state updated, source [zen-disco-node_left({node_t2}{F-u4jQqMTgCSFvClNNIaBA}{127.0.0.1}{127.0.0.1:9421}[mode=>network])]
version: 11
state uuid: bNf_0Ry8Qb-8YfSB34l8Vw
from_diff: false
meta data version: 7
blocks: 
   _global_:
      2,no master, blocks WRITE,METADATA_WRITE
nodes: 
   {node_t0}{nMu_6boQR--7IGHETEaC6A}{127.0.0.1}{127.0.0.1:9420}[mode=>network], local
routing_table (version 9):
-- index [test]
----shard_id [test][0]
--------[test][0], node[nMu_6boQR--7IGHETEaC6A], [P], v[2], s[STARTED], a[id=AF2N8luPTGOEWsg3lpwsvQ]
----shard_id [test][1]
--------[test][1], node[F-u4jQqMTgCSFvClNNIaBA], [P], v[4], s[STARTED], a[id=WAwqS_DXQoaufpN16qws4g]
----shard_id [test][2]
--------[test][2], node[nMu_6boQR--7IGHETEaC6A], [P], v[2], s[STARTED], a[id=4jD7-tdGTfmoAwhEHCXW2g]
----shard_id [test][3]
--------[test][3], node[F-u4jQqMTgCSFvClNNIaBA], [P], v[4], s[STARTED], a[id=EPv4X3BBRDaHBG5a-yV9tg]
----shard_id [test][4]
--------[test][4], node[nMu_6boQR--7IGHETEaC6A], [P], v[2], s[STARTED], a[id=4qa0UMnJSna1NZFfHP1Fhg]
----shard_id [test][5]
--------[test][5], node[F-u4jQqMTgCSFvClNNIaBA], [P], v[4], s[STARTED], a[id=fTJOom38Tk-LN70eJUoAzQ]
----shard_id [test][6]
--------[test][6], node[nMu_6boQR--7IGHETEaC6A], [P], v[2], s[STARTED], a[id=OZw1U2GVTfGTc0WYIexndQ]
----shard_id [test][7]
--------[test][7], node[F-u4jQqMTgCSFvClNNIaBA], [P], v[4], s[STARTED], a[id=7CQ0O-PlTW-5MTxvqTL3Zw]
----shard_id [test][8]
--------[test][8], node[nMu_6boQR--7IGHETEaC6A], [P], v[2], s[STARTED], a[id=GWVEeeZySkOeWZXB7Pa4GQ]

routing_nodes:
-----node_id[F-u4jQqMTgCSFvClNNIaBA][X]
--------[test][3], node[F-u4jQqMTgCSFvClNNIaBA], [P], v[4], s[STARTED], a[id=EPv4X3BBRDaHBG5a-yV9tg]
--------[test][5], node[F-u4jQqMTgCSFvClNNIaBA], [P], v[4], s[STARTED], a[id=fTJOom38Tk-LN70eJUoAzQ]
--------[test][1], node[F-u4jQqMTgCSFvClNNIaBA], [P], v[4], s[STARTED], a[id=WAwqS_DXQoaufpN16qws4g]
--------[test][7], node[F-u4jQqMTgCSFvClNNIaBA], [P], v[4], s[STARTED], a[id=7CQ0O-PlTW-5MTxvqTL3Zw]
-----node_id[nMu_6boQR--7IGHETEaC6A][V]
--------[test][4], node[nMu_6boQR--7IGHETEaC6A], [P], v[2], s[STARTED], a[id=4qa0UMnJSna1NZFfHP1Fhg]
--------[test][8], node[nMu_6boQR--7IGHETEaC6A], [P], v[2], s[STARTED], a[id=GWVEeeZySkOeWZXB7Pa4GQ]
--------[test][2], node[nMu_6boQR--7IGHETEaC6A], [P], v[2], s[STARTED], a[id=4jD7-tdGTfmoAwhEHCXW2g]
--------[test][6], node[nMu_6boQR--7IGHETEaC6A], [P], v[2], s[STARTED], a[id=OZw1U2GVTfGTc0WYIexndQ]
--------[test][0], node[nMu_6boQR--7IGHETEaC6A], [P], v[2], s[STARTED], a[id=AF2N8luPTGOEWsg3lpwsvQ]
---- unassigned

[2016-03-29 17:29:44,056][TRACE][org.elasticsearch.discovery.zen.ping.unicast] [node_t0] [5] received response from {node_t0}{nMu_6boQR--7IGHETEaC6A}{127.0.0.1}{127.0.0.1:9420}[mode=>network]: [ping_response{node [{node_t2}{F-u4jQqMTgCSFvClNNIaBA}{127.0.0.1}{127.0.0.1:9421}[mode=>network]], id[647], master [null], hasJoinedOnce [false], cluster_name[TEST-CHILD_VM=[0]-CLUSTER_SEED=[-8106659381411338889]-HASH=[14406DC76783A180]-cluster]}, ping_response{node [{node_t2}{F-u4jQqMTgCSFvClNNIaBA}{127.0.0.1}{127.0.0.1:9421}[mode=>network]], id[647], master [null], hasJoinedOnce [false], cluster_name[TEST-CHILD_VM=[0]-CLUSTER_SEED=[-8106659381411338889]-HASH=[14406DC76783A180]-cluster]}, ping_response{node [{node_t0}{nMu_6boQR--7IGHETEaC6A}{127.0.0.1}{127.0.0.1:9420}[mode=>network]], id[653], master [null], hasJoinedOnce [true], cluster_name[TEST-CHILD_VM=[0]-CLUSTER_SEED=[-8106659381411338889]-HASH=[14406DC76783A180]-cluster]}, ping_response{node [{node_t0}{nMu_6boQR--7IGHETEaC6A}{127.0.0.1}{127.0.0.1:9420}[mode=>network]], id[653], master [null], hasJoinedOnce [true], cluster_name[TEST-CHILD_VM=[0]-CLUSTER_SEED=[-8106659381411338889]-HASH=[14406DC76783A180]-cluster]}, ping_response{node [{node_t0}{nMu_6boQR--7IGHETEaC6A}{127.0.0.1}{127.0.0.1:9420}[mode=>network]], id[653], master [null], hasJoinedOnce [true], cluster_name[TEST-CHILD_VM=[0]-CLUSTER_SEED=[-8106659381411338889]-HASH=[14406DC76783A180]-cluster]}, ping_response{node [{node_t2}{F-u4jQqMTgCSFvClNNIaBA}{127.0.0.1}{127.0.0.1:9421}[mode=>network]], id[660], master [null], hasJoinedOnce [false], cluster_name[TEST-CHILD_VM=[0]-CLUSTER_SEED=[-8106659381411338889]-HASH=[14406DC76783A180]-cluster]}, ping_response{node [{node_t2}{F-u4jQqMTgCSFvClNNIaBA}{127.0.0.1}{127.0.0.1:9421}[mode=>network]], id[660], master [null], hasJoinedOnce [false], cluster_name[TEST-CHILD_VM=[0]-CLUSTER_SEED=[-8106659381411338889]-HASH=[14406DC76783A180]-cluster]}, ping_response{node [{node_t2}{F-u4jQqMTgCSFvClNNIaBA}{127.0.0.1}{127.0.0.1:9421}[mode=>network]], id[660], master [null], hasJoinedOnce [false], cluster_name[TEST-CHILD_VM=[0]-CLUSTER_SEED=[-8106659381411338889]-HASH=[14406DC76783A180]-cluster]}, ping_response{node [{node_t0}{nMu_6boQR--7IGHETEaC6A}{127.0.0.1}{127.0.0.1:9420}[mode=>network]], id[667], master [null], hasJoinedOnce [true], cluster_name[TEST-CHILD_VM=[0]-CLUSTER_SEED=[-8106659381411338889]-HASH=[14406DC76783A180]-cluster]}, ping_response{node [{node_t0}{nMu_6boQR--7IGHETEaC6A}{127.0.0.1}{127.0.0.1:9420}[mode=>network]], id[667], master [null], hasJoinedOnce [true], cluster_name[TEST-CHILD_VM=[0]-CLUSTER_SEED=[-8106659381411338889]-HASH=[14406DC76783A180]-cluster]}, ping_response{node [{node_t0}{nMu_6boQR--7IGHETEaC6A}{127.0.0.1}{127.0.0.1:9420}[mode=>network]], id[667], master [null], hasJoinedOnce [true], cluster_name[TEST-CHILD_VM=[0]-CLUSTER_SEED=[-8106659381411338889]-HASH=[14406DC76783A180]-cluster]}, ping_response{node [{node_t2}{F-u4jQqMTgCSFvClNNIaBA}{127.0.0.1}{127.0.0.1:9421}[mode=>network]], id[674], master [null], hasJoinedOnce [false], cluster_name[TEST-CHILD_VM=[0]-CLUSTER_SEED=[-8106659381411338889]-HASH=[14406DC76783A180]-cluster]}, ping_response{node [{node_t2}{F-u4jQqMTgCSFvClNNIaBA}{127.0.0.1}{127.0.0.1:9421}[mode=>network]], id[674], master [null], hasJoinedOnce [false], cluster_name[TEST-CHILD_VM=[0]-CLUSTER_SEED=[-8106659381411338889]-HASH=[14406DC76783A180]-cluster]}, ping_response{node [{node_t2}{F-u4jQqMTgCSFvClNNIaBA}{127.0.0.1}{127.0.0.1:9421}[mode=>network]], id[674], master [null], hasJoinedOnce [false], cluster_name[TEST-CHILD_VM=[0]-CLUSTER_SEED=[-8106659381411338889]-HASH=[14406DC76783A180]-cluster]}, ping_response{node [{node_t0}{nMu_6boQR--7IGHETEaC6A}{127.0.0.1}{127.0.0.1:9420}[mode=>network]], id[681], master [{node_t0}{nMu_6boQR--7IGHETEaC6A}{127.0.0.1}{127.0.0.1:9420}[mode=>network]], hasJoinedOnce [true], cluster_name[TEST-CHILD_VM=[0]-CLUSTER_SEED=[-8106659381411338889]-HASH=[14406DC76783A180]-cluster]}, ping_response{node [{node_t0}{nMu_6boQR--7IGHETEaC6A}{127.0.0.1}{127.0.0.1:9420}[mode=>network]], id[682], master [{node_t0}{nMu_6boQR--7IGHETEaC6A}{127.0.0.1}{127.0.0.1:9420}[mode=>network]], hasJoinedOnce [true], cluster_name[TEST-CHILD_VM=[0]-CLUSTER_SEED=[-8106659381411338889]-HASH=[14406DC76783A180]-cluster]}]
[2016-03-29 17:29:44,056][INFO ][org.elasticsearch.cluster.service] [node_t0] removed {{node_t2}{F-u4jQqMTgCSFvClNNIaBA}{127.0.0.1}{127.0.0.1:9421}[mode=>network],}, reason: zen-disco-node_left({node_t2}{F-u4jQqMTgCSFvClNNIaBA}{127.0.0.1}{127.0.0.1:9421}[mode=>network])
[2016-03-29 17:29:44,056][TRACE][org.elasticsearch.discovery.zen.ping.unicast] [node_t0] [5] connecting (light) to {#zen_unicast_10#}{::1}{[::1]:9424}
[2016-03-29 17:29:44,056][DEBUG][org.elasticsearch.cluster.service] [node_t0] set local cluster state to version 11
[2016-03-29 17:29:44,056][TRACE][org.elasticsearch.discovery.zen.ping.unicast] [node_t0] [5] connecting to {node_t2}{F-u4jQqMTgCSFvClNNIaBA}{127.0.0.1}{127.0.0.1:9421}[mode=>network]
[2016-03-29 17:29:44,056][TRACE][org.elasticsearch.discovery.zen.ping.unicast] [node_t0] [5] connecting (light) to {#zen_unicast_9#}{::1}{[::1]:9423}
[2016-03-29 17:29:44,056][TRACE][org.elasticsearch.discovery.zen.ping.unicast] [node_t0] [5] connecting (light) to {#zen_unicast_8#}{::1}{[::1]:9422}
[2016-03-29 17:29:44,056][TRACE][org.elasticsearch.discovery.zen.ping.unicast] [node_t0] [5] sending to {node_t0}{nMu_6boQR--7IGHETEaC6A}{127.0.0.1}{127.0.0.1:9420}[mode=>network]
[2016-03-29 17:29:44,056][TRACE][org.elasticsearch.discovery.zen.ping.unicast] [node_t0] [5] connecting (light) to {#zen_unicast_7#}{::1}{[::1]:9421}
[2016-03-29 17:29:44,057][TRACE][org.elasticsearch.discovery.zen.ping.unicast] [node_t0] [5] received response from {node_t0}{nMu_6boQR--7IGHETEaC6A}{127.0.0.1}{127.0.0.1:9420}[mode=>network]: [ping_response{node [{node_t2}{F-u4jQqMTgCSFvClNNIaBA}{127.0.0.1}{127.0.0.1:9421}[mode=>network]], id[647], master [null], hasJoinedOnce [false], cluster_name[TEST-CHILD_VM=[0]-CLUSTER_SEED=[-8106659381411338889]-HASH=[14406DC76783A180]-cluster]}, ping_response{node [{node_t2}{F-u4jQqMTgCSFvClNNIaBA}{127.0.0.1}{127.0.0.1:9421}[mode=>network]], id[647], master [null], hasJoinedOnce [false], cluster_name[TEST-CHILD_VM=[0]-CLUSTER_SEED=[-8106659381411338889]-HASH=[14406DC76783A180]-cluster]}, ping_response{node [{node_t0}{nMu_6boQR--7IGHETEaC6A}{127.0.0.1}{127.0.0.1:9420}[mode=>network]], id[653], master [null], hasJoinedOnce [true], cluster_name[TEST-CHILD_VM=[0]-CLUSTER_SEED=[-8106659381411338889]-HASH=[14406DC76783A180]-cluster]}, ping_response{node [{node_t0}{nMu_6boQR--7IGHETEaC6A}{127.0.0.1}{127.0.0.1:9420}[mode=>network]], id[653], master [null], hasJoinedOnce [true], cluster_name[TEST-CHILD_VM=[0]-CLUSTER_SEED=[-8106659381411338889]-HASH=[14406DC76783A180]-cluster]}, ping_response{node [{node_t0}{nMu_6boQR--7IGHETEaC6A}{127.0.0.1}{127.0.0.1:9420}[mode=>network]], id[653], master [null], hasJoinedOnce [true], cluster_name[TEST-CHILD_VM=[0]-CLUSTER_SEED=[-8106659381411338889]-HASH=[14406DC76783A180]-cluster]}, ping_response{node [{node_t2}{F-u4jQqMTgCSFvClNNIaBA}{127.0.0.1}{127.0.0.1:9421}[mode=>network]], id[660], master [null], hasJoinedOnce [false], cluster_name[TEST-CHILD_VM=[0]-CLUSTER_SEED=[-8106659381411338889]-HASH=[14406DC76783A180]-cluster]}, ping_response{node [{node_t2}{F-u4jQqMTgCSFvClNNIaBA}{127.0.0.1}{127.0.0.1:9421}[mode=>network]], id[660], master [null], hasJoinedOnce [false], cluster_name[TEST-CHILD_VM=[0]-CLUSTER_SEED=[-8106659381411338889]-HASH=[14406DC76783A180]-cluster]}, ping_response{node [{node_t2}{F-u4jQqMTgCSFvClNNIaBA}{127.0.0.1}{127.0.0.1:9421}[mode=>network]], id[660], master [null], hasJoinedOnce [false], cluster_name[TEST-CHILD_VM=[0]-CLUSTER_SEED=[-8106659381411338889]-HASH=[14406DC76783A180]-cluster]}, ping_response{node [{node_t0}{nMu_6boQR--7IGHETEaC6A}{127.0.0.1}{127.0.0.1:9420}[mode=>network]], id[667], master [null], hasJoinedOnce [true], cluster_name[TEST-CHILD_VM=[0]-CLUSTER_SEED=[-8106659381411338889]-HASH=[14406DC76783A180]-cluster]}, ping_response{node [{node_t0}{nMu_6boQR--7IGHETEaC6A}{127.0.0.1}{127.0.0.1:9420}[mode=>network]], id[667], master [null], hasJoinedOnce [true], cluster_name[TEST-CHILD_VM=[0]-CLUSTER_SEED=[-8106659381411338889]-HASH=[14406DC76783A180]-cluster]}, ping_response{node [{node_t0}{nMu_6boQR--7IGHETEaC6A}{127.0.0.1}{127.0.0.1:9420}[mode=>network]], id[667], master [null], hasJoinedOnce [true], cluster_name[TEST-CHILD_VM=[0]-CLUSTER_SEED=[-8106659381411338889]-HASH=[14406DC76783A180]-cluster]}, ping_response{node [{node_t2}{F-u4jQqMTgCSFvClNNIaBA}{127.0.0.1}{127.0.0.1:9421}[mode=>network]], id[674], master [null], hasJoinedOnce [false], cluster_name[TEST-CHILD_VM=[0]-CLUSTER_SEED=[-8106659381411338889]-HASH=[14406DC76783A180]-cluster]}, ping_response{node [{node_t2}{F-u4jQqMTgCSFvClNNIaBA}{127.0.0.1}{127.0.0.1:9421}[mode=>network]], id[674], master [null], hasJoinedOnce [false], cluster_name[TEST-CHILD_VM=[0]-CLUSTER_SEED=[-8106659381411338889]-HASH=[14406DC76783A180]-cluster]}, ping_response{node [{node_t2}{F-u4jQqMTgCSFvClNNIaBA}{127.0.0.1}{127.0.0.1:9421}[mode=>network]], id[674], master [null], hasJoinedOnce [false], cluster_name[TEST-CHILD_VM=[0]-CLUSTER_SEED=[-8106659381411338889]-HASH=[14406DC76783A180]-cluster]}, ping_response{node [{node_t0}{nMu_6boQR--7IGHETEaC6A}{127.0.0.1}{127.0.0.1:9420}[mode=>network]], id[681], master [{node_t0}{nMu_6boQR--7IGHETEaC6A}{127.0.0.1}{127.0.0.1:9420}[mode=>network]], hasJoinedOnce [true], cluster_name[TEST-CHILD_VM=[0]-CLUSTER_SEED=[-8106659381411338889]-HASH=[14406DC76783A180]-cluster]}, ping_response{node [{node_t0}{nMu_6boQR--7IGHETEaC6A}{127.0.0.1}{127.0.0.1:9420}[mode=>network]], id[681], master [{node_t0}{nMu_6boQR--7IGHETEaC6A}{127.0.0.1}{127.0.0.1:9420}[mode=>network]], hasJoinedOnce [true], cluster_name[TEST-CHILD_VM=[0]-CLUSTER_SEED=[-8106659381411338889]-HASH=[14406DC76783A180]-cluster]}, ping_response{node [{node_t0}{nMu_6boQR--7IGHETEaC6A}{127.0.0.1}{127.0.0.1:9420}[mode=>network]], id[683], master [null], hasJoinedOnce [true], cluster_name[TEST-CHILD_VM=[0]-CLUSTER_SEED=[-8106659381411338889]-HASH=[14406DC76783A180]-cluster]}]
[2016-03-29 17:29:44,056][TRACE][org.elasticsearch.discovery.zen.ping.unicast] [node_t0] [5] connecting (light) to {#zen_unicast_6#}{::1}{[::1]:9420}
[2016-03-29 17:29:44,056][TRACE][org.elasticsearch.discovery.zen.ping.unicast] [node_t0] [5] connecting (light) to {#zen_unicast_3#}{127.0.0.1}{127.0.0.1:9422}
[2016-03-29 17:29:44,056][TRACE][org.elasticsearch.discovery.zen.ping.unicast] [node_t0] [5] connecting to {node_t2}{F-u4jQqMTgCSFvClNNIaBA}{127.0.0.1}{127.0.0.1:9421}[mode=>network]
[2016-03-29 17:29:44,057][TRACE][org.elasticsearch.discovery.zen.ping.unicast] [node_t0] [5] failed to connect to {#zen_unicast_8#}{::1}{[::1]:9422}
ConnectTransportException[[][[::1]:9422] connect_timeout[30s]]; nested: ConnectException[Connection refused: /0:0:0:0:0:0:0:1:9422];
	at org.elasticsearch.transport.netty.NettyTransport.connectToChannelsLight(NettyTransport.java:954)
	at org.elasticsearch.transport.netty.NettyTransport.connectToNode(NettyTransport.java:918)
	at org.elasticsearch.transport.netty.NettyTransport.connectToNodeLight(NettyTransport.java:890)
	at org.elasticsearch.test.transport.MockTransportService$LookupTestTransport.connectToNodeLight(MockTransportService.java:413)
	at org.elasticsearch.transport.TransportService.connectToNodeLight(TransportService.java:242)
	at org.elasticsearch.discovery.zen.ping.unicast.UnicastZenPing$3.run(UnicastZenPing.java:395)
	at java.util.concurrent.ThreadPoolExecutor.runWorker(ThreadPoolExecutor.java:1142)
	at java.util.concurrent.ThreadPoolExecutor$Worker.run(ThreadPoolExecutor.java:617)
	at java.lang.Thread.run(Thread.java:745)
Caused by: java.net.ConnectException: Connection refused: /0:0:0:0:0:0:0:1:9422
	at sun.nio.ch.SocketChannelImpl.checkConnect(Native Method)
	at sun.nio.ch.SocketChannelImpl.finishConnect(SocketChannelImpl.java:712)
	at org.jboss.netty.channel.socket.nio.NioClientBoss.connect(NioClientBoss.java:152)
	at org.jboss.netty.channel.socket.nio.NioClientBoss.processSelectedKeys(NioClientBoss.java:105)
	at org.jboss.netty.channel.socket.nio.NioClientBoss.process(NioClientBoss.java:79)
	at org.jboss.netty.channel.socket.nio.AbstractNioSelector.run(AbstractNioSelector.java:337)
	at org.jboss.netty.channel.socket.nio.NioClientBoss.run(NioClientBoss.java:42)
	at org.jboss.netty.util.ThreadRenamingRunnable.run(ThreadRenamingRunnable.java:108)
	at org.jboss.netty.util.internal.DeadLockProofWorker$1.run(DeadLockProofWorker.java:42)
	... 3 more
[2016-03-29 17:29:44,056][TRACE][org.elasticsearch.discovery.zen.ping.unicast] [node_t0] [5] connecting (light) to {#zen_unicast_5#}{127.0.0.1}{127.0.0.1:9424}
[2016-03-29 17:29:44,056][TRACE][org.elasticsearch.discovery.zen.ping.unicast] [node_t0] [5] connecting (light) to {#zen_unicast_4#}{127.0.0.1}{127.0.0.1:9423}
[2016-03-29 17:29:44,058][TRACE][org.elasticsearch.discovery.zen.ping.unicast] [node_t0] [5] failed to connect to {node_t2}{F-u4jQqMTgCSFvClNNIaBA}{127.0.0.1}{127.0.0.1:9421}[mode=>network]
ConnectTransportException[[node_t2][127.0.0.1:9421] connect_timeout[30s]]; nested: ConnectException[Connection refused: /127.0.0.1:9421];
	at org.elasticsearch.transport.netty.NettyTransport.connectToChannels(NettyTransport.java:989)
	at org.elasticsearch.transport.netty.NettyTransport.connectToNode(NettyTransport.java:922)
	at org.elasticsearch.transport.netty.NettyTransport.connectToNode(NettyTransport.java:895)
	at org.elasticsearch.test.transport.MockTransportService$LookupTestTransport.connectToNode(MockTransportService.java:408)
	at org.elasticsearch.transport.TransportService.connectToNode(TransportService.java:235)
	at org.elasticsearch.discovery.zen.ping.unicast.UnicastZenPing$3.run(UnicastZenPing.java:398)
	at java.util.concurrent.ThreadPoolExecutor.runWorker(ThreadPoolExecutor.java:1142)
	at java.util.concurrent.ThreadPoolExecutor$Worker.run(ThreadPoolExecutor.java:617)
	at java.lang.Thread.run(Thread.java:745)
Caused by: java.net.ConnectException: Connection refused: /127.0.0.1:9421
	at sun.nio.ch.SocketChannelImpl.checkConnect(Native Method)
	at sun.nio.ch.SocketChannelImpl.finishConnect(SocketChannelImpl.java:712)
	at org.jboss.netty.channel.socket.nio.NioClientBoss.connect(NioClientBoss.java:152)
	at org.jboss.netty.channel.socket.nio.NioClientBoss.processSelectedKeys(NioClientBoss.java:105)
	at org.jboss.netty.channel.socket.nio.NioClientBoss.process(NioClientBoss.java:79)
	at org.jboss.netty.channel.socket.nio.AbstractNioSelector.run(AbstractNioSelector.java:337)
	at org.jboss.netty.channel.socket.nio.NioClientBoss.run(NioClientBoss.java:42)
	at org.jboss.netty.util.ThreadRenamingRunnable.run(ThreadRenamingRunnable.java:108)
	at org.jboss.netty.util.internal.DeadLockProofWorker$1.run(DeadLockProofWorker.java:42)
	... 3 more
[2016-03-29 17:29:44,058][TRACE][org.elasticsearch.discovery.zen.ping.unicast] [node_t0] [5] failed to connect to {#zen_unicast_7#}{::1}{[::1]:9421}
ConnectTransportException[[][[::1]:9421] connect_timeout[30s]]; nested: ConnectException[Connection refused: /0:0:0:0:0:0:0:1:9421];
	at org.elasticsearch.transport.netty.NettyTransport.connectToChannelsLight(NettyTransport.java:954)
	at org.elasticsearch.transport.netty.NettyTransport.connectToNode(NettyTransport.java:918)
	at org.elasticsearch.transport.netty.NettyTransport.connectToNodeLight(NettyTransport.java:890)
	at org.elasticsearch.test.transport.MockTransportService$LookupTestTransport.connectToNodeLight(MockTransportService.java:413)
	at org.elasticsearch.transport.TransportService.connectToNodeLight(TransportService.java:242)
	at org.elasticsearch.discovery.zen.ping.unicast.UnicastZenPing$3.run(UnicastZenPing.java:395)
	at java.util.concurrent.ThreadPoolExecutor.runWorker(ThreadPoolExecutor.java:1142)
	at java.util.concurrent.ThreadPoolExecutor$Worker.run(ThreadPoolExecutor.java:617)
	at java.lang.Thread.run(Thread.java:745)
Caused by: java.net.ConnectException: Connection refused: /0:0:0:0:0:0:0:1:9421
	at sun.nio.ch.SocketChannelImpl.checkConnect(Native Method)
	at sun.nio.ch.SocketChannelImpl.finishConnect(SocketChannelImpl.java:712)
	at org.jboss.netty.channel.socket.nio.NioClientBoss.connect(NioClientBoss.java:152)
	at org.jboss.netty.channel.socket.nio.NioClientBoss.processSelectedKeys(NioClientBoss.java:105)
	at org.jboss.netty.channel.socket.nio.NioClientBoss.process(NioClientBoss.java:79)
	at org.jboss.netty.channel.socket.nio.AbstractNioSelector.run(AbstractNioSelector.java:337)
	at org.jboss.netty.channel.socket.nio.NioClientBoss.run(NioClientBoss.java:42)
	at org.jboss.netty.util.ThreadRenamingRunnable.run(ThreadRenamingRunnable.java:108)
	at org.jboss.netty.util.internal.DeadLockProofWorker$1.run(DeadLockProofWorker.java:42)
	... 3 more
[2016-03-29 17:29:44,057][TRACE][org.elasticsearch.discovery.zen.ping.unicast] [node_t0] [5] failed to connect to {#zen_unicast_9#}{::1}{[::1]:9423}
ConnectTransportException[[][[::1]:9423] connect_timeout[30s]]; nested: ConnectException[Connection refused: /0:0:0:0:0:0:0:1:9423];
	at org.elasticsearch.transport.netty.NettyTransport.connectToChannelsLight(NettyTransport.java:954)
	at org.elasticsearch.transport.netty.NettyTransport.connectToNode(NettyTransport.java:918)
	at org.elasticsearch.transport.netty.NettyTransport.connectToNodeLight(NettyTransport.java:890)
	at org.elasticsearch.test.transport.MockTransportService$LookupTestTransport.connectToNodeLight(MockTransportService.java:413)
	at org.elasticsearch.transport.TransportService.connectToNodeLight(TransportService.java:242)
	at org.elasticsearch.discovery.zen.ping.unicast.UnicastZenPing$3.run(UnicastZenPing.java:395)
	at java.util.concurrent.ThreadPoolExecutor.runWorker(ThreadPoolExecutor.java:1142)
	at java.util.concurrent.ThreadPoolExecutor$Worker.run(ThreadPoolExecutor.java:617)
	at java.lang.Thread.run(Thread.java:745)
Caused by: java.net.ConnectException: Connection refused: /0:0:0:0:0:0:0:1:9423
	at sun.nio.ch.SocketChannelImpl.checkConnect(Native Method)
	at sun.nio.ch.SocketChannelImpl.finishConnect(SocketChannelImpl.java:712)
	at org.jboss.netty.channel.socket.nio.NioClientBoss.connect(NioClientBoss.java:152)
	at org.jboss.netty.channel.socket.nio.NioClientBoss.processSelectedKeys(NioClientBoss.java:105)
	at org.jboss.netty.channel.socket.nio.NioClientBoss.process(NioClientBoss.java:79)
	at org.jboss.netty.channel.socket.nio.AbstractNioSelector.run(AbstractNioSelector.java:337)
	at org.jboss.netty.channel.socket.nio.NioClientBoss.run(NioClientBoss.java:42)
	at org.jboss.netty.util.ThreadRenamingRunnable.run(ThreadRenamingRunnable.java:108)
	at org.jboss.netty.util.internal.DeadLockProofWorker$1.run(DeadLockProofWorker.java:42)
	... 3 more
[2016-03-29 17:29:44,057][TRACE][org.elasticsearch.discovery.zen.ping.unicast] [node_t0] [5] failed to connect to {#zen_unicast_10#}{::1}{[::1]:9424}
ConnectTransportException[[][[::1]:9424] connect_timeout[30s]]; nested: ConnectException[Connection refused: /0:0:0:0:0:0:0:1:9424];
	at org.elasticsearch.transport.netty.NettyTransport.connectToChannelsLight(NettyTransport.java:954)
	at org.elasticsearch.transport.netty.NettyTransport.connectToNode(NettyTransport.java:918)
	at org.elasticsearch.transport.netty.NettyTransport.connectToNodeLight(NettyTransport.java:890)
	at org.elasticsearch.test.transport.MockTransportService$LookupTestTransport.connectToNodeLight(MockTransportService.java:413)
	at org.elasticsearch.transport.TransportService.connectToNodeLight(TransportService.java:242)
	at org.elasticsearch.discovery.zen.ping.unicast.UnicastZenPing$3.run(UnicastZenPing.java:395)
	at java.util.concurrent.ThreadPoolExecutor.runWorker(ThreadPoolExecutor.java:1142)
	at java.util.concurrent.ThreadPoolExecutor$Worker.run(ThreadPoolExecutor.java:617)
	at java.lang.Thread.run(Thread.java:745)
Caused by: java.net.ConnectException: Connection refused: /0:0:0:0:0:0:0:1:9424
	at sun.nio.ch.SocketChannelImpl.checkConnect(Native Method)
	at sun.nio.ch.SocketChannelImpl.finishConnect(SocketChannelImpl.java:712)
	at org.jboss.netty.channel.socket.nio.NioClientBoss.connect(NioClientBoss.java:152)
	at org.jboss.netty.channel.socket.nio.NioClientBoss.processSelectedKeys(NioClientBoss.java:105)
	at org.jboss.netty.channel.socket.nio.NioClientBoss.process(NioClientBoss.java:79)
	at org.jboss.netty.channel.socket.nio.AbstractNioSelector.run(AbstractNioSelector.java:337)
	at org.jboss.netty.channel.socket.nio.NioClientBoss.run(NioClientBoss.java:42)
	at org.jboss.netty.util.ThreadRenamingRunnable.run(ThreadRenamingRunnable.java:108)
	at org.jboss.netty.util.internal.DeadLockProofWorker$1.run(DeadLockProofWorker.java:42)
	... 3 more
[2016-03-29 17:29:44,059][DEBUG][org.elasticsearch.cluster.service] [node_t0] processing [zen-disco-node_left({node_t2}{F-u4jQqMTgCSFvClNNIaBA}{127.0.0.1}{127.0.0.1:9421}[mode=>network])]: took 4ms done applying updated cluster_state (version: 11, uuid: bNf_0Ry8Qb-8YfSB34l8Vw)
[2016-03-29 17:29:44,059][TRACE][org.elasticsearch.discovery.zen.ping.unicast] [node_t0] [5] failed to connect to {node_t2}{F-u4jQqMTgCSFvClNNIaBA}{127.0.0.1}{127.0.0.1:9421}[mode=>network]
ConnectTransportException[[node_t2][127.0.0.1:9421] connect_timeout[30s]]; nested: ConnectException[Connection refused: /127.0.0.1:9421];
	at org.elasticsearch.transport.netty.NettyTransport.connectToChannels(NettyTransport.java:989)
	at org.elasticsearch.transport.netty.NettyTransport.connectToNode(NettyTransport.java:922)
	at org.elasticsearch.transport.netty.NettyTransport.connectToNode(NettyTransport.java:895)
	at org.elasticsearch.test.transport.MockTransportService$LookupTestTransport.connectToNode(MockTransportService.java:408)
	at org.elasticsearch.transport.TransportService.connectToNode(TransportService.java:235)
	at org.elasticsearch.discovery.zen.ping.unicast.UnicastZenPing$3.run(UnicastZenPing.java:398)
	at java.util.concurrent.ThreadPoolExecutor.runWorker(ThreadPoolExecutor.java:1142)
	at java.util.concurrent.ThreadPoolExecutor$Worker.run(ThreadPoolExecutor.java:617)
	at java.lang.Thread.run(Thread.java:745)
Caused by: java.net.ConnectException: Connection refused: /127.0.0.1:9421
	at sun.nio.ch.SocketChannelImpl.checkConnect(Native Method)
	at sun.nio.ch.SocketChannelImpl.finishConnect(SocketChannelImpl.java:712)
	at org.jboss.netty.channel.socket.nio.NioClientBoss.connect(NioClientBoss.java:152)
	at org.jboss.netty.channel.socket.nio.NioClientBoss.processSelectedKeys(NioClientBoss.java:105)
	at org.jboss.netty.channel.socket.nio.NioClientBoss.process(NioClientBoss.java:79)
	at org.jboss.netty.channel.socket.nio.AbstractNioSelector.run(AbstractNioSelector.java:337)
	at org.jboss.netty.channel.socket.nio.NioClientBoss.run(NioClientBoss.java:42)
	at org.jboss.netty.util.ThreadRenamingRunnable.run(ThreadRenamingRunnable.java:108)
	at org.jboss.netty.util.internal.DeadLockProofWorker$1.run(DeadLockProofWorker.java:42)
	... 3 more
[2016-03-29 17:29:44,059][TRACE][org.elasticsearch.discovery.zen.ping.unicast] [node_t0] [5] failed to connect to {#zen_unicast_4#}{127.0.0.1}{127.0.0.1:9423}
ConnectTransportException[[][127.0.0.1:9423] connect_timeout[30s]]; nested: ConnectException[Connection refused: /127.0.0.1:9423];
	at org.elasticsearch.transport.netty.NettyTransport.connectToChannelsLight(NettyTransport.java:954)
	at org.elasticsearch.transport.netty.NettyTransport.connectToNode(NettyTransport.java:918)
	at org.elasticsearch.transport.netty.NettyTransport.connectToNodeLight(NettyTransport.java:890)
	at org.elasticsearch.test.transport.MockTransportService$LookupTestTransport.connectToNodeLight(MockTransportService.java:413)
	at org.elasticsearch.transport.TransportService.connectToNodeLight(TransportService.java:242)
	at org.elasticsearch.discovery.zen.ping.unicast.UnicastZenPing$3.run(UnicastZenPing.java:395)
	at java.util.concurrent.ThreadPoolExecutor.runWorker(ThreadPoolExecutor.java:1142)
	at java.util.concurrent.ThreadPoolExecutor$Worker.run(ThreadPoolExecutor.java:617)
	at java.lang.Thread.run(Thread.java:745)
Caused by: java.net.ConnectException: Connection refused: /127.0.0.1:9423
	at sun.nio.ch.SocketChannelImpl.checkConnect(Native Method)
	at sun.nio.ch.SocketChannelImpl.finishConnect(SocketChannelImpl.java:712)
	at org.jboss.netty.channel.socket.nio.NioClientBoss.connect(NioClientBoss.java:152)
	at org.jboss.netty.channel.socket.nio.NioClientBoss.processSelectedKeys(NioClientBoss.java:105)
	at org.jboss.netty.channel.socket.nio.NioClientBoss.process(NioClientBoss.java:79)
	at org.jboss.netty.channel.socket.nio.AbstractNioSelector.run(AbstractNioSelector.java:337)
	at org.jboss.netty.channel.socket.nio.NioClientBoss.run(NioClientBoss.java:42)
	at org.jboss.netty.util.ThreadRenamingRunnable.run(ThreadRenamingRunnable.java:108)
	at org.jboss.netty.util.internal.DeadLockProofWorker$1.run(DeadLockProofWorker.java:42)
	... 3 more
[2016-03-29 17:29:44,058][TRACE][org.elasticsearch.discovery.zen.ping.unicast] [node_t0] [5] failed to connect to {#zen_unicast_5#}{127.0.0.1}{127.0.0.1:9424}
ConnectTransportException[[][127.0.0.1:9424] connect_timeout[30s]]; nested: ConnectException[Connection refused: /127.0.0.1:9424];
	at org.elasticsearch.transport.netty.NettyTransport.connectToChannelsLight(NettyTransport.java:954)
	at org.elasticsearch.transport.netty.NettyTransport.connectToNode(NettyTransport.java:918)
	at org.elasticsearch.transport.netty.NettyTransport.connectToNodeLight(NettyTransport.java:890)
	at org.elasticsearch.test.transport.MockTransportService$LookupTestTransport.connectToNodeLight(MockTransportService.java:413)
	at org.elasticsearch.transport.TransportService.connectToNodeLight(TransportService.java:242)
	at org.elasticsearch.discovery.zen.ping.unicast.UnicastZenPing$3.run(UnicastZenPing.java:395)
	at java.util.concurrent.ThreadPoolExecutor.runWorker(ThreadPoolExecutor.java:1142)
	at java.util.concurrent.ThreadPoolExecutor$Worker.run(ThreadPoolExecutor.java:617)
	at java.lang.Thread.run(Thread.java:745)
Caused by: java.net.ConnectException: Connection refused: /127.0.0.1:9424
	at sun.nio.ch.SocketChannelImpl.checkConnect(Native Method)
	at sun.nio.ch.SocketChannelImpl.finishConnect(SocketChannelImpl.java:712)
	at org.jboss.netty.channel.socket.nio.NioClientBoss.connect(NioClientBoss.java:152)
	at org.jboss.netty.channel.socket.nio.NioClientBoss.processSelectedKeys(NioClientBoss.java:105)
	at org.jboss.netty.channel.socket.nio.NioClientBoss.process(NioClientBoss.java:79)
	at org.jboss.netty.channel.socket.nio.AbstractNioSelector.run(AbstractNioSelector.java:337)
	at org.jboss.netty.channel.socket.nio.NioClientBoss.run(NioClientBoss.java:42)
	at org.jboss.netty.util.ThreadRenamingRunnable.run(ThreadRenamingRunnable.java:108)
	at org.jboss.netty.util.internal.DeadLockProofWorker$1.run(DeadLockProofWorker.java:42)
	... 3 more
[2016-03-29 17:29:44,058][TRACE][org.elasticsearch.discovery.zen.ping.unicast] [node_t0] [5] failed to connect to {#zen_unicast_3#}{127.0.0.1}{127.0.0.1:9422}
ConnectTransportException[[][127.0.0.1:9422] connect_timeout[30s]]; nested: ConnectException[Connection refused: /127.0.0.1:9422];
	at org.elasticsearch.transport.netty.NettyTransport.connectToChannelsLight(NettyTransport.java:954)
	at org.elasticsearch.transport.netty.NettyTransport.connectToNode(NettyTransport.java:918)
	at org.elasticsearch.transport.netty.NettyTransport.connectToNodeLight(NettyTransport.java:890)
	at org.elasticsearch.test.transport.MockTransportService$LookupTestTransport.connectToNodeLight(MockTransportService.java:413)
	at org.elasticsearch.transport.TransportService.connectToNodeLight(TransportService.java:242)
	at org.elasticsearch.discovery.zen.ping.unicast.UnicastZenPing$3.run(UnicastZenPing.java:395)
	at java.util.concurrent.ThreadPoolExecutor.runWorker(ThreadPoolExecutor.java:1142)
	at java.util.concurrent.ThreadPoolExecutor$Worker.run(ThreadPoolExecutor.java:617)
	at java.lang.Thread.run(Thread.java:745)
Caused by: java.net.ConnectException: Connection refused: /127.0.0.1:9422
	at sun.nio.ch.SocketChannelImpl.checkConnect(Native Method)
	at sun.nio.ch.SocketChannelImpl.finishConnect(SocketChannelImpl.java:712)
	at org.jboss.netty.channel.socket.nio.NioClientBoss.connect(NioClientBoss.java:152)
	at org.jboss.netty.channel.socket.nio.NioClientBoss.processSelectedKeys(NioClientBoss.java:105)
	at org.jboss.netty.channel.socket.nio.NioClientBoss.process(NioClientBoss.java:79)
	at org.jboss.netty.channel.socket.nio.AbstractNioSelector.run(AbstractNioSelector.java:337)
	at org.jboss.netty.channel.socket.nio.NioClientBoss.run(NioClientBoss.java:42)
	at org.jboss.netty.util.ThreadRenamingRunnable.run(ThreadRenamingRunnable.java:108)
	at org.jboss.netty.util.internal.DeadLockProofWorker$1.run(DeadLockProofWorker.java:42)
	... 3 more
[2016-03-29 17:29:44,058][TRACE][org.elasticsearch.discovery.zen.ping.unicast] [node_t0] [5] connected to {#zen_unicast_6#}{::1}{[::1]:9420}
[2016-03-29 17:29:44,061][TRACE][org.elasticsearch.discovery.zen.ping.unicast] [node_t0] [5] sending to {#zen_unicast_6#}{::1}{[::1]:9420}
[2016-03-29 17:29:44,061][TRACE][org.elasticsearch.discovery.zen.ping.unicast] [node_t0] [5] received response from {#zen_unicast_6#}{::1}{[::1]:9420}: [ping_response{node [{node_t2}{F-u4jQqMTgCSFvClNNIaBA}{127.0.0.1}{127.0.0.1:9421}[mode=>network]], id[647], master [null], hasJoinedOnce [false], cluster_name[TEST-CHILD_VM=[0]-CLUSTER_SEED=[-8106659381411338889]-HASH=[14406DC76783A180]-cluster]}, ping_response{node [{node_t2}{F-u4jQqMTgCSFvClNNIaBA}{127.0.0.1}{127.0.0.1:9421}[mode=>network]], id[647], master [null], hasJoinedOnce [false], cluster_name[TEST-CHILD_VM=[0]-CLUSTER_SEED=[-8106659381411338889]-HASH=[14406DC76783A180]-cluster]}, ping_response{node [{node_t0}{nMu_6boQR--7IGHETEaC6A}{127.0.0.1}{127.0.0.1:9420}[mode=>network]], id[653], master [null], hasJoinedOnce [true], cluster_name[TEST-CHILD_VM=[0]-CLUSTER_SEED=[-8106659381411338889]-HASH=[14406DC76783A180]-cluster]}, ping_response{node [{node_t0}{nMu_6boQR--7IGHETEaC6A}{127.0.0.1}{127.0.0.1:9420}[mode=>network]], id[653], master [null], hasJoinedOnce [true], cluster_name[TEST-CHILD_VM=[0]-CLUSTER_SEED=[-8106659381411338889]-HASH=[14406DC76783A180]-cluster]}, ping_response{node [{node_t0}{nMu_6boQR--7IGHETEaC6A}{127.0.0.1}{127.0.0.1:9420}[mode=>network]], id[653], master [null], hasJoinedOnce [true], cluster_name[TEST-CHILD_VM=[0]-CLUSTER_SEED=[-8106659381411338889]-HASH=[14406DC76783A180]-cluster]}, ping_response{node [{node_t2}{F-u4jQqMTgCSFvClNNIaBA}{127.0.0.1}{127.0.0.1:9421}[mode=>network]], id[660], master [null], hasJoinedOnce [false], cluster_name[TEST-CHILD_VM=[0]-CLUSTER_SEED=[-8106659381411338889]-HASH=[14406DC76783A180]-cluster]}, ping_response{node [{node_t2}{F-u4jQqMTgCSFvClNNIaBA}{127.0.0.1}{127.0.0.1:9421}[mode=>network]], id[660], master [null], hasJoinedOnce [false], cluster_name[TEST-CHILD_VM=[0]-CLUSTER_SEED=[-8106659381411338889]-HASH=[14406DC76783A180]-cluster]}, ping_response{node [{node_t2}{F-u4jQqMTgCSFvClNNIaBA}{127.0.0.1}{127.0.0.1:9421}[mode=>network]], id[660], master [null], hasJoinedOnce [false], cluster_name[TEST-CHILD_VM=[0]-CLUSTER_SEED=[-8106659381411338889]-HASH=[14406DC76783A180]-cluster]}, ping_response{node [{node_t0}{nMu_6boQR--7IGHETEaC6A}{127.0.0.1}{127.0.0.1:9420}[mode=>network]], id[667], master [null], hasJoinedOnce [true], cluster_name[TEST-CHILD_VM=[0]-CLUSTER_SEED=[-8106659381411338889]-HASH=[14406DC76783A180]-cluster]}, ping_response{node [{node_t0}{nMu_6boQR--7IGHETEaC6A}{127.0.0.1}{127.0.0.1:9420}[mode=>network]], id[667], master [null], hasJoinedOnce [true], cluster_name[TEST-CHILD_VM=[0]-CLUSTER_SEED=[-8106659381411338889]-HASH=[14406DC76783A180]-cluster]}, ping_response{node [{node_t0}{nMu_6boQR--7IGHETEaC6A}{127.0.0.1}{127.0.0.1:9420}[mode=>network]], id[667], master [null], hasJoinedOnce [true], cluster_name[TEST-CHILD_VM=[0]-CLUSTER_SEED=[-8106659381411338889]-HASH=[14406DC76783A180]-cluster]}, ping_response{node [{node_t2}{F-u4jQqMTgCSFvClNNIaBA}{127.0.0.1}{127.0.0.1:9421}[mode=>network]], id[674], master [null], hasJoinedOnce [false], cluster_name[TEST-CHILD_VM=[0]-CLUSTER_SEED=[-8106659381411338889]-HASH=[14406DC76783A180]-cluster]}, ping_response{node [{node_t2}{F-u4jQqMTgCSFvClNNIaBA}{127.0.0.1}{127.0.0.1:9421}[mode=>network]], id[674], master [null], hasJoinedOnce [false], cluster_name[TEST-CHILD_VM=[0]-CLUSTER_SEED=[-8106659381411338889]-HASH=[14406DC76783A180]-cluster]}, ping_response{node [{node_t2}{F-u4jQqMTgCSFvClNNIaBA}{127.0.0.1}{127.0.0.1:9421}[mode=>network]], id[674], master [null], hasJoinedOnce [false], cluster_name[TEST-CHILD_VM=[0]-CLUSTER_SEED=[-8106659381411338889]-HASH=[14406DC76783A180]-cluster]}, ping_response{node [{node_t0}{nMu_6boQR--7IGHETEaC6A}{127.0.0.1}{127.0.0.1:9420}[mode=>network]], id[681], master [{node_t0}{nMu_6boQR--7IGHETEaC6A}{127.0.0.1}{127.0.0.1:9420}[mode=>network]], hasJoinedOnce [true], cluster_name[TEST-CHILD_VM=[0]-CLUSTER_SEED=[-8106659381411338889]-HASH=[14406DC76783A180]-cluster]}, ping_response{node [{node_t0}{nMu_6boQR--7IGHETEaC6A}{127.0.0.1}{127.0.0.1:9420}[mode=>network]], id[681], master [{node_t0}{nMu_6boQR--7IGHETEaC6A}{127.0.0.1}{127.0.0.1:9420}[mode=>network]], hasJoinedOnce [true], cluster_name[TEST-CHILD_VM=[0]-CLUSTER_SEED=[-8106659381411338889]-HASH=[14406DC76783A180]-cluster]}, ping_response{node [{node_t0}{nMu_6boQR--7IGHETEaC6A}{127.0.0.1}{127.0.0.1:9420}[mode=>network]], id[681], master [{node_t0}{nMu_6boQR--7IGHETEaC6A}{127.0.0.1}{127.0.0.1:9420}[mode=>network]], hasJoinedOnce [true], cluster_name[TEST-CHILD_VM=[0]-CLUSTER_SEED=[-8106659381411338889]-HASH=[14406DC76783A180]-cluster]}, ping_response{node [{node_t0}{nMu_6boQR--7IGHETEaC6A}{127.0.0.1}{127.0.0.1:9420}[mode=>network]], id[684], master [null], hasJoinedOnce [true], cluster_name[TEST-CHILD_VM=[0]-CLUSTER_SEED=[-8106659381411338889]-HASH=[14406DC76783A180]-cluster]}]
[2016-03-29 17:29:44,066][TRACE][org.elasticsearch.transport.tracer] [transport_client_node_t0] [28][cluster:monitor/state] sent to [{node_t0}{nMu_6boQR--7IGHETEaC6A}{127.0.0.1}{127.0.0.1:9420}[mode=>network]] (timeout: [null])
[2016-03-29 17:29:44,066][TRACE][org.elasticsearch.transport.tracer] [transport_client_node_t0] [28][cluster:monitor/state] received response from [{node_t0}{nMu_6boQR--7IGHETEaC6A}{127.0.0.1}{127.0.0.1:9420}[mode=>network]]
[2016-03-29 17:29:44,096][DEBUG][org.elasticsearch.discovery.zen.elect] [node_t3] using minimum_master_nodes [2]
[2016-03-29 17:29:44,096][DEBUG][org.elasticsearch.discovery.zen.ping.unicast] [node_t3] using initial hosts [127.0.0.1, [::1]], with concurrent_connects [10]
[2016-03-29 17:29:44,096][DEBUG][org.elasticsearch.discovery.zen] [node_t3] using ping_timeout [200ms], join.timeout [4s], master_election.filter_client [true], master_election.filter_data [false]
[2016-03-29 17:29:44,096][DEBUG][org.elasticsearch.discovery.zen.fd] [node_t3] [master] uses ping_interval [1s], ping_timeout [30s], ping_retries [3]
[2016-03-29 17:29:44,096][DEBUG][org.elasticsearch.discovery.zen.fd] [node_t3] [node  ] uses ping_interval [1s], ping_timeout [30s], ping_retries [3]
[2016-03-29 17:29:44,098][DEBUG][org.elasticsearch.gateway] [node_t3] using initial_shards [quorum]
[2016-03-29 17:29:44,106][TRACE][org.elasticsearch.gateway] [node_t3] [upgrade]: processing [global-1.st]
[2016-03-29 17:29:44,107][TRACE][org.elasticsearch.gateway] [node_t3] found state file: [id:1, legacy:false, file:/Users/ogbonnayacngwu/CSE2410_spring2016_projectileDysfunction/core/build/testrun/integTest/J0/temp/org.elasticsearch.cluster.MinimumMasterNodesIT_4AA6DECDBC490785-001/tempDir-005/data/TEST-CHILD_VM=[0]-CLUSTER_SEED=[-8106659381411338889]-HASH=[14406DC76783A180]-cluster/nodes/1/_state/global-1.st]
[2016-03-29 17:29:44,107][TRACE][org.elasticsearch.gateway] [node_t3] state id [1] read from [global-1.st]
[2016-03-29 17:29:44,107][TRACE][org.elasticsearch.gateway] [node_t3] found state file: [id:6, legacy:false, file:/Users/ogbonnayacngwu/CSE2410_spring2016_projectileDysfunction/core/build/testrun/integTest/J0/temp/org.elasticsearch.cluster.MinimumMasterNodesIT_4AA6DECDBC490785-001/tempDir-005/data/TEST-CHILD_VM=[0]-CLUSTER_SEED=[-8106659381411338889]-HASH=[14406DC76783A180]-cluster/nodes/1/indices/test/_state/state-6.st]
[2016-03-29 17:29:44,108][TRACE][org.elasticsearch.gateway] [node_t3] state id [6] read from [state-6.st]
[2016-03-29 17:29:44,108][TRACE][org.elasticsearch.gateway] [node_t3] found state file: [id:1, legacy:false, file:/Users/ogbonnayacngwu/CSE2410_spring2016_projectileDysfunction/core/build/testrun/integTest/J0/temp/org.elasticsearch.cluster.MinimumMasterNodesIT_4AA6DECDBC490785-001/tempDir-005/data/TEST-CHILD_VM=[0]-CLUSTER_SEED=[-8106659381411338889]-HASH=[14406DC76783A180]-cluster/nodes/1/_state/global-1.st]
[2016-03-29 17:29:44,109][TRACE][org.elasticsearch.gateway] [node_t3] state id [1] read from [global-1.st]
[2016-03-29 17:29:44,109][TRACE][org.elasticsearch.gateway] [node_t3] found state file: [id:6, legacy:false, file:/Users/ogbonnayacngwu/CSE2410_spring2016_projectileDysfunction/core/build/testrun/integTest/J0/temp/org.elasticsearch.cluster.MinimumMasterNodesIT_4AA6DECDBC490785-001/tempDir-005/data/TEST-CHILD_VM=[0]-CLUSTER_SEED=[-8106659381411338889]-HASH=[14406DC76783A180]-cluster/nodes/1/indices/test/_state/state-6.st]
[2016-03-29 17:29:44,109][TRACE][org.elasticsearch.gateway] [node_t3] state id [6] read from [state-6.st]
[2016-03-29 17:29:44,109][DEBUG][org.elasticsearch.gateway] [node_t3] took 1ms to load state
[2016-03-29 17:29:44,119][TRACE][org.elasticsearch.cluster.service] [node_t3] will process [initial_join]
[2016-03-29 17:29:44,119][DEBUG][org.elasticsearch.cluster.service] [node_t3] processing [initial_join]: execute
[2016-03-29 17:29:44,119][DEBUG][org.elasticsearch.cluster.service] [node_t3] processing [initial_join]: took 0s no change in cluster_state
[2016-03-29 17:29:44,119][TRACE][org.elasticsearch.discovery.zen] [node_t3] starting to accumulate joins
[2016-03-29 17:29:44,119][TRACE][org.elasticsearch.discovery.zen] [node_t3] starting to ping
[2016-03-29 17:29:44,120][TRACE][org.elasticsearch.discovery.zen.ping.unicast] [node_t3] [1] sending to {node_t3}{EJh5pphuTEuwcvfHnM8dCQ}{127.0.0.1}{127.0.0.1:9421}[mode=>network]
[2016-03-29 17:29:44,120][TRACE][org.elasticsearch.discovery.zen.ping.unicast] [node_t3] [1] connecting (light) to {#zen_unicast_1#}{127.0.0.1}{127.0.0.1:9420}
[2016-03-29 17:29:44,120][TRACE][org.elasticsearch.discovery.zen.ping.unicast] [node_t3] [1] received response from {node_t3}{EJh5pphuTEuwcvfHnM8dCQ}{127.0.0.1}{127.0.0.1:9421}[mode=>network]: [ping_response{node [{node_t3}{EJh5pphuTEuwcvfHnM8dCQ}{127.0.0.1}{127.0.0.1:9421}[mode=>network]], id[685], master [null], hasJoinedOnce [false], cluster_name[TEST-CHILD_VM=[0]-CLUSTER_SEED=[-8106659381411338889]-HASH=[14406DC76783A180]-cluster]}, ping_response{node [{node_t3}{EJh5pphuTEuwcvfHnM8dCQ}{127.0.0.1}{127.0.0.1:9421}[mode=>network]], id[686], master [null], hasJoinedOnce [false], cluster_name[TEST-CHILD_VM=[0]-CLUSTER_SEED=[-8106659381411338889]-HASH=[14406DC76783A180]-cluster]}]
[2016-03-29 17:29:44,120][TRACE][org.elasticsearch.discovery.zen.ping.unicast] [node_t3] [1] connecting (light) to {#zen_unicast_3#}{127.0.0.1}{127.0.0.1:9422}
[2016-03-29 17:29:44,120][TRACE][org.elasticsearch.discovery.zen.ping.unicast] [node_t3] [1] connecting (light) to {#zen_unicast_4#}{127.0.0.1}{127.0.0.1:9423}
[2016-03-29 17:29:44,120][TRACE][org.elasticsearch.discovery.zen.ping.unicast] [node_t3] [1] connecting (light) to {#zen_unicast_5#}{127.0.0.1}{127.0.0.1:9424}
[2016-03-29 17:29:44,120][TRACE][org.elasticsearch.discovery.zen.ping.unicast] [node_t3] [1] connecting (light) to {#zen_unicast_6#}{::1}{[::1]:9420}
[2016-03-29 17:29:44,120][TRACE][org.elasticsearch.discovery.zen.ping.unicast] [node_t3] [1] connected to {#zen_unicast_1#}{127.0.0.1}{127.0.0.1:9420}
[2016-03-29 17:29:44,120][TRACE][org.elasticsearch.discovery.zen.ping.unicast] [node_t3] [1] sending to {#zen_unicast_1#}{127.0.0.1}{127.0.0.1:9420}
[2016-03-29 17:29:44,120][TRACE][org.elasticsearch.discovery.zen.ping.unicast] [node_t3] [1] failed to connect to {#zen_unicast_3#}{127.0.0.1}{127.0.0.1:9422}
ConnectTransportException[[][127.0.0.1:9422] connect_timeout[30s]]; nested: ConnectException[Connection refused: /127.0.0.1:9422];
	at org.elasticsearch.transport.netty.NettyTransport.connectToChannelsLight(NettyTransport.java:954)
	at org.elasticsearch.transport.netty.NettyTransport.connectToNode(NettyTransport.java:918)
	at org.elasticsearch.transport.netty.NettyTransport.connectToNodeLight(NettyTransport.java:890)
	at org.elasticsearch.test.transport.MockTransportService$LookupTestTransport.connectToNodeLight(MockTransportService.java:413)
	at org.elasticsearch.transport.TransportService.connectToNodeLight(TransportService.java:242)
	at org.elasticsearch.discovery.zen.ping.unicast.UnicastZenPing$3.run(UnicastZenPing.java:395)
	at java.util.concurrent.ThreadPoolExecutor.runWorker(ThreadPoolExecutor.java:1142)
	at java.util.concurrent.ThreadPoolExecutor$Worker.run(ThreadPoolExecutor.java:617)
	at java.lang.Thread.run(Thread.java:745)
Caused by: java.net.ConnectException: Connection refused: /127.0.0.1:9422
	at sun.nio.ch.SocketChannelImpl.checkConnect(Native Method)
	at sun.nio.ch.SocketChannelImpl.finishConnect(SocketChannelImpl.java:712)
	at org.jboss.netty.channel.socket.nio.NioClientBoss.connect(NioClientBoss.java:152)
	at org.jboss.netty.channel.socket.nio.NioClientBoss.processSelectedKeys(NioClientBoss.java:105)
	at org.jboss.netty.channel.socket.nio.NioClientBoss.process(NioClientBoss.java:79)
	at org.jboss.netty.channel.socket.nio.AbstractNioSelector.run(AbstractNioSelector.java:337)
	at org.jboss.netty.channel.socket.nio.NioClientBoss.run(NioClientBoss.java:42)
	at org.jboss.netty.util.ThreadRenamingRunnable.run(ThreadRenamingRunnable.java:108)
	at org.jboss.netty.util.internal.DeadLockProofWorker$1.run(DeadLockProofWorker.java:42)
	... 3 more
[2016-03-29 17:29:44,121][TRACE][org.elasticsearch.discovery.zen.ping.unicast] [node_t3] [1] sending to {node_t3}{EJh5pphuTEuwcvfHnM8dCQ}{127.0.0.1}{127.0.0.1:9421}[mode=>network]
[2016-03-29 17:29:44,121][TRACE][org.elasticsearch.discovery.zen.ping.unicast] [node_t3] [1] failed to connect to {#zen_unicast_4#}{127.0.0.1}{127.0.0.1:9423}
ConnectTransportException[[][127.0.0.1:9423] connect_timeout[30s]]; nested: ConnectException[Connection refused: /127.0.0.1:9423];
	at org.elasticsearch.transport.netty.NettyTransport.connectToChannelsLight(NettyTransport.java:954)
	at org.elasticsearch.transport.netty.NettyTransport.connectToNode(NettyTransport.java:918)
	at org.elasticsearch.transport.netty.NettyTransport.connectToNodeLight(NettyTransport.java:890)
	at org.elasticsearch.test.transport.MockTransportService$LookupTestTransport.connectToNodeLight(MockTransportService.java:413)
	at org.elasticsearch.transport.TransportService.connectToNodeLight(TransportService.java:242)
	at org.elasticsearch.discovery.zen.ping.unicast.UnicastZenPing$3.run(UnicastZenPing.java:395)
	at java.util.concurrent.ThreadPoolExecutor.runWorker(ThreadPoolExecutor.java:1142)
	at java.util.concurrent.ThreadPoolExecutor$Worker.run(ThreadPoolExecutor.java:617)
	at java.lang.Thread.run(Thread.java:745)
Caused by: java.net.ConnectException: Connection refused: /127.0.0.1:9423
	at sun.nio.ch.SocketChannelImpl.checkConnect(Native Method)
	at sun.nio.ch.SocketChannelImpl.finishConnect(SocketChannelImpl.java:712)
	at org.jboss.netty.channel.socket.nio.NioClientBoss.connect(NioClientBoss.java:152)
	at org.jboss.netty.channel.socket.nio.NioClientBoss.processSelectedKeys(NioClientBoss.java:105)
	at org.jboss.netty.channel.socket.nio.NioClientBoss.process(NioClientBoss.java:79)
	at org.jboss.netty.channel.socket.nio.AbstractNioSelector.run(AbstractNioSelector.java:337)
	at org.jboss.netty.channel.socket.nio.NioClientBoss.run(NioClientBoss.java:42)
	at org.jboss.netty.util.ThreadRenamingRunnable.run(ThreadRenamingRunnable.java:108)
	at org.jboss.netty.util.internal.DeadLockProofWorker$1.run(DeadLockProofWorker.java:42)
	... 3 more
[2016-03-29 17:29:44,121][TRACE][org.elasticsearch.discovery.zen.ping.unicast] [node_t3] [1] connecting (light) to {#zen_unicast_9#}{::1}{[::1]:9423}
[2016-03-29 17:29:44,121][TRACE][org.elasticsearch.discovery.zen.ping.unicast] [node_t3] [1] connecting (light) to {#zen_unicast_8#}{::1}{[::1]:9422}
[2016-03-29 17:29:44,120][TRACE][org.elasticsearch.discovery.zen.ping.unicast] [node_t3] [1] connecting (light) to {#zen_unicast_7#}{::1}{[::1]:9421}
[2016-03-29 17:29:44,121][TRACE][org.elasticsearch.discovery.zen.ping.unicast] [node_t3] [1] failed to connect to {#zen_unicast_5#}{127.0.0.1}{127.0.0.1:9424}
ConnectTransportException[[][127.0.0.1:9424] connect_timeout[30s]]; nested: ConnectException[Connection refused: /127.0.0.1:9424];
	at org.elasticsearch.transport.netty.NettyTransport.connectToChannelsLight(NettyTransport.java:954)
	at org.elasticsearch.transport.netty.NettyTransport.connectToNode(NettyTransport.java:918)
	at org.elasticsearch.transport.netty.NettyTransport.connectToNodeLight(NettyTransport.java:890)
	at org.elasticsearch.test.transport.MockTransportService$LookupTestTransport.connectToNodeLight(MockTransportService.java:413)
	at org.elasticsearch.transport.TransportService.connectToNodeLight(TransportService.java:242)
	at org.elasticsearch.discovery.zen.ping.unicast.UnicastZenPing$3.run(UnicastZenPing.java:395)
	at java.util.concurrent.ThreadPoolExecutor.runWorker(ThreadPoolExecutor.java:1142)
	at java.util.concurrent.ThreadPoolExecutor$Worker.run(ThreadPoolExecutor.java:617)
	at java.lang.Thread.run(Thread.java:745)
Caused by: java.net.ConnectException: Connection refused: /127.0.0.1:9424
	at sun.nio.ch.SocketChannelImpl.checkConnect(Native Method)
	at sun.nio.ch.SocketChannelImpl.finishConnect(SocketChannelImpl.java:712)
	at org.jboss.netty.channel.socket.nio.NioClientBoss.connect(NioClientBoss.java:152)
	at org.jboss.netty.channel.socket.nio.NioClientBoss.processSelectedKeys(NioClientBoss.java:105)
	at org.jboss.netty.channel.socket.nio.NioClientBoss.process(NioClientBoss.java:79)
	at org.jboss.netty.channel.socket.nio.AbstractNioSelector.run(AbstractNioSelector.java:337)
	at org.jboss.netty.channel.socket.nio.NioClientBoss.run(NioClientBoss.java:42)
	at org.jboss.netty.util.ThreadRenamingRunnable.run(ThreadRenamingRunnable.java:108)
	at org.jboss.netty.util.internal.DeadLockProofWorker$1.run(DeadLockProofWorker.java:42)
	... 3 more
[2016-03-29 17:29:44,121][TRACE][org.elasticsearch.discovery.zen.ping.unicast] [node_t3] [1] connected to {#zen_unicast_6#}{::1}{[::1]:9420}
[2016-03-29 17:29:44,121][TRACE][org.elasticsearch.discovery.zen.ping.unicast] [node_t3] [1] received response from {node_t3}{EJh5pphuTEuwcvfHnM8dCQ}{127.0.0.1}{127.0.0.1:9421}[mode=>network]: [ping_response{node [{node_t3}{EJh5pphuTEuwcvfHnM8dCQ}{127.0.0.1}{127.0.0.1:9421}[mode=>network]], id[685], master [null], hasJoinedOnce [false], cluster_name[TEST-CHILD_VM=[0]-CLUSTER_SEED=[-8106659381411338889]-HASH=[14406DC76783A180]-cluster]}, ping_response{node [{node_t3}{EJh5pphuTEuwcvfHnM8dCQ}{127.0.0.1}{127.0.0.1:9421}[mode=>network]], id[685], master [null], hasJoinedOnce [false], cluster_name[TEST-CHILD_VM=[0]-CLUSTER_SEED=[-8106659381411338889]-HASH=[14406DC76783A180]-cluster]}, ping_response{node [{node_t3}{EJh5pphuTEuwcvfHnM8dCQ}{127.0.0.1}{127.0.0.1:9421}[mode=>network]], id[688], master [null], hasJoinedOnce [false], cluster_name[TEST-CHILD_VM=[0]-CLUSTER_SEED=[-8106659381411338889]-HASH=[14406DC76783A180]-cluster]}]
[2016-03-29 17:29:44,122][TRACE][org.elasticsearch.discovery.zen.ping.unicast] [node_t3] [1] failed to connect to {#zen_unicast_9#}{::1}{[::1]:9423}
ConnectTransportException[[][[::1]:9423] connect_timeout[30s]]; nested: ConnectException[Connection refused: /0:0:0:0:0:0:0:1:9423];
	at org.elasticsearch.transport.netty.NettyTransport.connectToChannelsLight(NettyTransport.java:954)
	at org.elasticsearch.transport.netty.NettyTransport.connectToNode(NettyTransport.java:918)
	at org.elasticsearch.transport.netty.NettyTransport.connectToNodeLight(NettyTransport.java:890)
	at org.elasticsearch.test.transport.MockTransportService$LookupTestTransport.connectToNodeLight(MockTransportService.java:413)
	at org.elasticsearch.transport.TransportService.connectToNodeLight(TransportService.java:242)
	at org.elasticsearch.discovery.zen.ping.unicast.UnicastZenPing$3.run(UnicastZenPing.java:395)
	at java.util.concurrent.ThreadPoolExecutor.runWorker(ThreadPoolExecutor.java:1142)
	at java.util.concurrent.ThreadPoolExecutor$Worker.run(ThreadPoolExecutor.java:617)
	at java.lang.Thread.run(Thread.java:745)
Caused by: java.net.ConnectException: Connection refused: /0:0:0:0:0:0:0:1:9423
	at sun.nio.ch.SocketChannelImpl.checkConnect(Native Method)
	at sun.nio.ch.SocketChannelImpl.finishConnect(SocketChannelImpl.java:712)
	at org.jboss.netty.channel.socket.nio.NioClientBoss.connect(NioClientBoss.java:152)
	at org.jboss.netty.channel.socket.nio.NioClientBoss.processSelectedKeys(NioClientBoss.java:105)
	at org.jboss.netty.channel.socket.nio.NioClientBoss.process(NioClientBoss.java:79)
	at org.jboss.netty.channel.socket.nio.AbstractNioSelector.run(AbstractNioSelector.java:337)
	at org.jboss.netty.channel.socket.nio.NioClientBoss.run(NioClientBoss.java:42)
	at org.jboss.netty.util.ThreadRenamingRunnable.run(ThreadRenamingRunnable.java:108)
	at org.jboss.netty.util.internal.DeadLockProofWorker$1.run(DeadLockProofWorker.java:42)
	... 3 more
[2016-03-29 17:29:44,121][TRACE][org.elasticsearch.discovery.zen.ping.unicast] [node_t3] [1] connecting (light) to {#zen_unicast_10#}{::1}{[::1]:9424}
[2016-03-29 17:29:44,122][TRACE][org.elasticsearch.discovery.zen.ping.unicast] [node_t3] [1] connected to {#zen_unicast_7#}{::1}{[::1]:9421}
[2016-03-29 17:29:44,121][TRACE][org.elasticsearch.discovery.zen.ping.unicast] [node_t3] [1] sending to {#zen_unicast_6#}{::1}{[::1]:9420}
[2016-03-29 17:29:44,122][TRACE][org.elasticsearch.discovery.zen.ping.unicast] [node_t3] [1] sending to {#zen_unicast_7#}{::1}{[::1]:9421}
[2016-03-29 17:29:44,121][TRACE][org.elasticsearch.discovery.zen.ping.unicast] [node_t3] [1] failed to connect to {#zen_unicast_8#}{::1}{[::1]:9422}
ConnectTransportException[[][[::1]:9422] connect_timeout[30s]]; nested: ConnectException[Connection refused: /0:0:0:0:0:0:0:1:9422];
	at org.elasticsearch.transport.netty.NettyTransport.connectToChannelsLight(NettyTransport.java:954)
	at org.elasticsearch.transport.netty.NettyTransport.connectToNode(NettyTransport.java:918)
	at org.elasticsearch.transport.netty.NettyTransport.connectToNodeLight(NettyTransport.java:890)
	at org.elasticsearch.test.transport.MockTransportService$LookupTestTransport.connectToNodeLight(MockTransportService.java:413)
	at org.elasticsearch.transport.TransportService.connectToNodeLight(TransportService.java:242)
	at org.elasticsearch.discovery.zen.ping.unicast.UnicastZenPing$3.run(UnicastZenPing.java:395)
	at java.util.concurrent.ThreadPoolExecutor.runWorker(ThreadPoolExecutor.java:1142)
	at java.util.concurrent.ThreadPoolExecutor$Worker.run(ThreadPoolExecutor.java:617)
	at java.lang.Thread.run(Thread.java:745)
Caused by: java.net.ConnectException: Connection refused: /0:0:0:0:0:0:0:1:9422
	at sun.nio.ch.SocketChannelImpl.checkConnect(Native Method)
	at sun.nio.ch.SocketChannelImpl.finishConnect(SocketChannelImpl.java:712)
	at org.jboss.netty.channel.socket.nio.NioClientBoss.connect(NioClientBoss.java:152)
	at org.jboss.netty.channel.socket.nio.NioClientBoss.processSelectedKeys(NioClientBoss.java:105)
	at org.jboss.netty.channel.socket.nio.NioClientBoss.process(NioClientBoss.java:79)
	at org.jboss.netty.channel.socket.nio.AbstractNioSelector.run(AbstractNioSelector.java:337)
	at org.jboss.netty.channel.socket.nio.NioClientBoss.run(NioClientBoss.java:42)
	at org.jboss.netty.util.ThreadRenamingRunnable.run(ThreadRenamingRunnable.java:108)
	at org.jboss.netty.util.internal.DeadLockProofWorker$1.run(DeadLockProofWorker.java:42)
	... 3 more
[2016-03-29 17:29:44,121][TRACE][org.elasticsearch.discovery.zen.ping.unicast] [node_t3] [1] received response from {#zen_unicast_1#}{127.0.0.1}{127.0.0.1:9420}: [ping_response{node [{node_t0}{nMu_6boQR--7IGHETEaC6A}{127.0.0.1}{127.0.0.1:9420}[mode=>network]], id[653], master [null], hasJoinedOnce [true], cluster_name[TEST-CHILD_VM=[0]-CLUSTER_SEED=[-8106659381411338889]-HASH=[14406DC76783A180]-cluster]}, ping_response{node [{node_t0}{nMu_6boQR--7IGHETEaC6A}{127.0.0.1}{127.0.0.1:9420}[mode=>network]], id[653], master [null], hasJoinedOnce [true], cluster_name[TEST-CHILD_VM=[0]-CLUSTER_SEED=[-8106659381411338889]-HASH=[14406DC76783A180]-cluster]}, ping_response{node [{node_t0}{nMu_6boQR--7IGHETEaC6A}{127.0.0.1}{127.0.0.1:9420}[mode=>network]], id[653], master [null], hasJoinedOnce [true], cluster_name[TEST-CHILD_VM=[0]-CLUSTER_SEED=[-8106659381411338889]-HASH=[14406DC76783A180]-cluster]}, ping_response{node [{node_t2}{F-u4jQqMTgCSFvClNNIaBA}{127.0.0.1}{127.0.0.1:9421}[mode=>network]], id[660], master [null], hasJoinedOnce [false], cluster_name[TEST-CHILD_VM=[0]-CLUSTER_SEED=[-8106659381411338889]-HASH=[14406DC76783A180]-cluster]}, ping_response{node [{node_t2}{F-u4jQqMTgCSFvClNNIaBA}{127.0.0.1}{127.0.0.1:9421}[mode=>network]], id[660], master [null], hasJoinedOnce [false], cluster_name[TEST-CHILD_VM=[0]-CLUSTER_SEED=[-8106659381411338889]-HASH=[14406DC76783A180]-cluster]}, ping_response{node [{node_t2}{F-u4jQqMTgCSFvClNNIaBA}{127.0.0.1}{127.0.0.1:9421}[mode=>network]], id[660], master [null], hasJoinedOnce [false], cluster_name[TEST-CHILD_VM=[0]-CLUSTER_SEED=[-8106659381411338889]-HASH=[14406DC76783A180]-cluster]}, ping_response{node [{node_t0}{nMu_6boQR--7IGHETEaC6A}{127.0.0.1}{127.0.0.1:9420}[mode=>network]], id[667], master [null], hasJoinedOnce [true], cluster_name[TEST-CHILD_VM=[0]-CLUSTER_SEED=[-8106659381411338889]-HASH=[14406DC76783A180]-cluster]}, ping_response{node [{node_t0}{nMu_6boQR--7IGHETEaC6A}{127.0.0.1}{127.0.0.1:9420}[mode=>network]], id[667], master [null], hasJoinedOnce [true], cluster_name[TEST-CHILD_VM=[0]-CLUSTER_SEED=[-8106659381411338889]-HASH=[14406DC76783A180]-cluster]}, ping_response{node [{node_t0}{nMu_6boQR--7IGHETEaC6A}{127.0.0.1}{127.0.0.1:9420}[mode=>network]], id[667], master [null], hasJoinedOnce [true], cluster_name[TEST-CHILD_VM=[0]-CLUSTER_SEED=[-8106659381411338889]-HASH=[14406DC76783A180]-cluster]}, ping_response{node [{node_t2}{F-u4jQqMTgCSFvClNNIaBA}{127.0.0.1}{127.0.0.1:9421}[mode=>network]], id[674], master [null], hasJoinedOnce [false], cluster_name[TEST-CHILD_VM=[0]-CLUSTER_SEED=[-8106659381411338889]-HASH=[14406DC76783A180]-cluster]}, ping_response{node [{node_t2}{F-u4jQqMTgCSFvClNNIaBA}{127.0.0.1}{127.0.0.1:9421}[mode=>network]], id[674], master [null], hasJoinedOnce [false], cluster_name[TEST-CHILD_VM=[0]-CLUSTER_SEED=[-8106659381411338889]-HASH=[14406DC76783A180]-cluster]}, ping_response{node [{node_t2}{F-u4jQqMTgCSFvClNNIaBA}{127.0.0.1}{127.0.0.1:9421}[mode=>network]], id[674], master [null], hasJoinedOnce [false], cluster_name[TEST-CHILD_VM=[0]-CLUSTER_SEED=[-8106659381411338889]-HASH=[14406DC76783A180]-cluster]}, ping_response{node [{node_t0}{nMu_6boQR--7IGHETEaC6A}{127.0.0.1}{127.0.0.1:9420}[mode=>network]], id[681], master [{node_t0}{nMu_6boQR--7IGHETEaC6A}{127.0.0.1}{127.0.0.1:9420}[mode=>network]], hasJoinedOnce [true], cluster_name[TEST-CHILD_VM=[0]-CLUSTER_SEED=[-8106659381411338889]-HASH=[14406DC76783A180]-cluster]}, ping_response{node [{node_t0}{nMu_6boQR--7IGHETEaC6A}{127.0.0.1}{127.0.0.1:9420}[mode=>network]], id[681], master [{node_t0}{nMu_6boQR--7IGHETEaC6A}{127.0.0.1}{127.0.0.1:9420}[mode=>network]], hasJoinedOnce [true], cluster_name[TEST-CHILD_VM=[0]-CLUSTER_SEED=[-8106659381411338889]-HASH=[14406DC76783A180]-cluster]}, ping_response{node [{node_t0}{nMu_6boQR--7IGHETEaC6A}{127.0.0.1}{127.0.0.1:9420}[mode=>network]], id[681], master [{node_t0}{nMu_6boQR--7IGHETEaC6A}{127.0.0.1}{127.0.0.1:9420}[mode=>network]], hasJoinedOnce [true], cluster_name[TEST-CHILD_VM=[0]-CLUSTER_SEED=[-8106659381411338889]-HASH=[14406DC76783A180]-cluster]}, ping_response{node [{node_t3}{EJh5pphuTEuwcvfHnM8dCQ}{127.0.0.1}{127.0.0.1:9421}[mode=>network]], id[685], master [null], hasJoinedOnce [false], cluster_name[TEST-CHILD_VM=[0]-CLUSTER_SEED=[-8106659381411338889]-HASH=[14406DC76783A180]-cluster]}, ping_response{node [{node_t0}{nMu_6boQR--7IGHETEaC6A}{127.0.0.1}{127.0.0.1:9420}[mode=>network]], id[687], master [null], hasJoinedOnce [true], cluster_name[TEST-CHILD_VM=[0]-CLUSTER_SEED=[-8106659381411338889]-HASH=[14406DC76783A180]-cluster]}]
[2016-03-29 17:29:44,122][TRACE][org.elasticsearch.discovery.zen.ping.unicast] [node_t3] [1] failed to connect to {#zen_unicast_10#}{::1}{[::1]:9424}
ConnectTransportException[[][[::1]:9424] connect_timeout[30s]]; nested: ConnectException[Connection refused: /0:0:0:0:0:0:0:1:9424];
	at org.elasticsearch.transport.netty.NettyTransport.connectToChannelsLight(NettyTransport.java:954)
	at org.elasticsearch.transport.netty.NettyTransport.connectToNode(NettyTransport.java:918)
	at org.elasticsearch.transport.netty.NettyTransport.connectToNodeLight(NettyTransport.java:890)
	at org.elasticsearch.test.transport.MockTransportService$LookupTestTransport.connectToNodeLight(MockTransportService.java:413)
	at org.elasticsearch.transport.TransportService.connectToNodeLight(TransportService.java:242)
	at org.elasticsearch.discovery.zen.ping.unicast.UnicastZenPing$3.run(UnicastZenPing.java:395)
	at java.util.concurrent.ThreadPoolExecutor.runWorker(ThreadPoolExecutor.java:1142)
	at java.util.concurrent.ThreadPoolExecutor$Worker.run(ThreadPoolExecutor.java:617)
	at java.lang.Thread.run(Thread.java:745)
Caused by: java.net.ConnectException: Connection refused: /0:0:0:0:0:0:0:1:9424
	at sun.nio.ch.SocketChannelImpl.checkConnect(Native Method)
	at sun.nio.ch.SocketChannelImpl.finishConnect(SocketChannelImpl.java:712)
	at org.jboss.netty.channel.socket.nio.NioClientBoss.connect(NioClientBoss.java:152)
	at org.jboss.netty.channel.socket.nio.NioClientBoss.processSelectedKeys(NioClientBoss.java:105)
	at org.jboss.netty.channel.socket.nio.NioClientBoss.process(NioClientBoss.java:79)
	at org.jboss.netty.channel.socket.nio.AbstractNioSelector.run(AbstractNioSelector.java:337)
	at org.jboss.netty.channel.socket.nio.NioClientBoss.run(NioClientBoss.java:42)
	at org.jboss.netty.util.ThreadRenamingRunnable.run(ThreadRenamingRunnable.java:108)
	at org.jboss.netty.util.internal.DeadLockProofWorker$1.run(DeadLockProofWorker.java:42)
	... 3 more
[2016-03-29 17:29:44,123][TRACE][org.elasticsearch.discovery.zen.ping.unicast] [node_t3] [1] received response from {#zen_unicast_6#}{::1}{[::1]:9420}: [ping_response{node [{node_t0}{nMu_6boQR--7IGHETEaC6A}{127.0.0.1}{127.0.0.1:9420}[mode=>network]], id[653], master [null], hasJoinedOnce [true], cluster_name[TEST-CHILD_VM=[0]-CLUSTER_SEED=[-8106659381411338889]-HASH=[14406DC76783A180]-cluster]}, ping_response{node [{node_t0}{nMu_6boQR--7IGHETEaC6A}{127.0.0.1}{127.0.0.1:9420}[mode=>network]], id[653], master [null], hasJoinedOnce [true], cluster_name[TEST-CHILD_VM=[0]-CLUSTER_SEED=[-8106659381411338889]-HASH=[14406DC76783A180]-cluster]}, ping_response{node [{node_t0}{nMu_6boQR--7IGHETEaC6A}{127.0.0.1}{127.0.0.1:9420}[mode=>network]], id[653], master [null], hasJoinedOnce [true], cluster_name[TEST-CHILD_VM=[0]-CLUSTER_SEED=[-8106659381411338889]-HASH=[14406DC76783A180]-cluster]}, ping_response{node [{node_t2}{F-u4jQqMTgCSFvClNNIaBA}{127.0.0.1}{127.0.0.1:9421}[mode=>network]], id[660], master [null], hasJoinedOnce [false], cluster_name[TEST-CHILD_VM=[0]-CLUSTER_SEED=[-8106659381411338889]-HASH=[14406DC76783A180]-cluster]}, ping_response{node [{node_t2}{F-u4jQqMTgCSFvClNNIaBA}{127.0.0.1}{127.0.0.1:9421}[mode=>network]], id[660], master [null], hasJoinedOnce [false], cluster_name[TEST-CHILD_VM=[0]-CLUSTER_SEED=[-8106659381411338889]-HASH=[14406DC76783A180]-cluster]}, ping_response{node [{node_t2}{F-u4jQqMTgCSFvClNNIaBA}{127.0.0.1}{127.0.0.1:9421}[mode=>network]], id[660], master [null], hasJoinedOnce [false], cluster_name[TEST-CHILD_VM=[0]-CLUSTER_SEED=[-8106659381411338889]-HASH=[14406DC76783A180]-cluster]}, ping_response{node [{node_t0}{nMu_6boQR--7IGHETEaC6A}{127.0.0.1}{127.0.0.1:9420}[mode=>network]], id[667], master [null], hasJoinedOnce [true], cluster_name[TEST-CHILD_VM=[0]-CLUSTER_SEED=[-8106659381411338889]-HASH=[14406DC76783A180]-cluster]}, ping_response{node [{node_t0}{nMu_6boQR--7IGHETEaC6A}{127.0.0.1}{127.0.0.1:9420}[mode=>network]], id[667], master [null], hasJoinedOnce [true], cluster_name[TEST-CHILD_VM=[0]-CLUSTER_SEED=[-8106659381411338889]-HASH=[14406DC76783A180]-cluster]}, ping_response{node [{node_t0}{nMu_6boQR--7IGHETEaC6A}{127.0.0.1}{127.0.0.1:9420}[mode=>network]], id[667], master [null], hasJoinedOnce [true], cluster_name[TEST-CHILD_VM=[0]-CLUSTER_SEED=[-8106659381411338889]-HASH=[14406DC76783A180]-cluster]}, ping_response{node [{node_t2}{F-u4jQqMTgCSFvClNNIaBA}{127.0.0.1}{127.0.0.1:9421}[mode=>network]], id[674], master [null], hasJoinedOnce [false], cluster_name[TEST-CHILD_VM=[0]-CLUSTER_SEED=[-8106659381411338889]-HASH=[14406DC76783A180]-cluster]}, ping_response{node [{node_t2}{F-u4jQqMTgCSFvClNNIaBA}{127.0.0.1}{127.0.0.1:9421}[mode=>network]], id[674], master [null], hasJoinedOnce [false], cluster_name[TEST-CHILD_VM=[0]-CLUSTER_SEED=[-8106659381411338889]-HASH=[14406DC76783A180]-cluster]}, ping_response{node [{node_t2}{F-u4jQqMTgCSFvClNNIaBA}{127.0.0.1}{127.0.0.1:9421}[mode=>network]], id[674], master [null], hasJoinedOnce [false], cluster_name[TEST-CHILD_VM=[0]-CLUSTER_SEED=[-8106659381411338889]-HASH=[14406DC76783A180]-cluster]}, ping_response{node [{node_t0}{nMu_6boQR--7IGHETEaC6A}{127.0.0.1}{127.0.0.1:9420}[mode=>network]], id[681], master [{node_t0}{nMu_6boQR--7IGHETEaC6A}{127.0.0.1}{127.0.0.1:9420}[mode=>network]], hasJoinedOnce [true], cluster_name[TEST-CHILD_VM=[0]-CLUSTER_SEED=[-8106659381411338889]-HASH=[14406DC76783A180]-cluster]}, ping_response{node [{node_t0}{nMu_6boQR--7IGHETEaC6A}{127.0.0.1}{127.0.0.1:9420}[mode=>network]], id[681], master [{node_t0}{nMu_6boQR--7IGHETEaC6A}{127.0.0.1}{127.0.0.1:9420}[mode=>network]], hasJoinedOnce [true], cluster_name[TEST-CHILD_VM=[0]-CLUSTER_SEED=[-8106659381411338889]-HASH=[14406DC76783A180]-cluster]}, ping_response{node [{node_t0}{nMu_6boQR--7IGHETEaC6A}{127.0.0.1}{127.0.0.1:9420}[mode=>network]], id[681], master [{node_t0}{nMu_6boQR--7IGHETEaC6A}{127.0.0.1}{127.0.0.1:9420}[mode=>network]], hasJoinedOnce [true], cluster_name[TEST-CHILD_VM=[0]-CLUSTER_SEED=[-8106659381411338889]-HASH=[14406DC76783A180]-cluster]}, ping_response{node [{node_t3}{EJh5pphuTEuwcvfHnM8dCQ}{127.0.0.1}{127.0.0.1:9421}[mode=>network]], id[685], master [null], hasJoinedOnce [false], cluster_name[TEST-CHILD_VM=[0]-CLUSTER_SEED=[-8106659381411338889]-HASH=[14406DC76783A180]-cluster]}, ping_response{node [{node_t3}{EJh5pphuTEuwcvfHnM8dCQ}{127.0.0.1}{127.0.0.1:9421}[mode=>network]], id[685], master [null], hasJoinedOnce [false], cluster_name[TEST-CHILD_VM=[0]-CLUSTER_SEED=[-8106659381411338889]-HASH=[14406DC76783A180]-cluster]}, ping_response{node [{node_t0}{nMu_6boQR--7IGHETEaC6A}{127.0.0.1}{127.0.0.1:9420}[mode=>network]], id[689], master [null], hasJoinedOnce [true], cluster_name[TEST-CHILD_VM=[0]-CLUSTER_SEED=[-8106659381411338889]-HASH=[14406DC76783A180]-cluster]}]
[2016-03-29 17:29:44,123][TRACE][org.elasticsearch.discovery.zen.ping.unicast] [node_t3] [1] received response from {#zen_unicast_7#}{::1}{[::1]:9421}: [ping_response{node [{node_t3}{EJh5pphuTEuwcvfHnM8dCQ}{127.0.0.1}{127.0.0.1:9421}[mode=>network]], id[685], master [null], hasJoinedOnce [false], cluster_name[TEST-CHILD_VM=[0]-CLUSTER_SEED=[-8106659381411338889]-HASH=[14406DC76783A180]-cluster]}, ping_response{node [{node_t3}{EJh5pphuTEuwcvfHnM8dCQ}{127.0.0.1}{127.0.0.1:9421}[mode=>network]], id[685], master [null], hasJoinedOnce [false], cluster_name[TEST-CHILD_VM=[0]-CLUSTER_SEED=[-8106659381411338889]-HASH=[14406DC76783A180]-cluster]}, ping_response{node [{node_t3}{EJh5pphuTEuwcvfHnM8dCQ}{127.0.0.1}{127.0.0.1:9421}[mode=>network]], id[685], master [null], hasJoinedOnce [false], cluster_name[TEST-CHILD_VM=[0]-CLUSTER_SEED=[-8106659381411338889]-HASH=[14406DC76783A180]-cluster]}, ping_response{node [{node_t3}{EJh5pphuTEuwcvfHnM8dCQ}{127.0.0.1}{127.0.0.1:9421}[mode=>network]], id[690], master [null], hasJoinedOnce [false], cluster_name[TEST-CHILD_VM=[0]-CLUSTER_SEED=[-8106659381411338889]-HASH=[14406DC76783A180]-cluster]}]
[2016-03-29 17:29:44,161][TRACE][org.elasticsearch.discovery.zen.ping.unicast] [node_t0] [5] sending to {node_t0}{nMu_6boQR--7IGHETEaC6A}{127.0.0.1}{127.0.0.1:9420}[mode=>network]
[2016-03-29 17:29:44,162][TRACE][org.elasticsearch.discovery.zen.ping.unicast] [node_t0] [5] received response from {node_t0}{nMu_6boQR--7IGHETEaC6A}{127.0.0.1}{127.0.0.1:9420}[mode=>network]: [ping_response{node [{node_t2}{F-u4jQqMTgCSFvClNNIaBA}{127.0.0.1}{127.0.0.1:9421}[mode=>network]], id[660], master [null], hasJoinedOnce [false], cluster_name[TEST-CHILD_VM=[0]-CLUSTER_SEED=[-8106659381411338889]-HASH=[14406DC76783A180]-cluster]}, ping_response{node [{node_t2}{F-u4jQqMTgCSFvClNNIaBA}{127.0.0.1}{127.0.0.1:9421}[mode=>network]], id[660], master [null], hasJoinedOnce [false], cluster_name[TEST-CHILD_VM=[0]-CLUSTER_SEED=[-8106659381411338889]-HASH=[14406DC76783A180]-cluster]}, ping_response{node [{node_t2}{F-u4jQqMTgCSFvClNNIaBA}{127.0.0.1}{127.0.0.1:9421}[mode=>network]], id[660], master [null], hasJoinedOnce [false], cluster_name[TEST-CHILD_VM=[0]-CLUSTER_SEED=[-8106659381411338889]-HASH=[14406DC76783A180]-cluster]}, ping_response{node [{node_t0}{nMu_6boQR--7IGHETEaC6A}{127.0.0.1}{127.0.0.1:9420}[mode=>network]], id[667], master [null], hasJoinedOnce [true], cluster_name[TEST-CHILD_VM=[0]-CLUSTER_SEED=[-8106659381411338889]-HASH=[14406DC76783A180]-cluster]}, ping_response{node [{node_t0}{nMu_6boQR--7IGHETEaC6A}{127.0.0.1}{127.0.0.1:9420}[mode=>network]], id[667], master [null], hasJoinedOnce [true], cluster_name[TEST-CHILD_VM=[0]-CLUSTER_SEED=[-8106659381411338889]-HASH=[14406DC76783A180]-cluster]}, ping_response{node [{node_t0}{nMu_6boQR--7IGHETEaC6A}{127.0.0.1}{127.0.0.1:9420}[mode=>network]], id[667], master [null], hasJoinedOnce [true], cluster_name[TEST-CHILD_VM=[0]-CLUSTER_SEED=[-8106659381411338889]-HASH=[14406DC76783A180]-cluster]}, ping_response{node [{node_t2}{F-u4jQqMTgCSFvClNNIaBA}{127.0.0.1}{127.0.0.1:9421}[mode=>network]], id[674], master [null], hasJoinedOnce [false], cluster_name[TEST-CHILD_VM=[0]-CLUSTER_SEED=[-8106659381411338889]-HASH=[14406DC76783A180]-cluster]}, ping_response{node [{node_t2}{F-u4jQqMTgCSFvClNNIaBA}{127.0.0.1}{127.0.0.1:9421}[mode=>network]], id[674], master [null], hasJoinedOnce [false], cluster_name[TEST-CHILD_VM=[0]-CLUSTER_SEED=[-8106659381411338889]-HASH=[14406DC76783A180]-cluster]}, ping_response{node [{node_t2}{F-u4jQqMTgCSFvClNNIaBA}{127.0.0.1}{127.0.0.1:9421}[mode=>network]], id[674], master [null], hasJoinedOnce [false], cluster_name[TEST-CHILD_VM=[0]-CLUSTER_SEED=[-8106659381411338889]-HASH=[14406DC76783A180]-cluster]}, ping_response{node [{node_t0}{nMu_6boQR--7IGHETEaC6A}{127.0.0.1}{127.0.0.1:9420}[mode=>network]], id[681], master [{node_t0}{nMu_6boQR--7IGHETEaC6A}{127.0.0.1}{127.0.0.1:9420}[mode=>network]], hasJoinedOnce [true], cluster_name[TEST-CHILD_VM=[0]-CLUSTER_SEED=[-8106659381411338889]-HASH=[14406DC76783A180]-cluster]}, ping_response{node [{node_t0}{nMu_6boQR--7IGHETEaC6A}{127.0.0.1}{127.0.0.1:9420}[mode=>network]], id[681], master [{node_t0}{nMu_6boQR--7IGHETEaC6A}{127.0.0.1}{127.0.0.1:9420}[mode=>network]], hasJoinedOnce [true], cluster_name[TEST-CHILD_VM=[0]-CLUSTER_SEED=[-8106659381411338889]-HASH=[14406DC76783A180]-cluster]}, ping_response{node [{node_t0}{nMu_6boQR--7IGHETEaC6A}{127.0.0.1}{127.0.0.1:9420}[mode=>network]], id[681], master [{node_t0}{nMu_6boQR--7IGHETEaC6A}{127.0.0.1}{127.0.0.1:9420}[mode=>network]], hasJoinedOnce [true], cluster_name[TEST-CHILD_VM=[0]-CLUSTER_SEED=[-8106659381411338889]-HASH=[14406DC76783A180]-cluster]}, ping_response{node [{node_t3}{EJh5pphuTEuwcvfHnM8dCQ}{127.0.0.1}{127.0.0.1:9421}[mode=>network]], id[685], master [null], hasJoinedOnce [false], cluster_name[TEST-CHILD_VM=[0]-CLUSTER_SEED=[-8106659381411338889]-HASH=[14406DC76783A180]-cluster]}, ping_response{node [{node_t3}{EJh5pphuTEuwcvfHnM8dCQ}{127.0.0.1}{127.0.0.1:9421}[mode=>network]], id[685], master [null], hasJoinedOnce [false], cluster_name[TEST-CHILD_VM=[0]-CLUSTER_SEED=[-8106659381411338889]-HASH=[14406DC76783A180]-cluster]}, ping_response{node [{node_t0}{nMu_6boQR--7IGHETEaC6A}{127.0.0.1}{127.0.0.1:9420}[mode=>network]], id[691], master [null], hasJoinedOnce [true], cluster_name[TEST-CHILD_VM=[0]-CLUSTER_SEED=[-8106659381411338889]-HASH=[14406DC76783A180]-cluster]}, ping_response{node [{node_t0}{nMu_6boQR--7IGHETEaC6A}{127.0.0.1}{127.0.0.1:9420}[mode=>network]], id[692], master [null], hasJoinedOnce [true], cluster_name[TEST-CHILD_VM=[0]-CLUSTER_SEED=[-8106659381411338889]-HASH=[14406DC76783A180]-cluster]}]
[2016-03-29 17:29:44,162][TRACE][org.elasticsearch.discovery.zen.ping.unicast] [node_t0] [5] connecting (light) to {#zen_unicast_2#}{127.0.0.1}{127.0.0.1:9421}
[2016-03-29 17:29:44,162][TRACE][org.elasticsearch.discovery.zen.ping.unicast] [node_t0] [5] sending to {#zen_unicast_6#}{::1}{[::1]:9420}
[2016-03-29 17:29:44,162][TRACE][org.elasticsearch.discovery.zen.ping.unicast] [node_t0] [5] connecting (light) to {#zen_unicast_3#}{127.0.0.1}{127.0.0.1:9422}
[2016-03-29 17:29:44,162][TRACE][org.elasticsearch.discovery.zen.ping.unicast] [node_t0] [5] connecting (light) to {#zen_unicast_5#}{127.0.0.1}{127.0.0.1:9424}
[2016-03-29 17:29:44,162][TRACE][org.elasticsearch.discovery.zen.ping.unicast] [node_t0] [5] connecting (light) to {#zen_unicast_7#}{::1}{[::1]:9421}
[2016-03-29 17:29:44,162][TRACE][org.elasticsearch.discovery.zen.ping.unicast] [node_t0] [5] connecting (light) to {#zen_unicast_9#}{::1}{[::1]:9423}
[2016-03-29 17:29:44,162][TRACE][org.elasticsearch.discovery.zen.ping.unicast] [node_t0] [5] connecting (light) to {#zen_unicast_4#}{127.0.0.1}{127.0.0.1:9423}
[2016-03-29 17:29:44,162][TRACE][org.elasticsearch.discovery.zen.ping.unicast] [node_t0] [5] connecting (light) to {#zen_unicast_10#}{::1}{[::1]:9424}
[2016-03-29 17:29:44,162][TRACE][org.elasticsearch.discovery.zen.ping.unicast] [node_t0] replacing {node_t3}{EJh5pphuTEuwcvfHnM8dCQ}{127.0.0.1}{127.0.0.1:9421}[mode=>network] with temp node {#zen_unicast_14_EJh5pphuTEuwcvfHnM8dCQ#}{127.0.0.1}{127.0.0.1:9421}[mode=>network]
[2016-03-29 17:29:44,162][TRACE][org.elasticsearch.discovery.zen.ping.unicast] [node_t0] [5] connecting (light) to {#zen_unicast_8#}{::1}{[::1]:9422}
[2016-03-29 17:29:44,162][TRACE][org.elasticsearch.discovery.zen.ping.unicast] [node_t0] [5] connecting (light) to {#zen_unicast_14_EJh5pphuTEuwcvfHnM8dCQ#}{127.0.0.1}{127.0.0.1:9421}[mode=>network]
[2016-03-29 17:29:44,162][TRACE][org.elasticsearch.discovery.zen.ping.unicast] [node_t0] replacing {node_t2}{F-u4jQqMTgCSFvClNNIaBA}{127.0.0.1}{127.0.0.1:9421}[mode=>network] with temp node {#zen_unicast_15_F-u4jQqMTgCSFvClNNIaBA#}{127.0.0.1}{127.0.0.1:9421}[mode=>network]
[2016-03-29 17:29:44,162][TRACE][org.elasticsearch.discovery.zen.ping.unicast] [node_t0] [5] sending to {node_t0}{nMu_6boQR--7IGHETEaC6A}{127.0.0.1}{127.0.0.1:9420}[mode=>network]
[2016-03-29 17:29:44,162][TRACE][org.elasticsearch.discovery.zen.ping.unicast] [node_t0] [5] connecting (light) to {#zen_unicast_15_F-u4jQqMTgCSFvClNNIaBA#}{127.0.0.1}{127.0.0.1:9421}[mode=>network]
[2016-03-29 17:29:44,162][TRACE][org.elasticsearch.discovery.zen.ping.unicast] [node_t0] [5] received response from {node_t0}{nMu_6boQR--7IGHETEaC6A}{127.0.0.1}{127.0.0.1:9420}[mode=>network]: [ping_response{node [{node_t2}{F-u4jQqMTgCSFvClNNIaBA}{127.0.0.1}{127.0.0.1:9421}[mode=>network]], id[660], master [null], hasJoinedOnce [false], cluster_name[TEST-CHILD_VM=[0]-CLUSTER_SEED=[-8106659381411338889]-HASH=[14406DC76783A180]-cluster]}, ping_response{node [{node_t2}{F-u4jQqMTgCSFvClNNIaBA}{127.0.0.1}{127.0.0.1:9421}[mode=>network]], id[660], master [null], hasJoinedOnce [false], cluster_name[TEST-CHILD_VM=[0]-CLUSTER_SEED=[-8106659381411338889]-HASH=[14406DC76783A180]-cluster]}, ping_response{node [{node_t2}{F-u4jQqMTgCSFvClNNIaBA}{127.0.0.1}{127.0.0.1:9421}[mode=>network]], id[660], master [null], hasJoinedOnce [false], cluster_name[TEST-CHILD_VM=[0]-CLUSTER_SEED=[-8106659381411338889]-HASH=[14406DC76783A180]-cluster]}, ping_response{node [{node_t0}{nMu_6boQR--7IGHETEaC6A}{127.0.0.1}{127.0.0.1:9420}[mode=>network]], id[667], master [null], hasJoinedOnce [true], cluster_name[TEST-CHILD_VM=[0]-CLUSTER_SEED=[-8106659381411338889]-HASH=[14406DC76783A180]-cluster]}, ping_response{node [{node_t0}{nMu_6boQR--7IGHETEaC6A}{127.0.0.1}{127.0.0.1:9420}[mode=>network]], id[667], master [null], hasJoinedOnce [true], cluster_name[TEST-CHILD_VM=[0]-CLUSTER_SEED=[-8106659381411338889]-HASH=[14406DC76783A180]-cluster]}, ping_response{node [{node_t0}{nMu_6boQR--7IGHETEaC6A}{127.0.0.1}{127.0.0.1:9420}[mode=>network]], id[667], master [null], hasJoinedOnce [true], cluster_name[TEST-CHILD_VM=[0]-CLUSTER_SEED=[-8106659381411338889]-HASH=[14406DC76783A180]-cluster]}, ping_response{node [{node_t2}{F-u4jQqMTgCSFvClNNIaBA}{127.0.0.1}{127.0.0.1:9421}[mode=>network]], id[674], master [null], hasJoinedOnce [false], cluster_name[TEST-CHILD_VM=[0]-CLUSTER_SEED=[-8106659381411338889]-HASH=[14406DC76783A180]-cluster]}, ping_response{node [{node_t2}{F-u4jQqMTgCSFvClNNIaBA}{127.0.0.1}{127.0.0.1:9421}[mode=>network]], id[674], master [null], hasJoinedOnce [false], cluster_name[TEST-CHILD_VM=[0]-CLUSTER_SEED=[-8106659381411338889]-HASH=[14406DC76783A180]-cluster]}, ping_response{node [{node_t2}{F-u4jQqMTgCSFvClNNIaBA}{127.0.0.1}{127.0.0.1:9421}[mode=>network]], id[674], master [null], hasJoinedOnce [false], cluster_name[TEST-CHILD_VM=[0]-CLUSTER_SEED=[-8106659381411338889]-HASH=[14406DC76783A180]-cluster]}, ping_response{node [{node_t0}{nMu_6boQR--7IGHETEaC6A}{127.0.0.1}{127.0.0.1:9420}[mode=>network]], id[681], master [{node_t0}{nMu_6boQR--7IGHETEaC6A}{127.0.0.1}{127.0.0.1:9420}[mode=>network]], hasJoinedOnce [true], cluster_name[TEST-CHILD_VM=[0]-CLUSTER_SEED=[-8106659381411338889]-HASH=[14406DC76783A180]-cluster]}, ping_response{node [{node_t0}{nMu_6boQR--7IGHETEaC6A}{127.0.0.1}{127.0.0.1:9420}[mode=>network]], id[681], master [{node_t0}{nMu_6boQR--7IGHETEaC6A}{127.0.0.1}{127.0.0.1:9420}[mode=>network]], hasJoinedOnce [true], cluster_name[TEST-CHILD_VM=[0]-CLUSTER_SEED=[-8106659381411338889]-HASH=[14406DC76783A180]-cluster]}, ping_response{node [{node_t0}{nMu_6boQR--7IGHETEaC6A}{127.0.0.1}{127.0.0.1:9420}[mode=>network]], id[681], master [{node_t0}{nMu_6boQR--7IGHETEaC6A}{127.0.0.1}{127.0.0.1:9420}[mode=>network]], hasJoinedOnce [true], cluster_name[TEST-CHILD_VM=[0]-CLUSTER_SEED=[-8106659381411338889]-HASH=[14406DC76783A180]-cluster]}, ping_response{node [{node_t3}{EJh5pphuTEuwcvfHnM8dCQ}{127.0.0.1}{127.0.0.1:9421}[mode=>network]], id[685], master [null], hasJoinedOnce [false], cluster_name[TEST-CHILD_VM=[0]-CLUSTER_SEED=[-8106659381411338889]-HASH=[14406DC76783A180]-cluster]}, ping_response{node [{node_t3}{EJh5pphuTEuwcvfHnM8dCQ}{127.0.0.1}{127.0.0.1:9421}[mode=>network]], id[685], master [null], hasJoinedOnce [false], cluster_name[TEST-CHILD_VM=[0]-CLUSTER_SEED=[-8106659381411338889]-HASH=[14406DC76783A180]-cluster]}, ping_response{node [{node_t0}{nMu_6boQR--7IGHETEaC6A}{127.0.0.1}{127.0.0.1:9420}[mode=>network]], id[691], master [null], hasJoinedOnce [true], cluster_name[TEST-CHILD_VM=[0]-CLUSTER_SEED=[-8106659381411338889]-HASH=[14406DC76783A180]-cluster]}, ping_response{node [{node_t0}{nMu_6boQR--7IGHETEaC6A}{127.0.0.1}{127.0.0.1:9420}[mode=>network]], id[691], master [null], hasJoinedOnce [true], cluster_name[TEST-CHILD_VM=[0]-CLUSTER_SEED=[-8106659381411338889]-HASH=[14406DC76783A180]-cluster]}, ping_response{node [{node_t0}{nMu_6boQR--7IGHETEaC6A}{127.0.0.1}{127.0.0.1:9420}[mode=>network]], id[691], master [null], hasJoinedOnce [true], cluster_name[TEST-CHILD_VM=[0]-CLUSTER_SEED=[-8106659381411338889]-HASH=[14406DC76783A180]-cluster]}, ping_response{node [{node_t0}{nMu_6boQR--7IGHETEaC6A}{127.0.0.1}{127.0.0.1:9420}[mode=>network]], id[694], master [null], hasJoinedOnce [true], cluster_name[TEST-CHILD_VM=[0]-CLUSTER_SEED=[-8106659381411338889]-HASH=[14406DC76783A180]-cluster]}]
[2016-03-29 17:29:44,163][TRACE][org.elasticsearch.discovery.zen.ping.unicast] [node_t0] [5] failed to connect to {#zen_unicast_5#}{127.0.0.1}{127.0.0.1:9424}
ConnectTransportException[[][127.0.0.1:9424] connect_timeout[30s]]; nested: ConnectException[Connection refused: /127.0.0.1:9424];
	at org.elasticsearch.transport.netty.NettyTransport.connectToChannelsLight(NettyTransport.java:954)
	at org.elasticsearch.transport.netty.NettyTransport.connectToNode(NettyTransport.java:918)
	at org.elasticsearch.transport.netty.NettyTransport.connectToNodeLight(NettyTransport.java:890)
	at org.elasticsearch.test.transport.MockTransportService$LookupTestTransport.connectToNodeLight(MockTransportService.java:413)
	at org.elasticsearch.transport.TransportService.connectToNodeLight(TransportService.java:242)
	at org.elasticsearch.discovery.zen.ping.unicast.UnicastZenPing$3.run(UnicastZenPing.java:395)
	at java.util.concurrent.ThreadPoolExecutor.runWorker(ThreadPoolExecutor.java:1142)
	at java.util.concurrent.ThreadPoolExecutor$Worker.run(ThreadPoolExecutor.java:617)
	at java.lang.Thread.run(Thread.java:745)
Caused by: java.net.ConnectException: Connection refused: /127.0.0.1:9424
	at sun.nio.ch.SocketChannelImpl.checkConnect(Native Method)
	at sun.nio.ch.SocketChannelImpl.finishConnect(SocketChannelImpl.java:712)
	at org.jboss.netty.channel.socket.nio.NioClientBoss.connect(NioClientBoss.java:152)
	at org.jboss.netty.channel.socket.nio.NioClientBoss.processSelectedKeys(NioClientBoss.java:105)
	at org.jboss.netty.channel.socket.nio.NioClientBoss.process(NioClientBoss.java:79)
	at org.jboss.netty.channel.socket.nio.AbstractNioSelector.run(AbstractNioSelector.java:337)
	at org.jboss.netty.channel.socket.nio.NioClientBoss.run(NioClientBoss.java:42)
	at org.jboss.netty.util.ThreadRenamingRunnable.run(ThreadRenamingRunnable.java:108)
	at org.jboss.netty.util.internal.DeadLockProofWorker$1.run(DeadLockProofWorker.java:42)
	... 3 more
[2016-03-29 17:29:44,163][TRACE][org.elasticsearch.discovery.zen.ping.unicast] [node_t0] [5] failed to connect to {#zen_unicast_10#}{::1}{[::1]:9424}
ConnectTransportException[[][[::1]:9424] connect_timeout[30s]]; nested: ConnectException[Connection refused: /0:0:0:0:0:0:0:1:9424];
	at org.elasticsearch.transport.netty.NettyTransport.connectToChannelsLight(NettyTransport.java:954)
	at org.elasticsearch.transport.netty.NettyTransport.connectToNode(NettyTransport.java:918)
	at org.elasticsearch.transport.netty.NettyTransport.connectToNodeLight(NettyTransport.java:890)
	at org.elasticsearch.test.transport.MockTransportService$LookupTestTransport.connectToNodeLight(MockTransportService.java:413)
	at org.elasticsearch.transport.TransportService.connectToNodeLight(TransportService.java:242)
	at org.elasticsearch.discovery.zen.ping.unicast.UnicastZenPing$3.run(UnicastZenPing.java:395)
	at java.util.concurrent.ThreadPoolExecutor.runWorker(ThreadPoolExecutor.java:1142)
	at java.util.concurrent.ThreadPoolExecutor$Worker.run(ThreadPoolExecutor.java:617)
	at java.lang.Thread.run(Thread.java:745)
Caused by: java.net.ConnectException: Connection refused: /0:0:0:0:0:0:0:1:9424
	at sun.nio.ch.SocketChannelImpl.checkConnect(Native Method)
	at sun.nio.ch.SocketChannelImpl.finishConnect(SocketChannelImpl.java:712)
	at org.jboss.netty.channel.socket.nio.NioClientBoss.connect(NioClientBoss.java:152)
	at org.jboss.netty.channel.socket.nio.NioClientBoss.processSelectedKeys(NioClientBoss.java:105)
	at org.jboss.netty.channel.socket.nio.NioClientBoss.process(NioClientBoss.java:79)
	at org.jboss.netty.channel.socket.nio.AbstractNioSelector.run(AbstractNioSelector.java:337)
	at org.jboss.netty.channel.socket.nio.NioClientBoss.run(NioClientBoss.java:42)
	at org.jboss.netty.util.ThreadRenamingRunnable.run(ThreadRenamingRunnable.java:108)
	at org.jboss.netty.util.internal.DeadLockProofWorker$1.run(DeadLockProofWorker.java:42)
	... 3 more
[2016-03-29 17:29:44,163][TRACE][org.elasticsearch.discovery.zen.ping.unicast] [node_t0] [5] received response from {#zen_unicast_6#}{::1}{[::1]:9420}: [ping_response{node [{node_t2}{F-u4jQqMTgCSFvClNNIaBA}{127.0.0.1}{127.0.0.1:9421}[mode=>network]], id[660], master [null], hasJoinedOnce [false], cluster_name[TEST-CHILD_VM=[0]-CLUSTER_SEED=[-8106659381411338889]-HASH=[14406DC76783A180]-cluster]}, ping_response{node [{node_t2}{F-u4jQqMTgCSFvClNNIaBA}{127.0.0.1}{127.0.0.1:9421}[mode=>network]], id[660], master [null], hasJoinedOnce [false], cluster_name[TEST-CHILD_VM=[0]-CLUSTER_SEED=[-8106659381411338889]-HASH=[14406DC76783A180]-cluster]}, ping_response{node [{node_t2}{F-u4jQqMTgCSFvClNNIaBA}{127.0.0.1}{127.0.0.1:9421}[mode=>network]], id[660], master [null], hasJoinedOnce [false], cluster_name[TEST-CHILD_VM=[0]-CLUSTER_SEED=[-8106659381411338889]-HASH=[14406DC76783A180]-cluster]}, ping_response{node [{node_t0}{nMu_6boQR--7IGHETEaC6A}{127.0.0.1}{127.0.0.1:9420}[mode=>network]], id[667], master [null], hasJoinedOnce [true], cluster_name[TEST-CHILD_VM=[0]-CLUSTER_SEED=[-8106659381411338889]-HASH=[14406DC76783A180]-cluster]}, ping_response{node [{node_t0}{nMu_6boQR--7IGHETEaC6A}{127.0.0.1}{127.0.0.1:9420}[mode=>network]], id[667], master [null], hasJoinedOnce [true], cluster_name[TEST-CHILD_VM=[0]-CLUSTER_SEED=[-8106659381411338889]-HASH=[14406DC76783A180]-cluster]}, ping_response{node [{node_t0}{nMu_6boQR--7IGHETEaC6A}{127.0.0.1}{127.0.0.1:9420}[mode=>network]], id[667], master [null], hasJoinedOnce [true], cluster_name[TEST-CHILD_VM=[0]-CLUSTER_SEED=[-8106659381411338889]-HASH=[14406DC76783A180]-cluster]}, ping_response{node [{node_t2}{F-u4jQqMTgCSFvClNNIaBA}{127.0.0.1}{127.0.0.1:9421}[mode=>network]], id[674], master [null], hasJoinedOnce [false], cluster_name[TEST-CHILD_VM=[0]-CLUSTER_SEED=[-8106659381411338889]-HASH=[14406DC76783A180]-cluster]}, ping_response{node [{node_t2}{F-u4jQqMTgCSFvClNNIaBA}{127.0.0.1}{127.0.0.1:9421}[mode=>network]], id[674], master [null], hasJoinedOnce [false], cluster_name[TEST-CHILD_VM=[0]-CLUSTER_SEED=[-8106659381411338889]-HASH=[14406DC76783A180]-cluster]}, ping_response{node [{node_t2}{F-u4jQqMTgCSFvClNNIaBA}{127.0.0.1}{127.0.0.1:9421}[mode=>network]], id[674], master [null], hasJoinedOnce [false], cluster_name[TEST-CHILD_VM=[0]-CLUSTER_SEED=[-8106659381411338889]-HASH=[14406DC76783A180]-cluster]}, ping_response{node [{node_t0}{nMu_6boQR--7IGHETEaC6A}{127.0.0.1}{127.0.0.1:9420}[mode=>network]], id[681], master [{node_t0}{nMu_6boQR--7IGHETEaC6A}{127.0.0.1}{127.0.0.1:9420}[mode=>network]], hasJoinedOnce [true], cluster_name[TEST-CHILD_VM=[0]-CLUSTER_SEED=[-8106659381411338889]-HASH=[14406DC76783A180]-cluster]}, ping_response{node [{node_t0}{nMu_6boQR--7IGHETEaC6A}{127.0.0.1}{127.0.0.1:9420}[mode=>network]], id[681], master [{node_t0}{nMu_6boQR--7IGHETEaC6A}{127.0.0.1}{127.0.0.1:9420}[mode=>network]], hasJoinedOnce [true], cluster_name[TEST-CHILD_VM=[0]-CLUSTER_SEED=[-8106659381411338889]-HASH=[14406DC76783A180]-cluster]}, ping_response{node [{node_t0}{nMu_6boQR--7IGHETEaC6A}{127.0.0.1}{127.0.0.1:9420}[mode=>network]], id[681], master [{node_t0}{nMu_6boQR--7IGHETEaC6A}{127.0.0.1}{127.0.0.1:9420}[mode=>network]], hasJoinedOnce [true], cluster_name[TEST-CHILD_VM=[0]-CLUSTER_SEED=[-8106659381411338889]-HASH=[14406DC76783A180]-cluster]}, ping_response{node [{node_t3}{EJh5pphuTEuwcvfHnM8dCQ}{127.0.0.1}{127.0.0.1:9421}[mode=>network]], id[685], master [null], hasJoinedOnce [false], cluster_name[TEST-CHILD_VM=[0]-CLUSTER_SEED=[-8106659381411338889]-HASH=[14406DC76783A180]-cluster]}, ping_response{node [{node_t3}{EJh5pphuTEuwcvfHnM8dCQ}{127.0.0.1}{127.0.0.1:9421}[mode=>network]], id[685], master [null], hasJoinedOnce [false], cluster_name[TEST-CHILD_VM=[0]-CLUSTER_SEED=[-8106659381411338889]-HASH=[14406DC76783A180]-cluster]}, ping_response{node [{node_t0}{nMu_6boQR--7IGHETEaC6A}{127.0.0.1}{127.0.0.1:9420}[mode=>network]], id[691], master [null], hasJoinedOnce [true], cluster_name[TEST-CHILD_VM=[0]-CLUSTER_SEED=[-8106659381411338889]-HASH=[14406DC76783A180]-cluster]}, ping_response{node [{node_t0}{nMu_6boQR--7IGHETEaC6A}{127.0.0.1}{127.0.0.1:9420}[mode=>network]], id[691], master [null], hasJoinedOnce [true], cluster_name[TEST-CHILD_VM=[0]-CLUSTER_SEED=[-8106659381411338889]-HASH=[14406DC76783A180]-cluster]}, ping_response{node [{node_t0}{nMu_6boQR--7IGHETEaC6A}{127.0.0.1}{127.0.0.1:9420}[mode=>network]], id[693], master [null], hasJoinedOnce [true], cluster_name[TEST-CHILD_VM=[0]-CLUSTER_SEED=[-8106659381411338889]-HASH=[14406DC76783A180]-cluster]}]
[2016-03-29 17:29:44,163][TRACE][org.elasticsearch.discovery.zen.ping.unicast] [node_t0] [5] failed to connect to {#zen_unicast_3#}{127.0.0.1}{127.0.0.1:9422}
ConnectTransportException[[][127.0.0.1:9422] connect_timeout[30s]]; nested: ConnectException[Connection refused: /127.0.0.1:9422];
	at org.elasticsearch.transport.netty.NettyTransport.connectToChannelsLight(NettyTransport.java:954)
	at org.elasticsearch.transport.netty.NettyTransport.connectToNode(NettyTransport.java:918)
	at org.elasticsearch.transport.netty.NettyTransport.connectToNodeLight(NettyTransport.java:890)
	at org.elasticsearch.test.transport.MockTransportService$LookupTestTransport.connectToNodeLight(MockTransportService.java:413)
	at org.elasticsearch.transport.TransportService.connectToNodeLight(TransportService.java:242)
	at org.elasticsearch.discovery.zen.ping.unicast.UnicastZenPing$3.run(UnicastZenPing.java:395)
	at java.util.concurrent.ThreadPoolExecutor.runWorker(ThreadPoolExecutor.java:1142)
	at java.util.concurrent.ThreadPoolExecutor$Worker.run(ThreadPoolExecutor.java:617)
	at java.lang.Thread.run(Thread.java:745)
Caused by: java.net.ConnectException: Connection refused: /127.0.0.1:9422
	at sun.nio.ch.SocketChannelImpl.checkConnect(Native Method)
	at sun.nio.ch.SocketChannelImpl.finishConnect(SocketChannelImpl.java:712)
	at org.jboss.netty.channel.socket.nio.NioClientBoss.connect(NioClientBoss.java:152)
	at org.jboss.netty.channel.socket.nio.NioClientBoss.processSelectedKeys(NioClientBoss.java:105)
	at org.jboss.netty.channel.socket.nio.NioClientBoss.process(NioClientBoss.java:79)
	at org.jboss.netty.channel.socket.nio.AbstractNioSelector.run(AbstractNioSelector.java:337)
	at org.jboss.netty.channel.socket.nio.NioClientBoss.run(NioClientBoss.java:42)
	at org.jboss.netty.util.ThreadRenamingRunnable.run(ThreadRenamingRunnable.java:108)
	at org.jboss.netty.util.internal.DeadLockProofWorker$1.run(DeadLockProofWorker.java:42)
	... 3 more
[2016-03-29 17:29:44,164][TRACE][org.elasticsearch.discovery.zen.ping.unicast] [node_t0] [5] connected to {#zen_unicast_2#}{127.0.0.1}{127.0.0.1:9421}
[2016-03-29 17:29:44,164][TRACE][org.elasticsearch.discovery.zen.ping.unicast] [node_t0] [5] sending to {#zen_unicast_2#}{127.0.0.1}{127.0.0.1:9421}
[2016-03-29 17:29:44,164][TRACE][org.elasticsearch.discovery.zen.ping.unicast] [node_t0] [5] connected to {#zen_unicast_7#}{::1}{[::1]:9421}
[2016-03-29 17:29:44,164][TRACE][org.elasticsearch.discovery.zen.ping.unicast] [node_t0] [5] connected to {node_t2}{F-u4jQqMTgCSFvClNNIaBA}{127.0.0.1}{127.0.0.1:9421}[mode=>network]
[2016-03-29 17:29:44,164][TRACE][org.elasticsearch.discovery.zen.ping.unicast] [node_t0] [5] sending to {#zen_unicast_15_F-u4jQqMTgCSFvClNNIaBA#}{127.0.0.1}{127.0.0.1:9421}[mode=>network]
[2016-03-29 17:29:44,164][TRACE][org.elasticsearch.discovery.zen.ping.unicast] [node_t0] [5] connected to {node_t3}{EJh5pphuTEuwcvfHnM8dCQ}{127.0.0.1}{127.0.0.1:9421}[mode=>network]
[2016-03-29 17:29:44,163][TRACE][org.elasticsearch.discovery.zen.ping.unicast] [node_t0] [5] failed to connect to {#zen_unicast_9#}{::1}{[::1]:9423}
ConnectTransportException[[][[::1]:9423] connect_timeout[30s]]; nested: ConnectException[Connection refused: /0:0:0:0:0:0:0:1:9423];
	at org.elasticsearch.transport.netty.NettyTransport.connectToChannelsLight(NettyTransport.java:954)
	at org.elasticsearch.transport.netty.NettyTransport.connectToNode(NettyTransport.java:918)
	at org.elasticsearch.transport.netty.NettyTransport.connectToNodeLight(NettyTransport.java:890)
	at org.elasticsearch.test.transport.MockTransportService$LookupTestTransport.connectToNodeLight(MockTransportService.java:413)
	at org.elasticsearch.transport.TransportService.connectToNodeLight(TransportService.java:242)
	at org.elasticsearch.discovery.zen.ping.unicast.UnicastZenPing$3.run(UnicastZenPing.java:395)
	at java.util.concurrent.ThreadPoolExecutor.runWorker(ThreadPoolExecutor.java:1142)
	at java.util.concurrent.ThreadPoolExecutor$Worker.run(ThreadPoolExecutor.java:617)
	at java.lang.Thread.run(Thread.java:745)
Caused by: java.net.ConnectException: Connection refused: /0:0:0:0:0:0:0:1:9423
	at sun.nio.ch.SocketChannelImpl.checkConnect(Native Method)
	at sun.nio.ch.SocketChannelImpl.finishConnect(SocketChannelImpl.java:712)
	at org.jboss.netty.channel.socket.nio.NioClientBoss.connect(NioClientBoss.java:152)
	at org.jboss.netty.channel.socket.nio.NioClientBoss.processSelectedKeys(NioClientBoss.java:105)
	at org.jboss.netty.channel.socket.nio.NioClientBoss.process(NioClientBoss.java:79)
	at org.jboss.netty.channel.socket.nio.AbstractNioSelector.run(AbstractNioSelector.java:337)
	at org.jboss.netty.channel.socket.nio.NioClientBoss.run(NioClientBoss.java:42)
	at org.jboss.netty.util.ThreadRenamingRunnable.run(ThreadRenamingRunnable.java:108)
	at org.jboss.netty.util.internal.DeadLockProofWorker$1.run(DeadLockProofWorker.java:42)
	... 3 more
[2016-03-29 17:29:44,163][TRACE][org.elasticsearch.discovery.zen.ping.unicast] [node_t0] [5] failed to connect to {#zen_unicast_8#}{::1}{[::1]:9422}
ConnectTransportException[[][[::1]:9422] connect_timeout[30s]]; nested: ConnectException[Connection refused: /0:0:0:0:0:0:0:1:9422];
	at org.elasticsearch.transport.netty.NettyTransport.connectToChannelsLight(NettyTransport.java:954)
	at org.elasticsearch.transport.netty.NettyTransport.connectToNode(NettyTransport.java:918)
	at org.elasticsearch.transport.netty.NettyTransport.connectToNodeLight(NettyTransport.java:890)
	at org.elasticsearch.test.transport.MockTransportService$LookupTestTransport.connectToNodeLight(MockTransportService.java:413)
	at org.elasticsearch.transport.TransportService.connectToNodeLight(TransportService.java:242)
	at org.elasticsearch.discovery.zen.ping.unicast.UnicastZenPing$3.run(UnicastZenPing.java:395)
	at java.util.concurrent.ThreadPoolExecutor.runWorker(ThreadPoolExecutor.java:1142)
	at java.util.concurrent.ThreadPoolExecutor$Worker.run(ThreadPoolExecutor.java:617)
	at java.lang.Thread.run(Thread.java:745)
Caused by: java.net.ConnectException: Connection refused: /0:0:0:0:0:0:0:1:9422
	at sun.nio.ch.SocketChannelImpl.checkConnect(Native Method)
	at sun.nio.ch.SocketChannelImpl.finishConnect(SocketChannelImpl.java:712)
	at org.jboss.netty.channel.socket.nio.NioClientBoss.connect(NioClientBoss.java:152)
	at org.jboss.netty.channel.socket.nio.NioClientBoss.processSelectedKeys(NioClientBoss.java:105)
	at org.jboss.netty.channel.socket.nio.NioClientBoss.process(NioClientBoss.java:79)
	at org.jboss.netty.channel.socket.nio.AbstractNioSelector.run(AbstractNioSelector.java:337)
	at org.jboss.netty.channel.socket.nio.NioClientBoss.run(NioClientBoss.java:42)
	at org.jboss.netty.util.ThreadRenamingRunnable.run(ThreadRenamingRunnable.java:108)
	at org.jboss.netty.util.internal.DeadLockProofWorker$1.run(DeadLockProofWorker.java:42)
	... 3 more
[2016-03-29 17:29:44,163][TRACE][org.elasticsearch.discovery.zen.ping.unicast] [node_t0] [5] failed to connect to {#zen_unicast_4#}{127.0.0.1}{127.0.0.1:9423}
ConnectTransportException[[][127.0.0.1:9423] connect_timeout[30s]]; nested: ConnectException[Connection refused: /127.0.0.1:9423];
	at org.elasticsearch.transport.netty.NettyTransport.connectToChannelsLight(NettyTransport.java:954)
	at org.elasticsearch.transport.netty.NettyTransport.connectToNode(NettyTransport.java:918)
	at org.elasticsearch.transport.netty.NettyTransport.connectToNodeLight(NettyTransport.java:890)
	at org.elasticsearch.test.transport.MockTransportService$LookupTestTransport.connectToNodeLight(MockTransportService.java:413)
	at org.elasticsearch.transport.TransportService.connectToNodeLight(TransportService.java:242)
	at org.elasticsearch.discovery.zen.ping.unicast.UnicastZenPing$3.run(UnicastZenPing.java:395)
	at java.util.concurrent.ThreadPoolExecutor.runWorker(ThreadPoolExecutor.java:1142)
	at java.util.concurrent.ThreadPoolExecutor$Worker.run(ThreadPoolExecutor.java:617)
	at java.lang.Thread.run(Thread.java:745)
Caused by: java.net.ConnectException: Connection refused: /127.0.0.1:9423
	at sun.nio.ch.SocketChannelImpl.checkConnect(Native Method)
	at sun.nio.ch.SocketChannelImpl.finishConnect(SocketChannelImpl.java:712)
	at org.jboss.netty.channel.socket.nio.NioClientBoss.connect(NioClientBoss.java:152)
	at org.jboss.netty.channel.socket.nio.NioClientBoss.processSelectedKeys(NioClientBoss.java:105)
	at org.jboss.netty.channel.socket.nio.NioClientBoss.process(NioClientBoss.java:79)
	at org.jboss.netty.channel.socket.nio.AbstractNioSelector.run(AbstractNioSelector.java:337)
	at org.jboss.netty.channel.socket.nio.NioClientBoss.run(NioClientBoss.java:42)
	at org.jboss.netty.util.ThreadRenamingRunnable.run(ThreadRenamingRunnable.java:108)
	at org.jboss.netty.util.internal.DeadLockProofWorker$1.run(DeadLockProofWorker.java:42)
	... 3 more
[2016-03-29 17:29:44,165][TRACE][org.elasticsearch.discovery.zen.ping.unicast] [node_t0] [5] received response from {#zen_unicast_2#}{127.0.0.1}{127.0.0.1:9421}: [ping_response{node [{node_t3}{EJh5pphuTEuwcvfHnM8dCQ}{127.0.0.1}{127.0.0.1:9421}[mode=>network]], id[685], master [null], hasJoinedOnce [false], cluster_name[TEST-CHILD_VM=[0]-CLUSTER_SEED=[-8106659381411338889]-HASH=[14406DC76783A180]-cluster]}, ping_response{node [{node_t3}{EJh5pphuTEuwcvfHnM8dCQ}{127.0.0.1}{127.0.0.1:9421}[mode=>network]], id[685], master [null], hasJoinedOnce [false], cluster_name[TEST-CHILD_VM=[0]-CLUSTER_SEED=[-8106659381411338889]-HASH=[14406DC76783A180]-cluster]}, ping_response{node [{node_t3}{EJh5pphuTEuwcvfHnM8dCQ}{127.0.0.1}{127.0.0.1:9421}[mode=>network]], id[685], master [null], hasJoinedOnce [false], cluster_name[TEST-CHILD_VM=[0]-CLUSTER_SEED=[-8106659381411338889]-HASH=[14406DC76783A180]-cluster]}, ping_response{node [{node_t0}{nMu_6boQR--7IGHETEaC6A}{127.0.0.1}{127.0.0.1:9420}[mode=>network]], id[691], master [null], hasJoinedOnce [true], cluster_name[TEST-CHILD_VM=[0]-CLUSTER_SEED=[-8106659381411338889]-HASH=[14406DC76783A180]-cluster]}, ping_response{node [{node_t3}{EJh5pphuTEuwcvfHnM8dCQ}{127.0.0.1}{127.0.0.1:9421}[mode=>network]], id[695], master [null], hasJoinedOnce [false], cluster_name[TEST-CHILD_VM=[0]-CLUSTER_SEED=[-8106659381411338889]-HASH=[14406DC76783A180]-cluster]}]
[2016-03-29 17:29:44,164][TRACE][org.elasticsearch.discovery.zen.ping.unicast] [node_t0] [5] sending to {#zen_unicast_14_EJh5pphuTEuwcvfHnM8dCQ#}{127.0.0.1}{127.0.0.1:9421}[mode=>network]
[2016-03-29 17:29:44,165][TRACE][org.elasticsearch.discovery.zen.ping.unicast] [node_t0] [5] received response from {#zen_unicast_15_F-u4jQqMTgCSFvClNNIaBA#}{127.0.0.1}{127.0.0.1:9421}[mode=>network]: [ping_response{node [{node_t3}{EJh5pphuTEuwcvfHnM8dCQ}{127.0.0.1}{127.0.0.1:9421}[mode=>network]], id[685], master [null], hasJoinedOnce [false], cluster_name[TEST-CHILD_VM=[0]-CLUSTER_SEED=[-8106659381411338889]-HASH=[14406DC76783A180]-cluster]}, ping_response{node [{node_t3}{EJh5pphuTEuwcvfHnM8dCQ}{127.0.0.1}{127.0.0.1:9421}[mode=>network]], id[685], master [null], hasJoinedOnce [false], cluster_name[TEST-CHILD_VM=[0]-CLUSTER_SEED=[-8106659381411338889]-HASH=[14406DC76783A180]-cluster]}, ping_response{node [{node_t3}{EJh5pphuTEuwcvfHnM8dCQ}{127.0.0.1}{127.0.0.1:9421}[mode=>network]], id[685], master [null], hasJoinedOnce [false], cluster_name[TEST-CHILD_VM=[0]-CLUSTER_SEED=[-8106659381411338889]-HASH=[14406DC76783A180]-cluster]}, ping_response{node [{node_t0}{nMu_6boQR--7IGHETEaC6A}{127.0.0.1}{127.0.0.1:9420}[mode=>network]], id[691], master [null], hasJoinedOnce [true], cluster_name[TEST-CHILD_VM=[0]-CLUSTER_SEED=[-8106659381411338889]-HASH=[14406DC76783A180]-cluster]}, ping_response{node [{node_t0}{nMu_6boQR--7IGHETEaC6A}{127.0.0.1}{127.0.0.1:9420}[mode=>network]], id[691], master [null], hasJoinedOnce [true], cluster_name[TEST-CHILD_VM=[0]-CLUSTER_SEED=[-8106659381411338889]-HASH=[14406DC76783A180]-cluster]}, ping_response{node [{node_t3}{EJh5pphuTEuwcvfHnM8dCQ}{127.0.0.1}{127.0.0.1:9421}[mode=>network]], id[696], master [null], hasJoinedOnce [false], cluster_name[TEST-CHILD_VM=[0]-CLUSTER_SEED=[-8106659381411338889]-HASH=[14406DC76783A180]-cluster]}]
[2016-03-29 17:29:44,164][TRACE][org.elasticsearch.discovery.zen.ping.unicast] [node_t0] [5] sending to {#zen_unicast_7#}{::1}{[::1]:9421}
[2016-03-29 17:29:44,166][TRACE][org.elasticsearch.discovery.zen.ping.unicast] [node_t0] [5] received response from {#zen_unicast_7#}{::1}{[::1]:9421}: [ping_response{node [{node_t3}{EJh5pphuTEuwcvfHnM8dCQ}{127.0.0.1}{127.0.0.1:9421}[mode=>network]], id[685], master [null], hasJoinedOnce [false], cluster_name[TEST-CHILD_VM=[0]-CLUSTER_SEED=[-8106659381411338889]-HASH=[14406DC76783A180]-cluster]}, ping_response{node [{node_t3}{EJh5pphuTEuwcvfHnM8dCQ}{127.0.0.1}{127.0.0.1:9421}[mode=>network]], id[685], master [null], hasJoinedOnce [false], cluster_name[TEST-CHILD_VM=[0]-CLUSTER_SEED=[-8106659381411338889]-HASH=[14406DC76783A180]-cluster]}, ping_response{node [{node_t3}{EJh5pphuTEuwcvfHnM8dCQ}{127.0.0.1}{127.0.0.1:9421}[mode=>network]], id[685], master [null], hasJoinedOnce [false], cluster_name[TEST-CHILD_VM=[0]-CLUSTER_SEED=[-8106659381411338889]-HASH=[14406DC76783A180]-cluster]}, ping_response{node [{node_t0}{nMu_6boQR--7IGHETEaC6A}{127.0.0.1}{127.0.0.1:9420}[mode=>network]], id[691], master [null], hasJoinedOnce [true], cluster_name[TEST-CHILD_VM=[0]-CLUSTER_SEED=[-8106659381411338889]-HASH=[14406DC76783A180]-cluster]}, ping_response{node [{node_t0}{nMu_6boQR--7IGHETEaC6A}{127.0.0.1}{127.0.0.1:9420}[mode=>network]], id[691], master [null], hasJoinedOnce [true], cluster_name[TEST-CHILD_VM=[0]-CLUSTER_SEED=[-8106659381411338889]-HASH=[14406DC76783A180]-cluster]}, ping_response{node [{node_t0}{nMu_6boQR--7IGHETEaC6A}{127.0.0.1}{127.0.0.1:9420}[mode=>network]], id[691], master [null], hasJoinedOnce [true], cluster_name[TEST-CHILD_VM=[0]-CLUSTER_SEED=[-8106659381411338889]-HASH=[14406DC76783A180]-cluster]}, ping_response{node [{node_t3}{EJh5pphuTEuwcvfHnM8dCQ}{127.0.0.1}{127.0.0.1:9421}[mode=>network]], id[697], master [null], hasJoinedOnce [false], cluster_name[TEST-CHILD_VM=[0]-CLUSTER_SEED=[-8106659381411338889]-HASH=[14406DC76783A180]-cluster]}]
[2016-03-29 17:29:44,166][TRACE][org.elasticsearch.discovery.zen.ping.unicast] [node_t0] [5] received response from {#zen_unicast_14_EJh5pphuTEuwcvfHnM8dCQ#}{127.0.0.1}{127.0.0.1:9421}[mode=>network]: [ping_response{node [{node_t3}{EJh5pphuTEuwcvfHnM8dCQ}{127.0.0.1}{127.0.0.1:9421}[mode=>network]], id[685], master [null], hasJoinedOnce [false], cluster_name[TEST-CHILD_VM=[0]-CLUSTER_SEED=[-8106659381411338889]-HASH=[14406DC76783A180]-cluster]}, ping_response{node [{node_t3}{EJh5pphuTEuwcvfHnM8dCQ}{127.0.0.1}{127.0.0.1:9421}[mode=>network]], id[685], master [null], hasJoinedOnce [false], cluster_name[TEST-CHILD_VM=[0]-CLUSTER_SEED=[-8106659381411338889]-HASH=[14406DC76783A180]-cluster]}, ping_response{node [{node_t3}{EJh5pphuTEuwcvfHnM8dCQ}{127.0.0.1}{127.0.0.1:9421}[mode=>network]], id[685], master [null], hasJoinedOnce [false], cluster_name[TEST-CHILD_VM=[0]-CLUSTER_SEED=[-8106659381411338889]-HASH=[14406DC76783A180]-cluster]}, ping_response{node [{node_t0}{nMu_6boQR--7IGHETEaC6A}{127.0.0.1}{127.0.0.1:9420}[mode=>network]], id[691], master [null], hasJoinedOnce [true], cluster_name[TEST-CHILD_VM=[0]-CLUSTER_SEED=[-8106659381411338889]-HASH=[14406DC76783A180]-cluster]}, ping_response{node [{node_t0}{nMu_6boQR--7IGHETEaC6A}{127.0.0.1}{127.0.0.1:9420}[mode=>network]], id[691], master [null], hasJoinedOnce [true], cluster_name[TEST-CHILD_VM=[0]-CLUSTER_SEED=[-8106659381411338889]-HASH=[14406DC76783A180]-cluster]}, ping_response{node [{node_t0}{nMu_6boQR--7IGHETEaC6A}{127.0.0.1}{127.0.0.1:9420}[mode=>network]], id[691], master [null], hasJoinedOnce [true], cluster_name[TEST-CHILD_VM=[0]-CLUSTER_SEED=[-8106659381411338889]-HASH=[14406DC76783A180]-cluster]}, ping_response{node [{node_t0}{nMu_6boQR--7IGHETEaC6A}{127.0.0.1}{127.0.0.1:9420}[mode=>network]], id[691], master [null], hasJoinedOnce [true], cluster_name[TEST-CHILD_VM=[0]-CLUSTER_SEED=[-8106659381411338889]-HASH=[14406DC76783A180]-cluster]}, ping_response{node [{node_t3}{EJh5pphuTEuwcvfHnM8dCQ}{127.0.0.1}{127.0.0.1:9421}[mode=>network]], id[698], master [null], hasJoinedOnce [false], cluster_name[TEST-CHILD_VM=[0]-CLUSTER_SEED=[-8106659381411338889]-HASH=[14406DC76783A180]-cluster]}]
[2016-03-29 17:29:44,231][TRACE][org.elasticsearch.discovery.zen.ping.unicast] [node_t3] [1] sending to {#zen_unicast_1#}{127.0.0.1}{127.0.0.1:9420}
[2016-03-29 17:29:44,231][TRACE][org.elasticsearch.discovery.zen.ping.unicast] [node_t3] [1] sending to {node_t3}{EJh5pphuTEuwcvfHnM8dCQ}{127.0.0.1}{127.0.0.1:9421}[mode=>network]
[2016-03-29 17:29:44,231][TRACE][org.elasticsearch.discovery.zen.ping.unicast] [node_t3] [1] received response from {node_t3}{EJh5pphuTEuwcvfHnM8dCQ}{127.0.0.1}{127.0.0.1:9421}[mode=>network]: [ping_response{node [{node_t3}{EJh5pphuTEuwcvfHnM8dCQ}{127.0.0.1}{127.0.0.1:9421}[mode=>network]], id[685], master [null], hasJoinedOnce [false], cluster_name[TEST-CHILD_VM=[0]-CLUSTER_SEED=[-8106659381411338889]-HASH=[14406DC76783A180]-cluster]}, ping_response{node [{node_t3}{EJh5pphuTEuwcvfHnM8dCQ}{127.0.0.1}{127.0.0.1:9421}[mode=>network]], id[685], master [null], hasJoinedOnce [false], cluster_name[TEST-CHILD_VM=[0]-CLUSTER_SEED=[-8106659381411338889]-HASH=[14406DC76783A180]-cluster]}, ping_response{node [{node_t3}{EJh5pphuTEuwcvfHnM8dCQ}{127.0.0.1}{127.0.0.1:9421}[mode=>network]], id[685], master [null], hasJoinedOnce [false], cluster_name[TEST-CHILD_VM=[0]-CLUSTER_SEED=[-8106659381411338889]-HASH=[14406DC76783A180]-cluster]}, ping_response{node [{node_t0}{nMu_6boQR--7IGHETEaC6A}{127.0.0.1}{127.0.0.1:9420}[mode=>network]], id[691], master [null], hasJoinedOnce [true], cluster_name[TEST-CHILD_VM=[0]-CLUSTER_SEED=[-8106659381411338889]-HASH=[14406DC76783A180]-cluster]}, ping_response{node [{node_t0}{nMu_6boQR--7IGHETEaC6A}{127.0.0.1}{127.0.0.1:9420}[mode=>network]], id[691], master [null], hasJoinedOnce [true], cluster_name[TEST-CHILD_VM=[0]-CLUSTER_SEED=[-8106659381411338889]-HASH=[14406DC76783A180]-cluster]}, ping_response{node [{node_t0}{nMu_6boQR--7IGHETEaC6A}{127.0.0.1}{127.0.0.1:9420}[mode=>network]], id[691], master [null], hasJoinedOnce [true], cluster_name[TEST-CHILD_VM=[0]-CLUSTER_SEED=[-8106659381411338889]-HASH=[14406DC76783A180]-cluster]}, ping_response{node [{node_t0}{nMu_6boQR--7IGHETEaC6A}{127.0.0.1}{127.0.0.1:9420}[mode=>network]], id[691], master [null], hasJoinedOnce [true], cluster_name[TEST-CHILD_VM=[0]-CLUSTER_SEED=[-8106659381411338889]-HASH=[14406DC76783A180]-cluster]}, ping_response{node [{node_t3}{EJh5pphuTEuwcvfHnM8dCQ}{127.0.0.1}{127.0.0.1:9421}[mode=>network]], id[699], master [null], hasJoinedOnce [false], cluster_name[TEST-CHILD_VM=[0]-CLUSTER_SEED=[-8106659381411338889]-HASH=[14406DC76783A180]-cluster]}, ping_response{node [{node_t3}{EJh5pphuTEuwcvfHnM8dCQ}{127.0.0.1}{127.0.0.1:9421}[mode=>network]], id[700], master [null], hasJoinedOnce [false], cluster_name[TEST-CHILD_VM=[0]-CLUSTER_SEED=[-8106659381411338889]-HASH=[14406DC76783A180]-cluster]}]
[2016-03-29 17:29:44,231][TRACE][org.elasticsearch.discovery.zen.ping.unicast] [node_t3] [1] connecting (light) to {#zen_unicast_3#}{127.0.0.1}{127.0.0.1:9422}
[2016-03-29 17:29:44,231][TRACE][org.elasticsearch.discovery.zen.ping.unicast] [node_t3] [1] connecting (light) to {#zen_unicast_4#}{127.0.0.1}{127.0.0.1:9423}
[2016-03-29 17:29:44,231][TRACE][org.elasticsearch.discovery.zen.ping.unicast] [node_t3] [1] sending to {#zen_unicast_6#}{::1}{[::1]:9420}
[2016-03-29 17:29:44,231][TRACE][org.elasticsearch.discovery.zen.ping.unicast] [node_t3] [1] connecting (light) to {#zen_unicast_5#}{127.0.0.1}{127.0.0.1:9424}
[2016-03-29 17:29:44,231][TRACE][org.elasticsearch.discovery.zen.ping.unicast] [node_t3] [1] received response from {#zen_unicast_1#}{127.0.0.1}{127.0.0.1:9420}: [ping_response{node [{node_t0}{nMu_6boQR--7IGHETEaC6A}{127.0.0.1}{127.0.0.1:9420}[mode=>network]], id[667], master [null], hasJoinedOnce [true], cluster_name[TEST-CHILD_VM=[0]-CLUSTER_SEED=[-8106659381411338889]-HASH=[14406DC76783A180]-cluster]}, ping_response{node [{node_t0}{nMu_6boQR--7IGHETEaC6A}{127.0.0.1}{127.0.0.1:9420}[mode=>network]], id[667], master [null], hasJoinedOnce [true], cluster_name[TEST-CHILD_VM=[0]-CLUSTER_SEED=[-8106659381411338889]-HASH=[14406DC76783A180]-cluster]}, ping_response{node [{node_t0}{nMu_6boQR--7IGHETEaC6A}{127.0.0.1}{127.0.0.1:9420}[mode=>network]], id[667], master [null], hasJoinedOnce [true], cluster_name[TEST-CHILD_VM=[0]-CLUSTER_SEED=[-8106659381411338889]-HASH=[14406DC76783A180]-cluster]}, ping_response{node [{node_t2}{F-u4jQqMTgCSFvClNNIaBA}{127.0.0.1}{127.0.0.1:9421}[mode=>network]], id[674], master [null], hasJoinedOnce [false], cluster_name[TEST-CHILD_VM=[0]-CLUSTER_SEED=[-8106659381411338889]-HASH=[14406DC76783A180]-cluster]}, ping_response{node [{node_t2}{F-u4jQqMTgCSFvClNNIaBA}{127.0.0.1}{127.0.0.1:9421}[mode=>network]], id[674], master [null], hasJoinedOnce [false], cluster_name[TEST-CHILD_VM=[0]-CLUSTER_SEED=[-8106659381411338889]-HASH=[14406DC76783A180]-cluster]}, ping_response{node [{node_t2}{F-u4jQqMTgCSFvClNNIaBA}{127.0.0.1}{127.0.0.1:9421}[mode=>network]], id[674], master [null], hasJoinedOnce [false], cluster_name[TEST-CHILD_VM=[0]-CLUSTER_SEED=[-8106659381411338889]-HASH=[14406DC76783A180]-cluster]}, ping_response{node [{node_t0}{nMu_6boQR--7IGHETEaC6A}{127.0.0.1}{127.0.0.1:9420}[mode=>network]], id[681], master [{node_t0}{nMu_6boQR--7IGHETEaC6A}{127.0.0.1}{127.0.0.1:9420}[mode=>network]], hasJoinedOnce [true], cluster_name[TEST-CHILD_VM=[0]-CLUSTER_SEED=[-8106659381411338889]-HASH=[14406DC76783A180]-cluster]}, ping_response{node [{node_t0}{nMu_6boQR--7IGHETEaC6A}{127.0.0.1}{127.0.0.1:9420}[mode=>network]], id[681], master [{node_t0}{nMu_6boQR--7IGHETEaC6A}{127.0.0.1}{127.0.0.1:9420}[mode=>network]], hasJoinedOnce [true], cluster_name[TEST-CHILD_VM=[0]-CLUSTER_SEED=[-8106659381411338889]-HASH=[14406DC76783A180]-cluster]}, ping_response{node [{node_t0}{nMu_6boQR--7IGHETEaC6A}{127.0.0.1}{127.0.0.1:9420}[mode=>network]], id[681], master [{node_t0}{nMu_6boQR--7IGHETEaC6A}{127.0.0.1}{127.0.0.1:9420}[mode=>network]], hasJoinedOnce [true], cluster_name[TEST-CHILD_VM=[0]-CLUSTER_SEED=[-8106659381411338889]-HASH=[14406DC76783A180]-cluster]}, ping_response{node [{node_t3}{EJh5pphuTEuwcvfHnM8dCQ}{127.0.0.1}{127.0.0.1:9421}[mode=>network]], id[685], master [null], hasJoinedOnce [false], cluster_name[TEST-CHILD_VM=[0]-CLUSTER_SEED=[-8106659381411338889]-HASH=[14406DC76783A180]-cluster]}, ping_response{node [{node_t3}{EJh5pphuTEuwcvfHnM8dCQ}{127.0.0.1}{127.0.0.1:9421}[mode=>network]], id[685], master [null], hasJoinedOnce [false], cluster_name[TEST-CHILD_VM=[0]-CLUSTER_SEED=[-8106659381411338889]-HASH=[14406DC76783A180]-cluster]}, ping_response{node [{node_t0}{nMu_6boQR--7IGHETEaC6A}{127.0.0.1}{127.0.0.1:9420}[mode=>network]], id[691], master [null], hasJoinedOnce [true], cluster_name[TEST-CHILD_VM=[0]-CLUSTER_SEED=[-8106659381411338889]-HASH=[14406DC76783A180]-cluster]}, ping_response{node [{node_t0}{nMu_6boQR--7IGHETEaC6A}{127.0.0.1}{127.0.0.1:9420}[mode=>network]], id[691], master [null], hasJoinedOnce [true], cluster_name[TEST-CHILD_VM=[0]-CLUSTER_SEED=[-8106659381411338889]-HASH=[14406DC76783A180]-cluster]}, ping_response{node [{node_t0}{nMu_6boQR--7IGHETEaC6A}{127.0.0.1}{127.0.0.1:9420}[mode=>network]], id[691], master [null], hasJoinedOnce [true], cluster_name[TEST-CHILD_VM=[0]-CLUSTER_SEED=[-8106659381411338889]-HASH=[14406DC76783A180]-cluster]}, ping_response{node [{node_t3}{EJh5pphuTEuwcvfHnM8dCQ}{127.0.0.1}{127.0.0.1:9421}[mode=>network]], id[699], master [null], hasJoinedOnce [false], cluster_name[TEST-CHILD_VM=[0]-CLUSTER_SEED=[-8106659381411338889]-HASH=[14406DC76783A180]-cluster]}, ping_response{node [{node_t0}{nMu_6boQR--7IGHETEaC6A}{127.0.0.1}{127.0.0.1:9420}[mode=>network]], id[701], master [null], hasJoinedOnce [true], cluster_name[TEST-CHILD_VM=[0]-CLUSTER_SEED=[-8106659381411338889]-HASH=[14406DC76783A180]-cluster]}]
[2016-03-29 17:29:44,232][TRACE][org.elasticsearch.discovery.zen.ping.unicast] [node_t3] [1] failed to connect to {#zen_unicast_3#}{127.0.0.1}{127.0.0.1:9422}
ConnectTransportException[[][127.0.0.1:9422] connect_timeout[30s]]; nested: ConnectException[Connection refused: /127.0.0.1:9422];
	at org.elasticsearch.transport.netty.NettyTransport.connectToChannelsLight(NettyTransport.java:954)
	at org.elasticsearch.transport.netty.NettyTransport.connectToNode(NettyTransport.java:918)
	at org.elasticsearch.transport.netty.NettyTransport.connectToNodeLight(NettyTransport.java:890)
	at org.elasticsearch.test.transport.MockTransportService$LookupTestTransport.connectToNodeLight(MockTransportService.java:413)
	at org.elasticsearch.transport.TransportService.connectToNodeLight(TransportService.java:242)
	at org.elasticsearch.discovery.zen.ping.unicast.UnicastZenPing$3.run(UnicastZenPing.java:395)
	at java.util.concurrent.ThreadPoolExecutor.runWorker(ThreadPoolExecutor.java:1142)
	at java.util.concurrent.ThreadPoolExecutor$Worker.run(ThreadPoolExecutor.java:617)
	at java.lang.Thread.run(Thread.java:745)
Caused by: java.net.ConnectException: Connection refused: /127.0.0.1:9422
	at sun.nio.ch.SocketChannelImpl.checkConnect(Native Method)
	at sun.nio.ch.SocketChannelImpl.finishConnect(SocketChannelImpl.java:712)
	at org.jboss.netty.channel.socket.nio.NioClientBoss.connect(NioClientBoss.java:152)
	at org.jboss.netty.channel.socket.nio.NioClientBoss.processSelectedKeys(NioClientBoss.java:105)
	at org.jboss.netty.channel.socket.nio.NioClientBoss.process(NioClientBoss.java:79)
	at org.jboss.netty.channel.socket.nio.AbstractNioSelector.run(AbstractNioSelector.java:337)
	at org.jboss.netty.channel.socket.nio.NioClientBoss.run(NioClientBoss.java:42)
	at org.jboss.netty.util.ThreadRenamingRunnable.run(ThreadRenamingRunnable.java:108)
	at org.jboss.netty.util.internal.DeadLockProofWorker$1.run(DeadLockProofWorker.java:42)
	... 3 more
[2016-03-29 17:29:44,232][TRACE][org.elasticsearch.discovery.zen.ping.unicast] [node_t3] [1] failed to connect to {#zen_unicast_5#}{127.0.0.1}{127.0.0.1:9424}
ConnectTransportException[[][127.0.0.1:9424] connect_timeout[30s]]; nested: ConnectException[Connection refused: /127.0.0.1:9424];
	at org.elasticsearch.transport.netty.NettyTransport.connectToChannelsLight(NettyTransport.java:954)
	at org.elasticsearch.transport.netty.NettyTransport.connectToNode(NettyTransport.java:918)
	at org.elasticsearch.transport.netty.NettyTransport.connectToNodeLight(NettyTransport.java:890)
	at org.elasticsearch.test.transport.MockTransportService$LookupTestTransport.connectToNodeLight(MockTransportService.java:413)
	at org.elasticsearch.transport.TransportService.connectToNodeLight(TransportService.java:242)
	at org.elasticsearch.discovery.zen.ping.unicast.UnicastZenPing$3.run(UnicastZenPing.java:395)
	at java.util.concurrent.ThreadPoolExecutor.runWorker(ThreadPoolExecutor.java:1142)
	at java.util.concurrent.ThreadPoolExecutor$Worker.run(ThreadPoolExecutor.java:617)
	at java.lang.Thread.run(Thread.java:745)
Caused by: java.net.ConnectException: Connection refused: /127.0.0.1:9424
	at sun.nio.ch.SocketChannelImpl.checkConnect(Native Method)
	at sun.nio.ch.SocketChannelImpl.finishConnect(SocketChannelImpl.java:712)
	at org.jboss.netty.channel.socket.nio.NioClientBoss.connect(NioClientBoss.java:152)
	at org.jboss.netty.channel.socket.nio.NioClientBoss.processSelectedKeys(NioClientBoss.java:105)
	at org.jboss.netty.channel.socket.nio.NioClientBoss.process(NioClientBoss.java:79)
	at org.jboss.netty.channel.socket.nio.AbstractNioSelector.run(AbstractNioSelector.java:337)
	at org.jboss.netty.channel.socket.nio.NioClientBoss.run(NioClientBoss.java:42)
	at org.jboss.netty.util.ThreadRenamingRunnable.run(ThreadRenamingRunnable.java:108)
	at org.jboss.netty.util.internal.DeadLockProofWorker$1.run(DeadLockProofWorker.java:42)
	... 3 more
[2016-03-29 17:29:44,232][TRACE][org.elasticsearch.discovery.zen.ping.unicast] [node_t3] [1] failed to connect to {#zen_unicast_4#}{127.0.0.1}{127.0.0.1:9423}
ConnectTransportException[[][127.0.0.1:9423] connect_timeout[30s]]; nested: ConnectException[Connection refused: /127.0.0.1:9423];
	at org.elasticsearch.transport.netty.NettyTransport.connectToChannelsLight(NettyTransport.java:954)
	at org.elasticsearch.transport.netty.NettyTransport.connectToNode(NettyTransport.java:918)
	at org.elasticsearch.transport.netty.NettyTransport.connectToNodeLight(NettyTransport.java:890)
	at org.elasticsearch.test.transport.MockTransportService$LookupTestTransport.connectToNodeLight(MockTransportService.java:413)
	at org.elasticsearch.transport.TransportService.connectToNodeLight(TransportService.java:242)
	at org.elasticsearch.discovery.zen.ping.unicast.UnicastZenPing$3.run(UnicastZenPing.java:395)
	at java.util.concurrent.ThreadPoolExecutor.runWorker(ThreadPoolExecutor.java:1142)
	at java.util.concurrent.ThreadPoolExecutor$Worker.run(ThreadPoolExecutor.java:617)
	at java.lang.Thread.run(Thread.java:745)
Caused by: java.net.ConnectException: Connection refused: /127.0.0.1:9423
	at sun.nio.ch.SocketChannelImpl.checkConnect(Native Method)
	at sun.nio.ch.SocketChannelImpl.finishConnect(SocketChannelImpl.java:712)
	at org.jboss.netty.channel.socket.nio.NioClientBoss.connect(NioClientBoss.java:152)
	at org.jboss.netty.channel.socket.nio.NioClientBoss.processSelectedKeys(NioClientBoss.java:105)
	at org.jboss.netty.channel.socket.nio.NioClientBoss.process(NioClientBoss.java:79)
	at org.jboss.netty.channel.socket.nio.AbstractNioSelector.run(AbstractNioSelector.java:337)
	at org.jboss.netty.channel.socket.nio.NioClientBoss.run(NioClientBoss.java:42)
	at org.jboss.netty.util.ThreadRenamingRunnable.run(ThreadRenamingRunnable.java:108)
	at org.jboss.netty.util.internal.DeadLockProofWorker$1.run(DeadLockProofWorker.java:42)
	... 3 more
[2016-03-29 17:29:44,232][TRACE][org.elasticsearch.discovery.zen.ping.unicast] [node_t3] [1] received response from {#zen_unicast_6#}{::1}{[::1]:9420}: [ping_response{node [{node_t0}{nMu_6boQR--7IGHETEaC6A}{127.0.0.1}{127.0.0.1:9420}[mode=>network]], id[667], master [null], hasJoinedOnce [true], cluster_name[TEST-CHILD_VM=[0]-CLUSTER_SEED=[-8106659381411338889]-HASH=[14406DC76783A180]-cluster]}, ping_response{node [{node_t0}{nMu_6boQR--7IGHETEaC6A}{127.0.0.1}{127.0.0.1:9420}[mode=>network]], id[667], master [null], hasJoinedOnce [true], cluster_name[TEST-CHILD_VM=[0]-CLUSTER_SEED=[-8106659381411338889]-HASH=[14406DC76783A180]-cluster]}, ping_response{node [{node_t0}{nMu_6boQR--7IGHETEaC6A}{127.0.0.1}{127.0.0.1:9420}[mode=>network]], id[667], master [null], hasJoinedOnce [true], cluster_name[TEST-CHILD_VM=[0]-CLUSTER_SEED=[-8106659381411338889]-HASH=[14406DC76783A180]-cluster]}, ping_response{node [{node_t2}{F-u4jQqMTgCSFvClNNIaBA}{127.0.0.1}{127.0.0.1:9421}[mode=>network]], id[674], master [null], hasJoinedOnce [false], cluster_name[TEST-CHILD_VM=[0]-CLUSTER_SEED=[-8106659381411338889]-HASH=[14406DC76783A180]-cluster]}, ping_response{node [{node_t2}{F-u4jQqMTgCSFvClNNIaBA}{127.0.0.1}{127.0.0.1:9421}[mode=>network]], id[674], master [null], hasJoinedOnce [false], cluster_name[TEST-CHILD_VM=[0]-CLUSTER_SEED=[-8106659381411338889]-HASH=[14406DC76783A180]-cluster]}, ping_response{node [{node_t2}{F-u4jQqMTgCSFvClNNIaBA}{127.0.0.1}{127.0.0.1:9421}[mode=>network]], id[674], master [null], hasJoinedOnce [false], cluster_name[TEST-CHILD_VM=[0]-CLUSTER_SEED=[-8106659381411338889]-HASH=[14406DC76783A180]-cluster]}, ping_response{node [{node_t0}{nMu_6boQR--7IGHETEaC6A}{127.0.0.1}{127.0.0.1:9420}[mode=>network]], id[681], master [{node_t0}{nMu_6boQR--7IGHETEaC6A}{127.0.0.1}{127.0.0.1:9420}[mode=>network]], hasJoinedOnce [true], cluster_name[TEST-CHILD_VM=[0]-CLUSTER_SEED=[-8106659381411338889]-HASH=[14406DC76783A180]-cluster]}, ping_response{node [{node_t0}{nMu_6boQR--7IGHETEaC6A}{127.0.0.1}{127.0.0.1:9420}[mode=>network]], id[681], master [{node_t0}{nMu_6boQR--7IGHETEaC6A}{127.0.0.1}{127.0.0.1:9420}[mode=>network]], hasJoinedOnce [true], cluster_name[TEST-CHILD_VM=[0]-CLUSTER_SEED=[-8106659381411338889]-HASH=[14406DC76783A180]-cluster]}, ping_response{node [{node_t0}{nMu_6boQR--7IGHETEaC6A}{127.0.0.1}{127.0.0.1:9420}[mode=>network]], id[681], master [{node_t0}{nMu_6boQR--7IGHETEaC6A}{127.0.0.1}{127.0.0.1:9420}[mode=>network]], hasJoinedOnce [true], cluster_name[TEST-CHILD_VM=[0]-CLUSTER_SEED=[-8106659381411338889]-HASH=[14406DC76783A180]-cluster]}, ping_response{node [{node_t3}{EJh5pphuTEuwcvfHnM8dCQ}{127.0.0.1}{127.0.0.1:9421}[mode=>network]], id[685], master [null], hasJoinedOnce [false], cluster_name[TEST-CHILD_VM=[0]-CLUSTER_SEED=[-8106659381411338889]-HASH=[14406DC76783A180]-cluster]}, ping_response{node [{node_t3}{EJh5pphuTEuwcvfHnM8dCQ}{127.0.0.1}{127.0.0.1:9421}[mode=>network]], id[685], master [null], hasJoinedOnce [false], cluster_name[TEST-CHILD_VM=[0]-CLUSTER_SEED=[-8106659381411338889]-HASH=[14406DC76783A180]-cluster]}, ping_response{node [{node_t0}{nMu_6boQR--7IGHETEaC6A}{127.0.0.1}{127.0.0.1:9420}[mode=>network]], id[691], master [null], hasJoinedOnce [true], cluster_name[TEST-CHILD_VM=[0]-CLUSTER_SEED=[-8106659381411338889]-HASH=[14406DC76783A180]-cluster]}, ping_response{node [{node_t0}{nMu_6boQR--7IGHETEaC6A}{127.0.0.1}{127.0.0.1:9420}[mode=>network]], id[691], master [null], hasJoinedOnce [true], cluster_name[TEST-CHILD_VM=[0]-CLUSTER_SEED=[-8106659381411338889]-HASH=[14406DC76783A180]-cluster]}, ping_response{node [{node_t0}{nMu_6boQR--7IGHETEaC6A}{127.0.0.1}{127.0.0.1:9420}[mode=>network]], id[691], master [null], hasJoinedOnce [true], cluster_name[TEST-CHILD_VM=[0]-CLUSTER_SEED=[-8106659381411338889]-HASH=[14406DC76783A180]-cluster]}, ping_response{node [{node_t3}{EJh5pphuTEuwcvfHnM8dCQ}{127.0.0.1}{127.0.0.1:9421}[mode=>network]], id[699], master [null], hasJoinedOnce [false], cluster_name[TEST-CHILD_VM=[0]-CLUSTER_SEED=[-8106659381411338889]-HASH=[14406DC76783A180]-cluster]}, ping_response{node [{node_t3}{EJh5pphuTEuwcvfHnM8dCQ}{127.0.0.1}{127.0.0.1:9421}[mode=>network]], id[699], master [null], hasJoinedOnce [false], cluster_name[TEST-CHILD_VM=[0]-CLUSTER_SEED=[-8106659381411338889]-HASH=[14406DC76783A180]-cluster]}, ping_response{node [{node_t0}{nMu_6boQR--7IGHETEaC6A}{127.0.0.1}{127.0.0.1:9420}[mode=>network]], id[702], master [null], hasJoinedOnce [true], cluster_name[TEST-CHILD_VM=[0]-CLUSTER_SEED=[-8106659381411338889]-HASH=[14406DC76783A180]-cluster]}]
[2016-03-29 17:29:44,231][TRACE][org.elasticsearch.discovery.zen.ping.unicast] [node_t3] [1] sending to {#zen_unicast_7#}{::1}{[::1]:9421}
[2016-03-29 17:29:44,233][TRACE][org.elasticsearch.discovery.zen.ping.unicast] [node_t3] [1] connecting (light) to {#zen_unicast_8#}{::1}{[::1]:9422}
[2016-03-29 17:29:44,233][TRACE][org.elasticsearch.discovery.zen.ping.unicast] [node_t3] [1] sending to {node_t3}{EJh5pphuTEuwcvfHnM8dCQ}{127.0.0.1}{127.0.0.1:9421}[mode=>network]
[2016-03-29 17:29:44,233][TRACE][org.elasticsearch.discovery.zen.ping.unicast] [node_t3] [1] connecting (light) to {#zen_unicast_10#}{::1}{[::1]:9424}
[2016-03-29 17:29:44,233][TRACE][org.elasticsearch.discovery.zen.ping.unicast] [node_t3] [1] connecting (light) to {#zen_unicast_9#}{::1}{[::1]:9423}
[2016-03-29 17:29:44,233][TRACE][org.elasticsearch.discovery.zen.ping.unicast] [node_t3] [1] received response from {node_t3}{EJh5pphuTEuwcvfHnM8dCQ}{127.0.0.1}{127.0.0.1:9421}[mode=>network]: [ping_response{node [{node_t3}{EJh5pphuTEuwcvfHnM8dCQ}{127.0.0.1}{127.0.0.1:9421}[mode=>network]], id[685], master [null], hasJoinedOnce [false], cluster_name[TEST-CHILD_VM=[0]-CLUSTER_SEED=[-8106659381411338889]-HASH=[14406DC76783A180]-cluster]}, ping_response{node [{node_t3}{EJh5pphuTEuwcvfHnM8dCQ}{127.0.0.1}{127.0.0.1:9421}[mode=>network]], id[685], master [null], hasJoinedOnce [false], cluster_name[TEST-CHILD_VM=[0]-CLUSTER_SEED=[-8106659381411338889]-HASH=[14406DC76783A180]-cluster]}, ping_response{node [{node_t3}{EJh5pphuTEuwcvfHnM8dCQ}{127.0.0.1}{127.0.0.1:9421}[mode=>network]], id[685], master [null], hasJoinedOnce [false], cluster_name[TEST-CHILD_VM=[0]-CLUSTER_SEED=[-8106659381411338889]-HASH=[14406DC76783A180]-cluster]}, ping_response{node [{node_t0}{nMu_6boQR--7IGHETEaC6A}{127.0.0.1}{127.0.0.1:9420}[mode=>network]], id[691], master [null], hasJoinedOnce [true], cluster_name[TEST-CHILD_VM=[0]-CLUSTER_SEED=[-8106659381411338889]-HASH=[14406DC76783A180]-cluster]}, ping_response{node [{node_t0}{nMu_6boQR--7IGHETEaC6A}{127.0.0.1}{127.0.0.1:9420}[mode=>network]], id[691], master [null], hasJoinedOnce [true], cluster_name[TEST-CHILD_VM=[0]-CLUSTER_SEED=[-8106659381411338889]-HASH=[14406DC76783A180]-cluster]}, ping_response{node [{node_t0}{nMu_6boQR--7IGHETEaC6A}{127.0.0.1}{127.0.0.1:9420}[mode=>network]], id[691], master [null], hasJoinedOnce [true], cluster_name[TEST-CHILD_VM=[0]-CLUSTER_SEED=[-8106659381411338889]-HASH=[14406DC76783A180]-cluster]}, ping_response{node [{node_t0}{nMu_6boQR--7IGHETEaC6A}{127.0.0.1}{127.0.0.1:9420}[mode=>network]], id[691], master [null], hasJoinedOnce [true], cluster_name[TEST-CHILD_VM=[0]-CLUSTER_SEED=[-8106659381411338889]-HASH=[14406DC76783A180]-cluster]}, ping_response{node [{node_t3}{EJh5pphuTEuwcvfHnM8dCQ}{127.0.0.1}{127.0.0.1:9421}[mode=>network]], id[699], master [null], hasJoinedOnce [false], cluster_name[TEST-CHILD_VM=[0]-CLUSTER_SEED=[-8106659381411338889]-HASH=[14406DC76783A180]-cluster]}, ping_response{node [{node_t3}{EJh5pphuTEuwcvfHnM8dCQ}{127.0.0.1}{127.0.0.1:9421}[mode=>network]], id[699], master [null], hasJoinedOnce [false], cluster_name[TEST-CHILD_VM=[0]-CLUSTER_SEED=[-8106659381411338889]-HASH=[14406DC76783A180]-cluster]}, ping_response{node [{node_t3}{EJh5pphuTEuwcvfHnM8dCQ}{127.0.0.1}{127.0.0.1:9421}[mode=>network]], id[703], master [null], hasJoinedOnce [false], cluster_name[TEST-CHILD_VM=[0]-CLUSTER_SEED=[-8106659381411338889]-HASH=[14406DC76783A180]-cluster]}]
[2016-03-29 17:29:44,233][TRACE][org.elasticsearch.discovery.zen.ping.unicast] [node_t3] [1] received response from {#zen_unicast_7#}{::1}{[::1]:9421}: [ping_response{node [{node_t3}{EJh5pphuTEuwcvfHnM8dCQ}{127.0.0.1}{127.0.0.1:9421}[mode=>network]], id[685], master [null], hasJoinedOnce [false], cluster_name[TEST-CHILD_VM=[0]-CLUSTER_SEED=[-8106659381411338889]-HASH=[14406DC76783A180]-cluster]}, ping_response{node [{node_t3}{EJh5pphuTEuwcvfHnM8dCQ}{127.0.0.1}{127.0.0.1:9421}[mode=>network]], id[685], master [null], hasJoinedOnce [false], cluster_name[TEST-CHILD_VM=[0]-CLUSTER_SEED=[-8106659381411338889]-HASH=[14406DC76783A180]-cluster]}, ping_response{node [{node_t3}{EJh5pphuTEuwcvfHnM8dCQ}{127.0.0.1}{127.0.0.1:9421}[mode=>network]], id[685], master [null], hasJoinedOnce [false], cluster_name[TEST-CHILD_VM=[0]-CLUSTER_SEED=[-8106659381411338889]-HASH=[14406DC76783A180]-cluster]}, ping_response{node [{node_t0}{nMu_6boQR--7IGHETEaC6A}{127.0.0.1}{127.0.0.1:9420}[mode=>network]], id[691], master [null], hasJoinedOnce [true], cluster_name[TEST-CHILD_VM=[0]-CLUSTER_SEED=[-8106659381411338889]-HASH=[14406DC76783A180]-cluster]}, ping_response{node [{node_t0}{nMu_6boQR--7IGHETEaC6A}{127.0.0.1}{127.0.0.1:9420}[mode=>network]], id[691], master [null], hasJoinedOnce [true], cluster_name[TEST-CHILD_VM=[0]-CLUSTER_SEED=[-8106659381411338889]-HASH=[14406DC76783A180]-cluster]}, ping_response{node [{node_t0}{nMu_6boQR--7IGHETEaC6A}{127.0.0.1}{127.0.0.1:9420}[mode=>network]], id[691], master [null], hasJoinedOnce [true], cluster_name[TEST-CHILD_VM=[0]-CLUSTER_SEED=[-8106659381411338889]-HASH=[14406DC76783A180]-cluster]}, ping_response{node [{node_t0}{nMu_6boQR--7IGHETEaC6A}{127.0.0.1}{127.0.0.1:9420}[mode=>network]], id[691], master [null], hasJoinedOnce [true], cluster_name[TEST-CHILD_VM=[0]-CLUSTER_SEED=[-8106659381411338889]-HASH=[14406DC76783A180]-cluster]}, ping_response{node [{node_t3}{EJh5pphuTEuwcvfHnM8dCQ}{127.0.0.1}{127.0.0.1:9421}[mode=>network]], id[699], master [null], hasJoinedOnce [false], cluster_name[TEST-CHILD_VM=[0]-CLUSTER_SEED=[-8106659381411338889]-HASH=[14406DC76783A180]-cluster]}, ping_response{node [{node_t3}{EJh5pphuTEuwcvfHnM8dCQ}{127.0.0.1}{127.0.0.1:9421}[mode=>network]], id[699], master [null], hasJoinedOnce [false], cluster_name[TEST-CHILD_VM=[0]-CLUSTER_SEED=[-8106659381411338889]-HASH=[14406DC76783A180]-cluster]}, ping_response{node [{node_t3}{EJh5pphuTEuwcvfHnM8dCQ}{127.0.0.1}{127.0.0.1:9421}[mode=>network]], id[699], master [null], hasJoinedOnce [false], cluster_name[TEST-CHILD_VM=[0]-CLUSTER_SEED=[-8106659381411338889]-HASH=[14406DC76783A180]-cluster]}, ping_response{node [{node_t3}{EJh5pphuTEuwcvfHnM8dCQ}{127.0.0.1}{127.0.0.1:9421}[mode=>network]], id[704], master [null], hasJoinedOnce [false], cluster_name[TEST-CHILD_VM=[0]-CLUSTER_SEED=[-8106659381411338889]-HASH=[14406DC76783A180]-cluster]}]
[2016-03-29 17:29:44,233][TRACE][org.elasticsearch.discovery.zen.ping.unicast] [node_t3] [1] failed to connect to {#zen_unicast_9#}{::1}{[::1]:9423}
ConnectTransportException[[][[::1]:9423] connect_timeout[30s]]; nested: ConnectException[Connection refused: /0:0:0:0:0:0:0:1:9423];
	at org.elasticsearch.transport.netty.NettyTransport.connectToChannelsLight(NettyTransport.java:954)
	at org.elasticsearch.transport.netty.NettyTransport.connectToNode(NettyTransport.java:918)
	at org.elasticsearch.transport.netty.NettyTransport.connectToNodeLight(NettyTransport.java:890)
	at org.elasticsearch.test.transport.MockTransportService$LookupTestTransport.connectToNodeLight(MockTransportService.java:413)
	at org.elasticsearch.transport.TransportService.connectToNodeLight(TransportService.java:242)
	at org.elasticsearch.discovery.zen.ping.unicast.UnicastZenPing$3.run(UnicastZenPing.java:395)
	at java.util.concurrent.ThreadPoolExecutor.runWorker(ThreadPoolExecutor.java:1142)
	at java.util.concurrent.ThreadPoolExecutor$Worker.run(ThreadPoolExecutor.java:617)
	at java.lang.Thread.run(Thread.java:745)
Caused by: java.net.ConnectException: Connection refused: /0:0:0:0:0:0:0:1:9423
	at sun.nio.ch.SocketChannelImpl.checkConnect(Native Method)
	at sun.nio.ch.SocketChannelImpl.finishConnect(SocketChannelImpl.java:712)
	at org.jboss.netty.channel.socket.nio.NioClientBoss.connect(NioClientBoss.java:152)
	at org.jboss.netty.channel.socket.nio.NioClientBoss.processSelectedKeys(NioClientBoss.java:105)
	at org.jboss.netty.channel.socket.nio.NioClientBoss.process(NioClientBoss.java:79)
	at org.jboss.netty.channel.socket.nio.AbstractNioSelector.run(AbstractNioSelector.java:337)
	at org.jboss.netty.channel.socket.nio.NioClientBoss.run(NioClientBoss.java:42)
	at org.jboss.netty.util.ThreadRenamingRunnable.run(ThreadRenamingRunnable.java:108)
	at org.jboss.netty.util.internal.DeadLockProofWorker$1.run(DeadLockProofWorker.java:42)
	... 3 more
[2016-03-29 17:29:44,234][TRACE][org.elasticsearch.discovery.zen.ping.unicast] [node_t3] [1] failed to connect to {#zen_unicast_10#}{::1}{[::1]:9424}
ConnectTransportException[[][[::1]:9424] connect_timeout[30s]]; nested: ConnectException[Connection refused: /0:0:0:0:0:0:0:1:9424];
	at org.elasticsearch.transport.netty.NettyTransport.connectToChannelsLight(NettyTransport.java:954)
	at org.elasticsearch.transport.netty.NettyTransport.connectToNode(NettyTransport.java:918)
	at org.elasticsearch.transport.netty.NettyTransport.connectToNodeLight(NettyTransport.java:890)
	at org.elasticsearch.test.transport.MockTransportService$LookupTestTransport.connectToNodeLight(MockTransportService.java:413)
	at org.elasticsearch.transport.TransportService.connectToNodeLight(TransportService.java:242)
	at org.elasticsearch.discovery.zen.ping.unicast.UnicastZenPing$3.run(UnicastZenPing.java:395)
	at java.util.concurrent.ThreadPoolExecutor.runWorker(ThreadPoolExecutor.java:1142)
	at java.util.concurrent.ThreadPoolExecutor$Worker.run(ThreadPoolExecutor.java:617)
	at java.lang.Thread.run(Thread.java:745)
Caused by: java.net.ConnectException: Connection refused: /0:0:0:0:0:0:0:1:9424
	at sun.nio.ch.SocketChannelImpl.checkConnect(Native Method)
	at sun.nio.ch.SocketChannelImpl.finishConnect(SocketChannelImpl.java:712)
	at org.jboss.netty.channel.socket.nio.NioClientBoss.connect(NioClientBoss.java:152)
	at org.jboss.netty.channel.socket.nio.NioClientBoss.processSelectedKeys(NioClientBoss.java:105)
	at org.jboss.netty.channel.socket.nio.NioClientBoss.process(NioClientBoss.java:79)
	at org.jboss.netty.channel.socket.nio.AbstractNioSelector.run(AbstractNioSelector.java:337)
	at org.jboss.netty.channel.socket.nio.NioClientBoss.run(NioClientBoss.java:42)
	at org.jboss.netty.util.ThreadRenamingRunnable.run(ThreadRenamingRunnable.java:108)
	at org.jboss.netty.util.internal.DeadLockProofWorker$1.run(DeadLockProofWorker.java:42)
	... 3 more
[2016-03-29 17:29:44,233][TRACE][org.elasticsearch.discovery.zen.ping.unicast] [node_t3] replacing {node_t0}{nMu_6boQR--7IGHETEaC6A}{127.0.0.1}{127.0.0.1:9420}[mode=>network] with temp node {#zen_unicast_11_nMu_6boQR--7IGHETEaC6A#}{127.0.0.1}{127.0.0.1:9420}[mode=>network]
[2016-03-29 17:29:44,233][TRACE][org.elasticsearch.discovery.zen.ping.unicast] [node_t3] [1] failed to connect to {#zen_unicast_8#}{::1}{[::1]:9422}
ConnectTransportException[[][[::1]:9422] connect_timeout[30s]]; nested: ConnectException[Connection refused: /0:0:0:0:0:0:0:1:9422];
	at org.elasticsearch.transport.netty.NettyTransport.connectToChannelsLight(NettyTransport.java:954)
	at org.elasticsearch.transport.netty.NettyTransport.connectToNode(NettyTransport.java:918)
	at org.elasticsearch.transport.netty.NettyTransport.connectToNodeLight(NettyTransport.java:890)
	at org.elasticsearch.test.transport.MockTransportService$LookupTestTransport.connectToNodeLight(MockTransportService.java:413)
	at org.elasticsearch.transport.TransportService.connectToNodeLight(TransportService.java:242)
	at org.elasticsearch.discovery.zen.ping.unicast.UnicastZenPing$3.run(UnicastZenPing.java:395)
	at java.util.concurrent.ThreadPoolExecutor.runWorker(ThreadPoolExecutor.java:1142)
	at java.util.concurrent.ThreadPoolExecutor$Worker.run(ThreadPoolExecutor.java:617)
	at java.lang.Thread.run(Thread.java:745)
Caused by: java.net.ConnectException: Connection refused: /0:0:0:0:0:0:0:1:9422
	at sun.nio.ch.SocketChannelImpl.checkConnect(Native Method)
	at sun.nio.ch.SocketChannelImpl.finishConnect(SocketChannelImpl.java:712)
	at org.jboss.netty.channel.socket.nio.NioClientBoss.connect(NioClientBoss.java:152)
	at org.jboss.netty.channel.socket.nio.NioClientBoss.processSelectedKeys(NioClientBoss.java:105)
	at org.jboss.netty.channel.socket.nio.NioClientBoss.process(NioClientBoss.java:79)
	at org.jboss.netty.channel.socket.nio.AbstractNioSelector.run(AbstractNioSelector.java:337)
	at org.jboss.netty.channel.socket.nio.NioClientBoss.run(NioClientBoss.java:42)
	at org.jboss.netty.util.ThreadRenamingRunnable.run(ThreadRenamingRunnable.java:108)
	at org.jboss.netty.util.internal.DeadLockProofWorker$1.run(DeadLockProofWorker.java:42)
	... 3 more
[2016-03-29 17:29:44,234][TRACE][org.elasticsearch.discovery.zen.ping.unicast] [node_t3] [1] connecting (light) to {#zen_unicast_11_nMu_6boQR--7IGHETEaC6A#}{127.0.0.1}{127.0.0.1:9420}[mode=>network]
[2016-03-29 17:29:44,235][TRACE][org.elasticsearch.discovery.zen.ping.unicast] [node_t3] [1] connected to {node_t0}{nMu_6boQR--7IGHETEaC6A}{127.0.0.1}{127.0.0.1:9420}[mode=>network]
[2016-03-29 17:29:44,235][TRACE][org.elasticsearch.discovery.zen.ping.unicast] [node_t3] [1] sending to {#zen_unicast_11_nMu_6boQR--7IGHETEaC6A#}{127.0.0.1}{127.0.0.1:9420}[mode=>network]
[2016-03-29 17:29:44,235][TRACE][org.elasticsearch.discovery.zen.ping.unicast] [node_t3] [1] received response from {#zen_unicast_11_nMu_6boQR--7IGHETEaC6A#}{127.0.0.1}{127.0.0.1:9420}[mode=>network]: [ping_response{node [{node_t0}{nMu_6boQR--7IGHETEaC6A}{127.0.0.1}{127.0.0.1:9420}[mode=>network]], id[667], master [null], hasJoinedOnce [true], cluster_name[TEST-CHILD_VM=[0]-CLUSTER_SEED=[-8106659381411338889]-HASH=[14406DC76783A180]-cluster]}, ping_response{node [{node_t0}{nMu_6boQR--7IGHETEaC6A}{127.0.0.1}{127.0.0.1:9420}[mode=>network]], id[667], master [null], hasJoinedOnce [true], cluster_name[TEST-CHILD_VM=[0]-CLUSTER_SEED=[-8106659381411338889]-HASH=[14406DC76783A180]-cluster]}, ping_response{node [{node_t0}{nMu_6boQR--7IGHETEaC6A}{127.0.0.1}{127.0.0.1:9420}[mode=>network]], id[667], master [null], hasJoinedOnce [true], cluster_name[TEST-CHILD_VM=[0]-CLUSTER_SEED=[-8106659381411338889]-HASH=[14406DC76783A180]-cluster]}, ping_response{node [{node_t2}{F-u4jQqMTgCSFvClNNIaBA}{127.0.0.1}{127.0.0.1:9421}[mode=>network]], id[674], master [null], hasJoinedOnce [false], cluster_name[TEST-CHILD_VM=[0]-CLUSTER_SEED=[-8106659381411338889]-HASH=[14406DC76783A180]-cluster]}, ping_response{node [{node_t2}{F-u4jQqMTgCSFvClNNIaBA}{127.0.0.1}{127.0.0.1:9421}[mode=>network]], id[674], master [null], hasJoinedOnce [false], cluster_name[TEST-CHILD_VM=[0]-CLUSTER_SEED=[-8106659381411338889]-HASH=[14406DC76783A180]-cluster]}, ping_response{node [{node_t2}{F-u4jQqMTgCSFvClNNIaBA}{127.0.0.1}{127.0.0.1:9421}[mode=>network]], id[674], master [null], hasJoinedOnce [false], cluster_name[TEST-CHILD_VM=[0]-CLUSTER_SEED=[-8106659381411338889]-HASH=[14406DC76783A180]-cluster]}, ping_response{node [{node_t0}{nMu_6boQR--7IGHETEaC6A}{127.0.0.1}{127.0.0.1:9420}[mode=>network]], id[681], master [{node_t0}{nMu_6boQR--7IGHETEaC6A}{127.0.0.1}{127.0.0.1:9420}[mode=>network]], hasJoinedOnce [true], cluster_name[TEST-CHILD_VM=[0]-CLUSTER_SEED=[-8106659381411338889]-HASH=[14406DC76783A180]-cluster]}, ping_response{node [{node_t0}{nMu_6boQR--7IGHETEaC6A}{127.0.0.1}{127.0.0.1:9420}[mode=>network]], id[681], master [{node_t0}{nMu_6boQR--7IGHETEaC6A}{127.0.0.1}{127.0.0.1:9420}[mode=>network]], hasJoinedOnce [true], cluster_name[TEST-CHILD_VM=[0]-CLUSTER_SEED=[-8106659381411338889]-HASH=[14406DC76783A180]-cluster]}, ping_response{node [{node_t0}{nMu_6boQR--7IGHETEaC6A}{127.0.0.1}{127.0.0.1:9420}[mode=>network]], id[681], master [{node_t0}{nMu_6boQR--7IGHETEaC6A}{127.0.0.1}{127.0.0.1:9420}[mode=>network]], hasJoinedOnce [true], cluster_name[TEST-CHILD_VM=[0]-CLUSTER_SEED=[-8106659381411338889]-HASH=[14406DC76783A180]-cluster]}, ping_response{node [{node_t3}{EJh5pphuTEuwcvfHnM8dCQ}{127.0.0.1}{127.0.0.1:9421}[mode=>network]], id[685], master [null], hasJoinedOnce [false], cluster_name[TEST-CHILD_VM=[0]-CLUSTER_SEED=[-8106659381411338889]-HASH=[14406DC76783A180]-cluster]}, ping_response{node [{node_t3}{EJh5pphuTEuwcvfHnM8dCQ}{127.0.0.1}{127.0.0.1:9421}[mode=>network]], id[685], master [null], hasJoinedOnce [false], cluster_name[TEST-CHILD_VM=[0]-CLUSTER_SEED=[-8106659381411338889]-HASH=[14406DC76783A180]-cluster]}, ping_response{node [{node_t0}{nMu_6boQR--7IGHETEaC6A}{127.0.0.1}{127.0.0.1:9420}[mode=>network]], id[691], master [null], hasJoinedOnce [true], cluster_name[TEST-CHILD_VM=[0]-CLUSTER_SEED=[-8106659381411338889]-HASH=[14406DC76783A180]-cluster]}, ping_response{node [{node_t0}{nMu_6boQR--7IGHETEaC6A}{127.0.0.1}{127.0.0.1:9420}[mode=>network]], id[691], master [null], hasJoinedOnce [true], cluster_name[TEST-CHILD_VM=[0]-CLUSTER_SEED=[-8106659381411338889]-HASH=[14406DC76783A180]-cluster]}, ping_response{node [{node_t0}{nMu_6boQR--7IGHETEaC6A}{127.0.0.1}{127.0.0.1:9420}[mode=>network]], id[691], master [null], hasJoinedOnce [true], cluster_name[TEST-CHILD_VM=[0]-CLUSTER_SEED=[-8106659381411338889]-HASH=[14406DC76783A180]-cluster]}, ping_response{node [{node_t3}{EJh5pphuTEuwcvfHnM8dCQ}{127.0.0.1}{127.0.0.1:9421}[mode=>network]], id[699], master [null], hasJoinedOnce [false], cluster_name[TEST-CHILD_VM=[0]-CLUSTER_SEED=[-8106659381411338889]-HASH=[14406DC76783A180]-cluster]}, ping_response{node [{node_t3}{EJh5pphuTEuwcvfHnM8dCQ}{127.0.0.1}{127.0.0.1:9421}[mode=>network]], id[699], master [null], hasJoinedOnce [false], cluster_name[TEST-CHILD_VM=[0]-CLUSTER_SEED=[-8106659381411338889]-HASH=[14406DC76783A180]-cluster]}, ping_response{node [{node_t3}{EJh5pphuTEuwcvfHnM8dCQ}{127.0.0.1}{127.0.0.1:9421}[mode=>network]], id[699], master [null], hasJoinedOnce [false], cluster_name[TEST-CHILD_VM=[0]-CLUSTER_SEED=[-8106659381411338889]-HASH=[14406DC76783A180]-cluster]}, ping_response{node [{node_t0}{nMu_6boQR--7IGHETEaC6A}{127.0.0.1}{127.0.0.1:9420}[mode=>network]], id[705], master [null], hasJoinedOnce [true], cluster_name[TEST-CHILD_VM=[0]-CLUSTER_SEED=[-8106659381411338889]-HASH=[14406DC76783A180]-cluster]}]
[2016-03-29 17:29:44,268][TRACE][org.elasticsearch.discovery.zen.ping.unicast] [node_t0] [5] sending to {node_t0}{nMu_6boQR--7IGHETEaC6A}{127.0.0.1}{127.0.0.1:9420}[mode=>network]
[2016-03-29 17:29:44,268][TRACE][org.elasticsearch.discovery.zen.ping.unicast] [node_t0] [5] received response from {node_t0}{nMu_6boQR--7IGHETEaC6A}{127.0.0.1}{127.0.0.1:9420}[mode=>network]: [ping_response{node [{node_t2}{F-u4jQqMTgCSFvClNNIaBA}{127.0.0.1}{127.0.0.1:9421}[mode=>network]], id[674], master [null], hasJoinedOnce [false], cluster_name[TEST-CHILD_VM=[0]-CLUSTER_SEED=[-8106659381411338889]-HASH=[14406DC76783A180]-cluster]}, ping_response{node [{node_t2}{F-u4jQqMTgCSFvClNNIaBA}{127.0.0.1}{127.0.0.1:9421}[mode=>network]], id[674], master [null], hasJoinedOnce [false], cluster_name[TEST-CHILD_VM=[0]-CLUSTER_SEED=[-8106659381411338889]-HASH=[14406DC76783A180]-cluster]}, ping_response{node [{node_t2}{F-u4jQqMTgCSFvClNNIaBA}{127.0.0.1}{127.0.0.1:9421}[mode=>network]], id[674], master [null], hasJoinedOnce [false], cluster_name[TEST-CHILD_VM=[0]-CLUSTER_SEED=[-8106659381411338889]-HASH=[14406DC76783A180]-cluster]}, ping_response{node [{node_t0}{nMu_6boQR--7IGHETEaC6A}{127.0.0.1}{127.0.0.1:9420}[mode=>network]], id[681], master [{node_t0}{nMu_6boQR--7IGHETEaC6A}{127.0.0.1}{127.0.0.1:9420}[mode=>network]], hasJoinedOnce [true], cluster_name[TEST-CHILD_VM=[0]-CLUSTER_SEED=[-8106659381411338889]-HASH=[14406DC76783A180]-cluster]}, ping_response{node [{node_t0}{nMu_6boQR--7IGHETEaC6A}{127.0.0.1}{127.0.0.1:9420}[mode=>network]], id[681], master [{node_t0}{nMu_6boQR--7IGHETEaC6A}{127.0.0.1}{127.0.0.1:9420}[mode=>network]], hasJoinedOnce [true], cluster_name[TEST-CHILD_VM=[0]-CLUSTER_SEED=[-8106659381411338889]-HASH=[14406DC76783A180]-cluster]}, ping_response{node [{node_t0}{nMu_6boQR--7IGHETEaC6A}{127.0.0.1}{127.0.0.1:9420}[mode=>network]], id[681], master [{node_t0}{nMu_6boQR--7IGHETEaC6A}{127.0.0.1}{127.0.0.1:9420}[mode=>network]], hasJoinedOnce [true], cluster_name[TEST-CHILD_VM=[0]-CLUSTER_SEED=[-8106659381411338889]-HASH=[14406DC76783A180]-cluster]}, ping_response{node [{node_t3}{EJh5pphuTEuwcvfHnM8dCQ}{127.0.0.1}{127.0.0.1:9421}[mode=>network]], id[685], master [null], hasJoinedOnce [false], cluster_name[TEST-CHILD_VM=[0]-CLUSTER_SEED=[-8106659381411338889]-HASH=[14406DC76783A180]-cluster]}, ping_response{node [{node_t3}{EJh5pphuTEuwcvfHnM8dCQ}{127.0.0.1}{127.0.0.1:9421}[mode=>network]], id[685], master [null], hasJoinedOnce [false], cluster_name[TEST-CHILD_VM=[0]-CLUSTER_SEED=[-8106659381411338889]-HASH=[14406DC76783A180]-cluster]}, ping_response{node [{node_t0}{nMu_6boQR--7IGHETEaC6A}{127.0.0.1}{127.0.0.1:9420}[mode=>network]], id[691], master [null], hasJoinedOnce [true], cluster_name[TEST-CHILD_VM=[0]-CLUSTER_SEED=[-8106659381411338889]-HASH=[14406DC76783A180]-cluster]}, ping_response{node [{node_t0}{nMu_6boQR--7IGHETEaC6A}{127.0.0.1}{127.0.0.1:9420}[mode=>network]], id[691], master [null], hasJoinedOnce [true], cluster_name[TEST-CHILD_VM=[0]-CLUSTER_SEED=[-8106659381411338889]-HASH=[14406DC76783A180]-cluster]}, ping_response{node [{node_t0}{nMu_6boQR--7IGHETEaC6A}{127.0.0.1}{127.0.0.1:9420}[mode=>network]], id[691], master [null], hasJoinedOnce [true], cluster_name[TEST-CHILD_VM=[0]-CLUSTER_SEED=[-8106659381411338889]-HASH=[14406DC76783A180]-cluster]}, ping_response{node [{node_t3}{EJh5pphuTEuwcvfHnM8dCQ}{127.0.0.1}{127.0.0.1:9421}[mode=>network]], id[699], master [null], hasJoinedOnce [false], cluster_name[TEST-CHILD_VM=[0]-CLUSTER_SEED=[-8106659381411338889]-HASH=[14406DC76783A180]-cluster]}, ping_response{node [{node_t3}{EJh5pphuTEuwcvfHnM8dCQ}{127.0.0.1}{127.0.0.1:9421}[mode=>network]], id[699], master [null], hasJoinedOnce [false], cluster_name[TEST-CHILD_VM=[0]-CLUSTER_SEED=[-8106659381411338889]-HASH=[14406DC76783A180]-cluster]}, ping_response{node [{node_t3}{EJh5pphuTEuwcvfHnM8dCQ}{127.0.0.1}{127.0.0.1:9421}[mode=>network]], id[699], master [null], hasJoinedOnce [false], cluster_name[TEST-CHILD_VM=[0]-CLUSTER_SEED=[-8106659381411338889]-HASH=[14406DC76783A180]-cluster]}, ping_response{node [{node_t0}{nMu_6boQR--7IGHETEaC6A}{127.0.0.1}{127.0.0.1:9420}[mode=>network]], id[706], master [null], hasJoinedOnce [true], cluster_name[TEST-CHILD_VM=[0]-CLUSTER_SEED=[-8106659381411338889]-HASH=[14406DC76783A180]-cluster]}, ping_response{node [{node_t0}{nMu_6boQR--7IGHETEaC6A}{127.0.0.1}{127.0.0.1:9420}[mode=>network]], id[707], master [null], hasJoinedOnce [true], cluster_name[TEST-CHILD_VM=[0]-CLUSTER_SEED=[-8106659381411338889]-HASH=[14406DC76783A180]-cluster]}]
[2016-03-29 17:29:44,269][TRACE][org.elasticsearch.discovery.zen.ping.unicast] [node_t0] [5] sending to {#zen_unicast_2#}{127.0.0.1}{127.0.0.1:9421}
[2016-03-29 17:29:44,269][TRACE][org.elasticsearch.discovery.zen.ping.unicast] [node_t0] [5] sending to {#zen_unicast_6#}{::1}{[::1]:9420}
[2016-03-29 17:29:44,269][TRACE][org.elasticsearch.discovery.zen.ping.unicast] [node_t0] [5] connecting (light) to {#zen_unicast_3#}{127.0.0.1}{127.0.0.1:9422}
[2016-03-29 17:29:44,269][TRACE][org.elasticsearch.discovery.zen.ping.unicast] [node_t0] [5] sending to {#zen_unicast_7#}{::1}{[::1]:9421}
[2016-03-29 17:29:44,269][TRACE][org.elasticsearch.discovery.zen.ping.unicast] [node_t0] [5] connecting (light) to {#zen_unicast_4#}{127.0.0.1}{127.0.0.1:9423}
[2016-03-29 17:29:44,269][TRACE][org.elasticsearch.discovery.zen.ping.unicast] [node_t0] [5] connecting (light) to {#zen_unicast_5#}{127.0.0.1}{127.0.0.1:9424}
[2016-03-29 17:29:44,269][TRACE][org.elasticsearch.discovery.zen.ping.unicast] [node_t0] replacing {node_t3}{EJh5pphuTEuwcvfHnM8dCQ}{127.0.0.1}{127.0.0.1:9421}[mode=>network] with temp node {#zen_unicast_16_EJh5pphuTEuwcvfHnM8dCQ#}{127.0.0.1}{127.0.0.1:9421}[mode=>network]
[2016-03-29 17:29:44,269][TRACE][org.elasticsearch.discovery.zen.ping.unicast] [node_t0] [5] connecting (light) to {#zen_unicast_9#}{::1}{[::1]:9423}
[2016-03-29 17:29:44,269][TRACE][org.elasticsearch.discovery.zen.ping.unicast] [node_t0] [5] connecting (light) to {#zen_unicast_16_EJh5pphuTEuwcvfHnM8dCQ#}{127.0.0.1}{127.0.0.1:9421}[mode=>network]
[2016-03-29 17:29:44,269][TRACE][org.elasticsearch.discovery.zen.ping.unicast] [node_t0] [5] connecting (light) to {#zen_unicast_10#}{::1}{[::1]:9424}
[2016-03-29 17:29:44,269][TRACE][org.elasticsearch.discovery.zen.ping.unicast] [node_t0] [5] connecting (light) to {#zen_unicast_8#}{::1}{[::1]:9422}
[2016-03-29 17:29:44,269][TRACE][org.elasticsearch.discovery.zen.ping.unicast] [node_t0] [5] received response from {#zen_unicast_2#}{127.0.0.1}{127.0.0.1:9421}: [ping_response{node [{node_t3}{EJh5pphuTEuwcvfHnM8dCQ}{127.0.0.1}{127.0.0.1:9421}[mode=>network]], id[685], master [null], hasJoinedOnce [false], cluster_name[TEST-CHILD_VM=[0]-CLUSTER_SEED=[-8106659381411338889]-HASH=[14406DC76783A180]-cluster]}, ping_response{node [{node_t3}{EJh5pphuTEuwcvfHnM8dCQ}{127.0.0.1}{127.0.0.1:9421}[mode=>network]], id[685], master [null], hasJoinedOnce [false], cluster_name[TEST-CHILD_VM=[0]-CLUSTER_SEED=[-8106659381411338889]-HASH=[14406DC76783A180]-cluster]}, ping_response{node [{node_t3}{EJh5pphuTEuwcvfHnM8dCQ}{127.0.0.1}{127.0.0.1:9421}[mode=>network]], id[685], master [null], hasJoinedOnce [false], cluster_name[TEST-CHILD_VM=[0]-CLUSTER_SEED=[-8106659381411338889]-HASH=[14406DC76783A180]-cluster]}, ping_response{node [{node_t0}{nMu_6boQR--7IGHETEaC6A}{127.0.0.1}{127.0.0.1:9420}[mode=>network]], id[691], master [null], hasJoinedOnce [true], cluster_name[TEST-CHILD_VM=[0]-CLUSTER_SEED=[-8106659381411338889]-HASH=[14406DC76783A180]-cluster]}, ping_response{node [{node_t0}{nMu_6boQR--7IGHETEaC6A}{127.0.0.1}{127.0.0.1:9420}[mode=>network]], id[691], master [null], hasJoinedOnce [true], cluster_name[TEST-CHILD_VM=[0]-CLUSTER_SEED=[-8106659381411338889]-HASH=[14406DC76783A180]-cluster]}, ping_response{node [{node_t0}{nMu_6boQR--7IGHETEaC6A}{127.0.0.1}{127.0.0.1:9420}[mode=>network]], id[691], master [null], hasJoinedOnce [true], cluster_name[TEST-CHILD_VM=[0]-CLUSTER_SEED=[-8106659381411338889]-HASH=[14406DC76783A180]-cluster]}, ping_response{node [{node_t0}{nMu_6boQR--7IGHETEaC6A}{127.0.0.1}{127.0.0.1:9420}[mode=>network]], id[691], master [null], hasJoinedOnce [true], cluster_name[TEST-CHILD_VM=[0]-CLUSTER_SEED=[-8106659381411338889]-HASH=[14406DC76783A180]-cluster]}, ping_response{node [{node_t3}{EJh5pphuTEuwcvfHnM8dCQ}{127.0.0.1}{127.0.0.1:9421}[mode=>network]], id[699], master [null], hasJoinedOnce [false], cluster_name[TEST-CHILD_VM=[0]-CLUSTER_SEED=[-8106659381411338889]-HASH=[14406DC76783A180]-cluster]}, ping_response{node [{node_t3}{EJh5pphuTEuwcvfHnM8dCQ}{127.0.0.1}{127.0.0.1:9421}[mode=>network]], id[699], master [null], hasJoinedOnce [false], cluster_name[TEST-CHILD_VM=[0]-CLUSTER_SEED=[-8106659381411338889]-HASH=[14406DC76783A180]-cluster]}, ping_response{node [{node_t3}{EJh5pphuTEuwcvfHnM8dCQ}{127.0.0.1}{127.0.0.1:9421}[mode=>network]], id[699], master [null], hasJoinedOnce [false], cluster_name[TEST-CHILD_VM=[0]-CLUSTER_SEED=[-8106659381411338889]-HASH=[14406DC76783A180]-cluster]}, ping_response{node [{node_t0}{nMu_6boQR--7IGHETEaC6A}{127.0.0.1}{127.0.0.1:9420}[mode=>network]], id[706], master [null], hasJoinedOnce [true], cluster_name[TEST-CHILD_VM=[0]-CLUSTER_SEED=[-8106659381411338889]-HASH=[14406DC76783A180]-cluster]}, ping_response{node [{node_t3}{EJh5pphuTEuwcvfHnM8dCQ}{127.0.0.1}{127.0.0.1:9421}[mode=>network]], id[709], master [null], hasJoinedOnce [false], cluster_name[TEST-CHILD_VM=[0]-CLUSTER_SEED=[-8106659381411338889]-HASH=[14406DC76783A180]-cluster]}]
[2016-03-29 17:29:44,269][TRACE][org.elasticsearch.discovery.zen.ping.unicast] [node_t0] [5] failed to connect to {#zen_unicast_4#}{127.0.0.1}{127.0.0.1:9423}
ConnectTransportException[[][127.0.0.1:9423] connect_timeout[30s]]; nested: ConnectException[Connection refused: /127.0.0.1:9423];
	at org.elasticsearch.transport.netty.NettyTransport.connectToChannelsLight(NettyTransport.java:954)
	at org.elasticsearch.transport.netty.NettyTransport.connectToNode(NettyTransport.java:918)
	at org.elasticsearch.transport.netty.NettyTransport.connectToNodeLight(NettyTransport.java:890)
	at org.elasticsearch.test.transport.MockTransportService$LookupTestTransport.connectToNodeLight(MockTransportService.java:413)
	at org.elasticsearch.transport.TransportService.connectToNodeLight(TransportService.java:242)
	at org.elasticsearch.discovery.zen.ping.unicast.UnicastZenPing$3.run(UnicastZenPing.java:395)
	at java.util.concurrent.ThreadPoolExecutor.runWorker(ThreadPoolExecutor.java:1142)
	at java.util.concurrent.ThreadPoolExecutor$Worker.run(ThreadPoolExecutor.java:617)
	at java.lang.Thread.run(Thread.java:745)
Caused by: java.net.ConnectException: Connection refused: /127.0.0.1:9423
	at sun.nio.ch.SocketChannelImpl.checkConnect(Native Method)
	at sun.nio.ch.SocketChannelImpl.finishConnect(SocketChannelImpl.java:712)
	at org.jboss.netty.channel.socket.nio.NioClientBoss.connect(NioClientBoss.java:152)
	at org.jboss.netty.channel.socket.nio.NioClientBoss.processSelectedKeys(NioClientBoss.java:105)
	at org.jboss.netty.channel.socket.nio.NioClientBoss.process(NioClientBoss.java:79)
	at org.jboss.netty.channel.socket.nio.AbstractNioSelector.run(AbstractNioSelector.java:337)
	at org.jboss.netty.channel.socket.nio.NioClientBoss.run(NioClientBoss.java:42)
	at org.jboss.netty.util.ThreadRenamingRunnable.run(ThreadRenamingRunnable.java:108)
	at org.jboss.netty.util.internal.DeadLockProofWorker$1.run(DeadLockProofWorker.java:42)
	... 3 more
[2016-03-29 17:29:44,269][TRACE][org.elasticsearch.discovery.zen.ping.unicast] [node_t0] replacing {node_t2}{F-u4jQqMTgCSFvClNNIaBA}{127.0.0.1}{127.0.0.1:9421}[mode=>network] with temp node {#zen_unicast_17_F-u4jQqMTgCSFvClNNIaBA#}{127.0.0.1}{127.0.0.1:9421}[mode=>network]
[2016-03-29 17:29:44,270][TRACE][org.elasticsearch.discovery.zen.ping.unicast] [node_t0] [5] failed to connect to {#zen_unicast_8#}{::1}{[::1]:9422}
ConnectTransportException[[][[::1]:9422] connect_timeout[30s]]; nested: ConnectException[Connection refused: /0:0:0:0:0:0:0:1:9422];
	at org.elasticsearch.transport.netty.NettyTransport.connectToChannelsLight(NettyTransport.java:954)
	at org.elasticsearch.transport.netty.NettyTransport.connectToNode(NettyTransport.java:918)
	at org.elasticsearch.transport.netty.NettyTransport.connectToNodeLight(NettyTransport.java:890)
	at org.elasticsearch.test.transport.MockTransportService$LookupTestTransport.connectToNodeLight(MockTransportService.java:413)
	at org.elasticsearch.transport.TransportService.connectToNodeLight(TransportService.java:242)
	at org.elasticsearch.discovery.zen.ping.unicast.UnicastZenPing$3.run(UnicastZenPing.java:395)
	at java.util.concurrent.ThreadPoolExecutor.runWorker(ThreadPoolExecutor.java:1142)
	at java.util.concurrent.ThreadPoolExecutor$Worker.run(ThreadPoolExecutor.java:617)
	at java.lang.Thread.run(Thread.java:745)
Caused by: java.net.ConnectException: Connection refused: /0:0:0:0:0:0:0:1:9422
	at sun.nio.ch.SocketChannelImpl.checkConnect(Native Method)
	at sun.nio.ch.SocketChannelImpl.finishConnect(SocketChannelImpl.java:712)
	at org.jboss.netty.channel.socket.nio.NioClientBoss.connect(NioClientBoss.java:152)
	at org.jboss.netty.channel.socket.nio.NioClientBoss.processSelectedKeys(NioClientBoss.java:105)
	at org.jboss.netty.channel.socket.nio.NioClientBoss.process(NioClientBoss.java:79)
	at org.jboss.netty.channel.socket.nio.AbstractNioSelector.run(AbstractNioSelector.java:337)
	at org.jboss.netty.channel.socket.nio.NioClientBoss.run(NioClientBoss.java:42)
	at org.jboss.netty.util.ThreadRenamingRunnable.run(ThreadRenamingRunnable.java:108)
	at org.jboss.netty.util.internal.DeadLockProofWorker$1.run(DeadLockProofWorker.java:42)
	... 3 more
[2016-03-29 17:29:44,270][TRACE][org.elasticsearch.discovery.zen.ping.unicast] [node_t0] [5] received response from {#zen_unicast_6#}{::1}{[::1]:9420}: [ping_response{node [{node_t2}{F-u4jQqMTgCSFvClNNIaBA}{127.0.0.1}{127.0.0.1:9421}[mode=>network]], id[674], master [null], hasJoinedOnce [false], cluster_name[TEST-CHILD_VM=[0]-CLUSTER_SEED=[-8106659381411338889]-HASH=[14406DC76783A180]-cluster]}, ping_response{node [{node_t2}{F-u4jQqMTgCSFvClNNIaBA}{127.0.0.1}{127.0.0.1:9421}[mode=>network]], id[674], master [null], hasJoinedOnce [false], cluster_name[TEST-CHILD_VM=[0]-CLUSTER_SEED=[-8106659381411338889]-HASH=[14406DC76783A180]-cluster]}, ping_response{node [{node_t2}{F-u4jQqMTgCSFvClNNIaBA}{127.0.0.1}{127.0.0.1:9421}[mode=>network]], id[674], master [null], hasJoinedOnce [false], cluster_name[TEST-CHILD_VM=[0]-CLUSTER_SEED=[-8106659381411338889]-HASH=[14406DC76783A180]-cluster]}, ping_response{node [{node_t0}{nMu_6boQR--7IGHETEaC6A}{127.0.0.1}{127.0.0.1:9420}[mode=>network]], id[681], master [{node_t0}{nMu_6boQR--7IGHETEaC6A}{127.0.0.1}{127.0.0.1:9420}[mode=>network]], hasJoinedOnce [true], cluster_name[TEST-CHILD_VM=[0]-CLUSTER_SEED=[-8106659381411338889]-HASH=[14406DC76783A180]-cluster]}, ping_response{node [{node_t0}{nMu_6boQR--7IGHETEaC6A}{127.0.0.1}{127.0.0.1:9420}[mode=>network]], id[681], master [{node_t0}{nMu_6boQR--7IGHETEaC6A}{127.0.0.1}{127.0.0.1:9420}[mode=>network]], hasJoinedOnce [true], cluster_name[TEST-CHILD_VM=[0]-CLUSTER_SEED=[-8106659381411338889]-HASH=[14406DC76783A180]-cluster]}, ping_response{node [{node_t0}{nMu_6boQR--7IGHETEaC6A}{127.0.0.1}{127.0.0.1:9420}[mode=>network]], id[681], master [{node_t0}{nMu_6boQR--7IGHETEaC6A}{127.0.0.1}{127.0.0.1:9420}[mode=>network]], hasJoinedOnce [true], cluster_name[TEST-CHILD_VM=[0]-CLUSTER_SEED=[-8106659381411338889]-HASH=[14406DC76783A180]-cluster]}, ping_response{node [{node_t3}{EJh5pphuTEuwcvfHnM8dCQ}{127.0.0.1}{127.0.0.1:9421}[mode=>network]], id[685], master [null], hasJoinedOnce [false], cluster_name[TEST-CHILD_VM=[0]-CLUSTER_SEED=[-8106659381411338889]-HASH=[14406DC76783A180]-cluster]}, ping_response{node [{node_t3}{EJh5pphuTEuwcvfHnM8dCQ}{127.0.0.1}{127.0.0.1:9421}[mode=>network]], id[685], master [null], hasJoinedOnce [false], cluster_name[TEST-CHILD_VM=[0]-CLUSTER_SEED=[-8106659381411338889]-HASH=[14406DC76783A180]-cluster]}, ping_response{node [{node_t0}{nMu_6boQR--7IGHETEaC6A}{127.0.0.1}{127.0.0.1:9420}[mode=>network]], id[691], master [null], hasJoinedOnce [true], cluster_name[TEST-CHILD_VM=[0]-CLUSTER_SEED=[-8106659381411338889]-HASH=[14406DC76783A180]-cluster]}, ping_response{node [{node_t0}{nMu_6boQR--7IGHETEaC6A}{127.0.0.1}{127.0.0.1:9420}[mode=>network]], id[691], master [null], hasJoinedOnce [true], cluster_name[TEST-CHILD_VM=[0]-CLUSTER_SEED=[-8106659381411338889]-HASH=[14406DC76783A180]-cluster]}, ping_response{node [{node_t0}{nMu_6boQR--7IGHETEaC6A}{127.0.0.1}{127.0.0.1:9420}[mode=>network]], id[691], master [null], hasJoinedOnce [true], cluster_name[TEST-CHILD_VM=[0]-CLUSTER_SEED=[-8106659381411338889]-HASH=[14406DC76783A180]-cluster]}, ping_response{node [{node_t3}{EJh5pphuTEuwcvfHnM8dCQ}{127.0.0.1}{127.0.0.1:9421}[mode=>network]], id[699], master [null], hasJoinedOnce [false], cluster_name[TEST-CHILD_VM=[0]-CLUSTER_SEED=[-8106659381411338889]-HASH=[14406DC76783A180]-cluster]}, ping_response{node [{node_t3}{EJh5pphuTEuwcvfHnM8dCQ}{127.0.0.1}{127.0.0.1:9421}[mode=>network]], id[699], master [null], hasJoinedOnce [false], cluster_name[TEST-CHILD_VM=[0]-CLUSTER_SEED=[-8106659381411338889]-HASH=[14406DC76783A180]-cluster]}, ping_response{node [{node_t3}{EJh5pphuTEuwcvfHnM8dCQ}{127.0.0.1}{127.0.0.1:9421}[mode=>network]], id[699], master [null], hasJoinedOnce [false], cluster_name[TEST-CHILD_VM=[0]-CLUSTER_SEED=[-8106659381411338889]-HASH=[14406DC76783A180]-cluster]}, ping_response{node [{node_t0}{nMu_6boQR--7IGHETEaC6A}{127.0.0.1}{127.0.0.1:9420}[mode=>network]], id[706], master [null], hasJoinedOnce [true], cluster_name[TEST-CHILD_VM=[0]-CLUSTER_SEED=[-8106659381411338889]-HASH=[14406DC76783A180]-cluster]}, ping_response{node [{node_t0}{nMu_6boQR--7IGHETEaC6A}{127.0.0.1}{127.0.0.1:9420}[mode=>network]], id[706], master [null], hasJoinedOnce [true], cluster_name[TEST-CHILD_VM=[0]-CLUSTER_SEED=[-8106659381411338889]-HASH=[14406DC76783A180]-cluster]}, ping_response{node [{node_t0}{nMu_6boQR--7IGHETEaC6A}{127.0.0.1}{127.0.0.1:9420}[mode=>network]], id[708], master [null], hasJoinedOnce [true], cluster_name[TEST-CHILD_VM=[0]-CLUSTER_SEED=[-8106659381411338889]-HASH=[14406DC76783A180]-cluster]}]
[2016-03-29 17:29:44,270][TRACE][org.elasticsearch.discovery.zen.ping.unicast] [node_t0] [5] failed to connect to {#zen_unicast_10#}{::1}{[::1]:9424}
ConnectTransportException[[][[::1]:9424] connect_timeout[30s]]; nested: ConnectException[Connection refused: /0:0:0:0:0:0:0:1:9424];
	at org.elasticsearch.transport.netty.NettyTransport.connectToChannelsLight(NettyTransport.java:954)
	at org.elasticsearch.transport.netty.NettyTransport.connectToNode(NettyTransport.java:918)
	at org.elasticsearch.transport.netty.NettyTransport.connectToNodeLight(NettyTransport.java:890)
	at org.elasticsearch.test.transport.MockTransportService$LookupTestTransport.connectToNodeLight(MockTransportService.java:413)
	at org.elasticsearch.transport.TransportService.connectToNodeLight(TransportService.java:242)
	at org.elasticsearch.discovery.zen.ping.unicast.UnicastZenPing$3.run(UnicastZenPing.java:395)
	at java.util.concurrent.ThreadPoolExecutor.runWorker(ThreadPoolExecutor.java:1142)
	at java.util.concurrent.ThreadPoolExecutor$Worker.run(ThreadPoolExecutor.java:617)
	at java.lang.Thread.run(Thread.java:745)
Caused by: java.net.ConnectException: Connection refused: /0:0:0:0:0:0:0:1:9424
	at sun.nio.ch.SocketChannelImpl.checkConnect(Native Method)
	at sun.nio.ch.SocketChannelImpl.finishConnect(SocketChannelImpl.java:712)
	at org.jboss.netty.channel.socket.nio.NioClientBoss.connect(NioClientBoss.java:152)
	at org.jboss.netty.channel.socket.nio.NioClientBoss.processSelectedKeys(NioClientBoss.java:105)
	at org.jboss.netty.channel.socket.nio.NioClientBoss.process(NioClientBoss.java:79)
	at org.jboss.netty.channel.socket.nio.AbstractNioSelector.run(AbstractNioSelector.java:337)
	at org.jboss.netty.channel.socket.nio.NioClientBoss.run(NioClientBoss.java:42)
	at org.jboss.netty.util.ThreadRenamingRunnable.run(ThreadRenamingRunnable.java:108)
	at org.jboss.netty.util.internal.DeadLockProofWorker$1.run(DeadLockProofWorker.java:42)
	... 3 more
[2016-03-29 17:29:44,271][TRACE][org.elasticsearch.discovery.zen.ping.unicast] [node_t0] [5] received response from {#zen_unicast_7#}{::1}{[::1]:9421}: [ping_response{node [{node_t3}{EJh5pphuTEuwcvfHnM8dCQ}{127.0.0.1}{127.0.0.1:9421}[mode=>network]], id[685], master [null], hasJoinedOnce [false], cluster_name[TEST-CHILD_VM=[0]-CLUSTER_SEED=[-8106659381411338889]-HASH=[14406DC76783A180]-cluster]}, ping_response{node [{node_t3}{EJh5pphuTEuwcvfHnM8dCQ}{127.0.0.1}{127.0.0.1:9421}[mode=>network]], id[685], master [null], hasJoinedOnce [false], cluster_name[TEST-CHILD_VM=[0]-CLUSTER_SEED=[-8106659381411338889]-HASH=[14406DC76783A180]-cluster]}, ping_response{node [{node_t3}{EJh5pphuTEuwcvfHnM8dCQ}{127.0.0.1}{127.0.0.1:9421}[mode=>network]], id[685], master [null], hasJoinedOnce [false], cluster_name[TEST-CHILD_VM=[0]-CLUSTER_SEED=[-8106659381411338889]-HASH=[14406DC76783A180]-cluster]}, ping_response{node [{node_t0}{nMu_6boQR--7IGHETEaC6A}{127.0.0.1}{127.0.0.1:9420}[mode=>network]], id[691], master [null], hasJoinedOnce [true], cluster_name[TEST-CHILD_VM=[0]-CLUSTER_SEED=[-8106659381411338889]-HASH=[14406DC76783A180]-cluster]}, ping_response{node [{node_t0}{nMu_6boQR--7IGHETEaC6A}{127.0.0.1}{127.0.0.1:9420}[mode=>network]], id[691], master [null], hasJoinedOnce [true], cluster_name[TEST-CHILD_VM=[0]-CLUSTER_SEED=[-8106659381411338889]-HASH=[14406DC76783A180]-cluster]}, ping_response{node [{node_t0}{nMu_6boQR--7IGHETEaC6A}{127.0.0.1}{127.0.0.1:9420}[mode=>network]], id[691], master [null], hasJoinedOnce [true], cluster_name[TEST-CHILD_VM=[0]-CLUSTER_SEED=[-8106659381411338889]-HASH=[14406DC76783A180]-cluster]}, ping_response{node [{node_t0}{nMu_6boQR--7IGHETEaC6A}{127.0.0.1}{127.0.0.1:9420}[mode=>network]], id[691], master [null], hasJoinedOnce [true], cluster_name[TEST-CHILD_VM=[0]-CLUSTER_SEED=[-8106659381411338889]-HASH=[14406DC76783A180]-cluster]}, ping_response{node [{node_t3}{EJh5pphuTEuwcvfHnM8dCQ}{127.0.0.1}{127.0.0.1:9421}[mode=>network]], id[699], master [null], hasJoinedOnce [false], cluster_name[TEST-CHILD_VM=[0]-CLUSTER_SEED=[-8106659381411338889]-HASH=[14406DC76783A180]-cluster]}, ping_response{node [{node_t3}{EJh5pphuTEuwcvfHnM8dCQ}{127.0.0.1}{127.0.0.1:9421}[mode=>network]], id[699], master [null], hasJoinedOnce [false], cluster_name[TEST-CHILD_VM=[0]-CLUSTER_SEED=[-8106659381411338889]-HASH=[14406DC76783A180]-cluster]}, ping_response{node [{node_t3}{EJh5pphuTEuwcvfHnM8dCQ}{127.0.0.1}{127.0.0.1:9421}[mode=>network]], id[699], master [null], hasJoinedOnce [false], cluster_name[TEST-CHILD_VM=[0]-CLUSTER_SEED=[-8106659381411338889]-HASH=[14406DC76783A180]-cluster]}, ping_response{node [{node_t0}{nMu_6boQR--7IGHETEaC6A}{127.0.0.1}{127.0.0.1:9420}[mode=>network]], id[706], master [null], hasJoinedOnce [true], cluster_name[TEST-CHILD_VM=[0]-CLUSTER_SEED=[-8106659381411338889]-HASH=[14406DC76783A180]-cluster]}, ping_response{node [{node_t0}{nMu_6boQR--7IGHETEaC6A}{127.0.0.1}{127.0.0.1:9420}[mode=>network]], id[706], master [null], hasJoinedOnce [true], cluster_name[TEST-CHILD_VM=[0]-CLUSTER_SEED=[-8106659381411338889]-HASH=[14406DC76783A180]-cluster]}, ping_response{node [{node_t3}{EJh5pphuTEuwcvfHnM8dCQ}{127.0.0.1}{127.0.0.1:9421}[mode=>network]], id[710], master [null], hasJoinedOnce [false], cluster_name[TEST-CHILD_VM=[0]-CLUSTER_SEED=[-8106659381411338889]-HASH=[14406DC76783A180]-cluster]}]
[2016-03-29 17:29:44,270][TRACE][org.elasticsearch.discovery.zen.ping.unicast] [node_t0] [5] failed to connect to {#zen_unicast_9#}{::1}{[::1]:9423}
ConnectTransportException[[][[::1]:9423] connect_timeout[30s]]; nested: ConnectException[Connection refused: /0:0:0:0:0:0:0:1:9423];
	at org.elasticsearch.transport.netty.NettyTransport.connectToChannelsLight(NettyTransport.java:954)
	at org.elasticsearch.transport.netty.NettyTransport.connectToNode(NettyTransport.java:918)
	at org.elasticsearch.transport.netty.NettyTransport.connectToNodeLight(NettyTransport.java:890)
	at org.elasticsearch.test.transport.MockTransportService$LookupTestTransport.connectToNodeLight(MockTransportService.java:413)
	at org.elasticsearch.transport.TransportService.connectToNodeLight(TransportService.java:242)
	at org.elasticsearch.discovery.zen.ping.unicast.UnicastZenPing$3.run(UnicastZenPing.java:395)
	at java.util.concurrent.ThreadPoolExecutor.runWorker(ThreadPoolExecutor.java:1142)
	at java.util.concurrent.ThreadPoolExecutor$Worker.run(ThreadPoolExecutor.java:617)
	at java.lang.Thread.run(Thread.java:745)
Caused by: java.net.ConnectException: Connection refused: /0:0:0:0:0:0:0:1:9423
	at sun.nio.ch.SocketChannelImpl.checkConnect(Native Method)
	at sun.nio.ch.SocketChannelImpl.finishConnect(SocketChannelImpl.java:712)
	at org.jboss.netty.channel.socket.nio.NioClientBoss.connect(NioClientBoss.java:152)
	at org.jboss.netty.channel.socket.nio.NioClientBoss.processSelectedKeys(NioClientBoss.java:105)
	at org.jboss.netty.channel.socket.nio.NioClientBoss.process(NioClientBoss.java:79)
	at org.jboss.netty.channel.socket.nio.AbstractNioSelector.run(AbstractNioSelector.java:337)
	at org.jboss.netty.channel.socket.nio.NioClientBoss.run(NioClientBoss.java:42)
	at org.jboss.netty.util.ThreadRenamingRunnable.run(ThreadRenamingRunnable.java:108)
	at org.jboss.netty.util.internal.DeadLockProofWorker$1.run(DeadLockProofWorker.java:42)
	... 3 more
[2016-03-29 17:29:44,269][TRACE][org.elasticsearch.discovery.zen.ping.unicast] [node_t0] [5] failed to connect to {#zen_unicast_3#}{127.0.0.1}{127.0.0.1:9422}
ConnectTransportException[[][127.0.0.1:9422] connect_timeout[30s]]; nested: ConnectException[Connection refused: /127.0.0.1:9422];
	at org.elasticsearch.transport.netty.NettyTransport.connectToChannelsLight(NettyTransport.java:954)
	at org.elasticsearch.transport.netty.NettyTransport.connectToNode(NettyTransport.java:918)
	at org.elasticsearch.transport.netty.NettyTransport.connectToNodeLight(NettyTransport.java:890)
	at org.elasticsearch.test.transport.MockTransportService$LookupTestTransport.connectToNodeLight(MockTransportService.java:413)
	at org.elasticsearch.transport.TransportService.connectToNodeLight(TransportService.java:242)
	at org.elasticsearch.discovery.zen.ping.unicast.UnicastZenPing$3.run(UnicastZenPing.java:395)
	at java.util.concurrent.ThreadPoolExecutor.runWorker(ThreadPoolExecutor.java:1142)
	at java.util.concurrent.ThreadPoolExecutor$Worker.run(ThreadPoolExecutor.java:617)
	at java.lang.Thread.run(Thread.java:745)
Caused by: java.net.ConnectException: Connection refused: /127.0.0.1:9422
	at sun.nio.ch.SocketChannelImpl.checkConnect(Native Method)
	at sun.nio.ch.SocketChannelImpl.finishConnect(SocketChannelImpl.java:712)
	at org.jboss.netty.channel.socket.nio.NioClientBoss.connect(NioClientBoss.java:152)
	at org.jboss.netty.channel.socket.nio.NioClientBoss.processSelectedKeys(NioClientBoss.java:105)
	at org.jboss.netty.channel.socket.nio.NioClientBoss.process(NioClientBoss.java:79)
	at org.jboss.netty.channel.socket.nio.AbstractNioSelector.run(AbstractNioSelector.java:337)
	at org.jboss.netty.channel.socket.nio.NioClientBoss.run(NioClientBoss.java:42)
	at org.jboss.netty.util.ThreadRenamingRunnable.run(ThreadRenamingRunnable.java:108)
	at org.jboss.netty.util.internal.DeadLockProofWorker$1.run(DeadLockProofWorker.java:42)
	... 3 more
[2016-03-29 17:29:44,269][TRACE][org.elasticsearch.discovery.zen.ping.unicast] [node_t0] [5] failed to connect to {#zen_unicast_5#}{127.0.0.1}{127.0.0.1:9424}
ConnectTransportException[[][127.0.0.1:9424] connect_timeout[30s]]; nested: ConnectException[Connection refused: /127.0.0.1:9424];
	at org.elasticsearch.transport.netty.NettyTransport.connectToChannelsLight(NettyTransport.java:954)
	at org.elasticsearch.transport.netty.NettyTransport.connectToNode(NettyTransport.java:918)
	at org.elasticsearch.transport.netty.NettyTransport.connectToNodeLight(NettyTransport.java:890)
	at org.elasticsearch.test.transport.MockTransportService$LookupTestTransport.connectToNodeLight(MockTransportService.java:413)
	at org.elasticsearch.transport.TransportService.connectToNodeLight(TransportService.java:242)
	at org.elasticsearch.discovery.zen.ping.unicast.UnicastZenPing$3.run(UnicastZenPing.java:395)
	at java.util.concurrent.ThreadPoolExecutor.runWorker(ThreadPoolExecutor.java:1142)
	at java.util.concurrent.ThreadPoolExecutor$Worker.run(ThreadPoolExecutor.java:617)
	at java.lang.Thread.run(Thread.java:745)
Caused by: java.net.ConnectException: Connection refused: /127.0.0.1:9424
	at sun.nio.ch.SocketChannelImpl.checkConnect(Native Method)
	at sun.nio.ch.SocketChannelImpl.finishConnect(SocketChannelImpl.java:712)
	at org.jboss.netty.channel.socket.nio.NioClientBoss.connect(NioClientBoss.java:152)
	at org.jboss.netty.channel.socket.nio.NioClientBoss.processSelectedKeys(NioClientBoss.java:105)
	at org.jboss.netty.channel.socket.nio.NioClientBoss.process(NioClientBoss.java:79)
	at org.jboss.netty.channel.socket.nio.AbstractNioSelector.run(AbstractNioSelector.java:337)
	at org.jboss.netty.channel.socket.nio.NioClientBoss.run(NioClientBoss.java:42)
	at org.jboss.netty.util.ThreadRenamingRunnable.run(ThreadRenamingRunnable.java:108)
	at org.jboss.netty.util.internal.DeadLockProofWorker$1.run(DeadLockProofWorker.java:42)
	... 3 more
[2016-03-29 17:29:44,270][TRACE][org.elasticsearch.discovery.zen.ping.unicast] [node_t0] [5] connected to {node_t3}{EJh5pphuTEuwcvfHnM8dCQ}{127.0.0.1}{127.0.0.1:9421}[mode=>network]
[2016-03-29 17:29:44,270][TRACE][org.elasticsearch.discovery.zen.ping.unicast] [node_t0] [5] connecting (light) to {#zen_unicast_17_F-u4jQqMTgCSFvClNNIaBA#}{127.0.0.1}{127.0.0.1:9421}[mode=>network]
[2016-03-29 17:29:44,270][TRACE][org.elasticsearch.discovery.zen.ping.unicast] [node_t0] [5] sending to {node_t0}{nMu_6boQR--7IGHETEaC6A}{127.0.0.1}{127.0.0.1:9420}[mode=>network]
[2016-03-29 17:29:44,272][TRACE][org.elasticsearch.discovery.zen.ping.unicast] [node_t0] [5] sending to {#zen_unicast_16_EJh5pphuTEuwcvfHnM8dCQ#}{127.0.0.1}{127.0.0.1:9421}[mode=>network]
[2016-03-29 17:29:44,272][TRACE][org.elasticsearch.discovery.zen.ping.unicast] [node_t0] [5] received response from {node_t0}{nMu_6boQR--7IGHETEaC6A}{127.0.0.1}{127.0.0.1:9420}[mode=>network]: [ping_response{node [{node_t2}{F-u4jQqMTgCSFvClNNIaBA}{127.0.0.1}{127.0.0.1:9421}[mode=>network]], id[674], master [null], hasJoinedOnce [false], cluster_name[TEST-CHILD_VM=[0]-CLUSTER_SEED=[-8106659381411338889]-HASH=[14406DC76783A180]-cluster]}, ping_response{node [{node_t2}{F-u4jQqMTgCSFvClNNIaBA}{127.0.0.1}{127.0.0.1:9421}[mode=>network]], id[674], master [null], hasJoinedOnce [false], cluster_name[TEST-CHILD_VM=[0]-CLUSTER_SEED=[-8106659381411338889]-HASH=[14406DC76783A180]-cluster]}, ping_response{node [{node_t2}{F-u4jQqMTgCSFvClNNIaBA}{127.0.0.1}{127.0.0.1:9421}[mode=>network]], id[674], master [null], hasJoinedOnce [false], cluster_name[TEST-CHILD_VM=[0]-CLUSTER_SEED=[-8106659381411338889]-HASH=[14406DC76783A180]-cluster]}, ping_response{node [{node_t0}{nMu_6boQR--7IGHETEaC6A}{127.0.0.1}{127.0.0.1:9420}[mode=>network]], id[681], master [{node_t0}{nMu_6boQR--7IGHETEaC6A}{127.0.0.1}{127.0.0.1:9420}[mode=>network]], hasJoinedOnce [true], cluster_name[TEST-CHILD_VM=[0]-CLUSTER_SEED=[-8106659381411338889]-HASH=[14406DC76783A180]-cluster]}, ping_response{node [{node_t0}{nMu_6boQR--7IGHETEaC6A}{127.0.0.1}{127.0.0.1:9420}[mode=>network]], id[681], master [{node_t0}{nMu_6boQR--7IGHETEaC6A}{127.0.0.1}{127.0.0.1:9420}[mode=>network]], hasJoinedOnce [true], cluster_name[TEST-CHILD_VM=[0]-CLUSTER_SEED=[-8106659381411338889]-HASH=[14406DC76783A180]-cluster]}, ping_response{node [{node_t0}{nMu_6boQR--7IGHETEaC6A}{127.0.0.1}{127.0.0.1:9420}[mode=>network]], id[681], master [{node_t0}{nMu_6boQR--7IGHETEaC6A}{127.0.0.1}{127.0.0.1:9420}[mode=>network]], hasJoinedOnce [true], cluster_name[TEST-CHILD_VM=[0]-CLUSTER_SEED=[-8106659381411338889]-HASH=[14406DC76783A180]-cluster]}, ping_response{node [{node_t3}{EJh5pphuTEuwcvfHnM8dCQ}{127.0.0.1}{127.0.0.1:9421}[mode=>network]], id[685], master [null], hasJoinedOnce [false], cluster_name[TEST-CHILD_VM=[0]-CLUSTER_SEED=[-8106659381411338889]-HASH=[14406DC76783A180]-cluster]}, ping_response{node [{node_t3}{EJh5pphuTEuwcvfHnM8dCQ}{127.0.0.1}{127.0.0.1:9421}[mode=>network]], id[685], master [null], hasJoinedOnce [false], cluster_name[TEST-CHILD_VM=[0]-CLUSTER_SEED=[-8106659381411338889]-HASH=[14406DC76783A180]-cluster]}, ping_response{node [{node_t0}{nMu_6boQR--7IGHETEaC6A}{127.0.0.1}{127.0.0.1:9420}[mode=>network]], id[691], master [null], hasJoinedOnce [true], cluster_name[TEST-CHILD_VM=[0]-CLUSTER_SEED=[-8106659381411338889]-HASH=[14406DC76783A180]-cluster]}, ping_response{node [{node_t0}{nMu_6boQR--7IGHETEaC6A}{127.0.0.1}{127.0.0.1:9420}[mode=>network]], id[691], master [null], hasJoinedOnce [true], cluster_name[TEST-CHILD_VM=[0]-CLUSTER_SEED=[-8106659381411338889]-HASH=[14406DC76783A180]-cluster]}, ping_response{node [{node_t0}{nMu_6boQR--7IGHETEaC6A}{127.0.0.1}{127.0.0.1:9420}[mode=>network]], id[691], master [null], hasJoinedOnce [true], cluster_name[TEST-CHILD_VM=[0]-CLUSTER_SEED=[-8106659381411338889]-HASH=[14406DC76783A180]-cluster]}, ping_response{node [{node_t3}{EJh5pphuTEuwcvfHnM8dCQ}{127.0.0.1}{127.0.0.1:9421}[mode=>network]], id[699], master [null], hasJoinedOnce [false], cluster_name[TEST-CHILD_VM=[0]-CLUSTER_SEED=[-8106659381411338889]-HASH=[14406DC76783A180]-cluster]}, ping_response{node [{node_t3}{EJh5pphuTEuwcvfHnM8dCQ}{127.0.0.1}{127.0.0.1:9421}[mode=>network]], id[699], master [null], hasJoinedOnce [false], cluster_name[TEST-CHILD_VM=[0]-CLUSTER_SEED=[-8106659381411338889]-HASH=[14406DC76783A180]-cluster]}, ping_response{node [{node_t3}{EJh5pphuTEuwcvfHnM8dCQ}{127.0.0.1}{127.0.0.1:9421}[mode=>network]], id[699], master [null], hasJoinedOnce [false], cluster_name[TEST-CHILD_VM=[0]-CLUSTER_SEED=[-8106659381411338889]-HASH=[14406DC76783A180]-cluster]}, ping_response{node [{node_t0}{nMu_6boQR--7IGHETEaC6A}{127.0.0.1}{127.0.0.1:9420}[mode=>network]], id[706], master [null], hasJoinedOnce [true], cluster_name[TEST-CHILD_VM=[0]-CLUSTER_SEED=[-8106659381411338889]-HASH=[14406DC76783A180]-cluster]}, ping_response{node [{node_t0}{nMu_6boQR--7IGHETEaC6A}{127.0.0.1}{127.0.0.1:9420}[mode=>network]], id[706], master [null], hasJoinedOnce [true], cluster_name[TEST-CHILD_VM=[0]-CLUSTER_SEED=[-8106659381411338889]-HASH=[14406DC76783A180]-cluster]}, ping_response{node [{node_t0}{nMu_6boQR--7IGHETEaC6A}{127.0.0.1}{127.0.0.1:9420}[mode=>network]], id[706], master [null], hasJoinedOnce [true], cluster_name[TEST-CHILD_VM=[0]-CLUSTER_SEED=[-8106659381411338889]-HASH=[14406DC76783A180]-cluster]}, ping_response{node [{node_t0}{nMu_6boQR--7IGHETEaC6A}{127.0.0.1}{127.0.0.1:9420}[mode=>network]], id[711], master [null], hasJoinedOnce [true], cluster_name[TEST-CHILD_VM=[0]-CLUSTER_SEED=[-8106659381411338889]-HASH=[14406DC76783A180]-cluster]}]
[2016-03-29 17:29:44,272][TRACE][org.elasticsearch.discovery.zen.ping.unicast] [node_t0] [5] connected to {node_t2}{F-u4jQqMTgCSFvClNNIaBA}{127.0.0.1}{127.0.0.1:9421}[mode=>network]
[2016-03-29 17:29:44,272][TRACE][org.elasticsearch.discovery.zen.ping.unicast] [node_t0] [5] sending to {#zen_unicast_17_F-u4jQqMTgCSFvClNNIaBA#}{127.0.0.1}{127.0.0.1:9421}[mode=>network]
[2016-03-29 17:29:44,273][TRACE][org.elasticsearch.discovery.zen.ping.unicast] [node_t0] [5] received response from {#zen_unicast_16_EJh5pphuTEuwcvfHnM8dCQ#}{127.0.0.1}{127.0.0.1:9421}[mode=>network]: [ping_response{node [{node_t3}{EJh5pphuTEuwcvfHnM8dCQ}{127.0.0.1}{127.0.0.1:9421}[mode=>network]], id[685], master [null], hasJoinedOnce [false], cluster_name[TEST-CHILD_VM=[0]-CLUSTER_SEED=[-8106659381411338889]-HASH=[14406DC76783A180]-cluster]}, ping_response{node [{node_t3}{EJh5pphuTEuwcvfHnM8dCQ}{127.0.0.1}{127.0.0.1:9421}[mode=>network]], id[685], master [null], hasJoinedOnce [false], cluster_name[TEST-CHILD_VM=[0]-CLUSTER_SEED=[-8106659381411338889]-HASH=[14406DC76783A180]-cluster]}, ping_response{node [{node_t3}{EJh5pphuTEuwcvfHnM8dCQ}{127.0.0.1}{127.0.0.1:9421}[mode=>network]], id[685], master [null], hasJoinedOnce [false], cluster_name[TEST-CHILD_VM=[0]-CLUSTER_SEED=[-8106659381411338889]-HASH=[14406DC76783A180]-cluster]}, ping_response{node [{node_t0}{nMu_6boQR--7IGHETEaC6A}{127.0.0.1}{127.0.0.1:9420}[mode=>network]], id[691], master [null], hasJoinedOnce [true], cluster_name[TEST-CHILD_VM=[0]-CLUSTER_SEED=[-8106659381411338889]-HASH=[14406DC76783A180]-cluster]}, ping_response{node [{node_t0}{nMu_6boQR--7IGHETEaC6A}{127.0.0.1}{127.0.0.1:9420}[mode=>network]], id[691], master [null], hasJoinedOnce [true], cluster_name[TEST-CHILD_VM=[0]-CLUSTER_SEED=[-8106659381411338889]-HASH=[14406DC76783A180]-cluster]}, ping_response{node [{node_t0}{nMu_6boQR--7IGHETEaC6A}{127.0.0.1}{127.0.0.1:9420}[mode=>network]], id[691], master [null], hasJoinedOnce [true], cluster_name[TEST-CHILD_VM=[0]-CLUSTER_SEED=[-8106659381411338889]-HASH=[14406DC76783A180]-cluster]}, ping_response{node [{node_t0}{nMu_6boQR--7IGHETEaC6A}{127.0.0.1}{127.0.0.1:9420}[mode=>network]], id[691], master [null], hasJoinedOnce [true], cluster_name[TEST-CHILD_VM=[0]-CLUSTER_SEED=[-8106659381411338889]-HASH=[14406DC76783A180]-cluster]}, ping_response{node [{node_t3}{EJh5pphuTEuwcvfHnM8dCQ}{127.0.0.1}{127.0.0.1:9421}[mode=>network]], id[699], master [null], hasJoinedOnce [false], cluster_name[TEST-CHILD_VM=[0]-CLUSTER_SEED=[-8106659381411338889]-HASH=[14406DC76783A180]-cluster]}, ping_response{node [{node_t3}{EJh5pphuTEuwcvfHnM8dCQ}{127.0.0.1}{127.0.0.1:9421}[mode=>network]], id[699], master [null], hasJoinedOnce [false], cluster_name[TEST-CHILD_VM=[0]-CLUSTER_SEED=[-8106659381411338889]-HASH=[14406DC76783A180]-cluster]}, ping_response{node [{node_t3}{EJh5pphuTEuwcvfHnM8dCQ}{127.0.0.1}{127.0.0.1:9421}[mode=>network]], id[699], master [null], hasJoinedOnce [false], cluster_name[TEST-CHILD_VM=[0]-CLUSTER_SEED=[-8106659381411338889]-HASH=[14406DC76783A180]-cluster]}, ping_response{node [{node_t0}{nMu_6boQR--7IGHETEaC6A}{127.0.0.1}{127.0.0.1:9420}[mode=>network]], id[706], master [null], hasJoinedOnce [true], cluster_name[TEST-CHILD_VM=[0]-CLUSTER_SEED=[-8106659381411338889]-HASH=[14406DC76783A180]-cluster]}, ping_response{node [{node_t0}{nMu_6boQR--7IGHETEaC6A}{127.0.0.1}{127.0.0.1:9420}[mode=>network]], id[706], master [null], hasJoinedOnce [true], cluster_name[TEST-CHILD_VM=[0]-CLUSTER_SEED=[-8106659381411338889]-HASH=[14406DC76783A180]-cluster]}, ping_response{node [{node_t0}{nMu_6boQR--7IGHETEaC6A}{127.0.0.1}{127.0.0.1:9420}[mode=>network]], id[706], master [null], hasJoinedOnce [true], cluster_name[TEST-CHILD_VM=[0]-CLUSTER_SEED=[-8106659381411338889]-HASH=[14406DC76783A180]-cluster]}, ping_response{node [{node_t3}{EJh5pphuTEuwcvfHnM8dCQ}{127.0.0.1}{127.0.0.1:9421}[mode=>network]], id[712], master [null], hasJoinedOnce [false], cluster_name[TEST-CHILD_VM=[0]-CLUSTER_SEED=[-8106659381411338889]-HASH=[14406DC76783A180]-cluster]}]
[2016-03-29 17:29:44,273][TRACE][org.elasticsearch.discovery.zen.ping.unicast] [node_t0] [5] received response from {#zen_unicast_17_F-u4jQqMTgCSFvClNNIaBA#}{127.0.0.1}{127.0.0.1:9421}[mode=>network]: [ping_response{node [{node_t3}{EJh5pphuTEuwcvfHnM8dCQ}{127.0.0.1}{127.0.0.1:9421}[mode=>network]], id[685], master [null], hasJoinedOnce [false], cluster_name[TEST-CHILD_VM=[0]-CLUSTER_SEED=[-8106659381411338889]-HASH=[14406DC76783A180]-cluster]}, ping_response{node [{node_t3}{EJh5pphuTEuwcvfHnM8dCQ}{127.0.0.1}{127.0.0.1:9421}[mode=>network]], id[685], master [null], hasJoinedOnce [false], cluster_name[TEST-CHILD_VM=[0]-CLUSTER_SEED=[-8106659381411338889]-HASH=[14406DC76783A180]-cluster]}, ping_response{node [{node_t3}{EJh5pphuTEuwcvfHnM8dCQ}{127.0.0.1}{127.0.0.1:9421}[mode=>network]], id[685], master [null], hasJoinedOnce [false], cluster_name[TEST-CHILD_VM=[0]-CLUSTER_SEED=[-8106659381411338889]-HASH=[14406DC76783A180]-cluster]}, ping_response{node [{node_t0}{nMu_6boQR--7IGHETEaC6A}{127.0.0.1}{127.0.0.1:9420}[mode=>network]], id[691], master [null], hasJoinedOnce [true], cluster_name[TEST-CHILD_VM=[0]-CLUSTER_SEED=[-8106659381411338889]-HASH=[14406DC76783A180]-cluster]}, ping_response{node [{node_t0}{nMu_6boQR--7IGHETEaC6A}{127.0.0.1}{127.0.0.1:9420}[mode=>network]], id[691], master [null], hasJoinedOnce [true], cluster_name[TEST-CHILD_VM=[0]-CLUSTER_SEED=[-8106659381411338889]-HASH=[14406DC76783A180]-cluster]}, ping_response{node [{node_t0}{nMu_6boQR--7IGHETEaC6A}{127.0.0.1}{127.0.0.1:9420}[mode=>network]], id[691], master [null], hasJoinedOnce [true], cluster_name[TEST-CHILD_VM=[0]-CLUSTER_SEED=[-8106659381411338889]-HASH=[14406DC76783A180]-cluster]}, ping_response{node [{node_t0}{nMu_6boQR--7IGHETEaC6A}{127.0.0.1}{127.0.0.1:9420}[mode=>network]], id[691], master [null], hasJoinedOnce [true], cluster_name[TEST-CHILD_VM=[0]-CLUSTER_SEED=[-8106659381411338889]-HASH=[14406DC76783A180]-cluster]}, ping_response{node [{node_t3}{EJh5pphuTEuwcvfHnM8dCQ}{127.0.0.1}{127.0.0.1:9421}[mode=>network]], id[699], master [null], hasJoinedOnce [false], cluster_name[TEST-CHILD_VM=[0]-CLUSTER_SEED=[-8106659381411338889]-HASH=[14406DC76783A180]-cluster]}, ping_response{node [{node_t3}{EJh5pphuTEuwcvfHnM8dCQ}{127.0.0.1}{127.0.0.1:9421}[mode=>network]], id[699], master [null], hasJoinedOnce [false], cluster_name[TEST-CHILD_VM=[0]-CLUSTER_SEED=[-8106659381411338889]-HASH=[14406DC76783A180]-cluster]}, ping_response{node [{node_t3}{EJh5pphuTEuwcvfHnM8dCQ}{127.0.0.1}{127.0.0.1:9421}[mode=>network]], id[699], master [null], hasJoinedOnce [false], cluster_name[TEST-CHILD_VM=[0]-CLUSTER_SEED=[-8106659381411338889]-HASH=[14406DC76783A180]-cluster]}, ping_response{node [{node_t0}{nMu_6boQR--7IGHETEaC6A}{127.0.0.1}{127.0.0.1:9420}[mode=>network]], id[706], master [null], hasJoinedOnce [true], cluster_name[TEST-CHILD_VM=[0]-CLUSTER_SEED=[-8106659381411338889]-HASH=[14406DC76783A180]-cluster]}, ping_response{node [{node_t0}{nMu_6boQR--7IGHETEaC6A}{127.0.0.1}{127.0.0.1:9420}[mode=>network]], id[706], master [null], hasJoinedOnce [true], cluster_name[TEST-CHILD_VM=[0]-CLUSTER_SEED=[-8106659381411338889]-HASH=[14406DC76783A180]-cluster]}, ping_response{node [{node_t0}{nMu_6boQR--7IGHETEaC6A}{127.0.0.1}{127.0.0.1:9420}[mode=>network]], id[706], master [null], hasJoinedOnce [true], cluster_name[TEST-CHILD_VM=[0]-CLUSTER_SEED=[-8106659381411338889]-HASH=[14406DC76783A180]-cluster]}, ping_response{node [{node_t0}{nMu_6boQR--7IGHETEaC6A}{127.0.0.1}{127.0.0.1:9420}[mode=>network]], id[706], master [null], hasJoinedOnce [true], cluster_name[TEST-CHILD_VM=[0]-CLUSTER_SEED=[-8106659381411338889]-HASH=[14406DC76783A180]-cluster]}, ping_response{node [{node_t3}{EJh5pphuTEuwcvfHnM8dCQ}{127.0.0.1}{127.0.0.1:9421}[mode=>network]], id[713], master [null], hasJoinedOnce [false], cluster_name[TEST-CHILD_VM=[0]-CLUSTER_SEED=[-8106659381411338889]-HASH=[14406DC76783A180]-cluster]}]
[2016-03-29 17:29:44,273][TRACE][org.elasticsearch.discovery.zen.ping.unicast] [node_t0] [5] disconnecting from {#zen_unicast_2#}{127.0.0.1}{127.0.0.1:9421}
[2016-03-29 17:29:44,273][TRACE][org.elasticsearch.discovery.zen] [node_t0] full ping responses:
	--> ping_response{node [{node_t3}{EJh5pphuTEuwcvfHnM8dCQ}{127.0.0.1}{127.0.0.1:9421}[mode=>network]], id[713], master [null], hasJoinedOnce [false], cluster_name[TEST-CHILD_VM=[0]-CLUSTER_SEED=[-8106659381411338889]-HASH=[14406DC76783A180]-cluster]}
	--> ping_response{node [{node_t2}{F-u4jQqMTgCSFvClNNIaBA}{127.0.0.1}{127.0.0.1:9421}[mode=>network]], id[674], master [null], hasJoinedOnce [false], cluster_name[TEST-CHILD_VM=[0]-CLUSTER_SEED=[-8106659381411338889]-HASH=[14406DC76783A180]-cluster]}
[2016-03-29 17:29:44,273][DEBUG][org.elasticsearch.discovery.zen] [node_t0] filtered ping responses: (filter_client[true], filter_data[false])
	--> ping_response{node [{node_t3}{EJh5pphuTEuwcvfHnM8dCQ}{127.0.0.1}{127.0.0.1:9421}[mode=>network]], id[713], master [null], hasJoinedOnce [false], cluster_name[TEST-CHILD_VM=[0]-CLUSTER_SEED=[-8106659381411338889]-HASH=[14406DC76783A180]-cluster]}
	--> ping_response{node [{node_t2}{F-u4jQqMTgCSFvClNNIaBA}{127.0.0.1}{127.0.0.1:9421}[mode=>network]], id[674], master [null], hasJoinedOnce [false], cluster_name[TEST-CHILD_VM=[0]-CLUSTER_SEED=[-8106659381411338889]-HASH=[14406DC76783A180]-cluster]}
[2016-03-29 17:29:44,273][TRACE][org.elasticsearch.discovery.zen.ping.unicast] [node_t0] [5] disconnecting from {#zen_unicast_16_EJh5pphuTEuwcvfHnM8dCQ#}{127.0.0.1}{127.0.0.1:9421}[mode=>network]
[2016-03-29 17:29:44,274][TRACE][org.elasticsearch.discovery.zen] [node_t0] adding local node to the list of active nodes who has previously joined the cluster (joins counter is [2})
[2016-03-29 17:29:44,274][DEBUG][org.elasticsearch.discovery.zen] [node_t0] elected as master, waiting for incoming joins ([1] needed)
[2016-03-29 17:29:44,274][TRACE][org.elasticsearch.discovery.zen.ping.unicast] [node_t0] [5] disconnecting from {#zen_unicast_10#}{::1}{[::1]:9424}
[2016-03-29 17:29:44,274][TRACE][org.elasticsearch.discovery.zen] [node_t0] not enough joins for election. Got [0], required [1]
[2016-03-29 17:29:44,274][TRACE][org.elasticsearch.discovery.zen.ping.unicast] [node_t0] [5] disconnecting from {#zen_unicast_14_EJh5pphuTEuwcvfHnM8dCQ#}{127.0.0.1}{127.0.0.1:9421}[mode=>network]
[2016-03-29 17:29:44,274][TRACE][org.elasticsearch.discovery.zen.ping.unicast] [node_t0] [5] disconnecting from {#zen_unicast_6#}{::1}{[::1]:9420}
[2016-03-29 17:29:44,274][TRACE][org.elasticsearch.discovery.zen.ping.unicast] [node_t0] [5] disconnecting from {#zen_unicast_5#}{127.0.0.1}{127.0.0.1:9424}
[2016-03-29 17:29:44,274][TRACE][org.elasticsearch.discovery.zen.ping.unicast] [node_t0] [5] disconnecting from {#zen_unicast_4#}{127.0.0.1}{127.0.0.1:9423}
[2016-03-29 17:29:44,274][TRACE][org.elasticsearch.discovery.zen.ping.unicast] [node_t0] [5] disconnecting from {#zen_unicast_3#}{127.0.0.1}{127.0.0.1:9422}
[2016-03-29 17:29:44,274][TRACE][org.elasticsearch.discovery.zen.ping.unicast] [node_t0] [5] disconnecting from {#zen_unicast_17_F-u4jQqMTgCSFvClNNIaBA#}{127.0.0.1}{127.0.0.1:9421}[mode=>network]
[2016-03-29 17:29:44,274][TRACE][org.elasticsearch.discovery.zen.ping.unicast] [node_t0] [5] disconnecting from {#zen_unicast_9#}{::1}{[::1]:9423}
[2016-03-29 17:29:44,274][TRACE][org.elasticsearch.discovery.zen.ping.unicast] [node_t0] [5] disconnecting from {#zen_unicast_8#}{::1}{[::1]:9422}
[2016-03-29 17:29:44,274][TRACE][org.elasticsearch.discovery.zen.ping.unicast] [node_t0] [5] disconnecting from {#zen_unicast_15_F-u4jQqMTgCSFvClNNIaBA#}{127.0.0.1}{127.0.0.1:9421}[mode=>network]
[2016-03-29 17:29:44,274][TRACE][org.elasticsearch.discovery.zen.ping.unicast] [node_t0] [5] disconnecting from {#zen_unicast_7#}{::1}{[::1]:9421}
[2016-03-29 17:29:44,342][TRACE][org.elasticsearch.discovery.zen.ping.unicast] [node_t3] [1] sending to {#zen_unicast_1#}{127.0.0.1}{127.0.0.1:9420}
[2016-03-29 17:29:44,342][TRACE][org.elasticsearch.discovery.zen.ping.unicast] [node_t3] [1] sending to {node_t3}{EJh5pphuTEuwcvfHnM8dCQ}{127.0.0.1}{127.0.0.1:9421}[mode=>network]
[2016-03-29 17:29:44,343][TRACE][org.elasticsearch.discovery.zen.ping.unicast] [node_t3] [1] received response from {node_t3}{EJh5pphuTEuwcvfHnM8dCQ}{127.0.0.1}{127.0.0.1:9421}[mode=>network]: [ping_response{node [{node_t3}{EJh5pphuTEuwcvfHnM8dCQ}{127.0.0.1}{127.0.0.1:9421}[mode=>network]], id[685], master [null], hasJoinedOnce [false], cluster_name[TEST-CHILD_VM=[0]-CLUSTER_SEED=[-8106659381411338889]-HASH=[14406DC76783A180]-cluster]}, ping_response{node [{node_t3}{EJh5pphuTEuwcvfHnM8dCQ}{127.0.0.1}{127.0.0.1:9421}[mode=>network]], id[685], master [null], hasJoinedOnce [false], cluster_name[TEST-CHILD_VM=[0]-CLUSTER_SEED=[-8106659381411338889]-HASH=[14406DC76783A180]-cluster]}, ping_response{node [{node_t3}{EJh5pphuTEuwcvfHnM8dCQ}{127.0.0.1}{127.0.0.1:9421}[mode=>network]], id[685], master [null], hasJoinedOnce [false], cluster_name[TEST-CHILD_VM=[0]-CLUSTER_SEED=[-8106659381411338889]-HASH=[14406DC76783A180]-cluster]}, ping_response{node [{node_t0}{nMu_6boQR--7IGHETEaC6A}{127.0.0.1}{127.0.0.1:9420}[mode=>network]], id[691], master [null], hasJoinedOnce [true], cluster_name[TEST-CHILD_VM=[0]-CLUSTER_SEED=[-8106659381411338889]-HASH=[14406DC76783A180]-cluster]}, ping_response{node [{node_t0}{nMu_6boQR--7IGHETEaC6A}{127.0.0.1}{127.0.0.1:9420}[mode=>network]], id[691], master [null], hasJoinedOnce [true], cluster_name[TEST-CHILD_VM=[0]-CLUSTER_SEED=[-8106659381411338889]-HASH=[14406DC76783A180]-cluster]}, ping_response{node [{node_t0}{nMu_6boQR--7IGHETEaC6A}{127.0.0.1}{127.0.0.1:9420}[mode=>network]], id[691], master [null], hasJoinedOnce [true], cluster_name[TEST-CHILD_VM=[0]-CLUSTER_SEED=[-8106659381411338889]-HASH=[14406DC76783A180]-cluster]}, ping_response{node [{node_t0}{nMu_6boQR--7IGHETEaC6A}{127.0.0.1}{127.0.0.1:9420}[mode=>network]], id[691], master [null], hasJoinedOnce [true], cluster_name[TEST-CHILD_VM=[0]-CLUSTER_SEED=[-8106659381411338889]-HASH=[14406DC76783A180]-cluster]}, ping_response{node [{node_t3}{EJh5pphuTEuwcvfHnM8dCQ}{127.0.0.1}{127.0.0.1:9421}[mode=>network]], id[699], master [null], hasJoinedOnce [false], cluster_name[TEST-CHILD_VM=[0]-CLUSTER_SEED=[-8106659381411338889]-HASH=[14406DC76783A180]-cluster]}, ping_response{node [{node_t3}{EJh5pphuTEuwcvfHnM8dCQ}{127.0.0.1}{127.0.0.1:9421}[mode=>network]], id[699], master [null], hasJoinedOnce [false], cluster_name[TEST-CHILD_VM=[0]-CLUSTER_SEED=[-8106659381411338889]-HASH=[14406DC76783A180]-cluster]}, ping_response{node [{node_t3}{EJh5pphuTEuwcvfHnM8dCQ}{127.0.0.1}{127.0.0.1:9421}[mode=>network]], id[699], master [null], hasJoinedOnce [false], cluster_name[TEST-CHILD_VM=[0]-CLUSTER_SEED=[-8106659381411338889]-HASH=[14406DC76783A180]-cluster]}, ping_response{node [{node_t0}{nMu_6boQR--7IGHETEaC6A}{127.0.0.1}{127.0.0.1:9420}[mode=>network]], id[706], master [null], hasJoinedOnce [true], cluster_name[TEST-CHILD_VM=[0]-CLUSTER_SEED=[-8106659381411338889]-HASH=[14406DC76783A180]-cluster]}, ping_response{node [{node_t0}{nMu_6boQR--7IGHETEaC6A}{127.0.0.1}{127.0.0.1:9420}[mode=>network]], id[706], master [null], hasJoinedOnce [true], cluster_name[TEST-CHILD_VM=[0]-CLUSTER_SEED=[-8106659381411338889]-HASH=[14406DC76783A180]-cluster]}, ping_response{node [{node_t0}{nMu_6boQR--7IGHETEaC6A}{127.0.0.1}{127.0.0.1:9420}[mode=>network]], id[706], master [null], hasJoinedOnce [true], cluster_name[TEST-CHILD_VM=[0]-CLUSTER_SEED=[-8106659381411338889]-HASH=[14406DC76783A180]-cluster]}, ping_response{node [{node_t0}{nMu_6boQR--7IGHETEaC6A}{127.0.0.1}{127.0.0.1:9420}[mode=>network]], id[706], master [null], hasJoinedOnce [true], cluster_name[TEST-CHILD_VM=[0]-CLUSTER_SEED=[-8106659381411338889]-HASH=[14406DC76783A180]-cluster]}, ping_response{node [{node_t3}{EJh5pphuTEuwcvfHnM8dCQ}{127.0.0.1}{127.0.0.1:9421}[mode=>network]], id[714], master [null], hasJoinedOnce [false], cluster_name[TEST-CHILD_VM=[0]-CLUSTER_SEED=[-8106659381411338889]-HASH=[14406DC76783A180]-cluster]}, ping_response{node [{node_t3}{EJh5pphuTEuwcvfHnM8dCQ}{127.0.0.1}{127.0.0.1:9421}[mode=>network]], id[715], master [null], hasJoinedOnce [false], cluster_name[TEST-CHILD_VM=[0]-CLUSTER_SEED=[-8106659381411338889]-HASH=[14406DC76783A180]-cluster]}]
[2016-03-29 17:29:44,343][TRACE][org.elasticsearch.discovery.zen.ping.unicast] [node_t3] [1] received response from {#zen_unicast_1#}{127.0.0.1}{127.0.0.1:9420}: [ping_response{node [{node_t0}{nMu_6boQR--7IGHETEaC6A}{127.0.0.1}{127.0.0.1:9420}[mode=>network]], id[681], master [{node_t0}{nMu_6boQR--7IGHETEaC6A}{127.0.0.1}{127.0.0.1:9420}[mode=>network]], hasJoinedOnce [true], cluster_name[TEST-CHILD_VM=[0]-CLUSTER_SEED=[-8106659381411338889]-HASH=[14406DC76783A180]-cluster]}, ping_response{node [{node_t0}{nMu_6boQR--7IGHETEaC6A}{127.0.0.1}{127.0.0.1:9420}[mode=>network]], id[681], master [{node_t0}{nMu_6boQR--7IGHETEaC6A}{127.0.0.1}{127.0.0.1:9420}[mode=>network]], hasJoinedOnce [true], cluster_name[TEST-CHILD_VM=[0]-CLUSTER_SEED=[-8106659381411338889]-HASH=[14406DC76783A180]-cluster]}, ping_response{node [{node_t0}{nMu_6boQR--7IGHETEaC6A}{127.0.0.1}{127.0.0.1:9420}[mode=>network]], id[681], master [{node_t0}{nMu_6boQR--7IGHETEaC6A}{127.0.0.1}{127.0.0.1:9420}[mode=>network]], hasJoinedOnce [true], cluster_name[TEST-CHILD_VM=[0]-CLUSTER_SEED=[-8106659381411338889]-HASH=[14406DC76783A180]-cluster]}, ping_response{node [{node_t3}{EJh5pphuTEuwcvfHnM8dCQ}{127.0.0.1}{127.0.0.1:9421}[mode=>network]], id[685], master [null], hasJoinedOnce [false], cluster_name[TEST-CHILD_VM=[0]-CLUSTER_SEED=[-8106659381411338889]-HASH=[14406DC76783A180]-cluster]}, ping_response{node [{node_t3}{EJh5pphuTEuwcvfHnM8dCQ}{127.0.0.1}{127.0.0.1:9421}[mode=>network]], id[685], master [null], hasJoinedOnce [false], cluster_name[TEST-CHILD_VM=[0]-CLUSTER_SEED=[-8106659381411338889]-HASH=[14406DC76783A180]-cluster]}, ping_response{node [{node_t0}{nMu_6boQR--7IGHETEaC6A}{127.0.0.1}{127.0.0.1:9420}[mode=>network]], id[691], master [null], hasJoinedOnce [true], cluster_name[TEST-CHILD_VM=[0]-CLUSTER_SEED=[-8106659381411338889]-HASH=[14406DC76783A180]-cluster]}, ping_response{node [{node_t0}{nMu_6boQR--7IGHETEaC6A}{127.0.0.1}{127.0.0.1:9420}[mode=>network]], id[691], master [null], hasJoinedOnce [true], cluster_name[TEST-CHILD_VM=[0]-CLUSTER_SEED=[-8106659381411338889]-HASH=[14406DC76783A180]-cluster]}, ping_response{node [{node_t0}{nMu_6boQR--7IGHETEaC6A}{127.0.0.1}{127.0.0.1:9420}[mode=>network]], id[691], master [null], hasJoinedOnce [true], cluster_name[TEST-CHILD_VM=[0]-CLUSTER_SEED=[-8106659381411338889]-HASH=[14406DC76783A180]-cluster]}, ping_response{node [{node_t3}{EJh5pphuTEuwcvfHnM8dCQ}{127.0.0.1}{127.0.0.1:9421}[mode=>network]], id[699], master [null], hasJoinedOnce [false], cluster_name[TEST-CHILD_VM=[0]-CLUSTER_SEED=[-8106659381411338889]-HASH=[14406DC76783A180]-cluster]}, ping_response{node [{node_t3}{EJh5pphuTEuwcvfHnM8dCQ}{127.0.0.1}{127.0.0.1:9421}[mode=>network]], id[699], master [null], hasJoinedOnce [false], cluster_name[TEST-CHILD_VM=[0]-CLUSTER_SEED=[-8106659381411338889]-HASH=[14406DC76783A180]-cluster]}, ping_response{node [{node_t3}{EJh5pphuTEuwcvfHnM8dCQ}{127.0.0.1}{127.0.0.1:9421}[mode=>network]], id[699], master [null], hasJoinedOnce [false], cluster_name[TEST-CHILD_VM=[0]-CLUSTER_SEED=[-8106659381411338889]-HASH=[14406DC76783A180]-cluster]}, ping_response{node [{node_t0}{nMu_6boQR--7IGHETEaC6A}{127.0.0.1}{127.0.0.1:9420}[mode=>network]], id[706], master [null], hasJoinedOnce [true], cluster_name[TEST-CHILD_VM=[0]-CLUSTER_SEED=[-8106659381411338889]-HASH=[14406DC76783A180]-cluster]}, ping_response{node [{node_t0}{nMu_6boQR--7IGHETEaC6A}{127.0.0.1}{127.0.0.1:9420}[mode=>network]], id[706], master [null], hasJoinedOnce [true], cluster_name[TEST-CHILD_VM=[0]-CLUSTER_SEED=[-8106659381411338889]-HASH=[14406DC76783A180]-cluster]}, ping_response{node [{node_t0}{nMu_6boQR--7IGHETEaC6A}{127.0.0.1}{127.0.0.1:9420}[mode=>network]], id[706], master [null], hasJoinedOnce [true], cluster_name[TEST-CHILD_VM=[0]-CLUSTER_SEED=[-8106659381411338889]-HASH=[14406DC76783A180]-cluster]}, ping_response{node [{node_t3}{EJh5pphuTEuwcvfHnM8dCQ}{127.0.0.1}{127.0.0.1:9421}[mode=>network]], id[714], master [null], hasJoinedOnce [false], cluster_name[TEST-CHILD_VM=[0]-CLUSTER_SEED=[-8106659381411338889]-HASH=[14406DC76783A180]-cluster]}, ping_response{node [{node_t0}{nMu_6boQR--7IGHETEaC6A}{127.0.0.1}{127.0.0.1:9420}[mode=>network]], id[716], master [null], hasJoinedOnce [true], cluster_name[TEST-CHILD_VM=[0]-CLUSTER_SEED=[-8106659381411338889]-HASH=[14406DC76783A180]-cluster]}]
[2016-03-29 17:29:44,343][TRACE][org.elasticsearch.discovery.zen.ping.unicast] [node_t3] [1] connecting (light) to {#zen_unicast_5#}{127.0.0.1}{127.0.0.1:9424}
[2016-03-29 17:29:44,343][TRACE][org.elasticsearch.discovery.zen.ping.unicast] [node_t3] [1] connecting (light) to {#zen_unicast_4#}{127.0.0.1}{127.0.0.1:9423}
[2016-03-29 17:29:44,343][TRACE][org.elasticsearch.discovery.zen.ping.unicast] [node_t3] [1] connecting (light) to {#zen_unicast_3#}{127.0.0.1}{127.0.0.1:9422}
[2016-03-29 17:29:44,343][TRACE][org.elasticsearch.discovery.zen.ping.unicast] [node_t3] [1] sending to {#zen_unicast_6#}{::1}{[::1]:9420}
[2016-03-29 17:29:44,343][TRACE][org.elasticsearch.discovery.zen.ping.unicast] [node_t3] [1] sending to {#zen_unicast_7#}{::1}{[::1]:9421}
[2016-03-29 17:29:44,343][TRACE][org.elasticsearch.discovery.zen.ping.unicast] [node_t3] [1] sending to {node_t3}{EJh5pphuTEuwcvfHnM8dCQ}{127.0.0.1}{127.0.0.1:9421}[mode=>network]
[2016-03-29 17:29:44,344][TRACE][org.elasticsearch.discovery.zen.ping.unicast] [node_t3] [1] connecting (light) to {#zen_unicast_9#}{::1}{[::1]:9423}
[2016-03-29 17:29:44,344][TRACE][org.elasticsearch.discovery.zen.ping.unicast] [node_t3] [1] connecting (light) to {#zen_unicast_10#}{::1}{[::1]:9424}
[2016-03-29 17:29:44,344][TRACE][org.elasticsearch.discovery.zen.ping.unicast] [node_t3] [1] received response from {node_t3}{EJh5pphuTEuwcvfHnM8dCQ}{127.0.0.1}{127.0.0.1:9421}[mode=>network]: [ping_response{node [{node_t3}{EJh5pphuTEuwcvfHnM8dCQ}{127.0.0.1}{127.0.0.1:9421}[mode=>network]], id[685], master [null], hasJoinedOnce [false], cluster_name[TEST-CHILD_VM=[0]-CLUSTER_SEED=[-8106659381411338889]-HASH=[14406DC76783A180]-cluster]}, ping_response{node [{node_t3}{EJh5pphuTEuwcvfHnM8dCQ}{127.0.0.1}{127.0.0.1:9421}[mode=>network]], id[685], master [null], hasJoinedOnce [false], cluster_name[TEST-CHILD_VM=[0]-CLUSTER_SEED=[-8106659381411338889]-HASH=[14406DC76783A180]-cluster]}, ping_response{node [{node_t3}{EJh5pphuTEuwcvfHnM8dCQ}{127.0.0.1}{127.0.0.1:9421}[mode=>network]], id[685], master [null], hasJoinedOnce [false], cluster_name[TEST-CHILD_VM=[0]-CLUSTER_SEED=[-8106659381411338889]-HASH=[14406DC76783A180]-cluster]}, ping_response{node [{node_t0}{nMu_6boQR--7IGHETEaC6A}{127.0.0.1}{127.0.0.1:9420}[mode=>network]], id[691], master [null], hasJoinedOnce [true], cluster_name[TEST-CHILD_VM=[0]-CLUSTER_SEED=[-8106659381411338889]-HASH=[14406DC76783A180]-cluster]}, ping_response{node [{node_t0}{nMu_6boQR--7IGHETEaC6A}{127.0.0.1}{127.0.0.1:9420}[mode=>network]], id[691], master [null], hasJoinedOnce [true], cluster_name[TEST-CHILD_VM=[0]-CLUSTER_SEED=[-8106659381411338889]-HASH=[14406DC76783A180]-cluster]}, ping_response{node [{node_t0}{nMu_6boQR--7IGHETEaC6A}{127.0.0.1}{127.0.0.1:9420}[mode=>network]], id[691], master [null], hasJoinedOnce [true], cluster_name[TEST-CHILD_VM=[0]-CLUSTER_SEED=[-8106659381411338889]-HASH=[14406DC76783A180]-cluster]}, ping_response{node [{node_t0}{nMu_6boQR--7IGHETEaC6A}{127.0.0.1}{127.0.0.1:9420}[mode=>network]], id[691], master [null], hasJoinedOnce [true], cluster_name[TEST-CHILD_VM=[0]-CLUSTER_SEED=[-8106659381411338889]-HASH=[14406DC76783A180]-cluster]}, ping_response{node [{node_t3}{EJh5pphuTEuwcvfHnM8dCQ}{127.0.0.1}{127.0.0.1:9421}[mode=>network]], id[699], master [null], hasJoinedOnce [false], cluster_name[TEST-CHILD_VM=[0]-CLUSTER_SEED=[-8106659381411338889]-HASH=[14406DC76783A180]-cluster]}, ping_response{node [{node_t3}{EJh5pphuTEuwcvfHnM8dCQ}{127.0.0.1}{127.0.0.1:9421}[mode=>network]], id[699], master [null], hasJoinedOnce [false], cluster_name[TEST-CHILD_VM=[0]-CLUSTER_SEED=[-8106659381411338889]-HASH=[14406DC76783A180]-cluster]}, ping_response{node [{node_t3}{EJh5pphuTEuwcvfHnM8dCQ}{127.0.0.1}{127.0.0.1:9421}[mode=>network]], id[699], master [null], hasJoinedOnce [false], cluster_name[TEST-CHILD_VM=[0]-CLUSTER_SEED=[-8106659381411338889]-HASH=[14406DC76783A180]-cluster]}, ping_response{node [{node_t0}{nMu_6boQR--7IGHETEaC6A}{127.0.0.1}{127.0.0.1:9420}[mode=>network]], id[706], master [null], hasJoinedOnce [true], cluster_name[TEST-CHILD_VM=[0]-CLUSTER_SEED=[-8106659381411338889]-HASH=[14406DC76783A180]-cluster]}, ping_response{node [{node_t0}{nMu_6boQR--7IGHETEaC6A}{127.0.0.1}{127.0.0.1:9420}[mode=>network]], id[706], master [null], hasJoinedOnce [true], cluster_name[TEST-CHILD_VM=[0]-CLUSTER_SEED=[-8106659381411338889]-HASH=[14406DC76783A180]-cluster]}, ping_response{node [{node_t0}{nMu_6boQR--7IGHETEaC6A}{127.0.0.1}{127.0.0.1:9420}[mode=>network]], id[706], master [null], hasJoinedOnce [true], cluster_name[TEST-CHILD_VM=[0]-CLUSTER_SEED=[-8106659381411338889]-HASH=[14406DC76783A180]-cluster]}, ping_response{node [{node_t0}{nMu_6boQR--7IGHETEaC6A}{127.0.0.1}{127.0.0.1:9420}[mode=>network]], id[706], master [null], hasJoinedOnce [true], cluster_name[TEST-CHILD_VM=[0]-CLUSTER_SEED=[-8106659381411338889]-HASH=[14406DC76783A180]-cluster]}, ping_response{node [{node_t3}{EJh5pphuTEuwcvfHnM8dCQ}{127.0.0.1}{127.0.0.1:9421}[mode=>network]], id[714], master [null], hasJoinedOnce [false], cluster_name[TEST-CHILD_VM=[0]-CLUSTER_SEED=[-8106659381411338889]-HASH=[14406DC76783A180]-cluster]}, ping_response{node [{node_t3}{EJh5pphuTEuwcvfHnM8dCQ}{127.0.0.1}{127.0.0.1:9421}[mode=>network]], id[714], master [null], hasJoinedOnce [false], cluster_name[TEST-CHILD_VM=[0]-CLUSTER_SEED=[-8106659381411338889]-HASH=[14406DC76783A180]-cluster]}, ping_response{node [{node_t3}{EJh5pphuTEuwcvfHnM8dCQ}{127.0.0.1}{127.0.0.1:9421}[mode=>network]], id[717], master [null], hasJoinedOnce [false], cluster_name[TEST-CHILD_VM=[0]-CLUSTER_SEED=[-8106659381411338889]-HASH=[14406DC76783A180]-cluster]}]
[2016-03-29 17:29:44,344][TRACE][org.elasticsearch.discovery.zen.ping.unicast] [node_t3] [1] received response from {#zen_unicast_6#}{::1}{[::1]:9420}: [ping_response{node [{node_t0}{nMu_6boQR--7IGHETEaC6A}{127.0.0.1}{127.0.0.1:9420}[mode=>network]], id[681], master [{node_t0}{nMu_6boQR--7IGHETEaC6A}{127.0.0.1}{127.0.0.1:9420}[mode=>network]], hasJoinedOnce [true], cluster_name[TEST-CHILD_VM=[0]-CLUSTER_SEED=[-8106659381411338889]-HASH=[14406DC76783A180]-cluster]}, ping_response{node [{node_t0}{nMu_6boQR--7IGHETEaC6A}{127.0.0.1}{127.0.0.1:9420}[mode=>network]], id[681], master [{node_t0}{nMu_6boQR--7IGHETEaC6A}{127.0.0.1}{127.0.0.1:9420}[mode=>network]], hasJoinedOnce [true], cluster_name[TEST-CHILD_VM=[0]-CLUSTER_SEED=[-8106659381411338889]-HASH=[14406DC76783A180]-cluster]}, ping_response{node [{node_t0}{nMu_6boQR--7IGHETEaC6A}{127.0.0.1}{127.0.0.1:9420}[mode=>network]], id[681], master [{node_t0}{nMu_6boQR--7IGHETEaC6A}{127.0.0.1}{127.0.0.1:9420}[mode=>network]], hasJoinedOnce [true], cluster_name[TEST-CHILD_VM=[0]-CLUSTER_SEED=[-8106659381411338889]-HASH=[14406DC76783A180]-cluster]}, ping_response{node [{node_t3}{EJh5pphuTEuwcvfHnM8dCQ}{127.0.0.1}{127.0.0.1:9421}[mode=>network]], id[685], master [null], hasJoinedOnce [false], cluster_name[TEST-CHILD_VM=[0]-CLUSTER_SEED=[-8106659381411338889]-HASH=[14406DC76783A180]-cluster]}, ping_response{node [{node_t3}{EJh5pphuTEuwcvfHnM8dCQ}{127.0.0.1}{127.0.0.1:9421}[mode=>network]], id[685], master [null], hasJoinedOnce [false], cluster_name[TEST-CHILD_VM=[0]-CLUSTER_SEED=[-8106659381411338889]-HASH=[14406DC76783A180]-cluster]}, ping_response{node [{node_t0}{nMu_6boQR--7IGHETEaC6A}{127.0.0.1}{127.0.0.1:9420}[mode=>network]], id[691], master [null], hasJoinedOnce [true], cluster_name[TEST-CHILD_VM=[0]-CLUSTER_SEED=[-8106659381411338889]-HASH=[14406DC76783A180]-cluster]}, ping_response{node [{node_t0}{nMu_6boQR--7IGHETEaC6A}{127.0.0.1}{127.0.0.1:9420}[mode=>network]], id[691], master [null], hasJoinedOnce [true], cluster_name[TEST-CHILD_VM=[0]-CLUSTER_SEED=[-8106659381411338889]-HASH=[14406DC76783A180]-cluster]}, ping_response{node [{node_t0}{nMu_6boQR--7IGHETEaC6A}{127.0.0.1}{127.0.0.1:9420}[mode=>network]], id[691], master [null], hasJoinedOnce [true], cluster_name[TEST-CHILD_VM=[0]-CLUSTER_SEED=[-8106659381411338889]-HASH=[14406DC76783A180]-cluster]}, ping_response{node [{node_t3}{EJh5pphuTEuwcvfHnM8dCQ}{127.0.0.1}{127.0.0.1:9421}[mode=>network]], id[699], master [null], hasJoinedOnce [false], cluster_name[TEST-CHILD_VM=[0]-CLUSTER_SEED=[-8106659381411338889]-HASH=[14406DC76783A180]-cluster]}, ping_response{node [{node_t3}{EJh5pphuTEuwcvfHnM8dCQ}{127.0.0.1}{127.0.0.1:9421}[mode=>network]], id[699], master [null], hasJoinedOnce [false], cluster_name[TEST-CHILD_VM=[0]-CLUSTER_SEED=[-8106659381411338889]-HASH=[14406DC76783A180]-cluster]}, ping_response{node [{node_t3}{EJh5pphuTEuwcvfHnM8dCQ}{127.0.0.1}{127.0.0.1:9421}[mode=>network]], id[699], master [null], hasJoinedOnce [false], cluster_name[TEST-CHILD_VM=[0]-CLUSTER_SEED=[-8106659381411338889]-HASH=[14406DC76783A180]-cluster]}, ping_response{node [{node_t0}{nMu_6boQR--7IGHETEaC6A}{127.0.0.1}{127.0.0.1:9420}[mode=>network]], id[706], master [null], hasJoinedOnce [true], cluster_name[TEST-CHILD_VM=[0]-CLUSTER_SEED=[-8106659381411338889]-HASH=[14406DC76783A180]-cluster]}, ping_response{node [{node_t0}{nMu_6boQR--7IGHETEaC6A}{127.0.0.1}{127.0.0.1:9420}[mode=>network]], id[706], master [null], hasJoinedOnce [true], cluster_name[TEST-CHILD_VM=[0]-CLUSTER_SEED=[-8106659381411338889]-HASH=[14406DC76783A180]-cluster]}, ping_response{node [{node_t0}{nMu_6boQR--7IGHETEaC6A}{127.0.0.1}{127.0.0.1:9420}[mode=>network]], id[706], master [null], hasJoinedOnce [true], cluster_name[TEST-CHILD_VM=[0]-CLUSTER_SEED=[-8106659381411338889]-HASH=[14406DC76783A180]-cluster]}, ping_response{node [{node_t3}{EJh5pphuTEuwcvfHnM8dCQ}{127.0.0.1}{127.0.0.1:9421}[mode=>network]], id[714], master [null], hasJoinedOnce [false], cluster_name[TEST-CHILD_VM=[0]-CLUSTER_SEED=[-8106659381411338889]-HASH=[14406DC76783A180]-cluster]}, ping_response{node [{node_t3}{EJh5pphuTEuwcvfHnM8dCQ}{127.0.0.1}{127.0.0.1:9421}[mode=>network]], id[714], master [null], hasJoinedOnce [false], cluster_name[TEST-CHILD_VM=[0]-CLUSTER_SEED=[-8106659381411338889]-HASH=[14406DC76783A180]-cluster]}, ping_response{node [{node_t0}{nMu_6boQR--7IGHETEaC6A}{127.0.0.1}{127.0.0.1:9420}[mode=>network]], id[719], master [null], hasJoinedOnce [true], cluster_name[TEST-CHILD_VM=[0]-CLUSTER_SEED=[-8106659381411338889]-HASH=[14406DC76783A180]-cluster]}]
[2016-03-29 17:29:44,343][TRACE][org.elasticsearch.discovery.zen.ping.unicast] [node_t3] [1] connecting (light) to {#zen_unicast_8#}{::1}{[::1]:9422}
[2016-03-29 17:29:44,344][TRACE][org.elasticsearch.discovery.zen.ping.unicast] [node_t3] [1] failed to connect to {#zen_unicast_10#}{::1}{[::1]:9424}
ConnectTransportException[[][[::1]:9424] connect_timeout[30s]]; nested: ConnectException[Connection refused: /0:0:0:0:0:0:0:1:9424];
	at org.elasticsearch.transport.netty.NettyTransport.connectToChannelsLight(NettyTransport.java:954)
	at org.elasticsearch.transport.netty.NettyTransport.connectToNode(NettyTransport.java:918)
	at org.elasticsearch.transport.netty.NettyTransport.connectToNodeLight(NettyTransport.java:890)
	at org.elasticsearch.test.transport.MockTransportService$LookupTestTransport.connectToNodeLight(MockTransportService.java:413)
	at org.elasticsearch.transport.TransportService.connectToNodeLight(TransportService.java:242)
	at org.elasticsearch.discovery.zen.ping.unicast.UnicastZenPing$3.run(UnicastZenPing.java:395)
	at java.util.concurrent.ThreadPoolExecutor.runWorker(ThreadPoolExecutor.java:1142)
	at java.util.concurrent.ThreadPoolExecutor$Worker.run(ThreadPoolExecutor.java:617)
	at java.lang.Thread.run(Thread.java:745)
Caused by: java.net.ConnectException: Connection refused: /0:0:0:0:0:0:0:1:9424
	at sun.nio.ch.SocketChannelImpl.checkConnect(Native Method)
	at sun.nio.ch.SocketChannelImpl.finishConnect(SocketChannelImpl.java:712)
	at org.jboss.netty.channel.socket.nio.NioClientBoss.connect(NioClientBoss.java:152)
	at org.jboss.netty.channel.socket.nio.NioClientBoss.processSelectedKeys(NioClientBoss.java:105)
	at org.jboss.netty.channel.socket.nio.NioClientBoss.process(NioClientBoss.java:79)
	at org.jboss.netty.channel.socket.nio.AbstractNioSelector.run(AbstractNioSelector.java:337)
	at org.jboss.netty.channel.socket.nio.NioClientBoss.run(NioClientBoss.java:42)
	at org.jboss.netty.util.ThreadRenamingRunnable.run(ThreadRenamingRunnable.java:108)
	at org.jboss.netty.util.internal.DeadLockProofWorker$1.run(DeadLockProofWorker.java:42)
	... 3 more
[2016-03-29 17:29:44,345][TRACE][org.elasticsearch.discovery.zen.ping.unicast] [node_t3] [1] failed to connect to {#zen_unicast_8#}{::1}{[::1]:9422}
ConnectTransportException[[][[::1]:9422] connect_timeout[30s]]; nested: ConnectException[Connection refused: /0:0:0:0:0:0:0:1:9422];
	at org.elasticsearch.transport.netty.NettyTransport.connectToChannelsLight(NettyTransport.java:954)
	at org.elasticsearch.transport.netty.NettyTransport.connectToNode(NettyTransport.java:918)
	at org.elasticsearch.transport.netty.NettyTransport.connectToNodeLight(NettyTransport.java:890)
	at org.elasticsearch.test.transport.MockTransportService$LookupTestTransport.connectToNodeLight(MockTransportService.java:413)
	at org.elasticsearch.transport.TransportService.connectToNodeLight(TransportService.java:242)
	at org.elasticsearch.discovery.zen.ping.unicast.UnicastZenPing$3.run(UnicastZenPing.java:395)
	at java.util.concurrent.ThreadPoolExecutor.runWorker(ThreadPoolExecutor.java:1142)
	at java.util.concurrent.ThreadPoolExecutor$Worker.run(ThreadPoolExecutor.java:617)
	at java.lang.Thread.run(Thread.java:745)
Caused by: java.net.ConnectException: Connection refused: /0:0:0:0:0:0:0:1:9422
	at sun.nio.ch.SocketChannelImpl.checkConnect(Native Method)
	at sun.nio.ch.SocketChannelImpl.finishConnect(SocketChannelImpl.java:712)
	at org.jboss.netty.channel.socket.nio.NioClientBoss.connect(NioClientBoss.java:152)
	at org.jboss.netty.channel.socket.nio.NioClientBoss.processSelectedKeys(NioClientBoss.java:105)
	at org.jboss.netty.channel.socket.nio.NioClientBoss.process(NioClientBoss.java:79)
	at org.jboss.netty.channel.socket.nio.AbstractNioSelector.run(AbstractNioSelector.java:337)
	at org.jboss.netty.channel.socket.nio.NioClientBoss.run(NioClientBoss.java:42)
	at org.jboss.netty.util.ThreadRenamingRunnable.run(ThreadRenamingRunnable.java:108)
	at org.jboss.netty.util.internal.DeadLockProofWorker$1.run(DeadLockProofWorker.java:42)
	... 3 more
[2016-03-29 17:29:44,344][TRACE][org.elasticsearch.discovery.zen.ping.unicast] [node_t3] [1] failed to connect to {#zen_unicast_9#}{::1}{[::1]:9423}
ConnectTransportException[[][[::1]:9423] connect_timeout[30s]]; nested: ConnectException[Connection refused: /0:0:0:0:0:0:0:1:9423];
	at org.elasticsearch.transport.netty.NettyTransport.connectToChannelsLight(NettyTransport.java:954)
	at org.elasticsearch.transport.netty.NettyTransport.connectToNode(NettyTransport.java:918)
	at org.elasticsearch.transport.netty.NettyTransport.connectToNodeLight(NettyTransport.java:890)
	at org.elasticsearch.test.transport.MockTransportService$LookupTestTransport.connectToNodeLight(MockTransportService.java:413)
	at org.elasticsearch.transport.TransportService.connectToNodeLight(TransportService.java:242)
	at org.elasticsearch.discovery.zen.ping.unicast.UnicastZenPing$3.run(UnicastZenPing.java:395)
	at java.util.concurrent.ThreadPoolExecutor.runWorker(ThreadPoolExecutor.java:1142)
	at java.util.concurrent.ThreadPoolExecutor$Worker.run(ThreadPoolExecutor.java:617)
	at java.lang.Thread.run(Thread.java:745)
Caused by: java.net.ConnectException: Connection refused: /0:0:0:0:0:0:0:1:9423
	at sun.nio.ch.SocketChannelImpl.checkConnect(Native Method)
	at sun.nio.ch.SocketChannelImpl.finishConnect(SocketChannelImpl.java:712)
	at org.jboss.netty.channel.socket.nio.NioClientBoss.connect(NioClientBoss.java:152)
	at org.jboss.netty.channel.socket.nio.NioClientBoss.processSelectedKeys(NioClientBoss.java:105)
	at org.jboss.netty.channel.socket.nio.NioClientBoss.process(NioClientBoss.java:79)
	at org.jboss.netty.channel.socket.nio.AbstractNioSelector.run(AbstractNioSelector.java:337)
	at org.jboss.netty.channel.socket.nio.NioClientBoss.run(NioClientBoss.java:42)
	at org.jboss.netty.util.ThreadRenamingRunnable.run(ThreadRenamingRunnable.java:108)
	at org.jboss.netty.util.internal.DeadLockProofWorker$1.run(DeadLockProofWorker.java:42)
	... 3 more
[2016-03-29 17:29:44,344][TRACE][org.elasticsearch.discovery.zen.ping.unicast] [node_t3] replacing {node_t0}{nMu_6boQR--7IGHETEaC6A}{127.0.0.1}{127.0.0.1:9420}[mode=>network] with temp node {#zen_unicast_12_nMu_6boQR--7IGHETEaC6A#}{127.0.0.1}{127.0.0.1:9420}[mode=>network]
[2016-03-29 17:29:44,344][TRACE][org.elasticsearch.discovery.zen.ping.unicast] [node_t3] [1] failed to connect to {#zen_unicast_3#}{127.0.0.1}{127.0.0.1:9422}
ConnectTransportException[[][127.0.0.1:9422] connect_timeout[30s]]; nested: ConnectException[Connection refused: /127.0.0.1:9422];
	at org.elasticsearch.transport.netty.NettyTransport.connectToChannelsLight(NettyTransport.java:954)
	at org.elasticsearch.transport.netty.NettyTransport.connectToNode(NettyTransport.java:918)
	at org.elasticsearch.transport.netty.NettyTransport.connectToNodeLight(NettyTransport.java:890)
	at org.elasticsearch.test.transport.MockTransportService$LookupTestTransport.connectToNodeLight(MockTransportService.java:413)
	at org.elasticsearch.transport.TransportService.connectToNodeLight(TransportService.java:242)
	at org.elasticsearch.discovery.zen.ping.unicast.UnicastZenPing$3.run(UnicastZenPing.java:395)
	at java.util.concurrent.ThreadPoolExecutor.runWorker(ThreadPoolExecutor.java:1142)
	at java.util.concurrent.ThreadPoolExecutor$Worker.run(ThreadPoolExecutor.java:617)
	at java.lang.Thread.run(Thread.java:745)
Caused by: java.net.ConnectException: Connection refused: /127.0.0.1:9422
	at sun.nio.ch.SocketChannelImpl.checkConnect(Native Method)
	at sun.nio.ch.SocketChannelImpl.finishConnect(SocketChannelImpl.java:712)
	at org.jboss.netty.channel.socket.nio.NioClientBoss.connect(NioClientBoss.java:152)
	at org.jboss.netty.channel.socket.nio.NioClientBoss.processSelectedKeys(NioClientBoss.java:105)
	at org.jboss.netty.channel.socket.nio.NioClientBoss.process(NioClientBoss.java:79)
	at org.jboss.netty.channel.socket.nio.AbstractNioSelector.run(AbstractNioSelector.java:337)
	at org.jboss.netty.channel.socket.nio.NioClientBoss.run(NioClientBoss.java:42)
	at org.jboss.netty.util.ThreadRenamingRunnable.run(ThreadRenamingRunnable.java:108)
	at org.jboss.netty.util.internal.DeadLockProofWorker$1.run(DeadLockProofWorker.java:42)
	... 3 more
[2016-03-29 17:29:44,344][TRACE][org.elasticsearch.discovery.zen.ping.unicast] [node_t3] [1] received response from {#zen_unicast_7#}{::1}{[::1]:9421}: [ping_response{node [{node_t3}{EJh5pphuTEuwcvfHnM8dCQ}{127.0.0.1}{127.0.0.1:9421}[mode=>network]], id[685], master [null], hasJoinedOnce [false], cluster_name[TEST-CHILD_VM=[0]-CLUSTER_SEED=[-8106659381411338889]-HASH=[14406DC76783A180]-cluster]}, ping_response{node [{node_t3}{EJh5pphuTEuwcvfHnM8dCQ}{127.0.0.1}{127.0.0.1:9421}[mode=>network]], id[685], master [null], hasJoinedOnce [false], cluster_name[TEST-CHILD_VM=[0]-CLUSTER_SEED=[-8106659381411338889]-HASH=[14406DC76783A180]-cluster]}, ping_response{node [{node_t3}{EJh5pphuTEuwcvfHnM8dCQ}{127.0.0.1}{127.0.0.1:9421}[mode=>network]], id[685], master [null], hasJoinedOnce [false], cluster_name[TEST-CHILD_VM=[0]-CLUSTER_SEED=[-8106659381411338889]-HASH=[14406DC76783A180]-cluster]}, ping_response{node [{node_t0}{nMu_6boQR--7IGHETEaC6A}{127.0.0.1}{127.0.0.1:9420}[mode=>network]], id[691], master [null], hasJoinedOnce [true], cluster_name[TEST-CHILD_VM=[0]-CLUSTER_SEED=[-8106659381411338889]-HASH=[14406DC76783A180]-cluster]}, ping_response{node [{node_t0}{nMu_6boQR--7IGHETEaC6A}{127.0.0.1}{127.0.0.1:9420}[mode=>network]], id[691], master [null], hasJoinedOnce [true], cluster_name[TEST-CHILD_VM=[0]-CLUSTER_SEED=[-8106659381411338889]-HASH=[14406DC76783A180]-cluster]}, ping_response{node [{node_t0}{nMu_6boQR--7IGHETEaC6A}{127.0.0.1}{127.0.0.1:9420}[mode=>network]], id[691], master [null], hasJoinedOnce [true], cluster_name[TEST-CHILD_VM=[0]-CLUSTER_SEED=[-8106659381411338889]-HASH=[14406DC76783A180]-cluster]}, ping_response{node [{node_t0}{nMu_6boQR--7IGHETEaC6A}{127.0.0.1}{127.0.0.1:9420}[mode=>network]], id[691], master [null], hasJoinedOnce [true], cluster_name[TEST-CHILD_VM=[0]-CLUSTER_SEED=[-8106659381411338889]-HASH=[14406DC76783A180]-cluster]}, ping_response{node [{node_t3}{EJh5pphuTEuwcvfHnM8dCQ}{127.0.0.1}{127.0.0.1:9421}[mode=>network]], id[699], master [null], hasJoinedOnce [false], cluster_name[TEST-CHILD_VM=[0]-CLUSTER_SEED=[-8106659381411338889]-HASH=[14406DC76783A180]-cluster]}, ping_response{node [{node_t3}{EJh5pphuTEuwcvfHnM8dCQ}{127.0.0.1}{127.0.0.1:9421}[mode=>network]], id[699], master [null], hasJoinedOnce [false], cluster_name[TEST-CHILD_VM=[0]-CLUSTER_SEED=[-8106659381411338889]-HASH=[14406DC76783A180]-cluster]}, ping_response{node [{node_t3}{EJh5pphuTEuwcvfHnM8dCQ}{127.0.0.1}{127.0.0.1:9421}[mode=>network]], id[699], master [null], hasJoinedOnce [false], cluster_name[TEST-CHILD_VM=[0]-CLUSTER_SEED=[-8106659381411338889]-HASH=[14406DC76783A180]-cluster]}, ping_response{node [{node_t0}{nMu_6boQR--7IGHETEaC6A}{127.0.0.1}{127.0.0.1:9420}[mode=>network]], id[706], master [null], hasJoinedOnce [true], cluster_name[TEST-CHILD_VM=[0]-CLUSTER_SEED=[-8106659381411338889]-HASH=[14406DC76783A180]-cluster]}, ping_response{node [{node_t0}{nMu_6boQR--7IGHETEaC6A}{127.0.0.1}{127.0.0.1:9420}[mode=>network]], id[706], master [null], hasJoinedOnce [true], cluster_name[TEST-CHILD_VM=[0]-CLUSTER_SEED=[-8106659381411338889]-HASH=[14406DC76783A180]-cluster]}, ping_response{node [{node_t0}{nMu_6boQR--7IGHETEaC6A}{127.0.0.1}{127.0.0.1:9420}[mode=>network]], id[706], master [null], hasJoinedOnce [true], cluster_name[TEST-CHILD_VM=[0]-CLUSTER_SEED=[-8106659381411338889]-HASH=[14406DC76783A180]-cluster]}, ping_response{node [{node_t0}{nMu_6boQR--7IGHETEaC6A}{127.0.0.1}{127.0.0.1:9420}[mode=>network]], id[706], master [null], hasJoinedOnce [true], cluster_name[TEST-CHILD_VM=[0]-CLUSTER_SEED=[-8106659381411338889]-HASH=[14406DC76783A180]-cluster]}, ping_response{node [{node_t3}{EJh5pphuTEuwcvfHnM8dCQ}{127.0.0.1}{127.0.0.1:9421}[mode=>network]], id[714], master [null], hasJoinedOnce [false], cluster_name[TEST-CHILD_VM=[0]-CLUSTER_SEED=[-8106659381411338889]-HASH=[14406DC76783A180]-cluster]}, ping_response{node [{node_t3}{EJh5pphuTEuwcvfHnM8dCQ}{127.0.0.1}{127.0.0.1:9421}[mode=>network]], id[714], master [null], hasJoinedOnce [false], cluster_name[TEST-CHILD_VM=[0]-CLUSTER_SEED=[-8106659381411338889]-HASH=[14406DC76783A180]-cluster]}, ping_response{node [{node_t3}{EJh5pphuTEuwcvfHnM8dCQ}{127.0.0.1}{127.0.0.1:9421}[mode=>network]], id[714], master [null], hasJoinedOnce [false], cluster_name[TEST-CHILD_VM=[0]-CLUSTER_SEED=[-8106659381411338889]-HASH=[14406DC76783A180]-cluster]}, ping_response{node [{node_t3}{EJh5pphuTEuwcvfHnM8dCQ}{127.0.0.1}{127.0.0.1:9421}[mode=>network]], id[718], master [null], hasJoinedOnce [false], cluster_name[TEST-CHILD_VM=[0]-CLUSTER_SEED=[-8106659381411338889]-HASH=[14406DC76783A180]-cluster]}]
[2016-03-29 17:29:44,344][TRACE][org.elasticsearch.discovery.zen.ping.unicast] [node_t3] [1] failed to connect to {#zen_unicast_5#}{127.0.0.1}{127.0.0.1:9424}
ConnectTransportException[[][127.0.0.1:9424] connect_timeout[30s]]; nested: ConnectException[Connection refused: /127.0.0.1:9424];
	at org.elasticsearch.transport.netty.NettyTransport.connectToChannelsLight(NettyTransport.java:954)
	at org.elasticsearch.transport.netty.NettyTransport.connectToNode(NettyTransport.java:918)
	at org.elasticsearch.transport.netty.NettyTransport.connectToNodeLight(NettyTransport.java:890)
	at org.elasticsearch.test.transport.MockTransportService$LookupTestTransport.connectToNodeLight(MockTransportService.java:413)
	at org.elasticsearch.transport.TransportService.connectToNodeLight(TransportService.java:242)
	at org.elasticsearch.discovery.zen.ping.unicast.UnicastZenPing$3.run(UnicastZenPing.java:395)
	at java.util.concurrent.ThreadPoolExecutor.runWorker(ThreadPoolExecutor.java:1142)
	at java.util.concurrent.ThreadPoolExecutor$Worker.run(ThreadPoolExecutor.java:617)
	at java.lang.Thread.run(Thread.java:745)
Caused by: java.net.ConnectException: Connection refused: /127.0.0.1:9424
	at sun.nio.ch.SocketChannelImpl.checkConnect(Native Method)
	at sun.nio.ch.SocketChannelImpl.finishConnect(SocketChannelImpl.java:712)
	at org.jboss.netty.channel.socket.nio.NioClientBoss.connect(NioClientBoss.java:152)
	at org.jboss.netty.channel.socket.nio.NioClientBoss.processSelectedKeys(NioClientBoss.java:105)
	at org.jboss.netty.channel.socket.nio.NioClientBoss.process(NioClientBoss.java:79)
	at org.jboss.netty.channel.socket.nio.AbstractNioSelector.run(AbstractNioSelector.java:337)
	at org.jboss.netty.channel.socket.nio.NioClientBoss.run(NioClientBoss.java:42)
	at org.jboss.netty.util.ThreadRenamingRunnable.run(ThreadRenamingRunnable.java:108)
	at org.jboss.netty.util.internal.DeadLockProofWorker$1.run(DeadLockProofWorker.java:42)
	... 3 more
[2016-03-29 17:29:44,344][TRACE][org.elasticsearch.discovery.zen.ping.unicast] [node_t3] [1] failed to connect to {#zen_unicast_4#}{127.0.0.1}{127.0.0.1:9423}
ConnectTransportException[[][127.0.0.1:9423] connect_timeout[30s]]; nested: ConnectException[Connection refused: /127.0.0.1:9423];
	at org.elasticsearch.transport.netty.NettyTransport.connectToChannelsLight(NettyTransport.java:954)
	at org.elasticsearch.transport.netty.NettyTransport.connectToNode(NettyTransport.java:918)
	at org.elasticsearch.transport.netty.NettyTransport.connectToNodeLight(NettyTransport.java:890)
	at org.elasticsearch.test.transport.MockTransportService$LookupTestTransport.connectToNodeLight(MockTransportService.java:413)
	at org.elasticsearch.transport.TransportService.connectToNodeLight(TransportService.java:242)
	at org.elasticsearch.discovery.zen.ping.unicast.UnicastZenPing$3.run(UnicastZenPing.java:395)
	at java.util.concurrent.ThreadPoolExecutor.runWorker(ThreadPoolExecutor.java:1142)
	at java.util.concurrent.ThreadPoolExecutor$Worker.run(ThreadPoolExecutor.java:617)
	at java.lang.Thread.run(Thread.java:745)
Caused by: java.net.ConnectException: Connection refused: /127.0.0.1:9423
	at sun.nio.ch.SocketChannelImpl.checkConnect(Native Method)
	at sun.nio.ch.SocketChannelImpl.finishConnect(SocketChannelImpl.java:712)
	at org.jboss.netty.channel.socket.nio.NioClientBoss.connect(NioClientBoss.java:152)
	at org.jboss.netty.channel.socket.nio.NioClientBoss.processSelectedKeys(NioClientBoss.java:105)
	at org.jboss.netty.channel.socket.nio.NioClientBoss.process(NioClientBoss.java:79)
	at org.jboss.netty.channel.socket.nio.AbstractNioSelector.run(AbstractNioSelector.java:337)
	at org.jboss.netty.channel.socket.nio.NioClientBoss.run(NioClientBoss.java:42)
	at org.jboss.netty.util.ThreadRenamingRunnable.run(ThreadRenamingRunnable.java:108)
	at org.jboss.netty.util.internal.DeadLockProofWorker$1.run(DeadLockProofWorker.java:42)
	... 3 more
[2016-03-29 17:29:44,345][TRACE][org.elasticsearch.discovery.zen.ping.unicast] [node_t3] [1] connecting (light) to {#zen_unicast_12_nMu_6boQR--7IGHETEaC6A#}{127.0.0.1}{127.0.0.1:9420}[mode=>network]
[2016-03-29 17:29:44,347][TRACE][org.elasticsearch.discovery.zen.ping.unicast] [node_t3] [1] connected to {node_t0}{nMu_6boQR--7IGHETEaC6A}{127.0.0.1}{127.0.0.1:9420}[mode=>network]
[2016-03-29 17:29:44,347][TRACE][org.elasticsearch.discovery.zen.ping.unicast] [node_t3] [1] sending to {#zen_unicast_12_nMu_6boQR--7IGHETEaC6A#}{127.0.0.1}{127.0.0.1:9420}[mode=>network]
[2016-03-29 17:29:44,348][TRACE][org.elasticsearch.discovery.zen.ping.unicast] [node_t3] [1] received response from {#zen_unicast_12_nMu_6boQR--7IGHETEaC6A#}{127.0.0.1}{127.0.0.1:9420}[mode=>network]: [ping_response{node [{node_t0}{nMu_6boQR--7IGHETEaC6A}{127.0.0.1}{127.0.0.1:9420}[mode=>network]], id[681], master [{node_t0}{nMu_6boQR--7IGHETEaC6A}{127.0.0.1}{127.0.0.1:9420}[mode=>network]], hasJoinedOnce [true], cluster_name[TEST-CHILD_VM=[0]-CLUSTER_SEED=[-8106659381411338889]-HASH=[14406DC76783A180]-cluster]}, ping_response{node [{node_t0}{nMu_6boQR--7IGHETEaC6A}{127.0.0.1}{127.0.0.1:9420}[mode=>network]], id[681], master [{node_t0}{nMu_6boQR--7IGHETEaC6A}{127.0.0.1}{127.0.0.1:9420}[mode=>network]], hasJoinedOnce [true], cluster_name[TEST-CHILD_VM=[0]-CLUSTER_SEED=[-8106659381411338889]-HASH=[14406DC76783A180]-cluster]}, ping_response{node [{node_t0}{nMu_6boQR--7IGHETEaC6A}{127.0.0.1}{127.0.0.1:9420}[mode=>network]], id[681], master [{node_t0}{nMu_6boQR--7IGHETEaC6A}{127.0.0.1}{127.0.0.1:9420}[mode=>network]], hasJoinedOnce [true], cluster_name[TEST-CHILD_VM=[0]-CLUSTER_SEED=[-8106659381411338889]-HASH=[14406DC76783A180]-cluster]}, ping_response{node [{node_t3}{EJh5pphuTEuwcvfHnM8dCQ}{127.0.0.1}{127.0.0.1:9421}[mode=>network]], id[685], master [null], hasJoinedOnce [false], cluster_name[TEST-CHILD_VM=[0]-CLUSTER_SEED=[-8106659381411338889]-HASH=[14406DC76783A180]-cluster]}, ping_response{node [{node_t3}{EJh5pphuTEuwcvfHnM8dCQ}{127.0.0.1}{127.0.0.1:9421}[mode=>network]], id[685], master [null], hasJoinedOnce [false], cluster_name[TEST-CHILD_VM=[0]-CLUSTER_SEED=[-8106659381411338889]-HASH=[14406DC76783A180]-cluster]}, ping_response{node [{node_t0}{nMu_6boQR--7IGHETEaC6A}{127.0.0.1}{127.0.0.1:9420}[mode=>network]], id[691], master [null], hasJoinedOnce [true], cluster_name[TEST-CHILD_VM=[0]-CLUSTER_SEED=[-8106659381411338889]-HASH=[14406DC76783A180]-cluster]}, ping_response{node [{node_t0}{nMu_6boQR--7IGHETEaC6A}{127.0.0.1}{127.0.0.1:9420}[mode=>network]], id[691], master [null], hasJoinedOnce [true], cluster_name[TEST-CHILD_VM=[0]-CLUSTER_SEED=[-8106659381411338889]-HASH=[14406DC76783A180]-cluster]}, ping_response{node [{node_t0}{nMu_6boQR--7IGHETEaC6A}{127.0.0.1}{127.0.0.1:9420}[mode=>network]], id[691], master [null], hasJoinedOnce [true], cluster_name[TEST-CHILD_VM=[0]-CLUSTER_SEED=[-8106659381411338889]-HASH=[14406DC76783A180]-cluster]}, ping_response{node [{node_t3}{EJh5pphuTEuwcvfHnM8dCQ}{127.0.0.1}{127.0.0.1:9421}[mode=>network]], id[699], master [null], hasJoinedOnce [false], cluster_name[TEST-CHILD_VM=[0]-CLUSTER_SEED=[-8106659381411338889]-HASH=[14406DC76783A180]-cluster]}, ping_response{node [{node_t3}{EJh5pphuTEuwcvfHnM8dCQ}{127.0.0.1}{127.0.0.1:9421}[mode=>network]], id[699], master [null], hasJoinedOnce [false], cluster_name[TEST-CHILD_VM=[0]-CLUSTER_SEED=[-8106659381411338889]-HASH=[14406DC76783A180]-cluster]}, ping_response{node [{node_t3}{EJh5pphuTEuwcvfHnM8dCQ}{127.0.0.1}{127.0.0.1:9421}[mode=>network]], id[699], master [null], hasJoinedOnce [false], cluster_name[TEST-CHILD_VM=[0]-CLUSTER_SEED=[-8106659381411338889]-HASH=[14406DC76783A180]-cluster]}, ping_response{node [{node_t0}{nMu_6boQR--7IGHETEaC6A}{127.0.0.1}{127.0.0.1:9420}[mode=>network]], id[706], master [null], hasJoinedOnce [true], cluster_name[TEST-CHILD_VM=[0]-CLUSTER_SEED=[-8106659381411338889]-HASH=[14406DC76783A180]-cluster]}, ping_response{node [{node_t0}{nMu_6boQR--7IGHETEaC6A}{127.0.0.1}{127.0.0.1:9420}[mode=>network]], id[706], master [null], hasJoinedOnce [true], cluster_name[TEST-CHILD_VM=[0]-CLUSTER_SEED=[-8106659381411338889]-HASH=[14406DC76783A180]-cluster]}, ping_response{node [{node_t0}{nMu_6boQR--7IGHETEaC6A}{127.0.0.1}{127.0.0.1:9420}[mode=>network]], id[706], master [null], hasJoinedOnce [true], cluster_name[TEST-CHILD_VM=[0]-CLUSTER_SEED=[-8106659381411338889]-HASH=[14406DC76783A180]-cluster]}, ping_response{node [{node_t3}{EJh5pphuTEuwcvfHnM8dCQ}{127.0.0.1}{127.0.0.1:9421}[mode=>network]], id[714], master [null], hasJoinedOnce [false], cluster_name[TEST-CHILD_VM=[0]-CLUSTER_SEED=[-8106659381411338889]-HASH=[14406DC76783A180]-cluster]}, ping_response{node [{node_t3}{EJh5pphuTEuwcvfHnM8dCQ}{127.0.0.1}{127.0.0.1:9421}[mode=>network]], id[714], master [null], hasJoinedOnce [false], cluster_name[TEST-CHILD_VM=[0]-CLUSTER_SEED=[-8106659381411338889]-HASH=[14406DC76783A180]-cluster]}, ping_response{node [{node_t3}{EJh5pphuTEuwcvfHnM8dCQ}{127.0.0.1}{127.0.0.1:9421}[mode=>network]], id[714], master [null], hasJoinedOnce [false], cluster_name[TEST-CHILD_VM=[0]-CLUSTER_SEED=[-8106659381411338889]-HASH=[14406DC76783A180]-cluster]}, ping_response{node [{node_t0}{nMu_6boQR--7IGHETEaC6A}{127.0.0.1}{127.0.0.1:9420}[mode=>network]], id[720], master [null], hasJoinedOnce [true], cluster_name[TEST-CHILD_VM=[0]-CLUSTER_SEED=[-8106659381411338889]-HASH=[14406DC76783A180]-cluster]}]
[2016-03-29 17:29:44,348][TRACE][org.elasticsearch.discovery.zen.ping.unicast] [node_t3] [1] disconnecting from {#zen_unicast_1#}{127.0.0.1}{127.0.0.1:9420}
[2016-03-29 17:29:44,348][TRACE][org.elasticsearch.discovery.zen] [node_t3] full ping responses:
	--> ping_response{node [{node_t0}{nMu_6boQR--7IGHETEaC6A}{127.0.0.1}{127.0.0.1:9420}[mode=>network]], id[720], master [null], hasJoinedOnce [true], cluster_name[TEST-CHILD_VM=[0]-CLUSTER_SEED=[-8106659381411338889]-HASH=[14406DC76783A180]-cluster]}
	--> ping_response{node [{node_t2}{F-u4jQqMTgCSFvClNNIaBA}{127.0.0.1}{127.0.0.1:9421}[mode=>network]], id[674], master [null], hasJoinedOnce [false], cluster_name[TEST-CHILD_VM=[0]-CLUSTER_SEED=[-8106659381411338889]-HASH=[14406DC76783A180]-cluster]}
[2016-03-29 17:29:44,348][DEBUG][org.elasticsearch.discovery.zen] [node_t3] filtered ping responses: (filter_client[true], filter_data[false])
	--> ping_response{node [{node_t0}{nMu_6boQR--7IGHETEaC6A}{127.0.0.1}{127.0.0.1:9420}[mode=>network]], id[720], master [null], hasJoinedOnce [true], cluster_name[TEST-CHILD_VM=[0]-CLUSTER_SEED=[-8106659381411338889]-HASH=[14406DC76783A180]-cluster]}
	--> ping_response{node [{node_t2}{F-u4jQqMTgCSFvClNNIaBA}{127.0.0.1}{127.0.0.1:9421}[mode=>network]], id[674], master [null], hasJoinedOnce [false], cluster_name[TEST-CHILD_VM=[0]-CLUSTER_SEED=[-8106659381411338889]-HASH=[14406DC76783A180]-cluster]}
[2016-03-29 17:29:44,348][TRACE][org.elasticsearch.discovery.zen] [node_t3] stopping join accumulation ([not master])
[2016-03-29 17:29:44,348][TRACE][org.elasticsearch.discovery.zen.ping.unicast] [node_t3] [1] disconnecting from {#zen_unicast_6#}{::1}{[::1]:9420}
[2016-03-29 17:29:44,348][TRACE][org.elasticsearch.discovery.zen.ping.unicast] [node_t3] [1] disconnecting from {#zen_unicast_5#}{127.0.0.1}{127.0.0.1:9424}
[2016-03-29 17:29:44,348][TRACE][org.elasticsearch.discovery.zen.ping.unicast] [node_t3] [1] disconnecting from {#zen_unicast_4#}{127.0.0.1}{127.0.0.1:9423}
[2016-03-29 17:29:44,348][TRACE][org.elasticsearch.discovery.zen.ping.unicast] [node_t3] [1] disconnecting from {#zen_unicast_11_nMu_6boQR--7IGHETEaC6A#}{127.0.0.1}{127.0.0.1:9420}[mode=>network]
[2016-03-29 17:29:44,349][TRACE][org.elasticsearch.discovery.zen.ping.unicast] [node_t3] [1] disconnecting from {#zen_unicast_3#}{127.0.0.1}{127.0.0.1:9422}
[2016-03-29 17:29:44,349][TRACE][org.elasticsearch.discovery.zen.ping.unicast] [node_t3] [1] disconnecting from {#zen_unicast_10#}{::1}{[::1]:9424}
[2016-03-29 17:29:44,349][TRACE][org.elasticsearch.discovery.zen.ping.unicast] [node_t3] [1] disconnecting from {#zen_unicast_12_nMu_6boQR--7IGHETEaC6A#}{127.0.0.1}{127.0.0.1:9420}[mode=>network]
[2016-03-29 17:29:44,349][TRACE][org.elasticsearch.discovery.zen.ping.unicast] [node_t3] [1] disconnecting from {#zen_unicast_9#}{::1}{[::1]:9423}
[2016-03-29 17:29:44,349][TRACE][org.elasticsearch.discovery.zen.ping.unicast] [node_t3] [1] disconnecting from {#zen_unicast_8#}{::1}{[::1]:9422}
[2016-03-29 17:29:44,349][TRACE][org.elasticsearch.discovery.zen.ping.unicast] [node_t3] [1] disconnecting from {#zen_unicast_7#}{::1}{[::1]:9421}
[2016-03-29 17:29:44,350][TRACE][org.elasticsearch.discovery.zen] [node_t3] joining master {node_t0}{nMu_6boQR--7IGHETEaC6A}{127.0.0.1}{127.0.0.1:9420}[mode=>network]
[2016-03-29 17:29:44,352][TRACE][org.elasticsearch.cluster.service] [node_t0] will process [zen-disco-join(elected_as_master, [1] joins received)]
[2016-03-29 17:29:44,352][DEBUG][org.elasticsearch.cluster.service] [node_t0] processing [zen-disco-join(elected_as_master, [1] joins received)]: execute
[2016-03-29 17:29:44,353][TRACE][org.elasticsearch.gateway] [node_t0] [test][3] fetching [shard_started] from [nMu_6boQR--7IGHETEaC6A]
[2016-03-29 17:29:44,353][TRACE][org.elasticsearch.gateway] [node_t0] [test][3] loading local shard state info
[2016-03-29 17:29:44,353][TRACE][org.elasticsearch.gateway] [node_t0] [test][3], node[null], [P], v[5], s[UNASSIGNED], unassigned_info[[reason=NODE_LEFT], at[2016-03-29T21:29:44.352Z], details[node_left[F-u4jQqMTgCSFvClNNIaBA]]]: ignoring allocation, still fetching shard started state
[2016-03-29 17:29:44,353][TRACE][org.elasticsearch.gateway] [node_t0] [test][3] no local shard info found
[2016-03-29 17:29:44,354][TRACE][org.elasticsearch.gateway] [node_t0] [test][3] processing fetched [shard_started] results
[2016-03-29 17:29:44,354][TRACE][org.elasticsearch.gateway] [node_t0] [test][3] marking nMu_6boQR--7IGHETEaC6A as done for [shard_started]
[2016-03-29 17:29:44,354][TRACE][org.elasticsearch.gateway] [node_t0] [test][3] scheduling reroute for post_response
[2016-03-29 17:29:44,354][TRACE][org.elasticsearch.gateway] [node_t0] [test][5] fetching [shard_started] from [nMu_6boQR--7IGHETEaC6A]
[2016-03-29 17:29:44,354][TRACE][org.elasticsearch.gateway] [node_t0] [test][5] loading local shard state info
[2016-03-29 17:29:44,354][TRACE][org.elasticsearch.gateway] [node_t0] [test][5], node[null], [P], v[5], s[UNASSIGNED], unassigned_info[[reason=NODE_LEFT], at[2016-03-29T21:29:44.353Z], details[node_left[F-u4jQqMTgCSFvClNNIaBA]]]: ignoring allocation, still fetching shard started state
[2016-03-29 17:29:44,354][TRACE][org.elasticsearch.gateway] [node_t0] [test][5] no local shard info found
[2016-03-29 17:29:44,355][TRACE][org.elasticsearch.gateway] [node_t0] [test][5] processing fetched [shard_started] results
[2016-03-29 17:29:44,355][TRACE][org.elasticsearch.gateway] [node_t0] [test][5] marking nMu_6boQR--7IGHETEaC6A as done for [shard_started]
[2016-03-29 17:29:44,355][TRACE][org.elasticsearch.gateway] [node_t0] [test][5] scheduling reroute for post_response
[2016-03-29 17:29:44,355][TRACE][org.elasticsearch.gateway] [node_t0] [test][1] fetching [shard_started] from [nMu_6boQR--7IGHETEaC6A]
[2016-03-29 17:29:44,355][TRACE][org.elasticsearch.gateway] [node_t0] [test][1] loading local shard state info
[2016-03-29 17:29:44,355][TRACE][org.elasticsearch.gateway] [node_t0] [test][1], node[null], [P], v[5], s[UNASSIGNED], unassigned_info[[reason=NODE_LEFT], at[2016-03-29T21:29:44.353Z], details[node_left[F-u4jQqMTgCSFvClNNIaBA]]]: ignoring allocation, still fetching shard started state
[2016-03-29 17:29:44,355][TRACE][org.elasticsearch.gateway] [node_t0] [test][1] no local shard info found
[2016-03-29 17:29:44,356][TRACE][org.elasticsearch.gateway] [node_t0] [test][1] processing fetched [shard_started] results
[2016-03-29 17:29:44,356][TRACE][org.elasticsearch.gateway] [node_t0] [test][1] marking nMu_6boQR--7IGHETEaC6A as done for [shard_started]
[2016-03-29 17:29:44,356][TRACE][org.elasticsearch.gateway] [node_t0] [test][1] scheduling reroute for post_response
[2016-03-29 17:29:44,356][TRACE][org.elasticsearch.gateway] [node_t0] [test][7] fetching [shard_started] from [nMu_6boQR--7IGHETEaC6A]
[2016-03-29 17:29:44,356][TRACE][org.elasticsearch.gateway] [node_t0] [test][7] loading local shard state info
[2016-03-29 17:29:44,356][TRACE][org.elasticsearch.gateway] [node_t0] [test][7], node[null], [P], v[5], s[UNASSIGNED], unassigned_info[[reason=NODE_LEFT], at[2016-03-29T21:29:44.353Z], details[node_left[F-u4jQqMTgCSFvClNNIaBA]]]: ignoring allocation, still fetching shard started state
[2016-03-29 17:29:44,356][TRACE][org.elasticsearch.gateway] [node_t0] [test][7] no local shard info found
[2016-03-29 17:29:44,356][TRACE][org.elasticsearch.gateway] [node_t0] [test][7] processing fetched [shard_started] results
[2016-03-29 17:29:44,356][TRACE][org.elasticsearch.gateway] [node_t0] [test][7] marking nMu_6boQR--7IGHETEaC6A as done for [shard_started]
[2016-03-29 17:29:44,356][TRACE][org.elasticsearch.gateway] [node_t0] [test][7] scheduling reroute for post_response
[2016-03-29 17:29:44,356][TRACE][org.elasticsearch.cluster.service] [node_t0] cluster state updated, source [zen-disco-join(elected_as_master, [1] joins received)]
version: 12
state uuid: rtr4MzR6T4atRW6ZFPyDAw
from_diff: false
meta data version: 7
nodes: 
   {node_t3}{EJh5pphuTEuwcvfHnM8dCQ}{127.0.0.1}{127.0.0.1:9421}[mode=>network]
   {node_t0}{nMu_6boQR--7IGHETEaC6A}{127.0.0.1}{127.0.0.1:9420}[mode=>network], local, master
routing_table (version 10):
-- index [test]
----shard_id [test][0]
--------[test][0], node[nMu_6boQR--7IGHETEaC6A], [P], v[2], s[STARTED], a[id=AF2N8luPTGOEWsg3lpwsvQ]
----shard_id [test][1]
--------[test][1], node[null], [P], v[5], s[UNASSIGNED], unassigned_info[[reason=NODE_LEFT], at[2016-03-29T21:29:44.353Z], details[node_left[F-u4jQqMTgCSFvClNNIaBA]]]
----shard_id [test][2]
--------[test][2], node[nMu_6boQR--7IGHETEaC6A], [P], v[2], s[STARTED], a[id=4jD7-tdGTfmoAwhEHCXW2g]
----shard_id [test][3]
--------[test][3], node[null], [P], v[5], s[UNASSIGNED], unassigned_info[[reason=NODE_LEFT], at[2016-03-29T21:29:44.352Z], details[node_left[F-u4jQqMTgCSFvClNNIaBA]]]
----shard_id [test][4]
--------[test][4], node[nMu_6boQR--7IGHETEaC6A], [P], v[2], s[STARTED], a[id=4qa0UMnJSna1NZFfHP1Fhg]
----shard_id [test][5]
--------[test][5], node[null], [P], v[5], s[UNASSIGNED], unassigned_info[[reason=NODE_LEFT], at[2016-03-29T21:29:44.353Z], details[node_left[F-u4jQqMTgCSFvClNNIaBA]]]
----shard_id [test][6]
--------[test][6], node[nMu_6boQR--7IGHETEaC6A], [P], v[2], s[STARTED], a[id=OZw1U2GVTfGTc0WYIexndQ]
----shard_id [test][7]
--------[test][7], node[null], [P], v[5], s[UNASSIGNED], unassigned_info[[reason=NODE_LEFT], at[2016-03-29T21:29:44.353Z], details[node_left[F-u4jQqMTgCSFvClNNIaBA]]]
----shard_id [test][8]
--------[test][8], node[nMu_6boQR--7IGHETEaC6A], [P], v[2], s[STARTED], a[id=GWVEeeZySkOeWZXB7Pa4GQ]

routing_nodes:
-----node_id[EJh5pphuTEuwcvfHnM8dCQ][V]
-----node_id[nMu_6boQR--7IGHETEaC6A][V]
--------[test][2], node[nMu_6boQR--7IGHETEaC6A], [P], v[2], s[STARTED], a[id=4jD7-tdGTfmoAwhEHCXW2g]
--------[test][8], node[nMu_6boQR--7IGHETEaC6A], [P], v[2], s[STARTED], a[id=GWVEeeZySkOeWZXB7Pa4GQ]
--------[test][6], node[nMu_6boQR--7IGHETEaC6A], [P], v[2], s[STARTED], a[id=OZw1U2GVTfGTc0WYIexndQ]
--------[test][4], node[nMu_6boQR--7IGHETEaC6A], [P], v[2], s[STARTED], a[id=4qa0UMnJSna1NZFfHP1Fhg]
--------[test][0], node[nMu_6boQR--7IGHETEaC6A], [P], v[2], s[STARTED], a[id=AF2N8luPTGOEWsg3lpwsvQ]
---- unassigned
--------[test][5], node[null], [P], v[5], s[UNASSIGNED], unassigned_info[[reason=NODE_LEFT], at[2016-03-29T21:29:44.353Z], details[node_left[F-u4jQqMTgCSFvClNNIaBA]]]
--------[test][1], node[null], [P], v[5], s[UNASSIGNED], unassigned_info[[reason=NODE_LEFT], at[2016-03-29T21:29:44.353Z], details[node_left[F-u4jQqMTgCSFvClNNIaBA]]]
--------[test][3], node[null], [P], v[5], s[UNASSIGNED], unassigned_info[[reason=NODE_LEFT], at[2016-03-29T21:29:44.352Z], details[node_left[F-u4jQqMTgCSFvClNNIaBA]]]
--------[test][7], node[null], [P], v[5], s[UNASSIGNED], unassigned_info[[reason=NODE_LEFT], at[2016-03-29T21:29:44.353Z], details[node_left[F-u4jQqMTgCSFvClNNIaBA]]]

[2016-03-29 17:29:44,357][INFO ][org.elasticsearch.cluster.service] [node_t0] new_master {node_t0}{nMu_6boQR--7IGHETEaC6A}{127.0.0.1}{127.0.0.1:9420}[mode=>network], added {{node_t3}{EJh5pphuTEuwcvfHnM8dCQ}{127.0.0.1}{127.0.0.1:9421}[mode=>network],}, reason: zen-disco-join(elected_as_master, [1] joins received)
[2016-03-29 17:29:44,357][DEBUG][org.elasticsearch.cluster.service] [node_t0] publishing cluster state version [12]
[2016-03-29 17:29:44,358][DEBUG][org.elasticsearch.discovery.zen.publish] [node_t3] received full cluster state version [12] with size [814]
[2016-03-29 17:29:44,358][TRACE][org.elasticsearch.discovery.zen.publish] [node_t0] master node {node_t3}{EJh5pphuTEuwcvfHnM8dCQ}{127.0.0.1}{127.0.0.1:9421}[mode=>network] acked cluster state version [12]. processing ... (current pending [1], needed [1])
[2016-03-29 17:29:44,358][TRACE][org.elasticsearch.discovery.zen.publish] [node_t0] committing version [12]
[2016-03-29 17:29:44,358][TRACE][org.elasticsearch.discovery.zen.publish] [node_t0] sending commit for cluster state (uuid: [rtr4MzR6T4atRW6ZFPyDAw], version [12]) to [{node_t3}{EJh5pphuTEuwcvfHnM8dCQ}{127.0.0.1}{127.0.0.1:9421}[mode=>network]]
[2016-03-29 17:29:44,358][TRACE][org.elasticsearch.cluster.service] [node_t3] will process [zen-disco-receive(from master [master {node_t0}{nMu_6boQR--7IGHETEaC6A}{127.0.0.1}{127.0.0.1:9420}[mode=>network] committed version [12]])]
[2016-03-29 17:29:44,358][DEBUG][org.elasticsearch.cluster.service] [node_t3] processing [zen-disco-receive(from master [master {node_t0}{nMu_6boQR--7IGHETEaC6A}{127.0.0.1}{127.0.0.1:9420}[mode=>network] committed version [12]])]: execute
[2016-03-29 17:29:44,359][DEBUG][org.elasticsearch.discovery.zen.fd] [node_t3] [master] restarting fault detection against master [{node_t0}{nMu_6boQR--7IGHETEaC6A}{127.0.0.1}{127.0.0.1:9420}[mode=>network]], reason [new cluster state received and we are monitoring the wrong master [null]]
[2016-03-29 17:29:44,359][DEBUG][org.elasticsearch.discovery.zen] [node_t3] got first state from fresh master [nMu_6boQR--7IGHETEaC6A]
[2016-03-29 17:29:44,359][TRACE][org.elasticsearch.discovery.zen] [node_t3] updated cluster join cluster to [1]
[2016-03-29 17:29:44,359][TRACE][org.elasticsearch.cluster.service] [node_t3] cluster state updated, source [zen-disco-receive(from master [master {node_t0}{nMu_6boQR--7IGHETEaC6A}{127.0.0.1}{127.0.0.1:9420}[mode=>network] committed version [12]])]
version: 12
state uuid: rtr4MzR6T4atRW6ZFPyDAw
from_diff: false
meta data version: 7
nodes: 
   {node_t3}{EJh5pphuTEuwcvfHnM8dCQ}{127.0.0.1}{127.0.0.1:9421}[mode=>network], local
   {node_t0}{nMu_6boQR--7IGHETEaC6A}{127.0.0.1}{127.0.0.1:9420}[mode=>network], master
routing_table (version 10):
-- index [test]
----shard_id [test][0]
--------[test][0], node[nMu_6boQR--7IGHETEaC6A], [P], v[2], s[STARTED], a[id=AF2N8luPTGOEWsg3lpwsvQ]
----shard_id [test][1]
--------[test][1], node[null], [P], v[5], s[UNASSIGNED], unassigned_info[[reason=NODE_LEFT], at[2016-03-29T21:29:44.353Z], details[node_left[F-u4jQqMTgCSFvClNNIaBA]]]
----shard_id [test][2]
--------[test][2], node[nMu_6boQR--7IGHETEaC6A], [P], v[2], s[STARTED], a[id=4jD7-tdGTfmoAwhEHCXW2g]
----shard_id [test][3]
--------[test][3], node[null], [P], v[5], s[UNASSIGNED], unassigned_info[[reason=NODE_LEFT], at[2016-03-29T21:29:44.352Z], details[node_left[F-u4jQqMTgCSFvClNNIaBA]]]
----shard_id [test][4]
--------[test][4], node[nMu_6boQR--7IGHETEaC6A], [P], v[2], s[STARTED], a[id=4qa0UMnJSna1NZFfHP1Fhg]
----shard_id [test][5]
--------[test][5], node[null], [P], v[5], s[UNASSIGNED], unassigned_info[[reason=NODE_LEFT], at[2016-03-29T21:29:44.353Z], details[node_left[F-u4jQqMTgCSFvClNNIaBA]]]
----shard_id [test][6]
--------[test][6], node[nMu_6boQR--7IGHETEaC6A], [P], v[2], s[STARTED], a[id=OZw1U2GVTfGTc0WYIexndQ]
----shard_id [test][7]
--------[test][7], node[null], [P], v[5], s[UNASSIGNED], unassigned_info[[reason=NODE_LEFT], at[2016-03-29T21:29:44.353Z], details[node_left[F-u4jQqMTgCSFvClNNIaBA]]]
----shard_id [test][8]
--------[test][8], node[nMu_6boQR--7IGHETEaC6A], [P], v[2], s[STARTED], a[id=GWVEeeZySkOeWZXB7Pa4GQ]

routing_nodes:
-----node_id[EJh5pphuTEuwcvfHnM8dCQ][V]
-----node_id[nMu_6boQR--7IGHETEaC6A][V]
--------[test][6], node[nMu_6boQR--7IGHETEaC6A], [P], v[2], s[STARTED], a[id=OZw1U2GVTfGTc0WYIexndQ]
--------[test][2], node[nMu_6boQR--7IGHETEaC6A], [P], v[2], s[STARTED], a[id=4jD7-tdGTfmoAwhEHCXW2g]
--------[test][4], node[nMu_6boQR--7IGHETEaC6A], [P], v[2], s[STARTED], a[id=4qa0UMnJSna1NZFfHP1Fhg]
--------[test][8], node[nMu_6boQR--7IGHETEaC6A], [P], v[2], s[STARTED], a[id=GWVEeeZySkOeWZXB7Pa4GQ]
--------[test][0], node[nMu_6boQR--7IGHETEaC6A], [P], v[2], s[STARTED], a[id=AF2N8luPTGOEWsg3lpwsvQ]
---- unassigned
--------[test][5], node[null], [P], v[5], s[UNASSIGNED], unassigned_info[[reason=NODE_LEFT], at[2016-03-29T21:29:44.353Z], details[node_left[F-u4jQqMTgCSFvClNNIaBA]]]
--------[test][1], node[null], [P], v[5], s[UNASSIGNED], unassigned_info[[reason=NODE_LEFT], at[2016-03-29T21:29:44.353Z], details[node_left[F-u4jQqMTgCSFvClNNIaBA]]]
--------[test][3], node[null], [P], v[5], s[UNASSIGNED], unassigned_info[[reason=NODE_LEFT], at[2016-03-29T21:29:44.352Z], details[node_left[F-u4jQqMTgCSFvClNNIaBA]]]
--------[test][7], node[null], [P], v[5], s[UNASSIGNED], unassigned_info[[reason=NODE_LEFT], at[2016-03-29T21:29:44.353Z], details[node_left[F-u4jQqMTgCSFvClNNIaBA]]]

[2016-03-29 17:29:44,359][INFO ][org.elasticsearch.cluster.service] [node_t3] detected_master {node_t0}{nMu_6boQR--7IGHETEaC6A}{127.0.0.1}{127.0.0.1:9420}[mode=>network], added {{node_t0}{nMu_6boQR--7IGHETEaC6A}{127.0.0.1}{127.0.0.1:9420}[mode=>network],}, reason: zen-disco-receive(from master [master {node_t0}{nMu_6boQR--7IGHETEaC6A}{127.0.0.1}{127.0.0.1:9420}[mode=>network] committed version [12]])
[2016-03-29 17:29:44,359][DEBUG][org.elasticsearch.cluster.service] [node_t3] set local cluster state to version 12
[2016-03-29 17:29:44,360][TRACE][org.elasticsearch.gateway] [node_t3] [_global] writing state, reason [changed]
[2016-03-29 17:29:44,362][TRACE][org.elasticsearch.gateway] [node_t3] [test] writing state, reason [freshly created]
[2016-03-29 17:29:44,364][DEBUG][org.elasticsearch.cluster.service] [node_t3] processing [zen-disco-receive(from master [master {node_t0}{nMu_6boQR--7IGHETEaC6A}{127.0.0.1}{127.0.0.1:9420}[mode=>network] committed version [12]])]: took 5ms done applying updated cluster_state (version: 12, uuid: rtr4MzR6T4atRW6ZFPyDAw)
[2016-03-29 17:29:44,364][TRACE][org.elasticsearch.cluster.service] [node_t3] will process [gateway_initial_state_recovery]
[2016-03-29 17:29:44,364][DEBUG][org.elasticsearch.cluster.service] [node_t3] processing [gateway_initial_state_recovery]: execute
[2016-03-29 17:29:44,364][DEBUG][org.elasticsearch.cluster.service] [node_t3] processing [gateway_initial_state_recovery]: took 0s no change in cluster_state
[2016-03-29 17:29:44,364][DEBUG][org.elasticsearch.cluster.service] [node_t0] set local cluster state to version 12
[2016-03-29 17:29:44,364][TRACE][org.elasticsearch.transport.tracer] [transport_client_node_t0] [29][cluster:monitor/health] sent to [{node_t0}{nMu_6boQR--7IGHETEaC6A}{127.0.0.1}{127.0.0.1:9420}[mode=>network]] (timeout: [null])
[2016-03-29 17:29:44,365][TRACE][org.elasticsearch.discovery.zen] [node_t0] stopping join accumulation ([election closed])
[2016-03-29 17:29:44,365][TRACE][org.elasticsearch.discovery.zen] [node_t0] cluster joins counter set to [3] (elected as master)
[2016-03-29 17:29:44,365][DEBUG][org.elasticsearch.cluster.service] [node_t0] processing [zen-disco-join(elected_as_master, [1] joins received)]: took 12ms done applying updated cluster_state (version: 12, uuid: rtr4MzR6T4atRW6ZFPyDAw)
[2016-03-29 17:29:44,365][TRACE][org.elasticsearch.cluster.service] [node_t0] will process [cluster_reroute(async_shard_fetch)]
[2016-03-29 17:29:44,365][DEBUG][org.elasticsearch.cluster.service] [node_t0] processing [cluster_reroute(async_shard_fetch)]: execute
[2016-03-29 17:29:44,365][TRACE][org.elasticsearch.cluster.service] [node_t3] will process [finalize_join ({node_t0}{nMu_6boQR--7IGHETEaC6A}{127.0.0.1}{127.0.0.1:9420}[mode=>network])]
[2016-03-29 17:29:44,365][DEBUG][org.elasticsearch.cluster.service] [node_t3] processing [finalize_join ({node_t0}{nMu_6boQR--7IGHETEaC6A}{127.0.0.1}{127.0.0.1:9420}[mode=>network])]: execute
[2016-03-29 17:29:44,365][TRACE][org.elasticsearch.gateway] [node_t0] [test][1] fetching [shard_started] from [EJh5pphuTEuwcvfHnM8dCQ]
[2016-03-29 17:29:44,365][DEBUG][org.elasticsearch.cluster.service] [node_t3] processing [finalize_join ({node_t0}{nMu_6boQR--7IGHETEaC6A}{127.0.0.1}{127.0.0.1:9420}[mode=>network])]: took 0s no change in cluster_state
[2016-03-29 17:29:44,365][TRACE][org.elasticsearch.gateway] [node_t0] [test][1], node[null], [P], v[5], s[UNASSIGNED], unassigned_info[[reason=NODE_LEFT], at[2016-03-29T21:29:44.353Z], details[node_left[F-u4jQqMTgCSFvClNNIaBA]]]: ignoring allocation, still fetching shard started state
[2016-03-29 17:29:44,366][TRACE][org.elasticsearch.gateway] [node_t0] [test][5] fetching [shard_started] from [EJh5pphuTEuwcvfHnM8dCQ]
[2016-03-29 17:29:44,366][TRACE][org.elasticsearch.gateway] [node_t3] [test][1] loading local shard state info
[2016-03-29 17:29:44,366][TRACE][org.elasticsearch.gateway] [node_t0] [test][5], node[null], [P], v[5], s[UNASSIGNED], unassigned_info[[reason=NODE_LEFT], at[2016-03-29T21:29:44.353Z], details[node_left[F-u4jQqMTgCSFvClNNIaBA]]]: ignoring allocation, still fetching shard started state
[2016-03-29 17:29:44,366][TRACE][org.elasticsearch.gateway] [node_t3] found state file: [id:1, legacy:false, file:/Users/ogbonnayacngwu/CSE2410_spring2016_projectileDysfunction/core/build/testrun/integTest/J0/temp/org.elasticsearch.cluster.MinimumMasterNodesIT_4AA6DECDBC490785-001/tempDir-005/data/TEST-CHILD_VM=[0]-CLUSTER_SEED=[-8106659381411338889]-HASH=[14406DC76783A180]-cluster/nodes/1/indices/test/1/_state/state-1.st]
[2016-03-29 17:29:44,366][TRACE][org.elasticsearch.gateway] [node_t3] [test][5] loading local shard state info
[2016-03-29 17:29:44,366][TRACE][org.elasticsearch.gateway] [node_t0] [test][7] fetching [shard_started] from [EJh5pphuTEuwcvfHnM8dCQ]
[2016-03-29 17:29:44,366][TRACE][org.elasticsearch.gateway] [node_t0] [test][7], node[null], [P], v[5], s[UNASSIGNED], unassigned_info[[reason=NODE_LEFT], at[2016-03-29T21:29:44.353Z], details[node_left[F-u4jQqMTgCSFvClNNIaBA]]]: ignoring allocation, still fetching shard started state
[2016-03-29 17:29:44,366][TRACE][org.elasticsearch.gateway] [node_t3] found state file: [id:1, legacy:false, file:/Users/ogbonnayacngwu/CSE2410_spring2016_projectileDysfunction/core/build/testrun/integTest/J0/temp/org.elasticsearch.cluster.MinimumMasterNodesIT_4AA6DECDBC490785-001/tempDir-005/data/TEST-CHILD_VM=[0]-CLUSTER_SEED=[-8106659381411338889]-HASH=[14406DC76783A180]-cluster/nodes/1/indices/test/5/_state/state-1.st]
[2016-03-29 17:29:44,366][TRACE][org.elasticsearch.gateway] [node_t3] [test][7] loading local shard state info
[2016-03-29 17:29:44,367][TRACE][org.elasticsearch.gateway] [node_t0] [test][3] fetching [shard_started] from [EJh5pphuTEuwcvfHnM8dCQ]
[2016-03-29 17:29:44,367][TRACE][org.elasticsearch.gateway] [node_t3] state id [1] read from [state-1.st]
[2016-03-29 17:29:44,367][TRACE][org.elasticsearch.gateway] [node_t0] [test][3], node[null], [P], v[5], s[UNASSIGNED], unassigned_info[[reason=NODE_LEFT], at[2016-03-29T21:29:44.352Z], details[node_left[F-u4jQqMTgCSFvClNNIaBA]]]: ignoring allocation, still fetching shard started state
[2016-03-29 17:29:44,367][TRACE][org.elasticsearch.gateway] [node_t3] found state file: [id:1, legacy:false, file:/Users/ogbonnayacngwu/CSE2410_spring2016_projectileDysfunction/core/build/testrun/integTest/J0/temp/org.elasticsearch.cluster.MinimumMasterNodesIT_4AA6DECDBC490785-001/tempDir-005/data/TEST-CHILD_VM=[0]-CLUSTER_SEED=[-8106659381411338889]-HASH=[14406DC76783A180]-cluster/nodes/1/indices/test/7/_state/state-1.st]
[2016-03-29 17:29:44,367][TRACE][org.elasticsearch.gateway] [node_t3] state id [1] read from [state-1.st]
[2016-03-29 17:29:44,367][DEBUG][org.elasticsearch.cluster.service] [node_t0] processing [cluster_reroute(async_shard_fetch)]: took 2ms no change in cluster_state
[2016-03-29 17:29:44,367][TRACE][org.elasticsearch.cluster.service] [node_t0] will process [cluster_health (wait_for_events [LANGUID])]
[2016-03-29 17:29:44,367][DEBUG][org.elasticsearch.cluster.service] [node_t0] processing [cluster_health (wait_for_events [LANGUID])]: execute
[2016-03-29 17:29:44,367][TRACE][org.elasticsearch.gateway] [node_t3] [test][3] loading local shard state info
[2016-03-29 17:29:44,367][TRACE][org.elasticsearch.gateway] [node_t3] found state file: [id:1, legacy:false, file:/Users/ogbonnayacngwu/CSE2410_spring2016_projectileDysfunction/core/build/testrun/integTest/J0/temp/org.elasticsearch.cluster.MinimumMasterNodesIT_4AA6DECDBC490785-001/tempDir-005/data/TEST-CHILD_VM=[0]-CLUSTER_SEED=[-8106659381411338889]-HASH=[14406DC76783A180]-cluster/nodes/1/indices/test/1/_state/state-1.st]
[2016-03-29 17:29:44,367][DEBUG][org.elasticsearch.cluster.service] [node_t0] processing [cluster_health (wait_for_events [LANGUID])]: took 0s no change in cluster_state
[2016-03-29 17:29:44,367][TRACE][org.elasticsearch.gateway] [node_t3] state id [1] read from [state-1.st]
[2016-03-29 17:29:44,367][TRACE][org.elasticsearch.gateway] [node_t3] found state file: [id:1, legacy:false, file:/Users/ogbonnayacngwu/CSE2410_spring2016_projectileDysfunction/core/build/testrun/integTest/J0/temp/org.elasticsearch.cluster.MinimumMasterNodesIT_4AA6DECDBC490785-001/tempDir-005/data/TEST-CHILD_VM=[0]-CLUSTER_SEED=[-8106659381411338889]-HASH=[14406DC76783A180]-cluster/nodes/1/indices/test/5/_state/state-1.st]
[2016-03-29 17:29:44,367][TRACE][org.elasticsearch.gateway] [node_t3] found state file: [id:1, legacy:false, file:/Users/ogbonnayacngwu/CSE2410_spring2016_projectileDysfunction/core/build/testrun/integTest/J0/temp/org.elasticsearch.cluster.MinimumMasterNodesIT_4AA6DECDBC490785-001/tempDir-005/data/TEST-CHILD_VM=[0]-CLUSTER_SEED=[-8106659381411338889]-HASH=[14406DC76783A180]-cluster/nodes/1/indices/test/3/_state/state-1.st]
[2016-03-29 17:29:44,367][TRACE][org.elasticsearch.gateway] [node_t3] state id [1] read from [state-1.st]
[2016-03-29 17:29:44,367][DEBUG][org.elasticsearch.gateway] [node_t3] [test][1] loaded data path [/Users/ogbonnayacngwu/CSE2410_spring2016_projectileDysfunction/core/build/testrun/integTest/J0/temp/org.elasticsearch.cluster.MinimumMasterNodesIT_4AA6DECDBC490785-001/tempDir-005/custom/cfPfVzVmFE/1/test/1], state path [/Users/ogbonnayacngwu/CSE2410_spring2016_projectileDysfunction/core/build/testrun/integTest/J0/temp/org.elasticsearch.cluster.MinimumMasterNodesIT_4AA6DECDBC490785-001/tempDir-005/data/TEST-CHILD_VM=[0]-CLUSTER_SEED=[-8106659381411338889]-HASH=[14406DC76783A180]-cluster/nodes/1/indices/test/1]
[2016-03-29 17:29:44,367][TRACE][org.elasticsearch.gateway] [node_t3] found state file: [id:1, legacy:false, file:/Users/ogbonnayacngwu/CSE2410_spring2016_projectileDysfunction/core/build/testrun/integTest/J0/temp/org.elasticsearch.cluster.MinimumMasterNodesIT_4AA6DECDBC490785-001/tempDir-005/data/TEST-CHILD_VM=[0]-CLUSTER_SEED=[-8106659381411338889]-HASH=[14406DC76783A180]-cluster/nodes/1/indices/test/7/_state/state-1.st]
[2016-03-29 17:29:44,368][TRACE][org.elasticsearch.gateway] [node_t3] state id [1] read from [state-1.st]
[2016-03-29 17:29:44,368][TRACE][org.elasticsearch.gateway] [node_t3] state id [1] read from [state-1.st]
[2016-03-29 17:29:44,368][DEBUG][org.elasticsearch.gateway] [node_t3] [test][5] loaded data path [/Users/ogbonnayacngwu/CSE2410_spring2016_projectileDysfunction/core/build/testrun/integTest/J0/temp/org.elasticsearch.cluster.MinimumMasterNodesIT_4AA6DECDBC490785-001/tempDir-005/custom/cfPfVzVmFE/1/test/5], state path [/Users/ogbonnayacngwu/CSE2410_spring2016_projectileDysfunction/core/build/testrun/integTest/J0/temp/org.elasticsearch.cluster.MinimumMasterNodesIT_4AA6DECDBC490785-001/tempDir-005/data/TEST-CHILD_VM=[0]-CLUSTER_SEED=[-8106659381411338889]-HASH=[14406DC76783A180]-cluster/nodes/1/indices/test/5]
[2016-03-29 17:29:44,368][TRACE][org.elasticsearch.gateway] [node_t3] state id [1] read from [state-1.st]
[2016-03-29 17:29:44,368][DEBUG][org.elasticsearch.gateway] [node_t3] [test][7] loaded data path [/Users/ogbonnayacngwu/CSE2410_spring2016_projectileDysfunction/core/build/testrun/integTest/J0/temp/org.elasticsearch.cluster.MinimumMasterNodesIT_4AA6DECDBC490785-001/tempDir-005/custom/cfPfVzVmFE/1/test/7], state path [/Users/ogbonnayacngwu/CSE2410_spring2016_projectileDysfunction/core/build/testrun/integTest/J0/temp/org.elasticsearch.cluster.MinimumMasterNodesIT_4AA6DECDBC490785-001/tempDir-005/data/TEST-CHILD_VM=[0]-CLUSTER_SEED=[-8106659381411338889]-HASH=[14406DC76783A180]-cluster/nodes/1/indices/test/7]
[2016-03-29 17:29:44,368][TRACE][org.elasticsearch.gateway] [node_t3] found state file: [id:1, legacy:false, file:/Users/ogbonnayacngwu/CSE2410_spring2016_projectileDysfunction/core/build/testrun/integTest/J0/temp/org.elasticsearch.cluster.MinimumMasterNodesIT_4AA6DECDBC490785-001/tempDir-005/data/TEST-CHILD_VM=[0]-CLUSTER_SEED=[-8106659381411338889]-HASH=[14406DC76783A180]-cluster/nodes/1/indices/test/3/_state/state-1.st]
[2016-03-29 17:29:44,368][DEBUG][org.elasticsearch.gateway] [node_t3] [test][1] shard state info found: [version [4], primary [true], allocation [[id=WAwqS_DXQoaufpN16qws4g]]]
[2016-03-29 17:29:44,368][DEBUG][org.elasticsearch.gateway] [node_t3] [test][5] shard state info found: [version [4], primary [true], allocation [[id=fTJOom38Tk-LN70eJUoAzQ]]]
[2016-03-29 17:29:44,368][TRACE][org.elasticsearch.gateway] [node_t3] state id [1] read from [state-1.st]
[2016-03-29 17:29:44,368][TRACE][org.elasticsearch.gateway] [node_t0] [test][1] processing fetched [shard_started] results
[2016-03-29 17:29:44,368][DEBUG][org.elasticsearch.gateway] [node_t3] [test][3] loaded data path [/Users/ogbonnayacngwu/CSE2410_spring2016_projectileDysfunction/core/build/testrun/integTest/J0/temp/org.elasticsearch.cluster.MinimumMasterNodesIT_4AA6DECDBC490785-001/tempDir-005/custom/cfPfVzVmFE/1/test/3], state path [/Users/ogbonnayacngwu/CSE2410_spring2016_projectileDysfunction/core/build/testrun/integTest/J0/temp/org.elasticsearch.cluster.MinimumMasterNodesIT_4AA6DECDBC490785-001/tempDir-005/data/TEST-CHILD_VM=[0]-CLUSTER_SEED=[-8106659381411338889]-HASH=[14406DC76783A180]-cluster/nodes/1/indices/test/3]
[2016-03-29 17:29:44,368][TRACE][org.elasticsearch.gateway] [node_t0] [test][1] marking EJh5pphuTEuwcvfHnM8dCQ as done for [shard_started]
[2016-03-29 17:29:44,368][TRACE][org.elasticsearch.gateway] [node_t0] [test][1] scheduling reroute for post_response
[2016-03-29 17:29:44,369][DEBUG][org.elasticsearch.gateway] [node_t3] [test][7] shard state info found: [version [4], primary [true], allocation [[id=7CQ0O-PlTW-5MTxvqTL3Zw]]]
[2016-03-29 17:29:44,369][TRACE][org.elasticsearch.cluster.service] [node_t0] will process [cluster_reroute(async_shard_fetch)]
[2016-03-29 17:29:44,369][TRACE][org.elasticsearch.gateway] [node_t0] [test][5] processing fetched [shard_started] results
[2016-03-29 17:29:44,369][DEBUG][org.elasticsearch.cluster.service] [node_t0] processing [cluster_reroute(async_shard_fetch)]: execute
[2016-03-29 17:29:44,369][TRACE][org.elasticsearch.gateway] [node_t0] [test][5] marking EJh5pphuTEuwcvfHnM8dCQ as done for [shard_started]
[2016-03-29 17:29:44,369][TRACE][org.elasticsearch.gateway] [node_t0] [test][5] scheduling reroute for post_response
[2016-03-29 17:29:44,369][TRACE][org.elasticsearch.gateway] [node_t0] [test][7] processing fetched [shard_started] results
[2016-03-29 17:29:44,369][TRACE][org.elasticsearch.gateway] [node_t0] [test][7] marking EJh5pphuTEuwcvfHnM8dCQ as done for [shard_started]
[2016-03-29 17:29:44,369][TRACE][org.elasticsearch.gateway] [node_t0] [test][7] scheduling reroute for post_response
[2016-03-29 17:29:44,369][TRACE][org.elasticsearch.gateway] [node_t0] [[test][1], node[null], [P], v[5], s[UNASSIGNED], unassigned_info[[reason=NODE_LEFT], at[2016-03-29T21:29:44.353Z], details[node_left[F-u4jQqMTgCSFvClNNIaBA]]]] on node [{node_t3}{EJh5pphuTEuwcvfHnM8dCQ}{127.0.0.1}{127.0.0.1:9421}[mode=>network]] has allocation id [WAwqS_DXQoaufpN16qws4g] of shard
[2016-03-29 17:29:44,369][DEBUG][org.elasticsearch.gateway] [node_t3] [test][3] shard state info found: [version [4], primary [true], allocation [[id=EPv4X3BBRDaHBG5a-yV9tg]]]
[2016-03-29 17:29:44,369][TRACE][org.elasticsearch.gateway] [node_t0] [[test][1], node[null], [P], v[5], s[UNASSIGNED], unassigned_info[[reason=NODE_LEFT], at[2016-03-29T21:29:44.353Z], details[node_left[F-u4jQqMTgCSFvClNNIaBA]]]] on node [{node_t0}{nMu_6boQR--7IGHETEaC6A}{127.0.0.1}{127.0.0.1:9420}[mode=>network]] has allocation id [null] of shard
[2016-03-29 17:29:44,369][TRACE][org.elasticsearch.gateway] [node_t0] [test][1], node[null], [P], v[5], s[UNASSIGNED], unassigned_info[[reason=NODE_LEFT], at[2016-03-29T21:29:44.353Z], details[node_left[F-u4jQqMTgCSFvClNNIaBA]]] candidates for allocation: node_t3
[2016-03-29 17:29:44,369][DEBUG][org.elasticsearch.gateway] [node_t0] [test][1]: found 1 allocations of [test][1], node[null], [P], v[5], s[UNASSIGNED], unassigned_info[[reason=NODE_LEFT], at[2016-03-29T21:29:44.353Z], details[node_left[F-u4jQqMTgCSFvClNNIaBA]]] based on allocation ids: [[WAwqS_DXQoaufpN16qws4g]]
[2016-03-29 17:29:44,369][TRACE][org.elasticsearch.gateway] [node_t0] [test][3] processing fetched [shard_started] results
[2016-03-29 17:29:44,369][TRACE][org.elasticsearch.gateway] [node_t0] [test][3] marking EJh5pphuTEuwcvfHnM8dCQ as done for [shard_started]
[2016-03-29 17:29:44,369][TRACE][org.elasticsearch.gateway] [node_t0] [test][3] scheduling reroute for post_response
[2016-03-29 17:29:44,369][DEBUG][org.elasticsearch.gateway] [node_t0] [test][1]: allocating [[test][1], node[null], [P], v[5], s[UNASSIGNED], unassigned_info[[reason=NODE_LEFT], at[2016-03-29T21:29:44.353Z], details[node_left[F-u4jQqMTgCSFvClNNIaBA]]]] to [{node_t3}{EJh5pphuTEuwcvfHnM8dCQ}{127.0.0.1}{127.0.0.1:9421}[mode=>network]] on primary allocation
[2016-03-29 17:29:44,370][TRACE][org.elasticsearch.gateway] [node_t0] [[test][5], node[null], [P], v[5], s[UNASSIGNED], unassigned_info[[reason=NODE_LEFT], at[2016-03-29T21:29:44.353Z], details[node_left[F-u4jQqMTgCSFvClNNIaBA]]]] on node [{node_t3}{EJh5pphuTEuwcvfHnM8dCQ}{127.0.0.1}{127.0.0.1:9421}[mode=>network]] has allocation id [fTJOom38Tk-LN70eJUoAzQ] of shard
[2016-03-29 17:29:44,370][TRACE][org.elasticsearch.gateway] [node_t0] [[test][5], node[null], [P], v[5], s[UNASSIGNED], unassigned_info[[reason=NODE_LEFT], at[2016-03-29T21:29:44.353Z], details[node_left[F-u4jQqMTgCSFvClNNIaBA]]]] on node [{node_t0}{nMu_6boQR--7IGHETEaC6A}{127.0.0.1}{127.0.0.1:9420}[mode=>network]] has allocation id [null] of shard
[2016-03-29 17:29:44,370][TRACE][org.elasticsearch.gateway] [node_t0] [test][5], node[null], [P], v[5], s[UNASSIGNED], unassigned_info[[reason=NODE_LEFT], at[2016-03-29T21:29:44.353Z], details[node_left[F-u4jQqMTgCSFvClNNIaBA]]] candidates for allocation: node_t3
[2016-03-29 17:29:44,370][DEBUG][org.elasticsearch.gateway] [node_t0] [test][5]: found 1 allocations of [test][5], node[null], [P], v[5], s[UNASSIGNED], unassigned_info[[reason=NODE_LEFT], at[2016-03-29T21:29:44.353Z], details[node_left[F-u4jQqMTgCSFvClNNIaBA]]] based on allocation ids: [[fTJOom38Tk-LN70eJUoAzQ]]
[2016-03-29 17:29:44,370][DEBUG][org.elasticsearch.gateway] [node_t0] [test][5]: allocating [[test][5], node[null], [P], v[5], s[UNASSIGNED], unassigned_info[[reason=NODE_LEFT], at[2016-03-29T21:29:44.353Z], details[node_left[F-u4jQqMTgCSFvClNNIaBA]]]] to [{node_t3}{EJh5pphuTEuwcvfHnM8dCQ}{127.0.0.1}{127.0.0.1:9421}[mode=>network]] on primary allocation
[2016-03-29 17:29:44,370][TRACE][org.elasticsearch.gateway] [node_t0] [[test][3], node[null], [P], v[5], s[UNASSIGNED], unassigned_info[[reason=NODE_LEFT], at[2016-03-29T21:29:44.352Z], details[node_left[F-u4jQqMTgCSFvClNNIaBA]]]] on node [{node_t3}{EJh5pphuTEuwcvfHnM8dCQ}{127.0.0.1}{127.0.0.1:9421}[mode=>network]] has allocation id [EPv4X3BBRDaHBG5a-yV9tg] of shard
[2016-03-29 17:29:44,370][TRACE][org.elasticsearch.gateway] [node_t0] [[test][3], node[null], [P], v[5], s[UNASSIGNED], unassigned_info[[reason=NODE_LEFT], at[2016-03-29T21:29:44.352Z], details[node_left[F-u4jQqMTgCSFvClNNIaBA]]]] on node [{node_t0}{nMu_6boQR--7IGHETEaC6A}{127.0.0.1}{127.0.0.1:9420}[mode=>network]] has allocation id [null] of shard
[2016-03-29 17:29:44,370][TRACE][org.elasticsearch.gateway] [node_t0] [test][3], node[null], [P], v[5], s[UNASSIGNED], unassigned_info[[reason=NODE_LEFT], at[2016-03-29T21:29:44.352Z], details[node_left[F-u4jQqMTgCSFvClNNIaBA]]] candidates for allocation: node_t3
[2016-03-29 17:29:44,370][DEBUG][org.elasticsearch.gateway] [node_t0] [test][3]: found 1 allocations of [test][3], node[null], [P], v[5], s[UNASSIGNED], unassigned_info[[reason=NODE_LEFT], at[2016-03-29T21:29:44.352Z], details[node_left[F-u4jQqMTgCSFvClNNIaBA]]] based on allocation ids: [[EPv4X3BBRDaHBG5a-yV9tg]]
[2016-03-29 17:29:44,370][DEBUG][org.elasticsearch.gateway] [node_t0] [test][3]: allocating [[test][3], node[null], [P], v[5], s[UNASSIGNED], unassigned_info[[reason=NODE_LEFT], at[2016-03-29T21:29:44.352Z], details[node_left[F-u4jQqMTgCSFvClNNIaBA]]]] to [{node_t3}{EJh5pphuTEuwcvfHnM8dCQ}{127.0.0.1}{127.0.0.1:9421}[mode=>network]] on primary allocation
[2016-03-29 17:29:44,371][TRACE][org.elasticsearch.gateway] [node_t0] [[test][7], node[null], [P], v[5], s[UNASSIGNED], unassigned_info[[reason=NODE_LEFT], at[2016-03-29T21:29:44.353Z], details[node_left[F-u4jQqMTgCSFvClNNIaBA]]]] on node [{node_t3}{EJh5pphuTEuwcvfHnM8dCQ}{127.0.0.1}{127.0.0.1:9421}[mode=>network]] has allocation id [7CQ0O-PlTW-5MTxvqTL3Zw] of shard
[2016-03-29 17:29:44,371][TRACE][org.elasticsearch.gateway] [node_t0] [[test][7], node[null], [P], v[5], s[UNASSIGNED], unassigned_info[[reason=NODE_LEFT], at[2016-03-29T21:29:44.353Z], details[node_left[F-u4jQqMTgCSFvClNNIaBA]]]] on node [{node_t0}{nMu_6boQR--7IGHETEaC6A}{127.0.0.1}{127.0.0.1:9420}[mode=>network]] has allocation id [null] of shard
[2016-03-29 17:29:44,371][TRACE][org.elasticsearch.gateway] [node_t0] [test][7], node[null], [P], v[5], s[UNASSIGNED], unassigned_info[[reason=NODE_LEFT], at[2016-03-29T21:29:44.353Z], details[node_left[F-u4jQqMTgCSFvClNNIaBA]]] candidates for allocation: node_t3
[2016-03-29 17:29:44,371][DEBUG][org.elasticsearch.gateway] [node_t0] [test][7]: found 1 allocations of [test][7], node[null], [P], v[5], s[UNASSIGNED], unassigned_info[[reason=NODE_LEFT], at[2016-03-29T21:29:44.353Z], details[node_left[F-u4jQqMTgCSFvClNNIaBA]]] based on allocation ids: [[7CQ0O-PlTW-5MTxvqTL3Zw]]
[2016-03-29 17:29:44,371][DEBUG][org.elasticsearch.gateway] [node_t0] [test][7]: allocating [[test][7], node[null], [P], v[5], s[UNASSIGNED], unassigned_info[[reason=NODE_LEFT], at[2016-03-29T21:29:44.353Z], details[node_left[F-u4jQqMTgCSFvClNNIaBA]]]] to [{node_t3}{EJh5pphuTEuwcvfHnM8dCQ}{127.0.0.1}{127.0.0.1:9421}[mode=>network]] on primary allocation
[2016-03-29 17:29:44,371][TRACE][org.elasticsearch.cluster.service] [node_t0] cluster state updated, source [cluster_reroute(async_shard_fetch)]
version: 13
state uuid: Hl2RlKbpS0-ooQe4jZ_zAA
from_diff: false
meta data version: 7
nodes: 
   {node_t3}{EJh5pphuTEuwcvfHnM8dCQ}{127.0.0.1}{127.0.0.1:9421}[mode=>network]
   {node_t0}{nMu_6boQR--7IGHETEaC6A}{127.0.0.1}{127.0.0.1:9420}[mode=>network], local, master
routing_table (version 11):
-- index [test]
----shard_id [test][0]
--------[test][0], node[nMu_6boQR--7IGHETEaC6A], [P], v[2], s[STARTED], a[id=AF2N8luPTGOEWsg3lpwsvQ]
----shard_id [test][1]
--------[test][1], node[EJh5pphuTEuwcvfHnM8dCQ], [P], v[5], s[INITIALIZING], a[id=xABhy0H9TJSw-zeeoR23vg], unassigned_info[[reason=NODE_LEFT], at[2016-03-29T21:29:44.353Z], details[node_left[F-u4jQqMTgCSFvClNNIaBA]]]
----shard_id [test][2]
--------[test][2], node[nMu_6boQR--7IGHETEaC6A], [P], v[2], s[STARTED], a[id=4jD7-tdGTfmoAwhEHCXW2g]
----shard_id [test][3]
--------[test][3], node[EJh5pphuTEuwcvfHnM8dCQ], [P], v[5], s[INITIALIZING], a[id=F9ZAwayKTSy_A1U_CUJkkw], unassigned_info[[reason=NODE_LEFT], at[2016-03-29T21:29:44.352Z], details[node_left[F-u4jQqMTgCSFvClNNIaBA]]]
----shard_id [test][4]
--------[test][4], node[nMu_6boQR--7IGHETEaC6A], [P], v[2], s[STARTED], a[id=4qa0UMnJSna1NZFfHP1Fhg]
----shard_id [test][5]
--------[test][5], node[EJh5pphuTEuwcvfHnM8dCQ], [P], v[5], s[INITIALIZING], a[id=Om5ZTVVQQy-JQaquG0GogQ], unassigned_info[[reason=NODE_LEFT], at[2016-03-29T21:29:44.353Z], details[node_left[F-u4jQqMTgCSFvClNNIaBA]]]
----shard_id [test][6]
--------[test][6], node[nMu_6boQR--7IGHETEaC6A], [P], v[2], s[STARTED], a[id=OZw1U2GVTfGTc0WYIexndQ]
----shard_id [test][7]
--------[test][7], node[EJh5pphuTEuwcvfHnM8dCQ], [P], v[5], s[INITIALIZING], a[id=s86uTeQYSkuhICqxVu3nVQ], unassigned_info[[reason=NODE_LEFT], at[2016-03-29T21:29:44.353Z], details[node_left[F-u4jQqMTgCSFvClNNIaBA]]]
----shard_id [test][8]
--------[test][8], node[nMu_6boQR--7IGHETEaC6A], [P], v[2], s[STARTED], a[id=GWVEeeZySkOeWZXB7Pa4GQ]

routing_nodes:
-----node_id[EJh5pphuTEuwcvfHnM8dCQ][V]
--------[test][5], node[EJh5pphuTEuwcvfHnM8dCQ], [P], v[5], s[INITIALIZING], a[id=Om5ZTVVQQy-JQaquG0GogQ], unassigned_info[[reason=NODE_LEFT], at[2016-03-29T21:29:44.353Z], details[node_left[F-u4jQqMTgCSFvClNNIaBA]]]
--------[test][3], node[EJh5pphuTEuwcvfHnM8dCQ], [P], v[5], s[INITIALIZING], a[id=F9ZAwayKTSy_A1U_CUJkkw], unassigned_info[[reason=NODE_LEFT], at[2016-03-29T21:29:44.352Z], details[node_left[F-u4jQqMTgCSFvClNNIaBA]]]
--------[test][1], node[EJh5pphuTEuwcvfHnM8dCQ], [P], v[5], s[INITIALIZING], a[id=xABhy0H9TJSw-zeeoR23vg], unassigned_info[[reason=NODE_LEFT], at[2016-03-29T21:29:44.353Z], details[node_left[F-u4jQqMTgCSFvClNNIaBA]]]
--------[test][7], node[EJh5pphuTEuwcvfHnM8dCQ], [P], v[5], s[INITIALIZING], a[id=s86uTeQYSkuhICqxVu3nVQ], unassigned_info[[reason=NODE_LEFT], at[2016-03-29T21:29:44.353Z], details[node_left[F-u4jQqMTgCSFvClNNIaBA]]]
-----node_id[nMu_6boQR--7IGHETEaC6A][V]
--------[test][2], node[nMu_6boQR--7IGHETEaC6A], [P], v[2], s[STARTED], a[id=4jD7-tdGTfmoAwhEHCXW2g]
--------[test][8], node[nMu_6boQR--7IGHETEaC6A], [P], v[2], s[STARTED], a[id=GWVEeeZySkOeWZXB7Pa4GQ]
--------[test][6], node[nMu_6boQR--7IGHETEaC6A], [P], v[2], s[STARTED], a[id=OZw1U2GVTfGTc0WYIexndQ]
--------[test][4], node[nMu_6boQR--7IGHETEaC6A], [P], v[2], s[STARTED], a[id=4qa0UMnJSna1NZFfHP1Fhg]
--------[test][0], node[nMu_6boQR--7IGHETEaC6A], [P], v[2], s[STARTED], a[id=AF2N8luPTGOEWsg3lpwsvQ]
---- unassigned

[2016-03-29 17:29:44,372][DEBUG][org.elasticsearch.cluster.service] [node_t0] publishing cluster state version [13]
[2016-03-29 17:29:44,372][DEBUG][org.elasticsearch.discovery.zen.publish] [node_t3] received diff cluster state version [13] with uuid [Hl2RlKbpS0-ooQe4jZ_zAA], diff size [504]
[2016-03-29 17:29:44,372][TRACE][org.elasticsearch.discovery.zen.publish] [node_t0] master node {node_t3}{EJh5pphuTEuwcvfHnM8dCQ}{127.0.0.1}{127.0.0.1:9421}[mode=>network] acked cluster state version [13]. processing ... (current pending [1], needed [1])
[2016-03-29 17:29:44,372][TRACE][org.elasticsearch.discovery.zen.publish] [node_t0] committing version [13]
[2016-03-29 17:29:44,372][TRACE][org.elasticsearch.discovery.zen.publish] [node_t0] sending commit for cluster state (uuid: [Hl2RlKbpS0-ooQe4jZ_zAA], version [13]) to [{node_t3}{EJh5pphuTEuwcvfHnM8dCQ}{127.0.0.1}{127.0.0.1:9421}[mode=>network]]
[2016-03-29 17:29:44,372][TRACE][org.elasticsearch.cluster.service] [node_t3] will process [zen-disco-receive(from master [master {node_t0}{nMu_6boQR--7IGHETEaC6A}{127.0.0.1}{127.0.0.1:9420}[mode=>network] committed version [13]])]
[2016-03-29 17:29:44,372][DEBUG][org.elasticsearch.cluster.service] [node_t3] processing [zen-disco-receive(from master [master {node_t0}{nMu_6boQR--7IGHETEaC6A}{127.0.0.1}{127.0.0.1:9420}[mode=>network] committed version [13]])]: execute
[2016-03-29 17:29:44,373][TRACE][org.elasticsearch.cluster.service] [node_t3] cluster state updated, source [zen-disco-receive(from master [master {node_t0}{nMu_6boQR--7IGHETEaC6A}{127.0.0.1}{127.0.0.1:9420}[mode=>network] committed version [13]])]
version: 13
state uuid: Hl2RlKbpS0-ooQe4jZ_zAA
from_diff: false
meta data version: 7
nodes: 
   {node_t3}{EJh5pphuTEuwcvfHnM8dCQ}{127.0.0.1}{127.0.0.1:9421}[mode=>network], local
   {node_t0}{nMu_6boQR--7IGHETEaC6A}{127.0.0.1}{127.0.0.1:9420}[mode=>network], master
routing_table (version 11):
-- index [test]
----shard_id [test][0]
--------[test][0], node[nMu_6boQR--7IGHETEaC6A], [P], v[2], s[STARTED], a[id=AF2N8luPTGOEWsg3lpwsvQ]
----shard_id [test][1]
--------[test][1], node[EJh5pphuTEuwcvfHnM8dCQ], [P], v[5], s[INITIALIZING], a[id=xABhy0H9TJSw-zeeoR23vg], unassigned_info[[reason=NODE_LEFT], at[2016-03-29T21:29:44.353Z], details[node_left[F-u4jQqMTgCSFvClNNIaBA]]]
----shard_id [test][2]
--------[test][2], node[nMu_6boQR--7IGHETEaC6A], [P], v[2], s[STARTED], a[id=4jD7-tdGTfmoAwhEHCXW2g]
----shard_id [test][3]
--------[test][3], node[EJh5pphuTEuwcvfHnM8dCQ], [P], v[5], s[INITIALIZING], a[id=F9ZAwayKTSy_A1U_CUJkkw], unassigned_info[[reason=NODE_LEFT], at[2016-03-29T21:29:44.352Z], details[node_left[F-u4jQqMTgCSFvClNNIaBA]]]
----shard_id [test][4]
--------[test][4], node[nMu_6boQR--7IGHETEaC6A], [P], v[2], s[STARTED], a[id=4qa0UMnJSna1NZFfHP1Fhg]
----shard_id [test][5]
--------[test][5], node[EJh5pphuTEuwcvfHnM8dCQ], [P], v[5], s[INITIALIZING], a[id=Om5ZTVVQQy-JQaquG0GogQ], unassigned_info[[reason=NODE_LEFT], at[2016-03-29T21:29:44.353Z], details[node_left[F-u4jQqMTgCSFvClNNIaBA]]]
----shard_id [test][6]
--------[test][6], node[nMu_6boQR--7IGHETEaC6A], [P], v[2], s[STARTED], a[id=OZw1U2GVTfGTc0WYIexndQ]
----shard_id [test][7]
--------[test][7], node[EJh5pphuTEuwcvfHnM8dCQ], [P], v[5], s[INITIALIZING], a[id=s86uTeQYSkuhICqxVu3nVQ], unassigned_info[[reason=NODE_LEFT], at[2016-03-29T21:29:44.353Z], details[node_left[F-u4jQqMTgCSFvClNNIaBA]]]
----shard_id [test][8]
--------[test][8], node[nMu_6boQR--7IGHETEaC6A], [P], v[2], s[STARTED], a[id=GWVEeeZySkOeWZXB7Pa4GQ]

routing_nodes:
-----node_id[EJh5pphuTEuwcvfHnM8dCQ][V]
--------[test][1], node[EJh5pphuTEuwcvfHnM8dCQ], [P], v[5], s[INITIALIZING], a[id=xABhy0H9TJSw-zeeoR23vg], unassigned_info[[reason=NODE_LEFT], at[2016-03-29T21:29:44.353Z], details[node_left[F-u4jQqMTgCSFvClNNIaBA]]]
--------[test][5], node[EJh5pphuTEuwcvfHnM8dCQ], [P], v[5], s[INITIALIZING], a[id=Om5ZTVVQQy-JQaquG0GogQ], unassigned_info[[reason=NODE_LEFT], at[2016-03-29T21:29:44.353Z], details[node_left[F-u4jQqMTgCSFvClNNIaBA]]]
--------[test][3], node[EJh5pphuTEuwcvfHnM8dCQ], [P], v[5], s[INITIALIZING], a[id=F9ZAwayKTSy_A1U_CUJkkw], unassigned_info[[reason=NODE_LEFT], at[2016-03-29T21:29:44.352Z], details[node_left[F-u4jQqMTgCSFvClNNIaBA]]]
--------[test][7], node[EJh5pphuTEuwcvfHnM8dCQ], [P], v[5], s[INITIALIZING], a[id=s86uTeQYSkuhICqxVu3nVQ], unassigned_info[[reason=NODE_LEFT], at[2016-03-29T21:29:44.353Z], details[node_left[F-u4jQqMTgCSFvClNNIaBA]]]
-----node_id[nMu_6boQR--7IGHETEaC6A][V]
--------[test][6], node[nMu_6boQR--7IGHETEaC6A], [P], v[2], s[STARTED], a[id=OZw1U2GVTfGTc0WYIexndQ]
--------[test][8], node[nMu_6boQR--7IGHETEaC6A], [P], v[2], s[STARTED], a[id=GWVEeeZySkOeWZXB7Pa4GQ]
--------[test][2], node[nMu_6boQR--7IGHETEaC6A], [P], v[2], s[STARTED], a[id=4jD7-tdGTfmoAwhEHCXW2g]
--------[test][4], node[nMu_6boQR--7IGHETEaC6A], [P], v[2], s[STARTED], a[id=4qa0UMnJSna1NZFfHP1Fhg]
--------[test][0], node[nMu_6boQR--7IGHETEaC6A], [P], v[2], s[STARTED], a[id=AF2N8luPTGOEWsg3lpwsvQ]
---- unassigned

[2016-03-29 17:29:44,373][DEBUG][org.elasticsearch.cluster.service] [node_t3] set local cluster state to version 13
[2016-03-29 17:29:44,383][DEBUG][org.elasticsearch.cluster.service] [node_t3] processing [zen-disco-receive(from master [master {node_t0}{nMu_6boQR--7IGHETEaC6A}{127.0.0.1}{127.0.0.1:9420}[mode=>network] committed version [13]])]: took 10ms done applying updated cluster_state (version: 13, uuid: Hl2RlKbpS0-ooQe4jZ_zAA)
[2016-03-29 17:29:44,383][TRACE][org.elasticsearch.cluster.service] [node_t3] will process [indices_store ([[test][8]] active fully on other nodes)]
[2016-03-29 17:29:44,383][DEBUG][org.elasticsearch.cluster.service] [node_t3] processing [indices_store ([[test][8]] active fully on other nodes)]: execute
[2016-03-29 17:29:44,383][DEBUG][org.elasticsearch.cluster.service] [node_t0] set local cluster state to version 13
[2016-03-29 17:29:44,383][DEBUG][org.elasticsearch.cluster.service] [node_t0] processing [cluster_reroute(async_shard_fetch)]: took 14ms done applying updated cluster_state (version: 13, uuid: Hl2RlKbpS0-ooQe4jZ_zAA)
[2016-03-29 17:29:44,383][TRACE][org.elasticsearch.cluster.service] [node_t0] will process [shard-started ([test][1], node[EJh5pphuTEuwcvfHnM8dCQ], [P], v[5], s[INITIALIZING], a[id=xABhy0H9TJSw-zeeoR23vg], unassigned_info[[reason=NODE_LEFT], at[2016-03-29T21:29:44.353Z], details[node_left[F-u4jQqMTgCSFvClNNIaBA]]]), reason [after recovery from store]]
[2016-03-29 17:29:44,384][DEBUG][org.elasticsearch.cluster.service] [node_t0] processing [shard-started ([test][1], node[EJh5pphuTEuwcvfHnM8dCQ], [P], v[5], s[INITIALIZING], a[id=xABhy0H9TJSw-zeeoR23vg], unassigned_info[[reason=NODE_LEFT], at[2016-03-29T21:29:44.353Z], details[node_left[F-u4jQqMTgCSFvClNNIaBA]]]), reason [after recovery from store]]: execute
[2016-03-29 17:29:44,384][TRACE][org.elasticsearch.cluster.service] [node_t0] cluster state updated, source [shard-started ([test][1], node[EJh5pphuTEuwcvfHnM8dCQ], [P], v[5], s[INITIALIZING], a[id=xABhy0H9TJSw-zeeoR23vg], unassigned_info[[reason=NODE_LEFT], at[2016-03-29T21:29:44.353Z], details[node_left[F-u4jQqMTgCSFvClNNIaBA]]]), reason [after recovery from store]]
version: 14
state uuid: WzxZwoqvQ3yXsKPtoHJfbg
from_diff: false
meta data version: 8
nodes: 
   {node_t3}{EJh5pphuTEuwcvfHnM8dCQ}{127.0.0.1}{127.0.0.1:9421}[mode=>network]
   {node_t0}{nMu_6boQR--7IGHETEaC6A}{127.0.0.1}{127.0.0.1:9420}[mode=>network], local, master
routing_table (version 12):
-- index [test]
----shard_id [test][0]
--------[test][0], node[nMu_6boQR--7IGHETEaC6A], [P], v[2], s[STARTED], a[id=AF2N8luPTGOEWsg3lpwsvQ]
----shard_id [test][1]
--------[test][1], node[EJh5pphuTEuwcvfHnM8dCQ], [P], v[6], s[STARTED], a[id=xABhy0H9TJSw-zeeoR23vg]
----shard_id [test][2]
--------[test][2], node[nMu_6boQR--7IGHETEaC6A], [P], v[2], s[STARTED], a[id=4jD7-tdGTfmoAwhEHCXW2g]
----shard_id [test][3]
--------[test][3], node[EJh5pphuTEuwcvfHnM8dCQ], [P], v[5], s[INITIALIZING], a[id=F9ZAwayKTSy_A1U_CUJkkw], unassigned_info[[reason=NODE_LEFT], at[2016-03-29T21:29:44.352Z], details[node_left[F-u4jQqMTgCSFvClNNIaBA]]]
----shard_id [test][4]
--------[test][4], node[nMu_6boQR--7IGHETEaC6A], [P], v[2], s[STARTED], a[id=4qa0UMnJSna1NZFfHP1Fhg]
----shard_id [test][5]
--------[test][5], node[EJh5pphuTEuwcvfHnM8dCQ], [P], v[5], s[INITIALIZING], a[id=Om5ZTVVQQy-JQaquG0GogQ], unassigned_info[[reason=NODE_LEFT], at[2016-03-29T21:29:44.353Z], details[node_left[F-u4jQqMTgCSFvClNNIaBA]]]
----shard_id [test][6]
--------[test][6], node[nMu_6boQR--7IGHETEaC6A], [P], v[2], s[STARTED], a[id=OZw1U2GVTfGTc0WYIexndQ]
----shard_id [test][7]
--------[test][7], node[EJh5pphuTEuwcvfHnM8dCQ], [P], v[5], s[INITIALIZING], a[id=s86uTeQYSkuhICqxVu3nVQ], unassigned_info[[reason=NODE_LEFT], at[2016-03-29T21:29:44.353Z], details[node_left[F-u4jQqMTgCSFvClNNIaBA]]]
----shard_id [test][8]
--------[test][8], node[nMu_6boQR--7IGHETEaC6A], [P], v[2], s[STARTED], a[id=GWVEeeZySkOeWZXB7Pa4GQ]

routing_nodes:
-----node_id[EJh5pphuTEuwcvfHnM8dCQ][V]
--------[test][1], node[EJh5pphuTEuwcvfHnM8dCQ], [P], v[6], s[STARTED], a[id=xABhy0H9TJSw-zeeoR23vg]
--------[test][7], node[EJh5pphuTEuwcvfHnM8dCQ], [P], v[5], s[INITIALIZING], a[id=s86uTeQYSkuhICqxVu3nVQ], unassigned_info[[reason=NODE_LEFT], at[2016-03-29T21:29:44.353Z], details[node_left[F-u4jQqMTgCSFvClNNIaBA]]]
--------[test][3], node[EJh5pphuTEuwcvfHnM8dCQ], [P], v[5], s[INITIALIZING], a[id=F9ZAwayKTSy_A1U_CUJkkw], unassigned_info[[reason=NODE_LEFT], at[2016-03-29T21:29:44.352Z], details[node_left[F-u4jQqMTgCSFvClNNIaBA]]]
--------[test][5], node[EJh5pphuTEuwcvfHnM8dCQ], [P], v[5], s[INITIALIZING], a[id=Om5ZTVVQQy-JQaquG0GogQ], unassigned_info[[reason=NODE_LEFT], at[2016-03-29T21:29:44.353Z], details[node_left[F-u4jQqMTgCSFvClNNIaBA]]]
-----node_id[nMu_6boQR--7IGHETEaC6A][V]
--------[test][8], node[nMu_6boQR--7IGHETEaC6A], [P], v[2], s[STARTED], a[id=GWVEeeZySkOeWZXB7Pa4GQ]
--------[test][4], node[nMu_6boQR--7IGHETEaC6A], [P], v[2], s[STARTED], a[id=4qa0UMnJSna1NZFfHP1Fhg]
--------[test][2], node[nMu_6boQR--7IGHETEaC6A], [P], v[2], s[STARTED], a[id=4jD7-tdGTfmoAwhEHCXW2g]
--------[test][6], node[nMu_6boQR--7IGHETEaC6A], [P], v[2], s[STARTED], a[id=OZw1U2GVTfGTc0WYIexndQ]
--------[test][0], node[nMu_6boQR--7IGHETEaC6A], [P], v[2], s[STARTED], a[id=AF2N8luPTGOEWsg3lpwsvQ]
---- unassigned

[2016-03-29 17:29:44,384][DEBUG][org.elasticsearch.cluster.service] [node_t0] publishing cluster state version [14]
[2016-03-29 17:29:44,385][DEBUG][org.elasticsearch.discovery.zen.publish] [node_t3] received diff cluster state version [14] with uuid [WzxZwoqvQ3yXsKPtoHJfbg], diff size [645]
[2016-03-29 17:29:44,385][TRACE][org.elasticsearch.discovery.zen.publish] [node_t0] master node {node_t3}{EJh5pphuTEuwcvfHnM8dCQ}{127.0.0.1}{127.0.0.1:9421}[mode=>network] acked cluster state version [14]. processing ... (current pending [1], needed [1])
[2016-03-29 17:29:44,385][TRACE][org.elasticsearch.discovery.zen.publish] [node_t0] committing version [14]
[2016-03-29 17:29:44,385][TRACE][org.elasticsearch.discovery.zen.publish] [node_t0] sending commit for cluster state (uuid: [WzxZwoqvQ3yXsKPtoHJfbg], version [14]) to [{node_t3}{EJh5pphuTEuwcvfHnM8dCQ}{127.0.0.1}{127.0.0.1:9421}[mode=>network]]
[2016-03-29 17:29:44,387][DEBUG][org.elasticsearch.cluster.service] [node_t3] processing [indices_store ([[test][8]] active fully on other nodes)]: took 3ms no change in cluster_state
[2016-03-29 17:29:44,387][TRACE][org.elasticsearch.cluster.service] [node_t3] will process [zen-disco-receive(from master [master {node_t0}{nMu_6boQR--7IGHETEaC6A}{127.0.0.1}{127.0.0.1:9420}[mode=>network] committed version [14]])]
[2016-03-29 17:29:44,387][DEBUG][org.elasticsearch.cluster.service] [node_t3] processing [zen-disco-receive(from master [master {node_t0}{nMu_6boQR--7IGHETEaC6A}{127.0.0.1}{127.0.0.1:9420}[mode=>network] committed version [14]])]: execute
[2016-03-29 17:29:44,387][TRACE][org.elasticsearch.cluster.service] [node_t3] cluster state updated, source [zen-disco-receive(from master [master {node_t0}{nMu_6boQR--7IGHETEaC6A}{127.0.0.1}{127.0.0.1:9420}[mode=>network] committed version [14]])]
version: 14
state uuid: WzxZwoqvQ3yXsKPtoHJfbg
from_diff: false
meta data version: 8
nodes: 
   {node_t3}{EJh5pphuTEuwcvfHnM8dCQ}{127.0.0.1}{127.0.0.1:9421}[mode=>network], local
   {node_t0}{nMu_6boQR--7IGHETEaC6A}{127.0.0.1}{127.0.0.1:9420}[mode=>network], master
routing_table (version 12):
-- index [test]
----shard_id [test][0]
--------[test][0], node[nMu_6boQR--7IGHETEaC6A], [P], v[2], s[STARTED], a[id=AF2N8luPTGOEWsg3lpwsvQ]
----shard_id [test][1]
--------[test][1], node[EJh5pphuTEuwcvfHnM8dCQ], [P], v[6], s[STARTED], a[id=xABhy0H9TJSw-zeeoR23vg]
----shard_id [test][2]
--------[test][2], node[nMu_6boQR--7IGHETEaC6A], [P], v[2], s[STARTED], a[id=4jD7-tdGTfmoAwhEHCXW2g]
----shard_id [test][3]
--------[test][3], node[EJh5pphuTEuwcvfHnM8dCQ], [P], v[5], s[INITIALIZING], a[id=F9ZAwayKTSy_A1U_CUJkkw], unassigned_info[[reason=NODE_LEFT], at[2016-03-29T21:29:44.352Z], details[node_left[F-u4jQqMTgCSFvClNNIaBA]]]
----shard_id [test][4]
--------[test][4], node[nMu_6boQR--7IGHETEaC6A], [P], v[2], s[STARTED], a[id=4qa0UMnJSna1NZFfHP1Fhg]
----shard_id [test][5]
--------[test][5], node[EJh5pphuTEuwcvfHnM8dCQ], [P], v[5], s[INITIALIZING], a[id=Om5ZTVVQQy-JQaquG0GogQ], unassigned_info[[reason=NODE_LEFT], at[2016-03-29T21:29:44.353Z], details[node_left[F-u4jQqMTgCSFvClNNIaBA]]]
----shard_id [test][6]
--------[test][6], node[nMu_6boQR--7IGHETEaC6A], [P], v[2], s[STARTED], a[id=OZw1U2GVTfGTc0WYIexndQ]
----shard_id [test][7]
--------[test][7], node[EJh5pphuTEuwcvfHnM8dCQ], [P], v[5], s[INITIALIZING], a[id=s86uTeQYSkuhICqxVu3nVQ], unassigned_info[[reason=NODE_LEFT], at[2016-03-29T21:29:44.353Z], details[node_left[F-u4jQqMTgCSFvClNNIaBA]]]
----shard_id [test][8]
--------[test][8], node[nMu_6boQR--7IGHETEaC6A], [P], v[2], s[STARTED], a[id=GWVEeeZySkOeWZXB7Pa4GQ]

routing_nodes:
-----node_id[EJh5pphuTEuwcvfHnM8dCQ][V]
--------[test][5], node[EJh5pphuTEuwcvfHnM8dCQ], [P], v[5], s[INITIALIZING], a[id=Om5ZTVVQQy-JQaquG0GogQ], unassigned_info[[reason=NODE_LEFT], at[2016-03-29T21:29:44.353Z], details[node_left[F-u4jQqMTgCSFvClNNIaBA]]]
--------[test][3], node[EJh5pphuTEuwcvfHnM8dCQ], [P], v[5], s[INITIALIZING], a[id=F9ZAwayKTSy_A1U_CUJkkw], unassigned_info[[reason=NODE_LEFT], at[2016-03-29T21:29:44.352Z], details[node_left[F-u4jQqMTgCSFvClNNIaBA]]]
--------[test][7], node[EJh5pphuTEuwcvfHnM8dCQ], [P], v[5], s[INITIALIZING], a[id=s86uTeQYSkuhICqxVu3nVQ], unassigned_info[[reason=NODE_LEFT], at[2016-03-29T21:29:44.353Z], details[node_left[F-u4jQqMTgCSFvClNNIaBA]]]
--------[test][1], node[EJh5pphuTEuwcvfHnM8dCQ], [P], v[6], s[STARTED], a[id=xABhy0H9TJSw-zeeoR23vg]
-----node_id[nMu_6boQR--7IGHETEaC6A][V]
--------[test][2], node[nMu_6boQR--7IGHETEaC6A], [P], v[2], s[STARTED], a[id=4jD7-tdGTfmoAwhEHCXW2g]
--------[test][4], node[nMu_6boQR--7IGHETEaC6A], [P], v[2], s[STARTED], a[id=4qa0UMnJSna1NZFfHP1Fhg]
--------[test][8], node[nMu_6boQR--7IGHETEaC6A], [P], v[2], s[STARTED], a[id=GWVEeeZySkOeWZXB7Pa4GQ]
--------[test][6], node[nMu_6boQR--7IGHETEaC6A], [P], v[2], s[STARTED], a[id=OZw1U2GVTfGTc0WYIexndQ]
--------[test][0], node[nMu_6boQR--7IGHETEaC6A], [P], v[2], s[STARTED], a[id=AF2N8luPTGOEWsg3lpwsvQ]
---- unassigned

[2016-03-29 17:29:44,387][DEBUG][org.elasticsearch.cluster.service] [node_t3] set local cluster state to version 14
[2016-03-29 17:29:44,390][TRACE][org.elasticsearch.gateway] [node_t3] [test] writing state, reason [version changed from [6] to [7]]
[2016-03-29 17:29:44,392][DEBUG][org.elasticsearch.cluster.service] [node_t3] processing [zen-disco-receive(from master [master {node_t0}{nMu_6boQR--7IGHETEaC6A}{127.0.0.1}{127.0.0.1:9420}[mode=>network] committed version [14]])]: took 5ms done applying updated cluster_state (version: 14, uuid: WzxZwoqvQ3yXsKPtoHJfbg)
[2016-03-29 17:29:44,392][TRACE][org.elasticsearch.cluster.service] [node_t3] will process [indices_store ([[test][6]] active fully on other nodes)]
[2016-03-29 17:29:44,392][DEBUG][org.elasticsearch.cluster.service] [node_t3] processing [indices_store ([[test][6]] active fully on other nodes)]: execute
[2016-03-29 17:29:44,392][DEBUG][org.elasticsearch.cluster.service] [node_t0] set local cluster state to version 14
[2016-03-29 17:29:44,392][DEBUG][org.elasticsearch.cluster.service] [node_t3] processing [indices_store ([[test][6]] active fully on other nodes)]: took 0s no change in cluster_state
[2016-03-29 17:29:44,392][TRACE][org.elasticsearch.cluster.service] [node_t3] will process [indices_store ([[test][2]] active fully on other nodes)]
[2016-03-29 17:29:44,392][DEBUG][org.elasticsearch.cluster.service] [node_t3] processing [indices_store ([[test][2]] active fully on other nodes)]: execute
[2016-03-29 17:29:44,392][DEBUG][org.elasticsearch.cluster.service] [node_t3] processing [indices_store ([[test][2]] active fully on other nodes)]: took 0s no change in cluster_state
[2016-03-29 17:29:44,392][TRACE][org.elasticsearch.cluster.service] [node_t3] will process [indices_store ([[test][0]] active fully on other nodes)]
[2016-03-29 17:29:44,392][DEBUG][org.elasticsearch.cluster.service] [node_t3] processing [indices_store ([[test][0]] active fully on other nodes)]: execute
[2016-03-29 17:29:44,392][DEBUG][org.elasticsearch.cluster.service] [node_t3] processing [indices_store ([[test][0]] active fully on other nodes)]: took 0s no change in cluster_state
[2016-03-29 17:29:44,392][TRACE][org.elasticsearch.cluster.service] [node_t3] will process [indices_store ([[test][4]] active fully on other nodes)]
[2016-03-29 17:29:44,392][DEBUG][org.elasticsearch.cluster.service] [node_t3] processing [indices_store ([[test][4]] active fully on other nodes)]: execute
[2016-03-29 17:29:44,392][DEBUG][org.elasticsearch.cluster.service] [node_t3] processing [indices_store ([[test][4]] active fully on other nodes)]: took 0s no change in cluster_state
[2016-03-29 17:29:44,392][TRACE][org.elasticsearch.cluster.service] [node_t3] will process [indices_store ([[test][2]] active fully on other nodes)]
[2016-03-29 17:29:44,392][DEBUG][org.elasticsearch.cluster.service] [node_t3] processing [indices_store ([[test][2]] active fully on other nodes)]: execute
[2016-03-29 17:29:44,392][TRACE][org.elasticsearch.gateway] [node_t0] [test] writing state, reason [version changed from [6] to [7]]
[2016-03-29 17:29:44,395][DEBUG][org.elasticsearch.cluster.service] [node_t0] processing [shard-started ([test][1], node[EJh5pphuTEuwcvfHnM8dCQ], [P], v[5], s[INITIALIZING], a[id=xABhy0H9TJSw-zeeoR23vg], unassigned_info[[reason=NODE_LEFT], at[2016-03-29T21:29:44.353Z], details[node_left[F-u4jQqMTgCSFvClNNIaBA]]]), reason [after recovery from store]]: took 10ms done applying updated cluster_state (version: 14, uuid: WzxZwoqvQ3yXsKPtoHJfbg)
[2016-03-29 17:29:44,395][TRACE][org.elasticsearch.cluster.service] [node_t0] will process [shard-started ([test][5], node[EJh5pphuTEuwcvfHnM8dCQ], [P], v[5], s[INITIALIZING], a[id=Om5ZTVVQQy-JQaquG0GogQ], unassigned_info[[reason=NODE_LEFT], at[2016-03-29T21:29:44.353Z], details[node_left[F-u4jQqMTgCSFvClNNIaBA]]]), reason [after recovery from store]]
[2016-03-29 17:29:44,395][TRACE][org.elasticsearch.cluster.service] [node_t0] will process [shard-started ([test][5], node[EJh5pphuTEuwcvfHnM8dCQ], [P], v[5], s[INITIALIZING], a[id=Om5ZTVVQQy-JQaquG0GogQ], unassigned_info[[reason=NODE_LEFT], at[2016-03-29T21:29:44.353Z], details[node_left[F-u4jQqMTgCSFvClNNIaBA]]]), reason [master {node_t0}{nMu_6boQR--7IGHETEaC6A}{127.0.0.1}{127.0.0.1:9420}[mode=>network] marked shard as initializing, but shard state is [POST_RECOVERY], mark shard as started]]
[2016-03-29 17:29:44,395][TRACE][org.elasticsearch.cluster.service] [node_t0] will process [shard-started ([test][7], node[EJh5pphuTEuwcvfHnM8dCQ], [P], v[5], s[INITIALIZING], a[id=s86uTeQYSkuhICqxVu3nVQ], unassigned_info[[reason=NODE_LEFT], at[2016-03-29T21:29:44.353Z], details[node_left[F-u4jQqMTgCSFvClNNIaBA]]]), reason [after recovery from store]]
[2016-03-29 17:29:44,395][TRACE][org.elasticsearch.cluster.service] [node_t0] will process [shard-started ([test][3], node[EJh5pphuTEuwcvfHnM8dCQ], [P], v[5], s[INITIALIZING], a[id=F9ZAwayKTSy_A1U_CUJkkw], unassigned_info[[reason=NODE_LEFT], at[2016-03-29T21:29:44.352Z], details[node_left[F-u4jQqMTgCSFvClNNIaBA]]]), reason [after recovery from store]]
[2016-03-29 17:29:44,395][DEBUG][org.elasticsearch.cluster.service] [node_t0] processing [shard-started ([test][5], node[EJh5pphuTEuwcvfHnM8dCQ], [P], v[5], s[INITIALIZING], a[id=Om5ZTVVQQy-JQaquG0GogQ], unassigned_info[[reason=NODE_LEFT], at[2016-03-29T21:29:44.353Z], details[node_left[F-u4jQqMTgCSFvClNNIaBA]]]), reason [after recovery from store],shard-started ([test][5], node[EJh5pphuTEuwcvfHnM8dCQ], [P], v[5], s[INITIALIZING], a[id=Om5ZTVVQQy-JQaquG0GogQ], unassigned_info[[reason=NODE_LEFT], at[2016-03-29T21:29:44.353Z], details[node_left[F-u4jQqMTgCSFvClNNIaBA]]]), reason [master {node_t0}{nMu_6boQR--7IGHETEaC6A}{127.0.0.1}{127.0.0.1:9420}[mode=>network] marked shard as initializing, but shard state is [POST_RECOVERY], mark shard as started],shard-started ([test][7], node[EJh5pphuTEuwcvfHnM8dCQ], [P], v[5], s[INITIALIZING], a[id=s86uTeQYSkuhICqxVu3nVQ], unassigned_info[[reason=NODE_LEFT], at[2016-03-29T21:29:44.353Z], details[node_left[F-u4jQqMTgCSFvClNNIaBA]]]), reason [after recovery from store],shard-started ([test][3], node[EJh5pphuTEuwcvfHnM8dCQ], [P], v[5], s[INITIALIZING], a[id=F9ZAwayKTSy_A1U_CUJkkw], unassigned_info[[reason=NODE_LEFT], at[2016-03-29T21:29:44.352Z], details[node_left[F-u4jQqMTgCSFvClNNIaBA]]]), reason [after recovery from store]]: execute
[2016-03-29 17:29:44,395][TRACE][org.elasticsearch.cluster.service] [node_t0] cluster state updated, source [shard-started ([test][5], node[EJh5pphuTEuwcvfHnM8dCQ], [P], v[5], s[INITIALIZING], a[id=Om5ZTVVQQy-JQaquG0GogQ], unassigned_info[[reason=NODE_LEFT], at[2016-03-29T21:29:44.353Z], details[node_left[F-u4jQqMTgCSFvClNNIaBA]]]), reason [after recovery from store],shard-started ([test][5], node[EJh5pphuTEuwcvfHnM8dCQ], [P], v[5], s[INITIALIZING], a[id=Om5ZTVVQQy-JQaquG0GogQ], unassigned_info[[reason=NODE_LEFT], at[2016-03-29T21:29:44.353Z], details[node_left[F-u4jQqMTgCSFvClNNIaBA]]]), reason [master {node_t0}{nMu_6boQR--7IGHETEaC6A}{127.0.0.1}{127.0.0.1:9420}[mode=>network] marked shard as initializing, but shard state is [POST_RECOVERY], mark shard as started],shard-started ([test][7], node[EJh5pphuTEuwcvfHnM8dCQ], [P], v[5], s[INITIALIZING], a[id=s86uTeQYSkuhICqxVu3nVQ], unassigned_info[[reason=NODE_LEFT], at[2016-03-29T21:29:44.353Z], details[node_left[F-u4jQqMTgCSFvClNNIaBA]]]), reason [after recovery from store],shard-started ([test][3], node[EJh5pphuTEuwcvfHnM8dCQ], [P], v[5], s[INITIALIZING], a[id=F9ZAwayKTSy_A1U_CUJkkw], unassigned_info[[reason=NODE_LEFT], at[2016-03-29T21:29:44.352Z], details[node_left[F-u4jQqMTgCSFvClNNIaBA]]]), reason [after recovery from store]]
version: 15
state uuid: J_Teiu5BSRKnqTXLSchXSA
from_diff: false
meta data version: 9
nodes: 
   {node_t3}{EJh5pphuTEuwcvfHnM8dCQ}{127.0.0.1}{127.0.0.1:9421}[mode=>network]
   {node_t0}{nMu_6boQR--7IGHETEaC6A}{127.0.0.1}{127.0.0.1:9420}[mode=>network], local, master
routing_table (version 13):
-- index [test]
----shard_id [test][0]
--------[test][0], node[nMu_6boQR--7IGHETEaC6A], [P], v[2], s[STARTED], a[id=AF2N8luPTGOEWsg3lpwsvQ]
----shard_id [test][1]
--------[test][1], node[EJh5pphuTEuwcvfHnM8dCQ], [P], v[6], s[STARTED], a[id=xABhy0H9TJSw-zeeoR23vg]
----shard_id [test][2]
--------[test][2], node[nMu_6boQR--7IGHETEaC6A], [P], v[2], s[STARTED], a[id=4jD7-tdGTfmoAwhEHCXW2g]
----shard_id [test][3]
--------[test][3], node[EJh5pphuTEuwcvfHnM8dCQ], [P], v[6], s[STARTED], a[id=F9ZAwayKTSy_A1U_CUJkkw]
----shard_id [test][4]
--------[test][4], node[nMu_6boQR--7IGHETEaC6A], [P], v[2], s[STARTED], a[id=4qa0UMnJSna1NZFfHP1Fhg]
----shard_id [test][5]
--------[test][5], node[EJh5pphuTEuwcvfHnM8dCQ], [P], v[6], s[STARTED], a[id=Om5ZTVVQQy-JQaquG0GogQ]
----shard_id [test][6]
--------[test][6], node[nMu_6boQR--7IGHETEaC6A], [P], v[2], s[STARTED], a[id=OZw1U2GVTfGTc0WYIexndQ]
----shard_id [test][7]
--------[test][7], node[EJh5pphuTEuwcvfHnM8dCQ], [P], v[6], s[STARTED], a[id=s86uTeQYSkuhICqxVu3nVQ]
----shard_id [test][8]
--------[test][8], node[nMu_6boQR--7IGHETEaC6A], [P], v[2], s[STARTED], a[id=GWVEeeZySkOeWZXB7Pa4GQ]

routing_nodes:
-----node_id[EJh5pphuTEuwcvfHnM8dCQ][V]
--------[test][7], node[EJh5pphuTEuwcvfHnM8dCQ], [P], v[6], s[STARTED], a[id=s86uTeQYSkuhICqxVu3nVQ]
--------[test][3], node[EJh5pphuTEuwcvfHnM8dCQ], [P], v[6], s[STARTED], a[id=F9ZAwayKTSy_A1U_CUJkkw]
--------[test][1], node[EJh5pphuTEuwcvfHnM8dCQ], [P], v[6], s[STARTED], a[id=xABhy0H9TJSw-zeeoR23vg]
--------[test][5], node[EJh5pphuTEuwcvfHnM8dCQ], [P], v[6], s[STARTED], a[id=Om5ZTVVQQy-JQaquG0GogQ]
-----node_id[nMu_6boQR--7IGHETEaC6A][V]
--------[test][8], node[nMu_6boQR--7IGHETEaC6A], [P], v[2], s[STARTED], a[id=GWVEeeZySkOeWZXB7Pa4GQ]
--------[test][4], node[nMu_6boQR--7IGHETEaC6A], [P], v[2], s[STARTED], a[id=4qa0UMnJSna1NZFfHP1Fhg]
--------[test][6], node[nMu_6boQR--7IGHETEaC6A], [P], v[2], s[STARTED], a[id=OZw1U2GVTfGTc0WYIexndQ]
--------[test][2], node[nMu_6boQR--7IGHETEaC6A], [P], v[2], s[STARTED], a[id=4jD7-tdGTfmoAwhEHCXW2g]
--------[test][0], node[nMu_6boQR--7IGHETEaC6A], [P], v[2], s[STARTED], a[id=AF2N8luPTGOEWsg3lpwsvQ]
---- unassigned

[2016-03-29 17:29:44,396][DEBUG][org.elasticsearch.cluster.service] [node_t0] publishing cluster state version [15]
[2016-03-29 17:29:44,396][DEBUG][org.elasticsearch.cluster.service] [node_t3] processing [indices_store ([[test][2]] active fully on other nodes)]: took 3ms no change in cluster_state
[2016-03-29 17:29:44,396][TRACE][org.elasticsearch.cluster.service] [node_t3] will process [indices_store ([[test][4]] active fully on other nodes)]
[2016-03-29 17:29:44,396][DEBUG][org.elasticsearch.cluster.service] [node_t3] processing [indices_store ([[test][4]] active fully on other nodes)]: execute
[2016-03-29 17:29:44,396][DEBUG][org.elasticsearch.discovery.zen.publish] [node_t3] received diff cluster state version [15] with uuid [J_Teiu5BSRKnqTXLSchXSA], diff size [597]
[2016-03-29 17:29:44,396][TRACE][org.elasticsearch.discovery.zen.publish] [node_t0] master node {node_t3}{EJh5pphuTEuwcvfHnM8dCQ}{127.0.0.1}{127.0.0.1:9421}[mode=>network] acked cluster state version [15]. processing ... (current pending [1], needed [1])
[2016-03-29 17:29:44,396][TRACE][org.elasticsearch.discovery.zen.publish] [node_t0] committing version [15]
[2016-03-29 17:29:44,396][TRACE][org.elasticsearch.discovery.zen.publish] [node_t0] sending commit for cluster state (uuid: [J_Teiu5BSRKnqTXLSchXSA], version [15]) to [{node_t3}{EJh5pphuTEuwcvfHnM8dCQ}{127.0.0.1}{127.0.0.1:9421}[mode=>network]]
[2016-03-29 17:29:44,400][DEBUG][org.elasticsearch.cluster.service] [node_t3] processing [indices_store ([[test][4]] active fully on other nodes)]: took 3ms no change in cluster_state
[2016-03-29 17:29:44,400][TRACE][org.elasticsearch.cluster.service] [node_t3] will process [zen-disco-receive(from master [master {node_t0}{nMu_6boQR--7IGHETEaC6A}{127.0.0.1}{127.0.0.1:9420}[mode=>network] committed version [15]])]
[2016-03-29 17:29:44,400][DEBUG][org.elasticsearch.cluster.service] [node_t3] processing [zen-disco-receive(from master [master {node_t0}{nMu_6boQR--7IGHETEaC6A}{127.0.0.1}{127.0.0.1:9420}[mode=>network] committed version [15]])]: execute
[2016-03-29 17:29:44,400][TRACE][org.elasticsearch.cluster.service] [node_t3] cluster state updated, source [zen-disco-receive(from master [master {node_t0}{nMu_6boQR--7IGHETEaC6A}{127.0.0.1}{127.0.0.1:9420}[mode=>network] committed version [15]])]
version: 15
state uuid: J_Teiu5BSRKnqTXLSchXSA
from_diff: false
meta data version: 9
nodes: 
   {node_t3}{EJh5pphuTEuwcvfHnM8dCQ}{127.0.0.1}{127.0.0.1:9421}[mode=>network], local
   {node_t0}{nMu_6boQR--7IGHETEaC6A}{127.0.0.1}{127.0.0.1:9420}[mode=>network], master
routing_table (version 13):
-- index [test]
----shard_id [test][0]
--------[test][0], node[nMu_6boQR--7IGHETEaC6A], [P], v[2], s[STARTED], a[id=AF2N8luPTGOEWsg3lpwsvQ]
----shard_id [test][1]
--------[test][1], node[EJh5pphuTEuwcvfHnM8dCQ], [P], v[6], s[STARTED], a[id=xABhy0H9TJSw-zeeoR23vg]
----shard_id [test][2]
--------[test][2], node[nMu_6boQR--7IGHETEaC6A], [P], v[2], s[STARTED], a[id=4jD7-tdGTfmoAwhEHCXW2g]
----shard_id [test][3]
--------[test][3], node[EJh5pphuTEuwcvfHnM8dCQ], [P], v[6], s[STARTED], a[id=F9ZAwayKTSy_A1U_CUJkkw]
----shard_id [test][4]
--------[test][4], node[nMu_6boQR--7IGHETEaC6A], [P], v[2], s[STARTED], a[id=4qa0UMnJSna1NZFfHP1Fhg]
----shard_id [test][5]
--------[test][5], node[EJh5pphuTEuwcvfHnM8dCQ], [P], v[6], s[STARTED], a[id=Om5ZTVVQQy-JQaquG0GogQ]
----shard_id [test][6]
--------[test][6], node[nMu_6boQR--7IGHETEaC6A], [P], v[2], s[STARTED], a[id=OZw1U2GVTfGTc0WYIexndQ]
----shard_id [test][7]
--------[test][7], node[EJh5pphuTEuwcvfHnM8dCQ], [P], v[6], s[STARTED], a[id=s86uTeQYSkuhICqxVu3nVQ]
----shard_id [test][8]
--------[test][8], node[nMu_6boQR--7IGHETEaC6A], [P], v[2], s[STARTED], a[id=GWVEeeZySkOeWZXB7Pa4GQ]

routing_nodes:
-----node_id[EJh5pphuTEuwcvfHnM8dCQ][V]
--------[test][5], node[EJh5pphuTEuwcvfHnM8dCQ], [P], v[6], s[STARTED], a[id=Om5ZTVVQQy-JQaquG0GogQ]
--------[test][1], node[EJh5pphuTEuwcvfHnM8dCQ], [P], v[6], s[STARTED], a[id=xABhy0H9TJSw-zeeoR23vg]
--------[test][7], node[EJh5pphuTEuwcvfHnM8dCQ], [P], v[6], s[STARTED], a[id=s86uTeQYSkuhICqxVu3nVQ]
--------[test][3], node[EJh5pphuTEuwcvfHnM8dCQ], [P], v[6], s[STARTED], a[id=F9ZAwayKTSy_A1U_CUJkkw]
-----node_id[nMu_6boQR--7IGHETEaC6A][V]
--------[test][8], node[nMu_6boQR--7IGHETEaC6A], [P], v[2], s[STARTED], a[id=GWVEeeZySkOeWZXB7Pa4GQ]
--------[test][6], node[nMu_6boQR--7IGHETEaC6A], [P], v[2], s[STARTED], a[id=OZw1U2GVTfGTc0WYIexndQ]
--------[test][2], node[nMu_6boQR--7IGHETEaC6A], [P], v[2], s[STARTED], a[id=4jD7-tdGTfmoAwhEHCXW2g]
--------[test][4], node[nMu_6boQR--7IGHETEaC6A], [P], v[2], s[STARTED], a[id=4qa0UMnJSna1NZFfHP1Fhg]
--------[test][0], node[nMu_6boQR--7IGHETEaC6A], [P], v[2], s[STARTED], a[id=AF2N8luPTGOEWsg3lpwsvQ]
---- unassigned

[2016-03-29 17:29:44,400][DEBUG][org.elasticsearch.cluster.service] [node_t3] set local cluster state to version 15
[2016-03-29 17:29:44,406][TRACE][org.elasticsearch.gateway] [node_t3] [test] writing state, reason [version changed from [7] to [8]]
[2016-03-29 17:29:44,407][DEBUG][org.elasticsearch.cluster.service] [node_t3] processing [zen-disco-receive(from master [master {node_t0}{nMu_6boQR--7IGHETEaC6A}{127.0.0.1}{127.0.0.1:9420}[mode=>network] committed version [15]])]: took 7ms done applying updated cluster_state (version: 15, uuid: J_Teiu5BSRKnqTXLSchXSA)
[2016-03-29 17:29:44,408][TRACE][org.elasticsearch.cluster.service] [node_t3] will process [indices_store ([[test][8]] active fully on other nodes)]
[2016-03-29 17:29:44,408][DEBUG][org.elasticsearch.cluster.service] [node_t3] processing [indices_store ([[test][8]] active fully on other nodes)]: execute
[2016-03-29 17:29:44,408][DEBUG][org.elasticsearch.cluster.service] [node_t0] set local cluster state to version 15
[2016-03-29 17:29:44,408][DEBUG][org.elasticsearch.cluster.service] [node_t3] processing [indices_store ([[test][8]] active fully on other nodes)]: took 0s no change in cluster_state
[2016-03-29 17:29:44,408][TRACE][org.elasticsearch.cluster.service] [node_t3] will process [indices_store ([[test][0]] active fully on other nodes)]
[2016-03-29 17:29:44,408][DEBUG][org.elasticsearch.cluster.service] [node_t3] processing [indices_store ([[test][0]] active fully on other nodes)]: execute
[2016-03-29 17:29:44,408][DEBUG][org.elasticsearch.cluster.service] [node_t3] processing [indices_store ([[test][0]] active fully on other nodes)]: took 0s no change in cluster_state
[2016-03-29 17:29:44,408][TRACE][org.elasticsearch.cluster.service] [node_t3] will process [indices_store ([[test][6]] active fully on other nodes)]
[2016-03-29 17:29:44,408][DEBUG][org.elasticsearch.cluster.service] [node_t3] processing [indices_store ([[test][6]] active fully on other nodes)]: execute
[2016-03-29 17:29:44,408][DEBUG][org.elasticsearch.cluster.service] [node_t3] processing [indices_store ([[test][6]] active fully on other nodes)]: took 0s no change in cluster_state
[2016-03-29 17:29:44,408][TRACE][org.elasticsearch.cluster.service] [node_t3] will process [indices_store ([[test][8]] active fully on other nodes)]
[2016-03-29 17:29:44,408][DEBUG][org.elasticsearch.cluster.service] [node_t3] processing [indices_store ([[test][8]] active fully on other nodes)]: execute
[2016-03-29 17:29:44,408][TRACE][org.elasticsearch.gateway] [node_t0] [test] writing state, reason [version changed from [7] to [8]]
[2016-03-29 17:29:44,410][DEBUG][org.elasticsearch.cluster.service] [node_t0] processing [shard-started ([test][5], node[EJh5pphuTEuwcvfHnM8dCQ], [P], v[5], s[INITIALIZING], a[id=Om5ZTVVQQy-JQaquG0GogQ], unassigned_info[[reason=NODE_LEFT], at[2016-03-29T21:29:44.353Z], details[node_left[F-u4jQqMTgCSFvClNNIaBA]]]), reason [after recovery from store],shard-started ([test][5], node[EJh5pphuTEuwcvfHnM8dCQ], [P], v[5], s[INITIALIZING], a[id=Om5ZTVVQQy-JQaquG0GogQ], unassigned_info[[reason=NODE_LEFT], at[2016-03-29T21:29:44.353Z], details[node_left[F-u4jQqMTgCSFvClNNIaBA]]]), reason [master {node_t0}{nMu_6boQR--7IGHETEaC6A}{127.0.0.1}{127.0.0.1:9420}[mode=>network] marked shard as initializing, but shard state is [POST_RECOVERY], mark shard as started],shard-started ([test][7], node[EJh5pphuTEuwcvfHnM8dCQ], [P], v[5], s[INITIALIZING], a[id=s86uTeQYSkuhICqxVu3nVQ], unassigned_info[[reason=NODE_LEFT], at[2016-03-29T21:29:44.353Z], details[node_left[F-u4jQqMTgCSFvClNNIaBA]]]), reason [after recovery from store],shard-started ([test][3], node[EJh5pphuTEuwcvfHnM8dCQ], [P], v[5], s[INITIALIZING], a[id=F9ZAwayKTSy_A1U_CUJkkw], unassigned_info[[reason=NODE_LEFT], at[2016-03-29T21:29:44.352Z], details[node_left[F-u4jQqMTgCSFvClNNIaBA]]]), reason [after recovery from store]]: took 15ms done applying updated cluster_state (version: 15, uuid: J_Teiu5BSRKnqTXLSchXSA)
[2016-03-29 17:29:44,410][TRACE][org.elasticsearch.cluster.service] [node_t0] will process [cluster_reroute(async_shard_fetch)]
[2016-03-29 17:29:44,410][DEBUG][org.elasticsearch.cluster.service] [node_t0] processing [cluster_reroute(async_shard_fetch)]: execute
[2016-03-29 17:29:44,410][TRACE][org.elasticsearch.transport.tracer] [transport_client_node_t0] [29][cluster:monitor/health] received response from [{node_t0}{nMu_6boQR--7IGHETEaC6A}{127.0.0.1}{127.0.0.1:9420}[mode=>network]]
[2016-03-29 17:29:44,410][DEBUG][org.elasticsearch.cluster.service] [node_t0] processing [cluster_reroute(async_shard_fetch)]: took 0s no change in cluster_state
[2016-03-29 17:29:44,410][TRACE][org.elasticsearch.cluster.service] [node_t0] will process [indices_store ([[test][1]] active fully on other nodes)]
[2016-03-29 17:29:44,410][DEBUG][org.elasticsearch.cluster.service] [node_t0] processing [indices_store ([[test][1]] active fully on other nodes)]: execute
[2016-03-29 17:29:44,410][DEBUG][org.elasticsearch.cluster.service] [node_t0] processing [indices_store ([[test][1]] active fully on other nodes)]: took 0s no change in cluster_state
[2016-03-29 17:29:44,411][TRACE][org.elasticsearch.cluster.service] [node_t0] will process [indices_store ([[test][7]] active fully on other nodes)]
[2016-03-29 17:29:44,411][DEBUG][org.elasticsearch.cluster.service] [node_t0] processing [indices_store ([[test][7]] active fully on other nodes)]: execute
[2016-03-29 17:29:44,411][DEBUG][org.elasticsearch.cluster.service] [node_t3] processing [indices_store ([[test][8]] active fully on other nodes)]: took 3ms no change in cluster_state
[2016-03-29 17:29:44,411][TRACE][org.elasticsearch.cluster.service] [node_t3] will process [indices_store ([[test][2]] active fully on other nodes)]
[2016-03-29 17:29:44,411][DEBUG][org.elasticsearch.cluster.service] [node_t3] processing [indices_store ([[test][2]] active fully on other nodes)]: execute
[2016-03-29 17:29:44,414][DEBUG][org.elasticsearch.cluster.service] [node_t0] processing [indices_store ([[test][7]] active fully on other nodes)]: took 3ms no change in cluster_state
[2016-03-29 17:29:44,414][TRACE][org.elasticsearch.cluster.service] [node_t0] will process [indices_store ([[test][1]] active fully on other nodes)]
[2016-03-29 17:29:44,414][DEBUG][org.elasticsearch.cluster.service] [node_t0] processing [indices_store ([[test][1]] active fully on other nodes)]: execute
[2016-03-29 17:29:44,415][DEBUG][org.elasticsearch.cluster.service] [node_t3] processing [indices_store ([[test][2]] active fully on other nodes)]: took 3ms no change in cluster_state
[2016-03-29 17:29:44,415][TRACE][org.elasticsearch.cluster.service] [node_t3] will process [indices_store ([[test][0]] active fully on other nodes)]
[2016-03-29 17:29:44,415][DEBUG][org.elasticsearch.cluster.service] [node_t3] processing [indices_store ([[test][0]] active fully on other nodes)]: execute
[2016-03-29 17:29:44,418][DEBUG][org.elasticsearch.cluster.service] [node_t0] processing [indices_store ([[test][1]] active fully on other nodes)]: took 3ms no change in cluster_state
[2016-03-29 17:29:44,418][TRACE][org.elasticsearch.cluster.service] [node_t0] will process [indices_store ([[test][5]] active fully on other nodes)]
[2016-03-29 17:29:44,418][DEBUG][org.elasticsearch.cluster.service] [node_t0] processing [indices_store ([[test][5]] active fully on other nodes)]: execute
[2016-03-29 17:29:44,418][DEBUG][org.elasticsearch.cluster.service] [node_t3] processing [indices_store ([[test][0]] active fully on other nodes)]: took 3ms no change in cluster_state
[2016-03-29 17:29:44,418][TRACE][org.elasticsearch.cluster.service] [node_t3] will process [indices_store ([[test][4]] active fully on other nodes)]
[2016-03-29 17:29:44,418][DEBUG][org.elasticsearch.cluster.service] [node_t3] processing [indices_store ([[test][4]] active fully on other nodes)]: execute
[2016-03-29 17:29:44,421][DEBUG][org.elasticsearch.cluster.service] [node_t3] processing [indices_store ([[test][4]] active fully on other nodes)]: took 3ms no change in cluster_state
[2016-03-29 17:29:44,421][DEBUG][org.elasticsearch.cluster.service] [node_t0] processing [indices_store ([[test][5]] active fully on other nodes)]: took 3ms no change in cluster_state
[2016-03-29 17:29:44,421][TRACE][org.elasticsearch.cluster.service] [node_t3] will process [indices_store ([[test][6]] active fully on other nodes)]
[2016-03-29 17:29:44,421][TRACE][org.elasticsearch.cluster.service] [node_t0] will process [indices_store ([[test][3]] active fully on other nodes)]
[2016-03-29 17:29:44,422][DEBUG][org.elasticsearch.cluster.service] [node_t3] processing [indices_store ([[test][6]] active fully on other nodes)]: execute
[2016-03-29 17:29:44,422][DEBUG][org.elasticsearch.cluster.service] [node_t0] processing [indices_store ([[test][3]] active fully on other nodes)]: execute
[2016-03-29 17:29:44,423][TRACE][org.elasticsearch.transport.tracer] [transport_client_node_t3] [1][cluster:monitor/health] sent to [{node_t3}{EJh5pphuTEuwcvfHnM8dCQ}{127.0.0.1}{127.0.0.1:9421}[mode=>network]] (timeout: [null])
[2016-03-29 17:29:44,425][DEBUG][org.elasticsearch.cluster.service] [node_t3] processing [indices_store ([[test][6]] active fully on other nodes)]: took 3ms no change in cluster_state
[2016-03-29 17:29:44,425][DEBUG][org.elasticsearch.cluster.service] [node_t0] processing [indices_store ([[test][3]] active fully on other nodes)]: took 3ms no change in cluster_state
[2016-03-29 17:29:44,425][TRACE][org.elasticsearch.cluster.service] [node_t0] will process [cluster_health (wait_for_events [LANGUID])]
[2016-03-29 17:29:44,425][DEBUG][org.elasticsearch.cluster.service] [node_t0] processing [cluster_health (wait_for_events [LANGUID])]: execute
[2016-03-29 17:29:44,426][DEBUG][org.elasticsearch.cluster.service] [node_t0] processing [cluster_health (wait_for_events [LANGUID])]: took 0s no change in cluster_state
[2016-03-29 17:29:44,426][TRACE][org.elasticsearch.transport.tracer] [transport_client_node_t3] [1][cluster:monitor/health] received response from [{node_t3}{EJh5pphuTEuwcvfHnM8dCQ}{127.0.0.1}{127.0.0.1:9421}[mode=>network]]
[2016-03-29 17:29:44,426][TRACE][org.elasticsearch.transport.tracer] [transport_client_node_t3] [2][cluster:monitor/state] sent to [{node_t3}{EJh5pphuTEuwcvfHnM8dCQ}{127.0.0.1}{127.0.0.1:9421}[mode=>network]] (timeout: [null])
[2016-03-29 17:29:44,427][TRACE][org.elasticsearch.transport.tracer] [transport_client_node_t3] [2][cluster:monitor/state] received response from [{node_t3}{EJh5pphuTEuwcvfHnM8dCQ}{127.0.0.1}{127.0.0.1:9421}[mode=>network]]
[2016-03-29 17:29:44,427][TRACE][org.elasticsearch.transport.tracer] [transport_client_node_t3] [3][cluster:monitor/state] sent to [{node_t3}{EJh5pphuTEuwcvfHnM8dCQ}{127.0.0.1}{127.0.0.1:9421}[mode=>network]] (timeout: [null])
[2016-03-29 17:29:44,428][TRACE][org.elasticsearch.transport.tracer] [transport_client_node_t3] [3][cluster:monitor/state] received response from [{node_t3}{EJh5pphuTEuwcvfHnM8dCQ}{127.0.0.1}{127.0.0.1:9421}[mode=>network]]
[2016-03-29 17:29:44,429][TRACE][org.elasticsearch.transport.tracer] [transport_client_node_t3] [4][cluster:monitor/health] sent to [{node_t3}{EJh5pphuTEuwcvfHnM8dCQ}{127.0.0.1}{127.0.0.1:9421}[mode=>network]] (timeout: [null])
[2016-03-29 17:29:44,429][TRACE][org.elasticsearch.cluster.service] [node_t0] will process [cluster_health (wait_for_events [LANGUID])]
[2016-03-29 17:29:44,429][DEBUG][org.elasticsearch.cluster.service] [node_t0] processing [cluster_health (wait_for_events [LANGUID])]: execute
[2016-03-29 17:29:44,429][DEBUG][org.elasticsearch.cluster.service] [node_t0] processing [cluster_health (wait_for_events [LANGUID])]: took 0s no change in cluster_state
[2016-03-29 17:29:44,429][TRACE][org.elasticsearch.transport.tracer] [transport_client_node_t3] [4][cluster:monitor/health] received response from [{node_t3}{EJh5pphuTEuwcvfHnM8dCQ}{127.0.0.1}{127.0.0.1:9421}[mode=>network]]
[2016-03-29 17:29:44,430][TRACE][org.elasticsearch.transport.tracer] [transport_client_node_t0] [30][indices:data/read/search] sent to [{node_t0}{nMu_6boQR--7IGHETEaC6A}{127.0.0.1}{127.0.0.1:9420}[mode=>network]] (timeout: [null])
[2016-03-29 17:29:44,431][TRACE][org.elasticsearch.transport.tracer] [transport_client_node_t0] [30][indices:data/read/search] received response from [{node_t0}{nMu_6boQR--7IGHETEaC6A}{127.0.0.1}{127.0.0.1:9420}[mode=>network]]
[2016-03-29 17:29:44,431][TRACE][org.elasticsearch.transport.tracer] [transport_client_node_t3] [5][indices:data/read/search] sent to [{node_t3}{EJh5pphuTEuwcvfHnM8dCQ}{127.0.0.1}{127.0.0.1:9421}[mode=>network]] (timeout: [null])
[2016-03-29 17:29:44,436][TRACE][org.elasticsearch.transport.tracer] [transport_client_node_t3] [5][indices:data/read/search] received response from [{node_t3}{EJh5pphuTEuwcvfHnM8dCQ}{127.0.0.1}{127.0.0.1:9421}[mode=>network]]
[2016-03-29 17:29:44,437][TRACE][org.elasticsearch.transport.tracer] [transport_client_node_t3] [6][indices:data/read/search] sent to [{node_t3}{EJh5pphuTEuwcvfHnM8dCQ}{127.0.0.1}{127.0.0.1:9421}[mode=>network]] (timeout: [null])
[2016-03-29 17:29:44,438][TRACE][org.elasticsearch.transport.tracer] [transport_client_node_t3] [6][indices:data/read/search] received response from [{node_t3}{EJh5pphuTEuwcvfHnM8dCQ}{127.0.0.1}{127.0.0.1:9421}[mode=>network]]
[2016-03-29 17:29:44,439][TRACE][org.elasticsearch.transport.tracer] [transport_client_node_t0] [31][indices:data/read/search] sent to [{node_t0}{nMu_6boQR--7IGHETEaC6A}{127.0.0.1}{127.0.0.1:9420}[mode=>network]] (timeout: [null])
[2016-03-29 17:29:44,440][TRACE][org.elasticsearch.transport.tracer] [transport_client_node_t0] [31][indices:data/read/search] received response from [{node_t0}{nMu_6boQR--7IGHETEaC6A}{127.0.0.1}{127.0.0.1:9420}[mode=>network]]
[2016-03-29 17:29:44,441][TRACE][org.elasticsearch.transport.tracer] [transport_client_node_t0] [32][indices:data/read/search] sent to [{node_t0}{nMu_6boQR--7IGHETEaC6A}{127.0.0.1}{127.0.0.1:9420}[mode=>network]] (timeout: [null])
[2016-03-29 17:29:44,441][TRACE][org.elasticsearch.transport.tracer] [transport_client_node_t0] [32][indices:data/read/search] received response from [{node_t0}{nMu_6boQR--7IGHETEaC6A}{127.0.0.1}{127.0.0.1:9420}[mode=>network]]
[2016-03-29 17:29:44,442][TRACE][org.elasticsearch.transport.tracer] [transport_client_node_t0] [33][indices:data/read/search] sent to [{node_t0}{nMu_6boQR--7IGHETEaC6A}{127.0.0.1}{127.0.0.1:9420}[mode=>network]] (timeout: [null])
[2016-03-29 17:29:44,443][TRACE][org.elasticsearch.transport.tracer] [transport_client_node_t0] [33][indices:data/read/search] received response from [{node_t0}{nMu_6boQR--7IGHETEaC6A}{127.0.0.1}{127.0.0.1:9420}[mode=>network]]
[2016-03-29 17:29:44,443][TRACE][org.elasticsearch.transport.tracer] [transport_client_node_t0] [34][cluster:monitor/health] sent to [{node_t0}{nMu_6boQR--7IGHETEaC6A}{127.0.0.1}{127.0.0.1:9420}[mode=>network]] (timeout: [null])
[2016-03-29 17:29:44,444][TRACE][org.elasticsearch.transport.tracer] [transport_client_node_t0] [34][cluster:monitor/health] received response from [{node_t0}{nMu_6boQR--7IGHETEaC6A}{127.0.0.1}{127.0.0.1:9420}[mode=>network]]
[2016-03-29 17:29:44,444][TRACE][org.elasticsearch.transport.tracer] [transport_client_node_t3] [7][cluster:monitor/state] sent to [{node_t3}{EJh5pphuTEuwcvfHnM8dCQ}{127.0.0.1}{127.0.0.1:9421}[mode=>network]] (timeout: [null])
[2016-03-29 17:29:44,445][TRACE][org.elasticsearch.transport.tracer] [transport_client_node_t3] [7][cluster:monitor/state] received response from [{node_t3}{EJh5pphuTEuwcvfHnM8dCQ}{127.0.0.1}{127.0.0.1:9421}[mode=>network]]
[2016-03-29 17:29:44,447][TRACE][org.elasticsearch.transport.tracer] [transport_client_node_t3] [8][cluster:monitor/state] sent to [{node_t3}{EJh5pphuTEuwcvfHnM8dCQ}{127.0.0.1}{127.0.0.1:9421}[mode=>network]] (timeout: [null])
[2016-03-29 17:29:44,448][TRACE][org.elasticsearch.transport.tracer] [transport_client_node_t3] [8][cluster:monitor/state] received response from [{node_t3}{EJh5pphuTEuwcvfHnM8dCQ}{127.0.0.1}{127.0.0.1:9421}[mode=>network]]
[2016-03-29 17:29:44,449][TRACE][org.elasticsearch.cluster.service] [node_t0] will process [delete-index [test]]
[2016-03-29 17:29:44,449][DEBUG][org.elasticsearch.cluster.service] [node_t0] processing [delete-index [test]]: execute
[2016-03-29 17:29:44,449][TRACE][org.elasticsearch.cluster.service] [node_t0] cluster state updated, source [delete-index [test]]
version: 16
state uuid: T4_X8_xyRaWADxjUtjIj6w
from_diff: false
meta data version: 10
nodes: 
   {node_t3}{EJh5pphuTEuwcvfHnM8dCQ}{127.0.0.1}{127.0.0.1:9421}[mode=>network]
   {node_t0}{nMu_6boQR--7IGHETEaC6A}{127.0.0.1}{127.0.0.1:9420}[mode=>network], local, master
routing_table (version 14):
routing_nodes:
-----node_id[EJh5pphuTEuwcvfHnM8dCQ][V]
-----node_id[nMu_6boQR--7IGHETEaC6A][V]
---- unassigned

[2016-03-29 17:29:44,449][DEBUG][org.elasticsearch.cluster.service] [node_t0] publishing cluster state version [16]
[2016-03-29 17:29:44,450][DEBUG][org.elasticsearch.discovery.zen.publish] [node_t3] received diff cluster state version [16] with uuid [T4_X8_xyRaWADxjUtjIj6w], diff size [191]
[2016-03-29 17:29:44,450][TRACE][org.elasticsearch.discovery.zen.publish] [node_t0] master node {node_t3}{EJh5pphuTEuwcvfHnM8dCQ}{127.0.0.1}{127.0.0.1:9421}[mode=>network] acked cluster state version [16]. processing ... (current pending [1], needed [1])
[2016-03-29 17:29:44,450][TRACE][org.elasticsearch.discovery.zen.publish] [node_t0] committing version [16]
[2016-03-29 17:29:44,450][TRACE][org.elasticsearch.discovery.zen.publish] [node_t0] sending commit for cluster state (uuid: [T4_X8_xyRaWADxjUtjIj6w], version [16]) to [{node_t3}{EJh5pphuTEuwcvfHnM8dCQ}{127.0.0.1}{127.0.0.1:9421}[mode=>network]]
[2016-03-29 17:29:44,450][TRACE][org.elasticsearch.cluster.service] [node_t3] will process [zen-disco-receive(from master [master {node_t0}{nMu_6boQR--7IGHETEaC6A}{127.0.0.1}{127.0.0.1:9420}[mode=>network] committed version [16]])]
[2016-03-29 17:29:44,450][DEBUG][org.elasticsearch.cluster.service] [node_t3] processing [zen-disco-receive(from master [master {node_t0}{nMu_6boQR--7IGHETEaC6A}{127.0.0.1}{127.0.0.1:9420}[mode=>network] committed version [16]])]: execute
[2016-03-29 17:29:44,450][TRACE][org.elasticsearch.cluster.service] [node_t3] cluster state updated, source [zen-disco-receive(from master [master {node_t0}{nMu_6boQR--7IGHETEaC6A}{127.0.0.1}{127.0.0.1:9420}[mode=>network] committed version [16]])]
version: 16
state uuid: T4_X8_xyRaWADxjUtjIj6w
from_diff: false
meta data version: 10
nodes: 
   {node_t3}{EJh5pphuTEuwcvfHnM8dCQ}{127.0.0.1}{127.0.0.1:9421}[mode=>network], local
   {node_t0}{nMu_6boQR--7IGHETEaC6A}{127.0.0.1}{127.0.0.1:9420}[mode=>network], master
routing_table (version 14):
routing_nodes:
-----node_id[EJh5pphuTEuwcvfHnM8dCQ][V]
-----node_id[nMu_6boQR--7IGHETEaC6A][V]
---- unassigned

[2016-03-29 17:29:44,450][DEBUG][org.elasticsearch.cluster.service] [node_t3] set local cluster state to version 16
[2016-03-29 17:29:44,479][DEBUG][org.elasticsearch.cluster.service] [node_t3] processing [zen-disco-receive(from master [master {node_t0}{nMu_6boQR--7IGHETEaC6A}{127.0.0.1}{127.0.0.1:9420}[mode=>network] committed version [16]])]: took 28ms done applying updated cluster_state (version: 16, uuid: T4_X8_xyRaWADxjUtjIj6w)
[2016-03-29 17:29:44,479][DEBUG][org.elasticsearch.cluster.service] [node_t0] set local cluster state to version 16
[2016-03-29 17:29:44,517][TRACE][org.elasticsearch.transport.tracer] [transport_client_node_t3] [9][indices:admin/template/get] sent to [{node_t3}{EJh5pphuTEuwcvfHnM8dCQ}{127.0.0.1}{127.0.0.1:9421}[mode=>network]] (timeout: [null])
[2016-03-29 17:29:44,517][DEBUG][org.elasticsearch.cluster.service] [node_t0] processing [delete-index [test]]: took 68ms done applying updated cluster_state (version: 16, uuid: T4_X8_xyRaWADxjUtjIj6w)
[2016-03-29 17:29:44,518][TRACE][org.elasticsearch.transport.tracer] [transport_client_node_t3] [9][indices:admin/template/get] received response from [{node_t3}{EJh5pphuTEuwcvfHnM8dCQ}{127.0.0.1}{127.0.0.1:9421}[mode=>network]]
[2016-03-29 17:29:44,518][TRACE][org.elasticsearch.transport.tracer] [transport_client_node_t0] [35][cluster:admin/repository/delete] sent to [{node_t0}{nMu_6boQR--7IGHETEaC6A}{127.0.0.1}{127.0.0.1:9420}[mode=>network]] (timeout: [null])
[2016-03-29 17:29:44,518][TRACE][org.elasticsearch.cluster.service] [node_t0] will process [delete_repository [*]]
[2016-03-29 17:29:44,518][DEBUG][org.elasticsearch.cluster.service] [node_t0] processing [delete_repository [*]]: execute
[2016-03-29 17:29:44,518][DEBUG][org.elasticsearch.cluster.service] [node_t0] processing [delete_repository [*]]: took 0s no change in cluster_state
[2016-03-29 17:29:44,518][TRACE][org.elasticsearch.transport.tracer] [transport_client_node_t0] [35][cluster:admin/repository/delete] received response from [{node_t0}{nMu_6boQR--7IGHETEaC6A}{127.0.0.1}{127.0.0.1:9420}[mode=>network]]
[2016-03-29 17:29:44,520][INFO ][org.elasticsearch.discovery.zen] [node_t3] master_left [{node_t0}{nMu_6boQR--7IGHETEaC6A}{127.0.0.1}{127.0.0.1:9420}[mode=>network]], reason [shut_down]
[2016-03-29 17:29:44,521][TRACE][org.elasticsearch.cluster.service] [node_t3] will process [zen-disco-master_failed ({node_t0}{nMu_6boQR--7IGHETEaC6A}{127.0.0.1}{127.0.0.1:9420}[mode=>network])]
[2016-03-29 17:29:44,521][DEBUG][org.elasticsearch.cluster.service] [node_t3] processing [zen-disco-master_failed ({node_t0}{nMu_6boQR--7IGHETEaC6A}{127.0.0.1}{127.0.0.1:9420}[mode=>network])]: execute
[2016-03-29 17:29:44,521][WARN ][org.elasticsearch.discovery.zen] [node_t3] master left (reason = shut_down), current nodes: {{node_t3}{EJh5pphuTEuwcvfHnM8dCQ}{127.0.0.1}{127.0.0.1:9421}[mode=>network],}
[2016-03-29 17:29:44,521][DEBUG][org.elasticsearch.discovery.zen.fd] [node_t3] [master] stopping fault detection against master [{node_t0}{nMu_6boQR--7IGHETEaC6A}{127.0.0.1}{127.0.0.1:9420}[mode=>network]], reason [master left (reason = shut_down)]
[2016-03-29 17:29:44,521][TRACE][org.elasticsearch.discovery.zen] [node_t3] starting to accumulate joins
[2016-03-29 17:29:44,521][TRACE][org.elasticsearch.discovery.zen] [node_t3] starting to ping
[2016-03-29 17:29:44,521][TRACE][org.elasticsearch.discovery.zen.ping.unicast] [node_t3] [2] sending to {node_t3}{EJh5pphuTEuwcvfHnM8dCQ}{127.0.0.1}{127.0.0.1:9421}[mode=>network]
[2016-03-29 17:29:44,521][TRACE][org.elasticsearch.discovery.zen.ping.unicast] [node_t3] [2] connecting to {node_t0}{nMu_6boQR--7IGHETEaC6A}{127.0.0.1}{127.0.0.1:9420}[mode=>network]
[2016-03-29 17:29:44,521][TRACE][org.elasticsearch.discovery.zen.ping.unicast] [node_t3] [2] received response from {node_t3}{EJh5pphuTEuwcvfHnM8dCQ}{127.0.0.1}{127.0.0.1:9421}[mode=>network]: [ping_response{node [{node_t3}{EJh5pphuTEuwcvfHnM8dCQ}{127.0.0.1}{127.0.0.1:9421}[mode=>network]], id[685], master [null], hasJoinedOnce [false], cluster_name[TEST-CHILD_VM=[0]-CLUSTER_SEED=[-8106659381411338889]-HASH=[14406DC76783A180]-cluster]}, ping_response{node [{node_t3}{EJh5pphuTEuwcvfHnM8dCQ}{127.0.0.1}{127.0.0.1:9421}[mode=>network]], id[685], master [null], hasJoinedOnce [false], cluster_name[TEST-CHILD_VM=[0]-CLUSTER_SEED=[-8106659381411338889]-HASH=[14406DC76783A180]-cluster]}, ping_response{node [{node_t3}{EJh5pphuTEuwcvfHnM8dCQ}{127.0.0.1}{127.0.0.1:9421}[mode=>network]], id[685], master [null], hasJoinedOnce [false], cluster_name[TEST-CHILD_VM=[0]-CLUSTER_SEED=[-8106659381411338889]-HASH=[14406DC76783A180]-cluster]}, ping_response{node [{node_t0}{nMu_6boQR--7IGHETEaC6A}{127.0.0.1}{127.0.0.1:9420}[mode=>network]], id[691], master [null], hasJoinedOnce [true], cluster_name[TEST-CHILD_VM=[0]-CLUSTER_SEED=[-8106659381411338889]-HASH=[14406DC76783A180]-cluster]}, ping_response{node [{node_t0}{nMu_6boQR--7IGHETEaC6A}{127.0.0.1}{127.0.0.1:9420}[mode=>network]], id[691], master [null], hasJoinedOnce [true], cluster_name[TEST-CHILD_VM=[0]-CLUSTER_SEED=[-8106659381411338889]-HASH=[14406DC76783A180]-cluster]}, ping_response{node [{node_t0}{nMu_6boQR--7IGHETEaC6A}{127.0.0.1}{127.0.0.1:9420}[mode=>network]], id[691], master [null], hasJoinedOnce [true], cluster_name[TEST-CHILD_VM=[0]-CLUSTER_SEED=[-8106659381411338889]-HASH=[14406DC76783A180]-cluster]}, ping_response{node [{node_t0}{nMu_6boQR--7IGHETEaC6A}{127.0.0.1}{127.0.0.1:9420}[mode=>network]], id[691], master [null], hasJoinedOnce [true], cluster_name[TEST-CHILD_VM=[0]-CLUSTER_SEED=[-8106659381411338889]-HASH=[14406DC76783A180]-cluster]}, ping_response{node [{node_t3}{EJh5pphuTEuwcvfHnM8dCQ}{127.0.0.1}{127.0.0.1:9421}[mode=>network]], id[699], master [null], hasJoinedOnce [false], cluster_name[TEST-CHILD_VM=[0]-CLUSTER_SEED=[-8106659381411338889]-HASH=[14406DC76783A180]-cluster]}, ping_response{node [{node_t3}{EJh5pphuTEuwcvfHnM8dCQ}{127.0.0.1}{127.0.0.1:9421}[mode=>network]], id[699], master [null], hasJoinedOnce [false], cluster_name[TEST-CHILD_VM=[0]-CLUSTER_SEED=[-8106659381411338889]-HASH=[14406DC76783A180]-cluster]}, ping_response{node [{node_t3}{EJh5pphuTEuwcvfHnM8dCQ}{127.0.0.1}{127.0.0.1:9421}[mode=>network]], id[699], master [null], hasJoinedOnce [false], cluster_name[TEST-CHILD_VM=[0]-CLUSTER_SEED=[-8106659381411338889]-HASH=[14406DC76783A180]-cluster]}, ping_response{node [{node_t0}{nMu_6boQR--7IGHETEaC6A}{127.0.0.1}{127.0.0.1:9420}[mode=>network]], id[706], master [null], hasJoinedOnce [true], cluster_name[TEST-CHILD_VM=[0]-CLUSTER_SEED=[-8106659381411338889]-HASH=[14406DC76783A180]-cluster]}, ping_response{node [{node_t0}{nMu_6boQR--7IGHETEaC6A}{127.0.0.1}{127.0.0.1:9420}[mode=>network]], id[706], master [null], hasJoinedOnce [true], cluster_name[TEST-CHILD_VM=[0]-CLUSTER_SEED=[-8106659381411338889]-HASH=[14406DC76783A180]-cluster]}, ping_response{node [{node_t0}{nMu_6boQR--7IGHETEaC6A}{127.0.0.1}{127.0.0.1:9420}[mode=>network]], id[706], master [null], hasJoinedOnce [true], cluster_name[TEST-CHILD_VM=[0]-CLUSTER_SEED=[-8106659381411338889]-HASH=[14406DC76783A180]-cluster]}, ping_response{node [{node_t0}{nMu_6boQR--7IGHETEaC6A}{127.0.0.1}{127.0.0.1:9420}[mode=>network]], id[706], master [null], hasJoinedOnce [true], cluster_name[TEST-CHILD_VM=[0]-CLUSTER_SEED=[-8106659381411338889]-HASH=[14406DC76783A180]-cluster]}, ping_response{node [{node_t3}{EJh5pphuTEuwcvfHnM8dCQ}{127.0.0.1}{127.0.0.1:9421}[mode=>network]], id[714], master [null], hasJoinedOnce [false], cluster_name[TEST-CHILD_VM=[0]-CLUSTER_SEED=[-8106659381411338889]-HASH=[14406DC76783A180]-cluster]}, ping_response{node [{node_t3}{EJh5pphuTEuwcvfHnM8dCQ}{127.0.0.1}{127.0.0.1:9421}[mode=>network]], id[714], master [null], hasJoinedOnce [false], cluster_name[TEST-CHILD_VM=[0]-CLUSTER_SEED=[-8106659381411338889]-HASH=[14406DC76783A180]-cluster]}, ping_response{node [{node_t3}{EJh5pphuTEuwcvfHnM8dCQ}{127.0.0.1}{127.0.0.1:9421}[mode=>network]], id[714], master [null], hasJoinedOnce [false], cluster_name[TEST-CHILD_VM=[0]-CLUSTER_SEED=[-8106659381411338889]-HASH=[14406DC76783A180]-cluster]}, ping_response{node [{node_t3}{EJh5pphuTEuwcvfHnM8dCQ}{127.0.0.1}{127.0.0.1:9421}[mode=>network]], id[721], master [{node_t0}{nMu_6boQR--7IGHETEaC6A}{127.0.0.1}{127.0.0.1:9420}[mode=>network]], hasJoinedOnce [true], cluster_name[TEST-CHILD_VM=[0]-CLUSTER_SEED=[-8106659381411338889]-HASH=[14406DC76783A180]-cluster]}, ping_response{node [{node_t3}{EJh5pphuTEuwcvfHnM8dCQ}{127.0.0.1}{127.0.0.1:9421}[mode=>network]], id[722], master [{node_t0}{nMu_6boQR--7IGHETEaC6A}{127.0.0.1}{127.0.0.1:9420}[mode=>network]], hasJoinedOnce [true], cluster_name[TEST-CHILD_VM=[0]-CLUSTER_SEED=[-8106659381411338889]-HASH=[14406DC76783A180]-cluster]}]
[2016-03-29 17:29:44,521][TRACE][org.elasticsearch.discovery.zen.ping.unicast] [node_t3] [2] connecting (light) to {#zen_unicast_3#}{127.0.0.1}{127.0.0.1:9422}
[2016-03-29 17:29:44,521][TRACE][org.elasticsearch.discovery.zen.ping.unicast] [node_t3] [2] connecting (light) to {#zen_unicast_4#}{127.0.0.1}{127.0.0.1:9423}
[2016-03-29 17:29:44,522][TRACE][org.elasticsearch.discovery.zen.ping.unicast] [node_t3] [2] connecting (light) to {#zen_unicast_7#}{::1}{[::1]:9421}
[2016-03-29 17:29:44,522][TRACE][org.elasticsearch.discovery.zen.ping.unicast] [node_t3] [2] connecting (light) to {#zen_unicast_8#}{::1}{[::1]:9422}
[2016-03-29 17:29:44,522][TRACE][org.elasticsearch.discovery.zen.ping.unicast] [node_t3] [2] connecting (light) to {#zen_unicast_9#}{::1}{[::1]:9423}
[2016-03-29 17:29:44,522][TRACE][org.elasticsearch.discovery.zen.ping.unicast] [node_t3] [2] sending to {node_t3}{EJh5pphuTEuwcvfHnM8dCQ}{127.0.0.1}{127.0.0.1:9421}[mode=>network]
[2016-03-29 17:29:44,522][TRACE][org.elasticsearch.discovery.zen.ping.unicast] [node_t3] [2] connecting (light) to {#zen_unicast_10#}{::1}{[::1]:9424}
[2016-03-29 17:29:44,522][TRACE][org.elasticsearch.discovery.zen.ping.unicast] [node_t3] [2] received response from {node_t3}{EJh5pphuTEuwcvfHnM8dCQ}{127.0.0.1}{127.0.0.1:9421}[mode=>network]: [ping_response{node [{node_t3}{EJh5pphuTEuwcvfHnM8dCQ}{127.0.0.1}{127.0.0.1:9421}[mode=>network]], id[685], master [null], hasJoinedOnce [false], cluster_name[TEST-CHILD_VM=[0]-CLUSTER_SEED=[-8106659381411338889]-HASH=[14406DC76783A180]-cluster]}, ping_response{node [{node_t0}{nMu_6boQR--7IGHETEaC6A}{127.0.0.1}{127.0.0.1:9420}[mode=>network]], id[691], master [null], hasJoinedOnce [true], cluster_name[TEST-CHILD_VM=[0]-CLUSTER_SEED=[-8106659381411338889]-HASH=[14406DC76783A180]-cluster]}, ping_response{node [{node_t0}{nMu_6boQR--7IGHETEaC6A}{127.0.0.1}{127.0.0.1:9420}[mode=>network]], id[691], master [null], hasJoinedOnce [true], cluster_name[TEST-CHILD_VM=[0]-CLUSTER_SEED=[-8106659381411338889]-HASH=[14406DC76783A180]-cluster]}, ping_response{node [{node_t0}{nMu_6boQR--7IGHETEaC6A}{127.0.0.1}{127.0.0.1:9420}[mode=>network]], id[691], master [null], hasJoinedOnce [true], cluster_name[TEST-CHILD_VM=[0]-CLUSTER_SEED=[-8106659381411338889]-HASH=[14406DC76783A180]-cluster]}, ping_response{node [{node_t0}{nMu_6boQR--7IGHETEaC6A}{127.0.0.1}{127.0.0.1:9420}[mode=>network]], id[691], master [null], hasJoinedOnce [true], cluster_name[TEST-CHILD_VM=[0]-CLUSTER_SEED=[-8106659381411338889]-HASH=[14406DC76783A180]-cluster]}, ping_response{node [{node_t3}{EJh5pphuTEuwcvfHnM8dCQ}{127.0.0.1}{127.0.0.1:9421}[mode=>network]], id[699], master [null], hasJoinedOnce [false], cluster_name[TEST-CHILD_VM=[0]-CLUSTER_SEED=[-8106659381411338889]-HASH=[14406DC76783A180]-cluster]}, ping_response{node [{node_t3}{EJh5pphuTEuwcvfHnM8dCQ}{127.0.0.1}{127.0.0.1:9421}[mode=>network]], id[699], master [null], hasJoinedOnce [false], cluster_name[TEST-CHILD_VM=[0]-CLUSTER_SEED=[-8106659381411338889]-HASH=[14406DC76783A180]-cluster]}, ping_response{node [{node_t3}{EJh5pphuTEuwcvfHnM8dCQ}{127.0.0.1}{127.0.0.1:9421}[mode=>network]], id[699], master [null], hasJoinedOnce [false], cluster_name[TEST-CHILD_VM=[0]-CLUSTER_SEED=[-8106659381411338889]-HASH=[14406DC76783A180]-cluster]}, ping_response{node [{node_t0}{nMu_6boQR--7IGHETEaC6A}{127.0.0.1}{127.0.0.1:9420}[mode=>network]], id[706], master [null], hasJoinedOnce [true], cluster_name[TEST-CHILD_VM=[0]-CLUSTER_SEED=[-8106659381411338889]-HASH=[14406DC76783A180]-cluster]}, ping_response{node [{node_t0}{nMu_6boQR--7IGHETEaC6A}{127.0.0.1}{127.0.0.1:9420}[mode=>network]], id[706], master [null], hasJoinedOnce [true], cluster_name[TEST-CHILD_VM=[0]-CLUSTER_SEED=[-8106659381411338889]-HASH=[14406DC76783A180]-cluster]}, ping_response{node [{node_t0}{nMu_6boQR--7IGHETEaC6A}{127.0.0.1}{127.0.0.1:9420}[mode=>network]], id[706], master [null], hasJoinedOnce [true], cluster_name[TEST-CHILD_VM=[0]-CLUSTER_SEED=[-8106659381411338889]-HASH=[14406DC76783A180]-cluster]}, ping_response{node [{node_t0}{nMu_6boQR--7IGHETEaC6A}{127.0.0.1}{127.0.0.1:9420}[mode=>network]], id[706], master [null], hasJoinedOnce [true], cluster_name[TEST-CHILD_VM=[0]-CLUSTER_SEED=[-8106659381411338889]-HASH=[14406DC76783A180]-cluster]}, ping_response{node [{node_t3}{EJh5pphuTEuwcvfHnM8dCQ}{127.0.0.1}{127.0.0.1:9421}[mode=>network]], id[714], master [null], hasJoinedOnce [false], cluster_name[TEST-CHILD_VM=[0]-CLUSTER_SEED=[-8106659381411338889]-HASH=[14406DC76783A180]-cluster]}, ping_response{node [{node_t3}{EJh5pphuTEuwcvfHnM8dCQ}{127.0.0.1}{127.0.0.1:9421}[mode=>network]], id[714], master [null], hasJoinedOnce [false], cluster_name[TEST-CHILD_VM=[0]-CLUSTER_SEED=[-8106659381411338889]-HASH=[14406DC76783A180]-cluster]}, ping_response{node [{node_t3}{EJh5pphuTEuwcvfHnM8dCQ}{127.0.0.1}{127.0.0.1:9421}[mode=>network]], id[714], master [null], hasJoinedOnce [false], cluster_name[TEST-CHILD_VM=[0]-CLUSTER_SEED=[-8106659381411338889]-HASH=[14406DC76783A180]-cluster]}, ping_response{node [{node_t3}{EJh5pphuTEuwcvfHnM8dCQ}{127.0.0.1}{127.0.0.1:9421}[mode=>network]], id[721], master [{node_t0}{nMu_6boQR--7IGHETEaC6A}{127.0.0.1}{127.0.0.1:9420}[mode=>network]], hasJoinedOnce [true], cluster_name[TEST-CHILD_VM=[0]-CLUSTER_SEED=[-8106659381411338889]-HASH=[14406DC76783A180]-cluster]}, ping_response{node [{node_t3}{EJh5pphuTEuwcvfHnM8dCQ}{127.0.0.1}{127.0.0.1:9421}[mode=>network]], id[721], master [{node_t0}{nMu_6boQR--7IGHETEaC6A}{127.0.0.1}{127.0.0.1:9420}[mode=>network]], hasJoinedOnce [true], cluster_name[TEST-CHILD_VM=[0]-CLUSTER_SEED=[-8106659381411338889]-HASH=[14406DC76783A180]-cluster]}, ping_response{node [{node_t3}{EJh5pphuTEuwcvfHnM8dCQ}{127.0.0.1}{127.0.0.1:9421}[mode=>network]], id[723], master [{node_t0}{nMu_6boQR--7IGHETEaC6A}{127.0.0.1}{127.0.0.1:9420}[mode=>network]], hasJoinedOnce [true], cluster_name[TEST-CHILD_VM=[0]-CLUSTER_SEED=[-8106659381411338889]-HASH=[14406DC76783A180]-cluster]}]
[2016-03-29 17:29:44,521][TRACE][org.elasticsearch.cluster.service] [node_t3] cluster state updated, source [zen-disco-master_failed ({node_t0}{nMu_6boQR--7IGHETEaC6A}{127.0.0.1}{127.0.0.1:9420}[mode=>network])]
version: 16
state uuid: T4_X8_xyRaWADxjUtjIj6w
from_diff: false
meta data version: 10
blocks: 
   _global_:
      2,no master, blocks WRITE,METADATA_WRITE
nodes: 
   {node_t3}{EJh5pphuTEuwcvfHnM8dCQ}{127.0.0.1}{127.0.0.1:9421}[mode=>network], local
routing_table (version 14):
routing_nodes:
-----node_id[EJh5pphuTEuwcvfHnM8dCQ][V]
---- unassigned

[2016-03-29 17:29:44,522][TRACE][org.elasticsearch.discovery.zen.ping.unicast] [node_t3] [2] failed to connect to {#zen_unicast_3#}{127.0.0.1}{127.0.0.1:9422}
ConnectTransportException[[][127.0.0.1:9422] connect_timeout[30s]]; nested: ConnectException[Connection refused: /127.0.0.1:9422];
	at org.elasticsearch.transport.netty.NettyTransport.connectToChannelsLight(NettyTransport.java:954)
	at org.elasticsearch.transport.netty.NettyTransport.connectToNode(NettyTransport.java:918)
	at org.elasticsearch.transport.netty.NettyTransport.connectToNodeLight(NettyTransport.java:890)
	at org.elasticsearch.test.transport.MockTransportService$LookupTestTransport.connectToNodeLight(MockTransportService.java:413)
	at org.elasticsearch.transport.TransportService.connectToNodeLight(TransportService.java:242)
	at org.elasticsearch.discovery.zen.ping.unicast.UnicastZenPing$3.run(UnicastZenPing.java:395)
	at java.util.concurrent.ThreadPoolExecutor.runWorker(ThreadPoolExecutor.java:1142)
	at java.util.concurrent.ThreadPoolExecutor$Worker.run(ThreadPoolExecutor.java:617)
	at java.lang.Thread.run(Thread.java:745)
Caused by: java.net.ConnectException: Connection refused: /127.0.0.1:9422
	at sun.nio.ch.SocketChannelImpl.checkConnect(Native Method)
	at sun.nio.ch.SocketChannelImpl.finishConnect(SocketChannelImpl.java:712)
	at org.jboss.netty.channel.socket.nio.NioClientBoss.connect(NioClientBoss.java:152)
	at org.jboss.netty.channel.socket.nio.NioClientBoss.processSelectedKeys(NioClientBoss.java:105)
	at org.jboss.netty.channel.socket.nio.NioClientBoss.process(NioClientBoss.java:79)
	at org.jboss.netty.channel.socket.nio.AbstractNioSelector.run(AbstractNioSelector.java:337)
	at org.jboss.netty.channel.socket.nio.NioClientBoss.run(NioClientBoss.java:42)
	at org.jboss.netty.util.ThreadRenamingRunnable.run(ThreadRenamingRunnable.java:108)
	at org.jboss.netty.util.internal.DeadLockProofWorker$1.run(DeadLockProofWorker.java:42)
	... 3 more
[2016-03-29 17:29:44,523][TRACE][org.elasticsearch.discovery.zen.ping.unicast] [node_t3] [2] failed to connect to {node_t0}{nMu_6boQR--7IGHETEaC6A}{127.0.0.1}{127.0.0.1:9420}[mode=>network]
ConnectTransportException[[node_t0][127.0.0.1:9420] connect_timeout[30s]]; nested: ConnectException[Connection refused: /127.0.0.1:9420];
	at org.elasticsearch.transport.netty.NettyTransport.connectToChannels(NettyTransport.java:989)
	at org.elasticsearch.transport.netty.NettyTransport.connectToNode(NettyTransport.java:922)
	at org.elasticsearch.transport.netty.NettyTransport.connectToNode(NettyTransport.java:895)
	at org.elasticsearch.test.transport.MockTransportService$LookupTestTransport.connectToNode(MockTransportService.java:408)
	at org.elasticsearch.transport.TransportService.connectToNode(TransportService.java:235)
	at org.elasticsearch.discovery.zen.ping.unicast.UnicastZenPing$3.run(UnicastZenPing.java:398)
	at java.util.concurrent.ThreadPoolExecutor.runWorker(ThreadPoolExecutor.java:1142)
	at java.util.concurrent.ThreadPoolExecutor$Worker.run(ThreadPoolExecutor.java:617)
	at java.lang.Thread.run(Thread.java:745)
Caused by: java.net.ConnectException: Connection refused: /127.0.0.1:9420
	at sun.nio.ch.SocketChannelImpl.checkConnect(Native Method)
	at sun.nio.ch.SocketChannelImpl.finishConnect(SocketChannelImpl.java:712)
	at org.jboss.netty.channel.socket.nio.NioClientBoss.connect(NioClientBoss.java:152)
	at org.jboss.netty.channel.socket.nio.NioClientBoss.processSelectedKeys(NioClientBoss.java:105)
	at org.jboss.netty.channel.socket.nio.NioClientBoss.process(NioClientBoss.java:79)
	at org.jboss.netty.channel.socket.nio.AbstractNioSelector.run(AbstractNioSelector.java:337)
	at org.jboss.netty.channel.socket.nio.NioClientBoss.run(NioClientBoss.java:42)
	at org.jboss.netty.util.ThreadRenamingRunnable.run(ThreadRenamingRunnable.java:108)
	at org.jboss.netty.util.internal.DeadLockProofWorker$1.run(DeadLockProofWorker.java:42)
	... 3 more
[2016-03-29 17:29:44,522][TRACE][org.elasticsearch.discovery.zen.ping.unicast] [node_t3] [2] failed to connect to {#zen_unicast_4#}{127.0.0.1}{127.0.0.1:9423}
ConnectTransportException[[][127.0.0.1:9423] connect_timeout[30s]]; nested: ConnectException[Connection refused: /127.0.0.1:9423];
	at org.elasticsearch.transport.netty.NettyTransport.connectToChannelsLight(NettyTransport.java:954)
	at org.elasticsearch.transport.netty.NettyTransport.connectToNode(NettyTransport.java:918)
	at org.elasticsearch.transport.netty.NettyTransport.connectToNodeLight(NettyTransport.java:890)
	at org.elasticsearch.test.transport.MockTransportService$LookupTestTransport.connectToNodeLight(MockTransportService.java:413)
	at org.elasticsearch.transport.TransportService.connectToNodeLight(TransportService.java:242)
	at org.elasticsearch.discovery.zen.ping.unicast.UnicastZenPing$3.run(UnicastZenPing.java:395)
	at java.util.concurrent.ThreadPoolExecutor.runWorker(ThreadPoolExecutor.java:1142)
	at java.util.concurrent.ThreadPoolExecutor$Worker.run(ThreadPoolExecutor.java:617)
	at java.lang.Thread.run(Thread.java:745)
Caused by: java.net.ConnectException: Connection refused: /127.0.0.1:9423
	at sun.nio.ch.SocketChannelImpl.checkConnect(Native Method)
	at sun.nio.ch.SocketChannelImpl.finishConnect(SocketChannelImpl.java:712)
	at org.jboss.netty.channel.socket.nio.NioClientBoss.connect(NioClientBoss.java:152)
	at org.jboss.netty.channel.socket.nio.NioClientBoss.processSelectedKeys(NioClientBoss.java:105)
	at org.jboss.netty.channel.socket.nio.NioClientBoss.process(NioClientBoss.java:79)
	at org.jboss.netty.channel.socket.nio.AbstractNioSelector.run(AbstractNioSelector.java:337)
	at org.jboss.netty.channel.socket.nio.NioClientBoss.run(NioClientBoss.java:42)
	at org.jboss.netty.util.ThreadRenamingRunnable.run(ThreadRenamingRunnable.java:108)
	at org.jboss.netty.util.internal.DeadLockProofWorker$1.run(DeadLockProofWorker.java:42)
	... 3 more
[2016-03-29 17:29:44,521][TRACE][org.elasticsearch.discovery.zen.ping.unicast] [node_t3] [2] connecting (light) to {#zen_unicast_6#}{::1}{[::1]:9420}
[2016-03-29 17:29:44,521][TRACE][org.elasticsearch.discovery.zen.ping.unicast] [node_t3] [2] connecting (light) to {#zen_unicast_5#}{127.0.0.1}{127.0.0.1:9424}
[2016-03-29 17:29:44,523][TRACE][org.elasticsearch.discovery.zen.ping.unicast] [node_t3] [2] failed to connect to {#zen_unicast_10#}{::1}{[::1]:9424}
ConnectTransportException[[][[::1]:9424] connect_timeout[30s]]; nested: ConnectException[Connection refused: /0:0:0:0:0:0:0:1:9424];
	at org.elasticsearch.transport.netty.NettyTransport.connectToChannelsLight(NettyTransport.java:954)
	at org.elasticsearch.transport.netty.NettyTransport.connectToNode(NettyTransport.java:918)
	at org.elasticsearch.transport.netty.NettyTransport.connectToNodeLight(NettyTransport.java:890)
	at org.elasticsearch.test.transport.MockTransportService$LookupTestTransport.connectToNodeLight(MockTransportService.java:413)
	at org.elasticsearch.transport.TransportService.connectToNodeLight(TransportService.java:242)
	at org.elasticsearch.discovery.zen.ping.unicast.UnicastZenPing$3.run(UnicastZenPing.java:395)
	at java.util.concurrent.ThreadPoolExecutor.runWorker(ThreadPoolExecutor.java:1142)
	at java.util.concurrent.ThreadPoolExecutor$Worker.run(ThreadPoolExecutor.java:617)
	at java.lang.Thread.run(Thread.java:745)
Caused by: java.net.ConnectException: Connection refused: /0:0:0:0:0:0:0:1:9424
	at sun.nio.ch.SocketChannelImpl.checkConnect(Native Method)
	at sun.nio.ch.SocketChannelImpl.finishConnect(SocketChannelImpl.java:712)
	at org.jboss.netty.channel.socket.nio.NioClientBoss.connect(NioClientBoss.java:152)
	at org.jboss.netty.channel.socket.nio.NioClientBoss.processSelectedKeys(NioClientBoss.java:105)
	at org.jboss.netty.channel.socket.nio.NioClientBoss.process(NioClientBoss.java:79)
	at org.jboss.netty.channel.socket.nio.AbstractNioSelector.run(AbstractNioSelector.java:337)
	at org.jboss.netty.channel.socket.nio.NioClientBoss.run(NioClientBoss.java:42)
	at org.jboss.netty.util.ThreadRenamingRunnable.run(ThreadRenamingRunnable.java:108)
	at org.jboss.netty.util.internal.DeadLockProofWorker$1.run(DeadLockProofWorker.java:42)
	... 3 more
[2016-03-29 17:29:44,523][TRACE][org.elasticsearch.discovery.zen.ping.unicast] [node_t3] [2] connected to {#zen_unicast_7#}{::1}{[::1]:9421}
[2016-03-29 17:29:44,522][TRACE][org.elasticsearch.discovery.zen.ping.unicast] [node_t3] [2] failed to connect to {#zen_unicast_9#}{::1}{[::1]:9423}
ConnectTransportException[[][[::1]:9423] connect_timeout[30s]]; nested: ConnectException[Connection refused: /0:0:0:0:0:0:0:1:9423];
	at org.elasticsearch.transport.netty.NettyTransport.connectToChannelsLight(NettyTransport.java:954)
	at org.elasticsearch.transport.netty.NettyTransport.connectToNode(NettyTransport.java:918)
	at org.elasticsearch.transport.netty.NettyTransport.connectToNodeLight(NettyTransport.java:890)
	at org.elasticsearch.test.transport.MockTransportService$LookupTestTransport.connectToNodeLight(MockTransportService.java:413)
	at org.elasticsearch.transport.TransportService.connectToNodeLight(TransportService.java:242)
	at org.elasticsearch.discovery.zen.ping.unicast.UnicastZenPing$3.run(UnicastZenPing.java:395)
	at java.util.concurrent.ThreadPoolExecutor.runWorker(ThreadPoolExecutor.java:1142)
	at java.util.concurrent.ThreadPoolExecutor$Worker.run(ThreadPoolExecutor.java:617)
	at java.lang.Thread.run(Thread.java:745)
Caused by: java.net.ConnectException: Connection refused: /0:0:0:0:0:0:0:1:9423
	at sun.nio.ch.SocketChannelImpl.checkConnect(Native Method)
	at sun.nio.ch.SocketChannelImpl.finishConnect(SocketChannelImpl.java:712)
	at org.jboss.netty.channel.socket.nio.NioClientBoss.connect(NioClientBoss.java:152)
	at org.jboss.netty.channel.socket.nio.NioClientBoss.processSelectedKeys(NioClientBoss.java:105)
	at org.jboss.netty.channel.socket.nio.NioClientBoss.process(NioClientBoss.java:79)
	at org.jboss.netty.channel.socket.nio.AbstractNioSelector.run(AbstractNioSelector.java:337)
	at org.jboss.netty.channel.socket.nio.NioClientBoss.run(NioClientBoss.java:42)
	at org.jboss.netty.util.ThreadRenamingRunnable.run(ThreadRenamingRunnable.java:108)
	at org.jboss.netty.util.internal.DeadLockProofWorker$1.run(DeadLockProofWorker.java:42)
	... 3 more
[2016-03-29 17:29:44,522][TRACE][org.elasticsearch.discovery.zen.ping.unicast] [node_t3] [2] failed to connect to {#zen_unicast_8#}{::1}{[::1]:9422}
ConnectTransportException[[][[::1]:9422] connect_timeout[30s]]; nested: ConnectException[Connection refused: /0:0:0:0:0:0:0:1:9422];
	at org.elasticsearch.transport.netty.NettyTransport.connectToChannelsLight(NettyTransport.java:954)
	at org.elasticsearch.transport.netty.NettyTransport.connectToNode(NettyTransport.java:918)
	at org.elasticsearch.transport.netty.NettyTransport.connectToNodeLight(NettyTransport.java:890)
	at org.elasticsearch.test.transport.MockTransportService$LookupTestTransport.connectToNodeLight(MockTransportService.java:413)
	at org.elasticsearch.transport.TransportService.connectToNodeLight(TransportService.java:242)
	at org.elasticsearch.discovery.zen.ping.unicast.UnicastZenPing$3.run(UnicastZenPing.java:395)
	at java.util.concurrent.ThreadPoolExecutor.runWorker(ThreadPoolExecutor.java:1142)
	at java.util.concurrent.ThreadPoolExecutor$Worker.run(ThreadPoolExecutor.java:617)
	at java.lang.Thread.run(Thread.java:745)
Caused by: java.net.ConnectException: Connection refused: /0:0:0:0:0:0:0:1:9422
	at sun.nio.ch.SocketChannelImpl.checkConnect(Native Method)
	at sun.nio.ch.SocketChannelImpl.finishConnect(SocketChannelImpl.java:712)
	at org.jboss.netty.channel.socket.nio.NioClientBoss.connect(NioClientBoss.java:152)
	at org.jboss.netty.channel.socket.nio.NioClientBoss.processSelectedKeys(NioClientBoss.java:105)
	at org.jboss.netty.channel.socket.nio.NioClientBoss.process(NioClientBoss.java:79)
	at org.jboss.netty.channel.socket.nio.AbstractNioSelector.run(AbstractNioSelector.java:337)
	at org.jboss.netty.channel.socket.nio.NioClientBoss.run(NioClientBoss.java:42)
	at org.jboss.netty.util.ThreadRenamingRunnable.run(ThreadRenamingRunnable.java:108)
	at org.jboss.netty.util.internal.DeadLockProofWorker$1.run(DeadLockProofWorker.java:42)
	... 3 more
[2016-03-29 17:29:44,522][INFO ][org.elasticsearch.cluster.service] [node_t3] removed {{node_t0}{nMu_6boQR--7IGHETEaC6A}{127.0.0.1}{127.0.0.1:9420}[mode=>network],}, reason: zen-disco-master_failed ({node_t0}{nMu_6boQR--7IGHETEaC6A}{127.0.0.1}{127.0.0.1:9420}[mode=>network])
[2016-03-29 17:29:44,522][TRACE][org.elasticsearch.discovery.zen.ping.unicast] [node_t3] [2] connecting to {node_t0}{nMu_6boQR--7IGHETEaC6A}{127.0.0.1}{127.0.0.1:9420}[mode=>network]
[2016-03-29 17:29:44,524][DEBUG][org.elasticsearch.cluster.service] [node_t3] set local cluster state to version 16
[2016-03-29 17:29:44,523][TRACE][org.elasticsearch.discovery.zen.ping.unicast] [node_t3] [2] failed to connect to {#zen_unicast_5#}{127.0.0.1}{127.0.0.1:9424}
ConnectTransportException[[][127.0.0.1:9424] connect_timeout[30s]]; nested: ConnectException[Connection refused: /127.0.0.1:9424];
	at org.elasticsearch.transport.netty.NettyTransport.connectToChannelsLight(NettyTransport.java:954)
	at org.elasticsearch.transport.netty.NettyTransport.connectToNode(NettyTransport.java:918)
	at org.elasticsearch.transport.netty.NettyTransport.connectToNodeLight(NettyTransport.java:890)
	at org.elasticsearch.test.transport.MockTransportService$LookupTestTransport.connectToNodeLight(MockTransportService.java:413)
	at org.elasticsearch.transport.TransportService.connectToNodeLight(TransportService.java:242)
	at org.elasticsearch.discovery.zen.ping.unicast.UnicastZenPing$3.run(UnicastZenPing.java:395)
	at java.util.concurrent.ThreadPoolExecutor.runWorker(ThreadPoolExecutor.java:1142)
	at java.util.concurrent.ThreadPoolExecutor$Worker.run(ThreadPoolExecutor.java:617)
	at java.lang.Thread.run(Thread.java:745)
Caused by: java.net.ConnectException: Connection refused: /127.0.0.1:9424
	at sun.nio.ch.SocketChannelImpl.checkConnect(Native Method)
	at sun.nio.ch.SocketChannelImpl.finishConnect(SocketChannelImpl.java:712)
	at org.jboss.netty.channel.socket.nio.NioClientBoss.connect(NioClientBoss.java:152)
	at org.jboss.netty.channel.socket.nio.NioClientBoss.processSelectedKeys(NioClientBoss.java:105)
	at org.jboss.netty.channel.socket.nio.NioClientBoss.process(NioClientBoss.java:79)
	at org.jboss.netty.channel.socket.nio.AbstractNioSelector.run(AbstractNioSelector.java:337)
	at org.jboss.netty.channel.socket.nio.NioClientBoss.run(NioClientBoss.java:42)
	at org.jboss.netty.util.ThreadRenamingRunnable.run(ThreadRenamingRunnable.java:108)
	at org.jboss.netty.util.internal.DeadLockProofWorker$1.run(DeadLockProofWorker.java:42)
	... 3 more
[2016-03-29 17:29:44,523][TRACE][org.elasticsearch.discovery.zen.ping.unicast] [node_t3] [2] sending to {#zen_unicast_7#}{::1}{[::1]:9421}
[2016-03-29 17:29:44,523][TRACE][org.elasticsearch.discovery.zen.ping.unicast] [node_t3] [2] failed to connect to {#zen_unicast_6#}{::1}{[::1]:9420}
ConnectTransportException[[][[::1]:9420] connect_timeout[30s]]; nested: ConnectException[Connection refused: /0:0:0:0:0:0:0:1:9420];
	at org.elasticsearch.transport.netty.NettyTransport.connectToChannelsLight(NettyTransport.java:954)
	at org.elasticsearch.transport.netty.NettyTransport.connectToNode(NettyTransport.java:918)
	at org.elasticsearch.transport.netty.NettyTransport.connectToNodeLight(NettyTransport.java:890)
	at org.elasticsearch.test.transport.MockTransportService$LookupTestTransport.connectToNodeLight(MockTransportService.java:413)
	at org.elasticsearch.transport.TransportService.connectToNodeLight(TransportService.java:242)
	at org.elasticsearch.discovery.zen.ping.unicast.UnicastZenPing$3.run(UnicastZenPing.java:395)
	at java.util.concurrent.ThreadPoolExecutor.runWorker(ThreadPoolExecutor.java:1142)
	at java.util.concurrent.ThreadPoolExecutor$Worker.run(ThreadPoolExecutor.java:617)
	at java.lang.Thread.run(Thread.java:745)
Caused by: java.net.ConnectException: Connection refused: /0:0:0:0:0:0:0:1:9420
	at sun.nio.ch.SocketChannelImpl.checkConnect(Native Method)
	at sun.nio.ch.SocketChannelImpl.finishConnect(SocketChannelImpl.java:712)
	at org.jboss.netty.channel.socket.nio.NioClientBoss.connect(NioClientBoss.java:152)
	at org.jboss.netty.channel.socket.nio.NioClientBoss.processSelectedKeys(NioClientBoss.java:105)
	at org.jboss.netty.channel.socket.nio.NioClientBoss.process(NioClientBoss.java:79)
	at org.jboss.netty.channel.socket.nio.AbstractNioSelector.run(AbstractNioSelector.java:337)
	at org.jboss.netty.channel.socket.nio.NioClientBoss.run(NioClientBoss.java:42)
	at org.jboss.netty.util.ThreadRenamingRunnable.run(ThreadRenamingRunnable.java:108)
	at org.jboss.netty.util.internal.DeadLockProofWorker$1.run(DeadLockProofWorker.java:42)
	... 3 more
[2016-03-29 17:29:44,525][TRACE][org.elasticsearch.discovery.zen.ping.unicast] [node_t3] [2] received response from {#zen_unicast_7#}{::1}{[::1]:9421}: [ping_response{node [{node_t0}{nMu_6boQR--7IGHETEaC6A}{127.0.0.1}{127.0.0.1:9420}[mode=>network]], id[691], master [null], hasJoinedOnce [true], cluster_name[TEST-CHILD_VM=[0]-CLUSTER_SEED=[-8106659381411338889]-HASH=[14406DC76783A180]-cluster]}, ping_response{node [{node_t0}{nMu_6boQR--7IGHETEaC6A}{127.0.0.1}{127.0.0.1:9420}[mode=>network]], id[691], master [null], hasJoinedOnce [true], cluster_name[TEST-CHILD_VM=[0]-CLUSTER_SEED=[-8106659381411338889]-HASH=[14406DC76783A180]-cluster]}, ping_response{node [{node_t0}{nMu_6boQR--7IGHETEaC6A}{127.0.0.1}{127.0.0.1:9420}[mode=>network]], id[691], master [null], hasJoinedOnce [true], cluster_name[TEST-CHILD_VM=[0]-CLUSTER_SEED=[-8106659381411338889]-HASH=[14406DC76783A180]-cluster]}, ping_response{node [{node_t0}{nMu_6boQR--7IGHETEaC6A}{127.0.0.1}{127.0.0.1:9420}[mode=>network]], id[691], master [null], hasJoinedOnce [true], cluster_name[TEST-CHILD_VM=[0]-CLUSTER_SEED=[-8106659381411338889]-HASH=[14406DC76783A180]-cluster]}, ping_response{node [{node_t3}{EJh5pphuTEuwcvfHnM8dCQ}{127.0.0.1}{127.0.0.1:9421}[mode=>network]], id[699], master [null], hasJoinedOnce [false], cluster_name[TEST-CHILD_VM=[0]-CLUSTER_SEED=[-8106659381411338889]-HASH=[14406DC76783A180]-cluster]}, ping_response{node [{node_t3}{EJh5pphuTEuwcvfHnM8dCQ}{127.0.0.1}{127.0.0.1:9421}[mode=>network]], id[699], master [null], hasJoinedOnce [false], cluster_name[TEST-CHILD_VM=[0]-CLUSTER_SEED=[-8106659381411338889]-HASH=[14406DC76783A180]-cluster]}, ping_response{node [{node_t3}{EJh5pphuTEuwcvfHnM8dCQ}{127.0.0.1}{127.0.0.1:9421}[mode=>network]], id[699], master [null], hasJoinedOnce [false], cluster_name[TEST-CHILD_VM=[0]-CLUSTER_SEED=[-8106659381411338889]-HASH=[14406DC76783A180]-cluster]}, ping_response{node [{node_t0}{nMu_6boQR--7IGHETEaC6A}{127.0.0.1}{127.0.0.1:9420}[mode=>network]], id[706], master [null], hasJoinedOnce [true], cluster_name[TEST-CHILD_VM=[0]-CLUSTER_SEED=[-8106659381411338889]-HASH=[14406DC76783A180]-cluster]}, ping_response{node [{node_t0}{nMu_6boQR--7IGHETEaC6A}{127.0.0.1}{127.0.0.1:9420}[mode=>network]], id[706], master [null], hasJoinedOnce [true], cluster_name[TEST-CHILD_VM=[0]-CLUSTER_SEED=[-8106659381411338889]-HASH=[14406DC76783A180]-cluster]}, ping_response{node [{node_t0}{nMu_6boQR--7IGHETEaC6A}{127.0.0.1}{127.0.0.1:9420}[mode=>network]], id[706], master [null], hasJoinedOnce [true], cluster_name[TEST-CHILD_VM=[0]-CLUSTER_SEED=[-8106659381411338889]-HASH=[14406DC76783A180]-cluster]}, ping_response{node [{node_t0}{nMu_6boQR--7IGHETEaC6A}{127.0.0.1}{127.0.0.1:9420}[mode=>network]], id[706], master [null], hasJoinedOnce [true], cluster_name[TEST-CHILD_VM=[0]-CLUSTER_SEED=[-8106659381411338889]-HASH=[14406DC76783A180]-cluster]}, ping_response{node [{node_t3}{EJh5pphuTEuwcvfHnM8dCQ}{127.0.0.1}{127.0.0.1:9421}[mode=>network]], id[714], master [null], hasJoinedOnce [false], cluster_name[TEST-CHILD_VM=[0]-CLUSTER_SEED=[-8106659381411338889]-HASH=[14406DC76783A180]-cluster]}, ping_response{node [{node_t3}{EJh5pphuTEuwcvfHnM8dCQ}{127.0.0.1}{127.0.0.1:9421}[mode=>network]], id[714], master [null], hasJoinedOnce [false], cluster_name[TEST-CHILD_VM=[0]-CLUSTER_SEED=[-8106659381411338889]-HASH=[14406DC76783A180]-cluster]}, ping_response{node [{node_t3}{EJh5pphuTEuwcvfHnM8dCQ}{127.0.0.1}{127.0.0.1:9421}[mode=>network]], id[714], master [null], hasJoinedOnce [false], cluster_name[TEST-CHILD_VM=[0]-CLUSTER_SEED=[-8106659381411338889]-HASH=[14406DC76783A180]-cluster]}, ping_response{node [{node_t3}{EJh5pphuTEuwcvfHnM8dCQ}{127.0.0.1}{127.0.0.1:9421}[mode=>network]], id[721], master [{node_t0}{nMu_6boQR--7IGHETEaC6A}{127.0.0.1}{127.0.0.1:9420}[mode=>network]], hasJoinedOnce [true], cluster_name[TEST-CHILD_VM=[0]-CLUSTER_SEED=[-8106659381411338889]-HASH=[14406DC76783A180]-cluster]}, ping_response{node [{node_t3}{EJh5pphuTEuwcvfHnM8dCQ}{127.0.0.1}{127.0.0.1:9421}[mode=>network]], id[721], master [{node_t0}{nMu_6boQR--7IGHETEaC6A}{127.0.0.1}{127.0.0.1:9420}[mode=>network]], hasJoinedOnce [true], cluster_name[TEST-CHILD_VM=[0]-CLUSTER_SEED=[-8106659381411338889]-HASH=[14406DC76783A180]-cluster]}, ping_response{node [{node_t3}{EJh5pphuTEuwcvfHnM8dCQ}{127.0.0.1}{127.0.0.1:9421}[mode=>network]], id[721], master [{node_t0}{nMu_6boQR--7IGHETEaC6A}{127.0.0.1}{127.0.0.1:9420}[mode=>network]], hasJoinedOnce [true], cluster_name[TEST-CHILD_VM=[0]-CLUSTER_SEED=[-8106659381411338889]-HASH=[14406DC76783A180]-cluster]}, ping_response{node [{node_t3}{EJh5pphuTEuwcvfHnM8dCQ}{127.0.0.1}{127.0.0.1:9421}[mode=>network]], id[724], master [null], hasJoinedOnce [true], cluster_name[TEST-CHILD_VM=[0]-CLUSTER_SEED=[-8106659381411338889]-HASH=[14406DC76783A180]-cluster]}]
[2016-03-29 17:29:44,526][TRACE][org.elasticsearch.discovery.zen.ping.unicast] [node_t3] [2] failed to connect to {node_t0}{nMu_6boQR--7IGHETEaC6A}{127.0.0.1}{127.0.0.1:9420}[mode=>network]
ConnectTransportException[[node_t0][127.0.0.1:9420] connect_timeout[30s]]; nested: ConnectException[Connection refused: /127.0.0.1:9420];
	at org.elasticsearch.transport.netty.NettyTransport.connectToChannels(NettyTransport.java:989)
	at org.elasticsearch.transport.netty.NettyTransport.connectToNode(NettyTransport.java:922)
	at org.elasticsearch.transport.netty.NettyTransport.connectToNode(NettyTransport.java:895)
	at org.elasticsearch.test.transport.MockTransportService$LookupTestTransport.connectToNode(MockTransportService.java:408)
	at org.elasticsearch.transport.TransportService.connectToNode(TransportService.java:235)
	at org.elasticsearch.discovery.zen.ping.unicast.UnicastZenPing$3.run(UnicastZenPing.java:398)
	at java.util.concurrent.ThreadPoolExecutor.runWorker(ThreadPoolExecutor.java:1142)
	at java.util.concurrent.ThreadPoolExecutor$Worker.run(ThreadPoolExecutor.java:617)
	at java.lang.Thread.run(Thread.java:745)
Caused by: java.net.ConnectException: Connection refused: /127.0.0.1:9420
	at sun.nio.ch.SocketChannelImpl.checkConnect(Native Method)
	at sun.nio.ch.SocketChannelImpl.finishConnect(SocketChannelImpl.java:712)
	at org.jboss.netty.channel.socket.nio.NioClientBoss.connect(NioClientBoss.java:152)
	at org.jboss.netty.channel.socket.nio.NioClientBoss.processSelectedKeys(NioClientBoss.java:105)
	at org.jboss.netty.channel.socket.nio.NioClientBoss.process(NioClientBoss.java:79)
	at org.jboss.netty.channel.socket.nio.AbstractNioSelector.run(AbstractNioSelector.java:337)
	at org.jboss.netty.channel.socket.nio.NioClientBoss.run(NioClientBoss.java:42)
	at org.jboss.netty.util.ThreadRenamingRunnable.run(ThreadRenamingRunnable.java:108)
	at org.jboss.netty.util.internal.DeadLockProofWorker$1.run(DeadLockProofWorker.java:42)
	... 3 more
[2016-03-29 17:29:44,526][DEBUG][org.elasticsearch.cluster.service] [node_t3] processing [zen-disco-master_failed ({node_t0}{nMu_6boQR--7IGHETEaC6A}{127.0.0.1}{127.0.0.1:9420}[mode=>network])]: took 5ms done applying updated cluster_state (version: 16, uuid: T4_X8_xyRaWADxjUtjIj6w)
[2016-03-29 17:29:44,528][TRACE][org.elasticsearch.discovery.zen.ping] [node_t3] pingAndWait interrupted
[2016-03-29 17:29:44,528][TRACE][org.elasticsearch.discovery.zen] [node_t3] No full ping responses
[2016-03-29 17:29:44,528][TRACE][org.elasticsearch.discovery.zen] [node_t3] thread is no longer in currentJoinThread. Stopping.
]]></system-out>
   <system-err><![CDATA[]]></system-err>
</testsuite>