<testsuite errors="0" failures="0" tests="5" skipped="0" name="org.elasticsearch.cluster.MinimumMasterNodesIT" hostname="nohost.nodomain" time="9.465" timestamp="2016-04-18T03:03:32">
   <properties class="java.util.ArrayList">
      <property name="awt.toolkit" value="sun.lwawt.macosx.LWCToolkit"/>
      <property name="es.logger.level" value="WARN"/>
      <property name="file.encoding" value="UTF-8"/>
      <property name="file.encoding.pkg" value="sun.io"/>
      <property name="file.separator" value="/"/>
      <property name="ftp.nonProxyHosts" value="local|*.local|169.254/16|*.169.254/16"/>
      <property name="gopherProxySet" value="false"/>
      <property name="http.nonProxyHosts" value="local|*.local|169.254/16|*.169.254/16"/>
      <property name="java.awt.graphicsenv" value="sun.awt.CGraphicsEnvironment"/>
      <property name="java.awt.headless" value="true"/>
      <property name="java.awt.printerjob" value="sun.lwawt.macosx.CPrinterJob"/>
      <property name="java.class.path" value="/Users/lwiskowski/CSE2410_spring2016_projectileDysfunction/core/build/classes/test:/Users/lwiskowski/CSE2410_spring2016_projectileDysfunction/core/build/resources/test:/Users/lwiskowski/CSE2410_spring2016_projectileDysfunction/core/build/classes/main:/Users/lwiskowski/CSE2410_spring2016_projectileDysfunction/core/build/resources/main:/Users/lwiskowski/.gradle/caches/modules-2/files-2.1/org.apache.lucene/lucene-core/5.5.0-snapshot-1721183/f6854c65c7f4c6d9de583f4daa4fd3ae8a3800f1/lucene-core-5.5.0-snapshot-1721183.jar:/Users/lwiskowski/.gradle/caches/modules-2/files-2.1/org.apache.lucene/lucene-analyzers-common/5.5.0-snapshot-1721183/69e187ef1d2d9c9570363eb4186821e0341df5b8/lucene-analyzers-common-5.5.0-snapshot-1721183.jar:/Users/lwiskowski/.gradle/caches/modules-2/files-2.1/org.apache.lucene/lucene-backward-codecs/5.5.0-snapshot-1721183/fa00a45ff9bc6a4df44db81f2e4e44ea94bf88e/lucene-backward-codecs-5.5.0-snapshot-1721183.jar:/Users/lwiskowski/.gradle/caches/modules-2/files-2.1/org.apache.lucene/lucene-grouping/5.5.0-snapshot-1721183/e996e6c723eb415ba2cfa7f5e98bbf194a4918dd/lucene-grouping-5.5.0-snapshot-1721183.jar:/Users/lwiskowski/.gradle/caches/modules-2/files-2.1/org.apache.lucene/lucene-highlighter/5.5.0-snapshot-1721183/3b7a5d97b10885f16eb53deb15d64c942b9f9fdb/lucene-highlighter-5.5.0-snapshot-1721183.jar:/Users/lwiskowski/.gradle/caches/modules-2/files-2.1/org.apache.lucene/lucene-join/5.5.0-snapshot-1721183/e4dda3eeb76e340aa4713a3b20d68c4a1504e505/lucene-join-5.5.0-snapshot-1721183.jar:/Users/lwiskowski/.gradle/caches/modules-2/files-2.1/org.apache.lucene/lucene-memory/5.5.0-snapshot-1721183/800442a5d7612ce4c8748831871b4d436a50554e/lucene-memory-5.5.0-snapshot-1721183.jar:/Users/lwiskowski/.gradle/caches/modules-2/files-2.1/org.apache.lucene/lucene-misc/5.5.0-snapshot-1721183/bdf184de9b5773c7af3ae908af78eeb1e512470c/lucene-misc-5.5.0-snapshot-1721183.jar:/Users/lwiskowski/.gradle/caches/modules-2/files-2.1/org.apache.lucene/lucene-queries/5.5.0-snapshot-1721183/fc59de52bd2c7e420edfd235723cb8b0dd44e92d/lucene-queries-5.5.0-snapshot-1721183.jar:/Users/lwiskowski/.gradle/caches/modules-2/files-2.1/org.apache.lucene/lucene-queryparser/5.5.0-snapshot-1721183/1d341e6a4f11f3170773ccffdbe6815b45967e3d/lucene-queryparser-5.5.0-snapshot-1721183.jar:/Users/lwiskowski/.gradle/caches/modules-2/files-2.1/org.apache.lucene/lucene-sandbox/5.5.0-snapshot-1721183/a1b02c2b595ac92f45f0d2be03841a3a7fcae1f1/lucene-sandbox-5.5.0-snapshot-1721183.jar:/Users/lwiskowski/.gradle/caches/modules-2/files-2.1/org.apache.lucene/lucene-spatial/5.5.0-snapshot-1721183/e3ea422b56734329fb6974e9cf9f66478adb5793/lucene-spatial-5.5.0-snapshot-1721183.jar:/Users/lwiskowski/.gradle/caches/modules-2/files-2.1/org.apache.lucene/lucene-spatial3d/5.5.0-snapshot-1721183/5eadbd4e63120b59ab6445e39489205f98420471/lucene-spatial3d-5.5.0-snapshot-1721183.jar:/Users/lwiskowski/.gradle/caches/modules-2/files-2.1/org.apache.lucene/lucene-suggest/5.5.0-snapshot-1721183/a336287e65d082535f02a8427666dbe46b1b9b74/lucene-suggest-5.5.0-snapshot-1721183.jar:/Users/lwiskowski/.gradle/caches/modules-2/files-2.1/org.elasticsearch/securesm/1.0/c0c6cf986ba0057390bfcc80c366a0e3157f944b/securesm-1.0.jar:/Users/lwiskowski/.gradle/caches/modules-2/files-2.1/commons-cli/commons-cli/1.3.1/1303efbc4b181e5a58bf2e967dc156a3132b97c0/commons-cli-1.3.1.jar:/Users/lwiskowski/.gradle/caches/modules-2/files-2.1/com.carrotsearch/hppc/0.7.1/8b5057f74ea378c0150a1860874a3ebdcb713767/hppc-0.7.1.jar:/Users/lwiskowski/.gradle/caches/modules-2/files-2.1/joda-time/joda-time/2.8.2/d27c24204c5e507b16fec01006b3d0f1ec42aed4/joda-time-2.8.2.jar:/Users/lwiskowski/.gradle/caches/modules-2/files-2.1/org.joda/joda-convert/1.2/35ec554f0cd00c956cc69051514d9488b1374dec/joda-convert-1.2.jar:/Users/lwiskowski/.gradle/caches/modules-2/files-2.1/com.fasterxml.jackson.core/jackson-core/2.6.2/123f29333b2c6b3516b14252b6e93226bfcd6e37/jackson-core-2.6.2.jar:/Users/lwiskowski/.gradle/caches/modules-2/files-2.1/com.fasterxml.jackson.dataformat/jackson-dataformat-smile/2.6.2/395d18c1a1dd730b8026ee59c4067e5d2b45ba6e/jackson-dataformat-smile-2.6.2.jar:/Users/lwiskowski/.gradle/caches/modules-2/files-2.1/com.fasterxml.jackson.dataformat/jackson-dataformat-yaml/2.6.2/4ae23088dd3fae47c66843f2e4251d7255ee140e/jackson-dataformat-yaml-2.6.2.jar:/Users/lwiskowski/.gradle/caches/modules-2/files-2.1/com.fasterxml.jackson.dataformat/jackson-dataformat-cbor/2.6.2/1e13c575f914c83761bb8e2aca7dfd9e4c647579/jackson-dataformat-cbor-2.6.2.jar:/Users/lwiskowski/.gradle/caches/modules-2/files-2.1/io.netty/netty/3.10.5.Final/9ca7d55d246092bddd29b867706e2f6c7db701a0/netty-3.10.5.Final.jar:/Users/lwiskowski/.gradle/caches/modules-2/files-2.1/com.tdunning/t-digest/3.0/84ccf145ac2215e6bfa63baa3101c0af41017cfc/t-digest-3.0.jar:/Users/lwiskowski/.gradle/caches/modules-2/files-2.1/org.hdrhistogram/HdrHistogram/2.1.6/7495feb7f71ee124bd2a7e7d83590e296d71d80e/HdrHistogram-2.1.6.jar:/Users/lwiskowski/.gradle/caches/modules-2/files-2.1/com.spatial4j/spatial4j/0.5/6e16edaf6b1ba76db7f08c2f3723fce3b358ecc3/spatial4j-0.5.jar:/Users/lwiskowski/.gradle/caches/modules-2/files-2.1/com.vividsolutions/jts/1.13/3ccfb9b60f04d71add996a666ceb8902904fd805/jts-1.13.jar:/Users/lwiskowski/.gradle/caches/modules-2/files-2.1/log4j/log4j/1.2.17/5af35056b4d257e4b64b9e8069c0746e8b08629f/log4j-1.2.17.jar:/Users/lwiskowski/.gradle/caches/modules-2/files-2.1/log4j/apache-log4j-extras/1.2.17/85863614d82185d7e51fe21c00aa9117a523a8b6/apache-log4j-extras-1.2.17.jar:/Users/lwiskowski/.gradle/caches/modules-2/files-2.1/org.slf4j/slf4j-api/1.6.2/8619e95939167fb37245b5670135e4feb0ec7d50/slf4j-api-1.6.2.jar:/Users/lwiskowski/.gradle/caches/modules-2/files-2.1/net.java.dev.jna/jna/4.1.0/1c12d070e602efd8021891cdd7fd18bc129372d4/jna-4.1.0.jar:/Users/lwiskowski/CSE2410_spring2016_projectileDysfunction/test/framework/build/libs/framework-3.0.0-SNAPSHOT.jar:/Users/lwiskowski/.gradle/caches/modules-2/files-2.1/com.carrotsearch.randomizedtesting/randomizedtesting-runner/2.3.2/307965917fe8a22b7ee72deba39ef4b8e6ebc069/randomizedtesting-runner-2.3.2.jar:/Users/lwiskowski/.gradle/caches/modules-2/files-2.1/junit/junit/4.11/4e031bb61df09069aeb2bffb4019e7a5034a4ee0/junit-4.11.jar:/Users/lwiskowski/.gradle/caches/modules-2/files-2.1/org.hamcrest/hamcrest-all/1.3/63a21ebc981131004ad02e0434e799fd7f3a8d5a/hamcrest-all-1.3.jar:/Users/lwiskowski/.gradle/caches/modules-2/files-2.1/org.apache.lucene/lucene-test-framework/5.5.0-snapshot-1721183/a8d851d0ad82182b3a02f4b30c336e7aa0e173cb/lucene-test-framework-5.5.0-snapshot-1721183.jar:/Users/lwiskowski/.gradle/caches/modules-2/files-2.1/org.apache.lucene/lucene-codecs/5.5.0-snapshot-1721183/8aa59442b028c7a2c1a516accb6142a8910ba5fc/lucene-codecs-5.5.0-snapshot-1721183.jar:/Users/lwiskowski/.gradle/caches/modules-2/files-2.1/org.apache.httpcomponents/httpclient/4.3.6/4c47155e3e6c9a41a28db36680b828ced53b8af4/httpclient-4.3.6.jar:/Users/lwiskowski/.gradle/caches/modules-2/files-2.1/org.apache.httpcomponents/httpcore/4.3.3/f91b7a4aadc5cf486df6e4634748d7dd7a73f06d/httpcore-4.3.3.jar:/Users/lwiskowski/.gradle/caches/modules-2/files-2.1/commons-logging/commons-logging/1.1.3/f6f66e966c70a83ffbdb6f17a0919eaf7c8aca7f/commons-logging-1.1.3.jar:/Users/lwiskowski/.gradle/caches/modules-2/files-2.1/commons-codec/commons-codec/1.10/4b95f4897fa13f2cd904aee711aeafc0c5295cd8/commons-codec-1.10.jar:/Users/lwiskowski/.gradle/caches/modules-2/files-2.1/org.elasticsearch/securemock/1.2/98201d4ad5ac93f6b415ae9172d52b5e7cda490e/securemock-1.2.jar:/Users/lwiskowski/.gradle/caches/modules-2/files-2.1/com.carrotsearch.randomizedtesting/junit4-ant/2.3.2/dc8f03f6111974092491f35b8269eb0fc57f52f7/junit4-ant-2.3.2.jar"/>
      <property name="java.class.version" value="52.0"/>
      <property name="java.endorsed.dirs" value="/Library/Java/JavaVirtualMachines/jdk1.8.0_71.jdk/Contents/Home/jre/lib/endorsed"/>
      <property name="java.ext.dirs" value="/Users/lwiskowski/Library/Java/Extensions:/Library/Java/JavaVirtualMachines/jdk1.8.0_71.jdk/Contents/Home/jre/lib/ext:/Library/Java/Extensions:/Network/Library/Java/Extensions:/System/Library/Java/Extensions:/usr/lib/java"/>
      <property name="java.home" value="/Library/Java/JavaVirtualMachines/jdk1.8.0_71.jdk/Contents/Home/jre"/>
      <property name="java.io.tmpdir" value="./temp"/>
      <property name="java.library.path" value="/Users/lwiskowski/Library/Java/Extensions:/Library/Java/Extensions:/Network/Library/Java/Extensions:/System/Library/Java/Extensions:/usr/lib/java:."/>
      <property name="java.runtime.name" value="Java(TM) SE Runtime Environment"/>
      <property name="java.runtime.version" value="1.8.0_71-b15"/>
      <property name="java.specification.name" value="Java Platform API Specification"/>
      <property name="java.specification.vendor" value="Oracle Corporation"/>
      <property name="java.specification.version" value="1.8"/>
      <property name="java.vendor" value="Oracle Corporation"/>
      <property name="java.vendor.url" value="http://java.oracle.com/"/>
      <property name="java.vendor.url.bug" value="http://bugreport.sun.com/bugreport/"/>
      <property name="java.version" value="1.8.0_71"/>
      <property name="java.vm.info" value="mixed mode"/>
      <property name="java.vm.name" value="Java HotSpot(TM) 64-Bit Server VM"/>
      <property name="java.vm.specification.name" value="Java Virtual Machine Specification"/>
      <property name="java.vm.specification.vendor" value="Oracle Corporation"/>
      <property name="java.vm.specification.version" value="1.8"/>
      <property name="java.vm.vendor" value="Oracle Corporation"/>
      <property name="java.vm.version" value="25.71-b15"/>
      <property name="junit4.childvm.count" value="4"/>
      <property name="junit4.childvm.cwd" value="/Users/lwiskowski/CSE2410_spring2016_projectileDysfunction/core/build/testrun/integTest/J0"/>
      <property name="junit4.childvm.id" value="0"/>
      <property name="junit4.memory.total" value="514850816"/>
      <property name="junit4.pidString" value="3684@host238-95.aruba.fit.edu"/>
      <property name="junit4.processors" value="8"/>
      <property name="line.separator" value="
"/>
      <property name="os.arch" value="x86_64"/>
      <property name="os.name" value="Mac OS X"/>
      <property name="os.version" value="10.11.4"/>
      <property name="path.separator" value=":"/>
      <property name="socksNonProxyHosts" value="local|*.local|169.254/16|*.169.254/16"/>
      <property name="sun.arch.data.model" value="64"/>
      <property name="sun.boot.class.path" value="/Library/Java/JavaVirtualMachines/jdk1.8.0_71.jdk/Contents/Home/jre/lib/resources.jar:/Library/Java/JavaVirtualMachines/jdk1.8.0_71.jdk/Contents/Home/jre/lib/rt.jar:/Library/Java/JavaVirtualMachines/jdk1.8.0_71.jdk/Contents/Home/jre/lib/sunrsasign.jar:/Library/Java/JavaVirtualMachines/jdk1.8.0_71.jdk/Contents/Home/jre/lib/jsse.jar:/Library/Java/JavaVirtualMachines/jdk1.8.0_71.jdk/Contents/Home/jre/lib/jce.jar:/Library/Java/JavaVirtualMachines/jdk1.8.0_71.jdk/Contents/Home/jre/lib/charsets.jar:/Library/Java/JavaVirtualMachines/jdk1.8.0_71.jdk/Contents/Home/jre/lib/jfr.jar:/Library/Java/JavaVirtualMachines/jdk1.8.0_71.jdk/Contents/Home/jre/classes"/>
      <property name="sun.boot.library.path" value="/Library/Java/JavaVirtualMachines/jdk1.8.0_71.jdk/Contents/Home/jre/lib"/>
      <property name="sun.cpu.endian" value="little"/>
      <property name="sun.cpu.isalist" value=""/>
      <property name="sun.io.unicode.encoding" value="UnicodeBig"/>
      <property name="sun.java.command" value="com.carrotsearch.ant.tasks.junit4.slave.SlaveMainSafe -eventsfile /Users/lwiskowski/CSE2410_spring2016_projectileDysfunction/core/build/testrun/integTest/temp/junit4-J0-20160418_030118_670.events @/Users/lwiskowski/CSE2410_spring2016_projectileDysfunction/core/build/testrun/integTest/temp/junit4-J0-20160418_030118_670.suites -stdin"/>
      <property name="sun.java.launcher" value="SUN_STANDARD"/>
      <property name="sun.jnu.encoding" value="UTF-8"/>
      <property name="sun.management.compiler" value="HotSpot 64-Bit Tiered Compilers"/>
      <property name="sun.os.patch.level" value="unknown"/>
      <property name="tests.artifact" value="core"/>
      <property name="tests.ifNoTests" value="fail"/>
      <property name="tests.maven" value="true"/>
      <property name="tests.prefix" value="tests"/>
      <property name="tests.security.manager" value="true"/>
      <property name="tests.seed" value="AF876320E2D19F69"/>
      <property name="tests.task" value=":core:integTest"/>
      <property name="user.country" value="US"/>
      <property name="user.dir" value="/Users/lwiskowski/CSE2410_spring2016_projectileDysfunction/core/build/testrun/integTest/J0"/>
      <property name="user.home" value="/Users/lwiskowski"/>
      <property name="user.language" value="en"/>
      <property name="user.name" value="lwiskowski"/>
      <property name="user.timezone" value=""/>
   </properties>
   <testcase classname="org.elasticsearch.cluster.MinimumMasterNodesIT" name="testCanNotPublishWithoutMinMastNodes" time="1.532"/>
   <testcase classname="org.elasticsearch.cluster.MinimumMasterNodesIT" name="testSimpleMinimumMasterNodes" time="2.39"/>
   <testcase classname="org.elasticsearch.cluster.MinimumMasterNodesIT" name="testDynamicUpdateMinimumMasterNodes" time="0.948"/>
   <testcase classname="org.elasticsearch.cluster.MinimumMasterNodesIT" name="testMultipleNodesShutdownNonMasterNodes" time="4.319"/>
   <testcase classname="org.elasticsearch.cluster.MinimumMasterNodesIT" name="testCanNotBringClusterDown" time="0.254"/>
   <system-out><![CDATA[[2016-04-18 03:03:33,192][WARN ][org.elasticsearch.cluster.service] [node_t1] failing [test]: failed to commit cluster state version [4]
FailedToCommitClusterStateException[timed out while waiting for enough masters to ack sent cluster state. [1] left]
	at org.elasticsearch.discovery.zen.publish.PublishClusterStateAction$SendingController.waitForCommit(PublishClusterStateAction.java:525)
	at org.elasticsearch.discovery.zen.publish.PublishClusterStateAction.innerPublish(PublishClusterStateAction.java:189)
	at org.elasticsearch.discovery.zen.publish.PublishClusterStateAction.publish(PublishClusterStateAction.java:154)
	at org.elasticsearch.discovery.zen.ZenDiscovery.publish(ZenDiscovery.java:345)
	at sun.reflect.GeneratedMethodAccessor4.invoke(Unknown Source)
	at sun.reflect.DelegatingMethodAccessorImpl.invoke(DelegatingMethodAccessorImpl.java:43)
	at java.lang.reflect.Method.invoke(Method.java:497)
	at org.elasticsearch.common.inject.internal.ConstructionContext$DelegatingInvocationHandler.invoke(ConstructionContext.java:111)
	at com.sun.proxy.$Proxy35.publish(Unknown Source)
	at org.elasticsearch.discovery.DiscoveryService.publish(DiscoveryService.java:130)
	at org.elasticsearch.cluster.service.InternalClusterService.runTasksForExecutor(InternalClusterService.java:574)
	at org.elasticsearch.cluster.service.InternalClusterService$UpdateTask.run(InternalClusterService.java:761)
	at org.elasticsearch.common.util.concurrent.PrioritizedEsThreadPoolExecutor$TieBreakingPrioritizedRunnable.runAndClean(PrioritizedEsThreadPoolExecutor.java:231)
	at org.elasticsearch.common.util.concurrent.PrioritizedEsThreadPoolExecutor$TieBreakingPrioritizedRunnable.run(PrioritizedEsThreadPoolExecutor.java:194)
	at java.util.concurrent.ThreadPoolExecutor.runWorker(ThreadPoolExecutor.java:1142)
	at java.util.concurrent.ThreadPoolExecutor$Worker.run(ThreadPoolExecutor.java:617)
	at java.lang.Thread.run(Thread.java:745)
[2016-04-18 03:03:33,193][WARN ][org.elasticsearch.discovery.zen] [node_t1] failed to publish to min_master_nodes, current nodes: {{node_t1}{NkI7hqBzRzOfNHTVtMPGWQ}{127.0.0.1}{127.0.0.1:9421}[mode=>network],{node_t0}{mNiRdQ63R86ll1up04ykeA}{127.0.0.1}{127.0.0.1:9420}[mode=>network],{node_t2}{stBAgP5WQpSohaswKlJcHg}{127.0.0.1}{127.0.0.1:9422}[mode=>network],}
[2016-04-18 03:03:33,445][WARN ][org.elasticsearch.discovery.zen.ping.unicast] [node_t1] failed to send ping to [{#zen_unicast_1#}{127.0.0.1}{127.0.0.1:9420}]
ReceiveTimeoutTransportException[[node_t0][127.0.0.1:9420][internal:discovery/zen/unicast] request_id [44] timed out after [250ms]]
	at org.elasticsearch.transport.TransportService$TimeoutHandler.run(TransportService.java:626)
	at java.util.concurrent.ThreadPoolExecutor.runWorker(ThreadPoolExecutor.java:1142)
	at java.util.concurrent.ThreadPoolExecutor$Worker.run(ThreadPoolExecutor.java:617)
	at java.lang.Thread.run(Thread.java:745)
[2016-04-18 03:03:34,027][WARN ][org.elasticsearch.discovery.zen] [node_t0] master left (reason = failed to ping, tried [3] times, each with  maximum [1h] timeout), current nodes: {{node_t2}{stBAgP5WQpSohaswKlJcHg}{127.0.0.1}{127.0.0.1:9422}[mode=>network],{node_t0}{mNiRdQ63R86ll1up04ykeA}{127.0.0.1}{127.0.0.1:9420}[mode=>network],}
[2016-04-18 03:03:34,074][WARN ][org.elasticsearch.discovery.zen] [node_t2] master left (reason = failed to ping, tried [3] times, each with  maximum [1h] timeout), current nodes: {{node_t2}{stBAgP5WQpSohaswKlJcHg}{127.0.0.1}{127.0.0.1:9422}[mode=>network],{node_t0}{mNiRdQ63R86ll1up04ykeA}{127.0.0.1}{127.0.0.1:9420}[mode=>network],}
[2016-04-18 03:03:34,264][WARN ][org.elasticsearch.discovery.zen] [node_t2] master left (reason = shut_down), current nodes: {{node_t2}{stBAgP5WQpSohaswKlJcHg}{127.0.0.1}{127.0.0.1:9422}[mode=>network],}
[2016-04-18 03:03:34,288][DEBUG][org.elasticsearch.discovery.zen.elect] [node_t0] using minimum_master_nodes [2]
[2016-04-18 03:03:34,288][DEBUG][org.elasticsearch.discovery.zen.ping.unicast] [node_t0] using initial hosts [127.0.0.1, [::1]], with concurrent_connects [10]
[2016-04-18 03:03:34,288][DEBUG][org.elasticsearch.discovery.zen] [node_t0] using ping_timeout [200ms], join.timeout [4s], master_election.filter_client [true], master_election.filter_data [false]
[2016-04-18 03:03:34,288][DEBUG][org.elasticsearch.discovery.zen.fd] [node_t0] [master] uses ping_interval [1s], ping_timeout [30s], ping_retries [3]
[2016-04-18 03:03:34,288][DEBUG][org.elasticsearch.discovery.zen.fd] [node_t0] [node  ] uses ping_interval [1s], ping_timeout [30s], ping_retries [3]
[2016-04-18 03:03:34,289][DEBUG][org.elasticsearch.gateway] [node_t0] using initial_shards [quorum]
[2016-04-18 03:03:34,294][DEBUG][org.elasticsearch.gateway] [node_t0] took 0s to load state
[2016-04-18 03:03:34,299][TRACE][org.elasticsearch.cluster.service] [node_t0] will process [initial_join]
[2016-04-18 03:03:34,299][DEBUG][org.elasticsearch.cluster.service] [node_t0] processing [initial_join]: execute
[2016-04-18 03:03:34,299][DEBUG][org.elasticsearch.cluster.service] [node_t0] processing [initial_join]: took 0s no change in cluster_state
[2016-04-18 03:03:34,299][TRACE][org.elasticsearch.discovery.zen] [node_t0] starting to accumulate joins
[2016-04-18 03:03:34,299][TRACE][org.elasticsearch.discovery.zen] [node_t0] starting to ping
[2016-04-18 03:03:34,299][TRACE][org.elasticsearch.discovery.zen.ping.unicast] [node_t0] [1] sending to {node_t0}{MSgO3f-9S-yat_4GxxKW6w}{127.0.0.1}{127.0.0.1:9440}[mode=>network]
[2016-04-18 03:03:34,299][TRACE][org.elasticsearch.discovery.zen.ping.unicast] [node_t0] [1] received response from {node_t0}{MSgO3f-9S-yat_4GxxKW6w}{127.0.0.1}{127.0.0.1:9440}[mode=>network]: [ping_response{node [{node_t0}{MSgO3f-9S-yat_4GxxKW6w}{127.0.0.1}{127.0.0.1:9440}[mode=>network]], id[313], master [null], hasJoinedOnce [false], cluster_name[TEST-CHILD_VM=[0]-CLUSTER_SEED=[-7449427405447180618]-HASH=[2645B46835F9]-cluster]}, ping_response{node [{node_t0}{MSgO3f-9S-yat_4GxxKW6w}{127.0.0.1}{127.0.0.1:9440}[mode=>network]], id[314], master [null], hasJoinedOnce [false], cluster_name[TEST-CHILD_VM=[0]-CLUSTER_SEED=[-7449427405447180618]-HASH=[2645B46835F9]-cluster]}]
[2016-04-18 03:03:34,299][TRACE][org.elasticsearch.discovery.zen.ping.unicast] [node_t0] [1] connecting (light) to {#zen_unicast_2#}{127.0.0.1}{127.0.0.1:9441}
[2016-04-18 03:03:34,299][TRACE][org.elasticsearch.discovery.zen.ping.unicast] [node_t0] [1] connecting (light) to {#zen_unicast_3#}{127.0.0.1}{127.0.0.1:9442}
[2016-04-18 03:03:34,300][TRACE][org.elasticsearch.discovery.zen.ping.unicast] [node_t0] [1] connecting (light) to {#zen_unicast_4#}{127.0.0.1}{127.0.0.1:9443}
[2016-04-18 03:03:34,300][TRACE][org.elasticsearch.discovery.zen.ping.unicast] [node_t0] [1] connecting (light) to {#zen_unicast_5#}{127.0.0.1}{127.0.0.1:9444}
[2016-04-18 03:03:34,300][TRACE][org.elasticsearch.discovery.zen.ping.unicast] [node_t0] [1] connecting (light) to {#zen_unicast_6#}{::1}{[::1]:9440}
[2016-04-18 03:03:34,300][TRACE][org.elasticsearch.discovery.zen.ping.unicast] [node_t0] [1] connecting (light) to {#zen_unicast_7#}{::1}{[::1]:9441}
[2016-04-18 03:03:34,300][TRACE][org.elasticsearch.discovery.zen.ping.unicast] [node_t0] [1] connecting (light) to {#zen_unicast_8#}{::1}{[::1]:9442}
[2016-04-18 03:03:34,300][TRACE][org.elasticsearch.discovery.zen.ping.unicast] [node_t0] [1] connecting (light) to {#zen_unicast_9#}{::1}{[::1]:9443}
[2016-04-18 03:03:34,300][TRACE][org.elasticsearch.discovery.zen.ping.unicast] [node_t0] [1] failed to connect to {#zen_unicast_2#}{127.0.0.1}{127.0.0.1:9441}
ConnectTransportException[[][127.0.0.1:9441] connect_timeout[30s]]; nested: ConnectException[Connection refused: /127.0.0.1:9441];
	at org.elasticsearch.transport.netty.NettyTransport.connectToChannelsLight(NettyTransport.java:954)
	at org.elasticsearch.transport.netty.NettyTransport.connectToNode(NettyTransport.java:918)
	at org.elasticsearch.transport.netty.NettyTransport.connectToNodeLight(NettyTransport.java:890)
	at org.elasticsearch.test.transport.MockTransportService$LookupTestTransport.connectToNodeLight(MockTransportService.java:413)
	at org.elasticsearch.transport.TransportService.connectToNodeLight(TransportService.java:242)
	at org.elasticsearch.discovery.zen.ping.unicast.UnicastZenPing$3.run(UnicastZenPing.java:395)
	at java.util.concurrent.ThreadPoolExecutor.runWorker(ThreadPoolExecutor.java:1142)
	at java.util.concurrent.ThreadPoolExecutor$Worker.run(ThreadPoolExecutor.java:617)
	at java.lang.Thread.run(Thread.java:745)
Caused by: java.net.ConnectException: Connection refused: /127.0.0.1:9441
	at sun.nio.ch.SocketChannelImpl.checkConnect(Native Method)
	at sun.nio.ch.SocketChannelImpl.finishConnect(SocketChannelImpl.java:717)
	at org.jboss.netty.channel.socket.nio.NioClientBoss.connect(NioClientBoss.java:152)
	at org.jboss.netty.channel.socket.nio.NioClientBoss.processSelectedKeys(NioClientBoss.java:105)
	at org.jboss.netty.channel.socket.nio.NioClientBoss.process(NioClientBoss.java:79)
	at org.jboss.netty.channel.socket.nio.AbstractNioSelector.run(AbstractNioSelector.java:337)
	at org.jboss.netty.channel.socket.nio.NioClientBoss.run(NioClientBoss.java:42)
	at org.jboss.netty.util.ThreadRenamingRunnable.run(ThreadRenamingRunnable.java:108)
	at org.jboss.netty.util.internal.DeadLockProofWorker$1.run(DeadLockProofWorker.java:42)
	... 3 more
[2016-04-18 03:03:34,301][TRACE][org.elasticsearch.discovery.zen.ping.unicast] [node_t0] [1] failed to connect to {#zen_unicast_3#}{127.0.0.1}{127.0.0.1:9442}
ConnectTransportException[[][127.0.0.1:9442] connect_timeout[30s]]; nested: ConnectException[Connection refused: /127.0.0.1:9442];
	at org.elasticsearch.transport.netty.NettyTransport.connectToChannelsLight(NettyTransport.java:954)
	at org.elasticsearch.transport.netty.NettyTransport.connectToNode(NettyTransport.java:918)
	at org.elasticsearch.transport.netty.NettyTransport.connectToNodeLight(NettyTransport.java:890)
	at org.elasticsearch.test.transport.MockTransportService$LookupTestTransport.connectToNodeLight(MockTransportService.java:413)
	at org.elasticsearch.transport.TransportService.connectToNodeLight(TransportService.java:242)
	at org.elasticsearch.discovery.zen.ping.unicast.UnicastZenPing$3.run(UnicastZenPing.java:395)
	at java.util.concurrent.ThreadPoolExecutor.runWorker(ThreadPoolExecutor.java:1142)
	at java.util.concurrent.ThreadPoolExecutor$Worker.run(ThreadPoolExecutor.java:617)
	at java.lang.Thread.run(Thread.java:745)
Caused by: java.net.ConnectException: Connection refused: /127.0.0.1:9442
	at sun.nio.ch.SocketChannelImpl.checkConnect(Native Method)
	at sun.nio.ch.SocketChannelImpl.finishConnect(SocketChannelImpl.java:717)
	at org.jboss.netty.channel.socket.nio.NioClientBoss.connect(NioClientBoss.java:152)
	at org.jboss.netty.channel.socket.nio.NioClientBoss.processSelectedKeys(NioClientBoss.java:105)
	at org.jboss.netty.channel.socket.nio.NioClientBoss.process(NioClientBoss.java:79)
	at org.jboss.netty.channel.socket.nio.AbstractNioSelector.run(AbstractNioSelector.java:337)
	at org.jboss.netty.channel.socket.nio.NioClientBoss.run(NioClientBoss.java:42)
	at org.jboss.netty.util.ThreadRenamingRunnable.run(ThreadRenamingRunnable.java:108)
	at org.jboss.netty.util.internal.DeadLockProofWorker$1.run(DeadLockProofWorker.java:42)
	... 3 more
[2016-04-18 03:03:34,301][TRACE][org.elasticsearch.discovery.zen.ping.unicast] [node_t0] [1] failed to connect to {#zen_unicast_9#}{::1}{[::1]:9443}
ConnectTransportException[[][[::1]:9443] connect_timeout[30s]]; nested: ConnectException[Connection refused: /0:0:0:0:0:0:0:1:9443];
	at org.elasticsearch.transport.netty.NettyTransport.connectToChannelsLight(NettyTransport.java:954)
	at org.elasticsearch.transport.netty.NettyTransport.connectToNode(NettyTransport.java:918)
	at org.elasticsearch.transport.netty.NettyTransport.connectToNodeLight(NettyTransport.java:890)
	at org.elasticsearch.test.transport.MockTransportService$LookupTestTransport.connectToNodeLight(MockTransportService.java:413)
	at org.elasticsearch.transport.TransportService.connectToNodeLight(TransportService.java:242)
	at org.elasticsearch.discovery.zen.ping.unicast.UnicastZenPing$3.run(UnicastZenPing.java:395)
	at java.util.concurrent.ThreadPoolExecutor.runWorker(ThreadPoolExecutor.java:1142)
	at java.util.concurrent.ThreadPoolExecutor$Worker.run(ThreadPoolExecutor.java:617)
	at java.lang.Thread.run(Thread.java:745)
Caused by: java.net.ConnectException: Connection refused: /0:0:0:0:0:0:0:1:9443
	at sun.nio.ch.SocketChannelImpl.checkConnect(Native Method)
	at sun.nio.ch.SocketChannelImpl.finishConnect(SocketChannelImpl.java:717)
	at org.jboss.netty.channel.socket.nio.NioClientBoss.connect(NioClientBoss.java:152)
	at org.jboss.netty.channel.socket.nio.NioClientBoss.processSelectedKeys(NioClientBoss.java:105)
	at org.jboss.netty.channel.socket.nio.NioClientBoss.process(NioClientBoss.java:79)
	at org.jboss.netty.channel.socket.nio.AbstractNioSelector.run(AbstractNioSelector.java:337)
	at org.jboss.netty.channel.socket.nio.NioClientBoss.run(NioClientBoss.java:42)
	at org.jboss.netty.util.ThreadRenamingRunnable.run(ThreadRenamingRunnable.java:108)
	at org.jboss.netty.util.internal.DeadLockProofWorker$1.run(DeadLockProofWorker.java:42)
	... 3 more
[2016-04-18 03:03:34,301][TRACE][org.elasticsearch.discovery.zen.ping.unicast] [node_t0] [1] failed to connect to {#zen_unicast_5#}{127.0.0.1}{127.0.0.1:9444}
ConnectTransportException[[][127.0.0.1:9444] connect_timeout[30s]]; nested: ConnectException[Connection refused: /127.0.0.1:9444];
	at org.elasticsearch.transport.netty.NettyTransport.connectToChannelsLight(NettyTransport.java:954)
	at org.elasticsearch.transport.netty.NettyTransport.connectToNode(NettyTransport.java:918)
	at org.elasticsearch.transport.netty.NettyTransport.connectToNodeLight(NettyTransport.java:890)
	at org.elasticsearch.test.transport.MockTransportService$LookupTestTransport.connectToNodeLight(MockTransportService.java:413)
	at org.elasticsearch.transport.TransportService.connectToNodeLight(TransportService.java:242)
	at org.elasticsearch.discovery.zen.ping.unicast.UnicastZenPing$3.run(UnicastZenPing.java:395)
	at java.util.concurrent.ThreadPoolExecutor.runWorker(ThreadPoolExecutor.java:1142)
	at java.util.concurrent.ThreadPoolExecutor$Worker.run(ThreadPoolExecutor.java:617)
	at java.lang.Thread.run(Thread.java:745)
Caused by: java.net.ConnectException: Connection refused: /127.0.0.1:9444
	at sun.nio.ch.SocketChannelImpl.checkConnect(Native Method)
	at sun.nio.ch.SocketChannelImpl.finishConnect(SocketChannelImpl.java:717)
	at org.jboss.netty.channel.socket.nio.NioClientBoss.connect(NioClientBoss.java:152)
	at org.jboss.netty.channel.socket.nio.NioClientBoss.processSelectedKeys(NioClientBoss.java:105)
	at org.jboss.netty.channel.socket.nio.NioClientBoss.process(NioClientBoss.java:79)
	at org.jboss.netty.channel.socket.nio.AbstractNioSelector.run(AbstractNioSelector.java:337)
	at org.jboss.netty.channel.socket.nio.NioClientBoss.run(NioClientBoss.java:42)
	at org.jboss.netty.util.ThreadRenamingRunnable.run(ThreadRenamingRunnable.java:108)
	at org.jboss.netty.util.internal.DeadLockProofWorker$1.run(DeadLockProofWorker.java:42)
	... 3 more
[2016-04-18 03:03:34,301][TRACE][org.elasticsearch.discovery.zen.ping.unicast] [node_t0] [1] failed to connect to {#zen_unicast_4#}{127.0.0.1}{127.0.0.1:9443}
ConnectTransportException[[][127.0.0.1:9443] connect_timeout[30s]]; nested: ConnectException[Connection refused: /127.0.0.1:9443];
	at org.elasticsearch.transport.netty.NettyTransport.connectToChannelsLight(NettyTransport.java:954)
	at org.elasticsearch.transport.netty.NettyTransport.connectToNode(NettyTransport.java:918)
	at org.elasticsearch.transport.netty.NettyTransport.connectToNodeLight(NettyTransport.java:890)
	at org.elasticsearch.test.transport.MockTransportService$LookupTestTransport.connectToNodeLight(MockTransportService.java:413)
	at org.elasticsearch.transport.TransportService.connectToNodeLight(TransportService.java:242)
	at org.elasticsearch.discovery.zen.ping.unicast.UnicastZenPing$3.run(UnicastZenPing.java:395)
	at java.util.concurrent.ThreadPoolExecutor.runWorker(ThreadPoolExecutor.java:1142)
	at java.util.concurrent.ThreadPoolExecutor$Worker.run(ThreadPoolExecutor.java:617)
	at java.lang.Thread.run(Thread.java:745)
Caused by: java.net.ConnectException: Connection refused: /127.0.0.1:9443
	at sun.nio.ch.SocketChannelImpl.checkConnect(Native Method)
	at sun.nio.ch.SocketChannelImpl.finishConnect(SocketChannelImpl.java:717)
	at org.jboss.netty.channel.socket.nio.NioClientBoss.connect(NioClientBoss.java:152)
	at org.jboss.netty.channel.socket.nio.NioClientBoss.processSelectedKeys(NioClientBoss.java:105)
	at org.jboss.netty.channel.socket.nio.NioClientBoss.process(NioClientBoss.java:79)
	at org.jboss.netty.channel.socket.nio.AbstractNioSelector.run(AbstractNioSelector.java:337)
	at org.jboss.netty.channel.socket.nio.NioClientBoss.run(NioClientBoss.java:42)
	at org.jboss.netty.util.ThreadRenamingRunnable.run(ThreadRenamingRunnable.java:108)
	at org.jboss.netty.util.internal.DeadLockProofWorker$1.run(DeadLockProofWorker.java:42)
	... 3 more
[2016-04-18 03:03:34,300][TRACE][org.elasticsearch.discovery.zen.ping.unicast] [node_t0] [1] connecting (light) to {#zen_unicast_10#}{::1}{[::1]:9444}
[2016-04-18 03:03:34,300][TRACE][org.elasticsearch.discovery.zen.ping.unicast] [node_t0] [1] sending to {node_t0}{MSgO3f-9S-yat_4GxxKW6w}{127.0.0.1}{127.0.0.1:9440}[mode=>network]
[2016-04-18 03:03:34,301][TRACE][org.elasticsearch.discovery.zen.ping.unicast] [node_t0] [1] connected to {#zen_unicast_6#}{::1}{[::1]:9440}
[2016-04-18 03:03:34,302][TRACE][org.elasticsearch.discovery.zen.ping.unicast] [node_t0] [1] sending to {#zen_unicast_6#}{::1}{[::1]:9440}
[2016-04-18 03:03:34,301][TRACE][org.elasticsearch.discovery.zen.ping.unicast] [node_t0] [1] failed to connect to {#zen_unicast_7#}{::1}{[::1]:9441}
ConnectTransportException[[][[::1]:9441] connect_timeout[30s]]; nested: ConnectException[Connection refused: /0:0:0:0:0:0:0:1:9441];
	at org.elasticsearch.transport.netty.NettyTransport.connectToChannelsLight(NettyTransport.java:954)
	at org.elasticsearch.transport.netty.NettyTransport.connectToNode(NettyTransport.java:918)
	at org.elasticsearch.transport.netty.NettyTransport.connectToNodeLight(NettyTransport.java:890)
	at org.elasticsearch.test.transport.MockTransportService$LookupTestTransport.connectToNodeLight(MockTransportService.java:413)
	at org.elasticsearch.transport.TransportService.connectToNodeLight(TransportService.java:242)
	at org.elasticsearch.discovery.zen.ping.unicast.UnicastZenPing$3.run(UnicastZenPing.java:395)
	at java.util.concurrent.ThreadPoolExecutor.runWorker(ThreadPoolExecutor.java:1142)
	at java.util.concurrent.ThreadPoolExecutor$Worker.run(ThreadPoolExecutor.java:617)
	at java.lang.Thread.run(Thread.java:745)
Caused by: java.net.ConnectException: Connection refused: /0:0:0:0:0:0:0:1:9441
	at sun.nio.ch.SocketChannelImpl.checkConnect(Native Method)
	at sun.nio.ch.SocketChannelImpl.finishConnect(SocketChannelImpl.java:717)
	at org.jboss.netty.channel.socket.nio.NioClientBoss.connect(NioClientBoss.java:152)
	at org.jboss.netty.channel.socket.nio.NioClientBoss.processSelectedKeys(NioClientBoss.java:105)
	at org.jboss.netty.channel.socket.nio.NioClientBoss.process(NioClientBoss.java:79)
	at org.jboss.netty.channel.socket.nio.AbstractNioSelector.run(AbstractNioSelector.java:337)
	at org.jboss.netty.channel.socket.nio.NioClientBoss.run(NioClientBoss.java:42)
	at org.jboss.netty.util.ThreadRenamingRunnable.run(ThreadRenamingRunnable.java:108)
	at org.jboss.netty.util.internal.DeadLockProofWorker$1.run(DeadLockProofWorker.java:42)
	... 3 more
[2016-04-18 03:03:34,301][TRACE][org.elasticsearch.discovery.zen.ping.unicast] [node_t0] [1] failed to connect to {#zen_unicast_8#}{::1}{[::1]:9442}
ConnectTransportException[[][[::1]:9442] connect_timeout[30s]]; nested: ConnectException[Connection refused: /0:0:0:0:0:0:0:1:9442];
	at org.elasticsearch.transport.netty.NettyTransport.connectToChannelsLight(NettyTransport.java:954)
	at org.elasticsearch.transport.netty.NettyTransport.connectToNode(NettyTransport.java:918)
	at org.elasticsearch.transport.netty.NettyTransport.connectToNodeLight(NettyTransport.java:890)
	at org.elasticsearch.test.transport.MockTransportService$LookupTestTransport.connectToNodeLight(MockTransportService.java:413)
	at org.elasticsearch.transport.TransportService.connectToNodeLight(TransportService.java:242)
	at org.elasticsearch.discovery.zen.ping.unicast.UnicastZenPing$3.run(UnicastZenPing.java:395)
	at java.util.concurrent.ThreadPoolExecutor.runWorker(ThreadPoolExecutor.java:1142)
	at java.util.concurrent.ThreadPoolExecutor$Worker.run(ThreadPoolExecutor.java:617)
	at java.lang.Thread.run(Thread.java:745)
Caused by: java.net.ConnectException: Connection refused: /0:0:0:0:0:0:0:1:9442
	at sun.nio.ch.SocketChannelImpl.checkConnect(Native Method)
	at sun.nio.ch.SocketChannelImpl.finishConnect(SocketChannelImpl.java:717)
	at org.jboss.netty.channel.socket.nio.NioClientBoss.connect(NioClientBoss.java:152)
	at org.jboss.netty.channel.socket.nio.NioClientBoss.processSelectedKeys(NioClientBoss.java:105)
	at org.jboss.netty.channel.socket.nio.NioClientBoss.process(NioClientBoss.java:79)
	at org.jboss.netty.channel.socket.nio.AbstractNioSelector.run(AbstractNioSelector.java:337)
	at org.jboss.netty.channel.socket.nio.NioClientBoss.run(NioClientBoss.java:42)
	at org.jboss.netty.util.ThreadRenamingRunnable.run(ThreadRenamingRunnable.java:108)
	at org.jboss.netty.util.internal.DeadLockProofWorker$1.run(DeadLockProofWorker.java:42)
	... 3 more
[2016-04-18 03:03:34,302][TRACE][org.elasticsearch.discovery.zen.ping.unicast] [node_t0] [1] failed to connect to {#zen_unicast_10#}{::1}{[::1]:9444}
ConnectTransportException[[][[::1]:9444] connect_timeout[30s]]; nested: ConnectException[Connection refused: /0:0:0:0:0:0:0:1:9444];
	at org.elasticsearch.transport.netty.NettyTransport.connectToChannelsLight(NettyTransport.java:954)
	at org.elasticsearch.transport.netty.NettyTransport.connectToNode(NettyTransport.java:918)
	at org.elasticsearch.transport.netty.NettyTransport.connectToNodeLight(NettyTransport.java:890)
	at org.elasticsearch.test.transport.MockTransportService$LookupTestTransport.connectToNodeLight(MockTransportService.java:413)
	at org.elasticsearch.transport.TransportService.connectToNodeLight(TransportService.java:242)
	at org.elasticsearch.discovery.zen.ping.unicast.UnicastZenPing$3.run(UnicastZenPing.java:395)
	at java.util.concurrent.ThreadPoolExecutor.runWorker(ThreadPoolExecutor.java:1142)
	at java.util.concurrent.ThreadPoolExecutor$Worker.run(ThreadPoolExecutor.java:617)
	at java.lang.Thread.run(Thread.java:745)
Caused by: java.net.ConnectException: Connection refused: /0:0:0:0:0:0:0:1:9444
	at sun.nio.ch.SocketChannelImpl.checkConnect(Native Method)
	at sun.nio.ch.SocketChannelImpl.finishConnect(SocketChannelImpl.java:717)
	at org.jboss.netty.channel.socket.nio.NioClientBoss.connect(NioClientBoss.java:152)
	at org.jboss.netty.channel.socket.nio.NioClientBoss.processSelectedKeys(NioClientBoss.java:105)
	at org.jboss.netty.channel.socket.nio.NioClientBoss.process(NioClientBoss.java:79)
	at org.jboss.netty.channel.socket.nio.AbstractNioSelector.run(AbstractNioSelector.java:337)
	at org.jboss.netty.channel.socket.nio.NioClientBoss.run(NioClientBoss.java:42)
	at org.jboss.netty.util.ThreadRenamingRunnable.run(ThreadRenamingRunnable.java:108)
	at org.jboss.netty.util.internal.DeadLockProofWorker$1.run(DeadLockProofWorker.java:42)
	... 3 more
[2016-04-18 03:03:34,302][TRACE][org.elasticsearch.discovery.zen.ping.unicast] [node_t0] [1] received response from {node_t0}{MSgO3f-9S-yat_4GxxKW6w}{127.0.0.1}{127.0.0.1:9440}[mode=>network]: [ping_response{node [{node_t0}{MSgO3f-9S-yat_4GxxKW6w}{127.0.0.1}{127.0.0.1:9440}[mode=>network]], id[313], master [null], hasJoinedOnce [false], cluster_name[TEST-CHILD_VM=[0]-CLUSTER_SEED=[-7449427405447180618]-HASH=[2645B46835F9]-cluster]}, ping_response{node [{node_t0}{MSgO3f-9S-yat_4GxxKW6w}{127.0.0.1}{127.0.0.1:9440}[mode=>network]], id[313], master [null], hasJoinedOnce [false], cluster_name[TEST-CHILD_VM=[0]-CLUSTER_SEED=[-7449427405447180618]-HASH=[2645B46835F9]-cluster]}, ping_response{node [{node_t0}{MSgO3f-9S-yat_4GxxKW6w}{127.0.0.1}{127.0.0.1:9440}[mode=>network]], id[315], master [null], hasJoinedOnce [false], cluster_name[TEST-CHILD_VM=[0]-CLUSTER_SEED=[-7449427405447180618]-HASH=[2645B46835F9]-cluster]}]
[2016-04-18 03:03:34,303][TRACE][org.elasticsearch.discovery.zen.ping.unicast] [node_t0] [1] received response from {#zen_unicast_6#}{::1}{[::1]:9440}: [ping_response{node [{node_t0}{MSgO3f-9S-yat_4GxxKW6w}{127.0.0.1}{127.0.0.1:9440}[mode=>network]], id[313], master [null], hasJoinedOnce [false], cluster_name[TEST-CHILD_VM=[0]-CLUSTER_SEED=[-7449427405447180618]-HASH=[2645B46835F9]-cluster]}, ping_response{node [{node_t0}{MSgO3f-9S-yat_4GxxKW6w}{127.0.0.1}{127.0.0.1:9440}[mode=>network]], id[313], master [null], hasJoinedOnce [false], cluster_name[TEST-CHILD_VM=[0]-CLUSTER_SEED=[-7449427405447180618]-HASH=[2645B46835F9]-cluster]}, ping_response{node [{node_t0}{MSgO3f-9S-yat_4GxxKW6w}{127.0.0.1}{127.0.0.1:9440}[mode=>network]], id[313], master [null], hasJoinedOnce [false], cluster_name[TEST-CHILD_VM=[0]-CLUSTER_SEED=[-7449427405447180618]-HASH=[2645B46835F9]-cluster]}, ping_response{node [{node_t0}{MSgO3f-9S-yat_4GxxKW6w}{127.0.0.1}{127.0.0.1:9440}[mode=>network]], id[316], master [null], hasJoinedOnce [false], cluster_name[TEST-CHILD_VM=[0]-CLUSTER_SEED=[-7449427405447180618]-HASH=[2645B46835F9]-cluster]}]
[2016-04-18 03:03:34,404][TRACE][org.elasticsearch.discovery.zen.ping.unicast] [node_t0] [1] sending to {node_t0}{MSgO3f-9S-yat_4GxxKW6w}{127.0.0.1}{127.0.0.1:9440}[mode=>network]
[2016-04-18 03:03:34,404][TRACE][org.elasticsearch.discovery.zen.ping.unicast] [node_t0] [1] received response from {node_t0}{MSgO3f-9S-yat_4GxxKW6w}{127.0.0.1}{127.0.0.1:9440}[mode=>network]: [ping_response{node [{node_t0}{MSgO3f-9S-yat_4GxxKW6w}{127.0.0.1}{127.0.0.1:9440}[mode=>network]], id[313], master [null], hasJoinedOnce [false], cluster_name[TEST-CHILD_VM=[0]-CLUSTER_SEED=[-7449427405447180618]-HASH=[2645B46835F9]-cluster]}, ping_response{node [{node_t0}{MSgO3f-9S-yat_4GxxKW6w}{127.0.0.1}{127.0.0.1:9440}[mode=>network]], id[313], master [null], hasJoinedOnce [false], cluster_name[TEST-CHILD_VM=[0]-CLUSTER_SEED=[-7449427405447180618]-HASH=[2645B46835F9]-cluster]}, ping_response{node [{node_t0}{MSgO3f-9S-yat_4GxxKW6w}{127.0.0.1}{127.0.0.1:9440}[mode=>network]], id[313], master [null], hasJoinedOnce [false], cluster_name[TEST-CHILD_VM=[0]-CLUSTER_SEED=[-7449427405447180618]-HASH=[2645B46835F9]-cluster]}, ping_response{node [{node_t0}{MSgO3f-9S-yat_4GxxKW6w}{127.0.0.1}{127.0.0.1:9440}[mode=>network]], id[317], master [null], hasJoinedOnce [false], cluster_name[TEST-CHILD_VM=[0]-CLUSTER_SEED=[-7449427405447180618]-HASH=[2645B46835F9]-cluster]}, ping_response{node [{node_t0}{MSgO3f-9S-yat_4GxxKW6w}{127.0.0.1}{127.0.0.1:9440}[mode=>network]], id[318], master [null], hasJoinedOnce [false], cluster_name[TEST-CHILD_VM=[0]-CLUSTER_SEED=[-7449427405447180618]-HASH=[2645B46835F9]-cluster]}]
[2016-04-18 03:03:34,404][TRACE][org.elasticsearch.discovery.zen.ping.unicast] [node_t0] [1] connecting (light) to {#zen_unicast_3#}{127.0.0.1}{127.0.0.1:9442}
[2016-04-18 03:03:34,404][TRACE][org.elasticsearch.discovery.zen.ping.unicast] [node_t0] [1] sending to {#zen_unicast_6#}{::1}{[::1]:9440}
[2016-04-18 03:03:34,404][TRACE][org.elasticsearch.discovery.zen.ping.unicast] [node_t0] [1] connecting (light) to {#zen_unicast_5#}{127.0.0.1}{127.0.0.1:9444}
[2016-04-18 03:03:34,404][TRACE][org.elasticsearch.discovery.zen.ping.unicast] [node_t0] [1] connecting (light) to {#zen_unicast_2#}{127.0.0.1}{127.0.0.1:9441}
[2016-04-18 03:03:34,405][TRACE][org.elasticsearch.discovery.zen.ping.unicast] [node_t0] [1] sending to {node_t0}{MSgO3f-9S-yat_4GxxKW6w}{127.0.0.1}{127.0.0.1:9440}[mode=>network]
[2016-04-18 03:03:34,405][TRACE][org.elasticsearch.discovery.zen.ping.unicast] [node_t0] [1] connecting (light) to {#zen_unicast_9#}{::1}{[::1]:9443}
[2016-04-18 03:03:34,405][TRACE][org.elasticsearch.discovery.zen.ping.unicast] [node_t0] [1] connecting (light) to {#zen_unicast_10#}{::1}{[::1]:9444}
[2016-04-18 03:03:34,405][TRACE][org.elasticsearch.discovery.zen.ping.unicast] [node_t0] [1] received response from {node_t0}{MSgO3f-9S-yat_4GxxKW6w}{127.0.0.1}{127.0.0.1:9440}[mode=>network]: [ping_response{node [{node_t0}{MSgO3f-9S-yat_4GxxKW6w}{127.0.0.1}{127.0.0.1:9440}[mode=>network]], id[313], master [null], hasJoinedOnce [false], cluster_name[TEST-CHILD_VM=[0]-CLUSTER_SEED=[-7449427405447180618]-HASH=[2645B46835F9]-cluster]}, ping_response{node [{node_t0}{MSgO3f-9S-yat_4GxxKW6w}{127.0.0.1}{127.0.0.1:9440}[mode=>network]], id[313], master [null], hasJoinedOnce [false], cluster_name[TEST-CHILD_VM=[0]-CLUSTER_SEED=[-7449427405447180618]-HASH=[2645B46835F9]-cluster]}, ping_response{node [{node_t0}{MSgO3f-9S-yat_4GxxKW6w}{127.0.0.1}{127.0.0.1:9440}[mode=>network]], id[313], master [null], hasJoinedOnce [false], cluster_name[TEST-CHILD_VM=[0]-CLUSTER_SEED=[-7449427405447180618]-HASH=[2645B46835F9]-cluster]}, ping_response{node [{node_t0}{MSgO3f-9S-yat_4GxxKW6w}{127.0.0.1}{127.0.0.1:9440}[mode=>network]], id[317], master [null], hasJoinedOnce [false], cluster_name[TEST-CHILD_VM=[0]-CLUSTER_SEED=[-7449427405447180618]-HASH=[2645B46835F9]-cluster]}, ping_response{node [{node_t0}{MSgO3f-9S-yat_4GxxKW6w}{127.0.0.1}{127.0.0.1:9440}[mode=>network]], id[317], master [null], hasJoinedOnce [false], cluster_name[TEST-CHILD_VM=[0]-CLUSTER_SEED=[-7449427405447180618]-HASH=[2645B46835F9]-cluster]}, ping_response{node [{node_t0}{MSgO3f-9S-yat_4GxxKW6w}{127.0.0.1}{127.0.0.1:9440}[mode=>network]], id[319], master [null], hasJoinedOnce [false], cluster_name[TEST-CHILD_VM=[0]-CLUSTER_SEED=[-7449427405447180618]-HASH=[2645B46835F9]-cluster]}]
[2016-04-18 03:03:34,404][TRACE][org.elasticsearch.discovery.zen.ping.unicast] [node_t0] [1] connecting (light) to {#zen_unicast_4#}{127.0.0.1}{127.0.0.1:9443}
[2016-04-18 03:03:34,405][TRACE][org.elasticsearch.discovery.zen.ping.unicast] [node_t0] [1] connecting (light) to {#zen_unicast_7#}{::1}{[::1]:9441}
[2016-04-18 03:03:34,405][TRACE][org.elasticsearch.discovery.zen.ping.unicast] [node_t0] [1] connecting (light) to {#zen_unicast_8#}{::1}{[::1]:9442}
[2016-04-18 03:03:34,405][TRACE][org.elasticsearch.discovery.zen.ping.unicast] [node_t0] [1] failed to connect to {#zen_unicast_3#}{127.0.0.1}{127.0.0.1:9442}
ConnectTransportException[[][127.0.0.1:9442] connect_timeout[30s]]; nested: ConnectException[Connection refused: /127.0.0.1:9442];
	at org.elasticsearch.transport.netty.NettyTransport.connectToChannelsLight(NettyTransport.java:954)
	at org.elasticsearch.transport.netty.NettyTransport.connectToNode(NettyTransport.java:918)
	at org.elasticsearch.transport.netty.NettyTransport.connectToNodeLight(NettyTransport.java:890)
	at org.elasticsearch.test.transport.MockTransportService$LookupTestTransport.connectToNodeLight(MockTransportService.java:413)
	at org.elasticsearch.transport.TransportService.connectToNodeLight(TransportService.java:242)
	at org.elasticsearch.discovery.zen.ping.unicast.UnicastZenPing$3.run(UnicastZenPing.java:395)
	at java.util.concurrent.ThreadPoolExecutor.runWorker(ThreadPoolExecutor.java:1142)
	at java.util.concurrent.ThreadPoolExecutor$Worker.run(ThreadPoolExecutor.java:617)
	at java.lang.Thread.run(Thread.java:745)
Caused by: java.net.ConnectException: Connection refused: /127.0.0.1:9442
	at sun.nio.ch.SocketChannelImpl.checkConnect(Native Method)
	at sun.nio.ch.SocketChannelImpl.finishConnect(SocketChannelImpl.java:717)
	at org.jboss.netty.channel.socket.nio.NioClientBoss.connect(NioClientBoss.java:152)
	at org.jboss.netty.channel.socket.nio.NioClientBoss.processSelectedKeys(NioClientBoss.java:105)
	at org.jboss.netty.channel.socket.nio.NioClientBoss.process(NioClientBoss.java:79)
	at org.jboss.netty.channel.socket.nio.AbstractNioSelector.run(AbstractNioSelector.java:337)
	at org.jboss.netty.channel.socket.nio.NioClientBoss.run(NioClientBoss.java:42)
	at org.jboss.netty.util.ThreadRenamingRunnable.run(ThreadRenamingRunnable.java:108)
	at org.jboss.netty.util.internal.DeadLockProofWorker$1.run(DeadLockProofWorker.java:42)
	... 3 more
[2016-04-18 03:03:34,406][TRACE][org.elasticsearch.discovery.zen.ping.unicast] [node_t0] [1] failed to connect to {#zen_unicast_2#}{127.0.0.1}{127.0.0.1:9441}
ConnectTransportException[[][127.0.0.1:9441] connect_timeout[30s]]; nested: ConnectException[Connection refused: /127.0.0.1:9441];
	at org.elasticsearch.transport.netty.NettyTransport.connectToChannelsLight(NettyTransport.java:954)
	at org.elasticsearch.transport.netty.NettyTransport.connectToNode(NettyTransport.java:918)
	at org.elasticsearch.transport.netty.NettyTransport.connectToNodeLight(NettyTransport.java:890)
	at org.elasticsearch.test.transport.MockTransportService$LookupTestTransport.connectToNodeLight(MockTransportService.java:413)
	at org.elasticsearch.transport.TransportService.connectToNodeLight(TransportService.java:242)
	at org.elasticsearch.discovery.zen.ping.unicast.UnicastZenPing$3.run(UnicastZenPing.java:395)
	at java.util.concurrent.ThreadPoolExecutor.runWorker(ThreadPoolExecutor.java:1142)
	at java.util.concurrent.ThreadPoolExecutor$Worker.run(ThreadPoolExecutor.java:617)
	at java.lang.Thread.run(Thread.java:745)
Caused by: java.net.ConnectException: Connection refused: /127.0.0.1:9441
	at sun.nio.ch.SocketChannelImpl.checkConnect(Native Method)
	at sun.nio.ch.SocketChannelImpl.finishConnect(SocketChannelImpl.java:717)
	at org.jboss.netty.channel.socket.nio.NioClientBoss.connect(NioClientBoss.java:152)
	at org.jboss.netty.channel.socket.nio.NioClientBoss.processSelectedKeys(NioClientBoss.java:105)
	at org.jboss.netty.channel.socket.nio.NioClientBoss.process(NioClientBoss.java:79)
	at org.jboss.netty.channel.socket.nio.AbstractNioSelector.run(AbstractNioSelector.java:337)
	at org.jboss.netty.channel.socket.nio.NioClientBoss.run(NioClientBoss.java:42)
	at org.jboss.netty.util.ThreadRenamingRunnable.run(ThreadRenamingRunnable.java:108)
	at org.jboss.netty.util.internal.DeadLockProofWorker$1.run(DeadLockProofWorker.java:42)
	... 3 more
[2016-04-18 03:03:34,406][TRACE][org.elasticsearch.discovery.zen.ping.unicast] [node_t0] [1] failed to connect to {#zen_unicast_10#}{::1}{[::1]:9444}
ConnectTransportException[[][[::1]:9444] connect_timeout[30s]]; nested: ConnectException[Connection refused: /0:0:0:0:0:0:0:1:9444];
	at org.elasticsearch.transport.netty.NettyTransport.connectToChannelsLight(NettyTransport.java:954)
	at org.elasticsearch.transport.netty.NettyTransport.connectToNode(NettyTransport.java:918)
	at org.elasticsearch.transport.netty.NettyTransport.connectToNodeLight(NettyTransport.java:890)
	at org.elasticsearch.test.transport.MockTransportService$LookupTestTransport.connectToNodeLight(MockTransportService.java:413)
	at org.elasticsearch.transport.TransportService.connectToNodeLight(TransportService.java:242)
	at org.elasticsearch.discovery.zen.ping.unicast.UnicastZenPing$3.run(UnicastZenPing.java:395)
	at java.util.concurrent.ThreadPoolExecutor.runWorker(ThreadPoolExecutor.java:1142)
	at java.util.concurrent.ThreadPoolExecutor$Worker.run(ThreadPoolExecutor.java:617)
	at java.lang.Thread.run(Thread.java:745)
Caused by: java.net.ConnectException: Connection refused: /0:0:0:0:0:0:0:1:9444
	at sun.nio.ch.SocketChannelImpl.checkConnect(Native Method)
	at sun.nio.ch.SocketChannelImpl.finishConnect(SocketChannelImpl.java:717)
	at org.jboss.netty.channel.socket.nio.NioClientBoss.connect(NioClientBoss.java:152)
	at org.jboss.netty.channel.socket.nio.NioClientBoss.processSelectedKeys(NioClientBoss.java:105)
	at org.jboss.netty.channel.socket.nio.NioClientBoss.process(NioClientBoss.java:79)
	at org.jboss.netty.channel.socket.nio.AbstractNioSelector.run(AbstractNioSelector.java:337)
	at org.jboss.netty.channel.socket.nio.NioClientBoss.run(NioClientBoss.java:42)
	at org.jboss.netty.util.ThreadRenamingRunnable.run(ThreadRenamingRunnable.java:108)
	at org.jboss.netty.util.internal.DeadLockProofWorker$1.run(DeadLockProofWorker.java:42)
	... 3 more
[2016-04-18 03:03:34,406][TRACE][org.elasticsearch.discovery.zen.ping.unicast] [node_t0] [1] failed to connect to {#zen_unicast_7#}{::1}{[::1]:9441}
ConnectTransportException[[][[::1]:9441] connect_timeout[30s]]; nested: ConnectException[Connection refused: /0:0:0:0:0:0:0:1:9441];
	at org.elasticsearch.transport.netty.NettyTransport.connectToChannelsLight(NettyTransport.java:954)
	at org.elasticsearch.transport.netty.NettyTransport.connectToNode(NettyTransport.java:918)
	at org.elasticsearch.transport.netty.NettyTransport.connectToNodeLight(NettyTransport.java:890)
	at org.elasticsearch.test.transport.MockTransportService$LookupTestTransport.connectToNodeLight(MockTransportService.java:413)
	at org.elasticsearch.transport.TransportService.connectToNodeLight(TransportService.java:242)
	at org.elasticsearch.discovery.zen.ping.unicast.UnicastZenPing$3.run(UnicastZenPing.java:395)
	at java.util.concurrent.ThreadPoolExecutor.runWorker(ThreadPoolExecutor.java:1142)
	at java.util.concurrent.ThreadPoolExecutor$Worker.run(ThreadPoolExecutor.java:617)
	at java.lang.Thread.run(Thread.java:745)
Caused by: java.net.ConnectException: Connection refused: /0:0:0:0:0:0:0:1:9441
	at sun.nio.ch.SocketChannelImpl.checkConnect(Native Method)
	at sun.nio.ch.SocketChannelImpl.finishConnect(SocketChannelImpl.java:717)
	at org.jboss.netty.channel.socket.nio.NioClientBoss.connect(NioClientBoss.java:152)
	at org.jboss.netty.channel.socket.nio.NioClientBoss.processSelectedKeys(NioClientBoss.java:105)
	at org.jboss.netty.channel.socket.nio.NioClientBoss.process(NioClientBoss.java:79)
	at org.jboss.netty.channel.socket.nio.AbstractNioSelector.run(AbstractNioSelector.java:337)
	at org.jboss.netty.channel.socket.nio.NioClientBoss.run(NioClientBoss.java:42)
	at org.jboss.netty.util.ThreadRenamingRunnable.run(ThreadRenamingRunnable.java:108)
	at org.jboss.netty.util.internal.DeadLockProofWorker$1.run(DeadLockProofWorker.java:42)
	... 3 more
[2016-04-18 03:03:34,406][TRACE][org.elasticsearch.discovery.zen.ping.unicast] [node_t0] [1] failed to connect to {#zen_unicast_9#}{::1}{[::1]:9443}
ConnectTransportException[[][[::1]:9443] connect_timeout[30s]]; nested: ConnectException[Connection refused: /0:0:0:0:0:0:0:1:9443];
	at org.elasticsearch.transport.netty.NettyTransport.connectToChannelsLight(NettyTransport.java:954)
	at org.elasticsearch.transport.netty.NettyTransport.connectToNode(NettyTransport.java:918)
	at org.elasticsearch.transport.netty.NettyTransport.connectToNodeLight(NettyTransport.java:890)
	at org.elasticsearch.test.transport.MockTransportService$LookupTestTransport.connectToNodeLight(MockTransportService.java:413)
	at org.elasticsearch.transport.TransportService.connectToNodeLight(TransportService.java:242)
	at org.elasticsearch.discovery.zen.ping.unicast.UnicastZenPing$3.run(UnicastZenPing.java:395)
	at java.util.concurrent.ThreadPoolExecutor.runWorker(ThreadPoolExecutor.java:1142)
	at java.util.concurrent.ThreadPoolExecutor$Worker.run(ThreadPoolExecutor.java:617)
	at java.lang.Thread.run(Thread.java:745)
Caused by: java.net.ConnectException: Connection refused: /0:0:0:0:0:0:0:1:9443
	at sun.nio.ch.SocketChannelImpl.checkConnect(Native Method)
	at sun.nio.ch.SocketChannelImpl.finishConnect(SocketChannelImpl.java:717)
	at org.jboss.netty.channel.socket.nio.NioClientBoss.connect(NioClientBoss.java:152)
	at org.jboss.netty.channel.socket.nio.NioClientBoss.processSelectedKeys(NioClientBoss.java:105)
	at org.jboss.netty.channel.socket.nio.NioClientBoss.process(NioClientBoss.java:79)
	at org.jboss.netty.channel.socket.nio.AbstractNioSelector.run(AbstractNioSelector.java:337)
	at org.jboss.netty.channel.socket.nio.NioClientBoss.run(NioClientBoss.java:42)
	at org.jboss.netty.util.ThreadRenamingRunnable.run(ThreadRenamingRunnable.java:108)
	at org.jboss.netty.util.internal.DeadLockProofWorker$1.run(DeadLockProofWorker.java:42)
	... 3 more
[2016-04-18 03:03:34,406][TRACE][org.elasticsearch.discovery.zen.ping.unicast] [node_t0] [1] failed to connect to {#zen_unicast_5#}{127.0.0.1}{127.0.0.1:9444}
ConnectTransportException[[][127.0.0.1:9444] connect_timeout[30s]]; nested: ConnectException[Connection refused: /127.0.0.1:9444];
	at org.elasticsearch.transport.netty.NettyTransport.connectToChannelsLight(NettyTransport.java:954)
	at org.elasticsearch.transport.netty.NettyTransport.connectToNode(NettyTransport.java:918)
	at org.elasticsearch.transport.netty.NettyTransport.connectToNodeLight(NettyTransport.java:890)
	at org.elasticsearch.test.transport.MockTransportService$LookupTestTransport.connectToNodeLight(MockTransportService.java:413)
	at org.elasticsearch.transport.TransportService.connectToNodeLight(TransportService.java:242)
	at org.elasticsearch.discovery.zen.ping.unicast.UnicastZenPing$3.run(UnicastZenPing.java:395)
	at java.util.concurrent.ThreadPoolExecutor.runWorker(ThreadPoolExecutor.java:1142)
	at java.util.concurrent.ThreadPoolExecutor$Worker.run(ThreadPoolExecutor.java:617)
	at java.lang.Thread.run(Thread.java:745)
Caused by: java.net.ConnectException: Connection refused: /127.0.0.1:9444
	at sun.nio.ch.SocketChannelImpl.checkConnect(Native Method)
	at sun.nio.ch.SocketChannelImpl.finishConnect(SocketChannelImpl.java:717)
	at org.jboss.netty.channel.socket.nio.NioClientBoss.connect(NioClientBoss.java:152)
	at org.jboss.netty.channel.socket.nio.NioClientBoss.processSelectedKeys(NioClientBoss.java:105)
	at org.jboss.netty.channel.socket.nio.NioClientBoss.process(NioClientBoss.java:79)
	at org.jboss.netty.channel.socket.nio.AbstractNioSelector.run(AbstractNioSelector.java:337)
	at org.jboss.netty.channel.socket.nio.NioClientBoss.run(NioClientBoss.java:42)
	at org.jboss.netty.util.ThreadRenamingRunnable.run(ThreadRenamingRunnable.java:108)
	at org.jboss.netty.util.internal.DeadLockProofWorker$1.run(DeadLockProofWorker.java:42)
	... 3 more
[2016-04-18 03:03:34,405][TRACE][org.elasticsearch.discovery.zen.ping.unicast] [node_t0] [1] received response from {#zen_unicast_6#}{::1}{[::1]:9440}: [ping_response{node [{node_t0}{MSgO3f-9S-yat_4GxxKW6w}{127.0.0.1}{127.0.0.1:9440}[mode=>network]], id[313], master [null], hasJoinedOnce [false], cluster_name[TEST-CHILD_VM=[0]-CLUSTER_SEED=[-7449427405447180618]-HASH=[2645B46835F9]-cluster]}, ping_response{node [{node_t0}{MSgO3f-9S-yat_4GxxKW6w}{127.0.0.1}{127.0.0.1:9440}[mode=>network]], id[313], master [null], hasJoinedOnce [false], cluster_name[TEST-CHILD_VM=[0]-CLUSTER_SEED=[-7449427405447180618]-HASH=[2645B46835F9]-cluster]}, ping_response{node [{node_t0}{MSgO3f-9S-yat_4GxxKW6w}{127.0.0.1}{127.0.0.1:9440}[mode=>network]], id[313], master [null], hasJoinedOnce [false], cluster_name[TEST-CHILD_VM=[0]-CLUSTER_SEED=[-7449427405447180618]-HASH=[2645B46835F9]-cluster]}, ping_response{node [{node_t0}{MSgO3f-9S-yat_4GxxKW6w}{127.0.0.1}{127.0.0.1:9440}[mode=>network]], id[317], master [null], hasJoinedOnce [false], cluster_name[TEST-CHILD_VM=[0]-CLUSTER_SEED=[-7449427405447180618]-HASH=[2645B46835F9]-cluster]}, ping_response{node [{node_t0}{MSgO3f-9S-yat_4GxxKW6w}{127.0.0.1}{127.0.0.1:9440}[mode=>network]], id[317], master [null], hasJoinedOnce [false], cluster_name[TEST-CHILD_VM=[0]-CLUSTER_SEED=[-7449427405447180618]-HASH=[2645B46835F9]-cluster]}, ping_response{node [{node_t0}{MSgO3f-9S-yat_4GxxKW6w}{127.0.0.1}{127.0.0.1:9440}[mode=>network]], id[317], master [null], hasJoinedOnce [false], cluster_name[TEST-CHILD_VM=[0]-CLUSTER_SEED=[-7449427405447180618]-HASH=[2645B46835F9]-cluster]}, ping_response{node [{node_t0}{MSgO3f-9S-yat_4GxxKW6w}{127.0.0.1}{127.0.0.1:9440}[mode=>network]], id[320], master [null], hasJoinedOnce [false], cluster_name[TEST-CHILD_VM=[0]-CLUSTER_SEED=[-7449427405447180618]-HASH=[2645B46835F9]-cluster]}]
[2016-04-18 03:03:34,406][TRACE][org.elasticsearch.discovery.zen.ping.unicast] [node_t0] [1] failed to connect to {#zen_unicast_8#}{::1}{[::1]:9442}
ConnectTransportException[[][[::1]:9442] connect_timeout[30s]]; nested: ConnectException[Connection refused: /0:0:0:0:0:0:0:1:9442];
	at org.elasticsearch.transport.netty.NettyTransport.connectToChannelsLight(NettyTransport.java:954)
	at org.elasticsearch.transport.netty.NettyTransport.connectToNode(NettyTransport.java:918)
	at org.elasticsearch.transport.netty.NettyTransport.connectToNodeLight(NettyTransport.java:890)
	at org.elasticsearch.test.transport.MockTransportService$LookupTestTransport.connectToNodeLight(MockTransportService.java:413)
	at org.elasticsearch.transport.TransportService.connectToNodeLight(TransportService.java:242)
	at org.elasticsearch.discovery.zen.ping.unicast.UnicastZenPing$3.run(UnicastZenPing.java:395)
	at java.util.concurrent.ThreadPoolExecutor.runWorker(ThreadPoolExecutor.java:1142)
	at java.util.concurrent.ThreadPoolExecutor$Worker.run(ThreadPoolExecutor.java:617)
	at java.lang.Thread.run(Thread.java:745)
Caused by: java.net.ConnectException: Connection refused: /0:0:0:0:0:0:0:1:9442
	at sun.nio.ch.SocketChannelImpl.checkConnect(Native Method)
	at sun.nio.ch.SocketChannelImpl.finishConnect(SocketChannelImpl.java:717)
	at org.jboss.netty.channel.socket.nio.NioClientBoss.connect(NioClientBoss.java:152)
	at org.jboss.netty.channel.socket.nio.NioClientBoss.processSelectedKeys(NioClientBoss.java:105)
	at org.jboss.netty.channel.socket.nio.NioClientBoss.process(NioClientBoss.java:79)
	at org.jboss.netty.channel.socket.nio.AbstractNioSelector.run(AbstractNioSelector.java:337)
	at org.jboss.netty.channel.socket.nio.NioClientBoss.run(NioClientBoss.java:42)
	at org.jboss.netty.util.ThreadRenamingRunnable.run(ThreadRenamingRunnable.java:108)
	at org.jboss.netty.util.internal.DeadLockProofWorker$1.run(DeadLockProofWorker.java:42)
	... 3 more
[2016-04-18 03:03:34,406][TRACE][org.elasticsearch.discovery.zen.ping.unicast] [node_t0] [1] failed to connect to {#zen_unicast_4#}{127.0.0.1}{127.0.0.1:9443}
ConnectTransportException[[][127.0.0.1:9443] connect_timeout[30s]]; nested: ConnectException[Connection refused: /127.0.0.1:9443];
	at org.elasticsearch.transport.netty.NettyTransport.connectToChannelsLight(NettyTransport.java:954)
	at org.elasticsearch.transport.netty.NettyTransport.connectToNode(NettyTransport.java:918)
	at org.elasticsearch.transport.netty.NettyTransport.connectToNodeLight(NettyTransport.java:890)
	at org.elasticsearch.test.transport.MockTransportService$LookupTestTransport.connectToNodeLight(MockTransportService.java:413)
	at org.elasticsearch.transport.TransportService.connectToNodeLight(TransportService.java:242)
	at org.elasticsearch.discovery.zen.ping.unicast.UnicastZenPing$3.run(UnicastZenPing.java:395)
	at java.util.concurrent.ThreadPoolExecutor.runWorker(ThreadPoolExecutor.java:1142)
	at java.util.concurrent.ThreadPoolExecutor$Worker.run(ThreadPoolExecutor.java:617)
	at java.lang.Thread.run(Thread.java:745)
Caused by: java.net.ConnectException: Connection refused: /127.0.0.1:9443
	at sun.nio.ch.SocketChannelImpl.checkConnect(Native Method)
	at sun.nio.ch.SocketChannelImpl.finishConnect(SocketChannelImpl.java:717)
	at org.jboss.netty.channel.socket.nio.NioClientBoss.connect(NioClientBoss.java:152)
	at org.jboss.netty.channel.socket.nio.NioClientBoss.processSelectedKeys(NioClientBoss.java:105)
	at org.jboss.netty.channel.socket.nio.NioClientBoss.process(NioClientBoss.java:79)
	at org.jboss.netty.channel.socket.nio.AbstractNioSelector.run(AbstractNioSelector.java:337)
	at org.jboss.netty.channel.socket.nio.NioClientBoss.run(NioClientBoss.java:42)
	at org.jboss.netty.util.ThreadRenamingRunnable.run(ThreadRenamingRunnable.java:108)
	at org.jboss.netty.util.internal.DeadLockProofWorker$1.run(DeadLockProofWorker.java:42)
	... 3 more
[2016-04-18 03:03:34,505][TRACE][org.elasticsearch.discovery.zen.ping.unicast] [node_t0] [1] sending to {node_t0}{MSgO3f-9S-yat_4GxxKW6w}{127.0.0.1}{127.0.0.1:9440}[mode=>network]
[2016-04-18 03:03:34,505][TRACE][org.elasticsearch.discovery.zen.ping.unicast] [node_t0] [1] received response from {node_t0}{MSgO3f-9S-yat_4GxxKW6w}{127.0.0.1}{127.0.0.1:9440}[mode=>network]: [ping_response{node [{node_t0}{MSgO3f-9S-yat_4GxxKW6w}{127.0.0.1}{127.0.0.1:9440}[mode=>network]], id[313], master [null], hasJoinedOnce [false], cluster_name[TEST-CHILD_VM=[0]-CLUSTER_SEED=[-7449427405447180618]-HASH=[2645B46835F9]-cluster]}, ping_response{node [{node_t0}{MSgO3f-9S-yat_4GxxKW6w}{127.0.0.1}{127.0.0.1:9440}[mode=>network]], id[313], master [null], hasJoinedOnce [false], cluster_name[TEST-CHILD_VM=[0]-CLUSTER_SEED=[-7449427405447180618]-HASH=[2645B46835F9]-cluster]}, ping_response{node [{node_t0}{MSgO3f-9S-yat_4GxxKW6w}{127.0.0.1}{127.0.0.1:9440}[mode=>network]], id[313], master [null], hasJoinedOnce [false], cluster_name[TEST-CHILD_VM=[0]-CLUSTER_SEED=[-7449427405447180618]-HASH=[2645B46835F9]-cluster]}, ping_response{node [{node_t0}{MSgO3f-9S-yat_4GxxKW6w}{127.0.0.1}{127.0.0.1:9440}[mode=>network]], id[317], master [null], hasJoinedOnce [false], cluster_name[TEST-CHILD_VM=[0]-CLUSTER_SEED=[-7449427405447180618]-HASH=[2645B46835F9]-cluster]}, ping_response{node [{node_t0}{MSgO3f-9S-yat_4GxxKW6w}{127.0.0.1}{127.0.0.1:9440}[mode=>network]], id[317], master [null], hasJoinedOnce [false], cluster_name[TEST-CHILD_VM=[0]-CLUSTER_SEED=[-7449427405447180618]-HASH=[2645B46835F9]-cluster]}, ping_response{node [{node_t0}{MSgO3f-9S-yat_4GxxKW6w}{127.0.0.1}{127.0.0.1:9440}[mode=>network]], id[317], master [null], hasJoinedOnce [false], cluster_name[TEST-CHILD_VM=[0]-CLUSTER_SEED=[-7449427405447180618]-HASH=[2645B46835F9]-cluster]}, ping_response{node [{node_t0}{MSgO3f-9S-yat_4GxxKW6w}{127.0.0.1}{127.0.0.1:9440}[mode=>network]], id[321], master [null], hasJoinedOnce [false], cluster_name[TEST-CHILD_VM=[0]-CLUSTER_SEED=[-7449427405447180618]-HASH=[2645B46835F9]-cluster]}, ping_response{node [{node_t0}{MSgO3f-9S-yat_4GxxKW6w}{127.0.0.1}{127.0.0.1:9440}[mode=>network]], id[322], master [null], hasJoinedOnce [false], cluster_name[TEST-CHILD_VM=[0]-CLUSTER_SEED=[-7449427405447180618]-HASH=[2645B46835F9]-cluster]}]
[2016-04-18 03:03:34,506][TRACE][org.elasticsearch.discovery.zen.ping.unicast] [node_t0] [1] sending to {#zen_unicast_6#}{::1}{[::1]:9440}
[2016-04-18 03:03:34,506][TRACE][org.elasticsearch.discovery.zen.ping.unicast] [node_t0] [1] connecting (light) to {#zen_unicast_5#}{127.0.0.1}{127.0.0.1:9444}
[2016-04-18 03:03:34,506][TRACE][org.elasticsearch.discovery.zen.ping.unicast] [node_t0] [1] connecting (light) to {#zen_unicast_3#}{127.0.0.1}{127.0.0.1:9442}
[2016-04-18 03:03:34,506][TRACE][org.elasticsearch.discovery.zen.ping.unicast] [node_t0] [1] connecting (light) to {#zen_unicast_8#}{::1}{[::1]:9442}
[2016-04-18 03:03:34,506][TRACE][org.elasticsearch.discovery.zen.ping.unicast] [node_t0] [1] connecting (light) to {#zen_unicast_4#}{127.0.0.1}{127.0.0.1:9443}
[2016-04-18 03:03:34,506][TRACE][org.elasticsearch.discovery.zen.ping.unicast] [node_t0] [1] connecting (light) to {#zen_unicast_2#}{127.0.0.1}{127.0.0.1:9441}
[2016-04-18 03:03:34,506][TRACE][org.elasticsearch.discovery.zen.ping.unicast] [node_t0] [1] connecting (light) to {#zen_unicast_10#}{::1}{[::1]:9444}
[2016-04-18 03:03:34,506][TRACE][org.elasticsearch.discovery.zen.ping.unicast] [node_t0] [1] connecting (light) to {#zen_unicast_9#}{::1}{[::1]:9443}
[2016-04-18 03:03:34,506][TRACE][org.elasticsearch.discovery.zen.ping.unicast] [node_t0] [1] connecting (light) to {#zen_unicast_7#}{::1}{[::1]:9441}
[2016-04-18 03:03:34,506][TRACE][org.elasticsearch.discovery.zen.ping.unicast] [node_t0] [1] sending to {node_t0}{MSgO3f-9S-yat_4GxxKW6w}{127.0.0.1}{127.0.0.1:9440}[mode=>network]
[2016-04-18 03:03:34,507][TRACE][org.elasticsearch.discovery.zen.ping.unicast] [node_t0] [1] received response from {node_t0}{MSgO3f-9S-yat_4GxxKW6w}{127.0.0.1}{127.0.0.1:9440}[mode=>network]: [ping_response{node [{node_t0}{MSgO3f-9S-yat_4GxxKW6w}{127.0.0.1}{127.0.0.1:9440}[mode=>network]], id[313], master [null], hasJoinedOnce [false], cluster_name[TEST-CHILD_VM=[0]-CLUSTER_SEED=[-7449427405447180618]-HASH=[2645B46835F9]-cluster]}, ping_response{node [{node_t0}{MSgO3f-9S-yat_4GxxKW6w}{127.0.0.1}{127.0.0.1:9440}[mode=>network]], id[313], master [null], hasJoinedOnce [false], cluster_name[TEST-CHILD_VM=[0]-CLUSTER_SEED=[-7449427405447180618]-HASH=[2645B46835F9]-cluster]}, ping_response{node [{node_t0}{MSgO3f-9S-yat_4GxxKW6w}{127.0.0.1}{127.0.0.1:9440}[mode=>network]], id[313], master [null], hasJoinedOnce [false], cluster_name[TEST-CHILD_VM=[0]-CLUSTER_SEED=[-7449427405447180618]-HASH=[2645B46835F9]-cluster]}, ping_response{node [{node_t0}{MSgO3f-9S-yat_4GxxKW6w}{127.0.0.1}{127.0.0.1:9440}[mode=>network]], id[317], master [null], hasJoinedOnce [false], cluster_name[TEST-CHILD_VM=[0]-CLUSTER_SEED=[-7449427405447180618]-HASH=[2645B46835F9]-cluster]}, ping_response{node [{node_t0}{MSgO3f-9S-yat_4GxxKW6w}{127.0.0.1}{127.0.0.1:9440}[mode=>network]], id[317], master [null], hasJoinedOnce [false], cluster_name[TEST-CHILD_VM=[0]-CLUSTER_SEED=[-7449427405447180618]-HASH=[2645B46835F9]-cluster]}, ping_response{node [{node_t0}{MSgO3f-9S-yat_4GxxKW6w}{127.0.0.1}{127.0.0.1:9440}[mode=>network]], id[317], master [null], hasJoinedOnce [false], cluster_name[TEST-CHILD_VM=[0]-CLUSTER_SEED=[-7449427405447180618]-HASH=[2645B46835F9]-cluster]}, ping_response{node [{node_t0}{MSgO3f-9S-yat_4GxxKW6w}{127.0.0.1}{127.0.0.1:9440}[mode=>network]], id[321], master [null], hasJoinedOnce [false], cluster_name[TEST-CHILD_VM=[0]-CLUSTER_SEED=[-7449427405447180618]-HASH=[2645B46835F9]-cluster]}, ping_response{node [{node_t0}{MSgO3f-9S-yat_4GxxKW6w}{127.0.0.1}{127.0.0.1:9440}[mode=>network]], id[321], master [null], hasJoinedOnce [false], cluster_name[TEST-CHILD_VM=[0]-CLUSTER_SEED=[-7449427405447180618]-HASH=[2645B46835F9]-cluster]}, ping_response{node [{node_t0}{MSgO3f-9S-yat_4GxxKW6w}{127.0.0.1}{127.0.0.1:9440}[mode=>network]], id[321], master [null], hasJoinedOnce [false], cluster_name[TEST-CHILD_VM=[0]-CLUSTER_SEED=[-7449427405447180618]-HASH=[2645B46835F9]-cluster]}, ping_response{node [{node_t0}{MSgO3f-9S-yat_4GxxKW6w}{127.0.0.1}{127.0.0.1:9440}[mode=>network]], id[324], master [null], hasJoinedOnce [false], cluster_name[TEST-CHILD_VM=[0]-CLUSTER_SEED=[-7449427405447180618]-HASH=[2645B46835F9]-cluster]}]
[2016-04-18 03:03:34,507][TRACE][org.elasticsearch.discovery.zen.ping.unicast] [node_t0] [1] failed to connect to {#zen_unicast_3#}{127.0.0.1}{127.0.0.1:9442}
ConnectTransportException[[][127.0.0.1:9442] connect_timeout[30s]]; nested: ConnectException[Connection refused: /127.0.0.1:9442];
	at org.elasticsearch.transport.netty.NettyTransport.connectToChannelsLight(NettyTransport.java:954)
	at org.elasticsearch.transport.netty.NettyTransport.connectToNode(NettyTransport.java:918)
	at org.elasticsearch.transport.netty.NettyTransport.connectToNodeLight(NettyTransport.java:890)
	at org.elasticsearch.test.transport.MockTransportService$LookupTestTransport.connectToNodeLight(MockTransportService.java:413)
	at org.elasticsearch.transport.TransportService.connectToNodeLight(TransportService.java:242)
	at org.elasticsearch.discovery.zen.ping.unicast.UnicastZenPing$3.run(UnicastZenPing.java:395)
	at java.util.concurrent.ThreadPoolExecutor.runWorker(ThreadPoolExecutor.java:1142)
	at java.util.concurrent.ThreadPoolExecutor$Worker.run(ThreadPoolExecutor.java:617)
	at java.lang.Thread.run(Thread.java:745)
Caused by: java.net.ConnectException: Connection refused: /127.0.0.1:9442
	at sun.nio.ch.SocketChannelImpl.checkConnect(Native Method)
	at sun.nio.ch.SocketChannelImpl.finishConnect(SocketChannelImpl.java:717)
	at org.jboss.netty.channel.socket.nio.NioClientBoss.connect(NioClientBoss.java:152)
	at org.jboss.netty.channel.socket.nio.NioClientBoss.processSelectedKeys(NioClientBoss.java:105)
	at org.jboss.netty.channel.socket.nio.NioClientBoss.process(NioClientBoss.java:79)
	at org.jboss.netty.channel.socket.nio.AbstractNioSelector.run(AbstractNioSelector.java:337)
	at org.jboss.netty.channel.socket.nio.NioClientBoss.run(NioClientBoss.java:42)
	at org.jboss.netty.util.ThreadRenamingRunnable.run(ThreadRenamingRunnable.java:108)
	at org.jboss.netty.util.internal.DeadLockProofWorker$1.run(DeadLockProofWorker.java:42)
	... 3 more
[2016-04-18 03:03:34,508][TRACE][org.elasticsearch.discovery.zen.ping.unicast] [node_t0] [1] failed to connect to {#zen_unicast_10#}{::1}{[::1]:9444}
ConnectTransportException[[][[::1]:9444] connect_timeout[30s]]; nested: ConnectException[Connection refused: /0:0:0:0:0:0:0:1:9444];
	at org.elasticsearch.transport.netty.NettyTransport.connectToChannelsLight(NettyTransport.java:954)
	at org.elasticsearch.transport.netty.NettyTransport.connectToNode(NettyTransport.java:918)
	at org.elasticsearch.transport.netty.NettyTransport.connectToNodeLight(NettyTransport.java:890)
	at org.elasticsearch.test.transport.MockTransportService$LookupTestTransport.connectToNodeLight(MockTransportService.java:413)
	at org.elasticsearch.transport.TransportService.connectToNodeLight(TransportService.java:242)
	at org.elasticsearch.discovery.zen.ping.unicast.UnicastZenPing$3.run(UnicastZenPing.java:395)
	at java.util.concurrent.ThreadPoolExecutor.runWorker(ThreadPoolExecutor.java:1142)
	at java.util.concurrent.ThreadPoolExecutor$Worker.run(ThreadPoolExecutor.java:617)
	at java.lang.Thread.run(Thread.java:745)
Caused by: java.net.ConnectException: Connection refused: /0:0:0:0:0:0:0:1:9444
	at sun.nio.ch.SocketChannelImpl.checkConnect(Native Method)
	at sun.nio.ch.SocketChannelImpl.finishConnect(SocketChannelImpl.java:717)
	at org.jboss.netty.channel.socket.nio.NioClientBoss.connect(NioClientBoss.java:152)
	at org.jboss.netty.channel.socket.nio.NioClientBoss.processSelectedKeys(NioClientBoss.java:105)
	at org.jboss.netty.channel.socket.nio.NioClientBoss.process(NioClientBoss.java:79)
	at org.jboss.netty.channel.socket.nio.AbstractNioSelector.run(AbstractNioSelector.java:337)
	at org.jboss.netty.channel.socket.nio.NioClientBoss.run(NioClientBoss.java:42)
	at org.jboss.netty.util.ThreadRenamingRunnable.run(ThreadRenamingRunnable.java:108)
	at org.jboss.netty.util.internal.DeadLockProofWorker$1.run(DeadLockProofWorker.java:42)
	... 3 more
[2016-04-18 03:03:34,508][TRACE][org.elasticsearch.discovery.zen.ping.unicast] [node_t0] [1] failed to connect to {#zen_unicast_7#}{::1}{[::1]:9441}
ConnectTransportException[[][[::1]:9441] connect_timeout[30s]]; nested: ConnectException[Connection refused: /0:0:0:0:0:0:0:1:9441];
	at org.elasticsearch.transport.netty.NettyTransport.connectToChannelsLight(NettyTransport.java:954)
	at org.elasticsearch.transport.netty.NettyTransport.connectToNode(NettyTransport.java:918)
	at org.elasticsearch.transport.netty.NettyTransport.connectToNodeLight(NettyTransport.java:890)
	at org.elasticsearch.test.transport.MockTransportService$LookupTestTransport.connectToNodeLight(MockTransportService.java:413)
	at org.elasticsearch.transport.TransportService.connectToNodeLight(TransportService.java:242)
	at org.elasticsearch.discovery.zen.ping.unicast.UnicastZenPing$3.run(UnicastZenPing.java:395)
	at java.util.concurrent.ThreadPoolExecutor.runWorker(ThreadPoolExecutor.java:1142)
	at java.util.concurrent.ThreadPoolExecutor$Worker.run(ThreadPoolExecutor.java:617)
	at java.lang.Thread.run(Thread.java:745)
Caused by: java.net.ConnectException: Connection refused: /0:0:0:0:0:0:0:1:9441
	at sun.nio.ch.SocketChannelImpl.checkConnect(Native Method)
	at sun.nio.ch.SocketChannelImpl.finishConnect(SocketChannelImpl.java:717)
	at org.jboss.netty.channel.socket.nio.NioClientBoss.connect(NioClientBoss.java:152)
	at org.jboss.netty.channel.socket.nio.NioClientBoss.processSelectedKeys(NioClientBoss.java:105)
	at org.jboss.netty.channel.socket.nio.NioClientBoss.process(NioClientBoss.java:79)
	at org.jboss.netty.channel.socket.nio.AbstractNioSelector.run(AbstractNioSelector.java:337)
	at org.jboss.netty.channel.socket.nio.NioClientBoss.run(NioClientBoss.java:42)
	at org.jboss.netty.util.ThreadRenamingRunnable.run(ThreadRenamingRunnable.java:108)
	at org.jboss.netty.util.internal.DeadLockProofWorker$1.run(DeadLockProofWorker.java:42)
	... 3 more
[2016-04-18 03:03:34,508][TRACE][org.elasticsearch.discovery.zen.ping.unicast] [node_t0] [1] failed to connect to {#zen_unicast_9#}{::1}{[::1]:9443}
ConnectTransportException[[][[::1]:9443] connect_timeout[30s]]; nested: ConnectException[Connection refused: /0:0:0:0:0:0:0:1:9443];
	at org.elasticsearch.transport.netty.NettyTransport.connectToChannelsLight(NettyTransport.java:954)
	at org.elasticsearch.transport.netty.NettyTransport.connectToNode(NettyTransport.java:918)
	at org.elasticsearch.transport.netty.NettyTransport.connectToNodeLight(NettyTransport.java:890)
	at org.elasticsearch.test.transport.MockTransportService$LookupTestTransport.connectToNodeLight(MockTransportService.java:413)
	at org.elasticsearch.transport.TransportService.connectToNodeLight(TransportService.java:242)
	at org.elasticsearch.discovery.zen.ping.unicast.UnicastZenPing$3.run(UnicastZenPing.java:395)
	at java.util.concurrent.ThreadPoolExecutor.runWorker(ThreadPoolExecutor.java:1142)
	at java.util.concurrent.ThreadPoolExecutor$Worker.run(ThreadPoolExecutor.java:617)
	at java.lang.Thread.run(Thread.java:745)
Caused by: java.net.ConnectException: Connection refused: /0:0:0:0:0:0:0:1:9443
	at sun.nio.ch.SocketChannelImpl.checkConnect(Native Method)
	at sun.nio.ch.SocketChannelImpl.finishConnect(SocketChannelImpl.java:717)
	at org.jboss.netty.channel.socket.nio.NioClientBoss.connect(NioClientBoss.java:152)
	at org.jboss.netty.channel.socket.nio.NioClientBoss.processSelectedKeys(NioClientBoss.java:105)
	at org.jboss.netty.channel.socket.nio.NioClientBoss.process(NioClientBoss.java:79)
	at org.jboss.netty.channel.socket.nio.AbstractNioSelector.run(AbstractNioSelector.java:337)
	at org.jboss.netty.channel.socket.nio.NioClientBoss.run(NioClientBoss.java:42)
	at org.jboss.netty.util.ThreadRenamingRunnable.run(ThreadRenamingRunnable.java:108)
	at org.jboss.netty.util.internal.DeadLockProofWorker$1.run(DeadLockProofWorker.java:42)
	... 3 more
[2016-04-18 03:03:34,507][TRACE][org.elasticsearch.discovery.zen.ping.unicast] [node_t0] [1] failed to connect to {#zen_unicast_2#}{127.0.0.1}{127.0.0.1:9441}
ConnectTransportException[[][127.0.0.1:9441] connect_timeout[30s]]; nested: ConnectException[Connection refused: /127.0.0.1:9441];
	at org.elasticsearch.transport.netty.NettyTransport.connectToChannelsLight(NettyTransport.java:954)
	at org.elasticsearch.transport.netty.NettyTransport.connectToNode(NettyTransport.java:918)
	at org.elasticsearch.transport.netty.NettyTransport.connectToNodeLight(NettyTransport.java:890)
	at org.elasticsearch.test.transport.MockTransportService$LookupTestTransport.connectToNodeLight(MockTransportService.java:413)
	at org.elasticsearch.transport.TransportService.connectToNodeLight(TransportService.java:242)
	at org.elasticsearch.discovery.zen.ping.unicast.UnicastZenPing$3.run(UnicastZenPing.java:395)
	at java.util.concurrent.ThreadPoolExecutor.runWorker(ThreadPoolExecutor.java:1142)
	at java.util.concurrent.ThreadPoolExecutor$Worker.run(ThreadPoolExecutor.java:617)
	at java.lang.Thread.run(Thread.java:745)
Caused by: java.net.ConnectException: Connection refused: /127.0.0.1:9441
	at sun.nio.ch.SocketChannelImpl.checkConnect(Native Method)
	at sun.nio.ch.SocketChannelImpl.finishConnect(SocketChannelImpl.java:717)
	at org.jboss.netty.channel.socket.nio.NioClientBoss.connect(NioClientBoss.java:152)
	at org.jboss.netty.channel.socket.nio.NioClientBoss.processSelectedKeys(NioClientBoss.java:105)
	at org.jboss.netty.channel.socket.nio.NioClientBoss.process(NioClientBoss.java:79)
	at org.jboss.netty.channel.socket.nio.AbstractNioSelector.run(AbstractNioSelector.java:337)
	at org.jboss.netty.channel.socket.nio.NioClientBoss.run(NioClientBoss.java:42)
	at org.jboss.netty.util.ThreadRenamingRunnable.run(ThreadRenamingRunnable.java:108)
	at org.jboss.netty.util.internal.DeadLockProofWorker$1.run(DeadLockProofWorker.java:42)
	... 3 more
[2016-04-18 03:03:34,507][TRACE][org.elasticsearch.discovery.zen.ping.unicast] [node_t0] [1] failed to connect to {#zen_unicast_4#}{127.0.0.1}{127.0.0.1:9443}
ConnectTransportException[[][127.0.0.1:9443] connect_timeout[30s]]; nested: ConnectException[Connection refused: /127.0.0.1:9443];
	at org.elasticsearch.transport.netty.NettyTransport.connectToChannelsLight(NettyTransport.java:954)
	at org.elasticsearch.transport.netty.NettyTransport.connectToNode(NettyTransport.java:918)
	at org.elasticsearch.transport.netty.NettyTransport.connectToNodeLight(NettyTransport.java:890)
	at org.elasticsearch.test.transport.MockTransportService$LookupTestTransport.connectToNodeLight(MockTransportService.java:413)
	at org.elasticsearch.transport.TransportService.connectToNodeLight(TransportService.java:242)
	at org.elasticsearch.discovery.zen.ping.unicast.UnicastZenPing$3.run(UnicastZenPing.java:395)
	at java.util.concurrent.ThreadPoolExecutor.runWorker(ThreadPoolExecutor.java:1142)
	at java.util.concurrent.ThreadPoolExecutor$Worker.run(ThreadPoolExecutor.java:617)
	at java.lang.Thread.run(Thread.java:745)
Caused by: java.net.ConnectException: Connection refused: /127.0.0.1:9443
	at sun.nio.ch.SocketChannelImpl.checkConnect(Native Method)
	at sun.nio.ch.SocketChannelImpl.finishConnect(SocketChannelImpl.java:717)
	at org.jboss.netty.channel.socket.nio.NioClientBoss.connect(NioClientBoss.java:152)
	at org.jboss.netty.channel.socket.nio.NioClientBoss.processSelectedKeys(NioClientBoss.java:105)
	at org.jboss.netty.channel.socket.nio.NioClientBoss.process(NioClientBoss.java:79)
	at org.jboss.netty.channel.socket.nio.AbstractNioSelector.run(AbstractNioSelector.java:337)
	at org.jboss.netty.channel.socket.nio.NioClientBoss.run(NioClientBoss.java:42)
	at org.jboss.netty.util.ThreadRenamingRunnable.run(ThreadRenamingRunnable.java:108)
	at org.jboss.netty.util.internal.DeadLockProofWorker$1.run(DeadLockProofWorker.java:42)
	... 3 more
[2016-04-18 03:03:34,507][TRACE][org.elasticsearch.discovery.zen.ping.unicast] [node_t0] [1] failed to connect to {#zen_unicast_8#}{::1}{[::1]:9442}
ConnectTransportException[[][[::1]:9442] connect_timeout[30s]]; nested: ConnectException[Connection refused: /0:0:0:0:0:0:0:1:9442];
	at org.elasticsearch.transport.netty.NettyTransport.connectToChannelsLight(NettyTransport.java:954)
	at org.elasticsearch.transport.netty.NettyTransport.connectToNode(NettyTransport.java:918)
	at org.elasticsearch.transport.netty.NettyTransport.connectToNodeLight(NettyTransport.java:890)
	at org.elasticsearch.test.transport.MockTransportService$LookupTestTransport.connectToNodeLight(MockTransportService.java:413)
	at org.elasticsearch.transport.TransportService.connectToNodeLight(TransportService.java:242)
	at org.elasticsearch.discovery.zen.ping.unicast.UnicastZenPing$3.run(UnicastZenPing.java:395)
	at java.util.concurrent.ThreadPoolExecutor.runWorker(ThreadPoolExecutor.java:1142)
	at java.util.concurrent.ThreadPoolExecutor$Worker.run(ThreadPoolExecutor.java:617)
	at java.lang.Thread.run(Thread.java:745)
Caused by: java.net.ConnectException: Connection refused: /0:0:0:0:0:0:0:1:9442
	at sun.nio.ch.SocketChannelImpl.checkConnect(Native Method)
	at sun.nio.ch.SocketChannelImpl.finishConnect(SocketChannelImpl.java:717)
	at org.jboss.netty.channel.socket.nio.NioClientBoss.connect(NioClientBoss.java:152)
	at org.jboss.netty.channel.socket.nio.NioClientBoss.processSelectedKeys(NioClientBoss.java:105)
	at org.jboss.netty.channel.socket.nio.NioClientBoss.process(NioClientBoss.java:79)
	at org.jboss.netty.channel.socket.nio.AbstractNioSelector.run(AbstractNioSelector.java:337)
	at org.jboss.netty.channel.socket.nio.NioClientBoss.run(NioClientBoss.java:42)
	at org.jboss.netty.util.ThreadRenamingRunnable.run(ThreadRenamingRunnable.java:108)
	at org.jboss.netty.util.internal.DeadLockProofWorker$1.run(DeadLockProofWorker.java:42)
	... 3 more
[2016-04-18 03:03:34,507][TRACE][org.elasticsearch.discovery.zen.ping.unicast] [node_t0] [1] received response from {#zen_unicast_6#}{::1}{[::1]:9440}: [ping_response{node [{node_t0}{MSgO3f-9S-yat_4GxxKW6w}{127.0.0.1}{127.0.0.1:9440}[mode=>network]], id[313], master [null], hasJoinedOnce [false], cluster_name[TEST-CHILD_VM=[0]-CLUSTER_SEED=[-7449427405447180618]-HASH=[2645B46835F9]-cluster]}, ping_response{node [{node_t0}{MSgO3f-9S-yat_4GxxKW6w}{127.0.0.1}{127.0.0.1:9440}[mode=>network]], id[313], master [null], hasJoinedOnce [false], cluster_name[TEST-CHILD_VM=[0]-CLUSTER_SEED=[-7449427405447180618]-HASH=[2645B46835F9]-cluster]}, ping_response{node [{node_t0}{MSgO3f-9S-yat_4GxxKW6w}{127.0.0.1}{127.0.0.1:9440}[mode=>network]], id[313], master [null], hasJoinedOnce [false], cluster_name[TEST-CHILD_VM=[0]-CLUSTER_SEED=[-7449427405447180618]-HASH=[2645B46835F9]-cluster]}, ping_response{node [{node_t0}{MSgO3f-9S-yat_4GxxKW6w}{127.0.0.1}{127.0.0.1:9440}[mode=>network]], id[317], master [null], hasJoinedOnce [false], cluster_name[TEST-CHILD_VM=[0]-CLUSTER_SEED=[-7449427405447180618]-HASH=[2645B46835F9]-cluster]}, ping_response{node [{node_t0}{MSgO3f-9S-yat_4GxxKW6w}{127.0.0.1}{127.0.0.1:9440}[mode=>network]], id[317], master [null], hasJoinedOnce [false], cluster_name[TEST-CHILD_VM=[0]-CLUSTER_SEED=[-7449427405447180618]-HASH=[2645B46835F9]-cluster]}, ping_response{node [{node_t0}{MSgO3f-9S-yat_4GxxKW6w}{127.0.0.1}{127.0.0.1:9440}[mode=>network]], id[317], master [null], hasJoinedOnce [false], cluster_name[TEST-CHILD_VM=[0]-CLUSTER_SEED=[-7449427405447180618]-HASH=[2645B46835F9]-cluster]}, ping_response{node [{node_t0}{MSgO3f-9S-yat_4GxxKW6w}{127.0.0.1}{127.0.0.1:9440}[mode=>network]], id[321], master [null], hasJoinedOnce [false], cluster_name[TEST-CHILD_VM=[0]-CLUSTER_SEED=[-7449427405447180618]-HASH=[2645B46835F9]-cluster]}, ping_response{node [{node_t0}{MSgO3f-9S-yat_4GxxKW6w}{127.0.0.1}{127.0.0.1:9440}[mode=>network]], id[321], master [null], hasJoinedOnce [false], cluster_name[TEST-CHILD_VM=[0]-CLUSTER_SEED=[-7449427405447180618]-HASH=[2645B46835F9]-cluster]}, ping_response{node [{node_t0}{MSgO3f-9S-yat_4GxxKW6w}{127.0.0.1}{127.0.0.1:9440}[mode=>network]], id[323], master [null], hasJoinedOnce [false], cluster_name[TEST-CHILD_VM=[0]-CLUSTER_SEED=[-7449427405447180618]-HASH=[2645B46835F9]-cluster]}]
[2016-04-18 03:03:34,507][TRACE][org.elasticsearch.discovery.zen.ping.unicast] [node_t0] [1] failed to connect to {#zen_unicast_5#}{127.0.0.1}{127.0.0.1:9444}
ConnectTransportException[[][127.0.0.1:9444] connect_timeout[30s]]; nested: ConnectException[Connection refused: /127.0.0.1:9444];
	at org.elasticsearch.transport.netty.NettyTransport.connectToChannelsLight(NettyTransport.java:954)
	at org.elasticsearch.transport.netty.NettyTransport.connectToNode(NettyTransport.java:918)
	at org.elasticsearch.transport.netty.NettyTransport.connectToNodeLight(NettyTransport.java:890)
	at org.elasticsearch.test.transport.MockTransportService$LookupTestTransport.connectToNodeLight(MockTransportService.java:413)
	at org.elasticsearch.transport.TransportService.connectToNodeLight(TransportService.java:242)
	at org.elasticsearch.discovery.zen.ping.unicast.UnicastZenPing$3.run(UnicastZenPing.java:395)
	at java.util.concurrent.ThreadPoolExecutor.runWorker(ThreadPoolExecutor.java:1142)
	at java.util.concurrent.ThreadPoolExecutor$Worker.run(ThreadPoolExecutor.java:617)
	at java.lang.Thread.run(Thread.java:745)
Caused by: java.net.ConnectException: Connection refused: /127.0.0.1:9444
	at sun.nio.ch.SocketChannelImpl.checkConnect(Native Method)
	at sun.nio.ch.SocketChannelImpl.finishConnect(SocketChannelImpl.java:717)
	at org.jboss.netty.channel.socket.nio.NioClientBoss.connect(NioClientBoss.java:152)
	at org.jboss.netty.channel.socket.nio.NioClientBoss.processSelectedKeys(NioClientBoss.java:105)
	at org.jboss.netty.channel.socket.nio.NioClientBoss.process(NioClientBoss.java:79)
	at org.jboss.netty.channel.socket.nio.AbstractNioSelector.run(AbstractNioSelector.java:337)
	at org.jboss.netty.channel.socket.nio.NioClientBoss.run(NioClientBoss.java:42)
	at org.jboss.netty.util.ThreadRenamingRunnable.run(ThreadRenamingRunnable.java:108)
	at org.jboss.netty.util.internal.DeadLockProofWorker$1.run(DeadLockProofWorker.java:42)
	... 3 more
[2016-04-18 03:03:34,511][TRACE][org.elasticsearch.discovery.zen.ping.unicast] [node_t0] [1] disconnecting from {#zen_unicast_2#}{127.0.0.1}{127.0.0.1:9441}
[2016-04-18 03:03:34,511][TRACE][org.elasticsearch.discovery.zen] [node_t0] full ping responses: {none}
[2016-04-18 03:03:34,511][TRACE][org.elasticsearch.discovery.zen.ping.unicast] [node_t0] [1] disconnecting from {#zen_unicast_6#}{::1}{[::1]:9440}
[2016-04-18 03:03:34,511][DEBUG][org.elasticsearch.discovery.zen] [node_t0] filtered ping responses: (filter_client[true], filter_data[false]) {none}
[2016-04-18 03:03:34,511][TRACE][org.elasticsearch.discovery.zen] [node_t0] not enough master nodes [[{node_t0}{MSgO3f-9S-yat_4GxxKW6w}{127.0.0.1}{127.0.0.1:9440}[mode=>network]]]
[2016-04-18 03:03:34,511][TRACE][org.elasticsearch.discovery.zen] [node_t0] starting to ping
[2016-04-18 03:03:34,511][TRACE][org.elasticsearch.discovery.zen.ping.unicast] [node_t0] [2] sending to {node_t0}{MSgO3f-9S-yat_4GxxKW6w}{127.0.0.1}{127.0.0.1:9440}[mode=>network]
[2016-04-18 03:03:34,511][TRACE][org.elasticsearch.discovery.zen.ping.unicast] [node_t0] [2] received response from {node_t0}{MSgO3f-9S-yat_4GxxKW6w}{127.0.0.1}{127.0.0.1:9440}[mode=>network]: [ping_response{node [{node_t0}{MSgO3f-9S-yat_4GxxKW6w}{127.0.0.1}{127.0.0.1:9440}[mode=>network]], id[313], master [null], hasJoinedOnce [false], cluster_name[TEST-CHILD_VM=[0]-CLUSTER_SEED=[-7449427405447180618]-HASH=[2645B46835F9]-cluster]}, ping_response{node [{node_t0}{MSgO3f-9S-yat_4GxxKW6w}{127.0.0.1}{127.0.0.1:9440}[mode=>network]], id[313], master [null], hasJoinedOnce [false], cluster_name[TEST-CHILD_VM=[0]-CLUSTER_SEED=[-7449427405447180618]-HASH=[2645B46835F9]-cluster]}, ping_response{node [{node_t0}{MSgO3f-9S-yat_4GxxKW6w}{127.0.0.1}{127.0.0.1:9440}[mode=>network]], id[313], master [null], hasJoinedOnce [false], cluster_name[TEST-CHILD_VM=[0]-CLUSTER_SEED=[-7449427405447180618]-HASH=[2645B46835F9]-cluster]}, ping_response{node [{node_t0}{MSgO3f-9S-yat_4GxxKW6w}{127.0.0.1}{127.0.0.1:9440}[mode=>network]], id[317], master [null], hasJoinedOnce [false], cluster_name[TEST-CHILD_VM=[0]-CLUSTER_SEED=[-7449427405447180618]-HASH=[2645B46835F9]-cluster]}, ping_response{node [{node_t0}{MSgO3f-9S-yat_4GxxKW6w}{127.0.0.1}{127.0.0.1:9440}[mode=>network]], id[317], master [null], hasJoinedOnce [false], cluster_name[TEST-CHILD_VM=[0]-CLUSTER_SEED=[-7449427405447180618]-HASH=[2645B46835F9]-cluster]}, ping_response{node [{node_t0}{MSgO3f-9S-yat_4GxxKW6w}{127.0.0.1}{127.0.0.1:9440}[mode=>network]], id[317], master [null], hasJoinedOnce [false], cluster_name[TEST-CHILD_VM=[0]-CLUSTER_SEED=[-7449427405447180618]-HASH=[2645B46835F9]-cluster]}, ping_response{node [{node_t0}{MSgO3f-9S-yat_4GxxKW6w}{127.0.0.1}{127.0.0.1:9440}[mode=>network]], id[321], master [null], hasJoinedOnce [false], cluster_name[TEST-CHILD_VM=[0]-CLUSTER_SEED=[-7449427405447180618]-HASH=[2645B46835F9]-cluster]}, ping_response{node [{node_t0}{MSgO3f-9S-yat_4GxxKW6w}{127.0.0.1}{127.0.0.1:9440}[mode=>network]], id[321], master [null], hasJoinedOnce [false], cluster_name[TEST-CHILD_VM=[0]-CLUSTER_SEED=[-7449427405447180618]-HASH=[2645B46835F9]-cluster]}, ping_response{node [{node_t0}{MSgO3f-9S-yat_4GxxKW6w}{127.0.0.1}{127.0.0.1:9440}[mode=>network]], id[321], master [null], hasJoinedOnce [false], cluster_name[TEST-CHILD_VM=[0]-CLUSTER_SEED=[-7449427405447180618]-HASH=[2645B46835F9]-cluster]}, ping_response{node [{node_t0}{MSgO3f-9S-yat_4GxxKW6w}{127.0.0.1}{127.0.0.1:9440}[mode=>network]], id[325], master [null], hasJoinedOnce [false], cluster_name[TEST-CHILD_VM=[0]-CLUSTER_SEED=[-7449427405447180618]-HASH=[2645B46835F9]-cluster]}, ping_response{node [{node_t0}{MSgO3f-9S-yat_4GxxKW6w}{127.0.0.1}{127.0.0.1:9440}[mode=>network]], id[326], master [null], hasJoinedOnce [false], cluster_name[TEST-CHILD_VM=[0]-CLUSTER_SEED=[-7449427405447180618]-HASH=[2645B46835F9]-cluster]}]
[2016-04-18 03:03:34,511][TRACE][org.elasticsearch.discovery.zen.ping.unicast] [node_t0] [1] disconnecting from {#zen_unicast_5#}{127.0.0.1}{127.0.0.1:9444}
[2016-04-18 03:03:34,511][TRACE][org.elasticsearch.discovery.zen.ping.unicast] [node_t0] [2] connecting (light) to {#zen_unicast_2#}{127.0.0.1}{127.0.0.1:9441}
[2016-04-18 03:03:34,511][TRACE][org.elasticsearch.discovery.zen.ping.unicast] [node_t0] [2] connecting (light) to {#zen_unicast_8#}{::1}{[::1]:9442}
[2016-04-18 03:03:34,512][TRACE][org.elasticsearch.discovery.zen.ping.unicast] [node_t0] [2] connecting (light) to {#zen_unicast_9#}{::1}{[::1]:9443}
[2016-04-18 03:03:34,512][TRACE][org.elasticsearch.discovery.zen.ping.unicast] [node_t0] [2] connecting (light) to {#zen_unicast_10#}{::1}{[::1]:9444}
[2016-04-18 03:03:34,511][TRACE][org.elasticsearch.discovery.zen.ping.unicast] [node_t0] [2] sending to {node_t0}{MSgO3f-9S-yat_4GxxKW6w}{127.0.0.1}{127.0.0.1:9440}[mode=>network]
[2016-04-18 03:03:34,512][TRACE][org.elasticsearch.discovery.zen.ping.unicast] [node_t0] [2] connecting (light) to {#zen_unicast_7#}{::1}{[::1]:9441}
[2016-04-18 03:03:34,511][TRACE][org.elasticsearch.discovery.zen.ping.unicast] [node_t0] [2] connecting (light) to {#zen_unicast_6#}{::1}{[::1]:9440}
[2016-04-18 03:03:34,512][TRACE][org.elasticsearch.discovery.zen.ping.unicast] [node_t0] [2] received response from {node_t0}{MSgO3f-9S-yat_4GxxKW6w}{127.0.0.1}{127.0.0.1:9440}[mode=>network]: [ping_response{node [{node_t0}{MSgO3f-9S-yat_4GxxKW6w}{127.0.0.1}{127.0.0.1:9440}[mode=>network]], id[313], master [null], hasJoinedOnce [false], cluster_name[TEST-CHILD_VM=[0]-CLUSTER_SEED=[-7449427405447180618]-HASH=[2645B46835F9]-cluster]}, ping_response{node [{node_t0}{MSgO3f-9S-yat_4GxxKW6w}{127.0.0.1}{127.0.0.1:9440}[mode=>network]], id[313], master [null], hasJoinedOnce [false], cluster_name[TEST-CHILD_VM=[0]-CLUSTER_SEED=[-7449427405447180618]-HASH=[2645B46835F9]-cluster]}, ping_response{node [{node_t0}{MSgO3f-9S-yat_4GxxKW6w}{127.0.0.1}{127.0.0.1:9440}[mode=>network]], id[313], master [null], hasJoinedOnce [false], cluster_name[TEST-CHILD_VM=[0]-CLUSTER_SEED=[-7449427405447180618]-HASH=[2645B46835F9]-cluster]}, ping_response{node [{node_t0}{MSgO3f-9S-yat_4GxxKW6w}{127.0.0.1}{127.0.0.1:9440}[mode=>network]], id[317], master [null], hasJoinedOnce [false], cluster_name[TEST-CHILD_VM=[0]-CLUSTER_SEED=[-7449427405447180618]-HASH=[2645B46835F9]-cluster]}, ping_response{node [{node_t0}{MSgO3f-9S-yat_4GxxKW6w}{127.0.0.1}{127.0.0.1:9440}[mode=>network]], id[317], master [null], hasJoinedOnce [false], cluster_name[TEST-CHILD_VM=[0]-CLUSTER_SEED=[-7449427405447180618]-HASH=[2645B46835F9]-cluster]}, ping_response{node [{node_t0}{MSgO3f-9S-yat_4GxxKW6w}{127.0.0.1}{127.0.0.1:9440}[mode=>network]], id[317], master [null], hasJoinedOnce [false], cluster_name[TEST-CHILD_VM=[0]-CLUSTER_SEED=[-7449427405447180618]-HASH=[2645B46835F9]-cluster]}, ping_response{node [{node_t0}{MSgO3f-9S-yat_4GxxKW6w}{127.0.0.1}{127.0.0.1:9440}[mode=>network]], id[321], master [null], hasJoinedOnce [false], cluster_name[TEST-CHILD_VM=[0]-CLUSTER_SEED=[-7449427405447180618]-HASH=[2645B46835F9]-cluster]}, ping_response{node [{node_t0}{MSgO3f-9S-yat_4GxxKW6w}{127.0.0.1}{127.0.0.1:9440}[mode=>network]], id[321], master [null], hasJoinedOnce [false], cluster_name[TEST-CHILD_VM=[0]-CLUSTER_SEED=[-7449427405447180618]-HASH=[2645B46835F9]-cluster]}, ping_response{node [{node_t0}{MSgO3f-9S-yat_4GxxKW6w}{127.0.0.1}{127.0.0.1:9440}[mode=>network]], id[321], master [null], hasJoinedOnce [false], cluster_name[TEST-CHILD_VM=[0]-CLUSTER_SEED=[-7449427405447180618]-HASH=[2645B46835F9]-cluster]}, ping_response{node [{node_t0}{MSgO3f-9S-yat_4GxxKW6w}{127.0.0.1}{127.0.0.1:9440}[mode=>network]], id[325], master [null], hasJoinedOnce [false], cluster_name[TEST-CHILD_VM=[0]-CLUSTER_SEED=[-7449427405447180618]-HASH=[2645B46835F9]-cluster]}, ping_response{node [{node_t0}{MSgO3f-9S-yat_4GxxKW6w}{127.0.0.1}{127.0.0.1:9440}[mode=>network]], id[325], master [null], hasJoinedOnce [false], cluster_name[TEST-CHILD_VM=[0]-CLUSTER_SEED=[-7449427405447180618]-HASH=[2645B46835F9]-cluster]}, ping_response{node [{node_t0}{MSgO3f-9S-yat_4GxxKW6w}{127.0.0.1}{127.0.0.1:9440}[mode=>network]], id[327], master [null], hasJoinedOnce [false], cluster_name[TEST-CHILD_VM=[0]-CLUSTER_SEED=[-7449427405447180618]-HASH=[2645B46835F9]-cluster]}]
[2016-04-18 03:03:34,511][TRACE][org.elasticsearch.discovery.zen.ping.unicast] [node_t0] [2] connecting (light) to {#zen_unicast_5#}{127.0.0.1}{127.0.0.1:9444}
[2016-04-18 03:03:34,511][TRACE][org.elasticsearch.discovery.zen.ping.unicast] [node_t0] [2] connecting (light) to {#zen_unicast_4#}{127.0.0.1}{127.0.0.1:9443}
[2016-04-18 03:03:34,511][TRACE][org.elasticsearch.discovery.zen.ping.unicast] [node_t0] [1] disconnecting from {#zen_unicast_4#}{127.0.0.1}{127.0.0.1:9443}
[2016-04-18 03:03:34,512][TRACE][org.elasticsearch.discovery.zen.ping.unicast] [node_t0] [2] failed to connect to {#zen_unicast_9#}{::1}{[::1]:9443}
ConnectTransportException[[][[::1]:9443] connect_timeout[30s]]; nested: ConnectException[Connection refused: /0:0:0:0:0:0:0:1:9443];
	at org.elasticsearch.transport.netty.NettyTransport.connectToChannelsLight(NettyTransport.java:954)
	at org.elasticsearch.transport.netty.NettyTransport.connectToNode(NettyTransport.java:918)
	at org.elasticsearch.transport.netty.NettyTransport.connectToNodeLight(NettyTransport.java:890)
	at org.elasticsearch.test.transport.MockTransportService$LookupTestTransport.connectToNodeLight(MockTransportService.java:413)
	at org.elasticsearch.transport.TransportService.connectToNodeLight(TransportService.java:242)
	at org.elasticsearch.discovery.zen.ping.unicast.UnicastZenPing$3.run(UnicastZenPing.java:395)
	at java.util.concurrent.ThreadPoolExecutor.runWorker(ThreadPoolExecutor.java:1142)
	at java.util.concurrent.ThreadPoolExecutor$Worker.run(ThreadPoolExecutor.java:617)
	at java.lang.Thread.run(Thread.java:745)
Caused by: java.net.ConnectException: Connection refused: /0:0:0:0:0:0:0:1:9443
	at sun.nio.ch.SocketChannelImpl.checkConnect(Native Method)
	at sun.nio.ch.SocketChannelImpl.finishConnect(SocketChannelImpl.java:717)
	at org.jboss.netty.channel.socket.nio.NioClientBoss.connect(NioClientBoss.java:152)
	at org.jboss.netty.channel.socket.nio.NioClientBoss.processSelectedKeys(NioClientBoss.java:105)
	at org.jboss.netty.channel.socket.nio.NioClientBoss.process(NioClientBoss.java:79)
	at org.jboss.netty.channel.socket.nio.AbstractNioSelector.run(AbstractNioSelector.java:337)
	at org.jboss.netty.channel.socket.nio.NioClientBoss.run(NioClientBoss.java:42)
	at org.jboss.netty.util.ThreadRenamingRunnable.run(ThreadRenamingRunnable.java:108)
	at org.jboss.netty.util.internal.DeadLockProofWorker$1.run(DeadLockProofWorker.java:42)
	... 3 more
[2016-04-18 03:03:34,513][TRACE][org.elasticsearch.discovery.zen.ping.unicast] [node_t0] [2] failed to connect to {#zen_unicast_7#}{::1}{[::1]:9441}
ConnectTransportException[[][[::1]:9441] connect_timeout[30s]]; nested: ConnectException[Connection refused: /0:0:0:0:0:0:0:1:9441];
	at org.elasticsearch.transport.netty.NettyTransport.connectToChannelsLight(NettyTransport.java:954)
	at org.elasticsearch.transport.netty.NettyTransport.connectToNode(NettyTransport.java:918)
	at org.elasticsearch.transport.netty.NettyTransport.connectToNodeLight(NettyTransport.java:890)
	at org.elasticsearch.test.transport.MockTransportService$LookupTestTransport.connectToNodeLight(MockTransportService.java:413)
	at org.elasticsearch.transport.TransportService.connectToNodeLight(TransportService.java:242)
	at org.elasticsearch.discovery.zen.ping.unicast.UnicastZenPing$3.run(UnicastZenPing.java:395)
	at java.util.concurrent.ThreadPoolExecutor.runWorker(ThreadPoolExecutor.java:1142)
	at java.util.concurrent.ThreadPoolExecutor$Worker.run(ThreadPoolExecutor.java:617)
	at java.lang.Thread.run(Thread.java:745)
Caused by: java.net.ConnectException: Connection refused: /0:0:0:0:0:0:0:1:9441
	at sun.nio.ch.SocketChannelImpl.checkConnect(Native Method)
	at sun.nio.ch.SocketChannelImpl.finishConnect(SocketChannelImpl.java:717)
	at org.jboss.netty.channel.socket.nio.NioClientBoss.connect(NioClientBoss.java:152)
	at org.jboss.netty.channel.socket.nio.NioClientBoss.processSelectedKeys(NioClientBoss.java:105)
	at org.jboss.netty.channel.socket.nio.NioClientBoss.process(NioClientBoss.java:79)
	at org.jboss.netty.channel.socket.nio.AbstractNioSelector.run(AbstractNioSelector.java:337)
	at org.jboss.netty.channel.socket.nio.NioClientBoss.run(NioClientBoss.java:42)
	at org.jboss.netty.util.ThreadRenamingRunnable.run(ThreadRenamingRunnable.java:108)
	at org.jboss.netty.util.internal.DeadLockProofWorker$1.run(DeadLockProofWorker.java:42)
	... 3 more
[2016-04-18 03:03:34,511][TRACE][org.elasticsearch.discovery.zen.ping.unicast] [node_t0] [2] connecting (light) to {#zen_unicast_3#}{127.0.0.1}{127.0.0.1:9442}
[2016-04-18 03:03:34,513][TRACE][org.elasticsearch.discovery.zen.ping.unicast] [node_t0] [2] failed to connect to {#zen_unicast_5#}{127.0.0.1}{127.0.0.1:9444}
ConnectTransportException[[][127.0.0.1:9444] connect_timeout[30s]]; nested: ConnectException[Connection refused: /127.0.0.1:9444];
	at org.elasticsearch.transport.netty.NettyTransport.connectToChannelsLight(NettyTransport.java:954)
	at org.elasticsearch.transport.netty.NettyTransport.connectToNode(NettyTransport.java:918)
	at org.elasticsearch.transport.netty.NettyTransport.connectToNodeLight(NettyTransport.java:890)
	at org.elasticsearch.test.transport.MockTransportService$LookupTestTransport.connectToNodeLight(MockTransportService.java:413)
	at org.elasticsearch.transport.TransportService.connectToNodeLight(TransportService.java:242)
	at org.elasticsearch.discovery.zen.ping.unicast.UnicastZenPing$3.run(UnicastZenPing.java:395)
	at java.util.concurrent.ThreadPoolExecutor.runWorker(ThreadPoolExecutor.java:1142)
	at java.util.concurrent.ThreadPoolExecutor$Worker.run(ThreadPoolExecutor.java:617)
	at java.lang.Thread.run(Thread.java:745)
Caused by: java.net.ConnectException: Connection refused: /127.0.0.1:9444
	at sun.nio.ch.SocketChannelImpl.checkConnect(Native Method)
	at sun.nio.ch.SocketChannelImpl.finishConnect(SocketChannelImpl.java:717)
	at org.jboss.netty.channel.socket.nio.NioClientBoss.connect(NioClientBoss.java:152)
	at org.jboss.netty.channel.socket.nio.NioClientBoss.processSelectedKeys(NioClientBoss.java:105)
	at org.jboss.netty.channel.socket.nio.NioClientBoss.process(NioClientBoss.java:79)
	at org.jboss.netty.channel.socket.nio.AbstractNioSelector.run(AbstractNioSelector.java:337)
	at org.jboss.netty.channel.socket.nio.NioClientBoss.run(NioClientBoss.java:42)
	at org.jboss.netty.util.ThreadRenamingRunnable.run(ThreadRenamingRunnable.java:108)
	at org.jboss.netty.util.internal.DeadLockProofWorker$1.run(DeadLockProofWorker.java:42)
	... 3 more
[2016-04-18 03:03:34,513][TRACE][org.elasticsearch.discovery.zen.ping.unicast] [node_t0] [2] failed to connect to {#zen_unicast_3#}{127.0.0.1}{127.0.0.1:9442}
ConnectTransportException[[][127.0.0.1:9442] connect_timeout[30s]]; nested: ConnectException[Connection refused: /127.0.0.1:9442];
	at org.elasticsearch.transport.netty.NettyTransport.connectToChannelsLight(NettyTransport.java:954)
	at org.elasticsearch.transport.netty.NettyTransport.connectToNode(NettyTransport.java:918)
	at org.elasticsearch.transport.netty.NettyTransport.connectToNodeLight(NettyTransport.java:890)
	at org.elasticsearch.test.transport.MockTransportService$LookupTestTransport.connectToNodeLight(MockTransportService.java:413)
	at org.elasticsearch.transport.TransportService.connectToNodeLight(TransportService.java:242)
	at org.elasticsearch.discovery.zen.ping.unicast.UnicastZenPing$3.run(UnicastZenPing.java:395)
	at java.util.concurrent.ThreadPoolExecutor.runWorker(ThreadPoolExecutor.java:1142)
	at java.util.concurrent.ThreadPoolExecutor$Worker.run(ThreadPoolExecutor.java:617)
	at java.lang.Thread.run(Thread.java:745)
Caused by: java.net.ConnectException: Connection refused: /127.0.0.1:9442
	at sun.nio.ch.SocketChannelImpl.checkConnect(Native Method)
	at sun.nio.ch.SocketChannelImpl.finishConnect(SocketChannelImpl.java:717)
	at org.jboss.netty.channel.socket.nio.NioClientBoss.connect(NioClientBoss.java:152)
	at org.jboss.netty.channel.socket.nio.NioClientBoss.processSelectedKeys(NioClientBoss.java:105)
	at org.jboss.netty.channel.socket.nio.NioClientBoss.process(NioClientBoss.java:79)
	at org.jboss.netty.channel.socket.nio.AbstractNioSelector.run(AbstractNioSelector.java:337)
	at org.jboss.netty.channel.socket.nio.NioClientBoss.run(NioClientBoss.java:42)
	at org.jboss.netty.util.ThreadRenamingRunnable.run(ThreadRenamingRunnable.java:108)
	at org.jboss.netty.util.internal.DeadLockProofWorker$1.run(DeadLockProofWorker.java:42)
	... 3 more
[2016-04-18 03:03:34,513][TRACE][org.elasticsearch.discovery.zen.ping.unicast] [node_t0] [1] disconnecting from {#zen_unicast_3#}{127.0.0.1}{127.0.0.1:9442}
[2016-04-18 03:03:34,513][TRACE][org.elasticsearch.discovery.zen.ping.unicast] [node_t0] [2] failed to connect to {#zen_unicast_4#}{127.0.0.1}{127.0.0.1:9443}
ConnectTransportException[[][127.0.0.1:9443] connect_timeout[30s]]; nested: ConnectException[Connection refused: /127.0.0.1:9443];
	at org.elasticsearch.transport.netty.NettyTransport.connectToChannelsLight(NettyTransport.java:954)
	at org.elasticsearch.transport.netty.NettyTransport.connectToNode(NettyTransport.java:918)
	at org.elasticsearch.transport.netty.NettyTransport.connectToNodeLight(NettyTransport.java:890)
	at org.elasticsearch.test.transport.MockTransportService$LookupTestTransport.connectToNodeLight(MockTransportService.java:413)
	at org.elasticsearch.transport.TransportService.connectToNodeLight(TransportService.java:242)
	at org.elasticsearch.discovery.zen.ping.unicast.UnicastZenPing$3.run(UnicastZenPing.java:395)
	at java.util.concurrent.ThreadPoolExecutor.runWorker(ThreadPoolExecutor.java:1142)
	at java.util.concurrent.ThreadPoolExecutor$Worker.run(ThreadPoolExecutor.java:617)
	at java.lang.Thread.run(Thread.java:745)
Caused by: java.net.ConnectException: Connection refused: /127.0.0.1:9443
	at sun.nio.ch.SocketChannelImpl.checkConnect(Native Method)
	at sun.nio.ch.SocketChannelImpl.finishConnect(SocketChannelImpl.java:717)
	at org.jboss.netty.channel.socket.nio.NioClientBoss.connect(NioClientBoss.java:152)
	at org.jboss.netty.channel.socket.nio.NioClientBoss.processSelectedKeys(NioClientBoss.java:105)
	at org.jboss.netty.channel.socket.nio.NioClientBoss.process(NioClientBoss.java:79)
	at org.jboss.netty.channel.socket.nio.AbstractNioSelector.run(AbstractNioSelector.java:337)
	at org.jboss.netty.channel.socket.nio.NioClientBoss.run(NioClientBoss.java:42)
	at org.jboss.netty.util.ThreadRenamingRunnable.run(ThreadRenamingRunnable.java:108)
	at org.jboss.netty.util.internal.DeadLockProofWorker$1.run(DeadLockProofWorker.java:42)
	... 3 more
[2016-04-18 03:03:34,513][TRACE][org.elasticsearch.discovery.zen.ping.unicast] [node_t0] [2] connected to {#zen_unicast_6#}{::1}{[::1]:9440}
[2016-04-18 03:03:34,514][TRACE][org.elasticsearch.discovery.zen.ping.unicast] [node_t0] [2] sending to {#zen_unicast_6#}{::1}{[::1]:9440}
[2016-04-18 03:03:34,513][TRACE][org.elasticsearch.discovery.zen.ping.unicast] [node_t0] [2] failed to connect to {#zen_unicast_10#}{::1}{[::1]:9444}
ConnectTransportException[[][[::1]:9444] connect_timeout[30s]]; nested: ConnectException[Connection refused: /0:0:0:0:0:0:0:1:9444];
	at org.elasticsearch.transport.netty.NettyTransport.connectToChannelsLight(NettyTransport.java:954)
	at org.elasticsearch.transport.netty.NettyTransport.connectToNode(NettyTransport.java:918)
	at org.elasticsearch.transport.netty.NettyTransport.connectToNodeLight(NettyTransport.java:890)
	at org.elasticsearch.test.transport.MockTransportService$LookupTestTransport.connectToNodeLight(MockTransportService.java:413)
	at org.elasticsearch.transport.TransportService.connectToNodeLight(TransportService.java:242)
	at org.elasticsearch.discovery.zen.ping.unicast.UnicastZenPing$3.run(UnicastZenPing.java:395)
	at java.util.concurrent.ThreadPoolExecutor.runWorker(ThreadPoolExecutor.java:1142)
	at java.util.concurrent.ThreadPoolExecutor$Worker.run(ThreadPoolExecutor.java:617)
	at java.lang.Thread.run(Thread.java:745)
Caused by: java.net.ConnectException: Connection refused: /0:0:0:0:0:0:0:1:9444
	at sun.nio.ch.SocketChannelImpl.checkConnect(Native Method)
	at sun.nio.ch.SocketChannelImpl.finishConnect(SocketChannelImpl.java:717)
	at org.jboss.netty.channel.socket.nio.NioClientBoss.connect(NioClientBoss.java:152)
	at org.jboss.netty.channel.socket.nio.NioClientBoss.processSelectedKeys(NioClientBoss.java:105)
	at org.jboss.netty.channel.socket.nio.NioClientBoss.process(NioClientBoss.java:79)
	at org.jboss.netty.channel.socket.nio.AbstractNioSelector.run(AbstractNioSelector.java:337)
	at org.jboss.netty.channel.socket.nio.NioClientBoss.run(NioClientBoss.java:42)
	at org.jboss.netty.util.ThreadRenamingRunnable.run(ThreadRenamingRunnable.java:108)
	at org.jboss.netty.util.internal.DeadLockProofWorker$1.run(DeadLockProofWorker.java:42)
	... 3 more
[2016-04-18 03:03:34,512][TRACE][org.elasticsearch.discovery.zen.ping.unicast] [node_t0] [2] failed to connect to {#zen_unicast_8#}{::1}{[::1]:9442}
ConnectTransportException[[][[::1]:9442] connect_timeout[30s]]; nested: ConnectException[Connection refused: /0:0:0:0:0:0:0:1:9442];
	at org.elasticsearch.transport.netty.NettyTransport.connectToChannelsLight(NettyTransport.java:954)
	at org.elasticsearch.transport.netty.NettyTransport.connectToNode(NettyTransport.java:918)
	at org.elasticsearch.transport.netty.NettyTransport.connectToNodeLight(NettyTransport.java:890)
	at org.elasticsearch.test.transport.MockTransportService$LookupTestTransport.connectToNodeLight(MockTransportService.java:413)
	at org.elasticsearch.transport.TransportService.connectToNodeLight(TransportService.java:242)
	at org.elasticsearch.discovery.zen.ping.unicast.UnicastZenPing$3.run(UnicastZenPing.java:395)
	at java.util.concurrent.ThreadPoolExecutor.runWorker(ThreadPoolExecutor.java:1142)
	at java.util.concurrent.ThreadPoolExecutor$Worker.run(ThreadPoolExecutor.java:617)
	at java.lang.Thread.run(Thread.java:745)
Caused by: java.net.ConnectException: Connection refused: /0:0:0:0:0:0:0:1:9442
	at sun.nio.ch.SocketChannelImpl.checkConnect(Native Method)
	at sun.nio.ch.SocketChannelImpl.finishConnect(SocketChannelImpl.java:717)
	at org.jboss.netty.channel.socket.nio.NioClientBoss.connect(NioClientBoss.java:152)
	at org.jboss.netty.channel.socket.nio.NioClientBoss.processSelectedKeys(NioClientBoss.java:105)
	at org.jboss.netty.channel.socket.nio.NioClientBoss.process(NioClientBoss.java:79)
	at org.jboss.netty.channel.socket.nio.AbstractNioSelector.run(AbstractNioSelector.java:337)
	at org.jboss.netty.channel.socket.nio.NioClientBoss.run(NioClientBoss.java:42)
	at org.jboss.netty.util.ThreadRenamingRunnable.run(ThreadRenamingRunnable.java:108)
	at org.jboss.netty.util.internal.DeadLockProofWorker$1.run(DeadLockProofWorker.java:42)
	... 3 more
[2016-04-18 03:03:34,512][TRACE][org.elasticsearch.discovery.zen.ping.unicast] [node_t0] [2] failed to connect to {#zen_unicast_2#}{127.0.0.1}{127.0.0.1:9441}
ConnectTransportException[[][127.0.0.1:9441] connect_timeout[30s]]; nested: ConnectException[Connection refused: /127.0.0.1:9441];
	at org.elasticsearch.transport.netty.NettyTransport.connectToChannelsLight(NettyTransport.java:954)
	at org.elasticsearch.transport.netty.NettyTransport.connectToNode(NettyTransport.java:918)
	at org.elasticsearch.transport.netty.NettyTransport.connectToNodeLight(NettyTransport.java:890)
	at org.elasticsearch.test.transport.MockTransportService$LookupTestTransport.connectToNodeLight(MockTransportService.java:413)
	at org.elasticsearch.transport.TransportService.connectToNodeLight(TransportService.java:242)
	at org.elasticsearch.discovery.zen.ping.unicast.UnicastZenPing$3.run(UnicastZenPing.java:395)
	at java.util.concurrent.ThreadPoolExecutor.runWorker(ThreadPoolExecutor.java:1142)
	at java.util.concurrent.ThreadPoolExecutor$Worker.run(ThreadPoolExecutor.java:617)
	at java.lang.Thread.run(Thread.java:745)
Caused by: java.net.ConnectException: Connection refused: /127.0.0.1:9441
	at sun.nio.ch.SocketChannelImpl.checkConnect(Native Method)
	at sun.nio.ch.SocketChannelImpl.finishConnect(SocketChannelImpl.java:717)
	at org.jboss.netty.channel.socket.nio.NioClientBoss.connect(NioClientBoss.java:152)
	at org.jboss.netty.channel.socket.nio.NioClientBoss.processSelectedKeys(NioClientBoss.java:105)
	at org.jboss.netty.channel.socket.nio.NioClientBoss.process(NioClientBoss.java:79)
	at org.jboss.netty.channel.socket.nio.AbstractNioSelector.run(AbstractNioSelector.java:337)
	at org.jboss.netty.channel.socket.nio.NioClientBoss.run(NioClientBoss.java:42)
	at org.jboss.netty.util.ThreadRenamingRunnable.run(ThreadRenamingRunnable.java:108)
	at org.jboss.netty.util.internal.DeadLockProofWorker$1.run(DeadLockProofWorker.java:42)
	... 3 more
[2016-04-18 03:03:34,514][TRACE][org.elasticsearch.discovery.zen.ping.unicast] [node_t0] [1] disconnecting from {#zen_unicast_10#}{::1}{[::1]:9444}
[2016-04-18 03:03:34,515][TRACE][org.elasticsearch.discovery.zen.ping.unicast] [node_t0] [1] disconnecting from {#zen_unicast_9#}{::1}{[::1]:9443}
[2016-04-18 03:03:34,515][TRACE][org.elasticsearch.discovery.zen.ping.unicast] [node_t0] [1] disconnecting from {#zen_unicast_8#}{::1}{[::1]:9442}
[2016-04-18 03:03:34,515][TRACE][org.elasticsearch.discovery.zen.ping.unicast] [node_t0] [2] received response from {#zen_unicast_6#}{::1}{[::1]:9440}: [ping_response{node [{node_t0}{MSgO3f-9S-yat_4GxxKW6w}{127.0.0.1}{127.0.0.1:9440}[mode=>network]], id[313], master [null], hasJoinedOnce [false], cluster_name[TEST-CHILD_VM=[0]-CLUSTER_SEED=[-7449427405447180618]-HASH=[2645B46835F9]-cluster]}, ping_response{node [{node_t0}{MSgO3f-9S-yat_4GxxKW6w}{127.0.0.1}{127.0.0.1:9440}[mode=>network]], id[313], master [null], hasJoinedOnce [false], cluster_name[TEST-CHILD_VM=[0]-CLUSTER_SEED=[-7449427405447180618]-HASH=[2645B46835F9]-cluster]}, ping_response{node [{node_t0}{MSgO3f-9S-yat_4GxxKW6w}{127.0.0.1}{127.0.0.1:9440}[mode=>network]], id[313], master [null], hasJoinedOnce [false], cluster_name[TEST-CHILD_VM=[0]-CLUSTER_SEED=[-7449427405447180618]-HASH=[2645B46835F9]-cluster]}, ping_response{node [{node_t0}{MSgO3f-9S-yat_4GxxKW6w}{127.0.0.1}{127.0.0.1:9440}[mode=>network]], id[317], master [null], hasJoinedOnce [false], cluster_name[TEST-CHILD_VM=[0]-CLUSTER_SEED=[-7449427405447180618]-HASH=[2645B46835F9]-cluster]}, ping_response{node [{node_t0}{MSgO3f-9S-yat_4GxxKW6w}{127.0.0.1}{127.0.0.1:9440}[mode=>network]], id[317], master [null], hasJoinedOnce [false], cluster_name[TEST-CHILD_VM=[0]-CLUSTER_SEED=[-7449427405447180618]-HASH=[2645B46835F9]-cluster]}, ping_response{node [{node_t0}{MSgO3f-9S-yat_4GxxKW6w}{127.0.0.1}{127.0.0.1:9440}[mode=>network]], id[317], master [null], hasJoinedOnce [false], cluster_name[TEST-CHILD_VM=[0]-CLUSTER_SEED=[-7449427405447180618]-HASH=[2645B46835F9]-cluster]}, ping_response{node [{node_t0}{MSgO3f-9S-yat_4GxxKW6w}{127.0.0.1}{127.0.0.1:9440}[mode=>network]], id[321], master [null], hasJoinedOnce [false], cluster_name[TEST-CHILD_VM=[0]-CLUSTER_SEED=[-7449427405447180618]-HASH=[2645B46835F9]-cluster]}, ping_response{node [{node_t0}{MSgO3f-9S-yat_4GxxKW6w}{127.0.0.1}{127.0.0.1:9440}[mode=>network]], id[321], master [null], hasJoinedOnce [false], cluster_name[TEST-CHILD_VM=[0]-CLUSTER_SEED=[-7449427405447180618]-HASH=[2645B46835F9]-cluster]}, ping_response{node [{node_t0}{MSgO3f-9S-yat_4GxxKW6w}{127.0.0.1}{127.0.0.1:9440}[mode=>network]], id[321], master [null], hasJoinedOnce [false], cluster_name[TEST-CHILD_VM=[0]-CLUSTER_SEED=[-7449427405447180618]-HASH=[2645B46835F9]-cluster]}, ping_response{node [{node_t0}{MSgO3f-9S-yat_4GxxKW6w}{127.0.0.1}{127.0.0.1:9440}[mode=>network]], id[325], master [null], hasJoinedOnce [false], cluster_name[TEST-CHILD_VM=[0]-CLUSTER_SEED=[-7449427405447180618]-HASH=[2645B46835F9]-cluster]}, ping_response{node [{node_t0}{MSgO3f-9S-yat_4GxxKW6w}{127.0.0.1}{127.0.0.1:9440}[mode=>network]], id[325], master [null], hasJoinedOnce [false], cluster_name[TEST-CHILD_VM=[0]-CLUSTER_SEED=[-7449427405447180618]-HASH=[2645B46835F9]-cluster]}, ping_response{node [{node_t0}{MSgO3f-9S-yat_4GxxKW6w}{127.0.0.1}{127.0.0.1:9440}[mode=>network]], id[325], master [null], hasJoinedOnce [false], cluster_name[TEST-CHILD_VM=[0]-CLUSTER_SEED=[-7449427405447180618]-HASH=[2645B46835F9]-cluster]}, ping_response{node [{node_t0}{MSgO3f-9S-yat_4GxxKW6w}{127.0.0.1}{127.0.0.1:9440}[mode=>network]], id[328], master [null], hasJoinedOnce [false], cluster_name[TEST-CHILD_VM=[0]-CLUSTER_SEED=[-7449427405447180618]-HASH=[2645B46835F9]-cluster]}]
[2016-04-18 03:03:34,515][TRACE][org.elasticsearch.discovery.zen.ping.unicast] [node_t0] [1] disconnecting from {#zen_unicast_7#}{::1}{[::1]:9441}
[2016-04-18 03:03:34,616][TRACE][org.elasticsearch.discovery.zen.ping.unicast] [node_t0] [2] sending to {node_t0}{MSgO3f-9S-yat_4GxxKW6w}{127.0.0.1}{127.0.0.1:9440}[mode=>network]
[2016-04-18 03:03:34,616][TRACE][org.elasticsearch.discovery.zen.ping.unicast] [node_t0] [2] received response from {node_t0}{MSgO3f-9S-yat_4GxxKW6w}{127.0.0.1}{127.0.0.1:9440}[mode=>network]: [ping_response{node [{node_t0}{MSgO3f-9S-yat_4GxxKW6w}{127.0.0.1}{127.0.0.1:9440}[mode=>network]], id[313], master [null], hasJoinedOnce [false], cluster_name[TEST-CHILD_VM=[0]-CLUSTER_SEED=[-7449427405447180618]-HASH=[2645B46835F9]-cluster]}, ping_response{node [{node_t0}{MSgO3f-9S-yat_4GxxKW6w}{127.0.0.1}{127.0.0.1:9440}[mode=>network]], id[313], master [null], hasJoinedOnce [false], cluster_name[TEST-CHILD_VM=[0]-CLUSTER_SEED=[-7449427405447180618]-HASH=[2645B46835F9]-cluster]}, ping_response{node [{node_t0}{MSgO3f-9S-yat_4GxxKW6w}{127.0.0.1}{127.0.0.1:9440}[mode=>network]], id[313], master [null], hasJoinedOnce [false], cluster_name[TEST-CHILD_VM=[0]-CLUSTER_SEED=[-7449427405447180618]-HASH=[2645B46835F9]-cluster]}, ping_response{node [{node_t0}{MSgO3f-9S-yat_4GxxKW6w}{127.0.0.1}{127.0.0.1:9440}[mode=>network]], id[317], master [null], hasJoinedOnce [false], cluster_name[TEST-CHILD_VM=[0]-CLUSTER_SEED=[-7449427405447180618]-HASH=[2645B46835F9]-cluster]}, ping_response{node [{node_t0}{MSgO3f-9S-yat_4GxxKW6w}{127.0.0.1}{127.0.0.1:9440}[mode=>network]], id[317], master [null], hasJoinedOnce [false], cluster_name[TEST-CHILD_VM=[0]-CLUSTER_SEED=[-7449427405447180618]-HASH=[2645B46835F9]-cluster]}, ping_response{node [{node_t0}{MSgO3f-9S-yat_4GxxKW6w}{127.0.0.1}{127.0.0.1:9440}[mode=>network]], id[317], master [null], hasJoinedOnce [false], cluster_name[TEST-CHILD_VM=[0]-CLUSTER_SEED=[-7449427405447180618]-HASH=[2645B46835F9]-cluster]}, ping_response{node [{node_t0}{MSgO3f-9S-yat_4GxxKW6w}{127.0.0.1}{127.0.0.1:9440}[mode=>network]], id[321], master [null], hasJoinedOnce [false], cluster_name[TEST-CHILD_VM=[0]-CLUSTER_SEED=[-7449427405447180618]-HASH=[2645B46835F9]-cluster]}, ping_response{node [{node_t0}{MSgO3f-9S-yat_4GxxKW6w}{127.0.0.1}{127.0.0.1:9440}[mode=>network]], id[321], master [null], hasJoinedOnce [false], cluster_name[TEST-CHILD_VM=[0]-CLUSTER_SEED=[-7449427405447180618]-HASH=[2645B46835F9]-cluster]}, ping_response{node [{node_t0}{MSgO3f-9S-yat_4GxxKW6w}{127.0.0.1}{127.0.0.1:9440}[mode=>network]], id[321], master [null], hasJoinedOnce [false], cluster_name[TEST-CHILD_VM=[0]-CLUSTER_SEED=[-7449427405447180618]-HASH=[2645B46835F9]-cluster]}, ping_response{node [{node_t0}{MSgO3f-9S-yat_4GxxKW6w}{127.0.0.1}{127.0.0.1:9440}[mode=>network]], id[325], master [null], hasJoinedOnce [false], cluster_name[TEST-CHILD_VM=[0]-CLUSTER_SEED=[-7449427405447180618]-HASH=[2645B46835F9]-cluster]}, ping_response{node [{node_t0}{MSgO3f-9S-yat_4GxxKW6w}{127.0.0.1}{127.0.0.1:9440}[mode=>network]], id[325], master [null], hasJoinedOnce [false], cluster_name[TEST-CHILD_VM=[0]-CLUSTER_SEED=[-7449427405447180618]-HASH=[2645B46835F9]-cluster]}, ping_response{node [{node_t0}{MSgO3f-9S-yat_4GxxKW6w}{127.0.0.1}{127.0.0.1:9440}[mode=>network]], id[325], master [null], hasJoinedOnce [false], cluster_name[TEST-CHILD_VM=[0]-CLUSTER_SEED=[-7449427405447180618]-HASH=[2645B46835F9]-cluster]}, ping_response{node [{node_t0}{MSgO3f-9S-yat_4GxxKW6w}{127.0.0.1}{127.0.0.1:9440}[mode=>network]], id[329], master [null], hasJoinedOnce [false], cluster_name[TEST-CHILD_VM=[0]-CLUSTER_SEED=[-7449427405447180618]-HASH=[2645B46835F9]-cluster]}, ping_response{node [{node_t0}{MSgO3f-9S-yat_4GxxKW6w}{127.0.0.1}{127.0.0.1:9440}[mode=>network]], id[330], master [null], hasJoinedOnce [false], cluster_name[TEST-CHILD_VM=[0]-CLUSTER_SEED=[-7449427405447180618]-HASH=[2645B46835F9]-cluster]}]
[2016-04-18 03:03:34,616][TRACE][org.elasticsearch.discovery.zen.ping.unicast] [node_t0] [2] connecting (light) to {#zen_unicast_2#}{127.0.0.1}{127.0.0.1:9441}
[2016-04-18 03:03:34,616][TRACE][org.elasticsearch.discovery.zen.ping.unicast] [node_t0] [2] connecting (light) to {#zen_unicast_5#}{127.0.0.1}{127.0.0.1:9444}
[2016-04-18 03:03:34,616][TRACE][org.elasticsearch.discovery.zen.ping.unicast] [node_t0] [2] sending to {#zen_unicast_6#}{::1}{[::1]:9440}
[2016-04-18 03:03:34,616][TRACE][org.elasticsearch.discovery.zen.ping.unicast] [node_t0] [2] connecting (light) to {#zen_unicast_4#}{127.0.0.1}{127.0.0.1:9443}
[2016-04-18 03:03:34,616][TRACE][org.elasticsearch.discovery.zen.ping.unicast] [node_t0] [2] connecting (light) to {#zen_unicast_3#}{127.0.0.1}{127.0.0.1:9442}
[2016-04-18 03:03:34,617][TRACE][org.elasticsearch.discovery.zen.ping.unicast] [node_t0] [2] sending to {node_t0}{MSgO3f-9S-yat_4GxxKW6w}{127.0.0.1}{127.0.0.1:9440}[mode=>network]
[2016-04-18 03:03:34,617][TRACE][org.elasticsearch.discovery.zen.ping.unicast] [node_t0] [2] connecting (light) to {#zen_unicast_7#}{::1}{[::1]:9441}
[2016-04-18 03:03:34,617][TRACE][org.elasticsearch.discovery.zen.ping.unicast] [node_t0] [2] connecting (light) to {#zen_unicast_8#}{::1}{[::1]:9442}
[2016-04-18 03:03:34,617][TRACE][org.elasticsearch.discovery.zen.ping.unicast] [node_t0] [2] connecting (light) to {#zen_unicast_9#}{::1}{[::1]:9443}
[2016-04-18 03:03:34,617][TRACE][org.elasticsearch.discovery.zen.ping.unicast] [node_t0] [2] received response from {node_t0}{MSgO3f-9S-yat_4GxxKW6w}{127.0.0.1}{127.0.0.1:9440}[mode=>network]: [ping_response{node [{node_t0}{MSgO3f-9S-yat_4GxxKW6w}{127.0.0.1}{127.0.0.1:9440}[mode=>network]], id[313], master [null], hasJoinedOnce [false], cluster_name[TEST-CHILD_VM=[0]-CLUSTER_SEED=[-7449427405447180618]-HASH=[2645B46835F9]-cluster]}, ping_response{node [{node_t0}{MSgO3f-9S-yat_4GxxKW6w}{127.0.0.1}{127.0.0.1:9440}[mode=>network]], id[313], master [null], hasJoinedOnce [false], cluster_name[TEST-CHILD_VM=[0]-CLUSTER_SEED=[-7449427405447180618]-HASH=[2645B46835F9]-cluster]}, ping_response{node [{node_t0}{MSgO3f-9S-yat_4GxxKW6w}{127.0.0.1}{127.0.0.1:9440}[mode=>network]], id[313], master [null], hasJoinedOnce [false], cluster_name[TEST-CHILD_VM=[0]-CLUSTER_SEED=[-7449427405447180618]-HASH=[2645B46835F9]-cluster]}, ping_response{node [{node_t0}{MSgO3f-9S-yat_4GxxKW6w}{127.0.0.1}{127.0.0.1:9440}[mode=>network]], id[317], master [null], hasJoinedOnce [false], cluster_name[TEST-CHILD_VM=[0]-CLUSTER_SEED=[-7449427405447180618]-HASH=[2645B46835F9]-cluster]}, ping_response{node [{node_t0}{MSgO3f-9S-yat_4GxxKW6w}{127.0.0.1}{127.0.0.1:9440}[mode=>network]], id[317], master [null], hasJoinedOnce [false], cluster_name[TEST-CHILD_VM=[0]-CLUSTER_SEED=[-7449427405447180618]-HASH=[2645B46835F9]-cluster]}, ping_response{node [{node_t0}{MSgO3f-9S-yat_4GxxKW6w}{127.0.0.1}{127.0.0.1:9440}[mode=>network]], id[317], master [null], hasJoinedOnce [false], cluster_name[TEST-CHILD_VM=[0]-CLUSTER_SEED=[-7449427405447180618]-HASH=[2645B46835F9]-cluster]}, ping_response{node [{node_t0}{MSgO3f-9S-yat_4GxxKW6w}{127.0.0.1}{127.0.0.1:9440}[mode=>network]], id[321], master [null], hasJoinedOnce [false], cluster_name[TEST-CHILD_VM=[0]-CLUSTER_SEED=[-7449427405447180618]-HASH=[2645B46835F9]-cluster]}, ping_response{node [{node_t0}{MSgO3f-9S-yat_4GxxKW6w}{127.0.0.1}{127.0.0.1:9440}[mode=>network]], id[321], master [null], hasJoinedOnce [false], cluster_name[TEST-CHILD_VM=[0]-CLUSTER_SEED=[-7449427405447180618]-HASH=[2645B46835F9]-cluster]}, ping_response{node [{node_t0}{MSgO3f-9S-yat_4GxxKW6w}{127.0.0.1}{127.0.0.1:9440}[mode=>network]], id[321], master [null], hasJoinedOnce [false], cluster_name[TEST-CHILD_VM=[0]-CLUSTER_SEED=[-7449427405447180618]-HASH=[2645B46835F9]-cluster]}, ping_response{node [{node_t0}{MSgO3f-9S-yat_4GxxKW6w}{127.0.0.1}{127.0.0.1:9440}[mode=>network]], id[325], master [null], hasJoinedOnce [false], cluster_name[TEST-CHILD_VM=[0]-CLUSTER_SEED=[-7449427405447180618]-HASH=[2645B46835F9]-cluster]}, ping_response{node [{node_t0}{MSgO3f-9S-yat_4GxxKW6w}{127.0.0.1}{127.0.0.1:9440}[mode=>network]], id[325], master [null], hasJoinedOnce [false], cluster_name[TEST-CHILD_VM=[0]-CLUSTER_SEED=[-7449427405447180618]-HASH=[2645B46835F9]-cluster]}, ping_response{node [{node_t0}{MSgO3f-9S-yat_4GxxKW6w}{127.0.0.1}{127.0.0.1:9440}[mode=>network]], id[325], master [null], hasJoinedOnce [false], cluster_name[TEST-CHILD_VM=[0]-CLUSTER_SEED=[-7449427405447180618]-HASH=[2645B46835F9]-cluster]}, ping_response{node [{node_t0}{MSgO3f-9S-yat_4GxxKW6w}{127.0.0.1}{127.0.0.1:9440}[mode=>network]], id[329], master [null], hasJoinedOnce [false], cluster_name[TEST-CHILD_VM=[0]-CLUSTER_SEED=[-7449427405447180618]-HASH=[2645B46835F9]-cluster]}, ping_response{node [{node_t0}{MSgO3f-9S-yat_4GxxKW6w}{127.0.0.1}{127.0.0.1:9440}[mode=>network]], id[329], master [null], hasJoinedOnce [false], cluster_name[TEST-CHILD_VM=[0]-CLUSTER_SEED=[-7449427405447180618]-HASH=[2645B46835F9]-cluster]}, ping_response{node [{node_t0}{MSgO3f-9S-yat_4GxxKW6w}{127.0.0.1}{127.0.0.1:9440}[mode=>network]], id[331], master [null], hasJoinedOnce [false], cluster_name[TEST-CHILD_VM=[0]-CLUSTER_SEED=[-7449427405447180618]-HASH=[2645B46835F9]-cluster]}]
[2016-04-18 03:03:34,617][TRACE][org.elasticsearch.discovery.zen.ping.unicast] [node_t0] [2] connecting (light) to {#zen_unicast_10#}{::1}{[::1]:9444}
[2016-04-18 03:03:34,617][TRACE][org.elasticsearch.discovery.zen.ping.unicast] [node_t0] [2] failed to connect to {#zen_unicast_2#}{127.0.0.1}{127.0.0.1:9441}
ConnectTransportException[[][127.0.0.1:9441] connect_timeout[30s]]; nested: ConnectException[Connection refused: /127.0.0.1:9441];
	at org.elasticsearch.transport.netty.NettyTransport.connectToChannelsLight(NettyTransport.java:954)
	at org.elasticsearch.transport.netty.NettyTransport.connectToNode(NettyTransport.java:918)
	at org.elasticsearch.transport.netty.NettyTransport.connectToNodeLight(NettyTransport.java:890)
	at org.elasticsearch.test.transport.MockTransportService$LookupTestTransport.connectToNodeLight(MockTransportService.java:413)
	at org.elasticsearch.transport.TransportService.connectToNodeLight(TransportService.java:242)
	at org.elasticsearch.discovery.zen.ping.unicast.UnicastZenPing$3.run(UnicastZenPing.java:395)
	at java.util.concurrent.ThreadPoolExecutor.runWorker(ThreadPoolExecutor.java:1142)
	at java.util.concurrent.ThreadPoolExecutor$Worker.run(ThreadPoolExecutor.java:617)
	at java.lang.Thread.run(Thread.java:745)
Caused by: java.net.ConnectException: Connection refused: /127.0.0.1:9441
	at sun.nio.ch.SocketChannelImpl.checkConnect(Native Method)
	at sun.nio.ch.SocketChannelImpl.finishConnect(SocketChannelImpl.java:717)
	at org.jboss.netty.channel.socket.nio.NioClientBoss.connect(NioClientBoss.java:152)
	at org.jboss.netty.channel.socket.nio.NioClientBoss.processSelectedKeys(NioClientBoss.java:105)
	at org.jboss.netty.channel.socket.nio.NioClientBoss.process(NioClientBoss.java:79)
	at org.jboss.netty.channel.socket.nio.AbstractNioSelector.run(AbstractNioSelector.java:337)
	at org.jboss.netty.channel.socket.nio.NioClientBoss.run(NioClientBoss.java:42)
	at org.jboss.netty.util.ThreadRenamingRunnable.run(ThreadRenamingRunnable.java:108)
	at org.jboss.netty.util.internal.DeadLockProofWorker$1.run(DeadLockProofWorker.java:42)
	... 3 more
[2016-04-18 03:03:34,618][TRACE][org.elasticsearch.discovery.zen.ping.unicast] [node_t0] [2] failed to connect to {#zen_unicast_3#}{127.0.0.1}{127.0.0.1:9442}
ConnectTransportException[[][127.0.0.1:9442] connect_timeout[30s]]; nested: ConnectException[Connection refused: /127.0.0.1:9442];
	at org.elasticsearch.transport.netty.NettyTransport.connectToChannelsLight(NettyTransport.java:954)
	at org.elasticsearch.transport.netty.NettyTransport.connectToNode(NettyTransport.java:918)
	at org.elasticsearch.transport.netty.NettyTransport.connectToNodeLight(NettyTransport.java:890)
	at org.elasticsearch.test.transport.MockTransportService$LookupTestTransport.connectToNodeLight(MockTransportService.java:413)
	at org.elasticsearch.transport.TransportService.connectToNodeLight(TransportService.java:242)
	at org.elasticsearch.discovery.zen.ping.unicast.UnicastZenPing$3.run(UnicastZenPing.java:395)
	at java.util.concurrent.ThreadPoolExecutor.runWorker(ThreadPoolExecutor.java:1142)
	at java.util.concurrent.ThreadPoolExecutor$Worker.run(ThreadPoolExecutor.java:617)
	at java.lang.Thread.run(Thread.java:745)
Caused by: java.net.ConnectException: Connection refused: /127.0.0.1:9442
	at sun.nio.ch.SocketChannelImpl.checkConnect(Native Method)
	at sun.nio.ch.SocketChannelImpl.finishConnect(SocketChannelImpl.java:717)
	at org.jboss.netty.channel.socket.nio.NioClientBoss.connect(NioClientBoss.java:152)
	at org.jboss.netty.channel.socket.nio.NioClientBoss.processSelectedKeys(NioClientBoss.java:105)
	at org.jboss.netty.channel.socket.nio.NioClientBoss.process(NioClientBoss.java:79)
	at org.jboss.netty.channel.socket.nio.AbstractNioSelector.run(AbstractNioSelector.java:337)
	at org.jboss.netty.channel.socket.nio.NioClientBoss.run(NioClientBoss.java:42)
	at org.jboss.netty.util.ThreadRenamingRunnable.run(ThreadRenamingRunnable.java:108)
	at org.jboss.netty.util.internal.DeadLockProofWorker$1.run(DeadLockProofWorker.java:42)
	... 3 more
[2016-04-18 03:03:34,618][TRACE][org.elasticsearch.discovery.zen.ping.unicast] [node_t0] [2] failed to connect to {#zen_unicast_8#}{::1}{[::1]:9442}
ConnectTransportException[[][[::1]:9442] connect_timeout[30s]]; nested: ConnectException[Connection refused: /0:0:0:0:0:0:0:1:9442];
	at org.elasticsearch.transport.netty.NettyTransport.connectToChannelsLight(NettyTransport.java:954)
	at org.elasticsearch.transport.netty.NettyTransport.connectToNode(NettyTransport.java:918)
	at org.elasticsearch.transport.netty.NettyTransport.connectToNodeLight(NettyTransport.java:890)
	at org.elasticsearch.test.transport.MockTransportService$LookupTestTransport.connectToNodeLight(MockTransportService.java:413)
	at org.elasticsearch.transport.TransportService.connectToNodeLight(TransportService.java:242)
	at org.elasticsearch.discovery.zen.ping.unicast.UnicastZenPing$3.run(UnicastZenPing.java:395)
	at java.util.concurrent.ThreadPoolExecutor.runWorker(ThreadPoolExecutor.java:1142)
	at java.util.concurrent.ThreadPoolExecutor$Worker.run(ThreadPoolExecutor.java:617)
	at java.lang.Thread.run(Thread.java:745)
Caused by: java.net.ConnectException: Connection refused: /0:0:0:0:0:0:0:1:9442
	at sun.nio.ch.SocketChannelImpl.checkConnect(Native Method)
	at sun.nio.ch.SocketChannelImpl.finishConnect(SocketChannelImpl.java:717)
	at org.jboss.netty.channel.socket.nio.NioClientBoss.connect(NioClientBoss.java:152)
	at org.jboss.netty.channel.socket.nio.NioClientBoss.processSelectedKeys(NioClientBoss.java:105)
	at org.jboss.netty.channel.socket.nio.NioClientBoss.process(NioClientBoss.java:79)
	at org.jboss.netty.channel.socket.nio.AbstractNioSelector.run(AbstractNioSelector.java:337)
	at org.jboss.netty.channel.socket.nio.NioClientBoss.run(NioClientBoss.java:42)
	at org.jboss.netty.util.ThreadRenamingRunnable.run(ThreadRenamingRunnable.java:108)
	at org.jboss.netty.util.internal.DeadLockProofWorker$1.run(DeadLockProofWorker.java:42)
	... 3 more
[2016-04-18 03:03:34,617][TRACE][org.elasticsearch.discovery.zen.ping.unicast] [node_t0] [2] received response from {#zen_unicast_6#}{::1}{[::1]:9440}: [ping_response{node [{node_t0}{MSgO3f-9S-yat_4GxxKW6w}{127.0.0.1}{127.0.0.1:9440}[mode=>network]], id[313], master [null], hasJoinedOnce [false], cluster_name[TEST-CHILD_VM=[0]-CLUSTER_SEED=[-7449427405447180618]-HASH=[2645B46835F9]-cluster]}, ping_response{node [{node_t0}{MSgO3f-9S-yat_4GxxKW6w}{127.0.0.1}{127.0.0.1:9440}[mode=>network]], id[313], master [null], hasJoinedOnce [false], cluster_name[TEST-CHILD_VM=[0]-CLUSTER_SEED=[-7449427405447180618]-HASH=[2645B46835F9]-cluster]}, ping_response{node [{node_t0}{MSgO3f-9S-yat_4GxxKW6w}{127.0.0.1}{127.0.0.1:9440}[mode=>network]], id[313], master [null], hasJoinedOnce [false], cluster_name[TEST-CHILD_VM=[0]-CLUSTER_SEED=[-7449427405447180618]-HASH=[2645B46835F9]-cluster]}, ping_response{node [{node_t0}{MSgO3f-9S-yat_4GxxKW6w}{127.0.0.1}{127.0.0.1:9440}[mode=>network]], id[317], master [null], hasJoinedOnce [false], cluster_name[TEST-CHILD_VM=[0]-CLUSTER_SEED=[-7449427405447180618]-HASH=[2645B46835F9]-cluster]}, ping_response{node [{node_t0}{MSgO3f-9S-yat_4GxxKW6w}{127.0.0.1}{127.0.0.1:9440}[mode=>network]], id[317], master [null], hasJoinedOnce [false], cluster_name[TEST-CHILD_VM=[0]-CLUSTER_SEED=[-7449427405447180618]-HASH=[2645B46835F9]-cluster]}, ping_response{node [{node_t0}{MSgO3f-9S-yat_4GxxKW6w}{127.0.0.1}{127.0.0.1:9440}[mode=>network]], id[317], master [null], hasJoinedOnce [false], cluster_name[TEST-CHILD_VM=[0]-CLUSTER_SEED=[-7449427405447180618]-HASH=[2645B46835F9]-cluster]}, ping_response{node [{node_t0}{MSgO3f-9S-yat_4GxxKW6w}{127.0.0.1}{127.0.0.1:9440}[mode=>network]], id[321], master [null], hasJoinedOnce [false], cluster_name[TEST-CHILD_VM=[0]-CLUSTER_SEED=[-7449427405447180618]-HASH=[2645B46835F9]-cluster]}, ping_response{node [{node_t0}{MSgO3f-9S-yat_4GxxKW6w}{127.0.0.1}{127.0.0.1:9440}[mode=>network]], id[321], master [null], hasJoinedOnce [false], cluster_name[TEST-CHILD_VM=[0]-CLUSTER_SEED=[-7449427405447180618]-HASH=[2645B46835F9]-cluster]}, ping_response{node [{node_t0}{MSgO3f-9S-yat_4GxxKW6w}{127.0.0.1}{127.0.0.1:9440}[mode=>network]], id[321], master [null], hasJoinedOnce [false], cluster_name[TEST-CHILD_VM=[0]-CLUSTER_SEED=[-7449427405447180618]-HASH=[2645B46835F9]-cluster]}, ping_response{node [{node_t0}{MSgO3f-9S-yat_4GxxKW6w}{127.0.0.1}{127.0.0.1:9440}[mode=>network]], id[325], master [null], hasJoinedOnce [false], cluster_name[TEST-CHILD_VM=[0]-CLUSTER_SEED=[-7449427405447180618]-HASH=[2645B46835F9]-cluster]}, ping_response{node [{node_t0}{MSgO3f-9S-yat_4GxxKW6w}{127.0.0.1}{127.0.0.1:9440}[mode=>network]], id[325], master [null], hasJoinedOnce [false], cluster_name[TEST-CHILD_VM=[0]-CLUSTER_SEED=[-7449427405447180618]-HASH=[2645B46835F9]-cluster]}, ping_response{node [{node_t0}{MSgO3f-9S-yat_4GxxKW6w}{127.0.0.1}{127.0.0.1:9440}[mode=>network]], id[325], master [null], hasJoinedOnce [false], cluster_name[TEST-CHILD_VM=[0]-CLUSTER_SEED=[-7449427405447180618]-HASH=[2645B46835F9]-cluster]}, ping_response{node [{node_t0}{MSgO3f-9S-yat_4GxxKW6w}{127.0.0.1}{127.0.0.1:9440}[mode=>network]], id[329], master [null], hasJoinedOnce [false], cluster_name[TEST-CHILD_VM=[0]-CLUSTER_SEED=[-7449427405447180618]-HASH=[2645B46835F9]-cluster]}, ping_response{node [{node_t0}{MSgO3f-9S-yat_4GxxKW6w}{127.0.0.1}{127.0.0.1:9440}[mode=>network]], id[329], master [null], hasJoinedOnce [false], cluster_name[TEST-CHILD_VM=[0]-CLUSTER_SEED=[-7449427405447180618]-HASH=[2645B46835F9]-cluster]}, ping_response{node [{node_t0}{MSgO3f-9S-yat_4GxxKW6w}{127.0.0.1}{127.0.0.1:9440}[mode=>network]], id[329], master [null], hasJoinedOnce [false], cluster_name[TEST-CHILD_VM=[0]-CLUSTER_SEED=[-7449427405447180618]-HASH=[2645B46835F9]-cluster]}, ping_response{node [{node_t0}{MSgO3f-9S-yat_4GxxKW6w}{127.0.0.1}{127.0.0.1:9440}[mode=>network]], id[332], master [null], hasJoinedOnce [false], cluster_name[TEST-CHILD_VM=[0]-CLUSTER_SEED=[-7449427405447180618]-HASH=[2645B46835F9]-cluster]}]
[2016-04-18 03:03:34,617][TRACE][org.elasticsearch.discovery.zen.ping.unicast] [node_t0] [2] failed to connect to {#zen_unicast_5#}{127.0.0.1}{127.0.0.1:9444}
ConnectTransportException[[][127.0.0.1:9444] connect_timeout[30s]]; nested: ConnectException[Connection refused: /127.0.0.1:9444];
	at org.elasticsearch.transport.netty.NettyTransport.connectToChannelsLight(NettyTransport.java:954)
	at org.elasticsearch.transport.netty.NettyTransport.connectToNode(NettyTransport.java:918)
	at org.elasticsearch.transport.netty.NettyTransport.connectToNodeLight(NettyTransport.java:890)
	at org.elasticsearch.test.transport.MockTransportService$LookupTestTransport.connectToNodeLight(MockTransportService.java:413)
	at org.elasticsearch.transport.TransportService.connectToNodeLight(TransportService.java:242)
	at org.elasticsearch.discovery.zen.ping.unicast.UnicastZenPing$3.run(UnicastZenPing.java:395)
	at java.util.concurrent.ThreadPoolExecutor.runWorker(ThreadPoolExecutor.java:1142)
	at java.util.concurrent.ThreadPoolExecutor$Worker.run(ThreadPoolExecutor.java:617)
	at java.lang.Thread.run(Thread.java:745)
Caused by: java.net.ConnectException: Connection refused: /127.0.0.1:9444
	at sun.nio.ch.SocketChannelImpl.checkConnect(Native Method)
	at sun.nio.ch.SocketChannelImpl.finishConnect(SocketChannelImpl.java:717)
	at org.jboss.netty.channel.socket.nio.NioClientBoss.connect(NioClientBoss.java:152)
	at org.jboss.netty.channel.socket.nio.NioClientBoss.processSelectedKeys(NioClientBoss.java:105)
	at org.jboss.netty.channel.socket.nio.NioClientBoss.process(NioClientBoss.java:79)
	at org.jboss.netty.channel.socket.nio.AbstractNioSelector.run(AbstractNioSelector.java:337)
	at org.jboss.netty.channel.socket.nio.NioClientBoss.run(NioClientBoss.java:42)
	at org.jboss.netty.util.ThreadRenamingRunnable.run(ThreadRenamingRunnable.java:108)
	at org.jboss.netty.util.internal.DeadLockProofWorker$1.run(DeadLockProofWorker.java:42)
	... 3 more
[2016-04-18 03:03:34,617][TRACE][org.elasticsearch.discovery.zen.ping.unicast] [node_t0] [2] failed to connect to {#zen_unicast_4#}{127.0.0.1}{127.0.0.1:9443}
ConnectTransportException[[][127.0.0.1:9443] connect_timeout[30s]]; nested: ConnectException[Connection refused: /127.0.0.1:9443];
	at org.elasticsearch.transport.netty.NettyTransport.connectToChannelsLight(NettyTransport.java:954)
	at org.elasticsearch.transport.netty.NettyTransport.connectToNode(NettyTransport.java:918)
	at org.elasticsearch.transport.netty.NettyTransport.connectToNodeLight(NettyTransport.java:890)
	at org.elasticsearch.test.transport.MockTransportService$LookupTestTransport.connectToNodeLight(MockTransportService.java:413)
	at org.elasticsearch.transport.TransportService.connectToNodeLight(TransportService.java:242)
	at org.elasticsearch.discovery.zen.ping.unicast.UnicastZenPing$3.run(UnicastZenPing.java:395)
	at java.util.concurrent.ThreadPoolExecutor.runWorker(ThreadPoolExecutor.java:1142)
	at java.util.concurrent.ThreadPoolExecutor$Worker.run(ThreadPoolExecutor.java:617)
	at java.lang.Thread.run(Thread.java:745)
Caused by: java.net.ConnectException: Connection refused: /127.0.0.1:9443
	at sun.nio.ch.SocketChannelImpl.checkConnect(Native Method)
	at sun.nio.ch.SocketChannelImpl.finishConnect(SocketChannelImpl.java:717)
	at org.jboss.netty.channel.socket.nio.NioClientBoss.connect(NioClientBoss.java:152)
	at org.jboss.netty.channel.socket.nio.NioClientBoss.processSelectedKeys(NioClientBoss.java:105)
	at org.jboss.netty.channel.socket.nio.NioClientBoss.process(NioClientBoss.java:79)
	at org.jboss.netty.channel.socket.nio.AbstractNioSelector.run(AbstractNioSelector.java:337)
	at org.jboss.netty.channel.socket.nio.NioClientBoss.run(NioClientBoss.java:42)
	at org.jboss.netty.util.ThreadRenamingRunnable.run(ThreadRenamingRunnable.java:108)
	at org.jboss.netty.util.internal.DeadLockProofWorker$1.run(DeadLockProofWorker.java:42)
	... 3 more
[2016-04-18 03:03:34,618][TRACE][org.elasticsearch.discovery.zen.ping.unicast] [node_t0] [2] failed to connect to {#zen_unicast_9#}{::1}{[::1]:9443}
ConnectTransportException[[][[::1]:9443] connect_timeout[30s]]; nested: ConnectException[Connection refused: /0:0:0:0:0:0:0:1:9443];
	at org.elasticsearch.transport.netty.NettyTransport.connectToChannelsLight(NettyTransport.java:954)
	at org.elasticsearch.transport.netty.NettyTransport.connectToNode(NettyTransport.java:918)
	at org.elasticsearch.transport.netty.NettyTransport.connectToNodeLight(NettyTransport.java:890)
	at org.elasticsearch.test.transport.MockTransportService$LookupTestTransport.connectToNodeLight(MockTransportService.java:413)
	at org.elasticsearch.transport.TransportService.connectToNodeLight(TransportService.java:242)
	at org.elasticsearch.discovery.zen.ping.unicast.UnicastZenPing$3.run(UnicastZenPing.java:395)
	at java.util.concurrent.ThreadPoolExecutor.runWorker(ThreadPoolExecutor.java:1142)
	at java.util.concurrent.ThreadPoolExecutor$Worker.run(ThreadPoolExecutor.java:617)
	at java.lang.Thread.run(Thread.java:745)
Caused by: java.net.ConnectException: Connection refused: /0:0:0:0:0:0:0:1:9443
	at sun.nio.ch.SocketChannelImpl.checkConnect(Native Method)
	at sun.nio.ch.SocketChannelImpl.finishConnect(SocketChannelImpl.java:717)
	at org.jboss.netty.channel.socket.nio.NioClientBoss.connect(NioClientBoss.java:152)
	at org.jboss.netty.channel.socket.nio.NioClientBoss.processSelectedKeys(NioClientBoss.java:105)
	at org.jboss.netty.channel.socket.nio.NioClientBoss.process(NioClientBoss.java:79)
	at org.jboss.netty.channel.socket.nio.AbstractNioSelector.run(AbstractNioSelector.java:337)
	at org.jboss.netty.channel.socket.nio.NioClientBoss.run(NioClientBoss.java:42)
	at org.jboss.netty.util.ThreadRenamingRunnable.run(ThreadRenamingRunnable.java:108)
	at org.jboss.netty.util.internal.DeadLockProofWorker$1.run(DeadLockProofWorker.java:42)
	... 3 more
[2016-04-18 03:03:34,618][TRACE][org.elasticsearch.discovery.zen.ping.unicast] [node_t0] [2] failed to connect to {#zen_unicast_7#}{::1}{[::1]:9441}
ConnectTransportException[[][[::1]:9441] connect_timeout[30s]]; nested: ConnectException[Connection refused: /0:0:0:0:0:0:0:1:9441];
	at org.elasticsearch.transport.netty.NettyTransport.connectToChannelsLight(NettyTransport.java:954)
	at org.elasticsearch.transport.netty.NettyTransport.connectToNode(NettyTransport.java:918)
	at org.elasticsearch.transport.netty.NettyTransport.connectToNodeLight(NettyTransport.java:890)
	at org.elasticsearch.test.transport.MockTransportService$LookupTestTransport.connectToNodeLight(MockTransportService.java:413)
	at org.elasticsearch.transport.TransportService.connectToNodeLight(TransportService.java:242)
	at org.elasticsearch.discovery.zen.ping.unicast.UnicastZenPing$3.run(UnicastZenPing.java:395)
	at java.util.concurrent.ThreadPoolExecutor.runWorker(ThreadPoolExecutor.java:1142)
	at java.util.concurrent.ThreadPoolExecutor$Worker.run(ThreadPoolExecutor.java:617)
	at java.lang.Thread.run(Thread.java:745)
Caused by: java.net.ConnectException: Connection refused: /0:0:0:0:0:0:0:1:9441
	at sun.nio.ch.SocketChannelImpl.checkConnect(Native Method)
	at sun.nio.ch.SocketChannelImpl.finishConnect(SocketChannelImpl.java:717)
	at org.jboss.netty.channel.socket.nio.NioClientBoss.connect(NioClientBoss.java:152)
	at org.jboss.netty.channel.socket.nio.NioClientBoss.processSelectedKeys(NioClientBoss.java:105)
	at org.jboss.netty.channel.socket.nio.NioClientBoss.process(NioClientBoss.java:79)
	at org.jboss.netty.channel.socket.nio.AbstractNioSelector.run(AbstractNioSelector.java:337)
	at org.jboss.netty.channel.socket.nio.NioClientBoss.run(NioClientBoss.java:42)
	at org.jboss.netty.util.ThreadRenamingRunnable.run(ThreadRenamingRunnable.java:108)
	at org.jboss.netty.util.internal.DeadLockProofWorker$1.run(DeadLockProofWorker.java:42)
	... 3 more
[2016-04-18 03:03:34,618][TRACE][org.elasticsearch.discovery.zen.ping.unicast] [node_t0] [2] failed to connect to {#zen_unicast_10#}{::1}{[::1]:9444}
ConnectTransportException[[][[::1]:9444] connect_timeout[30s]]; nested: ConnectException[Connection refused: /0:0:0:0:0:0:0:1:9444];
	at org.elasticsearch.transport.netty.NettyTransport.connectToChannelsLight(NettyTransport.java:954)
	at org.elasticsearch.transport.netty.NettyTransport.connectToNode(NettyTransport.java:918)
	at org.elasticsearch.transport.netty.NettyTransport.connectToNodeLight(NettyTransport.java:890)
	at org.elasticsearch.test.transport.MockTransportService$LookupTestTransport.connectToNodeLight(MockTransportService.java:413)
	at org.elasticsearch.transport.TransportService.connectToNodeLight(TransportService.java:242)
	at org.elasticsearch.discovery.zen.ping.unicast.UnicastZenPing$3.run(UnicastZenPing.java:395)
	at java.util.concurrent.ThreadPoolExecutor.runWorker(ThreadPoolExecutor.java:1142)
	at java.util.concurrent.ThreadPoolExecutor$Worker.run(ThreadPoolExecutor.java:617)
	at java.lang.Thread.run(Thread.java:745)
Caused by: java.net.ConnectException: Connection refused: /0:0:0:0:0:0:0:1:9444
	at sun.nio.ch.SocketChannelImpl.checkConnect(Native Method)
	at sun.nio.ch.SocketChannelImpl.finishConnect(SocketChannelImpl.java:717)
	at org.jboss.netty.channel.socket.nio.NioClientBoss.connect(NioClientBoss.java:152)
	at org.jboss.netty.channel.socket.nio.NioClientBoss.processSelectedKeys(NioClientBoss.java:105)
	at org.jboss.netty.channel.socket.nio.NioClientBoss.process(NioClientBoss.java:79)
	at org.jboss.netty.channel.socket.nio.AbstractNioSelector.run(AbstractNioSelector.java:337)
	at org.jboss.netty.channel.socket.nio.NioClientBoss.run(NioClientBoss.java:42)
	at org.jboss.netty.util.ThreadRenamingRunnable.run(ThreadRenamingRunnable.java:108)
	at org.jboss.netty.util.internal.DeadLockProofWorker$1.run(DeadLockProofWorker.java:42)
	... 3 more
[2016-04-18 03:03:34,718][TRACE][org.elasticsearch.discovery.zen.ping.unicast] [node_t0] [2] sending to {node_t0}{MSgO3f-9S-yat_4GxxKW6w}{127.0.0.1}{127.0.0.1:9440}[mode=>network]
[2016-04-18 03:03:34,718][TRACE][org.elasticsearch.discovery.zen.ping.unicast] [node_t0] [2] received response from {node_t0}{MSgO3f-9S-yat_4GxxKW6w}{127.0.0.1}{127.0.0.1:9440}[mode=>network]: [ping_response{node [{node_t0}{MSgO3f-9S-yat_4GxxKW6w}{127.0.0.1}{127.0.0.1:9440}[mode=>network]], id[317], master [null], hasJoinedOnce [false], cluster_name[TEST-CHILD_VM=[0]-CLUSTER_SEED=[-7449427405447180618]-HASH=[2645B46835F9]-cluster]}, ping_response{node [{node_t0}{MSgO3f-9S-yat_4GxxKW6w}{127.0.0.1}{127.0.0.1:9440}[mode=>network]], id[317], master [null], hasJoinedOnce [false], cluster_name[TEST-CHILD_VM=[0]-CLUSTER_SEED=[-7449427405447180618]-HASH=[2645B46835F9]-cluster]}, ping_response{node [{node_t0}{MSgO3f-9S-yat_4GxxKW6w}{127.0.0.1}{127.0.0.1:9440}[mode=>network]], id[317], master [null], hasJoinedOnce [false], cluster_name[TEST-CHILD_VM=[0]-CLUSTER_SEED=[-7449427405447180618]-HASH=[2645B46835F9]-cluster]}, ping_response{node [{node_t0}{MSgO3f-9S-yat_4GxxKW6w}{127.0.0.1}{127.0.0.1:9440}[mode=>network]], id[321], master [null], hasJoinedOnce [false], cluster_name[TEST-CHILD_VM=[0]-CLUSTER_SEED=[-7449427405447180618]-HASH=[2645B46835F9]-cluster]}, ping_response{node [{node_t0}{MSgO3f-9S-yat_4GxxKW6w}{127.0.0.1}{127.0.0.1:9440}[mode=>network]], id[321], master [null], hasJoinedOnce [false], cluster_name[TEST-CHILD_VM=[0]-CLUSTER_SEED=[-7449427405447180618]-HASH=[2645B46835F9]-cluster]}, ping_response{node [{node_t0}{MSgO3f-9S-yat_4GxxKW6w}{127.0.0.1}{127.0.0.1:9440}[mode=>network]], id[321], master [null], hasJoinedOnce [false], cluster_name[TEST-CHILD_VM=[0]-CLUSTER_SEED=[-7449427405447180618]-HASH=[2645B46835F9]-cluster]}, ping_response{node [{node_t0}{MSgO3f-9S-yat_4GxxKW6w}{127.0.0.1}{127.0.0.1:9440}[mode=>network]], id[325], master [null], hasJoinedOnce [false], cluster_name[TEST-CHILD_VM=[0]-CLUSTER_SEED=[-7449427405447180618]-HASH=[2645B46835F9]-cluster]}, ping_response{node [{node_t0}{MSgO3f-9S-yat_4GxxKW6w}{127.0.0.1}{127.0.0.1:9440}[mode=>network]], id[325], master [null], hasJoinedOnce [false], cluster_name[TEST-CHILD_VM=[0]-CLUSTER_SEED=[-7449427405447180618]-HASH=[2645B46835F9]-cluster]}, ping_response{node [{node_t0}{MSgO3f-9S-yat_4GxxKW6w}{127.0.0.1}{127.0.0.1:9440}[mode=>network]], id[325], master [null], hasJoinedOnce [false], cluster_name[TEST-CHILD_VM=[0]-CLUSTER_SEED=[-7449427405447180618]-HASH=[2645B46835F9]-cluster]}, ping_response{node [{node_t0}{MSgO3f-9S-yat_4GxxKW6w}{127.0.0.1}{127.0.0.1:9440}[mode=>network]], id[329], master [null], hasJoinedOnce [false], cluster_name[TEST-CHILD_VM=[0]-CLUSTER_SEED=[-7449427405447180618]-HASH=[2645B46835F9]-cluster]}, ping_response{node [{node_t0}{MSgO3f-9S-yat_4GxxKW6w}{127.0.0.1}{127.0.0.1:9440}[mode=>network]], id[329], master [null], hasJoinedOnce [false], cluster_name[TEST-CHILD_VM=[0]-CLUSTER_SEED=[-7449427405447180618]-HASH=[2645B46835F9]-cluster]}, ping_response{node [{node_t0}{MSgO3f-9S-yat_4GxxKW6w}{127.0.0.1}{127.0.0.1:9440}[mode=>network]], id[329], master [null], hasJoinedOnce [false], cluster_name[TEST-CHILD_VM=[0]-CLUSTER_SEED=[-7449427405447180618]-HASH=[2645B46835F9]-cluster]}, ping_response{node [{node_t0}{MSgO3f-9S-yat_4GxxKW6w}{127.0.0.1}{127.0.0.1:9440}[mode=>network]], id[333], master [null], hasJoinedOnce [false], cluster_name[TEST-CHILD_VM=[0]-CLUSTER_SEED=[-7449427405447180618]-HASH=[2645B46835F9]-cluster]}, ping_response{node [{node_t0}{MSgO3f-9S-yat_4GxxKW6w}{127.0.0.1}{127.0.0.1:9440}[mode=>network]], id[334], master [null], hasJoinedOnce [false], cluster_name[TEST-CHILD_VM=[0]-CLUSTER_SEED=[-7449427405447180618]-HASH=[2645B46835F9]-cluster]}]
[2016-04-18 03:03:34,719][TRACE][org.elasticsearch.discovery.zen.ping.unicast] [node_t0] [2] connecting (light) to {#zen_unicast_5#}{127.0.0.1}{127.0.0.1:9444}
[2016-04-18 03:03:34,719][TRACE][org.elasticsearch.discovery.zen.ping.unicast] [node_t0] [2] connecting (light) to {#zen_unicast_4#}{127.0.0.1}{127.0.0.1:9443}
[2016-04-18 03:03:34,719][TRACE][org.elasticsearch.discovery.zen.ping.unicast] [node_t0] [2] connecting (light) to {#zen_unicast_3#}{127.0.0.1}{127.0.0.1:9442}
[2016-04-18 03:03:34,719][TRACE][org.elasticsearch.discovery.zen.ping.unicast] [node_t0] [2] sending to {#zen_unicast_6#}{::1}{[::1]:9440}
[2016-04-18 03:03:34,719][TRACE][org.elasticsearch.discovery.zen.ping.unicast] [node_t0] [2] connecting (light) to {#zen_unicast_2#}{127.0.0.1}{127.0.0.1:9441}
[2016-04-18 03:03:34,719][TRACE][org.elasticsearch.discovery.zen.ping.unicast] [node_t0] [2] sending to {node_t0}{MSgO3f-9S-yat_4GxxKW6w}{127.0.0.1}{127.0.0.1:9440}[mode=>network]
[2016-04-18 03:03:34,719][TRACE][org.elasticsearch.discovery.zen.ping.unicast] [node_t0] [2] connecting (light) to {#zen_unicast_8#}{::1}{[::1]:9442}
[2016-04-18 03:03:34,719][TRACE][org.elasticsearch.discovery.zen.ping.unicast] [node_t0] [2] connecting (light) to {#zen_unicast_10#}{::1}{[::1]:9444}
[2016-04-18 03:03:34,719][TRACE][org.elasticsearch.discovery.zen.ping.unicast] [node_t0] [2] received response from {node_t0}{MSgO3f-9S-yat_4GxxKW6w}{127.0.0.1}{127.0.0.1:9440}[mode=>network]: [ping_response{node [{node_t0}{MSgO3f-9S-yat_4GxxKW6w}{127.0.0.1}{127.0.0.1:9440}[mode=>network]], id[317], master [null], hasJoinedOnce [false], cluster_name[TEST-CHILD_VM=[0]-CLUSTER_SEED=[-7449427405447180618]-HASH=[2645B46835F9]-cluster]}, ping_response{node [{node_t0}{MSgO3f-9S-yat_4GxxKW6w}{127.0.0.1}{127.0.0.1:9440}[mode=>network]], id[317], master [null], hasJoinedOnce [false], cluster_name[TEST-CHILD_VM=[0]-CLUSTER_SEED=[-7449427405447180618]-HASH=[2645B46835F9]-cluster]}, ping_response{node [{node_t0}{MSgO3f-9S-yat_4GxxKW6w}{127.0.0.1}{127.0.0.1:9440}[mode=>network]], id[317], master [null], hasJoinedOnce [false], cluster_name[TEST-CHILD_VM=[0]-CLUSTER_SEED=[-7449427405447180618]-HASH=[2645B46835F9]-cluster]}, ping_response{node [{node_t0}{MSgO3f-9S-yat_4GxxKW6w}{127.0.0.1}{127.0.0.1:9440}[mode=>network]], id[321], master [null], hasJoinedOnce [false], cluster_name[TEST-CHILD_VM=[0]-CLUSTER_SEED=[-7449427405447180618]-HASH=[2645B46835F9]-cluster]}, ping_response{node [{node_t0}{MSgO3f-9S-yat_4GxxKW6w}{127.0.0.1}{127.0.0.1:9440}[mode=>network]], id[321], master [null], hasJoinedOnce [false], cluster_name[TEST-CHILD_VM=[0]-CLUSTER_SEED=[-7449427405447180618]-HASH=[2645B46835F9]-cluster]}, ping_response{node [{node_t0}{MSgO3f-9S-yat_4GxxKW6w}{127.0.0.1}{127.0.0.1:9440}[mode=>network]], id[321], master [null], hasJoinedOnce [false], cluster_name[TEST-CHILD_VM=[0]-CLUSTER_SEED=[-7449427405447180618]-HASH=[2645B46835F9]-cluster]}, ping_response{node [{node_t0}{MSgO3f-9S-yat_4GxxKW6w}{127.0.0.1}{127.0.0.1:9440}[mode=>network]], id[325], master [null], hasJoinedOnce [false], cluster_name[TEST-CHILD_VM=[0]-CLUSTER_SEED=[-7449427405447180618]-HASH=[2645B46835F9]-cluster]}, ping_response{node [{node_t0}{MSgO3f-9S-yat_4GxxKW6w}{127.0.0.1}{127.0.0.1:9440}[mode=>network]], id[325], master [null], hasJoinedOnce [false], cluster_name[TEST-CHILD_VM=[0]-CLUSTER_SEED=[-7449427405447180618]-HASH=[2645B46835F9]-cluster]}, ping_response{node [{node_t0}{MSgO3f-9S-yat_4GxxKW6w}{127.0.0.1}{127.0.0.1:9440}[mode=>network]], id[325], master [null], hasJoinedOnce [false], cluster_name[TEST-CHILD_VM=[0]-CLUSTER_SEED=[-7449427405447180618]-HASH=[2645B46835F9]-cluster]}, ping_response{node [{node_t0}{MSgO3f-9S-yat_4GxxKW6w}{127.0.0.1}{127.0.0.1:9440}[mode=>network]], id[329], master [null], hasJoinedOnce [false], cluster_name[TEST-CHILD_VM=[0]-CLUSTER_SEED=[-7449427405447180618]-HASH=[2645B46835F9]-cluster]}, ping_response{node [{node_t0}{MSgO3f-9S-yat_4GxxKW6w}{127.0.0.1}{127.0.0.1:9440}[mode=>network]], id[329], master [null], hasJoinedOnce [false], cluster_name[TEST-CHILD_VM=[0]-CLUSTER_SEED=[-7449427405447180618]-HASH=[2645B46835F9]-cluster]}, ping_response{node [{node_t0}{MSgO3f-9S-yat_4GxxKW6w}{127.0.0.1}{127.0.0.1:9440}[mode=>network]], id[329], master [null], hasJoinedOnce [false], cluster_name[TEST-CHILD_VM=[0]-CLUSTER_SEED=[-7449427405447180618]-HASH=[2645B46835F9]-cluster]}, ping_response{node [{node_t0}{MSgO3f-9S-yat_4GxxKW6w}{127.0.0.1}{127.0.0.1:9440}[mode=>network]], id[333], master [null], hasJoinedOnce [false], cluster_name[TEST-CHILD_VM=[0]-CLUSTER_SEED=[-7449427405447180618]-HASH=[2645B46835F9]-cluster]}, ping_response{node [{node_t0}{MSgO3f-9S-yat_4GxxKW6w}{127.0.0.1}{127.0.0.1:9440}[mode=>network]], id[333], master [null], hasJoinedOnce [false], cluster_name[TEST-CHILD_VM=[0]-CLUSTER_SEED=[-7449427405447180618]-HASH=[2645B46835F9]-cluster]}, ping_response{node [{node_t0}{MSgO3f-9S-yat_4GxxKW6w}{127.0.0.1}{127.0.0.1:9440}[mode=>network]], id[335], master [null], hasJoinedOnce [false], cluster_name[TEST-CHILD_VM=[0]-CLUSTER_SEED=[-7449427405447180618]-HASH=[2645B46835F9]-cluster]}]
[2016-04-18 03:03:34,719][TRACE][org.elasticsearch.discovery.zen.ping.unicast] [node_t0] [2] connecting (light) to {#zen_unicast_7#}{::1}{[::1]:9441}
[2016-04-18 03:03:34,719][TRACE][org.elasticsearch.discovery.zen.ping.unicast] [node_t0] [2] failed to connect to {#zen_unicast_5#}{127.0.0.1}{127.0.0.1:9444}
ConnectTransportException[[][127.0.0.1:9444] connect_timeout[30s]]; nested: ConnectException[Connection refused: /127.0.0.1:9444];
	at org.elasticsearch.transport.netty.NettyTransport.connectToChannelsLight(NettyTransport.java:954)
	at org.elasticsearch.transport.netty.NettyTransport.connectToNode(NettyTransport.java:918)
	at org.elasticsearch.transport.netty.NettyTransport.connectToNodeLight(NettyTransport.java:890)
	at org.elasticsearch.test.transport.MockTransportService$LookupTestTransport.connectToNodeLight(MockTransportService.java:413)
	at org.elasticsearch.transport.TransportService.connectToNodeLight(TransportService.java:242)
	at org.elasticsearch.discovery.zen.ping.unicast.UnicastZenPing$3.run(UnicastZenPing.java:395)
	at java.util.concurrent.ThreadPoolExecutor.runWorker(ThreadPoolExecutor.java:1142)
	at java.util.concurrent.ThreadPoolExecutor$Worker.run(ThreadPoolExecutor.java:617)
	at java.lang.Thread.run(Thread.java:745)
Caused by: java.net.ConnectException: Connection refused: /127.0.0.1:9444
	at sun.nio.ch.SocketChannelImpl.checkConnect(Native Method)
	at sun.nio.ch.SocketChannelImpl.finishConnect(SocketChannelImpl.java:717)
	at org.jboss.netty.channel.socket.nio.NioClientBoss.connect(NioClientBoss.java:152)
	at org.jboss.netty.channel.socket.nio.NioClientBoss.processSelectedKeys(NioClientBoss.java:105)
	at org.jboss.netty.channel.socket.nio.NioClientBoss.process(NioClientBoss.java:79)
	at org.jboss.netty.channel.socket.nio.AbstractNioSelector.run(AbstractNioSelector.java:337)
	at org.jboss.netty.channel.socket.nio.NioClientBoss.run(NioClientBoss.java:42)
	at org.jboss.netty.util.ThreadRenamingRunnable.run(ThreadRenamingRunnable.java:108)
	at org.jboss.netty.util.internal.DeadLockProofWorker$1.run(DeadLockProofWorker.java:42)
	... 3 more
[2016-04-18 03:03:34,720][TRACE][org.elasticsearch.discovery.zen.ping.unicast] [node_t0] [2] failed to connect to {#zen_unicast_8#}{::1}{[::1]:9442}
ConnectTransportException[[][[::1]:9442] connect_timeout[30s]]; nested: ConnectException[Connection refused: /0:0:0:0:0:0:0:1:9442];
	at org.elasticsearch.transport.netty.NettyTransport.connectToChannelsLight(NettyTransport.java:954)
	at org.elasticsearch.transport.netty.NettyTransport.connectToNode(NettyTransport.java:918)
	at org.elasticsearch.transport.netty.NettyTransport.connectToNodeLight(NettyTransport.java:890)
	at org.elasticsearch.test.transport.MockTransportService$LookupTestTransport.connectToNodeLight(MockTransportService.java:413)
	at org.elasticsearch.transport.TransportService.connectToNodeLight(TransportService.java:242)
	at org.elasticsearch.discovery.zen.ping.unicast.UnicastZenPing$3.run(UnicastZenPing.java:395)
	at java.util.concurrent.ThreadPoolExecutor.runWorker(ThreadPoolExecutor.java:1142)
	at java.util.concurrent.ThreadPoolExecutor$Worker.run(ThreadPoolExecutor.java:617)
	at java.lang.Thread.run(Thread.java:745)
Caused by: java.net.ConnectException: Connection refused: /0:0:0:0:0:0:0:1:9442
	at sun.nio.ch.SocketChannelImpl.checkConnect(Native Method)
	at sun.nio.ch.SocketChannelImpl.finishConnect(SocketChannelImpl.java:717)
	at org.jboss.netty.channel.socket.nio.NioClientBoss.connect(NioClientBoss.java:152)
	at org.jboss.netty.channel.socket.nio.NioClientBoss.processSelectedKeys(NioClientBoss.java:105)
	at org.jboss.netty.channel.socket.nio.NioClientBoss.process(NioClientBoss.java:79)
	at org.jboss.netty.channel.socket.nio.AbstractNioSelector.run(AbstractNioSelector.java:337)
	at org.jboss.netty.channel.socket.nio.NioClientBoss.run(NioClientBoss.java:42)
	at org.jboss.netty.util.ThreadRenamingRunnable.run(ThreadRenamingRunnable.java:108)
	at org.jboss.netty.util.internal.DeadLockProofWorker$1.run(DeadLockProofWorker.java:42)
	... 3 more
[2016-04-18 03:03:34,719][TRACE][org.elasticsearch.discovery.zen.ping.unicast] [node_t0] [2] failed to connect to {#zen_unicast_4#}{127.0.0.1}{127.0.0.1:9443}
ConnectTransportException[[][127.0.0.1:9443] connect_timeout[30s]]; nested: ConnectException[Connection refused: /127.0.0.1:9443];
	at org.elasticsearch.transport.netty.NettyTransport.connectToChannelsLight(NettyTransport.java:954)
	at org.elasticsearch.transport.netty.NettyTransport.connectToNode(NettyTransport.java:918)
	at org.elasticsearch.transport.netty.NettyTransport.connectToNodeLight(NettyTransport.java:890)
	at org.elasticsearch.test.transport.MockTransportService$LookupTestTransport.connectToNodeLight(MockTransportService.java:413)
	at org.elasticsearch.transport.TransportService.connectToNodeLight(TransportService.java:242)
	at org.elasticsearch.discovery.zen.ping.unicast.UnicastZenPing$3.run(UnicastZenPing.java:395)
	at java.util.concurrent.ThreadPoolExecutor.runWorker(ThreadPoolExecutor.java:1142)
	at java.util.concurrent.ThreadPoolExecutor$Worker.run(ThreadPoolExecutor.java:617)
	at java.lang.Thread.run(Thread.java:745)
Caused by: java.net.ConnectException: Connection refused: /127.0.0.1:9443
	at sun.nio.ch.SocketChannelImpl.checkConnect(Native Method)
	at sun.nio.ch.SocketChannelImpl.finishConnect(SocketChannelImpl.java:717)
	at org.jboss.netty.channel.socket.nio.NioClientBoss.connect(NioClientBoss.java:152)
	at org.jboss.netty.channel.socket.nio.NioClientBoss.processSelectedKeys(NioClientBoss.java:105)
	at org.jboss.netty.channel.socket.nio.NioClientBoss.process(NioClientBoss.java:79)
	at org.jboss.netty.channel.socket.nio.AbstractNioSelector.run(AbstractNioSelector.java:337)
	at org.jboss.netty.channel.socket.nio.NioClientBoss.run(NioClientBoss.java:42)
	at org.jboss.netty.util.ThreadRenamingRunnable.run(ThreadRenamingRunnable.java:108)
	at org.jboss.netty.util.internal.DeadLockProofWorker$1.run(DeadLockProofWorker.java:42)
	... 3 more
[2016-04-18 03:03:34,719][TRACE][org.elasticsearch.discovery.zen.ping.unicast] [node_t0] [2] connecting (light) to {#zen_unicast_9#}{::1}{[::1]:9443}
[2016-04-18 03:03:34,720][TRACE][org.elasticsearch.discovery.zen.ping.unicast] [node_t0] [2] failed to connect to {#zen_unicast_7#}{::1}{[::1]:9441}
ConnectTransportException[[][[::1]:9441] connect_timeout[30s]]; nested: ConnectException[Connection refused: /0:0:0:0:0:0:0:1:9441];
	at org.elasticsearch.transport.netty.NettyTransport.connectToChannelsLight(NettyTransport.java:954)
	at org.elasticsearch.transport.netty.NettyTransport.connectToNode(NettyTransport.java:918)
	at org.elasticsearch.transport.netty.NettyTransport.connectToNodeLight(NettyTransport.java:890)
	at org.elasticsearch.test.transport.MockTransportService$LookupTestTransport.connectToNodeLight(MockTransportService.java:413)
	at org.elasticsearch.transport.TransportService.connectToNodeLight(TransportService.java:242)
	at org.elasticsearch.discovery.zen.ping.unicast.UnicastZenPing$3.run(UnicastZenPing.java:395)
	at java.util.concurrent.ThreadPoolExecutor.runWorker(ThreadPoolExecutor.java:1142)
	at java.util.concurrent.ThreadPoolExecutor$Worker.run(ThreadPoolExecutor.java:617)
	at java.lang.Thread.run(Thread.java:745)
Caused by: java.net.ConnectException: Connection refused: /0:0:0:0:0:0:0:1:9441
	at sun.nio.ch.SocketChannelImpl.checkConnect(Native Method)
	at sun.nio.ch.SocketChannelImpl.finishConnect(SocketChannelImpl.java:717)
	at org.jboss.netty.channel.socket.nio.NioClientBoss.connect(NioClientBoss.java:152)
	at org.jboss.netty.channel.socket.nio.NioClientBoss.processSelectedKeys(NioClientBoss.java:105)
	at org.jboss.netty.channel.socket.nio.NioClientBoss.process(NioClientBoss.java:79)
	at org.jboss.netty.channel.socket.nio.AbstractNioSelector.run(AbstractNioSelector.java:337)
	at org.jboss.netty.channel.socket.nio.NioClientBoss.run(NioClientBoss.java:42)
	at org.jboss.netty.util.ThreadRenamingRunnable.run(ThreadRenamingRunnable.java:108)
	at org.jboss.netty.util.internal.DeadLockProofWorker$1.run(DeadLockProofWorker.java:42)
	... 3 more
[2016-04-18 03:03:34,720][TRACE][org.elasticsearch.discovery.zen.ping.unicast] [node_t0] [2] failed to connect to {#zen_unicast_2#}{127.0.0.1}{127.0.0.1:9441}
ConnectTransportException[[][127.0.0.1:9441] connect_timeout[30s]]; nested: ConnectException[Connection refused: /127.0.0.1:9441];
	at org.elasticsearch.transport.netty.NettyTransport.connectToChannelsLight(NettyTransport.java:954)
	at org.elasticsearch.transport.netty.NettyTransport.connectToNode(NettyTransport.java:918)
	at org.elasticsearch.transport.netty.NettyTransport.connectToNodeLight(NettyTransport.java:890)
	at org.elasticsearch.test.transport.MockTransportService$LookupTestTransport.connectToNodeLight(MockTransportService.java:413)
	at org.elasticsearch.transport.TransportService.connectToNodeLight(TransportService.java:242)
	at org.elasticsearch.discovery.zen.ping.unicast.UnicastZenPing$3.run(UnicastZenPing.java:395)
	at java.util.concurrent.ThreadPoolExecutor.runWorker(ThreadPoolExecutor.java:1142)
	at java.util.concurrent.ThreadPoolExecutor$Worker.run(ThreadPoolExecutor.java:617)
	at java.lang.Thread.run(Thread.java:745)
Caused by: java.net.ConnectException: Connection refused: /127.0.0.1:9441
	at sun.nio.ch.SocketChannelImpl.checkConnect(Native Method)
	at sun.nio.ch.SocketChannelImpl.finishConnect(SocketChannelImpl.java:717)
	at org.jboss.netty.channel.socket.nio.NioClientBoss.connect(NioClientBoss.java:152)
	at org.jboss.netty.channel.socket.nio.NioClientBoss.processSelectedKeys(NioClientBoss.java:105)
	at org.jboss.netty.channel.socket.nio.NioClientBoss.process(NioClientBoss.java:79)
	at org.jboss.netty.channel.socket.nio.AbstractNioSelector.run(AbstractNioSelector.java:337)
	at org.jboss.netty.channel.socket.nio.NioClientBoss.run(NioClientBoss.java:42)
	at org.jboss.netty.util.ThreadRenamingRunnable.run(ThreadRenamingRunnable.java:108)
	at org.jboss.netty.util.internal.DeadLockProofWorker$1.run(DeadLockProofWorker.java:42)
	... 3 more
[2016-04-18 03:03:34,720][TRACE][org.elasticsearch.discovery.zen.ping.unicast] [node_t0] [2] failed to connect to {#zen_unicast_3#}{127.0.0.1}{127.0.0.1:9442}
ConnectTransportException[[][127.0.0.1:9442] connect_timeout[30s]]; nested: ConnectException[Connection refused: /127.0.0.1:9442];
	at org.elasticsearch.transport.netty.NettyTransport.connectToChannelsLight(NettyTransport.java:954)
	at org.elasticsearch.transport.netty.NettyTransport.connectToNode(NettyTransport.java:918)
	at org.elasticsearch.transport.netty.NettyTransport.connectToNodeLight(NettyTransport.java:890)
	at org.elasticsearch.test.transport.MockTransportService$LookupTestTransport.connectToNodeLight(MockTransportService.java:413)
	at org.elasticsearch.transport.TransportService.connectToNodeLight(TransportService.java:242)
	at org.elasticsearch.discovery.zen.ping.unicast.UnicastZenPing$3.run(UnicastZenPing.java:395)
	at java.util.concurrent.ThreadPoolExecutor.runWorker(ThreadPoolExecutor.java:1142)
	at java.util.concurrent.ThreadPoolExecutor$Worker.run(ThreadPoolExecutor.java:617)
	at java.lang.Thread.run(Thread.java:745)
Caused by: java.net.ConnectException: Connection refused: /127.0.0.1:9442
	at sun.nio.ch.SocketChannelImpl.checkConnect(Native Method)
	at sun.nio.ch.SocketChannelImpl.finishConnect(SocketChannelImpl.java:717)
	at org.jboss.netty.channel.socket.nio.NioClientBoss.connect(NioClientBoss.java:152)
	at org.jboss.netty.channel.socket.nio.NioClientBoss.processSelectedKeys(NioClientBoss.java:105)
	at org.jboss.netty.channel.socket.nio.NioClientBoss.process(NioClientBoss.java:79)
	at org.jboss.netty.channel.socket.nio.AbstractNioSelector.run(AbstractNioSelector.java:337)
	at org.jboss.netty.channel.socket.nio.NioClientBoss.run(NioClientBoss.java:42)
	at org.jboss.netty.util.ThreadRenamingRunnable.run(ThreadRenamingRunnable.java:108)
	at org.jboss.netty.util.internal.DeadLockProofWorker$1.run(DeadLockProofWorker.java:42)
	... 3 more
[2016-04-18 03:03:34,719][TRACE][org.elasticsearch.discovery.zen.ping.unicast] [node_t0] [2] received response from {#zen_unicast_6#}{::1}{[::1]:9440}: [ping_response{node [{node_t0}{MSgO3f-9S-yat_4GxxKW6w}{127.0.0.1}{127.0.0.1:9440}[mode=>network]], id[317], master [null], hasJoinedOnce [false], cluster_name[TEST-CHILD_VM=[0]-CLUSTER_SEED=[-7449427405447180618]-HASH=[2645B46835F9]-cluster]}, ping_response{node [{node_t0}{MSgO3f-9S-yat_4GxxKW6w}{127.0.0.1}{127.0.0.1:9440}[mode=>network]], id[317], master [null], hasJoinedOnce [false], cluster_name[TEST-CHILD_VM=[0]-CLUSTER_SEED=[-7449427405447180618]-HASH=[2645B46835F9]-cluster]}, ping_response{node [{node_t0}{MSgO3f-9S-yat_4GxxKW6w}{127.0.0.1}{127.0.0.1:9440}[mode=>network]], id[317], master [null], hasJoinedOnce [false], cluster_name[TEST-CHILD_VM=[0]-CLUSTER_SEED=[-7449427405447180618]-HASH=[2645B46835F9]-cluster]}, ping_response{node [{node_t0}{MSgO3f-9S-yat_4GxxKW6w}{127.0.0.1}{127.0.0.1:9440}[mode=>network]], id[321], master [null], hasJoinedOnce [false], cluster_name[TEST-CHILD_VM=[0]-CLUSTER_SEED=[-7449427405447180618]-HASH=[2645B46835F9]-cluster]}, ping_response{node [{node_t0}{MSgO3f-9S-yat_4GxxKW6w}{127.0.0.1}{127.0.0.1:9440}[mode=>network]], id[321], master [null], hasJoinedOnce [false], cluster_name[TEST-CHILD_VM=[0]-CLUSTER_SEED=[-7449427405447180618]-HASH=[2645B46835F9]-cluster]}, ping_response{node [{node_t0}{MSgO3f-9S-yat_4GxxKW6w}{127.0.0.1}{127.0.0.1:9440}[mode=>network]], id[321], master [null], hasJoinedOnce [false], cluster_name[TEST-CHILD_VM=[0]-CLUSTER_SEED=[-7449427405447180618]-HASH=[2645B46835F9]-cluster]}, ping_response{node [{node_t0}{MSgO3f-9S-yat_4GxxKW6w}{127.0.0.1}{127.0.0.1:9440}[mode=>network]], id[325], master [null], hasJoinedOnce [false], cluster_name[TEST-CHILD_VM=[0]-CLUSTER_SEED=[-7449427405447180618]-HASH=[2645B46835F9]-cluster]}, ping_response{node [{node_t0}{MSgO3f-9S-yat_4GxxKW6w}{127.0.0.1}{127.0.0.1:9440}[mode=>network]], id[325], master [null], hasJoinedOnce [false], cluster_name[TEST-CHILD_VM=[0]-CLUSTER_SEED=[-7449427405447180618]-HASH=[2645B46835F9]-cluster]}, ping_response{node [{node_t0}{MSgO3f-9S-yat_4GxxKW6w}{127.0.0.1}{127.0.0.1:9440}[mode=>network]], id[325], master [null], hasJoinedOnce [false], cluster_name[TEST-CHILD_VM=[0]-CLUSTER_SEED=[-7449427405447180618]-HASH=[2645B46835F9]-cluster]}, ping_response{node [{node_t0}{MSgO3f-9S-yat_4GxxKW6w}{127.0.0.1}{127.0.0.1:9440}[mode=>network]], id[329], master [null], hasJoinedOnce [false], cluster_name[TEST-CHILD_VM=[0]-CLUSTER_SEED=[-7449427405447180618]-HASH=[2645B46835F9]-cluster]}, ping_response{node [{node_t0}{MSgO3f-9S-yat_4GxxKW6w}{127.0.0.1}{127.0.0.1:9440}[mode=>network]], id[329], master [null], hasJoinedOnce [false], cluster_name[TEST-CHILD_VM=[0]-CLUSTER_SEED=[-7449427405447180618]-HASH=[2645B46835F9]-cluster]}, ping_response{node [{node_t0}{MSgO3f-9S-yat_4GxxKW6w}{127.0.0.1}{127.0.0.1:9440}[mode=>network]], id[329], master [null], hasJoinedOnce [false], cluster_name[TEST-CHILD_VM=[0]-CLUSTER_SEED=[-7449427405447180618]-HASH=[2645B46835F9]-cluster]}, ping_response{node [{node_t0}{MSgO3f-9S-yat_4GxxKW6w}{127.0.0.1}{127.0.0.1:9440}[mode=>network]], id[333], master [null], hasJoinedOnce [false], cluster_name[TEST-CHILD_VM=[0]-CLUSTER_SEED=[-7449427405447180618]-HASH=[2645B46835F9]-cluster]}, ping_response{node [{node_t0}{MSgO3f-9S-yat_4GxxKW6w}{127.0.0.1}{127.0.0.1:9440}[mode=>network]], id[333], master [null], hasJoinedOnce [false], cluster_name[TEST-CHILD_VM=[0]-CLUSTER_SEED=[-7449427405447180618]-HASH=[2645B46835F9]-cluster]}, ping_response{node [{node_t0}{MSgO3f-9S-yat_4GxxKW6w}{127.0.0.1}{127.0.0.1:9440}[mode=>network]], id[333], master [null], hasJoinedOnce [false], cluster_name[TEST-CHILD_VM=[0]-CLUSTER_SEED=[-7449427405447180618]-HASH=[2645B46835F9]-cluster]}, ping_response{node [{node_t0}{MSgO3f-9S-yat_4GxxKW6w}{127.0.0.1}{127.0.0.1:9440}[mode=>network]], id[336], master [null], hasJoinedOnce [false], cluster_name[TEST-CHILD_VM=[0]-CLUSTER_SEED=[-7449427405447180618]-HASH=[2645B46835F9]-cluster]}]
[2016-04-18 03:03:34,719][TRACE][org.elasticsearch.discovery.zen.ping.unicast] [node_t0] [2] failed to connect to {#zen_unicast_10#}{::1}{[::1]:9444}
ConnectTransportException[[][[::1]:9444] connect_timeout[30s]]; nested: ConnectException[Connection refused: /0:0:0:0:0:0:0:1:9444];
	at org.elasticsearch.transport.netty.NettyTransport.connectToChannelsLight(NettyTransport.java:954)
	at org.elasticsearch.transport.netty.NettyTransport.connectToNode(NettyTransport.java:918)
	at org.elasticsearch.transport.netty.NettyTransport.connectToNodeLight(NettyTransport.java:890)
	at org.elasticsearch.test.transport.MockTransportService$LookupTestTransport.connectToNodeLight(MockTransportService.java:413)
	at org.elasticsearch.transport.TransportService.connectToNodeLight(TransportService.java:242)
	at org.elasticsearch.discovery.zen.ping.unicast.UnicastZenPing$3.run(UnicastZenPing.java:395)
	at java.util.concurrent.ThreadPoolExecutor.runWorker(ThreadPoolExecutor.java:1142)
	at java.util.concurrent.ThreadPoolExecutor$Worker.run(ThreadPoolExecutor.java:617)
	at java.lang.Thread.run(Thread.java:745)
Caused by: java.net.ConnectException: Connection refused: /0:0:0:0:0:0:0:1:9444
	at sun.nio.ch.SocketChannelImpl.checkConnect(Native Method)
	at sun.nio.ch.SocketChannelImpl.finishConnect(SocketChannelImpl.java:717)
	at org.jboss.netty.channel.socket.nio.NioClientBoss.connect(NioClientBoss.java:152)
	at org.jboss.netty.channel.socket.nio.NioClientBoss.processSelectedKeys(NioClientBoss.java:105)
	at org.jboss.netty.channel.socket.nio.NioClientBoss.process(NioClientBoss.java:79)
	at org.jboss.netty.channel.socket.nio.AbstractNioSelector.run(AbstractNioSelector.java:337)
	at org.jboss.netty.channel.socket.nio.NioClientBoss.run(NioClientBoss.java:42)
	at org.jboss.netty.util.ThreadRenamingRunnable.run(ThreadRenamingRunnable.java:108)
	at org.jboss.netty.util.internal.DeadLockProofWorker$1.run(DeadLockProofWorker.java:42)
	... 3 more
[2016-04-18 03:03:34,721][TRACE][org.elasticsearch.discovery.zen.ping.unicast] [node_t0] [2] failed to connect to {#zen_unicast_9#}{::1}{[::1]:9443}
ConnectTransportException[[][[::1]:9443] connect_timeout[30s]]; nested: ConnectException[Connection refused: /0:0:0:0:0:0:0:1:9443];
	at org.elasticsearch.transport.netty.NettyTransport.connectToChannelsLight(NettyTransport.java:954)
	at org.elasticsearch.transport.netty.NettyTransport.connectToNode(NettyTransport.java:918)
	at org.elasticsearch.transport.netty.NettyTransport.connectToNodeLight(NettyTransport.java:890)
	at org.elasticsearch.test.transport.MockTransportService$LookupTestTransport.connectToNodeLight(MockTransportService.java:413)
	at org.elasticsearch.transport.TransportService.connectToNodeLight(TransportService.java:242)
	at org.elasticsearch.discovery.zen.ping.unicast.UnicastZenPing$3.run(UnicastZenPing.java:395)
	at java.util.concurrent.ThreadPoolExecutor.runWorker(ThreadPoolExecutor.java:1142)
	at java.util.concurrent.ThreadPoolExecutor$Worker.run(ThreadPoolExecutor.java:617)
	at java.lang.Thread.run(Thread.java:745)
Caused by: java.net.ConnectException: Connection refused: /0:0:0:0:0:0:0:1:9443
	at sun.nio.ch.SocketChannelImpl.checkConnect(Native Method)
	at sun.nio.ch.SocketChannelImpl.finishConnect(SocketChannelImpl.java:717)
	at org.jboss.netty.channel.socket.nio.NioClientBoss.connect(NioClientBoss.java:152)
	at org.jboss.netty.channel.socket.nio.NioClientBoss.processSelectedKeys(NioClientBoss.java:105)
	at org.jboss.netty.channel.socket.nio.NioClientBoss.process(NioClientBoss.java:79)
	at org.jboss.netty.channel.socket.nio.AbstractNioSelector.run(AbstractNioSelector.java:337)
	at org.jboss.netty.channel.socket.nio.NioClientBoss.run(NioClientBoss.java:42)
	at org.jboss.netty.util.ThreadRenamingRunnable.run(ThreadRenamingRunnable.java:108)
	at org.jboss.netty.util.internal.DeadLockProofWorker$1.run(DeadLockProofWorker.java:42)
	... 3 more
[2016-04-18 03:03:34,722][TRACE][org.elasticsearch.discovery.zen.ping.unicast] [node_t0] [2] disconnecting from {#zen_unicast_2#}{127.0.0.1}{127.0.0.1:9441}
[2016-04-18 03:03:34,722][TRACE][org.elasticsearch.discovery.zen] [node_t0] full ping responses: {none}
[2016-04-18 03:03:34,722][TRACE][org.elasticsearch.discovery.zen.ping.unicast] [node_t0] [2] disconnecting from {#zen_unicast_6#}{::1}{[::1]:9440}
[2016-04-18 03:03:34,722][DEBUG][org.elasticsearch.discovery.zen] [node_t0] filtered ping responses: (filter_client[true], filter_data[false]) {none}
[2016-04-18 03:03:34,722][TRACE][org.elasticsearch.discovery.zen] [node_t0] not enough master nodes [[{node_t0}{MSgO3f-9S-yat_4GxxKW6w}{127.0.0.1}{127.0.0.1:9440}[mode=>network]]]
[2016-04-18 03:03:34,722][TRACE][org.elasticsearch.discovery.zen] [node_t0] starting to ping
[2016-04-18 03:03:34,722][TRACE][org.elasticsearch.discovery.zen.ping.unicast] [node_t0] [2] disconnecting from {#zen_unicast_5#}{127.0.0.1}{127.0.0.1:9444}
[2016-04-18 03:03:34,722][TRACE][org.elasticsearch.discovery.zen.ping.unicast] [node_t0] [2] disconnecting from {#zen_unicast_4#}{127.0.0.1}{127.0.0.1:9443}
[2016-04-18 03:03:34,722][TRACE][org.elasticsearch.discovery.zen.ping.unicast] [node_t0] [3] sending to {node_t0}{MSgO3f-9S-yat_4GxxKW6w}{127.0.0.1}{127.0.0.1:9440}[mode=>network]
[2016-04-18 03:03:34,722][TRACE][org.elasticsearch.discovery.zen.ping.unicast] [node_t0] [2] disconnecting from {#zen_unicast_3#}{127.0.0.1}{127.0.0.1:9442}
[2016-04-18 03:03:34,723][TRACE][org.elasticsearch.discovery.zen.ping.unicast] [node_t0] [2] disconnecting from {#zen_unicast_10#}{::1}{[::1]:9444}
[2016-04-18 03:03:34,723][TRACE][org.elasticsearch.discovery.zen.ping.unicast] [node_t0] [3] received response from {node_t0}{MSgO3f-9S-yat_4GxxKW6w}{127.0.0.1}{127.0.0.1:9440}[mode=>network]: [ping_response{node [{node_t0}{MSgO3f-9S-yat_4GxxKW6w}{127.0.0.1}{127.0.0.1:9440}[mode=>network]], id[317], master [null], hasJoinedOnce [false], cluster_name[TEST-CHILD_VM=[0]-CLUSTER_SEED=[-7449427405447180618]-HASH=[2645B46835F9]-cluster]}, ping_response{node [{node_t0}{MSgO3f-9S-yat_4GxxKW6w}{127.0.0.1}{127.0.0.1:9440}[mode=>network]], id[317], master [null], hasJoinedOnce [false], cluster_name[TEST-CHILD_VM=[0]-CLUSTER_SEED=[-7449427405447180618]-HASH=[2645B46835F9]-cluster]}, ping_response{node [{node_t0}{MSgO3f-9S-yat_4GxxKW6w}{127.0.0.1}{127.0.0.1:9440}[mode=>network]], id[317], master [null], hasJoinedOnce [false], cluster_name[TEST-CHILD_VM=[0]-CLUSTER_SEED=[-7449427405447180618]-HASH=[2645B46835F9]-cluster]}, ping_response{node [{node_t0}{MSgO3f-9S-yat_4GxxKW6w}{127.0.0.1}{127.0.0.1:9440}[mode=>network]], id[321], master [null], hasJoinedOnce [false], cluster_name[TEST-CHILD_VM=[0]-CLUSTER_SEED=[-7449427405447180618]-HASH=[2645B46835F9]-cluster]}, ping_response{node [{node_t0}{MSgO3f-9S-yat_4GxxKW6w}{127.0.0.1}{127.0.0.1:9440}[mode=>network]], id[321], master [null], hasJoinedOnce [false], cluster_name[TEST-CHILD_VM=[0]-CLUSTER_SEED=[-7449427405447180618]-HASH=[2645B46835F9]-cluster]}, ping_response{node [{node_t0}{MSgO3f-9S-yat_4GxxKW6w}{127.0.0.1}{127.0.0.1:9440}[mode=>network]], id[321], master [null], hasJoinedOnce [false], cluster_name[TEST-CHILD_VM=[0]-CLUSTER_SEED=[-7449427405447180618]-HASH=[2645B46835F9]-cluster]}, ping_response{node [{node_t0}{MSgO3f-9S-yat_4GxxKW6w}{127.0.0.1}{127.0.0.1:9440}[mode=>network]], id[325], master [null], hasJoinedOnce [false], cluster_name[TEST-CHILD_VM=[0]-CLUSTER_SEED=[-7449427405447180618]-HASH=[2645B46835F9]-cluster]}, ping_response{node [{node_t0}{MSgO3f-9S-yat_4GxxKW6w}{127.0.0.1}{127.0.0.1:9440}[mode=>network]], id[325], master [null], hasJoinedOnce [false], cluster_name[TEST-CHILD_VM=[0]-CLUSTER_SEED=[-7449427405447180618]-HASH=[2645B46835F9]-cluster]}, ping_response{node [{node_t0}{MSgO3f-9S-yat_4GxxKW6w}{127.0.0.1}{127.0.0.1:9440}[mode=>network]], id[325], master [null], hasJoinedOnce [false], cluster_name[TEST-CHILD_VM=[0]-CLUSTER_SEED=[-7449427405447180618]-HASH=[2645B46835F9]-cluster]}, ping_response{node [{node_t0}{MSgO3f-9S-yat_4GxxKW6w}{127.0.0.1}{127.0.0.1:9440}[mode=>network]], id[329], master [null], hasJoinedOnce [false], cluster_name[TEST-CHILD_VM=[0]-CLUSTER_SEED=[-7449427405447180618]-HASH=[2645B46835F9]-cluster]}, ping_response{node [{node_t0}{MSgO3f-9S-yat_4GxxKW6w}{127.0.0.1}{127.0.0.1:9440}[mode=>network]], id[329], master [null], hasJoinedOnce [false], cluster_name[TEST-CHILD_VM=[0]-CLUSTER_SEED=[-7449427405447180618]-HASH=[2645B46835F9]-cluster]}, ping_response{node [{node_t0}{MSgO3f-9S-yat_4GxxKW6w}{127.0.0.1}{127.0.0.1:9440}[mode=>network]], id[329], master [null], hasJoinedOnce [false], cluster_name[TEST-CHILD_VM=[0]-CLUSTER_SEED=[-7449427405447180618]-HASH=[2645B46835F9]-cluster]}, ping_response{node [{node_t0}{MSgO3f-9S-yat_4GxxKW6w}{127.0.0.1}{127.0.0.1:9440}[mode=>network]], id[333], master [null], hasJoinedOnce [false], cluster_name[TEST-CHILD_VM=[0]-CLUSTER_SEED=[-7449427405447180618]-HASH=[2645B46835F9]-cluster]}, ping_response{node [{node_t0}{MSgO3f-9S-yat_4GxxKW6w}{127.0.0.1}{127.0.0.1:9440}[mode=>network]], id[333], master [null], hasJoinedOnce [false], cluster_name[TEST-CHILD_VM=[0]-CLUSTER_SEED=[-7449427405447180618]-HASH=[2645B46835F9]-cluster]}, ping_response{node [{node_t0}{MSgO3f-9S-yat_4GxxKW6w}{127.0.0.1}{127.0.0.1:9440}[mode=>network]], id[333], master [null], hasJoinedOnce [false], cluster_name[TEST-CHILD_VM=[0]-CLUSTER_SEED=[-7449427405447180618]-HASH=[2645B46835F9]-cluster]}, ping_response{node [{node_t0}{MSgO3f-9S-yat_4GxxKW6w}{127.0.0.1}{127.0.0.1:9440}[mode=>network]], id[337], master [null], hasJoinedOnce [false], cluster_name[TEST-CHILD_VM=[0]-CLUSTER_SEED=[-7449427405447180618]-HASH=[2645B46835F9]-cluster]}, ping_response{node [{node_t0}{MSgO3f-9S-yat_4GxxKW6w}{127.0.0.1}{127.0.0.1:9440}[mode=>network]], id[338], master [null], hasJoinedOnce [false], cluster_name[TEST-CHILD_VM=[0]-CLUSTER_SEED=[-7449427405447180618]-HASH=[2645B46835F9]-cluster]}]
[2016-04-18 03:03:34,723][TRACE][org.elasticsearch.discovery.zen.ping.unicast] [node_t0] [2] disconnecting from {#zen_unicast_9#}{::1}{[::1]:9443}
[2016-04-18 03:03:34,723][TRACE][org.elasticsearch.discovery.zen.ping.unicast] [node_t0] [3] connecting (light) to {#zen_unicast_2#}{127.0.0.1}{127.0.0.1:9441}
[2016-04-18 03:03:34,723][TRACE][org.elasticsearch.discovery.zen.ping.unicast] [node_t0] [3] sending to {node_t0}{MSgO3f-9S-yat_4GxxKW6w}{127.0.0.1}{127.0.0.1:9440}[mode=>network]
[2016-04-18 03:03:34,723][TRACE][org.elasticsearch.discovery.zen.ping.unicast] [node_t0] [3] connecting (light) to {#zen_unicast_4#}{127.0.0.1}{127.0.0.1:9443}
[2016-04-18 03:03:34,723][TRACE][org.elasticsearch.discovery.zen.ping.unicast] [node_t0] [3] connecting (light) to {#zen_unicast_6#}{::1}{[::1]:9440}
[2016-04-18 03:03:34,723][TRACE][org.elasticsearch.discovery.zen.ping.unicast] [node_t0] [3] received response from {node_t0}{MSgO3f-9S-yat_4GxxKW6w}{127.0.0.1}{127.0.0.1:9440}[mode=>network]: [ping_response{node [{node_t0}{MSgO3f-9S-yat_4GxxKW6w}{127.0.0.1}{127.0.0.1:9440}[mode=>network]], id[317], master [null], hasJoinedOnce [false], cluster_name[TEST-CHILD_VM=[0]-CLUSTER_SEED=[-7449427405447180618]-HASH=[2645B46835F9]-cluster]}, ping_response{node [{node_t0}{MSgO3f-9S-yat_4GxxKW6w}{127.0.0.1}{127.0.0.1:9440}[mode=>network]], id[317], master [null], hasJoinedOnce [false], cluster_name[TEST-CHILD_VM=[0]-CLUSTER_SEED=[-7449427405447180618]-HASH=[2645B46835F9]-cluster]}, ping_response{node [{node_t0}{MSgO3f-9S-yat_4GxxKW6w}{127.0.0.1}{127.0.0.1:9440}[mode=>network]], id[317], master [null], hasJoinedOnce [false], cluster_name[TEST-CHILD_VM=[0]-CLUSTER_SEED=[-7449427405447180618]-HASH=[2645B46835F9]-cluster]}, ping_response{node [{node_t0}{MSgO3f-9S-yat_4GxxKW6w}{127.0.0.1}{127.0.0.1:9440}[mode=>network]], id[321], master [null], hasJoinedOnce [false], cluster_name[TEST-CHILD_VM=[0]-CLUSTER_SEED=[-7449427405447180618]-HASH=[2645B46835F9]-cluster]}, ping_response{node [{node_t0}{MSgO3f-9S-yat_4GxxKW6w}{127.0.0.1}{127.0.0.1:9440}[mode=>network]], id[321], master [null], hasJoinedOnce [false], cluster_name[TEST-CHILD_VM=[0]-CLUSTER_SEED=[-7449427405447180618]-HASH=[2645B46835F9]-cluster]}, ping_response{node [{node_t0}{MSgO3f-9S-yat_4GxxKW6w}{127.0.0.1}{127.0.0.1:9440}[mode=>network]], id[321], master [null], hasJoinedOnce [false], cluster_name[TEST-CHILD_VM=[0]-CLUSTER_SEED=[-7449427405447180618]-HASH=[2645B46835F9]-cluster]}, ping_response{node [{node_t0}{MSgO3f-9S-yat_4GxxKW6w}{127.0.0.1}{127.0.0.1:9440}[mode=>network]], id[325], master [null], hasJoinedOnce [false], cluster_name[TEST-CHILD_VM=[0]-CLUSTER_SEED=[-7449427405447180618]-HASH=[2645B46835F9]-cluster]}, ping_response{node [{node_t0}{MSgO3f-9S-yat_4GxxKW6w}{127.0.0.1}{127.0.0.1:9440}[mode=>network]], id[325], master [null], hasJoinedOnce [false], cluster_name[TEST-CHILD_VM=[0]-CLUSTER_SEED=[-7449427405447180618]-HASH=[2645B46835F9]-cluster]}, ping_response{node [{node_t0}{MSgO3f-9S-yat_4GxxKW6w}{127.0.0.1}{127.0.0.1:9440}[mode=>network]], id[325], master [null], hasJoinedOnce [false], cluster_name[TEST-CHILD_VM=[0]-CLUSTER_SEED=[-7449427405447180618]-HASH=[2645B46835F9]-cluster]}, ping_response{node [{node_t0}{MSgO3f-9S-yat_4GxxKW6w}{127.0.0.1}{127.0.0.1:9440}[mode=>network]], id[329], master [null], hasJoinedOnce [false], cluster_name[TEST-CHILD_VM=[0]-CLUSTER_SEED=[-7449427405447180618]-HASH=[2645B46835F9]-cluster]}, ping_response{node [{node_t0}{MSgO3f-9S-yat_4GxxKW6w}{127.0.0.1}{127.0.0.1:9440}[mode=>network]], id[329], master [null], hasJoinedOnce [false], cluster_name[TEST-CHILD_VM=[0]-CLUSTER_SEED=[-7449427405447180618]-HASH=[2645B46835F9]-cluster]}, ping_response{node [{node_t0}{MSgO3f-9S-yat_4GxxKW6w}{127.0.0.1}{127.0.0.1:9440}[mode=>network]], id[329], master [null], hasJoinedOnce [false], cluster_name[TEST-CHILD_VM=[0]-CLUSTER_SEED=[-7449427405447180618]-HASH=[2645B46835F9]-cluster]}, ping_response{node [{node_t0}{MSgO3f-9S-yat_4GxxKW6w}{127.0.0.1}{127.0.0.1:9440}[mode=>network]], id[333], master [null], hasJoinedOnce [false], cluster_name[TEST-CHILD_VM=[0]-CLUSTER_SEED=[-7449427405447180618]-HASH=[2645B46835F9]-cluster]}, ping_response{node [{node_t0}{MSgO3f-9S-yat_4GxxKW6w}{127.0.0.1}{127.0.0.1:9440}[mode=>network]], id[333], master [null], hasJoinedOnce [false], cluster_name[TEST-CHILD_VM=[0]-CLUSTER_SEED=[-7449427405447180618]-HASH=[2645B46835F9]-cluster]}, ping_response{node [{node_t0}{MSgO3f-9S-yat_4GxxKW6w}{127.0.0.1}{127.0.0.1:9440}[mode=>network]], id[333], master [null], hasJoinedOnce [false], cluster_name[TEST-CHILD_VM=[0]-CLUSTER_SEED=[-7449427405447180618]-HASH=[2645B46835F9]-cluster]}, ping_response{node [{node_t0}{MSgO3f-9S-yat_4GxxKW6w}{127.0.0.1}{127.0.0.1:9440}[mode=>network]], id[337], master [null], hasJoinedOnce [false], cluster_name[TEST-CHILD_VM=[0]-CLUSTER_SEED=[-7449427405447180618]-HASH=[2645B46835F9]-cluster]}, ping_response{node [{node_t0}{MSgO3f-9S-yat_4GxxKW6w}{127.0.0.1}{127.0.0.1:9440}[mode=>network]], id[337], master [null], hasJoinedOnce [false], cluster_name[TEST-CHILD_VM=[0]-CLUSTER_SEED=[-7449427405447180618]-HASH=[2645B46835F9]-cluster]}, ping_response{node [{node_t0}{MSgO3f-9S-yat_4GxxKW6w}{127.0.0.1}{127.0.0.1:9440}[mode=>network]], id[339], master [null], hasJoinedOnce [false], cluster_name[TEST-CHILD_VM=[0]-CLUSTER_SEED=[-7449427405447180618]-HASH=[2645B46835F9]-cluster]}]
[2016-04-18 03:03:34,723][TRACE][org.elasticsearch.discovery.zen.ping.unicast] [node_t0] [3] connecting (light) to {#zen_unicast_5#}{127.0.0.1}{127.0.0.1:9444}
[2016-04-18 03:03:34,723][TRACE][org.elasticsearch.discovery.zen.ping.unicast] [node_t0] [2] disconnecting from {#zen_unicast_8#}{::1}{[::1]:9442}
[2016-04-18 03:03:34,723][TRACE][org.elasticsearch.discovery.zen.ping.unicast] [node_t0] [2] disconnecting from {#zen_unicast_7#}{::1}{[::1]:9441}
[2016-04-18 03:03:34,723][TRACE][org.elasticsearch.discovery.zen.ping.unicast] [node_t0] [3] connecting (light) to {#zen_unicast_3#}{127.0.0.1}{127.0.0.1:9442}
[2016-04-18 03:03:34,724][TRACE][org.elasticsearch.discovery.zen.ping.unicast] [node_t0] [3] failed to connect to {#zen_unicast_2#}{127.0.0.1}{127.0.0.1:9441}
ConnectTransportException[[][127.0.0.1:9441] connect_timeout[30s]]; nested: ConnectException[Connection refused: /127.0.0.1:9441];
	at org.elasticsearch.transport.netty.NettyTransport.connectToChannelsLight(NettyTransport.java:954)
	at org.elasticsearch.transport.netty.NettyTransport.connectToNode(NettyTransport.java:918)
	at org.elasticsearch.transport.netty.NettyTransport.connectToNodeLight(NettyTransport.java:890)
	at org.elasticsearch.test.transport.MockTransportService$LookupTestTransport.connectToNodeLight(MockTransportService.java:413)
	at org.elasticsearch.transport.TransportService.connectToNodeLight(TransportService.java:242)
	at org.elasticsearch.discovery.zen.ping.unicast.UnicastZenPing$3.run(UnicastZenPing.java:395)
	at java.util.concurrent.ThreadPoolExecutor.runWorker(ThreadPoolExecutor.java:1142)
	at java.util.concurrent.ThreadPoolExecutor$Worker.run(ThreadPoolExecutor.java:617)
	at java.lang.Thread.run(Thread.java:745)
Caused by: java.net.ConnectException: Connection refused: /127.0.0.1:9441
	at sun.nio.ch.SocketChannelImpl.checkConnect(Native Method)
	at sun.nio.ch.SocketChannelImpl.finishConnect(SocketChannelImpl.java:717)
	at org.jboss.netty.channel.socket.nio.NioClientBoss.connect(NioClientBoss.java:152)
	at org.jboss.netty.channel.socket.nio.NioClientBoss.processSelectedKeys(NioClientBoss.java:105)
	at org.jboss.netty.channel.socket.nio.NioClientBoss.process(NioClientBoss.java:79)
	at org.jboss.netty.channel.socket.nio.AbstractNioSelector.run(AbstractNioSelector.java:337)
	at org.jboss.netty.channel.socket.nio.NioClientBoss.run(NioClientBoss.java:42)
	at org.jboss.netty.util.ThreadRenamingRunnable.run(ThreadRenamingRunnable.java:108)
	at org.jboss.netty.util.internal.DeadLockProofWorker$1.run(DeadLockProofWorker.java:42)
	... 3 more
[2016-04-18 03:03:34,723][TRACE][org.elasticsearch.discovery.zen.ping.unicast] [node_t0] [3] connecting (light) to {#zen_unicast_10#}{::1}{[::1]:9444}
[2016-04-18 03:03:34,724][TRACE][org.elasticsearch.discovery.zen.ping.unicast] [node_t0] [3] failed to connect to {#zen_unicast_5#}{127.0.0.1}{127.0.0.1:9444}
ConnectTransportException[[][127.0.0.1:9444] connect_timeout[30s]]; nested: ConnectException[Connection refused: /127.0.0.1:9444];
	at org.elasticsearch.transport.netty.NettyTransport.connectToChannelsLight(NettyTransport.java:954)
	at org.elasticsearch.transport.netty.NettyTransport.connectToNode(NettyTransport.java:918)
	at org.elasticsearch.transport.netty.NettyTransport.connectToNodeLight(NettyTransport.java:890)
	at org.elasticsearch.test.transport.MockTransportService$LookupTestTransport.connectToNodeLight(MockTransportService.java:413)
	at org.elasticsearch.transport.TransportService.connectToNodeLight(TransportService.java:242)
	at org.elasticsearch.discovery.zen.ping.unicast.UnicastZenPing$3.run(UnicastZenPing.java:395)
	at java.util.concurrent.ThreadPoolExecutor.runWorker(ThreadPoolExecutor.java:1142)
	at java.util.concurrent.ThreadPoolExecutor$Worker.run(ThreadPoolExecutor.java:617)
	at java.lang.Thread.run(Thread.java:745)
Caused by: java.net.ConnectException: Connection refused: /127.0.0.1:9444
	at sun.nio.ch.SocketChannelImpl.checkConnect(Native Method)
	at sun.nio.ch.SocketChannelImpl.finishConnect(SocketChannelImpl.java:717)
	at org.jboss.netty.channel.socket.nio.NioClientBoss.connect(NioClientBoss.java:152)
	at org.jboss.netty.channel.socket.nio.NioClientBoss.processSelectedKeys(NioClientBoss.java:105)
	at org.jboss.netty.channel.socket.nio.NioClientBoss.process(NioClientBoss.java:79)
	at org.jboss.netty.channel.socket.nio.AbstractNioSelector.run(AbstractNioSelector.java:337)
	at org.jboss.netty.channel.socket.nio.NioClientBoss.run(NioClientBoss.java:42)
	at org.jboss.netty.util.ThreadRenamingRunnable.run(ThreadRenamingRunnable.java:108)
	at org.jboss.netty.util.internal.DeadLockProofWorker$1.run(DeadLockProofWorker.java:42)
	... 3 more
[2016-04-18 03:03:34,723][TRACE][org.elasticsearch.discovery.zen.ping.unicast] [node_t0] [3] connecting (light) to {#zen_unicast_9#}{::1}{[::1]:9443}
[2016-04-18 03:03:34,724][TRACE][org.elasticsearch.discovery.zen.ping.unicast] [node_t0] [3] failed to connect to {#zen_unicast_10#}{::1}{[::1]:9444}
ConnectTransportException[[][[::1]:9444] connect_timeout[30s]]; nested: ConnectException[Connection refused: /0:0:0:0:0:0:0:1:9444];
	at org.elasticsearch.transport.netty.NettyTransport.connectToChannelsLight(NettyTransport.java:954)
	at org.elasticsearch.transport.netty.NettyTransport.connectToNode(NettyTransport.java:918)
	at org.elasticsearch.transport.netty.NettyTransport.connectToNodeLight(NettyTransport.java:890)
	at org.elasticsearch.test.transport.MockTransportService$LookupTestTransport.connectToNodeLight(MockTransportService.java:413)
	at org.elasticsearch.transport.TransportService.connectToNodeLight(TransportService.java:242)
	at org.elasticsearch.discovery.zen.ping.unicast.UnicastZenPing$3.run(UnicastZenPing.java:395)
	at java.util.concurrent.ThreadPoolExecutor.runWorker(ThreadPoolExecutor.java:1142)
	at java.util.concurrent.ThreadPoolExecutor$Worker.run(ThreadPoolExecutor.java:617)
	at java.lang.Thread.run(Thread.java:745)
Caused by: java.net.ConnectException: Connection refused: /0:0:0:0:0:0:0:1:9444
	at sun.nio.ch.SocketChannelImpl.checkConnect(Native Method)
	at sun.nio.ch.SocketChannelImpl.finishConnect(SocketChannelImpl.java:717)
	at org.jboss.netty.channel.socket.nio.NioClientBoss.connect(NioClientBoss.java:152)
	at org.jboss.netty.channel.socket.nio.NioClientBoss.processSelectedKeys(NioClientBoss.java:105)
	at org.jboss.netty.channel.socket.nio.NioClientBoss.process(NioClientBoss.java:79)
	at org.jboss.netty.channel.socket.nio.AbstractNioSelector.run(AbstractNioSelector.java:337)
	at org.jboss.netty.channel.socket.nio.NioClientBoss.run(NioClientBoss.java:42)
	at org.jboss.netty.util.ThreadRenamingRunnable.run(ThreadRenamingRunnable.java:108)
	at org.jboss.netty.util.internal.DeadLockProofWorker$1.run(DeadLockProofWorker.java:42)
	... 3 more
[2016-04-18 03:03:34,723][TRACE][org.elasticsearch.discovery.zen.ping.unicast] [node_t0] [3] connecting (light) to {#zen_unicast_8#}{::1}{[::1]:9442}
[2016-04-18 03:03:34,724][TRACE][org.elasticsearch.discovery.zen.ping.unicast] [node_t0] [3] failed to connect to {#zen_unicast_9#}{::1}{[::1]:9443}
ConnectTransportException[[][[::1]:9443] connect_timeout[30s]]; nested: ConnectException[Connection refused: /0:0:0:0:0:0:0:1:9443];
	at org.elasticsearch.transport.netty.NettyTransport.connectToChannelsLight(NettyTransport.java:954)
	at org.elasticsearch.transport.netty.NettyTransport.connectToNode(NettyTransport.java:918)
	at org.elasticsearch.transport.netty.NettyTransport.connectToNodeLight(NettyTransport.java:890)
	at org.elasticsearch.test.transport.MockTransportService$LookupTestTransport.connectToNodeLight(MockTransportService.java:413)
	at org.elasticsearch.transport.TransportService.connectToNodeLight(TransportService.java:242)
	at org.elasticsearch.discovery.zen.ping.unicast.UnicastZenPing$3.run(UnicastZenPing.java:395)
	at java.util.concurrent.ThreadPoolExecutor.runWorker(ThreadPoolExecutor.java:1142)
	at java.util.concurrent.ThreadPoolExecutor$Worker.run(ThreadPoolExecutor.java:617)
	at java.lang.Thread.run(Thread.java:745)
Caused by: java.net.ConnectException: Connection refused: /0:0:0:0:0:0:0:1:9443
	at sun.nio.ch.SocketChannelImpl.checkConnect(Native Method)
	at sun.nio.ch.SocketChannelImpl.finishConnect(SocketChannelImpl.java:717)
	at org.jboss.netty.channel.socket.nio.NioClientBoss.connect(NioClientBoss.java:152)
	at org.jboss.netty.channel.socket.nio.NioClientBoss.processSelectedKeys(NioClientBoss.java:105)
	at org.jboss.netty.channel.socket.nio.NioClientBoss.process(NioClientBoss.java:79)
	at org.jboss.netty.channel.socket.nio.AbstractNioSelector.run(AbstractNioSelector.java:337)
	at org.jboss.netty.channel.socket.nio.NioClientBoss.run(NioClientBoss.java:42)
	at org.jboss.netty.util.ThreadRenamingRunnable.run(ThreadRenamingRunnable.java:108)
	at org.jboss.netty.util.internal.DeadLockProofWorker$1.run(DeadLockProofWorker.java:42)
	... 3 more
[2016-04-18 03:03:34,725][TRACE][org.elasticsearch.discovery.zen.ping.unicast] [node_t0] [3] failed to connect to {#zen_unicast_8#}{::1}{[::1]:9442}
ConnectTransportException[[][[::1]:9442] connect_timeout[30s]]; nested: ConnectException[Connection refused: /0:0:0:0:0:0:0:1:9442];
	at org.elasticsearch.transport.netty.NettyTransport.connectToChannelsLight(NettyTransport.java:954)
	at org.elasticsearch.transport.netty.NettyTransport.connectToNode(NettyTransport.java:918)
	at org.elasticsearch.transport.netty.NettyTransport.connectToNodeLight(NettyTransport.java:890)
	at org.elasticsearch.test.transport.MockTransportService$LookupTestTransport.connectToNodeLight(MockTransportService.java:413)
	at org.elasticsearch.transport.TransportService.connectToNodeLight(TransportService.java:242)
	at org.elasticsearch.discovery.zen.ping.unicast.UnicastZenPing$3.run(UnicastZenPing.java:395)
	at java.util.concurrent.ThreadPoolExecutor.runWorker(ThreadPoolExecutor.java:1142)
	at java.util.concurrent.ThreadPoolExecutor$Worker.run(ThreadPoolExecutor.java:617)
	at java.lang.Thread.run(Thread.java:745)
Caused by: java.net.ConnectException: Connection refused: /0:0:0:0:0:0:0:1:9442
	at sun.nio.ch.SocketChannelImpl.checkConnect(Native Method)
	at sun.nio.ch.SocketChannelImpl.finishConnect(SocketChannelImpl.java:717)
	at org.jboss.netty.channel.socket.nio.NioClientBoss.connect(NioClientBoss.java:152)
	at org.jboss.netty.channel.socket.nio.NioClientBoss.processSelectedKeys(NioClientBoss.java:105)
	at org.jboss.netty.channel.socket.nio.NioClientBoss.process(NioClientBoss.java:79)
	at org.jboss.netty.channel.socket.nio.AbstractNioSelector.run(AbstractNioSelector.java:337)
	at org.jboss.netty.channel.socket.nio.NioClientBoss.run(NioClientBoss.java:42)
	at org.jboss.netty.util.ThreadRenamingRunnable.run(ThreadRenamingRunnable.java:108)
	at org.jboss.netty.util.internal.DeadLockProofWorker$1.run(DeadLockProofWorker.java:42)
	... 3 more
[2016-04-18 03:03:34,723][TRACE][org.elasticsearch.discovery.zen.ping.unicast] [node_t0] [3] connecting (light) to {#zen_unicast_7#}{::1}{[::1]:9441}
[2016-04-18 03:03:34,724][TRACE][org.elasticsearch.discovery.zen.ping.unicast] [node_t0] [3] failed to connect to {#zen_unicast_3#}{127.0.0.1}{127.0.0.1:9442}
ConnectTransportException[[][127.0.0.1:9442] connect_timeout[30s]]; nested: ConnectException[Connection refused: /127.0.0.1:9442];
	at org.elasticsearch.transport.netty.NettyTransport.connectToChannelsLight(NettyTransport.java:954)
	at org.elasticsearch.transport.netty.NettyTransport.connectToNode(NettyTransport.java:918)
	at org.elasticsearch.transport.netty.NettyTransport.connectToNodeLight(NettyTransport.java:890)
	at org.elasticsearch.test.transport.MockTransportService$LookupTestTransport.connectToNodeLight(MockTransportService.java:413)
	at org.elasticsearch.transport.TransportService.connectToNodeLight(TransportService.java:242)
	at org.elasticsearch.discovery.zen.ping.unicast.UnicastZenPing$3.run(UnicastZenPing.java:395)
	at java.util.concurrent.ThreadPoolExecutor.runWorker(ThreadPoolExecutor.java:1142)
	at java.util.concurrent.ThreadPoolExecutor$Worker.run(ThreadPoolExecutor.java:617)
	at java.lang.Thread.run(Thread.java:745)
Caused by: java.net.ConnectException: Connection refused: /127.0.0.1:9442
	at sun.nio.ch.SocketChannelImpl.checkConnect(Native Method)
	at sun.nio.ch.SocketChannelImpl.finishConnect(SocketChannelImpl.java:717)
	at org.jboss.netty.channel.socket.nio.NioClientBoss.connect(NioClientBoss.java:152)
	at org.jboss.netty.channel.socket.nio.NioClientBoss.processSelectedKeys(NioClientBoss.java:105)
	at org.jboss.netty.channel.socket.nio.NioClientBoss.process(NioClientBoss.java:79)
	at org.jboss.netty.channel.socket.nio.AbstractNioSelector.run(AbstractNioSelector.java:337)
	at org.jboss.netty.channel.socket.nio.NioClientBoss.run(NioClientBoss.java:42)
	at org.jboss.netty.util.ThreadRenamingRunnable.run(ThreadRenamingRunnable.java:108)
	at org.jboss.netty.util.internal.DeadLockProofWorker$1.run(DeadLockProofWorker.java:42)
	... 3 more
[2016-04-18 03:03:34,724][TRACE][org.elasticsearch.discovery.zen.ping.unicast] [node_t0] [3] connected to {#zen_unicast_6#}{::1}{[::1]:9440}
[2016-04-18 03:03:34,724][TRACE][org.elasticsearch.discovery.zen.ping.unicast] [node_t0] [3] failed to connect to {#zen_unicast_4#}{127.0.0.1}{127.0.0.1:9443}
ConnectTransportException[[][127.0.0.1:9443] connect_timeout[30s]]; nested: ConnectException[Connection refused: /127.0.0.1:9443];
	at org.elasticsearch.transport.netty.NettyTransport.connectToChannelsLight(NettyTransport.java:954)
	at org.elasticsearch.transport.netty.NettyTransport.connectToNode(NettyTransport.java:918)
	at org.elasticsearch.transport.netty.NettyTransport.connectToNodeLight(NettyTransport.java:890)
	at org.elasticsearch.test.transport.MockTransportService$LookupTestTransport.connectToNodeLight(MockTransportService.java:413)
	at org.elasticsearch.transport.TransportService.connectToNodeLight(TransportService.java:242)
	at org.elasticsearch.discovery.zen.ping.unicast.UnicastZenPing$3.run(UnicastZenPing.java:395)
	at java.util.concurrent.ThreadPoolExecutor.runWorker(ThreadPoolExecutor.java:1142)
	at java.util.concurrent.ThreadPoolExecutor$Worker.run(ThreadPoolExecutor.java:617)
	at java.lang.Thread.run(Thread.java:745)
Caused by: java.net.ConnectException: Connection refused: /127.0.0.1:9443
	at sun.nio.ch.SocketChannelImpl.checkConnect(Native Method)
	at sun.nio.ch.SocketChannelImpl.finishConnect(SocketChannelImpl.java:717)
	at org.jboss.netty.channel.socket.nio.NioClientBoss.connect(NioClientBoss.java:152)
	at org.jboss.netty.channel.socket.nio.NioClientBoss.processSelectedKeys(NioClientBoss.java:105)
	at org.jboss.netty.channel.socket.nio.NioClientBoss.process(NioClientBoss.java:79)
	at org.jboss.netty.channel.socket.nio.AbstractNioSelector.run(AbstractNioSelector.java:337)
	at org.jboss.netty.channel.socket.nio.NioClientBoss.run(NioClientBoss.java:42)
	at org.jboss.netty.util.ThreadRenamingRunnable.run(ThreadRenamingRunnable.java:108)
	at org.jboss.netty.util.internal.DeadLockProofWorker$1.run(DeadLockProofWorker.java:42)
	... 3 more
[2016-04-18 03:03:34,725][TRACE][org.elasticsearch.discovery.zen.ping.unicast] [node_t0] [3] sending to {#zen_unicast_6#}{::1}{[::1]:9440}
[2016-04-18 03:03:34,725][TRACE][org.elasticsearch.discovery.zen.ping.unicast] [node_t0] [3] failed to connect to {#zen_unicast_7#}{::1}{[::1]:9441}
ConnectTransportException[[][[::1]:9441] connect_timeout[30s]]; nested: ConnectException[Connection refused: /0:0:0:0:0:0:0:1:9441];
	at org.elasticsearch.transport.netty.NettyTransport.connectToChannelsLight(NettyTransport.java:954)
	at org.elasticsearch.transport.netty.NettyTransport.connectToNode(NettyTransport.java:918)
	at org.elasticsearch.transport.netty.NettyTransport.connectToNodeLight(NettyTransport.java:890)
	at org.elasticsearch.test.transport.MockTransportService$LookupTestTransport.connectToNodeLight(MockTransportService.java:413)
	at org.elasticsearch.transport.TransportService.connectToNodeLight(TransportService.java:242)
	at org.elasticsearch.discovery.zen.ping.unicast.UnicastZenPing$3.run(UnicastZenPing.java:395)
	at java.util.concurrent.ThreadPoolExecutor.runWorker(ThreadPoolExecutor.java:1142)
	at java.util.concurrent.ThreadPoolExecutor$Worker.run(ThreadPoolExecutor.java:617)
	at java.lang.Thread.run(Thread.java:745)
Caused by: java.net.ConnectException: Connection refused: /0:0:0:0:0:0:0:1:9441
	at sun.nio.ch.SocketChannelImpl.checkConnect(Native Method)
	at sun.nio.ch.SocketChannelImpl.finishConnect(SocketChannelImpl.java:717)
	at org.jboss.netty.channel.socket.nio.NioClientBoss.connect(NioClientBoss.java:152)
	at org.jboss.netty.channel.socket.nio.NioClientBoss.processSelectedKeys(NioClientBoss.java:105)
	at org.jboss.netty.channel.socket.nio.NioClientBoss.process(NioClientBoss.java:79)
	at org.jboss.netty.channel.socket.nio.AbstractNioSelector.run(AbstractNioSelector.java:337)
	at org.jboss.netty.channel.socket.nio.NioClientBoss.run(NioClientBoss.java:42)
	at org.jboss.netty.util.ThreadRenamingRunnable.run(ThreadRenamingRunnable.java:108)
	at org.jboss.netty.util.internal.DeadLockProofWorker$1.run(DeadLockProofWorker.java:42)
	... 3 more
[2016-04-18 03:03:34,726][TRACE][org.elasticsearch.discovery.zen.ping.unicast] [node_t0] [3] received response from {#zen_unicast_6#}{::1}{[::1]:9440}: [ping_response{node [{node_t0}{MSgO3f-9S-yat_4GxxKW6w}{127.0.0.1}{127.0.0.1:9440}[mode=>network]], id[317], master [null], hasJoinedOnce [false], cluster_name[TEST-CHILD_VM=[0]-CLUSTER_SEED=[-7449427405447180618]-HASH=[2645B46835F9]-cluster]}, ping_response{node [{node_t0}{MSgO3f-9S-yat_4GxxKW6w}{127.0.0.1}{127.0.0.1:9440}[mode=>network]], id[317], master [null], hasJoinedOnce [false], cluster_name[TEST-CHILD_VM=[0]-CLUSTER_SEED=[-7449427405447180618]-HASH=[2645B46835F9]-cluster]}, ping_response{node [{node_t0}{MSgO3f-9S-yat_4GxxKW6w}{127.0.0.1}{127.0.0.1:9440}[mode=>network]], id[317], master [null], hasJoinedOnce [false], cluster_name[TEST-CHILD_VM=[0]-CLUSTER_SEED=[-7449427405447180618]-HASH=[2645B46835F9]-cluster]}, ping_response{node [{node_t0}{MSgO3f-9S-yat_4GxxKW6w}{127.0.0.1}{127.0.0.1:9440}[mode=>network]], id[321], master [null], hasJoinedOnce [false], cluster_name[TEST-CHILD_VM=[0]-CLUSTER_SEED=[-7449427405447180618]-HASH=[2645B46835F9]-cluster]}, ping_response{node [{node_t0}{MSgO3f-9S-yat_4GxxKW6w}{127.0.0.1}{127.0.0.1:9440}[mode=>network]], id[321], master [null], hasJoinedOnce [false], cluster_name[TEST-CHILD_VM=[0]-CLUSTER_SEED=[-7449427405447180618]-HASH=[2645B46835F9]-cluster]}, ping_response{node [{node_t0}{MSgO3f-9S-yat_4GxxKW6w}{127.0.0.1}{127.0.0.1:9440}[mode=>network]], id[321], master [null], hasJoinedOnce [false], cluster_name[TEST-CHILD_VM=[0]-CLUSTER_SEED=[-7449427405447180618]-HASH=[2645B46835F9]-cluster]}, ping_response{node [{node_t0}{MSgO3f-9S-yat_4GxxKW6w}{127.0.0.1}{127.0.0.1:9440}[mode=>network]], id[325], master [null], hasJoinedOnce [false], cluster_name[TEST-CHILD_VM=[0]-CLUSTER_SEED=[-7449427405447180618]-HASH=[2645B46835F9]-cluster]}, ping_response{node [{node_t0}{MSgO3f-9S-yat_4GxxKW6w}{127.0.0.1}{127.0.0.1:9440}[mode=>network]], id[325], master [null], hasJoinedOnce [false], cluster_name[TEST-CHILD_VM=[0]-CLUSTER_SEED=[-7449427405447180618]-HASH=[2645B46835F9]-cluster]}, ping_response{node [{node_t0}{MSgO3f-9S-yat_4GxxKW6w}{127.0.0.1}{127.0.0.1:9440}[mode=>network]], id[325], master [null], hasJoinedOnce [false], cluster_name[TEST-CHILD_VM=[0]-CLUSTER_SEED=[-7449427405447180618]-HASH=[2645B46835F9]-cluster]}, ping_response{node [{node_t0}{MSgO3f-9S-yat_4GxxKW6w}{127.0.0.1}{127.0.0.1:9440}[mode=>network]], id[329], master [null], hasJoinedOnce [false], cluster_name[TEST-CHILD_VM=[0]-CLUSTER_SEED=[-7449427405447180618]-HASH=[2645B46835F9]-cluster]}, ping_response{node [{node_t0}{MSgO3f-9S-yat_4GxxKW6w}{127.0.0.1}{127.0.0.1:9440}[mode=>network]], id[329], master [null], hasJoinedOnce [false], cluster_name[TEST-CHILD_VM=[0]-CLUSTER_SEED=[-7449427405447180618]-HASH=[2645B46835F9]-cluster]}, ping_response{node [{node_t0}{MSgO3f-9S-yat_4GxxKW6w}{127.0.0.1}{127.0.0.1:9440}[mode=>network]], id[329], master [null], hasJoinedOnce [false], cluster_name[TEST-CHILD_VM=[0]-CLUSTER_SEED=[-7449427405447180618]-HASH=[2645B46835F9]-cluster]}, ping_response{node [{node_t0}{MSgO3f-9S-yat_4GxxKW6w}{127.0.0.1}{127.0.0.1:9440}[mode=>network]], id[333], master [null], hasJoinedOnce [false], cluster_name[TEST-CHILD_VM=[0]-CLUSTER_SEED=[-7449427405447180618]-HASH=[2645B46835F9]-cluster]}, ping_response{node [{node_t0}{MSgO3f-9S-yat_4GxxKW6w}{127.0.0.1}{127.0.0.1:9440}[mode=>network]], id[333], master [null], hasJoinedOnce [false], cluster_name[TEST-CHILD_VM=[0]-CLUSTER_SEED=[-7449427405447180618]-HASH=[2645B46835F9]-cluster]}, ping_response{node [{node_t0}{MSgO3f-9S-yat_4GxxKW6w}{127.0.0.1}{127.0.0.1:9440}[mode=>network]], id[333], master [null], hasJoinedOnce [false], cluster_name[TEST-CHILD_VM=[0]-CLUSTER_SEED=[-7449427405447180618]-HASH=[2645B46835F9]-cluster]}, ping_response{node [{node_t0}{MSgO3f-9S-yat_4GxxKW6w}{127.0.0.1}{127.0.0.1:9440}[mode=>network]], id[337], master [null], hasJoinedOnce [false], cluster_name[TEST-CHILD_VM=[0]-CLUSTER_SEED=[-7449427405447180618]-HASH=[2645B46835F9]-cluster]}, ping_response{node [{node_t0}{MSgO3f-9S-yat_4GxxKW6w}{127.0.0.1}{127.0.0.1:9440}[mode=>network]], id[337], master [null], hasJoinedOnce [false], cluster_name[TEST-CHILD_VM=[0]-CLUSTER_SEED=[-7449427405447180618]-HASH=[2645B46835F9]-cluster]}, ping_response{node [{node_t0}{MSgO3f-9S-yat_4GxxKW6w}{127.0.0.1}{127.0.0.1:9440}[mode=>network]], id[337], master [null], hasJoinedOnce [false], cluster_name[TEST-CHILD_VM=[0]-CLUSTER_SEED=[-7449427405447180618]-HASH=[2645B46835F9]-cluster]}, ping_response{node [{node_t0}{MSgO3f-9S-yat_4GxxKW6w}{127.0.0.1}{127.0.0.1:9440}[mode=>network]], id[340], master [null], hasJoinedOnce [false], cluster_name[TEST-CHILD_VM=[0]-CLUSTER_SEED=[-7449427405447180618]-HASH=[2645B46835F9]-cluster]}]
[2016-04-18 03:03:34,800][WARN ][org.elasticsearch.discovery] [node_t0] waited for 500ms and no initial state was set by the discovery
[2016-04-18 03:03:34,800][TRACE][org.elasticsearch.cluster.service] [node_t0] will process [gateway_initial_state_recovery]
[2016-04-18 03:03:34,800][DEBUG][org.elasticsearch.cluster.service] [node_t0] processing [gateway_initial_state_recovery]: execute
[2016-04-18 03:03:34,800][DEBUG][org.elasticsearch.cluster.service] [node_t0] processing [gateway_initial_state_recovery]: took 0s no change in cluster_state
[2016-04-18 03:03:34,819][DEBUG][org.elasticsearch.discovery.zen.elect] [node_t1] using minimum_master_nodes [2]
[2016-04-18 03:03:34,819][DEBUG][org.elasticsearch.discovery.zen.ping.unicast] [node_t1] using initial hosts [127.0.0.1, [::1]], with concurrent_connects [10]
[2016-04-18 03:03:34,819][DEBUG][org.elasticsearch.discovery.zen] [node_t1] using ping_timeout [200ms], join.timeout [4s], master_election.filter_client [true], master_election.filter_data [false]
[2016-04-18 03:03:34,819][DEBUG][org.elasticsearch.discovery.zen.fd] [node_t1] [master] uses ping_interval [1s], ping_timeout [30s], ping_retries [3]
[2016-04-18 03:03:34,819][DEBUG][org.elasticsearch.discovery.zen.fd] [node_t1] [node  ] uses ping_interval [1s], ping_timeout [30s], ping_retries [3]
[2016-04-18 03:03:34,820][DEBUG][org.elasticsearch.gateway] [node_t1] using initial_shards [quorum]
[2016-04-18 03:03:34,825][DEBUG][org.elasticsearch.gateway] [node_t1] took 0s to load state
[2016-04-18 03:03:34,826][TRACE][org.elasticsearch.discovery.zen.ping.unicast] [node_t0] [3] sending to {node_t0}{MSgO3f-9S-yat_4GxxKW6w}{127.0.0.1}{127.0.0.1:9440}[mode=>network]
[2016-04-18 03:03:34,826][TRACE][org.elasticsearch.discovery.zen.ping.unicast] [node_t0] [3] received response from {node_t0}{MSgO3f-9S-yat_4GxxKW6w}{127.0.0.1}{127.0.0.1:9440}[mode=>network]: [ping_response{node [{node_t0}{MSgO3f-9S-yat_4GxxKW6w}{127.0.0.1}{127.0.0.1:9440}[mode=>network]], id[321], master [null], hasJoinedOnce [false], cluster_name[TEST-CHILD_VM=[0]-CLUSTER_SEED=[-7449427405447180618]-HASH=[2645B46835F9]-cluster]}, ping_response{node [{node_t0}{MSgO3f-9S-yat_4GxxKW6w}{127.0.0.1}{127.0.0.1:9440}[mode=>network]], id[321], master [null], hasJoinedOnce [false], cluster_name[TEST-CHILD_VM=[0]-CLUSTER_SEED=[-7449427405447180618]-HASH=[2645B46835F9]-cluster]}, ping_response{node [{node_t0}{MSgO3f-9S-yat_4GxxKW6w}{127.0.0.1}{127.0.0.1:9440}[mode=>network]], id[321], master [null], hasJoinedOnce [false], cluster_name[TEST-CHILD_VM=[0]-CLUSTER_SEED=[-7449427405447180618]-HASH=[2645B46835F9]-cluster]}, ping_response{node [{node_t0}{MSgO3f-9S-yat_4GxxKW6w}{127.0.0.1}{127.0.0.1:9440}[mode=>network]], id[325], master [null], hasJoinedOnce [false], cluster_name[TEST-CHILD_VM=[0]-CLUSTER_SEED=[-7449427405447180618]-HASH=[2645B46835F9]-cluster]}, ping_response{node [{node_t0}{MSgO3f-9S-yat_4GxxKW6w}{127.0.0.1}{127.0.0.1:9440}[mode=>network]], id[325], master [null], hasJoinedOnce [false], cluster_name[TEST-CHILD_VM=[0]-CLUSTER_SEED=[-7449427405447180618]-HASH=[2645B46835F9]-cluster]}, ping_response{node [{node_t0}{MSgO3f-9S-yat_4GxxKW6w}{127.0.0.1}{127.0.0.1:9440}[mode=>network]], id[325], master [null], hasJoinedOnce [false], cluster_name[TEST-CHILD_VM=[0]-CLUSTER_SEED=[-7449427405447180618]-HASH=[2645B46835F9]-cluster]}, ping_response{node [{node_t0}{MSgO3f-9S-yat_4GxxKW6w}{127.0.0.1}{127.0.0.1:9440}[mode=>network]], id[329], master [null], hasJoinedOnce [false], cluster_name[TEST-CHILD_VM=[0]-CLUSTER_SEED=[-7449427405447180618]-HASH=[2645B46835F9]-cluster]}, ping_response{node [{node_t0}{MSgO3f-9S-yat_4GxxKW6w}{127.0.0.1}{127.0.0.1:9440}[mode=>network]], id[329], master [null], hasJoinedOnce [false], cluster_name[TEST-CHILD_VM=[0]-CLUSTER_SEED=[-7449427405447180618]-HASH=[2645B46835F9]-cluster]}, ping_response{node [{node_t0}{MSgO3f-9S-yat_4GxxKW6w}{127.0.0.1}{127.0.0.1:9440}[mode=>network]], id[329], master [null], hasJoinedOnce [false], cluster_name[TEST-CHILD_VM=[0]-CLUSTER_SEED=[-7449427405447180618]-HASH=[2645B46835F9]-cluster]}, ping_response{node [{node_t0}{MSgO3f-9S-yat_4GxxKW6w}{127.0.0.1}{127.0.0.1:9440}[mode=>network]], id[333], master [null], hasJoinedOnce [false], cluster_name[TEST-CHILD_VM=[0]-CLUSTER_SEED=[-7449427405447180618]-HASH=[2645B46835F9]-cluster]}, ping_response{node [{node_t0}{MSgO3f-9S-yat_4GxxKW6w}{127.0.0.1}{127.0.0.1:9440}[mode=>network]], id[333], master [null], hasJoinedOnce [false], cluster_name[TEST-CHILD_VM=[0]-CLUSTER_SEED=[-7449427405447180618]-HASH=[2645B46835F9]-cluster]}, ping_response{node [{node_t0}{MSgO3f-9S-yat_4GxxKW6w}{127.0.0.1}{127.0.0.1:9440}[mode=>network]], id[333], master [null], hasJoinedOnce [false], cluster_name[TEST-CHILD_VM=[0]-CLUSTER_SEED=[-7449427405447180618]-HASH=[2645B46835F9]-cluster]}, ping_response{node [{node_t0}{MSgO3f-9S-yat_4GxxKW6w}{127.0.0.1}{127.0.0.1:9440}[mode=>network]], id[337], master [null], hasJoinedOnce [false], cluster_name[TEST-CHILD_VM=[0]-CLUSTER_SEED=[-7449427405447180618]-HASH=[2645B46835F9]-cluster]}, ping_response{node [{node_t0}{MSgO3f-9S-yat_4GxxKW6w}{127.0.0.1}{127.0.0.1:9440}[mode=>network]], id[337], master [null], hasJoinedOnce [false], cluster_name[TEST-CHILD_VM=[0]-CLUSTER_SEED=[-7449427405447180618]-HASH=[2645B46835F9]-cluster]}, ping_response{node [{node_t0}{MSgO3f-9S-yat_4GxxKW6w}{127.0.0.1}{127.0.0.1:9440}[mode=>network]], id[337], master [null], hasJoinedOnce [false], cluster_name[TEST-CHILD_VM=[0]-CLUSTER_SEED=[-7449427405447180618]-HASH=[2645B46835F9]-cluster]}, ping_response{node [{node_t0}{MSgO3f-9S-yat_4GxxKW6w}{127.0.0.1}{127.0.0.1:9440}[mode=>network]], id[341], master [null], hasJoinedOnce [false], cluster_name[TEST-CHILD_VM=[0]-CLUSTER_SEED=[-7449427405447180618]-HASH=[2645B46835F9]-cluster]}, ping_response{node [{node_t0}{MSgO3f-9S-yat_4GxxKW6w}{127.0.0.1}{127.0.0.1:9440}[mode=>network]], id[342], master [null], hasJoinedOnce [false], cluster_name[TEST-CHILD_VM=[0]-CLUSTER_SEED=[-7449427405447180618]-HASH=[2645B46835F9]-cluster]}]
[2016-04-18 03:03:34,826][TRACE][org.elasticsearch.discovery.zen.ping.unicast] [node_t0] [3] sending to {#zen_unicast_6#}{::1}{[::1]:9440}
[2016-04-18 03:03:34,826][TRACE][org.elasticsearch.discovery.zen.ping.unicast] [node_t0] [3] connecting (light) to {#zen_unicast_5#}{127.0.0.1}{127.0.0.1:9444}
[2016-04-18 03:03:34,826][TRACE][org.elasticsearch.discovery.zen.ping.unicast] [node_t0] [3] connecting (light) to {#zen_unicast_4#}{127.0.0.1}{127.0.0.1:9443}
[2016-04-18 03:03:34,826][TRACE][org.elasticsearch.discovery.zen.ping.unicast] [node_t0] [3] connecting (light) to {#zen_unicast_2#}{127.0.0.1}{127.0.0.1:9441}
[2016-04-18 03:03:34,826][TRACE][org.elasticsearch.discovery.zen.ping.unicast] [node_t0] [3] sending to {node_t0}{MSgO3f-9S-yat_4GxxKW6w}{127.0.0.1}{127.0.0.1:9440}[mode=>network]
[2016-04-18 03:03:34,826][TRACE][org.elasticsearch.discovery.zen.ping.unicast] [node_t0] [3] connecting (light) to {#zen_unicast_8#}{::1}{[::1]:9442}
[2016-04-18 03:03:34,826][TRACE][org.elasticsearch.discovery.zen.ping.unicast] [node_t0] [3] connecting (light) to {#zen_unicast_3#}{127.0.0.1}{127.0.0.1:9442}
[2016-04-18 03:03:34,827][TRACE][org.elasticsearch.discovery.zen.ping.unicast] [node_t0] [3] received response from {node_t0}{MSgO3f-9S-yat_4GxxKW6w}{127.0.0.1}{127.0.0.1:9440}[mode=>network]: [ping_response{node [{node_t0}{MSgO3f-9S-yat_4GxxKW6w}{127.0.0.1}{127.0.0.1:9440}[mode=>network]], id[321], master [null], hasJoinedOnce [false], cluster_name[TEST-CHILD_VM=[0]-CLUSTER_SEED=[-7449427405447180618]-HASH=[2645B46835F9]-cluster]}, ping_response{node [{node_t0}{MSgO3f-9S-yat_4GxxKW6w}{127.0.0.1}{127.0.0.1:9440}[mode=>network]], id[321], master [null], hasJoinedOnce [false], cluster_name[TEST-CHILD_VM=[0]-CLUSTER_SEED=[-7449427405447180618]-HASH=[2645B46835F9]-cluster]}, ping_response{node [{node_t0}{MSgO3f-9S-yat_4GxxKW6w}{127.0.0.1}{127.0.0.1:9440}[mode=>network]], id[321], master [null], hasJoinedOnce [false], cluster_name[TEST-CHILD_VM=[0]-CLUSTER_SEED=[-7449427405447180618]-HASH=[2645B46835F9]-cluster]}, ping_response{node [{node_t0}{MSgO3f-9S-yat_4GxxKW6w}{127.0.0.1}{127.0.0.1:9440}[mode=>network]], id[325], master [null], hasJoinedOnce [false], cluster_name[TEST-CHILD_VM=[0]-CLUSTER_SEED=[-7449427405447180618]-HASH=[2645B46835F9]-cluster]}, ping_response{node [{node_t0}{MSgO3f-9S-yat_4GxxKW6w}{127.0.0.1}{127.0.0.1:9440}[mode=>network]], id[325], master [null], hasJoinedOnce [false], cluster_name[TEST-CHILD_VM=[0]-CLUSTER_SEED=[-7449427405447180618]-HASH=[2645B46835F9]-cluster]}, ping_response{node [{node_t0}{MSgO3f-9S-yat_4GxxKW6w}{127.0.0.1}{127.0.0.1:9440}[mode=>network]], id[325], master [null], hasJoinedOnce [false], cluster_name[TEST-CHILD_VM=[0]-CLUSTER_SEED=[-7449427405447180618]-HASH=[2645B46835F9]-cluster]}, ping_response{node [{node_t0}{MSgO3f-9S-yat_4GxxKW6w}{127.0.0.1}{127.0.0.1:9440}[mode=>network]], id[329], master [null], hasJoinedOnce [false], cluster_name[TEST-CHILD_VM=[0]-CLUSTER_SEED=[-7449427405447180618]-HASH=[2645B46835F9]-cluster]}, ping_response{node [{node_t0}{MSgO3f-9S-yat_4GxxKW6w}{127.0.0.1}{127.0.0.1:9440}[mode=>network]], id[329], master [null], hasJoinedOnce [false], cluster_name[TEST-CHILD_VM=[0]-CLUSTER_SEED=[-7449427405447180618]-HASH=[2645B46835F9]-cluster]}, ping_response{node [{node_t0}{MSgO3f-9S-yat_4GxxKW6w}{127.0.0.1}{127.0.0.1:9440}[mode=>network]], id[329], master [null], hasJoinedOnce [false], cluster_name[TEST-CHILD_VM=[0]-CLUSTER_SEED=[-7449427405447180618]-HASH=[2645B46835F9]-cluster]}, ping_response{node [{node_t0}{MSgO3f-9S-yat_4GxxKW6w}{127.0.0.1}{127.0.0.1:9440}[mode=>network]], id[333], master [null], hasJoinedOnce [false], cluster_name[TEST-CHILD_VM=[0]-CLUSTER_SEED=[-7449427405447180618]-HASH=[2645B46835F9]-cluster]}, ping_response{node [{node_t0}{MSgO3f-9S-yat_4GxxKW6w}{127.0.0.1}{127.0.0.1:9440}[mode=>network]], id[333], master [null], hasJoinedOnce [false], cluster_name[TEST-CHILD_VM=[0]-CLUSTER_SEED=[-7449427405447180618]-HASH=[2645B46835F9]-cluster]}, ping_response{node [{node_t0}{MSgO3f-9S-yat_4GxxKW6w}{127.0.0.1}{127.0.0.1:9440}[mode=>network]], id[333], master [null], hasJoinedOnce [false], cluster_name[TEST-CHILD_VM=[0]-CLUSTER_SEED=[-7449427405447180618]-HASH=[2645B46835F9]-cluster]}, ping_response{node [{node_t0}{MSgO3f-9S-yat_4GxxKW6w}{127.0.0.1}{127.0.0.1:9440}[mode=>network]], id[337], master [null], hasJoinedOnce [false], cluster_name[TEST-CHILD_VM=[0]-CLUSTER_SEED=[-7449427405447180618]-HASH=[2645B46835F9]-cluster]}, ping_response{node [{node_t0}{MSgO3f-9S-yat_4GxxKW6w}{127.0.0.1}{127.0.0.1:9440}[mode=>network]], id[337], master [null], hasJoinedOnce [false], cluster_name[TEST-CHILD_VM=[0]-CLUSTER_SEED=[-7449427405447180618]-HASH=[2645B46835F9]-cluster]}, ping_response{node [{node_t0}{MSgO3f-9S-yat_4GxxKW6w}{127.0.0.1}{127.0.0.1:9440}[mode=>network]], id[337], master [null], hasJoinedOnce [false], cluster_name[TEST-CHILD_VM=[0]-CLUSTER_SEED=[-7449427405447180618]-HASH=[2645B46835F9]-cluster]}, ping_response{node [{node_t0}{MSgO3f-9S-yat_4GxxKW6w}{127.0.0.1}{127.0.0.1:9440}[mode=>network]], id[341], master [null], hasJoinedOnce [false], cluster_name[TEST-CHILD_VM=[0]-CLUSTER_SEED=[-7449427405447180618]-HASH=[2645B46835F9]-cluster]}, ping_response{node [{node_t0}{MSgO3f-9S-yat_4GxxKW6w}{127.0.0.1}{127.0.0.1:9440}[mode=>network]], id[341], master [null], hasJoinedOnce [false], cluster_name[TEST-CHILD_VM=[0]-CLUSTER_SEED=[-7449427405447180618]-HASH=[2645B46835F9]-cluster]}, ping_response{node [{node_t0}{MSgO3f-9S-yat_4GxxKW6w}{127.0.0.1}{127.0.0.1:9440}[mode=>network]], id[343], master [null], hasJoinedOnce [false], cluster_name[TEST-CHILD_VM=[0]-CLUSTER_SEED=[-7449427405447180618]-HASH=[2645B46835F9]-cluster]}]
[2016-04-18 03:03:34,826][TRACE][org.elasticsearch.discovery.zen.ping.unicast] [node_t0] [3] connecting (light) to {#zen_unicast_10#}{::1}{[::1]:9444}
[2016-04-18 03:03:34,827][TRACE][org.elasticsearch.discovery.zen.ping.unicast] [node_t0] [3] failed to connect to {#zen_unicast_5#}{127.0.0.1}{127.0.0.1:9444}
ConnectTransportException[[][127.0.0.1:9444] connect_timeout[30s]]; nested: ConnectException[Connection refused: /127.0.0.1:9444];
	at org.elasticsearch.transport.netty.NettyTransport.connectToChannelsLight(NettyTransport.java:954)
	at org.elasticsearch.transport.netty.NettyTransport.connectToNode(NettyTransport.java:918)
	at org.elasticsearch.transport.netty.NettyTransport.connectToNodeLight(NettyTransport.java:890)
	at org.elasticsearch.test.transport.MockTransportService$LookupTestTransport.connectToNodeLight(MockTransportService.java:413)
	at org.elasticsearch.transport.TransportService.connectToNodeLight(TransportService.java:242)
	at org.elasticsearch.discovery.zen.ping.unicast.UnicastZenPing$3.run(UnicastZenPing.java:395)
	at java.util.concurrent.ThreadPoolExecutor.runWorker(ThreadPoolExecutor.java:1142)
	at java.util.concurrent.ThreadPoolExecutor$Worker.run(ThreadPoolExecutor.java:617)
	at java.lang.Thread.run(Thread.java:745)
Caused by: java.net.ConnectException: Connection refused: /127.0.0.1:9444
	at sun.nio.ch.SocketChannelImpl.checkConnect(Native Method)
	at sun.nio.ch.SocketChannelImpl.finishConnect(SocketChannelImpl.java:717)
	at org.jboss.netty.channel.socket.nio.NioClientBoss.connect(NioClientBoss.java:152)
	at org.jboss.netty.channel.socket.nio.NioClientBoss.processSelectedKeys(NioClientBoss.java:105)
	at org.jboss.netty.channel.socket.nio.NioClientBoss.process(NioClientBoss.java:79)
	at org.jboss.netty.channel.socket.nio.AbstractNioSelector.run(AbstractNioSelector.java:337)
	at org.jboss.netty.channel.socket.nio.NioClientBoss.run(NioClientBoss.java:42)
	at org.jboss.netty.util.ThreadRenamingRunnable.run(ThreadRenamingRunnable.java:108)
	at org.jboss.netty.util.internal.DeadLockProofWorker$1.run(DeadLockProofWorker.java:42)
	... 3 more
[2016-04-18 03:03:34,827][TRACE][org.elasticsearch.discovery.zen.ping.unicast] [node_t0] [3] failed to connect to {#zen_unicast_8#}{::1}{[::1]:9442}
ConnectTransportException[[][[::1]:9442] connect_timeout[30s]]; nested: ConnectException[Connection refused: /0:0:0:0:0:0:0:1:9442];
	at org.elasticsearch.transport.netty.NettyTransport.connectToChannelsLight(NettyTransport.java:954)
	at org.elasticsearch.transport.netty.NettyTransport.connectToNode(NettyTransport.java:918)
	at org.elasticsearch.transport.netty.NettyTransport.connectToNodeLight(NettyTransport.java:890)
	at org.elasticsearch.test.transport.MockTransportService$LookupTestTransport.connectToNodeLight(MockTransportService.java:413)
	at org.elasticsearch.transport.TransportService.connectToNodeLight(TransportService.java:242)
	at org.elasticsearch.discovery.zen.ping.unicast.UnicastZenPing$3.run(UnicastZenPing.java:395)
	at java.util.concurrent.ThreadPoolExecutor.runWorker(ThreadPoolExecutor.java:1142)
	at java.util.concurrent.ThreadPoolExecutor$Worker.run(ThreadPoolExecutor.java:617)
	at java.lang.Thread.run(Thread.java:745)
Caused by: java.net.ConnectException: Connection refused: /0:0:0:0:0:0:0:1:9442
	at sun.nio.ch.SocketChannelImpl.checkConnect(Native Method)
	at sun.nio.ch.SocketChannelImpl.finishConnect(SocketChannelImpl.java:717)
	at org.jboss.netty.channel.socket.nio.NioClientBoss.connect(NioClientBoss.java:152)
	at org.jboss.netty.channel.socket.nio.NioClientBoss.processSelectedKeys(NioClientBoss.java:105)
	at org.jboss.netty.channel.socket.nio.NioClientBoss.process(NioClientBoss.java:79)
	at org.jboss.netty.channel.socket.nio.AbstractNioSelector.run(AbstractNioSelector.java:337)
	at org.jboss.netty.channel.socket.nio.NioClientBoss.run(NioClientBoss.java:42)
	at org.jboss.netty.util.ThreadRenamingRunnable.run(ThreadRenamingRunnable.java:108)
	at org.jboss.netty.util.internal.DeadLockProofWorker$1.run(DeadLockProofWorker.java:42)
	... 3 more
[2016-04-18 03:03:34,827][TRACE][org.elasticsearch.discovery.zen.ping.unicast] [node_t0] [3] failed to connect to {#zen_unicast_10#}{::1}{[::1]:9444}
ConnectTransportException[[][[::1]:9444] connect_timeout[30s]]; nested: ConnectException[Connection refused: /0:0:0:0:0:0:0:1:9444];
	at org.elasticsearch.transport.netty.NettyTransport.connectToChannelsLight(NettyTransport.java:954)
	at org.elasticsearch.transport.netty.NettyTransport.connectToNode(NettyTransport.java:918)
	at org.elasticsearch.transport.netty.NettyTransport.connectToNodeLight(NettyTransport.java:890)
	at org.elasticsearch.test.transport.MockTransportService$LookupTestTransport.connectToNodeLight(MockTransportService.java:413)
	at org.elasticsearch.transport.TransportService.connectToNodeLight(TransportService.java:242)
	at org.elasticsearch.discovery.zen.ping.unicast.UnicastZenPing$3.run(UnicastZenPing.java:395)
	at java.util.concurrent.ThreadPoolExecutor.runWorker(ThreadPoolExecutor.java:1142)
	at java.util.concurrent.ThreadPoolExecutor$Worker.run(ThreadPoolExecutor.java:617)
	at java.lang.Thread.run(Thread.java:745)
Caused by: java.net.ConnectException: Connection refused: /0:0:0:0:0:0:0:1:9444
	at sun.nio.ch.SocketChannelImpl.checkConnect(Native Method)
	at sun.nio.ch.SocketChannelImpl.finishConnect(SocketChannelImpl.java:717)
	at org.jboss.netty.channel.socket.nio.NioClientBoss.connect(NioClientBoss.java:152)
	at org.jboss.netty.channel.socket.nio.NioClientBoss.processSelectedKeys(NioClientBoss.java:105)
	at org.jboss.netty.channel.socket.nio.NioClientBoss.process(NioClientBoss.java:79)
	at org.jboss.netty.channel.socket.nio.AbstractNioSelector.run(AbstractNioSelector.java:337)
	at org.jboss.netty.channel.socket.nio.NioClientBoss.run(NioClientBoss.java:42)
	at org.jboss.netty.util.ThreadRenamingRunnable.run(ThreadRenamingRunnable.java:108)
	at org.jboss.netty.util.internal.DeadLockProofWorker$1.run(DeadLockProofWorker.java:42)
	... 3 more
[2016-04-18 03:03:34,826][TRACE][org.elasticsearch.discovery.zen.ping.unicast] [node_t0] [3] connecting (light) to {#zen_unicast_9#}{::1}{[::1]:9443}
[2016-04-18 03:03:34,826][TRACE][org.elasticsearch.discovery.zen.ping.unicast] [node_t0] [3] connecting (light) to {#zen_unicast_7#}{::1}{[::1]:9441}
[2016-04-18 03:03:34,827][TRACE][org.elasticsearch.discovery.zen.ping.unicast] [node_t0] [3] received response from {#zen_unicast_6#}{::1}{[::1]:9440}: [ping_response{node [{node_t0}{MSgO3f-9S-yat_4GxxKW6w}{127.0.0.1}{127.0.0.1:9440}[mode=>network]], id[321], master [null], hasJoinedOnce [false], cluster_name[TEST-CHILD_VM=[0]-CLUSTER_SEED=[-7449427405447180618]-HASH=[2645B46835F9]-cluster]}, ping_response{node [{node_t0}{MSgO3f-9S-yat_4GxxKW6w}{127.0.0.1}{127.0.0.1:9440}[mode=>network]], id[321], master [null], hasJoinedOnce [false], cluster_name[TEST-CHILD_VM=[0]-CLUSTER_SEED=[-7449427405447180618]-HASH=[2645B46835F9]-cluster]}, ping_response{node [{node_t0}{MSgO3f-9S-yat_4GxxKW6w}{127.0.0.1}{127.0.0.1:9440}[mode=>network]], id[321], master [null], hasJoinedOnce [false], cluster_name[TEST-CHILD_VM=[0]-CLUSTER_SEED=[-7449427405447180618]-HASH=[2645B46835F9]-cluster]}, ping_response{node [{node_t0}{MSgO3f-9S-yat_4GxxKW6w}{127.0.0.1}{127.0.0.1:9440}[mode=>network]], id[325], master [null], hasJoinedOnce [false], cluster_name[TEST-CHILD_VM=[0]-CLUSTER_SEED=[-7449427405447180618]-HASH=[2645B46835F9]-cluster]}, ping_response{node [{node_t0}{MSgO3f-9S-yat_4GxxKW6w}{127.0.0.1}{127.0.0.1:9440}[mode=>network]], id[325], master [null], hasJoinedOnce [false], cluster_name[TEST-CHILD_VM=[0]-CLUSTER_SEED=[-7449427405447180618]-HASH=[2645B46835F9]-cluster]}, ping_response{node [{node_t0}{MSgO3f-9S-yat_4GxxKW6w}{127.0.0.1}{127.0.0.1:9440}[mode=>network]], id[325], master [null], hasJoinedOnce [false], cluster_name[TEST-CHILD_VM=[0]-CLUSTER_SEED=[-7449427405447180618]-HASH=[2645B46835F9]-cluster]}, ping_response{node [{node_t0}{MSgO3f-9S-yat_4GxxKW6w}{127.0.0.1}{127.0.0.1:9440}[mode=>network]], id[329], master [null], hasJoinedOnce [false], cluster_name[TEST-CHILD_VM=[0]-CLUSTER_SEED=[-7449427405447180618]-HASH=[2645B46835F9]-cluster]}, ping_response{node [{node_t0}{MSgO3f-9S-yat_4GxxKW6w}{127.0.0.1}{127.0.0.1:9440}[mode=>network]], id[329], master [null], hasJoinedOnce [false], cluster_name[TEST-CHILD_VM=[0]-CLUSTER_SEED=[-7449427405447180618]-HASH=[2645B46835F9]-cluster]}, ping_response{node [{node_t0}{MSgO3f-9S-yat_4GxxKW6w}{127.0.0.1}{127.0.0.1:9440}[mode=>network]], id[329], master [null], hasJoinedOnce [false], cluster_name[TEST-CHILD_VM=[0]-CLUSTER_SEED=[-7449427405447180618]-HASH=[2645B46835F9]-cluster]}, ping_response{node [{node_t0}{MSgO3f-9S-yat_4GxxKW6w}{127.0.0.1}{127.0.0.1:9440}[mode=>network]], id[333], master [null], hasJoinedOnce [false], cluster_name[TEST-CHILD_VM=[0]-CLUSTER_SEED=[-7449427405447180618]-HASH=[2645B46835F9]-cluster]}, ping_response{node [{node_t0}{MSgO3f-9S-yat_4GxxKW6w}{127.0.0.1}{127.0.0.1:9440}[mode=>network]], id[333], master [null], hasJoinedOnce [false], cluster_name[TEST-CHILD_VM=[0]-CLUSTER_SEED=[-7449427405447180618]-HASH=[2645B46835F9]-cluster]}, ping_response{node [{node_t0}{MSgO3f-9S-yat_4GxxKW6w}{127.0.0.1}{127.0.0.1:9440}[mode=>network]], id[333], master [null], hasJoinedOnce [false], cluster_name[TEST-CHILD_VM=[0]-CLUSTER_SEED=[-7449427405447180618]-HASH=[2645B46835F9]-cluster]}, ping_response{node [{node_t0}{MSgO3f-9S-yat_4GxxKW6w}{127.0.0.1}{127.0.0.1:9440}[mode=>network]], id[337], master [null], hasJoinedOnce [false], cluster_name[TEST-CHILD_VM=[0]-CLUSTER_SEED=[-7449427405447180618]-HASH=[2645B46835F9]-cluster]}, ping_response{node [{node_t0}{MSgO3f-9S-yat_4GxxKW6w}{127.0.0.1}{127.0.0.1:9440}[mode=>network]], id[337], master [null], hasJoinedOnce [false], cluster_name[TEST-CHILD_VM=[0]-CLUSTER_SEED=[-7449427405447180618]-HASH=[2645B46835F9]-cluster]}, ping_response{node [{node_t0}{MSgO3f-9S-yat_4GxxKW6w}{127.0.0.1}{127.0.0.1:9440}[mode=>network]], id[337], master [null], hasJoinedOnce [false], cluster_name[TEST-CHILD_VM=[0]-CLUSTER_SEED=[-7449427405447180618]-HASH=[2645B46835F9]-cluster]}, ping_response{node [{node_t0}{MSgO3f-9S-yat_4GxxKW6w}{127.0.0.1}{127.0.0.1:9440}[mode=>network]], id[341], master [null], hasJoinedOnce [false], cluster_name[TEST-CHILD_VM=[0]-CLUSTER_SEED=[-7449427405447180618]-HASH=[2645B46835F9]-cluster]}, ping_response{node [{node_t0}{MSgO3f-9S-yat_4GxxKW6w}{127.0.0.1}{127.0.0.1:9440}[mode=>network]], id[341], master [null], hasJoinedOnce [false], cluster_name[TEST-CHILD_VM=[0]-CLUSTER_SEED=[-7449427405447180618]-HASH=[2645B46835F9]-cluster]}, ping_response{node [{node_t0}{MSgO3f-9S-yat_4GxxKW6w}{127.0.0.1}{127.0.0.1:9440}[mode=>network]], id[341], master [null], hasJoinedOnce [false], cluster_name[TEST-CHILD_VM=[0]-CLUSTER_SEED=[-7449427405447180618]-HASH=[2645B46835F9]-cluster]}, ping_response{node [{node_t0}{MSgO3f-9S-yat_4GxxKW6w}{127.0.0.1}{127.0.0.1:9440}[mode=>network]], id[344], master [null], hasJoinedOnce [false], cluster_name[TEST-CHILD_VM=[0]-CLUSTER_SEED=[-7449427405447180618]-HASH=[2645B46835F9]-cluster]}]
[2016-04-18 03:03:34,828][TRACE][org.elasticsearch.discovery.zen.ping.unicast] [node_t0] [3] failed to connect to {#zen_unicast_9#}{::1}{[::1]:9443}
ConnectTransportException[[][[::1]:9443] connect_timeout[30s]]; nested: ConnectException[Connection refused: /0:0:0:0:0:0:0:1:9443];
	at org.elasticsearch.transport.netty.NettyTransport.connectToChannelsLight(NettyTransport.java:954)
	at org.elasticsearch.transport.netty.NettyTransport.connectToNode(NettyTransport.java:918)
	at org.elasticsearch.transport.netty.NettyTransport.connectToNodeLight(NettyTransport.java:890)
	at org.elasticsearch.test.transport.MockTransportService$LookupTestTransport.connectToNodeLight(MockTransportService.java:413)
	at org.elasticsearch.transport.TransportService.connectToNodeLight(TransportService.java:242)
	at org.elasticsearch.discovery.zen.ping.unicast.UnicastZenPing$3.run(UnicastZenPing.java:395)
	at java.util.concurrent.ThreadPoolExecutor.runWorker(ThreadPoolExecutor.java:1142)
	at java.util.concurrent.ThreadPoolExecutor$Worker.run(ThreadPoolExecutor.java:617)
	at java.lang.Thread.run(Thread.java:745)
Caused by: java.net.ConnectException: Connection refused: /0:0:0:0:0:0:0:1:9443
	at sun.nio.ch.SocketChannelImpl.checkConnect(Native Method)
	at sun.nio.ch.SocketChannelImpl.finishConnect(SocketChannelImpl.java:717)
	at org.jboss.netty.channel.socket.nio.NioClientBoss.connect(NioClientBoss.java:152)
	at org.jboss.netty.channel.socket.nio.NioClientBoss.processSelectedKeys(NioClientBoss.java:105)
	at org.jboss.netty.channel.socket.nio.NioClientBoss.process(NioClientBoss.java:79)
	at org.jboss.netty.channel.socket.nio.AbstractNioSelector.run(AbstractNioSelector.java:337)
	at org.jboss.netty.channel.socket.nio.NioClientBoss.run(NioClientBoss.java:42)
	at org.jboss.netty.util.ThreadRenamingRunnable.run(ThreadRenamingRunnable.java:108)
	at org.jboss.netty.util.internal.DeadLockProofWorker$1.run(DeadLockProofWorker.java:42)
	... 3 more
[2016-04-18 03:03:34,827][TRACE][org.elasticsearch.discovery.zen.ping.unicast] [node_t0] [3] failed to connect to {#zen_unicast_4#}{127.0.0.1}{127.0.0.1:9443}
ConnectTransportException[[][127.0.0.1:9443] connect_timeout[30s]]; nested: ConnectException[Connection refused: /127.0.0.1:9443];
	at org.elasticsearch.transport.netty.NettyTransport.connectToChannelsLight(NettyTransport.java:954)
	at org.elasticsearch.transport.netty.NettyTransport.connectToNode(NettyTransport.java:918)
	at org.elasticsearch.transport.netty.NettyTransport.connectToNodeLight(NettyTransport.java:890)
	at org.elasticsearch.test.transport.MockTransportService$LookupTestTransport.connectToNodeLight(MockTransportService.java:413)
	at org.elasticsearch.transport.TransportService.connectToNodeLight(TransportService.java:242)
	at org.elasticsearch.discovery.zen.ping.unicast.UnicastZenPing$3.run(UnicastZenPing.java:395)
	at java.util.concurrent.ThreadPoolExecutor.runWorker(ThreadPoolExecutor.java:1142)
	at java.util.concurrent.ThreadPoolExecutor$Worker.run(ThreadPoolExecutor.java:617)
	at java.lang.Thread.run(Thread.java:745)
Caused by: java.net.ConnectException: Connection refused: /127.0.0.1:9443
	at sun.nio.ch.SocketChannelImpl.checkConnect(Native Method)
	at sun.nio.ch.SocketChannelImpl.finishConnect(SocketChannelImpl.java:717)
	at org.jboss.netty.channel.socket.nio.NioClientBoss.connect(NioClientBoss.java:152)
	at org.jboss.netty.channel.socket.nio.NioClientBoss.processSelectedKeys(NioClientBoss.java:105)
	at org.jboss.netty.channel.socket.nio.NioClientBoss.process(NioClientBoss.java:79)
	at org.jboss.netty.channel.socket.nio.AbstractNioSelector.run(AbstractNioSelector.java:337)
	at org.jboss.netty.channel.socket.nio.NioClientBoss.run(NioClientBoss.java:42)
	at org.jboss.netty.util.ThreadRenamingRunnable.run(ThreadRenamingRunnable.java:108)
	at org.jboss.netty.util.internal.DeadLockProofWorker$1.run(DeadLockProofWorker.java:42)
	... 3 more
[2016-04-18 03:03:34,827][TRACE][org.elasticsearch.discovery.zen.ping.unicast] [node_t0] [3] failed to connect to {#zen_unicast_3#}{127.0.0.1}{127.0.0.1:9442}
ConnectTransportException[[][127.0.0.1:9442] connect_timeout[30s]]; nested: ConnectException[Connection refused: /127.0.0.1:9442];
	at org.elasticsearch.transport.netty.NettyTransport.connectToChannelsLight(NettyTransport.java:954)
	at org.elasticsearch.transport.netty.NettyTransport.connectToNode(NettyTransport.java:918)
	at org.elasticsearch.transport.netty.NettyTransport.connectToNodeLight(NettyTransport.java:890)
	at org.elasticsearch.test.transport.MockTransportService$LookupTestTransport.connectToNodeLight(MockTransportService.java:413)
	at org.elasticsearch.transport.TransportService.connectToNodeLight(TransportService.java:242)
	at org.elasticsearch.discovery.zen.ping.unicast.UnicastZenPing$3.run(UnicastZenPing.java:395)
	at java.util.concurrent.ThreadPoolExecutor.runWorker(ThreadPoolExecutor.java:1142)
	at java.util.concurrent.ThreadPoolExecutor$Worker.run(ThreadPoolExecutor.java:617)
	at java.lang.Thread.run(Thread.java:745)
Caused by: java.net.ConnectException: Connection refused: /127.0.0.1:9442
	at sun.nio.ch.SocketChannelImpl.checkConnect(Native Method)
	at sun.nio.ch.SocketChannelImpl.finishConnect(SocketChannelImpl.java:717)
	at org.jboss.netty.channel.socket.nio.NioClientBoss.connect(NioClientBoss.java:152)
	at org.jboss.netty.channel.socket.nio.NioClientBoss.processSelectedKeys(NioClientBoss.java:105)
	at org.jboss.netty.channel.socket.nio.NioClientBoss.process(NioClientBoss.java:79)
	at org.jboss.netty.channel.socket.nio.AbstractNioSelector.run(AbstractNioSelector.java:337)
	at org.jboss.netty.channel.socket.nio.NioClientBoss.run(NioClientBoss.java:42)
	at org.jboss.netty.util.ThreadRenamingRunnable.run(ThreadRenamingRunnable.java:108)
	at org.jboss.netty.util.internal.DeadLockProofWorker$1.run(DeadLockProofWorker.java:42)
	... 3 more
[2016-04-18 03:03:34,827][TRACE][org.elasticsearch.discovery.zen.ping.unicast] [node_t0] [3] failed to connect to {#zen_unicast_2#}{127.0.0.1}{127.0.0.1:9441}
ConnectTransportException[[][127.0.0.1:9441] connect_timeout[30s]]; nested: ConnectException[Connection refused: /127.0.0.1:9441];
	at org.elasticsearch.transport.netty.NettyTransport.connectToChannelsLight(NettyTransport.java:954)
	at org.elasticsearch.transport.netty.NettyTransport.connectToNode(NettyTransport.java:918)
	at org.elasticsearch.transport.netty.NettyTransport.connectToNodeLight(NettyTransport.java:890)
	at org.elasticsearch.test.transport.MockTransportService$LookupTestTransport.connectToNodeLight(MockTransportService.java:413)
	at org.elasticsearch.transport.TransportService.connectToNodeLight(TransportService.java:242)
	at org.elasticsearch.discovery.zen.ping.unicast.UnicastZenPing$3.run(UnicastZenPing.java:395)
	at java.util.concurrent.ThreadPoolExecutor.runWorker(ThreadPoolExecutor.java:1142)
	at java.util.concurrent.ThreadPoolExecutor$Worker.run(ThreadPoolExecutor.java:617)
	at java.lang.Thread.run(Thread.java:745)
Caused by: java.net.ConnectException: Connection refused: /127.0.0.1:9441
	at sun.nio.ch.SocketChannelImpl.checkConnect(Native Method)
	at sun.nio.ch.SocketChannelImpl.finishConnect(SocketChannelImpl.java:717)
	at org.jboss.netty.channel.socket.nio.NioClientBoss.connect(NioClientBoss.java:152)
	at org.jboss.netty.channel.socket.nio.NioClientBoss.processSelectedKeys(NioClientBoss.java:105)
	at org.jboss.netty.channel.socket.nio.NioClientBoss.process(NioClientBoss.java:79)
	at org.jboss.netty.channel.socket.nio.AbstractNioSelector.run(AbstractNioSelector.java:337)
	at org.jboss.netty.channel.socket.nio.NioClientBoss.run(NioClientBoss.java:42)
	at org.jboss.netty.util.ThreadRenamingRunnable.run(ThreadRenamingRunnable.java:108)
	at org.jboss.netty.util.internal.DeadLockProofWorker$1.run(DeadLockProofWorker.java:42)
	... 3 more
[2016-04-18 03:03:34,828][TRACE][org.elasticsearch.discovery.zen.ping.unicast] [node_t0] [3] failed to connect to {#zen_unicast_7#}{::1}{[::1]:9441}
ConnectTransportException[[][[::1]:9441] connect_timeout[30s]]; nested: ConnectException[Connection refused: /0:0:0:0:0:0:0:1:9441];
	at org.elasticsearch.transport.netty.NettyTransport.connectToChannelsLight(NettyTransport.java:954)
	at org.elasticsearch.transport.netty.NettyTransport.connectToNode(NettyTransport.java:918)
	at org.elasticsearch.transport.netty.NettyTransport.connectToNodeLight(NettyTransport.java:890)
	at org.elasticsearch.test.transport.MockTransportService$LookupTestTransport.connectToNodeLight(MockTransportService.java:413)
	at org.elasticsearch.transport.TransportService.connectToNodeLight(TransportService.java:242)
	at org.elasticsearch.discovery.zen.ping.unicast.UnicastZenPing$3.run(UnicastZenPing.java:395)
	at java.util.concurrent.ThreadPoolExecutor.runWorker(ThreadPoolExecutor.java:1142)
	at java.util.concurrent.ThreadPoolExecutor$Worker.run(ThreadPoolExecutor.java:617)
	at java.lang.Thread.run(Thread.java:745)
Caused by: java.net.ConnectException: Connection refused: /0:0:0:0:0:0:0:1:9441
	at sun.nio.ch.SocketChannelImpl.checkConnect(Native Method)
	at sun.nio.ch.SocketChannelImpl.finishConnect(SocketChannelImpl.java:717)
	at org.jboss.netty.channel.socket.nio.NioClientBoss.connect(NioClientBoss.java:152)
	at org.jboss.netty.channel.socket.nio.NioClientBoss.processSelectedKeys(NioClientBoss.java:105)
	at org.jboss.netty.channel.socket.nio.NioClientBoss.process(NioClientBoss.java:79)
	at org.jboss.netty.channel.socket.nio.AbstractNioSelector.run(AbstractNioSelector.java:337)
	at org.jboss.netty.channel.socket.nio.NioClientBoss.run(NioClientBoss.java:42)
	at org.jboss.netty.util.ThreadRenamingRunnable.run(ThreadRenamingRunnable.java:108)
	at org.jboss.netty.util.internal.DeadLockProofWorker$1.run(DeadLockProofWorker.java:42)
	... 3 more
[2016-04-18 03:03:34,830][TRACE][org.elasticsearch.cluster.service] [node_t1] will process [initial_join]
[2016-04-18 03:03:34,830][DEBUG][org.elasticsearch.cluster.service] [node_t1] processing [initial_join]: execute
[2016-04-18 03:03:34,830][DEBUG][org.elasticsearch.cluster.service] [node_t1] processing [initial_join]: took 0s no change in cluster_state
[2016-04-18 03:03:34,830][TRACE][org.elasticsearch.discovery.zen] [node_t1] starting to accumulate joins
[2016-04-18 03:03:34,830][TRACE][org.elasticsearch.discovery.zen] [node_t1] starting to ping
[2016-04-18 03:03:34,830][TRACE][org.elasticsearch.discovery.zen.ping.unicast] [node_t1] [1] sending to {node_t1}{YucHs-5XRNO-JChWAzIIZg}{127.0.0.1}{127.0.0.1:9441}[mode=>network]
[2016-04-18 03:03:34,830][TRACE][org.elasticsearch.discovery.zen.ping.unicast] [node_t1] [1] connecting (light) to {#zen_unicast_1#}{127.0.0.1}{127.0.0.1:9440}
[2016-04-18 03:03:34,830][TRACE][org.elasticsearch.discovery.zen.ping.unicast] [node_t1] [1] received response from {node_t1}{YucHs-5XRNO-JChWAzIIZg}{127.0.0.1}{127.0.0.1:9441}[mode=>network]: [ping_response{node [{node_t1}{YucHs-5XRNO-JChWAzIIZg}{127.0.0.1}{127.0.0.1:9441}[mode=>network]], id[345], master [null], hasJoinedOnce [false], cluster_name[TEST-CHILD_VM=[0]-CLUSTER_SEED=[-7449427405447180618]-HASH=[2645B46835F9]-cluster]}, ping_response{node [{node_t1}{YucHs-5XRNO-JChWAzIIZg}{127.0.0.1}{127.0.0.1:9441}[mode=>network]], id[346], master [null], hasJoinedOnce [false], cluster_name[TEST-CHILD_VM=[0]-CLUSTER_SEED=[-7449427405447180618]-HASH=[2645B46835F9]-cluster]}]
[2016-04-18 03:03:34,831][TRACE][org.elasticsearch.discovery.zen.ping.unicast] [node_t1] [1] connecting (light) to {#zen_unicast_3#}{127.0.0.1}{127.0.0.1:9442}
[2016-04-18 03:03:34,831][TRACE][org.elasticsearch.discovery.zen.ping.unicast] [node_t1] [1] connecting (light) to {#zen_unicast_4#}{127.0.0.1}{127.0.0.1:9443}
[2016-04-18 03:03:34,831][TRACE][org.elasticsearch.discovery.zen.ping.unicast] [node_t1] [1] connecting (light) to {#zen_unicast_5#}{127.0.0.1}{127.0.0.1:9444}
[2016-04-18 03:03:34,831][TRACE][org.elasticsearch.discovery.zen.ping.unicast] [node_t1] [1] connecting (light) to {#zen_unicast_6#}{::1}{[::1]:9440}
[2016-04-18 03:03:34,831][TRACE][org.elasticsearch.discovery.zen.ping.unicast] [node_t1] [1] connecting (light) to {#zen_unicast_7#}{::1}{[::1]:9441}
[2016-04-18 03:03:34,831][TRACE][org.elasticsearch.discovery.zen.ping.unicast] [node_t1] [1] failed to connect to {#zen_unicast_3#}{127.0.0.1}{127.0.0.1:9442}
ConnectTransportException[[][127.0.0.1:9442] connect_timeout[30s]]; nested: ConnectException[Connection refused: /127.0.0.1:9442];
	at org.elasticsearch.transport.netty.NettyTransport.connectToChannelsLight(NettyTransport.java:954)
	at org.elasticsearch.transport.netty.NettyTransport.connectToNode(NettyTransport.java:918)
	at org.elasticsearch.transport.netty.NettyTransport.connectToNodeLight(NettyTransport.java:890)
	at org.elasticsearch.test.transport.MockTransportService$LookupTestTransport.connectToNodeLight(MockTransportService.java:413)
	at org.elasticsearch.transport.TransportService.connectToNodeLight(TransportService.java:242)
	at org.elasticsearch.discovery.zen.ping.unicast.UnicastZenPing$3.run(UnicastZenPing.java:395)
	at java.util.concurrent.ThreadPoolExecutor.runWorker(ThreadPoolExecutor.java:1142)
	at java.util.concurrent.ThreadPoolExecutor$Worker.run(ThreadPoolExecutor.java:617)
	at java.lang.Thread.run(Thread.java:745)
Caused by: java.net.ConnectException: Connection refused: /127.0.0.1:9442
	at sun.nio.ch.SocketChannelImpl.checkConnect(Native Method)
	at sun.nio.ch.SocketChannelImpl.finishConnect(SocketChannelImpl.java:717)
	at org.jboss.netty.channel.socket.nio.NioClientBoss.connect(NioClientBoss.java:152)
	at org.jboss.netty.channel.socket.nio.NioClientBoss.processSelectedKeys(NioClientBoss.java:105)
	at org.jboss.netty.channel.socket.nio.NioClientBoss.process(NioClientBoss.java:79)
	at org.jboss.netty.channel.socket.nio.AbstractNioSelector.run(AbstractNioSelector.java:337)
	at org.jboss.netty.channel.socket.nio.NioClientBoss.run(NioClientBoss.java:42)
	at org.jboss.netty.util.ThreadRenamingRunnable.run(ThreadRenamingRunnable.java:108)
	at org.jboss.netty.util.internal.DeadLockProofWorker$1.run(DeadLockProofWorker.java:42)
	... 3 more
[2016-04-18 03:03:34,831][TRACE][org.elasticsearch.discovery.zen.ping.unicast] [node_t1] [1] sending to {node_t1}{YucHs-5XRNO-JChWAzIIZg}{127.0.0.1}{127.0.0.1:9441}[mode=>network]
[2016-04-18 03:03:34,831][TRACE][org.elasticsearch.discovery.zen.ping.unicast] [node_t1] [1] failed to connect to {#zen_unicast_4#}{127.0.0.1}{127.0.0.1:9443}
ConnectTransportException[[][127.0.0.1:9443] connect_timeout[30s]]; nested: ConnectException[Connection refused: /127.0.0.1:9443];
	at org.elasticsearch.transport.netty.NettyTransport.connectToChannelsLight(NettyTransport.java:954)
	at org.elasticsearch.transport.netty.NettyTransport.connectToNode(NettyTransport.java:918)
	at org.elasticsearch.transport.netty.NettyTransport.connectToNodeLight(NettyTransport.java:890)
	at org.elasticsearch.test.transport.MockTransportService$LookupTestTransport.connectToNodeLight(MockTransportService.java:413)
	at org.elasticsearch.transport.TransportService.connectToNodeLight(TransportService.java:242)
	at org.elasticsearch.discovery.zen.ping.unicast.UnicastZenPing$3.run(UnicastZenPing.java:395)
	at java.util.concurrent.ThreadPoolExecutor.runWorker(ThreadPoolExecutor.java:1142)
	at java.util.concurrent.ThreadPoolExecutor$Worker.run(ThreadPoolExecutor.java:617)
	at java.lang.Thread.run(Thread.java:745)
Caused by: java.net.ConnectException: Connection refused: /127.0.0.1:9443
	at sun.nio.ch.SocketChannelImpl.checkConnect(Native Method)
	at sun.nio.ch.SocketChannelImpl.finishConnect(SocketChannelImpl.java:717)
	at org.jboss.netty.channel.socket.nio.NioClientBoss.connect(NioClientBoss.java:152)
	at org.jboss.netty.channel.socket.nio.NioClientBoss.processSelectedKeys(NioClientBoss.java:105)
	at org.jboss.netty.channel.socket.nio.NioClientBoss.process(NioClientBoss.java:79)
	at org.jboss.netty.channel.socket.nio.AbstractNioSelector.run(AbstractNioSelector.java:337)
	at org.jboss.netty.channel.socket.nio.NioClientBoss.run(NioClientBoss.java:42)
	at org.jboss.netty.util.ThreadRenamingRunnable.run(ThreadRenamingRunnable.java:108)
	at org.jboss.netty.util.internal.DeadLockProofWorker$1.run(DeadLockProofWorker.java:42)
	... 3 more
[2016-04-18 03:03:34,832][TRACE][org.elasticsearch.discovery.zen.ping.unicast] [node_t1] [1] connected to {#zen_unicast_6#}{::1}{[::1]:9440}
[2016-04-18 03:03:34,831][TRACE][org.elasticsearch.discovery.zen.ping.unicast] [node_t1] [1] failed to connect to {#zen_unicast_5#}{127.0.0.1}{127.0.0.1:9444}
ConnectTransportException[[][127.0.0.1:9444] connect_timeout[30s]]; nested: ConnectException[Connection refused: /127.0.0.1:9444];
	at org.elasticsearch.transport.netty.NettyTransport.connectToChannelsLight(NettyTransport.java:954)
	at org.elasticsearch.transport.netty.NettyTransport.connectToNode(NettyTransport.java:918)
	at org.elasticsearch.transport.netty.NettyTransport.connectToNodeLight(NettyTransport.java:890)
	at org.elasticsearch.test.transport.MockTransportService$LookupTestTransport.connectToNodeLight(MockTransportService.java:413)
	at org.elasticsearch.transport.TransportService.connectToNodeLight(TransportService.java:242)
	at org.elasticsearch.discovery.zen.ping.unicast.UnicastZenPing$3.run(UnicastZenPing.java:395)
	at java.util.concurrent.ThreadPoolExecutor.runWorker(ThreadPoolExecutor.java:1142)
	at java.util.concurrent.ThreadPoolExecutor$Worker.run(ThreadPoolExecutor.java:617)
	at java.lang.Thread.run(Thread.java:745)
Caused by: java.net.ConnectException: Connection refused: /127.0.0.1:9444
	at sun.nio.ch.SocketChannelImpl.checkConnect(Native Method)
	at sun.nio.ch.SocketChannelImpl.finishConnect(SocketChannelImpl.java:717)
	at org.jboss.netty.channel.socket.nio.NioClientBoss.connect(NioClientBoss.java:152)
	at org.jboss.netty.channel.socket.nio.NioClientBoss.processSelectedKeys(NioClientBoss.java:105)
	at org.jboss.netty.channel.socket.nio.NioClientBoss.process(NioClientBoss.java:79)
	at org.jboss.netty.channel.socket.nio.AbstractNioSelector.run(AbstractNioSelector.java:337)
	at org.jboss.netty.channel.socket.nio.NioClientBoss.run(NioClientBoss.java:42)
	at org.jboss.netty.util.ThreadRenamingRunnable.run(ThreadRenamingRunnable.java:108)
	at org.jboss.netty.util.internal.DeadLockProofWorker$1.run(DeadLockProofWorker.java:42)
	... 3 more
[2016-04-18 03:03:34,831][TRACE][org.elasticsearch.discovery.zen.ping.unicast] [node_t1] [1] received response from {node_t1}{YucHs-5XRNO-JChWAzIIZg}{127.0.0.1}{127.0.0.1:9441}[mode=>network]: [ping_response{node [{node_t1}{YucHs-5XRNO-JChWAzIIZg}{127.0.0.1}{127.0.0.1:9441}[mode=>network]], id[345], master [null], hasJoinedOnce [false], cluster_name[TEST-CHILD_VM=[0]-CLUSTER_SEED=[-7449427405447180618]-HASH=[2645B46835F9]-cluster]}, ping_response{node [{node_t1}{YucHs-5XRNO-JChWAzIIZg}{127.0.0.1}{127.0.0.1:9441}[mode=>network]], id[345], master [null], hasJoinedOnce [false], cluster_name[TEST-CHILD_VM=[0]-CLUSTER_SEED=[-7449427405447180618]-HASH=[2645B46835F9]-cluster]}, ping_response{node [{node_t1}{YucHs-5XRNO-JChWAzIIZg}{127.0.0.1}{127.0.0.1:9441}[mode=>network]], id[347], master [null], hasJoinedOnce [false], cluster_name[TEST-CHILD_VM=[0]-CLUSTER_SEED=[-7449427405447180618]-HASH=[2645B46835F9]-cluster]}]
[2016-04-18 03:03:34,831][TRACE][org.elasticsearch.discovery.zen.ping.unicast] [node_t1] [1] connecting (light) to {#zen_unicast_10#}{::1}{[::1]:9444}
[2016-04-18 03:03:34,831][TRACE][org.elasticsearch.discovery.zen.ping.unicast] [node_t1] [1] connected to {#zen_unicast_1#}{127.0.0.1}{127.0.0.1:9440}
[2016-04-18 03:03:34,832][TRACE][org.elasticsearch.discovery.zen.ping.unicast] [node_t1] [1] sending to {#zen_unicast_1#}{127.0.0.1}{127.0.0.1:9440}
[2016-04-18 03:03:34,831][TRACE][org.elasticsearch.discovery.zen.ping.unicast] [node_t1] [1] connecting (light) to {#zen_unicast_9#}{::1}{[::1]:9443}
[2016-04-18 03:03:34,831][TRACE][org.elasticsearch.discovery.zen.ping.unicast] [node_t1] [1] connecting (light) to {#zen_unicast_8#}{::1}{[::1]:9442}
[2016-04-18 03:03:34,832][TRACE][org.elasticsearch.discovery.zen.ping.unicast] [node_t1] [1] connected to {#zen_unicast_7#}{::1}{[::1]:9441}
[2016-04-18 03:03:34,832][TRACE][org.elasticsearch.discovery.zen.ping.unicast] [node_t1] [1] sending to {#zen_unicast_6#}{::1}{[::1]:9440}
[2016-04-18 03:03:34,833][TRACE][org.elasticsearch.discovery.zen.ping.unicast] [node_t1] [1] sending to {#zen_unicast_7#}{::1}{[::1]:9441}
[2016-04-18 03:03:34,833][TRACE][org.elasticsearch.discovery.zen.ping.unicast] [node_t1] [1] failed to connect to {#zen_unicast_10#}{::1}{[::1]:9444}
ConnectTransportException[[][[::1]:9444] connect_timeout[30s]]; nested: ConnectException[Connection refused: /0:0:0:0:0:0:0:1:9444];
	at org.elasticsearch.transport.netty.NettyTransport.connectToChannelsLight(NettyTransport.java:954)
	at org.elasticsearch.transport.netty.NettyTransport.connectToNode(NettyTransport.java:918)
	at org.elasticsearch.transport.netty.NettyTransport.connectToNodeLight(NettyTransport.java:890)
	at org.elasticsearch.test.transport.MockTransportService$LookupTestTransport.connectToNodeLight(MockTransportService.java:413)
	at org.elasticsearch.transport.TransportService.connectToNodeLight(TransportService.java:242)
	at org.elasticsearch.discovery.zen.ping.unicast.UnicastZenPing$3.run(UnicastZenPing.java:395)
	at java.util.concurrent.ThreadPoolExecutor.runWorker(ThreadPoolExecutor.java:1142)
	at java.util.concurrent.ThreadPoolExecutor$Worker.run(ThreadPoolExecutor.java:617)
	at java.lang.Thread.run(Thread.java:745)
Caused by: java.net.ConnectException: Connection refused: /0:0:0:0:0:0:0:1:9444
	at sun.nio.ch.SocketChannelImpl.checkConnect(Native Method)
	at sun.nio.ch.SocketChannelImpl.finishConnect(SocketChannelImpl.java:717)
	at org.jboss.netty.channel.socket.nio.NioClientBoss.connect(NioClientBoss.java:152)
	at org.jboss.netty.channel.socket.nio.NioClientBoss.processSelectedKeys(NioClientBoss.java:105)
	at org.jboss.netty.channel.socket.nio.NioClientBoss.process(NioClientBoss.java:79)
	at org.jboss.netty.channel.socket.nio.AbstractNioSelector.run(AbstractNioSelector.java:337)
	at org.jboss.netty.channel.socket.nio.NioClientBoss.run(NioClientBoss.java:42)
	at org.jboss.netty.util.ThreadRenamingRunnable.run(ThreadRenamingRunnable.java:108)
	at org.jboss.netty.util.internal.DeadLockProofWorker$1.run(DeadLockProofWorker.java:42)
	... 3 more
[2016-04-18 03:03:34,833][TRACE][org.elasticsearch.discovery.zen.ping.unicast] [node_t1] [1] failed to connect to {#zen_unicast_9#}{::1}{[::1]:9443}
ConnectTransportException[[][[::1]:9443] connect_timeout[30s]]; nested: ConnectException[Connection refused: /0:0:0:0:0:0:0:1:9443];
	at org.elasticsearch.transport.netty.NettyTransport.connectToChannelsLight(NettyTransport.java:954)
	at org.elasticsearch.transport.netty.NettyTransport.connectToNode(NettyTransport.java:918)
	at org.elasticsearch.transport.netty.NettyTransport.connectToNodeLight(NettyTransport.java:890)
	at org.elasticsearch.test.transport.MockTransportService$LookupTestTransport.connectToNodeLight(MockTransportService.java:413)
	at org.elasticsearch.transport.TransportService.connectToNodeLight(TransportService.java:242)
	at org.elasticsearch.discovery.zen.ping.unicast.UnicastZenPing$3.run(UnicastZenPing.java:395)
	at java.util.concurrent.ThreadPoolExecutor.runWorker(ThreadPoolExecutor.java:1142)
	at java.util.concurrent.ThreadPoolExecutor$Worker.run(ThreadPoolExecutor.java:617)
	at java.lang.Thread.run(Thread.java:745)
Caused by: java.net.ConnectException: Connection refused: /0:0:0:0:0:0:0:1:9443
	at sun.nio.ch.SocketChannelImpl.checkConnect(Native Method)
	at sun.nio.ch.SocketChannelImpl.finishConnect(SocketChannelImpl.java:717)
	at org.jboss.netty.channel.socket.nio.NioClientBoss.connect(NioClientBoss.java:152)
	at org.jboss.netty.channel.socket.nio.NioClientBoss.processSelectedKeys(NioClientBoss.java:105)
	at org.jboss.netty.channel.socket.nio.NioClientBoss.process(NioClientBoss.java:79)
	at org.jboss.netty.channel.socket.nio.AbstractNioSelector.run(AbstractNioSelector.java:337)
	at org.jboss.netty.channel.socket.nio.NioClientBoss.run(NioClientBoss.java:42)
	at org.jboss.netty.util.ThreadRenamingRunnable.run(ThreadRenamingRunnable.java:108)
	at org.jboss.netty.util.internal.DeadLockProofWorker$1.run(DeadLockProofWorker.java:42)
	... 3 more
[2016-04-18 03:03:34,833][TRACE][org.elasticsearch.discovery.zen.ping.unicast] [node_t1] [1] received response from {#zen_unicast_7#}{::1}{[::1]:9441}: [ping_response{node [{node_t1}{YucHs-5XRNO-JChWAzIIZg}{127.0.0.1}{127.0.0.1:9441}[mode=>network]], id[345], master [null], hasJoinedOnce [false], cluster_name[TEST-CHILD_VM=[0]-CLUSTER_SEED=[-7449427405447180618]-HASH=[2645B46835F9]-cluster]}, ping_response{node [{node_t1}{YucHs-5XRNO-JChWAzIIZg}{127.0.0.1}{127.0.0.1:9441}[mode=>network]], id[345], master [null], hasJoinedOnce [false], cluster_name[TEST-CHILD_VM=[0]-CLUSTER_SEED=[-7449427405447180618]-HASH=[2645B46835F9]-cluster]}, ping_response{node [{node_t1}{YucHs-5XRNO-JChWAzIIZg}{127.0.0.1}{127.0.0.1:9441}[mode=>network]], id[345], master [null], hasJoinedOnce [false], cluster_name[TEST-CHILD_VM=[0]-CLUSTER_SEED=[-7449427405447180618]-HASH=[2645B46835F9]-cluster]}, ping_response{node [{node_t1}{YucHs-5XRNO-JChWAzIIZg}{127.0.0.1}{127.0.0.1:9441}[mode=>network]], id[350], master [null], hasJoinedOnce [false], cluster_name[TEST-CHILD_VM=[0]-CLUSTER_SEED=[-7449427405447180618]-HASH=[2645B46835F9]-cluster]}]
[2016-04-18 03:03:34,833][TRACE][org.elasticsearch.discovery.zen.ping.unicast] [node_t1] [1] received response from {#zen_unicast_1#}{127.0.0.1}{127.0.0.1:9440}: [ping_response{node [{node_t0}{MSgO3f-9S-yat_4GxxKW6w}{127.0.0.1}{127.0.0.1:9440}[mode=>network]], id[321], master [null], hasJoinedOnce [false], cluster_name[TEST-CHILD_VM=[0]-CLUSTER_SEED=[-7449427405447180618]-HASH=[2645B46835F9]-cluster]}, ping_response{node [{node_t0}{MSgO3f-9S-yat_4GxxKW6w}{127.0.0.1}{127.0.0.1:9440}[mode=>network]], id[321], master [null], hasJoinedOnce [false], cluster_name[TEST-CHILD_VM=[0]-CLUSTER_SEED=[-7449427405447180618]-HASH=[2645B46835F9]-cluster]}, ping_response{node [{node_t0}{MSgO3f-9S-yat_4GxxKW6w}{127.0.0.1}{127.0.0.1:9440}[mode=>network]], id[321], master [null], hasJoinedOnce [false], cluster_name[TEST-CHILD_VM=[0]-CLUSTER_SEED=[-7449427405447180618]-HASH=[2645B46835F9]-cluster]}, ping_response{node [{node_t0}{MSgO3f-9S-yat_4GxxKW6w}{127.0.0.1}{127.0.0.1:9440}[mode=>network]], id[325], master [null], hasJoinedOnce [false], cluster_name[TEST-CHILD_VM=[0]-CLUSTER_SEED=[-7449427405447180618]-HASH=[2645B46835F9]-cluster]}, ping_response{node [{node_t0}{MSgO3f-9S-yat_4GxxKW6w}{127.0.0.1}{127.0.0.1:9440}[mode=>network]], id[325], master [null], hasJoinedOnce [false], cluster_name[TEST-CHILD_VM=[0]-CLUSTER_SEED=[-7449427405447180618]-HASH=[2645B46835F9]-cluster]}, ping_response{node [{node_t0}{MSgO3f-9S-yat_4GxxKW6w}{127.0.0.1}{127.0.0.1:9440}[mode=>network]], id[325], master [null], hasJoinedOnce [false], cluster_name[TEST-CHILD_VM=[0]-CLUSTER_SEED=[-7449427405447180618]-HASH=[2645B46835F9]-cluster]}, ping_response{node [{node_t0}{MSgO3f-9S-yat_4GxxKW6w}{127.0.0.1}{127.0.0.1:9440}[mode=>network]], id[329], master [null], hasJoinedOnce [false], cluster_name[TEST-CHILD_VM=[0]-CLUSTER_SEED=[-7449427405447180618]-HASH=[2645B46835F9]-cluster]}, ping_response{node [{node_t0}{MSgO3f-9S-yat_4GxxKW6w}{127.0.0.1}{127.0.0.1:9440}[mode=>network]], id[329], master [null], hasJoinedOnce [false], cluster_name[TEST-CHILD_VM=[0]-CLUSTER_SEED=[-7449427405447180618]-HASH=[2645B46835F9]-cluster]}, ping_response{node [{node_t0}{MSgO3f-9S-yat_4GxxKW6w}{127.0.0.1}{127.0.0.1:9440}[mode=>network]], id[329], master [null], hasJoinedOnce [false], cluster_name[TEST-CHILD_VM=[0]-CLUSTER_SEED=[-7449427405447180618]-HASH=[2645B46835F9]-cluster]}, ping_response{node [{node_t0}{MSgO3f-9S-yat_4GxxKW6w}{127.0.0.1}{127.0.0.1:9440}[mode=>network]], id[333], master [null], hasJoinedOnce [false], cluster_name[TEST-CHILD_VM=[0]-CLUSTER_SEED=[-7449427405447180618]-HASH=[2645B46835F9]-cluster]}, ping_response{node [{node_t0}{MSgO3f-9S-yat_4GxxKW6w}{127.0.0.1}{127.0.0.1:9440}[mode=>network]], id[333], master [null], hasJoinedOnce [false], cluster_name[TEST-CHILD_VM=[0]-CLUSTER_SEED=[-7449427405447180618]-HASH=[2645B46835F9]-cluster]}, ping_response{node [{node_t0}{MSgO3f-9S-yat_4GxxKW6w}{127.0.0.1}{127.0.0.1:9440}[mode=>network]], id[333], master [null], hasJoinedOnce [false], cluster_name[TEST-CHILD_VM=[0]-CLUSTER_SEED=[-7449427405447180618]-HASH=[2645B46835F9]-cluster]}, ping_response{node [{node_t0}{MSgO3f-9S-yat_4GxxKW6w}{127.0.0.1}{127.0.0.1:9440}[mode=>network]], id[337], master [null], hasJoinedOnce [false], cluster_name[TEST-CHILD_VM=[0]-CLUSTER_SEED=[-7449427405447180618]-HASH=[2645B46835F9]-cluster]}, ping_response{node [{node_t0}{MSgO3f-9S-yat_4GxxKW6w}{127.0.0.1}{127.0.0.1:9440}[mode=>network]], id[337], master [null], hasJoinedOnce [false], cluster_name[TEST-CHILD_VM=[0]-CLUSTER_SEED=[-7449427405447180618]-HASH=[2645B46835F9]-cluster]}, ping_response{node [{node_t0}{MSgO3f-9S-yat_4GxxKW6w}{127.0.0.1}{127.0.0.1:9440}[mode=>network]], id[337], master [null], hasJoinedOnce [false], cluster_name[TEST-CHILD_VM=[0]-CLUSTER_SEED=[-7449427405447180618]-HASH=[2645B46835F9]-cluster]}, ping_response{node [{node_t0}{MSgO3f-9S-yat_4GxxKW6w}{127.0.0.1}{127.0.0.1:9440}[mode=>network]], id[341], master [null], hasJoinedOnce [false], cluster_name[TEST-CHILD_VM=[0]-CLUSTER_SEED=[-7449427405447180618]-HASH=[2645B46835F9]-cluster]}, ping_response{node [{node_t0}{MSgO3f-9S-yat_4GxxKW6w}{127.0.0.1}{127.0.0.1:9440}[mode=>network]], id[341], master [null], hasJoinedOnce [false], cluster_name[TEST-CHILD_VM=[0]-CLUSTER_SEED=[-7449427405447180618]-HASH=[2645B46835F9]-cluster]}, ping_response{node [{node_t0}{MSgO3f-9S-yat_4GxxKW6w}{127.0.0.1}{127.0.0.1:9440}[mode=>network]], id[341], master [null], hasJoinedOnce [false], cluster_name[TEST-CHILD_VM=[0]-CLUSTER_SEED=[-7449427405447180618]-HASH=[2645B46835F9]-cluster]}, ping_response{node [{node_t1}{YucHs-5XRNO-JChWAzIIZg}{127.0.0.1}{127.0.0.1:9441}[mode=>network]], id[345], master [null], hasJoinedOnce [false], cluster_name[TEST-CHILD_VM=[0]-CLUSTER_SEED=[-7449427405447180618]-HASH=[2645B46835F9]-cluster]}, ping_response{node [{node_t0}{MSgO3f-9S-yat_4GxxKW6w}{127.0.0.1}{127.0.0.1:9440}[mode=>network]], id[348], master [null], hasJoinedOnce [false], cluster_name[TEST-CHILD_VM=[0]-CLUSTER_SEED=[-7449427405447180618]-HASH=[2645B46835F9]-cluster]}]
[2016-04-18 03:03:34,833][TRACE][org.elasticsearch.discovery.zen.ping.unicast] [node_t1] [1] failed to connect to {#zen_unicast_8#}{::1}{[::1]:9442}
ConnectTransportException[[][[::1]:9442] connect_timeout[30s]]; nested: ConnectException[Connection refused: /0:0:0:0:0:0:0:1:9442];
	at org.elasticsearch.transport.netty.NettyTransport.connectToChannelsLight(NettyTransport.java:954)
	at org.elasticsearch.transport.netty.NettyTransport.connectToNode(NettyTransport.java:918)
	at org.elasticsearch.transport.netty.NettyTransport.connectToNodeLight(NettyTransport.java:890)
	at org.elasticsearch.test.transport.MockTransportService$LookupTestTransport.connectToNodeLight(MockTransportService.java:413)
	at org.elasticsearch.transport.TransportService.connectToNodeLight(TransportService.java:242)
	at org.elasticsearch.discovery.zen.ping.unicast.UnicastZenPing$3.run(UnicastZenPing.java:395)
	at java.util.concurrent.ThreadPoolExecutor.runWorker(ThreadPoolExecutor.java:1142)
	at java.util.concurrent.ThreadPoolExecutor$Worker.run(ThreadPoolExecutor.java:617)
	at java.lang.Thread.run(Thread.java:745)
Caused by: java.net.ConnectException: Connection refused: /0:0:0:0:0:0:0:1:9442
	at sun.nio.ch.SocketChannelImpl.checkConnect(Native Method)
	at sun.nio.ch.SocketChannelImpl.finishConnect(SocketChannelImpl.java:717)
	at org.jboss.netty.channel.socket.nio.NioClientBoss.connect(NioClientBoss.java:152)
	at org.jboss.netty.channel.socket.nio.NioClientBoss.processSelectedKeys(NioClientBoss.java:105)
	at org.jboss.netty.channel.socket.nio.NioClientBoss.process(NioClientBoss.java:79)
	at org.jboss.netty.channel.socket.nio.AbstractNioSelector.run(AbstractNioSelector.java:337)
	at org.jboss.netty.channel.socket.nio.NioClientBoss.run(NioClientBoss.java:42)
	at org.jboss.netty.util.ThreadRenamingRunnable.run(ThreadRenamingRunnable.java:108)
	at org.jboss.netty.util.internal.DeadLockProofWorker$1.run(DeadLockProofWorker.java:42)
	... 3 more
[2016-04-18 03:03:34,834][TRACE][org.elasticsearch.discovery.zen.ping.unicast] [node_t1] [1] received response from {#zen_unicast_6#}{::1}{[::1]:9440}: [ping_response{node [{node_t0}{MSgO3f-9S-yat_4GxxKW6w}{127.0.0.1}{127.0.0.1:9440}[mode=>network]], id[321], master [null], hasJoinedOnce [false], cluster_name[TEST-CHILD_VM=[0]-CLUSTER_SEED=[-7449427405447180618]-HASH=[2645B46835F9]-cluster]}, ping_response{node [{node_t0}{MSgO3f-9S-yat_4GxxKW6w}{127.0.0.1}{127.0.0.1:9440}[mode=>network]], id[321], master [null], hasJoinedOnce [false], cluster_name[TEST-CHILD_VM=[0]-CLUSTER_SEED=[-7449427405447180618]-HASH=[2645B46835F9]-cluster]}, ping_response{node [{node_t0}{MSgO3f-9S-yat_4GxxKW6w}{127.0.0.1}{127.0.0.1:9440}[mode=>network]], id[321], master [null], hasJoinedOnce [false], cluster_name[TEST-CHILD_VM=[0]-CLUSTER_SEED=[-7449427405447180618]-HASH=[2645B46835F9]-cluster]}, ping_response{node [{node_t0}{MSgO3f-9S-yat_4GxxKW6w}{127.0.0.1}{127.0.0.1:9440}[mode=>network]], id[325], master [null], hasJoinedOnce [false], cluster_name[TEST-CHILD_VM=[0]-CLUSTER_SEED=[-7449427405447180618]-HASH=[2645B46835F9]-cluster]}, ping_response{node [{node_t0}{MSgO3f-9S-yat_4GxxKW6w}{127.0.0.1}{127.0.0.1:9440}[mode=>network]], id[325], master [null], hasJoinedOnce [false], cluster_name[TEST-CHILD_VM=[0]-CLUSTER_SEED=[-7449427405447180618]-HASH=[2645B46835F9]-cluster]}, ping_response{node [{node_t0}{MSgO3f-9S-yat_4GxxKW6w}{127.0.0.1}{127.0.0.1:9440}[mode=>network]], id[325], master [null], hasJoinedOnce [false], cluster_name[TEST-CHILD_VM=[0]-CLUSTER_SEED=[-7449427405447180618]-HASH=[2645B46835F9]-cluster]}, ping_response{node [{node_t0}{MSgO3f-9S-yat_4GxxKW6w}{127.0.0.1}{127.0.0.1:9440}[mode=>network]], id[329], master [null], hasJoinedOnce [false], cluster_name[TEST-CHILD_VM=[0]-CLUSTER_SEED=[-7449427405447180618]-HASH=[2645B46835F9]-cluster]}, ping_response{node [{node_t0}{MSgO3f-9S-yat_4GxxKW6w}{127.0.0.1}{127.0.0.1:9440}[mode=>network]], id[329], master [null], hasJoinedOnce [false], cluster_name[TEST-CHILD_VM=[0]-CLUSTER_SEED=[-7449427405447180618]-HASH=[2645B46835F9]-cluster]}, ping_response{node [{node_t0}{MSgO3f-9S-yat_4GxxKW6w}{127.0.0.1}{127.0.0.1:9440}[mode=>network]], id[329], master [null], hasJoinedOnce [false], cluster_name[TEST-CHILD_VM=[0]-CLUSTER_SEED=[-7449427405447180618]-HASH=[2645B46835F9]-cluster]}, ping_response{node [{node_t0}{MSgO3f-9S-yat_4GxxKW6w}{127.0.0.1}{127.0.0.1:9440}[mode=>network]], id[333], master [null], hasJoinedOnce [false], cluster_name[TEST-CHILD_VM=[0]-CLUSTER_SEED=[-7449427405447180618]-HASH=[2645B46835F9]-cluster]}, ping_response{node [{node_t0}{MSgO3f-9S-yat_4GxxKW6w}{127.0.0.1}{127.0.0.1:9440}[mode=>network]], id[333], master [null], hasJoinedOnce [false], cluster_name[TEST-CHILD_VM=[0]-CLUSTER_SEED=[-7449427405447180618]-HASH=[2645B46835F9]-cluster]}, ping_response{node [{node_t0}{MSgO3f-9S-yat_4GxxKW6w}{127.0.0.1}{127.0.0.1:9440}[mode=>network]], id[333], master [null], hasJoinedOnce [false], cluster_name[TEST-CHILD_VM=[0]-CLUSTER_SEED=[-7449427405447180618]-HASH=[2645B46835F9]-cluster]}, ping_response{node [{node_t0}{MSgO3f-9S-yat_4GxxKW6w}{127.0.0.1}{127.0.0.1:9440}[mode=>network]], id[337], master [null], hasJoinedOnce [false], cluster_name[TEST-CHILD_VM=[0]-CLUSTER_SEED=[-7449427405447180618]-HASH=[2645B46835F9]-cluster]}, ping_response{node [{node_t0}{MSgO3f-9S-yat_4GxxKW6w}{127.0.0.1}{127.0.0.1:9440}[mode=>network]], id[337], master [null], hasJoinedOnce [false], cluster_name[TEST-CHILD_VM=[0]-CLUSTER_SEED=[-7449427405447180618]-HASH=[2645B46835F9]-cluster]}, ping_response{node [{node_t0}{MSgO3f-9S-yat_4GxxKW6w}{127.0.0.1}{127.0.0.1:9440}[mode=>network]], id[337], master [null], hasJoinedOnce [false], cluster_name[TEST-CHILD_VM=[0]-CLUSTER_SEED=[-7449427405447180618]-HASH=[2645B46835F9]-cluster]}, ping_response{node [{node_t0}{MSgO3f-9S-yat_4GxxKW6w}{127.0.0.1}{127.0.0.1:9440}[mode=>network]], id[341], master [null], hasJoinedOnce [false], cluster_name[TEST-CHILD_VM=[0]-CLUSTER_SEED=[-7449427405447180618]-HASH=[2645B46835F9]-cluster]}, ping_response{node [{node_t0}{MSgO3f-9S-yat_4GxxKW6w}{127.0.0.1}{127.0.0.1:9440}[mode=>network]], id[341], master [null], hasJoinedOnce [false], cluster_name[TEST-CHILD_VM=[0]-CLUSTER_SEED=[-7449427405447180618]-HASH=[2645B46835F9]-cluster]}, ping_response{node [{node_t0}{MSgO3f-9S-yat_4GxxKW6w}{127.0.0.1}{127.0.0.1:9440}[mode=>network]], id[341], master [null], hasJoinedOnce [false], cluster_name[TEST-CHILD_VM=[0]-CLUSTER_SEED=[-7449427405447180618]-HASH=[2645B46835F9]-cluster]}, ping_response{node [{node_t1}{YucHs-5XRNO-JChWAzIIZg}{127.0.0.1}{127.0.0.1:9441}[mode=>network]], id[345], master [null], hasJoinedOnce [false], cluster_name[TEST-CHILD_VM=[0]-CLUSTER_SEED=[-7449427405447180618]-HASH=[2645B46835F9]-cluster]}, ping_response{node [{node_t1}{YucHs-5XRNO-JChWAzIIZg}{127.0.0.1}{127.0.0.1:9441}[mode=>network]], id[345], master [null], hasJoinedOnce [false], cluster_name[TEST-CHILD_VM=[0]-CLUSTER_SEED=[-7449427405447180618]-HASH=[2645B46835F9]-cluster]}, ping_response{node [{node_t0}{MSgO3f-9S-yat_4GxxKW6w}{127.0.0.1}{127.0.0.1:9440}[mode=>network]], id[349], master [null], hasJoinedOnce [false], cluster_name[TEST-CHILD_VM=[0]-CLUSTER_SEED=[-7449427405447180618]-HASH=[2645B46835F9]-cluster]}]
[2016-04-18 03:03:34,929][TRACE][org.elasticsearch.discovery.zen.ping.unicast] [node_t0] [3] sending to {node_t0}{MSgO3f-9S-yat_4GxxKW6w}{127.0.0.1}{127.0.0.1:9440}[mode=>network]
[2016-04-18 03:03:34,929][TRACE][org.elasticsearch.discovery.zen.ping.unicast] [node_t0] [3] received response from {node_t0}{MSgO3f-9S-yat_4GxxKW6w}{127.0.0.1}{127.0.0.1:9440}[mode=>network]: [ping_response{node [{node_t0}{MSgO3f-9S-yat_4GxxKW6w}{127.0.0.1}{127.0.0.1:9440}[mode=>network]], id[329], master [null], hasJoinedOnce [false], cluster_name[TEST-CHILD_VM=[0]-CLUSTER_SEED=[-7449427405447180618]-HASH=[2645B46835F9]-cluster]}, ping_response{node [{node_t0}{MSgO3f-9S-yat_4GxxKW6w}{127.0.0.1}{127.0.0.1:9440}[mode=>network]], id[329], master [null], hasJoinedOnce [false], cluster_name[TEST-CHILD_VM=[0]-CLUSTER_SEED=[-7449427405447180618]-HASH=[2645B46835F9]-cluster]}, ping_response{node [{node_t0}{MSgO3f-9S-yat_4GxxKW6w}{127.0.0.1}{127.0.0.1:9440}[mode=>network]], id[329], master [null], hasJoinedOnce [false], cluster_name[TEST-CHILD_VM=[0]-CLUSTER_SEED=[-7449427405447180618]-HASH=[2645B46835F9]-cluster]}, ping_response{node [{node_t0}{MSgO3f-9S-yat_4GxxKW6w}{127.0.0.1}{127.0.0.1:9440}[mode=>network]], id[333], master [null], hasJoinedOnce [false], cluster_name[TEST-CHILD_VM=[0]-CLUSTER_SEED=[-7449427405447180618]-HASH=[2645B46835F9]-cluster]}, ping_response{node [{node_t0}{MSgO3f-9S-yat_4GxxKW6w}{127.0.0.1}{127.0.0.1:9440}[mode=>network]], id[333], master [null], hasJoinedOnce [false], cluster_name[TEST-CHILD_VM=[0]-CLUSTER_SEED=[-7449427405447180618]-HASH=[2645B46835F9]-cluster]}, ping_response{node [{node_t0}{MSgO3f-9S-yat_4GxxKW6w}{127.0.0.1}{127.0.0.1:9440}[mode=>network]], id[333], master [null], hasJoinedOnce [false], cluster_name[TEST-CHILD_VM=[0]-CLUSTER_SEED=[-7449427405447180618]-HASH=[2645B46835F9]-cluster]}, ping_response{node [{node_t0}{MSgO3f-9S-yat_4GxxKW6w}{127.0.0.1}{127.0.0.1:9440}[mode=>network]], id[337], master [null], hasJoinedOnce [false], cluster_name[TEST-CHILD_VM=[0]-CLUSTER_SEED=[-7449427405447180618]-HASH=[2645B46835F9]-cluster]}, ping_response{node [{node_t0}{MSgO3f-9S-yat_4GxxKW6w}{127.0.0.1}{127.0.0.1:9440}[mode=>network]], id[337], master [null], hasJoinedOnce [false], cluster_name[TEST-CHILD_VM=[0]-CLUSTER_SEED=[-7449427405447180618]-HASH=[2645B46835F9]-cluster]}, ping_response{node [{node_t0}{MSgO3f-9S-yat_4GxxKW6w}{127.0.0.1}{127.0.0.1:9440}[mode=>network]], id[337], master [null], hasJoinedOnce [false], cluster_name[TEST-CHILD_VM=[0]-CLUSTER_SEED=[-7449427405447180618]-HASH=[2645B46835F9]-cluster]}, ping_response{node [{node_t0}{MSgO3f-9S-yat_4GxxKW6w}{127.0.0.1}{127.0.0.1:9440}[mode=>network]], id[341], master [null], hasJoinedOnce [false], cluster_name[TEST-CHILD_VM=[0]-CLUSTER_SEED=[-7449427405447180618]-HASH=[2645B46835F9]-cluster]}, ping_response{node [{node_t0}{MSgO3f-9S-yat_4GxxKW6w}{127.0.0.1}{127.0.0.1:9440}[mode=>network]], id[341], master [null], hasJoinedOnce [false], cluster_name[TEST-CHILD_VM=[0]-CLUSTER_SEED=[-7449427405447180618]-HASH=[2645B46835F9]-cluster]}, ping_response{node [{node_t0}{MSgO3f-9S-yat_4GxxKW6w}{127.0.0.1}{127.0.0.1:9440}[mode=>network]], id[341], master [null], hasJoinedOnce [false], cluster_name[TEST-CHILD_VM=[0]-CLUSTER_SEED=[-7449427405447180618]-HASH=[2645B46835F9]-cluster]}, ping_response{node [{node_t1}{YucHs-5XRNO-JChWAzIIZg}{127.0.0.1}{127.0.0.1:9441}[mode=>network]], id[345], master [null], hasJoinedOnce [false], cluster_name[TEST-CHILD_VM=[0]-CLUSTER_SEED=[-7449427405447180618]-HASH=[2645B46835F9]-cluster]}, ping_response{node [{node_t1}{YucHs-5XRNO-JChWAzIIZg}{127.0.0.1}{127.0.0.1:9441}[mode=>network]], id[345], master [null], hasJoinedOnce [false], cluster_name[TEST-CHILD_VM=[0]-CLUSTER_SEED=[-7449427405447180618]-HASH=[2645B46835F9]-cluster]}, ping_response{node [{node_t0}{MSgO3f-9S-yat_4GxxKW6w}{127.0.0.1}{127.0.0.1:9440}[mode=>network]], id[351], master [null], hasJoinedOnce [false], cluster_name[TEST-CHILD_VM=[0]-CLUSTER_SEED=[-7449427405447180618]-HASH=[2645B46835F9]-cluster]}, ping_response{node [{node_t0}{MSgO3f-9S-yat_4GxxKW6w}{127.0.0.1}{127.0.0.1:9440}[mode=>network]], id[352], master [null], hasJoinedOnce [false], cluster_name[TEST-CHILD_VM=[0]-CLUSTER_SEED=[-7449427405447180618]-HASH=[2645B46835F9]-cluster]}]
[2016-04-18 03:03:34,929][TRACE][org.elasticsearch.discovery.zen.ping.unicast] [node_t0] [3] connecting (light) to {#zen_unicast_2#}{127.0.0.1}{127.0.0.1:9441}
[2016-04-18 03:03:34,929][TRACE][org.elasticsearch.discovery.zen.ping.unicast] [node_t0] [3] connecting (light) to {#zen_unicast_4#}{127.0.0.1}{127.0.0.1:9443}
[2016-04-18 03:03:34,929][TRACE][org.elasticsearch.discovery.zen.ping.unicast] [node_t0] [3] sending to {#zen_unicast_6#}{::1}{[::1]:9440}
[2016-04-18 03:03:34,929][TRACE][org.elasticsearch.discovery.zen.ping.unicast] [node_t0] [3] connecting (light) to {#zen_unicast_5#}{127.0.0.1}{127.0.0.1:9444}
[2016-04-18 03:03:34,929][TRACE][org.elasticsearch.discovery.zen.ping.unicast] [node_t0] [3] connecting (light) to {#zen_unicast_3#}{127.0.0.1}{127.0.0.1:9442}
[2016-04-18 03:03:34,930][TRACE][org.elasticsearch.discovery.zen.ping.unicast] [node_t0] [3] connecting (light) to {#zen_unicast_8#}{::1}{[::1]:9442}
[2016-04-18 03:03:34,930][TRACE][org.elasticsearch.discovery.zen.ping.unicast] [node_t0] [3] connecting (light) to {#zen_unicast_9#}{::1}{[::1]:9443}
[2016-04-18 03:03:34,930][TRACE][org.elasticsearch.discovery.zen.ping.unicast] [node_t0] [3] connecting (light) to {#zen_unicast_10#}{::1}{[::1]:9444}
[2016-04-18 03:03:34,930][TRACE][org.elasticsearch.discovery.zen.ping.unicast] [node_t0] [3] sending to {node_t0}{MSgO3f-9S-yat_4GxxKW6w}{127.0.0.1}{127.0.0.1:9440}[mode=>network]
[2016-04-18 03:03:34,930][TRACE][org.elasticsearch.discovery.zen.ping.unicast] [node_t0] [3] connecting (light) to {#zen_unicast_7#}{::1}{[::1]:9441}
[2016-04-18 03:03:34,930][TRACE][org.elasticsearch.discovery.zen.ping.unicast] [node_t0] [3] received response from {node_t0}{MSgO3f-9S-yat_4GxxKW6w}{127.0.0.1}{127.0.0.1:9440}[mode=>network]: [ping_response{node [{node_t0}{MSgO3f-9S-yat_4GxxKW6w}{127.0.0.1}{127.0.0.1:9440}[mode=>network]], id[329], master [null], hasJoinedOnce [false], cluster_name[TEST-CHILD_VM=[0]-CLUSTER_SEED=[-7449427405447180618]-HASH=[2645B46835F9]-cluster]}, ping_response{node [{node_t0}{MSgO3f-9S-yat_4GxxKW6w}{127.0.0.1}{127.0.0.1:9440}[mode=>network]], id[329], master [null], hasJoinedOnce [false], cluster_name[TEST-CHILD_VM=[0]-CLUSTER_SEED=[-7449427405447180618]-HASH=[2645B46835F9]-cluster]}, ping_response{node [{node_t0}{MSgO3f-9S-yat_4GxxKW6w}{127.0.0.1}{127.0.0.1:9440}[mode=>network]], id[329], master [null], hasJoinedOnce [false], cluster_name[TEST-CHILD_VM=[0]-CLUSTER_SEED=[-7449427405447180618]-HASH=[2645B46835F9]-cluster]}, ping_response{node [{node_t0}{MSgO3f-9S-yat_4GxxKW6w}{127.0.0.1}{127.0.0.1:9440}[mode=>network]], id[333], master [null], hasJoinedOnce [false], cluster_name[TEST-CHILD_VM=[0]-CLUSTER_SEED=[-7449427405447180618]-HASH=[2645B46835F9]-cluster]}, ping_response{node [{node_t0}{MSgO3f-9S-yat_4GxxKW6w}{127.0.0.1}{127.0.0.1:9440}[mode=>network]], id[333], master [null], hasJoinedOnce [false], cluster_name[TEST-CHILD_VM=[0]-CLUSTER_SEED=[-7449427405447180618]-HASH=[2645B46835F9]-cluster]}, ping_response{node [{node_t0}{MSgO3f-9S-yat_4GxxKW6w}{127.0.0.1}{127.0.0.1:9440}[mode=>network]], id[333], master [null], hasJoinedOnce [false], cluster_name[TEST-CHILD_VM=[0]-CLUSTER_SEED=[-7449427405447180618]-HASH=[2645B46835F9]-cluster]}, ping_response{node [{node_t0}{MSgO3f-9S-yat_4GxxKW6w}{127.0.0.1}{127.0.0.1:9440}[mode=>network]], id[337], master [null], hasJoinedOnce [false], cluster_name[TEST-CHILD_VM=[0]-CLUSTER_SEED=[-7449427405447180618]-HASH=[2645B46835F9]-cluster]}, ping_response{node [{node_t0}{MSgO3f-9S-yat_4GxxKW6w}{127.0.0.1}{127.0.0.1:9440}[mode=>network]], id[337], master [null], hasJoinedOnce [false], cluster_name[TEST-CHILD_VM=[0]-CLUSTER_SEED=[-7449427405447180618]-HASH=[2645B46835F9]-cluster]}, ping_response{node [{node_t0}{MSgO3f-9S-yat_4GxxKW6w}{127.0.0.1}{127.0.0.1:9440}[mode=>network]], id[337], master [null], hasJoinedOnce [false], cluster_name[TEST-CHILD_VM=[0]-CLUSTER_SEED=[-7449427405447180618]-HASH=[2645B46835F9]-cluster]}, ping_response{node [{node_t0}{MSgO3f-9S-yat_4GxxKW6w}{127.0.0.1}{127.0.0.1:9440}[mode=>network]], id[341], master [null], hasJoinedOnce [false], cluster_name[TEST-CHILD_VM=[0]-CLUSTER_SEED=[-7449427405447180618]-HASH=[2645B46835F9]-cluster]}, ping_response{node [{node_t0}{MSgO3f-9S-yat_4GxxKW6w}{127.0.0.1}{127.0.0.1:9440}[mode=>network]], id[341], master [null], hasJoinedOnce [false], cluster_name[TEST-CHILD_VM=[0]-CLUSTER_SEED=[-7449427405447180618]-HASH=[2645B46835F9]-cluster]}, ping_response{node [{node_t0}{MSgO3f-9S-yat_4GxxKW6w}{127.0.0.1}{127.0.0.1:9440}[mode=>network]], id[341], master [null], hasJoinedOnce [false], cluster_name[TEST-CHILD_VM=[0]-CLUSTER_SEED=[-7449427405447180618]-HASH=[2645B46835F9]-cluster]}, ping_response{node [{node_t1}{YucHs-5XRNO-JChWAzIIZg}{127.0.0.1}{127.0.0.1:9441}[mode=>network]], id[345], master [null], hasJoinedOnce [false], cluster_name[TEST-CHILD_VM=[0]-CLUSTER_SEED=[-7449427405447180618]-HASH=[2645B46835F9]-cluster]}, ping_response{node [{node_t1}{YucHs-5XRNO-JChWAzIIZg}{127.0.0.1}{127.0.0.1:9441}[mode=>network]], id[345], master [null], hasJoinedOnce [false], cluster_name[TEST-CHILD_VM=[0]-CLUSTER_SEED=[-7449427405447180618]-HASH=[2645B46835F9]-cluster]}, ping_response{node [{node_t0}{MSgO3f-9S-yat_4GxxKW6w}{127.0.0.1}{127.0.0.1:9440}[mode=>network]], id[351], master [null], hasJoinedOnce [false], cluster_name[TEST-CHILD_VM=[0]-CLUSTER_SEED=[-7449427405447180618]-HASH=[2645B46835F9]-cluster]}, ping_response{node [{node_t0}{MSgO3f-9S-yat_4GxxKW6w}{127.0.0.1}{127.0.0.1:9440}[mode=>network]], id[351], master [null], hasJoinedOnce [false], cluster_name[TEST-CHILD_VM=[0]-CLUSTER_SEED=[-7449427405447180618]-HASH=[2645B46835F9]-cluster]}, ping_response{node [{node_t0}{MSgO3f-9S-yat_4GxxKW6w}{127.0.0.1}{127.0.0.1:9440}[mode=>network]], id[353], master [null], hasJoinedOnce [false], cluster_name[TEST-CHILD_VM=[0]-CLUSTER_SEED=[-7449427405447180618]-HASH=[2645B46835F9]-cluster]}]
[2016-04-18 03:03:34,931][TRACE][org.elasticsearch.discovery.zen.ping.unicast] [node_t0] [3] connected to {#zen_unicast_2#}{127.0.0.1}{127.0.0.1:9441}
[2016-04-18 03:03:34,931][TRACE][org.elasticsearch.discovery.zen.ping.unicast] [node_t0] replacing {node_t1}{YucHs-5XRNO-JChWAzIIZg}{127.0.0.1}{127.0.0.1:9441}[mode=>network] with temp node {#zen_unicast_11_YucHs-5XRNO-JChWAzIIZg#}{127.0.0.1}{127.0.0.1:9441}[mode=>network]
[2016-04-18 03:03:34,931][TRACE][org.elasticsearch.discovery.zen.ping.unicast] [node_t0] [3] failed to connect to {#zen_unicast_5#}{127.0.0.1}{127.0.0.1:9444}
ConnectTransportException[[][127.0.0.1:9444] connect_timeout[30s]]; nested: ConnectException[Connection refused: /127.0.0.1:9444];
	at org.elasticsearch.transport.netty.NettyTransport.connectToChannelsLight(NettyTransport.java:954)
	at org.elasticsearch.transport.netty.NettyTransport.connectToNode(NettyTransport.java:918)
	at org.elasticsearch.transport.netty.NettyTransport.connectToNodeLight(NettyTransport.java:890)
	at org.elasticsearch.test.transport.MockTransportService$LookupTestTransport.connectToNodeLight(MockTransportService.java:413)
	at org.elasticsearch.transport.TransportService.connectToNodeLight(TransportService.java:242)
	at org.elasticsearch.discovery.zen.ping.unicast.UnicastZenPing$3.run(UnicastZenPing.java:395)
	at java.util.concurrent.ThreadPoolExecutor.runWorker(ThreadPoolExecutor.java:1142)
	at java.util.concurrent.ThreadPoolExecutor$Worker.run(ThreadPoolExecutor.java:617)
	at java.lang.Thread.run(Thread.java:745)
Caused by: java.net.ConnectException: Connection refused: /127.0.0.1:9444
	at sun.nio.ch.SocketChannelImpl.checkConnect(Native Method)
	at sun.nio.ch.SocketChannelImpl.finishConnect(SocketChannelImpl.java:717)
	at org.jboss.netty.channel.socket.nio.NioClientBoss.connect(NioClientBoss.java:152)
	at org.jboss.netty.channel.socket.nio.NioClientBoss.processSelectedKeys(NioClientBoss.java:105)
	at org.jboss.netty.channel.socket.nio.NioClientBoss.process(NioClientBoss.java:79)
	at org.jboss.netty.channel.socket.nio.AbstractNioSelector.run(AbstractNioSelector.java:337)
	at org.jboss.netty.channel.socket.nio.NioClientBoss.run(NioClientBoss.java:42)
	at org.jboss.netty.util.ThreadRenamingRunnable.run(ThreadRenamingRunnable.java:108)
	at org.jboss.netty.util.internal.DeadLockProofWorker$1.run(DeadLockProofWorker.java:42)
	... 3 more
[2016-04-18 03:03:34,930][TRACE][org.elasticsearch.discovery.zen.ping.unicast] [node_t0] [3] failed to connect to {#zen_unicast_4#}{127.0.0.1}{127.0.0.1:9443}
ConnectTransportException[[][127.0.0.1:9443] connect_timeout[30s]]; nested: ConnectException[Connection refused: /127.0.0.1:9443];
	at org.elasticsearch.transport.netty.NettyTransport.connectToChannelsLight(NettyTransport.java:954)
	at org.elasticsearch.transport.netty.NettyTransport.connectToNode(NettyTransport.java:918)
	at org.elasticsearch.transport.netty.NettyTransport.connectToNodeLight(NettyTransport.java:890)
	at org.elasticsearch.test.transport.MockTransportService$LookupTestTransport.connectToNodeLight(MockTransportService.java:413)
	at org.elasticsearch.transport.TransportService.connectToNodeLight(TransportService.java:242)
	at org.elasticsearch.discovery.zen.ping.unicast.UnicastZenPing$3.run(UnicastZenPing.java:395)
	at java.util.concurrent.ThreadPoolExecutor.runWorker(ThreadPoolExecutor.java:1142)
	at java.util.concurrent.ThreadPoolExecutor$Worker.run(ThreadPoolExecutor.java:617)
	at java.lang.Thread.run(Thread.java:745)
Caused by: java.net.ConnectException: Connection refused: /127.0.0.1:9443
	at sun.nio.ch.SocketChannelImpl.checkConnect(Native Method)
	at sun.nio.ch.SocketChannelImpl.finishConnect(SocketChannelImpl.java:717)
	at org.jboss.netty.channel.socket.nio.NioClientBoss.connect(NioClientBoss.java:152)
	at org.jboss.netty.channel.socket.nio.NioClientBoss.processSelectedKeys(NioClientBoss.java:105)
	at org.jboss.netty.channel.socket.nio.NioClientBoss.process(NioClientBoss.java:79)
	at org.jboss.netty.channel.socket.nio.AbstractNioSelector.run(AbstractNioSelector.java:337)
	at org.jboss.netty.channel.socket.nio.NioClientBoss.run(NioClientBoss.java:42)
	at org.jboss.netty.util.ThreadRenamingRunnable.run(ThreadRenamingRunnable.java:108)
	at org.jboss.netty.util.internal.DeadLockProofWorker$1.run(DeadLockProofWorker.java:42)
	... 3 more
[2016-04-18 03:03:34,931][TRACE][org.elasticsearch.discovery.zen.ping.unicast] [node_t0] [3] failed to connect to {#zen_unicast_9#}{::1}{[::1]:9443}
ConnectTransportException[[][[::1]:9443] connect_timeout[30s]]; nested: ConnectException[Connection refused: /0:0:0:0:0:0:0:1:9443];
	at org.elasticsearch.transport.netty.NettyTransport.connectToChannelsLight(NettyTransport.java:954)
	at org.elasticsearch.transport.netty.NettyTransport.connectToNode(NettyTransport.java:918)
	at org.elasticsearch.transport.netty.NettyTransport.connectToNodeLight(NettyTransport.java:890)
	at org.elasticsearch.test.transport.MockTransportService$LookupTestTransport.connectToNodeLight(MockTransportService.java:413)
	at org.elasticsearch.transport.TransportService.connectToNodeLight(TransportService.java:242)
	at org.elasticsearch.discovery.zen.ping.unicast.UnicastZenPing$3.run(UnicastZenPing.java:395)
	at java.util.concurrent.ThreadPoolExecutor.runWorker(ThreadPoolExecutor.java:1142)
	at java.util.concurrent.ThreadPoolExecutor$Worker.run(ThreadPoolExecutor.java:617)
	at java.lang.Thread.run(Thread.java:745)
Caused by: java.net.ConnectException: Connection refused: /0:0:0:0:0:0:0:1:9443
	at sun.nio.ch.SocketChannelImpl.checkConnect(Native Method)
	at sun.nio.ch.SocketChannelImpl.finishConnect(SocketChannelImpl.java:717)
	at org.jboss.netty.channel.socket.nio.NioClientBoss.connect(NioClientBoss.java:152)
	at org.jboss.netty.channel.socket.nio.NioClientBoss.processSelectedKeys(NioClientBoss.java:105)
	at org.jboss.netty.channel.socket.nio.NioClientBoss.process(NioClientBoss.java:79)
	at org.jboss.netty.channel.socket.nio.AbstractNioSelector.run(AbstractNioSelector.java:337)
	at org.jboss.netty.channel.socket.nio.NioClientBoss.run(NioClientBoss.java:42)
	at org.jboss.netty.util.ThreadRenamingRunnable.run(ThreadRenamingRunnable.java:108)
	at org.jboss.netty.util.internal.DeadLockProofWorker$1.run(DeadLockProofWorker.java:42)
	... 3 more
[2016-04-18 03:03:34,931][TRACE][org.elasticsearch.discovery.zen.ping.unicast] [node_t0] [3] failed to connect to {#zen_unicast_8#}{::1}{[::1]:9442}
ConnectTransportException[[][[::1]:9442] connect_timeout[30s]]; nested: ConnectException[Connection refused: /0:0:0:0:0:0:0:1:9442];
	at org.elasticsearch.transport.netty.NettyTransport.connectToChannelsLight(NettyTransport.java:954)
	at org.elasticsearch.transport.netty.NettyTransport.connectToNode(NettyTransport.java:918)
	at org.elasticsearch.transport.netty.NettyTransport.connectToNodeLight(NettyTransport.java:890)
	at org.elasticsearch.test.transport.MockTransportService$LookupTestTransport.connectToNodeLight(MockTransportService.java:413)
	at org.elasticsearch.transport.TransportService.connectToNodeLight(TransportService.java:242)
	at org.elasticsearch.discovery.zen.ping.unicast.UnicastZenPing$3.run(UnicastZenPing.java:395)
	at java.util.concurrent.ThreadPoolExecutor.runWorker(ThreadPoolExecutor.java:1142)
	at java.util.concurrent.ThreadPoolExecutor$Worker.run(ThreadPoolExecutor.java:617)
	at java.lang.Thread.run(Thread.java:745)
Caused by: java.net.ConnectException: Connection refused: /0:0:0:0:0:0:0:1:9442
	at sun.nio.ch.SocketChannelImpl.checkConnect(Native Method)
	at sun.nio.ch.SocketChannelImpl.finishConnect(SocketChannelImpl.java:717)
	at org.jboss.netty.channel.socket.nio.NioClientBoss.connect(NioClientBoss.java:152)
	at org.jboss.netty.channel.socket.nio.NioClientBoss.processSelectedKeys(NioClientBoss.java:105)
	at org.jboss.netty.channel.socket.nio.NioClientBoss.process(NioClientBoss.java:79)
	at org.jboss.netty.channel.socket.nio.AbstractNioSelector.run(AbstractNioSelector.java:337)
	at org.jboss.netty.channel.socket.nio.NioClientBoss.run(NioClientBoss.java:42)
	at org.jboss.netty.util.ThreadRenamingRunnable.run(ThreadRenamingRunnable.java:108)
	at org.jboss.netty.util.internal.DeadLockProofWorker$1.run(DeadLockProofWorker.java:42)
	... 3 more
[2016-04-18 03:03:34,931][TRACE][org.elasticsearch.discovery.zen.ping.unicast] [node_t0] [3] connected to {#zen_unicast_7#}{::1}{[::1]:9441}
[2016-04-18 03:03:34,932][TRACE][org.elasticsearch.discovery.zen.ping.unicast] [node_t0] [3] sending to {#zen_unicast_7#}{::1}{[::1]:9441}
[2016-04-18 03:03:34,931][TRACE][org.elasticsearch.discovery.zen.ping.unicast] [node_t0] [3] failed to connect to {#zen_unicast_3#}{127.0.0.1}{127.0.0.1:9442}
ConnectTransportException[[][127.0.0.1:9442] connect_timeout[30s]]; nested: ConnectException[Connection refused: /127.0.0.1:9442];
	at org.elasticsearch.transport.netty.NettyTransport.connectToChannelsLight(NettyTransport.java:954)
	at org.elasticsearch.transport.netty.NettyTransport.connectToNode(NettyTransport.java:918)
	at org.elasticsearch.transport.netty.NettyTransport.connectToNodeLight(NettyTransport.java:890)
	at org.elasticsearch.test.transport.MockTransportService$LookupTestTransport.connectToNodeLight(MockTransportService.java:413)
	at org.elasticsearch.transport.TransportService.connectToNodeLight(TransportService.java:242)
	at org.elasticsearch.discovery.zen.ping.unicast.UnicastZenPing$3.run(UnicastZenPing.java:395)
	at java.util.concurrent.ThreadPoolExecutor.runWorker(ThreadPoolExecutor.java:1142)
	at java.util.concurrent.ThreadPoolExecutor$Worker.run(ThreadPoolExecutor.java:617)
	at java.lang.Thread.run(Thread.java:745)
Caused by: java.net.ConnectException: Connection refused: /127.0.0.1:9442
	at sun.nio.ch.SocketChannelImpl.checkConnect(Native Method)
	at sun.nio.ch.SocketChannelImpl.finishConnect(SocketChannelImpl.java:717)
	at org.jboss.netty.channel.socket.nio.NioClientBoss.connect(NioClientBoss.java:152)
	at org.jboss.netty.channel.socket.nio.NioClientBoss.processSelectedKeys(NioClientBoss.java:105)
	at org.jboss.netty.channel.socket.nio.NioClientBoss.process(NioClientBoss.java:79)
	at org.jboss.netty.channel.socket.nio.AbstractNioSelector.run(AbstractNioSelector.java:337)
	at org.jboss.netty.channel.socket.nio.NioClientBoss.run(NioClientBoss.java:42)
	at org.jboss.netty.util.ThreadRenamingRunnable.run(ThreadRenamingRunnable.java:108)
	at org.jboss.netty.util.internal.DeadLockProofWorker$1.run(DeadLockProofWorker.java:42)
	... 3 more
[2016-04-18 03:03:34,931][TRACE][org.elasticsearch.discovery.zen.ping.unicast] [node_t0] [3] failed to connect to {#zen_unicast_10#}{::1}{[::1]:9444}
ConnectTransportException[[][[::1]:9444] connect_timeout[30s]]; nested: ConnectException[Connection refused: /0:0:0:0:0:0:0:1:9444];
	at org.elasticsearch.transport.netty.NettyTransport.connectToChannelsLight(NettyTransport.java:954)
	at org.elasticsearch.transport.netty.NettyTransport.connectToNode(NettyTransport.java:918)
	at org.elasticsearch.transport.netty.NettyTransport.connectToNodeLight(NettyTransport.java:890)
	at org.elasticsearch.test.transport.MockTransportService$LookupTestTransport.connectToNodeLight(MockTransportService.java:413)
	at org.elasticsearch.transport.TransportService.connectToNodeLight(TransportService.java:242)
	at org.elasticsearch.discovery.zen.ping.unicast.UnicastZenPing$3.run(UnicastZenPing.java:395)
	at java.util.concurrent.ThreadPoolExecutor.runWorker(ThreadPoolExecutor.java:1142)
	at java.util.concurrent.ThreadPoolExecutor$Worker.run(ThreadPoolExecutor.java:617)
	at java.lang.Thread.run(Thread.java:745)
Caused by: java.net.ConnectException: Connection refused: /0:0:0:0:0:0:0:1:9444
	at sun.nio.ch.SocketChannelImpl.checkConnect(Native Method)
	at sun.nio.ch.SocketChannelImpl.finishConnect(SocketChannelImpl.java:717)
	at org.jboss.netty.channel.socket.nio.NioClientBoss.connect(NioClientBoss.java:152)
	at org.jboss.netty.channel.socket.nio.NioClientBoss.processSelectedKeys(NioClientBoss.java:105)
	at org.jboss.netty.channel.socket.nio.NioClientBoss.process(NioClientBoss.java:79)
	at org.jboss.netty.channel.socket.nio.AbstractNioSelector.run(AbstractNioSelector.java:337)
	at org.jboss.netty.channel.socket.nio.NioClientBoss.run(NioClientBoss.java:42)
	at org.jboss.netty.util.ThreadRenamingRunnable.run(ThreadRenamingRunnable.java:108)
	at org.jboss.netty.util.internal.DeadLockProofWorker$1.run(DeadLockProofWorker.java:42)
	... 3 more
[2016-04-18 03:03:34,931][TRACE][org.elasticsearch.discovery.zen.ping.unicast] [node_t0] [3] received response from {#zen_unicast_6#}{::1}{[::1]:9440}: [ping_response{node [{node_t0}{MSgO3f-9S-yat_4GxxKW6w}{127.0.0.1}{127.0.0.1:9440}[mode=>network]], id[329], master [null], hasJoinedOnce [false], cluster_name[TEST-CHILD_VM=[0]-CLUSTER_SEED=[-7449427405447180618]-HASH=[2645B46835F9]-cluster]}, ping_response{node [{node_t0}{MSgO3f-9S-yat_4GxxKW6w}{127.0.0.1}{127.0.0.1:9440}[mode=>network]], id[329], master [null], hasJoinedOnce [false], cluster_name[TEST-CHILD_VM=[0]-CLUSTER_SEED=[-7449427405447180618]-HASH=[2645B46835F9]-cluster]}, ping_response{node [{node_t0}{MSgO3f-9S-yat_4GxxKW6w}{127.0.0.1}{127.0.0.1:9440}[mode=>network]], id[329], master [null], hasJoinedOnce [false], cluster_name[TEST-CHILD_VM=[0]-CLUSTER_SEED=[-7449427405447180618]-HASH=[2645B46835F9]-cluster]}, ping_response{node [{node_t0}{MSgO3f-9S-yat_4GxxKW6w}{127.0.0.1}{127.0.0.1:9440}[mode=>network]], id[333], master [null], hasJoinedOnce [false], cluster_name[TEST-CHILD_VM=[0]-CLUSTER_SEED=[-7449427405447180618]-HASH=[2645B46835F9]-cluster]}, ping_response{node [{node_t0}{MSgO3f-9S-yat_4GxxKW6w}{127.0.0.1}{127.0.0.1:9440}[mode=>network]], id[333], master [null], hasJoinedOnce [false], cluster_name[TEST-CHILD_VM=[0]-CLUSTER_SEED=[-7449427405447180618]-HASH=[2645B46835F9]-cluster]}, ping_response{node [{node_t0}{MSgO3f-9S-yat_4GxxKW6w}{127.0.0.1}{127.0.0.1:9440}[mode=>network]], id[333], master [null], hasJoinedOnce [false], cluster_name[TEST-CHILD_VM=[0]-CLUSTER_SEED=[-7449427405447180618]-HASH=[2645B46835F9]-cluster]}, ping_response{node [{node_t0}{MSgO3f-9S-yat_4GxxKW6w}{127.0.0.1}{127.0.0.1:9440}[mode=>network]], id[337], master [null], hasJoinedOnce [false], cluster_name[TEST-CHILD_VM=[0]-CLUSTER_SEED=[-7449427405447180618]-HASH=[2645B46835F9]-cluster]}, ping_response{node [{node_t0}{MSgO3f-9S-yat_4GxxKW6w}{127.0.0.1}{127.0.0.1:9440}[mode=>network]], id[337], master [null], hasJoinedOnce [false], cluster_name[TEST-CHILD_VM=[0]-CLUSTER_SEED=[-7449427405447180618]-HASH=[2645B46835F9]-cluster]}, ping_response{node [{node_t0}{MSgO3f-9S-yat_4GxxKW6w}{127.0.0.1}{127.0.0.1:9440}[mode=>network]], id[337], master [null], hasJoinedOnce [false], cluster_name[TEST-CHILD_VM=[0]-CLUSTER_SEED=[-7449427405447180618]-HASH=[2645B46835F9]-cluster]}, ping_response{node [{node_t0}{MSgO3f-9S-yat_4GxxKW6w}{127.0.0.1}{127.0.0.1:9440}[mode=>network]], id[341], master [null], hasJoinedOnce [false], cluster_name[TEST-CHILD_VM=[0]-CLUSTER_SEED=[-7449427405447180618]-HASH=[2645B46835F9]-cluster]}, ping_response{node [{node_t0}{MSgO3f-9S-yat_4GxxKW6w}{127.0.0.1}{127.0.0.1:9440}[mode=>network]], id[341], master [null], hasJoinedOnce [false], cluster_name[TEST-CHILD_VM=[0]-CLUSTER_SEED=[-7449427405447180618]-HASH=[2645B46835F9]-cluster]}, ping_response{node [{node_t0}{MSgO3f-9S-yat_4GxxKW6w}{127.0.0.1}{127.0.0.1:9440}[mode=>network]], id[341], master [null], hasJoinedOnce [false], cluster_name[TEST-CHILD_VM=[0]-CLUSTER_SEED=[-7449427405447180618]-HASH=[2645B46835F9]-cluster]}, ping_response{node [{node_t1}{YucHs-5XRNO-JChWAzIIZg}{127.0.0.1}{127.0.0.1:9441}[mode=>network]], id[345], master [null], hasJoinedOnce [false], cluster_name[TEST-CHILD_VM=[0]-CLUSTER_SEED=[-7449427405447180618]-HASH=[2645B46835F9]-cluster]}, ping_response{node [{node_t1}{YucHs-5XRNO-JChWAzIIZg}{127.0.0.1}{127.0.0.1:9441}[mode=>network]], id[345], master [null], hasJoinedOnce [false], cluster_name[TEST-CHILD_VM=[0]-CLUSTER_SEED=[-7449427405447180618]-HASH=[2645B46835F9]-cluster]}, ping_response{node [{node_t0}{MSgO3f-9S-yat_4GxxKW6w}{127.0.0.1}{127.0.0.1:9440}[mode=>network]], id[351], master [null], hasJoinedOnce [false], cluster_name[TEST-CHILD_VM=[0]-CLUSTER_SEED=[-7449427405447180618]-HASH=[2645B46835F9]-cluster]}, ping_response{node [{node_t0}{MSgO3f-9S-yat_4GxxKW6w}{127.0.0.1}{127.0.0.1:9440}[mode=>network]], id[351], master [null], hasJoinedOnce [false], cluster_name[TEST-CHILD_VM=[0]-CLUSTER_SEED=[-7449427405447180618]-HASH=[2645B46835F9]-cluster]}, ping_response{node [{node_t0}{MSgO3f-9S-yat_4GxxKW6w}{127.0.0.1}{127.0.0.1:9440}[mode=>network]], id[351], master [null], hasJoinedOnce [false], cluster_name[TEST-CHILD_VM=[0]-CLUSTER_SEED=[-7449427405447180618]-HASH=[2645B46835F9]-cluster]}, ping_response{node [{node_t0}{MSgO3f-9S-yat_4GxxKW6w}{127.0.0.1}{127.0.0.1:9440}[mode=>network]], id[354], master [null], hasJoinedOnce [false], cluster_name[TEST-CHILD_VM=[0]-CLUSTER_SEED=[-7449427405447180618]-HASH=[2645B46835F9]-cluster]}]
[2016-04-18 03:03:34,931][TRACE][org.elasticsearch.discovery.zen.ping.unicast] [node_t0] [3] connecting (light) to {#zen_unicast_11_YucHs-5XRNO-JChWAzIIZg#}{127.0.0.1}{127.0.0.1:9441}[mode=>network]
[2016-04-18 03:03:34,931][TRACE][org.elasticsearch.discovery.zen.ping.unicast] [node_t0] [3] sending to {#zen_unicast_2#}{127.0.0.1}{127.0.0.1:9441}
[2016-04-18 03:03:34,933][TRACE][org.elasticsearch.discovery.zen.ping.unicast] [node_t0] [3] received response from {#zen_unicast_7#}{::1}{[::1]:9441}: [ping_response{node [{node_t1}{YucHs-5XRNO-JChWAzIIZg}{127.0.0.1}{127.0.0.1:9441}[mode=>network]], id[345], master [null], hasJoinedOnce [false], cluster_name[TEST-CHILD_VM=[0]-CLUSTER_SEED=[-7449427405447180618]-HASH=[2645B46835F9]-cluster]}, ping_response{node [{node_t1}{YucHs-5XRNO-JChWAzIIZg}{127.0.0.1}{127.0.0.1:9441}[mode=>network]], id[345], master [null], hasJoinedOnce [false], cluster_name[TEST-CHILD_VM=[0]-CLUSTER_SEED=[-7449427405447180618]-HASH=[2645B46835F9]-cluster]}, ping_response{node [{node_t1}{YucHs-5XRNO-JChWAzIIZg}{127.0.0.1}{127.0.0.1:9441}[mode=>network]], id[345], master [null], hasJoinedOnce [false], cluster_name[TEST-CHILD_VM=[0]-CLUSTER_SEED=[-7449427405447180618]-HASH=[2645B46835F9]-cluster]}, ping_response{node [{node_t0}{MSgO3f-9S-yat_4GxxKW6w}{127.0.0.1}{127.0.0.1:9440}[mode=>network]], id[351], master [null], hasJoinedOnce [false], cluster_name[TEST-CHILD_VM=[0]-CLUSTER_SEED=[-7449427405447180618]-HASH=[2645B46835F9]-cluster]}, ping_response{node [{node_t1}{YucHs-5XRNO-JChWAzIIZg}{127.0.0.1}{127.0.0.1:9441}[mode=>network]], id[355], master [null], hasJoinedOnce [false], cluster_name[TEST-CHILD_VM=[0]-CLUSTER_SEED=[-7449427405447180618]-HASH=[2645B46835F9]-cluster]}]
[2016-04-18 03:03:34,934][TRACE][org.elasticsearch.discovery.zen.ping.unicast] [node_t0] [3] connected to {node_t1}{YucHs-5XRNO-JChWAzIIZg}{127.0.0.1}{127.0.0.1:9441}[mode=>network]
[2016-04-18 03:03:34,934][TRACE][org.elasticsearch.discovery.zen.ping.unicast] [node_t0] [3] sending to {#zen_unicast_11_YucHs-5XRNO-JChWAzIIZg#}{127.0.0.1}{127.0.0.1:9441}[mode=>network]
[2016-04-18 03:03:34,935][TRACE][org.elasticsearch.discovery.zen.ping.unicast] [node_t0] [3] received response from {#zen_unicast_2#}{127.0.0.1}{127.0.0.1:9441}: [ping_response{node [{node_t1}{YucHs-5XRNO-JChWAzIIZg}{127.0.0.1}{127.0.0.1:9441}[mode=>network]], id[345], master [null], hasJoinedOnce [false], cluster_name[TEST-CHILD_VM=[0]-CLUSTER_SEED=[-7449427405447180618]-HASH=[2645B46835F9]-cluster]}, ping_response{node [{node_t1}{YucHs-5XRNO-JChWAzIIZg}{127.0.0.1}{127.0.0.1:9441}[mode=>network]], id[345], master [null], hasJoinedOnce [false], cluster_name[TEST-CHILD_VM=[0]-CLUSTER_SEED=[-7449427405447180618]-HASH=[2645B46835F9]-cluster]}, ping_response{node [{node_t1}{YucHs-5XRNO-JChWAzIIZg}{127.0.0.1}{127.0.0.1:9441}[mode=>network]], id[345], master [null], hasJoinedOnce [false], cluster_name[TEST-CHILD_VM=[0]-CLUSTER_SEED=[-7449427405447180618]-HASH=[2645B46835F9]-cluster]}, ping_response{node [{node_t0}{MSgO3f-9S-yat_4GxxKW6w}{127.0.0.1}{127.0.0.1:9440}[mode=>network]], id[351], master [null], hasJoinedOnce [false], cluster_name[TEST-CHILD_VM=[0]-CLUSTER_SEED=[-7449427405447180618]-HASH=[2645B46835F9]-cluster]}, ping_response{node [{node_t0}{MSgO3f-9S-yat_4GxxKW6w}{127.0.0.1}{127.0.0.1:9440}[mode=>network]], id[351], master [null], hasJoinedOnce [false], cluster_name[TEST-CHILD_VM=[0]-CLUSTER_SEED=[-7449427405447180618]-HASH=[2645B46835F9]-cluster]}, ping_response{node [{node_t1}{YucHs-5XRNO-JChWAzIIZg}{127.0.0.1}{127.0.0.1:9441}[mode=>network]], id[356], master [null], hasJoinedOnce [false], cluster_name[TEST-CHILD_VM=[0]-CLUSTER_SEED=[-7449427405447180618]-HASH=[2645B46835F9]-cluster]}]
[2016-04-18 03:03:34,935][TRACE][org.elasticsearch.discovery.zen.ping.unicast] [node_t0] [3] received response from {#zen_unicast_11_YucHs-5XRNO-JChWAzIIZg#}{127.0.0.1}{127.0.0.1:9441}[mode=>network]: [ping_response{node [{node_t1}{YucHs-5XRNO-JChWAzIIZg}{127.0.0.1}{127.0.0.1:9441}[mode=>network]], id[345], master [null], hasJoinedOnce [false], cluster_name[TEST-CHILD_VM=[0]-CLUSTER_SEED=[-7449427405447180618]-HASH=[2645B46835F9]-cluster]}, ping_response{node [{node_t1}{YucHs-5XRNO-JChWAzIIZg}{127.0.0.1}{127.0.0.1:9441}[mode=>network]], id[345], master [null], hasJoinedOnce [false], cluster_name[TEST-CHILD_VM=[0]-CLUSTER_SEED=[-7449427405447180618]-HASH=[2645B46835F9]-cluster]}, ping_response{node [{node_t1}{YucHs-5XRNO-JChWAzIIZg}{127.0.0.1}{127.0.0.1:9441}[mode=>network]], id[345], master [null], hasJoinedOnce [false], cluster_name[TEST-CHILD_VM=[0]-CLUSTER_SEED=[-7449427405447180618]-HASH=[2645B46835F9]-cluster]}, ping_response{node [{node_t0}{MSgO3f-9S-yat_4GxxKW6w}{127.0.0.1}{127.0.0.1:9440}[mode=>network]], id[351], master [null], hasJoinedOnce [false], cluster_name[TEST-CHILD_VM=[0]-CLUSTER_SEED=[-7449427405447180618]-HASH=[2645B46835F9]-cluster]}, ping_response{node [{node_t0}{MSgO3f-9S-yat_4GxxKW6w}{127.0.0.1}{127.0.0.1:9440}[mode=>network]], id[351], master [null], hasJoinedOnce [false], cluster_name[TEST-CHILD_VM=[0]-CLUSTER_SEED=[-7449427405447180618]-HASH=[2645B46835F9]-cluster]}, ping_response{node [{node_t0}{MSgO3f-9S-yat_4GxxKW6w}{127.0.0.1}{127.0.0.1:9440}[mode=>network]], id[351], master [null], hasJoinedOnce [false], cluster_name[TEST-CHILD_VM=[0]-CLUSTER_SEED=[-7449427405447180618]-HASH=[2645B46835F9]-cluster]}, ping_response{node [{node_t1}{YucHs-5XRNO-JChWAzIIZg}{127.0.0.1}{127.0.0.1:9441}[mode=>network]], id[357], master [null], hasJoinedOnce [false], cluster_name[TEST-CHILD_VM=[0]-CLUSTER_SEED=[-7449427405447180618]-HASH=[2645B46835F9]-cluster]}]
[2016-04-18 03:03:34,935][TRACE][org.elasticsearch.discovery.zen.ping.unicast] [node_t0] [3] disconnecting from {#zen_unicast_11_YucHs-5XRNO-JChWAzIIZg#}{127.0.0.1}{127.0.0.1:9441}[mode=>network]
[2016-04-18 03:03:34,935][TRACE][org.elasticsearch.discovery.zen] [node_t0] full ping responses:
	--> ping_response{node [{node_t1}{YucHs-5XRNO-JChWAzIIZg}{127.0.0.1}{127.0.0.1:9441}[mode=>network]], id[357], master [null], hasJoinedOnce [false], cluster_name[TEST-CHILD_VM=[0]-CLUSTER_SEED=[-7449427405447180618]-HASH=[2645B46835F9]-cluster]}
[2016-04-18 03:03:34,935][TRACE][org.elasticsearch.discovery.zen.ping.unicast] [node_t0] [3] disconnecting from {#zen_unicast_2#}{127.0.0.1}{127.0.0.1:9441}
[2016-04-18 03:03:34,935][DEBUG][org.elasticsearch.discovery.zen] [node_t0] filtered ping responses: (filter_client[true], filter_data[false])
	--> ping_response{node [{node_t1}{YucHs-5XRNO-JChWAzIIZg}{127.0.0.1}{127.0.0.1:9441}[mode=>network]], id[357], master [null], hasJoinedOnce [false], cluster_name[TEST-CHILD_VM=[0]-CLUSTER_SEED=[-7449427405447180618]-HASH=[2645B46835F9]-cluster]}
[2016-04-18 03:03:34,936][TRACE][org.elasticsearch.discovery.zen.ping.unicast] [node_t0] [3] disconnecting from {#zen_unicast_6#}{::1}{[::1]:9440}
[2016-04-18 03:03:34,936][DEBUG][org.elasticsearch.discovery.zen] [node_t0] elected as master, waiting for incoming joins ([1] needed)
[2016-04-18 03:03:34,936][TRACE][org.elasticsearch.discovery.zen] [node_t0] not enough joins for election. Got [0], required [1]
[2016-04-18 03:03:34,936][TRACE][org.elasticsearch.discovery.zen.ping.unicast] [node_t0] [3] disconnecting from {#zen_unicast_5#}{127.0.0.1}{127.0.0.1:9444}
[2016-04-18 03:03:34,936][TRACE][org.elasticsearch.discovery.zen.ping.unicast] [node_t0] [3] disconnecting from {#zen_unicast_4#}{127.0.0.1}{127.0.0.1:9443}
[2016-04-18 03:03:34,936][TRACE][org.elasticsearch.discovery.zen.ping.unicast] [node_t0] [3] disconnecting from {#zen_unicast_3#}{127.0.0.1}{127.0.0.1:9442}
[2016-04-18 03:03:34,936][TRACE][org.elasticsearch.discovery.zen.ping.unicast] [node_t0] [3] disconnecting from {#zen_unicast_10#}{::1}{[::1]:9444}
[2016-04-18 03:03:34,936][TRACE][org.elasticsearch.discovery.zen.ping.unicast] [node_t0] [3] disconnecting from {#zen_unicast_9#}{::1}{[::1]:9443}
[2016-04-18 03:03:34,936][TRACE][org.elasticsearch.discovery.zen.ping.unicast] [node_t0] [3] disconnecting from {#zen_unicast_8#}{::1}{[::1]:9442}
[2016-04-18 03:03:34,936][TRACE][org.elasticsearch.discovery.zen.ping.unicast] [node_t0] [3] disconnecting from {#zen_unicast_7#}{::1}{[::1]:9441}
[2016-04-18 03:03:34,937][TRACE][org.elasticsearch.discovery.zen.ping.unicast] [node_t1] [1] sending to {#zen_unicast_1#}{127.0.0.1}{127.0.0.1:9440}
[2016-04-18 03:03:34,937][TRACE][org.elasticsearch.discovery.zen.ping.unicast] [node_t1] [1] sending to {node_t1}{YucHs-5XRNO-JChWAzIIZg}{127.0.0.1}{127.0.0.1:9441}[mode=>network]
[2016-04-18 03:03:34,937][TRACE][org.elasticsearch.discovery.zen.ping.unicast] [node_t1] [1] received response from {node_t1}{YucHs-5XRNO-JChWAzIIZg}{127.0.0.1}{127.0.0.1:9441}[mode=>network]: [ping_response{node [{node_t1}{YucHs-5XRNO-JChWAzIIZg}{127.0.0.1}{127.0.0.1:9441}[mode=>network]], id[345], master [null], hasJoinedOnce [false], cluster_name[TEST-CHILD_VM=[0]-CLUSTER_SEED=[-7449427405447180618]-HASH=[2645B46835F9]-cluster]}, ping_response{node [{node_t1}{YucHs-5XRNO-JChWAzIIZg}{127.0.0.1}{127.0.0.1:9441}[mode=>network]], id[345], master [null], hasJoinedOnce [false], cluster_name[TEST-CHILD_VM=[0]-CLUSTER_SEED=[-7449427405447180618]-HASH=[2645B46835F9]-cluster]}, ping_response{node [{node_t1}{YucHs-5XRNO-JChWAzIIZg}{127.0.0.1}{127.0.0.1:9441}[mode=>network]], id[345], master [null], hasJoinedOnce [false], cluster_name[TEST-CHILD_VM=[0]-CLUSTER_SEED=[-7449427405447180618]-HASH=[2645B46835F9]-cluster]}, ping_response{node [{node_t0}{MSgO3f-9S-yat_4GxxKW6w}{127.0.0.1}{127.0.0.1:9440}[mode=>network]], id[351], master [null], hasJoinedOnce [false], cluster_name[TEST-CHILD_VM=[0]-CLUSTER_SEED=[-7449427405447180618]-HASH=[2645B46835F9]-cluster]}, ping_response{node [{node_t0}{MSgO3f-9S-yat_4GxxKW6w}{127.0.0.1}{127.0.0.1:9440}[mode=>network]], id[351], master [null], hasJoinedOnce [false], cluster_name[TEST-CHILD_VM=[0]-CLUSTER_SEED=[-7449427405447180618]-HASH=[2645B46835F9]-cluster]}, ping_response{node [{node_t0}{MSgO3f-9S-yat_4GxxKW6w}{127.0.0.1}{127.0.0.1:9440}[mode=>network]], id[351], master [null], hasJoinedOnce [false], cluster_name[TEST-CHILD_VM=[0]-CLUSTER_SEED=[-7449427405447180618]-HASH=[2645B46835F9]-cluster]}, ping_response{node [{node_t1}{YucHs-5XRNO-JChWAzIIZg}{127.0.0.1}{127.0.0.1:9441}[mode=>network]], id[358], master [null], hasJoinedOnce [false], cluster_name[TEST-CHILD_VM=[0]-CLUSTER_SEED=[-7449427405447180618]-HASH=[2645B46835F9]-cluster]}, ping_response{node [{node_t1}{YucHs-5XRNO-JChWAzIIZg}{127.0.0.1}{127.0.0.1:9441}[mode=>network]], id[359], master [null], hasJoinedOnce [false], cluster_name[TEST-CHILD_VM=[0]-CLUSTER_SEED=[-7449427405447180618]-HASH=[2645B46835F9]-cluster]}]
[2016-04-18 03:03:34,938][TRACE][org.elasticsearch.discovery.zen.ping.unicast] [node_t1] [1] sending to {#zen_unicast_6#}{::1}{[::1]:9440}
[2016-04-18 03:03:34,938][TRACE][org.elasticsearch.discovery.zen.ping.unicast] [node_t1] [1] sending to {#zen_unicast_7#}{::1}{[::1]:9441}
[2016-04-18 03:03:34,938][TRACE][org.elasticsearch.discovery.zen.ping.unicast] [node_t1] [1] received response from {#zen_unicast_1#}{127.0.0.1}{127.0.0.1:9440}: [ping_response{node [{node_t0}{MSgO3f-9S-yat_4GxxKW6w}{127.0.0.1}{127.0.0.1:9440}[mode=>network]], id[329], master [null], hasJoinedOnce [false], cluster_name[TEST-CHILD_VM=[0]-CLUSTER_SEED=[-7449427405447180618]-HASH=[2645B46835F9]-cluster]}, ping_response{node [{node_t0}{MSgO3f-9S-yat_4GxxKW6w}{127.0.0.1}{127.0.0.1:9440}[mode=>network]], id[329], master [null], hasJoinedOnce [false], cluster_name[TEST-CHILD_VM=[0]-CLUSTER_SEED=[-7449427405447180618]-HASH=[2645B46835F9]-cluster]}, ping_response{node [{node_t0}{MSgO3f-9S-yat_4GxxKW6w}{127.0.0.1}{127.0.0.1:9440}[mode=>network]], id[329], master [null], hasJoinedOnce [false], cluster_name[TEST-CHILD_VM=[0]-CLUSTER_SEED=[-7449427405447180618]-HASH=[2645B46835F9]-cluster]}, ping_response{node [{node_t0}{MSgO3f-9S-yat_4GxxKW6w}{127.0.0.1}{127.0.0.1:9440}[mode=>network]], id[333], master [null], hasJoinedOnce [false], cluster_name[TEST-CHILD_VM=[0]-CLUSTER_SEED=[-7449427405447180618]-HASH=[2645B46835F9]-cluster]}, ping_response{node [{node_t0}{MSgO3f-9S-yat_4GxxKW6w}{127.0.0.1}{127.0.0.1:9440}[mode=>network]], id[333], master [null], hasJoinedOnce [false], cluster_name[TEST-CHILD_VM=[0]-CLUSTER_SEED=[-7449427405447180618]-HASH=[2645B46835F9]-cluster]}, ping_response{node [{node_t0}{MSgO3f-9S-yat_4GxxKW6w}{127.0.0.1}{127.0.0.1:9440}[mode=>network]], id[333], master [null], hasJoinedOnce [false], cluster_name[TEST-CHILD_VM=[0]-CLUSTER_SEED=[-7449427405447180618]-HASH=[2645B46835F9]-cluster]}, ping_response{node [{node_t0}{MSgO3f-9S-yat_4GxxKW6w}{127.0.0.1}{127.0.0.1:9440}[mode=>network]], id[337], master [null], hasJoinedOnce [false], cluster_name[TEST-CHILD_VM=[0]-CLUSTER_SEED=[-7449427405447180618]-HASH=[2645B46835F9]-cluster]}, ping_response{node [{node_t0}{MSgO3f-9S-yat_4GxxKW6w}{127.0.0.1}{127.0.0.1:9440}[mode=>network]], id[337], master [null], hasJoinedOnce [false], cluster_name[TEST-CHILD_VM=[0]-CLUSTER_SEED=[-7449427405447180618]-HASH=[2645B46835F9]-cluster]}, ping_response{node [{node_t0}{MSgO3f-9S-yat_4GxxKW6w}{127.0.0.1}{127.0.0.1:9440}[mode=>network]], id[337], master [null], hasJoinedOnce [false], cluster_name[TEST-CHILD_VM=[0]-CLUSTER_SEED=[-7449427405447180618]-HASH=[2645B46835F9]-cluster]}, ping_response{node [{node_t0}{MSgO3f-9S-yat_4GxxKW6w}{127.0.0.1}{127.0.0.1:9440}[mode=>network]], id[341], master [null], hasJoinedOnce [false], cluster_name[TEST-CHILD_VM=[0]-CLUSTER_SEED=[-7449427405447180618]-HASH=[2645B46835F9]-cluster]}, ping_response{node [{node_t0}{MSgO3f-9S-yat_4GxxKW6w}{127.0.0.1}{127.0.0.1:9440}[mode=>network]], id[341], master [null], hasJoinedOnce [false], cluster_name[TEST-CHILD_VM=[0]-CLUSTER_SEED=[-7449427405447180618]-HASH=[2645B46835F9]-cluster]}, ping_response{node [{node_t0}{MSgO3f-9S-yat_4GxxKW6w}{127.0.0.1}{127.0.0.1:9440}[mode=>network]], id[341], master [null], hasJoinedOnce [false], cluster_name[TEST-CHILD_VM=[0]-CLUSTER_SEED=[-7449427405447180618]-HASH=[2645B46835F9]-cluster]}, ping_response{node [{node_t1}{YucHs-5XRNO-JChWAzIIZg}{127.0.0.1}{127.0.0.1:9441}[mode=>network]], id[345], master [null], hasJoinedOnce [false], cluster_name[TEST-CHILD_VM=[0]-CLUSTER_SEED=[-7449427405447180618]-HASH=[2645B46835F9]-cluster]}, ping_response{node [{node_t1}{YucHs-5XRNO-JChWAzIIZg}{127.0.0.1}{127.0.0.1:9441}[mode=>network]], id[345], master [null], hasJoinedOnce [false], cluster_name[TEST-CHILD_VM=[0]-CLUSTER_SEED=[-7449427405447180618]-HASH=[2645B46835F9]-cluster]}, ping_response{node [{node_t0}{MSgO3f-9S-yat_4GxxKW6w}{127.0.0.1}{127.0.0.1:9440}[mode=>network]], id[351], master [null], hasJoinedOnce [false], cluster_name[TEST-CHILD_VM=[0]-CLUSTER_SEED=[-7449427405447180618]-HASH=[2645B46835F9]-cluster]}, ping_response{node [{node_t0}{MSgO3f-9S-yat_4GxxKW6w}{127.0.0.1}{127.0.0.1:9440}[mode=>network]], id[351], master [null], hasJoinedOnce [false], cluster_name[TEST-CHILD_VM=[0]-CLUSTER_SEED=[-7449427405447180618]-HASH=[2645B46835F9]-cluster]}, ping_response{node [{node_t0}{MSgO3f-9S-yat_4GxxKW6w}{127.0.0.1}{127.0.0.1:9440}[mode=>network]], id[351], master [null], hasJoinedOnce [false], cluster_name[TEST-CHILD_VM=[0]-CLUSTER_SEED=[-7449427405447180618]-HASH=[2645B46835F9]-cluster]}, ping_response{node [{node_t1}{YucHs-5XRNO-JChWAzIIZg}{127.0.0.1}{127.0.0.1:9441}[mode=>network]], id[358], master [null], hasJoinedOnce [false], cluster_name[TEST-CHILD_VM=[0]-CLUSTER_SEED=[-7449427405447180618]-HASH=[2645B46835F9]-cluster]}, ping_response{node [{node_t0}{MSgO3f-9S-yat_4GxxKW6w}{127.0.0.1}{127.0.0.1:9440}[mode=>network]], id[360], master [null], hasJoinedOnce [false], cluster_name[TEST-CHILD_VM=[0]-CLUSTER_SEED=[-7449427405447180618]-HASH=[2645B46835F9]-cluster]}]
[2016-04-18 03:03:34,938][TRACE][org.elasticsearch.discovery.zen.ping.unicast] [node_t1] [1] connecting (light) to {#zen_unicast_5#}{127.0.0.1}{127.0.0.1:9444}
[2016-04-18 03:03:34,939][TRACE][org.elasticsearch.discovery.zen.ping.unicast] [node_t1] [1] connecting (light) to {#zen_unicast_9#}{::1}{[::1]:9443}
[2016-04-18 03:03:34,938][TRACE][org.elasticsearch.discovery.zen.ping.unicast] [node_t1] [1] connecting (light) to {#zen_unicast_4#}{127.0.0.1}{127.0.0.1:9443}
[2016-04-18 03:03:34,938][TRACE][org.elasticsearch.discovery.zen.ping.unicast] [node_t1] [1] connecting (light) to {#zen_unicast_3#}{127.0.0.1}{127.0.0.1:9442}
[2016-04-18 03:03:34,938][TRACE][org.elasticsearch.discovery.zen.ping.unicast] [node_t1] replacing {node_t0}{MSgO3f-9S-yat_4GxxKW6w}{127.0.0.1}{127.0.0.1:9440}[mode=>network] with temp node {#zen_unicast_11_MSgO3f-9S-yat_4GxxKW6w#}{127.0.0.1}{127.0.0.1:9440}[mode=>network]
[2016-04-18 03:03:34,939][TRACE][org.elasticsearch.discovery.zen.ping.unicast] [node_t1] [1] connecting (light) to {#zen_unicast_10#}{::1}{[::1]:9444}
[2016-04-18 03:03:34,939][TRACE][org.elasticsearch.discovery.zen.ping.unicast] [node_t1] [1] connecting (light) to {#zen_unicast_11_MSgO3f-9S-yat_4GxxKW6w#}{127.0.0.1}{127.0.0.1:9440}[mode=>network]
[2016-04-18 03:03:34,939][TRACE][org.elasticsearch.discovery.zen.ping.unicast] [node_t1] [1] failed to connect to {#zen_unicast_5#}{127.0.0.1}{127.0.0.1:9444}
ConnectTransportException[[][127.0.0.1:9444] connect_timeout[30s]]; nested: ConnectException[Connection refused: /127.0.0.1:9444];
	at org.elasticsearch.transport.netty.NettyTransport.connectToChannelsLight(NettyTransport.java:954)
	at org.elasticsearch.transport.netty.NettyTransport.connectToNode(NettyTransport.java:918)
	at org.elasticsearch.transport.netty.NettyTransport.connectToNodeLight(NettyTransport.java:890)
	at org.elasticsearch.test.transport.MockTransportService$LookupTestTransport.connectToNodeLight(MockTransportService.java:413)
	at org.elasticsearch.transport.TransportService.connectToNodeLight(TransportService.java:242)
	at org.elasticsearch.discovery.zen.ping.unicast.UnicastZenPing$3.run(UnicastZenPing.java:395)
	at java.util.concurrent.ThreadPoolExecutor.runWorker(ThreadPoolExecutor.java:1142)
	at java.util.concurrent.ThreadPoolExecutor$Worker.run(ThreadPoolExecutor.java:617)
	at java.lang.Thread.run(Thread.java:745)
Caused by: java.net.ConnectException: Connection refused: /127.0.0.1:9444
	at sun.nio.ch.SocketChannelImpl.checkConnect(Native Method)
	at sun.nio.ch.SocketChannelImpl.finishConnect(SocketChannelImpl.java:717)
	at org.jboss.netty.channel.socket.nio.NioClientBoss.connect(NioClientBoss.java:152)
	at org.jboss.netty.channel.socket.nio.NioClientBoss.processSelectedKeys(NioClientBoss.java:105)
	at org.jboss.netty.channel.socket.nio.NioClientBoss.process(NioClientBoss.java:79)
	at org.jboss.netty.channel.socket.nio.AbstractNioSelector.run(AbstractNioSelector.java:337)
	at org.jboss.netty.channel.socket.nio.NioClientBoss.run(NioClientBoss.java:42)
	at org.jboss.netty.util.ThreadRenamingRunnable.run(ThreadRenamingRunnable.java:108)
	at org.jboss.netty.util.internal.DeadLockProofWorker$1.run(DeadLockProofWorker.java:42)
	... 3 more
[2016-04-18 03:03:34,940][TRACE][org.elasticsearch.discovery.zen.ping.unicast] [node_t1] [1] failed to connect to {#zen_unicast_10#}{::1}{[::1]:9444}
ConnectTransportException[[][[::1]:9444] connect_timeout[30s]]; nested: ConnectException[Connection refused: /0:0:0:0:0:0:0:1:9444];
	at org.elasticsearch.transport.netty.NettyTransport.connectToChannelsLight(NettyTransport.java:954)
	at org.elasticsearch.transport.netty.NettyTransport.connectToNode(NettyTransport.java:918)
	at org.elasticsearch.transport.netty.NettyTransport.connectToNodeLight(NettyTransport.java:890)
	at org.elasticsearch.test.transport.MockTransportService$LookupTestTransport.connectToNodeLight(MockTransportService.java:413)
	at org.elasticsearch.transport.TransportService.connectToNodeLight(TransportService.java:242)
	at org.elasticsearch.discovery.zen.ping.unicast.UnicastZenPing$3.run(UnicastZenPing.java:395)
	at java.util.concurrent.ThreadPoolExecutor.runWorker(ThreadPoolExecutor.java:1142)
	at java.util.concurrent.ThreadPoolExecutor$Worker.run(ThreadPoolExecutor.java:617)
	at java.lang.Thread.run(Thread.java:745)
Caused by: java.net.ConnectException: Connection refused: /0:0:0:0:0:0:0:1:9444
	at sun.nio.ch.SocketChannelImpl.checkConnect(Native Method)
	at sun.nio.ch.SocketChannelImpl.finishConnect(SocketChannelImpl.java:717)
	at org.jboss.netty.channel.socket.nio.NioClientBoss.connect(NioClientBoss.java:152)
	at org.jboss.netty.channel.socket.nio.NioClientBoss.processSelectedKeys(NioClientBoss.java:105)
	at org.jboss.netty.channel.socket.nio.NioClientBoss.process(NioClientBoss.java:79)
	at org.jboss.netty.channel.socket.nio.AbstractNioSelector.run(AbstractNioSelector.java:337)
	at org.jboss.netty.channel.socket.nio.NioClientBoss.run(NioClientBoss.java:42)
	at org.jboss.netty.util.ThreadRenamingRunnable.run(ThreadRenamingRunnable.java:108)
	at org.jboss.netty.util.internal.DeadLockProofWorker$1.run(DeadLockProofWorker.java:42)
	... 3 more
[2016-04-18 03:03:34,940][TRACE][org.elasticsearch.discovery.zen.ping.unicast] [node_t1] [1] failed to connect to {#zen_unicast_9#}{::1}{[::1]:9443}
ConnectTransportException[[][[::1]:9443] connect_timeout[30s]]; nested: ConnectException[Connection refused: /0:0:0:0:0:0:0:1:9443];
	at org.elasticsearch.transport.netty.NettyTransport.connectToChannelsLight(NettyTransport.java:954)
	at org.elasticsearch.transport.netty.NettyTransport.connectToNode(NettyTransport.java:918)
	at org.elasticsearch.transport.netty.NettyTransport.connectToNodeLight(NettyTransport.java:890)
	at org.elasticsearch.test.transport.MockTransportService$LookupTestTransport.connectToNodeLight(MockTransportService.java:413)
	at org.elasticsearch.transport.TransportService.connectToNodeLight(TransportService.java:242)
	at org.elasticsearch.discovery.zen.ping.unicast.UnicastZenPing$3.run(UnicastZenPing.java:395)
	at java.util.concurrent.ThreadPoolExecutor.runWorker(ThreadPoolExecutor.java:1142)
	at java.util.concurrent.ThreadPoolExecutor$Worker.run(ThreadPoolExecutor.java:617)
	at java.lang.Thread.run(Thread.java:745)
Caused by: java.net.ConnectException: Connection refused: /0:0:0:0:0:0:0:1:9443
	at sun.nio.ch.SocketChannelImpl.checkConnect(Native Method)
	at sun.nio.ch.SocketChannelImpl.finishConnect(SocketChannelImpl.java:717)
	at org.jboss.netty.channel.socket.nio.NioClientBoss.connect(NioClientBoss.java:152)
	at org.jboss.netty.channel.socket.nio.NioClientBoss.processSelectedKeys(NioClientBoss.java:105)
	at org.jboss.netty.channel.socket.nio.NioClientBoss.process(NioClientBoss.java:79)
	at org.jboss.netty.channel.socket.nio.AbstractNioSelector.run(AbstractNioSelector.java:337)
	at org.jboss.netty.channel.socket.nio.NioClientBoss.run(NioClientBoss.java:42)
	at org.jboss.netty.util.ThreadRenamingRunnable.run(ThreadRenamingRunnable.java:108)
	at org.jboss.netty.util.internal.DeadLockProofWorker$1.run(DeadLockProofWorker.java:42)
	... 3 more
[2016-04-18 03:03:34,939][TRACE][org.elasticsearch.discovery.zen.ping.unicast] [node_t1] [1] connecting (light) to {#zen_unicast_8#}{::1}{[::1]:9442}
[2016-04-18 03:03:34,940][TRACE][org.elasticsearch.discovery.zen.ping.unicast] [node_t1] [1] failed to connect to {#zen_unicast_3#}{127.0.0.1}{127.0.0.1:9442}
ConnectTransportException[[][127.0.0.1:9442] connect_timeout[30s]]; nested: ConnectException[Connection refused: /127.0.0.1:9442];
	at org.elasticsearch.transport.netty.NettyTransport.connectToChannelsLight(NettyTransport.java:954)
	at org.elasticsearch.transport.netty.NettyTransport.connectToNode(NettyTransport.java:918)
	at org.elasticsearch.transport.netty.NettyTransport.connectToNodeLight(NettyTransport.java:890)
	at org.elasticsearch.test.transport.MockTransportService$LookupTestTransport.connectToNodeLight(MockTransportService.java:413)
	at org.elasticsearch.transport.TransportService.connectToNodeLight(TransportService.java:242)
	at org.elasticsearch.discovery.zen.ping.unicast.UnicastZenPing$3.run(UnicastZenPing.java:395)
	at java.util.concurrent.ThreadPoolExecutor.runWorker(ThreadPoolExecutor.java:1142)
	at java.util.concurrent.ThreadPoolExecutor$Worker.run(ThreadPoolExecutor.java:617)
	at java.lang.Thread.run(Thread.java:745)
Caused by: java.net.ConnectException: Connection refused: /127.0.0.1:9442
	at sun.nio.ch.SocketChannelImpl.checkConnect(Native Method)
	at sun.nio.ch.SocketChannelImpl.finishConnect(SocketChannelImpl.java:717)
	at org.jboss.netty.channel.socket.nio.NioClientBoss.connect(NioClientBoss.java:152)
	at org.jboss.netty.channel.socket.nio.NioClientBoss.processSelectedKeys(NioClientBoss.java:105)
	at org.jboss.netty.channel.socket.nio.NioClientBoss.process(NioClientBoss.java:79)
	at org.jboss.netty.channel.socket.nio.AbstractNioSelector.run(AbstractNioSelector.java:337)
	at org.jboss.netty.channel.socket.nio.NioClientBoss.run(NioClientBoss.java:42)
	at org.jboss.netty.util.ThreadRenamingRunnable.run(ThreadRenamingRunnable.java:108)
	at org.jboss.netty.util.internal.DeadLockProofWorker$1.run(DeadLockProofWorker.java:42)
	... 3 more
[2016-04-18 03:03:34,940][TRACE][org.elasticsearch.discovery.zen.ping.unicast] [node_t1] [1] failed to connect to {#zen_unicast_4#}{127.0.0.1}{127.0.0.1:9443}
ConnectTransportException[[][127.0.0.1:9443] connect_timeout[30s]]; nested: ConnectException[Connection refused: /127.0.0.1:9443];
	at org.elasticsearch.transport.netty.NettyTransport.connectToChannelsLight(NettyTransport.java:954)
	at org.elasticsearch.transport.netty.NettyTransport.connectToNode(NettyTransport.java:918)
	at org.elasticsearch.transport.netty.NettyTransport.connectToNodeLight(NettyTransport.java:890)
	at org.elasticsearch.test.transport.MockTransportService$LookupTestTransport.connectToNodeLight(MockTransportService.java:413)
	at org.elasticsearch.transport.TransportService.connectToNodeLight(TransportService.java:242)
	at org.elasticsearch.discovery.zen.ping.unicast.UnicastZenPing$3.run(UnicastZenPing.java:395)
	at java.util.concurrent.ThreadPoolExecutor.runWorker(ThreadPoolExecutor.java:1142)
	at java.util.concurrent.ThreadPoolExecutor$Worker.run(ThreadPoolExecutor.java:617)
	at java.lang.Thread.run(Thread.java:745)
Caused by: java.net.ConnectException: Connection refused: /127.0.0.1:9443
	at sun.nio.ch.SocketChannelImpl.checkConnect(Native Method)
	at sun.nio.ch.SocketChannelImpl.finishConnect(SocketChannelImpl.java:717)
	at org.jboss.netty.channel.socket.nio.NioClientBoss.connect(NioClientBoss.java:152)
	at org.jboss.netty.channel.socket.nio.NioClientBoss.processSelectedKeys(NioClientBoss.java:105)
	at org.jboss.netty.channel.socket.nio.NioClientBoss.process(NioClientBoss.java:79)
	at org.jboss.netty.channel.socket.nio.AbstractNioSelector.run(AbstractNioSelector.java:337)
	at org.jboss.netty.channel.socket.nio.NioClientBoss.run(NioClientBoss.java:42)
	at org.jboss.netty.util.ThreadRenamingRunnable.run(ThreadRenamingRunnable.java:108)
	at org.jboss.netty.util.internal.DeadLockProofWorker$1.run(DeadLockProofWorker.java:42)
	... 3 more
[2016-04-18 03:03:34,939][TRACE][org.elasticsearch.discovery.zen.ping.unicast] [node_t1] [1] received response from {#zen_unicast_6#}{::1}{[::1]:9440}: [ping_response{node [{node_t0}{MSgO3f-9S-yat_4GxxKW6w}{127.0.0.1}{127.0.0.1:9440}[mode=>network]], id[329], master [null], hasJoinedOnce [false], cluster_name[TEST-CHILD_VM=[0]-CLUSTER_SEED=[-7449427405447180618]-HASH=[2645B46835F9]-cluster]}, ping_response{node [{node_t0}{MSgO3f-9S-yat_4GxxKW6w}{127.0.0.1}{127.0.0.1:9440}[mode=>network]], id[329], master [null], hasJoinedOnce [false], cluster_name[TEST-CHILD_VM=[0]-CLUSTER_SEED=[-7449427405447180618]-HASH=[2645B46835F9]-cluster]}, ping_response{node [{node_t0}{MSgO3f-9S-yat_4GxxKW6w}{127.0.0.1}{127.0.0.1:9440}[mode=>network]], id[329], master [null], hasJoinedOnce [false], cluster_name[TEST-CHILD_VM=[0]-CLUSTER_SEED=[-7449427405447180618]-HASH=[2645B46835F9]-cluster]}, ping_response{node [{node_t0}{MSgO3f-9S-yat_4GxxKW6w}{127.0.0.1}{127.0.0.1:9440}[mode=>network]], id[333], master [null], hasJoinedOnce [false], cluster_name[TEST-CHILD_VM=[0]-CLUSTER_SEED=[-7449427405447180618]-HASH=[2645B46835F9]-cluster]}, ping_response{node [{node_t0}{MSgO3f-9S-yat_4GxxKW6w}{127.0.0.1}{127.0.0.1:9440}[mode=>network]], id[333], master [null], hasJoinedOnce [false], cluster_name[TEST-CHILD_VM=[0]-CLUSTER_SEED=[-7449427405447180618]-HASH=[2645B46835F9]-cluster]}, ping_response{node [{node_t0}{MSgO3f-9S-yat_4GxxKW6w}{127.0.0.1}{127.0.0.1:9440}[mode=>network]], id[333], master [null], hasJoinedOnce [false], cluster_name[TEST-CHILD_VM=[0]-CLUSTER_SEED=[-7449427405447180618]-HASH=[2645B46835F9]-cluster]}, ping_response{node [{node_t0}{MSgO3f-9S-yat_4GxxKW6w}{127.0.0.1}{127.0.0.1:9440}[mode=>network]], id[337], master [null], hasJoinedOnce [false], cluster_name[TEST-CHILD_VM=[0]-CLUSTER_SEED=[-7449427405447180618]-HASH=[2645B46835F9]-cluster]}, ping_response{node [{node_t0}{MSgO3f-9S-yat_4GxxKW6w}{127.0.0.1}{127.0.0.1:9440}[mode=>network]], id[337], master [null], hasJoinedOnce [false], cluster_name[TEST-CHILD_VM=[0]-CLUSTER_SEED=[-7449427405447180618]-HASH=[2645B46835F9]-cluster]}, ping_response{node [{node_t0}{MSgO3f-9S-yat_4GxxKW6w}{127.0.0.1}{127.0.0.1:9440}[mode=>network]], id[337], master [null], hasJoinedOnce [false], cluster_name[TEST-CHILD_VM=[0]-CLUSTER_SEED=[-7449427405447180618]-HASH=[2645B46835F9]-cluster]}, ping_response{node [{node_t0}{MSgO3f-9S-yat_4GxxKW6w}{127.0.0.1}{127.0.0.1:9440}[mode=>network]], id[341], master [null], hasJoinedOnce [false], cluster_name[TEST-CHILD_VM=[0]-CLUSTER_SEED=[-7449427405447180618]-HASH=[2645B46835F9]-cluster]}, ping_response{node [{node_t0}{MSgO3f-9S-yat_4GxxKW6w}{127.0.0.1}{127.0.0.1:9440}[mode=>network]], id[341], master [null], hasJoinedOnce [false], cluster_name[TEST-CHILD_VM=[0]-CLUSTER_SEED=[-7449427405447180618]-HASH=[2645B46835F9]-cluster]}, ping_response{node [{node_t0}{MSgO3f-9S-yat_4GxxKW6w}{127.0.0.1}{127.0.0.1:9440}[mode=>network]], id[341], master [null], hasJoinedOnce [false], cluster_name[TEST-CHILD_VM=[0]-CLUSTER_SEED=[-7449427405447180618]-HASH=[2645B46835F9]-cluster]}, ping_response{node [{node_t1}{YucHs-5XRNO-JChWAzIIZg}{127.0.0.1}{127.0.0.1:9441}[mode=>network]], id[345], master [null], hasJoinedOnce [false], cluster_name[TEST-CHILD_VM=[0]-CLUSTER_SEED=[-7449427405447180618]-HASH=[2645B46835F9]-cluster]}, ping_response{node [{node_t1}{YucHs-5XRNO-JChWAzIIZg}{127.0.0.1}{127.0.0.1:9441}[mode=>network]], id[345], master [null], hasJoinedOnce [false], cluster_name[TEST-CHILD_VM=[0]-CLUSTER_SEED=[-7449427405447180618]-HASH=[2645B46835F9]-cluster]}, ping_response{node [{node_t0}{MSgO3f-9S-yat_4GxxKW6w}{127.0.0.1}{127.0.0.1:9440}[mode=>network]], id[351], master [null], hasJoinedOnce [false], cluster_name[TEST-CHILD_VM=[0]-CLUSTER_SEED=[-7449427405447180618]-HASH=[2645B46835F9]-cluster]}, ping_response{node [{node_t0}{MSgO3f-9S-yat_4GxxKW6w}{127.0.0.1}{127.0.0.1:9440}[mode=>network]], id[351], master [null], hasJoinedOnce [false], cluster_name[TEST-CHILD_VM=[0]-CLUSTER_SEED=[-7449427405447180618]-HASH=[2645B46835F9]-cluster]}, ping_response{node [{node_t0}{MSgO3f-9S-yat_4GxxKW6w}{127.0.0.1}{127.0.0.1:9440}[mode=>network]], id[351], master [null], hasJoinedOnce [false], cluster_name[TEST-CHILD_VM=[0]-CLUSTER_SEED=[-7449427405447180618]-HASH=[2645B46835F9]-cluster]}, ping_response{node [{node_t1}{YucHs-5XRNO-JChWAzIIZg}{127.0.0.1}{127.0.0.1:9441}[mode=>network]], id[358], master [null], hasJoinedOnce [false], cluster_name[TEST-CHILD_VM=[0]-CLUSTER_SEED=[-7449427405447180618]-HASH=[2645B46835F9]-cluster]}, ping_response{node [{node_t1}{YucHs-5XRNO-JChWAzIIZg}{127.0.0.1}{127.0.0.1:9441}[mode=>network]], id[358], master [null], hasJoinedOnce [false], cluster_name[TEST-CHILD_VM=[0]-CLUSTER_SEED=[-7449427405447180618]-HASH=[2645B46835F9]-cluster]}, ping_response{node [{node_t0}{MSgO3f-9S-yat_4GxxKW6w}{127.0.0.1}{127.0.0.1:9440}[mode=>network]], id[361], master [null], hasJoinedOnce [false], cluster_name[TEST-CHILD_VM=[0]-CLUSTER_SEED=[-7449427405447180618]-HASH=[2645B46835F9]-cluster]}]
[2016-04-18 03:03:34,939][TRACE][org.elasticsearch.discovery.zen.ping.unicast] [node_t1] [1] received response from {#zen_unicast_7#}{::1}{[::1]:9441}: [ping_response{node [{node_t1}{YucHs-5XRNO-JChWAzIIZg}{127.0.0.1}{127.0.0.1:9441}[mode=>network]], id[345], master [null], hasJoinedOnce [false], cluster_name[TEST-CHILD_VM=[0]-CLUSTER_SEED=[-7449427405447180618]-HASH=[2645B46835F9]-cluster]}, ping_response{node [{node_t1}{YucHs-5XRNO-JChWAzIIZg}{127.0.0.1}{127.0.0.1:9441}[mode=>network]], id[345], master [null], hasJoinedOnce [false], cluster_name[TEST-CHILD_VM=[0]-CLUSTER_SEED=[-7449427405447180618]-HASH=[2645B46835F9]-cluster]}, ping_response{node [{node_t1}{YucHs-5XRNO-JChWAzIIZg}{127.0.0.1}{127.0.0.1:9441}[mode=>network]], id[345], master [null], hasJoinedOnce [false], cluster_name[TEST-CHILD_VM=[0]-CLUSTER_SEED=[-7449427405447180618]-HASH=[2645B46835F9]-cluster]}, ping_response{node [{node_t0}{MSgO3f-9S-yat_4GxxKW6w}{127.0.0.1}{127.0.0.1:9440}[mode=>network]], id[351], master [null], hasJoinedOnce [false], cluster_name[TEST-CHILD_VM=[0]-CLUSTER_SEED=[-7449427405447180618]-HASH=[2645B46835F9]-cluster]}, ping_response{node [{node_t0}{MSgO3f-9S-yat_4GxxKW6w}{127.0.0.1}{127.0.0.1:9440}[mode=>network]], id[351], master [null], hasJoinedOnce [false], cluster_name[TEST-CHILD_VM=[0]-CLUSTER_SEED=[-7449427405447180618]-HASH=[2645B46835F9]-cluster]}, ping_response{node [{node_t0}{MSgO3f-9S-yat_4GxxKW6w}{127.0.0.1}{127.0.0.1:9440}[mode=>network]], id[351], master [null], hasJoinedOnce [false], cluster_name[TEST-CHILD_VM=[0]-CLUSTER_SEED=[-7449427405447180618]-HASH=[2645B46835F9]-cluster]}, ping_response{node [{node_t1}{YucHs-5XRNO-JChWAzIIZg}{127.0.0.1}{127.0.0.1:9441}[mode=>network]], id[358], master [null], hasJoinedOnce [false], cluster_name[TEST-CHILD_VM=[0]-CLUSTER_SEED=[-7449427405447180618]-HASH=[2645B46835F9]-cluster]}, ping_response{node [{node_t1}{YucHs-5XRNO-JChWAzIIZg}{127.0.0.1}{127.0.0.1:9441}[mode=>network]], id[358], master [null], hasJoinedOnce [false], cluster_name[TEST-CHILD_VM=[0]-CLUSTER_SEED=[-7449427405447180618]-HASH=[2645B46835F9]-cluster]}, ping_response{node [{node_t1}{YucHs-5XRNO-JChWAzIIZg}{127.0.0.1}{127.0.0.1:9441}[mode=>network]], id[362], master [null], hasJoinedOnce [false], cluster_name[TEST-CHILD_VM=[0]-CLUSTER_SEED=[-7449427405447180618]-HASH=[2645B46835F9]-cluster]}]
[2016-04-18 03:03:34,939][TRACE][org.elasticsearch.discovery.zen.ping.unicast] [node_t1] [1] sending to {node_t1}{YucHs-5XRNO-JChWAzIIZg}{127.0.0.1}{127.0.0.1:9441}[mode=>network]
[2016-04-18 03:03:34,941][TRACE][org.elasticsearch.discovery.zen.ping.unicast] [node_t1] [1] connected to {node_t0}{MSgO3f-9S-yat_4GxxKW6w}{127.0.0.1}{127.0.0.1:9440}[mode=>network]
[2016-04-18 03:03:34,942][TRACE][org.elasticsearch.discovery.zen.ping.unicast] [node_t1] [1] sending to {#zen_unicast_11_MSgO3f-9S-yat_4GxxKW6w#}{127.0.0.1}{127.0.0.1:9440}[mode=>network]
[2016-04-18 03:03:34,942][TRACE][org.elasticsearch.discovery.zen.ping.unicast] [node_t1] [1] received response from {node_t1}{YucHs-5XRNO-JChWAzIIZg}{127.0.0.1}{127.0.0.1:9441}[mode=>network]: [ping_response{node [{node_t1}{YucHs-5XRNO-JChWAzIIZg}{127.0.0.1}{127.0.0.1:9441}[mode=>network]], id[345], master [null], hasJoinedOnce [false], cluster_name[TEST-CHILD_VM=[0]-CLUSTER_SEED=[-7449427405447180618]-HASH=[2645B46835F9]-cluster]}, ping_response{node [{node_t1}{YucHs-5XRNO-JChWAzIIZg}{127.0.0.1}{127.0.0.1:9441}[mode=>network]], id[345], master [null], hasJoinedOnce [false], cluster_name[TEST-CHILD_VM=[0]-CLUSTER_SEED=[-7449427405447180618]-HASH=[2645B46835F9]-cluster]}, ping_response{node [{node_t1}{YucHs-5XRNO-JChWAzIIZg}{127.0.0.1}{127.0.0.1:9441}[mode=>network]], id[345], master [null], hasJoinedOnce [false], cluster_name[TEST-CHILD_VM=[0]-CLUSTER_SEED=[-7449427405447180618]-HASH=[2645B46835F9]-cluster]}, ping_response{node [{node_t0}{MSgO3f-9S-yat_4GxxKW6w}{127.0.0.1}{127.0.0.1:9440}[mode=>network]], id[351], master [null], hasJoinedOnce [false], cluster_name[TEST-CHILD_VM=[0]-CLUSTER_SEED=[-7449427405447180618]-HASH=[2645B46835F9]-cluster]}, ping_response{node [{node_t0}{MSgO3f-9S-yat_4GxxKW6w}{127.0.0.1}{127.0.0.1:9440}[mode=>network]], id[351], master [null], hasJoinedOnce [false], cluster_name[TEST-CHILD_VM=[0]-CLUSTER_SEED=[-7449427405447180618]-HASH=[2645B46835F9]-cluster]}, ping_response{node [{node_t0}{MSgO3f-9S-yat_4GxxKW6w}{127.0.0.1}{127.0.0.1:9440}[mode=>network]], id[351], master [null], hasJoinedOnce [false], cluster_name[TEST-CHILD_VM=[0]-CLUSTER_SEED=[-7449427405447180618]-HASH=[2645B46835F9]-cluster]}, ping_response{node [{node_t1}{YucHs-5XRNO-JChWAzIIZg}{127.0.0.1}{127.0.0.1:9441}[mode=>network]], id[358], master [null], hasJoinedOnce [false], cluster_name[TEST-CHILD_VM=[0]-CLUSTER_SEED=[-7449427405447180618]-HASH=[2645B46835F9]-cluster]}, ping_response{node [{node_t1}{YucHs-5XRNO-JChWAzIIZg}{127.0.0.1}{127.0.0.1:9441}[mode=>network]], id[358], master [null], hasJoinedOnce [false], cluster_name[TEST-CHILD_VM=[0]-CLUSTER_SEED=[-7449427405447180618]-HASH=[2645B46835F9]-cluster]}, ping_response{node [{node_t1}{YucHs-5XRNO-JChWAzIIZg}{127.0.0.1}{127.0.0.1:9441}[mode=>network]], id[358], master [null], hasJoinedOnce [false], cluster_name[TEST-CHILD_VM=[0]-CLUSTER_SEED=[-7449427405447180618]-HASH=[2645B46835F9]-cluster]}, ping_response{node [{node_t1}{YucHs-5XRNO-JChWAzIIZg}{127.0.0.1}{127.0.0.1:9441}[mode=>network]], id[363], master [null], hasJoinedOnce [false], cluster_name[TEST-CHILD_VM=[0]-CLUSTER_SEED=[-7449427405447180618]-HASH=[2645B46835F9]-cluster]}]
[2016-04-18 03:03:34,941][TRACE][org.elasticsearch.discovery.zen.ping.unicast] [node_t1] [1] failed to connect to {#zen_unicast_8#}{::1}{[::1]:9442}
ConnectTransportException[[][[::1]:9442] connect_timeout[30s]]; nested: ConnectException[Connection refused: /0:0:0:0:0:0:0:1:9442];
	at org.elasticsearch.transport.netty.NettyTransport.connectToChannelsLight(NettyTransport.java:954)
	at org.elasticsearch.transport.netty.NettyTransport.connectToNode(NettyTransport.java:918)
	at org.elasticsearch.transport.netty.NettyTransport.connectToNodeLight(NettyTransport.java:890)
	at org.elasticsearch.test.transport.MockTransportService$LookupTestTransport.connectToNodeLight(MockTransportService.java:413)
	at org.elasticsearch.transport.TransportService.connectToNodeLight(TransportService.java:242)
	at org.elasticsearch.discovery.zen.ping.unicast.UnicastZenPing$3.run(UnicastZenPing.java:395)
	at java.util.concurrent.ThreadPoolExecutor.runWorker(ThreadPoolExecutor.java:1142)
	at java.util.concurrent.ThreadPoolExecutor$Worker.run(ThreadPoolExecutor.java:617)
	at java.lang.Thread.run(Thread.java:745)
Caused by: java.net.ConnectException: Connection refused: /0:0:0:0:0:0:0:1:9442
	at sun.nio.ch.SocketChannelImpl.checkConnect(Native Method)
	at sun.nio.ch.SocketChannelImpl.finishConnect(SocketChannelImpl.java:717)
	at org.jboss.netty.channel.socket.nio.NioClientBoss.connect(NioClientBoss.java:152)
	at org.jboss.netty.channel.socket.nio.NioClientBoss.processSelectedKeys(NioClientBoss.java:105)
	at org.jboss.netty.channel.socket.nio.NioClientBoss.process(NioClientBoss.java:79)
	at org.jboss.netty.channel.socket.nio.AbstractNioSelector.run(AbstractNioSelector.java:337)
	at org.jboss.netty.channel.socket.nio.NioClientBoss.run(NioClientBoss.java:42)
	at org.jboss.netty.util.ThreadRenamingRunnable.run(ThreadRenamingRunnable.java:108)
	at org.jboss.netty.util.internal.DeadLockProofWorker$1.run(DeadLockProofWorker.java:42)
	... 3 more
[2016-04-18 03:03:34,943][TRACE][org.elasticsearch.discovery.zen.ping.unicast] [node_t1] [1] received response from {#zen_unicast_11_MSgO3f-9S-yat_4GxxKW6w#}{127.0.0.1}{127.0.0.1:9440}[mode=>network]: [ping_response{node [{node_t0}{MSgO3f-9S-yat_4GxxKW6w}{127.0.0.1}{127.0.0.1:9440}[mode=>network]], id[329], master [null], hasJoinedOnce [false], cluster_name[TEST-CHILD_VM=[0]-CLUSTER_SEED=[-7449427405447180618]-HASH=[2645B46835F9]-cluster]}, ping_response{node [{node_t0}{MSgO3f-9S-yat_4GxxKW6w}{127.0.0.1}{127.0.0.1:9440}[mode=>network]], id[329], master [null], hasJoinedOnce [false], cluster_name[TEST-CHILD_VM=[0]-CLUSTER_SEED=[-7449427405447180618]-HASH=[2645B46835F9]-cluster]}, ping_response{node [{node_t0}{MSgO3f-9S-yat_4GxxKW6w}{127.0.0.1}{127.0.0.1:9440}[mode=>network]], id[329], master [null], hasJoinedOnce [false], cluster_name[TEST-CHILD_VM=[0]-CLUSTER_SEED=[-7449427405447180618]-HASH=[2645B46835F9]-cluster]}, ping_response{node [{node_t0}{MSgO3f-9S-yat_4GxxKW6w}{127.0.0.1}{127.0.0.1:9440}[mode=>network]], id[333], master [null], hasJoinedOnce [false], cluster_name[TEST-CHILD_VM=[0]-CLUSTER_SEED=[-7449427405447180618]-HASH=[2645B46835F9]-cluster]}, ping_response{node [{node_t0}{MSgO3f-9S-yat_4GxxKW6w}{127.0.0.1}{127.0.0.1:9440}[mode=>network]], id[333], master [null], hasJoinedOnce [false], cluster_name[TEST-CHILD_VM=[0]-CLUSTER_SEED=[-7449427405447180618]-HASH=[2645B46835F9]-cluster]}, ping_response{node [{node_t0}{MSgO3f-9S-yat_4GxxKW6w}{127.0.0.1}{127.0.0.1:9440}[mode=>network]], id[333], master [null], hasJoinedOnce [false], cluster_name[TEST-CHILD_VM=[0]-CLUSTER_SEED=[-7449427405447180618]-HASH=[2645B46835F9]-cluster]}, ping_response{node [{node_t0}{MSgO3f-9S-yat_4GxxKW6w}{127.0.0.1}{127.0.0.1:9440}[mode=>network]], id[337], master [null], hasJoinedOnce [false], cluster_name[TEST-CHILD_VM=[0]-CLUSTER_SEED=[-7449427405447180618]-HASH=[2645B46835F9]-cluster]}, ping_response{node [{node_t0}{MSgO3f-9S-yat_4GxxKW6w}{127.0.0.1}{127.0.0.1:9440}[mode=>network]], id[337], master [null], hasJoinedOnce [false], cluster_name[TEST-CHILD_VM=[0]-CLUSTER_SEED=[-7449427405447180618]-HASH=[2645B46835F9]-cluster]}, ping_response{node [{node_t0}{MSgO3f-9S-yat_4GxxKW6w}{127.0.0.1}{127.0.0.1:9440}[mode=>network]], id[337], master [null], hasJoinedOnce [false], cluster_name[TEST-CHILD_VM=[0]-CLUSTER_SEED=[-7449427405447180618]-HASH=[2645B46835F9]-cluster]}, ping_response{node [{node_t0}{MSgO3f-9S-yat_4GxxKW6w}{127.0.0.1}{127.0.0.1:9440}[mode=>network]], id[341], master [null], hasJoinedOnce [false], cluster_name[TEST-CHILD_VM=[0]-CLUSTER_SEED=[-7449427405447180618]-HASH=[2645B46835F9]-cluster]}, ping_response{node [{node_t0}{MSgO3f-9S-yat_4GxxKW6w}{127.0.0.1}{127.0.0.1:9440}[mode=>network]], id[341], master [null], hasJoinedOnce [false], cluster_name[TEST-CHILD_VM=[0]-CLUSTER_SEED=[-7449427405447180618]-HASH=[2645B46835F9]-cluster]}, ping_response{node [{node_t0}{MSgO3f-9S-yat_4GxxKW6w}{127.0.0.1}{127.0.0.1:9440}[mode=>network]], id[341], master [null], hasJoinedOnce [false], cluster_name[TEST-CHILD_VM=[0]-CLUSTER_SEED=[-7449427405447180618]-HASH=[2645B46835F9]-cluster]}, ping_response{node [{node_t1}{YucHs-5XRNO-JChWAzIIZg}{127.0.0.1}{127.0.0.1:9441}[mode=>network]], id[345], master [null], hasJoinedOnce [false], cluster_name[TEST-CHILD_VM=[0]-CLUSTER_SEED=[-7449427405447180618]-HASH=[2645B46835F9]-cluster]}, ping_response{node [{node_t1}{YucHs-5XRNO-JChWAzIIZg}{127.0.0.1}{127.0.0.1:9441}[mode=>network]], id[345], master [null], hasJoinedOnce [false], cluster_name[TEST-CHILD_VM=[0]-CLUSTER_SEED=[-7449427405447180618]-HASH=[2645B46835F9]-cluster]}, ping_response{node [{node_t0}{MSgO3f-9S-yat_4GxxKW6w}{127.0.0.1}{127.0.0.1:9440}[mode=>network]], id[351], master [null], hasJoinedOnce [false], cluster_name[TEST-CHILD_VM=[0]-CLUSTER_SEED=[-7449427405447180618]-HASH=[2645B46835F9]-cluster]}, ping_response{node [{node_t0}{MSgO3f-9S-yat_4GxxKW6w}{127.0.0.1}{127.0.0.1:9440}[mode=>network]], id[351], master [null], hasJoinedOnce [false], cluster_name[TEST-CHILD_VM=[0]-CLUSTER_SEED=[-7449427405447180618]-HASH=[2645B46835F9]-cluster]}, ping_response{node [{node_t0}{MSgO3f-9S-yat_4GxxKW6w}{127.0.0.1}{127.0.0.1:9440}[mode=>network]], id[351], master [null], hasJoinedOnce [false], cluster_name[TEST-CHILD_VM=[0]-CLUSTER_SEED=[-7449427405447180618]-HASH=[2645B46835F9]-cluster]}, ping_response{node [{node_t1}{YucHs-5XRNO-JChWAzIIZg}{127.0.0.1}{127.0.0.1:9441}[mode=>network]], id[358], master [null], hasJoinedOnce [false], cluster_name[TEST-CHILD_VM=[0]-CLUSTER_SEED=[-7449427405447180618]-HASH=[2645B46835F9]-cluster]}, ping_response{node [{node_t1}{YucHs-5XRNO-JChWAzIIZg}{127.0.0.1}{127.0.0.1:9441}[mode=>network]], id[358], master [null], hasJoinedOnce [false], cluster_name[TEST-CHILD_VM=[0]-CLUSTER_SEED=[-7449427405447180618]-HASH=[2645B46835F9]-cluster]}, ping_response{node [{node_t1}{YucHs-5XRNO-JChWAzIIZg}{127.0.0.1}{127.0.0.1:9441}[mode=>network]], id[358], master [null], hasJoinedOnce [false], cluster_name[TEST-CHILD_VM=[0]-CLUSTER_SEED=[-7449427405447180618]-HASH=[2645B46835F9]-cluster]}, ping_response{node [{node_t0}{MSgO3f-9S-yat_4GxxKW6w}{127.0.0.1}{127.0.0.1:9440}[mode=>network]], id[364], master [null], hasJoinedOnce [false], cluster_name[TEST-CHILD_VM=[0]-CLUSTER_SEED=[-7449427405447180618]-HASH=[2645B46835F9]-cluster]}]
[2016-04-18 03:03:35,044][TRACE][org.elasticsearch.discovery.zen.ping.unicast] [node_t1] [1] sending to {#zen_unicast_1#}{127.0.0.1}{127.0.0.1:9440}
[2016-04-18 03:03:35,044][TRACE][org.elasticsearch.discovery.zen.ping.unicast] [node_t1] [1] sending to {node_t1}{YucHs-5XRNO-JChWAzIIZg}{127.0.0.1}{127.0.0.1:9441}[mode=>network]
[2016-04-18 03:03:35,044][TRACE][org.elasticsearch.discovery.zen.ping.unicast] [node_t1] [1] received response from {node_t1}{YucHs-5XRNO-JChWAzIIZg}{127.0.0.1}{127.0.0.1:9441}[mode=>network]: [ping_response{node [{node_t1}{YucHs-5XRNO-JChWAzIIZg}{127.0.0.1}{127.0.0.1:9441}[mode=>network]], id[345], master [null], hasJoinedOnce [false], cluster_name[TEST-CHILD_VM=[0]-CLUSTER_SEED=[-7449427405447180618]-HASH=[2645B46835F9]-cluster]}, ping_response{node [{node_t1}{YucHs-5XRNO-JChWAzIIZg}{127.0.0.1}{127.0.0.1:9441}[mode=>network]], id[345], master [null], hasJoinedOnce [false], cluster_name[TEST-CHILD_VM=[0]-CLUSTER_SEED=[-7449427405447180618]-HASH=[2645B46835F9]-cluster]}, ping_response{node [{node_t1}{YucHs-5XRNO-JChWAzIIZg}{127.0.0.1}{127.0.0.1:9441}[mode=>network]], id[345], master [null], hasJoinedOnce [false], cluster_name[TEST-CHILD_VM=[0]-CLUSTER_SEED=[-7449427405447180618]-HASH=[2645B46835F9]-cluster]}, ping_response{node [{node_t0}{MSgO3f-9S-yat_4GxxKW6w}{127.0.0.1}{127.0.0.1:9440}[mode=>network]], id[351], master [null], hasJoinedOnce [false], cluster_name[TEST-CHILD_VM=[0]-CLUSTER_SEED=[-7449427405447180618]-HASH=[2645B46835F9]-cluster]}, ping_response{node [{node_t0}{MSgO3f-9S-yat_4GxxKW6w}{127.0.0.1}{127.0.0.1:9440}[mode=>network]], id[351], master [null], hasJoinedOnce [false], cluster_name[TEST-CHILD_VM=[0]-CLUSTER_SEED=[-7449427405447180618]-HASH=[2645B46835F9]-cluster]}, ping_response{node [{node_t0}{MSgO3f-9S-yat_4GxxKW6w}{127.0.0.1}{127.0.0.1:9440}[mode=>network]], id[351], master [null], hasJoinedOnce [false], cluster_name[TEST-CHILD_VM=[0]-CLUSTER_SEED=[-7449427405447180618]-HASH=[2645B46835F9]-cluster]}, ping_response{node [{node_t1}{YucHs-5XRNO-JChWAzIIZg}{127.0.0.1}{127.0.0.1:9441}[mode=>network]], id[358], master [null], hasJoinedOnce [false], cluster_name[TEST-CHILD_VM=[0]-CLUSTER_SEED=[-7449427405447180618]-HASH=[2645B46835F9]-cluster]}, ping_response{node [{node_t1}{YucHs-5XRNO-JChWAzIIZg}{127.0.0.1}{127.0.0.1:9441}[mode=>network]], id[358], master [null], hasJoinedOnce [false], cluster_name[TEST-CHILD_VM=[0]-CLUSTER_SEED=[-7449427405447180618]-HASH=[2645B46835F9]-cluster]}, ping_response{node [{node_t1}{YucHs-5XRNO-JChWAzIIZg}{127.0.0.1}{127.0.0.1:9441}[mode=>network]], id[358], master [null], hasJoinedOnce [false], cluster_name[TEST-CHILD_VM=[0]-CLUSTER_SEED=[-7449427405447180618]-HASH=[2645B46835F9]-cluster]}, ping_response{node [{node_t1}{YucHs-5XRNO-JChWAzIIZg}{127.0.0.1}{127.0.0.1:9441}[mode=>network]], id[365], master [null], hasJoinedOnce [false], cluster_name[TEST-CHILD_VM=[0]-CLUSTER_SEED=[-7449427405447180618]-HASH=[2645B46835F9]-cluster]}, ping_response{node [{node_t1}{YucHs-5XRNO-JChWAzIIZg}{127.0.0.1}{127.0.0.1:9441}[mode=>network]], id[366], master [null], hasJoinedOnce [false], cluster_name[TEST-CHILD_VM=[0]-CLUSTER_SEED=[-7449427405447180618]-HASH=[2645B46835F9]-cluster]}]
[2016-04-18 03:03:35,044][TRACE][org.elasticsearch.discovery.zen.ping.unicast] [node_t1] [1] connecting (light) to {#zen_unicast_3#}{127.0.0.1}{127.0.0.1:9442}
[2016-04-18 03:03:35,044][TRACE][org.elasticsearch.discovery.zen.ping.unicast] [node_t1] [1] sending to {#zen_unicast_6#}{::1}{[::1]:9440}
[2016-04-18 03:03:35,044][TRACE][org.elasticsearch.discovery.zen.ping.unicast] [node_t1] [1] connecting (light) to {#zen_unicast_4#}{127.0.0.1}{127.0.0.1:9443}
[2016-04-18 03:03:35,044][TRACE][org.elasticsearch.discovery.zen.ping.unicast] [node_t1] [1] connecting (light) to {#zen_unicast_5#}{127.0.0.1}{127.0.0.1:9444}
[2016-04-18 03:03:35,044][TRACE][org.elasticsearch.discovery.zen.ping.unicast] [node_t1] [1] sending to {#zen_unicast_7#}{::1}{[::1]:9441}
[2016-04-18 03:03:35,044][TRACE][org.elasticsearch.discovery.zen.ping.unicast] [node_t1] [1] received response from {#zen_unicast_1#}{127.0.0.1}{127.0.0.1:9440}: [ping_response{node [{node_t0}{MSgO3f-9S-yat_4GxxKW6w}{127.0.0.1}{127.0.0.1:9440}[mode=>network]], id[333], master [null], hasJoinedOnce [false], cluster_name[TEST-CHILD_VM=[0]-CLUSTER_SEED=[-7449427405447180618]-HASH=[2645B46835F9]-cluster]}, ping_response{node [{node_t0}{MSgO3f-9S-yat_4GxxKW6w}{127.0.0.1}{127.0.0.1:9440}[mode=>network]], id[333], master [null], hasJoinedOnce [false], cluster_name[TEST-CHILD_VM=[0]-CLUSTER_SEED=[-7449427405447180618]-HASH=[2645B46835F9]-cluster]}, ping_response{node [{node_t0}{MSgO3f-9S-yat_4GxxKW6w}{127.0.0.1}{127.0.0.1:9440}[mode=>network]], id[333], master [null], hasJoinedOnce [false], cluster_name[TEST-CHILD_VM=[0]-CLUSTER_SEED=[-7449427405447180618]-HASH=[2645B46835F9]-cluster]}, ping_response{node [{node_t0}{MSgO3f-9S-yat_4GxxKW6w}{127.0.0.1}{127.0.0.1:9440}[mode=>network]], id[337], master [null], hasJoinedOnce [false], cluster_name[TEST-CHILD_VM=[0]-CLUSTER_SEED=[-7449427405447180618]-HASH=[2645B46835F9]-cluster]}, ping_response{node [{node_t0}{MSgO3f-9S-yat_4GxxKW6w}{127.0.0.1}{127.0.0.1:9440}[mode=>network]], id[337], master [null], hasJoinedOnce [false], cluster_name[TEST-CHILD_VM=[0]-CLUSTER_SEED=[-7449427405447180618]-HASH=[2645B46835F9]-cluster]}, ping_response{node [{node_t0}{MSgO3f-9S-yat_4GxxKW6w}{127.0.0.1}{127.0.0.1:9440}[mode=>network]], id[337], master [null], hasJoinedOnce [false], cluster_name[TEST-CHILD_VM=[0]-CLUSTER_SEED=[-7449427405447180618]-HASH=[2645B46835F9]-cluster]}, ping_response{node [{node_t0}{MSgO3f-9S-yat_4GxxKW6w}{127.0.0.1}{127.0.0.1:9440}[mode=>network]], id[341], master [null], hasJoinedOnce [false], cluster_name[TEST-CHILD_VM=[0]-CLUSTER_SEED=[-7449427405447180618]-HASH=[2645B46835F9]-cluster]}, ping_response{node [{node_t0}{MSgO3f-9S-yat_4GxxKW6w}{127.0.0.1}{127.0.0.1:9440}[mode=>network]], id[341], master [null], hasJoinedOnce [false], cluster_name[TEST-CHILD_VM=[0]-CLUSTER_SEED=[-7449427405447180618]-HASH=[2645B46835F9]-cluster]}, ping_response{node [{node_t0}{MSgO3f-9S-yat_4GxxKW6w}{127.0.0.1}{127.0.0.1:9440}[mode=>network]], id[341], master [null], hasJoinedOnce [false], cluster_name[TEST-CHILD_VM=[0]-CLUSTER_SEED=[-7449427405447180618]-HASH=[2645B46835F9]-cluster]}, ping_response{node [{node_t1}{YucHs-5XRNO-JChWAzIIZg}{127.0.0.1}{127.0.0.1:9441}[mode=>network]], id[345], master [null], hasJoinedOnce [false], cluster_name[TEST-CHILD_VM=[0]-CLUSTER_SEED=[-7449427405447180618]-HASH=[2645B46835F9]-cluster]}, ping_response{node [{node_t1}{YucHs-5XRNO-JChWAzIIZg}{127.0.0.1}{127.0.0.1:9441}[mode=>network]], id[345], master [null], hasJoinedOnce [false], cluster_name[TEST-CHILD_VM=[0]-CLUSTER_SEED=[-7449427405447180618]-HASH=[2645B46835F9]-cluster]}, ping_response{node [{node_t0}{MSgO3f-9S-yat_4GxxKW6w}{127.0.0.1}{127.0.0.1:9440}[mode=>network]], id[351], master [null], hasJoinedOnce [false], cluster_name[TEST-CHILD_VM=[0]-CLUSTER_SEED=[-7449427405447180618]-HASH=[2645B46835F9]-cluster]}, ping_response{node [{node_t0}{MSgO3f-9S-yat_4GxxKW6w}{127.0.0.1}{127.0.0.1:9440}[mode=>network]], id[351], master [null], hasJoinedOnce [false], cluster_name[TEST-CHILD_VM=[0]-CLUSTER_SEED=[-7449427405447180618]-HASH=[2645B46835F9]-cluster]}, ping_response{node [{node_t0}{MSgO3f-9S-yat_4GxxKW6w}{127.0.0.1}{127.0.0.1:9440}[mode=>network]], id[351], master [null], hasJoinedOnce [false], cluster_name[TEST-CHILD_VM=[0]-CLUSTER_SEED=[-7449427405447180618]-HASH=[2645B46835F9]-cluster]}, ping_response{node [{node_t1}{YucHs-5XRNO-JChWAzIIZg}{127.0.0.1}{127.0.0.1:9441}[mode=>network]], id[358], master [null], hasJoinedOnce [false], cluster_name[TEST-CHILD_VM=[0]-CLUSTER_SEED=[-7449427405447180618]-HASH=[2645B46835F9]-cluster]}, ping_response{node [{node_t1}{YucHs-5XRNO-JChWAzIIZg}{127.0.0.1}{127.0.0.1:9441}[mode=>network]], id[358], master [null], hasJoinedOnce [false], cluster_name[TEST-CHILD_VM=[0]-CLUSTER_SEED=[-7449427405447180618]-HASH=[2645B46835F9]-cluster]}, ping_response{node [{node_t1}{YucHs-5XRNO-JChWAzIIZg}{127.0.0.1}{127.0.0.1:9441}[mode=>network]], id[358], master [null], hasJoinedOnce [false], cluster_name[TEST-CHILD_VM=[0]-CLUSTER_SEED=[-7449427405447180618]-HASH=[2645B46835F9]-cluster]}, ping_response{node [{node_t1}{YucHs-5XRNO-JChWAzIIZg}{127.0.0.1}{127.0.0.1:9441}[mode=>network]], id[365], master [null], hasJoinedOnce [false], cluster_name[TEST-CHILD_VM=[0]-CLUSTER_SEED=[-7449427405447180618]-HASH=[2645B46835F9]-cluster]}, ping_response{node [{node_t0}{MSgO3f-9S-yat_4GxxKW6w}{127.0.0.1}{127.0.0.1:9440}[mode=>network]], id[367], master [null], hasJoinedOnce [false], cluster_name[TEST-CHILD_VM=[0]-CLUSTER_SEED=[-7449427405447180618]-HASH=[2645B46835F9]-cluster]}]
[2016-04-18 03:03:35,045][TRACE][org.elasticsearch.discovery.zen.ping.unicast] [node_t1] [1] connecting (light) to {#zen_unicast_10#}{::1}{[::1]:9444}
[2016-04-18 03:03:35,045][TRACE][org.elasticsearch.discovery.zen.ping.unicast] [node_t1] [1] connecting (light) to {#zen_unicast_9#}{::1}{[::1]:9443}
[2016-04-18 03:03:35,045][TRACE][org.elasticsearch.discovery.zen.ping.unicast] [node_t1] [1] failed to connect to {#zen_unicast_3#}{127.0.0.1}{127.0.0.1:9442}
ConnectTransportException[[][127.0.0.1:9442] connect_timeout[30s]]; nested: ConnectException[Connection refused: /127.0.0.1:9442];
	at org.elasticsearch.transport.netty.NettyTransport.connectToChannelsLight(NettyTransport.java:954)
	at org.elasticsearch.transport.netty.NettyTransport.connectToNode(NettyTransport.java:918)
	at org.elasticsearch.transport.netty.NettyTransport.connectToNodeLight(NettyTransport.java:890)
	at org.elasticsearch.test.transport.MockTransportService$LookupTestTransport.connectToNodeLight(MockTransportService.java:413)
	at org.elasticsearch.transport.TransportService.connectToNodeLight(TransportService.java:242)
	at org.elasticsearch.discovery.zen.ping.unicast.UnicastZenPing$3.run(UnicastZenPing.java:395)
	at java.util.concurrent.ThreadPoolExecutor.runWorker(ThreadPoolExecutor.java:1142)
	at java.util.concurrent.ThreadPoolExecutor$Worker.run(ThreadPoolExecutor.java:617)
	at java.lang.Thread.run(Thread.java:745)
Caused by: java.net.ConnectException: Connection refused: /127.0.0.1:9442
	at sun.nio.ch.SocketChannelImpl.checkConnect(Native Method)
	at sun.nio.ch.SocketChannelImpl.finishConnect(SocketChannelImpl.java:717)
	at org.jboss.netty.channel.socket.nio.NioClientBoss.connect(NioClientBoss.java:152)
	at org.jboss.netty.channel.socket.nio.NioClientBoss.processSelectedKeys(NioClientBoss.java:105)
	at org.jboss.netty.channel.socket.nio.NioClientBoss.process(NioClientBoss.java:79)
	at org.jboss.netty.channel.socket.nio.AbstractNioSelector.run(AbstractNioSelector.java:337)
	at org.jboss.netty.channel.socket.nio.NioClientBoss.run(NioClientBoss.java:42)
	at org.jboss.netty.util.ThreadRenamingRunnable.run(ThreadRenamingRunnable.java:108)
	at org.jboss.netty.util.internal.DeadLockProofWorker$1.run(DeadLockProofWorker.java:42)
	... 3 more
[2016-04-18 03:03:35,045][TRACE][org.elasticsearch.discovery.zen.ping.unicast] [node_t1] [1] received response from {#zen_unicast_6#}{::1}{[::1]:9440}: [ping_response{node [{node_t0}{MSgO3f-9S-yat_4GxxKW6w}{127.0.0.1}{127.0.0.1:9440}[mode=>network]], id[333], master [null], hasJoinedOnce [false], cluster_name[TEST-CHILD_VM=[0]-CLUSTER_SEED=[-7449427405447180618]-HASH=[2645B46835F9]-cluster]}, ping_response{node [{node_t0}{MSgO3f-9S-yat_4GxxKW6w}{127.0.0.1}{127.0.0.1:9440}[mode=>network]], id[333], master [null], hasJoinedOnce [false], cluster_name[TEST-CHILD_VM=[0]-CLUSTER_SEED=[-7449427405447180618]-HASH=[2645B46835F9]-cluster]}, ping_response{node [{node_t0}{MSgO3f-9S-yat_4GxxKW6w}{127.0.0.1}{127.0.0.1:9440}[mode=>network]], id[333], master [null], hasJoinedOnce [false], cluster_name[TEST-CHILD_VM=[0]-CLUSTER_SEED=[-7449427405447180618]-HASH=[2645B46835F9]-cluster]}, ping_response{node [{node_t0}{MSgO3f-9S-yat_4GxxKW6w}{127.0.0.1}{127.0.0.1:9440}[mode=>network]], id[337], master [null], hasJoinedOnce [false], cluster_name[TEST-CHILD_VM=[0]-CLUSTER_SEED=[-7449427405447180618]-HASH=[2645B46835F9]-cluster]}, ping_response{node [{node_t0}{MSgO3f-9S-yat_4GxxKW6w}{127.0.0.1}{127.0.0.1:9440}[mode=>network]], id[337], master [null], hasJoinedOnce [false], cluster_name[TEST-CHILD_VM=[0]-CLUSTER_SEED=[-7449427405447180618]-HASH=[2645B46835F9]-cluster]}, ping_response{node [{node_t0}{MSgO3f-9S-yat_4GxxKW6w}{127.0.0.1}{127.0.0.1:9440}[mode=>network]], id[337], master [null], hasJoinedOnce [false], cluster_name[TEST-CHILD_VM=[0]-CLUSTER_SEED=[-7449427405447180618]-HASH=[2645B46835F9]-cluster]}, ping_response{node [{node_t0}{MSgO3f-9S-yat_4GxxKW6w}{127.0.0.1}{127.0.0.1:9440}[mode=>network]], id[341], master [null], hasJoinedOnce [false], cluster_name[TEST-CHILD_VM=[0]-CLUSTER_SEED=[-7449427405447180618]-HASH=[2645B46835F9]-cluster]}, ping_response{node [{node_t0}{MSgO3f-9S-yat_4GxxKW6w}{127.0.0.1}{127.0.0.1:9440}[mode=>network]], id[341], master [null], hasJoinedOnce [false], cluster_name[TEST-CHILD_VM=[0]-CLUSTER_SEED=[-7449427405447180618]-HASH=[2645B46835F9]-cluster]}, ping_response{node [{node_t0}{MSgO3f-9S-yat_4GxxKW6w}{127.0.0.1}{127.0.0.1:9440}[mode=>network]], id[341], master [null], hasJoinedOnce [false], cluster_name[TEST-CHILD_VM=[0]-CLUSTER_SEED=[-7449427405447180618]-HASH=[2645B46835F9]-cluster]}, ping_response{node [{node_t1}{YucHs-5XRNO-JChWAzIIZg}{127.0.0.1}{127.0.0.1:9441}[mode=>network]], id[345], master [null], hasJoinedOnce [false], cluster_name[TEST-CHILD_VM=[0]-CLUSTER_SEED=[-7449427405447180618]-HASH=[2645B46835F9]-cluster]}, ping_response{node [{node_t1}{YucHs-5XRNO-JChWAzIIZg}{127.0.0.1}{127.0.0.1:9441}[mode=>network]], id[345], master [null], hasJoinedOnce [false], cluster_name[TEST-CHILD_VM=[0]-CLUSTER_SEED=[-7449427405447180618]-HASH=[2645B46835F9]-cluster]}, ping_response{node [{node_t0}{MSgO3f-9S-yat_4GxxKW6w}{127.0.0.1}{127.0.0.1:9440}[mode=>network]], id[351], master [null], hasJoinedOnce [false], cluster_name[TEST-CHILD_VM=[0]-CLUSTER_SEED=[-7449427405447180618]-HASH=[2645B46835F9]-cluster]}, ping_response{node [{node_t0}{MSgO3f-9S-yat_4GxxKW6w}{127.0.0.1}{127.0.0.1:9440}[mode=>network]], id[351], master [null], hasJoinedOnce [false], cluster_name[TEST-CHILD_VM=[0]-CLUSTER_SEED=[-7449427405447180618]-HASH=[2645B46835F9]-cluster]}, ping_response{node [{node_t0}{MSgO3f-9S-yat_4GxxKW6w}{127.0.0.1}{127.0.0.1:9440}[mode=>network]], id[351], master [null], hasJoinedOnce [false], cluster_name[TEST-CHILD_VM=[0]-CLUSTER_SEED=[-7449427405447180618]-HASH=[2645B46835F9]-cluster]}, ping_response{node [{node_t1}{YucHs-5XRNO-JChWAzIIZg}{127.0.0.1}{127.0.0.1:9441}[mode=>network]], id[358], master [null], hasJoinedOnce [false], cluster_name[TEST-CHILD_VM=[0]-CLUSTER_SEED=[-7449427405447180618]-HASH=[2645B46835F9]-cluster]}, ping_response{node [{node_t1}{YucHs-5XRNO-JChWAzIIZg}{127.0.0.1}{127.0.0.1:9441}[mode=>network]], id[358], master [null], hasJoinedOnce [false], cluster_name[TEST-CHILD_VM=[0]-CLUSTER_SEED=[-7449427405447180618]-HASH=[2645B46835F9]-cluster]}, ping_response{node [{node_t1}{YucHs-5XRNO-JChWAzIIZg}{127.0.0.1}{127.0.0.1:9441}[mode=>network]], id[358], master [null], hasJoinedOnce [false], cluster_name[TEST-CHILD_VM=[0]-CLUSTER_SEED=[-7449427405447180618]-HASH=[2645B46835F9]-cluster]}, ping_response{node [{node_t1}{YucHs-5XRNO-JChWAzIIZg}{127.0.0.1}{127.0.0.1:9441}[mode=>network]], id[365], master [null], hasJoinedOnce [false], cluster_name[TEST-CHILD_VM=[0]-CLUSTER_SEED=[-7449427405447180618]-HASH=[2645B46835F9]-cluster]}, ping_response{node [{node_t1}{YucHs-5XRNO-JChWAzIIZg}{127.0.0.1}{127.0.0.1:9441}[mode=>network]], id[365], master [null], hasJoinedOnce [false], cluster_name[TEST-CHILD_VM=[0]-CLUSTER_SEED=[-7449427405447180618]-HASH=[2645B46835F9]-cluster]}, ping_response{node [{node_t0}{MSgO3f-9S-yat_4GxxKW6w}{127.0.0.1}{127.0.0.1:9440}[mode=>network]], id[369], master [null], hasJoinedOnce [false], cluster_name[TEST-CHILD_VM=[0]-CLUSTER_SEED=[-7449427405447180618]-HASH=[2645B46835F9]-cluster]}]
[2016-04-18 03:03:35,045][TRACE][org.elasticsearch.discovery.zen.ping.unicast] [node_t1] replacing {node_t0}{MSgO3f-9S-yat_4GxxKW6w}{127.0.0.1}{127.0.0.1:9440}[mode=>network] with temp node {#zen_unicast_12_MSgO3f-9S-yat_4GxxKW6w#}{127.0.0.1}{127.0.0.1:9440}[mode=>network]
[2016-04-18 03:03:35,045][TRACE][org.elasticsearch.discovery.zen.ping.unicast] [node_t1] [1] connecting (light) to {#zen_unicast_8#}{::1}{[::1]:9442}
[2016-04-18 03:03:35,046][TRACE][org.elasticsearch.discovery.zen.ping.unicast] [node_t1] [1] connecting (light) to {#zen_unicast_12_MSgO3f-9S-yat_4GxxKW6w#}{127.0.0.1}{127.0.0.1:9440}[mode=>network]
[2016-04-18 03:03:35,046][TRACE][org.elasticsearch.discovery.zen.ping.unicast] [node_t1] [1] sending to {node_t1}{YucHs-5XRNO-JChWAzIIZg}{127.0.0.1}{127.0.0.1:9441}[mode=>network]
[2016-04-18 03:03:35,045][TRACE][org.elasticsearch.discovery.zen.ping.unicast] [node_t1] [1] failed to connect to {#zen_unicast_9#}{::1}{[::1]:9443}
ConnectTransportException[[][[::1]:9443] connect_timeout[30s]]; nested: ConnectException[Connection refused: /0:0:0:0:0:0:0:1:9443];
	at org.elasticsearch.transport.netty.NettyTransport.connectToChannelsLight(NettyTransport.java:954)
	at org.elasticsearch.transport.netty.NettyTransport.connectToNode(NettyTransport.java:918)
	at org.elasticsearch.transport.netty.NettyTransport.connectToNodeLight(NettyTransport.java:890)
	at org.elasticsearch.test.transport.MockTransportService$LookupTestTransport.connectToNodeLight(MockTransportService.java:413)
	at org.elasticsearch.transport.TransportService.connectToNodeLight(TransportService.java:242)
	at org.elasticsearch.discovery.zen.ping.unicast.UnicastZenPing$3.run(UnicastZenPing.java:395)
	at java.util.concurrent.ThreadPoolExecutor.runWorker(ThreadPoolExecutor.java:1142)
	at java.util.concurrent.ThreadPoolExecutor$Worker.run(ThreadPoolExecutor.java:617)
	at java.lang.Thread.run(Thread.java:745)
Caused by: java.net.ConnectException: Connection refused: /0:0:0:0:0:0:0:1:9443
	at sun.nio.ch.SocketChannelImpl.checkConnect(Native Method)
	at sun.nio.ch.SocketChannelImpl.finishConnect(SocketChannelImpl.java:717)
	at org.jboss.netty.channel.socket.nio.NioClientBoss.connect(NioClientBoss.java:152)
	at org.jboss.netty.channel.socket.nio.NioClientBoss.processSelectedKeys(NioClientBoss.java:105)
	at org.jboss.netty.channel.socket.nio.NioClientBoss.process(NioClientBoss.java:79)
	at org.jboss.netty.channel.socket.nio.AbstractNioSelector.run(AbstractNioSelector.java:337)
	at org.jboss.netty.channel.socket.nio.NioClientBoss.run(NioClientBoss.java:42)
	at org.jboss.netty.util.ThreadRenamingRunnable.run(ThreadRenamingRunnable.java:108)
	at org.jboss.netty.util.internal.DeadLockProofWorker$1.run(DeadLockProofWorker.java:42)
	... 3 more
[2016-04-18 03:03:35,045][TRACE][org.elasticsearch.discovery.zen.ping.unicast] [node_t1] [1] failed to connect to {#zen_unicast_10#}{::1}{[::1]:9444}
ConnectTransportException[[][[::1]:9444] connect_timeout[30s]]; nested: ConnectException[Connection refused: /0:0:0:0:0:0:0:1:9444];
	at org.elasticsearch.transport.netty.NettyTransport.connectToChannelsLight(NettyTransport.java:954)
	at org.elasticsearch.transport.netty.NettyTransport.connectToNode(NettyTransport.java:918)
	at org.elasticsearch.transport.netty.NettyTransport.connectToNodeLight(NettyTransport.java:890)
	at org.elasticsearch.test.transport.MockTransportService$LookupTestTransport.connectToNodeLight(MockTransportService.java:413)
	at org.elasticsearch.transport.TransportService.connectToNodeLight(TransportService.java:242)
	at org.elasticsearch.discovery.zen.ping.unicast.UnicastZenPing$3.run(UnicastZenPing.java:395)
	at java.util.concurrent.ThreadPoolExecutor.runWorker(ThreadPoolExecutor.java:1142)
	at java.util.concurrent.ThreadPoolExecutor$Worker.run(ThreadPoolExecutor.java:617)
	at java.lang.Thread.run(Thread.java:745)
Caused by: java.net.ConnectException: Connection refused: /0:0:0:0:0:0:0:1:9444
	at sun.nio.ch.SocketChannelImpl.checkConnect(Native Method)
	at sun.nio.ch.SocketChannelImpl.finishConnect(SocketChannelImpl.java:717)
	at org.jboss.netty.channel.socket.nio.NioClientBoss.connect(NioClientBoss.java:152)
	at org.jboss.netty.channel.socket.nio.NioClientBoss.processSelectedKeys(NioClientBoss.java:105)
	at org.jboss.netty.channel.socket.nio.NioClientBoss.process(NioClientBoss.java:79)
	at org.jboss.netty.channel.socket.nio.AbstractNioSelector.run(AbstractNioSelector.java:337)
	at org.jboss.netty.channel.socket.nio.NioClientBoss.run(NioClientBoss.java:42)
	at org.jboss.netty.util.ThreadRenamingRunnable.run(ThreadRenamingRunnable.java:108)
	at org.jboss.netty.util.internal.DeadLockProofWorker$1.run(DeadLockProofWorker.java:42)
	... 3 more
[2016-04-18 03:03:35,045][TRACE][org.elasticsearch.discovery.zen.ping.unicast] [node_t1] [1] failed to connect to {#zen_unicast_4#}{127.0.0.1}{127.0.0.1:9443}
ConnectTransportException[[][127.0.0.1:9443] connect_timeout[30s]]; nested: ConnectException[Connection refused: /127.0.0.1:9443];
	at org.elasticsearch.transport.netty.NettyTransport.connectToChannelsLight(NettyTransport.java:954)
	at org.elasticsearch.transport.netty.NettyTransport.connectToNode(NettyTransport.java:918)
	at org.elasticsearch.transport.netty.NettyTransport.connectToNodeLight(NettyTransport.java:890)
	at org.elasticsearch.test.transport.MockTransportService$LookupTestTransport.connectToNodeLight(MockTransportService.java:413)
	at org.elasticsearch.transport.TransportService.connectToNodeLight(TransportService.java:242)
	at org.elasticsearch.discovery.zen.ping.unicast.UnicastZenPing$3.run(UnicastZenPing.java:395)
	at java.util.concurrent.ThreadPoolExecutor.runWorker(ThreadPoolExecutor.java:1142)
	at java.util.concurrent.ThreadPoolExecutor$Worker.run(ThreadPoolExecutor.java:617)
	at java.lang.Thread.run(Thread.java:745)
Caused by: java.net.ConnectException: Connection refused: /127.0.0.1:9443
	at sun.nio.ch.SocketChannelImpl.checkConnect(Native Method)
	at sun.nio.ch.SocketChannelImpl.finishConnect(SocketChannelImpl.java:717)
	at org.jboss.netty.channel.socket.nio.NioClientBoss.connect(NioClientBoss.java:152)
	at org.jboss.netty.channel.socket.nio.NioClientBoss.processSelectedKeys(NioClientBoss.java:105)
	at org.jboss.netty.channel.socket.nio.NioClientBoss.process(NioClientBoss.java:79)
	at org.jboss.netty.channel.socket.nio.AbstractNioSelector.run(AbstractNioSelector.java:337)
	at org.jboss.netty.channel.socket.nio.NioClientBoss.run(NioClientBoss.java:42)
	at org.jboss.netty.util.ThreadRenamingRunnable.run(ThreadRenamingRunnable.java:108)
	at org.jboss.netty.util.internal.DeadLockProofWorker$1.run(DeadLockProofWorker.java:42)
	... 3 more
[2016-04-18 03:03:35,045][TRACE][org.elasticsearch.discovery.zen.ping.unicast] [node_t1] [1] failed to connect to {#zen_unicast_5#}{127.0.0.1}{127.0.0.1:9444}
ConnectTransportException[[][127.0.0.1:9444] connect_timeout[30s]]; nested: ConnectException[Connection refused: /127.0.0.1:9444];
	at org.elasticsearch.transport.netty.NettyTransport.connectToChannelsLight(NettyTransport.java:954)
	at org.elasticsearch.transport.netty.NettyTransport.connectToNode(NettyTransport.java:918)
	at org.elasticsearch.transport.netty.NettyTransport.connectToNodeLight(NettyTransport.java:890)
	at org.elasticsearch.test.transport.MockTransportService$LookupTestTransport.connectToNodeLight(MockTransportService.java:413)
	at org.elasticsearch.transport.TransportService.connectToNodeLight(TransportService.java:242)
	at org.elasticsearch.discovery.zen.ping.unicast.UnicastZenPing$3.run(UnicastZenPing.java:395)
	at java.util.concurrent.ThreadPoolExecutor.runWorker(ThreadPoolExecutor.java:1142)
	at java.util.concurrent.ThreadPoolExecutor$Worker.run(ThreadPoolExecutor.java:617)
	at java.lang.Thread.run(Thread.java:745)
Caused by: java.net.ConnectException: Connection refused: /127.0.0.1:9444
	at sun.nio.ch.SocketChannelImpl.checkConnect(Native Method)
	at sun.nio.ch.SocketChannelImpl.finishConnect(SocketChannelImpl.java:717)
	at org.jboss.netty.channel.socket.nio.NioClientBoss.connect(NioClientBoss.java:152)
	at org.jboss.netty.channel.socket.nio.NioClientBoss.processSelectedKeys(NioClientBoss.java:105)
	at org.jboss.netty.channel.socket.nio.NioClientBoss.process(NioClientBoss.java:79)
	at org.jboss.netty.channel.socket.nio.AbstractNioSelector.run(AbstractNioSelector.java:337)
	at org.jboss.netty.channel.socket.nio.NioClientBoss.run(NioClientBoss.java:42)
	at org.jboss.netty.util.ThreadRenamingRunnable.run(ThreadRenamingRunnable.java:108)
	at org.jboss.netty.util.internal.DeadLockProofWorker$1.run(DeadLockProofWorker.java:42)
	... 3 more
[2016-04-18 03:03:35,045][TRACE][org.elasticsearch.discovery.zen.ping.unicast] [node_t1] [1] received response from {#zen_unicast_7#}{::1}{[::1]:9441}: [ping_response{node [{node_t1}{YucHs-5XRNO-JChWAzIIZg}{127.0.0.1}{127.0.0.1:9441}[mode=>network]], id[345], master [null], hasJoinedOnce [false], cluster_name[TEST-CHILD_VM=[0]-CLUSTER_SEED=[-7449427405447180618]-HASH=[2645B46835F9]-cluster]}, ping_response{node [{node_t1}{YucHs-5XRNO-JChWAzIIZg}{127.0.0.1}{127.0.0.1:9441}[mode=>network]], id[345], master [null], hasJoinedOnce [false], cluster_name[TEST-CHILD_VM=[0]-CLUSTER_SEED=[-7449427405447180618]-HASH=[2645B46835F9]-cluster]}, ping_response{node [{node_t1}{YucHs-5XRNO-JChWAzIIZg}{127.0.0.1}{127.0.0.1:9441}[mode=>network]], id[345], master [null], hasJoinedOnce [false], cluster_name[TEST-CHILD_VM=[0]-CLUSTER_SEED=[-7449427405447180618]-HASH=[2645B46835F9]-cluster]}, ping_response{node [{node_t0}{MSgO3f-9S-yat_4GxxKW6w}{127.0.0.1}{127.0.0.1:9440}[mode=>network]], id[351], master [null], hasJoinedOnce [false], cluster_name[TEST-CHILD_VM=[0]-CLUSTER_SEED=[-7449427405447180618]-HASH=[2645B46835F9]-cluster]}, ping_response{node [{node_t0}{MSgO3f-9S-yat_4GxxKW6w}{127.0.0.1}{127.0.0.1:9440}[mode=>network]], id[351], master [null], hasJoinedOnce [false], cluster_name[TEST-CHILD_VM=[0]-CLUSTER_SEED=[-7449427405447180618]-HASH=[2645B46835F9]-cluster]}, ping_response{node [{node_t0}{MSgO3f-9S-yat_4GxxKW6w}{127.0.0.1}{127.0.0.1:9440}[mode=>network]], id[351], master [null], hasJoinedOnce [false], cluster_name[TEST-CHILD_VM=[0]-CLUSTER_SEED=[-7449427405447180618]-HASH=[2645B46835F9]-cluster]}, ping_response{node [{node_t1}{YucHs-5XRNO-JChWAzIIZg}{127.0.0.1}{127.0.0.1:9441}[mode=>network]], id[358], master [null], hasJoinedOnce [false], cluster_name[TEST-CHILD_VM=[0]-CLUSTER_SEED=[-7449427405447180618]-HASH=[2645B46835F9]-cluster]}, ping_response{node [{node_t1}{YucHs-5XRNO-JChWAzIIZg}{127.0.0.1}{127.0.0.1:9441}[mode=>network]], id[358], master [null], hasJoinedOnce [false], cluster_name[TEST-CHILD_VM=[0]-CLUSTER_SEED=[-7449427405447180618]-HASH=[2645B46835F9]-cluster]}, ping_response{node [{node_t1}{YucHs-5XRNO-JChWAzIIZg}{127.0.0.1}{127.0.0.1:9441}[mode=>network]], id[358], master [null], hasJoinedOnce [false], cluster_name[TEST-CHILD_VM=[0]-CLUSTER_SEED=[-7449427405447180618]-HASH=[2645B46835F9]-cluster]}, ping_response{node [{node_t1}{YucHs-5XRNO-JChWAzIIZg}{127.0.0.1}{127.0.0.1:9441}[mode=>network]], id[365], master [null], hasJoinedOnce [false], cluster_name[TEST-CHILD_VM=[0]-CLUSTER_SEED=[-7449427405447180618]-HASH=[2645B46835F9]-cluster]}, ping_response{node [{node_t1}{YucHs-5XRNO-JChWAzIIZg}{127.0.0.1}{127.0.0.1:9441}[mode=>network]], id[365], master [null], hasJoinedOnce [false], cluster_name[TEST-CHILD_VM=[0]-CLUSTER_SEED=[-7449427405447180618]-HASH=[2645B46835F9]-cluster]}, ping_response{node [{node_t1}{YucHs-5XRNO-JChWAzIIZg}{127.0.0.1}{127.0.0.1:9441}[mode=>network]], id[368], master [null], hasJoinedOnce [false], cluster_name[TEST-CHILD_VM=[0]-CLUSTER_SEED=[-7449427405447180618]-HASH=[2645B46835F9]-cluster]}]
[2016-04-18 03:03:35,046][TRACE][org.elasticsearch.discovery.zen.ping.unicast] [node_t1] [1] connected to {node_t0}{MSgO3f-9S-yat_4GxxKW6w}{127.0.0.1}{127.0.0.1:9440}[mode=>network]
[2016-04-18 03:03:35,047][TRACE][org.elasticsearch.discovery.zen.ping.unicast] [node_t1] [1] sending to {#zen_unicast_12_MSgO3f-9S-yat_4GxxKW6w#}{127.0.0.1}{127.0.0.1:9440}[mode=>network]
[2016-04-18 03:03:35,046][TRACE][org.elasticsearch.discovery.zen.ping.unicast] [node_t1] [1] failed to connect to {#zen_unicast_8#}{::1}{[::1]:9442}
ConnectTransportException[[][[::1]:9442] connect_timeout[30s]]; nested: ConnectException[Connection refused: /0:0:0:0:0:0:0:1:9442];
	at org.elasticsearch.transport.netty.NettyTransport.connectToChannelsLight(NettyTransport.java:954)
	at org.elasticsearch.transport.netty.NettyTransport.connectToNode(NettyTransport.java:918)
	at org.elasticsearch.transport.netty.NettyTransport.connectToNodeLight(NettyTransport.java:890)
	at org.elasticsearch.test.transport.MockTransportService$LookupTestTransport.connectToNodeLight(MockTransportService.java:413)
	at org.elasticsearch.transport.TransportService.connectToNodeLight(TransportService.java:242)
	at org.elasticsearch.discovery.zen.ping.unicast.UnicastZenPing$3.run(UnicastZenPing.java:395)
	at java.util.concurrent.ThreadPoolExecutor.runWorker(ThreadPoolExecutor.java:1142)
	at java.util.concurrent.ThreadPoolExecutor$Worker.run(ThreadPoolExecutor.java:617)
	at java.lang.Thread.run(Thread.java:745)
Caused by: java.net.ConnectException: Connection refused: /0:0:0:0:0:0:0:1:9442
	at sun.nio.ch.SocketChannelImpl.checkConnect(Native Method)
	at sun.nio.ch.SocketChannelImpl.finishConnect(SocketChannelImpl.java:717)
	at org.jboss.netty.channel.socket.nio.NioClientBoss.connect(NioClientBoss.java:152)
	at org.jboss.netty.channel.socket.nio.NioClientBoss.processSelectedKeys(NioClientBoss.java:105)
	at org.jboss.netty.channel.socket.nio.NioClientBoss.process(NioClientBoss.java:79)
	at org.jboss.netty.channel.socket.nio.AbstractNioSelector.run(AbstractNioSelector.java:337)
	at org.jboss.netty.channel.socket.nio.NioClientBoss.run(NioClientBoss.java:42)
	at org.jboss.netty.util.ThreadRenamingRunnable.run(ThreadRenamingRunnable.java:108)
	at org.jboss.netty.util.internal.DeadLockProofWorker$1.run(DeadLockProofWorker.java:42)
	... 3 more
[2016-04-18 03:03:35,046][TRACE][org.elasticsearch.discovery.zen.ping.unicast] [node_t1] [1] received response from {node_t1}{YucHs-5XRNO-JChWAzIIZg}{127.0.0.1}{127.0.0.1:9441}[mode=>network]: [ping_response{node [{node_t1}{YucHs-5XRNO-JChWAzIIZg}{127.0.0.1}{127.0.0.1:9441}[mode=>network]], id[345], master [null], hasJoinedOnce [false], cluster_name[TEST-CHILD_VM=[0]-CLUSTER_SEED=[-7449427405447180618]-HASH=[2645B46835F9]-cluster]}, ping_response{node [{node_t1}{YucHs-5XRNO-JChWAzIIZg}{127.0.0.1}{127.0.0.1:9441}[mode=>network]], id[345], master [null], hasJoinedOnce [false], cluster_name[TEST-CHILD_VM=[0]-CLUSTER_SEED=[-7449427405447180618]-HASH=[2645B46835F9]-cluster]}, ping_response{node [{node_t1}{YucHs-5XRNO-JChWAzIIZg}{127.0.0.1}{127.0.0.1:9441}[mode=>network]], id[345], master [null], hasJoinedOnce [false], cluster_name[TEST-CHILD_VM=[0]-CLUSTER_SEED=[-7449427405447180618]-HASH=[2645B46835F9]-cluster]}, ping_response{node [{node_t0}{MSgO3f-9S-yat_4GxxKW6w}{127.0.0.1}{127.0.0.1:9440}[mode=>network]], id[351], master [null], hasJoinedOnce [false], cluster_name[TEST-CHILD_VM=[0]-CLUSTER_SEED=[-7449427405447180618]-HASH=[2645B46835F9]-cluster]}, ping_response{node [{node_t0}{MSgO3f-9S-yat_4GxxKW6w}{127.0.0.1}{127.0.0.1:9440}[mode=>network]], id[351], master [null], hasJoinedOnce [false], cluster_name[TEST-CHILD_VM=[0]-CLUSTER_SEED=[-7449427405447180618]-HASH=[2645B46835F9]-cluster]}, ping_response{node [{node_t0}{MSgO3f-9S-yat_4GxxKW6w}{127.0.0.1}{127.0.0.1:9440}[mode=>network]], id[351], master [null], hasJoinedOnce [false], cluster_name[TEST-CHILD_VM=[0]-CLUSTER_SEED=[-7449427405447180618]-HASH=[2645B46835F9]-cluster]}, ping_response{node [{node_t1}{YucHs-5XRNO-JChWAzIIZg}{127.0.0.1}{127.0.0.1:9441}[mode=>network]], id[358], master [null], hasJoinedOnce [false], cluster_name[TEST-CHILD_VM=[0]-CLUSTER_SEED=[-7449427405447180618]-HASH=[2645B46835F9]-cluster]}, ping_response{node [{node_t1}{YucHs-5XRNO-JChWAzIIZg}{127.0.0.1}{127.0.0.1:9441}[mode=>network]], id[358], master [null], hasJoinedOnce [false], cluster_name[TEST-CHILD_VM=[0]-CLUSTER_SEED=[-7449427405447180618]-HASH=[2645B46835F9]-cluster]}, ping_response{node [{node_t1}{YucHs-5XRNO-JChWAzIIZg}{127.0.0.1}{127.0.0.1:9441}[mode=>network]], id[358], master [null], hasJoinedOnce [false], cluster_name[TEST-CHILD_VM=[0]-CLUSTER_SEED=[-7449427405447180618]-HASH=[2645B46835F9]-cluster]}, ping_response{node [{node_t1}{YucHs-5XRNO-JChWAzIIZg}{127.0.0.1}{127.0.0.1:9441}[mode=>network]], id[365], master [null], hasJoinedOnce [false], cluster_name[TEST-CHILD_VM=[0]-CLUSTER_SEED=[-7449427405447180618]-HASH=[2645B46835F9]-cluster]}, ping_response{node [{node_t1}{YucHs-5XRNO-JChWAzIIZg}{127.0.0.1}{127.0.0.1:9441}[mode=>network]], id[365], master [null], hasJoinedOnce [false], cluster_name[TEST-CHILD_VM=[0]-CLUSTER_SEED=[-7449427405447180618]-HASH=[2645B46835F9]-cluster]}, ping_response{node [{node_t1}{YucHs-5XRNO-JChWAzIIZg}{127.0.0.1}{127.0.0.1:9441}[mode=>network]], id[365], master [null], hasJoinedOnce [false], cluster_name[TEST-CHILD_VM=[0]-CLUSTER_SEED=[-7449427405447180618]-HASH=[2645B46835F9]-cluster]}, ping_response{node [{node_t1}{YucHs-5XRNO-JChWAzIIZg}{127.0.0.1}{127.0.0.1:9441}[mode=>network]], id[370], master [null], hasJoinedOnce [false], cluster_name[TEST-CHILD_VM=[0]-CLUSTER_SEED=[-7449427405447180618]-HASH=[2645B46835F9]-cluster]}]
[2016-04-18 03:03:35,047][TRACE][org.elasticsearch.discovery.zen.ping.unicast] [node_t1] [1] received response from {#zen_unicast_12_MSgO3f-9S-yat_4GxxKW6w#}{127.0.0.1}{127.0.0.1:9440}[mode=>network]: [ping_response{node [{node_t0}{MSgO3f-9S-yat_4GxxKW6w}{127.0.0.1}{127.0.0.1:9440}[mode=>network]], id[333], master [null], hasJoinedOnce [false], cluster_name[TEST-CHILD_VM=[0]-CLUSTER_SEED=[-7449427405447180618]-HASH=[2645B46835F9]-cluster]}, ping_response{node [{node_t0}{MSgO3f-9S-yat_4GxxKW6w}{127.0.0.1}{127.0.0.1:9440}[mode=>network]], id[333], master [null], hasJoinedOnce [false], cluster_name[TEST-CHILD_VM=[0]-CLUSTER_SEED=[-7449427405447180618]-HASH=[2645B46835F9]-cluster]}, ping_response{node [{node_t0}{MSgO3f-9S-yat_4GxxKW6w}{127.0.0.1}{127.0.0.1:9440}[mode=>network]], id[333], master [null], hasJoinedOnce [false], cluster_name[TEST-CHILD_VM=[0]-CLUSTER_SEED=[-7449427405447180618]-HASH=[2645B46835F9]-cluster]}, ping_response{node [{node_t0}{MSgO3f-9S-yat_4GxxKW6w}{127.0.0.1}{127.0.0.1:9440}[mode=>network]], id[337], master [null], hasJoinedOnce [false], cluster_name[TEST-CHILD_VM=[0]-CLUSTER_SEED=[-7449427405447180618]-HASH=[2645B46835F9]-cluster]}, ping_response{node [{node_t0}{MSgO3f-9S-yat_4GxxKW6w}{127.0.0.1}{127.0.0.1:9440}[mode=>network]], id[337], master [null], hasJoinedOnce [false], cluster_name[TEST-CHILD_VM=[0]-CLUSTER_SEED=[-7449427405447180618]-HASH=[2645B46835F9]-cluster]}, ping_response{node [{node_t0}{MSgO3f-9S-yat_4GxxKW6w}{127.0.0.1}{127.0.0.1:9440}[mode=>network]], id[337], master [null], hasJoinedOnce [false], cluster_name[TEST-CHILD_VM=[0]-CLUSTER_SEED=[-7449427405447180618]-HASH=[2645B46835F9]-cluster]}, ping_response{node [{node_t0}{MSgO3f-9S-yat_4GxxKW6w}{127.0.0.1}{127.0.0.1:9440}[mode=>network]], id[341], master [null], hasJoinedOnce [false], cluster_name[TEST-CHILD_VM=[0]-CLUSTER_SEED=[-7449427405447180618]-HASH=[2645B46835F9]-cluster]}, ping_response{node [{node_t0}{MSgO3f-9S-yat_4GxxKW6w}{127.0.0.1}{127.0.0.1:9440}[mode=>network]], id[341], master [null], hasJoinedOnce [false], cluster_name[TEST-CHILD_VM=[0]-CLUSTER_SEED=[-7449427405447180618]-HASH=[2645B46835F9]-cluster]}, ping_response{node [{node_t0}{MSgO3f-9S-yat_4GxxKW6w}{127.0.0.1}{127.0.0.1:9440}[mode=>network]], id[341], master [null], hasJoinedOnce [false], cluster_name[TEST-CHILD_VM=[0]-CLUSTER_SEED=[-7449427405447180618]-HASH=[2645B46835F9]-cluster]}, ping_response{node [{node_t1}{YucHs-5XRNO-JChWAzIIZg}{127.0.0.1}{127.0.0.1:9441}[mode=>network]], id[345], master [null], hasJoinedOnce [false], cluster_name[TEST-CHILD_VM=[0]-CLUSTER_SEED=[-7449427405447180618]-HASH=[2645B46835F9]-cluster]}, ping_response{node [{node_t1}{YucHs-5XRNO-JChWAzIIZg}{127.0.0.1}{127.0.0.1:9441}[mode=>network]], id[345], master [null], hasJoinedOnce [false], cluster_name[TEST-CHILD_VM=[0]-CLUSTER_SEED=[-7449427405447180618]-HASH=[2645B46835F9]-cluster]}, ping_response{node [{node_t0}{MSgO3f-9S-yat_4GxxKW6w}{127.0.0.1}{127.0.0.1:9440}[mode=>network]], id[351], master [null], hasJoinedOnce [false], cluster_name[TEST-CHILD_VM=[0]-CLUSTER_SEED=[-7449427405447180618]-HASH=[2645B46835F9]-cluster]}, ping_response{node [{node_t0}{MSgO3f-9S-yat_4GxxKW6w}{127.0.0.1}{127.0.0.1:9440}[mode=>network]], id[351], master [null], hasJoinedOnce [false], cluster_name[TEST-CHILD_VM=[0]-CLUSTER_SEED=[-7449427405447180618]-HASH=[2645B46835F9]-cluster]}, ping_response{node [{node_t0}{MSgO3f-9S-yat_4GxxKW6w}{127.0.0.1}{127.0.0.1:9440}[mode=>network]], id[351], master [null], hasJoinedOnce [false], cluster_name[TEST-CHILD_VM=[0]-CLUSTER_SEED=[-7449427405447180618]-HASH=[2645B46835F9]-cluster]}, ping_response{node [{node_t1}{YucHs-5XRNO-JChWAzIIZg}{127.0.0.1}{127.0.0.1:9441}[mode=>network]], id[358], master [null], hasJoinedOnce [false], cluster_name[TEST-CHILD_VM=[0]-CLUSTER_SEED=[-7449427405447180618]-HASH=[2645B46835F9]-cluster]}, ping_response{node [{node_t1}{YucHs-5XRNO-JChWAzIIZg}{127.0.0.1}{127.0.0.1:9441}[mode=>network]], id[358], master [null], hasJoinedOnce [false], cluster_name[TEST-CHILD_VM=[0]-CLUSTER_SEED=[-7449427405447180618]-HASH=[2645B46835F9]-cluster]}, ping_response{node [{node_t1}{YucHs-5XRNO-JChWAzIIZg}{127.0.0.1}{127.0.0.1:9441}[mode=>network]], id[358], master [null], hasJoinedOnce [false], cluster_name[TEST-CHILD_VM=[0]-CLUSTER_SEED=[-7449427405447180618]-HASH=[2645B46835F9]-cluster]}, ping_response{node [{node_t1}{YucHs-5XRNO-JChWAzIIZg}{127.0.0.1}{127.0.0.1:9441}[mode=>network]], id[365], master [null], hasJoinedOnce [false], cluster_name[TEST-CHILD_VM=[0]-CLUSTER_SEED=[-7449427405447180618]-HASH=[2645B46835F9]-cluster]}, ping_response{node [{node_t1}{YucHs-5XRNO-JChWAzIIZg}{127.0.0.1}{127.0.0.1:9441}[mode=>network]], id[365], master [null], hasJoinedOnce [false], cluster_name[TEST-CHILD_VM=[0]-CLUSTER_SEED=[-7449427405447180618]-HASH=[2645B46835F9]-cluster]}, ping_response{node [{node_t1}{YucHs-5XRNO-JChWAzIIZg}{127.0.0.1}{127.0.0.1:9441}[mode=>network]], id[365], master [null], hasJoinedOnce [false], cluster_name[TEST-CHILD_VM=[0]-CLUSTER_SEED=[-7449427405447180618]-HASH=[2645B46835F9]-cluster]}, ping_response{node [{node_t0}{MSgO3f-9S-yat_4GxxKW6w}{127.0.0.1}{127.0.0.1:9440}[mode=>network]], id[371], master [null], hasJoinedOnce [false], cluster_name[TEST-CHILD_VM=[0]-CLUSTER_SEED=[-7449427405447180618]-HASH=[2645B46835F9]-cluster]}]
[2016-04-18 03:03:35,048][TRACE][org.elasticsearch.discovery.zen.ping.unicast] [node_t1] [1] disconnecting from {#zen_unicast_1#}{127.0.0.1}{127.0.0.1:9440}
[2016-04-18 03:03:35,048][TRACE][org.elasticsearch.discovery.zen] [node_t1] full ping responses:
	--> ping_response{node [{node_t0}{MSgO3f-9S-yat_4GxxKW6w}{127.0.0.1}{127.0.0.1:9440}[mode=>network]], id[371], master [null], hasJoinedOnce [false], cluster_name[TEST-CHILD_VM=[0]-CLUSTER_SEED=[-7449427405447180618]-HASH=[2645B46835F9]-cluster]}
[2016-04-18 03:03:35,048][DEBUG][org.elasticsearch.discovery.zen] [node_t1] filtered ping responses: (filter_client[true], filter_data[false])
	--> ping_response{node [{node_t0}{MSgO3f-9S-yat_4GxxKW6w}{127.0.0.1}{127.0.0.1:9440}[mode=>network]], id[371], master [null], hasJoinedOnce [false], cluster_name[TEST-CHILD_VM=[0]-CLUSTER_SEED=[-7449427405447180618]-HASH=[2645B46835F9]-cluster]}
[2016-04-18 03:03:35,048][TRACE][org.elasticsearch.discovery.zen.ping.unicast] [node_t1] [1] disconnecting from {#zen_unicast_12_MSgO3f-9S-yat_4GxxKW6w#}{127.0.0.1}{127.0.0.1:9440}[mode=>network]
[2016-04-18 03:03:35,048][TRACE][org.elasticsearch.discovery.zen] [node_t1] stopping join accumulation ([not master])
[2016-04-18 03:03:35,048][TRACE][org.elasticsearch.discovery.zen.ping.unicast] [node_t1] [1] disconnecting from {#zen_unicast_11_MSgO3f-9S-yat_4GxxKW6w#}{127.0.0.1}{127.0.0.1:9440}[mode=>network]
[2016-04-18 03:03:35,048][TRACE][org.elasticsearch.discovery.zen.ping.unicast] [node_t1] [1] disconnecting from {#zen_unicast_6#}{::1}{[::1]:9440}
[2016-04-18 03:03:35,048][TRACE][org.elasticsearch.discovery.zen.ping.unicast] [node_t1] [1] disconnecting from {#zen_unicast_5#}{127.0.0.1}{127.0.0.1:9444}
[2016-04-18 03:03:35,048][TRACE][org.elasticsearch.discovery.zen.ping.unicast] [node_t1] [1] disconnecting from {#zen_unicast_4#}{127.0.0.1}{127.0.0.1:9443}
[2016-04-18 03:03:35,048][TRACE][org.elasticsearch.discovery.zen.ping.unicast] [node_t1] [1] disconnecting from {#zen_unicast_3#}{127.0.0.1}{127.0.0.1:9442}
[2016-04-18 03:03:35,048][TRACE][org.elasticsearch.discovery.zen.ping.unicast] [node_t1] [1] disconnecting from {#zen_unicast_10#}{::1}{[::1]:9444}
[2016-04-18 03:03:35,048][TRACE][org.elasticsearch.discovery.zen.ping.unicast] [node_t1] [1] disconnecting from {#zen_unicast_9#}{::1}{[::1]:9443}
[2016-04-18 03:03:35,048][TRACE][org.elasticsearch.discovery.zen.ping.unicast] [node_t1] [1] disconnecting from {#zen_unicast_8#}{::1}{[::1]:9442}
[2016-04-18 03:03:35,048][TRACE][org.elasticsearch.discovery.zen.ping.unicast] [node_t1] [1] disconnecting from {#zen_unicast_7#}{::1}{[::1]:9441}
[2016-04-18 03:03:35,049][TRACE][org.elasticsearch.discovery.zen] [node_t1] joining master {node_t0}{MSgO3f-9S-yat_4GxxKW6w}{127.0.0.1}{127.0.0.1:9440}[mode=>network]
[2016-04-18 03:03:35,052][TRACE][org.elasticsearch.cluster.service] [node_t0] will process [zen-disco-join(elected_as_master, [1] joins received)]
[2016-04-18 03:03:35,052][DEBUG][org.elasticsearch.cluster.service] [node_t0] processing [zen-disco-join(elected_as_master, [1] joins received)]: execute
[2016-04-18 03:03:35,052][TRACE][org.elasticsearch.cluster.service] [node_t0] cluster state updated, source [zen-disco-join(elected_as_master, [1] joins received)]
version: 1
state uuid: bREDiLy1QkGQUO-dU5xxtA
from_diff: false
meta data version: 0
blocks: 
   _global_:
      1,state not recovered / initialized, blocks READ,WRITE,METADATA_READ,METADATA_WRITE
nodes: 
   {node_t0}{MSgO3f-9S-yat_4GxxKW6w}{127.0.0.1}{127.0.0.1:9440}[mode=>network], local, master
   {node_t1}{YucHs-5XRNO-JChWAzIIZg}{127.0.0.1}{127.0.0.1:9441}[mode=>network]
routing_table (version 0):
routing_nodes:
-----node_id[MSgO3f-9S-yat_4GxxKW6w][V]
-----node_id[YucHs-5XRNO-JChWAzIIZg][V]
---- unassigned

[2016-04-18 03:03:35,052][INFO ][org.elasticsearch.cluster.service] [node_t0] new_master {node_t0}{MSgO3f-9S-yat_4GxxKW6w}{127.0.0.1}{127.0.0.1:9440}[mode=>network], added {{node_t1}{YucHs-5XRNO-JChWAzIIZg}{127.0.0.1}{127.0.0.1:9441}[mode=>network],}, reason: zen-disco-join(elected_as_master, [1] joins received)
[2016-04-18 03:03:35,052][DEBUG][org.elasticsearch.cluster.service] [node_t0] publishing cluster state version [1]
[2016-04-18 03:03:35,053][DEBUG][org.elasticsearch.discovery.zen.publish] [node_t1] received full cluster state version [1] with size [300]
[2016-04-18 03:03:35,053][TRACE][org.elasticsearch.discovery.zen.publish] [node_t0] master node {node_t1}{YucHs-5XRNO-JChWAzIIZg}{127.0.0.1}{127.0.0.1:9441}[mode=>network] acked cluster state version [1]. processing ... (current pending [1], needed [1])
[2016-04-18 03:03:35,053][TRACE][org.elasticsearch.discovery.zen.publish] [node_t0] committing version [1]
[2016-04-18 03:03:35,053][TRACE][org.elasticsearch.discovery.zen.publish] [node_t0] sending commit for cluster state (uuid: [bREDiLy1QkGQUO-dU5xxtA], version [1]) to [{node_t1}{YucHs-5XRNO-JChWAzIIZg}{127.0.0.1}{127.0.0.1:9441}[mode=>network]]
[2016-04-18 03:03:35,053][TRACE][org.elasticsearch.cluster.service] [node_t1] will process [zen-disco-receive(from master [master {node_t0}{MSgO3f-9S-yat_4GxxKW6w}{127.0.0.1}{127.0.0.1:9440}[mode=>network] committed version [1]])]
[2016-04-18 03:03:35,053][DEBUG][org.elasticsearch.cluster.service] [node_t1] processing [zen-disco-receive(from master [master {node_t0}{MSgO3f-9S-yat_4GxxKW6w}{127.0.0.1}{127.0.0.1:9440}[mode=>network] committed version [1]])]: execute
[2016-04-18 03:03:35,054][DEBUG][org.elasticsearch.discovery.zen.fd] [node_t1] [master] restarting fault detection against master [{node_t0}{MSgO3f-9S-yat_4GxxKW6w}{127.0.0.1}{127.0.0.1:9440}[mode=>network]], reason [new cluster state received and we are monitoring the wrong master [null]]
[2016-04-18 03:03:35,054][DEBUG][org.elasticsearch.discovery.zen] [node_t1] got first state from fresh master [MSgO3f-9S-yat_4GxxKW6w]
[2016-04-18 03:03:35,054][TRACE][org.elasticsearch.discovery.zen] [node_t1] updated cluster join cluster to [1]
[2016-04-18 03:03:35,054][TRACE][org.elasticsearch.cluster.service] [node_t1] cluster state updated, source [zen-disco-receive(from master [master {node_t0}{MSgO3f-9S-yat_4GxxKW6w}{127.0.0.1}{127.0.0.1:9440}[mode=>network] committed version [1]])]
version: 1
state uuid: bREDiLy1QkGQUO-dU5xxtA
from_diff: false
meta data version: 0
blocks: 
   _global_:
      1,state not recovered / initialized, blocks READ,WRITE,METADATA_READ,METADATA_WRITE
nodes: 
   {node_t0}{MSgO3f-9S-yat_4GxxKW6w}{127.0.0.1}{127.0.0.1:9440}[mode=>network], master
   {node_t1}{YucHs-5XRNO-JChWAzIIZg}{127.0.0.1}{127.0.0.1:9441}[mode=>network], local
routing_table (version 0):
routing_nodes:
-----node_id[MSgO3f-9S-yat_4GxxKW6w][V]
-----node_id[YucHs-5XRNO-JChWAzIIZg][V]
---- unassigned

[2016-04-18 03:03:35,054][INFO ][org.elasticsearch.cluster.service] [node_t1] detected_master {node_t0}{MSgO3f-9S-yat_4GxxKW6w}{127.0.0.1}{127.0.0.1:9440}[mode=>network], added {{node_t0}{MSgO3f-9S-yat_4GxxKW6w}{127.0.0.1}{127.0.0.1:9440}[mode=>network],}, reason: zen-disco-receive(from master [master {node_t0}{MSgO3f-9S-yat_4GxxKW6w}{127.0.0.1}{127.0.0.1:9440}[mode=>network] committed version [1]])
[2016-04-18 03:03:35,054][DEBUG][org.elasticsearch.cluster.service] [node_t1] set local cluster state to version 1
[2016-04-18 03:03:35,054][DEBUG][org.elasticsearch.cluster.service] [node_t1] processing [zen-disco-receive(from master [master {node_t0}{MSgO3f-9S-yat_4GxxKW6w}{127.0.0.1}{127.0.0.1:9440}[mode=>network] committed version [1]])]: took 0s done applying updated cluster_state (version: 1, uuid: bREDiLy1QkGQUO-dU5xxtA)
[2016-04-18 03:03:35,054][TRACE][org.elasticsearch.cluster.service] [node_t1] will process [gateway_initial_state_recovery]
[2016-04-18 03:03:35,054][DEBUG][org.elasticsearch.cluster.service] [node_t1] processing [gateway_initial_state_recovery]: execute
[2016-04-18 03:03:35,054][DEBUG][org.elasticsearch.cluster.service] [node_t0] set local cluster state to version 1
[2016-04-18 03:03:35,054][DEBUG][org.elasticsearch.cluster.service] [node_t1] processing [gateway_initial_state_recovery]: took 0s no change in cluster_state
[2016-04-18 03:03:35,054][TRACE][org.elasticsearch.gateway] [node_t0] performing state recovery from [YucHs-5XRNO-JChWAzIIZg, MSgO3f-9S-yat_4GxxKW6w]
[2016-04-18 03:03:35,054][TRACE][org.elasticsearch.discovery.zen] [node_t0] stopping join accumulation ([election closed])
[2016-04-18 03:03:35,054][TRACE][org.elasticsearch.discovery.zen] [node_t0] cluster joins counter set to [1] (elected as master)
[2016-04-18 03:03:35,054][TRACE][org.elasticsearch.cluster.service] [node_t1] will process [finalize_join ({node_t0}{MSgO3f-9S-yat_4GxxKW6w}{127.0.0.1}{127.0.0.1:9440}[mode=>network])]
[2016-04-18 03:03:35,054][DEBUG][org.elasticsearch.cluster.service] [node_t1] processing [finalize_join ({node_t0}{MSgO3f-9S-yat_4GxxKW6w}{127.0.0.1}{127.0.0.1:9440}[mode=>network])]: execute
[2016-04-18 03:03:35,054][DEBUG][org.elasticsearch.cluster.service] [node_t0] processing [zen-disco-join(elected_as_master, [1] joins received)]: took 2ms done applying updated cluster_state (version: 1, uuid: bREDiLy1QkGQUO-dU5xxtA)
[2016-04-18 03:03:35,054][DEBUG][org.elasticsearch.cluster.service] [node_t1] processing [finalize_join ({node_t0}{MSgO3f-9S-yat_4GxxKW6w}{127.0.0.1}{127.0.0.1:9440}[mode=>network])]: took 0s no change in cluster_state
[2016-04-18 03:03:35,055][TRACE][org.elasticsearch.cluster.service] [node_t0] will process [cluster_reroute(post_node_add)]
[2016-04-18 03:03:35,055][DEBUG][org.elasticsearch.cluster.service] [node_t0] processing [cluster_reroute(post_node_add)]: execute
[2016-04-18 03:03:35,055][DEBUG][org.elasticsearch.cluster.service] [node_t0] processing [cluster_reroute(post_node_add)]: took 0s no change in cluster_state
[2016-04-18 03:03:35,055][TRACE][org.elasticsearch.cluster.service] [node_t0] will process [cluster_health (wait_for_events [LANGUID])]
[2016-04-18 03:03:35,055][DEBUG][org.elasticsearch.cluster.service] [node_t0] processing [cluster_health (wait_for_events [LANGUID])]: execute
[2016-04-18 03:03:35,055][DEBUG][org.elasticsearch.cluster.service] [node_t0] processing [cluster_health (wait_for_events [LANGUID])]: took 0s no change in cluster_state
[2016-04-18 03:03:35,055][TRACE][org.elasticsearch.gateway] [node_t0] successful state recovery, importing cluster state...
[2016-04-18 03:03:35,055][TRACE][org.elasticsearch.cluster.service] [node_t0] will process [local-gateway-elected-state]
[2016-04-18 03:03:35,055][DEBUG][org.elasticsearch.cluster.service] [node_t0] processing [local-gateway-elected-state]: execute
[2016-04-18 03:03:35,056][TRACE][org.elasticsearch.cluster.service] [node_t0] cluster state updated, source [local-gateway-elected-state]
version: 2
state uuid: 7LqJC8lVRgacA_IVNXilVg
from_diff: false
meta data version: 1
nodes: 
   {node_t0}{MSgO3f-9S-yat_4GxxKW6w}{127.0.0.1}{127.0.0.1:9440}[mode=>network], local, master
   {node_t1}{YucHs-5XRNO-JChWAzIIZg}{127.0.0.1}{127.0.0.1:9441}[mode=>network]
routing_table (version 1):
routing_nodes:
-----node_id[MSgO3f-9S-yat_4GxxKW6w][V]
-----node_id[YucHs-5XRNO-JChWAzIIZg][V]
---- unassigned

[2016-04-18 03:03:35,056][DEBUG][org.elasticsearch.cluster.service] [node_t0] publishing cluster state version [2]
[2016-04-18 03:03:35,056][DEBUG][org.elasticsearch.discovery.zen.publish] [node_t1] received diff cluster state version [2] with uuid [7LqJC8lVRgacA_IVNXilVg], diff size [173]
[2016-04-18 03:03:35,056][TRACE][org.elasticsearch.discovery.zen.publish] [node_t0] master node {node_t1}{YucHs-5XRNO-JChWAzIIZg}{127.0.0.1}{127.0.0.1:9441}[mode=>network] acked cluster state version [2]. processing ... (current pending [1], needed [1])
[2016-04-18 03:03:35,056][TRACE][org.elasticsearch.discovery.zen.publish] [node_t0] committing version [2]
[2016-04-18 03:03:35,056][TRACE][org.elasticsearch.discovery.zen.publish] [node_t0] sending commit for cluster state (uuid: [7LqJC8lVRgacA_IVNXilVg], version [2]) to [{node_t1}{YucHs-5XRNO-JChWAzIIZg}{127.0.0.1}{127.0.0.1:9441}[mode=>network]]
[2016-04-18 03:03:35,057][TRACE][org.elasticsearch.cluster.service] [node_t1] will process [zen-disco-receive(from master [master {node_t0}{MSgO3f-9S-yat_4GxxKW6w}{127.0.0.1}{127.0.0.1:9440}[mode=>network] committed version [2]])]
[2016-04-18 03:03:35,057][DEBUG][org.elasticsearch.cluster.service] [node_t1] processing [zen-disco-receive(from master [master {node_t0}{MSgO3f-9S-yat_4GxxKW6w}{127.0.0.1}{127.0.0.1:9440}[mode=>network] committed version [2]])]: execute
[2016-04-18 03:03:35,057][TRACE][org.elasticsearch.cluster.service] [node_t1] cluster state updated, source [zen-disco-receive(from master [master {node_t0}{MSgO3f-9S-yat_4GxxKW6w}{127.0.0.1}{127.0.0.1:9440}[mode=>network] committed version [2]])]
version: 2
state uuid: 7LqJC8lVRgacA_IVNXilVg
from_diff: false
meta data version: 1
nodes: 
   {node_t0}{MSgO3f-9S-yat_4GxxKW6w}{127.0.0.1}{127.0.0.1:9440}[mode=>network], master
   {node_t1}{YucHs-5XRNO-JChWAzIIZg}{127.0.0.1}{127.0.0.1:9441}[mode=>network], local
routing_table (version 1):
routing_nodes:
-----node_id[MSgO3f-9S-yat_4GxxKW6w][V]
-----node_id[YucHs-5XRNO-JChWAzIIZg][V]
---- unassigned

[2016-04-18 03:03:35,057][DEBUG][org.elasticsearch.cluster.service] [node_t1] set local cluster state to version 2
[2016-04-18 03:03:35,057][TRACE][org.elasticsearch.gateway] [node_t1] [_global] writing state, reason [changed]
[2016-04-18 03:03:35,058][DEBUG][org.elasticsearch.cluster.service] [node_t1] processing [zen-disco-receive(from master [master {node_t0}{MSgO3f-9S-yat_4GxxKW6w}{127.0.0.1}{127.0.0.1:9440}[mode=>network] committed version [2]])]: took 1ms done applying updated cluster_state (version: 2, uuid: 7LqJC8lVRgacA_IVNXilVg)
[2016-04-18 03:03:35,058][DEBUG][org.elasticsearch.cluster.service] [node_t0] set local cluster state to version 2
[2016-04-18 03:03:35,058][TRACE][org.elasticsearch.gateway] [node_t0] [_global] writing state, reason [changed]
[2016-04-18 03:03:35,059][INFO ][org.elasticsearch.gateway] [node_t0] recovered [0] indices into cluster_state
[2016-04-18 03:03:35,059][DEBUG][org.elasticsearch.cluster.service] [node_t0] processing [local-gateway-elected-state]: took 3ms done applying updated cluster_state (version: 2, uuid: 7LqJC8lVRgacA_IVNXilVg)
[2016-04-18 03:03:35,059][TRACE][org.elasticsearch.cluster.service] [node_t0] will process [create-index [test], cause [api]]
[2016-04-18 03:03:35,059][DEBUG][org.elasticsearch.cluster.service] [node_t0] processing [create-index [test], cause [api]]: execute
[2016-04-18 03:03:35,061][TRACE][org.elasticsearch.cluster.service] expecting 2 acknowledgements for cluster_state update (version: 3)
[2016-04-18 03:03:35,062][TRACE][org.elasticsearch.cluster.service] [node_t0] cluster state updated, source [create-index [test], cause [api]]
version: 3
state uuid: qlxRD1utQ_iR-_DTmV8lxQ
from_diff: false
meta data version: 2
nodes: 
   {node_t0}{MSgO3f-9S-yat_4GxxKW6w}{127.0.0.1}{127.0.0.1:9440}[mode=>network], local, master
   {node_t1}{YucHs-5XRNO-JChWAzIIZg}{127.0.0.1}{127.0.0.1:9441}[mode=>network]
routing_table (version 2):
-- index [test]
----shard_id [test][0]
--------[test][0], node[MSgO3f-9S-yat_4GxxKW6w], [P], v[1], s[INITIALIZING], a[id=x-5geQ3STLGnkFrhyWIPig], unassigned_info[[reason=INDEX_CREATED], at[2016-04-18T07:03:35.060Z]]
--------[test][0], node[null], [R], v[1], s[UNASSIGNED], unassigned_info[[reason=INDEX_CREATED], at[2016-04-18T07:03:35.060Z]]
----shard_id [test][1]
--------[test][1], node[YucHs-5XRNO-JChWAzIIZg], [P], v[1], s[INITIALIZING], a[id=skolItfmTI6mUEyBLn-4fA], unassigned_info[[reason=INDEX_CREATED], at[2016-04-18T07:03:35.060Z]]
--------[test][1], node[null], [R], v[1], s[UNASSIGNED], unassigned_info[[reason=INDEX_CREATED], at[2016-04-18T07:03:35.060Z]]
----shard_id [test][2]
--------[test][2], node[MSgO3f-9S-yat_4GxxKW6w], [P], v[1], s[INITIALIZING], a[id=baarSFwkRcq8a9G9hXd1-Q], unassigned_info[[reason=INDEX_CREATED], at[2016-04-18T07:03:35.060Z]]
--------[test][2], node[null], [R], v[1], s[UNASSIGNED], unassigned_info[[reason=INDEX_CREATED], at[2016-04-18T07:03:35.060Z]]
----shard_id [test][3]
--------[test][3], node[YucHs-5XRNO-JChWAzIIZg], [P], v[1], s[INITIALIZING], a[id=_WxhJCFGSNa0eq_monQ5AA], unassigned_info[[reason=INDEX_CREATED], at[2016-04-18T07:03:35.060Z]]
--------[test][3], node[null], [R], v[1], s[UNASSIGNED], unassigned_info[[reason=INDEX_CREATED], at[2016-04-18T07:03:35.060Z]]
----shard_id [test][4]
--------[test][4], node[MSgO3f-9S-yat_4GxxKW6w], [P], v[1], s[INITIALIZING], a[id=p6hLZGI1QdCK1ozNkdummA], unassigned_info[[reason=INDEX_CREATED], at[2016-04-18T07:03:35.060Z]]
--------[test][4], node[null], [R], v[1], s[UNASSIGNED], unassigned_info[[reason=INDEX_CREATED], at[2016-04-18T07:03:35.060Z]]
----shard_id [test][5]
--------[test][5], node[YucHs-5XRNO-JChWAzIIZg], [P], v[1], s[INITIALIZING], a[id=4B5yVDeUTpe5-44KssB7xg], unassigned_info[[reason=INDEX_CREATED], at[2016-04-18T07:03:35.060Z]]
--------[test][5], node[null], [R], v[1], s[UNASSIGNED], unassigned_info[[reason=INDEX_CREATED], at[2016-04-18T07:03:35.060Z]]
----shard_id [test][6]
--------[test][6], node[MSgO3f-9S-yat_4GxxKW6w], [P], v[1], s[INITIALIZING], a[id=QQlSOWl8SkCKZXtQEROoqQ], unassigned_info[[reason=INDEX_CREATED], at[2016-04-18T07:03:35.060Z]]
--------[test][6], node[null], [R], v[1], s[UNASSIGNED], unassigned_info[[reason=INDEX_CREATED], at[2016-04-18T07:03:35.060Z]]
----shard_id [test][7]
--------[test][7], node[YucHs-5XRNO-JChWAzIIZg], [P], v[1], s[INITIALIZING], a[id=_q3o1C7eRoG3whwcdLSwbQ], unassigned_info[[reason=INDEX_CREATED], at[2016-04-18T07:03:35.060Z]]
--------[test][7], node[null], [R], v[1], s[UNASSIGNED], unassigned_info[[reason=INDEX_CREATED], at[2016-04-18T07:03:35.060Z]]
----shard_id [test][8]
--------[test][8], node[null], [P], v[0], s[UNASSIGNED], unassigned_info[[reason=INDEX_CREATED], at[2016-04-18T07:03:35.060Z]]
--------[test][8], node[null], [R], v[0], s[UNASSIGNED], unassigned_info[[reason=INDEX_CREATED], at[2016-04-18T07:03:35.060Z]]

routing_nodes:
-----node_id[MSgO3f-9S-yat_4GxxKW6w][V]
--------[test][2], node[MSgO3f-9S-yat_4GxxKW6w], [P], v[1], s[INITIALIZING], a[id=baarSFwkRcq8a9G9hXd1-Q], unassigned_info[[reason=INDEX_CREATED], at[2016-04-18T07:03:35.060Z]]
--------[test][4], node[MSgO3f-9S-yat_4GxxKW6w], [P], v[1], s[INITIALIZING], a[id=p6hLZGI1QdCK1ozNkdummA], unassigned_info[[reason=INDEX_CREATED], at[2016-04-18T07:03:35.060Z]]
--------[test][6], node[MSgO3f-9S-yat_4GxxKW6w], [P], v[1], s[INITIALIZING], a[id=QQlSOWl8SkCKZXtQEROoqQ], unassigned_info[[reason=INDEX_CREATED], at[2016-04-18T07:03:35.060Z]]
--------[test][0], node[MSgO3f-9S-yat_4GxxKW6w], [P], v[1], s[INITIALIZING], a[id=x-5geQ3STLGnkFrhyWIPig], unassigned_info[[reason=INDEX_CREATED], at[2016-04-18T07:03:35.060Z]]
-----node_id[YucHs-5XRNO-JChWAzIIZg][V]
--------[test][1], node[YucHs-5XRNO-JChWAzIIZg], [P], v[1], s[INITIALIZING], a[id=skolItfmTI6mUEyBLn-4fA], unassigned_info[[reason=INDEX_CREATED], at[2016-04-18T07:03:35.060Z]]
--------[test][7], node[YucHs-5XRNO-JChWAzIIZg], [P], v[1], s[INITIALIZING], a[id=_q3o1C7eRoG3whwcdLSwbQ], unassigned_info[[reason=INDEX_CREATED], at[2016-04-18T07:03:35.060Z]]
--------[test][5], node[YucHs-5XRNO-JChWAzIIZg], [P], v[1], s[INITIALIZING], a[id=4B5yVDeUTpe5-44KssB7xg], unassigned_info[[reason=INDEX_CREATED], at[2016-04-18T07:03:35.060Z]]
--------[test][3], node[YucHs-5XRNO-JChWAzIIZg], [P], v[1], s[INITIALIZING], a[id=_WxhJCFGSNa0eq_monQ5AA], unassigned_info[[reason=INDEX_CREATED], at[2016-04-18T07:03:35.060Z]]
---- unassigned
--------[test][2], node[null], [R], v[1], s[UNASSIGNED], unassigned_info[[reason=INDEX_CREATED], at[2016-04-18T07:03:35.060Z]]
--------[test][4], node[null], [R], v[1], s[UNASSIGNED], unassigned_info[[reason=INDEX_CREATED], at[2016-04-18T07:03:35.060Z]]
--------[test][1], node[null], [R], v[1], s[UNASSIGNED], unassigned_info[[reason=INDEX_CREATED], at[2016-04-18T07:03:35.060Z]]
--------[test][7], node[null], [R], v[1], s[UNASSIGNED], unassigned_info[[reason=INDEX_CREATED], at[2016-04-18T07:03:35.060Z]]
--------[test][5], node[null], [R], v[1], s[UNASSIGNED], unassigned_info[[reason=INDEX_CREATED], at[2016-04-18T07:03:35.060Z]]
--------[test][3], node[null], [R], v[1], s[UNASSIGNED], unassigned_info[[reason=INDEX_CREATED], at[2016-04-18T07:03:35.060Z]]
--------[test][8], node[null], [P], v[0], s[UNASSIGNED], unassigned_info[[reason=INDEX_CREATED], at[2016-04-18T07:03:35.060Z]]
--------[test][8], node[null], [R], v[0], s[UNASSIGNED], unassigned_info[[reason=INDEX_CREATED], at[2016-04-18T07:03:35.060Z]]
--------[test][6], node[null], [R], v[1], s[UNASSIGNED], unassigned_info[[reason=INDEX_CREATED], at[2016-04-18T07:03:35.060Z]]
--------[test][0], node[null], [R], v[1], s[UNASSIGNED], unassigned_info[[reason=INDEX_CREATED], at[2016-04-18T07:03:35.060Z]]

[2016-04-18 03:03:35,062][DEBUG][org.elasticsearch.cluster.service] [node_t0] publishing cluster state version [3]
[2016-04-18 03:03:35,063][DEBUG][org.elasticsearch.discovery.zen.publish] [node_t1] received diff cluster state version [3] with uuid [qlxRD1utQ_iR-_DTmV8lxQ], diff size [591]
[2016-04-18 03:03:35,063][TRACE][org.elasticsearch.discovery.zen.publish] [node_t0] master node {node_t1}{YucHs-5XRNO-JChWAzIIZg}{127.0.0.1}{127.0.0.1:9441}[mode=>network] acked cluster state version [3]. processing ... (current pending [1], needed [1])
[2016-04-18 03:03:35,063][TRACE][org.elasticsearch.discovery.zen.publish] [node_t0] committing version [3]
[2016-04-18 03:03:35,063][TRACE][org.elasticsearch.discovery.zen.publish] [node_t0] sending commit for cluster state (uuid: [qlxRD1utQ_iR-_DTmV8lxQ], version [3]) to [{node_t1}{YucHs-5XRNO-JChWAzIIZg}{127.0.0.1}{127.0.0.1:9441}[mode=>network]]
[2016-04-18 03:03:35,063][TRACE][org.elasticsearch.cluster.service] [node_t1] will process [zen-disco-receive(from master [master {node_t0}{MSgO3f-9S-yat_4GxxKW6w}{127.0.0.1}{127.0.0.1:9440}[mode=>network] committed version [3]])]
[2016-04-18 03:03:35,064][DEBUG][org.elasticsearch.cluster.service] [node_t1] processing [zen-disco-receive(from master [master {node_t0}{MSgO3f-9S-yat_4GxxKW6w}{127.0.0.1}{127.0.0.1:9440}[mode=>network] committed version [3]])]: execute
[2016-04-18 03:03:35,064][TRACE][org.elasticsearch.cluster.service] [node_t1] cluster state updated, source [zen-disco-receive(from master [master {node_t0}{MSgO3f-9S-yat_4GxxKW6w}{127.0.0.1}{127.0.0.1:9440}[mode=>network] committed version [3]])]
version: 3
state uuid: qlxRD1utQ_iR-_DTmV8lxQ
from_diff: false
meta data version: 2
nodes: 
   {node_t0}{MSgO3f-9S-yat_4GxxKW6w}{127.0.0.1}{127.0.0.1:9440}[mode=>network], master
   {node_t1}{YucHs-5XRNO-JChWAzIIZg}{127.0.0.1}{127.0.0.1:9441}[mode=>network], local
routing_table (version 2):
-- index [test]
----shard_id [test][0]
--------[test][0], node[MSgO3f-9S-yat_4GxxKW6w], [P], v[1], s[INITIALIZING], a[id=x-5geQ3STLGnkFrhyWIPig], unassigned_info[[reason=INDEX_CREATED], at[2016-04-18T07:03:35.060Z]]
--------[test][0], node[null], [R], v[1], s[UNASSIGNED], unassigned_info[[reason=INDEX_CREATED], at[2016-04-18T07:03:35.060Z]]
----shard_id [test][1]
--------[test][1], node[YucHs-5XRNO-JChWAzIIZg], [P], v[1], s[INITIALIZING], a[id=skolItfmTI6mUEyBLn-4fA], unassigned_info[[reason=INDEX_CREATED], at[2016-04-18T07:03:35.060Z]]
--------[test][1], node[null], [R], v[1], s[UNASSIGNED], unassigned_info[[reason=INDEX_CREATED], at[2016-04-18T07:03:35.060Z]]
----shard_id [test][2]
--------[test][2], node[MSgO3f-9S-yat_4GxxKW6w], [P], v[1], s[INITIALIZING], a[id=baarSFwkRcq8a9G9hXd1-Q], unassigned_info[[reason=INDEX_CREATED], at[2016-04-18T07:03:35.060Z]]
--------[test][2], node[null], [R], v[1], s[UNASSIGNED], unassigned_info[[reason=INDEX_CREATED], at[2016-04-18T07:03:35.060Z]]
----shard_id [test][3]
--------[test][3], node[YucHs-5XRNO-JChWAzIIZg], [P], v[1], s[INITIALIZING], a[id=_WxhJCFGSNa0eq_monQ5AA], unassigned_info[[reason=INDEX_CREATED], at[2016-04-18T07:03:35.060Z]]
--------[test][3], node[null], [R], v[1], s[UNASSIGNED], unassigned_info[[reason=INDEX_CREATED], at[2016-04-18T07:03:35.060Z]]
----shard_id [test][4]
--------[test][4], node[MSgO3f-9S-yat_4GxxKW6w], [P], v[1], s[INITIALIZING], a[id=p6hLZGI1QdCK1ozNkdummA], unassigned_info[[reason=INDEX_CREATED], at[2016-04-18T07:03:35.060Z]]
--------[test][4], node[null], [R], v[1], s[UNASSIGNED], unassigned_info[[reason=INDEX_CREATED], at[2016-04-18T07:03:35.060Z]]
----shard_id [test][5]
--------[test][5], node[YucHs-5XRNO-JChWAzIIZg], [P], v[1], s[INITIALIZING], a[id=4B5yVDeUTpe5-44KssB7xg], unassigned_info[[reason=INDEX_CREATED], at[2016-04-18T07:03:35.060Z]]
--------[test][5], node[null], [R], v[1], s[UNASSIGNED], unassigned_info[[reason=INDEX_CREATED], at[2016-04-18T07:03:35.060Z]]
----shard_id [test][6]
--------[test][6], node[MSgO3f-9S-yat_4GxxKW6w], [P], v[1], s[INITIALIZING], a[id=QQlSOWl8SkCKZXtQEROoqQ], unassigned_info[[reason=INDEX_CREATED], at[2016-04-18T07:03:35.060Z]]
--------[test][6], node[null], [R], v[1], s[UNASSIGNED], unassigned_info[[reason=INDEX_CREATED], at[2016-04-18T07:03:35.060Z]]
----shard_id [test][7]
--------[test][7], node[YucHs-5XRNO-JChWAzIIZg], [P], v[1], s[INITIALIZING], a[id=_q3o1C7eRoG3whwcdLSwbQ], unassigned_info[[reason=INDEX_CREATED], at[2016-04-18T07:03:35.060Z]]
--------[test][7], node[null], [R], v[1], s[UNASSIGNED], unassigned_info[[reason=INDEX_CREATED], at[2016-04-18T07:03:35.060Z]]
----shard_id [test][8]
--------[test][8], node[null], [P], v[0], s[UNASSIGNED], unassigned_info[[reason=INDEX_CREATED], at[2016-04-18T07:03:35.060Z]]
--------[test][8], node[null], [R], v[0], s[UNASSIGNED], unassigned_info[[reason=INDEX_CREATED], at[2016-04-18T07:03:35.060Z]]

routing_nodes:
-----node_id[MSgO3f-9S-yat_4GxxKW6w][V]
--------[test][4], node[MSgO3f-9S-yat_4GxxKW6w], [P], v[1], s[INITIALIZING], a[id=p6hLZGI1QdCK1ozNkdummA], unassigned_info[[reason=INDEX_CREATED], at[2016-04-18T07:03:35.060Z]]
--------[test][2], node[MSgO3f-9S-yat_4GxxKW6w], [P], v[1], s[INITIALIZING], a[id=baarSFwkRcq8a9G9hXd1-Q], unassigned_info[[reason=INDEX_CREATED], at[2016-04-18T07:03:35.060Z]]
--------[test][6], node[MSgO3f-9S-yat_4GxxKW6w], [P], v[1], s[INITIALIZING], a[id=QQlSOWl8SkCKZXtQEROoqQ], unassigned_info[[reason=INDEX_CREATED], at[2016-04-18T07:03:35.060Z]]
--------[test][0], node[MSgO3f-9S-yat_4GxxKW6w], [P], v[1], s[INITIALIZING], a[id=x-5geQ3STLGnkFrhyWIPig], unassigned_info[[reason=INDEX_CREATED], at[2016-04-18T07:03:35.060Z]]
-----node_id[YucHs-5XRNO-JChWAzIIZg][V]
--------[test][5], node[YucHs-5XRNO-JChWAzIIZg], [P], v[1], s[INITIALIZING], a[id=4B5yVDeUTpe5-44KssB7xg], unassigned_info[[reason=INDEX_CREATED], at[2016-04-18T07:03:35.060Z]]
--------[test][1], node[YucHs-5XRNO-JChWAzIIZg], [P], v[1], s[INITIALIZING], a[id=skolItfmTI6mUEyBLn-4fA], unassigned_info[[reason=INDEX_CREATED], at[2016-04-18T07:03:35.060Z]]
--------[test][7], node[YucHs-5XRNO-JChWAzIIZg], [P], v[1], s[INITIALIZING], a[id=_q3o1C7eRoG3whwcdLSwbQ], unassigned_info[[reason=INDEX_CREATED], at[2016-04-18T07:03:35.060Z]]
--------[test][3], node[YucHs-5XRNO-JChWAzIIZg], [P], v[1], s[INITIALIZING], a[id=_WxhJCFGSNa0eq_monQ5AA], unassigned_info[[reason=INDEX_CREATED], at[2016-04-18T07:03:35.060Z]]
---- unassigned
--------[test][5], node[null], [R], v[1], s[UNASSIGNED], unassigned_info[[reason=INDEX_CREATED], at[2016-04-18T07:03:35.060Z]]
--------[test][1], node[null], [R], v[1], s[UNASSIGNED], unassigned_info[[reason=INDEX_CREATED], at[2016-04-18T07:03:35.060Z]]
--------[test][7], node[null], [R], v[1], s[UNASSIGNED], unassigned_info[[reason=INDEX_CREATED], at[2016-04-18T07:03:35.060Z]]
--------[test][8], node[null], [P], v[0], s[UNASSIGNED], unassigned_info[[reason=INDEX_CREATED], at[2016-04-18T07:03:35.060Z]]
--------[test][8], node[null], [R], v[0], s[UNASSIGNED], unassigned_info[[reason=INDEX_CREATED], at[2016-04-18T07:03:35.060Z]]
--------[test][4], node[null], [R], v[1], s[UNASSIGNED], unassigned_info[[reason=INDEX_CREATED], at[2016-04-18T07:03:35.060Z]]
--------[test][2], node[null], [R], v[1], s[UNASSIGNED], unassigned_info[[reason=INDEX_CREATED], at[2016-04-18T07:03:35.060Z]]
--------[test][6], node[null], [R], v[1], s[UNASSIGNED], unassigned_info[[reason=INDEX_CREATED], at[2016-04-18T07:03:35.060Z]]
--------[test][3], node[null], [R], v[1], s[UNASSIGNED], unassigned_info[[reason=INDEX_CREATED], at[2016-04-18T07:03:35.060Z]]
--------[test][0], node[null], [R], v[1], s[UNASSIGNED], unassigned_info[[reason=INDEX_CREATED], at[2016-04-18T07:03:35.060Z]]

[2016-04-18 03:03:35,064][DEBUG][org.elasticsearch.cluster.service] [node_t1] set local cluster state to version 3
[2016-04-18 03:03:35,071][TRACE][org.elasticsearch.gateway] [node_t1] [test] writing state, reason [freshly created]
[2016-04-18 03:03:35,072][DEBUG][org.elasticsearch.cluster.service] [node_t1] processing [zen-disco-receive(from master [master {node_t0}{MSgO3f-9S-yat_4GxxKW6w}{127.0.0.1}{127.0.0.1:9440}[mode=>network] committed version [3]])]: took 8ms done applying updated cluster_state (version: 3, uuid: qlxRD1utQ_iR-_DTmV8lxQ)
[2016-04-18 03:03:35,072][DEBUG][org.elasticsearch.cluster.service] [node_t0] set local cluster state to version 3
[2016-04-18 03:03:35,072][TRACE][org.elasticsearch.cluster.service] ack received from node [{node_t1}{YucHs-5XRNO-JChWAzIIZg}{127.0.0.1}{127.0.0.1:9441}[mode=>network]], cluster_state update (version: 3)
[2016-04-18 03:03:35,079][TRACE][org.elasticsearch.gateway] [node_t0] [test] writing state, reason [freshly created]
[2016-04-18 03:03:35,081][TRACE][org.elasticsearch.cluster.service] ack received from node [{node_t0}{MSgO3f-9S-yat_4GxxKW6w}{127.0.0.1}{127.0.0.1:9440}[mode=>network]], cluster_state update (version: 3)
[2016-04-18 03:03:35,081][TRACE][org.elasticsearch.cluster.service] all expected nodes acknowledged cluster_state update (version: 3)
[2016-04-18 03:03:35,081][DEBUG][org.elasticsearch.cluster.service] [node_t0] processing [create-index [test], cause [api]]: took 21ms done applying updated cluster_state (version: 3, uuid: qlxRD1utQ_iR-_DTmV8lxQ)
[2016-04-18 03:03:35,081][TRACE][org.elasticsearch.cluster.service] [node_t0] will process [shard-started ([test][5], node[YucHs-5XRNO-JChWAzIIZg], [P], v[1], s[INITIALIZING], a[id=4B5yVDeUTpe5-44KssB7xg], unassigned_info[[reason=INDEX_CREATED], at[2016-04-18T07:03:35.060Z]]), reason [after recovery from store]]
[2016-04-18 03:03:35,081][TRACE][org.elasticsearch.cluster.service] [node_t0] will process [shard-started ([test][1], node[YucHs-5XRNO-JChWAzIIZg], [P], v[1], s[INITIALIZING], a[id=skolItfmTI6mUEyBLn-4fA], unassigned_info[[reason=INDEX_CREATED], at[2016-04-18T07:03:35.060Z]]), reason [after recovery from store]]
[2016-04-18 03:03:35,081][TRACE][org.elasticsearch.cluster.service] [node_t0] will process [shard-started ([test][7], node[YucHs-5XRNO-JChWAzIIZg], [P], v[1], s[INITIALIZING], a[id=_q3o1C7eRoG3whwcdLSwbQ], unassigned_info[[reason=INDEX_CREATED], at[2016-04-18T07:03:35.060Z]]), reason [after recovery from store]]
[2016-04-18 03:03:35,081][TRACE][org.elasticsearch.cluster.service] [node_t0] will process [shard-started ([test][3], node[YucHs-5XRNO-JChWAzIIZg], [P], v[1], s[INITIALIZING], a[id=_WxhJCFGSNa0eq_monQ5AA], unassigned_info[[reason=INDEX_CREATED], at[2016-04-18T07:03:35.060Z]]), reason [after recovery from store]]
[2016-04-18 03:03:35,081][TRACE][org.elasticsearch.cluster.service] [node_t0] will process [shard-started ([test][2], node[MSgO3f-9S-yat_4GxxKW6w], [P], v[1], s[INITIALIZING], a[id=baarSFwkRcq8a9G9hXd1-Q], unassigned_info[[reason=INDEX_CREATED], at[2016-04-18T07:03:35.060Z]]), reason [after recovery from store]]
[2016-04-18 03:03:35,081][TRACE][org.elasticsearch.cluster.service] [node_t0] will process [shard-started ([test][4], node[MSgO3f-9S-yat_4GxxKW6w], [P], v[1], s[INITIALIZING], a[id=p6hLZGI1QdCK1ozNkdummA], unassigned_info[[reason=INDEX_CREATED], at[2016-04-18T07:03:35.060Z]]), reason [after recovery from store]]
[2016-04-18 03:03:35,081][DEBUG][org.elasticsearch.cluster.service] [node_t0] processing [shard-started ([test][5], node[YucHs-5XRNO-JChWAzIIZg], [P], v[1], s[INITIALIZING], a[id=4B5yVDeUTpe5-44KssB7xg], unassigned_info[[reason=INDEX_CREATED], at[2016-04-18T07:03:35.060Z]]), reason [after recovery from store],shard-started ([test][1], node[YucHs-5XRNO-JChWAzIIZg], [P], v[1], s[INITIALIZING], a[id=skolItfmTI6mUEyBLn-4fA], unassigned_info[[reason=INDEX_CREATED], at[2016-04-18T07:03:35.060Z]]), reason [after recovery from store],shard-started ([test][7], node[YucHs-5XRNO-JChWAzIIZg], [P], v[1], s[INITIALIZING], a[id=_q3o1C7eRoG3whwcdLSwbQ], unassigned_info[[reason=INDEX_CREATED], at[2016-04-18T07:03:35.060Z]]), reason [after recovery from store],shard-started ([test][3], node[YucHs-5XRNO-JChWAzIIZg], [P], v[1], s[INITIALIZING], a[id=_WxhJCFGSNa0eq_monQ5AA], unassigned_info[[reason=INDEX_CREATED], at[2016-04-18T07:03:35.060Z]]), reason [after recovery from store],shard-started ([test][2], node[MSgO3f-9S-yat_4GxxKW6w], [P], v[1], s[INITIALIZING], a[id=baarSFwkRcq8a9G9hXd1-Q], unassigned_info[[reason=INDEX_CREATED], at[2016-04-18T07:03:35.060Z]]), reason [after recovery from store],shard-started ([test][4], node[MSgO3f-9S-yat_4GxxKW6w], [P], v[1], s[INITIALIZING], a[id=p6hLZGI1QdCK1ozNkdummA], unassigned_info[[reason=INDEX_CREATED], at[2016-04-18T07:03:35.060Z]]), reason [after recovery from store]]: execute
[2016-04-18 03:03:35,083][TRACE][org.elasticsearch.cluster.service] [node_t0] cluster state updated, source [shard-started ([test][5], node[YucHs-5XRNO-JChWAzIIZg], [P], v[1], s[INITIALIZING], a[id=4B5yVDeUTpe5-44KssB7xg], unassigned_info[[reason=INDEX_CREATED], at[2016-04-18T07:03:35.060Z]]), reason [after recovery from store],shard-started ([test][1], node[YucHs-5XRNO-JChWAzIIZg], [P], v[1], s[INITIALIZING], a[id=skolItfmTI6mUEyBLn-4fA], unassigned_info[[reason=INDEX_CREATED], at[2016-04-18T07:03:35.060Z]]), reason [after recovery from store],shard-started ([test][7], node[YucHs-5XRNO-JChWAzIIZg], [P], v[1], s[INITIALIZING], a[id=_q3o1C7eRoG3whwcdLSwbQ], unassigned_info[[reason=INDEX_CREATED], at[2016-04-18T07:03:35.060Z]]), reason [after recovery from store],shard-started ([test][3], node[YucHs-5XRNO-JChWAzIIZg], [P], v[1], s[INITIALIZING], a[id=_WxhJCFGSNa0eq_monQ5AA], unassigned_info[[reason=INDEX_CREATED], at[2016-04-18T07:03:35.060Z]]), reason [after recovery from store],shard-started ([test][2], node[MSgO3f-9S-yat_4GxxKW6w], [P], v[1], s[INITIALIZING], a[id=baarSFwkRcq8a9G9hXd1-Q], unassigned_info[[reason=INDEX_CREATED], at[2016-04-18T07:03:35.060Z]]), reason [after recovery from store],shard-started ([test][4], node[MSgO3f-9S-yat_4GxxKW6w], [P], v[1], s[INITIALIZING], a[id=p6hLZGI1QdCK1ozNkdummA], unassigned_info[[reason=INDEX_CREATED], at[2016-04-18T07:03:35.060Z]]), reason [after recovery from store]]
version: 4
state uuid: jRMd-OmLTLaFUHa3pF4xFQ
from_diff: false
meta data version: 3
nodes: 
   {node_t0}{MSgO3f-9S-yat_4GxxKW6w}{127.0.0.1}{127.0.0.1:9440}[mode=>network], local, master
   {node_t1}{YucHs-5XRNO-JChWAzIIZg}{127.0.0.1}{127.0.0.1:9441}[mode=>network]
routing_table (version 3):
-- index [test]
----shard_id [test][0]
--------[test][0], node[MSgO3f-9S-yat_4GxxKW6w], [P], v[1], s[INITIALIZING], a[id=x-5geQ3STLGnkFrhyWIPig], unassigned_info[[reason=INDEX_CREATED], at[2016-04-18T07:03:35.060Z]]
--------[test][0], node[null], [R], v[1], s[UNASSIGNED], unassigned_info[[reason=INDEX_CREATED], at[2016-04-18T07:03:35.060Z]]
----shard_id [test][1]
--------[test][1], node[YucHs-5XRNO-JChWAzIIZg], [P], v[2], s[STARTED], a[id=skolItfmTI6mUEyBLn-4fA]
--------[test][1], node[null], [R], v[2], s[UNASSIGNED], unassigned_info[[reason=INDEX_CREATED], at[2016-04-18T07:03:35.060Z]]
----shard_id [test][2]
--------[test][2], node[MSgO3f-9S-yat_4GxxKW6w], [P], v[2], s[STARTED], a[id=baarSFwkRcq8a9G9hXd1-Q]
--------[test][2], node[YucHs-5XRNO-JChWAzIIZg], [R], v[2], s[INITIALIZING], a[id=RNqthUztR6-DqnLRLToD-Q], unassigned_info[[reason=INDEX_CREATED], at[2016-04-18T07:03:35.060Z]]
----shard_id [test][3]
--------[test][3], node[YucHs-5XRNO-JChWAzIIZg], [P], v[2], s[STARTED], a[id=_WxhJCFGSNa0eq_monQ5AA]
--------[test][3], node[null], [R], v[2], s[UNASSIGNED], unassigned_info[[reason=INDEX_CREATED], at[2016-04-18T07:03:35.060Z]]
----shard_id [test][4]
--------[test][4], node[MSgO3f-9S-yat_4GxxKW6w], [P], v[2], s[STARTED], a[id=p6hLZGI1QdCK1ozNkdummA]
--------[test][4], node[YucHs-5XRNO-JChWAzIIZg], [R], v[2], s[INITIALIZING], a[id=0erPpWShQUWr0fCKxTfoYQ], unassigned_info[[reason=INDEX_CREATED], at[2016-04-18T07:03:35.060Z]]
----shard_id [test][5]
--------[test][5], node[YucHs-5XRNO-JChWAzIIZg], [P], v[2], s[STARTED], a[id=4B5yVDeUTpe5-44KssB7xg]
--------[test][5], node[null], [R], v[2], s[UNASSIGNED], unassigned_info[[reason=INDEX_CREATED], at[2016-04-18T07:03:35.060Z]]
----shard_id [test][6]
--------[test][6], node[MSgO3f-9S-yat_4GxxKW6w], [P], v[1], s[INITIALIZING], a[id=QQlSOWl8SkCKZXtQEROoqQ], unassigned_info[[reason=INDEX_CREATED], at[2016-04-18T07:03:35.060Z]]
--------[test][6], node[null], [R], v[1], s[UNASSIGNED], unassigned_info[[reason=INDEX_CREATED], at[2016-04-18T07:03:35.060Z]]
----shard_id [test][7]
--------[test][7], node[YucHs-5XRNO-JChWAzIIZg], [P], v[2], s[STARTED], a[id=_q3o1C7eRoG3whwcdLSwbQ]
--------[test][7], node[null], [R], v[2], s[UNASSIGNED], unassigned_info[[reason=INDEX_CREATED], at[2016-04-18T07:03:35.060Z]]
----shard_id [test][8]
--------[test][8], node[MSgO3f-9S-yat_4GxxKW6w], [P], v[1], s[INITIALIZING], a[id=JTQGnxGwQleYyzPdjZNnWg], unassigned_info[[reason=INDEX_CREATED], at[2016-04-18T07:03:35.060Z]]
--------[test][8], node[null], [R], v[1], s[UNASSIGNED], unassigned_info[[reason=INDEX_CREATED], at[2016-04-18T07:03:35.060Z]]

routing_nodes:
-----node_id[MSgO3f-9S-yat_4GxxKW6w][V]
--------[test][8], node[MSgO3f-9S-yat_4GxxKW6w], [P], v[1], s[INITIALIZING], a[id=JTQGnxGwQleYyzPdjZNnWg], unassigned_info[[reason=INDEX_CREATED], at[2016-04-18T07:03:35.060Z]]
--------[test][2], node[MSgO3f-9S-yat_4GxxKW6w], [P], v[2], s[STARTED], a[id=baarSFwkRcq8a9G9hXd1-Q]
--------[test][6], node[MSgO3f-9S-yat_4GxxKW6w], [P], v[1], s[INITIALIZING], a[id=QQlSOWl8SkCKZXtQEROoqQ], unassigned_info[[reason=INDEX_CREATED], at[2016-04-18T07:03:35.060Z]]
--------[test][4], node[MSgO3f-9S-yat_4GxxKW6w], [P], v[2], s[STARTED], a[id=p6hLZGI1QdCK1ozNkdummA]
--------[test][0], node[MSgO3f-9S-yat_4GxxKW6w], [P], v[1], s[INITIALIZING], a[id=x-5geQ3STLGnkFrhyWIPig], unassigned_info[[reason=INDEX_CREATED], at[2016-04-18T07:03:35.060Z]]
-----node_id[YucHs-5XRNO-JChWAzIIZg][V]
--------[test][1], node[YucHs-5XRNO-JChWAzIIZg], [P], v[2], s[STARTED], a[id=skolItfmTI6mUEyBLn-4fA]
--------[test][7], node[YucHs-5XRNO-JChWAzIIZg], [P], v[2], s[STARTED], a[id=_q3o1C7eRoG3whwcdLSwbQ]
--------[test][3], node[YucHs-5XRNO-JChWAzIIZg], [P], v[2], s[STARTED], a[id=_WxhJCFGSNa0eq_monQ5AA]
--------[test][2], node[YucHs-5XRNO-JChWAzIIZg], [R], v[2], s[INITIALIZING], a[id=RNqthUztR6-DqnLRLToD-Q], unassigned_info[[reason=INDEX_CREATED], at[2016-04-18T07:03:35.060Z]]
--------[test][5], node[YucHs-5XRNO-JChWAzIIZg], [P], v[2], s[STARTED], a[id=4B5yVDeUTpe5-44KssB7xg]
--------[test][4], node[YucHs-5XRNO-JChWAzIIZg], [R], v[2], s[INITIALIZING], a[id=0erPpWShQUWr0fCKxTfoYQ], unassigned_info[[reason=INDEX_CREATED], at[2016-04-18T07:03:35.060Z]]
---- unassigned
--------[test][8], node[null], [R], v[1], s[UNASSIGNED], unassigned_info[[reason=INDEX_CREATED], at[2016-04-18T07:03:35.060Z]]
--------[test][1], node[null], [R], v[2], s[UNASSIGNED], unassigned_info[[reason=INDEX_CREATED], at[2016-04-18T07:03:35.060Z]]
--------[test][7], node[null], [R], v[2], s[UNASSIGNED], unassigned_info[[reason=INDEX_CREATED], at[2016-04-18T07:03:35.060Z]]
--------[test][3], node[null], [R], v[2], s[UNASSIGNED], unassigned_info[[reason=INDEX_CREATED], at[2016-04-18T07:03:35.060Z]]
--------[test][6], node[null], [R], v[1], s[UNASSIGNED], unassigned_info[[reason=INDEX_CREATED], at[2016-04-18T07:03:35.060Z]]
--------[test][5], node[null], [R], v[2], s[UNASSIGNED], unassigned_info[[reason=INDEX_CREATED], at[2016-04-18T07:03:35.060Z]]
--------[test][0], node[null], [R], v[1], s[UNASSIGNED], unassigned_info[[reason=INDEX_CREATED], at[2016-04-18T07:03:35.060Z]]

[2016-04-18 03:03:35,083][DEBUG][org.elasticsearch.cluster.service] [node_t0] publishing cluster state version [4]
[2016-04-18 03:03:35,083][DEBUG][org.elasticsearch.discovery.zen.publish] [node_t1] received diff cluster state version [4] with uuid [jRMd-OmLTLaFUHa3pF4xFQ], diff size [686]
[2016-04-18 03:03:35,084][TRACE][org.elasticsearch.discovery.zen.publish] [node_t0] master node {node_t1}{YucHs-5XRNO-JChWAzIIZg}{127.0.0.1}{127.0.0.1:9441}[mode=>network] acked cluster state version [4]. processing ... (current pending [1], needed [1])
[2016-04-18 03:03:35,084][TRACE][org.elasticsearch.discovery.zen.publish] [node_t0] committing version [4]
[2016-04-18 03:03:35,084][TRACE][org.elasticsearch.discovery.zen.publish] [node_t0] sending commit for cluster state (uuid: [jRMd-OmLTLaFUHa3pF4xFQ], version [4]) to [{node_t1}{YucHs-5XRNO-JChWAzIIZg}{127.0.0.1}{127.0.0.1:9441}[mode=>network]]
[2016-04-18 03:03:35,084][TRACE][org.elasticsearch.cluster.service] [node_t1] will process [zen-disco-receive(from master [master {node_t0}{MSgO3f-9S-yat_4GxxKW6w}{127.0.0.1}{127.0.0.1:9440}[mode=>network] committed version [4]])]
[2016-04-18 03:03:35,084][DEBUG][org.elasticsearch.cluster.service] [node_t1] processing [zen-disco-receive(from master [master {node_t0}{MSgO3f-9S-yat_4GxxKW6w}{127.0.0.1}{127.0.0.1:9440}[mode=>network] committed version [4]])]: execute
[2016-04-18 03:03:35,084][TRACE][org.elasticsearch.cluster.service] [node_t1] cluster state updated, source [zen-disco-receive(from master [master {node_t0}{MSgO3f-9S-yat_4GxxKW6w}{127.0.0.1}{127.0.0.1:9440}[mode=>network] committed version [4]])]
version: 4
state uuid: jRMd-OmLTLaFUHa3pF4xFQ
from_diff: false
meta data version: 3
nodes: 
   {node_t0}{MSgO3f-9S-yat_4GxxKW6w}{127.0.0.1}{127.0.0.1:9440}[mode=>network], master
   {node_t1}{YucHs-5XRNO-JChWAzIIZg}{127.0.0.1}{127.0.0.1:9441}[mode=>network], local
routing_table (version 3):
-- index [test]
----shard_id [test][0]
--------[test][0], node[MSgO3f-9S-yat_4GxxKW6w], [P], v[1], s[INITIALIZING], a[id=x-5geQ3STLGnkFrhyWIPig], unassigned_info[[reason=INDEX_CREATED], at[2016-04-18T07:03:35.060Z]]
--------[test][0], node[null], [R], v[1], s[UNASSIGNED], unassigned_info[[reason=INDEX_CREATED], at[2016-04-18T07:03:35.060Z]]
----shard_id [test][1]
--------[test][1], node[YucHs-5XRNO-JChWAzIIZg], [P], v[2], s[STARTED], a[id=skolItfmTI6mUEyBLn-4fA]
--------[test][1], node[null], [R], v[2], s[UNASSIGNED], unassigned_info[[reason=INDEX_CREATED], at[2016-04-18T07:03:35.060Z]]
----shard_id [test][2]
--------[test][2], node[MSgO3f-9S-yat_4GxxKW6w], [P], v[2], s[STARTED], a[id=baarSFwkRcq8a9G9hXd1-Q]
--------[test][2], node[YucHs-5XRNO-JChWAzIIZg], [R], v[2], s[INITIALIZING], a[id=RNqthUztR6-DqnLRLToD-Q], unassigned_info[[reason=INDEX_CREATED], at[2016-04-18T07:03:35.060Z]]
----shard_id [test][3]
--------[test][3], node[YucHs-5XRNO-JChWAzIIZg], [P], v[2], s[STARTED], a[id=_WxhJCFGSNa0eq_monQ5AA]
--------[test][3], node[null], [R], v[2], s[UNASSIGNED], unassigned_info[[reason=INDEX_CREATED], at[2016-04-18T07:03:35.060Z]]
----shard_id [test][4]
--------[test][4], node[MSgO3f-9S-yat_4GxxKW6w], [P], v[2], s[STARTED], a[id=p6hLZGI1QdCK1ozNkdummA]
--------[test][4], node[YucHs-5XRNO-JChWAzIIZg], [R], v[2], s[INITIALIZING], a[id=0erPpWShQUWr0fCKxTfoYQ], unassigned_info[[reason=INDEX_CREATED], at[2016-04-18T07:03:35.060Z]]
----shard_id [test][5]
--------[test][5], node[YucHs-5XRNO-JChWAzIIZg], [P], v[2], s[STARTED], a[id=4B5yVDeUTpe5-44KssB7xg]
--------[test][5], node[null], [R], v[2], s[UNASSIGNED], unassigned_info[[reason=INDEX_CREATED], at[2016-04-18T07:03:35.060Z]]
----shard_id [test][6]
--------[test][6], node[MSgO3f-9S-yat_4GxxKW6w], [P], v[1], s[INITIALIZING], a[id=QQlSOWl8SkCKZXtQEROoqQ], unassigned_info[[reason=INDEX_CREATED], at[2016-04-18T07:03:35.060Z]]
--------[test][6], node[null], [R], v[1], s[UNASSIGNED], unassigned_info[[reason=INDEX_CREATED], at[2016-04-18T07:03:35.060Z]]
----shard_id [test][7]
--------[test][7], node[YucHs-5XRNO-JChWAzIIZg], [P], v[2], s[STARTED], a[id=_q3o1C7eRoG3whwcdLSwbQ]
--------[test][7], node[null], [R], v[2], s[UNASSIGNED], unassigned_info[[reason=INDEX_CREATED], at[2016-04-18T07:03:35.060Z]]
----shard_id [test][8]
--------[test][8], node[MSgO3f-9S-yat_4GxxKW6w], [P], v[1], s[INITIALIZING], a[id=JTQGnxGwQleYyzPdjZNnWg], unassigned_info[[reason=INDEX_CREATED], at[2016-04-18T07:03:35.060Z]]
--------[test][8], node[null], [R], v[1], s[UNASSIGNED], unassigned_info[[reason=INDEX_CREATED], at[2016-04-18T07:03:35.060Z]]

routing_nodes:
-----node_id[MSgO3f-9S-yat_4GxxKW6w][V]
--------[test][8], node[MSgO3f-9S-yat_4GxxKW6w], [P], v[1], s[INITIALIZING], a[id=JTQGnxGwQleYyzPdjZNnWg], unassigned_info[[reason=INDEX_CREATED], at[2016-04-18T07:03:35.060Z]]
--------[test][2], node[MSgO3f-9S-yat_4GxxKW6w], [P], v[2], s[STARTED], a[id=baarSFwkRcq8a9G9hXd1-Q]
--------[test][4], node[MSgO3f-9S-yat_4GxxKW6w], [P], v[2], s[STARTED], a[id=p6hLZGI1QdCK1ozNkdummA]
--------[test][6], node[MSgO3f-9S-yat_4GxxKW6w], [P], v[1], s[INITIALIZING], a[id=QQlSOWl8SkCKZXtQEROoqQ], unassigned_info[[reason=INDEX_CREATED], at[2016-04-18T07:03:35.060Z]]
--------[test][0], node[MSgO3f-9S-yat_4GxxKW6w], [P], v[1], s[INITIALIZING], a[id=x-5geQ3STLGnkFrhyWIPig], unassigned_info[[reason=INDEX_CREATED], at[2016-04-18T07:03:35.060Z]]
-----node_id[YucHs-5XRNO-JChWAzIIZg][V]
--------[test][7], node[YucHs-5XRNO-JChWAzIIZg], [P], v[2], s[STARTED], a[id=_q3o1C7eRoG3whwcdLSwbQ]
--------[test][2], node[YucHs-5XRNO-JChWAzIIZg], [R], v[2], s[INITIALIZING], a[id=RNqthUztR6-DqnLRLToD-Q], unassigned_info[[reason=INDEX_CREATED], at[2016-04-18T07:03:35.060Z]]
--------[test][4], node[YucHs-5XRNO-JChWAzIIZg], [R], v[2], s[INITIALIZING], a[id=0erPpWShQUWr0fCKxTfoYQ], unassigned_info[[reason=INDEX_CREATED], at[2016-04-18T07:03:35.060Z]]
--------[test][1], node[YucHs-5XRNO-JChWAzIIZg], [P], v[2], s[STARTED], a[id=skolItfmTI6mUEyBLn-4fA]
--------[test][3], node[YucHs-5XRNO-JChWAzIIZg], [P], v[2], s[STARTED], a[id=_WxhJCFGSNa0eq_monQ5AA]
--------[test][5], node[YucHs-5XRNO-JChWAzIIZg], [P], v[2], s[STARTED], a[id=4B5yVDeUTpe5-44KssB7xg]
---- unassigned
--------[test][7], node[null], [R], v[2], s[UNASSIGNED], unassigned_info[[reason=INDEX_CREATED], at[2016-04-18T07:03:35.060Z]]
--------[test][8], node[null], [R], v[1], s[UNASSIGNED], unassigned_info[[reason=INDEX_CREATED], at[2016-04-18T07:03:35.060Z]]
--------[test][1], node[null], [R], v[2], s[UNASSIGNED], unassigned_info[[reason=INDEX_CREATED], at[2016-04-18T07:03:35.060Z]]
--------[test][3], node[null], [R], v[2], s[UNASSIGNED], unassigned_info[[reason=INDEX_CREATED], at[2016-04-18T07:03:35.060Z]]
--------[test][5], node[null], [R], v[2], s[UNASSIGNED], unassigned_info[[reason=INDEX_CREATED], at[2016-04-18T07:03:35.060Z]]
--------[test][6], node[null], [R], v[1], s[UNASSIGNED], unassigned_info[[reason=INDEX_CREATED], at[2016-04-18T07:03:35.060Z]]
--------[test][0], node[null], [R], v[1], s[UNASSIGNED], unassigned_info[[reason=INDEX_CREATED], at[2016-04-18T07:03:35.060Z]]

[2016-04-18 03:03:35,085][DEBUG][org.elasticsearch.cluster.service] [node_t1] set local cluster state to version 4
[2016-04-18 03:03:35,091][TRACE][org.elasticsearch.gateway] [node_t1] [test] writing state, reason [version changed from [1] to [2]]
[2016-04-18 03:03:35,092][DEBUG][org.elasticsearch.cluster.service] [node_t1] processing [zen-disco-receive(from master [master {node_t0}{MSgO3f-9S-yat_4GxxKW6w}{127.0.0.1}{127.0.0.1:9440}[mode=>network] committed version [4]])]: took 7ms done applying updated cluster_state (version: 4, uuid: jRMd-OmLTLaFUHa3pF4xFQ)
[2016-04-18 03:03:35,092][DEBUG][org.elasticsearch.cluster.service] [node_t0] set local cluster state to version 4
[2016-04-18 03:03:35,095][TRACE][org.elasticsearch.gateway] [node_t0] [test] writing state, reason [version changed from [1] to [2]]
[2016-04-18 03:03:35,096][DEBUG][org.elasticsearch.cluster.service] [node_t0] processing [shard-started ([test][5], node[YucHs-5XRNO-JChWAzIIZg], [P], v[1], s[INITIALIZING], a[id=4B5yVDeUTpe5-44KssB7xg], unassigned_info[[reason=INDEX_CREATED], at[2016-04-18T07:03:35.060Z]]), reason [after recovery from store],shard-started ([test][1], node[YucHs-5XRNO-JChWAzIIZg], [P], v[1], s[INITIALIZING], a[id=skolItfmTI6mUEyBLn-4fA], unassigned_info[[reason=INDEX_CREATED], at[2016-04-18T07:03:35.060Z]]), reason [after recovery from store],shard-started ([test][7], node[YucHs-5XRNO-JChWAzIIZg], [P], v[1], s[INITIALIZING], a[id=_q3o1C7eRoG3whwcdLSwbQ], unassigned_info[[reason=INDEX_CREATED], at[2016-04-18T07:03:35.060Z]]), reason [after recovery from store],shard-started ([test][3], node[YucHs-5XRNO-JChWAzIIZg], [P], v[1], s[INITIALIZING], a[id=_WxhJCFGSNa0eq_monQ5AA], unassigned_info[[reason=INDEX_CREATED], at[2016-04-18T07:03:35.060Z]]), reason [after recovery from store],shard-started ([test][2], node[MSgO3f-9S-yat_4GxxKW6w], [P], v[1], s[INITIALIZING], a[id=baarSFwkRcq8a9G9hXd1-Q], unassigned_info[[reason=INDEX_CREATED], at[2016-04-18T07:03:35.060Z]]), reason [after recovery from store],shard-started ([test][4], node[MSgO3f-9S-yat_4GxxKW6w], [P], v[1], s[INITIALIZING], a[id=p6hLZGI1QdCK1ozNkdummA], unassigned_info[[reason=INDEX_CREATED], at[2016-04-18T07:03:35.060Z]]), reason [after recovery from store]]: took 14ms done applying updated cluster_state (version: 4, uuid: jRMd-OmLTLaFUHa3pF4xFQ)
[2016-04-18 03:03:35,096][TRACE][org.elasticsearch.cluster.service] [node_t0] will process [shard-started ([test][6], node[MSgO3f-9S-yat_4GxxKW6w], [P], v[1], s[INITIALIZING], a[id=QQlSOWl8SkCKZXtQEROoqQ], unassigned_info[[reason=INDEX_CREATED], at[2016-04-18T07:03:35.060Z]]), reason [after recovery from store]]
[2016-04-18 03:03:35,096][TRACE][org.elasticsearch.cluster.service] [node_t0] will process [shard-started ([test][0], node[MSgO3f-9S-yat_4GxxKW6w], [P], v[1], s[INITIALIZING], a[id=x-5geQ3STLGnkFrhyWIPig], unassigned_info[[reason=INDEX_CREATED], at[2016-04-18T07:03:35.060Z]]), reason [after recovery from store]]
[2016-04-18 03:03:35,096][TRACE][org.elasticsearch.cluster.service] [node_t0] will process [shard-started ([test][6], node[MSgO3f-9S-yat_4GxxKW6w], [P], v[1], s[INITIALIZING], a[id=QQlSOWl8SkCKZXtQEROoqQ], unassigned_info[[reason=INDEX_CREATED], at[2016-04-18T07:03:35.060Z]]), reason [master {node_t0}{MSgO3f-9S-yat_4GxxKW6w}{127.0.0.1}{127.0.0.1:9440}[mode=>network] marked shard as initializing, but shard state is [POST_RECOVERY], mark shard as started]]
[2016-04-18 03:03:35,096][TRACE][org.elasticsearch.cluster.service] [node_t0] will process [shard-started ([test][0], node[MSgO3f-9S-yat_4GxxKW6w], [P], v[1], s[INITIALIZING], a[id=x-5geQ3STLGnkFrhyWIPig], unassigned_info[[reason=INDEX_CREATED], at[2016-04-18T07:03:35.060Z]]), reason [master {node_t0}{MSgO3f-9S-yat_4GxxKW6w}{127.0.0.1}{127.0.0.1:9440}[mode=>network] marked shard as initializing, but shard state is [POST_RECOVERY], mark shard as started]]
[2016-04-18 03:03:35,096][DEBUG][org.elasticsearch.cluster.service] [node_t0] processing [shard-started ([test][6], node[MSgO3f-9S-yat_4GxxKW6w], [P], v[1], s[INITIALIZING], a[id=QQlSOWl8SkCKZXtQEROoqQ], unassigned_info[[reason=INDEX_CREATED], at[2016-04-18T07:03:35.060Z]]), reason [after recovery from store],shard-started ([test][0], node[MSgO3f-9S-yat_4GxxKW6w], [P], v[1], s[INITIALIZING], a[id=x-5geQ3STLGnkFrhyWIPig], unassigned_info[[reason=INDEX_CREATED], at[2016-04-18T07:03:35.060Z]]), reason [after recovery from store],shard-started ([test][6], node[MSgO3f-9S-yat_4GxxKW6w], [P], v[1], s[INITIALIZING], a[id=QQlSOWl8SkCKZXtQEROoqQ], unassigned_info[[reason=INDEX_CREATED], at[2016-04-18T07:03:35.060Z]]), reason [master {node_t0}{MSgO3f-9S-yat_4GxxKW6w}{127.0.0.1}{127.0.0.1:9440}[mode=>network] marked shard as initializing, but shard state is [POST_RECOVERY], mark shard as started],shard-started ([test][0], node[MSgO3f-9S-yat_4GxxKW6w], [P], v[1], s[INITIALIZING], a[id=x-5geQ3STLGnkFrhyWIPig], unassigned_info[[reason=INDEX_CREATED], at[2016-04-18T07:03:35.060Z]]), reason [master {node_t0}{MSgO3f-9S-yat_4GxxKW6w}{127.0.0.1}{127.0.0.1:9440}[mode=>network] marked shard as initializing, but shard state is [POST_RECOVERY], mark shard as started]]: execute
[2016-04-18 03:03:35,096][TRACE][org.elasticsearch.cluster.service] [node_t0] cluster state updated, source [shard-started ([test][6], node[MSgO3f-9S-yat_4GxxKW6w], [P], v[1], s[INITIALIZING], a[id=QQlSOWl8SkCKZXtQEROoqQ], unassigned_info[[reason=INDEX_CREATED], at[2016-04-18T07:03:35.060Z]]), reason [after recovery from store],shard-started ([test][0], node[MSgO3f-9S-yat_4GxxKW6w], [P], v[1], s[INITIALIZING], a[id=x-5geQ3STLGnkFrhyWIPig], unassigned_info[[reason=INDEX_CREATED], at[2016-04-18T07:03:35.060Z]]), reason [after recovery from store],shard-started ([test][6], node[MSgO3f-9S-yat_4GxxKW6w], [P], v[1], s[INITIALIZING], a[id=QQlSOWl8SkCKZXtQEROoqQ], unassigned_info[[reason=INDEX_CREATED], at[2016-04-18T07:03:35.060Z]]), reason [master {node_t0}{MSgO3f-9S-yat_4GxxKW6w}{127.0.0.1}{127.0.0.1:9440}[mode=>network] marked shard as initializing, but shard state is [POST_RECOVERY], mark shard as started],shard-started ([test][0], node[MSgO3f-9S-yat_4GxxKW6w], [P], v[1], s[INITIALIZING], a[id=x-5geQ3STLGnkFrhyWIPig], unassigned_info[[reason=INDEX_CREATED], at[2016-04-18T07:03:35.060Z]]), reason [master {node_t0}{MSgO3f-9S-yat_4GxxKW6w}{127.0.0.1}{127.0.0.1:9440}[mode=>network] marked shard as initializing, but shard state is [POST_RECOVERY], mark shard as started]]
version: 5
state uuid: Jni_kEvvQSaDKFv54SuWzQ
from_diff: false
meta data version: 4
nodes: 
   {node_t0}{MSgO3f-9S-yat_4GxxKW6w}{127.0.0.1}{127.0.0.1:9440}[mode=>network], local, master
   {node_t1}{YucHs-5XRNO-JChWAzIIZg}{127.0.0.1}{127.0.0.1:9441}[mode=>network]
routing_table (version 4):
-- index [test]
----shard_id [test][0]
--------[test][0], node[MSgO3f-9S-yat_4GxxKW6w], [P], v[2], s[STARTED], a[id=x-5geQ3STLGnkFrhyWIPig]
--------[test][0], node[YucHs-5XRNO-JChWAzIIZg], [R], v[2], s[INITIALIZING], a[id=Z8oM2vxwSmiUDNdNNYmYpA], unassigned_info[[reason=INDEX_CREATED], at[2016-04-18T07:03:35.060Z]]
----shard_id [test][1]
--------[test][1], node[MSgO3f-9S-yat_4GxxKW6w], [R], v[3], s[INITIALIZING], a[id=L4IKaQHuRgGb1w_n7xmmKQ], unassigned_info[[reason=INDEX_CREATED], at[2016-04-18T07:03:35.060Z]]
--------[test][1], node[YucHs-5XRNO-JChWAzIIZg], [P], v[3], s[STARTED], a[id=skolItfmTI6mUEyBLn-4fA]
----shard_id [test][2]
--------[test][2], node[MSgO3f-9S-yat_4GxxKW6w], [P], v[2], s[STARTED], a[id=baarSFwkRcq8a9G9hXd1-Q]
--------[test][2], node[YucHs-5XRNO-JChWAzIIZg], [R], v[2], s[INITIALIZING], a[id=RNqthUztR6-DqnLRLToD-Q], unassigned_info[[reason=INDEX_CREATED], at[2016-04-18T07:03:35.060Z]]
----shard_id [test][3]
--------[test][3], node[MSgO3f-9S-yat_4GxxKW6w], [R], v[3], s[INITIALIZING], a[id=4hIWv-TuSVu4m7J22t3IKw], unassigned_info[[reason=INDEX_CREATED], at[2016-04-18T07:03:35.060Z]]
--------[test][3], node[YucHs-5XRNO-JChWAzIIZg], [P], v[3], s[STARTED], a[id=_WxhJCFGSNa0eq_monQ5AA]
----shard_id [test][4]
--------[test][4], node[MSgO3f-9S-yat_4GxxKW6w], [P], v[2], s[STARTED], a[id=p6hLZGI1QdCK1ozNkdummA]
--------[test][4], node[YucHs-5XRNO-JChWAzIIZg], [R], v[2], s[INITIALIZING], a[id=0erPpWShQUWr0fCKxTfoYQ], unassigned_info[[reason=INDEX_CREATED], at[2016-04-18T07:03:35.060Z]]
----shard_id [test][5]
--------[test][5], node[YucHs-5XRNO-JChWAzIIZg], [P], v[2], s[STARTED], a[id=4B5yVDeUTpe5-44KssB7xg]
--------[test][5], node[null], [R], v[2], s[UNASSIGNED], unassigned_info[[reason=INDEX_CREATED], at[2016-04-18T07:03:35.060Z]]
----shard_id [test][6]
--------[test][6], node[MSgO3f-9S-yat_4GxxKW6w], [P], v[2], s[STARTED], a[id=QQlSOWl8SkCKZXtQEROoqQ]
--------[test][6], node[null], [R], v[2], s[UNASSIGNED], unassigned_info[[reason=INDEX_CREATED], at[2016-04-18T07:03:35.060Z]]
----shard_id [test][7]
--------[test][7], node[YucHs-5XRNO-JChWAzIIZg], [P], v[2], s[STARTED], a[id=_q3o1C7eRoG3whwcdLSwbQ]
--------[test][7], node[null], [R], v[2], s[UNASSIGNED], unassigned_info[[reason=INDEX_CREATED], at[2016-04-18T07:03:35.060Z]]
----shard_id [test][8]
--------[test][8], node[MSgO3f-9S-yat_4GxxKW6w], [P], v[1], s[INITIALIZING], a[id=JTQGnxGwQleYyzPdjZNnWg], unassigned_info[[reason=INDEX_CREATED], at[2016-04-18T07:03:35.060Z]]
--------[test][8], node[null], [R], v[1], s[UNASSIGNED], unassigned_info[[reason=INDEX_CREATED], at[2016-04-18T07:03:35.060Z]]

routing_nodes:
-----node_id[MSgO3f-9S-yat_4GxxKW6w][V]
--------[test][8], node[MSgO3f-9S-yat_4GxxKW6w], [P], v[1], s[INITIALIZING], a[id=JTQGnxGwQleYyzPdjZNnWg], unassigned_info[[reason=INDEX_CREATED], at[2016-04-18T07:03:35.060Z]]
--------[test][3], node[MSgO3f-9S-yat_4GxxKW6w], [R], v[3], s[INITIALIZING], a[id=4hIWv-TuSVu4m7J22t3IKw], unassigned_info[[reason=INDEX_CREATED], at[2016-04-18T07:03:35.060Z]]
--------[test][2], node[MSgO3f-9S-yat_4GxxKW6w], [P], v[2], s[STARTED], a[id=baarSFwkRcq8a9G9hXd1-Q]
--------[test][1], node[MSgO3f-9S-yat_4GxxKW6w], [R], v[3], s[INITIALIZING], a[id=L4IKaQHuRgGb1w_n7xmmKQ], unassigned_info[[reason=INDEX_CREATED], at[2016-04-18T07:03:35.060Z]]
--------[test][4], node[MSgO3f-9S-yat_4GxxKW6w], [P], v[2], s[STARTED], a[id=p6hLZGI1QdCK1ozNkdummA]
--------[test][6], node[MSgO3f-9S-yat_4GxxKW6w], [P], v[2], s[STARTED], a[id=QQlSOWl8SkCKZXtQEROoqQ]
--------[test][0], node[MSgO3f-9S-yat_4GxxKW6w], [P], v[2], s[STARTED], a[id=x-5geQ3STLGnkFrhyWIPig]
-----node_id[YucHs-5XRNO-JChWAzIIZg][V]
--------[test][7], node[YucHs-5XRNO-JChWAzIIZg], [P], v[2], s[STARTED], a[id=_q3o1C7eRoG3whwcdLSwbQ]
--------[test][3], node[YucHs-5XRNO-JChWAzIIZg], [P], v[3], s[STARTED], a[id=_WxhJCFGSNa0eq_monQ5AA]
--------[test][2], node[YucHs-5XRNO-JChWAzIIZg], [R], v[2], s[INITIALIZING], a[id=RNqthUztR6-DqnLRLToD-Q], unassigned_info[[reason=INDEX_CREATED], at[2016-04-18T07:03:35.060Z]]
--------[test][5], node[YucHs-5XRNO-JChWAzIIZg], [P], v[2], s[STARTED], a[id=4B5yVDeUTpe5-44KssB7xg]
--------[test][1], node[YucHs-5XRNO-JChWAzIIZg], [P], v[3], s[STARTED], a[id=skolItfmTI6mUEyBLn-4fA]
--------[test][4], node[YucHs-5XRNO-JChWAzIIZg], [R], v[2], s[INITIALIZING], a[id=0erPpWShQUWr0fCKxTfoYQ], unassigned_info[[reason=INDEX_CREATED], at[2016-04-18T07:03:35.060Z]]
--------[test][0], node[YucHs-5XRNO-JChWAzIIZg], [R], v[2], s[INITIALIZING], a[id=Z8oM2vxwSmiUDNdNNYmYpA], unassigned_info[[reason=INDEX_CREATED], at[2016-04-18T07:03:35.060Z]]
---- unassigned
--------[test][8], node[null], [R], v[1], s[UNASSIGNED], unassigned_info[[reason=INDEX_CREATED], at[2016-04-18T07:03:35.060Z]]
--------[test][7], node[null], [R], v[2], s[UNASSIGNED], unassigned_info[[reason=INDEX_CREATED], at[2016-04-18T07:03:35.060Z]]
--------[test][5], node[null], [R], v[2], s[UNASSIGNED], unassigned_info[[reason=INDEX_CREATED], at[2016-04-18T07:03:35.060Z]]
--------[test][6], node[null], [R], v[2], s[UNASSIGNED], unassigned_info[[reason=INDEX_CREATED], at[2016-04-18T07:03:35.060Z]]

[2016-04-18 03:03:35,097][DEBUG][org.elasticsearch.cluster.service] [node_t0] publishing cluster state version [5]
[2016-04-18 03:03:35,097][DEBUG][org.elasticsearch.discovery.zen.publish] [node_t1] received diff cluster state version [5] with uuid [Jni_kEvvQSaDKFv54SuWzQ], diff size [743]
[2016-04-18 03:03:35,098][TRACE][org.elasticsearch.discovery.zen.publish] [node_t0] master node {node_t1}{YucHs-5XRNO-JChWAzIIZg}{127.0.0.1}{127.0.0.1:9441}[mode=>network] acked cluster state version [5]. processing ... (current pending [1], needed [1])
[2016-04-18 03:03:35,098][TRACE][org.elasticsearch.discovery.zen.publish] [node_t0] committing version [5]
[2016-04-18 03:03:35,098][TRACE][org.elasticsearch.discovery.zen.publish] [node_t0] sending commit for cluster state (uuid: [Jni_kEvvQSaDKFv54SuWzQ], version [5]) to [{node_t1}{YucHs-5XRNO-JChWAzIIZg}{127.0.0.1}{127.0.0.1:9441}[mode=>network]]
[2016-04-18 03:03:35,098][TRACE][org.elasticsearch.cluster.service] [node_t1] will process [zen-disco-receive(from master [master {node_t0}{MSgO3f-9S-yat_4GxxKW6w}{127.0.0.1}{127.0.0.1:9440}[mode=>network] committed version [5]])]
[2016-04-18 03:03:35,098][DEBUG][org.elasticsearch.cluster.service] [node_t1] processing [zen-disco-receive(from master [master {node_t0}{MSgO3f-9S-yat_4GxxKW6w}{127.0.0.1}{127.0.0.1:9440}[mode=>network] committed version [5]])]: execute
[2016-04-18 03:03:35,098][TRACE][org.elasticsearch.cluster.service] [node_t1] cluster state updated, source [zen-disco-receive(from master [master {node_t0}{MSgO3f-9S-yat_4GxxKW6w}{127.0.0.1}{127.0.0.1:9440}[mode=>network] committed version [5]])]
version: 5
state uuid: Jni_kEvvQSaDKFv54SuWzQ
from_diff: false
meta data version: 4
nodes: 
   {node_t0}{MSgO3f-9S-yat_4GxxKW6w}{127.0.0.1}{127.0.0.1:9440}[mode=>network], master
   {node_t1}{YucHs-5XRNO-JChWAzIIZg}{127.0.0.1}{127.0.0.1:9441}[mode=>network], local
routing_table (version 4):
-- index [test]
----shard_id [test][0]
--------[test][0], node[MSgO3f-9S-yat_4GxxKW6w], [P], v[2], s[STARTED], a[id=x-5geQ3STLGnkFrhyWIPig]
--------[test][0], node[YucHs-5XRNO-JChWAzIIZg], [R], v[2], s[INITIALIZING], a[id=Z8oM2vxwSmiUDNdNNYmYpA], unassigned_info[[reason=INDEX_CREATED], at[2016-04-18T07:03:35.060Z]]
----shard_id [test][1]
--------[test][1], node[MSgO3f-9S-yat_4GxxKW6w], [R], v[3], s[INITIALIZING], a[id=L4IKaQHuRgGb1w_n7xmmKQ], unassigned_info[[reason=INDEX_CREATED], at[2016-04-18T07:03:35.060Z]]
--------[test][1], node[YucHs-5XRNO-JChWAzIIZg], [P], v[3], s[STARTED], a[id=skolItfmTI6mUEyBLn-4fA]
----shard_id [test][2]
--------[test][2], node[MSgO3f-9S-yat_4GxxKW6w], [P], v[2], s[STARTED], a[id=baarSFwkRcq8a9G9hXd1-Q]
--------[test][2], node[YucHs-5XRNO-JChWAzIIZg], [R], v[2], s[INITIALIZING], a[id=RNqthUztR6-DqnLRLToD-Q], unassigned_info[[reason=INDEX_CREATED], at[2016-04-18T07:03:35.060Z]]
----shard_id [test][3]
--------[test][3], node[MSgO3f-9S-yat_4GxxKW6w], [R], v[3], s[INITIALIZING], a[id=4hIWv-TuSVu4m7J22t3IKw], unassigned_info[[reason=INDEX_CREATED], at[2016-04-18T07:03:35.060Z]]
--------[test][3], node[YucHs-5XRNO-JChWAzIIZg], [P], v[3], s[STARTED], a[id=_WxhJCFGSNa0eq_monQ5AA]
----shard_id [test][4]
--------[test][4], node[MSgO3f-9S-yat_4GxxKW6w], [P], v[2], s[STARTED], a[id=p6hLZGI1QdCK1ozNkdummA]
--------[test][4], node[YucHs-5XRNO-JChWAzIIZg], [R], v[2], s[INITIALIZING], a[id=0erPpWShQUWr0fCKxTfoYQ], unassigned_info[[reason=INDEX_CREATED], at[2016-04-18T07:03:35.060Z]]
----shard_id [test][5]
--------[test][5], node[YucHs-5XRNO-JChWAzIIZg], [P], v[2], s[STARTED], a[id=4B5yVDeUTpe5-44KssB7xg]
--------[test][5], node[null], [R], v[2], s[UNASSIGNED], unassigned_info[[reason=INDEX_CREATED], at[2016-04-18T07:03:35.060Z]]
----shard_id [test][6]
--------[test][6], node[MSgO3f-9S-yat_4GxxKW6w], [P], v[2], s[STARTED], a[id=QQlSOWl8SkCKZXtQEROoqQ]
--------[test][6], node[null], [R], v[2], s[UNASSIGNED], unassigned_info[[reason=INDEX_CREATED], at[2016-04-18T07:03:35.060Z]]
----shard_id [test][7]
--------[test][7], node[YucHs-5XRNO-JChWAzIIZg], [P], v[2], s[STARTED], a[id=_q3o1C7eRoG3whwcdLSwbQ]
--------[test][7], node[null], [R], v[2], s[UNASSIGNED], unassigned_info[[reason=INDEX_CREATED], at[2016-04-18T07:03:35.060Z]]
----shard_id [test][8]
--------[test][8], node[MSgO3f-9S-yat_4GxxKW6w], [P], v[1], s[INITIALIZING], a[id=JTQGnxGwQleYyzPdjZNnWg], unassigned_info[[reason=INDEX_CREATED], at[2016-04-18T07:03:35.060Z]]
--------[test][8], node[null], [R], v[1], s[UNASSIGNED], unassigned_info[[reason=INDEX_CREATED], at[2016-04-18T07:03:35.060Z]]

routing_nodes:
-----node_id[MSgO3f-9S-yat_4GxxKW6w][V]
--------[test][3], node[MSgO3f-9S-yat_4GxxKW6w], [R], v[3], s[INITIALIZING], a[id=4hIWv-TuSVu4m7J22t3IKw], unassigned_info[[reason=INDEX_CREATED], at[2016-04-18T07:03:35.060Z]]
--------[test][6], node[MSgO3f-9S-yat_4GxxKW6w], [P], v[2], s[STARTED], a[id=QQlSOWl8SkCKZXtQEROoqQ]
--------[test][1], node[MSgO3f-9S-yat_4GxxKW6w], [R], v[3], s[INITIALIZING], a[id=L4IKaQHuRgGb1w_n7xmmKQ], unassigned_info[[reason=INDEX_CREATED], at[2016-04-18T07:03:35.060Z]]
--------[test][2], node[MSgO3f-9S-yat_4GxxKW6w], [P], v[2], s[STARTED], a[id=baarSFwkRcq8a9G9hXd1-Q]
--------[test][8], node[MSgO3f-9S-yat_4GxxKW6w], [P], v[1], s[INITIALIZING], a[id=JTQGnxGwQleYyzPdjZNnWg], unassigned_info[[reason=INDEX_CREATED], at[2016-04-18T07:03:35.060Z]]
--------[test][4], node[MSgO3f-9S-yat_4GxxKW6w], [P], v[2], s[STARTED], a[id=p6hLZGI1QdCK1ozNkdummA]
--------[test][0], node[MSgO3f-9S-yat_4GxxKW6w], [P], v[2], s[STARTED], a[id=x-5geQ3STLGnkFrhyWIPig]
-----node_id[YucHs-5XRNO-JChWAzIIZg][V]
--------[test][3], node[YucHs-5XRNO-JChWAzIIZg], [P], v[3], s[STARTED], a[id=_WxhJCFGSNa0eq_monQ5AA]
--------[test][1], node[YucHs-5XRNO-JChWAzIIZg], [P], v[3], s[STARTED], a[id=skolItfmTI6mUEyBLn-4fA]
--------[test][7], node[YucHs-5XRNO-JChWAzIIZg], [P], v[2], s[STARTED], a[id=_q3o1C7eRoG3whwcdLSwbQ]
--------[test][2], node[YucHs-5XRNO-JChWAzIIZg], [R], v[2], s[INITIALIZING], a[id=RNqthUztR6-DqnLRLToD-Q], unassigned_info[[reason=INDEX_CREATED], at[2016-04-18T07:03:35.060Z]]
--------[test][4], node[YucHs-5XRNO-JChWAzIIZg], [R], v[2], s[INITIALIZING], a[id=0erPpWShQUWr0fCKxTfoYQ], unassigned_info[[reason=INDEX_CREATED], at[2016-04-18T07:03:35.060Z]]
--------[test][5], node[YucHs-5XRNO-JChWAzIIZg], [P], v[2], s[STARTED], a[id=4B5yVDeUTpe5-44KssB7xg]
--------[test][0], node[YucHs-5XRNO-JChWAzIIZg], [R], v[2], s[INITIALIZING], a[id=Z8oM2vxwSmiUDNdNNYmYpA], unassigned_info[[reason=INDEX_CREATED], at[2016-04-18T07:03:35.060Z]]
---- unassigned
--------[test][6], node[null], [R], v[2], s[UNASSIGNED], unassigned_info[[reason=INDEX_CREATED], at[2016-04-18T07:03:35.060Z]]
--------[test][7], node[null], [R], v[2], s[UNASSIGNED], unassigned_info[[reason=INDEX_CREATED], at[2016-04-18T07:03:35.060Z]]
--------[test][8], node[null], [R], v[1], s[UNASSIGNED], unassigned_info[[reason=INDEX_CREATED], at[2016-04-18T07:03:35.060Z]]
--------[test][5], node[null], [R], v[2], s[UNASSIGNED], unassigned_info[[reason=INDEX_CREATED], at[2016-04-18T07:03:35.060Z]]

[2016-04-18 03:03:35,099][DEBUG][org.elasticsearch.cluster.service] [node_t1] set local cluster state to version 5
[2016-04-18 03:03:35,102][TRACE][org.elasticsearch.gateway] [node_t1] [test] writing state, reason [version changed from [2] to [3]]
[2016-04-18 03:03:35,103][DEBUG][org.elasticsearch.cluster.service] [node_t1] processing [zen-disco-receive(from master [master {node_t0}{MSgO3f-9S-yat_4GxxKW6w}{127.0.0.1}{127.0.0.1:9440}[mode=>network] committed version [5]])]: took 4ms done applying updated cluster_state (version: 5, uuid: Jni_kEvvQSaDKFv54SuWzQ)
[2016-04-18 03:03:35,103][DEBUG][org.elasticsearch.cluster.service] [node_t0] set local cluster state to version 5
[2016-04-18 03:03:35,109][TRACE][org.elasticsearch.gateway] [node_t0] [test] writing state, reason [version changed from [2] to [3]]
[2016-04-18 03:03:35,110][DEBUG][org.elasticsearch.cluster.service] [node_t0] processing [shard-started ([test][6], node[MSgO3f-9S-yat_4GxxKW6w], [P], v[1], s[INITIALIZING], a[id=QQlSOWl8SkCKZXtQEROoqQ], unassigned_info[[reason=INDEX_CREATED], at[2016-04-18T07:03:35.060Z]]), reason [after recovery from store],shard-started ([test][0], node[MSgO3f-9S-yat_4GxxKW6w], [P], v[1], s[INITIALIZING], a[id=x-5geQ3STLGnkFrhyWIPig], unassigned_info[[reason=INDEX_CREATED], at[2016-04-18T07:03:35.060Z]]), reason [after recovery from store],shard-started ([test][6], node[MSgO3f-9S-yat_4GxxKW6w], [P], v[1], s[INITIALIZING], a[id=QQlSOWl8SkCKZXtQEROoqQ], unassigned_info[[reason=INDEX_CREATED], at[2016-04-18T07:03:35.060Z]]), reason [master {node_t0}{MSgO3f-9S-yat_4GxxKW6w}{127.0.0.1}{127.0.0.1:9440}[mode=>network] marked shard as initializing, but shard state is [POST_RECOVERY], mark shard as started],shard-started ([test][0], node[MSgO3f-9S-yat_4GxxKW6w], [P], v[1], s[INITIALIZING], a[id=x-5geQ3STLGnkFrhyWIPig], unassigned_info[[reason=INDEX_CREATED], at[2016-04-18T07:03:35.060Z]]), reason [master {node_t0}{MSgO3f-9S-yat_4GxxKW6w}{127.0.0.1}{127.0.0.1:9440}[mode=>network] marked shard as initializing, but shard state is [POST_RECOVERY], mark shard as started]]: took 14ms done applying updated cluster_state (version: 5, uuid: Jni_kEvvQSaDKFv54SuWzQ)
[2016-04-18 03:03:35,110][TRACE][org.elasticsearch.cluster.service] [node_t0] will process [shard-started ([test][8], node[MSgO3f-9S-yat_4GxxKW6w], [P], v[1], s[INITIALIZING], a[id=JTQGnxGwQleYyzPdjZNnWg], unassigned_info[[reason=INDEX_CREATED], at[2016-04-18T07:03:35.060Z]]), reason [after recovery from store]]
[2016-04-18 03:03:35,110][TRACE][org.elasticsearch.cluster.service] [node_t0] will process [shard-started ([test][8], node[MSgO3f-9S-yat_4GxxKW6w], [P], v[1], s[INITIALIZING], a[id=JTQGnxGwQleYyzPdjZNnWg], unassigned_info[[reason=INDEX_CREATED], at[2016-04-18T07:03:35.060Z]]), reason [master {node_t0}{MSgO3f-9S-yat_4GxxKW6w}{127.0.0.1}{127.0.0.1:9440}[mode=>network] marked shard as initializing, but shard state is [POST_RECOVERY], mark shard as started]]
[2016-04-18 03:03:35,110][DEBUG][org.elasticsearch.cluster.service] [node_t0] processing [shard-started ([test][8], node[MSgO3f-9S-yat_4GxxKW6w], [P], v[1], s[INITIALIZING], a[id=JTQGnxGwQleYyzPdjZNnWg], unassigned_info[[reason=INDEX_CREATED], at[2016-04-18T07:03:35.060Z]]), reason [after recovery from store],shard-started ([test][8], node[MSgO3f-9S-yat_4GxxKW6w], [P], v[1], s[INITIALIZING], a[id=JTQGnxGwQleYyzPdjZNnWg], unassigned_info[[reason=INDEX_CREATED], at[2016-04-18T07:03:35.060Z]]), reason [master {node_t0}{MSgO3f-9S-yat_4GxxKW6w}{127.0.0.1}{127.0.0.1:9440}[mode=>network] marked shard as initializing, but shard state is [POST_RECOVERY], mark shard as started]]: execute
[2016-04-18 03:03:35,111][TRACE][org.elasticsearch.cluster.service] [node_t0] cluster state updated, source [shard-started ([test][8], node[MSgO3f-9S-yat_4GxxKW6w], [P], v[1], s[INITIALIZING], a[id=JTQGnxGwQleYyzPdjZNnWg], unassigned_info[[reason=INDEX_CREATED], at[2016-04-18T07:03:35.060Z]]), reason [after recovery from store],shard-started ([test][8], node[MSgO3f-9S-yat_4GxxKW6w], [P], v[1], s[INITIALIZING], a[id=JTQGnxGwQleYyzPdjZNnWg], unassigned_info[[reason=INDEX_CREATED], at[2016-04-18T07:03:35.060Z]]), reason [master {node_t0}{MSgO3f-9S-yat_4GxxKW6w}{127.0.0.1}{127.0.0.1:9440}[mode=>network] marked shard as initializing, but shard state is [POST_RECOVERY], mark shard as started]]
version: 6
state uuid: WYGJ6EsnSfGFGyXyFtGmbQ
from_diff: false
meta data version: 5
nodes: 
   {node_t0}{MSgO3f-9S-yat_4GxxKW6w}{127.0.0.1}{127.0.0.1:9440}[mode=>network], local, master
   {node_t1}{YucHs-5XRNO-JChWAzIIZg}{127.0.0.1}{127.0.0.1:9441}[mode=>network]
routing_table (version 5):
-- index [test]
----shard_id [test][0]
--------[test][0], node[MSgO3f-9S-yat_4GxxKW6w], [P], v[2], s[STARTED], a[id=x-5geQ3STLGnkFrhyWIPig]
--------[test][0], node[YucHs-5XRNO-JChWAzIIZg], [R], v[2], s[INITIALIZING], a[id=Z8oM2vxwSmiUDNdNNYmYpA], unassigned_info[[reason=INDEX_CREATED], at[2016-04-18T07:03:35.060Z]]
----shard_id [test][1]
--------[test][1], node[MSgO3f-9S-yat_4GxxKW6w], [R], v[3], s[INITIALIZING], a[id=L4IKaQHuRgGb1w_n7xmmKQ], unassigned_info[[reason=INDEX_CREATED], at[2016-04-18T07:03:35.060Z]]
--------[test][1], node[YucHs-5XRNO-JChWAzIIZg], [P], v[3], s[STARTED], a[id=skolItfmTI6mUEyBLn-4fA]
----shard_id [test][2]
--------[test][2], node[MSgO3f-9S-yat_4GxxKW6w], [P], v[2], s[STARTED], a[id=baarSFwkRcq8a9G9hXd1-Q]
--------[test][2], node[YucHs-5XRNO-JChWAzIIZg], [R], v[2], s[INITIALIZING], a[id=RNqthUztR6-DqnLRLToD-Q], unassigned_info[[reason=INDEX_CREATED], at[2016-04-18T07:03:35.060Z]]
----shard_id [test][3]
--------[test][3], node[MSgO3f-9S-yat_4GxxKW6w], [R], v[3], s[INITIALIZING], a[id=4hIWv-TuSVu4m7J22t3IKw], unassigned_info[[reason=INDEX_CREATED], at[2016-04-18T07:03:35.060Z]]
--------[test][3], node[YucHs-5XRNO-JChWAzIIZg], [P], v[3], s[STARTED], a[id=_WxhJCFGSNa0eq_monQ5AA]
----shard_id [test][4]
--------[test][4], node[MSgO3f-9S-yat_4GxxKW6w], [P], v[2], s[STARTED], a[id=p6hLZGI1QdCK1ozNkdummA]
--------[test][4], node[YucHs-5XRNO-JChWAzIIZg], [R], v[2], s[INITIALIZING], a[id=0erPpWShQUWr0fCKxTfoYQ], unassigned_info[[reason=INDEX_CREATED], at[2016-04-18T07:03:35.060Z]]
----shard_id [test][5]
--------[test][5], node[MSgO3f-9S-yat_4GxxKW6w], [R], v[3], s[INITIALIZING], a[id=rmWrwhCARDGyronYRXQ-Tw], unassigned_info[[reason=INDEX_CREATED], at[2016-04-18T07:03:35.060Z]]
--------[test][5], node[YucHs-5XRNO-JChWAzIIZg], [P], v[3], s[STARTED], a[id=4B5yVDeUTpe5-44KssB7xg]
----shard_id [test][6]
--------[test][6], node[MSgO3f-9S-yat_4GxxKW6w], [P], v[2], s[STARTED], a[id=QQlSOWl8SkCKZXtQEROoqQ]
--------[test][6], node[null], [R], v[2], s[UNASSIGNED], unassigned_info[[reason=INDEX_CREATED], at[2016-04-18T07:03:35.060Z]]
----shard_id [test][7]
--------[test][7], node[YucHs-5XRNO-JChWAzIIZg], [P], v[2], s[STARTED], a[id=_q3o1C7eRoG3whwcdLSwbQ]
--------[test][7], node[null], [R], v[2], s[UNASSIGNED], unassigned_info[[reason=INDEX_CREATED], at[2016-04-18T07:03:35.060Z]]
----shard_id [test][8]
--------[test][8], node[MSgO3f-9S-yat_4GxxKW6w], [P], v[2], s[STARTED], a[id=JTQGnxGwQleYyzPdjZNnWg]
--------[test][8], node[null], [R], v[2], s[UNASSIGNED], unassigned_info[[reason=INDEX_CREATED], at[2016-04-18T07:03:35.060Z]]

routing_nodes:
-----node_id[MSgO3f-9S-yat_4GxxKW6w][V]
--------[test][2], node[MSgO3f-9S-yat_4GxxKW6w], [P], v[2], s[STARTED], a[id=baarSFwkRcq8a9G9hXd1-Q]
--------[test][1], node[MSgO3f-9S-yat_4GxxKW6w], [R], v[3], s[INITIALIZING], a[id=L4IKaQHuRgGb1w_n7xmmKQ], unassigned_info[[reason=INDEX_CREATED], at[2016-04-18T07:03:35.060Z]]
--------[test][8], node[MSgO3f-9S-yat_4GxxKW6w], [P], v[2], s[STARTED], a[id=JTQGnxGwQleYyzPdjZNnWg]
--------[test][5], node[MSgO3f-9S-yat_4GxxKW6w], [R], v[3], s[INITIALIZING], a[id=rmWrwhCARDGyronYRXQ-Tw], unassigned_info[[reason=INDEX_CREATED], at[2016-04-18T07:03:35.060Z]]
--------[test][6], node[MSgO3f-9S-yat_4GxxKW6w], [P], v[2], s[STARTED], a[id=QQlSOWl8SkCKZXtQEROoqQ]
--------[test][3], node[MSgO3f-9S-yat_4GxxKW6w], [R], v[3], s[INITIALIZING], a[id=4hIWv-TuSVu4m7J22t3IKw], unassigned_info[[reason=INDEX_CREATED], at[2016-04-18T07:03:35.060Z]]
--------[test][4], node[MSgO3f-9S-yat_4GxxKW6w], [P], v[2], s[STARTED], a[id=p6hLZGI1QdCK1ozNkdummA]
--------[test][0], node[MSgO3f-9S-yat_4GxxKW6w], [P], v[2], s[STARTED], a[id=x-5geQ3STLGnkFrhyWIPig]
-----node_id[YucHs-5XRNO-JChWAzIIZg][V]
--------[test][7], node[YucHs-5XRNO-JChWAzIIZg], [P], v[2], s[STARTED], a[id=_q3o1C7eRoG3whwcdLSwbQ]
--------[test][2], node[YucHs-5XRNO-JChWAzIIZg], [R], v[2], s[INITIALIZING], a[id=RNqthUztR6-DqnLRLToD-Q], unassigned_info[[reason=INDEX_CREATED], at[2016-04-18T07:03:35.060Z]]
--------[test][1], node[YucHs-5XRNO-JChWAzIIZg], [P], v[3], s[STARTED], a[id=skolItfmTI6mUEyBLn-4fA]
--------[test][5], node[YucHs-5XRNO-JChWAzIIZg], [P], v[3], s[STARTED], a[id=4B5yVDeUTpe5-44KssB7xg]
--------[test][3], node[YucHs-5XRNO-JChWAzIIZg], [P], v[3], s[STARTED], a[id=_WxhJCFGSNa0eq_monQ5AA]
--------[test][4], node[YucHs-5XRNO-JChWAzIIZg], [R], v[2], s[INITIALIZING], a[id=0erPpWShQUWr0fCKxTfoYQ], unassigned_info[[reason=INDEX_CREATED], at[2016-04-18T07:03:35.060Z]]
--------[test][0], node[YucHs-5XRNO-JChWAzIIZg], [R], v[2], s[INITIALIZING], a[id=Z8oM2vxwSmiUDNdNNYmYpA], unassigned_info[[reason=INDEX_CREATED], at[2016-04-18T07:03:35.060Z]]
---- unassigned
--------[test][7], node[null], [R], v[2], s[UNASSIGNED], unassigned_info[[reason=INDEX_CREATED], at[2016-04-18T07:03:35.060Z]]
--------[test][8], node[null], [R], v[2], s[UNASSIGNED], unassigned_info[[reason=INDEX_CREATED], at[2016-04-18T07:03:35.060Z]]
--------[test][6], node[null], [R], v[2], s[UNASSIGNED], unassigned_info[[reason=INDEX_CREATED], at[2016-04-18T07:03:35.060Z]]

[2016-04-18 03:03:35,111][DEBUG][org.elasticsearch.cluster.service] [node_t0] publishing cluster state version [6]
[2016-04-18 03:03:35,112][DEBUG][org.elasticsearch.discovery.zen.publish] [node_t1] received diff cluster state version [6] with uuid [WYGJ6EsnSfGFGyXyFtGmbQ], diff size [740]
[2016-04-18 03:03:35,112][TRACE][org.elasticsearch.discovery.zen.publish] [node_t0] master node {node_t1}{YucHs-5XRNO-JChWAzIIZg}{127.0.0.1}{127.0.0.1:9441}[mode=>network] acked cluster state version [6]. processing ... (current pending [1], needed [1])
[2016-04-18 03:03:35,112][TRACE][org.elasticsearch.discovery.zen.publish] [node_t0] committing version [6]
[2016-04-18 03:03:35,112][TRACE][org.elasticsearch.discovery.zen.publish] [node_t0] sending commit for cluster state (uuid: [WYGJ6EsnSfGFGyXyFtGmbQ], version [6]) to [{node_t1}{YucHs-5XRNO-JChWAzIIZg}{127.0.0.1}{127.0.0.1:9441}[mode=>network]]
[2016-04-18 03:03:35,112][TRACE][org.elasticsearch.cluster.service] [node_t1] will process [zen-disco-receive(from master [master {node_t0}{MSgO3f-9S-yat_4GxxKW6w}{127.0.0.1}{127.0.0.1:9440}[mode=>network] committed version [6]])]
[2016-04-18 03:03:35,112][DEBUG][org.elasticsearch.cluster.service] [node_t1] processing [zen-disco-receive(from master [master {node_t0}{MSgO3f-9S-yat_4GxxKW6w}{127.0.0.1}{127.0.0.1:9440}[mode=>network] committed version [6]])]: execute
[2016-04-18 03:03:35,113][TRACE][org.elasticsearch.cluster.service] [node_t1] cluster state updated, source [zen-disco-receive(from master [master {node_t0}{MSgO3f-9S-yat_4GxxKW6w}{127.0.0.1}{127.0.0.1:9440}[mode=>network] committed version [6]])]
version: 6
state uuid: WYGJ6EsnSfGFGyXyFtGmbQ
from_diff: false
meta data version: 5
nodes: 
   {node_t0}{MSgO3f-9S-yat_4GxxKW6w}{127.0.0.1}{127.0.0.1:9440}[mode=>network], master
   {node_t1}{YucHs-5XRNO-JChWAzIIZg}{127.0.0.1}{127.0.0.1:9441}[mode=>network], local
routing_table (version 5):
-- index [test]
----shard_id [test][0]
--------[test][0], node[MSgO3f-9S-yat_4GxxKW6w], [P], v[2], s[STARTED], a[id=x-5geQ3STLGnkFrhyWIPig]
--------[test][0], node[YucHs-5XRNO-JChWAzIIZg], [R], v[2], s[INITIALIZING], a[id=Z8oM2vxwSmiUDNdNNYmYpA], unassigned_info[[reason=INDEX_CREATED], at[2016-04-18T07:03:35.060Z]]
----shard_id [test][1]
--------[test][1], node[MSgO3f-9S-yat_4GxxKW6w], [R], v[3], s[INITIALIZING], a[id=L4IKaQHuRgGb1w_n7xmmKQ], unassigned_info[[reason=INDEX_CREATED], at[2016-04-18T07:03:35.060Z]]
--------[test][1], node[YucHs-5XRNO-JChWAzIIZg], [P], v[3], s[STARTED], a[id=skolItfmTI6mUEyBLn-4fA]
----shard_id [test][2]
--------[test][2], node[MSgO3f-9S-yat_4GxxKW6w], [P], v[2], s[STARTED], a[id=baarSFwkRcq8a9G9hXd1-Q]
--------[test][2], node[YucHs-5XRNO-JChWAzIIZg], [R], v[2], s[INITIALIZING], a[id=RNqthUztR6-DqnLRLToD-Q], unassigned_info[[reason=INDEX_CREATED], at[2016-04-18T07:03:35.060Z]]
----shard_id [test][3]
--------[test][3], node[MSgO3f-9S-yat_4GxxKW6w], [R], v[3], s[INITIALIZING], a[id=4hIWv-TuSVu4m7J22t3IKw], unassigned_info[[reason=INDEX_CREATED], at[2016-04-18T07:03:35.060Z]]
--------[test][3], node[YucHs-5XRNO-JChWAzIIZg], [P], v[3], s[STARTED], a[id=_WxhJCFGSNa0eq_monQ5AA]
----shard_id [test][4]
--------[test][4], node[MSgO3f-9S-yat_4GxxKW6w], [P], v[2], s[STARTED], a[id=p6hLZGI1QdCK1ozNkdummA]
--------[test][4], node[YucHs-5XRNO-JChWAzIIZg], [R], v[2], s[INITIALIZING], a[id=0erPpWShQUWr0fCKxTfoYQ], unassigned_info[[reason=INDEX_CREATED], at[2016-04-18T07:03:35.060Z]]
----shard_id [test][5]
--------[test][5], node[MSgO3f-9S-yat_4GxxKW6w], [R], v[3], s[INITIALIZING], a[id=rmWrwhCARDGyronYRXQ-Tw], unassigned_info[[reason=INDEX_CREATED], at[2016-04-18T07:03:35.060Z]]
--------[test][5], node[YucHs-5XRNO-JChWAzIIZg], [P], v[3], s[STARTED], a[id=4B5yVDeUTpe5-44KssB7xg]
----shard_id [test][6]
--------[test][6], node[MSgO3f-9S-yat_4GxxKW6w], [P], v[2], s[STARTED], a[id=QQlSOWl8SkCKZXtQEROoqQ]
--------[test][6], node[null], [R], v[2], s[UNASSIGNED], unassigned_info[[reason=INDEX_CREATED], at[2016-04-18T07:03:35.060Z]]
----shard_id [test][7]
--------[test][7], node[YucHs-5XRNO-JChWAzIIZg], [P], v[2], s[STARTED], a[id=_q3o1C7eRoG3whwcdLSwbQ]
--------[test][7], node[null], [R], v[2], s[UNASSIGNED], unassigned_info[[reason=INDEX_CREATED], at[2016-04-18T07:03:35.060Z]]
----shard_id [test][8]
--------[test][8], node[MSgO3f-9S-yat_4GxxKW6w], [P], v[2], s[STARTED], a[id=JTQGnxGwQleYyzPdjZNnWg]
--------[test][8], node[null], [R], v[2], s[UNASSIGNED], unassigned_info[[reason=INDEX_CREATED], at[2016-04-18T07:03:35.060Z]]

routing_nodes:
-----node_id[MSgO3f-9S-yat_4GxxKW6w][V]
--------[test][3], node[MSgO3f-9S-yat_4GxxKW6w], [R], v[3], s[INITIALIZING], a[id=4hIWv-TuSVu4m7J22t3IKw], unassigned_info[[reason=INDEX_CREATED], at[2016-04-18T07:03:35.060Z]]
--------[test][2], node[MSgO3f-9S-yat_4GxxKW6w], [P], v[2], s[STARTED], a[id=baarSFwkRcq8a9G9hXd1-Q]
--------[test][1], node[MSgO3f-9S-yat_4GxxKW6w], [R], v[3], s[INITIALIZING], a[id=L4IKaQHuRgGb1w_n7xmmKQ], unassigned_info[[reason=INDEX_CREATED], at[2016-04-18T07:03:35.060Z]]
--------[test][5], node[MSgO3f-9S-yat_4GxxKW6w], [R], v[3], s[INITIALIZING], a[id=rmWrwhCARDGyronYRXQ-Tw], unassigned_info[[reason=INDEX_CREATED], at[2016-04-18T07:03:35.060Z]]
--------[test][8], node[MSgO3f-9S-yat_4GxxKW6w], [P], v[2], s[STARTED], a[id=JTQGnxGwQleYyzPdjZNnWg]
--------[test][6], node[MSgO3f-9S-yat_4GxxKW6w], [P], v[2], s[STARTED], a[id=QQlSOWl8SkCKZXtQEROoqQ]
--------[test][4], node[MSgO3f-9S-yat_4GxxKW6w], [P], v[2], s[STARTED], a[id=p6hLZGI1QdCK1ozNkdummA]
--------[test][0], node[MSgO3f-9S-yat_4GxxKW6w], [P], v[2], s[STARTED], a[id=x-5geQ3STLGnkFrhyWIPig]
-----node_id[YucHs-5XRNO-JChWAzIIZg][V]
--------[test][3], node[YucHs-5XRNO-JChWAzIIZg], [P], v[3], s[STARTED], a[id=_WxhJCFGSNa0eq_monQ5AA]
--------[test][2], node[YucHs-5XRNO-JChWAzIIZg], [R], v[2], s[INITIALIZING], a[id=RNqthUztR6-DqnLRLToD-Q], unassigned_info[[reason=INDEX_CREATED], at[2016-04-18T07:03:35.060Z]]
--------[test][7], node[YucHs-5XRNO-JChWAzIIZg], [P], v[2], s[STARTED], a[id=_q3o1C7eRoG3whwcdLSwbQ]
--------[test][1], node[YucHs-5XRNO-JChWAzIIZg], [P], v[3], s[STARTED], a[id=skolItfmTI6mUEyBLn-4fA]
--------[test][5], node[YucHs-5XRNO-JChWAzIIZg], [P], v[3], s[STARTED], a[id=4B5yVDeUTpe5-44KssB7xg]
--------[test][4], node[YucHs-5XRNO-JChWAzIIZg], [R], v[2], s[INITIALIZING], a[id=0erPpWShQUWr0fCKxTfoYQ], unassigned_info[[reason=INDEX_CREATED], at[2016-04-18T07:03:35.060Z]]
--------[test][0], node[YucHs-5XRNO-JChWAzIIZg], [R], v[2], s[INITIALIZING], a[id=Z8oM2vxwSmiUDNdNNYmYpA], unassigned_info[[reason=INDEX_CREATED], at[2016-04-18T07:03:35.060Z]]
---- unassigned
--------[test][7], node[null], [R], v[2], s[UNASSIGNED], unassigned_info[[reason=INDEX_CREATED], at[2016-04-18T07:03:35.060Z]]
--------[test][8], node[null], [R], v[2], s[UNASSIGNED], unassigned_info[[reason=INDEX_CREATED], at[2016-04-18T07:03:35.060Z]]
--------[test][6], node[null], [R], v[2], s[UNASSIGNED], unassigned_info[[reason=INDEX_CREATED], at[2016-04-18T07:03:35.060Z]]

[2016-04-18 03:03:35,114][DEBUG][org.elasticsearch.cluster.service] [node_t1] set local cluster state to version 6
[2016-04-18 03:03:35,115][TRACE][org.elasticsearch.gateway] [node_t1] [test] writing state, reason [version changed from [3] to [4]]
[2016-04-18 03:03:35,117][DEBUG][org.elasticsearch.cluster.service] [node_t1] processing [zen-disco-receive(from master [master {node_t0}{MSgO3f-9S-yat_4GxxKW6w}{127.0.0.1}{127.0.0.1:9440}[mode=>network] committed version [6]])]: took 4ms done applying updated cluster_state (version: 6, uuid: WYGJ6EsnSfGFGyXyFtGmbQ)
[2016-04-18 03:03:35,117][DEBUG][org.elasticsearch.cluster.service] [node_t0] set local cluster state to version 6
[2016-04-18 03:03:35,119][TRACE][org.elasticsearch.gateway] [node_t0] [test] writing state, reason [version changed from [3] to [4]]
[2016-04-18 03:03:35,121][DEBUG][org.elasticsearch.cluster.service] [node_t0] processing [shard-started ([test][8], node[MSgO3f-9S-yat_4GxxKW6w], [P], v[1], s[INITIALIZING], a[id=JTQGnxGwQleYyzPdjZNnWg], unassigned_info[[reason=INDEX_CREATED], at[2016-04-18T07:03:35.060Z]]), reason [after recovery from store],shard-started ([test][8], node[MSgO3f-9S-yat_4GxxKW6w], [P], v[1], s[INITIALIZING], a[id=JTQGnxGwQleYyzPdjZNnWg], unassigned_info[[reason=INDEX_CREATED], at[2016-04-18T07:03:35.060Z]]), reason [master {node_t0}{MSgO3f-9S-yat_4GxxKW6w}{127.0.0.1}{127.0.0.1:9440}[mode=>network] marked shard as initializing, but shard state is [POST_RECOVERY], mark shard as started]]: took 10ms done applying updated cluster_state (version: 6, uuid: WYGJ6EsnSfGFGyXyFtGmbQ)
[2016-04-18 03:03:35,121][TRACE][org.elasticsearch.cluster.service] [node_t0] will process [shard-started ([test][3], node[MSgO3f-9S-yat_4GxxKW6w], [R], v[3], s[INITIALIZING], a[id=4hIWv-TuSVu4m7J22t3IKw], unassigned_info[[reason=INDEX_CREATED], at[2016-04-18T07:03:35.060Z]]), reason [after recovery (replica) from node [{node_t1}{YucHs-5XRNO-JChWAzIIZg}{127.0.0.1}{127.0.0.1:9441}[mode=>network]]]]
[2016-04-18 03:03:35,121][TRACE][org.elasticsearch.cluster.service] [node_t0] will process [shard-started ([test][1], node[MSgO3f-9S-yat_4GxxKW6w], [R], v[3], s[INITIALIZING], a[id=L4IKaQHuRgGb1w_n7xmmKQ], unassigned_info[[reason=INDEX_CREATED], at[2016-04-18T07:03:35.060Z]]), reason [after recovery (replica) from node [{node_t1}{YucHs-5XRNO-JChWAzIIZg}{127.0.0.1}{127.0.0.1:9441}[mode=>network]]]]
[2016-04-18 03:03:35,121][TRACE][org.elasticsearch.cluster.service] [node_t0] will process [shard-started ([test][1], node[MSgO3f-9S-yat_4GxxKW6w], [R], v[3], s[INITIALIZING], a[id=L4IKaQHuRgGb1w_n7xmmKQ], unassigned_info[[reason=INDEX_CREATED], at[2016-04-18T07:03:35.060Z]]), reason [master {node_t0}{MSgO3f-9S-yat_4GxxKW6w}{127.0.0.1}{127.0.0.1:9440}[mode=>network] marked shard as initializing, but shard state is [POST_RECOVERY], mark shard as started]]
[2016-04-18 03:03:35,121][TRACE][org.elasticsearch.cluster.service] [node_t0] will process [shard-started ([test][3], node[MSgO3f-9S-yat_4GxxKW6w], [R], v[3], s[INITIALIZING], a[id=4hIWv-TuSVu4m7J22t3IKw], unassigned_info[[reason=INDEX_CREATED], at[2016-04-18T07:03:35.060Z]]), reason [master {node_t0}{MSgO3f-9S-yat_4GxxKW6w}{127.0.0.1}{127.0.0.1:9440}[mode=>network] marked shard as initializing, but shard state is [POST_RECOVERY], mark shard as started]]
[2016-04-18 03:03:35,121][DEBUG][org.elasticsearch.cluster.service] [node_t0] processing [shard-started ([test][3], node[MSgO3f-9S-yat_4GxxKW6w], [R], v[3], s[INITIALIZING], a[id=4hIWv-TuSVu4m7J22t3IKw], unassigned_info[[reason=INDEX_CREATED], at[2016-04-18T07:03:35.060Z]]), reason [after recovery (replica) from node [{node_t1}{YucHs-5XRNO-JChWAzIIZg}{127.0.0.1}{127.0.0.1:9441}[mode=>network]]],shard-started ([test][1], node[MSgO3f-9S-yat_4GxxKW6w], [R], v[3], s[INITIALIZING], a[id=L4IKaQHuRgGb1w_n7xmmKQ], unassigned_info[[reason=INDEX_CREATED], at[2016-04-18T07:03:35.060Z]]), reason [after recovery (replica) from node [{node_t1}{YucHs-5XRNO-JChWAzIIZg}{127.0.0.1}{127.0.0.1:9441}[mode=>network]]],shard-started ([test][1], node[MSgO3f-9S-yat_4GxxKW6w], [R], v[3], s[INITIALIZING], a[id=L4IKaQHuRgGb1w_n7xmmKQ], unassigned_info[[reason=INDEX_CREATED], at[2016-04-18T07:03:35.060Z]]), reason [master {node_t0}{MSgO3f-9S-yat_4GxxKW6w}{127.0.0.1}{127.0.0.1:9440}[mode=>network] marked shard as initializing, but shard state is [POST_RECOVERY], mark shard as started],shard-started ([test][3], node[MSgO3f-9S-yat_4GxxKW6w], [R], v[3], s[INITIALIZING], a[id=4hIWv-TuSVu4m7J22t3IKw], unassigned_info[[reason=INDEX_CREATED], at[2016-04-18T07:03:35.060Z]]), reason [master {node_t0}{MSgO3f-9S-yat_4GxxKW6w}{127.0.0.1}{127.0.0.1:9440}[mode=>network] marked shard as initializing, but shard state is [POST_RECOVERY], mark shard as started]]: execute
[2016-04-18 03:03:35,122][TRACE][org.elasticsearch.cluster.service] [node_t0] cluster state updated, source [shard-started ([test][3], node[MSgO3f-9S-yat_4GxxKW6w], [R], v[3], s[INITIALIZING], a[id=4hIWv-TuSVu4m7J22t3IKw], unassigned_info[[reason=INDEX_CREATED], at[2016-04-18T07:03:35.060Z]]), reason [after recovery (replica) from node [{node_t1}{YucHs-5XRNO-JChWAzIIZg}{127.0.0.1}{127.0.0.1:9441}[mode=>network]]],shard-started ([test][1], node[MSgO3f-9S-yat_4GxxKW6w], [R], v[3], s[INITIALIZING], a[id=L4IKaQHuRgGb1w_n7xmmKQ], unassigned_info[[reason=INDEX_CREATED], at[2016-04-18T07:03:35.060Z]]), reason [after recovery (replica) from node [{node_t1}{YucHs-5XRNO-JChWAzIIZg}{127.0.0.1}{127.0.0.1:9441}[mode=>network]]],shard-started ([test][1], node[MSgO3f-9S-yat_4GxxKW6w], [R], v[3], s[INITIALIZING], a[id=L4IKaQHuRgGb1w_n7xmmKQ], unassigned_info[[reason=INDEX_CREATED], at[2016-04-18T07:03:35.060Z]]), reason [master {node_t0}{MSgO3f-9S-yat_4GxxKW6w}{127.0.0.1}{127.0.0.1:9440}[mode=>network] marked shard as initializing, but shard state is [POST_RECOVERY], mark shard as started],shard-started ([test][3], node[MSgO3f-9S-yat_4GxxKW6w], [R], v[3], s[INITIALIZING], a[id=4hIWv-TuSVu4m7J22t3IKw], unassigned_info[[reason=INDEX_CREATED], at[2016-04-18T07:03:35.060Z]]), reason [master {node_t0}{MSgO3f-9S-yat_4GxxKW6w}{127.0.0.1}{127.0.0.1:9440}[mode=>network] marked shard as initializing, but shard state is [POST_RECOVERY], mark shard as started]]
version: 7
state uuid: nTdZQ8HzTpqNr1OlCPjW5A
from_diff: false
meta data version: 6
nodes: 
   {node_t0}{MSgO3f-9S-yat_4GxxKW6w}{127.0.0.1}{127.0.0.1:9440}[mode=>network], local, master
   {node_t1}{YucHs-5XRNO-JChWAzIIZg}{127.0.0.1}{127.0.0.1:9441}[mode=>network]
routing_table (version 6):
-- index [test]
----shard_id [test][0]
--------[test][0], node[MSgO3f-9S-yat_4GxxKW6w], [P], v[2], s[STARTED], a[id=x-5geQ3STLGnkFrhyWIPig]
--------[test][0], node[YucHs-5XRNO-JChWAzIIZg], [R], v[2], s[INITIALIZING], a[id=Z8oM2vxwSmiUDNdNNYmYpA], unassigned_info[[reason=INDEX_CREATED], at[2016-04-18T07:03:35.060Z]]
----shard_id [test][1]
--------[test][1], node[MSgO3f-9S-yat_4GxxKW6w], [R], v[4], s[STARTED], a[id=L4IKaQHuRgGb1w_n7xmmKQ]
--------[test][1], node[YucHs-5XRNO-JChWAzIIZg], [P], v[4], s[STARTED], a[id=skolItfmTI6mUEyBLn-4fA]
----shard_id [test][2]
--------[test][2], node[MSgO3f-9S-yat_4GxxKW6w], [P], v[2], s[STARTED], a[id=baarSFwkRcq8a9G9hXd1-Q]
--------[test][2], node[YucHs-5XRNO-JChWAzIIZg], [R], v[2], s[INITIALIZING], a[id=RNqthUztR6-DqnLRLToD-Q], unassigned_info[[reason=INDEX_CREATED], at[2016-04-18T07:03:35.060Z]]
----shard_id [test][3]
--------[test][3], node[MSgO3f-9S-yat_4GxxKW6w], [R], v[4], s[STARTED], a[id=4hIWv-TuSVu4m7J22t3IKw]
--------[test][3], node[YucHs-5XRNO-JChWAzIIZg], [P], v[4], s[STARTED], a[id=_WxhJCFGSNa0eq_monQ5AA]
----shard_id [test][4]
--------[test][4], node[MSgO3f-9S-yat_4GxxKW6w], [P], v[2], s[STARTED], a[id=p6hLZGI1QdCK1ozNkdummA]
--------[test][4], node[YucHs-5XRNO-JChWAzIIZg], [R], v[2], s[INITIALIZING], a[id=0erPpWShQUWr0fCKxTfoYQ], unassigned_info[[reason=INDEX_CREATED], at[2016-04-18T07:03:35.060Z]]
----shard_id [test][5]
--------[test][5], node[MSgO3f-9S-yat_4GxxKW6w], [R], v[3], s[INITIALIZING], a[id=rmWrwhCARDGyronYRXQ-Tw], unassigned_info[[reason=INDEX_CREATED], at[2016-04-18T07:03:35.060Z]]
--------[test][5], node[YucHs-5XRNO-JChWAzIIZg], [P], v[3], s[STARTED], a[id=4B5yVDeUTpe5-44KssB7xg]
----shard_id [test][6]
--------[test][6], node[MSgO3f-9S-yat_4GxxKW6w], [P], v[2], s[STARTED], a[id=QQlSOWl8SkCKZXtQEROoqQ]
--------[test][6], node[null], [R], v[2], s[UNASSIGNED], unassigned_info[[reason=INDEX_CREATED], at[2016-04-18T07:03:35.060Z]]
----shard_id [test][7]
--------[test][7], node[MSgO3f-9S-yat_4GxxKW6w], [R], v[3], s[INITIALIZING], a[id=hBEBhcFsRjar-iu3US6PCw], unassigned_info[[reason=INDEX_CREATED], at[2016-04-18T07:03:35.060Z]]
--------[test][7], node[YucHs-5XRNO-JChWAzIIZg], [P], v[3], s[STARTED], a[id=_q3o1C7eRoG3whwcdLSwbQ]
----shard_id [test][8]
--------[test][8], node[MSgO3f-9S-yat_4GxxKW6w], [P], v[2], s[STARTED], a[id=JTQGnxGwQleYyzPdjZNnWg]
--------[test][8], node[null], [R], v[2], s[UNASSIGNED], unassigned_info[[reason=INDEX_CREATED], at[2016-04-18T07:03:35.060Z]]

routing_nodes:
-----node_id[MSgO3f-9S-yat_4GxxKW6w][V]
--------[test][8], node[MSgO3f-9S-yat_4GxxKW6w], [P], v[2], s[STARTED], a[id=JTQGnxGwQleYyzPdjZNnWg]
--------[test][5], node[MSgO3f-9S-yat_4GxxKW6w], [R], v[3], s[INITIALIZING], a[id=rmWrwhCARDGyronYRXQ-Tw], unassigned_info[[reason=INDEX_CREATED], at[2016-04-18T07:03:35.060Z]]
--------[test][2], node[MSgO3f-9S-yat_4GxxKW6w], [P], v[2], s[STARTED], a[id=baarSFwkRcq8a9G9hXd1-Q]
--------[test][3], node[MSgO3f-9S-yat_4GxxKW6w], [R], v[4], s[STARTED], a[id=4hIWv-TuSVu4m7J22t3IKw]
--------[test][6], node[MSgO3f-9S-yat_4GxxKW6w], [P], v[2], s[STARTED], a[id=QQlSOWl8SkCKZXtQEROoqQ]
--------[test][1], node[MSgO3f-9S-yat_4GxxKW6w], [R], v[4], s[STARTED], a[id=L4IKaQHuRgGb1w_n7xmmKQ]
--------[test][4], node[MSgO3f-9S-yat_4GxxKW6w], [P], v[2], s[STARTED], a[id=p6hLZGI1QdCK1ozNkdummA]
--------[test][7], node[MSgO3f-9S-yat_4GxxKW6w], [R], v[3], s[INITIALIZING], a[id=hBEBhcFsRjar-iu3US6PCw], unassigned_info[[reason=INDEX_CREATED], at[2016-04-18T07:03:35.060Z]]
--------[test][0], node[MSgO3f-9S-yat_4GxxKW6w], [P], v[2], s[STARTED], a[id=x-5geQ3STLGnkFrhyWIPig]
-----node_id[YucHs-5XRNO-JChWAzIIZg][V]
--------[test][5], node[YucHs-5XRNO-JChWAzIIZg], [P], v[3], s[STARTED], a[id=4B5yVDeUTpe5-44KssB7xg]
--------[test][2], node[YucHs-5XRNO-JChWAzIIZg], [R], v[2], s[INITIALIZING], a[id=RNqthUztR6-DqnLRLToD-Q], unassigned_info[[reason=INDEX_CREATED], at[2016-04-18T07:03:35.060Z]]
--------[test][3], node[YucHs-5XRNO-JChWAzIIZg], [P], v[4], s[STARTED], a[id=_WxhJCFGSNa0eq_monQ5AA]
--------[test][1], node[YucHs-5XRNO-JChWAzIIZg], [P], v[4], s[STARTED], a[id=skolItfmTI6mUEyBLn-4fA]
--------[test][4], node[YucHs-5XRNO-JChWAzIIZg], [R], v[2], s[INITIALIZING], a[id=0erPpWShQUWr0fCKxTfoYQ], unassigned_info[[reason=INDEX_CREATED], at[2016-04-18T07:03:35.060Z]]
--------[test][7], node[YucHs-5XRNO-JChWAzIIZg], [P], v[3], s[STARTED], a[id=_q3o1C7eRoG3whwcdLSwbQ]
--------[test][0], node[YucHs-5XRNO-JChWAzIIZg], [R], v[2], s[INITIALIZING], a[id=Z8oM2vxwSmiUDNdNNYmYpA], unassigned_info[[reason=INDEX_CREATED], at[2016-04-18T07:03:35.060Z]]
---- unassigned
--------[test][8], node[null], [R], v[2], s[UNASSIGNED], unassigned_info[[reason=INDEX_CREATED], at[2016-04-18T07:03:35.060Z]]
--------[test][6], node[null], [R], v[2], s[UNASSIGNED], unassigned_info[[reason=INDEX_CREATED], at[2016-04-18T07:03:35.060Z]]

[2016-04-18 03:03:35,122][DEBUG][org.elasticsearch.cluster.service] [node_t0] publishing cluster state version [7]
[2016-04-18 03:03:35,123][DEBUG][org.elasticsearch.discovery.zen.publish] [node_t1] received diff cluster state version [7] with uuid [nTdZQ8HzTpqNr1OlCPjW5A], diff size [783]
[2016-04-18 03:03:35,123][TRACE][org.elasticsearch.discovery.zen.publish] [node_t0] master node {node_t1}{YucHs-5XRNO-JChWAzIIZg}{127.0.0.1}{127.0.0.1:9441}[mode=>network] acked cluster state version [7]. processing ... (current pending [1], needed [1])
[2016-04-18 03:03:35,123][TRACE][org.elasticsearch.discovery.zen.publish] [node_t0] committing version [7]
[2016-04-18 03:03:35,123][TRACE][org.elasticsearch.discovery.zen.publish] [node_t0] sending commit for cluster state (uuid: [nTdZQ8HzTpqNr1OlCPjW5A], version [7]) to [{node_t1}{YucHs-5XRNO-JChWAzIIZg}{127.0.0.1}{127.0.0.1:9441}[mode=>network]]
[2016-04-18 03:03:35,124][TRACE][org.elasticsearch.cluster.service] [node_t1] will process [zen-disco-receive(from master [master {node_t0}{MSgO3f-9S-yat_4GxxKW6w}{127.0.0.1}{127.0.0.1:9440}[mode=>network] committed version [7]])]
[2016-04-18 03:03:35,124][DEBUG][org.elasticsearch.cluster.service] [node_t1] processing [zen-disco-receive(from master [master {node_t0}{MSgO3f-9S-yat_4GxxKW6w}{127.0.0.1}{127.0.0.1:9440}[mode=>network] committed version [7]])]: execute
[2016-04-18 03:03:35,124][TRACE][org.elasticsearch.cluster.service] [node_t1] cluster state updated, source [zen-disco-receive(from master [master {node_t0}{MSgO3f-9S-yat_4GxxKW6w}{127.0.0.1}{127.0.0.1:9440}[mode=>network] committed version [7]])]
version: 7
state uuid: nTdZQ8HzTpqNr1OlCPjW5A
from_diff: false
meta data version: 6
nodes: 
   {node_t0}{MSgO3f-9S-yat_4GxxKW6w}{127.0.0.1}{127.0.0.1:9440}[mode=>network], master
   {node_t1}{YucHs-5XRNO-JChWAzIIZg}{127.0.0.1}{127.0.0.1:9441}[mode=>network], local
routing_table (version 6):
-- index [test]
----shard_id [test][0]
--------[test][0], node[MSgO3f-9S-yat_4GxxKW6w], [P], v[2], s[STARTED], a[id=x-5geQ3STLGnkFrhyWIPig]
--------[test][0], node[YucHs-5XRNO-JChWAzIIZg], [R], v[2], s[INITIALIZING], a[id=Z8oM2vxwSmiUDNdNNYmYpA], unassigned_info[[reason=INDEX_CREATED], at[2016-04-18T07:03:35.060Z]]
----shard_id [test][1]
--------[test][1], node[MSgO3f-9S-yat_4GxxKW6w], [R], v[4], s[STARTED], a[id=L4IKaQHuRgGb1w_n7xmmKQ]
--------[test][1], node[YucHs-5XRNO-JChWAzIIZg], [P], v[4], s[STARTED], a[id=skolItfmTI6mUEyBLn-4fA]
----shard_id [test][2]
--------[test][2], node[MSgO3f-9S-yat_4GxxKW6w], [P], v[2], s[STARTED], a[id=baarSFwkRcq8a9G9hXd1-Q]
--------[test][2], node[YucHs-5XRNO-JChWAzIIZg], [R], v[2], s[INITIALIZING], a[id=RNqthUztR6-DqnLRLToD-Q], unassigned_info[[reason=INDEX_CREATED], at[2016-04-18T07:03:35.060Z]]
----shard_id [test][3]
--------[test][3], node[MSgO3f-9S-yat_4GxxKW6w], [R], v[4], s[STARTED], a[id=4hIWv-TuSVu4m7J22t3IKw]
--------[test][3], node[YucHs-5XRNO-JChWAzIIZg], [P], v[4], s[STARTED], a[id=_WxhJCFGSNa0eq_monQ5AA]
----shard_id [test][4]
--------[test][4], node[MSgO3f-9S-yat_4GxxKW6w], [P], v[2], s[STARTED], a[id=p6hLZGI1QdCK1ozNkdummA]
--------[test][4], node[YucHs-5XRNO-JChWAzIIZg], [R], v[2], s[INITIALIZING], a[id=0erPpWShQUWr0fCKxTfoYQ], unassigned_info[[reason=INDEX_CREATED], at[2016-04-18T07:03:35.060Z]]
----shard_id [test][5]
--------[test][5], node[MSgO3f-9S-yat_4GxxKW6w], [R], v[3], s[INITIALIZING], a[id=rmWrwhCARDGyronYRXQ-Tw], unassigned_info[[reason=INDEX_CREATED], at[2016-04-18T07:03:35.060Z]]
--------[test][5], node[YucHs-5XRNO-JChWAzIIZg], [P], v[3], s[STARTED], a[id=4B5yVDeUTpe5-44KssB7xg]
----shard_id [test][6]
--------[test][6], node[MSgO3f-9S-yat_4GxxKW6w], [P], v[2], s[STARTED], a[id=QQlSOWl8SkCKZXtQEROoqQ]
--------[test][6], node[null], [R], v[2], s[UNASSIGNED], unassigned_info[[reason=INDEX_CREATED], at[2016-04-18T07:03:35.060Z]]
----shard_id [test][7]
--------[test][7], node[MSgO3f-9S-yat_4GxxKW6w], [R], v[3], s[INITIALIZING], a[id=hBEBhcFsRjar-iu3US6PCw], unassigned_info[[reason=INDEX_CREATED], at[2016-04-18T07:03:35.060Z]]
--------[test][7], node[YucHs-5XRNO-JChWAzIIZg], [P], v[3], s[STARTED], a[id=_q3o1C7eRoG3whwcdLSwbQ]
----shard_id [test][8]
--------[test][8], node[MSgO3f-9S-yat_4GxxKW6w], [P], v[2], s[STARTED], a[id=JTQGnxGwQleYyzPdjZNnWg]
--------[test][8], node[null], [R], v[2], s[UNASSIGNED], unassigned_info[[reason=INDEX_CREATED], at[2016-04-18T07:03:35.060Z]]

routing_nodes:
-----node_id[MSgO3f-9S-yat_4GxxKW6w][V]
--------[test][7], node[MSgO3f-9S-yat_4GxxKW6w], [R], v[3], s[INITIALIZING], a[id=hBEBhcFsRjar-iu3US6PCw], unassigned_info[[reason=INDEX_CREATED], at[2016-04-18T07:03:35.060Z]]
--------[test][6], node[MSgO3f-9S-yat_4GxxKW6w], [P], v[2], s[STARTED], a[id=QQlSOWl8SkCKZXtQEROoqQ]
--------[test][8], node[MSgO3f-9S-yat_4GxxKW6w], [P], v[2], s[STARTED], a[id=JTQGnxGwQleYyzPdjZNnWg]
--------[test][5], node[MSgO3f-9S-yat_4GxxKW6w], [R], v[3], s[INITIALIZING], a[id=rmWrwhCARDGyronYRXQ-Tw], unassigned_info[[reason=INDEX_CREATED], at[2016-04-18T07:03:35.060Z]]
--------[test][4], node[MSgO3f-9S-yat_4GxxKW6w], [P], v[2], s[STARTED], a[id=p6hLZGI1QdCK1ozNkdummA]
--------[test][1], node[MSgO3f-9S-yat_4GxxKW6w], [R], v[4], s[STARTED], a[id=L4IKaQHuRgGb1w_n7xmmKQ]
--------[test][2], node[MSgO3f-9S-yat_4GxxKW6w], [P], v[2], s[STARTED], a[id=baarSFwkRcq8a9G9hXd1-Q]
--------[test][3], node[MSgO3f-9S-yat_4GxxKW6w], [R], v[4], s[STARTED], a[id=4hIWv-TuSVu4m7J22t3IKw]
--------[test][0], node[MSgO3f-9S-yat_4GxxKW6w], [P], v[2], s[STARTED], a[id=x-5geQ3STLGnkFrhyWIPig]
-----node_id[YucHs-5XRNO-JChWAzIIZg][V]
--------[test][7], node[YucHs-5XRNO-JChWAzIIZg], [P], v[3], s[STARTED], a[id=_q3o1C7eRoG3whwcdLSwbQ]
--------[test][5], node[YucHs-5XRNO-JChWAzIIZg], [P], v[3], s[STARTED], a[id=4B5yVDeUTpe5-44KssB7xg]
--------[test][4], node[YucHs-5XRNO-JChWAzIIZg], [R], v[2], s[INITIALIZING], a[id=0erPpWShQUWr0fCKxTfoYQ], unassigned_info[[reason=INDEX_CREATED], at[2016-04-18T07:03:35.060Z]]
--------[test][1], node[YucHs-5XRNO-JChWAzIIZg], [P], v[4], s[STARTED], a[id=skolItfmTI6mUEyBLn-4fA]
--------[test][2], node[YucHs-5XRNO-JChWAzIIZg], [R], v[2], s[INITIALIZING], a[id=RNqthUztR6-DqnLRLToD-Q], unassigned_info[[reason=INDEX_CREATED], at[2016-04-18T07:03:35.060Z]]
--------[test][3], node[YucHs-5XRNO-JChWAzIIZg], [P], v[4], s[STARTED], a[id=_WxhJCFGSNa0eq_monQ5AA]
--------[test][0], node[YucHs-5XRNO-JChWAzIIZg], [R], v[2], s[INITIALIZING], a[id=Z8oM2vxwSmiUDNdNNYmYpA], unassigned_info[[reason=INDEX_CREATED], at[2016-04-18T07:03:35.060Z]]
---- unassigned
--------[test][6], node[null], [R], v[2], s[UNASSIGNED], unassigned_info[[reason=INDEX_CREATED], at[2016-04-18T07:03:35.060Z]]
--------[test][8], node[null], [R], v[2], s[UNASSIGNED], unassigned_info[[reason=INDEX_CREATED], at[2016-04-18T07:03:35.060Z]]

[2016-04-18 03:03:35,124][DEBUG][org.elasticsearch.cluster.service] [node_t1] set local cluster state to version 7
[2016-04-18 03:03:35,133][TRACE][org.elasticsearch.gateway] [node_t1] [test] writing state, reason [version changed from [4] to [5]]
[2016-04-18 03:03:35,135][DEBUG][org.elasticsearch.cluster.service] [node_t1] processing [zen-disco-receive(from master [master {node_t0}{MSgO3f-9S-yat_4GxxKW6w}{127.0.0.1}{127.0.0.1:9440}[mode=>network] committed version [7]])]: took 11ms done applying updated cluster_state (version: 7, uuid: nTdZQ8HzTpqNr1OlCPjW5A)
[2016-04-18 03:03:35,135][DEBUG][org.elasticsearch.cluster.service] [node_t0] set local cluster state to version 7
[2016-04-18 03:03:35,141][TRACE][org.elasticsearch.gateway] [node_t0] [test] writing state, reason [version changed from [4] to [5]]
[2016-04-18 03:03:35,144][DEBUG][org.elasticsearch.cluster.service] [node_t0] processing [shard-started ([test][3], node[MSgO3f-9S-yat_4GxxKW6w], [R], v[3], s[INITIALIZING], a[id=4hIWv-TuSVu4m7J22t3IKw], unassigned_info[[reason=INDEX_CREATED], at[2016-04-18T07:03:35.060Z]]), reason [after recovery (replica) from node [{node_t1}{YucHs-5XRNO-JChWAzIIZg}{127.0.0.1}{127.0.0.1:9441}[mode=>network]]],shard-started ([test][1], node[MSgO3f-9S-yat_4GxxKW6w], [R], v[3], s[INITIALIZING], a[id=L4IKaQHuRgGb1w_n7xmmKQ], unassigned_info[[reason=INDEX_CREATED], at[2016-04-18T07:03:35.060Z]]), reason [after recovery (replica) from node [{node_t1}{YucHs-5XRNO-JChWAzIIZg}{127.0.0.1}{127.0.0.1:9441}[mode=>network]]],shard-started ([test][1], node[MSgO3f-9S-yat_4GxxKW6w], [R], v[3], s[INITIALIZING], a[id=L4IKaQHuRgGb1w_n7xmmKQ], unassigned_info[[reason=INDEX_CREATED], at[2016-04-18T07:03:35.060Z]]), reason [master {node_t0}{MSgO3f-9S-yat_4GxxKW6w}{127.0.0.1}{127.0.0.1:9440}[mode=>network] marked shard as initializing, but shard state is [POST_RECOVERY], mark shard as started],shard-started ([test][3], node[MSgO3f-9S-yat_4GxxKW6w], [R], v[3], s[INITIALIZING], a[id=4hIWv-TuSVu4m7J22t3IKw], unassigned_info[[reason=INDEX_CREATED], at[2016-04-18T07:03:35.060Z]]), reason [master {node_t0}{MSgO3f-9S-yat_4GxxKW6w}{127.0.0.1}{127.0.0.1:9440}[mode=>network] marked shard as initializing, but shard state is [POST_RECOVERY], mark shard as started]]: took 22ms done applying updated cluster_state (version: 7, uuid: nTdZQ8HzTpqNr1OlCPjW5A)
[2016-04-18 03:03:35,144][TRACE][org.elasticsearch.cluster.service] [node_t0] will process [shard-started ([test][5], node[MSgO3f-9S-yat_4GxxKW6w], [R], v[3], s[INITIALIZING], a[id=rmWrwhCARDGyronYRXQ-Tw], unassigned_info[[reason=INDEX_CREATED], at[2016-04-18T07:03:35.060Z]]), reason [after recovery (replica) from node [{node_t1}{YucHs-5XRNO-JChWAzIIZg}{127.0.0.1}{127.0.0.1:9441}[mode=>network]]]]
[2016-04-18 03:03:35,144][TRACE][org.elasticsearch.cluster.service] [node_t0] will process [shard-started ([test][5], node[MSgO3f-9S-yat_4GxxKW6w], [R], v[3], s[INITIALIZING], a[id=rmWrwhCARDGyronYRXQ-Tw], unassigned_info[[reason=INDEX_CREATED], at[2016-04-18T07:03:35.060Z]]), reason [master {node_t0}{MSgO3f-9S-yat_4GxxKW6w}{127.0.0.1}{127.0.0.1:9440}[mode=>network] marked shard as initializing, but shard state is [POST_RECOVERY], mark shard as started]]
[2016-04-18 03:03:35,144][DEBUG][org.elasticsearch.cluster.service] [node_t0] processing [shard-started ([test][5], node[MSgO3f-9S-yat_4GxxKW6w], [R], v[3], s[INITIALIZING], a[id=rmWrwhCARDGyronYRXQ-Tw], unassigned_info[[reason=INDEX_CREATED], at[2016-04-18T07:03:35.060Z]]), reason [after recovery (replica) from node [{node_t1}{YucHs-5XRNO-JChWAzIIZg}{127.0.0.1}{127.0.0.1:9441}[mode=>network]]],shard-started ([test][5], node[MSgO3f-9S-yat_4GxxKW6w], [R], v[3], s[INITIALIZING], a[id=rmWrwhCARDGyronYRXQ-Tw], unassigned_info[[reason=INDEX_CREATED], at[2016-04-18T07:03:35.060Z]]), reason [master {node_t0}{MSgO3f-9S-yat_4GxxKW6w}{127.0.0.1}{127.0.0.1:9440}[mode=>network] marked shard as initializing, but shard state is [POST_RECOVERY], mark shard as started]]: execute
[2016-04-18 03:03:35,145][TRACE][org.elasticsearch.cluster.service] [node_t0] cluster state updated, source [shard-started ([test][5], node[MSgO3f-9S-yat_4GxxKW6w], [R], v[3], s[INITIALIZING], a[id=rmWrwhCARDGyronYRXQ-Tw], unassigned_info[[reason=INDEX_CREATED], at[2016-04-18T07:03:35.060Z]]), reason [after recovery (replica) from node [{node_t1}{YucHs-5XRNO-JChWAzIIZg}{127.0.0.1}{127.0.0.1:9441}[mode=>network]]],shard-started ([test][5], node[MSgO3f-9S-yat_4GxxKW6w], [R], v[3], s[INITIALIZING], a[id=rmWrwhCARDGyronYRXQ-Tw], unassigned_info[[reason=INDEX_CREATED], at[2016-04-18T07:03:35.060Z]]), reason [master {node_t0}{MSgO3f-9S-yat_4GxxKW6w}{127.0.0.1}{127.0.0.1:9440}[mode=>network] marked shard as initializing, but shard state is [POST_RECOVERY], mark shard as started]]
version: 8
state uuid: r3HgumKLTDSBexQAZ2K1JA
from_diff: false
meta data version: 7
nodes: 
   {node_t0}{MSgO3f-9S-yat_4GxxKW6w}{127.0.0.1}{127.0.0.1:9440}[mode=>network], local, master
   {node_t1}{YucHs-5XRNO-JChWAzIIZg}{127.0.0.1}{127.0.0.1:9441}[mode=>network]
routing_table (version 7):
-- index [test]
----shard_id [test][0]
--------[test][0], node[MSgO3f-9S-yat_4GxxKW6w], [P], v[2], s[STARTED], a[id=x-5geQ3STLGnkFrhyWIPig]
--------[test][0], node[YucHs-5XRNO-JChWAzIIZg], [R], v[2], s[INITIALIZING], a[id=Z8oM2vxwSmiUDNdNNYmYpA], unassigned_info[[reason=INDEX_CREATED], at[2016-04-18T07:03:35.060Z]]
----shard_id [test][1]
--------[test][1], node[MSgO3f-9S-yat_4GxxKW6w], [R], v[4], s[STARTED], a[id=L4IKaQHuRgGb1w_n7xmmKQ]
--------[test][1], node[YucHs-5XRNO-JChWAzIIZg], [P], v[4], s[STARTED], a[id=skolItfmTI6mUEyBLn-4fA]
----shard_id [test][2]
--------[test][2], node[MSgO3f-9S-yat_4GxxKW6w], [P], v[2], s[STARTED], a[id=baarSFwkRcq8a9G9hXd1-Q]
--------[test][2], node[YucHs-5XRNO-JChWAzIIZg], [R], v[2], s[INITIALIZING], a[id=RNqthUztR6-DqnLRLToD-Q], unassigned_info[[reason=INDEX_CREATED], at[2016-04-18T07:03:35.060Z]]
----shard_id [test][3]
--------[test][3], node[MSgO3f-9S-yat_4GxxKW6w], [R], v[4], s[STARTED], a[id=4hIWv-TuSVu4m7J22t3IKw]
--------[test][3], node[YucHs-5XRNO-JChWAzIIZg], [P], v[4], s[STARTED], a[id=_WxhJCFGSNa0eq_monQ5AA]
----shard_id [test][4]
--------[test][4], node[MSgO3f-9S-yat_4GxxKW6w], [P], v[2], s[STARTED], a[id=p6hLZGI1QdCK1ozNkdummA]
--------[test][4], node[YucHs-5XRNO-JChWAzIIZg], [R], v[2], s[INITIALIZING], a[id=0erPpWShQUWr0fCKxTfoYQ], unassigned_info[[reason=INDEX_CREATED], at[2016-04-18T07:03:35.060Z]]
----shard_id [test][5]
--------[test][5], node[MSgO3f-9S-yat_4GxxKW6w], [R], v[4], s[STARTED], a[id=rmWrwhCARDGyronYRXQ-Tw]
--------[test][5], node[YucHs-5XRNO-JChWAzIIZg], [P], v[4], s[STARTED], a[id=4B5yVDeUTpe5-44KssB7xg]
----shard_id [test][6]
--------[test][6], node[MSgO3f-9S-yat_4GxxKW6w], [P], v[2], s[STARTED], a[id=QQlSOWl8SkCKZXtQEROoqQ]
--------[test][6], node[null], [R], v[2], s[UNASSIGNED], unassigned_info[[reason=INDEX_CREATED], at[2016-04-18T07:03:35.060Z]]
----shard_id [test][7]
--------[test][7], node[MSgO3f-9S-yat_4GxxKW6w], [R], v[3], s[INITIALIZING], a[id=hBEBhcFsRjar-iu3US6PCw], unassigned_info[[reason=INDEX_CREATED], at[2016-04-18T07:03:35.060Z]]
--------[test][7], node[YucHs-5XRNO-JChWAzIIZg], [P], v[3], s[STARTED], a[id=_q3o1C7eRoG3whwcdLSwbQ]
----shard_id [test][8]
--------[test][8], node[MSgO3f-9S-yat_4GxxKW6w], [P], v[2], s[STARTED], a[id=JTQGnxGwQleYyzPdjZNnWg]
--------[test][8], node[null], [R], v[2], s[UNASSIGNED], unassigned_info[[reason=INDEX_CREATED], at[2016-04-18T07:03:35.060Z]]

routing_nodes:
-----node_id[MSgO3f-9S-yat_4GxxKW6w][V]
--------[test][7], node[MSgO3f-9S-yat_4GxxKW6w], [R], v[3], s[INITIALIZING], a[id=hBEBhcFsRjar-iu3US6PCw], unassigned_info[[reason=INDEX_CREATED], at[2016-04-18T07:03:35.060Z]]
--------[test][5], node[MSgO3f-9S-yat_4GxxKW6w], [R], v[4], s[STARTED], a[id=rmWrwhCARDGyronYRXQ-Tw]
--------[test][8], node[MSgO3f-9S-yat_4GxxKW6w], [P], v[2], s[STARTED], a[id=JTQGnxGwQleYyzPdjZNnWg]
--------[test][6], node[MSgO3f-9S-yat_4GxxKW6w], [P], v[2], s[STARTED], a[id=QQlSOWl8SkCKZXtQEROoqQ]
--------[test][1], node[MSgO3f-9S-yat_4GxxKW6w], [R], v[4], s[STARTED], a[id=L4IKaQHuRgGb1w_n7xmmKQ]
--------[test][3], node[MSgO3f-9S-yat_4GxxKW6w], [R], v[4], s[STARTED], a[id=4hIWv-TuSVu4m7J22t3IKw]
--------[test][2], node[MSgO3f-9S-yat_4GxxKW6w], [P], v[2], s[STARTED], a[id=baarSFwkRcq8a9G9hXd1-Q]
--------[test][4], node[MSgO3f-9S-yat_4GxxKW6w], [P], v[2], s[STARTED], a[id=p6hLZGI1QdCK1ozNkdummA]
--------[test][0], node[MSgO3f-9S-yat_4GxxKW6w], [P], v[2], s[STARTED], a[id=x-5geQ3STLGnkFrhyWIPig]
-----node_id[YucHs-5XRNO-JChWAzIIZg][V]
--------[test][7], node[YucHs-5XRNO-JChWAzIIZg], [P], v[3], s[STARTED], a[id=_q3o1C7eRoG3whwcdLSwbQ]
--------[test][5], node[YucHs-5XRNO-JChWAzIIZg], [P], v[4], s[STARTED], a[id=4B5yVDeUTpe5-44KssB7xg]
--------[test][1], node[YucHs-5XRNO-JChWAzIIZg], [P], v[4], s[STARTED], a[id=skolItfmTI6mUEyBLn-4fA]
--------[test][3], node[YucHs-5XRNO-JChWAzIIZg], [P], v[4], s[STARTED], a[id=_WxhJCFGSNa0eq_monQ5AA]
--------[test][2], node[YucHs-5XRNO-JChWAzIIZg], [R], v[2], s[INITIALIZING], a[id=RNqthUztR6-DqnLRLToD-Q], unassigned_info[[reason=INDEX_CREATED], at[2016-04-18T07:03:35.060Z]]
--------[test][4], node[YucHs-5XRNO-JChWAzIIZg], [R], v[2], s[INITIALIZING], a[id=0erPpWShQUWr0fCKxTfoYQ], unassigned_info[[reason=INDEX_CREATED], at[2016-04-18T07:03:35.060Z]]
--------[test][0], node[YucHs-5XRNO-JChWAzIIZg], [R], v[2], s[INITIALIZING], a[id=Z8oM2vxwSmiUDNdNNYmYpA], unassigned_info[[reason=INDEX_CREATED], at[2016-04-18T07:03:35.060Z]]
---- unassigned
--------[test][8], node[null], [R], v[2], s[UNASSIGNED], unassigned_info[[reason=INDEX_CREATED], at[2016-04-18T07:03:35.060Z]]
--------[test][6], node[null], [R], v[2], s[UNASSIGNED], unassigned_info[[reason=INDEX_CREATED], at[2016-04-18T07:03:35.060Z]]

[2016-04-18 03:03:35,145][DEBUG][org.elasticsearch.cluster.service] [node_t0] publishing cluster state version [8]
[2016-04-18 03:03:35,146][DEBUG][org.elasticsearch.discovery.zen.publish] [node_t1] received diff cluster state version [8] with uuid [r3HgumKLTDSBexQAZ2K1JA], diff size [770]
[2016-04-18 03:03:35,147][TRACE][org.elasticsearch.discovery.zen.publish] [node_t0] master node {node_t1}{YucHs-5XRNO-JChWAzIIZg}{127.0.0.1}{127.0.0.1:9441}[mode=>network] acked cluster state version [8]. processing ... (current pending [1], needed [1])
[2016-04-18 03:03:35,147][TRACE][org.elasticsearch.discovery.zen.publish] [node_t0] committing version [8]
[2016-04-18 03:03:35,147][TRACE][org.elasticsearch.discovery.zen.publish] [node_t0] sending commit for cluster state (uuid: [r3HgumKLTDSBexQAZ2K1JA], version [8]) to [{node_t1}{YucHs-5XRNO-JChWAzIIZg}{127.0.0.1}{127.0.0.1:9441}[mode=>network]]
[2016-04-18 03:03:35,147][TRACE][org.elasticsearch.cluster.service] [node_t1] will process [zen-disco-receive(from master [master {node_t0}{MSgO3f-9S-yat_4GxxKW6w}{127.0.0.1}{127.0.0.1:9440}[mode=>network] committed version [8]])]
[2016-04-18 03:03:35,147][DEBUG][org.elasticsearch.cluster.service] [node_t1] processing [zen-disco-receive(from master [master {node_t0}{MSgO3f-9S-yat_4GxxKW6w}{127.0.0.1}{127.0.0.1:9440}[mode=>network] committed version [8]])]: execute
[2016-04-18 03:03:35,148][TRACE][org.elasticsearch.cluster.service] [node_t1] cluster state updated, source [zen-disco-receive(from master [master {node_t0}{MSgO3f-9S-yat_4GxxKW6w}{127.0.0.1}{127.0.0.1:9440}[mode=>network] committed version [8]])]
version: 8
state uuid: r3HgumKLTDSBexQAZ2K1JA
from_diff: false
meta data version: 7
nodes: 
   {node_t0}{MSgO3f-9S-yat_4GxxKW6w}{127.0.0.1}{127.0.0.1:9440}[mode=>network], master
   {node_t1}{YucHs-5XRNO-JChWAzIIZg}{127.0.0.1}{127.0.0.1:9441}[mode=>network], local
routing_table (version 7):
-- index [test]
----shard_id [test][0]
--------[test][0], node[MSgO3f-9S-yat_4GxxKW6w], [P], v[2], s[STARTED], a[id=x-5geQ3STLGnkFrhyWIPig]
--------[test][0], node[YucHs-5XRNO-JChWAzIIZg], [R], v[2], s[INITIALIZING], a[id=Z8oM2vxwSmiUDNdNNYmYpA], unassigned_info[[reason=INDEX_CREATED], at[2016-04-18T07:03:35.060Z]]
----shard_id [test][1]
--------[test][1], node[MSgO3f-9S-yat_4GxxKW6w], [R], v[4], s[STARTED], a[id=L4IKaQHuRgGb1w_n7xmmKQ]
--------[test][1], node[YucHs-5XRNO-JChWAzIIZg], [P], v[4], s[STARTED], a[id=skolItfmTI6mUEyBLn-4fA]
----shard_id [test][2]
--------[test][2], node[MSgO3f-9S-yat_4GxxKW6w], [P], v[2], s[STARTED], a[id=baarSFwkRcq8a9G9hXd1-Q]
--------[test][2], node[YucHs-5XRNO-JChWAzIIZg], [R], v[2], s[INITIALIZING], a[id=RNqthUztR6-DqnLRLToD-Q], unassigned_info[[reason=INDEX_CREATED], at[2016-04-18T07:03:35.060Z]]
----shard_id [test][3]
--------[test][3], node[MSgO3f-9S-yat_4GxxKW6w], [R], v[4], s[STARTED], a[id=4hIWv-TuSVu4m7J22t3IKw]
--------[test][3], node[YucHs-5XRNO-JChWAzIIZg], [P], v[4], s[STARTED], a[id=_WxhJCFGSNa0eq_monQ5AA]
----shard_id [test][4]
--------[test][4], node[MSgO3f-9S-yat_4GxxKW6w], [P], v[2], s[STARTED], a[id=p6hLZGI1QdCK1ozNkdummA]
--------[test][4], node[YucHs-5XRNO-JChWAzIIZg], [R], v[2], s[INITIALIZING], a[id=0erPpWShQUWr0fCKxTfoYQ], unassigned_info[[reason=INDEX_CREATED], at[2016-04-18T07:03:35.060Z]]
----shard_id [test][5]
--------[test][5], node[MSgO3f-9S-yat_4GxxKW6w], [R], v[4], s[STARTED], a[id=rmWrwhCARDGyronYRXQ-Tw]
--------[test][5], node[YucHs-5XRNO-JChWAzIIZg], [P], v[4], s[STARTED], a[id=4B5yVDeUTpe5-44KssB7xg]
----shard_id [test][6]
--------[test][6], node[MSgO3f-9S-yat_4GxxKW6w], [P], v[2], s[STARTED], a[id=QQlSOWl8SkCKZXtQEROoqQ]
--------[test][6], node[null], [R], v[2], s[UNASSIGNED], unassigned_info[[reason=INDEX_CREATED], at[2016-04-18T07:03:35.060Z]]
----shard_id [test][7]
--------[test][7], node[MSgO3f-9S-yat_4GxxKW6w], [R], v[3], s[INITIALIZING], a[id=hBEBhcFsRjar-iu3US6PCw], unassigned_info[[reason=INDEX_CREATED], at[2016-04-18T07:03:35.060Z]]
--------[test][7], node[YucHs-5XRNO-JChWAzIIZg], [P], v[3], s[STARTED], a[id=_q3o1C7eRoG3whwcdLSwbQ]
----shard_id [test][8]
--------[test][8], node[MSgO3f-9S-yat_4GxxKW6w], [P], v[2], s[STARTED], a[id=JTQGnxGwQleYyzPdjZNnWg]
--------[test][8], node[null], [R], v[2], s[UNASSIGNED], unassigned_info[[reason=INDEX_CREATED], at[2016-04-18T07:03:35.060Z]]

routing_nodes:
-----node_id[MSgO3f-9S-yat_4GxxKW6w][V]
--------[test][6], node[MSgO3f-9S-yat_4GxxKW6w], [P], v[2], s[STARTED], a[id=QQlSOWl8SkCKZXtQEROoqQ]
--------[test][7], node[MSgO3f-9S-yat_4GxxKW6w], [R], v[3], s[INITIALIZING], a[id=hBEBhcFsRjar-iu3US6PCw], unassigned_info[[reason=INDEX_CREATED], at[2016-04-18T07:03:35.060Z]]
--------[test][5], node[MSgO3f-9S-yat_4GxxKW6w], [R], v[4], s[STARTED], a[id=rmWrwhCARDGyronYRXQ-Tw]
--------[test][4], node[MSgO3f-9S-yat_4GxxKW6w], [P], v[2], s[STARTED], a[id=p6hLZGI1QdCK1ozNkdummA]
--------[test][2], node[MSgO3f-9S-yat_4GxxKW6w], [P], v[2], s[STARTED], a[id=baarSFwkRcq8a9G9hXd1-Q]
--------[test][8], node[MSgO3f-9S-yat_4GxxKW6w], [P], v[2], s[STARTED], a[id=JTQGnxGwQleYyzPdjZNnWg]
--------[test][3], node[MSgO3f-9S-yat_4GxxKW6w], [R], v[4], s[STARTED], a[id=4hIWv-TuSVu4m7J22t3IKw]
--------[test][1], node[MSgO3f-9S-yat_4GxxKW6w], [R], v[4], s[STARTED], a[id=L4IKaQHuRgGb1w_n7xmmKQ]
--------[test][0], node[MSgO3f-9S-yat_4GxxKW6w], [P], v[2], s[STARTED], a[id=x-5geQ3STLGnkFrhyWIPig]
-----node_id[YucHs-5XRNO-JChWAzIIZg][V]
--------[test][7], node[YucHs-5XRNO-JChWAzIIZg], [P], v[3], s[STARTED], a[id=_q3o1C7eRoG3whwcdLSwbQ]
--------[test][5], node[YucHs-5XRNO-JChWAzIIZg], [P], v[4], s[STARTED], a[id=4B5yVDeUTpe5-44KssB7xg]
--------[test][4], node[YucHs-5XRNO-JChWAzIIZg], [R], v[2], s[INITIALIZING], a[id=0erPpWShQUWr0fCKxTfoYQ], unassigned_info[[reason=INDEX_CREATED], at[2016-04-18T07:03:35.060Z]]
--------[test][2], node[YucHs-5XRNO-JChWAzIIZg], [R], v[2], s[INITIALIZING], a[id=RNqthUztR6-DqnLRLToD-Q], unassigned_info[[reason=INDEX_CREATED], at[2016-04-18T07:03:35.060Z]]
--------[test][3], node[YucHs-5XRNO-JChWAzIIZg], [P], v[4], s[STARTED], a[id=_WxhJCFGSNa0eq_monQ5AA]
--------[test][1], node[YucHs-5XRNO-JChWAzIIZg], [P], v[4], s[STARTED], a[id=skolItfmTI6mUEyBLn-4fA]
--------[test][0], node[YucHs-5XRNO-JChWAzIIZg], [R], v[2], s[INITIALIZING], a[id=Z8oM2vxwSmiUDNdNNYmYpA], unassigned_info[[reason=INDEX_CREATED], at[2016-04-18T07:03:35.060Z]]
---- unassigned
--------[test][6], node[null], [R], v[2], s[UNASSIGNED], unassigned_info[[reason=INDEX_CREATED], at[2016-04-18T07:03:35.060Z]]
--------[test][8], node[null], [R], v[2], s[UNASSIGNED], unassigned_info[[reason=INDEX_CREATED], at[2016-04-18T07:03:35.060Z]]

[2016-04-18 03:03:35,149][DEBUG][org.elasticsearch.cluster.service] [node_t1] set local cluster state to version 8
[2016-04-18 03:03:35,151][TRACE][org.elasticsearch.gateway] [node_t1] [test] writing state, reason [version changed from [5] to [6]]
[2016-04-18 03:03:35,153][DEBUG][org.elasticsearch.cluster.service] [node_t1] processing [zen-disco-receive(from master [master {node_t0}{MSgO3f-9S-yat_4GxxKW6w}{127.0.0.1}{127.0.0.1:9440}[mode=>network] committed version [8]])]: took 5ms done applying updated cluster_state (version: 8, uuid: r3HgumKLTDSBexQAZ2K1JA)
[2016-04-18 03:03:35,153][DEBUG][org.elasticsearch.cluster.service] [node_t0] set local cluster state to version 8
[2016-04-18 03:03:35,155][TRACE][org.elasticsearch.gateway] [node_t0] [test] writing state, reason [version changed from [5] to [6]]
[2016-04-18 03:03:35,157][DEBUG][org.elasticsearch.cluster.service] [node_t0] processing [shard-started ([test][5], node[MSgO3f-9S-yat_4GxxKW6w], [R], v[3], s[INITIALIZING], a[id=rmWrwhCARDGyronYRXQ-Tw], unassigned_info[[reason=INDEX_CREATED], at[2016-04-18T07:03:35.060Z]]), reason [after recovery (replica) from node [{node_t1}{YucHs-5XRNO-JChWAzIIZg}{127.0.0.1}{127.0.0.1:9441}[mode=>network]]],shard-started ([test][5], node[MSgO3f-9S-yat_4GxxKW6w], [R], v[3], s[INITIALIZING], a[id=rmWrwhCARDGyronYRXQ-Tw], unassigned_info[[reason=INDEX_CREATED], at[2016-04-18T07:03:35.060Z]]), reason [master {node_t0}{MSgO3f-9S-yat_4GxxKW6w}{127.0.0.1}{127.0.0.1:9440}[mode=>network] marked shard as initializing, but shard state is [POST_RECOVERY], mark shard as started]]: took 13ms done applying updated cluster_state (version: 8, uuid: r3HgumKLTDSBexQAZ2K1JA)
[2016-04-18 03:03:35,157][TRACE][org.elasticsearch.cluster.service] [node_t0] will process [shard-started ([test][4], node[YucHs-5XRNO-JChWAzIIZg], [R], v[2], s[INITIALIZING], a[id=0erPpWShQUWr0fCKxTfoYQ], unassigned_info[[reason=INDEX_CREATED], at[2016-04-18T07:03:35.060Z]]), reason [after recovery (replica) from node [{node_t0}{MSgO3f-9S-yat_4GxxKW6w}{127.0.0.1}{127.0.0.1:9440}[mode=>network]]]]
[2016-04-18 03:03:35,157][TRACE][org.elasticsearch.cluster.service] [node_t0] will process [shard-started ([test][4], node[YucHs-5XRNO-JChWAzIIZg], [R], v[2], s[INITIALIZING], a[id=0erPpWShQUWr0fCKxTfoYQ], unassigned_info[[reason=INDEX_CREATED], at[2016-04-18T07:03:35.060Z]]), reason [master {node_t0}{MSgO3f-9S-yat_4GxxKW6w}{127.0.0.1}{127.0.0.1:9440}[mode=>network] marked shard as initializing, but shard state is [POST_RECOVERY], mark shard as started]]
[2016-04-18 03:03:35,158][TRACE][org.elasticsearch.cluster.service] [node_t0] will process [shard-started ([test][2], node[YucHs-5XRNO-JChWAzIIZg], [R], v[2], s[INITIALIZING], a[id=RNqthUztR6-DqnLRLToD-Q], unassigned_info[[reason=INDEX_CREATED], at[2016-04-18T07:03:35.060Z]]), reason [after recovery (replica) from node [{node_t0}{MSgO3f-9S-yat_4GxxKW6w}{127.0.0.1}{127.0.0.1:9440}[mode=>network]]]]
[2016-04-18 03:03:35,158][DEBUG][org.elasticsearch.cluster.service] [node_t0] processing [shard-started ([test][4], node[YucHs-5XRNO-JChWAzIIZg], [R], v[2], s[INITIALIZING], a[id=0erPpWShQUWr0fCKxTfoYQ], unassigned_info[[reason=INDEX_CREATED], at[2016-04-18T07:03:35.060Z]]), reason [after recovery (replica) from node [{node_t0}{MSgO3f-9S-yat_4GxxKW6w}{127.0.0.1}{127.0.0.1:9440}[mode=>network]]],shard-started ([test][4], node[YucHs-5XRNO-JChWAzIIZg], [R], v[2], s[INITIALIZING], a[id=0erPpWShQUWr0fCKxTfoYQ], unassigned_info[[reason=INDEX_CREATED], at[2016-04-18T07:03:35.060Z]]), reason [master {node_t0}{MSgO3f-9S-yat_4GxxKW6w}{127.0.0.1}{127.0.0.1:9440}[mode=>network] marked shard as initializing, but shard state is [POST_RECOVERY], mark shard as started],shard-started ([test][2], node[YucHs-5XRNO-JChWAzIIZg], [R], v[2], s[INITIALIZING], a[id=RNqthUztR6-DqnLRLToD-Q], unassigned_info[[reason=INDEX_CREATED], at[2016-04-18T07:03:35.060Z]]), reason [after recovery (replica) from node [{node_t0}{MSgO3f-9S-yat_4GxxKW6w}{127.0.0.1}{127.0.0.1:9440}[mode=>network]]]]: execute
[2016-04-18 03:03:35,158][TRACE][org.elasticsearch.cluster.service] [node_t0] cluster state updated, source [shard-started ([test][4], node[YucHs-5XRNO-JChWAzIIZg], [R], v[2], s[INITIALIZING], a[id=0erPpWShQUWr0fCKxTfoYQ], unassigned_info[[reason=INDEX_CREATED], at[2016-04-18T07:03:35.060Z]]), reason [after recovery (replica) from node [{node_t0}{MSgO3f-9S-yat_4GxxKW6w}{127.0.0.1}{127.0.0.1:9440}[mode=>network]]],shard-started ([test][4], node[YucHs-5XRNO-JChWAzIIZg], [R], v[2], s[INITIALIZING], a[id=0erPpWShQUWr0fCKxTfoYQ], unassigned_info[[reason=INDEX_CREATED], at[2016-04-18T07:03:35.060Z]]), reason [master {node_t0}{MSgO3f-9S-yat_4GxxKW6w}{127.0.0.1}{127.0.0.1:9440}[mode=>network] marked shard as initializing, but shard state is [POST_RECOVERY], mark shard as started],shard-started ([test][2], node[YucHs-5XRNO-JChWAzIIZg], [R], v[2], s[INITIALIZING], a[id=RNqthUztR6-DqnLRLToD-Q], unassigned_info[[reason=INDEX_CREATED], at[2016-04-18T07:03:35.060Z]]), reason [after recovery (replica) from node [{node_t0}{MSgO3f-9S-yat_4GxxKW6w}{127.0.0.1}{127.0.0.1:9440}[mode=>network]]]]
version: 9
state uuid: 0-sybxcOSx-oQyk8SbwZTw
from_diff: false
meta data version: 8
nodes: 
   {node_t0}{MSgO3f-9S-yat_4GxxKW6w}{127.0.0.1}{127.0.0.1:9440}[mode=>network], local, master
   {node_t1}{YucHs-5XRNO-JChWAzIIZg}{127.0.0.1}{127.0.0.1:9441}[mode=>network]
routing_table (version 8):
-- index [test]
----shard_id [test][0]
--------[test][0], node[MSgO3f-9S-yat_4GxxKW6w], [P], v[2], s[STARTED], a[id=x-5geQ3STLGnkFrhyWIPig]
--------[test][0], node[YucHs-5XRNO-JChWAzIIZg], [R], v[2], s[INITIALIZING], a[id=Z8oM2vxwSmiUDNdNNYmYpA], unassigned_info[[reason=INDEX_CREATED], at[2016-04-18T07:03:35.060Z]]
----shard_id [test][1]
--------[test][1], node[MSgO3f-9S-yat_4GxxKW6w], [R], v[4], s[STARTED], a[id=L4IKaQHuRgGb1w_n7xmmKQ]
--------[test][1], node[YucHs-5XRNO-JChWAzIIZg], [P], v[4], s[STARTED], a[id=skolItfmTI6mUEyBLn-4fA]
----shard_id [test][2]
--------[test][2], node[MSgO3f-9S-yat_4GxxKW6w], [P], v[3], s[STARTED], a[id=baarSFwkRcq8a9G9hXd1-Q]
--------[test][2], node[YucHs-5XRNO-JChWAzIIZg], [R], v[3], s[STARTED], a[id=RNqthUztR6-DqnLRLToD-Q]
----shard_id [test][3]
--------[test][3], node[MSgO3f-9S-yat_4GxxKW6w], [R], v[4], s[STARTED], a[id=4hIWv-TuSVu4m7J22t3IKw]
--------[test][3], node[YucHs-5XRNO-JChWAzIIZg], [P], v[4], s[STARTED], a[id=_WxhJCFGSNa0eq_monQ5AA]
----shard_id [test][4]
--------[test][4], node[MSgO3f-9S-yat_4GxxKW6w], [P], v[3], s[STARTED], a[id=p6hLZGI1QdCK1ozNkdummA]
--------[test][4], node[YucHs-5XRNO-JChWAzIIZg], [R], v[3], s[STARTED], a[id=0erPpWShQUWr0fCKxTfoYQ]
----shard_id [test][5]
--------[test][5], node[MSgO3f-9S-yat_4GxxKW6w], [R], v[4], s[STARTED], a[id=rmWrwhCARDGyronYRXQ-Tw]
--------[test][5], node[YucHs-5XRNO-JChWAzIIZg], [P], v[4], s[STARTED], a[id=4B5yVDeUTpe5-44KssB7xg]
----shard_id [test][6]
--------[test][6], node[MSgO3f-9S-yat_4GxxKW6w], [P], v[3], s[STARTED], a[id=QQlSOWl8SkCKZXtQEROoqQ]
--------[test][6], node[YucHs-5XRNO-JChWAzIIZg], [R], v[3], s[INITIALIZING], a[id=lhxXACDDRmi5eofyvUh5ww], unassigned_info[[reason=INDEX_CREATED], at[2016-04-18T07:03:35.060Z]]
----shard_id [test][7]
--------[test][7], node[MSgO3f-9S-yat_4GxxKW6w], [R], v[3], s[INITIALIZING], a[id=hBEBhcFsRjar-iu3US6PCw], unassigned_info[[reason=INDEX_CREATED], at[2016-04-18T07:03:35.060Z]]
--------[test][7], node[YucHs-5XRNO-JChWAzIIZg], [P], v[3], s[STARTED], a[id=_q3o1C7eRoG3whwcdLSwbQ]
----shard_id [test][8]
--------[test][8], node[MSgO3f-9S-yat_4GxxKW6w], [P], v[3], s[STARTED], a[id=JTQGnxGwQleYyzPdjZNnWg]
--------[test][8], node[YucHs-5XRNO-JChWAzIIZg], [R], v[3], s[INITIALIZING], a[id=uERXgJeHSeixZcO4CmIKeQ], unassigned_info[[reason=INDEX_CREATED], at[2016-04-18T07:03:35.060Z]]

routing_nodes:
-----node_id[MSgO3f-9S-yat_4GxxKW6w][V]
--------[test][5], node[MSgO3f-9S-yat_4GxxKW6w], [R], v[4], s[STARTED], a[id=rmWrwhCARDGyronYRXQ-Tw]
--------[test][8], node[MSgO3f-9S-yat_4GxxKW6w], [P], v[3], s[STARTED], a[id=JTQGnxGwQleYyzPdjZNnWg]
--------[test][4], node[MSgO3f-9S-yat_4GxxKW6w], [P], v[3], s[STARTED], a[id=p6hLZGI1QdCK1ozNkdummA]
--------[test][3], node[MSgO3f-9S-yat_4GxxKW6w], [R], v[4], s[STARTED], a[id=4hIWv-TuSVu4m7J22t3IKw]
--------[test][6], node[MSgO3f-9S-yat_4GxxKW6w], [P], v[3], s[STARTED], a[id=QQlSOWl8SkCKZXtQEROoqQ]
--------[test][7], node[MSgO3f-9S-yat_4GxxKW6w], [R], v[3], s[INITIALIZING], a[id=hBEBhcFsRjar-iu3US6PCw], unassigned_info[[reason=INDEX_CREATED], at[2016-04-18T07:03:35.060Z]]
--------[test][2], node[MSgO3f-9S-yat_4GxxKW6w], [P], v[3], s[STARTED], a[id=baarSFwkRcq8a9G9hXd1-Q]
--------[test][1], node[MSgO3f-9S-yat_4GxxKW6w], [R], v[4], s[STARTED], a[id=L4IKaQHuRgGb1w_n7xmmKQ]
--------[test][0], node[MSgO3f-9S-yat_4GxxKW6w], [P], v[2], s[STARTED], a[id=x-5geQ3STLGnkFrhyWIPig]
-----node_id[YucHs-5XRNO-JChWAzIIZg][V]
--------[test][5], node[YucHs-5XRNO-JChWAzIIZg], [P], v[4], s[STARTED], a[id=4B5yVDeUTpe5-44KssB7xg]
--------[test][8], node[YucHs-5XRNO-JChWAzIIZg], [R], v[3], s[INITIALIZING], a[id=uERXgJeHSeixZcO4CmIKeQ], unassigned_info[[reason=INDEX_CREATED], at[2016-04-18T07:03:35.060Z]]
--------[test][4], node[YucHs-5XRNO-JChWAzIIZg], [R], v[3], s[STARTED], a[id=0erPpWShQUWr0fCKxTfoYQ]
--------[test][3], node[YucHs-5XRNO-JChWAzIIZg], [P], v[4], s[STARTED], a[id=_WxhJCFGSNa0eq_monQ5AA]
--------[test][6], node[YucHs-5XRNO-JChWAzIIZg], [R], v[3], s[INITIALIZING], a[id=lhxXACDDRmi5eofyvUh5ww], unassigned_info[[reason=INDEX_CREATED], at[2016-04-18T07:03:35.060Z]]
--------[test][7], node[YucHs-5XRNO-JChWAzIIZg], [P], v[3], s[STARTED], a[id=_q3o1C7eRoG3whwcdLSwbQ]
--------[test][2], node[YucHs-5XRNO-JChWAzIIZg], [R], v[3], s[STARTED], a[id=RNqthUztR6-DqnLRLToD-Q]
--------[test][1], node[YucHs-5XRNO-JChWAzIIZg], [P], v[4], s[STARTED], a[id=skolItfmTI6mUEyBLn-4fA]
--------[test][0], node[YucHs-5XRNO-JChWAzIIZg], [R], v[2], s[INITIALIZING], a[id=Z8oM2vxwSmiUDNdNNYmYpA], unassigned_info[[reason=INDEX_CREATED], at[2016-04-18T07:03:35.060Z]]
---- unassigned

[2016-04-18 03:03:35,159][DEBUG][org.elasticsearch.cluster.service] [node_t0] publishing cluster state version [9]
[2016-04-18 03:03:35,159][DEBUG][org.elasticsearch.discovery.zen.publish] [node_t1] received diff cluster state version [9] with uuid [0-sybxcOSx-oQyk8SbwZTw], diff size [814]
[2016-04-18 03:03:35,159][TRACE][org.elasticsearch.discovery.zen.publish] [node_t0] master node {node_t1}{YucHs-5XRNO-JChWAzIIZg}{127.0.0.1}{127.0.0.1:9441}[mode=>network] acked cluster state version [9]. processing ... (current pending [1], needed [1])
[2016-04-18 03:03:35,159][TRACE][org.elasticsearch.discovery.zen.publish] [node_t0] committing version [9]
[2016-04-18 03:03:35,160][TRACE][org.elasticsearch.discovery.zen.publish] [node_t0] sending commit for cluster state (uuid: [0-sybxcOSx-oQyk8SbwZTw], version [9]) to [{node_t1}{YucHs-5XRNO-JChWAzIIZg}{127.0.0.1}{127.0.0.1:9441}[mode=>network]]
[2016-04-18 03:03:35,160][TRACE][org.elasticsearch.cluster.service] [node_t1] will process [zen-disco-receive(from master [master {node_t0}{MSgO3f-9S-yat_4GxxKW6w}{127.0.0.1}{127.0.0.1:9440}[mode=>network] committed version [9]])]
[2016-04-18 03:03:35,160][DEBUG][org.elasticsearch.cluster.service] [node_t1] processing [zen-disco-receive(from master [master {node_t0}{MSgO3f-9S-yat_4GxxKW6w}{127.0.0.1}{127.0.0.1:9440}[mode=>network] committed version [9]])]: execute
[2016-04-18 03:03:35,160][TRACE][org.elasticsearch.cluster.service] [node_t1] cluster state updated, source [zen-disco-receive(from master [master {node_t0}{MSgO3f-9S-yat_4GxxKW6w}{127.0.0.1}{127.0.0.1:9440}[mode=>network] committed version [9]])]
version: 9
state uuid: 0-sybxcOSx-oQyk8SbwZTw
from_diff: false
meta data version: 8
nodes: 
   {node_t0}{MSgO3f-9S-yat_4GxxKW6w}{127.0.0.1}{127.0.0.1:9440}[mode=>network], master
   {node_t1}{YucHs-5XRNO-JChWAzIIZg}{127.0.0.1}{127.0.0.1:9441}[mode=>network], local
routing_table (version 8):
-- index [test]
----shard_id [test][0]
--------[test][0], node[MSgO3f-9S-yat_4GxxKW6w], [P], v[2], s[STARTED], a[id=x-5geQ3STLGnkFrhyWIPig]
--------[test][0], node[YucHs-5XRNO-JChWAzIIZg], [R], v[2], s[INITIALIZING], a[id=Z8oM2vxwSmiUDNdNNYmYpA], unassigned_info[[reason=INDEX_CREATED], at[2016-04-18T07:03:35.060Z]]
----shard_id [test][1]
--------[test][1], node[MSgO3f-9S-yat_4GxxKW6w], [R], v[4], s[STARTED], a[id=L4IKaQHuRgGb1w_n7xmmKQ]
--------[test][1], node[YucHs-5XRNO-JChWAzIIZg], [P], v[4], s[STARTED], a[id=skolItfmTI6mUEyBLn-4fA]
----shard_id [test][2]
--------[test][2], node[MSgO3f-9S-yat_4GxxKW6w], [P], v[3], s[STARTED], a[id=baarSFwkRcq8a9G9hXd1-Q]
--------[test][2], node[YucHs-5XRNO-JChWAzIIZg], [R], v[3], s[STARTED], a[id=RNqthUztR6-DqnLRLToD-Q]
----shard_id [test][3]
--------[test][3], node[MSgO3f-9S-yat_4GxxKW6w], [R], v[4], s[STARTED], a[id=4hIWv-TuSVu4m7J22t3IKw]
--------[test][3], node[YucHs-5XRNO-JChWAzIIZg], [P], v[4], s[STARTED], a[id=_WxhJCFGSNa0eq_monQ5AA]
----shard_id [test][4]
--------[test][4], node[MSgO3f-9S-yat_4GxxKW6w], [P], v[3], s[STARTED], a[id=p6hLZGI1QdCK1ozNkdummA]
--------[test][4], node[YucHs-5XRNO-JChWAzIIZg], [R], v[3], s[STARTED], a[id=0erPpWShQUWr0fCKxTfoYQ]
----shard_id [test][5]
--------[test][5], node[MSgO3f-9S-yat_4GxxKW6w], [R], v[4], s[STARTED], a[id=rmWrwhCARDGyronYRXQ-Tw]
--------[test][5], node[YucHs-5XRNO-JChWAzIIZg], [P], v[4], s[STARTED], a[id=4B5yVDeUTpe5-44KssB7xg]
----shard_id [test][6]
--------[test][6], node[MSgO3f-9S-yat_4GxxKW6w], [P], v[3], s[STARTED], a[id=QQlSOWl8SkCKZXtQEROoqQ]
--------[test][6], node[YucHs-5XRNO-JChWAzIIZg], [R], v[3], s[INITIALIZING], a[id=lhxXACDDRmi5eofyvUh5ww], unassigned_info[[reason=INDEX_CREATED], at[2016-04-18T07:03:35.060Z]]
----shard_id [test][7]
--------[test][7], node[MSgO3f-9S-yat_4GxxKW6w], [R], v[3], s[INITIALIZING], a[id=hBEBhcFsRjar-iu3US6PCw], unassigned_info[[reason=INDEX_CREATED], at[2016-04-18T07:03:35.060Z]]
--------[test][7], node[YucHs-5XRNO-JChWAzIIZg], [P], v[3], s[STARTED], a[id=_q3o1C7eRoG3whwcdLSwbQ]
----shard_id [test][8]
--------[test][8], node[MSgO3f-9S-yat_4GxxKW6w], [P], v[3], s[STARTED], a[id=JTQGnxGwQleYyzPdjZNnWg]
--------[test][8], node[YucHs-5XRNO-JChWAzIIZg], [R], v[3], s[INITIALIZING], a[id=uERXgJeHSeixZcO4CmIKeQ], unassigned_info[[reason=INDEX_CREATED], at[2016-04-18T07:03:35.060Z]]

routing_nodes:
-----node_id[MSgO3f-9S-yat_4GxxKW6w][V]
--------[test][4], node[MSgO3f-9S-yat_4GxxKW6w], [P], v[3], s[STARTED], a[id=p6hLZGI1QdCK1ozNkdummA]
--------[test][1], node[MSgO3f-9S-yat_4GxxKW6w], [R], v[4], s[STARTED], a[id=L4IKaQHuRgGb1w_n7xmmKQ]
--------[test][3], node[MSgO3f-9S-yat_4GxxKW6w], [R], v[4], s[STARTED], a[id=4hIWv-TuSVu4m7J22t3IKw]
--------[test][6], node[MSgO3f-9S-yat_4GxxKW6w], [P], v[3], s[STARTED], a[id=QQlSOWl8SkCKZXtQEROoqQ]
--------[test][8], node[MSgO3f-9S-yat_4GxxKW6w], [P], v[3], s[STARTED], a[id=JTQGnxGwQleYyzPdjZNnWg]
--------[test][2], node[MSgO3f-9S-yat_4GxxKW6w], [P], v[3], s[STARTED], a[id=baarSFwkRcq8a9G9hXd1-Q]
--------[test][5], node[MSgO3f-9S-yat_4GxxKW6w], [R], v[4], s[STARTED], a[id=rmWrwhCARDGyronYRXQ-Tw]
--------[test][7], node[MSgO3f-9S-yat_4GxxKW6w], [R], v[3], s[INITIALIZING], a[id=hBEBhcFsRjar-iu3US6PCw], unassigned_info[[reason=INDEX_CREATED], at[2016-04-18T07:03:35.060Z]]
--------[test][0], node[MSgO3f-9S-yat_4GxxKW6w], [P], v[2], s[STARTED], a[id=x-5geQ3STLGnkFrhyWIPig]
-----node_id[YucHs-5XRNO-JChWAzIIZg][V]
--------[test][4], node[YucHs-5XRNO-JChWAzIIZg], [R], v[3], s[STARTED], a[id=0erPpWShQUWr0fCKxTfoYQ]
--------[test][1], node[YucHs-5XRNO-JChWAzIIZg], [P], v[4], s[STARTED], a[id=skolItfmTI6mUEyBLn-4fA]
--------[test][3], node[YucHs-5XRNO-JChWAzIIZg], [P], v[4], s[STARTED], a[id=_WxhJCFGSNa0eq_monQ5AA]
--------[test][6], node[YucHs-5XRNO-JChWAzIIZg], [R], v[3], s[INITIALIZING], a[id=lhxXACDDRmi5eofyvUh5ww], unassigned_info[[reason=INDEX_CREATED], at[2016-04-18T07:03:35.060Z]]
--------[test][8], node[YucHs-5XRNO-JChWAzIIZg], [R], v[3], s[INITIALIZING], a[id=uERXgJeHSeixZcO4CmIKeQ], unassigned_info[[reason=INDEX_CREATED], at[2016-04-18T07:03:35.060Z]]
--------[test][2], node[YucHs-5XRNO-JChWAzIIZg], [R], v[3], s[STARTED], a[id=RNqthUztR6-DqnLRLToD-Q]
--------[test][5], node[YucHs-5XRNO-JChWAzIIZg], [P], v[4], s[STARTED], a[id=4B5yVDeUTpe5-44KssB7xg]
--------[test][7], node[YucHs-5XRNO-JChWAzIIZg], [P], v[3], s[STARTED], a[id=_q3o1C7eRoG3whwcdLSwbQ]
--------[test][0], node[YucHs-5XRNO-JChWAzIIZg], [R], v[2], s[INITIALIZING], a[id=Z8oM2vxwSmiUDNdNNYmYpA], unassigned_info[[reason=INDEX_CREATED], at[2016-04-18T07:03:35.060Z]]
---- unassigned

[2016-04-18 03:03:35,161][DEBUG][org.elasticsearch.cluster.service] [node_t1] set local cluster state to version 9
[2016-04-18 03:03:35,168][TRACE][org.elasticsearch.gateway] [node_t1] [test] writing state, reason [version changed from [6] to [7]]
[2016-04-18 03:03:35,170][DEBUG][org.elasticsearch.cluster.service] [node_t1] processing [zen-disco-receive(from master [master {node_t0}{MSgO3f-9S-yat_4GxxKW6w}{127.0.0.1}{127.0.0.1:9440}[mode=>network] committed version [9]])]: took 9ms done applying updated cluster_state (version: 9, uuid: 0-sybxcOSx-oQyk8SbwZTw)
[2016-04-18 03:03:35,170][DEBUG][org.elasticsearch.cluster.service] [node_t0] set local cluster state to version 9
[2016-04-18 03:03:35,179][TRACE][org.elasticsearch.gateway] [node_t0] [test] writing state, reason [version changed from [6] to [7]]
[2016-04-18 03:03:35,180][DEBUG][org.elasticsearch.cluster.service] [node_t0] processing [shard-started ([test][4], node[YucHs-5XRNO-JChWAzIIZg], [R], v[2], s[INITIALIZING], a[id=0erPpWShQUWr0fCKxTfoYQ], unassigned_info[[reason=INDEX_CREATED], at[2016-04-18T07:03:35.060Z]]), reason [after recovery (replica) from node [{node_t0}{MSgO3f-9S-yat_4GxxKW6w}{127.0.0.1}{127.0.0.1:9440}[mode=>network]]],shard-started ([test][4], node[YucHs-5XRNO-JChWAzIIZg], [R], v[2], s[INITIALIZING], a[id=0erPpWShQUWr0fCKxTfoYQ], unassigned_info[[reason=INDEX_CREATED], at[2016-04-18T07:03:35.060Z]]), reason [master {node_t0}{MSgO3f-9S-yat_4GxxKW6w}{127.0.0.1}{127.0.0.1:9440}[mode=>network] marked shard as initializing, but shard state is [POST_RECOVERY], mark shard as started],shard-started ([test][2], node[YucHs-5XRNO-JChWAzIIZg], [R], v[2], s[INITIALIZING], a[id=RNqthUztR6-DqnLRLToD-Q], unassigned_info[[reason=INDEX_CREATED], at[2016-04-18T07:03:35.060Z]]), reason [after recovery (replica) from node [{node_t0}{MSgO3f-9S-yat_4GxxKW6w}{127.0.0.1}{127.0.0.1:9440}[mode=>network]]]]: took 22ms done applying updated cluster_state (version: 9, uuid: 0-sybxcOSx-oQyk8SbwZTw)
[2016-04-18 03:03:35,180][TRACE][org.elasticsearch.cluster.service] [node_t0] will process [shard-started ([test][7], node[MSgO3f-9S-yat_4GxxKW6w], [R], v[3], s[INITIALIZING], a[id=hBEBhcFsRjar-iu3US6PCw], unassigned_info[[reason=INDEX_CREATED], at[2016-04-18T07:03:35.060Z]]), reason [after recovery (replica) from node [{node_t1}{YucHs-5XRNO-JChWAzIIZg}{127.0.0.1}{127.0.0.1:9441}[mode=>network]]]]
[2016-04-18 03:03:35,180][TRACE][org.elasticsearch.cluster.service] [node_t0] will process [shard-started ([test][0], node[YucHs-5XRNO-JChWAzIIZg], [R], v[2], s[INITIALIZING], a[id=Z8oM2vxwSmiUDNdNNYmYpA], unassigned_info[[reason=INDEX_CREATED], at[2016-04-18T07:03:35.060Z]]), reason [after recovery (replica) from node [{node_t0}{MSgO3f-9S-yat_4GxxKW6w}{127.0.0.1}{127.0.0.1:9440}[mode=>network]]]]
[2016-04-18 03:03:35,180][TRACE][org.elasticsearch.cluster.service] [node_t0] will process [shard-started ([test][0], node[YucHs-5XRNO-JChWAzIIZg], [R], v[2], s[INITIALIZING], a[id=Z8oM2vxwSmiUDNdNNYmYpA], unassigned_info[[reason=INDEX_CREATED], at[2016-04-18T07:03:35.060Z]]), reason [master {node_t0}{MSgO3f-9S-yat_4GxxKW6w}{127.0.0.1}{127.0.0.1:9440}[mode=>network] marked shard as initializing, but shard state is [POST_RECOVERY], mark shard as started]]
[2016-04-18 03:03:35,180][TRACE][org.elasticsearch.cluster.service] [node_t0] will process [shard-started ([test][7], node[MSgO3f-9S-yat_4GxxKW6w], [R], v[3], s[INITIALIZING], a[id=hBEBhcFsRjar-iu3US6PCw], unassigned_info[[reason=INDEX_CREATED], at[2016-04-18T07:03:35.060Z]]), reason [master {node_t0}{MSgO3f-9S-yat_4GxxKW6w}{127.0.0.1}{127.0.0.1:9440}[mode=>network] marked shard as initializing, but shard state is [POST_RECOVERY], mark shard as started]]
[2016-04-18 03:03:35,180][DEBUG][org.elasticsearch.cluster.service] [node_t0] processing [shard-started ([test][7], node[MSgO3f-9S-yat_4GxxKW6w], [R], v[3], s[INITIALIZING], a[id=hBEBhcFsRjar-iu3US6PCw], unassigned_info[[reason=INDEX_CREATED], at[2016-04-18T07:03:35.060Z]]), reason [after recovery (replica) from node [{node_t1}{YucHs-5XRNO-JChWAzIIZg}{127.0.0.1}{127.0.0.1:9441}[mode=>network]]],shard-started ([test][0], node[YucHs-5XRNO-JChWAzIIZg], [R], v[2], s[INITIALIZING], a[id=Z8oM2vxwSmiUDNdNNYmYpA], unassigned_info[[reason=INDEX_CREATED], at[2016-04-18T07:03:35.060Z]]), reason [after recovery (replica) from node [{node_t0}{MSgO3f-9S-yat_4GxxKW6w}{127.0.0.1}{127.0.0.1:9440}[mode=>network]]],shard-started ([test][0], node[YucHs-5XRNO-JChWAzIIZg], [R], v[2], s[INITIALIZING], a[id=Z8oM2vxwSmiUDNdNNYmYpA], unassigned_info[[reason=INDEX_CREATED], at[2016-04-18T07:03:35.060Z]]), reason [master {node_t0}{MSgO3f-9S-yat_4GxxKW6w}{127.0.0.1}{127.0.0.1:9440}[mode=>network] marked shard as initializing, but shard state is [POST_RECOVERY], mark shard as started],shard-started ([test][7], node[MSgO3f-9S-yat_4GxxKW6w], [R], v[3], s[INITIALIZING], a[id=hBEBhcFsRjar-iu3US6PCw], unassigned_info[[reason=INDEX_CREATED], at[2016-04-18T07:03:35.060Z]]), reason [master {node_t0}{MSgO3f-9S-yat_4GxxKW6w}{127.0.0.1}{127.0.0.1:9440}[mode=>network] marked shard as initializing, but shard state is [POST_RECOVERY], mark shard as started]]: execute
[2016-04-18 03:03:35,180][TRACE][org.elasticsearch.cluster.service] [node_t0] cluster state updated, source [shard-started ([test][7], node[MSgO3f-9S-yat_4GxxKW6w], [R], v[3], s[INITIALIZING], a[id=hBEBhcFsRjar-iu3US6PCw], unassigned_info[[reason=INDEX_CREATED], at[2016-04-18T07:03:35.060Z]]), reason [after recovery (replica) from node [{node_t1}{YucHs-5XRNO-JChWAzIIZg}{127.0.0.1}{127.0.0.1:9441}[mode=>network]]],shard-started ([test][0], node[YucHs-5XRNO-JChWAzIIZg], [R], v[2], s[INITIALIZING], a[id=Z8oM2vxwSmiUDNdNNYmYpA], unassigned_info[[reason=INDEX_CREATED], at[2016-04-18T07:03:35.060Z]]), reason [after recovery (replica) from node [{node_t0}{MSgO3f-9S-yat_4GxxKW6w}{127.0.0.1}{127.0.0.1:9440}[mode=>network]]],shard-started ([test][0], node[YucHs-5XRNO-JChWAzIIZg], [R], v[2], s[INITIALIZING], a[id=Z8oM2vxwSmiUDNdNNYmYpA], unassigned_info[[reason=INDEX_CREATED], at[2016-04-18T07:03:35.060Z]]), reason [master {node_t0}{MSgO3f-9S-yat_4GxxKW6w}{127.0.0.1}{127.0.0.1:9440}[mode=>network] marked shard as initializing, but shard state is [POST_RECOVERY], mark shard as started],shard-started ([test][7], node[MSgO3f-9S-yat_4GxxKW6w], [R], v[3], s[INITIALIZING], a[id=hBEBhcFsRjar-iu3US6PCw], unassigned_info[[reason=INDEX_CREATED], at[2016-04-18T07:03:35.060Z]]), reason [master {node_t0}{MSgO3f-9S-yat_4GxxKW6w}{127.0.0.1}{127.0.0.1:9440}[mode=>network] marked shard as initializing, but shard state is [POST_RECOVERY], mark shard as started]]
version: 10
state uuid: fVHmbEQkQhGqUCoUUXJwyw
from_diff: false
meta data version: 9
nodes: 
   {node_t0}{MSgO3f-9S-yat_4GxxKW6w}{127.0.0.1}{127.0.0.1:9440}[mode=>network], local, master
   {node_t1}{YucHs-5XRNO-JChWAzIIZg}{127.0.0.1}{127.0.0.1:9441}[mode=>network]
routing_table (version 9):
-- index [test]
----shard_id [test][0]
--------[test][0], node[MSgO3f-9S-yat_4GxxKW6w], [P], v[3], s[STARTED], a[id=x-5geQ3STLGnkFrhyWIPig]
--------[test][0], node[YucHs-5XRNO-JChWAzIIZg], [R], v[3], s[STARTED], a[id=Z8oM2vxwSmiUDNdNNYmYpA]
----shard_id [test][1]
--------[test][1], node[MSgO3f-9S-yat_4GxxKW6w], [R], v[4], s[STARTED], a[id=L4IKaQHuRgGb1w_n7xmmKQ]
--------[test][1], node[YucHs-5XRNO-JChWAzIIZg], [P], v[4], s[STARTED], a[id=skolItfmTI6mUEyBLn-4fA]
----shard_id [test][2]
--------[test][2], node[MSgO3f-9S-yat_4GxxKW6w], [P], v[3], s[STARTED], a[id=baarSFwkRcq8a9G9hXd1-Q]
--------[test][2], node[YucHs-5XRNO-JChWAzIIZg], [R], v[3], s[STARTED], a[id=RNqthUztR6-DqnLRLToD-Q]
----shard_id [test][3]
--------[test][3], node[MSgO3f-9S-yat_4GxxKW6w], [R], v[4], s[STARTED], a[id=4hIWv-TuSVu4m7J22t3IKw]
--------[test][3], node[YucHs-5XRNO-JChWAzIIZg], [P], v[4], s[STARTED], a[id=_WxhJCFGSNa0eq_monQ5AA]
----shard_id [test][4]
--------[test][4], node[MSgO3f-9S-yat_4GxxKW6w], [P], v[3], s[STARTED], a[id=p6hLZGI1QdCK1ozNkdummA]
--------[test][4], node[YucHs-5XRNO-JChWAzIIZg], [R], v[3], s[STARTED], a[id=0erPpWShQUWr0fCKxTfoYQ]
----shard_id [test][5]
--------[test][5], node[MSgO3f-9S-yat_4GxxKW6w], [R], v[4], s[STARTED], a[id=rmWrwhCARDGyronYRXQ-Tw]
--------[test][5], node[YucHs-5XRNO-JChWAzIIZg], [P], v[4], s[STARTED], a[id=4B5yVDeUTpe5-44KssB7xg]
----shard_id [test][6]
--------[test][6], node[MSgO3f-9S-yat_4GxxKW6w], [P], v[3], s[STARTED], a[id=QQlSOWl8SkCKZXtQEROoqQ]
--------[test][6], node[YucHs-5XRNO-JChWAzIIZg], [R], v[3], s[INITIALIZING], a[id=lhxXACDDRmi5eofyvUh5ww], unassigned_info[[reason=INDEX_CREATED], at[2016-04-18T07:03:35.060Z]]
----shard_id [test][7]
--------[test][7], node[MSgO3f-9S-yat_4GxxKW6w], [R], v[4], s[STARTED], a[id=hBEBhcFsRjar-iu3US6PCw]
--------[test][7], node[YucHs-5XRNO-JChWAzIIZg], [P], v[4], s[STARTED], a[id=_q3o1C7eRoG3whwcdLSwbQ]
----shard_id [test][8]
--------[test][8], node[MSgO3f-9S-yat_4GxxKW6w], [P], v[3], s[STARTED], a[id=JTQGnxGwQleYyzPdjZNnWg]
--------[test][8], node[YucHs-5XRNO-JChWAzIIZg], [R], v[3], s[INITIALIZING], a[id=uERXgJeHSeixZcO4CmIKeQ], unassigned_info[[reason=INDEX_CREATED], at[2016-04-18T07:03:35.060Z]]

routing_nodes:
-----node_id[MSgO3f-9S-yat_4GxxKW6w][V]
--------[test][1], node[MSgO3f-9S-yat_4GxxKW6w], [R], v[4], s[STARTED], a[id=L4IKaQHuRgGb1w_n7xmmKQ]
--------[test][4], node[MSgO3f-9S-yat_4GxxKW6w], [P], v[3], s[STARTED], a[id=p6hLZGI1QdCK1ozNkdummA]
--------[test][7], node[MSgO3f-9S-yat_4GxxKW6w], [R], v[4], s[STARTED], a[id=hBEBhcFsRjar-iu3US6PCw]
--------[test][3], node[MSgO3f-9S-yat_4GxxKW6w], [R], v[4], s[STARTED], a[id=4hIWv-TuSVu4m7J22t3IKw]
--------[test][6], node[MSgO3f-9S-yat_4GxxKW6w], [P], v[3], s[STARTED], a[id=QQlSOWl8SkCKZXtQEROoqQ]
--------[test][2], node[MSgO3f-9S-yat_4GxxKW6w], [P], v[3], s[STARTED], a[id=baarSFwkRcq8a9G9hXd1-Q]
--------[test][5], node[MSgO3f-9S-yat_4GxxKW6w], [R], v[4], s[STARTED], a[id=rmWrwhCARDGyronYRXQ-Tw]
--------[test][8], node[MSgO3f-9S-yat_4GxxKW6w], [P], v[3], s[STARTED], a[id=JTQGnxGwQleYyzPdjZNnWg]
--------[test][0], node[MSgO3f-9S-yat_4GxxKW6w], [P], v[3], s[STARTED], a[id=x-5geQ3STLGnkFrhyWIPig]
-----node_id[YucHs-5XRNO-JChWAzIIZg][V]
--------[test][1], node[YucHs-5XRNO-JChWAzIIZg], [P], v[4], s[STARTED], a[id=skolItfmTI6mUEyBLn-4fA]
--------[test][4], node[YucHs-5XRNO-JChWAzIIZg], [R], v[3], s[STARTED], a[id=0erPpWShQUWr0fCKxTfoYQ]
--------[test][7], node[YucHs-5XRNO-JChWAzIIZg], [P], v[4], s[STARTED], a[id=_q3o1C7eRoG3whwcdLSwbQ]
--------[test][3], node[YucHs-5XRNO-JChWAzIIZg], [P], v[4], s[STARTED], a[id=_WxhJCFGSNa0eq_monQ5AA]
--------[test][6], node[YucHs-5XRNO-JChWAzIIZg], [R], v[3], s[INITIALIZING], a[id=lhxXACDDRmi5eofyvUh5ww], unassigned_info[[reason=INDEX_CREATED], at[2016-04-18T07:03:35.060Z]]
--------[test][2], node[YucHs-5XRNO-JChWAzIIZg], [R], v[3], s[STARTED], a[id=RNqthUztR6-DqnLRLToD-Q]
--------[test][5], node[YucHs-5XRNO-JChWAzIIZg], [P], v[4], s[STARTED], a[id=4B5yVDeUTpe5-44KssB7xg]
--------[test][8], node[YucHs-5XRNO-JChWAzIIZg], [R], v[3], s[INITIALIZING], a[id=uERXgJeHSeixZcO4CmIKeQ], unassigned_info[[reason=INDEX_CREATED], at[2016-04-18T07:03:35.060Z]]
--------[test][0], node[YucHs-5XRNO-JChWAzIIZg], [R], v[3], s[STARTED], a[id=Z8oM2vxwSmiUDNdNNYmYpA]
---- unassigned

[2016-04-18 03:03:35,181][DEBUG][org.elasticsearch.cluster.service] [node_t0] publishing cluster state version [10]
[2016-04-18 03:03:35,181][DEBUG][org.elasticsearch.discovery.zen.publish] [node_t1] received diff cluster state version [10] with uuid [fVHmbEQkQhGqUCoUUXJwyw], diff size [794]
[2016-04-18 03:03:35,181][TRACE][org.elasticsearch.discovery.zen.publish] [node_t0] master node {node_t1}{YucHs-5XRNO-JChWAzIIZg}{127.0.0.1}{127.0.0.1:9441}[mode=>network] acked cluster state version [10]. processing ... (current pending [1], needed [1])
[2016-04-18 03:03:35,182][TRACE][org.elasticsearch.discovery.zen.publish] [node_t0] committing version [10]
[2016-04-18 03:03:35,182][TRACE][org.elasticsearch.discovery.zen.publish] [node_t0] sending commit for cluster state (uuid: [fVHmbEQkQhGqUCoUUXJwyw], version [10]) to [{node_t1}{YucHs-5XRNO-JChWAzIIZg}{127.0.0.1}{127.0.0.1:9441}[mode=>network]]
[2016-04-18 03:03:35,182][TRACE][org.elasticsearch.cluster.service] [node_t1] will process [zen-disco-receive(from master [master {node_t0}{MSgO3f-9S-yat_4GxxKW6w}{127.0.0.1}{127.0.0.1:9440}[mode=>network] committed version [10]])]
[2016-04-18 03:03:35,182][DEBUG][org.elasticsearch.cluster.service] [node_t1] processing [zen-disco-receive(from master [master {node_t0}{MSgO3f-9S-yat_4GxxKW6w}{127.0.0.1}{127.0.0.1:9440}[mode=>network] committed version [10]])]: execute
[2016-04-18 03:03:35,182][TRACE][org.elasticsearch.cluster.service] [node_t1] cluster state updated, source [zen-disco-receive(from master [master {node_t0}{MSgO3f-9S-yat_4GxxKW6w}{127.0.0.1}{127.0.0.1:9440}[mode=>network] committed version [10]])]
version: 10
state uuid: fVHmbEQkQhGqUCoUUXJwyw
from_diff: false
meta data version: 9
nodes: 
   {node_t0}{MSgO3f-9S-yat_4GxxKW6w}{127.0.0.1}{127.0.0.1:9440}[mode=>network], master
   {node_t1}{YucHs-5XRNO-JChWAzIIZg}{127.0.0.1}{127.0.0.1:9441}[mode=>network], local
routing_table (version 9):
-- index [test]
----shard_id [test][0]
--------[test][0], node[MSgO3f-9S-yat_4GxxKW6w], [P], v[3], s[STARTED], a[id=x-5geQ3STLGnkFrhyWIPig]
--------[test][0], node[YucHs-5XRNO-JChWAzIIZg], [R], v[3], s[STARTED], a[id=Z8oM2vxwSmiUDNdNNYmYpA]
----shard_id [test][1]
--------[test][1], node[MSgO3f-9S-yat_4GxxKW6w], [R], v[4], s[STARTED], a[id=L4IKaQHuRgGb1w_n7xmmKQ]
--------[test][1], node[YucHs-5XRNO-JChWAzIIZg], [P], v[4], s[STARTED], a[id=skolItfmTI6mUEyBLn-4fA]
----shard_id [test][2]
--------[test][2], node[MSgO3f-9S-yat_4GxxKW6w], [P], v[3], s[STARTED], a[id=baarSFwkRcq8a9G9hXd1-Q]
--------[test][2], node[YucHs-5XRNO-JChWAzIIZg], [R], v[3], s[STARTED], a[id=RNqthUztR6-DqnLRLToD-Q]
----shard_id [test][3]
--------[test][3], node[MSgO3f-9S-yat_4GxxKW6w], [R], v[4], s[STARTED], a[id=4hIWv-TuSVu4m7J22t3IKw]
--------[test][3], node[YucHs-5XRNO-JChWAzIIZg], [P], v[4], s[STARTED], a[id=_WxhJCFGSNa0eq_monQ5AA]
----shard_id [test][4]
--------[test][4], node[MSgO3f-9S-yat_4GxxKW6w], [P], v[3], s[STARTED], a[id=p6hLZGI1QdCK1ozNkdummA]
--------[test][4], node[YucHs-5XRNO-JChWAzIIZg], [R], v[3], s[STARTED], a[id=0erPpWShQUWr0fCKxTfoYQ]
----shard_id [test][5]
--------[test][5], node[MSgO3f-9S-yat_4GxxKW6w], [R], v[4], s[STARTED], a[id=rmWrwhCARDGyronYRXQ-Tw]
--------[test][5], node[YucHs-5XRNO-JChWAzIIZg], [P], v[4], s[STARTED], a[id=4B5yVDeUTpe5-44KssB7xg]
----shard_id [test][6]
--------[test][6], node[MSgO3f-9S-yat_4GxxKW6w], [P], v[3], s[STARTED], a[id=QQlSOWl8SkCKZXtQEROoqQ]
--------[test][6], node[YucHs-5XRNO-JChWAzIIZg], [R], v[3], s[INITIALIZING], a[id=lhxXACDDRmi5eofyvUh5ww], unassigned_info[[reason=INDEX_CREATED], at[2016-04-18T07:03:35.060Z]]
----shard_id [test][7]
--------[test][7], node[MSgO3f-9S-yat_4GxxKW6w], [R], v[4], s[STARTED], a[id=hBEBhcFsRjar-iu3US6PCw]
--------[test][7], node[YucHs-5XRNO-JChWAzIIZg], [P], v[4], s[STARTED], a[id=_q3o1C7eRoG3whwcdLSwbQ]
----shard_id [test][8]
--------[test][8], node[MSgO3f-9S-yat_4GxxKW6w], [P], v[3], s[STARTED], a[id=JTQGnxGwQleYyzPdjZNnWg]
--------[test][8], node[YucHs-5XRNO-JChWAzIIZg], [R], v[3], s[INITIALIZING], a[id=uERXgJeHSeixZcO4CmIKeQ], unassigned_info[[reason=INDEX_CREATED], at[2016-04-18T07:03:35.060Z]]

routing_nodes:
-----node_id[MSgO3f-9S-yat_4GxxKW6w][V]
--------[test][6], node[MSgO3f-9S-yat_4GxxKW6w], [P], v[3], s[STARTED], a[id=QQlSOWl8SkCKZXtQEROoqQ]
--------[test][4], node[MSgO3f-9S-yat_4GxxKW6w], [P], v[3], s[STARTED], a[id=p6hLZGI1QdCK1ozNkdummA]
--------[test][1], node[MSgO3f-9S-yat_4GxxKW6w], [R], v[4], s[STARTED], a[id=L4IKaQHuRgGb1w_n7xmmKQ]
--------[test][8], node[MSgO3f-9S-yat_4GxxKW6w], [P], v[3], s[STARTED], a[id=JTQGnxGwQleYyzPdjZNnWg]
--------[test][3], node[MSgO3f-9S-yat_4GxxKW6w], [R], v[4], s[STARTED], a[id=4hIWv-TuSVu4m7J22t3IKw]
--------[test][5], node[MSgO3f-9S-yat_4GxxKW6w], [R], v[4], s[STARTED], a[id=rmWrwhCARDGyronYRXQ-Tw]
--------[test][2], node[MSgO3f-9S-yat_4GxxKW6w], [P], v[3], s[STARTED], a[id=baarSFwkRcq8a9G9hXd1-Q]
--------[test][7], node[MSgO3f-9S-yat_4GxxKW6w], [R], v[4], s[STARTED], a[id=hBEBhcFsRjar-iu3US6PCw]
--------[test][0], node[MSgO3f-9S-yat_4GxxKW6w], [P], v[3], s[STARTED], a[id=x-5geQ3STLGnkFrhyWIPig]
-----node_id[YucHs-5XRNO-JChWAzIIZg][V]
--------[test][6], node[YucHs-5XRNO-JChWAzIIZg], [R], v[3], s[INITIALIZING], a[id=lhxXACDDRmi5eofyvUh5ww], unassigned_info[[reason=INDEX_CREATED], at[2016-04-18T07:03:35.060Z]]
--------[test][4], node[YucHs-5XRNO-JChWAzIIZg], [R], v[3], s[STARTED], a[id=0erPpWShQUWr0fCKxTfoYQ]
--------[test][1], node[YucHs-5XRNO-JChWAzIIZg], [P], v[4], s[STARTED], a[id=skolItfmTI6mUEyBLn-4fA]
--------[test][8], node[YucHs-5XRNO-JChWAzIIZg], [R], v[3], s[INITIALIZING], a[id=uERXgJeHSeixZcO4CmIKeQ], unassigned_info[[reason=INDEX_CREATED], at[2016-04-18T07:03:35.060Z]]
--------[test][3], node[YucHs-5XRNO-JChWAzIIZg], [P], v[4], s[STARTED], a[id=_WxhJCFGSNa0eq_monQ5AA]
--------[test][5], node[YucHs-5XRNO-JChWAzIIZg], [P], v[4], s[STARTED], a[id=4B5yVDeUTpe5-44KssB7xg]
--------[test][2], node[YucHs-5XRNO-JChWAzIIZg], [R], v[3], s[STARTED], a[id=RNqthUztR6-DqnLRLToD-Q]
--------[test][7], node[YucHs-5XRNO-JChWAzIIZg], [P], v[4], s[STARTED], a[id=_q3o1C7eRoG3whwcdLSwbQ]
--------[test][0], node[YucHs-5XRNO-JChWAzIIZg], [R], v[3], s[STARTED], a[id=Z8oM2vxwSmiUDNdNNYmYpA]
---- unassigned

[2016-04-18 03:03:35,183][DEBUG][org.elasticsearch.cluster.service] [node_t1] set local cluster state to version 10
[2016-04-18 03:03:35,185][TRACE][org.elasticsearch.gateway] [node_t1] [test] writing state, reason [version changed from [7] to [8]]
[2016-04-18 03:03:35,187][DEBUG][org.elasticsearch.cluster.service] [node_t1] processing [zen-disco-receive(from master [master {node_t0}{MSgO3f-9S-yat_4GxxKW6w}{127.0.0.1}{127.0.0.1:9440}[mode=>network] committed version [10]])]: took 4ms done applying updated cluster_state (version: 10, uuid: fVHmbEQkQhGqUCoUUXJwyw)
[2016-04-18 03:03:35,187][DEBUG][org.elasticsearch.cluster.service] [node_t0] set local cluster state to version 10
[2016-04-18 03:03:35,190][TRACE][org.elasticsearch.gateway] [node_t0] [test] writing state, reason [version changed from [7] to [8]]
[2016-04-18 03:03:35,192][DEBUG][org.elasticsearch.cluster.service] [node_t0] processing [shard-started ([test][7], node[MSgO3f-9S-yat_4GxxKW6w], [R], v[3], s[INITIALIZING], a[id=hBEBhcFsRjar-iu3US6PCw], unassigned_info[[reason=INDEX_CREATED], at[2016-04-18T07:03:35.060Z]]), reason [after recovery (replica) from node [{node_t1}{YucHs-5XRNO-JChWAzIIZg}{127.0.0.1}{127.0.0.1:9441}[mode=>network]]],shard-started ([test][0], node[YucHs-5XRNO-JChWAzIIZg], [R], v[2], s[INITIALIZING], a[id=Z8oM2vxwSmiUDNdNNYmYpA], unassigned_info[[reason=INDEX_CREATED], at[2016-04-18T07:03:35.060Z]]), reason [after recovery (replica) from node [{node_t0}{MSgO3f-9S-yat_4GxxKW6w}{127.0.0.1}{127.0.0.1:9440}[mode=>network]]],shard-started ([test][0], node[YucHs-5XRNO-JChWAzIIZg], [R], v[2], s[INITIALIZING], a[id=Z8oM2vxwSmiUDNdNNYmYpA], unassigned_info[[reason=INDEX_CREATED], at[2016-04-18T07:03:35.060Z]]), reason [master {node_t0}{MSgO3f-9S-yat_4GxxKW6w}{127.0.0.1}{127.0.0.1:9440}[mode=>network] marked shard as initializing, but shard state is [POST_RECOVERY], mark shard as started],shard-started ([test][7], node[MSgO3f-9S-yat_4GxxKW6w], [R], v[3], s[INITIALIZING], a[id=hBEBhcFsRjar-iu3US6PCw], unassigned_info[[reason=INDEX_CREATED], at[2016-04-18T07:03:35.060Z]]), reason [master {node_t0}{MSgO3f-9S-yat_4GxxKW6w}{127.0.0.1}{127.0.0.1:9440}[mode=>network] marked shard as initializing, but shard state is [POST_RECOVERY], mark shard as started]]: took 11ms done applying updated cluster_state (version: 10, uuid: fVHmbEQkQhGqUCoUUXJwyw)
[2016-04-18 03:03:35,196][TRACE][org.elasticsearch.cluster.service] [node_t0] will process [put-mapping [type1]]
[2016-04-18 03:03:35,196][DEBUG][org.elasticsearch.cluster.service] [node_t0] processing [put-mapping [type1]]: execute
[2016-04-18 03:03:35,197][TRACE][org.elasticsearch.cluster.service] expecting 2 acknowledgements for cluster_state update (version: 11)
[2016-04-18 03:03:35,197][TRACE][org.elasticsearch.cluster.service] [node_t0] cluster state updated, source [put-mapping [type1]]
version: 11
state uuid: 5bXw1XA2S-aPyFmG0kWqow
from_diff: false
meta data version: 10
nodes: 
   {node_t0}{MSgO3f-9S-yat_4GxxKW6w}{127.0.0.1}{127.0.0.1:9440}[mode=>network], local, master
   {node_t1}{YucHs-5XRNO-JChWAzIIZg}{127.0.0.1}{127.0.0.1:9441}[mode=>network]
routing_table (version 9):
-- index [test]
----shard_id [test][0]
--------[test][0], node[MSgO3f-9S-yat_4GxxKW6w], [P], v[3], s[STARTED], a[id=x-5geQ3STLGnkFrhyWIPig]
--------[test][0], node[YucHs-5XRNO-JChWAzIIZg], [R], v[3], s[STARTED], a[id=Z8oM2vxwSmiUDNdNNYmYpA]
----shard_id [test][1]
--------[test][1], node[MSgO3f-9S-yat_4GxxKW6w], [R], v[4], s[STARTED], a[id=L4IKaQHuRgGb1w_n7xmmKQ]
--------[test][1], node[YucHs-5XRNO-JChWAzIIZg], [P], v[4], s[STARTED], a[id=skolItfmTI6mUEyBLn-4fA]
----shard_id [test][2]
--------[test][2], node[MSgO3f-9S-yat_4GxxKW6w], [P], v[3], s[STARTED], a[id=baarSFwkRcq8a9G9hXd1-Q]
--------[test][2], node[YucHs-5XRNO-JChWAzIIZg], [R], v[3], s[STARTED], a[id=RNqthUztR6-DqnLRLToD-Q]
----shard_id [test][3]
--------[test][3], node[MSgO3f-9S-yat_4GxxKW6w], [R], v[4], s[STARTED], a[id=4hIWv-TuSVu4m7J22t3IKw]
--------[test][3], node[YucHs-5XRNO-JChWAzIIZg], [P], v[4], s[STARTED], a[id=_WxhJCFGSNa0eq_monQ5AA]
----shard_id [test][4]
--------[test][4], node[MSgO3f-9S-yat_4GxxKW6w], [P], v[3], s[STARTED], a[id=p6hLZGI1QdCK1ozNkdummA]
--------[test][4], node[YucHs-5XRNO-JChWAzIIZg], [R], v[3], s[STARTED], a[id=0erPpWShQUWr0fCKxTfoYQ]
----shard_id [test][5]
--------[test][5], node[MSgO3f-9S-yat_4GxxKW6w], [R], v[4], s[STARTED], a[id=rmWrwhCARDGyronYRXQ-Tw]
--------[test][5], node[YucHs-5XRNO-JChWAzIIZg], [P], v[4], s[STARTED], a[id=4B5yVDeUTpe5-44KssB7xg]
----shard_id [test][6]
--------[test][6], node[MSgO3f-9S-yat_4GxxKW6w], [P], v[3], s[STARTED], a[id=QQlSOWl8SkCKZXtQEROoqQ]
--------[test][6], node[YucHs-5XRNO-JChWAzIIZg], [R], v[3], s[INITIALIZING], a[id=lhxXACDDRmi5eofyvUh5ww], unassigned_info[[reason=INDEX_CREATED], at[2016-04-18T07:03:35.060Z]]
----shard_id [test][7]
--------[test][7], node[MSgO3f-9S-yat_4GxxKW6w], [R], v[4], s[STARTED], a[id=hBEBhcFsRjar-iu3US6PCw]
--------[test][7], node[YucHs-5XRNO-JChWAzIIZg], [P], v[4], s[STARTED], a[id=_q3o1C7eRoG3whwcdLSwbQ]
----shard_id [test][8]
--------[test][8], node[MSgO3f-9S-yat_4GxxKW6w], [P], v[3], s[STARTED], a[id=JTQGnxGwQleYyzPdjZNnWg]
--------[test][8], node[YucHs-5XRNO-JChWAzIIZg], [R], v[3], s[INITIALIZING], a[id=uERXgJeHSeixZcO4CmIKeQ], unassigned_info[[reason=INDEX_CREATED], at[2016-04-18T07:03:35.060Z]]

routing_nodes:
-----node_id[MSgO3f-9S-yat_4GxxKW6w][V]
--------[test][1], node[MSgO3f-9S-yat_4GxxKW6w], [R], v[4], s[STARTED], a[id=L4IKaQHuRgGb1w_n7xmmKQ]
--------[test][4], node[MSgO3f-9S-yat_4GxxKW6w], [P], v[3], s[STARTED], a[id=p6hLZGI1QdCK1ozNkdummA]
--------[test][7], node[MSgO3f-9S-yat_4GxxKW6w], [R], v[4], s[STARTED], a[id=hBEBhcFsRjar-iu3US6PCw]
--------[test][3], node[MSgO3f-9S-yat_4GxxKW6w], [R], v[4], s[STARTED], a[id=4hIWv-TuSVu4m7J22t3IKw]
--------[test][6], node[MSgO3f-9S-yat_4GxxKW6w], [P], v[3], s[STARTED], a[id=QQlSOWl8SkCKZXtQEROoqQ]
--------[test][2], node[MSgO3f-9S-yat_4GxxKW6w], [P], v[3], s[STARTED], a[id=baarSFwkRcq8a9G9hXd1-Q]
--------[test][5], node[MSgO3f-9S-yat_4GxxKW6w], [R], v[4], s[STARTED], a[id=rmWrwhCARDGyronYRXQ-Tw]
--------[test][8], node[MSgO3f-9S-yat_4GxxKW6w], [P], v[3], s[STARTED], a[id=JTQGnxGwQleYyzPdjZNnWg]
--------[test][0], node[MSgO3f-9S-yat_4GxxKW6w], [P], v[3], s[STARTED], a[id=x-5geQ3STLGnkFrhyWIPig]
-----node_id[YucHs-5XRNO-JChWAzIIZg][V]
--------[test][1], node[YucHs-5XRNO-JChWAzIIZg], [P], v[4], s[STARTED], a[id=skolItfmTI6mUEyBLn-4fA]
--------[test][4], node[YucHs-5XRNO-JChWAzIIZg], [R], v[3], s[STARTED], a[id=0erPpWShQUWr0fCKxTfoYQ]
--------[test][7], node[YucHs-5XRNO-JChWAzIIZg], [P], v[4], s[STARTED], a[id=_q3o1C7eRoG3whwcdLSwbQ]
--------[test][3], node[YucHs-5XRNO-JChWAzIIZg], [P], v[4], s[STARTED], a[id=_WxhJCFGSNa0eq_monQ5AA]
--------[test][6], node[YucHs-5XRNO-JChWAzIIZg], [R], v[3], s[INITIALIZING], a[id=lhxXACDDRmi5eofyvUh5ww], unassigned_info[[reason=INDEX_CREATED], at[2016-04-18T07:03:35.060Z]]
--------[test][2], node[YucHs-5XRNO-JChWAzIIZg], [R], v[3], s[STARTED], a[id=RNqthUztR6-DqnLRLToD-Q]
--------[test][5], node[YucHs-5XRNO-JChWAzIIZg], [P], v[4], s[STARTED], a[id=4B5yVDeUTpe5-44KssB7xg]
--------[test][8], node[YucHs-5XRNO-JChWAzIIZg], [R], v[3], s[INITIALIZING], a[id=uERXgJeHSeixZcO4CmIKeQ], unassigned_info[[reason=INDEX_CREATED], at[2016-04-18T07:03:35.060Z]]
--------[test][0], node[YucHs-5XRNO-JChWAzIIZg], [R], v[3], s[STARTED], a[id=Z8oM2vxwSmiUDNdNNYmYpA]
---- unassigned

[2016-04-18 03:03:35,198][DEBUG][org.elasticsearch.cluster.service] [node_t0] publishing cluster state version [11]
[2016-04-18 03:03:35,198][DEBUG][org.elasticsearch.discovery.zen.publish] [node_t1] received diff cluster state version [11] with uuid [5bXw1XA2S-aPyFmG0kWqow], diff size [422]
[2016-04-18 03:03:35,198][TRACE][org.elasticsearch.discovery.zen.publish] [node_t0] master node {node_t1}{YucHs-5XRNO-JChWAzIIZg}{127.0.0.1}{127.0.0.1:9441}[mode=>network] acked cluster state version [11]. processing ... (current pending [1], needed [1])
[2016-04-18 03:03:35,198][TRACE][org.elasticsearch.discovery.zen.publish] [node_t0] committing version [11]
[2016-04-18 03:03:35,198][TRACE][org.elasticsearch.discovery.zen.publish] [node_t0] sending commit for cluster state (uuid: [5bXw1XA2S-aPyFmG0kWqow], version [11]) to [{node_t1}{YucHs-5XRNO-JChWAzIIZg}{127.0.0.1}{127.0.0.1:9441}[mode=>network]]
[2016-04-18 03:03:35,199][TRACE][org.elasticsearch.cluster.service] [node_t1] will process [zen-disco-receive(from master [master {node_t0}{MSgO3f-9S-yat_4GxxKW6w}{127.0.0.1}{127.0.0.1:9440}[mode=>network] committed version [11]])]
[2016-04-18 03:03:35,199][DEBUG][org.elasticsearch.cluster.service] [node_t1] processing [zen-disco-receive(from master [master {node_t0}{MSgO3f-9S-yat_4GxxKW6w}{127.0.0.1}{127.0.0.1:9440}[mode=>network] committed version [11]])]: execute
[2016-04-18 03:03:35,200][TRACE][org.elasticsearch.cluster.service] [node_t1] cluster state updated, source [zen-disco-receive(from master [master {node_t0}{MSgO3f-9S-yat_4GxxKW6w}{127.0.0.1}{127.0.0.1:9440}[mode=>network] committed version [11]])]
version: 11
state uuid: 5bXw1XA2S-aPyFmG0kWqow
from_diff: false
meta data version: 10
nodes: 
   {node_t0}{MSgO3f-9S-yat_4GxxKW6w}{127.0.0.1}{127.0.0.1:9440}[mode=>network], master
   {node_t1}{YucHs-5XRNO-JChWAzIIZg}{127.0.0.1}{127.0.0.1:9441}[mode=>network], local
routing_table (version 9):
-- index [test]
----shard_id [test][0]
--------[test][0], node[MSgO3f-9S-yat_4GxxKW6w], [P], v[3], s[STARTED], a[id=x-5geQ3STLGnkFrhyWIPig]
--------[test][0], node[YucHs-5XRNO-JChWAzIIZg], [R], v[3], s[STARTED], a[id=Z8oM2vxwSmiUDNdNNYmYpA]
----shard_id [test][1]
--------[test][1], node[MSgO3f-9S-yat_4GxxKW6w], [R], v[4], s[STARTED], a[id=L4IKaQHuRgGb1w_n7xmmKQ]
--------[test][1], node[YucHs-5XRNO-JChWAzIIZg], [P], v[4], s[STARTED], a[id=skolItfmTI6mUEyBLn-4fA]
----shard_id [test][2]
--------[test][2], node[MSgO3f-9S-yat_4GxxKW6w], [P], v[3], s[STARTED], a[id=baarSFwkRcq8a9G9hXd1-Q]
--------[test][2], node[YucHs-5XRNO-JChWAzIIZg], [R], v[3], s[STARTED], a[id=RNqthUztR6-DqnLRLToD-Q]
----shard_id [test][3]
--------[test][3], node[MSgO3f-9S-yat_4GxxKW6w], [R], v[4], s[STARTED], a[id=4hIWv-TuSVu4m7J22t3IKw]
--------[test][3], node[YucHs-5XRNO-JChWAzIIZg], [P], v[4], s[STARTED], a[id=_WxhJCFGSNa0eq_monQ5AA]
----shard_id [test][4]
--------[test][4], node[MSgO3f-9S-yat_4GxxKW6w], [P], v[3], s[STARTED], a[id=p6hLZGI1QdCK1ozNkdummA]
--------[test][4], node[YucHs-5XRNO-JChWAzIIZg], [R], v[3], s[STARTED], a[id=0erPpWShQUWr0fCKxTfoYQ]
----shard_id [test][5]
--------[test][5], node[MSgO3f-9S-yat_4GxxKW6w], [R], v[4], s[STARTED], a[id=rmWrwhCARDGyronYRXQ-Tw]
--------[test][5], node[YucHs-5XRNO-JChWAzIIZg], [P], v[4], s[STARTED], a[id=4B5yVDeUTpe5-44KssB7xg]
----shard_id [test][6]
--------[test][6], node[MSgO3f-9S-yat_4GxxKW6w], [P], v[3], s[STARTED], a[id=QQlSOWl8SkCKZXtQEROoqQ]
--------[test][6], node[YucHs-5XRNO-JChWAzIIZg], [R], v[3], s[INITIALIZING], a[id=lhxXACDDRmi5eofyvUh5ww], unassigned_info[[reason=INDEX_CREATED], at[2016-04-18T07:03:35.060Z]]
----shard_id [test][7]
--------[test][7], node[MSgO3f-9S-yat_4GxxKW6w], [R], v[4], s[STARTED], a[id=hBEBhcFsRjar-iu3US6PCw]
--------[test][7], node[YucHs-5XRNO-JChWAzIIZg], [P], v[4], s[STARTED], a[id=_q3o1C7eRoG3whwcdLSwbQ]
----shard_id [test][8]
--------[test][8], node[MSgO3f-9S-yat_4GxxKW6w], [P], v[3], s[STARTED], a[id=JTQGnxGwQleYyzPdjZNnWg]
--------[test][8], node[YucHs-5XRNO-JChWAzIIZg], [R], v[3], s[INITIALIZING], a[id=uERXgJeHSeixZcO4CmIKeQ], unassigned_info[[reason=INDEX_CREATED], at[2016-04-18T07:03:35.060Z]]

routing_nodes:
-----node_id[MSgO3f-9S-yat_4GxxKW6w][V]
--------[test][6], node[MSgO3f-9S-yat_4GxxKW6w], [P], v[3], s[STARTED], a[id=QQlSOWl8SkCKZXtQEROoqQ]
--------[test][4], node[MSgO3f-9S-yat_4GxxKW6w], [P], v[3], s[STARTED], a[id=p6hLZGI1QdCK1ozNkdummA]
--------[test][1], node[MSgO3f-9S-yat_4GxxKW6w], [R], v[4], s[STARTED], a[id=L4IKaQHuRgGb1w_n7xmmKQ]
--------[test][8], node[MSgO3f-9S-yat_4GxxKW6w], [P], v[3], s[STARTED], a[id=JTQGnxGwQleYyzPdjZNnWg]
--------[test][3], node[MSgO3f-9S-yat_4GxxKW6w], [R], v[4], s[STARTED], a[id=4hIWv-TuSVu4m7J22t3IKw]
--------[test][5], node[MSgO3f-9S-yat_4GxxKW6w], [R], v[4], s[STARTED], a[id=rmWrwhCARDGyronYRXQ-Tw]
--------[test][2], node[MSgO3f-9S-yat_4GxxKW6w], [P], v[3], s[STARTED], a[id=baarSFwkRcq8a9G9hXd1-Q]
--------[test][7], node[MSgO3f-9S-yat_4GxxKW6w], [R], v[4], s[STARTED], a[id=hBEBhcFsRjar-iu3US6PCw]
--------[test][0], node[MSgO3f-9S-yat_4GxxKW6w], [P], v[3], s[STARTED], a[id=x-5geQ3STLGnkFrhyWIPig]
-----node_id[YucHs-5XRNO-JChWAzIIZg][V]
--------[test][6], node[YucHs-5XRNO-JChWAzIIZg], [R], v[3], s[INITIALIZING], a[id=lhxXACDDRmi5eofyvUh5ww], unassigned_info[[reason=INDEX_CREATED], at[2016-04-18T07:03:35.060Z]]
--------[test][4], node[YucHs-5XRNO-JChWAzIIZg], [R], v[3], s[STARTED], a[id=0erPpWShQUWr0fCKxTfoYQ]
--------[test][1], node[YucHs-5XRNO-JChWAzIIZg], [P], v[4], s[STARTED], a[id=skolItfmTI6mUEyBLn-4fA]
--------[test][8], node[YucHs-5XRNO-JChWAzIIZg], [R], v[3], s[INITIALIZING], a[id=uERXgJeHSeixZcO4CmIKeQ], unassigned_info[[reason=INDEX_CREATED], at[2016-04-18T07:03:35.060Z]]
--------[test][3], node[YucHs-5XRNO-JChWAzIIZg], [P], v[4], s[STARTED], a[id=_WxhJCFGSNa0eq_monQ5AA]
--------[test][5], node[YucHs-5XRNO-JChWAzIIZg], [P], v[4], s[STARTED], a[id=4B5yVDeUTpe5-44KssB7xg]
--------[test][2], node[YucHs-5XRNO-JChWAzIIZg], [R], v[3], s[STARTED], a[id=RNqthUztR6-DqnLRLToD-Q]
--------[test][7], node[YucHs-5XRNO-JChWAzIIZg], [P], v[4], s[STARTED], a[id=_q3o1C7eRoG3whwcdLSwbQ]
--------[test][0], node[YucHs-5XRNO-JChWAzIIZg], [R], v[3], s[STARTED], a[id=Z8oM2vxwSmiUDNdNNYmYpA]
---- unassigned

[2016-04-18 03:03:35,200][DEBUG][org.elasticsearch.cluster.service] [node_t1] set local cluster state to version 11
[2016-04-18 03:03:35,201][TRACE][org.elasticsearch.gateway] [node_t1] [test] writing state, reason [version changed from [8] to [9]]
[2016-04-18 03:03:35,203][DEBUG][org.elasticsearch.cluster.service] [node_t1] processing [zen-disco-receive(from master [master {node_t0}{MSgO3f-9S-yat_4GxxKW6w}{127.0.0.1}{127.0.0.1:9440}[mode=>network] committed version [11]])]: took 4ms done applying updated cluster_state (version: 11, uuid: 5bXw1XA2S-aPyFmG0kWqow)
[2016-04-18 03:03:35,203][TRACE][org.elasticsearch.cluster.service] ack received from node [{node_t1}{YucHs-5XRNO-JChWAzIIZg}{127.0.0.1}{127.0.0.1:9441}[mode=>network]], cluster_state update (version: 11)
[2016-04-18 03:03:35,203][DEBUG][org.elasticsearch.cluster.service] [node_t0] set local cluster state to version 11
[2016-04-18 03:03:35,203][TRACE][org.elasticsearch.gateway] [node_t0] [test] writing state, reason [version changed from [8] to [9]]
[2016-04-18 03:03:35,207][TRACE][org.elasticsearch.cluster.service] ack received from node [{node_t0}{MSgO3f-9S-yat_4GxxKW6w}{127.0.0.1}{127.0.0.1:9440}[mode=>network]], cluster_state update (version: 11)
[2016-04-18 03:03:35,207][TRACE][org.elasticsearch.cluster.service] all expected nodes acknowledged cluster_state update (version: 11)
[2016-04-18 03:03:35,207][DEBUG][org.elasticsearch.cluster.service] [node_t0] processing [put-mapping [type1]]: took 10ms done applying updated cluster_state (version: 11, uuid: 5bXw1XA2S-aPyFmG0kWqow)
[2016-04-18 03:03:35,214][TRACE][org.elasticsearch.cluster.service] [node_t0] will process [shard-started ([test][6], node[YucHs-5XRNO-JChWAzIIZg], [R], v[3], s[INITIALIZING], a[id=lhxXACDDRmi5eofyvUh5ww], unassigned_info[[reason=INDEX_CREATED], at[2016-04-18T07:03:35.060Z]]), reason [after recovery (replica) from node [{node_t0}{MSgO3f-9S-yat_4GxxKW6w}{127.0.0.1}{127.0.0.1:9440}[mode=>network]]]]
[2016-04-18 03:03:35,214][DEBUG][org.elasticsearch.cluster.service] [node_t0] processing [shard-started ([test][6], node[YucHs-5XRNO-JChWAzIIZg], [R], v[3], s[INITIALIZING], a[id=lhxXACDDRmi5eofyvUh5ww], unassigned_info[[reason=INDEX_CREATED], at[2016-04-18T07:03:35.060Z]]), reason [after recovery (replica) from node [{node_t0}{MSgO3f-9S-yat_4GxxKW6w}{127.0.0.1}{127.0.0.1:9440}[mode=>network]]]]: execute
[2016-04-18 03:03:35,215][TRACE][org.elasticsearch.cluster.service] [node_t0] cluster state updated, source [shard-started ([test][6], node[YucHs-5XRNO-JChWAzIIZg], [R], v[3], s[INITIALIZING], a[id=lhxXACDDRmi5eofyvUh5ww], unassigned_info[[reason=INDEX_CREATED], at[2016-04-18T07:03:35.060Z]]), reason [after recovery (replica) from node [{node_t0}{MSgO3f-9S-yat_4GxxKW6w}{127.0.0.1}{127.0.0.1:9440}[mode=>network]]]]
version: 12
state uuid: 2iHVm4FVSaOz-HWZuz5faQ
from_diff: false
meta data version: 11
nodes: 
   {node_t0}{MSgO3f-9S-yat_4GxxKW6w}{127.0.0.1}{127.0.0.1:9440}[mode=>network], local, master
   {node_t1}{YucHs-5XRNO-JChWAzIIZg}{127.0.0.1}{127.0.0.1:9441}[mode=>network]
routing_table (version 10):
-- index [test]
----shard_id [test][0]
--------[test][0], node[MSgO3f-9S-yat_4GxxKW6w], [P], v[3], s[STARTED], a[id=x-5geQ3STLGnkFrhyWIPig]
--------[test][0], node[YucHs-5XRNO-JChWAzIIZg], [R], v[3], s[STARTED], a[id=Z8oM2vxwSmiUDNdNNYmYpA]
----shard_id [test][1]
--------[test][1], node[MSgO3f-9S-yat_4GxxKW6w], [R], v[4], s[STARTED], a[id=L4IKaQHuRgGb1w_n7xmmKQ]
--------[test][1], node[YucHs-5XRNO-JChWAzIIZg], [P], v[4], s[STARTED], a[id=skolItfmTI6mUEyBLn-4fA]
----shard_id [test][2]
--------[test][2], node[MSgO3f-9S-yat_4GxxKW6w], [P], v[3], s[STARTED], a[id=baarSFwkRcq8a9G9hXd1-Q]
--------[test][2], node[YucHs-5XRNO-JChWAzIIZg], [R], v[3], s[STARTED], a[id=RNqthUztR6-DqnLRLToD-Q]
----shard_id [test][3]
--------[test][3], node[MSgO3f-9S-yat_4GxxKW6w], [R], v[4], s[STARTED], a[id=4hIWv-TuSVu4m7J22t3IKw]
--------[test][3], node[YucHs-5XRNO-JChWAzIIZg], [P], v[4], s[STARTED], a[id=_WxhJCFGSNa0eq_monQ5AA]
----shard_id [test][4]
--------[test][4], node[MSgO3f-9S-yat_4GxxKW6w], [P], v[3], s[STARTED], a[id=p6hLZGI1QdCK1ozNkdummA]
--------[test][4], node[YucHs-5XRNO-JChWAzIIZg], [R], v[3], s[STARTED], a[id=0erPpWShQUWr0fCKxTfoYQ]
----shard_id [test][5]
--------[test][5], node[MSgO3f-9S-yat_4GxxKW6w], [R], v[4], s[STARTED], a[id=rmWrwhCARDGyronYRXQ-Tw]
--------[test][5], node[YucHs-5XRNO-JChWAzIIZg], [P], v[4], s[STARTED], a[id=4B5yVDeUTpe5-44KssB7xg]
----shard_id [test][6]
--------[test][6], node[MSgO3f-9S-yat_4GxxKW6w], [P], v[4], s[STARTED], a[id=QQlSOWl8SkCKZXtQEROoqQ]
--------[test][6], node[YucHs-5XRNO-JChWAzIIZg], [R], v[4], s[STARTED], a[id=lhxXACDDRmi5eofyvUh5ww]
----shard_id [test][7]
--------[test][7], node[MSgO3f-9S-yat_4GxxKW6w], [R], v[4], s[STARTED], a[id=hBEBhcFsRjar-iu3US6PCw]
--------[test][7], node[YucHs-5XRNO-JChWAzIIZg], [P], v[4], s[STARTED], a[id=_q3o1C7eRoG3whwcdLSwbQ]
----shard_id [test][8]
--------[test][8], node[MSgO3f-9S-yat_4GxxKW6w], [P], v[3], s[STARTED], a[id=JTQGnxGwQleYyzPdjZNnWg]
--------[test][8], node[YucHs-5XRNO-JChWAzIIZg], [R], v[3], s[INITIALIZING], a[id=uERXgJeHSeixZcO4CmIKeQ], unassigned_info[[reason=INDEX_CREATED], at[2016-04-18T07:03:35.060Z]]

routing_nodes:
-----node_id[MSgO3f-9S-yat_4GxxKW6w][V]
--------[test][4], node[MSgO3f-9S-yat_4GxxKW6w], [P], v[3], s[STARTED], a[id=p6hLZGI1QdCK1ozNkdummA]
--------[test][3], node[MSgO3f-9S-yat_4GxxKW6w], [R], v[4], s[STARTED], a[id=4hIWv-TuSVu4m7J22t3IKw]
--------[test][2], node[MSgO3f-9S-yat_4GxxKW6w], [P], v[3], s[STARTED], a[id=baarSFwkRcq8a9G9hXd1-Q]
--------[test][8], node[MSgO3f-9S-yat_4GxxKW6w], [P], v[3], s[STARTED], a[id=JTQGnxGwQleYyzPdjZNnWg]
--------[test][6], node[MSgO3f-9S-yat_4GxxKW6w], [P], v[4], s[STARTED], a[id=QQlSOWl8SkCKZXtQEROoqQ]
--------[test][5], node[MSgO3f-9S-yat_4GxxKW6w], [R], v[4], s[STARTED], a[id=rmWrwhCARDGyronYRXQ-Tw]
--------[test][1], node[MSgO3f-9S-yat_4GxxKW6w], [R], v[4], s[STARTED], a[id=L4IKaQHuRgGb1w_n7xmmKQ]
--------[test][7], node[MSgO3f-9S-yat_4GxxKW6w], [R], v[4], s[STARTED], a[id=hBEBhcFsRjar-iu3US6PCw]
--------[test][0], node[MSgO3f-9S-yat_4GxxKW6w], [P], v[3], s[STARTED], a[id=x-5geQ3STLGnkFrhyWIPig]
-----node_id[YucHs-5XRNO-JChWAzIIZg][V]
--------[test][4], node[YucHs-5XRNO-JChWAzIIZg], [R], v[3], s[STARTED], a[id=0erPpWShQUWr0fCKxTfoYQ]
--------[test][3], node[YucHs-5XRNO-JChWAzIIZg], [P], v[4], s[STARTED], a[id=_WxhJCFGSNa0eq_monQ5AA]
--------[test][2], node[YucHs-5XRNO-JChWAzIIZg], [R], v[3], s[STARTED], a[id=RNqthUztR6-DqnLRLToD-Q]
--------[test][8], node[YucHs-5XRNO-JChWAzIIZg], [R], v[3], s[INITIALIZING], a[id=uERXgJeHSeixZcO4CmIKeQ], unassigned_info[[reason=INDEX_CREATED], at[2016-04-18T07:03:35.060Z]]
--------[test][6], node[YucHs-5XRNO-JChWAzIIZg], [R], v[4], s[STARTED], a[id=lhxXACDDRmi5eofyvUh5ww]
--------[test][5], node[YucHs-5XRNO-JChWAzIIZg], [P], v[4], s[STARTED], a[id=4B5yVDeUTpe5-44KssB7xg]
--------[test][1], node[YucHs-5XRNO-JChWAzIIZg], [P], v[4], s[STARTED], a[id=skolItfmTI6mUEyBLn-4fA]
--------[test][7], node[YucHs-5XRNO-JChWAzIIZg], [P], v[4], s[STARTED], a[id=_q3o1C7eRoG3whwcdLSwbQ]
--------[test][0], node[YucHs-5XRNO-JChWAzIIZg], [R], v[3], s[STARTED], a[id=Z8oM2vxwSmiUDNdNNYmYpA]
---- unassigned

[2016-04-18 03:03:35,215][DEBUG][org.elasticsearch.cluster.service] [node_t0] publishing cluster state version [12]
[2016-04-18 03:03:35,216][DEBUG][org.elasticsearch.discovery.zen.publish] [node_t1] received diff cluster state version [12] with uuid [2iHVm4FVSaOz-HWZuz5faQ], diff size [790]
[2016-04-18 03:03:35,216][TRACE][org.elasticsearch.discovery.zen.publish] [node_t0] master node {node_t1}{YucHs-5XRNO-JChWAzIIZg}{127.0.0.1}{127.0.0.1:9441}[mode=>network] acked cluster state version [12]. processing ... (current pending [1], needed [1])
[2016-04-18 03:03:35,216][TRACE][org.elasticsearch.discovery.zen.publish] [node_t0] committing version [12]
[2016-04-18 03:03:35,216][TRACE][org.elasticsearch.discovery.zen.publish] [node_t0] sending commit for cluster state (uuid: [2iHVm4FVSaOz-HWZuz5faQ], version [12]) to [{node_t1}{YucHs-5XRNO-JChWAzIIZg}{127.0.0.1}{127.0.0.1:9441}[mode=>network]]
[2016-04-18 03:03:35,218][TRACE][org.elasticsearch.cluster.service] [node_t1] will process [zen-disco-receive(from master [master {node_t0}{MSgO3f-9S-yat_4GxxKW6w}{127.0.0.1}{127.0.0.1:9440}[mode=>network] committed version [12]])]
[2016-04-18 03:03:35,218][DEBUG][org.elasticsearch.cluster.service] [node_t1] processing [zen-disco-receive(from master [master {node_t0}{MSgO3f-9S-yat_4GxxKW6w}{127.0.0.1}{127.0.0.1:9440}[mode=>network] committed version [12]])]: execute
[2016-04-18 03:03:35,218][TRACE][org.elasticsearch.cluster.service] [node_t1] cluster state updated, source [zen-disco-receive(from master [master {node_t0}{MSgO3f-9S-yat_4GxxKW6w}{127.0.0.1}{127.0.0.1:9440}[mode=>network] committed version [12]])]
version: 12
state uuid: 2iHVm4FVSaOz-HWZuz5faQ
from_diff: false
meta data version: 11
nodes: 
   {node_t0}{MSgO3f-9S-yat_4GxxKW6w}{127.0.0.1}{127.0.0.1:9440}[mode=>network], master
   {node_t1}{YucHs-5XRNO-JChWAzIIZg}{127.0.0.1}{127.0.0.1:9441}[mode=>network], local
routing_table (version 10):
-- index [test]
----shard_id [test][0]
--------[test][0], node[MSgO3f-9S-yat_4GxxKW6w], [P], v[3], s[STARTED], a[id=x-5geQ3STLGnkFrhyWIPig]
--------[test][0], node[YucHs-5XRNO-JChWAzIIZg], [R], v[3], s[STARTED], a[id=Z8oM2vxwSmiUDNdNNYmYpA]
----shard_id [test][1]
--------[test][1], node[MSgO3f-9S-yat_4GxxKW6w], [R], v[4], s[STARTED], a[id=L4IKaQHuRgGb1w_n7xmmKQ]
--------[test][1], node[YucHs-5XRNO-JChWAzIIZg], [P], v[4], s[STARTED], a[id=skolItfmTI6mUEyBLn-4fA]
----shard_id [test][2]
--------[test][2], node[MSgO3f-9S-yat_4GxxKW6w], [P], v[3], s[STARTED], a[id=baarSFwkRcq8a9G9hXd1-Q]
--------[test][2], node[YucHs-5XRNO-JChWAzIIZg], [R], v[3], s[STARTED], a[id=RNqthUztR6-DqnLRLToD-Q]
----shard_id [test][3]
--------[test][3], node[MSgO3f-9S-yat_4GxxKW6w], [R], v[4], s[STARTED], a[id=4hIWv-TuSVu4m7J22t3IKw]
--------[test][3], node[YucHs-5XRNO-JChWAzIIZg], [P], v[4], s[STARTED], a[id=_WxhJCFGSNa0eq_monQ5AA]
----shard_id [test][4]
--------[test][4], node[MSgO3f-9S-yat_4GxxKW6w], [P], v[3], s[STARTED], a[id=p6hLZGI1QdCK1ozNkdummA]
--------[test][4], node[YucHs-5XRNO-JChWAzIIZg], [R], v[3], s[STARTED], a[id=0erPpWShQUWr0fCKxTfoYQ]
----shard_id [test][5]
--------[test][5], node[MSgO3f-9S-yat_4GxxKW6w], [R], v[4], s[STARTED], a[id=rmWrwhCARDGyronYRXQ-Tw]
--------[test][5], node[YucHs-5XRNO-JChWAzIIZg], [P], v[4], s[STARTED], a[id=4B5yVDeUTpe5-44KssB7xg]
----shard_id [test][6]
--------[test][6], node[MSgO3f-9S-yat_4GxxKW6w], [P], v[4], s[STARTED], a[id=QQlSOWl8SkCKZXtQEROoqQ]
--------[test][6], node[YucHs-5XRNO-JChWAzIIZg], [R], v[4], s[STARTED], a[id=lhxXACDDRmi5eofyvUh5ww]
----shard_id [test][7]
--------[test][7], node[MSgO3f-9S-yat_4GxxKW6w], [R], v[4], s[STARTED], a[id=hBEBhcFsRjar-iu3US6PCw]
--------[test][7], node[YucHs-5XRNO-JChWAzIIZg], [P], v[4], s[STARTED], a[id=_q3o1C7eRoG3whwcdLSwbQ]
----shard_id [test][8]
--------[test][8], node[MSgO3f-9S-yat_4GxxKW6w], [P], v[3], s[STARTED], a[id=JTQGnxGwQleYyzPdjZNnWg]
--------[test][8], node[YucHs-5XRNO-JChWAzIIZg], [R], v[3], s[INITIALIZING], a[id=uERXgJeHSeixZcO4CmIKeQ], unassigned_info[[reason=INDEX_CREATED], at[2016-04-18T07:03:35.060Z]]

routing_nodes:
-----node_id[MSgO3f-9S-yat_4GxxKW6w][V]
--------[test][1], node[MSgO3f-9S-yat_4GxxKW6w], [R], v[4], s[STARTED], a[id=L4IKaQHuRgGb1w_n7xmmKQ]
--------[test][8], node[MSgO3f-9S-yat_4GxxKW6w], [P], v[3], s[STARTED], a[id=JTQGnxGwQleYyzPdjZNnWg]
--------[test][3], node[MSgO3f-9S-yat_4GxxKW6w], [R], v[4], s[STARTED], a[id=4hIWv-TuSVu4m7J22t3IKw]
--------[test][2], node[MSgO3f-9S-yat_4GxxKW6w], [P], v[3], s[STARTED], a[id=baarSFwkRcq8a9G9hXd1-Q]
--------[test][7], node[MSgO3f-9S-yat_4GxxKW6w], [R], v[4], s[STARTED], a[id=hBEBhcFsRjar-iu3US6PCw]
--------[test][5], node[MSgO3f-9S-yat_4GxxKW6w], [R], v[4], s[STARTED], a[id=rmWrwhCARDGyronYRXQ-Tw]
--------[test][4], node[MSgO3f-9S-yat_4GxxKW6w], [P], v[3], s[STARTED], a[id=p6hLZGI1QdCK1ozNkdummA]
--------[test][6], node[MSgO3f-9S-yat_4GxxKW6w], [P], v[4], s[STARTED], a[id=QQlSOWl8SkCKZXtQEROoqQ]
--------[test][0], node[MSgO3f-9S-yat_4GxxKW6w], [P], v[3], s[STARTED], a[id=x-5geQ3STLGnkFrhyWIPig]
-----node_id[YucHs-5XRNO-JChWAzIIZg][V]
--------[test][1], node[YucHs-5XRNO-JChWAzIIZg], [P], v[4], s[STARTED], a[id=skolItfmTI6mUEyBLn-4fA]
--------[test][8], node[YucHs-5XRNO-JChWAzIIZg], [R], v[3], s[INITIALIZING], a[id=uERXgJeHSeixZcO4CmIKeQ], unassigned_info[[reason=INDEX_CREATED], at[2016-04-18T07:03:35.060Z]]
--------[test][3], node[YucHs-5XRNO-JChWAzIIZg], [P], v[4], s[STARTED], a[id=_WxhJCFGSNa0eq_monQ5AA]
--------[test][2], node[YucHs-5XRNO-JChWAzIIZg], [R], v[3], s[STARTED], a[id=RNqthUztR6-DqnLRLToD-Q]
--------[test][7], node[YucHs-5XRNO-JChWAzIIZg], [P], v[4], s[STARTED], a[id=_q3o1C7eRoG3whwcdLSwbQ]
--------[test][5], node[YucHs-5XRNO-JChWAzIIZg], [P], v[4], s[STARTED], a[id=4B5yVDeUTpe5-44KssB7xg]
--------[test][4], node[YucHs-5XRNO-JChWAzIIZg], [R], v[3], s[STARTED], a[id=0erPpWShQUWr0fCKxTfoYQ]
--------[test][6], node[YucHs-5XRNO-JChWAzIIZg], [R], v[4], s[STARTED], a[id=lhxXACDDRmi5eofyvUh5ww]
--------[test][0], node[YucHs-5XRNO-JChWAzIIZg], [R], v[3], s[STARTED], a[id=Z8oM2vxwSmiUDNdNNYmYpA]
---- unassigned

[2016-04-18 03:03:35,219][DEBUG][org.elasticsearch.cluster.service] [node_t1] set local cluster state to version 12
[2016-04-18 03:03:35,221][TRACE][org.elasticsearch.gateway] [node_t1] [test] writing state, reason [version changed from [9] to [10]]
[2016-04-18 03:03:35,223][DEBUG][org.elasticsearch.cluster.service] [node_t1] processing [zen-disco-receive(from master [master {node_t0}{MSgO3f-9S-yat_4GxxKW6w}{127.0.0.1}{127.0.0.1:9440}[mode=>network] committed version [12]])]: took 4ms done applying updated cluster_state (version: 12, uuid: 2iHVm4FVSaOz-HWZuz5faQ)
[2016-04-18 03:03:35,223][DEBUG][org.elasticsearch.cluster.service] [node_t0] set local cluster state to version 12
[2016-04-18 03:03:35,226][TRACE][org.elasticsearch.gateway] [node_t0] [test] writing state, reason [version changed from [9] to [10]]
[2016-04-18 03:03:35,228][DEBUG][org.elasticsearch.cluster.service] [node_t0] processing [shard-started ([test][6], node[YucHs-5XRNO-JChWAzIIZg], [R], v[3], s[INITIALIZING], a[id=lhxXACDDRmi5eofyvUh5ww], unassigned_info[[reason=INDEX_CREATED], at[2016-04-18T07:03:35.060Z]]), reason [after recovery (replica) from node [{node_t0}{MSgO3f-9S-yat_4GxxKW6w}{127.0.0.1}{127.0.0.1:9440}[mode=>network]]]]: took 13ms done applying updated cluster_state (version: 12, uuid: 2iHVm4FVSaOz-HWZuz5faQ)
[2016-04-18 03:03:35,228][TRACE][org.elasticsearch.cluster.service] [node_t0] will process [shard-started ([test][8], node[YucHs-5XRNO-JChWAzIIZg], [R], v[3], s[INITIALIZING], a[id=uERXgJeHSeixZcO4CmIKeQ], unassigned_info[[reason=INDEX_CREATED], at[2016-04-18T07:03:35.060Z]]), reason [after recovery (replica) from node [{node_t0}{MSgO3f-9S-yat_4GxxKW6w}{127.0.0.1}{127.0.0.1:9440}[mode=>network]]]]
[2016-04-18 03:03:35,228][TRACE][org.elasticsearch.cluster.service] [node_t0] will process [shard-started ([test][8], node[YucHs-5XRNO-JChWAzIIZg], [R], v[3], s[INITIALIZING], a[id=uERXgJeHSeixZcO4CmIKeQ], unassigned_info[[reason=INDEX_CREATED], at[2016-04-18T07:03:35.060Z]]), reason [master {node_t0}{MSgO3f-9S-yat_4GxxKW6w}{127.0.0.1}{127.0.0.1:9440}[mode=>network] marked shard as initializing, but shard state is [POST_RECOVERY], mark shard as started]]
[2016-04-18 03:03:35,228][DEBUG][org.elasticsearch.cluster.service] [node_t0] processing [shard-started ([test][8], node[YucHs-5XRNO-JChWAzIIZg], [R], v[3], s[INITIALIZING], a[id=uERXgJeHSeixZcO4CmIKeQ], unassigned_info[[reason=INDEX_CREATED], at[2016-04-18T07:03:35.060Z]]), reason [after recovery (replica) from node [{node_t0}{MSgO3f-9S-yat_4GxxKW6w}{127.0.0.1}{127.0.0.1:9440}[mode=>network]]],shard-started ([test][8], node[YucHs-5XRNO-JChWAzIIZg], [R], v[3], s[INITIALIZING], a[id=uERXgJeHSeixZcO4CmIKeQ], unassigned_info[[reason=INDEX_CREATED], at[2016-04-18T07:03:35.060Z]]), reason [master {node_t0}{MSgO3f-9S-yat_4GxxKW6w}{127.0.0.1}{127.0.0.1:9440}[mode=>network] marked shard as initializing, but shard state is [POST_RECOVERY], mark shard as started]]: execute
[2016-04-18 03:03:35,229][TRACE][org.elasticsearch.cluster.service] [node_t0] cluster state updated, source [shard-started ([test][8], node[YucHs-5XRNO-JChWAzIIZg], [R], v[3], s[INITIALIZING], a[id=uERXgJeHSeixZcO4CmIKeQ], unassigned_info[[reason=INDEX_CREATED], at[2016-04-18T07:03:35.060Z]]), reason [after recovery (replica) from node [{node_t0}{MSgO3f-9S-yat_4GxxKW6w}{127.0.0.1}{127.0.0.1:9440}[mode=>network]]],shard-started ([test][8], node[YucHs-5XRNO-JChWAzIIZg], [R], v[3], s[INITIALIZING], a[id=uERXgJeHSeixZcO4CmIKeQ], unassigned_info[[reason=INDEX_CREATED], at[2016-04-18T07:03:35.060Z]]), reason [master {node_t0}{MSgO3f-9S-yat_4GxxKW6w}{127.0.0.1}{127.0.0.1:9440}[mode=>network] marked shard as initializing, but shard state is [POST_RECOVERY], mark shard as started]]
version: 13
state uuid: RnS2Gfr1SRWDgE0pds2iuw
from_diff: false
meta data version: 12
nodes: 
   {node_t0}{MSgO3f-9S-yat_4GxxKW6w}{127.0.0.1}{127.0.0.1:9440}[mode=>network], local, master
   {node_t1}{YucHs-5XRNO-JChWAzIIZg}{127.0.0.1}{127.0.0.1:9441}[mode=>network]
routing_table (version 11):
-- index [test]
----shard_id [test][0]
--------[test][0], node[MSgO3f-9S-yat_4GxxKW6w], [P], v[3], s[STARTED], a[id=x-5geQ3STLGnkFrhyWIPig]
--------[test][0], node[YucHs-5XRNO-JChWAzIIZg], [R], v[3], s[STARTED], a[id=Z8oM2vxwSmiUDNdNNYmYpA]
----shard_id [test][1]
--------[test][1], node[MSgO3f-9S-yat_4GxxKW6w], [R], v[4], s[STARTED], a[id=L4IKaQHuRgGb1w_n7xmmKQ]
--------[test][1], node[YucHs-5XRNO-JChWAzIIZg], [P], v[4], s[STARTED], a[id=skolItfmTI6mUEyBLn-4fA]
----shard_id [test][2]
--------[test][2], node[MSgO3f-9S-yat_4GxxKW6w], [P], v[3], s[STARTED], a[id=baarSFwkRcq8a9G9hXd1-Q]
--------[test][2], node[YucHs-5XRNO-JChWAzIIZg], [R], v[3], s[STARTED], a[id=RNqthUztR6-DqnLRLToD-Q]
----shard_id [test][3]
--------[test][3], node[MSgO3f-9S-yat_4GxxKW6w], [R], v[4], s[STARTED], a[id=4hIWv-TuSVu4m7J22t3IKw]
--------[test][3], node[YucHs-5XRNO-JChWAzIIZg], [P], v[4], s[STARTED], a[id=_WxhJCFGSNa0eq_monQ5AA]
----shard_id [test][4]
--------[test][4], node[MSgO3f-9S-yat_4GxxKW6w], [P], v[3], s[STARTED], a[id=p6hLZGI1QdCK1ozNkdummA]
--------[test][4], node[YucHs-5XRNO-JChWAzIIZg], [R], v[3], s[STARTED], a[id=0erPpWShQUWr0fCKxTfoYQ]
----shard_id [test][5]
--------[test][5], node[MSgO3f-9S-yat_4GxxKW6w], [R], v[4], s[STARTED], a[id=rmWrwhCARDGyronYRXQ-Tw]
--------[test][5], node[YucHs-5XRNO-JChWAzIIZg], [P], v[4], s[STARTED], a[id=4B5yVDeUTpe5-44KssB7xg]
----shard_id [test][6]
--------[test][6], node[MSgO3f-9S-yat_4GxxKW6w], [P], v[4], s[STARTED], a[id=QQlSOWl8SkCKZXtQEROoqQ]
--------[test][6], node[YucHs-5XRNO-JChWAzIIZg], [R], v[4], s[STARTED], a[id=lhxXACDDRmi5eofyvUh5ww]
----shard_id [test][7]
--------[test][7], node[MSgO3f-9S-yat_4GxxKW6w], [R], v[4], s[STARTED], a[id=hBEBhcFsRjar-iu3US6PCw]
--------[test][7], node[YucHs-5XRNO-JChWAzIIZg], [P], v[4], s[STARTED], a[id=_q3o1C7eRoG3whwcdLSwbQ]
----shard_id [test][8]
--------[test][8], node[MSgO3f-9S-yat_4GxxKW6w], [P], v[4], s[STARTED], a[id=JTQGnxGwQleYyzPdjZNnWg]
--------[test][8], node[YucHs-5XRNO-JChWAzIIZg], [R], v[4], s[STARTED], a[id=uERXgJeHSeixZcO4CmIKeQ]

routing_nodes:
-----node_id[MSgO3f-9S-yat_4GxxKW6w][V]
--------[test][8], node[MSgO3f-9S-yat_4GxxKW6w], [P], v[4], s[STARTED], a[id=JTQGnxGwQleYyzPdjZNnWg]
--------[test][5], node[MSgO3f-9S-yat_4GxxKW6w], [R], v[4], s[STARTED], a[id=rmWrwhCARDGyronYRXQ-Tw]
--------[test][4], node[MSgO3f-9S-yat_4GxxKW6w], [P], v[3], s[STARTED], a[id=p6hLZGI1QdCK1ozNkdummA]
--------[test][1], node[MSgO3f-9S-yat_4GxxKW6w], [R], v[4], s[STARTED], a[id=L4IKaQHuRgGb1w_n7xmmKQ]
--------[test][7], node[MSgO3f-9S-yat_4GxxKW6w], [R], v[4], s[STARTED], a[id=hBEBhcFsRjar-iu3US6PCw]
--------[test][2], node[MSgO3f-9S-yat_4GxxKW6w], [P], v[3], s[STARTED], a[id=baarSFwkRcq8a9G9hXd1-Q]
--------[test][6], node[MSgO3f-9S-yat_4GxxKW6w], [P], v[4], s[STARTED], a[id=QQlSOWl8SkCKZXtQEROoqQ]
--------[test][3], node[MSgO3f-9S-yat_4GxxKW6w], [R], v[4], s[STARTED], a[id=4hIWv-TuSVu4m7J22t3IKw]
--------[test][0], node[MSgO3f-9S-yat_4GxxKW6w], [P], v[3], s[STARTED], a[id=x-5geQ3STLGnkFrhyWIPig]
-----node_id[YucHs-5XRNO-JChWAzIIZg][V]
--------[test][8], node[YucHs-5XRNO-JChWAzIIZg], [R], v[4], s[STARTED], a[id=uERXgJeHSeixZcO4CmIKeQ]
--------[test][5], node[YucHs-5XRNO-JChWAzIIZg], [P], v[4], s[STARTED], a[id=4B5yVDeUTpe5-44KssB7xg]
--------[test][4], node[YucHs-5XRNO-JChWAzIIZg], [R], v[3], s[STARTED], a[id=0erPpWShQUWr0fCKxTfoYQ]
--------[test][1], node[YucHs-5XRNO-JChWAzIIZg], [P], v[4], s[STARTED], a[id=skolItfmTI6mUEyBLn-4fA]
--------[test][7], node[YucHs-5XRNO-JChWAzIIZg], [P], v[4], s[STARTED], a[id=_q3o1C7eRoG3whwcdLSwbQ]
--------[test][2], node[YucHs-5XRNO-JChWAzIIZg], [R], v[3], s[STARTED], a[id=RNqthUztR6-DqnLRLToD-Q]
--------[test][6], node[YucHs-5XRNO-JChWAzIIZg], [R], v[4], s[STARTED], a[id=lhxXACDDRmi5eofyvUh5ww]
--------[test][3], node[YucHs-5XRNO-JChWAzIIZg], [P], v[4], s[STARTED], a[id=_WxhJCFGSNa0eq_monQ5AA]
--------[test][0], node[YucHs-5XRNO-JChWAzIIZg], [R], v[3], s[STARTED], a[id=Z8oM2vxwSmiUDNdNNYmYpA]
---- unassigned

[2016-04-18 03:03:35,229][DEBUG][org.elasticsearch.cluster.service] [node_t0] publishing cluster state version [13]
[2016-04-18 03:03:35,230][DEBUG][org.elasticsearch.discovery.zen.publish] [node_t1] received diff cluster state version [13] with uuid [RnS2Gfr1SRWDgE0pds2iuw], diff size [765]
[2016-04-18 03:03:35,230][TRACE][org.elasticsearch.discovery.zen.publish] [node_t0] master node {node_t1}{YucHs-5XRNO-JChWAzIIZg}{127.0.0.1}{127.0.0.1:9441}[mode=>network] acked cluster state version [13]. processing ... (current pending [1], needed [1])
[2016-04-18 03:03:35,230][TRACE][org.elasticsearch.discovery.zen.publish] [node_t0] committing version [13]
[2016-04-18 03:03:35,230][TRACE][org.elasticsearch.discovery.zen.publish] [node_t0] sending commit for cluster state (uuid: [RnS2Gfr1SRWDgE0pds2iuw], version [13]) to [{node_t1}{YucHs-5XRNO-JChWAzIIZg}{127.0.0.1}{127.0.0.1:9441}[mode=>network]]
[2016-04-18 03:03:35,231][TRACE][org.elasticsearch.cluster.service] [node_t1] will process [zen-disco-receive(from master [master {node_t0}{MSgO3f-9S-yat_4GxxKW6w}{127.0.0.1}{127.0.0.1:9440}[mode=>network] committed version [13]])]
[2016-04-18 03:03:35,231][DEBUG][org.elasticsearch.cluster.service] [node_t1] processing [zen-disco-receive(from master [master {node_t0}{MSgO3f-9S-yat_4GxxKW6w}{127.0.0.1}{127.0.0.1:9440}[mode=>network] committed version [13]])]: execute
[2016-04-18 03:03:35,231][TRACE][org.elasticsearch.cluster.service] [node_t1] cluster state updated, source [zen-disco-receive(from master [master {node_t0}{MSgO3f-9S-yat_4GxxKW6w}{127.0.0.1}{127.0.0.1:9440}[mode=>network] committed version [13]])]
version: 13
state uuid: RnS2Gfr1SRWDgE0pds2iuw
from_diff: false
meta data version: 12
nodes: 
   {node_t0}{MSgO3f-9S-yat_4GxxKW6w}{127.0.0.1}{127.0.0.1:9440}[mode=>network], master
   {node_t1}{YucHs-5XRNO-JChWAzIIZg}{127.0.0.1}{127.0.0.1:9441}[mode=>network], local
routing_table (version 11):
-- index [test]
----shard_id [test][0]
--------[test][0], node[MSgO3f-9S-yat_4GxxKW6w], [P], v[3], s[STARTED], a[id=x-5geQ3STLGnkFrhyWIPig]
--------[test][0], node[YucHs-5XRNO-JChWAzIIZg], [R], v[3], s[STARTED], a[id=Z8oM2vxwSmiUDNdNNYmYpA]
----shard_id [test][1]
--------[test][1], node[MSgO3f-9S-yat_4GxxKW6w], [R], v[4], s[STARTED], a[id=L4IKaQHuRgGb1w_n7xmmKQ]
--------[test][1], node[YucHs-5XRNO-JChWAzIIZg], [P], v[4], s[STARTED], a[id=skolItfmTI6mUEyBLn-4fA]
----shard_id [test][2]
--------[test][2], node[MSgO3f-9S-yat_4GxxKW6w], [P], v[3], s[STARTED], a[id=baarSFwkRcq8a9G9hXd1-Q]
--------[test][2], node[YucHs-5XRNO-JChWAzIIZg], [R], v[3], s[STARTED], a[id=RNqthUztR6-DqnLRLToD-Q]
----shard_id [test][3]
--------[test][3], node[MSgO3f-9S-yat_4GxxKW6w], [R], v[4], s[STARTED], a[id=4hIWv-TuSVu4m7J22t3IKw]
--------[test][3], node[YucHs-5XRNO-JChWAzIIZg], [P], v[4], s[STARTED], a[id=_WxhJCFGSNa0eq_monQ5AA]
----shard_id [test][4]
--------[test][4], node[MSgO3f-9S-yat_4GxxKW6w], [P], v[3], s[STARTED], a[id=p6hLZGI1QdCK1ozNkdummA]
--------[test][4], node[YucHs-5XRNO-JChWAzIIZg], [R], v[3], s[STARTED], a[id=0erPpWShQUWr0fCKxTfoYQ]
----shard_id [test][5]
--------[test][5], node[MSgO3f-9S-yat_4GxxKW6w], [R], v[4], s[STARTED], a[id=rmWrwhCARDGyronYRXQ-Tw]
--------[test][5], node[YucHs-5XRNO-JChWAzIIZg], [P], v[4], s[STARTED], a[id=4B5yVDeUTpe5-44KssB7xg]
----shard_id [test][6]
--------[test][6], node[MSgO3f-9S-yat_4GxxKW6w], [P], v[4], s[STARTED], a[id=QQlSOWl8SkCKZXtQEROoqQ]
--------[test][6], node[YucHs-5XRNO-JChWAzIIZg], [R], v[4], s[STARTED], a[id=lhxXACDDRmi5eofyvUh5ww]
----shard_id [test][7]
--------[test][7], node[MSgO3f-9S-yat_4GxxKW6w], [R], v[4], s[STARTED], a[id=hBEBhcFsRjar-iu3US6PCw]
--------[test][7], node[YucHs-5XRNO-JChWAzIIZg], [P], v[4], s[STARTED], a[id=_q3o1C7eRoG3whwcdLSwbQ]
----shard_id [test][8]
--------[test][8], node[MSgO3f-9S-yat_4GxxKW6w], [P], v[4], s[STARTED], a[id=JTQGnxGwQleYyzPdjZNnWg]
--------[test][8], node[YucHs-5XRNO-JChWAzIIZg], [R], v[4], s[STARTED], a[id=uERXgJeHSeixZcO4CmIKeQ]

routing_nodes:
-----node_id[MSgO3f-9S-yat_4GxxKW6w][V]
--------[test][3], node[MSgO3f-9S-yat_4GxxKW6w], [R], v[4], s[STARTED], a[id=4hIWv-TuSVu4m7J22t3IKw]
--------[test][2], node[MSgO3f-9S-yat_4GxxKW6w], [P], v[3], s[STARTED], a[id=baarSFwkRcq8a9G9hXd1-Q]
--------[test][4], node[MSgO3f-9S-yat_4GxxKW6w], [P], v[3], s[STARTED], a[id=p6hLZGI1QdCK1ozNkdummA]
--------[test][8], node[MSgO3f-9S-yat_4GxxKW6w], [P], v[4], s[STARTED], a[id=JTQGnxGwQleYyzPdjZNnWg]
--------[test][6], node[MSgO3f-9S-yat_4GxxKW6w], [P], v[4], s[STARTED], a[id=QQlSOWl8SkCKZXtQEROoqQ]
--------[test][1], node[MSgO3f-9S-yat_4GxxKW6w], [R], v[4], s[STARTED], a[id=L4IKaQHuRgGb1w_n7xmmKQ]
--------[test][7], node[MSgO3f-9S-yat_4GxxKW6w], [R], v[4], s[STARTED], a[id=hBEBhcFsRjar-iu3US6PCw]
--------[test][5], node[MSgO3f-9S-yat_4GxxKW6w], [R], v[4], s[STARTED], a[id=rmWrwhCARDGyronYRXQ-Tw]
--------[test][0], node[MSgO3f-9S-yat_4GxxKW6w], [P], v[3], s[STARTED], a[id=x-5geQ3STLGnkFrhyWIPig]
-----node_id[YucHs-5XRNO-JChWAzIIZg][V]
--------[test][3], node[YucHs-5XRNO-JChWAzIIZg], [P], v[4], s[STARTED], a[id=_WxhJCFGSNa0eq_monQ5AA]
--------[test][2], node[YucHs-5XRNO-JChWAzIIZg], [R], v[3], s[STARTED], a[id=RNqthUztR6-DqnLRLToD-Q]
--------[test][4], node[YucHs-5XRNO-JChWAzIIZg], [R], v[3], s[STARTED], a[id=0erPpWShQUWr0fCKxTfoYQ]
--------[test][8], node[YucHs-5XRNO-JChWAzIIZg], [R], v[4], s[STARTED], a[id=uERXgJeHSeixZcO4CmIKeQ]
--------[test][6], node[YucHs-5XRNO-JChWAzIIZg], [R], v[4], s[STARTED], a[id=lhxXACDDRmi5eofyvUh5ww]
--------[test][1], node[YucHs-5XRNO-JChWAzIIZg], [P], v[4], s[STARTED], a[id=skolItfmTI6mUEyBLn-4fA]
--------[test][7], node[YucHs-5XRNO-JChWAzIIZg], [P], v[4], s[STARTED], a[id=_q3o1C7eRoG3whwcdLSwbQ]
--------[test][5], node[YucHs-5XRNO-JChWAzIIZg], [P], v[4], s[STARTED], a[id=4B5yVDeUTpe5-44KssB7xg]
--------[test][0], node[YucHs-5XRNO-JChWAzIIZg], [R], v[3], s[STARTED], a[id=Z8oM2vxwSmiUDNdNNYmYpA]
---- unassigned

[2016-04-18 03:03:35,231][DEBUG][org.elasticsearch.cluster.service] [node_t1] set local cluster state to version 13
[2016-04-18 03:03:35,246][TRACE][org.elasticsearch.gateway] [node_t1] [test] writing state, reason [version changed from [10] to [11]]
[2016-04-18 03:03:35,248][DEBUG][org.elasticsearch.cluster.service] [node_t1] processing [zen-disco-receive(from master [master {node_t0}{MSgO3f-9S-yat_4GxxKW6w}{127.0.0.1}{127.0.0.1:9440}[mode=>network] committed version [13]])]: took 16ms done applying updated cluster_state (version: 13, uuid: RnS2Gfr1SRWDgE0pds2iuw)
[2016-04-18 03:03:35,248][DEBUG][org.elasticsearch.cluster.service] [node_t0] set local cluster state to version 13
[2016-04-18 03:03:35,250][TRACE][org.elasticsearch.gateway] [node_t0] [test] writing state, reason [version changed from [10] to [11]]
[2016-04-18 03:03:35,252][DEBUG][org.elasticsearch.cluster.service] [node_t0] processing [shard-started ([test][8], node[YucHs-5XRNO-JChWAzIIZg], [R], v[3], s[INITIALIZING], a[id=uERXgJeHSeixZcO4CmIKeQ], unassigned_info[[reason=INDEX_CREATED], at[2016-04-18T07:03:35.060Z]]), reason [after recovery (replica) from node [{node_t0}{MSgO3f-9S-yat_4GxxKW6w}{127.0.0.1}{127.0.0.1:9440}[mode=>network]]],shard-started ([test][8], node[YucHs-5XRNO-JChWAzIIZg], [R], v[3], s[INITIALIZING], a[id=uERXgJeHSeixZcO4CmIKeQ], unassigned_info[[reason=INDEX_CREATED], at[2016-04-18T07:03:35.060Z]]), reason [master {node_t0}{MSgO3f-9S-yat_4GxxKW6w}{127.0.0.1}{127.0.0.1:9440}[mode=>network] marked shard as initializing, but shard state is [POST_RECOVERY], mark shard as started]]: took 23ms done applying updated cluster_state (version: 13, uuid: RnS2Gfr1SRWDgE0pds2iuw)
[2016-04-18 03:03:35,256][TRACE][org.elasticsearch.transport.tracer] [transport_client_node_t0] [1][indices:data/write/index] sent to [{node_t0}{MSgO3f-9S-yat_4GxxKW6w}{127.0.0.1}{127.0.0.1:9440}[mode=>network]] (timeout: [null])
[2016-04-18 03:03:35,262][TRACE][org.elasticsearch.transport.tracer] [transport_client_node_t0] [1][indices:data/write/index] received response from [{node_t0}{MSgO3f-9S-yat_4GxxKW6w}{127.0.0.1}{127.0.0.1:9440}[mode=>network]]
[2016-04-18 03:03:35,271][TRACE][org.elasticsearch.transport.tracer] [transport_client_node_t0] [2][indices:data/write/index] sent to [{node_t0}{MSgO3f-9S-yat_4GxxKW6w}{127.0.0.1}{127.0.0.1:9440}[mode=>network]] (timeout: [null])
[2016-04-18 03:03:35,275][TRACE][org.elasticsearch.transport.tracer] [transport_client_node_t0] [2][indices:data/write/index] received response from [{node_t0}{MSgO3f-9S-yat_4GxxKW6w}{127.0.0.1}{127.0.0.1:9440}[mode=>network]]
[2016-04-18 03:03:35,283][TRACE][org.elasticsearch.transport.tracer] [transport_client_node_t1] [1][indices:data/write/index] sent to [{node_t1}{YucHs-5XRNO-JChWAzIIZg}{127.0.0.1}{127.0.0.1:9441}[mode=>network]] (timeout: [null])
[2016-04-18 03:03:35,285][TRACE][org.elasticsearch.transport.tracer] [transport_client_node_t1] [1][indices:data/write/index] received response from [{node_t1}{YucHs-5XRNO-JChWAzIIZg}{127.0.0.1}{127.0.0.1:9441}[mode=>network]]
[2016-04-18 03:03:35,288][TRACE][org.elasticsearch.transport.tracer] [transport_client_node_t1] [2][indices:data/write/index] sent to [{node_t1}{YucHs-5XRNO-JChWAzIIZg}{127.0.0.1}{127.0.0.1:9441}[mode=>network]] (timeout: [null])
[2016-04-18 03:03:35,290][TRACE][org.elasticsearch.transport.tracer] [transport_client_node_t1] [2][indices:data/write/index] received response from [{node_t1}{YucHs-5XRNO-JChWAzIIZg}{127.0.0.1}{127.0.0.1:9441}[mode=>network]]
[2016-04-18 03:03:35,297][TRACE][org.elasticsearch.transport.tracer] [transport_client_node_t0] [3][indices:data/write/index] sent to [{node_t0}{MSgO3f-9S-yat_4GxxKW6w}{127.0.0.1}{127.0.0.1:9440}[mode=>network]] (timeout: [null])
[2016-04-18 03:03:35,299][TRACE][org.elasticsearch.transport.tracer] [transport_client_node_t0] [3][indices:data/write/index] received response from [{node_t0}{MSgO3f-9S-yat_4GxxKW6w}{127.0.0.1}{127.0.0.1:9440}[mode=>network]]
[2016-04-18 03:03:35,309][TRACE][org.elasticsearch.transport.tracer] [transport_client_node_t1] [3][indices:data/write/index] sent to [{node_t1}{YucHs-5XRNO-JChWAzIIZg}{127.0.0.1}{127.0.0.1:9441}[mode=>network]] (timeout: [null])
[2016-04-18 03:03:35,310][TRACE][org.elasticsearch.transport.tracer] [transport_client_node_t1] [3][indices:data/write/index] received response from [{node_t1}{YucHs-5XRNO-JChWAzIIZg}{127.0.0.1}{127.0.0.1:9441}[mode=>network]]
[2016-04-18 03:03:35,312][TRACE][org.elasticsearch.transport.tracer] [transport_client_node_t0] [4][indices:data/write/index] sent to [{node_t0}{MSgO3f-9S-yat_4GxxKW6w}{127.0.0.1}{127.0.0.1:9440}[mode=>network]] (timeout: [null])
[2016-04-18 03:03:35,314][TRACE][org.elasticsearch.transport.tracer] [transport_client_node_t0] [4][indices:data/write/index] received response from [{node_t0}{MSgO3f-9S-yat_4GxxKW6w}{127.0.0.1}{127.0.0.1:9440}[mode=>network]]
[2016-04-18 03:03:35,324][TRACE][org.elasticsearch.transport.tracer] [transport_client_node_t0] [5][indices:data/write/index] sent to [{node_t0}{MSgO3f-9S-yat_4GxxKW6w}{127.0.0.1}{127.0.0.1:9440}[mode=>network]] (timeout: [null])
[2016-04-18 03:03:35,326][TRACE][org.elasticsearch.transport.tracer] [transport_client_node_t0] [5][indices:data/write/index] received response from [{node_t0}{MSgO3f-9S-yat_4GxxKW6w}{127.0.0.1}{127.0.0.1:9440}[mode=>network]]
[2016-04-18 03:03:35,326][TRACE][org.elasticsearch.transport.tracer] [transport_client_node_t1] [4][indices:data/write/index] sent to [{node_t1}{YucHs-5XRNO-JChWAzIIZg}{127.0.0.1}{127.0.0.1:9441}[mode=>network]] (timeout: [null])
[2016-04-18 03:03:35,330][TRACE][org.elasticsearch.transport.tracer] [transport_client_node_t1] [4][indices:data/write/index] received response from [{node_t1}{YucHs-5XRNO-JChWAzIIZg}{127.0.0.1}{127.0.0.1:9441}[mode=>network]]
[2016-04-18 03:03:35,336][TRACE][org.elasticsearch.transport.tracer] [transport_client_node_t1] [5][indices:data/write/index] sent to [{node_t1}{YucHs-5XRNO-JChWAzIIZg}{127.0.0.1}{127.0.0.1:9441}[mode=>network]] (timeout: [null])
[2016-04-18 03:03:35,340][TRACE][org.elasticsearch.transport.tracer] [transport_client_node_t1] [5][indices:data/write/index] received response from [{node_t1}{YucHs-5XRNO-JChWAzIIZg}{127.0.0.1}{127.0.0.1:9441}[mode=>network]]
[2016-04-18 03:03:35,352][TRACE][org.elasticsearch.transport.tracer] [transport_client_node_t0] [6][indices:data/write/index] sent to [{node_t0}{MSgO3f-9S-yat_4GxxKW6w}{127.0.0.1}{127.0.0.1:9440}[mode=>network]] (timeout: [null])
[2016-04-18 03:03:35,353][TRACE][org.elasticsearch.transport.tracer] [transport_client_node_t0] [6][indices:data/write/index] received response from [{node_t0}{MSgO3f-9S-yat_4GxxKW6w}{127.0.0.1}{127.0.0.1:9440}[mode=>network]]
[2016-04-18 03:03:35,354][TRACE][org.elasticsearch.transport.tracer] [transport_client_node_t1] [6][indices:data/write/index] sent to [{node_t1}{YucHs-5XRNO-JChWAzIIZg}{127.0.0.1}{127.0.0.1:9441}[mode=>network]] (timeout: [null])
[2016-04-18 03:03:35,356][TRACE][org.elasticsearch.transport.tracer] [transport_client_node_t1] [6][indices:data/write/index] received response from [{node_t1}{YucHs-5XRNO-JChWAzIIZg}{127.0.0.1}{127.0.0.1:9441}[mode=>network]]
[2016-04-18 03:03:35,364][TRACE][org.elasticsearch.transport.tracer] [transport_client_node_t0] [7][indices:data/write/index] sent to [{node_t0}{MSgO3f-9S-yat_4GxxKW6w}{127.0.0.1}{127.0.0.1:9440}[mode=>network]] (timeout: [null])
[2016-04-18 03:03:35,365][TRACE][org.elasticsearch.transport.tracer] [transport_client_node_t0] [7][indices:data/write/index] received response from [{node_t0}{MSgO3f-9S-yat_4GxxKW6w}{127.0.0.1}{127.0.0.1:9440}[mode=>network]]
[2016-04-18 03:03:35,367][TRACE][org.elasticsearch.transport.tracer] [transport_client_node_t1] [7][indices:data/write/index] sent to [{node_t1}{YucHs-5XRNO-JChWAzIIZg}{127.0.0.1}{127.0.0.1:9441}[mode=>network]] (timeout: [null])
[2016-04-18 03:03:35,367][TRACE][org.elasticsearch.transport.tracer] [transport_client_node_t1] [7][indices:data/write/index] received response from [{node_t1}{YucHs-5XRNO-JChWAzIIZg}{127.0.0.1}{127.0.0.1:9441}[mode=>network]]
[2016-04-18 03:03:35,368][TRACE][org.elasticsearch.transport.tracer] [transport_client_node_t1] [8][indices:data/write/index] sent to [{node_t1}{YucHs-5XRNO-JChWAzIIZg}{127.0.0.1}{127.0.0.1:9441}[mode=>network]] (timeout: [null])
[2016-04-18 03:03:35,369][TRACE][org.elasticsearch.transport.tracer] [transport_client_node_t1] [8][indices:data/write/index] received response from [{node_t1}{YucHs-5XRNO-JChWAzIIZg}{127.0.0.1}{127.0.0.1:9441}[mode=>network]]
[2016-04-18 03:03:35,378][TRACE][org.elasticsearch.transport.tracer] [transport_client_node_t0] [8][indices:data/write/index] sent to [{node_t0}{MSgO3f-9S-yat_4GxxKW6w}{127.0.0.1}{127.0.0.1:9440}[mode=>network]] (timeout: [null])
[2016-04-18 03:03:35,380][TRACE][org.elasticsearch.transport.tracer] [transport_client_node_t0] [8][indices:data/write/index] received response from [{node_t0}{MSgO3f-9S-yat_4GxxKW6w}{127.0.0.1}{127.0.0.1:9440}[mode=>network]]
[2016-04-18 03:03:35,383][TRACE][org.elasticsearch.transport.tracer] [transport_client_node_t0] [9][indices:data/write/index] sent to [{node_t0}{MSgO3f-9S-yat_4GxxKW6w}{127.0.0.1}{127.0.0.1:9440}[mode=>network]] (timeout: [null])
[2016-04-18 03:03:35,384][TRACE][org.elasticsearch.transport.tracer] [transport_client_node_t0] [9][indices:data/write/index] received response from [{node_t0}{MSgO3f-9S-yat_4GxxKW6w}{127.0.0.1}{127.0.0.1:9440}[mode=>network]]
[2016-04-18 03:03:35,385][TRACE][org.elasticsearch.transport.tracer] [transport_client_node_t0] [10][indices:data/write/index] sent to [{node_t0}{MSgO3f-9S-yat_4GxxKW6w}{127.0.0.1}{127.0.0.1:9440}[mode=>network]] (timeout: [null])
[2016-04-18 03:03:35,387][TRACE][org.elasticsearch.transport.tracer] [transport_client_node_t0] [10][indices:data/write/index] received response from [{node_t0}{MSgO3f-9S-yat_4GxxKW6w}{127.0.0.1}{127.0.0.1:9440}[mode=>network]]
[2016-04-18 03:03:35,387][TRACE][org.elasticsearch.transport.tracer] [transport_client_node_t0] [11][indices:data/write/index] sent to [{node_t0}{MSgO3f-9S-yat_4GxxKW6w}{127.0.0.1}{127.0.0.1:9440}[mode=>network]] (timeout: [null])
[2016-04-18 03:03:35,390][TRACE][org.elasticsearch.transport.tracer] [transport_client_node_t0] [11][indices:data/write/index] received response from [{node_t0}{MSgO3f-9S-yat_4GxxKW6w}{127.0.0.1}{127.0.0.1:9440}[mode=>network]]
[2016-04-18 03:03:35,393][TRACE][org.elasticsearch.transport.tracer] [transport_client_node_t0] [12][indices:data/write/index] sent to [{node_t0}{MSgO3f-9S-yat_4GxxKW6w}{127.0.0.1}{127.0.0.1:9440}[mode=>network]] (timeout: [null])
[2016-04-18 03:03:35,394][TRACE][org.elasticsearch.transport.tracer] [transport_client_node_t0] [12][indices:data/write/index] received response from [{node_t0}{MSgO3f-9S-yat_4GxxKW6w}{127.0.0.1}{127.0.0.1:9440}[mode=>network]]
[2016-04-18 03:03:35,397][TRACE][org.elasticsearch.transport.tracer] [transport_client_node_t0] [13][indices:data/write/index] sent to [{node_t0}{MSgO3f-9S-yat_4GxxKW6w}{127.0.0.1}{127.0.0.1:9440}[mode=>network]] (timeout: [null])
[2016-04-18 03:03:35,398][TRACE][org.elasticsearch.transport.tracer] [transport_client_node_t0] [13][indices:data/write/index] received response from [{node_t0}{MSgO3f-9S-yat_4GxxKW6w}{127.0.0.1}{127.0.0.1:9440}[mode=>network]]
[2016-04-18 03:03:35,407][TRACE][org.elasticsearch.transport.tracer] [transport_client_node_t0] [14][cluster:monitor/health] sent to [{node_t0}{MSgO3f-9S-yat_4GxxKW6w}{127.0.0.1}{127.0.0.1:9440}[mode=>network]] (timeout: [null])
[2016-04-18 03:03:35,407][TRACE][org.elasticsearch.transport.tracer] [transport_client_node_t0] [14][cluster:monitor/health] received response from [{node_t0}{MSgO3f-9S-yat_4GxxKW6w}{127.0.0.1}{127.0.0.1:9440}[mode=>network]]
[2016-04-18 03:03:35,487][TRACE][org.elasticsearch.transport.tracer] [transport_client_node_t0] [15][indices:admin/refresh] sent to [{node_t0}{MSgO3f-9S-yat_4GxxKW6w}{127.0.0.1}{127.0.0.1:9440}[mode=>network]] (timeout: [null])
[2016-04-18 03:03:35,492][TRACE][org.elasticsearch.transport.tracer] [transport_client_node_t0] [15][indices:admin/refresh] received response from [{node_t0}{MSgO3f-9S-yat_4GxxKW6w}{127.0.0.1}{127.0.0.1:9440}[mode=>network]]
[2016-04-18 03:03:35,503][TRACE][org.elasticsearch.transport.tracer] [transport_client_node_t0] [16][indices:data/read/search] sent to [{node_t0}{MSgO3f-9S-yat_4GxxKW6w}{127.0.0.1}{127.0.0.1:9440}[mode=>network]] (timeout: [null])
[2016-04-18 03:03:35,505][TRACE][org.elasticsearch.transport.tracer] [transport_client_node_t0] [16][indices:data/read/search] received response from [{node_t0}{MSgO3f-9S-yat_4GxxKW6w}{127.0.0.1}{127.0.0.1:9440}[mode=>network]]
[2016-04-18 03:03:35,505][TRACE][org.elasticsearch.transport.tracer] [transport_client_node_t0] [17][indices:data/read/search] sent to [{node_t0}{MSgO3f-9S-yat_4GxxKW6w}{127.0.0.1}{127.0.0.1:9440}[mode=>network]] (timeout: [null])
[2016-04-18 03:03:35,507][TRACE][org.elasticsearch.transport.tracer] [transport_client_node_t0] [17][indices:data/read/search] received response from [{node_t0}{MSgO3f-9S-yat_4GxxKW6w}{127.0.0.1}{127.0.0.1:9440}[mode=>network]]
[2016-04-18 03:03:35,508][TRACE][org.elasticsearch.transport.tracer] [transport_client_node_t0] [18][indices:data/read/search] sent to [{node_t0}{MSgO3f-9S-yat_4GxxKW6w}{127.0.0.1}{127.0.0.1:9440}[mode=>network]] (timeout: [null])
[2016-04-18 03:03:35,509][TRACE][org.elasticsearch.transport.tracer] [transport_client_node_t0] [18][indices:data/read/search] received response from [{node_t0}{MSgO3f-9S-yat_4GxxKW6w}{127.0.0.1}{127.0.0.1:9440}[mode=>network]]
[2016-04-18 03:03:35,511][INFO ][org.elasticsearch.discovery.zen] [node_t1] master_left [{node_t0}{MSgO3f-9S-yat_4GxxKW6w}{127.0.0.1}{127.0.0.1:9440}[mode=>network]], reason [shut_down]
[2016-04-18 03:03:35,512][TRACE][org.elasticsearch.cluster.service] [node_t1] will process [zen-disco-master_failed ({node_t0}{MSgO3f-9S-yat_4GxxKW6w}{127.0.0.1}{127.0.0.1:9440}[mode=>network])]
[2016-04-18 03:03:35,512][DEBUG][org.elasticsearch.cluster.service] [node_t1] processing [zen-disco-master_failed ({node_t0}{MSgO3f-9S-yat_4GxxKW6w}{127.0.0.1}{127.0.0.1:9440}[mode=>network])]: execute
[2016-04-18 03:03:35,512][WARN ][org.elasticsearch.discovery.zen] [node_t1] master left (reason = shut_down), current nodes: {{node_t1}{YucHs-5XRNO-JChWAzIIZg}{127.0.0.1}{127.0.0.1:9441}[mode=>network],}
[2016-04-18 03:03:35,512][DEBUG][org.elasticsearch.discovery.zen.fd] [node_t1] [master] stopping fault detection against master [{node_t0}{MSgO3f-9S-yat_4GxxKW6w}{127.0.0.1}{127.0.0.1:9440}[mode=>network]], reason [master left (reason = shut_down)]
[2016-04-18 03:03:35,512][TRACE][org.elasticsearch.discovery.zen] [node_t1] starting to accumulate joins
[2016-04-18 03:03:35,512][TRACE][org.elasticsearch.discovery.zen] [node_t1] starting to ping
[2016-04-18 03:03:35,512][TRACE][org.elasticsearch.discovery.zen.ping.unicast] [node_t1] [2] sending to {node_t1}{YucHs-5XRNO-JChWAzIIZg}{127.0.0.1}{127.0.0.1:9441}[mode=>network]
[2016-04-18 03:03:35,512][TRACE][org.elasticsearch.discovery.zen.ping.unicast] [node_t1] [2] connecting to {node_t0}{MSgO3f-9S-yat_4GxxKW6w}{127.0.0.1}{127.0.0.1:9440}[mode=>network]
[2016-04-18 03:03:35,512][TRACE][org.elasticsearch.discovery.zen.ping.unicast] [node_t1] [2] received response from {node_t1}{YucHs-5XRNO-JChWAzIIZg}{127.0.0.1}{127.0.0.1:9441}[mode=>network]: [ping_response{node [{node_t1}{YucHs-5XRNO-JChWAzIIZg}{127.0.0.1}{127.0.0.1:9441}[mode=>network]], id[372], master [{node_t0}{MSgO3f-9S-yat_4GxxKW6w}{127.0.0.1}{127.0.0.1:9440}[mode=>network]], hasJoinedOnce [true], cluster_name[TEST-CHILD_VM=[0]-CLUSTER_SEED=[-7449427405447180618]-HASH=[2645B46835F9]-cluster]}, ping_response{node [{node_t1}{YucHs-5XRNO-JChWAzIIZg}{127.0.0.1}{127.0.0.1:9441}[mode=>network]], id[373], master [{node_t0}{MSgO3f-9S-yat_4GxxKW6w}{127.0.0.1}{127.0.0.1:9440}[mode=>network]], hasJoinedOnce [true], cluster_name[TEST-CHILD_VM=[0]-CLUSTER_SEED=[-7449427405447180618]-HASH=[2645B46835F9]-cluster]}]
[2016-04-18 03:03:35,512][TRACE][org.elasticsearch.discovery.zen.ping.unicast] [node_t1] [2] connecting (light) to {#zen_unicast_3#}{127.0.0.1}{127.0.0.1:9442}
[2016-04-18 03:03:35,512][TRACE][org.elasticsearch.discovery.zen.ping.unicast] [node_t1] [2] connecting (light) to {#zen_unicast_5#}{127.0.0.1}{127.0.0.1:9444}
[2016-04-18 03:03:35,512][TRACE][org.elasticsearch.discovery.zen.ping.unicast] [node_t1] [2] connecting (light) to {#zen_unicast_7#}{::1}{[::1]:9441}
[2016-04-18 03:03:35,512][TRACE][org.elasticsearch.discovery.zen.ping.unicast] [node_t1] [2] connecting (light) to {#zen_unicast_9#}{::1}{[::1]:9443}
[2016-04-18 03:03:35,512][TRACE][org.elasticsearch.discovery.zen.ping.unicast] [node_t1] [2] connecting (light) to {#zen_unicast_10#}{::1}{[::1]:9444}
[2016-04-18 03:03:35,513][TRACE][org.elasticsearch.discovery.zen.ping.unicast] [node_t1] [2] sending to {node_t1}{YucHs-5XRNO-JChWAzIIZg}{127.0.0.1}{127.0.0.1:9441}[mode=>network]
[2016-04-18 03:03:35,513][TRACE][org.elasticsearch.discovery.zen.ping.unicast] [node_t1] [2] received response from {node_t1}{YucHs-5XRNO-JChWAzIIZg}{127.0.0.1}{127.0.0.1:9441}[mode=>network]: [ping_response{node [{node_t1}{YucHs-5XRNO-JChWAzIIZg}{127.0.0.1}{127.0.0.1:9441}[mode=>network]], id[372], master [{node_t0}{MSgO3f-9S-yat_4GxxKW6w}{127.0.0.1}{127.0.0.1:9440}[mode=>network]], hasJoinedOnce [true], cluster_name[TEST-CHILD_VM=[0]-CLUSTER_SEED=[-7449427405447180618]-HASH=[2645B46835F9]-cluster]}, ping_response{node [{node_t1}{YucHs-5XRNO-JChWAzIIZg}{127.0.0.1}{127.0.0.1:9441}[mode=>network]], id[372], master [{node_t0}{MSgO3f-9S-yat_4GxxKW6w}{127.0.0.1}{127.0.0.1:9440}[mode=>network]], hasJoinedOnce [true], cluster_name[TEST-CHILD_VM=[0]-CLUSTER_SEED=[-7449427405447180618]-HASH=[2645B46835F9]-cluster]}, ping_response{node [{node_t1}{YucHs-5XRNO-JChWAzIIZg}{127.0.0.1}{127.0.0.1:9441}[mode=>network]], id[374], master [{node_t0}{MSgO3f-9S-yat_4GxxKW6w}{127.0.0.1}{127.0.0.1:9440}[mode=>network]], hasJoinedOnce [true], cluster_name[TEST-CHILD_VM=[0]-CLUSTER_SEED=[-7449427405447180618]-HASH=[2645B46835F9]-cluster]}]
[2016-04-18 03:03:35,513][TRACE][org.elasticsearch.discovery.zen.ping.unicast] [node_t1] [2] connecting to {node_t0}{MSgO3f-9S-yat_4GxxKW6w}{127.0.0.1}{127.0.0.1:9440}[mode=>network]
[2016-04-18 03:03:35,512][TRACE][org.elasticsearch.discovery.zen.ping.unicast] [node_t1] [2] connecting (light) to {#zen_unicast_8#}{::1}{[::1]:9442}
[2016-04-18 03:03:35,512][TRACE][org.elasticsearch.discovery.zen.ping.unicast] [node_t1] [2] connecting (light) to {#zen_unicast_6#}{::1}{[::1]:9440}
[2016-04-18 03:03:35,512][TRACE][org.elasticsearch.discovery.zen.ping.unicast] [node_t1] [2] connecting (light) to {#zen_unicast_4#}{127.0.0.1}{127.0.0.1:9443}
[2016-04-18 03:03:35,513][TRACE][org.elasticsearch.discovery.zen.ping.unicast] [node_t1] [2] failed to connect to {#zen_unicast_3#}{127.0.0.1}{127.0.0.1:9442}
ConnectTransportException[[][127.0.0.1:9442] connect_timeout[30s]]; nested: ConnectException[Connection refused: /127.0.0.1:9442];
	at org.elasticsearch.transport.netty.NettyTransport.connectToChannelsLight(NettyTransport.java:954)
	at org.elasticsearch.transport.netty.NettyTransport.connectToNode(NettyTransport.java:918)
	at org.elasticsearch.transport.netty.NettyTransport.connectToNodeLight(NettyTransport.java:890)
	at org.elasticsearch.test.transport.MockTransportService$LookupTestTransport.connectToNodeLight(MockTransportService.java:413)
	at org.elasticsearch.transport.TransportService.connectToNodeLight(TransportService.java:242)
	at org.elasticsearch.discovery.zen.ping.unicast.UnicastZenPing$3.run(UnicastZenPing.java:395)
	at java.util.concurrent.ThreadPoolExecutor.runWorker(ThreadPoolExecutor.java:1142)
	at java.util.concurrent.ThreadPoolExecutor$Worker.run(ThreadPoolExecutor.java:617)
	at java.lang.Thread.run(Thread.java:745)
Caused by: java.net.ConnectException: Connection refused: /127.0.0.1:9442
	at sun.nio.ch.SocketChannelImpl.checkConnect(Native Method)
	at sun.nio.ch.SocketChannelImpl.finishConnect(SocketChannelImpl.java:717)
	at org.jboss.netty.channel.socket.nio.NioClientBoss.connect(NioClientBoss.java:152)
	at org.jboss.netty.channel.socket.nio.NioClientBoss.processSelectedKeys(NioClientBoss.java:105)
	at org.jboss.netty.channel.socket.nio.NioClientBoss.process(NioClientBoss.java:79)
	at org.jboss.netty.channel.socket.nio.AbstractNioSelector.run(AbstractNioSelector.java:337)
	at org.jboss.netty.channel.socket.nio.NioClientBoss.run(NioClientBoss.java:42)
	at org.jboss.netty.util.ThreadRenamingRunnable.run(ThreadRenamingRunnable.java:108)
	at org.jboss.netty.util.internal.DeadLockProofWorker$1.run(DeadLockProofWorker.java:42)
	... 3 more
[2016-04-18 03:03:35,513][TRACE][org.elasticsearch.discovery.zen.ping.unicast] [node_t1] [2] failed to connect to {#zen_unicast_10#}{::1}{[::1]:9444}
ConnectTransportException[[][[::1]:9444] connect_timeout[30s]]; nested: ConnectException[Connection refused: /0:0:0:0:0:0:0:1:9444];
	at org.elasticsearch.transport.netty.NettyTransport.connectToChannelsLight(NettyTransport.java:954)
	at org.elasticsearch.transport.netty.NettyTransport.connectToNode(NettyTransport.java:918)
	at org.elasticsearch.transport.netty.NettyTransport.connectToNodeLight(NettyTransport.java:890)
	at org.elasticsearch.test.transport.MockTransportService$LookupTestTransport.connectToNodeLight(MockTransportService.java:413)
	at org.elasticsearch.transport.TransportService.connectToNodeLight(TransportService.java:242)
	at org.elasticsearch.discovery.zen.ping.unicast.UnicastZenPing$3.run(UnicastZenPing.java:395)
	at java.util.concurrent.ThreadPoolExecutor.runWorker(ThreadPoolExecutor.java:1142)
	at java.util.concurrent.ThreadPoolExecutor$Worker.run(ThreadPoolExecutor.java:617)
	at java.lang.Thread.run(Thread.java:745)
Caused by: java.net.ConnectException: Connection refused: /0:0:0:0:0:0:0:1:9444
	at sun.nio.ch.SocketChannelImpl.checkConnect(Native Method)
	at sun.nio.ch.SocketChannelImpl.finishConnect(SocketChannelImpl.java:717)
	at org.jboss.netty.channel.socket.nio.NioClientBoss.connect(NioClientBoss.java:152)
	at org.jboss.netty.channel.socket.nio.NioClientBoss.processSelectedKeys(NioClientBoss.java:105)
	at org.jboss.netty.channel.socket.nio.NioClientBoss.process(NioClientBoss.java:79)
	at org.jboss.netty.channel.socket.nio.AbstractNioSelector.run(AbstractNioSelector.java:337)
	at org.jboss.netty.channel.socket.nio.NioClientBoss.run(NioClientBoss.java:42)
	at org.jboss.netty.util.ThreadRenamingRunnable.run(ThreadRenamingRunnable.java:108)
	at org.jboss.netty.util.internal.DeadLockProofWorker$1.run(DeadLockProofWorker.java:42)
	... 3 more
[2016-04-18 03:03:35,513][TRACE][org.elasticsearch.discovery.zen.ping.unicast] [node_t1] [2] failed to connect to {#zen_unicast_9#}{::1}{[::1]:9443}
ConnectTransportException[[][[::1]:9443] connect_timeout[30s]]; nested: ConnectException[Connection refused: /0:0:0:0:0:0:0:1:9443];
	at org.elasticsearch.transport.netty.NettyTransport.connectToChannelsLight(NettyTransport.java:954)
	at org.elasticsearch.transport.netty.NettyTransport.connectToNode(NettyTransport.java:918)
	at org.elasticsearch.transport.netty.NettyTransport.connectToNodeLight(NettyTransport.java:890)
	at org.elasticsearch.test.transport.MockTransportService$LookupTestTransport.connectToNodeLight(MockTransportService.java:413)
	at org.elasticsearch.transport.TransportService.connectToNodeLight(TransportService.java:242)
	at org.elasticsearch.discovery.zen.ping.unicast.UnicastZenPing$3.run(UnicastZenPing.java:395)
	at java.util.concurrent.ThreadPoolExecutor.runWorker(ThreadPoolExecutor.java:1142)
	at java.util.concurrent.ThreadPoolExecutor$Worker.run(ThreadPoolExecutor.java:617)
	at java.lang.Thread.run(Thread.java:745)
Caused by: java.net.ConnectException: Connection refused: /0:0:0:0:0:0:0:1:9443
	at sun.nio.ch.SocketChannelImpl.checkConnect(Native Method)
	at sun.nio.ch.SocketChannelImpl.finishConnect(SocketChannelImpl.java:717)
	at org.jboss.netty.channel.socket.nio.NioClientBoss.connect(NioClientBoss.java:152)
	at org.jboss.netty.channel.socket.nio.NioClientBoss.processSelectedKeys(NioClientBoss.java:105)
	at org.jboss.netty.channel.socket.nio.NioClientBoss.process(NioClientBoss.java:79)
	at org.jboss.netty.channel.socket.nio.AbstractNioSelector.run(AbstractNioSelector.java:337)
	at org.jboss.netty.channel.socket.nio.NioClientBoss.run(NioClientBoss.java:42)
	at org.jboss.netty.util.ThreadRenamingRunnable.run(ThreadRenamingRunnable.java:108)
	at org.jboss.netty.util.internal.DeadLockProofWorker$1.run(DeadLockProofWorker.java:42)
	... 3 more
[2016-04-18 03:03:35,513][TRACE][org.elasticsearch.discovery.zen.ping.unicast] [node_t1] [2] failed to connect to {#zen_unicast_5#}{127.0.0.1}{127.0.0.1:9444}
ConnectTransportException[[][127.0.0.1:9444] connect_timeout[30s]]; nested: ConnectException[Connection refused: /127.0.0.1:9444];
	at org.elasticsearch.transport.netty.NettyTransport.connectToChannelsLight(NettyTransport.java:954)
	at org.elasticsearch.transport.netty.NettyTransport.connectToNode(NettyTransport.java:918)
	at org.elasticsearch.transport.netty.NettyTransport.connectToNodeLight(NettyTransport.java:890)
	at org.elasticsearch.test.transport.MockTransportService$LookupTestTransport.connectToNodeLight(MockTransportService.java:413)
	at org.elasticsearch.transport.TransportService.connectToNodeLight(TransportService.java:242)
	at org.elasticsearch.discovery.zen.ping.unicast.UnicastZenPing$3.run(UnicastZenPing.java:395)
	at java.util.concurrent.ThreadPoolExecutor.runWorker(ThreadPoolExecutor.java:1142)
	at java.util.concurrent.ThreadPoolExecutor$Worker.run(ThreadPoolExecutor.java:617)
	at java.lang.Thread.run(Thread.java:745)
Caused by: java.net.ConnectException: Connection refused: /127.0.0.1:9444
	at sun.nio.ch.SocketChannelImpl.checkConnect(Native Method)
	at sun.nio.ch.SocketChannelImpl.finishConnect(SocketChannelImpl.java:717)
	at org.jboss.netty.channel.socket.nio.NioClientBoss.connect(NioClientBoss.java:152)
	at org.jboss.netty.channel.socket.nio.NioClientBoss.processSelectedKeys(NioClientBoss.java:105)
	at org.jboss.netty.channel.socket.nio.NioClientBoss.process(NioClientBoss.java:79)
	at org.jboss.netty.channel.socket.nio.AbstractNioSelector.run(AbstractNioSelector.java:337)
	at org.jboss.netty.channel.socket.nio.NioClientBoss.run(NioClientBoss.java:42)
	at org.jboss.netty.util.ThreadRenamingRunnable.run(ThreadRenamingRunnable.java:108)
	at org.jboss.netty.util.internal.DeadLockProofWorker$1.run(DeadLockProofWorker.java:42)
	... 3 more
[2016-04-18 03:03:35,514][TRACE][org.elasticsearch.discovery.zen.ping.unicast] [node_t1] [2] failed to connect to {#zen_unicast_4#}{127.0.0.1}{127.0.0.1:9443}
ConnectTransportException[[][127.0.0.1:9443] connect_timeout[30s]]; nested: ConnectException[Connection refused: /127.0.0.1:9443];
	at org.elasticsearch.transport.netty.NettyTransport.connectToChannelsLight(NettyTransport.java:954)
	at org.elasticsearch.transport.netty.NettyTransport.connectToNode(NettyTransport.java:918)
	at org.elasticsearch.transport.netty.NettyTransport.connectToNodeLight(NettyTransport.java:890)
	at org.elasticsearch.test.transport.MockTransportService$LookupTestTransport.connectToNodeLight(MockTransportService.java:413)
	at org.elasticsearch.transport.TransportService.connectToNodeLight(TransportService.java:242)
	at org.elasticsearch.discovery.zen.ping.unicast.UnicastZenPing$3.run(UnicastZenPing.java:395)
	at java.util.concurrent.ThreadPoolExecutor.runWorker(ThreadPoolExecutor.java:1142)
	at java.util.concurrent.ThreadPoolExecutor$Worker.run(ThreadPoolExecutor.java:617)
	at java.lang.Thread.run(Thread.java:745)
Caused by: java.net.ConnectException: Connection refused: /127.0.0.1:9443
	at sun.nio.ch.SocketChannelImpl.checkConnect(Native Method)
	at sun.nio.ch.SocketChannelImpl.finishConnect(SocketChannelImpl.java:717)
	at org.jboss.netty.channel.socket.nio.NioClientBoss.connect(NioClientBoss.java:152)
	at org.jboss.netty.channel.socket.nio.NioClientBoss.processSelectedKeys(NioClientBoss.java:105)
	at org.jboss.netty.channel.socket.nio.NioClientBoss.process(NioClientBoss.java:79)
	at org.jboss.netty.channel.socket.nio.AbstractNioSelector.run(AbstractNioSelector.java:337)
	at org.jboss.netty.channel.socket.nio.NioClientBoss.run(NioClientBoss.java:42)
	at org.jboss.netty.util.ThreadRenamingRunnable.run(ThreadRenamingRunnable.java:108)
	at org.jboss.netty.util.internal.DeadLockProofWorker$1.run(DeadLockProofWorker.java:42)
	... 3 more
[2016-04-18 03:03:35,515][TRACE][org.elasticsearch.discovery.zen.ping.unicast] [node_t1] [2] failed to connect to {node_t0}{MSgO3f-9S-yat_4GxxKW6w}{127.0.0.1}{127.0.0.1:9440}[mode=>network]
ConnectTransportException[[node_t0][127.0.0.1:9440] connect_timeout[30s]]; nested: ConnectException[Connection refused: /127.0.0.1:9440];
	at org.elasticsearch.transport.netty.NettyTransport.connectToChannels(NettyTransport.java:989)
	at org.elasticsearch.transport.netty.NettyTransport.connectToNode(NettyTransport.java:922)
	at org.elasticsearch.transport.netty.NettyTransport.connectToNode(NettyTransport.java:895)
	at org.elasticsearch.test.transport.MockTransportService$LookupTestTransport.connectToNode(MockTransportService.java:408)
	at org.elasticsearch.transport.TransportService.connectToNode(TransportService.java:235)
	at org.elasticsearch.discovery.zen.ping.unicast.UnicastZenPing$3.run(UnicastZenPing.java:398)
	at java.util.concurrent.ThreadPoolExecutor.runWorker(ThreadPoolExecutor.java:1142)
	at java.util.concurrent.ThreadPoolExecutor$Worker.run(ThreadPoolExecutor.java:617)
	at java.lang.Thread.run(Thread.java:745)
Caused by: java.net.ConnectException: Connection refused: /127.0.0.1:9440
	at sun.nio.ch.SocketChannelImpl.checkConnect(Native Method)
	at sun.nio.ch.SocketChannelImpl.finishConnect(SocketChannelImpl.java:717)
	at org.jboss.netty.channel.socket.nio.NioClientBoss.connect(NioClientBoss.java:152)
	at org.jboss.netty.channel.socket.nio.NioClientBoss.processSelectedKeys(NioClientBoss.java:105)
	at org.jboss.netty.channel.socket.nio.NioClientBoss.process(NioClientBoss.java:79)
	at org.jboss.netty.channel.socket.nio.AbstractNioSelector.run(AbstractNioSelector.java:337)
	at org.jboss.netty.channel.socket.nio.NioClientBoss.run(NioClientBoss.java:42)
	at org.jboss.netty.util.ThreadRenamingRunnable.run(ThreadRenamingRunnable.java:108)
	at org.jboss.netty.util.internal.DeadLockProofWorker$1.run(DeadLockProofWorker.java:42)
	... 3 more
[2016-04-18 03:03:35,514][TRACE][org.elasticsearch.discovery.zen.ping.unicast] [node_t1] [2] failed to connect to {#zen_unicast_8#}{::1}{[::1]:9442}
ConnectTransportException[[][[::1]:9442] connect_timeout[30s]]; nested: ConnectException[Connection refused: /0:0:0:0:0:0:0:1:9442];
	at org.elasticsearch.transport.netty.NettyTransport.connectToChannelsLight(NettyTransport.java:954)
	at org.elasticsearch.transport.netty.NettyTransport.connectToNode(NettyTransport.java:918)
	at org.elasticsearch.transport.netty.NettyTransport.connectToNodeLight(NettyTransport.java:890)
	at org.elasticsearch.test.transport.MockTransportService$LookupTestTransport.connectToNodeLight(MockTransportService.java:413)
	at org.elasticsearch.transport.TransportService.connectToNodeLight(TransportService.java:242)
	at org.elasticsearch.discovery.zen.ping.unicast.UnicastZenPing$3.run(UnicastZenPing.java:395)
	at java.util.concurrent.ThreadPoolExecutor.runWorker(ThreadPoolExecutor.java:1142)
	at java.util.concurrent.ThreadPoolExecutor$Worker.run(ThreadPoolExecutor.java:617)
	at java.lang.Thread.run(Thread.java:745)
Caused by: java.net.ConnectException: Connection refused: /0:0:0:0:0:0:0:1:9442
	at sun.nio.ch.SocketChannelImpl.checkConnect(Native Method)
	at sun.nio.ch.SocketChannelImpl.finishConnect(SocketChannelImpl.java:717)
	at org.jboss.netty.channel.socket.nio.NioClientBoss.connect(NioClientBoss.java:152)
	at org.jboss.netty.channel.socket.nio.NioClientBoss.processSelectedKeys(NioClientBoss.java:105)
	at org.jboss.netty.channel.socket.nio.NioClientBoss.process(NioClientBoss.java:79)
	at org.jboss.netty.channel.socket.nio.AbstractNioSelector.run(AbstractNioSelector.java:337)
	at org.jboss.netty.channel.socket.nio.NioClientBoss.run(NioClientBoss.java:42)
	at org.jboss.netty.util.ThreadRenamingRunnable.run(ThreadRenamingRunnable.java:108)
	at org.jboss.netty.util.internal.DeadLockProofWorker$1.run(DeadLockProofWorker.java:42)
	... 3 more
[2016-04-18 03:03:35,514][TRACE][org.elasticsearch.discovery.zen.ping.unicast] [node_t1] [2] failed to connect to {#zen_unicast_6#}{::1}{[::1]:9440}
ConnectTransportException[[][[::1]:9440] connect_timeout[30s]]; nested: ConnectException[Connection refused: /0:0:0:0:0:0:0:1:9440];
	at org.elasticsearch.transport.netty.NettyTransport.connectToChannelsLight(NettyTransport.java:954)
	at org.elasticsearch.transport.netty.NettyTransport.connectToNode(NettyTransport.java:918)
	at org.elasticsearch.transport.netty.NettyTransport.connectToNodeLight(NettyTransport.java:890)
	at org.elasticsearch.test.transport.MockTransportService$LookupTestTransport.connectToNodeLight(MockTransportService.java:413)
	at org.elasticsearch.transport.TransportService.connectToNodeLight(TransportService.java:242)
	at org.elasticsearch.discovery.zen.ping.unicast.UnicastZenPing$3.run(UnicastZenPing.java:395)
	at java.util.concurrent.ThreadPoolExecutor.runWorker(ThreadPoolExecutor.java:1142)
	at java.util.concurrent.ThreadPoolExecutor$Worker.run(ThreadPoolExecutor.java:617)
	at java.lang.Thread.run(Thread.java:745)
Caused by: java.net.ConnectException: Connection refused: /0:0:0:0:0:0:0:1:9440
	at sun.nio.ch.SocketChannelImpl.checkConnect(Native Method)
	at sun.nio.ch.SocketChannelImpl.finishConnect(SocketChannelImpl.java:717)
	at org.jboss.netty.channel.socket.nio.NioClientBoss.connect(NioClientBoss.java:152)
	at org.jboss.netty.channel.socket.nio.NioClientBoss.processSelectedKeys(NioClientBoss.java:105)
	at org.jboss.netty.channel.socket.nio.NioClientBoss.process(NioClientBoss.java:79)
	at org.jboss.netty.channel.socket.nio.AbstractNioSelector.run(AbstractNioSelector.java:337)
	at org.jboss.netty.channel.socket.nio.NioClientBoss.run(NioClientBoss.java:42)
	at org.jboss.netty.util.ThreadRenamingRunnable.run(ThreadRenamingRunnable.java:108)
	at org.jboss.netty.util.internal.DeadLockProofWorker$1.run(DeadLockProofWorker.java:42)
	... 3 more
[2016-04-18 03:03:35,513][TRACE][org.elasticsearch.cluster.service] [node_t1] cluster state updated, source [zen-disco-master_failed ({node_t0}{MSgO3f-9S-yat_4GxxKW6w}{127.0.0.1}{127.0.0.1:9440}[mode=>network])]
version: 13
state uuid: RnS2Gfr1SRWDgE0pds2iuw
from_diff: false
meta data version: 12
blocks: 
   _global_:
      2,no master, blocks WRITE,METADATA_WRITE
nodes: 
   {node_t1}{YucHs-5XRNO-JChWAzIIZg}{127.0.0.1}{127.0.0.1:9441}[mode=>network], local
routing_table (version 11):
-- index [test]
----shard_id [test][0]
--------[test][0], node[MSgO3f-9S-yat_4GxxKW6w], [P], v[3], s[STARTED], a[id=x-5geQ3STLGnkFrhyWIPig]
--------[test][0], node[YucHs-5XRNO-JChWAzIIZg], [R], v[3], s[STARTED], a[id=Z8oM2vxwSmiUDNdNNYmYpA]
----shard_id [test][1]
--------[test][1], node[MSgO3f-9S-yat_4GxxKW6w], [R], v[4], s[STARTED], a[id=L4IKaQHuRgGb1w_n7xmmKQ]
--------[test][1], node[YucHs-5XRNO-JChWAzIIZg], [P], v[4], s[STARTED], a[id=skolItfmTI6mUEyBLn-4fA]
----shard_id [test][2]
--------[test][2], node[MSgO3f-9S-yat_4GxxKW6w], [P], v[3], s[STARTED], a[id=baarSFwkRcq8a9G9hXd1-Q]
--------[test][2], node[YucHs-5XRNO-JChWAzIIZg], [R], v[3], s[STARTED], a[id=RNqthUztR6-DqnLRLToD-Q]
----shard_id [test][3]
--------[test][3], node[MSgO3f-9S-yat_4GxxKW6w], [R], v[4], s[STARTED], a[id=4hIWv-TuSVu4m7J22t3IKw]
--------[test][3], node[YucHs-5XRNO-JChWAzIIZg], [P], v[4], s[STARTED], a[id=_WxhJCFGSNa0eq_monQ5AA]
----shard_id [test][4]
--------[test][4], node[MSgO3f-9S-yat_4GxxKW6w], [P], v[3], s[STARTED], a[id=p6hLZGI1QdCK1ozNkdummA]
--------[test][4], node[YucHs-5XRNO-JChWAzIIZg], [R], v[3], s[STARTED], a[id=0erPpWShQUWr0fCKxTfoYQ]
----shard_id [test][5]
--------[test][5], node[MSgO3f-9S-yat_4GxxKW6w], [R], v[4], s[STARTED], a[id=rmWrwhCARDGyronYRXQ-Tw]
--------[test][5], node[YucHs-5XRNO-JChWAzIIZg], [P], v[4], s[STARTED], a[id=4B5yVDeUTpe5-44KssB7xg]
----shard_id [test][6]
--------[test][6], node[MSgO3f-9S-yat_4GxxKW6w], [P], v[4], s[STARTED], a[id=QQlSOWl8SkCKZXtQEROoqQ]
--------[test][6], node[YucHs-5XRNO-JChWAzIIZg], [R], v[4], s[STARTED], a[id=lhxXACDDRmi5eofyvUh5ww]
----shard_id [test][7]
--------[test][7], node[MSgO3f-9S-yat_4GxxKW6w], [R], v[4], s[STARTED], a[id=hBEBhcFsRjar-iu3US6PCw]
--------[test][7], node[YucHs-5XRNO-JChWAzIIZg], [P], v[4], s[STARTED], a[id=_q3o1C7eRoG3whwcdLSwbQ]
----shard_id [test][8]
--------[test][8], node[MSgO3f-9S-yat_4GxxKW6w], [P], v[4], s[STARTED], a[id=JTQGnxGwQleYyzPdjZNnWg]
--------[test][8], node[YucHs-5XRNO-JChWAzIIZg], [R], v[4], s[STARTED], a[id=uERXgJeHSeixZcO4CmIKeQ]

routing_nodes:
-----node_id[MSgO3f-9S-yat_4GxxKW6w][X]
--------[test][3], node[MSgO3f-9S-yat_4GxxKW6w], [R], v[4], s[STARTED], a[id=4hIWv-TuSVu4m7J22t3IKw]
--------[test][2], node[MSgO3f-9S-yat_4GxxKW6w], [P], v[3], s[STARTED], a[id=baarSFwkRcq8a9G9hXd1-Q]
--------[test][4], node[MSgO3f-9S-yat_4GxxKW6w], [P], v[3], s[STARTED], a[id=p6hLZGI1QdCK1ozNkdummA]
--------[test][8], node[MSgO3f-9S-yat_4GxxKW6w], [P], v[4], s[STARTED], a[id=JTQGnxGwQleYyzPdjZNnWg]
--------[test][6], node[MSgO3f-9S-yat_4GxxKW6w], [P], v[4], s[STARTED], a[id=QQlSOWl8SkCKZXtQEROoqQ]
--------[test][1], node[MSgO3f-9S-yat_4GxxKW6w], [R], v[4], s[STARTED], a[id=L4IKaQHuRgGb1w_n7xmmKQ]
--------[test][7], node[MSgO3f-9S-yat_4GxxKW6w], [R], v[4], s[STARTED], a[id=hBEBhcFsRjar-iu3US6PCw]
--------[test][5], node[MSgO3f-9S-yat_4GxxKW6w], [R], v[4], s[STARTED], a[id=rmWrwhCARDGyronYRXQ-Tw]
--------[test][0], node[MSgO3f-9S-yat_4GxxKW6w], [P], v[3], s[STARTED], a[id=x-5geQ3STLGnkFrhyWIPig]
-----node_id[YucHs-5XRNO-JChWAzIIZg][V]
--------[test][3], node[YucHs-5XRNO-JChWAzIIZg], [P], v[4], s[STARTED], a[id=_WxhJCFGSNa0eq_monQ5AA]
--------[test][2], node[YucHs-5XRNO-JChWAzIIZg], [R], v[3], s[STARTED], a[id=RNqthUztR6-DqnLRLToD-Q]
--------[test][4], node[YucHs-5XRNO-JChWAzIIZg], [R], v[3], s[STARTED], a[id=0erPpWShQUWr0fCKxTfoYQ]
--------[test][8], node[YucHs-5XRNO-JChWAzIIZg], [R], v[4], s[STARTED], a[id=uERXgJeHSeixZcO4CmIKeQ]
--------[test][6], node[YucHs-5XRNO-JChWAzIIZg], [R], v[4], s[STARTED], a[id=lhxXACDDRmi5eofyvUh5ww]
--------[test][1], node[YucHs-5XRNO-JChWAzIIZg], [P], v[4], s[STARTED], a[id=skolItfmTI6mUEyBLn-4fA]
--------[test][7], node[YucHs-5XRNO-JChWAzIIZg], [P], v[4], s[STARTED], a[id=_q3o1C7eRoG3whwcdLSwbQ]
--------[test][5], node[YucHs-5XRNO-JChWAzIIZg], [P], v[4], s[STARTED], a[id=4B5yVDeUTpe5-44KssB7xg]
--------[test][0], node[YucHs-5XRNO-JChWAzIIZg], [R], v[3], s[STARTED], a[id=Z8oM2vxwSmiUDNdNNYmYpA]
---- unassigned

[2016-04-18 03:03:35,513][TRACE][org.elasticsearch.discovery.zen.ping.unicast] [node_t1] [2] connected to {#zen_unicast_7#}{::1}{[::1]:9441}
[2016-04-18 03:03:35,513][TRACE][org.elasticsearch.discovery.zen.ping.unicast] [node_t1] [2] failed to connect to {node_t0}{MSgO3f-9S-yat_4GxxKW6w}{127.0.0.1}{127.0.0.1:9440}[mode=>network]
ConnectTransportException[[node_t0][127.0.0.1:9440] connect_timeout[30s]]; nested: ConnectException[Connection refused: /127.0.0.1:9440];
	at org.elasticsearch.transport.netty.NettyTransport.connectToChannels(NettyTransport.java:989)
	at org.elasticsearch.transport.netty.NettyTransport.connectToNode(NettyTransport.java:922)
	at org.elasticsearch.transport.netty.NettyTransport.connectToNode(NettyTransport.java:895)
	at org.elasticsearch.test.transport.MockTransportService$LookupTestTransport.connectToNode(MockTransportService.java:408)
	at org.elasticsearch.transport.TransportService.connectToNode(TransportService.java:235)
	at org.elasticsearch.discovery.zen.ping.unicast.UnicastZenPing$3.run(UnicastZenPing.java:398)
	at java.util.concurrent.ThreadPoolExecutor.runWorker(ThreadPoolExecutor.java:1142)
	at java.util.concurrent.ThreadPoolExecutor$Worker.run(ThreadPoolExecutor.java:617)
	at java.lang.Thread.run(Thread.java:745)
Caused by: java.net.ConnectException: Connection refused: /127.0.0.1:9440
	at sun.nio.ch.SocketChannelImpl.checkConnect(Native Method)
	at sun.nio.ch.SocketChannelImpl.finishConnect(SocketChannelImpl.java:717)
	at org.jboss.netty.channel.socket.nio.NioClientBoss.connect(NioClientBoss.java:152)
	at org.jboss.netty.channel.socket.nio.NioClientBoss.processSelectedKeys(NioClientBoss.java:105)
	at org.jboss.netty.channel.socket.nio.NioClientBoss.process(NioClientBoss.java:79)
	at org.jboss.netty.channel.socket.nio.AbstractNioSelector.run(AbstractNioSelector.java:337)
	at org.jboss.netty.channel.socket.nio.NioClientBoss.run(NioClientBoss.java:42)
	at org.jboss.netty.util.ThreadRenamingRunnable.run(ThreadRenamingRunnable.java:108)
	at org.jboss.netty.util.internal.DeadLockProofWorker$1.run(DeadLockProofWorker.java:42)
	... 3 more
[2016-04-18 03:03:35,516][INFO ][org.elasticsearch.cluster.service] [node_t1] removed {{node_t0}{MSgO3f-9S-yat_4GxxKW6w}{127.0.0.1}{127.0.0.1:9440}[mode=>network],}, reason: zen-disco-master_failed ({node_t0}{MSgO3f-9S-yat_4GxxKW6w}{127.0.0.1}{127.0.0.1:9440}[mode=>network])
[2016-04-18 03:03:35,516][TRACE][org.elasticsearch.discovery.zen.ping.unicast] [node_t1] [2] sending to {#zen_unicast_7#}{::1}{[::1]:9441}
[2016-04-18 03:03:35,516][DEBUG][org.elasticsearch.cluster.service] [node_t1] set local cluster state to version 13
[2016-04-18 03:03:35,517][TRACE][org.elasticsearch.discovery.zen.ping.unicast] [node_t1] [2] received response from {#zen_unicast_7#}{::1}{[::1]:9441}: [ping_response{node [{node_t1}{YucHs-5XRNO-JChWAzIIZg}{127.0.0.1}{127.0.0.1:9441}[mode=>network]], id[372], master [{node_t0}{MSgO3f-9S-yat_4GxxKW6w}{127.0.0.1}{127.0.0.1:9440}[mode=>network]], hasJoinedOnce [true], cluster_name[TEST-CHILD_VM=[0]-CLUSTER_SEED=[-7449427405447180618]-HASH=[2645B46835F9]-cluster]}, ping_response{node [{node_t1}{YucHs-5XRNO-JChWAzIIZg}{127.0.0.1}{127.0.0.1:9441}[mode=>network]], id[372], master [{node_t0}{MSgO3f-9S-yat_4GxxKW6w}{127.0.0.1}{127.0.0.1:9440}[mode=>network]], hasJoinedOnce [true], cluster_name[TEST-CHILD_VM=[0]-CLUSTER_SEED=[-7449427405447180618]-HASH=[2645B46835F9]-cluster]}, ping_response{node [{node_t1}{YucHs-5XRNO-JChWAzIIZg}{127.0.0.1}{127.0.0.1:9441}[mode=>network]], id[372], master [{node_t0}{MSgO3f-9S-yat_4GxxKW6w}{127.0.0.1}{127.0.0.1:9440}[mode=>network]], hasJoinedOnce [true], cluster_name[TEST-CHILD_VM=[0]-CLUSTER_SEED=[-7449427405447180618]-HASH=[2645B46835F9]-cluster]}, ping_response{node [{node_t1}{YucHs-5XRNO-JChWAzIIZg}{127.0.0.1}{127.0.0.1:9441}[mode=>network]], id[375], master [null], hasJoinedOnce [true], cluster_name[TEST-CHILD_VM=[0]-CLUSTER_SEED=[-7449427405447180618]-HASH=[2645B46835F9]-cluster]}]
[2016-04-18 03:03:35,517][DEBUG][org.elasticsearch.cluster.service] [node_t1] processing [zen-disco-master_failed ({node_t0}{MSgO3f-9S-yat_4GxxKW6w}{127.0.0.1}{127.0.0.1:9440}[mode=>network])]: took 5ms done applying updated cluster_state (version: 13, uuid: RnS2Gfr1SRWDgE0pds2iuw)
[2016-04-18 03:03:35,526][TRACE][org.elasticsearch.transport.tracer] [transport_client_node_t1] [9][cluster:monitor/state] sent to [{node_t1}{YucHs-5XRNO-JChWAzIIZg}{127.0.0.1}{127.0.0.1:9441}[mode=>network]] (timeout: [null])
[2016-04-18 03:03:35,527][TRACE][org.elasticsearch.transport.tracer] [transport_client_node_t1] [9][cluster:monitor/state] received response from [{node_t1}{YucHs-5XRNO-JChWAzIIZg}{127.0.0.1}{127.0.0.1:9441}[mode=>network]]
[2016-04-18 03:03:35,544][DEBUG][org.elasticsearch.discovery.zen.elect] [node_t2] using minimum_master_nodes [2]
[2016-04-18 03:03:35,545][DEBUG][org.elasticsearch.discovery.zen.ping.unicast] [node_t2] using initial hosts [127.0.0.1, [::1]], with concurrent_connects [10]
[2016-04-18 03:03:35,545][DEBUG][org.elasticsearch.discovery.zen] [node_t2] using ping_timeout [200ms], join.timeout [4s], master_election.filter_client [true], master_election.filter_data [false]
[2016-04-18 03:03:35,545][DEBUG][org.elasticsearch.discovery.zen.fd] [node_t2] [master] uses ping_interval [1s], ping_timeout [30s], ping_retries [3]
[2016-04-18 03:03:35,545][DEBUG][org.elasticsearch.discovery.zen.fd] [node_t2] [node  ] uses ping_interval [1s], ping_timeout [30s], ping_retries [3]
[2016-04-18 03:03:35,546][DEBUG][org.elasticsearch.gateway] [node_t2] using initial_shards [quorum]
[2016-04-18 03:03:35,551][TRACE][org.elasticsearch.gateway] [node_t2] [upgrade]: processing [global-0.st]
[2016-04-18 03:03:35,551][TRACE][org.elasticsearch.gateway] [node_t2] found state file: [id:0, legacy:false, file:/Users/lwiskowski/CSE2410_spring2016_projectileDysfunction/core/build/testrun/integTest/J0/temp/org.elasticsearch.cluster.MinimumMasterNodesIT_AF876320E2D19F69-001/tempDir-002/data/TEST-CHILD_VM=[0]-CLUSTER_SEED=[-7449427405447180618]-HASH=[2645B46835F9]-cluster/nodes/0/_state/global-0.st]
[2016-04-18 03:03:35,551][TRACE][org.elasticsearch.gateway] [node_t2] state id [0] read from [global-0.st]
[2016-04-18 03:03:35,552][TRACE][org.elasticsearch.gateway] [node_t2] found state file: [id:10, legacy:false, file:/Users/lwiskowski/CSE2410_spring2016_projectileDysfunction/core/build/testrun/integTest/J0/temp/org.elasticsearch.cluster.MinimumMasterNodesIT_AF876320E2D19F69-001/tempDir-002/data/TEST-CHILD_VM=[0]-CLUSTER_SEED=[-7449427405447180618]-HASH=[2645B46835F9]-cluster/nodes/0/indices/test/_state/state-10.st]
[2016-04-18 03:03:35,553][TRACE][org.elasticsearch.gateway] [node_t2] state id [10] read from [state-10.st]
[2016-04-18 03:03:35,553][TRACE][org.elasticsearch.gateway] [node_t2] found state file: [id:0, legacy:false, file:/Users/lwiskowski/CSE2410_spring2016_projectileDysfunction/core/build/testrun/integTest/J0/temp/org.elasticsearch.cluster.MinimumMasterNodesIT_AF876320E2D19F69-001/tempDir-002/data/TEST-CHILD_VM=[0]-CLUSTER_SEED=[-7449427405447180618]-HASH=[2645B46835F9]-cluster/nodes/0/_state/global-0.st]
[2016-04-18 03:03:35,554][TRACE][org.elasticsearch.gateway] [node_t2] state id [0] read from [global-0.st]
[2016-04-18 03:03:35,554][TRACE][org.elasticsearch.gateway] [node_t2] found state file: [id:10, legacy:false, file:/Users/lwiskowski/CSE2410_spring2016_projectileDysfunction/core/build/testrun/integTest/J0/temp/org.elasticsearch.cluster.MinimumMasterNodesIT_AF876320E2D19F69-001/tempDir-002/data/TEST-CHILD_VM=[0]-CLUSTER_SEED=[-7449427405447180618]-HASH=[2645B46835F9]-cluster/nodes/0/indices/test/_state/state-10.st]
[2016-04-18 03:03:35,554][TRACE][org.elasticsearch.gateway] [node_t2] state id [10] read from [state-10.st]
[2016-04-18 03:03:35,554][DEBUG][org.elasticsearch.gateway] [node_t2] took 1ms to load state
[2016-04-18 03:03:35,563][TRACE][org.elasticsearch.cluster.service] [node_t2] will process [initial_join]
[2016-04-18 03:03:35,563][DEBUG][org.elasticsearch.cluster.service] [node_t2] processing [initial_join]: execute
[2016-04-18 03:03:35,563][DEBUG][org.elasticsearch.cluster.service] [node_t2] processing [initial_join]: took 0s no change in cluster_state
[2016-04-18 03:03:35,563][TRACE][org.elasticsearch.discovery.zen] [node_t2] starting to accumulate joins
[2016-04-18 03:03:35,563][TRACE][org.elasticsearch.discovery.zen] [node_t2] starting to ping
[2016-04-18 03:03:35,563][TRACE][org.elasticsearch.discovery.zen.ping.unicast] [node_t2] [1] sending to {node_t2}{zpsanQF7R4u6zEfa6p-Xfw}{127.0.0.1}{127.0.0.1:9440}[mode=>network]
[2016-04-18 03:03:35,563][TRACE][org.elasticsearch.discovery.zen.ping.unicast] [node_t2] [1] received response from {node_t2}{zpsanQF7R4u6zEfa6p-Xfw}{127.0.0.1}{127.0.0.1:9440}[mode=>network]: [ping_response{node [{node_t2}{zpsanQF7R4u6zEfa6p-Xfw}{127.0.0.1}{127.0.0.1:9440}[mode=>network]], id[376], master [null], hasJoinedOnce [false], cluster_name[TEST-CHILD_VM=[0]-CLUSTER_SEED=[-7449427405447180618]-HASH=[2645B46835F9]-cluster]}, ping_response{node [{node_t2}{zpsanQF7R4u6zEfa6p-Xfw}{127.0.0.1}{127.0.0.1:9440}[mode=>network]], id[377], master [null], hasJoinedOnce [false], cluster_name[TEST-CHILD_VM=[0]-CLUSTER_SEED=[-7449427405447180618]-HASH=[2645B46835F9]-cluster]}]
[2016-04-18 03:03:35,564][TRACE][org.elasticsearch.discovery.zen.ping.unicast] [node_t2] [1] connecting (light) to {#zen_unicast_2#}{127.0.0.1}{127.0.0.1:9441}
[2016-04-18 03:03:35,564][TRACE][org.elasticsearch.discovery.zen.ping.unicast] [node_t2] [1] connecting (light) to {#zen_unicast_3#}{127.0.0.1}{127.0.0.1:9442}
[2016-04-18 03:03:35,564][TRACE][org.elasticsearch.discovery.zen.ping.unicast] [node_t2] [1] connecting (light) to {#zen_unicast_4#}{127.0.0.1}{127.0.0.1:9443}
[2016-04-18 03:03:35,564][TRACE][org.elasticsearch.discovery.zen.ping.unicast] [node_t2] [1] connecting (light) to {#zen_unicast_5#}{127.0.0.1}{127.0.0.1:9444}
[2016-04-18 03:03:35,564][TRACE][org.elasticsearch.discovery.zen.ping.unicast] [node_t2] [1] connecting (light) to {#zen_unicast_6#}{::1}{[::1]:9440}
[2016-04-18 03:03:35,564][TRACE][org.elasticsearch.discovery.zen.ping.unicast] [node_t2] [1] connecting (light) to {#zen_unicast_7#}{::1}{[::1]:9441}
[2016-04-18 03:03:35,564][TRACE][org.elasticsearch.discovery.zen.ping.unicast] [node_t2] [1] connecting (light) to {#zen_unicast_8#}{::1}{[::1]:9442}
[2016-04-18 03:03:35,564][TRACE][org.elasticsearch.discovery.zen.ping.unicast] [node_t2] [1] failed to connect to {#zen_unicast_4#}{127.0.0.1}{127.0.0.1:9443}
ConnectTransportException[[][127.0.0.1:9443] connect_timeout[30s]]; nested: ConnectException[Connection refused: /127.0.0.1:9443];
	at org.elasticsearch.transport.netty.NettyTransport.connectToChannelsLight(NettyTransport.java:954)
	at org.elasticsearch.transport.netty.NettyTransport.connectToNode(NettyTransport.java:918)
	at org.elasticsearch.transport.netty.NettyTransport.connectToNodeLight(NettyTransport.java:890)
	at org.elasticsearch.test.transport.MockTransportService$LookupTestTransport.connectToNodeLight(MockTransportService.java:413)
	at org.elasticsearch.transport.TransportService.connectToNodeLight(TransportService.java:242)
	at org.elasticsearch.discovery.zen.ping.unicast.UnicastZenPing$3.run(UnicastZenPing.java:395)
	at java.util.concurrent.ThreadPoolExecutor.runWorker(ThreadPoolExecutor.java:1142)
	at java.util.concurrent.ThreadPoolExecutor$Worker.run(ThreadPoolExecutor.java:617)
	at java.lang.Thread.run(Thread.java:745)
Caused by: java.net.ConnectException: Connection refused: /127.0.0.1:9443
	at sun.nio.ch.SocketChannelImpl.checkConnect(Native Method)
	at sun.nio.ch.SocketChannelImpl.finishConnect(SocketChannelImpl.java:717)
	at org.jboss.netty.channel.socket.nio.NioClientBoss.connect(NioClientBoss.java:152)
	at org.jboss.netty.channel.socket.nio.NioClientBoss.processSelectedKeys(NioClientBoss.java:105)
	at org.jboss.netty.channel.socket.nio.NioClientBoss.process(NioClientBoss.java:79)
	at org.jboss.netty.channel.socket.nio.AbstractNioSelector.run(AbstractNioSelector.java:337)
	at org.jboss.netty.channel.socket.nio.NioClientBoss.run(NioClientBoss.java:42)
	at org.jboss.netty.util.ThreadRenamingRunnable.run(ThreadRenamingRunnable.java:108)
	at org.jboss.netty.util.internal.DeadLockProofWorker$1.run(DeadLockProofWorker.java:42)
	... 3 more
[2016-04-18 03:03:35,565][TRACE][org.elasticsearch.discovery.zen.ping.unicast] [node_t2] [1] failed to connect to {#zen_unicast_5#}{127.0.0.1}{127.0.0.1:9444}
ConnectTransportException[[][127.0.0.1:9444] connect_timeout[30s]]; nested: ConnectException[Connection refused: /127.0.0.1:9444];
	at org.elasticsearch.transport.netty.NettyTransport.connectToChannelsLight(NettyTransport.java:954)
	at org.elasticsearch.transport.netty.NettyTransport.connectToNode(NettyTransport.java:918)
	at org.elasticsearch.transport.netty.NettyTransport.connectToNodeLight(NettyTransport.java:890)
	at org.elasticsearch.test.transport.MockTransportService$LookupTestTransport.connectToNodeLight(MockTransportService.java:413)
	at org.elasticsearch.transport.TransportService.connectToNodeLight(TransportService.java:242)
	at org.elasticsearch.discovery.zen.ping.unicast.UnicastZenPing$3.run(UnicastZenPing.java:395)
	at java.util.concurrent.ThreadPoolExecutor.runWorker(ThreadPoolExecutor.java:1142)
	at java.util.concurrent.ThreadPoolExecutor$Worker.run(ThreadPoolExecutor.java:617)
	at java.lang.Thread.run(Thread.java:745)
Caused by: java.net.ConnectException: Connection refused: /127.0.0.1:9444
	at sun.nio.ch.SocketChannelImpl.checkConnect(Native Method)
	at sun.nio.ch.SocketChannelImpl.finishConnect(SocketChannelImpl.java:717)
	at org.jboss.netty.channel.socket.nio.NioClientBoss.connect(NioClientBoss.java:152)
	at org.jboss.netty.channel.socket.nio.NioClientBoss.processSelectedKeys(NioClientBoss.java:105)
	at org.jboss.netty.channel.socket.nio.NioClientBoss.process(NioClientBoss.java:79)
	at org.jboss.netty.channel.socket.nio.AbstractNioSelector.run(AbstractNioSelector.java:337)
	at org.jboss.netty.channel.socket.nio.NioClientBoss.run(NioClientBoss.java:42)
	at org.jboss.netty.util.ThreadRenamingRunnable.run(ThreadRenamingRunnable.java:108)
	at org.jboss.netty.util.internal.DeadLockProofWorker$1.run(DeadLockProofWorker.java:42)
	... 3 more
[2016-04-18 03:03:35,565][TRACE][org.elasticsearch.discovery.zen.ping.unicast] [node_t2] [1] failed to connect to {#zen_unicast_8#}{::1}{[::1]:9442}
ConnectTransportException[[][[::1]:9442] connect_timeout[30s]]; nested: ConnectException[Connection refused: /0:0:0:0:0:0:0:1:9442];
	at org.elasticsearch.transport.netty.NettyTransport.connectToChannelsLight(NettyTransport.java:954)
	at org.elasticsearch.transport.netty.NettyTransport.connectToNode(NettyTransport.java:918)
	at org.elasticsearch.transport.netty.NettyTransport.connectToNodeLight(NettyTransport.java:890)
	at org.elasticsearch.test.transport.MockTransportService$LookupTestTransport.connectToNodeLight(MockTransportService.java:413)
	at org.elasticsearch.transport.TransportService.connectToNodeLight(TransportService.java:242)
	at org.elasticsearch.discovery.zen.ping.unicast.UnicastZenPing$3.run(UnicastZenPing.java:395)
	at java.util.concurrent.ThreadPoolExecutor.runWorker(ThreadPoolExecutor.java:1142)
	at java.util.concurrent.ThreadPoolExecutor$Worker.run(ThreadPoolExecutor.java:617)
	at java.lang.Thread.run(Thread.java:745)
Caused by: java.net.ConnectException: Connection refused: /0:0:0:0:0:0:0:1:9442
	at sun.nio.ch.SocketChannelImpl.checkConnect(Native Method)
	at sun.nio.ch.SocketChannelImpl.finishConnect(SocketChannelImpl.java:717)
	at org.jboss.netty.channel.socket.nio.NioClientBoss.connect(NioClientBoss.java:152)
	at org.jboss.netty.channel.socket.nio.NioClientBoss.processSelectedKeys(NioClientBoss.java:105)
	at org.jboss.netty.channel.socket.nio.NioClientBoss.process(NioClientBoss.java:79)
	at org.jboss.netty.channel.socket.nio.AbstractNioSelector.run(AbstractNioSelector.java:337)
	at org.jboss.netty.channel.socket.nio.NioClientBoss.run(NioClientBoss.java:42)
	at org.jboss.netty.util.ThreadRenamingRunnable.run(ThreadRenamingRunnable.java:108)
	at org.jboss.netty.util.internal.DeadLockProofWorker$1.run(DeadLockProofWorker.java:42)
	... 3 more
[2016-04-18 03:03:35,564][TRACE][org.elasticsearch.discovery.zen.ping.unicast] [node_t2] [1] connecting (light) to {#zen_unicast_10#}{::1}{[::1]:9444}
[2016-04-18 03:03:35,564][TRACE][org.elasticsearch.discovery.zen.ping.unicast] [node_t2] [1] sending to {node_t2}{zpsanQF7R4u6zEfa6p-Xfw}{127.0.0.1}{127.0.0.1:9440}[mode=>network]
[2016-04-18 03:03:35,564][TRACE][org.elasticsearch.discovery.zen.ping.unicast] [node_t2] [1] connecting (light) to {#zen_unicast_9#}{::1}{[::1]:9443}
[2016-04-18 03:03:35,565][TRACE][org.elasticsearch.discovery.zen.ping.unicast] [node_t2] [1] connected to {#zen_unicast_7#}{::1}{[::1]:9441}
[2016-04-18 03:03:35,565][TRACE][org.elasticsearch.discovery.zen.ping.unicast] [node_t2] [1] connected to {#zen_unicast_6#}{::1}{[::1]:9440}
[2016-04-18 03:03:35,565][TRACE][org.elasticsearch.discovery.zen.ping.unicast] [node_t2] [1] sending to {#zen_unicast_7#}{::1}{[::1]:9441}
[2016-04-18 03:03:35,565][TRACE][org.elasticsearch.discovery.zen.ping.unicast] [node_t2] [1] sending to {#zen_unicast_6#}{::1}{[::1]:9440}
[2016-04-18 03:03:35,565][TRACE][org.elasticsearch.discovery.zen.ping.unicast] [node_t2] [1] connected to {#zen_unicast_2#}{127.0.0.1}{127.0.0.1:9441}
[2016-04-18 03:03:35,565][TRACE][org.elasticsearch.discovery.zen.ping.unicast] [node_t2] [1] sending to {#zen_unicast_2#}{127.0.0.1}{127.0.0.1:9441}
[2016-04-18 03:03:35,565][TRACE][org.elasticsearch.discovery.zen.ping.unicast] [node_t2] [1] failed to connect to {#zen_unicast_3#}{127.0.0.1}{127.0.0.1:9442}
ConnectTransportException[[][127.0.0.1:9442] connect_timeout[30s]]; nested: ConnectException[Connection refused: /127.0.0.1:9442];
	at org.elasticsearch.transport.netty.NettyTransport.connectToChannelsLight(NettyTransport.java:954)
	at org.elasticsearch.transport.netty.NettyTransport.connectToNode(NettyTransport.java:918)
	at org.elasticsearch.transport.netty.NettyTransport.connectToNodeLight(NettyTransport.java:890)
	at org.elasticsearch.test.transport.MockTransportService$LookupTestTransport.connectToNodeLight(MockTransportService.java:413)
	at org.elasticsearch.transport.TransportService.connectToNodeLight(TransportService.java:242)
	at org.elasticsearch.discovery.zen.ping.unicast.UnicastZenPing$3.run(UnicastZenPing.java:395)
	at java.util.concurrent.ThreadPoolExecutor.runWorker(ThreadPoolExecutor.java:1142)
	at java.util.concurrent.ThreadPoolExecutor$Worker.run(ThreadPoolExecutor.java:617)
	at java.lang.Thread.run(Thread.java:745)
Caused by: java.net.ConnectException: Connection refused: /127.0.0.1:9442
	at sun.nio.ch.SocketChannelImpl.checkConnect(Native Method)
	at sun.nio.ch.SocketChannelImpl.finishConnect(SocketChannelImpl.java:717)
	at org.jboss.netty.channel.socket.nio.NioClientBoss.connect(NioClientBoss.java:152)
	at org.jboss.netty.channel.socket.nio.NioClientBoss.processSelectedKeys(NioClientBoss.java:105)
	at org.jboss.netty.channel.socket.nio.NioClientBoss.process(NioClientBoss.java:79)
	at org.jboss.netty.channel.socket.nio.AbstractNioSelector.run(AbstractNioSelector.java:337)
	at org.jboss.netty.channel.socket.nio.NioClientBoss.run(NioClientBoss.java:42)
	at org.jboss.netty.util.ThreadRenamingRunnable.run(ThreadRenamingRunnable.java:108)
	at org.jboss.netty.util.internal.DeadLockProofWorker$1.run(DeadLockProofWorker.java:42)
	... 3 more
[2016-04-18 03:03:35,566][TRACE][org.elasticsearch.discovery.zen.ping.unicast] [node_t2] [1] failed to connect to {#zen_unicast_9#}{::1}{[::1]:9443}
ConnectTransportException[[][[::1]:9443] connect_timeout[30s]]; nested: ConnectException[Connection refused: /0:0:0:0:0:0:0:1:9443];
	at org.elasticsearch.transport.netty.NettyTransport.connectToChannelsLight(NettyTransport.java:954)
	at org.elasticsearch.transport.netty.NettyTransport.connectToNode(NettyTransport.java:918)
	at org.elasticsearch.transport.netty.NettyTransport.connectToNodeLight(NettyTransport.java:890)
	at org.elasticsearch.test.transport.MockTransportService$LookupTestTransport.connectToNodeLight(MockTransportService.java:413)
	at org.elasticsearch.transport.TransportService.connectToNodeLight(TransportService.java:242)
	at org.elasticsearch.discovery.zen.ping.unicast.UnicastZenPing$3.run(UnicastZenPing.java:395)
	at java.util.concurrent.ThreadPoolExecutor.runWorker(ThreadPoolExecutor.java:1142)
	at java.util.concurrent.ThreadPoolExecutor$Worker.run(ThreadPoolExecutor.java:617)
	at java.lang.Thread.run(Thread.java:745)
Caused by: java.net.ConnectException: Connection refused: /0:0:0:0:0:0:0:1:9443
	at sun.nio.ch.SocketChannelImpl.checkConnect(Native Method)
	at sun.nio.ch.SocketChannelImpl.finishConnect(SocketChannelImpl.java:717)
	at org.jboss.netty.channel.socket.nio.NioClientBoss.connect(NioClientBoss.java:152)
	at org.jboss.netty.channel.socket.nio.NioClientBoss.processSelectedKeys(NioClientBoss.java:105)
	at org.jboss.netty.channel.socket.nio.NioClientBoss.process(NioClientBoss.java:79)
	at org.jboss.netty.channel.socket.nio.AbstractNioSelector.run(AbstractNioSelector.java:337)
	at org.jboss.netty.channel.socket.nio.NioClientBoss.run(NioClientBoss.java:42)
	at org.jboss.netty.util.ThreadRenamingRunnable.run(ThreadRenamingRunnable.java:108)
	at org.jboss.netty.util.internal.DeadLockProofWorker$1.run(DeadLockProofWorker.java:42)
	... 3 more
[2016-04-18 03:03:35,566][TRACE][org.elasticsearch.discovery.zen.ping.unicast] [node_t2] [1] failed to connect to {#zen_unicast_10#}{::1}{[::1]:9444}
ConnectTransportException[[][[::1]:9444] connect_timeout[30s]]; nested: ConnectException[Connection refused: /0:0:0:0:0:0:0:1:9444];
	at org.elasticsearch.transport.netty.NettyTransport.connectToChannelsLight(NettyTransport.java:954)
	at org.elasticsearch.transport.netty.NettyTransport.connectToNode(NettyTransport.java:918)
	at org.elasticsearch.transport.netty.NettyTransport.connectToNodeLight(NettyTransport.java:890)
	at org.elasticsearch.test.transport.MockTransportService$LookupTestTransport.connectToNodeLight(MockTransportService.java:413)
	at org.elasticsearch.transport.TransportService.connectToNodeLight(TransportService.java:242)
	at org.elasticsearch.discovery.zen.ping.unicast.UnicastZenPing$3.run(UnicastZenPing.java:395)
	at java.util.concurrent.ThreadPoolExecutor.runWorker(ThreadPoolExecutor.java:1142)
	at java.util.concurrent.ThreadPoolExecutor$Worker.run(ThreadPoolExecutor.java:617)
	at java.lang.Thread.run(Thread.java:745)
Caused by: java.net.ConnectException: Connection refused: /0:0:0:0:0:0:0:1:9444
	at sun.nio.ch.SocketChannelImpl.checkConnect(Native Method)
	at sun.nio.ch.SocketChannelImpl.finishConnect(SocketChannelImpl.java:717)
	at org.jboss.netty.channel.socket.nio.NioClientBoss.connect(NioClientBoss.java:152)
	at org.jboss.netty.channel.socket.nio.NioClientBoss.processSelectedKeys(NioClientBoss.java:105)
	at org.jboss.netty.channel.socket.nio.NioClientBoss.process(NioClientBoss.java:79)
	at org.jboss.netty.channel.socket.nio.AbstractNioSelector.run(AbstractNioSelector.java:337)
	at org.jboss.netty.channel.socket.nio.NioClientBoss.run(NioClientBoss.java:42)
	at org.jboss.netty.util.ThreadRenamingRunnable.run(ThreadRenamingRunnable.java:108)
	at org.jboss.netty.util.internal.DeadLockProofWorker$1.run(DeadLockProofWorker.java:42)
	... 3 more
[2016-04-18 03:03:35,566][TRACE][org.elasticsearch.discovery.zen.ping.unicast] [node_t2] [1] received response from {#zen_unicast_7#}{::1}{[::1]:9441}: [ping_response{node [{node_t1}{YucHs-5XRNO-JChWAzIIZg}{127.0.0.1}{127.0.0.1:9441}[mode=>network]], id[372], master [{node_t0}{MSgO3f-9S-yat_4GxxKW6w}{127.0.0.1}{127.0.0.1:9440}[mode=>network]], hasJoinedOnce [true], cluster_name[TEST-CHILD_VM=[0]-CLUSTER_SEED=[-7449427405447180618]-HASH=[2645B46835F9]-cluster]}, ping_response{node [{node_t1}{YucHs-5XRNO-JChWAzIIZg}{127.0.0.1}{127.0.0.1:9441}[mode=>network]], id[372], master [{node_t0}{MSgO3f-9S-yat_4GxxKW6w}{127.0.0.1}{127.0.0.1:9440}[mode=>network]], hasJoinedOnce [true], cluster_name[TEST-CHILD_VM=[0]-CLUSTER_SEED=[-7449427405447180618]-HASH=[2645B46835F9]-cluster]}, ping_response{node [{node_t1}{YucHs-5XRNO-JChWAzIIZg}{127.0.0.1}{127.0.0.1:9441}[mode=>network]], id[372], master [{node_t0}{MSgO3f-9S-yat_4GxxKW6w}{127.0.0.1}{127.0.0.1:9440}[mode=>network]], hasJoinedOnce [true], cluster_name[TEST-CHILD_VM=[0]-CLUSTER_SEED=[-7449427405447180618]-HASH=[2645B46835F9]-cluster]}, ping_response{node [{node_t2}{zpsanQF7R4u6zEfa6p-Xfw}{127.0.0.1}{127.0.0.1:9440}[mode=>network]], id[376], master [null], hasJoinedOnce [false], cluster_name[TEST-CHILD_VM=[0]-CLUSTER_SEED=[-7449427405447180618]-HASH=[2645B46835F9]-cluster]}, ping_response{node [{node_t1}{YucHs-5XRNO-JChWAzIIZg}{127.0.0.1}{127.0.0.1:9441}[mode=>network]], id[379], master [null], hasJoinedOnce [true], cluster_name[TEST-CHILD_VM=[0]-CLUSTER_SEED=[-7449427405447180618]-HASH=[2645B46835F9]-cluster]}]
[2016-04-18 03:03:35,565][TRACE][org.elasticsearch.discovery.zen.ping.unicast] [node_t2] [1] received response from {node_t2}{zpsanQF7R4u6zEfa6p-Xfw}{127.0.0.1}{127.0.0.1:9440}[mode=>network]: [ping_response{node [{node_t2}{zpsanQF7R4u6zEfa6p-Xfw}{127.0.0.1}{127.0.0.1:9440}[mode=>network]], id[376], master [null], hasJoinedOnce [false], cluster_name[TEST-CHILD_VM=[0]-CLUSTER_SEED=[-7449427405447180618]-HASH=[2645B46835F9]-cluster]}, ping_response{node [{node_t2}{zpsanQF7R4u6zEfa6p-Xfw}{127.0.0.1}{127.0.0.1:9440}[mode=>network]], id[376], master [null], hasJoinedOnce [false], cluster_name[TEST-CHILD_VM=[0]-CLUSTER_SEED=[-7449427405447180618]-HASH=[2645B46835F9]-cluster]}, ping_response{node [{node_t2}{zpsanQF7R4u6zEfa6p-Xfw}{127.0.0.1}{127.0.0.1:9440}[mode=>network]], id[378], master [null], hasJoinedOnce [false], cluster_name[TEST-CHILD_VM=[0]-CLUSTER_SEED=[-7449427405447180618]-HASH=[2645B46835F9]-cluster]}]
[2016-04-18 03:03:35,566][TRACE][org.elasticsearch.discovery.zen.ping.unicast] [node_t2] [1] received response from {#zen_unicast_6#}{::1}{[::1]:9440}: [ping_response{node [{node_t2}{zpsanQF7R4u6zEfa6p-Xfw}{127.0.0.1}{127.0.0.1:9440}[mode=>network]], id[376], master [null], hasJoinedOnce [false], cluster_name[TEST-CHILD_VM=[0]-CLUSTER_SEED=[-7449427405447180618]-HASH=[2645B46835F9]-cluster]}, ping_response{node [{node_t2}{zpsanQF7R4u6zEfa6p-Xfw}{127.0.0.1}{127.0.0.1:9440}[mode=>network]], id[376], master [null], hasJoinedOnce [false], cluster_name[TEST-CHILD_VM=[0]-CLUSTER_SEED=[-7449427405447180618]-HASH=[2645B46835F9]-cluster]}, ping_response{node [{node_t2}{zpsanQF7R4u6zEfa6p-Xfw}{127.0.0.1}{127.0.0.1:9440}[mode=>network]], id[376], master [null], hasJoinedOnce [false], cluster_name[TEST-CHILD_VM=[0]-CLUSTER_SEED=[-7449427405447180618]-HASH=[2645B46835F9]-cluster]}, ping_response{node [{node_t2}{zpsanQF7R4u6zEfa6p-Xfw}{127.0.0.1}{127.0.0.1:9440}[mode=>network]], id[381], master [null], hasJoinedOnce [false], cluster_name[TEST-CHILD_VM=[0]-CLUSTER_SEED=[-7449427405447180618]-HASH=[2645B46835F9]-cluster]}]
[2016-04-18 03:03:35,566][TRACE][org.elasticsearch.discovery.zen.ping.unicast] [node_t2] [1] received response from {#zen_unicast_2#}{127.0.0.1}{127.0.0.1:9441}: [ping_response{node [{node_t1}{YucHs-5XRNO-JChWAzIIZg}{127.0.0.1}{127.0.0.1:9441}[mode=>network]], id[372], master [{node_t0}{MSgO3f-9S-yat_4GxxKW6w}{127.0.0.1}{127.0.0.1:9440}[mode=>network]], hasJoinedOnce [true], cluster_name[TEST-CHILD_VM=[0]-CLUSTER_SEED=[-7449427405447180618]-HASH=[2645B46835F9]-cluster]}, ping_response{node [{node_t1}{YucHs-5XRNO-JChWAzIIZg}{127.0.0.1}{127.0.0.1:9441}[mode=>network]], id[372], master [{node_t0}{MSgO3f-9S-yat_4GxxKW6w}{127.0.0.1}{127.0.0.1:9440}[mode=>network]], hasJoinedOnce [true], cluster_name[TEST-CHILD_VM=[0]-CLUSTER_SEED=[-7449427405447180618]-HASH=[2645B46835F9]-cluster]}, ping_response{node [{node_t1}{YucHs-5XRNO-JChWAzIIZg}{127.0.0.1}{127.0.0.1:9441}[mode=>network]], id[372], master [{node_t0}{MSgO3f-9S-yat_4GxxKW6w}{127.0.0.1}{127.0.0.1:9440}[mode=>network]], hasJoinedOnce [true], cluster_name[TEST-CHILD_VM=[0]-CLUSTER_SEED=[-7449427405447180618]-HASH=[2645B46835F9]-cluster]}, ping_response{node [{node_t2}{zpsanQF7R4u6zEfa6p-Xfw}{127.0.0.1}{127.0.0.1:9440}[mode=>network]], id[376], master [null], hasJoinedOnce [false], cluster_name[TEST-CHILD_VM=[0]-CLUSTER_SEED=[-7449427405447180618]-HASH=[2645B46835F9]-cluster]}, ping_response{node [{node_t2}{zpsanQF7R4u6zEfa6p-Xfw}{127.0.0.1}{127.0.0.1:9440}[mode=>network]], id[376], master [null], hasJoinedOnce [false], cluster_name[TEST-CHILD_VM=[0]-CLUSTER_SEED=[-7449427405447180618]-HASH=[2645B46835F9]-cluster]}, ping_response{node [{node_t1}{YucHs-5XRNO-JChWAzIIZg}{127.0.0.1}{127.0.0.1:9441}[mode=>network]], id[380], master [null], hasJoinedOnce [true], cluster_name[TEST-CHILD_VM=[0]-CLUSTER_SEED=[-7449427405447180618]-HASH=[2645B46835F9]-cluster]}]
[2016-04-18 03:03:35,616][TRACE][org.elasticsearch.discovery.zen.ping.unicast] [node_t1] [2] sending to {node_t1}{YucHs-5XRNO-JChWAzIIZg}{127.0.0.1}{127.0.0.1:9441}[mode=>network]
[2016-04-18 03:03:35,616][TRACE][org.elasticsearch.discovery.zen.ping.unicast] [node_t1] [2] received response from {node_t1}{YucHs-5XRNO-JChWAzIIZg}{127.0.0.1}{127.0.0.1:9441}[mode=>network]: [ping_response{node [{node_t1}{YucHs-5XRNO-JChWAzIIZg}{127.0.0.1}{127.0.0.1:9441}[mode=>network]], id[372], master [{node_t0}{MSgO3f-9S-yat_4GxxKW6w}{127.0.0.1}{127.0.0.1:9440}[mode=>network]], hasJoinedOnce [true], cluster_name[TEST-CHILD_VM=[0]-CLUSTER_SEED=[-7449427405447180618]-HASH=[2645B46835F9]-cluster]}, ping_response{node [{node_t1}{YucHs-5XRNO-JChWAzIIZg}{127.0.0.1}{127.0.0.1:9441}[mode=>network]], id[372], master [{node_t0}{MSgO3f-9S-yat_4GxxKW6w}{127.0.0.1}{127.0.0.1:9440}[mode=>network]], hasJoinedOnce [true], cluster_name[TEST-CHILD_VM=[0]-CLUSTER_SEED=[-7449427405447180618]-HASH=[2645B46835F9]-cluster]}, ping_response{node [{node_t1}{YucHs-5XRNO-JChWAzIIZg}{127.0.0.1}{127.0.0.1:9441}[mode=>network]], id[372], master [{node_t0}{MSgO3f-9S-yat_4GxxKW6w}{127.0.0.1}{127.0.0.1:9440}[mode=>network]], hasJoinedOnce [true], cluster_name[TEST-CHILD_VM=[0]-CLUSTER_SEED=[-7449427405447180618]-HASH=[2645B46835F9]-cluster]}, ping_response{node [{node_t2}{zpsanQF7R4u6zEfa6p-Xfw}{127.0.0.1}{127.0.0.1:9440}[mode=>network]], id[376], master [null], hasJoinedOnce [false], cluster_name[TEST-CHILD_VM=[0]-CLUSTER_SEED=[-7449427405447180618]-HASH=[2645B46835F9]-cluster]}, ping_response{node [{node_t2}{zpsanQF7R4u6zEfa6p-Xfw}{127.0.0.1}{127.0.0.1:9440}[mode=>network]], id[376], master [null], hasJoinedOnce [false], cluster_name[TEST-CHILD_VM=[0]-CLUSTER_SEED=[-7449427405447180618]-HASH=[2645B46835F9]-cluster]}, ping_response{node [{node_t1}{YucHs-5XRNO-JChWAzIIZg}{127.0.0.1}{127.0.0.1:9441}[mode=>network]], id[382], master [null], hasJoinedOnce [true], cluster_name[TEST-CHILD_VM=[0]-CLUSTER_SEED=[-7449427405447180618]-HASH=[2645B46835F9]-cluster]}, ping_response{node [{node_t1}{YucHs-5XRNO-JChWAzIIZg}{127.0.0.1}{127.0.0.1:9441}[mode=>network]], id[383], master [null], hasJoinedOnce [true], cluster_name[TEST-CHILD_VM=[0]-CLUSTER_SEED=[-7449427405447180618]-HASH=[2645B46835F9]-cluster]}]
[2016-04-18 03:03:35,616][TRACE][org.elasticsearch.discovery.zen.ping.unicast] [node_t1] [2] connecting (light) to {#zen_unicast_1#}{127.0.0.1}{127.0.0.1:9440}
[2016-04-18 03:03:35,616][TRACE][org.elasticsearch.discovery.zen.ping.unicast] [node_t1] [2] connecting (light) to {#zen_unicast_3#}{127.0.0.1}{127.0.0.1:9442}
[2016-04-18 03:03:35,616][TRACE][org.elasticsearch.discovery.zen.ping.unicast] [node_t1] [2] sending to {#zen_unicast_7#}{::1}{[::1]:9441}
[2016-04-18 03:03:35,616][TRACE][org.elasticsearch.discovery.zen.ping.unicast] [node_t1] [2] connecting (light) to {#zen_unicast_4#}{127.0.0.1}{127.0.0.1:9443}
[2016-04-18 03:03:35,616][TRACE][org.elasticsearch.discovery.zen.ping.unicast] [node_t1] [2] connecting (light) to {#zen_unicast_5#}{127.0.0.1}{127.0.0.1:9444}
[2016-04-18 03:03:35,616][TRACE][org.elasticsearch.discovery.zen.ping.unicast] [node_t1] [2] sending to {node_t1}{YucHs-5XRNO-JChWAzIIZg}{127.0.0.1}{127.0.0.1:9441}[mode=>network]
[2016-04-18 03:03:35,616][TRACE][org.elasticsearch.discovery.zen.ping.unicast] [node_t1] [2] connecting (light) to {#zen_unicast_10#}{::1}{[::1]:9444}
[2016-04-18 03:03:35,616][TRACE][org.elasticsearch.discovery.zen.ping.unicast] [node_t1] [2] connecting (light) to {#zen_unicast_6#}{::1}{[::1]:9440}
[2016-04-18 03:03:35,616][TRACE][org.elasticsearch.discovery.zen.ping.unicast] [node_t1] [2] received response from {node_t1}{YucHs-5XRNO-JChWAzIIZg}{127.0.0.1}{127.0.0.1:9441}[mode=>network]: [ping_response{node [{node_t1}{YucHs-5XRNO-JChWAzIIZg}{127.0.0.1}{127.0.0.1:9441}[mode=>network]], id[372], master [{node_t0}{MSgO3f-9S-yat_4GxxKW6w}{127.0.0.1}{127.0.0.1:9440}[mode=>network]], hasJoinedOnce [true], cluster_name[TEST-CHILD_VM=[0]-CLUSTER_SEED=[-7449427405447180618]-HASH=[2645B46835F9]-cluster]}, ping_response{node [{node_t1}{YucHs-5XRNO-JChWAzIIZg}{127.0.0.1}{127.0.0.1:9441}[mode=>network]], id[372], master [{node_t0}{MSgO3f-9S-yat_4GxxKW6w}{127.0.0.1}{127.0.0.1:9440}[mode=>network]], hasJoinedOnce [true], cluster_name[TEST-CHILD_VM=[0]-CLUSTER_SEED=[-7449427405447180618]-HASH=[2645B46835F9]-cluster]}, ping_response{node [{node_t1}{YucHs-5XRNO-JChWAzIIZg}{127.0.0.1}{127.0.0.1:9441}[mode=>network]], id[372], master [{node_t0}{MSgO3f-9S-yat_4GxxKW6w}{127.0.0.1}{127.0.0.1:9440}[mode=>network]], hasJoinedOnce [true], cluster_name[TEST-CHILD_VM=[0]-CLUSTER_SEED=[-7449427405447180618]-HASH=[2645B46835F9]-cluster]}, ping_response{node [{node_t2}{zpsanQF7R4u6zEfa6p-Xfw}{127.0.0.1}{127.0.0.1:9440}[mode=>network]], id[376], master [null], hasJoinedOnce [false], cluster_name[TEST-CHILD_VM=[0]-CLUSTER_SEED=[-7449427405447180618]-HASH=[2645B46835F9]-cluster]}, ping_response{node [{node_t2}{zpsanQF7R4u6zEfa6p-Xfw}{127.0.0.1}{127.0.0.1:9440}[mode=>network]], id[376], master [null], hasJoinedOnce [false], cluster_name[TEST-CHILD_VM=[0]-CLUSTER_SEED=[-7449427405447180618]-HASH=[2645B46835F9]-cluster]}, ping_response{node [{node_t1}{YucHs-5XRNO-JChWAzIIZg}{127.0.0.1}{127.0.0.1:9441}[mode=>network]], id[382], master [null], hasJoinedOnce [true], cluster_name[TEST-CHILD_VM=[0]-CLUSTER_SEED=[-7449427405447180618]-HASH=[2645B46835F9]-cluster]}, ping_response{node [{node_t1}{YucHs-5XRNO-JChWAzIIZg}{127.0.0.1}{127.0.0.1:9441}[mode=>network]], id[382], master [null], hasJoinedOnce [true], cluster_name[TEST-CHILD_VM=[0]-CLUSTER_SEED=[-7449427405447180618]-HASH=[2645B46835F9]-cluster]}, ping_response{node [{node_t1}{YucHs-5XRNO-JChWAzIIZg}{127.0.0.1}{127.0.0.1:9441}[mode=>network]], id[384], master [null], hasJoinedOnce [true], cluster_name[TEST-CHILD_VM=[0]-CLUSTER_SEED=[-7449427405447180618]-HASH=[2645B46835F9]-cluster]}]
[2016-04-18 03:03:35,616][TRACE][org.elasticsearch.discovery.zen.ping.unicast] [node_t1] [2] connecting (light) to {#zen_unicast_8#}{::1}{[::1]:9442}
[2016-04-18 03:03:35,616][TRACE][org.elasticsearch.discovery.zen.ping.unicast] [node_t1] replacing {node_t2}{zpsanQF7R4u6zEfa6p-Xfw}{127.0.0.1}{127.0.0.1:9440}[mode=>network] with temp node {#zen_unicast_13_zpsanQF7R4u6zEfa6p-Xfw#}{127.0.0.1}{127.0.0.1:9440}[mode=>network]
[2016-04-18 03:03:35,616][TRACE][org.elasticsearch.discovery.zen.ping.unicast] [node_t1] [2] connecting (light) to {#zen_unicast_9#}{::1}{[::1]:9443}
[2016-04-18 03:03:35,616][TRACE][org.elasticsearch.discovery.zen.ping.unicast] [node_t1] [2] connecting (light) to {#zen_unicast_13_zpsanQF7R4u6zEfa6p-Xfw#}{127.0.0.1}{127.0.0.1:9440}[mode=>network]
[2016-04-18 03:03:35,616][TRACE][org.elasticsearch.discovery.zen.ping.unicast] [node_t1] [2] received response from {#zen_unicast_7#}{::1}{[::1]:9441}: [ping_response{node [{node_t1}{YucHs-5XRNO-JChWAzIIZg}{127.0.0.1}{127.0.0.1:9441}[mode=>network]], id[372], master [{node_t0}{MSgO3f-9S-yat_4GxxKW6w}{127.0.0.1}{127.0.0.1:9440}[mode=>network]], hasJoinedOnce [true], cluster_name[TEST-CHILD_VM=[0]-CLUSTER_SEED=[-7449427405447180618]-HASH=[2645B46835F9]-cluster]}, ping_response{node [{node_t1}{YucHs-5XRNO-JChWAzIIZg}{127.0.0.1}{127.0.0.1:9441}[mode=>network]], id[372], master [{node_t0}{MSgO3f-9S-yat_4GxxKW6w}{127.0.0.1}{127.0.0.1:9440}[mode=>network]], hasJoinedOnce [true], cluster_name[TEST-CHILD_VM=[0]-CLUSTER_SEED=[-7449427405447180618]-HASH=[2645B46835F9]-cluster]}, ping_response{node [{node_t1}{YucHs-5XRNO-JChWAzIIZg}{127.0.0.1}{127.0.0.1:9441}[mode=>network]], id[372], master [{node_t0}{MSgO3f-9S-yat_4GxxKW6w}{127.0.0.1}{127.0.0.1:9440}[mode=>network]], hasJoinedOnce [true], cluster_name[TEST-CHILD_VM=[0]-CLUSTER_SEED=[-7449427405447180618]-HASH=[2645B46835F9]-cluster]}, ping_response{node [{node_t2}{zpsanQF7R4u6zEfa6p-Xfw}{127.0.0.1}{127.0.0.1:9440}[mode=>network]], id[376], master [null], hasJoinedOnce [false], cluster_name[TEST-CHILD_VM=[0]-CLUSTER_SEED=[-7449427405447180618]-HASH=[2645B46835F9]-cluster]}, ping_response{node [{node_t2}{zpsanQF7R4u6zEfa6p-Xfw}{127.0.0.1}{127.0.0.1:9440}[mode=>network]], id[376], master [null], hasJoinedOnce [false], cluster_name[TEST-CHILD_VM=[0]-CLUSTER_SEED=[-7449427405447180618]-HASH=[2645B46835F9]-cluster]}, ping_response{node [{node_t1}{YucHs-5XRNO-JChWAzIIZg}{127.0.0.1}{127.0.0.1:9441}[mode=>network]], id[382], master [null], hasJoinedOnce [true], cluster_name[TEST-CHILD_VM=[0]-CLUSTER_SEED=[-7449427405447180618]-HASH=[2645B46835F9]-cluster]}, ping_response{node [{node_t1}{YucHs-5XRNO-JChWAzIIZg}{127.0.0.1}{127.0.0.1:9441}[mode=>network]], id[382], master [null], hasJoinedOnce [true], cluster_name[TEST-CHILD_VM=[0]-CLUSTER_SEED=[-7449427405447180618]-HASH=[2645B46835F9]-cluster]}, ping_response{node [{node_t1}{YucHs-5XRNO-JChWAzIIZg}{127.0.0.1}{127.0.0.1:9441}[mode=>network]], id[382], master [null], hasJoinedOnce [true], cluster_name[TEST-CHILD_VM=[0]-CLUSTER_SEED=[-7449427405447180618]-HASH=[2645B46835F9]-cluster]}, ping_response{node [{node_t1}{YucHs-5XRNO-JChWAzIIZg}{127.0.0.1}{127.0.0.1:9441}[mode=>network]], id[385], master [null], hasJoinedOnce [true], cluster_name[TEST-CHILD_VM=[0]-CLUSTER_SEED=[-7449427405447180618]-HASH=[2645B46835F9]-cluster]}]
[2016-04-18 03:03:35,617][TRACE][org.elasticsearch.discovery.zen.ping.unicast] [node_t1] [2] failed to connect to {#zen_unicast_5#}{127.0.0.1}{127.0.0.1:9444}
ConnectTransportException[[][127.0.0.1:9444] connect_timeout[30s]]; nested: ConnectException[Connection refused: /127.0.0.1:9444];
	at org.elasticsearch.transport.netty.NettyTransport.connectToChannelsLight(NettyTransport.java:954)
	at org.elasticsearch.transport.netty.NettyTransport.connectToNode(NettyTransport.java:918)
	at org.elasticsearch.transport.netty.NettyTransport.connectToNodeLight(NettyTransport.java:890)
	at org.elasticsearch.test.transport.MockTransportService$LookupTestTransport.connectToNodeLight(MockTransportService.java:413)
	at org.elasticsearch.transport.TransportService.connectToNodeLight(TransportService.java:242)
	at org.elasticsearch.discovery.zen.ping.unicast.UnicastZenPing$3.run(UnicastZenPing.java:395)
	at java.util.concurrent.ThreadPoolExecutor.runWorker(ThreadPoolExecutor.java:1142)
	at java.util.concurrent.ThreadPoolExecutor$Worker.run(ThreadPoolExecutor.java:617)
	at java.lang.Thread.run(Thread.java:745)
Caused by: java.net.ConnectException: Connection refused: /127.0.0.1:9444
	at sun.nio.ch.SocketChannelImpl.checkConnect(Native Method)
	at sun.nio.ch.SocketChannelImpl.finishConnect(SocketChannelImpl.java:717)
	at org.jboss.netty.channel.socket.nio.NioClientBoss.connect(NioClientBoss.java:152)
	at org.jboss.netty.channel.socket.nio.NioClientBoss.processSelectedKeys(NioClientBoss.java:105)
	at org.jboss.netty.channel.socket.nio.NioClientBoss.process(NioClientBoss.java:79)
	at org.jboss.netty.channel.socket.nio.AbstractNioSelector.run(AbstractNioSelector.java:337)
	at org.jboss.netty.channel.socket.nio.NioClientBoss.run(NioClientBoss.java:42)
	at org.jboss.netty.util.ThreadRenamingRunnable.run(ThreadRenamingRunnable.java:108)
	at org.jboss.netty.util.internal.DeadLockProofWorker$1.run(DeadLockProofWorker.java:42)
	... 3 more
[2016-04-18 03:03:35,617][TRACE][org.elasticsearch.discovery.zen.ping.unicast] [node_t1] [2] connected to {#zen_unicast_1#}{127.0.0.1}{127.0.0.1:9440}
[2016-04-18 03:03:35,618][TRACE][org.elasticsearch.discovery.zen.ping.unicast] [node_t1] [2] failed to connect to {#zen_unicast_8#}{::1}{[::1]:9442}
ConnectTransportException[[][[::1]:9442] connect_timeout[30s]]; nested: ConnectException[Connection refused: /0:0:0:0:0:0:0:1:9442];
	at org.elasticsearch.transport.netty.NettyTransport.connectToChannelsLight(NettyTransport.java:954)
	at org.elasticsearch.transport.netty.NettyTransport.connectToNode(NettyTransport.java:918)
	at org.elasticsearch.transport.netty.NettyTransport.connectToNodeLight(NettyTransport.java:890)
	at org.elasticsearch.test.transport.MockTransportService$LookupTestTransport.connectToNodeLight(MockTransportService.java:413)
	at org.elasticsearch.transport.TransportService.connectToNodeLight(TransportService.java:242)
	at org.elasticsearch.discovery.zen.ping.unicast.UnicastZenPing$3.run(UnicastZenPing.java:395)
	at java.util.concurrent.ThreadPoolExecutor.runWorker(ThreadPoolExecutor.java:1142)
	at java.util.concurrent.ThreadPoolExecutor$Worker.run(ThreadPoolExecutor.java:617)
	at java.lang.Thread.run(Thread.java:745)
Caused by: java.net.ConnectException: Connection refused: /0:0:0:0:0:0:0:1:9442
	at sun.nio.ch.SocketChannelImpl.checkConnect(Native Method)
	at sun.nio.ch.SocketChannelImpl.finishConnect(SocketChannelImpl.java:717)
	at org.jboss.netty.channel.socket.nio.NioClientBoss.connect(NioClientBoss.java:152)
	at org.jboss.netty.channel.socket.nio.NioClientBoss.processSelectedKeys(NioClientBoss.java:105)
	at org.jboss.netty.channel.socket.nio.NioClientBoss.process(NioClientBoss.java:79)
	at org.jboss.netty.channel.socket.nio.AbstractNioSelector.run(AbstractNioSelector.java:337)
	at org.jboss.netty.channel.socket.nio.NioClientBoss.run(NioClientBoss.java:42)
	at org.jboss.netty.util.ThreadRenamingRunnable.run(ThreadRenamingRunnable.java:108)
	at org.jboss.netty.util.internal.DeadLockProofWorker$1.run(DeadLockProofWorker.java:42)
	... 3 more
[2016-04-18 03:03:35,616][TRACE][org.elasticsearch.discovery.zen.ping.unicast] [node_t1] [2] failed to connect to {#zen_unicast_3#}{127.0.0.1}{127.0.0.1:9442}
ConnectTransportException[[][127.0.0.1:9442] connect_timeout[30s]]; nested: ConnectException[Connection refused: /127.0.0.1:9442];
	at org.elasticsearch.transport.netty.NettyTransport.connectToChannelsLight(NettyTransport.java:954)
	at org.elasticsearch.transport.netty.NettyTransport.connectToNode(NettyTransport.java:918)
	at org.elasticsearch.transport.netty.NettyTransport.connectToNodeLight(NettyTransport.java:890)
	at org.elasticsearch.test.transport.MockTransportService$LookupTestTransport.connectToNodeLight(MockTransportService.java:413)
	at org.elasticsearch.transport.TransportService.connectToNodeLight(TransportService.java:242)
	at org.elasticsearch.discovery.zen.ping.unicast.UnicastZenPing$3.run(UnicastZenPing.java:395)
	at java.util.concurrent.ThreadPoolExecutor.runWorker(ThreadPoolExecutor.java:1142)
	at java.util.concurrent.ThreadPoolExecutor$Worker.run(ThreadPoolExecutor.java:617)
	at java.lang.Thread.run(Thread.java:745)
Caused by: java.net.ConnectException: Connection refused: /127.0.0.1:9442
	at sun.nio.ch.SocketChannelImpl.checkConnect(Native Method)
	at sun.nio.ch.SocketChannelImpl.finishConnect(SocketChannelImpl.java:717)
	at org.jboss.netty.channel.socket.nio.NioClientBoss.connect(NioClientBoss.java:152)
	at org.jboss.netty.channel.socket.nio.NioClientBoss.processSelectedKeys(NioClientBoss.java:105)
	at org.jboss.netty.channel.socket.nio.NioClientBoss.process(NioClientBoss.java:79)
	at org.jboss.netty.channel.socket.nio.AbstractNioSelector.run(AbstractNioSelector.java:337)
	at org.jboss.netty.channel.socket.nio.NioClientBoss.run(NioClientBoss.java:42)
	at org.jboss.netty.util.ThreadRenamingRunnable.run(ThreadRenamingRunnable.java:108)
	at org.jboss.netty.util.internal.DeadLockProofWorker$1.run(DeadLockProofWorker.java:42)
	... 3 more
[2016-04-18 03:03:35,618][TRACE][org.elasticsearch.discovery.zen.ping.unicast] [node_t1] [2] failed to connect to {#zen_unicast_9#}{::1}{[::1]:9443}
ConnectTransportException[[][[::1]:9443] connect_timeout[30s]]; nested: ConnectException[Connection refused: /0:0:0:0:0:0:0:1:9443];
	at org.elasticsearch.transport.netty.NettyTransport.connectToChannelsLight(NettyTransport.java:954)
	at org.elasticsearch.transport.netty.NettyTransport.connectToNode(NettyTransport.java:918)
	at org.elasticsearch.transport.netty.NettyTransport.connectToNodeLight(NettyTransport.java:890)
	at org.elasticsearch.test.transport.MockTransportService$LookupTestTransport.connectToNodeLight(MockTransportService.java:413)
	at org.elasticsearch.transport.TransportService.connectToNodeLight(TransportService.java:242)
	at org.elasticsearch.discovery.zen.ping.unicast.UnicastZenPing$3.run(UnicastZenPing.java:395)
	at java.util.concurrent.ThreadPoolExecutor.runWorker(ThreadPoolExecutor.java:1142)
	at java.util.concurrent.ThreadPoolExecutor$Worker.run(ThreadPoolExecutor.java:617)
	at java.lang.Thread.run(Thread.java:745)
Caused by: java.net.ConnectException: Connection refused: /0:0:0:0:0:0:0:1:9443
	at sun.nio.ch.SocketChannelImpl.checkConnect(Native Method)
	at sun.nio.ch.SocketChannelImpl.finishConnect(SocketChannelImpl.java:717)
	at org.jboss.netty.channel.socket.nio.NioClientBoss.connect(NioClientBoss.java:152)
	at org.jboss.netty.channel.socket.nio.NioClientBoss.processSelectedKeys(NioClientBoss.java:105)
	at org.jboss.netty.channel.socket.nio.NioClientBoss.process(NioClientBoss.java:79)
	at org.jboss.netty.channel.socket.nio.AbstractNioSelector.run(AbstractNioSelector.java:337)
	at org.jboss.netty.channel.socket.nio.NioClientBoss.run(NioClientBoss.java:42)
	at org.jboss.netty.util.ThreadRenamingRunnable.run(ThreadRenamingRunnable.java:108)
	at org.jboss.netty.util.internal.DeadLockProofWorker$1.run(DeadLockProofWorker.java:42)
	... 3 more
[2016-04-18 03:03:35,618][TRACE][org.elasticsearch.discovery.zen.ping.unicast] [node_t1] [2] sending to {#zen_unicast_1#}{127.0.0.1}{127.0.0.1:9440}
[2016-04-18 03:03:35,618][TRACE][org.elasticsearch.discovery.zen.ping.unicast] [node_t1] [2] connected to {node_t2}{zpsanQF7R4u6zEfa6p-Xfw}{127.0.0.1}{127.0.0.1:9440}[mode=>network]
[2016-04-18 03:03:35,617][TRACE][org.elasticsearch.discovery.zen.ping.unicast] [node_t1] [2] failed to connect to {#zen_unicast_4#}{127.0.0.1}{127.0.0.1:9443}
ConnectTransportException[[][127.0.0.1:9443] connect_timeout[30s]]; nested: ConnectException[Connection refused: /127.0.0.1:9443];
	at org.elasticsearch.transport.netty.NettyTransport.connectToChannelsLight(NettyTransport.java:954)
	at org.elasticsearch.transport.netty.NettyTransport.connectToNode(NettyTransport.java:918)
	at org.elasticsearch.transport.netty.NettyTransport.connectToNodeLight(NettyTransport.java:890)
	at org.elasticsearch.test.transport.MockTransportService$LookupTestTransport.connectToNodeLight(MockTransportService.java:413)
	at org.elasticsearch.transport.TransportService.connectToNodeLight(TransportService.java:242)
	at org.elasticsearch.discovery.zen.ping.unicast.UnicastZenPing$3.run(UnicastZenPing.java:395)
	at java.util.concurrent.ThreadPoolExecutor.runWorker(ThreadPoolExecutor.java:1142)
	at java.util.concurrent.ThreadPoolExecutor$Worker.run(ThreadPoolExecutor.java:617)
	at java.lang.Thread.run(Thread.java:745)
Caused by: java.net.ConnectException: Connection refused: /127.0.0.1:9443
	at sun.nio.ch.SocketChannelImpl.checkConnect(Native Method)
	at sun.nio.ch.SocketChannelImpl.finishConnect(SocketChannelImpl.java:717)
	at org.jboss.netty.channel.socket.nio.NioClientBoss.connect(NioClientBoss.java:152)
	at org.jboss.netty.channel.socket.nio.NioClientBoss.processSelectedKeys(NioClientBoss.java:105)
	at org.jboss.netty.channel.socket.nio.NioClientBoss.process(NioClientBoss.java:79)
	at org.jboss.netty.channel.socket.nio.AbstractNioSelector.run(AbstractNioSelector.java:337)
	at org.jboss.netty.channel.socket.nio.NioClientBoss.run(NioClientBoss.java:42)
	at org.jboss.netty.util.ThreadRenamingRunnable.run(ThreadRenamingRunnable.java:108)
	at org.jboss.netty.util.internal.DeadLockProofWorker$1.run(DeadLockProofWorker.java:42)
	... 3 more
[2016-04-18 03:03:35,617][TRACE][org.elasticsearch.discovery.zen.ping.unicast] [node_t1] [2] connected to {#zen_unicast_6#}{::1}{[::1]:9440}
[2016-04-18 03:03:35,617][TRACE][org.elasticsearch.discovery.zen.ping.unicast] [node_t1] [2] failed to connect to {#zen_unicast_10#}{::1}{[::1]:9444}
ConnectTransportException[[][[::1]:9444] connect_timeout[30s]]; nested: ConnectException[Connection refused: /0:0:0:0:0:0:0:1:9444];
	at org.elasticsearch.transport.netty.NettyTransport.connectToChannelsLight(NettyTransport.java:954)
	at org.elasticsearch.transport.netty.NettyTransport.connectToNode(NettyTransport.java:918)
	at org.elasticsearch.transport.netty.NettyTransport.connectToNodeLight(NettyTransport.java:890)
	at org.elasticsearch.test.transport.MockTransportService$LookupTestTransport.connectToNodeLight(MockTransportService.java:413)
	at org.elasticsearch.transport.TransportService.connectToNodeLight(TransportService.java:242)
	at org.elasticsearch.discovery.zen.ping.unicast.UnicastZenPing$3.run(UnicastZenPing.java:395)
	at java.util.concurrent.ThreadPoolExecutor.runWorker(ThreadPoolExecutor.java:1142)
	at java.util.concurrent.ThreadPoolExecutor$Worker.run(ThreadPoolExecutor.java:617)
	at java.lang.Thread.run(Thread.java:745)
Caused by: java.net.ConnectException: Connection refused: /0:0:0:0:0:0:0:1:9444
	at sun.nio.ch.SocketChannelImpl.checkConnect(Native Method)
	at sun.nio.ch.SocketChannelImpl.finishConnect(SocketChannelImpl.java:717)
	at org.jboss.netty.channel.socket.nio.NioClientBoss.connect(NioClientBoss.java:152)
	at org.jboss.netty.channel.socket.nio.NioClientBoss.processSelectedKeys(NioClientBoss.java:105)
	at org.jboss.netty.channel.socket.nio.NioClientBoss.process(NioClientBoss.java:79)
	at org.jboss.netty.channel.socket.nio.AbstractNioSelector.run(AbstractNioSelector.java:337)
	at org.jboss.netty.channel.socket.nio.NioClientBoss.run(NioClientBoss.java:42)
	at org.jboss.netty.util.ThreadRenamingRunnable.run(ThreadRenamingRunnable.java:108)
	at org.jboss.netty.util.internal.DeadLockProofWorker$1.run(DeadLockProofWorker.java:42)
	... 3 more
[2016-04-18 03:03:35,619][TRACE][org.elasticsearch.discovery.zen.ping.unicast] [node_t1] [2] received response from {#zen_unicast_1#}{127.0.0.1}{127.0.0.1:9440}: [ping_response{node [{node_t2}{zpsanQF7R4u6zEfa6p-Xfw}{127.0.0.1}{127.0.0.1:9440}[mode=>network]], id[376], master [null], hasJoinedOnce [false], cluster_name[TEST-CHILD_VM=[0]-CLUSTER_SEED=[-7449427405447180618]-HASH=[2645B46835F9]-cluster]}, ping_response{node [{node_t2}{zpsanQF7R4u6zEfa6p-Xfw}{127.0.0.1}{127.0.0.1:9440}[mode=>network]], id[376], master [null], hasJoinedOnce [false], cluster_name[TEST-CHILD_VM=[0]-CLUSTER_SEED=[-7449427405447180618]-HASH=[2645B46835F9]-cluster]}, ping_response{node [{node_t2}{zpsanQF7R4u6zEfa6p-Xfw}{127.0.0.1}{127.0.0.1:9440}[mode=>network]], id[376], master [null], hasJoinedOnce [false], cluster_name[TEST-CHILD_VM=[0]-CLUSTER_SEED=[-7449427405447180618]-HASH=[2645B46835F9]-cluster]}, ping_response{node [{node_t1}{YucHs-5XRNO-JChWAzIIZg}{127.0.0.1}{127.0.0.1:9441}[mode=>network]], id[382], master [null], hasJoinedOnce [true], cluster_name[TEST-CHILD_VM=[0]-CLUSTER_SEED=[-7449427405447180618]-HASH=[2645B46835F9]-cluster]}, ping_response{node [{node_t2}{zpsanQF7R4u6zEfa6p-Xfw}{127.0.0.1}{127.0.0.1:9440}[mode=>network]], id[386], master [null], hasJoinedOnce [false], cluster_name[TEST-CHILD_VM=[0]-CLUSTER_SEED=[-7449427405447180618]-HASH=[2645B46835F9]-cluster]}]
[2016-04-18 03:03:35,619][TRACE][org.elasticsearch.discovery.zen.ping.unicast] [node_t1] [2] sending to {#zen_unicast_6#}{::1}{[::1]:9440}
[2016-04-18 03:03:35,618][TRACE][org.elasticsearch.discovery.zen.ping.unicast] [node_t1] [2] sending to {#zen_unicast_13_zpsanQF7R4u6zEfa6p-Xfw#}{127.0.0.1}{127.0.0.1:9440}[mode=>network]
[2016-04-18 03:03:35,619][TRACE][org.elasticsearch.discovery.zen.ping.unicast] [node_t1] [2] received response from {#zen_unicast_13_zpsanQF7R4u6zEfa6p-Xfw#}{127.0.0.1}{127.0.0.1:9440}[mode=>network]: [ping_response{node [{node_t2}{zpsanQF7R4u6zEfa6p-Xfw}{127.0.0.1}{127.0.0.1:9440}[mode=>network]], id[376], master [null], hasJoinedOnce [false], cluster_name[TEST-CHILD_VM=[0]-CLUSTER_SEED=[-7449427405447180618]-HASH=[2645B46835F9]-cluster]}, ping_response{node [{node_t2}{zpsanQF7R4u6zEfa6p-Xfw}{127.0.0.1}{127.0.0.1:9440}[mode=>network]], id[376], master [null], hasJoinedOnce [false], cluster_name[TEST-CHILD_VM=[0]-CLUSTER_SEED=[-7449427405447180618]-HASH=[2645B46835F9]-cluster]}, ping_response{node [{node_t2}{zpsanQF7R4u6zEfa6p-Xfw}{127.0.0.1}{127.0.0.1:9440}[mode=>network]], id[376], master [null], hasJoinedOnce [false], cluster_name[TEST-CHILD_VM=[0]-CLUSTER_SEED=[-7449427405447180618]-HASH=[2645B46835F9]-cluster]}, ping_response{node [{node_t1}{YucHs-5XRNO-JChWAzIIZg}{127.0.0.1}{127.0.0.1:9441}[mode=>network]], id[382], master [null], hasJoinedOnce [true], cluster_name[TEST-CHILD_VM=[0]-CLUSTER_SEED=[-7449427405447180618]-HASH=[2645B46835F9]-cluster]}, ping_response{node [{node_t1}{YucHs-5XRNO-JChWAzIIZg}{127.0.0.1}{127.0.0.1:9441}[mode=>network]], id[382], master [null], hasJoinedOnce [true], cluster_name[TEST-CHILD_VM=[0]-CLUSTER_SEED=[-7449427405447180618]-HASH=[2645B46835F9]-cluster]}, ping_response{node [{node_t2}{zpsanQF7R4u6zEfa6p-Xfw}{127.0.0.1}{127.0.0.1:9440}[mode=>network]], id[387], master [null], hasJoinedOnce [false], cluster_name[TEST-CHILD_VM=[0]-CLUSTER_SEED=[-7449427405447180618]-HASH=[2645B46835F9]-cluster]}]
[2016-04-18 03:03:35,620][TRACE][org.elasticsearch.discovery.zen.ping.unicast] [node_t1] [2] received response from {#zen_unicast_6#}{::1}{[::1]:9440}: [ping_response{node [{node_t2}{zpsanQF7R4u6zEfa6p-Xfw}{127.0.0.1}{127.0.0.1:9440}[mode=>network]], id[376], master [null], hasJoinedOnce [false], cluster_name[TEST-CHILD_VM=[0]-CLUSTER_SEED=[-7449427405447180618]-HASH=[2645B46835F9]-cluster]}, ping_response{node [{node_t2}{zpsanQF7R4u6zEfa6p-Xfw}{127.0.0.1}{127.0.0.1:9440}[mode=>network]], id[376], master [null], hasJoinedOnce [false], cluster_name[TEST-CHILD_VM=[0]-CLUSTER_SEED=[-7449427405447180618]-HASH=[2645B46835F9]-cluster]}, ping_response{node [{node_t2}{zpsanQF7R4u6zEfa6p-Xfw}{127.0.0.1}{127.0.0.1:9440}[mode=>network]], id[376], master [null], hasJoinedOnce [false], cluster_name[TEST-CHILD_VM=[0]-CLUSTER_SEED=[-7449427405447180618]-HASH=[2645B46835F9]-cluster]}, ping_response{node [{node_t1}{YucHs-5XRNO-JChWAzIIZg}{127.0.0.1}{127.0.0.1:9441}[mode=>network]], id[382], master [null], hasJoinedOnce [true], cluster_name[TEST-CHILD_VM=[0]-CLUSTER_SEED=[-7449427405447180618]-HASH=[2645B46835F9]-cluster]}, ping_response{node [{node_t1}{YucHs-5XRNO-JChWAzIIZg}{127.0.0.1}{127.0.0.1:9441}[mode=>network]], id[382], master [null], hasJoinedOnce [true], cluster_name[TEST-CHILD_VM=[0]-CLUSTER_SEED=[-7449427405447180618]-HASH=[2645B46835F9]-cluster]}, ping_response{node [{node_t1}{YucHs-5XRNO-JChWAzIIZg}{127.0.0.1}{127.0.0.1:9441}[mode=>network]], id[382], master [null], hasJoinedOnce [true], cluster_name[TEST-CHILD_VM=[0]-CLUSTER_SEED=[-7449427405447180618]-HASH=[2645B46835F9]-cluster]}, ping_response{node [{node_t2}{zpsanQF7R4u6zEfa6p-Xfw}{127.0.0.1}{127.0.0.1:9440}[mode=>network]], id[388], master [null], hasJoinedOnce [false], cluster_name[TEST-CHILD_VM=[0]-CLUSTER_SEED=[-7449427405447180618]-HASH=[2645B46835F9]-cluster]}]
[2016-04-18 03:03:35,671][TRACE][org.elasticsearch.discovery.zen.ping.unicast] [node_t2] [1] sending to {node_t2}{zpsanQF7R4u6zEfa6p-Xfw}{127.0.0.1}{127.0.0.1:9440}[mode=>network]
[2016-04-18 03:03:35,671][TRACE][org.elasticsearch.discovery.zen.ping.unicast] [node_t2] [1] received response from {node_t2}{zpsanQF7R4u6zEfa6p-Xfw}{127.0.0.1}{127.0.0.1:9440}[mode=>network]: [ping_response{node [{node_t2}{zpsanQF7R4u6zEfa6p-Xfw}{127.0.0.1}{127.0.0.1:9440}[mode=>network]], id[376], master [null], hasJoinedOnce [false], cluster_name[TEST-CHILD_VM=[0]-CLUSTER_SEED=[-7449427405447180618]-HASH=[2645B46835F9]-cluster]}, ping_response{node [{node_t2}{zpsanQF7R4u6zEfa6p-Xfw}{127.0.0.1}{127.0.0.1:9440}[mode=>network]], id[376], master [null], hasJoinedOnce [false], cluster_name[TEST-CHILD_VM=[0]-CLUSTER_SEED=[-7449427405447180618]-HASH=[2645B46835F9]-cluster]}, ping_response{node [{node_t2}{zpsanQF7R4u6zEfa6p-Xfw}{127.0.0.1}{127.0.0.1:9440}[mode=>network]], id[376], master [null], hasJoinedOnce [false], cluster_name[TEST-CHILD_VM=[0]-CLUSTER_SEED=[-7449427405447180618]-HASH=[2645B46835F9]-cluster]}, ping_response{node [{node_t1}{YucHs-5XRNO-JChWAzIIZg}{127.0.0.1}{127.0.0.1:9441}[mode=>network]], id[382], master [null], hasJoinedOnce [true], cluster_name[TEST-CHILD_VM=[0]-CLUSTER_SEED=[-7449427405447180618]-HASH=[2645B46835F9]-cluster]}, ping_response{node [{node_t1}{YucHs-5XRNO-JChWAzIIZg}{127.0.0.1}{127.0.0.1:9441}[mode=>network]], id[382], master [null], hasJoinedOnce [true], cluster_name[TEST-CHILD_VM=[0]-CLUSTER_SEED=[-7449427405447180618]-HASH=[2645B46835F9]-cluster]}, ping_response{node [{node_t1}{YucHs-5XRNO-JChWAzIIZg}{127.0.0.1}{127.0.0.1:9441}[mode=>network]], id[382], master [null], hasJoinedOnce [true], cluster_name[TEST-CHILD_VM=[0]-CLUSTER_SEED=[-7449427405447180618]-HASH=[2645B46835F9]-cluster]}, ping_response{node [{node_t2}{zpsanQF7R4u6zEfa6p-Xfw}{127.0.0.1}{127.0.0.1:9440}[mode=>network]], id[389], master [null], hasJoinedOnce [false], cluster_name[TEST-CHILD_VM=[0]-CLUSTER_SEED=[-7449427405447180618]-HASH=[2645B46835F9]-cluster]}, ping_response{node [{node_t2}{zpsanQF7R4u6zEfa6p-Xfw}{127.0.0.1}{127.0.0.1:9440}[mode=>network]], id[390], master [null], hasJoinedOnce [false], cluster_name[TEST-CHILD_VM=[0]-CLUSTER_SEED=[-7449427405447180618]-HASH=[2645B46835F9]-cluster]}]
[2016-04-18 03:03:35,672][TRACE][org.elasticsearch.discovery.zen.ping.unicast] [node_t2] [1] sending to {#zen_unicast_2#}{127.0.0.1}{127.0.0.1:9441}
[2016-04-18 03:03:35,672][TRACE][org.elasticsearch.discovery.zen.ping.unicast] [node_t2] [1] connecting (light) to {#zen_unicast_3#}{127.0.0.1}{127.0.0.1:9442}
[2016-04-18 03:03:35,672][TRACE][org.elasticsearch.discovery.zen.ping.unicast] [node_t2] [1] connecting (light) to {#zen_unicast_4#}{127.0.0.1}{127.0.0.1:9443}
[2016-04-18 03:03:35,672][TRACE][org.elasticsearch.discovery.zen.ping.unicast] [node_t2] [1] sending to {#zen_unicast_6#}{::1}{[::1]:9440}
[2016-04-18 03:03:35,672][TRACE][org.elasticsearch.discovery.zen.ping.unicast] [node_t2] [1] connecting (light) to {#zen_unicast_5#}{127.0.0.1}{127.0.0.1:9444}
[2016-04-18 03:03:35,672][TRACE][org.elasticsearch.discovery.zen.ping.unicast] [node_t2] [1] sending to {#zen_unicast_7#}{::1}{[::1]:9441}
[2016-04-18 03:03:35,673][TRACE][org.elasticsearch.discovery.zen.ping.unicast] [node_t2] [1] connecting (light) to {#zen_unicast_8#}{::1}{[::1]:9442}
[2016-04-18 03:03:35,673][TRACE][org.elasticsearch.discovery.zen.ping.unicast] [node_t2] replacing {node_t1}{YucHs-5XRNO-JChWAzIIZg}{127.0.0.1}{127.0.0.1:9441}[mode=>network] with temp node {#zen_unicast_11_YucHs-5XRNO-JChWAzIIZg#}{127.0.0.1}{127.0.0.1:9441}[mode=>network]
[2016-04-18 03:03:35,673][TRACE][org.elasticsearch.discovery.zen.ping.unicast] [node_t2] [1] sending to {node_t2}{zpsanQF7R4u6zEfa6p-Xfw}{127.0.0.1}{127.0.0.1:9440}[mode=>network]
[2016-04-18 03:03:35,673][TRACE][org.elasticsearch.discovery.zen.ping.unicast] [node_t2] [1] received response from {#zen_unicast_2#}{127.0.0.1}{127.0.0.1:9441}: [ping_response{node [{node_t1}{YucHs-5XRNO-JChWAzIIZg}{127.0.0.1}{127.0.0.1:9441}[mode=>network]], id[372], master [{node_t0}{MSgO3f-9S-yat_4GxxKW6w}{127.0.0.1}{127.0.0.1:9440}[mode=>network]], hasJoinedOnce [true], cluster_name[TEST-CHILD_VM=[0]-CLUSTER_SEED=[-7449427405447180618]-HASH=[2645B46835F9]-cluster]}, ping_response{node [{node_t1}{YucHs-5XRNO-JChWAzIIZg}{127.0.0.1}{127.0.0.1:9441}[mode=>network]], id[372], master [{node_t0}{MSgO3f-9S-yat_4GxxKW6w}{127.0.0.1}{127.0.0.1:9440}[mode=>network]], hasJoinedOnce [true], cluster_name[TEST-CHILD_VM=[0]-CLUSTER_SEED=[-7449427405447180618]-HASH=[2645B46835F9]-cluster]}, ping_response{node [{node_t1}{YucHs-5XRNO-JChWAzIIZg}{127.0.0.1}{127.0.0.1:9441}[mode=>network]], id[372], master [{node_t0}{MSgO3f-9S-yat_4GxxKW6w}{127.0.0.1}{127.0.0.1:9440}[mode=>network]], hasJoinedOnce [true], cluster_name[TEST-CHILD_VM=[0]-CLUSTER_SEED=[-7449427405447180618]-HASH=[2645B46835F9]-cluster]}, ping_response{node [{node_t2}{zpsanQF7R4u6zEfa6p-Xfw}{127.0.0.1}{127.0.0.1:9440}[mode=>network]], id[376], master [null], hasJoinedOnce [false], cluster_name[TEST-CHILD_VM=[0]-CLUSTER_SEED=[-7449427405447180618]-HASH=[2645B46835F9]-cluster]}, ping_response{node [{node_t2}{zpsanQF7R4u6zEfa6p-Xfw}{127.0.0.1}{127.0.0.1:9440}[mode=>network]], id[376], master [null], hasJoinedOnce [false], cluster_name[TEST-CHILD_VM=[0]-CLUSTER_SEED=[-7449427405447180618]-HASH=[2645B46835F9]-cluster]}, ping_response{node [{node_t1}{YucHs-5XRNO-JChWAzIIZg}{127.0.0.1}{127.0.0.1:9441}[mode=>network]], id[382], master [null], hasJoinedOnce [true], cluster_name[TEST-CHILD_VM=[0]-CLUSTER_SEED=[-7449427405447180618]-HASH=[2645B46835F9]-cluster]}, ping_response{node [{node_t1}{YucHs-5XRNO-JChWAzIIZg}{127.0.0.1}{127.0.0.1:9441}[mode=>network]], id[382], master [null], hasJoinedOnce [true], cluster_name[TEST-CHILD_VM=[0]-CLUSTER_SEED=[-7449427405447180618]-HASH=[2645B46835F9]-cluster]}, ping_response{node [{node_t1}{YucHs-5XRNO-JChWAzIIZg}{127.0.0.1}{127.0.0.1:9441}[mode=>network]], id[382], master [null], hasJoinedOnce [true], cluster_name[TEST-CHILD_VM=[0]-CLUSTER_SEED=[-7449427405447180618]-HASH=[2645B46835F9]-cluster]}, ping_response{node [{node_t2}{zpsanQF7R4u6zEfa6p-Xfw}{127.0.0.1}{127.0.0.1:9440}[mode=>network]], id[389], master [null], hasJoinedOnce [false], cluster_name[TEST-CHILD_VM=[0]-CLUSTER_SEED=[-7449427405447180618]-HASH=[2645B46835F9]-cluster]}, ping_response{node [{node_t1}{YucHs-5XRNO-JChWAzIIZg}{127.0.0.1}{127.0.0.1:9441}[mode=>network]], id[391], master [null], hasJoinedOnce [true], cluster_name[TEST-CHILD_VM=[0]-CLUSTER_SEED=[-7449427405447180618]-HASH=[2645B46835F9]-cluster]}]
[2016-04-18 03:03:35,673][TRACE][org.elasticsearch.discovery.zen.ping.unicast] [node_t2] [1] failed to connect to {#zen_unicast_5#}{127.0.0.1}{127.0.0.1:9444}
ConnectTransportException[[][127.0.0.1:9444] connect_timeout[30s]]; nested: ConnectException[Connection refused: /127.0.0.1:9444];
	at org.elasticsearch.transport.netty.NettyTransport.connectToChannelsLight(NettyTransport.java:954)
	at org.elasticsearch.transport.netty.NettyTransport.connectToNode(NettyTransport.java:918)
	at org.elasticsearch.transport.netty.NettyTransport.connectToNodeLight(NettyTransport.java:890)
	at org.elasticsearch.test.transport.MockTransportService$LookupTestTransport.connectToNodeLight(MockTransportService.java:413)
	at org.elasticsearch.transport.TransportService.connectToNodeLight(TransportService.java:242)
	at org.elasticsearch.discovery.zen.ping.unicast.UnicastZenPing$3.run(UnicastZenPing.java:395)
	at java.util.concurrent.ThreadPoolExecutor.runWorker(ThreadPoolExecutor.java:1142)
	at java.util.concurrent.ThreadPoolExecutor$Worker.run(ThreadPoolExecutor.java:617)
	at java.lang.Thread.run(Thread.java:745)
Caused by: java.net.ConnectException: Connection refused: /127.0.0.1:9444
	at sun.nio.ch.SocketChannelImpl.checkConnect(Native Method)
	at sun.nio.ch.SocketChannelImpl.finishConnect(SocketChannelImpl.java:717)
	at org.jboss.netty.channel.socket.nio.NioClientBoss.connect(NioClientBoss.java:152)
	at org.jboss.netty.channel.socket.nio.NioClientBoss.processSelectedKeys(NioClientBoss.java:105)
	at org.jboss.netty.channel.socket.nio.NioClientBoss.process(NioClientBoss.java:79)
	at org.jboss.netty.channel.socket.nio.AbstractNioSelector.run(AbstractNioSelector.java:337)
	at org.jboss.netty.channel.socket.nio.NioClientBoss.run(NioClientBoss.java:42)
	at org.jboss.netty.util.ThreadRenamingRunnable.run(ThreadRenamingRunnable.java:108)
	at org.jboss.netty.util.internal.DeadLockProofWorker$1.run(DeadLockProofWorker.java:42)
	... 3 more
[2016-04-18 03:03:35,673][TRACE][org.elasticsearch.discovery.zen.ping.unicast] [node_t2] [1] connecting (light) to {#zen_unicast_10#}{::1}{[::1]:9444}
[2016-04-18 03:03:35,673][TRACE][org.elasticsearch.discovery.zen.ping.unicast] [node_t2] [1] failed to connect to {#zen_unicast_8#}{::1}{[::1]:9442}
ConnectTransportException[[][[::1]:9442] connect_timeout[30s]]; nested: ConnectException[Connection refused: /0:0:0:0:0:0:0:1:9442];
	at org.elasticsearch.transport.netty.NettyTransport.connectToChannelsLight(NettyTransport.java:954)
	at org.elasticsearch.transport.netty.NettyTransport.connectToNode(NettyTransport.java:918)
	at org.elasticsearch.transport.netty.NettyTransport.connectToNodeLight(NettyTransport.java:890)
	at org.elasticsearch.test.transport.MockTransportService$LookupTestTransport.connectToNodeLight(MockTransportService.java:413)
	at org.elasticsearch.transport.TransportService.connectToNodeLight(TransportService.java:242)
	at org.elasticsearch.discovery.zen.ping.unicast.UnicastZenPing$3.run(UnicastZenPing.java:395)
	at java.util.concurrent.ThreadPoolExecutor.runWorker(ThreadPoolExecutor.java:1142)
	at java.util.concurrent.ThreadPoolExecutor$Worker.run(ThreadPoolExecutor.java:617)
	at java.lang.Thread.run(Thread.java:745)
Caused by: java.net.ConnectException: Connection refused: /0:0:0:0:0:0:0:1:9442
	at sun.nio.ch.SocketChannelImpl.checkConnect(Native Method)
	at sun.nio.ch.SocketChannelImpl.finishConnect(SocketChannelImpl.java:717)
	at org.jboss.netty.channel.socket.nio.NioClientBoss.connect(NioClientBoss.java:152)
	at org.jboss.netty.channel.socket.nio.NioClientBoss.processSelectedKeys(NioClientBoss.java:105)
	at org.jboss.netty.channel.socket.nio.NioClientBoss.process(NioClientBoss.java:79)
	at org.jboss.netty.channel.socket.nio.AbstractNioSelector.run(AbstractNioSelector.java:337)
	at org.jboss.netty.channel.socket.nio.NioClientBoss.run(NioClientBoss.java:42)
	at org.jboss.netty.util.ThreadRenamingRunnable.run(ThreadRenamingRunnable.java:108)
	at org.jboss.netty.util.internal.DeadLockProofWorker$1.run(DeadLockProofWorker.java:42)
	... 3 more
[2016-04-18 03:03:35,673][TRACE][org.elasticsearch.discovery.zen.ping.unicast] [node_t2] [1] connecting (light) to {#zen_unicast_9#}{::1}{[::1]:9443}
[2016-04-18 03:03:35,673][TRACE][org.elasticsearch.discovery.zen.ping.unicast] [node_t2] [1] failed to connect to {#zen_unicast_3#}{127.0.0.1}{127.0.0.1:9442}
ConnectTransportException[[][127.0.0.1:9442] connect_timeout[30s]]; nested: ConnectException[Connection refused: /127.0.0.1:9442];
	at org.elasticsearch.transport.netty.NettyTransport.connectToChannelsLight(NettyTransport.java:954)
	at org.elasticsearch.transport.netty.NettyTransport.connectToNode(NettyTransport.java:918)
	at org.elasticsearch.transport.netty.NettyTransport.connectToNodeLight(NettyTransport.java:890)
	at org.elasticsearch.test.transport.MockTransportService$LookupTestTransport.connectToNodeLight(MockTransportService.java:413)
	at org.elasticsearch.transport.TransportService.connectToNodeLight(TransportService.java:242)
	at org.elasticsearch.discovery.zen.ping.unicast.UnicastZenPing$3.run(UnicastZenPing.java:395)
	at java.util.concurrent.ThreadPoolExecutor.runWorker(ThreadPoolExecutor.java:1142)
	at java.util.concurrent.ThreadPoolExecutor$Worker.run(ThreadPoolExecutor.java:617)
	at java.lang.Thread.run(Thread.java:745)
Caused by: java.net.ConnectException: Connection refused: /127.0.0.1:9442
	at sun.nio.ch.SocketChannelImpl.checkConnect(Native Method)
	at sun.nio.ch.SocketChannelImpl.finishConnect(SocketChannelImpl.java:717)
	at org.jboss.netty.channel.socket.nio.NioClientBoss.connect(NioClientBoss.java:152)
	at org.jboss.netty.channel.socket.nio.NioClientBoss.processSelectedKeys(NioClientBoss.java:105)
	at org.jboss.netty.channel.socket.nio.NioClientBoss.process(NioClientBoss.java:79)
	at org.jboss.netty.channel.socket.nio.AbstractNioSelector.run(AbstractNioSelector.java:337)
	at org.jboss.netty.channel.socket.nio.NioClientBoss.run(NioClientBoss.java:42)
	at org.jboss.netty.util.ThreadRenamingRunnable.run(ThreadRenamingRunnable.java:108)
	at org.jboss.netty.util.internal.DeadLockProofWorker$1.run(DeadLockProofWorker.java:42)
	... 3 more
[2016-04-18 03:03:35,673][TRACE][org.elasticsearch.discovery.zen.ping.unicast] [node_t2] [1] failed to connect to {#zen_unicast_4#}{127.0.0.1}{127.0.0.1:9443}
ConnectTransportException[[][127.0.0.1:9443] connect_timeout[30s]]; nested: ConnectException[Connection refused: /127.0.0.1:9443];
	at org.elasticsearch.transport.netty.NettyTransport.connectToChannelsLight(NettyTransport.java:954)
	at org.elasticsearch.transport.netty.NettyTransport.connectToNode(NettyTransport.java:918)
	at org.elasticsearch.transport.netty.NettyTransport.connectToNodeLight(NettyTransport.java:890)
	at org.elasticsearch.test.transport.MockTransportService$LookupTestTransport.connectToNodeLight(MockTransportService.java:413)
	at org.elasticsearch.transport.TransportService.connectToNodeLight(TransportService.java:242)
	at org.elasticsearch.discovery.zen.ping.unicast.UnicastZenPing$3.run(UnicastZenPing.java:395)
	at java.util.concurrent.ThreadPoolExecutor.runWorker(ThreadPoolExecutor.java:1142)
	at java.util.concurrent.ThreadPoolExecutor$Worker.run(ThreadPoolExecutor.java:617)
	at java.lang.Thread.run(Thread.java:745)
Caused by: java.net.ConnectException: Connection refused: /127.0.0.1:9443
	at sun.nio.ch.SocketChannelImpl.checkConnect(Native Method)
	at sun.nio.ch.SocketChannelImpl.finishConnect(SocketChannelImpl.java:717)
	at org.jboss.netty.channel.socket.nio.NioClientBoss.connect(NioClientBoss.java:152)
	at org.jboss.netty.channel.socket.nio.NioClientBoss.processSelectedKeys(NioClientBoss.java:105)
	at org.jboss.netty.channel.socket.nio.NioClientBoss.process(NioClientBoss.java:79)
	at org.jboss.netty.channel.socket.nio.AbstractNioSelector.run(AbstractNioSelector.java:337)
	at org.jboss.netty.channel.socket.nio.NioClientBoss.run(NioClientBoss.java:42)
	at org.jboss.netty.util.ThreadRenamingRunnable.run(ThreadRenamingRunnable.java:108)
	at org.jboss.netty.util.internal.DeadLockProofWorker$1.run(DeadLockProofWorker.java:42)
	... 3 more
[2016-04-18 03:03:35,673][TRACE][org.elasticsearch.discovery.zen.ping.unicast] [node_t2] [1] received response from {#zen_unicast_7#}{::1}{[::1]:9441}: [ping_response{node [{node_t1}{YucHs-5XRNO-JChWAzIIZg}{127.0.0.1}{127.0.0.1:9441}[mode=>network]], id[372], master [{node_t0}{MSgO3f-9S-yat_4GxxKW6w}{127.0.0.1}{127.0.0.1:9440}[mode=>network]], hasJoinedOnce [true], cluster_name[TEST-CHILD_VM=[0]-CLUSTER_SEED=[-7449427405447180618]-HASH=[2645B46835F9]-cluster]}, ping_response{node [{node_t1}{YucHs-5XRNO-JChWAzIIZg}{127.0.0.1}{127.0.0.1:9441}[mode=>network]], id[372], master [{node_t0}{MSgO3f-9S-yat_4GxxKW6w}{127.0.0.1}{127.0.0.1:9440}[mode=>network]], hasJoinedOnce [true], cluster_name[TEST-CHILD_VM=[0]-CLUSTER_SEED=[-7449427405447180618]-HASH=[2645B46835F9]-cluster]}, ping_response{node [{node_t1}{YucHs-5XRNO-JChWAzIIZg}{127.0.0.1}{127.0.0.1:9441}[mode=>network]], id[372], master [{node_t0}{MSgO3f-9S-yat_4GxxKW6w}{127.0.0.1}{127.0.0.1:9440}[mode=>network]], hasJoinedOnce [true], cluster_name[TEST-CHILD_VM=[0]-CLUSTER_SEED=[-7449427405447180618]-HASH=[2645B46835F9]-cluster]}, ping_response{node [{node_t2}{zpsanQF7R4u6zEfa6p-Xfw}{127.0.0.1}{127.0.0.1:9440}[mode=>network]], id[376], master [null], hasJoinedOnce [false], cluster_name[TEST-CHILD_VM=[0]-CLUSTER_SEED=[-7449427405447180618]-HASH=[2645B46835F9]-cluster]}, ping_response{node [{node_t2}{zpsanQF7R4u6zEfa6p-Xfw}{127.0.0.1}{127.0.0.1:9440}[mode=>network]], id[376], master [null], hasJoinedOnce [false], cluster_name[TEST-CHILD_VM=[0]-CLUSTER_SEED=[-7449427405447180618]-HASH=[2645B46835F9]-cluster]}, ping_response{node [{node_t1}{YucHs-5XRNO-JChWAzIIZg}{127.0.0.1}{127.0.0.1:9441}[mode=>network]], id[382], master [null], hasJoinedOnce [true], cluster_name[TEST-CHILD_VM=[0]-CLUSTER_SEED=[-7449427405447180618]-HASH=[2645B46835F9]-cluster]}, ping_response{node [{node_t1}{YucHs-5XRNO-JChWAzIIZg}{127.0.0.1}{127.0.0.1:9441}[mode=>network]], id[382], master [null], hasJoinedOnce [true], cluster_name[TEST-CHILD_VM=[0]-CLUSTER_SEED=[-7449427405447180618]-HASH=[2645B46835F9]-cluster]}, ping_response{node [{node_t1}{YucHs-5XRNO-JChWAzIIZg}{127.0.0.1}{127.0.0.1:9441}[mode=>network]], id[382], master [null], hasJoinedOnce [true], cluster_name[TEST-CHILD_VM=[0]-CLUSTER_SEED=[-7449427405447180618]-HASH=[2645B46835F9]-cluster]}, ping_response{node [{node_t2}{zpsanQF7R4u6zEfa6p-Xfw}{127.0.0.1}{127.0.0.1:9440}[mode=>network]], id[389], master [null], hasJoinedOnce [false], cluster_name[TEST-CHILD_VM=[0]-CLUSTER_SEED=[-7449427405447180618]-HASH=[2645B46835F9]-cluster]}, ping_response{node [{node_t2}{zpsanQF7R4u6zEfa6p-Xfw}{127.0.0.1}{127.0.0.1:9440}[mode=>network]], id[389], master [null], hasJoinedOnce [false], cluster_name[TEST-CHILD_VM=[0]-CLUSTER_SEED=[-7449427405447180618]-HASH=[2645B46835F9]-cluster]}, ping_response{node [{node_t1}{YucHs-5XRNO-JChWAzIIZg}{127.0.0.1}{127.0.0.1:9441}[mode=>network]], id[393], master [null], hasJoinedOnce [true], cluster_name[TEST-CHILD_VM=[0]-CLUSTER_SEED=[-7449427405447180618]-HASH=[2645B46835F9]-cluster]}]
[2016-04-18 03:03:35,673][TRACE][org.elasticsearch.discovery.zen.ping.unicast] [node_t2] [1] connecting (light) to {#zen_unicast_11_YucHs-5XRNO-JChWAzIIZg#}{127.0.0.1}{127.0.0.1:9441}[mode=>network]
[2016-04-18 03:03:35,673][TRACE][org.elasticsearch.discovery.zen.ping.unicast] [node_t2] [1] received response from {#zen_unicast_6#}{::1}{[::1]:9440}: [ping_response{node [{node_t2}{zpsanQF7R4u6zEfa6p-Xfw}{127.0.0.1}{127.0.0.1:9440}[mode=>network]], id[376], master [null], hasJoinedOnce [false], cluster_name[TEST-CHILD_VM=[0]-CLUSTER_SEED=[-7449427405447180618]-HASH=[2645B46835F9]-cluster]}, ping_response{node [{node_t2}{zpsanQF7R4u6zEfa6p-Xfw}{127.0.0.1}{127.0.0.1:9440}[mode=>network]], id[376], master [null], hasJoinedOnce [false], cluster_name[TEST-CHILD_VM=[0]-CLUSTER_SEED=[-7449427405447180618]-HASH=[2645B46835F9]-cluster]}, ping_response{node [{node_t2}{zpsanQF7R4u6zEfa6p-Xfw}{127.0.0.1}{127.0.0.1:9440}[mode=>network]], id[376], master [null], hasJoinedOnce [false], cluster_name[TEST-CHILD_VM=[0]-CLUSTER_SEED=[-7449427405447180618]-HASH=[2645B46835F9]-cluster]}, ping_response{node [{node_t1}{YucHs-5XRNO-JChWAzIIZg}{127.0.0.1}{127.0.0.1:9441}[mode=>network]], id[382], master [null], hasJoinedOnce [true], cluster_name[TEST-CHILD_VM=[0]-CLUSTER_SEED=[-7449427405447180618]-HASH=[2645B46835F9]-cluster]}, ping_response{node [{node_t1}{YucHs-5XRNO-JChWAzIIZg}{127.0.0.1}{127.0.0.1:9441}[mode=>network]], id[382], master [null], hasJoinedOnce [true], cluster_name[TEST-CHILD_VM=[0]-CLUSTER_SEED=[-7449427405447180618]-HASH=[2645B46835F9]-cluster]}, ping_response{node [{node_t1}{YucHs-5XRNO-JChWAzIIZg}{127.0.0.1}{127.0.0.1:9441}[mode=>network]], id[382], master [null], hasJoinedOnce [true], cluster_name[TEST-CHILD_VM=[0]-CLUSTER_SEED=[-7449427405447180618]-HASH=[2645B46835F9]-cluster]}, ping_response{node [{node_t2}{zpsanQF7R4u6zEfa6p-Xfw}{127.0.0.1}{127.0.0.1:9440}[mode=>network]], id[389], master [null], hasJoinedOnce [false], cluster_name[TEST-CHILD_VM=[0]-CLUSTER_SEED=[-7449427405447180618]-HASH=[2645B46835F9]-cluster]}, ping_response{node [{node_t2}{zpsanQF7R4u6zEfa6p-Xfw}{127.0.0.1}{127.0.0.1:9440}[mode=>network]], id[389], master [null], hasJoinedOnce [false], cluster_name[TEST-CHILD_VM=[0]-CLUSTER_SEED=[-7449427405447180618]-HASH=[2645B46835F9]-cluster]}, ping_response{node [{node_t2}{zpsanQF7R4u6zEfa6p-Xfw}{127.0.0.1}{127.0.0.1:9440}[mode=>network]], id[392], master [null], hasJoinedOnce [false], cluster_name[TEST-CHILD_VM=[0]-CLUSTER_SEED=[-7449427405447180618]-HASH=[2645B46835F9]-cluster]}]
[2016-04-18 03:03:35,673][TRACE][org.elasticsearch.discovery.zen.ping.unicast] [node_t2] [1] received response from {node_t2}{zpsanQF7R4u6zEfa6p-Xfw}{127.0.0.1}{127.0.0.1:9440}[mode=>network]: [ping_response{node [{node_t2}{zpsanQF7R4u6zEfa6p-Xfw}{127.0.0.1}{127.0.0.1:9440}[mode=>network]], id[376], master [null], hasJoinedOnce [false], cluster_name[TEST-CHILD_VM=[0]-CLUSTER_SEED=[-7449427405447180618]-HASH=[2645B46835F9]-cluster]}, ping_response{node [{node_t2}{zpsanQF7R4u6zEfa6p-Xfw}{127.0.0.1}{127.0.0.1:9440}[mode=>network]], id[376], master [null], hasJoinedOnce [false], cluster_name[TEST-CHILD_VM=[0]-CLUSTER_SEED=[-7449427405447180618]-HASH=[2645B46835F9]-cluster]}, ping_response{node [{node_t2}{zpsanQF7R4u6zEfa6p-Xfw}{127.0.0.1}{127.0.0.1:9440}[mode=>network]], id[376], master [null], hasJoinedOnce [false], cluster_name[TEST-CHILD_VM=[0]-CLUSTER_SEED=[-7449427405447180618]-HASH=[2645B46835F9]-cluster]}, ping_response{node [{node_t1}{YucHs-5XRNO-JChWAzIIZg}{127.0.0.1}{127.0.0.1:9441}[mode=>network]], id[382], master [null], hasJoinedOnce [true], cluster_name[TEST-CHILD_VM=[0]-CLUSTER_SEED=[-7449427405447180618]-HASH=[2645B46835F9]-cluster]}, ping_response{node [{node_t1}{YucHs-5XRNO-JChWAzIIZg}{127.0.0.1}{127.0.0.1:9441}[mode=>network]], id[382], master [null], hasJoinedOnce [true], cluster_name[TEST-CHILD_VM=[0]-CLUSTER_SEED=[-7449427405447180618]-HASH=[2645B46835F9]-cluster]}, ping_response{node [{node_t1}{YucHs-5XRNO-JChWAzIIZg}{127.0.0.1}{127.0.0.1:9441}[mode=>network]], id[382], master [null], hasJoinedOnce [true], cluster_name[TEST-CHILD_VM=[0]-CLUSTER_SEED=[-7449427405447180618]-HASH=[2645B46835F9]-cluster]}, ping_response{node [{node_t2}{zpsanQF7R4u6zEfa6p-Xfw}{127.0.0.1}{127.0.0.1:9440}[mode=>network]], id[389], master [null], hasJoinedOnce [false], cluster_name[TEST-CHILD_VM=[0]-CLUSTER_SEED=[-7449427405447180618]-HASH=[2645B46835F9]-cluster]}, ping_response{node [{node_t2}{zpsanQF7R4u6zEfa6p-Xfw}{127.0.0.1}{127.0.0.1:9440}[mode=>network]], id[389], master [null], hasJoinedOnce [false], cluster_name[TEST-CHILD_VM=[0]-CLUSTER_SEED=[-7449427405447180618]-HASH=[2645B46835F9]-cluster]}, ping_response{node [{node_t2}{zpsanQF7R4u6zEfa6p-Xfw}{127.0.0.1}{127.0.0.1:9440}[mode=>network]], id[389], master [null], hasJoinedOnce [false], cluster_name[TEST-CHILD_VM=[0]-CLUSTER_SEED=[-7449427405447180618]-HASH=[2645B46835F9]-cluster]}, ping_response{node [{node_t2}{zpsanQF7R4u6zEfa6p-Xfw}{127.0.0.1}{127.0.0.1:9440}[mode=>network]], id[394], master [null], hasJoinedOnce [false], cluster_name[TEST-CHILD_VM=[0]-CLUSTER_SEED=[-7449427405447180618]-HASH=[2645B46835F9]-cluster]}]
[2016-04-18 03:03:35,675][TRACE][org.elasticsearch.discovery.zen.ping.unicast] [node_t2] [1] connected to {node_t1}{YucHs-5XRNO-JChWAzIIZg}{127.0.0.1}{127.0.0.1:9441}[mode=>network]
[2016-04-18 03:03:35,674][TRACE][org.elasticsearch.discovery.zen.ping.unicast] [node_t2] [1] failed to connect to {#zen_unicast_9#}{::1}{[::1]:9443}
ConnectTransportException[[][[::1]:9443] connect_timeout[30s]]; nested: ConnectException[Connection refused: /0:0:0:0:0:0:0:1:9443];
	at org.elasticsearch.transport.netty.NettyTransport.connectToChannelsLight(NettyTransport.java:954)
	at org.elasticsearch.transport.netty.NettyTransport.connectToNode(NettyTransport.java:918)
	at org.elasticsearch.transport.netty.NettyTransport.connectToNodeLight(NettyTransport.java:890)
	at org.elasticsearch.test.transport.MockTransportService$LookupTestTransport.connectToNodeLight(MockTransportService.java:413)
	at org.elasticsearch.transport.TransportService.connectToNodeLight(TransportService.java:242)
	at org.elasticsearch.discovery.zen.ping.unicast.UnicastZenPing$3.run(UnicastZenPing.java:395)
	at java.util.concurrent.ThreadPoolExecutor.runWorker(ThreadPoolExecutor.java:1142)
	at java.util.concurrent.ThreadPoolExecutor$Worker.run(ThreadPoolExecutor.java:617)
	at java.lang.Thread.run(Thread.java:745)
Caused by: java.net.ConnectException: Connection refused: /0:0:0:0:0:0:0:1:9443
	at sun.nio.ch.SocketChannelImpl.checkConnect(Native Method)
	at sun.nio.ch.SocketChannelImpl.finishConnect(SocketChannelImpl.java:717)
	at org.jboss.netty.channel.socket.nio.NioClientBoss.connect(NioClientBoss.java:152)
	at org.jboss.netty.channel.socket.nio.NioClientBoss.processSelectedKeys(NioClientBoss.java:105)
	at org.jboss.netty.channel.socket.nio.NioClientBoss.process(NioClientBoss.java:79)
	at org.jboss.netty.channel.socket.nio.AbstractNioSelector.run(AbstractNioSelector.java:337)
	at org.jboss.netty.channel.socket.nio.NioClientBoss.run(NioClientBoss.java:42)
	at org.jboss.netty.util.ThreadRenamingRunnable.run(ThreadRenamingRunnable.java:108)
	at org.jboss.netty.util.internal.DeadLockProofWorker$1.run(DeadLockProofWorker.java:42)
	... 3 more
[2016-04-18 03:03:35,674][TRACE][org.elasticsearch.discovery.zen.ping.unicast] [node_t2] [1] failed to connect to {#zen_unicast_10#}{::1}{[::1]:9444}
ConnectTransportException[[][[::1]:9444] connect_timeout[30s]]; nested: ConnectException[Connection refused: /0:0:0:0:0:0:0:1:9444];
	at org.elasticsearch.transport.netty.NettyTransport.connectToChannelsLight(NettyTransport.java:954)
	at org.elasticsearch.transport.netty.NettyTransport.connectToNode(NettyTransport.java:918)
	at org.elasticsearch.transport.netty.NettyTransport.connectToNodeLight(NettyTransport.java:890)
	at org.elasticsearch.test.transport.MockTransportService$LookupTestTransport.connectToNodeLight(MockTransportService.java:413)
	at org.elasticsearch.transport.TransportService.connectToNodeLight(TransportService.java:242)
	at org.elasticsearch.discovery.zen.ping.unicast.UnicastZenPing$3.run(UnicastZenPing.java:395)
	at java.util.concurrent.ThreadPoolExecutor.runWorker(ThreadPoolExecutor.java:1142)
	at java.util.concurrent.ThreadPoolExecutor$Worker.run(ThreadPoolExecutor.java:617)
	at java.lang.Thread.run(Thread.java:745)
Caused by: java.net.ConnectException: Connection refused: /0:0:0:0:0:0:0:1:9444
	at sun.nio.ch.SocketChannelImpl.checkConnect(Native Method)
	at sun.nio.ch.SocketChannelImpl.finishConnect(SocketChannelImpl.java:717)
	at org.jboss.netty.channel.socket.nio.NioClientBoss.connect(NioClientBoss.java:152)
	at org.jboss.netty.channel.socket.nio.NioClientBoss.processSelectedKeys(NioClientBoss.java:105)
	at org.jboss.netty.channel.socket.nio.NioClientBoss.process(NioClientBoss.java:79)
	at org.jboss.netty.channel.socket.nio.AbstractNioSelector.run(AbstractNioSelector.java:337)
	at org.jboss.netty.channel.socket.nio.NioClientBoss.run(NioClientBoss.java:42)
	at org.jboss.netty.util.ThreadRenamingRunnable.run(ThreadRenamingRunnable.java:108)
	at org.jboss.netty.util.internal.DeadLockProofWorker$1.run(DeadLockProofWorker.java:42)
	... 3 more
[2016-04-18 03:03:35,675][TRACE][org.elasticsearch.discovery.zen.ping.unicast] [node_t2] [1] sending to {#zen_unicast_11_YucHs-5XRNO-JChWAzIIZg#}{127.0.0.1}{127.0.0.1:9441}[mode=>network]
[2016-04-18 03:03:35,676][TRACE][org.elasticsearch.discovery.zen.ping.unicast] [node_t2] [1] received response from {#zen_unicast_11_YucHs-5XRNO-JChWAzIIZg#}{127.0.0.1}{127.0.0.1:9441}[mode=>network]: [ping_response{node [{node_t1}{YucHs-5XRNO-JChWAzIIZg}{127.0.0.1}{127.0.0.1:9441}[mode=>network]], id[372], master [{node_t0}{MSgO3f-9S-yat_4GxxKW6w}{127.0.0.1}{127.0.0.1:9440}[mode=>network]], hasJoinedOnce [true], cluster_name[TEST-CHILD_VM=[0]-CLUSTER_SEED=[-7449427405447180618]-HASH=[2645B46835F9]-cluster]}, ping_response{node [{node_t1}{YucHs-5XRNO-JChWAzIIZg}{127.0.0.1}{127.0.0.1:9441}[mode=>network]], id[372], master [{node_t0}{MSgO3f-9S-yat_4GxxKW6w}{127.0.0.1}{127.0.0.1:9440}[mode=>network]], hasJoinedOnce [true], cluster_name[TEST-CHILD_VM=[0]-CLUSTER_SEED=[-7449427405447180618]-HASH=[2645B46835F9]-cluster]}, ping_response{node [{node_t1}{YucHs-5XRNO-JChWAzIIZg}{127.0.0.1}{127.0.0.1:9441}[mode=>network]], id[372], master [{node_t0}{MSgO3f-9S-yat_4GxxKW6w}{127.0.0.1}{127.0.0.1:9440}[mode=>network]], hasJoinedOnce [true], cluster_name[TEST-CHILD_VM=[0]-CLUSTER_SEED=[-7449427405447180618]-HASH=[2645B46835F9]-cluster]}, ping_response{node [{node_t2}{zpsanQF7R4u6zEfa6p-Xfw}{127.0.0.1}{127.0.0.1:9440}[mode=>network]], id[376], master [null], hasJoinedOnce [false], cluster_name[TEST-CHILD_VM=[0]-CLUSTER_SEED=[-7449427405447180618]-HASH=[2645B46835F9]-cluster]}, ping_response{node [{node_t2}{zpsanQF7R4u6zEfa6p-Xfw}{127.0.0.1}{127.0.0.1:9440}[mode=>network]], id[376], master [null], hasJoinedOnce [false], cluster_name[TEST-CHILD_VM=[0]-CLUSTER_SEED=[-7449427405447180618]-HASH=[2645B46835F9]-cluster]}, ping_response{node [{node_t1}{YucHs-5XRNO-JChWAzIIZg}{127.0.0.1}{127.0.0.1:9441}[mode=>network]], id[382], master [null], hasJoinedOnce [true], cluster_name[TEST-CHILD_VM=[0]-CLUSTER_SEED=[-7449427405447180618]-HASH=[2645B46835F9]-cluster]}, ping_response{node [{node_t1}{YucHs-5XRNO-JChWAzIIZg}{127.0.0.1}{127.0.0.1:9441}[mode=>network]], id[382], master [null], hasJoinedOnce [true], cluster_name[TEST-CHILD_VM=[0]-CLUSTER_SEED=[-7449427405447180618]-HASH=[2645B46835F9]-cluster]}, ping_response{node [{node_t1}{YucHs-5XRNO-JChWAzIIZg}{127.0.0.1}{127.0.0.1:9441}[mode=>network]], id[382], master [null], hasJoinedOnce [true], cluster_name[TEST-CHILD_VM=[0]-CLUSTER_SEED=[-7449427405447180618]-HASH=[2645B46835F9]-cluster]}, ping_response{node [{node_t2}{zpsanQF7R4u6zEfa6p-Xfw}{127.0.0.1}{127.0.0.1:9440}[mode=>network]], id[389], master [null], hasJoinedOnce [false], cluster_name[TEST-CHILD_VM=[0]-CLUSTER_SEED=[-7449427405447180618]-HASH=[2645B46835F9]-cluster]}, ping_response{node [{node_t2}{zpsanQF7R4u6zEfa6p-Xfw}{127.0.0.1}{127.0.0.1:9440}[mode=>network]], id[389], master [null], hasJoinedOnce [false], cluster_name[TEST-CHILD_VM=[0]-CLUSTER_SEED=[-7449427405447180618]-HASH=[2645B46835F9]-cluster]}, ping_response{node [{node_t2}{zpsanQF7R4u6zEfa6p-Xfw}{127.0.0.1}{127.0.0.1:9440}[mode=>network]], id[389], master [null], hasJoinedOnce [false], cluster_name[TEST-CHILD_VM=[0]-CLUSTER_SEED=[-7449427405447180618]-HASH=[2645B46835F9]-cluster]}, ping_response{node [{node_t1}{YucHs-5XRNO-JChWAzIIZg}{127.0.0.1}{127.0.0.1:9441}[mode=>network]], id[395], master [null], hasJoinedOnce [true], cluster_name[TEST-CHILD_VM=[0]-CLUSTER_SEED=[-7449427405447180618]-HASH=[2645B46835F9]-cluster]}]
[2016-04-18 03:03:35,717][TRACE][org.elasticsearch.discovery.zen.ping.unicast] [node_t1] [2] sending to {#zen_unicast_1#}{127.0.0.1}{127.0.0.1:9440}
[2016-04-18 03:03:35,717][TRACE][org.elasticsearch.discovery.zen.ping.unicast] [node_t1] [2] sending to {node_t1}{YucHs-5XRNO-JChWAzIIZg}{127.0.0.1}{127.0.0.1:9441}[mode=>network]
[2016-04-18 03:03:35,717][TRACE][org.elasticsearch.discovery.zen.ping.unicast] [node_t1] [2] received response from {node_t1}{YucHs-5XRNO-JChWAzIIZg}{127.0.0.1}{127.0.0.1:9441}[mode=>network]: [ping_response{node [{node_t1}{YucHs-5XRNO-JChWAzIIZg}{127.0.0.1}{127.0.0.1:9441}[mode=>network]], id[372], master [{node_t0}{MSgO3f-9S-yat_4GxxKW6w}{127.0.0.1}{127.0.0.1:9440}[mode=>network]], hasJoinedOnce [true], cluster_name[TEST-CHILD_VM=[0]-CLUSTER_SEED=[-7449427405447180618]-HASH=[2645B46835F9]-cluster]}, ping_response{node [{node_t1}{YucHs-5XRNO-JChWAzIIZg}{127.0.0.1}{127.0.0.1:9441}[mode=>network]], id[372], master [{node_t0}{MSgO3f-9S-yat_4GxxKW6w}{127.0.0.1}{127.0.0.1:9440}[mode=>network]], hasJoinedOnce [true], cluster_name[TEST-CHILD_VM=[0]-CLUSTER_SEED=[-7449427405447180618]-HASH=[2645B46835F9]-cluster]}, ping_response{node [{node_t1}{YucHs-5XRNO-JChWAzIIZg}{127.0.0.1}{127.0.0.1:9441}[mode=>network]], id[372], master [{node_t0}{MSgO3f-9S-yat_4GxxKW6w}{127.0.0.1}{127.0.0.1:9440}[mode=>network]], hasJoinedOnce [true], cluster_name[TEST-CHILD_VM=[0]-CLUSTER_SEED=[-7449427405447180618]-HASH=[2645B46835F9]-cluster]}, ping_response{node [{node_t2}{zpsanQF7R4u6zEfa6p-Xfw}{127.0.0.1}{127.0.0.1:9440}[mode=>network]], id[376], master [null], hasJoinedOnce [false], cluster_name[TEST-CHILD_VM=[0]-CLUSTER_SEED=[-7449427405447180618]-HASH=[2645B46835F9]-cluster]}, ping_response{node [{node_t2}{zpsanQF7R4u6zEfa6p-Xfw}{127.0.0.1}{127.0.0.1:9440}[mode=>network]], id[376], master [null], hasJoinedOnce [false], cluster_name[TEST-CHILD_VM=[0]-CLUSTER_SEED=[-7449427405447180618]-HASH=[2645B46835F9]-cluster]}, ping_response{node [{node_t1}{YucHs-5XRNO-JChWAzIIZg}{127.0.0.1}{127.0.0.1:9441}[mode=>network]], id[382], master [null], hasJoinedOnce [true], cluster_name[TEST-CHILD_VM=[0]-CLUSTER_SEED=[-7449427405447180618]-HASH=[2645B46835F9]-cluster]}, ping_response{node [{node_t1}{YucHs-5XRNO-JChWAzIIZg}{127.0.0.1}{127.0.0.1:9441}[mode=>network]], id[382], master [null], hasJoinedOnce [true], cluster_name[TEST-CHILD_VM=[0]-CLUSTER_SEED=[-7449427405447180618]-HASH=[2645B46835F9]-cluster]}, ping_response{node [{node_t1}{YucHs-5XRNO-JChWAzIIZg}{127.0.0.1}{127.0.0.1:9441}[mode=>network]], id[382], master [null], hasJoinedOnce [true], cluster_name[TEST-CHILD_VM=[0]-CLUSTER_SEED=[-7449427405447180618]-HASH=[2645B46835F9]-cluster]}, ping_response{node [{node_t2}{zpsanQF7R4u6zEfa6p-Xfw}{127.0.0.1}{127.0.0.1:9440}[mode=>network]], id[389], master [null], hasJoinedOnce [false], cluster_name[TEST-CHILD_VM=[0]-CLUSTER_SEED=[-7449427405447180618]-HASH=[2645B46835F9]-cluster]}, ping_response{node [{node_t2}{zpsanQF7R4u6zEfa6p-Xfw}{127.0.0.1}{127.0.0.1:9440}[mode=>network]], id[389], master [null], hasJoinedOnce [false], cluster_name[TEST-CHILD_VM=[0]-CLUSTER_SEED=[-7449427405447180618]-HASH=[2645B46835F9]-cluster]}, ping_response{node [{node_t2}{zpsanQF7R4u6zEfa6p-Xfw}{127.0.0.1}{127.0.0.1:9440}[mode=>network]], id[389], master [null], hasJoinedOnce [false], cluster_name[TEST-CHILD_VM=[0]-CLUSTER_SEED=[-7449427405447180618]-HASH=[2645B46835F9]-cluster]}, ping_response{node [{node_t1}{YucHs-5XRNO-JChWAzIIZg}{127.0.0.1}{127.0.0.1:9441}[mode=>network]], id[396], master [null], hasJoinedOnce [true], cluster_name[TEST-CHILD_VM=[0]-CLUSTER_SEED=[-7449427405447180618]-HASH=[2645B46835F9]-cluster]}, ping_response{node [{node_t1}{YucHs-5XRNO-JChWAzIIZg}{127.0.0.1}{127.0.0.1:9441}[mode=>network]], id[397], master [null], hasJoinedOnce [true], cluster_name[TEST-CHILD_VM=[0]-CLUSTER_SEED=[-7449427405447180618]-HASH=[2645B46835F9]-cluster]}]
[2016-04-18 03:03:35,718][TRACE][org.elasticsearch.discovery.zen.ping.unicast] [node_t1] [2] received response from {#zen_unicast_1#}{127.0.0.1}{127.0.0.1:9440}: [ping_response{node [{node_t2}{zpsanQF7R4u6zEfa6p-Xfw}{127.0.0.1}{127.0.0.1:9440}[mode=>network]], id[376], master [null], hasJoinedOnce [false], cluster_name[TEST-CHILD_VM=[0]-CLUSTER_SEED=[-7449427405447180618]-HASH=[2645B46835F9]-cluster]}, ping_response{node [{node_t2}{zpsanQF7R4u6zEfa6p-Xfw}{127.0.0.1}{127.0.0.1:9440}[mode=>network]], id[376], master [null], hasJoinedOnce [false], cluster_name[TEST-CHILD_VM=[0]-CLUSTER_SEED=[-7449427405447180618]-HASH=[2645B46835F9]-cluster]}, ping_response{node [{node_t2}{zpsanQF7R4u6zEfa6p-Xfw}{127.0.0.1}{127.0.0.1:9440}[mode=>network]], id[376], master [null], hasJoinedOnce [false], cluster_name[TEST-CHILD_VM=[0]-CLUSTER_SEED=[-7449427405447180618]-HASH=[2645B46835F9]-cluster]}, ping_response{node [{node_t1}{YucHs-5XRNO-JChWAzIIZg}{127.0.0.1}{127.0.0.1:9441}[mode=>network]], id[382], master [null], hasJoinedOnce [true], cluster_name[TEST-CHILD_VM=[0]-CLUSTER_SEED=[-7449427405447180618]-HASH=[2645B46835F9]-cluster]}, ping_response{node [{node_t1}{YucHs-5XRNO-JChWAzIIZg}{127.0.0.1}{127.0.0.1:9441}[mode=>network]], id[382], master [null], hasJoinedOnce [true], cluster_name[TEST-CHILD_VM=[0]-CLUSTER_SEED=[-7449427405447180618]-HASH=[2645B46835F9]-cluster]}, ping_response{node [{node_t1}{YucHs-5XRNO-JChWAzIIZg}{127.0.0.1}{127.0.0.1:9441}[mode=>network]], id[382], master [null], hasJoinedOnce [true], cluster_name[TEST-CHILD_VM=[0]-CLUSTER_SEED=[-7449427405447180618]-HASH=[2645B46835F9]-cluster]}, ping_response{node [{node_t2}{zpsanQF7R4u6zEfa6p-Xfw}{127.0.0.1}{127.0.0.1:9440}[mode=>network]], id[389], master [null], hasJoinedOnce [false], cluster_name[TEST-CHILD_VM=[0]-CLUSTER_SEED=[-7449427405447180618]-HASH=[2645B46835F9]-cluster]}, ping_response{node [{node_t2}{zpsanQF7R4u6zEfa6p-Xfw}{127.0.0.1}{127.0.0.1:9440}[mode=>network]], id[389], master [null], hasJoinedOnce [false], cluster_name[TEST-CHILD_VM=[0]-CLUSTER_SEED=[-7449427405447180618]-HASH=[2645B46835F9]-cluster]}, ping_response{node [{node_t2}{zpsanQF7R4u6zEfa6p-Xfw}{127.0.0.1}{127.0.0.1:9440}[mode=>network]], id[389], master [null], hasJoinedOnce [false], cluster_name[TEST-CHILD_VM=[0]-CLUSTER_SEED=[-7449427405447180618]-HASH=[2645B46835F9]-cluster]}, ping_response{node [{node_t1}{YucHs-5XRNO-JChWAzIIZg}{127.0.0.1}{127.0.0.1:9441}[mode=>network]], id[396], master [null], hasJoinedOnce [true], cluster_name[TEST-CHILD_VM=[0]-CLUSTER_SEED=[-7449427405447180618]-HASH=[2645B46835F9]-cluster]}, ping_response{node [{node_t2}{zpsanQF7R4u6zEfa6p-Xfw}{127.0.0.1}{127.0.0.1:9440}[mode=>network]], id[398], master [null], hasJoinedOnce [false], cluster_name[TEST-CHILD_VM=[0]-CLUSTER_SEED=[-7449427405447180618]-HASH=[2645B46835F9]-cluster]}]
[2016-04-18 03:03:35,718][TRACE][org.elasticsearch.discovery.zen.ping.unicast] [node_t1] [2] connecting (light) to {#zen_unicast_5#}{127.0.0.1}{127.0.0.1:9444}
[2016-04-18 03:03:35,718][TRACE][org.elasticsearch.discovery.zen.ping.unicast] [node_t1] [2] sending to {#zen_unicast_6#}{::1}{[::1]:9440}
[2016-04-18 03:03:35,718][TRACE][org.elasticsearch.discovery.zen.ping.unicast] [node_t1] [2] connecting (light) to {#zen_unicast_4#}{127.0.0.1}{127.0.0.1:9443}
[2016-04-18 03:03:35,718][TRACE][org.elasticsearch.discovery.zen.ping.unicast] [node_t1] [2] connecting (light) to {#zen_unicast_3#}{127.0.0.1}{127.0.0.1:9442}
[2016-04-18 03:03:35,718][TRACE][org.elasticsearch.discovery.zen.ping.unicast] [node_t1] [2] sending to {#zen_unicast_7#}{::1}{[::1]:9441}
[2016-04-18 03:03:35,718][TRACE][org.elasticsearch.discovery.zen.ping.unicast] [node_t1] [2] connecting (light) to {#zen_unicast_8#}{::1}{[::1]:9442}
[2016-04-18 03:03:35,718][TRACE][org.elasticsearch.discovery.zen.ping.unicast] [node_t1] [2] connecting (light) to {#zen_unicast_9#}{::1}{[::1]:9443}
[2016-04-18 03:03:35,718][TRACE][org.elasticsearch.discovery.zen.ping.unicast] [node_t1] [2] connecting (light) to {#zen_unicast_10#}{::1}{[::1]:9444}
[2016-04-18 03:03:35,718][TRACE][org.elasticsearch.discovery.zen.ping.unicast] [node_t1] [2] sending to {node_t1}{YucHs-5XRNO-JChWAzIIZg}{127.0.0.1}{127.0.0.1:9441}[mode=>network]
[2016-04-18 03:03:35,718][TRACE][org.elasticsearch.discovery.zen.ping.unicast] [node_t1] [2] received response from {node_t1}{YucHs-5XRNO-JChWAzIIZg}{127.0.0.1}{127.0.0.1:9441}[mode=>network]: [ping_response{node [{node_t1}{YucHs-5XRNO-JChWAzIIZg}{127.0.0.1}{127.0.0.1:9441}[mode=>network]], id[372], master [{node_t0}{MSgO3f-9S-yat_4GxxKW6w}{127.0.0.1}{127.0.0.1:9440}[mode=>network]], hasJoinedOnce [true], cluster_name[TEST-CHILD_VM=[0]-CLUSTER_SEED=[-7449427405447180618]-HASH=[2645B46835F9]-cluster]}, ping_response{node [{node_t1}{YucHs-5XRNO-JChWAzIIZg}{127.0.0.1}{127.0.0.1:9441}[mode=>network]], id[372], master [{node_t0}{MSgO3f-9S-yat_4GxxKW6w}{127.0.0.1}{127.0.0.1:9440}[mode=>network]], hasJoinedOnce [true], cluster_name[TEST-CHILD_VM=[0]-CLUSTER_SEED=[-7449427405447180618]-HASH=[2645B46835F9]-cluster]}, ping_response{node [{node_t1}{YucHs-5XRNO-JChWAzIIZg}{127.0.0.1}{127.0.0.1:9441}[mode=>network]], id[372], master [{node_t0}{MSgO3f-9S-yat_4GxxKW6w}{127.0.0.1}{127.0.0.1:9440}[mode=>network]], hasJoinedOnce [true], cluster_name[TEST-CHILD_VM=[0]-CLUSTER_SEED=[-7449427405447180618]-HASH=[2645B46835F9]-cluster]}, ping_response{node [{node_t2}{zpsanQF7R4u6zEfa6p-Xfw}{127.0.0.1}{127.0.0.1:9440}[mode=>network]], id[376], master [null], hasJoinedOnce [false], cluster_name[TEST-CHILD_VM=[0]-CLUSTER_SEED=[-7449427405447180618]-HASH=[2645B46835F9]-cluster]}, ping_response{node [{node_t2}{zpsanQF7R4u6zEfa6p-Xfw}{127.0.0.1}{127.0.0.1:9440}[mode=>network]], id[376], master [null], hasJoinedOnce [false], cluster_name[TEST-CHILD_VM=[0]-CLUSTER_SEED=[-7449427405447180618]-HASH=[2645B46835F9]-cluster]}, ping_response{node [{node_t1}{YucHs-5XRNO-JChWAzIIZg}{127.0.0.1}{127.0.0.1:9441}[mode=>network]], id[382], master [null], hasJoinedOnce [true], cluster_name[TEST-CHILD_VM=[0]-CLUSTER_SEED=[-7449427405447180618]-HASH=[2645B46835F9]-cluster]}, ping_response{node [{node_t1}{YucHs-5XRNO-JChWAzIIZg}{127.0.0.1}{127.0.0.1:9441}[mode=>network]], id[382], master [null], hasJoinedOnce [true], cluster_name[TEST-CHILD_VM=[0]-CLUSTER_SEED=[-7449427405447180618]-HASH=[2645B46835F9]-cluster]}, ping_response{node [{node_t1}{YucHs-5XRNO-JChWAzIIZg}{127.0.0.1}{127.0.0.1:9441}[mode=>network]], id[382], master [null], hasJoinedOnce [true], cluster_name[TEST-CHILD_VM=[0]-CLUSTER_SEED=[-7449427405447180618]-HASH=[2645B46835F9]-cluster]}, ping_response{node [{node_t2}{zpsanQF7R4u6zEfa6p-Xfw}{127.0.0.1}{127.0.0.1:9440}[mode=>network]], id[389], master [null], hasJoinedOnce [false], cluster_name[TEST-CHILD_VM=[0]-CLUSTER_SEED=[-7449427405447180618]-HASH=[2645B46835F9]-cluster]}, ping_response{node [{node_t2}{zpsanQF7R4u6zEfa6p-Xfw}{127.0.0.1}{127.0.0.1:9440}[mode=>network]], id[389], master [null], hasJoinedOnce [false], cluster_name[TEST-CHILD_VM=[0]-CLUSTER_SEED=[-7449427405447180618]-HASH=[2645B46835F9]-cluster]}, ping_response{node [{node_t2}{zpsanQF7R4u6zEfa6p-Xfw}{127.0.0.1}{127.0.0.1:9440}[mode=>network]], id[389], master [null], hasJoinedOnce [false], cluster_name[TEST-CHILD_VM=[0]-CLUSTER_SEED=[-7449427405447180618]-HASH=[2645B46835F9]-cluster]}, ping_response{node [{node_t1}{YucHs-5XRNO-JChWAzIIZg}{127.0.0.1}{127.0.0.1:9441}[mode=>network]], id[396], master [null], hasJoinedOnce [true], cluster_name[TEST-CHILD_VM=[0]-CLUSTER_SEED=[-7449427405447180618]-HASH=[2645B46835F9]-cluster]}, ping_response{node [{node_t1}{YucHs-5XRNO-JChWAzIIZg}{127.0.0.1}{127.0.0.1:9441}[mode=>network]], id[396], master [null], hasJoinedOnce [true], cluster_name[TEST-CHILD_VM=[0]-CLUSTER_SEED=[-7449427405447180618]-HASH=[2645B46835F9]-cluster]}, ping_response{node [{node_t1}{YucHs-5XRNO-JChWAzIIZg}{127.0.0.1}{127.0.0.1:9441}[mode=>network]], id[396], master [null], hasJoinedOnce [true], cluster_name[TEST-CHILD_VM=[0]-CLUSTER_SEED=[-7449427405447180618]-HASH=[2645B46835F9]-cluster]}, ping_response{node [{node_t1}{YucHs-5XRNO-JChWAzIIZg}{127.0.0.1}{127.0.0.1:9441}[mode=>network]], id[401], master [null], hasJoinedOnce [true], cluster_name[TEST-CHILD_VM=[0]-CLUSTER_SEED=[-7449427405447180618]-HASH=[2645B46835F9]-cluster]}]
[2016-04-18 03:03:35,719][TRACE][org.elasticsearch.discovery.zen.ping.unicast] [node_t1] [2] failed to connect to {#zen_unicast_3#}{127.0.0.1}{127.0.0.1:9442}
ConnectTransportException[[][127.0.0.1:9442] connect_timeout[30s]]; nested: ConnectException[Connection refused: /127.0.0.1:9442];
	at org.elasticsearch.transport.netty.NettyTransport.connectToChannelsLight(NettyTransport.java:954)
	at org.elasticsearch.transport.netty.NettyTransport.connectToNode(NettyTransport.java:918)
	at org.elasticsearch.transport.netty.NettyTransport.connectToNodeLight(NettyTransport.java:890)
	at org.elasticsearch.test.transport.MockTransportService$LookupTestTransport.connectToNodeLight(MockTransportService.java:413)
	at org.elasticsearch.transport.TransportService.connectToNodeLight(TransportService.java:242)
	at org.elasticsearch.discovery.zen.ping.unicast.UnicastZenPing$3.run(UnicastZenPing.java:395)
	at java.util.concurrent.ThreadPoolExecutor.runWorker(ThreadPoolExecutor.java:1142)
	at java.util.concurrent.ThreadPoolExecutor$Worker.run(ThreadPoolExecutor.java:617)
	at java.lang.Thread.run(Thread.java:745)
Caused by: java.net.ConnectException: Connection refused: /127.0.0.1:9442
	at sun.nio.ch.SocketChannelImpl.checkConnect(Native Method)
	at sun.nio.ch.SocketChannelImpl.finishConnect(SocketChannelImpl.java:717)
	at org.jboss.netty.channel.socket.nio.NioClientBoss.connect(NioClientBoss.java:152)
	at org.jboss.netty.channel.socket.nio.NioClientBoss.processSelectedKeys(NioClientBoss.java:105)
	at org.jboss.netty.channel.socket.nio.NioClientBoss.process(NioClientBoss.java:79)
	at org.jboss.netty.channel.socket.nio.AbstractNioSelector.run(AbstractNioSelector.java:337)
	at org.jboss.netty.channel.socket.nio.NioClientBoss.run(NioClientBoss.java:42)
	at org.jboss.netty.util.ThreadRenamingRunnable.run(ThreadRenamingRunnable.java:108)
	at org.jboss.netty.util.internal.DeadLockProofWorker$1.run(DeadLockProofWorker.java:42)
	... 3 more
[2016-04-18 03:03:35,718][TRACE][org.elasticsearch.discovery.zen.ping.unicast] [node_t1] [2] received response from {#zen_unicast_7#}{::1}{[::1]:9441}: [ping_response{node [{node_t1}{YucHs-5XRNO-JChWAzIIZg}{127.0.0.1}{127.0.0.1:9441}[mode=>network]], id[372], master [{node_t0}{MSgO3f-9S-yat_4GxxKW6w}{127.0.0.1}{127.0.0.1:9440}[mode=>network]], hasJoinedOnce [true], cluster_name[TEST-CHILD_VM=[0]-CLUSTER_SEED=[-7449427405447180618]-HASH=[2645B46835F9]-cluster]}, ping_response{node [{node_t1}{YucHs-5XRNO-JChWAzIIZg}{127.0.0.1}{127.0.0.1:9441}[mode=>network]], id[372], master [{node_t0}{MSgO3f-9S-yat_4GxxKW6w}{127.0.0.1}{127.0.0.1:9440}[mode=>network]], hasJoinedOnce [true], cluster_name[TEST-CHILD_VM=[0]-CLUSTER_SEED=[-7449427405447180618]-HASH=[2645B46835F9]-cluster]}, ping_response{node [{node_t1}{YucHs-5XRNO-JChWAzIIZg}{127.0.0.1}{127.0.0.1:9441}[mode=>network]], id[372], master [{node_t0}{MSgO3f-9S-yat_4GxxKW6w}{127.0.0.1}{127.0.0.1:9440}[mode=>network]], hasJoinedOnce [true], cluster_name[TEST-CHILD_VM=[0]-CLUSTER_SEED=[-7449427405447180618]-HASH=[2645B46835F9]-cluster]}, ping_response{node [{node_t2}{zpsanQF7R4u6zEfa6p-Xfw}{127.0.0.1}{127.0.0.1:9440}[mode=>network]], id[376], master [null], hasJoinedOnce [false], cluster_name[TEST-CHILD_VM=[0]-CLUSTER_SEED=[-7449427405447180618]-HASH=[2645B46835F9]-cluster]}, ping_response{node [{node_t2}{zpsanQF7R4u6zEfa6p-Xfw}{127.0.0.1}{127.0.0.1:9440}[mode=>network]], id[376], master [null], hasJoinedOnce [false], cluster_name[TEST-CHILD_VM=[0]-CLUSTER_SEED=[-7449427405447180618]-HASH=[2645B46835F9]-cluster]}, ping_response{node [{node_t1}{YucHs-5XRNO-JChWAzIIZg}{127.0.0.1}{127.0.0.1:9441}[mode=>network]], id[382], master [null], hasJoinedOnce [true], cluster_name[TEST-CHILD_VM=[0]-CLUSTER_SEED=[-7449427405447180618]-HASH=[2645B46835F9]-cluster]}, ping_response{node [{node_t1}{YucHs-5XRNO-JChWAzIIZg}{127.0.0.1}{127.0.0.1:9441}[mode=>network]], id[382], master [null], hasJoinedOnce [true], cluster_name[TEST-CHILD_VM=[0]-CLUSTER_SEED=[-7449427405447180618]-HASH=[2645B46835F9]-cluster]}, ping_response{node [{node_t1}{YucHs-5XRNO-JChWAzIIZg}{127.0.0.1}{127.0.0.1:9441}[mode=>network]], id[382], master [null], hasJoinedOnce [true], cluster_name[TEST-CHILD_VM=[0]-CLUSTER_SEED=[-7449427405447180618]-HASH=[2645B46835F9]-cluster]}, ping_response{node [{node_t2}{zpsanQF7R4u6zEfa6p-Xfw}{127.0.0.1}{127.0.0.1:9440}[mode=>network]], id[389], master [null], hasJoinedOnce [false], cluster_name[TEST-CHILD_VM=[0]-CLUSTER_SEED=[-7449427405447180618]-HASH=[2645B46835F9]-cluster]}, ping_response{node [{node_t2}{zpsanQF7R4u6zEfa6p-Xfw}{127.0.0.1}{127.0.0.1:9440}[mode=>network]], id[389], master [null], hasJoinedOnce [false], cluster_name[TEST-CHILD_VM=[0]-CLUSTER_SEED=[-7449427405447180618]-HASH=[2645B46835F9]-cluster]}, ping_response{node [{node_t2}{zpsanQF7R4u6zEfa6p-Xfw}{127.0.0.1}{127.0.0.1:9440}[mode=>network]], id[389], master [null], hasJoinedOnce [false], cluster_name[TEST-CHILD_VM=[0]-CLUSTER_SEED=[-7449427405447180618]-HASH=[2645B46835F9]-cluster]}, ping_response{node [{node_t1}{YucHs-5XRNO-JChWAzIIZg}{127.0.0.1}{127.0.0.1:9441}[mode=>network]], id[396], master [null], hasJoinedOnce [true], cluster_name[TEST-CHILD_VM=[0]-CLUSTER_SEED=[-7449427405447180618]-HASH=[2645B46835F9]-cluster]}, ping_response{node [{node_t1}{YucHs-5XRNO-JChWAzIIZg}{127.0.0.1}{127.0.0.1:9441}[mode=>network]], id[396], master [null], hasJoinedOnce [true], cluster_name[TEST-CHILD_VM=[0]-CLUSTER_SEED=[-7449427405447180618]-HASH=[2645B46835F9]-cluster]}, ping_response{node [{node_t1}{YucHs-5XRNO-JChWAzIIZg}{127.0.0.1}{127.0.0.1:9441}[mode=>network]], id[400], master [null], hasJoinedOnce [true], cluster_name[TEST-CHILD_VM=[0]-CLUSTER_SEED=[-7449427405447180618]-HASH=[2645B46835F9]-cluster]}]
[2016-04-18 03:03:35,718][TRACE][org.elasticsearch.discovery.zen.ping.unicast] [node_t1] [2] failed to connect to {#zen_unicast_5#}{127.0.0.1}{127.0.0.1:9444}
ConnectTransportException[[][127.0.0.1:9444] connect_timeout[30s]]; nested: ConnectException[Connection refused: /127.0.0.1:9444];
	at org.elasticsearch.transport.netty.NettyTransport.connectToChannelsLight(NettyTransport.java:954)
	at org.elasticsearch.transport.netty.NettyTransport.connectToNode(NettyTransport.java:918)
	at org.elasticsearch.transport.netty.NettyTransport.connectToNodeLight(NettyTransport.java:890)
	at org.elasticsearch.test.transport.MockTransportService$LookupTestTransport.connectToNodeLight(MockTransportService.java:413)
	at org.elasticsearch.transport.TransportService.connectToNodeLight(TransportService.java:242)
	at org.elasticsearch.discovery.zen.ping.unicast.UnicastZenPing$3.run(UnicastZenPing.java:395)
	at java.util.concurrent.ThreadPoolExecutor.runWorker(ThreadPoolExecutor.java:1142)
	at java.util.concurrent.ThreadPoolExecutor$Worker.run(ThreadPoolExecutor.java:617)
	at java.lang.Thread.run(Thread.java:745)
Caused by: java.net.ConnectException: Connection refused: /127.0.0.1:9444
	at sun.nio.ch.SocketChannelImpl.checkConnect(Native Method)
	at sun.nio.ch.SocketChannelImpl.finishConnect(SocketChannelImpl.java:717)
	at org.jboss.netty.channel.socket.nio.NioClientBoss.connect(NioClientBoss.java:152)
	at org.jboss.netty.channel.socket.nio.NioClientBoss.processSelectedKeys(NioClientBoss.java:105)
	at org.jboss.netty.channel.socket.nio.NioClientBoss.process(NioClientBoss.java:79)
	at org.jboss.netty.channel.socket.nio.AbstractNioSelector.run(AbstractNioSelector.java:337)
	at org.jboss.netty.channel.socket.nio.NioClientBoss.run(NioClientBoss.java:42)
	at org.jboss.netty.util.ThreadRenamingRunnable.run(ThreadRenamingRunnable.java:108)
	at org.jboss.netty.util.internal.DeadLockProofWorker$1.run(DeadLockProofWorker.java:42)
	... 3 more
[2016-04-18 03:03:35,718][TRACE][org.elasticsearch.discovery.zen.ping.unicast] [node_t1] [2] received response from {#zen_unicast_6#}{::1}{[::1]:9440}: [ping_response{node [{node_t2}{zpsanQF7R4u6zEfa6p-Xfw}{127.0.0.1}{127.0.0.1:9440}[mode=>network]], id[376], master [null], hasJoinedOnce [false], cluster_name[TEST-CHILD_VM=[0]-CLUSTER_SEED=[-7449427405447180618]-HASH=[2645B46835F9]-cluster]}, ping_response{node [{node_t2}{zpsanQF7R4u6zEfa6p-Xfw}{127.0.0.1}{127.0.0.1:9440}[mode=>network]], id[376], master [null], hasJoinedOnce [false], cluster_name[TEST-CHILD_VM=[0]-CLUSTER_SEED=[-7449427405447180618]-HASH=[2645B46835F9]-cluster]}, ping_response{node [{node_t2}{zpsanQF7R4u6zEfa6p-Xfw}{127.0.0.1}{127.0.0.1:9440}[mode=>network]], id[376], master [null], hasJoinedOnce [false], cluster_name[TEST-CHILD_VM=[0]-CLUSTER_SEED=[-7449427405447180618]-HASH=[2645B46835F9]-cluster]}, ping_response{node [{node_t1}{YucHs-5XRNO-JChWAzIIZg}{127.0.0.1}{127.0.0.1:9441}[mode=>network]], id[382], master [null], hasJoinedOnce [true], cluster_name[TEST-CHILD_VM=[0]-CLUSTER_SEED=[-7449427405447180618]-HASH=[2645B46835F9]-cluster]}, ping_response{node [{node_t1}{YucHs-5XRNO-JChWAzIIZg}{127.0.0.1}{127.0.0.1:9441}[mode=>network]], id[382], master [null], hasJoinedOnce [true], cluster_name[TEST-CHILD_VM=[0]-CLUSTER_SEED=[-7449427405447180618]-HASH=[2645B46835F9]-cluster]}, ping_response{node [{node_t1}{YucHs-5XRNO-JChWAzIIZg}{127.0.0.1}{127.0.0.1:9441}[mode=>network]], id[382], master [null], hasJoinedOnce [true], cluster_name[TEST-CHILD_VM=[0]-CLUSTER_SEED=[-7449427405447180618]-HASH=[2645B46835F9]-cluster]}, ping_response{node [{node_t2}{zpsanQF7R4u6zEfa6p-Xfw}{127.0.0.1}{127.0.0.1:9440}[mode=>network]], id[389], master [null], hasJoinedOnce [false], cluster_name[TEST-CHILD_VM=[0]-CLUSTER_SEED=[-7449427405447180618]-HASH=[2645B46835F9]-cluster]}, ping_response{node [{node_t2}{zpsanQF7R4u6zEfa6p-Xfw}{127.0.0.1}{127.0.0.1:9440}[mode=>network]], id[389], master [null], hasJoinedOnce [false], cluster_name[TEST-CHILD_VM=[0]-CLUSTER_SEED=[-7449427405447180618]-HASH=[2645B46835F9]-cluster]}, ping_response{node [{node_t2}{zpsanQF7R4u6zEfa6p-Xfw}{127.0.0.1}{127.0.0.1:9440}[mode=>network]], id[389], master [null], hasJoinedOnce [false], cluster_name[TEST-CHILD_VM=[0]-CLUSTER_SEED=[-7449427405447180618]-HASH=[2645B46835F9]-cluster]}, ping_response{node [{node_t1}{YucHs-5XRNO-JChWAzIIZg}{127.0.0.1}{127.0.0.1:9441}[mode=>network]], id[396], master [null], hasJoinedOnce [true], cluster_name[TEST-CHILD_VM=[0]-CLUSTER_SEED=[-7449427405447180618]-HASH=[2645B46835F9]-cluster]}, ping_response{node [{node_t1}{YucHs-5XRNO-JChWAzIIZg}{127.0.0.1}{127.0.0.1:9441}[mode=>network]], id[396], master [null], hasJoinedOnce [true], cluster_name[TEST-CHILD_VM=[0]-CLUSTER_SEED=[-7449427405447180618]-HASH=[2645B46835F9]-cluster]}, ping_response{node [{node_t2}{zpsanQF7R4u6zEfa6p-Xfw}{127.0.0.1}{127.0.0.1:9440}[mode=>network]], id[399], master [null], hasJoinedOnce [false], cluster_name[TEST-CHILD_VM=[0]-CLUSTER_SEED=[-7449427405447180618]-HASH=[2645B46835F9]-cluster]}]
[2016-04-18 03:03:35,718][TRACE][org.elasticsearch.discovery.zen.ping.unicast] [node_t1] [2] failed to connect to {#zen_unicast_4#}{127.0.0.1}{127.0.0.1:9443}
ConnectTransportException[[][127.0.0.1:9443] connect_timeout[30s]]; nested: ConnectException[Connection refused: /127.0.0.1:9443];
	at org.elasticsearch.transport.netty.NettyTransport.connectToChannelsLight(NettyTransport.java:954)
	at org.elasticsearch.transport.netty.NettyTransport.connectToNode(NettyTransport.java:918)
	at org.elasticsearch.transport.netty.NettyTransport.connectToNodeLight(NettyTransport.java:890)
	at org.elasticsearch.test.transport.MockTransportService$LookupTestTransport.connectToNodeLight(MockTransportService.java:413)
	at org.elasticsearch.transport.TransportService.connectToNodeLight(TransportService.java:242)
	at org.elasticsearch.discovery.zen.ping.unicast.UnicastZenPing$3.run(UnicastZenPing.java:395)
	at java.util.concurrent.ThreadPoolExecutor.runWorker(ThreadPoolExecutor.java:1142)
	at java.util.concurrent.ThreadPoolExecutor$Worker.run(ThreadPoolExecutor.java:617)
	at java.lang.Thread.run(Thread.java:745)
Caused by: java.net.ConnectException: Connection refused: /127.0.0.1:9443
	at sun.nio.ch.SocketChannelImpl.checkConnect(Native Method)
	at sun.nio.ch.SocketChannelImpl.finishConnect(SocketChannelImpl.java:717)
	at org.jboss.netty.channel.socket.nio.NioClientBoss.connect(NioClientBoss.java:152)
	at org.jboss.netty.channel.socket.nio.NioClientBoss.processSelectedKeys(NioClientBoss.java:105)
	at org.jboss.netty.channel.socket.nio.NioClientBoss.process(NioClientBoss.java:79)
	at org.jboss.netty.channel.socket.nio.AbstractNioSelector.run(AbstractNioSelector.java:337)
	at org.jboss.netty.channel.socket.nio.NioClientBoss.run(NioClientBoss.java:42)
	at org.jboss.netty.util.ThreadRenamingRunnable.run(ThreadRenamingRunnable.java:108)
	at org.jboss.netty.util.internal.DeadLockProofWorker$1.run(DeadLockProofWorker.java:42)
	... 3 more
[2016-04-18 03:03:35,719][TRACE][org.elasticsearch.discovery.zen.ping.unicast] [node_t1] [2] failed to connect to {#zen_unicast_9#}{::1}{[::1]:9443}
ConnectTransportException[[][[::1]:9443] connect_timeout[30s]]; nested: ConnectException[Connection refused: /0:0:0:0:0:0:0:1:9443];
	at org.elasticsearch.transport.netty.NettyTransport.connectToChannelsLight(NettyTransport.java:954)
	at org.elasticsearch.transport.netty.NettyTransport.connectToNode(NettyTransport.java:918)
	at org.elasticsearch.transport.netty.NettyTransport.connectToNodeLight(NettyTransport.java:890)
	at org.elasticsearch.test.transport.MockTransportService$LookupTestTransport.connectToNodeLight(MockTransportService.java:413)
	at org.elasticsearch.transport.TransportService.connectToNodeLight(TransportService.java:242)
	at org.elasticsearch.discovery.zen.ping.unicast.UnicastZenPing$3.run(UnicastZenPing.java:395)
	at java.util.concurrent.ThreadPoolExecutor.runWorker(ThreadPoolExecutor.java:1142)
	at java.util.concurrent.ThreadPoolExecutor$Worker.run(ThreadPoolExecutor.java:617)
	at java.lang.Thread.run(Thread.java:745)
Caused by: java.net.ConnectException: Connection refused: /0:0:0:0:0:0:0:1:9443
	at sun.nio.ch.SocketChannelImpl.checkConnect(Native Method)
	at sun.nio.ch.SocketChannelImpl.finishConnect(SocketChannelImpl.java:717)
	at org.jboss.netty.channel.socket.nio.NioClientBoss.connect(NioClientBoss.java:152)
	at org.jboss.netty.channel.socket.nio.NioClientBoss.processSelectedKeys(NioClientBoss.java:105)
	at org.jboss.netty.channel.socket.nio.NioClientBoss.process(NioClientBoss.java:79)
	at org.jboss.netty.channel.socket.nio.AbstractNioSelector.run(AbstractNioSelector.java:337)
	at org.jboss.netty.channel.socket.nio.NioClientBoss.run(NioClientBoss.java:42)
	at org.jboss.netty.util.ThreadRenamingRunnable.run(ThreadRenamingRunnable.java:108)
	at org.jboss.netty.util.internal.DeadLockProofWorker$1.run(DeadLockProofWorker.java:42)
	... 3 more
[2016-04-18 03:03:35,719][TRACE][org.elasticsearch.discovery.zen.ping.unicast] [node_t1] [2] failed to connect to {#zen_unicast_8#}{::1}{[::1]:9442}
ConnectTransportException[[][[::1]:9442] connect_timeout[30s]]; nested: ConnectException[Connection refused: /0:0:0:0:0:0:0:1:9442];
	at org.elasticsearch.transport.netty.NettyTransport.connectToChannelsLight(NettyTransport.java:954)
	at org.elasticsearch.transport.netty.NettyTransport.connectToNode(NettyTransport.java:918)
	at org.elasticsearch.transport.netty.NettyTransport.connectToNodeLight(NettyTransport.java:890)
	at org.elasticsearch.test.transport.MockTransportService$LookupTestTransport.connectToNodeLight(MockTransportService.java:413)
	at org.elasticsearch.transport.TransportService.connectToNodeLight(TransportService.java:242)
	at org.elasticsearch.discovery.zen.ping.unicast.UnicastZenPing$3.run(UnicastZenPing.java:395)
	at java.util.concurrent.ThreadPoolExecutor.runWorker(ThreadPoolExecutor.java:1142)
	at java.util.concurrent.ThreadPoolExecutor$Worker.run(ThreadPoolExecutor.java:617)
	at java.lang.Thread.run(Thread.java:745)
Caused by: java.net.ConnectException: Connection refused: /0:0:0:0:0:0:0:1:9442
	at sun.nio.ch.SocketChannelImpl.checkConnect(Native Method)
	at sun.nio.ch.SocketChannelImpl.finishConnect(SocketChannelImpl.java:717)
	at org.jboss.netty.channel.socket.nio.NioClientBoss.connect(NioClientBoss.java:152)
	at org.jboss.netty.channel.socket.nio.NioClientBoss.processSelectedKeys(NioClientBoss.java:105)
	at org.jboss.netty.channel.socket.nio.NioClientBoss.process(NioClientBoss.java:79)
	at org.jboss.netty.channel.socket.nio.AbstractNioSelector.run(AbstractNioSelector.java:337)
	at org.jboss.netty.channel.socket.nio.NioClientBoss.run(NioClientBoss.java:42)
	at org.jboss.netty.util.ThreadRenamingRunnable.run(ThreadRenamingRunnable.java:108)
	at org.jboss.netty.util.internal.DeadLockProofWorker$1.run(DeadLockProofWorker.java:42)
	... 3 more
[2016-04-18 03:03:35,719][TRACE][org.elasticsearch.discovery.zen.ping.unicast] [node_t1] [2] failed to connect to {#zen_unicast_10#}{::1}{[::1]:9444}
ConnectTransportException[[][[::1]:9444] connect_timeout[30s]]; nested: ConnectException[Connection refused: /0:0:0:0:0:0:0:1:9444];
	at org.elasticsearch.transport.netty.NettyTransport.connectToChannelsLight(NettyTransport.java:954)
	at org.elasticsearch.transport.netty.NettyTransport.connectToNode(NettyTransport.java:918)
	at org.elasticsearch.transport.netty.NettyTransport.connectToNodeLight(NettyTransport.java:890)
	at org.elasticsearch.test.transport.MockTransportService$LookupTestTransport.connectToNodeLight(MockTransportService.java:413)
	at org.elasticsearch.transport.TransportService.connectToNodeLight(TransportService.java:242)
	at org.elasticsearch.discovery.zen.ping.unicast.UnicastZenPing$3.run(UnicastZenPing.java:395)
	at java.util.concurrent.ThreadPoolExecutor.runWorker(ThreadPoolExecutor.java:1142)
	at java.util.concurrent.ThreadPoolExecutor$Worker.run(ThreadPoolExecutor.java:617)
	at java.lang.Thread.run(Thread.java:745)
Caused by: java.net.ConnectException: Connection refused: /0:0:0:0:0:0:0:1:9444
	at sun.nio.ch.SocketChannelImpl.checkConnect(Native Method)
	at sun.nio.ch.SocketChannelImpl.finishConnect(SocketChannelImpl.java:717)
	at org.jboss.netty.channel.socket.nio.NioClientBoss.connect(NioClientBoss.java:152)
	at org.jboss.netty.channel.socket.nio.NioClientBoss.processSelectedKeys(NioClientBoss.java:105)
	at org.jboss.netty.channel.socket.nio.NioClientBoss.process(NioClientBoss.java:79)
	at org.jboss.netty.channel.socket.nio.AbstractNioSelector.run(AbstractNioSelector.java:337)
	at org.jboss.netty.channel.socket.nio.NioClientBoss.run(NioClientBoss.java:42)
	at org.jboss.netty.util.ThreadRenamingRunnable.run(ThreadRenamingRunnable.java:108)
	at org.jboss.netty.util.internal.DeadLockProofWorker$1.run(DeadLockProofWorker.java:42)
	... 3 more
[2016-04-18 03:03:35,719][TRACE][org.elasticsearch.discovery.zen.ping.unicast] [node_t1] replacing {node_t2}{zpsanQF7R4u6zEfa6p-Xfw}{127.0.0.1}{127.0.0.1:9440}[mode=>network] with temp node {#zen_unicast_14_zpsanQF7R4u6zEfa6p-Xfw#}{127.0.0.1}{127.0.0.1:9440}[mode=>network]
[2016-04-18 03:03:35,721][TRACE][org.elasticsearch.discovery.zen.ping.unicast] [node_t1] [2] connecting (light) to {#zen_unicast_14_zpsanQF7R4u6zEfa6p-Xfw#}{127.0.0.1}{127.0.0.1:9440}[mode=>network]
[2016-04-18 03:03:35,721][TRACE][org.elasticsearch.discovery.zen.ping.unicast] [node_t1] [2] connected to {node_t2}{zpsanQF7R4u6zEfa6p-Xfw}{127.0.0.1}{127.0.0.1:9440}[mode=>network]
[2016-04-18 03:03:35,721][TRACE][org.elasticsearch.discovery.zen.ping.unicast] [node_t1] [2] sending to {#zen_unicast_14_zpsanQF7R4u6zEfa6p-Xfw#}{127.0.0.1}{127.0.0.1:9440}[mode=>network]
[2016-04-18 03:03:35,722][TRACE][org.elasticsearch.discovery.zen.ping.unicast] [node_t1] [2] received response from {#zen_unicast_14_zpsanQF7R4u6zEfa6p-Xfw#}{127.0.0.1}{127.0.0.1:9440}[mode=>network]: [ping_response{node [{node_t2}{zpsanQF7R4u6zEfa6p-Xfw}{127.0.0.1}{127.0.0.1:9440}[mode=>network]], id[376], master [null], hasJoinedOnce [false], cluster_name[TEST-CHILD_VM=[0]-CLUSTER_SEED=[-7449427405447180618]-HASH=[2645B46835F9]-cluster]}, ping_response{node [{node_t2}{zpsanQF7R4u6zEfa6p-Xfw}{127.0.0.1}{127.0.0.1:9440}[mode=>network]], id[376], master [null], hasJoinedOnce [false], cluster_name[TEST-CHILD_VM=[0]-CLUSTER_SEED=[-7449427405447180618]-HASH=[2645B46835F9]-cluster]}, ping_response{node [{node_t2}{zpsanQF7R4u6zEfa6p-Xfw}{127.0.0.1}{127.0.0.1:9440}[mode=>network]], id[376], master [null], hasJoinedOnce [false], cluster_name[TEST-CHILD_VM=[0]-CLUSTER_SEED=[-7449427405447180618]-HASH=[2645B46835F9]-cluster]}, ping_response{node [{node_t1}{YucHs-5XRNO-JChWAzIIZg}{127.0.0.1}{127.0.0.1:9441}[mode=>network]], id[382], master [null], hasJoinedOnce [true], cluster_name[TEST-CHILD_VM=[0]-CLUSTER_SEED=[-7449427405447180618]-HASH=[2645B46835F9]-cluster]}, ping_response{node [{node_t1}{YucHs-5XRNO-JChWAzIIZg}{127.0.0.1}{127.0.0.1:9441}[mode=>network]], id[382], master [null], hasJoinedOnce [true], cluster_name[TEST-CHILD_VM=[0]-CLUSTER_SEED=[-7449427405447180618]-HASH=[2645B46835F9]-cluster]}, ping_response{node [{node_t1}{YucHs-5XRNO-JChWAzIIZg}{127.0.0.1}{127.0.0.1:9441}[mode=>network]], id[382], master [null], hasJoinedOnce [true], cluster_name[TEST-CHILD_VM=[0]-CLUSTER_SEED=[-7449427405447180618]-HASH=[2645B46835F9]-cluster]}, ping_response{node [{node_t2}{zpsanQF7R4u6zEfa6p-Xfw}{127.0.0.1}{127.0.0.1:9440}[mode=>network]], id[389], master [null], hasJoinedOnce [false], cluster_name[TEST-CHILD_VM=[0]-CLUSTER_SEED=[-7449427405447180618]-HASH=[2645B46835F9]-cluster]}, ping_response{node [{node_t2}{zpsanQF7R4u6zEfa6p-Xfw}{127.0.0.1}{127.0.0.1:9440}[mode=>network]], id[389], master [null], hasJoinedOnce [false], cluster_name[TEST-CHILD_VM=[0]-CLUSTER_SEED=[-7449427405447180618]-HASH=[2645B46835F9]-cluster]}, ping_response{node [{node_t2}{zpsanQF7R4u6zEfa6p-Xfw}{127.0.0.1}{127.0.0.1:9440}[mode=>network]], id[389], master [null], hasJoinedOnce [false], cluster_name[TEST-CHILD_VM=[0]-CLUSTER_SEED=[-7449427405447180618]-HASH=[2645B46835F9]-cluster]}, ping_response{node [{node_t1}{YucHs-5XRNO-JChWAzIIZg}{127.0.0.1}{127.0.0.1:9441}[mode=>network]], id[396], master [null], hasJoinedOnce [true], cluster_name[TEST-CHILD_VM=[0]-CLUSTER_SEED=[-7449427405447180618]-HASH=[2645B46835F9]-cluster]}, ping_response{node [{node_t1}{YucHs-5XRNO-JChWAzIIZg}{127.0.0.1}{127.0.0.1:9441}[mode=>network]], id[396], master [null], hasJoinedOnce [true], cluster_name[TEST-CHILD_VM=[0]-CLUSTER_SEED=[-7449427405447180618]-HASH=[2645B46835F9]-cluster]}, ping_response{node [{node_t1}{YucHs-5XRNO-JChWAzIIZg}{127.0.0.1}{127.0.0.1:9441}[mode=>network]], id[396], master [null], hasJoinedOnce [true], cluster_name[TEST-CHILD_VM=[0]-CLUSTER_SEED=[-7449427405447180618]-HASH=[2645B46835F9]-cluster]}, ping_response{node [{node_t2}{zpsanQF7R4u6zEfa6p-Xfw}{127.0.0.1}{127.0.0.1:9440}[mode=>network]], id[402], master [null], hasJoinedOnce [false], cluster_name[TEST-CHILD_VM=[0]-CLUSTER_SEED=[-7449427405447180618]-HASH=[2645B46835F9]-cluster]}]
[2016-04-18 03:03:35,722][TRACE][org.elasticsearch.discovery.zen.ping.unicast] [node_t1] [2] disconnecting from {#zen_unicast_1#}{127.0.0.1}{127.0.0.1:9440}
[2016-04-18 03:03:35,722][TRACE][org.elasticsearch.discovery.zen] [node_t1] full ping responses:
	--> ping_response{node [{node_t2}{zpsanQF7R4u6zEfa6p-Xfw}{127.0.0.1}{127.0.0.1:9440}[mode=>network]], id[402], master [null], hasJoinedOnce [false], cluster_name[TEST-CHILD_VM=[0]-CLUSTER_SEED=[-7449427405447180618]-HASH=[2645B46835F9]-cluster]}
[2016-04-18 03:03:35,722][DEBUG][org.elasticsearch.discovery.zen] [node_t1] filtered ping responses: (filter_client[true], filter_data[false])
	--> ping_response{node [{node_t2}{zpsanQF7R4u6zEfa6p-Xfw}{127.0.0.1}{127.0.0.1:9440}[mode=>network]], id[402], master [null], hasJoinedOnce [false], cluster_name[TEST-CHILD_VM=[0]-CLUSTER_SEED=[-7449427405447180618]-HASH=[2645B46835F9]-cluster]}
[2016-04-18 03:03:35,722][TRACE][org.elasticsearch.discovery.zen.ping.unicast] [node_t1] [2] disconnecting from {#zen_unicast_6#}{::1}{[::1]:9440}
[2016-04-18 03:03:35,722][TRACE][org.elasticsearch.discovery.zen] [node_t1] adding local node to the list of active nodes who has previously joined the cluster (joins counter is [1})
[2016-04-18 03:03:35,722][DEBUG][org.elasticsearch.discovery.zen] [node_t1] elected as master, waiting for incoming joins ([1] needed)
[2016-04-18 03:03:35,723][TRACE][org.elasticsearch.discovery.zen.ping.unicast] [node_t1] [2] disconnecting from {#zen_unicast_14_zpsanQF7R4u6zEfa6p-Xfw#}{127.0.0.1}{127.0.0.1:9440}[mode=>network]
[2016-04-18 03:03:35,723][TRACE][org.elasticsearch.discovery.zen] [node_t1] not enough joins for election. Got [0], required [1]
[2016-04-18 03:03:35,723][TRACE][org.elasticsearch.discovery.zen.ping.unicast] [node_t1] [2] disconnecting from {#zen_unicast_5#}{127.0.0.1}{127.0.0.1:9444}
[2016-04-18 03:03:35,723][TRACE][org.elasticsearch.discovery.zen.ping.unicast] [node_t1] [2] disconnecting from {#zen_unicast_13_zpsanQF7R4u6zEfa6p-Xfw#}{127.0.0.1}{127.0.0.1:9440}[mode=>network]
[2016-04-18 03:03:35,723][TRACE][org.elasticsearch.discovery.zen.ping.unicast] [node_t1] [2] disconnecting from {#zen_unicast_4#}{127.0.0.1}{127.0.0.1:9443}
[2016-04-18 03:03:35,723][TRACE][org.elasticsearch.discovery.zen.ping.unicast] [node_t1] [2] disconnecting from {#zen_unicast_3#}{127.0.0.1}{127.0.0.1:9442}
[2016-04-18 03:03:35,723][TRACE][org.elasticsearch.discovery.zen.ping.unicast] [node_t1] [2] disconnecting from {#zen_unicast_10#}{::1}{[::1]:9444}
[2016-04-18 03:03:35,723][TRACE][org.elasticsearch.discovery.zen.ping.unicast] [node_t1] [2] disconnecting from {#zen_unicast_9#}{::1}{[::1]:9443}
[2016-04-18 03:03:35,723][TRACE][org.elasticsearch.discovery.zen.ping.unicast] [node_t1] [2] disconnecting from {#zen_unicast_8#}{::1}{[::1]:9442}
[2016-04-18 03:03:35,723][TRACE][org.elasticsearch.discovery.zen.ping.unicast] [node_t1] [2] disconnecting from {#zen_unicast_7#}{::1}{[::1]:9441}
[2016-04-18 03:03:35,777][TRACE][org.elasticsearch.discovery.zen.ping.unicast] [node_t2] [1] sending to {node_t2}{zpsanQF7R4u6zEfa6p-Xfw}{127.0.0.1}{127.0.0.1:9440}[mode=>network]
[2016-04-18 03:03:35,777][TRACE][org.elasticsearch.discovery.zen.ping.unicast] [node_t2] [1] received response from {node_t2}{zpsanQF7R4u6zEfa6p-Xfw}{127.0.0.1}{127.0.0.1:9440}[mode=>network]: [ping_response{node [{node_t2}{zpsanQF7R4u6zEfa6p-Xfw}{127.0.0.1}{127.0.0.1:9440}[mode=>network]], id[376], master [null], hasJoinedOnce [false], cluster_name[TEST-CHILD_VM=[0]-CLUSTER_SEED=[-7449427405447180618]-HASH=[2645B46835F9]-cluster]}, ping_response{node [{node_t2}{zpsanQF7R4u6zEfa6p-Xfw}{127.0.0.1}{127.0.0.1:9440}[mode=>network]], id[376], master [null], hasJoinedOnce [false], cluster_name[TEST-CHILD_VM=[0]-CLUSTER_SEED=[-7449427405447180618]-HASH=[2645B46835F9]-cluster]}, ping_response{node [{node_t2}{zpsanQF7R4u6zEfa6p-Xfw}{127.0.0.1}{127.0.0.1:9440}[mode=>network]], id[376], master [null], hasJoinedOnce [false], cluster_name[TEST-CHILD_VM=[0]-CLUSTER_SEED=[-7449427405447180618]-HASH=[2645B46835F9]-cluster]}, ping_response{node [{node_t1}{YucHs-5XRNO-JChWAzIIZg}{127.0.0.1}{127.0.0.1:9441}[mode=>network]], id[382], master [null], hasJoinedOnce [true], cluster_name[TEST-CHILD_VM=[0]-CLUSTER_SEED=[-7449427405447180618]-HASH=[2645B46835F9]-cluster]}, ping_response{node [{node_t1}{YucHs-5XRNO-JChWAzIIZg}{127.0.0.1}{127.0.0.1:9441}[mode=>network]], id[382], master [null], hasJoinedOnce [true], cluster_name[TEST-CHILD_VM=[0]-CLUSTER_SEED=[-7449427405447180618]-HASH=[2645B46835F9]-cluster]}, ping_response{node [{node_t1}{YucHs-5XRNO-JChWAzIIZg}{127.0.0.1}{127.0.0.1:9441}[mode=>network]], id[382], master [null], hasJoinedOnce [true], cluster_name[TEST-CHILD_VM=[0]-CLUSTER_SEED=[-7449427405447180618]-HASH=[2645B46835F9]-cluster]}, ping_response{node [{node_t2}{zpsanQF7R4u6zEfa6p-Xfw}{127.0.0.1}{127.0.0.1:9440}[mode=>network]], id[389], master [null], hasJoinedOnce [false], cluster_name[TEST-CHILD_VM=[0]-CLUSTER_SEED=[-7449427405447180618]-HASH=[2645B46835F9]-cluster]}, ping_response{node [{node_t2}{zpsanQF7R4u6zEfa6p-Xfw}{127.0.0.1}{127.0.0.1:9440}[mode=>network]], id[389], master [null], hasJoinedOnce [false], cluster_name[TEST-CHILD_VM=[0]-CLUSTER_SEED=[-7449427405447180618]-HASH=[2645B46835F9]-cluster]}, ping_response{node [{node_t2}{zpsanQF7R4u6zEfa6p-Xfw}{127.0.0.1}{127.0.0.1:9440}[mode=>network]], id[389], master [null], hasJoinedOnce [false], cluster_name[TEST-CHILD_VM=[0]-CLUSTER_SEED=[-7449427405447180618]-HASH=[2645B46835F9]-cluster]}, ping_response{node [{node_t1}{YucHs-5XRNO-JChWAzIIZg}{127.0.0.1}{127.0.0.1:9441}[mode=>network]], id[396], master [null], hasJoinedOnce [true], cluster_name[TEST-CHILD_VM=[0]-CLUSTER_SEED=[-7449427405447180618]-HASH=[2645B46835F9]-cluster]}, ping_response{node [{node_t1}{YucHs-5XRNO-JChWAzIIZg}{127.0.0.1}{127.0.0.1:9441}[mode=>network]], id[396], master [null], hasJoinedOnce [true], cluster_name[TEST-CHILD_VM=[0]-CLUSTER_SEED=[-7449427405447180618]-HASH=[2645B46835F9]-cluster]}, ping_response{node [{node_t1}{YucHs-5XRNO-JChWAzIIZg}{127.0.0.1}{127.0.0.1:9441}[mode=>network]], id[396], master [null], hasJoinedOnce [true], cluster_name[TEST-CHILD_VM=[0]-CLUSTER_SEED=[-7449427405447180618]-HASH=[2645B46835F9]-cluster]}, ping_response{node [{node_t2}{zpsanQF7R4u6zEfa6p-Xfw}{127.0.0.1}{127.0.0.1:9440}[mode=>network]], id[403], master [null], hasJoinedOnce [false], cluster_name[TEST-CHILD_VM=[0]-CLUSTER_SEED=[-7449427405447180618]-HASH=[2645B46835F9]-cluster]}, ping_response{node [{node_t2}{zpsanQF7R4u6zEfa6p-Xfw}{127.0.0.1}{127.0.0.1:9440}[mode=>network]], id[404], master [null], hasJoinedOnce [false], cluster_name[TEST-CHILD_VM=[0]-CLUSTER_SEED=[-7449427405447180618]-HASH=[2645B46835F9]-cluster]}]
[2016-04-18 03:03:35,778][TRACE][org.elasticsearch.discovery.zen.ping.unicast] [node_t2] [1] sending to {#zen_unicast_2#}{127.0.0.1}{127.0.0.1:9441}
[2016-04-18 03:03:35,778][TRACE][org.elasticsearch.discovery.zen.ping.unicast] [node_t2] [1] connecting (light) to {#zen_unicast_3#}{127.0.0.1}{127.0.0.1:9442}
[2016-04-18 03:03:35,778][TRACE][org.elasticsearch.discovery.zen.ping.unicast] [node_t2] [1] connecting (light) to {#zen_unicast_5#}{127.0.0.1}{127.0.0.1:9444}
[2016-04-18 03:03:35,778][TRACE][org.elasticsearch.discovery.zen.ping.unicast] [node_t2] [1] connecting (light) to {#zen_unicast_4#}{127.0.0.1}{127.0.0.1:9443}
[2016-04-18 03:03:35,778][TRACE][org.elasticsearch.discovery.zen.ping.unicast] [node_t2] [1] sending to {#zen_unicast_6#}{::1}{[::1]:9440}
[2016-04-18 03:03:35,778][TRACE][org.elasticsearch.discovery.zen.ping.unicast] [node_t2] [1] sending to {#zen_unicast_7#}{::1}{[::1]:9441}
[2016-04-18 03:03:35,778][TRACE][org.elasticsearch.discovery.zen.ping.unicast] [node_t2] [1] connecting (light) to {#zen_unicast_8#}{::1}{[::1]:9442}
[2016-04-18 03:03:35,778][TRACE][org.elasticsearch.discovery.zen.ping.unicast] [node_t2] [1] connecting (light) to {#zen_unicast_10#}{::1}{[::1]:9444}
[2016-04-18 03:03:35,778][TRACE][org.elasticsearch.discovery.zen.ping.unicast] [node_t2] [1] received response from {#zen_unicast_2#}{127.0.0.1}{127.0.0.1:9441}: [ping_response{node [{node_t1}{YucHs-5XRNO-JChWAzIIZg}{127.0.0.1}{127.0.0.1:9441}[mode=>network]], id[372], master [{node_t0}{MSgO3f-9S-yat_4GxxKW6w}{127.0.0.1}{127.0.0.1:9440}[mode=>network]], hasJoinedOnce [true], cluster_name[TEST-CHILD_VM=[0]-CLUSTER_SEED=[-7449427405447180618]-HASH=[2645B46835F9]-cluster]}, ping_response{node [{node_t1}{YucHs-5XRNO-JChWAzIIZg}{127.0.0.1}{127.0.0.1:9441}[mode=>network]], id[372], master [{node_t0}{MSgO3f-9S-yat_4GxxKW6w}{127.0.0.1}{127.0.0.1:9440}[mode=>network]], hasJoinedOnce [true], cluster_name[TEST-CHILD_VM=[0]-CLUSTER_SEED=[-7449427405447180618]-HASH=[2645B46835F9]-cluster]}, ping_response{node [{node_t1}{YucHs-5XRNO-JChWAzIIZg}{127.0.0.1}{127.0.0.1:9441}[mode=>network]], id[372], master [{node_t0}{MSgO3f-9S-yat_4GxxKW6w}{127.0.0.1}{127.0.0.1:9440}[mode=>network]], hasJoinedOnce [true], cluster_name[TEST-CHILD_VM=[0]-CLUSTER_SEED=[-7449427405447180618]-HASH=[2645B46835F9]-cluster]}, ping_response{node [{node_t2}{zpsanQF7R4u6zEfa6p-Xfw}{127.0.0.1}{127.0.0.1:9440}[mode=>network]], id[376], master [null], hasJoinedOnce [false], cluster_name[TEST-CHILD_VM=[0]-CLUSTER_SEED=[-7449427405447180618]-HASH=[2645B46835F9]-cluster]}, ping_response{node [{node_t2}{zpsanQF7R4u6zEfa6p-Xfw}{127.0.0.1}{127.0.0.1:9440}[mode=>network]], id[376], master [null], hasJoinedOnce [false], cluster_name[TEST-CHILD_VM=[0]-CLUSTER_SEED=[-7449427405447180618]-HASH=[2645B46835F9]-cluster]}, ping_response{node [{node_t1}{YucHs-5XRNO-JChWAzIIZg}{127.0.0.1}{127.0.0.1:9441}[mode=>network]], id[382], master [null], hasJoinedOnce [true], cluster_name[TEST-CHILD_VM=[0]-CLUSTER_SEED=[-7449427405447180618]-HASH=[2645B46835F9]-cluster]}, ping_response{node [{node_t1}{YucHs-5XRNO-JChWAzIIZg}{127.0.0.1}{127.0.0.1:9441}[mode=>network]], id[382], master [null], hasJoinedOnce [true], cluster_name[TEST-CHILD_VM=[0]-CLUSTER_SEED=[-7449427405447180618]-HASH=[2645B46835F9]-cluster]}, ping_response{node [{node_t1}{YucHs-5XRNO-JChWAzIIZg}{127.0.0.1}{127.0.0.1:9441}[mode=>network]], id[382], master [null], hasJoinedOnce [true], cluster_name[TEST-CHILD_VM=[0]-CLUSTER_SEED=[-7449427405447180618]-HASH=[2645B46835F9]-cluster]}, ping_response{node [{node_t2}{zpsanQF7R4u6zEfa6p-Xfw}{127.0.0.1}{127.0.0.1:9440}[mode=>network]], id[389], master [null], hasJoinedOnce [false], cluster_name[TEST-CHILD_VM=[0]-CLUSTER_SEED=[-7449427405447180618]-HASH=[2645B46835F9]-cluster]}, ping_response{node [{node_t2}{zpsanQF7R4u6zEfa6p-Xfw}{127.0.0.1}{127.0.0.1:9440}[mode=>network]], id[389], master [null], hasJoinedOnce [false], cluster_name[TEST-CHILD_VM=[0]-CLUSTER_SEED=[-7449427405447180618]-HASH=[2645B46835F9]-cluster]}, ping_response{node [{node_t2}{zpsanQF7R4u6zEfa6p-Xfw}{127.0.0.1}{127.0.0.1:9440}[mode=>network]], id[389], master [null], hasJoinedOnce [false], cluster_name[TEST-CHILD_VM=[0]-CLUSTER_SEED=[-7449427405447180618]-HASH=[2645B46835F9]-cluster]}, ping_response{node [{node_t1}{YucHs-5XRNO-JChWAzIIZg}{127.0.0.1}{127.0.0.1:9441}[mode=>network]], id[396], master [null], hasJoinedOnce [true], cluster_name[TEST-CHILD_VM=[0]-CLUSTER_SEED=[-7449427405447180618]-HASH=[2645B46835F9]-cluster]}, ping_response{node [{node_t1}{YucHs-5XRNO-JChWAzIIZg}{127.0.0.1}{127.0.0.1:9441}[mode=>network]], id[396], master [null], hasJoinedOnce [true], cluster_name[TEST-CHILD_VM=[0]-CLUSTER_SEED=[-7449427405447180618]-HASH=[2645B46835F9]-cluster]}, ping_response{node [{node_t1}{YucHs-5XRNO-JChWAzIIZg}{127.0.0.1}{127.0.0.1:9441}[mode=>network]], id[396], master [null], hasJoinedOnce [true], cluster_name[TEST-CHILD_VM=[0]-CLUSTER_SEED=[-7449427405447180618]-HASH=[2645B46835F9]-cluster]}, ping_response{node [{node_t2}{zpsanQF7R4u6zEfa6p-Xfw}{127.0.0.1}{127.0.0.1:9440}[mode=>network]], id[403], master [null], hasJoinedOnce [false], cluster_name[TEST-CHILD_VM=[0]-CLUSTER_SEED=[-7449427405447180618]-HASH=[2645B46835F9]-cluster]}, ping_response{node [{node_t1}{YucHs-5XRNO-JChWAzIIZg}{127.0.0.1}{127.0.0.1:9441}[mode=>network]], id[405], master [null], hasJoinedOnce [true], cluster_name[TEST-CHILD_VM=[0]-CLUSTER_SEED=[-7449427405447180618]-HASH=[2645B46835F9]-cluster]}]
[2016-04-18 03:03:35,778][TRACE][org.elasticsearch.discovery.zen.ping.unicast] [node_t2] replacing {node_t1}{YucHs-5XRNO-JChWAzIIZg}{127.0.0.1}{127.0.0.1:9441}[mode=>network] with temp node {#zen_unicast_12_YucHs-5XRNO-JChWAzIIZg#}{127.0.0.1}{127.0.0.1:9441}[mode=>network]
[2016-04-18 03:03:35,778][TRACE][org.elasticsearch.discovery.zen.ping.unicast] [node_t2] [1] connecting (light) to {#zen_unicast_9#}{::1}{[::1]:9443}
[2016-04-18 03:03:35,779][TRACE][org.elasticsearch.discovery.zen.ping.unicast] [node_t2] [1] connecting (light) to {#zen_unicast_12_YucHs-5XRNO-JChWAzIIZg#}{127.0.0.1}{127.0.0.1:9441}[mode=>network]
[2016-04-18 03:03:35,779][TRACE][org.elasticsearch.discovery.zen.ping.unicast] [node_t2] [1] sending to {node_t2}{zpsanQF7R4u6zEfa6p-Xfw}{127.0.0.1}{127.0.0.1:9440}[mode=>network]
[2016-04-18 03:03:35,779][TRACE][org.elasticsearch.discovery.zen.ping.unicast] [node_t2] [1] received response from {node_t2}{zpsanQF7R4u6zEfa6p-Xfw}{127.0.0.1}{127.0.0.1:9440}[mode=>network]: [ping_response{node [{node_t2}{zpsanQF7R4u6zEfa6p-Xfw}{127.0.0.1}{127.0.0.1:9440}[mode=>network]], id[376], master [null], hasJoinedOnce [false], cluster_name[TEST-CHILD_VM=[0]-CLUSTER_SEED=[-7449427405447180618]-HASH=[2645B46835F9]-cluster]}, ping_response{node [{node_t2}{zpsanQF7R4u6zEfa6p-Xfw}{127.0.0.1}{127.0.0.1:9440}[mode=>network]], id[376], master [null], hasJoinedOnce [false], cluster_name[TEST-CHILD_VM=[0]-CLUSTER_SEED=[-7449427405447180618]-HASH=[2645B46835F9]-cluster]}, ping_response{node [{node_t2}{zpsanQF7R4u6zEfa6p-Xfw}{127.0.0.1}{127.0.0.1:9440}[mode=>network]], id[376], master [null], hasJoinedOnce [false], cluster_name[TEST-CHILD_VM=[0]-CLUSTER_SEED=[-7449427405447180618]-HASH=[2645B46835F9]-cluster]}, ping_response{node [{node_t1}{YucHs-5XRNO-JChWAzIIZg}{127.0.0.1}{127.0.0.1:9441}[mode=>network]], id[382], master [null], hasJoinedOnce [true], cluster_name[TEST-CHILD_VM=[0]-CLUSTER_SEED=[-7449427405447180618]-HASH=[2645B46835F9]-cluster]}, ping_response{node [{node_t1}{YucHs-5XRNO-JChWAzIIZg}{127.0.0.1}{127.0.0.1:9441}[mode=>network]], id[382], master [null], hasJoinedOnce [true], cluster_name[TEST-CHILD_VM=[0]-CLUSTER_SEED=[-7449427405447180618]-HASH=[2645B46835F9]-cluster]}, ping_response{node [{node_t1}{YucHs-5XRNO-JChWAzIIZg}{127.0.0.1}{127.0.0.1:9441}[mode=>network]], id[382], master [null], hasJoinedOnce [true], cluster_name[TEST-CHILD_VM=[0]-CLUSTER_SEED=[-7449427405447180618]-HASH=[2645B46835F9]-cluster]}, ping_response{node [{node_t2}{zpsanQF7R4u6zEfa6p-Xfw}{127.0.0.1}{127.0.0.1:9440}[mode=>network]], id[389], master [null], hasJoinedOnce [false], cluster_name[TEST-CHILD_VM=[0]-CLUSTER_SEED=[-7449427405447180618]-HASH=[2645B46835F9]-cluster]}, ping_response{node [{node_t2}{zpsanQF7R4u6zEfa6p-Xfw}{127.0.0.1}{127.0.0.1:9440}[mode=>network]], id[389], master [null], hasJoinedOnce [false], cluster_name[TEST-CHILD_VM=[0]-CLUSTER_SEED=[-7449427405447180618]-HASH=[2645B46835F9]-cluster]}, ping_response{node [{node_t2}{zpsanQF7R4u6zEfa6p-Xfw}{127.0.0.1}{127.0.0.1:9440}[mode=>network]], id[389], master [null], hasJoinedOnce [false], cluster_name[TEST-CHILD_VM=[0]-CLUSTER_SEED=[-7449427405447180618]-HASH=[2645B46835F9]-cluster]}, ping_response{node [{node_t1}{YucHs-5XRNO-JChWAzIIZg}{127.0.0.1}{127.0.0.1:9441}[mode=>network]], id[396], master [null], hasJoinedOnce [true], cluster_name[TEST-CHILD_VM=[0]-CLUSTER_SEED=[-7449427405447180618]-HASH=[2645B46835F9]-cluster]}, ping_response{node [{node_t1}{YucHs-5XRNO-JChWAzIIZg}{127.0.0.1}{127.0.0.1:9441}[mode=>network]], id[396], master [null], hasJoinedOnce [true], cluster_name[TEST-CHILD_VM=[0]-CLUSTER_SEED=[-7449427405447180618]-HASH=[2645B46835F9]-cluster]}, ping_response{node [{node_t1}{YucHs-5XRNO-JChWAzIIZg}{127.0.0.1}{127.0.0.1:9441}[mode=>network]], id[396], master [null], hasJoinedOnce [true], cluster_name[TEST-CHILD_VM=[0]-CLUSTER_SEED=[-7449427405447180618]-HASH=[2645B46835F9]-cluster]}, ping_response{node [{node_t2}{zpsanQF7R4u6zEfa6p-Xfw}{127.0.0.1}{127.0.0.1:9440}[mode=>network]], id[403], master [null], hasJoinedOnce [false], cluster_name[TEST-CHILD_VM=[0]-CLUSTER_SEED=[-7449427405447180618]-HASH=[2645B46835F9]-cluster]}, ping_response{node [{node_t2}{zpsanQF7R4u6zEfa6p-Xfw}{127.0.0.1}{127.0.0.1:9440}[mode=>network]], id[403], master [null], hasJoinedOnce [false], cluster_name[TEST-CHILD_VM=[0]-CLUSTER_SEED=[-7449427405447180618]-HASH=[2645B46835F9]-cluster]}, ping_response{node [{node_t2}{zpsanQF7R4u6zEfa6p-Xfw}{127.0.0.1}{127.0.0.1:9440}[mode=>network]], id[403], master [null], hasJoinedOnce [false], cluster_name[TEST-CHILD_VM=[0]-CLUSTER_SEED=[-7449427405447180618]-HASH=[2645B46835F9]-cluster]}, ping_response{node [{node_t2}{zpsanQF7R4u6zEfa6p-Xfw}{127.0.0.1}{127.0.0.1:9440}[mode=>network]], id[408], master [null], hasJoinedOnce [false], cluster_name[TEST-CHILD_VM=[0]-CLUSTER_SEED=[-7449427405447180618]-HASH=[2645B46835F9]-cluster]}]
[2016-04-18 03:03:35,779][TRACE][org.elasticsearch.discovery.zen.ping.unicast] [node_t2] [1] failed to connect to {#zen_unicast_4#}{127.0.0.1}{127.0.0.1:9443}
ConnectTransportException[[][127.0.0.1:9443] connect_timeout[30s]]; nested: ConnectException[Connection refused: /127.0.0.1:9443];
	at org.elasticsearch.transport.netty.NettyTransport.connectToChannelsLight(NettyTransport.java:954)
	at org.elasticsearch.transport.netty.NettyTransport.connectToNode(NettyTransport.java:918)
	at org.elasticsearch.transport.netty.NettyTransport.connectToNodeLight(NettyTransport.java:890)
	at org.elasticsearch.test.transport.MockTransportService$LookupTestTransport.connectToNodeLight(MockTransportService.java:413)
	at org.elasticsearch.transport.TransportService.connectToNodeLight(TransportService.java:242)
	at org.elasticsearch.discovery.zen.ping.unicast.UnicastZenPing$3.run(UnicastZenPing.java:395)
	at java.util.concurrent.ThreadPoolExecutor.runWorker(ThreadPoolExecutor.java:1142)
	at java.util.concurrent.ThreadPoolExecutor$Worker.run(ThreadPoolExecutor.java:617)
	at java.lang.Thread.run(Thread.java:745)
Caused by: java.net.ConnectException: Connection refused: /127.0.0.1:9443
	at sun.nio.ch.SocketChannelImpl.checkConnect(Native Method)
	at sun.nio.ch.SocketChannelImpl.finishConnect(SocketChannelImpl.java:717)
	at org.jboss.netty.channel.socket.nio.NioClientBoss.connect(NioClientBoss.java:152)
	at org.jboss.netty.channel.socket.nio.NioClientBoss.processSelectedKeys(NioClientBoss.java:105)
	at org.jboss.netty.channel.socket.nio.NioClientBoss.process(NioClientBoss.java:79)
	at org.jboss.netty.channel.socket.nio.AbstractNioSelector.run(AbstractNioSelector.java:337)
	at org.jboss.netty.channel.socket.nio.NioClientBoss.run(NioClientBoss.java:42)
	at org.jboss.netty.util.ThreadRenamingRunnable.run(ThreadRenamingRunnable.java:108)
	at org.jboss.netty.util.internal.DeadLockProofWorker$1.run(DeadLockProofWorker.java:42)
	... 3 more
[2016-04-18 03:03:35,779][TRACE][org.elasticsearch.discovery.zen.ping.unicast] [node_t2] [1] received response from {#zen_unicast_7#}{::1}{[::1]:9441}: [ping_response{node [{node_t1}{YucHs-5XRNO-JChWAzIIZg}{127.0.0.1}{127.0.0.1:9441}[mode=>network]], id[372], master [{node_t0}{MSgO3f-9S-yat_4GxxKW6w}{127.0.0.1}{127.0.0.1:9440}[mode=>network]], hasJoinedOnce [true], cluster_name[TEST-CHILD_VM=[0]-CLUSTER_SEED=[-7449427405447180618]-HASH=[2645B46835F9]-cluster]}, ping_response{node [{node_t1}{YucHs-5XRNO-JChWAzIIZg}{127.0.0.1}{127.0.0.1:9441}[mode=>network]], id[372], master [{node_t0}{MSgO3f-9S-yat_4GxxKW6w}{127.0.0.1}{127.0.0.1:9440}[mode=>network]], hasJoinedOnce [true], cluster_name[TEST-CHILD_VM=[0]-CLUSTER_SEED=[-7449427405447180618]-HASH=[2645B46835F9]-cluster]}, ping_response{node [{node_t1}{YucHs-5XRNO-JChWAzIIZg}{127.0.0.1}{127.0.0.1:9441}[mode=>network]], id[372], master [{node_t0}{MSgO3f-9S-yat_4GxxKW6w}{127.0.0.1}{127.0.0.1:9440}[mode=>network]], hasJoinedOnce [true], cluster_name[TEST-CHILD_VM=[0]-CLUSTER_SEED=[-7449427405447180618]-HASH=[2645B46835F9]-cluster]}, ping_response{node [{node_t2}{zpsanQF7R4u6zEfa6p-Xfw}{127.0.0.1}{127.0.0.1:9440}[mode=>network]], id[376], master [null], hasJoinedOnce [false], cluster_name[TEST-CHILD_VM=[0]-CLUSTER_SEED=[-7449427405447180618]-HASH=[2645B46835F9]-cluster]}, ping_response{node [{node_t2}{zpsanQF7R4u6zEfa6p-Xfw}{127.0.0.1}{127.0.0.1:9440}[mode=>network]], id[376], master [null], hasJoinedOnce [false], cluster_name[TEST-CHILD_VM=[0]-CLUSTER_SEED=[-7449427405447180618]-HASH=[2645B46835F9]-cluster]}, ping_response{node [{node_t1}{YucHs-5XRNO-JChWAzIIZg}{127.0.0.1}{127.0.0.1:9441}[mode=>network]], id[382], master [null], hasJoinedOnce [true], cluster_name[TEST-CHILD_VM=[0]-CLUSTER_SEED=[-7449427405447180618]-HASH=[2645B46835F9]-cluster]}, ping_response{node [{node_t1}{YucHs-5XRNO-JChWAzIIZg}{127.0.0.1}{127.0.0.1:9441}[mode=>network]], id[382], master [null], hasJoinedOnce [true], cluster_name[TEST-CHILD_VM=[0]-CLUSTER_SEED=[-7449427405447180618]-HASH=[2645B46835F9]-cluster]}, ping_response{node [{node_t1}{YucHs-5XRNO-JChWAzIIZg}{127.0.0.1}{127.0.0.1:9441}[mode=>network]], id[382], master [null], hasJoinedOnce [true], cluster_name[TEST-CHILD_VM=[0]-CLUSTER_SEED=[-7449427405447180618]-HASH=[2645B46835F9]-cluster]}, ping_response{node [{node_t2}{zpsanQF7R4u6zEfa6p-Xfw}{127.0.0.1}{127.0.0.1:9440}[mode=>network]], id[389], master [null], hasJoinedOnce [false], cluster_name[TEST-CHILD_VM=[0]-CLUSTER_SEED=[-7449427405447180618]-HASH=[2645B46835F9]-cluster]}, ping_response{node [{node_t2}{zpsanQF7R4u6zEfa6p-Xfw}{127.0.0.1}{127.0.0.1:9440}[mode=>network]], id[389], master [null], hasJoinedOnce [false], cluster_name[TEST-CHILD_VM=[0]-CLUSTER_SEED=[-7449427405447180618]-HASH=[2645B46835F9]-cluster]}, ping_response{node [{node_t2}{zpsanQF7R4u6zEfa6p-Xfw}{127.0.0.1}{127.0.0.1:9440}[mode=>network]], id[389], master [null], hasJoinedOnce [false], cluster_name[TEST-CHILD_VM=[0]-CLUSTER_SEED=[-7449427405447180618]-HASH=[2645B46835F9]-cluster]}, ping_response{node [{node_t1}{YucHs-5XRNO-JChWAzIIZg}{127.0.0.1}{127.0.0.1:9441}[mode=>network]], id[396], master [null], hasJoinedOnce [true], cluster_name[TEST-CHILD_VM=[0]-CLUSTER_SEED=[-7449427405447180618]-HASH=[2645B46835F9]-cluster]}, ping_response{node [{node_t1}{YucHs-5XRNO-JChWAzIIZg}{127.0.0.1}{127.0.0.1:9441}[mode=>network]], id[396], master [null], hasJoinedOnce [true], cluster_name[TEST-CHILD_VM=[0]-CLUSTER_SEED=[-7449427405447180618]-HASH=[2645B46835F9]-cluster]}, ping_response{node [{node_t1}{YucHs-5XRNO-JChWAzIIZg}{127.0.0.1}{127.0.0.1:9441}[mode=>network]], id[396], master [null], hasJoinedOnce [true], cluster_name[TEST-CHILD_VM=[0]-CLUSTER_SEED=[-7449427405447180618]-HASH=[2645B46835F9]-cluster]}, ping_response{node [{node_t2}{zpsanQF7R4u6zEfa6p-Xfw}{127.0.0.1}{127.0.0.1:9440}[mode=>network]], id[403], master [null], hasJoinedOnce [false], cluster_name[TEST-CHILD_VM=[0]-CLUSTER_SEED=[-7449427405447180618]-HASH=[2645B46835F9]-cluster]}, ping_response{node [{node_t2}{zpsanQF7R4u6zEfa6p-Xfw}{127.0.0.1}{127.0.0.1:9440}[mode=>network]], id[403], master [null], hasJoinedOnce [false], cluster_name[TEST-CHILD_VM=[0]-CLUSTER_SEED=[-7449427405447180618]-HASH=[2645B46835F9]-cluster]}, ping_response{node [{node_t1}{YucHs-5XRNO-JChWAzIIZg}{127.0.0.1}{127.0.0.1:9441}[mode=>network]], id[407], master [null], hasJoinedOnce [true], cluster_name[TEST-CHILD_VM=[0]-CLUSTER_SEED=[-7449427405447180618]-HASH=[2645B46835F9]-cluster]}]
[2016-04-18 03:03:35,778][TRACE][org.elasticsearch.discovery.zen.ping.unicast] [node_t2] [1] received response from {#zen_unicast_6#}{::1}{[::1]:9440}: [ping_response{node [{node_t2}{zpsanQF7R4u6zEfa6p-Xfw}{127.0.0.1}{127.0.0.1:9440}[mode=>network]], id[376], master [null], hasJoinedOnce [false], cluster_name[TEST-CHILD_VM=[0]-CLUSTER_SEED=[-7449427405447180618]-HASH=[2645B46835F9]-cluster]}, ping_response{node [{node_t2}{zpsanQF7R4u6zEfa6p-Xfw}{127.0.0.1}{127.0.0.1:9440}[mode=>network]], id[376], master [null], hasJoinedOnce [false], cluster_name[TEST-CHILD_VM=[0]-CLUSTER_SEED=[-7449427405447180618]-HASH=[2645B46835F9]-cluster]}, ping_response{node [{node_t2}{zpsanQF7R4u6zEfa6p-Xfw}{127.0.0.1}{127.0.0.1:9440}[mode=>network]], id[376], master [null], hasJoinedOnce [false], cluster_name[TEST-CHILD_VM=[0]-CLUSTER_SEED=[-7449427405447180618]-HASH=[2645B46835F9]-cluster]}, ping_response{node [{node_t1}{YucHs-5XRNO-JChWAzIIZg}{127.0.0.1}{127.0.0.1:9441}[mode=>network]], id[382], master [null], hasJoinedOnce [true], cluster_name[TEST-CHILD_VM=[0]-CLUSTER_SEED=[-7449427405447180618]-HASH=[2645B46835F9]-cluster]}, ping_response{node [{node_t1}{YucHs-5XRNO-JChWAzIIZg}{127.0.0.1}{127.0.0.1:9441}[mode=>network]], id[382], master [null], hasJoinedOnce [true], cluster_name[TEST-CHILD_VM=[0]-CLUSTER_SEED=[-7449427405447180618]-HASH=[2645B46835F9]-cluster]}, ping_response{node [{node_t1}{YucHs-5XRNO-JChWAzIIZg}{127.0.0.1}{127.0.0.1:9441}[mode=>network]], id[382], master [null], hasJoinedOnce [true], cluster_name[TEST-CHILD_VM=[0]-CLUSTER_SEED=[-7449427405447180618]-HASH=[2645B46835F9]-cluster]}, ping_response{node [{node_t2}{zpsanQF7R4u6zEfa6p-Xfw}{127.0.0.1}{127.0.0.1:9440}[mode=>network]], id[389], master [null], hasJoinedOnce [false], cluster_name[TEST-CHILD_VM=[0]-CLUSTER_SEED=[-7449427405447180618]-HASH=[2645B46835F9]-cluster]}, ping_response{node [{node_t2}{zpsanQF7R4u6zEfa6p-Xfw}{127.0.0.1}{127.0.0.1:9440}[mode=>network]], id[389], master [null], hasJoinedOnce [false], cluster_name[TEST-CHILD_VM=[0]-CLUSTER_SEED=[-7449427405447180618]-HASH=[2645B46835F9]-cluster]}, ping_response{node [{node_t2}{zpsanQF7R4u6zEfa6p-Xfw}{127.0.0.1}{127.0.0.1:9440}[mode=>network]], id[389], master [null], hasJoinedOnce [false], cluster_name[TEST-CHILD_VM=[0]-CLUSTER_SEED=[-7449427405447180618]-HASH=[2645B46835F9]-cluster]}, ping_response{node [{node_t1}{YucHs-5XRNO-JChWAzIIZg}{127.0.0.1}{127.0.0.1:9441}[mode=>network]], id[396], master [null], hasJoinedOnce [true], cluster_name[TEST-CHILD_VM=[0]-CLUSTER_SEED=[-7449427405447180618]-HASH=[2645B46835F9]-cluster]}, ping_response{node [{node_t1}{YucHs-5XRNO-JChWAzIIZg}{127.0.0.1}{127.0.0.1:9441}[mode=>network]], id[396], master [null], hasJoinedOnce [true], cluster_name[TEST-CHILD_VM=[0]-CLUSTER_SEED=[-7449427405447180618]-HASH=[2645B46835F9]-cluster]}, ping_response{node [{node_t1}{YucHs-5XRNO-JChWAzIIZg}{127.0.0.1}{127.0.0.1:9441}[mode=>network]], id[396], master [null], hasJoinedOnce [true], cluster_name[TEST-CHILD_VM=[0]-CLUSTER_SEED=[-7449427405447180618]-HASH=[2645B46835F9]-cluster]}, ping_response{node [{node_t2}{zpsanQF7R4u6zEfa6p-Xfw}{127.0.0.1}{127.0.0.1:9440}[mode=>network]], id[403], master [null], hasJoinedOnce [false], cluster_name[TEST-CHILD_VM=[0]-CLUSTER_SEED=[-7449427405447180618]-HASH=[2645B46835F9]-cluster]}, ping_response{node [{node_t2}{zpsanQF7R4u6zEfa6p-Xfw}{127.0.0.1}{127.0.0.1:9440}[mode=>network]], id[403], master [null], hasJoinedOnce [false], cluster_name[TEST-CHILD_VM=[0]-CLUSTER_SEED=[-7449427405447180618]-HASH=[2645B46835F9]-cluster]}, ping_response{node [{node_t2}{zpsanQF7R4u6zEfa6p-Xfw}{127.0.0.1}{127.0.0.1:9440}[mode=>network]], id[406], master [null], hasJoinedOnce [false], cluster_name[TEST-CHILD_VM=[0]-CLUSTER_SEED=[-7449427405447180618]-HASH=[2645B46835F9]-cluster]}]
[2016-04-18 03:03:35,778][TRACE][org.elasticsearch.discovery.zen.ping.unicast] [node_t2] [1] failed to connect to {#zen_unicast_3#}{127.0.0.1}{127.0.0.1:9442}
ConnectTransportException[[][127.0.0.1:9442] connect_timeout[30s]]; nested: ConnectException[Connection refused: /127.0.0.1:9442];
	at org.elasticsearch.transport.netty.NettyTransport.connectToChannelsLight(NettyTransport.java:954)
	at org.elasticsearch.transport.netty.NettyTransport.connectToNode(NettyTransport.java:918)
	at org.elasticsearch.transport.netty.NettyTransport.connectToNodeLight(NettyTransport.java:890)
	at org.elasticsearch.test.transport.MockTransportService$LookupTestTransport.connectToNodeLight(MockTransportService.java:413)
	at org.elasticsearch.transport.TransportService.connectToNodeLight(TransportService.java:242)
	at org.elasticsearch.discovery.zen.ping.unicast.UnicastZenPing$3.run(UnicastZenPing.java:395)
	at java.util.concurrent.ThreadPoolExecutor.runWorker(ThreadPoolExecutor.java:1142)
	at java.util.concurrent.ThreadPoolExecutor$Worker.run(ThreadPoolExecutor.java:617)
	at java.lang.Thread.run(Thread.java:745)
Caused by: java.net.ConnectException: Connection refused: /127.0.0.1:9442
	at sun.nio.ch.SocketChannelImpl.checkConnect(Native Method)
	at sun.nio.ch.SocketChannelImpl.finishConnect(SocketChannelImpl.java:717)
	at org.jboss.netty.channel.socket.nio.NioClientBoss.connect(NioClientBoss.java:152)
	at org.jboss.netty.channel.socket.nio.NioClientBoss.processSelectedKeys(NioClientBoss.java:105)
	at org.jboss.netty.channel.socket.nio.NioClientBoss.process(NioClientBoss.java:79)
	at org.jboss.netty.channel.socket.nio.AbstractNioSelector.run(AbstractNioSelector.java:337)
	at org.jboss.netty.channel.socket.nio.NioClientBoss.run(NioClientBoss.java:42)
	at org.jboss.netty.util.ThreadRenamingRunnable.run(ThreadRenamingRunnable.java:108)
	at org.jboss.netty.util.internal.DeadLockProofWorker$1.run(DeadLockProofWorker.java:42)
	... 3 more
[2016-04-18 03:03:35,778][TRACE][org.elasticsearch.discovery.zen.ping.unicast] [node_t2] [1] failed to connect to {#zen_unicast_5#}{127.0.0.1}{127.0.0.1:9444}
ConnectTransportException[[][127.0.0.1:9444] connect_timeout[30s]]; nested: ConnectException[Connection refused: /127.0.0.1:9444];
	at org.elasticsearch.transport.netty.NettyTransport.connectToChannelsLight(NettyTransport.java:954)
	at org.elasticsearch.transport.netty.NettyTransport.connectToNode(NettyTransport.java:918)
	at org.elasticsearch.transport.netty.NettyTransport.connectToNodeLight(NettyTransport.java:890)
	at org.elasticsearch.test.transport.MockTransportService$LookupTestTransport.connectToNodeLight(MockTransportService.java:413)
	at org.elasticsearch.transport.TransportService.connectToNodeLight(TransportService.java:242)
	at org.elasticsearch.discovery.zen.ping.unicast.UnicastZenPing$3.run(UnicastZenPing.java:395)
	at java.util.concurrent.ThreadPoolExecutor.runWorker(ThreadPoolExecutor.java:1142)
	at java.util.concurrent.ThreadPoolExecutor$Worker.run(ThreadPoolExecutor.java:617)
	at java.lang.Thread.run(Thread.java:745)
Caused by: java.net.ConnectException: Connection refused: /127.0.0.1:9444
	at sun.nio.ch.SocketChannelImpl.checkConnect(Native Method)
	at sun.nio.ch.SocketChannelImpl.finishConnect(SocketChannelImpl.java:717)
	at org.jboss.netty.channel.socket.nio.NioClientBoss.connect(NioClientBoss.java:152)
	at org.jboss.netty.channel.socket.nio.NioClientBoss.processSelectedKeys(NioClientBoss.java:105)
	at org.jboss.netty.channel.socket.nio.NioClientBoss.process(NioClientBoss.java:79)
	at org.jboss.netty.channel.socket.nio.AbstractNioSelector.run(AbstractNioSelector.java:337)
	at org.jboss.netty.channel.socket.nio.NioClientBoss.run(NioClientBoss.java:42)
	at org.jboss.netty.util.ThreadRenamingRunnable.run(ThreadRenamingRunnable.java:108)
	at org.jboss.netty.util.internal.DeadLockProofWorker$1.run(DeadLockProofWorker.java:42)
	... 3 more
[2016-04-18 03:03:35,780][TRACE][org.elasticsearch.discovery.zen.ping.unicast] [node_t2] [1] connected to {node_t1}{YucHs-5XRNO-JChWAzIIZg}{127.0.0.1}{127.0.0.1:9441}[mode=>network]
[2016-04-18 03:03:35,779][TRACE][org.elasticsearch.discovery.zen.ping.unicast] [node_t2] [1] failed to connect to {#zen_unicast_9#}{::1}{[::1]:9443}
ConnectTransportException[[][[::1]:9443] connect_timeout[30s]]; nested: ConnectException[Connection refused: /0:0:0:0:0:0:0:1:9443];
	at org.elasticsearch.transport.netty.NettyTransport.connectToChannelsLight(NettyTransport.java:954)
	at org.elasticsearch.transport.netty.NettyTransport.connectToNode(NettyTransport.java:918)
	at org.elasticsearch.transport.netty.NettyTransport.connectToNodeLight(NettyTransport.java:890)
	at org.elasticsearch.test.transport.MockTransportService$LookupTestTransport.connectToNodeLight(MockTransportService.java:413)
	at org.elasticsearch.transport.TransportService.connectToNodeLight(TransportService.java:242)
	at org.elasticsearch.discovery.zen.ping.unicast.UnicastZenPing$3.run(UnicastZenPing.java:395)
	at java.util.concurrent.ThreadPoolExecutor.runWorker(ThreadPoolExecutor.java:1142)
	at java.util.concurrent.ThreadPoolExecutor$Worker.run(ThreadPoolExecutor.java:617)
	at java.lang.Thread.run(Thread.java:745)
Caused by: java.net.ConnectException: Connection refused: /0:0:0:0:0:0:0:1:9443
	at sun.nio.ch.SocketChannelImpl.checkConnect(Native Method)
	at sun.nio.ch.SocketChannelImpl.finishConnect(SocketChannelImpl.java:717)
	at org.jboss.netty.channel.socket.nio.NioClientBoss.connect(NioClientBoss.java:152)
	at org.jboss.netty.channel.socket.nio.NioClientBoss.processSelectedKeys(NioClientBoss.java:105)
	at org.jboss.netty.channel.socket.nio.NioClientBoss.process(NioClientBoss.java:79)
	at org.jboss.netty.channel.socket.nio.AbstractNioSelector.run(AbstractNioSelector.java:337)
	at org.jboss.netty.channel.socket.nio.NioClientBoss.run(NioClientBoss.java:42)
	at org.jboss.netty.util.ThreadRenamingRunnable.run(ThreadRenamingRunnable.java:108)
	at org.jboss.netty.util.internal.DeadLockProofWorker$1.run(DeadLockProofWorker.java:42)
	... 3 more
[2016-04-18 03:03:35,779][TRACE][org.elasticsearch.discovery.zen.ping.unicast] [node_t2] [1] failed to connect to {#zen_unicast_10#}{::1}{[::1]:9444}
ConnectTransportException[[][[::1]:9444] connect_timeout[30s]]; nested: ConnectException[Connection refused: /0:0:0:0:0:0:0:1:9444];
	at org.elasticsearch.transport.netty.NettyTransport.connectToChannelsLight(NettyTransport.java:954)
	at org.elasticsearch.transport.netty.NettyTransport.connectToNode(NettyTransport.java:918)
	at org.elasticsearch.transport.netty.NettyTransport.connectToNodeLight(NettyTransport.java:890)
	at org.elasticsearch.test.transport.MockTransportService$LookupTestTransport.connectToNodeLight(MockTransportService.java:413)
	at org.elasticsearch.transport.TransportService.connectToNodeLight(TransportService.java:242)
	at org.elasticsearch.discovery.zen.ping.unicast.UnicastZenPing$3.run(UnicastZenPing.java:395)
	at java.util.concurrent.ThreadPoolExecutor.runWorker(ThreadPoolExecutor.java:1142)
	at java.util.concurrent.ThreadPoolExecutor$Worker.run(ThreadPoolExecutor.java:617)
	at java.lang.Thread.run(Thread.java:745)
Caused by: java.net.ConnectException: Connection refused: /0:0:0:0:0:0:0:1:9444
	at sun.nio.ch.SocketChannelImpl.checkConnect(Native Method)
	at sun.nio.ch.SocketChannelImpl.finishConnect(SocketChannelImpl.java:717)
	at org.jboss.netty.channel.socket.nio.NioClientBoss.connect(NioClientBoss.java:152)
	at org.jboss.netty.channel.socket.nio.NioClientBoss.processSelectedKeys(NioClientBoss.java:105)
	at org.jboss.netty.channel.socket.nio.NioClientBoss.process(NioClientBoss.java:79)
	at org.jboss.netty.channel.socket.nio.AbstractNioSelector.run(AbstractNioSelector.java:337)
	at org.jboss.netty.channel.socket.nio.NioClientBoss.run(NioClientBoss.java:42)
	at org.jboss.netty.util.ThreadRenamingRunnable.run(ThreadRenamingRunnable.java:108)
	at org.jboss.netty.util.internal.DeadLockProofWorker$1.run(DeadLockProofWorker.java:42)
	... 3 more
[2016-04-18 03:03:35,779][TRACE][org.elasticsearch.discovery.zen.ping.unicast] [node_t2] [1] failed to connect to {#zen_unicast_8#}{::1}{[::1]:9442}
ConnectTransportException[[][[::1]:9442] connect_timeout[30s]]; nested: ConnectException[Connection refused: /0:0:0:0:0:0:0:1:9442];
	at org.elasticsearch.transport.netty.NettyTransport.connectToChannelsLight(NettyTransport.java:954)
	at org.elasticsearch.transport.netty.NettyTransport.connectToNode(NettyTransport.java:918)
	at org.elasticsearch.transport.netty.NettyTransport.connectToNodeLight(NettyTransport.java:890)
	at org.elasticsearch.test.transport.MockTransportService$LookupTestTransport.connectToNodeLight(MockTransportService.java:413)
	at org.elasticsearch.transport.TransportService.connectToNodeLight(TransportService.java:242)
	at org.elasticsearch.discovery.zen.ping.unicast.UnicastZenPing$3.run(UnicastZenPing.java:395)
	at java.util.concurrent.ThreadPoolExecutor.runWorker(ThreadPoolExecutor.java:1142)
	at java.util.concurrent.ThreadPoolExecutor$Worker.run(ThreadPoolExecutor.java:617)
	at java.lang.Thread.run(Thread.java:745)
Caused by: java.net.ConnectException: Connection refused: /0:0:0:0:0:0:0:1:9442
	at sun.nio.ch.SocketChannelImpl.checkConnect(Native Method)
	at sun.nio.ch.SocketChannelImpl.finishConnect(SocketChannelImpl.java:717)
	at org.jboss.netty.channel.socket.nio.NioClientBoss.connect(NioClientBoss.java:152)
	at org.jboss.netty.channel.socket.nio.NioClientBoss.processSelectedKeys(NioClientBoss.java:105)
	at org.jboss.netty.channel.socket.nio.NioClientBoss.process(NioClientBoss.java:79)
	at org.jboss.netty.channel.socket.nio.AbstractNioSelector.run(AbstractNioSelector.java:337)
	at org.jboss.netty.channel.socket.nio.NioClientBoss.run(NioClientBoss.java:42)
	at org.jboss.netty.util.ThreadRenamingRunnable.run(ThreadRenamingRunnable.java:108)
	at org.jboss.netty.util.internal.DeadLockProofWorker$1.run(DeadLockProofWorker.java:42)
	... 3 more
[2016-04-18 03:03:35,781][TRACE][org.elasticsearch.discovery.zen.ping.unicast] [node_t2] [1] sending to {#zen_unicast_12_YucHs-5XRNO-JChWAzIIZg#}{127.0.0.1}{127.0.0.1:9441}[mode=>network]
[2016-04-18 03:03:35,782][TRACE][org.elasticsearch.discovery.zen.ping.unicast] [node_t2] [1] received response from {#zen_unicast_12_YucHs-5XRNO-JChWAzIIZg#}{127.0.0.1}{127.0.0.1:9441}[mode=>network]: [ping_response{node [{node_t1}{YucHs-5XRNO-JChWAzIIZg}{127.0.0.1}{127.0.0.1:9441}[mode=>network]], id[372], master [{node_t0}{MSgO3f-9S-yat_4GxxKW6w}{127.0.0.1}{127.0.0.1:9440}[mode=>network]], hasJoinedOnce [true], cluster_name[TEST-CHILD_VM=[0]-CLUSTER_SEED=[-7449427405447180618]-HASH=[2645B46835F9]-cluster]}, ping_response{node [{node_t1}{YucHs-5XRNO-JChWAzIIZg}{127.0.0.1}{127.0.0.1:9441}[mode=>network]], id[372], master [{node_t0}{MSgO3f-9S-yat_4GxxKW6w}{127.0.0.1}{127.0.0.1:9440}[mode=>network]], hasJoinedOnce [true], cluster_name[TEST-CHILD_VM=[0]-CLUSTER_SEED=[-7449427405447180618]-HASH=[2645B46835F9]-cluster]}, ping_response{node [{node_t1}{YucHs-5XRNO-JChWAzIIZg}{127.0.0.1}{127.0.0.1:9441}[mode=>network]], id[372], master [{node_t0}{MSgO3f-9S-yat_4GxxKW6w}{127.0.0.1}{127.0.0.1:9440}[mode=>network]], hasJoinedOnce [true], cluster_name[TEST-CHILD_VM=[0]-CLUSTER_SEED=[-7449427405447180618]-HASH=[2645B46835F9]-cluster]}, ping_response{node [{node_t2}{zpsanQF7R4u6zEfa6p-Xfw}{127.0.0.1}{127.0.0.1:9440}[mode=>network]], id[376], master [null], hasJoinedOnce [false], cluster_name[TEST-CHILD_VM=[0]-CLUSTER_SEED=[-7449427405447180618]-HASH=[2645B46835F9]-cluster]}, ping_response{node [{node_t2}{zpsanQF7R4u6zEfa6p-Xfw}{127.0.0.1}{127.0.0.1:9440}[mode=>network]], id[376], master [null], hasJoinedOnce [false], cluster_name[TEST-CHILD_VM=[0]-CLUSTER_SEED=[-7449427405447180618]-HASH=[2645B46835F9]-cluster]}, ping_response{node [{node_t1}{YucHs-5XRNO-JChWAzIIZg}{127.0.0.1}{127.0.0.1:9441}[mode=>network]], id[382], master [null], hasJoinedOnce [true], cluster_name[TEST-CHILD_VM=[0]-CLUSTER_SEED=[-7449427405447180618]-HASH=[2645B46835F9]-cluster]}, ping_response{node [{node_t1}{YucHs-5XRNO-JChWAzIIZg}{127.0.0.1}{127.0.0.1:9441}[mode=>network]], id[382], master [null], hasJoinedOnce [true], cluster_name[TEST-CHILD_VM=[0]-CLUSTER_SEED=[-7449427405447180618]-HASH=[2645B46835F9]-cluster]}, ping_response{node [{node_t1}{YucHs-5XRNO-JChWAzIIZg}{127.0.0.1}{127.0.0.1:9441}[mode=>network]], id[382], master [null], hasJoinedOnce [true], cluster_name[TEST-CHILD_VM=[0]-CLUSTER_SEED=[-7449427405447180618]-HASH=[2645B46835F9]-cluster]}, ping_response{node [{node_t2}{zpsanQF7R4u6zEfa6p-Xfw}{127.0.0.1}{127.0.0.1:9440}[mode=>network]], id[389], master [null], hasJoinedOnce [false], cluster_name[TEST-CHILD_VM=[0]-CLUSTER_SEED=[-7449427405447180618]-HASH=[2645B46835F9]-cluster]}, ping_response{node [{node_t2}{zpsanQF7R4u6zEfa6p-Xfw}{127.0.0.1}{127.0.0.1:9440}[mode=>network]], id[389], master [null], hasJoinedOnce [false], cluster_name[TEST-CHILD_VM=[0]-CLUSTER_SEED=[-7449427405447180618]-HASH=[2645B46835F9]-cluster]}, ping_response{node [{node_t2}{zpsanQF7R4u6zEfa6p-Xfw}{127.0.0.1}{127.0.0.1:9440}[mode=>network]], id[389], master [null], hasJoinedOnce [false], cluster_name[TEST-CHILD_VM=[0]-CLUSTER_SEED=[-7449427405447180618]-HASH=[2645B46835F9]-cluster]}, ping_response{node [{node_t1}{YucHs-5XRNO-JChWAzIIZg}{127.0.0.1}{127.0.0.1:9441}[mode=>network]], id[396], master [null], hasJoinedOnce [true], cluster_name[TEST-CHILD_VM=[0]-CLUSTER_SEED=[-7449427405447180618]-HASH=[2645B46835F9]-cluster]}, ping_response{node [{node_t1}{YucHs-5XRNO-JChWAzIIZg}{127.0.0.1}{127.0.0.1:9441}[mode=>network]], id[396], master [null], hasJoinedOnce [true], cluster_name[TEST-CHILD_VM=[0]-CLUSTER_SEED=[-7449427405447180618]-HASH=[2645B46835F9]-cluster]}, ping_response{node [{node_t1}{YucHs-5XRNO-JChWAzIIZg}{127.0.0.1}{127.0.0.1:9441}[mode=>network]], id[396], master [null], hasJoinedOnce [true], cluster_name[TEST-CHILD_VM=[0]-CLUSTER_SEED=[-7449427405447180618]-HASH=[2645B46835F9]-cluster]}, ping_response{node [{node_t2}{zpsanQF7R4u6zEfa6p-Xfw}{127.0.0.1}{127.0.0.1:9440}[mode=>network]], id[403], master [null], hasJoinedOnce [false], cluster_name[TEST-CHILD_VM=[0]-CLUSTER_SEED=[-7449427405447180618]-HASH=[2645B46835F9]-cluster]}, ping_response{node [{node_t2}{zpsanQF7R4u6zEfa6p-Xfw}{127.0.0.1}{127.0.0.1:9440}[mode=>network]], id[403], master [null], hasJoinedOnce [false], cluster_name[TEST-CHILD_VM=[0]-CLUSTER_SEED=[-7449427405447180618]-HASH=[2645B46835F9]-cluster]}, ping_response{node [{node_t2}{zpsanQF7R4u6zEfa6p-Xfw}{127.0.0.1}{127.0.0.1:9440}[mode=>network]], id[403], master [null], hasJoinedOnce [false], cluster_name[TEST-CHILD_VM=[0]-CLUSTER_SEED=[-7449427405447180618]-HASH=[2645B46835F9]-cluster]}, ping_response{node [{node_t1}{YucHs-5XRNO-JChWAzIIZg}{127.0.0.1}{127.0.0.1:9441}[mode=>network]], id[409], master [null], hasJoinedOnce [true], cluster_name[TEST-CHILD_VM=[0]-CLUSTER_SEED=[-7449427405447180618]-HASH=[2645B46835F9]-cluster]}]
[2016-04-18 03:03:35,782][TRACE][org.elasticsearch.discovery.zen.ping.unicast] [node_t2] [1] disconnecting from {#zen_unicast_11_YucHs-5XRNO-JChWAzIIZg#}{127.0.0.1}{127.0.0.1:9441}[mode=>network]
[2016-04-18 03:03:35,782][TRACE][org.elasticsearch.discovery.zen] [node_t2] full ping responses:
	--> ping_response{node [{node_t1}{YucHs-5XRNO-JChWAzIIZg}{127.0.0.1}{127.0.0.1:9441}[mode=>network]], id[409], master [null], hasJoinedOnce [true], cluster_name[TEST-CHILD_VM=[0]-CLUSTER_SEED=[-7449427405447180618]-HASH=[2645B46835F9]-cluster]}
[2016-04-18 03:03:35,782][DEBUG][org.elasticsearch.discovery.zen] [node_t2] filtered ping responses: (filter_client[true], filter_data[false])
	--> ping_response{node [{node_t1}{YucHs-5XRNO-JChWAzIIZg}{127.0.0.1}{127.0.0.1:9441}[mode=>network]], id[409], master [null], hasJoinedOnce [true], cluster_name[TEST-CHILD_VM=[0]-CLUSTER_SEED=[-7449427405447180618]-HASH=[2645B46835F9]-cluster]}
[2016-04-18 03:03:35,782][TRACE][org.elasticsearch.discovery.zen] [node_t2] stopping join accumulation ([not master])
[2016-04-18 03:03:35,783][TRACE][org.elasticsearch.discovery.zen.ping.unicast] [node_t2] [1] disconnecting from {#zen_unicast_12_YucHs-5XRNO-JChWAzIIZg#}{127.0.0.1}{127.0.0.1:9441}[mode=>network]
[2016-04-18 03:03:35,783][TRACE][org.elasticsearch.discovery.zen.ping.unicast] [node_t2] [1] disconnecting from {#zen_unicast_2#}{127.0.0.1}{127.0.0.1:9441}
[2016-04-18 03:03:35,783][TRACE][org.elasticsearch.discovery.zen.ping.unicast] [node_t2] [1] disconnecting from {#zen_unicast_6#}{::1}{[::1]:9440}
[2016-04-18 03:03:35,784][TRACE][org.elasticsearch.discovery.zen.ping.unicast] [node_t2] [1] disconnecting from {#zen_unicast_5#}{127.0.0.1}{127.0.0.1:9444}
[2016-04-18 03:03:35,784][TRACE][org.elasticsearch.discovery.zen.ping.unicast] [node_t2] [1] disconnecting from {#zen_unicast_4#}{127.0.0.1}{127.0.0.1:9443}
[2016-04-18 03:03:35,784][TRACE][org.elasticsearch.discovery.zen.ping.unicast] [node_t2] [1] disconnecting from {#zen_unicast_3#}{127.0.0.1}{127.0.0.1:9442}
[2016-04-18 03:03:35,784][TRACE][org.elasticsearch.discovery.zen.ping.unicast] [node_t2] [1] disconnecting from {#zen_unicast_10#}{::1}{[::1]:9444}
[2016-04-18 03:03:35,784][TRACE][org.elasticsearch.discovery.zen.ping.unicast] [node_t2] [1] disconnecting from {#zen_unicast_9#}{::1}{[::1]:9443}
[2016-04-18 03:03:35,784][TRACE][org.elasticsearch.discovery.zen.ping.unicast] [node_t2] [1] disconnecting from {#zen_unicast_8#}{::1}{[::1]:9442}
[2016-04-18 03:03:35,784][TRACE][org.elasticsearch.discovery.zen.ping.unicast] [node_t2] [1] disconnecting from {#zen_unicast_7#}{::1}{[::1]:9441}
[2016-04-18 03:03:35,785][TRACE][org.elasticsearch.discovery.zen] [node_t2] joining master {node_t1}{YucHs-5XRNO-JChWAzIIZg}{127.0.0.1}{127.0.0.1:9441}[mode=>network]
[2016-04-18 03:03:35,787][TRACE][org.elasticsearch.cluster.service] [node_t1] will process [zen-disco-join(elected_as_master, [1] joins received)]
[2016-04-18 03:03:35,787][DEBUG][org.elasticsearch.cluster.service] [node_t1] processing [zen-disco-join(elected_as_master, [1] joins received)]: execute
[2016-04-18 03:03:35,789][TRACE][org.elasticsearch.gateway] [node_t1] [test][3], node[null], [R], v[5], s[UNASSIGNED], unassigned_info[[reason=NODE_LEFT], at[2016-04-18T07:03:35.788Z], details[node_left[MSgO3f-9S-yat_4GxxKW6w]]]: ignoring allocation, can't be allocated on any node
[2016-04-18 03:03:35,789][TRACE][org.elasticsearch.gateway] [node_t1] [test][2], node[null], [R], v[5], s[UNASSIGNED], unassigned_info[[reason=NODE_LEFT], at[2016-04-18T07:03:35.788Z], details[node_left[MSgO3f-9S-yat_4GxxKW6w]]]: ignoring allocation, can't be allocated on any node
[2016-04-18 03:03:35,789][TRACE][org.elasticsearch.gateway] [node_t1] [test][4], node[null], [R], v[5], s[UNASSIGNED], unassigned_info[[reason=NODE_LEFT], at[2016-04-18T07:03:35.788Z], details[node_left[MSgO3f-9S-yat_4GxxKW6w]]]: ignoring allocation, can't be allocated on any node
[2016-04-18 03:03:35,789][TRACE][org.elasticsearch.gateway] [node_t1] [test][8], node[null], [R], v[6], s[UNASSIGNED], unassigned_info[[reason=NODE_LEFT], at[2016-04-18T07:03:35.788Z], details[node_left[MSgO3f-9S-yat_4GxxKW6w]]]: ignoring allocation, can't be allocated on any node
[2016-04-18 03:03:35,789][TRACE][org.elasticsearch.gateway] [node_t1] [test][6], node[null], [R], v[6], s[UNASSIGNED], unassigned_info[[reason=NODE_LEFT], at[2016-04-18T07:03:35.788Z], details[node_left[MSgO3f-9S-yat_4GxxKW6w]]]: ignoring allocation, can't be allocated on any node
[2016-04-18 03:03:35,789][TRACE][org.elasticsearch.gateway] [node_t1] [test][1], node[null], [R], v[5], s[UNASSIGNED], unassigned_info[[reason=NODE_LEFT], at[2016-04-18T07:03:35.788Z], details[node_left[MSgO3f-9S-yat_4GxxKW6w]]]: ignoring allocation, can't be allocated on any node
[2016-04-18 03:03:35,789][TRACE][org.elasticsearch.gateway] [node_t1] [test][7], node[null], [R], v[5], s[UNASSIGNED], unassigned_info[[reason=NODE_LEFT], at[2016-04-18T07:03:35.788Z], details[node_left[MSgO3f-9S-yat_4GxxKW6w]]]: ignoring allocation, can't be allocated on any node
[2016-04-18 03:03:35,789][TRACE][org.elasticsearch.gateway] [node_t1] [test][5], node[null], [R], v[5], s[UNASSIGNED], unassigned_info[[reason=NODE_LEFT], at[2016-04-18T07:03:35.788Z], details[node_left[MSgO3f-9S-yat_4GxxKW6w]]]: ignoring allocation, can't be allocated on any node
[2016-04-18 03:03:35,789][TRACE][org.elasticsearch.gateway] [node_t1] [test][0], node[null], [R], v[5], s[UNASSIGNED], unassigned_info[[reason=NODE_LEFT], at[2016-04-18T07:03:35.788Z], details[node_left[MSgO3f-9S-yat_4GxxKW6w]]]: ignoring allocation, can't be allocated on any node
[2016-04-18 03:03:35,790][TRACE][org.elasticsearch.cluster.service] [node_t1] cluster state updated, source [zen-disco-join(elected_as_master, [1] joins received)]
version: 14
state uuid: GpgYUhVRSaGkC_25NCJSZA
from_diff: false
meta data version: 13
nodes: 
   {node_t2}{zpsanQF7R4u6zEfa6p-Xfw}{127.0.0.1}{127.0.0.1:9440}[mode=>network]
   {node_t1}{YucHs-5XRNO-JChWAzIIZg}{127.0.0.1}{127.0.0.1:9441}[mode=>network], local, master
routing_table (version 12):
-- index [test]
----shard_id [test][0]
--------[test][0], node[YucHs-5XRNO-JChWAzIIZg], [P], v[5], s[STARTED], a[id=Z8oM2vxwSmiUDNdNNYmYpA]
--------[test][0], node[null], [R], v[5], s[UNASSIGNED], unassigned_info[[reason=NODE_LEFT], at[2016-04-18T07:03:35.788Z], details[node_left[MSgO3f-9S-yat_4GxxKW6w]]]
----shard_id [test][1]
--------[test][1], node[YucHs-5XRNO-JChWAzIIZg], [P], v[5], s[STARTED], a[id=skolItfmTI6mUEyBLn-4fA]
--------[test][1], node[null], [R], v[5], s[UNASSIGNED], unassigned_info[[reason=NODE_LEFT], at[2016-04-18T07:03:35.788Z], details[node_left[MSgO3f-9S-yat_4GxxKW6w]]]
----shard_id [test][2]
--------[test][2], node[YucHs-5XRNO-JChWAzIIZg], [P], v[5], s[STARTED], a[id=RNqthUztR6-DqnLRLToD-Q]
--------[test][2], node[null], [R], v[5], s[UNASSIGNED], unassigned_info[[reason=NODE_LEFT], at[2016-04-18T07:03:35.788Z], details[node_left[MSgO3f-9S-yat_4GxxKW6w]]]
----shard_id [test][3]
--------[test][3], node[YucHs-5XRNO-JChWAzIIZg], [P], v[5], s[STARTED], a[id=_WxhJCFGSNa0eq_monQ5AA]
--------[test][3], node[null], [R], v[5], s[UNASSIGNED], unassigned_info[[reason=NODE_LEFT], at[2016-04-18T07:03:35.788Z], details[node_left[MSgO3f-9S-yat_4GxxKW6w]]]
----shard_id [test][4]
--------[test][4], node[YucHs-5XRNO-JChWAzIIZg], [P], v[5], s[STARTED], a[id=0erPpWShQUWr0fCKxTfoYQ]
--------[test][4], node[null], [R], v[5], s[UNASSIGNED], unassigned_info[[reason=NODE_LEFT], at[2016-04-18T07:03:35.788Z], details[node_left[MSgO3f-9S-yat_4GxxKW6w]]]
----shard_id [test][5]
--------[test][5], node[YucHs-5XRNO-JChWAzIIZg], [P], v[5], s[STARTED], a[id=4B5yVDeUTpe5-44KssB7xg]
--------[test][5], node[null], [R], v[5], s[UNASSIGNED], unassigned_info[[reason=NODE_LEFT], at[2016-04-18T07:03:35.788Z], details[node_left[MSgO3f-9S-yat_4GxxKW6w]]]
----shard_id [test][6]
--------[test][6], node[YucHs-5XRNO-JChWAzIIZg], [P], v[6], s[STARTED], a[id=lhxXACDDRmi5eofyvUh5ww]
--------[test][6], node[null], [R], v[6], s[UNASSIGNED], unassigned_info[[reason=NODE_LEFT], at[2016-04-18T07:03:35.788Z], details[node_left[MSgO3f-9S-yat_4GxxKW6w]]]
----shard_id [test][7]
--------[test][7], node[YucHs-5XRNO-JChWAzIIZg], [P], v[5], s[STARTED], a[id=_q3o1C7eRoG3whwcdLSwbQ]
--------[test][7], node[null], [R], v[5], s[UNASSIGNED], unassigned_info[[reason=NODE_LEFT], at[2016-04-18T07:03:35.788Z], details[node_left[MSgO3f-9S-yat_4GxxKW6w]]]
----shard_id [test][8]
--------[test][8], node[YucHs-5XRNO-JChWAzIIZg], [P], v[6], s[STARTED], a[id=uERXgJeHSeixZcO4CmIKeQ]
--------[test][8], node[null], [R], v[6], s[UNASSIGNED], unassigned_info[[reason=NODE_LEFT], at[2016-04-18T07:03:35.788Z], details[node_left[MSgO3f-9S-yat_4GxxKW6w]]]

routing_nodes:
-----node_id[zpsanQF7R4u6zEfa6p-Xfw][V]
-----node_id[YucHs-5XRNO-JChWAzIIZg][V]
--------[test][6], node[YucHs-5XRNO-JChWAzIIZg], [P], v[6], s[STARTED], a[id=lhxXACDDRmi5eofyvUh5ww]
--------[test][2], node[YucHs-5XRNO-JChWAzIIZg], [P], v[5], s[STARTED], a[id=RNqthUztR6-DqnLRLToD-Q]
--------[test][8], node[YucHs-5XRNO-JChWAzIIZg], [P], v[6], s[STARTED], a[id=uERXgJeHSeixZcO4CmIKeQ]
--------[test][5], node[YucHs-5XRNO-JChWAzIIZg], [P], v[5], s[STARTED], a[id=4B5yVDeUTpe5-44KssB7xg]
--------[test][3], node[YucHs-5XRNO-JChWAzIIZg], [P], v[5], s[STARTED], a[id=_WxhJCFGSNa0eq_monQ5AA]
--------[test][1], node[YucHs-5XRNO-JChWAzIIZg], [P], v[5], s[STARTED], a[id=skolItfmTI6mUEyBLn-4fA]
--------[test][4], node[YucHs-5XRNO-JChWAzIIZg], [P], v[5], s[STARTED], a[id=0erPpWShQUWr0fCKxTfoYQ]
--------[test][7], node[YucHs-5XRNO-JChWAzIIZg], [P], v[5], s[STARTED], a[id=_q3o1C7eRoG3whwcdLSwbQ]
--------[test][0], node[YucHs-5XRNO-JChWAzIIZg], [P], v[5], s[STARTED], a[id=Z8oM2vxwSmiUDNdNNYmYpA]
---- unassigned
--------[test][6], node[null], [R], v[6], s[UNASSIGNED], unassigned_info[[reason=NODE_LEFT], at[2016-04-18T07:03:35.788Z], details[node_left[MSgO3f-9S-yat_4GxxKW6w]]]
--------[test][2], node[null], [R], v[5], s[UNASSIGNED], unassigned_info[[reason=NODE_LEFT], at[2016-04-18T07:03:35.788Z], details[node_left[MSgO3f-9S-yat_4GxxKW6w]]]
--------[test][8], node[null], [R], v[6], s[UNASSIGNED], unassigned_info[[reason=NODE_LEFT], at[2016-04-18T07:03:35.788Z], details[node_left[MSgO3f-9S-yat_4GxxKW6w]]]
--------[test][5], node[null], [R], v[5], s[UNASSIGNED], unassigned_info[[reason=NODE_LEFT], at[2016-04-18T07:03:35.788Z], details[node_left[MSgO3f-9S-yat_4GxxKW6w]]]
--------[test][3], node[null], [R], v[5], s[UNASSIGNED], unassigned_info[[reason=NODE_LEFT], at[2016-04-18T07:03:35.788Z], details[node_left[MSgO3f-9S-yat_4GxxKW6w]]]
--------[test][1], node[null], [R], v[5], s[UNASSIGNED], unassigned_info[[reason=NODE_LEFT], at[2016-04-18T07:03:35.788Z], details[node_left[MSgO3f-9S-yat_4GxxKW6w]]]
--------[test][4], node[null], [R], v[5], s[UNASSIGNED], unassigned_info[[reason=NODE_LEFT], at[2016-04-18T07:03:35.788Z], details[node_left[MSgO3f-9S-yat_4GxxKW6w]]]
--------[test][7], node[null], [R], v[5], s[UNASSIGNED], unassigned_info[[reason=NODE_LEFT], at[2016-04-18T07:03:35.788Z], details[node_left[MSgO3f-9S-yat_4GxxKW6w]]]
--------[test][0], node[null], [R], v[5], s[UNASSIGNED], unassigned_info[[reason=NODE_LEFT], at[2016-04-18T07:03:35.788Z], details[node_left[MSgO3f-9S-yat_4GxxKW6w]]]

[2016-04-18 03:03:35,790][INFO ][org.elasticsearch.cluster.service] [node_t1] new_master {node_t1}{YucHs-5XRNO-JChWAzIIZg}{127.0.0.1}{127.0.0.1:9441}[mode=>network], added {{node_t2}{zpsanQF7R4u6zEfa6p-Xfw}{127.0.0.1}{127.0.0.1:9440}[mode=>network],}, reason: zen-disco-join(elected_as_master, [1] joins received)
[2016-04-18 03:03:35,790][DEBUG][org.elasticsearch.cluster.service] [node_t1] publishing cluster state version [14]
[2016-04-18 03:03:35,791][DEBUG][org.elasticsearch.discovery.zen.publish] [node_t2] received full cluster state version [14] with size [829]
[2016-04-18 03:03:35,791][TRACE][org.elasticsearch.discovery.zen.publish] [node_t1] master node {node_t2}{zpsanQF7R4u6zEfa6p-Xfw}{127.0.0.1}{127.0.0.1:9440}[mode=>network] acked cluster state version [14]. processing ... (current pending [1], needed [1])
[2016-04-18 03:03:35,791][TRACE][org.elasticsearch.discovery.zen.publish] [node_t1] committing version [14]
[2016-04-18 03:03:35,791][TRACE][org.elasticsearch.discovery.zen.publish] [node_t1] sending commit for cluster state (uuid: [GpgYUhVRSaGkC_25NCJSZA], version [14]) to [{node_t2}{zpsanQF7R4u6zEfa6p-Xfw}{127.0.0.1}{127.0.0.1:9440}[mode=>network]]
[2016-04-18 03:03:35,792][TRACE][org.elasticsearch.cluster.service] [node_t2] will process [zen-disco-receive(from master [master {node_t1}{YucHs-5XRNO-JChWAzIIZg}{127.0.0.1}{127.0.0.1:9441}[mode=>network] committed version [14]])]
[2016-04-18 03:03:35,792][DEBUG][org.elasticsearch.cluster.service] [node_t2] processing [zen-disco-receive(from master [master {node_t1}{YucHs-5XRNO-JChWAzIIZg}{127.0.0.1}{127.0.0.1:9441}[mode=>network] committed version [14]])]: execute
[2016-04-18 03:03:35,792][DEBUG][org.elasticsearch.discovery.zen.fd] [node_t2] [master] restarting fault detection against master [{node_t1}{YucHs-5XRNO-JChWAzIIZg}{127.0.0.1}{127.0.0.1:9441}[mode=>network]], reason [new cluster state received and we are monitoring the wrong master [null]]
[2016-04-18 03:03:35,792][DEBUG][org.elasticsearch.discovery.zen] [node_t2] got first state from fresh master [YucHs-5XRNO-JChWAzIIZg]
[2016-04-18 03:03:35,792][TRACE][org.elasticsearch.discovery.zen] [node_t2] updated cluster join cluster to [1]
[2016-04-18 03:03:35,792][TRACE][org.elasticsearch.cluster.service] [node_t2] cluster state updated, source [zen-disco-receive(from master [master {node_t1}{YucHs-5XRNO-JChWAzIIZg}{127.0.0.1}{127.0.0.1:9441}[mode=>network] committed version [14]])]
version: 14
state uuid: GpgYUhVRSaGkC_25NCJSZA
from_diff: false
meta data version: 13
nodes: 
   {node_t2}{zpsanQF7R4u6zEfa6p-Xfw}{127.0.0.1}{127.0.0.1:9440}[mode=>network], local
   {node_t1}{YucHs-5XRNO-JChWAzIIZg}{127.0.0.1}{127.0.0.1:9441}[mode=>network], master
routing_table (version 12):
-- index [test]
----shard_id [test][0]
--------[test][0], node[YucHs-5XRNO-JChWAzIIZg], [P], v[5], s[STARTED], a[id=Z8oM2vxwSmiUDNdNNYmYpA]
--------[test][0], node[null], [R], v[5], s[UNASSIGNED], unassigned_info[[reason=NODE_LEFT], at[2016-04-18T07:03:35.788Z], details[node_left[MSgO3f-9S-yat_4GxxKW6w]]]
----shard_id [test][1]
--------[test][1], node[YucHs-5XRNO-JChWAzIIZg], [P], v[5], s[STARTED], a[id=skolItfmTI6mUEyBLn-4fA]
--------[test][1], node[null], [R], v[5], s[UNASSIGNED], unassigned_info[[reason=NODE_LEFT], at[2016-04-18T07:03:35.788Z], details[node_left[MSgO3f-9S-yat_4GxxKW6w]]]
----shard_id [test][2]
--------[test][2], node[YucHs-5XRNO-JChWAzIIZg], [P], v[5], s[STARTED], a[id=RNqthUztR6-DqnLRLToD-Q]
--------[test][2], node[null], [R], v[5], s[UNASSIGNED], unassigned_info[[reason=NODE_LEFT], at[2016-04-18T07:03:35.788Z], details[node_left[MSgO3f-9S-yat_4GxxKW6w]]]
----shard_id [test][3]
--------[test][3], node[YucHs-5XRNO-JChWAzIIZg], [P], v[5], s[STARTED], a[id=_WxhJCFGSNa0eq_monQ5AA]
--------[test][3], node[null], [R], v[5], s[UNASSIGNED], unassigned_info[[reason=NODE_LEFT], at[2016-04-18T07:03:35.788Z], details[node_left[MSgO3f-9S-yat_4GxxKW6w]]]
----shard_id [test][4]
--------[test][4], node[YucHs-5XRNO-JChWAzIIZg], [P], v[5], s[STARTED], a[id=0erPpWShQUWr0fCKxTfoYQ]
--------[test][4], node[null], [R], v[5], s[UNASSIGNED], unassigned_info[[reason=NODE_LEFT], at[2016-04-18T07:03:35.788Z], details[node_left[MSgO3f-9S-yat_4GxxKW6w]]]
----shard_id [test][5]
--------[test][5], node[YucHs-5XRNO-JChWAzIIZg], [P], v[5], s[STARTED], a[id=4B5yVDeUTpe5-44KssB7xg]
--------[test][5], node[null], [R], v[5], s[UNASSIGNED], unassigned_info[[reason=NODE_LEFT], at[2016-04-18T07:03:35.788Z], details[node_left[MSgO3f-9S-yat_4GxxKW6w]]]
----shard_id [test][6]
--------[test][6], node[YucHs-5XRNO-JChWAzIIZg], [P], v[6], s[STARTED], a[id=lhxXACDDRmi5eofyvUh5ww]
--------[test][6], node[null], [R], v[6], s[UNASSIGNED], unassigned_info[[reason=NODE_LEFT], at[2016-04-18T07:03:35.788Z], details[node_left[MSgO3f-9S-yat_4GxxKW6w]]]
----shard_id [test][7]
--------[test][7], node[YucHs-5XRNO-JChWAzIIZg], [P], v[5], s[STARTED], a[id=_q3o1C7eRoG3whwcdLSwbQ]
--------[test][7], node[null], [R], v[5], s[UNASSIGNED], unassigned_info[[reason=NODE_LEFT], at[2016-04-18T07:03:35.788Z], details[node_left[MSgO3f-9S-yat_4GxxKW6w]]]
----shard_id [test][8]
--------[test][8], node[YucHs-5XRNO-JChWAzIIZg], [P], v[6], s[STARTED], a[id=uERXgJeHSeixZcO4CmIKeQ]
--------[test][8], node[null], [R], v[6], s[UNASSIGNED], unassigned_info[[reason=NODE_LEFT], at[2016-04-18T07:03:35.788Z], details[node_left[MSgO3f-9S-yat_4GxxKW6w]]]

routing_nodes:
-----node_id[zpsanQF7R4u6zEfa6p-Xfw][V]
-----node_id[YucHs-5XRNO-JChWAzIIZg][V]
--------[test][5], node[YucHs-5XRNO-JChWAzIIZg], [P], v[5], s[STARTED], a[id=4B5yVDeUTpe5-44KssB7xg]
--------[test][4], node[YucHs-5XRNO-JChWAzIIZg], [P], v[5], s[STARTED], a[id=0erPpWShQUWr0fCKxTfoYQ]
--------[test][1], node[YucHs-5XRNO-JChWAzIIZg], [P], v[5], s[STARTED], a[id=skolItfmTI6mUEyBLn-4fA]
--------[test][2], node[YucHs-5XRNO-JChWAzIIZg], [P], v[5], s[STARTED], a[id=RNqthUztR6-DqnLRLToD-Q]
--------[test][3], node[YucHs-5XRNO-JChWAzIIZg], [P], v[5], s[STARTED], a[id=_WxhJCFGSNa0eq_monQ5AA]
--------[test][7], node[YucHs-5XRNO-JChWAzIIZg], [P], v[5], s[STARTED], a[id=_q3o1C7eRoG3whwcdLSwbQ]
--------[test][8], node[YucHs-5XRNO-JChWAzIIZg], [P], v[6], s[STARTED], a[id=uERXgJeHSeixZcO4CmIKeQ]
--------[test][6], node[YucHs-5XRNO-JChWAzIIZg], [P], v[6], s[STARTED], a[id=lhxXACDDRmi5eofyvUh5ww]
--------[test][0], node[YucHs-5XRNO-JChWAzIIZg], [P], v[5], s[STARTED], a[id=Z8oM2vxwSmiUDNdNNYmYpA]
---- unassigned
--------[test][5], node[null], [R], v[5], s[UNASSIGNED], unassigned_info[[reason=NODE_LEFT], at[2016-04-18T07:03:35.788Z], details[node_left[MSgO3f-9S-yat_4GxxKW6w]]]
--------[test][4], node[null], [R], v[5], s[UNASSIGNED], unassigned_info[[reason=NODE_LEFT], at[2016-04-18T07:03:35.788Z], details[node_left[MSgO3f-9S-yat_4GxxKW6w]]]
--------[test][1], node[null], [R], v[5], s[UNASSIGNED], unassigned_info[[reason=NODE_LEFT], at[2016-04-18T07:03:35.788Z], details[node_left[MSgO3f-9S-yat_4GxxKW6w]]]
--------[test][2], node[null], [R], v[5], s[UNASSIGNED], unassigned_info[[reason=NODE_LEFT], at[2016-04-18T07:03:35.788Z], details[node_left[MSgO3f-9S-yat_4GxxKW6w]]]
--------[test][3], node[null], [R], v[5], s[UNASSIGNED], unassigned_info[[reason=NODE_LEFT], at[2016-04-18T07:03:35.788Z], details[node_left[MSgO3f-9S-yat_4GxxKW6w]]]
--------[test][7], node[null], [R], v[5], s[UNASSIGNED], unassigned_info[[reason=NODE_LEFT], at[2016-04-18T07:03:35.788Z], details[node_left[MSgO3f-9S-yat_4GxxKW6w]]]
--------[test][8], node[null], [R], v[6], s[UNASSIGNED], unassigned_info[[reason=NODE_LEFT], at[2016-04-18T07:03:35.788Z], details[node_left[MSgO3f-9S-yat_4GxxKW6w]]]
--------[test][6], node[null], [R], v[6], s[UNASSIGNED], unassigned_info[[reason=NODE_LEFT], at[2016-04-18T07:03:35.788Z], details[node_left[MSgO3f-9S-yat_4GxxKW6w]]]
--------[test][0], node[null], [R], v[5], s[UNASSIGNED], unassigned_info[[reason=NODE_LEFT], at[2016-04-18T07:03:35.788Z], details[node_left[MSgO3f-9S-yat_4GxxKW6w]]]

[2016-04-18 03:03:35,793][INFO ][org.elasticsearch.cluster.service] [node_t2] detected_master {node_t1}{YucHs-5XRNO-JChWAzIIZg}{127.0.0.1}{127.0.0.1:9441}[mode=>network], added {{node_t1}{YucHs-5XRNO-JChWAzIIZg}{127.0.0.1}{127.0.0.1:9441}[mode=>network],}, reason: zen-disco-receive(from master [master {node_t1}{YucHs-5XRNO-JChWAzIIZg}{127.0.0.1}{127.0.0.1:9441}[mode=>network] committed version [14]])
[2016-04-18 03:03:35,793][DEBUG][org.elasticsearch.cluster.service] [node_t2] set local cluster state to version 14
[2016-04-18 03:03:35,793][TRACE][org.elasticsearch.gateway] [node_t2] [_global] writing state, reason [changed]
[2016-04-18 03:03:35,795][TRACE][org.elasticsearch.gateway] [node_t2] [test] writing state, reason [freshly created]
[2016-04-18 03:03:35,796][DEBUG][org.elasticsearch.cluster.service] [node_t2] processing [zen-disco-receive(from master [master {node_t1}{YucHs-5XRNO-JChWAzIIZg}{127.0.0.1}{127.0.0.1:9441}[mode=>network] committed version [14]])]: took 4ms done applying updated cluster_state (version: 14, uuid: GpgYUhVRSaGkC_25NCJSZA)
[2016-04-18 03:03:35,796][TRACE][org.elasticsearch.cluster.service] [node_t2] will process [gateway_initial_state_recovery]
[2016-04-18 03:03:35,796][DEBUG][org.elasticsearch.cluster.service] [node_t1] set local cluster state to version 14
[2016-04-18 03:03:35,796][DEBUG][org.elasticsearch.cluster.service] [node_t2] processing [gateway_initial_state_recovery]: execute
[2016-04-18 03:03:35,796][DEBUG][org.elasticsearch.cluster.service] [node_t2] processing [gateway_initial_state_recovery]: took 0s no change in cluster_state
[2016-04-18 03:03:35,809][TRACE][org.elasticsearch.gateway] [node_t1] [test] writing state, reason [version changed from [11] to [12]]
[2016-04-18 03:03:35,811][TRACE][org.elasticsearch.discovery.zen] [node_t1] stopping join accumulation ([election closed])
[2016-04-18 03:03:35,811][TRACE][org.elasticsearch.discovery.zen] [node_t1] cluster joins counter set to [2] (elected as master)
[2016-04-18 03:03:35,811][TRACE][org.elasticsearch.cluster.service] [node_t2] will process [finalize_join ({node_t1}{YucHs-5XRNO-JChWAzIIZg}{127.0.0.1}{127.0.0.1:9441}[mode=>network])]
[2016-04-18 03:03:35,811][DEBUG][org.elasticsearch.cluster.service] [node_t2] processing [finalize_join ({node_t1}{YucHs-5XRNO-JChWAzIIZg}{127.0.0.1}{127.0.0.1:9441}[mode=>network])]: execute
[2016-04-18 03:03:35,811][DEBUG][org.elasticsearch.cluster.service] [node_t1] processing [zen-disco-join(elected_as_master, [1] joins received)]: took 23ms done applying updated cluster_state (version: 14, uuid: GpgYUhVRSaGkC_25NCJSZA)
[2016-04-18 03:03:35,811][DEBUG][org.elasticsearch.cluster.service] [node_t2] processing [finalize_join ({node_t1}{YucHs-5XRNO-JChWAzIIZg}{127.0.0.1}{127.0.0.1:9441}[mode=>network])]: took 0s no change in cluster_state
[2016-04-18 03:03:35,811][TRACE][org.elasticsearch.cluster.service] [node_t1] will process [cluster_reroute(post_node_add)]
[2016-04-18 03:03:35,811][DEBUG][org.elasticsearch.cluster.service] [node_t1] processing [cluster_reroute(post_node_add)]: execute
[2016-04-18 03:03:35,811][TRACE][org.elasticsearch.gateway] [node_t1] [test][2] fetching [shard_store] from [YucHs-5XRNO-JChWAzIIZg, zpsanQF7R4u6zEfa6p-Xfw]
[2016-04-18 03:03:35,812][TRACE][org.elasticsearch.gateway] [node_t1] [test][2], node[null], [R], v[5], s[UNASSIGNED], unassigned_info[[reason=NODE_LEFT], at[2016-04-18T07:03:35.788Z], details[node_left[MSgO3f-9S-yat_4GxxKW6w]]]: ignoring allocation, still fetching shard stores
[2016-04-18 03:03:35,812][TRACE][org.elasticsearch.gateway] [node_t1] [test][5] fetching [shard_store] from [YucHs-5XRNO-JChWAzIIZg, zpsanQF7R4u6zEfa6p-Xfw]
[2016-04-18 03:03:35,812][TRACE][org.elasticsearch.gateway] [node_t1] [test][5], node[null], [R], v[5], s[UNASSIGNED], unassigned_info[[reason=NODE_LEFT], at[2016-04-18T07:03:35.788Z], details[node_left[MSgO3f-9S-yat_4GxxKW6w]]]: ignoring allocation, still fetching shard stores
[2016-04-18 03:03:35,812][TRACE][org.elasticsearch.gateway] [node_t1] [test][1] fetching [shard_store] from [zpsanQF7R4u6zEfa6p-Xfw, YucHs-5XRNO-JChWAzIIZg]
[2016-04-18 03:03:35,812][TRACE][org.elasticsearch.gateway] [node_t1] [test][1], node[null], [R], v[5], s[UNASSIGNED], unassigned_info[[reason=NODE_LEFT], at[2016-04-18T07:03:35.788Z], details[node_left[MSgO3f-9S-yat_4GxxKW6w]]]: ignoring allocation, still fetching shard stores
[2016-04-18 03:03:35,812][TRACE][org.elasticsearch.gateway] [node_t1] [test][0] fetching [shard_store] from [YucHs-5XRNO-JChWAzIIZg, zpsanQF7R4u6zEfa6p-Xfw]
[2016-04-18 03:03:35,812][TRACE][org.elasticsearch.gateway] [node_t1] [test][0], node[null], [R], v[5], s[UNASSIGNED], unassigned_info[[reason=NODE_LEFT], at[2016-04-18T07:03:35.788Z], details[node_left[MSgO3f-9S-yat_4GxxKW6w]]]: ignoring allocation, still fetching shard stores
[2016-04-18 03:03:35,813][TRACE][org.elasticsearch.gateway] [node_t1] [test][8] fetching [shard_store] from [zpsanQF7R4u6zEfa6p-Xfw, YucHs-5XRNO-JChWAzIIZg]
[2016-04-18 03:03:35,813][TRACE][org.elasticsearch.gateway] [node_t1] [test][8], node[null], [R], v[6], s[UNASSIGNED], unassigned_info[[reason=NODE_LEFT], at[2016-04-18T07:03:35.788Z], details[node_left[MSgO3f-9S-yat_4GxxKW6w]]]: ignoring allocation, still fetching shard stores
[2016-04-18 03:03:35,813][TRACE][org.elasticsearch.gateway] [node_t1] [test][6] fetching [shard_store] from [YucHs-5XRNO-JChWAzIIZg, zpsanQF7R4u6zEfa6p-Xfw]
[2016-04-18 03:03:35,813][TRACE][org.elasticsearch.gateway] [node_t1] [test][6], node[null], [R], v[6], s[UNASSIGNED], unassigned_info[[reason=NODE_LEFT], at[2016-04-18T07:03:35.788Z], details[node_left[MSgO3f-9S-yat_4GxxKW6w]]]: ignoring allocation, still fetching shard stores
[2016-04-18 03:03:35,814][TRACE][org.elasticsearch.gateway] [node_t1] [test][3] fetching [shard_store] from [YucHs-5XRNO-JChWAzIIZg, zpsanQF7R4u6zEfa6p-Xfw]
[2016-04-18 03:03:35,814][TRACE][org.elasticsearch.gateway] [node_t1] [test][3], node[null], [R], v[5], s[UNASSIGNED], unassigned_info[[reason=NODE_LEFT], at[2016-04-18T07:03:35.788Z], details[node_left[MSgO3f-9S-yat_4GxxKW6w]]]: ignoring allocation, still fetching shard stores
[2016-04-18 03:03:35,814][TRACE][org.elasticsearch.gateway] [node_t1] [test][7] fetching [shard_store] from [zpsanQF7R4u6zEfa6p-Xfw, YucHs-5XRNO-JChWAzIIZg]
[2016-04-18 03:03:35,814][TRACE][org.elasticsearch.gateway] [node_t1] [test][7], node[null], [R], v[5], s[UNASSIGNED], unassigned_info[[reason=NODE_LEFT], at[2016-04-18T07:03:35.788Z], details[node_left[MSgO3f-9S-yat_4GxxKW6w]]]: ignoring allocation, still fetching shard stores
[2016-04-18 03:03:35,814][TRACE][org.elasticsearch.gateway] [node_t1] [test][4] fetching [shard_store] from [YucHs-5XRNO-JChWAzIIZg, zpsanQF7R4u6zEfa6p-Xfw]
[2016-04-18 03:03:35,814][TRACE][org.elasticsearch.gateway] [node_t1] [test][4], node[null], [R], v[5], s[UNASSIGNED], unassigned_info[[reason=NODE_LEFT], at[2016-04-18T07:03:35.788Z], details[node_left[MSgO3f-9S-yat_4GxxKW6w]]]: ignoring allocation, still fetching shard stores
[2016-04-18 03:03:35,814][DEBUG][org.elasticsearch.cluster.service] [node_t1] processing [cluster_reroute(post_node_add)]: took 3ms no change in cluster_state
[2016-04-18 03:03:35,814][TRACE][org.elasticsearch.cluster.service] [node_t1] will process [cluster_health (wait_for_events [LANGUID])]
[2016-04-18 03:03:35,814][DEBUG][org.elasticsearch.cluster.service] [node_t1] processing [cluster_health (wait_for_events [LANGUID])]: execute
[2016-04-18 03:03:35,815][DEBUG][org.elasticsearch.cluster.service] [node_t1] processing [cluster_health (wait_for_events [LANGUID])]: took 0s no change in cluster_state
[2016-04-18 03:03:35,815][TRACE][org.elasticsearch.gateway] [node_t1] [test][5] processing fetched [shard_store] results
[2016-04-18 03:03:35,815][TRACE][org.elasticsearch.gateway] [node_t1] [test][5] marking YucHs-5XRNO-JChWAzIIZg as done for [shard_store]
[2016-04-18 03:03:35,815][TRACE][org.elasticsearch.gateway] [node_t1] [test][5] marking zpsanQF7R4u6zEfa6p-Xfw as done for [shard_store]
[2016-04-18 03:03:35,815][TRACE][org.elasticsearch.gateway] [node_t1] [test][5] scheduling reroute for post_response
[2016-04-18 03:03:35,815][TRACE][org.elasticsearch.gateway] [node_t1] [test][2] processing fetched [shard_store] results
[2016-04-18 03:03:35,815][TRACE][org.elasticsearch.gateway] [node_t1] [test][2] marking YucHs-5XRNO-JChWAzIIZg as done for [shard_store]
[2016-04-18 03:03:35,815][TRACE][org.elasticsearch.cluster.service] [node_t1] will process [cluster_reroute(async_shard_fetch)]
[2016-04-18 03:03:35,816][DEBUG][org.elasticsearch.cluster.service] [node_t1] processing [cluster_reroute(async_shard_fetch)]: execute
[2016-04-18 03:03:35,815][TRACE][org.elasticsearch.gateway] [node_t1] [test][2] marking zpsanQF7R4u6zEfa6p-Xfw as done for [shard_store]
[2016-04-18 03:03:35,816][TRACE][org.elasticsearch.gateway] [node_t1] [test][2] scheduling reroute for post_response
[2016-04-18 03:03:35,816][TRACE][org.elasticsearch.gateway] [node_t1] [test][7], node[null], [R], v[5], s[UNASSIGNED], unassigned_info[[reason=NODE_LEFT], at[2016-04-18T07:03:35.788Z], details[node_left[MSgO3f-9S-yat_4GxxKW6w]]]: ignoring allocation, still fetching shard stores
[2016-04-18 03:03:35,816][TRACE][org.elasticsearch.gateway] [node_t1] [test][3], node[null], [R], v[5], s[UNASSIGNED], unassigned_info[[reason=NODE_LEFT], at[2016-04-18T07:03:35.788Z], details[node_left[MSgO3f-9S-yat_4GxxKW6w]]]: ignoring allocation, still fetching shard stores
[2016-04-18 03:03:35,816][TRACE][org.elasticsearch.gateway] [node_t1] [test][4], node[null], [R], v[5], s[UNASSIGNED], unassigned_info[[reason=NODE_LEFT], at[2016-04-18T07:03:35.788Z], details[node_left[MSgO3f-9S-yat_4GxxKW6w]]]: ignoring allocation, still fetching shard stores
[2016-04-18 03:03:35,816][TRACE][org.elasticsearch.gateway] [node_t1] [test][8], node[null], [R], v[6], s[UNASSIGNED], unassigned_info[[reason=NODE_LEFT], at[2016-04-18T07:03:35.788Z], details[node_left[MSgO3f-9S-yat_4GxxKW6w]]]: ignoring allocation, still fetching shard stores
[2016-04-18 03:03:35,816][TRACE][org.elasticsearch.gateway] [node_t1] [test][1], node[null], [R], v[5], s[UNASSIGNED], unassigned_info[[reason=NODE_LEFT], at[2016-04-18T07:03:35.788Z], details[node_left[MSgO3f-9S-yat_4GxxKW6w]]]: ignoring allocation, still fetching shard stores
[2016-04-18 03:03:35,816][TRACE][org.elasticsearch.gateway] [node_t1] [test][5], node[null], [R], v[5], s[UNASSIGNED], unassigned_info[[reason=NODE_LEFT], at[2016-04-18T07:03:35.788Z], details[node_left[MSgO3f-9S-yat_4GxxKW6w]]]: node [node_t2] has [0b/0] bytes of re-usable data
[2016-04-18 03:03:35,816][TRACE][org.elasticsearch.gateway] [node_t1] [test][6], node[null], [R], v[6], s[UNASSIGNED], unassigned_info[[reason=NODE_LEFT], at[2016-04-18T07:03:35.788Z], details[node_left[MSgO3f-9S-yat_4GxxKW6w]]]: ignoring allocation, still fetching shard stores
[2016-04-18 03:03:35,816][TRACE][org.elasticsearch.gateway] [node_t1] [test][0], node[null], [R], v[5], s[UNASSIGNED], unassigned_info[[reason=NODE_LEFT], at[2016-04-18T07:03:35.788Z], details[node_left[MSgO3f-9S-yat_4GxxKW6w]]]: ignoring allocation, still fetching shard stores
[2016-04-18 03:03:35,817][TRACE][org.elasticsearch.gateway] [node_t1] [test][2], node[null], [R], v[5], s[UNASSIGNED], unassigned_info[[reason=NODE_LEFT], at[2016-04-18T07:03:35.788Z], details[node_left[MSgO3f-9S-yat_4GxxKW6w]]]: node [node_t2] has [0b/0] bytes of re-usable data
[2016-04-18 03:03:35,817][TRACE][org.elasticsearch.gateway] [node_t1] [test][1] processing fetched [shard_store] results
[2016-04-18 03:03:35,817][TRACE][org.elasticsearch.cluster.service] [node_t1] cluster state updated, source [cluster_reroute(async_shard_fetch)]
version: 15
state uuid: PVaJVXnAQTGmQCOp6Gm-xg
from_diff: false
meta data version: 13
nodes: 
   {node_t2}{zpsanQF7R4u6zEfa6p-Xfw}{127.0.0.1}{127.0.0.1:9440}[mode=>network]
   {node_t1}{YucHs-5XRNO-JChWAzIIZg}{127.0.0.1}{127.0.0.1:9441}[mode=>network], local, master
routing_table (version 13):
-- index [test]
----shard_id [test][0]
--------[test][0], node[YucHs-5XRNO-JChWAzIIZg], [P], v[5], s[STARTED], a[id=Z8oM2vxwSmiUDNdNNYmYpA]
--------[test][0], node[null], [R], v[5], s[UNASSIGNED], unassigned_info[[reason=NODE_LEFT], at[2016-04-18T07:03:35.788Z], details[node_left[MSgO3f-9S-yat_4GxxKW6w]]]
----shard_id [test][1]
--------[test][1], node[YucHs-5XRNO-JChWAzIIZg], [P], v[5], s[STARTED], a[id=skolItfmTI6mUEyBLn-4fA]
--------[test][1], node[null], [R], v[5], s[UNASSIGNED], unassigned_info[[reason=NODE_LEFT], at[2016-04-18T07:03:35.788Z], details[node_left[MSgO3f-9S-yat_4GxxKW6w]]]
----shard_id [test][2]
--------[test][2], node[zpsanQF7R4u6zEfa6p-Xfw], [R], v[6], s[INITIALIZING], a[id=NsxiCHYWQNeVBe-opbeqmQ], unassigned_info[[reason=NODE_LEFT], at[2016-04-18T07:03:35.788Z], details[node_left[MSgO3f-9S-yat_4GxxKW6w]]]
--------[test][2], node[YucHs-5XRNO-JChWAzIIZg], [P], v[6], s[STARTED], a[id=RNqthUztR6-DqnLRLToD-Q]
----shard_id [test][3]
--------[test][3], node[YucHs-5XRNO-JChWAzIIZg], [P], v[5], s[STARTED], a[id=_WxhJCFGSNa0eq_monQ5AA]
--------[test][3], node[null], [R], v[5], s[UNASSIGNED], unassigned_info[[reason=NODE_LEFT], at[2016-04-18T07:03:35.788Z], details[node_left[MSgO3f-9S-yat_4GxxKW6w]]]
----shard_id [test][4]
--------[test][4], node[YucHs-5XRNO-JChWAzIIZg], [P], v[5], s[STARTED], a[id=0erPpWShQUWr0fCKxTfoYQ]
--------[test][4], node[null], [R], v[5], s[UNASSIGNED], unassigned_info[[reason=NODE_LEFT], at[2016-04-18T07:03:35.788Z], details[node_left[MSgO3f-9S-yat_4GxxKW6w]]]
----shard_id [test][5]
--------[test][5], node[zpsanQF7R4u6zEfa6p-Xfw], [R], v[6], s[INITIALIZING], a[id=NTy2JcTNQC2QsC7h6umhCw], unassigned_info[[reason=NODE_LEFT], at[2016-04-18T07:03:35.788Z], details[node_left[MSgO3f-9S-yat_4GxxKW6w]]]
--------[test][5], node[YucHs-5XRNO-JChWAzIIZg], [P], v[6], s[STARTED], a[id=4B5yVDeUTpe5-44KssB7xg]
----shard_id [test][6]
--------[test][6], node[YucHs-5XRNO-JChWAzIIZg], [P], v[6], s[STARTED], a[id=lhxXACDDRmi5eofyvUh5ww]
--------[test][6], node[null], [R], v[6], s[UNASSIGNED], unassigned_info[[reason=NODE_LEFT], at[2016-04-18T07:03:35.788Z], details[node_left[MSgO3f-9S-yat_4GxxKW6w]]]
----shard_id [test][7]
--------[test][7], node[YucHs-5XRNO-JChWAzIIZg], [P], v[5], s[STARTED], a[id=_q3o1C7eRoG3whwcdLSwbQ]
--------[test][7], node[null], [R], v[5], s[UNASSIGNED], unassigned_info[[reason=NODE_LEFT], at[2016-04-18T07:03:35.788Z], details[node_left[MSgO3f-9S-yat_4GxxKW6w]]]
----shard_id [test][8]
--------[test][8], node[YucHs-5XRNO-JChWAzIIZg], [P], v[6], s[STARTED], a[id=uERXgJeHSeixZcO4CmIKeQ]
--------[test][8], node[null], [R], v[6], s[UNASSIGNED], unassigned_info[[reason=NODE_LEFT], at[2016-04-18T07:03:35.788Z], details[node_left[MSgO3f-9S-yat_4GxxKW6w]]]

routing_nodes:
-----node_id[zpsanQF7R4u6zEfa6p-Xfw][V]
--------[test][2], node[zpsanQF7R4u6zEfa6p-Xfw], [R], v[6], s[INITIALIZING], a[id=NsxiCHYWQNeVBe-opbeqmQ], unassigned_info[[reason=NODE_LEFT], at[2016-04-18T07:03:35.788Z], details[node_left[MSgO3f-9S-yat_4GxxKW6w]]]
--------[test][5], node[zpsanQF7R4u6zEfa6p-Xfw], [R], v[6], s[INITIALIZING], a[id=NTy2JcTNQC2QsC7h6umhCw], unassigned_info[[reason=NODE_LEFT], at[2016-04-18T07:03:35.788Z], details[node_left[MSgO3f-9S-yat_4GxxKW6w]]]
-----node_id[YucHs-5XRNO-JChWAzIIZg][V]
--------[test][8], node[YucHs-5XRNO-JChWAzIIZg], [P], v[6], s[STARTED], a[id=uERXgJeHSeixZcO4CmIKeQ]
--------[test][2], node[YucHs-5XRNO-JChWAzIIZg], [P], v[6], s[STARTED], a[id=RNqthUztR6-DqnLRLToD-Q]
--------[test][4], node[YucHs-5XRNO-JChWAzIIZg], [P], v[5], s[STARTED], a[id=0erPpWShQUWr0fCKxTfoYQ]
--------[test][5], node[YucHs-5XRNO-JChWAzIIZg], [P], v[6], s[STARTED], a[id=4B5yVDeUTpe5-44KssB7xg]
--------[test][7], node[YucHs-5XRNO-JChWAzIIZg], [P], v[5], s[STARTED], a[id=_q3o1C7eRoG3whwcdLSwbQ]
--------[test][6], node[YucHs-5XRNO-JChWAzIIZg], [P], v[6], s[STARTED], a[id=lhxXACDDRmi5eofyvUh5ww]
--------[test][3], node[YucHs-5XRNO-JChWAzIIZg], [P], v[5], s[STARTED], a[id=_WxhJCFGSNa0eq_monQ5AA]
--------[test][1], node[YucHs-5XRNO-JChWAzIIZg], [P], v[5], s[STARTED], a[id=skolItfmTI6mUEyBLn-4fA]
--------[test][0], node[YucHs-5XRNO-JChWAzIIZg], [P], v[5], s[STARTED], a[id=Z8oM2vxwSmiUDNdNNYmYpA]
---- unassigned
--------[test][8], node[null], [R], v[6], s[UNASSIGNED], unassigned_info[[reason=NODE_LEFT], at[2016-04-18T07:03:35.788Z], details[node_left[MSgO3f-9S-yat_4GxxKW6w]]]
--------[test][4], node[null], [R], v[5], s[UNASSIGNED], unassigned_info[[reason=NODE_LEFT], at[2016-04-18T07:03:35.788Z], details[node_left[MSgO3f-9S-yat_4GxxKW6w]]]
--------[test][7], node[null], [R], v[5], s[UNASSIGNED], unassigned_info[[reason=NODE_LEFT], at[2016-04-18T07:03:35.788Z], details[node_left[MSgO3f-9S-yat_4GxxKW6w]]]
--------[test][6], node[null], [R], v[6], s[UNASSIGNED], unassigned_info[[reason=NODE_LEFT], at[2016-04-18T07:03:35.788Z], details[node_left[MSgO3f-9S-yat_4GxxKW6w]]]
--------[test][3], node[null], [R], v[5], s[UNASSIGNED], unassigned_info[[reason=NODE_LEFT], at[2016-04-18T07:03:35.788Z], details[node_left[MSgO3f-9S-yat_4GxxKW6w]]]
--------[test][1], node[null], [R], v[5], s[UNASSIGNED], unassigned_info[[reason=NODE_LEFT], at[2016-04-18T07:03:35.788Z], details[node_left[MSgO3f-9S-yat_4GxxKW6w]]]
--------[test][0], node[null], [R], v[5], s[UNASSIGNED], unassigned_info[[reason=NODE_LEFT], at[2016-04-18T07:03:35.788Z], details[node_left[MSgO3f-9S-yat_4GxxKW6w]]]

[2016-04-18 03:03:35,817][TRACE][org.elasticsearch.gateway] [node_t1] [test][0] processing fetched [shard_store] results
[2016-04-18 03:03:35,818][TRACE][org.elasticsearch.gateway] [node_t1] [test][0] marking YucHs-5XRNO-JChWAzIIZg as done for [shard_store]
[2016-04-18 03:03:35,818][TRACE][org.elasticsearch.gateway] [node_t1] [test][0] marking zpsanQF7R4u6zEfa6p-Xfw as done for [shard_store]
[2016-04-18 03:03:35,818][TRACE][org.elasticsearch.gateway] [node_t1] [test][0] scheduling reroute for post_response
[2016-04-18 03:03:35,817][TRACE][org.elasticsearch.gateway] [node_t1] [test][1] marking zpsanQF7R4u6zEfa6p-Xfw as done for [shard_store]
[2016-04-18 03:03:35,818][TRACE][org.elasticsearch.gateway] [node_t1] [test][1] marking YucHs-5XRNO-JChWAzIIZg as done for [shard_store]
[2016-04-18 03:03:35,818][TRACE][org.elasticsearch.gateway] [node_t1] [test][1] scheduling reroute for post_response
[2016-04-18 03:03:35,818][TRACE][org.elasticsearch.gateway] [node_t1] [test][7] processing fetched [shard_store] results
[2016-04-18 03:03:35,818][TRACE][org.elasticsearch.gateway] [node_t1] [test][7] marking zpsanQF7R4u6zEfa6p-Xfw as done for [shard_store]
[2016-04-18 03:03:35,818][TRACE][org.elasticsearch.gateway] [node_t1] [test][7] marking YucHs-5XRNO-JChWAzIIZg as done for [shard_store]
[2016-04-18 03:03:35,818][TRACE][org.elasticsearch.gateway] [node_t1] [test][7] scheduling reroute for post_response
[2016-04-18 03:03:35,818][DEBUG][org.elasticsearch.cluster.service] [node_t1] publishing cluster state version [15]
[2016-04-18 03:03:35,818][DEBUG][org.elasticsearch.discovery.zen.publish] [node_t2] received diff cluster state version [15] with uuid [PVaJVXnAQTGmQCOp6Gm-xg], diff size [555]
[2016-04-18 03:03:35,819][TRACE][org.elasticsearch.discovery.zen.publish] [node_t1] master node {node_t2}{zpsanQF7R4u6zEfa6p-Xfw}{127.0.0.1}{127.0.0.1:9440}[mode=>network] acked cluster state version [15]. processing ... (current pending [1], needed [1])
[2016-04-18 03:03:35,819][TRACE][org.elasticsearch.discovery.zen.publish] [node_t1] committing version [15]
[2016-04-18 03:03:35,819][TRACE][org.elasticsearch.gateway] [node_t1] [test][8] processing fetched [shard_store] results
[2016-04-18 03:03:35,819][TRACE][org.elasticsearch.discovery.zen.publish] [node_t1] sending commit for cluster state (uuid: [PVaJVXnAQTGmQCOp6Gm-xg], version [15]) to [{node_t2}{zpsanQF7R4u6zEfa6p-Xfw}{127.0.0.1}{127.0.0.1:9440}[mode=>network]]
[2016-04-18 03:03:35,819][TRACE][org.elasticsearch.gateway] [node_t1] [test][8] marking zpsanQF7R4u6zEfa6p-Xfw as done for [shard_store]
[2016-04-18 03:03:35,826][TRACE][org.elasticsearch.gateway] [node_t1] [test][8] marking YucHs-5XRNO-JChWAzIIZg as done for [shard_store]
[2016-04-18 03:03:35,826][TRACE][org.elasticsearch.gateway] [node_t1] [test][8] scheduling reroute for post_response
[2016-04-18 03:03:35,826][TRACE][org.elasticsearch.cluster.service] [node_t2] will process [zen-disco-receive(from master [master {node_t1}{YucHs-5XRNO-JChWAzIIZg}{127.0.0.1}{127.0.0.1:9441}[mode=>network] committed version [15]])]
[2016-04-18 03:03:35,826][DEBUG][org.elasticsearch.cluster.service] [node_t2] processing [zen-disco-receive(from master [master {node_t1}{YucHs-5XRNO-JChWAzIIZg}{127.0.0.1}{127.0.0.1:9441}[mode=>network] committed version [15]])]: execute
[2016-04-18 03:03:35,827][TRACE][org.elasticsearch.cluster.service] [node_t2] cluster state updated, source [zen-disco-receive(from master [master {node_t1}{YucHs-5XRNO-JChWAzIIZg}{127.0.0.1}{127.0.0.1:9441}[mode=>network] committed version [15]])]
version: 15
state uuid: PVaJVXnAQTGmQCOp6Gm-xg
from_diff: false
meta data version: 13
nodes: 
   {node_t2}{zpsanQF7R4u6zEfa6p-Xfw}{127.0.0.1}{127.0.0.1:9440}[mode=>network], local
   {node_t1}{YucHs-5XRNO-JChWAzIIZg}{127.0.0.1}{127.0.0.1:9441}[mode=>network], master
routing_table (version 13):
-- index [test]
----shard_id [test][0]
--------[test][0], node[YucHs-5XRNO-JChWAzIIZg], [P], v[5], s[STARTED], a[id=Z8oM2vxwSmiUDNdNNYmYpA]
--------[test][0], node[null], [R], v[5], s[UNASSIGNED], unassigned_info[[reason=NODE_LEFT], at[2016-04-18T07:03:35.788Z], details[node_left[MSgO3f-9S-yat_4GxxKW6w]]]
----shard_id [test][1]
--------[test][1], node[YucHs-5XRNO-JChWAzIIZg], [P], v[5], s[STARTED], a[id=skolItfmTI6mUEyBLn-4fA]
--------[test][1], node[null], [R], v[5], s[UNASSIGNED], unassigned_info[[reason=NODE_LEFT], at[2016-04-18T07:03:35.788Z], details[node_left[MSgO3f-9S-yat_4GxxKW6w]]]
----shard_id [test][2]
--------[test][2], node[zpsanQF7R4u6zEfa6p-Xfw], [R], v[6], s[INITIALIZING], a[id=NsxiCHYWQNeVBe-opbeqmQ], unassigned_info[[reason=NODE_LEFT], at[2016-04-18T07:03:35.788Z], details[node_left[MSgO3f-9S-yat_4GxxKW6w]]]
--------[test][2], node[YucHs-5XRNO-JChWAzIIZg], [P], v[6], s[STARTED], a[id=RNqthUztR6-DqnLRLToD-Q]
----shard_id [test][3]
--------[test][3], node[YucHs-5XRNO-JChWAzIIZg], [P], v[5], s[STARTED], a[id=_WxhJCFGSNa0eq_monQ5AA]
--------[test][3], node[null], [R], v[5], s[UNASSIGNED], unassigned_info[[reason=NODE_LEFT], at[2016-04-18T07:03:35.788Z], details[node_left[MSgO3f-9S-yat_4GxxKW6w]]]
----shard_id [test][4]
--------[test][4], node[YucHs-5XRNO-JChWAzIIZg], [P], v[5], s[STARTED], a[id=0erPpWShQUWr0fCKxTfoYQ]
--------[test][4], node[null], [R], v[5], s[UNASSIGNED], unassigned_info[[reason=NODE_LEFT], at[2016-04-18T07:03:35.788Z], details[node_left[MSgO3f-9S-yat_4GxxKW6w]]]
----shard_id [test][5]
--------[test][5], node[zpsanQF7R4u6zEfa6p-Xfw], [R], v[6], s[INITIALIZING], a[id=NTy2JcTNQC2QsC7h6umhCw], unassigned_info[[reason=NODE_LEFT], at[2016-04-18T07:03:35.788Z], details[node_left[MSgO3f-9S-yat_4GxxKW6w]]]
--------[test][5], node[YucHs-5XRNO-JChWAzIIZg], [P], v[6], s[STARTED], a[id=4B5yVDeUTpe5-44KssB7xg]
----shard_id [test][6]
--------[test][6], node[YucHs-5XRNO-JChWAzIIZg], [P], v[6], s[STARTED], a[id=lhxXACDDRmi5eofyvUh5ww]
--------[test][6], node[null], [R], v[6], s[UNASSIGNED], unassigned_info[[reason=NODE_LEFT], at[2016-04-18T07:03:35.788Z], details[node_left[MSgO3f-9S-yat_4GxxKW6w]]]
----shard_id [test][7]
--------[test][7], node[YucHs-5XRNO-JChWAzIIZg], [P], v[5], s[STARTED], a[id=_q3o1C7eRoG3whwcdLSwbQ]
--------[test][7], node[null], [R], v[5], s[UNASSIGNED], unassigned_info[[reason=NODE_LEFT], at[2016-04-18T07:03:35.788Z], details[node_left[MSgO3f-9S-yat_4GxxKW6w]]]
----shard_id [test][8]
--------[test][8], node[YucHs-5XRNO-JChWAzIIZg], [P], v[6], s[STARTED], a[id=uERXgJeHSeixZcO4CmIKeQ]
--------[test][8], node[null], [R], v[6], s[UNASSIGNED], unassigned_info[[reason=NODE_LEFT], at[2016-04-18T07:03:35.788Z], details[node_left[MSgO3f-9S-yat_4GxxKW6w]]]

routing_nodes:
-----node_id[zpsanQF7R4u6zEfa6p-Xfw][V]
--------[test][5], node[zpsanQF7R4u6zEfa6p-Xfw], [R], v[6], s[INITIALIZING], a[id=NTy2JcTNQC2QsC7h6umhCw], unassigned_info[[reason=NODE_LEFT], at[2016-04-18T07:03:35.788Z], details[node_left[MSgO3f-9S-yat_4GxxKW6w]]]
--------[test][2], node[zpsanQF7R4u6zEfa6p-Xfw], [R], v[6], s[INITIALIZING], a[id=NsxiCHYWQNeVBe-opbeqmQ], unassigned_info[[reason=NODE_LEFT], at[2016-04-18T07:03:35.788Z], details[node_left[MSgO3f-9S-yat_4GxxKW6w]]]
-----node_id[YucHs-5XRNO-JChWAzIIZg][V]
--------[test][7], node[YucHs-5XRNO-JChWAzIIZg], [P], v[5], s[STARTED], a[id=_q3o1C7eRoG3whwcdLSwbQ]
--------[test][6], node[YucHs-5XRNO-JChWAzIIZg], [P], v[6], s[STARTED], a[id=lhxXACDDRmi5eofyvUh5ww]
--------[test][3], node[YucHs-5XRNO-JChWAzIIZg], [P], v[5], s[STARTED], a[id=_WxhJCFGSNa0eq_monQ5AA]
--------[test][4], node[YucHs-5XRNO-JChWAzIIZg], [P], v[5], s[STARTED], a[id=0erPpWShQUWr0fCKxTfoYQ]
--------[test][5], node[YucHs-5XRNO-JChWAzIIZg], [P], v[6], s[STARTED], a[id=4B5yVDeUTpe5-44KssB7xg]
--------[test][2], node[YucHs-5XRNO-JChWAzIIZg], [P], v[6], s[STARTED], a[id=RNqthUztR6-DqnLRLToD-Q]
--------[test][8], node[YucHs-5XRNO-JChWAzIIZg], [P], v[6], s[STARTED], a[id=uERXgJeHSeixZcO4CmIKeQ]
--------[test][1], node[YucHs-5XRNO-JChWAzIIZg], [P], v[5], s[STARTED], a[id=skolItfmTI6mUEyBLn-4fA]
--------[test][0], node[YucHs-5XRNO-JChWAzIIZg], [P], v[5], s[STARTED], a[id=Z8oM2vxwSmiUDNdNNYmYpA]
---- unassigned
--------[test][7], node[null], [R], v[5], s[UNASSIGNED], unassigned_info[[reason=NODE_LEFT], at[2016-04-18T07:03:35.788Z], details[node_left[MSgO3f-9S-yat_4GxxKW6w]]]
--------[test][6], node[null], [R], v[6], s[UNASSIGNED], unassigned_info[[reason=NODE_LEFT], at[2016-04-18T07:03:35.788Z], details[node_left[MSgO3f-9S-yat_4GxxKW6w]]]
--------[test][3], node[null], [R], v[5], s[UNASSIGNED], unassigned_info[[reason=NODE_LEFT], at[2016-04-18T07:03:35.788Z], details[node_left[MSgO3f-9S-yat_4GxxKW6w]]]
--------[test][4], node[null], [R], v[5], s[UNASSIGNED], unassigned_info[[reason=NODE_LEFT], at[2016-04-18T07:03:35.788Z], details[node_left[MSgO3f-9S-yat_4GxxKW6w]]]
--------[test][8], node[null], [R], v[6], s[UNASSIGNED], unassigned_info[[reason=NODE_LEFT], at[2016-04-18T07:03:35.788Z], details[node_left[MSgO3f-9S-yat_4GxxKW6w]]]
--------[test][1], node[null], [R], v[5], s[UNASSIGNED], unassigned_info[[reason=NODE_LEFT], at[2016-04-18T07:03:35.788Z], details[node_left[MSgO3f-9S-yat_4GxxKW6w]]]
--------[test][0], node[null], [R], v[5], s[UNASSIGNED], unassigned_info[[reason=NODE_LEFT], at[2016-04-18T07:03:35.788Z], details[node_left[MSgO3f-9S-yat_4GxxKW6w]]]

[2016-04-18 03:03:35,827][DEBUG][org.elasticsearch.cluster.service] [node_t2] set local cluster state to version 15
[2016-04-18 03:03:35,828][TRACE][org.elasticsearch.gateway] [node_t1] [test][3] processing fetched [shard_store] results
[2016-04-18 03:03:35,828][TRACE][org.elasticsearch.gateway] [node_t1] [test][4] processing fetched [shard_store] results
[2016-04-18 03:03:35,828][TRACE][org.elasticsearch.gateway] [node_t1] [test][4] marking YucHs-5XRNO-JChWAzIIZg as done for [shard_store]
[2016-04-18 03:03:35,828][TRACE][org.elasticsearch.gateway] [node_t1] [test][3] marking YucHs-5XRNO-JChWAzIIZg as done for [shard_store]
[2016-04-18 03:03:35,828][TRACE][org.elasticsearch.gateway] [node_t1] [test][3] marking zpsanQF7R4u6zEfa6p-Xfw as done for [shard_store]
[2016-04-18 03:03:35,828][TRACE][org.elasticsearch.gateway] [node_t1] [test][6] processing fetched [shard_store] results
[2016-04-18 03:03:35,828][TRACE][org.elasticsearch.gateway] [node_t1] [test][6] marking YucHs-5XRNO-JChWAzIIZg as done for [shard_store]
[2016-04-18 03:03:35,828][TRACE][org.elasticsearch.gateway] [node_t1] [test][6] marking zpsanQF7R4u6zEfa6p-Xfw as done for [shard_store]
[2016-04-18 03:03:35,828][TRACE][org.elasticsearch.gateway] [node_t1] [test][6] scheduling reroute for post_response
[2016-04-18 03:03:35,828][TRACE][org.elasticsearch.gateway] [node_t1] [test][3] scheduling reroute for post_response
[2016-04-18 03:03:35,828][TRACE][org.elasticsearch.gateway] [node_t1] [test][4] marking zpsanQF7R4u6zEfa6p-Xfw as done for [shard_store]
[2016-04-18 03:03:35,828][TRACE][org.elasticsearch.gateway] [node_t1] [test][4] scheduling reroute for post_response
[2016-04-18 03:03:35,832][DEBUG][org.elasticsearch.cluster.service] [node_t2] processing [zen-disco-receive(from master [master {node_t1}{YucHs-5XRNO-JChWAzIIZg}{127.0.0.1}{127.0.0.1:9441}[mode=>network] committed version [15]])]: took 5ms done applying updated cluster_state (version: 15, uuid: PVaJVXnAQTGmQCOp6Gm-xg)
[2016-04-18 03:03:35,832][DEBUG][org.elasticsearch.cluster.service] [node_t1] set local cluster state to version 15
[2016-04-18 03:03:35,837][DEBUG][org.elasticsearch.cluster.service] [node_t1] processing [cluster_reroute(async_shard_fetch)]: took 20ms done applying updated cluster_state (version: 15, uuid: PVaJVXnAQTGmQCOp6Gm-xg)
[2016-04-18 03:03:35,837][TRACE][org.elasticsearch.cluster.service] [node_t1] will process [cluster_reroute(async_shard_fetch)]
[2016-04-18 03:03:35,837][DEBUG][org.elasticsearch.cluster.service] [node_t1] processing [cluster_reroute(async_shard_fetch)]: execute
[2016-04-18 03:03:35,837][TRACE][org.elasticsearch.gateway] [node_t1] [test][7], node[null], [R], v[5], s[UNASSIGNED], unassigned_info[[reason=NODE_LEFT], at[2016-04-18T07:03:35.788Z], details[node_left[MSgO3f-9S-yat_4GxxKW6w]]]: node [node_t2] has [0b/0] bytes of re-usable data
[2016-04-18 03:03:35,837][TRACE][org.elasticsearch.gateway] [node_t1] [test][8], node[null], [R], v[6], s[UNASSIGNED], unassigned_info[[reason=NODE_LEFT], at[2016-04-18T07:03:35.788Z], details[node_left[MSgO3f-9S-yat_4GxxKW6w]]]: node [node_t2] has [0b/0] bytes of re-usable data
[2016-04-18 03:03:35,837][TRACE][org.elasticsearch.gateway] [node_t1] [test][6], node[null], [R], v[6], s[UNASSIGNED], unassigned_info[[reason=NODE_LEFT], at[2016-04-18T07:03:35.788Z], details[node_left[MSgO3f-9S-yat_4GxxKW6w]]]: node [node_t2] has [0b/0] bytes of re-usable data
[2016-04-18 03:03:35,837][TRACE][org.elasticsearch.gateway] [node_t1] [test][3], node[null], [R], v[5], s[UNASSIGNED], unassigned_info[[reason=NODE_LEFT], at[2016-04-18T07:03:35.788Z], details[node_left[MSgO3f-9S-yat_4GxxKW6w]]]: node [node_t2] has [0b/0] bytes of re-usable data
[2016-04-18 03:03:35,837][TRACE][org.elasticsearch.gateway] [node_t1] [test][4], node[null], [R], v[5], s[UNASSIGNED], unassigned_info[[reason=NODE_LEFT], at[2016-04-18T07:03:35.788Z], details[node_left[MSgO3f-9S-yat_4GxxKW6w]]]: node [node_t2] has [0b/0] bytes of re-usable data
[2016-04-18 03:03:35,838][TRACE][org.elasticsearch.gateway] [node_t1] [test][0], node[null], [R], v[5], s[UNASSIGNED], unassigned_info[[reason=NODE_LEFT], at[2016-04-18T07:03:35.788Z], details[node_left[MSgO3f-9S-yat_4GxxKW6w]]]: node [node_t2] has [0b/0] bytes of re-usable data
[2016-04-18 03:03:35,838][TRACE][org.elasticsearch.gateway] [node_t1] [test][1], node[null], [R], v[5], s[UNASSIGNED], unassigned_info[[reason=NODE_LEFT], at[2016-04-18T07:03:35.788Z], details[node_left[MSgO3f-9S-yat_4GxxKW6w]]]: node [node_t2] has [0b/0] bytes of re-usable data
[2016-04-18 03:03:35,838][TRACE][org.elasticsearch.cluster.service] [node_t1] cluster state updated, source [cluster_reroute(async_shard_fetch)]
version: 16
state uuid: exmNpIt0S7ydQIR5pDZVZg
from_diff: false
meta data version: 13
nodes: 
   {node_t2}{zpsanQF7R4u6zEfa6p-Xfw}{127.0.0.1}{127.0.0.1:9440}[mode=>network]
   {node_t1}{YucHs-5XRNO-JChWAzIIZg}{127.0.0.1}{127.0.0.1:9441}[mode=>network], local, master
routing_table (version 14):
-- index [test]
----shard_id [test][0]
--------[test][0], node[zpsanQF7R4u6zEfa6p-Xfw], [R], v[6], s[INITIALIZING], a[id=cGvyFBLATQG9hqQ0GRBlNQ], unassigned_info[[reason=NODE_LEFT], at[2016-04-18T07:03:35.788Z], details[node_left[MSgO3f-9S-yat_4GxxKW6w]]]
--------[test][0], node[YucHs-5XRNO-JChWAzIIZg], [P], v[6], s[STARTED], a[id=Z8oM2vxwSmiUDNdNNYmYpA]
----shard_id [test][1]
--------[test][1], node[YucHs-5XRNO-JChWAzIIZg], [P], v[5], s[STARTED], a[id=skolItfmTI6mUEyBLn-4fA]
--------[test][1], node[null], [R], v[5], s[UNASSIGNED], unassigned_info[[reason=NODE_LEFT], at[2016-04-18T07:03:35.788Z], details[node_left[MSgO3f-9S-yat_4GxxKW6w]]]
----shard_id [test][2]
--------[test][2], node[zpsanQF7R4u6zEfa6p-Xfw], [R], v[6], s[INITIALIZING], a[id=NsxiCHYWQNeVBe-opbeqmQ], unassigned_info[[reason=NODE_LEFT], at[2016-04-18T07:03:35.788Z], details[node_left[MSgO3f-9S-yat_4GxxKW6w]]]
--------[test][2], node[YucHs-5XRNO-JChWAzIIZg], [P], v[6], s[STARTED], a[id=RNqthUztR6-DqnLRLToD-Q]
----shard_id [test][3]
--------[test][3], node[YucHs-5XRNO-JChWAzIIZg], [P], v[5], s[STARTED], a[id=_WxhJCFGSNa0eq_monQ5AA]
--------[test][3], node[null], [R], v[5], s[UNASSIGNED], unassigned_info[[reason=NODE_LEFT], at[2016-04-18T07:03:35.788Z], details[node_left[MSgO3f-9S-yat_4GxxKW6w]]]
----shard_id [test][4]
--------[test][4], node[YucHs-5XRNO-JChWAzIIZg], [P], v[5], s[STARTED], a[id=0erPpWShQUWr0fCKxTfoYQ]
--------[test][4], node[null], [R], v[5], s[UNASSIGNED], unassigned_info[[reason=NODE_LEFT], at[2016-04-18T07:03:35.788Z], details[node_left[MSgO3f-9S-yat_4GxxKW6w]]]
----shard_id [test][5]
--------[test][5], node[zpsanQF7R4u6zEfa6p-Xfw], [R], v[6], s[INITIALIZING], a[id=NTy2JcTNQC2QsC7h6umhCw], unassigned_info[[reason=NODE_LEFT], at[2016-04-18T07:03:35.788Z], details[node_left[MSgO3f-9S-yat_4GxxKW6w]]]
--------[test][5], node[YucHs-5XRNO-JChWAzIIZg], [P], v[6], s[STARTED], a[id=4B5yVDeUTpe5-44KssB7xg]
----shard_id [test][6]
--------[test][6], node[YucHs-5XRNO-JChWAzIIZg], [P], v[6], s[STARTED], a[id=lhxXACDDRmi5eofyvUh5ww]
--------[test][6], node[null], [R], v[6], s[UNASSIGNED], unassigned_info[[reason=NODE_LEFT], at[2016-04-18T07:03:35.788Z], details[node_left[MSgO3f-9S-yat_4GxxKW6w]]]
----shard_id [test][7]
--------[test][7], node[YucHs-5XRNO-JChWAzIIZg], [P], v[5], s[STARTED], a[id=_q3o1C7eRoG3whwcdLSwbQ]
--------[test][7], node[null], [R], v[5], s[UNASSIGNED], unassigned_info[[reason=NODE_LEFT], at[2016-04-18T07:03:35.788Z], details[node_left[MSgO3f-9S-yat_4GxxKW6w]]]
----shard_id [test][8]
--------[test][8], node[YucHs-5XRNO-JChWAzIIZg], [P], v[6], s[STARTED], a[id=uERXgJeHSeixZcO4CmIKeQ]
--------[test][8], node[null], [R], v[6], s[UNASSIGNED], unassigned_info[[reason=NODE_LEFT], at[2016-04-18T07:03:35.788Z], details[node_left[MSgO3f-9S-yat_4GxxKW6w]]]

routing_nodes:
-----node_id[zpsanQF7R4u6zEfa6p-Xfw][V]
--------[test][5], node[zpsanQF7R4u6zEfa6p-Xfw], [R], v[6], s[INITIALIZING], a[id=NTy2JcTNQC2QsC7h6umhCw], unassigned_info[[reason=NODE_LEFT], at[2016-04-18T07:03:35.788Z], details[node_left[MSgO3f-9S-yat_4GxxKW6w]]]
--------[test][2], node[zpsanQF7R4u6zEfa6p-Xfw], [R], v[6], s[INITIALIZING], a[id=NsxiCHYWQNeVBe-opbeqmQ], unassigned_info[[reason=NODE_LEFT], at[2016-04-18T07:03:35.788Z], details[node_left[MSgO3f-9S-yat_4GxxKW6w]]]
--------[test][0], node[zpsanQF7R4u6zEfa6p-Xfw], [R], v[6], s[INITIALIZING], a[id=cGvyFBLATQG9hqQ0GRBlNQ], unassigned_info[[reason=NODE_LEFT], at[2016-04-18T07:03:35.788Z], details[node_left[MSgO3f-9S-yat_4GxxKW6w]]]
-----node_id[YucHs-5XRNO-JChWAzIIZg][V]
--------[test][3], node[YucHs-5XRNO-JChWAzIIZg], [P], v[5], s[STARTED], a[id=_WxhJCFGSNa0eq_monQ5AA]
--------[test][1], node[YucHs-5XRNO-JChWAzIIZg], [P], v[5], s[STARTED], a[id=skolItfmTI6mUEyBLn-4fA]
--------[test][7], node[YucHs-5XRNO-JChWAzIIZg], [P], v[5], s[STARTED], a[id=_q3o1C7eRoG3whwcdLSwbQ]
--------[test][4], node[YucHs-5XRNO-JChWAzIIZg], [P], v[5], s[STARTED], a[id=0erPpWShQUWr0fCKxTfoYQ]
--------[test][8], node[YucHs-5XRNO-JChWAzIIZg], [P], v[6], s[STARTED], a[id=uERXgJeHSeixZcO4CmIKeQ]
--------[test][5], node[YucHs-5XRNO-JChWAzIIZg], [P], v[6], s[STARTED], a[id=4B5yVDeUTpe5-44KssB7xg]
--------[test][2], node[YucHs-5XRNO-JChWAzIIZg], [P], v[6], s[STARTED], a[id=RNqthUztR6-DqnLRLToD-Q]
--------[test][6], node[YucHs-5XRNO-JChWAzIIZg], [P], v[6], s[STARTED], a[id=lhxXACDDRmi5eofyvUh5ww]
--------[test][0], node[YucHs-5XRNO-JChWAzIIZg], [P], v[6], s[STARTED], a[id=Z8oM2vxwSmiUDNdNNYmYpA]
---- unassigned
--------[test][3], node[null], [R], v[5], s[UNASSIGNED], unassigned_info[[reason=NODE_LEFT], at[2016-04-18T07:03:35.788Z], details[node_left[MSgO3f-9S-yat_4GxxKW6w]]]
--------[test][1], node[null], [R], v[5], s[UNASSIGNED], unassigned_info[[reason=NODE_LEFT], at[2016-04-18T07:03:35.788Z], details[node_left[MSgO3f-9S-yat_4GxxKW6w]]]
--------[test][7], node[null], [R], v[5], s[UNASSIGNED], unassigned_info[[reason=NODE_LEFT], at[2016-04-18T07:03:35.788Z], details[node_left[MSgO3f-9S-yat_4GxxKW6w]]]
--------[test][4], node[null], [R], v[5], s[UNASSIGNED], unassigned_info[[reason=NODE_LEFT], at[2016-04-18T07:03:35.788Z], details[node_left[MSgO3f-9S-yat_4GxxKW6w]]]
--------[test][8], node[null], [R], v[6], s[UNASSIGNED], unassigned_info[[reason=NODE_LEFT], at[2016-04-18T07:03:35.788Z], details[node_left[MSgO3f-9S-yat_4GxxKW6w]]]
--------[test][6], node[null], [R], v[6], s[UNASSIGNED], unassigned_info[[reason=NODE_LEFT], at[2016-04-18T07:03:35.788Z], details[node_left[MSgO3f-9S-yat_4GxxKW6w]]]

[2016-04-18 03:03:35,839][DEBUG][org.elasticsearch.cluster.service] [node_t1] publishing cluster state version [16]
[2016-04-18 03:03:35,839][DEBUG][org.elasticsearch.discovery.zen.publish] [node_t2] received diff cluster state version [16] with uuid [exmNpIt0S7ydQIR5pDZVZg], diff size [575]
[2016-04-18 03:03:35,839][TRACE][org.elasticsearch.discovery.zen.publish] [node_t1] master node {node_t2}{zpsanQF7R4u6zEfa6p-Xfw}{127.0.0.1}{127.0.0.1:9440}[mode=>network] acked cluster state version [16]. processing ... (current pending [1], needed [1])
[2016-04-18 03:03:35,839][TRACE][org.elasticsearch.discovery.zen.publish] [node_t1] committing version [16]
[2016-04-18 03:03:35,839][TRACE][org.elasticsearch.discovery.zen.publish] [node_t1] sending commit for cluster state (uuid: [exmNpIt0S7ydQIR5pDZVZg], version [16]) to [{node_t2}{zpsanQF7R4u6zEfa6p-Xfw}{127.0.0.1}{127.0.0.1:9440}[mode=>network]]
[2016-04-18 03:03:35,840][TRACE][org.elasticsearch.cluster.service] [node_t2] will process [zen-disco-receive(from master [master {node_t1}{YucHs-5XRNO-JChWAzIIZg}{127.0.0.1}{127.0.0.1:9441}[mode=>network] committed version [16]])]
[2016-04-18 03:03:35,840][DEBUG][org.elasticsearch.cluster.service] [node_t2] processing [zen-disco-receive(from master [master {node_t1}{YucHs-5XRNO-JChWAzIIZg}{127.0.0.1}{127.0.0.1:9441}[mode=>network] committed version [16]])]: execute
[2016-04-18 03:03:35,841][TRACE][org.elasticsearch.cluster.service] [node_t2] cluster state updated, source [zen-disco-receive(from master [master {node_t1}{YucHs-5XRNO-JChWAzIIZg}{127.0.0.1}{127.0.0.1:9441}[mode=>network] committed version [16]])]
version: 16
state uuid: exmNpIt0S7ydQIR5pDZVZg
from_diff: false
meta data version: 13
nodes: 
   {node_t2}{zpsanQF7R4u6zEfa6p-Xfw}{127.0.0.1}{127.0.0.1:9440}[mode=>network], local
   {node_t1}{YucHs-5XRNO-JChWAzIIZg}{127.0.0.1}{127.0.0.1:9441}[mode=>network], master
routing_table (version 14):
-- index [test]
----shard_id [test][0]
--------[test][0], node[zpsanQF7R4u6zEfa6p-Xfw], [R], v[6], s[INITIALIZING], a[id=cGvyFBLATQG9hqQ0GRBlNQ], unassigned_info[[reason=NODE_LEFT], at[2016-04-18T07:03:35.788Z], details[node_left[MSgO3f-9S-yat_4GxxKW6w]]]
--------[test][0], node[YucHs-5XRNO-JChWAzIIZg], [P], v[6], s[STARTED], a[id=Z8oM2vxwSmiUDNdNNYmYpA]
----shard_id [test][1]
--------[test][1], node[YucHs-5XRNO-JChWAzIIZg], [P], v[5], s[STARTED], a[id=skolItfmTI6mUEyBLn-4fA]
--------[test][1], node[null], [R], v[5], s[UNASSIGNED], unassigned_info[[reason=NODE_LEFT], at[2016-04-18T07:03:35.788Z], details[node_left[MSgO3f-9S-yat_4GxxKW6w]]]
----shard_id [test][2]
--------[test][2], node[zpsanQF7R4u6zEfa6p-Xfw], [R], v[6], s[INITIALIZING], a[id=NsxiCHYWQNeVBe-opbeqmQ], unassigned_info[[reason=NODE_LEFT], at[2016-04-18T07:03:35.788Z], details[node_left[MSgO3f-9S-yat_4GxxKW6w]]]
--------[test][2], node[YucHs-5XRNO-JChWAzIIZg], [P], v[6], s[STARTED], a[id=RNqthUztR6-DqnLRLToD-Q]
----shard_id [test][3]
--------[test][3], node[YucHs-5XRNO-JChWAzIIZg], [P], v[5], s[STARTED], a[id=_WxhJCFGSNa0eq_monQ5AA]
--------[test][3], node[null], [R], v[5], s[UNASSIGNED], unassigned_info[[reason=NODE_LEFT], at[2016-04-18T07:03:35.788Z], details[node_left[MSgO3f-9S-yat_4GxxKW6w]]]
----shard_id [test][4]
--------[test][4], node[YucHs-5XRNO-JChWAzIIZg], [P], v[5], s[STARTED], a[id=0erPpWShQUWr0fCKxTfoYQ]
--------[test][4], node[null], [R], v[5], s[UNASSIGNED], unassigned_info[[reason=NODE_LEFT], at[2016-04-18T07:03:35.788Z], details[node_left[MSgO3f-9S-yat_4GxxKW6w]]]
----shard_id [test][5]
--------[test][5], node[zpsanQF7R4u6zEfa6p-Xfw], [R], v[6], s[INITIALIZING], a[id=NTy2JcTNQC2QsC7h6umhCw], unassigned_info[[reason=NODE_LEFT], at[2016-04-18T07:03:35.788Z], details[node_left[MSgO3f-9S-yat_4GxxKW6w]]]
--------[test][5], node[YucHs-5XRNO-JChWAzIIZg], [P], v[6], s[STARTED], a[id=4B5yVDeUTpe5-44KssB7xg]
----shard_id [test][6]
--------[test][6], node[YucHs-5XRNO-JChWAzIIZg], [P], v[6], s[STARTED], a[id=lhxXACDDRmi5eofyvUh5ww]
--------[test][6], node[null], [R], v[6], s[UNASSIGNED], unassigned_info[[reason=NODE_LEFT], at[2016-04-18T07:03:35.788Z], details[node_left[MSgO3f-9S-yat_4GxxKW6w]]]
----shard_id [test][7]
--------[test][7], node[YucHs-5XRNO-JChWAzIIZg], [P], v[5], s[STARTED], a[id=_q3o1C7eRoG3whwcdLSwbQ]
--------[test][7], node[null], [R], v[5], s[UNASSIGNED], unassigned_info[[reason=NODE_LEFT], at[2016-04-18T07:03:35.788Z], details[node_left[MSgO3f-9S-yat_4GxxKW6w]]]
----shard_id [test][8]
--------[test][8], node[YucHs-5XRNO-JChWAzIIZg], [P], v[6], s[STARTED], a[id=uERXgJeHSeixZcO4CmIKeQ]
--------[test][8], node[null], [R], v[6], s[UNASSIGNED], unassigned_info[[reason=NODE_LEFT], at[2016-04-18T07:03:35.788Z], details[node_left[MSgO3f-9S-yat_4GxxKW6w]]]

routing_nodes:
-----node_id[zpsanQF7R4u6zEfa6p-Xfw][V]
--------[test][5], node[zpsanQF7R4u6zEfa6p-Xfw], [R], v[6], s[INITIALIZING], a[id=NTy2JcTNQC2QsC7h6umhCw], unassigned_info[[reason=NODE_LEFT], at[2016-04-18T07:03:35.788Z], details[node_left[MSgO3f-9S-yat_4GxxKW6w]]]
--------[test][2], node[zpsanQF7R4u6zEfa6p-Xfw], [R], v[6], s[INITIALIZING], a[id=NsxiCHYWQNeVBe-opbeqmQ], unassigned_info[[reason=NODE_LEFT], at[2016-04-18T07:03:35.788Z], details[node_left[MSgO3f-9S-yat_4GxxKW6w]]]
--------[test][0], node[zpsanQF7R4u6zEfa6p-Xfw], [R], v[6], s[INITIALIZING], a[id=cGvyFBLATQG9hqQ0GRBlNQ], unassigned_info[[reason=NODE_LEFT], at[2016-04-18T07:03:35.788Z], details[node_left[MSgO3f-9S-yat_4GxxKW6w]]]
-----node_id[YucHs-5XRNO-JChWAzIIZg][V]
--------[test][1], node[YucHs-5XRNO-JChWAzIIZg], [P], v[5], s[STARTED], a[id=skolItfmTI6mUEyBLn-4fA]
--------[test][3], node[YucHs-5XRNO-JChWAzIIZg], [P], v[5], s[STARTED], a[id=_WxhJCFGSNa0eq_monQ5AA]
--------[test][7], node[YucHs-5XRNO-JChWAzIIZg], [P], v[5], s[STARTED], a[id=_q3o1C7eRoG3whwcdLSwbQ]
--------[test][5], node[YucHs-5XRNO-JChWAzIIZg], [P], v[6], s[STARTED], a[id=4B5yVDeUTpe5-44KssB7xg]
--------[test][2], node[YucHs-5XRNO-JChWAzIIZg], [P], v[6], s[STARTED], a[id=RNqthUztR6-DqnLRLToD-Q]
--------[test][4], node[YucHs-5XRNO-JChWAzIIZg], [P], v[5], s[STARTED], a[id=0erPpWShQUWr0fCKxTfoYQ]
--------[test][8], node[YucHs-5XRNO-JChWAzIIZg], [P], v[6], s[STARTED], a[id=uERXgJeHSeixZcO4CmIKeQ]
--------[test][6], node[YucHs-5XRNO-JChWAzIIZg], [P], v[6], s[STARTED], a[id=lhxXACDDRmi5eofyvUh5ww]
--------[test][0], node[YucHs-5XRNO-JChWAzIIZg], [P], v[6], s[STARTED], a[id=Z8oM2vxwSmiUDNdNNYmYpA]
---- unassigned
--------[test][1], node[null], [R], v[5], s[UNASSIGNED], unassigned_info[[reason=NODE_LEFT], at[2016-04-18T07:03:35.788Z], details[node_left[MSgO3f-9S-yat_4GxxKW6w]]]
--------[test][3], node[null], [R], v[5], s[UNASSIGNED], unassigned_info[[reason=NODE_LEFT], at[2016-04-18T07:03:35.788Z], details[node_left[MSgO3f-9S-yat_4GxxKW6w]]]
--------[test][7], node[null], [R], v[5], s[UNASSIGNED], unassigned_info[[reason=NODE_LEFT], at[2016-04-18T07:03:35.788Z], details[node_left[MSgO3f-9S-yat_4GxxKW6w]]]
--------[test][4], node[null], [R], v[5], s[UNASSIGNED], unassigned_info[[reason=NODE_LEFT], at[2016-04-18T07:03:35.788Z], details[node_left[MSgO3f-9S-yat_4GxxKW6w]]]
--------[test][8], node[null], [R], v[6], s[UNASSIGNED], unassigned_info[[reason=NODE_LEFT], at[2016-04-18T07:03:35.788Z], details[node_left[MSgO3f-9S-yat_4GxxKW6w]]]
--------[test][6], node[null], [R], v[6], s[UNASSIGNED], unassigned_info[[reason=NODE_LEFT], at[2016-04-18T07:03:35.788Z], details[node_left[MSgO3f-9S-yat_4GxxKW6w]]]

[2016-04-18 03:03:35,841][DEBUG][org.elasticsearch.cluster.service] [node_t2] set local cluster state to version 16
[2016-04-18 03:03:35,844][DEBUG][org.elasticsearch.cluster.service] [node_t2] processing [zen-disco-receive(from master [master {node_t1}{YucHs-5XRNO-JChWAzIIZg}{127.0.0.1}{127.0.0.1:9441}[mode=>network] committed version [16]])]: took 3ms done applying updated cluster_state (version: 16, uuid: exmNpIt0S7ydQIR5pDZVZg)
[2016-04-18 03:03:35,844][DEBUG][org.elasticsearch.cluster.service] [node_t1] set local cluster state to version 16
[2016-04-18 03:03:35,846][DEBUG][org.elasticsearch.cluster.service] [node_t1] processing [cluster_reroute(async_shard_fetch)]: took 9ms done applying updated cluster_state (version: 16, uuid: exmNpIt0S7ydQIR5pDZVZg)
[2016-04-18 03:03:35,846][TRACE][org.elasticsearch.cluster.service] [node_t1] will process [cluster_health (wait_for_events [LANGUID])]
[2016-04-18 03:03:35,846][DEBUG][org.elasticsearch.cluster.service] [node_t1] processing [cluster_health (wait_for_events [LANGUID])]: execute
[2016-04-18 03:03:35,846][DEBUG][org.elasticsearch.cluster.service] [node_t1] processing [cluster_health (wait_for_events [LANGUID])]: took 0s no change in cluster_state
[2016-04-18 03:03:35,852][TRACE][org.elasticsearch.cluster.service] [node_t1] will process [shard-started ([test][2], node[zpsanQF7R4u6zEfa6p-Xfw], [R], v[6], s[INITIALIZING], a[id=NsxiCHYWQNeVBe-opbeqmQ], unassigned_info[[reason=NODE_LEFT], at[2016-04-18T07:03:35.788Z], details[node_left[MSgO3f-9S-yat_4GxxKW6w]]]), reason [after recovery (replica) from node [{node_t1}{YucHs-5XRNO-JChWAzIIZg}{127.0.0.1}{127.0.0.1:9441}[mode=>network]]]]
[2016-04-18 03:03:35,852][DEBUG][org.elasticsearch.cluster.service] [node_t1] processing [shard-started ([test][2], node[zpsanQF7R4u6zEfa6p-Xfw], [R], v[6], s[INITIALIZING], a[id=NsxiCHYWQNeVBe-opbeqmQ], unassigned_info[[reason=NODE_LEFT], at[2016-04-18T07:03:35.788Z], details[node_left[MSgO3f-9S-yat_4GxxKW6w]]]), reason [after recovery (replica) from node [{node_t1}{YucHs-5XRNO-JChWAzIIZg}{127.0.0.1}{127.0.0.1:9441}[mode=>network]]]]: execute
[2016-04-18 03:03:35,853][TRACE][org.elasticsearch.gateway] [node_t1] [test][4], node[null], [R], v[5], s[UNASSIGNED], unassigned_info[[reason=NODE_LEFT], at[2016-04-18T07:03:35.788Z], details[node_left[MSgO3f-9S-yat_4GxxKW6w]]]: node [node_t2] has [0b/0] bytes of re-usable data
[2016-04-18 03:03:35,853][TRACE][org.elasticsearch.gateway] [node_t1] [test][3], node[null], [R], v[5], s[UNASSIGNED], unassigned_info[[reason=NODE_LEFT], at[2016-04-18T07:03:35.788Z], details[node_left[MSgO3f-9S-yat_4GxxKW6w]]]: node [node_t2] has [0b/0] bytes of re-usable data
[2016-04-18 03:03:35,853][TRACE][org.elasticsearch.gateway] [node_t1] [test][7], node[null], [R], v[5], s[UNASSIGNED], unassigned_info[[reason=NODE_LEFT], at[2016-04-18T07:03:35.788Z], details[node_left[MSgO3f-9S-yat_4GxxKW6w]]]: node [node_t2] has [0b/0] bytes of re-usable data
[2016-04-18 03:03:35,853][TRACE][org.elasticsearch.gateway] [node_t1] [test][8], node[null], [R], v[6], s[UNASSIGNED], unassigned_info[[reason=NODE_LEFT], at[2016-04-18T07:03:35.788Z], details[node_left[MSgO3f-9S-yat_4GxxKW6w]]]: node [node_t2] has [0b/0] bytes of re-usable data
[2016-04-18 03:03:35,853][TRACE][org.elasticsearch.gateway] [node_t1] [test][6], node[null], [R], v[6], s[UNASSIGNED], unassigned_info[[reason=NODE_LEFT], at[2016-04-18T07:03:35.788Z], details[node_left[MSgO3f-9S-yat_4GxxKW6w]]]: node [node_t2] has [0b/0] bytes of re-usable data
[2016-04-18 03:03:35,853][TRACE][org.elasticsearch.gateway] [node_t1] [test][1], node[null], [R], v[5], s[UNASSIGNED], unassigned_info[[reason=NODE_LEFT], at[2016-04-18T07:03:35.788Z], details[node_left[MSgO3f-9S-yat_4GxxKW6w]]]: node [node_t2] has [0b/0] bytes of re-usable data
[2016-04-18 03:03:35,856][TRACE][org.elasticsearch.cluster.service] [node_t1] cluster state updated, source [shard-started ([test][2], node[zpsanQF7R4u6zEfa6p-Xfw], [R], v[6], s[INITIALIZING], a[id=NsxiCHYWQNeVBe-opbeqmQ], unassigned_info[[reason=NODE_LEFT], at[2016-04-18T07:03:35.788Z], details[node_left[MSgO3f-9S-yat_4GxxKW6w]]]), reason [after recovery (replica) from node [{node_t1}{YucHs-5XRNO-JChWAzIIZg}{127.0.0.1}{127.0.0.1:9441}[mode=>network]]]]
version: 17
state uuid: wt6d9G7wTjSLpIfAQU9epA
from_diff: false
meta data version: 14
nodes: 
   {node_t2}{zpsanQF7R4u6zEfa6p-Xfw}{127.0.0.1}{127.0.0.1:9440}[mode=>network]
   {node_t1}{YucHs-5XRNO-JChWAzIIZg}{127.0.0.1}{127.0.0.1:9441}[mode=>network], local, master
routing_table (version 15):
-- index [test]
----shard_id [test][0]
--------[test][0], node[zpsanQF7R4u6zEfa6p-Xfw], [R], v[6], s[INITIALIZING], a[id=cGvyFBLATQG9hqQ0GRBlNQ], unassigned_info[[reason=NODE_LEFT], at[2016-04-18T07:03:35.788Z], details[node_left[MSgO3f-9S-yat_4GxxKW6w]]]
--------[test][0], node[YucHs-5XRNO-JChWAzIIZg], [P], v[6], s[STARTED], a[id=Z8oM2vxwSmiUDNdNNYmYpA]
----shard_id [test][1]
--------[test][1], node[zpsanQF7R4u6zEfa6p-Xfw], [R], v[6], s[INITIALIZING], a[id=evs-fRQHRv29S6k9VZAekA], unassigned_info[[reason=NODE_LEFT], at[2016-04-18T07:03:35.788Z], details[node_left[MSgO3f-9S-yat_4GxxKW6w]]]
--------[test][1], node[YucHs-5XRNO-JChWAzIIZg], [P], v[6], s[STARTED], a[id=skolItfmTI6mUEyBLn-4fA]
----shard_id [test][2]
--------[test][2], node[zpsanQF7R4u6zEfa6p-Xfw], [R], v[7], s[STARTED], a[id=NsxiCHYWQNeVBe-opbeqmQ]
--------[test][2], node[YucHs-5XRNO-JChWAzIIZg], [P], v[7], s[STARTED], a[id=RNqthUztR6-DqnLRLToD-Q]
----shard_id [test][3]
--------[test][3], node[YucHs-5XRNO-JChWAzIIZg], [P], v[5], s[STARTED], a[id=_WxhJCFGSNa0eq_monQ5AA]
--------[test][3], node[null], [R], v[5], s[UNASSIGNED], unassigned_info[[reason=NODE_LEFT], at[2016-04-18T07:03:35.788Z], details[node_left[MSgO3f-9S-yat_4GxxKW6w]]]
----shard_id [test][4]
--------[test][4], node[YucHs-5XRNO-JChWAzIIZg], [P], v[5], s[STARTED], a[id=0erPpWShQUWr0fCKxTfoYQ]
--------[test][4], node[null], [R], v[5], s[UNASSIGNED], unassigned_info[[reason=NODE_LEFT], at[2016-04-18T07:03:35.788Z], details[node_left[MSgO3f-9S-yat_4GxxKW6w]]]
----shard_id [test][5]
--------[test][5], node[zpsanQF7R4u6zEfa6p-Xfw], [R], v[6], s[INITIALIZING], a[id=NTy2JcTNQC2QsC7h6umhCw], unassigned_info[[reason=NODE_LEFT], at[2016-04-18T07:03:35.788Z], details[node_left[MSgO3f-9S-yat_4GxxKW6w]]]
--------[test][5], node[YucHs-5XRNO-JChWAzIIZg], [P], v[6], s[STARTED], a[id=4B5yVDeUTpe5-44KssB7xg]
----shard_id [test][6]
--------[test][6], node[YucHs-5XRNO-JChWAzIIZg], [P], v[6], s[STARTED], a[id=lhxXACDDRmi5eofyvUh5ww]
--------[test][6], node[null], [R], v[6], s[UNASSIGNED], unassigned_info[[reason=NODE_LEFT], at[2016-04-18T07:03:35.788Z], details[node_left[MSgO3f-9S-yat_4GxxKW6w]]]
----shard_id [test][7]
--------[test][7], node[YucHs-5XRNO-JChWAzIIZg], [P], v[5], s[STARTED], a[id=_q3o1C7eRoG3whwcdLSwbQ]
--------[test][7], node[null], [R], v[5], s[UNASSIGNED], unassigned_info[[reason=NODE_LEFT], at[2016-04-18T07:03:35.788Z], details[node_left[MSgO3f-9S-yat_4GxxKW6w]]]
----shard_id [test][8]
--------[test][8], node[YucHs-5XRNO-JChWAzIIZg], [P], v[6], s[STARTED], a[id=uERXgJeHSeixZcO4CmIKeQ]
--------[test][8], node[null], [R], v[6], s[UNASSIGNED], unassigned_info[[reason=NODE_LEFT], at[2016-04-18T07:03:35.788Z], details[node_left[MSgO3f-9S-yat_4GxxKW6w]]]

routing_nodes:
-----node_id[zpsanQF7R4u6zEfa6p-Xfw][V]
--------[test][1], node[zpsanQF7R4u6zEfa6p-Xfw], [R], v[6], s[INITIALIZING], a[id=evs-fRQHRv29S6k9VZAekA], unassigned_info[[reason=NODE_LEFT], at[2016-04-18T07:03:35.788Z], details[node_left[MSgO3f-9S-yat_4GxxKW6w]]]
--------[test][2], node[zpsanQF7R4u6zEfa6p-Xfw], [R], v[7], s[STARTED], a[id=NsxiCHYWQNeVBe-opbeqmQ]
--------[test][5], node[zpsanQF7R4u6zEfa6p-Xfw], [R], v[6], s[INITIALIZING], a[id=NTy2JcTNQC2QsC7h6umhCw], unassigned_info[[reason=NODE_LEFT], at[2016-04-18T07:03:35.788Z], details[node_left[MSgO3f-9S-yat_4GxxKW6w]]]
--------[test][0], node[zpsanQF7R4u6zEfa6p-Xfw], [R], v[6], s[INITIALIZING], a[id=cGvyFBLATQG9hqQ0GRBlNQ], unassigned_info[[reason=NODE_LEFT], at[2016-04-18T07:03:35.788Z], details[node_left[MSgO3f-9S-yat_4GxxKW6w]]]
-----node_id[YucHs-5XRNO-JChWAzIIZg][V]
--------[test][7], node[YucHs-5XRNO-JChWAzIIZg], [P], v[5], s[STARTED], a[id=_q3o1C7eRoG3whwcdLSwbQ]
--------[test][8], node[YucHs-5XRNO-JChWAzIIZg], [P], v[6], s[STARTED], a[id=uERXgJeHSeixZcO4CmIKeQ]
--------[test][3], node[YucHs-5XRNO-JChWAzIIZg], [P], v[5], s[STARTED], a[id=_WxhJCFGSNa0eq_monQ5AA]
--------[test][1], node[YucHs-5XRNO-JChWAzIIZg], [P], v[6], s[STARTED], a[id=skolItfmTI6mUEyBLn-4fA]
--------[test][2], node[YucHs-5XRNO-JChWAzIIZg], [P], v[7], s[STARTED], a[id=RNqthUztR6-DqnLRLToD-Q]
--------[test][4], node[YucHs-5XRNO-JChWAzIIZg], [P], v[5], s[STARTED], a[id=0erPpWShQUWr0fCKxTfoYQ]
--------[test][6], node[YucHs-5XRNO-JChWAzIIZg], [P], v[6], s[STARTED], a[id=lhxXACDDRmi5eofyvUh5ww]
--------[test][5], node[YucHs-5XRNO-JChWAzIIZg], [P], v[6], s[STARTED], a[id=4B5yVDeUTpe5-44KssB7xg]
--------[test][0], node[YucHs-5XRNO-JChWAzIIZg], [P], v[6], s[STARTED], a[id=Z8oM2vxwSmiUDNdNNYmYpA]
---- unassigned
--------[test][7], node[null], [R], v[5], s[UNASSIGNED], unassigned_info[[reason=NODE_LEFT], at[2016-04-18T07:03:35.788Z], details[node_left[MSgO3f-9S-yat_4GxxKW6w]]]
--------[test][8], node[null], [R], v[6], s[UNASSIGNED], unassigned_info[[reason=NODE_LEFT], at[2016-04-18T07:03:35.788Z], details[node_left[MSgO3f-9S-yat_4GxxKW6w]]]
--------[test][3], node[null], [R], v[5], s[UNASSIGNED], unassigned_info[[reason=NODE_LEFT], at[2016-04-18T07:03:35.788Z], details[node_left[MSgO3f-9S-yat_4GxxKW6w]]]
--------[test][4], node[null], [R], v[5], s[UNASSIGNED], unassigned_info[[reason=NODE_LEFT], at[2016-04-18T07:03:35.788Z], details[node_left[MSgO3f-9S-yat_4GxxKW6w]]]
--------[test][6], node[null], [R], v[6], s[UNASSIGNED], unassigned_info[[reason=NODE_LEFT], at[2016-04-18T07:03:35.788Z], details[node_left[MSgO3f-9S-yat_4GxxKW6w]]]

[2016-04-18 03:03:35,857][DEBUG][org.elasticsearch.cluster.service] [node_t1] publishing cluster state version [17]
[2016-04-18 03:03:35,858][DEBUG][org.elasticsearch.discovery.zen.publish] [node_t2] received diff cluster state version [17] with uuid [wt6d9G7wTjSLpIfAQU9epA], diff size [739]
[2016-04-18 03:03:35,858][TRACE][org.elasticsearch.discovery.zen.publish] [node_t1] master node {node_t2}{zpsanQF7R4u6zEfa6p-Xfw}{127.0.0.1}{127.0.0.1:9440}[mode=>network] acked cluster state version [17]. processing ... (current pending [1], needed [1])
[2016-04-18 03:03:35,858][TRACE][org.elasticsearch.discovery.zen.publish] [node_t1] committing version [17]
[2016-04-18 03:03:35,858][TRACE][org.elasticsearch.discovery.zen.publish] [node_t1] sending commit for cluster state (uuid: [wt6d9G7wTjSLpIfAQU9epA], version [17]) to [{node_t2}{zpsanQF7R4u6zEfa6p-Xfw}{127.0.0.1}{127.0.0.1:9440}[mode=>network]]
[2016-04-18 03:03:35,860][TRACE][org.elasticsearch.cluster.service] [node_t2] will process [zen-disco-receive(from master [master {node_t1}{YucHs-5XRNO-JChWAzIIZg}{127.0.0.1}{127.0.0.1:9441}[mode=>network] committed version [17]])]
[2016-04-18 03:03:35,860][DEBUG][org.elasticsearch.cluster.service] [node_t2] processing [zen-disco-receive(from master [master {node_t1}{YucHs-5XRNO-JChWAzIIZg}{127.0.0.1}{127.0.0.1:9441}[mode=>network] committed version [17]])]: execute
[2016-04-18 03:03:35,861][TRACE][org.elasticsearch.cluster.service] [node_t2] cluster state updated, source [zen-disco-receive(from master [master {node_t1}{YucHs-5XRNO-JChWAzIIZg}{127.0.0.1}{127.0.0.1:9441}[mode=>network] committed version [17]])]
version: 17
state uuid: wt6d9G7wTjSLpIfAQU9epA
from_diff: false
meta data version: 14
nodes: 
   {node_t2}{zpsanQF7R4u6zEfa6p-Xfw}{127.0.0.1}{127.0.0.1:9440}[mode=>network], local
   {node_t1}{YucHs-5XRNO-JChWAzIIZg}{127.0.0.1}{127.0.0.1:9441}[mode=>network], master
routing_table (version 15):
-- index [test]
----shard_id [test][0]
--------[test][0], node[zpsanQF7R4u6zEfa6p-Xfw], [R], v[6], s[INITIALIZING], a[id=cGvyFBLATQG9hqQ0GRBlNQ], unassigned_info[[reason=NODE_LEFT], at[2016-04-18T07:03:35.788Z], details[node_left[MSgO3f-9S-yat_4GxxKW6w]]]
--------[test][0], node[YucHs-5XRNO-JChWAzIIZg], [P], v[6], s[STARTED], a[id=Z8oM2vxwSmiUDNdNNYmYpA]
----shard_id [test][1]
--------[test][1], node[zpsanQF7R4u6zEfa6p-Xfw], [R], v[6], s[INITIALIZING], a[id=evs-fRQHRv29S6k9VZAekA], unassigned_info[[reason=NODE_LEFT], at[2016-04-18T07:03:35.788Z], details[node_left[MSgO3f-9S-yat_4GxxKW6w]]]
--------[test][1], node[YucHs-5XRNO-JChWAzIIZg], [P], v[6], s[STARTED], a[id=skolItfmTI6mUEyBLn-4fA]
----shard_id [test][2]
--------[test][2], node[zpsanQF7R4u6zEfa6p-Xfw], [R], v[7], s[STARTED], a[id=NsxiCHYWQNeVBe-opbeqmQ]
--------[test][2], node[YucHs-5XRNO-JChWAzIIZg], [P], v[7], s[STARTED], a[id=RNqthUztR6-DqnLRLToD-Q]
----shard_id [test][3]
--------[test][3], node[YucHs-5XRNO-JChWAzIIZg], [P], v[5], s[STARTED], a[id=_WxhJCFGSNa0eq_monQ5AA]
--------[test][3], node[null], [R], v[5], s[UNASSIGNED], unassigned_info[[reason=NODE_LEFT], at[2016-04-18T07:03:35.788Z], details[node_left[MSgO3f-9S-yat_4GxxKW6w]]]
----shard_id [test][4]
--------[test][4], node[YucHs-5XRNO-JChWAzIIZg], [P], v[5], s[STARTED], a[id=0erPpWShQUWr0fCKxTfoYQ]
--------[test][4], node[null], [R], v[5], s[UNASSIGNED], unassigned_info[[reason=NODE_LEFT], at[2016-04-18T07:03:35.788Z], details[node_left[MSgO3f-9S-yat_4GxxKW6w]]]
----shard_id [test][5]
--------[test][5], node[zpsanQF7R4u6zEfa6p-Xfw], [R], v[6], s[INITIALIZING], a[id=NTy2JcTNQC2QsC7h6umhCw], unassigned_info[[reason=NODE_LEFT], at[2016-04-18T07:03:35.788Z], details[node_left[MSgO3f-9S-yat_4GxxKW6w]]]
--------[test][5], node[YucHs-5XRNO-JChWAzIIZg], [P], v[6], s[STARTED], a[id=4B5yVDeUTpe5-44KssB7xg]
----shard_id [test][6]
--------[test][6], node[YucHs-5XRNO-JChWAzIIZg], [P], v[6], s[STARTED], a[id=lhxXACDDRmi5eofyvUh5ww]
--------[test][6], node[null], [R], v[6], s[UNASSIGNED], unassigned_info[[reason=NODE_LEFT], at[2016-04-18T07:03:35.788Z], details[node_left[MSgO3f-9S-yat_4GxxKW6w]]]
----shard_id [test][7]
--------[test][7], node[YucHs-5XRNO-JChWAzIIZg], [P], v[5], s[STARTED], a[id=_q3o1C7eRoG3whwcdLSwbQ]
--------[test][7], node[null], [R], v[5], s[UNASSIGNED], unassigned_info[[reason=NODE_LEFT], at[2016-04-18T07:03:35.788Z], details[node_left[MSgO3f-9S-yat_4GxxKW6w]]]
----shard_id [test][8]
--------[test][8], node[YucHs-5XRNO-JChWAzIIZg], [P], v[6], s[STARTED], a[id=uERXgJeHSeixZcO4CmIKeQ]
--------[test][8], node[null], [R], v[6], s[UNASSIGNED], unassigned_info[[reason=NODE_LEFT], at[2016-04-18T07:03:35.788Z], details[node_left[MSgO3f-9S-yat_4GxxKW6w]]]

routing_nodes:
-----node_id[zpsanQF7R4u6zEfa6p-Xfw][V]
--------[test][1], node[zpsanQF7R4u6zEfa6p-Xfw], [R], v[6], s[INITIALIZING], a[id=evs-fRQHRv29S6k9VZAekA], unassigned_info[[reason=NODE_LEFT], at[2016-04-18T07:03:35.788Z], details[node_left[MSgO3f-9S-yat_4GxxKW6w]]]
--------[test][5], node[zpsanQF7R4u6zEfa6p-Xfw], [R], v[6], s[INITIALIZING], a[id=NTy2JcTNQC2QsC7h6umhCw], unassigned_info[[reason=NODE_LEFT], at[2016-04-18T07:03:35.788Z], details[node_left[MSgO3f-9S-yat_4GxxKW6w]]]
--------[test][2], node[zpsanQF7R4u6zEfa6p-Xfw], [R], v[7], s[STARTED], a[id=NsxiCHYWQNeVBe-opbeqmQ]
--------[test][0], node[zpsanQF7R4u6zEfa6p-Xfw], [R], v[6], s[INITIALIZING], a[id=cGvyFBLATQG9hqQ0GRBlNQ], unassigned_info[[reason=NODE_LEFT], at[2016-04-18T07:03:35.788Z], details[node_left[MSgO3f-9S-yat_4GxxKW6w]]]
-----node_id[YucHs-5XRNO-JChWAzIIZg][V]
--------[test][1], node[YucHs-5XRNO-JChWAzIIZg], [P], v[6], s[STARTED], a[id=skolItfmTI6mUEyBLn-4fA]
--------[test][6], node[YucHs-5XRNO-JChWAzIIZg], [P], v[6], s[STARTED], a[id=lhxXACDDRmi5eofyvUh5ww]
--------[test][5], node[YucHs-5XRNO-JChWAzIIZg], [P], v[6], s[STARTED], a[id=4B5yVDeUTpe5-44KssB7xg]
--------[test][8], node[YucHs-5XRNO-JChWAzIIZg], [P], v[6], s[STARTED], a[id=uERXgJeHSeixZcO4CmIKeQ]
--------[test][3], node[YucHs-5XRNO-JChWAzIIZg], [P], v[5], s[STARTED], a[id=_WxhJCFGSNa0eq_monQ5AA]
--------[test][7], node[YucHs-5XRNO-JChWAzIIZg], [P], v[5], s[STARTED], a[id=_q3o1C7eRoG3whwcdLSwbQ]
--------[test][2], node[YucHs-5XRNO-JChWAzIIZg], [P], v[7], s[STARTED], a[id=RNqthUztR6-DqnLRLToD-Q]
--------[test][4], node[YucHs-5XRNO-JChWAzIIZg], [P], v[5], s[STARTED], a[id=0erPpWShQUWr0fCKxTfoYQ]
--------[test][0], node[YucHs-5XRNO-JChWAzIIZg], [P], v[6], s[STARTED], a[id=Z8oM2vxwSmiUDNdNNYmYpA]
---- unassigned
--------[test][6], node[null], [R], v[6], s[UNASSIGNED], unassigned_info[[reason=NODE_LEFT], at[2016-04-18T07:03:35.788Z], details[node_left[MSgO3f-9S-yat_4GxxKW6w]]]
--------[test][8], node[null], [R], v[6], s[UNASSIGNED], unassigned_info[[reason=NODE_LEFT], at[2016-04-18T07:03:35.788Z], details[node_left[MSgO3f-9S-yat_4GxxKW6w]]]
--------[test][3], node[null], [R], v[5], s[UNASSIGNED], unassigned_info[[reason=NODE_LEFT], at[2016-04-18T07:03:35.788Z], details[node_left[MSgO3f-9S-yat_4GxxKW6w]]]
--------[test][7], node[null], [R], v[5], s[UNASSIGNED], unassigned_info[[reason=NODE_LEFT], at[2016-04-18T07:03:35.788Z], details[node_left[MSgO3f-9S-yat_4GxxKW6w]]]
--------[test][4], node[null], [R], v[5], s[UNASSIGNED], unassigned_info[[reason=NODE_LEFT], at[2016-04-18T07:03:35.788Z], details[node_left[MSgO3f-9S-yat_4GxxKW6w]]]

[2016-04-18 03:03:35,861][DEBUG][org.elasticsearch.cluster.service] [node_t2] set local cluster state to version 17
[2016-04-18 03:03:35,867][TRACE][org.elasticsearch.gateway] [node_t2] [test] writing state, reason [version changed from [12] to [13]]
[2016-04-18 03:03:35,870][DEBUG][org.elasticsearch.cluster.service] [node_t2] processing [zen-disco-receive(from master [master {node_t1}{YucHs-5XRNO-JChWAzIIZg}{127.0.0.1}{127.0.0.1:9441}[mode=>network] committed version [17]])]: took 9ms done applying updated cluster_state (version: 17, uuid: wt6d9G7wTjSLpIfAQU9epA)
[2016-04-18 03:03:35,870][DEBUG][org.elasticsearch.cluster.service] [node_t1] set local cluster state to version 17
[2016-04-18 03:03:35,875][TRACE][org.elasticsearch.gateway] [node_t1] [test] writing state, reason [version changed from [12] to [13]]
[2016-04-18 03:03:35,880][DEBUG][org.elasticsearch.cluster.service] [node_t1] processing [shard-started ([test][2], node[zpsanQF7R4u6zEfa6p-Xfw], [R], v[6], s[INITIALIZING], a[id=NsxiCHYWQNeVBe-opbeqmQ], unassigned_info[[reason=NODE_LEFT], at[2016-04-18T07:03:35.788Z], details[node_left[MSgO3f-9S-yat_4GxxKW6w]]]), reason [after recovery (replica) from node [{node_t1}{YucHs-5XRNO-JChWAzIIZg}{127.0.0.1}{127.0.0.1:9441}[mode=>network]]]]: took 27ms done applying updated cluster_state (version: 17, uuid: wt6d9G7wTjSLpIfAQU9epA)
[2016-04-18 03:03:35,880][TRACE][org.elasticsearch.cluster.service] [node_t1] will process [shard-started ([test][0], node[zpsanQF7R4u6zEfa6p-Xfw], [R], v[6], s[INITIALIZING], a[id=cGvyFBLATQG9hqQ0GRBlNQ], unassigned_info[[reason=NODE_LEFT], at[2016-04-18T07:03:35.788Z], details[node_left[MSgO3f-9S-yat_4GxxKW6w]]]), reason [after recovery (replica) from node [{node_t1}{YucHs-5XRNO-JChWAzIIZg}{127.0.0.1}{127.0.0.1:9441}[mode=>network]]]]
[2016-04-18 03:03:35,880][DEBUG][org.elasticsearch.cluster.service] [node_t1] processing [shard-started ([test][0], node[zpsanQF7R4u6zEfa6p-Xfw], [R], v[6], s[INITIALIZING], a[id=cGvyFBLATQG9hqQ0GRBlNQ], unassigned_info[[reason=NODE_LEFT], at[2016-04-18T07:03:35.788Z], details[node_left[MSgO3f-9S-yat_4GxxKW6w]]]), reason [after recovery (replica) from node [{node_t1}{YucHs-5XRNO-JChWAzIIZg}{127.0.0.1}{127.0.0.1:9441}[mode=>network]]]]: execute
[2016-04-18 03:03:35,880][TRACE][org.elasticsearch.gateway] [node_t1] [test][4], node[null], [R], v[5], s[UNASSIGNED], unassigned_info[[reason=NODE_LEFT], at[2016-04-18T07:03:35.788Z], details[node_left[MSgO3f-9S-yat_4GxxKW6w]]]: node [node_t2] has [0b/0] bytes of re-usable data
[2016-04-18 03:03:35,881][TRACE][org.elasticsearch.gateway] [node_t1] [test][6], node[null], [R], v[6], s[UNASSIGNED], unassigned_info[[reason=NODE_LEFT], at[2016-04-18T07:03:35.788Z], details[node_left[MSgO3f-9S-yat_4GxxKW6w]]]: node [node_t2] has [0b/0] bytes of re-usable data
[2016-04-18 03:03:35,881][TRACE][org.elasticsearch.gateway] [node_t1] [test][8], node[null], [R], v[6], s[UNASSIGNED], unassigned_info[[reason=NODE_LEFT], at[2016-04-18T07:03:35.788Z], details[node_left[MSgO3f-9S-yat_4GxxKW6w]]]: node [node_t2] has [0b/0] bytes of re-usable data
[2016-04-18 03:03:35,881][TRACE][org.elasticsearch.gateway] [node_t1] [test][3], node[null], [R], v[5], s[UNASSIGNED], unassigned_info[[reason=NODE_LEFT], at[2016-04-18T07:03:35.788Z], details[node_left[MSgO3f-9S-yat_4GxxKW6w]]]: node [node_t2] has [0b/0] bytes of re-usable data
[2016-04-18 03:03:35,881][TRACE][org.elasticsearch.gateway] [node_t1] [test][7], node[null], [R], v[5], s[UNASSIGNED], unassigned_info[[reason=NODE_LEFT], at[2016-04-18T07:03:35.788Z], details[node_left[MSgO3f-9S-yat_4GxxKW6w]]]: node [node_t2] has [0b/0] bytes of re-usable data
[2016-04-18 03:03:35,882][TRACE][org.elasticsearch.cluster.service] [node_t1] cluster state updated, source [shard-started ([test][0], node[zpsanQF7R4u6zEfa6p-Xfw], [R], v[6], s[INITIALIZING], a[id=cGvyFBLATQG9hqQ0GRBlNQ], unassigned_info[[reason=NODE_LEFT], at[2016-04-18T07:03:35.788Z], details[node_left[MSgO3f-9S-yat_4GxxKW6w]]]), reason [after recovery (replica) from node [{node_t1}{YucHs-5XRNO-JChWAzIIZg}{127.0.0.1}{127.0.0.1:9441}[mode=>network]]]]
version: 18
state uuid: t-bn7qUiT8KwMbERsJIsZw
from_diff: false
meta data version: 15
nodes: 
   {node_t2}{zpsanQF7R4u6zEfa6p-Xfw}{127.0.0.1}{127.0.0.1:9440}[mode=>network]
   {node_t1}{YucHs-5XRNO-JChWAzIIZg}{127.0.0.1}{127.0.0.1:9441}[mode=>network], local, master
routing_table (version 16):
-- index [test]
----shard_id [test][0]
--------[test][0], node[zpsanQF7R4u6zEfa6p-Xfw], [R], v[7], s[STARTED], a[id=cGvyFBLATQG9hqQ0GRBlNQ]
--------[test][0], node[YucHs-5XRNO-JChWAzIIZg], [P], v[7], s[STARTED], a[id=Z8oM2vxwSmiUDNdNNYmYpA]
----shard_id [test][1]
--------[test][1], node[zpsanQF7R4u6zEfa6p-Xfw], [R], v[6], s[INITIALIZING], a[id=evs-fRQHRv29S6k9VZAekA], unassigned_info[[reason=NODE_LEFT], at[2016-04-18T07:03:35.788Z], details[node_left[MSgO3f-9S-yat_4GxxKW6w]]]
--------[test][1], node[YucHs-5XRNO-JChWAzIIZg], [P], v[6], s[STARTED], a[id=skolItfmTI6mUEyBLn-4fA]
----shard_id [test][2]
--------[test][2], node[zpsanQF7R4u6zEfa6p-Xfw], [R], v[7], s[STARTED], a[id=NsxiCHYWQNeVBe-opbeqmQ]
--------[test][2], node[YucHs-5XRNO-JChWAzIIZg], [P], v[7], s[STARTED], a[id=RNqthUztR6-DqnLRLToD-Q]
----shard_id [test][3]
--------[test][3], node[zpsanQF7R4u6zEfa6p-Xfw], [R], v[6], s[INITIALIZING], a[id=RCeVPJkYTOyssNw0UrxgyA], unassigned_info[[reason=NODE_LEFT], at[2016-04-18T07:03:35.788Z], details[node_left[MSgO3f-9S-yat_4GxxKW6w]]]
--------[test][3], node[YucHs-5XRNO-JChWAzIIZg], [P], v[6], s[STARTED], a[id=_WxhJCFGSNa0eq_monQ5AA]
----shard_id [test][4]
--------[test][4], node[YucHs-5XRNO-JChWAzIIZg], [P], v[5], s[STARTED], a[id=0erPpWShQUWr0fCKxTfoYQ]
--------[test][4], node[null], [R], v[5], s[UNASSIGNED], unassigned_info[[reason=NODE_LEFT], at[2016-04-18T07:03:35.788Z], details[node_left[MSgO3f-9S-yat_4GxxKW6w]]]
----shard_id [test][5]
--------[test][5], node[zpsanQF7R4u6zEfa6p-Xfw], [R], v[6], s[INITIALIZING], a[id=NTy2JcTNQC2QsC7h6umhCw], unassigned_info[[reason=NODE_LEFT], at[2016-04-18T07:03:35.788Z], details[node_left[MSgO3f-9S-yat_4GxxKW6w]]]
--------[test][5], node[YucHs-5XRNO-JChWAzIIZg], [P], v[6], s[STARTED], a[id=4B5yVDeUTpe5-44KssB7xg]
----shard_id [test][6]
--------[test][6], node[YucHs-5XRNO-JChWAzIIZg], [P], v[6], s[STARTED], a[id=lhxXACDDRmi5eofyvUh5ww]
--------[test][6], node[null], [R], v[6], s[UNASSIGNED], unassigned_info[[reason=NODE_LEFT], at[2016-04-18T07:03:35.788Z], details[node_left[MSgO3f-9S-yat_4GxxKW6w]]]
----shard_id [test][7]
--------[test][7], node[YucHs-5XRNO-JChWAzIIZg], [P], v[5], s[STARTED], a[id=_q3o1C7eRoG3whwcdLSwbQ]
--------[test][7], node[null], [R], v[5], s[UNASSIGNED], unassigned_info[[reason=NODE_LEFT], at[2016-04-18T07:03:35.788Z], details[node_left[MSgO3f-9S-yat_4GxxKW6w]]]
----shard_id [test][8]
--------[test][8], node[YucHs-5XRNO-JChWAzIIZg], [P], v[6], s[STARTED], a[id=uERXgJeHSeixZcO4CmIKeQ]
--------[test][8], node[null], [R], v[6], s[UNASSIGNED], unassigned_info[[reason=NODE_LEFT], at[2016-04-18T07:03:35.788Z], details[node_left[MSgO3f-9S-yat_4GxxKW6w]]]

routing_nodes:
-----node_id[zpsanQF7R4u6zEfa6p-Xfw][V]
--------[test][1], node[zpsanQF7R4u6zEfa6p-Xfw], [R], v[6], s[INITIALIZING], a[id=evs-fRQHRv29S6k9VZAekA], unassigned_info[[reason=NODE_LEFT], at[2016-04-18T07:03:35.788Z], details[node_left[MSgO3f-9S-yat_4GxxKW6w]]]
--------[test][5], node[zpsanQF7R4u6zEfa6p-Xfw], [R], v[6], s[INITIALIZING], a[id=NTy2JcTNQC2QsC7h6umhCw], unassigned_info[[reason=NODE_LEFT], at[2016-04-18T07:03:35.788Z], details[node_left[MSgO3f-9S-yat_4GxxKW6w]]]
--------[test][2], node[zpsanQF7R4u6zEfa6p-Xfw], [R], v[7], s[STARTED], a[id=NsxiCHYWQNeVBe-opbeqmQ]
--------[test][3], node[zpsanQF7R4u6zEfa6p-Xfw], [R], v[6], s[INITIALIZING], a[id=RCeVPJkYTOyssNw0UrxgyA], unassigned_info[[reason=NODE_LEFT], at[2016-04-18T07:03:35.788Z], details[node_left[MSgO3f-9S-yat_4GxxKW6w]]]
--------[test][0], node[zpsanQF7R4u6zEfa6p-Xfw], [R], v[7], s[STARTED], a[id=cGvyFBLATQG9hqQ0GRBlNQ]
-----node_id[YucHs-5XRNO-JChWAzIIZg][V]
--------[test][8], node[YucHs-5XRNO-JChWAzIIZg], [P], v[6], s[STARTED], a[id=uERXgJeHSeixZcO4CmIKeQ]
--------[test][1], node[YucHs-5XRNO-JChWAzIIZg], [P], v[6], s[STARTED], a[id=skolItfmTI6mUEyBLn-4fA]
--------[test][5], node[YucHs-5XRNO-JChWAzIIZg], [P], v[6], s[STARTED], a[id=4B5yVDeUTpe5-44KssB7xg]
--------[test][2], node[YucHs-5XRNO-JChWAzIIZg], [P], v[7], s[STARTED], a[id=RNqthUztR6-DqnLRLToD-Q]
--------[test][6], node[YucHs-5XRNO-JChWAzIIZg], [P], v[6], s[STARTED], a[id=lhxXACDDRmi5eofyvUh5ww]
--------[test][7], node[YucHs-5XRNO-JChWAzIIZg], [P], v[5], s[STARTED], a[id=_q3o1C7eRoG3whwcdLSwbQ]
--------[test][4], node[YucHs-5XRNO-JChWAzIIZg], [P], v[5], s[STARTED], a[id=0erPpWShQUWr0fCKxTfoYQ]
--------[test][3], node[YucHs-5XRNO-JChWAzIIZg], [P], v[6], s[STARTED], a[id=_WxhJCFGSNa0eq_monQ5AA]
--------[test][0], node[YucHs-5XRNO-JChWAzIIZg], [P], v[7], s[STARTED], a[id=Z8oM2vxwSmiUDNdNNYmYpA]
---- unassigned
--------[test][8], node[null], [R], v[6], s[UNASSIGNED], unassigned_info[[reason=NODE_LEFT], at[2016-04-18T07:03:35.788Z], details[node_left[MSgO3f-9S-yat_4GxxKW6w]]]
--------[test][6], node[null], [R], v[6], s[UNASSIGNED], unassigned_info[[reason=NODE_LEFT], at[2016-04-18T07:03:35.788Z], details[node_left[MSgO3f-9S-yat_4GxxKW6w]]]
--------[test][7], node[null], [R], v[5], s[UNASSIGNED], unassigned_info[[reason=NODE_LEFT], at[2016-04-18T07:03:35.788Z], details[node_left[MSgO3f-9S-yat_4GxxKW6w]]]
--------[test][4], node[null], [R], v[5], s[UNASSIGNED], unassigned_info[[reason=NODE_LEFT], at[2016-04-18T07:03:35.788Z], details[node_left[MSgO3f-9S-yat_4GxxKW6w]]]

[2016-04-18 03:03:35,882][DEBUG][org.elasticsearch.cluster.service] [node_t1] publishing cluster state version [18]
[2016-04-18 03:03:35,883][DEBUG][org.elasticsearch.discovery.zen.publish] [node_t2] received diff cluster state version [18] with uuid [t-bn7qUiT8KwMbERsJIsZw], diff size [749]
[2016-04-18 03:03:35,883][TRACE][org.elasticsearch.discovery.zen.publish] [node_t1] master node {node_t2}{zpsanQF7R4u6zEfa6p-Xfw}{127.0.0.1}{127.0.0.1:9440}[mode=>network] acked cluster state version [18]. processing ... (current pending [1], needed [1])
[2016-04-18 03:03:35,883][TRACE][org.elasticsearch.discovery.zen.publish] [node_t1] committing version [18]
[2016-04-18 03:03:35,883][TRACE][org.elasticsearch.discovery.zen.publish] [node_t1] sending commit for cluster state (uuid: [t-bn7qUiT8KwMbERsJIsZw], version [18]) to [{node_t2}{zpsanQF7R4u6zEfa6p-Xfw}{127.0.0.1}{127.0.0.1:9440}[mode=>network]]
[2016-04-18 03:03:35,884][TRACE][org.elasticsearch.cluster.service] [node_t2] will process [zen-disco-receive(from master [master {node_t1}{YucHs-5XRNO-JChWAzIIZg}{127.0.0.1}{127.0.0.1:9441}[mode=>network] committed version [18]])]
[2016-04-18 03:03:35,884][DEBUG][org.elasticsearch.cluster.service] [node_t2] processing [zen-disco-receive(from master [master {node_t1}{YucHs-5XRNO-JChWAzIIZg}{127.0.0.1}{127.0.0.1:9441}[mode=>network] committed version [18]])]: execute
[2016-04-18 03:03:35,895][TRACE][org.elasticsearch.cluster.service] [node_t2] cluster state updated, source [zen-disco-receive(from master [master {node_t1}{YucHs-5XRNO-JChWAzIIZg}{127.0.0.1}{127.0.0.1:9441}[mode=>network] committed version [18]])]
version: 18
state uuid: t-bn7qUiT8KwMbERsJIsZw
from_diff: false
meta data version: 15
nodes: 
   {node_t2}{zpsanQF7R4u6zEfa6p-Xfw}{127.0.0.1}{127.0.0.1:9440}[mode=>network], local
   {node_t1}{YucHs-5XRNO-JChWAzIIZg}{127.0.0.1}{127.0.0.1:9441}[mode=>network], master
routing_table (version 16):
-- index [test]
----shard_id [test][0]
--------[test][0], node[zpsanQF7R4u6zEfa6p-Xfw], [R], v[7], s[STARTED], a[id=cGvyFBLATQG9hqQ0GRBlNQ]
--------[test][0], node[YucHs-5XRNO-JChWAzIIZg], [P], v[7], s[STARTED], a[id=Z8oM2vxwSmiUDNdNNYmYpA]
----shard_id [test][1]
--------[test][1], node[zpsanQF7R4u6zEfa6p-Xfw], [R], v[6], s[INITIALIZING], a[id=evs-fRQHRv29S6k9VZAekA], unassigned_info[[reason=NODE_LEFT], at[2016-04-18T07:03:35.788Z], details[node_left[MSgO3f-9S-yat_4GxxKW6w]]]
--------[test][1], node[YucHs-5XRNO-JChWAzIIZg], [P], v[6], s[STARTED], a[id=skolItfmTI6mUEyBLn-4fA]
----shard_id [test][2]
--------[test][2], node[zpsanQF7R4u6zEfa6p-Xfw], [R], v[7], s[STARTED], a[id=NsxiCHYWQNeVBe-opbeqmQ]
--------[test][2], node[YucHs-5XRNO-JChWAzIIZg], [P], v[7], s[STARTED], a[id=RNqthUztR6-DqnLRLToD-Q]
----shard_id [test][3]
--------[test][3], node[zpsanQF7R4u6zEfa6p-Xfw], [R], v[6], s[INITIALIZING], a[id=RCeVPJkYTOyssNw0UrxgyA], unassigned_info[[reason=NODE_LEFT], at[2016-04-18T07:03:35.788Z], details[node_left[MSgO3f-9S-yat_4GxxKW6w]]]
--------[test][3], node[YucHs-5XRNO-JChWAzIIZg], [P], v[6], s[STARTED], a[id=_WxhJCFGSNa0eq_monQ5AA]
----shard_id [test][4]
--------[test][4], node[YucHs-5XRNO-JChWAzIIZg], [P], v[5], s[STARTED], a[id=0erPpWShQUWr0fCKxTfoYQ]
--------[test][4], node[null], [R], v[5], s[UNASSIGNED], unassigned_info[[reason=NODE_LEFT], at[2016-04-18T07:03:35.788Z], details[node_left[MSgO3f-9S-yat_4GxxKW6w]]]
----shard_id [test][5]
--------[test][5], node[zpsanQF7R4u6zEfa6p-Xfw], [R], v[6], s[INITIALIZING], a[id=NTy2JcTNQC2QsC7h6umhCw], unassigned_info[[reason=NODE_LEFT], at[2016-04-18T07:03:35.788Z], details[node_left[MSgO3f-9S-yat_4GxxKW6w]]]
--------[test][5], node[YucHs-5XRNO-JChWAzIIZg], [P], v[6], s[STARTED], a[id=4B5yVDeUTpe5-44KssB7xg]
----shard_id [test][6]
--------[test][6], node[YucHs-5XRNO-JChWAzIIZg], [P], v[6], s[STARTED], a[id=lhxXACDDRmi5eofyvUh5ww]
--------[test][6], node[null], [R], v[6], s[UNASSIGNED], unassigned_info[[reason=NODE_LEFT], at[2016-04-18T07:03:35.788Z], details[node_left[MSgO3f-9S-yat_4GxxKW6w]]]
----shard_id [test][7]
--------[test][7], node[YucHs-5XRNO-JChWAzIIZg], [P], v[5], s[STARTED], a[id=_q3o1C7eRoG3whwcdLSwbQ]
--------[test][7], node[null], [R], v[5], s[UNASSIGNED], unassigned_info[[reason=NODE_LEFT], at[2016-04-18T07:03:35.788Z], details[node_left[MSgO3f-9S-yat_4GxxKW6w]]]
----shard_id [test][8]
--------[test][8], node[YucHs-5XRNO-JChWAzIIZg], [P], v[6], s[STARTED], a[id=uERXgJeHSeixZcO4CmIKeQ]
--------[test][8], node[null], [R], v[6], s[UNASSIGNED], unassigned_info[[reason=NODE_LEFT], at[2016-04-18T07:03:35.788Z], details[node_left[MSgO3f-9S-yat_4GxxKW6w]]]

routing_nodes:
-----node_id[zpsanQF7R4u6zEfa6p-Xfw][V]
--------[test][2], node[zpsanQF7R4u6zEfa6p-Xfw], [R], v[7], s[STARTED], a[id=NsxiCHYWQNeVBe-opbeqmQ]
--------[test][5], node[zpsanQF7R4u6zEfa6p-Xfw], [R], v[6], s[INITIALIZING], a[id=NTy2JcTNQC2QsC7h6umhCw], unassigned_info[[reason=NODE_LEFT], at[2016-04-18T07:03:35.788Z], details[node_left[MSgO3f-9S-yat_4GxxKW6w]]]
--------[test][1], node[zpsanQF7R4u6zEfa6p-Xfw], [R], v[6], s[INITIALIZING], a[id=evs-fRQHRv29S6k9VZAekA], unassigned_info[[reason=NODE_LEFT], at[2016-04-18T07:03:35.788Z], details[node_left[MSgO3f-9S-yat_4GxxKW6w]]]
--------[test][3], node[zpsanQF7R4u6zEfa6p-Xfw], [R], v[6], s[INITIALIZING], a[id=RCeVPJkYTOyssNw0UrxgyA], unassigned_info[[reason=NODE_LEFT], at[2016-04-18T07:03:35.788Z], details[node_left[MSgO3f-9S-yat_4GxxKW6w]]]
--------[test][0], node[zpsanQF7R4u6zEfa6p-Xfw], [R], v[7], s[STARTED], a[id=cGvyFBLATQG9hqQ0GRBlNQ]
-----node_id[YucHs-5XRNO-JChWAzIIZg][V]
--------[test][2], node[YucHs-5XRNO-JChWAzIIZg], [P], v[7], s[STARTED], a[id=RNqthUztR6-DqnLRLToD-Q]
--------[test][5], node[YucHs-5XRNO-JChWAzIIZg], [P], v[6], s[STARTED], a[id=4B5yVDeUTpe5-44KssB7xg]
--------[test][7], node[YucHs-5XRNO-JChWAzIIZg], [P], v[5], s[STARTED], a[id=_q3o1C7eRoG3whwcdLSwbQ]
--------[test][8], node[YucHs-5XRNO-JChWAzIIZg], [P], v[6], s[STARTED], a[id=uERXgJeHSeixZcO4CmIKeQ]
--------[test][1], node[YucHs-5XRNO-JChWAzIIZg], [P], v[6], s[STARTED], a[id=skolItfmTI6mUEyBLn-4fA]
--------[test][4], node[YucHs-5XRNO-JChWAzIIZg], [P], v[5], s[STARTED], a[id=0erPpWShQUWr0fCKxTfoYQ]
--------[test][3], node[YucHs-5XRNO-JChWAzIIZg], [P], v[6], s[STARTED], a[id=_WxhJCFGSNa0eq_monQ5AA]
--------[test][6], node[YucHs-5XRNO-JChWAzIIZg], [P], v[6], s[STARTED], a[id=lhxXACDDRmi5eofyvUh5ww]
--------[test][0], node[YucHs-5XRNO-JChWAzIIZg], [P], v[7], s[STARTED], a[id=Z8oM2vxwSmiUDNdNNYmYpA]
---- unassigned
--------[test][7], node[null], [R], v[5], s[UNASSIGNED], unassigned_info[[reason=NODE_LEFT], at[2016-04-18T07:03:35.788Z], details[node_left[MSgO3f-9S-yat_4GxxKW6w]]]
--------[test][8], node[null], [R], v[6], s[UNASSIGNED], unassigned_info[[reason=NODE_LEFT], at[2016-04-18T07:03:35.788Z], details[node_left[MSgO3f-9S-yat_4GxxKW6w]]]
--------[test][4], node[null], [R], v[5], s[UNASSIGNED], unassigned_info[[reason=NODE_LEFT], at[2016-04-18T07:03:35.788Z], details[node_left[MSgO3f-9S-yat_4GxxKW6w]]]
--------[test][6], node[null], [R], v[6], s[UNASSIGNED], unassigned_info[[reason=NODE_LEFT], at[2016-04-18T07:03:35.788Z], details[node_left[MSgO3f-9S-yat_4GxxKW6w]]]

[2016-04-18 03:03:35,895][DEBUG][org.elasticsearch.cluster.service] [node_t2] set local cluster state to version 18
[2016-04-18 03:03:35,900][TRACE][org.elasticsearch.gateway] [node_t2] [test] writing state, reason [version changed from [13] to [14]]
[2016-04-18 03:03:35,901][DEBUG][org.elasticsearch.cluster.service] [node_t2] processing [zen-disco-receive(from master [master {node_t1}{YucHs-5XRNO-JChWAzIIZg}{127.0.0.1}{127.0.0.1:9441}[mode=>network] committed version [18]])]: took 17ms done applying updated cluster_state (version: 18, uuid: t-bn7qUiT8KwMbERsJIsZw)
[2016-04-18 03:03:35,902][DEBUG][org.elasticsearch.cluster.service] [node_t1] set local cluster state to version 18
[2016-04-18 03:03:35,906][TRACE][org.elasticsearch.gateway] [node_t1] [test] writing state, reason [version changed from [13] to [14]]
[2016-04-18 03:03:35,908][DEBUG][org.elasticsearch.cluster.service] [node_t1] processing [shard-started ([test][0], node[zpsanQF7R4u6zEfa6p-Xfw], [R], v[6], s[INITIALIZING], a[id=cGvyFBLATQG9hqQ0GRBlNQ], unassigned_info[[reason=NODE_LEFT], at[2016-04-18T07:03:35.788Z], details[node_left[MSgO3f-9S-yat_4GxxKW6w]]]), reason [after recovery (replica) from node [{node_t1}{YucHs-5XRNO-JChWAzIIZg}{127.0.0.1}{127.0.0.1:9441}[mode=>network]]]]: took 28ms done applying updated cluster_state (version: 18, uuid: t-bn7qUiT8KwMbERsJIsZw)
[2016-04-18 03:03:35,908][TRACE][org.elasticsearch.cluster.service] [node_t1] will process [shard-started ([test][5], node[zpsanQF7R4u6zEfa6p-Xfw], [R], v[6], s[INITIALIZING], a[id=NTy2JcTNQC2QsC7h6umhCw], unassigned_info[[reason=NODE_LEFT], at[2016-04-18T07:03:35.788Z], details[node_left[MSgO3f-9S-yat_4GxxKW6w]]]), reason [after recovery (replica) from node [{node_t1}{YucHs-5XRNO-JChWAzIIZg}{127.0.0.1}{127.0.0.1:9441}[mode=>network]]]]
[2016-04-18 03:03:35,908][DEBUG][org.elasticsearch.cluster.service] [node_t1] processing [shard-started ([test][5], node[zpsanQF7R4u6zEfa6p-Xfw], [R], v[6], s[INITIALIZING], a[id=NTy2JcTNQC2QsC7h6umhCw], unassigned_info[[reason=NODE_LEFT], at[2016-04-18T07:03:35.788Z], details[node_left[MSgO3f-9S-yat_4GxxKW6w]]]), reason [after recovery (replica) from node [{node_t1}{YucHs-5XRNO-JChWAzIIZg}{127.0.0.1}{127.0.0.1:9441}[mode=>network]]]]: execute
[2016-04-18 03:03:35,909][TRACE][org.elasticsearch.gateway] [node_t1] [test][7], node[null], [R], v[5], s[UNASSIGNED], unassigned_info[[reason=NODE_LEFT], at[2016-04-18T07:03:35.788Z], details[node_left[MSgO3f-9S-yat_4GxxKW6w]]]: node [node_t2] has [0b/0] bytes of re-usable data
[2016-04-18 03:03:35,909][TRACE][org.elasticsearch.gateway] [node_t1] [test][4], node[null], [R], v[5], s[UNASSIGNED], unassigned_info[[reason=NODE_LEFT], at[2016-04-18T07:03:35.788Z], details[node_left[MSgO3f-9S-yat_4GxxKW6w]]]: node [node_t2] has [0b/0] bytes of re-usable data
[2016-04-18 03:03:35,909][TRACE][org.elasticsearch.gateway] [node_t1] [test][8], node[null], [R], v[6], s[UNASSIGNED], unassigned_info[[reason=NODE_LEFT], at[2016-04-18T07:03:35.788Z], details[node_left[MSgO3f-9S-yat_4GxxKW6w]]]: node [node_t2] has [0b/0] bytes of re-usable data
[2016-04-18 03:03:35,910][TRACE][org.elasticsearch.gateway] [node_t1] [test][6], node[null], [R], v[6], s[UNASSIGNED], unassigned_info[[reason=NODE_LEFT], at[2016-04-18T07:03:35.788Z], details[node_left[MSgO3f-9S-yat_4GxxKW6w]]]: node [node_t2] has [0b/0] bytes of re-usable data
[2016-04-18 03:03:35,910][TRACE][org.elasticsearch.cluster.service] [node_t1] cluster state updated, source [shard-started ([test][5], node[zpsanQF7R4u6zEfa6p-Xfw], [R], v[6], s[INITIALIZING], a[id=NTy2JcTNQC2QsC7h6umhCw], unassigned_info[[reason=NODE_LEFT], at[2016-04-18T07:03:35.788Z], details[node_left[MSgO3f-9S-yat_4GxxKW6w]]]), reason [after recovery (replica) from node [{node_t1}{YucHs-5XRNO-JChWAzIIZg}{127.0.0.1}{127.0.0.1:9441}[mode=>network]]]]
version: 19
state uuid: jsXUWtP-TrmlU28A7sJYEw
from_diff: false
meta data version: 16
nodes: 
   {node_t2}{zpsanQF7R4u6zEfa6p-Xfw}{127.0.0.1}{127.0.0.1:9440}[mode=>network]
   {node_t1}{YucHs-5XRNO-JChWAzIIZg}{127.0.0.1}{127.0.0.1:9441}[mode=>network], local, master
routing_table (version 17):
-- index [test]
----shard_id [test][0]
--------[test][0], node[zpsanQF7R4u6zEfa6p-Xfw], [R], v[7], s[STARTED], a[id=cGvyFBLATQG9hqQ0GRBlNQ]
--------[test][0], node[YucHs-5XRNO-JChWAzIIZg], [P], v[7], s[STARTED], a[id=Z8oM2vxwSmiUDNdNNYmYpA]
----shard_id [test][1]
--------[test][1], node[zpsanQF7R4u6zEfa6p-Xfw], [R], v[6], s[INITIALIZING], a[id=evs-fRQHRv29S6k9VZAekA], unassigned_info[[reason=NODE_LEFT], at[2016-04-18T07:03:35.788Z], details[node_left[MSgO3f-9S-yat_4GxxKW6w]]]
--------[test][1], node[YucHs-5XRNO-JChWAzIIZg], [P], v[6], s[STARTED], a[id=skolItfmTI6mUEyBLn-4fA]
----shard_id [test][2]
--------[test][2], node[zpsanQF7R4u6zEfa6p-Xfw], [R], v[7], s[STARTED], a[id=NsxiCHYWQNeVBe-opbeqmQ]
--------[test][2], node[YucHs-5XRNO-JChWAzIIZg], [P], v[7], s[STARTED], a[id=RNqthUztR6-DqnLRLToD-Q]
----shard_id [test][3]
--------[test][3], node[zpsanQF7R4u6zEfa6p-Xfw], [R], v[6], s[INITIALIZING], a[id=RCeVPJkYTOyssNw0UrxgyA], unassigned_info[[reason=NODE_LEFT], at[2016-04-18T07:03:35.788Z], details[node_left[MSgO3f-9S-yat_4GxxKW6w]]]
--------[test][3], node[YucHs-5XRNO-JChWAzIIZg], [P], v[6], s[STARTED], a[id=_WxhJCFGSNa0eq_monQ5AA]
----shard_id [test][4]
--------[test][4], node[zpsanQF7R4u6zEfa6p-Xfw], [R], v[6], s[INITIALIZING], a[id=TsI1Imo4Ty2WlRUqC22Mpg], unassigned_info[[reason=NODE_LEFT], at[2016-04-18T07:03:35.788Z], details[node_left[MSgO3f-9S-yat_4GxxKW6w]]]
--------[test][4], node[YucHs-5XRNO-JChWAzIIZg], [P], v[6], s[STARTED], a[id=0erPpWShQUWr0fCKxTfoYQ]
----shard_id [test][5]
--------[test][5], node[zpsanQF7R4u6zEfa6p-Xfw], [R], v[7], s[STARTED], a[id=NTy2JcTNQC2QsC7h6umhCw]
--------[test][5], node[YucHs-5XRNO-JChWAzIIZg], [P], v[7], s[STARTED], a[id=4B5yVDeUTpe5-44KssB7xg]
----shard_id [test][6]
--------[test][6], node[YucHs-5XRNO-JChWAzIIZg], [P], v[6], s[STARTED], a[id=lhxXACDDRmi5eofyvUh5ww]
--------[test][6], node[null], [R], v[6], s[UNASSIGNED], unassigned_info[[reason=NODE_LEFT], at[2016-04-18T07:03:35.788Z], details[node_left[MSgO3f-9S-yat_4GxxKW6w]]]
----shard_id [test][7]
--------[test][7], node[YucHs-5XRNO-JChWAzIIZg], [P], v[5], s[STARTED], a[id=_q3o1C7eRoG3whwcdLSwbQ]
--------[test][7], node[null], [R], v[5], s[UNASSIGNED], unassigned_info[[reason=NODE_LEFT], at[2016-04-18T07:03:35.788Z], details[node_left[MSgO3f-9S-yat_4GxxKW6w]]]
----shard_id [test][8]
--------[test][8], node[YucHs-5XRNO-JChWAzIIZg], [P], v[6], s[STARTED], a[id=uERXgJeHSeixZcO4CmIKeQ]
--------[test][8], node[null], [R], v[6], s[UNASSIGNED], unassigned_info[[reason=NODE_LEFT], at[2016-04-18T07:03:35.788Z], details[node_left[MSgO3f-9S-yat_4GxxKW6w]]]

routing_nodes:
-----node_id[zpsanQF7R4u6zEfa6p-Xfw][V]
--------[test][4], node[zpsanQF7R4u6zEfa6p-Xfw], [R], v[6], s[INITIALIZING], a[id=TsI1Imo4Ty2WlRUqC22Mpg], unassigned_info[[reason=NODE_LEFT], at[2016-04-18T07:03:35.788Z], details[node_left[MSgO3f-9S-yat_4GxxKW6w]]]
--------[test][2], node[zpsanQF7R4u6zEfa6p-Xfw], [R], v[7], s[STARTED], a[id=NsxiCHYWQNeVBe-opbeqmQ]
--------[test][5], node[zpsanQF7R4u6zEfa6p-Xfw], [R], v[7], s[STARTED], a[id=NTy2JcTNQC2QsC7h6umhCw]
--------[test][3], node[zpsanQF7R4u6zEfa6p-Xfw], [R], v[6], s[INITIALIZING], a[id=RCeVPJkYTOyssNw0UrxgyA], unassigned_info[[reason=NODE_LEFT], at[2016-04-18T07:03:35.788Z], details[node_left[MSgO3f-9S-yat_4GxxKW6w]]]
--------[test][1], node[zpsanQF7R4u6zEfa6p-Xfw], [R], v[6], s[INITIALIZING], a[id=evs-fRQHRv29S6k9VZAekA], unassigned_info[[reason=NODE_LEFT], at[2016-04-18T07:03:35.788Z], details[node_left[MSgO3f-9S-yat_4GxxKW6w]]]
--------[test][0], node[zpsanQF7R4u6zEfa6p-Xfw], [R], v[7], s[STARTED], a[id=cGvyFBLATQG9hqQ0GRBlNQ]
-----node_id[YucHs-5XRNO-JChWAzIIZg][V]
--------[test][6], node[YucHs-5XRNO-JChWAzIIZg], [P], v[6], s[STARTED], a[id=lhxXACDDRmi5eofyvUh5ww]
--------[test][7], node[YucHs-5XRNO-JChWAzIIZg], [P], v[5], s[STARTED], a[id=_q3o1C7eRoG3whwcdLSwbQ]
--------[test][8], node[YucHs-5XRNO-JChWAzIIZg], [P], v[6], s[STARTED], a[id=uERXgJeHSeixZcO4CmIKeQ]
--------[test][4], node[YucHs-5XRNO-JChWAzIIZg], [P], v[6], s[STARTED], a[id=0erPpWShQUWr0fCKxTfoYQ]
--------[test][2], node[YucHs-5XRNO-JChWAzIIZg], [P], v[7], s[STARTED], a[id=RNqthUztR6-DqnLRLToD-Q]
--------[test][5], node[YucHs-5XRNO-JChWAzIIZg], [P], v[7], s[STARTED], a[id=4B5yVDeUTpe5-44KssB7xg]
--------[test][3], node[YucHs-5XRNO-JChWAzIIZg], [P], v[6], s[STARTED], a[id=_WxhJCFGSNa0eq_monQ5AA]
--------[test][1], node[YucHs-5XRNO-JChWAzIIZg], [P], v[6], s[STARTED], a[id=skolItfmTI6mUEyBLn-4fA]
--------[test][0], node[YucHs-5XRNO-JChWAzIIZg], [P], v[7], s[STARTED], a[id=Z8oM2vxwSmiUDNdNNYmYpA]
---- unassigned
--------[test][6], node[null], [R], v[6], s[UNASSIGNED], unassigned_info[[reason=NODE_LEFT], at[2016-04-18T07:03:35.788Z], details[node_left[MSgO3f-9S-yat_4GxxKW6w]]]
--------[test][7], node[null], [R], v[5], s[UNASSIGNED], unassigned_info[[reason=NODE_LEFT], at[2016-04-18T07:03:35.788Z], details[node_left[MSgO3f-9S-yat_4GxxKW6w]]]
--------[test][8], node[null], [R], v[6], s[UNASSIGNED], unassigned_info[[reason=NODE_LEFT], at[2016-04-18T07:03:35.788Z], details[node_left[MSgO3f-9S-yat_4GxxKW6w]]]

[2016-04-18 03:03:35,911][DEBUG][org.elasticsearch.cluster.service] [node_t1] publishing cluster state version [19]
[2016-04-18 03:03:35,911][DEBUG][org.elasticsearch.discovery.zen.publish] [node_t2] received diff cluster state version [19] with uuid [jsXUWtP-TrmlU28A7sJYEw], diff size [776]
[2016-04-18 03:03:35,911][TRACE][org.elasticsearch.discovery.zen.publish] [node_t1] master node {node_t2}{zpsanQF7R4u6zEfa6p-Xfw}{127.0.0.1}{127.0.0.1:9440}[mode=>network] acked cluster state version [19]. processing ... (current pending [1], needed [1])
[2016-04-18 03:03:35,911][TRACE][org.elasticsearch.discovery.zen.publish] [node_t1] committing version [19]
[2016-04-18 03:03:35,912][TRACE][org.elasticsearch.discovery.zen.publish] [node_t1] sending commit for cluster state (uuid: [jsXUWtP-TrmlU28A7sJYEw], version [19]) to [{node_t2}{zpsanQF7R4u6zEfa6p-Xfw}{127.0.0.1}{127.0.0.1:9440}[mode=>network]]
[2016-04-18 03:03:35,912][TRACE][org.elasticsearch.cluster.service] [node_t2] will process [zen-disco-receive(from master [master {node_t1}{YucHs-5XRNO-JChWAzIIZg}{127.0.0.1}{127.0.0.1:9441}[mode=>network] committed version [19]])]
[2016-04-18 03:03:35,912][DEBUG][org.elasticsearch.cluster.service] [node_t2] processing [zen-disco-receive(from master [master {node_t1}{YucHs-5XRNO-JChWAzIIZg}{127.0.0.1}{127.0.0.1:9441}[mode=>network] committed version [19]])]: execute
[2016-04-18 03:03:35,912][TRACE][org.elasticsearch.cluster.service] [node_t2] cluster state updated, source [zen-disco-receive(from master [master {node_t1}{YucHs-5XRNO-JChWAzIIZg}{127.0.0.1}{127.0.0.1:9441}[mode=>network] committed version [19]])]
version: 19
state uuid: jsXUWtP-TrmlU28A7sJYEw
from_diff: false
meta data version: 16
nodes: 
   {node_t2}{zpsanQF7R4u6zEfa6p-Xfw}{127.0.0.1}{127.0.0.1:9440}[mode=>network], local
   {node_t1}{YucHs-5XRNO-JChWAzIIZg}{127.0.0.1}{127.0.0.1:9441}[mode=>network], master
routing_table (version 17):
-- index [test]
----shard_id [test][0]
--------[test][0], node[zpsanQF7R4u6zEfa6p-Xfw], [R], v[7], s[STARTED], a[id=cGvyFBLATQG9hqQ0GRBlNQ]
--------[test][0], node[YucHs-5XRNO-JChWAzIIZg], [P], v[7], s[STARTED], a[id=Z8oM2vxwSmiUDNdNNYmYpA]
----shard_id [test][1]
--------[test][1], node[zpsanQF7R4u6zEfa6p-Xfw], [R], v[6], s[INITIALIZING], a[id=evs-fRQHRv29S6k9VZAekA], unassigned_info[[reason=NODE_LEFT], at[2016-04-18T07:03:35.788Z], details[node_left[MSgO3f-9S-yat_4GxxKW6w]]]
--------[test][1], node[YucHs-5XRNO-JChWAzIIZg], [P], v[6], s[STARTED], a[id=skolItfmTI6mUEyBLn-4fA]
----shard_id [test][2]
--------[test][2], node[zpsanQF7R4u6zEfa6p-Xfw], [R], v[7], s[STARTED], a[id=NsxiCHYWQNeVBe-opbeqmQ]
--------[test][2], node[YucHs-5XRNO-JChWAzIIZg], [P], v[7], s[STARTED], a[id=RNqthUztR6-DqnLRLToD-Q]
----shard_id [test][3]
--------[test][3], node[zpsanQF7R4u6zEfa6p-Xfw], [R], v[6], s[INITIALIZING], a[id=RCeVPJkYTOyssNw0UrxgyA], unassigned_info[[reason=NODE_LEFT], at[2016-04-18T07:03:35.788Z], details[node_left[MSgO3f-9S-yat_4GxxKW6w]]]
--------[test][3], node[YucHs-5XRNO-JChWAzIIZg], [P], v[6], s[STARTED], a[id=_WxhJCFGSNa0eq_monQ5AA]
----shard_id [test][4]
--------[test][4], node[zpsanQF7R4u6zEfa6p-Xfw], [R], v[6], s[INITIALIZING], a[id=TsI1Imo4Ty2WlRUqC22Mpg], unassigned_info[[reason=NODE_LEFT], at[2016-04-18T07:03:35.788Z], details[node_left[MSgO3f-9S-yat_4GxxKW6w]]]
--------[test][4], node[YucHs-5XRNO-JChWAzIIZg], [P], v[6], s[STARTED], a[id=0erPpWShQUWr0fCKxTfoYQ]
----shard_id [test][5]
--------[test][5], node[zpsanQF7R4u6zEfa6p-Xfw], [R], v[7], s[STARTED], a[id=NTy2JcTNQC2QsC7h6umhCw]
--------[test][5], node[YucHs-5XRNO-JChWAzIIZg], [P], v[7], s[STARTED], a[id=4B5yVDeUTpe5-44KssB7xg]
----shard_id [test][6]
--------[test][6], node[YucHs-5XRNO-JChWAzIIZg], [P], v[6], s[STARTED], a[id=lhxXACDDRmi5eofyvUh5ww]
--------[test][6], node[null], [R], v[6], s[UNASSIGNED], unassigned_info[[reason=NODE_LEFT], at[2016-04-18T07:03:35.788Z], details[node_left[MSgO3f-9S-yat_4GxxKW6w]]]
----shard_id [test][7]
--------[test][7], node[YucHs-5XRNO-JChWAzIIZg], [P], v[5], s[STARTED], a[id=_q3o1C7eRoG3whwcdLSwbQ]
--------[test][7], node[null], [R], v[5], s[UNASSIGNED], unassigned_info[[reason=NODE_LEFT], at[2016-04-18T07:03:35.788Z], details[node_left[MSgO3f-9S-yat_4GxxKW6w]]]
----shard_id [test][8]
--------[test][8], node[YucHs-5XRNO-JChWAzIIZg], [P], v[6], s[STARTED], a[id=uERXgJeHSeixZcO4CmIKeQ]
--------[test][8], node[null], [R], v[6], s[UNASSIGNED], unassigned_info[[reason=NODE_LEFT], at[2016-04-18T07:03:35.788Z], details[node_left[MSgO3f-9S-yat_4GxxKW6w]]]

routing_nodes:
-----node_id[zpsanQF7R4u6zEfa6p-Xfw][V]
--------[test][5], node[zpsanQF7R4u6zEfa6p-Xfw], [R], v[7], s[STARTED], a[id=NTy2JcTNQC2QsC7h6umhCw]
--------[test][3], node[zpsanQF7R4u6zEfa6p-Xfw], [R], v[6], s[INITIALIZING], a[id=RCeVPJkYTOyssNw0UrxgyA], unassigned_info[[reason=NODE_LEFT], at[2016-04-18T07:03:35.788Z], details[node_left[MSgO3f-9S-yat_4GxxKW6w]]]
--------[test][2], node[zpsanQF7R4u6zEfa6p-Xfw], [R], v[7], s[STARTED], a[id=NsxiCHYWQNeVBe-opbeqmQ]
--------[test][1], node[zpsanQF7R4u6zEfa6p-Xfw], [R], v[6], s[INITIALIZING], a[id=evs-fRQHRv29S6k9VZAekA], unassigned_info[[reason=NODE_LEFT], at[2016-04-18T07:03:35.788Z], details[node_left[MSgO3f-9S-yat_4GxxKW6w]]]
--------[test][4], node[zpsanQF7R4u6zEfa6p-Xfw], [R], v[6], s[INITIALIZING], a[id=TsI1Imo4Ty2WlRUqC22Mpg], unassigned_info[[reason=NODE_LEFT], at[2016-04-18T07:03:35.788Z], details[node_left[MSgO3f-9S-yat_4GxxKW6w]]]
--------[test][0], node[zpsanQF7R4u6zEfa6p-Xfw], [R], v[7], s[STARTED], a[id=cGvyFBLATQG9hqQ0GRBlNQ]
-----node_id[YucHs-5XRNO-JChWAzIIZg][V]
--------[test][5], node[YucHs-5XRNO-JChWAzIIZg], [P], v[7], s[STARTED], a[id=4B5yVDeUTpe5-44KssB7xg]
--------[test][3], node[YucHs-5XRNO-JChWAzIIZg], [P], v[6], s[STARTED], a[id=_WxhJCFGSNa0eq_monQ5AA]
--------[test][2], node[YucHs-5XRNO-JChWAzIIZg], [P], v[7], s[STARTED], a[id=RNqthUztR6-DqnLRLToD-Q]
--------[test][1], node[YucHs-5XRNO-JChWAzIIZg], [P], v[6], s[STARTED], a[id=skolItfmTI6mUEyBLn-4fA]
--------[test][7], node[YucHs-5XRNO-JChWAzIIZg], [P], v[5], s[STARTED], a[id=_q3o1C7eRoG3whwcdLSwbQ]
--------[test][6], node[YucHs-5XRNO-JChWAzIIZg], [P], v[6], s[STARTED], a[id=lhxXACDDRmi5eofyvUh5ww]
--------[test][4], node[YucHs-5XRNO-JChWAzIIZg], [P], v[6], s[STARTED], a[id=0erPpWShQUWr0fCKxTfoYQ]
--------[test][8], node[YucHs-5XRNO-JChWAzIIZg], [P], v[6], s[STARTED], a[id=uERXgJeHSeixZcO4CmIKeQ]
--------[test][0], node[YucHs-5XRNO-JChWAzIIZg], [P], v[7], s[STARTED], a[id=Z8oM2vxwSmiUDNdNNYmYpA]
---- unassigned
--------[test][7], node[null], [R], v[5], s[UNASSIGNED], unassigned_info[[reason=NODE_LEFT], at[2016-04-18T07:03:35.788Z], details[node_left[MSgO3f-9S-yat_4GxxKW6w]]]
--------[test][6], node[null], [R], v[6], s[UNASSIGNED], unassigned_info[[reason=NODE_LEFT], at[2016-04-18T07:03:35.788Z], details[node_left[MSgO3f-9S-yat_4GxxKW6w]]]
--------[test][8], node[null], [R], v[6], s[UNASSIGNED], unassigned_info[[reason=NODE_LEFT], at[2016-04-18T07:03:35.788Z], details[node_left[MSgO3f-9S-yat_4GxxKW6w]]]

[2016-04-18 03:03:35,913][DEBUG][org.elasticsearch.cluster.service] [node_t2] set local cluster state to version 19
[2016-04-18 03:03:35,917][TRACE][org.elasticsearch.gateway] [node_t2] [test] writing state, reason [version changed from [14] to [15]]
[2016-04-18 03:03:35,918][DEBUG][org.elasticsearch.cluster.service] [node_t2] processing [zen-disco-receive(from master [master {node_t1}{YucHs-5XRNO-JChWAzIIZg}{127.0.0.1}{127.0.0.1:9441}[mode=>network] committed version [19]])]: took 6ms done applying updated cluster_state (version: 19, uuid: jsXUWtP-TrmlU28A7sJYEw)
[2016-04-18 03:03:35,919][DEBUG][org.elasticsearch.cluster.service] [node_t1] set local cluster state to version 19
[2016-04-18 03:03:35,924][TRACE][org.elasticsearch.gateway] [node_t1] [test] writing state, reason [version changed from [14] to [15]]
[2016-04-18 03:03:35,926][DEBUG][org.elasticsearch.cluster.service] [node_t1] processing [shard-started ([test][5], node[zpsanQF7R4u6zEfa6p-Xfw], [R], v[6], s[INITIALIZING], a[id=NTy2JcTNQC2QsC7h6umhCw], unassigned_info[[reason=NODE_LEFT], at[2016-04-18T07:03:35.788Z], details[node_left[MSgO3f-9S-yat_4GxxKW6w]]]), reason [after recovery (replica) from node [{node_t1}{YucHs-5XRNO-JChWAzIIZg}{127.0.0.1}{127.0.0.1:9441}[mode=>network]]]]: took 17ms done applying updated cluster_state (version: 19, uuid: jsXUWtP-TrmlU28A7sJYEw)
[2016-04-18 03:03:35,928][TRACE][org.elasticsearch.cluster.service] [node_t1] will process [shard-started ([test][1], node[zpsanQF7R4u6zEfa6p-Xfw], [R], v[6], s[INITIALIZING], a[id=evs-fRQHRv29S6k9VZAekA], unassigned_info[[reason=NODE_LEFT], at[2016-04-18T07:03:35.788Z], details[node_left[MSgO3f-9S-yat_4GxxKW6w]]]), reason [after recovery (replica) from node [{node_t1}{YucHs-5XRNO-JChWAzIIZg}{127.0.0.1}{127.0.0.1:9441}[mode=>network]]]]
[2016-04-18 03:03:35,928][DEBUG][org.elasticsearch.cluster.service] [node_t1] processing [shard-started ([test][1], node[zpsanQF7R4u6zEfa6p-Xfw], [R], v[6], s[INITIALIZING], a[id=evs-fRQHRv29S6k9VZAekA], unassigned_info[[reason=NODE_LEFT], at[2016-04-18T07:03:35.788Z], details[node_left[MSgO3f-9S-yat_4GxxKW6w]]]), reason [after recovery (replica) from node [{node_t1}{YucHs-5XRNO-JChWAzIIZg}{127.0.0.1}{127.0.0.1:9441}[mode=>network]]]]: execute
[2016-04-18 03:03:35,928][TRACE][org.elasticsearch.gateway] [node_t1] [test][8], node[null], [R], v[6], s[UNASSIGNED], unassigned_info[[reason=NODE_LEFT], at[2016-04-18T07:03:35.788Z], details[node_left[MSgO3f-9S-yat_4GxxKW6w]]]: node [node_t2] has [0b/0] bytes of re-usable data
[2016-04-18 03:03:35,928][TRACE][org.elasticsearch.gateway] [node_t1] [test][6], node[null], [R], v[6], s[UNASSIGNED], unassigned_info[[reason=NODE_LEFT], at[2016-04-18T07:03:35.788Z], details[node_left[MSgO3f-9S-yat_4GxxKW6w]]]: node [node_t2] has [0b/0] bytes of re-usable data
[2016-04-18 03:03:35,928][TRACE][org.elasticsearch.gateway] [node_t1] [test][7], node[null], [R], v[5], s[UNASSIGNED], unassigned_info[[reason=NODE_LEFT], at[2016-04-18T07:03:35.788Z], details[node_left[MSgO3f-9S-yat_4GxxKW6w]]]: node [node_t2] has [0b/0] bytes of re-usable data
[2016-04-18 03:03:35,929][TRACE][org.elasticsearch.cluster.service] [node_t1] cluster state updated, source [shard-started ([test][1], node[zpsanQF7R4u6zEfa6p-Xfw], [R], v[6], s[INITIALIZING], a[id=evs-fRQHRv29S6k9VZAekA], unassigned_info[[reason=NODE_LEFT], at[2016-04-18T07:03:35.788Z], details[node_left[MSgO3f-9S-yat_4GxxKW6w]]]), reason [after recovery (replica) from node [{node_t1}{YucHs-5XRNO-JChWAzIIZg}{127.0.0.1}{127.0.0.1:9441}[mode=>network]]]]
version: 20
state uuid: s62CyswGReSkIW7TaIYJrg
from_diff: false
meta data version: 17
nodes: 
   {node_t2}{zpsanQF7R4u6zEfa6p-Xfw}{127.0.0.1}{127.0.0.1:9440}[mode=>network]
   {node_t1}{YucHs-5XRNO-JChWAzIIZg}{127.0.0.1}{127.0.0.1:9441}[mode=>network], local, master
routing_table (version 18):
-- index [test]
----shard_id [test][0]
--------[test][0], node[zpsanQF7R4u6zEfa6p-Xfw], [R], v[7], s[STARTED], a[id=cGvyFBLATQG9hqQ0GRBlNQ]
--------[test][0], node[YucHs-5XRNO-JChWAzIIZg], [P], v[7], s[STARTED], a[id=Z8oM2vxwSmiUDNdNNYmYpA]
----shard_id [test][1]
--------[test][1], node[zpsanQF7R4u6zEfa6p-Xfw], [R], v[7], s[STARTED], a[id=evs-fRQHRv29S6k9VZAekA]
--------[test][1], node[YucHs-5XRNO-JChWAzIIZg], [P], v[7], s[STARTED], a[id=skolItfmTI6mUEyBLn-4fA]
----shard_id [test][2]
--------[test][2], node[zpsanQF7R4u6zEfa6p-Xfw], [R], v[7], s[STARTED], a[id=NsxiCHYWQNeVBe-opbeqmQ]
--------[test][2], node[YucHs-5XRNO-JChWAzIIZg], [P], v[7], s[STARTED], a[id=RNqthUztR6-DqnLRLToD-Q]
----shard_id [test][3]
--------[test][3], node[zpsanQF7R4u6zEfa6p-Xfw], [R], v[6], s[INITIALIZING], a[id=RCeVPJkYTOyssNw0UrxgyA], unassigned_info[[reason=NODE_LEFT], at[2016-04-18T07:03:35.788Z], details[node_left[MSgO3f-9S-yat_4GxxKW6w]]]
--------[test][3], node[YucHs-5XRNO-JChWAzIIZg], [P], v[6], s[STARTED], a[id=_WxhJCFGSNa0eq_monQ5AA]
----shard_id [test][4]
--------[test][4], node[zpsanQF7R4u6zEfa6p-Xfw], [R], v[6], s[INITIALIZING], a[id=TsI1Imo4Ty2WlRUqC22Mpg], unassigned_info[[reason=NODE_LEFT], at[2016-04-18T07:03:35.788Z], details[node_left[MSgO3f-9S-yat_4GxxKW6w]]]
--------[test][4], node[YucHs-5XRNO-JChWAzIIZg], [P], v[6], s[STARTED], a[id=0erPpWShQUWr0fCKxTfoYQ]
----shard_id [test][5]
--------[test][5], node[zpsanQF7R4u6zEfa6p-Xfw], [R], v[7], s[STARTED], a[id=NTy2JcTNQC2QsC7h6umhCw]
--------[test][5], node[YucHs-5XRNO-JChWAzIIZg], [P], v[7], s[STARTED], a[id=4B5yVDeUTpe5-44KssB7xg]
----shard_id [test][6]
--------[test][6], node[zpsanQF7R4u6zEfa6p-Xfw], [R], v[7], s[INITIALIZING], a[id=Mkn2hWRiQaWSgftF-n7Q4w], unassigned_info[[reason=NODE_LEFT], at[2016-04-18T07:03:35.788Z], details[node_left[MSgO3f-9S-yat_4GxxKW6w]]]
--------[test][6], node[YucHs-5XRNO-JChWAzIIZg], [P], v[7], s[STARTED], a[id=lhxXACDDRmi5eofyvUh5ww]
----shard_id [test][7]
--------[test][7], node[YucHs-5XRNO-JChWAzIIZg], [P], v[5], s[STARTED], a[id=_q3o1C7eRoG3whwcdLSwbQ]
--------[test][7], node[null], [R], v[5], s[UNASSIGNED], unassigned_info[[reason=NODE_LEFT], at[2016-04-18T07:03:35.788Z], details[node_left[MSgO3f-9S-yat_4GxxKW6w]]]
----shard_id [test][8]
--------[test][8], node[YucHs-5XRNO-JChWAzIIZg], [P], v[6], s[STARTED], a[id=uERXgJeHSeixZcO4CmIKeQ]
--------[test][8], node[null], [R], v[6], s[UNASSIGNED], unassigned_info[[reason=NODE_LEFT], at[2016-04-18T07:03:35.788Z], details[node_left[MSgO3f-9S-yat_4GxxKW6w]]]

routing_nodes:
-----node_id[zpsanQF7R4u6zEfa6p-Xfw][V]
--------[test][4], node[zpsanQF7R4u6zEfa6p-Xfw], [R], v[6], s[INITIALIZING], a[id=TsI1Imo4Ty2WlRUqC22Mpg], unassigned_info[[reason=NODE_LEFT], at[2016-04-18T07:03:35.788Z], details[node_left[MSgO3f-9S-yat_4GxxKW6w]]]
--------[test][3], node[zpsanQF7R4u6zEfa6p-Xfw], [R], v[6], s[INITIALIZING], a[id=RCeVPJkYTOyssNw0UrxgyA], unassigned_info[[reason=NODE_LEFT], at[2016-04-18T07:03:35.788Z], details[node_left[MSgO3f-9S-yat_4GxxKW6w]]]
--------[test][2], node[zpsanQF7R4u6zEfa6p-Xfw], [R], v[7], s[STARTED], a[id=NsxiCHYWQNeVBe-opbeqmQ]
--------[test][6], node[zpsanQF7R4u6zEfa6p-Xfw], [R], v[7], s[INITIALIZING], a[id=Mkn2hWRiQaWSgftF-n7Q4w], unassigned_info[[reason=NODE_LEFT], at[2016-04-18T07:03:35.788Z], details[node_left[MSgO3f-9S-yat_4GxxKW6w]]]
--------[test][1], node[zpsanQF7R4u6zEfa6p-Xfw], [R], v[7], s[STARTED], a[id=evs-fRQHRv29S6k9VZAekA]
--------[test][5], node[zpsanQF7R4u6zEfa6p-Xfw], [R], v[7], s[STARTED], a[id=NTy2JcTNQC2QsC7h6umhCw]
--------[test][0], node[zpsanQF7R4u6zEfa6p-Xfw], [R], v[7], s[STARTED], a[id=cGvyFBLATQG9hqQ0GRBlNQ]
-----node_id[YucHs-5XRNO-JChWAzIIZg][V]
--------[test][4], node[YucHs-5XRNO-JChWAzIIZg], [P], v[6], s[STARTED], a[id=0erPpWShQUWr0fCKxTfoYQ]
--------[test][3], node[YucHs-5XRNO-JChWAzIIZg], [P], v[6], s[STARTED], a[id=_WxhJCFGSNa0eq_monQ5AA]
--------[test][7], node[YucHs-5XRNO-JChWAzIIZg], [P], v[5], s[STARTED], a[id=_q3o1C7eRoG3whwcdLSwbQ]
--------[test][2], node[YucHs-5XRNO-JChWAzIIZg], [P], v[7], s[STARTED], a[id=RNqthUztR6-DqnLRLToD-Q]
--------[test][8], node[YucHs-5XRNO-JChWAzIIZg], [P], v[6], s[STARTED], a[id=uERXgJeHSeixZcO4CmIKeQ]
--------[test][6], node[YucHs-5XRNO-JChWAzIIZg], [P], v[7], s[STARTED], a[id=lhxXACDDRmi5eofyvUh5ww]
--------[test][1], node[YucHs-5XRNO-JChWAzIIZg], [P], v[7], s[STARTED], a[id=skolItfmTI6mUEyBLn-4fA]
--------[test][5], node[YucHs-5XRNO-JChWAzIIZg], [P], v[7], s[STARTED], a[id=4B5yVDeUTpe5-44KssB7xg]
--------[test][0], node[YucHs-5XRNO-JChWAzIIZg], [P], v[7], s[STARTED], a[id=Z8oM2vxwSmiUDNdNNYmYpA]
---- unassigned
--------[test][7], node[null], [R], v[5], s[UNASSIGNED], unassigned_info[[reason=NODE_LEFT], at[2016-04-18T07:03:35.788Z], details[node_left[MSgO3f-9S-yat_4GxxKW6w]]]
--------[test][8], node[null], [R], v[6], s[UNASSIGNED], unassigned_info[[reason=NODE_LEFT], at[2016-04-18T07:03:35.788Z], details[node_left[MSgO3f-9S-yat_4GxxKW6w]]]

[2016-04-18 03:03:35,929][DEBUG][org.elasticsearch.cluster.service] [node_t1] publishing cluster state version [20]
[2016-04-18 03:03:35,930][DEBUG][org.elasticsearch.discovery.zen.publish] [node_t2] received diff cluster state version [20] with uuid [s62CyswGReSkIW7TaIYJrg], diff size [798]
[2016-04-18 03:03:35,930][TRACE][org.elasticsearch.discovery.zen.publish] [node_t1] master node {node_t2}{zpsanQF7R4u6zEfa6p-Xfw}{127.0.0.1}{127.0.0.1:9440}[mode=>network] acked cluster state version [20]. processing ... (current pending [1], needed [1])
[2016-04-18 03:03:35,930][TRACE][org.elasticsearch.discovery.zen.publish] [node_t1] committing version [20]
[2016-04-18 03:03:35,930][TRACE][org.elasticsearch.discovery.zen.publish] [node_t1] sending commit for cluster state (uuid: [s62CyswGReSkIW7TaIYJrg], version [20]) to [{node_t2}{zpsanQF7R4u6zEfa6p-Xfw}{127.0.0.1}{127.0.0.1:9440}[mode=>network]]
[2016-04-18 03:03:35,931][TRACE][org.elasticsearch.cluster.service] [node_t2] will process [zen-disco-receive(from master [master {node_t1}{YucHs-5XRNO-JChWAzIIZg}{127.0.0.1}{127.0.0.1:9441}[mode=>network] committed version [20]])]
[2016-04-18 03:03:35,931][DEBUG][org.elasticsearch.cluster.service] [node_t2] processing [zen-disco-receive(from master [master {node_t1}{YucHs-5XRNO-JChWAzIIZg}{127.0.0.1}{127.0.0.1:9441}[mode=>network] committed version [20]])]: execute
[2016-04-18 03:03:35,932][TRACE][org.elasticsearch.cluster.service] [node_t2] cluster state updated, source [zen-disco-receive(from master [master {node_t1}{YucHs-5XRNO-JChWAzIIZg}{127.0.0.1}{127.0.0.1:9441}[mode=>network] committed version [20]])]
version: 20
state uuid: s62CyswGReSkIW7TaIYJrg
from_diff: false
meta data version: 17
nodes: 
   {node_t2}{zpsanQF7R4u6zEfa6p-Xfw}{127.0.0.1}{127.0.0.1:9440}[mode=>network], local
   {node_t1}{YucHs-5XRNO-JChWAzIIZg}{127.0.0.1}{127.0.0.1:9441}[mode=>network], master
routing_table (version 18):
-- index [test]
----shard_id [test][0]
--------[test][0], node[zpsanQF7R4u6zEfa6p-Xfw], [R], v[7], s[STARTED], a[id=cGvyFBLATQG9hqQ0GRBlNQ]
--------[test][0], node[YucHs-5XRNO-JChWAzIIZg], [P], v[7], s[STARTED], a[id=Z8oM2vxwSmiUDNdNNYmYpA]
----shard_id [test][1]
--------[test][1], node[zpsanQF7R4u6zEfa6p-Xfw], [R], v[7], s[STARTED], a[id=evs-fRQHRv29S6k9VZAekA]
--------[test][1], node[YucHs-5XRNO-JChWAzIIZg], [P], v[7], s[STARTED], a[id=skolItfmTI6mUEyBLn-4fA]
----shard_id [test][2]
--------[test][2], node[zpsanQF7R4u6zEfa6p-Xfw], [R], v[7], s[STARTED], a[id=NsxiCHYWQNeVBe-opbeqmQ]
--------[test][2], node[YucHs-5XRNO-JChWAzIIZg], [P], v[7], s[STARTED], a[id=RNqthUztR6-DqnLRLToD-Q]
----shard_id [test][3]
--------[test][3], node[zpsanQF7R4u6zEfa6p-Xfw], [R], v[6], s[INITIALIZING], a[id=RCeVPJkYTOyssNw0UrxgyA], unassigned_info[[reason=NODE_LEFT], at[2016-04-18T07:03:35.788Z], details[node_left[MSgO3f-9S-yat_4GxxKW6w]]]
--------[test][3], node[YucHs-5XRNO-JChWAzIIZg], [P], v[6], s[STARTED], a[id=_WxhJCFGSNa0eq_monQ5AA]
----shard_id [test][4]
--------[test][4], node[zpsanQF7R4u6zEfa6p-Xfw], [R], v[6], s[INITIALIZING], a[id=TsI1Imo4Ty2WlRUqC22Mpg], unassigned_info[[reason=NODE_LEFT], at[2016-04-18T07:03:35.788Z], details[node_left[MSgO3f-9S-yat_4GxxKW6w]]]
--------[test][4], node[YucHs-5XRNO-JChWAzIIZg], [P], v[6], s[STARTED], a[id=0erPpWShQUWr0fCKxTfoYQ]
----shard_id [test][5]
--------[test][5], node[zpsanQF7R4u6zEfa6p-Xfw], [R], v[7], s[STARTED], a[id=NTy2JcTNQC2QsC7h6umhCw]
--------[test][5], node[YucHs-5XRNO-JChWAzIIZg], [P], v[7], s[STARTED], a[id=4B5yVDeUTpe5-44KssB7xg]
----shard_id [test][6]
--------[test][6], node[zpsanQF7R4u6zEfa6p-Xfw], [R], v[7], s[INITIALIZING], a[id=Mkn2hWRiQaWSgftF-n7Q4w], unassigned_info[[reason=NODE_LEFT], at[2016-04-18T07:03:35.788Z], details[node_left[MSgO3f-9S-yat_4GxxKW6w]]]
--------[test][6], node[YucHs-5XRNO-JChWAzIIZg], [P], v[7], s[STARTED], a[id=lhxXACDDRmi5eofyvUh5ww]
----shard_id [test][7]
--------[test][7], node[YucHs-5XRNO-JChWAzIIZg], [P], v[5], s[STARTED], a[id=_q3o1C7eRoG3whwcdLSwbQ]
--------[test][7], node[null], [R], v[5], s[UNASSIGNED], unassigned_info[[reason=NODE_LEFT], at[2016-04-18T07:03:35.788Z], details[node_left[MSgO3f-9S-yat_4GxxKW6w]]]
----shard_id [test][8]
--------[test][8], node[YucHs-5XRNO-JChWAzIIZg], [P], v[6], s[STARTED], a[id=uERXgJeHSeixZcO4CmIKeQ]
--------[test][8], node[null], [R], v[6], s[UNASSIGNED], unassigned_info[[reason=NODE_LEFT], at[2016-04-18T07:03:35.788Z], details[node_left[MSgO3f-9S-yat_4GxxKW6w]]]

routing_nodes:
-----node_id[zpsanQF7R4u6zEfa6p-Xfw][V]
--------[test][1], node[zpsanQF7R4u6zEfa6p-Xfw], [R], v[7], s[STARTED], a[id=evs-fRQHRv29S6k9VZAekA]
--------[test][4], node[zpsanQF7R4u6zEfa6p-Xfw], [R], v[6], s[INITIALIZING], a[id=TsI1Imo4Ty2WlRUqC22Mpg], unassigned_info[[reason=NODE_LEFT], at[2016-04-18T07:03:35.788Z], details[node_left[MSgO3f-9S-yat_4GxxKW6w]]]
--------[test][6], node[zpsanQF7R4u6zEfa6p-Xfw], [R], v[7], s[INITIALIZING], a[id=Mkn2hWRiQaWSgftF-n7Q4w], unassigned_info[[reason=NODE_LEFT], at[2016-04-18T07:03:35.788Z], details[node_left[MSgO3f-9S-yat_4GxxKW6w]]]
--------[test][5], node[zpsanQF7R4u6zEfa6p-Xfw], [R], v[7], s[STARTED], a[id=NTy2JcTNQC2QsC7h6umhCw]
--------[test][3], node[zpsanQF7R4u6zEfa6p-Xfw], [R], v[6], s[INITIALIZING], a[id=RCeVPJkYTOyssNw0UrxgyA], unassigned_info[[reason=NODE_LEFT], at[2016-04-18T07:03:35.788Z], details[node_left[MSgO3f-9S-yat_4GxxKW6w]]]
--------[test][2], node[zpsanQF7R4u6zEfa6p-Xfw], [R], v[7], s[STARTED], a[id=NsxiCHYWQNeVBe-opbeqmQ]
--------[test][0], node[zpsanQF7R4u6zEfa6p-Xfw], [R], v[7], s[STARTED], a[id=cGvyFBLATQG9hqQ0GRBlNQ]
-----node_id[YucHs-5XRNO-JChWAzIIZg][V]
--------[test][1], node[YucHs-5XRNO-JChWAzIIZg], [P], v[7], s[STARTED], a[id=skolItfmTI6mUEyBLn-4fA]
--------[test][7], node[YucHs-5XRNO-JChWAzIIZg], [P], v[5], s[STARTED], a[id=_q3o1C7eRoG3whwcdLSwbQ]
--------[test][4], node[YucHs-5XRNO-JChWAzIIZg], [P], v[6], s[STARTED], a[id=0erPpWShQUWr0fCKxTfoYQ]
--------[test][6], node[YucHs-5XRNO-JChWAzIIZg], [P], v[7], s[STARTED], a[id=lhxXACDDRmi5eofyvUh5ww]
--------[test][5], node[YucHs-5XRNO-JChWAzIIZg], [P], v[7], s[STARTED], a[id=4B5yVDeUTpe5-44KssB7xg]
--------[test][8], node[YucHs-5XRNO-JChWAzIIZg], [P], v[6], s[STARTED], a[id=uERXgJeHSeixZcO4CmIKeQ]
--------[test][3], node[YucHs-5XRNO-JChWAzIIZg], [P], v[6], s[STARTED], a[id=_WxhJCFGSNa0eq_monQ5AA]
--------[test][2], node[YucHs-5XRNO-JChWAzIIZg], [P], v[7], s[STARTED], a[id=RNqthUztR6-DqnLRLToD-Q]
--------[test][0], node[YucHs-5XRNO-JChWAzIIZg], [P], v[7], s[STARTED], a[id=Z8oM2vxwSmiUDNdNNYmYpA]
---- unassigned
--------[test][7], node[null], [R], v[5], s[UNASSIGNED], unassigned_info[[reason=NODE_LEFT], at[2016-04-18T07:03:35.788Z], details[node_left[MSgO3f-9S-yat_4GxxKW6w]]]
--------[test][8], node[null], [R], v[6], s[UNASSIGNED], unassigned_info[[reason=NODE_LEFT], at[2016-04-18T07:03:35.788Z], details[node_left[MSgO3f-9S-yat_4GxxKW6w]]]

[2016-04-18 03:03:35,932][DEBUG][org.elasticsearch.cluster.service] [node_t2] set local cluster state to version 20
[2016-04-18 03:03:35,935][TRACE][org.elasticsearch.gateway] [node_t2] [test] writing state, reason [version changed from [15] to [16]]
[2016-04-18 03:03:35,937][DEBUG][org.elasticsearch.cluster.service] [node_t2] processing [zen-disco-receive(from master [master {node_t1}{YucHs-5XRNO-JChWAzIIZg}{127.0.0.1}{127.0.0.1:9441}[mode=>network] committed version [20]])]: took 5ms done applying updated cluster_state (version: 20, uuid: s62CyswGReSkIW7TaIYJrg)
[2016-04-18 03:03:35,938][DEBUG][org.elasticsearch.cluster.service] [node_t1] set local cluster state to version 20
[2016-04-18 03:03:35,941][TRACE][org.elasticsearch.gateway] [node_t1] [test] writing state, reason [version changed from [15] to [16]]
[2016-04-18 03:03:35,943][DEBUG][org.elasticsearch.cluster.service] [node_t1] processing [shard-started ([test][1], node[zpsanQF7R4u6zEfa6p-Xfw], [R], v[6], s[INITIALIZING], a[id=evs-fRQHRv29S6k9VZAekA], unassigned_info[[reason=NODE_LEFT], at[2016-04-18T07:03:35.788Z], details[node_left[MSgO3f-9S-yat_4GxxKW6w]]]), reason [after recovery (replica) from node [{node_t1}{YucHs-5XRNO-JChWAzIIZg}{127.0.0.1}{127.0.0.1:9441}[mode=>network]]]]: took 14ms done applying updated cluster_state (version: 20, uuid: s62CyswGReSkIW7TaIYJrg)
[2016-04-18 03:03:35,952][TRACE][org.elasticsearch.cluster.service] [node_t1] will process [shard-started ([test][3], node[zpsanQF7R4u6zEfa6p-Xfw], [R], v[6], s[INITIALIZING], a[id=RCeVPJkYTOyssNw0UrxgyA], unassigned_info[[reason=NODE_LEFT], at[2016-04-18T07:03:35.788Z], details[node_left[MSgO3f-9S-yat_4GxxKW6w]]]), reason [after recovery (replica) from node [{node_t1}{YucHs-5XRNO-JChWAzIIZg}{127.0.0.1}{127.0.0.1:9441}[mode=>network]]]]
[2016-04-18 03:03:35,952][DEBUG][org.elasticsearch.cluster.service] [node_t1] processing [shard-started ([test][3], node[zpsanQF7R4u6zEfa6p-Xfw], [R], v[6], s[INITIALIZING], a[id=RCeVPJkYTOyssNw0UrxgyA], unassigned_info[[reason=NODE_LEFT], at[2016-04-18T07:03:35.788Z], details[node_left[MSgO3f-9S-yat_4GxxKW6w]]]), reason [after recovery (replica) from node [{node_t1}{YucHs-5XRNO-JChWAzIIZg}{127.0.0.1}{127.0.0.1:9441}[mode=>network]]]]: execute
[2016-04-18 03:03:35,954][TRACE][org.elasticsearch.gateway] [node_t1] [test][7], node[null], [R], v[5], s[UNASSIGNED], unassigned_info[[reason=NODE_LEFT], at[2016-04-18T07:03:35.788Z], details[node_left[MSgO3f-9S-yat_4GxxKW6w]]]: node [node_t2] has [0b/0] bytes of re-usable data
[2016-04-18 03:03:35,954][TRACE][org.elasticsearch.gateway] [node_t1] [test][8], node[null], [R], v[6], s[UNASSIGNED], unassigned_info[[reason=NODE_LEFT], at[2016-04-18T07:03:35.788Z], details[node_left[MSgO3f-9S-yat_4GxxKW6w]]]: node [node_t2] has [0b/0] bytes of re-usable data
[2016-04-18 03:03:35,955][TRACE][org.elasticsearch.cluster.service] [node_t1] cluster state updated, source [shard-started ([test][3], node[zpsanQF7R4u6zEfa6p-Xfw], [R], v[6], s[INITIALIZING], a[id=RCeVPJkYTOyssNw0UrxgyA], unassigned_info[[reason=NODE_LEFT], at[2016-04-18T07:03:35.788Z], details[node_left[MSgO3f-9S-yat_4GxxKW6w]]]), reason [after recovery (replica) from node [{node_t1}{YucHs-5XRNO-JChWAzIIZg}{127.0.0.1}{127.0.0.1:9441}[mode=>network]]]]
version: 21
state uuid: PT7fXfpoQpee5r20UZ2Mbw
from_diff: false
meta data version: 18
nodes: 
   {node_t2}{zpsanQF7R4u6zEfa6p-Xfw}{127.0.0.1}{127.0.0.1:9440}[mode=>network]
   {node_t1}{YucHs-5XRNO-JChWAzIIZg}{127.0.0.1}{127.0.0.1:9441}[mode=>network], local, master
routing_table (version 19):
-- index [test]
----shard_id [test][0]
--------[test][0], node[zpsanQF7R4u6zEfa6p-Xfw], [R], v[7], s[STARTED], a[id=cGvyFBLATQG9hqQ0GRBlNQ]
--------[test][0], node[YucHs-5XRNO-JChWAzIIZg], [P], v[7], s[STARTED], a[id=Z8oM2vxwSmiUDNdNNYmYpA]
----shard_id [test][1]
--------[test][1], node[zpsanQF7R4u6zEfa6p-Xfw], [R], v[7], s[STARTED], a[id=evs-fRQHRv29S6k9VZAekA]
--------[test][1], node[YucHs-5XRNO-JChWAzIIZg], [P], v[7], s[STARTED], a[id=skolItfmTI6mUEyBLn-4fA]
----shard_id [test][2]
--------[test][2], node[zpsanQF7R4u6zEfa6p-Xfw], [R], v[7], s[STARTED], a[id=NsxiCHYWQNeVBe-opbeqmQ]
--------[test][2], node[YucHs-5XRNO-JChWAzIIZg], [P], v[7], s[STARTED], a[id=RNqthUztR6-DqnLRLToD-Q]
----shard_id [test][3]
--------[test][3], node[zpsanQF7R4u6zEfa6p-Xfw], [R], v[7], s[STARTED], a[id=RCeVPJkYTOyssNw0UrxgyA]
--------[test][3], node[YucHs-5XRNO-JChWAzIIZg], [P], v[7], s[STARTED], a[id=_WxhJCFGSNa0eq_monQ5AA]
----shard_id [test][4]
--------[test][4], node[zpsanQF7R4u6zEfa6p-Xfw], [R], v[6], s[INITIALIZING], a[id=TsI1Imo4Ty2WlRUqC22Mpg], unassigned_info[[reason=NODE_LEFT], at[2016-04-18T07:03:35.788Z], details[node_left[MSgO3f-9S-yat_4GxxKW6w]]]
--------[test][4], node[YucHs-5XRNO-JChWAzIIZg], [P], v[6], s[STARTED], a[id=0erPpWShQUWr0fCKxTfoYQ]
----shard_id [test][5]
--------[test][5], node[zpsanQF7R4u6zEfa6p-Xfw], [R], v[7], s[STARTED], a[id=NTy2JcTNQC2QsC7h6umhCw]
--------[test][5], node[YucHs-5XRNO-JChWAzIIZg], [P], v[7], s[STARTED], a[id=4B5yVDeUTpe5-44KssB7xg]
----shard_id [test][6]
--------[test][6], node[zpsanQF7R4u6zEfa6p-Xfw], [R], v[7], s[INITIALIZING], a[id=Mkn2hWRiQaWSgftF-n7Q4w], unassigned_info[[reason=NODE_LEFT], at[2016-04-18T07:03:35.788Z], details[node_left[MSgO3f-9S-yat_4GxxKW6w]]]
--------[test][6], node[YucHs-5XRNO-JChWAzIIZg], [P], v[7], s[STARTED], a[id=lhxXACDDRmi5eofyvUh5ww]
----shard_id [test][7]
--------[test][7], node[zpsanQF7R4u6zEfa6p-Xfw], [R], v[6], s[INITIALIZING], a[id=AqPVWnSnQAmsLrDyaa5qsA], unassigned_info[[reason=NODE_LEFT], at[2016-04-18T07:03:35.788Z], details[node_left[MSgO3f-9S-yat_4GxxKW6w]]]
--------[test][7], node[YucHs-5XRNO-JChWAzIIZg], [P], v[6], s[STARTED], a[id=_q3o1C7eRoG3whwcdLSwbQ]
----shard_id [test][8]
--------[test][8], node[YucHs-5XRNO-JChWAzIIZg], [P], v[6], s[STARTED], a[id=uERXgJeHSeixZcO4CmIKeQ]
--------[test][8], node[null], [R], v[6], s[UNASSIGNED], unassigned_info[[reason=NODE_LEFT], at[2016-04-18T07:03:35.788Z], details[node_left[MSgO3f-9S-yat_4GxxKW6w]]]

routing_nodes:
-----node_id[zpsanQF7R4u6zEfa6p-Xfw][V]
--------[test][4], node[zpsanQF7R4u6zEfa6p-Xfw], [R], v[6], s[INITIALIZING], a[id=TsI1Imo4Ty2WlRUqC22Mpg], unassigned_info[[reason=NODE_LEFT], at[2016-04-18T07:03:35.788Z], details[node_left[MSgO3f-9S-yat_4GxxKW6w]]]
--------[test][2], node[zpsanQF7R4u6zEfa6p-Xfw], [R], v[7], s[STARTED], a[id=NsxiCHYWQNeVBe-opbeqmQ]
--------[test][6], node[zpsanQF7R4u6zEfa6p-Xfw], [R], v[7], s[INITIALIZING], a[id=Mkn2hWRiQaWSgftF-n7Q4w], unassigned_info[[reason=NODE_LEFT], at[2016-04-18T07:03:35.788Z], details[node_left[MSgO3f-9S-yat_4GxxKW6w]]]
--------[test][1], node[zpsanQF7R4u6zEfa6p-Xfw], [R], v[7], s[STARTED], a[id=evs-fRQHRv29S6k9VZAekA]
--------[test][7], node[zpsanQF7R4u6zEfa6p-Xfw], [R], v[6], s[INITIALIZING], a[id=AqPVWnSnQAmsLrDyaa5qsA], unassigned_info[[reason=NODE_LEFT], at[2016-04-18T07:03:35.788Z], details[node_left[MSgO3f-9S-yat_4GxxKW6w]]]
--------[test][3], node[zpsanQF7R4u6zEfa6p-Xfw], [R], v[7], s[STARTED], a[id=RCeVPJkYTOyssNw0UrxgyA]
--------[test][5], node[zpsanQF7R4u6zEfa6p-Xfw], [R], v[7], s[STARTED], a[id=NTy2JcTNQC2QsC7h6umhCw]
--------[test][0], node[zpsanQF7R4u6zEfa6p-Xfw], [R], v[7], s[STARTED], a[id=cGvyFBLATQG9hqQ0GRBlNQ]
-----node_id[YucHs-5XRNO-JChWAzIIZg][V]
--------[test][4], node[YucHs-5XRNO-JChWAzIIZg], [P], v[6], s[STARTED], a[id=0erPpWShQUWr0fCKxTfoYQ]
--------[test][2], node[YucHs-5XRNO-JChWAzIIZg], [P], v[7], s[STARTED], a[id=RNqthUztR6-DqnLRLToD-Q]
--------[test][6], node[YucHs-5XRNO-JChWAzIIZg], [P], v[7], s[STARTED], a[id=lhxXACDDRmi5eofyvUh5ww]
--------[test][1], node[YucHs-5XRNO-JChWAzIIZg], [P], v[7], s[STARTED], a[id=skolItfmTI6mUEyBLn-4fA]
--------[test][8], node[YucHs-5XRNO-JChWAzIIZg], [P], v[6], s[STARTED], a[id=uERXgJeHSeixZcO4CmIKeQ]
--------[test][7], node[YucHs-5XRNO-JChWAzIIZg], [P], v[6], s[STARTED], a[id=_q3o1C7eRoG3whwcdLSwbQ]
--------[test][3], node[YucHs-5XRNO-JChWAzIIZg], [P], v[7], s[STARTED], a[id=_WxhJCFGSNa0eq_monQ5AA]
--------[test][5], node[YucHs-5XRNO-JChWAzIIZg], [P], v[7], s[STARTED], a[id=4B5yVDeUTpe5-44KssB7xg]
--------[test][0], node[YucHs-5XRNO-JChWAzIIZg], [P], v[7], s[STARTED], a[id=Z8oM2vxwSmiUDNdNNYmYpA]
---- unassigned
--------[test][8], node[null], [R], v[6], s[UNASSIGNED], unassigned_info[[reason=NODE_LEFT], at[2016-04-18T07:03:35.788Z], details[node_left[MSgO3f-9S-yat_4GxxKW6w]]]

[2016-04-18 03:03:35,955][DEBUG][org.elasticsearch.cluster.service] [node_t1] publishing cluster state version [21]
[2016-04-18 03:03:35,956][DEBUG][org.elasticsearch.discovery.zen.publish] [node_t2] received diff cluster state version [21] with uuid [PT7fXfpoQpee5r20UZ2Mbw], diff size [808]
[2016-04-18 03:03:35,956][TRACE][org.elasticsearch.discovery.zen.publish] [node_t1] master node {node_t2}{zpsanQF7R4u6zEfa6p-Xfw}{127.0.0.1}{127.0.0.1:9440}[mode=>network] acked cluster state version [21]. processing ... (current pending [1], needed [1])
[2016-04-18 03:03:35,956][TRACE][org.elasticsearch.discovery.zen.publish] [node_t1] committing version [21]
[2016-04-18 03:03:35,956][TRACE][org.elasticsearch.discovery.zen.publish] [node_t1] sending commit for cluster state (uuid: [PT7fXfpoQpee5r20UZ2Mbw], version [21]) to [{node_t2}{zpsanQF7R4u6zEfa6p-Xfw}{127.0.0.1}{127.0.0.1:9440}[mode=>network]]
[2016-04-18 03:03:35,957][TRACE][org.elasticsearch.cluster.service] [node_t2] will process [zen-disco-receive(from master [master {node_t1}{YucHs-5XRNO-JChWAzIIZg}{127.0.0.1}{127.0.0.1:9441}[mode=>network] committed version [21]])]
[2016-04-18 03:03:35,957][DEBUG][org.elasticsearch.cluster.service] [node_t2] processing [zen-disco-receive(from master [master {node_t1}{YucHs-5XRNO-JChWAzIIZg}{127.0.0.1}{127.0.0.1:9441}[mode=>network] committed version [21]])]: execute
[2016-04-18 03:03:35,957][TRACE][org.elasticsearch.cluster.service] [node_t2] cluster state updated, source [zen-disco-receive(from master [master {node_t1}{YucHs-5XRNO-JChWAzIIZg}{127.0.0.1}{127.0.0.1:9441}[mode=>network] committed version [21]])]
version: 21
state uuid: PT7fXfpoQpee5r20UZ2Mbw
from_diff: false
meta data version: 18
nodes: 
   {node_t2}{zpsanQF7R4u6zEfa6p-Xfw}{127.0.0.1}{127.0.0.1:9440}[mode=>network], local
   {node_t1}{YucHs-5XRNO-JChWAzIIZg}{127.0.0.1}{127.0.0.1:9441}[mode=>network], master
routing_table (version 19):
-- index [test]
----shard_id [test][0]
--------[test][0], node[zpsanQF7R4u6zEfa6p-Xfw], [R], v[7], s[STARTED], a[id=cGvyFBLATQG9hqQ0GRBlNQ]
--------[test][0], node[YucHs-5XRNO-JChWAzIIZg], [P], v[7], s[STARTED], a[id=Z8oM2vxwSmiUDNdNNYmYpA]
----shard_id [test][1]
--------[test][1], node[zpsanQF7R4u6zEfa6p-Xfw], [R], v[7], s[STARTED], a[id=evs-fRQHRv29S6k9VZAekA]
--------[test][1], node[YucHs-5XRNO-JChWAzIIZg], [P], v[7], s[STARTED], a[id=skolItfmTI6mUEyBLn-4fA]
----shard_id [test][2]
--------[test][2], node[zpsanQF7R4u6zEfa6p-Xfw], [R], v[7], s[STARTED], a[id=NsxiCHYWQNeVBe-opbeqmQ]
--------[test][2], node[YucHs-5XRNO-JChWAzIIZg], [P], v[7], s[STARTED], a[id=RNqthUztR6-DqnLRLToD-Q]
----shard_id [test][3]
--------[test][3], node[zpsanQF7R4u6zEfa6p-Xfw], [R], v[7], s[STARTED], a[id=RCeVPJkYTOyssNw0UrxgyA]
--------[test][3], node[YucHs-5XRNO-JChWAzIIZg], [P], v[7], s[STARTED], a[id=_WxhJCFGSNa0eq_monQ5AA]
----shard_id [test][4]
--------[test][4], node[zpsanQF7R4u6zEfa6p-Xfw], [R], v[6], s[INITIALIZING], a[id=TsI1Imo4Ty2WlRUqC22Mpg], unassigned_info[[reason=NODE_LEFT], at[2016-04-18T07:03:35.788Z], details[node_left[MSgO3f-9S-yat_4GxxKW6w]]]
--------[test][4], node[YucHs-5XRNO-JChWAzIIZg], [P], v[6], s[STARTED], a[id=0erPpWShQUWr0fCKxTfoYQ]
----shard_id [test][5]
--------[test][5], node[zpsanQF7R4u6zEfa6p-Xfw], [R], v[7], s[STARTED], a[id=NTy2JcTNQC2QsC7h6umhCw]
--------[test][5], node[YucHs-5XRNO-JChWAzIIZg], [P], v[7], s[STARTED], a[id=4B5yVDeUTpe5-44KssB7xg]
----shard_id [test][6]
--------[test][6], node[zpsanQF7R4u6zEfa6p-Xfw], [R], v[7], s[INITIALIZING], a[id=Mkn2hWRiQaWSgftF-n7Q4w], unassigned_info[[reason=NODE_LEFT], at[2016-04-18T07:03:35.788Z], details[node_left[MSgO3f-9S-yat_4GxxKW6w]]]
--------[test][6], node[YucHs-5XRNO-JChWAzIIZg], [P], v[7], s[STARTED], a[id=lhxXACDDRmi5eofyvUh5ww]
----shard_id [test][7]
--------[test][7], node[zpsanQF7R4u6zEfa6p-Xfw], [R], v[6], s[INITIALIZING], a[id=AqPVWnSnQAmsLrDyaa5qsA], unassigned_info[[reason=NODE_LEFT], at[2016-04-18T07:03:35.788Z], details[node_left[MSgO3f-9S-yat_4GxxKW6w]]]
--------[test][7], node[YucHs-5XRNO-JChWAzIIZg], [P], v[6], s[STARTED], a[id=_q3o1C7eRoG3whwcdLSwbQ]
----shard_id [test][8]
--------[test][8], node[YucHs-5XRNO-JChWAzIIZg], [P], v[6], s[STARTED], a[id=uERXgJeHSeixZcO4CmIKeQ]
--------[test][8], node[null], [R], v[6], s[UNASSIGNED], unassigned_info[[reason=NODE_LEFT], at[2016-04-18T07:03:35.788Z], details[node_left[MSgO3f-9S-yat_4GxxKW6w]]]

routing_nodes:
-----node_id[zpsanQF7R4u6zEfa6p-Xfw][V]
--------[test][3], node[zpsanQF7R4u6zEfa6p-Xfw], [R], v[7], s[STARTED], a[id=RCeVPJkYTOyssNw0UrxgyA]
--------[test][4], node[zpsanQF7R4u6zEfa6p-Xfw], [R], v[6], s[INITIALIZING], a[id=TsI1Imo4Ty2WlRUqC22Mpg], unassigned_info[[reason=NODE_LEFT], at[2016-04-18T07:03:35.788Z], details[node_left[MSgO3f-9S-yat_4GxxKW6w]]]
--------[test][1], node[zpsanQF7R4u6zEfa6p-Xfw], [R], v[7], s[STARTED], a[id=evs-fRQHRv29S6k9VZAekA]
--------[test][6], node[zpsanQF7R4u6zEfa6p-Xfw], [R], v[7], s[INITIALIZING], a[id=Mkn2hWRiQaWSgftF-n7Q4w], unassigned_info[[reason=NODE_LEFT], at[2016-04-18T07:03:35.788Z], details[node_left[MSgO3f-9S-yat_4GxxKW6w]]]
--------[test][7], node[zpsanQF7R4u6zEfa6p-Xfw], [R], v[6], s[INITIALIZING], a[id=AqPVWnSnQAmsLrDyaa5qsA], unassigned_info[[reason=NODE_LEFT], at[2016-04-18T07:03:35.788Z], details[node_left[MSgO3f-9S-yat_4GxxKW6w]]]
--------[test][2], node[zpsanQF7R4u6zEfa6p-Xfw], [R], v[7], s[STARTED], a[id=NsxiCHYWQNeVBe-opbeqmQ]
--------[test][5], node[zpsanQF7R4u6zEfa6p-Xfw], [R], v[7], s[STARTED], a[id=NTy2JcTNQC2QsC7h6umhCw]
--------[test][0], node[zpsanQF7R4u6zEfa6p-Xfw], [R], v[7], s[STARTED], a[id=cGvyFBLATQG9hqQ0GRBlNQ]
-----node_id[YucHs-5XRNO-JChWAzIIZg][V]
--------[test][3], node[YucHs-5XRNO-JChWAzIIZg], [P], v[7], s[STARTED], a[id=_WxhJCFGSNa0eq_monQ5AA]
--------[test][4], node[YucHs-5XRNO-JChWAzIIZg], [P], v[6], s[STARTED], a[id=0erPpWShQUWr0fCKxTfoYQ]
--------[test][1], node[YucHs-5XRNO-JChWAzIIZg], [P], v[7], s[STARTED], a[id=skolItfmTI6mUEyBLn-4fA]
--------[test][6], node[YucHs-5XRNO-JChWAzIIZg], [P], v[7], s[STARTED], a[id=lhxXACDDRmi5eofyvUh5ww]
--------[test][7], node[YucHs-5XRNO-JChWAzIIZg], [P], v[6], s[STARTED], a[id=_q3o1C7eRoG3whwcdLSwbQ]
--------[test][2], node[YucHs-5XRNO-JChWAzIIZg], [P], v[7], s[STARTED], a[id=RNqthUztR6-DqnLRLToD-Q]
--------[test][8], node[YucHs-5XRNO-JChWAzIIZg], [P], v[6], s[STARTED], a[id=uERXgJeHSeixZcO4CmIKeQ]
--------[test][5], node[YucHs-5XRNO-JChWAzIIZg], [P], v[7], s[STARTED], a[id=4B5yVDeUTpe5-44KssB7xg]
--------[test][0], node[YucHs-5XRNO-JChWAzIIZg], [P], v[7], s[STARTED], a[id=Z8oM2vxwSmiUDNdNNYmYpA]
---- unassigned
--------[test][8], node[null], [R], v[6], s[UNASSIGNED], unassigned_info[[reason=NODE_LEFT], at[2016-04-18T07:03:35.788Z], details[node_left[MSgO3f-9S-yat_4GxxKW6w]]]

[2016-04-18 03:03:35,957][DEBUG][org.elasticsearch.cluster.service] [node_t2] set local cluster state to version 21
[2016-04-18 03:03:35,960][TRACE][org.elasticsearch.gateway] [node_t2] [test] writing state, reason [version changed from [16] to [17]]
[2016-04-18 03:03:35,962][DEBUG][org.elasticsearch.cluster.service] [node_t2] processing [zen-disco-receive(from master [master {node_t1}{YucHs-5XRNO-JChWAzIIZg}{127.0.0.1}{127.0.0.1:9441}[mode=>network] committed version [21]])]: took 5ms done applying updated cluster_state (version: 21, uuid: PT7fXfpoQpee5r20UZ2Mbw)
[2016-04-18 03:03:35,962][DEBUG][org.elasticsearch.cluster.service] [node_t1] set local cluster state to version 21
[2016-04-18 03:03:35,966][TRACE][org.elasticsearch.gateway] [node_t1] [test] writing state, reason [version changed from [16] to [17]]
[2016-04-18 03:03:35,968][DEBUG][org.elasticsearch.cluster.service] [node_t1] processing [shard-started ([test][3], node[zpsanQF7R4u6zEfa6p-Xfw], [R], v[6], s[INITIALIZING], a[id=RCeVPJkYTOyssNw0UrxgyA], unassigned_info[[reason=NODE_LEFT], at[2016-04-18T07:03:35.788Z], details[node_left[MSgO3f-9S-yat_4GxxKW6w]]]), reason [after recovery (replica) from node [{node_t1}{YucHs-5XRNO-JChWAzIIZg}{127.0.0.1}{127.0.0.1:9441}[mode=>network]]]]: took 15ms done applying updated cluster_state (version: 21, uuid: PT7fXfpoQpee5r20UZ2Mbw)
[2016-04-18 03:03:35,971][TRACE][org.elasticsearch.cluster.service] [node_t1] will process [shard-started ([test][4], node[zpsanQF7R4u6zEfa6p-Xfw], [R], v[6], s[INITIALIZING], a[id=TsI1Imo4Ty2WlRUqC22Mpg], unassigned_info[[reason=NODE_LEFT], at[2016-04-18T07:03:35.788Z], details[node_left[MSgO3f-9S-yat_4GxxKW6w]]]), reason [after recovery (replica) from node [{node_t1}{YucHs-5XRNO-JChWAzIIZg}{127.0.0.1}{127.0.0.1:9441}[mode=>network]]]]
[2016-04-18 03:03:35,971][DEBUG][org.elasticsearch.cluster.service] [node_t1] processing [shard-started ([test][4], node[zpsanQF7R4u6zEfa6p-Xfw], [R], v[6], s[INITIALIZING], a[id=TsI1Imo4Ty2WlRUqC22Mpg], unassigned_info[[reason=NODE_LEFT], at[2016-04-18T07:03:35.788Z], details[node_left[MSgO3f-9S-yat_4GxxKW6w]]]), reason [after recovery (replica) from node [{node_t1}{YucHs-5XRNO-JChWAzIIZg}{127.0.0.1}{127.0.0.1:9441}[mode=>network]]]]: execute
[2016-04-18 03:03:35,971][TRACE][org.elasticsearch.gateway] [node_t1] [test][8], node[null], [R], v[6], s[UNASSIGNED], unassigned_info[[reason=NODE_LEFT], at[2016-04-18T07:03:35.788Z], details[node_left[MSgO3f-9S-yat_4GxxKW6w]]]: node [node_t2] has [0b/0] bytes of re-usable data
[2016-04-18 03:03:35,972][TRACE][org.elasticsearch.cluster.service] [node_t1] cluster state updated, source [shard-started ([test][4], node[zpsanQF7R4u6zEfa6p-Xfw], [R], v[6], s[INITIALIZING], a[id=TsI1Imo4Ty2WlRUqC22Mpg], unassigned_info[[reason=NODE_LEFT], at[2016-04-18T07:03:35.788Z], details[node_left[MSgO3f-9S-yat_4GxxKW6w]]]), reason [after recovery (replica) from node [{node_t1}{YucHs-5XRNO-JChWAzIIZg}{127.0.0.1}{127.0.0.1:9441}[mode=>network]]]]
version: 22
state uuid: KTZHSno4SjWTE23odnWDdg
from_diff: false
meta data version: 19
nodes: 
   {node_t2}{zpsanQF7R4u6zEfa6p-Xfw}{127.0.0.1}{127.0.0.1:9440}[mode=>network]
   {node_t1}{YucHs-5XRNO-JChWAzIIZg}{127.0.0.1}{127.0.0.1:9441}[mode=>network], local, master
routing_table (version 20):
-- index [test]
----shard_id [test][0]
--------[test][0], node[zpsanQF7R4u6zEfa6p-Xfw], [R], v[7], s[STARTED], a[id=cGvyFBLATQG9hqQ0GRBlNQ]
--------[test][0], node[YucHs-5XRNO-JChWAzIIZg], [P], v[7], s[STARTED], a[id=Z8oM2vxwSmiUDNdNNYmYpA]
----shard_id [test][1]
--------[test][1], node[zpsanQF7R4u6zEfa6p-Xfw], [R], v[7], s[STARTED], a[id=evs-fRQHRv29S6k9VZAekA]
--------[test][1], node[YucHs-5XRNO-JChWAzIIZg], [P], v[7], s[STARTED], a[id=skolItfmTI6mUEyBLn-4fA]
----shard_id [test][2]
--------[test][2], node[zpsanQF7R4u6zEfa6p-Xfw], [R], v[7], s[STARTED], a[id=NsxiCHYWQNeVBe-opbeqmQ]
--------[test][2], node[YucHs-5XRNO-JChWAzIIZg], [P], v[7], s[STARTED], a[id=RNqthUztR6-DqnLRLToD-Q]
----shard_id [test][3]
--------[test][3], node[zpsanQF7R4u6zEfa6p-Xfw], [R], v[7], s[STARTED], a[id=RCeVPJkYTOyssNw0UrxgyA]
--------[test][3], node[YucHs-5XRNO-JChWAzIIZg], [P], v[7], s[STARTED], a[id=_WxhJCFGSNa0eq_monQ5AA]
----shard_id [test][4]
--------[test][4], node[zpsanQF7R4u6zEfa6p-Xfw], [R], v[7], s[STARTED], a[id=TsI1Imo4Ty2WlRUqC22Mpg]
--------[test][4], node[YucHs-5XRNO-JChWAzIIZg], [P], v[7], s[STARTED], a[id=0erPpWShQUWr0fCKxTfoYQ]
----shard_id [test][5]
--------[test][5], node[zpsanQF7R4u6zEfa6p-Xfw], [R], v[7], s[STARTED], a[id=NTy2JcTNQC2QsC7h6umhCw]
--------[test][5], node[YucHs-5XRNO-JChWAzIIZg], [P], v[7], s[STARTED], a[id=4B5yVDeUTpe5-44KssB7xg]
----shard_id [test][6]
--------[test][6], node[zpsanQF7R4u6zEfa6p-Xfw], [R], v[7], s[INITIALIZING], a[id=Mkn2hWRiQaWSgftF-n7Q4w], unassigned_info[[reason=NODE_LEFT], at[2016-04-18T07:03:35.788Z], details[node_left[MSgO3f-9S-yat_4GxxKW6w]]]
--------[test][6], node[YucHs-5XRNO-JChWAzIIZg], [P], v[7], s[STARTED], a[id=lhxXACDDRmi5eofyvUh5ww]
----shard_id [test][7]
--------[test][7], node[zpsanQF7R4u6zEfa6p-Xfw], [R], v[6], s[INITIALIZING], a[id=AqPVWnSnQAmsLrDyaa5qsA], unassigned_info[[reason=NODE_LEFT], at[2016-04-18T07:03:35.788Z], details[node_left[MSgO3f-9S-yat_4GxxKW6w]]]
--------[test][7], node[YucHs-5XRNO-JChWAzIIZg], [P], v[6], s[STARTED], a[id=_q3o1C7eRoG3whwcdLSwbQ]
----shard_id [test][8]
--------[test][8], node[zpsanQF7R4u6zEfa6p-Xfw], [R], v[7], s[INITIALIZING], a[id=2CJSZtHURcm8QLRdukuHhw], unassigned_info[[reason=NODE_LEFT], at[2016-04-18T07:03:35.788Z], details[node_left[MSgO3f-9S-yat_4GxxKW6w]]]
--------[test][8], node[YucHs-5XRNO-JChWAzIIZg], [P], v[7], s[STARTED], a[id=uERXgJeHSeixZcO4CmIKeQ]

routing_nodes:
-----node_id[zpsanQF7R4u6zEfa6p-Xfw][V]
--------[test][8], node[zpsanQF7R4u6zEfa6p-Xfw], [R], v[7], s[INITIALIZING], a[id=2CJSZtHURcm8QLRdukuHhw], unassigned_info[[reason=NODE_LEFT], at[2016-04-18T07:03:35.788Z], details[node_left[MSgO3f-9S-yat_4GxxKW6w]]]
--------[test][5], node[zpsanQF7R4u6zEfa6p-Xfw], [R], v[7], s[STARTED], a[id=NTy2JcTNQC2QsC7h6umhCw]
--------[test][1], node[zpsanQF7R4u6zEfa6p-Xfw], [R], v[7], s[STARTED], a[id=evs-fRQHRv29S6k9VZAekA]
--------[test][3], node[zpsanQF7R4u6zEfa6p-Xfw], [R], v[7], s[STARTED], a[id=RCeVPJkYTOyssNw0UrxgyA]
--------[test][2], node[zpsanQF7R4u6zEfa6p-Xfw], [R], v[7], s[STARTED], a[id=NsxiCHYWQNeVBe-opbeqmQ]
--------[test][7], node[zpsanQF7R4u6zEfa6p-Xfw], [R], v[6], s[INITIALIZING], a[id=AqPVWnSnQAmsLrDyaa5qsA], unassigned_info[[reason=NODE_LEFT], at[2016-04-18T07:03:35.788Z], details[node_left[MSgO3f-9S-yat_4GxxKW6w]]]
--------[test][4], node[zpsanQF7R4u6zEfa6p-Xfw], [R], v[7], s[STARTED], a[id=TsI1Imo4Ty2WlRUqC22Mpg]
--------[test][6], node[zpsanQF7R4u6zEfa6p-Xfw], [R], v[7], s[INITIALIZING], a[id=Mkn2hWRiQaWSgftF-n7Q4w], unassigned_info[[reason=NODE_LEFT], at[2016-04-18T07:03:35.788Z], details[node_left[MSgO3f-9S-yat_4GxxKW6w]]]
--------[test][0], node[zpsanQF7R4u6zEfa6p-Xfw], [R], v[7], s[STARTED], a[id=cGvyFBLATQG9hqQ0GRBlNQ]
-----node_id[YucHs-5XRNO-JChWAzIIZg][V]
--------[test][8], node[YucHs-5XRNO-JChWAzIIZg], [P], v[7], s[STARTED], a[id=uERXgJeHSeixZcO4CmIKeQ]
--------[test][5], node[YucHs-5XRNO-JChWAzIIZg], [P], v[7], s[STARTED], a[id=4B5yVDeUTpe5-44KssB7xg]
--------[test][1], node[YucHs-5XRNO-JChWAzIIZg], [P], v[7], s[STARTED], a[id=skolItfmTI6mUEyBLn-4fA]
--------[test][3], node[YucHs-5XRNO-JChWAzIIZg], [P], v[7], s[STARTED], a[id=_WxhJCFGSNa0eq_monQ5AA]
--------[test][2], node[YucHs-5XRNO-JChWAzIIZg], [P], v[7], s[STARTED], a[id=RNqthUztR6-DqnLRLToD-Q]
--------[test][7], node[YucHs-5XRNO-JChWAzIIZg], [P], v[6], s[STARTED], a[id=_q3o1C7eRoG3whwcdLSwbQ]
--------[test][4], node[YucHs-5XRNO-JChWAzIIZg], [P], v[7], s[STARTED], a[id=0erPpWShQUWr0fCKxTfoYQ]
--------[test][6], node[YucHs-5XRNO-JChWAzIIZg], [P], v[7], s[STARTED], a[id=lhxXACDDRmi5eofyvUh5ww]
--------[test][0], node[YucHs-5XRNO-JChWAzIIZg], [P], v[7], s[STARTED], a[id=Z8oM2vxwSmiUDNdNNYmYpA]
---- unassigned

[2016-04-18 03:03:35,972][DEBUG][org.elasticsearch.cluster.service] [node_t1] publishing cluster state version [22]
[2016-04-18 03:03:35,973][DEBUG][org.elasticsearch.discovery.zen.publish] [node_t2] received diff cluster state version [22] with uuid [KTZHSno4SjWTE23odnWDdg], diff size [817]
[2016-04-18 03:03:35,973][TRACE][org.elasticsearch.discovery.zen.publish] [node_t1] master node {node_t2}{zpsanQF7R4u6zEfa6p-Xfw}{127.0.0.1}{127.0.0.1:9440}[mode=>network] acked cluster state version [22]. processing ... (current pending [1], needed [1])
[2016-04-18 03:03:35,973][TRACE][org.elasticsearch.discovery.zen.publish] [node_t1] committing version [22]
[2016-04-18 03:03:35,973][TRACE][org.elasticsearch.discovery.zen.publish] [node_t1] sending commit for cluster state (uuid: [KTZHSno4SjWTE23odnWDdg], version [22]) to [{node_t2}{zpsanQF7R4u6zEfa6p-Xfw}{127.0.0.1}{127.0.0.1:9440}[mode=>network]]
[2016-04-18 03:03:35,973][TRACE][org.elasticsearch.cluster.service] [node_t2] will process [zen-disco-receive(from master [master {node_t1}{YucHs-5XRNO-JChWAzIIZg}{127.0.0.1}{127.0.0.1:9441}[mode=>network] committed version [22]])]
[2016-04-18 03:03:35,973][DEBUG][org.elasticsearch.cluster.service] [node_t2] processing [zen-disco-receive(from master [master {node_t1}{YucHs-5XRNO-JChWAzIIZg}{127.0.0.1}{127.0.0.1:9441}[mode=>network] committed version [22]])]: execute
[2016-04-18 03:03:35,973][TRACE][org.elasticsearch.cluster.service] [node_t2] cluster state updated, source [zen-disco-receive(from master [master {node_t1}{YucHs-5XRNO-JChWAzIIZg}{127.0.0.1}{127.0.0.1:9441}[mode=>network] committed version [22]])]
version: 22
state uuid: KTZHSno4SjWTE23odnWDdg
from_diff: false
meta data version: 19
nodes: 
   {node_t2}{zpsanQF7R4u6zEfa6p-Xfw}{127.0.0.1}{127.0.0.1:9440}[mode=>network], local
   {node_t1}{YucHs-5XRNO-JChWAzIIZg}{127.0.0.1}{127.0.0.1:9441}[mode=>network], master
routing_table (version 20):
-- index [test]
----shard_id [test][0]
--------[test][0], node[zpsanQF7R4u6zEfa6p-Xfw], [R], v[7], s[STARTED], a[id=cGvyFBLATQG9hqQ0GRBlNQ]
--------[test][0], node[YucHs-5XRNO-JChWAzIIZg], [P], v[7], s[STARTED], a[id=Z8oM2vxwSmiUDNdNNYmYpA]
----shard_id [test][1]
--------[test][1], node[zpsanQF7R4u6zEfa6p-Xfw], [R], v[7], s[STARTED], a[id=evs-fRQHRv29S6k9VZAekA]
--------[test][1], node[YucHs-5XRNO-JChWAzIIZg], [P], v[7], s[STARTED], a[id=skolItfmTI6mUEyBLn-4fA]
----shard_id [test][2]
--------[test][2], node[zpsanQF7R4u6zEfa6p-Xfw], [R], v[7], s[STARTED], a[id=NsxiCHYWQNeVBe-opbeqmQ]
--------[test][2], node[YucHs-5XRNO-JChWAzIIZg], [P], v[7], s[STARTED], a[id=RNqthUztR6-DqnLRLToD-Q]
----shard_id [test][3]
--------[test][3], node[zpsanQF7R4u6zEfa6p-Xfw], [R], v[7], s[STARTED], a[id=RCeVPJkYTOyssNw0UrxgyA]
--------[test][3], node[YucHs-5XRNO-JChWAzIIZg], [P], v[7], s[STARTED], a[id=_WxhJCFGSNa0eq_monQ5AA]
----shard_id [test][4]
--------[test][4], node[zpsanQF7R4u6zEfa6p-Xfw], [R], v[7], s[STARTED], a[id=TsI1Imo4Ty2WlRUqC22Mpg]
--------[test][4], node[YucHs-5XRNO-JChWAzIIZg], [P], v[7], s[STARTED], a[id=0erPpWShQUWr0fCKxTfoYQ]
----shard_id [test][5]
--------[test][5], node[zpsanQF7R4u6zEfa6p-Xfw], [R], v[7], s[STARTED], a[id=NTy2JcTNQC2QsC7h6umhCw]
--------[test][5], node[YucHs-5XRNO-JChWAzIIZg], [P], v[7], s[STARTED], a[id=4B5yVDeUTpe5-44KssB7xg]
----shard_id [test][6]
--------[test][6], node[zpsanQF7R4u6zEfa6p-Xfw], [R], v[7], s[INITIALIZING], a[id=Mkn2hWRiQaWSgftF-n7Q4w], unassigned_info[[reason=NODE_LEFT], at[2016-04-18T07:03:35.788Z], details[node_left[MSgO3f-9S-yat_4GxxKW6w]]]
--------[test][6], node[YucHs-5XRNO-JChWAzIIZg], [P], v[7], s[STARTED], a[id=lhxXACDDRmi5eofyvUh5ww]
----shard_id [test][7]
--------[test][7], node[zpsanQF7R4u6zEfa6p-Xfw], [R], v[6], s[INITIALIZING], a[id=AqPVWnSnQAmsLrDyaa5qsA], unassigned_info[[reason=NODE_LEFT], at[2016-04-18T07:03:35.788Z], details[node_left[MSgO3f-9S-yat_4GxxKW6w]]]
--------[test][7], node[YucHs-5XRNO-JChWAzIIZg], [P], v[6], s[STARTED], a[id=_q3o1C7eRoG3whwcdLSwbQ]
----shard_id [test][8]
--------[test][8], node[zpsanQF7R4u6zEfa6p-Xfw], [R], v[7], s[INITIALIZING], a[id=2CJSZtHURcm8QLRdukuHhw], unassigned_info[[reason=NODE_LEFT], at[2016-04-18T07:03:35.788Z], details[node_left[MSgO3f-9S-yat_4GxxKW6w]]]
--------[test][8], node[YucHs-5XRNO-JChWAzIIZg], [P], v[7], s[STARTED], a[id=uERXgJeHSeixZcO4CmIKeQ]

routing_nodes:
-----node_id[zpsanQF7R4u6zEfa6p-Xfw][V]
--------[test][7], node[zpsanQF7R4u6zEfa6p-Xfw], [R], v[6], s[INITIALIZING], a[id=AqPVWnSnQAmsLrDyaa5qsA], unassigned_info[[reason=NODE_LEFT], at[2016-04-18T07:03:35.788Z], details[node_left[MSgO3f-9S-yat_4GxxKW6w]]]
--------[test][5], node[zpsanQF7R4u6zEfa6p-Xfw], [R], v[7], s[STARTED], a[id=NTy2JcTNQC2QsC7h6umhCw]
--------[test][4], node[zpsanQF7R4u6zEfa6p-Xfw], [R], v[7], s[STARTED], a[id=TsI1Imo4Ty2WlRUqC22Mpg]
--------[test][2], node[zpsanQF7R4u6zEfa6p-Xfw], [R], v[7], s[STARTED], a[id=NsxiCHYWQNeVBe-opbeqmQ]
--------[test][6], node[zpsanQF7R4u6zEfa6p-Xfw], [R], v[7], s[INITIALIZING], a[id=Mkn2hWRiQaWSgftF-n7Q4w], unassigned_info[[reason=NODE_LEFT], at[2016-04-18T07:03:35.788Z], details[node_left[MSgO3f-9S-yat_4GxxKW6w]]]
--------[test][1], node[zpsanQF7R4u6zEfa6p-Xfw], [R], v[7], s[STARTED], a[id=evs-fRQHRv29S6k9VZAekA]
--------[test][8], node[zpsanQF7R4u6zEfa6p-Xfw], [R], v[7], s[INITIALIZING], a[id=2CJSZtHURcm8QLRdukuHhw], unassigned_info[[reason=NODE_LEFT], at[2016-04-18T07:03:35.788Z], details[node_left[MSgO3f-9S-yat_4GxxKW6w]]]
--------[test][3], node[zpsanQF7R4u6zEfa6p-Xfw], [R], v[7], s[STARTED], a[id=RCeVPJkYTOyssNw0UrxgyA]
--------[test][0], node[zpsanQF7R4u6zEfa6p-Xfw], [R], v[7], s[STARTED], a[id=cGvyFBLATQG9hqQ0GRBlNQ]
-----node_id[YucHs-5XRNO-JChWAzIIZg][V]
--------[test][7], node[YucHs-5XRNO-JChWAzIIZg], [P], v[6], s[STARTED], a[id=_q3o1C7eRoG3whwcdLSwbQ]
--------[test][5], node[YucHs-5XRNO-JChWAzIIZg], [P], v[7], s[STARTED], a[id=4B5yVDeUTpe5-44KssB7xg]
--------[test][4], node[YucHs-5XRNO-JChWAzIIZg], [P], v[7], s[STARTED], a[id=0erPpWShQUWr0fCKxTfoYQ]
--------[test][2], node[YucHs-5XRNO-JChWAzIIZg], [P], v[7], s[STARTED], a[id=RNqthUztR6-DqnLRLToD-Q]
--------[test][6], node[YucHs-5XRNO-JChWAzIIZg], [P], v[7], s[STARTED], a[id=lhxXACDDRmi5eofyvUh5ww]
--------[test][1], node[YucHs-5XRNO-JChWAzIIZg], [P], v[7], s[STARTED], a[id=skolItfmTI6mUEyBLn-4fA]
--------[test][8], node[YucHs-5XRNO-JChWAzIIZg], [P], v[7], s[STARTED], a[id=uERXgJeHSeixZcO4CmIKeQ]
--------[test][3], node[YucHs-5XRNO-JChWAzIIZg], [P], v[7], s[STARTED], a[id=_WxhJCFGSNa0eq_monQ5AA]
--------[test][0], node[YucHs-5XRNO-JChWAzIIZg], [P], v[7], s[STARTED], a[id=Z8oM2vxwSmiUDNdNNYmYpA]
---- unassigned

[2016-04-18 03:03:35,974][DEBUG][org.elasticsearch.cluster.service] [node_t2] set local cluster state to version 22
[2016-04-18 03:03:35,977][TRACE][org.elasticsearch.gateway] [node_t2] [test] writing state, reason [version changed from [17] to [18]]
[2016-04-18 03:03:35,979][DEBUG][org.elasticsearch.cluster.service] [node_t2] processing [zen-disco-receive(from master [master {node_t1}{YucHs-5XRNO-JChWAzIIZg}{127.0.0.1}{127.0.0.1:9441}[mode=>network] committed version [22]])]: took 5ms done applying updated cluster_state (version: 22, uuid: KTZHSno4SjWTE23odnWDdg)
[2016-04-18 03:03:35,979][DEBUG][org.elasticsearch.cluster.service] [node_t1] set local cluster state to version 22
[2016-04-18 03:03:35,993][TRACE][org.elasticsearch.gateway] [node_t1] [test] writing state, reason [version changed from [17] to [18]]
[2016-04-18 03:03:35,994][DEBUG][org.elasticsearch.cluster.service] [node_t1] processing [shard-started ([test][4], node[zpsanQF7R4u6zEfa6p-Xfw], [R], v[6], s[INITIALIZING], a[id=TsI1Imo4Ty2WlRUqC22Mpg], unassigned_info[[reason=NODE_LEFT], at[2016-04-18T07:03:35.788Z], details[node_left[MSgO3f-9S-yat_4GxxKW6w]]]), reason [after recovery (replica) from node [{node_t1}{YucHs-5XRNO-JChWAzIIZg}{127.0.0.1}{127.0.0.1:9441}[mode=>network]]]]: took 23ms done applying updated cluster_state (version: 22, uuid: KTZHSno4SjWTE23odnWDdg)
[2016-04-18 03:03:35,994][TRACE][org.elasticsearch.cluster.service] [node_t1] will process [shard-started ([test][6], node[zpsanQF7R4u6zEfa6p-Xfw], [R], v[7], s[INITIALIZING], a[id=Mkn2hWRiQaWSgftF-n7Q4w], unassigned_info[[reason=NODE_LEFT], at[2016-04-18T07:03:35.788Z], details[node_left[MSgO3f-9S-yat_4GxxKW6w]]]), reason [after recovery (replica) from node [{node_t1}{YucHs-5XRNO-JChWAzIIZg}{127.0.0.1}{127.0.0.1:9441}[mode=>network]]]]
[2016-04-18 03:03:35,995][DEBUG][org.elasticsearch.cluster.service] [node_t1] processing [shard-started ([test][6], node[zpsanQF7R4u6zEfa6p-Xfw], [R], v[7], s[INITIALIZING], a[id=Mkn2hWRiQaWSgftF-n7Q4w], unassigned_info[[reason=NODE_LEFT], at[2016-04-18T07:03:35.788Z], details[node_left[MSgO3f-9S-yat_4GxxKW6w]]]), reason [after recovery (replica) from node [{node_t1}{YucHs-5XRNO-JChWAzIIZg}{127.0.0.1}{127.0.0.1:9441}[mode=>network]]]]: execute
[2016-04-18 03:03:35,995][TRACE][org.elasticsearch.cluster.service] [node_t1] cluster state updated, source [shard-started ([test][6], node[zpsanQF7R4u6zEfa6p-Xfw], [R], v[7], s[INITIALIZING], a[id=Mkn2hWRiQaWSgftF-n7Q4w], unassigned_info[[reason=NODE_LEFT], at[2016-04-18T07:03:35.788Z], details[node_left[MSgO3f-9S-yat_4GxxKW6w]]]), reason [after recovery (replica) from node [{node_t1}{YucHs-5XRNO-JChWAzIIZg}{127.0.0.1}{127.0.0.1:9441}[mode=>network]]]]
version: 23
state uuid: oLR2qZHhTGq-A5G9CDBs0A
from_diff: false
meta data version: 20
nodes: 
   {node_t2}{zpsanQF7R4u6zEfa6p-Xfw}{127.0.0.1}{127.0.0.1:9440}[mode=>network]
   {node_t1}{YucHs-5XRNO-JChWAzIIZg}{127.0.0.1}{127.0.0.1:9441}[mode=>network], local, master
routing_table (version 21):
-- index [test]
----shard_id [test][0]
--------[test][0], node[zpsanQF7R4u6zEfa6p-Xfw], [R], v[7], s[STARTED], a[id=cGvyFBLATQG9hqQ0GRBlNQ]
--------[test][0], node[YucHs-5XRNO-JChWAzIIZg], [P], v[7], s[STARTED], a[id=Z8oM2vxwSmiUDNdNNYmYpA]
----shard_id [test][1]
--------[test][1], node[zpsanQF7R4u6zEfa6p-Xfw], [R], v[7], s[STARTED], a[id=evs-fRQHRv29S6k9VZAekA]
--------[test][1], node[YucHs-5XRNO-JChWAzIIZg], [P], v[7], s[STARTED], a[id=skolItfmTI6mUEyBLn-4fA]
----shard_id [test][2]
--------[test][2], node[zpsanQF7R4u6zEfa6p-Xfw], [R], v[7], s[STARTED], a[id=NsxiCHYWQNeVBe-opbeqmQ]
--------[test][2], node[YucHs-5XRNO-JChWAzIIZg], [P], v[7], s[STARTED], a[id=RNqthUztR6-DqnLRLToD-Q]
----shard_id [test][3]
--------[test][3], node[zpsanQF7R4u6zEfa6p-Xfw], [R], v[7], s[STARTED], a[id=RCeVPJkYTOyssNw0UrxgyA]
--------[test][3], node[YucHs-5XRNO-JChWAzIIZg], [P], v[7], s[STARTED], a[id=_WxhJCFGSNa0eq_monQ5AA]
----shard_id [test][4]
--------[test][4], node[zpsanQF7R4u6zEfa6p-Xfw], [R], v[7], s[STARTED], a[id=TsI1Imo4Ty2WlRUqC22Mpg]
--------[test][4], node[YucHs-5XRNO-JChWAzIIZg], [P], v[7], s[STARTED], a[id=0erPpWShQUWr0fCKxTfoYQ]
----shard_id [test][5]
--------[test][5], node[zpsanQF7R4u6zEfa6p-Xfw], [R], v[7], s[STARTED], a[id=NTy2JcTNQC2QsC7h6umhCw]
--------[test][5], node[YucHs-5XRNO-JChWAzIIZg], [P], v[7], s[STARTED], a[id=4B5yVDeUTpe5-44KssB7xg]
----shard_id [test][6]
--------[test][6], node[zpsanQF7R4u6zEfa6p-Xfw], [R], v[8], s[STARTED], a[id=Mkn2hWRiQaWSgftF-n7Q4w]
--------[test][6], node[YucHs-5XRNO-JChWAzIIZg], [P], v[8], s[STARTED], a[id=lhxXACDDRmi5eofyvUh5ww]
----shard_id [test][7]
--------[test][7], node[zpsanQF7R4u6zEfa6p-Xfw], [R], v[6], s[INITIALIZING], a[id=AqPVWnSnQAmsLrDyaa5qsA], unassigned_info[[reason=NODE_LEFT], at[2016-04-18T07:03:35.788Z], details[node_left[MSgO3f-9S-yat_4GxxKW6w]]]
--------[test][7], node[YucHs-5XRNO-JChWAzIIZg], [P], v[6], s[STARTED], a[id=_q3o1C7eRoG3whwcdLSwbQ]
----shard_id [test][8]
--------[test][8], node[zpsanQF7R4u6zEfa6p-Xfw], [R], v[7], s[INITIALIZING], a[id=2CJSZtHURcm8QLRdukuHhw], unassigned_info[[reason=NODE_LEFT], at[2016-04-18T07:03:35.788Z], details[node_left[MSgO3f-9S-yat_4GxxKW6w]]]
--------[test][8], node[YucHs-5XRNO-JChWAzIIZg], [P], v[7], s[STARTED], a[id=uERXgJeHSeixZcO4CmIKeQ]

routing_nodes:
-----node_id[zpsanQF7R4u6zEfa6p-Xfw][V]
--------[test][6], node[zpsanQF7R4u6zEfa6p-Xfw], [R], v[8], s[STARTED], a[id=Mkn2hWRiQaWSgftF-n7Q4w]
--------[test][5], node[zpsanQF7R4u6zEfa6p-Xfw], [R], v[7], s[STARTED], a[id=NTy2JcTNQC2QsC7h6umhCw]
--------[test][4], node[zpsanQF7R4u6zEfa6p-Xfw], [R], v[7], s[STARTED], a[id=TsI1Imo4Ty2WlRUqC22Mpg]
--------[test][3], node[zpsanQF7R4u6zEfa6p-Xfw], [R], v[7], s[STARTED], a[id=RCeVPJkYTOyssNw0UrxgyA]
--------[test][2], node[zpsanQF7R4u6zEfa6p-Xfw], [R], v[7], s[STARTED], a[id=NsxiCHYWQNeVBe-opbeqmQ]
--------[test][1], node[zpsanQF7R4u6zEfa6p-Xfw], [R], v[7], s[STARTED], a[id=evs-fRQHRv29S6k9VZAekA]
--------[test][8], node[zpsanQF7R4u6zEfa6p-Xfw], [R], v[7], s[INITIALIZING], a[id=2CJSZtHURcm8QLRdukuHhw], unassigned_info[[reason=NODE_LEFT], at[2016-04-18T07:03:35.788Z], details[node_left[MSgO3f-9S-yat_4GxxKW6w]]]
--------[test][7], node[zpsanQF7R4u6zEfa6p-Xfw], [R], v[6], s[INITIALIZING], a[id=AqPVWnSnQAmsLrDyaa5qsA], unassigned_info[[reason=NODE_LEFT], at[2016-04-18T07:03:35.788Z], details[node_left[MSgO3f-9S-yat_4GxxKW6w]]]
--------[test][0], node[zpsanQF7R4u6zEfa6p-Xfw], [R], v[7], s[STARTED], a[id=cGvyFBLATQG9hqQ0GRBlNQ]
-----node_id[YucHs-5XRNO-JChWAzIIZg][V]
--------[test][6], node[YucHs-5XRNO-JChWAzIIZg], [P], v[8], s[STARTED], a[id=lhxXACDDRmi5eofyvUh5ww]
--------[test][5], node[YucHs-5XRNO-JChWAzIIZg], [P], v[7], s[STARTED], a[id=4B5yVDeUTpe5-44KssB7xg]
--------[test][4], node[YucHs-5XRNO-JChWAzIIZg], [P], v[7], s[STARTED], a[id=0erPpWShQUWr0fCKxTfoYQ]
--------[test][3], node[YucHs-5XRNO-JChWAzIIZg], [P], v[7], s[STARTED], a[id=_WxhJCFGSNa0eq_monQ5AA]
--------[test][2], node[YucHs-5XRNO-JChWAzIIZg], [P], v[7], s[STARTED], a[id=RNqthUztR6-DqnLRLToD-Q]
--------[test][1], node[YucHs-5XRNO-JChWAzIIZg], [P], v[7], s[STARTED], a[id=skolItfmTI6mUEyBLn-4fA]
--------[test][8], node[YucHs-5XRNO-JChWAzIIZg], [P], v[7], s[STARTED], a[id=uERXgJeHSeixZcO4CmIKeQ]
--------[test][7], node[YucHs-5XRNO-JChWAzIIZg], [P], v[6], s[STARTED], a[id=_q3o1C7eRoG3whwcdLSwbQ]
--------[test][0], node[YucHs-5XRNO-JChWAzIIZg], [P], v[7], s[STARTED], a[id=Z8oM2vxwSmiUDNdNNYmYpA]
---- unassigned

[2016-04-18 03:03:35,995][DEBUG][org.elasticsearch.cluster.service] [node_t1] publishing cluster state version [23]
[2016-04-18 03:03:35,996][DEBUG][org.elasticsearch.discovery.zen.publish] [node_t2] received diff cluster state version [23] with uuid [oLR2qZHhTGq-A5G9CDBs0A], diff size [820]
[2016-04-18 03:03:35,996][TRACE][org.elasticsearch.discovery.zen.publish] [node_t1] master node {node_t2}{zpsanQF7R4u6zEfa6p-Xfw}{127.0.0.1}{127.0.0.1:9440}[mode=>network] acked cluster state version [23]. processing ... (current pending [1], needed [1])
[2016-04-18 03:03:35,996][TRACE][org.elasticsearch.discovery.zen.publish] [node_t1] committing version [23]
[2016-04-18 03:03:35,996][TRACE][org.elasticsearch.discovery.zen.publish] [node_t1] sending commit for cluster state (uuid: [oLR2qZHhTGq-A5G9CDBs0A], version [23]) to [{node_t2}{zpsanQF7R4u6zEfa6p-Xfw}{127.0.0.1}{127.0.0.1:9440}[mode=>network]]
[2016-04-18 03:03:35,996][TRACE][org.elasticsearch.cluster.service] [node_t2] will process [zen-disco-receive(from master [master {node_t1}{YucHs-5XRNO-JChWAzIIZg}{127.0.0.1}{127.0.0.1:9441}[mode=>network] committed version [23]])]
[2016-04-18 03:03:35,996][DEBUG][org.elasticsearch.cluster.service] [node_t2] processing [zen-disco-receive(from master [master {node_t1}{YucHs-5XRNO-JChWAzIIZg}{127.0.0.1}{127.0.0.1:9441}[mode=>network] committed version [23]])]: execute
[2016-04-18 03:03:35,997][TRACE][org.elasticsearch.cluster.service] [node_t2] cluster state updated, source [zen-disco-receive(from master [master {node_t1}{YucHs-5XRNO-JChWAzIIZg}{127.0.0.1}{127.0.0.1:9441}[mode=>network] committed version [23]])]
version: 23
state uuid: oLR2qZHhTGq-A5G9CDBs0A
from_diff: false
meta data version: 20
nodes: 
   {node_t2}{zpsanQF7R4u6zEfa6p-Xfw}{127.0.0.1}{127.0.0.1:9440}[mode=>network], local
   {node_t1}{YucHs-5XRNO-JChWAzIIZg}{127.0.0.1}{127.0.0.1:9441}[mode=>network], master
routing_table (version 21):
-- index [test]
----shard_id [test][0]
--------[test][0], node[zpsanQF7R4u6zEfa6p-Xfw], [R], v[7], s[STARTED], a[id=cGvyFBLATQG9hqQ0GRBlNQ]
--------[test][0], node[YucHs-5XRNO-JChWAzIIZg], [P], v[7], s[STARTED], a[id=Z8oM2vxwSmiUDNdNNYmYpA]
----shard_id [test][1]
--------[test][1], node[zpsanQF7R4u6zEfa6p-Xfw], [R], v[7], s[STARTED], a[id=evs-fRQHRv29S6k9VZAekA]
--------[test][1], node[YucHs-5XRNO-JChWAzIIZg], [P], v[7], s[STARTED], a[id=skolItfmTI6mUEyBLn-4fA]
----shard_id [test][2]
--------[test][2], node[zpsanQF7R4u6zEfa6p-Xfw], [R], v[7], s[STARTED], a[id=NsxiCHYWQNeVBe-opbeqmQ]
--------[test][2], node[YucHs-5XRNO-JChWAzIIZg], [P], v[7], s[STARTED], a[id=RNqthUztR6-DqnLRLToD-Q]
----shard_id [test][3]
--------[test][3], node[zpsanQF7R4u6zEfa6p-Xfw], [R], v[7], s[STARTED], a[id=RCeVPJkYTOyssNw0UrxgyA]
--------[test][3], node[YucHs-5XRNO-JChWAzIIZg], [P], v[7], s[STARTED], a[id=_WxhJCFGSNa0eq_monQ5AA]
----shard_id [test][4]
--------[test][4], node[zpsanQF7R4u6zEfa6p-Xfw], [R], v[7], s[STARTED], a[id=TsI1Imo4Ty2WlRUqC22Mpg]
--------[test][4], node[YucHs-5XRNO-JChWAzIIZg], [P], v[7], s[STARTED], a[id=0erPpWShQUWr0fCKxTfoYQ]
----shard_id [test][5]
--------[test][5], node[zpsanQF7R4u6zEfa6p-Xfw], [R], v[7], s[STARTED], a[id=NTy2JcTNQC2QsC7h6umhCw]
--------[test][5], node[YucHs-5XRNO-JChWAzIIZg], [P], v[7], s[STARTED], a[id=4B5yVDeUTpe5-44KssB7xg]
----shard_id [test][6]
--------[test][6], node[zpsanQF7R4u6zEfa6p-Xfw], [R], v[8], s[STARTED], a[id=Mkn2hWRiQaWSgftF-n7Q4w]
--------[test][6], node[YucHs-5XRNO-JChWAzIIZg], [P], v[8], s[STARTED], a[id=lhxXACDDRmi5eofyvUh5ww]
----shard_id [test][7]
--------[test][7], node[zpsanQF7R4u6zEfa6p-Xfw], [R], v[6], s[INITIALIZING], a[id=AqPVWnSnQAmsLrDyaa5qsA], unassigned_info[[reason=NODE_LEFT], at[2016-04-18T07:03:35.788Z], details[node_left[MSgO3f-9S-yat_4GxxKW6w]]]
--------[test][7], node[YucHs-5XRNO-JChWAzIIZg], [P], v[6], s[STARTED], a[id=_q3o1C7eRoG3whwcdLSwbQ]
----shard_id [test][8]
--------[test][8], node[zpsanQF7R4u6zEfa6p-Xfw], [R], v[7], s[INITIALIZING], a[id=2CJSZtHURcm8QLRdukuHhw], unassigned_info[[reason=NODE_LEFT], at[2016-04-18T07:03:35.788Z], details[node_left[MSgO3f-9S-yat_4GxxKW6w]]]
--------[test][8], node[YucHs-5XRNO-JChWAzIIZg], [P], v[7], s[STARTED], a[id=uERXgJeHSeixZcO4CmIKeQ]

routing_nodes:
-----node_id[zpsanQF7R4u6zEfa6p-Xfw][V]
--------[test][5], node[zpsanQF7R4u6zEfa6p-Xfw], [R], v[7], s[STARTED], a[id=NTy2JcTNQC2QsC7h6umhCw]
--------[test][4], node[zpsanQF7R4u6zEfa6p-Xfw], [R], v[7], s[STARTED], a[id=TsI1Imo4Ty2WlRUqC22Mpg]
--------[test][7], node[zpsanQF7R4u6zEfa6p-Xfw], [R], v[6], s[INITIALIZING], a[id=AqPVWnSnQAmsLrDyaa5qsA], unassigned_info[[reason=NODE_LEFT], at[2016-04-18T07:03:35.788Z], details[node_left[MSgO3f-9S-yat_4GxxKW6w]]]
--------[test][8], node[zpsanQF7R4u6zEfa6p-Xfw], [R], v[7], s[INITIALIZING], a[id=2CJSZtHURcm8QLRdukuHhw], unassigned_info[[reason=NODE_LEFT], at[2016-04-18T07:03:35.788Z], details[node_left[MSgO3f-9S-yat_4GxxKW6w]]]
--------[test][3], node[zpsanQF7R4u6zEfa6p-Xfw], [R], v[7], s[STARTED], a[id=RCeVPJkYTOyssNw0UrxgyA]
--------[test][2], node[zpsanQF7R4u6zEfa6p-Xfw], [R], v[7], s[STARTED], a[id=NsxiCHYWQNeVBe-opbeqmQ]
--------[test][1], node[zpsanQF7R4u6zEfa6p-Xfw], [R], v[7], s[STARTED], a[id=evs-fRQHRv29S6k9VZAekA]
--------[test][6], node[zpsanQF7R4u6zEfa6p-Xfw], [R], v[8], s[STARTED], a[id=Mkn2hWRiQaWSgftF-n7Q4w]
--------[test][0], node[zpsanQF7R4u6zEfa6p-Xfw], [R], v[7], s[STARTED], a[id=cGvyFBLATQG9hqQ0GRBlNQ]
-----node_id[YucHs-5XRNO-JChWAzIIZg][V]
--------[test][5], node[YucHs-5XRNO-JChWAzIIZg], [P], v[7], s[STARTED], a[id=4B5yVDeUTpe5-44KssB7xg]
--------[test][4], node[YucHs-5XRNO-JChWAzIIZg], [P], v[7], s[STARTED], a[id=0erPpWShQUWr0fCKxTfoYQ]
--------[test][7], node[YucHs-5XRNO-JChWAzIIZg], [P], v[6], s[STARTED], a[id=_q3o1C7eRoG3whwcdLSwbQ]
--------[test][8], node[YucHs-5XRNO-JChWAzIIZg], [P], v[7], s[STARTED], a[id=uERXgJeHSeixZcO4CmIKeQ]
--------[test][3], node[YucHs-5XRNO-JChWAzIIZg], [P], v[7], s[STARTED], a[id=_WxhJCFGSNa0eq_monQ5AA]
--------[test][2], node[YucHs-5XRNO-JChWAzIIZg], [P], v[7], s[STARTED], a[id=RNqthUztR6-DqnLRLToD-Q]
--------[test][1], node[YucHs-5XRNO-JChWAzIIZg], [P], v[7], s[STARTED], a[id=skolItfmTI6mUEyBLn-4fA]
--------[test][6], node[YucHs-5XRNO-JChWAzIIZg], [P], v[8], s[STARTED], a[id=lhxXACDDRmi5eofyvUh5ww]
--------[test][0], node[YucHs-5XRNO-JChWAzIIZg], [P], v[7], s[STARTED], a[id=Z8oM2vxwSmiUDNdNNYmYpA]
---- unassigned

[2016-04-18 03:03:35,997][DEBUG][org.elasticsearch.cluster.service] [node_t2] set local cluster state to version 23
[2016-04-18 03:03:35,999][TRACE][org.elasticsearch.gateway] [node_t2] [test] writing state, reason [version changed from [18] to [19]]
[2016-04-18 03:03:36,000][DEBUG][org.elasticsearch.cluster.service] [node_t2] processing [zen-disco-receive(from master [master {node_t1}{YucHs-5XRNO-JChWAzIIZg}{127.0.0.1}{127.0.0.1:9441}[mode=>network] committed version [23]])]: took 3ms done applying updated cluster_state (version: 23, uuid: oLR2qZHhTGq-A5G9CDBs0A)
[2016-04-18 03:03:36,000][DEBUG][org.elasticsearch.cluster.service] [node_t1] set local cluster state to version 23
[2016-04-18 03:03:36,002][TRACE][org.elasticsearch.gateway] [node_t1] [test] writing state, reason [version changed from [18] to [19]]
[2016-04-18 03:03:36,004][DEBUG][org.elasticsearch.cluster.service] [node_t1] processing [shard-started ([test][6], node[zpsanQF7R4u6zEfa6p-Xfw], [R], v[7], s[INITIALIZING], a[id=Mkn2hWRiQaWSgftF-n7Q4w], unassigned_info[[reason=NODE_LEFT], at[2016-04-18T07:03:35.788Z], details[node_left[MSgO3f-9S-yat_4GxxKW6w]]]), reason [after recovery (replica) from node [{node_t1}{YucHs-5XRNO-JChWAzIIZg}{127.0.0.1}{127.0.0.1:9441}[mode=>network]]]]: took 9ms done applying updated cluster_state (version: 23, uuid: oLR2qZHhTGq-A5G9CDBs0A)
[2016-04-18 03:03:36,018][TRACE][org.elasticsearch.cluster.service] [node_t1] will process [shard-started ([test][7], node[zpsanQF7R4u6zEfa6p-Xfw], [R], v[6], s[INITIALIZING], a[id=AqPVWnSnQAmsLrDyaa5qsA], unassigned_info[[reason=NODE_LEFT], at[2016-04-18T07:03:35.788Z], details[node_left[MSgO3f-9S-yat_4GxxKW6w]]]), reason [after recovery (replica) from node [{node_t1}{YucHs-5XRNO-JChWAzIIZg}{127.0.0.1}{127.0.0.1:9441}[mode=>network]]]]
[2016-04-18 03:03:36,018][DEBUG][org.elasticsearch.cluster.service] [node_t1] processing [shard-started ([test][7], node[zpsanQF7R4u6zEfa6p-Xfw], [R], v[6], s[INITIALIZING], a[id=AqPVWnSnQAmsLrDyaa5qsA], unassigned_info[[reason=NODE_LEFT], at[2016-04-18T07:03:35.788Z], details[node_left[MSgO3f-9S-yat_4GxxKW6w]]]), reason [after recovery (replica) from node [{node_t1}{YucHs-5XRNO-JChWAzIIZg}{127.0.0.1}{127.0.0.1:9441}[mode=>network]]]]: execute
[2016-04-18 03:03:36,019][TRACE][org.elasticsearch.cluster.service] [node_t1] cluster state updated, source [shard-started ([test][7], node[zpsanQF7R4u6zEfa6p-Xfw], [R], v[6], s[INITIALIZING], a[id=AqPVWnSnQAmsLrDyaa5qsA], unassigned_info[[reason=NODE_LEFT], at[2016-04-18T07:03:35.788Z], details[node_left[MSgO3f-9S-yat_4GxxKW6w]]]), reason [after recovery (replica) from node [{node_t1}{YucHs-5XRNO-JChWAzIIZg}{127.0.0.1}{127.0.0.1:9441}[mode=>network]]]]
version: 24
state uuid: dFmfPYJLSzif5QOUCLMtqg
from_diff: false
meta data version: 21
nodes: 
   {node_t2}{zpsanQF7R4u6zEfa6p-Xfw}{127.0.0.1}{127.0.0.1:9440}[mode=>network]
   {node_t1}{YucHs-5XRNO-JChWAzIIZg}{127.0.0.1}{127.0.0.1:9441}[mode=>network], local, master
routing_table (version 22):
-- index [test]
----shard_id [test][0]
--------[test][0], node[zpsanQF7R4u6zEfa6p-Xfw], [R], v[7], s[STARTED], a[id=cGvyFBLATQG9hqQ0GRBlNQ]
--------[test][0], node[YucHs-5XRNO-JChWAzIIZg], [P], v[7], s[STARTED], a[id=Z8oM2vxwSmiUDNdNNYmYpA]
----shard_id [test][1]
--------[test][1], node[zpsanQF7R4u6zEfa6p-Xfw], [R], v[7], s[STARTED], a[id=evs-fRQHRv29S6k9VZAekA]
--------[test][1], node[YucHs-5XRNO-JChWAzIIZg], [P], v[7], s[STARTED], a[id=skolItfmTI6mUEyBLn-4fA]
----shard_id [test][2]
--------[test][2], node[zpsanQF7R4u6zEfa6p-Xfw], [R], v[7], s[STARTED], a[id=NsxiCHYWQNeVBe-opbeqmQ]
--------[test][2], node[YucHs-5XRNO-JChWAzIIZg], [P], v[7], s[STARTED], a[id=RNqthUztR6-DqnLRLToD-Q]
----shard_id [test][3]
--------[test][3], node[zpsanQF7R4u6zEfa6p-Xfw], [R], v[7], s[STARTED], a[id=RCeVPJkYTOyssNw0UrxgyA]
--------[test][3], node[YucHs-5XRNO-JChWAzIIZg], [P], v[7], s[STARTED], a[id=_WxhJCFGSNa0eq_monQ5AA]
----shard_id [test][4]
--------[test][4], node[zpsanQF7R4u6zEfa6p-Xfw], [R], v[7], s[STARTED], a[id=TsI1Imo4Ty2WlRUqC22Mpg]
--------[test][4], node[YucHs-5XRNO-JChWAzIIZg], [P], v[7], s[STARTED], a[id=0erPpWShQUWr0fCKxTfoYQ]
----shard_id [test][5]
--------[test][5], node[zpsanQF7R4u6zEfa6p-Xfw], [R], v[7], s[STARTED], a[id=NTy2JcTNQC2QsC7h6umhCw]
--------[test][5], node[YucHs-5XRNO-JChWAzIIZg], [P], v[7], s[STARTED], a[id=4B5yVDeUTpe5-44KssB7xg]
----shard_id [test][6]
--------[test][6], node[zpsanQF7R4u6zEfa6p-Xfw], [R], v[8], s[STARTED], a[id=Mkn2hWRiQaWSgftF-n7Q4w]
--------[test][6], node[YucHs-5XRNO-JChWAzIIZg], [P], v[8], s[STARTED], a[id=lhxXACDDRmi5eofyvUh5ww]
----shard_id [test][7]
--------[test][7], node[zpsanQF7R4u6zEfa6p-Xfw], [R], v[7], s[STARTED], a[id=AqPVWnSnQAmsLrDyaa5qsA]
--------[test][7], node[YucHs-5XRNO-JChWAzIIZg], [P], v[7], s[STARTED], a[id=_q3o1C7eRoG3whwcdLSwbQ]
----shard_id [test][8]
--------[test][8], node[zpsanQF7R4u6zEfa6p-Xfw], [R], v[7], s[INITIALIZING], a[id=2CJSZtHURcm8QLRdukuHhw], unassigned_info[[reason=NODE_LEFT], at[2016-04-18T07:03:35.788Z], details[node_left[MSgO3f-9S-yat_4GxxKW6w]]]
--------[test][8], node[YucHs-5XRNO-JChWAzIIZg], [P], v[7], s[STARTED], a[id=uERXgJeHSeixZcO4CmIKeQ]

routing_nodes:
-----node_id[zpsanQF7R4u6zEfa6p-Xfw][V]
--------[test][1], node[zpsanQF7R4u6zEfa6p-Xfw], [R], v[7], s[STARTED], a[id=evs-fRQHRv29S6k9VZAekA]
--------[test][6], node[zpsanQF7R4u6zEfa6p-Xfw], [R], v[8], s[STARTED], a[id=Mkn2hWRiQaWSgftF-n7Q4w]
--------[test][3], node[zpsanQF7R4u6zEfa6p-Xfw], [R], v[7], s[STARTED], a[id=RCeVPJkYTOyssNw0UrxgyA]
--------[test][5], node[zpsanQF7R4u6zEfa6p-Xfw], [R], v[7], s[STARTED], a[id=NTy2JcTNQC2QsC7h6umhCw]
--------[test][2], node[zpsanQF7R4u6zEfa6p-Xfw], [R], v[7], s[STARTED], a[id=NsxiCHYWQNeVBe-opbeqmQ]
--------[test][7], node[zpsanQF7R4u6zEfa6p-Xfw], [R], v[7], s[STARTED], a[id=AqPVWnSnQAmsLrDyaa5qsA]
--------[test][8], node[zpsanQF7R4u6zEfa6p-Xfw], [R], v[7], s[INITIALIZING], a[id=2CJSZtHURcm8QLRdukuHhw], unassigned_info[[reason=NODE_LEFT], at[2016-04-18T07:03:35.788Z], details[node_left[MSgO3f-9S-yat_4GxxKW6w]]]
--------[test][4], node[zpsanQF7R4u6zEfa6p-Xfw], [R], v[7], s[STARTED], a[id=TsI1Imo4Ty2WlRUqC22Mpg]
--------[test][0], node[zpsanQF7R4u6zEfa6p-Xfw], [R], v[7], s[STARTED], a[id=cGvyFBLATQG9hqQ0GRBlNQ]
-----node_id[YucHs-5XRNO-JChWAzIIZg][V]
--------[test][1], node[YucHs-5XRNO-JChWAzIIZg], [P], v[7], s[STARTED], a[id=skolItfmTI6mUEyBLn-4fA]
--------[test][6], node[YucHs-5XRNO-JChWAzIIZg], [P], v[8], s[STARTED], a[id=lhxXACDDRmi5eofyvUh5ww]
--------[test][3], node[YucHs-5XRNO-JChWAzIIZg], [P], v[7], s[STARTED], a[id=_WxhJCFGSNa0eq_monQ5AA]
--------[test][5], node[YucHs-5XRNO-JChWAzIIZg], [P], v[7], s[STARTED], a[id=4B5yVDeUTpe5-44KssB7xg]
--------[test][2], node[YucHs-5XRNO-JChWAzIIZg], [P], v[7], s[STARTED], a[id=RNqthUztR6-DqnLRLToD-Q]
--------[test][7], node[YucHs-5XRNO-JChWAzIIZg], [P], v[7], s[STARTED], a[id=_q3o1C7eRoG3whwcdLSwbQ]
--------[test][8], node[YucHs-5XRNO-JChWAzIIZg], [P], v[7], s[STARTED], a[id=uERXgJeHSeixZcO4CmIKeQ]
--------[test][4], node[YucHs-5XRNO-JChWAzIIZg], [P], v[7], s[STARTED], a[id=0erPpWShQUWr0fCKxTfoYQ]
--------[test][0], node[YucHs-5XRNO-JChWAzIIZg], [P], v[7], s[STARTED], a[id=Z8oM2vxwSmiUDNdNNYmYpA]
---- unassigned

[2016-04-18 03:03:36,020][DEBUG][org.elasticsearch.cluster.service] [node_t1] publishing cluster state version [24]
[2016-04-18 03:03:36,021][DEBUG][org.elasticsearch.discovery.zen.publish] [node_t2] received diff cluster state version [24] with uuid [dFmfPYJLSzif5QOUCLMtqg], diff size [808]
[2016-04-18 03:03:36,021][TRACE][org.elasticsearch.discovery.zen.publish] [node_t1] master node {node_t2}{zpsanQF7R4u6zEfa6p-Xfw}{127.0.0.1}{127.0.0.1:9440}[mode=>network] acked cluster state version [24]. processing ... (current pending [1], needed [1])
[2016-04-18 03:03:36,021][TRACE][org.elasticsearch.discovery.zen.publish] [node_t1] committing version [24]
[2016-04-18 03:03:36,021][TRACE][org.elasticsearch.discovery.zen.publish] [node_t1] sending commit for cluster state (uuid: [dFmfPYJLSzif5QOUCLMtqg], version [24]) to [{node_t2}{zpsanQF7R4u6zEfa6p-Xfw}{127.0.0.1}{127.0.0.1:9440}[mode=>network]]
[2016-04-18 03:03:36,021][TRACE][org.elasticsearch.cluster.service] [node_t2] will process [zen-disco-receive(from master [master {node_t1}{YucHs-5XRNO-JChWAzIIZg}{127.0.0.1}{127.0.0.1:9441}[mode=>network] committed version [24]])]
[2016-04-18 03:03:36,021][DEBUG][org.elasticsearch.cluster.service] [node_t2] processing [zen-disco-receive(from master [master {node_t1}{YucHs-5XRNO-JChWAzIIZg}{127.0.0.1}{127.0.0.1:9441}[mode=>network] committed version [24]])]: execute
[2016-04-18 03:03:36,022][TRACE][org.elasticsearch.cluster.service] [node_t2] cluster state updated, source [zen-disco-receive(from master [master {node_t1}{YucHs-5XRNO-JChWAzIIZg}{127.0.0.1}{127.0.0.1:9441}[mode=>network] committed version [24]])]
version: 24
state uuid: dFmfPYJLSzif5QOUCLMtqg
from_diff: false
meta data version: 21
nodes: 
   {node_t2}{zpsanQF7R4u6zEfa6p-Xfw}{127.0.0.1}{127.0.0.1:9440}[mode=>network], local
   {node_t1}{YucHs-5XRNO-JChWAzIIZg}{127.0.0.1}{127.0.0.1:9441}[mode=>network], master
routing_table (version 22):
-- index [test]
----shard_id [test][0]
--------[test][0], node[zpsanQF7R4u6zEfa6p-Xfw], [R], v[7], s[STARTED], a[id=cGvyFBLATQG9hqQ0GRBlNQ]
--------[test][0], node[YucHs-5XRNO-JChWAzIIZg], [P], v[7], s[STARTED], a[id=Z8oM2vxwSmiUDNdNNYmYpA]
----shard_id [test][1]
--------[test][1], node[zpsanQF7R4u6zEfa6p-Xfw], [R], v[7], s[STARTED], a[id=evs-fRQHRv29S6k9VZAekA]
--------[test][1], node[YucHs-5XRNO-JChWAzIIZg], [P], v[7], s[STARTED], a[id=skolItfmTI6mUEyBLn-4fA]
----shard_id [test][2]
--------[test][2], node[zpsanQF7R4u6zEfa6p-Xfw], [R], v[7], s[STARTED], a[id=NsxiCHYWQNeVBe-opbeqmQ]
--------[test][2], node[YucHs-5XRNO-JChWAzIIZg], [P], v[7], s[STARTED], a[id=RNqthUztR6-DqnLRLToD-Q]
----shard_id [test][3]
--------[test][3], node[zpsanQF7R4u6zEfa6p-Xfw], [R], v[7], s[STARTED], a[id=RCeVPJkYTOyssNw0UrxgyA]
--------[test][3], node[YucHs-5XRNO-JChWAzIIZg], [P], v[7], s[STARTED], a[id=_WxhJCFGSNa0eq_monQ5AA]
----shard_id [test][4]
--------[test][4], node[zpsanQF7R4u6zEfa6p-Xfw], [R], v[7], s[STARTED], a[id=TsI1Imo4Ty2WlRUqC22Mpg]
--------[test][4], node[YucHs-5XRNO-JChWAzIIZg], [P], v[7], s[STARTED], a[id=0erPpWShQUWr0fCKxTfoYQ]
----shard_id [test][5]
--------[test][5], node[zpsanQF7R4u6zEfa6p-Xfw], [R], v[7], s[STARTED], a[id=NTy2JcTNQC2QsC7h6umhCw]
--------[test][5], node[YucHs-5XRNO-JChWAzIIZg], [P], v[7], s[STARTED], a[id=4B5yVDeUTpe5-44KssB7xg]
----shard_id [test][6]
--------[test][6], node[zpsanQF7R4u6zEfa6p-Xfw], [R], v[8], s[STARTED], a[id=Mkn2hWRiQaWSgftF-n7Q4w]
--------[test][6], node[YucHs-5XRNO-JChWAzIIZg], [P], v[8], s[STARTED], a[id=lhxXACDDRmi5eofyvUh5ww]
----shard_id [test][7]
--------[test][7], node[zpsanQF7R4u6zEfa6p-Xfw], [R], v[7], s[STARTED], a[id=AqPVWnSnQAmsLrDyaa5qsA]
--------[test][7], node[YucHs-5XRNO-JChWAzIIZg], [P], v[7], s[STARTED], a[id=_q3o1C7eRoG3whwcdLSwbQ]
----shard_id [test][8]
--------[test][8], node[zpsanQF7R4u6zEfa6p-Xfw], [R], v[7], s[INITIALIZING], a[id=2CJSZtHURcm8QLRdukuHhw], unassigned_info[[reason=NODE_LEFT], at[2016-04-18T07:03:35.788Z], details[node_left[MSgO3f-9S-yat_4GxxKW6w]]]
--------[test][8], node[YucHs-5XRNO-JChWAzIIZg], [P], v[7], s[STARTED], a[id=uERXgJeHSeixZcO4CmIKeQ]

routing_nodes:
-----node_id[zpsanQF7R4u6zEfa6p-Xfw][V]
--------[test][3], node[zpsanQF7R4u6zEfa6p-Xfw], [R], v[7], s[STARTED], a[id=RCeVPJkYTOyssNw0UrxgyA]
--------[test][4], node[zpsanQF7R4u6zEfa6p-Xfw], [R], v[7], s[STARTED], a[id=TsI1Imo4Ty2WlRUqC22Mpg]
--------[test][7], node[zpsanQF7R4u6zEfa6p-Xfw], [R], v[7], s[STARTED], a[id=AqPVWnSnQAmsLrDyaa5qsA]
--------[test][6], node[zpsanQF7R4u6zEfa6p-Xfw], [R], v[8], s[STARTED], a[id=Mkn2hWRiQaWSgftF-n7Q4w]
--------[test][5], node[zpsanQF7R4u6zEfa6p-Xfw], [R], v[7], s[STARTED], a[id=NTy2JcTNQC2QsC7h6umhCw]
--------[test][1], node[zpsanQF7R4u6zEfa6p-Xfw], [R], v[7], s[STARTED], a[id=evs-fRQHRv29S6k9VZAekA]
--------[test][8], node[zpsanQF7R4u6zEfa6p-Xfw], [R], v[7], s[INITIALIZING], a[id=2CJSZtHURcm8QLRdukuHhw], unassigned_info[[reason=NODE_LEFT], at[2016-04-18T07:03:35.788Z], details[node_left[MSgO3f-9S-yat_4GxxKW6w]]]
--------[test][2], node[zpsanQF7R4u6zEfa6p-Xfw], [R], v[7], s[STARTED], a[id=NsxiCHYWQNeVBe-opbeqmQ]
--------[test][0], node[zpsanQF7R4u6zEfa6p-Xfw], [R], v[7], s[STARTED], a[id=cGvyFBLATQG9hqQ0GRBlNQ]
-----node_id[YucHs-5XRNO-JChWAzIIZg][V]
--------[test][3], node[YucHs-5XRNO-JChWAzIIZg], [P], v[7], s[STARTED], a[id=_WxhJCFGSNa0eq_monQ5AA]
--------[test][4], node[YucHs-5XRNO-JChWAzIIZg], [P], v[7], s[STARTED], a[id=0erPpWShQUWr0fCKxTfoYQ]
--------[test][7], node[YucHs-5XRNO-JChWAzIIZg], [P], v[7], s[STARTED], a[id=_q3o1C7eRoG3whwcdLSwbQ]
--------[test][6], node[YucHs-5XRNO-JChWAzIIZg], [P], v[8], s[STARTED], a[id=lhxXACDDRmi5eofyvUh5ww]
--------[test][5], node[YucHs-5XRNO-JChWAzIIZg], [P], v[7], s[STARTED], a[id=4B5yVDeUTpe5-44KssB7xg]
--------[test][1], node[YucHs-5XRNO-JChWAzIIZg], [P], v[7], s[STARTED], a[id=skolItfmTI6mUEyBLn-4fA]
--------[test][8], node[YucHs-5XRNO-JChWAzIIZg], [P], v[7], s[STARTED], a[id=uERXgJeHSeixZcO4CmIKeQ]
--------[test][2], node[YucHs-5XRNO-JChWAzIIZg], [P], v[7], s[STARTED], a[id=RNqthUztR6-DqnLRLToD-Q]
--------[test][0], node[YucHs-5XRNO-JChWAzIIZg], [P], v[7], s[STARTED], a[id=Z8oM2vxwSmiUDNdNNYmYpA]
---- unassigned

[2016-04-18 03:03:36,022][DEBUG][org.elasticsearch.cluster.service] [node_t2] set local cluster state to version 24
[2016-04-18 03:03:36,024][TRACE][org.elasticsearch.gateway] [node_t2] [test] writing state, reason [version changed from [19] to [20]]
[2016-04-18 03:03:36,026][DEBUG][org.elasticsearch.cluster.service] [node_t2] processing [zen-disco-receive(from master [master {node_t1}{YucHs-5XRNO-JChWAzIIZg}{127.0.0.1}{127.0.0.1:9441}[mode=>network] committed version [24]])]: took 4ms done applying updated cluster_state (version: 24, uuid: dFmfPYJLSzif5QOUCLMtqg)
[2016-04-18 03:03:36,026][DEBUG][org.elasticsearch.cluster.service] [node_t1] set local cluster state to version 24
[2016-04-18 03:03:36,027][TRACE][org.elasticsearch.gateway] [node_t1] [test] writing state, reason [version changed from [19] to [20]]
[2016-04-18 03:03:36,029][DEBUG][org.elasticsearch.cluster.service] [node_t1] processing [shard-started ([test][7], node[zpsanQF7R4u6zEfa6p-Xfw], [R], v[6], s[INITIALIZING], a[id=AqPVWnSnQAmsLrDyaa5qsA], unassigned_info[[reason=NODE_LEFT], at[2016-04-18T07:03:35.788Z], details[node_left[MSgO3f-9S-yat_4GxxKW6w]]]), reason [after recovery (replica) from node [{node_t1}{YucHs-5XRNO-JChWAzIIZg}{127.0.0.1}{127.0.0.1:9441}[mode=>network]]]]: took 10ms done applying updated cluster_state (version: 24, uuid: dFmfPYJLSzif5QOUCLMtqg)
[2016-04-18 03:03:36,040][TRACE][org.elasticsearch.cluster.service] [node_t1] will process [shard-started ([test][8], node[zpsanQF7R4u6zEfa6p-Xfw], [R], v[7], s[INITIALIZING], a[id=2CJSZtHURcm8QLRdukuHhw], unassigned_info[[reason=NODE_LEFT], at[2016-04-18T07:03:35.788Z], details[node_left[MSgO3f-9S-yat_4GxxKW6w]]]), reason [after recovery (replica) from node [{node_t1}{YucHs-5XRNO-JChWAzIIZg}{127.0.0.1}{127.0.0.1:9441}[mode=>network]]]]
[2016-04-18 03:03:36,040][DEBUG][org.elasticsearch.cluster.service] [node_t1] processing [shard-started ([test][8], node[zpsanQF7R4u6zEfa6p-Xfw], [R], v[7], s[INITIALIZING], a[id=2CJSZtHURcm8QLRdukuHhw], unassigned_info[[reason=NODE_LEFT], at[2016-04-18T07:03:35.788Z], details[node_left[MSgO3f-9S-yat_4GxxKW6w]]]), reason [after recovery (replica) from node [{node_t1}{YucHs-5XRNO-JChWAzIIZg}{127.0.0.1}{127.0.0.1:9441}[mode=>network]]]]: execute
[2016-04-18 03:03:36,041][TRACE][org.elasticsearch.cluster.service] [node_t1] cluster state updated, source [shard-started ([test][8], node[zpsanQF7R4u6zEfa6p-Xfw], [R], v[7], s[INITIALIZING], a[id=2CJSZtHURcm8QLRdukuHhw], unassigned_info[[reason=NODE_LEFT], at[2016-04-18T07:03:35.788Z], details[node_left[MSgO3f-9S-yat_4GxxKW6w]]]), reason [after recovery (replica) from node [{node_t1}{YucHs-5XRNO-JChWAzIIZg}{127.0.0.1}{127.0.0.1:9441}[mode=>network]]]]
version: 25
state uuid: NRK-ilSsQEmsKhWAytebWA
from_diff: false
meta data version: 22
nodes: 
   {node_t2}{zpsanQF7R4u6zEfa6p-Xfw}{127.0.0.1}{127.0.0.1:9440}[mode=>network]
   {node_t1}{YucHs-5XRNO-JChWAzIIZg}{127.0.0.1}{127.0.0.1:9441}[mode=>network], local, master
routing_table (version 23):
-- index [test]
----shard_id [test][0]
--------[test][0], node[zpsanQF7R4u6zEfa6p-Xfw], [R], v[7], s[STARTED], a[id=cGvyFBLATQG9hqQ0GRBlNQ]
--------[test][0], node[YucHs-5XRNO-JChWAzIIZg], [P], v[7], s[STARTED], a[id=Z8oM2vxwSmiUDNdNNYmYpA]
----shard_id [test][1]
--------[test][1], node[zpsanQF7R4u6zEfa6p-Xfw], [R], v[7], s[STARTED], a[id=evs-fRQHRv29S6k9VZAekA]
--------[test][1], node[YucHs-5XRNO-JChWAzIIZg], [P], v[7], s[STARTED], a[id=skolItfmTI6mUEyBLn-4fA]
----shard_id [test][2]
--------[test][2], node[zpsanQF7R4u6zEfa6p-Xfw], [R], v[7], s[STARTED], a[id=NsxiCHYWQNeVBe-opbeqmQ]
--------[test][2], node[YucHs-5XRNO-JChWAzIIZg], [P], v[7], s[STARTED], a[id=RNqthUztR6-DqnLRLToD-Q]
----shard_id [test][3]
--------[test][3], node[zpsanQF7R4u6zEfa6p-Xfw], [R], v[7], s[STARTED], a[id=RCeVPJkYTOyssNw0UrxgyA]
--------[test][3], node[YucHs-5XRNO-JChWAzIIZg], [P], v[7], s[STARTED], a[id=_WxhJCFGSNa0eq_monQ5AA]
----shard_id [test][4]
--------[test][4], node[zpsanQF7R4u6zEfa6p-Xfw], [R], v[7], s[STARTED], a[id=TsI1Imo4Ty2WlRUqC22Mpg]
--------[test][4], node[YucHs-5XRNO-JChWAzIIZg], [P], v[7], s[STARTED], a[id=0erPpWShQUWr0fCKxTfoYQ]
----shard_id [test][5]
--------[test][5], node[zpsanQF7R4u6zEfa6p-Xfw], [R], v[7], s[STARTED], a[id=NTy2JcTNQC2QsC7h6umhCw]
--------[test][5], node[YucHs-5XRNO-JChWAzIIZg], [P], v[7], s[STARTED], a[id=4B5yVDeUTpe5-44KssB7xg]
----shard_id [test][6]
--------[test][6], node[zpsanQF7R4u6zEfa6p-Xfw], [R], v[8], s[STARTED], a[id=Mkn2hWRiQaWSgftF-n7Q4w]
--------[test][6], node[YucHs-5XRNO-JChWAzIIZg], [P], v[8], s[STARTED], a[id=lhxXACDDRmi5eofyvUh5ww]
----shard_id [test][7]
--------[test][7], node[zpsanQF7R4u6zEfa6p-Xfw], [R], v[7], s[STARTED], a[id=AqPVWnSnQAmsLrDyaa5qsA]
--------[test][7], node[YucHs-5XRNO-JChWAzIIZg], [P], v[7], s[STARTED], a[id=_q3o1C7eRoG3whwcdLSwbQ]
----shard_id [test][8]
--------[test][8], node[zpsanQF7R4u6zEfa6p-Xfw], [R], v[8], s[STARTED], a[id=2CJSZtHURcm8QLRdukuHhw]
--------[test][8], node[YucHs-5XRNO-JChWAzIIZg], [P], v[8], s[STARTED], a[id=uERXgJeHSeixZcO4CmIKeQ]

routing_nodes:
-----node_id[zpsanQF7R4u6zEfa6p-Xfw][V]
--------[test][5], node[zpsanQF7R4u6zEfa6p-Xfw], [R], v[7], s[STARTED], a[id=NTy2JcTNQC2QsC7h6umhCw]
--------[test][6], node[zpsanQF7R4u6zEfa6p-Xfw], [R], v[8], s[STARTED], a[id=Mkn2hWRiQaWSgftF-n7Q4w]
--------[test][7], node[zpsanQF7R4u6zEfa6p-Xfw], [R], v[7], s[STARTED], a[id=AqPVWnSnQAmsLrDyaa5qsA]
--------[test][2], node[zpsanQF7R4u6zEfa6p-Xfw], [R], v[7], s[STARTED], a[id=NsxiCHYWQNeVBe-opbeqmQ]
--------[test][4], node[zpsanQF7R4u6zEfa6p-Xfw], [R], v[7], s[STARTED], a[id=TsI1Imo4Ty2WlRUqC22Mpg]
--------[test][1], node[zpsanQF7R4u6zEfa6p-Xfw], [R], v[7], s[STARTED], a[id=evs-fRQHRv29S6k9VZAekA]
--------[test][3], node[zpsanQF7R4u6zEfa6p-Xfw], [R], v[7], s[STARTED], a[id=RCeVPJkYTOyssNw0UrxgyA]
--------[test][8], node[zpsanQF7R4u6zEfa6p-Xfw], [R], v[8], s[STARTED], a[id=2CJSZtHURcm8QLRdukuHhw]
--------[test][0], node[zpsanQF7R4u6zEfa6p-Xfw], [R], v[7], s[STARTED], a[id=cGvyFBLATQG9hqQ0GRBlNQ]
-----node_id[YucHs-5XRNO-JChWAzIIZg][V]
--------[test][5], node[YucHs-5XRNO-JChWAzIIZg], [P], v[7], s[STARTED], a[id=4B5yVDeUTpe5-44KssB7xg]
--------[test][6], node[YucHs-5XRNO-JChWAzIIZg], [P], v[8], s[STARTED], a[id=lhxXACDDRmi5eofyvUh5ww]
--------[test][7], node[YucHs-5XRNO-JChWAzIIZg], [P], v[7], s[STARTED], a[id=_q3o1C7eRoG3whwcdLSwbQ]
--------[test][2], node[YucHs-5XRNO-JChWAzIIZg], [P], v[7], s[STARTED], a[id=RNqthUztR6-DqnLRLToD-Q]
--------[test][4], node[YucHs-5XRNO-JChWAzIIZg], [P], v[7], s[STARTED], a[id=0erPpWShQUWr0fCKxTfoYQ]
--------[test][1], node[YucHs-5XRNO-JChWAzIIZg], [P], v[7], s[STARTED], a[id=skolItfmTI6mUEyBLn-4fA]
--------[test][3], node[YucHs-5XRNO-JChWAzIIZg], [P], v[7], s[STARTED], a[id=_WxhJCFGSNa0eq_monQ5AA]
--------[test][8], node[YucHs-5XRNO-JChWAzIIZg], [P], v[8], s[STARTED], a[id=uERXgJeHSeixZcO4CmIKeQ]
--------[test][0], node[YucHs-5XRNO-JChWAzIIZg], [P], v[7], s[STARTED], a[id=Z8oM2vxwSmiUDNdNNYmYpA]
---- unassigned

[2016-04-18 03:03:36,041][DEBUG][org.elasticsearch.cluster.service] [node_t1] publishing cluster state version [25]
[2016-04-18 03:03:36,042][DEBUG][org.elasticsearch.discovery.zen.publish] [node_t2] received diff cluster state version [25] with uuid [NRK-ilSsQEmsKhWAytebWA], diff size [749]
[2016-04-18 03:03:36,042][TRACE][org.elasticsearch.discovery.zen.publish] [node_t1] master node {node_t2}{zpsanQF7R4u6zEfa6p-Xfw}{127.0.0.1}{127.0.0.1:9440}[mode=>network] acked cluster state version [25]. processing ... (current pending [1], needed [1])
[2016-04-18 03:03:36,042][TRACE][org.elasticsearch.discovery.zen.publish] [node_t1] committing version [25]
[2016-04-18 03:03:36,042][TRACE][org.elasticsearch.discovery.zen.publish] [node_t1] sending commit for cluster state (uuid: [NRK-ilSsQEmsKhWAytebWA], version [25]) to [{node_t2}{zpsanQF7R4u6zEfa6p-Xfw}{127.0.0.1}{127.0.0.1:9440}[mode=>network]]
[2016-04-18 03:03:36,042][TRACE][org.elasticsearch.cluster.service] [node_t2] will process [zen-disco-receive(from master [master {node_t1}{YucHs-5XRNO-JChWAzIIZg}{127.0.0.1}{127.0.0.1:9441}[mode=>network] committed version [25]])]
[2016-04-18 03:03:36,042][DEBUG][org.elasticsearch.cluster.service] [node_t2] processing [zen-disco-receive(from master [master {node_t1}{YucHs-5XRNO-JChWAzIIZg}{127.0.0.1}{127.0.0.1:9441}[mode=>network] committed version [25]])]: execute
[2016-04-18 03:03:36,042][TRACE][org.elasticsearch.cluster.service] [node_t2] cluster state updated, source [zen-disco-receive(from master [master {node_t1}{YucHs-5XRNO-JChWAzIIZg}{127.0.0.1}{127.0.0.1:9441}[mode=>network] committed version [25]])]
version: 25
state uuid: NRK-ilSsQEmsKhWAytebWA
from_diff: false
meta data version: 22
nodes: 
   {node_t2}{zpsanQF7R4u6zEfa6p-Xfw}{127.0.0.1}{127.0.0.1:9440}[mode=>network], local
   {node_t1}{YucHs-5XRNO-JChWAzIIZg}{127.0.0.1}{127.0.0.1:9441}[mode=>network], master
routing_table (version 23):
-- index [test]
----shard_id [test][0]
--------[test][0], node[zpsanQF7R4u6zEfa6p-Xfw], [R], v[7], s[STARTED], a[id=cGvyFBLATQG9hqQ0GRBlNQ]
--------[test][0], node[YucHs-5XRNO-JChWAzIIZg], [P], v[7], s[STARTED], a[id=Z8oM2vxwSmiUDNdNNYmYpA]
----shard_id [test][1]
--------[test][1], node[zpsanQF7R4u6zEfa6p-Xfw], [R], v[7], s[STARTED], a[id=evs-fRQHRv29S6k9VZAekA]
--------[test][1], node[YucHs-5XRNO-JChWAzIIZg], [P], v[7], s[STARTED], a[id=skolItfmTI6mUEyBLn-4fA]
----shard_id [test][2]
--------[test][2], node[zpsanQF7R4u6zEfa6p-Xfw], [R], v[7], s[STARTED], a[id=NsxiCHYWQNeVBe-opbeqmQ]
--------[test][2], node[YucHs-5XRNO-JChWAzIIZg], [P], v[7], s[STARTED], a[id=RNqthUztR6-DqnLRLToD-Q]
----shard_id [test][3]
--------[test][3], node[zpsanQF7R4u6zEfa6p-Xfw], [R], v[7], s[STARTED], a[id=RCeVPJkYTOyssNw0UrxgyA]
--------[test][3], node[YucHs-5XRNO-JChWAzIIZg], [P], v[7], s[STARTED], a[id=_WxhJCFGSNa0eq_monQ5AA]
----shard_id [test][4]
--------[test][4], node[zpsanQF7R4u6zEfa6p-Xfw], [R], v[7], s[STARTED], a[id=TsI1Imo4Ty2WlRUqC22Mpg]
--------[test][4], node[YucHs-5XRNO-JChWAzIIZg], [P], v[7], s[STARTED], a[id=0erPpWShQUWr0fCKxTfoYQ]
----shard_id [test][5]
--------[test][5], node[zpsanQF7R4u6zEfa6p-Xfw], [R], v[7], s[STARTED], a[id=NTy2JcTNQC2QsC7h6umhCw]
--------[test][5], node[YucHs-5XRNO-JChWAzIIZg], [P], v[7], s[STARTED], a[id=4B5yVDeUTpe5-44KssB7xg]
----shard_id [test][6]
--------[test][6], node[zpsanQF7R4u6zEfa6p-Xfw], [R], v[8], s[STARTED], a[id=Mkn2hWRiQaWSgftF-n7Q4w]
--------[test][6], node[YucHs-5XRNO-JChWAzIIZg], [P], v[8], s[STARTED], a[id=lhxXACDDRmi5eofyvUh5ww]
----shard_id [test][7]
--------[test][7], node[zpsanQF7R4u6zEfa6p-Xfw], [R], v[7], s[STARTED], a[id=AqPVWnSnQAmsLrDyaa5qsA]
--------[test][7], node[YucHs-5XRNO-JChWAzIIZg], [P], v[7], s[STARTED], a[id=_q3o1C7eRoG3whwcdLSwbQ]
----shard_id [test][8]
--------[test][8], node[zpsanQF7R4u6zEfa6p-Xfw], [R], v[8], s[STARTED], a[id=2CJSZtHURcm8QLRdukuHhw]
--------[test][8], node[YucHs-5XRNO-JChWAzIIZg], [P], v[8], s[STARTED], a[id=uERXgJeHSeixZcO4CmIKeQ]

routing_nodes:
-----node_id[zpsanQF7R4u6zEfa6p-Xfw][V]
--------[test][5], node[zpsanQF7R4u6zEfa6p-Xfw], [R], v[7], s[STARTED], a[id=NTy2JcTNQC2QsC7h6umhCw]
--------[test][3], node[zpsanQF7R4u6zEfa6p-Xfw], [R], v[7], s[STARTED], a[id=RCeVPJkYTOyssNw0UrxgyA]
--------[test][2], node[zpsanQF7R4u6zEfa6p-Xfw], [R], v[7], s[STARTED], a[id=NsxiCHYWQNeVBe-opbeqmQ]
--------[test][4], node[zpsanQF7R4u6zEfa6p-Xfw], [R], v[7], s[STARTED], a[id=TsI1Imo4Ty2WlRUqC22Mpg]
--------[test][1], node[zpsanQF7R4u6zEfa6p-Xfw], [R], v[7], s[STARTED], a[id=evs-fRQHRv29S6k9VZAekA]
--------[test][7], node[zpsanQF7R4u6zEfa6p-Xfw], [R], v[7], s[STARTED], a[id=AqPVWnSnQAmsLrDyaa5qsA]
--------[test][8], node[zpsanQF7R4u6zEfa6p-Xfw], [R], v[8], s[STARTED], a[id=2CJSZtHURcm8QLRdukuHhw]
--------[test][6], node[zpsanQF7R4u6zEfa6p-Xfw], [R], v[8], s[STARTED], a[id=Mkn2hWRiQaWSgftF-n7Q4w]
--------[test][0], node[zpsanQF7R4u6zEfa6p-Xfw], [R], v[7], s[STARTED], a[id=cGvyFBLATQG9hqQ0GRBlNQ]
-----node_id[YucHs-5XRNO-JChWAzIIZg][V]
--------[test][5], node[YucHs-5XRNO-JChWAzIIZg], [P], v[7], s[STARTED], a[id=4B5yVDeUTpe5-44KssB7xg]
--------[test][3], node[YucHs-5XRNO-JChWAzIIZg], [P], v[7], s[STARTED], a[id=_WxhJCFGSNa0eq_monQ5AA]
--------[test][2], node[YucHs-5XRNO-JChWAzIIZg], [P], v[7], s[STARTED], a[id=RNqthUztR6-DqnLRLToD-Q]
--------[test][4], node[YucHs-5XRNO-JChWAzIIZg], [P], v[7], s[STARTED], a[id=0erPpWShQUWr0fCKxTfoYQ]
--------[test][1], node[YucHs-5XRNO-JChWAzIIZg], [P], v[7], s[STARTED], a[id=skolItfmTI6mUEyBLn-4fA]
--------[test][7], node[YucHs-5XRNO-JChWAzIIZg], [P], v[7], s[STARTED], a[id=_q3o1C7eRoG3whwcdLSwbQ]
--------[test][8], node[YucHs-5XRNO-JChWAzIIZg], [P], v[8], s[STARTED], a[id=uERXgJeHSeixZcO4CmIKeQ]
--------[test][6], node[YucHs-5XRNO-JChWAzIIZg], [P], v[8], s[STARTED], a[id=lhxXACDDRmi5eofyvUh5ww]
--------[test][0], node[YucHs-5XRNO-JChWAzIIZg], [P], v[7], s[STARTED], a[id=Z8oM2vxwSmiUDNdNNYmYpA]
---- unassigned

[2016-04-18 03:03:36,042][DEBUG][org.elasticsearch.cluster.service] [node_t2] set local cluster state to version 25
[2016-04-18 03:03:36,044][TRACE][org.elasticsearch.gateway] [node_t2] [test] writing state, reason [version changed from [20] to [21]]
[2016-04-18 03:03:36,045][DEBUG][org.elasticsearch.cluster.service] [node_t2] processing [zen-disco-receive(from master [master {node_t1}{YucHs-5XRNO-JChWAzIIZg}{127.0.0.1}{127.0.0.1:9441}[mode=>network] committed version [25]])]: took 2ms done applying updated cluster_state (version: 25, uuid: NRK-ilSsQEmsKhWAytebWA)
[2016-04-18 03:03:36,045][DEBUG][org.elasticsearch.cluster.service] [node_t1] set local cluster state to version 25
[2016-04-18 03:03:36,046][TRACE][org.elasticsearch.gateway] [node_t1] [test] writing state, reason [version changed from [20] to [21]]
[2016-04-18 03:03:36,047][DEBUG][org.elasticsearch.cluster.service] [node_t1] processing [shard-started ([test][8], node[zpsanQF7R4u6zEfa6p-Xfw], [R], v[7], s[INITIALIZING], a[id=2CJSZtHURcm8QLRdukuHhw], unassigned_info[[reason=NODE_LEFT], at[2016-04-18T07:03:35.788Z], details[node_left[MSgO3f-9S-yat_4GxxKW6w]]]), reason [after recovery (replica) from node [{node_t1}{YucHs-5XRNO-JChWAzIIZg}{127.0.0.1}{127.0.0.1:9441}[mode=>network]]]]: took 7ms done applying updated cluster_state (version: 25, uuid: NRK-ilSsQEmsKhWAytebWA)
[2016-04-18 03:03:36,053][TRACE][org.elasticsearch.transport.tracer] [transport_client_node_t1] [10][indices:data/read/search] sent to [{node_t1}{YucHs-5XRNO-JChWAzIIZg}{127.0.0.1}{127.0.0.1:9441}[mode=>network]] (timeout: [null])
[2016-04-18 03:03:36,056][TRACE][org.elasticsearch.transport.tracer] [transport_client_node_t1] [10][indices:data/read/search] received response from [{node_t1}{YucHs-5XRNO-JChWAzIIZg}{127.0.0.1}{127.0.0.1:9441}[mode=>network]]
[2016-04-18 03:03:36,069][TRACE][org.elasticsearch.transport.tracer] [transport_client_node_t2] [1][indices:data/read/search] sent to [{node_t2}{zpsanQF7R4u6zEfa6p-Xfw}{127.0.0.1}{127.0.0.1:9440}[mode=>network]] (timeout: [null])
[2016-04-18 03:03:36,070][TRACE][org.elasticsearch.transport.tracer] [transport_client_node_t2] [1][indices:data/read/search] received response from [{node_t2}{zpsanQF7R4u6zEfa6p-Xfw}{127.0.0.1}{127.0.0.1:9440}[mode=>network]]
[2016-04-18 03:03:36,070][TRACE][org.elasticsearch.transport.tracer] [transport_client_node_t1] [11][indices:data/read/search] sent to [{node_t1}{YucHs-5XRNO-JChWAzIIZg}{127.0.0.1}{127.0.0.1:9441}[mode=>network]] (timeout: [null])
[2016-04-18 03:03:36,071][TRACE][org.elasticsearch.transport.tracer] [transport_client_node_t1] [11][indices:data/read/search] received response from [{node_t1}{YucHs-5XRNO-JChWAzIIZg}{127.0.0.1}{127.0.0.1:9441}[mode=>network]]
[2016-04-18 03:03:36,071][TRACE][org.elasticsearch.transport.tracer] [transport_client_node_t1] [12][cluster:monitor/state] sent to [{node_t1}{YucHs-5XRNO-JChWAzIIZg}{127.0.0.1}{127.0.0.1:9441}[mode=>network]] (timeout: [null])
[2016-04-18 03:03:36,071][TRACE][org.elasticsearch.transport.tracer] [transport_client_node_t1] [12][cluster:monitor/state] received response from [{node_t1}{YucHs-5XRNO-JChWAzIIZg}{127.0.0.1}{127.0.0.1:9441}[mode=>network]]
[2016-04-18 03:03:36,072][TRACE][org.elasticsearch.transport.tracer] [transport_client_node_t2] [2][cluster:monitor/state] sent to [{node_t2}{zpsanQF7R4u6zEfa6p-Xfw}{127.0.0.1}{127.0.0.1:9440}[mode=>network]] (timeout: [null])
[2016-04-18 03:03:36,073][TRACE][org.elasticsearch.transport.tracer] [transport_client_node_t2] [2][cluster:monitor/state] received response from [{node_t2}{zpsanQF7R4u6zEfa6p-Xfw}{127.0.0.1}{127.0.0.1:9440}[mode=>network]]
[2016-04-18 03:03:36,075][DEBUG][org.elasticsearch.discovery.zen.fd] [node_t2] [master] stopping fault detection against master [{node_t1}{YucHs-5XRNO-JChWAzIIZg}{127.0.0.1}{127.0.0.1:9441}[mode=>network]], reason [zen disco stop]
[2016-04-18 03:03:36,075][TRACE][org.elasticsearch.cluster.service] [node_t1] will process [zen-disco-node_left({node_t2}{zpsanQF7R4u6zEfa6p-Xfw}{127.0.0.1}{127.0.0.1:9440}[mode=>network])]
[2016-04-18 03:03:36,075][DEBUG][org.elasticsearch.cluster.service] [node_t1] processing [zen-disco-node_left({node_t2}{zpsanQF7R4u6zEfa6p-Xfw}{127.0.0.1}{127.0.0.1:9440}[mode=>network])]: execute
[2016-04-18 03:03:36,075][WARN ][org.elasticsearch.discovery.zen] [node_t1] not enough master nodes, current nodes: {{node_t1}{YucHs-5XRNO-JChWAzIIZg}{127.0.0.1}{127.0.0.1:9441}[mode=>network],}
[2016-04-18 03:03:36,075][TRACE][org.elasticsearch.discovery.zen] [node_t1] starting to accumulate joins
[2016-04-18 03:03:36,075][TRACE][org.elasticsearch.discovery.zen] [node_t1] starting to ping
[2016-04-18 03:03:36,076][TRACE][org.elasticsearch.discovery.zen.ping.unicast] [node_t1] [3] sending to {node_t2}{zpsanQF7R4u6zEfa6p-Xfw}{127.0.0.1}{127.0.0.1:9440}[mode=>network]
[2016-04-18 03:03:36,076][TRACE][org.elasticsearch.discovery.zen.ping.unicast] [node_t1] [3] sending to {node_t1}{YucHs-5XRNO-JChWAzIIZg}{127.0.0.1}{127.0.0.1:9441}[mode=>network]
[2016-04-18 03:03:36,076][TRACE][org.elasticsearch.discovery.zen.ping.unicast] [node_t1] [3] received response from {node_t1}{YucHs-5XRNO-JChWAzIIZg}{127.0.0.1}{127.0.0.1:9441}[mode=>network]: [ping_response{node [{node_t2}{zpsanQF7R4u6zEfa6p-Xfw}{127.0.0.1}{127.0.0.1:9440}[mode=>network]], id[389], master [null], hasJoinedOnce [false], cluster_name[TEST-CHILD_VM=[0]-CLUSTER_SEED=[-7449427405447180618]-HASH=[2645B46835F9]-cluster]}, ping_response{node [{node_t1}{YucHs-5XRNO-JChWAzIIZg}{127.0.0.1}{127.0.0.1:9441}[mode=>network]], id[396], master [null], hasJoinedOnce [true], cluster_name[TEST-CHILD_VM=[0]-CLUSTER_SEED=[-7449427405447180618]-HASH=[2645B46835F9]-cluster]}, ping_response{node [{node_t1}{YucHs-5XRNO-JChWAzIIZg}{127.0.0.1}{127.0.0.1:9441}[mode=>network]], id[396], master [null], hasJoinedOnce [true], cluster_name[TEST-CHILD_VM=[0]-CLUSTER_SEED=[-7449427405447180618]-HASH=[2645B46835F9]-cluster]}, ping_response{node [{node_t1}{YucHs-5XRNO-JChWAzIIZg}{127.0.0.1}{127.0.0.1:9441}[mode=>network]], id[396], master [null], hasJoinedOnce [true], cluster_name[TEST-CHILD_VM=[0]-CLUSTER_SEED=[-7449427405447180618]-HASH=[2645B46835F9]-cluster]}, ping_response{node [{node_t2}{zpsanQF7R4u6zEfa6p-Xfw}{127.0.0.1}{127.0.0.1:9440}[mode=>network]], id[403], master [null], hasJoinedOnce [false], cluster_name[TEST-CHILD_VM=[0]-CLUSTER_SEED=[-7449427405447180618]-HASH=[2645B46835F9]-cluster]}, ping_response{node [{node_t2}{zpsanQF7R4u6zEfa6p-Xfw}{127.0.0.1}{127.0.0.1:9440}[mode=>network]], id[403], master [null], hasJoinedOnce [false], cluster_name[TEST-CHILD_VM=[0]-CLUSTER_SEED=[-7449427405447180618]-HASH=[2645B46835F9]-cluster]}, ping_response{node [{node_t2}{zpsanQF7R4u6zEfa6p-Xfw}{127.0.0.1}{127.0.0.1:9440}[mode=>network]], id[403], master [null], hasJoinedOnce [false], cluster_name[TEST-CHILD_VM=[0]-CLUSTER_SEED=[-7449427405447180618]-HASH=[2645B46835F9]-cluster]}, ping_response{node [{node_t1}{YucHs-5XRNO-JChWAzIIZg}{127.0.0.1}{127.0.0.1:9441}[mode=>network]], id[410], master [{node_t1}{YucHs-5XRNO-JChWAzIIZg}{127.0.0.1}{127.0.0.1:9441}[mode=>network]], hasJoinedOnce [true], cluster_name[TEST-CHILD_VM=[0]-CLUSTER_SEED=[-7449427405447180618]-HASH=[2645B46835F9]-cluster]}, ping_response{node [{node_t1}{YucHs-5XRNO-JChWAzIIZg}{127.0.0.1}{127.0.0.1:9441}[mode=>network]], id[411], master [{node_t1}{YucHs-5XRNO-JChWAzIIZg}{127.0.0.1}{127.0.0.1:9441}[mode=>network]], hasJoinedOnce [true], cluster_name[TEST-CHILD_VM=[0]-CLUSTER_SEED=[-7449427405447180618]-HASH=[2645B46835F9]-cluster]}]
[2016-04-18 03:03:36,076][TRACE][org.elasticsearch.cluster.service] [node_t1] cluster state updated, source [zen-disco-node_left({node_t2}{zpsanQF7R4u6zEfa6p-Xfw}{127.0.0.1}{127.0.0.1:9440}[mode=>network])]
version: 25
state uuid: NRK-ilSsQEmsKhWAytebWA
from_diff: false
meta data version: 22
blocks: 
   _global_:
      2,no master, blocks WRITE,METADATA_WRITE
nodes: 
   {node_t1}{YucHs-5XRNO-JChWAzIIZg}{127.0.0.1}{127.0.0.1:9441}[mode=>network], local
routing_table (version 23):
-- index [test]
----shard_id [test][0]
--------[test][0], node[zpsanQF7R4u6zEfa6p-Xfw], [R], v[7], s[STARTED], a[id=cGvyFBLATQG9hqQ0GRBlNQ]
--------[test][0], node[YucHs-5XRNO-JChWAzIIZg], [P], v[7], s[STARTED], a[id=Z8oM2vxwSmiUDNdNNYmYpA]
----shard_id [test][1]
--------[test][1], node[zpsanQF7R4u6zEfa6p-Xfw], [R], v[7], s[STARTED], a[id=evs-fRQHRv29S6k9VZAekA]
--------[test][1], node[YucHs-5XRNO-JChWAzIIZg], [P], v[7], s[STARTED], a[id=skolItfmTI6mUEyBLn-4fA]
----shard_id [test][2]
--------[test][2], node[zpsanQF7R4u6zEfa6p-Xfw], [R], v[7], s[STARTED], a[id=NsxiCHYWQNeVBe-opbeqmQ]
--------[test][2], node[YucHs-5XRNO-JChWAzIIZg], [P], v[7], s[STARTED], a[id=RNqthUztR6-DqnLRLToD-Q]
----shard_id [test][3]
--------[test][3], node[zpsanQF7R4u6zEfa6p-Xfw], [R], v[7], s[STARTED], a[id=RCeVPJkYTOyssNw0UrxgyA]
--------[test][3], node[YucHs-5XRNO-JChWAzIIZg], [P], v[7], s[STARTED], a[id=_WxhJCFGSNa0eq_monQ5AA]
----shard_id [test][4]
--------[test][4], node[zpsanQF7R4u6zEfa6p-Xfw], [R], v[7], s[STARTED], a[id=TsI1Imo4Ty2WlRUqC22Mpg]
--------[test][4], node[YucHs-5XRNO-JChWAzIIZg], [P], v[7], s[STARTED], a[id=0erPpWShQUWr0fCKxTfoYQ]
----shard_id [test][5]
--------[test][5], node[zpsanQF7R4u6zEfa6p-Xfw], [R], v[7], s[STARTED], a[id=NTy2JcTNQC2QsC7h6umhCw]
--------[test][5], node[YucHs-5XRNO-JChWAzIIZg], [P], v[7], s[STARTED], a[id=4B5yVDeUTpe5-44KssB7xg]
----shard_id [test][6]
--------[test][6], node[zpsanQF7R4u6zEfa6p-Xfw], [R], v[8], s[STARTED], a[id=Mkn2hWRiQaWSgftF-n7Q4w]
--------[test][6], node[YucHs-5XRNO-JChWAzIIZg], [P], v[8], s[STARTED], a[id=lhxXACDDRmi5eofyvUh5ww]
----shard_id [test][7]
--------[test][7], node[zpsanQF7R4u6zEfa6p-Xfw], [R], v[7], s[STARTED], a[id=AqPVWnSnQAmsLrDyaa5qsA]
--------[test][7], node[YucHs-5XRNO-JChWAzIIZg], [P], v[7], s[STARTED], a[id=_q3o1C7eRoG3whwcdLSwbQ]
----shard_id [test][8]
--------[test][8], node[zpsanQF7R4u6zEfa6p-Xfw], [R], v[8], s[STARTED], a[id=2CJSZtHURcm8QLRdukuHhw]
--------[test][8], node[YucHs-5XRNO-JChWAzIIZg], [P], v[8], s[STARTED], a[id=uERXgJeHSeixZcO4CmIKeQ]

routing_nodes:
-----node_id[zpsanQF7R4u6zEfa6p-Xfw][X]
--------[test][5], node[zpsanQF7R4u6zEfa6p-Xfw], [R], v[7], s[STARTED], a[id=NTy2JcTNQC2QsC7h6umhCw]
--------[test][6], node[zpsanQF7R4u6zEfa6p-Xfw], [R], v[8], s[STARTED], a[id=Mkn2hWRiQaWSgftF-n7Q4w]
--------[test][7], node[zpsanQF7R4u6zEfa6p-Xfw], [R], v[7], s[STARTED], a[id=AqPVWnSnQAmsLrDyaa5qsA]
--------[test][2], node[zpsanQF7R4u6zEfa6p-Xfw], [R], v[7], s[STARTED], a[id=NsxiCHYWQNeVBe-opbeqmQ]
--------[test][4], node[zpsanQF7R4u6zEfa6p-Xfw], [R], v[7], s[STARTED], a[id=TsI1Imo4Ty2WlRUqC22Mpg]
--------[test][1], node[zpsanQF7R4u6zEfa6p-Xfw], [R], v[7], s[STARTED], a[id=evs-fRQHRv29S6k9VZAekA]
--------[test][3], node[zpsanQF7R4u6zEfa6p-Xfw], [R], v[7], s[STARTED], a[id=RCeVPJkYTOyssNw0UrxgyA]
--------[test][8], node[zpsanQF7R4u6zEfa6p-Xfw], [R], v[8], s[STARTED], a[id=2CJSZtHURcm8QLRdukuHhw]
--------[test][0], node[zpsanQF7R4u6zEfa6p-Xfw], [R], v[7], s[STARTED], a[id=cGvyFBLATQG9hqQ0GRBlNQ]
-----node_id[YucHs-5XRNO-JChWAzIIZg][V]
--------[test][5], node[YucHs-5XRNO-JChWAzIIZg], [P], v[7], s[STARTED], a[id=4B5yVDeUTpe5-44KssB7xg]
--------[test][6], node[YucHs-5XRNO-JChWAzIIZg], [P], v[8], s[STARTED], a[id=lhxXACDDRmi5eofyvUh5ww]
--------[test][7], node[YucHs-5XRNO-JChWAzIIZg], [P], v[7], s[STARTED], a[id=_q3o1C7eRoG3whwcdLSwbQ]
--------[test][2], node[YucHs-5XRNO-JChWAzIIZg], [P], v[7], s[STARTED], a[id=RNqthUztR6-DqnLRLToD-Q]
--------[test][4], node[YucHs-5XRNO-JChWAzIIZg], [P], v[7], s[STARTED], a[id=0erPpWShQUWr0fCKxTfoYQ]
--------[test][1], node[YucHs-5XRNO-JChWAzIIZg], [P], v[7], s[STARTED], a[id=skolItfmTI6mUEyBLn-4fA]
--------[test][3], node[YucHs-5XRNO-JChWAzIIZg], [P], v[7], s[STARTED], a[id=_WxhJCFGSNa0eq_monQ5AA]
--------[test][8], node[YucHs-5XRNO-JChWAzIIZg], [P], v[8], s[STARTED], a[id=uERXgJeHSeixZcO4CmIKeQ]
--------[test][0], node[YucHs-5XRNO-JChWAzIIZg], [P], v[7], s[STARTED], a[id=Z8oM2vxwSmiUDNdNNYmYpA]
---- unassigned

[2016-04-18 03:03:36,076][TRACE][org.elasticsearch.discovery.zen.ping.unicast] [node_t1] [3] connecting (light) to {#zen_unicast_9#}{::1}{[::1]:9443}
[2016-04-18 03:03:36,077][INFO ][org.elasticsearch.cluster.service] [node_t1] removed {{node_t2}{zpsanQF7R4u6zEfa6p-Xfw}{127.0.0.1}{127.0.0.1:9440}[mode=>network],}, reason: zen-disco-node_left({node_t2}{zpsanQF7R4u6zEfa6p-Xfw}{127.0.0.1}{127.0.0.1:9440}[mode=>network])
[2016-04-18 03:03:36,077][TRACE][org.elasticsearch.discovery.zen.ping.unicast] [node_t1] failed to connect to {node_t2}{zpsanQF7R4u6zEfa6p-Xfw}{127.0.0.1}{127.0.0.1:9440}[mode=>network]
NodeDisconnectedException[[node_t2][127.0.0.1:9440][internal:discovery/zen/unicast] disconnected]
[2016-04-18 03:03:36,076][TRACE][org.elasticsearch.discovery.zen.ping.unicast] [node_t1] [3] connecting (light) to {#zen_unicast_10#}{::1}{[::1]:9444}
[2016-04-18 03:03:36,076][TRACE][org.elasticsearch.discovery.zen.ping.unicast] [node_t1] [3] connecting (light) to {#zen_unicast_8#}{::1}{[::1]:9442}
[2016-04-18 03:03:36,076][TRACE][org.elasticsearch.discovery.zen.ping.unicast] [node_t1] [3] connecting (light) to {#zen_unicast_6#}{::1}{[::1]:9440}
[2016-04-18 03:03:36,076][TRACE][org.elasticsearch.discovery.zen.ping.unicast] [node_t1] [3] connecting (light) to {#zen_unicast_7#}{::1}{[::1]:9441}
[2016-04-18 03:03:36,076][TRACE][org.elasticsearch.discovery.zen.ping.unicast] [node_t1] [3] sending to {node_t1}{YucHs-5XRNO-JChWAzIIZg}{127.0.0.1}{127.0.0.1:9441}[mode=>network]
[2016-04-18 03:03:36,076][TRACE][org.elasticsearch.discovery.zen.ping.unicast] [node_t1] [3] connecting (light) to {#zen_unicast_4#}{127.0.0.1}{127.0.0.1:9443}
[2016-04-18 03:03:36,076][TRACE][org.elasticsearch.discovery.zen.ping.unicast] [node_t1] [3] connecting (light) to {#zen_unicast_5#}{127.0.0.1}{127.0.0.1:9444}
[2016-04-18 03:03:36,076][TRACE][org.elasticsearch.discovery.zen.ping.unicast] [node_t1] [3] connecting (light) to {#zen_unicast_3#}{127.0.0.1}{127.0.0.1:9442}
[2016-04-18 03:03:36,077][TRACE][org.elasticsearch.discovery.zen.ping.unicast] [node_t1] [3] received response from {node_t1}{YucHs-5XRNO-JChWAzIIZg}{127.0.0.1}{127.0.0.1:9441}[mode=>network]: [ping_response{node [{node_t1}{YucHs-5XRNO-JChWAzIIZg}{127.0.0.1}{127.0.0.1:9441}[mode=>network]], id[396], master [null], hasJoinedOnce [true], cluster_name[TEST-CHILD_VM=[0]-CLUSTER_SEED=[-7449427405447180618]-HASH=[2645B46835F9]-cluster]}, ping_response{node [{node_t1}{YucHs-5XRNO-JChWAzIIZg}{127.0.0.1}{127.0.0.1:9441}[mode=>network]], id[396], master [null], hasJoinedOnce [true], cluster_name[TEST-CHILD_VM=[0]-CLUSTER_SEED=[-7449427405447180618]-HASH=[2645B46835F9]-cluster]}, ping_response{node [{node_t1}{YucHs-5XRNO-JChWAzIIZg}{127.0.0.1}{127.0.0.1:9441}[mode=>network]], id[396], master [null], hasJoinedOnce [true], cluster_name[TEST-CHILD_VM=[0]-CLUSTER_SEED=[-7449427405447180618]-HASH=[2645B46835F9]-cluster]}, ping_response{node [{node_t2}{zpsanQF7R4u6zEfa6p-Xfw}{127.0.0.1}{127.0.0.1:9440}[mode=>network]], id[403], master [null], hasJoinedOnce [false], cluster_name[TEST-CHILD_VM=[0]-CLUSTER_SEED=[-7449427405447180618]-HASH=[2645B46835F9]-cluster]}, ping_response{node [{node_t2}{zpsanQF7R4u6zEfa6p-Xfw}{127.0.0.1}{127.0.0.1:9440}[mode=>network]], id[403], master [null], hasJoinedOnce [false], cluster_name[TEST-CHILD_VM=[0]-CLUSTER_SEED=[-7449427405447180618]-HASH=[2645B46835F9]-cluster]}, ping_response{node [{node_t2}{zpsanQF7R4u6zEfa6p-Xfw}{127.0.0.1}{127.0.0.1:9440}[mode=>network]], id[403], master [null], hasJoinedOnce [false], cluster_name[TEST-CHILD_VM=[0]-CLUSTER_SEED=[-7449427405447180618]-HASH=[2645B46835F9]-cluster]}, ping_response{node [{node_t1}{YucHs-5XRNO-JChWAzIIZg}{127.0.0.1}{127.0.0.1:9441}[mode=>network]], id[410], master [{node_t1}{YucHs-5XRNO-JChWAzIIZg}{127.0.0.1}{127.0.0.1:9441}[mode=>network]], hasJoinedOnce [true], cluster_name[TEST-CHILD_VM=[0]-CLUSTER_SEED=[-7449427405447180618]-HASH=[2645B46835F9]-cluster]}, ping_response{node [{node_t1}{YucHs-5XRNO-JChWAzIIZg}{127.0.0.1}{127.0.0.1:9441}[mode=>network]], id[410], master [{node_t1}{YucHs-5XRNO-JChWAzIIZg}{127.0.0.1}{127.0.0.1:9441}[mode=>network]], hasJoinedOnce [true], cluster_name[TEST-CHILD_VM=[0]-CLUSTER_SEED=[-7449427405447180618]-HASH=[2645B46835F9]-cluster]}, ping_response{node [{node_t1}{YucHs-5XRNO-JChWAzIIZg}{127.0.0.1}{127.0.0.1:9441}[mode=>network]], id[412], master [null], hasJoinedOnce [true], cluster_name[TEST-CHILD_VM=[0]-CLUSTER_SEED=[-7449427405447180618]-HASH=[2645B46835F9]-cluster]}]
[2016-04-18 03:03:36,077][TRACE][org.elasticsearch.discovery.zen.ping.unicast] [node_t1] [3] failed to connect to {#zen_unicast_8#}{::1}{[::1]:9442}
ConnectTransportException[[][[::1]:9442] connect_timeout[30s]]; nested: ConnectException[Connection refused: /0:0:0:0:0:0:0:1:9442];
	at org.elasticsearch.transport.netty.NettyTransport.connectToChannelsLight(NettyTransport.java:954)
	at org.elasticsearch.transport.netty.NettyTransport.connectToNode(NettyTransport.java:918)
	at org.elasticsearch.transport.netty.NettyTransport.connectToNodeLight(NettyTransport.java:890)
	at org.elasticsearch.test.transport.MockTransportService$LookupTestTransport.connectToNodeLight(MockTransportService.java:413)
	at org.elasticsearch.transport.TransportService.connectToNodeLight(TransportService.java:242)
	at org.elasticsearch.discovery.zen.ping.unicast.UnicastZenPing$3.run(UnicastZenPing.java:395)
	at java.util.concurrent.ThreadPoolExecutor.runWorker(ThreadPoolExecutor.java:1142)
	at java.util.concurrent.ThreadPoolExecutor$Worker.run(ThreadPoolExecutor.java:617)
	at java.lang.Thread.run(Thread.java:745)
Caused by: java.net.ConnectException: Connection refused: /0:0:0:0:0:0:0:1:9442
	at sun.nio.ch.SocketChannelImpl.checkConnect(Native Method)
	at sun.nio.ch.SocketChannelImpl.finishConnect(SocketChannelImpl.java:717)
	at org.jboss.netty.channel.socket.nio.NioClientBoss.connect(NioClientBoss.java:152)
	at org.jboss.netty.channel.socket.nio.NioClientBoss.processSelectedKeys(NioClientBoss.java:105)
	at org.jboss.netty.channel.socket.nio.NioClientBoss.process(NioClientBoss.java:79)
	at org.jboss.netty.channel.socket.nio.AbstractNioSelector.run(AbstractNioSelector.java:337)
	at org.jboss.netty.channel.socket.nio.NioClientBoss.run(NioClientBoss.java:42)
	at org.jboss.netty.util.ThreadRenamingRunnable.run(ThreadRenamingRunnable.java:108)
	at org.jboss.netty.util.internal.DeadLockProofWorker$1.run(DeadLockProofWorker.java:42)
	... 3 more
[2016-04-18 03:03:36,077][TRACE][org.elasticsearch.discovery.zen.ping.unicast] [node_t1] [3] failed to connect to {#zen_unicast_9#}{::1}{[::1]:9443}
ConnectTransportException[[][[::1]:9443] connect_timeout[30s]]; nested: ConnectException[Connection refused: /0:0:0:0:0:0:0:1:9443];
	at org.elasticsearch.transport.netty.NettyTransport.connectToChannelsLight(NettyTransport.java:954)
	at org.elasticsearch.transport.netty.NettyTransport.connectToNode(NettyTransport.java:918)
	at org.elasticsearch.transport.netty.NettyTransport.connectToNodeLight(NettyTransport.java:890)
	at org.elasticsearch.test.transport.MockTransportService$LookupTestTransport.connectToNodeLight(MockTransportService.java:413)
	at org.elasticsearch.transport.TransportService.connectToNodeLight(TransportService.java:242)
	at org.elasticsearch.discovery.zen.ping.unicast.UnicastZenPing$3.run(UnicastZenPing.java:395)
	at java.util.concurrent.ThreadPoolExecutor.runWorker(ThreadPoolExecutor.java:1142)
	at java.util.concurrent.ThreadPoolExecutor$Worker.run(ThreadPoolExecutor.java:617)
	at java.lang.Thread.run(Thread.java:745)
Caused by: java.net.ConnectException: Connection refused: /0:0:0:0:0:0:0:1:9443
	at sun.nio.ch.SocketChannelImpl.checkConnect(Native Method)
	at sun.nio.ch.SocketChannelImpl.finishConnect(SocketChannelImpl.java:717)
	at org.jboss.netty.channel.socket.nio.NioClientBoss.connect(NioClientBoss.java:152)
	at org.jboss.netty.channel.socket.nio.NioClientBoss.processSelectedKeys(NioClientBoss.java:105)
	at org.jboss.netty.channel.socket.nio.NioClientBoss.process(NioClientBoss.java:79)
	at org.jboss.netty.channel.socket.nio.AbstractNioSelector.run(AbstractNioSelector.java:337)
	at org.jboss.netty.channel.socket.nio.NioClientBoss.run(NioClientBoss.java:42)
	at org.jboss.netty.util.ThreadRenamingRunnable.run(ThreadRenamingRunnable.java:108)
	at org.jboss.netty.util.internal.DeadLockProofWorker$1.run(DeadLockProofWorker.java:42)
	... 3 more
[2016-04-18 03:03:36,077][DEBUG][org.elasticsearch.cluster.service] [node_t1] set local cluster state to version 25
[2016-04-18 03:03:36,078][TRACE][org.elasticsearch.discovery.zen.ping.unicast] [node_t1] [3] failed to connect to {#zen_unicast_3#}{127.0.0.1}{127.0.0.1:9442}
ConnectTransportException[[][127.0.0.1:9442] connect_timeout[30s]]; nested: ConnectException[Connection refused: /127.0.0.1:9442];
	at org.elasticsearch.transport.netty.NettyTransport.connectToChannelsLight(NettyTransport.java:954)
	at org.elasticsearch.transport.netty.NettyTransport.connectToNode(NettyTransport.java:918)
	at org.elasticsearch.transport.netty.NettyTransport.connectToNodeLight(NettyTransport.java:890)
	at org.elasticsearch.test.transport.MockTransportService$LookupTestTransport.connectToNodeLight(MockTransportService.java:413)
	at org.elasticsearch.transport.TransportService.connectToNodeLight(TransportService.java:242)
	at org.elasticsearch.discovery.zen.ping.unicast.UnicastZenPing$3.run(UnicastZenPing.java:395)
	at java.util.concurrent.ThreadPoolExecutor.runWorker(ThreadPoolExecutor.java:1142)
	at java.util.concurrent.ThreadPoolExecutor$Worker.run(ThreadPoolExecutor.java:617)
	at java.lang.Thread.run(Thread.java:745)
Caused by: java.net.ConnectException: Connection refused: /127.0.0.1:9442
	at sun.nio.ch.SocketChannelImpl.checkConnect(Native Method)
	at sun.nio.ch.SocketChannelImpl.finishConnect(SocketChannelImpl.java:717)
	at org.jboss.netty.channel.socket.nio.NioClientBoss.connect(NioClientBoss.java:152)
	at org.jboss.netty.channel.socket.nio.NioClientBoss.processSelectedKeys(NioClientBoss.java:105)
	at org.jboss.netty.channel.socket.nio.NioClientBoss.process(NioClientBoss.java:79)
	at org.jboss.netty.channel.socket.nio.AbstractNioSelector.run(AbstractNioSelector.java:337)
	at org.jboss.netty.channel.socket.nio.NioClientBoss.run(NioClientBoss.java:42)
	at org.jboss.netty.util.ThreadRenamingRunnable.run(ThreadRenamingRunnable.java:108)
	at org.jboss.netty.util.internal.DeadLockProofWorker$1.run(DeadLockProofWorker.java:42)
	... 3 more
[2016-04-18 03:03:36,078][TRACE][org.elasticsearch.discovery.zen.ping.unicast] [node_t1] [3] failed to connect to {#zen_unicast_5#}{127.0.0.1}{127.0.0.1:9444}
ConnectTransportException[[][127.0.0.1:9444] connect_timeout[30s]]; nested: ConnectException[Connection refused: /127.0.0.1:9444];
	at org.elasticsearch.transport.netty.NettyTransport.connectToChannelsLight(NettyTransport.java:954)
	at org.elasticsearch.transport.netty.NettyTransport.connectToNode(NettyTransport.java:918)
	at org.elasticsearch.transport.netty.NettyTransport.connectToNodeLight(NettyTransport.java:890)
	at org.elasticsearch.test.transport.MockTransportService$LookupTestTransport.connectToNodeLight(MockTransportService.java:413)
	at org.elasticsearch.transport.TransportService.connectToNodeLight(TransportService.java:242)
	at org.elasticsearch.discovery.zen.ping.unicast.UnicastZenPing$3.run(UnicastZenPing.java:395)
	at java.util.concurrent.ThreadPoolExecutor.runWorker(ThreadPoolExecutor.java:1142)
	at java.util.concurrent.ThreadPoolExecutor$Worker.run(ThreadPoolExecutor.java:617)
	at java.lang.Thread.run(Thread.java:745)
Caused by: java.net.ConnectException: Connection refused: /127.0.0.1:9444
	at sun.nio.ch.SocketChannelImpl.checkConnect(Native Method)
	at sun.nio.ch.SocketChannelImpl.finishConnect(SocketChannelImpl.java:717)
	at org.jboss.netty.channel.socket.nio.NioClientBoss.connect(NioClientBoss.java:152)
	at org.jboss.netty.channel.socket.nio.NioClientBoss.processSelectedKeys(NioClientBoss.java:105)
	at org.jboss.netty.channel.socket.nio.NioClientBoss.process(NioClientBoss.java:79)
	at org.jboss.netty.channel.socket.nio.AbstractNioSelector.run(AbstractNioSelector.java:337)
	at org.jboss.netty.channel.socket.nio.NioClientBoss.run(NioClientBoss.java:42)
	at org.jboss.netty.util.ThreadRenamingRunnable.run(ThreadRenamingRunnable.java:108)
	at org.jboss.netty.util.internal.DeadLockProofWorker$1.run(DeadLockProofWorker.java:42)
	... 3 more
[2016-04-18 03:03:36,078][TRACE][org.elasticsearch.discovery.zen.ping.unicast] [node_t1] [3] failed to connect to {#zen_unicast_4#}{127.0.0.1}{127.0.0.1:9443}
ConnectTransportException[[][127.0.0.1:9443] connect_timeout[30s]]; nested: ConnectException[Connection refused: /127.0.0.1:9443];
	at org.elasticsearch.transport.netty.NettyTransport.connectToChannelsLight(NettyTransport.java:954)
	at org.elasticsearch.transport.netty.NettyTransport.connectToNode(NettyTransport.java:918)
	at org.elasticsearch.transport.netty.NettyTransport.connectToNodeLight(NettyTransport.java:890)
	at org.elasticsearch.test.transport.MockTransportService$LookupTestTransport.connectToNodeLight(MockTransportService.java:413)
	at org.elasticsearch.transport.TransportService.connectToNodeLight(TransportService.java:242)
	at org.elasticsearch.discovery.zen.ping.unicast.UnicastZenPing$3.run(UnicastZenPing.java:395)
	at java.util.concurrent.ThreadPoolExecutor.runWorker(ThreadPoolExecutor.java:1142)
	at java.util.concurrent.ThreadPoolExecutor$Worker.run(ThreadPoolExecutor.java:617)
	at java.lang.Thread.run(Thread.java:745)
Caused by: java.net.ConnectException: Connection refused: /127.0.0.1:9443
	at sun.nio.ch.SocketChannelImpl.checkConnect(Native Method)
	at sun.nio.ch.SocketChannelImpl.finishConnect(SocketChannelImpl.java:717)
	at org.jboss.netty.channel.socket.nio.NioClientBoss.connect(NioClientBoss.java:152)
	at org.jboss.netty.channel.socket.nio.NioClientBoss.processSelectedKeys(NioClientBoss.java:105)
	at org.jboss.netty.channel.socket.nio.NioClientBoss.process(NioClientBoss.java:79)
	at org.jboss.netty.channel.socket.nio.AbstractNioSelector.run(AbstractNioSelector.java:337)
	at org.jboss.netty.channel.socket.nio.NioClientBoss.run(NioClientBoss.java:42)
	at org.jboss.netty.util.ThreadRenamingRunnable.run(ThreadRenamingRunnable.java:108)
	at org.jboss.netty.util.internal.DeadLockProofWorker$1.run(DeadLockProofWorker.java:42)
	... 3 more
[2016-04-18 03:03:36,078][TRACE][org.elasticsearch.discovery.zen.ping.unicast] [node_t1] [3] connected to {#zen_unicast_7#}{::1}{[::1]:9441}
[2016-04-18 03:03:36,078][TRACE][org.elasticsearch.discovery.zen.ping.unicast] [node_t1] [3] failed to connect to {#zen_unicast_6#}{::1}{[::1]:9440}
ConnectTransportException[[][[::1]:9440] connect_timeout[30s]]; nested: ConnectException[Connection refused: /0:0:0:0:0:0:0:1:9440];
	at org.elasticsearch.transport.netty.NettyTransport.connectToChannelsLight(NettyTransport.java:954)
	at org.elasticsearch.transport.netty.NettyTransport.connectToNode(NettyTransport.java:918)
	at org.elasticsearch.transport.netty.NettyTransport.connectToNodeLight(NettyTransport.java:890)
	at org.elasticsearch.test.transport.MockTransportService$LookupTestTransport.connectToNodeLight(MockTransportService.java:413)
	at org.elasticsearch.transport.TransportService.connectToNodeLight(TransportService.java:242)
	at org.elasticsearch.discovery.zen.ping.unicast.UnicastZenPing$3.run(UnicastZenPing.java:395)
	at java.util.concurrent.ThreadPoolExecutor.runWorker(ThreadPoolExecutor.java:1142)
	at java.util.concurrent.ThreadPoolExecutor$Worker.run(ThreadPoolExecutor.java:617)
	at java.lang.Thread.run(Thread.java:745)
Caused by: java.net.ConnectException: Connection refused: /0:0:0:0:0:0:0:1:9440
	at sun.nio.ch.SocketChannelImpl.checkConnect(Native Method)
	at sun.nio.ch.SocketChannelImpl.finishConnect(SocketChannelImpl.java:717)
	at org.jboss.netty.channel.socket.nio.NioClientBoss.connect(NioClientBoss.java:152)
	at org.jboss.netty.channel.socket.nio.NioClientBoss.processSelectedKeys(NioClientBoss.java:105)
	at org.jboss.netty.channel.socket.nio.NioClientBoss.process(NioClientBoss.java:79)
	at org.jboss.netty.channel.socket.nio.AbstractNioSelector.run(AbstractNioSelector.java:337)
	at org.jboss.netty.channel.socket.nio.NioClientBoss.run(NioClientBoss.java:42)
	at org.jboss.netty.util.ThreadRenamingRunnable.run(ThreadRenamingRunnable.java:108)
	at org.jboss.netty.util.internal.DeadLockProofWorker$1.run(DeadLockProofWorker.java:42)
	... 3 more
[2016-04-18 03:03:36,078][TRACE][org.elasticsearch.discovery.zen.ping.unicast] [node_t1] [3] connecting to {node_t2}{zpsanQF7R4u6zEfa6p-Xfw}{127.0.0.1}{127.0.0.1:9440}[mode=>network]
[2016-04-18 03:03:36,077][TRACE][org.elasticsearch.discovery.zen.ping.unicast] [node_t1] [3] failed to connect to {#zen_unicast_10#}{::1}{[::1]:9444}
ConnectTransportException[[][[::1]:9444] connect_timeout[30s]]; nested: ConnectException[Connection refused: /0:0:0:0:0:0:0:1:9444];
	at org.elasticsearch.transport.netty.NettyTransport.connectToChannelsLight(NettyTransport.java:954)
	at org.elasticsearch.transport.netty.NettyTransport.connectToNode(NettyTransport.java:918)
	at org.elasticsearch.transport.netty.NettyTransport.connectToNodeLight(NettyTransport.java:890)
	at org.elasticsearch.test.transport.MockTransportService$LookupTestTransport.connectToNodeLight(MockTransportService.java:413)
	at org.elasticsearch.transport.TransportService.connectToNodeLight(TransportService.java:242)
	at org.elasticsearch.discovery.zen.ping.unicast.UnicastZenPing$3.run(UnicastZenPing.java:395)
	at java.util.concurrent.ThreadPoolExecutor.runWorker(ThreadPoolExecutor.java:1142)
	at java.util.concurrent.ThreadPoolExecutor$Worker.run(ThreadPoolExecutor.java:617)
	at java.lang.Thread.run(Thread.java:745)
Caused by: java.net.ConnectException: Connection refused: /0:0:0:0:0:0:0:1:9444
	at sun.nio.ch.SocketChannelImpl.checkConnect(Native Method)
	at sun.nio.ch.SocketChannelImpl.finishConnect(SocketChannelImpl.java:717)
	at org.jboss.netty.channel.socket.nio.NioClientBoss.connect(NioClientBoss.java:152)
	at org.jboss.netty.channel.socket.nio.NioClientBoss.processSelectedKeys(NioClientBoss.java:105)
	at org.jboss.netty.channel.socket.nio.NioClientBoss.process(NioClientBoss.java:79)
	at org.jboss.netty.channel.socket.nio.AbstractNioSelector.run(AbstractNioSelector.java:337)
	at org.jboss.netty.channel.socket.nio.NioClientBoss.run(NioClientBoss.java:42)
	at org.jboss.netty.util.ThreadRenamingRunnable.run(ThreadRenamingRunnable.java:108)
	at org.jboss.netty.util.internal.DeadLockProofWorker$1.run(DeadLockProofWorker.java:42)
	... 3 more
[2016-04-18 03:03:36,079][TRACE][org.elasticsearch.discovery.zen.ping.unicast] [node_t1] [3] sending to {#zen_unicast_7#}{::1}{[::1]:9441}
[2016-04-18 03:03:36,079][DEBUG][org.elasticsearch.cluster.service] [node_t1] processing [zen-disco-node_left({node_t2}{zpsanQF7R4u6zEfa6p-Xfw}{127.0.0.1}{127.0.0.1:9440}[mode=>network])]: took 3ms done applying updated cluster_state (version: 25, uuid: NRK-ilSsQEmsKhWAytebWA)
[2016-04-18 03:03:36,080][TRACE][org.elasticsearch.discovery.zen.ping.unicast] [node_t1] [3] received response from {#zen_unicast_7#}{::1}{[::1]:9441}: [ping_response{node [{node_t1}{YucHs-5XRNO-JChWAzIIZg}{127.0.0.1}{127.0.0.1:9441}[mode=>network]], id[396], master [null], hasJoinedOnce [true], cluster_name[TEST-CHILD_VM=[0]-CLUSTER_SEED=[-7449427405447180618]-HASH=[2645B46835F9]-cluster]}, ping_response{node [{node_t1}{YucHs-5XRNO-JChWAzIIZg}{127.0.0.1}{127.0.0.1:9441}[mode=>network]], id[396], master [null], hasJoinedOnce [true], cluster_name[TEST-CHILD_VM=[0]-CLUSTER_SEED=[-7449427405447180618]-HASH=[2645B46835F9]-cluster]}, ping_response{node [{node_t1}{YucHs-5XRNO-JChWAzIIZg}{127.0.0.1}{127.0.0.1:9441}[mode=>network]], id[396], master [null], hasJoinedOnce [true], cluster_name[TEST-CHILD_VM=[0]-CLUSTER_SEED=[-7449427405447180618]-HASH=[2645B46835F9]-cluster]}, ping_response{node [{node_t2}{zpsanQF7R4u6zEfa6p-Xfw}{127.0.0.1}{127.0.0.1:9440}[mode=>network]], id[403], master [null], hasJoinedOnce [false], cluster_name[TEST-CHILD_VM=[0]-CLUSTER_SEED=[-7449427405447180618]-HASH=[2645B46835F9]-cluster]}, ping_response{node [{node_t2}{zpsanQF7R4u6zEfa6p-Xfw}{127.0.0.1}{127.0.0.1:9440}[mode=>network]], id[403], master [null], hasJoinedOnce [false], cluster_name[TEST-CHILD_VM=[0]-CLUSTER_SEED=[-7449427405447180618]-HASH=[2645B46835F9]-cluster]}, ping_response{node [{node_t2}{zpsanQF7R4u6zEfa6p-Xfw}{127.0.0.1}{127.0.0.1:9440}[mode=>network]], id[403], master [null], hasJoinedOnce [false], cluster_name[TEST-CHILD_VM=[0]-CLUSTER_SEED=[-7449427405447180618]-HASH=[2645B46835F9]-cluster]}, ping_response{node [{node_t1}{YucHs-5XRNO-JChWAzIIZg}{127.0.0.1}{127.0.0.1:9441}[mode=>network]], id[410], master [{node_t1}{YucHs-5XRNO-JChWAzIIZg}{127.0.0.1}{127.0.0.1:9441}[mode=>network]], hasJoinedOnce [true], cluster_name[TEST-CHILD_VM=[0]-CLUSTER_SEED=[-7449427405447180618]-HASH=[2645B46835F9]-cluster]}, ping_response{node [{node_t1}{YucHs-5XRNO-JChWAzIIZg}{127.0.0.1}{127.0.0.1:9441}[mode=>network]], id[410], master [{node_t1}{YucHs-5XRNO-JChWAzIIZg}{127.0.0.1}{127.0.0.1:9441}[mode=>network]], hasJoinedOnce [true], cluster_name[TEST-CHILD_VM=[0]-CLUSTER_SEED=[-7449427405447180618]-HASH=[2645B46835F9]-cluster]}, ping_response{node [{node_t1}{YucHs-5XRNO-JChWAzIIZg}{127.0.0.1}{127.0.0.1:9441}[mode=>network]], id[410], master [{node_t1}{YucHs-5XRNO-JChWAzIIZg}{127.0.0.1}{127.0.0.1:9441}[mode=>network]], hasJoinedOnce [true], cluster_name[TEST-CHILD_VM=[0]-CLUSTER_SEED=[-7449427405447180618]-HASH=[2645B46835F9]-cluster]}, ping_response{node [{node_t1}{YucHs-5XRNO-JChWAzIIZg}{127.0.0.1}{127.0.0.1:9441}[mode=>network]], id[413], master [null], hasJoinedOnce [true], cluster_name[TEST-CHILD_VM=[0]-CLUSTER_SEED=[-7449427405447180618]-HASH=[2645B46835F9]-cluster]}]
[2016-04-18 03:03:36,081][TRACE][org.elasticsearch.discovery.zen.ping.unicast] [node_t1] [3] failed to connect to {node_t2}{zpsanQF7R4u6zEfa6p-Xfw}{127.0.0.1}{127.0.0.1:9440}[mode=>network]
ConnectTransportException[[node_t2][127.0.0.1:9440] connect_timeout[30s]]; nested: ConnectException[Connection refused: /127.0.0.1:9440];
	at org.elasticsearch.transport.netty.NettyTransport.connectToChannels(NettyTransport.java:989)
	at org.elasticsearch.transport.netty.NettyTransport.connectToNode(NettyTransport.java:922)
	at org.elasticsearch.transport.netty.NettyTransport.connectToNode(NettyTransport.java:895)
	at org.elasticsearch.test.transport.MockTransportService$LookupTestTransport.connectToNode(MockTransportService.java:408)
	at org.elasticsearch.transport.TransportService.connectToNode(TransportService.java:235)
	at org.elasticsearch.discovery.zen.ping.unicast.UnicastZenPing$3.run(UnicastZenPing.java:398)
	at java.util.concurrent.ThreadPoolExecutor.runWorker(ThreadPoolExecutor.java:1142)
	at java.util.concurrent.ThreadPoolExecutor$Worker.run(ThreadPoolExecutor.java:617)
	at java.lang.Thread.run(Thread.java:745)
Caused by: java.net.ConnectException: Connection refused: /127.0.0.1:9440
	at sun.nio.ch.SocketChannelImpl.checkConnect(Native Method)
	at sun.nio.ch.SocketChannelImpl.finishConnect(SocketChannelImpl.java:717)
	at org.jboss.netty.channel.socket.nio.NioClientBoss.connect(NioClientBoss.java:152)
	at org.jboss.netty.channel.socket.nio.NioClientBoss.processSelectedKeys(NioClientBoss.java:105)
	at org.jboss.netty.channel.socket.nio.NioClientBoss.process(NioClientBoss.java:79)
	at org.jboss.netty.channel.socket.nio.AbstractNioSelector.run(AbstractNioSelector.java:337)
	at org.jboss.netty.channel.socket.nio.NioClientBoss.run(NioClientBoss.java:42)
	at org.jboss.netty.util.ThreadRenamingRunnable.run(ThreadRenamingRunnable.java:108)
	at org.jboss.netty.util.internal.DeadLockProofWorker$1.run(DeadLockProofWorker.java:42)
	... 3 more
[2016-04-18 03:03:36,100][DEBUG][org.elasticsearch.discovery.zen.elect] [node_t3] using minimum_master_nodes [2]
[2016-04-18 03:03:36,100][DEBUG][org.elasticsearch.discovery.zen.ping.unicast] [node_t3] using initial hosts [127.0.0.1, [::1]], with concurrent_connects [10]
[2016-04-18 03:03:36,100][DEBUG][org.elasticsearch.discovery.zen] [node_t3] using ping_timeout [200ms], join.timeout [4s], master_election.filter_client [true], master_election.filter_data [false]
[2016-04-18 03:03:36,100][DEBUG][org.elasticsearch.discovery.zen.fd] [node_t3] [master] uses ping_interval [1s], ping_timeout [30s], ping_retries [3]
[2016-04-18 03:03:36,100][DEBUG][org.elasticsearch.discovery.zen.fd] [node_t3] [node  ] uses ping_interval [1s], ping_timeout [30s], ping_retries [3]
[2016-04-18 03:03:36,101][DEBUG][org.elasticsearch.gateway] [node_t3] using initial_shards [quorum]
[2016-04-18 03:03:36,106][TRACE][org.elasticsearch.gateway] [node_t3] [upgrade]: processing [global-1.st]
[2016-04-18 03:03:36,106][TRACE][org.elasticsearch.gateway] [node_t3] found state file: [id:1, legacy:false, file:/Users/lwiskowski/CSE2410_spring2016_projectileDysfunction/core/build/testrun/integTest/J0/temp/org.elasticsearch.cluster.MinimumMasterNodesIT_AF876320E2D19F69-001/tempDir-002/data/TEST-CHILD_VM=[0]-CLUSTER_SEED=[-7449427405447180618]-HASH=[2645B46835F9]-cluster/nodes/0/_state/global-1.st]
[2016-04-18 03:03:36,106][TRACE][org.elasticsearch.gateway] [node_t3] state id [1] read from [global-1.st]
[2016-04-18 03:03:36,106][TRACE][org.elasticsearch.gateway] [node_t3] found state file: [id:20, legacy:false, file:/Users/lwiskowski/CSE2410_spring2016_projectileDysfunction/core/build/testrun/integTest/J0/temp/org.elasticsearch.cluster.MinimumMasterNodesIT_AF876320E2D19F69-001/tempDir-002/data/TEST-CHILD_VM=[0]-CLUSTER_SEED=[-7449427405447180618]-HASH=[2645B46835F9]-cluster/nodes/0/indices/test/_state/state-20.st]
[2016-04-18 03:03:36,107][TRACE][org.elasticsearch.gateway] [node_t3] state id [20] read from [state-20.st]
[2016-04-18 03:03:36,107][TRACE][org.elasticsearch.gateway] [node_t3] found state file: [id:1, legacy:false, file:/Users/lwiskowski/CSE2410_spring2016_projectileDysfunction/core/build/testrun/integTest/J0/temp/org.elasticsearch.cluster.MinimumMasterNodesIT_AF876320E2D19F69-001/tempDir-002/data/TEST-CHILD_VM=[0]-CLUSTER_SEED=[-7449427405447180618]-HASH=[2645B46835F9]-cluster/nodes/0/_state/global-1.st]
[2016-04-18 03:03:36,107][TRACE][org.elasticsearch.gateway] [node_t3] state id [1] read from [global-1.st]
[2016-04-18 03:03:36,107][TRACE][org.elasticsearch.gateway] [node_t3] found state file: [id:20, legacy:false, file:/Users/lwiskowski/CSE2410_spring2016_projectileDysfunction/core/build/testrun/integTest/J0/temp/org.elasticsearch.cluster.MinimumMasterNodesIT_AF876320E2D19F69-001/tempDir-002/data/TEST-CHILD_VM=[0]-CLUSTER_SEED=[-7449427405447180618]-HASH=[2645B46835F9]-cluster/nodes/0/indices/test/_state/state-20.st]
[2016-04-18 03:03:36,108][TRACE][org.elasticsearch.gateway] [node_t3] state id [20] read from [state-20.st]
[2016-04-18 03:03:36,108][DEBUG][org.elasticsearch.gateway] [node_t3] took 0s to load state
[2016-04-18 03:03:36,112][TRACE][org.elasticsearch.cluster.service] [node_t3] will process [initial_join]
[2016-04-18 03:03:36,112][DEBUG][org.elasticsearch.cluster.service] [node_t3] processing [initial_join]: execute
[2016-04-18 03:03:36,112][DEBUG][org.elasticsearch.cluster.service] [node_t3] processing [initial_join]: took 0s no change in cluster_state
[2016-04-18 03:03:36,112][TRACE][org.elasticsearch.discovery.zen] [node_t3] starting to accumulate joins
[2016-04-18 03:03:36,112][TRACE][org.elasticsearch.discovery.zen] [node_t3] starting to ping
[2016-04-18 03:03:36,112][TRACE][org.elasticsearch.discovery.zen.ping.unicast] [node_t3] [1] sending to {node_t3}{9i0gKojbTKKnv4dUyhJboA}{127.0.0.1}{127.0.0.1:9440}[mode=>network]
[2016-04-18 03:03:36,112][TRACE][org.elasticsearch.discovery.zen.ping.unicast] [node_t3] [1] received response from {node_t3}{9i0gKojbTKKnv4dUyhJboA}{127.0.0.1}{127.0.0.1:9440}[mode=>network]: [ping_response{node [{node_t3}{9i0gKojbTKKnv4dUyhJboA}{127.0.0.1}{127.0.0.1:9440}[mode=>network]], id[414], master [null], hasJoinedOnce [false], cluster_name[TEST-CHILD_VM=[0]-CLUSTER_SEED=[-7449427405447180618]-HASH=[2645B46835F9]-cluster]}, ping_response{node [{node_t3}{9i0gKojbTKKnv4dUyhJboA}{127.0.0.1}{127.0.0.1:9440}[mode=>network]], id[415], master [null], hasJoinedOnce [false], cluster_name[TEST-CHILD_VM=[0]-CLUSTER_SEED=[-7449427405447180618]-HASH=[2645B46835F9]-cluster]}]
[2016-04-18 03:03:36,112][TRACE][org.elasticsearch.discovery.zen.ping.unicast] [node_t3] [1] connecting (light) to {#zen_unicast_2#}{127.0.0.1}{127.0.0.1:9441}
[2016-04-18 03:03:36,112][TRACE][org.elasticsearch.discovery.zen.ping.unicast] [node_t3] [1] connecting (light) to {#zen_unicast_3#}{127.0.0.1}{127.0.0.1:9442}
[2016-04-18 03:03:36,112][TRACE][org.elasticsearch.discovery.zen.ping.unicast] [node_t3] [1] connecting (light) to {#zen_unicast_4#}{127.0.0.1}{127.0.0.1:9443}
[2016-04-18 03:03:36,112][TRACE][org.elasticsearch.discovery.zen.ping.unicast] [node_t3] [1] connecting (light) to {#zen_unicast_5#}{127.0.0.1}{127.0.0.1:9444}
[2016-04-18 03:03:36,112][TRACE][org.elasticsearch.discovery.zen.ping.unicast] [node_t3] [1] connecting (light) to {#zen_unicast_6#}{::1}{[::1]:9440}
[2016-04-18 03:03:36,112][TRACE][org.elasticsearch.discovery.zen.ping.unicast] [node_t3] [1] connecting (light) to {#zen_unicast_7#}{::1}{[::1]:9441}
[2016-04-18 03:03:36,113][TRACE][org.elasticsearch.discovery.zen.ping.unicast] [node_t3] [1] connecting (light) to {#zen_unicast_8#}{::1}{[::1]:9442}
[2016-04-18 03:03:36,113][TRACE][org.elasticsearch.discovery.zen.ping.unicast] [node_t3] [1] connecting (light) to {#zen_unicast_9#}{::1}{[::1]:9443}
[2016-04-18 03:03:36,113][TRACE][org.elasticsearch.discovery.zen.ping.unicast] [node_t3] [1] failed to connect to {#zen_unicast_3#}{127.0.0.1}{127.0.0.1:9442}
ConnectTransportException[[][127.0.0.1:9442] connect_timeout[30s]]; nested: ConnectException[Connection refused: /127.0.0.1:9442];
	at org.elasticsearch.transport.netty.NettyTransport.connectToChannelsLight(NettyTransport.java:954)
	at org.elasticsearch.transport.netty.NettyTransport.connectToNode(NettyTransport.java:918)
	at org.elasticsearch.transport.netty.NettyTransport.connectToNodeLight(NettyTransport.java:890)
	at org.elasticsearch.test.transport.MockTransportService$LookupTestTransport.connectToNodeLight(MockTransportService.java:413)
	at org.elasticsearch.transport.TransportService.connectToNodeLight(TransportService.java:242)
	at org.elasticsearch.discovery.zen.ping.unicast.UnicastZenPing$3.run(UnicastZenPing.java:395)
	at java.util.concurrent.ThreadPoolExecutor.runWorker(ThreadPoolExecutor.java:1142)
	at java.util.concurrent.ThreadPoolExecutor$Worker.run(ThreadPoolExecutor.java:617)
	at java.lang.Thread.run(Thread.java:745)
Caused by: java.net.ConnectException: Connection refused: /127.0.0.1:9442
	at sun.nio.ch.SocketChannelImpl.checkConnect(Native Method)
	at sun.nio.ch.SocketChannelImpl.finishConnect(SocketChannelImpl.java:717)
	at org.jboss.netty.channel.socket.nio.NioClientBoss.connect(NioClientBoss.java:152)
	at org.jboss.netty.channel.socket.nio.NioClientBoss.processSelectedKeys(NioClientBoss.java:105)
	at org.jboss.netty.channel.socket.nio.NioClientBoss.process(NioClientBoss.java:79)
	at org.jboss.netty.channel.socket.nio.AbstractNioSelector.run(AbstractNioSelector.java:337)
	at org.jboss.netty.channel.socket.nio.NioClientBoss.run(NioClientBoss.java:42)
	at org.jboss.netty.util.ThreadRenamingRunnable.run(ThreadRenamingRunnable.java:108)
	at org.jboss.netty.util.internal.DeadLockProofWorker$1.run(DeadLockProofWorker.java:42)
	... 3 more
[2016-04-18 03:03:36,113][TRACE][org.elasticsearch.discovery.zen.ping.unicast] [node_t3] [1] connecting (light) to {#zen_unicast_10#}{::1}{[::1]:9444}
[2016-04-18 03:03:36,113][TRACE][org.elasticsearch.discovery.zen.ping.unicast] [node_t3] [1] failed to connect to {#zen_unicast_5#}{127.0.0.1}{127.0.0.1:9444}
ConnectTransportException[[][127.0.0.1:9444] connect_timeout[30s]]; nested: ConnectException[Connection refused: /127.0.0.1:9444];
	at org.elasticsearch.transport.netty.NettyTransport.connectToChannelsLight(NettyTransport.java:954)
	at org.elasticsearch.transport.netty.NettyTransport.connectToNode(NettyTransport.java:918)
	at org.elasticsearch.transport.netty.NettyTransport.connectToNodeLight(NettyTransport.java:890)
	at org.elasticsearch.test.transport.MockTransportService$LookupTestTransport.connectToNodeLight(MockTransportService.java:413)
	at org.elasticsearch.transport.TransportService.connectToNodeLight(TransportService.java:242)
	at org.elasticsearch.discovery.zen.ping.unicast.UnicastZenPing$3.run(UnicastZenPing.java:395)
	at java.util.concurrent.ThreadPoolExecutor.runWorker(ThreadPoolExecutor.java:1142)
	at java.util.concurrent.ThreadPoolExecutor$Worker.run(ThreadPoolExecutor.java:617)
	at java.lang.Thread.run(Thread.java:745)
Caused by: java.net.ConnectException: Connection refused: /127.0.0.1:9444
	at sun.nio.ch.SocketChannelImpl.checkConnect(Native Method)
	at sun.nio.ch.SocketChannelImpl.finishConnect(SocketChannelImpl.java:717)
	at org.jboss.netty.channel.socket.nio.NioClientBoss.connect(NioClientBoss.java:152)
	at org.jboss.netty.channel.socket.nio.NioClientBoss.processSelectedKeys(NioClientBoss.java:105)
	at org.jboss.netty.channel.socket.nio.NioClientBoss.process(NioClientBoss.java:79)
	at org.jboss.netty.channel.socket.nio.AbstractNioSelector.run(AbstractNioSelector.java:337)
	at org.jboss.netty.channel.socket.nio.NioClientBoss.run(NioClientBoss.java:42)
	at org.jboss.netty.util.ThreadRenamingRunnable.run(ThreadRenamingRunnable.java:108)
	at org.jboss.netty.util.internal.DeadLockProofWorker$1.run(DeadLockProofWorker.java:42)
	... 3 more
[2016-04-18 03:03:36,113][TRACE][org.elasticsearch.discovery.zen.ping.unicast] [node_t3] [1] failed to connect to {#zen_unicast_8#}{::1}{[::1]:9442}
ConnectTransportException[[][[::1]:9442] connect_timeout[30s]]; nested: ConnectException[Connection refused: /0:0:0:0:0:0:0:1:9442];
	at org.elasticsearch.transport.netty.NettyTransport.connectToChannelsLight(NettyTransport.java:954)
	at org.elasticsearch.transport.netty.NettyTransport.connectToNode(NettyTransport.java:918)
	at org.elasticsearch.transport.netty.NettyTransport.connectToNodeLight(NettyTransport.java:890)
	at org.elasticsearch.test.transport.MockTransportService$LookupTestTransport.connectToNodeLight(MockTransportService.java:413)
	at org.elasticsearch.transport.TransportService.connectToNodeLight(TransportService.java:242)
	at org.elasticsearch.discovery.zen.ping.unicast.UnicastZenPing$3.run(UnicastZenPing.java:395)
	at java.util.concurrent.ThreadPoolExecutor.runWorker(ThreadPoolExecutor.java:1142)
	at java.util.concurrent.ThreadPoolExecutor$Worker.run(ThreadPoolExecutor.java:617)
	at java.lang.Thread.run(Thread.java:745)
Caused by: java.net.ConnectException: Connection refused: /0:0:0:0:0:0:0:1:9442
	at sun.nio.ch.SocketChannelImpl.checkConnect(Native Method)
	at sun.nio.ch.SocketChannelImpl.finishConnect(SocketChannelImpl.java:717)
	at org.jboss.netty.channel.socket.nio.NioClientBoss.connect(NioClientBoss.java:152)
	at org.jboss.netty.channel.socket.nio.NioClientBoss.processSelectedKeys(NioClientBoss.java:105)
	at org.jboss.netty.channel.socket.nio.NioClientBoss.process(NioClientBoss.java:79)
	at org.jboss.netty.channel.socket.nio.AbstractNioSelector.run(AbstractNioSelector.java:337)
	at org.jboss.netty.channel.socket.nio.NioClientBoss.run(NioClientBoss.java:42)
	at org.jboss.netty.util.ThreadRenamingRunnable.run(ThreadRenamingRunnable.java:108)
	at org.jboss.netty.util.internal.DeadLockProofWorker$1.run(DeadLockProofWorker.java:42)
	... 3 more
[2016-04-18 03:03:36,113][TRACE][org.elasticsearch.discovery.zen.ping.unicast] [node_t3] [1] sending to {node_t3}{9i0gKojbTKKnv4dUyhJboA}{127.0.0.1}{127.0.0.1:9440}[mode=>network]
[2016-04-18 03:03:36,113][TRACE][org.elasticsearch.discovery.zen.ping.unicast] [node_t3] [1] connected to {#zen_unicast_2#}{127.0.0.1}{127.0.0.1:9441}
[2016-04-18 03:03:36,113][TRACE][org.elasticsearch.discovery.zen.ping.unicast] [node_t3] [1] failed to connect to {#zen_unicast_10#}{::1}{[::1]:9444}
ConnectTransportException[[][[::1]:9444] connect_timeout[30s]]; nested: ConnectException[Connection refused: /0:0:0:0:0:0:0:1:9444];
	at org.elasticsearch.transport.netty.NettyTransport.connectToChannelsLight(NettyTransport.java:954)
	at org.elasticsearch.transport.netty.NettyTransport.connectToNode(NettyTransport.java:918)
	at org.elasticsearch.transport.netty.NettyTransport.connectToNodeLight(NettyTransport.java:890)
	at org.elasticsearch.test.transport.MockTransportService$LookupTestTransport.connectToNodeLight(MockTransportService.java:413)
	at org.elasticsearch.transport.TransportService.connectToNodeLight(TransportService.java:242)
	at org.elasticsearch.discovery.zen.ping.unicast.UnicastZenPing$3.run(UnicastZenPing.java:395)
	at java.util.concurrent.ThreadPoolExecutor.runWorker(ThreadPoolExecutor.java:1142)
	at java.util.concurrent.ThreadPoolExecutor$Worker.run(ThreadPoolExecutor.java:617)
	at java.lang.Thread.run(Thread.java:745)
Caused by: java.net.ConnectException: Connection refused: /0:0:0:0:0:0:0:1:9444
	at sun.nio.ch.SocketChannelImpl.checkConnect(Native Method)
	at sun.nio.ch.SocketChannelImpl.finishConnect(SocketChannelImpl.java:717)
	at org.jboss.netty.channel.socket.nio.NioClientBoss.connect(NioClientBoss.java:152)
	at org.jboss.netty.channel.socket.nio.NioClientBoss.processSelectedKeys(NioClientBoss.java:105)
	at org.jboss.netty.channel.socket.nio.NioClientBoss.process(NioClientBoss.java:79)
	at org.jboss.netty.channel.socket.nio.AbstractNioSelector.run(AbstractNioSelector.java:337)
	at org.jboss.netty.channel.socket.nio.NioClientBoss.run(NioClientBoss.java:42)
	at org.jboss.netty.util.ThreadRenamingRunnable.run(ThreadRenamingRunnable.java:108)
	at org.jboss.netty.util.internal.DeadLockProofWorker$1.run(DeadLockProofWorker.java:42)
	... 3 more
[2016-04-18 03:03:36,113][TRACE][org.elasticsearch.discovery.zen.ping.unicast] [node_t3] [1] connected to {#zen_unicast_7#}{::1}{[::1]:9441}
[2016-04-18 03:03:36,113][TRACE][org.elasticsearch.discovery.zen.ping.unicast] [node_t3] [1] failed to connect to {#zen_unicast_9#}{::1}{[::1]:9443}
ConnectTransportException[[][[::1]:9443] connect_timeout[30s]]; nested: ConnectException[Connection refused: /0:0:0:0:0:0:0:1:9443];
	at org.elasticsearch.transport.netty.NettyTransport.connectToChannelsLight(NettyTransport.java:954)
	at org.elasticsearch.transport.netty.NettyTransport.connectToNode(NettyTransport.java:918)
	at org.elasticsearch.transport.netty.NettyTransport.connectToNodeLight(NettyTransport.java:890)
	at org.elasticsearch.test.transport.MockTransportService$LookupTestTransport.connectToNodeLight(MockTransportService.java:413)
	at org.elasticsearch.transport.TransportService.connectToNodeLight(TransportService.java:242)
	at org.elasticsearch.discovery.zen.ping.unicast.UnicastZenPing$3.run(UnicastZenPing.java:395)
	at java.util.concurrent.ThreadPoolExecutor.runWorker(ThreadPoolExecutor.java:1142)
	at java.util.concurrent.ThreadPoolExecutor$Worker.run(ThreadPoolExecutor.java:617)
	at java.lang.Thread.run(Thread.java:745)
Caused by: java.net.ConnectException: Connection refused: /0:0:0:0:0:0:0:1:9443
	at sun.nio.ch.SocketChannelImpl.checkConnect(Native Method)
	at sun.nio.ch.SocketChannelImpl.finishConnect(SocketChannelImpl.java:717)
	at org.jboss.netty.channel.socket.nio.NioClientBoss.connect(NioClientBoss.java:152)
	at org.jboss.netty.channel.socket.nio.NioClientBoss.processSelectedKeys(NioClientBoss.java:105)
	at org.jboss.netty.channel.socket.nio.NioClientBoss.process(NioClientBoss.java:79)
	at org.jboss.netty.channel.socket.nio.AbstractNioSelector.run(AbstractNioSelector.java:337)
	at org.jboss.netty.channel.socket.nio.NioClientBoss.run(NioClientBoss.java:42)
	at org.jboss.netty.util.ThreadRenamingRunnable.run(ThreadRenamingRunnable.java:108)
	at org.jboss.netty.util.internal.DeadLockProofWorker$1.run(DeadLockProofWorker.java:42)
	... 3 more
[2016-04-18 03:03:36,113][TRACE][org.elasticsearch.discovery.zen.ping.unicast] [node_t3] [1] connected to {#zen_unicast_6#}{::1}{[::1]:9440}
[2016-04-18 03:03:36,113][TRACE][org.elasticsearch.discovery.zen.ping.unicast] [node_t3] [1] failed to connect to {#zen_unicast_4#}{127.0.0.1}{127.0.0.1:9443}
ConnectTransportException[[][127.0.0.1:9443] connect_timeout[30s]]; nested: ConnectException[Connection refused: /127.0.0.1:9443];
	at org.elasticsearch.transport.netty.NettyTransport.connectToChannelsLight(NettyTransport.java:954)
	at org.elasticsearch.transport.netty.NettyTransport.connectToNode(NettyTransport.java:918)
	at org.elasticsearch.transport.netty.NettyTransport.connectToNodeLight(NettyTransport.java:890)
	at org.elasticsearch.test.transport.MockTransportService$LookupTestTransport.connectToNodeLight(MockTransportService.java:413)
	at org.elasticsearch.transport.TransportService.connectToNodeLight(TransportService.java:242)
	at org.elasticsearch.discovery.zen.ping.unicast.UnicastZenPing$3.run(UnicastZenPing.java:395)
	at java.util.concurrent.ThreadPoolExecutor.runWorker(ThreadPoolExecutor.java:1142)
	at java.util.concurrent.ThreadPoolExecutor$Worker.run(ThreadPoolExecutor.java:617)
	at java.lang.Thread.run(Thread.java:745)
Caused by: java.net.ConnectException: Connection refused: /127.0.0.1:9443
	at sun.nio.ch.SocketChannelImpl.checkConnect(Native Method)
	at sun.nio.ch.SocketChannelImpl.finishConnect(SocketChannelImpl.java:717)
	at org.jboss.netty.channel.socket.nio.NioClientBoss.connect(NioClientBoss.java:152)
	at org.jboss.netty.channel.socket.nio.NioClientBoss.processSelectedKeys(NioClientBoss.java:105)
	at org.jboss.netty.channel.socket.nio.NioClientBoss.process(NioClientBoss.java:79)
	at org.jboss.netty.channel.socket.nio.AbstractNioSelector.run(AbstractNioSelector.java:337)
	at org.jboss.netty.channel.socket.nio.NioClientBoss.run(NioClientBoss.java:42)
	at org.jboss.netty.util.ThreadRenamingRunnable.run(ThreadRenamingRunnable.java:108)
	at org.jboss.netty.util.internal.DeadLockProofWorker$1.run(DeadLockProofWorker.java:42)
	... 3 more
[2016-04-18 03:03:36,114][TRACE][org.elasticsearch.discovery.zen.ping.unicast] [node_t3] [1] sending to {#zen_unicast_6#}{::1}{[::1]:9440}
[2016-04-18 03:03:36,114][TRACE][org.elasticsearch.discovery.zen.ping.unicast] [node_t3] [1] sending to {#zen_unicast_7#}{::1}{[::1]:9441}
[2016-04-18 03:03:36,114][TRACE][org.elasticsearch.discovery.zen.ping.unicast] [node_t3] [1] sending to {#zen_unicast_2#}{127.0.0.1}{127.0.0.1:9441}
[2016-04-18 03:03:36,114][TRACE][org.elasticsearch.discovery.zen.ping.unicast] [node_t3] [1] received response from {node_t3}{9i0gKojbTKKnv4dUyhJboA}{127.0.0.1}{127.0.0.1:9440}[mode=>network]: [ping_response{node [{node_t3}{9i0gKojbTKKnv4dUyhJboA}{127.0.0.1}{127.0.0.1:9440}[mode=>network]], id[414], master [null], hasJoinedOnce [false], cluster_name[TEST-CHILD_VM=[0]-CLUSTER_SEED=[-7449427405447180618]-HASH=[2645B46835F9]-cluster]}, ping_response{node [{node_t3}{9i0gKojbTKKnv4dUyhJboA}{127.0.0.1}{127.0.0.1:9440}[mode=>network]], id[414], master [null], hasJoinedOnce [false], cluster_name[TEST-CHILD_VM=[0]-CLUSTER_SEED=[-7449427405447180618]-HASH=[2645B46835F9]-cluster]}, ping_response{node [{node_t3}{9i0gKojbTKKnv4dUyhJboA}{127.0.0.1}{127.0.0.1:9440}[mode=>network]], id[416], master [null], hasJoinedOnce [false], cluster_name[TEST-CHILD_VM=[0]-CLUSTER_SEED=[-7449427405447180618]-HASH=[2645B46835F9]-cluster]}]
[2016-04-18 03:03:36,115][TRACE][org.elasticsearch.discovery.zen.ping.unicast] [node_t3] [1] received response from {#zen_unicast_6#}{::1}{[::1]:9440}: [ping_response{node [{node_t3}{9i0gKojbTKKnv4dUyhJboA}{127.0.0.1}{127.0.0.1:9440}[mode=>network]], id[414], master [null], hasJoinedOnce [false], cluster_name[TEST-CHILD_VM=[0]-CLUSTER_SEED=[-7449427405447180618]-HASH=[2645B46835F9]-cluster]}, ping_response{node [{node_t3}{9i0gKojbTKKnv4dUyhJboA}{127.0.0.1}{127.0.0.1:9440}[mode=>network]], id[414], master [null], hasJoinedOnce [false], cluster_name[TEST-CHILD_VM=[0]-CLUSTER_SEED=[-7449427405447180618]-HASH=[2645B46835F9]-cluster]}, ping_response{node [{node_t3}{9i0gKojbTKKnv4dUyhJboA}{127.0.0.1}{127.0.0.1:9440}[mode=>network]], id[414], master [null], hasJoinedOnce [false], cluster_name[TEST-CHILD_VM=[0]-CLUSTER_SEED=[-7449427405447180618]-HASH=[2645B46835F9]-cluster]}, ping_response{node [{node_t3}{9i0gKojbTKKnv4dUyhJboA}{127.0.0.1}{127.0.0.1:9440}[mode=>network]], id[419], master [null], hasJoinedOnce [false], cluster_name[TEST-CHILD_VM=[0]-CLUSTER_SEED=[-7449427405447180618]-HASH=[2645B46835F9]-cluster]}]
[2016-04-18 03:03:36,115][TRACE][org.elasticsearch.discovery.zen.ping.unicast] [node_t3] [1] received response from {#zen_unicast_7#}{::1}{[::1]:9441}: [ping_response{node [{node_t1}{YucHs-5XRNO-JChWAzIIZg}{127.0.0.1}{127.0.0.1:9441}[mode=>network]], id[396], master [null], hasJoinedOnce [true], cluster_name[TEST-CHILD_VM=[0]-CLUSTER_SEED=[-7449427405447180618]-HASH=[2645B46835F9]-cluster]}, ping_response{node [{node_t1}{YucHs-5XRNO-JChWAzIIZg}{127.0.0.1}{127.0.0.1:9441}[mode=>network]], id[396], master [null], hasJoinedOnce [true], cluster_name[TEST-CHILD_VM=[0]-CLUSTER_SEED=[-7449427405447180618]-HASH=[2645B46835F9]-cluster]}, ping_response{node [{node_t1}{YucHs-5XRNO-JChWAzIIZg}{127.0.0.1}{127.0.0.1:9441}[mode=>network]], id[396], master [null], hasJoinedOnce [true], cluster_name[TEST-CHILD_VM=[0]-CLUSTER_SEED=[-7449427405447180618]-HASH=[2645B46835F9]-cluster]}, ping_response{node [{node_t2}{zpsanQF7R4u6zEfa6p-Xfw}{127.0.0.1}{127.0.0.1:9440}[mode=>network]], id[403], master [null], hasJoinedOnce [false], cluster_name[TEST-CHILD_VM=[0]-CLUSTER_SEED=[-7449427405447180618]-HASH=[2645B46835F9]-cluster]}, ping_response{node [{node_t2}{zpsanQF7R4u6zEfa6p-Xfw}{127.0.0.1}{127.0.0.1:9440}[mode=>network]], id[403], master [null], hasJoinedOnce [false], cluster_name[TEST-CHILD_VM=[0]-CLUSTER_SEED=[-7449427405447180618]-HASH=[2645B46835F9]-cluster]}, ping_response{node [{node_t2}{zpsanQF7R4u6zEfa6p-Xfw}{127.0.0.1}{127.0.0.1:9440}[mode=>network]], id[403], master [null], hasJoinedOnce [false], cluster_name[TEST-CHILD_VM=[0]-CLUSTER_SEED=[-7449427405447180618]-HASH=[2645B46835F9]-cluster]}, ping_response{node [{node_t1}{YucHs-5XRNO-JChWAzIIZg}{127.0.0.1}{127.0.0.1:9441}[mode=>network]], id[410], master [{node_t1}{YucHs-5XRNO-JChWAzIIZg}{127.0.0.1}{127.0.0.1:9441}[mode=>network]], hasJoinedOnce [true], cluster_name[TEST-CHILD_VM=[0]-CLUSTER_SEED=[-7449427405447180618]-HASH=[2645B46835F9]-cluster]}, ping_response{node [{node_t1}{YucHs-5XRNO-JChWAzIIZg}{127.0.0.1}{127.0.0.1:9441}[mode=>network]], id[410], master [{node_t1}{YucHs-5XRNO-JChWAzIIZg}{127.0.0.1}{127.0.0.1:9441}[mode=>network]], hasJoinedOnce [true], cluster_name[TEST-CHILD_VM=[0]-CLUSTER_SEED=[-7449427405447180618]-HASH=[2645B46835F9]-cluster]}, ping_response{node [{node_t1}{YucHs-5XRNO-JChWAzIIZg}{127.0.0.1}{127.0.0.1:9441}[mode=>network]], id[410], master [{node_t1}{YucHs-5XRNO-JChWAzIIZg}{127.0.0.1}{127.0.0.1:9441}[mode=>network]], hasJoinedOnce [true], cluster_name[TEST-CHILD_VM=[0]-CLUSTER_SEED=[-7449427405447180618]-HASH=[2645B46835F9]-cluster]}, ping_response{node [{node_t3}{9i0gKojbTKKnv4dUyhJboA}{127.0.0.1}{127.0.0.1:9440}[mode=>network]], id[414], master [null], hasJoinedOnce [false], cluster_name[TEST-CHILD_VM=[0]-CLUSTER_SEED=[-7449427405447180618]-HASH=[2645B46835F9]-cluster]}, ping_response{node [{node_t3}{9i0gKojbTKKnv4dUyhJboA}{127.0.0.1}{127.0.0.1:9440}[mode=>network]], id[414], master [null], hasJoinedOnce [false], cluster_name[TEST-CHILD_VM=[0]-CLUSTER_SEED=[-7449427405447180618]-HASH=[2645B46835F9]-cluster]}, ping_response{node [{node_t1}{YucHs-5XRNO-JChWAzIIZg}{127.0.0.1}{127.0.0.1:9441}[mode=>network]], id[417], master [null], hasJoinedOnce [true], cluster_name[TEST-CHILD_VM=[0]-CLUSTER_SEED=[-7449427405447180618]-HASH=[2645B46835F9]-cluster]}]
[2016-04-18 03:03:36,115][TRACE][org.elasticsearch.discovery.zen.ping.unicast] [node_t3] [1] received response from {#zen_unicast_2#}{127.0.0.1}{127.0.0.1:9441}: [ping_response{node [{node_t1}{YucHs-5XRNO-JChWAzIIZg}{127.0.0.1}{127.0.0.1:9441}[mode=>network]], id[396], master [null], hasJoinedOnce [true], cluster_name[TEST-CHILD_VM=[0]-CLUSTER_SEED=[-7449427405447180618]-HASH=[2645B46835F9]-cluster]}, ping_response{node [{node_t1}{YucHs-5XRNO-JChWAzIIZg}{127.0.0.1}{127.0.0.1:9441}[mode=>network]], id[396], master [null], hasJoinedOnce [true], cluster_name[TEST-CHILD_VM=[0]-CLUSTER_SEED=[-7449427405447180618]-HASH=[2645B46835F9]-cluster]}, ping_response{node [{node_t1}{YucHs-5XRNO-JChWAzIIZg}{127.0.0.1}{127.0.0.1:9441}[mode=>network]], id[396], master [null], hasJoinedOnce [true], cluster_name[TEST-CHILD_VM=[0]-CLUSTER_SEED=[-7449427405447180618]-HASH=[2645B46835F9]-cluster]}, ping_response{node [{node_t2}{zpsanQF7R4u6zEfa6p-Xfw}{127.0.0.1}{127.0.0.1:9440}[mode=>network]], id[403], master [null], hasJoinedOnce [false], cluster_name[TEST-CHILD_VM=[0]-CLUSTER_SEED=[-7449427405447180618]-HASH=[2645B46835F9]-cluster]}, ping_response{node [{node_t2}{zpsanQF7R4u6zEfa6p-Xfw}{127.0.0.1}{127.0.0.1:9440}[mode=>network]], id[403], master [null], hasJoinedOnce [false], cluster_name[TEST-CHILD_VM=[0]-CLUSTER_SEED=[-7449427405447180618]-HASH=[2645B46835F9]-cluster]}, ping_response{node [{node_t2}{zpsanQF7R4u6zEfa6p-Xfw}{127.0.0.1}{127.0.0.1:9440}[mode=>network]], id[403], master [null], hasJoinedOnce [false], cluster_name[TEST-CHILD_VM=[0]-CLUSTER_SEED=[-7449427405447180618]-HASH=[2645B46835F9]-cluster]}, ping_response{node [{node_t1}{YucHs-5XRNO-JChWAzIIZg}{127.0.0.1}{127.0.0.1:9441}[mode=>network]], id[410], master [{node_t1}{YucHs-5XRNO-JChWAzIIZg}{127.0.0.1}{127.0.0.1:9441}[mode=>network]], hasJoinedOnce [true], cluster_name[TEST-CHILD_VM=[0]-CLUSTER_SEED=[-7449427405447180618]-HASH=[2645B46835F9]-cluster]}, ping_response{node [{node_t1}{YucHs-5XRNO-JChWAzIIZg}{127.0.0.1}{127.0.0.1:9441}[mode=>network]], id[410], master [{node_t1}{YucHs-5XRNO-JChWAzIIZg}{127.0.0.1}{127.0.0.1:9441}[mode=>network]], hasJoinedOnce [true], cluster_name[TEST-CHILD_VM=[0]-CLUSTER_SEED=[-7449427405447180618]-HASH=[2645B46835F9]-cluster]}, ping_response{node [{node_t1}{YucHs-5XRNO-JChWAzIIZg}{127.0.0.1}{127.0.0.1:9441}[mode=>network]], id[410], master [{node_t1}{YucHs-5XRNO-JChWAzIIZg}{127.0.0.1}{127.0.0.1:9441}[mode=>network]], hasJoinedOnce [true], cluster_name[TEST-CHILD_VM=[0]-CLUSTER_SEED=[-7449427405447180618]-HASH=[2645B46835F9]-cluster]}, ping_response{node [{node_t3}{9i0gKojbTKKnv4dUyhJboA}{127.0.0.1}{127.0.0.1:9440}[mode=>network]], id[414], master [null], hasJoinedOnce [false], cluster_name[TEST-CHILD_VM=[0]-CLUSTER_SEED=[-7449427405447180618]-HASH=[2645B46835F9]-cluster]}, ping_response{node [{node_t3}{9i0gKojbTKKnv4dUyhJboA}{127.0.0.1}{127.0.0.1:9440}[mode=>network]], id[414], master [null], hasJoinedOnce [false], cluster_name[TEST-CHILD_VM=[0]-CLUSTER_SEED=[-7449427405447180618]-HASH=[2645B46835F9]-cluster]}, ping_response{node [{node_t1}{YucHs-5XRNO-JChWAzIIZg}{127.0.0.1}{127.0.0.1:9441}[mode=>network]], id[418], master [null], hasJoinedOnce [true], cluster_name[TEST-CHILD_VM=[0]-CLUSTER_SEED=[-7449427405447180618]-HASH=[2645B46835F9]-cluster]}]
[2016-04-18 03:03:36,182][TRACE][org.elasticsearch.discovery.zen.ping.unicast] [node_t1] [3] sending to {node_t1}{YucHs-5XRNO-JChWAzIIZg}{127.0.0.1}{127.0.0.1:9441}[mode=>network]
[2016-04-18 03:03:36,182][TRACE][org.elasticsearch.discovery.zen.ping.unicast] [node_t1] [3] connecting (light) to {#zen_unicast_1#}{127.0.0.1}{127.0.0.1:9440}
[2016-04-18 03:03:36,182][TRACE][org.elasticsearch.discovery.zen.ping.unicast] [node_t1] [3] received response from {node_t1}{YucHs-5XRNO-JChWAzIIZg}{127.0.0.1}{127.0.0.1:9441}[mode=>network]: [ping_response{node [{node_t1}{YucHs-5XRNO-JChWAzIIZg}{127.0.0.1}{127.0.0.1:9441}[mode=>network]], id[410], master [{node_t1}{YucHs-5XRNO-JChWAzIIZg}{127.0.0.1}{127.0.0.1:9441}[mode=>network]], hasJoinedOnce [true], cluster_name[TEST-CHILD_VM=[0]-CLUSTER_SEED=[-7449427405447180618]-HASH=[2645B46835F9]-cluster]}, ping_response{node [{node_t1}{YucHs-5XRNO-JChWAzIIZg}{127.0.0.1}{127.0.0.1:9441}[mode=>network]], id[410], master [{node_t1}{YucHs-5XRNO-JChWAzIIZg}{127.0.0.1}{127.0.0.1:9441}[mode=>network]], hasJoinedOnce [true], cluster_name[TEST-CHILD_VM=[0]-CLUSTER_SEED=[-7449427405447180618]-HASH=[2645B46835F9]-cluster]}, ping_response{node [{node_t1}{YucHs-5XRNO-JChWAzIIZg}{127.0.0.1}{127.0.0.1:9441}[mode=>network]], id[410], master [{node_t1}{YucHs-5XRNO-JChWAzIIZg}{127.0.0.1}{127.0.0.1:9441}[mode=>network]], hasJoinedOnce [true], cluster_name[TEST-CHILD_VM=[0]-CLUSTER_SEED=[-7449427405447180618]-HASH=[2645B46835F9]-cluster]}, ping_response{node [{node_t3}{9i0gKojbTKKnv4dUyhJboA}{127.0.0.1}{127.0.0.1:9440}[mode=>network]], id[414], master [null], hasJoinedOnce [false], cluster_name[TEST-CHILD_VM=[0]-CLUSTER_SEED=[-7449427405447180618]-HASH=[2645B46835F9]-cluster]}, ping_response{node [{node_t3}{9i0gKojbTKKnv4dUyhJboA}{127.0.0.1}{127.0.0.1:9440}[mode=>network]], id[414], master [null], hasJoinedOnce [false], cluster_name[TEST-CHILD_VM=[0]-CLUSTER_SEED=[-7449427405447180618]-HASH=[2645B46835F9]-cluster]}, ping_response{node [{node_t1}{YucHs-5XRNO-JChWAzIIZg}{127.0.0.1}{127.0.0.1:9441}[mode=>network]], id[420], master [null], hasJoinedOnce [true], cluster_name[TEST-CHILD_VM=[0]-CLUSTER_SEED=[-7449427405447180618]-HASH=[2645B46835F9]-cluster]}, ping_response{node [{node_t1}{YucHs-5XRNO-JChWAzIIZg}{127.0.0.1}{127.0.0.1:9441}[mode=>network]], id[421], master [null], hasJoinedOnce [true], cluster_name[TEST-CHILD_VM=[0]-CLUSTER_SEED=[-7449427405447180618]-HASH=[2645B46835F9]-cluster]}]
[2016-04-18 03:03:36,183][TRACE][org.elasticsearch.discovery.zen.ping.unicast] [node_t1] [3] connecting (light) to {#zen_unicast_3#}{127.0.0.1}{127.0.0.1:9442}
[2016-04-18 03:03:36,183][TRACE][org.elasticsearch.discovery.zen.ping.unicast] [node_t1] [3] sending to {#zen_unicast_7#}{::1}{[::1]:9441}
[2016-04-18 03:03:36,183][TRACE][org.elasticsearch.discovery.zen.ping.unicast] [node_t1] [3] connecting (light) to {#zen_unicast_5#}{127.0.0.1}{127.0.0.1:9444}
[2016-04-18 03:03:36,183][TRACE][org.elasticsearch.discovery.zen.ping.unicast] [node_t1] [3] connecting (light) to {#zen_unicast_6#}{::1}{[::1]:9440}
[2016-04-18 03:03:36,183][TRACE][org.elasticsearch.discovery.zen.ping.unicast] [node_t1] [3] connecting (light) to {#zen_unicast_8#}{::1}{[::1]:9442}
[2016-04-18 03:03:36,183][TRACE][org.elasticsearch.discovery.zen.ping.unicast] [node_t1] replacing {node_t3}{9i0gKojbTKKnv4dUyhJboA}{127.0.0.1}{127.0.0.1:9440}[mode=>network] with temp node {#zen_unicast_15_9i0gKojbTKKnv4dUyhJboA#}{127.0.0.1}{127.0.0.1:9440}[mode=>network]
[2016-04-18 03:03:36,183][TRACE][org.elasticsearch.discovery.zen.ping.unicast] [node_t1] [3] sending to {node_t1}{YucHs-5XRNO-JChWAzIIZg}{127.0.0.1}{127.0.0.1:9441}[mode=>network]
[2016-04-18 03:03:36,183][TRACE][org.elasticsearch.discovery.zen.ping.unicast] [node_t1] [3] connecting (light) to {#zen_unicast_15_9i0gKojbTKKnv4dUyhJboA#}{127.0.0.1}{127.0.0.1:9440}[mode=>network]
[2016-04-18 03:03:36,183][TRACE][org.elasticsearch.discovery.zen.ping.unicast] [node_t1] [3] received response from {node_t1}{YucHs-5XRNO-JChWAzIIZg}{127.0.0.1}{127.0.0.1:9441}[mode=>network]: [ping_response{node [{node_t1}{YucHs-5XRNO-JChWAzIIZg}{127.0.0.1}{127.0.0.1:9441}[mode=>network]], id[410], master [{node_t1}{YucHs-5XRNO-JChWAzIIZg}{127.0.0.1}{127.0.0.1:9441}[mode=>network]], hasJoinedOnce [true], cluster_name[TEST-CHILD_VM=[0]-CLUSTER_SEED=[-7449427405447180618]-HASH=[2645B46835F9]-cluster]}, ping_response{node [{node_t1}{YucHs-5XRNO-JChWAzIIZg}{127.0.0.1}{127.0.0.1:9441}[mode=>network]], id[410], master [{node_t1}{YucHs-5XRNO-JChWAzIIZg}{127.0.0.1}{127.0.0.1:9441}[mode=>network]], hasJoinedOnce [true], cluster_name[TEST-CHILD_VM=[0]-CLUSTER_SEED=[-7449427405447180618]-HASH=[2645B46835F9]-cluster]}, ping_response{node [{node_t1}{YucHs-5XRNO-JChWAzIIZg}{127.0.0.1}{127.0.0.1:9441}[mode=>network]], id[410], master [{node_t1}{YucHs-5XRNO-JChWAzIIZg}{127.0.0.1}{127.0.0.1:9441}[mode=>network]], hasJoinedOnce [true], cluster_name[TEST-CHILD_VM=[0]-CLUSTER_SEED=[-7449427405447180618]-HASH=[2645B46835F9]-cluster]}, ping_response{node [{node_t3}{9i0gKojbTKKnv4dUyhJboA}{127.0.0.1}{127.0.0.1:9440}[mode=>network]], id[414], master [null], hasJoinedOnce [false], cluster_name[TEST-CHILD_VM=[0]-CLUSTER_SEED=[-7449427405447180618]-HASH=[2645B46835F9]-cluster]}, ping_response{node [{node_t3}{9i0gKojbTKKnv4dUyhJboA}{127.0.0.1}{127.0.0.1:9440}[mode=>network]], id[414], master [null], hasJoinedOnce [false], cluster_name[TEST-CHILD_VM=[0]-CLUSTER_SEED=[-7449427405447180618]-HASH=[2645B46835F9]-cluster]}, ping_response{node [{node_t1}{YucHs-5XRNO-JChWAzIIZg}{127.0.0.1}{127.0.0.1:9441}[mode=>network]], id[420], master [null], hasJoinedOnce [true], cluster_name[TEST-CHILD_VM=[0]-CLUSTER_SEED=[-7449427405447180618]-HASH=[2645B46835F9]-cluster]}, ping_response{node [{node_t1}{YucHs-5XRNO-JChWAzIIZg}{127.0.0.1}{127.0.0.1:9441}[mode=>network]], id[420], master [null], hasJoinedOnce [true], cluster_name[TEST-CHILD_VM=[0]-CLUSTER_SEED=[-7449427405447180618]-HASH=[2645B46835F9]-cluster]}, ping_response{node [{node_t1}{YucHs-5XRNO-JChWAzIIZg}{127.0.0.1}{127.0.0.1:9441}[mode=>network]], id[420], master [null], hasJoinedOnce [true], cluster_name[TEST-CHILD_VM=[0]-CLUSTER_SEED=[-7449427405447180618]-HASH=[2645B46835F9]-cluster]}, ping_response{node [{node_t1}{YucHs-5XRNO-JChWAzIIZg}{127.0.0.1}{127.0.0.1:9441}[mode=>network]], id[423], master [null], hasJoinedOnce [true], cluster_name[TEST-CHILD_VM=[0]-CLUSTER_SEED=[-7449427405447180618]-HASH=[2645B46835F9]-cluster]}]
[2016-04-18 03:03:36,183][TRACE][org.elasticsearch.discovery.zen.ping.unicast] [node_t1] [3] failed to connect to {#zen_unicast_5#}{127.0.0.1}{127.0.0.1:9444}
ConnectTransportException[[][127.0.0.1:9444] connect_timeout[30s]]; nested: ConnectException[Connection refused: /127.0.0.1:9444];
	at org.elasticsearch.transport.netty.NettyTransport.connectToChannelsLight(NettyTransport.java:954)
	at org.elasticsearch.transport.netty.NettyTransport.connectToNode(NettyTransport.java:918)
	at org.elasticsearch.transport.netty.NettyTransport.connectToNodeLight(NettyTransport.java:890)
	at org.elasticsearch.test.transport.MockTransportService$LookupTestTransport.connectToNodeLight(MockTransportService.java:413)
	at org.elasticsearch.transport.TransportService.connectToNodeLight(TransportService.java:242)
	at org.elasticsearch.discovery.zen.ping.unicast.UnicastZenPing$3.run(UnicastZenPing.java:395)
	at java.util.concurrent.ThreadPoolExecutor.runWorker(ThreadPoolExecutor.java:1142)
	at java.util.concurrent.ThreadPoolExecutor$Worker.run(ThreadPoolExecutor.java:617)
	at java.lang.Thread.run(Thread.java:745)
Caused by: java.net.ConnectException: Connection refused: /127.0.0.1:9444
	at sun.nio.ch.SocketChannelImpl.checkConnect(Native Method)
	at sun.nio.ch.SocketChannelImpl.finishConnect(SocketChannelImpl.java:717)
	at org.jboss.netty.channel.socket.nio.NioClientBoss.connect(NioClientBoss.java:152)
	at org.jboss.netty.channel.socket.nio.NioClientBoss.processSelectedKeys(NioClientBoss.java:105)
	at org.jboss.netty.channel.socket.nio.NioClientBoss.process(NioClientBoss.java:79)
	at org.jboss.netty.channel.socket.nio.AbstractNioSelector.run(AbstractNioSelector.java:337)
	at org.jboss.netty.channel.socket.nio.NioClientBoss.run(NioClientBoss.java:42)
	at org.jboss.netty.util.ThreadRenamingRunnable.run(ThreadRenamingRunnable.java:108)
	at org.jboss.netty.util.internal.DeadLockProofWorker$1.run(DeadLockProofWorker.java:42)
	... 3 more
[2016-04-18 03:03:36,183][TRACE][org.elasticsearch.discovery.zen.ping.unicast] [node_t1] [3] connecting (light) to {#zen_unicast_4#}{127.0.0.1}{127.0.0.1:9443}
[2016-04-18 03:03:36,184][TRACE][org.elasticsearch.discovery.zen.ping.unicast] [node_t1] [3] connected to {node_t3}{9i0gKojbTKKnv4dUyhJboA}{127.0.0.1}{127.0.0.1:9440}[mode=>network]
[2016-04-18 03:03:36,184][TRACE][org.elasticsearch.discovery.zen.ping.unicast] [node_t1] [3] connected to {#zen_unicast_6#}{::1}{[::1]:9440}
[2016-04-18 03:03:36,184][TRACE][org.elasticsearch.discovery.zen.ping.unicast] [node_t1] [3] sending to {#zen_unicast_15_9i0gKojbTKKnv4dUyhJboA#}{127.0.0.1}{127.0.0.1:9440}[mode=>network]
[2016-04-18 03:03:36,184][TRACE][org.elasticsearch.discovery.zen.ping.unicast] [node_t1] [3] failed to connect to {#zen_unicast_8#}{::1}{[::1]:9442}
ConnectTransportException[[][[::1]:9442] connect_timeout[30s]]; nested: ConnectException[Connection refused: /0:0:0:0:0:0:0:1:9442];
	at org.elasticsearch.transport.netty.NettyTransport.connectToChannelsLight(NettyTransport.java:954)
	at org.elasticsearch.transport.netty.NettyTransport.connectToNode(NettyTransport.java:918)
	at org.elasticsearch.transport.netty.NettyTransport.connectToNodeLight(NettyTransport.java:890)
	at org.elasticsearch.test.transport.MockTransportService$LookupTestTransport.connectToNodeLight(MockTransportService.java:413)
	at org.elasticsearch.transport.TransportService.connectToNodeLight(TransportService.java:242)
	at org.elasticsearch.discovery.zen.ping.unicast.UnicastZenPing$3.run(UnicastZenPing.java:395)
	at java.util.concurrent.ThreadPoolExecutor.runWorker(ThreadPoolExecutor.java:1142)
	at java.util.concurrent.ThreadPoolExecutor$Worker.run(ThreadPoolExecutor.java:617)
	at java.lang.Thread.run(Thread.java:745)
Caused by: java.net.ConnectException: Connection refused: /0:0:0:0:0:0:0:1:9442
	at sun.nio.ch.SocketChannelImpl.checkConnect(Native Method)
	at sun.nio.ch.SocketChannelImpl.finishConnect(SocketChannelImpl.java:717)
	at org.jboss.netty.channel.socket.nio.NioClientBoss.connect(NioClientBoss.java:152)
	at org.jboss.netty.channel.socket.nio.NioClientBoss.processSelectedKeys(NioClientBoss.java:105)
	at org.jboss.netty.channel.socket.nio.NioClientBoss.process(NioClientBoss.java:79)
	at org.jboss.netty.channel.socket.nio.AbstractNioSelector.run(AbstractNioSelector.java:337)
	at org.jboss.netty.channel.socket.nio.NioClientBoss.run(NioClientBoss.java:42)
	at org.jboss.netty.util.ThreadRenamingRunnable.run(ThreadRenamingRunnable.java:108)
	at org.jboss.netty.util.internal.DeadLockProofWorker$1.run(DeadLockProofWorker.java:42)
	... 3 more
[2016-04-18 03:03:36,183][TRACE][org.elasticsearch.discovery.zen.ping.unicast] [node_t1] [3] failed to connect to {#zen_unicast_3#}{127.0.0.1}{127.0.0.1:9442}
ConnectTransportException[[][127.0.0.1:9442] connect_timeout[30s]]; nested: ConnectException[Connection refused: /127.0.0.1:9442];
	at org.elasticsearch.transport.netty.NettyTransport.connectToChannelsLight(NettyTransport.java:954)
	at org.elasticsearch.transport.netty.NettyTransport.connectToNode(NettyTransport.java:918)
	at org.elasticsearch.transport.netty.NettyTransport.connectToNodeLight(NettyTransport.java:890)
	at org.elasticsearch.test.transport.MockTransportService$LookupTestTransport.connectToNodeLight(MockTransportService.java:413)
	at org.elasticsearch.transport.TransportService.connectToNodeLight(TransportService.java:242)
	at org.elasticsearch.discovery.zen.ping.unicast.UnicastZenPing$3.run(UnicastZenPing.java:395)
	at java.util.concurrent.ThreadPoolExecutor.runWorker(ThreadPoolExecutor.java:1142)
	at java.util.concurrent.ThreadPoolExecutor$Worker.run(ThreadPoolExecutor.java:617)
	at java.lang.Thread.run(Thread.java:745)
Caused by: java.net.ConnectException: Connection refused: /127.0.0.1:9442
	at sun.nio.ch.SocketChannelImpl.checkConnect(Native Method)
	at sun.nio.ch.SocketChannelImpl.finishConnect(SocketChannelImpl.java:717)
	at org.jboss.netty.channel.socket.nio.NioClientBoss.connect(NioClientBoss.java:152)
	at org.jboss.netty.channel.socket.nio.NioClientBoss.processSelectedKeys(NioClientBoss.java:105)
	at org.jboss.netty.channel.socket.nio.NioClientBoss.process(NioClientBoss.java:79)
	at org.jboss.netty.channel.socket.nio.AbstractNioSelector.run(AbstractNioSelector.java:337)
	at org.jboss.netty.channel.socket.nio.NioClientBoss.run(NioClientBoss.java:42)
	at org.jboss.netty.util.ThreadRenamingRunnable.run(ThreadRenamingRunnable.java:108)
	at org.jboss.netty.util.internal.DeadLockProofWorker$1.run(DeadLockProofWorker.java:42)
	... 3 more
[2016-04-18 03:03:36,183][TRACE][org.elasticsearch.discovery.zen.ping.unicast] [node_t1] [3] received response from {#zen_unicast_7#}{::1}{[::1]:9441}: [ping_response{node [{node_t1}{YucHs-5XRNO-JChWAzIIZg}{127.0.0.1}{127.0.0.1:9441}[mode=>network]], id[410], master [{node_t1}{YucHs-5XRNO-JChWAzIIZg}{127.0.0.1}{127.0.0.1:9441}[mode=>network]], hasJoinedOnce [true], cluster_name[TEST-CHILD_VM=[0]-CLUSTER_SEED=[-7449427405447180618]-HASH=[2645B46835F9]-cluster]}, ping_response{node [{node_t1}{YucHs-5XRNO-JChWAzIIZg}{127.0.0.1}{127.0.0.1:9441}[mode=>network]], id[410], master [{node_t1}{YucHs-5XRNO-JChWAzIIZg}{127.0.0.1}{127.0.0.1:9441}[mode=>network]], hasJoinedOnce [true], cluster_name[TEST-CHILD_VM=[0]-CLUSTER_SEED=[-7449427405447180618]-HASH=[2645B46835F9]-cluster]}, ping_response{node [{node_t1}{YucHs-5XRNO-JChWAzIIZg}{127.0.0.1}{127.0.0.1:9441}[mode=>network]], id[410], master [{node_t1}{YucHs-5XRNO-JChWAzIIZg}{127.0.0.1}{127.0.0.1:9441}[mode=>network]], hasJoinedOnce [true], cluster_name[TEST-CHILD_VM=[0]-CLUSTER_SEED=[-7449427405447180618]-HASH=[2645B46835F9]-cluster]}, ping_response{node [{node_t3}{9i0gKojbTKKnv4dUyhJboA}{127.0.0.1}{127.0.0.1:9440}[mode=>network]], id[414], master [null], hasJoinedOnce [false], cluster_name[TEST-CHILD_VM=[0]-CLUSTER_SEED=[-7449427405447180618]-HASH=[2645B46835F9]-cluster]}, ping_response{node [{node_t3}{9i0gKojbTKKnv4dUyhJboA}{127.0.0.1}{127.0.0.1:9440}[mode=>network]], id[414], master [null], hasJoinedOnce [false], cluster_name[TEST-CHILD_VM=[0]-CLUSTER_SEED=[-7449427405447180618]-HASH=[2645B46835F9]-cluster]}, ping_response{node [{node_t1}{YucHs-5XRNO-JChWAzIIZg}{127.0.0.1}{127.0.0.1:9441}[mode=>network]], id[420], master [null], hasJoinedOnce [true], cluster_name[TEST-CHILD_VM=[0]-CLUSTER_SEED=[-7449427405447180618]-HASH=[2645B46835F9]-cluster]}, ping_response{node [{node_t1}{YucHs-5XRNO-JChWAzIIZg}{127.0.0.1}{127.0.0.1:9441}[mode=>network]], id[420], master [null], hasJoinedOnce [true], cluster_name[TEST-CHILD_VM=[0]-CLUSTER_SEED=[-7449427405447180618]-HASH=[2645B46835F9]-cluster]}, ping_response{node [{node_t1}{YucHs-5XRNO-JChWAzIIZg}{127.0.0.1}{127.0.0.1:9441}[mode=>network]], id[422], master [null], hasJoinedOnce [true], cluster_name[TEST-CHILD_VM=[0]-CLUSTER_SEED=[-7449427405447180618]-HASH=[2645B46835F9]-cluster]}]
[2016-04-18 03:03:36,183][TRACE][org.elasticsearch.discovery.zen.ping.unicast] [node_t1] [3] connected to {#zen_unicast_1#}{127.0.0.1}{127.0.0.1:9440}
[2016-04-18 03:03:36,186][TRACE][org.elasticsearch.discovery.zen.ping.unicast] [node_t1] [3] sending to {#zen_unicast_1#}{127.0.0.1}{127.0.0.1:9440}
[2016-04-18 03:03:36,183][TRACE][org.elasticsearch.discovery.zen.ping.unicast] [node_t1] [3] connecting (light) to {#zen_unicast_10#}{::1}{[::1]:9444}
[2016-04-18 03:03:36,183][TRACE][org.elasticsearch.discovery.zen.ping.unicast] [node_t1] [3] connecting (light) to {#zen_unicast_9#}{::1}{[::1]:9443}
[2016-04-18 03:03:36,185][TRACE][org.elasticsearch.discovery.zen.ping.unicast] [node_t1] [3] received response from {#zen_unicast_15_9i0gKojbTKKnv4dUyhJboA#}{127.0.0.1}{127.0.0.1:9440}[mode=>network]: [ping_response{node [{node_t3}{9i0gKojbTKKnv4dUyhJboA}{127.0.0.1}{127.0.0.1:9440}[mode=>network]], id[414], master [null], hasJoinedOnce [false], cluster_name[TEST-CHILD_VM=[0]-CLUSTER_SEED=[-7449427405447180618]-HASH=[2645B46835F9]-cluster]}, ping_response{node [{node_t3}{9i0gKojbTKKnv4dUyhJboA}{127.0.0.1}{127.0.0.1:9440}[mode=>network]], id[414], master [null], hasJoinedOnce [false], cluster_name[TEST-CHILD_VM=[0]-CLUSTER_SEED=[-7449427405447180618]-HASH=[2645B46835F9]-cluster]}, ping_response{node [{node_t3}{9i0gKojbTKKnv4dUyhJboA}{127.0.0.1}{127.0.0.1:9440}[mode=>network]], id[414], master [null], hasJoinedOnce [false], cluster_name[TEST-CHILD_VM=[0]-CLUSTER_SEED=[-7449427405447180618]-HASH=[2645B46835F9]-cluster]}, ping_response{node [{node_t1}{YucHs-5XRNO-JChWAzIIZg}{127.0.0.1}{127.0.0.1:9441}[mode=>network]], id[420], master [null], hasJoinedOnce [true], cluster_name[TEST-CHILD_VM=[0]-CLUSTER_SEED=[-7449427405447180618]-HASH=[2645B46835F9]-cluster]}, ping_response{node [{node_t3}{9i0gKojbTKKnv4dUyhJboA}{127.0.0.1}{127.0.0.1:9440}[mode=>network]], id[424], master [null], hasJoinedOnce [false], cluster_name[TEST-CHILD_VM=[0]-CLUSTER_SEED=[-7449427405447180618]-HASH=[2645B46835F9]-cluster]}]
[2016-04-18 03:03:36,185][TRACE][org.elasticsearch.discovery.zen.ping.unicast] [node_t1] [3] failed to connect to {#zen_unicast_4#}{127.0.0.1}{127.0.0.1:9443}
ConnectTransportException[[][127.0.0.1:9443] connect_timeout[30s]]; nested: ConnectException[Connection refused: /127.0.0.1:9443];
	at org.elasticsearch.transport.netty.NettyTransport.connectToChannelsLight(NettyTransport.java:954)
	at org.elasticsearch.transport.netty.NettyTransport.connectToNode(NettyTransport.java:918)
	at org.elasticsearch.transport.netty.NettyTransport.connectToNodeLight(NettyTransport.java:890)
	at org.elasticsearch.test.transport.MockTransportService$LookupTestTransport.connectToNodeLight(MockTransportService.java:413)
	at org.elasticsearch.transport.TransportService.connectToNodeLight(TransportService.java:242)
	at org.elasticsearch.discovery.zen.ping.unicast.UnicastZenPing$3.run(UnicastZenPing.java:395)
	at java.util.concurrent.ThreadPoolExecutor.runWorker(ThreadPoolExecutor.java:1142)
	at java.util.concurrent.ThreadPoolExecutor$Worker.run(ThreadPoolExecutor.java:617)
	at java.lang.Thread.run(Thread.java:745)
Caused by: java.net.ConnectException: Connection refused: /127.0.0.1:9443
	at sun.nio.ch.SocketChannelImpl.checkConnect(Native Method)
	at sun.nio.ch.SocketChannelImpl.finishConnect(SocketChannelImpl.java:717)
	at org.jboss.netty.channel.socket.nio.NioClientBoss.connect(NioClientBoss.java:152)
	at org.jboss.netty.channel.socket.nio.NioClientBoss.processSelectedKeys(NioClientBoss.java:105)
	at org.jboss.netty.channel.socket.nio.NioClientBoss.process(NioClientBoss.java:79)
	at org.jboss.netty.channel.socket.nio.AbstractNioSelector.run(AbstractNioSelector.java:337)
	at org.jboss.netty.channel.socket.nio.NioClientBoss.run(NioClientBoss.java:42)
	at org.jboss.netty.util.ThreadRenamingRunnable.run(ThreadRenamingRunnable.java:108)
	at org.jboss.netty.util.internal.DeadLockProofWorker$1.run(DeadLockProofWorker.java:42)
	... 3 more
[2016-04-18 03:03:36,186][TRACE][org.elasticsearch.discovery.zen.ping.unicast] [node_t1] [3] failed to connect to {#zen_unicast_9#}{::1}{[::1]:9443}
ConnectTransportException[[][[::1]:9443] connect_timeout[30s]]; nested: ConnectException[Connection refused: /0:0:0:0:0:0:0:1:9443];
	at org.elasticsearch.transport.netty.NettyTransport.connectToChannelsLight(NettyTransport.java:954)
	at org.elasticsearch.transport.netty.NettyTransport.connectToNode(NettyTransport.java:918)
	at org.elasticsearch.transport.netty.NettyTransport.connectToNodeLight(NettyTransport.java:890)
	at org.elasticsearch.test.transport.MockTransportService$LookupTestTransport.connectToNodeLight(MockTransportService.java:413)
	at org.elasticsearch.transport.TransportService.connectToNodeLight(TransportService.java:242)
	at org.elasticsearch.discovery.zen.ping.unicast.UnicastZenPing$3.run(UnicastZenPing.java:395)
	at java.util.concurrent.ThreadPoolExecutor.runWorker(ThreadPoolExecutor.java:1142)
	at java.util.concurrent.ThreadPoolExecutor$Worker.run(ThreadPoolExecutor.java:617)
	at java.lang.Thread.run(Thread.java:745)
Caused by: java.net.ConnectException: Connection refused: /0:0:0:0:0:0:0:1:9443
	at sun.nio.ch.SocketChannelImpl.checkConnect(Native Method)
	at sun.nio.ch.SocketChannelImpl.finishConnect(SocketChannelImpl.java:717)
	at org.jboss.netty.channel.socket.nio.NioClientBoss.connect(NioClientBoss.java:152)
	at org.jboss.netty.channel.socket.nio.NioClientBoss.processSelectedKeys(NioClientBoss.java:105)
	at org.jboss.netty.channel.socket.nio.NioClientBoss.process(NioClientBoss.java:79)
	at org.jboss.netty.channel.socket.nio.AbstractNioSelector.run(AbstractNioSelector.java:337)
	at org.jboss.netty.channel.socket.nio.NioClientBoss.run(NioClientBoss.java:42)
	at org.jboss.netty.util.ThreadRenamingRunnable.run(ThreadRenamingRunnable.java:108)
	at org.jboss.netty.util.internal.DeadLockProofWorker$1.run(DeadLockProofWorker.java:42)
	... 3 more
[2016-04-18 03:03:36,185][TRACE][org.elasticsearch.discovery.zen.ping.unicast] [node_t1] [3] sending to {#zen_unicast_6#}{::1}{[::1]:9440}
[2016-04-18 03:03:36,186][TRACE][org.elasticsearch.discovery.zen.ping.unicast] [node_t1] [3] failed to connect to {#zen_unicast_10#}{::1}{[::1]:9444}
ConnectTransportException[[][[::1]:9444] connect_timeout[30s]]; nested: ConnectException[Connection refused: /0:0:0:0:0:0:0:1:9444];
	at org.elasticsearch.transport.netty.NettyTransport.connectToChannelsLight(NettyTransport.java:954)
	at org.elasticsearch.transport.netty.NettyTransport.connectToNode(NettyTransport.java:918)
	at org.elasticsearch.transport.netty.NettyTransport.connectToNodeLight(NettyTransport.java:890)
	at org.elasticsearch.test.transport.MockTransportService$LookupTestTransport.connectToNodeLight(MockTransportService.java:413)
	at org.elasticsearch.transport.TransportService.connectToNodeLight(TransportService.java:242)
	at org.elasticsearch.discovery.zen.ping.unicast.UnicastZenPing$3.run(UnicastZenPing.java:395)
	at java.util.concurrent.ThreadPoolExecutor.runWorker(ThreadPoolExecutor.java:1142)
	at java.util.concurrent.ThreadPoolExecutor$Worker.run(ThreadPoolExecutor.java:617)
	at java.lang.Thread.run(Thread.java:745)
Caused by: java.net.ConnectException: Connection refused: /0:0:0:0:0:0:0:1:9444
	at sun.nio.ch.SocketChannelImpl.checkConnect(Native Method)
	at sun.nio.ch.SocketChannelImpl.finishConnect(SocketChannelImpl.java:717)
	at org.jboss.netty.channel.socket.nio.NioClientBoss.connect(NioClientBoss.java:152)
	at org.jboss.netty.channel.socket.nio.NioClientBoss.processSelectedKeys(NioClientBoss.java:105)
	at org.jboss.netty.channel.socket.nio.NioClientBoss.process(NioClientBoss.java:79)
	at org.jboss.netty.channel.socket.nio.AbstractNioSelector.run(AbstractNioSelector.java:337)
	at org.jboss.netty.channel.socket.nio.NioClientBoss.run(NioClientBoss.java:42)
	at org.jboss.netty.util.ThreadRenamingRunnable.run(ThreadRenamingRunnable.java:108)
	at org.jboss.netty.util.internal.DeadLockProofWorker$1.run(DeadLockProofWorker.java:42)
	... 3 more
[2016-04-18 03:03:36,186][TRACE][org.elasticsearch.discovery.zen.ping.unicast] [node_t1] [3] received response from {#zen_unicast_1#}{127.0.0.1}{127.0.0.1:9440}: [ping_response{node [{node_t3}{9i0gKojbTKKnv4dUyhJboA}{127.0.0.1}{127.0.0.1:9440}[mode=>network]], id[414], master [null], hasJoinedOnce [false], cluster_name[TEST-CHILD_VM=[0]-CLUSTER_SEED=[-7449427405447180618]-HASH=[2645B46835F9]-cluster]}, ping_response{node [{node_t3}{9i0gKojbTKKnv4dUyhJboA}{127.0.0.1}{127.0.0.1:9440}[mode=>network]], id[414], master [null], hasJoinedOnce [false], cluster_name[TEST-CHILD_VM=[0]-CLUSTER_SEED=[-7449427405447180618]-HASH=[2645B46835F9]-cluster]}, ping_response{node [{node_t3}{9i0gKojbTKKnv4dUyhJboA}{127.0.0.1}{127.0.0.1:9440}[mode=>network]], id[414], master [null], hasJoinedOnce [false], cluster_name[TEST-CHILD_VM=[0]-CLUSTER_SEED=[-7449427405447180618]-HASH=[2645B46835F9]-cluster]}, ping_response{node [{node_t1}{YucHs-5XRNO-JChWAzIIZg}{127.0.0.1}{127.0.0.1:9441}[mode=>network]], id[420], master [null], hasJoinedOnce [true], cluster_name[TEST-CHILD_VM=[0]-CLUSTER_SEED=[-7449427405447180618]-HASH=[2645B46835F9]-cluster]}, ping_response{node [{node_t1}{YucHs-5XRNO-JChWAzIIZg}{127.0.0.1}{127.0.0.1:9441}[mode=>network]], id[420], master [null], hasJoinedOnce [true], cluster_name[TEST-CHILD_VM=[0]-CLUSTER_SEED=[-7449427405447180618]-HASH=[2645B46835F9]-cluster]}, ping_response{node [{node_t3}{9i0gKojbTKKnv4dUyhJboA}{127.0.0.1}{127.0.0.1:9440}[mode=>network]], id[425], master [null], hasJoinedOnce [false], cluster_name[TEST-CHILD_VM=[0]-CLUSTER_SEED=[-7449427405447180618]-HASH=[2645B46835F9]-cluster]}]
[2016-04-18 03:03:36,188][TRACE][org.elasticsearch.discovery.zen.ping.unicast] [node_t1] [3] received response from {#zen_unicast_6#}{::1}{[::1]:9440}: [ping_response{node [{node_t3}{9i0gKojbTKKnv4dUyhJboA}{127.0.0.1}{127.0.0.1:9440}[mode=>network]], id[414], master [null], hasJoinedOnce [false], cluster_name[TEST-CHILD_VM=[0]-CLUSTER_SEED=[-7449427405447180618]-HASH=[2645B46835F9]-cluster]}, ping_response{node [{node_t3}{9i0gKojbTKKnv4dUyhJboA}{127.0.0.1}{127.0.0.1:9440}[mode=>network]], id[414], master [null], hasJoinedOnce [false], cluster_name[TEST-CHILD_VM=[0]-CLUSTER_SEED=[-7449427405447180618]-HASH=[2645B46835F9]-cluster]}, ping_response{node [{node_t3}{9i0gKojbTKKnv4dUyhJboA}{127.0.0.1}{127.0.0.1:9440}[mode=>network]], id[414], master [null], hasJoinedOnce [false], cluster_name[TEST-CHILD_VM=[0]-CLUSTER_SEED=[-7449427405447180618]-HASH=[2645B46835F9]-cluster]}, ping_response{node [{node_t1}{YucHs-5XRNO-JChWAzIIZg}{127.0.0.1}{127.0.0.1:9441}[mode=>network]], id[420], master [null], hasJoinedOnce [true], cluster_name[TEST-CHILD_VM=[0]-CLUSTER_SEED=[-7449427405447180618]-HASH=[2645B46835F9]-cluster]}, ping_response{node [{node_t1}{YucHs-5XRNO-JChWAzIIZg}{127.0.0.1}{127.0.0.1:9441}[mode=>network]], id[420], master [null], hasJoinedOnce [true], cluster_name[TEST-CHILD_VM=[0]-CLUSTER_SEED=[-7449427405447180618]-HASH=[2645B46835F9]-cluster]}, ping_response{node [{node_t1}{YucHs-5XRNO-JChWAzIIZg}{127.0.0.1}{127.0.0.1:9441}[mode=>network]], id[420], master [null], hasJoinedOnce [true], cluster_name[TEST-CHILD_VM=[0]-CLUSTER_SEED=[-7449427405447180618]-HASH=[2645B46835F9]-cluster]}, ping_response{node [{node_t3}{9i0gKojbTKKnv4dUyhJboA}{127.0.0.1}{127.0.0.1:9440}[mode=>network]], id[426], master [null], hasJoinedOnce [false], cluster_name[TEST-CHILD_VM=[0]-CLUSTER_SEED=[-7449427405447180618]-HASH=[2645B46835F9]-cluster]}]
[2016-04-18 03:03:36,220][TRACE][org.elasticsearch.discovery.zen.ping.unicast] [node_t3] [1] sending to {node_t3}{9i0gKojbTKKnv4dUyhJboA}{127.0.0.1}{127.0.0.1:9440}[mode=>network]
[2016-04-18 03:03:36,220][TRACE][org.elasticsearch.discovery.zen.ping.unicast] [node_t3] [1] received response from {node_t3}{9i0gKojbTKKnv4dUyhJboA}{127.0.0.1}{127.0.0.1:9440}[mode=>network]: [ping_response{node [{node_t3}{9i0gKojbTKKnv4dUyhJboA}{127.0.0.1}{127.0.0.1:9440}[mode=>network]], id[414], master [null], hasJoinedOnce [false], cluster_name[TEST-CHILD_VM=[0]-CLUSTER_SEED=[-7449427405447180618]-HASH=[2645B46835F9]-cluster]}, ping_response{node [{node_t3}{9i0gKojbTKKnv4dUyhJboA}{127.0.0.1}{127.0.0.1:9440}[mode=>network]], id[414], master [null], hasJoinedOnce [false], cluster_name[TEST-CHILD_VM=[0]-CLUSTER_SEED=[-7449427405447180618]-HASH=[2645B46835F9]-cluster]}, ping_response{node [{node_t3}{9i0gKojbTKKnv4dUyhJboA}{127.0.0.1}{127.0.0.1:9440}[mode=>network]], id[414], master [null], hasJoinedOnce [false], cluster_name[TEST-CHILD_VM=[0]-CLUSTER_SEED=[-7449427405447180618]-HASH=[2645B46835F9]-cluster]}, ping_response{node [{node_t1}{YucHs-5XRNO-JChWAzIIZg}{127.0.0.1}{127.0.0.1:9441}[mode=>network]], id[420], master [null], hasJoinedOnce [true], cluster_name[TEST-CHILD_VM=[0]-CLUSTER_SEED=[-7449427405447180618]-HASH=[2645B46835F9]-cluster]}, ping_response{node [{node_t1}{YucHs-5XRNO-JChWAzIIZg}{127.0.0.1}{127.0.0.1:9441}[mode=>network]], id[420], master [null], hasJoinedOnce [true], cluster_name[TEST-CHILD_VM=[0]-CLUSTER_SEED=[-7449427405447180618]-HASH=[2645B46835F9]-cluster]}, ping_response{node [{node_t1}{YucHs-5XRNO-JChWAzIIZg}{127.0.0.1}{127.0.0.1:9441}[mode=>network]], id[420], master [null], hasJoinedOnce [true], cluster_name[TEST-CHILD_VM=[0]-CLUSTER_SEED=[-7449427405447180618]-HASH=[2645B46835F9]-cluster]}, ping_response{node [{node_t3}{9i0gKojbTKKnv4dUyhJboA}{127.0.0.1}{127.0.0.1:9440}[mode=>network]], id[427], master [null], hasJoinedOnce [false], cluster_name[TEST-CHILD_VM=[0]-CLUSTER_SEED=[-7449427405447180618]-HASH=[2645B46835F9]-cluster]}, ping_response{node [{node_t3}{9i0gKojbTKKnv4dUyhJboA}{127.0.0.1}{127.0.0.1:9440}[mode=>network]], id[428], master [null], hasJoinedOnce [false], cluster_name[TEST-CHILD_VM=[0]-CLUSTER_SEED=[-7449427405447180618]-HASH=[2645B46835F9]-cluster]}]
[2016-04-18 03:03:36,220][TRACE][org.elasticsearch.discovery.zen.ping.unicast] [node_t3] [1] sending to {#zen_unicast_2#}{127.0.0.1}{127.0.0.1:9441}
[2016-04-18 03:03:36,221][TRACE][org.elasticsearch.discovery.zen.ping.unicast] [node_t3] [1] connecting (light) to {#zen_unicast_3#}{127.0.0.1}{127.0.0.1:9442}
[2016-04-18 03:03:36,221][TRACE][org.elasticsearch.discovery.zen.ping.unicast] [node_t3] [1] sending to {#zen_unicast_6#}{::1}{[::1]:9440}
[2016-04-18 03:03:36,221][TRACE][org.elasticsearch.discovery.zen.ping.unicast] [node_t3] [1] connecting (light) to {#zen_unicast_4#}{127.0.0.1}{127.0.0.1:9443}
[2016-04-18 03:03:36,221][TRACE][org.elasticsearch.discovery.zen.ping.unicast] [node_t3] [1] connecting (light) to {#zen_unicast_5#}{127.0.0.1}{127.0.0.1:9444}
[2016-04-18 03:03:36,221][TRACE][org.elasticsearch.discovery.zen.ping.unicast] [node_t3] [1] sending to {#zen_unicast_7#}{::1}{[::1]:9441}
[2016-04-18 03:03:36,221][TRACE][org.elasticsearch.discovery.zen.ping.unicast] [node_t3] [1] sending to {node_t3}{9i0gKojbTKKnv4dUyhJboA}{127.0.0.1}{127.0.0.1:9440}[mode=>network]
[2016-04-18 03:03:36,221][TRACE][org.elasticsearch.discovery.zen.ping.unicast] [node_t3] [1] connecting (light) to {#zen_unicast_9#}{::1}{[::1]:9443}
[2016-04-18 03:03:36,221][TRACE][org.elasticsearch.discovery.zen.ping.unicast] [node_t3] [1] received response from {node_t3}{9i0gKojbTKKnv4dUyhJboA}{127.0.0.1}{127.0.0.1:9440}[mode=>network]: [ping_response{node [{node_t3}{9i0gKojbTKKnv4dUyhJboA}{127.0.0.1}{127.0.0.1:9440}[mode=>network]], id[414], master [null], hasJoinedOnce [false], cluster_name[TEST-CHILD_VM=[0]-CLUSTER_SEED=[-7449427405447180618]-HASH=[2645B46835F9]-cluster]}, ping_response{node [{node_t3}{9i0gKojbTKKnv4dUyhJboA}{127.0.0.1}{127.0.0.1:9440}[mode=>network]], id[414], master [null], hasJoinedOnce [false], cluster_name[TEST-CHILD_VM=[0]-CLUSTER_SEED=[-7449427405447180618]-HASH=[2645B46835F9]-cluster]}, ping_response{node [{node_t3}{9i0gKojbTKKnv4dUyhJboA}{127.0.0.1}{127.0.0.1:9440}[mode=>network]], id[414], master [null], hasJoinedOnce [false], cluster_name[TEST-CHILD_VM=[0]-CLUSTER_SEED=[-7449427405447180618]-HASH=[2645B46835F9]-cluster]}, ping_response{node [{node_t1}{YucHs-5XRNO-JChWAzIIZg}{127.0.0.1}{127.0.0.1:9441}[mode=>network]], id[420], master [null], hasJoinedOnce [true], cluster_name[TEST-CHILD_VM=[0]-CLUSTER_SEED=[-7449427405447180618]-HASH=[2645B46835F9]-cluster]}, ping_response{node [{node_t1}{YucHs-5XRNO-JChWAzIIZg}{127.0.0.1}{127.0.0.1:9441}[mode=>network]], id[420], master [null], hasJoinedOnce [true], cluster_name[TEST-CHILD_VM=[0]-CLUSTER_SEED=[-7449427405447180618]-HASH=[2645B46835F9]-cluster]}, ping_response{node [{node_t1}{YucHs-5XRNO-JChWAzIIZg}{127.0.0.1}{127.0.0.1:9441}[mode=>network]], id[420], master [null], hasJoinedOnce [true], cluster_name[TEST-CHILD_VM=[0]-CLUSTER_SEED=[-7449427405447180618]-HASH=[2645B46835F9]-cluster]}, ping_response{node [{node_t3}{9i0gKojbTKKnv4dUyhJboA}{127.0.0.1}{127.0.0.1:9440}[mode=>network]], id[427], master [null], hasJoinedOnce [false], cluster_name[TEST-CHILD_VM=[0]-CLUSTER_SEED=[-7449427405447180618]-HASH=[2645B46835F9]-cluster]}, ping_response{node [{node_t3}{9i0gKojbTKKnv4dUyhJboA}{127.0.0.1}{127.0.0.1:9440}[mode=>network]], id[427], master [null], hasJoinedOnce [false], cluster_name[TEST-CHILD_VM=[0]-CLUSTER_SEED=[-7449427405447180618]-HASH=[2645B46835F9]-cluster]}, ping_response{node [{node_t3}{9i0gKojbTKKnv4dUyhJboA}{127.0.0.1}{127.0.0.1:9440}[mode=>network]], id[427], master [null], hasJoinedOnce [false], cluster_name[TEST-CHILD_VM=[0]-CLUSTER_SEED=[-7449427405447180618]-HASH=[2645B46835F9]-cluster]}, ping_response{node [{node_t3}{9i0gKojbTKKnv4dUyhJboA}{127.0.0.1}{127.0.0.1:9440}[mode=>network]], id[431], master [null], hasJoinedOnce [false], cluster_name[TEST-CHILD_VM=[0]-CLUSTER_SEED=[-7449427405447180618]-HASH=[2645B46835F9]-cluster]}]
[2016-04-18 03:03:36,222][TRACE][org.elasticsearch.discovery.zen.ping.unicast] [node_t3] [1] failed to connect to {#zen_unicast_3#}{127.0.0.1}{127.0.0.1:9442}
ConnectTransportException[[][127.0.0.1:9442] connect_timeout[30s]]; nested: ConnectException[Connection refused: /127.0.0.1:9442];
	at org.elasticsearch.transport.netty.NettyTransport.connectToChannelsLight(NettyTransport.java:954)
	at org.elasticsearch.transport.netty.NettyTransport.connectToNode(NettyTransport.java:918)
	at org.elasticsearch.transport.netty.NettyTransport.connectToNodeLight(NettyTransport.java:890)
	at org.elasticsearch.test.transport.MockTransportService$LookupTestTransport.connectToNodeLight(MockTransportService.java:413)
	at org.elasticsearch.transport.TransportService.connectToNodeLight(TransportService.java:242)
	at org.elasticsearch.discovery.zen.ping.unicast.UnicastZenPing$3.run(UnicastZenPing.java:395)
	at java.util.concurrent.ThreadPoolExecutor.runWorker(ThreadPoolExecutor.java:1142)
	at java.util.concurrent.ThreadPoolExecutor$Worker.run(ThreadPoolExecutor.java:617)
	at java.lang.Thread.run(Thread.java:745)
Caused by: java.net.ConnectException: Connection refused: /127.0.0.1:9442
	at sun.nio.ch.SocketChannelImpl.checkConnect(Native Method)
	at sun.nio.ch.SocketChannelImpl.finishConnect(SocketChannelImpl.java:717)
	at org.jboss.netty.channel.socket.nio.NioClientBoss.connect(NioClientBoss.java:152)
	at org.jboss.netty.channel.socket.nio.NioClientBoss.processSelectedKeys(NioClientBoss.java:105)
	at org.jboss.netty.channel.socket.nio.NioClientBoss.process(NioClientBoss.java:79)
	at org.jboss.netty.channel.socket.nio.AbstractNioSelector.run(AbstractNioSelector.java:337)
	at org.jboss.netty.channel.socket.nio.NioClientBoss.run(NioClientBoss.java:42)
	at org.jboss.netty.util.ThreadRenamingRunnable.run(ThreadRenamingRunnable.java:108)
	at org.jboss.netty.util.internal.DeadLockProofWorker$1.run(DeadLockProofWorker.java:42)
	... 3 more
[2016-04-18 03:03:36,222][TRACE][org.elasticsearch.discovery.zen.ping.unicast] [node_t3] [1] failed to connect to {#zen_unicast_4#}{127.0.0.1}{127.0.0.1:9443}
ConnectTransportException[[][127.0.0.1:9443] connect_timeout[30s]]; nested: ConnectException[Connection refused: /127.0.0.1:9443];
	at org.elasticsearch.transport.netty.NettyTransport.connectToChannelsLight(NettyTransport.java:954)
	at org.elasticsearch.transport.netty.NettyTransport.connectToNode(NettyTransport.java:918)
	at org.elasticsearch.transport.netty.NettyTransport.connectToNodeLight(NettyTransport.java:890)
	at org.elasticsearch.test.transport.MockTransportService$LookupTestTransport.connectToNodeLight(MockTransportService.java:413)
	at org.elasticsearch.transport.TransportService.connectToNodeLight(TransportService.java:242)
	at org.elasticsearch.discovery.zen.ping.unicast.UnicastZenPing$3.run(UnicastZenPing.java:395)
	at java.util.concurrent.ThreadPoolExecutor.runWorker(ThreadPoolExecutor.java:1142)
	at java.util.concurrent.ThreadPoolExecutor$Worker.run(ThreadPoolExecutor.java:617)
	at java.lang.Thread.run(Thread.java:745)
Caused by: java.net.ConnectException: Connection refused: /127.0.0.1:9443
	at sun.nio.ch.SocketChannelImpl.checkConnect(Native Method)
	at sun.nio.ch.SocketChannelImpl.finishConnect(SocketChannelImpl.java:717)
	at org.jboss.netty.channel.socket.nio.NioClientBoss.connect(NioClientBoss.java:152)
	at org.jboss.netty.channel.socket.nio.NioClientBoss.processSelectedKeys(NioClientBoss.java:105)
	at org.jboss.netty.channel.socket.nio.NioClientBoss.process(NioClientBoss.java:79)
	at org.jboss.netty.channel.socket.nio.AbstractNioSelector.run(AbstractNioSelector.java:337)
	at org.jboss.netty.channel.socket.nio.NioClientBoss.run(NioClientBoss.java:42)
	at org.jboss.netty.util.ThreadRenamingRunnable.run(ThreadRenamingRunnable.java:108)
	at org.jboss.netty.util.internal.DeadLockProofWorker$1.run(DeadLockProofWorker.java:42)
	... 3 more
[2016-04-18 03:03:36,221][TRACE][org.elasticsearch.discovery.zen.ping.unicast] [node_t3] [1] connecting (light) to {#zen_unicast_8#}{::1}{[::1]:9442}
[2016-04-18 03:03:36,222][TRACE][org.elasticsearch.discovery.zen.ping.unicast] [node_t3] [1] failed to connect to {#zen_unicast_9#}{::1}{[::1]:9443}
ConnectTransportException[[][[::1]:9443] connect_timeout[30s]]; nested: ConnectException[Connection refused: /0:0:0:0:0:0:0:1:9443];
	at org.elasticsearch.transport.netty.NettyTransport.connectToChannelsLight(NettyTransport.java:954)
	at org.elasticsearch.transport.netty.NettyTransport.connectToNode(NettyTransport.java:918)
	at org.elasticsearch.transport.netty.NettyTransport.connectToNodeLight(NettyTransport.java:890)
	at org.elasticsearch.test.transport.MockTransportService$LookupTestTransport.connectToNodeLight(MockTransportService.java:413)
	at org.elasticsearch.transport.TransportService.connectToNodeLight(TransportService.java:242)
	at org.elasticsearch.discovery.zen.ping.unicast.UnicastZenPing$3.run(UnicastZenPing.java:395)
	at java.util.concurrent.ThreadPoolExecutor.runWorker(ThreadPoolExecutor.java:1142)
	at java.util.concurrent.ThreadPoolExecutor$Worker.run(ThreadPoolExecutor.java:617)
	at java.lang.Thread.run(Thread.java:745)
Caused by: java.net.ConnectException: Connection refused: /0:0:0:0:0:0:0:1:9443
	at sun.nio.ch.SocketChannelImpl.checkConnect(Native Method)
	at sun.nio.ch.SocketChannelImpl.finishConnect(SocketChannelImpl.java:717)
	at org.jboss.netty.channel.socket.nio.NioClientBoss.connect(NioClientBoss.java:152)
	at org.jboss.netty.channel.socket.nio.NioClientBoss.processSelectedKeys(NioClientBoss.java:105)
	at org.jboss.netty.channel.socket.nio.NioClientBoss.process(NioClientBoss.java:79)
	at org.jboss.netty.channel.socket.nio.AbstractNioSelector.run(AbstractNioSelector.java:337)
	at org.jboss.netty.channel.socket.nio.NioClientBoss.run(NioClientBoss.java:42)
	at org.jboss.netty.util.ThreadRenamingRunnable.run(ThreadRenamingRunnable.java:108)
	at org.jboss.netty.util.internal.DeadLockProofWorker$1.run(DeadLockProofWorker.java:42)
	... 3 more
[2016-04-18 03:03:36,222][TRACE][org.elasticsearch.discovery.zen.ping.unicast] [node_t3] [1] received response from {#zen_unicast_7#}{::1}{[::1]:9441}: [ping_response{node [{node_t1}{YucHs-5XRNO-JChWAzIIZg}{127.0.0.1}{127.0.0.1:9441}[mode=>network]], id[410], master [{node_t1}{YucHs-5XRNO-JChWAzIIZg}{127.0.0.1}{127.0.0.1:9441}[mode=>network]], hasJoinedOnce [true], cluster_name[TEST-CHILD_VM=[0]-CLUSTER_SEED=[-7449427405447180618]-HASH=[2645B46835F9]-cluster]}, ping_response{node [{node_t1}{YucHs-5XRNO-JChWAzIIZg}{127.0.0.1}{127.0.0.1:9441}[mode=>network]], id[410], master [{node_t1}{YucHs-5XRNO-JChWAzIIZg}{127.0.0.1}{127.0.0.1:9441}[mode=>network]], hasJoinedOnce [true], cluster_name[TEST-CHILD_VM=[0]-CLUSTER_SEED=[-7449427405447180618]-HASH=[2645B46835F9]-cluster]}, ping_response{node [{node_t1}{YucHs-5XRNO-JChWAzIIZg}{127.0.0.1}{127.0.0.1:9441}[mode=>network]], id[410], master [{node_t1}{YucHs-5XRNO-JChWAzIIZg}{127.0.0.1}{127.0.0.1:9441}[mode=>network]], hasJoinedOnce [true], cluster_name[TEST-CHILD_VM=[0]-CLUSTER_SEED=[-7449427405447180618]-HASH=[2645B46835F9]-cluster]}, ping_response{node [{node_t3}{9i0gKojbTKKnv4dUyhJboA}{127.0.0.1}{127.0.0.1:9440}[mode=>network]], id[414], master [null], hasJoinedOnce [false], cluster_name[TEST-CHILD_VM=[0]-CLUSTER_SEED=[-7449427405447180618]-HASH=[2645B46835F9]-cluster]}, ping_response{node [{node_t3}{9i0gKojbTKKnv4dUyhJboA}{127.0.0.1}{127.0.0.1:9440}[mode=>network]], id[414], master [null], hasJoinedOnce [false], cluster_name[TEST-CHILD_VM=[0]-CLUSTER_SEED=[-7449427405447180618]-HASH=[2645B46835F9]-cluster]}, ping_response{node [{node_t1}{YucHs-5XRNO-JChWAzIIZg}{127.0.0.1}{127.0.0.1:9441}[mode=>network]], id[420], master [null], hasJoinedOnce [true], cluster_name[TEST-CHILD_VM=[0]-CLUSTER_SEED=[-7449427405447180618]-HASH=[2645B46835F9]-cluster]}, ping_response{node [{node_t1}{YucHs-5XRNO-JChWAzIIZg}{127.0.0.1}{127.0.0.1:9441}[mode=>network]], id[420], master [null], hasJoinedOnce [true], cluster_name[TEST-CHILD_VM=[0]-CLUSTER_SEED=[-7449427405447180618]-HASH=[2645B46835F9]-cluster]}, ping_response{node [{node_t1}{YucHs-5XRNO-JChWAzIIZg}{127.0.0.1}{127.0.0.1:9441}[mode=>network]], id[420], master [null], hasJoinedOnce [true], cluster_name[TEST-CHILD_VM=[0]-CLUSTER_SEED=[-7449427405447180618]-HASH=[2645B46835F9]-cluster]}, ping_response{node [{node_t3}{9i0gKojbTKKnv4dUyhJboA}{127.0.0.1}{127.0.0.1:9440}[mode=>network]], id[427], master [null], hasJoinedOnce [false], cluster_name[TEST-CHILD_VM=[0]-CLUSTER_SEED=[-7449427405447180618]-HASH=[2645B46835F9]-cluster]}, ping_response{node [{node_t3}{9i0gKojbTKKnv4dUyhJboA}{127.0.0.1}{127.0.0.1:9440}[mode=>network]], id[427], master [null], hasJoinedOnce [false], cluster_name[TEST-CHILD_VM=[0]-CLUSTER_SEED=[-7449427405447180618]-HASH=[2645B46835F9]-cluster]}, ping_response{node [{node_t1}{YucHs-5XRNO-JChWAzIIZg}{127.0.0.1}{127.0.0.1:9441}[mode=>network]], id[432], master [null], hasJoinedOnce [true], cluster_name[TEST-CHILD_VM=[0]-CLUSTER_SEED=[-7449427405447180618]-HASH=[2645B46835F9]-cluster]}]
[2016-04-18 03:03:36,222][TRACE][org.elasticsearch.discovery.zen.ping.unicast] [node_t3] [1] failed to connect to {#zen_unicast_5#}{127.0.0.1}{127.0.0.1:9444}
ConnectTransportException[[][127.0.0.1:9444] connect_timeout[30s]]; nested: ConnectException[Connection refused: /127.0.0.1:9444];
	at org.elasticsearch.transport.netty.NettyTransport.connectToChannelsLight(NettyTransport.java:954)
	at org.elasticsearch.transport.netty.NettyTransport.connectToNode(NettyTransport.java:918)
	at org.elasticsearch.transport.netty.NettyTransport.connectToNodeLight(NettyTransport.java:890)
	at org.elasticsearch.test.transport.MockTransportService$LookupTestTransport.connectToNodeLight(MockTransportService.java:413)
	at org.elasticsearch.transport.TransportService.connectToNodeLight(TransportService.java:242)
	at org.elasticsearch.discovery.zen.ping.unicast.UnicastZenPing$3.run(UnicastZenPing.java:395)
	at java.util.concurrent.ThreadPoolExecutor.runWorker(ThreadPoolExecutor.java:1142)
	at java.util.concurrent.ThreadPoolExecutor$Worker.run(ThreadPoolExecutor.java:617)
	at java.lang.Thread.run(Thread.java:745)
Caused by: java.net.ConnectException: Connection refused: /127.0.0.1:9444
	at sun.nio.ch.SocketChannelImpl.checkConnect(Native Method)
	at sun.nio.ch.SocketChannelImpl.finishConnect(SocketChannelImpl.java:717)
	at org.jboss.netty.channel.socket.nio.NioClientBoss.connect(NioClientBoss.java:152)
	at org.jboss.netty.channel.socket.nio.NioClientBoss.processSelectedKeys(NioClientBoss.java:105)
	at org.jboss.netty.channel.socket.nio.NioClientBoss.process(NioClientBoss.java:79)
	at org.jboss.netty.channel.socket.nio.AbstractNioSelector.run(AbstractNioSelector.java:337)
	at org.jboss.netty.channel.socket.nio.NioClientBoss.run(NioClientBoss.java:42)
	at org.jboss.netty.util.ThreadRenamingRunnable.run(ThreadRenamingRunnable.java:108)
	at org.jboss.netty.util.internal.DeadLockProofWorker$1.run(DeadLockProofWorker.java:42)
	... 3 more
[2016-04-18 03:03:36,222][TRACE][org.elasticsearch.discovery.zen.ping.unicast] [node_t3] replacing {node_t1}{YucHs-5XRNO-JChWAzIIZg}{127.0.0.1}{127.0.0.1:9441}[mode=>network] with temp node {#zen_unicast_11_YucHs-5XRNO-JChWAzIIZg#}{127.0.0.1}{127.0.0.1:9441}[mode=>network]
[2016-04-18 03:03:36,222][TRACE][org.elasticsearch.discovery.zen.ping.unicast] [node_t3] [1] received response from {#zen_unicast_6#}{::1}{[::1]:9440}: [ping_response{node [{node_t3}{9i0gKojbTKKnv4dUyhJboA}{127.0.0.1}{127.0.0.1:9440}[mode=>network]], id[414], master [null], hasJoinedOnce [false], cluster_name[TEST-CHILD_VM=[0]-CLUSTER_SEED=[-7449427405447180618]-HASH=[2645B46835F9]-cluster]}, ping_response{node [{node_t3}{9i0gKojbTKKnv4dUyhJboA}{127.0.0.1}{127.0.0.1:9440}[mode=>network]], id[414], master [null], hasJoinedOnce [false], cluster_name[TEST-CHILD_VM=[0]-CLUSTER_SEED=[-7449427405447180618]-HASH=[2645B46835F9]-cluster]}, ping_response{node [{node_t3}{9i0gKojbTKKnv4dUyhJboA}{127.0.0.1}{127.0.0.1:9440}[mode=>network]], id[414], master [null], hasJoinedOnce [false], cluster_name[TEST-CHILD_VM=[0]-CLUSTER_SEED=[-7449427405447180618]-HASH=[2645B46835F9]-cluster]}, ping_response{node [{node_t1}{YucHs-5XRNO-JChWAzIIZg}{127.0.0.1}{127.0.0.1:9441}[mode=>network]], id[420], master [null], hasJoinedOnce [true], cluster_name[TEST-CHILD_VM=[0]-CLUSTER_SEED=[-7449427405447180618]-HASH=[2645B46835F9]-cluster]}, ping_response{node [{node_t1}{YucHs-5XRNO-JChWAzIIZg}{127.0.0.1}{127.0.0.1:9441}[mode=>network]], id[420], master [null], hasJoinedOnce [true], cluster_name[TEST-CHILD_VM=[0]-CLUSTER_SEED=[-7449427405447180618]-HASH=[2645B46835F9]-cluster]}, ping_response{node [{node_t1}{YucHs-5XRNO-JChWAzIIZg}{127.0.0.1}{127.0.0.1:9441}[mode=>network]], id[420], master [null], hasJoinedOnce [true], cluster_name[TEST-CHILD_VM=[0]-CLUSTER_SEED=[-7449427405447180618]-HASH=[2645B46835F9]-cluster]}, ping_response{node [{node_t3}{9i0gKojbTKKnv4dUyhJboA}{127.0.0.1}{127.0.0.1:9440}[mode=>network]], id[427], master [null], hasJoinedOnce [false], cluster_name[TEST-CHILD_VM=[0]-CLUSTER_SEED=[-7449427405447180618]-HASH=[2645B46835F9]-cluster]}, ping_response{node [{node_t3}{9i0gKojbTKKnv4dUyhJboA}{127.0.0.1}{127.0.0.1:9440}[mode=>network]], id[427], master [null], hasJoinedOnce [false], cluster_name[TEST-CHILD_VM=[0]-CLUSTER_SEED=[-7449427405447180618]-HASH=[2645B46835F9]-cluster]}, ping_response{node [{node_t3}{9i0gKojbTKKnv4dUyhJboA}{127.0.0.1}{127.0.0.1:9440}[mode=>network]], id[430], master [null], hasJoinedOnce [false], cluster_name[TEST-CHILD_VM=[0]-CLUSTER_SEED=[-7449427405447180618]-HASH=[2645B46835F9]-cluster]}]
[2016-04-18 03:03:36,221][TRACE][org.elasticsearch.discovery.zen.ping.unicast] [node_t3] [1] received response from {#zen_unicast_2#}{127.0.0.1}{127.0.0.1:9441}: [ping_response{node [{node_t1}{YucHs-5XRNO-JChWAzIIZg}{127.0.0.1}{127.0.0.1:9441}[mode=>network]], id[410], master [{node_t1}{YucHs-5XRNO-JChWAzIIZg}{127.0.0.1}{127.0.0.1:9441}[mode=>network]], hasJoinedOnce [true], cluster_name[TEST-CHILD_VM=[0]-CLUSTER_SEED=[-7449427405447180618]-HASH=[2645B46835F9]-cluster]}, ping_response{node [{node_t1}{YucHs-5XRNO-JChWAzIIZg}{127.0.0.1}{127.0.0.1:9441}[mode=>network]], id[410], master [{node_t1}{YucHs-5XRNO-JChWAzIIZg}{127.0.0.1}{127.0.0.1:9441}[mode=>network]], hasJoinedOnce [true], cluster_name[TEST-CHILD_VM=[0]-CLUSTER_SEED=[-7449427405447180618]-HASH=[2645B46835F9]-cluster]}, ping_response{node [{node_t1}{YucHs-5XRNO-JChWAzIIZg}{127.0.0.1}{127.0.0.1:9441}[mode=>network]], id[410], master [{node_t1}{YucHs-5XRNO-JChWAzIIZg}{127.0.0.1}{127.0.0.1:9441}[mode=>network]], hasJoinedOnce [true], cluster_name[TEST-CHILD_VM=[0]-CLUSTER_SEED=[-7449427405447180618]-HASH=[2645B46835F9]-cluster]}, ping_response{node [{node_t3}{9i0gKojbTKKnv4dUyhJboA}{127.0.0.1}{127.0.0.1:9440}[mode=>network]], id[414], master [null], hasJoinedOnce [false], cluster_name[TEST-CHILD_VM=[0]-CLUSTER_SEED=[-7449427405447180618]-HASH=[2645B46835F9]-cluster]}, ping_response{node [{node_t3}{9i0gKojbTKKnv4dUyhJboA}{127.0.0.1}{127.0.0.1:9440}[mode=>network]], id[414], master [null], hasJoinedOnce [false], cluster_name[TEST-CHILD_VM=[0]-CLUSTER_SEED=[-7449427405447180618]-HASH=[2645B46835F9]-cluster]}, ping_response{node [{node_t1}{YucHs-5XRNO-JChWAzIIZg}{127.0.0.1}{127.0.0.1:9441}[mode=>network]], id[420], master [null], hasJoinedOnce [true], cluster_name[TEST-CHILD_VM=[0]-CLUSTER_SEED=[-7449427405447180618]-HASH=[2645B46835F9]-cluster]}, ping_response{node [{node_t1}{YucHs-5XRNO-JChWAzIIZg}{127.0.0.1}{127.0.0.1:9441}[mode=>network]], id[420], master [null], hasJoinedOnce [true], cluster_name[TEST-CHILD_VM=[0]-CLUSTER_SEED=[-7449427405447180618]-HASH=[2645B46835F9]-cluster]}, ping_response{node [{node_t1}{YucHs-5XRNO-JChWAzIIZg}{127.0.0.1}{127.0.0.1:9441}[mode=>network]], id[420], master [null], hasJoinedOnce [true], cluster_name[TEST-CHILD_VM=[0]-CLUSTER_SEED=[-7449427405447180618]-HASH=[2645B46835F9]-cluster]}, ping_response{node [{node_t3}{9i0gKojbTKKnv4dUyhJboA}{127.0.0.1}{127.0.0.1:9440}[mode=>network]], id[427], master [null], hasJoinedOnce [false], cluster_name[TEST-CHILD_VM=[0]-CLUSTER_SEED=[-7449427405447180618]-HASH=[2645B46835F9]-cluster]}, ping_response{node [{node_t1}{YucHs-5XRNO-JChWAzIIZg}{127.0.0.1}{127.0.0.1:9441}[mode=>network]], id[429], master [null], hasJoinedOnce [true], cluster_name[TEST-CHILD_VM=[0]-CLUSTER_SEED=[-7449427405447180618]-HASH=[2645B46835F9]-cluster]}]
[2016-04-18 03:03:36,221][TRACE][org.elasticsearch.discovery.zen.ping.unicast] [node_t3] [1] connecting (light) to {#zen_unicast_10#}{::1}{[::1]:9444}
[2016-04-18 03:03:36,225][TRACE][org.elasticsearch.discovery.zen.ping.unicast] [node_t3] [1] connecting (light) to {#zen_unicast_11_YucHs-5XRNO-JChWAzIIZg#}{127.0.0.1}{127.0.0.1:9441}[mode=>network]
[2016-04-18 03:03:36,225][TRACE][org.elasticsearch.discovery.zen.ping.unicast] [node_t3] [1] failed to connect to {#zen_unicast_8#}{::1}{[::1]:9442}
ConnectTransportException[[][[::1]:9442] connect_timeout[30s]]; nested: ConnectException[Connection refused: /0:0:0:0:0:0:0:1:9442];
	at org.elasticsearch.transport.netty.NettyTransport.connectToChannelsLight(NettyTransport.java:954)
	at org.elasticsearch.transport.netty.NettyTransport.connectToNode(NettyTransport.java:918)
	at org.elasticsearch.transport.netty.NettyTransport.connectToNodeLight(NettyTransport.java:890)
	at org.elasticsearch.test.transport.MockTransportService$LookupTestTransport.connectToNodeLight(MockTransportService.java:413)
	at org.elasticsearch.transport.TransportService.connectToNodeLight(TransportService.java:242)
	at org.elasticsearch.discovery.zen.ping.unicast.UnicastZenPing$3.run(UnicastZenPing.java:395)
	at java.util.concurrent.ThreadPoolExecutor.runWorker(ThreadPoolExecutor.java:1142)
	at java.util.concurrent.ThreadPoolExecutor$Worker.run(ThreadPoolExecutor.java:617)
	at java.lang.Thread.run(Thread.java:745)
Caused by: java.net.ConnectException: Connection refused: /0:0:0:0:0:0:0:1:9442
	at sun.nio.ch.SocketChannelImpl.checkConnect(Native Method)
	at sun.nio.ch.SocketChannelImpl.finishConnect(SocketChannelImpl.java:717)
	at org.jboss.netty.channel.socket.nio.NioClientBoss.connect(NioClientBoss.java:152)
	at org.jboss.netty.channel.socket.nio.NioClientBoss.processSelectedKeys(NioClientBoss.java:105)
	at org.jboss.netty.channel.socket.nio.NioClientBoss.process(NioClientBoss.java:79)
	at org.jboss.netty.channel.socket.nio.AbstractNioSelector.run(AbstractNioSelector.java:337)
	at org.jboss.netty.channel.socket.nio.NioClientBoss.run(NioClientBoss.java:42)
	at org.jboss.netty.util.ThreadRenamingRunnable.run(ThreadRenamingRunnable.java:108)
	at org.jboss.netty.util.internal.DeadLockProofWorker$1.run(DeadLockProofWorker.java:42)
	... 3 more
[2016-04-18 03:03:36,227][TRACE][org.elasticsearch.discovery.zen.ping.unicast] [node_t3] [1] connected to {node_t1}{YucHs-5XRNO-JChWAzIIZg}{127.0.0.1}{127.0.0.1:9441}[mode=>network]
[2016-04-18 03:03:36,227][TRACE][org.elasticsearch.discovery.zen.ping.unicast] [node_t3] [1] sending to {#zen_unicast_11_YucHs-5XRNO-JChWAzIIZg#}{127.0.0.1}{127.0.0.1:9441}[mode=>network]
[2016-04-18 03:03:36,227][TRACE][org.elasticsearch.discovery.zen.ping.unicast] [node_t3] [1] failed to connect to {#zen_unicast_10#}{::1}{[::1]:9444}
ConnectTransportException[[][[::1]:9444] connect_timeout[30s]]; nested: ConnectException[Connection refused: /0:0:0:0:0:0:0:1:9444];
	at org.elasticsearch.transport.netty.NettyTransport.connectToChannelsLight(NettyTransport.java:954)
	at org.elasticsearch.transport.netty.NettyTransport.connectToNode(NettyTransport.java:918)
	at org.elasticsearch.transport.netty.NettyTransport.connectToNodeLight(NettyTransport.java:890)
	at org.elasticsearch.test.transport.MockTransportService$LookupTestTransport.connectToNodeLight(MockTransportService.java:413)
	at org.elasticsearch.transport.TransportService.connectToNodeLight(TransportService.java:242)
	at org.elasticsearch.discovery.zen.ping.unicast.UnicastZenPing$3.run(UnicastZenPing.java:395)
	at java.util.concurrent.ThreadPoolExecutor.runWorker(ThreadPoolExecutor.java:1142)
	at java.util.concurrent.ThreadPoolExecutor$Worker.run(ThreadPoolExecutor.java:617)
	at java.lang.Thread.run(Thread.java:745)
Caused by: java.net.ConnectException: Connection refused: /0:0:0:0:0:0:0:1:9444
	at sun.nio.ch.SocketChannelImpl.checkConnect(Native Method)
	at sun.nio.ch.SocketChannelImpl.finishConnect(SocketChannelImpl.java:717)
	at org.jboss.netty.channel.socket.nio.NioClientBoss.connect(NioClientBoss.java:152)
	at org.jboss.netty.channel.socket.nio.NioClientBoss.processSelectedKeys(NioClientBoss.java:105)
	at org.jboss.netty.channel.socket.nio.NioClientBoss.process(NioClientBoss.java:79)
	at org.jboss.netty.channel.socket.nio.AbstractNioSelector.run(AbstractNioSelector.java:337)
	at org.jboss.netty.channel.socket.nio.NioClientBoss.run(NioClientBoss.java:42)
	at org.jboss.netty.util.ThreadRenamingRunnable.run(ThreadRenamingRunnable.java:108)
	at org.jboss.netty.util.internal.DeadLockProofWorker$1.run(DeadLockProofWorker.java:42)
	... 3 more
[2016-04-18 03:03:36,228][TRACE][org.elasticsearch.discovery.zen.ping.unicast] [node_t3] [1] received response from {#zen_unicast_11_YucHs-5XRNO-JChWAzIIZg#}{127.0.0.1}{127.0.0.1:9441}[mode=>network]: [ping_response{node [{node_t1}{YucHs-5XRNO-JChWAzIIZg}{127.0.0.1}{127.0.0.1:9441}[mode=>network]], id[410], master [{node_t1}{YucHs-5XRNO-JChWAzIIZg}{127.0.0.1}{127.0.0.1:9441}[mode=>network]], hasJoinedOnce [true], cluster_name[TEST-CHILD_VM=[0]-CLUSTER_SEED=[-7449427405447180618]-HASH=[2645B46835F9]-cluster]}, ping_response{node [{node_t1}{YucHs-5XRNO-JChWAzIIZg}{127.0.0.1}{127.0.0.1:9441}[mode=>network]], id[410], master [{node_t1}{YucHs-5XRNO-JChWAzIIZg}{127.0.0.1}{127.0.0.1:9441}[mode=>network]], hasJoinedOnce [true], cluster_name[TEST-CHILD_VM=[0]-CLUSTER_SEED=[-7449427405447180618]-HASH=[2645B46835F9]-cluster]}, ping_response{node [{node_t1}{YucHs-5XRNO-JChWAzIIZg}{127.0.0.1}{127.0.0.1:9441}[mode=>network]], id[410], master [{node_t1}{YucHs-5XRNO-JChWAzIIZg}{127.0.0.1}{127.0.0.1:9441}[mode=>network]], hasJoinedOnce [true], cluster_name[TEST-CHILD_VM=[0]-CLUSTER_SEED=[-7449427405447180618]-HASH=[2645B46835F9]-cluster]}, ping_response{node [{node_t3}{9i0gKojbTKKnv4dUyhJboA}{127.0.0.1}{127.0.0.1:9440}[mode=>network]], id[414], master [null], hasJoinedOnce [false], cluster_name[TEST-CHILD_VM=[0]-CLUSTER_SEED=[-7449427405447180618]-HASH=[2645B46835F9]-cluster]}, ping_response{node [{node_t3}{9i0gKojbTKKnv4dUyhJboA}{127.0.0.1}{127.0.0.1:9440}[mode=>network]], id[414], master [null], hasJoinedOnce [false], cluster_name[TEST-CHILD_VM=[0]-CLUSTER_SEED=[-7449427405447180618]-HASH=[2645B46835F9]-cluster]}, ping_response{node [{node_t1}{YucHs-5XRNO-JChWAzIIZg}{127.0.0.1}{127.0.0.1:9441}[mode=>network]], id[420], master [null], hasJoinedOnce [true], cluster_name[TEST-CHILD_VM=[0]-CLUSTER_SEED=[-7449427405447180618]-HASH=[2645B46835F9]-cluster]}, ping_response{node [{node_t1}{YucHs-5XRNO-JChWAzIIZg}{127.0.0.1}{127.0.0.1:9441}[mode=>network]], id[420], master [null], hasJoinedOnce [true], cluster_name[TEST-CHILD_VM=[0]-CLUSTER_SEED=[-7449427405447180618]-HASH=[2645B46835F9]-cluster]}, ping_response{node [{node_t1}{YucHs-5XRNO-JChWAzIIZg}{127.0.0.1}{127.0.0.1:9441}[mode=>network]], id[420], master [null], hasJoinedOnce [true], cluster_name[TEST-CHILD_VM=[0]-CLUSTER_SEED=[-7449427405447180618]-HASH=[2645B46835F9]-cluster]}, ping_response{node [{node_t3}{9i0gKojbTKKnv4dUyhJboA}{127.0.0.1}{127.0.0.1:9440}[mode=>network]], id[427], master [null], hasJoinedOnce [false], cluster_name[TEST-CHILD_VM=[0]-CLUSTER_SEED=[-7449427405447180618]-HASH=[2645B46835F9]-cluster]}, ping_response{node [{node_t3}{9i0gKojbTKKnv4dUyhJboA}{127.0.0.1}{127.0.0.1:9440}[mode=>network]], id[427], master [null], hasJoinedOnce [false], cluster_name[TEST-CHILD_VM=[0]-CLUSTER_SEED=[-7449427405447180618]-HASH=[2645B46835F9]-cluster]}, ping_response{node [{node_t3}{9i0gKojbTKKnv4dUyhJboA}{127.0.0.1}{127.0.0.1:9440}[mode=>network]], id[427], master [null], hasJoinedOnce [false], cluster_name[TEST-CHILD_VM=[0]-CLUSTER_SEED=[-7449427405447180618]-HASH=[2645B46835F9]-cluster]}, ping_response{node [{node_t1}{YucHs-5XRNO-JChWAzIIZg}{127.0.0.1}{127.0.0.1:9441}[mode=>network]], id[433], master [null], hasJoinedOnce [true], cluster_name[TEST-CHILD_VM=[0]-CLUSTER_SEED=[-7449427405447180618]-HASH=[2645B46835F9]-cluster]}]
[2016-04-18 03:03:36,287][TRACE][org.elasticsearch.discovery.zen.ping.unicast] [node_t1] [3] sending to {#zen_unicast_1#}{127.0.0.1}{127.0.0.1:9440}
[2016-04-18 03:03:36,287][TRACE][org.elasticsearch.discovery.zen.ping.unicast] [node_t1] [3] sending to {node_t1}{YucHs-5XRNO-JChWAzIIZg}{127.0.0.1}{127.0.0.1:9441}[mode=>network]
[2016-04-18 03:03:36,287][TRACE][org.elasticsearch.discovery.zen.ping.unicast] [node_t1] [3] received response from {node_t1}{YucHs-5XRNO-JChWAzIIZg}{127.0.0.1}{127.0.0.1:9441}[mode=>network]: [ping_response{node [{node_t1}{YucHs-5XRNO-JChWAzIIZg}{127.0.0.1}{127.0.0.1:9441}[mode=>network]], id[410], master [{node_t1}{YucHs-5XRNO-JChWAzIIZg}{127.0.0.1}{127.0.0.1:9441}[mode=>network]], hasJoinedOnce [true], cluster_name[TEST-CHILD_VM=[0]-CLUSTER_SEED=[-7449427405447180618]-HASH=[2645B46835F9]-cluster]}, ping_response{node [{node_t1}{YucHs-5XRNO-JChWAzIIZg}{127.0.0.1}{127.0.0.1:9441}[mode=>network]], id[410], master [{node_t1}{YucHs-5XRNO-JChWAzIIZg}{127.0.0.1}{127.0.0.1:9441}[mode=>network]], hasJoinedOnce [true], cluster_name[TEST-CHILD_VM=[0]-CLUSTER_SEED=[-7449427405447180618]-HASH=[2645B46835F9]-cluster]}, ping_response{node [{node_t1}{YucHs-5XRNO-JChWAzIIZg}{127.0.0.1}{127.0.0.1:9441}[mode=>network]], id[410], master [{node_t1}{YucHs-5XRNO-JChWAzIIZg}{127.0.0.1}{127.0.0.1:9441}[mode=>network]], hasJoinedOnce [true], cluster_name[TEST-CHILD_VM=[0]-CLUSTER_SEED=[-7449427405447180618]-HASH=[2645B46835F9]-cluster]}, ping_response{node [{node_t3}{9i0gKojbTKKnv4dUyhJboA}{127.0.0.1}{127.0.0.1:9440}[mode=>network]], id[414], master [null], hasJoinedOnce [false], cluster_name[TEST-CHILD_VM=[0]-CLUSTER_SEED=[-7449427405447180618]-HASH=[2645B46835F9]-cluster]}, ping_response{node [{node_t3}{9i0gKojbTKKnv4dUyhJboA}{127.0.0.1}{127.0.0.1:9440}[mode=>network]], id[414], master [null], hasJoinedOnce [false], cluster_name[TEST-CHILD_VM=[0]-CLUSTER_SEED=[-7449427405447180618]-HASH=[2645B46835F9]-cluster]}, ping_response{node [{node_t1}{YucHs-5XRNO-JChWAzIIZg}{127.0.0.1}{127.0.0.1:9441}[mode=>network]], id[420], master [null], hasJoinedOnce [true], cluster_name[TEST-CHILD_VM=[0]-CLUSTER_SEED=[-7449427405447180618]-HASH=[2645B46835F9]-cluster]}, ping_response{node [{node_t1}{YucHs-5XRNO-JChWAzIIZg}{127.0.0.1}{127.0.0.1:9441}[mode=>network]], id[420], master [null], hasJoinedOnce [true], cluster_name[TEST-CHILD_VM=[0]-CLUSTER_SEED=[-7449427405447180618]-HASH=[2645B46835F9]-cluster]}, ping_response{node [{node_t1}{YucHs-5XRNO-JChWAzIIZg}{127.0.0.1}{127.0.0.1:9441}[mode=>network]], id[420], master [null], hasJoinedOnce [true], cluster_name[TEST-CHILD_VM=[0]-CLUSTER_SEED=[-7449427405447180618]-HASH=[2645B46835F9]-cluster]}, ping_response{node [{node_t3}{9i0gKojbTKKnv4dUyhJboA}{127.0.0.1}{127.0.0.1:9440}[mode=>network]], id[427], master [null], hasJoinedOnce [false], cluster_name[TEST-CHILD_VM=[0]-CLUSTER_SEED=[-7449427405447180618]-HASH=[2645B46835F9]-cluster]}, ping_response{node [{node_t3}{9i0gKojbTKKnv4dUyhJboA}{127.0.0.1}{127.0.0.1:9440}[mode=>network]], id[427], master [null], hasJoinedOnce [false], cluster_name[TEST-CHILD_VM=[0]-CLUSTER_SEED=[-7449427405447180618]-HASH=[2645B46835F9]-cluster]}, ping_response{node [{node_t3}{9i0gKojbTKKnv4dUyhJboA}{127.0.0.1}{127.0.0.1:9440}[mode=>network]], id[427], master [null], hasJoinedOnce [false], cluster_name[TEST-CHILD_VM=[0]-CLUSTER_SEED=[-7449427405447180618]-HASH=[2645B46835F9]-cluster]}, ping_response{node [{node_t1}{YucHs-5XRNO-JChWAzIIZg}{127.0.0.1}{127.0.0.1:9441}[mode=>network]], id[434], master [null], hasJoinedOnce [true], cluster_name[TEST-CHILD_VM=[0]-CLUSTER_SEED=[-7449427405447180618]-HASH=[2645B46835F9]-cluster]}, ping_response{node [{node_t1}{YucHs-5XRNO-JChWAzIIZg}{127.0.0.1}{127.0.0.1:9441}[mode=>network]], id[435], master [null], hasJoinedOnce [true], cluster_name[TEST-CHILD_VM=[0]-CLUSTER_SEED=[-7449427405447180618]-HASH=[2645B46835F9]-cluster]}]
[2016-04-18 03:03:36,287][TRACE][org.elasticsearch.discovery.zen.ping.unicast] [node_t1] [3] received response from {#zen_unicast_1#}{127.0.0.1}{127.0.0.1:9440}: [ping_response{node [{node_t3}{9i0gKojbTKKnv4dUyhJboA}{127.0.0.1}{127.0.0.1:9440}[mode=>network]], id[414], master [null], hasJoinedOnce [false], cluster_name[TEST-CHILD_VM=[0]-CLUSTER_SEED=[-7449427405447180618]-HASH=[2645B46835F9]-cluster]}, ping_response{node [{node_t3}{9i0gKojbTKKnv4dUyhJboA}{127.0.0.1}{127.0.0.1:9440}[mode=>network]], id[414], master [null], hasJoinedOnce [false], cluster_name[TEST-CHILD_VM=[0]-CLUSTER_SEED=[-7449427405447180618]-HASH=[2645B46835F9]-cluster]}, ping_response{node [{node_t3}{9i0gKojbTKKnv4dUyhJboA}{127.0.0.1}{127.0.0.1:9440}[mode=>network]], id[414], master [null], hasJoinedOnce [false], cluster_name[TEST-CHILD_VM=[0]-CLUSTER_SEED=[-7449427405447180618]-HASH=[2645B46835F9]-cluster]}, ping_response{node [{node_t1}{YucHs-5XRNO-JChWAzIIZg}{127.0.0.1}{127.0.0.1:9441}[mode=>network]], id[420], master [null], hasJoinedOnce [true], cluster_name[TEST-CHILD_VM=[0]-CLUSTER_SEED=[-7449427405447180618]-HASH=[2645B46835F9]-cluster]}, ping_response{node [{node_t1}{YucHs-5XRNO-JChWAzIIZg}{127.0.0.1}{127.0.0.1:9441}[mode=>network]], id[420], master [null], hasJoinedOnce [true], cluster_name[TEST-CHILD_VM=[0]-CLUSTER_SEED=[-7449427405447180618]-HASH=[2645B46835F9]-cluster]}, ping_response{node [{node_t1}{YucHs-5XRNO-JChWAzIIZg}{127.0.0.1}{127.0.0.1:9441}[mode=>network]], id[420], master [null], hasJoinedOnce [true], cluster_name[TEST-CHILD_VM=[0]-CLUSTER_SEED=[-7449427405447180618]-HASH=[2645B46835F9]-cluster]}, ping_response{node [{node_t3}{9i0gKojbTKKnv4dUyhJboA}{127.0.0.1}{127.0.0.1:9440}[mode=>network]], id[427], master [null], hasJoinedOnce [false], cluster_name[TEST-CHILD_VM=[0]-CLUSTER_SEED=[-7449427405447180618]-HASH=[2645B46835F9]-cluster]}, ping_response{node [{node_t3}{9i0gKojbTKKnv4dUyhJboA}{127.0.0.1}{127.0.0.1:9440}[mode=>network]], id[427], master [null], hasJoinedOnce [false], cluster_name[TEST-CHILD_VM=[0]-CLUSTER_SEED=[-7449427405447180618]-HASH=[2645B46835F9]-cluster]}, ping_response{node [{node_t3}{9i0gKojbTKKnv4dUyhJboA}{127.0.0.1}{127.0.0.1:9440}[mode=>network]], id[427], master [null], hasJoinedOnce [false], cluster_name[TEST-CHILD_VM=[0]-CLUSTER_SEED=[-7449427405447180618]-HASH=[2645B46835F9]-cluster]}, ping_response{node [{node_t1}{YucHs-5XRNO-JChWAzIIZg}{127.0.0.1}{127.0.0.1:9441}[mode=>network]], id[434], master [null], hasJoinedOnce [true], cluster_name[TEST-CHILD_VM=[0]-CLUSTER_SEED=[-7449427405447180618]-HASH=[2645B46835F9]-cluster]}, ping_response{node [{node_t3}{9i0gKojbTKKnv4dUyhJboA}{127.0.0.1}{127.0.0.1:9440}[mode=>network]], id[436], master [null], hasJoinedOnce [false], cluster_name[TEST-CHILD_VM=[0]-CLUSTER_SEED=[-7449427405447180618]-HASH=[2645B46835F9]-cluster]}]
[2016-04-18 03:03:36,287][TRACE][org.elasticsearch.discovery.zen.ping.unicast] [node_t1] [3] connecting (light) to {#zen_unicast_3#}{127.0.0.1}{127.0.0.1:9442}
[2016-04-18 03:03:36,287][TRACE][org.elasticsearch.discovery.zen.ping.unicast] [node_t1] [3] connecting (light) to {#zen_unicast_4#}{127.0.0.1}{127.0.0.1:9443}
[2016-04-18 03:03:36,287][TRACE][org.elasticsearch.discovery.zen.ping.unicast] [node_t1] [3] connecting (light) to {#zen_unicast_5#}{127.0.0.1}{127.0.0.1:9444}
[2016-04-18 03:03:36,287][TRACE][org.elasticsearch.discovery.zen.ping.unicast] [node_t1] [3] sending to {#zen_unicast_6#}{::1}{[::1]:9440}
[2016-04-18 03:03:36,288][TRACE][org.elasticsearch.discovery.zen.ping.unicast] [node_t1] [3] sending to {#zen_unicast_7#}{::1}{[::1]:9441}
[2016-04-18 03:03:36,288][TRACE][org.elasticsearch.discovery.zen.ping.unicast] [node_t1] [3] connecting (light) to {#zen_unicast_8#}{::1}{[::1]:9442}
[2016-04-18 03:03:36,288][TRACE][org.elasticsearch.discovery.zen.ping.unicast] [node_t1] [3] connecting (light) to {#zen_unicast_10#}{::1}{[::1]:9444}
[2016-04-18 03:03:36,288][TRACE][org.elasticsearch.discovery.zen.ping.unicast] [node_t1] replacing {node_t3}{9i0gKojbTKKnv4dUyhJboA}{127.0.0.1}{127.0.0.1:9440}[mode=>network] with temp node {#zen_unicast_16_9i0gKojbTKKnv4dUyhJboA#}{127.0.0.1}{127.0.0.1:9440}[mode=>network]
[2016-04-18 03:03:36,288][TRACE][org.elasticsearch.discovery.zen.ping.unicast] [node_t1] [3] connecting (light) to {#zen_unicast_9#}{::1}{[::1]:9443}
[2016-04-18 03:03:36,288][TRACE][org.elasticsearch.discovery.zen.ping.unicast] [node_t1] [3] connecting (light) to {#zen_unicast_16_9i0gKojbTKKnv4dUyhJboA#}{127.0.0.1}{127.0.0.1:9440}[mode=>network]
[2016-04-18 03:03:36,288][TRACE][org.elasticsearch.discovery.zen.ping.unicast] [node_t1] [3] received response from {#zen_unicast_6#}{::1}{[::1]:9440}: [ping_response{node [{node_t3}{9i0gKojbTKKnv4dUyhJboA}{127.0.0.1}{127.0.0.1:9440}[mode=>network]], id[414], master [null], hasJoinedOnce [false], cluster_name[TEST-CHILD_VM=[0]-CLUSTER_SEED=[-7449427405447180618]-HASH=[2645B46835F9]-cluster]}, ping_response{node [{node_t3}{9i0gKojbTKKnv4dUyhJboA}{127.0.0.1}{127.0.0.1:9440}[mode=>network]], id[414], master [null], hasJoinedOnce [false], cluster_name[TEST-CHILD_VM=[0]-CLUSTER_SEED=[-7449427405447180618]-HASH=[2645B46835F9]-cluster]}, ping_response{node [{node_t3}{9i0gKojbTKKnv4dUyhJboA}{127.0.0.1}{127.0.0.1:9440}[mode=>network]], id[414], master [null], hasJoinedOnce [false], cluster_name[TEST-CHILD_VM=[0]-CLUSTER_SEED=[-7449427405447180618]-HASH=[2645B46835F9]-cluster]}, ping_response{node [{node_t1}{YucHs-5XRNO-JChWAzIIZg}{127.0.0.1}{127.0.0.1:9441}[mode=>network]], id[420], master [null], hasJoinedOnce [true], cluster_name[TEST-CHILD_VM=[0]-CLUSTER_SEED=[-7449427405447180618]-HASH=[2645B46835F9]-cluster]}, ping_response{node [{node_t1}{YucHs-5XRNO-JChWAzIIZg}{127.0.0.1}{127.0.0.1:9441}[mode=>network]], id[420], master [null], hasJoinedOnce [true], cluster_name[TEST-CHILD_VM=[0]-CLUSTER_SEED=[-7449427405447180618]-HASH=[2645B46835F9]-cluster]}, ping_response{node [{node_t1}{YucHs-5XRNO-JChWAzIIZg}{127.0.0.1}{127.0.0.1:9441}[mode=>network]], id[420], master [null], hasJoinedOnce [true], cluster_name[TEST-CHILD_VM=[0]-CLUSTER_SEED=[-7449427405447180618]-HASH=[2645B46835F9]-cluster]}, ping_response{node [{node_t3}{9i0gKojbTKKnv4dUyhJboA}{127.0.0.1}{127.0.0.1:9440}[mode=>network]], id[427], master [null], hasJoinedOnce [false], cluster_name[TEST-CHILD_VM=[0]-CLUSTER_SEED=[-7449427405447180618]-HASH=[2645B46835F9]-cluster]}, ping_response{node [{node_t3}{9i0gKojbTKKnv4dUyhJboA}{127.0.0.1}{127.0.0.1:9440}[mode=>network]], id[427], master [null], hasJoinedOnce [false], cluster_name[TEST-CHILD_VM=[0]-CLUSTER_SEED=[-7449427405447180618]-HASH=[2645B46835F9]-cluster]}, ping_response{node [{node_t3}{9i0gKojbTKKnv4dUyhJboA}{127.0.0.1}{127.0.0.1:9440}[mode=>network]], id[427], master [null], hasJoinedOnce [false], cluster_name[TEST-CHILD_VM=[0]-CLUSTER_SEED=[-7449427405447180618]-HASH=[2645B46835F9]-cluster]}, ping_response{node [{node_t1}{YucHs-5XRNO-JChWAzIIZg}{127.0.0.1}{127.0.0.1:9441}[mode=>network]], id[434], master [null], hasJoinedOnce [true], cluster_name[TEST-CHILD_VM=[0]-CLUSTER_SEED=[-7449427405447180618]-HASH=[2645B46835F9]-cluster]}, ping_response{node [{node_t1}{YucHs-5XRNO-JChWAzIIZg}{127.0.0.1}{127.0.0.1:9441}[mode=>network]], id[434], master [null], hasJoinedOnce [true], cluster_name[TEST-CHILD_VM=[0]-CLUSTER_SEED=[-7449427405447180618]-HASH=[2645B46835F9]-cluster]}, ping_response{node [{node_t3}{9i0gKojbTKKnv4dUyhJboA}{127.0.0.1}{127.0.0.1:9440}[mode=>network]], id[437], master [null], hasJoinedOnce [false], cluster_name[TEST-CHILD_VM=[0]-CLUSTER_SEED=[-7449427405447180618]-HASH=[2645B46835F9]-cluster]}]
[2016-04-18 03:03:36,288][TRACE][org.elasticsearch.discovery.zen.ping.unicast] [node_t1] [3] failed to connect to {#zen_unicast_3#}{127.0.0.1}{127.0.0.1:9442}
ConnectTransportException[[][127.0.0.1:9442] connect_timeout[30s]]; nested: ConnectException[Connection refused: /127.0.0.1:9442];
	at org.elasticsearch.transport.netty.NettyTransport.connectToChannelsLight(NettyTransport.java:954)
	at org.elasticsearch.transport.netty.NettyTransport.connectToNode(NettyTransport.java:918)
	at org.elasticsearch.transport.netty.NettyTransport.connectToNodeLight(NettyTransport.java:890)
	at org.elasticsearch.test.transport.MockTransportService$LookupTestTransport.connectToNodeLight(MockTransportService.java:413)
	at org.elasticsearch.transport.TransportService.connectToNodeLight(TransportService.java:242)
	at org.elasticsearch.discovery.zen.ping.unicast.UnicastZenPing$3.run(UnicastZenPing.java:395)
	at java.util.concurrent.ThreadPoolExecutor.runWorker(ThreadPoolExecutor.java:1142)
	at java.util.concurrent.ThreadPoolExecutor$Worker.run(ThreadPoolExecutor.java:617)
	at java.lang.Thread.run(Thread.java:745)
Caused by: java.net.ConnectException: Connection refused: /127.0.0.1:9442
	at sun.nio.ch.SocketChannelImpl.checkConnect(Native Method)
	at sun.nio.ch.SocketChannelImpl.finishConnect(SocketChannelImpl.java:717)
	at org.jboss.netty.channel.socket.nio.NioClientBoss.connect(NioClientBoss.java:152)
	at org.jboss.netty.channel.socket.nio.NioClientBoss.processSelectedKeys(NioClientBoss.java:105)
	at org.jboss.netty.channel.socket.nio.NioClientBoss.process(NioClientBoss.java:79)
	at org.jboss.netty.channel.socket.nio.AbstractNioSelector.run(AbstractNioSelector.java:337)
	at org.jboss.netty.channel.socket.nio.NioClientBoss.run(NioClientBoss.java:42)
	at org.jboss.netty.util.ThreadRenamingRunnable.run(ThreadRenamingRunnable.java:108)
	at org.jboss.netty.util.internal.DeadLockProofWorker$1.run(DeadLockProofWorker.java:42)
	... 3 more
[2016-04-18 03:03:36,289][TRACE][org.elasticsearch.discovery.zen.ping.unicast] [node_t1] [3] failed to connect to {#zen_unicast_9#}{::1}{[::1]:9443}
ConnectTransportException[[][[::1]:9443] connect_timeout[30s]]; nested: ConnectException[Connection refused: /0:0:0:0:0:0:0:1:9443];
	at org.elasticsearch.transport.netty.NettyTransport.connectToChannelsLight(NettyTransport.java:954)
	at org.elasticsearch.transport.netty.NettyTransport.connectToNode(NettyTransport.java:918)
	at org.elasticsearch.transport.netty.NettyTransport.connectToNodeLight(NettyTransport.java:890)
	at org.elasticsearch.test.transport.MockTransportService$LookupTestTransport.connectToNodeLight(MockTransportService.java:413)
	at org.elasticsearch.transport.TransportService.connectToNodeLight(TransportService.java:242)
	at org.elasticsearch.discovery.zen.ping.unicast.UnicastZenPing$3.run(UnicastZenPing.java:395)
	at java.util.concurrent.ThreadPoolExecutor.runWorker(ThreadPoolExecutor.java:1142)
	at java.util.concurrent.ThreadPoolExecutor$Worker.run(ThreadPoolExecutor.java:617)
	at java.lang.Thread.run(Thread.java:745)
Caused by: java.net.ConnectException: Connection refused: /0:0:0:0:0:0:0:1:9443
	at sun.nio.ch.SocketChannelImpl.checkConnect(Native Method)
	at sun.nio.ch.SocketChannelImpl.finishConnect(SocketChannelImpl.java:717)
	at org.jboss.netty.channel.socket.nio.NioClientBoss.connect(NioClientBoss.java:152)
	at org.jboss.netty.channel.socket.nio.NioClientBoss.processSelectedKeys(NioClientBoss.java:105)
	at org.jboss.netty.channel.socket.nio.NioClientBoss.process(NioClientBoss.java:79)
	at org.jboss.netty.channel.socket.nio.AbstractNioSelector.run(AbstractNioSelector.java:337)
	at org.jboss.netty.channel.socket.nio.NioClientBoss.run(NioClientBoss.java:42)
	at org.jboss.netty.util.ThreadRenamingRunnable.run(ThreadRenamingRunnable.java:108)
	at org.jboss.netty.util.internal.DeadLockProofWorker$1.run(DeadLockProofWorker.java:42)
	... 3 more
[2016-04-18 03:03:36,288][TRACE][org.elasticsearch.discovery.zen.ping.unicast] [node_t1] [3] sending to {node_t1}{YucHs-5XRNO-JChWAzIIZg}{127.0.0.1}{127.0.0.1:9441}[mode=>network]
[2016-04-18 03:03:36,289][TRACE][org.elasticsearch.discovery.zen.ping.unicast] [node_t1] [3] failed to connect to {#zen_unicast_10#}{::1}{[::1]:9444}
ConnectTransportException[[][[::1]:9444] connect_timeout[30s]]; nested: ConnectException[Connection refused: /0:0:0:0:0:0:0:1:9444];
	at org.elasticsearch.transport.netty.NettyTransport.connectToChannelsLight(NettyTransport.java:954)
	at org.elasticsearch.transport.netty.NettyTransport.connectToNode(NettyTransport.java:918)
	at org.elasticsearch.transport.netty.NettyTransport.connectToNodeLight(NettyTransport.java:890)
	at org.elasticsearch.test.transport.MockTransportService$LookupTestTransport.connectToNodeLight(MockTransportService.java:413)
	at org.elasticsearch.transport.TransportService.connectToNodeLight(TransportService.java:242)
	at org.elasticsearch.discovery.zen.ping.unicast.UnicastZenPing$3.run(UnicastZenPing.java:395)
	at java.util.concurrent.ThreadPoolExecutor.runWorker(ThreadPoolExecutor.java:1142)
	at java.util.concurrent.ThreadPoolExecutor$Worker.run(ThreadPoolExecutor.java:617)
	at java.lang.Thread.run(Thread.java:745)
Caused by: java.net.ConnectException: Connection refused: /0:0:0:0:0:0:0:1:9444
	at sun.nio.ch.SocketChannelImpl.checkConnect(Native Method)
	at sun.nio.ch.SocketChannelImpl.finishConnect(SocketChannelImpl.java:717)
	at org.jboss.netty.channel.socket.nio.NioClientBoss.connect(NioClientBoss.java:152)
	at org.jboss.netty.channel.socket.nio.NioClientBoss.processSelectedKeys(NioClientBoss.java:105)
	at org.jboss.netty.channel.socket.nio.NioClientBoss.process(NioClientBoss.java:79)
	at org.jboss.netty.channel.socket.nio.AbstractNioSelector.run(AbstractNioSelector.java:337)
	at org.jboss.netty.channel.socket.nio.NioClientBoss.run(NioClientBoss.java:42)
	at org.jboss.netty.util.ThreadRenamingRunnable.run(ThreadRenamingRunnable.java:108)
	at org.jboss.netty.util.internal.DeadLockProofWorker$1.run(DeadLockProofWorker.java:42)
	... 3 more
[2016-04-18 03:03:36,289][TRACE][org.elasticsearch.discovery.zen.ping.unicast] [node_t1] [3] connected to {node_t3}{9i0gKojbTKKnv4dUyhJboA}{127.0.0.1}{127.0.0.1:9440}[mode=>network]
[2016-04-18 03:03:36,288][TRACE][org.elasticsearch.discovery.zen.ping.unicast] [node_t1] [3] failed to connect to {#zen_unicast_8#}{::1}{[::1]:9442}
ConnectTransportException[[][[::1]:9442] connect_timeout[30s]]; nested: ConnectException[Connection refused: /0:0:0:0:0:0:0:1:9442];
	at org.elasticsearch.transport.netty.NettyTransport.connectToChannelsLight(NettyTransport.java:954)
	at org.elasticsearch.transport.netty.NettyTransport.connectToNode(NettyTransport.java:918)
	at org.elasticsearch.transport.netty.NettyTransport.connectToNodeLight(NettyTransport.java:890)
	at org.elasticsearch.test.transport.MockTransportService$LookupTestTransport.connectToNodeLight(MockTransportService.java:413)
	at org.elasticsearch.transport.TransportService.connectToNodeLight(TransportService.java:242)
	at org.elasticsearch.discovery.zen.ping.unicast.UnicastZenPing$3.run(UnicastZenPing.java:395)
	at java.util.concurrent.ThreadPoolExecutor.runWorker(ThreadPoolExecutor.java:1142)
	at java.util.concurrent.ThreadPoolExecutor$Worker.run(ThreadPoolExecutor.java:617)
	at java.lang.Thread.run(Thread.java:745)
Caused by: java.net.ConnectException: Connection refused: /0:0:0:0:0:0:0:1:9442
	at sun.nio.ch.SocketChannelImpl.checkConnect(Native Method)
	at sun.nio.ch.SocketChannelImpl.finishConnect(SocketChannelImpl.java:717)
	at org.jboss.netty.channel.socket.nio.NioClientBoss.connect(NioClientBoss.java:152)
	at org.jboss.netty.channel.socket.nio.NioClientBoss.processSelectedKeys(NioClientBoss.java:105)
	at org.jboss.netty.channel.socket.nio.NioClientBoss.process(NioClientBoss.java:79)
	at org.jboss.netty.channel.socket.nio.AbstractNioSelector.run(AbstractNioSelector.java:337)
	at org.jboss.netty.channel.socket.nio.NioClientBoss.run(NioClientBoss.java:42)
	at org.jboss.netty.util.ThreadRenamingRunnable.run(ThreadRenamingRunnable.java:108)
	at org.jboss.netty.util.internal.DeadLockProofWorker$1.run(DeadLockProofWorker.java:42)
	... 3 more
[2016-04-18 03:03:36,288][TRACE][org.elasticsearch.discovery.zen.ping.unicast] [node_t1] [3] received response from {#zen_unicast_7#}{::1}{[::1]:9441}: [ping_response{node [{node_t1}{YucHs-5XRNO-JChWAzIIZg}{127.0.0.1}{127.0.0.1:9441}[mode=>network]], id[410], master [{node_t1}{YucHs-5XRNO-JChWAzIIZg}{127.0.0.1}{127.0.0.1:9441}[mode=>network]], hasJoinedOnce [true], cluster_name[TEST-CHILD_VM=[0]-CLUSTER_SEED=[-7449427405447180618]-HASH=[2645B46835F9]-cluster]}, ping_response{node [{node_t1}{YucHs-5XRNO-JChWAzIIZg}{127.0.0.1}{127.0.0.1:9441}[mode=>network]], id[410], master [{node_t1}{YucHs-5XRNO-JChWAzIIZg}{127.0.0.1}{127.0.0.1:9441}[mode=>network]], hasJoinedOnce [true], cluster_name[TEST-CHILD_VM=[0]-CLUSTER_SEED=[-7449427405447180618]-HASH=[2645B46835F9]-cluster]}, ping_response{node [{node_t1}{YucHs-5XRNO-JChWAzIIZg}{127.0.0.1}{127.0.0.1:9441}[mode=>network]], id[410], master [{node_t1}{YucHs-5XRNO-JChWAzIIZg}{127.0.0.1}{127.0.0.1:9441}[mode=>network]], hasJoinedOnce [true], cluster_name[TEST-CHILD_VM=[0]-CLUSTER_SEED=[-7449427405447180618]-HASH=[2645B46835F9]-cluster]}, ping_response{node [{node_t3}{9i0gKojbTKKnv4dUyhJboA}{127.0.0.1}{127.0.0.1:9440}[mode=>network]], id[414], master [null], hasJoinedOnce [false], cluster_name[TEST-CHILD_VM=[0]-CLUSTER_SEED=[-7449427405447180618]-HASH=[2645B46835F9]-cluster]}, ping_response{node [{node_t3}{9i0gKojbTKKnv4dUyhJboA}{127.0.0.1}{127.0.0.1:9440}[mode=>network]], id[414], master [null], hasJoinedOnce [false], cluster_name[TEST-CHILD_VM=[0]-CLUSTER_SEED=[-7449427405447180618]-HASH=[2645B46835F9]-cluster]}, ping_response{node [{node_t1}{YucHs-5XRNO-JChWAzIIZg}{127.0.0.1}{127.0.0.1:9441}[mode=>network]], id[420], master [null], hasJoinedOnce [true], cluster_name[TEST-CHILD_VM=[0]-CLUSTER_SEED=[-7449427405447180618]-HASH=[2645B46835F9]-cluster]}, ping_response{node [{node_t1}{YucHs-5XRNO-JChWAzIIZg}{127.0.0.1}{127.0.0.1:9441}[mode=>network]], id[420], master [null], hasJoinedOnce [true], cluster_name[TEST-CHILD_VM=[0]-CLUSTER_SEED=[-7449427405447180618]-HASH=[2645B46835F9]-cluster]}, ping_response{node [{node_t1}{YucHs-5XRNO-JChWAzIIZg}{127.0.0.1}{127.0.0.1:9441}[mode=>network]], id[420], master [null], hasJoinedOnce [true], cluster_name[TEST-CHILD_VM=[0]-CLUSTER_SEED=[-7449427405447180618]-HASH=[2645B46835F9]-cluster]}, ping_response{node [{node_t3}{9i0gKojbTKKnv4dUyhJboA}{127.0.0.1}{127.0.0.1:9440}[mode=>network]], id[427], master [null], hasJoinedOnce [false], cluster_name[TEST-CHILD_VM=[0]-CLUSTER_SEED=[-7449427405447180618]-HASH=[2645B46835F9]-cluster]}, ping_response{node [{node_t3}{9i0gKojbTKKnv4dUyhJboA}{127.0.0.1}{127.0.0.1:9440}[mode=>network]], id[427], master [null], hasJoinedOnce [false], cluster_name[TEST-CHILD_VM=[0]-CLUSTER_SEED=[-7449427405447180618]-HASH=[2645B46835F9]-cluster]}, ping_response{node [{node_t3}{9i0gKojbTKKnv4dUyhJboA}{127.0.0.1}{127.0.0.1:9440}[mode=>network]], id[427], master [null], hasJoinedOnce [false], cluster_name[TEST-CHILD_VM=[0]-CLUSTER_SEED=[-7449427405447180618]-HASH=[2645B46835F9]-cluster]}, ping_response{node [{node_t1}{YucHs-5XRNO-JChWAzIIZg}{127.0.0.1}{127.0.0.1:9441}[mode=>network]], id[434], master [null], hasJoinedOnce [true], cluster_name[TEST-CHILD_VM=[0]-CLUSTER_SEED=[-7449427405447180618]-HASH=[2645B46835F9]-cluster]}, ping_response{node [{node_t1}{YucHs-5XRNO-JChWAzIIZg}{127.0.0.1}{127.0.0.1:9441}[mode=>network]], id[434], master [null], hasJoinedOnce [true], cluster_name[TEST-CHILD_VM=[0]-CLUSTER_SEED=[-7449427405447180618]-HASH=[2645B46835F9]-cluster]}, ping_response{node [{node_t1}{YucHs-5XRNO-JChWAzIIZg}{127.0.0.1}{127.0.0.1:9441}[mode=>network]], id[438], master [null], hasJoinedOnce [true], cluster_name[TEST-CHILD_VM=[0]-CLUSTER_SEED=[-7449427405447180618]-HASH=[2645B46835F9]-cluster]}]
[2016-04-18 03:03:36,288][TRACE][org.elasticsearch.discovery.zen.ping.unicast] [node_t1] [3] failed to connect to {#zen_unicast_4#}{127.0.0.1}{127.0.0.1:9443}
ConnectTransportException[[][127.0.0.1:9443] connect_timeout[30s]]; nested: ConnectException[Connection refused: /127.0.0.1:9443];
	at org.elasticsearch.transport.netty.NettyTransport.connectToChannelsLight(NettyTransport.java:954)
	at org.elasticsearch.transport.netty.NettyTransport.connectToNode(NettyTransport.java:918)
	at org.elasticsearch.transport.netty.NettyTransport.connectToNodeLight(NettyTransport.java:890)
	at org.elasticsearch.test.transport.MockTransportService$LookupTestTransport.connectToNodeLight(MockTransportService.java:413)
	at org.elasticsearch.transport.TransportService.connectToNodeLight(TransportService.java:242)
	at org.elasticsearch.discovery.zen.ping.unicast.UnicastZenPing$3.run(UnicastZenPing.java:395)
	at java.util.concurrent.ThreadPoolExecutor.runWorker(ThreadPoolExecutor.java:1142)
	at java.util.concurrent.ThreadPoolExecutor$Worker.run(ThreadPoolExecutor.java:617)
	at java.lang.Thread.run(Thread.java:745)
Caused by: java.net.ConnectException: Connection refused: /127.0.0.1:9443
	at sun.nio.ch.SocketChannelImpl.checkConnect(Native Method)
	at sun.nio.ch.SocketChannelImpl.finishConnect(SocketChannelImpl.java:717)
	at org.jboss.netty.channel.socket.nio.NioClientBoss.connect(NioClientBoss.java:152)
	at org.jboss.netty.channel.socket.nio.NioClientBoss.processSelectedKeys(NioClientBoss.java:105)
	at org.jboss.netty.channel.socket.nio.NioClientBoss.process(NioClientBoss.java:79)
	at org.jboss.netty.channel.socket.nio.AbstractNioSelector.run(AbstractNioSelector.java:337)
	at org.jboss.netty.channel.socket.nio.NioClientBoss.run(NioClientBoss.java:42)
	at org.jboss.netty.util.ThreadRenamingRunnable.run(ThreadRenamingRunnable.java:108)
	at org.jboss.netty.util.internal.DeadLockProofWorker$1.run(DeadLockProofWorker.java:42)
	... 3 more
[2016-04-18 03:03:36,288][TRACE][org.elasticsearch.discovery.zen.ping.unicast] [node_t1] [3] failed to connect to {#zen_unicast_5#}{127.0.0.1}{127.0.0.1:9444}
ConnectTransportException[[][127.0.0.1:9444] connect_timeout[30s]]; nested: ConnectException[Connection refused: /127.0.0.1:9444];
	at org.elasticsearch.transport.netty.NettyTransport.connectToChannelsLight(NettyTransport.java:954)
	at org.elasticsearch.transport.netty.NettyTransport.connectToNode(NettyTransport.java:918)
	at org.elasticsearch.transport.netty.NettyTransport.connectToNodeLight(NettyTransport.java:890)
	at org.elasticsearch.test.transport.MockTransportService$LookupTestTransport.connectToNodeLight(MockTransportService.java:413)
	at org.elasticsearch.transport.TransportService.connectToNodeLight(TransportService.java:242)
	at org.elasticsearch.discovery.zen.ping.unicast.UnicastZenPing$3.run(UnicastZenPing.java:395)
	at java.util.concurrent.ThreadPoolExecutor.runWorker(ThreadPoolExecutor.java:1142)
	at java.util.concurrent.ThreadPoolExecutor$Worker.run(ThreadPoolExecutor.java:617)
	at java.lang.Thread.run(Thread.java:745)
Caused by: java.net.ConnectException: Connection refused: /127.0.0.1:9444
	at sun.nio.ch.SocketChannelImpl.checkConnect(Native Method)
	at sun.nio.ch.SocketChannelImpl.finishConnect(SocketChannelImpl.java:717)
	at org.jboss.netty.channel.socket.nio.NioClientBoss.connect(NioClientBoss.java:152)
	at org.jboss.netty.channel.socket.nio.NioClientBoss.processSelectedKeys(NioClientBoss.java:105)
	at org.jboss.netty.channel.socket.nio.NioClientBoss.process(NioClientBoss.java:79)
	at org.jboss.netty.channel.socket.nio.AbstractNioSelector.run(AbstractNioSelector.java:337)
	at org.jboss.netty.channel.socket.nio.NioClientBoss.run(NioClientBoss.java:42)
	at org.jboss.netty.util.ThreadRenamingRunnable.run(ThreadRenamingRunnable.java:108)
	at org.jboss.netty.util.internal.DeadLockProofWorker$1.run(DeadLockProofWorker.java:42)
	... 3 more
[2016-04-18 03:03:36,289][TRACE][org.elasticsearch.discovery.zen.ping.unicast] [node_t1] [3] sending to {#zen_unicast_16_9i0gKojbTKKnv4dUyhJboA#}{127.0.0.1}{127.0.0.1:9440}[mode=>network]
[2016-04-18 03:03:36,289][TRACE][org.elasticsearch.discovery.zen.ping.unicast] [node_t1] [3] received response from {node_t1}{YucHs-5XRNO-JChWAzIIZg}{127.0.0.1}{127.0.0.1:9441}[mode=>network]: [ping_response{node [{node_t1}{YucHs-5XRNO-JChWAzIIZg}{127.0.0.1}{127.0.0.1:9441}[mode=>network]], id[410], master [{node_t1}{YucHs-5XRNO-JChWAzIIZg}{127.0.0.1}{127.0.0.1:9441}[mode=>network]], hasJoinedOnce [true], cluster_name[TEST-CHILD_VM=[0]-CLUSTER_SEED=[-7449427405447180618]-HASH=[2645B46835F9]-cluster]}, ping_response{node [{node_t1}{YucHs-5XRNO-JChWAzIIZg}{127.0.0.1}{127.0.0.1:9441}[mode=>network]], id[410], master [{node_t1}{YucHs-5XRNO-JChWAzIIZg}{127.0.0.1}{127.0.0.1:9441}[mode=>network]], hasJoinedOnce [true], cluster_name[TEST-CHILD_VM=[0]-CLUSTER_SEED=[-7449427405447180618]-HASH=[2645B46835F9]-cluster]}, ping_response{node [{node_t1}{YucHs-5XRNO-JChWAzIIZg}{127.0.0.1}{127.0.0.1:9441}[mode=>network]], id[410], master [{node_t1}{YucHs-5XRNO-JChWAzIIZg}{127.0.0.1}{127.0.0.1:9441}[mode=>network]], hasJoinedOnce [true], cluster_name[TEST-CHILD_VM=[0]-CLUSTER_SEED=[-7449427405447180618]-HASH=[2645B46835F9]-cluster]}, ping_response{node [{node_t3}{9i0gKojbTKKnv4dUyhJboA}{127.0.0.1}{127.0.0.1:9440}[mode=>network]], id[414], master [null], hasJoinedOnce [false], cluster_name[TEST-CHILD_VM=[0]-CLUSTER_SEED=[-7449427405447180618]-HASH=[2645B46835F9]-cluster]}, ping_response{node [{node_t3}{9i0gKojbTKKnv4dUyhJboA}{127.0.0.1}{127.0.0.1:9440}[mode=>network]], id[414], master [null], hasJoinedOnce [false], cluster_name[TEST-CHILD_VM=[0]-CLUSTER_SEED=[-7449427405447180618]-HASH=[2645B46835F9]-cluster]}, ping_response{node [{node_t1}{YucHs-5XRNO-JChWAzIIZg}{127.0.0.1}{127.0.0.1:9441}[mode=>network]], id[420], master [null], hasJoinedOnce [true], cluster_name[TEST-CHILD_VM=[0]-CLUSTER_SEED=[-7449427405447180618]-HASH=[2645B46835F9]-cluster]}, ping_response{node [{node_t1}{YucHs-5XRNO-JChWAzIIZg}{127.0.0.1}{127.0.0.1:9441}[mode=>network]], id[420], master [null], hasJoinedOnce [true], cluster_name[TEST-CHILD_VM=[0]-CLUSTER_SEED=[-7449427405447180618]-HASH=[2645B46835F9]-cluster]}, ping_response{node [{node_t1}{YucHs-5XRNO-JChWAzIIZg}{127.0.0.1}{127.0.0.1:9441}[mode=>network]], id[420], master [null], hasJoinedOnce [true], cluster_name[TEST-CHILD_VM=[0]-CLUSTER_SEED=[-7449427405447180618]-HASH=[2645B46835F9]-cluster]}, ping_response{node [{node_t3}{9i0gKojbTKKnv4dUyhJboA}{127.0.0.1}{127.0.0.1:9440}[mode=>network]], id[427], master [null], hasJoinedOnce [false], cluster_name[TEST-CHILD_VM=[0]-CLUSTER_SEED=[-7449427405447180618]-HASH=[2645B46835F9]-cluster]}, ping_response{node [{node_t3}{9i0gKojbTKKnv4dUyhJboA}{127.0.0.1}{127.0.0.1:9440}[mode=>network]], id[427], master [null], hasJoinedOnce [false], cluster_name[TEST-CHILD_VM=[0]-CLUSTER_SEED=[-7449427405447180618]-HASH=[2645B46835F9]-cluster]}, ping_response{node [{node_t3}{9i0gKojbTKKnv4dUyhJboA}{127.0.0.1}{127.0.0.1:9440}[mode=>network]], id[427], master [null], hasJoinedOnce [false], cluster_name[TEST-CHILD_VM=[0]-CLUSTER_SEED=[-7449427405447180618]-HASH=[2645B46835F9]-cluster]}, ping_response{node [{node_t1}{YucHs-5XRNO-JChWAzIIZg}{127.0.0.1}{127.0.0.1:9441}[mode=>network]], id[434], master [null], hasJoinedOnce [true], cluster_name[TEST-CHILD_VM=[0]-CLUSTER_SEED=[-7449427405447180618]-HASH=[2645B46835F9]-cluster]}, ping_response{node [{node_t1}{YucHs-5XRNO-JChWAzIIZg}{127.0.0.1}{127.0.0.1:9441}[mode=>network]], id[434], master [null], hasJoinedOnce [true], cluster_name[TEST-CHILD_VM=[0]-CLUSTER_SEED=[-7449427405447180618]-HASH=[2645B46835F9]-cluster]}, ping_response{node [{node_t1}{YucHs-5XRNO-JChWAzIIZg}{127.0.0.1}{127.0.0.1:9441}[mode=>network]], id[434], master [null], hasJoinedOnce [true], cluster_name[TEST-CHILD_VM=[0]-CLUSTER_SEED=[-7449427405447180618]-HASH=[2645B46835F9]-cluster]}, ping_response{node [{node_t1}{YucHs-5XRNO-JChWAzIIZg}{127.0.0.1}{127.0.0.1:9441}[mode=>network]], id[439], master [null], hasJoinedOnce [true], cluster_name[TEST-CHILD_VM=[0]-CLUSTER_SEED=[-7449427405447180618]-HASH=[2645B46835F9]-cluster]}]
[2016-04-18 03:03:36,291][TRACE][org.elasticsearch.discovery.zen.ping.unicast] [node_t1] [3] received response from {#zen_unicast_16_9i0gKojbTKKnv4dUyhJboA#}{127.0.0.1}{127.0.0.1:9440}[mode=>network]: [ping_response{node [{node_t3}{9i0gKojbTKKnv4dUyhJboA}{127.0.0.1}{127.0.0.1:9440}[mode=>network]], id[414], master [null], hasJoinedOnce [false], cluster_name[TEST-CHILD_VM=[0]-CLUSTER_SEED=[-7449427405447180618]-HASH=[2645B46835F9]-cluster]}, ping_response{node [{node_t3}{9i0gKojbTKKnv4dUyhJboA}{127.0.0.1}{127.0.0.1:9440}[mode=>network]], id[414], master [null], hasJoinedOnce [false], cluster_name[TEST-CHILD_VM=[0]-CLUSTER_SEED=[-7449427405447180618]-HASH=[2645B46835F9]-cluster]}, ping_response{node [{node_t3}{9i0gKojbTKKnv4dUyhJboA}{127.0.0.1}{127.0.0.1:9440}[mode=>network]], id[414], master [null], hasJoinedOnce [false], cluster_name[TEST-CHILD_VM=[0]-CLUSTER_SEED=[-7449427405447180618]-HASH=[2645B46835F9]-cluster]}, ping_response{node [{node_t1}{YucHs-5XRNO-JChWAzIIZg}{127.0.0.1}{127.0.0.1:9441}[mode=>network]], id[420], master [null], hasJoinedOnce [true], cluster_name[TEST-CHILD_VM=[0]-CLUSTER_SEED=[-7449427405447180618]-HASH=[2645B46835F9]-cluster]}, ping_response{node [{node_t1}{YucHs-5XRNO-JChWAzIIZg}{127.0.0.1}{127.0.0.1:9441}[mode=>network]], id[420], master [null], hasJoinedOnce [true], cluster_name[TEST-CHILD_VM=[0]-CLUSTER_SEED=[-7449427405447180618]-HASH=[2645B46835F9]-cluster]}, ping_response{node [{node_t1}{YucHs-5XRNO-JChWAzIIZg}{127.0.0.1}{127.0.0.1:9441}[mode=>network]], id[420], master [null], hasJoinedOnce [true], cluster_name[TEST-CHILD_VM=[0]-CLUSTER_SEED=[-7449427405447180618]-HASH=[2645B46835F9]-cluster]}, ping_response{node [{node_t3}{9i0gKojbTKKnv4dUyhJboA}{127.0.0.1}{127.0.0.1:9440}[mode=>network]], id[427], master [null], hasJoinedOnce [false], cluster_name[TEST-CHILD_VM=[0]-CLUSTER_SEED=[-7449427405447180618]-HASH=[2645B46835F9]-cluster]}, ping_response{node [{node_t3}{9i0gKojbTKKnv4dUyhJboA}{127.0.0.1}{127.0.0.1:9440}[mode=>network]], id[427], master [null], hasJoinedOnce [false], cluster_name[TEST-CHILD_VM=[0]-CLUSTER_SEED=[-7449427405447180618]-HASH=[2645B46835F9]-cluster]}, ping_response{node [{node_t3}{9i0gKojbTKKnv4dUyhJboA}{127.0.0.1}{127.0.0.1:9440}[mode=>network]], id[427], master [null], hasJoinedOnce [false], cluster_name[TEST-CHILD_VM=[0]-CLUSTER_SEED=[-7449427405447180618]-HASH=[2645B46835F9]-cluster]}, ping_response{node [{node_t1}{YucHs-5XRNO-JChWAzIIZg}{127.0.0.1}{127.0.0.1:9441}[mode=>network]], id[434], master [null], hasJoinedOnce [true], cluster_name[TEST-CHILD_VM=[0]-CLUSTER_SEED=[-7449427405447180618]-HASH=[2645B46835F9]-cluster]}, ping_response{node [{node_t1}{YucHs-5XRNO-JChWAzIIZg}{127.0.0.1}{127.0.0.1:9441}[mode=>network]], id[434], master [null], hasJoinedOnce [true], cluster_name[TEST-CHILD_VM=[0]-CLUSTER_SEED=[-7449427405447180618]-HASH=[2645B46835F9]-cluster]}, ping_response{node [{node_t1}{YucHs-5XRNO-JChWAzIIZg}{127.0.0.1}{127.0.0.1:9441}[mode=>network]], id[434], master [null], hasJoinedOnce [true], cluster_name[TEST-CHILD_VM=[0]-CLUSTER_SEED=[-7449427405447180618]-HASH=[2645B46835F9]-cluster]}, ping_response{node [{node_t3}{9i0gKojbTKKnv4dUyhJboA}{127.0.0.1}{127.0.0.1:9440}[mode=>network]], id[440], master [null], hasJoinedOnce [false], cluster_name[TEST-CHILD_VM=[0]-CLUSTER_SEED=[-7449427405447180618]-HASH=[2645B46835F9]-cluster]}]
[2016-04-18 03:03:36,291][TRACE][org.elasticsearch.discovery.zen.ping.unicast] [node_t1] [3] disconnecting from {#zen_unicast_1#}{127.0.0.1}{127.0.0.1:9440}
[2016-04-18 03:03:36,291][TRACE][org.elasticsearch.discovery.zen] [node_t1] full ping responses:
	--> ping_response{node [{node_t2}{zpsanQF7R4u6zEfa6p-Xfw}{127.0.0.1}{127.0.0.1:9440}[mode=>network]], id[403], master [null], hasJoinedOnce [false], cluster_name[TEST-CHILD_VM=[0]-CLUSTER_SEED=[-7449427405447180618]-HASH=[2645B46835F9]-cluster]}
	--> ping_response{node [{node_t3}{9i0gKojbTKKnv4dUyhJboA}{127.0.0.1}{127.0.0.1:9440}[mode=>network]], id[440], master [null], hasJoinedOnce [false], cluster_name[TEST-CHILD_VM=[0]-CLUSTER_SEED=[-7449427405447180618]-HASH=[2645B46835F9]-cluster]}
[2016-04-18 03:03:36,291][TRACE][org.elasticsearch.discovery.zen.ping.unicast] [node_t1] [3] disconnecting from {#zen_unicast_6#}{::1}{[::1]:9440}
[2016-04-18 03:03:36,291][DEBUG][org.elasticsearch.discovery.zen] [node_t1] filtered ping responses: (filter_client[true], filter_data[false])
	--> ping_response{node [{node_t2}{zpsanQF7R4u6zEfa6p-Xfw}{127.0.0.1}{127.0.0.1:9440}[mode=>network]], id[403], master [null], hasJoinedOnce [false], cluster_name[TEST-CHILD_VM=[0]-CLUSTER_SEED=[-7449427405447180618]-HASH=[2645B46835F9]-cluster]}
	--> ping_response{node [{node_t3}{9i0gKojbTKKnv4dUyhJboA}{127.0.0.1}{127.0.0.1:9440}[mode=>network]], id[440], master [null], hasJoinedOnce [false], cluster_name[TEST-CHILD_VM=[0]-CLUSTER_SEED=[-7449427405447180618]-HASH=[2645B46835F9]-cluster]}
[2016-04-18 03:03:36,291][TRACE][org.elasticsearch.discovery.zen.ping.unicast] [node_t1] [3] disconnecting from {#zen_unicast_15_9i0gKojbTKKnv4dUyhJboA#}{127.0.0.1}{127.0.0.1:9440}[mode=>network]
[2016-04-18 03:03:36,291][TRACE][org.elasticsearch.discovery.zen] [node_t1] adding local node to the list of active nodes who has previously joined the cluster (joins counter is [2})
[2016-04-18 03:03:36,291][TRACE][org.elasticsearch.discovery.zen.ping.unicast] [node_t1] [3] disconnecting from {#zen_unicast_5#}{127.0.0.1}{127.0.0.1:9444}
[2016-04-18 03:03:36,291][DEBUG][org.elasticsearch.discovery.zen] [node_t1] elected as master, waiting for incoming joins ([1] needed)
[2016-04-18 03:03:36,291][TRACE][org.elasticsearch.discovery.zen.ping.unicast] [node_t1] [3] disconnecting from {#zen_unicast_16_9i0gKojbTKKnv4dUyhJboA#}{127.0.0.1}{127.0.0.1:9440}[mode=>network]
[2016-04-18 03:03:36,291][TRACE][org.elasticsearch.discovery.zen] [node_t1] not enough joins for election. Got [0], required [1]
[2016-04-18 03:03:36,291][TRACE][org.elasticsearch.discovery.zen.ping.unicast] [node_t1] [3] disconnecting from {#zen_unicast_4#}{127.0.0.1}{127.0.0.1:9443}
[2016-04-18 03:03:36,291][TRACE][org.elasticsearch.discovery.zen.ping.unicast] [node_t1] [3] disconnecting from {#zen_unicast_3#}{127.0.0.1}{127.0.0.1:9442}
[2016-04-18 03:03:36,291][TRACE][org.elasticsearch.discovery.zen.ping.unicast] [node_t1] [3] disconnecting from {#zen_unicast_10#}{::1}{[::1]:9444}
[2016-04-18 03:03:36,291][TRACE][org.elasticsearch.discovery.zen.ping.unicast] [node_t1] [3] disconnecting from {#zen_unicast_9#}{::1}{[::1]:9443}
[2016-04-18 03:03:36,292][TRACE][org.elasticsearch.discovery.zen.ping.unicast] [node_t1] [3] disconnecting from {#zen_unicast_8#}{::1}{[::1]:9442}
[2016-04-18 03:03:36,292][TRACE][org.elasticsearch.discovery.zen.ping.unicast] [node_t1] [3] disconnecting from {#zen_unicast_7#}{::1}{[::1]:9441}
[2016-04-18 03:03:36,330][TRACE][org.elasticsearch.discovery.zen.ping.unicast] [node_t3] [1] sending to {node_t3}{9i0gKojbTKKnv4dUyhJboA}{127.0.0.1}{127.0.0.1:9440}[mode=>network]
[2016-04-18 03:03:36,330][TRACE][org.elasticsearch.discovery.zen.ping.unicast] [node_t3] [1] received response from {node_t3}{9i0gKojbTKKnv4dUyhJboA}{127.0.0.1}{127.0.0.1:9440}[mode=>network]: [ping_response{node [{node_t3}{9i0gKojbTKKnv4dUyhJboA}{127.0.0.1}{127.0.0.1:9440}[mode=>network]], id[414], master [null], hasJoinedOnce [false], cluster_name[TEST-CHILD_VM=[0]-CLUSTER_SEED=[-7449427405447180618]-HASH=[2645B46835F9]-cluster]}, ping_response{node [{node_t3}{9i0gKojbTKKnv4dUyhJboA}{127.0.0.1}{127.0.0.1:9440}[mode=>network]], id[414], master [null], hasJoinedOnce [false], cluster_name[TEST-CHILD_VM=[0]-CLUSTER_SEED=[-7449427405447180618]-HASH=[2645B46835F9]-cluster]}, ping_response{node [{node_t3}{9i0gKojbTKKnv4dUyhJboA}{127.0.0.1}{127.0.0.1:9440}[mode=>network]], id[414], master [null], hasJoinedOnce [false], cluster_name[TEST-CHILD_VM=[0]-CLUSTER_SEED=[-7449427405447180618]-HASH=[2645B46835F9]-cluster]}, ping_response{node [{node_t1}{YucHs-5XRNO-JChWAzIIZg}{127.0.0.1}{127.0.0.1:9441}[mode=>network]], id[420], master [null], hasJoinedOnce [true], cluster_name[TEST-CHILD_VM=[0]-CLUSTER_SEED=[-7449427405447180618]-HASH=[2645B46835F9]-cluster]}, ping_response{node [{node_t1}{YucHs-5XRNO-JChWAzIIZg}{127.0.0.1}{127.0.0.1:9441}[mode=>network]], id[420], master [null], hasJoinedOnce [true], cluster_name[TEST-CHILD_VM=[0]-CLUSTER_SEED=[-7449427405447180618]-HASH=[2645B46835F9]-cluster]}, ping_response{node [{node_t1}{YucHs-5XRNO-JChWAzIIZg}{127.0.0.1}{127.0.0.1:9441}[mode=>network]], id[420], master [null], hasJoinedOnce [true], cluster_name[TEST-CHILD_VM=[0]-CLUSTER_SEED=[-7449427405447180618]-HASH=[2645B46835F9]-cluster]}, ping_response{node [{node_t3}{9i0gKojbTKKnv4dUyhJboA}{127.0.0.1}{127.0.0.1:9440}[mode=>network]], id[427], master [null], hasJoinedOnce [false], cluster_name[TEST-CHILD_VM=[0]-CLUSTER_SEED=[-7449427405447180618]-HASH=[2645B46835F9]-cluster]}, ping_response{node [{node_t3}{9i0gKojbTKKnv4dUyhJboA}{127.0.0.1}{127.0.0.1:9440}[mode=>network]], id[427], master [null], hasJoinedOnce [false], cluster_name[TEST-CHILD_VM=[0]-CLUSTER_SEED=[-7449427405447180618]-HASH=[2645B46835F9]-cluster]}, ping_response{node [{node_t3}{9i0gKojbTKKnv4dUyhJboA}{127.0.0.1}{127.0.0.1:9440}[mode=>network]], id[427], master [null], hasJoinedOnce [false], cluster_name[TEST-CHILD_VM=[0]-CLUSTER_SEED=[-7449427405447180618]-HASH=[2645B46835F9]-cluster]}, ping_response{node [{node_t1}{YucHs-5XRNO-JChWAzIIZg}{127.0.0.1}{127.0.0.1:9441}[mode=>network]], id[434], master [null], hasJoinedOnce [true], cluster_name[TEST-CHILD_VM=[0]-CLUSTER_SEED=[-7449427405447180618]-HASH=[2645B46835F9]-cluster]}, ping_response{node [{node_t1}{YucHs-5XRNO-JChWAzIIZg}{127.0.0.1}{127.0.0.1:9441}[mode=>network]], id[434], master [null], hasJoinedOnce [true], cluster_name[TEST-CHILD_VM=[0]-CLUSTER_SEED=[-7449427405447180618]-HASH=[2645B46835F9]-cluster]}, ping_response{node [{node_t1}{YucHs-5XRNO-JChWAzIIZg}{127.0.0.1}{127.0.0.1:9441}[mode=>network]], id[434], master [null], hasJoinedOnce [true], cluster_name[TEST-CHILD_VM=[0]-CLUSTER_SEED=[-7449427405447180618]-HASH=[2645B46835F9]-cluster]}, ping_response{node [{node_t3}{9i0gKojbTKKnv4dUyhJboA}{127.0.0.1}{127.0.0.1:9440}[mode=>network]], id[441], master [null], hasJoinedOnce [false], cluster_name[TEST-CHILD_VM=[0]-CLUSTER_SEED=[-7449427405447180618]-HASH=[2645B46835F9]-cluster]}, ping_response{node [{node_t3}{9i0gKojbTKKnv4dUyhJboA}{127.0.0.1}{127.0.0.1:9440}[mode=>network]], id[442], master [null], hasJoinedOnce [false], cluster_name[TEST-CHILD_VM=[0]-CLUSTER_SEED=[-7449427405447180618]-HASH=[2645B46835F9]-cluster]}]
[2016-04-18 03:03:36,330][TRACE][org.elasticsearch.discovery.zen.ping.unicast] [node_t3] [1] sending to {#zen_unicast_2#}{127.0.0.1}{127.0.0.1:9441}
[2016-04-18 03:03:36,331][TRACE][org.elasticsearch.discovery.zen.ping.unicast] [node_t3] [1] connecting (light) to {#zen_unicast_3#}{127.0.0.1}{127.0.0.1:9442}
[2016-04-18 03:03:36,331][TRACE][org.elasticsearch.discovery.zen.ping.unicast] [node_t3] [1] connecting (light) to {#zen_unicast_5#}{127.0.0.1}{127.0.0.1:9444}
[2016-04-18 03:03:36,331][TRACE][org.elasticsearch.discovery.zen.ping.unicast] [node_t3] [1] sending to {#zen_unicast_6#}{::1}{[::1]:9440}
[2016-04-18 03:03:36,331][TRACE][org.elasticsearch.discovery.zen.ping.unicast] [node_t3] [1] connecting (light) to {#zen_unicast_4#}{127.0.0.1}{127.0.0.1:9443}
[2016-04-18 03:03:36,331][TRACE][org.elasticsearch.discovery.zen.ping.unicast] [node_t3] [1] sending to {#zen_unicast_7#}{::1}{[::1]:9441}
[2016-04-18 03:03:36,331][TRACE][org.elasticsearch.discovery.zen.ping.unicast] [node_t3] [1] connecting (light) to {#zen_unicast_8#}{::1}{[::1]:9442}
[2016-04-18 03:03:36,331][TRACE][org.elasticsearch.discovery.zen.ping.unicast] [node_t3] [1] connecting (light) to {#zen_unicast_9#}{::1}{[::1]:9443}
[2016-04-18 03:03:36,331][TRACE][org.elasticsearch.discovery.zen.ping.unicast] [node_t3] [1] sending to {node_t3}{9i0gKojbTKKnv4dUyhJboA}{127.0.0.1}{127.0.0.1:9440}[mode=>network]
[2016-04-18 03:03:36,331][TRACE][org.elasticsearch.discovery.zen.ping.unicast] [node_t3] [1] connecting (light) to {#zen_unicast_10#}{::1}{[::1]:9444}
[2016-04-18 03:03:36,332][TRACE][org.elasticsearch.discovery.zen.ping.unicast] [node_t3] [1] received response from {node_t3}{9i0gKojbTKKnv4dUyhJboA}{127.0.0.1}{127.0.0.1:9440}[mode=>network]: [ping_response{node [{node_t3}{9i0gKojbTKKnv4dUyhJboA}{127.0.0.1}{127.0.0.1:9440}[mode=>network]], id[414], master [null], hasJoinedOnce [false], cluster_name[TEST-CHILD_VM=[0]-CLUSTER_SEED=[-7449427405447180618]-HASH=[2645B46835F9]-cluster]}, ping_response{node [{node_t3}{9i0gKojbTKKnv4dUyhJboA}{127.0.0.1}{127.0.0.1:9440}[mode=>network]], id[414], master [null], hasJoinedOnce [false], cluster_name[TEST-CHILD_VM=[0]-CLUSTER_SEED=[-7449427405447180618]-HASH=[2645B46835F9]-cluster]}, ping_response{node [{node_t3}{9i0gKojbTKKnv4dUyhJboA}{127.0.0.1}{127.0.0.1:9440}[mode=>network]], id[414], master [null], hasJoinedOnce [false], cluster_name[TEST-CHILD_VM=[0]-CLUSTER_SEED=[-7449427405447180618]-HASH=[2645B46835F9]-cluster]}, ping_response{node [{node_t1}{YucHs-5XRNO-JChWAzIIZg}{127.0.0.1}{127.0.0.1:9441}[mode=>network]], id[420], master [null], hasJoinedOnce [true], cluster_name[TEST-CHILD_VM=[0]-CLUSTER_SEED=[-7449427405447180618]-HASH=[2645B46835F9]-cluster]}, ping_response{node [{node_t1}{YucHs-5XRNO-JChWAzIIZg}{127.0.0.1}{127.0.0.1:9441}[mode=>network]], id[420], master [null], hasJoinedOnce [true], cluster_name[TEST-CHILD_VM=[0]-CLUSTER_SEED=[-7449427405447180618]-HASH=[2645B46835F9]-cluster]}, ping_response{node [{node_t1}{YucHs-5XRNO-JChWAzIIZg}{127.0.0.1}{127.0.0.1:9441}[mode=>network]], id[420], master [null], hasJoinedOnce [true], cluster_name[TEST-CHILD_VM=[0]-CLUSTER_SEED=[-7449427405447180618]-HASH=[2645B46835F9]-cluster]}, ping_response{node [{node_t3}{9i0gKojbTKKnv4dUyhJboA}{127.0.0.1}{127.0.0.1:9440}[mode=>network]], id[427], master [null], hasJoinedOnce [false], cluster_name[TEST-CHILD_VM=[0]-CLUSTER_SEED=[-7449427405447180618]-HASH=[2645B46835F9]-cluster]}, ping_response{node [{node_t3}{9i0gKojbTKKnv4dUyhJboA}{127.0.0.1}{127.0.0.1:9440}[mode=>network]], id[427], master [null], hasJoinedOnce [false], cluster_name[TEST-CHILD_VM=[0]-CLUSTER_SEED=[-7449427405447180618]-HASH=[2645B46835F9]-cluster]}, ping_response{node [{node_t3}{9i0gKojbTKKnv4dUyhJboA}{127.0.0.1}{127.0.0.1:9440}[mode=>network]], id[427], master [null], hasJoinedOnce [false], cluster_name[TEST-CHILD_VM=[0]-CLUSTER_SEED=[-7449427405447180618]-HASH=[2645B46835F9]-cluster]}, ping_response{node [{node_t1}{YucHs-5XRNO-JChWAzIIZg}{127.0.0.1}{127.0.0.1:9441}[mode=>network]], id[434], master [null], hasJoinedOnce [true], cluster_name[TEST-CHILD_VM=[0]-CLUSTER_SEED=[-7449427405447180618]-HASH=[2645B46835F9]-cluster]}, ping_response{node [{node_t1}{YucHs-5XRNO-JChWAzIIZg}{127.0.0.1}{127.0.0.1:9441}[mode=>network]], id[434], master [null], hasJoinedOnce [true], cluster_name[TEST-CHILD_VM=[0]-CLUSTER_SEED=[-7449427405447180618]-HASH=[2645B46835F9]-cluster]}, ping_response{node [{node_t1}{YucHs-5XRNO-JChWAzIIZg}{127.0.0.1}{127.0.0.1:9441}[mode=>network]], id[434], master [null], hasJoinedOnce [true], cluster_name[TEST-CHILD_VM=[0]-CLUSTER_SEED=[-7449427405447180618]-HASH=[2645B46835F9]-cluster]}, ping_response{node [{node_t3}{9i0gKojbTKKnv4dUyhJboA}{127.0.0.1}{127.0.0.1:9440}[mode=>network]], id[441], master [null], hasJoinedOnce [false], cluster_name[TEST-CHILD_VM=[0]-CLUSTER_SEED=[-7449427405447180618]-HASH=[2645B46835F9]-cluster]}, ping_response{node [{node_t3}{9i0gKojbTKKnv4dUyhJboA}{127.0.0.1}{127.0.0.1:9440}[mode=>network]], id[441], master [null], hasJoinedOnce [false], cluster_name[TEST-CHILD_VM=[0]-CLUSTER_SEED=[-7449427405447180618]-HASH=[2645B46835F9]-cluster]}, ping_response{node [{node_t3}{9i0gKojbTKKnv4dUyhJboA}{127.0.0.1}{127.0.0.1:9440}[mode=>network]], id[441], master [null], hasJoinedOnce [false], cluster_name[TEST-CHILD_VM=[0]-CLUSTER_SEED=[-7449427405447180618]-HASH=[2645B46835F9]-cluster]}, ping_response{node [{node_t3}{9i0gKojbTKKnv4dUyhJboA}{127.0.0.1}{127.0.0.1:9440}[mode=>network]], id[446], master [null], hasJoinedOnce [false], cluster_name[TEST-CHILD_VM=[0]-CLUSTER_SEED=[-7449427405447180618]-HASH=[2645B46835F9]-cluster]}]
[2016-04-18 03:03:36,332][TRACE][org.elasticsearch.discovery.zen.ping.unicast] [node_t3] [1] received response from {#zen_unicast_7#}{::1}{[::1]:9441}: [ping_response{node [{node_t1}{YucHs-5XRNO-JChWAzIIZg}{127.0.0.1}{127.0.0.1:9441}[mode=>network]], id[410], master [{node_t1}{YucHs-5XRNO-JChWAzIIZg}{127.0.0.1}{127.0.0.1:9441}[mode=>network]], hasJoinedOnce [true], cluster_name[TEST-CHILD_VM=[0]-CLUSTER_SEED=[-7449427405447180618]-HASH=[2645B46835F9]-cluster]}, ping_response{node [{node_t1}{YucHs-5XRNO-JChWAzIIZg}{127.0.0.1}{127.0.0.1:9441}[mode=>network]], id[410], master [{node_t1}{YucHs-5XRNO-JChWAzIIZg}{127.0.0.1}{127.0.0.1:9441}[mode=>network]], hasJoinedOnce [true], cluster_name[TEST-CHILD_VM=[0]-CLUSTER_SEED=[-7449427405447180618]-HASH=[2645B46835F9]-cluster]}, ping_response{node [{node_t1}{YucHs-5XRNO-JChWAzIIZg}{127.0.0.1}{127.0.0.1:9441}[mode=>network]], id[410], master [{node_t1}{YucHs-5XRNO-JChWAzIIZg}{127.0.0.1}{127.0.0.1:9441}[mode=>network]], hasJoinedOnce [true], cluster_name[TEST-CHILD_VM=[0]-CLUSTER_SEED=[-7449427405447180618]-HASH=[2645B46835F9]-cluster]}, ping_response{node [{node_t3}{9i0gKojbTKKnv4dUyhJboA}{127.0.0.1}{127.0.0.1:9440}[mode=>network]], id[414], master [null], hasJoinedOnce [false], cluster_name[TEST-CHILD_VM=[0]-CLUSTER_SEED=[-7449427405447180618]-HASH=[2645B46835F9]-cluster]}, ping_response{node [{node_t3}{9i0gKojbTKKnv4dUyhJboA}{127.0.0.1}{127.0.0.1:9440}[mode=>network]], id[414], master [null], hasJoinedOnce [false], cluster_name[TEST-CHILD_VM=[0]-CLUSTER_SEED=[-7449427405447180618]-HASH=[2645B46835F9]-cluster]}, ping_response{node [{node_t1}{YucHs-5XRNO-JChWAzIIZg}{127.0.0.1}{127.0.0.1:9441}[mode=>network]], id[420], master [null], hasJoinedOnce [true], cluster_name[TEST-CHILD_VM=[0]-CLUSTER_SEED=[-7449427405447180618]-HASH=[2645B46835F9]-cluster]}, ping_response{node [{node_t1}{YucHs-5XRNO-JChWAzIIZg}{127.0.0.1}{127.0.0.1:9441}[mode=>network]], id[420], master [null], hasJoinedOnce [true], cluster_name[TEST-CHILD_VM=[0]-CLUSTER_SEED=[-7449427405447180618]-HASH=[2645B46835F9]-cluster]}, ping_response{node [{node_t1}{YucHs-5XRNO-JChWAzIIZg}{127.0.0.1}{127.0.0.1:9441}[mode=>network]], id[420], master [null], hasJoinedOnce [true], cluster_name[TEST-CHILD_VM=[0]-CLUSTER_SEED=[-7449427405447180618]-HASH=[2645B46835F9]-cluster]}, ping_response{node [{node_t3}{9i0gKojbTKKnv4dUyhJboA}{127.0.0.1}{127.0.0.1:9440}[mode=>network]], id[427], master [null], hasJoinedOnce [false], cluster_name[TEST-CHILD_VM=[0]-CLUSTER_SEED=[-7449427405447180618]-HASH=[2645B46835F9]-cluster]}, ping_response{node [{node_t3}{9i0gKojbTKKnv4dUyhJboA}{127.0.0.1}{127.0.0.1:9440}[mode=>network]], id[427], master [null], hasJoinedOnce [false], cluster_name[TEST-CHILD_VM=[0]-CLUSTER_SEED=[-7449427405447180618]-HASH=[2645B46835F9]-cluster]}, ping_response{node [{node_t3}{9i0gKojbTKKnv4dUyhJboA}{127.0.0.1}{127.0.0.1:9440}[mode=>network]], id[427], master [null], hasJoinedOnce [false], cluster_name[TEST-CHILD_VM=[0]-CLUSTER_SEED=[-7449427405447180618]-HASH=[2645B46835F9]-cluster]}, ping_response{node [{node_t1}{YucHs-5XRNO-JChWAzIIZg}{127.0.0.1}{127.0.0.1:9441}[mode=>network]], id[434], master [null], hasJoinedOnce [true], cluster_name[TEST-CHILD_VM=[0]-CLUSTER_SEED=[-7449427405447180618]-HASH=[2645B46835F9]-cluster]}, ping_response{node [{node_t1}{YucHs-5XRNO-JChWAzIIZg}{127.0.0.1}{127.0.0.1:9441}[mode=>network]], id[434], master [null], hasJoinedOnce [true], cluster_name[TEST-CHILD_VM=[0]-CLUSTER_SEED=[-7449427405447180618]-HASH=[2645B46835F9]-cluster]}, ping_response{node [{node_t1}{YucHs-5XRNO-JChWAzIIZg}{127.0.0.1}{127.0.0.1:9441}[mode=>network]], id[434], master [null], hasJoinedOnce [true], cluster_name[TEST-CHILD_VM=[0]-CLUSTER_SEED=[-7449427405447180618]-HASH=[2645B46835F9]-cluster]}, ping_response{node [{node_t3}{9i0gKojbTKKnv4dUyhJboA}{127.0.0.1}{127.0.0.1:9440}[mode=>network]], id[441], master [null], hasJoinedOnce [false], cluster_name[TEST-CHILD_VM=[0]-CLUSTER_SEED=[-7449427405447180618]-HASH=[2645B46835F9]-cluster]}, ping_response{node [{node_t3}{9i0gKojbTKKnv4dUyhJboA}{127.0.0.1}{127.0.0.1:9440}[mode=>network]], id[441], master [null], hasJoinedOnce [false], cluster_name[TEST-CHILD_VM=[0]-CLUSTER_SEED=[-7449427405447180618]-HASH=[2645B46835F9]-cluster]}, ping_response{node [{node_t1}{YucHs-5XRNO-JChWAzIIZg}{127.0.0.1}{127.0.0.1:9441}[mode=>network]], id[445], master [null], hasJoinedOnce [true], cluster_name[TEST-CHILD_VM=[0]-CLUSTER_SEED=[-7449427405447180618]-HASH=[2645B46835F9]-cluster]}]
[2016-04-18 03:03:36,332][TRACE][org.elasticsearch.discovery.zen.ping.unicast] [node_t3] [1] failed to connect to {#zen_unicast_4#}{127.0.0.1}{127.0.0.1:9443}
ConnectTransportException[[][127.0.0.1:9443] connect_timeout[30s]]; nested: ConnectException[Connection refused: /127.0.0.1:9443];
	at org.elasticsearch.transport.netty.NettyTransport.connectToChannelsLight(NettyTransport.java:954)
	at org.elasticsearch.transport.netty.NettyTransport.connectToNode(NettyTransport.java:918)
	at org.elasticsearch.transport.netty.NettyTransport.connectToNodeLight(NettyTransport.java:890)
	at org.elasticsearch.test.transport.MockTransportService$LookupTestTransport.connectToNodeLight(MockTransportService.java:413)
	at org.elasticsearch.transport.TransportService.connectToNodeLight(TransportService.java:242)
	at org.elasticsearch.discovery.zen.ping.unicast.UnicastZenPing$3.run(UnicastZenPing.java:395)
	at java.util.concurrent.ThreadPoolExecutor.runWorker(ThreadPoolExecutor.java:1142)
	at java.util.concurrent.ThreadPoolExecutor$Worker.run(ThreadPoolExecutor.java:617)
	at java.lang.Thread.run(Thread.java:745)
Caused by: java.net.ConnectException: Connection refused: /127.0.0.1:9443
	at sun.nio.ch.SocketChannelImpl.checkConnect(Native Method)
	at sun.nio.ch.SocketChannelImpl.finishConnect(SocketChannelImpl.java:717)
	at org.jboss.netty.channel.socket.nio.NioClientBoss.connect(NioClientBoss.java:152)
	at org.jboss.netty.channel.socket.nio.NioClientBoss.processSelectedKeys(NioClientBoss.java:105)
	at org.jboss.netty.channel.socket.nio.NioClientBoss.process(NioClientBoss.java:79)
	at org.jboss.netty.channel.socket.nio.AbstractNioSelector.run(AbstractNioSelector.java:337)
	at org.jboss.netty.channel.socket.nio.NioClientBoss.run(NioClientBoss.java:42)
	at org.jboss.netty.util.ThreadRenamingRunnable.run(ThreadRenamingRunnable.java:108)
	at org.jboss.netty.util.internal.DeadLockProofWorker$1.run(DeadLockProofWorker.java:42)
	... 3 more
[2016-04-18 03:03:36,332][TRACE][org.elasticsearch.discovery.zen.ping.unicast] [node_t3] [1] received response from {#zen_unicast_2#}{127.0.0.1}{127.0.0.1:9441}: [ping_response{node [{node_t1}{YucHs-5XRNO-JChWAzIIZg}{127.0.0.1}{127.0.0.1:9441}[mode=>network]], id[410], master [{node_t1}{YucHs-5XRNO-JChWAzIIZg}{127.0.0.1}{127.0.0.1:9441}[mode=>network]], hasJoinedOnce [true], cluster_name[TEST-CHILD_VM=[0]-CLUSTER_SEED=[-7449427405447180618]-HASH=[2645B46835F9]-cluster]}, ping_response{node [{node_t1}{YucHs-5XRNO-JChWAzIIZg}{127.0.0.1}{127.0.0.1:9441}[mode=>network]], id[410], master [{node_t1}{YucHs-5XRNO-JChWAzIIZg}{127.0.0.1}{127.0.0.1:9441}[mode=>network]], hasJoinedOnce [true], cluster_name[TEST-CHILD_VM=[0]-CLUSTER_SEED=[-7449427405447180618]-HASH=[2645B46835F9]-cluster]}, ping_response{node [{node_t1}{YucHs-5XRNO-JChWAzIIZg}{127.0.0.1}{127.0.0.1:9441}[mode=>network]], id[410], master [{node_t1}{YucHs-5XRNO-JChWAzIIZg}{127.0.0.1}{127.0.0.1:9441}[mode=>network]], hasJoinedOnce [true], cluster_name[TEST-CHILD_VM=[0]-CLUSTER_SEED=[-7449427405447180618]-HASH=[2645B46835F9]-cluster]}, ping_response{node [{node_t3}{9i0gKojbTKKnv4dUyhJboA}{127.0.0.1}{127.0.0.1:9440}[mode=>network]], id[414], master [null], hasJoinedOnce [false], cluster_name[TEST-CHILD_VM=[0]-CLUSTER_SEED=[-7449427405447180618]-HASH=[2645B46835F9]-cluster]}, ping_response{node [{node_t3}{9i0gKojbTKKnv4dUyhJboA}{127.0.0.1}{127.0.0.1:9440}[mode=>network]], id[414], master [null], hasJoinedOnce [false], cluster_name[TEST-CHILD_VM=[0]-CLUSTER_SEED=[-7449427405447180618]-HASH=[2645B46835F9]-cluster]}, ping_response{node [{node_t1}{YucHs-5XRNO-JChWAzIIZg}{127.0.0.1}{127.0.0.1:9441}[mode=>network]], id[420], master [null], hasJoinedOnce [true], cluster_name[TEST-CHILD_VM=[0]-CLUSTER_SEED=[-7449427405447180618]-HASH=[2645B46835F9]-cluster]}, ping_response{node [{node_t1}{YucHs-5XRNO-JChWAzIIZg}{127.0.0.1}{127.0.0.1:9441}[mode=>network]], id[420], master [null], hasJoinedOnce [true], cluster_name[TEST-CHILD_VM=[0]-CLUSTER_SEED=[-7449427405447180618]-HASH=[2645B46835F9]-cluster]}, ping_response{node [{node_t1}{YucHs-5XRNO-JChWAzIIZg}{127.0.0.1}{127.0.0.1:9441}[mode=>network]], id[420], master [null], hasJoinedOnce [true], cluster_name[TEST-CHILD_VM=[0]-CLUSTER_SEED=[-7449427405447180618]-HASH=[2645B46835F9]-cluster]}, ping_response{node [{node_t3}{9i0gKojbTKKnv4dUyhJboA}{127.0.0.1}{127.0.0.1:9440}[mode=>network]], id[427], master [null], hasJoinedOnce [false], cluster_name[TEST-CHILD_VM=[0]-CLUSTER_SEED=[-7449427405447180618]-HASH=[2645B46835F9]-cluster]}, ping_response{node [{node_t3}{9i0gKojbTKKnv4dUyhJboA}{127.0.0.1}{127.0.0.1:9440}[mode=>network]], id[427], master [null], hasJoinedOnce [false], cluster_name[TEST-CHILD_VM=[0]-CLUSTER_SEED=[-7449427405447180618]-HASH=[2645B46835F9]-cluster]}, ping_response{node [{node_t3}{9i0gKojbTKKnv4dUyhJboA}{127.0.0.1}{127.0.0.1:9440}[mode=>network]], id[427], master [null], hasJoinedOnce [false], cluster_name[TEST-CHILD_VM=[0]-CLUSTER_SEED=[-7449427405447180618]-HASH=[2645B46835F9]-cluster]}, ping_response{node [{node_t1}{YucHs-5XRNO-JChWAzIIZg}{127.0.0.1}{127.0.0.1:9441}[mode=>network]], id[434], master [null], hasJoinedOnce [true], cluster_name[TEST-CHILD_VM=[0]-CLUSTER_SEED=[-7449427405447180618]-HASH=[2645B46835F9]-cluster]}, ping_response{node [{node_t1}{YucHs-5XRNO-JChWAzIIZg}{127.0.0.1}{127.0.0.1:9441}[mode=>network]], id[434], master [null], hasJoinedOnce [true], cluster_name[TEST-CHILD_VM=[0]-CLUSTER_SEED=[-7449427405447180618]-HASH=[2645B46835F9]-cluster]}, ping_response{node [{node_t1}{YucHs-5XRNO-JChWAzIIZg}{127.0.0.1}{127.0.0.1:9441}[mode=>network]], id[434], master [null], hasJoinedOnce [true], cluster_name[TEST-CHILD_VM=[0]-CLUSTER_SEED=[-7449427405447180618]-HASH=[2645B46835F9]-cluster]}, ping_response{node [{node_t3}{9i0gKojbTKKnv4dUyhJboA}{127.0.0.1}{127.0.0.1:9440}[mode=>network]], id[441], master [null], hasJoinedOnce [false], cluster_name[TEST-CHILD_VM=[0]-CLUSTER_SEED=[-7449427405447180618]-HASH=[2645B46835F9]-cluster]}, ping_response{node [{node_t1}{YucHs-5XRNO-JChWAzIIZg}{127.0.0.1}{127.0.0.1:9441}[mode=>network]], id[443], master [null], hasJoinedOnce [true], cluster_name[TEST-CHILD_VM=[0]-CLUSTER_SEED=[-7449427405447180618]-HASH=[2645B46835F9]-cluster]}]
[2016-04-18 03:03:36,332][TRACE][org.elasticsearch.discovery.zen.ping.unicast] [node_t3] [1] received response from {#zen_unicast_6#}{::1}{[::1]:9440}: [ping_response{node [{node_t3}{9i0gKojbTKKnv4dUyhJboA}{127.0.0.1}{127.0.0.1:9440}[mode=>network]], id[414], master [null], hasJoinedOnce [false], cluster_name[TEST-CHILD_VM=[0]-CLUSTER_SEED=[-7449427405447180618]-HASH=[2645B46835F9]-cluster]}, ping_response{node [{node_t3}{9i0gKojbTKKnv4dUyhJboA}{127.0.0.1}{127.0.0.1:9440}[mode=>network]], id[414], master [null], hasJoinedOnce [false], cluster_name[TEST-CHILD_VM=[0]-CLUSTER_SEED=[-7449427405447180618]-HASH=[2645B46835F9]-cluster]}, ping_response{node [{node_t3}{9i0gKojbTKKnv4dUyhJboA}{127.0.0.1}{127.0.0.1:9440}[mode=>network]], id[414], master [null], hasJoinedOnce [false], cluster_name[TEST-CHILD_VM=[0]-CLUSTER_SEED=[-7449427405447180618]-HASH=[2645B46835F9]-cluster]}, ping_response{node [{node_t1}{YucHs-5XRNO-JChWAzIIZg}{127.0.0.1}{127.0.0.1:9441}[mode=>network]], id[420], master [null], hasJoinedOnce [true], cluster_name[TEST-CHILD_VM=[0]-CLUSTER_SEED=[-7449427405447180618]-HASH=[2645B46835F9]-cluster]}, ping_response{node [{node_t1}{YucHs-5XRNO-JChWAzIIZg}{127.0.0.1}{127.0.0.1:9441}[mode=>network]], id[420], master [null], hasJoinedOnce [true], cluster_name[TEST-CHILD_VM=[0]-CLUSTER_SEED=[-7449427405447180618]-HASH=[2645B46835F9]-cluster]}, ping_response{node [{node_t1}{YucHs-5XRNO-JChWAzIIZg}{127.0.0.1}{127.0.0.1:9441}[mode=>network]], id[420], master [null], hasJoinedOnce [true], cluster_name[TEST-CHILD_VM=[0]-CLUSTER_SEED=[-7449427405447180618]-HASH=[2645B46835F9]-cluster]}, ping_response{node [{node_t3}{9i0gKojbTKKnv4dUyhJboA}{127.0.0.1}{127.0.0.1:9440}[mode=>network]], id[427], master [null], hasJoinedOnce [false], cluster_name[TEST-CHILD_VM=[0]-CLUSTER_SEED=[-7449427405447180618]-HASH=[2645B46835F9]-cluster]}, ping_response{node [{node_t3}{9i0gKojbTKKnv4dUyhJboA}{127.0.0.1}{127.0.0.1:9440}[mode=>network]], id[427], master [null], hasJoinedOnce [false], cluster_name[TEST-CHILD_VM=[0]-CLUSTER_SEED=[-7449427405447180618]-HASH=[2645B46835F9]-cluster]}, ping_response{node [{node_t3}{9i0gKojbTKKnv4dUyhJboA}{127.0.0.1}{127.0.0.1:9440}[mode=>network]], id[427], master [null], hasJoinedOnce [false], cluster_name[TEST-CHILD_VM=[0]-CLUSTER_SEED=[-7449427405447180618]-HASH=[2645B46835F9]-cluster]}, ping_response{node [{node_t1}{YucHs-5XRNO-JChWAzIIZg}{127.0.0.1}{127.0.0.1:9441}[mode=>network]], id[434], master [null], hasJoinedOnce [true], cluster_name[TEST-CHILD_VM=[0]-CLUSTER_SEED=[-7449427405447180618]-HASH=[2645B46835F9]-cluster]}, ping_response{node [{node_t1}{YucHs-5XRNO-JChWAzIIZg}{127.0.0.1}{127.0.0.1:9441}[mode=>network]], id[434], master [null], hasJoinedOnce [true], cluster_name[TEST-CHILD_VM=[0]-CLUSTER_SEED=[-7449427405447180618]-HASH=[2645B46835F9]-cluster]}, ping_response{node [{node_t1}{YucHs-5XRNO-JChWAzIIZg}{127.0.0.1}{127.0.0.1:9441}[mode=>network]], id[434], master [null], hasJoinedOnce [true], cluster_name[TEST-CHILD_VM=[0]-CLUSTER_SEED=[-7449427405447180618]-HASH=[2645B46835F9]-cluster]}, ping_response{node [{node_t3}{9i0gKojbTKKnv4dUyhJboA}{127.0.0.1}{127.0.0.1:9440}[mode=>network]], id[441], master [null], hasJoinedOnce [false], cluster_name[TEST-CHILD_VM=[0]-CLUSTER_SEED=[-7449427405447180618]-HASH=[2645B46835F9]-cluster]}, ping_response{node [{node_t3}{9i0gKojbTKKnv4dUyhJboA}{127.0.0.1}{127.0.0.1:9440}[mode=>network]], id[441], master [null], hasJoinedOnce [false], cluster_name[TEST-CHILD_VM=[0]-CLUSTER_SEED=[-7449427405447180618]-HASH=[2645B46835F9]-cluster]}, ping_response{node [{node_t3}{9i0gKojbTKKnv4dUyhJboA}{127.0.0.1}{127.0.0.1:9440}[mode=>network]], id[444], master [null], hasJoinedOnce [false], cluster_name[TEST-CHILD_VM=[0]-CLUSTER_SEED=[-7449427405447180618]-HASH=[2645B46835F9]-cluster]}]
[2016-04-18 03:03:36,332][TRACE][org.elasticsearch.discovery.zen.ping.unicast] [node_t3] [1] failed to connect to {#zen_unicast_9#}{::1}{[::1]:9443}
ConnectTransportException[[][[::1]:9443] connect_timeout[30s]]; nested: ConnectException[Connection refused: /0:0:0:0:0:0:0:1:9443];
	at org.elasticsearch.transport.netty.NettyTransport.connectToChannelsLight(NettyTransport.java:954)
	at org.elasticsearch.transport.netty.NettyTransport.connectToNode(NettyTransport.java:918)
	at org.elasticsearch.transport.netty.NettyTransport.connectToNodeLight(NettyTransport.java:890)
	at org.elasticsearch.test.transport.MockTransportService$LookupTestTransport.connectToNodeLight(MockTransportService.java:413)
	at org.elasticsearch.transport.TransportService.connectToNodeLight(TransportService.java:242)
	at org.elasticsearch.discovery.zen.ping.unicast.UnicastZenPing$3.run(UnicastZenPing.java:395)
	at java.util.concurrent.ThreadPoolExecutor.runWorker(ThreadPoolExecutor.java:1142)
	at java.util.concurrent.ThreadPoolExecutor$Worker.run(ThreadPoolExecutor.java:617)
	at java.lang.Thread.run(Thread.java:745)
Caused by: java.net.ConnectException: Connection refused: /0:0:0:0:0:0:0:1:9443
	at sun.nio.ch.SocketChannelImpl.checkConnect(Native Method)
	at sun.nio.ch.SocketChannelImpl.finishConnect(SocketChannelImpl.java:717)
	at org.jboss.netty.channel.socket.nio.NioClientBoss.connect(NioClientBoss.java:152)
	at org.jboss.netty.channel.socket.nio.NioClientBoss.processSelectedKeys(NioClientBoss.java:105)
	at org.jboss.netty.channel.socket.nio.NioClientBoss.process(NioClientBoss.java:79)
	at org.jboss.netty.channel.socket.nio.AbstractNioSelector.run(AbstractNioSelector.java:337)
	at org.jboss.netty.channel.socket.nio.NioClientBoss.run(NioClientBoss.java:42)
	at org.jboss.netty.util.ThreadRenamingRunnable.run(ThreadRenamingRunnable.java:108)
	at org.jboss.netty.util.internal.DeadLockProofWorker$1.run(DeadLockProofWorker.java:42)
	... 3 more
[2016-04-18 03:03:36,332][TRACE][org.elasticsearch.discovery.zen.ping.unicast] [node_t3] [1] failed to connect to {#zen_unicast_10#}{::1}{[::1]:9444}
ConnectTransportException[[][[::1]:9444] connect_timeout[30s]]; nested: ConnectException[Connection refused: /0:0:0:0:0:0:0:1:9444];
	at org.elasticsearch.transport.netty.NettyTransport.connectToChannelsLight(NettyTransport.java:954)
	at org.elasticsearch.transport.netty.NettyTransport.connectToNode(NettyTransport.java:918)
	at org.elasticsearch.transport.netty.NettyTransport.connectToNodeLight(NettyTransport.java:890)
	at org.elasticsearch.test.transport.MockTransportService$LookupTestTransport.connectToNodeLight(MockTransportService.java:413)
	at org.elasticsearch.transport.TransportService.connectToNodeLight(TransportService.java:242)
	at org.elasticsearch.discovery.zen.ping.unicast.UnicastZenPing$3.run(UnicastZenPing.java:395)
	at java.util.concurrent.ThreadPoolExecutor.runWorker(ThreadPoolExecutor.java:1142)
	at java.util.concurrent.ThreadPoolExecutor$Worker.run(ThreadPoolExecutor.java:617)
	at java.lang.Thread.run(Thread.java:745)
Caused by: java.net.ConnectException: Connection refused: /0:0:0:0:0:0:0:1:9444
	at sun.nio.ch.SocketChannelImpl.checkConnect(Native Method)
	at sun.nio.ch.SocketChannelImpl.finishConnect(SocketChannelImpl.java:717)
	at org.jboss.netty.channel.socket.nio.NioClientBoss.connect(NioClientBoss.java:152)
	at org.jboss.netty.channel.socket.nio.NioClientBoss.processSelectedKeys(NioClientBoss.java:105)
	at org.jboss.netty.channel.socket.nio.NioClientBoss.process(NioClientBoss.java:79)
	at org.jboss.netty.channel.socket.nio.AbstractNioSelector.run(AbstractNioSelector.java:337)
	at org.jboss.netty.channel.socket.nio.NioClientBoss.run(NioClientBoss.java:42)
	at org.jboss.netty.util.ThreadRenamingRunnable.run(ThreadRenamingRunnable.java:108)
	at org.jboss.netty.util.internal.DeadLockProofWorker$1.run(DeadLockProofWorker.java:42)
	... 3 more
[2016-04-18 03:03:36,332][TRACE][org.elasticsearch.discovery.zen.ping.unicast] [node_t3] [1] failed to connect to {#zen_unicast_8#}{::1}{[::1]:9442}
ConnectTransportException[[][[::1]:9442] connect_timeout[30s]]; nested: ConnectException[Connection refused: /0:0:0:0:0:0:0:1:9442];
	at org.elasticsearch.transport.netty.NettyTransport.connectToChannelsLight(NettyTransport.java:954)
	at org.elasticsearch.transport.netty.NettyTransport.connectToNode(NettyTransport.java:918)
	at org.elasticsearch.transport.netty.NettyTransport.connectToNodeLight(NettyTransport.java:890)
	at org.elasticsearch.test.transport.MockTransportService$LookupTestTransport.connectToNodeLight(MockTransportService.java:413)
	at org.elasticsearch.transport.TransportService.connectToNodeLight(TransportService.java:242)
	at org.elasticsearch.discovery.zen.ping.unicast.UnicastZenPing$3.run(UnicastZenPing.java:395)
	at java.util.concurrent.ThreadPoolExecutor.runWorker(ThreadPoolExecutor.java:1142)
	at java.util.concurrent.ThreadPoolExecutor$Worker.run(ThreadPoolExecutor.java:617)
	at java.lang.Thread.run(Thread.java:745)
Caused by: java.net.ConnectException: Connection refused: /0:0:0:0:0:0:0:1:9442
	at sun.nio.ch.SocketChannelImpl.checkConnect(Native Method)
	at sun.nio.ch.SocketChannelImpl.finishConnect(SocketChannelImpl.java:717)
	at org.jboss.netty.channel.socket.nio.NioClientBoss.connect(NioClientBoss.java:152)
	at org.jboss.netty.channel.socket.nio.NioClientBoss.processSelectedKeys(NioClientBoss.java:105)
	at org.jboss.netty.channel.socket.nio.NioClientBoss.process(NioClientBoss.java:79)
	at org.jboss.netty.channel.socket.nio.AbstractNioSelector.run(AbstractNioSelector.java:337)
	at org.jboss.netty.channel.socket.nio.NioClientBoss.run(NioClientBoss.java:42)
	at org.jboss.netty.util.ThreadRenamingRunnable.run(ThreadRenamingRunnable.java:108)
	at org.jboss.netty.util.internal.DeadLockProofWorker$1.run(DeadLockProofWorker.java:42)
	... 3 more
[2016-04-18 03:03:36,332][TRACE][org.elasticsearch.discovery.zen.ping.unicast] [node_t3] [1] failed to connect to {#zen_unicast_5#}{127.0.0.1}{127.0.0.1:9444}
ConnectTransportException[[][127.0.0.1:9444] connect_timeout[30s]]; nested: ConnectException[Connection refused: /127.0.0.1:9444];
	at org.elasticsearch.transport.netty.NettyTransport.connectToChannelsLight(NettyTransport.java:954)
	at org.elasticsearch.transport.netty.NettyTransport.connectToNode(NettyTransport.java:918)
	at org.elasticsearch.transport.netty.NettyTransport.connectToNodeLight(NettyTransport.java:890)
	at org.elasticsearch.test.transport.MockTransportService$LookupTestTransport.connectToNodeLight(MockTransportService.java:413)
	at org.elasticsearch.transport.TransportService.connectToNodeLight(TransportService.java:242)
	at org.elasticsearch.discovery.zen.ping.unicast.UnicastZenPing$3.run(UnicastZenPing.java:395)
	at java.util.concurrent.ThreadPoolExecutor.runWorker(ThreadPoolExecutor.java:1142)
	at java.util.concurrent.ThreadPoolExecutor$Worker.run(ThreadPoolExecutor.java:617)
	at java.lang.Thread.run(Thread.java:745)
Caused by: java.net.ConnectException: Connection refused: /127.0.0.1:9444
	at sun.nio.ch.SocketChannelImpl.checkConnect(Native Method)
	at sun.nio.ch.SocketChannelImpl.finishConnect(SocketChannelImpl.java:717)
	at org.jboss.netty.channel.socket.nio.NioClientBoss.connect(NioClientBoss.java:152)
	at org.jboss.netty.channel.socket.nio.NioClientBoss.processSelectedKeys(NioClientBoss.java:105)
	at org.jboss.netty.channel.socket.nio.NioClientBoss.process(NioClientBoss.java:79)
	at org.jboss.netty.channel.socket.nio.AbstractNioSelector.run(AbstractNioSelector.java:337)
	at org.jboss.netty.channel.socket.nio.NioClientBoss.run(NioClientBoss.java:42)
	at org.jboss.netty.util.ThreadRenamingRunnable.run(ThreadRenamingRunnable.java:108)
	at org.jboss.netty.util.internal.DeadLockProofWorker$1.run(DeadLockProofWorker.java:42)
	... 3 more
[2016-04-18 03:03:36,332][TRACE][org.elasticsearch.discovery.zen.ping.unicast] [node_t3] [1] failed to connect to {#zen_unicast_3#}{127.0.0.1}{127.0.0.1:9442}
ConnectTransportException[[][127.0.0.1:9442] connect_timeout[30s]]; nested: ConnectException[Connection refused: /127.0.0.1:9442];
	at org.elasticsearch.transport.netty.NettyTransport.connectToChannelsLight(NettyTransport.java:954)
	at org.elasticsearch.transport.netty.NettyTransport.connectToNode(NettyTransport.java:918)
	at org.elasticsearch.transport.netty.NettyTransport.connectToNodeLight(NettyTransport.java:890)
	at org.elasticsearch.test.transport.MockTransportService$LookupTestTransport.connectToNodeLight(MockTransportService.java:413)
	at org.elasticsearch.transport.TransportService.connectToNodeLight(TransportService.java:242)
	at org.elasticsearch.discovery.zen.ping.unicast.UnicastZenPing$3.run(UnicastZenPing.java:395)
	at java.util.concurrent.ThreadPoolExecutor.runWorker(ThreadPoolExecutor.java:1142)
	at java.util.concurrent.ThreadPoolExecutor$Worker.run(ThreadPoolExecutor.java:617)
	at java.lang.Thread.run(Thread.java:745)
Caused by: java.net.ConnectException: Connection refused: /127.0.0.1:9442
	at sun.nio.ch.SocketChannelImpl.checkConnect(Native Method)
	at sun.nio.ch.SocketChannelImpl.finishConnect(SocketChannelImpl.java:717)
	at org.jboss.netty.channel.socket.nio.NioClientBoss.connect(NioClientBoss.java:152)
	at org.jboss.netty.channel.socket.nio.NioClientBoss.processSelectedKeys(NioClientBoss.java:105)
	at org.jboss.netty.channel.socket.nio.NioClientBoss.process(NioClientBoss.java:79)
	at org.jboss.netty.channel.socket.nio.AbstractNioSelector.run(AbstractNioSelector.java:337)
	at org.jboss.netty.channel.socket.nio.NioClientBoss.run(NioClientBoss.java:42)
	at org.jboss.netty.util.ThreadRenamingRunnable.run(ThreadRenamingRunnable.java:108)
	at org.jboss.netty.util.internal.DeadLockProofWorker$1.run(DeadLockProofWorker.java:42)
	... 3 more
[2016-04-18 03:03:36,332][TRACE][org.elasticsearch.discovery.zen.ping.unicast] [node_t3] replacing {node_t1}{YucHs-5XRNO-JChWAzIIZg}{127.0.0.1}{127.0.0.1:9441}[mode=>network] with temp node {#zen_unicast_12_YucHs-5XRNO-JChWAzIIZg#}{127.0.0.1}{127.0.0.1:9441}[mode=>network]
[2016-04-18 03:03:36,334][TRACE][org.elasticsearch.discovery.zen.ping.unicast] [node_t3] [1] connecting (light) to {#zen_unicast_12_YucHs-5XRNO-JChWAzIIZg#}{127.0.0.1}{127.0.0.1:9441}[mode=>network]
[2016-04-18 03:03:36,334][TRACE][org.elasticsearch.discovery.zen.ping.unicast] [node_t3] [1] connected to {node_t1}{YucHs-5XRNO-JChWAzIIZg}{127.0.0.1}{127.0.0.1:9441}[mode=>network]
[2016-04-18 03:03:36,334][TRACE][org.elasticsearch.discovery.zen.ping.unicast] [node_t3] [1] sending to {#zen_unicast_12_YucHs-5XRNO-JChWAzIIZg#}{127.0.0.1}{127.0.0.1:9441}[mode=>network]
[2016-04-18 03:03:36,335][TRACE][org.elasticsearch.discovery.zen.ping.unicast] [node_t3] [1] received response from {#zen_unicast_12_YucHs-5XRNO-JChWAzIIZg#}{127.0.0.1}{127.0.0.1:9441}[mode=>network]: [ping_response{node [{node_t1}{YucHs-5XRNO-JChWAzIIZg}{127.0.0.1}{127.0.0.1:9441}[mode=>network]], id[410], master [{node_t1}{YucHs-5XRNO-JChWAzIIZg}{127.0.0.1}{127.0.0.1:9441}[mode=>network]], hasJoinedOnce [true], cluster_name[TEST-CHILD_VM=[0]-CLUSTER_SEED=[-7449427405447180618]-HASH=[2645B46835F9]-cluster]}, ping_response{node [{node_t1}{YucHs-5XRNO-JChWAzIIZg}{127.0.0.1}{127.0.0.1:9441}[mode=>network]], id[410], master [{node_t1}{YucHs-5XRNO-JChWAzIIZg}{127.0.0.1}{127.0.0.1:9441}[mode=>network]], hasJoinedOnce [true], cluster_name[TEST-CHILD_VM=[0]-CLUSTER_SEED=[-7449427405447180618]-HASH=[2645B46835F9]-cluster]}, ping_response{node [{node_t1}{YucHs-5XRNO-JChWAzIIZg}{127.0.0.1}{127.0.0.1:9441}[mode=>network]], id[410], master [{node_t1}{YucHs-5XRNO-JChWAzIIZg}{127.0.0.1}{127.0.0.1:9441}[mode=>network]], hasJoinedOnce [true], cluster_name[TEST-CHILD_VM=[0]-CLUSTER_SEED=[-7449427405447180618]-HASH=[2645B46835F9]-cluster]}, ping_response{node [{node_t3}{9i0gKojbTKKnv4dUyhJboA}{127.0.0.1}{127.0.0.1:9440}[mode=>network]], id[414], master [null], hasJoinedOnce [false], cluster_name[TEST-CHILD_VM=[0]-CLUSTER_SEED=[-7449427405447180618]-HASH=[2645B46835F9]-cluster]}, ping_response{node [{node_t3}{9i0gKojbTKKnv4dUyhJboA}{127.0.0.1}{127.0.0.1:9440}[mode=>network]], id[414], master [null], hasJoinedOnce [false], cluster_name[TEST-CHILD_VM=[0]-CLUSTER_SEED=[-7449427405447180618]-HASH=[2645B46835F9]-cluster]}, ping_response{node [{node_t1}{YucHs-5XRNO-JChWAzIIZg}{127.0.0.1}{127.0.0.1:9441}[mode=>network]], id[420], master [null], hasJoinedOnce [true], cluster_name[TEST-CHILD_VM=[0]-CLUSTER_SEED=[-7449427405447180618]-HASH=[2645B46835F9]-cluster]}, ping_response{node [{node_t1}{YucHs-5XRNO-JChWAzIIZg}{127.0.0.1}{127.0.0.1:9441}[mode=>network]], id[420], master [null], hasJoinedOnce [true], cluster_name[TEST-CHILD_VM=[0]-CLUSTER_SEED=[-7449427405447180618]-HASH=[2645B46835F9]-cluster]}, ping_response{node [{node_t1}{YucHs-5XRNO-JChWAzIIZg}{127.0.0.1}{127.0.0.1:9441}[mode=>network]], id[420], master [null], hasJoinedOnce [true], cluster_name[TEST-CHILD_VM=[0]-CLUSTER_SEED=[-7449427405447180618]-HASH=[2645B46835F9]-cluster]}, ping_response{node [{node_t3}{9i0gKojbTKKnv4dUyhJboA}{127.0.0.1}{127.0.0.1:9440}[mode=>network]], id[427], master [null], hasJoinedOnce [false], cluster_name[TEST-CHILD_VM=[0]-CLUSTER_SEED=[-7449427405447180618]-HASH=[2645B46835F9]-cluster]}, ping_response{node [{node_t3}{9i0gKojbTKKnv4dUyhJboA}{127.0.0.1}{127.0.0.1:9440}[mode=>network]], id[427], master [null], hasJoinedOnce [false], cluster_name[TEST-CHILD_VM=[0]-CLUSTER_SEED=[-7449427405447180618]-HASH=[2645B46835F9]-cluster]}, ping_response{node [{node_t3}{9i0gKojbTKKnv4dUyhJboA}{127.0.0.1}{127.0.0.1:9440}[mode=>network]], id[427], master [null], hasJoinedOnce [false], cluster_name[TEST-CHILD_VM=[0]-CLUSTER_SEED=[-7449427405447180618]-HASH=[2645B46835F9]-cluster]}, ping_response{node [{node_t1}{YucHs-5XRNO-JChWAzIIZg}{127.0.0.1}{127.0.0.1:9441}[mode=>network]], id[434], master [null], hasJoinedOnce [true], cluster_name[TEST-CHILD_VM=[0]-CLUSTER_SEED=[-7449427405447180618]-HASH=[2645B46835F9]-cluster]}, ping_response{node [{node_t1}{YucHs-5XRNO-JChWAzIIZg}{127.0.0.1}{127.0.0.1:9441}[mode=>network]], id[434], master [null], hasJoinedOnce [true], cluster_name[TEST-CHILD_VM=[0]-CLUSTER_SEED=[-7449427405447180618]-HASH=[2645B46835F9]-cluster]}, ping_response{node [{node_t1}{YucHs-5XRNO-JChWAzIIZg}{127.0.0.1}{127.0.0.1:9441}[mode=>network]], id[434], master [null], hasJoinedOnce [true], cluster_name[TEST-CHILD_VM=[0]-CLUSTER_SEED=[-7449427405447180618]-HASH=[2645B46835F9]-cluster]}, ping_response{node [{node_t3}{9i0gKojbTKKnv4dUyhJboA}{127.0.0.1}{127.0.0.1:9440}[mode=>network]], id[441], master [null], hasJoinedOnce [false], cluster_name[TEST-CHILD_VM=[0]-CLUSTER_SEED=[-7449427405447180618]-HASH=[2645B46835F9]-cluster]}, ping_response{node [{node_t3}{9i0gKojbTKKnv4dUyhJboA}{127.0.0.1}{127.0.0.1:9440}[mode=>network]], id[441], master [null], hasJoinedOnce [false], cluster_name[TEST-CHILD_VM=[0]-CLUSTER_SEED=[-7449427405447180618]-HASH=[2645B46835F9]-cluster]}, ping_response{node [{node_t3}{9i0gKojbTKKnv4dUyhJboA}{127.0.0.1}{127.0.0.1:9440}[mode=>network]], id[441], master [null], hasJoinedOnce [false], cluster_name[TEST-CHILD_VM=[0]-CLUSTER_SEED=[-7449427405447180618]-HASH=[2645B46835F9]-cluster]}, ping_response{node [{node_t1}{YucHs-5XRNO-JChWAzIIZg}{127.0.0.1}{127.0.0.1:9441}[mode=>network]], id[447], master [null], hasJoinedOnce [true], cluster_name[TEST-CHILD_VM=[0]-CLUSTER_SEED=[-7449427405447180618]-HASH=[2645B46835F9]-cluster]}]
[2016-04-18 03:03:36,335][TRACE][org.elasticsearch.discovery.zen.ping.unicast] [node_t3] [1] disconnecting from {#zen_unicast_11_YucHs-5XRNO-JChWAzIIZg#}{127.0.0.1}{127.0.0.1:9441}[mode=>network]
[2016-04-18 03:03:36,335][TRACE][org.elasticsearch.discovery.zen] [node_t3] full ping responses:
	--> ping_response{node [{node_t2}{zpsanQF7R4u6zEfa6p-Xfw}{127.0.0.1}{127.0.0.1:9440}[mode=>network]], id[403], master [null], hasJoinedOnce [false], cluster_name[TEST-CHILD_VM=[0]-CLUSTER_SEED=[-7449427405447180618]-HASH=[2645B46835F9]-cluster]}
	--> ping_response{node [{node_t1}{YucHs-5XRNO-JChWAzIIZg}{127.0.0.1}{127.0.0.1:9441}[mode=>network]], id[447], master [null], hasJoinedOnce [true], cluster_name[TEST-CHILD_VM=[0]-CLUSTER_SEED=[-7449427405447180618]-HASH=[2645B46835F9]-cluster]}
[2016-04-18 03:03:36,335][DEBUG][org.elasticsearch.discovery.zen] [node_t3] filtered ping responses: (filter_client[true], filter_data[false])
	--> ping_response{node [{node_t2}{zpsanQF7R4u6zEfa6p-Xfw}{127.0.0.1}{127.0.0.1:9440}[mode=>network]], id[403], master [null], hasJoinedOnce [false], cluster_name[TEST-CHILD_VM=[0]-CLUSTER_SEED=[-7449427405447180618]-HASH=[2645B46835F9]-cluster]}
	--> ping_response{node [{node_t1}{YucHs-5XRNO-JChWAzIIZg}{127.0.0.1}{127.0.0.1:9441}[mode=>network]], id[447], master [null], hasJoinedOnce [true], cluster_name[TEST-CHILD_VM=[0]-CLUSTER_SEED=[-7449427405447180618]-HASH=[2645B46835F9]-cluster]}
[2016-04-18 03:03:36,335][TRACE][org.elasticsearch.discovery.zen] [node_t3] stopping join accumulation ([not master])
[2016-04-18 03:03:36,335][TRACE][org.elasticsearch.discovery.zen.ping.unicast] [node_t3] [1] disconnecting from {#zen_unicast_12_YucHs-5XRNO-JChWAzIIZg#}{127.0.0.1}{127.0.0.1:9441}[mode=>network]
[2016-04-18 03:03:36,335][TRACE][org.elasticsearch.discovery.zen.ping.unicast] [node_t3] [1] disconnecting from {#zen_unicast_2#}{127.0.0.1}{127.0.0.1:9441}
[2016-04-18 03:03:36,336][TRACE][org.elasticsearch.discovery.zen.ping.unicast] [node_t3] [1] disconnecting from {#zen_unicast_6#}{::1}{[::1]:9440}
[2016-04-18 03:03:36,336][TRACE][org.elasticsearch.discovery.zen.ping.unicast] [node_t3] [1] disconnecting from {#zen_unicast_5#}{127.0.0.1}{127.0.0.1:9444}
[2016-04-18 03:03:36,336][TRACE][org.elasticsearch.discovery.zen.ping.unicast] [node_t3] [1] disconnecting from {#zen_unicast_4#}{127.0.0.1}{127.0.0.1:9443}
[2016-04-18 03:03:36,336][TRACE][org.elasticsearch.discovery.zen.ping.unicast] [node_t3] [1] disconnecting from {#zen_unicast_3#}{127.0.0.1}{127.0.0.1:9442}
[2016-04-18 03:03:36,336][TRACE][org.elasticsearch.discovery.zen.ping.unicast] [node_t3] [1] disconnecting from {#zen_unicast_10#}{::1}{[::1]:9444}
[2016-04-18 03:03:36,336][TRACE][org.elasticsearch.discovery.zen.ping.unicast] [node_t3] [1] disconnecting from {#zen_unicast_9#}{::1}{[::1]:9443}
[2016-04-18 03:03:36,336][TRACE][org.elasticsearch.discovery.zen.ping.unicast] [node_t3] [1] disconnecting from {#zen_unicast_8#}{::1}{[::1]:9442}
[2016-04-18 03:03:36,336][TRACE][org.elasticsearch.discovery.zen.ping.unicast] [node_t3] [1] disconnecting from {#zen_unicast_7#}{::1}{[::1]:9441}
[2016-04-18 03:03:36,336][TRACE][org.elasticsearch.discovery.zen] [node_t3] joining master {node_t1}{YucHs-5XRNO-JChWAzIIZg}{127.0.0.1}{127.0.0.1:9441}[mode=>network]
[2016-04-18 03:03:36,338][TRACE][org.elasticsearch.cluster.service] [node_t1] will process [zen-disco-join(elected_as_master, [1] joins received)]
[2016-04-18 03:03:36,338][DEBUG][org.elasticsearch.cluster.service] [node_t1] processing [zen-disco-join(elected_as_master, [1] joins received)]: execute
[2016-04-18 03:03:36,339][TRACE][org.elasticsearch.gateway] [node_t1] [test][5], node[null], [R], v[8], s[UNASSIGNED], unassigned_info[[reason=NODE_LEFT], at[2016-04-18T07:03:36.339Z], details[node_left[zpsanQF7R4u6zEfa6p-Xfw]]]: ignoring allocation, can't be allocated on any node
[2016-04-18 03:03:36,339][TRACE][org.elasticsearch.gateway] [node_t1] [test][6], node[null], [R], v[9], s[UNASSIGNED], unassigned_info[[reason=NODE_LEFT], at[2016-04-18T07:03:36.339Z], details[node_left[zpsanQF7R4u6zEfa6p-Xfw]]]: ignoring allocation, can't be allocated on any node
[2016-04-18 03:03:36,339][TRACE][org.elasticsearch.gateway] [node_t1] [test][7], node[null], [R], v[8], s[UNASSIGNED], unassigned_info[[reason=NODE_LEFT], at[2016-04-18T07:03:36.339Z], details[node_left[zpsanQF7R4u6zEfa6p-Xfw]]]: ignoring allocation, can't be allocated on any node
[2016-04-18 03:03:36,339][TRACE][org.elasticsearch.gateway] [node_t1] [test][2], node[null], [R], v[8], s[UNASSIGNED], unassigned_info[[reason=NODE_LEFT], at[2016-04-18T07:03:36.339Z], details[node_left[zpsanQF7R4u6zEfa6p-Xfw]]]: ignoring allocation, can't be allocated on any node
[2016-04-18 03:03:36,339][TRACE][org.elasticsearch.gateway] [node_t1] [test][4], node[null], [R], v[8], s[UNASSIGNED], unassigned_info[[reason=NODE_LEFT], at[2016-04-18T07:03:36.339Z], details[node_left[zpsanQF7R4u6zEfa6p-Xfw]]]: ignoring allocation, can't be allocated on any node
[2016-04-18 03:03:36,339][TRACE][org.elasticsearch.gateway] [node_t1] [test][1], node[null], [R], v[8], s[UNASSIGNED], unassigned_info[[reason=NODE_LEFT], at[2016-04-18T07:03:36.339Z], details[node_left[zpsanQF7R4u6zEfa6p-Xfw]]]: ignoring allocation, can't be allocated on any node
[2016-04-18 03:03:36,339][TRACE][org.elasticsearch.gateway] [node_t1] [test][3], node[null], [R], v[8], s[UNASSIGNED], unassigned_info[[reason=NODE_LEFT], at[2016-04-18T07:03:36.339Z], details[node_left[zpsanQF7R4u6zEfa6p-Xfw]]]: ignoring allocation, can't be allocated on any node
[2016-04-18 03:03:36,339][TRACE][org.elasticsearch.gateway] [node_t1] [test][8], node[null], [R], v[9], s[UNASSIGNED], unassigned_info[[reason=NODE_LEFT], at[2016-04-18T07:03:36.339Z], details[node_left[zpsanQF7R4u6zEfa6p-Xfw]]]: ignoring allocation, can't be allocated on any node
[2016-04-18 03:03:36,339][TRACE][org.elasticsearch.gateway] [node_t1] [test][0], node[null], [R], v[8], s[UNASSIGNED], unassigned_info[[reason=NODE_LEFT], at[2016-04-18T07:03:36.339Z], details[node_left[zpsanQF7R4u6zEfa6p-Xfw]]]: ignoring allocation, can't be allocated on any node
[2016-04-18 03:03:36,339][TRACE][org.elasticsearch.cluster.service] [node_t1] cluster state updated, source [zen-disco-join(elected_as_master, [1] joins received)]
version: 26
state uuid: _UE3wiCHQCS_LxpQ7MtDUg
from_diff: false
meta data version: 23
nodes: 
   {node_t3}{9i0gKojbTKKnv4dUyhJboA}{127.0.0.1}{127.0.0.1:9440}[mode=>network]
   {node_t1}{YucHs-5XRNO-JChWAzIIZg}{127.0.0.1}{127.0.0.1:9441}[mode=>network], local, master
routing_table (version 24):
-- index [test]
----shard_id [test][0]
--------[test][0], node[YucHs-5XRNO-JChWAzIIZg], [P], v[8], s[STARTED], a[id=Z8oM2vxwSmiUDNdNNYmYpA]
--------[test][0], node[null], [R], v[8], s[UNASSIGNED], unassigned_info[[reason=NODE_LEFT], at[2016-04-18T07:03:36.339Z], details[node_left[zpsanQF7R4u6zEfa6p-Xfw]]]
----shard_id [test][1]
--------[test][1], node[YucHs-5XRNO-JChWAzIIZg], [P], v[8], s[STARTED], a[id=skolItfmTI6mUEyBLn-4fA]
--------[test][1], node[null], [R], v[8], s[UNASSIGNED], unassigned_info[[reason=NODE_LEFT], at[2016-04-18T07:03:36.339Z], details[node_left[zpsanQF7R4u6zEfa6p-Xfw]]]
----shard_id [test][2]
--------[test][2], node[YucHs-5XRNO-JChWAzIIZg], [P], v[8], s[STARTED], a[id=RNqthUztR6-DqnLRLToD-Q]
--------[test][2], node[null], [R], v[8], s[UNASSIGNED], unassigned_info[[reason=NODE_LEFT], at[2016-04-18T07:03:36.339Z], details[node_left[zpsanQF7R4u6zEfa6p-Xfw]]]
----shard_id [test][3]
--------[test][3], node[YucHs-5XRNO-JChWAzIIZg], [P], v[8], s[STARTED], a[id=_WxhJCFGSNa0eq_monQ5AA]
--------[test][3], node[null], [R], v[8], s[UNASSIGNED], unassigned_info[[reason=NODE_LEFT], at[2016-04-18T07:03:36.339Z], details[node_left[zpsanQF7R4u6zEfa6p-Xfw]]]
----shard_id [test][4]
--------[test][4], node[YucHs-5XRNO-JChWAzIIZg], [P], v[8], s[STARTED], a[id=0erPpWShQUWr0fCKxTfoYQ]
--------[test][4], node[null], [R], v[8], s[UNASSIGNED], unassigned_info[[reason=NODE_LEFT], at[2016-04-18T07:03:36.339Z], details[node_left[zpsanQF7R4u6zEfa6p-Xfw]]]
----shard_id [test][5]
--------[test][5], node[YucHs-5XRNO-JChWAzIIZg], [P], v[8], s[STARTED], a[id=4B5yVDeUTpe5-44KssB7xg]
--------[test][5], node[null], [R], v[8], s[UNASSIGNED], unassigned_info[[reason=NODE_LEFT], at[2016-04-18T07:03:36.339Z], details[node_left[zpsanQF7R4u6zEfa6p-Xfw]]]
----shard_id [test][6]
--------[test][6], node[YucHs-5XRNO-JChWAzIIZg], [P], v[9], s[STARTED], a[id=lhxXACDDRmi5eofyvUh5ww]
--------[test][6], node[null], [R], v[9], s[UNASSIGNED], unassigned_info[[reason=NODE_LEFT], at[2016-04-18T07:03:36.339Z], details[node_left[zpsanQF7R4u6zEfa6p-Xfw]]]
----shard_id [test][7]
--------[test][7], node[YucHs-5XRNO-JChWAzIIZg], [P], v[8], s[STARTED], a[id=_q3o1C7eRoG3whwcdLSwbQ]
--------[test][7], node[null], [R], v[8], s[UNASSIGNED], unassigned_info[[reason=NODE_LEFT], at[2016-04-18T07:03:36.339Z], details[node_left[zpsanQF7R4u6zEfa6p-Xfw]]]
----shard_id [test][8]
--------[test][8], node[YucHs-5XRNO-JChWAzIIZg], [P], v[9], s[STARTED], a[id=uERXgJeHSeixZcO4CmIKeQ]
--------[test][8], node[null], [R], v[9], s[UNASSIGNED], unassigned_info[[reason=NODE_LEFT], at[2016-04-18T07:03:36.339Z], details[node_left[zpsanQF7R4u6zEfa6p-Xfw]]]

routing_nodes:
-----node_id[YucHs-5XRNO-JChWAzIIZg][V]
--------[test][2], node[YucHs-5XRNO-JChWAzIIZg], [P], v[8], s[STARTED], a[id=RNqthUztR6-DqnLRLToD-Q]
--------[test][8], node[YucHs-5XRNO-JChWAzIIZg], [P], v[9], s[STARTED], a[id=uERXgJeHSeixZcO4CmIKeQ]
--------[test][3], node[YucHs-5XRNO-JChWAzIIZg], [P], v[8], s[STARTED], a[id=_WxhJCFGSNa0eq_monQ5AA]
--------[test][6], node[YucHs-5XRNO-JChWAzIIZg], [P], v[9], s[STARTED], a[id=lhxXACDDRmi5eofyvUh5ww]
--------[test][5], node[YucHs-5XRNO-JChWAzIIZg], [P], v[8], s[STARTED], a[id=4B5yVDeUTpe5-44KssB7xg]
--------[test][7], node[YucHs-5XRNO-JChWAzIIZg], [P], v[8], s[STARTED], a[id=_q3o1C7eRoG3whwcdLSwbQ]
--------[test][4], node[YucHs-5XRNO-JChWAzIIZg], [P], v[8], s[STARTED], a[id=0erPpWShQUWr0fCKxTfoYQ]
--------[test][1], node[YucHs-5XRNO-JChWAzIIZg], [P], v[8], s[STARTED], a[id=skolItfmTI6mUEyBLn-4fA]
--------[test][0], node[YucHs-5XRNO-JChWAzIIZg], [P], v[8], s[STARTED], a[id=Z8oM2vxwSmiUDNdNNYmYpA]
-----node_id[9i0gKojbTKKnv4dUyhJboA][V]
---- unassigned
--------[test][2], node[null], [R], v[8], s[UNASSIGNED], unassigned_info[[reason=NODE_LEFT], at[2016-04-18T07:03:36.339Z], details[node_left[zpsanQF7R4u6zEfa6p-Xfw]]]
--------[test][8], node[null], [R], v[9], s[UNASSIGNED], unassigned_info[[reason=NODE_LEFT], at[2016-04-18T07:03:36.339Z], details[node_left[zpsanQF7R4u6zEfa6p-Xfw]]]
--------[test][3], node[null], [R], v[8], s[UNASSIGNED], unassigned_info[[reason=NODE_LEFT], at[2016-04-18T07:03:36.339Z], details[node_left[zpsanQF7R4u6zEfa6p-Xfw]]]
--------[test][6], node[null], [R], v[9], s[UNASSIGNED], unassigned_info[[reason=NODE_LEFT], at[2016-04-18T07:03:36.339Z], details[node_left[zpsanQF7R4u6zEfa6p-Xfw]]]
--------[test][5], node[null], [R], v[8], s[UNASSIGNED], unassigned_info[[reason=NODE_LEFT], at[2016-04-18T07:03:36.339Z], details[node_left[zpsanQF7R4u6zEfa6p-Xfw]]]
--------[test][7], node[null], [R], v[8], s[UNASSIGNED], unassigned_info[[reason=NODE_LEFT], at[2016-04-18T07:03:36.339Z], details[node_left[zpsanQF7R4u6zEfa6p-Xfw]]]
--------[test][4], node[null], [R], v[8], s[UNASSIGNED], unassigned_info[[reason=NODE_LEFT], at[2016-04-18T07:03:36.339Z], details[node_left[zpsanQF7R4u6zEfa6p-Xfw]]]
--------[test][1], node[null], [R], v[8], s[UNASSIGNED], unassigned_info[[reason=NODE_LEFT], at[2016-04-18T07:03:36.339Z], details[node_left[zpsanQF7R4u6zEfa6p-Xfw]]]
--------[test][0], node[null], [R], v[8], s[UNASSIGNED], unassigned_info[[reason=NODE_LEFT], at[2016-04-18T07:03:36.339Z], details[node_left[zpsanQF7R4u6zEfa6p-Xfw]]]

[2016-04-18 03:03:36,340][INFO ][org.elasticsearch.cluster.service] [node_t1] new_master {node_t1}{YucHs-5XRNO-JChWAzIIZg}{127.0.0.1}{127.0.0.1:9441}[mode=>network], added {{node_t3}{9i0gKojbTKKnv4dUyhJboA}{127.0.0.1}{127.0.0.1:9440}[mode=>network],}, reason: zen-disco-join(elected_as_master, [1] joins received)
[2016-04-18 03:03:36,340][DEBUG][org.elasticsearch.cluster.service] [node_t1] publishing cluster state version [26]
[2016-04-18 03:03:36,340][DEBUG][org.elasticsearch.discovery.zen.publish] [node_t3] received full cluster state version [26] with size [830]
[2016-04-18 03:03:36,340][TRACE][org.elasticsearch.discovery.zen.publish] [node_t1] master node {node_t3}{9i0gKojbTKKnv4dUyhJboA}{127.0.0.1}{127.0.0.1:9440}[mode=>network] acked cluster state version [26]. processing ... (current pending [1], needed [1])
[2016-04-18 03:03:36,340][TRACE][org.elasticsearch.discovery.zen.publish] [node_t1] committing version [26]
[2016-04-18 03:03:36,340][TRACE][org.elasticsearch.discovery.zen.publish] [node_t1] sending commit for cluster state (uuid: [_UE3wiCHQCS_LxpQ7MtDUg], version [26]) to [{node_t3}{9i0gKojbTKKnv4dUyhJboA}{127.0.0.1}{127.0.0.1:9440}[mode=>network]]
[2016-04-18 03:03:36,341][TRACE][org.elasticsearch.cluster.service] [node_t3] will process [zen-disco-receive(from master [master {node_t1}{YucHs-5XRNO-JChWAzIIZg}{127.0.0.1}{127.0.0.1:9441}[mode=>network] committed version [26]])]
[2016-04-18 03:03:36,341][DEBUG][org.elasticsearch.cluster.service] [node_t3] processing [zen-disco-receive(from master [master {node_t1}{YucHs-5XRNO-JChWAzIIZg}{127.0.0.1}{127.0.0.1:9441}[mode=>network] committed version [26]])]: execute
[2016-04-18 03:03:36,341][DEBUG][org.elasticsearch.discovery.zen.fd] [node_t3] [master] restarting fault detection against master [{node_t1}{YucHs-5XRNO-JChWAzIIZg}{127.0.0.1}{127.0.0.1:9441}[mode=>network]], reason [new cluster state received and we are monitoring the wrong master [null]]
[2016-04-18 03:03:36,341][DEBUG][org.elasticsearch.discovery.zen] [node_t3] got first state from fresh master [YucHs-5XRNO-JChWAzIIZg]
[2016-04-18 03:03:36,341][TRACE][org.elasticsearch.discovery.zen] [node_t3] updated cluster join cluster to [1]
[2016-04-18 03:03:36,341][TRACE][org.elasticsearch.cluster.service] [node_t3] cluster state updated, source [zen-disco-receive(from master [master {node_t1}{YucHs-5XRNO-JChWAzIIZg}{127.0.0.1}{127.0.0.1:9441}[mode=>network] committed version [26]])]
version: 26
state uuid: _UE3wiCHQCS_LxpQ7MtDUg
from_diff: false
meta data version: 23
nodes: 
   {node_t3}{9i0gKojbTKKnv4dUyhJboA}{127.0.0.1}{127.0.0.1:9440}[mode=>network], local
   {node_t1}{YucHs-5XRNO-JChWAzIIZg}{127.0.0.1}{127.0.0.1:9441}[mode=>network], master
routing_table (version 24):
-- index [test]
----shard_id [test][0]
--------[test][0], node[YucHs-5XRNO-JChWAzIIZg], [P], v[8], s[STARTED], a[id=Z8oM2vxwSmiUDNdNNYmYpA]
--------[test][0], node[null], [R], v[8], s[UNASSIGNED], unassigned_info[[reason=NODE_LEFT], at[2016-04-18T07:03:36.339Z], details[node_left[zpsanQF7R4u6zEfa6p-Xfw]]]
----shard_id [test][1]
--------[test][1], node[YucHs-5XRNO-JChWAzIIZg], [P], v[8], s[STARTED], a[id=skolItfmTI6mUEyBLn-4fA]
--------[test][1], node[null], [R], v[8], s[UNASSIGNED], unassigned_info[[reason=NODE_LEFT], at[2016-04-18T07:03:36.339Z], details[node_left[zpsanQF7R4u6zEfa6p-Xfw]]]
----shard_id [test][2]
--------[test][2], node[YucHs-5XRNO-JChWAzIIZg], [P], v[8], s[STARTED], a[id=RNqthUztR6-DqnLRLToD-Q]
--------[test][2], node[null], [R], v[8], s[UNASSIGNED], unassigned_info[[reason=NODE_LEFT], at[2016-04-18T07:03:36.339Z], details[node_left[zpsanQF7R4u6zEfa6p-Xfw]]]
----shard_id [test][3]
--------[test][3], node[YucHs-5XRNO-JChWAzIIZg], [P], v[8], s[STARTED], a[id=_WxhJCFGSNa0eq_monQ5AA]
--------[test][3], node[null], [R], v[8], s[UNASSIGNED], unassigned_info[[reason=NODE_LEFT], at[2016-04-18T07:03:36.339Z], details[node_left[zpsanQF7R4u6zEfa6p-Xfw]]]
----shard_id [test][4]
--------[test][4], node[YucHs-5XRNO-JChWAzIIZg], [P], v[8], s[STARTED], a[id=0erPpWShQUWr0fCKxTfoYQ]
--------[test][4], node[null], [R], v[8], s[UNASSIGNED], unassigned_info[[reason=NODE_LEFT], at[2016-04-18T07:03:36.339Z], details[node_left[zpsanQF7R4u6zEfa6p-Xfw]]]
----shard_id [test][5]
--------[test][5], node[YucHs-5XRNO-JChWAzIIZg], [P], v[8], s[STARTED], a[id=4B5yVDeUTpe5-44KssB7xg]
--------[test][5], node[null], [R], v[8], s[UNASSIGNED], unassigned_info[[reason=NODE_LEFT], at[2016-04-18T07:03:36.339Z], details[node_left[zpsanQF7R4u6zEfa6p-Xfw]]]
----shard_id [test][6]
--------[test][6], node[YucHs-5XRNO-JChWAzIIZg], [P], v[9], s[STARTED], a[id=lhxXACDDRmi5eofyvUh5ww]
--------[test][6], node[null], [R], v[9], s[UNASSIGNED], unassigned_info[[reason=NODE_LEFT], at[2016-04-18T07:03:36.339Z], details[node_left[zpsanQF7R4u6zEfa6p-Xfw]]]
----shard_id [test][7]
--------[test][7], node[YucHs-5XRNO-JChWAzIIZg], [P], v[8], s[STARTED], a[id=_q3o1C7eRoG3whwcdLSwbQ]
--------[test][7], node[null], [R], v[8], s[UNASSIGNED], unassigned_info[[reason=NODE_LEFT], at[2016-04-18T07:03:36.339Z], details[node_left[zpsanQF7R4u6zEfa6p-Xfw]]]
----shard_id [test][8]
--------[test][8], node[YucHs-5XRNO-JChWAzIIZg], [P], v[9], s[STARTED], a[id=uERXgJeHSeixZcO4CmIKeQ]
--------[test][8], node[null], [R], v[9], s[UNASSIGNED], unassigned_info[[reason=NODE_LEFT], at[2016-04-18T07:03:36.339Z], details[node_left[zpsanQF7R4u6zEfa6p-Xfw]]]

routing_nodes:
-----node_id[YucHs-5XRNO-JChWAzIIZg][V]
--------[test][2], node[YucHs-5XRNO-JChWAzIIZg], [P], v[8], s[STARTED], a[id=RNqthUztR6-DqnLRLToD-Q]
--------[test][3], node[YucHs-5XRNO-JChWAzIIZg], [P], v[8], s[STARTED], a[id=_WxhJCFGSNa0eq_monQ5AA]
--------[test][8], node[YucHs-5XRNO-JChWAzIIZg], [P], v[9], s[STARTED], a[id=uERXgJeHSeixZcO4CmIKeQ]
--------[test][4], node[YucHs-5XRNO-JChWAzIIZg], [P], v[8], s[STARTED], a[id=0erPpWShQUWr0fCKxTfoYQ]
--------[test][7], node[YucHs-5XRNO-JChWAzIIZg], [P], v[8], s[STARTED], a[id=_q3o1C7eRoG3whwcdLSwbQ]
--------[test][5], node[YucHs-5XRNO-JChWAzIIZg], [P], v[8], s[STARTED], a[id=4B5yVDeUTpe5-44KssB7xg]
--------[test][6], node[YucHs-5XRNO-JChWAzIIZg], [P], v[9], s[STARTED], a[id=lhxXACDDRmi5eofyvUh5ww]
--------[test][1], node[YucHs-5XRNO-JChWAzIIZg], [P], v[8], s[STARTED], a[id=skolItfmTI6mUEyBLn-4fA]
--------[test][0], node[YucHs-5XRNO-JChWAzIIZg], [P], v[8], s[STARTED], a[id=Z8oM2vxwSmiUDNdNNYmYpA]
-----node_id[9i0gKojbTKKnv4dUyhJboA][V]
---- unassigned
--------[test][2], node[null], [R], v[8], s[UNASSIGNED], unassigned_info[[reason=NODE_LEFT], at[2016-04-18T07:03:36.339Z], details[node_left[zpsanQF7R4u6zEfa6p-Xfw]]]
--------[test][3], node[null], [R], v[8], s[UNASSIGNED], unassigned_info[[reason=NODE_LEFT], at[2016-04-18T07:03:36.339Z], details[node_left[zpsanQF7R4u6zEfa6p-Xfw]]]
--------[test][8], node[null], [R], v[9], s[UNASSIGNED], unassigned_info[[reason=NODE_LEFT], at[2016-04-18T07:03:36.339Z], details[node_left[zpsanQF7R4u6zEfa6p-Xfw]]]
--------[test][4], node[null], [R], v[8], s[UNASSIGNED], unassigned_info[[reason=NODE_LEFT], at[2016-04-18T07:03:36.339Z], details[node_left[zpsanQF7R4u6zEfa6p-Xfw]]]
--------[test][7], node[null], [R], v[8], s[UNASSIGNED], unassigned_info[[reason=NODE_LEFT], at[2016-04-18T07:03:36.339Z], details[node_left[zpsanQF7R4u6zEfa6p-Xfw]]]
--------[test][5], node[null], [R], v[8], s[UNASSIGNED], unassigned_info[[reason=NODE_LEFT], at[2016-04-18T07:03:36.339Z], details[node_left[zpsanQF7R4u6zEfa6p-Xfw]]]
--------[test][6], node[null], [R], v[9], s[UNASSIGNED], unassigned_info[[reason=NODE_LEFT], at[2016-04-18T07:03:36.339Z], details[node_left[zpsanQF7R4u6zEfa6p-Xfw]]]
--------[test][1], node[null], [R], v[8], s[UNASSIGNED], unassigned_info[[reason=NODE_LEFT], at[2016-04-18T07:03:36.339Z], details[node_left[zpsanQF7R4u6zEfa6p-Xfw]]]
--------[test][0], node[null], [R], v[8], s[UNASSIGNED], unassigned_info[[reason=NODE_LEFT], at[2016-04-18T07:03:36.339Z], details[node_left[zpsanQF7R4u6zEfa6p-Xfw]]]

[2016-04-18 03:03:36,342][INFO ][org.elasticsearch.cluster.service] [node_t3] detected_master {node_t1}{YucHs-5XRNO-JChWAzIIZg}{127.0.0.1}{127.0.0.1:9441}[mode=>network], added {{node_t1}{YucHs-5XRNO-JChWAzIIZg}{127.0.0.1}{127.0.0.1:9441}[mode=>network],}, reason: zen-disco-receive(from master [master {node_t1}{YucHs-5XRNO-JChWAzIIZg}{127.0.0.1}{127.0.0.1:9441}[mode=>network] committed version [26]])
[2016-04-18 03:03:36,342][DEBUG][org.elasticsearch.cluster.service] [node_t3] set local cluster state to version 26
[2016-04-18 03:03:36,342][TRACE][org.elasticsearch.gateway] [node_t3] [_global] writing state, reason [changed]
[2016-04-18 03:03:36,343][TRACE][org.elasticsearch.gateway] [node_t3] [test] writing state, reason [freshly created]
[2016-04-18 03:03:36,344][DEBUG][org.elasticsearch.cluster.service] [node_t3] processing [zen-disco-receive(from master [master {node_t1}{YucHs-5XRNO-JChWAzIIZg}{127.0.0.1}{127.0.0.1:9441}[mode=>network] committed version [26]])]: took 3ms done applying updated cluster_state (version: 26, uuid: _UE3wiCHQCS_LxpQ7MtDUg)
[2016-04-18 03:03:36,344][TRACE][org.elasticsearch.cluster.service] [node_t3] will process [gateway_initial_state_recovery]
[2016-04-18 03:03:36,345][DEBUG][org.elasticsearch.cluster.service] [node_t3] processing [gateway_initial_state_recovery]: execute
[2016-04-18 03:03:36,345][DEBUG][org.elasticsearch.cluster.service] [node_t1] set local cluster state to version 26
[2016-04-18 03:03:36,345][DEBUG][org.elasticsearch.cluster.service] [node_t3] processing [gateway_initial_state_recovery]: took 0s no change in cluster_state
[2016-04-18 03:03:36,358][TRACE][org.elasticsearch.gateway] [node_t1] [test] writing state, reason [version changed from [21] to [22]]
[2016-04-18 03:03:36,360][TRACE][org.elasticsearch.discovery.zen] [node_t1] stopping join accumulation ([election closed])
[2016-04-18 03:03:36,360][TRACE][org.elasticsearch.discovery.zen] [node_t1] cluster joins counter set to [3] (elected as master)
[2016-04-18 03:03:36,360][TRACE][org.elasticsearch.cluster.service] [node_t3] will process [finalize_join ({node_t1}{YucHs-5XRNO-JChWAzIIZg}{127.0.0.1}{127.0.0.1:9441}[mode=>network])]
[2016-04-18 03:03:36,360][DEBUG][org.elasticsearch.cluster.service] [node_t1] processing [zen-disco-join(elected_as_master, [1] joins received)]: took 21ms done applying updated cluster_state (version: 26, uuid: _UE3wiCHQCS_LxpQ7MtDUg)
[2016-04-18 03:03:36,360][DEBUG][org.elasticsearch.cluster.service] [node_t3] processing [finalize_join ({node_t1}{YucHs-5XRNO-JChWAzIIZg}{127.0.0.1}{127.0.0.1:9441}[mode=>network])]: execute
[2016-04-18 03:03:36,360][TRACE][org.elasticsearch.cluster.service] [node_t1] will process [cluster_reroute(post_node_add)]
[2016-04-18 03:03:36,360][DEBUG][org.elasticsearch.cluster.service] [node_t3] processing [finalize_join ({node_t1}{YucHs-5XRNO-JChWAzIIZg}{127.0.0.1}{127.0.0.1:9441}[mode=>network])]: took 0s no change in cluster_state
[2016-04-18 03:03:36,360][DEBUG][org.elasticsearch.cluster.service] [node_t1] processing [cluster_reroute(post_node_add)]: execute
[2016-04-18 03:03:36,360][TRACE][org.elasticsearch.gateway] [node_t1] [test][4] fetching [shard_store] from [YucHs-5XRNO-JChWAzIIZg, 9i0gKojbTKKnv4dUyhJboA]
[2016-04-18 03:03:36,360][TRACE][org.elasticsearch.gateway] [node_t1] [test][4], node[null], [R], v[8], s[UNASSIGNED], unassigned_info[[reason=NODE_LEFT], at[2016-04-18T07:03:36.339Z], details[node_left[zpsanQF7R4u6zEfa6p-Xfw]]]: ignoring allocation, still fetching shard stores
[2016-04-18 03:03:36,360][TRACE][org.elasticsearch.gateway] [node_t1] [test][7] fetching [shard_store] from [YucHs-5XRNO-JChWAzIIZg, 9i0gKojbTKKnv4dUyhJboA]
[2016-04-18 03:03:36,360][TRACE][org.elasticsearch.gateway] [node_t1] [test][7], node[null], [R], v[8], s[UNASSIGNED], unassigned_info[[reason=NODE_LEFT], at[2016-04-18T07:03:36.339Z], details[node_left[zpsanQF7R4u6zEfa6p-Xfw]]]: ignoring allocation, still fetching shard stores
[2016-04-18 03:03:36,361][TRACE][org.elasticsearch.gateway] [node_t1] [test][6] fetching [shard_store] from [9i0gKojbTKKnv4dUyhJboA, YucHs-5XRNO-JChWAzIIZg]
[2016-04-18 03:03:36,361][TRACE][org.elasticsearch.gateway] [node_t1] [test][6], node[null], [R], v[9], s[UNASSIGNED], unassigned_info[[reason=NODE_LEFT], at[2016-04-18T07:03:36.339Z], details[node_left[zpsanQF7R4u6zEfa6p-Xfw]]]: ignoring allocation, still fetching shard stores
[2016-04-18 03:03:36,361][TRACE][org.elasticsearch.gateway] [node_t1] [test][0] fetching [shard_store] from [YucHs-5XRNO-JChWAzIIZg, 9i0gKojbTKKnv4dUyhJboA]
[2016-04-18 03:03:36,361][TRACE][org.elasticsearch.gateway] [node_t1] [test][0], node[null], [R], v[8], s[UNASSIGNED], unassigned_info[[reason=NODE_LEFT], at[2016-04-18T07:03:36.339Z], details[node_left[zpsanQF7R4u6zEfa6p-Xfw]]]: ignoring allocation, still fetching shard stores
[2016-04-18 03:03:36,361][TRACE][org.elasticsearch.gateway] [node_t1] [test][1] fetching [shard_store] from [9i0gKojbTKKnv4dUyhJboA, YucHs-5XRNO-JChWAzIIZg]
[2016-04-18 03:03:36,361][TRACE][org.elasticsearch.gateway] [node_t1] [test][1], node[null], [R], v[8], s[UNASSIGNED], unassigned_info[[reason=NODE_LEFT], at[2016-04-18T07:03:36.339Z], details[node_left[zpsanQF7R4u6zEfa6p-Xfw]]]: ignoring allocation, still fetching shard stores
[2016-04-18 03:03:36,361][TRACE][org.elasticsearch.gateway] [node_t1] [test][5] fetching [shard_store] from [YucHs-5XRNO-JChWAzIIZg, 9i0gKojbTKKnv4dUyhJboA]
[2016-04-18 03:03:36,361][TRACE][org.elasticsearch.gateway] [node_t1] [test][5], node[null], [R], v[8], s[UNASSIGNED], unassigned_info[[reason=NODE_LEFT], at[2016-04-18T07:03:36.339Z], details[node_left[zpsanQF7R4u6zEfa6p-Xfw]]]: ignoring allocation, still fetching shard stores
[2016-04-18 03:03:36,361][TRACE][org.elasticsearch.gateway] [node_t1] [test][8] fetching [shard_store] from [YucHs-5XRNO-JChWAzIIZg, 9i0gKojbTKKnv4dUyhJboA]
[2016-04-18 03:03:36,362][TRACE][org.elasticsearch.gateway] [node_t1] [test][8], node[null], [R], v[9], s[UNASSIGNED], unassigned_info[[reason=NODE_LEFT], at[2016-04-18T07:03:36.339Z], details[node_left[zpsanQF7R4u6zEfa6p-Xfw]]]: ignoring allocation, still fetching shard stores
[2016-04-18 03:03:36,362][TRACE][org.elasticsearch.gateway] [node_t1] [test][2] fetching [shard_store] from [YucHs-5XRNO-JChWAzIIZg, 9i0gKojbTKKnv4dUyhJboA]
[2016-04-18 03:03:36,362][TRACE][org.elasticsearch.gateway] [node_t1] [test][2], node[null], [R], v[8], s[UNASSIGNED], unassigned_info[[reason=NODE_LEFT], at[2016-04-18T07:03:36.339Z], details[node_left[zpsanQF7R4u6zEfa6p-Xfw]]]: ignoring allocation, still fetching shard stores
[2016-04-18 03:03:36,362][TRACE][org.elasticsearch.gateway] [node_t1] [test][3] fetching [shard_store] from [YucHs-5XRNO-JChWAzIIZg, 9i0gKojbTKKnv4dUyhJboA]
[2016-04-18 03:03:36,362][TRACE][org.elasticsearch.gateway] [node_t1] [test][3], node[null], [R], v[8], s[UNASSIGNED], unassigned_info[[reason=NODE_LEFT], at[2016-04-18T07:03:36.339Z], details[node_left[zpsanQF7R4u6zEfa6p-Xfw]]]: ignoring allocation, still fetching shard stores
[2016-04-18 03:03:36,362][DEBUG][org.elasticsearch.cluster.service] [node_t1] processing [cluster_reroute(post_node_add)]: took 2ms no change in cluster_state
[2016-04-18 03:03:36,362][TRACE][org.elasticsearch.cluster.service] [node_t1] will process [cluster_health (wait_for_events [LANGUID])]
[2016-04-18 03:03:36,362][DEBUG][org.elasticsearch.cluster.service] [node_t1] processing [cluster_health (wait_for_events [LANGUID])]: execute
[2016-04-18 03:03:36,362][DEBUG][org.elasticsearch.cluster.service] [node_t1] processing [cluster_health (wait_for_events [LANGUID])]: took 0s no change in cluster_state
[2016-04-18 03:03:36,364][TRACE][org.elasticsearch.gateway] [node_t1] [test][7] processing fetched [shard_store] results
[2016-04-18 03:03:36,364][TRACE][org.elasticsearch.gateway] [node_t1] [test][7] marking YucHs-5XRNO-JChWAzIIZg as done for [shard_store]
[2016-04-18 03:03:36,364][TRACE][org.elasticsearch.gateway] [node_t1] [test][7] marking 9i0gKojbTKKnv4dUyhJboA as done for [shard_store]
[2016-04-18 03:03:36,364][TRACE][org.elasticsearch.gateway] [node_t1] [test][7] scheduling reroute for post_response
[2016-04-18 03:03:36,365][TRACE][org.elasticsearch.cluster.service] [node_t1] will process [cluster_reroute(async_shard_fetch)]
[2016-04-18 03:03:36,365][TRACE][org.elasticsearch.gateway] [node_t1] [test][4] processing fetched [shard_store] results
[2016-04-18 03:03:36,365][DEBUG][org.elasticsearch.cluster.service] [node_t1] processing [cluster_reroute(async_shard_fetch)]: execute
[2016-04-18 03:03:36,365][TRACE][org.elasticsearch.gateway] [node_t1] [test][4] marking YucHs-5XRNO-JChWAzIIZg as done for [shard_store]
[2016-04-18 03:03:36,365][TRACE][org.elasticsearch.gateway] [node_t1] [test][4] marking 9i0gKojbTKKnv4dUyhJboA as done for [shard_store]
[2016-04-18 03:03:36,365][TRACE][org.elasticsearch.gateway] [node_t1] [test][4] scheduling reroute for post_response
[2016-04-18 03:03:36,365][TRACE][org.elasticsearch.gateway] [node_t1] [test][3], node[null], [R], v[8], s[UNASSIGNED], unassigned_info[[reason=NODE_LEFT], at[2016-04-18T07:03:36.339Z], details[node_left[zpsanQF7R4u6zEfa6p-Xfw]]]: ignoring allocation, still fetching shard stores
[2016-04-18 03:03:36,365][TRACE][org.elasticsearch.gateway] [node_t1] [test][0], node[null], [R], v[8], s[UNASSIGNED], unassigned_info[[reason=NODE_LEFT], at[2016-04-18T07:03:36.339Z], details[node_left[zpsanQF7R4u6zEfa6p-Xfw]]]: ignoring allocation, still fetching shard stores
[2016-04-18 03:03:36,365][TRACE][org.elasticsearch.gateway] [node_t1] [test][2], node[null], [R], v[8], s[UNASSIGNED], unassigned_info[[reason=NODE_LEFT], at[2016-04-18T07:03:36.339Z], details[node_left[zpsanQF7R4u6zEfa6p-Xfw]]]: ignoring allocation, still fetching shard stores
[2016-04-18 03:03:36,365][TRACE][org.elasticsearch.gateway] [node_t1] [test][8], node[null], [R], v[9], s[UNASSIGNED], unassigned_info[[reason=NODE_LEFT], at[2016-04-18T07:03:36.339Z], details[node_left[zpsanQF7R4u6zEfa6p-Xfw]]]: ignoring allocation, still fetching shard stores
[2016-04-18 03:03:36,365][TRACE][org.elasticsearch.gateway] [node_t1] [test][5], node[null], [R], v[8], s[UNASSIGNED], unassigned_info[[reason=NODE_LEFT], at[2016-04-18T07:03:36.339Z], details[node_left[zpsanQF7R4u6zEfa6p-Xfw]]]: ignoring allocation, still fetching shard stores
[2016-04-18 03:03:36,365][TRACE][org.elasticsearch.gateway] [node_t1] [test][7], node[null], [R], v[8], s[UNASSIGNED], unassigned_info[[reason=NODE_LEFT], at[2016-04-18T07:03:36.339Z], details[node_left[zpsanQF7R4u6zEfa6p-Xfw]]]: node [node_t3] has [2.9kb/3034] bytes of re-usable data
[2016-04-18 03:03:36,365][DEBUG][org.elasticsearch.gateway] [node_t1] [test][7]: allocating [[test][7], node[null], [R], v[8], s[UNASSIGNED], unassigned_info[[reason=NODE_LEFT], at[2016-04-18T07:03:36.339Z], details[node_left[zpsanQF7R4u6zEfa6p-Xfw]]]] to [{node_t3}{9i0gKojbTKKnv4dUyhJboA}{127.0.0.1}{127.0.0.1:9440}[mode=>network]] in order to reuse its unallocated persistent store
[2016-04-18 03:03:36,365][TRACE][org.elasticsearch.gateway] [node_t1] [test][6], node[null], [R], v[9], s[UNASSIGNED], unassigned_info[[reason=NODE_LEFT], at[2016-04-18T07:03:36.339Z], details[node_left[zpsanQF7R4u6zEfa6p-Xfw]]]: ignoring allocation, still fetching shard stores
[2016-04-18 03:03:36,366][TRACE][org.elasticsearch.gateway] [node_t1] [test][4], node[null], [R], v[8], s[UNASSIGNED], unassigned_info[[reason=NODE_LEFT], at[2016-04-18T07:03:36.339Z], details[node_left[zpsanQF7R4u6zEfa6p-Xfw]]]: node [node_t3] has [3.1kb/3189] bytes of re-usable data
[2016-04-18 03:03:36,366][DEBUG][org.elasticsearch.gateway] [node_t1] [test][4]: allocating [[test][4], node[null], [R], v[8], s[UNASSIGNED], unassigned_info[[reason=NODE_LEFT], at[2016-04-18T07:03:36.339Z], details[node_left[zpsanQF7R4u6zEfa6p-Xfw]]]] to [{node_t3}{9i0gKojbTKKnv4dUyhJboA}{127.0.0.1}{127.0.0.1:9440}[mode=>network]] in order to reuse its unallocated persistent store
[2016-04-18 03:03:36,366][TRACE][org.elasticsearch.gateway] [node_t1] [test][1], node[null], [R], v[8], s[UNASSIGNED], unassigned_info[[reason=NODE_LEFT], at[2016-04-18T07:03:36.339Z], details[node_left[zpsanQF7R4u6zEfa6p-Xfw]]]: ignoring allocation, still fetching shard stores
[2016-04-18 03:03:36,366][TRACE][org.elasticsearch.cluster.service] [node_t1] cluster state updated, source [cluster_reroute(async_shard_fetch)]
version: 27
state uuid: HmxhoALOTBeHhx5Pn_SL7g
from_diff: false
meta data version: 23
nodes: 
   {node_t3}{9i0gKojbTKKnv4dUyhJboA}{127.0.0.1}{127.0.0.1:9440}[mode=>network]
   {node_t1}{YucHs-5XRNO-JChWAzIIZg}{127.0.0.1}{127.0.0.1:9441}[mode=>network], local, master
routing_table (version 25):
-- index [test]
----shard_id [test][0]
--------[test][0], node[YucHs-5XRNO-JChWAzIIZg], [P], v[8], s[STARTED], a[id=Z8oM2vxwSmiUDNdNNYmYpA]
--------[test][0], node[null], [R], v[8], s[UNASSIGNED], unassigned_info[[reason=NODE_LEFT], at[2016-04-18T07:03:36.339Z], details[node_left[zpsanQF7R4u6zEfa6p-Xfw]]]
----shard_id [test][1]
--------[test][1], node[YucHs-5XRNO-JChWAzIIZg], [P], v[8], s[STARTED], a[id=skolItfmTI6mUEyBLn-4fA]
--------[test][1], node[null], [R], v[8], s[UNASSIGNED], unassigned_info[[reason=NODE_LEFT], at[2016-04-18T07:03:36.339Z], details[node_left[zpsanQF7R4u6zEfa6p-Xfw]]]
----shard_id [test][2]
--------[test][2], node[YucHs-5XRNO-JChWAzIIZg], [P], v[8], s[STARTED], a[id=RNqthUztR6-DqnLRLToD-Q]
--------[test][2], node[null], [R], v[8], s[UNASSIGNED], unassigned_info[[reason=NODE_LEFT], at[2016-04-18T07:03:36.339Z], details[node_left[zpsanQF7R4u6zEfa6p-Xfw]]]
----shard_id [test][3]
--------[test][3], node[YucHs-5XRNO-JChWAzIIZg], [P], v[8], s[STARTED], a[id=_WxhJCFGSNa0eq_monQ5AA]
--------[test][3], node[null], [R], v[8], s[UNASSIGNED], unassigned_info[[reason=NODE_LEFT], at[2016-04-18T07:03:36.339Z], details[node_left[zpsanQF7R4u6zEfa6p-Xfw]]]
----shard_id [test][4]
--------[test][4], node[YucHs-5XRNO-JChWAzIIZg], [P], v[9], s[STARTED], a[id=0erPpWShQUWr0fCKxTfoYQ]
--------[test][4], node[9i0gKojbTKKnv4dUyhJboA], [R], v[9], s[INITIALIZING], a[id=r4_hKa0OQ8Whl7TIkPsQ5Q], unassigned_info[[reason=NODE_LEFT], at[2016-04-18T07:03:36.339Z], details[node_left[zpsanQF7R4u6zEfa6p-Xfw]]]
----shard_id [test][5]
--------[test][5], node[YucHs-5XRNO-JChWAzIIZg], [P], v[8], s[STARTED], a[id=4B5yVDeUTpe5-44KssB7xg]
--------[test][5], node[null], [R], v[8], s[UNASSIGNED], unassigned_info[[reason=NODE_LEFT], at[2016-04-18T07:03:36.339Z], details[node_left[zpsanQF7R4u6zEfa6p-Xfw]]]
----shard_id [test][6]
--------[test][6], node[YucHs-5XRNO-JChWAzIIZg], [P], v[9], s[STARTED], a[id=lhxXACDDRmi5eofyvUh5ww]
--------[test][6], node[null], [R], v[9], s[UNASSIGNED], unassigned_info[[reason=NODE_LEFT], at[2016-04-18T07:03:36.339Z], details[node_left[zpsanQF7R4u6zEfa6p-Xfw]]]
----shard_id [test][7]
--------[test][7], node[YucHs-5XRNO-JChWAzIIZg], [P], v[9], s[STARTED], a[id=_q3o1C7eRoG3whwcdLSwbQ]
--------[test][7], node[9i0gKojbTKKnv4dUyhJboA], [R], v[9], s[INITIALIZING], a[id=xzoJ4qzdR2eAQ-WKqIVOVg], unassigned_info[[reason=NODE_LEFT], at[2016-04-18T07:03:36.339Z], details[node_left[zpsanQF7R4u6zEfa6p-Xfw]]]
----shard_id [test][8]
--------[test][8], node[YucHs-5XRNO-JChWAzIIZg], [P], v[9], s[STARTED], a[id=uERXgJeHSeixZcO4CmIKeQ]
--------[test][8], node[null], [R], v[9], s[UNASSIGNED], unassigned_info[[reason=NODE_LEFT], at[2016-04-18T07:03:36.339Z], details[node_left[zpsanQF7R4u6zEfa6p-Xfw]]]

routing_nodes:
-----node_id[YucHs-5XRNO-JChWAzIIZg][V]
--------[test][2], node[YucHs-5XRNO-JChWAzIIZg], [P], v[8], s[STARTED], a[id=RNqthUztR6-DqnLRLToD-Q]
--------[test][4], node[YucHs-5XRNO-JChWAzIIZg], [P], v[9], s[STARTED], a[id=0erPpWShQUWr0fCKxTfoYQ]
--------[test][8], node[YucHs-5XRNO-JChWAzIIZg], [P], v[9], s[STARTED], a[id=uERXgJeHSeixZcO4CmIKeQ]
--------[test][6], node[YucHs-5XRNO-JChWAzIIZg], [P], v[9], s[STARTED], a[id=lhxXACDDRmi5eofyvUh5ww]
--------[test][5], node[YucHs-5XRNO-JChWAzIIZg], [P], v[8], s[STARTED], a[id=4B5yVDeUTpe5-44KssB7xg]
--------[test][7], node[YucHs-5XRNO-JChWAzIIZg], [P], v[9], s[STARTED], a[id=_q3o1C7eRoG3whwcdLSwbQ]
--------[test][3], node[YucHs-5XRNO-JChWAzIIZg], [P], v[8], s[STARTED], a[id=_WxhJCFGSNa0eq_monQ5AA]
--------[test][1], node[YucHs-5XRNO-JChWAzIIZg], [P], v[8], s[STARTED], a[id=skolItfmTI6mUEyBLn-4fA]
--------[test][0], node[YucHs-5XRNO-JChWAzIIZg], [P], v[8], s[STARTED], a[id=Z8oM2vxwSmiUDNdNNYmYpA]
-----node_id[9i0gKojbTKKnv4dUyhJboA][V]
--------[test][4], node[9i0gKojbTKKnv4dUyhJboA], [R], v[9], s[INITIALIZING], a[id=r4_hKa0OQ8Whl7TIkPsQ5Q], unassigned_info[[reason=NODE_LEFT], at[2016-04-18T07:03:36.339Z], details[node_left[zpsanQF7R4u6zEfa6p-Xfw]]]
--------[test][7], node[9i0gKojbTKKnv4dUyhJboA], [R], v[9], s[INITIALIZING], a[id=xzoJ4qzdR2eAQ-WKqIVOVg], unassigned_info[[reason=NODE_LEFT], at[2016-04-18T07:03:36.339Z], details[node_left[zpsanQF7R4u6zEfa6p-Xfw]]]
---- unassigned
--------[test][2], node[null], [R], v[8], s[UNASSIGNED], unassigned_info[[reason=NODE_LEFT], at[2016-04-18T07:03:36.339Z], details[node_left[zpsanQF7R4u6zEfa6p-Xfw]]]
--------[test][8], node[null], [R], v[9], s[UNASSIGNED], unassigned_info[[reason=NODE_LEFT], at[2016-04-18T07:03:36.339Z], details[node_left[zpsanQF7R4u6zEfa6p-Xfw]]]
--------[test][6], node[null], [R], v[9], s[UNASSIGNED], unassigned_info[[reason=NODE_LEFT], at[2016-04-18T07:03:36.339Z], details[node_left[zpsanQF7R4u6zEfa6p-Xfw]]]
--------[test][5], node[null], [R], v[8], s[UNASSIGNED], unassigned_info[[reason=NODE_LEFT], at[2016-04-18T07:03:36.339Z], details[node_left[zpsanQF7R4u6zEfa6p-Xfw]]]
--------[test][3], node[null], [R], v[8], s[UNASSIGNED], unassigned_info[[reason=NODE_LEFT], at[2016-04-18T07:03:36.339Z], details[node_left[zpsanQF7R4u6zEfa6p-Xfw]]]
--------[test][1], node[null], [R], v[8], s[UNASSIGNED], unassigned_info[[reason=NODE_LEFT], at[2016-04-18T07:03:36.339Z], details[node_left[zpsanQF7R4u6zEfa6p-Xfw]]]
--------[test][0], node[null], [R], v[8], s[UNASSIGNED], unassigned_info[[reason=NODE_LEFT], at[2016-04-18T07:03:36.339Z], details[node_left[zpsanQF7R4u6zEfa6p-Xfw]]]

[2016-04-18 03:03:36,367][DEBUG][org.elasticsearch.cluster.service] [node_t1] publishing cluster state version [27]
[2016-04-18 03:03:36,367][TRACE][org.elasticsearch.gateway] [node_t1] [test][0] processing fetched [shard_store] results
[2016-04-18 03:03:36,367][TRACE][org.elasticsearch.gateway] [node_t1] [test][6] processing fetched [shard_store] results
[2016-04-18 03:03:36,367][TRACE][org.elasticsearch.gateway] [node_t1] [test][6] marking 9i0gKojbTKKnv4dUyhJboA as done for [shard_store]
[2016-04-18 03:03:36,367][TRACE][org.elasticsearch.gateway] [node_t1] [test][0] marking YucHs-5XRNO-JChWAzIIZg as done for [shard_store]
[2016-04-18 03:03:36,367][TRACE][org.elasticsearch.gateway] [node_t1] [test][6] marking YucHs-5XRNO-JChWAzIIZg as done for [shard_store]
[2016-04-18 03:03:36,367][TRACE][org.elasticsearch.gateway] [node_t1] [test][0] marking 9i0gKojbTKKnv4dUyhJboA as done for [shard_store]
[2016-04-18 03:03:36,367][TRACE][org.elasticsearch.gateway] [node_t1] [test][6] scheduling reroute for post_response
[2016-04-18 03:03:36,367][TRACE][org.elasticsearch.gateway] [node_t1] [test][0] scheduling reroute for post_response
[2016-04-18 03:03:36,367][TRACE][org.elasticsearch.gateway] [node_t1] [test][1] processing fetched [shard_store] results
[2016-04-18 03:03:36,367][TRACE][org.elasticsearch.gateway] [node_t1] [test][1] marking 9i0gKojbTKKnv4dUyhJboA as done for [shard_store]
[2016-04-18 03:03:36,367][TRACE][org.elasticsearch.gateway] [node_t1] [test][2] processing fetched [shard_store] results
[2016-04-18 03:03:36,367][TRACE][org.elasticsearch.gateway] [node_t1] [test][1] marking YucHs-5XRNO-JChWAzIIZg as done for [shard_store]
[2016-04-18 03:03:36,367][TRACE][org.elasticsearch.gateway] [node_t1] [test][2] marking YucHs-5XRNO-JChWAzIIZg as done for [shard_store]
[2016-04-18 03:03:36,367][TRACE][org.elasticsearch.gateway] [node_t1] [test][1] scheduling reroute for post_response
[2016-04-18 03:03:36,367][DEBUG][org.elasticsearch.discovery.zen.publish] [node_t3] received diff cluster state version [27] with uuid [HmxhoALOTBeHhx5Pn_SL7g], diff size [565]
[2016-04-18 03:03:36,367][TRACE][org.elasticsearch.gateway] [node_t1] [test][2] marking 9i0gKojbTKKnv4dUyhJboA as done for [shard_store]
[2016-04-18 03:03:36,367][TRACE][org.elasticsearch.gateway] [node_t1] [test][2] scheduling reroute for post_response
[2016-04-18 03:03:36,367][TRACE][org.elasticsearch.gateway] [node_t1] [test][8] processing fetched [shard_store] results
[2016-04-18 03:03:36,367][TRACE][org.elasticsearch.gateway] [node_t1] [test][8] marking YucHs-5XRNO-JChWAzIIZg as done for [shard_store]
[2016-04-18 03:03:36,367][TRACE][org.elasticsearch.gateway] [node_t1] [test][5] processing fetched [shard_store] results
[2016-04-18 03:03:36,367][TRACE][org.elasticsearch.gateway] [node_t1] [test][8] marking 9i0gKojbTKKnv4dUyhJboA as done for [shard_store]
[2016-04-18 03:03:36,367][TRACE][org.elasticsearch.gateway] [node_t1] [test][5] marking YucHs-5XRNO-JChWAzIIZg as done for [shard_store]
[2016-04-18 03:03:36,368][TRACE][org.elasticsearch.gateway] [node_t1] [test][8] scheduling reroute for post_response
[2016-04-18 03:03:36,368][TRACE][org.elasticsearch.gateway] [node_t1] [test][5] marking 9i0gKojbTKKnv4dUyhJboA as done for [shard_store]
[2016-04-18 03:03:36,368][TRACE][org.elasticsearch.gateway] [node_t1] [test][5] scheduling reroute for post_response
[2016-04-18 03:03:36,368][TRACE][org.elasticsearch.discovery.zen.publish] [node_t1] master node {node_t3}{9i0gKojbTKKnv4dUyhJboA}{127.0.0.1}{127.0.0.1:9440}[mode=>network] acked cluster state version [27]. processing ... (current pending [1], needed [1])
[2016-04-18 03:03:36,368][TRACE][org.elasticsearch.discovery.zen.publish] [node_t1] committing version [27]
[2016-04-18 03:03:36,368][TRACE][org.elasticsearch.discovery.zen.publish] [node_t1] sending commit for cluster state (uuid: [HmxhoALOTBeHhx5Pn_SL7g], version [27]) to [{node_t3}{9i0gKojbTKKnv4dUyhJboA}{127.0.0.1}{127.0.0.1:9440}[mode=>network]]
[2016-04-18 03:03:36,368][TRACE][org.elasticsearch.cluster.service] [node_t3] will process [zen-disco-receive(from master [master {node_t1}{YucHs-5XRNO-JChWAzIIZg}{127.0.0.1}{127.0.0.1:9441}[mode=>network] committed version [27]])]
[2016-04-18 03:03:36,368][DEBUG][org.elasticsearch.cluster.service] [node_t3] processing [zen-disco-receive(from master [master {node_t1}{YucHs-5XRNO-JChWAzIIZg}{127.0.0.1}{127.0.0.1:9441}[mode=>network] committed version [27]])]: execute
[2016-04-18 03:03:36,368][TRACE][org.elasticsearch.cluster.service] [node_t3] cluster state updated, source [zen-disco-receive(from master [master {node_t1}{YucHs-5XRNO-JChWAzIIZg}{127.0.0.1}{127.0.0.1:9441}[mode=>network] committed version [27]])]
version: 27
state uuid: HmxhoALOTBeHhx5Pn_SL7g
from_diff: false
meta data version: 23
nodes: 
   {node_t3}{9i0gKojbTKKnv4dUyhJboA}{127.0.0.1}{127.0.0.1:9440}[mode=>network], local
   {node_t1}{YucHs-5XRNO-JChWAzIIZg}{127.0.0.1}{127.0.0.1:9441}[mode=>network], master
routing_table (version 25):
-- index [test]
----shard_id [test][0]
--------[test][0], node[YucHs-5XRNO-JChWAzIIZg], [P], v[8], s[STARTED], a[id=Z8oM2vxwSmiUDNdNNYmYpA]
--------[test][0], node[null], [R], v[8], s[UNASSIGNED], unassigned_info[[reason=NODE_LEFT], at[2016-04-18T07:03:36.339Z], details[node_left[zpsanQF7R4u6zEfa6p-Xfw]]]
----shard_id [test][1]
--------[test][1], node[YucHs-5XRNO-JChWAzIIZg], [P], v[8], s[STARTED], a[id=skolItfmTI6mUEyBLn-4fA]
--------[test][1], node[null], [R], v[8], s[UNASSIGNED], unassigned_info[[reason=NODE_LEFT], at[2016-04-18T07:03:36.339Z], details[node_left[zpsanQF7R4u6zEfa6p-Xfw]]]
----shard_id [test][2]
--------[test][2], node[YucHs-5XRNO-JChWAzIIZg], [P], v[8], s[STARTED], a[id=RNqthUztR6-DqnLRLToD-Q]
--------[test][2], node[null], [R], v[8], s[UNASSIGNED], unassigned_info[[reason=NODE_LEFT], at[2016-04-18T07:03:36.339Z], details[node_left[zpsanQF7R4u6zEfa6p-Xfw]]]
----shard_id [test][3]
--------[test][3], node[YucHs-5XRNO-JChWAzIIZg], [P], v[8], s[STARTED], a[id=_WxhJCFGSNa0eq_monQ5AA]
--------[test][3], node[null], [R], v[8], s[UNASSIGNED], unassigned_info[[reason=NODE_LEFT], at[2016-04-18T07:03:36.339Z], details[node_left[zpsanQF7R4u6zEfa6p-Xfw]]]
----shard_id [test][4]
--------[test][4], node[YucHs-5XRNO-JChWAzIIZg], [P], v[9], s[STARTED], a[id=0erPpWShQUWr0fCKxTfoYQ]
--------[test][4], node[9i0gKojbTKKnv4dUyhJboA], [R], v[9], s[INITIALIZING], a[id=r4_hKa0OQ8Whl7TIkPsQ5Q], unassigned_info[[reason=NODE_LEFT], at[2016-04-18T07:03:36.339Z], details[node_left[zpsanQF7R4u6zEfa6p-Xfw]]]
----shard_id [test][5]
--------[test][5], node[YucHs-5XRNO-JChWAzIIZg], [P], v[8], s[STARTED], a[id=4B5yVDeUTpe5-44KssB7xg]
--------[test][5], node[null], [R], v[8], s[UNASSIGNED], unassigned_info[[reason=NODE_LEFT], at[2016-04-18T07:03:36.339Z], details[node_left[zpsanQF7R4u6zEfa6p-Xfw]]]
----shard_id [test][6]
--------[test][6], node[YucHs-5XRNO-JChWAzIIZg], [P], v[9], s[STARTED], a[id=lhxXACDDRmi5eofyvUh5ww]
--------[test][6], node[null], [R], v[9], s[UNASSIGNED], unassigned_info[[reason=NODE_LEFT], at[2016-04-18T07:03:36.339Z], details[node_left[zpsanQF7R4u6zEfa6p-Xfw]]]
----shard_id [test][7]
--------[test][7], node[YucHs-5XRNO-JChWAzIIZg], [P], v[9], s[STARTED], a[id=_q3o1C7eRoG3whwcdLSwbQ]
--------[test][7], node[9i0gKojbTKKnv4dUyhJboA], [R], v[9], s[INITIALIZING], a[id=xzoJ4qzdR2eAQ-WKqIVOVg], unassigned_info[[reason=NODE_LEFT], at[2016-04-18T07:03:36.339Z], details[node_left[zpsanQF7R4u6zEfa6p-Xfw]]]
----shard_id [test][8]
--------[test][8], node[YucHs-5XRNO-JChWAzIIZg], [P], v[9], s[STARTED], a[id=uERXgJeHSeixZcO4CmIKeQ]
--------[test][8], node[null], [R], v[9], s[UNASSIGNED], unassigned_info[[reason=NODE_LEFT], at[2016-04-18T07:03:36.339Z], details[node_left[zpsanQF7R4u6zEfa6p-Xfw]]]

routing_nodes:
-----node_id[YucHs-5XRNO-JChWAzIIZg][V]
--------[test][4], node[YucHs-5XRNO-JChWAzIIZg], [P], v[9], s[STARTED], a[id=0erPpWShQUWr0fCKxTfoYQ]
--------[test][6], node[YucHs-5XRNO-JChWAzIIZg], [P], v[9], s[STARTED], a[id=lhxXACDDRmi5eofyvUh5ww]
--------[test][1], node[YucHs-5XRNO-JChWAzIIZg], [P], v[8], s[STARTED], a[id=skolItfmTI6mUEyBLn-4fA]
--------[test][3], node[YucHs-5XRNO-JChWAzIIZg], [P], v[8], s[STARTED], a[id=_WxhJCFGSNa0eq_monQ5AA]
--------[test][5], node[YucHs-5XRNO-JChWAzIIZg], [P], v[8], s[STARTED], a[id=4B5yVDeUTpe5-44KssB7xg]
--------[test][8], node[YucHs-5XRNO-JChWAzIIZg], [P], v[9], s[STARTED], a[id=uERXgJeHSeixZcO4CmIKeQ]
--------[test][7], node[YucHs-5XRNO-JChWAzIIZg], [P], v[9], s[STARTED], a[id=_q3o1C7eRoG3whwcdLSwbQ]
--------[test][2], node[YucHs-5XRNO-JChWAzIIZg], [P], v[8], s[STARTED], a[id=RNqthUztR6-DqnLRLToD-Q]
--------[test][0], node[YucHs-5XRNO-JChWAzIIZg], [P], v[8], s[STARTED], a[id=Z8oM2vxwSmiUDNdNNYmYpA]
-----node_id[9i0gKojbTKKnv4dUyhJboA][V]
--------[test][4], node[9i0gKojbTKKnv4dUyhJboA], [R], v[9], s[INITIALIZING], a[id=r4_hKa0OQ8Whl7TIkPsQ5Q], unassigned_info[[reason=NODE_LEFT], at[2016-04-18T07:03:36.339Z], details[node_left[zpsanQF7R4u6zEfa6p-Xfw]]]
--------[test][7], node[9i0gKojbTKKnv4dUyhJboA], [R], v[9], s[INITIALIZING], a[id=xzoJ4qzdR2eAQ-WKqIVOVg], unassigned_info[[reason=NODE_LEFT], at[2016-04-18T07:03:36.339Z], details[node_left[zpsanQF7R4u6zEfa6p-Xfw]]]
---- unassigned
--------[test][6], node[null], [R], v[9], s[UNASSIGNED], unassigned_info[[reason=NODE_LEFT], at[2016-04-18T07:03:36.339Z], details[node_left[zpsanQF7R4u6zEfa6p-Xfw]]]
--------[test][1], node[null], [R], v[8], s[UNASSIGNED], unassigned_info[[reason=NODE_LEFT], at[2016-04-18T07:03:36.339Z], details[node_left[zpsanQF7R4u6zEfa6p-Xfw]]]
--------[test][3], node[null], [R], v[8], s[UNASSIGNED], unassigned_info[[reason=NODE_LEFT], at[2016-04-18T07:03:36.339Z], details[node_left[zpsanQF7R4u6zEfa6p-Xfw]]]
--------[test][5], node[null], [R], v[8], s[UNASSIGNED], unassigned_info[[reason=NODE_LEFT], at[2016-04-18T07:03:36.339Z], details[node_left[zpsanQF7R4u6zEfa6p-Xfw]]]
--------[test][8], node[null], [R], v[9], s[UNASSIGNED], unassigned_info[[reason=NODE_LEFT], at[2016-04-18T07:03:36.339Z], details[node_left[zpsanQF7R4u6zEfa6p-Xfw]]]
--------[test][2], node[null], [R], v[8], s[UNASSIGNED], unassigned_info[[reason=NODE_LEFT], at[2016-04-18T07:03:36.339Z], details[node_left[zpsanQF7R4u6zEfa6p-Xfw]]]
--------[test][0], node[null], [R], v[8], s[UNASSIGNED], unassigned_info[[reason=NODE_LEFT], at[2016-04-18T07:03:36.339Z], details[node_left[zpsanQF7R4u6zEfa6p-Xfw]]]

[2016-04-18 03:03:36,368][TRACE][org.elasticsearch.gateway] [node_t1] [test][3] processing fetched [shard_store] results
[2016-04-18 03:03:36,369][DEBUG][org.elasticsearch.cluster.service] [node_t3] set local cluster state to version 27
[2016-04-18 03:03:36,369][TRACE][org.elasticsearch.gateway] [node_t1] [test][3] marking YucHs-5XRNO-JChWAzIIZg as done for [shard_store]
[2016-04-18 03:03:36,369][TRACE][org.elasticsearch.gateway] [node_t1] [test][3] marking 9i0gKojbTKKnv4dUyhJboA as done for [shard_store]
[2016-04-18 03:03:36,369][TRACE][org.elasticsearch.gateway] [node_t1] [test][3] scheduling reroute for post_response
[2016-04-18 03:03:36,375][DEBUG][org.elasticsearch.cluster.service] [node_t3] processing [zen-disco-receive(from master [master {node_t1}{YucHs-5XRNO-JChWAzIIZg}{127.0.0.1}{127.0.0.1:9441}[mode=>network] committed version [27]])]: took 6ms done applying updated cluster_state (version: 27, uuid: HmxhoALOTBeHhx5Pn_SL7g)
[2016-04-18 03:03:36,375][DEBUG][org.elasticsearch.cluster.service] [node_t1] set local cluster state to version 27
[2016-04-18 03:03:36,379][DEBUG][org.elasticsearch.cluster.service] [node_t1] processing [cluster_reroute(async_shard_fetch)]: took 14ms done applying updated cluster_state (version: 27, uuid: HmxhoALOTBeHhx5Pn_SL7g)
[2016-04-18 03:03:36,379][TRACE][org.elasticsearch.cluster.service] [node_t1] will process [cluster_reroute(async_shard_fetch)]
[2016-04-18 03:03:36,379][DEBUG][org.elasticsearch.cluster.service] [node_t1] processing [cluster_reroute(async_shard_fetch)]: execute
[2016-04-18 03:03:36,379][TRACE][org.elasticsearch.gateway] [node_t1] [test][6], node[null], [R], v[9], s[UNASSIGNED], unassigned_info[[reason=NODE_LEFT], at[2016-04-18T07:03:36.339Z], details[node_left[zpsanQF7R4u6zEfa6p-Xfw]]]: node [node_t3] has [2.9kb/3037] bytes of re-usable data
[2016-04-18 03:03:36,379][DEBUG][org.elasticsearch.gateway] [node_t1] [test][6]: allocating [[test][6], node[null], [R], v[9], s[UNASSIGNED], unassigned_info[[reason=NODE_LEFT], at[2016-04-18T07:03:36.339Z], details[node_left[zpsanQF7R4u6zEfa6p-Xfw]]]] to [{node_t3}{9i0gKojbTKKnv4dUyhJboA}{127.0.0.1}{127.0.0.1:9440}[mode=>network]] in order to reuse its unallocated persistent store
[2016-04-18 03:03:36,379][TRACE][org.elasticsearch.gateway] [node_t1] [test][1], node[null], [R], v[8], s[UNASSIGNED], unassigned_info[[reason=NODE_LEFT], at[2016-04-18T07:03:36.339Z], details[node_left[zpsanQF7R4u6zEfa6p-Xfw]]]: ignoring allocation, can't be allocated on any node
[2016-04-18 03:03:36,379][TRACE][org.elasticsearch.gateway] [node_t1] [test][0], node[null], [R], v[8], s[UNASSIGNED], unassigned_info[[reason=NODE_LEFT], at[2016-04-18T07:03:36.339Z], details[node_left[zpsanQF7R4u6zEfa6p-Xfw]]]: ignoring allocation, can't be allocated on any node
[2016-04-18 03:03:36,380][TRACE][org.elasticsearch.gateway] [node_t1] [test][8], node[null], [R], v[9], s[UNASSIGNED], unassigned_info[[reason=NODE_LEFT], at[2016-04-18T07:03:36.339Z], details[node_left[zpsanQF7R4u6zEfa6p-Xfw]]]: ignoring allocation, can't be allocated on any node
[2016-04-18 03:03:36,380][TRACE][org.elasticsearch.gateway] [node_t1] [test][5], node[null], [R], v[8], s[UNASSIGNED], unassigned_info[[reason=NODE_LEFT], at[2016-04-18T07:03:36.339Z], details[node_left[zpsanQF7R4u6zEfa6p-Xfw]]]: ignoring allocation, can't be allocated on any node
[2016-04-18 03:03:36,380][TRACE][org.elasticsearch.gateway] [node_t1] [test][3], node[null], [R], v[8], s[UNASSIGNED], unassigned_info[[reason=NODE_LEFT], at[2016-04-18T07:03:36.339Z], details[node_left[zpsanQF7R4u6zEfa6p-Xfw]]]: ignoring allocation, can't be allocated on any node
[2016-04-18 03:03:36,380][TRACE][org.elasticsearch.gateway] [node_t1] [test][2], node[null], [R], v[8], s[UNASSIGNED], unassigned_info[[reason=NODE_LEFT], at[2016-04-18T07:03:36.339Z], details[node_left[zpsanQF7R4u6zEfa6p-Xfw]]]: ignoring allocation, can't be allocated on any node
[2016-04-18 03:03:36,380][TRACE][org.elasticsearch.cluster.service] [node_t1] cluster state updated, source [cluster_reroute(async_shard_fetch)]
version: 28
state uuid: K_9qbQEfTnGq5EgdUitvdg
from_diff: false
meta data version: 23
nodes: 
   {node_t3}{9i0gKojbTKKnv4dUyhJboA}{127.0.0.1}{127.0.0.1:9440}[mode=>network]
   {node_t1}{YucHs-5XRNO-JChWAzIIZg}{127.0.0.1}{127.0.0.1:9441}[mode=>network], local, master
routing_table (version 26):
-- index [test]
----shard_id [test][0]
--------[test][0], node[YucHs-5XRNO-JChWAzIIZg], [P], v[8], s[STARTED], a[id=Z8oM2vxwSmiUDNdNNYmYpA]
--------[test][0], node[null], [R], v[8], s[UNASSIGNED], unassigned_info[[reason=NODE_LEFT], at[2016-04-18T07:03:36.339Z], details[node_left[zpsanQF7R4u6zEfa6p-Xfw]]]
----shard_id [test][1]
--------[test][1], node[YucHs-5XRNO-JChWAzIIZg], [P], v[8], s[STARTED], a[id=skolItfmTI6mUEyBLn-4fA]
--------[test][1], node[null], [R], v[8], s[UNASSIGNED], unassigned_info[[reason=NODE_LEFT], at[2016-04-18T07:03:36.339Z], details[node_left[zpsanQF7R4u6zEfa6p-Xfw]]]
----shard_id [test][2]
--------[test][2], node[YucHs-5XRNO-JChWAzIIZg], [P], v[8], s[STARTED], a[id=RNqthUztR6-DqnLRLToD-Q]
--------[test][2], node[null], [R], v[8], s[UNASSIGNED], unassigned_info[[reason=NODE_LEFT], at[2016-04-18T07:03:36.339Z], details[node_left[zpsanQF7R4u6zEfa6p-Xfw]]]
----shard_id [test][3]
--------[test][3], node[YucHs-5XRNO-JChWAzIIZg], [P], v[8], s[STARTED], a[id=_WxhJCFGSNa0eq_monQ5AA]
--------[test][3], node[null], [R], v[8], s[UNASSIGNED], unassigned_info[[reason=NODE_LEFT], at[2016-04-18T07:03:36.339Z], details[node_left[zpsanQF7R4u6zEfa6p-Xfw]]]
----shard_id [test][4]
--------[test][4], node[YucHs-5XRNO-JChWAzIIZg], [P], v[9], s[STARTED], a[id=0erPpWShQUWr0fCKxTfoYQ]
--------[test][4], node[9i0gKojbTKKnv4dUyhJboA], [R], v[9], s[INITIALIZING], a[id=r4_hKa0OQ8Whl7TIkPsQ5Q], unassigned_info[[reason=NODE_LEFT], at[2016-04-18T07:03:36.339Z], details[node_left[zpsanQF7R4u6zEfa6p-Xfw]]]
----shard_id [test][5]
--------[test][5], node[YucHs-5XRNO-JChWAzIIZg], [P], v[8], s[STARTED], a[id=4B5yVDeUTpe5-44KssB7xg]
--------[test][5], node[null], [R], v[8], s[UNASSIGNED], unassigned_info[[reason=NODE_LEFT], at[2016-04-18T07:03:36.339Z], details[node_left[zpsanQF7R4u6zEfa6p-Xfw]]]
----shard_id [test][6]
--------[test][6], node[YucHs-5XRNO-JChWAzIIZg], [P], v[10], s[STARTED], a[id=lhxXACDDRmi5eofyvUh5ww]
--------[test][6], node[9i0gKojbTKKnv4dUyhJboA], [R], v[10], s[INITIALIZING], a[id=32Y2ClVDTXK0JXiScGyd7g], unassigned_info[[reason=NODE_LEFT], at[2016-04-18T07:03:36.339Z], details[node_left[zpsanQF7R4u6zEfa6p-Xfw]]]
----shard_id [test][7]
--------[test][7], node[YucHs-5XRNO-JChWAzIIZg], [P], v[9], s[STARTED], a[id=_q3o1C7eRoG3whwcdLSwbQ]
--------[test][7], node[9i0gKojbTKKnv4dUyhJboA], [R], v[9], s[INITIALIZING], a[id=xzoJ4qzdR2eAQ-WKqIVOVg], unassigned_info[[reason=NODE_LEFT], at[2016-04-18T07:03:36.339Z], details[node_left[zpsanQF7R4u6zEfa6p-Xfw]]]
----shard_id [test][8]
--------[test][8], node[YucHs-5XRNO-JChWAzIIZg], [P], v[9], s[STARTED], a[id=uERXgJeHSeixZcO4CmIKeQ]
--------[test][8], node[null], [R], v[9], s[UNASSIGNED], unassigned_info[[reason=NODE_LEFT], at[2016-04-18T07:03:36.339Z], details[node_left[zpsanQF7R4u6zEfa6p-Xfw]]]

routing_nodes:
-----node_id[YucHs-5XRNO-JChWAzIIZg][V]
--------[test][6], node[YucHs-5XRNO-JChWAzIIZg], [P], v[10], s[STARTED], a[id=lhxXACDDRmi5eofyvUh5ww]
--------[test][1], node[YucHs-5XRNO-JChWAzIIZg], [P], v[8], s[STARTED], a[id=skolItfmTI6mUEyBLn-4fA]
--------[test][3], node[YucHs-5XRNO-JChWAzIIZg], [P], v[8], s[STARTED], a[id=_WxhJCFGSNa0eq_monQ5AA]
--------[test][4], node[YucHs-5XRNO-JChWAzIIZg], [P], v[9], s[STARTED], a[id=0erPpWShQUWr0fCKxTfoYQ]
--------[test][7], node[YucHs-5XRNO-JChWAzIIZg], [P], v[9], s[STARTED], a[id=_q3o1C7eRoG3whwcdLSwbQ]
--------[test][8], node[YucHs-5XRNO-JChWAzIIZg], [P], v[9], s[STARTED], a[id=uERXgJeHSeixZcO4CmIKeQ]
--------[test][5], node[YucHs-5XRNO-JChWAzIIZg], [P], v[8], s[STARTED], a[id=4B5yVDeUTpe5-44KssB7xg]
--------[test][2], node[YucHs-5XRNO-JChWAzIIZg], [P], v[8], s[STARTED], a[id=RNqthUztR6-DqnLRLToD-Q]
--------[test][0], node[YucHs-5XRNO-JChWAzIIZg], [P], v[8], s[STARTED], a[id=Z8oM2vxwSmiUDNdNNYmYpA]
-----node_id[9i0gKojbTKKnv4dUyhJboA][V]
--------[test][6], node[9i0gKojbTKKnv4dUyhJboA], [R], v[10], s[INITIALIZING], a[id=32Y2ClVDTXK0JXiScGyd7g], unassigned_info[[reason=NODE_LEFT], at[2016-04-18T07:03:36.339Z], details[node_left[zpsanQF7R4u6zEfa6p-Xfw]]]
--------[test][4], node[9i0gKojbTKKnv4dUyhJboA], [R], v[9], s[INITIALIZING], a[id=r4_hKa0OQ8Whl7TIkPsQ5Q], unassigned_info[[reason=NODE_LEFT], at[2016-04-18T07:03:36.339Z], details[node_left[zpsanQF7R4u6zEfa6p-Xfw]]]
--------[test][7], node[9i0gKojbTKKnv4dUyhJboA], [R], v[9], s[INITIALIZING], a[id=xzoJ4qzdR2eAQ-WKqIVOVg], unassigned_info[[reason=NODE_LEFT], at[2016-04-18T07:03:36.339Z], details[node_left[zpsanQF7R4u6zEfa6p-Xfw]]]
---- unassigned
--------[test][1], node[null], [R], v[8], s[UNASSIGNED], unassigned_info[[reason=NODE_LEFT], at[2016-04-18T07:03:36.339Z], details[node_left[zpsanQF7R4u6zEfa6p-Xfw]]]
--------[test][3], node[null], [R], v[8], s[UNASSIGNED], unassigned_info[[reason=NODE_LEFT], at[2016-04-18T07:03:36.339Z], details[node_left[zpsanQF7R4u6zEfa6p-Xfw]]]
--------[test][8], node[null], [R], v[9], s[UNASSIGNED], unassigned_info[[reason=NODE_LEFT], at[2016-04-18T07:03:36.339Z], details[node_left[zpsanQF7R4u6zEfa6p-Xfw]]]
--------[test][5], node[null], [R], v[8], s[UNASSIGNED], unassigned_info[[reason=NODE_LEFT], at[2016-04-18T07:03:36.339Z], details[node_left[zpsanQF7R4u6zEfa6p-Xfw]]]
--------[test][2], node[null], [R], v[8], s[UNASSIGNED], unassigned_info[[reason=NODE_LEFT], at[2016-04-18T07:03:36.339Z], details[node_left[zpsanQF7R4u6zEfa6p-Xfw]]]
--------[test][0], node[null], [R], v[8], s[UNASSIGNED], unassigned_info[[reason=NODE_LEFT], at[2016-04-18T07:03:36.339Z], details[node_left[zpsanQF7R4u6zEfa6p-Xfw]]]

[2016-04-18 03:03:36,380][DEBUG][org.elasticsearch.cluster.service] [node_t1] publishing cluster state version [28]
[2016-04-18 03:03:36,381][DEBUG][org.elasticsearch.discovery.zen.publish] [node_t3] received diff cluster state version [28] with uuid [K_9qbQEfTnGq5EgdUitvdg], diff size [592]
[2016-04-18 03:03:36,381][TRACE][org.elasticsearch.discovery.zen.publish] [node_t1] master node {node_t3}{9i0gKojbTKKnv4dUyhJboA}{127.0.0.1}{127.0.0.1:9440}[mode=>network] acked cluster state version [28]. processing ... (current pending [1], needed [1])
[2016-04-18 03:03:36,381][TRACE][org.elasticsearch.discovery.zen.publish] [node_t1] committing version [28]
[2016-04-18 03:03:36,381][TRACE][org.elasticsearch.discovery.zen.publish] [node_t1] sending commit for cluster state (uuid: [K_9qbQEfTnGq5EgdUitvdg], version [28]) to [{node_t3}{9i0gKojbTKKnv4dUyhJboA}{127.0.0.1}{127.0.0.1:9440}[mode=>network]]
[2016-04-18 03:03:36,381][TRACE][org.elasticsearch.cluster.service] [node_t3] will process [zen-disco-receive(from master [master {node_t1}{YucHs-5XRNO-JChWAzIIZg}{127.0.0.1}{127.0.0.1:9441}[mode=>network] committed version [28]])]
[2016-04-18 03:03:36,381][DEBUG][org.elasticsearch.cluster.service] [node_t3] processing [zen-disco-receive(from master [master {node_t1}{YucHs-5XRNO-JChWAzIIZg}{127.0.0.1}{127.0.0.1:9441}[mode=>network] committed version [28]])]: execute
[2016-04-18 03:03:36,382][TRACE][org.elasticsearch.cluster.service] [node_t3] cluster state updated, source [zen-disco-receive(from master [master {node_t1}{YucHs-5XRNO-JChWAzIIZg}{127.0.0.1}{127.0.0.1:9441}[mode=>network] committed version [28]])]
version: 28
state uuid: K_9qbQEfTnGq5EgdUitvdg
from_diff: false
meta data version: 23
nodes: 
   {node_t3}{9i0gKojbTKKnv4dUyhJboA}{127.0.0.1}{127.0.0.1:9440}[mode=>network], local
   {node_t1}{YucHs-5XRNO-JChWAzIIZg}{127.0.0.1}{127.0.0.1:9441}[mode=>network], master
routing_table (version 26):
-- index [test]
----shard_id [test][0]
--------[test][0], node[YucHs-5XRNO-JChWAzIIZg], [P], v[8], s[STARTED], a[id=Z8oM2vxwSmiUDNdNNYmYpA]
--------[test][0], node[null], [R], v[8], s[UNASSIGNED], unassigned_info[[reason=NODE_LEFT], at[2016-04-18T07:03:36.339Z], details[node_left[zpsanQF7R4u6zEfa6p-Xfw]]]
----shard_id [test][1]
--------[test][1], node[YucHs-5XRNO-JChWAzIIZg], [P], v[8], s[STARTED], a[id=skolItfmTI6mUEyBLn-4fA]
--------[test][1], node[null], [R], v[8], s[UNASSIGNED], unassigned_info[[reason=NODE_LEFT], at[2016-04-18T07:03:36.339Z], details[node_left[zpsanQF7R4u6zEfa6p-Xfw]]]
----shard_id [test][2]
--------[test][2], node[YucHs-5XRNO-JChWAzIIZg], [P], v[8], s[STARTED], a[id=RNqthUztR6-DqnLRLToD-Q]
--------[test][2], node[null], [R], v[8], s[UNASSIGNED], unassigned_info[[reason=NODE_LEFT], at[2016-04-18T07:03:36.339Z], details[node_left[zpsanQF7R4u6zEfa6p-Xfw]]]
----shard_id [test][3]
--------[test][3], node[YucHs-5XRNO-JChWAzIIZg], [P], v[8], s[STARTED], a[id=_WxhJCFGSNa0eq_monQ5AA]
--------[test][3], node[null], [R], v[8], s[UNASSIGNED], unassigned_info[[reason=NODE_LEFT], at[2016-04-18T07:03:36.339Z], details[node_left[zpsanQF7R4u6zEfa6p-Xfw]]]
----shard_id [test][4]
--------[test][4], node[YucHs-5XRNO-JChWAzIIZg], [P], v[9], s[STARTED], a[id=0erPpWShQUWr0fCKxTfoYQ]
--------[test][4], node[9i0gKojbTKKnv4dUyhJboA], [R], v[9], s[INITIALIZING], a[id=r4_hKa0OQ8Whl7TIkPsQ5Q], unassigned_info[[reason=NODE_LEFT], at[2016-04-18T07:03:36.339Z], details[node_left[zpsanQF7R4u6zEfa6p-Xfw]]]
----shard_id [test][5]
--------[test][5], node[YucHs-5XRNO-JChWAzIIZg], [P], v[8], s[STARTED], a[id=4B5yVDeUTpe5-44KssB7xg]
--------[test][5], node[null], [R], v[8], s[UNASSIGNED], unassigned_info[[reason=NODE_LEFT], at[2016-04-18T07:03:36.339Z], details[node_left[zpsanQF7R4u6zEfa6p-Xfw]]]
----shard_id [test][6]
--------[test][6], node[YucHs-5XRNO-JChWAzIIZg], [P], v[10], s[STARTED], a[id=lhxXACDDRmi5eofyvUh5ww]
--------[test][6], node[9i0gKojbTKKnv4dUyhJboA], [R], v[10], s[INITIALIZING], a[id=32Y2ClVDTXK0JXiScGyd7g], unassigned_info[[reason=NODE_LEFT], at[2016-04-18T07:03:36.339Z], details[node_left[zpsanQF7R4u6zEfa6p-Xfw]]]
----shard_id [test][7]
--------[test][7], node[YucHs-5XRNO-JChWAzIIZg], [P], v[9], s[STARTED], a[id=_q3o1C7eRoG3whwcdLSwbQ]
--------[test][7], node[9i0gKojbTKKnv4dUyhJboA], [R], v[9], s[INITIALIZING], a[id=xzoJ4qzdR2eAQ-WKqIVOVg], unassigned_info[[reason=NODE_LEFT], at[2016-04-18T07:03:36.339Z], details[node_left[zpsanQF7R4u6zEfa6p-Xfw]]]
----shard_id [test][8]
--------[test][8], node[YucHs-5XRNO-JChWAzIIZg], [P], v[9], s[STARTED], a[id=uERXgJeHSeixZcO4CmIKeQ]
--------[test][8], node[null], [R], v[9], s[UNASSIGNED], unassigned_info[[reason=NODE_LEFT], at[2016-04-18T07:03:36.339Z], details[node_left[zpsanQF7R4u6zEfa6p-Xfw]]]

routing_nodes:
-----node_id[YucHs-5XRNO-JChWAzIIZg][V]
--------[test][5], node[YucHs-5XRNO-JChWAzIIZg], [P], v[8], s[STARTED], a[id=4B5yVDeUTpe5-44KssB7xg]
--------[test][8], node[YucHs-5XRNO-JChWAzIIZg], [P], v[9], s[STARTED], a[id=uERXgJeHSeixZcO4CmIKeQ]
--------[test][4], node[YucHs-5XRNO-JChWAzIIZg], [P], v[9], s[STARTED], a[id=0erPpWShQUWr0fCKxTfoYQ]
--------[test][3], node[YucHs-5XRNO-JChWAzIIZg], [P], v[8], s[STARTED], a[id=_WxhJCFGSNa0eq_monQ5AA]
--------[test][2], node[YucHs-5XRNO-JChWAzIIZg], [P], v[8], s[STARTED], a[id=RNqthUztR6-DqnLRLToD-Q]
--------[test][1], node[YucHs-5XRNO-JChWAzIIZg], [P], v[8], s[STARTED], a[id=skolItfmTI6mUEyBLn-4fA]
--------[test][6], node[YucHs-5XRNO-JChWAzIIZg], [P], v[10], s[STARTED], a[id=lhxXACDDRmi5eofyvUh5ww]
--------[test][7], node[YucHs-5XRNO-JChWAzIIZg], [P], v[9], s[STARTED], a[id=_q3o1C7eRoG3whwcdLSwbQ]
--------[test][0], node[YucHs-5XRNO-JChWAzIIZg], [P], v[8], s[STARTED], a[id=Z8oM2vxwSmiUDNdNNYmYpA]
-----node_id[9i0gKojbTKKnv4dUyhJboA][V]
--------[test][4], node[9i0gKojbTKKnv4dUyhJboA], [R], v[9], s[INITIALIZING], a[id=r4_hKa0OQ8Whl7TIkPsQ5Q], unassigned_info[[reason=NODE_LEFT], at[2016-04-18T07:03:36.339Z], details[node_left[zpsanQF7R4u6zEfa6p-Xfw]]]
--------[test][6], node[9i0gKojbTKKnv4dUyhJboA], [R], v[10], s[INITIALIZING], a[id=32Y2ClVDTXK0JXiScGyd7g], unassigned_info[[reason=NODE_LEFT], at[2016-04-18T07:03:36.339Z], details[node_left[zpsanQF7R4u6zEfa6p-Xfw]]]
--------[test][7], node[9i0gKojbTKKnv4dUyhJboA], [R], v[9], s[INITIALIZING], a[id=xzoJ4qzdR2eAQ-WKqIVOVg], unassigned_info[[reason=NODE_LEFT], at[2016-04-18T07:03:36.339Z], details[node_left[zpsanQF7R4u6zEfa6p-Xfw]]]
---- unassigned
--------[test][5], node[null], [R], v[8], s[UNASSIGNED], unassigned_info[[reason=NODE_LEFT], at[2016-04-18T07:03:36.339Z], details[node_left[zpsanQF7R4u6zEfa6p-Xfw]]]
--------[test][8], node[null], [R], v[9], s[UNASSIGNED], unassigned_info[[reason=NODE_LEFT], at[2016-04-18T07:03:36.339Z], details[node_left[zpsanQF7R4u6zEfa6p-Xfw]]]
--------[test][3], node[null], [R], v[8], s[UNASSIGNED], unassigned_info[[reason=NODE_LEFT], at[2016-04-18T07:03:36.339Z], details[node_left[zpsanQF7R4u6zEfa6p-Xfw]]]
--------[test][2], node[null], [R], v[8], s[UNASSIGNED], unassigned_info[[reason=NODE_LEFT], at[2016-04-18T07:03:36.339Z], details[node_left[zpsanQF7R4u6zEfa6p-Xfw]]]
--------[test][1], node[null], [R], v[8], s[UNASSIGNED], unassigned_info[[reason=NODE_LEFT], at[2016-04-18T07:03:36.339Z], details[node_left[zpsanQF7R4u6zEfa6p-Xfw]]]
--------[test][0], node[null], [R], v[8], s[UNASSIGNED], unassigned_info[[reason=NODE_LEFT], at[2016-04-18T07:03:36.339Z], details[node_left[zpsanQF7R4u6zEfa6p-Xfw]]]

[2016-04-18 03:03:36,382][DEBUG][org.elasticsearch.cluster.service] [node_t3] set local cluster state to version 28
[2016-04-18 03:03:36,384][DEBUG][org.elasticsearch.cluster.service] [node_t3] processing [zen-disco-receive(from master [master {node_t1}{YucHs-5XRNO-JChWAzIIZg}{127.0.0.1}{127.0.0.1:9441}[mode=>network] committed version [28]])]: took 3ms done applying updated cluster_state (version: 28, uuid: K_9qbQEfTnGq5EgdUitvdg)
[2016-04-18 03:03:36,385][DEBUG][org.elasticsearch.cluster.service] [node_t1] set local cluster state to version 28
[2016-04-18 03:03:36,388][DEBUG][org.elasticsearch.cluster.service] [node_t1] processing [cluster_reroute(async_shard_fetch)]: took 9ms done applying updated cluster_state (version: 28, uuid: K_9qbQEfTnGq5EgdUitvdg)
[2016-04-18 03:03:36,388][TRACE][org.elasticsearch.cluster.service] [node_t1] will process [shard-started ([test][7], node[9i0gKojbTKKnv4dUyhJboA], [R], v[9], s[INITIALIZING], a[id=xzoJ4qzdR2eAQ-WKqIVOVg], unassigned_info[[reason=NODE_LEFT], at[2016-04-18T07:03:36.339Z], details[node_left[zpsanQF7R4u6zEfa6p-Xfw]]]), reason [after recovery (replica) from node [{node_t1}{YucHs-5XRNO-JChWAzIIZg}{127.0.0.1}{127.0.0.1:9441}[mode=>network]]]]
[2016-04-18 03:03:36,388][DEBUG][org.elasticsearch.cluster.service] [node_t1] processing [shard-started ([test][7], node[9i0gKojbTKKnv4dUyhJboA], [R], v[9], s[INITIALIZING], a[id=xzoJ4qzdR2eAQ-WKqIVOVg], unassigned_info[[reason=NODE_LEFT], at[2016-04-18T07:03:36.339Z], details[node_left[zpsanQF7R4u6zEfa6p-Xfw]]]), reason [after recovery (replica) from node [{node_t1}{YucHs-5XRNO-JChWAzIIZg}{127.0.0.1}{127.0.0.1:9441}[mode=>network]]]]: execute
[2016-04-18 03:03:36,389][TRACE][org.elasticsearch.gateway] [node_t1] [test][8], node[null], [R], v[9], s[UNASSIGNED], unassigned_info[[reason=NODE_LEFT], at[2016-04-18T07:03:36.339Z], details[node_left[zpsanQF7R4u6zEfa6p-Xfw]]]: node [node_t3] has [5.8kb/5971] bytes of re-usable data
[2016-04-18 03:03:36,389][DEBUG][org.elasticsearch.gateway] [node_t1] [test][8]: allocating [[test][8], node[null], [R], v[9], s[UNASSIGNED], unassigned_info[[reason=NODE_LEFT], at[2016-04-18T07:03:36.339Z], details[node_left[zpsanQF7R4u6zEfa6p-Xfw]]]] to [{node_t3}{9i0gKojbTKKnv4dUyhJboA}{127.0.0.1}{127.0.0.1:9440}[mode=>network]] in order to reuse its unallocated persistent store
[2016-04-18 03:03:36,389][TRACE][org.elasticsearch.gateway] [node_t1] [test][0], node[null], [R], v[8], s[UNASSIGNED], unassigned_info[[reason=NODE_LEFT], at[2016-04-18T07:03:36.339Z], details[node_left[zpsanQF7R4u6zEfa6p-Xfw]]]: ignoring allocation, can't be allocated on any node
[2016-04-18 03:03:36,389][TRACE][org.elasticsearch.gateway] [node_t1] [test][1], node[null], [R], v[8], s[UNASSIGNED], unassigned_info[[reason=NODE_LEFT], at[2016-04-18T07:03:36.339Z], details[node_left[zpsanQF7R4u6zEfa6p-Xfw]]]: ignoring allocation, can't be allocated on any node
[2016-04-18 03:03:36,389][TRACE][org.elasticsearch.gateway] [node_t1] [test][3], node[null], [R], v[8], s[UNASSIGNED], unassigned_info[[reason=NODE_LEFT], at[2016-04-18T07:03:36.339Z], details[node_left[zpsanQF7R4u6zEfa6p-Xfw]]]: ignoring allocation, can't be allocated on any node
[2016-04-18 03:03:36,389][TRACE][org.elasticsearch.gateway] [node_t1] [test][2], node[null], [R], v[8], s[UNASSIGNED], unassigned_info[[reason=NODE_LEFT], at[2016-04-18T07:03:36.339Z], details[node_left[zpsanQF7R4u6zEfa6p-Xfw]]]: ignoring allocation, can't be allocated on any node
[2016-04-18 03:03:36,389][TRACE][org.elasticsearch.gateway] [node_t1] [test][5], node[null], [R], v[8], s[UNASSIGNED], unassigned_info[[reason=NODE_LEFT], at[2016-04-18T07:03:36.339Z], details[node_left[zpsanQF7R4u6zEfa6p-Xfw]]]: ignoring allocation, can't be allocated on any node
[2016-04-18 03:03:36,390][TRACE][org.elasticsearch.cluster.service] [node_t1] cluster state updated, source [shard-started ([test][7], node[9i0gKojbTKKnv4dUyhJboA], [R], v[9], s[INITIALIZING], a[id=xzoJ4qzdR2eAQ-WKqIVOVg], unassigned_info[[reason=NODE_LEFT], at[2016-04-18T07:03:36.339Z], details[node_left[zpsanQF7R4u6zEfa6p-Xfw]]]), reason [after recovery (replica) from node [{node_t1}{YucHs-5XRNO-JChWAzIIZg}{127.0.0.1}{127.0.0.1:9441}[mode=>network]]]]
version: 29
state uuid: Awp_DQ7eRVSVhRJTagJoTw
from_diff: false
meta data version: 24
nodes: 
   {node_t3}{9i0gKojbTKKnv4dUyhJboA}{127.0.0.1}{127.0.0.1:9440}[mode=>network]
   {node_t1}{YucHs-5XRNO-JChWAzIIZg}{127.0.0.1}{127.0.0.1:9441}[mode=>network], local, master
routing_table (version 27):
-- index [test]
----shard_id [test][0]
--------[test][0], node[YucHs-5XRNO-JChWAzIIZg], [P], v[8], s[STARTED], a[id=Z8oM2vxwSmiUDNdNNYmYpA]
--------[test][0], node[null], [R], v[8], s[UNASSIGNED], unassigned_info[[reason=NODE_LEFT], at[2016-04-18T07:03:36.339Z], details[node_left[zpsanQF7R4u6zEfa6p-Xfw]]]
----shard_id [test][1]
--------[test][1], node[YucHs-5XRNO-JChWAzIIZg], [P], v[8], s[STARTED], a[id=skolItfmTI6mUEyBLn-4fA]
--------[test][1], node[null], [R], v[8], s[UNASSIGNED], unassigned_info[[reason=NODE_LEFT], at[2016-04-18T07:03:36.339Z], details[node_left[zpsanQF7R4u6zEfa6p-Xfw]]]
----shard_id [test][2]
--------[test][2], node[YucHs-5XRNO-JChWAzIIZg], [P], v[8], s[STARTED], a[id=RNqthUztR6-DqnLRLToD-Q]
--------[test][2], node[null], [R], v[8], s[UNASSIGNED], unassigned_info[[reason=NODE_LEFT], at[2016-04-18T07:03:36.339Z], details[node_left[zpsanQF7R4u6zEfa6p-Xfw]]]
----shard_id [test][3]
--------[test][3], node[YucHs-5XRNO-JChWAzIIZg], [P], v[8], s[STARTED], a[id=_WxhJCFGSNa0eq_monQ5AA]
--------[test][3], node[null], [R], v[8], s[UNASSIGNED], unassigned_info[[reason=NODE_LEFT], at[2016-04-18T07:03:36.339Z], details[node_left[zpsanQF7R4u6zEfa6p-Xfw]]]
----shard_id [test][4]
--------[test][4], node[YucHs-5XRNO-JChWAzIIZg], [P], v[9], s[STARTED], a[id=0erPpWShQUWr0fCKxTfoYQ]
--------[test][4], node[9i0gKojbTKKnv4dUyhJboA], [R], v[9], s[INITIALIZING], a[id=r4_hKa0OQ8Whl7TIkPsQ5Q], unassigned_info[[reason=NODE_LEFT], at[2016-04-18T07:03:36.339Z], details[node_left[zpsanQF7R4u6zEfa6p-Xfw]]]
----shard_id [test][5]
--------[test][5], node[YucHs-5XRNO-JChWAzIIZg], [P], v[8], s[STARTED], a[id=4B5yVDeUTpe5-44KssB7xg]
--------[test][5], node[null], [R], v[8], s[UNASSIGNED], unassigned_info[[reason=NODE_LEFT], at[2016-04-18T07:03:36.339Z], details[node_left[zpsanQF7R4u6zEfa6p-Xfw]]]
----shard_id [test][6]
--------[test][6], node[YucHs-5XRNO-JChWAzIIZg], [P], v[10], s[STARTED], a[id=lhxXACDDRmi5eofyvUh5ww]
--------[test][6], node[9i0gKojbTKKnv4dUyhJboA], [R], v[10], s[INITIALIZING], a[id=32Y2ClVDTXK0JXiScGyd7g], unassigned_info[[reason=NODE_LEFT], at[2016-04-18T07:03:36.339Z], details[node_left[zpsanQF7R4u6zEfa6p-Xfw]]]
----shard_id [test][7]
--------[test][7], node[YucHs-5XRNO-JChWAzIIZg], [P], v[10], s[STARTED], a[id=_q3o1C7eRoG3whwcdLSwbQ]
--------[test][7], node[9i0gKojbTKKnv4dUyhJboA], [R], v[10], s[STARTED], a[id=xzoJ4qzdR2eAQ-WKqIVOVg]
----shard_id [test][8]
--------[test][8], node[YucHs-5XRNO-JChWAzIIZg], [P], v[10], s[STARTED], a[id=uERXgJeHSeixZcO4CmIKeQ]
--------[test][8], node[9i0gKojbTKKnv4dUyhJboA], [R], v[10], s[INITIALIZING], a[id=erAJgUCoRdOSbyhB8gSoZw], unassigned_info[[reason=NODE_LEFT], at[2016-04-18T07:03:36.339Z], details[node_left[zpsanQF7R4u6zEfa6p-Xfw]]]

routing_nodes:
-----node_id[YucHs-5XRNO-JChWAzIIZg][V]
--------[test][4], node[YucHs-5XRNO-JChWAzIIZg], [P], v[9], s[STARTED], a[id=0erPpWShQUWr0fCKxTfoYQ]
--------[test][5], node[YucHs-5XRNO-JChWAzIIZg], [P], v[8], s[STARTED], a[id=4B5yVDeUTpe5-44KssB7xg]
--------[test][2], node[YucHs-5XRNO-JChWAzIIZg], [P], v[8], s[STARTED], a[id=RNqthUztR6-DqnLRLToD-Q]
--------[test][8], node[YucHs-5XRNO-JChWAzIIZg], [P], v[10], s[STARTED], a[id=uERXgJeHSeixZcO4CmIKeQ]
--------[test][7], node[YucHs-5XRNO-JChWAzIIZg], [P], v[10], s[STARTED], a[id=_q3o1C7eRoG3whwcdLSwbQ]
--------[test][1], node[YucHs-5XRNO-JChWAzIIZg], [P], v[8], s[STARTED], a[id=skolItfmTI6mUEyBLn-4fA]
--------[test][3], node[YucHs-5XRNO-JChWAzIIZg], [P], v[8], s[STARTED], a[id=_WxhJCFGSNa0eq_monQ5AA]
--------[test][6], node[YucHs-5XRNO-JChWAzIIZg], [P], v[10], s[STARTED], a[id=lhxXACDDRmi5eofyvUh5ww]
--------[test][0], node[YucHs-5XRNO-JChWAzIIZg], [P], v[8], s[STARTED], a[id=Z8oM2vxwSmiUDNdNNYmYpA]
-----node_id[9i0gKojbTKKnv4dUyhJboA][V]
--------[test][4], node[9i0gKojbTKKnv4dUyhJboA], [R], v[9], s[INITIALIZING], a[id=r4_hKa0OQ8Whl7TIkPsQ5Q], unassigned_info[[reason=NODE_LEFT], at[2016-04-18T07:03:36.339Z], details[node_left[zpsanQF7R4u6zEfa6p-Xfw]]]
--------[test][8], node[9i0gKojbTKKnv4dUyhJboA], [R], v[10], s[INITIALIZING], a[id=erAJgUCoRdOSbyhB8gSoZw], unassigned_info[[reason=NODE_LEFT], at[2016-04-18T07:03:36.339Z], details[node_left[zpsanQF7R4u6zEfa6p-Xfw]]]
--------[test][7], node[9i0gKojbTKKnv4dUyhJboA], [R], v[10], s[STARTED], a[id=xzoJ4qzdR2eAQ-WKqIVOVg]
--------[test][6], node[9i0gKojbTKKnv4dUyhJboA], [R], v[10], s[INITIALIZING], a[id=32Y2ClVDTXK0JXiScGyd7g], unassigned_info[[reason=NODE_LEFT], at[2016-04-18T07:03:36.339Z], details[node_left[zpsanQF7R4u6zEfa6p-Xfw]]]
---- unassigned
--------[test][5], node[null], [R], v[8], s[UNASSIGNED], unassigned_info[[reason=NODE_LEFT], at[2016-04-18T07:03:36.339Z], details[node_left[zpsanQF7R4u6zEfa6p-Xfw]]]
--------[test][2], node[null], [R], v[8], s[UNASSIGNED], unassigned_info[[reason=NODE_LEFT], at[2016-04-18T07:03:36.339Z], details[node_left[zpsanQF7R4u6zEfa6p-Xfw]]]
--------[test][1], node[null], [R], v[8], s[UNASSIGNED], unassigned_info[[reason=NODE_LEFT], at[2016-04-18T07:03:36.339Z], details[node_left[zpsanQF7R4u6zEfa6p-Xfw]]]
--------[test][3], node[null], [R], v[8], s[UNASSIGNED], unassigned_info[[reason=NODE_LEFT], at[2016-04-18T07:03:36.339Z], details[node_left[zpsanQF7R4u6zEfa6p-Xfw]]]
--------[test][0], node[null], [R], v[8], s[UNASSIGNED], unassigned_info[[reason=NODE_LEFT], at[2016-04-18T07:03:36.339Z], details[node_left[zpsanQF7R4u6zEfa6p-Xfw]]]

[2016-04-18 03:03:36,391][DEBUG][org.elasticsearch.cluster.service] [node_t1] publishing cluster state version [29]
[2016-04-18 03:03:36,391][DEBUG][org.elasticsearch.discovery.zen.publish] [node_t3] received diff cluster state version [29] with uuid [Awp_DQ7eRVSVhRJTagJoTw], diff size [742]
[2016-04-18 03:03:36,391][TRACE][org.elasticsearch.discovery.zen.publish] [node_t1] master node {node_t3}{9i0gKojbTKKnv4dUyhJboA}{127.0.0.1}{127.0.0.1:9440}[mode=>network] acked cluster state version [29]. processing ... (current pending [1], needed [1])
[2016-04-18 03:03:36,392][TRACE][org.elasticsearch.discovery.zen.publish] [node_t1] committing version [29]
[2016-04-18 03:03:36,392][TRACE][org.elasticsearch.discovery.zen.publish] [node_t1] sending commit for cluster state (uuid: [Awp_DQ7eRVSVhRJTagJoTw], version [29]) to [{node_t3}{9i0gKojbTKKnv4dUyhJboA}{127.0.0.1}{127.0.0.1:9440}[mode=>network]]
[2016-04-18 03:03:36,392][TRACE][org.elasticsearch.cluster.service] [node_t3] will process [zen-disco-receive(from master [master {node_t1}{YucHs-5XRNO-JChWAzIIZg}{127.0.0.1}{127.0.0.1:9441}[mode=>network] committed version [29]])]
[2016-04-18 03:03:36,392][DEBUG][org.elasticsearch.cluster.service] [node_t3] processing [zen-disco-receive(from master [master {node_t1}{YucHs-5XRNO-JChWAzIIZg}{127.0.0.1}{127.0.0.1:9441}[mode=>network] committed version [29]])]: execute
[2016-04-18 03:03:36,392][TRACE][org.elasticsearch.cluster.service] [node_t3] cluster state updated, source [zen-disco-receive(from master [master {node_t1}{YucHs-5XRNO-JChWAzIIZg}{127.0.0.1}{127.0.0.1:9441}[mode=>network] committed version [29]])]
version: 29
state uuid: Awp_DQ7eRVSVhRJTagJoTw
from_diff: false
meta data version: 24
nodes: 
   {node_t3}{9i0gKojbTKKnv4dUyhJboA}{127.0.0.1}{127.0.0.1:9440}[mode=>network], local
   {node_t1}{YucHs-5XRNO-JChWAzIIZg}{127.0.0.1}{127.0.0.1:9441}[mode=>network], master
routing_table (version 27):
-- index [test]
----shard_id [test][0]
--------[test][0], node[YucHs-5XRNO-JChWAzIIZg], [P], v[8], s[STARTED], a[id=Z8oM2vxwSmiUDNdNNYmYpA]
--------[test][0], node[null], [R], v[8], s[UNASSIGNED], unassigned_info[[reason=NODE_LEFT], at[2016-04-18T07:03:36.339Z], details[node_left[zpsanQF7R4u6zEfa6p-Xfw]]]
----shard_id [test][1]
--------[test][1], node[YucHs-5XRNO-JChWAzIIZg], [P], v[8], s[STARTED], a[id=skolItfmTI6mUEyBLn-4fA]
--------[test][1], node[null], [R], v[8], s[UNASSIGNED], unassigned_info[[reason=NODE_LEFT], at[2016-04-18T07:03:36.339Z], details[node_left[zpsanQF7R4u6zEfa6p-Xfw]]]
----shard_id [test][2]
--------[test][2], node[YucHs-5XRNO-JChWAzIIZg], [P], v[8], s[STARTED], a[id=RNqthUztR6-DqnLRLToD-Q]
--------[test][2], node[null], [R], v[8], s[UNASSIGNED], unassigned_info[[reason=NODE_LEFT], at[2016-04-18T07:03:36.339Z], details[node_left[zpsanQF7R4u6zEfa6p-Xfw]]]
----shard_id [test][3]
--------[test][3], node[YucHs-5XRNO-JChWAzIIZg], [P], v[8], s[STARTED], a[id=_WxhJCFGSNa0eq_monQ5AA]
--------[test][3], node[null], [R], v[8], s[UNASSIGNED], unassigned_info[[reason=NODE_LEFT], at[2016-04-18T07:03:36.339Z], details[node_left[zpsanQF7R4u6zEfa6p-Xfw]]]
----shard_id [test][4]
--------[test][4], node[YucHs-5XRNO-JChWAzIIZg], [P], v[9], s[STARTED], a[id=0erPpWShQUWr0fCKxTfoYQ]
--------[test][4], node[9i0gKojbTKKnv4dUyhJboA], [R], v[9], s[INITIALIZING], a[id=r4_hKa0OQ8Whl7TIkPsQ5Q], unassigned_info[[reason=NODE_LEFT], at[2016-04-18T07:03:36.339Z], details[node_left[zpsanQF7R4u6zEfa6p-Xfw]]]
----shard_id [test][5]
--------[test][5], node[YucHs-5XRNO-JChWAzIIZg], [P], v[8], s[STARTED], a[id=4B5yVDeUTpe5-44KssB7xg]
--------[test][5], node[null], [R], v[8], s[UNASSIGNED], unassigned_info[[reason=NODE_LEFT], at[2016-04-18T07:03:36.339Z], details[node_left[zpsanQF7R4u6zEfa6p-Xfw]]]
----shard_id [test][6]
--------[test][6], node[YucHs-5XRNO-JChWAzIIZg], [P], v[10], s[STARTED], a[id=lhxXACDDRmi5eofyvUh5ww]
--------[test][6], node[9i0gKojbTKKnv4dUyhJboA], [R], v[10], s[INITIALIZING], a[id=32Y2ClVDTXK0JXiScGyd7g], unassigned_info[[reason=NODE_LEFT], at[2016-04-18T07:03:36.339Z], details[node_left[zpsanQF7R4u6zEfa6p-Xfw]]]
----shard_id [test][7]
--------[test][7], node[YucHs-5XRNO-JChWAzIIZg], [P], v[10], s[STARTED], a[id=_q3o1C7eRoG3whwcdLSwbQ]
--------[test][7], node[9i0gKojbTKKnv4dUyhJboA], [R], v[10], s[STARTED], a[id=xzoJ4qzdR2eAQ-WKqIVOVg]
----shard_id [test][8]
--------[test][8], node[YucHs-5XRNO-JChWAzIIZg], [P], v[10], s[STARTED], a[id=uERXgJeHSeixZcO4CmIKeQ]
--------[test][8], node[9i0gKojbTKKnv4dUyhJboA], [R], v[10], s[INITIALIZING], a[id=erAJgUCoRdOSbyhB8gSoZw], unassigned_info[[reason=NODE_LEFT], at[2016-04-18T07:03:36.339Z], details[node_left[zpsanQF7R4u6zEfa6p-Xfw]]]

routing_nodes:
-----node_id[YucHs-5XRNO-JChWAzIIZg][V]
--------[test][5], node[YucHs-5XRNO-JChWAzIIZg], [P], v[8], s[STARTED], a[id=4B5yVDeUTpe5-44KssB7xg]
--------[test][6], node[YucHs-5XRNO-JChWAzIIZg], [P], v[10], s[STARTED], a[id=lhxXACDDRmi5eofyvUh5ww]
--------[test][7], node[YucHs-5XRNO-JChWAzIIZg], [P], v[10], s[STARTED], a[id=_q3o1C7eRoG3whwcdLSwbQ]
--------[test][3], node[YucHs-5XRNO-JChWAzIIZg], [P], v[8], s[STARTED], a[id=_WxhJCFGSNa0eq_monQ5AA]
--------[test][4], node[YucHs-5XRNO-JChWAzIIZg], [P], v[9], s[STARTED], a[id=0erPpWShQUWr0fCKxTfoYQ]
--------[test][1], node[YucHs-5XRNO-JChWAzIIZg], [P], v[8], s[STARTED], a[id=skolItfmTI6mUEyBLn-4fA]
--------[test][2], node[YucHs-5XRNO-JChWAzIIZg], [P], v[8], s[STARTED], a[id=RNqthUztR6-DqnLRLToD-Q]
--------[test][8], node[YucHs-5XRNO-JChWAzIIZg], [P], v[10], s[STARTED], a[id=uERXgJeHSeixZcO4CmIKeQ]
--------[test][0], node[YucHs-5XRNO-JChWAzIIZg], [P], v[8], s[STARTED], a[id=Z8oM2vxwSmiUDNdNNYmYpA]
-----node_id[9i0gKojbTKKnv4dUyhJboA][V]
--------[test][6], node[9i0gKojbTKKnv4dUyhJboA], [R], v[10], s[INITIALIZING], a[id=32Y2ClVDTXK0JXiScGyd7g], unassigned_info[[reason=NODE_LEFT], at[2016-04-18T07:03:36.339Z], details[node_left[zpsanQF7R4u6zEfa6p-Xfw]]]
--------[test][7], node[9i0gKojbTKKnv4dUyhJboA], [R], v[10], s[STARTED], a[id=xzoJ4qzdR2eAQ-WKqIVOVg]
--------[test][4], node[9i0gKojbTKKnv4dUyhJboA], [R], v[9], s[INITIALIZING], a[id=r4_hKa0OQ8Whl7TIkPsQ5Q], unassigned_info[[reason=NODE_LEFT], at[2016-04-18T07:03:36.339Z], details[node_left[zpsanQF7R4u6zEfa6p-Xfw]]]
--------[test][8], node[9i0gKojbTKKnv4dUyhJboA], [R], v[10], s[INITIALIZING], a[id=erAJgUCoRdOSbyhB8gSoZw], unassigned_info[[reason=NODE_LEFT], at[2016-04-18T07:03:36.339Z], details[node_left[zpsanQF7R4u6zEfa6p-Xfw]]]
---- unassigned
--------[test][5], node[null], [R], v[8], s[UNASSIGNED], unassigned_info[[reason=NODE_LEFT], at[2016-04-18T07:03:36.339Z], details[node_left[zpsanQF7R4u6zEfa6p-Xfw]]]
--------[test][3], node[null], [R], v[8], s[UNASSIGNED], unassigned_info[[reason=NODE_LEFT], at[2016-04-18T07:03:36.339Z], details[node_left[zpsanQF7R4u6zEfa6p-Xfw]]]
--------[test][1], node[null], [R], v[8], s[UNASSIGNED], unassigned_info[[reason=NODE_LEFT], at[2016-04-18T07:03:36.339Z], details[node_left[zpsanQF7R4u6zEfa6p-Xfw]]]
--------[test][2], node[null], [R], v[8], s[UNASSIGNED], unassigned_info[[reason=NODE_LEFT], at[2016-04-18T07:03:36.339Z], details[node_left[zpsanQF7R4u6zEfa6p-Xfw]]]
--------[test][0], node[null], [R], v[8], s[UNASSIGNED], unassigned_info[[reason=NODE_LEFT], at[2016-04-18T07:03:36.339Z], details[node_left[zpsanQF7R4u6zEfa6p-Xfw]]]

[2016-04-18 03:03:36,392][DEBUG][org.elasticsearch.cluster.service] [node_t3] set local cluster state to version 29
[2016-04-18 03:03:36,395][TRACE][org.elasticsearch.gateway] [node_t3] [test] writing state, reason [version changed from [22] to [23]]
[2016-04-18 03:03:36,397][DEBUG][org.elasticsearch.cluster.service] [node_t3] processing [zen-disco-receive(from master [master {node_t1}{YucHs-5XRNO-JChWAzIIZg}{127.0.0.1}{127.0.0.1:9441}[mode=>network] committed version [29]])]: took 5ms done applying updated cluster_state (version: 29, uuid: Awp_DQ7eRVSVhRJTagJoTw)
[2016-04-18 03:03:36,397][DEBUG][org.elasticsearch.cluster.service] [node_t1] set local cluster state to version 29
[2016-04-18 03:03:36,401][TRACE][org.elasticsearch.gateway] [node_t1] [test] writing state, reason [version changed from [22] to [23]]
[2016-04-18 03:03:36,403][DEBUG][org.elasticsearch.cluster.service] [node_t1] processing [shard-started ([test][7], node[9i0gKojbTKKnv4dUyhJboA], [R], v[9], s[INITIALIZING], a[id=xzoJ4qzdR2eAQ-WKqIVOVg], unassigned_info[[reason=NODE_LEFT], at[2016-04-18T07:03:36.339Z], details[node_left[zpsanQF7R4u6zEfa6p-Xfw]]]), reason [after recovery (replica) from node [{node_t1}{YucHs-5XRNO-JChWAzIIZg}{127.0.0.1}{127.0.0.1:9441}[mode=>network]]]]: took 14ms done applying updated cluster_state (version: 29, uuid: Awp_DQ7eRVSVhRJTagJoTw)
[2016-04-18 03:03:36,403][TRACE][org.elasticsearch.cluster.service] [node_t1] will process [shard-started ([test][6], node[9i0gKojbTKKnv4dUyhJboA], [R], v[10], s[INITIALIZING], a[id=32Y2ClVDTXK0JXiScGyd7g], unassigned_info[[reason=NODE_LEFT], at[2016-04-18T07:03:36.339Z], details[node_left[zpsanQF7R4u6zEfa6p-Xfw]]]), reason [after recovery (replica) from node [{node_t1}{YucHs-5XRNO-JChWAzIIZg}{127.0.0.1}{127.0.0.1:9441}[mode=>network]]]]
[2016-04-18 03:03:36,403][DEBUG][org.elasticsearch.cluster.service] [node_t1] processing [shard-started ([test][6], node[9i0gKojbTKKnv4dUyhJboA], [R], v[10], s[INITIALIZING], a[id=32Y2ClVDTXK0JXiScGyd7g], unassigned_info[[reason=NODE_LEFT], at[2016-04-18T07:03:36.339Z], details[node_left[zpsanQF7R4u6zEfa6p-Xfw]]]), reason [after recovery (replica) from node [{node_t1}{YucHs-5XRNO-JChWAzIIZg}{127.0.0.1}{127.0.0.1:9441}[mode=>network]]]]: execute
[2016-04-18 03:03:36,404][TRACE][org.elasticsearch.gateway] [node_t1] [test][1], node[null], [R], v[8], s[UNASSIGNED], unassigned_info[[reason=NODE_LEFT], at[2016-04-18T07:03:36.339Z], details[node_left[zpsanQF7R4u6zEfa6p-Xfw]]]: node [node_t3] has [2.9kb/3063] bytes of re-usable data
[2016-04-18 03:03:36,404][DEBUG][org.elasticsearch.gateway] [node_t1] [test][1]: allocating [[test][1], node[null], [R], v[8], s[UNASSIGNED], unassigned_info[[reason=NODE_LEFT], at[2016-04-18T07:03:36.339Z], details[node_left[zpsanQF7R4u6zEfa6p-Xfw]]]] to [{node_t3}{9i0gKojbTKKnv4dUyhJboA}{127.0.0.1}{127.0.0.1:9440}[mode=>network]] in order to reuse its unallocated persistent store
[2016-04-18 03:03:36,404][TRACE][org.elasticsearch.gateway] [node_t1] [test][2], node[null], [R], v[8], s[UNASSIGNED], unassigned_info[[reason=NODE_LEFT], at[2016-04-18T07:03:36.339Z], details[node_left[zpsanQF7R4u6zEfa6p-Xfw]]]: ignoring allocation, can't be allocated on any node
[2016-04-18 03:03:36,404][TRACE][org.elasticsearch.gateway] [node_t1] [test][5], node[null], [R], v[8], s[UNASSIGNED], unassigned_info[[reason=NODE_LEFT], at[2016-04-18T07:03:36.339Z], details[node_left[zpsanQF7R4u6zEfa6p-Xfw]]]: ignoring allocation, can't be allocated on any node
[2016-04-18 03:03:36,404][TRACE][org.elasticsearch.gateway] [node_t1] [test][0], node[null], [R], v[8], s[UNASSIGNED], unassigned_info[[reason=NODE_LEFT], at[2016-04-18T07:03:36.339Z], details[node_left[zpsanQF7R4u6zEfa6p-Xfw]]]: ignoring allocation, can't be allocated on any node
[2016-04-18 03:03:36,404][TRACE][org.elasticsearch.gateway] [node_t1] [test][3], node[null], [R], v[8], s[UNASSIGNED], unassigned_info[[reason=NODE_LEFT], at[2016-04-18T07:03:36.339Z], details[node_left[zpsanQF7R4u6zEfa6p-Xfw]]]: ignoring allocation, can't be allocated on any node
[2016-04-18 03:03:36,405][TRACE][org.elasticsearch.cluster.service] [node_t1] cluster state updated, source [shard-started ([test][6], node[9i0gKojbTKKnv4dUyhJboA], [R], v[10], s[INITIALIZING], a[id=32Y2ClVDTXK0JXiScGyd7g], unassigned_info[[reason=NODE_LEFT], at[2016-04-18T07:03:36.339Z], details[node_left[zpsanQF7R4u6zEfa6p-Xfw]]]), reason [after recovery (replica) from node [{node_t1}{YucHs-5XRNO-JChWAzIIZg}{127.0.0.1}{127.0.0.1:9441}[mode=>network]]]]
version: 30
state uuid: FPK14Im1S3OHbqRoNSqICw
from_diff: false
meta data version: 25
nodes: 
   {node_t3}{9i0gKojbTKKnv4dUyhJboA}{127.0.0.1}{127.0.0.1:9440}[mode=>network]
   {node_t1}{YucHs-5XRNO-JChWAzIIZg}{127.0.0.1}{127.0.0.1:9441}[mode=>network], local, master
routing_table (version 28):
-- index [test]
----shard_id [test][0]
--------[test][0], node[YucHs-5XRNO-JChWAzIIZg], [P], v[8], s[STARTED], a[id=Z8oM2vxwSmiUDNdNNYmYpA]
--------[test][0], node[null], [R], v[8], s[UNASSIGNED], unassigned_info[[reason=NODE_LEFT], at[2016-04-18T07:03:36.339Z], details[node_left[zpsanQF7R4u6zEfa6p-Xfw]]]
----shard_id [test][1]
--------[test][1], node[YucHs-5XRNO-JChWAzIIZg], [P], v[9], s[STARTED], a[id=skolItfmTI6mUEyBLn-4fA]
--------[test][1], node[9i0gKojbTKKnv4dUyhJboA], [R], v[9], s[INITIALIZING], a[id=PCNhCQLVRfaeMOtHkKFu9Q], unassigned_info[[reason=NODE_LEFT], at[2016-04-18T07:03:36.339Z], details[node_left[zpsanQF7R4u6zEfa6p-Xfw]]]
----shard_id [test][2]
--------[test][2], node[YucHs-5XRNO-JChWAzIIZg], [P], v[8], s[STARTED], a[id=RNqthUztR6-DqnLRLToD-Q]
--------[test][2], node[null], [R], v[8], s[UNASSIGNED], unassigned_info[[reason=NODE_LEFT], at[2016-04-18T07:03:36.339Z], details[node_left[zpsanQF7R4u6zEfa6p-Xfw]]]
----shard_id [test][3]
--------[test][3], node[YucHs-5XRNO-JChWAzIIZg], [P], v[8], s[STARTED], a[id=_WxhJCFGSNa0eq_monQ5AA]
--------[test][3], node[null], [R], v[8], s[UNASSIGNED], unassigned_info[[reason=NODE_LEFT], at[2016-04-18T07:03:36.339Z], details[node_left[zpsanQF7R4u6zEfa6p-Xfw]]]
----shard_id [test][4]
--------[test][4], node[YucHs-5XRNO-JChWAzIIZg], [P], v[9], s[STARTED], a[id=0erPpWShQUWr0fCKxTfoYQ]
--------[test][4], node[9i0gKojbTKKnv4dUyhJboA], [R], v[9], s[INITIALIZING], a[id=r4_hKa0OQ8Whl7TIkPsQ5Q], unassigned_info[[reason=NODE_LEFT], at[2016-04-18T07:03:36.339Z], details[node_left[zpsanQF7R4u6zEfa6p-Xfw]]]
----shard_id [test][5]
--------[test][5], node[YucHs-5XRNO-JChWAzIIZg], [P], v[8], s[STARTED], a[id=4B5yVDeUTpe5-44KssB7xg]
--------[test][5], node[null], [R], v[8], s[UNASSIGNED], unassigned_info[[reason=NODE_LEFT], at[2016-04-18T07:03:36.339Z], details[node_left[zpsanQF7R4u6zEfa6p-Xfw]]]
----shard_id [test][6]
--------[test][6], node[YucHs-5XRNO-JChWAzIIZg], [P], v[11], s[STARTED], a[id=lhxXACDDRmi5eofyvUh5ww]
--------[test][6], node[9i0gKojbTKKnv4dUyhJboA], [R], v[11], s[STARTED], a[id=32Y2ClVDTXK0JXiScGyd7g]
----shard_id [test][7]
--------[test][7], node[YucHs-5XRNO-JChWAzIIZg], [P], v[10], s[STARTED], a[id=_q3o1C7eRoG3whwcdLSwbQ]
--------[test][7], node[9i0gKojbTKKnv4dUyhJboA], [R], v[10], s[STARTED], a[id=xzoJ4qzdR2eAQ-WKqIVOVg]
----shard_id [test][8]
--------[test][8], node[YucHs-5XRNO-JChWAzIIZg], [P], v[10], s[STARTED], a[id=uERXgJeHSeixZcO4CmIKeQ]
--------[test][8], node[9i0gKojbTKKnv4dUyhJboA], [R], v[10], s[INITIALIZING], a[id=erAJgUCoRdOSbyhB8gSoZw], unassigned_info[[reason=NODE_LEFT], at[2016-04-18T07:03:36.339Z], details[node_left[zpsanQF7R4u6zEfa6p-Xfw]]]

routing_nodes:
-----node_id[YucHs-5XRNO-JChWAzIIZg][V]
--------[test][6], node[YucHs-5XRNO-JChWAzIIZg], [P], v[11], s[STARTED], a[id=lhxXACDDRmi5eofyvUh5ww]
--------[test][8], node[YucHs-5XRNO-JChWAzIIZg], [P], v[10], s[STARTED], a[id=uERXgJeHSeixZcO4CmIKeQ]
--------[test][3], node[YucHs-5XRNO-JChWAzIIZg], [P], v[8], s[STARTED], a[id=_WxhJCFGSNa0eq_monQ5AA]
--------[test][1], node[YucHs-5XRNO-JChWAzIIZg], [P], v[9], s[STARTED], a[id=skolItfmTI6mUEyBLn-4fA]
--------[test][7], node[YucHs-5XRNO-JChWAzIIZg], [P], v[10], s[STARTED], a[id=_q3o1C7eRoG3whwcdLSwbQ]
--------[test][5], node[YucHs-5XRNO-JChWAzIIZg], [P], v[8], s[STARTED], a[id=4B5yVDeUTpe5-44KssB7xg]
--------[test][2], node[YucHs-5XRNO-JChWAzIIZg], [P], v[8], s[STARTED], a[id=RNqthUztR6-DqnLRLToD-Q]
--------[test][4], node[YucHs-5XRNO-JChWAzIIZg], [P], v[9], s[STARTED], a[id=0erPpWShQUWr0fCKxTfoYQ]
--------[test][0], node[YucHs-5XRNO-JChWAzIIZg], [P], v[8], s[STARTED], a[id=Z8oM2vxwSmiUDNdNNYmYpA]
-----node_id[9i0gKojbTKKnv4dUyhJboA][V]
--------[test][6], node[9i0gKojbTKKnv4dUyhJboA], [R], v[11], s[STARTED], a[id=32Y2ClVDTXK0JXiScGyd7g]
--------[test][8], node[9i0gKojbTKKnv4dUyhJboA], [R], v[10], s[INITIALIZING], a[id=erAJgUCoRdOSbyhB8gSoZw], unassigned_info[[reason=NODE_LEFT], at[2016-04-18T07:03:36.339Z], details[node_left[zpsanQF7R4u6zEfa6p-Xfw]]]
--------[test][1], node[9i0gKojbTKKnv4dUyhJboA], [R], v[9], s[INITIALIZING], a[id=PCNhCQLVRfaeMOtHkKFu9Q], unassigned_info[[reason=NODE_LEFT], at[2016-04-18T07:03:36.339Z], details[node_left[zpsanQF7R4u6zEfa6p-Xfw]]]
--------[test][7], node[9i0gKojbTKKnv4dUyhJboA], [R], v[10], s[STARTED], a[id=xzoJ4qzdR2eAQ-WKqIVOVg]
--------[test][4], node[9i0gKojbTKKnv4dUyhJboA], [R], v[9], s[INITIALIZING], a[id=r4_hKa0OQ8Whl7TIkPsQ5Q], unassigned_info[[reason=NODE_LEFT], at[2016-04-18T07:03:36.339Z], details[node_left[zpsanQF7R4u6zEfa6p-Xfw]]]
---- unassigned
--------[test][3], node[null], [R], v[8], s[UNASSIGNED], unassigned_info[[reason=NODE_LEFT], at[2016-04-18T07:03:36.339Z], details[node_left[zpsanQF7R4u6zEfa6p-Xfw]]]
--------[test][5], node[null], [R], v[8], s[UNASSIGNED], unassigned_info[[reason=NODE_LEFT], at[2016-04-18T07:03:36.339Z], details[node_left[zpsanQF7R4u6zEfa6p-Xfw]]]
--------[test][2], node[null], [R], v[8], s[UNASSIGNED], unassigned_info[[reason=NODE_LEFT], at[2016-04-18T07:03:36.339Z], details[node_left[zpsanQF7R4u6zEfa6p-Xfw]]]
--------[test][0], node[null], [R], v[8], s[UNASSIGNED], unassigned_info[[reason=NODE_LEFT], at[2016-04-18T07:03:36.339Z], details[node_left[zpsanQF7R4u6zEfa6p-Xfw]]]

[2016-04-18 03:03:36,405][DEBUG][org.elasticsearch.cluster.service] [node_t1] publishing cluster state version [30]
[2016-04-18 03:03:36,406][DEBUG][org.elasticsearch.discovery.zen.publish] [node_t3] received diff cluster state version [30] with uuid [FPK14Im1S3OHbqRoNSqICw], diff size [764]
[2016-04-18 03:03:36,406][TRACE][org.elasticsearch.discovery.zen.publish] [node_t1] master node {node_t3}{9i0gKojbTKKnv4dUyhJboA}{127.0.0.1}{127.0.0.1:9440}[mode=>network] acked cluster state version [30]. processing ... (current pending [1], needed [1])
[2016-04-18 03:03:36,406][TRACE][org.elasticsearch.discovery.zen.publish] [node_t1] committing version [30]
[2016-04-18 03:03:36,406][TRACE][org.elasticsearch.discovery.zen.publish] [node_t1] sending commit for cluster state (uuid: [FPK14Im1S3OHbqRoNSqICw], version [30]) to [{node_t3}{9i0gKojbTKKnv4dUyhJboA}{127.0.0.1}{127.0.0.1:9440}[mode=>network]]
[2016-04-18 03:03:36,406][TRACE][org.elasticsearch.cluster.service] [node_t3] will process [zen-disco-receive(from master [master {node_t1}{YucHs-5XRNO-JChWAzIIZg}{127.0.0.1}{127.0.0.1:9441}[mode=>network] committed version [30]])]
[2016-04-18 03:03:36,406][DEBUG][org.elasticsearch.cluster.service] [node_t3] processing [zen-disco-receive(from master [master {node_t1}{YucHs-5XRNO-JChWAzIIZg}{127.0.0.1}{127.0.0.1:9441}[mode=>network] committed version [30]])]: execute
[2016-04-18 03:03:36,406][TRACE][org.elasticsearch.cluster.service] [node_t3] cluster state updated, source [zen-disco-receive(from master [master {node_t1}{YucHs-5XRNO-JChWAzIIZg}{127.0.0.1}{127.0.0.1:9441}[mode=>network] committed version [30]])]
version: 30
state uuid: FPK14Im1S3OHbqRoNSqICw
from_diff: false
meta data version: 25
nodes: 
   {node_t3}{9i0gKojbTKKnv4dUyhJboA}{127.0.0.1}{127.0.0.1:9440}[mode=>network], local
   {node_t1}{YucHs-5XRNO-JChWAzIIZg}{127.0.0.1}{127.0.0.1:9441}[mode=>network], master
routing_table (version 28):
-- index [test]
----shard_id [test][0]
--------[test][0], node[YucHs-5XRNO-JChWAzIIZg], [P], v[8], s[STARTED], a[id=Z8oM2vxwSmiUDNdNNYmYpA]
--------[test][0], node[null], [R], v[8], s[UNASSIGNED], unassigned_info[[reason=NODE_LEFT], at[2016-04-18T07:03:36.339Z], details[node_left[zpsanQF7R4u6zEfa6p-Xfw]]]
----shard_id [test][1]
--------[test][1], node[YucHs-5XRNO-JChWAzIIZg], [P], v[9], s[STARTED], a[id=skolItfmTI6mUEyBLn-4fA]
--------[test][1], node[9i0gKojbTKKnv4dUyhJboA], [R], v[9], s[INITIALIZING], a[id=PCNhCQLVRfaeMOtHkKFu9Q], unassigned_info[[reason=NODE_LEFT], at[2016-04-18T07:03:36.339Z], details[node_left[zpsanQF7R4u6zEfa6p-Xfw]]]
----shard_id [test][2]
--------[test][2], node[YucHs-5XRNO-JChWAzIIZg], [P], v[8], s[STARTED], a[id=RNqthUztR6-DqnLRLToD-Q]
--------[test][2], node[null], [R], v[8], s[UNASSIGNED], unassigned_info[[reason=NODE_LEFT], at[2016-04-18T07:03:36.339Z], details[node_left[zpsanQF7R4u6zEfa6p-Xfw]]]
----shard_id [test][3]
--------[test][3], node[YucHs-5XRNO-JChWAzIIZg], [P], v[8], s[STARTED], a[id=_WxhJCFGSNa0eq_monQ5AA]
--------[test][3], node[null], [R], v[8], s[UNASSIGNED], unassigned_info[[reason=NODE_LEFT], at[2016-04-18T07:03:36.339Z], details[node_left[zpsanQF7R4u6zEfa6p-Xfw]]]
----shard_id [test][4]
--------[test][4], node[YucHs-5XRNO-JChWAzIIZg], [P], v[9], s[STARTED], a[id=0erPpWShQUWr0fCKxTfoYQ]
--------[test][4], node[9i0gKojbTKKnv4dUyhJboA], [R], v[9], s[INITIALIZING], a[id=r4_hKa0OQ8Whl7TIkPsQ5Q], unassigned_info[[reason=NODE_LEFT], at[2016-04-18T07:03:36.339Z], details[node_left[zpsanQF7R4u6zEfa6p-Xfw]]]
----shard_id [test][5]
--------[test][5], node[YucHs-5XRNO-JChWAzIIZg], [P], v[8], s[STARTED], a[id=4B5yVDeUTpe5-44KssB7xg]
--------[test][5], node[null], [R], v[8], s[UNASSIGNED], unassigned_info[[reason=NODE_LEFT], at[2016-04-18T07:03:36.339Z], details[node_left[zpsanQF7R4u6zEfa6p-Xfw]]]
----shard_id [test][6]
--------[test][6], node[YucHs-5XRNO-JChWAzIIZg], [P], v[11], s[STARTED], a[id=lhxXACDDRmi5eofyvUh5ww]
--------[test][6], node[9i0gKojbTKKnv4dUyhJboA], [R], v[11], s[STARTED], a[id=32Y2ClVDTXK0JXiScGyd7g]
----shard_id [test][7]
--------[test][7], node[YucHs-5XRNO-JChWAzIIZg], [P], v[10], s[STARTED], a[id=_q3o1C7eRoG3whwcdLSwbQ]
--------[test][7], node[9i0gKojbTKKnv4dUyhJboA], [R], v[10], s[STARTED], a[id=xzoJ4qzdR2eAQ-WKqIVOVg]
----shard_id [test][8]
--------[test][8], node[YucHs-5XRNO-JChWAzIIZg], [P], v[10], s[STARTED], a[id=uERXgJeHSeixZcO4CmIKeQ]
--------[test][8], node[9i0gKojbTKKnv4dUyhJboA], [R], v[10], s[INITIALIZING], a[id=erAJgUCoRdOSbyhB8gSoZw], unassigned_info[[reason=NODE_LEFT], at[2016-04-18T07:03:36.339Z], details[node_left[zpsanQF7R4u6zEfa6p-Xfw]]]

routing_nodes:
-----node_id[YucHs-5XRNO-JChWAzIIZg][V]
--------[test][6], node[YucHs-5XRNO-JChWAzIIZg], [P], v[11], s[STARTED], a[id=lhxXACDDRmi5eofyvUh5ww]
--------[test][1], node[YucHs-5XRNO-JChWAzIIZg], [P], v[9], s[STARTED], a[id=skolItfmTI6mUEyBLn-4fA]
--------[test][5], node[YucHs-5XRNO-JChWAzIIZg], [P], v[8], s[STARTED], a[id=4B5yVDeUTpe5-44KssB7xg]
--------[test][3], node[YucHs-5XRNO-JChWAzIIZg], [P], v[8], s[STARTED], a[id=_WxhJCFGSNa0eq_monQ5AA]
--------[test][7], node[YucHs-5XRNO-JChWAzIIZg], [P], v[10], s[STARTED], a[id=_q3o1C7eRoG3whwcdLSwbQ]
--------[test][2], node[YucHs-5XRNO-JChWAzIIZg], [P], v[8], s[STARTED], a[id=RNqthUztR6-DqnLRLToD-Q]
--------[test][8], node[YucHs-5XRNO-JChWAzIIZg], [P], v[10], s[STARTED], a[id=uERXgJeHSeixZcO4CmIKeQ]
--------[test][4], node[YucHs-5XRNO-JChWAzIIZg], [P], v[9], s[STARTED], a[id=0erPpWShQUWr0fCKxTfoYQ]
--------[test][0], node[YucHs-5XRNO-JChWAzIIZg], [P], v[8], s[STARTED], a[id=Z8oM2vxwSmiUDNdNNYmYpA]
-----node_id[9i0gKojbTKKnv4dUyhJboA][V]
--------[test][6], node[9i0gKojbTKKnv4dUyhJboA], [R], v[11], s[STARTED], a[id=32Y2ClVDTXK0JXiScGyd7g]
--------[test][1], node[9i0gKojbTKKnv4dUyhJboA], [R], v[9], s[INITIALIZING], a[id=PCNhCQLVRfaeMOtHkKFu9Q], unassigned_info[[reason=NODE_LEFT], at[2016-04-18T07:03:36.339Z], details[node_left[zpsanQF7R4u6zEfa6p-Xfw]]]
--------[test][7], node[9i0gKojbTKKnv4dUyhJboA], [R], v[10], s[STARTED], a[id=xzoJ4qzdR2eAQ-WKqIVOVg]
--------[test][8], node[9i0gKojbTKKnv4dUyhJboA], [R], v[10], s[INITIALIZING], a[id=erAJgUCoRdOSbyhB8gSoZw], unassigned_info[[reason=NODE_LEFT], at[2016-04-18T07:03:36.339Z], details[node_left[zpsanQF7R4u6zEfa6p-Xfw]]]
--------[test][4], node[9i0gKojbTKKnv4dUyhJboA], [R], v[9], s[INITIALIZING], a[id=r4_hKa0OQ8Whl7TIkPsQ5Q], unassigned_info[[reason=NODE_LEFT], at[2016-04-18T07:03:36.339Z], details[node_left[zpsanQF7R4u6zEfa6p-Xfw]]]
---- unassigned
--------[test][5], node[null], [R], v[8], s[UNASSIGNED], unassigned_info[[reason=NODE_LEFT], at[2016-04-18T07:03:36.339Z], details[node_left[zpsanQF7R4u6zEfa6p-Xfw]]]
--------[test][3], node[null], [R], v[8], s[UNASSIGNED], unassigned_info[[reason=NODE_LEFT], at[2016-04-18T07:03:36.339Z], details[node_left[zpsanQF7R4u6zEfa6p-Xfw]]]
--------[test][2], node[null], [R], v[8], s[UNASSIGNED], unassigned_info[[reason=NODE_LEFT], at[2016-04-18T07:03:36.339Z], details[node_left[zpsanQF7R4u6zEfa6p-Xfw]]]
--------[test][0], node[null], [R], v[8], s[UNASSIGNED], unassigned_info[[reason=NODE_LEFT], at[2016-04-18T07:03:36.339Z], details[node_left[zpsanQF7R4u6zEfa6p-Xfw]]]

[2016-04-18 03:03:36,407][DEBUG][org.elasticsearch.cluster.service] [node_t3] set local cluster state to version 30
[2016-04-18 03:03:36,409][TRACE][org.elasticsearch.gateway] [node_t3] [test] writing state, reason [version changed from [23] to [24]]
[2016-04-18 03:03:36,410][DEBUG][org.elasticsearch.cluster.service] [node_t3] processing [zen-disco-receive(from master [master {node_t1}{YucHs-5XRNO-JChWAzIIZg}{127.0.0.1}{127.0.0.1:9441}[mode=>network] committed version [30]])]: took 3ms done applying updated cluster_state (version: 30, uuid: FPK14Im1S3OHbqRoNSqICw)
[2016-04-18 03:03:36,410][DEBUG][org.elasticsearch.cluster.service] [node_t1] set local cluster state to version 30
[2016-04-18 03:03:36,412][TRACE][org.elasticsearch.gateway] [node_t1] [test] writing state, reason [version changed from [23] to [24]]
[2016-04-18 03:03:36,414][DEBUG][org.elasticsearch.cluster.service] [node_t1] processing [shard-started ([test][6], node[9i0gKojbTKKnv4dUyhJboA], [R], v[10], s[INITIALIZING], a[id=32Y2ClVDTXK0JXiScGyd7g], unassigned_info[[reason=NODE_LEFT], at[2016-04-18T07:03:36.339Z], details[node_left[zpsanQF7R4u6zEfa6p-Xfw]]]), reason [after recovery (replica) from node [{node_t1}{YucHs-5XRNO-JChWAzIIZg}{127.0.0.1}{127.0.0.1:9441}[mode=>network]]]]: took 10ms done applying updated cluster_state (version: 30, uuid: FPK14Im1S3OHbqRoNSqICw)
[2016-04-18 03:03:36,427][TRACE][org.elasticsearch.cluster.service] [node_t1] will process [shard-started ([test][4], node[9i0gKojbTKKnv4dUyhJboA], [R], v[9], s[INITIALIZING], a[id=r4_hKa0OQ8Whl7TIkPsQ5Q], unassigned_info[[reason=NODE_LEFT], at[2016-04-18T07:03:36.339Z], details[node_left[zpsanQF7R4u6zEfa6p-Xfw]]]), reason [after recovery (replica) from node [{node_t1}{YucHs-5XRNO-JChWAzIIZg}{127.0.0.1}{127.0.0.1:9441}[mode=>network]]]]
[2016-04-18 03:03:36,427][DEBUG][org.elasticsearch.cluster.service] [node_t1] processing [shard-started ([test][4], node[9i0gKojbTKKnv4dUyhJboA], [R], v[9], s[INITIALIZING], a[id=r4_hKa0OQ8Whl7TIkPsQ5Q], unassigned_info[[reason=NODE_LEFT], at[2016-04-18T07:03:36.339Z], details[node_left[zpsanQF7R4u6zEfa6p-Xfw]]]), reason [after recovery (replica) from node [{node_t1}{YucHs-5XRNO-JChWAzIIZg}{127.0.0.1}{127.0.0.1:9441}[mode=>network]]]]: execute
[2016-04-18 03:03:36,427][TRACE][org.elasticsearch.gateway] [node_t1] [test][0], node[null], [R], v[8], s[UNASSIGNED], unassigned_info[[reason=NODE_LEFT], at[2016-04-18T07:03:36.339Z], details[node_left[zpsanQF7R4u6zEfa6p-Xfw]]]: node [node_t3] has [3kb/3121] bytes of re-usable data
[2016-04-18 03:03:36,427][DEBUG][org.elasticsearch.gateway] [node_t1] [test][0]: allocating [[test][0], node[null], [R], v[8], s[UNASSIGNED], unassigned_info[[reason=NODE_LEFT], at[2016-04-18T07:03:36.339Z], details[node_left[zpsanQF7R4u6zEfa6p-Xfw]]]] to [{node_t3}{9i0gKojbTKKnv4dUyhJboA}{127.0.0.1}{127.0.0.1:9440}[mode=>network]] in order to reuse its unallocated persistent store
[2016-04-18 03:03:36,427][TRACE][org.elasticsearch.gateway] [node_t1] [test][3], node[null], [R], v[8], s[UNASSIGNED], unassigned_info[[reason=NODE_LEFT], at[2016-04-18T07:03:36.339Z], details[node_left[zpsanQF7R4u6zEfa6p-Xfw]]]: ignoring allocation, can't be allocated on any node
[2016-04-18 03:03:36,427][TRACE][org.elasticsearch.gateway] [node_t1] [test][5], node[null], [R], v[8], s[UNASSIGNED], unassigned_info[[reason=NODE_LEFT], at[2016-04-18T07:03:36.339Z], details[node_left[zpsanQF7R4u6zEfa6p-Xfw]]]: ignoring allocation, can't be allocated on any node
[2016-04-18 03:03:36,428][TRACE][org.elasticsearch.gateway] [node_t1] [test][2], node[null], [R], v[8], s[UNASSIGNED], unassigned_info[[reason=NODE_LEFT], at[2016-04-18T07:03:36.339Z], details[node_left[zpsanQF7R4u6zEfa6p-Xfw]]]: ignoring allocation, can't be allocated on any node
[2016-04-18 03:03:36,428][TRACE][org.elasticsearch.cluster.service] [node_t1] cluster state updated, source [shard-started ([test][4], node[9i0gKojbTKKnv4dUyhJboA], [R], v[9], s[INITIALIZING], a[id=r4_hKa0OQ8Whl7TIkPsQ5Q], unassigned_info[[reason=NODE_LEFT], at[2016-04-18T07:03:36.339Z], details[node_left[zpsanQF7R4u6zEfa6p-Xfw]]]), reason [after recovery (replica) from node [{node_t1}{YucHs-5XRNO-JChWAzIIZg}{127.0.0.1}{127.0.0.1:9441}[mode=>network]]]]
version: 31
state uuid: c1oKPwCDSCG_GJlrJhPtLw
from_diff: false
meta data version: 26
nodes: 
   {node_t3}{9i0gKojbTKKnv4dUyhJboA}{127.0.0.1}{127.0.0.1:9440}[mode=>network]
   {node_t1}{YucHs-5XRNO-JChWAzIIZg}{127.0.0.1}{127.0.0.1:9441}[mode=>network], local, master
routing_table (version 29):
-- index [test]
----shard_id [test][0]
--------[test][0], node[YucHs-5XRNO-JChWAzIIZg], [P], v[9], s[STARTED], a[id=Z8oM2vxwSmiUDNdNNYmYpA]
--------[test][0], node[9i0gKojbTKKnv4dUyhJboA], [R], v[9], s[INITIALIZING], a[id=yCuXAXIcSuSLQqpG3V0zgg], unassigned_info[[reason=NODE_LEFT], at[2016-04-18T07:03:36.339Z], details[node_left[zpsanQF7R4u6zEfa6p-Xfw]]]
----shard_id [test][1]
--------[test][1], node[YucHs-5XRNO-JChWAzIIZg], [P], v[9], s[STARTED], a[id=skolItfmTI6mUEyBLn-4fA]
--------[test][1], node[9i0gKojbTKKnv4dUyhJboA], [R], v[9], s[INITIALIZING], a[id=PCNhCQLVRfaeMOtHkKFu9Q], unassigned_info[[reason=NODE_LEFT], at[2016-04-18T07:03:36.339Z], details[node_left[zpsanQF7R4u6zEfa6p-Xfw]]]
----shard_id [test][2]
--------[test][2], node[YucHs-5XRNO-JChWAzIIZg], [P], v[8], s[STARTED], a[id=RNqthUztR6-DqnLRLToD-Q]
--------[test][2], node[null], [R], v[8], s[UNASSIGNED], unassigned_info[[reason=NODE_LEFT], at[2016-04-18T07:03:36.339Z], details[node_left[zpsanQF7R4u6zEfa6p-Xfw]]]
----shard_id [test][3]
--------[test][3], node[YucHs-5XRNO-JChWAzIIZg], [P], v[8], s[STARTED], a[id=_WxhJCFGSNa0eq_monQ5AA]
--------[test][3], node[null], [R], v[8], s[UNASSIGNED], unassigned_info[[reason=NODE_LEFT], at[2016-04-18T07:03:36.339Z], details[node_left[zpsanQF7R4u6zEfa6p-Xfw]]]
----shard_id [test][4]
--------[test][4], node[YucHs-5XRNO-JChWAzIIZg], [P], v[10], s[STARTED], a[id=0erPpWShQUWr0fCKxTfoYQ]
--------[test][4], node[9i0gKojbTKKnv4dUyhJboA], [R], v[10], s[STARTED], a[id=r4_hKa0OQ8Whl7TIkPsQ5Q]
----shard_id [test][5]
--------[test][5], node[YucHs-5XRNO-JChWAzIIZg], [P], v[8], s[STARTED], a[id=4B5yVDeUTpe5-44KssB7xg]
--------[test][5], node[null], [R], v[8], s[UNASSIGNED], unassigned_info[[reason=NODE_LEFT], at[2016-04-18T07:03:36.339Z], details[node_left[zpsanQF7R4u6zEfa6p-Xfw]]]
----shard_id [test][6]
--------[test][6], node[YucHs-5XRNO-JChWAzIIZg], [P], v[11], s[STARTED], a[id=lhxXACDDRmi5eofyvUh5ww]
--------[test][6], node[9i0gKojbTKKnv4dUyhJboA], [R], v[11], s[STARTED], a[id=32Y2ClVDTXK0JXiScGyd7g]
----shard_id [test][7]
--------[test][7], node[YucHs-5XRNO-JChWAzIIZg], [P], v[10], s[STARTED], a[id=_q3o1C7eRoG3whwcdLSwbQ]
--------[test][7], node[9i0gKojbTKKnv4dUyhJboA], [R], v[10], s[STARTED], a[id=xzoJ4qzdR2eAQ-WKqIVOVg]
----shard_id [test][8]
--------[test][8], node[YucHs-5XRNO-JChWAzIIZg], [P], v[10], s[STARTED], a[id=uERXgJeHSeixZcO4CmIKeQ]
--------[test][8], node[9i0gKojbTKKnv4dUyhJboA], [R], v[10], s[INITIALIZING], a[id=erAJgUCoRdOSbyhB8gSoZw], unassigned_info[[reason=NODE_LEFT], at[2016-04-18T07:03:36.339Z], details[node_left[zpsanQF7R4u6zEfa6p-Xfw]]]

routing_nodes:
-----node_id[YucHs-5XRNO-JChWAzIIZg][V]
--------[test][7], node[YucHs-5XRNO-JChWAzIIZg], [P], v[10], s[STARTED], a[id=_q3o1C7eRoG3whwcdLSwbQ]
--------[test][4], node[YucHs-5XRNO-JChWAzIIZg], [P], v[10], s[STARTED], a[id=0erPpWShQUWr0fCKxTfoYQ]
--------[test][2], node[YucHs-5XRNO-JChWAzIIZg], [P], v[8], s[STARTED], a[id=RNqthUztR6-DqnLRLToD-Q]
--------[test][1], node[YucHs-5XRNO-JChWAzIIZg], [P], v[9], s[STARTED], a[id=skolItfmTI6mUEyBLn-4fA]
--------[test][8], node[YucHs-5XRNO-JChWAzIIZg], [P], v[10], s[STARTED], a[id=uERXgJeHSeixZcO4CmIKeQ]
--------[test][6], node[YucHs-5XRNO-JChWAzIIZg], [P], v[11], s[STARTED], a[id=lhxXACDDRmi5eofyvUh5ww]
--------[test][3], node[YucHs-5XRNO-JChWAzIIZg], [P], v[8], s[STARTED], a[id=_WxhJCFGSNa0eq_monQ5AA]
--------[test][5], node[YucHs-5XRNO-JChWAzIIZg], [P], v[8], s[STARTED], a[id=4B5yVDeUTpe5-44KssB7xg]
--------[test][0], node[YucHs-5XRNO-JChWAzIIZg], [P], v[9], s[STARTED], a[id=Z8oM2vxwSmiUDNdNNYmYpA]
-----node_id[9i0gKojbTKKnv4dUyhJboA][V]
--------[test][7], node[9i0gKojbTKKnv4dUyhJboA], [R], v[10], s[STARTED], a[id=xzoJ4qzdR2eAQ-WKqIVOVg]
--------[test][4], node[9i0gKojbTKKnv4dUyhJboA], [R], v[10], s[STARTED], a[id=r4_hKa0OQ8Whl7TIkPsQ5Q]
--------[test][1], node[9i0gKojbTKKnv4dUyhJboA], [R], v[9], s[INITIALIZING], a[id=PCNhCQLVRfaeMOtHkKFu9Q], unassigned_info[[reason=NODE_LEFT], at[2016-04-18T07:03:36.339Z], details[node_left[zpsanQF7R4u6zEfa6p-Xfw]]]
--------[test][8], node[9i0gKojbTKKnv4dUyhJboA], [R], v[10], s[INITIALIZING], a[id=erAJgUCoRdOSbyhB8gSoZw], unassigned_info[[reason=NODE_LEFT], at[2016-04-18T07:03:36.339Z], details[node_left[zpsanQF7R4u6zEfa6p-Xfw]]]
--------[test][6], node[9i0gKojbTKKnv4dUyhJboA], [R], v[11], s[STARTED], a[id=32Y2ClVDTXK0JXiScGyd7g]
--------[test][0], node[9i0gKojbTKKnv4dUyhJboA], [R], v[9], s[INITIALIZING], a[id=yCuXAXIcSuSLQqpG3V0zgg], unassigned_info[[reason=NODE_LEFT], at[2016-04-18T07:03:36.339Z], details[node_left[zpsanQF7R4u6zEfa6p-Xfw]]]
---- unassigned
--------[test][2], node[null], [R], v[8], s[UNASSIGNED], unassigned_info[[reason=NODE_LEFT], at[2016-04-18T07:03:36.339Z], details[node_left[zpsanQF7R4u6zEfa6p-Xfw]]]
--------[test][3], node[null], [R], v[8], s[UNASSIGNED], unassigned_info[[reason=NODE_LEFT], at[2016-04-18T07:03:36.339Z], details[node_left[zpsanQF7R4u6zEfa6p-Xfw]]]
--------[test][5], node[null], [R], v[8], s[UNASSIGNED], unassigned_info[[reason=NODE_LEFT], at[2016-04-18T07:03:36.339Z], details[node_left[zpsanQF7R4u6zEfa6p-Xfw]]]

[2016-04-18 03:03:36,428][DEBUG][org.elasticsearch.cluster.service] [node_t1] publishing cluster state version [31]
[2016-04-18 03:03:36,429][DEBUG][org.elasticsearch.discovery.zen.publish] [node_t3] received diff cluster state version [31] with uuid [c1oKPwCDSCG_GJlrJhPtLw], diff size [787]
[2016-04-18 03:03:36,429][TRACE][org.elasticsearch.discovery.zen.publish] [node_t1] master node {node_t3}{9i0gKojbTKKnv4dUyhJboA}{127.0.0.1}{127.0.0.1:9440}[mode=>network] acked cluster state version [31]. processing ... (current pending [1], needed [1])
[2016-04-18 03:03:36,429][TRACE][org.elasticsearch.discovery.zen.publish] [node_t1] committing version [31]
[2016-04-18 03:03:36,429][TRACE][org.elasticsearch.discovery.zen.publish] [node_t1] sending commit for cluster state (uuid: [c1oKPwCDSCG_GJlrJhPtLw], version [31]) to [{node_t3}{9i0gKojbTKKnv4dUyhJboA}{127.0.0.1}{127.0.0.1:9440}[mode=>network]]
[2016-04-18 03:03:36,429][TRACE][org.elasticsearch.cluster.service] [node_t3] will process [zen-disco-receive(from master [master {node_t1}{YucHs-5XRNO-JChWAzIIZg}{127.0.0.1}{127.0.0.1:9441}[mode=>network] committed version [31]])]
[2016-04-18 03:03:36,429][DEBUG][org.elasticsearch.cluster.service] [node_t3] processing [zen-disco-receive(from master [master {node_t1}{YucHs-5XRNO-JChWAzIIZg}{127.0.0.1}{127.0.0.1:9441}[mode=>network] committed version [31]])]: execute
[2016-04-18 03:03:36,429][TRACE][org.elasticsearch.cluster.service] [node_t3] cluster state updated, source [zen-disco-receive(from master [master {node_t1}{YucHs-5XRNO-JChWAzIIZg}{127.0.0.1}{127.0.0.1:9441}[mode=>network] committed version [31]])]
version: 31
state uuid: c1oKPwCDSCG_GJlrJhPtLw
from_diff: false
meta data version: 26
nodes: 
   {node_t3}{9i0gKojbTKKnv4dUyhJboA}{127.0.0.1}{127.0.0.1:9440}[mode=>network], local
   {node_t1}{YucHs-5XRNO-JChWAzIIZg}{127.0.0.1}{127.0.0.1:9441}[mode=>network], master
routing_table (version 29):
-- index [test]
----shard_id [test][0]
--------[test][0], node[YucHs-5XRNO-JChWAzIIZg], [P], v[9], s[STARTED], a[id=Z8oM2vxwSmiUDNdNNYmYpA]
--------[test][0], node[9i0gKojbTKKnv4dUyhJboA], [R], v[9], s[INITIALIZING], a[id=yCuXAXIcSuSLQqpG3V0zgg], unassigned_info[[reason=NODE_LEFT], at[2016-04-18T07:03:36.339Z], details[node_left[zpsanQF7R4u6zEfa6p-Xfw]]]
----shard_id [test][1]
--------[test][1], node[YucHs-5XRNO-JChWAzIIZg], [P], v[9], s[STARTED], a[id=skolItfmTI6mUEyBLn-4fA]
--------[test][1], node[9i0gKojbTKKnv4dUyhJboA], [R], v[9], s[INITIALIZING], a[id=PCNhCQLVRfaeMOtHkKFu9Q], unassigned_info[[reason=NODE_LEFT], at[2016-04-18T07:03:36.339Z], details[node_left[zpsanQF7R4u6zEfa6p-Xfw]]]
----shard_id [test][2]
--------[test][2], node[YucHs-5XRNO-JChWAzIIZg], [P], v[8], s[STARTED], a[id=RNqthUztR6-DqnLRLToD-Q]
--------[test][2], node[null], [R], v[8], s[UNASSIGNED], unassigned_info[[reason=NODE_LEFT], at[2016-04-18T07:03:36.339Z], details[node_left[zpsanQF7R4u6zEfa6p-Xfw]]]
----shard_id [test][3]
--------[test][3], node[YucHs-5XRNO-JChWAzIIZg], [P], v[8], s[STARTED], a[id=_WxhJCFGSNa0eq_monQ5AA]
--------[test][3], node[null], [R], v[8], s[UNASSIGNED], unassigned_info[[reason=NODE_LEFT], at[2016-04-18T07:03:36.339Z], details[node_left[zpsanQF7R4u6zEfa6p-Xfw]]]
----shard_id [test][4]
--------[test][4], node[YucHs-5XRNO-JChWAzIIZg], [P], v[10], s[STARTED], a[id=0erPpWShQUWr0fCKxTfoYQ]
--------[test][4], node[9i0gKojbTKKnv4dUyhJboA], [R], v[10], s[STARTED], a[id=r4_hKa0OQ8Whl7TIkPsQ5Q]
----shard_id [test][5]
--------[test][5], node[YucHs-5XRNO-JChWAzIIZg], [P], v[8], s[STARTED], a[id=4B5yVDeUTpe5-44KssB7xg]
--------[test][5], node[null], [R], v[8], s[UNASSIGNED], unassigned_info[[reason=NODE_LEFT], at[2016-04-18T07:03:36.339Z], details[node_left[zpsanQF7R4u6zEfa6p-Xfw]]]
----shard_id [test][6]
--------[test][6], node[YucHs-5XRNO-JChWAzIIZg], [P], v[11], s[STARTED], a[id=lhxXACDDRmi5eofyvUh5ww]
--------[test][6], node[9i0gKojbTKKnv4dUyhJboA], [R], v[11], s[STARTED], a[id=32Y2ClVDTXK0JXiScGyd7g]
----shard_id [test][7]
--------[test][7], node[YucHs-5XRNO-JChWAzIIZg], [P], v[10], s[STARTED], a[id=_q3o1C7eRoG3whwcdLSwbQ]
--------[test][7], node[9i0gKojbTKKnv4dUyhJboA], [R], v[10], s[STARTED], a[id=xzoJ4qzdR2eAQ-WKqIVOVg]
----shard_id [test][8]
--------[test][8], node[YucHs-5XRNO-JChWAzIIZg], [P], v[10], s[STARTED], a[id=uERXgJeHSeixZcO4CmIKeQ]
--------[test][8], node[9i0gKojbTKKnv4dUyhJboA], [R], v[10], s[INITIALIZING], a[id=erAJgUCoRdOSbyhB8gSoZw], unassigned_info[[reason=NODE_LEFT], at[2016-04-18T07:03:36.339Z], details[node_left[zpsanQF7R4u6zEfa6p-Xfw]]]

routing_nodes:
-----node_id[YucHs-5XRNO-JChWAzIIZg][V]
--------[test][8], node[YucHs-5XRNO-JChWAzIIZg], [P], v[10], s[STARTED], a[id=uERXgJeHSeixZcO4CmIKeQ]
--------[test][3], node[YucHs-5XRNO-JChWAzIIZg], [P], v[8], s[STARTED], a[id=_WxhJCFGSNa0eq_monQ5AA]
--------[test][4], node[YucHs-5XRNO-JChWAzIIZg], [P], v[10], s[STARTED], a[id=0erPpWShQUWr0fCKxTfoYQ]
--------[test][1], node[YucHs-5XRNO-JChWAzIIZg], [P], v[9], s[STARTED], a[id=skolItfmTI6mUEyBLn-4fA]
--------[test][6], node[YucHs-5XRNO-JChWAzIIZg], [P], v[11], s[STARTED], a[id=lhxXACDDRmi5eofyvUh5ww]
--------[test][2], node[YucHs-5XRNO-JChWAzIIZg], [P], v[8], s[STARTED], a[id=RNqthUztR6-DqnLRLToD-Q]
--------[test][7], node[YucHs-5XRNO-JChWAzIIZg], [P], v[10], s[STARTED], a[id=_q3o1C7eRoG3whwcdLSwbQ]
--------[test][5], node[YucHs-5XRNO-JChWAzIIZg], [P], v[8], s[STARTED], a[id=4B5yVDeUTpe5-44KssB7xg]
--------[test][0], node[YucHs-5XRNO-JChWAzIIZg], [P], v[9], s[STARTED], a[id=Z8oM2vxwSmiUDNdNNYmYpA]
-----node_id[9i0gKojbTKKnv4dUyhJboA][V]
--------[test][8], node[9i0gKojbTKKnv4dUyhJboA], [R], v[10], s[INITIALIZING], a[id=erAJgUCoRdOSbyhB8gSoZw], unassigned_info[[reason=NODE_LEFT], at[2016-04-18T07:03:36.339Z], details[node_left[zpsanQF7R4u6zEfa6p-Xfw]]]
--------[test][4], node[9i0gKojbTKKnv4dUyhJboA], [R], v[10], s[STARTED], a[id=r4_hKa0OQ8Whl7TIkPsQ5Q]
--------[test][1], node[9i0gKojbTKKnv4dUyhJboA], [R], v[9], s[INITIALIZING], a[id=PCNhCQLVRfaeMOtHkKFu9Q], unassigned_info[[reason=NODE_LEFT], at[2016-04-18T07:03:36.339Z], details[node_left[zpsanQF7R4u6zEfa6p-Xfw]]]
--------[test][6], node[9i0gKojbTKKnv4dUyhJboA], [R], v[11], s[STARTED], a[id=32Y2ClVDTXK0JXiScGyd7g]
--------[test][7], node[9i0gKojbTKKnv4dUyhJboA], [R], v[10], s[STARTED], a[id=xzoJ4qzdR2eAQ-WKqIVOVg]
--------[test][0], node[9i0gKojbTKKnv4dUyhJboA], [R], v[9], s[INITIALIZING], a[id=yCuXAXIcSuSLQqpG3V0zgg], unassigned_info[[reason=NODE_LEFT], at[2016-04-18T07:03:36.339Z], details[node_left[zpsanQF7R4u6zEfa6p-Xfw]]]
---- unassigned
--------[test][3], node[null], [R], v[8], s[UNASSIGNED], unassigned_info[[reason=NODE_LEFT], at[2016-04-18T07:03:36.339Z], details[node_left[zpsanQF7R4u6zEfa6p-Xfw]]]
--------[test][2], node[null], [R], v[8], s[UNASSIGNED], unassigned_info[[reason=NODE_LEFT], at[2016-04-18T07:03:36.339Z], details[node_left[zpsanQF7R4u6zEfa6p-Xfw]]]
--------[test][5], node[null], [R], v[8], s[UNASSIGNED], unassigned_info[[reason=NODE_LEFT], at[2016-04-18T07:03:36.339Z], details[node_left[zpsanQF7R4u6zEfa6p-Xfw]]]

[2016-04-18 03:03:36,430][DEBUG][org.elasticsearch.cluster.service] [node_t3] set local cluster state to version 31
[2016-04-18 03:03:36,432][TRACE][org.elasticsearch.gateway] [node_t3] [test] writing state, reason [version changed from [24] to [25]]
[2016-04-18 03:03:36,433][DEBUG][org.elasticsearch.cluster.service] [node_t3] processing [zen-disco-receive(from master [master {node_t1}{YucHs-5XRNO-JChWAzIIZg}{127.0.0.1}{127.0.0.1:9441}[mode=>network] committed version [31]])]: took 3ms done applying updated cluster_state (version: 31, uuid: c1oKPwCDSCG_GJlrJhPtLw)
[2016-04-18 03:03:36,433][DEBUG][org.elasticsearch.cluster.service] [node_t1] set local cluster state to version 31
[2016-04-18 03:03:36,435][TRACE][org.elasticsearch.gateway] [node_t1] [test] writing state, reason [version changed from [24] to [25]]
[2016-04-18 03:03:36,438][DEBUG][org.elasticsearch.cluster.service] [node_t1] processing [shard-started ([test][4], node[9i0gKojbTKKnv4dUyhJboA], [R], v[9], s[INITIALIZING], a[id=r4_hKa0OQ8Whl7TIkPsQ5Q], unassigned_info[[reason=NODE_LEFT], at[2016-04-18T07:03:36.339Z], details[node_left[zpsanQF7R4u6zEfa6p-Xfw]]]), reason [after recovery (replica) from node [{node_t1}{YucHs-5XRNO-JChWAzIIZg}{127.0.0.1}{127.0.0.1:9441}[mode=>network]]]]: took 11ms done applying updated cluster_state (version: 31, uuid: c1oKPwCDSCG_GJlrJhPtLw)
[2016-04-18 03:03:36,447][TRACE][org.elasticsearch.cluster.service] [node_t1] will process [shard-started ([test][8], node[9i0gKojbTKKnv4dUyhJboA], [R], v[10], s[INITIALIZING], a[id=erAJgUCoRdOSbyhB8gSoZw], unassigned_info[[reason=NODE_LEFT], at[2016-04-18T07:03:36.339Z], details[node_left[zpsanQF7R4u6zEfa6p-Xfw]]]), reason [after recovery (replica) from node [{node_t1}{YucHs-5XRNO-JChWAzIIZg}{127.0.0.1}{127.0.0.1:9441}[mode=>network]]]]
[2016-04-18 03:03:36,447][DEBUG][org.elasticsearch.cluster.service] [node_t1] processing [shard-started ([test][8], node[9i0gKojbTKKnv4dUyhJboA], [R], v[10], s[INITIALIZING], a[id=erAJgUCoRdOSbyhB8gSoZw], unassigned_info[[reason=NODE_LEFT], at[2016-04-18T07:03:36.339Z], details[node_left[zpsanQF7R4u6zEfa6p-Xfw]]]), reason [after recovery (replica) from node [{node_t1}{YucHs-5XRNO-JChWAzIIZg}{127.0.0.1}{127.0.0.1:9441}[mode=>network]]]]: execute
[2016-04-18 03:03:36,448][TRACE][org.elasticsearch.gateway] [node_t1] [test][2], node[null], [R], v[8], s[UNASSIGNED], unassigned_info[[reason=NODE_LEFT], at[2016-04-18T07:03:36.339Z], details[node_left[zpsanQF7R4u6zEfa6p-Xfw]]]: node [node_t3] has [3.1kb/3216] bytes of re-usable data
[2016-04-18 03:03:36,448][DEBUG][org.elasticsearch.gateway] [node_t1] [test][2]: allocating [[test][2], node[null], [R], v[8], s[UNASSIGNED], unassigned_info[[reason=NODE_LEFT], at[2016-04-18T07:03:36.339Z], details[node_left[zpsanQF7R4u6zEfa6p-Xfw]]]] to [{node_t3}{9i0gKojbTKKnv4dUyhJboA}{127.0.0.1}{127.0.0.1:9440}[mode=>network]] in order to reuse its unallocated persistent store
[2016-04-18 03:03:36,448][TRACE][org.elasticsearch.gateway] [node_t1] [test][3], node[null], [R], v[8], s[UNASSIGNED], unassigned_info[[reason=NODE_LEFT], at[2016-04-18T07:03:36.339Z], details[node_left[zpsanQF7R4u6zEfa6p-Xfw]]]: ignoring allocation, can't be allocated on any node
[2016-04-18 03:03:36,448][TRACE][org.elasticsearch.gateway] [node_t1] [test][5], node[null], [R], v[8], s[UNASSIGNED], unassigned_info[[reason=NODE_LEFT], at[2016-04-18T07:03:36.339Z], details[node_left[zpsanQF7R4u6zEfa6p-Xfw]]]: ignoring allocation, can't be allocated on any node
[2016-04-18 03:03:36,448][TRACE][org.elasticsearch.cluster.service] [node_t1] cluster state updated, source [shard-started ([test][8], node[9i0gKojbTKKnv4dUyhJboA], [R], v[10], s[INITIALIZING], a[id=erAJgUCoRdOSbyhB8gSoZw], unassigned_info[[reason=NODE_LEFT], at[2016-04-18T07:03:36.339Z], details[node_left[zpsanQF7R4u6zEfa6p-Xfw]]]), reason [after recovery (replica) from node [{node_t1}{YucHs-5XRNO-JChWAzIIZg}{127.0.0.1}{127.0.0.1:9441}[mode=>network]]]]
version: 32
state uuid: 0rGcs8avSs-gwSjtubwmBg
from_diff: false
meta data version: 27
nodes: 
   {node_t3}{9i0gKojbTKKnv4dUyhJboA}{127.0.0.1}{127.0.0.1:9440}[mode=>network]
   {node_t1}{YucHs-5XRNO-JChWAzIIZg}{127.0.0.1}{127.0.0.1:9441}[mode=>network], local, master
routing_table (version 30):
-- index [test]
----shard_id [test][0]
--------[test][0], node[YucHs-5XRNO-JChWAzIIZg], [P], v[9], s[STARTED], a[id=Z8oM2vxwSmiUDNdNNYmYpA]
--------[test][0], node[9i0gKojbTKKnv4dUyhJboA], [R], v[9], s[INITIALIZING], a[id=yCuXAXIcSuSLQqpG3V0zgg], unassigned_info[[reason=NODE_LEFT], at[2016-04-18T07:03:36.339Z], details[node_left[zpsanQF7R4u6zEfa6p-Xfw]]]
----shard_id [test][1]
--------[test][1], node[YucHs-5XRNO-JChWAzIIZg], [P], v[9], s[STARTED], a[id=skolItfmTI6mUEyBLn-4fA]
--------[test][1], node[9i0gKojbTKKnv4dUyhJboA], [R], v[9], s[INITIALIZING], a[id=PCNhCQLVRfaeMOtHkKFu9Q], unassigned_info[[reason=NODE_LEFT], at[2016-04-18T07:03:36.339Z], details[node_left[zpsanQF7R4u6zEfa6p-Xfw]]]
----shard_id [test][2]
--------[test][2], node[YucHs-5XRNO-JChWAzIIZg], [P], v[9], s[STARTED], a[id=RNqthUztR6-DqnLRLToD-Q]
--------[test][2], node[9i0gKojbTKKnv4dUyhJboA], [R], v[9], s[INITIALIZING], a[id=49sl7bKOT7u5_uyO3z-jNg], unassigned_info[[reason=NODE_LEFT], at[2016-04-18T07:03:36.339Z], details[node_left[zpsanQF7R4u6zEfa6p-Xfw]]]
----shard_id [test][3]
--------[test][3], node[YucHs-5XRNO-JChWAzIIZg], [P], v[8], s[STARTED], a[id=_WxhJCFGSNa0eq_monQ5AA]
--------[test][3], node[null], [R], v[8], s[UNASSIGNED], unassigned_info[[reason=NODE_LEFT], at[2016-04-18T07:03:36.339Z], details[node_left[zpsanQF7R4u6zEfa6p-Xfw]]]
----shard_id [test][4]
--------[test][4], node[YucHs-5XRNO-JChWAzIIZg], [P], v[10], s[STARTED], a[id=0erPpWShQUWr0fCKxTfoYQ]
--------[test][4], node[9i0gKojbTKKnv4dUyhJboA], [R], v[10], s[STARTED], a[id=r4_hKa0OQ8Whl7TIkPsQ5Q]
----shard_id [test][5]
--------[test][5], node[YucHs-5XRNO-JChWAzIIZg], [P], v[8], s[STARTED], a[id=4B5yVDeUTpe5-44KssB7xg]
--------[test][5], node[null], [R], v[8], s[UNASSIGNED], unassigned_info[[reason=NODE_LEFT], at[2016-04-18T07:03:36.339Z], details[node_left[zpsanQF7R4u6zEfa6p-Xfw]]]
----shard_id [test][6]
--------[test][6], node[YucHs-5XRNO-JChWAzIIZg], [P], v[11], s[STARTED], a[id=lhxXACDDRmi5eofyvUh5ww]
--------[test][6], node[9i0gKojbTKKnv4dUyhJboA], [R], v[11], s[STARTED], a[id=32Y2ClVDTXK0JXiScGyd7g]
----shard_id [test][7]
--------[test][7], node[YucHs-5XRNO-JChWAzIIZg], [P], v[10], s[STARTED], a[id=_q3o1C7eRoG3whwcdLSwbQ]
--------[test][7], node[9i0gKojbTKKnv4dUyhJboA], [R], v[10], s[STARTED], a[id=xzoJ4qzdR2eAQ-WKqIVOVg]
----shard_id [test][8]
--------[test][8], node[YucHs-5XRNO-JChWAzIIZg], [P], v[11], s[STARTED], a[id=uERXgJeHSeixZcO4CmIKeQ]
--------[test][8], node[9i0gKojbTKKnv4dUyhJboA], [R], v[11], s[STARTED], a[id=erAJgUCoRdOSbyhB8gSoZw]

routing_nodes:
-----node_id[YucHs-5XRNO-JChWAzIIZg][V]
--------[test][8], node[YucHs-5XRNO-JChWAzIIZg], [P], v[11], s[STARTED], a[id=uERXgJeHSeixZcO4CmIKeQ]
--------[test][2], node[YucHs-5XRNO-JChWAzIIZg], [P], v[9], s[STARTED], a[id=RNqthUztR6-DqnLRLToD-Q]
--------[test][3], node[YucHs-5XRNO-JChWAzIIZg], [P], v[8], s[STARTED], a[id=_WxhJCFGSNa0eq_monQ5AA]
--------[test][5], node[YucHs-5XRNO-JChWAzIIZg], [P], v[8], s[STARTED], a[id=4B5yVDeUTpe5-44KssB7xg]
--------[test][4], node[YucHs-5XRNO-JChWAzIIZg], [P], v[10], s[STARTED], a[id=0erPpWShQUWr0fCKxTfoYQ]
--------[test][1], node[YucHs-5XRNO-JChWAzIIZg], [P], v[9], s[STARTED], a[id=skolItfmTI6mUEyBLn-4fA]
--------[test][6], node[YucHs-5XRNO-JChWAzIIZg], [P], v[11], s[STARTED], a[id=lhxXACDDRmi5eofyvUh5ww]
--------[test][7], node[YucHs-5XRNO-JChWAzIIZg], [P], v[10], s[STARTED], a[id=_q3o1C7eRoG3whwcdLSwbQ]
--------[test][0], node[YucHs-5XRNO-JChWAzIIZg], [P], v[9], s[STARTED], a[id=Z8oM2vxwSmiUDNdNNYmYpA]
-----node_id[9i0gKojbTKKnv4dUyhJboA][V]
--------[test][8], node[9i0gKojbTKKnv4dUyhJboA], [R], v[11], s[STARTED], a[id=erAJgUCoRdOSbyhB8gSoZw]
--------[test][2], node[9i0gKojbTKKnv4dUyhJboA], [R], v[9], s[INITIALIZING], a[id=49sl7bKOT7u5_uyO3z-jNg], unassigned_info[[reason=NODE_LEFT], at[2016-04-18T07:03:36.339Z], details[node_left[zpsanQF7R4u6zEfa6p-Xfw]]]
--------[test][4], node[9i0gKojbTKKnv4dUyhJboA], [R], v[10], s[STARTED], a[id=r4_hKa0OQ8Whl7TIkPsQ5Q]
--------[test][1], node[9i0gKojbTKKnv4dUyhJboA], [R], v[9], s[INITIALIZING], a[id=PCNhCQLVRfaeMOtHkKFu9Q], unassigned_info[[reason=NODE_LEFT], at[2016-04-18T07:03:36.339Z], details[node_left[zpsanQF7R4u6zEfa6p-Xfw]]]
--------[test][6], node[9i0gKojbTKKnv4dUyhJboA], [R], v[11], s[STARTED], a[id=32Y2ClVDTXK0JXiScGyd7g]
--------[test][7], node[9i0gKojbTKKnv4dUyhJboA], [R], v[10], s[STARTED], a[id=xzoJ4qzdR2eAQ-WKqIVOVg]
--------[test][0], node[9i0gKojbTKKnv4dUyhJboA], [R], v[9], s[INITIALIZING], a[id=yCuXAXIcSuSLQqpG3V0zgg], unassigned_info[[reason=NODE_LEFT], at[2016-04-18T07:03:36.339Z], details[node_left[zpsanQF7R4u6zEfa6p-Xfw]]]
---- unassigned
--------[test][3], node[null], [R], v[8], s[UNASSIGNED], unassigned_info[[reason=NODE_LEFT], at[2016-04-18T07:03:36.339Z], details[node_left[zpsanQF7R4u6zEfa6p-Xfw]]]
--------[test][5], node[null], [R], v[8], s[UNASSIGNED], unassigned_info[[reason=NODE_LEFT], at[2016-04-18T07:03:36.339Z], details[node_left[zpsanQF7R4u6zEfa6p-Xfw]]]

[2016-04-18 03:03:36,449][DEBUG][org.elasticsearch.cluster.service] [node_t1] publishing cluster state version [32]
[2016-04-18 03:03:36,450][DEBUG][org.elasticsearch.discovery.zen.publish] [node_t3] received diff cluster state version [32] with uuid [0rGcs8avSs-gwSjtubwmBg], diff size [801]
[2016-04-18 03:03:36,450][TRACE][org.elasticsearch.discovery.zen.publish] [node_t1] master node {node_t3}{9i0gKojbTKKnv4dUyhJboA}{127.0.0.1}{127.0.0.1:9440}[mode=>network] acked cluster state version [32]. processing ... (current pending [1], needed [1])
[2016-04-18 03:03:36,450][TRACE][org.elasticsearch.discovery.zen.publish] [node_t1] committing version [32]
[2016-04-18 03:03:36,450][TRACE][org.elasticsearch.discovery.zen.publish] [node_t1] sending commit for cluster state (uuid: [0rGcs8avSs-gwSjtubwmBg], version [32]) to [{node_t3}{9i0gKojbTKKnv4dUyhJboA}{127.0.0.1}{127.0.0.1:9440}[mode=>network]]
[2016-04-18 03:03:36,450][TRACE][org.elasticsearch.cluster.service] [node_t3] will process [zen-disco-receive(from master [master {node_t1}{YucHs-5XRNO-JChWAzIIZg}{127.0.0.1}{127.0.0.1:9441}[mode=>network] committed version [32]])]
[2016-04-18 03:03:36,450][DEBUG][org.elasticsearch.cluster.service] [node_t3] processing [zen-disco-receive(from master [master {node_t1}{YucHs-5XRNO-JChWAzIIZg}{127.0.0.1}{127.0.0.1:9441}[mode=>network] committed version [32]])]: execute
[2016-04-18 03:03:36,450][TRACE][org.elasticsearch.cluster.service] [node_t3] cluster state updated, source [zen-disco-receive(from master [master {node_t1}{YucHs-5XRNO-JChWAzIIZg}{127.0.0.1}{127.0.0.1:9441}[mode=>network] committed version [32]])]
version: 32
state uuid: 0rGcs8avSs-gwSjtubwmBg
from_diff: false
meta data version: 27
nodes: 
   {node_t3}{9i0gKojbTKKnv4dUyhJboA}{127.0.0.1}{127.0.0.1:9440}[mode=>network], local
   {node_t1}{YucHs-5XRNO-JChWAzIIZg}{127.0.0.1}{127.0.0.1:9441}[mode=>network], master
routing_table (version 30):
-- index [test]
----shard_id [test][0]
--------[test][0], node[YucHs-5XRNO-JChWAzIIZg], [P], v[9], s[STARTED], a[id=Z8oM2vxwSmiUDNdNNYmYpA]
--------[test][0], node[9i0gKojbTKKnv4dUyhJboA], [R], v[9], s[INITIALIZING], a[id=yCuXAXIcSuSLQqpG3V0zgg], unassigned_info[[reason=NODE_LEFT], at[2016-04-18T07:03:36.339Z], details[node_left[zpsanQF7R4u6zEfa6p-Xfw]]]
----shard_id [test][1]
--------[test][1], node[YucHs-5XRNO-JChWAzIIZg], [P], v[9], s[STARTED], a[id=skolItfmTI6mUEyBLn-4fA]
--------[test][1], node[9i0gKojbTKKnv4dUyhJboA], [R], v[9], s[INITIALIZING], a[id=PCNhCQLVRfaeMOtHkKFu9Q], unassigned_info[[reason=NODE_LEFT], at[2016-04-18T07:03:36.339Z], details[node_left[zpsanQF7R4u6zEfa6p-Xfw]]]
----shard_id [test][2]
--------[test][2], node[YucHs-5XRNO-JChWAzIIZg], [P], v[9], s[STARTED], a[id=RNqthUztR6-DqnLRLToD-Q]
--------[test][2], node[9i0gKojbTKKnv4dUyhJboA], [R], v[9], s[INITIALIZING], a[id=49sl7bKOT7u5_uyO3z-jNg], unassigned_info[[reason=NODE_LEFT], at[2016-04-18T07:03:36.339Z], details[node_left[zpsanQF7R4u6zEfa6p-Xfw]]]
----shard_id [test][3]
--------[test][3], node[YucHs-5XRNO-JChWAzIIZg], [P], v[8], s[STARTED], a[id=_WxhJCFGSNa0eq_monQ5AA]
--------[test][3], node[null], [R], v[8], s[UNASSIGNED], unassigned_info[[reason=NODE_LEFT], at[2016-04-18T07:03:36.339Z], details[node_left[zpsanQF7R4u6zEfa6p-Xfw]]]
----shard_id [test][4]
--------[test][4], node[YucHs-5XRNO-JChWAzIIZg], [P], v[10], s[STARTED], a[id=0erPpWShQUWr0fCKxTfoYQ]
--------[test][4], node[9i0gKojbTKKnv4dUyhJboA], [R], v[10], s[STARTED], a[id=r4_hKa0OQ8Whl7TIkPsQ5Q]
----shard_id [test][5]
--------[test][5], node[YucHs-5XRNO-JChWAzIIZg], [P], v[8], s[STARTED], a[id=4B5yVDeUTpe5-44KssB7xg]
--------[test][5], node[null], [R], v[8], s[UNASSIGNED], unassigned_info[[reason=NODE_LEFT], at[2016-04-18T07:03:36.339Z], details[node_left[zpsanQF7R4u6zEfa6p-Xfw]]]
----shard_id [test][6]
--------[test][6], node[YucHs-5XRNO-JChWAzIIZg], [P], v[11], s[STARTED], a[id=lhxXACDDRmi5eofyvUh5ww]
--------[test][6], node[9i0gKojbTKKnv4dUyhJboA], [R], v[11], s[STARTED], a[id=32Y2ClVDTXK0JXiScGyd7g]
----shard_id [test][7]
--------[test][7], node[YucHs-5XRNO-JChWAzIIZg], [P], v[10], s[STARTED], a[id=_q3o1C7eRoG3whwcdLSwbQ]
--------[test][7], node[9i0gKojbTKKnv4dUyhJboA], [R], v[10], s[STARTED], a[id=xzoJ4qzdR2eAQ-WKqIVOVg]
----shard_id [test][8]
--------[test][8], node[YucHs-5XRNO-JChWAzIIZg], [P], v[11], s[STARTED], a[id=uERXgJeHSeixZcO4CmIKeQ]
--------[test][8], node[9i0gKojbTKKnv4dUyhJboA], [R], v[11], s[STARTED], a[id=erAJgUCoRdOSbyhB8gSoZw]

routing_nodes:
-----node_id[YucHs-5XRNO-JChWAzIIZg][V]
--------[test][1], node[YucHs-5XRNO-JChWAzIIZg], [P], v[9], s[STARTED], a[id=skolItfmTI6mUEyBLn-4fA]
--------[test][8], node[YucHs-5XRNO-JChWAzIIZg], [P], v[11], s[STARTED], a[id=uERXgJeHSeixZcO4CmIKeQ]
--------[test][2], node[YucHs-5XRNO-JChWAzIIZg], [P], v[9], s[STARTED], a[id=RNqthUztR6-DqnLRLToD-Q]
--------[test][3], node[YucHs-5XRNO-JChWAzIIZg], [P], v[8], s[STARTED], a[id=_WxhJCFGSNa0eq_monQ5AA]
--------[test][5], node[YucHs-5XRNO-JChWAzIIZg], [P], v[8], s[STARTED], a[id=4B5yVDeUTpe5-44KssB7xg]
--------[test][7], node[YucHs-5XRNO-JChWAzIIZg], [P], v[10], s[STARTED], a[id=_q3o1C7eRoG3whwcdLSwbQ]
--------[test][6], node[YucHs-5XRNO-JChWAzIIZg], [P], v[11], s[STARTED], a[id=lhxXACDDRmi5eofyvUh5ww]
--------[test][4], node[YucHs-5XRNO-JChWAzIIZg], [P], v[10], s[STARTED], a[id=0erPpWShQUWr0fCKxTfoYQ]
--------[test][0], node[YucHs-5XRNO-JChWAzIIZg], [P], v[9], s[STARTED], a[id=Z8oM2vxwSmiUDNdNNYmYpA]
-----node_id[9i0gKojbTKKnv4dUyhJboA][V]
--------[test][1], node[9i0gKojbTKKnv4dUyhJboA], [R], v[9], s[INITIALIZING], a[id=PCNhCQLVRfaeMOtHkKFu9Q], unassigned_info[[reason=NODE_LEFT], at[2016-04-18T07:03:36.339Z], details[node_left[zpsanQF7R4u6zEfa6p-Xfw]]]
--------[test][8], node[9i0gKojbTKKnv4dUyhJboA], [R], v[11], s[STARTED], a[id=erAJgUCoRdOSbyhB8gSoZw]
--------[test][2], node[9i0gKojbTKKnv4dUyhJboA], [R], v[9], s[INITIALIZING], a[id=49sl7bKOT7u5_uyO3z-jNg], unassigned_info[[reason=NODE_LEFT], at[2016-04-18T07:03:36.339Z], details[node_left[zpsanQF7R4u6zEfa6p-Xfw]]]
--------[test][7], node[9i0gKojbTKKnv4dUyhJboA], [R], v[10], s[STARTED], a[id=xzoJ4qzdR2eAQ-WKqIVOVg]
--------[test][6], node[9i0gKojbTKKnv4dUyhJboA], [R], v[11], s[STARTED], a[id=32Y2ClVDTXK0JXiScGyd7g]
--------[test][4], node[9i0gKojbTKKnv4dUyhJboA], [R], v[10], s[STARTED], a[id=r4_hKa0OQ8Whl7TIkPsQ5Q]
--------[test][0], node[9i0gKojbTKKnv4dUyhJboA], [R], v[9], s[INITIALIZING], a[id=yCuXAXIcSuSLQqpG3V0zgg], unassigned_info[[reason=NODE_LEFT], at[2016-04-18T07:03:36.339Z], details[node_left[zpsanQF7R4u6zEfa6p-Xfw]]]
---- unassigned
--------[test][3], node[null], [R], v[8], s[UNASSIGNED], unassigned_info[[reason=NODE_LEFT], at[2016-04-18T07:03:36.339Z], details[node_left[zpsanQF7R4u6zEfa6p-Xfw]]]
--------[test][5], node[null], [R], v[8], s[UNASSIGNED], unassigned_info[[reason=NODE_LEFT], at[2016-04-18T07:03:36.339Z], details[node_left[zpsanQF7R4u6zEfa6p-Xfw]]]

[2016-04-18 03:03:36,451][DEBUG][org.elasticsearch.cluster.service] [node_t3] set local cluster state to version 32
[2016-04-18 03:03:36,453][TRACE][org.elasticsearch.gateway] [node_t3] [test] writing state, reason [version changed from [25] to [26]]
[2016-04-18 03:03:36,457][DEBUG][org.elasticsearch.cluster.service] [node_t3] processing [zen-disco-receive(from master [master {node_t1}{YucHs-5XRNO-JChWAzIIZg}{127.0.0.1}{127.0.0.1:9441}[mode=>network] committed version [32]])]: took 6ms done applying updated cluster_state (version: 32, uuid: 0rGcs8avSs-gwSjtubwmBg)
[2016-04-18 03:03:36,457][DEBUG][org.elasticsearch.cluster.service] [node_t1] set local cluster state to version 32
[2016-04-18 03:03:36,463][TRACE][org.elasticsearch.gateway] [node_t1] [test] writing state, reason [version changed from [25] to [26]]
[2016-04-18 03:03:36,464][DEBUG][org.elasticsearch.cluster.service] [node_t1] processing [shard-started ([test][8], node[9i0gKojbTKKnv4dUyhJboA], [R], v[10], s[INITIALIZING], a[id=erAJgUCoRdOSbyhB8gSoZw], unassigned_info[[reason=NODE_LEFT], at[2016-04-18T07:03:36.339Z], details[node_left[zpsanQF7R4u6zEfa6p-Xfw]]]), reason [after recovery (replica) from node [{node_t1}{YucHs-5XRNO-JChWAzIIZg}{127.0.0.1}{127.0.0.1:9441}[mode=>network]]]]: took 16ms done applying updated cluster_state (version: 32, uuid: 0rGcs8avSs-gwSjtubwmBg)
[2016-04-18 03:03:36,464][TRACE][org.elasticsearch.cluster.service] [node_t1] will process [shard-started ([test][1], node[9i0gKojbTKKnv4dUyhJboA], [R], v[9], s[INITIALIZING], a[id=PCNhCQLVRfaeMOtHkKFu9Q], unassigned_info[[reason=NODE_LEFT], at[2016-04-18T07:03:36.339Z], details[node_left[zpsanQF7R4u6zEfa6p-Xfw]]]), reason [after recovery (replica) from node [{node_t1}{YucHs-5XRNO-JChWAzIIZg}{127.0.0.1}{127.0.0.1:9441}[mode=>network]]]]
[2016-04-18 03:03:36,464][DEBUG][org.elasticsearch.cluster.service] [node_t1] processing [shard-started ([test][1], node[9i0gKojbTKKnv4dUyhJboA], [R], v[9], s[INITIALIZING], a[id=PCNhCQLVRfaeMOtHkKFu9Q], unassigned_info[[reason=NODE_LEFT], at[2016-04-18T07:03:36.339Z], details[node_left[zpsanQF7R4u6zEfa6p-Xfw]]]), reason [after recovery (replica) from node [{node_t1}{YucHs-5XRNO-JChWAzIIZg}{127.0.0.1}{127.0.0.1:9441}[mode=>network]]]]: execute
[2016-04-18 03:03:36,465][TRACE][org.elasticsearch.gateway] [node_t1] [test][5], node[null], [R], v[8], s[UNASSIGNED], unassigned_info[[reason=NODE_LEFT], at[2016-04-18T07:03:36.339Z], details[node_left[zpsanQF7R4u6zEfa6p-Xfw]]]: node [node_t3] has [3.2kb/3329] bytes of re-usable data
[2016-04-18 03:03:36,465][DEBUG][org.elasticsearch.gateway] [node_t1] [test][5]: allocating [[test][5], node[null], [R], v[8], s[UNASSIGNED], unassigned_info[[reason=NODE_LEFT], at[2016-04-18T07:03:36.339Z], details[node_left[zpsanQF7R4u6zEfa6p-Xfw]]]] to [{node_t3}{9i0gKojbTKKnv4dUyhJboA}{127.0.0.1}{127.0.0.1:9440}[mode=>network]] in order to reuse its unallocated persistent store
[2016-04-18 03:03:36,465][TRACE][org.elasticsearch.gateway] [node_t1] [test][3], node[null], [R], v[8], s[UNASSIGNED], unassigned_info[[reason=NODE_LEFT], at[2016-04-18T07:03:36.339Z], details[node_left[zpsanQF7R4u6zEfa6p-Xfw]]]: ignoring allocation, can't be allocated on any node
[2016-04-18 03:03:36,465][TRACE][org.elasticsearch.cluster.service] [node_t1] cluster state updated, source [shard-started ([test][1], node[9i0gKojbTKKnv4dUyhJboA], [R], v[9], s[INITIALIZING], a[id=PCNhCQLVRfaeMOtHkKFu9Q], unassigned_info[[reason=NODE_LEFT], at[2016-04-18T07:03:36.339Z], details[node_left[zpsanQF7R4u6zEfa6p-Xfw]]]), reason [after recovery (replica) from node [{node_t1}{YucHs-5XRNO-JChWAzIIZg}{127.0.0.1}{127.0.0.1:9441}[mode=>network]]]]
version: 33
state uuid: RikCIoQ7RreYVlTVuDWiMw
from_diff: false
meta data version: 28
nodes: 
   {node_t3}{9i0gKojbTKKnv4dUyhJboA}{127.0.0.1}{127.0.0.1:9440}[mode=>network]
   {node_t1}{YucHs-5XRNO-JChWAzIIZg}{127.0.0.1}{127.0.0.1:9441}[mode=>network], local, master
routing_table (version 31):
-- index [test]
----shard_id [test][0]
--------[test][0], node[YucHs-5XRNO-JChWAzIIZg], [P], v[9], s[STARTED], a[id=Z8oM2vxwSmiUDNdNNYmYpA]
--------[test][0], node[9i0gKojbTKKnv4dUyhJboA], [R], v[9], s[INITIALIZING], a[id=yCuXAXIcSuSLQqpG3V0zgg], unassigned_info[[reason=NODE_LEFT], at[2016-04-18T07:03:36.339Z], details[node_left[zpsanQF7R4u6zEfa6p-Xfw]]]
----shard_id [test][1]
--------[test][1], node[YucHs-5XRNO-JChWAzIIZg], [P], v[10], s[STARTED], a[id=skolItfmTI6mUEyBLn-4fA]
--------[test][1], node[9i0gKojbTKKnv4dUyhJboA], [R], v[10], s[STARTED], a[id=PCNhCQLVRfaeMOtHkKFu9Q]
----shard_id [test][2]
--------[test][2], node[YucHs-5XRNO-JChWAzIIZg], [P], v[9], s[STARTED], a[id=RNqthUztR6-DqnLRLToD-Q]
--------[test][2], node[9i0gKojbTKKnv4dUyhJboA], [R], v[9], s[INITIALIZING], a[id=49sl7bKOT7u5_uyO3z-jNg], unassigned_info[[reason=NODE_LEFT], at[2016-04-18T07:03:36.339Z], details[node_left[zpsanQF7R4u6zEfa6p-Xfw]]]
----shard_id [test][3]
--------[test][3], node[YucHs-5XRNO-JChWAzIIZg], [P], v[8], s[STARTED], a[id=_WxhJCFGSNa0eq_monQ5AA]
--------[test][3], node[null], [R], v[8], s[UNASSIGNED], unassigned_info[[reason=NODE_LEFT], at[2016-04-18T07:03:36.339Z], details[node_left[zpsanQF7R4u6zEfa6p-Xfw]]]
----shard_id [test][4]
--------[test][4], node[YucHs-5XRNO-JChWAzIIZg], [P], v[10], s[STARTED], a[id=0erPpWShQUWr0fCKxTfoYQ]
--------[test][4], node[9i0gKojbTKKnv4dUyhJboA], [R], v[10], s[STARTED], a[id=r4_hKa0OQ8Whl7TIkPsQ5Q]
----shard_id [test][5]
--------[test][5], node[YucHs-5XRNO-JChWAzIIZg], [P], v[9], s[STARTED], a[id=4B5yVDeUTpe5-44KssB7xg]
--------[test][5], node[9i0gKojbTKKnv4dUyhJboA], [R], v[9], s[INITIALIZING], a[id=_nUbPiiERh62FyZPJAex4g], unassigned_info[[reason=NODE_LEFT], at[2016-04-18T07:03:36.339Z], details[node_left[zpsanQF7R4u6zEfa6p-Xfw]]]
----shard_id [test][6]
--------[test][6], node[YucHs-5XRNO-JChWAzIIZg], [P], v[11], s[STARTED], a[id=lhxXACDDRmi5eofyvUh5ww]
--------[test][6], node[9i0gKojbTKKnv4dUyhJboA], [R], v[11], s[STARTED], a[id=32Y2ClVDTXK0JXiScGyd7g]
----shard_id [test][7]
--------[test][7], node[YucHs-5XRNO-JChWAzIIZg], [P], v[10], s[STARTED], a[id=_q3o1C7eRoG3whwcdLSwbQ]
--------[test][7], node[9i0gKojbTKKnv4dUyhJboA], [R], v[10], s[STARTED], a[id=xzoJ4qzdR2eAQ-WKqIVOVg]
----shard_id [test][8]
--------[test][8], node[YucHs-5XRNO-JChWAzIIZg], [P], v[11], s[STARTED], a[id=uERXgJeHSeixZcO4CmIKeQ]
--------[test][8], node[9i0gKojbTKKnv4dUyhJboA], [R], v[11], s[STARTED], a[id=erAJgUCoRdOSbyhB8gSoZw]

routing_nodes:
-----node_id[YucHs-5XRNO-JChWAzIIZg][V]
--------[test][6], node[YucHs-5XRNO-JChWAzIIZg], [P], v[11], s[STARTED], a[id=lhxXACDDRmi5eofyvUh5ww]
--------[test][5], node[YucHs-5XRNO-JChWAzIIZg], [P], v[9], s[STARTED], a[id=4B5yVDeUTpe5-44KssB7xg]
--------[test][3], node[YucHs-5XRNO-JChWAzIIZg], [P], v[8], s[STARTED], a[id=_WxhJCFGSNa0eq_monQ5AA]
--------[test][2], node[YucHs-5XRNO-JChWAzIIZg], [P], v[9], s[STARTED], a[id=RNqthUztR6-DqnLRLToD-Q]
--------[test][1], node[YucHs-5XRNO-JChWAzIIZg], [P], v[10], s[STARTED], a[id=skolItfmTI6mUEyBLn-4fA]
--------[test][8], node[YucHs-5XRNO-JChWAzIIZg], [P], v[11], s[STARTED], a[id=uERXgJeHSeixZcO4CmIKeQ]
--------[test][7], node[YucHs-5XRNO-JChWAzIIZg], [P], v[10], s[STARTED], a[id=_q3o1C7eRoG3whwcdLSwbQ]
--------[test][4], node[YucHs-5XRNO-JChWAzIIZg], [P], v[10], s[STARTED], a[id=0erPpWShQUWr0fCKxTfoYQ]
--------[test][0], node[YucHs-5XRNO-JChWAzIIZg], [P], v[9], s[STARTED], a[id=Z8oM2vxwSmiUDNdNNYmYpA]
-----node_id[9i0gKojbTKKnv4dUyhJboA][V]
--------[test][6], node[9i0gKojbTKKnv4dUyhJboA], [R], v[11], s[STARTED], a[id=32Y2ClVDTXK0JXiScGyd7g]
--------[test][5], node[9i0gKojbTKKnv4dUyhJboA], [R], v[9], s[INITIALIZING], a[id=_nUbPiiERh62FyZPJAex4g], unassigned_info[[reason=NODE_LEFT], at[2016-04-18T07:03:36.339Z], details[node_left[zpsanQF7R4u6zEfa6p-Xfw]]]
--------[test][2], node[9i0gKojbTKKnv4dUyhJboA], [R], v[9], s[INITIALIZING], a[id=49sl7bKOT7u5_uyO3z-jNg], unassigned_info[[reason=NODE_LEFT], at[2016-04-18T07:03:36.339Z], details[node_left[zpsanQF7R4u6zEfa6p-Xfw]]]
--------[test][1], node[9i0gKojbTKKnv4dUyhJboA], [R], v[10], s[STARTED], a[id=PCNhCQLVRfaeMOtHkKFu9Q]
--------[test][8], node[9i0gKojbTKKnv4dUyhJboA], [R], v[11], s[STARTED], a[id=erAJgUCoRdOSbyhB8gSoZw]
--------[test][7], node[9i0gKojbTKKnv4dUyhJboA], [R], v[10], s[STARTED], a[id=xzoJ4qzdR2eAQ-WKqIVOVg]
--------[test][4], node[9i0gKojbTKKnv4dUyhJboA], [R], v[10], s[STARTED], a[id=r4_hKa0OQ8Whl7TIkPsQ5Q]
--------[test][0], node[9i0gKojbTKKnv4dUyhJboA], [R], v[9], s[INITIALIZING], a[id=yCuXAXIcSuSLQqpG3V0zgg], unassigned_info[[reason=NODE_LEFT], at[2016-04-18T07:03:36.339Z], details[node_left[zpsanQF7R4u6zEfa6p-Xfw]]]
---- unassigned
--------[test][3], node[null], [R], v[8], s[UNASSIGNED], unassigned_info[[reason=NODE_LEFT], at[2016-04-18T07:03:36.339Z], details[node_left[zpsanQF7R4u6zEfa6p-Xfw]]]

[2016-04-18 03:03:36,466][DEBUG][org.elasticsearch.cluster.service] [node_t1] publishing cluster state version [33]
[2016-04-18 03:03:36,466][DEBUG][org.elasticsearch.discovery.zen.publish] [node_t3] received diff cluster state version [33] with uuid [RikCIoQ7RreYVlTVuDWiMw], diff size [822]
[2016-04-18 03:03:36,466][TRACE][org.elasticsearch.discovery.zen.publish] [node_t1] master node {node_t3}{9i0gKojbTKKnv4dUyhJboA}{127.0.0.1}{127.0.0.1:9440}[mode=>network] acked cluster state version [33]. processing ... (current pending [1], needed [1])
[2016-04-18 03:03:36,466][TRACE][org.elasticsearch.discovery.zen.publish] [node_t1] committing version [33]
[2016-04-18 03:03:36,466][TRACE][org.elasticsearch.discovery.zen.publish] [node_t1] sending commit for cluster state (uuid: [RikCIoQ7RreYVlTVuDWiMw], version [33]) to [{node_t3}{9i0gKojbTKKnv4dUyhJboA}{127.0.0.1}{127.0.0.1:9440}[mode=>network]]
[2016-04-18 03:03:36,466][TRACE][org.elasticsearch.cluster.service] [node_t3] will process [zen-disco-receive(from master [master {node_t1}{YucHs-5XRNO-JChWAzIIZg}{127.0.0.1}{127.0.0.1:9441}[mode=>network] committed version [33]])]
[2016-04-18 03:03:36,466][DEBUG][org.elasticsearch.cluster.service] [node_t3] processing [zen-disco-receive(from master [master {node_t1}{YucHs-5XRNO-JChWAzIIZg}{127.0.0.1}{127.0.0.1:9441}[mode=>network] committed version [33]])]: execute
[2016-04-18 03:03:36,467][TRACE][org.elasticsearch.cluster.service] [node_t3] cluster state updated, source [zen-disco-receive(from master [master {node_t1}{YucHs-5XRNO-JChWAzIIZg}{127.0.0.1}{127.0.0.1:9441}[mode=>network] committed version [33]])]
version: 33
state uuid: RikCIoQ7RreYVlTVuDWiMw
from_diff: false
meta data version: 28
nodes: 
   {node_t3}{9i0gKojbTKKnv4dUyhJboA}{127.0.0.1}{127.0.0.1:9440}[mode=>network], local
   {node_t1}{YucHs-5XRNO-JChWAzIIZg}{127.0.0.1}{127.0.0.1:9441}[mode=>network], master
routing_table (version 31):
-- index [test]
----shard_id [test][0]
--------[test][0], node[YucHs-5XRNO-JChWAzIIZg], [P], v[9], s[STARTED], a[id=Z8oM2vxwSmiUDNdNNYmYpA]
--------[test][0], node[9i0gKojbTKKnv4dUyhJboA], [R], v[9], s[INITIALIZING], a[id=yCuXAXIcSuSLQqpG3V0zgg], unassigned_info[[reason=NODE_LEFT], at[2016-04-18T07:03:36.339Z], details[node_left[zpsanQF7R4u6zEfa6p-Xfw]]]
----shard_id [test][1]
--------[test][1], node[YucHs-5XRNO-JChWAzIIZg], [P], v[10], s[STARTED], a[id=skolItfmTI6mUEyBLn-4fA]
--------[test][1], node[9i0gKojbTKKnv4dUyhJboA], [R], v[10], s[STARTED], a[id=PCNhCQLVRfaeMOtHkKFu9Q]
----shard_id [test][2]
--------[test][2], node[YucHs-5XRNO-JChWAzIIZg], [P], v[9], s[STARTED], a[id=RNqthUztR6-DqnLRLToD-Q]
--------[test][2], node[9i0gKojbTKKnv4dUyhJboA], [R], v[9], s[INITIALIZING], a[id=49sl7bKOT7u5_uyO3z-jNg], unassigned_info[[reason=NODE_LEFT], at[2016-04-18T07:03:36.339Z], details[node_left[zpsanQF7R4u6zEfa6p-Xfw]]]
----shard_id [test][3]
--------[test][3], node[YucHs-5XRNO-JChWAzIIZg], [P], v[8], s[STARTED], a[id=_WxhJCFGSNa0eq_monQ5AA]
--------[test][3], node[null], [R], v[8], s[UNASSIGNED], unassigned_info[[reason=NODE_LEFT], at[2016-04-18T07:03:36.339Z], details[node_left[zpsanQF7R4u6zEfa6p-Xfw]]]
----shard_id [test][4]
--------[test][4], node[YucHs-5XRNO-JChWAzIIZg], [P], v[10], s[STARTED], a[id=0erPpWShQUWr0fCKxTfoYQ]
--------[test][4], node[9i0gKojbTKKnv4dUyhJboA], [R], v[10], s[STARTED], a[id=r4_hKa0OQ8Whl7TIkPsQ5Q]
----shard_id [test][5]
--------[test][5], node[YucHs-5XRNO-JChWAzIIZg], [P], v[9], s[STARTED], a[id=4B5yVDeUTpe5-44KssB7xg]
--------[test][5], node[9i0gKojbTKKnv4dUyhJboA], [R], v[9], s[INITIALIZING], a[id=_nUbPiiERh62FyZPJAex4g], unassigned_info[[reason=NODE_LEFT], at[2016-04-18T07:03:36.339Z], details[node_left[zpsanQF7R4u6zEfa6p-Xfw]]]
----shard_id [test][6]
--------[test][6], node[YucHs-5XRNO-JChWAzIIZg], [P], v[11], s[STARTED], a[id=lhxXACDDRmi5eofyvUh5ww]
--------[test][6], node[9i0gKojbTKKnv4dUyhJboA], [R], v[11], s[STARTED], a[id=32Y2ClVDTXK0JXiScGyd7g]
----shard_id [test][7]
--------[test][7], node[YucHs-5XRNO-JChWAzIIZg], [P], v[10], s[STARTED], a[id=_q3o1C7eRoG3whwcdLSwbQ]
--------[test][7], node[9i0gKojbTKKnv4dUyhJboA], [R], v[10], s[STARTED], a[id=xzoJ4qzdR2eAQ-WKqIVOVg]
----shard_id [test][8]
--------[test][8], node[YucHs-5XRNO-JChWAzIIZg], [P], v[11], s[STARTED], a[id=uERXgJeHSeixZcO4CmIKeQ]
--------[test][8], node[9i0gKojbTKKnv4dUyhJboA], [R], v[11], s[STARTED], a[id=erAJgUCoRdOSbyhB8gSoZw]

routing_nodes:
-----node_id[YucHs-5XRNO-JChWAzIIZg][V]
--------[test][8], node[YucHs-5XRNO-JChWAzIIZg], [P], v[11], s[STARTED], a[id=uERXgJeHSeixZcO4CmIKeQ]
--------[test][3], node[YucHs-5XRNO-JChWAzIIZg], [P], v[8], s[STARTED], a[id=_WxhJCFGSNa0eq_monQ5AA]
--------[test][6], node[YucHs-5XRNO-JChWAzIIZg], [P], v[11], s[STARTED], a[id=lhxXACDDRmi5eofyvUh5ww]
--------[test][1], node[YucHs-5XRNO-JChWAzIIZg], [P], v[10], s[STARTED], a[id=skolItfmTI6mUEyBLn-4fA]
--------[test][2], node[YucHs-5XRNO-JChWAzIIZg], [P], v[9], s[STARTED], a[id=RNqthUztR6-DqnLRLToD-Q]
--------[test][7], node[YucHs-5XRNO-JChWAzIIZg], [P], v[10], s[STARTED], a[id=_q3o1C7eRoG3whwcdLSwbQ]
--------[test][5], node[YucHs-5XRNO-JChWAzIIZg], [P], v[9], s[STARTED], a[id=4B5yVDeUTpe5-44KssB7xg]
--------[test][4], node[YucHs-5XRNO-JChWAzIIZg], [P], v[10], s[STARTED], a[id=0erPpWShQUWr0fCKxTfoYQ]
--------[test][0], node[YucHs-5XRNO-JChWAzIIZg], [P], v[9], s[STARTED], a[id=Z8oM2vxwSmiUDNdNNYmYpA]
-----node_id[9i0gKojbTKKnv4dUyhJboA][V]
--------[test][8], node[9i0gKojbTKKnv4dUyhJboA], [R], v[11], s[STARTED], a[id=erAJgUCoRdOSbyhB8gSoZw]
--------[test][6], node[9i0gKojbTKKnv4dUyhJboA], [R], v[11], s[STARTED], a[id=32Y2ClVDTXK0JXiScGyd7g]
--------[test][1], node[9i0gKojbTKKnv4dUyhJboA], [R], v[10], s[STARTED], a[id=PCNhCQLVRfaeMOtHkKFu9Q]
--------[test][2], node[9i0gKojbTKKnv4dUyhJboA], [R], v[9], s[INITIALIZING], a[id=49sl7bKOT7u5_uyO3z-jNg], unassigned_info[[reason=NODE_LEFT], at[2016-04-18T07:03:36.339Z], details[node_left[zpsanQF7R4u6zEfa6p-Xfw]]]
--------[test][7], node[9i0gKojbTKKnv4dUyhJboA], [R], v[10], s[STARTED], a[id=xzoJ4qzdR2eAQ-WKqIVOVg]
--------[test][5], node[9i0gKojbTKKnv4dUyhJboA], [R], v[9], s[INITIALIZING], a[id=_nUbPiiERh62FyZPJAex4g], unassigned_info[[reason=NODE_LEFT], at[2016-04-18T07:03:36.339Z], details[node_left[zpsanQF7R4u6zEfa6p-Xfw]]]
--------[test][4], node[9i0gKojbTKKnv4dUyhJboA], [R], v[10], s[STARTED], a[id=r4_hKa0OQ8Whl7TIkPsQ5Q]
--------[test][0], node[9i0gKojbTKKnv4dUyhJboA], [R], v[9], s[INITIALIZING], a[id=yCuXAXIcSuSLQqpG3V0zgg], unassigned_info[[reason=NODE_LEFT], at[2016-04-18T07:03:36.339Z], details[node_left[zpsanQF7R4u6zEfa6p-Xfw]]]
---- unassigned
--------[test][3], node[null], [R], v[8], s[UNASSIGNED], unassigned_info[[reason=NODE_LEFT], at[2016-04-18T07:03:36.339Z], details[node_left[zpsanQF7R4u6zEfa6p-Xfw]]]

[2016-04-18 03:03:36,467][DEBUG][org.elasticsearch.cluster.service] [node_t3] set local cluster state to version 33
[2016-04-18 03:03:36,470][TRACE][org.elasticsearch.gateway] [node_t3] [test] writing state, reason [version changed from [26] to [27]]
[2016-04-18 03:03:36,471][DEBUG][org.elasticsearch.cluster.service] [node_t3] processing [zen-disco-receive(from master [master {node_t1}{YucHs-5XRNO-JChWAzIIZg}{127.0.0.1}{127.0.0.1:9441}[mode=>network] committed version [33]])]: took 4ms done applying updated cluster_state (version: 33, uuid: RikCIoQ7RreYVlTVuDWiMw)
[2016-04-18 03:03:36,472][DEBUG][org.elasticsearch.cluster.service] [node_t1] set local cluster state to version 33
[2016-04-18 03:03:36,474][TRACE][org.elasticsearch.gateway] [node_t1] [test] writing state, reason [version changed from [26] to [27]]
[2016-04-18 03:03:36,476][DEBUG][org.elasticsearch.cluster.service] [node_t1] processing [shard-started ([test][1], node[9i0gKojbTKKnv4dUyhJboA], [R], v[9], s[INITIALIZING], a[id=PCNhCQLVRfaeMOtHkKFu9Q], unassigned_info[[reason=NODE_LEFT], at[2016-04-18T07:03:36.339Z], details[node_left[zpsanQF7R4u6zEfa6p-Xfw]]]), reason [after recovery (replica) from node [{node_t1}{YucHs-5XRNO-JChWAzIIZg}{127.0.0.1}{127.0.0.1:9441}[mode=>network]]]]: took 11ms done applying updated cluster_state (version: 33, uuid: RikCIoQ7RreYVlTVuDWiMw)
[2016-04-18 03:03:36,479][TRACE][org.elasticsearch.cluster.service] [node_t1] will process [shard-started ([test][0], node[9i0gKojbTKKnv4dUyhJboA], [R], v[9], s[INITIALIZING], a[id=yCuXAXIcSuSLQqpG3V0zgg], unassigned_info[[reason=NODE_LEFT], at[2016-04-18T07:03:36.339Z], details[node_left[zpsanQF7R4u6zEfa6p-Xfw]]]), reason [after recovery (replica) from node [{node_t1}{YucHs-5XRNO-JChWAzIIZg}{127.0.0.1}{127.0.0.1:9441}[mode=>network]]]]
[2016-04-18 03:03:36,479][DEBUG][org.elasticsearch.cluster.service] [node_t1] processing [shard-started ([test][0], node[9i0gKojbTKKnv4dUyhJboA], [R], v[9], s[INITIALIZING], a[id=yCuXAXIcSuSLQqpG3V0zgg], unassigned_info[[reason=NODE_LEFT], at[2016-04-18T07:03:36.339Z], details[node_left[zpsanQF7R4u6zEfa6p-Xfw]]]), reason [after recovery (replica) from node [{node_t1}{YucHs-5XRNO-JChWAzIIZg}{127.0.0.1}{127.0.0.1:9441}[mode=>network]]]]: execute
[2016-04-18 03:03:36,479][TRACE][org.elasticsearch.gateway] [node_t1] [test][3], node[null], [R], v[8], s[UNASSIGNED], unassigned_info[[reason=NODE_LEFT], at[2016-04-18T07:03:36.339Z], details[node_left[zpsanQF7R4u6zEfa6p-Xfw]]]: node [node_t3] has [3.1kb/3274] bytes of re-usable data
[2016-04-18 03:03:36,479][DEBUG][org.elasticsearch.gateway] [node_t1] [test][3]: allocating [[test][3], node[null], [R], v[8], s[UNASSIGNED], unassigned_info[[reason=NODE_LEFT], at[2016-04-18T07:03:36.339Z], details[node_left[zpsanQF7R4u6zEfa6p-Xfw]]]] to [{node_t3}{9i0gKojbTKKnv4dUyhJboA}{127.0.0.1}{127.0.0.1:9440}[mode=>network]] in order to reuse its unallocated persistent store
[2016-04-18 03:03:36,480][TRACE][org.elasticsearch.cluster.service] [node_t1] cluster state updated, source [shard-started ([test][0], node[9i0gKojbTKKnv4dUyhJboA], [R], v[9], s[INITIALIZING], a[id=yCuXAXIcSuSLQqpG3V0zgg], unassigned_info[[reason=NODE_LEFT], at[2016-04-18T07:03:36.339Z], details[node_left[zpsanQF7R4u6zEfa6p-Xfw]]]), reason [after recovery (replica) from node [{node_t1}{YucHs-5XRNO-JChWAzIIZg}{127.0.0.1}{127.0.0.1:9441}[mode=>network]]]]
version: 34
state uuid: P8HgMp7MT--0jvJZYGdpKA
from_diff: false
meta data version: 29
nodes: 
   {node_t3}{9i0gKojbTKKnv4dUyhJboA}{127.0.0.1}{127.0.0.1:9440}[mode=>network]
   {node_t1}{YucHs-5XRNO-JChWAzIIZg}{127.0.0.1}{127.0.0.1:9441}[mode=>network], local, master
routing_table (version 32):
-- index [test]
----shard_id [test][0]
--------[test][0], node[YucHs-5XRNO-JChWAzIIZg], [P], v[10], s[STARTED], a[id=Z8oM2vxwSmiUDNdNNYmYpA]
--------[test][0], node[9i0gKojbTKKnv4dUyhJboA], [R], v[10], s[STARTED], a[id=yCuXAXIcSuSLQqpG3V0zgg]
----shard_id [test][1]
--------[test][1], node[YucHs-5XRNO-JChWAzIIZg], [P], v[10], s[STARTED], a[id=skolItfmTI6mUEyBLn-4fA]
--------[test][1], node[9i0gKojbTKKnv4dUyhJboA], [R], v[10], s[STARTED], a[id=PCNhCQLVRfaeMOtHkKFu9Q]
----shard_id [test][2]
--------[test][2], node[YucHs-5XRNO-JChWAzIIZg], [P], v[9], s[STARTED], a[id=RNqthUztR6-DqnLRLToD-Q]
--------[test][2], node[9i0gKojbTKKnv4dUyhJboA], [R], v[9], s[INITIALIZING], a[id=49sl7bKOT7u5_uyO3z-jNg], unassigned_info[[reason=NODE_LEFT], at[2016-04-18T07:03:36.339Z], details[node_left[zpsanQF7R4u6zEfa6p-Xfw]]]
----shard_id [test][3]
--------[test][3], node[YucHs-5XRNO-JChWAzIIZg], [P], v[9], s[STARTED], a[id=_WxhJCFGSNa0eq_monQ5AA]
--------[test][3], node[9i0gKojbTKKnv4dUyhJboA], [R], v[9], s[INITIALIZING], a[id=nV7DmBsyRpGGAd08GfjHHQ], unassigned_info[[reason=NODE_LEFT], at[2016-04-18T07:03:36.339Z], details[node_left[zpsanQF7R4u6zEfa6p-Xfw]]]
----shard_id [test][4]
--------[test][4], node[YucHs-5XRNO-JChWAzIIZg], [P], v[10], s[STARTED], a[id=0erPpWShQUWr0fCKxTfoYQ]
--------[test][4], node[9i0gKojbTKKnv4dUyhJboA], [R], v[10], s[STARTED], a[id=r4_hKa0OQ8Whl7TIkPsQ5Q]
----shard_id [test][5]
--------[test][5], node[YucHs-5XRNO-JChWAzIIZg], [P], v[9], s[STARTED], a[id=4B5yVDeUTpe5-44KssB7xg]
--------[test][5], node[9i0gKojbTKKnv4dUyhJboA], [R], v[9], s[INITIALIZING], a[id=_nUbPiiERh62FyZPJAex4g], unassigned_info[[reason=NODE_LEFT], at[2016-04-18T07:03:36.339Z], details[node_left[zpsanQF7R4u6zEfa6p-Xfw]]]
----shard_id [test][6]
--------[test][6], node[YucHs-5XRNO-JChWAzIIZg], [P], v[11], s[STARTED], a[id=lhxXACDDRmi5eofyvUh5ww]
--------[test][6], node[9i0gKojbTKKnv4dUyhJboA], [R], v[11], s[STARTED], a[id=32Y2ClVDTXK0JXiScGyd7g]
----shard_id [test][7]
--------[test][7], node[YucHs-5XRNO-JChWAzIIZg], [P], v[10], s[STARTED], a[id=_q3o1C7eRoG3whwcdLSwbQ]
--------[test][7], node[9i0gKojbTKKnv4dUyhJboA], [R], v[10], s[STARTED], a[id=xzoJ4qzdR2eAQ-WKqIVOVg]
----shard_id [test][8]
--------[test][8], node[YucHs-5XRNO-JChWAzIIZg], [P], v[11], s[STARTED], a[id=uERXgJeHSeixZcO4CmIKeQ]
--------[test][8], node[9i0gKojbTKKnv4dUyhJboA], [R], v[11], s[STARTED], a[id=erAJgUCoRdOSbyhB8gSoZw]

routing_nodes:
-----node_id[YucHs-5XRNO-JChWAzIIZg][V]
--------[test][7], node[YucHs-5XRNO-JChWAzIIZg], [P], v[10], s[STARTED], a[id=_q3o1C7eRoG3whwcdLSwbQ]
--------[test][4], node[YucHs-5XRNO-JChWAzIIZg], [P], v[10], s[STARTED], a[id=0erPpWShQUWr0fCKxTfoYQ]
--------[test][1], node[YucHs-5XRNO-JChWAzIIZg], [P], v[10], s[STARTED], a[id=skolItfmTI6mUEyBLn-4fA]
--------[test][5], node[YucHs-5XRNO-JChWAzIIZg], [P], v[9], s[STARTED], a[id=4B5yVDeUTpe5-44KssB7xg]
--------[test][8], node[YucHs-5XRNO-JChWAzIIZg], [P], v[11], s[STARTED], a[id=uERXgJeHSeixZcO4CmIKeQ]
--------[test][2], node[YucHs-5XRNO-JChWAzIIZg], [P], v[9], s[STARTED], a[id=RNqthUztR6-DqnLRLToD-Q]
--------[test][3], node[YucHs-5XRNO-JChWAzIIZg], [P], v[9], s[STARTED], a[id=_WxhJCFGSNa0eq_monQ5AA]
--------[test][6], node[YucHs-5XRNO-JChWAzIIZg], [P], v[11], s[STARTED], a[id=lhxXACDDRmi5eofyvUh5ww]
--------[test][0], node[YucHs-5XRNO-JChWAzIIZg], [P], v[10], s[STARTED], a[id=Z8oM2vxwSmiUDNdNNYmYpA]
-----node_id[9i0gKojbTKKnv4dUyhJboA][V]
--------[test][7], node[9i0gKojbTKKnv4dUyhJboA], [R], v[10], s[STARTED], a[id=xzoJ4qzdR2eAQ-WKqIVOVg]
--------[test][4], node[9i0gKojbTKKnv4dUyhJboA], [R], v[10], s[STARTED], a[id=r4_hKa0OQ8Whl7TIkPsQ5Q]
--------[test][1], node[9i0gKojbTKKnv4dUyhJboA], [R], v[10], s[STARTED], a[id=PCNhCQLVRfaeMOtHkKFu9Q]
--------[test][5], node[9i0gKojbTKKnv4dUyhJboA], [R], v[9], s[INITIALIZING], a[id=_nUbPiiERh62FyZPJAex4g], unassigned_info[[reason=NODE_LEFT], at[2016-04-18T07:03:36.339Z], details[node_left[zpsanQF7R4u6zEfa6p-Xfw]]]
--------[test][8], node[9i0gKojbTKKnv4dUyhJboA], [R], v[11], s[STARTED], a[id=erAJgUCoRdOSbyhB8gSoZw]
--------[test][2], node[9i0gKojbTKKnv4dUyhJboA], [R], v[9], s[INITIALIZING], a[id=49sl7bKOT7u5_uyO3z-jNg], unassigned_info[[reason=NODE_LEFT], at[2016-04-18T07:03:36.339Z], details[node_left[zpsanQF7R4u6zEfa6p-Xfw]]]
--------[test][3], node[9i0gKojbTKKnv4dUyhJboA], [R], v[9], s[INITIALIZING], a[id=nV7DmBsyRpGGAd08GfjHHQ], unassigned_info[[reason=NODE_LEFT], at[2016-04-18T07:03:36.339Z], details[node_left[zpsanQF7R4u6zEfa6p-Xfw]]]
--------[test][6], node[9i0gKojbTKKnv4dUyhJboA], [R], v[11], s[STARTED], a[id=32Y2ClVDTXK0JXiScGyd7g]
--------[test][0], node[9i0gKojbTKKnv4dUyhJboA], [R], v[10], s[STARTED], a[id=yCuXAXIcSuSLQqpG3V0zgg]
---- unassigned

[2016-04-18 03:03:36,480][DEBUG][org.elasticsearch.cluster.service] [node_t1] publishing cluster state version [34]
[2016-04-18 03:03:36,480][DEBUG][org.elasticsearch.discovery.zen.publish] [node_t3] received diff cluster state version [34] with uuid [P8HgMp7MT--0jvJZYGdpKA], diff size [827]
[2016-04-18 03:03:36,481][TRACE][org.elasticsearch.discovery.zen.publish] [node_t1] master node {node_t3}{9i0gKojbTKKnv4dUyhJboA}{127.0.0.1}{127.0.0.1:9440}[mode=>network] acked cluster state version [34]. processing ... (current pending [1], needed [1])
[2016-04-18 03:03:36,481][TRACE][org.elasticsearch.discovery.zen.publish] [node_t1] committing version [34]
[2016-04-18 03:03:36,481][TRACE][org.elasticsearch.discovery.zen.publish] [node_t1] sending commit for cluster state (uuid: [P8HgMp7MT--0jvJZYGdpKA], version [34]) to [{node_t3}{9i0gKojbTKKnv4dUyhJboA}{127.0.0.1}{127.0.0.1:9440}[mode=>network]]
[2016-04-18 03:03:36,481][TRACE][org.elasticsearch.cluster.service] [node_t3] will process [zen-disco-receive(from master [master {node_t1}{YucHs-5XRNO-JChWAzIIZg}{127.0.0.1}{127.0.0.1:9441}[mode=>network] committed version [34]])]
[2016-04-18 03:03:36,481][DEBUG][org.elasticsearch.cluster.service] [node_t3] processing [zen-disco-receive(from master [master {node_t1}{YucHs-5XRNO-JChWAzIIZg}{127.0.0.1}{127.0.0.1:9441}[mode=>network] committed version [34]])]: execute
[2016-04-18 03:03:36,481][TRACE][org.elasticsearch.cluster.service] [node_t3] cluster state updated, source [zen-disco-receive(from master [master {node_t1}{YucHs-5XRNO-JChWAzIIZg}{127.0.0.1}{127.0.0.1:9441}[mode=>network] committed version [34]])]
version: 34
state uuid: P8HgMp7MT--0jvJZYGdpKA
from_diff: false
meta data version: 29
nodes: 
   {node_t3}{9i0gKojbTKKnv4dUyhJboA}{127.0.0.1}{127.0.0.1:9440}[mode=>network], local
   {node_t1}{YucHs-5XRNO-JChWAzIIZg}{127.0.0.1}{127.0.0.1:9441}[mode=>network], master
routing_table (version 32):
-- index [test]
----shard_id [test][0]
--------[test][0], node[YucHs-5XRNO-JChWAzIIZg], [P], v[10], s[STARTED], a[id=Z8oM2vxwSmiUDNdNNYmYpA]
--------[test][0], node[9i0gKojbTKKnv4dUyhJboA], [R], v[10], s[STARTED], a[id=yCuXAXIcSuSLQqpG3V0zgg]
----shard_id [test][1]
--------[test][1], node[YucHs-5XRNO-JChWAzIIZg], [P], v[10], s[STARTED], a[id=skolItfmTI6mUEyBLn-4fA]
--------[test][1], node[9i0gKojbTKKnv4dUyhJboA], [R], v[10], s[STARTED], a[id=PCNhCQLVRfaeMOtHkKFu9Q]
----shard_id [test][2]
--------[test][2], node[YucHs-5XRNO-JChWAzIIZg], [P], v[9], s[STARTED], a[id=RNqthUztR6-DqnLRLToD-Q]
--------[test][2], node[9i0gKojbTKKnv4dUyhJboA], [R], v[9], s[INITIALIZING], a[id=49sl7bKOT7u5_uyO3z-jNg], unassigned_info[[reason=NODE_LEFT], at[2016-04-18T07:03:36.339Z], details[node_left[zpsanQF7R4u6zEfa6p-Xfw]]]
----shard_id [test][3]
--------[test][3], node[YucHs-5XRNO-JChWAzIIZg], [P], v[9], s[STARTED], a[id=_WxhJCFGSNa0eq_monQ5AA]
--------[test][3], node[9i0gKojbTKKnv4dUyhJboA], [R], v[9], s[INITIALIZING], a[id=nV7DmBsyRpGGAd08GfjHHQ], unassigned_info[[reason=NODE_LEFT], at[2016-04-18T07:03:36.339Z], details[node_left[zpsanQF7R4u6zEfa6p-Xfw]]]
----shard_id [test][4]
--------[test][4], node[YucHs-5XRNO-JChWAzIIZg], [P], v[10], s[STARTED], a[id=0erPpWShQUWr0fCKxTfoYQ]
--------[test][4], node[9i0gKojbTKKnv4dUyhJboA], [R], v[10], s[STARTED], a[id=r4_hKa0OQ8Whl7TIkPsQ5Q]
----shard_id [test][5]
--------[test][5], node[YucHs-5XRNO-JChWAzIIZg], [P], v[9], s[STARTED], a[id=4B5yVDeUTpe5-44KssB7xg]
--------[test][5], node[9i0gKojbTKKnv4dUyhJboA], [R], v[9], s[INITIALIZING], a[id=_nUbPiiERh62FyZPJAex4g], unassigned_info[[reason=NODE_LEFT], at[2016-04-18T07:03:36.339Z], details[node_left[zpsanQF7R4u6zEfa6p-Xfw]]]
----shard_id [test][6]
--------[test][6], node[YucHs-5XRNO-JChWAzIIZg], [P], v[11], s[STARTED], a[id=lhxXACDDRmi5eofyvUh5ww]
--------[test][6], node[9i0gKojbTKKnv4dUyhJboA], [R], v[11], s[STARTED], a[id=32Y2ClVDTXK0JXiScGyd7g]
----shard_id [test][7]
--------[test][7], node[YucHs-5XRNO-JChWAzIIZg], [P], v[10], s[STARTED], a[id=_q3o1C7eRoG3whwcdLSwbQ]
--------[test][7], node[9i0gKojbTKKnv4dUyhJboA], [R], v[10], s[STARTED], a[id=xzoJ4qzdR2eAQ-WKqIVOVg]
----shard_id [test][8]
--------[test][8], node[YucHs-5XRNO-JChWAzIIZg], [P], v[11], s[STARTED], a[id=uERXgJeHSeixZcO4CmIKeQ]
--------[test][8], node[9i0gKojbTKKnv4dUyhJboA], [R], v[11], s[STARTED], a[id=erAJgUCoRdOSbyhB8gSoZw]

routing_nodes:
-----node_id[YucHs-5XRNO-JChWAzIIZg][V]
--------[test][1], node[YucHs-5XRNO-JChWAzIIZg], [P], v[10], s[STARTED], a[id=skolItfmTI6mUEyBLn-4fA]
--------[test][5], node[YucHs-5XRNO-JChWAzIIZg], [P], v[9], s[STARTED], a[id=4B5yVDeUTpe5-44KssB7xg]
--------[test][7], node[YucHs-5XRNO-JChWAzIIZg], [P], v[10], s[STARTED], a[id=_q3o1C7eRoG3whwcdLSwbQ]
--------[test][4], node[YucHs-5XRNO-JChWAzIIZg], [P], v[10], s[STARTED], a[id=0erPpWShQUWr0fCKxTfoYQ]
--------[test][6], node[YucHs-5XRNO-JChWAzIIZg], [P], v[11], s[STARTED], a[id=lhxXACDDRmi5eofyvUh5ww]
--------[test][8], node[YucHs-5XRNO-JChWAzIIZg], [P], v[11], s[STARTED], a[id=uERXgJeHSeixZcO4CmIKeQ]
--------[test][2], node[YucHs-5XRNO-JChWAzIIZg], [P], v[9], s[STARTED], a[id=RNqthUztR6-DqnLRLToD-Q]
--------[test][3], node[YucHs-5XRNO-JChWAzIIZg], [P], v[9], s[STARTED], a[id=_WxhJCFGSNa0eq_monQ5AA]
--------[test][0], node[YucHs-5XRNO-JChWAzIIZg], [P], v[10], s[STARTED], a[id=Z8oM2vxwSmiUDNdNNYmYpA]
-----node_id[9i0gKojbTKKnv4dUyhJboA][V]
--------[test][1], node[9i0gKojbTKKnv4dUyhJboA], [R], v[10], s[STARTED], a[id=PCNhCQLVRfaeMOtHkKFu9Q]
--------[test][5], node[9i0gKojbTKKnv4dUyhJboA], [R], v[9], s[INITIALIZING], a[id=_nUbPiiERh62FyZPJAex4g], unassigned_info[[reason=NODE_LEFT], at[2016-04-18T07:03:36.339Z], details[node_left[zpsanQF7R4u6zEfa6p-Xfw]]]
--------[test][7], node[9i0gKojbTKKnv4dUyhJboA], [R], v[10], s[STARTED], a[id=xzoJ4qzdR2eAQ-WKqIVOVg]
--------[test][4], node[9i0gKojbTKKnv4dUyhJboA], [R], v[10], s[STARTED], a[id=r4_hKa0OQ8Whl7TIkPsQ5Q]
--------[test][6], node[9i0gKojbTKKnv4dUyhJboA], [R], v[11], s[STARTED], a[id=32Y2ClVDTXK0JXiScGyd7g]
--------[test][8], node[9i0gKojbTKKnv4dUyhJboA], [R], v[11], s[STARTED], a[id=erAJgUCoRdOSbyhB8gSoZw]
--------[test][2], node[9i0gKojbTKKnv4dUyhJboA], [R], v[9], s[INITIALIZING], a[id=49sl7bKOT7u5_uyO3z-jNg], unassigned_info[[reason=NODE_LEFT], at[2016-04-18T07:03:36.339Z], details[node_left[zpsanQF7R4u6zEfa6p-Xfw]]]
--------[test][3], node[9i0gKojbTKKnv4dUyhJboA], [R], v[9], s[INITIALIZING], a[id=nV7DmBsyRpGGAd08GfjHHQ], unassigned_info[[reason=NODE_LEFT], at[2016-04-18T07:03:36.339Z], details[node_left[zpsanQF7R4u6zEfa6p-Xfw]]]
--------[test][0], node[9i0gKojbTKKnv4dUyhJboA], [R], v[10], s[STARTED], a[id=yCuXAXIcSuSLQqpG3V0zgg]
---- unassigned

[2016-04-18 03:03:36,481][DEBUG][org.elasticsearch.cluster.service] [node_t3] set local cluster state to version 34
[2016-04-18 03:03:36,483][TRACE][org.elasticsearch.gateway] [node_t3] [test] writing state, reason [version changed from [27] to [28]]
[2016-04-18 03:03:36,484][DEBUG][org.elasticsearch.cluster.service] [node_t3] processing [zen-disco-receive(from master [master {node_t1}{YucHs-5XRNO-JChWAzIIZg}{127.0.0.1}{127.0.0.1:9441}[mode=>network] committed version [34]])]: took 3ms done applying updated cluster_state (version: 34, uuid: P8HgMp7MT--0jvJZYGdpKA)
[2016-04-18 03:03:36,484][DEBUG][org.elasticsearch.cluster.service] [node_t1] set local cluster state to version 34
[2016-04-18 03:03:36,487][TRACE][org.elasticsearch.gateway] [node_t1] [test] writing state, reason [version changed from [27] to [28]]
[2016-04-18 03:03:36,489][DEBUG][org.elasticsearch.cluster.service] [node_t1] processing [shard-started ([test][0], node[9i0gKojbTKKnv4dUyhJboA], [R], v[9], s[INITIALIZING], a[id=yCuXAXIcSuSLQqpG3V0zgg], unassigned_info[[reason=NODE_LEFT], at[2016-04-18T07:03:36.339Z], details[node_left[zpsanQF7R4u6zEfa6p-Xfw]]]), reason [after recovery (replica) from node [{node_t1}{YucHs-5XRNO-JChWAzIIZg}{127.0.0.1}{127.0.0.1:9441}[mode=>network]]]]: took 9ms done applying updated cluster_state (version: 34, uuid: P8HgMp7MT--0jvJZYGdpKA)
[2016-04-18 03:03:36,502][TRACE][org.elasticsearch.cluster.service] [node_t1] will process [shard-started ([test][2], node[9i0gKojbTKKnv4dUyhJboA], [R], v[9], s[INITIALIZING], a[id=49sl7bKOT7u5_uyO3z-jNg], unassigned_info[[reason=NODE_LEFT], at[2016-04-18T07:03:36.339Z], details[node_left[zpsanQF7R4u6zEfa6p-Xfw]]]), reason [after recovery (replica) from node [{node_t1}{YucHs-5XRNO-JChWAzIIZg}{127.0.0.1}{127.0.0.1:9441}[mode=>network]]]]
[2016-04-18 03:03:36,502][DEBUG][org.elasticsearch.cluster.service] [node_t1] processing [shard-started ([test][2], node[9i0gKojbTKKnv4dUyhJboA], [R], v[9], s[INITIALIZING], a[id=49sl7bKOT7u5_uyO3z-jNg], unassigned_info[[reason=NODE_LEFT], at[2016-04-18T07:03:36.339Z], details[node_left[zpsanQF7R4u6zEfa6p-Xfw]]]), reason [after recovery (replica) from node [{node_t1}{YucHs-5XRNO-JChWAzIIZg}{127.0.0.1}{127.0.0.1:9441}[mode=>network]]]]: execute
[2016-04-18 03:03:36,503][TRACE][org.elasticsearch.cluster.service] [node_t1] cluster state updated, source [shard-started ([test][2], node[9i0gKojbTKKnv4dUyhJboA], [R], v[9], s[INITIALIZING], a[id=49sl7bKOT7u5_uyO3z-jNg], unassigned_info[[reason=NODE_LEFT], at[2016-04-18T07:03:36.339Z], details[node_left[zpsanQF7R4u6zEfa6p-Xfw]]]), reason [after recovery (replica) from node [{node_t1}{YucHs-5XRNO-JChWAzIIZg}{127.0.0.1}{127.0.0.1:9441}[mode=>network]]]]
version: 35
state uuid: iTGdG_JqTZKY7cYR9QW6Sg
from_diff: false
meta data version: 30
nodes: 
   {node_t3}{9i0gKojbTKKnv4dUyhJboA}{127.0.0.1}{127.0.0.1:9440}[mode=>network]
   {node_t1}{YucHs-5XRNO-JChWAzIIZg}{127.0.0.1}{127.0.0.1:9441}[mode=>network], local, master
routing_table (version 33):
-- index [test]
----shard_id [test][0]
--------[test][0], node[YucHs-5XRNO-JChWAzIIZg], [P], v[10], s[STARTED], a[id=Z8oM2vxwSmiUDNdNNYmYpA]
--------[test][0], node[9i0gKojbTKKnv4dUyhJboA], [R], v[10], s[STARTED], a[id=yCuXAXIcSuSLQqpG3V0zgg]
----shard_id [test][1]
--------[test][1], node[YucHs-5XRNO-JChWAzIIZg], [P], v[10], s[STARTED], a[id=skolItfmTI6mUEyBLn-4fA]
--------[test][1], node[9i0gKojbTKKnv4dUyhJboA], [R], v[10], s[STARTED], a[id=PCNhCQLVRfaeMOtHkKFu9Q]
----shard_id [test][2]
--------[test][2], node[YucHs-5XRNO-JChWAzIIZg], [P], v[10], s[STARTED], a[id=RNqthUztR6-DqnLRLToD-Q]
--------[test][2], node[9i0gKojbTKKnv4dUyhJboA], [R], v[10], s[STARTED], a[id=49sl7bKOT7u5_uyO3z-jNg]
----shard_id [test][3]
--------[test][3], node[YucHs-5XRNO-JChWAzIIZg], [P], v[9], s[STARTED], a[id=_WxhJCFGSNa0eq_monQ5AA]
--------[test][3], node[9i0gKojbTKKnv4dUyhJboA], [R], v[9], s[INITIALIZING], a[id=nV7DmBsyRpGGAd08GfjHHQ], unassigned_info[[reason=NODE_LEFT], at[2016-04-18T07:03:36.339Z], details[node_left[zpsanQF7R4u6zEfa6p-Xfw]]]
----shard_id [test][4]
--------[test][4], node[YucHs-5XRNO-JChWAzIIZg], [P], v[10], s[STARTED], a[id=0erPpWShQUWr0fCKxTfoYQ]
--------[test][4], node[9i0gKojbTKKnv4dUyhJboA], [R], v[10], s[STARTED], a[id=r4_hKa0OQ8Whl7TIkPsQ5Q]
----shard_id [test][5]
--------[test][5], node[YucHs-5XRNO-JChWAzIIZg], [P], v[9], s[STARTED], a[id=4B5yVDeUTpe5-44KssB7xg]
--------[test][5], node[9i0gKojbTKKnv4dUyhJboA], [R], v[9], s[INITIALIZING], a[id=_nUbPiiERh62FyZPJAex4g], unassigned_info[[reason=NODE_LEFT], at[2016-04-18T07:03:36.339Z], details[node_left[zpsanQF7R4u6zEfa6p-Xfw]]]
----shard_id [test][6]
--------[test][6], node[YucHs-5XRNO-JChWAzIIZg], [P], v[11], s[STARTED], a[id=lhxXACDDRmi5eofyvUh5ww]
--------[test][6], node[9i0gKojbTKKnv4dUyhJboA], [R], v[11], s[STARTED], a[id=32Y2ClVDTXK0JXiScGyd7g]
----shard_id [test][7]
--------[test][7], node[YucHs-5XRNO-JChWAzIIZg], [P], v[10], s[STARTED], a[id=_q3o1C7eRoG3whwcdLSwbQ]
--------[test][7], node[9i0gKojbTKKnv4dUyhJboA], [R], v[10], s[STARTED], a[id=xzoJ4qzdR2eAQ-WKqIVOVg]
----shard_id [test][8]
--------[test][8], node[YucHs-5XRNO-JChWAzIIZg], [P], v[11], s[STARTED], a[id=uERXgJeHSeixZcO4CmIKeQ]
--------[test][8], node[9i0gKojbTKKnv4dUyhJboA], [R], v[11], s[STARTED], a[id=erAJgUCoRdOSbyhB8gSoZw]

routing_nodes:
-----node_id[YucHs-5XRNO-JChWAzIIZg][V]
--------[test][5], node[YucHs-5XRNO-JChWAzIIZg], [P], v[9], s[STARTED], a[id=4B5yVDeUTpe5-44KssB7xg]
--------[test][2], node[YucHs-5XRNO-JChWAzIIZg], [P], v[10], s[STARTED], a[id=RNqthUztR6-DqnLRLToD-Q]
--------[test][6], node[YucHs-5XRNO-JChWAzIIZg], [P], v[11], s[STARTED], a[id=lhxXACDDRmi5eofyvUh5ww]
--------[test][1], node[YucHs-5XRNO-JChWAzIIZg], [P], v[10], s[STARTED], a[id=skolItfmTI6mUEyBLn-4fA]
--------[test][7], node[YucHs-5XRNO-JChWAzIIZg], [P], v[10], s[STARTED], a[id=_q3o1C7eRoG3whwcdLSwbQ]
--------[test][4], node[YucHs-5XRNO-JChWAzIIZg], [P], v[10], s[STARTED], a[id=0erPpWShQUWr0fCKxTfoYQ]
--------[test][3], node[YucHs-5XRNO-JChWAzIIZg], [P], v[9], s[STARTED], a[id=_WxhJCFGSNa0eq_monQ5AA]
--------[test][8], node[YucHs-5XRNO-JChWAzIIZg], [P], v[11], s[STARTED], a[id=uERXgJeHSeixZcO4CmIKeQ]
--------[test][0], node[YucHs-5XRNO-JChWAzIIZg], [P], v[10], s[STARTED], a[id=Z8oM2vxwSmiUDNdNNYmYpA]
-----node_id[9i0gKojbTKKnv4dUyhJboA][V]
--------[test][5], node[9i0gKojbTKKnv4dUyhJboA], [R], v[9], s[INITIALIZING], a[id=_nUbPiiERh62FyZPJAex4g], unassigned_info[[reason=NODE_LEFT], at[2016-04-18T07:03:36.339Z], details[node_left[zpsanQF7R4u6zEfa6p-Xfw]]]
--------[test][2], node[9i0gKojbTKKnv4dUyhJboA], [R], v[10], s[STARTED], a[id=49sl7bKOT7u5_uyO3z-jNg]
--------[test][6], node[9i0gKojbTKKnv4dUyhJboA], [R], v[11], s[STARTED], a[id=32Y2ClVDTXK0JXiScGyd7g]
--------[test][1], node[9i0gKojbTKKnv4dUyhJboA], [R], v[10], s[STARTED], a[id=PCNhCQLVRfaeMOtHkKFu9Q]
--------[test][7], node[9i0gKojbTKKnv4dUyhJboA], [R], v[10], s[STARTED], a[id=xzoJ4qzdR2eAQ-WKqIVOVg]
--------[test][4], node[9i0gKojbTKKnv4dUyhJboA], [R], v[10], s[STARTED], a[id=r4_hKa0OQ8Whl7TIkPsQ5Q]
--------[test][3], node[9i0gKojbTKKnv4dUyhJboA], [R], v[9], s[INITIALIZING], a[id=nV7DmBsyRpGGAd08GfjHHQ], unassigned_info[[reason=NODE_LEFT], at[2016-04-18T07:03:36.339Z], details[node_left[zpsanQF7R4u6zEfa6p-Xfw]]]
--------[test][8], node[9i0gKojbTKKnv4dUyhJboA], [R], v[11], s[STARTED], a[id=erAJgUCoRdOSbyhB8gSoZw]
--------[test][0], node[9i0gKojbTKKnv4dUyhJboA], [R], v[10], s[STARTED], a[id=yCuXAXIcSuSLQqpG3V0zgg]
---- unassigned

[2016-04-18 03:03:36,503][DEBUG][org.elasticsearch.cluster.service] [node_t1] publishing cluster state version [35]
[2016-04-18 03:03:36,503][DEBUG][org.elasticsearch.discovery.zen.publish] [node_t3] received diff cluster state version [35] with uuid [iTGdG_JqTZKY7cYR9QW6Sg], diff size [825]
[2016-04-18 03:03:36,504][TRACE][org.elasticsearch.discovery.zen.publish] [node_t1] master node {node_t3}{9i0gKojbTKKnv4dUyhJboA}{127.0.0.1}{127.0.0.1:9440}[mode=>network] acked cluster state version [35]. processing ... (current pending [1], needed [1])
[2016-04-18 03:03:36,504][TRACE][org.elasticsearch.discovery.zen.publish] [node_t1] committing version [35]
[2016-04-18 03:03:36,504][TRACE][org.elasticsearch.discovery.zen.publish] [node_t1] sending commit for cluster state (uuid: [iTGdG_JqTZKY7cYR9QW6Sg], version [35]) to [{node_t3}{9i0gKojbTKKnv4dUyhJboA}{127.0.0.1}{127.0.0.1:9440}[mode=>network]]
[2016-04-18 03:03:36,504][TRACE][org.elasticsearch.cluster.service] [node_t3] will process [zen-disco-receive(from master [master {node_t1}{YucHs-5XRNO-JChWAzIIZg}{127.0.0.1}{127.0.0.1:9441}[mode=>network] committed version [35]])]
[2016-04-18 03:03:36,504][DEBUG][org.elasticsearch.cluster.service] [node_t3] processing [zen-disco-receive(from master [master {node_t1}{YucHs-5XRNO-JChWAzIIZg}{127.0.0.1}{127.0.0.1:9441}[mode=>network] committed version [35]])]: execute
[2016-04-18 03:03:36,504][TRACE][org.elasticsearch.cluster.service] [node_t3] cluster state updated, source [zen-disco-receive(from master [master {node_t1}{YucHs-5XRNO-JChWAzIIZg}{127.0.0.1}{127.0.0.1:9441}[mode=>network] committed version [35]])]
version: 35
state uuid: iTGdG_JqTZKY7cYR9QW6Sg
from_diff: false
meta data version: 30
nodes: 
   {node_t3}{9i0gKojbTKKnv4dUyhJboA}{127.0.0.1}{127.0.0.1:9440}[mode=>network], local
   {node_t1}{YucHs-5XRNO-JChWAzIIZg}{127.0.0.1}{127.0.0.1:9441}[mode=>network], master
routing_table (version 33):
-- index [test]
----shard_id [test][0]
--------[test][0], node[YucHs-5XRNO-JChWAzIIZg], [P], v[10], s[STARTED], a[id=Z8oM2vxwSmiUDNdNNYmYpA]
--------[test][0], node[9i0gKojbTKKnv4dUyhJboA], [R], v[10], s[STARTED], a[id=yCuXAXIcSuSLQqpG3V0zgg]
----shard_id [test][1]
--------[test][1], node[YucHs-5XRNO-JChWAzIIZg], [P], v[10], s[STARTED], a[id=skolItfmTI6mUEyBLn-4fA]
--------[test][1], node[9i0gKojbTKKnv4dUyhJboA], [R], v[10], s[STARTED], a[id=PCNhCQLVRfaeMOtHkKFu9Q]
----shard_id [test][2]
--------[test][2], node[YucHs-5XRNO-JChWAzIIZg], [P], v[10], s[STARTED], a[id=RNqthUztR6-DqnLRLToD-Q]
--------[test][2], node[9i0gKojbTKKnv4dUyhJboA], [R], v[10], s[STARTED], a[id=49sl7bKOT7u5_uyO3z-jNg]
----shard_id [test][3]
--------[test][3], node[YucHs-5XRNO-JChWAzIIZg], [P], v[9], s[STARTED], a[id=_WxhJCFGSNa0eq_monQ5AA]
--------[test][3], node[9i0gKojbTKKnv4dUyhJboA], [R], v[9], s[INITIALIZING], a[id=nV7DmBsyRpGGAd08GfjHHQ], unassigned_info[[reason=NODE_LEFT], at[2016-04-18T07:03:36.339Z], details[node_left[zpsanQF7R4u6zEfa6p-Xfw]]]
----shard_id [test][4]
--------[test][4], node[YucHs-5XRNO-JChWAzIIZg], [P], v[10], s[STARTED], a[id=0erPpWShQUWr0fCKxTfoYQ]
--------[test][4], node[9i0gKojbTKKnv4dUyhJboA], [R], v[10], s[STARTED], a[id=r4_hKa0OQ8Whl7TIkPsQ5Q]
----shard_id [test][5]
--------[test][5], node[YucHs-5XRNO-JChWAzIIZg], [P], v[9], s[STARTED], a[id=4B5yVDeUTpe5-44KssB7xg]
--------[test][5], node[9i0gKojbTKKnv4dUyhJboA], [R], v[9], s[INITIALIZING], a[id=_nUbPiiERh62FyZPJAex4g], unassigned_info[[reason=NODE_LEFT], at[2016-04-18T07:03:36.339Z], details[node_left[zpsanQF7R4u6zEfa6p-Xfw]]]
----shard_id [test][6]
--------[test][6], node[YucHs-5XRNO-JChWAzIIZg], [P], v[11], s[STARTED], a[id=lhxXACDDRmi5eofyvUh5ww]
--------[test][6], node[9i0gKojbTKKnv4dUyhJboA], [R], v[11], s[STARTED], a[id=32Y2ClVDTXK0JXiScGyd7g]
----shard_id [test][7]
--------[test][7], node[YucHs-5XRNO-JChWAzIIZg], [P], v[10], s[STARTED], a[id=_q3o1C7eRoG3whwcdLSwbQ]
--------[test][7], node[9i0gKojbTKKnv4dUyhJboA], [R], v[10], s[STARTED], a[id=xzoJ4qzdR2eAQ-WKqIVOVg]
----shard_id [test][8]
--------[test][8], node[YucHs-5XRNO-JChWAzIIZg], [P], v[11], s[STARTED], a[id=uERXgJeHSeixZcO4CmIKeQ]
--------[test][8], node[9i0gKojbTKKnv4dUyhJboA], [R], v[11], s[STARTED], a[id=erAJgUCoRdOSbyhB8gSoZw]

routing_nodes:
-----node_id[YucHs-5XRNO-JChWAzIIZg][V]
--------[test][3], node[YucHs-5XRNO-JChWAzIIZg], [P], v[9], s[STARTED], a[id=_WxhJCFGSNa0eq_monQ5AA]
--------[test][1], node[YucHs-5XRNO-JChWAzIIZg], [P], v[10], s[STARTED], a[id=skolItfmTI6mUEyBLn-4fA]
--------[test][6], node[YucHs-5XRNO-JChWAzIIZg], [P], v[11], s[STARTED], a[id=lhxXACDDRmi5eofyvUh5ww]
--------[test][4], node[YucHs-5XRNO-JChWAzIIZg], [P], v[10], s[STARTED], a[id=0erPpWShQUWr0fCKxTfoYQ]
--------[test][7], node[YucHs-5XRNO-JChWAzIIZg], [P], v[10], s[STARTED], a[id=_q3o1C7eRoG3whwcdLSwbQ]
--------[test][2], node[YucHs-5XRNO-JChWAzIIZg], [P], v[10], s[STARTED], a[id=RNqthUztR6-DqnLRLToD-Q]
--------[test][5], node[YucHs-5XRNO-JChWAzIIZg], [P], v[9], s[STARTED], a[id=4B5yVDeUTpe5-44KssB7xg]
--------[test][8], node[YucHs-5XRNO-JChWAzIIZg], [P], v[11], s[STARTED], a[id=uERXgJeHSeixZcO4CmIKeQ]
--------[test][0], node[YucHs-5XRNO-JChWAzIIZg], [P], v[10], s[STARTED], a[id=Z8oM2vxwSmiUDNdNNYmYpA]
-----node_id[9i0gKojbTKKnv4dUyhJboA][V]
--------[test][3], node[9i0gKojbTKKnv4dUyhJboA], [R], v[9], s[INITIALIZING], a[id=nV7DmBsyRpGGAd08GfjHHQ], unassigned_info[[reason=NODE_LEFT], at[2016-04-18T07:03:36.339Z], details[node_left[zpsanQF7R4u6zEfa6p-Xfw]]]
--------[test][1], node[9i0gKojbTKKnv4dUyhJboA], [R], v[10], s[STARTED], a[id=PCNhCQLVRfaeMOtHkKFu9Q]
--------[test][6], node[9i0gKojbTKKnv4dUyhJboA], [R], v[11], s[STARTED], a[id=32Y2ClVDTXK0JXiScGyd7g]
--------[test][4], node[9i0gKojbTKKnv4dUyhJboA], [R], v[10], s[STARTED], a[id=r4_hKa0OQ8Whl7TIkPsQ5Q]
--------[test][7], node[9i0gKojbTKKnv4dUyhJboA], [R], v[10], s[STARTED], a[id=xzoJ4qzdR2eAQ-WKqIVOVg]
--------[test][2], node[9i0gKojbTKKnv4dUyhJboA], [R], v[10], s[STARTED], a[id=49sl7bKOT7u5_uyO3z-jNg]
--------[test][5], node[9i0gKojbTKKnv4dUyhJboA], [R], v[9], s[INITIALIZING], a[id=_nUbPiiERh62FyZPJAex4g], unassigned_info[[reason=NODE_LEFT], at[2016-04-18T07:03:36.339Z], details[node_left[zpsanQF7R4u6zEfa6p-Xfw]]]
--------[test][8], node[9i0gKojbTKKnv4dUyhJboA], [R], v[11], s[STARTED], a[id=erAJgUCoRdOSbyhB8gSoZw]
--------[test][0], node[9i0gKojbTKKnv4dUyhJboA], [R], v[10], s[STARTED], a[id=yCuXAXIcSuSLQqpG3V0zgg]
---- unassigned

[2016-04-18 03:03:36,504][DEBUG][org.elasticsearch.cluster.service] [node_t3] set local cluster state to version 35
[2016-04-18 03:03:36,505][TRACE][org.elasticsearch.gateway] [node_t3] [test] writing state, reason [version changed from [28] to [29]]
[2016-04-18 03:03:36,506][DEBUG][org.elasticsearch.cluster.service] [node_t3] processing [zen-disco-receive(from master [master {node_t1}{YucHs-5XRNO-JChWAzIIZg}{127.0.0.1}{127.0.0.1:9441}[mode=>network] committed version [35]])]: took 2ms done applying updated cluster_state (version: 35, uuid: iTGdG_JqTZKY7cYR9QW6Sg)
[2016-04-18 03:03:36,506][DEBUG][org.elasticsearch.cluster.service] [node_t1] set local cluster state to version 35
[2016-04-18 03:03:36,507][TRACE][org.elasticsearch.gateway] [node_t1] [test] writing state, reason [version changed from [28] to [29]]
[2016-04-18 03:03:36,509][DEBUG][org.elasticsearch.cluster.service] [node_t1] processing [shard-started ([test][2], node[9i0gKojbTKKnv4dUyhJboA], [R], v[9], s[INITIALIZING], a[id=49sl7bKOT7u5_uyO3z-jNg], unassigned_info[[reason=NODE_LEFT], at[2016-04-18T07:03:36.339Z], details[node_left[zpsanQF7R4u6zEfa6p-Xfw]]]), reason [after recovery (replica) from node [{node_t1}{YucHs-5XRNO-JChWAzIIZg}{127.0.0.1}{127.0.0.1:9441}[mode=>network]]]]: took 6ms done applying updated cluster_state (version: 35, uuid: iTGdG_JqTZKY7cYR9QW6Sg)
[2016-04-18 03:03:36,516][TRACE][org.elasticsearch.cluster.service] [node_t1] will process [shard-started ([test][5], node[9i0gKojbTKKnv4dUyhJboA], [R], v[9], s[INITIALIZING], a[id=_nUbPiiERh62FyZPJAex4g], unassigned_info[[reason=NODE_LEFT], at[2016-04-18T07:03:36.339Z], details[node_left[zpsanQF7R4u6zEfa6p-Xfw]]]), reason [after recovery (replica) from node [{node_t1}{YucHs-5XRNO-JChWAzIIZg}{127.0.0.1}{127.0.0.1:9441}[mode=>network]]]]
[2016-04-18 03:03:36,516][DEBUG][org.elasticsearch.cluster.service] [node_t1] processing [shard-started ([test][5], node[9i0gKojbTKKnv4dUyhJboA], [R], v[9], s[INITIALIZING], a[id=_nUbPiiERh62FyZPJAex4g], unassigned_info[[reason=NODE_LEFT], at[2016-04-18T07:03:36.339Z], details[node_left[zpsanQF7R4u6zEfa6p-Xfw]]]), reason [after recovery (replica) from node [{node_t1}{YucHs-5XRNO-JChWAzIIZg}{127.0.0.1}{127.0.0.1:9441}[mode=>network]]]]: execute
[2016-04-18 03:03:36,517][TRACE][org.elasticsearch.cluster.service] [node_t1] cluster state updated, source [shard-started ([test][5], node[9i0gKojbTKKnv4dUyhJboA], [R], v[9], s[INITIALIZING], a[id=_nUbPiiERh62FyZPJAex4g], unassigned_info[[reason=NODE_LEFT], at[2016-04-18T07:03:36.339Z], details[node_left[zpsanQF7R4u6zEfa6p-Xfw]]]), reason [after recovery (replica) from node [{node_t1}{YucHs-5XRNO-JChWAzIIZg}{127.0.0.1}{127.0.0.1:9441}[mode=>network]]]]
version: 36
state uuid: ObJAyAmASBSs-vA81fosOA
from_diff: false
meta data version: 31
nodes: 
   {node_t3}{9i0gKojbTKKnv4dUyhJboA}{127.0.0.1}{127.0.0.1:9440}[mode=>network]
   {node_t1}{YucHs-5XRNO-JChWAzIIZg}{127.0.0.1}{127.0.0.1:9441}[mode=>network], local, master
routing_table (version 34):
-- index [test]
----shard_id [test][0]
--------[test][0], node[YucHs-5XRNO-JChWAzIIZg], [P], v[10], s[STARTED], a[id=Z8oM2vxwSmiUDNdNNYmYpA]
--------[test][0], node[9i0gKojbTKKnv4dUyhJboA], [R], v[10], s[STARTED], a[id=yCuXAXIcSuSLQqpG3V0zgg]
----shard_id [test][1]
--------[test][1], node[YucHs-5XRNO-JChWAzIIZg], [P], v[10], s[STARTED], a[id=skolItfmTI6mUEyBLn-4fA]
--------[test][1], node[9i0gKojbTKKnv4dUyhJboA], [R], v[10], s[STARTED], a[id=PCNhCQLVRfaeMOtHkKFu9Q]
----shard_id [test][2]
--------[test][2], node[YucHs-5XRNO-JChWAzIIZg], [P], v[10], s[STARTED], a[id=RNqthUztR6-DqnLRLToD-Q]
--------[test][2], node[9i0gKojbTKKnv4dUyhJboA], [R], v[10], s[STARTED], a[id=49sl7bKOT7u5_uyO3z-jNg]
----shard_id [test][3]
--------[test][3], node[YucHs-5XRNO-JChWAzIIZg], [P], v[9], s[STARTED], a[id=_WxhJCFGSNa0eq_monQ5AA]
--------[test][3], node[9i0gKojbTKKnv4dUyhJboA], [R], v[9], s[INITIALIZING], a[id=nV7DmBsyRpGGAd08GfjHHQ], unassigned_info[[reason=NODE_LEFT], at[2016-04-18T07:03:36.339Z], details[node_left[zpsanQF7R4u6zEfa6p-Xfw]]]
----shard_id [test][4]
--------[test][4], node[YucHs-5XRNO-JChWAzIIZg], [P], v[10], s[STARTED], a[id=0erPpWShQUWr0fCKxTfoYQ]
--------[test][4], node[9i0gKojbTKKnv4dUyhJboA], [R], v[10], s[STARTED], a[id=r4_hKa0OQ8Whl7TIkPsQ5Q]
----shard_id [test][5]
--------[test][5], node[YucHs-5XRNO-JChWAzIIZg], [P], v[10], s[STARTED], a[id=4B5yVDeUTpe5-44KssB7xg]
--------[test][5], node[9i0gKojbTKKnv4dUyhJboA], [R], v[10], s[STARTED], a[id=_nUbPiiERh62FyZPJAex4g]
----shard_id [test][6]
--------[test][6], node[YucHs-5XRNO-JChWAzIIZg], [P], v[11], s[STARTED], a[id=lhxXACDDRmi5eofyvUh5ww]
--------[test][6], node[9i0gKojbTKKnv4dUyhJboA], [R], v[11], s[STARTED], a[id=32Y2ClVDTXK0JXiScGyd7g]
----shard_id [test][7]
--------[test][7], node[YucHs-5XRNO-JChWAzIIZg], [P], v[10], s[STARTED], a[id=_q3o1C7eRoG3whwcdLSwbQ]
--------[test][7], node[9i0gKojbTKKnv4dUyhJboA], [R], v[10], s[STARTED], a[id=xzoJ4qzdR2eAQ-WKqIVOVg]
----shard_id [test][8]
--------[test][8], node[YucHs-5XRNO-JChWAzIIZg], [P], v[11], s[STARTED], a[id=uERXgJeHSeixZcO4CmIKeQ]
--------[test][8], node[9i0gKojbTKKnv4dUyhJboA], [R], v[11], s[STARTED], a[id=erAJgUCoRdOSbyhB8gSoZw]

routing_nodes:
-----node_id[YucHs-5XRNO-JChWAzIIZg][V]
--------[test][2], node[YucHs-5XRNO-JChWAzIIZg], [P], v[10], s[STARTED], a[id=RNqthUztR6-DqnLRLToD-Q]
--------[test][4], node[YucHs-5XRNO-JChWAzIIZg], [P], v[10], s[STARTED], a[id=0erPpWShQUWr0fCKxTfoYQ]
--------[test][1], node[YucHs-5XRNO-JChWAzIIZg], [P], v[10], s[STARTED], a[id=skolItfmTI6mUEyBLn-4fA]
--------[test][5], node[YucHs-5XRNO-JChWAzIIZg], [P], v[10], s[STARTED], a[id=4B5yVDeUTpe5-44KssB7xg]
--------[test][6], node[YucHs-5XRNO-JChWAzIIZg], [P], v[11], s[STARTED], a[id=lhxXACDDRmi5eofyvUh5ww]
--------[test][8], node[YucHs-5XRNO-JChWAzIIZg], [P], v[11], s[STARTED], a[id=uERXgJeHSeixZcO4CmIKeQ]
--------[test][7], node[YucHs-5XRNO-JChWAzIIZg], [P], v[10], s[STARTED], a[id=_q3o1C7eRoG3whwcdLSwbQ]
--------[test][3], node[YucHs-5XRNO-JChWAzIIZg], [P], v[9], s[STARTED], a[id=_WxhJCFGSNa0eq_monQ5AA]
--------[test][0], node[YucHs-5XRNO-JChWAzIIZg], [P], v[10], s[STARTED], a[id=Z8oM2vxwSmiUDNdNNYmYpA]
-----node_id[9i0gKojbTKKnv4dUyhJboA][V]
--------[test][2], node[9i0gKojbTKKnv4dUyhJboA], [R], v[10], s[STARTED], a[id=49sl7bKOT7u5_uyO3z-jNg]
--------[test][4], node[9i0gKojbTKKnv4dUyhJboA], [R], v[10], s[STARTED], a[id=r4_hKa0OQ8Whl7TIkPsQ5Q]
--------[test][1], node[9i0gKojbTKKnv4dUyhJboA], [R], v[10], s[STARTED], a[id=PCNhCQLVRfaeMOtHkKFu9Q]
--------[test][5], node[9i0gKojbTKKnv4dUyhJboA], [R], v[10], s[STARTED], a[id=_nUbPiiERh62FyZPJAex4g]
--------[test][6], node[9i0gKojbTKKnv4dUyhJboA], [R], v[11], s[STARTED], a[id=32Y2ClVDTXK0JXiScGyd7g]
--------[test][8], node[9i0gKojbTKKnv4dUyhJboA], [R], v[11], s[STARTED], a[id=erAJgUCoRdOSbyhB8gSoZw]
--------[test][7], node[9i0gKojbTKKnv4dUyhJboA], [R], v[10], s[STARTED], a[id=xzoJ4qzdR2eAQ-WKqIVOVg]
--------[test][3], node[9i0gKojbTKKnv4dUyhJboA], [R], v[9], s[INITIALIZING], a[id=nV7DmBsyRpGGAd08GfjHHQ], unassigned_info[[reason=NODE_LEFT], at[2016-04-18T07:03:36.339Z], details[node_left[zpsanQF7R4u6zEfa6p-Xfw]]]
--------[test][0], node[9i0gKojbTKKnv4dUyhJboA], [R], v[10], s[STARTED], a[id=yCuXAXIcSuSLQqpG3V0zgg]
---- unassigned

[2016-04-18 03:03:36,517][DEBUG][org.elasticsearch.cluster.service] [node_t1] publishing cluster state version [36]
[2016-04-18 03:03:36,518][DEBUG][org.elasticsearch.discovery.zen.publish] [node_t3] received diff cluster state version [36] with uuid [ObJAyAmASBSs-vA81fosOA], diff size [819]
[2016-04-18 03:03:36,518][TRACE][org.elasticsearch.discovery.zen.publish] [node_t1] master node {node_t3}{9i0gKojbTKKnv4dUyhJboA}{127.0.0.1}{127.0.0.1:9440}[mode=>network] acked cluster state version [36]. processing ... (current pending [1], needed [1])
[2016-04-18 03:03:36,518][TRACE][org.elasticsearch.discovery.zen.publish] [node_t1] committing version [36]
[2016-04-18 03:03:36,518][TRACE][org.elasticsearch.discovery.zen.publish] [node_t1] sending commit for cluster state (uuid: [ObJAyAmASBSs-vA81fosOA], version [36]) to [{node_t3}{9i0gKojbTKKnv4dUyhJboA}{127.0.0.1}{127.0.0.1:9440}[mode=>network]]
[2016-04-18 03:03:36,518][TRACE][org.elasticsearch.cluster.service] [node_t3] will process [zen-disco-receive(from master [master {node_t1}{YucHs-5XRNO-JChWAzIIZg}{127.0.0.1}{127.0.0.1:9441}[mode=>network] committed version [36]])]
[2016-04-18 03:03:36,518][DEBUG][org.elasticsearch.cluster.service] [node_t3] processing [zen-disco-receive(from master [master {node_t1}{YucHs-5XRNO-JChWAzIIZg}{127.0.0.1}{127.0.0.1:9441}[mode=>network] committed version [36]])]: execute
[2016-04-18 03:03:36,518][TRACE][org.elasticsearch.cluster.service] [node_t3] cluster state updated, source [zen-disco-receive(from master [master {node_t1}{YucHs-5XRNO-JChWAzIIZg}{127.0.0.1}{127.0.0.1:9441}[mode=>network] committed version [36]])]
version: 36
state uuid: ObJAyAmASBSs-vA81fosOA
from_diff: false
meta data version: 31
nodes: 
   {node_t3}{9i0gKojbTKKnv4dUyhJboA}{127.0.0.1}{127.0.0.1:9440}[mode=>network], local
   {node_t1}{YucHs-5XRNO-JChWAzIIZg}{127.0.0.1}{127.0.0.1:9441}[mode=>network], master
routing_table (version 34):
-- index [test]
----shard_id [test][0]
--------[test][0], node[YucHs-5XRNO-JChWAzIIZg], [P], v[10], s[STARTED], a[id=Z8oM2vxwSmiUDNdNNYmYpA]
--------[test][0], node[9i0gKojbTKKnv4dUyhJboA], [R], v[10], s[STARTED], a[id=yCuXAXIcSuSLQqpG3V0zgg]
----shard_id [test][1]
--------[test][1], node[YucHs-5XRNO-JChWAzIIZg], [P], v[10], s[STARTED], a[id=skolItfmTI6mUEyBLn-4fA]
--------[test][1], node[9i0gKojbTKKnv4dUyhJboA], [R], v[10], s[STARTED], a[id=PCNhCQLVRfaeMOtHkKFu9Q]
----shard_id [test][2]
--------[test][2], node[YucHs-5XRNO-JChWAzIIZg], [P], v[10], s[STARTED], a[id=RNqthUztR6-DqnLRLToD-Q]
--------[test][2], node[9i0gKojbTKKnv4dUyhJboA], [R], v[10], s[STARTED], a[id=49sl7bKOT7u5_uyO3z-jNg]
----shard_id [test][3]
--------[test][3], node[YucHs-5XRNO-JChWAzIIZg], [P], v[9], s[STARTED], a[id=_WxhJCFGSNa0eq_monQ5AA]
--------[test][3], node[9i0gKojbTKKnv4dUyhJboA], [R], v[9], s[INITIALIZING], a[id=nV7DmBsyRpGGAd08GfjHHQ], unassigned_info[[reason=NODE_LEFT], at[2016-04-18T07:03:36.339Z], details[node_left[zpsanQF7R4u6zEfa6p-Xfw]]]
----shard_id [test][4]
--------[test][4], node[YucHs-5XRNO-JChWAzIIZg], [P], v[10], s[STARTED], a[id=0erPpWShQUWr0fCKxTfoYQ]
--------[test][4], node[9i0gKojbTKKnv4dUyhJboA], [R], v[10], s[STARTED], a[id=r4_hKa0OQ8Whl7TIkPsQ5Q]
----shard_id [test][5]
--------[test][5], node[YucHs-5XRNO-JChWAzIIZg], [P], v[10], s[STARTED], a[id=4B5yVDeUTpe5-44KssB7xg]
--------[test][5], node[9i0gKojbTKKnv4dUyhJboA], [R], v[10], s[STARTED], a[id=_nUbPiiERh62FyZPJAex4g]
----shard_id [test][6]
--------[test][6], node[YucHs-5XRNO-JChWAzIIZg], [P], v[11], s[STARTED], a[id=lhxXACDDRmi5eofyvUh5ww]
--------[test][6], node[9i0gKojbTKKnv4dUyhJboA], [R], v[11], s[STARTED], a[id=32Y2ClVDTXK0JXiScGyd7g]
----shard_id [test][7]
--------[test][7], node[YucHs-5XRNO-JChWAzIIZg], [P], v[10], s[STARTED], a[id=_q3o1C7eRoG3whwcdLSwbQ]
--------[test][7], node[9i0gKojbTKKnv4dUyhJboA], [R], v[10], s[STARTED], a[id=xzoJ4qzdR2eAQ-WKqIVOVg]
----shard_id [test][8]
--------[test][8], node[YucHs-5XRNO-JChWAzIIZg], [P], v[11], s[STARTED], a[id=uERXgJeHSeixZcO4CmIKeQ]
--------[test][8], node[9i0gKojbTKKnv4dUyhJboA], [R], v[11], s[STARTED], a[id=erAJgUCoRdOSbyhB8gSoZw]

routing_nodes:
-----node_id[YucHs-5XRNO-JChWAzIIZg][V]
--------[test][5], node[YucHs-5XRNO-JChWAzIIZg], [P], v[10], s[STARTED], a[id=4B5yVDeUTpe5-44KssB7xg]
--------[test][3], node[YucHs-5XRNO-JChWAzIIZg], [P], v[9], s[STARTED], a[id=_WxhJCFGSNa0eq_monQ5AA]
--------[test][4], node[YucHs-5XRNO-JChWAzIIZg], [P], v[10], s[STARTED], a[id=0erPpWShQUWr0fCKxTfoYQ]
--------[test][2], node[YucHs-5XRNO-JChWAzIIZg], [P], v[10], s[STARTED], a[id=RNqthUztR6-DqnLRLToD-Q]
--------[test][6], node[YucHs-5XRNO-JChWAzIIZg], [P], v[11], s[STARTED], a[id=lhxXACDDRmi5eofyvUh5ww]
--------[test][1], node[YucHs-5XRNO-JChWAzIIZg], [P], v[10], s[STARTED], a[id=skolItfmTI6mUEyBLn-4fA]
--------[test][8], node[YucHs-5XRNO-JChWAzIIZg], [P], v[11], s[STARTED], a[id=uERXgJeHSeixZcO4CmIKeQ]
--------[test][7], node[YucHs-5XRNO-JChWAzIIZg], [P], v[10], s[STARTED], a[id=_q3o1C7eRoG3whwcdLSwbQ]
--------[test][0], node[YucHs-5XRNO-JChWAzIIZg], [P], v[10], s[STARTED], a[id=Z8oM2vxwSmiUDNdNNYmYpA]
-----node_id[9i0gKojbTKKnv4dUyhJboA][V]
--------[test][5], node[9i0gKojbTKKnv4dUyhJboA], [R], v[10], s[STARTED], a[id=_nUbPiiERh62FyZPJAex4g]
--------[test][3], node[9i0gKojbTKKnv4dUyhJboA], [R], v[9], s[INITIALIZING], a[id=nV7DmBsyRpGGAd08GfjHHQ], unassigned_info[[reason=NODE_LEFT], at[2016-04-18T07:03:36.339Z], details[node_left[zpsanQF7R4u6zEfa6p-Xfw]]]
--------[test][4], node[9i0gKojbTKKnv4dUyhJboA], [R], v[10], s[STARTED], a[id=r4_hKa0OQ8Whl7TIkPsQ5Q]
--------[test][2], node[9i0gKojbTKKnv4dUyhJboA], [R], v[10], s[STARTED], a[id=49sl7bKOT7u5_uyO3z-jNg]
--------[test][6], node[9i0gKojbTKKnv4dUyhJboA], [R], v[11], s[STARTED], a[id=32Y2ClVDTXK0JXiScGyd7g]
--------[test][1], node[9i0gKojbTKKnv4dUyhJboA], [R], v[10], s[STARTED], a[id=PCNhCQLVRfaeMOtHkKFu9Q]
--------[test][8], node[9i0gKojbTKKnv4dUyhJboA], [R], v[11], s[STARTED], a[id=erAJgUCoRdOSbyhB8gSoZw]
--------[test][7], node[9i0gKojbTKKnv4dUyhJboA], [R], v[10], s[STARTED], a[id=xzoJ4qzdR2eAQ-WKqIVOVg]
--------[test][0], node[9i0gKojbTKKnv4dUyhJboA], [R], v[10], s[STARTED], a[id=yCuXAXIcSuSLQqpG3V0zgg]
---- unassigned

[2016-04-18 03:03:36,519][DEBUG][org.elasticsearch.cluster.service] [node_t3] set local cluster state to version 36
[2016-04-18 03:03:36,520][TRACE][org.elasticsearch.gateway] [node_t3] [test] writing state, reason [version changed from [29] to [30]]
[2016-04-18 03:03:36,522][DEBUG][org.elasticsearch.cluster.service] [node_t3] processing [zen-disco-receive(from master [master {node_t1}{YucHs-5XRNO-JChWAzIIZg}{127.0.0.1}{127.0.0.1:9441}[mode=>network] committed version [36]])]: took 3ms done applying updated cluster_state (version: 36, uuid: ObJAyAmASBSs-vA81fosOA)
[2016-04-18 03:03:36,522][DEBUG][org.elasticsearch.cluster.service] [node_t1] set local cluster state to version 36
[2016-04-18 03:03:36,524][TRACE][org.elasticsearch.gateway] [node_t1] [test] writing state, reason [version changed from [29] to [30]]
[2016-04-18 03:03:36,525][DEBUG][org.elasticsearch.cluster.service] [node_t1] processing [shard-started ([test][5], node[9i0gKojbTKKnv4dUyhJboA], [R], v[9], s[INITIALIZING], a[id=_nUbPiiERh62FyZPJAex4g], unassigned_info[[reason=NODE_LEFT], at[2016-04-18T07:03:36.339Z], details[node_left[zpsanQF7R4u6zEfa6p-Xfw]]]), reason [after recovery (replica) from node [{node_t1}{YucHs-5XRNO-JChWAzIIZg}{127.0.0.1}{127.0.0.1:9441}[mode=>network]]]]: took 8ms done applying updated cluster_state (version: 36, uuid: ObJAyAmASBSs-vA81fosOA)
[2016-04-18 03:03:36,530][TRACE][org.elasticsearch.cluster.service] [node_t1] will process [shard-started ([test][3], node[9i0gKojbTKKnv4dUyhJboA], [R], v[9], s[INITIALIZING], a[id=nV7DmBsyRpGGAd08GfjHHQ], unassigned_info[[reason=NODE_LEFT], at[2016-04-18T07:03:36.339Z], details[node_left[zpsanQF7R4u6zEfa6p-Xfw]]]), reason [after recovery (replica) from node [{node_t1}{YucHs-5XRNO-JChWAzIIZg}{127.0.0.1}{127.0.0.1:9441}[mode=>network]]]]
[2016-04-18 03:03:36,530][DEBUG][org.elasticsearch.cluster.service] [node_t1] processing [shard-started ([test][3], node[9i0gKojbTKKnv4dUyhJboA], [R], v[9], s[INITIALIZING], a[id=nV7DmBsyRpGGAd08GfjHHQ], unassigned_info[[reason=NODE_LEFT], at[2016-04-18T07:03:36.339Z], details[node_left[zpsanQF7R4u6zEfa6p-Xfw]]]), reason [after recovery (replica) from node [{node_t1}{YucHs-5XRNO-JChWAzIIZg}{127.0.0.1}{127.0.0.1:9441}[mode=>network]]]]: execute
[2016-04-18 03:03:36,530][TRACE][org.elasticsearch.cluster.service] [node_t1] cluster state updated, source [shard-started ([test][3], node[9i0gKojbTKKnv4dUyhJboA], [R], v[9], s[INITIALIZING], a[id=nV7DmBsyRpGGAd08GfjHHQ], unassigned_info[[reason=NODE_LEFT], at[2016-04-18T07:03:36.339Z], details[node_left[zpsanQF7R4u6zEfa6p-Xfw]]]), reason [after recovery (replica) from node [{node_t1}{YucHs-5XRNO-JChWAzIIZg}{127.0.0.1}{127.0.0.1:9441}[mode=>network]]]]
version: 37
state uuid: B5vxpbS0RJOeKVFu5UpEZg
from_diff: false
meta data version: 32
nodes: 
   {node_t3}{9i0gKojbTKKnv4dUyhJboA}{127.0.0.1}{127.0.0.1:9440}[mode=>network]
   {node_t1}{YucHs-5XRNO-JChWAzIIZg}{127.0.0.1}{127.0.0.1:9441}[mode=>network], local, master
routing_table (version 35):
-- index [test]
----shard_id [test][0]
--------[test][0], node[YucHs-5XRNO-JChWAzIIZg], [P], v[10], s[STARTED], a[id=Z8oM2vxwSmiUDNdNNYmYpA]
--------[test][0], node[9i0gKojbTKKnv4dUyhJboA], [R], v[10], s[STARTED], a[id=yCuXAXIcSuSLQqpG3V0zgg]
----shard_id [test][1]
--------[test][1], node[YucHs-5XRNO-JChWAzIIZg], [P], v[10], s[STARTED], a[id=skolItfmTI6mUEyBLn-4fA]
--------[test][1], node[9i0gKojbTKKnv4dUyhJboA], [R], v[10], s[STARTED], a[id=PCNhCQLVRfaeMOtHkKFu9Q]
----shard_id [test][2]
--------[test][2], node[YucHs-5XRNO-JChWAzIIZg], [P], v[10], s[STARTED], a[id=RNqthUztR6-DqnLRLToD-Q]
--------[test][2], node[9i0gKojbTKKnv4dUyhJboA], [R], v[10], s[STARTED], a[id=49sl7bKOT7u5_uyO3z-jNg]
----shard_id [test][3]
--------[test][3], node[YucHs-5XRNO-JChWAzIIZg], [P], v[10], s[STARTED], a[id=_WxhJCFGSNa0eq_monQ5AA]
--------[test][3], node[9i0gKojbTKKnv4dUyhJboA], [R], v[10], s[STARTED], a[id=nV7DmBsyRpGGAd08GfjHHQ]
----shard_id [test][4]
--------[test][4], node[YucHs-5XRNO-JChWAzIIZg], [P], v[10], s[STARTED], a[id=0erPpWShQUWr0fCKxTfoYQ]
--------[test][4], node[9i0gKojbTKKnv4dUyhJboA], [R], v[10], s[STARTED], a[id=r4_hKa0OQ8Whl7TIkPsQ5Q]
----shard_id [test][5]
--------[test][5], node[YucHs-5XRNO-JChWAzIIZg], [P], v[10], s[STARTED], a[id=4B5yVDeUTpe5-44KssB7xg]
--------[test][5], node[9i0gKojbTKKnv4dUyhJboA], [R], v[10], s[STARTED], a[id=_nUbPiiERh62FyZPJAex4g]
----shard_id [test][6]
--------[test][6], node[YucHs-5XRNO-JChWAzIIZg], [P], v[11], s[STARTED], a[id=lhxXACDDRmi5eofyvUh5ww]
--------[test][6], node[9i0gKojbTKKnv4dUyhJboA], [R], v[11], s[STARTED], a[id=32Y2ClVDTXK0JXiScGyd7g]
----shard_id [test][7]
--------[test][7], node[YucHs-5XRNO-JChWAzIIZg], [P], v[10], s[STARTED], a[id=_q3o1C7eRoG3whwcdLSwbQ]
--------[test][7], node[9i0gKojbTKKnv4dUyhJboA], [R], v[10], s[STARTED], a[id=xzoJ4qzdR2eAQ-WKqIVOVg]
----shard_id [test][8]
--------[test][8], node[YucHs-5XRNO-JChWAzIIZg], [P], v[11], s[STARTED], a[id=uERXgJeHSeixZcO4CmIKeQ]
--------[test][8], node[9i0gKojbTKKnv4dUyhJboA], [R], v[11], s[STARTED], a[id=erAJgUCoRdOSbyhB8gSoZw]

routing_nodes:
-----node_id[YucHs-5XRNO-JChWAzIIZg][V]
--------[test][6], node[YucHs-5XRNO-JChWAzIIZg], [P], v[11], s[STARTED], a[id=lhxXACDDRmi5eofyvUh5ww]
--------[test][1], node[YucHs-5XRNO-JChWAzIIZg], [P], v[10], s[STARTED], a[id=skolItfmTI6mUEyBLn-4fA]
--------[test][4], node[YucHs-5XRNO-JChWAzIIZg], [P], v[10], s[STARTED], a[id=0erPpWShQUWr0fCKxTfoYQ]
--------[test][5], node[YucHs-5XRNO-JChWAzIIZg], [P], v[10], s[STARTED], a[id=4B5yVDeUTpe5-44KssB7xg]
--------[test][7], node[YucHs-5XRNO-JChWAzIIZg], [P], v[10], s[STARTED], a[id=_q3o1C7eRoG3whwcdLSwbQ]
--------[test][2], node[YucHs-5XRNO-JChWAzIIZg], [P], v[10], s[STARTED], a[id=RNqthUztR6-DqnLRLToD-Q]
--------[test][8], node[YucHs-5XRNO-JChWAzIIZg], [P], v[11], s[STARTED], a[id=uERXgJeHSeixZcO4CmIKeQ]
--------[test][3], node[YucHs-5XRNO-JChWAzIIZg], [P], v[10], s[STARTED], a[id=_WxhJCFGSNa0eq_monQ5AA]
--------[test][0], node[YucHs-5XRNO-JChWAzIIZg], [P], v[10], s[STARTED], a[id=Z8oM2vxwSmiUDNdNNYmYpA]
-----node_id[9i0gKojbTKKnv4dUyhJboA][V]
--------[test][6], node[9i0gKojbTKKnv4dUyhJboA], [R], v[11], s[STARTED], a[id=32Y2ClVDTXK0JXiScGyd7g]
--------[test][1], node[9i0gKojbTKKnv4dUyhJboA], [R], v[10], s[STARTED], a[id=PCNhCQLVRfaeMOtHkKFu9Q]
--------[test][4], node[9i0gKojbTKKnv4dUyhJboA], [R], v[10], s[STARTED], a[id=r4_hKa0OQ8Whl7TIkPsQ5Q]
--------[test][5], node[9i0gKojbTKKnv4dUyhJboA], [R], v[10], s[STARTED], a[id=_nUbPiiERh62FyZPJAex4g]
--------[test][7], node[9i0gKojbTKKnv4dUyhJboA], [R], v[10], s[STARTED], a[id=xzoJ4qzdR2eAQ-WKqIVOVg]
--------[test][2], node[9i0gKojbTKKnv4dUyhJboA], [R], v[10], s[STARTED], a[id=49sl7bKOT7u5_uyO3z-jNg]
--------[test][8], node[9i0gKojbTKKnv4dUyhJboA], [R], v[11], s[STARTED], a[id=erAJgUCoRdOSbyhB8gSoZw]
--------[test][3], node[9i0gKojbTKKnv4dUyhJboA], [R], v[10], s[STARTED], a[id=nV7DmBsyRpGGAd08GfjHHQ]
--------[test][0], node[9i0gKojbTKKnv4dUyhJboA], [R], v[10], s[STARTED], a[id=yCuXAXIcSuSLQqpG3V0zgg]
---- unassigned

[2016-04-18 03:03:36,531][DEBUG][org.elasticsearch.cluster.service] [node_t1] publishing cluster state version [37]
[2016-04-18 03:03:36,531][DEBUG][org.elasticsearch.discovery.zen.publish] [node_t3] received diff cluster state version [37] with uuid [B5vxpbS0RJOeKVFu5UpEZg], diff size [760]
[2016-04-18 03:03:36,531][TRACE][org.elasticsearch.discovery.zen.publish] [node_t1] master node {node_t3}{9i0gKojbTKKnv4dUyhJboA}{127.0.0.1}{127.0.0.1:9440}[mode=>network] acked cluster state version [37]. processing ... (current pending [1], needed [1])
[2016-04-18 03:03:36,531][TRACE][org.elasticsearch.discovery.zen.publish] [node_t1] committing version [37]
[2016-04-18 03:03:36,531][TRACE][org.elasticsearch.discovery.zen.publish] [node_t1] sending commit for cluster state (uuid: [B5vxpbS0RJOeKVFu5UpEZg], version [37]) to [{node_t3}{9i0gKojbTKKnv4dUyhJboA}{127.0.0.1}{127.0.0.1:9440}[mode=>network]]
[2016-04-18 03:03:36,531][TRACE][org.elasticsearch.cluster.service] [node_t3] will process [zen-disco-receive(from master [master {node_t1}{YucHs-5XRNO-JChWAzIIZg}{127.0.0.1}{127.0.0.1:9441}[mode=>network] committed version [37]])]
[2016-04-18 03:03:36,532][DEBUG][org.elasticsearch.cluster.service] [node_t3] processing [zen-disco-receive(from master [master {node_t1}{YucHs-5XRNO-JChWAzIIZg}{127.0.0.1}{127.0.0.1:9441}[mode=>network] committed version [37]])]: execute
[2016-04-18 03:03:36,532][TRACE][org.elasticsearch.cluster.service] [node_t3] cluster state updated, source [zen-disco-receive(from master [master {node_t1}{YucHs-5XRNO-JChWAzIIZg}{127.0.0.1}{127.0.0.1:9441}[mode=>network] committed version [37]])]
version: 37
state uuid: B5vxpbS0RJOeKVFu5UpEZg
from_diff: false
meta data version: 32
nodes: 
   {node_t3}{9i0gKojbTKKnv4dUyhJboA}{127.0.0.1}{127.0.0.1:9440}[mode=>network], local
   {node_t1}{YucHs-5XRNO-JChWAzIIZg}{127.0.0.1}{127.0.0.1:9441}[mode=>network], master
routing_table (version 35):
-- index [test]
----shard_id [test][0]
--------[test][0], node[YucHs-5XRNO-JChWAzIIZg], [P], v[10], s[STARTED], a[id=Z8oM2vxwSmiUDNdNNYmYpA]
--------[test][0], node[9i0gKojbTKKnv4dUyhJboA], [R], v[10], s[STARTED], a[id=yCuXAXIcSuSLQqpG3V0zgg]
----shard_id [test][1]
--------[test][1], node[YucHs-5XRNO-JChWAzIIZg], [P], v[10], s[STARTED], a[id=skolItfmTI6mUEyBLn-4fA]
--------[test][1], node[9i0gKojbTKKnv4dUyhJboA], [R], v[10], s[STARTED], a[id=PCNhCQLVRfaeMOtHkKFu9Q]
----shard_id [test][2]
--------[test][2], node[YucHs-5XRNO-JChWAzIIZg], [P], v[10], s[STARTED], a[id=RNqthUztR6-DqnLRLToD-Q]
--------[test][2], node[9i0gKojbTKKnv4dUyhJboA], [R], v[10], s[STARTED], a[id=49sl7bKOT7u5_uyO3z-jNg]
----shard_id [test][3]
--------[test][3], node[YucHs-5XRNO-JChWAzIIZg], [P], v[10], s[STARTED], a[id=_WxhJCFGSNa0eq_monQ5AA]
--------[test][3], node[9i0gKojbTKKnv4dUyhJboA], [R], v[10], s[STARTED], a[id=nV7DmBsyRpGGAd08GfjHHQ]
----shard_id [test][4]
--------[test][4], node[YucHs-5XRNO-JChWAzIIZg], [P], v[10], s[STARTED], a[id=0erPpWShQUWr0fCKxTfoYQ]
--------[test][4], node[9i0gKojbTKKnv4dUyhJboA], [R], v[10], s[STARTED], a[id=r4_hKa0OQ8Whl7TIkPsQ5Q]
----shard_id [test][5]
--------[test][5], node[YucHs-5XRNO-JChWAzIIZg], [P], v[10], s[STARTED], a[id=4B5yVDeUTpe5-44KssB7xg]
--------[test][5], node[9i0gKojbTKKnv4dUyhJboA], [R], v[10], s[STARTED], a[id=_nUbPiiERh62FyZPJAex4g]
----shard_id [test][6]
--------[test][6], node[YucHs-5XRNO-JChWAzIIZg], [P], v[11], s[STARTED], a[id=lhxXACDDRmi5eofyvUh5ww]
--------[test][6], node[9i0gKojbTKKnv4dUyhJboA], [R], v[11], s[STARTED], a[id=32Y2ClVDTXK0JXiScGyd7g]
----shard_id [test][7]
--------[test][7], node[YucHs-5XRNO-JChWAzIIZg], [P], v[10], s[STARTED], a[id=_q3o1C7eRoG3whwcdLSwbQ]
--------[test][7], node[9i0gKojbTKKnv4dUyhJboA], [R], v[10], s[STARTED], a[id=xzoJ4qzdR2eAQ-WKqIVOVg]
----shard_id [test][8]
--------[test][8], node[YucHs-5XRNO-JChWAzIIZg], [P], v[11], s[STARTED], a[id=uERXgJeHSeixZcO4CmIKeQ]
--------[test][8], node[9i0gKojbTKKnv4dUyhJboA], [R], v[11], s[STARTED], a[id=erAJgUCoRdOSbyhB8gSoZw]

routing_nodes:
-----node_id[YucHs-5XRNO-JChWAzIIZg][V]
--------[test][2], node[YucHs-5XRNO-JChWAzIIZg], [P], v[10], s[STARTED], a[id=RNqthUztR6-DqnLRLToD-Q]
--------[test][6], node[YucHs-5XRNO-JChWAzIIZg], [P], v[11], s[STARTED], a[id=lhxXACDDRmi5eofyvUh5ww]
--------[test][1], node[YucHs-5XRNO-JChWAzIIZg], [P], v[10], s[STARTED], a[id=skolItfmTI6mUEyBLn-4fA]
--------[test][8], node[YucHs-5XRNO-JChWAzIIZg], [P], v[11], s[STARTED], a[id=uERXgJeHSeixZcO4CmIKeQ]
--------[test][4], node[YucHs-5XRNO-JChWAzIIZg], [P], v[10], s[STARTED], a[id=0erPpWShQUWr0fCKxTfoYQ]
--------[test][3], node[YucHs-5XRNO-JChWAzIIZg], [P], v[10], s[STARTED], a[id=_WxhJCFGSNa0eq_monQ5AA]
--------[test][5], node[YucHs-5XRNO-JChWAzIIZg], [P], v[10], s[STARTED], a[id=4B5yVDeUTpe5-44KssB7xg]
--------[test][7], node[YucHs-5XRNO-JChWAzIIZg], [P], v[10], s[STARTED], a[id=_q3o1C7eRoG3whwcdLSwbQ]
--------[test][0], node[YucHs-5XRNO-JChWAzIIZg], [P], v[10], s[STARTED], a[id=Z8oM2vxwSmiUDNdNNYmYpA]
-----node_id[9i0gKojbTKKnv4dUyhJboA][V]
--------[test][2], node[9i0gKojbTKKnv4dUyhJboA], [R], v[10], s[STARTED], a[id=49sl7bKOT7u5_uyO3z-jNg]
--------[test][6], node[9i0gKojbTKKnv4dUyhJboA], [R], v[11], s[STARTED], a[id=32Y2ClVDTXK0JXiScGyd7g]
--------[test][1], node[9i0gKojbTKKnv4dUyhJboA], [R], v[10], s[STARTED], a[id=PCNhCQLVRfaeMOtHkKFu9Q]
--------[test][8], node[9i0gKojbTKKnv4dUyhJboA], [R], v[11], s[STARTED], a[id=erAJgUCoRdOSbyhB8gSoZw]
--------[test][4], node[9i0gKojbTKKnv4dUyhJboA], [R], v[10], s[STARTED], a[id=r4_hKa0OQ8Whl7TIkPsQ5Q]
--------[test][3], node[9i0gKojbTKKnv4dUyhJboA], [R], v[10], s[STARTED], a[id=nV7DmBsyRpGGAd08GfjHHQ]
--------[test][5], node[9i0gKojbTKKnv4dUyhJboA], [R], v[10], s[STARTED], a[id=_nUbPiiERh62FyZPJAex4g]
--------[test][7], node[9i0gKojbTKKnv4dUyhJboA], [R], v[10], s[STARTED], a[id=xzoJ4qzdR2eAQ-WKqIVOVg]
--------[test][0], node[9i0gKojbTKKnv4dUyhJboA], [R], v[10], s[STARTED], a[id=yCuXAXIcSuSLQqpG3V0zgg]
---- unassigned

[2016-04-18 03:03:36,532][DEBUG][org.elasticsearch.cluster.service] [node_t3] set local cluster state to version 37
[2016-04-18 03:03:36,534][TRACE][org.elasticsearch.gateway] [node_t3] [test] writing state, reason [version changed from [30] to [31]]
[2016-04-18 03:03:36,535][DEBUG][org.elasticsearch.cluster.service] [node_t3] processing [zen-disco-receive(from master [master {node_t1}{YucHs-5XRNO-JChWAzIIZg}{127.0.0.1}{127.0.0.1:9441}[mode=>network] committed version [37]])]: took 3ms done applying updated cluster_state (version: 37, uuid: B5vxpbS0RJOeKVFu5UpEZg)
[2016-04-18 03:03:36,535][DEBUG][org.elasticsearch.cluster.service] [node_t1] set local cluster state to version 37
[2016-04-18 03:03:36,536][TRACE][org.elasticsearch.gateway] [node_t1] [test] writing state, reason [version changed from [30] to [31]]
[2016-04-18 03:03:36,537][DEBUG][org.elasticsearch.cluster.service] [node_t1] processing [shard-started ([test][3], node[9i0gKojbTKKnv4dUyhJboA], [R], v[9], s[INITIALIZING], a[id=nV7DmBsyRpGGAd08GfjHHQ], unassigned_info[[reason=NODE_LEFT], at[2016-04-18T07:03:36.339Z], details[node_left[zpsanQF7R4u6zEfa6p-Xfw]]]), reason [after recovery (replica) from node [{node_t1}{YucHs-5XRNO-JChWAzIIZg}{127.0.0.1}{127.0.0.1:9441}[mode=>network]]]]: took 7ms done applying updated cluster_state (version: 37, uuid: B5vxpbS0RJOeKVFu5UpEZg)
[2016-04-18 03:03:36,538][TRACE][org.elasticsearch.cluster.service] [node_t1] will process [cluster_health (wait_for_events [LANGUID])]
[2016-04-18 03:03:36,538][DEBUG][org.elasticsearch.cluster.service] [node_t1] processing [cluster_health (wait_for_events [LANGUID])]: execute
[2016-04-18 03:03:36,538][DEBUG][org.elasticsearch.cluster.service] [node_t1] processing [cluster_health (wait_for_events [LANGUID])]: took 0s no change in cluster_state
[2016-04-18 03:03:36,539][TRACE][org.elasticsearch.cluster.service] [node_t1] will process [cluster_health (wait_for_events [LANGUID])]
[2016-04-18 03:03:36,539][DEBUG][org.elasticsearch.cluster.service] [node_t1] processing [cluster_health (wait_for_events [LANGUID])]: execute
[2016-04-18 03:03:36,539][DEBUG][org.elasticsearch.cluster.service] [node_t1] processing [cluster_health (wait_for_events [LANGUID])]: took 0s no change in cluster_state
[2016-04-18 03:03:36,551][TRACE][org.elasticsearch.transport.tracer] [transport_client_node_t1] [14][indices:data/read/search] sent to [{node_t1}{YucHs-5XRNO-JChWAzIIZg}{127.0.0.1}{127.0.0.1:9441}[mode=>network]] (timeout: [null])
[2016-04-18 03:03:36,552][TRACE][org.elasticsearch.transport.tracer] [transport_client_node_t1] [14][indices:data/read/search] received response from [{node_t1}{YucHs-5XRNO-JChWAzIIZg}{127.0.0.1}{127.0.0.1:9441}[mode=>network]]
[2016-04-18 03:03:36,567][TRACE][org.elasticsearch.transport.tracer] [transport_client_node_t3] [1][cluster:monitor/state] sent to [{node_t3}{9i0gKojbTKKnv4dUyhJboA}{127.0.0.1}{127.0.0.1:9440}[mode=>network]] (timeout: [null])
[2016-04-18 03:03:36,568][TRACE][org.elasticsearch.transport.tracer] [transport_client_node_t3] [1][cluster:monitor/state] received response from [{node_t3}{9i0gKojbTKKnv4dUyhJboA}{127.0.0.1}{127.0.0.1:9440}[mode=>network]]
[2016-04-18 03:03:36,572][TRACE][org.elasticsearch.transport.tracer] [transport_client_node_t3] [2][cluster:monitor/state] sent to [{node_t3}{9i0gKojbTKKnv4dUyhJboA}{127.0.0.1}{127.0.0.1:9440}[mode=>network]] (timeout: [null])
[2016-04-18 03:03:36,573][TRACE][org.elasticsearch.transport.tracer] [transport_client_node_t3] [2][cluster:monitor/state] received response from [{node_t3}{9i0gKojbTKKnv4dUyhJboA}{127.0.0.1}{127.0.0.1:9440}[mode=>network]]
[2016-04-18 03:03:36,575][TRACE][org.elasticsearch.cluster.service] [node_t1] will process [delete-index [test]]
[2016-04-18 03:03:36,575][DEBUG][org.elasticsearch.cluster.service] [node_t1] processing [delete-index [test]]: execute
[2016-04-18 03:03:36,575][TRACE][org.elasticsearch.cluster.service] [node_t1] cluster state updated, source [delete-index [test]]
version: 38
state uuid: sJzEeeAgSmiUpAMR2YjJ6g
from_diff: false
meta data version: 33
nodes: 
   {node_t3}{9i0gKojbTKKnv4dUyhJboA}{127.0.0.1}{127.0.0.1:9440}[mode=>network]
   {node_t1}{YucHs-5XRNO-JChWAzIIZg}{127.0.0.1}{127.0.0.1:9441}[mode=>network], local, master
routing_table (version 36):
routing_nodes:
-----node_id[YucHs-5XRNO-JChWAzIIZg][V]
-----node_id[9i0gKojbTKKnv4dUyhJboA][V]
---- unassigned

[2016-04-18 03:03:36,575][DEBUG][org.elasticsearch.cluster.service] [node_t1] publishing cluster state version [38]
[2016-04-18 03:03:36,576][DEBUG][org.elasticsearch.discovery.zen.publish] [node_t3] received diff cluster state version [38] with uuid [sJzEeeAgSmiUpAMR2YjJ6g], diff size [188]
[2016-04-18 03:03:36,576][TRACE][org.elasticsearch.discovery.zen.publish] [node_t1] master node {node_t3}{9i0gKojbTKKnv4dUyhJboA}{127.0.0.1}{127.0.0.1:9440}[mode=>network] acked cluster state version [38]. processing ... (current pending [1], needed [1])
[2016-04-18 03:03:36,576][TRACE][org.elasticsearch.discovery.zen.publish] [node_t1] committing version [38]
[2016-04-18 03:03:36,576][TRACE][org.elasticsearch.discovery.zen.publish] [node_t1] sending commit for cluster state (uuid: [sJzEeeAgSmiUpAMR2YjJ6g], version [38]) to [{node_t3}{9i0gKojbTKKnv4dUyhJboA}{127.0.0.1}{127.0.0.1:9440}[mode=>network]]
[2016-04-18 03:03:36,576][TRACE][org.elasticsearch.cluster.service] [node_t3] will process [zen-disco-receive(from master [master {node_t1}{YucHs-5XRNO-JChWAzIIZg}{127.0.0.1}{127.0.0.1:9441}[mode=>network] committed version [38]])]
[2016-04-18 03:03:36,576][DEBUG][org.elasticsearch.cluster.service] [node_t3] processing [zen-disco-receive(from master [master {node_t1}{YucHs-5XRNO-JChWAzIIZg}{127.0.0.1}{127.0.0.1:9441}[mode=>network] committed version [38]])]: execute
[2016-04-18 03:03:36,576][TRACE][org.elasticsearch.cluster.service] [node_t3] cluster state updated, source [zen-disco-receive(from master [master {node_t1}{YucHs-5XRNO-JChWAzIIZg}{127.0.0.1}{127.0.0.1:9441}[mode=>network] committed version [38]])]
version: 38
state uuid: sJzEeeAgSmiUpAMR2YjJ6g
from_diff: false
meta data version: 33
nodes: 
   {node_t3}{9i0gKojbTKKnv4dUyhJboA}{127.0.0.1}{127.0.0.1:9440}[mode=>network], local
   {node_t1}{YucHs-5XRNO-JChWAzIIZg}{127.0.0.1}{127.0.0.1:9441}[mode=>network], master
routing_table (version 36):
routing_nodes:
-----node_id[YucHs-5XRNO-JChWAzIIZg][V]
-----node_id[9i0gKojbTKKnv4dUyhJboA][V]
---- unassigned

[2016-04-18 03:03:36,577][DEBUG][org.elasticsearch.cluster.service] [node_t3] set local cluster state to version 38
[2016-04-18 03:03:36,618][DEBUG][org.elasticsearch.cluster.service] [node_t3] processing [zen-disco-receive(from master [master {node_t1}{YucHs-5XRNO-JChWAzIIZg}{127.0.0.1}{127.0.0.1:9441}[mode=>network] committed version [38]])]: took 41ms done applying updated cluster_state (version: 38, uuid: sJzEeeAgSmiUpAMR2YjJ6g)
[2016-04-18 03:03:36,618][DEBUG][org.elasticsearch.cluster.service] [node_t1] set local cluster state to version 38
[2016-04-18 03:03:36,651][DEBUG][org.elasticsearch.cluster.service] [node_t1] processing [delete-index [test]]: took 75ms done applying updated cluster_state (version: 38, uuid: sJzEeeAgSmiUpAMR2YjJ6g)
[2016-04-18 03:03:36,652][TRACE][org.elasticsearch.cluster.service] [node_t1] will process [delete_repository [*]]
[2016-04-18 03:03:36,652][DEBUG][org.elasticsearch.cluster.service] [node_t1] processing [delete_repository [*]]: execute
[2016-04-18 03:03:36,652][DEBUG][org.elasticsearch.cluster.service] [node_t1] processing [delete_repository [*]]: took 0s no change in cluster_state
[2016-04-18 03:03:36,654][INFO ][org.elasticsearch.discovery.zen] [node_t3] master_left [{node_t1}{YucHs-5XRNO-JChWAzIIZg}{127.0.0.1}{127.0.0.1:9441}[mode=>network]], reason [shut_down]
[2016-04-18 03:03:36,655][TRACE][org.elasticsearch.cluster.service] [node_t3] will process [zen-disco-master_failed ({node_t1}{YucHs-5XRNO-JChWAzIIZg}{127.0.0.1}{127.0.0.1:9441}[mode=>network])]
[2016-04-18 03:03:36,655][DEBUG][org.elasticsearch.cluster.service] [node_t3] processing [zen-disco-master_failed ({node_t1}{YucHs-5XRNO-JChWAzIIZg}{127.0.0.1}{127.0.0.1:9441}[mode=>network])]: execute
[2016-04-18 03:03:36,655][WARN ][org.elasticsearch.discovery.zen] [node_t3] master left (reason = shut_down), current nodes: {{node_t3}{9i0gKojbTKKnv4dUyhJboA}{127.0.0.1}{127.0.0.1:9440}[mode=>network],}
[2016-04-18 03:03:36,655][DEBUG][org.elasticsearch.discovery.zen.fd] [node_t3] [master] stopping fault detection against master [{node_t1}{YucHs-5XRNO-JChWAzIIZg}{127.0.0.1}{127.0.0.1:9441}[mode=>network]], reason [master left (reason = shut_down)]
[2016-04-18 03:03:36,655][TRACE][org.elasticsearch.discovery.zen] [node_t3] starting to accumulate joins
[2016-04-18 03:03:36,655][TRACE][org.elasticsearch.discovery.zen] [node_t3] starting to ping
[2016-04-18 03:03:36,655][TRACE][org.elasticsearch.cluster.service] [node_t3] cluster state updated, source [zen-disco-master_failed ({node_t1}{YucHs-5XRNO-JChWAzIIZg}{127.0.0.1}{127.0.0.1:9441}[mode=>network])]
version: 38
state uuid: sJzEeeAgSmiUpAMR2YjJ6g
from_diff: false
meta data version: 33
blocks: 
   _global_:
      2,no master, blocks WRITE,METADATA_WRITE
nodes: 
   {node_t3}{9i0gKojbTKKnv4dUyhJboA}{127.0.0.1}{127.0.0.1:9440}[mode=>network], local
routing_table (version 36):
routing_nodes:
-----node_id[9i0gKojbTKKnv4dUyhJboA][V]
---- unassigned

[2016-04-18 03:03:36,655][INFO ][org.elasticsearch.cluster.service] [node_t3] removed {{node_t1}{YucHs-5XRNO-JChWAzIIZg}{127.0.0.1}{127.0.0.1:9441}[mode=>network],}, reason: zen-disco-master_failed ({node_t1}{YucHs-5XRNO-JChWAzIIZg}{127.0.0.1}{127.0.0.1:9441}[mode=>network])
[2016-04-18 03:03:36,655][TRACE][org.elasticsearch.discovery.zen.ping.unicast] [node_t3] [2] sending to {node_t3}{9i0gKojbTKKnv4dUyhJboA}{127.0.0.1}{127.0.0.1:9440}[mode=>network]
[2016-04-18 03:03:36,655][DEBUG][org.elasticsearch.cluster.service] [node_t3] set local cluster state to version 38
[2016-04-18 03:03:36,655][TRACE][org.elasticsearch.discovery.zen.ping.unicast] [node_t3] [2] received response from {node_t3}{9i0gKojbTKKnv4dUyhJboA}{127.0.0.1}{127.0.0.1:9440}[mode=>network]: [ping_response{node [{node_t1}{YucHs-5XRNO-JChWAzIIZg}{127.0.0.1}{127.0.0.1:9441}[mode=>network]], id[434], master [null], hasJoinedOnce [true], cluster_name[TEST-CHILD_VM=[0]-CLUSTER_SEED=[-7449427405447180618]-HASH=[2645B46835F9]-cluster]}, ping_response{node [{node_t1}{YucHs-5XRNO-JChWAzIIZg}{127.0.0.1}{127.0.0.1:9441}[mode=>network]], id[434], master [null], hasJoinedOnce [true], cluster_name[TEST-CHILD_VM=[0]-CLUSTER_SEED=[-7449427405447180618]-HASH=[2645B46835F9]-cluster]}, ping_response{node [{node_t1}{YucHs-5XRNO-JChWAzIIZg}{127.0.0.1}{127.0.0.1:9441}[mode=>network]], id[434], master [null], hasJoinedOnce [true], cluster_name[TEST-CHILD_VM=[0]-CLUSTER_SEED=[-7449427405447180618]-HASH=[2645B46835F9]-cluster]}, ping_response{node [{node_t3}{9i0gKojbTKKnv4dUyhJboA}{127.0.0.1}{127.0.0.1:9440}[mode=>network]], id[441], master [null], hasJoinedOnce [false], cluster_name[TEST-CHILD_VM=[0]-CLUSTER_SEED=[-7449427405447180618]-HASH=[2645B46835F9]-cluster]}, ping_response{node [{node_t3}{9i0gKojbTKKnv4dUyhJboA}{127.0.0.1}{127.0.0.1:9440}[mode=>network]], id[441], master [null], hasJoinedOnce [false], cluster_name[TEST-CHILD_VM=[0]-CLUSTER_SEED=[-7449427405447180618]-HASH=[2645B46835F9]-cluster]}, ping_response{node [{node_t3}{9i0gKojbTKKnv4dUyhJboA}{127.0.0.1}{127.0.0.1:9440}[mode=>network]], id[441], master [null], hasJoinedOnce [false], cluster_name[TEST-CHILD_VM=[0]-CLUSTER_SEED=[-7449427405447180618]-HASH=[2645B46835F9]-cluster]}, ping_response{node [{node_t3}{9i0gKojbTKKnv4dUyhJboA}{127.0.0.1}{127.0.0.1:9440}[mode=>network]], id[448], master [{node_t1}{YucHs-5XRNO-JChWAzIIZg}{127.0.0.1}{127.0.0.1:9441}[mode=>network]], hasJoinedOnce [true], cluster_name[TEST-CHILD_VM=[0]-CLUSTER_SEED=[-7449427405447180618]-HASH=[2645B46835F9]-cluster]}, ping_response{node [{node_t3}{9i0gKojbTKKnv4dUyhJboA}{127.0.0.1}{127.0.0.1:9440}[mode=>network]], id[449], master [null], hasJoinedOnce [true], cluster_name[TEST-CHILD_VM=[0]-CLUSTER_SEED=[-7449427405447180618]-HASH=[2645B46835F9]-cluster]}]
[2016-04-18 03:03:36,655][TRACE][org.elasticsearch.discovery.zen.ping.unicast] [node_t3] [2] connecting to {node_t1}{YucHs-5XRNO-JChWAzIIZg}{127.0.0.1}{127.0.0.1:9441}[mode=>network]
[2016-04-18 03:03:36,655][DEBUG][org.elasticsearch.cluster.service] [node_t3] processing [zen-disco-master_failed ({node_t1}{YucHs-5XRNO-JChWAzIIZg}{127.0.0.1}{127.0.0.1:9441}[mode=>network])]: took 0s done applying updated cluster_state (version: 38, uuid: sJzEeeAgSmiUpAMR2YjJ6g)
[2016-04-18 03:03:36,656][TRACE][org.elasticsearch.discovery.zen.ping.unicast] [node_t3] [2] connecting (light) to {#zen_unicast_8#}{::1}{[::1]:9442}
[2016-04-18 03:03:36,656][TRACE][org.elasticsearch.discovery.zen.ping.unicast] [node_t3] [2] connecting (light) to {#zen_unicast_10#}{::1}{[::1]:9444}
[2016-04-18 03:03:36,655][TRACE][org.elasticsearch.discovery.zen.ping.unicast] [node_t3] [2] connecting (light) to {#zen_unicast_3#}{127.0.0.1}{127.0.0.1:9442}
[2016-04-18 03:03:36,655][TRACE][org.elasticsearch.discovery.zen.ping.unicast] [node_t3] [2] connecting (light) to {#zen_unicast_4#}{127.0.0.1}{127.0.0.1:9443}
[2016-04-18 03:03:36,656][TRACE][org.elasticsearch.discovery.zen.ping.unicast] [node_t3] [2] connecting (light) to {#zen_unicast_7#}{::1}{[::1]:9441}
[2016-04-18 03:03:36,656][TRACE][org.elasticsearch.discovery.zen.ping.unicast] [node_t3] [2] connecting (light) to {#zen_unicast_9#}{::1}{[::1]:9443}
[2016-04-18 03:03:36,656][TRACE][org.elasticsearch.discovery.zen.ping.unicast] [node_t3] [2] connecting (light) to {#zen_unicast_5#}{127.0.0.1}{127.0.0.1:9444}
[2016-04-18 03:03:36,656][TRACE][org.elasticsearch.discovery.zen.ping.unicast] [node_t3] [2] connecting (light) to {#zen_unicast_6#}{::1}{[::1]:9440}
[2016-04-18 03:03:36,657][TRACE][org.elasticsearch.discovery.zen.ping.unicast] [node_t3] [2] failed to connect to {#zen_unicast_3#}{127.0.0.1}{127.0.0.1:9442}
ConnectTransportException[[][127.0.0.1:9442] connect_timeout[30s]]; nested: ConnectException[Connection refused: /127.0.0.1:9442];
	at org.elasticsearch.transport.netty.NettyTransport.connectToChannelsLight(NettyTransport.java:954)
	at org.elasticsearch.transport.netty.NettyTransport.connectToNode(NettyTransport.java:918)
	at org.elasticsearch.transport.netty.NettyTransport.connectToNodeLight(NettyTransport.java:890)
	at org.elasticsearch.test.transport.MockTransportService$LookupTestTransport.connectToNodeLight(MockTransportService.java:413)
	at org.elasticsearch.transport.TransportService.connectToNodeLight(TransportService.java:242)
	at org.elasticsearch.discovery.zen.ping.unicast.UnicastZenPing$3.run(UnicastZenPing.java:395)
	at java.util.concurrent.ThreadPoolExecutor.runWorker(ThreadPoolExecutor.java:1142)
	at java.util.concurrent.ThreadPoolExecutor$Worker.run(ThreadPoolExecutor.java:617)
	at java.lang.Thread.run(Thread.java:745)
Caused by: java.net.ConnectException: Connection refused: /127.0.0.1:9442
	at sun.nio.ch.SocketChannelImpl.checkConnect(Native Method)
	at sun.nio.ch.SocketChannelImpl.finishConnect(SocketChannelImpl.java:717)
	at org.jboss.netty.channel.socket.nio.NioClientBoss.connect(NioClientBoss.java:152)
	at org.jboss.netty.channel.socket.nio.NioClientBoss.processSelectedKeys(NioClientBoss.java:105)
	at org.jboss.netty.channel.socket.nio.NioClientBoss.process(NioClientBoss.java:79)
	at org.jboss.netty.channel.socket.nio.AbstractNioSelector.run(AbstractNioSelector.java:337)
	at org.jboss.netty.channel.socket.nio.NioClientBoss.run(NioClientBoss.java:42)
	at org.jboss.netty.util.ThreadRenamingRunnable.run(ThreadRenamingRunnable.java:108)
	at org.jboss.netty.util.internal.DeadLockProofWorker$1.run(DeadLockProofWorker.java:42)
	... 3 more
[2016-04-18 03:03:36,655][TRACE][org.elasticsearch.discovery.zen.ping.unicast] [node_t3] [2] sending to {node_t3}{9i0gKojbTKKnv4dUyhJboA}{127.0.0.1}{127.0.0.1:9440}[mode=>network]
[2016-04-18 03:03:36,657][TRACE][org.elasticsearch.discovery.zen.ping.unicast] [node_t3] [2] failed to connect to {#zen_unicast_8#}{::1}{[::1]:9442}
ConnectTransportException[[][[::1]:9442] connect_timeout[30s]]; nested: ConnectException[Connection refused: /0:0:0:0:0:0:0:1:9442];
	at org.elasticsearch.transport.netty.NettyTransport.connectToChannelsLight(NettyTransport.java:954)
	at org.elasticsearch.transport.netty.NettyTransport.connectToNode(NettyTransport.java:918)
	at org.elasticsearch.transport.netty.NettyTransport.connectToNodeLight(NettyTransport.java:890)
	at org.elasticsearch.test.transport.MockTransportService$LookupTestTransport.connectToNodeLight(MockTransportService.java:413)
	at org.elasticsearch.transport.TransportService.connectToNodeLight(TransportService.java:242)
	at org.elasticsearch.discovery.zen.ping.unicast.UnicastZenPing$3.run(UnicastZenPing.java:395)
	at java.util.concurrent.ThreadPoolExecutor.runWorker(ThreadPoolExecutor.java:1142)
	at java.util.concurrent.ThreadPoolExecutor$Worker.run(ThreadPoolExecutor.java:617)
	at java.lang.Thread.run(Thread.java:745)
Caused by: java.net.ConnectException: Connection refused: /0:0:0:0:0:0:0:1:9442
	at sun.nio.ch.SocketChannelImpl.checkConnect(Native Method)
	at sun.nio.ch.SocketChannelImpl.finishConnect(SocketChannelImpl.java:717)
	at org.jboss.netty.channel.socket.nio.NioClientBoss.connect(NioClientBoss.java:152)
	at org.jboss.netty.channel.socket.nio.NioClientBoss.processSelectedKeys(NioClientBoss.java:105)
	at org.jboss.netty.channel.socket.nio.NioClientBoss.process(NioClientBoss.java:79)
	at org.jboss.netty.channel.socket.nio.AbstractNioSelector.run(AbstractNioSelector.java:337)
	at org.jboss.netty.channel.socket.nio.NioClientBoss.run(NioClientBoss.java:42)
	at org.jboss.netty.util.ThreadRenamingRunnable.run(ThreadRenamingRunnable.java:108)
	at org.jboss.netty.util.internal.DeadLockProofWorker$1.run(DeadLockProofWorker.java:42)
	... 3 more
[2016-04-18 03:03:36,657][TRACE][org.elasticsearch.discovery.zen.ping.unicast] [node_t3] [2] failed to connect to {#zen_unicast_10#}{::1}{[::1]:9444}
ConnectTransportException[[][[::1]:9444] connect_timeout[30s]]; nested: ConnectException[Connection refused: /0:0:0:0:0:0:0:1:9444];
	at org.elasticsearch.transport.netty.NettyTransport.connectToChannelsLight(NettyTransport.java:954)
	at org.elasticsearch.transport.netty.NettyTransport.connectToNode(NettyTransport.java:918)
	at org.elasticsearch.transport.netty.NettyTransport.connectToNodeLight(NettyTransport.java:890)
	at org.elasticsearch.test.transport.MockTransportService$LookupTestTransport.connectToNodeLight(MockTransportService.java:413)
	at org.elasticsearch.transport.TransportService.connectToNodeLight(TransportService.java:242)
	at org.elasticsearch.discovery.zen.ping.unicast.UnicastZenPing$3.run(UnicastZenPing.java:395)
	at java.util.concurrent.ThreadPoolExecutor.runWorker(ThreadPoolExecutor.java:1142)
	at java.util.concurrent.ThreadPoolExecutor$Worker.run(ThreadPoolExecutor.java:617)
	at java.lang.Thread.run(Thread.java:745)
Caused by: java.net.ConnectException: Connection refused: /0:0:0:0:0:0:0:1:9444
	at sun.nio.ch.SocketChannelImpl.checkConnect(Native Method)
	at sun.nio.ch.SocketChannelImpl.finishConnect(SocketChannelImpl.java:717)
	at org.jboss.netty.channel.socket.nio.NioClientBoss.connect(NioClientBoss.java:152)
	at org.jboss.netty.channel.socket.nio.NioClientBoss.processSelectedKeys(NioClientBoss.java:105)
	at org.jboss.netty.channel.socket.nio.NioClientBoss.process(NioClientBoss.java:79)
	at org.jboss.netty.channel.socket.nio.AbstractNioSelector.run(AbstractNioSelector.java:337)
	at org.jboss.netty.channel.socket.nio.NioClientBoss.run(NioClientBoss.java:42)
	at org.jboss.netty.util.ThreadRenamingRunnable.run(ThreadRenamingRunnable.java:108)
	at org.jboss.netty.util.internal.DeadLockProofWorker$1.run(DeadLockProofWorker.java:42)
	... 3 more
[2016-04-18 03:03:36,657][TRACE][org.elasticsearch.discovery.zen.ping.unicast] [node_t3] [2] failed to connect to {#zen_unicast_4#}{127.0.0.1}{127.0.0.1:9443}
ConnectTransportException[[][127.0.0.1:9443] connect_timeout[30s]]; nested: ConnectException[Connection refused: /127.0.0.1:9443];
	at org.elasticsearch.transport.netty.NettyTransport.connectToChannelsLight(NettyTransport.java:954)
	at org.elasticsearch.transport.netty.NettyTransport.connectToNode(NettyTransport.java:918)
	at org.elasticsearch.transport.netty.NettyTransport.connectToNodeLight(NettyTransport.java:890)
	at org.elasticsearch.test.transport.MockTransportService$LookupTestTransport.connectToNodeLight(MockTransportService.java:413)
	at org.elasticsearch.transport.TransportService.connectToNodeLight(TransportService.java:242)
	at org.elasticsearch.discovery.zen.ping.unicast.UnicastZenPing$3.run(UnicastZenPing.java:395)
	at java.util.concurrent.ThreadPoolExecutor.runWorker(ThreadPoolExecutor.java:1142)
	at java.util.concurrent.ThreadPoolExecutor$Worker.run(ThreadPoolExecutor.java:617)
	at java.lang.Thread.run(Thread.java:745)
Caused by: java.net.ConnectException: Connection refused: /127.0.0.1:9443
	at sun.nio.ch.SocketChannelImpl.checkConnect(Native Method)
	at sun.nio.ch.SocketChannelImpl.finishConnect(SocketChannelImpl.java:717)
	at org.jboss.netty.channel.socket.nio.NioClientBoss.connect(NioClientBoss.java:152)
	at org.jboss.netty.channel.socket.nio.NioClientBoss.processSelectedKeys(NioClientBoss.java:105)
	at org.jboss.netty.channel.socket.nio.NioClientBoss.process(NioClientBoss.java:79)
	at org.jboss.netty.channel.socket.nio.AbstractNioSelector.run(AbstractNioSelector.java:337)
	at org.jboss.netty.channel.socket.nio.NioClientBoss.run(NioClientBoss.java:42)
	at org.jboss.netty.util.ThreadRenamingRunnable.run(ThreadRenamingRunnable.java:108)
	at org.jboss.netty.util.internal.DeadLockProofWorker$1.run(DeadLockProofWorker.java:42)
	... 3 more
[2016-04-18 03:03:36,658][TRACE][org.elasticsearch.discovery.zen.ping.unicast] [node_t3] [2] failed to connect to {#zen_unicast_5#}{127.0.0.1}{127.0.0.1:9444}
ConnectTransportException[[][127.0.0.1:9444] connect_timeout[30s]]; nested: ConnectException[Connection refused: /127.0.0.1:9444];
	at org.elasticsearch.transport.netty.NettyTransport.connectToChannelsLight(NettyTransport.java:954)
	at org.elasticsearch.transport.netty.NettyTransport.connectToNode(NettyTransport.java:918)
	at org.elasticsearch.transport.netty.NettyTransport.connectToNodeLight(NettyTransport.java:890)
	at org.elasticsearch.test.transport.MockTransportService$LookupTestTransport.connectToNodeLight(MockTransportService.java:413)
	at org.elasticsearch.transport.TransportService.connectToNodeLight(TransportService.java:242)
	at org.elasticsearch.discovery.zen.ping.unicast.UnicastZenPing$3.run(UnicastZenPing.java:395)
	at java.util.concurrent.ThreadPoolExecutor.runWorker(ThreadPoolExecutor.java:1142)
	at java.util.concurrent.ThreadPoolExecutor$Worker.run(ThreadPoolExecutor.java:617)
	at java.lang.Thread.run(Thread.java:745)
Caused by: java.net.ConnectException: Connection refused: /127.0.0.1:9444
	at sun.nio.ch.SocketChannelImpl.checkConnect(Native Method)
	at sun.nio.ch.SocketChannelImpl.finishConnect(SocketChannelImpl.java:717)
	at org.jboss.netty.channel.socket.nio.NioClientBoss.connect(NioClientBoss.java:152)
	at org.jboss.netty.channel.socket.nio.NioClientBoss.processSelectedKeys(NioClientBoss.java:105)
	at org.jboss.netty.channel.socket.nio.NioClientBoss.process(NioClientBoss.java:79)
	at org.jboss.netty.channel.socket.nio.AbstractNioSelector.run(AbstractNioSelector.java:337)
	at org.jboss.netty.channel.socket.nio.NioClientBoss.run(NioClientBoss.java:42)
	at org.jboss.netty.util.ThreadRenamingRunnable.run(ThreadRenamingRunnable.java:108)
	at org.jboss.netty.util.internal.DeadLockProofWorker$1.run(DeadLockProofWorker.java:42)
	... 3 more
[2016-04-18 03:03:36,658][TRACE][org.elasticsearch.discovery.zen.ping.unicast] [node_t3] [2] connected to {#zen_unicast_6#}{::1}{[::1]:9440}
[2016-04-18 03:03:36,658][TRACE][org.elasticsearch.discovery.zen.ping.unicast] [node_t3] [2] sending to {#zen_unicast_6#}{::1}{[::1]:9440}
[2016-04-18 03:03:36,657][TRACE][org.elasticsearch.discovery.zen.ping.unicast] [node_t3] [2] failed to connect to {#zen_unicast_7#}{::1}{[::1]:9441}
ConnectTransportException[[][[::1]:9441] connect_timeout[30s]]; nested: ConnectException[Connection refused: /0:0:0:0:0:0:0:1:9441];
	at org.elasticsearch.transport.netty.NettyTransport.connectToChannelsLight(NettyTransport.java:954)
	at org.elasticsearch.transport.netty.NettyTransport.connectToNode(NettyTransport.java:918)
	at org.elasticsearch.transport.netty.NettyTransport.connectToNodeLight(NettyTransport.java:890)
	at org.elasticsearch.test.transport.MockTransportService$LookupTestTransport.connectToNodeLight(MockTransportService.java:413)
	at org.elasticsearch.transport.TransportService.connectToNodeLight(TransportService.java:242)
	at org.elasticsearch.discovery.zen.ping.unicast.UnicastZenPing$3.run(UnicastZenPing.java:395)
	at java.util.concurrent.ThreadPoolExecutor.runWorker(ThreadPoolExecutor.java:1142)
	at java.util.concurrent.ThreadPoolExecutor$Worker.run(ThreadPoolExecutor.java:617)
	at java.lang.Thread.run(Thread.java:745)
Caused by: java.net.ConnectException: Connection refused: /0:0:0:0:0:0:0:1:9441
	at sun.nio.ch.SocketChannelImpl.checkConnect(Native Method)
	at sun.nio.ch.SocketChannelImpl.finishConnect(SocketChannelImpl.java:717)
	at org.jboss.netty.channel.socket.nio.NioClientBoss.connect(NioClientBoss.java:152)
	at org.jboss.netty.channel.socket.nio.NioClientBoss.processSelectedKeys(NioClientBoss.java:105)
	at org.jboss.netty.channel.socket.nio.NioClientBoss.process(NioClientBoss.java:79)
	at org.jboss.netty.channel.socket.nio.AbstractNioSelector.run(AbstractNioSelector.java:337)
	at org.jboss.netty.channel.socket.nio.NioClientBoss.run(NioClientBoss.java:42)
	at org.jboss.netty.util.ThreadRenamingRunnable.run(ThreadRenamingRunnable.java:108)
	at org.jboss.netty.util.internal.DeadLockProofWorker$1.run(DeadLockProofWorker.java:42)
	... 3 more
[2016-04-18 03:03:36,657][TRACE][org.elasticsearch.discovery.zen.ping.unicast] [node_t3] [2] failed to connect to {node_t1}{YucHs-5XRNO-JChWAzIIZg}{127.0.0.1}{127.0.0.1:9441}[mode=>network]
ConnectTransportException[[node_t1][127.0.0.1:9441] connect_timeout[30s]]; nested: ConnectException[Connection refused: /127.0.0.1:9441];
	at org.elasticsearch.transport.netty.NettyTransport.connectToChannels(NettyTransport.java:989)
	at org.elasticsearch.transport.netty.NettyTransport.connectToNode(NettyTransport.java:922)
	at org.elasticsearch.transport.netty.NettyTransport.connectToNode(NettyTransport.java:895)
	at org.elasticsearch.test.transport.MockTransportService$LookupTestTransport.connectToNode(MockTransportService.java:408)
	at org.elasticsearch.transport.TransportService.connectToNode(TransportService.java:235)
	at org.elasticsearch.discovery.zen.ping.unicast.UnicastZenPing$3.run(UnicastZenPing.java:398)
	at java.util.concurrent.ThreadPoolExecutor.runWorker(ThreadPoolExecutor.java:1142)
	at java.util.concurrent.ThreadPoolExecutor$Worker.run(ThreadPoolExecutor.java:617)
	at java.lang.Thread.run(Thread.java:745)
Caused by: java.net.ConnectException: Connection refused: /127.0.0.1:9441
	at sun.nio.ch.SocketChannelImpl.checkConnect(Native Method)
	at sun.nio.ch.SocketChannelImpl.finishConnect(SocketChannelImpl.java:717)
	at org.jboss.netty.channel.socket.nio.NioClientBoss.connect(NioClientBoss.java:152)
	at org.jboss.netty.channel.socket.nio.NioClientBoss.processSelectedKeys(NioClientBoss.java:105)
	at org.jboss.netty.channel.socket.nio.NioClientBoss.process(NioClientBoss.java:79)
	at org.jboss.netty.channel.socket.nio.AbstractNioSelector.run(AbstractNioSelector.java:337)
	at org.jboss.netty.channel.socket.nio.NioClientBoss.run(NioClientBoss.java:42)
	at org.jboss.netty.util.ThreadRenamingRunnable.run(ThreadRenamingRunnable.java:108)
	at org.jboss.netty.util.internal.DeadLockProofWorker$1.run(DeadLockProofWorker.java:42)
	... 3 more
[2016-04-18 03:03:36,657][TRACE][org.elasticsearch.discovery.zen.ping.unicast] [node_t3] [2] received response from {node_t3}{9i0gKojbTKKnv4dUyhJboA}{127.0.0.1}{127.0.0.1:9440}[mode=>network]: [ping_response{node [{node_t1}{YucHs-5XRNO-JChWAzIIZg}{127.0.0.1}{127.0.0.1:9441}[mode=>network]], id[434], master [null], hasJoinedOnce [true], cluster_name[TEST-CHILD_VM=[0]-CLUSTER_SEED=[-7449427405447180618]-HASH=[2645B46835F9]-cluster]}, ping_response{node [{node_t1}{YucHs-5XRNO-JChWAzIIZg}{127.0.0.1}{127.0.0.1:9441}[mode=>network]], id[434], master [null], hasJoinedOnce [true], cluster_name[TEST-CHILD_VM=[0]-CLUSTER_SEED=[-7449427405447180618]-HASH=[2645B46835F9]-cluster]}, ping_response{node [{node_t1}{YucHs-5XRNO-JChWAzIIZg}{127.0.0.1}{127.0.0.1:9441}[mode=>network]], id[434], master [null], hasJoinedOnce [true], cluster_name[TEST-CHILD_VM=[0]-CLUSTER_SEED=[-7449427405447180618]-HASH=[2645B46835F9]-cluster]}, ping_response{node [{node_t3}{9i0gKojbTKKnv4dUyhJboA}{127.0.0.1}{127.0.0.1:9440}[mode=>network]], id[441], master [null], hasJoinedOnce [false], cluster_name[TEST-CHILD_VM=[0]-CLUSTER_SEED=[-7449427405447180618]-HASH=[2645B46835F9]-cluster]}, ping_response{node [{node_t3}{9i0gKojbTKKnv4dUyhJboA}{127.0.0.1}{127.0.0.1:9440}[mode=>network]], id[441], master [null], hasJoinedOnce [false], cluster_name[TEST-CHILD_VM=[0]-CLUSTER_SEED=[-7449427405447180618]-HASH=[2645B46835F9]-cluster]}, ping_response{node [{node_t3}{9i0gKojbTKKnv4dUyhJboA}{127.0.0.1}{127.0.0.1:9440}[mode=>network]], id[441], master [null], hasJoinedOnce [false], cluster_name[TEST-CHILD_VM=[0]-CLUSTER_SEED=[-7449427405447180618]-HASH=[2645B46835F9]-cluster]}, ping_response{node [{node_t3}{9i0gKojbTKKnv4dUyhJboA}{127.0.0.1}{127.0.0.1:9440}[mode=>network]], id[448], master [{node_t1}{YucHs-5XRNO-JChWAzIIZg}{127.0.0.1}{127.0.0.1:9441}[mode=>network]], hasJoinedOnce [true], cluster_name[TEST-CHILD_VM=[0]-CLUSTER_SEED=[-7449427405447180618]-HASH=[2645B46835F9]-cluster]}, ping_response{node [{node_t3}{9i0gKojbTKKnv4dUyhJboA}{127.0.0.1}{127.0.0.1:9440}[mode=>network]], id[448], master [{node_t1}{YucHs-5XRNO-JChWAzIIZg}{127.0.0.1}{127.0.0.1:9441}[mode=>network]], hasJoinedOnce [true], cluster_name[TEST-CHILD_VM=[0]-CLUSTER_SEED=[-7449427405447180618]-HASH=[2645B46835F9]-cluster]}, ping_response{node [{node_t3}{9i0gKojbTKKnv4dUyhJboA}{127.0.0.1}{127.0.0.1:9440}[mode=>network]], id[450], master [null], hasJoinedOnce [true], cluster_name[TEST-CHILD_VM=[0]-CLUSTER_SEED=[-7449427405447180618]-HASH=[2645B46835F9]-cluster]}]
[2016-04-18 03:03:36,659][TRACE][org.elasticsearch.discovery.zen.ping.unicast] [node_t3] [2] received response from {#zen_unicast_6#}{::1}{[::1]:9440}: [ping_response{node [{node_t1}{YucHs-5XRNO-JChWAzIIZg}{127.0.0.1}{127.0.0.1:9441}[mode=>network]], id[434], master [null], hasJoinedOnce [true], cluster_name[TEST-CHILD_VM=[0]-CLUSTER_SEED=[-7449427405447180618]-HASH=[2645B46835F9]-cluster]}, ping_response{node [{node_t1}{YucHs-5XRNO-JChWAzIIZg}{127.0.0.1}{127.0.0.1:9441}[mode=>network]], id[434], master [null], hasJoinedOnce [true], cluster_name[TEST-CHILD_VM=[0]-CLUSTER_SEED=[-7449427405447180618]-HASH=[2645B46835F9]-cluster]}, ping_response{node [{node_t1}{YucHs-5XRNO-JChWAzIIZg}{127.0.0.1}{127.0.0.1:9441}[mode=>network]], id[434], master [null], hasJoinedOnce [true], cluster_name[TEST-CHILD_VM=[0]-CLUSTER_SEED=[-7449427405447180618]-HASH=[2645B46835F9]-cluster]}, ping_response{node [{node_t3}{9i0gKojbTKKnv4dUyhJboA}{127.0.0.1}{127.0.0.1:9440}[mode=>network]], id[441], master [null], hasJoinedOnce [false], cluster_name[TEST-CHILD_VM=[0]-CLUSTER_SEED=[-7449427405447180618]-HASH=[2645B46835F9]-cluster]}, ping_response{node [{node_t3}{9i0gKojbTKKnv4dUyhJboA}{127.0.0.1}{127.0.0.1:9440}[mode=>network]], id[441], master [null], hasJoinedOnce [false], cluster_name[TEST-CHILD_VM=[0]-CLUSTER_SEED=[-7449427405447180618]-HASH=[2645B46835F9]-cluster]}, ping_response{node [{node_t3}{9i0gKojbTKKnv4dUyhJboA}{127.0.0.1}{127.0.0.1:9440}[mode=>network]], id[441], master [null], hasJoinedOnce [false], cluster_name[TEST-CHILD_VM=[0]-CLUSTER_SEED=[-7449427405447180618]-HASH=[2645B46835F9]-cluster]}, ping_response{node [{node_t3}{9i0gKojbTKKnv4dUyhJboA}{127.0.0.1}{127.0.0.1:9440}[mode=>network]], id[448], master [{node_t1}{YucHs-5XRNO-JChWAzIIZg}{127.0.0.1}{127.0.0.1:9441}[mode=>network]], hasJoinedOnce [true], cluster_name[TEST-CHILD_VM=[0]-CLUSTER_SEED=[-7449427405447180618]-HASH=[2645B46835F9]-cluster]}, ping_response{node [{node_t3}{9i0gKojbTKKnv4dUyhJboA}{127.0.0.1}{127.0.0.1:9440}[mode=>network]], id[448], master [{node_t1}{YucHs-5XRNO-JChWAzIIZg}{127.0.0.1}{127.0.0.1:9441}[mode=>network]], hasJoinedOnce [true], cluster_name[TEST-CHILD_VM=[0]-CLUSTER_SEED=[-7449427405447180618]-HASH=[2645B46835F9]-cluster]}, ping_response{node [{node_t3}{9i0gKojbTKKnv4dUyhJboA}{127.0.0.1}{127.0.0.1:9440}[mode=>network]], id[448], master [{node_t1}{YucHs-5XRNO-JChWAzIIZg}{127.0.0.1}{127.0.0.1:9441}[mode=>network]], hasJoinedOnce [true], cluster_name[TEST-CHILD_VM=[0]-CLUSTER_SEED=[-7449427405447180618]-HASH=[2645B46835F9]-cluster]}, ping_response{node [{node_t3}{9i0gKojbTKKnv4dUyhJboA}{127.0.0.1}{127.0.0.1:9440}[mode=>network]], id[451], master [null], hasJoinedOnce [true], cluster_name[TEST-CHILD_VM=[0]-CLUSTER_SEED=[-7449427405447180618]-HASH=[2645B46835F9]-cluster]}]
[2016-04-18 03:03:36,658][TRACE][org.elasticsearch.discovery.zen.ping.unicast] [node_t3] [2] failed to connect to {#zen_unicast_9#}{::1}{[::1]:9443}
ConnectTransportException[[][[::1]:9443] connect_timeout[30s]]; nested: ConnectException[Connection refused: /0:0:0:0:0:0:0:1:9443];
	at org.elasticsearch.transport.netty.NettyTransport.connectToChannelsLight(NettyTransport.java:954)
	at org.elasticsearch.transport.netty.NettyTransport.connectToNode(NettyTransport.java:918)
	at org.elasticsearch.transport.netty.NettyTransport.connectToNodeLight(NettyTransport.java:890)
	at org.elasticsearch.test.transport.MockTransportService$LookupTestTransport.connectToNodeLight(MockTransportService.java:413)
	at org.elasticsearch.transport.TransportService.connectToNodeLight(TransportService.java:242)
	at org.elasticsearch.discovery.zen.ping.unicast.UnicastZenPing$3.run(UnicastZenPing.java:395)
	at java.util.concurrent.ThreadPoolExecutor.runWorker(ThreadPoolExecutor.java:1142)
	at java.util.concurrent.ThreadPoolExecutor$Worker.run(ThreadPoolExecutor.java:617)
	at java.lang.Thread.run(Thread.java:745)
Caused by: java.net.ConnectException: Connection refused: /0:0:0:0:0:0:0:1:9443
	at sun.nio.ch.SocketChannelImpl.checkConnect(Native Method)
	at sun.nio.ch.SocketChannelImpl.finishConnect(SocketChannelImpl.java:717)
	at org.jboss.netty.channel.socket.nio.NioClientBoss.connect(NioClientBoss.java:152)
	at org.jboss.netty.channel.socket.nio.NioClientBoss.processSelectedKeys(NioClientBoss.java:105)
	at org.jboss.netty.channel.socket.nio.NioClientBoss.process(NioClientBoss.java:79)
	at org.jboss.netty.channel.socket.nio.AbstractNioSelector.run(AbstractNioSelector.java:337)
	at org.jboss.netty.channel.socket.nio.NioClientBoss.run(NioClientBoss.java:42)
	at org.jboss.netty.util.ThreadRenamingRunnable.run(ThreadRenamingRunnable.java:108)
	at org.jboss.netty.util.internal.DeadLockProofWorker$1.run(DeadLockProofWorker.java:42)
	... 3 more
[2016-04-18 03:03:36,659][TRACE][org.elasticsearch.discovery.zen.ping.unicast] [node_t3] [2] connecting to {node_t1}{YucHs-5XRNO-JChWAzIIZg}{127.0.0.1}{127.0.0.1:9441}[mode=>network]
[2016-04-18 03:03:36,661][TRACE][org.elasticsearch.discovery.zen.ping.unicast] [node_t3] [2] failed to connect to {node_t1}{YucHs-5XRNO-JChWAzIIZg}{127.0.0.1}{127.0.0.1:9441}[mode=>network]
ConnectTransportException[[node_t1][127.0.0.1:9441] connect_timeout[30s]]; nested: ConnectException[Connection refused: /127.0.0.1:9441];
	at org.elasticsearch.transport.netty.NettyTransport.connectToChannels(NettyTransport.java:989)
	at org.elasticsearch.transport.netty.NettyTransport.connectToNode(NettyTransport.java:922)
	at org.elasticsearch.transport.netty.NettyTransport.connectToNode(NettyTransport.java:895)
	at org.elasticsearch.test.transport.MockTransportService$LookupTestTransport.connectToNode(MockTransportService.java:408)
	at org.elasticsearch.transport.TransportService.connectToNode(TransportService.java:235)
	at org.elasticsearch.discovery.zen.ping.unicast.UnicastZenPing$3.run(UnicastZenPing.java:398)
	at java.util.concurrent.ThreadPoolExecutor.runWorker(ThreadPoolExecutor.java:1142)
	at java.util.concurrent.ThreadPoolExecutor$Worker.run(ThreadPoolExecutor.java:617)
	at java.lang.Thread.run(Thread.java:745)
Caused by: java.net.ConnectException: Connection refused: /127.0.0.1:9441
	at sun.nio.ch.SocketChannelImpl.checkConnect(Native Method)
	at sun.nio.ch.SocketChannelImpl.finishConnect(SocketChannelImpl.java:717)
	at org.jboss.netty.channel.socket.nio.NioClientBoss.connect(NioClientBoss.java:152)
	at org.jboss.netty.channel.socket.nio.NioClientBoss.processSelectedKeys(NioClientBoss.java:105)
	at org.jboss.netty.channel.socket.nio.NioClientBoss.process(NioClientBoss.java:79)
	at org.jboss.netty.channel.socket.nio.AbstractNioSelector.run(AbstractNioSelector.java:337)
	at org.jboss.netty.channel.socket.nio.NioClientBoss.run(NioClientBoss.java:42)
	at org.jboss.netty.util.ThreadRenamingRunnable.run(ThreadRenamingRunnable.java:108)
	at org.jboss.netty.util.internal.DeadLockProofWorker$1.run(DeadLockProofWorker.java:42)
	... 3 more
[2016-04-18 03:03:36,661][TRACE][org.elasticsearch.discovery.zen.ping] [node_t3] pingAndWait interrupted
[2016-04-18 03:03:36,661][TRACE][org.elasticsearch.discovery.zen] [node_t3] No full ping responses
[2016-04-18 03:03:36,661][TRACE][org.elasticsearch.discovery.zen] [node_t3] thread is no longer in currentJoinThread. Stopping.
[2016-04-18 03:03:37,145][WARN ][org.elasticsearch.discovery.zen] [node_t1] master left (reason = shut_down), current nodes: {{node_t1}{wAT6PDjoRBOHPqZaRb2Kgg}{127.0.0.1}{127.0.0.1:9461}[mode=>network],}
[2016-04-18 03:03:37,605][WARN ][org.elasticsearch.discovery.zen] [node_t2] master left (reason = shut_down), current nodes: {{node_t2}{7gR0kf7ITnmVJ2S2HJGDGg}{127.0.0.1}{127.0.0.1:9460}[mode=>network],}
[2016-04-18 03:03:38,141][WARN ][org.elasticsearch.discovery] [node_t0] waited for 500ms and no initial state was set by the discovery
[2016-04-18 03:03:38,164][WARN ][org.elasticsearch.discovery] [node_t1] waited for 500ms and no initial state was set by the discovery
[2016-04-18 03:03:38,704][WARN ][org.elasticsearch.discovery] [node_t2] waited for 500ms and no initial state was set by the discovery
[2016-04-18 03:03:38,722][WARN ][org.elasticsearch.discovery] [node_t3] waited for 500ms and no initial state was set by the discovery
[2016-04-18 03:03:39,570][WARN ][org.elasticsearch.discovery.zen] [node_t3] not enough master nodes, current nodes: {{node_t3}{G8BnTg0HRoOF9KBqfOdUXg}{127.0.0.1}{127.0.0.1:9483}[mode=>network],{node_t0}{tArOurvpSVm08BGqotg6_A}{127.0.0.1}{127.0.0.1:9480}[mode=>network],}
[2016-04-18 03:03:40,229][WARN ][org.elasticsearch.discovery.zen] [node_t0] master left (reason = failed to ping, tried [3] times, each with  maximum [30s] timeout), current nodes: {{node_t0}{tArOurvpSVm08BGqotg6_A}{127.0.0.1}{127.0.0.1:9480}[mode=>network],{node_t2}{yAy4GbFlTrqWU5wzM7XmEw}{127.0.0.1}{127.0.0.1:9482}[mode=>network],}
[2016-04-18 03:03:41,156][WARN ][org.elasticsearch.discovery] [node_t4] waited for 500ms and no initial state was set by the discovery
[2016-04-18 03:03:41,179][WARN ][org.elasticsearch.discovery] [node_t5] waited for 500ms and no initial state was set by the discovery
[2016-04-18 03:03:41,914][WARN ][org.elasticsearch.discovery.zen] [node_t5] master left (reason = shut_down), current nodes: {{node_t4}{atE-FZqqR-iLzeR5Zy__AA}{127.0.0.1}{127.0.0.1:9481}[mode=>network],{node_t5}{ymbRvLxfTRaKg4Y7OIYqPQ}{127.0.0.1}{127.0.0.1:9482}[mode=>network],}
[2016-04-18 03:03:41,914][WARN ][org.elasticsearch.discovery.zen] [node_t4] master left (reason = shut_down), current nodes: {{node_t4}{atE-FZqqR-iLzeR5Zy__AA}{127.0.0.1}{127.0.0.1:9481}[mode=>network],{node_t5}{ymbRvLxfTRaKg4Y7OIYqPQ}{127.0.0.1}{127.0.0.1:9482}[mode=>network],}
]]></system-out>
   <system-err><![CDATA[]]></system-err>
</testsuite>