<testsuite errors="0" failures="0" tests="17" skipped="2" name="org.elasticsearch.discovery.DiscoveryWithServiceDisruptionsIT" hostname="nohost.nodomain" time="145.667" timestamp="2016-03-29T17:31:08">
   <properties class="java.util.ArrayList">
      <property name="awt.toolkit" value="sun.lwawt.macosx.LWCToolkit"/>
      <property name="es.logger.level" value="WARN"/>
      <property name="file.encoding" value="UTF-8"/>
      <property name="file.encoding.pkg" value="sun.io"/>
      <property name="file.separator" value="/"/>
      <property name="ftp.nonProxyHosts" value="local|*.local|169.254/16|*.169.254/16"/>
      <property name="gopherProxySet" value="false"/>
      <property name="http.nonProxyHosts" value="local|*.local|169.254/16|*.169.254/16"/>
      <property name="java.awt.graphicsenv" value="sun.awt.CGraphicsEnvironment"/>
      <property name="java.awt.headless" value="true"/>
      <property name="java.awt.printerjob" value="sun.lwawt.macosx.CPrinterJob"/>
      <property name="java.class.path" value="/Users/ogbonnayacngwu/CSE2410_spring2016_projectileDysfunction/core/build/classes/test:/Users/ogbonnayacngwu/CSE2410_spring2016_projectileDysfunction/core/build/resources/test:/Users/ogbonnayacngwu/CSE2410_spring2016_projectileDysfunction/core/build/classes/main:/Users/ogbonnayacngwu/CSE2410_spring2016_projectileDysfunction/core/build/resources/main:/Users/ogbonnayacngwu/.gradle/caches/modules-2/files-2.1/org.apache.lucene/lucene-core/5.5.0-snapshot-1721183/f6854c65c7f4c6d9de583f4daa4fd3ae8a3800f1/lucene-core-5.5.0-snapshot-1721183.jar:/Users/ogbonnayacngwu/.gradle/caches/modules-2/files-2.1/org.apache.lucene/lucene-analyzers-common/5.5.0-snapshot-1721183/69e187ef1d2d9c9570363eb4186821e0341df5b8/lucene-analyzers-common-5.5.0-snapshot-1721183.jar:/Users/ogbonnayacngwu/.gradle/caches/modules-2/files-2.1/org.apache.lucene/lucene-backward-codecs/5.5.0-snapshot-1721183/fa00a45ff9bc6a4df44db81f2e4e44ea94bf88e/lucene-backward-codecs-5.5.0-snapshot-1721183.jar:/Users/ogbonnayacngwu/.gradle/caches/modules-2/files-2.1/org.apache.lucene/lucene-grouping/5.5.0-snapshot-1721183/e996e6c723eb415ba2cfa7f5e98bbf194a4918dd/lucene-grouping-5.5.0-snapshot-1721183.jar:/Users/ogbonnayacngwu/.gradle/caches/modules-2/files-2.1/org.apache.lucene/lucene-highlighter/5.5.0-snapshot-1721183/3b7a5d97b10885f16eb53deb15d64c942b9f9fdb/lucene-highlighter-5.5.0-snapshot-1721183.jar:/Users/ogbonnayacngwu/.gradle/caches/modules-2/files-2.1/org.apache.lucene/lucene-join/5.5.0-snapshot-1721183/e4dda3eeb76e340aa4713a3b20d68c4a1504e505/lucene-join-5.5.0-snapshot-1721183.jar:/Users/ogbonnayacngwu/.gradle/caches/modules-2/files-2.1/org.apache.lucene/lucene-memory/5.5.0-snapshot-1721183/800442a5d7612ce4c8748831871b4d436a50554e/lucene-memory-5.5.0-snapshot-1721183.jar:/Users/ogbonnayacngwu/.gradle/caches/modules-2/files-2.1/org.apache.lucene/lucene-misc/5.5.0-snapshot-1721183/bdf184de9b5773c7af3ae908af78eeb1e512470c/lucene-misc-5.5.0-snapshot-1721183.jar:/Users/ogbonnayacngwu/.gradle/caches/modules-2/files-2.1/org.apache.lucene/lucene-queries/5.5.0-snapshot-1721183/fc59de52bd2c7e420edfd235723cb8b0dd44e92d/lucene-queries-5.5.0-snapshot-1721183.jar:/Users/ogbonnayacngwu/.gradle/caches/modules-2/files-2.1/org.apache.lucene/lucene-queryparser/5.5.0-snapshot-1721183/1d341e6a4f11f3170773ccffdbe6815b45967e3d/lucene-queryparser-5.5.0-snapshot-1721183.jar:/Users/ogbonnayacngwu/.gradle/caches/modules-2/files-2.1/org.apache.lucene/lucene-sandbox/5.5.0-snapshot-1721183/a1b02c2b595ac92f45f0d2be03841a3a7fcae1f1/lucene-sandbox-5.5.0-snapshot-1721183.jar:/Users/ogbonnayacngwu/.gradle/caches/modules-2/files-2.1/org.apache.lucene/lucene-spatial/5.5.0-snapshot-1721183/e3ea422b56734329fb6974e9cf9f66478adb5793/lucene-spatial-5.5.0-snapshot-1721183.jar:/Users/ogbonnayacngwu/.gradle/caches/modules-2/files-2.1/org.apache.lucene/lucene-spatial3d/5.5.0-snapshot-1721183/5eadbd4e63120b59ab6445e39489205f98420471/lucene-spatial3d-5.5.0-snapshot-1721183.jar:/Users/ogbonnayacngwu/.gradle/caches/modules-2/files-2.1/org.apache.lucene/lucene-suggest/5.5.0-snapshot-1721183/a336287e65d082535f02a8427666dbe46b1b9b74/lucene-suggest-5.5.0-snapshot-1721183.jar:/Users/ogbonnayacngwu/.gradle/caches/modules-2/files-2.1/org.elasticsearch/securesm/1.0/c0c6cf986ba0057390bfcc80c366a0e3157f944b/securesm-1.0.jar:/Users/ogbonnayacngwu/.gradle/caches/modules-2/files-2.1/commons-cli/commons-cli/1.3.1/1303efbc4b181e5a58bf2e967dc156a3132b97c0/commons-cli-1.3.1.jar:/Users/ogbonnayacngwu/.gradle/caches/modules-2/files-2.1/com.carrotsearch/hppc/0.7.1/8b5057f74ea378c0150a1860874a3ebdcb713767/hppc-0.7.1.jar:/Users/ogbonnayacngwu/.gradle/caches/modules-2/files-2.1/joda-time/joda-time/2.8.2/d27c24204c5e507b16fec01006b3d0f1ec42aed4/joda-time-2.8.2.jar:/Users/ogbonnayacngwu/.gradle/caches/modules-2/files-2.1/org.joda/joda-convert/1.2/35ec554f0cd00c956cc69051514d9488b1374dec/joda-convert-1.2.jar:/Users/ogbonnayacngwu/.gradle/caches/modules-2/files-2.1/com.fasterxml.jackson.core/jackson-core/2.6.2/123f29333b2c6b3516b14252b6e93226bfcd6e37/jackson-core-2.6.2.jar:/Users/ogbonnayacngwu/.gradle/caches/modules-2/files-2.1/com.fasterxml.jackson.dataformat/jackson-dataformat-smile/2.6.2/395d18c1a1dd730b8026ee59c4067e5d2b45ba6e/jackson-dataformat-smile-2.6.2.jar:/Users/ogbonnayacngwu/.gradle/caches/modules-2/files-2.1/com.fasterxml.jackson.dataformat/jackson-dataformat-yaml/2.6.2/4ae23088dd3fae47c66843f2e4251d7255ee140e/jackson-dataformat-yaml-2.6.2.jar:/Users/ogbonnayacngwu/.gradle/caches/modules-2/files-2.1/com.fasterxml.jackson.dataformat/jackson-dataformat-cbor/2.6.2/1e13c575f914c83761bb8e2aca7dfd9e4c647579/jackson-dataformat-cbor-2.6.2.jar:/Users/ogbonnayacngwu/.gradle/caches/modules-2/files-2.1/io.netty/netty/3.10.5.Final/9ca7d55d246092bddd29b867706e2f6c7db701a0/netty-3.10.5.Final.jar:/Users/ogbonnayacngwu/.gradle/caches/modules-2/files-2.1/com.tdunning/t-digest/3.0/84ccf145ac2215e6bfa63baa3101c0af41017cfc/t-digest-3.0.jar:/Users/ogbonnayacngwu/.gradle/caches/modules-2/files-2.1/org.hdrhistogram/HdrHistogram/2.1.6/7495feb7f71ee124bd2a7e7d83590e296d71d80e/HdrHistogram-2.1.6.jar:/Users/ogbonnayacngwu/.gradle/caches/modules-2/files-2.1/com.spatial4j/spatial4j/0.5/6e16edaf6b1ba76db7f08c2f3723fce3b358ecc3/spatial4j-0.5.jar:/Users/ogbonnayacngwu/.gradle/caches/modules-2/files-2.1/com.vividsolutions/jts/1.13/3ccfb9b60f04d71add996a666ceb8902904fd805/jts-1.13.jar:/Users/ogbonnayacngwu/.gradle/caches/modules-2/files-2.1/log4j/log4j/1.2.17/5af35056b4d257e4b64b9e8069c0746e8b08629f/log4j-1.2.17.jar:/Users/ogbonnayacngwu/.gradle/caches/modules-2/files-2.1/log4j/apache-log4j-extras/1.2.17/85863614d82185d7e51fe21c00aa9117a523a8b6/apache-log4j-extras-1.2.17.jar:/Users/ogbonnayacngwu/.gradle/caches/modules-2/files-2.1/org.slf4j/slf4j-api/1.6.2/8619e95939167fb37245b5670135e4feb0ec7d50/slf4j-api-1.6.2.jar:/Users/ogbonnayacngwu/.gradle/caches/modules-2/files-2.1/net.java.dev.jna/jna/4.1.0/1c12d070e602efd8021891cdd7fd18bc129372d4/jna-4.1.0.jar:/Users/ogbonnayacngwu/CSE2410_spring2016_projectileDysfunction/test/framework/build/libs/framework-3.0.0-SNAPSHOT.jar:/Users/ogbonnayacngwu/.gradle/caches/modules-2/files-2.1/com.carrotsearch.randomizedtesting/randomizedtesting-runner/2.3.2/307965917fe8a22b7ee72deba39ef4b8e6ebc069/randomizedtesting-runner-2.3.2.jar:/Users/ogbonnayacngwu/.gradle/caches/modules-2/files-2.1/junit/junit/4.11/4e031bb61df09069aeb2bffb4019e7a5034a4ee0/junit-4.11.jar:/Users/ogbonnayacngwu/.gradle/caches/modules-2/files-2.1/org.hamcrest/hamcrest-all/1.3/63a21ebc981131004ad02e0434e799fd7f3a8d5a/hamcrest-all-1.3.jar:/Users/ogbonnayacngwu/.gradle/caches/modules-2/files-2.1/org.apache.lucene/lucene-test-framework/5.5.0-snapshot-1721183/a8d851d0ad82182b3a02f4b30c336e7aa0e173cb/lucene-test-framework-5.5.0-snapshot-1721183.jar:/Users/ogbonnayacngwu/.gradle/caches/modules-2/files-2.1/org.apache.lucene/lucene-codecs/5.5.0-snapshot-1721183/8aa59442b028c7a2c1a516accb6142a8910ba5fc/lucene-codecs-5.5.0-snapshot-1721183.jar:/Users/ogbonnayacngwu/.gradle/caches/modules-2/files-2.1/org.apache.httpcomponents/httpclient/4.3.6/4c47155e3e6c9a41a28db36680b828ced53b8af4/httpclient-4.3.6.jar:/Users/ogbonnayacngwu/.gradle/caches/modules-2/files-2.1/org.apache.httpcomponents/httpcore/4.3.3/f91b7a4aadc5cf486df6e4634748d7dd7a73f06d/httpcore-4.3.3.jar:/Users/ogbonnayacngwu/.gradle/caches/modules-2/files-2.1/commons-logging/commons-logging/1.1.3/f6f66e966c70a83ffbdb6f17a0919eaf7c8aca7f/commons-logging-1.1.3.jar:/Users/ogbonnayacngwu/.gradle/caches/modules-2/files-2.1/commons-codec/commons-codec/1.10/4b95f4897fa13f2cd904aee711aeafc0c5295cd8/commons-codec-1.10.jar:/Users/ogbonnayacngwu/.gradle/caches/modules-2/files-2.1/org.elasticsearch/securemock/1.2/98201d4ad5ac93f6b415ae9172d52b5e7cda490e/securemock-1.2.jar:/Users/ogbonnayacngwu/.gradle/caches/modules-2/files-2.1/com.carrotsearch.randomizedtesting/junit4-ant/2.3.2/dc8f03f6111974092491f35b8269eb0fc57f52f7/junit4-ant-2.3.2.jar"/>
      <property name="java.class.version" value="52.0"/>
      <property name="java.endorsed.dirs" value="/Library/Java/JavaVirtualMachines/jdk1.8.0_11.jdk/Contents/Home/jre/lib/endorsed"/>
      <property name="java.ext.dirs" value="/Users/ogbonnayacngwu/Library/Java/Extensions:/Library/Java/JavaVirtualMachines/jdk1.8.0_11.jdk/Contents/Home/jre/lib/ext:/Library/Java/Extensions:/Network/Library/Java/Extensions:/System/Library/Java/Extensions:/usr/lib/java"/>
      <property name="java.home" value="/Library/Java/JavaVirtualMachines/jdk1.8.0_11.jdk/Contents/Home/jre"/>
      <property name="java.io.tmpdir" value="./temp"/>
      <property name="java.library.path" value="/Users/ogbonnayacngwu/Library/Java/Extensions:/Library/Java/Extensions:/Network/Library/Java/Extensions:/System/Library/Java/Extensions:/usr/lib/java:."/>
      <property name="java.runtime.name" value="Java(TM) SE Runtime Environment"/>
      <property name="java.runtime.version" value="1.8.0_11-b12"/>
      <property name="java.specification.name" value="Java Platform API Specification"/>
      <property name="java.specification.vendor" value="Oracle Corporation"/>
      <property name="java.specification.version" value="1.8"/>
      <property name="java.vendor" value="Oracle Corporation"/>
      <property name="java.vendor.url" value="http://java.oracle.com/"/>
      <property name="java.vendor.url.bug" value="http://bugreport.sun.com/bugreport/"/>
      <property name="java.version" value="1.8.0_11"/>
      <property name="java.vm.info" value="mixed mode"/>
      <property name="java.vm.name" value="Java HotSpot(TM) 64-Bit Server VM"/>
      <property name="java.vm.specification.name" value="Java Virtual Machine Specification"/>
      <property name="java.vm.specification.vendor" value="Oracle Corporation"/>
      <property name="java.vm.specification.version" value="1.8"/>
      <property name="java.vm.vendor" value="Oracle Corporation"/>
      <property name="java.vm.version" value="25.11-b03"/>
      <property name="junit4.childvm.count" value="4"/>
      <property name="junit4.childvm.cwd" value="/Users/ogbonnayacngwu/CSE2410_spring2016_projectileDysfunction/core/build/testrun/integTest/J1"/>
      <property name="junit4.childvm.id" value="1"/>
      <property name="junit4.memory.total" value="514850816"/>
      <property name="junit4.pidString" value="27395@host37-246.aruba.fit.edu"/>
      <property name="junit4.processors" value="8"/>
      <property name="line.separator" value="
"/>
      <property name="os.arch" value="x86_64"/>
      <property name="os.name" value="Mac OS X"/>
      <property name="os.version" value="10.11.4"/>
      <property name="path.separator" value=":"/>
      <property name="socksNonProxyHosts" value="local|*.local|169.254/16|*.169.254/16"/>
      <property name="sun.arch.data.model" value="64"/>
      <property name="sun.boot.class.path" value="/Library/Java/JavaVirtualMachines/jdk1.8.0_11.jdk/Contents/Home/jre/lib/resources.jar:/Library/Java/JavaVirtualMachines/jdk1.8.0_11.jdk/Contents/Home/jre/lib/rt.jar:/Library/Java/JavaVirtualMachines/jdk1.8.0_11.jdk/Contents/Home/jre/lib/sunrsasign.jar:/Library/Java/JavaVirtualMachines/jdk1.8.0_11.jdk/Contents/Home/jre/lib/jsse.jar:/Library/Java/JavaVirtualMachines/jdk1.8.0_11.jdk/Contents/Home/jre/lib/jce.jar:/Library/Java/JavaVirtualMachines/jdk1.8.0_11.jdk/Contents/Home/jre/lib/charsets.jar:/Library/Java/JavaVirtualMachines/jdk1.8.0_11.jdk/Contents/Home/jre/lib/jfr.jar:/Library/Java/JavaVirtualMachines/jdk1.8.0_11.jdk/Contents/Home/jre/classes"/>
      <property name="sun.boot.library.path" value="/Library/Java/JavaVirtualMachines/jdk1.8.0_11.jdk/Contents/Home/jre/lib"/>
      <property name="sun.cpu.endian" value="little"/>
      <property name="sun.cpu.isalist" value=""/>
      <property name="sun.io.unicode.encoding" value="UnicodeBig"/>
      <property name="sun.java.command" value="com.carrotsearch.ant.tasks.junit4.slave.SlaveMainSafe -eventsfile /Users/ogbonnayacngwu/CSE2410_spring2016_projectileDysfunction/core/build/testrun/integTest/temp/junit4-J1-20160329_172724_554.events @/Users/ogbonnayacngwu/CSE2410_spring2016_projectileDysfunction/core/build/testrun/integTest/temp/junit4-J1-20160329_172724_554.suites -stdin"/>
      <property name="sun.java.launcher" value="SUN_STANDARD"/>
      <property name="sun.jnu.encoding" value="UTF-8"/>
      <property name="sun.management.compiler" value="HotSpot 64-Bit Tiered Compilers"/>
      <property name="sun.os.patch.level" value="unknown"/>
      <property name="tests.artifact" value="core"/>
      <property name="tests.ifNoTests" value="fail"/>
      <property name="tests.maven" value="true"/>
      <property name="tests.prefix" value="tests"/>
      <property name="tests.security.manager" value="true"/>
      <property name="tests.seed" value="4AA6DECDBC490785"/>
      <property name="tests.task" value=":core:integTest"/>
      <property name="user.country" value="US"/>
      <property name="user.dir" value="/Users/ogbonnayacngwu/CSE2410_spring2016_projectileDysfunction/core/build/testrun/integTest/J1"/>
      <property name="user.home" value="/Users/ogbonnayacngwu"/>
      <property name="user.language" value="en"/>
      <property name="user.name" value="ogbonnayacngwu"/>
      <property name="user.timezone" value="America/New_York"/>
   </properties>
   <testcase classname="org.elasticsearch.discovery.DiscoveryWithServiceDisruptionsIT" name="testUnicastSinglePingResponseContainsMaster" time="7.333"/>
   <testcase classname="org.elasticsearch.discovery.DiscoveryWithServiceDisruptionsIT" name="testIndicesDeleted" time="0.0">
      <skipped></skipped>
   </testcase>
   <testcase classname="org.elasticsearch.discovery.DiscoveryWithServiceDisruptionsIT" name="testAckedIndexing" time="0.001">
      <skipped></skipped>
   </testcase>
   <testcase classname="org.elasticsearch.discovery.DiscoveryWithServiceDisruptionsIT" name="testIsolateMasterAndVerifyClusterStateConsensus" time="10.378"/>
   <testcase classname="org.elasticsearch.discovery.DiscoveryWithServiceDisruptionsIT" name="testClusterFormingWithASlowNode" time="9.835"/>
   <testcase classname="org.elasticsearch.discovery.DiscoveryWithServiceDisruptionsIT" name="testIsolatedUnicastNodes" time="7.255"/>
   <testcase classname="org.elasticsearch.discovery.DiscoveryWithServiceDisruptionsIT" name="testNodeNotReachableFromMaster" time="7.189"/>
   <testcase classname="org.elasticsearch.discovery.DiscoveryWithServiceDisruptionsIT" name="testFailWithMinimumMasterNodesConfigured" time="7.155"/>
   <testcase classname="org.elasticsearch.discovery.DiscoveryWithServiceDisruptionsIT" name="testVerifyApiBlocksDuringPartition" time="15.185"/>
   <testcase classname="org.elasticsearch.discovery.DiscoveryWithServiceDisruptionsIT" name="testClusterJoinDespiteOfPublishingIssues" time="10.142"/>
   <testcase classname="org.elasticsearch.discovery.DiscoveryWithServiceDisruptionsIT" name="testSendingShardFailure" time="8.126"/>
   <testcase classname="org.elasticsearch.discovery.DiscoveryWithServiceDisruptionsIT" name="testSearchWithRelocationAndSlowClusterStateProcessing" time="6.27"/>
   <testcase classname="org.elasticsearch.discovery.DiscoveryWithServiceDisruptionsIT" name="testRejoinDocumentExistsInAllShardCopies" time="8.149"/>
   <testcase classname="org.elasticsearch.discovery.DiscoveryWithServiceDisruptionsIT" name="testIndexImportedFromDataOnlyNodesIfMasterLostDataFolder" time="9.241"/>
   <testcase classname="org.elasticsearch.discovery.DiscoveryWithServiceDisruptionsIT" name="testStaleMasterNotHijackingMajority" time="13.505"/>
   <testcase classname="org.elasticsearch.discovery.DiscoveryWithServiceDisruptionsIT" name="testMasterNodeGCs" time="14.661"/>
   <testcase classname="org.elasticsearch.discovery.DiscoveryWithServiceDisruptionsIT" name="testNodesFDAfterMasterReelection" time="11.173"/>
   <system-out><![CDATA[[2016-03-29 17:31:12,946][WARN ][org.elasticsearch.discovery.zen] [node_t1] master left (reason = transport disconnected), current nodes: {{node_t0}{w7mgH9ASTMSI3sall-e8vw}{127.0.0.1}{127.0.0.1:30200}[mode=>network],{node_t1}{iKWi1xKXQDOVBUyBVMXagA}{127.0.0.1}{127.0.0.1:30201}[mode=>network],{node_t3}{GlTjo2pdRHulZSjiWJkEUg}{127.0.0.1}{127.0.0.1:30203}[mode=>network],}
[2016-03-29 17:31:16,007][WARN ][org.elasticsearch.discovery.zen] [node_t2] not enough master nodes, current nodes: {{node_t3}{GlTjo2pdRHulZSjiWJkEUg}{127.0.0.1}{127.0.0.1:30203}[mode=>network],{node_t2}{D3YJHzcqSDClnVd4ewkQZg}{127.0.0.1}{127.0.0.1:30202}[mode=>network],}
[2016-03-29 17:31:16,011][WARN ][org.elasticsearch.discovery.zen] [node_t3] master left (reason = transport disconnected), current nodes: {{node_t1}{iKWi1xKXQDOVBUyBVMXagA}{127.0.0.1}{127.0.0.1:30201}[mode=>network],{node_t3}{GlTjo2pdRHulZSjiWJkEUg}{127.0.0.1}{127.0.0.1:30203}[mode=>network],}
[2016-03-29 17:31:20,253][WARN ][org.elasticsearch.cluster.service] [node_t2] failing [zen-disco-node_failed({node_t1}{nS9mZUmrQ5mj_QLEZRMoWw}{127.0.0.1}{127.0.0.1:30205}[mode=>network]), reason transport disconnected]: failed to commit cluster state version [8]
FailedToCommitClusterStateException[failed to get enough masters to ack sent cluster state. [1] left]
	at org.elasticsearch.discovery.zen.publish.PublishClusterStateAction$SendingController.waitForCommit(PublishClusterStateAction.java:525)
	at org.elasticsearch.discovery.zen.publish.PublishClusterStateAction.innerPublish(PublishClusterStateAction.java:189)
	at org.elasticsearch.discovery.zen.publish.PublishClusterStateAction.publish(PublishClusterStateAction.java:154)
	at org.elasticsearch.discovery.zen.ZenDiscovery.publish(ZenDiscovery.java:345)
	at sun.reflect.GeneratedMethodAccessor5.invoke(Unknown Source)
	at sun.reflect.DelegatingMethodAccessorImpl.invoke(DelegatingMethodAccessorImpl.java:43)
	at java.lang.reflect.Method.invoke(Method.java:483)
	at org.elasticsearch.common.inject.internal.ConstructionContext$DelegatingInvocationHandler.invoke(ConstructionContext.java:111)
	at com.sun.proxy.$Proxy35.publish(Unknown Source)
	at org.elasticsearch.discovery.DiscoveryService.publish(DiscoveryService.java:130)
	at org.elasticsearch.cluster.service.InternalClusterService.runTasksForExecutor(InternalClusterService.java:574)
	at org.elasticsearch.cluster.service.InternalClusterService$UpdateTask.run(InternalClusterService.java:761)
	at org.elasticsearch.common.util.concurrent.PrioritizedEsThreadPoolExecutor$TieBreakingPrioritizedRunnable.runAndClean(PrioritizedEsThreadPoolExecutor.java:231)
	at org.elasticsearch.common.util.concurrent.PrioritizedEsThreadPoolExecutor$TieBreakingPrioritizedRunnable.run(PrioritizedEsThreadPoolExecutor.java:194)
	at java.util.concurrent.ThreadPoolExecutor.runWorker(ThreadPoolExecutor.java:1142)
	at java.util.concurrent.ThreadPoolExecutor$Worker.run(ThreadPoolExecutor.java:617)
	at java.lang.Thread.run(Thread.java:745)
[2016-03-29 17:31:20,253][WARN ][org.elasticsearch.discovery.zen] [node_t0] master left (reason = transport disconnected), current nodes: {{node_t0}{tkph-ZLDRhiLVKw01Yytcg}{127.0.0.1}{127.0.0.1:30204}[mode=>network],{node_t1}{nS9mZUmrQ5mj_QLEZRMoWw}{127.0.0.1}{127.0.0.1:30205}[mode=>network],}
[2016-03-29 17:31:20,254][ERROR][org.elasticsearch.discovery.zen] [node_t2] unexpected failure during [zen-disco-node_failed({node_t1}{nS9mZUmrQ5mj_QLEZRMoWw}{127.0.0.1}{127.0.0.1:30205}[mode=>network]), reason transport disconnected]
FailedToCommitClusterStateException[failed to get enough masters to ack sent cluster state. [1] left]
	at org.elasticsearch.discovery.zen.publish.PublishClusterStateAction$SendingController.waitForCommit(PublishClusterStateAction.java:525)
	at org.elasticsearch.discovery.zen.publish.PublishClusterStateAction.innerPublish(PublishClusterStateAction.java:189)
	at org.elasticsearch.discovery.zen.publish.PublishClusterStateAction.publish(PublishClusterStateAction.java:154)
	at org.elasticsearch.discovery.zen.ZenDiscovery.publish(ZenDiscovery.java:345)
	at sun.reflect.GeneratedMethodAccessor5.invoke(Unknown Source)
	at sun.reflect.DelegatingMethodAccessorImpl.invoke(DelegatingMethodAccessorImpl.java:43)
	at java.lang.reflect.Method.invoke(Method.java:483)
	at org.elasticsearch.common.inject.internal.ConstructionContext$DelegatingInvocationHandler.invoke(ConstructionContext.java:111)
	at com.sun.proxy.$Proxy35.publish(Unknown Source)
	at org.elasticsearch.discovery.DiscoveryService.publish(DiscoveryService.java:130)
	at org.elasticsearch.cluster.service.InternalClusterService.runTasksForExecutor(InternalClusterService.java:574)
	at org.elasticsearch.cluster.service.InternalClusterService$UpdateTask.run(InternalClusterService.java:761)
	at org.elasticsearch.common.util.concurrent.PrioritizedEsThreadPoolExecutor$TieBreakingPrioritizedRunnable.runAndClean(PrioritizedEsThreadPoolExecutor.java:231)
	at org.elasticsearch.common.util.concurrent.PrioritizedEsThreadPoolExecutor$TieBreakingPrioritizedRunnable.run(PrioritizedEsThreadPoolExecutor.java:194)
	at java.util.concurrent.ThreadPoolExecutor.runWorker(ThreadPoolExecutor.java:1142)
	at java.util.concurrent.ThreadPoolExecutor$Worker.run(ThreadPoolExecutor.java:617)
	at java.lang.Thread.run(Thread.java:745)
[2016-03-29 17:31:20,256][WARN ][org.elasticsearch.cluster.service] [node_t2] failing [zen-disco-node_failed({node_t0}{tkph-ZLDRhiLVKw01Yytcg}{127.0.0.1}{127.0.0.1:30204}[mode=>network]), reason transport disconnected]: failed to commit cluster state version [8]
FailedToCommitClusterStateException[failed to get enough masters to ack sent cluster state. [1] left]
	at org.elasticsearch.discovery.zen.publish.PublishClusterStateAction$SendingController.waitForCommit(PublishClusterStateAction.java:525)
	at org.elasticsearch.discovery.zen.publish.PublishClusterStateAction.innerPublish(PublishClusterStateAction.java:189)
	at org.elasticsearch.discovery.zen.publish.PublishClusterStateAction.publish(PublishClusterStateAction.java:154)
	at org.elasticsearch.discovery.zen.ZenDiscovery.publish(ZenDiscovery.java:345)
	at sun.reflect.GeneratedMethodAccessor5.invoke(Unknown Source)
	at sun.reflect.DelegatingMethodAccessorImpl.invoke(DelegatingMethodAccessorImpl.java:43)
	at java.lang.reflect.Method.invoke(Method.java:483)
	at org.elasticsearch.common.inject.internal.ConstructionContext$DelegatingInvocationHandler.invoke(ConstructionContext.java:111)
	at com.sun.proxy.$Proxy35.publish(Unknown Source)
	at org.elasticsearch.discovery.DiscoveryService.publish(DiscoveryService.java:130)
	at org.elasticsearch.cluster.service.InternalClusterService.runTasksForExecutor(InternalClusterService.java:574)
	at org.elasticsearch.cluster.service.InternalClusterService$UpdateTask.run(InternalClusterService.java:761)
	at org.elasticsearch.common.util.concurrent.PrioritizedEsThreadPoolExecutor$TieBreakingPrioritizedRunnable.runAndClean(PrioritizedEsThreadPoolExecutor.java:231)
	at org.elasticsearch.common.util.concurrent.PrioritizedEsThreadPoolExecutor$TieBreakingPrioritizedRunnable.run(PrioritizedEsThreadPoolExecutor.java:194)
	at java.util.concurrent.ThreadPoolExecutor.runWorker(ThreadPoolExecutor.java:1142)
	at java.util.concurrent.ThreadPoolExecutor$Worker.run(ThreadPoolExecutor.java:617)
	at java.lang.Thread.run(Thread.java:745)
[2016-03-29 17:31:20,256][ERROR][org.elasticsearch.discovery.zen] [node_t2] unexpected failure during [zen-disco-node_failed({node_t0}{tkph-ZLDRhiLVKw01Yytcg}{127.0.0.1}{127.0.0.1:30204}[mode=>network]), reason transport disconnected]
FailedToCommitClusterStateException[failed to get enough masters to ack sent cluster state. [1] left]
	at org.elasticsearch.discovery.zen.publish.PublishClusterStateAction$SendingController.waitForCommit(PublishClusterStateAction.java:525)
	at org.elasticsearch.discovery.zen.publish.PublishClusterStateAction.innerPublish(PublishClusterStateAction.java:189)
	at org.elasticsearch.discovery.zen.publish.PublishClusterStateAction.publish(PublishClusterStateAction.java:154)
	at org.elasticsearch.discovery.zen.ZenDiscovery.publish(ZenDiscovery.java:345)
	at sun.reflect.GeneratedMethodAccessor5.invoke(Unknown Source)
	at sun.reflect.DelegatingMethodAccessorImpl.invoke(DelegatingMethodAccessorImpl.java:43)
	at java.lang.reflect.Method.invoke(Method.java:483)
	at org.elasticsearch.common.inject.internal.ConstructionContext$DelegatingInvocationHandler.invoke(ConstructionContext.java:111)
	at com.sun.proxy.$Proxy35.publish(Unknown Source)
	at org.elasticsearch.discovery.DiscoveryService.publish(DiscoveryService.java:130)
	at org.elasticsearch.cluster.service.InternalClusterService.runTasksForExecutor(InternalClusterService.java:574)
	at org.elasticsearch.cluster.service.InternalClusterService$UpdateTask.run(InternalClusterService.java:761)
	at org.elasticsearch.common.util.concurrent.PrioritizedEsThreadPoolExecutor$TieBreakingPrioritizedRunnable.runAndClean(PrioritizedEsThreadPoolExecutor.java:231)
	at org.elasticsearch.common.util.concurrent.PrioritizedEsThreadPoolExecutor$TieBreakingPrioritizedRunnable.run(PrioritizedEsThreadPoolExecutor.java:194)
	at java.util.concurrent.ThreadPoolExecutor.runWorker(ThreadPoolExecutor.java:1142)
	at java.util.concurrent.ThreadPoolExecutor$Worker.run(ThreadPoolExecutor.java:617)
	at java.lang.Thread.run(Thread.java:745)
[2016-03-29 17:31:20,258][WARN ][org.elasticsearch.cluster.service] [node_t2] failing [zen-disco-node_failed({node_t0}{tkph-ZLDRhiLVKw01Yytcg}{127.0.0.1}{127.0.0.1:30204}[mode=>network]), reason transport disconnected]: failed to commit cluster state version [8]
FailedToCommitClusterStateException[failed to get enough masters to ack sent cluster state. [1] left]
	at org.elasticsearch.discovery.zen.publish.PublishClusterStateAction$SendingController.waitForCommit(PublishClusterStateAction.java:525)
	at org.elasticsearch.discovery.zen.publish.PublishClusterStateAction.innerPublish(PublishClusterStateAction.java:189)
	at org.elasticsearch.discovery.zen.publish.PublishClusterStateAction.publish(PublishClusterStateAction.java:154)
	at org.elasticsearch.discovery.zen.ZenDiscovery.publish(ZenDiscovery.java:345)
	at sun.reflect.GeneratedMethodAccessor5.invoke(Unknown Source)
	at sun.reflect.DelegatingMethodAccessorImpl.invoke(DelegatingMethodAccessorImpl.java:43)
	at java.lang.reflect.Method.invoke(Method.java:483)
	at org.elasticsearch.common.inject.internal.ConstructionContext$DelegatingInvocationHandler.invoke(ConstructionContext.java:111)
	at com.sun.proxy.$Proxy35.publish(Unknown Source)
	at org.elasticsearch.discovery.DiscoveryService.publish(DiscoveryService.java:130)
	at org.elasticsearch.cluster.service.InternalClusterService.runTasksForExecutor(InternalClusterService.java:574)
	at org.elasticsearch.cluster.service.InternalClusterService$UpdateTask.run(InternalClusterService.java:761)
	at org.elasticsearch.common.util.concurrent.PrioritizedEsThreadPoolExecutor$TieBreakingPrioritizedRunnable.runAndClean(PrioritizedEsThreadPoolExecutor.java:231)
	at org.elasticsearch.common.util.concurrent.PrioritizedEsThreadPoolExecutor$TieBreakingPrioritizedRunnable.run(PrioritizedEsThreadPoolExecutor.java:194)
	at java.util.concurrent.ThreadPoolExecutor.runWorker(ThreadPoolExecutor.java:1142)
	at java.util.concurrent.ThreadPoolExecutor$Worker.run(ThreadPoolExecutor.java:617)
	at java.lang.Thread.run(Thread.java:745)
[2016-03-29 17:31:20,259][ERROR][org.elasticsearch.discovery.zen] [node_t2] unexpected failure during [zen-disco-node_failed({node_t0}{tkph-ZLDRhiLVKw01Yytcg}{127.0.0.1}{127.0.0.1:30204}[mode=>network]), reason transport disconnected]
FailedToCommitClusterStateException[failed to get enough masters to ack sent cluster state. [1] left]
	at org.elasticsearch.discovery.zen.publish.PublishClusterStateAction$SendingController.waitForCommit(PublishClusterStateAction.java:525)
	at org.elasticsearch.discovery.zen.publish.PublishClusterStateAction.innerPublish(PublishClusterStateAction.java:189)
	at org.elasticsearch.discovery.zen.publish.PublishClusterStateAction.publish(PublishClusterStateAction.java:154)
	at org.elasticsearch.discovery.zen.ZenDiscovery.publish(ZenDiscovery.java:345)
	at sun.reflect.GeneratedMethodAccessor5.invoke(Unknown Source)
	at sun.reflect.DelegatingMethodAccessorImpl.invoke(DelegatingMethodAccessorImpl.java:43)
	at java.lang.reflect.Method.invoke(Method.java:483)
	at org.elasticsearch.common.inject.internal.ConstructionContext$DelegatingInvocationHandler.invoke(ConstructionContext.java:111)
	at com.sun.proxy.$Proxy35.publish(Unknown Source)
	at org.elasticsearch.discovery.DiscoveryService.publish(DiscoveryService.java:130)
	at org.elasticsearch.cluster.service.InternalClusterService.runTasksForExecutor(InternalClusterService.java:574)
	at org.elasticsearch.cluster.service.InternalClusterService$UpdateTask.run(InternalClusterService.java:761)
	at org.elasticsearch.common.util.concurrent.PrioritizedEsThreadPoolExecutor$TieBreakingPrioritizedRunnable.runAndClean(PrioritizedEsThreadPoolExecutor.java:231)
	at org.elasticsearch.common.util.concurrent.PrioritizedEsThreadPoolExecutor$TieBreakingPrioritizedRunnable.run(PrioritizedEsThreadPoolExecutor.java:194)
	at java.util.concurrent.ThreadPoolExecutor.runWorker(ThreadPoolExecutor.java:1142)
	at java.util.concurrent.ThreadPoolExecutor$Worker.run(ThreadPoolExecutor.java:617)
	at java.lang.Thread.run(Thread.java:745)
[2016-03-29 17:31:20,259][WARN ][org.elasticsearch.discovery.zen] [node_t2] failed to publish to min_master_nodes, current nodes: {{node_t0}{tkph-ZLDRhiLVKw01Yytcg}{127.0.0.1}{127.0.0.1:30204}[mode=>network],{node_t2}{2KnZmVE4RtyVNjZrqonhwA}{127.0.0.1}{127.0.0.1:30206}[mode=>network],{node_t1}{nS9mZUmrQ5mj_QLEZRMoWw}{127.0.0.1}{127.0.0.1:30205}[mode=>network],}
[2016-03-29 17:31:20,259][WARN ][org.elasticsearch.discovery.zen.ping.unicast] [node_t2] failed to send ping to [{#zen_unicast_1#}{127.0.0.1}{127.0.0.1:30204}]
SendRequestTransportException[[node_t0][127.0.0.1:30204][internal:discovery/zen/unicast]]; nested: ConnectTransportException[[node_t0][127.0.0.1:30204] DISCONNECT: simulated];
	at org.elasticsearch.transport.TransportService.sendRequest(TransportService.java:315)
	at org.elasticsearch.discovery.zen.ping.unicast.UnicastZenPing.sendPingRequestToNode(UnicastZenPing.java:440)
	at org.elasticsearch.discovery.zen.ping.unicast.UnicastZenPing.sendPings(UnicastZenPing.java:426)
	at org.elasticsearch.discovery.zen.ping.unicast.UnicastZenPing.ping(UnicastZenPing.java:240)
	at org.elasticsearch.discovery.zen.ping.ZenPingService.ping(ZenPingService.java:106)
	at org.elasticsearch.discovery.zen.ping.ZenPingService.pingAndWait(ZenPingService.java:84)
	at org.elasticsearch.discovery.zen.ZenDiscovery.findMaster(ZenDiscovery.java:888)
	at org.elasticsearch.discovery.zen.ZenDiscovery.innerJoinCluster(ZenDiscovery.java:394)
	at org.elasticsearch.discovery.zen.ZenDiscovery.access$4700(ZenDiscovery.java:90)
	at org.elasticsearch.discovery.zen.ZenDiscovery$JoinThreadControl$1.run(ZenDiscovery.java:1221)
	at java.util.concurrent.ThreadPoolExecutor.runWorker(ThreadPoolExecutor.java:1142)
	at java.util.concurrent.ThreadPoolExecutor$Worker.run(ThreadPoolExecutor.java:617)
	at java.lang.Thread.run(Thread.java:745)
Caused by: ConnectTransportException[[node_t0][127.0.0.1:30204] DISCONNECT: simulated]
	at org.elasticsearch.test.transport.MockTransportService$1.sendRequest(MockTransportService.java:162)
	at org.elasticsearch.test.transport.MockTransportService$LookupTestTransport.sendRequest(MockTransportService.java:423)
	at org.elasticsearch.transport.TransportService.sendRequest(TransportService.java:304)
	... 12 more
[2016-03-29 17:31:20,259][WARN ][org.elasticsearch.discovery.zen.ping.unicast] [node_t2] failed to send ping to [{node_t1}{nS9mZUmrQ5mj_QLEZRMoWw}{127.0.0.1}{127.0.0.1:30205}[mode=>network]]
SendRequestTransportException[[node_t1][127.0.0.1:30205][internal:discovery/zen/unicast]]; nested: ConnectTransportException[[node_t1][127.0.0.1:30205] DISCONNECT: simulated];
	at org.elasticsearch.transport.TransportService.sendRequest(TransportService.java:315)
	at org.elasticsearch.discovery.zen.ping.unicast.UnicastZenPing.sendPingRequestToNode(UnicastZenPing.java:440)
	at org.elasticsearch.discovery.zen.ping.unicast.UnicastZenPing.sendPings(UnicastZenPing.java:426)
	at org.elasticsearch.discovery.zen.ping.unicast.UnicastZenPing.ping(UnicastZenPing.java:240)
	at org.elasticsearch.discovery.zen.ping.ZenPingService.ping(ZenPingService.java:106)
	at org.elasticsearch.discovery.zen.ping.ZenPingService.pingAndWait(ZenPingService.java:84)
	at org.elasticsearch.discovery.zen.ZenDiscovery.findMaster(ZenDiscovery.java:888)
	at org.elasticsearch.discovery.zen.ZenDiscovery.innerJoinCluster(ZenDiscovery.java:394)
	at org.elasticsearch.discovery.zen.ZenDiscovery.access$4700(ZenDiscovery.java:90)
	at org.elasticsearch.discovery.zen.ZenDiscovery$JoinThreadControl$1.run(ZenDiscovery.java:1221)
	at java.util.concurrent.ThreadPoolExecutor.runWorker(ThreadPoolExecutor.java:1142)
	at java.util.concurrent.ThreadPoolExecutor$Worker.run(ThreadPoolExecutor.java:617)
	at java.lang.Thread.run(Thread.java:745)
Caused by: ConnectTransportException[[node_t1][127.0.0.1:30205] DISCONNECT: simulated]
	at org.elasticsearch.test.transport.MockTransportService$1.sendRequest(MockTransportService.java:162)
	at org.elasticsearch.test.transport.MockTransportService$LookupTestTransport.sendRequest(MockTransportService.java:423)
	at org.elasticsearch.transport.TransportService.sendRequest(TransportService.java:304)
	... 12 more
[2016-03-29 17:31:20,260][ERROR][org.elasticsearch.discovery.zen] [node_t2] unexpected failure during [zen-disco-failed-to-publish]
org.elasticsearch.cluster.NotMasterException: no longer master. source: [zen-disco-failed-to-publish]
[2016-03-29 17:31:20,260][WARN ][org.elasticsearch.discovery.zen] [node_t1] master left (reason = transport disconnected), current nodes: {{node_t0}{tkph-ZLDRhiLVKw01Yytcg}{127.0.0.1}{127.0.0.1:30204}[mode=>network],{node_t1}{nS9mZUmrQ5mj_QLEZRMoWw}{127.0.0.1}{127.0.0.1:30205}[mode=>network],}
[2016-03-29 17:31:20,262][ERROR][org.elasticsearch.discovery.zen] [node_t2] unexpected failure during [zen-disco-failed-to-publish]
org.elasticsearch.cluster.NotMasterException: no longer master. source: [zen-disco-failed-to-publish]
[2016-03-29 17:31:20,259][WARN ][org.elasticsearch.discovery.zen.ping.unicast] [node_t2] failed to send ping to [{#zen_unicast_2#}{127.0.0.1}{127.0.0.1:30205}]
SendRequestTransportException[[node_t1][127.0.0.1:30205][internal:discovery/zen/unicast]]; nested: ConnectTransportException[[node_t1][127.0.0.1:30205] DISCONNECT: simulated];
	at org.elasticsearch.transport.TransportService.sendRequest(TransportService.java:315)
	at org.elasticsearch.discovery.zen.ping.unicast.UnicastZenPing.sendPingRequestToNode(UnicastZenPing.java:440)
	at org.elasticsearch.discovery.zen.ping.unicast.UnicastZenPing.sendPings(UnicastZenPing.java:426)
	at org.elasticsearch.discovery.zen.ping.unicast.UnicastZenPing.ping(UnicastZenPing.java:240)
	at org.elasticsearch.discovery.zen.ping.ZenPingService.ping(ZenPingService.java:106)
	at org.elasticsearch.discovery.zen.ping.ZenPingService.pingAndWait(ZenPingService.java:84)
	at org.elasticsearch.discovery.zen.ZenDiscovery.findMaster(ZenDiscovery.java:888)
	at org.elasticsearch.discovery.zen.ZenDiscovery.innerJoinCluster(ZenDiscovery.java:394)
	at org.elasticsearch.discovery.zen.ZenDiscovery.access$4700(ZenDiscovery.java:90)
	at org.elasticsearch.discovery.zen.ZenDiscovery$JoinThreadControl$1.run(ZenDiscovery.java:1221)
	at java.util.concurrent.ThreadPoolExecutor.runWorker(ThreadPoolExecutor.java:1142)
	at java.util.concurrent.ThreadPoolExecutor$Worker.run(ThreadPoolExecutor.java:617)
	at java.lang.Thread.run(Thread.java:745)
Caused by: ConnectTransportException[[node_t1][127.0.0.1:30205] DISCONNECT: simulated]
	at org.elasticsearch.test.transport.MockTransportService$1.sendRequest(MockTransportService.java:162)
	at org.elasticsearch.test.transport.MockTransportService$LookupTestTransport.sendRequest(MockTransportService.java:423)
	at org.elasticsearch.transport.TransportService.sendRequest(TransportService.java:304)
	... 12 more
[2016-03-29 17:31:20,259][WARN ][org.elasticsearch.discovery.zen.ping.unicast] [node_t2] failed to send ping to [{node_t0}{tkph-ZLDRhiLVKw01Yytcg}{127.0.0.1}{127.0.0.1:30204}[mode=>network]]
SendRequestTransportException[[node_t0][127.0.0.1:30204][internal:discovery/zen/unicast]]; nested: ConnectTransportException[[node_t0][127.0.0.1:30204] DISCONNECT: simulated];
	at org.elasticsearch.transport.TransportService.sendRequest(TransportService.java:315)
	at org.elasticsearch.discovery.zen.ping.unicast.UnicastZenPing.sendPingRequestToNode(UnicastZenPing.java:440)
	at org.elasticsearch.discovery.zen.ping.unicast.UnicastZenPing.sendPings(UnicastZenPing.java:426)
	at org.elasticsearch.discovery.zen.ping.unicast.UnicastZenPing.ping(UnicastZenPing.java:240)
	at org.elasticsearch.discovery.zen.ping.ZenPingService.ping(ZenPingService.java:106)
	at org.elasticsearch.discovery.zen.ping.ZenPingService.pingAndWait(ZenPingService.java:84)
	at org.elasticsearch.discovery.zen.ZenDiscovery.findMaster(ZenDiscovery.java:888)
	at org.elasticsearch.discovery.zen.ZenDiscovery.innerJoinCluster(ZenDiscovery.java:394)
	at org.elasticsearch.discovery.zen.ZenDiscovery.access$4700(ZenDiscovery.java:90)
	at org.elasticsearch.discovery.zen.ZenDiscovery$JoinThreadControl$1.run(ZenDiscovery.java:1221)
	at java.util.concurrent.ThreadPoolExecutor.runWorker(ThreadPoolExecutor.java:1142)
	at java.util.concurrent.ThreadPoolExecutor$Worker.run(ThreadPoolExecutor.java:617)
	at java.lang.Thread.run(Thread.java:745)
Caused by: ConnectTransportException[[node_t0][127.0.0.1:30204] DISCONNECT: simulated]
	at org.elasticsearch.test.transport.MockTransportService$1.sendRequest(MockTransportService.java:162)
	at org.elasticsearch.test.transport.MockTransportService$LookupTestTransport.sendRequest(MockTransportService.java:423)
	at org.elasticsearch.transport.TransportService.sendRequest(TransportService.java:304)
	... 12 more
[2016-03-29 17:31:21,760][WARN ][org.elasticsearch.discovery.zen.ping.unicast] [node_t2] failed to send ping to [{#zen_unicast_1#}{127.0.0.1}{127.0.0.1:30204}]
SendRequestTransportException[[node_t0][127.0.0.1:30204][internal:discovery/zen/unicast]]; nested: ConnectTransportException[[node_t0][127.0.0.1:30204] DISCONNECT: simulated];
	at org.elasticsearch.transport.TransportService.sendRequest(TransportService.java:315)
	at org.elasticsearch.discovery.zen.ping.unicast.UnicastZenPing.sendPingRequestToNode(UnicastZenPing.java:440)
	at org.elasticsearch.discovery.zen.ping.unicast.UnicastZenPing.sendPings(UnicastZenPing.java:426)
	at org.elasticsearch.discovery.zen.ping.unicast.UnicastZenPing$2.doRun(UnicastZenPing.java:249)
	at org.elasticsearch.common.util.concurrent.AbstractRunnable.run(AbstractRunnable.java:37)
	at java.util.concurrent.ThreadPoolExecutor.runWorker(ThreadPoolExecutor.java:1142)
	at java.util.concurrent.ThreadPoolExecutor$Worker.run(ThreadPoolExecutor.java:617)
	at java.lang.Thread.run(Thread.java:745)
Caused by: ConnectTransportException[[node_t0][127.0.0.1:30204] DISCONNECT: simulated]
	at org.elasticsearch.test.transport.MockTransportService$1.sendRequest(MockTransportService.java:162)
	at org.elasticsearch.test.transport.MockTransportService$LookupTestTransport.sendRequest(MockTransportService.java:423)
	at org.elasticsearch.transport.TransportService.sendRequest(TransportService.java:304)
	... 7 more
[2016-03-29 17:31:21,761][WARN ][org.elasticsearch.discovery.zen.ping.unicast] [node_t2] failed to send ping to [{node_t1}{nS9mZUmrQ5mj_QLEZRMoWw}{127.0.0.1}{127.0.0.1:30205}[mode=>network]]
SendRequestTransportException[[node_t1][127.0.0.1:30205][internal:discovery/zen/unicast]]; nested: ConnectTransportException[[node_t1][127.0.0.1:30205] DISCONNECT: simulated];
	at org.elasticsearch.transport.TransportService.sendRequest(TransportService.java:315)
	at org.elasticsearch.discovery.zen.ping.unicast.UnicastZenPing.sendPingRequestToNode(UnicastZenPing.java:440)
	at org.elasticsearch.discovery.zen.ping.unicast.UnicastZenPing.sendPings(UnicastZenPing.java:426)
	at org.elasticsearch.discovery.zen.ping.unicast.UnicastZenPing$2.doRun(UnicastZenPing.java:249)
	at org.elasticsearch.common.util.concurrent.AbstractRunnable.run(AbstractRunnable.java:37)
	at java.util.concurrent.ThreadPoolExecutor.runWorker(ThreadPoolExecutor.java:1142)
	at java.util.concurrent.ThreadPoolExecutor$Worker.run(ThreadPoolExecutor.java:617)
	at java.lang.Thread.run(Thread.java:745)
Caused by: ConnectTransportException[[node_t1][127.0.0.1:30205] DISCONNECT: simulated]
	at org.elasticsearch.test.transport.MockTransportService$1.sendRequest(MockTransportService.java:162)
	at org.elasticsearch.test.transport.MockTransportService$LookupTestTransport.sendRequest(MockTransportService.java:423)
	at org.elasticsearch.transport.TransportService.sendRequest(TransportService.java:304)
	... 7 more
[2016-03-29 17:31:21,760][WARN ][org.elasticsearch.discovery.zen.ping.unicast] [node_t2] failed to send ping to [{#zen_unicast_2#}{127.0.0.1}{127.0.0.1:30205}]
SendRequestTransportException[[node_t1][127.0.0.1:30205][internal:discovery/zen/unicast]]; nested: ConnectTransportException[[node_t1][127.0.0.1:30205] DISCONNECT: simulated];
	at org.elasticsearch.transport.TransportService.sendRequest(TransportService.java:315)
	at org.elasticsearch.discovery.zen.ping.unicast.UnicastZenPing.sendPingRequestToNode(UnicastZenPing.java:440)
	at org.elasticsearch.discovery.zen.ping.unicast.UnicastZenPing.sendPings(UnicastZenPing.java:426)
	at org.elasticsearch.discovery.zen.ping.unicast.UnicastZenPing$2.doRun(UnicastZenPing.java:249)
	at org.elasticsearch.common.util.concurrent.AbstractRunnable.run(AbstractRunnable.java:37)
	at java.util.concurrent.ThreadPoolExecutor.runWorker(ThreadPoolExecutor.java:1142)
	at java.util.concurrent.ThreadPoolExecutor$Worker.run(ThreadPoolExecutor.java:617)
	at java.lang.Thread.run(Thread.java:745)
Caused by: ConnectTransportException[[node_t1][127.0.0.1:30205] DISCONNECT: simulated]
	at org.elasticsearch.test.transport.MockTransportService$1.sendRequest(MockTransportService.java:162)
	at org.elasticsearch.test.transport.MockTransportService$LookupTestTransport.sendRequest(MockTransportService.java:423)
	at org.elasticsearch.transport.TransportService.sendRequest(TransportService.java:304)
	... 7 more
[2016-03-29 17:31:21,762][WARN ][org.elasticsearch.discovery.zen.ping.unicast] [node_t2] failed to send ping to [{node_t0}{tkph-ZLDRhiLVKw01Yytcg}{127.0.0.1}{127.0.0.1:30204}[mode=>network]]
SendRequestTransportException[[node_t0][127.0.0.1:30204][internal:discovery/zen/unicast]]; nested: ConnectTransportException[[node_t0][127.0.0.1:30204] DISCONNECT: simulated];
	at org.elasticsearch.transport.TransportService.sendRequest(TransportService.java:315)
	at org.elasticsearch.discovery.zen.ping.unicast.UnicastZenPing.sendPingRequestToNode(UnicastZenPing.java:440)
	at org.elasticsearch.discovery.zen.ping.unicast.UnicastZenPing.sendPings(UnicastZenPing.java:426)
	at org.elasticsearch.discovery.zen.ping.unicast.UnicastZenPing$2.doRun(UnicastZenPing.java:249)
	at org.elasticsearch.common.util.concurrent.AbstractRunnable.run(AbstractRunnable.java:37)
	at java.util.concurrent.ThreadPoolExecutor.runWorker(ThreadPoolExecutor.java:1142)
	at java.util.concurrent.ThreadPoolExecutor$Worker.run(ThreadPoolExecutor.java:617)
	at java.lang.Thread.run(Thread.java:745)
Caused by: ConnectTransportException[[node_t0][127.0.0.1:30204] DISCONNECT: simulated]
	at org.elasticsearch.test.transport.MockTransportService$1.sendRequest(MockTransportService.java:162)
	at org.elasticsearch.test.transport.MockTransportService$LookupTestTransport.sendRequest(MockTransportService.java:423)
	at org.elasticsearch.transport.TransportService.sendRequest(TransportService.java:304)
	... 7 more
[2016-03-29 17:31:23,267][WARN ][org.elasticsearch.discovery.zen.ping.unicast] [node_t2] failed to send ping to [{#zen_unicast_1#}{127.0.0.1}{127.0.0.1:30204}]
SendRequestTransportException[[node_t0][127.0.0.1:30204][internal:discovery/zen/unicast]]; nested: ConnectTransportException[[node_t0][127.0.0.1:30204] DISCONNECT: simulated];
	at org.elasticsearch.transport.TransportService.sendRequest(TransportService.java:315)
	at org.elasticsearch.discovery.zen.ping.unicast.UnicastZenPing.sendPingRequestToNode(UnicastZenPing.java:440)
	at org.elasticsearch.discovery.zen.ping.unicast.UnicastZenPing.sendPings(UnicastZenPing.java:426)
	at org.elasticsearch.discovery.zen.ping.unicast.UnicastZenPing$2$1.doRun(UnicastZenPing.java:253)
	at org.elasticsearch.common.util.concurrent.AbstractRunnable.run(AbstractRunnable.java:37)
	at java.util.concurrent.ThreadPoolExecutor.runWorker(ThreadPoolExecutor.java:1142)
	at java.util.concurrent.ThreadPoolExecutor$Worker.run(ThreadPoolExecutor.java:617)
	at java.lang.Thread.run(Thread.java:745)
Caused by: ConnectTransportException[[node_t0][127.0.0.1:30204] DISCONNECT: simulated]
	at org.elasticsearch.test.transport.MockTransportService$1.sendRequest(MockTransportService.java:162)
	at org.elasticsearch.test.transport.MockTransportService$LookupTestTransport.sendRequest(MockTransportService.java:423)
	at org.elasticsearch.transport.TransportService.sendRequest(TransportService.java:304)
	... 7 more
[2016-03-29 17:31:23,268][WARN ][org.elasticsearch.discovery.zen.ping.unicast] [node_t2] failed to send ping to [{#zen_unicast_1#}{127.0.0.1}{127.0.0.1:30204}]
SendRequestTransportException[[node_t0][127.0.0.1:30204][internal:discovery/zen/unicast]]; nested: ConnectTransportException[[node_t0][127.0.0.1:30204] DISCONNECT: simulated];
	at org.elasticsearch.transport.TransportService.sendRequest(TransportService.java:315)
	at org.elasticsearch.discovery.zen.ping.unicast.UnicastZenPing.sendPingRequestToNode(UnicastZenPing.java:440)
	at org.elasticsearch.discovery.zen.ping.unicast.UnicastZenPing.sendPings(UnicastZenPing.java:426)
	at org.elasticsearch.discovery.zen.ping.unicast.UnicastZenPing.ping(UnicastZenPing.java:240)
	at org.elasticsearch.discovery.zen.ping.ZenPingService.ping(ZenPingService.java:106)
	at org.elasticsearch.discovery.zen.ping.ZenPingService.pingAndWait(ZenPingService.java:84)
	at org.elasticsearch.discovery.zen.ZenDiscovery.findMaster(ZenDiscovery.java:888)
	at org.elasticsearch.discovery.zen.ZenDiscovery.innerJoinCluster(ZenDiscovery.java:394)
	at org.elasticsearch.discovery.zen.ZenDiscovery.access$4700(ZenDiscovery.java:90)
	at org.elasticsearch.discovery.zen.ZenDiscovery$JoinThreadControl$1.run(ZenDiscovery.java:1221)
	at java.util.concurrent.ThreadPoolExecutor.runWorker(ThreadPoolExecutor.java:1142)
	at java.util.concurrent.ThreadPoolExecutor$Worker.run(ThreadPoolExecutor.java:617)
	at java.lang.Thread.run(Thread.java:745)
Caused by: ConnectTransportException[[node_t0][127.0.0.1:30204] DISCONNECT: simulated]
	at org.elasticsearch.test.transport.MockTransportService$1.sendRequest(MockTransportService.java:162)
	at org.elasticsearch.test.transport.MockTransportService$LookupTestTransport.sendRequest(MockTransportService.java:423)
	at org.elasticsearch.transport.TransportService.sendRequest(TransportService.java:304)
	... 12 more
[2016-03-29 17:31:23,268][WARN ][org.elasticsearch.discovery.zen.ping.unicast] [node_t2] failed to send ping to [{node_t0}{tkph-ZLDRhiLVKw01Yytcg}{127.0.0.1}{127.0.0.1:30204}[mode=>network]]
SendRequestTransportException[[node_t0][127.0.0.1:30204][internal:discovery/zen/unicast]]; nested: ConnectTransportException[[node_t0][127.0.0.1:30204] DISCONNECT: simulated];
	at org.elasticsearch.transport.TransportService.sendRequest(TransportService.java:315)
	at org.elasticsearch.discovery.zen.ping.unicast.UnicastZenPing.sendPingRequestToNode(UnicastZenPing.java:440)
	at org.elasticsearch.discovery.zen.ping.unicast.UnicastZenPing.sendPings(UnicastZenPing.java:426)
	at org.elasticsearch.discovery.zen.ping.unicast.UnicastZenPing$2$1.doRun(UnicastZenPing.java:253)
	at org.elasticsearch.common.util.concurrent.AbstractRunnable.run(AbstractRunnable.java:37)
	at java.util.concurrent.ThreadPoolExecutor.runWorker(ThreadPoolExecutor.java:1142)
	at java.util.concurrent.ThreadPoolExecutor$Worker.run(ThreadPoolExecutor.java:617)
	at java.lang.Thread.run(Thread.java:745)
Caused by: ConnectTransportException[[node_t0][127.0.0.1:30204] DISCONNECT: simulated]
	at org.elasticsearch.test.transport.MockTransportService$1.sendRequest(MockTransportService.java:162)
	at org.elasticsearch.test.transport.MockTransportService$LookupTestTransport.sendRequest(MockTransportService.java:423)
	at org.elasticsearch.transport.TransportService.sendRequest(TransportService.java:304)
	... 7 more
[2016-03-29 17:31:23,268][WARN ][org.elasticsearch.discovery.zen.ping.unicast] [node_t2] failed to send ping to [{node_t1}{nS9mZUmrQ5mj_QLEZRMoWw}{127.0.0.1}{127.0.0.1:30205}[mode=>network]]
SendRequestTransportException[[node_t1][127.0.0.1:30205][internal:discovery/zen/unicast]]; nested: ConnectTransportException[[node_t1][127.0.0.1:30205] DISCONNECT: simulated];
	at org.elasticsearch.transport.TransportService.sendRequest(TransportService.java:315)
	at org.elasticsearch.discovery.zen.ping.unicast.UnicastZenPing.sendPingRequestToNode(UnicastZenPing.java:440)
	at org.elasticsearch.discovery.zen.ping.unicast.UnicastZenPing.sendPings(UnicastZenPing.java:426)
	at org.elasticsearch.discovery.zen.ping.unicast.UnicastZenPing$2$1.doRun(UnicastZenPing.java:253)
	at org.elasticsearch.common.util.concurrent.AbstractRunnable.run(AbstractRunnable.java:37)
	at java.util.concurrent.ThreadPoolExecutor.runWorker(ThreadPoolExecutor.java:1142)
	at java.util.concurrent.ThreadPoolExecutor$Worker.run(ThreadPoolExecutor.java:617)
	at java.lang.Thread.run(Thread.java:745)
Caused by: ConnectTransportException[[node_t1][127.0.0.1:30205] DISCONNECT: simulated]
	at org.elasticsearch.test.transport.MockTransportService$1.sendRequest(MockTransportService.java:162)
	at org.elasticsearch.test.transport.MockTransportService$LookupTestTransport.sendRequest(MockTransportService.java:423)
	at org.elasticsearch.transport.TransportService.sendRequest(TransportService.java:304)
	... 7 more
[2016-03-29 17:31:23,267][WARN ][org.elasticsearch.discovery.zen.ping.unicast] [node_t2] failed to send ping to [{#zen_unicast_2#}{127.0.0.1}{127.0.0.1:30205}]
SendRequestTransportException[[node_t1][127.0.0.1:30205][internal:discovery/zen/unicast]]; nested: ConnectTransportException[[node_t1][127.0.0.1:30205] DISCONNECT: simulated];
	at org.elasticsearch.transport.TransportService.sendRequest(TransportService.java:315)
	at org.elasticsearch.discovery.zen.ping.unicast.UnicastZenPing.sendPingRequestToNode(UnicastZenPing.java:440)
	at org.elasticsearch.discovery.zen.ping.unicast.UnicastZenPing.sendPings(UnicastZenPing.java:426)
	at org.elasticsearch.discovery.zen.ping.unicast.UnicastZenPing$2$1.doRun(UnicastZenPing.java:253)
	at org.elasticsearch.common.util.concurrent.AbstractRunnable.run(AbstractRunnable.java:37)
	at java.util.concurrent.ThreadPoolExecutor.runWorker(ThreadPoolExecutor.java:1142)
	at java.util.concurrent.ThreadPoolExecutor$Worker.run(ThreadPoolExecutor.java:617)
	at java.lang.Thread.run(Thread.java:745)
Caused by: ConnectTransportException[[node_t1][127.0.0.1:30205] DISCONNECT: simulated]
	at org.elasticsearch.test.transport.MockTransportService$1.sendRequest(MockTransportService.java:162)
	at org.elasticsearch.test.transport.MockTransportService$LookupTestTransport.sendRequest(MockTransportService.java:423)
	at org.elasticsearch.transport.TransportService.sendRequest(TransportService.java:304)
	... 7 more
[2016-03-29 17:31:23,269][WARN ][org.elasticsearch.discovery.zen.ping.unicast] [node_t2] failed to send ping to [{node_t0}{tkph-ZLDRhiLVKw01Yytcg}{127.0.0.1}{127.0.0.1:30204}[mode=>network]]
SendRequestTransportException[[node_t0][127.0.0.1:30204][internal:discovery/zen/unicast]]; nested: ConnectTransportException[[node_t0][127.0.0.1:30204] DISCONNECT: simulated];
	at org.elasticsearch.transport.TransportService.sendRequest(TransportService.java:315)
	at org.elasticsearch.discovery.zen.ping.unicast.UnicastZenPing.sendPingRequestToNode(UnicastZenPing.java:440)
	at org.elasticsearch.discovery.zen.ping.unicast.UnicastZenPing.sendPings(UnicastZenPing.java:426)
	at org.elasticsearch.discovery.zen.ping.unicast.UnicastZenPing.ping(UnicastZenPing.java:240)
	at org.elasticsearch.discovery.zen.ping.ZenPingService.ping(ZenPingService.java:106)
	at org.elasticsearch.discovery.zen.ping.ZenPingService.pingAndWait(ZenPingService.java:84)
	at org.elasticsearch.discovery.zen.ZenDiscovery.findMaster(ZenDiscovery.java:888)
	at org.elasticsearch.discovery.zen.ZenDiscovery.innerJoinCluster(ZenDiscovery.java:394)
	at org.elasticsearch.discovery.zen.ZenDiscovery.access$4700(ZenDiscovery.java:90)
	at org.elasticsearch.discovery.zen.ZenDiscovery$JoinThreadControl$1.run(ZenDiscovery.java:1221)
	at java.util.concurrent.ThreadPoolExecutor.runWorker(ThreadPoolExecutor.java:1142)
	at java.util.concurrent.ThreadPoolExecutor$Worker.run(ThreadPoolExecutor.java:617)
	at java.lang.Thread.run(Thread.java:745)
Caused by: ConnectTransportException[[node_t0][127.0.0.1:30204] DISCONNECT: simulated]
	at org.elasticsearch.test.transport.MockTransportService$1.sendRequest(MockTransportService.java:162)
	at org.elasticsearch.test.transport.MockTransportService$LookupTestTransport.sendRequest(MockTransportService.java:423)
	at org.elasticsearch.transport.TransportService.sendRequest(TransportService.java:304)
	... 12 more
[2016-03-29 17:31:23,269][WARN ][org.elasticsearch.discovery.zen.ping.unicast] [node_t2] failed to send ping to [{node_t1}{nS9mZUmrQ5mj_QLEZRMoWw}{127.0.0.1}{127.0.0.1:30205}[mode=>network]]
SendRequestTransportException[[node_t1][127.0.0.1:30205][internal:discovery/zen/unicast]]; nested: ConnectTransportException[[node_t1][127.0.0.1:30205] DISCONNECT: simulated];
	at org.elasticsearch.transport.TransportService.sendRequest(TransportService.java:315)
	at org.elasticsearch.discovery.zen.ping.unicast.UnicastZenPing.sendPingRequestToNode(UnicastZenPing.java:440)
	at org.elasticsearch.discovery.zen.ping.unicast.UnicastZenPing.sendPings(UnicastZenPing.java:426)
	at org.elasticsearch.discovery.zen.ping.unicast.UnicastZenPing.ping(UnicastZenPing.java:240)
	at org.elasticsearch.discovery.zen.ping.ZenPingService.ping(ZenPingService.java:106)
	at org.elasticsearch.discovery.zen.ping.ZenPingService.pingAndWait(ZenPingService.java:84)
	at org.elasticsearch.discovery.zen.ZenDiscovery.findMaster(ZenDiscovery.java:888)
	at org.elasticsearch.discovery.zen.ZenDiscovery.innerJoinCluster(ZenDiscovery.java:394)
	at org.elasticsearch.discovery.zen.ZenDiscovery.access$4700(ZenDiscovery.java:90)
	at org.elasticsearch.discovery.zen.ZenDiscovery$JoinThreadControl$1.run(ZenDiscovery.java:1221)
	at java.util.concurrent.ThreadPoolExecutor.runWorker(ThreadPoolExecutor.java:1142)
	at java.util.concurrent.ThreadPoolExecutor$Worker.run(ThreadPoolExecutor.java:617)
	at java.lang.Thread.run(Thread.java:745)
Caused by: ConnectTransportException[[node_t1][127.0.0.1:30205] DISCONNECT: simulated]
	at org.elasticsearch.test.transport.MockTransportService$1.sendRequest(MockTransportService.java:162)
	at org.elasticsearch.test.transport.MockTransportService$LookupTestTransport.sendRequest(MockTransportService.java:423)
	at org.elasticsearch.transport.TransportService.sendRequest(TransportService.java:304)
	... 12 more
[2016-03-29 17:31:23,269][WARN ][org.elasticsearch.discovery.zen.ping.unicast] [node_t2] failed to send ping to [{#zen_unicast_2#}{127.0.0.1}{127.0.0.1:30205}]
SendRequestTransportException[[node_t1][127.0.0.1:30205][internal:discovery/zen/unicast]]; nested: ConnectTransportException[[node_t1][127.0.0.1:30205] DISCONNECT: simulated];
	at org.elasticsearch.transport.TransportService.sendRequest(TransportService.java:315)
	at org.elasticsearch.discovery.zen.ping.unicast.UnicastZenPing.sendPingRequestToNode(UnicastZenPing.java:440)
	at org.elasticsearch.discovery.zen.ping.unicast.UnicastZenPing.sendPings(UnicastZenPing.java:426)
	at org.elasticsearch.discovery.zen.ping.unicast.UnicastZenPing.ping(UnicastZenPing.java:240)
	at org.elasticsearch.discovery.zen.ping.ZenPingService.ping(ZenPingService.java:106)
	at org.elasticsearch.discovery.zen.ping.ZenPingService.pingAndWait(ZenPingService.java:84)
	at org.elasticsearch.discovery.zen.ZenDiscovery.findMaster(ZenDiscovery.java:888)
	at org.elasticsearch.discovery.zen.ZenDiscovery.innerJoinCluster(ZenDiscovery.java:394)
	at org.elasticsearch.discovery.zen.ZenDiscovery.access$4700(ZenDiscovery.java:90)
	at org.elasticsearch.discovery.zen.ZenDiscovery$JoinThreadControl$1.run(ZenDiscovery.java:1221)
	at java.util.concurrent.ThreadPoolExecutor.runWorker(ThreadPoolExecutor.java:1142)
	at java.util.concurrent.ThreadPoolExecutor$Worker.run(ThreadPoolExecutor.java:617)
	at java.lang.Thread.run(Thread.java:745)
Caused by: ConnectTransportException[[node_t1][127.0.0.1:30205] DISCONNECT: simulated]
	at org.elasticsearch.test.transport.MockTransportService$1.sendRequest(MockTransportService.java:162)
	at org.elasticsearch.test.transport.MockTransportService$LookupTestTransport.sendRequest(MockTransportService.java:423)
	at org.elasticsearch.transport.TransportService.sendRequest(TransportService.java:304)
	... 12 more
[2016-03-29 17:31:26,390][WARN ][org.elasticsearch.discovery.zen] [node_t2] master left (reason = shut_down), current nodes: {{node_t2}{2KnZmVE4RtyVNjZrqonhwA}{127.0.0.1}{127.0.0.1:30206}[mode=>network],}
[2016-03-29 17:31:26,466][WARN ][org.elasticsearch.discovery] [node_t0] waited for 1ms and no initial state was set by the discovery
[2016-03-29 17:31:26,578][WARN ][org.elasticsearch.discovery] [node_t1] waited for 1ms and no initial state was set by the discovery
[2016-03-29 17:31:26,673][WARN ][org.elasticsearch.discovery] [node_t2] waited for 1ms and no initial state was set by the discovery
[2016-03-29 17:31:36,225][WARN ][org.elasticsearch.discovery.zen] [node_t2] not enough master nodes, current nodes: {{node_t2}{FjLJM74gTlyt77az81FgFQ}{127.0.0.1}{127.0.0.1:30209}[mode=>network],}
[2016-03-29 17:31:36,271][DEBUG][org.elasticsearch.discovery.zen.elect] [node_t0] using minimum_master_nodes [3]
[2016-03-29 17:31:36,272][DEBUG][org.elasticsearch.discovery.zen.ping.unicast] [node_t0] using initial hosts [127.0.0.1:30210], with concurrent_connects [10]
[2016-03-29 17:31:36,272][DEBUG][org.elasticsearch.discovery.zen] [node_t0] using ping_timeout [3s], join.timeout [10s], master_election.filter_client [true], master_election.filter_data [false]
[2016-03-29 17:31:36,272][DEBUG][org.elasticsearch.discovery.zen.fd] [node_t0] [master] uses ping_interval [1s], ping_timeout [1s], ping_retries [1]
[2016-03-29 17:31:36,272][DEBUG][org.elasticsearch.discovery.zen.fd] [node_t0] [node  ] uses ping_interval [1s], ping_timeout [1s], ping_retries [1]
[2016-03-29 17:31:36,287][TRACE][org.elasticsearch.cluster.service] [node_t0] will process [initial_join]
[2016-03-29 17:31:36,287][DEBUG][org.elasticsearch.cluster.service] [node_t0] processing [initial_join]: execute
[2016-03-29 17:31:36,287][DEBUG][org.elasticsearch.cluster.service] [node_t0] processing [initial_join]: took 0s no change in cluster_state
[2016-03-29 17:31:36,287][TRACE][org.elasticsearch.discovery.zen] [node_t0] starting to accumulate joins
[2016-03-29 17:31:36,287][TRACE][org.elasticsearch.discovery.zen] [node_t0] starting to ping
[2016-03-29 17:31:36,287][TRACE][org.elasticsearch.discovery.zen.ping.unicast] [node_t0] [1] sending to {node_t0}{UdumSPqySZq2FCkBl6pKIw}{127.0.0.1}{127.0.0.1:30210}[mode=>network]
[2016-03-29 17:31:36,287][TRACE][org.elasticsearch.discovery.zen.ping.unicast] [node_t0] [1] received response from {node_t0}{UdumSPqySZq2FCkBl6pKIw}{127.0.0.1}{127.0.0.1:30210}[mode=>network]: [ping_response{node [{node_t0}{UdumSPqySZq2FCkBl6pKIw}{127.0.0.1}{127.0.0.1:30210}[mode=>network]], id[425], master [null], hasJoinedOnce [false], cluster_name[TEST-CHILD_VM=[1]-CLUSTER_SEED=[2111584377444976928]-HASH=[14406DE1E494B5C8]-cluster]}, ping_response{node [{node_t0}{UdumSPqySZq2FCkBl6pKIw}{127.0.0.1}{127.0.0.1:30210}[mode=>network]], id[426], master [null], hasJoinedOnce [false], cluster_name[TEST-CHILD_VM=[1]-CLUSTER_SEED=[2111584377444976928]-HASH=[14406DE1E494B5C8]-cluster]}]
[2016-03-29 17:31:36,287][TRACE][org.elasticsearch.discovery.zen.ping.unicast] [node_t0] [1] sending to {node_t0}{UdumSPqySZq2FCkBl6pKIw}{127.0.0.1}{127.0.0.1:30210}[mode=>network]
[2016-03-29 17:31:36,287][TRACE][org.elasticsearch.discovery.zen.ping.unicast] [node_t0] [1] received response from {node_t0}{UdumSPqySZq2FCkBl6pKIw}{127.0.0.1}{127.0.0.1:30210}[mode=>network]: [ping_response{node [{node_t0}{UdumSPqySZq2FCkBl6pKIw}{127.0.0.1}{127.0.0.1:30210}[mode=>network]], id[425], master [null], hasJoinedOnce [false], cluster_name[TEST-CHILD_VM=[1]-CLUSTER_SEED=[2111584377444976928]-HASH=[14406DE1E494B5C8]-cluster]}, ping_response{node [{node_t0}{UdumSPqySZq2FCkBl6pKIw}{127.0.0.1}{127.0.0.1:30210}[mode=>network]], id[425], master [null], hasJoinedOnce [false], cluster_name[TEST-CHILD_VM=[1]-CLUSTER_SEED=[2111584377444976928]-HASH=[14406DE1E494B5C8]-cluster]}, ping_response{node [{node_t0}{UdumSPqySZq2FCkBl6pKIw}{127.0.0.1}{127.0.0.1:30210}[mode=>network]], id[427], master [null], hasJoinedOnce [false], cluster_name[TEST-CHILD_VM=[1]-CLUSTER_SEED=[2111584377444976928]-HASH=[14406DE1E494B5C8]-cluster]}]
[2016-03-29 17:31:36,326][DEBUG][org.elasticsearch.discovery.zen.elect] [node_t1] using minimum_master_nodes [3]
[2016-03-29 17:31:36,326][DEBUG][org.elasticsearch.discovery.zen.ping.unicast] [node_t1] using initial hosts [127.0.0.1:30210], with concurrent_connects [10]
[2016-03-29 17:31:36,327][DEBUG][org.elasticsearch.discovery.zen] [node_t1] using ping_timeout [3s], join.timeout [10s], master_election.filter_client [true], master_election.filter_data [false]
[2016-03-29 17:31:36,327][DEBUG][org.elasticsearch.discovery.zen.fd] [node_t1] [master] uses ping_interval [1s], ping_timeout [1s], ping_retries [1]
[2016-03-29 17:31:36,327][DEBUG][org.elasticsearch.discovery.zen.fd] [node_t1] [node  ] uses ping_interval [1s], ping_timeout [1s], ping_retries [1]
[2016-03-29 17:31:36,343][TRACE][org.elasticsearch.cluster.service] [node_t1] will process [initial_join]
[2016-03-29 17:31:36,343][DEBUG][org.elasticsearch.cluster.service] [node_t1] processing [initial_join]: execute
[2016-03-29 17:31:36,343][DEBUG][org.elasticsearch.cluster.service] [node_t1] processing [initial_join]: took 0s no change in cluster_state
[2016-03-29 17:31:36,343][TRACE][org.elasticsearch.discovery.zen] [node_t1] starting to accumulate joins
[2016-03-29 17:31:36,343][TRACE][org.elasticsearch.discovery.zen] [node_t1] starting to ping
[2016-03-29 17:31:36,343][TRACE][org.elasticsearch.discovery.zen.ping.unicast] [node_t1] [1] sending to {node_t1}{7mM6N0_eQxyn28mYxCpKrw}{127.0.0.1}{127.0.0.1:30211}[mode=>network]
[2016-03-29 17:31:36,343][TRACE][org.elasticsearch.discovery.zen.ping.unicast] [node_t1] [1] connecting (light) to {#zen_unicast_1#}{127.0.0.1}{127.0.0.1:30210}
[2016-03-29 17:31:36,343][TRACE][org.elasticsearch.discovery.zen.ping.unicast] [node_t1] [1] received response from {node_t1}{7mM6N0_eQxyn28mYxCpKrw}{127.0.0.1}{127.0.0.1:30211}[mode=>network]: [ping_response{node [{node_t1}{7mM6N0_eQxyn28mYxCpKrw}{127.0.0.1}{127.0.0.1:30211}[mode=>network]], id[428], master [null], hasJoinedOnce [false], cluster_name[TEST-CHILD_VM=[1]-CLUSTER_SEED=[2111584377444976928]-HASH=[14406DE1E494B5C8]-cluster]}, ping_response{node [{node_t1}{7mM6N0_eQxyn28mYxCpKrw}{127.0.0.1}{127.0.0.1:30211}[mode=>network]], id[429], master [null], hasJoinedOnce [false], cluster_name[TEST-CHILD_VM=[1]-CLUSTER_SEED=[2111584377444976928]-HASH=[14406DE1E494B5C8]-cluster]}]
[2016-03-29 17:31:36,344][TRACE][org.elasticsearch.discovery.zen.ping.unicast] [node_t1] [1] connected to {#zen_unicast_1#}{127.0.0.1}{127.0.0.1:30210}
[2016-03-29 17:31:36,344][TRACE][org.elasticsearch.discovery.zen.ping.unicast] [node_t1] [1] sending to {#zen_unicast_1#}{127.0.0.1}{127.0.0.1:30210}
[2016-03-29 17:31:36,345][TRACE][org.elasticsearch.discovery.zen.ping.unicast] [node_t1] [1] received response from {#zen_unicast_1#}{127.0.0.1}{127.0.0.1:30210}: [ping_response{node [{node_t0}{UdumSPqySZq2FCkBl6pKIw}{127.0.0.1}{127.0.0.1:30210}[mode=>network]], id[425], master [null], hasJoinedOnce [false], cluster_name[TEST-CHILD_VM=[1]-CLUSTER_SEED=[2111584377444976928]-HASH=[14406DE1E494B5C8]-cluster]}, ping_response{node [{node_t0}{UdumSPqySZq2FCkBl6pKIw}{127.0.0.1}{127.0.0.1:30210}[mode=>network]], id[425], master [null], hasJoinedOnce [false], cluster_name[TEST-CHILD_VM=[1]-CLUSTER_SEED=[2111584377444976928]-HASH=[14406DE1E494B5C8]-cluster]}, ping_response{node [{node_t1}{7mM6N0_eQxyn28mYxCpKrw}{127.0.0.1}{127.0.0.1:30211}[mode=>network]], id[428], master [null], hasJoinedOnce [false], cluster_name[TEST-CHILD_VM=[1]-CLUSTER_SEED=[2111584377444976928]-HASH=[14406DE1E494B5C8]-cluster]}, ping_response{node [{node_t0}{UdumSPqySZq2FCkBl6pKIw}{127.0.0.1}{127.0.0.1:30210}[mode=>network]], id[430], master [null], hasJoinedOnce [false], cluster_name[TEST-CHILD_VM=[1]-CLUSTER_SEED=[2111584377444976928]-HASH=[14406DE1E494B5C8]-cluster]}]
[2016-03-29 17:31:36,390][DEBUG][org.elasticsearch.discovery.zen.elect] [node_t2] using minimum_master_nodes [3]
[2016-03-29 17:31:36,390][DEBUG][org.elasticsearch.discovery.zen.ping.unicast] [node_t2] using initial hosts [127.0.0.1:30210], with concurrent_connects [10]
[2016-03-29 17:31:36,390][DEBUG][org.elasticsearch.discovery.zen] [node_t2] using ping_timeout [3s], join.timeout [10s], master_election.filter_client [true], master_election.filter_data [false]
[2016-03-29 17:31:36,390][DEBUG][org.elasticsearch.discovery.zen.fd] [node_t2] [master] uses ping_interval [1s], ping_timeout [1s], ping_retries [1]
[2016-03-29 17:31:36,390][DEBUG][org.elasticsearch.discovery.zen.fd] [node_t2] [node  ] uses ping_interval [1s], ping_timeout [1s], ping_retries [1]
[2016-03-29 17:31:36,406][TRACE][org.elasticsearch.cluster.service] [node_t2] will process [initial_join]
[2016-03-29 17:31:36,406][DEBUG][org.elasticsearch.cluster.service] [node_t2] processing [initial_join]: execute
[2016-03-29 17:31:36,406][DEBUG][org.elasticsearch.cluster.service] [node_t2] processing [initial_join]: took 0s no change in cluster_state
[2016-03-29 17:31:36,406][TRACE][org.elasticsearch.discovery.zen] [node_t2] starting to accumulate joins
[2016-03-29 17:31:36,406][TRACE][org.elasticsearch.discovery.zen] [node_t2] starting to ping
[2016-03-29 17:31:36,407][TRACE][org.elasticsearch.discovery.zen.ping.unicast] [node_t2] [1] sending to {node_t2}{OFXtVNaKRe6VL9NvBc3e0g}{127.0.0.1}{127.0.0.1:30212}[mode=>network]
[2016-03-29 17:31:36,407][TRACE][org.elasticsearch.discovery.zen.ping.unicast] [node_t2] [1] connecting (light) to {#zen_unicast_1#}{127.0.0.1}{127.0.0.1:30210}
[2016-03-29 17:31:36,407][TRACE][org.elasticsearch.discovery.zen.ping.unicast] [node_t2] [1] received response from {node_t2}{OFXtVNaKRe6VL9NvBc3e0g}{127.0.0.1}{127.0.0.1:30212}[mode=>network]: [ping_response{node [{node_t2}{OFXtVNaKRe6VL9NvBc3e0g}{127.0.0.1}{127.0.0.1:30212}[mode=>network]], id[431], master [null], hasJoinedOnce [false], cluster_name[TEST-CHILD_VM=[1]-CLUSTER_SEED=[2111584377444976928]-HASH=[14406DE1E494B5C8]-cluster]}, ping_response{node [{node_t2}{OFXtVNaKRe6VL9NvBc3e0g}{127.0.0.1}{127.0.0.1:30212}[mode=>network]], id[432], master [null], hasJoinedOnce [false], cluster_name[TEST-CHILD_VM=[1]-CLUSTER_SEED=[2111584377444976928]-HASH=[14406DE1E494B5C8]-cluster]}]
[2016-03-29 17:31:36,407][TRACE][org.elasticsearch.discovery.zen.ping.unicast] [node_t2] [1] connected to {#zen_unicast_1#}{127.0.0.1}{127.0.0.1:30210}
[2016-03-29 17:31:36,407][TRACE][org.elasticsearch.discovery.zen.ping.unicast] [node_t2] [1] sending to {#zen_unicast_1#}{127.0.0.1}{127.0.0.1:30210}
[2016-03-29 17:31:36,409][TRACE][org.elasticsearch.discovery.zen.ping.unicast] [node_t2] [1] received response from {#zen_unicast_1#}{127.0.0.1}{127.0.0.1:30210}: [ping_response{node [{node_t0}{UdumSPqySZq2FCkBl6pKIw}{127.0.0.1}{127.0.0.1:30210}[mode=>network]], id[425], master [null], hasJoinedOnce [false], cluster_name[TEST-CHILD_VM=[1]-CLUSTER_SEED=[2111584377444976928]-HASH=[14406DE1E494B5C8]-cluster]}, ping_response{node [{node_t0}{UdumSPqySZq2FCkBl6pKIw}{127.0.0.1}{127.0.0.1:30210}[mode=>network]], id[425], master [null], hasJoinedOnce [false], cluster_name[TEST-CHILD_VM=[1]-CLUSTER_SEED=[2111584377444976928]-HASH=[14406DE1E494B5C8]-cluster]}, ping_response{node [{node_t1}{7mM6N0_eQxyn28mYxCpKrw}{127.0.0.1}{127.0.0.1:30211}[mode=>network]], id[428], master [null], hasJoinedOnce [false], cluster_name[TEST-CHILD_VM=[1]-CLUSTER_SEED=[2111584377444976928]-HASH=[14406DE1E494B5C8]-cluster]}, ping_response{node [{node_t2}{OFXtVNaKRe6VL9NvBc3e0g}{127.0.0.1}{127.0.0.1:30212}[mode=>network]], id[431], master [null], hasJoinedOnce [false], cluster_name[TEST-CHILD_VM=[1]-CLUSTER_SEED=[2111584377444976928]-HASH=[14406DE1E494B5C8]-cluster]}, ping_response{node [{node_t0}{UdumSPqySZq2FCkBl6pKIw}{127.0.0.1}{127.0.0.1:30210}[mode=>network]], id[433], master [null], hasJoinedOnce [false], cluster_name[TEST-CHILD_VM=[1]-CLUSTER_SEED=[2111584377444976928]-HASH=[14406DE1E494B5C8]-cluster]}]
[2016-03-29 17:31:36,438][DEBUG][org.elasticsearch.discovery.zen.elect] [node_t3] using minimum_master_nodes [3]
[2016-03-29 17:31:36,438][DEBUG][org.elasticsearch.discovery.zen.ping.unicast] [node_t3] using initial hosts [127.0.0.1:30210], with concurrent_connects [10]
[2016-03-29 17:31:36,439][DEBUG][org.elasticsearch.discovery.zen] [node_t3] using ping_timeout [3s], join.timeout [10s], master_election.filter_client [true], master_election.filter_data [false]
[2016-03-29 17:31:36,439][DEBUG][org.elasticsearch.discovery.zen.fd] [node_t3] [master] uses ping_interval [1s], ping_timeout [1s], ping_retries [1]
[2016-03-29 17:31:36,439][DEBUG][org.elasticsearch.discovery.zen.fd] [node_t3] [node  ] uses ping_interval [1s], ping_timeout [1s], ping_retries [1]
[2016-03-29 17:31:36,461][TRACE][org.elasticsearch.cluster.service] [node_t3] will process [initial_join]
[2016-03-29 17:31:36,462][DEBUG][org.elasticsearch.cluster.service] [node_t3] processing [initial_join]: execute
[2016-03-29 17:31:36,462][DEBUG][org.elasticsearch.cluster.service] [node_t3] processing [initial_join]: took 0s no change in cluster_state
[2016-03-29 17:31:36,462][TRACE][org.elasticsearch.discovery.zen] [node_t3] starting to accumulate joins
[2016-03-29 17:31:36,462][TRACE][org.elasticsearch.discovery.zen] [node_t3] starting to ping
[2016-03-29 17:31:36,462][TRACE][org.elasticsearch.discovery.zen.ping.unicast] [node_t3] [1] sending to {node_t3}{oczvfipLTr6a3WhOLDyYyg}{127.0.0.1}{127.0.0.1:30213}[mode=>network]
[2016-03-29 17:31:36,462][TRACE][org.elasticsearch.discovery.zen.ping.unicast] [node_t3] [1] connecting (light) to {#zen_unicast_1#}{127.0.0.1}{127.0.0.1:30210}
[2016-03-29 17:31:36,462][TRACE][org.elasticsearch.discovery.zen.ping.unicast] [node_t3] [1] received response from {node_t3}{oczvfipLTr6a3WhOLDyYyg}{127.0.0.1}{127.0.0.1:30213}[mode=>network]: [ping_response{node [{node_t3}{oczvfipLTr6a3WhOLDyYyg}{127.0.0.1}{127.0.0.1:30213}[mode=>network]], id[434], master [null], hasJoinedOnce [false], cluster_name[TEST-CHILD_VM=[1]-CLUSTER_SEED=[2111584377444976928]-HASH=[14406DE1E494B5C8]-cluster]}, ping_response{node [{node_t3}{oczvfipLTr6a3WhOLDyYyg}{127.0.0.1}{127.0.0.1:30213}[mode=>network]], id[435], master [null], hasJoinedOnce [false], cluster_name[TEST-CHILD_VM=[1]-CLUSTER_SEED=[2111584377444976928]-HASH=[14406DE1E494B5C8]-cluster]}]
[2016-03-29 17:31:36,463][TRACE][org.elasticsearch.discovery.zen.ping.unicast] [node_t3] [1] connected to {#zen_unicast_1#}{127.0.0.1}{127.0.0.1:30210}
[2016-03-29 17:31:36,463][TRACE][org.elasticsearch.discovery.zen.ping.unicast] [node_t3] [1] sending to {#zen_unicast_1#}{127.0.0.1}{127.0.0.1:30210}
[2016-03-29 17:31:36,464][TRACE][org.elasticsearch.discovery.zen.ping.unicast] [node_t3] [1] received response from {#zen_unicast_1#}{127.0.0.1}{127.0.0.1:30210}: [ping_response{node [{node_t0}{UdumSPqySZq2FCkBl6pKIw}{127.0.0.1}{127.0.0.1:30210}[mode=>network]], id[425], master [null], hasJoinedOnce [false], cluster_name[TEST-CHILD_VM=[1]-CLUSTER_SEED=[2111584377444976928]-HASH=[14406DE1E494B5C8]-cluster]}, ping_response{node [{node_t0}{UdumSPqySZq2FCkBl6pKIw}{127.0.0.1}{127.0.0.1:30210}[mode=>network]], id[425], master [null], hasJoinedOnce [false], cluster_name[TEST-CHILD_VM=[1]-CLUSTER_SEED=[2111584377444976928]-HASH=[14406DE1E494B5C8]-cluster]}, ping_response{node [{node_t1}{7mM6N0_eQxyn28mYxCpKrw}{127.0.0.1}{127.0.0.1:30211}[mode=>network]], id[428], master [null], hasJoinedOnce [false], cluster_name[TEST-CHILD_VM=[1]-CLUSTER_SEED=[2111584377444976928]-HASH=[14406DE1E494B5C8]-cluster]}, ping_response{node [{node_t2}{OFXtVNaKRe6VL9NvBc3e0g}{127.0.0.1}{127.0.0.1:30212}[mode=>network]], id[431], master [null], hasJoinedOnce [false], cluster_name[TEST-CHILD_VM=[1]-CLUSTER_SEED=[2111584377444976928]-HASH=[14406DE1E494B5C8]-cluster]}, ping_response{node [{node_t3}{oczvfipLTr6a3WhOLDyYyg}{127.0.0.1}{127.0.0.1:30213}[mode=>network]], id[434], master [null], hasJoinedOnce [false], cluster_name[TEST-CHILD_VM=[1]-CLUSTER_SEED=[2111584377444976928]-HASH=[14406DE1E494B5C8]-cluster]}, ping_response{node [{node_t0}{UdumSPqySZq2FCkBl6pKIw}{127.0.0.1}{127.0.0.1:30210}[mode=>network]], id[436], master [null], hasJoinedOnce [false], cluster_name[TEST-CHILD_VM=[1]-CLUSTER_SEED=[2111584377444976928]-HASH=[14406DE1E494B5C8]-cluster]}]
[2016-03-29 17:31:37,791][TRACE][org.elasticsearch.discovery.zen.ping.unicast] [node_t0] [1] sending to {node_t0}{UdumSPqySZq2FCkBl6pKIw}{127.0.0.1}{127.0.0.1:30210}[mode=>network]
[2016-03-29 17:31:37,791][TRACE][org.elasticsearch.discovery.zen.ping.unicast] [node_t0] [1] received response from {node_t0}{UdumSPqySZq2FCkBl6pKIw}{127.0.0.1}{127.0.0.1:30210}[mode=>network]: [ping_response{node [{node_t0}{UdumSPqySZq2FCkBl6pKIw}{127.0.0.1}{127.0.0.1:30210}[mode=>network]], id[425], master [null], hasJoinedOnce [false], cluster_name[TEST-CHILD_VM=[1]-CLUSTER_SEED=[2111584377444976928]-HASH=[14406DE1E494B5C8]-cluster]}, ping_response{node [{node_t0}{UdumSPqySZq2FCkBl6pKIw}{127.0.0.1}{127.0.0.1:30210}[mode=>network]], id[425], master [null], hasJoinedOnce [false], cluster_name[TEST-CHILD_VM=[1]-CLUSTER_SEED=[2111584377444976928]-HASH=[14406DE1E494B5C8]-cluster]}, ping_response{node [{node_t1}{7mM6N0_eQxyn28mYxCpKrw}{127.0.0.1}{127.0.0.1:30211}[mode=>network]], id[428], master [null], hasJoinedOnce [false], cluster_name[TEST-CHILD_VM=[1]-CLUSTER_SEED=[2111584377444976928]-HASH=[14406DE1E494B5C8]-cluster]}, ping_response{node [{node_t2}{OFXtVNaKRe6VL9NvBc3e0g}{127.0.0.1}{127.0.0.1:30212}[mode=>network]], id[431], master [null], hasJoinedOnce [false], cluster_name[TEST-CHILD_VM=[1]-CLUSTER_SEED=[2111584377444976928]-HASH=[14406DE1E494B5C8]-cluster]}, ping_response{node [{node_t3}{oczvfipLTr6a3WhOLDyYyg}{127.0.0.1}{127.0.0.1:30213}[mode=>network]], id[434], master [null], hasJoinedOnce [false], cluster_name[TEST-CHILD_VM=[1]-CLUSTER_SEED=[2111584377444976928]-HASH=[14406DE1E494B5C8]-cluster]}, ping_response{node [{node_t0}{UdumSPqySZq2FCkBl6pKIw}{127.0.0.1}{127.0.0.1:30210}[mode=>network]], id[437], master [null], hasJoinedOnce [false], cluster_name[TEST-CHILD_VM=[1]-CLUSTER_SEED=[2111584377444976928]-HASH=[14406DE1E494B5C8]-cluster]}, ping_response{node [{node_t0}{UdumSPqySZq2FCkBl6pKIw}{127.0.0.1}{127.0.0.1:30210}[mode=>network]], id[438], master [null], hasJoinedOnce [false], cluster_name[TEST-CHILD_VM=[1]-CLUSTER_SEED=[2111584377444976928]-HASH=[14406DE1E494B5C8]-cluster]}]
[2016-03-29 17:31:37,791][TRACE][org.elasticsearch.discovery.zen.ping.unicast] [node_t0] replacing {node_t1}{7mM6N0_eQxyn28mYxCpKrw}{127.0.0.1}{127.0.0.1:30211}[mode=>network] with temp node {#zen_unicast_2_7mM6N0_eQxyn28mYxCpKrw#}{127.0.0.1}{127.0.0.1:30211}[mode=>network]
[2016-03-29 17:31:37,792][TRACE][org.elasticsearch.discovery.zen.ping.unicast] [node_t0] replacing {node_t2}{OFXtVNaKRe6VL9NvBc3e0g}{127.0.0.1}{127.0.0.1:30212}[mode=>network] with temp node {#zen_unicast_3_OFXtVNaKRe6VL9NvBc3e0g#}{127.0.0.1}{127.0.0.1:30212}[mode=>network]
[2016-03-29 17:31:37,792][TRACE][org.elasticsearch.discovery.zen.ping.unicast] [node_t0] [1] connecting (light) to {#zen_unicast_2_7mM6N0_eQxyn28mYxCpKrw#}{127.0.0.1}{127.0.0.1:30211}[mode=>network]
[2016-03-29 17:31:37,792][TRACE][org.elasticsearch.discovery.zen.ping.unicast] [node_t0] [1] sending to {node_t0}{UdumSPqySZq2FCkBl6pKIw}{127.0.0.1}{127.0.0.1:30210}[mode=>network]
[2016-03-29 17:31:37,792][TRACE][org.elasticsearch.discovery.zen.ping.unicast] [node_t0] [1] received response from {node_t0}{UdumSPqySZq2FCkBl6pKIw}{127.0.0.1}{127.0.0.1:30210}[mode=>network]: [ping_response{node [{node_t0}{UdumSPqySZq2FCkBl6pKIw}{127.0.0.1}{127.0.0.1:30210}[mode=>network]], id[425], master [null], hasJoinedOnce [false], cluster_name[TEST-CHILD_VM=[1]-CLUSTER_SEED=[2111584377444976928]-HASH=[14406DE1E494B5C8]-cluster]}, ping_response{node [{node_t0}{UdumSPqySZq2FCkBl6pKIw}{127.0.0.1}{127.0.0.1:30210}[mode=>network]], id[425], master [null], hasJoinedOnce [false], cluster_name[TEST-CHILD_VM=[1]-CLUSTER_SEED=[2111584377444976928]-HASH=[14406DE1E494B5C8]-cluster]}, ping_response{node [{node_t1}{7mM6N0_eQxyn28mYxCpKrw}{127.0.0.1}{127.0.0.1:30211}[mode=>network]], id[428], master [null], hasJoinedOnce [false], cluster_name[TEST-CHILD_VM=[1]-CLUSTER_SEED=[2111584377444976928]-HASH=[14406DE1E494B5C8]-cluster]}, ping_response{node [{node_t2}{OFXtVNaKRe6VL9NvBc3e0g}{127.0.0.1}{127.0.0.1:30212}[mode=>network]], id[431], master [null], hasJoinedOnce [false], cluster_name[TEST-CHILD_VM=[1]-CLUSTER_SEED=[2111584377444976928]-HASH=[14406DE1E494B5C8]-cluster]}, ping_response{node [{node_t3}{oczvfipLTr6a3WhOLDyYyg}{127.0.0.1}{127.0.0.1:30213}[mode=>network]], id[434], master [null], hasJoinedOnce [false], cluster_name[TEST-CHILD_VM=[1]-CLUSTER_SEED=[2111584377444976928]-HASH=[14406DE1E494B5C8]-cluster]}, ping_response{node [{node_t0}{UdumSPqySZq2FCkBl6pKIw}{127.0.0.1}{127.0.0.1:30210}[mode=>network]], id[437], master [null], hasJoinedOnce [false], cluster_name[TEST-CHILD_VM=[1]-CLUSTER_SEED=[2111584377444976928]-HASH=[14406DE1E494B5C8]-cluster]}, ping_response{node [{node_t0}{UdumSPqySZq2FCkBl6pKIw}{127.0.0.1}{127.0.0.1:30210}[mode=>network]], id[437], master [null], hasJoinedOnce [false], cluster_name[TEST-CHILD_VM=[1]-CLUSTER_SEED=[2111584377444976928]-HASH=[14406DE1E494B5C8]-cluster]}, ping_response{node [{node_t0}{UdumSPqySZq2FCkBl6pKIw}{127.0.0.1}{127.0.0.1:30210}[mode=>network]], id[439], master [null], hasJoinedOnce [false], cluster_name[TEST-CHILD_VM=[1]-CLUSTER_SEED=[2111584377444976928]-HASH=[14406DE1E494B5C8]-cluster]}]
[2016-03-29 17:31:37,792][TRACE][org.elasticsearch.discovery.zen.ping.unicast] [node_t0] [1] connecting (light) to {#zen_unicast_3_OFXtVNaKRe6VL9NvBc3e0g#}{127.0.0.1}{127.0.0.1:30212}[mode=>network]
[2016-03-29 17:31:37,793][TRACE][org.elasticsearch.discovery.zen.ping.unicast] [node_t0] replacing {node_t3}{oczvfipLTr6a3WhOLDyYyg}{127.0.0.1}{127.0.0.1:30213}[mode=>network] with temp node {#zen_unicast_4_oczvfipLTr6a3WhOLDyYyg#}{127.0.0.1}{127.0.0.1:30213}[mode=>network]
[2016-03-29 17:31:37,793][TRACE][org.elasticsearch.discovery.zen.ping.unicast] [node_t0] [1] connected to {node_t1}{7mM6N0_eQxyn28mYxCpKrw}{127.0.0.1}{127.0.0.1:30211}[mode=>network]
[2016-03-29 17:31:37,793][TRACE][org.elasticsearch.discovery.zen.ping.unicast] [node_t0] [1] connecting (light) to {#zen_unicast_4_oczvfipLTr6a3WhOLDyYyg#}{127.0.0.1}{127.0.0.1:30213}[mode=>network]
[2016-03-29 17:31:37,793][TRACE][org.elasticsearch.discovery.zen.ping.unicast] [node_t0] [1] sending to {#zen_unicast_2_7mM6N0_eQxyn28mYxCpKrw#}{127.0.0.1}{127.0.0.1:30211}[mode=>network]
[2016-03-29 17:31:37,793][TRACE][org.elasticsearch.discovery.zen.ping.unicast] [node_t0] [1] connected to {node_t2}{OFXtVNaKRe6VL9NvBc3e0g}{127.0.0.1}{127.0.0.1:30212}[mode=>network]
[2016-03-29 17:31:37,793][TRACE][org.elasticsearch.discovery.zen.ping.unicast] [node_t0] [1] sending to {#zen_unicast_3_OFXtVNaKRe6VL9NvBc3e0g#}{127.0.0.1}{127.0.0.1:30212}[mode=>network]
[2016-03-29 17:31:37,794][TRACE][org.elasticsearch.discovery.zen.ping.unicast] [node_t0] [1] connected to {node_t3}{oczvfipLTr6a3WhOLDyYyg}{127.0.0.1}{127.0.0.1:30213}[mode=>network]
[2016-03-29 17:31:37,794][TRACE][org.elasticsearch.discovery.zen.ping.unicast] [node_t0] [1] sending to {#zen_unicast_4_oczvfipLTr6a3WhOLDyYyg#}{127.0.0.1}{127.0.0.1:30213}[mode=>network]
[2016-03-29 17:31:37,795][TRACE][org.elasticsearch.discovery.zen.ping.unicast] [node_t0] [1] received response from {#zen_unicast_3_OFXtVNaKRe6VL9NvBc3e0g#}{127.0.0.1}{127.0.0.1:30212}[mode=>network]: [ping_response{node [{node_t2}{OFXtVNaKRe6VL9NvBc3e0g}{127.0.0.1}{127.0.0.1:30212}[mode=>network]], id[431], master [null], hasJoinedOnce [false], cluster_name[TEST-CHILD_VM=[1]-CLUSTER_SEED=[2111584377444976928]-HASH=[14406DE1E494B5C8]-cluster]}, ping_response{node [{node_t0}{UdumSPqySZq2FCkBl6pKIw}{127.0.0.1}{127.0.0.1:30210}[mode=>network]], id[437], master [null], hasJoinedOnce [false], cluster_name[TEST-CHILD_VM=[1]-CLUSTER_SEED=[2111584377444976928]-HASH=[14406DE1E494B5C8]-cluster]}, ping_response{node [{node_t2}{OFXtVNaKRe6VL9NvBc3e0g}{127.0.0.1}{127.0.0.1:30212}[mode=>network]], id[441], master [null], hasJoinedOnce [false], cluster_name[TEST-CHILD_VM=[1]-CLUSTER_SEED=[2111584377444976928]-HASH=[14406DE1E494B5C8]-cluster]}]
[2016-03-29 17:31:37,795][TRACE][org.elasticsearch.discovery.zen.ping.unicast] [node_t0] [1] received response from {#zen_unicast_2_7mM6N0_eQxyn28mYxCpKrw#}{127.0.0.1}{127.0.0.1:30211}[mode=>network]: [ping_response{node [{node_t1}{7mM6N0_eQxyn28mYxCpKrw}{127.0.0.1}{127.0.0.1:30211}[mode=>network]], id[428], master [null], hasJoinedOnce [false], cluster_name[TEST-CHILD_VM=[1]-CLUSTER_SEED=[2111584377444976928]-HASH=[14406DE1E494B5C8]-cluster]}, ping_response{node [{node_t0}{UdumSPqySZq2FCkBl6pKIw}{127.0.0.1}{127.0.0.1:30210}[mode=>network]], id[437], master [null], hasJoinedOnce [false], cluster_name[TEST-CHILD_VM=[1]-CLUSTER_SEED=[2111584377444976928]-HASH=[14406DE1E494B5C8]-cluster]}, ping_response{node [{node_t1}{7mM6N0_eQxyn28mYxCpKrw}{127.0.0.1}{127.0.0.1:30211}[mode=>network]], id[440], master [null], hasJoinedOnce [false], cluster_name[TEST-CHILD_VM=[1]-CLUSTER_SEED=[2111584377444976928]-HASH=[14406DE1E494B5C8]-cluster]}]
[2016-03-29 17:31:37,804][TRACE][org.elasticsearch.discovery.zen.ping.unicast] [node_t0] [1] received response from {#zen_unicast_4_oczvfipLTr6a3WhOLDyYyg#}{127.0.0.1}{127.0.0.1:30213}[mode=>network]: [ping_response{node [{node_t3}{oczvfipLTr6a3WhOLDyYyg}{127.0.0.1}{127.0.0.1:30213}[mode=>network]], id[434], master [null], hasJoinedOnce [false], cluster_name[TEST-CHILD_VM=[1]-CLUSTER_SEED=[2111584377444976928]-HASH=[14406DE1E494B5C8]-cluster]}, ping_response{node [{node_t0}{UdumSPqySZq2FCkBl6pKIw}{127.0.0.1}{127.0.0.1:30210}[mode=>network]], id[437], master [null], hasJoinedOnce [false], cluster_name[TEST-CHILD_VM=[1]-CLUSTER_SEED=[2111584377444976928]-HASH=[14406DE1E494B5C8]-cluster]}, ping_response{node [{node_t3}{oczvfipLTr6a3WhOLDyYyg}{127.0.0.1}{127.0.0.1:30213}[mode=>network]], id[442], master [null], hasJoinedOnce [false], cluster_name[TEST-CHILD_VM=[1]-CLUSTER_SEED=[2111584377444976928]-HASH=[14406DE1E494B5C8]-cluster]}]
[2016-03-29 17:31:37,853][TRACE][org.elasticsearch.discovery.zen.ping.unicast] [node_t1] [1] sending to {#zen_unicast_1#}{127.0.0.1}{127.0.0.1:30210}
[2016-03-29 17:31:37,854][TRACE][org.elasticsearch.discovery.zen.ping.unicast] [node_t1] [1] sending to {node_t1}{7mM6N0_eQxyn28mYxCpKrw}{127.0.0.1}{127.0.0.1:30211}[mode=>network]
[2016-03-29 17:31:37,854][TRACE][org.elasticsearch.discovery.zen.ping.unicast] [node_t1] [1] received response from {node_t1}{7mM6N0_eQxyn28mYxCpKrw}{127.0.0.1}{127.0.0.1:30211}[mode=>network]: [ping_response{node [{node_t1}{7mM6N0_eQxyn28mYxCpKrw}{127.0.0.1}{127.0.0.1:30211}[mode=>network]], id[428], master [null], hasJoinedOnce [false], cluster_name[TEST-CHILD_VM=[1]-CLUSTER_SEED=[2111584377444976928]-HASH=[14406DE1E494B5C8]-cluster]}, ping_response{node [{node_t0}{UdumSPqySZq2FCkBl6pKIw}{127.0.0.1}{127.0.0.1:30210}[mode=>network]], id[437], master [null], hasJoinedOnce [false], cluster_name[TEST-CHILD_VM=[1]-CLUSTER_SEED=[2111584377444976928]-HASH=[14406DE1E494B5C8]-cluster]}, ping_response{node [{node_t1}{7mM6N0_eQxyn28mYxCpKrw}{127.0.0.1}{127.0.0.1:30211}[mode=>network]], id[443], master [null], hasJoinedOnce [false], cluster_name[TEST-CHILD_VM=[1]-CLUSTER_SEED=[2111584377444976928]-HASH=[14406DE1E494B5C8]-cluster]}, ping_response{node [{node_t1}{7mM6N0_eQxyn28mYxCpKrw}{127.0.0.1}{127.0.0.1:30211}[mode=>network]], id[444], master [null], hasJoinedOnce [false], cluster_name[TEST-CHILD_VM=[1]-CLUSTER_SEED=[2111584377444976928]-HASH=[14406DE1E494B5C8]-cluster]}]
[2016-03-29 17:31:37,855][TRACE][org.elasticsearch.discovery.zen.ping.unicast] [node_t1] replacing {node_t0}{UdumSPqySZq2FCkBl6pKIw}{127.0.0.1}{127.0.0.1:30210}[mode=>network] with temp node {#zen_unicast_2_UdumSPqySZq2FCkBl6pKIw#}{127.0.0.1}{127.0.0.1:30210}[mode=>network]
[2016-03-29 17:31:37,855][TRACE][org.elasticsearch.discovery.zen.ping.unicast] [node_t1] [1] connecting (light) to {#zen_unicast_2_UdumSPqySZq2FCkBl6pKIw#}{127.0.0.1}{127.0.0.1:30210}[mode=>network]
[2016-03-29 17:31:37,855][TRACE][org.elasticsearch.discovery.zen.ping.unicast] [node_t1] [1] received response from {#zen_unicast_1#}{127.0.0.1}{127.0.0.1:30210}: [ping_response{node [{node_t0}{UdumSPqySZq2FCkBl6pKIw}{127.0.0.1}{127.0.0.1:30210}[mode=>network]], id[425], master [null], hasJoinedOnce [false], cluster_name[TEST-CHILD_VM=[1]-CLUSTER_SEED=[2111584377444976928]-HASH=[14406DE1E494B5C8]-cluster]}, ping_response{node [{node_t0}{UdumSPqySZq2FCkBl6pKIw}{127.0.0.1}{127.0.0.1:30210}[mode=>network]], id[425], master [null], hasJoinedOnce [false], cluster_name[TEST-CHILD_VM=[1]-CLUSTER_SEED=[2111584377444976928]-HASH=[14406DE1E494B5C8]-cluster]}, ping_response{node [{node_t1}{7mM6N0_eQxyn28mYxCpKrw}{127.0.0.1}{127.0.0.1:30211}[mode=>network]], id[428], master [null], hasJoinedOnce [false], cluster_name[TEST-CHILD_VM=[1]-CLUSTER_SEED=[2111584377444976928]-HASH=[14406DE1E494B5C8]-cluster]}, ping_response{node [{node_t2}{OFXtVNaKRe6VL9NvBc3e0g}{127.0.0.1}{127.0.0.1:30212}[mode=>network]], id[431], master [null], hasJoinedOnce [false], cluster_name[TEST-CHILD_VM=[1]-CLUSTER_SEED=[2111584377444976928]-HASH=[14406DE1E494B5C8]-cluster]}, ping_response{node [{node_t3}{oczvfipLTr6a3WhOLDyYyg}{127.0.0.1}{127.0.0.1:30213}[mode=>network]], id[434], master [null], hasJoinedOnce [false], cluster_name[TEST-CHILD_VM=[1]-CLUSTER_SEED=[2111584377444976928]-HASH=[14406DE1E494B5C8]-cluster]}, ping_response{node [{node_t0}{UdumSPqySZq2FCkBl6pKIw}{127.0.0.1}{127.0.0.1:30210}[mode=>network]], id[437], master [null], hasJoinedOnce [false], cluster_name[TEST-CHILD_VM=[1]-CLUSTER_SEED=[2111584377444976928]-HASH=[14406DE1E494B5C8]-cluster]}, ping_response{node [{node_t0}{UdumSPqySZq2FCkBl6pKIw}{127.0.0.1}{127.0.0.1:30210}[mode=>network]], id[437], master [null], hasJoinedOnce [false], cluster_name[TEST-CHILD_VM=[1]-CLUSTER_SEED=[2111584377444976928]-HASH=[14406DE1E494B5C8]-cluster]}, ping_response{node [{node_t1}{7mM6N0_eQxyn28mYxCpKrw}{127.0.0.1}{127.0.0.1:30211}[mode=>network]], id[443], master [null], hasJoinedOnce [false], cluster_name[TEST-CHILD_VM=[1]-CLUSTER_SEED=[2111584377444976928]-HASH=[14406DE1E494B5C8]-cluster]}, ping_response{node [{node_t0}{UdumSPqySZq2FCkBl6pKIw}{127.0.0.1}{127.0.0.1:30210}[mode=>network]], id[445], master [null], hasJoinedOnce [false], cluster_name[TEST-CHILD_VM=[1]-CLUSTER_SEED=[2111584377444976928]-HASH=[14406DE1E494B5C8]-cluster]}]
[2016-03-29 17:31:37,855][TRACE][org.elasticsearch.discovery.zen.ping.unicast] [node_t1] [1] connected to {node_t0}{UdumSPqySZq2FCkBl6pKIw}{127.0.0.1}{127.0.0.1:30210}[mode=>network]
[2016-03-29 17:31:37,856][TRACE][org.elasticsearch.discovery.zen.ping.unicast] [node_t1] [1] sending to {#zen_unicast_2_UdumSPqySZq2FCkBl6pKIw#}{127.0.0.1}{127.0.0.1:30210}[mode=>network]
[2016-03-29 17:31:37,856][TRACE][org.elasticsearch.discovery.zen.ping.unicast] [node_t1] [1] received response from {#zen_unicast_2_UdumSPqySZq2FCkBl6pKIw#}{127.0.0.1}{127.0.0.1:30210}[mode=>network]: [ping_response{node [{node_t0}{UdumSPqySZq2FCkBl6pKIw}{127.0.0.1}{127.0.0.1:30210}[mode=>network]], id[425], master [null], hasJoinedOnce [false], cluster_name[TEST-CHILD_VM=[1]-CLUSTER_SEED=[2111584377444976928]-HASH=[14406DE1E494B5C8]-cluster]}, ping_response{node [{node_t0}{UdumSPqySZq2FCkBl6pKIw}{127.0.0.1}{127.0.0.1:30210}[mode=>network]], id[425], master [null], hasJoinedOnce [false], cluster_name[TEST-CHILD_VM=[1]-CLUSTER_SEED=[2111584377444976928]-HASH=[14406DE1E494B5C8]-cluster]}, ping_response{node [{node_t1}{7mM6N0_eQxyn28mYxCpKrw}{127.0.0.1}{127.0.0.1:30211}[mode=>network]], id[428], master [null], hasJoinedOnce [false], cluster_name[TEST-CHILD_VM=[1]-CLUSTER_SEED=[2111584377444976928]-HASH=[14406DE1E494B5C8]-cluster]}, ping_response{node [{node_t2}{OFXtVNaKRe6VL9NvBc3e0g}{127.0.0.1}{127.0.0.1:30212}[mode=>network]], id[431], master [null], hasJoinedOnce [false], cluster_name[TEST-CHILD_VM=[1]-CLUSTER_SEED=[2111584377444976928]-HASH=[14406DE1E494B5C8]-cluster]}, ping_response{node [{node_t3}{oczvfipLTr6a3WhOLDyYyg}{127.0.0.1}{127.0.0.1:30213}[mode=>network]], id[434], master [null], hasJoinedOnce [false], cluster_name[TEST-CHILD_VM=[1]-CLUSTER_SEED=[2111584377444976928]-HASH=[14406DE1E494B5C8]-cluster]}, ping_response{node [{node_t0}{UdumSPqySZq2FCkBl6pKIw}{127.0.0.1}{127.0.0.1:30210}[mode=>network]], id[437], master [null], hasJoinedOnce [false], cluster_name[TEST-CHILD_VM=[1]-CLUSTER_SEED=[2111584377444976928]-HASH=[14406DE1E494B5C8]-cluster]}, ping_response{node [{node_t0}{UdumSPqySZq2FCkBl6pKIw}{127.0.0.1}{127.0.0.1:30210}[mode=>network]], id[437], master [null], hasJoinedOnce [false], cluster_name[TEST-CHILD_VM=[1]-CLUSTER_SEED=[2111584377444976928]-HASH=[14406DE1E494B5C8]-cluster]}, ping_response{node [{node_t1}{7mM6N0_eQxyn28mYxCpKrw}{127.0.0.1}{127.0.0.1:30211}[mode=>network]], id[443], master [null], hasJoinedOnce [false], cluster_name[TEST-CHILD_VM=[1]-CLUSTER_SEED=[2111584377444976928]-HASH=[14406DE1E494B5C8]-cluster]}, ping_response{node [{node_t1}{7mM6N0_eQxyn28mYxCpKrw}{127.0.0.1}{127.0.0.1:30211}[mode=>network]], id[443], master [null], hasJoinedOnce [false], cluster_name[TEST-CHILD_VM=[1]-CLUSTER_SEED=[2111584377444976928]-HASH=[14406DE1E494B5C8]-cluster]}, ping_response{node [{node_t0}{UdumSPqySZq2FCkBl6pKIw}{127.0.0.1}{127.0.0.1:30210}[mode=>network]], id[446], master [null], hasJoinedOnce [false], cluster_name[TEST-CHILD_VM=[1]-CLUSTER_SEED=[2111584377444976928]-HASH=[14406DE1E494B5C8]-cluster]}]
[2016-03-29 17:31:37,909][TRACE][org.elasticsearch.discovery.zen.ping.unicast] [node_t2] [1] sending to {#zen_unicast_1#}{127.0.0.1}{127.0.0.1:30210}
[2016-03-29 17:31:37,909][TRACE][org.elasticsearch.discovery.zen.ping.unicast] [node_t2] [1] sending to {node_t2}{OFXtVNaKRe6VL9NvBc3e0g}{127.0.0.1}{127.0.0.1:30212}[mode=>network]
[2016-03-29 17:31:37,909][TRACE][org.elasticsearch.discovery.zen.ping.unicast] [node_t2] [1] received response from {node_t2}{OFXtVNaKRe6VL9NvBc3e0g}{127.0.0.1}{127.0.0.1:30212}[mode=>network]: [ping_response{node [{node_t2}{OFXtVNaKRe6VL9NvBc3e0g}{127.0.0.1}{127.0.0.1:30212}[mode=>network]], id[431], master [null], hasJoinedOnce [false], cluster_name[TEST-CHILD_VM=[1]-CLUSTER_SEED=[2111584377444976928]-HASH=[14406DE1E494B5C8]-cluster]}, ping_response{node [{node_t0}{UdumSPqySZq2FCkBl6pKIw}{127.0.0.1}{127.0.0.1:30210}[mode=>network]], id[437], master [null], hasJoinedOnce [false], cluster_name[TEST-CHILD_VM=[1]-CLUSTER_SEED=[2111584377444976928]-HASH=[14406DE1E494B5C8]-cluster]}, ping_response{node [{node_t2}{OFXtVNaKRe6VL9NvBc3e0g}{127.0.0.1}{127.0.0.1:30212}[mode=>network]], id[447], master [null], hasJoinedOnce [false], cluster_name[TEST-CHILD_VM=[1]-CLUSTER_SEED=[2111584377444976928]-HASH=[14406DE1E494B5C8]-cluster]}, ping_response{node [{node_t2}{OFXtVNaKRe6VL9NvBc3e0g}{127.0.0.1}{127.0.0.1:30212}[mode=>network]], id[448], master [null], hasJoinedOnce [false], cluster_name[TEST-CHILD_VM=[1]-CLUSTER_SEED=[2111584377444976928]-HASH=[14406DE1E494B5C8]-cluster]}]
[2016-03-29 17:31:37,909][TRACE][org.elasticsearch.discovery.zen.ping.unicast] [node_t2] replacing {node_t0}{UdumSPqySZq2FCkBl6pKIw}{127.0.0.1}{127.0.0.1:30210}[mode=>network] with temp node {#zen_unicast_2_UdumSPqySZq2FCkBl6pKIw#}{127.0.0.1}{127.0.0.1:30210}[mode=>network]
[2016-03-29 17:31:37,910][TRACE][org.elasticsearch.discovery.zen.ping.unicast] [node_t2] [1] connecting (light) to {#zen_unicast_2_UdumSPqySZq2FCkBl6pKIw#}{127.0.0.1}{127.0.0.1:30210}[mode=>network]
[2016-03-29 17:31:37,910][TRACE][org.elasticsearch.discovery.zen.ping.unicast] [node_t2] [1] received response from {#zen_unicast_1#}{127.0.0.1}{127.0.0.1:30210}: [ping_response{node [{node_t0}{UdumSPqySZq2FCkBl6pKIw}{127.0.0.1}{127.0.0.1:30210}[mode=>network]], id[425], master [null], hasJoinedOnce [false], cluster_name[TEST-CHILD_VM=[1]-CLUSTER_SEED=[2111584377444976928]-HASH=[14406DE1E494B5C8]-cluster]}, ping_response{node [{node_t0}{UdumSPqySZq2FCkBl6pKIw}{127.0.0.1}{127.0.0.1:30210}[mode=>network]], id[425], master [null], hasJoinedOnce [false], cluster_name[TEST-CHILD_VM=[1]-CLUSTER_SEED=[2111584377444976928]-HASH=[14406DE1E494B5C8]-cluster]}, ping_response{node [{node_t1}{7mM6N0_eQxyn28mYxCpKrw}{127.0.0.1}{127.0.0.1:30211}[mode=>network]], id[428], master [null], hasJoinedOnce [false], cluster_name[TEST-CHILD_VM=[1]-CLUSTER_SEED=[2111584377444976928]-HASH=[14406DE1E494B5C8]-cluster]}, ping_response{node [{node_t2}{OFXtVNaKRe6VL9NvBc3e0g}{127.0.0.1}{127.0.0.1:30212}[mode=>network]], id[431], master [null], hasJoinedOnce [false], cluster_name[TEST-CHILD_VM=[1]-CLUSTER_SEED=[2111584377444976928]-HASH=[14406DE1E494B5C8]-cluster]}, ping_response{node [{node_t3}{oczvfipLTr6a3WhOLDyYyg}{127.0.0.1}{127.0.0.1:30213}[mode=>network]], id[434], master [null], hasJoinedOnce [false], cluster_name[TEST-CHILD_VM=[1]-CLUSTER_SEED=[2111584377444976928]-HASH=[14406DE1E494B5C8]-cluster]}, ping_response{node [{node_t0}{UdumSPqySZq2FCkBl6pKIw}{127.0.0.1}{127.0.0.1:30210}[mode=>network]], id[437], master [null], hasJoinedOnce [false], cluster_name[TEST-CHILD_VM=[1]-CLUSTER_SEED=[2111584377444976928]-HASH=[14406DE1E494B5C8]-cluster]}, ping_response{node [{node_t0}{UdumSPqySZq2FCkBl6pKIw}{127.0.0.1}{127.0.0.1:30210}[mode=>network]], id[437], master [null], hasJoinedOnce [false], cluster_name[TEST-CHILD_VM=[1]-CLUSTER_SEED=[2111584377444976928]-HASH=[14406DE1E494B5C8]-cluster]}, ping_response{node [{node_t1}{7mM6N0_eQxyn28mYxCpKrw}{127.0.0.1}{127.0.0.1:30211}[mode=>network]], id[443], master [null], hasJoinedOnce [false], cluster_name[TEST-CHILD_VM=[1]-CLUSTER_SEED=[2111584377444976928]-HASH=[14406DE1E494B5C8]-cluster]}, ping_response{node [{node_t1}{7mM6N0_eQxyn28mYxCpKrw}{127.0.0.1}{127.0.0.1:30211}[mode=>network]], id[443], master [null], hasJoinedOnce [false], cluster_name[TEST-CHILD_VM=[1]-CLUSTER_SEED=[2111584377444976928]-HASH=[14406DE1E494B5C8]-cluster]}, ping_response{node [{node_t2}{OFXtVNaKRe6VL9NvBc3e0g}{127.0.0.1}{127.0.0.1:30212}[mode=>network]], id[447], master [null], hasJoinedOnce [false], cluster_name[TEST-CHILD_VM=[1]-CLUSTER_SEED=[2111584377444976928]-HASH=[14406DE1E494B5C8]-cluster]}, ping_response{node [{node_t0}{UdumSPqySZq2FCkBl6pKIw}{127.0.0.1}{127.0.0.1:30210}[mode=>network]], id[449], master [null], hasJoinedOnce [false], cluster_name[TEST-CHILD_VM=[1]-CLUSTER_SEED=[2111584377444976928]-HASH=[14406DE1E494B5C8]-cluster]}]
[2016-03-29 17:31:37,910][TRACE][org.elasticsearch.discovery.zen.ping.unicast] [node_t2] [1] connected to {node_t0}{UdumSPqySZq2FCkBl6pKIw}{127.0.0.1}{127.0.0.1:30210}[mode=>network]
[2016-03-29 17:31:37,910][TRACE][org.elasticsearch.discovery.zen.ping.unicast] [node_t2] [1] sending to {#zen_unicast_2_UdumSPqySZq2FCkBl6pKIw#}{127.0.0.1}{127.0.0.1:30210}[mode=>network]
[2016-03-29 17:31:37,911][TRACE][org.elasticsearch.discovery.zen.ping.unicast] [node_t2] [1] received response from {#zen_unicast_2_UdumSPqySZq2FCkBl6pKIw#}{127.0.0.1}{127.0.0.1:30210}[mode=>network]: [ping_response{node [{node_t0}{UdumSPqySZq2FCkBl6pKIw}{127.0.0.1}{127.0.0.1:30210}[mode=>network]], id[425], master [null], hasJoinedOnce [false], cluster_name[TEST-CHILD_VM=[1]-CLUSTER_SEED=[2111584377444976928]-HASH=[14406DE1E494B5C8]-cluster]}, ping_response{node [{node_t0}{UdumSPqySZq2FCkBl6pKIw}{127.0.0.1}{127.0.0.1:30210}[mode=>network]], id[425], master [null], hasJoinedOnce [false], cluster_name[TEST-CHILD_VM=[1]-CLUSTER_SEED=[2111584377444976928]-HASH=[14406DE1E494B5C8]-cluster]}, ping_response{node [{node_t1}{7mM6N0_eQxyn28mYxCpKrw}{127.0.0.1}{127.0.0.1:30211}[mode=>network]], id[428], master [null], hasJoinedOnce [false], cluster_name[TEST-CHILD_VM=[1]-CLUSTER_SEED=[2111584377444976928]-HASH=[14406DE1E494B5C8]-cluster]}, ping_response{node [{node_t2}{OFXtVNaKRe6VL9NvBc3e0g}{127.0.0.1}{127.0.0.1:30212}[mode=>network]], id[431], master [null], hasJoinedOnce [false], cluster_name[TEST-CHILD_VM=[1]-CLUSTER_SEED=[2111584377444976928]-HASH=[14406DE1E494B5C8]-cluster]}, ping_response{node [{node_t3}{oczvfipLTr6a3WhOLDyYyg}{127.0.0.1}{127.0.0.1:30213}[mode=>network]], id[434], master [null], hasJoinedOnce [false], cluster_name[TEST-CHILD_VM=[1]-CLUSTER_SEED=[2111584377444976928]-HASH=[14406DE1E494B5C8]-cluster]}, ping_response{node [{node_t0}{UdumSPqySZq2FCkBl6pKIw}{127.0.0.1}{127.0.0.1:30210}[mode=>network]], id[437], master [null], hasJoinedOnce [false], cluster_name[TEST-CHILD_VM=[1]-CLUSTER_SEED=[2111584377444976928]-HASH=[14406DE1E494B5C8]-cluster]}, ping_response{node [{node_t0}{UdumSPqySZq2FCkBl6pKIw}{127.0.0.1}{127.0.0.1:30210}[mode=>network]], id[437], master [null], hasJoinedOnce [false], cluster_name[TEST-CHILD_VM=[1]-CLUSTER_SEED=[2111584377444976928]-HASH=[14406DE1E494B5C8]-cluster]}, ping_response{node [{node_t1}{7mM6N0_eQxyn28mYxCpKrw}{127.0.0.1}{127.0.0.1:30211}[mode=>network]], id[443], master [null], hasJoinedOnce [false], cluster_name[TEST-CHILD_VM=[1]-CLUSTER_SEED=[2111584377444976928]-HASH=[14406DE1E494B5C8]-cluster]}, ping_response{node [{node_t1}{7mM6N0_eQxyn28mYxCpKrw}{127.0.0.1}{127.0.0.1:30211}[mode=>network]], id[443], master [null], hasJoinedOnce [false], cluster_name[TEST-CHILD_VM=[1]-CLUSTER_SEED=[2111584377444976928]-HASH=[14406DE1E494B5C8]-cluster]}, ping_response{node [{node_t2}{OFXtVNaKRe6VL9NvBc3e0g}{127.0.0.1}{127.0.0.1:30212}[mode=>network]], id[447], master [null], hasJoinedOnce [false], cluster_name[TEST-CHILD_VM=[1]-CLUSTER_SEED=[2111584377444976928]-HASH=[14406DE1E494B5C8]-cluster]}, ping_response{node [{node_t2}{OFXtVNaKRe6VL9NvBc3e0g}{127.0.0.1}{127.0.0.1:30212}[mode=>network]], id[447], master [null], hasJoinedOnce [false], cluster_name[TEST-CHILD_VM=[1]-CLUSTER_SEED=[2111584377444976928]-HASH=[14406DE1E494B5C8]-cluster]}, ping_response{node [{node_t0}{UdumSPqySZq2FCkBl6pKIw}{127.0.0.1}{127.0.0.1:30210}[mode=>network]], id[450], master [null], hasJoinedOnce [false], cluster_name[TEST-CHILD_VM=[1]-CLUSTER_SEED=[2111584377444976928]-HASH=[14406DE1E494B5C8]-cluster]}]
[2016-03-29 17:31:37,965][TRACE][org.elasticsearch.discovery.zen.ping.unicast] [node_t3] [1] sending to {#zen_unicast_1#}{127.0.0.1}{127.0.0.1:30210}
[2016-03-29 17:31:37,966][TRACE][org.elasticsearch.discovery.zen.ping.unicast] [node_t3] replacing {node_t0}{UdumSPqySZq2FCkBl6pKIw}{127.0.0.1}{127.0.0.1:30210}[mode=>network] with temp node {#zen_unicast_2_UdumSPqySZq2FCkBl6pKIw#}{127.0.0.1}{127.0.0.1:30210}[mode=>network]
[2016-03-29 17:31:37,966][TRACE][org.elasticsearch.discovery.zen.ping.unicast] [node_t3] [1] sending to {node_t3}{oczvfipLTr6a3WhOLDyYyg}{127.0.0.1}{127.0.0.1:30213}[mode=>network]
[2016-03-29 17:31:37,966][TRACE][org.elasticsearch.discovery.zen.ping.unicast] [node_t3] [1] connecting (light) to {#zen_unicast_2_UdumSPqySZq2FCkBl6pKIw#}{127.0.0.1}{127.0.0.1:30210}[mode=>network]
[2016-03-29 17:31:37,966][TRACE][org.elasticsearch.discovery.zen.ping.unicast] [node_t3] [1] received response from {node_t3}{oczvfipLTr6a3WhOLDyYyg}{127.0.0.1}{127.0.0.1:30213}[mode=>network]: [ping_response{node [{node_t3}{oczvfipLTr6a3WhOLDyYyg}{127.0.0.1}{127.0.0.1:30213}[mode=>network]], id[434], master [null], hasJoinedOnce [false], cluster_name[TEST-CHILD_VM=[1]-CLUSTER_SEED=[2111584377444976928]-HASH=[14406DE1E494B5C8]-cluster]}, ping_response{node [{node_t0}{UdumSPqySZq2FCkBl6pKIw}{127.0.0.1}{127.0.0.1:30210}[mode=>network]], id[437], master [null], hasJoinedOnce [false], cluster_name[TEST-CHILD_VM=[1]-CLUSTER_SEED=[2111584377444976928]-HASH=[14406DE1E494B5C8]-cluster]}, ping_response{node [{node_t3}{oczvfipLTr6a3WhOLDyYyg}{127.0.0.1}{127.0.0.1:30213}[mode=>network]], id[451], master [null], hasJoinedOnce [false], cluster_name[TEST-CHILD_VM=[1]-CLUSTER_SEED=[2111584377444976928]-HASH=[14406DE1E494B5C8]-cluster]}, ping_response{node [{node_t3}{oczvfipLTr6a3WhOLDyYyg}{127.0.0.1}{127.0.0.1:30213}[mode=>network]], id[452], master [null], hasJoinedOnce [false], cluster_name[TEST-CHILD_VM=[1]-CLUSTER_SEED=[2111584377444976928]-HASH=[14406DE1E494B5C8]-cluster]}]
[2016-03-29 17:31:37,967][TRACE][org.elasticsearch.discovery.zen.ping.unicast] [node_t3] [1] connected to {node_t0}{UdumSPqySZq2FCkBl6pKIw}{127.0.0.1}{127.0.0.1:30210}[mode=>network]
[2016-03-29 17:31:37,967][TRACE][org.elasticsearch.discovery.zen.ping.unicast] [node_t3] [1] received response from {#zen_unicast_1#}{127.0.0.1}{127.0.0.1:30210}: [ping_response{node [{node_t0}{UdumSPqySZq2FCkBl6pKIw}{127.0.0.1}{127.0.0.1:30210}[mode=>network]], id[425], master [null], hasJoinedOnce [false], cluster_name[TEST-CHILD_VM=[1]-CLUSTER_SEED=[2111584377444976928]-HASH=[14406DE1E494B5C8]-cluster]}, ping_response{node [{node_t0}{UdumSPqySZq2FCkBl6pKIw}{127.0.0.1}{127.0.0.1:30210}[mode=>network]], id[425], master [null], hasJoinedOnce [false], cluster_name[TEST-CHILD_VM=[1]-CLUSTER_SEED=[2111584377444976928]-HASH=[14406DE1E494B5C8]-cluster]}, ping_response{node [{node_t1}{7mM6N0_eQxyn28mYxCpKrw}{127.0.0.1}{127.0.0.1:30211}[mode=>network]], id[428], master [null], hasJoinedOnce [false], cluster_name[TEST-CHILD_VM=[1]-CLUSTER_SEED=[2111584377444976928]-HASH=[14406DE1E494B5C8]-cluster]}, ping_response{node [{node_t2}{OFXtVNaKRe6VL9NvBc3e0g}{127.0.0.1}{127.0.0.1:30212}[mode=>network]], id[431], master [null], hasJoinedOnce [false], cluster_name[TEST-CHILD_VM=[1]-CLUSTER_SEED=[2111584377444976928]-HASH=[14406DE1E494B5C8]-cluster]}, ping_response{node [{node_t3}{oczvfipLTr6a3WhOLDyYyg}{127.0.0.1}{127.0.0.1:30213}[mode=>network]], id[434], master [null], hasJoinedOnce [false], cluster_name[TEST-CHILD_VM=[1]-CLUSTER_SEED=[2111584377444976928]-HASH=[14406DE1E494B5C8]-cluster]}, ping_response{node [{node_t0}{UdumSPqySZq2FCkBl6pKIw}{127.0.0.1}{127.0.0.1:30210}[mode=>network]], id[437], master [null], hasJoinedOnce [false], cluster_name[TEST-CHILD_VM=[1]-CLUSTER_SEED=[2111584377444976928]-HASH=[14406DE1E494B5C8]-cluster]}, ping_response{node [{node_t0}{UdumSPqySZq2FCkBl6pKIw}{127.0.0.1}{127.0.0.1:30210}[mode=>network]], id[437], master [null], hasJoinedOnce [false], cluster_name[TEST-CHILD_VM=[1]-CLUSTER_SEED=[2111584377444976928]-HASH=[14406DE1E494B5C8]-cluster]}, ping_response{node [{node_t1}{7mM6N0_eQxyn28mYxCpKrw}{127.0.0.1}{127.0.0.1:30211}[mode=>network]], id[443], master [null], hasJoinedOnce [false], cluster_name[TEST-CHILD_VM=[1]-CLUSTER_SEED=[2111584377444976928]-HASH=[14406DE1E494B5C8]-cluster]}, ping_response{node [{node_t1}{7mM6N0_eQxyn28mYxCpKrw}{127.0.0.1}{127.0.0.1:30211}[mode=>network]], id[443], master [null], hasJoinedOnce [false], cluster_name[TEST-CHILD_VM=[1]-CLUSTER_SEED=[2111584377444976928]-HASH=[14406DE1E494B5C8]-cluster]}, ping_response{node [{node_t2}{OFXtVNaKRe6VL9NvBc3e0g}{127.0.0.1}{127.0.0.1:30212}[mode=>network]], id[447], master [null], hasJoinedOnce [false], cluster_name[TEST-CHILD_VM=[1]-CLUSTER_SEED=[2111584377444976928]-HASH=[14406DE1E494B5C8]-cluster]}, ping_response{node [{node_t2}{OFXtVNaKRe6VL9NvBc3e0g}{127.0.0.1}{127.0.0.1:30212}[mode=>network]], id[447], master [null], hasJoinedOnce [false], cluster_name[TEST-CHILD_VM=[1]-CLUSTER_SEED=[2111584377444976928]-HASH=[14406DE1E494B5C8]-cluster]}, ping_response{node [{node_t3}{oczvfipLTr6a3WhOLDyYyg}{127.0.0.1}{127.0.0.1:30213}[mode=>network]], id[451], master [null], hasJoinedOnce [false], cluster_name[TEST-CHILD_VM=[1]-CLUSTER_SEED=[2111584377444976928]-HASH=[14406DE1E494B5C8]-cluster]}, ping_response{node [{node_t0}{UdumSPqySZq2FCkBl6pKIw}{127.0.0.1}{127.0.0.1:30210}[mode=>network]], id[453], master [null], hasJoinedOnce [false], cluster_name[TEST-CHILD_VM=[1]-CLUSTER_SEED=[2111584377444976928]-HASH=[14406DE1E494B5C8]-cluster]}]
[2016-03-29 17:31:37,967][TRACE][org.elasticsearch.discovery.zen.ping.unicast] [node_t3] [1] sending to {#zen_unicast_2_UdumSPqySZq2FCkBl6pKIw#}{127.0.0.1}{127.0.0.1:30210}[mode=>network]
[2016-03-29 17:31:37,968][TRACE][org.elasticsearch.discovery.zen.ping.unicast] [node_t3] [1] received response from {#zen_unicast_2_UdumSPqySZq2FCkBl6pKIw#}{127.0.0.1}{127.0.0.1:30210}[mode=>network]: [ping_response{node [{node_t0}{UdumSPqySZq2FCkBl6pKIw}{127.0.0.1}{127.0.0.1:30210}[mode=>network]], id[425], master [null], hasJoinedOnce [false], cluster_name[TEST-CHILD_VM=[1]-CLUSTER_SEED=[2111584377444976928]-HASH=[14406DE1E494B5C8]-cluster]}, ping_response{node [{node_t0}{UdumSPqySZq2FCkBl6pKIw}{127.0.0.1}{127.0.0.1:30210}[mode=>network]], id[425], master [null], hasJoinedOnce [false], cluster_name[TEST-CHILD_VM=[1]-CLUSTER_SEED=[2111584377444976928]-HASH=[14406DE1E494B5C8]-cluster]}, ping_response{node [{node_t1}{7mM6N0_eQxyn28mYxCpKrw}{127.0.0.1}{127.0.0.1:30211}[mode=>network]], id[428], master [null], hasJoinedOnce [false], cluster_name[TEST-CHILD_VM=[1]-CLUSTER_SEED=[2111584377444976928]-HASH=[14406DE1E494B5C8]-cluster]}, ping_response{node [{node_t2}{OFXtVNaKRe6VL9NvBc3e0g}{127.0.0.1}{127.0.0.1:30212}[mode=>network]], id[431], master [null], hasJoinedOnce [false], cluster_name[TEST-CHILD_VM=[1]-CLUSTER_SEED=[2111584377444976928]-HASH=[14406DE1E494B5C8]-cluster]}, ping_response{node [{node_t3}{oczvfipLTr6a3WhOLDyYyg}{127.0.0.1}{127.0.0.1:30213}[mode=>network]], id[434], master [null], hasJoinedOnce [false], cluster_name[TEST-CHILD_VM=[1]-CLUSTER_SEED=[2111584377444976928]-HASH=[14406DE1E494B5C8]-cluster]}, ping_response{node [{node_t0}{UdumSPqySZq2FCkBl6pKIw}{127.0.0.1}{127.0.0.1:30210}[mode=>network]], id[437], master [null], hasJoinedOnce [false], cluster_name[TEST-CHILD_VM=[1]-CLUSTER_SEED=[2111584377444976928]-HASH=[14406DE1E494B5C8]-cluster]}, ping_response{node [{node_t0}{UdumSPqySZq2FCkBl6pKIw}{127.0.0.1}{127.0.0.1:30210}[mode=>network]], id[437], master [null], hasJoinedOnce [false], cluster_name[TEST-CHILD_VM=[1]-CLUSTER_SEED=[2111584377444976928]-HASH=[14406DE1E494B5C8]-cluster]}, ping_response{node [{node_t1}{7mM6N0_eQxyn28mYxCpKrw}{127.0.0.1}{127.0.0.1:30211}[mode=>network]], id[443], master [null], hasJoinedOnce [false], cluster_name[TEST-CHILD_VM=[1]-CLUSTER_SEED=[2111584377444976928]-HASH=[14406DE1E494B5C8]-cluster]}, ping_response{node [{node_t1}{7mM6N0_eQxyn28mYxCpKrw}{127.0.0.1}{127.0.0.1:30211}[mode=>network]], id[443], master [null], hasJoinedOnce [false], cluster_name[TEST-CHILD_VM=[1]-CLUSTER_SEED=[2111584377444976928]-HASH=[14406DE1E494B5C8]-cluster]}, ping_response{node [{node_t2}{OFXtVNaKRe6VL9NvBc3e0g}{127.0.0.1}{127.0.0.1:30212}[mode=>network]], id[447], master [null], hasJoinedOnce [false], cluster_name[TEST-CHILD_VM=[1]-CLUSTER_SEED=[2111584377444976928]-HASH=[14406DE1E494B5C8]-cluster]}, ping_response{node [{node_t2}{OFXtVNaKRe6VL9NvBc3e0g}{127.0.0.1}{127.0.0.1:30212}[mode=>network]], id[447], master [null], hasJoinedOnce [false], cluster_name[TEST-CHILD_VM=[1]-CLUSTER_SEED=[2111584377444976928]-HASH=[14406DE1E494B5C8]-cluster]}, ping_response{node [{node_t3}{oczvfipLTr6a3WhOLDyYyg}{127.0.0.1}{127.0.0.1:30213}[mode=>network]], id[451], master [null], hasJoinedOnce [false], cluster_name[TEST-CHILD_VM=[1]-CLUSTER_SEED=[2111584377444976928]-HASH=[14406DE1E494B5C8]-cluster]}, ping_response{node [{node_t3}{oczvfipLTr6a3WhOLDyYyg}{127.0.0.1}{127.0.0.1:30213}[mode=>network]], id[451], master [null], hasJoinedOnce [false], cluster_name[TEST-CHILD_VM=[1]-CLUSTER_SEED=[2111584377444976928]-HASH=[14406DE1E494B5C8]-cluster]}, ping_response{node [{node_t0}{UdumSPqySZq2FCkBl6pKIw}{127.0.0.1}{127.0.0.1:30210}[mode=>network]], id[454], master [null], hasJoinedOnce [false], cluster_name[TEST-CHILD_VM=[1]-CLUSTER_SEED=[2111584377444976928]-HASH=[14406DE1E494B5C8]-cluster]}]
[2016-03-29 17:31:39,297][TRACE][org.elasticsearch.discovery.zen.ping.unicast] [node_t0] [1] sending to {node_t0}{UdumSPqySZq2FCkBl6pKIw}{127.0.0.1}{127.0.0.1:30210}[mode=>network]
[2016-03-29 17:31:39,298][TRACE][org.elasticsearch.discovery.zen.ping.unicast] [node_t0] [1] received response from {node_t0}{UdumSPqySZq2FCkBl6pKIw}{127.0.0.1}{127.0.0.1:30210}[mode=>network]: [ping_response{node [{node_t0}{UdumSPqySZq2FCkBl6pKIw}{127.0.0.1}{127.0.0.1:30210}[mode=>network]], id[425], master [null], hasJoinedOnce [false], cluster_name[TEST-CHILD_VM=[1]-CLUSTER_SEED=[2111584377444976928]-HASH=[14406DE1E494B5C8]-cluster]}, ping_response{node [{node_t0}{UdumSPqySZq2FCkBl6pKIw}{127.0.0.1}{127.0.0.1:30210}[mode=>network]], id[425], master [null], hasJoinedOnce [false], cluster_name[TEST-CHILD_VM=[1]-CLUSTER_SEED=[2111584377444976928]-HASH=[14406DE1E494B5C8]-cluster]}, ping_response{node [{node_t1}{7mM6N0_eQxyn28mYxCpKrw}{127.0.0.1}{127.0.0.1:30211}[mode=>network]], id[428], master [null], hasJoinedOnce [false], cluster_name[TEST-CHILD_VM=[1]-CLUSTER_SEED=[2111584377444976928]-HASH=[14406DE1E494B5C8]-cluster]}, ping_response{node [{node_t2}{OFXtVNaKRe6VL9NvBc3e0g}{127.0.0.1}{127.0.0.1:30212}[mode=>network]], id[431], master [null], hasJoinedOnce [false], cluster_name[TEST-CHILD_VM=[1]-CLUSTER_SEED=[2111584377444976928]-HASH=[14406DE1E494B5C8]-cluster]}, ping_response{node [{node_t3}{oczvfipLTr6a3WhOLDyYyg}{127.0.0.1}{127.0.0.1:30213}[mode=>network]], id[434], master [null], hasJoinedOnce [false], cluster_name[TEST-CHILD_VM=[1]-CLUSTER_SEED=[2111584377444976928]-HASH=[14406DE1E494B5C8]-cluster]}, ping_response{node [{node_t0}{UdumSPqySZq2FCkBl6pKIw}{127.0.0.1}{127.0.0.1:30210}[mode=>network]], id[437], master [null], hasJoinedOnce [false], cluster_name[TEST-CHILD_VM=[1]-CLUSTER_SEED=[2111584377444976928]-HASH=[14406DE1E494B5C8]-cluster]}, ping_response{node [{node_t0}{UdumSPqySZq2FCkBl6pKIw}{127.0.0.1}{127.0.0.1:30210}[mode=>network]], id[437], master [null], hasJoinedOnce [false], cluster_name[TEST-CHILD_VM=[1]-CLUSTER_SEED=[2111584377444976928]-HASH=[14406DE1E494B5C8]-cluster]}, ping_response{node [{node_t1}{7mM6N0_eQxyn28mYxCpKrw}{127.0.0.1}{127.0.0.1:30211}[mode=>network]], id[443], master [null], hasJoinedOnce [false], cluster_name[TEST-CHILD_VM=[1]-CLUSTER_SEED=[2111584377444976928]-HASH=[14406DE1E494B5C8]-cluster]}, ping_response{node [{node_t1}{7mM6N0_eQxyn28mYxCpKrw}{127.0.0.1}{127.0.0.1:30211}[mode=>network]], id[443], master [null], hasJoinedOnce [false], cluster_name[TEST-CHILD_VM=[1]-CLUSTER_SEED=[2111584377444976928]-HASH=[14406DE1E494B5C8]-cluster]}, ping_response{node [{node_t2}{OFXtVNaKRe6VL9NvBc3e0g}{127.0.0.1}{127.0.0.1:30212}[mode=>network]], id[447], master [null], hasJoinedOnce [false], cluster_name[TEST-CHILD_VM=[1]-CLUSTER_SEED=[2111584377444976928]-HASH=[14406DE1E494B5C8]-cluster]}, ping_response{node [{node_t2}{OFXtVNaKRe6VL9NvBc3e0g}{127.0.0.1}{127.0.0.1:30212}[mode=>network]], id[447], master [null], hasJoinedOnce [false], cluster_name[TEST-CHILD_VM=[1]-CLUSTER_SEED=[2111584377444976928]-HASH=[14406DE1E494B5C8]-cluster]}, ping_response{node [{node_t3}{oczvfipLTr6a3WhOLDyYyg}{127.0.0.1}{127.0.0.1:30213}[mode=>network]], id[451], master [null], hasJoinedOnce [false], cluster_name[TEST-CHILD_VM=[1]-CLUSTER_SEED=[2111584377444976928]-HASH=[14406DE1E494B5C8]-cluster]}, ping_response{node [{node_t3}{oczvfipLTr6a3WhOLDyYyg}{127.0.0.1}{127.0.0.1:30213}[mode=>network]], id[451], master [null], hasJoinedOnce [false], cluster_name[TEST-CHILD_VM=[1]-CLUSTER_SEED=[2111584377444976928]-HASH=[14406DE1E494B5C8]-cluster]}, ping_response{node [{node_t0}{UdumSPqySZq2FCkBl6pKIw}{127.0.0.1}{127.0.0.1:30210}[mode=>network]], id[455], master [null], hasJoinedOnce [false], cluster_name[TEST-CHILD_VM=[1]-CLUSTER_SEED=[2111584377444976928]-HASH=[14406DE1E494B5C8]-cluster]}, ping_response{node [{node_t0}{UdumSPqySZq2FCkBl6pKIw}{127.0.0.1}{127.0.0.1:30210}[mode=>network]], id[456], master [null], hasJoinedOnce [false], cluster_name[TEST-CHILD_VM=[1]-CLUSTER_SEED=[2111584377444976928]-HASH=[14406DE1E494B5C8]-cluster]}]
[2016-03-29 17:31:39,298][TRACE][org.elasticsearch.discovery.zen.ping.unicast] [node_t0] replacing {node_t1}{7mM6N0_eQxyn28mYxCpKrw}{127.0.0.1}{127.0.0.1:30211}[mode=>network] with temp node {#zen_unicast_5_7mM6N0_eQxyn28mYxCpKrw#}{127.0.0.1}{127.0.0.1:30211}[mode=>network]
[2016-03-29 17:31:39,298][TRACE][org.elasticsearch.discovery.zen.ping.unicast] [node_t0] replacing {node_t2}{OFXtVNaKRe6VL9NvBc3e0g}{127.0.0.1}{127.0.0.1:30212}[mode=>network] with temp node {#zen_unicast_6_OFXtVNaKRe6VL9NvBc3e0g#}{127.0.0.1}{127.0.0.1:30212}[mode=>network]
[2016-03-29 17:31:39,298][TRACE][org.elasticsearch.discovery.zen.ping.unicast] [node_t0] [1] connecting (light) to {#zen_unicast_5_7mM6N0_eQxyn28mYxCpKrw#}{127.0.0.1}{127.0.0.1:30211}[mode=>network]
[2016-03-29 17:31:39,299][TRACE][org.elasticsearch.discovery.zen.ping.unicast] [node_t0] [1] sending to {node_t0}{UdumSPqySZq2FCkBl6pKIw}{127.0.0.1}{127.0.0.1:30210}[mode=>network]
[2016-03-29 17:31:39,299][TRACE][org.elasticsearch.discovery.zen.ping.unicast] [node_t0] [1] connecting (light) to {#zen_unicast_6_OFXtVNaKRe6VL9NvBc3e0g#}{127.0.0.1}{127.0.0.1:30212}[mode=>network]
[2016-03-29 17:31:39,299][TRACE][org.elasticsearch.discovery.zen.ping.unicast] [node_t0] [1] received response from {node_t0}{UdumSPqySZq2FCkBl6pKIw}{127.0.0.1}{127.0.0.1:30210}[mode=>network]: [ping_response{node [{node_t0}{UdumSPqySZq2FCkBl6pKIw}{127.0.0.1}{127.0.0.1:30210}[mode=>network]], id[425], master [null], hasJoinedOnce [false], cluster_name[TEST-CHILD_VM=[1]-CLUSTER_SEED=[2111584377444976928]-HASH=[14406DE1E494B5C8]-cluster]}, ping_response{node [{node_t0}{UdumSPqySZq2FCkBl6pKIw}{127.0.0.1}{127.0.0.1:30210}[mode=>network]], id[425], master [null], hasJoinedOnce [false], cluster_name[TEST-CHILD_VM=[1]-CLUSTER_SEED=[2111584377444976928]-HASH=[14406DE1E494B5C8]-cluster]}, ping_response{node [{node_t1}{7mM6N0_eQxyn28mYxCpKrw}{127.0.0.1}{127.0.0.1:30211}[mode=>network]], id[428], master [null], hasJoinedOnce [false], cluster_name[TEST-CHILD_VM=[1]-CLUSTER_SEED=[2111584377444976928]-HASH=[14406DE1E494B5C8]-cluster]}, ping_response{node [{node_t2}{OFXtVNaKRe6VL9NvBc3e0g}{127.0.0.1}{127.0.0.1:30212}[mode=>network]], id[431], master [null], hasJoinedOnce [false], cluster_name[TEST-CHILD_VM=[1]-CLUSTER_SEED=[2111584377444976928]-HASH=[14406DE1E494B5C8]-cluster]}, ping_response{node [{node_t3}{oczvfipLTr6a3WhOLDyYyg}{127.0.0.1}{127.0.0.1:30213}[mode=>network]], id[434], master [null], hasJoinedOnce [false], cluster_name[TEST-CHILD_VM=[1]-CLUSTER_SEED=[2111584377444976928]-HASH=[14406DE1E494B5C8]-cluster]}, ping_response{node [{node_t0}{UdumSPqySZq2FCkBl6pKIw}{127.0.0.1}{127.0.0.1:30210}[mode=>network]], id[437], master [null], hasJoinedOnce [false], cluster_name[TEST-CHILD_VM=[1]-CLUSTER_SEED=[2111584377444976928]-HASH=[14406DE1E494B5C8]-cluster]}, ping_response{node [{node_t0}{UdumSPqySZq2FCkBl6pKIw}{127.0.0.1}{127.0.0.1:30210}[mode=>network]], id[437], master [null], hasJoinedOnce [false], cluster_name[TEST-CHILD_VM=[1]-CLUSTER_SEED=[2111584377444976928]-HASH=[14406DE1E494B5C8]-cluster]}, ping_response{node [{node_t1}{7mM6N0_eQxyn28mYxCpKrw}{127.0.0.1}{127.0.0.1:30211}[mode=>network]], id[443], master [null], hasJoinedOnce [false], cluster_name[TEST-CHILD_VM=[1]-CLUSTER_SEED=[2111584377444976928]-HASH=[14406DE1E494B5C8]-cluster]}, ping_response{node [{node_t1}{7mM6N0_eQxyn28mYxCpKrw}{127.0.0.1}{127.0.0.1:30211}[mode=>network]], id[443], master [null], hasJoinedOnce [false], cluster_name[TEST-CHILD_VM=[1]-CLUSTER_SEED=[2111584377444976928]-HASH=[14406DE1E494B5C8]-cluster]}, ping_response{node [{node_t2}{OFXtVNaKRe6VL9NvBc3e0g}{127.0.0.1}{127.0.0.1:30212}[mode=>network]], id[447], master [null], hasJoinedOnce [false], cluster_name[TEST-CHILD_VM=[1]-CLUSTER_SEED=[2111584377444976928]-HASH=[14406DE1E494B5C8]-cluster]}, ping_response{node [{node_t2}{OFXtVNaKRe6VL9NvBc3e0g}{127.0.0.1}{127.0.0.1:30212}[mode=>network]], id[447], master [null], hasJoinedOnce [false], cluster_name[TEST-CHILD_VM=[1]-CLUSTER_SEED=[2111584377444976928]-HASH=[14406DE1E494B5C8]-cluster]}, ping_response{node [{node_t3}{oczvfipLTr6a3WhOLDyYyg}{127.0.0.1}{127.0.0.1:30213}[mode=>network]], id[451], master [null], hasJoinedOnce [false], cluster_name[TEST-CHILD_VM=[1]-CLUSTER_SEED=[2111584377444976928]-HASH=[14406DE1E494B5C8]-cluster]}, ping_response{node [{node_t3}{oczvfipLTr6a3WhOLDyYyg}{127.0.0.1}{127.0.0.1:30213}[mode=>network]], id[451], master [null], hasJoinedOnce [false], cluster_name[TEST-CHILD_VM=[1]-CLUSTER_SEED=[2111584377444976928]-HASH=[14406DE1E494B5C8]-cluster]}, ping_response{node [{node_t0}{UdumSPqySZq2FCkBl6pKIw}{127.0.0.1}{127.0.0.1:30210}[mode=>network]], id[455], master [null], hasJoinedOnce [false], cluster_name[TEST-CHILD_VM=[1]-CLUSTER_SEED=[2111584377444976928]-HASH=[14406DE1E494B5C8]-cluster]}, ping_response{node [{node_t0}{UdumSPqySZq2FCkBl6pKIw}{127.0.0.1}{127.0.0.1:30210}[mode=>network]], id[455], master [null], hasJoinedOnce [false], cluster_name[TEST-CHILD_VM=[1]-CLUSTER_SEED=[2111584377444976928]-HASH=[14406DE1E494B5C8]-cluster]}, ping_response{node [{node_t0}{UdumSPqySZq2FCkBl6pKIw}{127.0.0.1}{127.0.0.1:30210}[mode=>network]], id[457], master [null], hasJoinedOnce [false], cluster_name[TEST-CHILD_VM=[1]-CLUSTER_SEED=[2111584377444976928]-HASH=[14406DE1E494B5C8]-cluster]}]
[2016-03-29 17:31:39,299][TRACE][org.elasticsearch.discovery.zen.ping.unicast] [node_t0] replacing {node_t3}{oczvfipLTr6a3WhOLDyYyg}{127.0.0.1}{127.0.0.1:30213}[mode=>network] with temp node {#zen_unicast_7_oczvfipLTr6a3WhOLDyYyg#}{127.0.0.1}{127.0.0.1:30213}[mode=>network]
[2016-03-29 17:31:39,299][TRACE][org.elasticsearch.discovery.zen.ping.unicast] [node_t0] [1] connecting (light) to {#zen_unicast_7_oczvfipLTr6a3WhOLDyYyg#}{127.0.0.1}{127.0.0.1:30213}[mode=>network]
[2016-03-29 17:31:39,300][TRACE][org.elasticsearch.discovery.zen.ping.unicast] [node_t0] [1] connected to {node_t2}{OFXtVNaKRe6VL9NvBc3e0g}{127.0.0.1}{127.0.0.1:30212}[mode=>network]
[2016-03-29 17:31:39,300][TRACE][org.elasticsearch.discovery.zen.ping.unicast] [node_t0] [1] sending to {#zen_unicast_6_OFXtVNaKRe6VL9NvBc3e0g#}{127.0.0.1}{127.0.0.1:30212}[mode=>network]
[2016-03-29 17:31:39,300][TRACE][org.elasticsearch.discovery.zen.ping.unicast] [node_t0] [1] connected to {node_t1}{7mM6N0_eQxyn28mYxCpKrw}{127.0.0.1}{127.0.0.1:30211}[mode=>network]
[2016-03-29 17:31:39,300][TRACE][org.elasticsearch.discovery.zen.ping.unicast] [node_t0] [1] sending to {#zen_unicast_5_7mM6N0_eQxyn28mYxCpKrw#}{127.0.0.1}{127.0.0.1:30211}[mode=>network]
[2016-03-29 17:31:39,300][TRACE][org.elasticsearch.discovery.zen.ping.unicast] [node_t0] [1] connected to {node_t3}{oczvfipLTr6a3WhOLDyYyg}{127.0.0.1}{127.0.0.1:30213}[mode=>network]
[2016-03-29 17:31:39,300][TRACE][org.elasticsearch.discovery.zen.ping.unicast] [node_t0] [1] sending to {#zen_unicast_7_oczvfipLTr6a3WhOLDyYyg#}{127.0.0.1}{127.0.0.1:30213}[mode=>network]
[2016-03-29 17:31:39,301][TRACE][org.elasticsearch.discovery.zen.ping.unicast] [node_t0] [1] received response from {#zen_unicast_6_OFXtVNaKRe6VL9NvBc3e0g#}{127.0.0.1}{127.0.0.1:30212}[mode=>network]: [ping_response{node [{node_t2}{OFXtVNaKRe6VL9NvBc3e0g}{127.0.0.1}{127.0.0.1:30212}[mode=>network]], id[431], master [null], hasJoinedOnce [false], cluster_name[TEST-CHILD_VM=[1]-CLUSTER_SEED=[2111584377444976928]-HASH=[14406DE1E494B5C8]-cluster]}, ping_response{node [{node_t0}{UdumSPqySZq2FCkBl6pKIw}{127.0.0.1}{127.0.0.1:30210}[mode=>network]], id[437], master [null], hasJoinedOnce [false], cluster_name[TEST-CHILD_VM=[1]-CLUSTER_SEED=[2111584377444976928]-HASH=[14406DE1E494B5C8]-cluster]}, ping_response{node [{node_t2}{OFXtVNaKRe6VL9NvBc3e0g}{127.0.0.1}{127.0.0.1:30212}[mode=>network]], id[447], master [null], hasJoinedOnce [false], cluster_name[TEST-CHILD_VM=[1]-CLUSTER_SEED=[2111584377444976928]-HASH=[14406DE1E494B5C8]-cluster]}, ping_response{node [{node_t0}{UdumSPqySZq2FCkBl6pKIw}{127.0.0.1}{127.0.0.1:30210}[mode=>network]], id[455], master [null], hasJoinedOnce [false], cluster_name[TEST-CHILD_VM=[1]-CLUSTER_SEED=[2111584377444976928]-HASH=[14406DE1E494B5C8]-cluster]}, ping_response{node [{node_t2}{OFXtVNaKRe6VL9NvBc3e0g}{127.0.0.1}{127.0.0.1:30212}[mode=>network]], id[459], master [null], hasJoinedOnce [false], cluster_name[TEST-CHILD_VM=[1]-CLUSTER_SEED=[2111584377444976928]-HASH=[14406DE1E494B5C8]-cluster]}]
[2016-03-29 17:31:39,301][TRACE][org.elasticsearch.discovery.zen.ping.unicast] [node_t0] [1] received response from {#zen_unicast_7_oczvfipLTr6a3WhOLDyYyg#}{127.0.0.1}{127.0.0.1:30213}[mode=>network]: [ping_response{node [{node_t3}{oczvfipLTr6a3WhOLDyYyg}{127.0.0.1}{127.0.0.1:30213}[mode=>network]], id[434], master [null], hasJoinedOnce [false], cluster_name[TEST-CHILD_VM=[1]-CLUSTER_SEED=[2111584377444976928]-HASH=[14406DE1E494B5C8]-cluster]}, ping_response{node [{node_t0}{UdumSPqySZq2FCkBl6pKIw}{127.0.0.1}{127.0.0.1:30210}[mode=>network]], id[437], master [null], hasJoinedOnce [false], cluster_name[TEST-CHILD_VM=[1]-CLUSTER_SEED=[2111584377444976928]-HASH=[14406DE1E494B5C8]-cluster]}, ping_response{node [{node_t3}{oczvfipLTr6a3WhOLDyYyg}{127.0.0.1}{127.0.0.1:30213}[mode=>network]], id[451], master [null], hasJoinedOnce [false], cluster_name[TEST-CHILD_VM=[1]-CLUSTER_SEED=[2111584377444976928]-HASH=[14406DE1E494B5C8]-cluster]}, ping_response{node [{node_t0}{UdumSPqySZq2FCkBl6pKIw}{127.0.0.1}{127.0.0.1:30210}[mode=>network]], id[455], master [null], hasJoinedOnce [false], cluster_name[TEST-CHILD_VM=[1]-CLUSTER_SEED=[2111584377444976928]-HASH=[14406DE1E494B5C8]-cluster]}, ping_response{node [{node_t3}{oczvfipLTr6a3WhOLDyYyg}{127.0.0.1}{127.0.0.1:30213}[mode=>network]], id[460], master [null], hasJoinedOnce [false], cluster_name[TEST-CHILD_VM=[1]-CLUSTER_SEED=[2111584377444976928]-HASH=[14406DE1E494B5C8]-cluster]}]
[2016-03-29 17:31:39,301][TRACE][org.elasticsearch.discovery.zen.ping.unicast] [node_t0] [1] received response from {#zen_unicast_5_7mM6N0_eQxyn28mYxCpKrw#}{127.0.0.1}{127.0.0.1:30211}[mode=>network]: [ping_response{node [{node_t1}{7mM6N0_eQxyn28mYxCpKrw}{127.0.0.1}{127.0.0.1:30211}[mode=>network]], id[428], master [null], hasJoinedOnce [false], cluster_name[TEST-CHILD_VM=[1]-CLUSTER_SEED=[2111584377444976928]-HASH=[14406DE1E494B5C8]-cluster]}, ping_response{node [{node_t0}{UdumSPqySZq2FCkBl6pKIw}{127.0.0.1}{127.0.0.1:30210}[mode=>network]], id[437], master [null], hasJoinedOnce [false], cluster_name[TEST-CHILD_VM=[1]-CLUSTER_SEED=[2111584377444976928]-HASH=[14406DE1E494B5C8]-cluster]}, ping_response{node [{node_t1}{7mM6N0_eQxyn28mYxCpKrw}{127.0.0.1}{127.0.0.1:30211}[mode=>network]], id[443], master [null], hasJoinedOnce [false], cluster_name[TEST-CHILD_VM=[1]-CLUSTER_SEED=[2111584377444976928]-HASH=[14406DE1E494B5C8]-cluster]}, ping_response{node [{node_t0}{UdumSPqySZq2FCkBl6pKIw}{127.0.0.1}{127.0.0.1:30210}[mode=>network]], id[455], master [null], hasJoinedOnce [false], cluster_name[TEST-CHILD_VM=[1]-CLUSTER_SEED=[2111584377444976928]-HASH=[14406DE1E494B5C8]-cluster]}, ping_response{node [{node_t1}{7mM6N0_eQxyn28mYxCpKrw}{127.0.0.1}{127.0.0.1:30211}[mode=>network]], id[458], master [null], hasJoinedOnce [false], cluster_name[TEST-CHILD_VM=[1]-CLUSTER_SEED=[2111584377444976928]-HASH=[14406DE1E494B5C8]-cluster]}]
[2016-03-29 17:31:39,302][TRACE][org.elasticsearch.discovery.zen.ping.unicast] [node_t0] [1] disconnecting from {#zen_unicast_7_oczvfipLTr6a3WhOLDyYyg#}{127.0.0.1}{127.0.0.1:30213}[mode=>network]
[2016-03-29 17:31:39,304][TRACE][org.elasticsearch.discovery.zen] [node_t0] full ping responses:
	--> ping_response{node [{node_t1}{7mM6N0_eQxyn28mYxCpKrw}{127.0.0.1}{127.0.0.1:30211}[mode=>network]], id[458], master [null], hasJoinedOnce [false], cluster_name[TEST-CHILD_VM=[1]-CLUSTER_SEED=[2111584377444976928]-HASH=[14406DE1E494B5C8]-cluster]}
	--> ping_response{node [{node_t3}{oczvfipLTr6a3WhOLDyYyg}{127.0.0.1}{127.0.0.1:30213}[mode=>network]], id[460], master [null], hasJoinedOnce [false], cluster_name[TEST-CHILD_VM=[1]-CLUSTER_SEED=[2111584377444976928]-HASH=[14406DE1E494B5C8]-cluster]}
	--> ping_response{node [{node_t2}{OFXtVNaKRe6VL9NvBc3e0g}{127.0.0.1}{127.0.0.1:30212}[mode=>network]], id[459], master [null], hasJoinedOnce [false], cluster_name[TEST-CHILD_VM=[1]-CLUSTER_SEED=[2111584377444976928]-HASH=[14406DE1E494B5C8]-cluster]}
[2016-03-29 17:31:39,304][TRACE][org.elasticsearch.discovery.zen.ping.unicast] [node_t0] [1] disconnecting from {#zen_unicast_3_OFXtVNaKRe6VL9NvBc3e0g#}{127.0.0.1}{127.0.0.1:30212}[mode=>network]
[2016-03-29 17:31:39,304][DEBUG][org.elasticsearch.discovery.zen] [node_t0] filtered ping responses: (filter_client[true], filter_data[false])
	--> ping_response{node [{node_t1}{7mM6N0_eQxyn28mYxCpKrw}{127.0.0.1}{127.0.0.1:30211}[mode=>network]], id[458], master [null], hasJoinedOnce [false], cluster_name[TEST-CHILD_VM=[1]-CLUSTER_SEED=[2111584377444976928]-HASH=[14406DE1E494B5C8]-cluster]}
	--> ping_response{node [{node_t3}{oczvfipLTr6a3WhOLDyYyg}{127.0.0.1}{127.0.0.1:30213}[mode=>network]], id[460], master [null], hasJoinedOnce [false], cluster_name[TEST-CHILD_VM=[1]-CLUSTER_SEED=[2111584377444976928]-HASH=[14406DE1E494B5C8]-cluster]}
	--> ping_response{node [{node_t2}{OFXtVNaKRe6VL9NvBc3e0g}{127.0.0.1}{127.0.0.1:30212}[mode=>network]], id[459], master [null], hasJoinedOnce [false], cluster_name[TEST-CHILD_VM=[1]-CLUSTER_SEED=[2111584377444976928]-HASH=[14406DE1E494B5C8]-cluster]}
[2016-03-29 17:31:39,305][TRACE][org.elasticsearch.discovery.zen.ping.unicast] [node_t0] [1] disconnecting from {#zen_unicast_4_oczvfipLTr6a3WhOLDyYyg#}{127.0.0.1}{127.0.0.1:30213}[mode=>network]
[2016-03-29 17:31:39,305][TRACE][org.elasticsearch.discovery.zen] [node_t0] stopping join accumulation ([not master])
[2016-03-29 17:31:39,305][TRACE][org.elasticsearch.discovery.zen.ping.unicast] [node_t0] [1] disconnecting from {#zen_unicast_6_OFXtVNaKRe6VL9NvBc3e0g#}{127.0.0.1}{127.0.0.1:30212}[mode=>network]
[2016-03-29 17:31:39,306][TRACE][org.elasticsearch.discovery.zen.ping.unicast] [node_t0] [1] disconnecting from {#zen_unicast_5_7mM6N0_eQxyn28mYxCpKrw#}{127.0.0.1}{127.0.0.1:30211}[mode=>network]
[2016-03-29 17:31:39,306][TRACE][org.elasticsearch.discovery.zen.ping.unicast] [node_t0] [1] disconnecting from {#zen_unicast_2_7mM6N0_eQxyn28mYxCpKrw#}{127.0.0.1}{127.0.0.1:30211}[mode=>network]
[2016-03-29 17:31:39,307][TRACE][org.elasticsearch.discovery.zen] [node_t0] joining master {node_t1}{7mM6N0_eQxyn28mYxCpKrw}{127.0.0.1}{127.0.0.1:30211}[mode=>network]
[2016-03-29 17:31:39,355][TRACE][org.elasticsearch.discovery.zen.ping.unicast] [node_t1] [1] sending to {#zen_unicast_1#}{127.0.0.1}{127.0.0.1:30210}
[2016-03-29 17:31:39,355][TRACE][org.elasticsearch.discovery.zen.ping.unicast] [node_t1] [1] sending to {node_t1}{7mM6N0_eQxyn28mYxCpKrw}{127.0.0.1}{127.0.0.1:30211}[mode=>network]
[2016-03-29 17:31:39,355][TRACE][org.elasticsearch.discovery.zen.ping.unicast] [node_t1] [1] received response from {node_t1}{7mM6N0_eQxyn28mYxCpKrw}{127.0.0.1}{127.0.0.1:30211}[mode=>network]: [ping_response{node [{node_t1}{7mM6N0_eQxyn28mYxCpKrw}{127.0.0.1}{127.0.0.1:30211}[mode=>network]], id[428], master [null], hasJoinedOnce [false], cluster_name[TEST-CHILD_VM=[1]-CLUSTER_SEED=[2111584377444976928]-HASH=[14406DE1E494B5C8]-cluster]}, ping_response{node [{node_t0}{UdumSPqySZq2FCkBl6pKIw}{127.0.0.1}{127.0.0.1:30210}[mode=>network]], id[437], master [null], hasJoinedOnce [false], cluster_name[TEST-CHILD_VM=[1]-CLUSTER_SEED=[2111584377444976928]-HASH=[14406DE1E494B5C8]-cluster]}, ping_response{node [{node_t1}{7mM6N0_eQxyn28mYxCpKrw}{127.0.0.1}{127.0.0.1:30211}[mode=>network]], id[443], master [null], hasJoinedOnce [false], cluster_name[TEST-CHILD_VM=[1]-CLUSTER_SEED=[2111584377444976928]-HASH=[14406DE1E494B5C8]-cluster]}, ping_response{node [{node_t0}{UdumSPqySZq2FCkBl6pKIw}{127.0.0.1}{127.0.0.1:30210}[mode=>network]], id[455], master [null], hasJoinedOnce [false], cluster_name[TEST-CHILD_VM=[1]-CLUSTER_SEED=[2111584377444976928]-HASH=[14406DE1E494B5C8]-cluster]}, ping_response{node [{node_t1}{7mM6N0_eQxyn28mYxCpKrw}{127.0.0.1}{127.0.0.1:30211}[mode=>network]], id[461], master [null], hasJoinedOnce [false], cluster_name[TEST-CHILD_VM=[1]-CLUSTER_SEED=[2111584377444976928]-HASH=[14406DE1E494B5C8]-cluster]}, ping_response{node [{node_t1}{7mM6N0_eQxyn28mYxCpKrw}{127.0.0.1}{127.0.0.1:30211}[mode=>network]], id[462], master [null], hasJoinedOnce [false], cluster_name[TEST-CHILD_VM=[1]-CLUSTER_SEED=[2111584377444976928]-HASH=[14406DE1E494B5C8]-cluster]}]
[2016-03-29 17:31:39,355][TRACE][org.elasticsearch.discovery.zen.ping.unicast] [node_t1] [1] sending to {node_t0}{UdumSPqySZq2FCkBl6pKIw}{127.0.0.1}{127.0.0.1:30210}[mode=>network]
[2016-03-29 17:31:39,355][TRACE][org.elasticsearch.discovery.zen.ping.unicast] [node_t1] [1] received response from {#zen_unicast_1#}{127.0.0.1}{127.0.0.1:30210}: [ping_response{node [{node_t0}{UdumSPqySZq2FCkBl6pKIw}{127.0.0.1}{127.0.0.1:30210}[mode=>network]], id[425], master [null], hasJoinedOnce [false], cluster_name[TEST-CHILD_VM=[1]-CLUSTER_SEED=[2111584377444976928]-HASH=[14406DE1E494B5C8]-cluster]}, ping_response{node [{node_t0}{UdumSPqySZq2FCkBl6pKIw}{127.0.0.1}{127.0.0.1:30210}[mode=>network]], id[425], master [null], hasJoinedOnce [false], cluster_name[TEST-CHILD_VM=[1]-CLUSTER_SEED=[2111584377444976928]-HASH=[14406DE1E494B5C8]-cluster]}, ping_response{node [{node_t1}{7mM6N0_eQxyn28mYxCpKrw}{127.0.0.1}{127.0.0.1:30211}[mode=>network]], id[428], master [null], hasJoinedOnce [false], cluster_name[TEST-CHILD_VM=[1]-CLUSTER_SEED=[2111584377444976928]-HASH=[14406DE1E494B5C8]-cluster]}, ping_response{node [{node_t2}{OFXtVNaKRe6VL9NvBc3e0g}{127.0.0.1}{127.0.0.1:30212}[mode=>network]], id[431], master [null], hasJoinedOnce [false], cluster_name[TEST-CHILD_VM=[1]-CLUSTER_SEED=[2111584377444976928]-HASH=[14406DE1E494B5C8]-cluster]}, ping_response{node [{node_t3}{oczvfipLTr6a3WhOLDyYyg}{127.0.0.1}{127.0.0.1:30213}[mode=>network]], id[434], master [null], hasJoinedOnce [false], cluster_name[TEST-CHILD_VM=[1]-CLUSTER_SEED=[2111584377444976928]-HASH=[14406DE1E494B5C8]-cluster]}, ping_response{node [{node_t0}{UdumSPqySZq2FCkBl6pKIw}{127.0.0.1}{127.0.0.1:30210}[mode=>network]], id[437], master [null], hasJoinedOnce [false], cluster_name[TEST-CHILD_VM=[1]-CLUSTER_SEED=[2111584377444976928]-HASH=[14406DE1E494B5C8]-cluster]}, ping_response{node [{node_t0}{UdumSPqySZq2FCkBl6pKIw}{127.0.0.1}{127.0.0.1:30210}[mode=>network]], id[437], master [null], hasJoinedOnce [false], cluster_name[TEST-CHILD_VM=[1]-CLUSTER_SEED=[2111584377444976928]-HASH=[14406DE1E494B5C8]-cluster]}, ping_response{node [{node_t1}{7mM6N0_eQxyn28mYxCpKrw}{127.0.0.1}{127.0.0.1:30211}[mode=>network]], id[443], master [null], hasJoinedOnce [false], cluster_name[TEST-CHILD_VM=[1]-CLUSTER_SEED=[2111584377444976928]-HASH=[14406DE1E494B5C8]-cluster]}, ping_response{node [{node_t1}{7mM6N0_eQxyn28mYxCpKrw}{127.0.0.1}{127.0.0.1:30211}[mode=>network]], id[443], master [null], hasJoinedOnce [false], cluster_name[TEST-CHILD_VM=[1]-CLUSTER_SEED=[2111584377444976928]-HASH=[14406DE1E494B5C8]-cluster]}, ping_response{node [{node_t2}{OFXtVNaKRe6VL9NvBc3e0g}{127.0.0.1}{127.0.0.1:30212}[mode=>network]], id[447], master [null], hasJoinedOnce [false], cluster_name[TEST-CHILD_VM=[1]-CLUSTER_SEED=[2111584377444976928]-HASH=[14406DE1E494B5C8]-cluster]}, ping_response{node [{node_t2}{OFXtVNaKRe6VL9NvBc3e0g}{127.0.0.1}{127.0.0.1:30212}[mode=>network]], id[447], master [null], hasJoinedOnce [false], cluster_name[TEST-CHILD_VM=[1]-CLUSTER_SEED=[2111584377444976928]-HASH=[14406DE1E494B5C8]-cluster]}, ping_response{node [{node_t3}{oczvfipLTr6a3WhOLDyYyg}{127.0.0.1}{127.0.0.1:30213}[mode=>network]], id[451], master [null], hasJoinedOnce [false], cluster_name[TEST-CHILD_VM=[1]-CLUSTER_SEED=[2111584377444976928]-HASH=[14406DE1E494B5C8]-cluster]}, ping_response{node [{node_t3}{oczvfipLTr6a3WhOLDyYyg}{127.0.0.1}{127.0.0.1:30213}[mode=>network]], id[451], master [null], hasJoinedOnce [false], cluster_name[TEST-CHILD_VM=[1]-CLUSTER_SEED=[2111584377444976928]-HASH=[14406DE1E494B5C8]-cluster]}, ping_response{node [{node_t0}{UdumSPqySZq2FCkBl6pKIw}{127.0.0.1}{127.0.0.1:30210}[mode=>network]], id[455], master [null], hasJoinedOnce [false], cluster_name[TEST-CHILD_VM=[1]-CLUSTER_SEED=[2111584377444976928]-HASH=[14406DE1E494B5C8]-cluster]}, ping_response{node [{node_t0}{UdumSPqySZq2FCkBl6pKIw}{127.0.0.1}{127.0.0.1:30210}[mode=>network]], id[455], master [null], hasJoinedOnce [false], cluster_name[TEST-CHILD_VM=[1]-CLUSTER_SEED=[2111584377444976928]-HASH=[14406DE1E494B5C8]-cluster]}, ping_response{node [{node_t1}{7mM6N0_eQxyn28mYxCpKrw}{127.0.0.1}{127.0.0.1:30211}[mode=>network]], id[461], master [null], hasJoinedOnce [false], cluster_name[TEST-CHILD_VM=[1]-CLUSTER_SEED=[2111584377444976928]-HASH=[14406DE1E494B5C8]-cluster]}, ping_response{node [{node_t0}{UdumSPqySZq2FCkBl6pKIw}{127.0.0.1}{127.0.0.1:30210}[mode=>network]], id[463], master [null], hasJoinedOnce [false], cluster_name[TEST-CHILD_VM=[1]-CLUSTER_SEED=[2111584377444976928]-HASH=[14406DE1E494B5C8]-cluster]}]
[2016-03-29 17:31:39,356][TRACE][org.elasticsearch.discovery.zen.ping.unicast] [node_t1] [1] received response from {node_t0}{UdumSPqySZq2FCkBl6pKIw}{127.0.0.1}{127.0.0.1:30210}[mode=>network]: [ping_response{node [{node_t0}{UdumSPqySZq2FCkBl6pKIw}{127.0.0.1}{127.0.0.1:30210}[mode=>network]], id[425], master [null], hasJoinedOnce [false], cluster_name[TEST-CHILD_VM=[1]-CLUSTER_SEED=[2111584377444976928]-HASH=[14406DE1E494B5C8]-cluster]}, ping_response{node [{node_t0}{UdumSPqySZq2FCkBl6pKIw}{127.0.0.1}{127.0.0.1:30210}[mode=>network]], id[425], master [null], hasJoinedOnce [false], cluster_name[TEST-CHILD_VM=[1]-CLUSTER_SEED=[2111584377444976928]-HASH=[14406DE1E494B5C8]-cluster]}, ping_response{node [{node_t1}{7mM6N0_eQxyn28mYxCpKrw}{127.0.0.1}{127.0.0.1:30211}[mode=>network]], id[428], master [null], hasJoinedOnce [false], cluster_name[TEST-CHILD_VM=[1]-CLUSTER_SEED=[2111584377444976928]-HASH=[14406DE1E494B5C8]-cluster]}, ping_response{node [{node_t2}{OFXtVNaKRe6VL9NvBc3e0g}{127.0.0.1}{127.0.0.1:30212}[mode=>network]], id[431], master [null], hasJoinedOnce [false], cluster_name[TEST-CHILD_VM=[1]-CLUSTER_SEED=[2111584377444976928]-HASH=[14406DE1E494B5C8]-cluster]}, ping_response{node [{node_t3}{oczvfipLTr6a3WhOLDyYyg}{127.0.0.1}{127.0.0.1:30213}[mode=>network]], id[434], master [null], hasJoinedOnce [false], cluster_name[TEST-CHILD_VM=[1]-CLUSTER_SEED=[2111584377444976928]-HASH=[14406DE1E494B5C8]-cluster]}, ping_response{node [{node_t0}{UdumSPqySZq2FCkBl6pKIw}{127.0.0.1}{127.0.0.1:30210}[mode=>network]], id[437], master [null], hasJoinedOnce [false], cluster_name[TEST-CHILD_VM=[1]-CLUSTER_SEED=[2111584377444976928]-HASH=[14406DE1E494B5C8]-cluster]}, ping_response{node [{node_t0}{UdumSPqySZq2FCkBl6pKIw}{127.0.0.1}{127.0.0.1:30210}[mode=>network]], id[437], master [null], hasJoinedOnce [false], cluster_name[TEST-CHILD_VM=[1]-CLUSTER_SEED=[2111584377444976928]-HASH=[14406DE1E494B5C8]-cluster]}, ping_response{node [{node_t1}{7mM6N0_eQxyn28mYxCpKrw}{127.0.0.1}{127.0.0.1:30211}[mode=>network]], id[443], master [null], hasJoinedOnce [false], cluster_name[TEST-CHILD_VM=[1]-CLUSTER_SEED=[2111584377444976928]-HASH=[14406DE1E494B5C8]-cluster]}, ping_response{node [{node_t1}{7mM6N0_eQxyn28mYxCpKrw}{127.0.0.1}{127.0.0.1:30211}[mode=>network]], id[443], master [null], hasJoinedOnce [false], cluster_name[TEST-CHILD_VM=[1]-CLUSTER_SEED=[2111584377444976928]-HASH=[14406DE1E494B5C8]-cluster]}, ping_response{node [{node_t2}{OFXtVNaKRe6VL9NvBc3e0g}{127.0.0.1}{127.0.0.1:30212}[mode=>network]], id[447], master [null], hasJoinedOnce [false], cluster_name[TEST-CHILD_VM=[1]-CLUSTER_SEED=[2111584377444976928]-HASH=[14406DE1E494B5C8]-cluster]}, ping_response{node [{node_t2}{OFXtVNaKRe6VL9NvBc3e0g}{127.0.0.1}{127.0.0.1:30212}[mode=>network]], id[447], master [null], hasJoinedOnce [false], cluster_name[TEST-CHILD_VM=[1]-CLUSTER_SEED=[2111584377444976928]-HASH=[14406DE1E494B5C8]-cluster]}, ping_response{node [{node_t3}{oczvfipLTr6a3WhOLDyYyg}{127.0.0.1}{127.0.0.1:30213}[mode=>network]], id[451], master [null], hasJoinedOnce [false], cluster_name[TEST-CHILD_VM=[1]-CLUSTER_SEED=[2111584377444976928]-HASH=[14406DE1E494B5C8]-cluster]}, ping_response{node [{node_t3}{oczvfipLTr6a3WhOLDyYyg}{127.0.0.1}{127.0.0.1:30213}[mode=>network]], id[451], master [null], hasJoinedOnce [false], cluster_name[TEST-CHILD_VM=[1]-CLUSTER_SEED=[2111584377444976928]-HASH=[14406DE1E494B5C8]-cluster]}, ping_response{node [{node_t0}{UdumSPqySZq2FCkBl6pKIw}{127.0.0.1}{127.0.0.1:30210}[mode=>network]], id[455], master [null], hasJoinedOnce [false], cluster_name[TEST-CHILD_VM=[1]-CLUSTER_SEED=[2111584377444976928]-HASH=[14406DE1E494B5C8]-cluster]}, ping_response{node [{node_t0}{UdumSPqySZq2FCkBl6pKIw}{127.0.0.1}{127.0.0.1:30210}[mode=>network]], id[455], master [null], hasJoinedOnce [false], cluster_name[TEST-CHILD_VM=[1]-CLUSTER_SEED=[2111584377444976928]-HASH=[14406DE1E494B5C8]-cluster]}, ping_response{node [{node_t1}{7mM6N0_eQxyn28mYxCpKrw}{127.0.0.1}{127.0.0.1:30211}[mode=>network]], id[461], master [null], hasJoinedOnce [false], cluster_name[TEST-CHILD_VM=[1]-CLUSTER_SEED=[2111584377444976928]-HASH=[14406DE1E494B5C8]-cluster]}, ping_response{node [{node_t1}{7mM6N0_eQxyn28mYxCpKrw}{127.0.0.1}{127.0.0.1:30211}[mode=>network]], id[461], master [null], hasJoinedOnce [false], cluster_name[TEST-CHILD_VM=[1]-CLUSTER_SEED=[2111584377444976928]-HASH=[14406DE1E494B5C8]-cluster]}, ping_response{node [{node_t0}{UdumSPqySZq2FCkBl6pKIw}{127.0.0.1}{127.0.0.1:30210}[mode=>network]], id[464], master [null], hasJoinedOnce [false], cluster_name[TEST-CHILD_VM=[1]-CLUSTER_SEED=[2111584377444976928]-HASH=[14406DE1E494B5C8]-cluster]}]
[2016-03-29 17:31:39,357][TRACE][org.elasticsearch.discovery.zen.ping.unicast] [node_t1] [1] disconnecting from {#zen_unicast_1#}{127.0.0.1}{127.0.0.1:30210}
[2016-03-29 17:31:39,357][TRACE][org.elasticsearch.discovery.zen] [node_t1] full ping responses:
	--> ping_response{node [{node_t3}{oczvfipLTr6a3WhOLDyYyg}{127.0.0.1}{127.0.0.1:30213}[mode=>network]], id[451], master [null], hasJoinedOnce [false], cluster_name[TEST-CHILD_VM=[1]-CLUSTER_SEED=[2111584377444976928]-HASH=[14406DE1E494B5C8]-cluster]}
	--> ping_response{node [{node_t0}{UdumSPqySZq2FCkBl6pKIw}{127.0.0.1}{127.0.0.1:30210}[mode=>network]], id[464], master [null], hasJoinedOnce [false], cluster_name[TEST-CHILD_VM=[1]-CLUSTER_SEED=[2111584377444976928]-HASH=[14406DE1E494B5C8]-cluster]}
	--> ping_response{node [{node_t2}{OFXtVNaKRe6VL9NvBc3e0g}{127.0.0.1}{127.0.0.1:30212}[mode=>network]], id[447], master [null], hasJoinedOnce [false], cluster_name[TEST-CHILD_VM=[1]-CLUSTER_SEED=[2111584377444976928]-HASH=[14406DE1E494B5C8]-cluster]}
[2016-03-29 17:31:39,358][DEBUG][org.elasticsearch.discovery.zen] [node_t1] filtered ping responses: (filter_client[true], filter_data[false])
	--> ping_response{node [{node_t3}{oczvfipLTr6a3WhOLDyYyg}{127.0.0.1}{127.0.0.1:30213}[mode=>network]], id[451], master [null], hasJoinedOnce [false], cluster_name[TEST-CHILD_VM=[1]-CLUSTER_SEED=[2111584377444976928]-HASH=[14406DE1E494B5C8]-cluster]}
	--> ping_response{node [{node_t0}{UdumSPqySZq2FCkBl6pKIw}{127.0.0.1}{127.0.0.1:30210}[mode=>network]], id[464], master [null], hasJoinedOnce [false], cluster_name[TEST-CHILD_VM=[1]-CLUSTER_SEED=[2111584377444976928]-HASH=[14406DE1E494B5C8]-cluster]}
	--> ping_response{node [{node_t2}{OFXtVNaKRe6VL9NvBc3e0g}{127.0.0.1}{127.0.0.1:30212}[mode=>network]], id[447], master [null], hasJoinedOnce [false], cluster_name[TEST-CHILD_VM=[1]-CLUSTER_SEED=[2111584377444976928]-HASH=[14406DE1E494B5C8]-cluster]}
[2016-03-29 17:31:39,358][DEBUG][org.elasticsearch.discovery.zen] [node_t1] elected as master, waiting for incoming joins ([2] needed)
[2016-03-29 17:31:39,358][TRACE][org.elasticsearch.discovery.zen] [node_t1] not enough joins for election. Got [1], required [2]
[2016-03-29 17:31:39,358][TRACE][org.elasticsearch.discovery.zen.ping.unicast] [node_t1] [1] disconnecting from {#zen_unicast_2_UdumSPqySZq2FCkBl6pKIw#}{127.0.0.1}{127.0.0.1:30210}[mode=>network]
[2016-03-29 17:31:39,411][TRACE][org.elasticsearch.discovery.zen.ping.unicast] [node_t2] [1] sending to {#zen_unicast_1#}{127.0.0.1}{127.0.0.1:30210}
[2016-03-29 17:31:39,412][TRACE][org.elasticsearch.discovery.zen.ping.unicast] [node_t2] [1] sending to {node_t2}{OFXtVNaKRe6VL9NvBc3e0g}{127.0.0.1}{127.0.0.1:30212}[mode=>network]
[2016-03-29 17:31:39,412][TRACE][org.elasticsearch.discovery.zen.ping.unicast] [node_t2] [1] received response from {node_t2}{OFXtVNaKRe6VL9NvBc3e0g}{127.0.0.1}{127.0.0.1:30212}[mode=>network]: [ping_response{node [{node_t2}{OFXtVNaKRe6VL9NvBc3e0g}{127.0.0.1}{127.0.0.1:30212}[mode=>network]], id[431], master [null], hasJoinedOnce [false], cluster_name[TEST-CHILD_VM=[1]-CLUSTER_SEED=[2111584377444976928]-HASH=[14406DE1E494B5C8]-cluster]}, ping_response{node [{node_t0}{UdumSPqySZq2FCkBl6pKIw}{127.0.0.1}{127.0.0.1:30210}[mode=>network]], id[437], master [null], hasJoinedOnce [false], cluster_name[TEST-CHILD_VM=[1]-CLUSTER_SEED=[2111584377444976928]-HASH=[14406DE1E494B5C8]-cluster]}, ping_response{node [{node_t2}{OFXtVNaKRe6VL9NvBc3e0g}{127.0.0.1}{127.0.0.1:30212}[mode=>network]], id[447], master [null], hasJoinedOnce [false], cluster_name[TEST-CHILD_VM=[1]-CLUSTER_SEED=[2111584377444976928]-HASH=[14406DE1E494B5C8]-cluster]}, ping_response{node [{node_t0}{UdumSPqySZq2FCkBl6pKIw}{127.0.0.1}{127.0.0.1:30210}[mode=>network]], id[455], master [null], hasJoinedOnce [false], cluster_name[TEST-CHILD_VM=[1]-CLUSTER_SEED=[2111584377444976928]-HASH=[14406DE1E494B5C8]-cluster]}, ping_response{node [{node_t2}{OFXtVNaKRe6VL9NvBc3e0g}{127.0.0.1}{127.0.0.1:30212}[mode=>network]], id[465], master [null], hasJoinedOnce [false], cluster_name[TEST-CHILD_VM=[1]-CLUSTER_SEED=[2111584377444976928]-HASH=[14406DE1E494B5C8]-cluster]}, ping_response{node [{node_t2}{OFXtVNaKRe6VL9NvBc3e0g}{127.0.0.1}{127.0.0.1:30212}[mode=>network]], id[466], master [null], hasJoinedOnce [false], cluster_name[TEST-CHILD_VM=[1]-CLUSTER_SEED=[2111584377444976928]-HASH=[14406DE1E494B5C8]-cluster]}]
[2016-03-29 17:31:39,412][TRACE][org.elasticsearch.discovery.zen.ping.unicast] [node_t2] replacing {node_t0}{UdumSPqySZq2FCkBl6pKIw}{127.0.0.1}{127.0.0.1:30210}[mode=>network] with temp node {#zen_unicast_3_UdumSPqySZq2FCkBl6pKIw#}{127.0.0.1}{127.0.0.1:30210}[mode=>network]
[2016-03-29 17:31:39,412][TRACE][org.elasticsearch.discovery.zen.ping.unicast] [node_t2] [1] connecting (light) to {#zen_unicast_3_UdumSPqySZq2FCkBl6pKIw#}{127.0.0.1}{127.0.0.1:30210}[mode=>network]
[2016-03-29 17:31:39,413][TRACE][org.elasticsearch.discovery.zen.ping.unicast] [node_t2] [1] received response from {#zen_unicast_1#}{127.0.0.1}{127.0.0.1:30210}: [ping_response{node [{node_t0}{UdumSPqySZq2FCkBl6pKIw}{127.0.0.1}{127.0.0.1:30210}[mode=>network]], id[425], master [null], hasJoinedOnce [false], cluster_name[TEST-CHILD_VM=[1]-CLUSTER_SEED=[2111584377444976928]-HASH=[14406DE1E494B5C8]-cluster]}, ping_response{node [{node_t0}{UdumSPqySZq2FCkBl6pKIw}{127.0.0.1}{127.0.0.1:30210}[mode=>network]], id[425], master [null], hasJoinedOnce [false], cluster_name[TEST-CHILD_VM=[1]-CLUSTER_SEED=[2111584377444976928]-HASH=[14406DE1E494B5C8]-cluster]}, ping_response{node [{node_t1}{7mM6N0_eQxyn28mYxCpKrw}{127.0.0.1}{127.0.0.1:30211}[mode=>network]], id[428], master [null], hasJoinedOnce [false], cluster_name[TEST-CHILD_VM=[1]-CLUSTER_SEED=[2111584377444976928]-HASH=[14406DE1E494B5C8]-cluster]}, ping_response{node [{node_t2}{OFXtVNaKRe6VL9NvBc3e0g}{127.0.0.1}{127.0.0.1:30212}[mode=>network]], id[431], master [null], hasJoinedOnce [false], cluster_name[TEST-CHILD_VM=[1]-CLUSTER_SEED=[2111584377444976928]-HASH=[14406DE1E494B5C8]-cluster]}, ping_response{node [{node_t3}{oczvfipLTr6a3WhOLDyYyg}{127.0.0.1}{127.0.0.1:30213}[mode=>network]], id[434], master [null], hasJoinedOnce [false], cluster_name[TEST-CHILD_VM=[1]-CLUSTER_SEED=[2111584377444976928]-HASH=[14406DE1E494B5C8]-cluster]}, ping_response{node [{node_t0}{UdumSPqySZq2FCkBl6pKIw}{127.0.0.1}{127.0.0.1:30210}[mode=>network]], id[437], master [null], hasJoinedOnce [false], cluster_name[TEST-CHILD_VM=[1]-CLUSTER_SEED=[2111584377444976928]-HASH=[14406DE1E494B5C8]-cluster]}, ping_response{node [{node_t0}{UdumSPqySZq2FCkBl6pKIw}{127.0.0.1}{127.0.0.1:30210}[mode=>network]], id[437], master [null], hasJoinedOnce [false], cluster_name[TEST-CHILD_VM=[1]-CLUSTER_SEED=[2111584377444976928]-HASH=[14406DE1E494B5C8]-cluster]}, ping_response{node [{node_t1}{7mM6N0_eQxyn28mYxCpKrw}{127.0.0.1}{127.0.0.1:30211}[mode=>network]], id[443], master [null], hasJoinedOnce [false], cluster_name[TEST-CHILD_VM=[1]-CLUSTER_SEED=[2111584377444976928]-HASH=[14406DE1E494B5C8]-cluster]}, ping_response{node [{node_t1}{7mM6N0_eQxyn28mYxCpKrw}{127.0.0.1}{127.0.0.1:30211}[mode=>network]], id[443], master [null], hasJoinedOnce [false], cluster_name[TEST-CHILD_VM=[1]-CLUSTER_SEED=[2111584377444976928]-HASH=[14406DE1E494B5C8]-cluster]}, ping_response{node [{node_t2}{OFXtVNaKRe6VL9NvBc3e0g}{127.0.0.1}{127.0.0.1:30212}[mode=>network]], id[447], master [null], hasJoinedOnce [false], cluster_name[TEST-CHILD_VM=[1]-CLUSTER_SEED=[2111584377444976928]-HASH=[14406DE1E494B5C8]-cluster]}, ping_response{node [{node_t2}{OFXtVNaKRe6VL9NvBc3e0g}{127.0.0.1}{127.0.0.1:30212}[mode=>network]], id[447], master [null], hasJoinedOnce [false], cluster_name[TEST-CHILD_VM=[1]-CLUSTER_SEED=[2111584377444976928]-HASH=[14406DE1E494B5C8]-cluster]}, ping_response{node [{node_t3}{oczvfipLTr6a3WhOLDyYyg}{127.0.0.1}{127.0.0.1:30213}[mode=>network]], id[451], master [null], hasJoinedOnce [false], cluster_name[TEST-CHILD_VM=[1]-CLUSTER_SEED=[2111584377444976928]-HASH=[14406DE1E494B5C8]-cluster]}, ping_response{node [{node_t3}{oczvfipLTr6a3WhOLDyYyg}{127.0.0.1}{127.0.0.1:30213}[mode=>network]], id[451], master [null], hasJoinedOnce [false], cluster_name[TEST-CHILD_VM=[1]-CLUSTER_SEED=[2111584377444976928]-HASH=[14406DE1E494B5C8]-cluster]}, ping_response{node [{node_t0}{UdumSPqySZq2FCkBl6pKIw}{127.0.0.1}{127.0.0.1:30210}[mode=>network]], id[455], master [null], hasJoinedOnce [false], cluster_name[TEST-CHILD_VM=[1]-CLUSTER_SEED=[2111584377444976928]-HASH=[14406DE1E494B5C8]-cluster]}, ping_response{node [{node_t0}{UdumSPqySZq2FCkBl6pKIw}{127.0.0.1}{127.0.0.1:30210}[mode=>network]], id[455], master [null], hasJoinedOnce [false], cluster_name[TEST-CHILD_VM=[1]-CLUSTER_SEED=[2111584377444976928]-HASH=[14406DE1E494B5C8]-cluster]}, ping_response{node [{node_t1}{7mM6N0_eQxyn28mYxCpKrw}{127.0.0.1}{127.0.0.1:30211}[mode=>network]], id[461], master [null], hasJoinedOnce [false], cluster_name[TEST-CHILD_VM=[1]-CLUSTER_SEED=[2111584377444976928]-HASH=[14406DE1E494B5C8]-cluster]}, ping_response{node [{node_t1}{7mM6N0_eQxyn28mYxCpKrw}{127.0.0.1}{127.0.0.1:30211}[mode=>network]], id[461], master [null], hasJoinedOnce [false], cluster_name[TEST-CHILD_VM=[1]-CLUSTER_SEED=[2111584377444976928]-HASH=[14406DE1E494B5C8]-cluster]}, ping_response{node [{node_t2}{OFXtVNaKRe6VL9NvBc3e0g}{127.0.0.1}{127.0.0.1:30212}[mode=>network]], id[465], master [null], hasJoinedOnce [false], cluster_name[TEST-CHILD_VM=[1]-CLUSTER_SEED=[2111584377444976928]-HASH=[14406DE1E494B5C8]-cluster]}, ping_response{node [{node_t0}{UdumSPqySZq2FCkBl6pKIw}{127.0.0.1}{127.0.0.1:30210}[mode=>network]], id[467], master [null], hasJoinedOnce [false], cluster_name[TEST-CHILD_VM=[1]-CLUSTER_SEED=[2111584377444976928]-HASH=[14406DE1E494B5C8]-cluster]}]
[2016-03-29 17:31:39,413][TRACE][org.elasticsearch.discovery.zen.ping.unicast] [node_t2] [1] connected to {node_t0}{UdumSPqySZq2FCkBl6pKIw}{127.0.0.1}{127.0.0.1:30210}[mode=>network]
[2016-03-29 17:31:39,413][TRACE][org.elasticsearch.discovery.zen.ping.unicast] [node_t2] [1] sending to {#zen_unicast_3_UdumSPqySZq2FCkBl6pKIw#}{127.0.0.1}{127.0.0.1:30210}[mode=>network]
[2016-03-29 17:31:39,414][TRACE][org.elasticsearch.discovery.zen.ping.unicast] [node_t2] [1] received response from {#zen_unicast_3_UdumSPqySZq2FCkBl6pKIw#}{127.0.0.1}{127.0.0.1:30210}[mode=>network]: [ping_response{node [{node_t0}{UdumSPqySZq2FCkBl6pKIw}{127.0.0.1}{127.0.0.1:30210}[mode=>network]], id[425], master [null], hasJoinedOnce [false], cluster_name[TEST-CHILD_VM=[1]-CLUSTER_SEED=[2111584377444976928]-HASH=[14406DE1E494B5C8]-cluster]}, ping_response{node [{node_t0}{UdumSPqySZq2FCkBl6pKIw}{127.0.0.1}{127.0.0.1:30210}[mode=>network]], id[425], master [null], hasJoinedOnce [false], cluster_name[TEST-CHILD_VM=[1]-CLUSTER_SEED=[2111584377444976928]-HASH=[14406DE1E494B5C8]-cluster]}, ping_response{node [{node_t1}{7mM6N0_eQxyn28mYxCpKrw}{127.0.0.1}{127.0.0.1:30211}[mode=>network]], id[428], master [null], hasJoinedOnce [false], cluster_name[TEST-CHILD_VM=[1]-CLUSTER_SEED=[2111584377444976928]-HASH=[14406DE1E494B5C8]-cluster]}, ping_response{node [{node_t2}{OFXtVNaKRe6VL9NvBc3e0g}{127.0.0.1}{127.0.0.1:30212}[mode=>network]], id[431], master [null], hasJoinedOnce [false], cluster_name[TEST-CHILD_VM=[1]-CLUSTER_SEED=[2111584377444976928]-HASH=[14406DE1E494B5C8]-cluster]}, ping_response{node [{node_t3}{oczvfipLTr6a3WhOLDyYyg}{127.0.0.1}{127.0.0.1:30213}[mode=>network]], id[434], master [null], hasJoinedOnce [false], cluster_name[TEST-CHILD_VM=[1]-CLUSTER_SEED=[2111584377444976928]-HASH=[14406DE1E494B5C8]-cluster]}, ping_response{node [{node_t0}{UdumSPqySZq2FCkBl6pKIw}{127.0.0.1}{127.0.0.1:30210}[mode=>network]], id[437], master [null], hasJoinedOnce [false], cluster_name[TEST-CHILD_VM=[1]-CLUSTER_SEED=[2111584377444976928]-HASH=[14406DE1E494B5C8]-cluster]}, ping_response{node [{node_t0}{UdumSPqySZq2FCkBl6pKIw}{127.0.0.1}{127.0.0.1:30210}[mode=>network]], id[437], master [null], hasJoinedOnce [false], cluster_name[TEST-CHILD_VM=[1]-CLUSTER_SEED=[2111584377444976928]-HASH=[14406DE1E494B5C8]-cluster]}, ping_response{node [{node_t1}{7mM6N0_eQxyn28mYxCpKrw}{127.0.0.1}{127.0.0.1:30211}[mode=>network]], id[443], master [null], hasJoinedOnce [false], cluster_name[TEST-CHILD_VM=[1]-CLUSTER_SEED=[2111584377444976928]-HASH=[14406DE1E494B5C8]-cluster]}, ping_response{node [{node_t1}{7mM6N0_eQxyn28mYxCpKrw}{127.0.0.1}{127.0.0.1:30211}[mode=>network]], id[443], master [null], hasJoinedOnce [false], cluster_name[TEST-CHILD_VM=[1]-CLUSTER_SEED=[2111584377444976928]-HASH=[14406DE1E494B5C8]-cluster]}, ping_response{node [{node_t2}{OFXtVNaKRe6VL9NvBc3e0g}{127.0.0.1}{127.0.0.1:30212}[mode=>network]], id[447], master [null], hasJoinedOnce [false], cluster_name[TEST-CHILD_VM=[1]-CLUSTER_SEED=[2111584377444976928]-HASH=[14406DE1E494B5C8]-cluster]}, ping_response{node [{node_t2}{OFXtVNaKRe6VL9NvBc3e0g}{127.0.0.1}{127.0.0.1:30212}[mode=>network]], id[447], master [null], hasJoinedOnce [false], cluster_name[TEST-CHILD_VM=[1]-CLUSTER_SEED=[2111584377444976928]-HASH=[14406DE1E494B5C8]-cluster]}, ping_response{node [{node_t3}{oczvfipLTr6a3WhOLDyYyg}{127.0.0.1}{127.0.0.1:30213}[mode=>network]], id[451], master [null], hasJoinedOnce [false], cluster_name[TEST-CHILD_VM=[1]-CLUSTER_SEED=[2111584377444976928]-HASH=[14406DE1E494B5C8]-cluster]}, ping_response{node [{node_t3}{oczvfipLTr6a3WhOLDyYyg}{127.0.0.1}{127.0.0.1:30213}[mode=>network]], id[451], master [null], hasJoinedOnce [false], cluster_name[TEST-CHILD_VM=[1]-CLUSTER_SEED=[2111584377444976928]-HASH=[14406DE1E494B5C8]-cluster]}, ping_response{node [{node_t0}{UdumSPqySZq2FCkBl6pKIw}{127.0.0.1}{127.0.0.1:30210}[mode=>network]], id[455], master [null], hasJoinedOnce [false], cluster_name[TEST-CHILD_VM=[1]-CLUSTER_SEED=[2111584377444976928]-HASH=[14406DE1E494B5C8]-cluster]}, ping_response{node [{node_t0}{UdumSPqySZq2FCkBl6pKIw}{127.0.0.1}{127.0.0.1:30210}[mode=>network]], id[455], master [null], hasJoinedOnce [false], cluster_name[TEST-CHILD_VM=[1]-CLUSTER_SEED=[2111584377444976928]-HASH=[14406DE1E494B5C8]-cluster]}, ping_response{node [{node_t1}{7mM6N0_eQxyn28mYxCpKrw}{127.0.0.1}{127.0.0.1:30211}[mode=>network]], id[461], master [null], hasJoinedOnce [false], cluster_name[TEST-CHILD_VM=[1]-CLUSTER_SEED=[2111584377444976928]-HASH=[14406DE1E494B5C8]-cluster]}, ping_response{node [{node_t1}{7mM6N0_eQxyn28mYxCpKrw}{127.0.0.1}{127.0.0.1:30211}[mode=>network]], id[461], master [null], hasJoinedOnce [false], cluster_name[TEST-CHILD_VM=[1]-CLUSTER_SEED=[2111584377444976928]-HASH=[14406DE1E494B5C8]-cluster]}, ping_response{node [{node_t2}{OFXtVNaKRe6VL9NvBc3e0g}{127.0.0.1}{127.0.0.1:30212}[mode=>network]], id[465], master [null], hasJoinedOnce [false], cluster_name[TEST-CHILD_VM=[1]-CLUSTER_SEED=[2111584377444976928]-HASH=[14406DE1E494B5C8]-cluster]}, ping_response{node [{node_t2}{OFXtVNaKRe6VL9NvBc3e0g}{127.0.0.1}{127.0.0.1:30212}[mode=>network]], id[465], master [null], hasJoinedOnce [false], cluster_name[TEST-CHILD_VM=[1]-CLUSTER_SEED=[2111584377444976928]-HASH=[14406DE1E494B5C8]-cluster]}, ping_response{node [{node_t0}{UdumSPqySZq2FCkBl6pKIw}{127.0.0.1}{127.0.0.1:30210}[mode=>network]], id[468], master [null], hasJoinedOnce [false], cluster_name[TEST-CHILD_VM=[1]-CLUSTER_SEED=[2111584377444976928]-HASH=[14406DE1E494B5C8]-cluster]}]
[2016-03-29 17:31:39,415][TRACE][org.elasticsearch.discovery.zen.ping.unicast] [node_t2] [1] disconnecting from {#zen_unicast_1#}{127.0.0.1}{127.0.0.1:30210}
[2016-03-29 17:31:39,415][TRACE][org.elasticsearch.discovery.zen] [node_t2] full ping responses:
	--> ping_response{node [{node_t1}{7mM6N0_eQxyn28mYxCpKrw}{127.0.0.1}{127.0.0.1:30211}[mode=>network]], id[461], master [null], hasJoinedOnce [false], cluster_name[TEST-CHILD_VM=[1]-CLUSTER_SEED=[2111584377444976928]-HASH=[14406DE1E494B5C8]-cluster]}
	--> ping_response{node [{node_t3}{oczvfipLTr6a3WhOLDyYyg}{127.0.0.1}{127.0.0.1:30213}[mode=>network]], id[451], master [null], hasJoinedOnce [false], cluster_name[TEST-CHILD_VM=[1]-CLUSTER_SEED=[2111584377444976928]-HASH=[14406DE1E494B5C8]-cluster]}
	--> ping_response{node [{node_t0}{UdumSPqySZq2FCkBl6pKIw}{127.0.0.1}{127.0.0.1:30210}[mode=>network]], id[468], master [null], hasJoinedOnce [false], cluster_name[TEST-CHILD_VM=[1]-CLUSTER_SEED=[2111584377444976928]-HASH=[14406DE1E494B5C8]-cluster]}
[2016-03-29 17:31:39,416][DEBUG][org.elasticsearch.discovery.zen] [node_t2] filtered ping responses: (filter_client[true], filter_data[false])
	--> ping_response{node [{node_t1}{7mM6N0_eQxyn28mYxCpKrw}{127.0.0.1}{127.0.0.1:30211}[mode=>network]], id[461], master [null], hasJoinedOnce [false], cluster_name[TEST-CHILD_VM=[1]-CLUSTER_SEED=[2111584377444976928]-HASH=[14406DE1E494B5C8]-cluster]}
	--> ping_response{node [{node_t3}{oczvfipLTr6a3WhOLDyYyg}{127.0.0.1}{127.0.0.1:30213}[mode=>network]], id[451], master [null], hasJoinedOnce [false], cluster_name[TEST-CHILD_VM=[1]-CLUSTER_SEED=[2111584377444976928]-HASH=[14406DE1E494B5C8]-cluster]}
	--> ping_response{node [{node_t0}{UdumSPqySZq2FCkBl6pKIw}{127.0.0.1}{127.0.0.1:30210}[mode=>network]], id[468], master [null], hasJoinedOnce [false], cluster_name[TEST-CHILD_VM=[1]-CLUSTER_SEED=[2111584377444976928]-HASH=[14406DE1E494B5C8]-cluster]}
[2016-03-29 17:31:39,416][TRACE][org.elasticsearch.discovery.zen.ping.unicast] [node_t2] [1] disconnecting from {#zen_unicast_3_UdumSPqySZq2FCkBl6pKIw#}{127.0.0.1}{127.0.0.1:30210}[mode=>network]
[2016-03-29 17:31:39,416][TRACE][org.elasticsearch.discovery.zen] [node_t2] stopping join accumulation ([not master])
[2016-03-29 17:31:39,419][TRACE][org.elasticsearch.discovery.zen.ping.unicast] [node_t2] [1] disconnecting from {#zen_unicast_2_UdumSPqySZq2FCkBl6pKIw#}{127.0.0.1}{127.0.0.1:30210}[mode=>network]
[2016-03-29 17:31:39,421][TRACE][org.elasticsearch.discovery.zen] [node_t2] joining master {node_t1}{7mM6N0_eQxyn28mYxCpKrw}{127.0.0.1}{127.0.0.1:30211}[mode=>network]
[2016-03-29 17:31:39,423][TRACE][org.elasticsearch.cluster.service] [node_t1] will process [zen-disco-join(elected_as_master, [2] joins received)]
[2016-03-29 17:31:39,424][DEBUG][org.elasticsearch.cluster.service] [node_t1] processing [zen-disco-join(elected_as_master, [2] joins received)]: execute
[2016-03-29 17:31:39,424][TRACE][org.elasticsearch.cluster.service] [node_t1] cluster state updated, source [zen-disco-join(elected_as_master, [2] joins received)]
version: 1
state uuid: 3Kr9DLC_SWC4NiNFgJ_k5g
from_diff: false
meta data version: 0
blocks: 
   _global_:
      1,state not recovered / initialized, blocks READ,WRITE,METADATA_READ,METADATA_WRITE
nodes: 
   {node_t0}{UdumSPqySZq2FCkBl6pKIw}{127.0.0.1}{127.0.0.1:30210}[mode=>network]
   {node_t1}{7mM6N0_eQxyn28mYxCpKrw}{127.0.0.1}{127.0.0.1:30211}[mode=>network], local, master
   {node_t2}{OFXtVNaKRe6VL9NvBc3e0g}{127.0.0.1}{127.0.0.1:30212}[mode=>network]
routing_table (version 0):
routing_nodes:
-----node_id[7mM6N0_eQxyn28mYxCpKrw][V]
-----node_id[UdumSPqySZq2FCkBl6pKIw][V]
-----node_id[OFXtVNaKRe6VL9NvBc3e0g][V]
---- unassigned

[2016-03-29 17:31:39,424][INFO ][org.elasticsearch.cluster.service] [node_t1] new_master {node_t1}{7mM6N0_eQxyn28mYxCpKrw}{127.0.0.1}{127.0.0.1:30211}[mode=>network], added {{node_t0}{UdumSPqySZq2FCkBl6pKIw}{127.0.0.1}{127.0.0.1:30210}[mode=>network],{node_t2}{OFXtVNaKRe6VL9NvBc3e0g}{127.0.0.1}{127.0.0.1:30212}[mode=>network],}, reason: zen-disco-join(elected_as_master, [2] joins received)
[2016-03-29 17:31:39,424][DEBUG][org.elasticsearch.cluster.service] [node_t1] publishing cluster state version [1]
[2016-03-29 17:31:39,425][DEBUG][org.elasticsearch.discovery.zen.publish] [node_t0] received full cluster state version [1] with size [322]
[2016-03-29 17:31:39,427][DEBUG][org.elasticsearch.discovery.zen.publish] [node_t2] received full cluster state version [1] with size [322]
[2016-03-29 17:31:39,427][TRACE][org.elasticsearch.discovery.zen.publish] [node_t1] master node {node_t0}{UdumSPqySZq2FCkBl6pKIw}{127.0.0.1}{127.0.0.1:30210}[mode=>network] acked cluster state version [1]. processing ... (current pending [2], needed [2])
[2016-03-29 17:31:39,428][TRACE][org.elasticsearch.discovery.zen.publish] [node_t1] master node {node_t2}{OFXtVNaKRe6VL9NvBc3e0g}{127.0.0.1}{127.0.0.1:30212}[mode=>network] acked cluster state version [1]. processing ... (current pending [1], needed [1])
[2016-03-29 17:31:39,428][TRACE][org.elasticsearch.discovery.zen.publish] [node_t1] committing version [1]
[2016-03-29 17:31:39,428][TRACE][org.elasticsearch.discovery.zen.publish] [node_t1] sending commit for cluster state (uuid: [3Kr9DLC_SWC4NiNFgJ_k5g], version [1]) to [{node_t0}{UdumSPqySZq2FCkBl6pKIw}{127.0.0.1}{127.0.0.1:30210}[mode=>network]]
[2016-03-29 17:31:39,428][TRACE][org.elasticsearch.discovery.zen.publish] [node_t1] sending commit for cluster state (uuid: [3Kr9DLC_SWC4NiNFgJ_k5g], version [1]) to [{node_t2}{OFXtVNaKRe6VL9NvBc3e0g}{127.0.0.1}{127.0.0.1:30212}[mode=>network]]
[2016-03-29 17:31:39,428][TRACE][org.elasticsearch.cluster.service] [node_t0] will process [zen-disco-receive(from master [master {node_t1}{7mM6N0_eQxyn28mYxCpKrw}{127.0.0.1}{127.0.0.1:30211}[mode=>network] committed version [1]])]
[2016-03-29 17:31:39,428][TRACE][org.elasticsearch.cluster.service] [node_t2] will process [zen-disco-receive(from master [master {node_t1}{7mM6N0_eQxyn28mYxCpKrw}{127.0.0.1}{127.0.0.1:30211}[mode=>network] committed version [1]])]
[2016-03-29 17:31:39,428][DEBUG][org.elasticsearch.cluster.service] [node_t2] processing [zen-disco-receive(from master [master {node_t1}{7mM6N0_eQxyn28mYxCpKrw}{127.0.0.1}{127.0.0.1:30211}[mode=>network] committed version [1]])]: execute
[2016-03-29 17:31:39,428][DEBUG][org.elasticsearch.cluster.service] [node_t0] processing [zen-disco-receive(from master [master {node_t1}{7mM6N0_eQxyn28mYxCpKrw}{127.0.0.1}{127.0.0.1:30211}[mode=>network] committed version [1]])]: execute
[2016-03-29 17:31:39,428][DEBUG][org.elasticsearch.discovery.zen.fd] [node_t2] [master] restarting fault detection against master [{node_t1}{7mM6N0_eQxyn28mYxCpKrw}{127.0.0.1}{127.0.0.1:30211}[mode=>network]], reason [new cluster state received and we are monitoring the wrong master [null]]
[2016-03-29 17:31:39,429][DEBUG][org.elasticsearch.discovery.zen.fd] [node_t0] [master] restarting fault detection against master [{node_t1}{7mM6N0_eQxyn28mYxCpKrw}{127.0.0.1}{127.0.0.1:30211}[mode=>network]], reason [new cluster state received and we are monitoring the wrong master [null]]
[2016-03-29 17:31:39,429][DEBUG][org.elasticsearch.discovery.zen] [node_t2] got first state from fresh master [7mM6N0_eQxyn28mYxCpKrw]
[2016-03-29 17:31:39,429][DEBUG][org.elasticsearch.discovery.zen] [node_t0] got first state from fresh master [7mM6N0_eQxyn28mYxCpKrw]
[2016-03-29 17:31:39,429][TRACE][org.elasticsearch.discovery.zen] [node_t2] updated cluster join cluster to [1]
[2016-03-29 17:31:39,429][TRACE][org.elasticsearch.discovery.zen] [node_t0] updated cluster join cluster to [1]
[2016-03-29 17:31:39,429][TRACE][org.elasticsearch.cluster.service] [node_t2] cluster state updated, source [zen-disco-receive(from master [master {node_t1}{7mM6N0_eQxyn28mYxCpKrw}{127.0.0.1}{127.0.0.1:30211}[mode=>network] committed version [1]])]
version: 1
state uuid: 3Kr9DLC_SWC4NiNFgJ_k5g
from_diff: false
meta data version: 0
blocks: 
   _global_:
      1,state not recovered / initialized, blocks READ,WRITE,METADATA_READ,METADATA_WRITE
nodes: 
   {node_t0}{UdumSPqySZq2FCkBl6pKIw}{127.0.0.1}{127.0.0.1:30210}[mode=>network]
   {node_t1}{7mM6N0_eQxyn28mYxCpKrw}{127.0.0.1}{127.0.0.1:30211}[mode=>network], master
   {node_t2}{OFXtVNaKRe6VL9NvBc3e0g}{127.0.0.1}{127.0.0.1:30212}[mode=>network], local
routing_table (version 0):
routing_nodes:
-----node_id[7mM6N0_eQxyn28mYxCpKrw][V]
-----node_id[UdumSPqySZq2FCkBl6pKIw][V]
-----node_id[OFXtVNaKRe6VL9NvBc3e0g][V]
---- unassigned

[2016-03-29 17:31:39,429][TRACE][org.elasticsearch.cluster.service] [node_t0] cluster state updated, source [zen-disco-receive(from master [master {node_t1}{7mM6N0_eQxyn28mYxCpKrw}{127.0.0.1}{127.0.0.1:30211}[mode=>network] committed version [1]])]
version: 1
state uuid: 3Kr9DLC_SWC4NiNFgJ_k5g
from_diff: false
meta data version: 0
blocks: 
   _global_:
      1,state not recovered / initialized, blocks READ,WRITE,METADATA_READ,METADATA_WRITE
nodes: 
   {node_t0}{UdumSPqySZq2FCkBl6pKIw}{127.0.0.1}{127.0.0.1:30210}[mode=>network], local
   {node_t1}{7mM6N0_eQxyn28mYxCpKrw}{127.0.0.1}{127.0.0.1:30211}[mode=>network], master
   {node_t2}{OFXtVNaKRe6VL9NvBc3e0g}{127.0.0.1}{127.0.0.1:30212}[mode=>network]
routing_table (version 0):
routing_nodes:
-----node_id[7mM6N0_eQxyn28mYxCpKrw][V]
-----node_id[UdumSPqySZq2FCkBl6pKIw][V]
-----node_id[OFXtVNaKRe6VL9NvBc3e0g][V]
---- unassigned

[2016-03-29 17:31:39,429][INFO ][org.elasticsearch.cluster.service] [node_t2] detected_master {node_t1}{7mM6N0_eQxyn28mYxCpKrw}{127.0.0.1}{127.0.0.1:30211}[mode=>network], added {{node_t0}{UdumSPqySZq2FCkBl6pKIw}{127.0.0.1}{127.0.0.1:30210}[mode=>network],{node_t1}{7mM6N0_eQxyn28mYxCpKrw}{127.0.0.1}{127.0.0.1:30211}[mode=>network],}, reason: zen-disco-receive(from master [master {node_t1}{7mM6N0_eQxyn28mYxCpKrw}{127.0.0.1}{127.0.0.1:30211}[mode=>network] committed version [1]])
[2016-03-29 17:31:39,429][INFO ][org.elasticsearch.cluster.service] [node_t0] detected_master {node_t1}{7mM6N0_eQxyn28mYxCpKrw}{127.0.0.1}{127.0.0.1:30211}[mode=>network], added {{node_t1}{7mM6N0_eQxyn28mYxCpKrw}{127.0.0.1}{127.0.0.1:30211}[mode=>network],{node_t2}{OFXtVNaKRe6VL9NvBc3e0g}{127.0.0.1}{127.0.0.1:30212}[mode=>network],}, reason: zen-disco-receive(from master [master {node_t1}{7mM6N0_eQxyn28mYxCpKrw}{127.0.0.1}{127.0.0.1:30211}[mode=>network] committed version [1]])
[2016-03-29 17:31:39,432][DEBUG][org.elasticsearch.cluster.service] [node_t0] set local cluster state to version 1
[2016-03-29 17:31:39,432][DEBUG][org.elasticsearch.cluster.service] [node_t2] set local cluster state to version 1
[2016-03-29 17:31:39,432][DEBUG][org.elasticsearch.cluster.service] [node_t0] processing [zen-disco-receive(from master [master {node_t1}{7mM6N0_eQxyn28mYxCpKrw}{127.0.0.1}{127.0.0.1:30211}[mode=>network] committed version [1]])]: took 4ms done applying updated cluster_state (version: 1, uuid: 3Kr9DLC_SWC4NiNFgJ_k5g)
[2016-03-29 17:31:39,432][DEBUG][org.elasticsearch.cluster.service] [node_t2] processing [zen-disco-receive(from master [master {node_t1}{7mM6N0_eQxyn28mYxCpKrw}{127.0.0.1}{127.0.0.1:30211}[mode=>network] committed version [1]])]: took 4ms done applying updated cluster_state (version: 1, uuid: 3Kr9DLC_SWC4NiNFgJ_k5g)
[2016-03-29 17:31:39,433][TRACE][org.elasticsearch.cluster.service] [node_t0] will process [gateway_initial_state_recovery]
[2016-03-29 17:31:39,433][DEBUG][org.elasticsearch.cluster.service] [node_t1] set local cluster state to version 1
[2016-03-29 17:31:39,433][DEBUG][org.elasticsearch.cluster.service] [node_t0] processing [gateway_initial_state_recovery]: execute
[2016-03-29 17:31:39,433][TRACE][org.elasticsearch.cluster.service] [node_t2] will process [gateway_initial_state_recovery]
[2016-03-29 17:31:39,433][DEBUG][org.elasticsearch.cluster.service] [node_t2] processing [gateway_initial_state_recovery]: execute
[2016-03-29 17:31:39,433][DEBUG][org.elasticsearch.cluster.service] [node_t0] processing [gateway_initial_state_recovery]: took 0s no change in cluster_state
[2016-03-29 17:31:39,433][DEBUG][org.elasticsearch.cluster.service] [node_t2] processing [gateway_initial_state_recovery]: took 0s no change in cluster_state
[2016-03-29 17:31:39,433][TRACE][org.elasticsearch.discovery.zen] [node_t1] stopping join accumulation ([election closed])
[2016-03-29 17:31:39,433][TRACE][org.elasticsearch.discovery.zen] [node_t1] cluster joins counter set to [1] (elected as master)
[2016-03-29 17:31:39,433][DEBUG][org.elasticsearch.cluster.service] [node_t1] processing [zen-disco-join(elected_as_master, [2] joins received)]: took 9ms done applying updated cluster_state (version: 1, uuid: 3Kr9DLC_SWC4NiNFgJ_k5g)
[2016-03-29 17:31:39,433][TRACE][org.elasticsearch.cluster.service] [node_t0] will process [finalize_join ({node_t1}{7mM6N0_eQxyn28mYxCpKrw}{127.0.0.1}{127.0.0.1:30211}[mode=>network])]
[2016-03-29 17:31:39,433][TRACE][org.elasticsearch.cluster.service] [node_t1] will process [cluster_reroute(post_node_add)]
[2016-03-29 17:31:39,433][DEBUG][org.elasticsearch.cluster.service] [node_t0] processing [finalize_join ({node_t1}{7mM6N0_eQxyn28mYxCpKrw}{127.0.0.1}{127.0.0.1:30211}[mode=>network])]: execute
[2016-03-29 17:31:39,433][DEBUG][org.elasticsearch.cluster.service] [node_t1] processing [cluster_reroute(post_node_add)]: execute
[2016-03-29 17:31:39,433][DEBUG][org.elasticsearch.cluster.service] [node_t0] processing [finalize_join ({node_t1}{7mM6N0_eQxyn28mYxCpKrw}{127.0.0.1}{127.0.0.1:30211}[mode=>network])]: took 0s no change in cluster_state
[2016-03-29 17:31:39,433][DEBUG][org.elasticsearch.cluster.service] [node_t1] processing [cluster_reroute(post_node_add)]: took 0s no change in cluster_state
[2016-03-29 17:31:39,433][TRACE][org.elasticsearch.cluster.service] [node_t1] will process [gateway_initial_state_recovery]
[2016-03-29 17:31:39,433][DEBUG][org.elasticsearch.cluster.service] [node_t1] processing [gateway_initial_state_recovery]: execute
[2016-03-29 17:31:39,433][DEBUG][org.elasticsearch.cluster.service] [node_t1] processing [gateway_initial_state_recovery]: took 0s no change in cluster_state
[2016-03-29 17:31:39,433][TRACE][org.elasticsearch.cluster.service] [node_t2] will process [finalize_join ({node_t1}{7mM6N0_eQxyn28mYxCpKrw}{127.0.0.1}{127.0.0.1:30211}[mode=>network])]
[2016-03-29 17:31:39,433][DEBUG][org.elasticsearch.cluster.service] [node_t2] processing [finalize_join ({node_t1}{7mM6N0_eQxyn28mYxCpKrw}{127.0.0.1}{127.0.0.1:30211}[mode=>network])]: execute
[2016-03-29 17:31:39,433][DEBUG][org.elasticsearch.cluster.service] [node_t2] processing [finalize_join ({node_t1}{7mM6N0_eQxyn28mYxCpKrw}{127.0.0.1}{127.0.0.1:30211}[mode=>network])]: took 0s no change in cluster_state
[2016-03-29 17:31:39,434][TRACE][org.elasticsearch.cluster.service] [node_t1] will process [local-gateway-elected-state]
[2016-03-29 17:31:39,434][DEBUG][org.elasticsearch.cluster.service] [node_t1] processing [local-gateway-elected-state]: execute
[2016-03-29 17:31:39,435][TRACE][org.elasticsearch.cluster.service] [node_t1] cluster state updated, source [local-gateway-elected-state]
version: 2
state uuid: X_D0sNJeR22tGBhMAa3gSQ
from_diff: false
meta data version: 1
nodes: 
   {node_t0}{UdumSPqySZq2FCkBl6pKIw}{127.0.0.1}{127.0.0.1:30210}[mode=>network]
   {node_t1}{7mM6N0_eQxyn28mYxCpKrw}{127.0.0.1}{127.0.0.1:30211}[mode=>network], local, master
   {node_t2}{OFXtVNaKRe6VL9NvBc3e0g}{127.0.0.1}{127.0.0.1:30212}[mode=>network]
routing_table (version 1):
routing_nodes:
-----node_id[7mM6N0_eQxyn28mYxCpKrw][V]
-----node_id[UdumSPqySZq2FCkBl6pKIw][V]
-----node_id[OFXtVNaKRe6VL9NvBc3e0g][V]
---- unassigned

[2016-03-29 17:31:39,435][DEBUG][org.elasticsearch.cluster.service] [node_t1] publishing cluster state version [2]
[2016-03-29 17:31:39,435][DEBUG][org.elasticsearch.discovery.zen.publish] [node_t0] received diff cluster state version [2] with uuid [X_D0sNJeR22tGBhMAa3gSQ], diff size [172]
[2016-03-29 17:31:39,435][DEBUG][org.elasticsearch.discovery.zen.publish] [node_t2] received diff cluster state version [2] with uuid [X_D0sNJeR22tGBhMAa3gSQ], diff size [172]
[2016-03-29 17:31:39,435][TRACE][org.elasticsearch.discovery.zen.publish] [node_t1] master node {node_t0}{UdumSPqySZq2FCkBl6pKIw}{127.0.0.1}{127.0.0.1:30210}[mode=>network] acked cluster state version [2]. processing ... (current pending [2], needed [2])
[2016-03-29 17:31:39,436][TRACE][org.elasticsearch.discovery.zen.publish] [node_t1] master node {node_t2}{OFXtVNaKRe6VL9NvBc3e0g}{127.0.0.1}{127.0.0.1:30212}[mode=>network] acked cluster state version [2]. processing ... (current pending [1], needed [1])
[2016-03-29 17:31:39,436][TRACE][org.elasticsearch.discovery.zen.publish] [node_t1] committing version [2]
[2016-03-29 17:31:39,436][TRACE][org.elasticsearch.discovery.zen.publish] [node_t1] sending commit for cluster state (uuid: [X_D0sNJeR22tGBhMAa3gSQ], version [2]) to [{node_t0}{UdumSPqySZq2FCkBl6pKIw}{127.0.0.1}{127.0.0.1:30210}[mode=>network]]
[2016-03-29 17:31:39,436][TRACE][org.elasticsearch.discovery.zen.publish] [node_t1] sending commit for cluster state (uuid: [X_D0sNJeR22tGBhMAa3gSQ], version [2]) to [{node_t2}{OFXtVNaKRe6VL9NvBc3e0g}{127.0.0.1}{127.0.0.1:30212}[mode=>network]]
[2016-03-29 17:31:39,436][TRACE][org.elasticsearch.cluster.service] [node_t0] will process [zen-disco-receive(from master [master {node_t1}{7mM6N0_eQxyn28mYxCpKrw}{127.0.0.1}{127.0.0.1:30211}[mode=>network] committed version [2]])]
[2016-03-29 17:31:39,436][DEBUG][org.elasticsearch.cluster.service] [node_t0] processing [zen-disco-receive(from master [master {node_t1}{7mM6N0_eQxyn28mYxCpKrw}{127.0.0.1}{127.0.0.1:30211}[mode=>network] committed version [2]])]: execute
[2016-03-29 17:31:39,436][TRACE][org.elasticsearch.cluster.service] [node_t2] will process [zen-disco-receive(from master [master {node_t1}{7mM6N0_eQxyn28mYxCpKrw}{127.0.0.1}{127.0.0.1:30211}[mode=>network] committed version [2]])]
[2016-03-29 17:31:39,436][DEBUG][org.elasticsearch.cluster.service] [node_t2] processing [zen-disco-receive(from master [master {node_t1}{7mM6N0_eQxyn28mYxCpKrw}{127.0.0.1}{127.0.0.1:30211}[mode=>network] committed version [2]])]: execute
[2016-03-29 17:31:39,436][TRACE][org.elasticsearch.cluster.service] [node_t0] cluster state updated, source [zen-disco-receive(from master [master {node_t1}{7mM6N0_eQxyn28mYxCpKrw}{127.0.0.1}{127.0.0.1:30211}[mode=>network] committed version [2]])]
version: 2
state uuid: X_D0sNJeR22tGBhMAa3gSQ
from_diff: false
meta data version: 1
nodes: 
   {node_t0}{UdumSPqySZq2FCkBl6pKIw}{127.0.0.1}{127.0.0.1:30210}[mode=>network], local
   {node_t1}{7mM6N0_eQxyn28mYxCpKrw}{127.0.0.1}{127.0.0.1:30211}[mode=>network], master
   {node_t2}{OFXtVNaKRe6VL9NvBc3e0g}{127.0.0.1}{127.0.0.1:30212}[mode=>network]
routing_table (version 1):
routing_nodes:
-----node_id[7mM6N0_eQxyn28mYxCpKrw][V]
-----node_id[UdumSPqySZq2FCkBl6pKIw][V]
-----node_id[OFXtVNaKRe6VL9NvBc3e0g][V]
---- unassigned

[2016-03-29 17:31:39,436][TRACE][org.elasticsearch.cluster.service] [node_t2] cluster state updated, source [zen-disco-receive(from master [master {node_t1}{7mM6N0_eQxyn28mYxCpKrw}{127.0.0.1}{127.0.0.1:30211}[mode=>network] committed version [2]])]
version: 2
state uuid: X_D0sNJeR22tGBhMAa3gSQ
from_diff: false
meta data version: 1
nodes: 
   {node_t0}{UdumSPqySZq2FCkBl6pKIw}{127.0.0.1}{127.0.0.1:30210}[mode=>network]
   {node_t1}{7mM6N0_eQxyn28mYxCpKrw}{127.0.0.1}{127.0.0.1:30211}[mode=>network], master
   {node_t2}{OFXtVNaKRe6VL9NvBc3e0g}{127.0.0.1}{127.0.0.1:30212}[mode=>network], local
routing_table (version 1):
routing_nodes:
-----node_id[7mM6N0_eQxyn28mYxCpKrw][V]
-----node_id[UdumSPqySZq2FCkBl6pKIw][V]
-----node_id[OFXtVNaKRe6VL9NvBc3e0g][V]
---- unassigned

[2016-03-29 17:31:39,436][DEBUG][org.elasticsearch.cluster.service] [node_t0] set local cluster state to version 2
[2016-03-29 17:31:39,436][DEBUG][org.elasticsearch.cluster.service] [node_t2] set local cluster state to version 2
[2016-03-29 17:31:39,438][DEBUG][org.elasticsearch.cluster.service] [node_t0] processing [zen-disco-receive(from master [master {node_t1}{7mM6N0_eQxyn28mYxCpKrw}{127.0.0.1}{127.0.0.1:30211}[mode=>network] committed version [2]])]: took 2ms done applying updated cluster_state (version: 2, uuid: X_D0sNJeR22tGBhMAa3gSQ)
[2016-03-29 17:31:39,438][DEBUG][org.elasticsearch.cluster.service] [node_t2] processing [zen-disco-receive(from master [master {node_t1}{7mM6N0_eQxyn28mYxCpKrw}{127.0.0.1}{127.0.0.1:30211}[mode=>network] committed version [2]])]: took 1ms done applying updated cluster_state (version: 2, uuid: X_D0sNJeR22tGBhMAa3gSQ)
[2016-03-29 17:31:39,438][DEBUG][org.elasticsearch.cluster.service] [node_t1] set local cluster state to version 2
[2016-03-29 17:31:39,440][DEBUG][org.elasticsearch.cluster.service] [node_t1] processing [local-gateway-elected-state]: took 5ms done applying updated cluster_state (version: 2, uuid: X_D0sNJeR22tGBhMAa3gSQ)
[2016-03-29 17:31:39,467][TRACE][org.elasticsearch.discovery.zen.ping.unicast] [node_t3] [1] sending to {#zen_unicast_1#}{127.0.0.1}{127.0.0.1:30210}
[2016-03-29 17:31:39,467][TRACE][org.elasticsearch.discovery.zen.ping.unicast] [node_t3] replacing {node_t0}{UdumSPqySZq2FCkBl6pKIw}{127.0.0.1}{127.0.0.1:30210}[mode=>network] with temp node {#zen_unicast_3_UdumSPqySZq2FCkBl6pKIw#}{127.0.0.1}{127.0.0.1:30210}[mode=>network]
[2016-03-29 17:31:39,467][TRACE][org.elasticsearch.discovery.zen.ping.unicast] [node_t3] [1] sending to {node_t3}{oczvfipLTr6a3WhOLDyYyg}{127.0.0.1}{127.0.0.1:30213}[mode=>network]
[2016-03-29 17:31:39,467][TRACE][org.elasticsearch.discovery.zen.ping.unicast] [node_t3] [1] connecting (light) to {#zen_unicast_3_UdumSPqySZq2FCkBl6pKIw#}{127.0.0.1}{127.0.0.1:30210}[mode=>network]
[2016-03-29 17:31:39,467][TRACE][org.elasticsearch.discovery.zen.ping.unicast] [node_t3] [1] received response from {node_t3}{oczvfipLTr6a3WhOLDyYyg}{127.0.0.1}{127.0.0.1:30213}[mode=>network]: [ping_response{node [{node_t3}{oczvfipLTr6a3WhOLDyYyg}{127.0.0.1}{127.0.0.1:30213}[mode=>network]], id[434], master [null], hasJoinedOnce [false], cluster_name[TEST-CHILD_VM=[1]-CLUSTER_SEED=[2111584377444976928]-HASH=[14406DE1E494B5C8]-cluster]}, ping_response{node [{node_t0}{UdumSPqySZq2FCkBl6pKIw}{127.0.0.1}{127.0.0.1:30210}[mode=>network]], id[437], master [null], hasJoinedOnce [false], cluster_name[TEST-CHILD_VM=[1]-CLUSTER_SEED=[2111584377444976928]-HASH=[14406DE1E494B5C8]-cluster]}, ping_response{node [{node_t3}{oczvfipLTr6a3WhOLDyYyg}{127.0.0.1}{127.0.0.1:30213}[mode=>network]], id[451], master [null], hasJoinedOnce [false], cluster_name[TEST-CHILD_VM=[1]-CLUSTER_SEED=[2111584377444976928]-HASH=[14406DE1E494B5C8]-cluster]}, ping_response{node [{node_t0}{UdumSPqySZq2FCkBl6pKIw}{127.0.0.1}{127.0.0.1:30210}[mode=>network]], id[455], master [null], hasJoinedOnce [false], cluster_name[TEST-CHILD_VM=[1]-CLUSTER_SEED=[2111584377444976928]-HASH=[14406DE1E494B5C8]-cluster]}, ping_response{node [{node_t3}{oczvfipLTr6a3WhOLDyYyg}{127.0.0.1}{127.0.0.1:30213}[mode=>network]], id[469], master [null], hasJoinedOnce [false], cluster_name[TEST-CHILD_VM=[1]-CLUSTER_SEED=[2111584377444976928]-HASH=[14406DE1E494B5C8]-cluster]}, ping_response{node [{node_t3}{oczvfipLTr6a3WhOLDyYyg}{127.0.0.1}{127.0.0.1:30213}[mode=>network]], id[470], master [null], hasJoinedOnce [false], cluster_name[TEST-CHILD_VM=[1]-CLUSTER_SEED=[2111584377444976928]-HASH=[14406DE1E494B5C8]-cluster]}]
[2016-03-29 17:31:39,468][TRACE][org.elasticsearch.discovery.zen.ping.unicast] [node_t3] [1] received response from {#zen_unicast_1#}{127.0.0.1}{127.0.0.1:30210}: [ping_response{node [{node_t0}{UdumSPqySZq2FCkBl6pKIw}{127.0.0.1}{127.0.0.1:30210}[mode=>network]], id[425], master [null], hasJoinedOnce [false], cluster_name[TEST-CHILD_VM=[1]-CLUSTER_SEED=[2111584377444976928]-HASH=[14406DE1E494B5C8]-cluster]}, ping_response{node [{node_t0}{UdumSPqySZq2FCkBl6pKIw}{127.0.0.1}{127.0.0.1:30210}[mode=>network]], id[425], master [null], hasJoinedOnce [false], cluster_name[TEST-CHILD_VM=[1]-CLUSTER_SEED=[2111584377444976928]-HASH=[14406DE1E494B5C8]-cluster]}, ping_response{node [{node_t1}{7mM6N0_eQxyn28mYxCpKrw}{127.0.0.1}{127.0.0.1:30211}[mode=>network]], id[428], master [null], hasJoinedOnce [false], cluster_name[TEST-CHILD_VM=[1]-CLUSTER_SEED=[2111584377444976928]-HASH=[14406DE1E494B5C8]-cluster]}, ping_response{node [{node_t2}{OFXtVNaKRe6VL9NvBc3e0g}{127.0.0.1}{127.0.0.1:30212}[mode=>network]], id[431], master [null], hasJoinedOnce [false], cluster_name[TEST-CHILD_VM=[1]-CLUSTER_SEED=[2111584377444976928]-HASH=[14406DE1E494B5C8]-cluster]}, ping_response{node [{node_t3}{oczvfipLTr6a3WhOLDyYyg}{127.0.0.1}{127.0.0.1:30213}[mode=>network]], id[434], master [null], hasJoinedOnce [false], cluster_name[TEST-CHILD_VM=[1]-CLUSTER_SEED=[2111584377444976928]-HASH=[14406DE1E494B5C8]-cluster]}, ping_response{node [{node_t0}{UdumSPqySZq2FCkBl6pKIw}{127.0.0.1}{127.0.0.1:30210}[mode=>network]], id[437], master [null], hasJoinedOnce [false], cluster_name[TEST-CHILD_VM=[1]-CLUSTER_SEED=[2111584377444976928]-HASH=[14406DE1E494B5C8]-cluster]}, ping_response{node [{node_t0}{UdumSPqySZq2FCkBl6pKIw}{127.0.0.1}{127.0.0.1:30210}[mode=>network]], id[437], master [null], hasJoinedOnce [false], cluster_name[TEST-CHILD_VM=[1]-CLUSTER_SEED=[2111584377444976928]-HASH=[14406DE1E494B5C8]-cluster]}, ping_response{node [{node_t1}{7mM6N0_eQxyn28mYxCpKrw}{127.0.0.1}{127.0.0.1:30211}[mode=>network]], id[443], master [null], hasJoinedOnce [false], cluster_name[TEST-CHILD_VM=[1]-CLUSTER_SEED=[2111584377444976928]-HASH=[14406DE1E494B5C8]-cluster]}, ping_response{node [{node_t1}{7mM6N0_eQxyn28mYxCpKrw}{127.0.0.1}{127.0.0.1:30211}[mode=>network]], id[443], master [null], hasJoinedOnce [false], cluster_name[TEST-CHILD_VM=[1]-CLUSTER_SEED=[2111584377444976928]-HASH=[14406DE1E494B5C8]-cluster]}, ping_response{node [{node_t2}{OFXtVNaKRe6VL9NvBc3e0g}{127.0.0.1}{127.0.0.1:30212}[mode=>network]], id[447], master [null], hasJoinedOnce [false], cluster_name[TEST-CHILD_VM=[1]-CLUSTER_SEED=[2111584377444976928]-HASH=[14406DE1E494B5C8]-cluster]}, ping_response{node [{node_t2}{OFXtVNaKRe6VL9NvBc3e0g}{127.0.0.1}{127.0.0.1:30212}[mode=>network]], id[447], master [null], hasJoinedOnce [false], cluster_name[TEST-CHILD_VM=[1]-CLUSTER_SEED=[2111584377444976928]-HASH=[14406DE1E494B5C8]-cluster]}, ping_response{node [{node_t3}{oczvfipLTr6a3WhOLDyYyg}{127.0.0.1}{127.0.0.1:30213}[mode=>network]], id[451], master [null], hasJoinedOnce [false], cluster_name[TEST-CHILD_VM=[1]-CLUSTER_SEED=[2111584377444976928]-HASH=[14406DE1E494B5C8]-cluster]}, ping_response{node [{node_t3}{oczvfipLTr6a3WhOLDyYyg}{127.0.0.1}{127.0.0.1:30213}[mode=>network]], id[451], master [null], hasJoinedOnce [false], cluster_name[TEST-CHILD_VM=[1]-CLUSTER_SEED=[2111584377444976928]-HASH=[14406DE1E494B5C8]-cluster]}, ping_response{node [{node_t0}{UdumSPqySZq2FCkBl6pKIw}{127.0.0.1}{127.0.0.1:30210}[mode=>network]], id[455], master [null], hasJoinedOnce [false], cluster_name[TEST-CHILD_VM=[1]-CLUSTER_SEED=[2111584377444976928]-HASH=[14406DE1E494B5C8]-cluster]}, ping_response{node [{node_t0}{UdumSPqySZq2FCkBl6pKIw}{127.0.0.1}{127.0.0.1:30210}[mode=>network]], id[455], master [null], hasJoinedOnce [false], cluster_name[TEST-CHILD_VM=[1]-CLUSTER_SEED=[2111584377444976928]-HASH=[14406DE1E494B5C8]-cluster]}, ping_response{node [{node_t1}{7mM6N0_eQxyn28mYxCpKrw}{127.0.0.1}{127.0.0.1:30211}[mode=>network]], id[461], master [null], hasJoinedOnce [false], cluster_name[TEST-CHILD_VM=[1]-CLUSTER_SEED=[2111584377444976928]-HASH=[14406DE1E494B5C8]-cluster]}, ping_response{node [{node_t1}{7mM6N0_eQxyn28mYxCpKrw}{127.0.0.1}{127.0.0.1:30211}[mode=>network]], id[461], master [null], hasJoinedOnce [false], cluster_name[TEST-CHILD_VM=[1]-CLUSTER_SEED=[2111584377444976928]-HASH=[14406DE1E494B5C8]-cluster]}, ping_response{node [{node_t2}{OFXtVNaKRe6VL9NvBc3e0g}{127.0.0.1}{127.0.0.1:30212}[mode=>network]], id[465], master [null], hasJoinedOnce [false], cluster_name[TEST-CHILD_VM=[1]-CLUSTER_SEED=[2111584377444976928]-HASH=[14406DE1E494B5C8]-cluster]}, ping_response{node [{node_t2}{OFXtVNaKRe6VL9NvBc3e0g}{127.0.0.1}{127.0.0.1:30212}[mode=>network]], id[465], master [null], hasJoinedOnce [false], cluster_name[TEST-CHILD_VM=[1]-CLUSTER_SEED=[2111584377444976928]-HASH=[14406DE1E494B5C8]-cluster]}, ping_response{node [{node_t3}{oczvfipLTr6a3WhOLDyYyg}{127.0.0.1}{127.0.0.1:30213}[mode=>network]], id[469], master [null], hasJoinedOnce [false], cluster_name[TEST-CHILD_VM=[1]-CLUSTER_SEED=[2111584377444976928]-HASH=[14406DE1E494B5C8]-cluster]}, ping_response{node [{node_t0}{UdumSPqySZq2FCkBl6pKIw}{127.0.0.1}{127.0.0.1:30210}[mode=>network]], id[471], master [{node_t1}{7mM6N0_eQxyn28mYxCpKrw}{127.0.0.1}{127.0.0.1:30211}[mode=>network]], hasJoinedOnce [true], cluster_name[TEST-CHILD_VM=[1]-CLUSTER_SEED=[2111584377444976928]-HASH=[14406DE1E494B5C8]-cluster]}]
[2016-03-29 17:31:39,468][TRACE][org.elasticsearch.discovery.zen.ping.unicast] [node_t3] [1] connected to {node_t0}{UdumSPqySZq2FCkBl6pKIw}{127.0.0.1}{127.0.0.1:30210}[mode=>network]
[2016-03-29 17:31:39,468][TRACE][org.elasticsearch.discovery.zen.ping.unicast] [node_t3] [1] sending to {#zen_unicast_3_UdumSPqySZq2FCkBl6pKIw#}{127.0.0.1}{127.0.0.1:30210}[mode=>network]
[2016-03-29 17:31:39,469][TRACE][org.elasticsearch.discovery.zen.ping.unicast] [node_t3] [1] received response from {#zen_unicast_3_UdumSPqySZq2FCkBl6pKIw#}{127.0.0.1}{127.0.0.1:30210}[mode=>network]: [ping_response{node [{node_t0}{UdumSPqySZq2FCkBl6pKIw}{127.0.0.1}{127.0.0.1:30210}[mode=>network]], id[425], master [null], hasJoinedOnce [false], cluster_name[TEST-CHILD_VM=[1]-CLUSTER_SEED=[2111584377444976928]-HASH=[14406DE1E494B5C8]-cluster]}, ping_response{node [{node_t0}{UdumSPqySZq2FCkBl6pKIw}{127.0.0.1}{127.0.0.1:30210}[mode=>network]], id[425], master [null], hasJoinedOnce [false], cluster_name[TEST-CHILD_VM=[1]-CLUSTER_SEED=[2111584377444976928]-HASH=[14406DE1E494B5C8]-cluster]}, ping_response{node [{node_t1}{7mM6N0_eQxyn28mYxCpKrw}{127.0.0.1}{127.0.0.1:30211}[mode=>network]], id[428], master [null], hasJoinedOnce [false], cluster_name[TEST-CHILD_VM=[1]-CLUSTER_SEED=[2111584377444976928]-HASH=[14406DE1E494B5C8]-cluster]}, ping_response{node [{node_t2}{OFXtVNaKRe6VL9NvBc3e0g}{127.0.0.1}{127.0.0.1:30212}[mode=>network]], id[431], master [null], hasJoinedOnce [false], cluster_name[TEST-CHILD_VM=[1]-CLUSTER_SEED=[2111584377444976928]-HASH=[14406DE1E494B5C8]-cluster]}, ping_response{node [{node_t3}{oczvfipLTr6a3WhOLDyYyg}{127.0.0.1}{127.0.0.1:30213}[mode=>network]], id[434], master [null], hasJoinedOnce [false], cluster_name[TEST-CHILD_VM=[1]-CLUSTER_SEED=[2111584377444976928]-HASH=[14406DE1E494B5C8]-cluster]}, ping_response{node [{node_t0}{UdumSPqySZq2FCkBl6pKIw}{127.0.0.1}{127.0.0.1:30210}[mode=>network]], id[437], master [null], hasJoinedOnce [false], cluster_name[TEST-CHILD_VM=[1]-CLUSTER_SEED=[2111584377444976928]-HASH=[14406DE1E494B5C8]-cluster]}, ping_response{node [{node_t0}{UdumSPqySZq2FCkBl6pKIw}{127.0.0.1}{127.0.0.1:30210}[mode=>network]], id[437], master [null], hasJoinedOnce [false], cluster_name[TEST-CHILD_VM=[1]-CLUSTER_SEED=[2111584377444976928]-HASH=[14406DE1E494B5C8]-cluster]}, ping_response{node [{node_t1}{7mM6N0_eQxyn28mYxCpKrw}{127.0.0.1}{127.0.0.1:30211}[mode=>network]], id[443], master [null], hasJoinedOnce [false], cluster_name[TEST-CHILD_VM=[1]-CLUSTER_SEED=[2111584377444976928]-HASH=[14406DE1E494B5C8]-cluster]}, ping_response{node [{node_t1}{7mM6N0_eQxyn28mYxCpKrw}{127.0.0.1}{127.0.0.1:30211}[mode=>network]], id[443], master [null], hasJoinedOnce [false], cluster_name[TEST-CHILD_VM=[1]-CLUSTER_SEED=[2111584377444976928]-HASH=[14406DE1E494B5C8]-cluster]}, ping_response{node [{node_t2}{OFXtVNaKRe6VL9NvBc3e0g}{127.0.0.1}{127.0.0.1:30212}[mode=>network]], id[447], master [null], hasJoinedOnce [false], cluster_name[TEST-CHILD_VM=[1]-CLUSTER_SEED=[2111584377444976928]-HASH=[14406DE1E494B5C8]-cluster]}, ping_response{node [{node_t2}{OFXtVNaKRe6VL9NvBc3e0g}{127.0.0.1}{127.0.0.1:30212}[mode=>network]], id[447], master [null], hasJoinedOnce [false], cluster_name[TEST-CHILD_VM=[1]-CLUSTER_SEED=[2111584377444976928]-HASH=[14406DE1E494B5C8]-cluster]}, ping_response{node [{node_t3}{oczvfipLTr6a3WhOLDyYyg}{127.0.0.1}{127.0.0.1:30213}[mode=>network]], id[451], master [null], hasJoinedOnce [false], cluster_name[TEST-CHILD_VM=[1]-CLUSTER_SEED=[2111584377444976928]-HASH=[14406DE1E494B5C8]-cluster]}, ping_response{node [{node_t3}{oczvfipLTr6a3WhOLDyYyg}{127.0.0.1}{127.0.0.1:30213}[mode=>network]], id[451], master [null], hasJoinedOnce [false], cluster_name[TEST-CHILD_VM=[1]-CLUSTER_SEED=[2111584377444976928]-HASH=[14406DE1E494B5C8]-cluster]}, ping_response{node [{node_t0}{UdumSPqySZq2FCkBl6pKIw}{127.0.0.1}{127.0.0.1:30210}[mode=>network]], id[455], master [null], hasJoinedOnce [false], cluster_name[TEST-CHILD_VM=[1]-CLUSTER_SEED=[2111584377444976928]-HASH=[14406DE1E494B5C8]-cluster]}, ping_response{node [{node_t0}{UdumSPqySZq2FCkBl6pKIw}{127.0.0.1}{127.0.0.1:30210}[mode=>network]], id[455], master [null], hasJoinedOnce [false], cluster_name[TEST-CHILD_VM=[1]-CLUSTER_SEED=[2111584377444976928]-HASH=[14406DE1E494B5C8]-cluster]}, ping_response{node [{node_t1}{7mM6N0_eQxyn28mYxCpKrw}{127.0.0.1}{127.0.0.1:30211}[mode=>network]], id[461], master [null], hasJoinedOnce [false], cluster_name[TEST-CHILD_VM=[1]-CLUSTER_SEED=[2111584377444976928]-HASH=[14406DE1E494B5C8]-cluster]}, ping_response{node [{node_t1}{7mM6N0_eQxyn28mYxCpKrw}{127.0.0.1}{127.0.0.1:30211}[mode=>network]], id[461], master [null], hasJoinedOnce [false], cluster_name[TEST-CHILD_VM=[1]-CLUSTER_SEED=[2111584377444976928]-HASH=[14406DE1E494B5C8]-cluster]}, ping_response{node [{node_t2}{OFXtVNaKRe6VL9NvBc3e0g}{127.0.0.1}{127.0.0.1:30212}[mode=>network]], id[465], master [null], hasJoinedOnce [false], cluster_name[TEST-CHILD_VM=[1]-CLUSTER_SEED=[2111584377444976928]-HASH=[14406DE1E494B5C8]-cluster]}, ping_response{node [{node_t2}{OFXtVNaKRe6VL9NvBc3e0g}{127.0.0.1}{127.0.0.1:30212}[mode=>network]], id[465], master [null], hasJoinedOnce [false], cluster_name[TEST-CHILD_VM=[1]-CLUSTER_SEED=[2111584377444976928]-HASH=[14406DE1E494B5C8]-cluster]}, ping_response{node [{node_t3}{oczvfipLTr6a3WhOLDyYyg}{127.0.0.1}{127.0.0.1:30213}[mode=>network]], id[469], master [null], hasJoinedOnce [false], cluster_name[TEST-CHILD_VM=[1]-CLUSTER_SEED=[2111584377444976928]-HASH=[14406DE1E494B5C8]-cluster]}, ping_response{node [{node_t3}{oczvfipLTr6a3WhOLDyYyg}{127.0.0.1}{127.0.0.1:30213}[mode=>network]], id[469], master [null], hasJoinedOnce [false], cluster_name[TEST-CHILD_VM=[1]-CLUSTER_SEED=[2111584377444976928]-HASH=[14406DE1E494B5C8]-cluster]}, ping_response{node [{node_t0}{UdumSPqySZq2FCkBl6pKIw}{127.0.0.1}{127.0.0.1:30210}[mode=>network]], id[472], master [{node_t1}{7mM6N0_eQxyn28mYxCpKrw}{127.0.0.1}{127.0.0.1:30211}[mode=>network]], hasJoinedOnce [true], cluster_name[TEST-CHILD_VM=[1]-CLUSTER_SEED=[2111584377444976928]-HASH=[14406DE1E494B5C8]-cluster]}]
[2016-03-29 17:31:39,470][TRACE][org.elasticsearch.discovery.zen.ping.unicast] [node_t3] [1] disconnecting from {#zen_unicast_1#}{127.0.0.1}{127.0.0.1:30210}
[2016-03-29 17:31:39,470][TRACE][org.elasticsearch.discovery.zen] [node_t3] full ping responses:
	--> ping_response{node [{node_t1}{7mM6N0_eQxyn28mYxCpKrw}{127.0.0.1}{127.0.0.1:30211}[mode=>network]], id[461], master [null], hasJoinedOnce [false], cluster_name[TEST-CHILD_VM=[1]-CLUSTER_SEED=[2111584377444976928]-HASH=[14406DE1E494B5C8]-cluster]}
	--> ping_response{node [{node_t0}{UdumSPqySZq2FCkBl6pKIw}{127.0.0.1}{127.0.0.1:30210}[mode=>network]], id[472], master [{node_t1}{7mM6N0_eQxyn28mYxCpKrw}{127.0.0.1}{127.0.0.1:30211}[mode=>network]], hasJoinedOnce [true], cluster_name[TEST-CHILD_VM=[1]-CLUSTER_SEED=[2111584377444976928]-HASH=[14406DE1E494B5C8]-cluster]}
	--> ping_response{node [{node_t2}{OFXtVNaKRe6VL9NvBc3e0g}{127.0.0.1}{127.0.0.1:30212}[mode=>network]], id[465], master [null], hasJoinedOnce [false], cluster_name[TEST-CHILD_VM=[1]-CLUSTER_SEED=[2111584377444976928]-HASH=[14406DE1E494B5C8]-cluster]}
[2016-03-29 17:31:39,470][DEBUG][org.elasticsearch.discovery.zen] [node_t3] filtered ping responses: (filter_client[true], filter_data[false])
	--> ping_response{node [{node_t1}{7mM6N0_eQxyn28mYxCpKrw}{127.0.0.1}{127.0.0.1:30211}[mode=>network]], id[461], master [null], hasJoinedOnce [false], cluster_name[TEST-CHILD_VM=[1]-CLUSTER_SEED=[2111584377444976928]-HASH=[14406DE1E494B5C8]-cluster]}
	--> ping_response{node [{node_t0}{UdumSPqySZq2FCkBl6pKIw}{127.0.0.1}{127.0.0.1:30210}[mode=>network]], id[472], master [{node_t1}{7mM6N0_eQxyn28mYxCpKrw}{127.0.0.1}{127.0.0.1:30211}[mode=>network]], hasJoinedOnce [true], cluster_name[TEST-CHILD_VM=[1]-CLUSTER_SEED=[2111584377444976928]-HASH=[14406DE1E494B5C8]-cluster]}
	--> ping_response{node [{node_t2}{OFXtVNaKRe6VL9NvBc3e0g}{127.0.0.1}{127.0.0.1:30212}[mode=>network]], id[465], master [null], hasJoinedOnce [false], cluster_name[TEST-CHILD_VM=[1]-CLUSTER_SEED=[2111584377444976928]-HASH=[14406DE1E494B5C8]-cluster]}
[2016-03-29 17:31:39,470][TRACE][org.elasticsearch.discovery.zen.ping.unicast] [node_t3] [1] disconnecting from {#zen_unicast_3_UdumSPqySZq2FCkBl6pKIw#}{127.0.0.1}{127.0.0.1:30210}[mode=>network]
[2016-03-29 17:31:39,470][TRACE][org.elasticsearch.discovery.zen] [node_t3] stopping join accumulation ([not master])
[2016-03-29 17:31:39,470][TRACE][org.elasticsearch.discovery.zen.ping.unicast] [node_t3] [1] disconnecting from {#zen_unicast_2_UdumSPqySZq2FCkBl6pKIw#}{127.0.0.1}{127.0.0.1:30210}[mode=>network]
[2016-03-29 17:31:39,472][TRACE][org.elasticsearch.discovery.zen] [node_t3] joining master {node_t1}{7mM6N0_eQxyn28mYxCpKrw}{127.0.0.1}{127.0.0.1:30211}[mode=>network]
[2016-03-29 17:31:39,474][TRACE][org.elasticsearch.cluster.service] [node_t1] will process [zen-disco-join(join from node[{node_t3}{oczvfipLTr6a3WhOLDyYyg}{127.0.0.1}{127.0.0.1:30213}[mode=>network]])]
[2016-03-29 17:31:39,474][DEBUG][org.elasticsearch.cluster.service] [node_t1] processing [zen-disco-join(join from node[{node_t3}{oczvfipLTr6a3WhOLDyYyg}{127.0.0.1}{127.0.0.1:30213}[mode=>network]])]: execute
[2016-03-29 17:31:39,474][TRACE][org.elasticsearch.cluster.service] [node_t1] cluster state updated, source [zen-disco-join(join from node[{node_t3}{oczvfipLTr6a3WhOLDyYyg}{127.0.0.1}{127.0.0.1:30213}[mode=>network]])]
version: 3
state uuid: TVRtncTZQ2KgTTomBzL8nw
from_diff: false
meta data version: 1
nodes: 
   {node_t3}{oczvfipLTr6a3WhOLDyYyg}{127.0.0.1}{127.0.0.1:30213}[mode=>network]
   {node_t0}{UdumSPqySZq2FCkBl6pKIw}{127.0.0.1}{127.0.0.1:30210}[mode=>network]
   {node_t1}{7mM6N0_eQxyn28mYxCpKrw}{127.0.0.1}{127.0.0.1:30211}[mode=>network], local, master
   {node_t2}{OFXtVNaKRe6VL9NvBc3e0g}{127.0.0.1}{127.0.0.1:30212}[mode=>network]
routing_table (version 1):
routing_nodes:
-----node_id[7mM6N0_eQxyn28mYxCpKrw][V]
-----node_id[oczvfipLTr6a3WhOLDyYyg][V]
-----node_id[UdumSPqySZq2FCkBl6pKIw][V]
-----node_id[OFXtVNaKRe6VL9NvBc3e0g][V]
---- unassigned

[2016-03-29 17:31:39,474][INFO ][org.elasticsearch.cluster.service] [node_t1] added {{node_t3}{oczvfipLTr6a3WhOLDyYyg}{127.0.0.1}{127.0.0.1:30213}[mode=>network],}, reason: zen-disco-join(join from node[{node_t3}{oczvfipLTr6a3WhOLDyYyg}{127.0.0.1}{127.0.0.1:30213}[mode=>network]])
[2016-03-29 17:31:39,474][DEBUG][org.elasticsearch.cluster.service] [node_t1] publishing cluster state version [3]
[2016-03-29 17:31:39,475][DEBUG][org.elasticsearch.discovery.zen.publish] [node_t3] received full cluster state version [3] with size [312]
[2016-03-29 17:31:39,475][DEBUG][org.elasticsearch.discovery.zen.publish] [node_t0] received diff cluster state version [3] with uuid [TVRtncTZQ2KgTTomBzL8nw], diff size [331]
[2016-03-29 17:31:39,475][DEBUG][org.elasticsearch.discovery.zen.publish] [node_t2] received diff cluster state version [3] with uuid [TVRtncTZQ2KgTTomBzL8nw], diff size [331]
[2016-03-29 17:31:39,475][TRACE][org.elasticsearch.discovery.zen.publish] [node_t1] master node {node_t3}{oczvfipLTr6a3WhOLDyYyg}{127.0.0.1}{127.0.0.1:30213}[mode=>network] acked cluster state version [3]. processing ... (current pending [3], needed [2])
[2016-03-29 17:31:39,475][TRACE][org.elasticsearch.discovery.zen.publish] [node_t1] master node {node_t0}{UdumSPqySZq2FCkBl6pKIw}{127.0.0.1}{127.0.0.1:30210}[mode=>network] acked cluster state version [3]. processing ... (current pending [2], needed [1])
[2016-03-29 17:31:39,475][TRACE][org.elasticsearch.discovery.zen.publish] [node_t1] committing version [3]
[2016-03-29 17:31:39,475][TRACE][org.elasticsearch.discovery.zen.publish] [node_t1] sending commit for cluster state (uuid: [TVRtncTZQ2KgTTomBzL8nw], version [3]) to [{node_t3}{oczvfipLTr6a3WhOLDyYyg}{127.0.0.1}{127.0.0.1:30213}[mode=>network]]
[2016-03-29 17:31:39,475][TRACE][org.elasticsearch.discovery.zen.publish] [node_t1] sending commit for cluster state (uuid: [TVRtncTZQ2KgTTomBzL8nw], version [3]) to [{node_t0}{UdumSPqySZq2FCkBl6pKIw}{127.0.0.1}{127.0.0.1:30210}[mode=>network]]
[2016-03-29 17:31:39,475][TRACE][org.elasticsearch.cluster.service] [node_t3] will process [zen-disco-receive(from master [master {node_t1}{7mM6N0_eQxyn28mYxCpKrw}{127.0.0.1}{127.0.0.1:30211}[mode=>network] committed version [3]])]
[2016-03-29 17:31:39,475][TRACE][org.elasticsearch.discovery.zen.publish] [node_t1] sending commit for cluster state (uuid: [TVRtncTZQ2KgTTomBzL8nw], version [3]) to [{node_t2}{OFXtVNaKRe6VL9NvBc3e0g}{127.0.0.1}{127.0.0.1:30212}[mode=>network]]
[2016-03-29 17:31:39,475][DEBUG][org.elasticsearch.cluster.service] [node_t3] processing [zen-disco-receive(from master [master {node_t1}{7mM6N0_eQxyn28mYxCpKrw}{127.0.0.1}{127.0.0.1:30211}[mode=>network] committed version [3]])]: execute
[2016-03-29 17:31:39,475][TRACE][org.elasticsearch.cluster.service] [node_t0] will process [zen-disco-receive(from master [master {node_t1}{7mM6N0_eQxyn28mYxCpKrw}{127.0.0.1}{127.0.0.1:30211}[mode=>network] committed version [3]])]
[2016-03-29 17:31:39,476][DEBUG][org.elasticsearch.discovery.zen.fd] [node_t3] [master] restarting fault detection against master [{node_t1}{7mM6N0_eQxyn28mYxCpKrw}{127.0.0.1}{127.0.0.1:30211}[mode=>network]], reason [new cluster state received and we are monitoring the wrong master [null]]
[2016-03-29 17:31:39,476][TRACE][org.elasticsearch.cluster.service] [node_t2] will process [zen-disco-receive(from master [master {node_t1}{7mM6N0_eQxyn28mYxCpKrw}{127.0.0.1}{127.0.0.1:30211}[mode=>network] committed version [3]])]
[2016-03-29 17:31:39,476][DEBUG][org.elasticsearch.discovery.zen] [node_t3] got first state from fresh master [7mM6N0_eQxyn28mYxCpKrw]
[2016-03-29 17:31:39,476][DEBUG][org.elasticsearch.cluster.service] [node_t2] processing [zen-disco-receive(from master [master {node_t1}{7mM6N0_eQxyn28mYxCpKrw}{127.0.0.1}{127.0.0.1:30211}[mode=>network] committed version [3]])]: execute
[2016-03-29 17:31:39,476][DEBUG][org.elasticsearch.cluster.service] [node_t0] processing [zen-disco-receive(from master [master {node_t1}{7mM6N0_eQxyn28mYxCpKrw}{127.0.0.1}{127.0.0.1:30211}[mode=>network] committed version [3]])]: execute
[2016-03-29 17:31:39,476][TRACE][org.elasticsearch.discovery.zen] [node_t3] updated cluster join cluster to [1]
[2016-03-29 17:31:39,476][TRACE][org.elasticsearch.cluster.service] [node_t2] cluster state updated, source [zen-disco-receive(from master [master {node_t1}{7mM6N0_eQxyn28mYxCpKrw}{127.0.0.1}{127.0.0.1:30211}[mode=>network] committed version [3]])]
version: 3
state uuid: TVRtncTZQ2KgTTomBzL8nw
from_diff: false
meta data version: 1
nodes: 
   {node_t3}{oczvfipLTr6a3WhOLDyYyg}{127.0.0.1}{127.0.0.1:30213}[mode=>network]
   {node_t0}{UdumSPqySZq2FCkBl6pKIw}{127.0.0.1}{127.0.0.1:30210}[mode=>network]
   {node_t1}{7mM6N0_eQxyn28mYxCpKrw}{127.0.0.1}{127.0.0.1:30211}[mode=>network], master
   {node_t2}{OFXtVNaKRe6VL9NvBc3e0g}{127.0.0.1}{127.0.0.1:30212}[mode=>network], local
routing_table (version 1):
routing_nodes:
-----node_id[7mM6N0_eQxyn28mYxCpKrw][V]
-----node_id[oczvfipLTr6a3WhOLDyYyg][V]
-----node_id[UdumSPqySZq2FCkBl6pKIw][V]
-----node_id[OFXtVNaKRe6VL9NvBc3e0g][V]
---- unassigned

[2016-03-29 17:31:39,476][TRACE][org.elasticsearch.cluster.service] [node_t3] cluster state updated, source [zen-disco-receive(from master [master {node_t1}{7mM6N0_eQxyn28mYxCpKrw}{127.0.0.1}{127.0.0.1:30211}[mode=>network] committed version [3]])]
version: 3
state uuid: TVRtncTZQ2KgTTomBzL8nw
from_diff: false
meta data version: 1
nodes: 
   {node_t3}{oczvfipLTr6a3WhOLDyYyg}{127.0.0.1}{127.0.0.1:30213}[mode=>network], local
   {node_t0}{UdumSPqySZq2FCkBl6pKIw}{127.0.0.1}{127.0.0.1:30210}[mode=>network]
   {node_t1}{7mM6N0_eQxyn28mYxCpKrw}{127.0.0.1}{127.0.0.1:30211}[mode=>network], master
   {node_t2}{OFXtVNaKRe6VL9NvBc3e0g}{127.0.0.1}{127.0.0.1:30212}[mode=>network]
routing_table (version 1):
routing_nodes:
-----node_id[7mM6N0_eQxyn28mYxCpKrw][V]
-----node_id[oczvfipLTr6a3WhOLDyYyg][V]
-----node_id[UdumSPqySZq2FCkBl6pKIw][V]
-----node_id[OFXtVNaKRe6VL9NvBc3e0g][V]
---- unassigned

[2016-03-29 17:31:39,476][INFO ][org.elasticsearch.cluster.service] [node_t2] added {{node_t3}{oczvfipLTr6a3WhOLDyYyg}{127.0.0.1}{127.0.0.1:30213}[mode=>network],}, reason: zen-disco-receive(from master [master {node_t1}{7mM6N0_eQxyn28mYxCpKrw}{127.0.0.1}{127.0.0.1:30211}[mode=>network] committed version [3]])
[2016-03-29 17:31:39,476][INFO ][org.elasticsearch.cluster.service] [node_t3] detected_master {node_t1}{7mM6N0_eQxyn28mYxCpKrw}{127.0.0.1}{127.0.0.1:30211}[mode=>network], added {{node_t0}{UdumSPqySZq2FCkBl6pKIw}{127.0.0.1}{127.0.0.1:30210}[mode=>network],{node_t1}{7mM6N0_eQxyn28mYxCpKrw}{127.0.0.1}{127.0.0.1:30211}[mode=>network],{node_t2}{OFXtVNaKRe6VL9NvBc3e0g}{127.0.0.1}{127.0.0.1:30212}[mode=>network],}, reason: zen-disco-receive(from master [master {node_t1}{7mM6N0_eQxyn28mYxCpKrw}{127.0.0.1}{127.0.0.1:30211}[mode=>network] committed version [3]])
[2016-03-29 17:31:39,476][TRACE][org.elasticsearch.cluster.service] [node_t0] cluster state updated, source [zen-disco-receive(from master [master {node_t1}{7mM6N0_eQxyn28mYxCpKrw}{127.0.0.1}{127.0.0.1:30211}[mode=>network] committed version [3]])]
version: 3
state uuid: TVRtncTZQ2KgTTomBzL8nw
from_diff: false
meta data version: 1
nodes: 
   {node_t3}{oczvfipLTr6a3WhOLDyYyg}{127.0.0.1}{127.0.0.1:30213}[mode=>network]
   {node_t0}{UdumSPqySZq2FCkBl6pKIw}{127.0.0.1}{127.0.0.1:30210}[mode=>network], local
   {node_t1}{7mM6N0_eQxyn28mYxCpKrw}{127.0.0.1}{127.0.0.1:30211}[mode=>network], master
   {node_t2}{OFXtVNaKRe6VL9NvBc3e0g}{127.0.0.1}{127.0.0.1:30212}[mode=>network]
routing_table (version 1):
routing_nodes:
-----node_id[7mM6N0_eQxyn28mYxCpKrw][V]
-----node_id[oczvfipLTr6a3WhOLDyYyg][V]
-----node_id[UdumSPqySZq2FCkBl6pKIw][V]
-----node_id[OFXtVNaKRe6VL9NvBc3e0g][V]
---- unassigned

[2016-03-29 17:31:39,476][INFO ][org.elasticsearch.cluster.service] [node_t0] added {{node_t3}{oczvfipLTr6a3WhOLDyYyg}{127.0.0.1}{127.0.0.1:30213}[mode=>network],}, reason: zen-disco-receive(from master [master {node_t1}{7mM6N0_eQxyn28mYxCpKrw}{127.0.0.1}{127.0.0.1:30211}[mode=>network] committed version [3]])
[2016-03-29 17:31:39,479][DEBUG][org.elasticsearch.cluster.service] [node_t0] set local cluster state to version 3
[2016-03-29 17:31:39,479][DEBUG][org.elasticsearch.cluster.service] [node_t2] set local cluster state to version 3
[2016-03-29 17:31:39,479][DEBUG][org.elasticsearch.cluster.service] [node_t0] processing [zen-disco-receive(from master [master {node_t1}{7mM6N0_eQxyn28mYxCpKrw}{127.0.0.1}{127.0.0.1:30211}[mode=>network] committed version [3]])]: took 3ms done applying updated cluster_state (version: 3, uuid: TVRtncTZQ2KgTTomBzL8nw)
[2016-03-29 17:31:39,479][DEBUG][org.elasticsearch.cluster.service] [node_t2] processing [zen-disco-receive(from master [master {node_t1}{7mM6N0_eQxyn28mYxCpKrw}{127.0.0.1}{127.0.0.1:30211}[mode=>network] committed version [3]])]: took 3ms done applying updated cluster_state (version: 3, uuid: TVRtncTZQ2KgTTomBzL8nw)
[2016-03-29 17:31:39,481][DEBUG][org.elasticsearch.cluster.service] [node_t3] set local cluster state to version 3
[2016-03-29 17:31:39,482][DEBUG][org.elasticsearch.cluster.service] [node_t3] processing [zen-disco-receive(from master [master {node_t1}{7mM6N0_eQxyn28mYxCpKrw}{127.0.0.1}{127.0.0.1:30211}[mode=>network] committed version [3]])]: took 6ms done applying updated cluster_state (version: 3, uuid: TVRtncTZQ2KgTTomBzL8nw)
[2016-03-29 17:31:39,482][TRACE][org.elasticsearch.cluster.service] [node_t3] will process [gateway_initial_state_recovery]
[2016-03-29 17:31:39,482][DEBUG][org.elasticsearch.cluster.service] [node_t3] processing [gateway_initial_state_recovery]: execute
[2016-03-29 17:31:39,482][DEBUG][org.elasticsearch.cluster.service] [node_t1] set local cluster state to version 3
[2016-03-29 17:31:39,482][DEBUG][org.elasticsearch.cluster.service] [node_t3] processing [gateway_initial_state_recovery]: took 0s no change in cluster_state
[2016-03-29 17:31:39,482][DEBUG][org.elasticsearch.cluster.service] [node_t1] processing [zen-disco-join(join from node[{node_t3}{oczvfipLTr6a3WhOLDyYyg}{127.0.0.1}{127.0.0.1:30213}[mode=>network]])]: took 8ms done applying updated cluster_state (version: 3, uuid: TVRtncTZQ2KgTTomBzL8nw)
[2016-03-29 17:31:39,482][TRACE][org.elasticsearch.cluster.service] [node_t1] will process [cluster_reroute(post_node_add)]
[2016-03-29 17:31:39,482][DEBUG][org.elasticsearch.cluster.service] [node_t1] processing [cluster_reroute(post_node_add)]: execute
[2016-03-29 17:31:39,483][DEBUG][org.elasticsearch.cluster.service] [node_t1] processing [cluster_reroute(post_node_add)]: took 0s no change in cluster_state
[2016-03-29 17:31:39,483][TRACE][org.elasticsearch.cluster.service] [node_t1] will process [cluster_health (wait_for_events [LANGUID])]
[2016-03-29 17:31:39,483][DEBUG][org.elasticsearch.cluster.service] [node_t1] processing [cluster_health (wait_for_events [LANGUID])]: execute
[2016-03-29 17:31:39,483][DEBUG][org.elasticsearch.cluster.service] [node_t1] processing [cluster_health (wait_for_events [LANGUID])]: took 0s no change in cluster_state
[2016-03-29 17:31:39,483][TRACE][org.elasticsearch.cluster.service] [node_t3] will process [finalize_join ({node_t1}{7mM6N0_eQxyn28mYxCpKrw}{127.0.0.1}{127.0.0.1:30211}[mode=>network])]
[2016-03-29 17:31:39,483][DEBUG][org.elasticsearch.cluster.service] [node_t3] processing [finalize_join ({node_t1}{7mM6N0_eQxyn28mYxCpKrw}{127.0.0.1}{127.0.0.1:30211}[mode=>network])]: execute
[2016-03-29 17:31:39,483][DEBUG][org.elasticsearch.cluster.service] [node_t3] processing [finalize_join ({node_t1}{7mM6N0_eQxyn28mYxCpKrw}{127.0.0.1}{127.0.0.1:30211}[mode=>network])]: took 0s no change in cluster_state
[2016-03-29 17:31:39,484][TRACE][org.elasticsearch.cluster.service] [node_t1] will process [cluster_health (wait_for_events [LANGUID])]
[2016-03-29 17:31:39,484][DEBUG][org.elasticsearch.cluster.service] [node_t1] processing [cluster_health (wait_for_events [LANGUID])]: execute
[2016-03-29 17:31:39,484][DEBUG][org.elasticsearch.cluster.service] [node_t1] processing [cluster_health (wait_for_events [LANGUID])]: took 0s no change in cluster_state
[2016-03-29 17:31:40,432][TRACE][org.elasticsearch.discovery.zen.fd] [node_t0] [master] [{node_t1}{7mM6N0_eQxyn28mYxCpKrw}{127.0.0.1}{127.0.0.1:30211}[mode=>network]] transport disconnected
[2016-03-29 17:31:40,432][DEBUG][org.elasticsearch.discovery.zen.fd] [node_t0] [master] stopping fault detection against master [{node_t1}{7mM6N0_eQxyn28mYxCpKrw}{127.0.0.1}{127.0.0.1:30211}[mode=>network]], reason [master failure, transport disconnected]
[2016-03-29 17:31:40,432][TRACE][org.elasticsearch.discovery.zen.fd] [node_t1] [node  ] [{node_t0}{UdumSPqySZq2FCkBl6pKIw}{127.0.0.1}{127.0.0.1:30210}[mode=>network]] transport disconnected
[2016-03-29 17:31:40,432][INFO ][org.elasticsearch.discovery.zen] [node_t0] master_left [{node_t1}{7mM6N0_eQxyn28mYxCpKrw}{127.0.0.1}{127.0.0.1:30211}[mode=>network]], reason [transport disconnected]
[2016-03-29 17:31:40,432][TRACE][org.elasticsearch.cluster.service] [node_t0] will process [zen-disco-master_failed ({node_t1}{7mM6N0_eQxyn28mYxCpKrw}{127.0.0.1}{127.0.0.1:30211}[mode=>network])]
[2016-03-29 17:31:40,432][TRACE][org.elasticsearch.cluster.service] [node_t1] will process [zen-disco-node_failed({node_t0}{UdumSPqySZq2FCkBl6pKIw}{127.0.0.1}{127.0.0.1:30210}[mode=>network]), reason transport disconnected]
[2016-03-29 17:31:40,432][DEBUG][org.elasticsearch.cluster.service] [node_t0] processing [zen-disco-master_failed ({node_t1}{7mM6N0_eQxyn28mYxCpKrw}{127.0.0.1}{127.0.0.1:30211}[mode=>network])]: execute
[2016-03-29 17:31:40,432][DEBUG][org.elasticsearch.cluster.service] [node_t1] processing [zen-disco-node_failed({node_t0}{UdumSPqySZq2FCkBl6pKIw}{127.0.0.1}{127.0.0.1:30210}[mode=>network]), reason transport disconnected]: execute
[2016-03-29 17:31:40,433][WARN ][org.elasticsearch.discovery.zen] [node_t0] master left (reason = transport disconnected), current nodes: {{node_t3}{oczvfipLTr6a3WhOLDyYyg}{127.0.0.1}{127.0.0.1:30213}[mode=>network],{node_t0}{UdumSPqySZq2FCkBl6pKIw}{127.0.0.1}{127.0.0.1:30210}[mode=>network],{node_t2}{OFXtVNaKRe6VL9NvBc3e0g}{127.0.0.1}{127.0.0.1:30212}[mode=>network],}
[2016-03-29 17:31:40,433][TRACE][org.elasticsearch.cluster.service] [node_t1] cluster state updated, source [zen-disco-node_failed({node_t0}{UdumSPqySZq2FCkBl6pKIw}{127.0.0.1}{127.0.0.1:30210}[mode=>network]), reason transport disconnected]
version: 4
state uuid: MPudj16oR-W5YHnt-_9-vQ
from_diff: false
meta data version: 1
nodes: 
   {node_t3}{oczvfipLTr6a3WhOLDyYyg}{127.0.0.1}{127.0.0.1:30213}[mode=>network]
   {node_t2}{OFXtVNaKRe6VL9NvBc3e0g}{127.0.0.1}{127.0.0.1:30212}[mode=>network]
   {node_t1}{7mM6N0_eQxyn28mYxCpKrw}{127.0.0.1}{127.0.0.1:30211}[mode=>network], local, master
routing_table (version 1):
routing_nodes:
-----node_id[7mM6N0_eQxyn28mYxCpKrw][V]
-----node_id[oczvfipLTr6a3WhOLDyYyg][V]
-----node_id[OFXtVNaKRe6VL9NvBc3e0g][V]
---- unassigned

[2016-03-29 17:31:40,433][TRACE][org.elasticsearch.discovery.zen] [node_t0] starting to accumulate joins
[2016-03-29 17:31:40,433][INFO ][org.elasticsearch.cluster.service] [node_t1] removed {{node_t0}{UdumSPqySZq2FCkBl6pKIw}{127.0.0.1}{127.0.0.1:30210}[mode=>network],}, reason: zen-disco-node_failed({node_t0}{UdumSPqySZq2FCkBl6pKIw}{127.0.0.1}{127.0.0.1:30210}[mode=>network]), reason transport disconnected
[2016-03-29 17:31:40,433][TRACE][org.elasticsearch.discovery.zen] [node_t0] starting to ping
[2016-03-29 17:31:40,433][DEBUG][org.elasticsearch.cluster.service] [node_t1] publishing cluster state version [4]
[2016-03-29 17:31:40,433][TRACE][org.elasticsearch.cluster.service] [node_t0] cluster state updated, source [zen-disco-master_failed ({node_t1}{7mM6N0_eQxyn28mYxCpKrw}{127.0.0.1}{127.0.0.1:30211}[mode=>network])]
version: 3
state uuid: TVRtncTZQ2KgTTomBzL8nw
from_diff: false
meta data version: 1
blocks: 
   _global_:
      2,no master, blocks WRITE,METADATA_WRITE
nodes: 
   {node_t3}{oczvfipLTr6a3WhOLDyYyg}{127.0.0.1}{127.0.0.1:30213}[mode=>network]
   {node_t0}{UdumSPqySZq2FCkBl6pKIw}{127.0.0.1}{127.0.0.1:30210}[mode=>network], local
   {node_t2}{OFXtVNaKRe6VL9NvBc3e0g}{127.0.0.1}{127.0.0.1:30212}[mode=>network]
routing_table (version 1):
routing_nodes:
-----node_id[oczvfipLTr6a3WhOLDyYyg][V]
-----node_id[UdumSPqySZq2FCkBl6pKIw][V]
-----node_id[OFXtVNaKRe6VL9NvBc3e0g][V]
---- unassigned

[2016-03-29 17:31:40,433][TRACE][org.elasticsearch.discovery.zen.ping.unicast] [node_t0] [2] sending to {node_t0}{UdumSPqySZq2FCkBl6pKIw}{127.0.0.1}{127.0.0.1:30210}[mode=>network]
[2016-03-29 17:31:40,433][INFO ][org.elasticsearch.cluster.service] [node_t0] removed {{node_t1}{7mM6N0_eQxyn28mYxCpKrw}{127.0.0.1}{127.0.0.1:30211}[mode=>network],}, reason: zen-disco-master_failed ({node_t1}{7mM6N0_eQxyn28mYxCpKrw}{127.0.0.1}{127.0.0.1:30211}[mode=>network])
[2016-03-29 17:31:40,433][DEBUG][org.elasticsearch.cluster.service] [node_t0] set local cluster state to version 3
[2016-03-29 17:31:40,433][TRACE][org.elasticsearch.discovery.zen.ping.unicast] [node_t0] [2] received response from {node_t0}{UdumSPqySZq2FCkBl6pKIw}{127.0.0.1}{127.0.0.1:30210}[mode=>network]: [ping_response{node [{node_t0}{UdumSPqySZq2FCkBl6pKIw}{127.0.0.1}{127.0.0.1:30210}[mode=>network]], id[473], master [{node_t1}{7mM6N0_eQxyn28mYxCpKrw}{127.0.0.1}{127.0.0.1:30211}[mode=>network]], hasJoinedOnce [true], cluster_name[TEST-CHILD_VM=[1]-CLUSTER_SEED=[2111584377444976928]-HASH=[14406DE1E494B5C8]-cluster]}, ping_response{node [{node_t0}{UdumSPqySZq2FCkBl6pKIw}{127.0.0.1}{127.0.0.1:30210}[mode=>network]], id[474], master [{node_t1}{7mM6N0_eQxyn28mYxCpKrw}{127.0.0.1}{127.0.0.1:30211}[mode=>network]], hasJoinedOnce [true], cluster_name[TEST-CHILD_VM=[1]-CLUSTER_SEED=[2111584377444976928]-HASH=[14406DE1E494B5C8]-cluster]}]
[2016-03-29 17:31:40,433][TRACE][org.elasticsearch.discovery.zen.ping.unicast] [node_t0] [2] sending to {node_t1}{7mM6N0_eQxyn28mYxCpKrw}{127.0.0.1}{127.0.0.1:30211}[mode=>network]
[2016-03-29 17:31:40,433][TRACE][org.elasticsearch.discovery.zen.ping.unicast] [node_t0] [2] sending to {node_t2}{OFXtVNaKRe6VL9NvBc3e0g}{127.0.0.1}{127.0.0.1:30212}[mode=>network]
[2016-03-29 17:31:40,433][WARN ][org.elasticsearch.discovery.zen.ping.unicast] [node_t0] failed to send ping to [{node_t1}{7mM6N0_eQxyn28mYxCpKrw}{127.0.0.1}{127.0.0.1:30211}[mode=>network]]
SendRequestTransportException[[node_t1][127.0.0.1:30211][internal:discovery/zen/unicast]]; nested: ConnectTransportException[[node_t1][127.0.0.1:30211] DISCONNECT: simulated];
	at org.elasticsearch.transport.TransportService.sendRequest(TransportService.java:315)
	at org.elasticsearch.discovery.zen.ping.unicast.UnicastZenPing.sendPingRequestToNode(UnicastZenPing.java:440)
	at org.elasticsearch.discovery.zen.ping.unicast.UnicastZenPing.sendPings(UnicastZenPing.java:426)
	at org.elasticsearch.discovery.zen.ping.unicast.UnicastZenPing.ping(UnicastZenPing.java:240)
	at org.elasticsearch.discovery.zen.ping.ZenPingService.ping(ZenPingService.java:106)
	at org.elasticsearch.discovery.zen.ping.ZenPingService.pingAndWait(ZenPingService.java:84)
	at org.elasticsearch.discovery.zen.ZenDiscovery.findMaster(ZenDiscovery.java:888)
	at org.elasticsearch.discovery.zen.ZenDiscovery.innerJoinCluster(ZenDiscovery.java:394)
	at org.elasticsearch.discovery.zen.ZenDiscovery.access$4700(ZenDiscovery.java:90)
	at org.elasticsearch.discovery.zen.ZenDiscovery$JoinThreadControl$1.run(ZenDiscovery.java:1221)
	at java.util.concurrent.ThreadPoolExecutor.runWorker(ThreadPoolExecutor.java:1142)
	at java.util.concurrent.ThreadPoolExecutor$Worker.run(ThreadPoolExecutor.java:617)
	at java.lang.Thread.run(Thread.java:745)
Caused by: ConnectTransportException[[node_t1][127.0.0.1:30211] DISCONNECT: simulated]
	at org.elasticsearch.test.transport.MockTransportService$1.sendRequest(MockTransportService.java:162)
	at org.elasticsearch.test.transport.MockTransportService$LookupTestTransport.sendRequest(MockTransportService.java:423)
	at org.elasticsearch.transport.TransportService.sendRequest(TransportService.java:304)
	... 12 more
[2016-03-29 17:31:40,434][DEBUG][org.elasticsearch.cluster.service] [node_t0] processing [zen-disco-master_failed ({node_t1}{7mM6N0_eQxyn28mYxCpKrw}{127.0.0.1}{127.0.0.1:30211}[mode=>network])]: took 1ms done applying updated cluster_state (version: 3, uuid: TVRtncTZQ2KgTTomBzL8nw)
[2016-03-29 17:31:40,434][DEBUG][org.elasticsearch.discovery.zen.publish] [node_t3] received diff cluster state version [4] with uuid [MPudj16oR-W5YHnt-_9-vQ], diff size [307]
[2016-03-29 17:31:40,434][DEBUG][org.elasticsearch.discovery.zen.publish] [node_t2] received diff cluster state version [4] with uuid [MPudj16oR-W5YHnt-_9-vQ], diff size [307]
[2016-03-29 17:31:40,433][WARN ][org.elasticsearch.discovery.zen.ping.unicast] [node_t0] failed to send ping to [{node_t2}{OFXtVNaKRe6VL9NvBc3e0g}{127.0.0.1}{127.0.0.1:30212}[mode=>network]]
SendRequestTransportException[[node_t2][127.0.0.1:30212][internal:discovery/zen/unicast]]; nested: ConnectTransportException[[node_t2][127.0.0.1:30212] DISCONNECT: simulated];
	at org.elasticsearch.transport.TransportService.sendRequest(TransportService.java:315)
	at org.elasticsearch.discovery.zen.ping.unicast.UnicastZenPing.sendPingRequestToNode(UnicastZenPing.java:440)
	at org.elasticsearch.discovery.zen.ping.unicast.UnicastZenPing.sendPings(UnicastZenPing.java:426)
	at org.elasticsearch.discovery.zen.ping.unicast.UnicastZenPing.ping(UnicastZenPing.java:240)
	at org.elasticsearch.discovery.zen.ping.ZenPingService.ping(ZenPingService.java:106)
	at org.elasticsearch.discovery.zen.ping.ZenPingService.pingAndWait(ZenPingService.java:84)
	at org.elasticsearch.discovery.zen.ZenDiscovery.findMaster(ZenDiscovery.java:888)
	at org.elasticsearch.discovery.zen.ZenDiscovery.innerJoinCluster(ZenDiscovery.java:394)
	at org.elasticsearch.discovery.zen.ZenDiscovery.access$4700(ZenDiscovery.java:90)
	at org.elasticsearch.discovery.zen.ZenDiscovery$JoinThreadControl$1.run(ZenDiscovery.java:1221)
	at java.util.concurrent.ThreadPoolExecutor.runWorker(ThreadPoolExecutor.java:1142)
	at java.util.concurrent.ThreadPoolExecutor$Worker.run(ThreadPoolExecutor.java:617)
	at java.lang.Thread.run(Thread.java:745)
Caused by: ConnectTransportException[[node_t2][127.0.0.1:30212] DISCONNECT: simulated]
	at org.elasticsearch.test.transport.MockTransportService$1.sendRequest(MockTransportService.java:162)
	at org.elasticsearch.test.transport.MockTransportService$LookupTestTransport.sendRequest(MockTransportService.java:423)
	at org.elasticsearch.transport.TransportService.sendRequest(TransportService.java:304)
	... 12 more
[2016-03-29 17:31:40,433][TRACE][org.elasticsearch.discovery.zen.ping.unicast] [node_t0] [2] sending to {node_t0}{UdumSPqySZq2FCkBl6pKIw}{127.0.0.1}{127.0.0.1:30210}[mode=>network]
[2016-03-29 17:31:40,435][TRACE][org.elasticsearch.discovery.zen.publish] [node_t1] master node {node_t3}{oczvfipLTr6a3WhOLDyYyg}{127.0.0.1}{127.0.0.1:30213}[mode=>network] acked cluster state version [4]. processing ... (current pending [2], needed [2])
[2016-03-29 17:31:40,437][TRACE][org.elasticsearch.discovery.zen.ping.unicast] [node_t0] [2] received response from {node_t0}{UdumSPqySZq2FCkBl6pKIw}{127.0.0.1}{127.0.0.1:30210}[mode=>network]: [ping_response{node [{node_t0}{UdumSPqySZq2FCkBl6pKIw}{127.0.0.1}{127.0.0.1:30210}[mode=>network]], id[473], master [{node_t1}{7mM6N0_eQxyn28mYxCpKrw}{127.0.0.1}{127.0.0.1:30211}[mode=>network]], hasJoinedOnce [true], cluster_name[TEST-CHILD_VM=[1]-CLUSTER_SEED=[2111584377444976928]-HASH=[14406DE1E494B5C8]-cluster]}, ping_response{node [{node_t0}{UdumSPqySZq2FCkBl6pKIw}{127.0.0.1}{127.0.0.1:30210}[mode=>network]], id[473], master [{node_t1}{7mM6N0_eQxyn28mYxCpKrw}{127.0.0.1}{127.0.0.1:30211}[mode=>network]], hasJoinedOnce [true], cluster_name[TEST-CHILD_VM=[1]-CLUSTER_SEED=[2111584377444976928]-HASH=[14406DE1E494B5C8]-cluster]}, ping_response{node [{node_t0}{UdumSPqySZq2FCkBl6pKIw}{127.0.0.1}{127.0.0.1:30210}[mode=>network]], id[475], master [null], hasJoinedOnce [true], cluster_name[TEST-CHILD_VM=[1]-CLUSTER_SEED=[2111584377444976928]-HASH=[14406DE1E494B5C8]-cluster]}]
[2016-03-29 17:31:40,437][TRACE][org.elasticsearch.discovery.zen.publish] [node_t1] master node {node_t2}{OFXtVNaKRe6VL9NvBc3e0g}{127.0.0.1}{127.0.0.1:30212}[mode=>network] acked cluster state version [4]. processing ... (current pending [1], needed [1])
[2016-03-29 17:31:40,437][TRACE][org.elasticsearch.discovery.zen.ping.unicast] [node_t0] [2] sending to {node_t3}{oczvfipLTr6a3WhOLDyYyg}{127.0.0.1}{127.0.0.1:30213}[mode=>network]
[2016-03-29 17:31:40,437][TRACE][org.elasticsearch.discovery.zen.publish] [node_t1] committing version [4]
[2016-03-29 17:31:40,437][TRACE][org.elasticsearch.discovery.zen.publish] [node_t1] sending commit for cluster state (uuid: [MPudj16oR-W5YHnt-_9-vQ], version [4]) to [{node_t3}{oczvfipLTr6a3WhOLDyYyg}{127.0.0.1}{127.0.0.1:30213}[mode=>network]]
[2016-03-29 17:31:40,437][WARN ][org.elasticsearch.discovery.zen.ping.unicast] [node_t0] failed to send ping to [{node_t3}{oczvfipLTr6a3WhOLDyYyg}{127.0.0.1}{127.0.0.1:30213}[mode=>network]]
SendRequestTransportException[[node_t3][127.0.0.1:30213][internal:discovery/zen/unicast]]; nested: ConnectTransportException[[node_t3][127.0.0.1:30213] DISCONNECT: simulated];
	at org.elasticsearch.transport.TransportService.sendRequest(TransportService.java:315)
	at org.elasticsearch.discovery.zen.ping.unicast.UnicastZenPing.sendPingRequestToNode(UnicastZenPing.java:440)
	at org.elasticsearch.discovery.zen.ping.unicast.UnicastZenPing.sendPings(UnicastZenPing.java:426)
	at org.elasticsearch.discovery.zen.ping.unicast.UnicastZenPing.ping(UnicastZenPing.java:240)
	at org.elasticsearch.discovery.zen.ping.ZenPingService.ping(ZenPingService.java:106)
	at org.elasticsearch.discovery.zen.ping.ZenPingService.pingAndWait(ZenPingService.java:84)
	at org.elasticsearch.discovery.zen.ZenDiscovery.findMaster(ZenDiscovery.java:888)
	at org.elasticsearch.discovery.zen.ZenDiscovery.innerJoinCluster(ZenDiscovery.java:394)
	at org.elasticsearch.discovery.zen.ZenDiscovery.access$4700(ZenDiscovery.java:90)
	at org.elasticsearch.discovery.zen.ZenDiscovery$JoinThreadControl$1.run(ZenDiscovery.java:1221)
	at java.util.concurrent.ThreadPoolExecutor.runWorker(ThreadPoolExecutor.java:1142)
	at java.util.concurrent.ThreadPoolExecutor$Worker.run(ThreadPoolExecutor.java:617)
	at java.lang.Thread.run(Thread.java:745)
Caused by: ConnectTransportException[[node_t3][127.0.0.1:30213] DISCONNECT: simulated]
	at org.elasticsearch.test.transport.MockTransportService$1.sendRequest(MockTransportService.java:162)
	at org.elasticsearch.test.transport.MockTransportService$LookupTestTransport.sendRequest(MockTransportService.java:423)
	at org.elasticsearch.transport.TransportService.sendRequest(TransportService.java:304)
	... 12 more
[2016-03-29 17:31:40,438][TRACE][org.elasticsearch.cluster.service] [node_t3] will process [zen-disco-receive(from master [master {node_t1}{7mM6N0_eQxyn28mYxCpKrw}{127.0.0.1}{127.0.0.1:30211}[mode=>network] committed version [4]])]
[2016-03-29 17:31:40,437][TRACE][org.elasticsearch.discovery.zen.publish] [node_t1] sending commit for cluster state (uuid: [MPudj16oR-W5YHnt-_9-vQ], version [4]) to [{node_t2}{OFXtVNaKRe6VL9NvBc3e0g}{127.0.0.1}{127.0.0.1:30212}[mode=>network]]
[2016-03-29 17:31:40,439][DEBUG][org.elasticsearch.cluster.service] [node_t3] processing [zen-disco-receive(from master [master {node_t1}{7mM6N0_eQxyn28mYxCpKrw}{127.0.0.1}{127.0.0.1:30211}[mode=>network] committed version [4]])]: execute
[2016-03-29 17:31:40,439][TRACE][org.elasticsearch.cluster.service] [node_t3] cluster state updated, source [zen-disco-receive(from master [master {node_t1}{7mM6N0_eQxyn28mYxCpKrw}{127.0.0.1}{127.0.0.1:30211}[mode=>network] committed version [4]])]
version: 4
state uuid: MPudj16oR-W5YHnt-_9-vQ
from_diff: false
meta data version: 1
nodes: 
   {node_t3}{oczvfipLTr6a3WhOLDyYyg}{127.0.0.1}{127.0.0.1:30213}[mode=>network], local
   {node_t2}{OFXtVNaKRe6VL9NvBc3e0g}{127.0.0.1}{127.0.0.1:30212}[mode=>network]
   {node_t1}{7mM6N0_eQxyn28mYxCpKrw}{127.0.0.1}{127.0.0.1:30211}[mode=>network], master
routing_table (version 1):
routing_nodes:
-----node_id[7mM6N0_eQxyn28mYxCpKrw][V]
-----node_id[oczvfipLTr6a3WhOLDyYyg][V]
-----node_id[OFXtVNaKRe6VL9NvBc3e0g][V]
---- unassigned

[2016-03-29 17:31:40,439][TRACE][org.elasticsearch.cluster.service] [node_t2] will process [zen-disco-receive(from master [master {node_t1}{7mM6N0_eQxyn28mYxCpKrw}{127.0.0.1}{127.0.0.1:30211}[mode=>network] committed version [4]])]
[2016-03-29 17:31:40,439][INFO ][org.elasticsearch.cluster.service] [node_t3] removed {{node_t0}{UdumSPqySZq2FCkBl6pKIw}{127.0.0.1}{127.0.0.1:30210}[mode=>network],}, reason: zen-disco-receive(from master [master {node_t1}{7mM6N0_eQxyn28mYxCpKrw}{127.0.0.1}{127.0.0.1:30211}[mode=>network] committed version [4]])
[2016-03-29 17:31:40,439][DEBUG][org.elasticsearch.cluster.service] [node_t3] set local cluster state to version 4
[2016-03-29 17:31:40,439][DEBUG][org.elasticsearch.cluster.service] [node_t2] processing [zen-disco-receive(from master [master {node_t1}{7mM6N0_eQxyn28mYxCpKrw}{127.0.0.1}{127.0.0.1:30211}[mode=>network] committed version [4]])]: execute
[2016-03-29 17:31:40,439][TRACE][org.elasticsearch.cluster.service] [node_t2] cluster state updated, source [zen-disco-receive(from master [master {node_t1}{7mM6N0_eQxyn28mYxCpKrw}{127.0.0.1}{127.0.0.1:30211}[mode=>network] committed version [4]])]
version: 4
state uuid: MPudj16oR-W5YHnt-_9-vQ
from_diff: false
meta data version: 1
nodes: 
   {node_t3}{oczvfipLTr6a3WhOLDyYyg}{127.0.0.1}{127.0.0.1:30213}[mode=>network]
   {node_t2}{OFXtVNaKRe6VL9NvBc3e0g}{127.0.0.1}{127.0.0.1:30212}[mode=>network], local
   {node_t1}{7mM6N0_eQxyn28mYxCpKrw}{127.0.0.1}{127.0.0.1:30211}[mode=>network], master
routing_table (version 1):
routing_nodes:
-----node_id[7mM6N0_eQxyn28mYxCpKrw][V]
-----node_id[oczvfipLTr6a3WhOLDyYyg][V]
-----node_id[OFXtVNaKRe6VL9NvBc3e0g][V]
---- unassigned

[2016-03-29 17:31:40,439][INFO ][org.elasticsearch.cluster.service] [node_t2] removed {{node_t0}{UdumSPqySZq2FCkBl6pKIw}{127.0.0.1}{127.0.0.1:30210}[mode=>network],}, reason: zen-disco-receive(from master [master {node_t1}{7mM6N0_eQxyn28mYxCpKrw}{127.0.0.1}{127.0.0.1:30211}[mode=>network] committed version [4]])
[2016-03-29 17:31:40,439][DEBUG][org.elasticsearch.cluster.service] [node_t2] set local cluster state to version 4
[2016-03-29 17:31:40,440][DEBUG][org.elasticsearch.cluster.service] [node_t3] processing [zen-disco-receive(from master [master {node_t1}{7mM6N0_eQxyn28mYxCpKrw}{127.0.0.1}{127.0.0.1:30211}[mode=>network] committed version [4]])]: took 0s done applying updated cluster_state (version: 4, uuid: MPudj16oR-W5YHnt-_9-vQ)
[2016-03-29 17:31:40,440][DEBUG][org.elasticsearch.cluster.service] [node_t2] processing [zen-disco-receive(from master [master {node_t1}{7mM6N0_eQxyn28mYxCpKrw}{127.0.0.1}{127.0.0.1:30211}[mode=>network] committed version [4]])]: took 0s done applying updated cluster_state (version: 4, uuid: MPudj16oR-W5YHnt-_9-vQ)
[2016-03-29 17:31:40,440][DEBUG][org.elasticsearch.cluster.service] [node_t1] set local cluster state to version 4
[2016-03-29 17:31:40,441][DEBUG][org.elasticsearch.cluster.service] [node_t1] processing [zen-disco-node_failed({node_t0}{UdumSPqySZq2FCkBl6pKIw}{127.0.0.1}{127.0.0.1:30210}[mode=>network]), reason transport disconnected]: took 8ms done applying updated cluster_state (version: 4, uuid: MPudj16oR-W5YHnt-_9-vQ)
[2016-03-29 17:31:40,441][TRACE][org.elasticsearch.cluster.service] [node_t1] will process [cluster_health (wait_for_events [LANGUID])]
[2016-03-29 17:31:40,441][DEBUG][org.elasticsearch.cluster.service] [node_t1] processing [cluster_health (wait_for_events [LANGUID])]: execute
[2016-03-29 17:31:40,441][DEBUG][org.elasticsearch.cluster.service] [node_t1] processing [cluster_health (wait_for_events [LANGUID])]: took 0s no change in cluster_state
[2016-03-29 17:31:41,943][TRACE][org.elasticsearch.discovery.zen.ping.unicast] [node_t0] [2] sending to {node_t0}{UdumSPqySZq2FCkBl6pKIw}{127.0.0.1}{127.0.0.1:30210}[mode=>network]
[2016-03-29 17:31:41,943][TRACE][org.elasticsearch.discovery.zen.ping.unicast] [node_t0] [2] received response from {node_t0}{UdumSPqySZq2FCkBl6pKIw}{127.0.0.1}{127.0.0.1:30210}[mode=>network]: [ping_response{node [{node_t0}{UdumSPqySZq2FCkBl6pKIw}{127.0.0.1}{127.0.0.1:30210}[mode=>network]], id[473], master [{node_t1}{7mM6N0_eQxyn28mYxCpKrw}{127.0.0.1}{127.0.0.1:30211}[mode=>network]], hasJoinedOnce [true], cluster_name[TEST-CHILD_VM=[1]-CLUSTER_SEED=[2111584377444976928]-HASH=[14406DE1E494B5C8]-cluster]}, ping_response{node [{node_t0}{UdumSPqySZq2FCkBl6pKIw}{127.0.0.1}{127.0.0.1:30210}[mode=>network]], id[473], master [{node_t1}{7mM6N0_eQxyn28mYxCpKrw}{127.0.0.1}{127.0.0.1:30211}[mode=>network]], hasJoinedOnce [true], cluster_name[TEST-CHILD_VM=[1]-CLUSTER_SEED=[2111584377444976928]-HASH=[14406DE1E494B5C8]-cluster]}, ping_response{node [{node_t0}{UdumSPqySZq2FCkBl6pKIw}{127.0.0.1}{127.0.0.1:30210}[mode=>network]], id[476], master [null], hasJoinedOnce [true], cluster_name[TEST-CHILD_VM=[1]-CLUSTER_SEED=[2111584377444976928]-HASH=[14406DE1E494B5C8]-cluster]}, ping_response{node [{node_t0}{UdumSPqySZq2FCkBl6pKIw}{127.0.0.1}{127.0.0.1:30210}[mode=>network]], id[477], master [null], hasJoinedOnce [true], cluster_name[TEST-CHILD_VM=[1]-CLUSTER_SEED=[2111584377444976928]-HASH=[14406DE1E494B5C8]-cluster]}]
[2016-03-29 17:31:41,943][TRACE][org.elasticsearch.discovery.zen.ping.unicast] [node_t0] [2] sending to {node_t2}{OFXtVNaKRe6VL9NvBc3e0g}{127.0.0.1}{127.0.0.1:30212}[mode=>network]
[2016-03-29 17:31:41,943][TRACE][org.elasticsearch.discovery.zen.ping.unicast] [node_t0] [2] sending to {node_t0}{UdumSPqySZq2FCkBl6pKIw}{127.0.0.1}{127.0.0.1:30210}[mode=>network]
[2016-03-29 17:31:41,943][TRACE][org.elasticsearch.discovery.zen.ping.unicast] [node_t0] [2] received response from {node_t0}{UdumSPqySZq2FCkBl6pKIw}{127.0.0.1}{127.0.0.1:30210}[mode=>network]: [ping_response{node [{node_t0}{UdumSPqySZq2FCkBl6pKIw}{127.0.0.1}{127.0.0.1:30210}[mode=>network]], id[473], master [{node_t1}{7mM6N0_eQxyn28mYxCpKrw}{127.0.0.1}{127.0.0.1:30211}[mode=>network]], hasJoinedOnce [true], cluster_name[TEST-CHILD_VM=[1]-CLUSTER_SEED=[2111584377444976928]-HASH=[14406DE1E494B5C8]-cluster]}, ping_response{node [{node_t0}{UdumSPqySZq2FCkBl6pKIw}{127.0.0.1}{127.0.0.1:30210}[mode=>network]], id[473], master [{node_t1}{7mM6N0_eQxyn28mYxCpKrw}{127.0.0.1}{127.0.0.1:30211}[mode=>network]], hasJoinedOnce [true], cluster_name[TEST-CHILD_VM=[1]-CLUSTER_SEED=[2111584377444976928]-HASH=[14406DE1E494B5C8]-cluster]}, ping_response{node [{node_t0}{UdumSPqySZq2FCkBl6pKIw}{127.0.0.1}{127.0.0.1:30210}[mode=>network]], id[476], master [null], hasJoinedOnce [true], cluster_name[TEST-CHILD_VM=[1]-CLUSTER_SEED=[2111584377444976928]-HASH=[14406DE1E494B5C8]-cluster]}, ping_response{node [{node_t0}{UdumSPqySZq2FCkBl6pKIw}{127.0.0.1}{127.0.0.1:30210}[mode=>network]], id[476], master [null], hasJoinedOnce [true], cluster_name[TEST-CHILD_VM=[1]-CLUSTER_SEED=[2111584377444976928]-HASH=[14406DE1E494B5C8]-cluster]}, ping_response{node [{node_t0}{UdumSPqySZq2FCkBl6pKIw}{127.0.0.1}{127.0.0.1:30210}[mode=>network]], id[478], master [null], hasJoinedOnce [true], cluster_name[TEST-CHILD_VM=[1]-CLUSTER_SEED=[2111584377444976928]-HASH=[14406DE1E494B5C8]-cluster]}]
[2016-03-29 17:31:41,943][TRACE][org.elasticsearch.discovery.zen.ping.unicast] [node_t0] [2] sending to {node_t3}{oczvfipLTr6a3WhOLDyYyg}{127.0.0.1}{127.0.0.1:30213}[mode=>network]
[2016-03-29 17:31:41,943][TRACE][org.elasticsearch.discovery.zen.ping.unicast] [node_t0] [2] received response from {node_t2}{OFXtVNaKRe6VL9NvBc3e0g}{127.0.0.1}{127.0.0.1:30212}[mode=>network]: [ping_response{node [{node_t0}{UdumSPqySZq2FCkBl6pKIw}{127.0.0.1}{127.0.0.1:30210}[mode=>network]], id[476], master [null], hasJoinedOnce [true], cluster_name[TEST-CHILD_VM=[1]-CLUSTER_SEED=[2111584377444976928]-HASH=[14406DE1E494B5C8]-cluster]}, ping_response{node [{node_t2}{OFXtVNaKRe6VL9NvBc3e0g}{127.0.0.1}{127.0.0.1:30212}[mode=>network]], id[479], master [{node_t1}{7mM6N0_eQxyn28mYxCpKrw}{127.0.0.1}{127.0.0.1:30211}[mode=>network]], hasJoinedOnce [true], cluster_name[TEST-CHILD_VM=[1]-CLUSTER_SEED=[2111584377444976928]-HASH=[14406DE1E494B5C8]-cluster]}]
[2016-03-29 17:31:41,944][TRACE][org.elasticsearch.discovery.zen.ping.unicast] [node_t0] [2] received response from {node_t3}{oczvfipLTr6a3WhOLDyYyg}{127.0.0.1}{127.0.0.1:30213}[mode=>network]: [ping_response{node [{node_t0}{UdumSPqySZq2FCkBl6pKIw}{127.0.0.1}{127.0.0.1:30210}[mode=>network]], id[476], master [null], hasJoinedOnce [true], cluster_name[TEST-CHILD_VM=[1]-CLUSTER_SEED=[2111584377444976928]-HASH=[14406DE1E494B5C8]-cluster]}, ping_response{node [{node_t3}{oczvfipLTr6a3WhOLDyYyg}{127.0.0.1}{127.0.0.1:30213}[mode=>network]], id[480], master [{node_t1}{7mM6N0_eQxyn28mYxCpKrw}{127.0.0.1}{127.0.0.1:30211}[mode=>network]], hasJoinedOnce [true], cluster_name[TEST-CHILD_VM=[1]-CLUSTER_SEED=[2111584377444976928]-HASH=[14406DE1E494B5C8]-cluster]}]
[2016-03-29 17:31:43,452][TRACE][org.elasticsearch.discovery.zen.ping.unicast] [node_t0] [2] sending to {node_t0}{UdumSPqySZq2FCkBl6pKIw}{127.0.0.1}{127.0.0.1:30210}[mode=>network]
[2016-03-29 17:31:43,452][TRACE][org.elasticsearch.discovery.zen.ping.unicast] [node_t0] [2] received response from {node_t0}{UdumSPqySZq2FCkBl6pKIw}{127.0.0.1}{127.0.0.1:30210}[mode=>network]: [ping_response{node [{node_t0}{UdumSPqySZq2FCkBl6pKIw}{127.0.0.1}{127.0.0.1:30210}[mode=>network]], id[473], master [{node_t1}{7mM6N0_eQxyn28mYxCpKrw}{127.0.0.1}{127.0.0.1:30211}[mode=>network]], hasJoinedOnce [true], cluster_name[TEST-CHILD_VM=[1]-CLUSTER_SEED=[2111584377444976928]-HASH=[14406DE1E494B5C8]-cluster]}, ping_response{node [{node_t0}{UdumSPqySZq2FCkBl6pKIw}{127.0.0.1}{127.0.0.1:30210}[mode=>network]], id[473], master [{node_t1}{7mM6N0_eQxyn28mYxCpKrw}{127.0.0.1}{127.0.0.1:30211}[mode=>network]], hasJoinedOnce [true], cluster_name[TEST-CHILD_VM=[1]-CLUSTER_SEED=[2111584377444976928]-HASH=[14406DE1E494B5C8]-cluster]}, ping_response{node [{node_t0}{UdumSPqySZq2FCkBl6pKIw}{127.0.0.1}{127.0.0.1:30210}[mode=>network]], id[476], master [null], hasJoinedOnce [true], cluster_name[TEST-CHILD_VM=[1]-CLUSTER_SEED=[2111584377444976928]-HASH=[14406DE1E494B5C8]-cluster]}, ping_response{node [{node_t0}{UdumSPqySZq2FCkBl6pKIw}{127.0.0.1}{127.0.0.1:30210}[mode=>network]], id[476], master [null], hasJoinedOnce [true], cluster_name[TEST-CHILD_VM=[1]-CLUSTER_SEED=[2111584377444976928]-HASH=[14406DE1E494B5C8]-cluster]}, ping_response{node [{node_t0}{UdumSPqySZq2FCkBl6pKIw}{127.0.0.1}{127.0.0.1:30210}[mode=>network]], id[481], master [null], hasJoinedOnce [true], cluster_name[TEST-CHILD_VM=[1]-CLUSTER_SEED=[2111584377444976928]-HASH=[14406DE1E494B5C8]-cluster]}, ping_response{node [{node_t0}{UdumSPqySZq2FCkBl6pKIw}{127.0.0.1}{127.0.0.1:30210}[mode=>network]], id[482], master [null], hasJoinedOnce [true], cluster_name[TEST-CHILD_VM=[1]-CLUSTER_SEED=[2111584377444976928]-HASH=[14406DE1E494B5C8]-cluster]}]
[2016-03-29 17:31:43,452][TRACE][org.elasticsearch.discovery.zen.ping.unicast] [node_t0] [2] sending to {node_t2}{OFXtVNaKRe6VL9NvBc3e0g}{127.0.0.1}{127.0.0.1:30212}[mode=>network]
[2016-03-29 17:31:43,452][TRACE][org.elasticsearch.discovery.zen.ping.unicast] [node_t0] [2] sending to {node_t0}{UdumSPqySZq2FCkBl6pKIw}{127.0.0.1}{127.0.0.1:30210}[mode=>network]
[2016-03-29 17:31:43,452][TRACE][org.elasticsearch.discovery.zen.ping.unicast] [node_t0] [2] received response from {node_t0}{UdumSPqySZq2FCkBl6pKIw}{127.0.0.1}{127.0.0.1:30210}[mode=>network]: [ping_response{node [{node_t0}{UdumSPqySZq2FCkBl6pKIw}{127.0.0.1}{127.0.0.1:30210}[mode=>network]], id[473], master [{node_t1}{7mM6N0_eQxyn28mYxCpKrw}{127.0.0.1}{127.0.0.1:30211}[mode=>network]], hasJoinedOnce [true], cluster_name[TEST-CHILD_VM=[1]-CLUSTER_SEED=[2111584377444976928]-HASH=[14406DE1E494B5C8]-cluster]}, ping_response{node [{node_t0}{UdumSPqySZq2FCkBl6pKIw}{127.0.0.1}{127.0.0.1:30210}[mode=>network]], id[473], master [{node_t1}{7mM6N0_eQxyn28mYxCpKrw}{127.0.0.1}{127.0.0.1:30211}[mode=>network]], hasJoinedOnce [true], cluster_name[TEST-CHILD_VM=[1]-CLUSTER_SEED=[2111584377444976928]-HASH=[14406DE1E494B5C8]-cluster]}, ping_response{node [{node_t0}{UdumSPqySZq2FCkBl6pKIw}{127.0.0.1}{127.0.0.1:30210}[mode=>network]], id[476], master [null], hasJoinedOnce [true], cluster_name[TEST-CHILD_VM=[1]-CLUSTER_SEED=[2111584377444976928]-HASH=[14406DE1E494B5C8]-cluster]}, ping_response{node [{node_t0}{UdumSPqySZq2FCkBl6pKIw}{127.0.0.1}{127.0.0.1:30210}[mode=>network]], id[476], master [null], hasJoinedOnce [true], cluster_name[TEST-CHILD_VM=[1]-CLUSTER_SEED=[2111584377444976928]-HASH=[14406DE1E494B5C8]-cluster]}, ping_response{node [{node_t0}{UdumSPqySZq2FCkBl6pKIw}{127.0.0.1}{127.0.0.1:30210}[mode=>network]], id[481], master [null], hasJoinedOnce [true], cluster_name[TEST-CHILD_VM=[1]-CLUSTER_SEED=[2111584377444976928]-HASH=[14406DE1E494B5C8]-cluster]}, ping_response{node [{node_t0}{UdumSPqySZq2FCkBl6pKIw}{127.0.0.1}{127.0.0.1:30210}[mode=>network]], id[481], master [null], hasJoinedOnce [true], cluster_name[TEST-CHILD_VM=[1]-CLUSTER_SEED=[2111584377444976928]-HASH=[14406DE1E494B5C8]-cluster]}, ping_response{node [{node_t0}{UdumSPqySZq2FCkBl6pKIw}{127.0.0.1}{127.0.0.1:30210}[mode=>network]], id[483], master [null], hasJoinedOnce [true], cluster_name[TEST-CHILD_VM=[1]-CLUSTER_SEED=[2111584377444976928]-HASH=[14406DE1E494B5C8]-cluster]}]
[2016-03-29 17:31:43,453][TRACE][org.elasticsearch.discovery.zen.ping.unicast] [node_t0] [2] sending to {node_t3}{oczvfipLTr6a3WhOLDyYyg}{127.0.0.1}{127.0.0.1:30213}[mode=>network]
[2016-03-29 17:31:43,453][TRACE][org.elasticsearch.discovery.zen.ping.unicast] [node_t0] [2] received response from {node_t2}{OFXtVNaKRe6VL9NvBc3e0g}{127.0.0.1}{127.0.0.1:30212}[mode=>network]: [ping_response{node [{node_t0}{UdumSPqySZq2FCkBl6pKIw}{127.0.0.1}{127.0.0.1:30210}[mode=>network]], id[476], master [null], hasJoinedOnce [true], cluster_name[TEST-CHILD_VM=[1]-CLUSTER_SEED=[2111584377444976928]-HASH=[14406DE1E494B5C8]-cluster]}, ping_response{node [{node_t0}{UdumSPqySZq2FCkBl6pKIw}{127.0.0.1}{127.0.0.1:30210}[mode=>network]], id[481], master [null], hasJoinedOnce [true], cluster_name[TEST-CHILD_VM=[1]-CLUSTER_SEED=[2111584377444976928]-HASH=[14406DE1E494B5C8]-cluster]}, ping_response{node [{node_t2}{OFXtVNaKRe6VL9NvBc3e0g}{127.0.0.1}{127.0.0.1:30212}[mode=>network]], id[484], master [{node_t1}{7mM6N0_eQxyn28mYxCpKrw}{127.0.0.1}{127.0.0.1:30211}[mode=>network]], hasJoinedOnce [true], cluster_name[TEST-CHILD_VM=[1]-CLUSTER_SEED=[2111584377444976928]-HASH=[14406DE1E494B5C8]-cluster]}]
[2016-03-29 17:31:43,454][TRACE][org.elasticsearch.discovery.zen.ping.unicast] [node_t0] [2] received response from {node_t3}{oczvfipLTr6a3WhOLDyYyg}{127.0.0.1}{127.0.0.1:30213}[mode=>network]: [ping_response{node [{node_t0}{UdumSPqySZq2FCkBl6pKIw}{127.0.0.1}{127.0.0.1:30210}[mode=>network]], id[476], master [null], hasJoinedOnce [true], cluster_name[TEST-CHILD_VM=[1]-CLUSTER_SEED=[2111584377444976928]-HASH=[14406DE1E494B5C8]-cluster]}, ping_response{node [{node_t0}{UdumSPqySZq2FCkBl6pKIw}{127.0.0.1}{127.0.0.1:30210}[mode=>network]], id[481], master [null], hasJoinedOnce [true], cluster_name[TEST-CHILD_VM=[1]-CLUSTER_SEED=[2111584377444976928]-HASH=[14406DE1E494B5C8]-cluster]}, ping_response{node [{node_t3}{oczvfipLTr6a3WhOLDyYyg}{127.0.0.1}{127.0.0.1:30213}[mode=>network]], id[485], master [{node_t1}{7mM6N0_eQxyn28mYxCpKrw}{127.0.0.1}{127.0.0.1:30211}[mode=>network]], hasJoinedOnce [true], cluster_name[TEST-CHILD_VM=[1]-CLUSTER_SEED=[2111584377444976928]-HASH=[14406DE1E494B5C8]-cluster]}]
[2016-03-29 17:31:43,454][TRACE][org.elasticsearch.discovery.zen] [node_t0] full ping responses:
	--> ping_response{node [{node_t3}{oczvfipLTr6a3WhOLDyYyg}{127.0.0.1}{127.0.0.1:30213}[mode=>network]], id[485], master [{node_t1}{7mM6N0_eQxyn28mYxCpKrw}{127.0.0.1}{127.0.0.1:30211}[mode=>network]], hasJoinedOnce [true], cluster_name[TEST-CHILD_VM=[1]-CLUSTER_SEED=[2111584377444976928]-HASH=[14406DE1E494B5C8]-cluster]}
	--> ping_response{node [{node_t2}{OFXtVNaKRe6VL9NvBc3e0g}{127.0.0.1}{127.0.0.1:30212}[mode=>network]], id[484], master [{node_t1}{7mM6N0_eQxyn28mYxCpKrw}{127.0.0.1}{127.0.0.1:30211}[mode=>network]], hasJoinedOnce [true], cluster_name[TEST-CHILD_VM=[1]-CLUSTER_SEED=[2111584377444976928]-HASH=[14406DE1E494B5C8]-cluster]}
[2016-03-29 17:31:43,454][DEBUG][org.elasticsearch.discovery.zen] [node_t0] filtered ping responses: (filter_client[true], filter_data[false])
	--> ping_response{node [{node_t3}{oczvfipLTr6a3WhOLDyYyg}{127.0.0.1}{127.0.0.1:30213}[mode=>network]], id[485], master [{node_t1}{7mM6N0_eQxyn28mYxCpKrw}{127.0.0.1}{127.0.0.1:30211}[mode=>network]], hasJoinedOnce [true], cluster_name[TEST-CHILD_VM=[1]-CLUSTER_SEED=[2111584377444976928]-HASH=[14406DE1E494B5C8]-cluster]}
	--> ping_response{node [{node_t2}{OFXtVNaKRe6VL9NvBc3e0g}{127.0.0.1}{127.0.0.1:30212}[mode=>network]], id[484], master [{node_t1}{7mM6N0_eQxyn28mYxCpKrw}{127.0.0.1}{127.0.0.1:30211}[mode=>network]], hasJoinedOnce [true], cluster_name[TEST-CHILD_VM=[1]-CLUSTER_SEED=[2111584377444976928]-HASH=[14406DE1E494B5C8]-cluster]}
[2016-03-29 17:31:43,454][TRACE][org.elasticsearch.discovery.zen] [node_t0] adding local node to the list of active nodes who has previously joined the cluster (joins counter is [1})
[2016-03-29 17:31:43,454][TRACE][org.elasticsearch.discovery.zen] [node_t0] stopping join accumulation ([not master])
[2016-03-29 17:31:43,455][TRACE][org.elasticsearch.discovery.zen] [node_t0] joining master {node_t1}{7mM6N0_eQxyn28mYxCpKrw}{127.0.0.1}{127.0.0.1:30211}[mode=>network]
[2016-03-29 17:31:43,458][TRACE][org.elasticsearch.cluster.service] [node_t1] will process [zen-disco-join(join from node[{node_t0}{UdumSPqySZq2FCkBl6pKIw}{127.0.0.1}{127.0.0.1:30210}[mode=>network]])]
[2016-03-29 17:31:43,458][DEBUG][org.elasticsearch.cluster.service] [node_t1] processing [zen-disco-join(join from node[{node_t0}{UdumSPqySZq2FCkBl6pKIw}{127.0.0.1}{127.0.0.1:30210}[mode=>network]])]: execute
[2016-03-29 17:31:43,458][TRACE][org.elasticsearch.cluster.service] [node_t1] cluster state updated, source [zen-disco-join(join from node[{node_t0}{UdumSPqySZq2FCkBl6pKIw}{127.0.0.1}{127.0.0.1:30210}[mode=>network]])]
version: 5
state uuid: BsGkmbW7SHiaZdJhl9trvQ
from_diff: false
meta data version: 1
nodes: 
   {node_t3}{oczvfipLTr6a3WhOLDyYyg}{127.0.0.1}{127.0.0.1:30213}[mode=>network]
   {node_t2}{OFXtVNaKRe6VL9NvBc3e0g}{127.0.0.1}{127.0.0.1:30212}[mode=>network]
   {node_t1}{7mM6N0_eQxyn28mYxCpKrw}{127.0.0.1}{127.0.0.1:30211}[mode=>network], local, master
   {node_t0}{UdumSPqySZq2FCkBl6pKIw}{127.0.0.1}{127.0.0.1:30210}[mode=>network]
routing_table (version 1):
routing_nodes:
-----node_id[7mM6N0_eQxyn28mYxCpKrw][V]
-----node_id[oczvfipLTr6a3WhOLDyYyg][V]
-----node_id[UdumSPqySZq2FCkBl6pKIw][V]
-----node_id[OFXtVNaKRe6VL9NvBc3e0g][V]
---- unassigned

[2016-03-29 17:31:43,458][INFO ][org.elasticsearch.cluster.service] [node_t1] added {{node_t0}{UdumSPqySZq2FCkBl6pKIw}{127.0.0.1}{127.0.0.1:30210}[mode=>network],}, reason: zen-disco-join(join from node[{node_t0}{UdumSPqySZq2FCkBl6pKIw}{127.0.0.1}{127.0.0.1:30210}[mode=>network]])
[2016-03-29 17:31:43,458][DEBUG][org.elasticsearch.cluster.service] [node_t1] publishing cluster state version [5]
[2016-03-29 17:31:43,459][DEBUG][org.elasticsearch.discovery.zen.publish] [node_t3] received diff cluster state version [5] with uuid [BsGkmbW7SHiaZdJhl9trvQ], diff size [332]
[2016-03-29 17:31:43,459][DEBUG][org.elasticsearch.discovery.zen.publish] [node_t2] received diff cluster state version [5] with uuid [BsGkmbW7SHiaZdJhl9trvQ], diff size [332]
[2016-03-29 17:31:43,459][DEBUG][org.elasticsearch.discovery.zen.publish] [node_t0] received full cluster state version [5] with size [314]
[2016-03-29 17:31:43,459][TRACE][org.elasticsearch.discovery.zen.publish] [node_t1] master node {node_t3}{oczvfipLTr6a3WhOLDyYyg}{127.0.0.1}{127.0.0.1:30213}[mode=>network] acked cluster state version [5]. processing ... (current pending [3], needed [2])
[2016-03-29 17:31:43,459][TRACE][org.elasticsearch.discovery.zen.publish] [node_t1] master node {node_t2}{OFXtVNaKRe6VL9NvBc3e0g}{127.0.0.1}{127.0.0.1:30212}[mode=>network] acked cluster state version [5]. processing ... (current pending [2], needed [1])
[2016-03-29 17:31:43,459][TRACE][org.elasticsearch.discovery.zen.publish] [node_t1] committing version [5]
[2016-03-29 17:31:43,459][TRACE][org.elasticsearch.discovery.zen.publish] [node_t1] sending commit for cluster state (uuid: [BsGkmbW7SHiaZdJhl9trvQ], version [5]) to [{node_t3}{oczvfipLTr6a3WhOLDyYyg}{127.0.0.1}{127.0.0.1:30213}[mode=>network]]
[2016-03-29 17:31:43,459][TRACE][org.elasticsearch.discovery.zen.publish] [node_t1] sending commit for cluster state (uuid: [BsGkmbW7SHiaZdJhl9trvQ], version [5]) to [{node_t2}{OFXtVNaKRe6VL9NvBc3e0g}{127.0.0.1}{127.0.0.1:30212}[mode=>network]]
[2016-03-29 17:31:43,459][TRACE][org.elasticsearch.cluster.service] [node_t3] will process [zen-disco-receive(from master [master {node_t1}{7mM6N0_eQxyn28mYxCpKrw}{127.0.0.1}{127.0.0.1:30211}[mode=>network] committed version [5]])]
[2016-03-29 17:31:43,459][TRACE][org.elasticsearch.discovery.zen.publish] [node_t1] sending commit for cluster state (uuid: [BsGkmbW7SHiaZdJhl9trvQ], version [5]) to [{node_t0}{UdumSPqySZq2FCkBl6pKIw}{127.0.0.1}{127.0.0.1:30210}[mode=>network]]
[2016-03-29 17:31:43,459][DEBUG][org.elasticsearch.cluster.service] [node_t3] processing [zen-disco-receive(from master [master {node_t1}{7mM6N0_eQxyn28mYxCpKrw}{127.0.0.1}{127.0.0.1:30211}[mode=>network] committed version [5]])]: execute
[2016-03-29 17:31:43,459][TRACE][org.elasticsearch.cluster.service] [node_t2] will process [zen-disco-receive(from master [master {node_t1}{7mM6N0_eQxyn28mYxCpKrw}{127.0.0.1}{127.0.0.1:30211}[mode=>network] committed version [5]])]
[2016-03-29 17:31:43,459][DEBUG][org.elasticsearch.cluster.service] [node_t2] processing [zen-disco-receive(from master [master {node_t1}{7mM6N0_eQxyn28mYxCpKrw}{127.0.0.1}{127.0.0.1:30211}[mode=>network] committed version [5]])]: execute
[2016-03-29 17:31:43,459][TRACE][org.elasticsearch.cluster.service] [node_t0] will process [zen-disco-receive(from master [master {node_t1}{7mM6N0_eQxyn28mYxCpKrw}{127.0.0.1}{127.0.0.1:30211}[mode=>network] committed version [5]])]
[2016-03-29 17:31:43,459][TRACE][org.elasticsearch.cluster.service] [node_t3] cluster state updated, source [zen-disco-receive(from master [master {node_t1}{7mM6N0_eQxyn28mYxCpKrw}{127.0.0.1}{127.0.0.1:30211}[mode=>network] committed version [5]])]
version: 5
state uuid: BsGkmbW7SHiaZdJhl9trvQ
from_diff: false
meta data version: 1
nodes: 
   {node_t3}{oczvfipLTr6a3WhOLDyYyg}{127.0.0.1}{127.0.0.1:30213}[mode=>network], local
   {node_t2}{OFXtVNaKRe6VL9NvBc3e0g}{127.0.0.1}{127.0.0.1:30212}[mode=>network]
   {node_t1}{7mM6N0_eQxyn28mYxCpKrw}{127.0.0.1}{127.0.0.1:30211}[mode=>network], master
   {node_t0}{UdumSPqySZq2FCkBl6pKIw}{127.0.0.1}{127.0.0.1:30210}[mode=>network]
routing_table (version 1):
routing_nodes:
-----node_id[7mM6N0_eQxyn28mYxCpKrw][V]
-----node_id[oczvfipLTr6a3WhOLDyYyg][V]
-----node_id[UdumSPqySZq2FCkBl6pKIw][V]
-----node_id[OFXtVNaKRe6VL9NvBc3e0g][V]
---- unassigned

[2016-03-29 17:31:43,459][TRACE][org.elasticsearch.cluster.service] [node_t2] cluster state updated, source [zen-disco-receive(from master [master {node_t1}{7mM6N0_eQxyn28mYxCpKrw}{127.0.0.1}{127.0.0.1:30211}[mode=>network] committed version [5]])]
version: 5
state uuid: BsGkmbW7SHiaZdJhl9trvQ
from_diff: false
meta data version: 1
nodes: 
   {node_t3}{oczvfipLTr6a3WhOLDyYyg}{127.0.0.1}{127.0.0.1:30213}[mode=>network]
   {node_t2}{OFXtVNaKRe6VL9NvBc3e0g}{127.0.0.1}{127.0.0.1:30212}[mode=>network], local
   {node_t1}{7mM6N0_eQxyn28mYxCpKrw}{127.0.0.1}{127.0.0.1:30211}[mode=>network], master
   {node_t0}{UdumSPqySZq2FCkBl6pKIw}{127.0.0.1}{127.0.0.1:30210}[mode=>network]
routing_table (version 1):
routing_nodes:
-----node_id[7mM6N0_eQxyn28mYxCpKrw][V]
-----node_id[oczvfipLTr6a3WhOLDyYyg][V]
-----node_id[UdumSPqySZq2FCkBl6pKIw][V]
-----node_id[OFXtVNaKRe6VL9NvBc3e0g][V]
---- unassigned

[2016-03-29 17:31:43,459][INFO ][org.elasticsearch.cluster.service] [node_t3] added {{node_t0}{UdumSPqySZq2FCkBl6pKIw}{127.0.0.1}{127.0.0.1:30210}[mode=>network],}, reason: zen-disco-receive(from master [master {node_t1}{7mM6N0_eQxyn28mYxCpKrw}{127.0.0.1}{127.0.0.1:30211}[mode=>network] committed version [5]])
[2016-03-29 17:31:43,459][DEBUG][org.elasticsearch.cluster.service] [node_t0] processing [zen-disco-receive(from master [master {node_t1}{7mM6N0_eQxyn28mYxCpKrw}{127.0.0.1}{127.0.0.1:30211}[mode=>network] committed version [5]])]: execute
[2016-03-29 17:31:43,459][INFO ][org.elasticsearch.cluster.service] [node_t2] added {{node_t0}{UdumSPqySZq2FCkBl6pKIw}{127.0.0.1}{127.0.0.1:30210}[mode=>network],}, reason: zen-disco-receive(from master [master {node_t1}{7mM6N0_eQxyn28mYxCpKrw}{127.0.0.1}{127.0.0.1:30211}[mode=>network] committed version [5]])
[2016-03-29 17:31:43,460][DEBUG][org.elasticsearch.discovery.zen.fd] [node_t0] [master] restarting fault detection against master [{node_t1}{7mM6N0_eQxyn28mYxCpKrw}{127.0.0.1}{127.0.0.1:30211}[mode=>network]], reason [new cluster state received and we are monitoring the wrong master [null]]
[2016-03-29 17:31:43,460][DEBUG][org.elasticsearch.discovery.zen] [node_t0] got first state from fresh master [7mM6N0_eQxyn28mYxCpKrw]
[2016-03-29 17:31:43,460][TRACE][org.elasticsearch.discovery.zen] [node_t0] updated cluster join cluster to [2]
[2016-03-29 17:31:43,460][TRACE][org.elasticsearch.cluster.service] [node_t0] cluster state updated, source [zen-disco-receive(from master [master {node_t1}{7mM6N0_eQxyn28mYxCpKrw}{127.0.0.1}{127.0.0.1:30211}[mode=>network] committed version [5]])]
version: 5
state uuid: BsGkmbW7SHiaZdJhl9trvQ
from_diff: false
meta data version: 1
nodes: 
   {node_t3}{oczvfipLTr6a3WhOLDyYyg}{127.0.0.1}{127.0.0.1:30213}[mode=>network]
   {node_t2}{OFXtVNaKRe6VL9NvBc3e0g}{127.0.0.1}{127.0.0.1:30212}[mode=>network]
   {node_t1}{7mM6N0_eQxyn28mYxCpKrw}{127.0.0.1}{127.0.0.1:30211}[mode=>network], master
   {node_t0}{UdumSPqySZq2FCkBl6pKIw}{127.0.0.1}{127.0.0.1:30210}[mode=>network], local
routing_table (version 1):
routing_nodes:
-----node_id[7mM6N0_eQxyn28mYxCpKrw][V]
-----node_id[oczvfipLTr6a3WhOLDyYyg][V]
-----node_id[UdumSPqySZq2FCkBl6pKIw][V]
-----node_id[OFXtVNaKRe6VL9NvBc3e0g][V]
---- unassigned

[2016-03-29 17:31:43,460][INFO ][org.elasticsearch.cluster.service] [node_t0] detected_master {node_t1}{7mM6N0_eQxyn28mYxCpKrw}{127.0.0.1}{127.0.0.1:30211}[mode=>network], added {{node_t1}{7mM6N0_eQxyn28mYxCpKrw}{127.0.0.1}{127.0.0.1:30211}[mode=>network],}, reason: zen-disco-receive(from master [master {node_t1}{7mM6N0_eQxyn28mYxCpKrw}{127.0.0.1}{127.0.0.1:30211}[mode=>network] committed version [5]])
[2016-03-29 17:31:43,460][DEBUG][org.elasticsearch.cluster.service] [node_t0] set local cluster state to version 5
[2016-03-29 17:31:43,460][DEBUG][org.elasticsearch.cluster.service] [node_t0] processing [zen-disco-receive(from master [master {node_t1}{7mM6N0_eQxyn28mYxCpKrw}{127.0.0.1}{127.0.0.1:30211}[mode=>network] committed version [5]])]: took 0s done applying updated cluster_state (version: 5, uuid: BsGkmbW7SHiaZdJhl9trvQ)
[2016-03-29 17:31:43,462][DEBUG][org.elasticsearch.cluster.service] [node_t2] set local cluster state to version 5
[2016-03-29 17:31:43,462][DEBUG][org.elasticsearch.cluster.service] [node_t3] set local cluster state to version 5
[2016-03-29 17:31:43,462][DEBUG][org.elasticsearch.cluster.service] [node_t2] processing [zen-disco-receive(from master [master {node_t1}{7mM6N0_eQxyn28mYxCpKrw}{127.0.0.1}{127.0.0.1:30211}[mode=>network] committed version [5]])]: took 2ms done applying updated cluster_state (version: 5, uuid: BsGkmbW7SHiaZdJhl9trvQ)
[2016-03-29 17:31:43,462][DEBUG][org.elasticsearch.cluster.service] [node_t3] processing [zen-disco-receive(from master [master {node_t1}{7mM6N0_eQxyn28mYxCpKrw}{127.0.0.1}{127.0.0.1:30211}[mode=>network] committed version [5]])]: took 2ms done applying updated cluster_state (version: 5, uuid: BsGkmbW7SHiaZdJhl9trvQ)
[2016-03-29 17:31:43,462][DEBUG][org.elasticsearch.cluster.service] [node_t1] set local cluster state to version 5
[2016-03-29 17:31:43,462][DEBUG][org.elasticsearch.cluster.service] [node_t1] processing [zen-disco-join(join from node[{node_t0}{UdumSPqySZq2FCkBl6pKIw}{127.0.0.1}{127.0.0.1:30210}[mode=>network]])]: took 4ms done applying updated cluster_state (version: 5, uuid: BsGkmbW7SHiaZdJhl9trvQ)
[2016-03-29 17:31:43,462][TRACE][org.elasticsearch.cluster.service] [node_t1] will process [cluster_reroute(post_node_add)]
[2016-03-29 17:31:43,462][DEBUG][org.elasticsearch.cluster.service] [node_t1] processing [cluster_reroute(post_node_add)]: execute
[2016-03-29 17:31:43,463][DEBUG][org.elasticsearch.cluster.service] [node_t1] processing [cluster_reroute(post_node_add)]: took 0s no change in cluster_state
[2016-03-29 17:31:43,463][TRACE][org.elasticsearch.cluster.service] [node_t0] will process [finalize_join ({node_t1}{7mM6N0_eQxyn28mYxCpKrw}{127.0.0.1}{127.0.0.1:30211}[mode=>network])]
[2016-03-29 17:31:43,463][DEBUG][org.elasticsearch.cluster.service] [node_t0] processing [finalize_join ({node_t1}{7mM6N0_eQxyn28mYxCpKrw}{127.0.0.1}{127.0.0.1:30211}[mode=>network])]: execute
[2016-03-29 17:31:43,463][DEBUG][org.elasticsearch.cluster.service] [node_t0] processing [finalize_join ({node_t1}{7mM6N0_eQxyn28mYxCpKrw}{127.0.0.1}{127.0.0.1:30211}[mode=>network])]: took 0s no change in cluster_state
[2016-03-29 17:31:43,467][TRACE][org.elasticsearch.cluster.service] [node_t1] will process [delete_repository [*]]
[2016-03-29 17:31:43,467][DEBUG][org.elasticsearch.cluster.service] [node_t1] processing [delete_repository [*]]: execute
[2016-03-29 17:31:43,467][DEBUG][org.elasticsearch.cluster.service] [node_t1] processing [delete_repository [*]]: took 0s no change in cluster_state
[2016-03-29 17:31:43,470][DEBUG][org.elasticsearch.discovery.zen.fd] [node_t0] [master] stopping fault detection against master [{node_t1}{7mM6N0_eQxyn28mYxCpKrw}{127.0.0.1}{127.0.0.1:30211}[mode=>network]], reason [zen disco stop]
[2016-03-29 17:31:43,470][TRACE][org.elasticsearch.cluster.service] [node_t1] will process [zen-disco-node_left({node_t0}{UdumSPqySZq2FCkBl6pKIw}{127.0.0.1}{127.0.0.1:30210}[mode=>network])]
[2016-03-29 17:31:43,470][DEBUG][org.elasticsearch.cluster.service] [node_t1] processing [zen-disco-node_left({node_t0}{UdumSPqySZq2FCkBl6pKIw}{127.0.0.1}{127.0.0.1:30210}[mode=>network])]: execute
[2016-03-29 17:31:43,470][TRACE][org.elasticsearch.cluster.service] [node_t1] cluster state updated, source [zen-disco-node_left({node_t0}{UdumSPqySZq2FCkBl6pKIw}{127.0.0.1}{127.0.0.1:30210}[mode=>network])]
version: 6
state uuid: 7QvjTXCtQnSqNUdhWT0grQ
from_diff: false
meta data version: 1
nodes: 
   {node_t3}{oczvfipLTr6a3WhOLDyYyg}{127.0.0.1}{127.0.0.1:30213}[mode=>network]
   {node_t2}{OFXtVNaKRe6VL9NvBc3e0g}{127.0.0.1}{127.0.0.1:30212}[mode=>network]
   {node_t1}{7mM6N0_eQxyn28mYxCpKrw}{127.0.0.1}{127.0.0.1:30211}[mode=>network], local, master
routing_table (version 1):
routing_nodes:
-----node_id[7mM6N0_eQxyn28mYxCpKrw][V]
-----node_id[oczvfipLTr6a3WhOLDyYyg][V]
-----node_id[OFXtVNaKRe6VL9NvBc3e0g][V]
---- unassigned

[2016-03-29 17:31:43,471][INFO ][org.elasticsearch.cluster.service] [node_t1] removed {{node_t0}{UdumSPqySZq2FCkBl6pKIw}{127.0.0.1}{127.0.0.1:30210}[mode=>network],}, reason: zen-disco-node_left({node_t0}{UdumSPqySZq2FCkBl6pKIw}{127.0.0.1}{127.0.0.1:30210}[mode=>network])
[2016-03-29 17:31:43,471][DEBUG][org.elasticsearch.cluster.service] [node_t1] publishing cluster state version [6]
[2016-03-29 17:31:43,471][DEBUG][org.elasticsearch.discovery.zen.publish] [node_t3] received diff cluster state version [6] with uuid [7QvjTXCtQnSqNUdhWT0grQ], diff size [309]
[2016-03-29 17:31:43,471][DEBUG][org.elasticsearch.discovery.zen.publish] [node_t2] received diff cluster state version [6] with uuid [7QvjTXCtQnSqNUdhWT0grQ], diff size [309]
[2016-03-29 17:31:43,472][TRACE][org.elasticsearch.discovery.zen.publish] [node_t1] master node {node_t3}{oczvfipLTr6a3WhOLDyYyg}{127.0.0.1}{127.0.0.1:30213}[mode=>network] acked cluster state version [6]. processing ... (current pending [2], needed [2])
[2016-03-29 17:31:43,472][TRACE][org.elasticsearch.discovery.zen.publish] [node_t1] master node {node_t2}{OFXtVNaKRe6VL9NvBc3e0g}{127.0.0.1}{127.0.0.1:30212}[mode=>network] acked cluster state version [6]. processing ... (current pending [1], needed [1])
[2016-03-29 17:31:43,472][TRACE][org.elasticsearch.discovery.zen.publish] [node_t1] committing version [6]
[2016-03-29 17:31:43,472][TRACE][org.elasticsearch.discovery.zen.publish] [node_t1] sending commit for cluster state (uuid: [7QvjTXCtQnSqNUdhWT0grQ], version [6]) to [{node_t3}{oczvfipLTr6a3WhOLDyYyg}{127.0.0.1}{127.0.0.1:30213}[mode=>network]]
[2016-03-29 17:31:43,472][TRACE][org.elasticsearch.discovery.zen.publish] [node_t1] sending commit for cluster state (uuid: [7QvjTXCtQnSqNUdhWT0grQ], version [6]) to [{node_t2}{OFXtVNaKRe6VL9NvBc3e0g}{127.0.0.1}{127.0.0.1:30212}[mode=>network]]
[2016-03-29 17:31:43,473][TRACE][org.elasticsearch.cluster.service] [node_t3] will process [zen-disco-receive(from master [master {node_t1}{7mM6N0_eQxyn28mYxCpKrw}{127.0.0.1}{127.0.0.1:30211}[mode=>network] committed version [6]])]
[2016-03-29 17:31:43,473][DEBUG][org.elasticsearch.cluster.service] [node_t3] processing [zen-disco-receive(from master [master {node_t1}{7mM6N0_eQxyn28mYxCpKrw}{127.0.0.1}{127.0.0.1:30211}[mode=>network] committed version [6]])]: execute
[2016-03-29 17:31:43,473][TRACE][org.elasticsearch.cluster.service] [node_t3] cluster state updated, source [zen-disco-receive(from master [master {node_t1}{7mM6N0_eQxyn28mYxCpKrw}{127.0.0.1}{127.0.0.1:30211}[mode=>network] committed version [6]])]
version: 6
state uuid: 7QvjTXCtQnSqNUdhWT0grQ
from_diff: false
meta data version: 1
nodes: 
   {node_t3}{oczvfipLTr6a3WhOLDyYyg}{127.0.0.1}{127.0.0.1:30213}[mode=>network], local
   {node_t2}{OFXtVNaKRe6VL9NvBc3e0g}{127.0.0.1}{127.0.0.1:30212}[mode=>network]
   {node_t1}{7mM6N0_eQxyn28mYxCpKrw}{127.0.0.1}{127.0.0.1:30211}[mode=>network], master
routing_table (version 1):
routing_nodes:
-----node_id[7mM6N0_eQxyn28mYxCpKrw][V]
-----node_id[oczvfipLTr6a3WhOLDyYyg][V]
-----node_id[OFXtVNaKRe6VL9NvBc3e0g][V]
---- unassigned

[2016-03-29 17:31:43,473][TRACE][org.elasticsearch.cluster.service] [node_t2] will process [zen-disco-receive(from master [master {node_t1}{7mM6N0_eQxyn28mYxCpKrw}{127.0.0.1}{127.0.0.1:30211}[mode=>network] committed version [6]])]
[2016-03-29 17:31:43,473][INFO ][org.elasticsearch.cluster.service] [node_t3] removed {{node_t0}{UdumSPqySZq2FCkBl6pKIw}{127.0.0.1}{127.0.0.1:30210}[mode=>network],}, reason: zen-disco-receive(from master [master {node_t1}{7mM6N0_eQxyn28mYxCpKrw}{127.0.0.1}{127.0.0.1:30211}[mode=>network] committed version [6]])
[2016-03-29 17:31:43,473][DEBUG][org.elasticsearch.cluster.service] [node_t2] processing [zen-disco-receive(from master [master {node_t1}{7mM6N0_eQxyn28mYxCpKrw}{127.0.0.1}{127.0.0.1:30211}[mode=>network] committed version [6]])]: execute
[2016-03-29 17:31:43,473][DEBUG][org.elasticsearch.cluster.service] [node_t3] set local cluster state to version 6
[2016-03-29 17:31:43,473][TRACE][org.elasticsearch.cluster.service] [node_t2] cluster state updated, source [zen-disco-receive(from master [master {node_t1}{7mM6N0_eQxyn28mYxCpKrw}{127.0.0.1}{127.0.0.1:30211}[mode=>network] committed version [6]])]
version: 6
state uuid: 7QvjTXCtQnSqNUdhWT0grQ
from_diff: false
meta data version: 1
nodes: 
   {node_t3}{oczvfipLTr6a3WhOLDyYyg}{127.0.0.1}{127.0.0.1:30213}[mode=>network]
   {node_t2}{OFXtVNaKRe6VL9NvBc3e0g}{127.0.0.1}{127.0.0.1:30212}[mode=>network], local
   {node_t1}{7mM6N0_eQxyn28mYxCpKrw}{127.0.0.1}{127.0.0.1:30211}[mode=>network], master
routing_table (version 1):
routing_nodes:
-----node_id[7mM6N0_eQxyn28mYxCpKrw][V]
-----node_id[oczvfipLTr6a3WhOLDyYyg][V]
-----node_id[OFXtVNaKRe6VL9NvBc3e0g][V]
---- unassigned

[2016-03-29 17:31:43,473][INFO ][org.elasticsearch.cluster.service] [node_t2] removed {{node_t0}{UdumSPqySZq2FCkBl6pKIw}{127.0.0.1}{127.0.0.1:30210}[mode=>network],}, reason: zen-disco-receive(from master [master {node_t1}{7mM6N0_eQxyn28mYxCpKrw}{127.0.0.1}{127.0.0.1:30211}[mode=>network] committed version [6]])
[2016-03-29 17:31:43,473][DEBUG][org.elasticsearch.cluster.service] [node_t2] set local cluster state to version 6
[2016-03-29 17:31:43,473][DEBUG][org.elasticsearch.cluster.service] [node_t3] processing [zen-disco-receive(from master [master {node_t1}{7mM6N0_eQxyn28mYxCpKrw}{127.0.0.1}{127.0.0.1:30211}[mode=>network] committed version [6]])]: took 0s done applying updated cluster_state (version: 6, uuid: 7QvjTXCtQnSqNUdhWT0grQ)
[2016-03-29 17:31:43,473][DEBUG][org.elasticsearch.cluster.service] [node_t2] processing [zen-disco-receive(from master [master {node_t1}{7mM6N0_eQxyn28mYxCpKrw}{127.0.0.1}{127.0.0.1:30211}[mode=>network] committed version [6]])]: took 0s done applying updated cluster_state (version: 6, uuid: 7QvjTXCtQnSqNUdhWT0grQ)
[2016-03-29 17:31:43,473][DEBUG][org.elasticsearch.cluster.service] [node_t1] set local cluster state to version 6
[2016-03-29 17:31:43,474][DEBUG][org.elasticsearch.cluster.service] [node_t1] processing [zen-disco-node_left({node_t0}{UdumSPqySZq2FCkBl6pKIw}{127.0.0.1}{127.0.0.1:30210}[mode=>network])]: took 3ms done applying updated cluster_state (version: 6, uuid: 7QvjTXCtQnSqNUdhWT0grQ)
[2016-03-29 17:31:43,475][INFO ][org.elasticsearch.discovery.zen] [node_t2] master_left [{node_t1}{7mM6N0_eQxyn28mYxCpKrw}{127.0.0.1}{127.0.0.1:30211}[mode=>network]], reason [shut_down]
[2016-03-29 17:31:43,475][INFO ][org.elasticsearch.discovery.zen] [node_t3] master_left [{node_t1}{7mM6N0_eQxyn28mYxCpKrw}{127.0.0.1}{127.0.0.1:30211}[mode=>network]], reason [shut_down]
[2016-03-29 17:31:43,475][TRACE][org.elasticsearch.cluster.service] [node_t2] will process [zen-disco-master_failed ({node_t1}{7mM6N0_eQxyn28mYxCpKrw}{127.0.0.1}{127.0.0.1:30211}[mode=>network])]
[2016-03-29 17:31:43,475][DEBUG][org.elasticsearch.cluster.service] [node_t2] processing [zen-disco-master_failed ({node_t1}{7mM6N0_eQxyn28mYxCpKrw}{127.0.0.1}{127.0.0.1:30211}[mode=>network])]: execute
[2016-03-29 17:31:43,475][WARN ][org.elasticsearch.discovery.zen] [node_t2] master left (reason = shut_down), current nodes: {{node_t3}{oczvfipLTr6a3WhOLDyYyg}{127.0.0.1}{127.0.0.1:30213}[mode=>network],{node_t2}{OFXtVNaKRe6VL9NvBc3e0g}{127.0.0.1}{127.0.0.1:30212}[mode=>network],}
[2016-03-29 17:31:43,475][DEBUG][org.elasticsearch.discovery.zen.fd] [node_t2] [master] stopping fault detection against master [{node_t1}{7mM6N0_eQxyn28mYxCpKrw}{127.0.0.1}{127.0.0.1:30211}[mode=>network]], reason [master left (reason = shut_down)]
[2016-03-29 17:31:43,475][TRACE][org.elasticsearch.cluster.service] [node_t3] will process [zen-disco-master_failed ({node_t1}{7mM6N0_eQxyn28mYxCpKrw}{127.0.0.1}{127.0.0.1:30211}[mode=>network])]
[2016-03-29 17:31:43,475][DEBUG][org.elasticsearch.cluster.service] [node_t3] processing [zen-disco-master_failed ({node_t1}{7mM6N0_eQxyn28mYxCpKrw}{127.0.0.1}{127.0.0.1:30211}[mode=>network])]: execute
[2016-03-29 17:31:43,475][TRACE][org.elasticsearch.cluster.service] [node_t2] cluster state updated, source [zen-disco-master_failed ({node_t1}{7mM6N0_eQxyn28mYxCpKrw}{127.0.0.1}{127.0.0.1:30211}[mode=>network])]
version: 6
state uuid: 7QvjTXCtQnSqNUdhWT0grQ
from_diff: false
meta data version: 1
blocks: 
   _global_:
      2,no master, blocks WRITE,METADATA_WRITE
nodes: 
   {node_t3}{oczvfipLTr6a3WhOLDyYyg}{127.0.0.1}{127.0.0.1:30213}[mode=>network]
   {node_t2}{OFXtVNaKRe6VL9NvBc3e0g}{127.0.0.1}{127.0.0.1:30212}[mode=>network], local
routing_table (version 1):
routing_nodes:
-----node_id[oczvfipLTr6a3WhOLDyYyg][V]
-----node_id[OFXtVNaKRe6VL9NvBc3e0g][V]
---- unassigned

[2016-03-29 17:31:43,475][TRACE][org.elasticsearch.discovery.zen] [node_t2] starting to accumulate joins
[2016-03-29 17:31:43,475][TRACE][org.elasticsearch.discovery.zen] [node_t2] starting to ping
[2016-03-29 17:31:43,476][INFO ][org.elasticsearch.cluster.service] [node_t2] removed {{node_t1}{7mM6N0_eQxyn28mYxCpKrw}{127.0.0.1}{127.0.0.1:30211}[mode=>network],}, reason: zen-disco-master_failed ({node_t1}{7mM6N0_eQxyn28mYxCpKrw}{127.0.0.1}{127.0.0.1:30211}[mode=>network])
[2016-03-29 17:31:43,476][TRACE][org.elasticsearch.discovery.zen.ping.unicast] [node_t2] [2] sending to {node_t1}{7mM6N0_eQxyn28mYxCpKrw}{127.0.0.1}{127.0.0.1:30211}[mode=>network]
[2016-03-29 17:31:43,476][DEBUG][org.elasticsearch.cluster.service] [node_t2] set local cluster state to version 6
[2016-03-29 17:31:43,476][TRACE][org.elasticsearch.discovery.zen.ping.unicast] [node_t2] [2] sending to {node_t2}{OFXtVNaKRe6VL9NvBc3e0g}{127.0.0.1}{127.0.0.1:30212}[mode=>network]
[2016-03-29 17:31:43,476][TRACE][org.elasticsearch.discovery.zen.ping.unicast] [node_t2] [2] received response from {node_t2}{OFXtVNaKRe6VL9NvBc3e0g}{127.0.0.1}{127.0.0.1:30212}[mode=>network]: [ping_response{node [{node_t0}{UdumSPqySZq2FCkBl6pKIw}{127.0.0.1}{127.0.0.1:30210}[mode=>network]], id[476], master [null], hasJoinedOnce [true], cluster_name[TEST-CHILD_VM=[1]-CLUSTER_SEED=[2111584377444976928]-HASH=[14406DE1E494B5C8]-cluster]}, ping_response{node [{node_t0}{UdumSPqySZq2FCkBl6pKIw}{127.0.0.1}{127.0.0.1:30210}[mode=>network]], id[481], master [null], hasJoinedOnce [true], cluster_name[TEST-CHILD_VM=[1]-CLUSTER_SEED=[2111584377444976928]-HASH=[14406DE1E494B5C8]-cluster]}, ping_response{node [{node_t2}{OFXtVNaKRe6VL9NvBc3e0g}{127.0.0.1}{127.0.0.1:30212}[mode=>network]], id[486], master [{node_t1}{7mM6N0_eQxyn28mYxCpKrw}{127.0.0.1}{127.0.0.1:30211}[mode=>network]], hasJoinedOnce [true], cluster_name[TEST-CHILD_VM=[1]-CLUSTER_SEED=[2111584377444976928]-HASH=[14406DE1E494B5C8]-cluster]}, ping_response{node [{node_t2}{OFXtVNaKRe6VL9NvBc3e0g}{127.0.0.1}{127.0.0.1:30212}[mode=>network]], id[487], master [null], hasJoinedOnce [true], cluster_name[TEST-CHILD_VM=[1]-CLUSTER_SEED=[2111584377444976928]-HASH=[14406DE1E494B5C8]-cluster]}]
[2016-03-29 17:31:43,476][TRACE][org.elasticsearch.discovery.zen.ping.unicast] [node_t2] replacing {node_t0}{UdumSPqySZq2FCkBl6pKIw}{127.0.0.1}{127.0.0.1:30210}[mode=>network] with temp node {#zen_unicast_4_UdumSPqySZq2FCkBl6pKIw#}{127.0.0.1}{127.0.0.1:30210}[mode=>network]
[2016-03-29 17:31:43,475][WARN ][org.elasticsearch.discovery.zen] [node_t3] master left (reason = shut_down), current nodes: {{node_t3}{oczvfipLTr6a3WhOLDyYyg}{127.0.0.1}{127.0.0.1:30213}[mode=>network],{node_t2}{OFXtVNaKRe6VL9NvBc3e0g}{127.0.0.1}{127.0.0.1:30212}[mode=>network],}
[2016-03-29 17:31:43,476][DEBUG][org.elasticsearch.discovery.zen.fd] [node_t3] [master] stopping fault detection against master [{node_t1}{7mM6N0_eQxyn28mYxCpKrw}{127.0.0.1}{127.0.0.1:30211}[mode=>network]], reason [master left (reason = shut_down)]
[2016-03-29 17:31:43,476][TRACE][org.elasticsearch.discovery.zen.ping.unicast] [node_t2] [2] connecting (light) to {#zen_unicast_1#}{127.0.0.1}{127.0.0.1:30210}
[2016-03-29 17:31:43,477][TRACE][org.elasticsearch.cluster.service] [node_t3] cluster state updated, source [zen-disco-master_failed ({node_t1}{7mM6N0_eQxyn28mYxCpKrw}{127.0.0.1}{127.0.0.1:30211}[mode=>network])]
version: 6
state uuid: 7QvjTXCtQnSqNUdhWT0grQ
from_diff: false
meta data version: 1
blocks: 
   _global_:
      2,no master, blocks WRITE,METADATA_WRITE
nodes: 
   {node_t3}{oczvfipLTr6a3WhOLDyYyg}{127.0.0.1}{127.0.0.1:30213}[mode=>network], local
   {node_t2}{OFXtVNaKRe6VL9NvBc3e0g}{127.0.0.1}{127.0.0.1:30212}[mode=>network]
routing_table (version 1):
routing_nodes:
-----node_id[oczvfipLTr6a3WhOLDyYyg][V]
-----node_id[OFXtVNaKRe6VL9NvBc3e0g][V]
---- unassigned

[2016-03-29 17:31:43,477][TRACE][org.elasticsearch.discovery.zen] [node_t3] starting to accumulate joins
[2016-03-29 17:31:43,477][INFO ][org.elasticsearch.cluster.service] [node_t3] removed {{node_t1}{7mM6N0_eQxyn28mYxCpKrw}{127.0.0.1}{127.0.0.1:30211}[mode=>network],}, reason: zen-disco-master_failed ({node_t1}{7mM6N0_eQxyn28mYxCpKrw}{127.0.0.1}{127.0.0.1:30211}[mode=>network])
[2016-03-29 17:31:43,477][DEBUG][org.elasticsearch.cluster.service] [node_t3] set local cluster state to version 6
[2016-03-29 17:31:43,477][TRACE][org.elasticsearch.discovery.zen] [node_t3] starting to ping
[2016-03-29 17:31:43,477][DEBUG][org.elasticsearch.cluster.service] [node_t2] processing [zen-disco-master_failed ({node_t1}{7mM6N0_eQxyn28mYxCpKrw}{127.0.0.1}{127.0.0.1:30211}[mode=>network])]: took 1ms done applying updated cluster_state (version: 6, uuid: 7QvjTXCtQnSqNUdhWT0grQ)
[2016-03-29 17:31:43,477][DEBUG][org.elasticsearch.cluster.service] [node_t3] processing [zen-disco-master_failed ({node_t1}{7mM6N0_eQxyn28mYxCpKrw}{127.0.0.1}{127.0.0.1:30211}[mode=>network])]: took 1ms done applying updated cluster_state (version: 6, uuid: 7QvjTXCtQnSqNUdhWT0grQ)
[2016-03-29 17:31:43,477][TRACE][org.elasticsearch.discovery.zen.ping.unicast] [node_t2] [2] failed to connect to {#zen_unicast_1#}{127.0.0.1}{127.0.0.1:30210}
ConnectTransportException[[][127.0.0.1:30210] connect_timeout[30s]]; nested: ConnectException[Connection refused: /127.0.0.1:30210];
	at org.elasticsearch.transport.netty.NettyTransport.connectToChannelsLight(NettyTransport.java:954)
	at org.elasticsearch.transport.netty.NettyTransport.connectToNode(NettyTransport.java:918)
	at org.elasticsearch.transport.netty.NettyTransport.connectToNodeLight(NettyTransport.java:890)
	at org.elasticsearch.test.transport.MockTransportService$LookupTestTransport.connectToNodeLight(MockTransportService.java:413)
	at org.elasticsearch.transport.TransportService.connectToNodeLight(TransportService.java:242)
	at org.elasticsearch.discovery.zen.ping.unicast.UnicastZenPing$3.run(UnicastZenPing.java:395)
	at java.util.concurrent.ThreadPoolExecutor.runWorker(ThreadPoolExecutor.java:1142)
	at java.util.concurrent.ThreadPoolExecutor$Worker.run(ThreadPoolExecutor.java:617)
	at java.lang.Thread.run(Thread.java:745)
Caused by: java.net.ConnectException: Connection refused: /127.0.0.1:30210
	at sun.nio.ch.SocketChannelImpl.checkConnect(Native Method)
	at sun.nio.ch.SocketChannelImpl.finishConnect(SocketChannelImpl.java:712)
	at org.jboss.netty.channel.socket.nio.NioClientBoss.connect(NioClientBoss.java:152)
	at org.jboss.netty.channel.socket.nio.NioClientBoss.processSelectedKeys(NioClientBoss.java:105)
	at org.jboss.netty.channel.socket.nio.NioClientBoss.process(NioClientBoss.java:79)
	at org.jboss.netty.channel.socket.nio.AbstractNioSelector.run(AbstractNioSelector.java:337)
	at org.jboss.netty.channel.socket.nio.NioClientBoss.run(NioClientBoss.java:42)
	at org.jboss.netty.util.ThreadRenamingRunnable.run(ThreadRenamingRunnable.java:108)
	at org.jboss.netty.util.internal.DeadLockProofWorker$1.run(DeadLockProofWorker.java:42)
	... 3 more
[2016-03-29 17:31:43,477][TRACE][org.elasticsearch.discovery.zen.ping.unicast] [node_t2] [2] connecting (light) to {#zen_unicast_4_UdumSPqySZq2FCkBl6pKIw#}{127.0.0.1}{127.0.0.1:30210}[mode=>network]
[2016-03-29 17:31:43,477][TRACE][org.elasticsearch.discovery.zen.ping.unicast] [node_t2] [2] sending to {node_t3}{oczvfipLTr6a3WhOLDyYyg}{127.0.0.1}{127.0.0.1:30213}[mode=>network]
[2016-03-29 17:31:43,477][TRACE][org.elasticsearch.discovery.zen.ping.unicast] [node_t2] failed to connect to {node_t1}{7mM6N0_eQxyn28mYxCpKrw}{127.0.0.1}{127.0.0.1:30211}[mode=>network]
NodeDisconnectedException[[node_t1][127.0.0.1:30211][internal:discovery/zen/unicast] disconnected]
[2016-03-29 17:31:43,477][TRACE][org.elasticsearch.discovery.zen.ping.unicast] [node_t3] [2] connecting (light) to {#zen_unicast_1#}{127.0.0.1}{127.0.0.1:30210}
[2016-03-29 17:31:43,477][TRACE][org.elasticsearch.discovery.zen.ping.unicast] [node_t3] [2] sending to {node_t2}{OFXtVNaKRe6VL9NvBc3e0g}{127.0.0.1}{127.0.0.1:30212}[mode=>network]
[2016-03-29 17:31:43,478][TRACE][org.elasticsearch.discovery.zen.ping.unicast] [node_t3] replacing {node_t0}{UdumSPqySZq2FCkBl6pKIw}{127.0.0.1}{127.0.0.1:30210}[mode=>network] with temp node {#zen_unicast_4_UdumSPqySZq2FCkBl6pKIw#}{127.0.0.1}{127.0.0.1:30210}[mode=>network]
[2016-03-29 17:31:43,478][TRACE][org.elasticsearch.discovery.zen.ping.unicast] [node_t2] [2] failed to connect to {#zen_unicast_4_UdumSPqySZq2FCkBl6pKIw#}{127.0.0.1}{127.0.0.1:30210}[mode=>network]
ConnectTransportException[[][127.0.0.1:30210] connect_timeout[30s]]; nested: ConnectException[Connection refused: /127.0.0.1:30210];
	at org.elasticsearch.transport.netty.NettyTransport.connectToChannelsLight(NettyTransport.java:954)
	at org.elasticsearch.transport.netty.NettyTransport.connectToNode(NettyTransport.java:918)
	at org.elasticsearch.transport.netty.NettyTransport.connectToNodeLight(NettyTransport.java:890)
	at org.elasticsearch.test.transport.MockTransportService$LookupTestTransport.connectToNodeLight(MockTransportService.java:413)
	at org.elasticsearch.transport.TransportService.connectToNodeLight(TransportService.java:242)
	at org.elasticsearch.discovery.zen.ping.unicast.UnicastZenPing$3.run(UnicastZenPing.java:395)
	at java.util.concurrent.ThreadPoolExecutor.runWorker(ThreadPoolExecutor.java:1142)
	at java.util.concurrent.ThreadPoolExecutor$Worker.run(ThreadPoolExecutor.java:617)
	at java.lang.Thread.run(Thread.java:745)
Caused by: java.net.ConnectException: Connection refused: /127.0.0.1:30210
	at sun.nio.ch.SocketChannelImpl.checkConnect(Native Method)
	at sun.nio.ch.SocketChannelImpl.finishConnect(SocketChannelImpl.java:712)
	at org.jboss.netty.channel.socket.nio.NioClientBoss.connect(NioClientBoss.java:152)
	at org.jboss.netty.channel.socket.nio.NioClientBoss.processSelectedKeys(NioClientBoss.java:105)
	at org.jboss.netty.channel.socket.nio.NioClientBoss.process(NioClientBoss.java:79)
	at org.jboss.netty.channel.socket.nio.AbstractNioSelector.run(AbstractNioSelector.java:337)
	at org.jboss.netty.channel.socket.nio.NioClientBoss.run(NioClientBoss.java:42)
	at org.jboss.netty.util.ThreadRenamingRunnable.run(ThreadRenamingRunnable.java:108)
	at org.jboss.netty.util.internal.DeadLockProofWorker$1.run(DeadLockProofWorker.java:42)
	... 3 more
[2016-03-29 17:31:43,478][TRACE][org.elasticsearch.discovery.zen.ping.unicast] [node_t3] [2] connecting (light) to {#zen_unicast_4_UdumSPqySZq2FCkBl6pKIw#}{127.0.0.1}{127.0.0.1:30210}[mode=>network]
[2016-03-29 17:31:43,478][TRACE][org.elasticsearch.discovery.zen.ping.unicast] [node_t3] [2] sending to {node_t3}{oczvfipLTr6a3WhOLDyYyg}{127.0.0.1}{127.0.0.1:30213}[mode=>network]
[2016-03-29 17:31:43,478][TRACE][org.elasticsearch.discovery.zen.ping.unicast] [node_t3] [2] received response from {node_t2}{OFXtVNaKRe6VL9NvBc3e0g}{127.0.0.1}{127.0.0.1:30212}[mode=>network]: [ping_response{node [{node_t0}{UdumSPqySZq2FCkBl6pKIw}{127.0.0.1}{127.0.0.1:30210}[mode=>network]], id[476], master [null], hasJoinedOnce [true], cluster_name[TEST-CHILD_VM=[1]-CLUSTER_SEED=[2111584377444976928]-HASH=[14406DE1E494B5C8]-cluster]}, ping_response{node [{node_t0}{UdumSPqySZq2FCkBl6pKIw}{127.0.0.1}{127.0.0.1:30210}[mode=>network]], id[481], master [null], hasJoinedOnce [true], cluster_name[TEST-CHILD_VM=[1]-CLUSTER_SEED=[2111584377444976928]-HASH=[14406DE1E494B5C8]-cluster]}, ping_response{node [{node_t2}{OFXtVNaKRe6VL9NvBc3e0g}{127.0.0.1}{127.0.0.1:30212}[mode=>network]], id[486], master [{node_t1}{7mM6N0_eQxyn28mYxCpKrw}{127.0.0.1}{127.0.0.1:30211}[mode=>network]], hasJoinedOnce [true], cluster_name[TEST-CHILD_VM=[1]-CLUSTER_SEED=[2111584377444976928]-HASH=[14406DE1E494B5C8]-cluster]}, ping_response{node [{node_t3}{oczvfipLTr6a3WhOLDyYyg}{127.0.0.1}{127.0.0.1:30213}[mode=>network]], id[488], master [null], hasJoinedOnce [true], cluster_name[TEST-CHILD_VM=[1]-CLUSTER_SEED=[2111584377444976928]-HASH=[14406DE1E494B5C8]-cluster]}, ping_response{node [{node_t2}{OFXtVNaKRe6VL9NvBc3e0g}{127.0.0.1}{127.0.0.1:30212}[mode=>network]], id[490], master [null], hasJoinedOnce [true], cluster_name[TEST-CHILD_VM=[1]-CLUSTER_SEED=[2111584377444976928]-HASH=[14406DE1E494B5C8]-cluster]}]
[2016-03-29 17:31:43,478][TRACE][org.elasticsearch.discovery.zen.ping.unicast] [node_t3] [2] received response from {node_t3}{oczvfipLTr6a3WhOLDyYyg}{127.0.0.1}{127.0.0.1:30213}[mode=>network]: [ping_response{node [{node_t0}{UdumSPqySZq2FCkBl6pKIw}{127.0.0.1}{127.0.0.1:30210}[mode=>network]], id[476], master [null], hasJoinedOnce [true], cluster_name[TEST-CHILD_VM=[1]-CLUSTER_SEED=[2111584377444976928]-HASH=[14406DE1E494B5C8]-cluster]}, ping_response{node [{node_t0}{UdumSPqySZq2FCkBl6pKIw}{127.0.0.1}{127.0.0.1:30210}[mode=>network]], id[481], master [null], hasJoinedOnce [true], cluster_name[TEST-CHILD_VM=[1]-CLUSTER_SEED=[2111584377444976928]-HASH=[14406DE1E494B5C8]-cluster]}, ping_response{node [{node_t2}{OFXtVNaKRe6VL9NvBc3e0g}{127.0.0.1}{127.0.0.1:30212}[mode=>network]], id[486], master [{node_t1}{7mM6N0_eQxyn28mYxCpKrw}{127.0.0.1}{127.0.0.1:30211}[mode=>network]], hasJoinedOnce [true], cluster_name[TEST-CHILD_VM=[1]-CLUSTER_SEED=[2111584377444976928]-HASH=[14406DE1E494B5C8]-cluster]}, ping_response{node [{node_t3}{oczvfipLTr6a3WhOLDyYyg}{127.0.0.1}{127.0.0.1:30213}[mode=>network]], id[488], master [null], hasJoinedOnce [true], cluster_name[TEST-CHILD_VM=[1]-CLUSTER_SEED=[2111584377444976928]-HASH=[14406DE1E494B5C8]-cluster]}, ping_response{node [{node_t3}{oczvfipLTr6a3WhOLDyYyg}{127.0.0.1}{127.0.0.1:30213}[mode=>network]], id[491], master [null], hasJoinedOnce [true], cluster_name[TEST-CHILD_VM=[1]-CLUSTER_SEED=[2111584377444976928]-HASH=[14406DE1E494B5C8]-cluster]}]
[2016-03-29 17:31:43,478][TRACE][org.elasticsearch.discovery.zen.ping.unicast] [node_t3] [2] failed to connect to {#zen_unicast_1#}{127.0.0.1}{127.0.0.1:30210}
ConnectTransportException[[][127.0.0.1:30210] connect_timeout[30s]]; nested: ConnectException[Connection refused: /127.0.0.1:30210];
	at org.elasticsearch.transport.netty.NettyTransport.connectToChannelsLight(NettyTransport.java:954)
	at org.elasticsearch.transport.netty.NettyTransport.connectToNode(NettyTransport.java:918)
	at org.elasticsearch.transport.netty.NettyTransport.connectToNodeLight(NettyTransport.java:890)
	at org.elasticsearch.test.transport.MockTransportService$LookupTestTransport.connectToNodeLight(MockTransportService.java:413)
	at org.elasticsearch.transport.TransportService.connectToNodeLight(TransportService.java:242)
	at org.elasticsearch.discovery.zen.ping.unicast.UnicastZenPing$3.run(UnicastZenPing.java:395)
	at java.util.concurrent.ThreadPoolExecutor.runWorker(ThreadPoolExecutor.java:1142)
	at java.util.concurrent.ThreadPoolExecutor$Worker.run(ThreadPoolExecutor.java:617)
	at java.lang.Thread.run(Thread.java:745)
Caused by: java.net.ConnectException: Connection refused: /127.0.0.1:30210
	at sun.nio.ch.SocketChannelImpl.checkConnect(Native Method)
	at sun.nio.ch.SocketChannelImpl.finishConnect(SocketChannelImpl.java:712)
	at org.jboss.netty.channel.socket.nio.NioClientBoss.connect(NioClientBoss.java:152)
	at org.jboss.netty.channel.socket.nio.NioClientBoss.processSelectedKeys(NioClientBoss.java:105)
	at org.jboss.netty.channel.socket.nio.NioClientBoss.process(NioClientBoss.java:79)
	at org.jboss.netty.channel.socket.nio.AbstractNioSelector.run(AbstractNioSelector.java:337)
	at org.jboss.netty.channel.socket.nio.NioClientBoss.run(NioClientBoss.java:42)
	at org.jboss.netty.util.ThreadRenamingRunnable.run(ThreadRenamingRunnable.java:108)
	at org.jboss.netty.util.internal.DeadLockProofWorker$1.run(DeadLockProofWorker.java:42)
	... 3 more
[2016-03-29 17:31:43,478][TRACE][org.elasticsearch.discovery.zen.ping.unicast] [node_t2] [2] received response from {node_t3}{oczvfipLTr6a3WhOLDyYyg}{127.0.0.1}{127.0.0.1:30213}[mode=>network]: [ping_response{node [{node_t0}{UdumSPqySZq2FCkBl6pKIw}{127.0.0.1}{127.0.0.1:30210}[mode=>network]], id[476], master [null], hasJoinedOnce [true], cluster_name[TEST-CHILD_VM=[1]-CLUSTER_SEED=[2111584377444976928]-HASH=[14406DE1E494B5C8]-cluster]}, ping_response{node [{node_t0}{UdumSPqySZq2FCkBl6pKIw}{127.0.0.1}{127.0.0.1:30210}[mode=>network]], id[481], master [null], hasJoinedOnce [true], cluster_name[TEST-CHILD_VM=[1]-CLUSTER_SEED=[2111584377444976928]-HASH=[14406DE1E494B5C8]-cluster]}, ping_response{node [{node_t2}{OFXtVNaKRe6VL9NvBc3e0g}{127.0.0.1}{127.0.0.1:30212}[mode=>network]], id[486], master [{node_t1}{7mM6N0_eQxyn28mYxCpKrw}{127.0.0.1}{127.0.0.1:30211}[mode=>network]], hasJoinedOnce [true], cluster_name[TEST-CHILD_VM=[1]-CLUSTER_SEED=[2111584377444976928]-HASH=[14406DE1E494B5C8]-cluster]}, ping_response{node [{node_t3}{oczvfipLTr6a3WhOLDyYyg}{127.0.0.1}{127.0.0.1:30213}[mode=>network]], id[489], master [null], hasJoinedOnce [true], cluster_name[TEST-CHILD_VM=[1]-CLUSTER_SEED=[2111584377444976928]-HASH=[14406DE1E494B5C8]-cluster]}]
[2016-03-29 17:31:43,478][TRACE][org.elasticsearch.discovery.zen.ping.unicast] [node_t3] [2] failed to connect to {#zen_unicast_4_UdumSPqySZq2FCkBl6pKIw#}{127.0.0.1}{127.0.0.1:30210}[mode=>network]
ConnectTransportException[[][127.0.0.1:30210] connect_timeout[30s]]; nested: ConnectException[Connection refused: /127.0.0.1:30210];
	at org.elasticsearch.transport.netty.NettyTransport.connectToChannelsLight(NettyTransport.java:954)
	at org.elasticsearch.transport.netty.NettyTransport.connectToNode(NettyTransport.java:918)
	at org.elasticsearch.transport.netty.NettyTransport.connectToNodeLight(NettyTransport.java:890)
	at org.elasticsearch.test.transport.MockTransportService$LookupTestTransport.connectToNodeLight(MockTransportService.java:413)
	at org.elasticsearch.transport.TransportService.connectToNodeLight(TransportService.java:242)
	at org.elasticsearch.discovery.zen.ping.unicast.UnicastZenPing$3.run(UnicastZenPing.java:395)
	at java.util.concurrent.ThreadPoolExecutor.runWorker(ThreadPoolExecutor.java:1142)
	at java.util.concurrent.ThreadPoolExecutor$Worker.run(ThreadPoolExecutor.java:617)
	at java.lang.Thread.run(Thread.java:745)
Caused by: java.net.ConnectException: Connection refused: /127.0.0.1:30210
	at sun.nio.ch.SocketChannelImpl.checkConnect(Native Method)
	at sun.nio.ch.SocketChannelImpl.finishConnect(SocketChannelImpl.java:712)
	at org.jboss.netty.channel.socket.nio.NioClientBoss.connect(NioClientBoss.java:152)
	at org.jboss.netty.channel.socket.nio.NioClientBoss.processSelectedKeys(NioClientBoss.java:105)
	at org.jboss.netty.channel.socket.nio.NioClientBoss.process(NioClientBoss.java:79)
	at org.jboss.netty.channel.socket.nio.AbstractNioSelector.run(AbstractNioSelector.java:337)
	at org.jboss.netty.channel.socket.nio.NioClientBoss.run(NioClientBoss.java:42)
	at org.jboss.netty.util.ThreadRenamingRunnable.run(ThreadRenamingRunnable.java:108)
	at org.jboss.netty.util.internal.DeadLockProofWorker$1.run(DeadLockProofWorker.java:42)
	... 3 more
[2016-03-29 17:31:43,481][TRACE][org.elasticsearch.discovery.zen.ping] [node_t2] pingAndWait interrupted
[2016-03-29 17:31:43,481][TRACE][org.elasticsearch.discovery.zen] [node_t2] No full ping responses
[2016-03-29 17:31:43,481][TRACE][org.elasticsearch.discovery.zen] [node_t2] thread is no longer in currentJoinThread. Stopping.
[2016-03-29 17:31:43,485][TRACE][org.elasticsearch.discovery.zen.ping] [node_t3] pingAndWait interrupted
[2016-03-29 17:31:43,485][TRACE][org.elasticsearch.discovery.zen] [node_t3] No full ping responses
[2016-03-29 17:31:43,485][TRACE][org.elasticsearch.discovery.zen] [node_t3] thread is no longer in currentJoinThread. Stopping.
[2016-03-29 17:31:43,521][DEBUG][org.elasticsearch.discovery.zen.elect] [node_t0] using minimum_master_nodes [2]
[2016-03-29 17:31:43,521][DEBUG][org.elasticsearch.discovery.zen.ping.unicast] [node_t0] using initial hosts [127.0.0.1:30214, 127.0.0.1:30215, 127.0.0.1:30216], with concurrent_connects [10]
[2016-03-29 17:31:43,521][DEBUG][org.elasticsearch.discovery.zen] [node_t0] using ping_timeout [3s], join.timeout [10s], master_election.filter_client [true], master_election.filter_data [false]
[2016-03-29 17:31:43,521][DEBUG][org.elasticsearch.discovery.zen.fd] [node_t0] [master] uses ping_interval [1s], ping_timeout [1s], ping_retries [1]
[2016-03-29 17:31:43,521][DEBUG][org.elasticsearch.discovery.zen.fd] [node_t0] [node  ] uses ping_interval [1s], ping_timeout [1s], ping_retries [1]
[2016-03-29 17:31:43,535][TRACE][org.elasticsearch.discovery.zen] [node_t0] starting to accumulate joins
[2016-03-29 17:31:43,535][TRACE][org.elasticsearch.discovery.zen] [node_t0] starting to ping
[2016-03-29 17:31:43,535][TRACE][org.elasticsearch.discovery.zen.ping.unicast] [node_t0] [1] sending to {node_t0}{qTbdcgJeRh2Uy6bs6C1q4w}{127.0.0.1}{127.0.0.1:30214}[mode=>network]
[2016-03-29 17:31:43,535][TRACE][org.elasticsearch.discovery.zen.ping.unicast] [node_t0] [1] received response from {node_t0}{qTbdcgJeRh2Uy6bs6C1q4w}{127.0.0.1}{127.0.0.1:30214}[mode=>network]: [ping_response{node [{node_t0}{qTbdcgJeRh2Uy6bs6C1q4w}{127.0.0.1}{127.0.0.1:30214}[mode=>network]], id[492], master [null], hasJoinedOnce [false], cluster_name[TEST-CHILD_VM=[1]-CLUSTER_SEED=[-679292691564915143]-HASH=[14406DE394EC7950]-cluster]}, ping_response{node [{node_t0}{qTbdcgJeRh2Uy6bs6C1q4w}{127.0.0.1}{127.0.0.1:30214}[mode=>network]], id[493], master [null], hasJoinedOnce [false], cluster_name[TEST-CHILD_VM=[1]-CLUSTER_SEED=[-679292691564915143]-HASH=[14406DE394EC7950]-cluster]}]
[2016-03-29 17:31:43,535][TRACE][org.elasticsearch.discovery.zen.ping.unicast] [node_t0] [1] connecting (light) to {#zen_unicast_2#}{127.0.0.1}{127.0.0.1:30215}
[2016-03-29 17:31:43,536][TRACE][org.elasticsearch.discovery.zen.ping.unicast] [node_t0] [1] sending to {node_t0}{qTbdcgJeRh2Uy6bs6C1q4w}{127.0.0.1}{127.0.0.1:30214}[mode=>network]
[2016-03-29 17:31:43,536][TRACE][org.elasticsearch.discovery.zen.ping.unicast] [node_t0] [1] connecting (light) to {#zen_unicast_3#}{127.0.0.1}{127.0.0.1:30216}
[2016-03-29 17:31:43,536][TRACE][org.elasticsearch.discovery.zen.ping.unicast] [node_t0] [1] received response from {node_t0}{qTbdcgJeRh2Uy6bs6C1q4w}{127.0.0.1}{127.0.0.1:30214}[mode=>network]: [ping_response{node [{node_t0}{qTbdcgJeRh2Uy6bs6C1q4w}{127.0.0.1}{127.0.0.1:30214}[mode=>network]], id[492], master [null], hasJoinedOnce [false], cluster_name[TEST-CHILD_VM=[1]-CLUSTER_SEED=[-679292691564915143]-HASH=[14406DE394EC7950]-cluster]}, ping_response{node [{node_t0}{qTbdcgJeRh2Uy6bs6C1q4w}{127.0.0.1}{127.0.0.1:30214}[mode=>network]], id[492], master [null], hasJoinedOnce [false], cluster_name[TEST-CHILD_VM=[1]-CLUSTER_SEED=[-679292691564915143]-HASH=[14406DE394EC7950]-cluster]}, ping_response{node [{node_t0}{qTbdcgJeRh2Uy6bs6C1q4w}{127.0.0.1}{127.0.0.1:30214}[mode=>network]], id[494], master [null], hasJoinedOnce [false], cluster_name[TEST-CHILD_VM=[1]-CLUSTER_SEED=[-679292691564915143]-HASH=[14406DE394EC7950]-cluster]}]
[2016-03-29 17:31:43,536][TRACE][org.elasticsearch.discovery.zen.ping.unicast] [node_t0] [1] failed to connect to {#zen_unicast_3#}{127.0.0.1}{127.0.0.1:30216}
ConnectTransportException[[][127.0.0.1:30216] connect_timeout[30s]]; nested: ConnectException[Connection refused: /127.0.0.1:30216];
	at org.elasticsearch.transport.netty.NettyTransport.connectToChannelsLight(NettyTransport.java:954)
	at org.elasticsearch.transport.netty.NettyTransport.connectToNode(NettyTransport.java:918)
	at org.elasticsearch.transport.netty.NettyTransport.connectToNodeLight(NettyTransport.java:890)
	at org.elasticsearch.test.transport.MockTransportService$LookupTestTransport.connectToNodeLight(MockTransportService.java:413)
	at org.elasticsearch.transport.TransportService.connectToNodeLight(TransportService.java:242)
	at org.elasticsearch.discovery.zen.ping.unicast.UnicastZenPing$3.run(UnicastZenPing.java:395)
	at java.util.concurrent.ThreadPoolExecutor.runWorker(ThreadPoolExecutor.java:1142)
	at java.util.concurrent.ThreadPoolExecutor$Worker.run(ThreadPoolExecutor.java:617)
	at java.lang.Thread.run(Thread.java:745)
Caused by: java.net.ConnectException: Connection refused: /127.0.0.1:30216
	at sun.nio.ch.SocketChannelImpl.checkConnect(Native Method)
	at sun.nio.ch.SocketChannelImpl.finishConnect(SocketChannelImpl.java:712)
	at org.jboss.netty.channel.socket.nio.NioClientBoss.connect(NioClientBoss.java:152)
	at org.jboss.netty.channel.socket.nio.NioClientBoss.processSelectedKeys(NioClientBoss.java:105)
	at org.jboss.netty.channel.socket.nio.NioClientBoss.process(NioClientBoss.java:79)
	at org.jboss.netty.channel.socket.nio.AbstractNioSelector.run(AbstractNioSelector.java:337)
	at org.jboss.netty.channel.socket.nio.NioClientBoss.run(NioClientBoss.java:42)
	at org.jboss.netty.util.ThreadRenamingRunnable.run(ThreadRenamingRunnable.java:108)
	at org.jboss.netty.util.internal.DeadLockProofWorker$1.run(DeadLockProofWorker.java:42)
	... 3 more
[2016-03-29 17:31:43,536][TRACE][org.elasticsearch.discovery.zen.ping.unicast] [node_t0] [1] failed to connect to {#zen_unicast_2#}{127.0.0.1}{127.0.0.1:30215}
ConnectTransportException[[][127.0.0.1:30215] connect_timeout[30s]]; nested: ConnectException[Connection refused: /127.0.0.1:30215];
	at org.elasticsearch.transport.netty.NettyTransport.connectToChannelsLight(NettyTransport.java:954)
	at org.elasticsearch.transport.netty.NettyTransport.connectToNode(NettyTransport.java:918)
	at org.elasticsearch.transport.netty.NettyTransport.connectToNodeLight(NettyTransport.java:890)
	at org.elasticsearch.test.transport.MockTransportService$LookupTestTransport.connectToNodeLight(MockTransportService.java:413)
	at org.elasticsearch.transport.TransportService.connectToNodeLight(TransportService.java:242)
	at org.elasticsearch.discovery.zen.ping.unicast.UnicastZenPing$3.run(UnicastZenPing.java:395)
	at java.util.concurrent.ThreadPoolExecutor.runWorker(ThreadPoolExecutor.java:1142)
	at java.util.concurrent.ThreadPoolExecutor$Worker.run(ThreadPoolExecutor.java:617)
	at java.lang.Thread.run(Thread.java:745)
Caused by: java.net.ConnectException: Connection refused: /127.0.0.1:30215
	at sun.nio.ch.SocketChannelImpl.checkConnect(Native Method)
	at sun.nio.ch.SocketChannelImpl.finishConnect(SocketChannelImpl.java:712)
	at org.jboss.netty.channel.socket.nio.NioClientBoss.connect(NioClientBoss.java:152)
	at org.jboss.netty.channel.socket.nio.NioClientBoss.processSelectedKeys(NioClientBoss.java:105)
	at org.jboss.netty.channel.socket.nio.NioClientBoss.process(NioClientBoss.java:79)
	at org.jboss.netty.channel.socket.nio.AbstractNioSelector.run(AbstractNioSelector.java:337)
	at org.jboss.netty.channel.socket.nio.NioClientBoss.run(NioClientBoss.java:42)
	at org.jboss.netty.util.ThreadRenamingRunnable.run(ThreadRenamingRunnable.java:108)
	at org.jboss.netty.util.internal.DeadLockProofWorker$1.run(DeadLockProofWorker.java:42)
	... 3 more
[2016-03-29 17:31:43,560][DEBUG][org.elasticsearch.discovery.zen.elect] [node_t1] using minimum_master_nodes [2]
[2016-03-29 17:31:43,560][DEBUG][org.elasticsearch.discovery.zen.ping.unicast] [node_t1] using initial hosts [127.0.0.1:30214, 127.0.0.1:30215, 127.0.0.1:30216], with concurrent_connects [10]
[2016-03-29 17:31:43,560][DEBUG][org.elasticsearch.discovery.zen] [node_t1] using ping_timeout [3s], join.timeout [10s], master_election.filter_client [true], master_election.filter_data [false]
[2016-03-29 17:31:43,560][DEBUG][org.elasticsearch.discovery.zen.fd] [node_t1] [master] uses ping_interval [1s], ping_timeout [1s], ping_retries [1]
[2016-03-29 17:31:43,560][DEBUG][org.elasticsearch.discovery.zen.fd] [node_t1] [node  ] uses ping_interval [1s], ping_timeout [1s], ping_retries [1]
[2016-03-29 17:31:43,574][TRACE][org.elasticsearch.discovery.zen] [node_t1] starting to accumulate joins
[2016-03-29 17:31:43,574][TRACE][org.elasticsearch.discovery.zen] [node_t1] starting to ping
[2016-03-29 17:31:43,575][TRACE][org.elasticsearch.discovery.zen.ping.unicast] [node_t1] [1] sending to {node_t1}{bsMpG1IsShyUTBhL24QIAA}{127.0.0.1}{127.0.0.1:30215}[mode=>network]
[2016-03-29 17:31:43,575][TRACE][org.elasticsearch.discovery.zen.ping.unicast] [node_t1] [1] connecting (light) to {#zen_unicast_1#}{127.0.0.1}{127.0.0.1:30214}
[2016-03-29 17:31:43,575][TRACE][org.elasticsearch.discovery.zen.ping.unicast] [node_t1] [1] received response from {node_t1}{bsMpG1IsShyUTBhL24QIAA}{127.0.0.1}{127.0.0.1:30215}[mode=>network]: [ping_response{node [{node_t1}{bsMpG1IsShyUTBhL24QIAA}{127.0.0.1}{127.0.0.1:30215}[mode=>network]], id[495], master [null], hasJoinedOnce [false], cluster_name[TEST-CHILD_VM=[1]-CLUSTER_SEED=[-679292691564915143]-HASH=[14406DE394EC7950]-cluster]}, ping_response{node [{node_t1}{bsMpG1IsShyUTBhL24QIAA}{127.0.0.1}{127.0.0.1:30215}[mode=>network]], id[496], master [null], hasJoinedOnce [false], cluster_name[TEST-CHILD_VM=[1]-CLUSTER_SEED=[-679292691564915143]-HASH=[14406DE394EC7950]-cluster]}]
[2016-03-29 17:31:43,575][TRACE][org.elasticsearch.discovery.zen.ping.unicast] [node_t1] [1] sending to {node_t1}{bsMpG1IsShyUTBhL24QIAA}{127.0.0.1}{127.0.0.1:30215}[mode=>network]
[2016-03-29 17:31:43,575][TRACE][org.elasticsearch.discovery.zen.ping.unicast] [node_t1] [1] connecting (light) to {#zen_unicast_3#}{127.0.0.1}{127.0.0.1:30216}
[2016-03-29 17:31:43,575][TRACE][org.elasticsearch.discovery.zen.ping.unicast] [node_t1] [1] received response from {node_t1}{bsMpG1IsShyUTBhL24QIAA}{127.0.0.1}{127.0.0.1:30215}[mode=>network]: [ping_response{node [{node_t1}{bsMpG1IsShyUTBhL24QIAA}{127.0.0.1}{127.0.0.1:30215}[mode=>network]], id[495], master [null], hasJoinedOnce [false], cluster_name[TEST-CHILD_VM=[1]-CLUSTER_SEED=[-679292691564915143]-HASH=[14406DE394EC7950]-cluster]}, ping_response{node [{node_t1}{bsMpG1IsShyUTBhL24QIAA}{127.0.0.1}{127.0.0.1:30215}[mode=>network]], id[495], master [null], hasJoinedOnce [false], cluster_name[TEST-CHILD_VM=[1]-CLUSTER_SEED=[-679292691564915143]-HASH=[14406DE394EC7950]-cluster]}, ping_response{node [{node_t1}{bsMpG1IsShyUTBhL24QIAA}{127.0.0.1}{127.0.0.1:30215}[mode=>network]], id[497], master [null], hasJoinedOnce [false], cluster_name[TEST-CHILD_VM=[1]-CLUSTER_SEED=[-679292691564915143]-HASH=[14406DE394EC7950]-cluster]}]
[2016-03-29 17:31:43,575][TRACE][org.elasticsearch.discovery.zen.ping.unicast] [node_t1] [1] connected to {#zen_unicast_1#}{127.0.0.1}{127.0.0.1:30214}
[2016-03-29 17:31:43,575][TRACE][org.elasticsearch.discovery.zen.ping.unicast] [node_t1] [1] sending to {#zen_unicast_1#}{127.0.0.1}{127.0.0.1:30214}
[2016-03-29 17:31:43,575][TRACE][org.elasticsearch.discovery.zen.ping.unicast] [node_t1] [1] failed to connect to {#zen_unicast_3#}{127.0.0.1}{127.0.0.1:30216}
ConnectTransportException[[][127.0.0.1:30216] connect_timeout[30s]]; nested: ConnectException[Connection refused: /127.0.0.1:30216];
	at org.elasticsearch.transport.netty.NettyTransport.connectToChannelsLight(NettyTransport.java:954)
	at org.elasticsearch.transport.netty.NettyTransport.connectToNode(NettyTransport.java:918)
	at org.elasticsearch.transport.netty.NettyTransport.connectToNodeLight(NettyTransport.java:890)
	at org.elasticsearch.test.transport.MockTransportService$LookupTestTransport.connectToNodeLight(MockTransportService.java:413)
	at org.elasticsearch.transport.TransportService.connectToNodeLight(TransportService.java:242)
	at org.elasticsearch.discovery.zen.ping.unicast.UnicastZenPing$3.run(UnicastZenPing.java:395)
	at java.util.concurrent.ThreadPoolExecutor.runWorker(ThreadPoolExecutor.java:1142)
	at java.util.concurrent.ThreadPoolExecutor$Worker.run(ThreadPoolExecutor.java:617)
	at java.lang.Thread.run(Thread.java:745)
Caused by: java.net.ConnectException: Connection refused: /127.0.0.1:30216
	at sun.nio.ch.SocketChannelImpl.checkConnect(Native Method)
	at sun.nio.ch.SocketChannelImpl.finishConnect(SocketChannelImpl.java:712)
	at org.jboss.netty.channel.socket.nio.NioClientBoss.connect(NioClientBoss.java:152)
	at org.jboss.netty.channel.socket.nio.NioClientBoss.processSelectedKeys(NioClientBoss.java:105)
	at org.jboss.netty.channel.socket.nio.NioClientBoss.process(NioClientBoss.java:79)
	at org.jboss.netty.channel.socket.nio.AbstractNioSelector.run(AbstractNioSelector.java:337)
	at org.jboss.netty.channel.socket.nio.NioClientBoss.run(NioClientBoss.java:42)
	at org.jboss.netty.util.ThreadRenamingRunnable.run(ThreadRenamingRunnable.java:108)
	at org.jboss.netty.util.internal.DeadLockProofWorker$1.run(DeadLockProofWorker.java:42)
	... 3 more
[2016-03-29 17:31:43,577][TRACE][org.elasticsearch.discovery.zen.ping.unicast] [node_t1] [1] received response from {#zen_unicast_1#}{127.0.0.1}{127.0.0.1:30214}: [ping_response{node [{node_t0}{qTbdcgJeRh2Uy6bs6C1q4w}{127.0.0.1}{127.0.0.1:30214}[mode=>network]], id[492], master [null], hasJoinedOnce [false], cluster_name[TEST-CHILD_VM=[1]-CLUSTER_SEED=[-679292691564915143]-HASH=[14406DE394EC7950]-cluster]}, ping_response{node [{node_t0}{qTbdcgJeRh2Uy6bs6C1q4w}{127.0.0.1}{127.0.0.1:30214}[mode=>network]], id[492], master [null], hasJoinedOnce [false], cluster_name[TEST-CHILD_VM=[1]-CLUSTER_SEED=[-679292691564915143]-HASH=[14406DE394EC7950]-cluster]}, ping_response{node [{node_t1}{bsMpG1IsShyUTBhL24QIAA}{127.0.0.1}{127.0.0.1:30215}[mode=>network]], id[495], master [null], hasJoinedOnce [false], cluster_name[TEST-CHILD_VM=[1]-CLUSTER_SEED=[-679292691564915143]-HASH=[14406DE394EC7950]-cluster]}, ping_response{node [{node_t0}{qTbdcgJeRh2Uy6bs6C1q4w}{127.0.0.1}{127.0.0.1:30214}[mode=>network]], id[498], master [null], hasJoinedOnce [false], cluster_name[TEST-CHILD_VM=[1]-CLUSTER_SEED=[-679292691564915143]-HASH=[14406DE394EC7950]-cluster]}]
[2016-03-29 17:31:43,606][DEBUG][org.elasticsearch.discovery.zen.elect] [node_t2] using minimum_master_nodes [2]
[2016-03-29 17:31:43,606][DEBUG][org.elasticsearch.discovery.zen.ping.unicast] [node_t2] using initial hosts [127.0.0.1:30214, 127.0.0.1:30215, 127.0.0.1:30216], with concurrent_connects [10]
[2016-03-29 17:31:43,606][DEBUG][org.elasticsearch.discovery.zen] [node_t2] using ping_timeout [3s], join.timeout [10s], master_election.filter_client [true], master_election.filter_data [false]
[2016-03-29 17:31:43,606][DEBUG][org.elasticsearch.discovery.zen.fd] [node_t2] [master] uses ping_interval [1s], ping_timeout [1s], ping_retries [1]
[2016-03-29 17:31:43,606][DEBUG][org.elasticsearch.discovery.zen.fd] [node_t2] [node  ] uses ping_interval [1s], ping_timeout [1s], ping_retries [1]
[2016-03-29 17:31:43,616][TRACE][org.elasticsearch.discovery.zen] [node_t2] starting to accumulate joins
[2016-03-29 17:31:43,616][TRACE][org.elasticsearch.discovery.zen] [node_t2] starting to ping
[2016-03-29 17:31:43,616][TRACE][org.elasticsearch.discovery.zen.ping.unicast] [node_t2] [1] connecting (light) to {#zen_unicast_1#}{127.0.0.1}{127.0.0.1:30214}
[2016-03-29 17:31:43,616][TRACE][org.elasticsearch.discovery.zen.ping.unicast] [node_t2] [1] sending to {node_t2}{7W0K19VeQ3mWkmMayGn_-g}{127.0.0.1}{127.0.0.1:30216}[mode=>network]
[2016-03-29 17:31:43,616][TRACE][org.elasticsearch.discovery.zen.ping.unicast] [node_t2] [1] connecting (light) to {#zen_unicast_2#}{127.0.0.1}{127.0.0.1:30215}
[2016-03-29 17:31:43,616][TRACE][org.elasticsearch.discovery.zen.ping.unicast] [node_t2] [1] received response from {node_t2}{7W0K19VeQ3mWkmMayGn_-g}{127.0.0.1}{127.0.0.1:30216}[mode=>network]: [ping_response{node [{node_t2}{7W0K19VeQ3mWkmMayGn_-g}{127.0.0.1}{127.0.0.1:30216}[mode=>network]], id[499], master [null], hasJoinedOnce [false], cluster_name[TEST-CHILD_VM=[1]-CLUSTER_SEED=[-679292691564915143]-HASH=[14406DE394EC7950]-cluster]}, ping_response{node [{node_t2}{7W0K19VeQ3mWkmMayGn_-g}{127.0.0.1}{127.0.0.1:30216}[mode=>network]], id[500], master [null], hasJoinedOnce [false], cluster_name[TEST-CHILD_VM=[1]-CLUSTER_SEED=[-679292691564915143]-HASH=[14406DE394EC7950]-cluster]}]
[2016-03-29 17:31:43,616][TRACE][org.elasticsearch.discovery.zen.ping.unicast] [node_t2] [1] sending to {node_t2}{7W0K19VeQ3mWkmMayGn_-g}{127.0.0.1}{127.0.0.1:30216}[mode=>network]
[2016-03-29 17:31:43,616][TRACE][org.elasticsearch.discovery.zen.ping.unicast] [node_t2] [1] received response from {node_t2}{7W0K19VeQ3mWkmMayGn_-g}{127.0.0.1}{127.0.0.1:30216}[mode=>network]: [ping_response{node [{node_t2}{7W0K19VeQ3mWkmMayGn_-g}{127.0.0.1}{127.0.0.1:30216}[mode=>network]], id[499], master [null], hasJoinedOnce [false], cluster_name[TEST-CHILD_VM=[1]-CLUSTER_SEED=[-679292691564915143]-HASH=[14406DE394EC7950]-cluster]}, ping_response{node [{node_t2}{7W0K19VeQ3mWkmMayGn_-g}{127.0.0.1}{127.0.0.1:30216}[mode=>network]], id[499], master [null], hasJoinedOnce [false], cluster_name[TEST-CHILD_VM=[1]-CLUSTER_SEED=[-679292691564915143]-HASH=[14406DE394EC7950]-cluster]}, ping_response{node [{node_t2}{7W0K19VeQ3mWkmMayGn_-g}{127.0.0.1}{127.0.0.1:30216}[mode=>network]], id[501], master [null], hasJoinedOnce [false], cluster_name[TEST-CHILD_VM=[1]-CLUSTER_SEED=[-679292691564915143]-HASH=[14406DE394EC7950]-cluster]}]
[2016-03-29 17:31:43,617][TRACE][org.elasticsearch.discovery.zen.ping.unicast] [node_t2] [1] connected to {#zen_unicast_1#}{127.0.0.1}{127.0.0.1:30214}
[2016-03-29 17:31:43,617][TRACE][org.elasticsearch.discovery.zen.ping.unicast] [node_t2] [1] sending to {#zen_unicast_1#}{127.0.0.1}{127.0.0.1:30214}
[2016-03-29 17:31:43,617][TRACE][org.elasticsearch.discovery.zen.ping.unicast] [node_t2] [1] connected to {#zen_unicast_2#}{127.0.0.1}{127.0.0.1:30215}
[2016-03-29 17:31:43,617][TRACE][org.elasticsearch.discovery.zen.ping.unicast] [node_t2] [1] sending to {#zen_unicast_2#}{127.0.0.1}{127.0.0.1:30215}
[2016-03-29 17:31:43,618][TRACE][org.elasticsearch.discovery.zen.ping.unicast] [node_t2] [1] received response from {#zen_unicast_2#}{127.0.0.1}{127.0.0.1:30215}: [ping_response{node [{node_t1}{bsMpG1IsShyUTBhL24QIAA}{127.0.0.1}{127.0.0.1:30215}[mode=>network]], id[495], master [null], hasJoinedOnce [false], cluster_name[TEST-CHILD_VM=[1]-CLUSTER_SEED=[-679292691564915143]-HASH=[14406DE394EC7950]-cluster]}, ping_response{node [{node_t1}{bsMpG1IsShyUTBhL24QIAA}{127.0.0.1}{127.0.0.1:30215}[mode=>network]], id[495], master [null], hasJoinedOnce [false], cluster_name[TEST-CHILD_VM=[1]-CLUSTER_SEED=[-679292691564915143]-HASH=[14406DE394EC7950]-cluster]}, ping_response{node [{node_t2}{7W0K19VeQ3mWkmMayGn_-g}{127.0.0.1}{127.0.0.1:30216}[mode=>network]], id[499], master [null], hasJoinedOnce [false], cluster_name[TEST-CHILD_VM=[1]-CLUSTER_SEED=[-679292691564915143]-HASH=[14406DE394EC7950]-cluster]}, ping_response{node [{node_t1}{bsMpG1IsShyUTBhL24QIAA}{127.0.0.1}{127.0.0.1:30215}[mode=>network]], id[503], master [null], hasJoinedOnce [false], cluster_name[TEST-CHILD_VM=[1]-CLUSTER_SEED=[-679292691564915143]-HASH=[14406DE394EC7950]-cluster]}]
[2016-03-29 17:31:43,618][TRACE][org.elasticsearch.discovery.zen.ping.unicast] [node_t2] [1] received response from {#zen_unicast_1#}{127.0.0.1}{127.0.0.1:30214}: [ping_response{node [{node_t0}{qTbdcgJeRh2Uy6bs6C1q4w}{127.0.0.1}{127.0.0.1:30214}[mode=>network]], id[492], master [null], hasJoinedOnce [false], cluster_name[TEST-CHILD_VM=[1]-CLUSTER_SEED=[-679292691564915143]-HASH=[14406DE394EC7950]-cluster]}, ping_response{node [{node_t0}{qTbdcgJeRh2Uy6bs6C1q4w}{127.0.0.1}{127.0.0.1:30214}[mode=>network]], id[492], master [null], hasJoinedOnce [false], cluster_name[TEST-CHILD_VM=[1]-CLUSTER_SEED=[-679292691564915143]-HASH=[14406DE394EC7950]-cluster]}, ping_response{node [{node_t1}{bsMpG1IsShyUTBhL24QIAA}{127.0.0.1}{127.0.0.1:30215}[mode=>network]], id[495], master [null], hasJoinedOnce [false], cluster_name[TEST-CHILD_VM=[1]-CLUSTER_SEED=[-679292691564915143]-HASH=[14406DE394EC7950]-cluster]}, ping_response{node [{node_t2}{7W0K19VeQ3mWkmMayGn_-g}{127.0.0.1}{127.0.0.1:30216}[mode=>network]], id[499], master [null], hasJoinedOnce [false], cluster_name[TEST-CHILD_VM=[1]-CLUSTER_SEED=[-679292691564915143]-HASH=[14406DE394EC7950]-cluster]}, ping_response{node [{node_t0}{qTbdcgJeRh2Uy6bs6C1q4w}{127.0.0.1}{127.0.0.1:30214}[mode=>network]], id[502], master [null], hasJoinedOnce [false], cluster_name[TEST-CHILD_VM=[1]-CLUSTER_SEED=[-679292691564915143]-HASH=[14406DE394EC7950]-cluster]}]
[2016-03-29 17:31:45,038][TRACE][org.elasticsearch.discovery.zen.ping.unicast] [node_t0] [1] sending to {node_t0}{qTbdcgJeRh2Uy6bs6C1q4w}{127.0.0.1}{127.0.0.1:30214}[mode=>network]
[2016-03-29 17:31:45,038][TRACE][org.elasticsearch.discovery.zen.ping.unicast] [node_t0] [1] received response from {node_t0}{qTbdcgJeRh2Uy6bs6C1q4w}{127.0.0.1}{127.0.0.1:30214}[mode=>network]: [ping_response{node [{node_t0}{qTbdcgJeRh2Uy6bs6C1q4w}{127.0.0.1}{127.0.0.1:30214}[mode=>network]], id[492], master [null], hasJoinedOnce [false], cluster_name[TEST-CHILD_VM=[1]-CLUSTER_SEED=[-679292691564915143]-HASH=[14406DE394EC7950]-cluster]}, ping_response{node [{node_t0}{qTbdcgJeRh2Uy6bs6C1q4w}{127.0.0.1}{127.0.0.1:30214}[mode=>network]], id[492], master [null], hasJoinedOnce [false], cluster_name[TEST-CHILD_VM=[1]-CLUSTER_SEED=[-679292691564915143]-HASH=[14406DE394EC7950]-cluster]}, ping_response{node [{node_t1}{bsMpG1IsShyUTBhL24QIAA}{127.0.0.1}{127.0.0.1:30215}[mode=>network]], id[495], master [null], hasJoinedOnce [false], cluster_name[TEST-CHILD_VM=[1]-CLUSTER_SEED=[-679292691564915143]-HASH=[14406DE394EC7950]-cluster]}, ping_response{node [{node_t2}{7W0K19VeQ3mWkmMayGn_-g}{127.0.0.1}{127.0.0.1:30216}[mode=>network]], id[499], master [null], hasJoinedOnce [false], cluster_name[TEST-CHILD_VM=[1]-CLUSTER_SEED=[-679292691564915143]-HASH=[14406DE394EC7950]-cluster]}, ping_response{node [{node_t0}{qTbdcgJeRh2Uy6bs6C1q4w}{127.0.0.1}{127.0.0.1:30214}[mode=>network]], id[504], master [null], hasJoinedOnce [false], cluster_name[TEST-CHILD_VM=[1]-CLUSTER_SEED=[-679292691564915143]-HASH=[14406DE394EC7950]-cluster]}, ping_response{node [{node_t0}{qTbdcgJeRh2Uy6bs6C1q4w}{127.0.0.1}{127.0.0.1:30214}[mode=>network]], id[505], master [null], hasJoinedOnce [false], cluster_name[TEST-CHILD_VM=[1]-CLUSTER_SEED=[-679292691564915143]-HASH=[14406DE394EC7950]-cluster]}]
[2016-03-29 17:31:45,039][TRACE][org.elasticsearch.discovery.zen.ping.unicast] [node_t0] [1] connecting (light) to {#zen_unicast_2#}{127.0.0.1}{127.0.0.1:30215}
[2016-03-29 17:31:45,039][TRACE][org.elasticsearch.discovery.zen.ping.unicast] [node_t0] replacing {node_t2}{7W0K19VeQ3mWkmMayGn_-g}{127.0.0.1}{127.0.0.1:30216}[mode=>network] with temp node {#zen_unicast_4_7W0K19VeQ3mWkmMayGn_-g#}{127.0.0.1}{127.0.0.1:30216}[mode=>network]
[2016-03-29 17:31:45,039][TRACE][org.elasticsearch.discovery.zen.ping.unicast] [node_t0] [1] connecting (light) to {#zen_unicast_3#}{127.0.0.1}{127.0.0.1:30216}
[2016-03-29 17:31:45,039][TRACE][org.elasticsearch.discovery.zen.ping.unicast] [node_t0] replacing {node_t1}{bsMpG1IsShyUTBhL24QIAA}{127.0.0.1}{127.0.0.1:30215}[mode=>network] with temp node {#zen_unicast_5_bsMpG1IsShyUTBhL24QIAA#}{127.0.0.1}{127.0.0.1:30215}[mode=>network]
[2016-03-29 17:31:45,039][TRACE][org.elasticsearch.discovery.zen.ping.unicast] [node_t0] [1] connecting (light) to {#zen_unicast_4_7W0K19VeQ3mWkmMayGn_-g#}{127.0.0.1}{127.0.0.1:30216}[mode=>network]
[2016-03-29 17:31:45,039][TRACE][org.elasticsearch.discovery.zen.ping.unicast] [node_t0] [1] sending to {node_t0}{qTbdcgJeRh2Uy6bs6C1q4w}{127.0.0.1}{127.0.0.1:30214}[mode=>network]
[2016-03-29 17:31:45,039][TRACE][org.elasticsearch.discovery.zen.ping.unicast] [node_t0] [1] received response from {node_t0}{qTbdcgJeRh2Uy6bs6C1q4w}{127.0.0.1}{127.0.0.1:30214}[mode=>network]: [ping_response{node [{node_t0}{qTbdcgJeRh2Uy6bs6C1q4w}{127.0.0.1}{127.0.0.1:30214}[mode=>network]], id[492], master [null], hasJoinedOnce [false], cluster_name[TEST-CHILD_VM=[1]-CLUSTER_SEED=[-679292691564915143]-HASH=[14406DE394EC7950]-cluster]}, ping_response{node [{node_t0}{qTbdcgJeRh2Uy6bs6C1q4w}{127.0.0.1}{127.0.0.1:30214}[mode=>network]], id[492], master [null], hasJoinedOnce [false], cluster_name[TEST-CHILD_VM=[1]-CLUSTER_SEED=[-679292691564915143]-HASH=[14406DE394EC7950]-cluster]}, ping_response{node [{node_t1}{bsMpG1IsShyUTBhL24QIAA}{127.0.0.1}{127.0.0.1:30215}[mode=>network]], id[495], master [null], hasJoinedOnce [false], cluster_name[TEST-CHILD_VM=[1]-CLUSTER_SEED=[-679292691564915143]-HASH=[14406DE394EC7950]-cluster]}, ping_response{node [{node_t2}{7W0K19VeQ3mWkmMayGn_-g}{127.0.0.1}{127.0.0.1:30216}[mode=>network]], id[499], master [null], hasJoinedOnce [false], cluster_name[TEST-CHILD_VM=[1]-CLUSTER_SEED=[-679292691564915143]-HASH=[14406DE394EC7950]-cluster]}, ping_response{node [{node_t0}{qTbdcgJeRh2Uy6bs6C1q4w}{127.0.0.1}{127.0.0.1:30214}[mode=>network]], id[504], master [null], hasJoinedOnce [false], cluster_name[TEST-CHILD_VM=[1]-CLUSTER_SEED=[-679292691564915143]-HASH=[14406DE394EC7950]-cluster]}, ping_response{node [{node_t0}{qTbdcgJeRh2Uy6bs6C1q4w}{127.0.0.1}{127.0.0.1:30214}[mode=>network]], id[504], master [null], hasJoinedOnce [false], cluster_name[TEST-CHILD_VM=[1]-CLUSTER_SEED=[-679292691564915143]-HASH=[14406DE394EC7950]-cluster]}, ping_response{node [{node_t0}{qTbdcgJeRh2Uy6bs6C1q4w}{127.0.0.1}{127.0.0.1:30214}[mode=>network]], id[506], master [null], hasJoinedOnce [false], cluster_name[TEST-CHILD_VM=[1]-CLUSTER_SEED=[-679292691564915143]-HASH=[14406DE394EC7950]-cluster]}]
[2016-03-29 17:31:45,039][TRACE][org.elasticsearch.discovery.zen.ping.unicast] [node_t0] [1] connecting (light) to {#zen_unicast_5_bsMpG1IsShyUTBhL24QIAA#}{127.0.0.1}{127.0.0.1:30215}[mode=>network]
[2016-03-29 17:31:45,039][TRACE][org.elasticsearch.discovery.zen.ping.unicast] [node_t0] [1] connected to {#zen_unicast_2#}{127.0.0.1}{127.0.0.1:30215}
[2016-03-29 17:31:45,039][TRACE][org.elasticsearch.discovery.zen.ping.unicast] [node_t0] [1] sending to {#zen_unicast_2#}{127.0.0.1}{127.0.0.1:30215}
[2016-03-29 17:31:45,040][TRACE][org.elasticsearch.discovery.zen.ping.unicast] [node_t0] [1] connected to {node_t2}{7W0K19VeQ3mWkmMayGn_-g}{127.0.0.1}{127.0.0.1:30216}[mode=>network]
[2016-03-29 17:31:45,040][TRACE][org.elasticsearch.discovery.zen.ping.unicast] [node_t0] [1] sending to {#zen_unicast_4_7W0K19VeQ3mWkmMayGn_-g#}{127.0.0.1}{127.0.0.1:30216}[mode=>network]
[2016-03-29 17:31:45,040][TRACE][org.elasticsearch.discovery.zen.ping.unicast] [node_t0] [1] connected to {#zen_unicast_3#}{127.0.0.1}{127.0.0.1:30216}
[2016-03-29 17:31:45,040][TRACE][org.elasticsearch.discovery.zen.ping.unicast] [node_t0] [1] sending to {#zen_unicast_3#}{127.0.0.1}{127.0.0.1:30216}
[2016-03-29 17:31:45,040][TRACE][org.elasticsearch.discovery.zen.ping.unicast] [node_t0] [1] connected to {node_t1}{bsMpG1IsShyUTBhL24QIAA}{127.0.0.1}{127.0.0.1:30215}[mode=>network]
[2016-03-29 17:31:45,040][TRACE][org.elasticsearch.discovery.zen.ping.unicast] [node_t0] [1] sending to {#zen_unicast_5_bsMpG1IsShyUTBhL24QIAA#}{127.0.0.1}{127.0.0.1:30215}[mode=>network]
[2016-03-29 17:31:45,041][TRACE][org.elasticsearch.discovery.zen.ping.unicast] [node_t0] [1] received response from {#zen_unicast_2#}{127.0.0.1}{127.0.0.1:30215}: [ping_response{node [{node_t1}{bsMpG1IsShyUTBhL24QIAA}{127.0.0.1}{127.0.0.1:30215}[mode=>network]], id[495], master [null], hasJoinedOnce [false], cluster_name[TEST-CHILD_VM=[1]-CLUSTER_SEED=[-679292691564915143]-HASH=[14406DE394EC7950]-cluster]}, ping_response{node [{node_t1}{bsMpG1IsShyUTBhL24QIAA}{127.0.0.1}{127.0.0.1:30215}[mode=>network]], id[495], master [null], hasJoinedOnce [false], cluster_name[TEST-CHILD_VM=[1]-CLUSTER_SEED=[-679292691564915143]-HASH=[14406DE394EC7950]-cluster]}, ping_response{node [{node_t2}{7W0K19VeQ3mWkmMayGn_-g}{127.0.0.1}{127.0.0.1:30216}[mode=>network]], id[499], master [null], hasJoinedOnce [false], cluster_name[TEST-CHILD_VM=[1]-CLUSTER_SEED=[-679292691564915143]-HASH=[14406DE394EC7950]-cluster]}, ping_response{node [{node_t0}{qTbdcgJeRh2Uy6bs6C1q4w}{127.0.0.1}{127.0.0.1:30214}[mode=>network]], id[504], master [null], hasJoinedOnce [false], cluster_name[TEST-CHILD_VM=[1]-CLUSTER_SEED=[-679292691564915143]-HASH=[14406DE394EC7950]-cluster]}, ping_response{node [{node_t0}{qTbdcgJeRh2Uy6bs6C1q4w}{127.0.0.1}{127.0.0.1:30214}[mode=>network]], id[504], master [null], hasJoinedOnce [false], cluster_name[TEST-CHILD_VM=[1]-CLUSTER_SEED=[-679292691564915143]-HASH=[14406DE394EC7950]-cluster]}, ping_response{node [{node_t1}{bsMpG1IsShyUTBhL24QIAA}{127.0.0.1}{127.0.0.1:30215}[mode=>network]], id[508], master [null], hasJoinedOnce [false], cluster_name[TEST-CHILD_VM=[1]-CLUSTER_SEED=[-679292691564915143]-HASH=[14406DE394EC7950]-cluster]}]
[2016-03-29 17:31:45,052][TRACE][org.elasticsearch.discovery.zen.ping.unicast] [node_t0] [1] received response from {#zen_unicast_5_bsMpG1IsShyUTBhL24QIAA#}{127.0.0.1}{127.0.0.1:30215}[mode=>network]: [ping_response{node [{node_t1}{bsMpG1IsShyUTBhL24QIAA}{127.0.0.1}{127.0.0.1:30215}[mode=>network]], id[495], master [null], hasJoinedOnce [false], cluster_name[TEST-CHILD_VM=[1]-CLUSTER_SEED=[-679292691564915143]-HASH=[14406DE394EC7950]-cluster]}, ping_response{node [{node_t1}{bsMpG1IsShyUTBhL24QIAA}{127.0.0.1}{127.0.0.1:30215}[mode=>network]], id[495], master [null], hasJoinedOnce [false], cluster_name[TEST-CHILD_VM=[1]-CLUSTER_SEED=[-679292691564915143]-HASH=[14406DE394EC7950]-cluster]}, ping_response{node [{node_t2}{7W0K19VeQ3mWkmMayGn_-g}{127.0.0.1}{127.0.0.1:30216}[mode=>network]], id[499], master [null], hasJoinedOnce [false], cluster_name[TEST-CHILD_VM=[1]-CLUSTER_SEED=[-679292691564915143]-HASH=[14406DE394EC7950]-cluster]}, ping_response{node [{node_t0}{qTbdcgJeRh2Uy6bs6C1q4w}{127.0.0.1}{127.0.0.1:30214}[mode=>network]], id[504], master [null], hasJoinedOnce [false], cluster_name[TEST-CHILD_VM=[1]-CLUSTER_SEED=[-679292691564915143]-HASH=[14406DE394EC7950]-cluster]}, ping_response{node [{node_t0}{qTbdcgJeRh2Uy6bs6C1q4w}{127.0.0.1}{127.0.0.1:30214}[mode=>network]], id[504], master [null], hasJoinedOnce [false], cluster_name[TEST-CHILD_VM=[1]-CLUSTER_SEED=[-679292691564915143]-HASH=[14406DE394EC7950]-cluster]}, ping_response{node [{node_t1}{bsMpG1IsShyUTBhL24QIAA}{127.0.0.1}{127.0.0.1:30215}[mode=>network]], id[507], master [null], hasJoinedOnce [false], cluster_name[TEST-CHILD_VM=[1]-CLUSTER_SEED=[-679292691564915143]-HASH=[14406DE394EC7950]-cluster]}]
[2016-03-29 17:31:45,053][TRACE][org.elasticsearch.discovery.zen.ping.unicast] [node_t0] [1] received response from {#zen_unicast_4_7W0K19VeQ3mWkmMayGn_-g#}{127.0.0.1}{127.0.0.1:30216}[mode=>network]: [ping_response{node [{node_t2}{7W0K19VeQ3mWkmMayGn_-g}{127.0.0.1}{127.0.0.1:30216}[mode=>network]], id[499], master [null], hasJoinedOnce [false], cluster_name[TEST-CHILD_VM=[1]-CLUSTER_SEED=[-679292691564915143]-HASH=[14406DE394EC7950]-cluster]}, ping_response{node [{node_t2}{7W0K19VeQ3mWkmMayGn_-g}{127.0.0.1}{127.0.0.1:30216}[mode=>network]], id[499], master [null], hasJoinedOnce [false], cluster_name[TEST-CHILD_VM=[1]-CLUSTER_SEED=[-679292691564915143]-HASH=[14406DE394EC7950]-cluster]}, ping_response{node [{node_t0}{qTbdcgJeRh2Uy6bs6C1q4w}{127.0.0.1}{127.0.0.1:30214}[mode=>network]], id[504], master [null], hasJoinedOnce [false], cluster_name[TEST-CHILD_VM=[1]-CLUSTER_SEED=[-679292691564915143]-HASH=[14406DE394EC7950]-cluster]}, ping_response{node [{node_t2}{7W0K19VeQ3mWkmMayGn_-g}{127.0.0.1}{127.0.0.1:30216}[mode=>network]], id[509], master [null], hasJoinedOnce [false], cluster_name[TEST-CHILD_VM=[1]-CLUSTER_SEED=[-679292691564915143]-HASH=[14406DE394EC7950]-cluster]}]
[2016-03-29 17:31:45,053][TRACE][org.elasticsearch.discovery.zen.ping.unicast] [node_t0] [1] received response from {#zen_unicast_3#}{127.0.0.1}{127.0.0.1:30216}: [ping_response{node [{node_t2}{7W0K19VeQ3mWkmMayGn_-g}{127.0.0.1}{127.0.0.1:30216}[mode=>network]], id[499], master [null], hasJoinedOnce [false], cluster_name[TEST-CHILD_VM=[1]-CLUSTER_SEED=[-679292691564915143]-HASH=[14406DE394EC7950]-cluster]}, ping_response{node [{node_t2}{7W0K19VeQ3mWkmMayGn_-g}{127.0.0.1}{127.0.0.1:30216}[mode=>network]], id[499], master [null], hasJoinedOnce [false], cluster_name[TEST-CHILD_VM=[1]-CLUSTER_SEED=[-679292691564915143]-HASH=[14406DE394EC7950]-cluster]}, ping_response{node [{node_t0}{qTbdcgJeRh2Uy6bs6C1q4w}{127.0.0.1}{127.0.0.1:30214}[mode=>network]], id[504], master [null], hasJoinedOnce [false], cluster_name[TEST-CHILD_VM=[1]-CLUSTER_SEED=[-679292691564915143]-HASH=[14406DE394EC7950]-cluster]}, ping_response{node [{node_t0}{qTbdcgJeRh2Uy6bs6C1q4w}{127.0.0.1}{127.0.0.1:30214}[mode=>network]], id[504], master [null], hasJoinedOnce [false], cluster_name[TEST-CHILD_VM=[1]-CLUSTER_SEED=[-679292691564915143]-HASH=[14406DE394EC7950]-cluster]}, ping_response{node [{node_t2}{7W0K19VeQ3mWkmMayGn_-g}{127.0.0.1}{127.0.0.1:30216}[mode=>network]], id[510], master [null], hasJoinedOnce [false], cluster_name[TEST-CHILD_VM=[1]-CLUSTER_SEED=[-679292691564915143]-HASH=[14406DE394EC7950]-cluster]}]
[2016-03-29 17:31:45,080][TRACE][org.elasticsearch.discovery.zen.ping.unicast] [node_t1] [1] sending to {#zen_unicast_1#}{127.0.0.1}{127.0.0.1:30214}
[2016-03-29 17:31:45,080][TRACE][org.elasticsearch.discovery.zen.ping.unicast] [node_t1] [1] sending to {node_t1}{bsMpG1IsShyUTBhL24QIAA}{127.0.0.1}{127.0.0.1:30215}[mode=>network]
[2016-03-29 17:31:45,080][TRACE][org.elasticsearch.discovery.zen.ping.unicast] [node_t1] [1] received response from {node_t1}{bsMpG1IsShyUTBhL24QIAA}{127.0.0.1}{127.0.0.1:30215}[mode=>network]: [ping_response{node [{node_t1}{bsMpG1IsShyUTBhL24QIAA}{127.0.0.1}{127.0.0.1:30215}[mode=>network]], id[495], master [null], hasJoinedOnce [false], cluster_name[TEST-CHILD_VM=[1]-CLUSTER_SEED=[-679292691564915143]-HASH=[14406DE394EC7950]-cluster]}, ping_response{node [{node_t1}{bsMpG1IsShyUTBhL24QIAA}{127.0.0.1}{127.0.0.1:30215}[mode=>network]], id[495], master [null], hasJoinedOnce [false], cluster_name[TEST-CHILD_VM=[1]-CLUSTER_SEED=[-679292691564915143]-HASH=[14406DE394EC7950]-cluster]}, ping_response{node [{node_t2}{7W0K19VeQ3mWkmMayGn_-g}{127.0.0.1}{127.0.0.1:30216}[mode=>network]], id[499], master [null], hasJoinedOnce [false], cluster_name[TEST-CHILD_VM=[1]-CLUSTER_SEED=[-679292691564915143]-HASH=[14406DE394EC7950]-cluster]}, ping_response{node [{node_t0}{qTbdcgJeRh2Uy6bs6C1q4w}{127.0.0.1}{127.0.0.1:30214}[mode=>network]], id[504], master [null], hasJoinedOnce [false], cluster_name[TEST-CHILD_VM=[1]-CLUSTER_SEED=[-679292691564915143]-HASH=[14406DE394EC7950]-cluster]}, ping_response{node [{node_t0}{qTbdcgJeRh2Uy6bs6C1q4w}{127.0.0.1}{127.0.0.1:30214}[mode=>network]], id[504], master [null], hasJoinedOnce [false], cluster_name[TEST-CHILD_VM=[1]-CLUSTER_SEED=[-679292691564915143]-HASH=[14406DE394EC7950]-cluster]}, ping_response{node [{node_t1}{bsMpG1IsShyUTBhL24QIAA}{127.0.0.1}{127.0.0.1:30215}[mode=>network]], id[511], master [null], hasJoinedOnce [false], cluster_name[TEST-CHILD_VM=[1]-CLUSTER_SEED=[-679292691564915143]-HASH=[14406DE394EC7950]-cluster]}, ping_response{node [{node_t1}{bsMpG1IsShyUTBhL24QIAA}{127.0.0.1}{127.0.0.1:30215}[mode=>network]], id[512], master [null], hasJoinedOnce [false], cluster_name[TEST-CHILD_VM=[1]-CLUSTER_SEED=[-679292691564915143]-HASH=[14406DE394EC7950]-cluster]}]
[2016-03-29 17:31:45,081][TRACE][org.elasticsearch.discovery.zen.ping.unicast] [node_t1] [1] connecting (light) to {#zen_unicast_3#}{127.0.0.1}{127.0.0.1:30216}
[2016-03-29 17:31:45,081][TRACE][org.elasticsearch.discovery.zen.ping.unicast] [node_t1] replacing {node_t2}{7W0K19VeQ3mWkmMayGn_-g}{127.0.0.1}{127.0.0.1:30216}[mode=>network] with temp node {#zen_unicast_4_7W0K19VeQ3mWkmMayGn_-g#}{127.0.0.1}{127.0.0.1:30216}[mode=>network]
[2016-03-29 17:31:45,081][TRACE][org.elasticsearch.discovery.zen.ping.unicast] [node_t1] [1] received response from {#zen_unicast_1#}{127.0.0.1}{127.0.0.1:30214}: [ping_response{node [{node_t0}{qTbdcgJeRh2Uy6bs6C1q4w}{127.0.0.1}{127.0.0.1:30214}[mode=>network]], id[492], master [null], hasJoinedOnce [false], cluster_name[TEST-CHILD_VM=[1]-CLUSTER_SEED=[-679292691564915143]-HASH=[14406DE394EC7950]-cluster]}, ping_response{node [{node_t0}{qTbdcgJeRh2Uy6bs6C1q4w}{127.0.0.1}{127.0.0.1:30214}[mode=>network]], id[492], master [null], hasJoinedOnce [false], cluster_name[TEST-CHILD_VM=[1]-CLUSTER_SEED=[-679292691564915143]-HASH=[14406DE394EC7950]-cluster]}, ping_response{node [{node_t1}{bsMpG1IsShyUTBhL24QIAA}{127.0.0.1}{127.0.0.1:30215}[mode=>network]], id[495], master [null], hasJoinedOnce [false], cluster_name[TEST-CHILD_VM=[1]-CLUSTER_SEED=[-679292691564915143]-HASH=[14406DE394EC7950]-cluster]}, ping_response{node [{node_t2}{7W0K19VeQ3mWkmMayGn_-g}{127.0.0.1}{127.0.0.1:30216}[mode=>network]], id[499], master [null], hasJoinedOnce [false], cluster_name[TEST-CHILD_VM=[1]-CLUSTER_SEED=[-679292691564915143]-HASH=[14406DE394EC7950]-cluster]}, ping_response{node [{node_t0}{qTbdcgJeRh2Uy6bs6C1q4w}{127.0.0.1}{127.0.0.1:30214}[mode=>network]], id[504], master [null], hasJoinedOnce [false], cluster_name[TEST-CHILD_VM=[1]-CLUSTER_SEED=[-679292691564915143]-HASH=[14406DE394EC7950]-cluster]}, ping_response{node [{node_t0}{qTbdcgJeRh2Uy6bs6C1q4w}{127.0.0.1}{127.0.0.1:30214}[mode=>network]], id[504], master [null], hasJoinedOnce [false], cluster_name[TEST-CHILD_VM=[1]-CLUSTER_SEED=[-679292691564915143]-HASH=[14406DE394EC7950]-cluster]}, ping_response{node [{node_t1}{bsMpG1IsShyUTBhL24QIAA}{127.0.0.1}{127.0.0.1:30215}[mode=>network]], id[511], master [null], hasJoinedOnce [false], cluster_name[TEST-CHILD_VM=[1]-CLUSTER_SEED=[-679292691564915143]-HASH=[14406DE394EC7950]-cluster]}, ping_response{node [{node_t0}{qTbdcgJeRh2Uy6bs6C1q4w}{127.0.0.1}{127.0.0.1:30214}[mode=>network]], id[513], master [null], hasJoinedOnce [false], cluster_name[TEST-CHILD_VM=[1]-CLUSTER_SEED=[-679292691564915143]-HASH=[14406DE394EC7950]-cluster]}]
[2016-03-29 17:31:45,081][TRACE][org.elasticsearch.discovery.zen.ping.unicast] [node_t1] [1] connecting (light) to {#zen_unicast_4_7W0K19VeQ3mWkmMayGn_-g#}{127.0.0.1}{127.0.0.1:30216}[mode=>network]
[2016-03-29 17:31:45,081][TRACE][org.elasticsearch.discovery.zen.ping.unicast] [node_t1] [1] sending to {node_t1}{bsMpG1IsShyUTBhL24QIAA}{127.0.0.1}{127.0.0.1:30215}[mode=>network]
[2016-03-29 17:31:45,081][TRACE][org.elasticsearch.discovery.zen.ping.unicast] [node_t1] [1] received response from {node_t1}{bsMpG1IsShyUTBhL24QIAA}{127.0.0.1}{127.0.0.1:30215}[mode=>network]: [ping_response{node [{node_t1}{bsMpG1IsShyUTBhL24QIAA}{127.0.0.1}{127.0.0.1:30215}[mode=>network]], id[495], master [null], hasJoinedOnce [false], cluster_name[TEST-CHILD_VM=[1]-CLUSTER_SEED=[-679292691564915143]-HASH=[14406DE394EC7950]-cluster]}, ping_response{node [{node_t1}{bsMpG1IsShyUTBhL24QIAA}{127.0.0.1}{127.0.0.1:30215}[mode=>network]], id[495], master [null], hasJoinedOnce [false], cluster_name[TEST-CHILD_VM=[1]-CLUSTER_SEED=[-679292691564915143]-HASH=[14406DE394EC7950]-cluster]}, ping_response{node [{node_t2}{7W0K19VeQ3mWkmMayGn_-g}{127.0.0.1}{127.0.0.1:30216}[mode=>network]], id[499], master [null], hasJoinedOnce [false], cluster_name[TEST-CHILD_VM=[1]-CLUSTER_SEED=[-679292691564915143]-HASH=[14406DE394EC7950]-cluster]}, ping_response{node [{node_t0}{qTbdcgJeRh2Uy6bs6C1q4w}{127.0.0.1}{127.0.0.1:30214}[mode=>network]], id[504], master [null], hasJoinedOnce [false], cluster_name[TEST-CHILD_VM=[1]-CLUSTER_SEED=[-679292691564915143]-HASH=[14406DE394EC7950]-cluster]}, ping_response{node [{node_t0}{qTbdcgJeRh2Uy6bs6C1q4w}{127.0.0.1}{127.0.0.1:30214}[mode=>network]], id[504], master [null], hasJoinedOnce [false], cluster_name[TEST-CHILD_VM=[1]-CLUSTER_SEED=[-679292691564915143]-HASH=[14406DE394EC7950]-cluster]}, ping_response{node [{node_t1}{bsMpG1IsShyUTBhL24QIAA}{127.0.0.1}{127.0.0.1:30215}[mode=>network]], id[511], master [null], hasJoinedOnce [false], cluster_name[TEST-CHILD_VM=[1]-CLUSTER_SEED=[-679292691564915143]-HASH=[14406DE394EC7950]-cluster]}, ping_response{node [{node_t1}{bsMpG1IsShyUTBhL24QIAA}{127.0.0.1}{127.0.0.1:30215}[mode=>network]], id[511], master [null], hasJoinedOnce [false], cluster_name[TEST-CHILD_VM=[1]-CLUSTER_SEED=[-679292691564915143]-HASH=[14406DE394EC7950]-cluster]}, ping_response{node [{node_t1}{bsMpG1IsShyUTBhL24QIAA}{127.0.0.1}{127.0.0.1:30215}[mode=>network]], id[514], master [null], hasJoinedOnce [false], cluster_name[TEST-CHILD_VM=[1]-CLUSTER_SEED=[-679292691564915143]-HASH=[14406DE394EC7950]-cluster]}]
[2016-03-29 17:31:45,082][TRACE][org.elasticsearch.discovery.zen.ping.unicast] [node_t1] replacing {node_t0}{qTbdcgJeRh2Uy6bs6C1q4w}{127.0.0.1}{127.0.0.1:30214}[mode=>network] with temp node {#zen_unicast_5_qTbdcgJeRh2Uy6bs6C1q4w#}{127.0.0.1}{127.0.0.1:30214}[mode=>network]
[2016-03-29 17:31:45,082][TRACE][org.elasticsearch.discovery.zen.ping.unicast] [node_t1] [1] connected to {#zen_unicast_3#}{127.0.0.1}{127.0.0.1:30216}
[2016-03-29 17:31:45,082][TRACE][org.elasticsearch.discovery.zen.ping.unicast] [node_t1] [1] sending to {#zen_unicast_3#}{127.0.0.1}{127.0.0.1:30216}
[2016-03-29 17:31:45,082][TRACE][org.elasticsearch.discovery.zen.ping.unicast] [node_t1] [1] connected to {node_t2}{7W0K19VeQ3mWkmMayGn_-g}{127.0.0.1}{127.0.0.1:30216}[mode=>network]
[2016-03-29 17:31:45,082][TRACE][org.elasticsearch.discovery.zen.ping.unicast] [node_t1] [1] connecting (light) to {#zen_unicast_5_qTbdcgJeRh2Uy6bs6C1q4w#}{127.0.0.1}{127.0.0.1:30214}[mode=>network]
[2016-03-29 17:31:45,082][TRACE][org.elasticsearch.discovery.zen.ping.unicast] [node_t1] [1] sending to {#zen_unicast_4_7W0K19VeQ3mWkmMayGn_-g#}{127.0.0.1}{127.0.0.1:30216}[mode=>network]
[2016-03-29 17:31:45,082][TRACE][org.elasticsearch.discovery.zen.ping.unicast] [node_t1] [1] connected to {node_t0}{qTbdcgJeRh2Uy6bs6C1q4w}{127.0.0.1}{127.0.0.1:30214}[mode=>network]
[2016-03-29 17:31:45,082][TRACE][org.elasticsearch.discovery.zen.ping.unicast] [node_t1] [1] sending to {#zen_unicast_5_qTbdcgJeRh2Uy6bs6C1q4w#}{127.0.0.1}{127.0.0.1:30214}[mode=>network]
[2016-03-29 17:31:45,082][TRACE][org.elasticsearch.discovery.zen.ping.unicast] [node_t1] [1] received response from {#zen_unicast_3#}{127.0.0.1}{127.0.0.1:30216}: [ping_response{node [{node_t2}{7W0K19VeQ3mWkmMayGn_-g}{127.0.0.1}{127.0.0.1:30216}[mode=>network]], id[499], master [null], hasJoinedOnce [false], cluster_name[TEST-CHILD_VM=[1]-CLUSTER_SEED=[-679292691564915143]-HASH=[14406DE394EC7950]-cluster]}, ping_response{node [{node_t2}{7W0K19VeQ3mWkmMayGn_-g}{127.0.0.1}{127.0.0.1:30216}[mode=>network]], id[499], master [null], hasJoinedOnce [false], cluster_name[TEST-CHILD_VM=[1]-CLUSTER_SEED=[-679292691564915143]-HASH=[14406DE394EC7950]-cluster]}, ping_response{node [{node_t0}{qTbdcgJeRh2Uy6bs6C1q4w}{127.0.0.1}{127.0.0.1:30214}[mode=>network]], id[504], master [null], hasJoinedOnce [false], cluster_name[TEST-CHILD_VM=[1]-CLUSTER_SEED=[-679292691564915143]-HASH=[14406DE394EC7950]-cluster]}, ping_response{node [{node_t0}{qTbdcgJeRh2Uy6bs6C1q4w}{127.0.0.1}{127.0.0.1:30214}[mode=>network]], id[504], master [null], hasJoinedOnce [false], cluster_name[TEST-CHILD_VM=[1]-CLUSTER_SEED=[-679292691564915143]-HASH=[14406DE394EC7950]-cluster]}, ping_response{node [{node_t1}{bsMpG1IsShyUTBhL24QIAA}{127.0.0.1}{127.0.0.1:30215}[mode=>network]], id[511], master [null], hasJoinedOnce [false], cluster_name[TEST-CHILD_VM=[1]-CLUSTER_SEED=[-679292691564915143]-HASH=[14406DE394EC7950]-cluster]}, ping_response{node [{node_t2}{7W0K19VeQ3mWkmMayGn_-g}{127.0.0.1}{127.0.0.1:30216}[mode=>network]], id[515], master [null], hasJoinedOnce [false], cluster_name[TEST-CHILD_VM=[1]-CLUSTER_SEED=[-679292691564915143]-HASH=[14406DE394EC7950]-cluster]}]
[2016-03-29 17:31:45,083][TRACE][org.elasticsearch.discovery.zen.ping.unicast] [node_t1] [1] received response from {#zen_unicast_4_7W0K19VeQ3mWkmMayGn_-g#}{127.0.0.1}{127.0.0.1:30216}[mode=>network]: [ping_response{node [{node_t2}{7W0K19VeQ3mWkmMayGn_-g}{127.0.0.1}{127.0.0.1:30216}[mode=>network]], id[499], master [null], hasJoinedOnce [false], cluster_name[TEST-CHILD_VM=[1]-CLUSTER_SEED=[-679292691564915143]-HASH=[14406DE394EC7950]-cluster]}, ping_response{node [{node_t2}{7W0K19VeQ3mWkmMayGn_-g}{127.0.0.1}{127.0.0.1:30216}[mode=>network]], id[499], master [null], hasJoinedOnce [false], cluster_name[TEST-CHILD_VM=[1]-CLUSTER_SEED=[-679292691564915143]-HASH=[14406DE394EC7950]-cluster]}, ping_response{node [{node_t0}{qTbdcgJeRh2Uy6bs6C1q4w}{127.0.0.1}{127.0.0.1:30214}[mode=>network]], id[504], master [null], hasJoinedOnce [false], cluster_name[TEST-CHILD_VM=[1]-CLUSTER_SEED=[-679292691564915143]-HASH=[14406DE394EC7950]-cluster]}, ping_response{node [{node_t0}{qTbdcgJeRh2Uy6bs6C1q4w}{127.0.0.1}{127.0.0.1:30214}[mode=>network]], id[504], master [null], hasJoinedOnce [false], cluster_name[TEST-CHILD_VM=[1]-CLUSTER_SEED=[-679292691564915143]-HASH=[14406DE394EC7950]-cluster]}, ping_response{node [{node_t1}{bsMpG1IsShyUTBhL24QIAA}{127.0.0.1}{127.0.0.1:30215}[mode=>network]], id[511], master [null], hasJoinedOnce [false], cluster_name[TEST-CHILD_VM=[1]-CLUSTER_SEED=[-679292691564915143]-HASH=[14406DE394EC7950]-cluster]}, ping_response{node [{node_t1}{bsMpG1IsShyUTBhL24QIAA}{127.0.0.1}{127.0.0.1:30215}[mode=>network]], id[511], master [null], hasJoinedOnce [false], cluster_name[TEST-CHILD_VM=[1]-CLUSTER_SEED=[-679292691564915143]-HASH=[14406DE394EC7950]-cluster]}, ping_response{node [{node_t2}{7W0K19VeQ3mWkmMayGn_-g}{127.0.0.1}{127.0.0.1:30216}[mode=>network]], id[516], master [null], hasJoinedOnce [false], cluster_name[TEST-CHILD_VM=[1]-CLUSTER_SEED=[-679292691564915143]-HASH=[14406DE394EC7950]-cluster]}]
[2016-03-29 17:31:45,083][TRACE][org.elasticsearch.discovery.zen.ping.unicast] [node_t1] [1] received response from {#zen_unicast_5_qTbdcgJeRh2Uy6bs6C1q4w#}{127.0.0.1}{127.0.0.1:30214}[mode=>network]: [ping_response{node [{node_t0}{qTbdcgJeRh2Uy6bs6C1q4w}{127.0.0.1}{127.0.0.1:30214}[mode=>network]], id[492], master [null], hasJoinedOnce [false], cluster_name[TEST-CHILD_VM=[1]-CLUSTER_SEED=[-679292691564915143]-HASH=[14406DE394EC7950]-cluster]}, ping_response{node [{node_t0}{qTbdcgJeRh2Uy6bs6C1q4w}{127.0.0.1}{127.0.0.1:30214}[mode=>network]], id[492], master [null], hasJoinedOnce [false], cluster_name[TEST-CHILD_VM=[1]-CLUSTER_SEED=[-679292691564915143]-HASH=[14406DE394EC7950]-cluster]}, ping_response{node [{node_t1}{bsMpG1IsShyUTBhL24QIAA}{127.0.0.1}{127.0.0.1:30215}[mode=>network]], id[495], master [null], hasJoinedOnce [false], cluster_name[TEST-CHILD_VM=[1]-CLUSTER_SEED=[-679292691564915143]-HASH=[14406DE394EC7950]-cluster]}, ping_response{node [{node_t2}{7W0K19VeQ3mWkmMayGn_-g}{127.0.0.1}{127.0.0.1:30216}[mode=>network]], id[499], master [null], hasJoinedOnce [false], cluster_name[TEST-CHILD_VM=[1]-CLUSTER_SEED=[-679292691564915143]-HASH=[14406DE394EC7950]-cluster]}, ping_response{node [{node_t0}{qTbdcgJeRh2Uy6bs6C1q4w}{127.0.0.1}{127.0.0.1:30214}[mode=>network]], id[504], master [null], hasJoinedOnce [false], cluster_name[TEST-CHILD_VM=[1]-CLUSTER_SEED=[-679292691564915143]-HASH=[14406DE394EC7950]-cluster]}, ping_response{node [{node_t0}{qTbdcgJeRh2Uy6bs6C1q4w}{127.0.0.1}{127.0.0.1:30214}[mode=>network]], id[504], master [null], hasJoinedOnce [false], cluster_name[TEST-CHILD_VM=[1]-CLUSTER_SEED=[-679292691564915143]-HASH=[14406DE394EC7950]-cluster]}, ping_response{node [{node_t1}{bsMpG1IsShyUTBhL24QIAA}{127.0.0.1}{127.0.0.1:30215}[mode=>network]], id[511], master [null], hasJoinedOnce [false], cluster_name[TEST-CHILD_VM=[1]-CLUSTER_SEED=[-679292691564915143]-HASH=[14406DE394EC7950]-cluster]}, ping_response{node [{node_t1}{bsMpG1IsShyUTBhL24QIAA}{127.0.0.1}{127.0.0.1:30215}[mode=>network]], id[511], master [null], hasJoinedOnce [false], cluster_name[TEST-CHILD_VM=[1]-CLUSTER_SEED=[-679292691564915143]-HASH=[14406DE394EC7950]-cluster]}, ping_response{node [{node_t0}{qTbdcgJeRh2Uy6bs6C1q4w}{127.0.0.1}{127.0.0.1:30214}[mode=>network]], id[517], master [null], hasJoinedOnce [false], cluster_name[TEST-CHILD_VM=[1]-CLUSTER_SEED=[-679292691564915143]-HASH=[14406DE394EC7950]-cluster]}]
[2016-03-29 17:31:45,123][TRACE][org.elasticsearch.discovery.zen.ping.unicast] [node_t2] [1] sending to {#zen_unicast_1#}{127.0.0.1}{127.0.0.1:30214}
[2016-03-29 17:31:45,123][TRACE][org.elasticsearch.discovery.zen.ping.unicast] [node_t2] [1] sending to {#zen_unicast_2#}{127.0.0.1}{127.0.0.1:30215}
[2016-03-29 17:31:45,123][TRACE][org.elasticsearch.discovery.zen.ping.unicast] [node_t2] [1] sending to {node_t2}{7W0K19VeQ3mWkmMayGn_-g}{127.0.0.1}{127.0.0.1:30216}[mode=>network]
[2016-03-29 17:31:45,123][TRACE][org.elasticsearch.discovery.zen.ping.unicast] [node_t2] [1] received response from {node_t2}{7W0K19VeQ3mWkmMayGn_-g}{127.0.0.1}{127.0.0.1:30216}[mode=>network]: [ping_response{node [{node_t2}{7W0K19VeQ3mWkmMayGn_-g}{127.0.0.1}{127.0.0.1:30216}[mode=>network]], id[499], master [null], hasJoinedOnce [false], cluster_name[TEST-CHILD_VM=[1]-CLUSTER_SEED=[-679292691564915143]-HASH=[14406DE394EC7950]-cluster]}, ping_response{node [{node_t2}{7W0K19VeQ3mWkmMayGn_-g}{127.0.0.1}{127.0.0.1:30216}[mode=>network]], id[499], master [null], hasJoinedOnce [false], cluster_name[TEST-CHILD_VM=[1]-CLUSTER_SEED=[-679292691564915143]-HASH=[14406DE394EC7950]-cluster]}, ping_response{node [{node_t0}{qTbdcgJeRh2Uy6bs6C1q4w}{127.0.0.1}{127.0.0.1:30214}[mode=>network]], id[504], master [null], hasJoinedOnce [false], cluster_name[TEST-CHILD_VM=[1]-CLUSTER_SEED=[-679292691564915143]-HASH=[14406DE394EC7950]-cluster]}, ping_response{node [{node_t0}{qTbdcgJeRh2Uy6bs6C1q4w}{127.0.0.1}{127.0.0.1:30214}[mode=>network]], id[504], master [null], hasJoinedOnce [false], cluster_name[TEST-CHILD_VM=[1]-CLUSTER_SEED=[-679292691564915143]-HASH=[14406DE394EC7950]-cluster]}, ping_response{node [{node_t1}{bsMpG1IsShyUTBhL24QIAA}{127.0.0.1}{127.0.0.1:30215}[mode=>network]], id[511], master [null], hasJoinedOnce [false], cluster_name[TEST-CHILD_VM=[1]-CLUSTER_SEED=[-679292691564915143]-HASH=[14406DE394EC7950]-cluster]}, ping_response{node [{node_t1}{bsMpG1IsShyUTBhL24QIAA}{127.0.0.1}{127.0.0.1:30215}[mode=>network]], id[511], master [null], hasJoinedOnce [false], cluster_name[TEST-CHILD_VM=[1]-CLUSTER_SEED=[-679292691564915143]-HASH=[14406DE394EC7950]-cluster]}, ping_response{node [{node_t2}{7W0K19VeQ3mWkmMayGn_-g}{127.0.0.1}{127.0.0.1:30216}[mode=>network]], id[518], master [null], hasJoinedOnce [false], cluster_name[TEST-CHILD_VM=[1]-CLUSTER_SEED=[-679292691564915143]-HASH=[14406DE394EC7950]-cluster]}, ping_response{node [{node_t2}{7W0K19VeQ3mWkmMayGn_-g}{127.0.0.1}{127.0.0.1:30216}[mode=>network]], id[519], master [null], hasJoinedOnce [false], cluster_name[TEST-CHILD_VM=[1]-CLUSTER_SEED=[-679292691564915143]-HASH=[14406DE394EC7950]-cluster]}]
[2016-03-29 17:31:45,123][TRACE][org.elasticsearch.discovery.zen.ping.unicast] [node_t2] [1] sending to {node_t2}{7W0K19VeQ3mWkmMayGn_-g}{127.0.0.1}{127.0.0.1:30216}[mode=>network]
[2016-03-29 17:31:45,123][TRACE][org.elasticsearch.discovery.zen.ping.unicast] [node_t2] [1] received response from {node_t2}{7W0K19VeQ3mWkmMayGn_-g}{127.0.0.1}{127.0.0.1:30216}[mode=>network]: [ping_response{node [{node_t2}{7W0K19VeQ3mWkmMayGn_-g}{127.0.0.1}{127.0.0.1:30216}[mode=>network]], id[499], master [null], hasJoinedOnce [false], cluster_name[TEST-CHILD_VM=[1]-CLUSTER_SEED=[-679292691564915143]-HASH=[14406DE394EC7950]-cluster]}, ping_response{node [{node_t2}{7W0K19VeQ3mWkmMayGn_-g}{127.0.0.1}{127.0.0.1:30216}[mode=>network]], id[499], master [null], hasJoinedOnce [false], cluster_name[TEST-CHILD_VM=[1]-CLUSTER_SEED=[-679292691564915143]-HASH=[14406DE394EC7950]-cluster]}, ping_response{node [{node_t0}{qTbdcgJeRh2Uy6bs6C1q4w}{127.0.0.1}{127.0.0.1:30214}[mode=>network]], id[504], master [null], hasJoinedOnce [false], cluster_name[TEST-CHILD_VM=[1]-CLUSTER_SEED=[-679292691564915143]-HASH=[14406DE394EC7950]-cluster]}, ping_response{node [{node_t0}{qTbdcgJeRh2Uy6bs6C1q4w}{127.0.0.1}{127.0.0.1:30214}[mode=>network]], id[504], master [null], hasJoinedOnce [false], cluster_name[TEST-CHILD_VM=[1]-CLUSTER_SEED=[-679292691564915143]-HASH=[14406DE394EC7950]-cluster]}, ping_response{node [{node_t1}{bsMpG1IsShyUTBhL24QIAA}{127.0.0.1}{127.0.0.1:30215}[mode=>network]], id[511], master [null], hasJoinedOnce [false], cluster_name[TEST-CHILD_VM=[1]-CLUSTER_SEED=[-679292691564915143]-HASH=[14406DE394EC7950]-cluster]}, ping_response{node [{node_t1}{bsMpG1IsShyUTBhL24QIAA}{127.0.0.1}{127.0.0.1:30215}[mode=>network]], id[511], master [null], hasJoinedOnce [false], cluster_name[TEST-CHILD_VM=[1]-CLUSTER_SEED=[-679292691564915143]-HASH=[14406DE394EC7950]-cluster]}, ping_response{node [{node_t2}{7W0K19VeQ3mWkmMayGn_-g}{127.0.0.1}{127.0.0.1:30216}[mode=>network]], id[518], master [null], hasJoinedOnce [false], cluster_name[TEST-CHILD_VM=[1]-CLUSTER_SEED=[-679292691564915143]-HASH=[14406DE394EC7950]-cluster]}, ping_response{node [{node_t2}{7W0K19VeQ3mWkmMayGn_-g}{127.0.0.1}{127.0.0.1:30216}[mode=>network]], id[518], master [null], hasJoinedOnce [false], cluster_name[TEST-CHILD_VM=[1]-CLUSTER_SEED=[-679292691564915143]-HASH=[14406DE394EC7950]-cluster]}, ping_response{node [{node_t2}{7W0K19VeQ3mWkmMayGn_-g}{127.0.0.1}{127.0.0.1:30216}[mode=>network]], id[522], master [null], hasJoinedOnce [false], cluster_name[TEST-CHILD_VM=[1]-CLUSTER_SEED=[-679292691564915143]-HASH=[14406DE394EC7950]-cluster]}]
[2016-03-29 17:31:45,123][TRACE][org.elasticsearch.discovery.zen.ping.unicast] [node_t2] [1] received response from {#zen_unicast_2#}{127.0.0.1}{127.0.0.1:30215}: [ping_response{node [{node_t1}{bsMpG1IsShyUTBhL24QIAA}{127.0.0.1}{127.0.0.1:30215}[mode=>network]], id[495], master [null], hasJoinedOnce [false], cluster_name[TEST-CHILD_VM=[1]-CLUSTER_SEED=[-679292691564915143]-HASH=[14406DE394EC7950]-cluster]}, ping_response{node [{node_t1}{bsMpG1IsShyUTBhL24QIAA}{127.0.0.1}{127.0.0.1:30215}[mode=>network]], id[495], master [null], hasJoinedOnce [false], cluster_name[TEST-CHILD_VM=[1]-CLUSTER_SEED=[-679292691564915143]-HASH=[14406DE394EC7950]-cluster]}, ping_response{node [{node_t2}{7W0K19VeQ3mWkmMayGn_-g}{127.0.0.1}{127.0.0.1:30216}[mode=>network]], id[499], master [null], hasJoinedOnce [false], cluster_name[TEST-CHILD_VM=[1]-CLUSTER_SEED=[-679292691564915143]-HASH=[14406DE394EC7950]-cluster]}, ping_response{node [{node_t0}{qTbdcgJeRh2Uy6bs6C1q4w}{127.0.0.1}{127.0.0.1:30214}[mode=>network]], id[504], master [null], hasJoinedOnce [false], cluster_name[TEST-CHILD_VM=[1]-CLUSTER_SEED=[-679292691564915143]-HASH=[14406DE394EC7950]-cluster]}, ping_response{node [{node_t0}{qTbdcgJeRh2Uy6bs6C1q4w}{127.0.0.1}{127.0.0.1:30214}[mode=>network]], id[504], master [null], hasJoinedOnce [false], cluster_name[TEST-CHILD_VM=[1]-CLUSTER_SEED=[-679292691564915143]-HASH=[14406DE394EC7950]-cluster]}, ping_response{node [{node_t1}{bsMpG1IsShyUTBhL24QIAA}{127.0.0.1}{127.0.0.1:30215}[mode=>network]], id[511], master [null], hasJoinedOnce [false], cluster_name[TEST-CHILD_VM=[1]-CLUSTER_SEED=[-679292691564915143]-HASH=[14406DE394EC7950]-cluster]}, ping_response{node [{node_t1}{bsMpG1IsShyUTBhL24QIAA}{127.0.0.1}{127.0.0.1:30215}[mode=>network]], id[511], master [null], hasJoinedOnce [false], cluster_name[TEST-CHILD_VM=[1]-CLUSTER_SEED=[-679292691564915143]-HASH=[14406DE394EC7950]-cluster]}, ping_response{node [{node_t2}{7W0K19VeQ3mWkmMayGn_-g}{127.0.0.1}{127.0.0.1:30216}[mode=>network]], id[518], master [null], hasJoinedOnce [false], cluster_name[TEST-CHILD_VM=[1]-CLUSTER_SEED=[-679292691564915143]-HASH=[14406DE394EC7950]-cluster]}, ping_response{node [{node_t1}{bsMpG1IsShyUTBhL24QIAA}{127.0.0.1}{127.0.0.1:30215}[mode=>network]], id[521], master [null], hasJoinedOnce [false], cluster_name[TEST-CHILD_VM=[1]-CLUSTER_SEED=[-679292691564915143]-HASH=[14406DE394EC7950]-cluster]}]
[2016-03-29 17:31:45,123][TRACE][org.elasticsearch.discovery.zen.ping.unicast] [node_t2] [1] received response from {#zen_unicast_1#}{127.0.0.1}{127.0.0.1:30214}: [ping_response{node [{node_t0}{qTbdcgJeRh2Uy6bs6C1q4w}{127.0.0.1}{127.0.0.1:30214}[mode=>network]], id[492], master [null], hasJoinedOnce [false], cluster_name[TEST-CHILD_VM=[1]-CLUSTER_SEED=[-679292691564915143]-HASH=[14406DE394EC7950]-cluster]}, ping_response{node [{node_t0}{qTbdcgJeRh2Uy6bs6C1q4w}{127.0.0.1}{127.0.0.1:30214}[mode=>network]], id[492], master [null], hasJoinedOnce [false], cluster_name[TEST-CHILD_VM=[1]-CLUSTER_SEED=[-679292691564915143]-HASH=[14406DE394EC7950]-cluster]}, ping_response{node [{node_t1}{bsMpG1IsShyUTBhL24QIAA}{127.0.0.1}{127.0.0.1:30215}[mode=>network]], id[495], master [null], hasJoinedOnce [false], cluster_name[TEST-CHILD_VM=[1]-CLUSTER_SEED=[-679292691564915143]-HASH=[14406DE394EC7950]-cluster]}, ping_response{node [{node_t2}{7W0K19VeQ3mWkmMayGn_-g}{127.0.0.1}{127.0.0.1:30216}[mode=>network]], id[499], master [null], hasJoinedOnce [false], cluster_name[TEST-CHILD_VM=[1]-CLUSTER_SEED=[-679292691564915143]-HASH=[14406DE394EC7950]-cluster]}, ping_response{node [{node_t0}{qTbdcgJeRh2Uy6bs6C1q4w}{127.0.0.1}{127.0.0.1:30214}[mode=>network]], id[504], master [null], hasJoinedOnce [false], cluster_name[TEST-CHILD_VM=[1]-CLUSTER_SEED=[-679292691564915143]-HASH=[14406DE394EC7950]-cluster]}, ping_response{node [{node_t0}{qTbdcgJeRh2Uy6bs6C1q4w}{127.0.0.1}{127.0.0.1:30214}[mode=>network]], id[504], master [null], hasJoinedOnce [false], cluster_name[TEST-CHILD_VM=[1]-CLUSTER_SEED=[-679292691564915143]-HASH=[14406DE394EC7950]-cluster]}, ping_response{node [{node_t1}{bsMpG1IsShyUTBhL24QIAA}{127.0.0.1}{127.0.0.1:30215}[mode=>network]], id[511], master [null], hasJoinedOnce [false], cluster_name[TEST-CHILD_VM=[1]-CLUSTER_SEED=[-679292691564915143]-HASH=[14406DE394EC7950]-cluster]}, ping_response{node [{node_t1}{bsMpG1IsShyUTBhL24QIAA}{127.0.0.1}{127.0.0.1:30215}[mode=>network]], id[511], master [null], hasJoinedOnce [false], cluster_name[TEST-CHILD_VM=[1]-CLUSTER_SEED=[-679292691564915143]-HASH=[14406DE394EC7950]-cluster]}, ping_response{node [{node_t2}{7W0K19VeQ3mWkmMayGn_-g}{127.0.0.1}{127.0.0.1:30216}[mode=>network]], id[518], master [null], hasJoinedOnce [false], cluster_name[TEST-CHILD_VM=[1]-CLUSTER_SEED=[-679292691564915143]-HASH=[14406DE394EC7950]-cluster]}, ping_response{node [{node_t0}{qTbdcgJeRh2Uy6bs6C1q4w}{127.0.0.1}{127.0.0.1:30214}[mode=>network]], id[520], master [null], hasJoinedOnce [false], cluster_name[TEST-CHILD_VM=[1]-CLUSTER_SEED=[-679292691564915143]-HASH=[14406DE394EC7950]-cluster]}]
[2016-03-29 17:31:45,123][TRACE][org.elasticsearch.discovery.zen.ping.unicast] [node_t2] replacing {node_t1}{bsMpG1IsShyUTBhL24QIAA}{127.0.0.1}{127.0.0.1:30215}[mode=>network] with temp node {#zen_unicast_4_bsMpG1IsShyUTBhL24QIAA#}{127.0.0.1}{127.0.0.1:30215}[mode=>network]
[2016-03-29 17:31:45,124][TRACE][org.elasticsearch.discovery.zen.ping.unicast] [node_t2] [1] connecting (light) to {#zen_unicast_4_bsMpG1IsShyUTBhL24QIAA#}{127.0.0.1}{127.0.0.1:30215}[mode=>network]
[2016-03-29 17:31:45,124][TRACE][org.elasticsearch.discovery.zen.ping.unicast] [node_t2] replacing {node_t0}{qTbdcgJeRh2Uy6bs6C1q4w}{127.0.0.1}{127.0.0.1:30214}[mode=>network] with temp node {#zen_unicast_5_qTbdcgJeRh2Uy6bs6C1q4w#}{127.0.0.1}{127.0.0.1:30214}[mode=>network]
[2016-03-29 17:31:45,124][TRACE][org.elasticsearch.discovery.zen.ping.unicast] [node_t2] [1] connecting (light) to {#zen_unicast_5_qTbdcgJeRh2Uy6bs6C1q4w#}{127.0.0.1}{127.0.0.1:30214}[mode=>network]
[2016-03-29 17:31:45,124][TRACE][org.elasticsearch.discovery.zen.ping.unicast] [node_t2] [1] connected to {node_t1}{bsMpG1IsShyUTBhL24QIAA}{127.0.0.1}{127.0.0.1:30215}[mode=>network]
[2016-03-29 17:31:45,124][TRACE][org.elasticsearch.discovery.zen.ping.unicast] [node_t2] [1] connected to {node_t0}{qTbdcgJeRh2Uy6bs6C1q4w}{127.0.0.1}{127.0.0.1:30214}[mode=>network]
[2016-03-29 17:31:45,125][TRACE][org.elasticsearch.discovery.zen.ping.unicast] [node_t2] [1] sending to {#zen_unicast_4_bsMpG1IsShyUTBhL24QIAA#}{127.0.0.1}{127.0.0.1:30215}[mode=>network]
[2016-03-29 17:31:45,125][TRACE][org.elasticsearch.discovery.zen.ping.unicast] [node_t2] [1] sending to {#zen_unicast_5_qTbdcgJeRh2Uy6bs6C1q4w#}{127.0.0.1}{127.0.0.1:30214}[mode=>network]
[2016-03-29 17:31:45,125][TRACE][org.elasticsearch.discovery.zen.ping.unicast] [node_t2] [1] received response from {#zen_unicast_5_qTbdcgJeRh2Uy6bs6C1q4w#}{127.0.0.1}{127.0.0.1:30214}[mode=>network]: [ping_response{node [{node_t0}{qTbdcgJeRh2Uy6bs6C1q4w}{127.0.0.1}{127.0.0.1:30214}[mode=>network]], id[492], master [null], hasJoinedOnce [false], cluster_name[TEST-CHILD_VM=[1]-CLUSTER_SEED=[-679292691564915143]-HASH=[14406DE394EC7950]-cluster]}, ping_response{node [{node_t0}{qTbdcgJeRh2Uy6bs6C1q4w}{127.0.0.1}{127.0.0.1:30214}[mode=>network]], id[492], master [null], hasJoinedOnce [false], cluster_name[TEST-CHILD_VM=[1]-CLUSTER_SEED=[-679292691564915143]-HASH=[14406DE394EC7950]-cluster]}, ping_response{node [{node_t1}{bsMpG1IsShyUTBhL24QIAA}{127.0.0.1}{127.0.0.1:30215}[mode=>network]], id[495], master [null], hasJoinedOnce [false], cluster_name[TEST-CHILD_VM=[1]-CLUSTER_SEED=[-679292691564915143]-HASH=[14406DE394EC7950]-cluster]}, ping_response{node [{node_t2}{7W0K19VeQ3mWkmMayGn_-g}{127.0.0.1}{127.0.0.1:30216}[mode=>network]], id[499], master [null], hasJoinedOnce [false], cluster_name[TEST-CHILD_VM=[1]-CLUSTER_SEED=[-679292691564915143]-HASH=[14406DE394EC7950]-cluster]}, ping_response{node [{node_t0}{qTbdcgJeRh2Uy6bs6C1q4w}{127.0.0.1}{127.0.0.1:30214}[mode=>network]], id[504], master [null], hasJoinedOnce [false], cluster_name[TEST-CHILD_VM=[1]-CLUSTER_SEED=[-679292691564915143]-HASH=[14406DE394EC7950]-cluster]}, ping_response{node [{node_t0}{qTbdcgJeRh2Uy6bs6C1q4w}{127.0.0.1}{127.0.0.1:30214}[mode=>network]], id[504], master [null], hasJoinedOnce [false], cluster_name[TEST-CHILD_VM=[1]-CLUSTER_SEED=[-679292691564915143]-HASH=[14406DE394EC7950]-cluster]}, ping_response{node [{node_t1}{bsMpG1IsShyUTBhL24QIAA}{127.0.0.1}{127.0.0.1:30215}[mode=>network]], id[511], master [null], hasJoinedOnce [false], cluster_name[TEST-CHILD_VM=[1]-CLUSTER_SEED=[-679292691564915143]-HASH=[14406DE394EC7950]-cluster]}, ping_response{node [{node_t1}{bsMpG1IsShyUTBhL24QIAA}{127.0.0.1}{127.0.0.1:30215}[mode=>network]], id[511], master [null], hasJoinedOnce [false], cluster_name[TEST-CHILD_VM=[1]-CLUSTER_SEED=[-679292691564915143]-HASH=[14406DE394EC7950]-cluster]}, ping_response{node [{node_t2}{7W0K19VeQ3mWkmMayGn_-g}{127.0.0.1}{127.0.0.1:30216}[mode=>network]], id[518], master [null], hasJoinedOnce [false], cluster_name[TEST-CHILD_VM=[1]-CLUSTER_SEED=[-679292691564915143]-HASH=[14406DE394EC7950]-cluster]}, ping_response{node [{node_t2}{7W0K19VeQ3mWkmMayGn_-g}{127.0.0.1}{127.0.0.1:30216}[mode=>network]], id[518], master [null], hasJoinedOnce [false], cluster_name[TEST-CHILD_VM=[1]-CLUSTER_SEED=[-679292691564915143]-HASH=[14406DE394EC7950]-cluster]}, ping_response{node [{node_t0}{qTbdcgJeRh2Uy6bs6C1q4w}{127.0.0.1}{127.0.0.1:30214}[mode=>network]], id[524], master [null], hasJoinedOnce [false], cluster_name[TEST-CHILD_VM=[1]-CLUSTER_SEED=[-679292691564915143]-HASH=[14406DE394EC7950]-cluster]}]
[2016-03-29 17:31:45,125][TRACE][org.elasticsearch.discovery.zen.ping.unicast] [node_t2] [1] received response from {#zen_unicast_4_bsMpG1IsShyUTBhL24QIAA#}{127.0.0.1}{127.0.0.1:30215}[mode=>network]: [ping_response{node [{node_t1}{bsMpG1IsShyUTBhL24QIAA}{127.0.0.1}{127.0.0.1:30215}[mode=>network]], id[495], master [null], hasJoinedOnce [false], cluster_name[TEST-CHILD_VM=[1]-CLUSTER_SEED=[-679292691564915143]-HASH=[14406DE394EC7950]-cluster]}, ping_response{node [{node_t1}{bsMpG1IsShyUTBhL24QIAA}{127.0.0.1}{127.0.0.1:30215}[mode=>network]], id[495], master [null], hasJoinedOnce [false], cluster_name[TEST-CHILD_VM=[1]-CLUSTER_SEED=[-679292691564915143]-HASH=[14406DE394EC7950]-cluster]}, ping_response{node [{node_t2}{7W0K19VeQ3mWkmMayGn_-g}{127.0.0.1}{127.0.0.1:30216}[mode=>network]], id[499], master [null], hasJoinedOnce [false], cluster_name[TEST-CHILD_VM=[1]-CLUSTER_SEED=[-679292691564915143]-HASH=[14406DE394EC7950]-cluster]}, ping_response{node [{node_t0}{qTbdcgJeRh2Uy6bs6C1q4w}{127.0.0.1}{127.0.0.1:30214}[mode=>network]], id[504], master [null], hasJoinedOnce [false], cluster_name[TEST-CHILD_VM=[1]-CLUSTER_SEED=[-679292691564915143]-HASH=[14406DE394EC7950]-cluster]}, ping_response{node [{node_t0}{qTbdcgJeRh2Uy6bs6C1q4w}{127.0.0.1}{127.0.0.1:30214}[mode=>network]], id[504], master [null], hasJoinedOnce [false], cluster_name[TEST-CHILD_VM=[1]-CLUSTER_SEED=[-679292691564915143]-HASH=[14406DE394EC7950]-cluster]}, ping_response{node [{node_t1}{bsMpG1IsShyUTBhL24QIAA}{127.0.0.1}{127.0.0.1:30215}[mode=>network]], id[511], master [null], hasJoinedOnce [false], cluster_name[TEST-CHILD_VM=[1]-CLUSTER_SEED=[-679292691564915143]-HASH=[14406DE394EC7950]-cluster]}, ping_response{node [{node_t1}{bsMpG1IsShyUTBhL24QIAA}{127.0.0.1}{127.0.0.1:30215}[mode=>network]], id[511], master [null], hasJoinedOnce [false], cluster_name[TEST-CHILD_VM=[1]-CLUSTER_SEED=[-679292691564915143]-HASH=[14406DE394EC7950]-cluster]}, ping_response{node [{node_t2}{7W0K19VeQ3mWkmMayGn_-g}{127.0.0.1}{127.0.0.1:30216}[mode=>network]], id[518], master [null], hasJoinedOnce [false], cluster_name[TEST-CHILD_VM=[1]-CLUSTER_SEED=[-679292691564915143]-HASH=[14406DE394EC7950]-cluster]}, ping_response{node [{node_t2}{7W0K19VeQ3mWkmMayGn_-g}{127.0.0.1}{127.0.0.1:30216}[mode=>network]], id[518], master [null], hasJoinedOnce [false], cluster_name[TEST-CHILD_VM=[1]-CLUSTER_SEED=[-679292691564915143]-HASH=[14406DE394EC7950]-cluster]}, ping_response{node [{node_t1}{bsMpG1IsShyUTBhL24QIAA}{127.0.0.1}{127.0.0.1:30215}[mode=>network]], id[523], master [null], hasJoinedOnce [false], cluster_name[TEST-CHILD_VM=[1]-CLUSTER_SEED=[-679292691564915143]-HASH=[14406DE394EC7950]-cluster]}]
[2016-03-29 17:31:46,542][TRACE][org.elasticsearch.discovery.zen.ping.unicast] [node_t0] [1] sending to {node_t0}{qTbdcgJeRh2Uy6bs6C1q4w}{127.0.0.1}{127.0.0.1:30214}[mode=>network]
[2016-03-29 17:31:46,542][TRACE][org.elasticsearch.discovery.zen.ping.unicast] [node_t0] [1] received response from {node_t0}{qTbdcgJeRh2Uy6bs6C1q4w}{127.0.0.1}{127.0.0.1:30214}[mode=>network]: [ping_response{node [{node_t0}{qTbdcgJeRh2Uy6bs6C1q4w}{127.0.0.1}{127.0.0.1:30214}[mode=>network]], id[492], master [null], hasJoinedOnce [false], cluster_name[TEST-CHILD_VM=[1]-CLUSTER_SEED=[-679292691564915143]-HASH=[14406DE394EC7950]-cluster]}, ping_response{node [{node_t0}{qTbdcgJeRh2Uy6bs6C1q4w}{127.0.0.1}{127.0.0.1:30214}[mode=>network]], id[492], master [null], hasJoinedOnce [false], cluster_name[TEST-CHILD_VM=[1]-CLUSTER_SEED=[-679292691564915143]-HASH=[14406DE394EC7950]-cluster]}, ping_response{node [{node_t1}{bsMpG1IsShyUTBhL24QIAA}{127.0.0.1}{127.0.0.1:30215}[mode=>network]], id[495], master [null], hasJoinedOnce [false], cluster_name[TEST-CHILD_VM=[1]-CLUSTER_SEED=[-679292691564915143]-HASH=[14406DE394EC7950]-cluster]}, ping_response{node [{node_t2}{7W0K19VeQ3mWkmMayGn_-g}{127.0.0.1}{127.0.0.1:30216}[mode=>network]], id[499], master [null], hasJoinedOnce [false], cluster_name[TEST-CHILD_VM=[1]-CLUSTER_SEED=[-679292691564915143]-HASH=[14406DE394EC7950]-cluster]}, ping_response{node [{node_t0}{qTbdcgJeRh2Uy6bs6C1q4w}{127.0.0.1}{127.0.0.1:30214}[mode=>network]], id[504], master [null], hasJoinedOnce [false], cluster_name[TEST-CHILD_VM=[1]-CLUSTER_SEED=[-679292691564915143]-HASH=[14406DE394EC7950]-cluster]}, ping_response{node [{node_t0}{qTbdcgJeRh2Uy6bs6C1q4w}{127.0.0.1}{127.0.0.1:30214}[mode=>network]], id[504], master [null], hasJoinedOnce [false], cluster_name[TEST-CHILD_VM=[1]-CLUSTER_SEED=[-679292691564915143]-HASH=[14406DE394EC7950]-cluster]}, ping_response{node [{node_t1}{bsMpG1IsShyUTBhL24QIAA}{127.0.0.1}{127.0.0.1:30215}[mode=>network]], id[511], master [null], hasJoinedOnce [false], cluster_name[TEST-CHILD_VM=[1]-CLUSTER_SEED=[-679292691564915143]-HASH=[14406DE394EC7950]-cluster]}, ping_response{node [{node_t1}{bsMpG1IsShyUTBhL24QIAA}{127.0.0.1}{127.0.0.1:30215}[mode=>network]], id[511], master [null], hasJoinedOnce [false], cluster_name[TEST-CHILD_VM=[1]-CLUSTER_SEED=[-679292691564915143]-HASH=[14406DE394EC7950]-cluster]}, ping_response{node [{node_t2}{7W0K19VeQ3mWkmMayGn_-g}{127.0.0.1}{127.0.0.1:30216}[mode=>network]], id[518], master [null], hasJoinedOnce [false], cluster_name[TEST-CHILD_VM=[1]-CLUSTER_SEED=[-679292691564915143]-HASH=[14406DE394EC7950]-cluster]}, ping_response{node [{node_t2}{7W0K19VeQ3mWkmMayGn_-g}{127.0.0.1}{127.0.0.1:30216}[mode=>network]], id[518], master [null], hasJoinedOnce [false], cluster_name[TEST-CHILD_VM=[1]-CLUSTER_SEED=[-679292691564915143]-HASH=[14406DE394EC7950]-cluster]}, ping_response{node [{node_t0}{qTbdcgJeRh2Uy6bs6C1q4w}{127.0.0.1}{127.0.0.1:30214}[mode=>network]], id[525], master [null], hasJoinedOnce [false], cluster_name[TEST-CHILD_VM=[1]-CLUSTER_SEED=[-679292691564915143]-HASH=[14406DE394EC7950]-cluster]}, ping_response{node [{node_t0}{qTbdcgJeRh2Uy6bs6C1q4w}{127.0.0.1}{127.0.0.1:30214}[mode=>network]], id[526], master [null], hasJoinedOnce [false], cluster_name[TEST-CHILD_VM=[1]-CLUSTER_SEED=[-679292691564915143]-HASH=[14406DE394EC7950]-cluster]}]
[2016-03-29 17:31:46,542][TRACE][org.elasticsearch.discovery.zen.ping.unicast] [node_t0] [1] sending to {#zen_unicast_2#}{127.0.0.1}{127.0.0.1:30215}
[2016-03-29 17:31:46,542][TRACE][org.elasticsearch.discovery.zen.ping.unicast] [node_t0] [1] sending to {#zen_unicast_3#}{127.0.0.1}{127.0.0.1:30216}
[2016-03-29 17:31:46,542][TRACE][org.elasticsearch.discovery.zen.ping.unicast] [node_t0] replacing {node_t2}{7W0K19VeQ3mWkmMayGn_-g}{127.0.0.1}{127.0.0.1:30216}[mode=>network] with temp node {#zen_unicast_6_7W0K19VeQ3mWkmMayGn_-g#}{127.0.0.1}{127.0.0.1:30216}[mode=>network]
[2016-03-29 17:31:46,542][TRACE][org.elasticsearch.discovery.zen.ping.unicast] [node_t0] replacing {node_t1}{bsMpG1IsShyUTBhL24QIAA}{127.0.0.1}{127.0.0.1:30215}[mode=>network] with temp node {#zen_unicast_7_bsMpG1IsShyUTBhL24QIAA#}{127.0.0.1}{127.0.0.1:30215}[mode=>network]
[2016-03-29 17:31:46,542][TRACE][org.elasticsearch.discovery.zen.ping.unicast] [node_t0] [1] connecting (light) to {#zen_unicast_6_7W0K19VeQ3mWkmMayGn_-g#}{127.0.0.1}{127.0.0.1:30216}[mode=>network]
[2016-03-29 17:31:46,542][TRACE][org.elasticsearch.discovery.zen.ping.unicast] [node_t0] [1] connecting (light) to {#zen_unicast_7_bsMpG1IsShyUTBhL24QIAA#}{127.0.0.1}{127.0.0.1:30215}[mode=>network]
[2016-03-29 17:31:46,542][TRACE][org.elasticsearch.discovery.zen.ping.unicast] [node_t0] [1] sending to {node_t0}{qTbdcgJeRh2Uy6bs6C1q4w}{127.0.0.1}{127.0.0.1:30214}[mode=>network]
[2016-03-29 17:31:46,543][TRACE][org.elasticsearch.discovery.zen.ping.unicast] [node_t0] [1] received response from {node_t0}{qTbdcgJeRh2Uy6bs6C1q4w}{127.0.0.1}{127.0.0.1:30214}[mode=>network]: [ping_response{node [{node_t0}{qTbdcgJeRh2Uy6bs6C1q4w}{127.0.0.1}{127.0.0.1:30214}[mode=>network]], id[492], master [null], hasJoinedOnce [false], cluster_name[TEST-CHILD_VM=[1]-CLUSTER_SEED=[-679292691564915143]-HASH=[14406DE394EC7950]-cluster]}, ping_response{node [{node_t0}{qTbdcgJeRh2Uy6bs6C1q4w}{127.0.0.1}{127.0.0.1:30214}[mode=>network]], id[492], master [null], hasJoinedOnce [false], cluster_name[TEST-CHILD_VM=[1]-CLUSTER_SEED=[-679292691564915143]-HASH=[14406DE394EC7950]-cluster]}, ping_response{node [{node_t1}{bsMpG1IsShyUTBhL24QIAA}{127.0.0.1}{127.0.0.1:30215}[mode=>network]], id[495], master [null], hasJoinedOnce [false], cluster_name[TEST-CHILD_VM=[1]-CLUSTER_SEED=[-679292691564915143]-HASH=[14406DE394EC7950]-cluster]}, ping_response{node [{node_t2}{7W0K19VeQ3mWkmMayGn_-g}{127.0.0.1}{127.0.0.1:30216}[mode=>network]], id[499], master [null], hasJoinedOnce [false], cluster_name[TEST-CHILD_VM=[1]-CLUSTER_SEED=[-679292691564915143]-HASH=[14406DE394EC7950]-cluster]}, ping_response{node [{node_t0}{qTbdcgJeRh2Uy6bs6C1q4w}{127.0.0.1}{127.0.0.1:30214}[mode=>network]], id[504], master [null], hasJoinedOnce [false], cluster_name[TEST-CHILD_VM=[1]-CLUSTER_SEED=[-679292691564915143]-HASH=[14406DE394EC7950]-cluster]}, ping_response{node [{node_t0}{qTbdcgJeRh2Uy6bs6C1q4w}{127.0.0.1}{127.0.0.1:30214}[mode=>network]], id[504], master [null], hasJoinedOnce [false], cluster_name[TEST-CHILD_VM=[1]-CLUSTER_SEED=[-679292691564915143]-HASH=[14406DE394EC7950]-cluster]}, ping_response{node [{node_t1}{bsMpG1IsShyUTBhL24QIAA}{127.0.0.1}{127.0.0.1:30215}[mode=>network]], id[511], master [null], hasJoinedOnce [false], cluster_name[TEST-CHILD_VM=[1]-CLUSTER_SEED=[-679292691564915143]-HASH=[14406DE394EC7950]-cluster]}, ping_response{node [{node_t1}{bsMpG1IsShyUTBhL24QIAA}{127.0.0.1}{127.0.0.1:30215}[mode=>network]], id[511], master [null], hasJoinedOnce [false], cluster_name[TEST-CHILD_VM=[1]-CLUSTER_SEED=[-679292691564915143]-HASH=[14406DE394EC7950]-cluster]}, ping_response{node [{node_t2}{7W0K19VeQ3mWkmMayGn_-g}{127.0.0.1}{127.0.0.1:30216}[mode=>network]], id[518], master [null], hasJoinedOnce [false], cluster_name[TEST-CHILD_VM=[1]-CLUSTER_SEED=[-679292691564915143]-HASH=[14406DE394EC7950]-cluster]}, ping_response{node [{node_t2}{7W0K19VeQ3mWkmMayGn_-g}{127.0.0.1}{127.0.0.1:30216}[mode=>network]], id[518], master [null], hasJoinedOnce [false], cluster_name[TEST-CHILD_VM=[1]-CLUSTER_SEED=[-679292691564915143]-HASH=[14406DE394EC7950]-cluster]}, ping_response{node [{node_t0}{qTbdcgJeRh2Uy6bs6C1q4w}{127.0.0.1}{127.0.0.1:30214}[mode=>network]], id[525], master [null], hasJoinedOnce [false], cluster_name[TEST-CHILD_VM=[1]-CLUSTER_SEED=[-679292691564915143]-HASH=[14406DE394EC7950]-cluster]}, ping_response{node [{node_t0}{qTbdcgJeRh2Uy6bs6C1q4w}{127.0.0.1}{127.0.0.1:30214}[mode=>network]], id[525], master [null], hasJoinedOnce [false], cluster_name[TEST-CHILD_VM=[1]-CLUSTER_SEED=[-679292691564915143]-HASH=[14406DE394EC7950]-cluster]}, ping_response{node [{node_t0}{qTbdcgJeRh2Uy6bs6C1q4w}{127.0.0.1}{127.0.0.1:30214}[mode=>network]], id[529], master [null], hasJoinedOnce [false], cluster_name[TEST-CHILD_VM=[1]-CLUSTER_SEED=[-679292691564915143]-HASH=[14406DE394EC7950]-cluster]}]
[2016-03-29 17:31:46,543][TRACE][org.elasticsearch.discovery.zen.ping.unicast] [node_t0] [1] received response from {#zen_unicast_3#}{127.0.0.1}{127.0.0.1:30216}: [ping_response{node [{node_t2}{7W0K19VeQ3mWkmMayGn_-g}{127.0.0.1}{127.0.0.1:30216}[mode=>network]], id[499], master [null], hasJoinedOnce [false], cluster_name[TEST-CHILD_VM=[1]-CLUSTER_SEED=[-679292691564915143]-HASH=[14406DE394EC7950]-cluster]}, ping_response{node [{node_t2}{7W0K19VeQ3mWkmMayGn_-g}{127.0.0.1}{127.0.0.1:30216}[mode=>network]], id[499], master [null], hasJoinedOnce [false], cluster_name[TEST-CHILD_VM=[1]-CLUSTER_SEED=[-679292691564915143]-HASH=[14406DE394EC7950]-cluster]}, ping_response{node [{node_t0}{qTbdcgJeRh2Uy6bs6C1q4w}{127.0.0.1}{127.0.0.1:30214}[mode=>network]], id[504], master [null], hasJoinedOnce [false], cluster_name[TEST-CHILD_VM=[1]-CLUSTER_SEED=[-679292691564915143]-HASH=[14406DE394EC7950]-cluster]}, ping_response{node [{node_t0}{qTbdcgJeRh2Uy6bs6C1q4w}{127.0.0.1}{127.0.0.1:30214}[mode=>network]], id[504], master [null], hasJoinedOnce [false], cluster_name[TEST-CHILD_VM=[1]-CLUSTER_SEED=[-679292691564915143]-HASH=[14406DE394EC7950]-cluster]}, ping_response{node [{node_t1}{bsMpG1IsShyUTBhL24QIAA}{127.0.0.1}{127.0.0.1:30215}[mode=>network]], id[511], master [null], hasJoinedOnce [false], cluster_name[TEST-CHILD_VM=[1]-CLUSTER_SEED=[-679292691564915143]-HASH=[14406DE394EC7950]-cluster]}, ping_response{node [{node_t1}{bsMpG1IsShyUTBhL24QIAA}{127.0.0.1}{127.0.0.1:30215}[mode=>network]], id[511], master [null], hasJoinedOnce [false], cluster_name[TEST-CHILD_VM=[1]-CLUSTER_SEED=[-679292691564915143]-HASH=[14406DE394EC7950]-cluster]}, ping_response{node [{node_t2}{7W0K19VeQ3mWkmMayGn_-g}{127.0.0.1}{127.0.0.1:30216}[mode=>network]], id[518], master [null], hasJoinedOnce [false], cluster_name[TEST-CHILD_VM=[1]-CLUSTER_SEED=[-679292691564915143]-HASH=[14406DE394EC7950]-cluster]}, ping_response{node [{node_t2}{7W0K19VeQ3mWkmMayGn_-g}{127.0.0.1}{127.0.0.1:30216}[mode=>network]], id[518], master [null], hasJoinedOnce [false], cluster_name[TEST-CHILD_VM=[1]-CLUSTER_SEED=[-679292691564915143]-HASH=[14406DE394EC7950]-cluster]}, ping_response{node [{node_t0}{qTbdcgJeRh2Uy6bs6C1q4w}{127.0.0.1}{127.0.0.1:30214}[mode=>network]], id[525], master [null], hasJoinedOnce [false], cluster_name[TEST-CHILD_VM=[1]-CLUSTER_SEED=[-679292691564915143]-HASH=[14406DE394EC7950]-cluster]}, ping_response{node [{node_t2}{7W0K19VeQ3mWkmMayGn_-g}{127.0.0.1}{127.0.0.1:30216}[mode=>network]], id[528], master [null], hasJoinedOnce [false], cluster_name[TEST-CHILD_VM=[1]-CLUSTER_SEED=[-679292691564915143]-HASH=[14406DE394EC7950]-cluster]}]
[2016-03-29 17:31:46,543][TRACE][org.elasticsearch.discovery.zen.ping.unicast] [node_t0] [1] connected to {node_t1}{bsMpG1IsShyUTBhL24QIAA}{127.0.0.1}{127.0.0.1:30215}[mode=>network]
[2016-03-29 17:31:46,543][TRACE][org.elasticsearch.discovery.zen.ping.unicast] [node_t0] [1] received response from {#zen_unicast_2#}{127.0.0.1}{127.0.0.1:30215}: [ping_response{node [{node_t1}{bsMpG1IsShyUTBhL24QIAA}{127.0.0.1}{127.0.0.1:30215}[mode=>network]], id[495], master [null], hasJoinedOnce [false], cluster_name[TEST-CHILD_VM=[1]-CLUSTER_SEED=[-679292691564915143]-HASH=[14406DE394EC7950]-cluster]}, ping_response{node [{node_t1}{bsMpG1IsShyUTBhL24QIAA}{127.0.0.1}{127.0.0.1:30215}[mode=>network]], id[495], master [null], hasJoinedOnce [false], cluster_name[TEST-CHILD_VM=[1]-CLUSTER_SEED=[-679292691564915143]-HASH=[14406DE394EC7950]-cluster]}, ping_response{node [{node_t2}{7W0K19VeQ3mWkmMayGn_-g}{127.0.0.1}{127.0.0.1:30216}[mode=>network]], id[499], master [null], hasJoinedOnce [false], cluster_name[TEST-CHILD_VM=[1]-CLUSTER_SEED=[-679292691564915143]-HASH=[14406DE394EC7950]-cluster]}, ping_response{node [{node_t0}{qTbdcgJeRh2Uy6bs6C1q4w}{127.0.0.1}{127.0.0.1:30214}[mode=>network]], id[504], master [null], hasJoinedOnce [false], cluster_name[TEST-CHILD_VM=[1]-CLUSTER_SEED=[-679292691564915143]-HASH=[14406DE394EC7950]-cluster]}, ping_response{node [{node_t0}{qTbdcgJeRh2Uy6bs6C1q4w}{127.0.0.1}{127.0.0.1:30214}[mode=>network]], id[504], master [null], hasJoinedOnce [false], cluster_name[TEST-CHILD_VM=[1]-CLUSTER_SEED=[-679292691564915143]-HASH=[14406DE394EC7950]-cluster]}, ping_response{node [{node_t1}{bsMpG1IsShyUTBhL24QIAA}{127.0.0.1}{127.0.0.1:30215}[mode=>network]], id[511], master [null], hasJoinedOnce [false], cluster_name[TEST-CHILD_VM=[1]-CLUSTER_SEED=[-679292691564915143]-HASH=[14406DE394EC7950]-cluster]}, ping_response{node [{node_t1}{bsMpG1IsShyUTBhL24QIAA}{127.0.0.1}{127.0.0.1:30215}[mode=>network]], id[511], master [null], hasJoinedOnce [false], cluster_name[TEST-CHILD_VM=[1]-CLUSTER_SEED=[-679292691564915143]-HASH=[14406DE394EC7950]-cluster]}, ping_response{node [{node_t2}{7W0K19VeQ3mWkmMayGn_-g}{127.0.0.1}{127.0.0.1:30216}[mode=>network]], id[518], master [null], hasJoinedOnce [false], cluster_name[TEST-CHILD_VM=[1]-CLUSTER_SEED=[-679292691564915143]-HASH=[14406DE394EC7950]-cluster]}, ping_response{node [{node_t2}{7W0K19VeQ3mWkmMayGn_-g}{127.0.0.1}{127.0.0.1:30216}[mode=>network]], id[518], master [null], hasJoinedOnce [false], cluster_name[TEST-CHILD_VM=[1]-CLUSTER_SEED=[-679292691564915143]-HASH=[14406DE394EC7950]-cluster]}, ping_response{node [{node_t0}{qTbdcgJeRh2Uy6bs6C1q4w}{127.0.0.1}{127.0.0.1:30214}[mode=>network]], id[525], master [null], hasJoinedOnce [false], cluster_name[TEST-CHILD_VM=[1]-CLUSTER_SEED=[-679292691564915143]-HASH=[14406DE394EC7950]-cluster]}, ping_response{node [{node_t1}{bsMpG1IsShyUTBhL24QIAA}{127.0.0.1}{127.0.0.1:30215}[mode=>network]], id[527], master [null], hasJoinedOnce [false], cluster_name[TEST-CHILD_VM=[1]-CLUSTER_SEED=[-679292691564915143]-HASH=[14406DE394EC7950]-cluster]}]
[2016-03-29 17:31:46,543][TRACE][org.elasticsearch.discovery.zen.ping.unicast] [node_t0] [1] sending to {#zen_unicast_7_bsMpG1IsShyUTBhL24QIAA#}{127.0.0.1}{127.0.0.1:30215}[mode=>network]
[2016-03-29 17:31:46,543][TRACE][org.elasticsearch.discovery.zen.ping.unicast] [node_t0] [1] connected to {node_t2}{7W0K19VeQ3mWkmMayGn_-g}{127.0.0.1}{127.0.0.1:30216}[mode=>network]
[2016-03-29 17:31:46,543][TRACE][org.elasticsearch.discovery.zen.ping.unicast] [node_t0] [1] sending to {#zen_unicast_6_7W0K19VeQ3mWkmMayGn_-g#}{127.0.0.1}{127.0.0.1:30216}[mode=>network]
[2016-03-29 17:31:46,544][TRACE][org.elasticsearch.discovery.zen.ping.unicast] [node_t0] [1] received response from {#zen_unicast_7_bsMpG1IsShyUTBhL24QIAA#}{127.0.0.1}{127.0.0.1:30215}[mode=>network]: [ping_response{node [{node_t1}{bsMpG1IsShyUTBhL24QIAA}{127.0.0.1}{127.0.0.1:30215}[mode=>network]], id[495], master [null], hasJoinedOnce [false], cluster_name[TEST-CHILD_VM=[1]-CLUSTER_SEED=[-679292691564915143]-HASH=[14406DE394EC7950]-cluster]}, ping_response{node [{node_t1}{bsMpG1IsShyUTBhL24QIAA}{127.0.0.1}{127.0.0.1:30215}[mode=>network]], id[495], master [null], hasJoinedOnce [false], cluster_name[TEST-CHILD_VM=[1]-CLUSTER_SEED=[-679292691564915143]-HASH=[14406DE394EC7950]-cluster]}, ping_response{node [{node_t2}{7W0K19VeQ3mWkmMayGn_-g}{127.0.0.1}{127.0.0.1:30216}[mode=>network]], id[499], master [null], hasJoinedOnce [false], cluster_name[TEST-CHILD_VM=[1]-CLUSTER_SEED=[-679292691564915143]-HASH=[14406DE394EC7950]-cluster]}, ping_response{node [{node_t0}{qTbdcgJeRh2Uy6bs6C1q4w}{127.0.0.1}{127.0.0.1:30214}[mode=>network]], id[504], master [null], hasJoinedOnce [false], cluster_name[TEST-CHILD_VM=[1]-CLUSTER_SEED=[-679292691564915143]-HASH=[14406DE394EC7950]-cluster]}, ping_response{node [{node_t0}{qTbdcgJeRh2Uy6bs6C1q4w}{127.0.0.1}{127.0.0.1:30214}[mode=>network]], id[504], master [null], hasJoinedOnce [false], cluster_name[TEST-CHILD_VM=[1]-CLUSTER_SEED=[-679292691564915143]-HASH=[14406DE394EC7950]-cluster]}, ping_response{node [{node_t1}{bsMpG1IsShyUTBhL24QIAA}{127.0.0.1}{127.0.0.1:30215}[mode=>network]], id[511], master [null], hasJoinedOnce [false], cluster_name[TEST-CHILD_VM=[1]-CLUSTER_SEED=[-679292691564915143]-HASH=[14406DE394EC7950]-cluster]}, ping_response{node [{node_t1}{bsMpG1IsShyUTBhL24QIAA}{127.0.0.1}{127.0.0.1:30215}[mode=>network]], id[511], master [null], hasJoinedOnce [false], cluster_name[TEST-CHILD_VM=[1]-CLUSTER_SEED=[-679292691564915143]-HASH=[14406DE394EC7950]-cluster]}, ping_response{node [{node_t2}{7W0K19VeQ3mWkmMayGn_-g}{127.0.0.1}{127.0.0.1:30216}[mode=>network]], id[518], master [null], hasJoinedOnce [false], cluster_name[TEST-CHILD_VM=[1]-CLUSTER_SEED=[-679292691564915143]-HASH=[14406DE394EC7950]-cluster]}, ping_response{node [{node_t2}{7W0K19VeQ3mWkmMayGn_-g}{127.0.0.1}{127.0.0.1:30216}[mode=>network]], id[518], master [null], hasJoinedOnce [false], cluster_name[TEST-CHILD_VM=[1]-CLUSTER_SEED=[-679292691564915143]-HASH=[14406DE394EC7950]-cluster]}, ping_response{node [{node_t0}{qTbdcgJeRh2Uy6bs6C1q4w}{127.0.0.1}{127.0.0.1:30214}[mode=>network]], id[525], master [null], hasJoinedOnce [false], cluster_name[TEST-CHILD_VM=[1]-CLUSTER_SEED=[-679292691564915143]-HASH=[14406DE394EC7950]-cluster]}, ping_response{node [{node_t0}{qTbdcgJeRh2Uy6bs6C1q4w}{127.0.0.1}{127.0.0.1:30214}[mode=>network]], id[525], master [null], hasJoinedOnce [false], cluster_name[TEST-CHILD_VM=[1]-CLUSTER_SEED=[-679292691564915143]-HASH=[14406DE394EC7950]-cluster]}, ping_response{node [{node_t1}{bsMpG1IsShyUTBhL24QIAA}{127.0.0.1}{127.0.0.1:30215}[mode=>network]], id[530], master [null], hasJoinedOnce [false], cluster_name[TEST-CHILD_VM=[1]-CLUSTER_SEED=[-679292691564915143]-HASH=[14406DE394EC7950]-cluster]}]
[2016-03-29 17:31:46,544][TRACE][org.elasticsearch.discovery.zen.ping.unicast] [node_t0] [1] received response from {#zen_unicast_6_7W0K19VeQ3mWkmMayGn_-g#}{127.0.0.1}{127.0.0.1:30216}[mode=>network]: [ping_response{node [{node_t2}{7W0K19VeQ3mWkmMayGn_-g}{127.0.0.1}{127.0.0.1:30216}[mode=>network]], id[499], master [null], hasJoinedOnce [false], cluster_name[TEST-CHILD_VM=[1]-CLUSTER_SEED=[-679292691564915143]-HASH=[14406DE394EC7950]-cluster]}, ping_response{node [{node_t2}{7W0K19VeQ3mWkmMayGn_-g}{127.0.0.1}{127.0.0.1:30216}[mode=>network]], id[499], master [null], hasJoinedOnce [false], cluster_name[TEST-CHILD_VM=[1]-CLUSTER_SEED=[-679292691564915143]-HASH=[14406DE394EC7950]-cluster]}, ping_response{node [{node_t0}{qTbdcgJeRh2Uy6bs6C1q4w}{127.0.0.1}{127.0.0.1:30214}[mode=>network]], id[504], master [null], hasJoinedOnce [false], cluster_name[TEST-CHILD_VM=[1]-CLUSTER_SEED=[-679292691564915143]-HASH=[14406DE394EC7950]-cluster]}, ping_response{node [{node_t0}{qTbdcgJeRh2Uy6bs6C1q4w}{127.0.0.1}{127.0.0.1:30214}[mode=>network]], id[504], master [null], hasJoinedOnce [false], cluster_name[TEST-CHILD_VM=[1]-CLUSTER_SEED=[-679292691564915143]-HASH=[14406DE394EC7950]-cluster]}, ping_response{node [{node_t1}{bsMpG1IsShyUTBhL24QIAA}{127.0.0.1}{127.0.0.1:30215}[mode=>network]], id[511], master [null], hasJoinedOnce [false], cluster_name[TEST-CHILD_VM=[1]-CLUSTER_SEED=[-679292691564915143]-HASH=[14406DE394EC7950]-cluster]}, ping_response{node [{node_t1}{bsMpG1IsShyUTBhL24QIAA}{127.0.0.1}{127.0.0.1:30215}[mode=>network]], id[511], master [null], hasJoinedOnce [false], cluster_name[TEST-CHILD_VM=[1]-CLUSTER_SEED=[-679292691564915143]-HASH=[14406DE394EC7950]-cluster]}, ping_response{node [{node_t2}{7W0K19VeQ3mWkmMayGn_-g}{127.0.0.1}{127.0.0.1:30216}[mode=>network]], id[518], master [null], hasJoinedOnce [false], cluster_name[TEST-CHILD_VM=[1]-CLUSTER_SEED=[-679292691564915143]-HASH=[14406DE394EC7950]-cluster]}, ping_response{node [{node_t2}{7W0K19VeQ3mWkmMayGn_-g}{127.0.0.1}{127.0.0.1:30216}[mode=>network]], id[518], master [null], hasJoinedOnce [false], cluster_name[TEST-CHILD_VM=[1]-CLUSTER_SEED=[-679292691564915143]-HASH=[14406DE394EC7950]-cluster]}, ping_response{node [{node_t0}{qTbdcgJeRh2Uy6bs6C1q4w}{127.0.0.1}{127.0.0.1:30214}[mode=>network]], id[525], master [null], hasJoinedOnce [false], cluster_name[TEST-CHILD_VM=[1]-CLUSTER_SEED=[-679292691564915143]-HASH=[14406DE394EC7950]-cluster]}, ping_response{node [{node_t0}{qTbdcgJeRh2Uy6bs6C1q4w}{127.0.0.1}{127.0.0.1:30214}[mode=>network]], id[525], master [null], hasJoinedOnce [false], cluster_name[TEST-CHILD_VM=[1]-CLUSTER_SEED=[-679292691564915143]-HASH=[14406DE394EC7950]-cluster]}, ping_response{node [{node_t2}{7W0K19VeQ3mWkmMayGn_-g}{127.0.0.1}{127.0.0.1:30216}[mode=>network]], id[531], master [null], hasJoinedOnce [false], cluster_name[TEST-CHILD_VM=[1]-CLUSTER_SEED=[-679292691564915143]-HASH=[14406DE394EC7950]-cluster]}]
[2016-03-29 17:31:46,544][TRACE][org.elasticsearch.discovery.zen.ping.unicast] [node_t0] [1] disconnecting from {#zen_unicast_4_7W0K19VeQ3mWkmMayGn_-g#}{127.0.0.1}{127.0.0.1:30216}[mode=>network]
[2016-03-29 17:31:46,544][TRACE][org.elasticsearch.discovery.zen] [node_t0] full ping responses:
	--> ping_response{node [{node_t2}{7W0K19VeQ3mWkmMayGn_-g}{127.0.0.1}{127.0.0.1:30216}[mode=>network]], id[531], master [null], hasJoinedOnce [false], cluster_name[TEST-CHILD_VM=[1]-CLUSTER_SEED=[-679292691564915143]-HASH=[14406DE394EC7950]-cluster]}
	--> ping_response{node [{node_t1}{bsMpG1IsShyUTBhL24QIAA}{127.0.0.1}{127.0.0.1:30215}[mode=>network]], id[530], master [null], hasJoinedOnce [false], cluster_name[TEST-CHILD_VM=[1]-CLUSTER_SEED=[-679292691564915143]-HASH=[14406DE394EC7950]-cluster]}
[2016-03-29 17:31:46,545][DEBUG][org.elasticsearch.discovery.zen] [node_t0] filtered ping responses: (filter_client[true], filter_data[false])
	--> ping_response{node [{node_t2}{7W0K19VeQ3mWkmMayGn_-g}{127.0.0.1}{127.0.0.1:30216}[mode=>network]], id[531], master [null], hasJoinedOnce [false], cluster_name[TEST-CHILD_VM=[1]-CLUSTER_SEED=[-679292691564915143]-HASH=[14406DE394EC7950]-cluster]}
	--> ping_response{node [{node_t1}{bsMpG1IsShyUTBhL24QIAA}{127.0.0.1}{127.0.0.1:30215}[mode=>network]], id[530], master [null], hasJoinedOnce [false], cluster_name[TEST-CHILD_VM=[1]-CLUSTER_SEED=[-679292691564915143]-HASH=[14406DE394EC7950]-cluster]}
[2016-03-29 17:31:46,545][TRACE][org.elasticsearch.discovery.zen.ping.unicast] [node_t0] [1] disconnecting from {#zen_unicast_6_7W0K19VeQ3mWkmMayGn_-g#}{127.0.0.1}{127.0.0.1:30216}[mode=>network]
[2016-03-29 17:31:46,545][TRACE][org.elasticsearch.discovery.zen] [node_t0] stopping join accumulation ([not master])
[2016-03-29 17:31:46,545][TRACE][org.elasticsearch.discovery.zen.ping.unicast] [node_t0] [1] disconnecting from {#zen_unicast_2#}{127.0.0.1}{127.0.0.1:30215}
[2016-03-29 17:31:46,545][TRACE][org.elasticsearch.discovery.zen.ping.unicast] [node_t0] [1] disconnecting from {#zen_unicast_5_bsMpG1IsShyUTBhL24QIAA#}{127.0.0.1}{127.0.0.1:30215}[mode=>network]
[2016-03-29 17:31:46,545][TRACE][org.elasticsearch.discovery.zen.ping.unicast] [node_t0] [1] disconnecting from {#zen_unicast_7_bsMpG1IsShyUTBhL24QIAA#}{127.0.0.1}{127.0.0.1:30215}[mode=>network]
[2016-03-29 17:31:46,545][TRACE][org.elasticsearch.discovery.zen.ping.unicast] [node_t0] [1] disconnecting from {#zen_unicast_3#}{127.0.0.1}{127.0.0.1:30216}
[2016-03-29 17:31:46,546][TRACE][org.elasticsearch.discovery.zen] [node_t0] joining master {node_t2}{7W0K19VeQ3mWkmMayGn_-g}{127.0.0.1}{127.0.0.1:30216}[mode=>network]
[2016-03-29 17:31:46,582][TRACE][org.elasticsearch.discovery.zen.ping.unicast] [node_t1] [1] sending to {#zen_unicast_1#}{127.0.0.1}{127.0.0.1:30214}
[2016-03-29 17:31:46,582][TRACE][org.elasticsearch.discovery.zen.ping.unicast] [node_t1] [1] sending to {node_t1}{bsMpG1IsShyUTBhL24QIAA}{127.0.0.1}{127.0.0.1:30215}[mode=>network]
[2016-03-29 17:31:46,582][TRACE][org.elasticsearch.discovery.zen.ping.unicast] [node_t1] [1] received response from {node_t1}{bsMpG1IsShyUTBhL24QIAA}{127.0.0.1}{127.0.0.1:30215}[mode=>network]: [ping_response{node [{node_t1}{bsMpG1IsShyUTBhL24QIAA}{127.0.0.1}{127.0.0.1:30215}[mode=>network]], id[495], master [null], hasJoinedOnce [false], cluster_name[TEST-CHILD_VM=[1]-CLUSTER_SEED=[-679292691564915143]-HASH=[14406DE394EC7950]-cluster]}, ping_response{node [{node_t1}{bsMpG1IsShyUTBhL24QIAA}{127.0.0.1}{127.0.0.1:30215}[mode=>network]], id[495], master [null], hasJoinedOnce [false], cluster_name[TEST-CHILD_VM=[1]-CLUSTER_SEED=[-679292691564915143]-HASH=[14406DE394EC7950]-cluster]}, ping_response{node [{node_t2}{7W0K19VeQ3mWkmMayGn_-g}{127.0.0.1}{127.0.0.1:30216}[mode=>network]], id[499], master [null], hasJoinedOnce [false], cluster_name[TEST-CHILD_VM=[1]-CLUSTER_SEED=[-679292691564915143]-HASH=[14406DE394EC7950]-cluster]}, ping_response{node [{node_t0}{qTbdcgJeRh2Uy6bs6C1q4w}{127.0.0.1}{127.0.0.1:30214}[mode=>network]], id[504], master [null], hasJoinedOnce [false], cluster_name[TEST-CHILD_VM=[1]-CLUSTER_SEED=[-679292691564915143]-HASH=[14406DE394EC7950]-cluster]}, ping_response{node [{node_t0}{qTbdcgJeRh2Uy6bs6C1q4w}{127.0.0.1}{127.0.0.1:30214}[mode=>network]], id[504], master [null], hasJoinedOnce [false], cluster_name[TEST-CHILD_VM=[1]-CLUSTER_SEED=[-679292691564915143]-HASH=[14406DE394EC7950]-cluster]}, ping_response{node [{node_t1}{bsMpG1IsShyUTBhL24QIAA}{127.0.0.1}{127.0.0.1:30215}[mode=>network]], id[511], master [null], hasJoinedOnce [false], cluster_name[TEST-CHILD_VM=[1]-CLUSTER_SEED=[-679292691564915143]-HASH=[14406DE394EC7950]-cluster]}, ping_response{node [{node_t1}{bsMpG1IsShyUTBhL24QIAA}{127.0.0.1}{127.0.0.1:30215}[mode=>network]], id[511], master [null], hasJoinedOnce [false], cluster_name[TEST-CHILD_VM=[1]-CLUSTER_SEED=[-679292691564915143]-HASH=[14406DE394EC7950]-cluster]}, ping_response{node [{node_t2}{7W0K19VeQ3mWkmMayGn_-g}{127.0.0.1}{127.0.0.1:30216}[mode=>network]], id[518], master [null], hasJoinedOnce [false], cluster_name[TEST-CHILD_VM=[1]-CLUSTER_SEED=[-679292691564915143]-HASH=[14406DE394EC7950]-cluster]}, ping_response{node [{node_t2}{7W0K19VeQ3mWkmMayGn_-g}{127.0.0.1}{127.0.0.1:30216}[mode=>network]], id[518], master [null], hasJoinedOnce [false], cluster_name[TEST-CHILD_VM=[1]-CLUSTER_SEED=[-679292691564915143]-HASH=[14406DE394EC7950]-cluster]}, ping_response{node [{node_t0}{qTbdcgJeRh2Uy6bs6C1q4w}{127.0.0.1}{127.0.0.1:30214}[mode=>network]], id[525], master [null], hasJoinedOnce [false], cluster_name[TEST-CHILD_VM=[1]-CLUSTER_SEED=[-679292691564915143]-HASH=[14406DE394EC7950]-cluster]}, ping_response{node [{node_t0}{qTbdcgJeRh2Uy6bs6C1q4w}{127.0.0.1}{127.0.0.1:30214}[mode=>network]], id[525], master [null], hasJoinedOnce [false], cluster_name[TEST-CHILD_VM=[1]-CLUSTER_SEED=[-679292691564915143]-HASH=[14406DE394EC7950]-cluster]}, ping_response{node [{node_t1}{bsMpG1IsShyUTBhL24QIAA}{127.0.0.1}{127.0.0.1:30215}[mode=>network]], id[532], master [null], hasJoinedOnce [false], cluster_name[TEST-CHILD_VM=[1]-CLUSTER_SEED=[-679292691564915143]-HASH=[14406DE394EC7950]-cluster]}, ping_response{node [{node_t1}{bsMpG1IsShyUTBhL24QIAA}{127.0.0.1}{127.0.0.1:30215}[mode=>network]], id[533], master [null], hasJoinedOnce [false], cluster_name[TEST-CHILD_VM=[1]-CLUSTER_SEED=[-679292691564915143]-HASH=[14406DE394EC7950]-cluster]}]
[2016-03-29 17:31:46,582][TRACE][org.elasticsearch.discovery.zen.ping.unicast] [node_t1] [1] sending to {#zen_unicast_3#}{127.0.0.1}{127.0.0.1:30216}
[2016-03-29 17:31:46,582][TRACE][org.elasticsearch.discovery.zen.ping.unicast] [node_t1] replacing {node_t2}{7W0K19VeQ3mWkmMayGn_-g}{127.0.0.1}{127.0.0.1:30216}[mode=>network] with temp node {#zen_unicast_6_7W0K19VeQ3mWkmMayGn_-g#}{127.0.0.1}{127.0.0.1:30216}[mode=>network]
[2016-03-29 17:31:46,582][TRACE][org.elasticsearch.discovery.zen.ping.unicast] [node_t1] [1] received response from {#zen_unicast_1#}{127.0.0.1}{127.0.0.1:30214}: [ping_response{node [{node_t0}{qTbdcgJeRh2Uy6bs6C1q4w}{127.0.0.1}{127.0.0.1:30214}[mode=>network]], id[492], master [null], hasJoinedOnce [false], cluster_name[TEST-CHILD_VM=[1]-CLUSTER_SEED=[-679292691564915143]-HASH=[14406DE394EC7950]-cluster]}, ping_response{node [{node_t0}{qTbdcgJeRh2Uy6bs6C1q4w}{127.0.0.1}{127.0.0.1:30214}[mode=>network]], id[492], master [null], hasJoinedOnce [false], cluster_name[TEST-CHILD_VM=[1]-CLUSTER_SEED=[-679292691564915143]-HASH=[14406DE394EC7950]-cluster]}, ping_response{node [{node_t1}{bsMpG1IsShyUTBhL24QIAA}{127.0.0.1}{127.0.0.1:30215}[mode=>network]], id[495], master [null], hasJoinedOnce [false], cluster_name[TEST-CHILD_VM=[1]-CLUSTER_SEED=[-679292691564915143]-HASH=[14406DE394EC7950]-cluster]}, ping_response{node [{node_t2}{7W0K19VeQ3mWkmMayGn_-g}{127.0.0.1}{127.0.0.1:30216}[mode=>network]], id[499], master [null], hasJoinedOnce [false], cluster_name[TEST-CHILD_VM=[1]-CLUSTER_SEED=[-679292691564915143]-HASH=[14406DE394EC7950]-cluster]}, ping_response{node [{node_t0}{qTbdcgJeRh2Uy6bs6C1q4w}{127.0.0.1}{127.0.0.1:30214}[mode=>network]], id[504], master [null], hasJoinedOnce [false], cluster_name[TEST-CHILD_VM=[1]-CLUSTER_SEED=[-679292691564915143]-HASH=[14406DE394EC7950]-cluster]}, ping_response{node [{node_t0}{qTbdcgJeRh2Uy6bs6C1q4w}{127.0.0.1}{127.0.0.1:30214}[mode=>network]], id[504], master [null], hasJoinedOnce [false], cluster_name[TEST-CHILD_VM=[1]-CLUSTER_SEED=[-679292691564915143]-HASH=[14406DE394EC7950]-cluster]}, ping_response{node [{node_t1}{bsMpG1IsShyUTBhL24QIAA}{127.0.0.1}{127.0.0.1:30215}[mode=>network]], id[511], master [null], hasJoinedOnce [false], cluster_name[TEST-CHILD_VM=[1]-CLUSTER_SEED=[-679292691564915143]-HASH=[14406DE394EC7950]-cluster]}, ping_response{node [{node_t1}{bsMpG1IsShyUTBhL24QIAA}{127.0.0.1}{127.0.0.1:30215}[mode=>network]], id[511], master [null], hasJoinedOnce [false], cluster_name[TEST-CHILD_VM=[1]-CLUSTER_SEED=[-679292691564915143]-HASH=[14406DE394EC7950]-cluster]}, ping_response{node [{node_t2}{7W0K19VeQ3mWkmMayGn_-g}{127.0.0.1}{127.0.0.1:30216}[mode=>network]], id[518], master [null], hasJoinedOnce [false], cluster_name[TEST-CHILD_VM=[1]-CLUSTER_SEED=[-679292691564915143]-HASH=[14406DE394EC7950]-cluster]}, ping_response{node [{node_t2}{7W0K19VeQ3mWkmMayGn_-g}{127.0.0.1}{127.0.0.1:30216}[mode=>network]], id[518], master [null], hasJoinedOnce [false], cluster_name[TEST-CHILD_VM=[1]-CLUSTER_SEED=[-679292691564915143]-HASH=[14406DE394EC7950]-cluster]}, ping_response{node [{node_t0}{qTbdcgJeRh2Uy6bs6C1q4w}{127.0.0.1}{127.0.0.1:30214}[mode=>network]], id[525], master [null], hasJoinedOnce [false], cluster_name[TEST-CHILD_VM=[1]-CLUSTER_SEED=[-679292691564915143]-HASH=[14406DE394EC7950]-cluster]}, ping_response{node [{node_t0}{qTbdcgJeRh2Uy6bs6C1q4w}{127.0.0.1}{127.0.0.1:30214}[mode=>network]], id[525], master [null], hasJoinedOnce [false], cluster_name[TEST-CHILD_VM=[1]-CLUSTER_SEED=[-679292691564915143]-HASH=[14406DE394EC7950]-cluster]}, ping_response{node [{node_t1}{bsMpG1IsShyUTBhL24QIAA}{127.0.0.1}{127.0.0.1:30215}[mode=>network]], id[532], master [null], hasJoinedOnce [false], cluster_name[TEST-CHILD_VM=[1]-CLUSTER_SEED=[-679292691564915143]-HASH=[14406DE394EC7950]-cluster]}, ping_response{node [{node_t0}{qTbdcgJeRh2Uy6bs6C1q4w}{127.0.0.1}{127.0.0.1:30214}[mode=>network]], id[534], master [null], hasJoinedOnce [false], cluster_name[TEST-CHILD_VM=[1]-CLUSTER_SEED=[-679292691564915143]-HASH=[14406DE394EC7950]-cluster]}]
[2016-03-29 17:31:46,582][TRACE][org.elasticsearch.discovery.zen.ping.unicast] [node_t1] [1] connecting (light) to {#zen_unicast_6_7W0K19VeQ3mWkmMayGn_-g#}{127.0.0.1}{127.0.0.1:30216}[mode=>network]
[2016-03-29 17:31:46,582][TRACE][org.elasticsearch.discovery.zen.ping.unicast] [node_t1] [1] sending to {node_t1}{bsMpG1IsShyUTBhL24QIAA}{127.0.0.1}{127.0.0.1:30215}[mode=>network]
[2016-03-29 17:31:46,583][TRACE][org.elasticsearch.discovery.zen.ping.unicast] [node_t1] [1] received response from {node_t1}{bsMpG1IsShyUTBhL24QIAA}{127.0.0.1}{127.0.0.1:30215}[mode=>network]: [ping_response{node [{node_t1}{bsMpG1IsShyUTBhL24QIAA}{127.0.0.1}{127.0.0.1:30215}[mode=>network]], id[495], master [null], hasJoinedOnce [false], cluster_name[TEST-CHILD_VM=[1]-CLUSTER_SEED=[-679292691564915143]-HASH=[14406DE394EC7950]-cluster]}, ping_response{node [{node_t1}{bsMpG1IsShyUTBhL24QIAA}{127.0.0.1}{127.0.0.1:30215}[mode=>network]], id[495], master [null], hasJoinedOnce [false], cluster_name[TEST-CHILD_VM=[1]-CLUSTER_SEED=[-679292691564915143]-HASH=[14406DE394EC7950]-cluster]}, ping_response{node [{node_t2}{7W0K19VeQ3mWkmMayGn_-g}{127.0.0.1}{127.0.0.1:30216}[mode=>network]], id[499], master [null], hasJoinedOnce [false], cluster_name[TEST-CHILD_VM=[1]-CLUSTER_SEED=[-679292691564915143]-HASH=[14406DE394EC7950]-cluster]}, ping_response{node [{node_t0}{qTbdcgJeRh2Uy6bs6C1q4w}{127.0.0.1}{127.0.0.1:30214}[mode=>network]], id[504], master [null], hasJoinedOnce [false], cluster_name[TEST-CHILD_VM=[1]-CLUSTER_SEED=[-679292691564915143]-HASH=[14406DE394EC7950]-cluster]}, ping_response{node [{node_t0}{qTbdcgJeRh2Uy6bs6C1q4w}{127.0.0.1}{127.0.0.1:30214}[mode=>network]], id[504], master [null], hasJoinedOnce [false], cluster_name[TEST-CHILD_VM=[1]-CLUSTER_SEED=[-679292691564915143]-HASH=[14406DE394EC7950]-cluster]}, ping_response{node [{node_t1}{bsMpG1IsShyUTBhL24QIAA}{127.0.0.1}{127.0.0.1:30215}[mode=>network]], id[511], master [null], hasJoinedOnce [false], cluster_name[TEST-CHILD_VM=[1]-CLUSTER_SEED=[-679292691564915143]-HASH=[14406DE394EC7950]-cluster]}, ping_response{node [{node_t1}{bsMpG1IsShyUTBhL24QIAA}{127.0.0.1}{127.0.0.1:30215}[mode=>network]], id[511], master [null], hasJoinedOnce [false], cluster_name[TEST-CHILD_VM=[1]-CLUSTER_SEED=[-679292691564915143]-HASH=[14406DE394EC7950]-cluster]}, ping_response{node [{node_t2}{7W0K19VeQ3mWkmMayGn_-g}{127.0.0.1}{127.0.0.1:30216}[mode=>network]], id[518], master [null], hasJoinedOnce [false], cluster_name[TEST-CHILD_VM=[1]-CLUSTER_SEED=[-679292691564915143]-HASH=[14406DE394EC7950]-cluster]}, ping_response{node [{node_t2}{7W0K19VeQ3mWkmMayGn_-g}{127.0.0.1}{127.0.0.1:30216}[mode=>network]], id[518], master [null], hasJoinedOnce [false], cluster_name[TEST-CHILD_VM=[1]-CLUSTER_SEED=[-679292691564915143]-HASH=[14406DE394EC7950]-cluster]}, ping_response{node [{node_t0}{qTbdcgJeRh2Uy6bs6C1q4w}{127.0.0.1}{127.0.0.1:30214}[mode=>network]], id[525], master [null], hasJoinedOnce [false], cluster_name[TEST-CHILD_VM=[1]-CLUSTER_SEED=[-679292691564915143]-HASH=[14406DE394EC7950]-cluster]}, ping_response{node [{node_t0}{qTbdcgJeRh2Uy6bs6C1q4w}{127.0.0.1}{127.0.0.1:30214}[mode=>network]], id[525], master [null], hasJoinedOnce [false], cluster_name[TEST-CHILD_VM=[1]-CLUSTER_SEED=[-679292691564915143]-HASH=[14406DE394EC7950]-cluster]}, ping_response{node [{node_t1}{bsMpG1IsShyUTBhL24QIAA}{127.0.0.1}{127.0.0.1:30215}[mode=>network]], id[532], master [null], hasJoinedOnce [false], cluster_name[TEST-CHILD_VM=[1]-CLUSTER_SEED=[-679292691564915143]-HASH=[14406DE394EC7950]-cluster]}, ping_response{node [{node_t1}{bsMpG1IsShyUTBhL24QIAA}{127.0.0.1}{127.0.0.1:30215}[mode=>network]], id[532], master [null], hasJoinedOnce [false], cluster_name[TEST-CHILD_VM=[1]-CLUSTER_SEED=[-679292691564915143]-HASH=[14406DE394EC7950]-cluster]}, ping_response{node [{node_t1}{bsMpG1IsShyUTBhL24QIAA}{127.0.0.1}{127.0.0.1:30215}[mode=>network]], id[535], master [null], hasJoinedOnce [false], cluster_name[TEST-CHILD_VM=[1]-CLUSTER_SEED=[-679292691564915143]-HASH=[14406DE394EC7950]-cluster]}]
[2016-03-29 17:31:46,583][TRACE][org.elasticsearch.discovery.zen.ping.unicast] [node_t1] [1] connected to {node_t2}{7W0K19VeQ3mWkmMayGn_-g}{127.0.0.1}{127.0.0.1:30216}[mode=>network]
[2016-03-29 17:31:46,583][TRACE][org.elasticsearch.discovery.zen.ping.unicast] [node_t1] [1] received response from {#zen_unicast_3#}{127.0.0.1}{127.0.0.1:30216}: [ping_response{node [{node_t2}{7W0K19VeQ3mWkmMayGn_-g}{127.0.0.1}{127.0.0.1:30216}[mode=>network]], id[499], master [null], hasJoinedOnce [false], cluster_name[TEST-CHILD_VM=[1]-CLUSTER_SEED=[-679292691564915143]-HASH=[14406DE394EC7950]-cluster]}, ping_response{node [{node_t2}{7W0K19VeQ3mWkmMayGn_-g}{127.0.0.1}{127.0.0.1:30216}[mode=>network]], id[499], master [null], hasJoinedOnce [false], cluster_name[TEST-CHILD_VM=[1]-CLUSTER_SEED=[-679292691564915143]-HASH=[14406DE394EC7950]-cluster]}, ping_response{node [{node_t0}{qTbdcgJeRh2Uy6bs6C1q4w}{127.0.0.1}{127.0.0.1:30214}[mode=>network]], id[504], master [null], hasJoinedOnce [false], cluster_name[TEST-CHILD_VM=[1]-CLUSTER_SEED=[-679292691564915143]-HASH=[14406DE394EC7950]-cluster]}, ping_response{node [{node_t0}{qTbdcgJeRh2Uy6bs6C1q4w}{127.0.0.1}{127.0.0.1:30214}[mode=>network]], id[504], master [null], hasJoinedOnce [false], cluster_name[TEST-CHILD_VM=[1]-CLUSTER_SEED=[-679292691564915143]-HASH=[14406DE394EC7950]-cluster]}, ping_response{node [{node_t1}{bsMpG1IsShyUTBhL24QIAA}{127.0.0.1}{127.0.0.1:30215}[mode=>network]], id[511], master [null], hasJoinedOnce [false], cluster_name[TEST-CHILD_VM=[1]-CLUSTER_SEED=[-679292691564915143]-HASH=[14406DE394EC7950]-cluster]}, ping_response{node [{node_t1}{bsMpG1IsShyUTBhL24QIAA}{127.0.0.1}{127.0.0.1:30215}[mode=>network]], id[511], master [null], hasJoinedOnce [false], cluster_name[TEST-CHILD_VM=[1]-CLUSTER_SEED=[-679292691564915143]-HASH=[14406DE394EC7950]-cluster]}, ping_response{node [{node_t2}{7W0K19VeQ3mWkmMayGn_-g}{127.0.0.1}{127.0.0.1:30216}[mode=>network]], id[518], master [null], hasJoinedOnce [false], cluster_name[TEST-CHILD_VM=[1]-CLUSTER_SEED=[-679292691564915143]-HASH=[14406DE394EC7950]-cluster]}, ping_response{node [{node_t2}{7W0K19VeQ3mWkmMayGn_-g}{127.0.0.1}{127.0.0.1:30216}[mode=>network]], id[518], master [null], hasJoinedOnce [false], cluster_name[TEST-CHILD_VM=[1]-CLUSTER_SEED=[-679292691564915143]-HASH=[14406DE394EC7950]-cluster]}, ping_response{node [{node_t0}{qTbdcgJeRh2Uy6bs6C1q4w}{127.0.0.1}{127.0.0.1:30214}[mode=>network]], id[525], master [null], hasJoinedOnce [false], cluster_name[TEST-CHILD_VM=[1]-CLUSTER_SEED=[-679292691564915143]-HASH=[14406DE394EC7950]-cluster]}, ping_response{node [{node_t0}{qTbdcgJeRh2Uy6bs6C1q4w}{127.0.0.1}{127.0.0.1:30214}[mode=>network]], id[525], master [null], hasJoinedOnce [false], cluster_name[TEST-CHILD_VM=[1]-CLUSTER_SEED=[-679292691564915143]-HASH=[14406DE394EC7950]-cluster]}, ping_response{node [{node_t1}{bsMpG1IsShyUTBhL24QIAA}{127.0.0.1}{127.0.0.1:30215}[mode=>network]], id[532], master [null], hasJoinedOnce [false], cluster_name[TEST-CHILD_VM=[1]-CLUSTER_SEED=[-679292691564915143]-HASH=[14406DE394EC7950]-cluster]}, ping_response{node [{node_t2}{7W0K19VeQ3mWkmMayGn_-g}{127.0.0.1}{127.0.0.1:30216}[mode=>network]], id[536], master [null], hasJoinedOnce [false], cluster_name[TEST-CHILD_VM=[1]-CLUSTER_SEED=[-679292691564915143]-HASH=[14406DE394EC7950]-cluster]}]
[2016-03-29 17:31:46,583][TRACE][org.elasticsearch.discovery.zen.ping.unicast] [node_t1] [1] sending to {#zen_unicast_6_7W0K19VeQ3mWkmMayGn_-g#}{127.0.0.1}{127.0.0.1:30216}[mode=>network]
[2016-03-29 17:31:46,583][TRACE][org.elasticsearch.discovery.zen.ping.unicast] [node_t1] replacing {node_t0}{qTbdcgJeRh2Uy6bs6C1q4w}{127.0.0.1}{127.0.0.1:30214}[mode=>network] with temp node {#zen_unicast_7_qTbdcgJeRh2Uy6bs6C1q4w#}{127.0.0.1}{127.0.0.1:30214}[mode=>network]
[2016-03-29 17:31:46,584][TRACE][org.elasticsearch.discovery.zen.ping.unicast] [node_t1] [1] connecting (light) to {#zen_unicast_7_qTbdcgJeRh2Uy6bs6C1q4w#}{127.0.0.1}{127.0.0.1:30214}[mode=>network]
[2016-03-29 17:31:46,584][TRACE][org.elasticsearch.discovery.zen.ping.unicast] [node_t1] [1] connected to {node_t0}{qTbdcgJeRh2Uy6bs6C1q4w}{127.0.0.1}{127.0.0.1:30214}[mode=>network]
[2016-03-29 17:31:46,584][TRACE][org.elasticsearch.discovery.zen.ping.unicast] [node_t1] [1] received response from {#zen_unicast_6_7W0K19VeQ3mWkmMayGn_-g#}{127.0.0.1}{127.0.0.1:30216}[mode=>network]: [ping_response{node [{node_t2}{7W0K19VeQ3mWkmMayGn_-g}{127.0.0.1}{127.0.0.1:30216}[mode=>network]], id[499], master [null], hasJoinedOnce [false], cluster_name[TEST-CHILD_VM=[1]-CLUSTER_SEED=[-679292691564915143]-HASH=[14406DE394EC7950]-cluster]}, ping_response{node [{node_t2}{7W0K19VeQ3mWkmMayGn_-g}{127.0.0.1}{127.0.0.1:30216}[mode=>network]], id[499], master [null], hasJoinedOnce [false], cluster_name[TEST-CHILD_VM=[1]-CLUSTER_SEED=[-679292691564915143]-HASH=[14406DE394EC7950]-cluster]}, ping_response{node [{node_t0}{qTbdcgJeRh2Uy6bs6C1q4w}{127.0.0.1}{127.0.0.1:30214}[mode=>network]], id[504], master [null], hasJoinedOnce [false], cluster_name[TEST-CHILD_VM=[1]-CLUSTER_SEED=[-679292691564915143]-HASH=[14406DE394EC7950]-cluster]}, ping_response{node [{node_t0}{qTbdcgJeRh2Uy6bs6C1q4w}{127.0.0.1}{127.0.0.1:30214}[mode=>network]], id[504], master [null], hasJoinedOnce [false], cluster_name[TEST-CHILD_VM=[1]-CLUSTER_SEED=[-679292691564915143]-HASH=[14406DE394EC7950]-cluster]}, ping_response{node [{node_t1}{bsMpG1IsShyUTBhL24QIAA}{127.0.0.1}{127.0.0.1:30215}[mode=>network]], id[511], master [null], hasJoinedOnce [false], cluster_name[TEST-CHILD_VM=[1]-CLUSTER_SEED=[-679292691564915143]-HASH=[14406DE394EC7950]-cluster]}, ping_response{node [{node_t1}{bsMpG1IsShyUTBhL24QIAA}{127.0.0.1}{127.0.0.1:30215}[mode=>network]], id[511], master [null], hasJoinedOnce [false], cluster_name[TEST-CHILD_VM=[1]-CLUSTER_SEED=[-679292691564915143]-HASH=[14406DE394EC7950]-cluster]}, ping_response{node [{node_t2}{7W0K19VeQ3mWkmMayGn_-g}{127.0.0.1}{127.0.0.1:30216}[mode=>network]], id[518], master [null], hasJoinedOnce [false], cluster_name[TEST-CHILD_VM=[1]-CLUSTER_SEED=[-679292691564915143]-HASH=[14406DE394EC7950]-cluster]}, ping_response{node [{node_t2}{7W0K19VeQ3mWkmMayGn_-g}{127.0.0.1}{127.0.0.1:30216}[mode=>network]], id[518], master [null], hasJoinedOnce [false], cluster_name[TEST-CHILD_VM=[1]-CLUSTER_SEED=[-679292691564915143]-HASH=[14406DE394EC7950]-cluster]}, ping_response{node [{node_t0}{qTbdcgJeRh2Uy6bs6C1q4w}{127.0.0.1}{127.0.0.1:30214}[mode=>network]], id[525], master [null], hasJoinedOnce [false], cluster_name[TEST-CHILD_VM=[1]-CLUSTER_SEED=[-679292691564915143]-HASH=[14406DE394EC7950]-cluster]}, ping_response{node [{node_t0}{qTbdcgJeRh2Uy6bs6C1q4w}{127.0.0.1}{127.0.0.1:30214}[mode=>network]], id[525], master [null], hasJoinedOnce [false], cluster_name[TEST-CHILD_VM=[1]-CLUSTER_SEED=[-679292691564915143]-HASH=[14406DE394EC7950]-cluster]}, ping_response{node [{node_t1}{bsMpG1IsShyUTBhL24QIAA}{127.0.0.1}{127.0.0.1:30215}[mode=>network]], id[532], master [null], hasJoinedOnce [false], cluster_name[TEST-CHILD_VM=[1]-CLUSTER_SEED=[-679292691564915143]-HASH=[14406DE394EC7950]-cluster]}, ping_response{node [{node_t1}{bsMpG1IsShyUTBhL24QIAA}{127.0.0.1}{127.0.0.1:30215}[mode=>network]], id[532], master [null], hasJoinedOnce [false], cluster_name[TEST-CHILD_VM=[1]-CLUSTER_SEED=[-679292691564915143]-HASH=[14406DE394EC7950]-cluster]}, ping_response{node [{node_t2}{7W0K19VeQ3mWkmMayGn_-g}{127.0.0.1}{127.0.0.1:30216}[mode=>network]], id[537], master [null], hasJoinedOnce [false], cluster_name[TEST-CHILD_VM=[1]-CLUSTER_SEED=[-679292691564915143]-HASH=[14406DE394EC7950]-cluster]}]
[2016-03-29 17:31:46,584][TRACE][org.elasticsearch.discovery.zen.ping.unicast] [node_t1] [1] sending to {#zen_unicast_7_qTbdcgJeRh2Uy6bs6C1q4w#}{127.0.0.1}{127.0.0.1:30214}[mode=>network]
[2016-03-29 17:31:46,585][TRACE][org.elasticsearch.discovery.zen.ping.unicast] [node_t1] [1] received response from {#zen_unicast_7_qTbdcgJeRh2Uy6bs6C1q4w#}{127.0.0.1}{127.0.0.1:30214}[mode=>network]: [ping_response{node [{node_t0}{qTbdcgJeRh2Uy6bs6C1q4w}{127.0.0.1}{127.0.0.1:30214}[mode=>network]], id[492], master [null], hasJoinedOnce [false], cluster_name[TEST-CHILD_VM=[1]-CLUSTER_SEED=[-679292691564915143]-HASH=[14406DE394EC7950]-cluster]}, ping_response{node [{node_t0}{qTbdcgJeRh2Uy6bs6C1q4w}{127.0.0.1}{127.0.0.1:30214}[mode=>network]], id[492], master [null], hasJoinedOnce [false], cluster_name[TEST-CHILD_VM=[1]-CLUSTER_SEED=[-679292691564915143]-HASH=[14406DE394EC7950]-cluster]}, ping_response{node [{node_t1}{bsMpG1IsShyUTBhL24QIAA}{127.0.0.1}{127.0.0.1:30215}[mode=>network]], id[495], master [null], hasJoinedOnce [false], cluster_name[TEST-CHILD_VM=[1]-CLUSTER_SEED=[-679292691564915143]-HASH=[14406DE394EC7950]-cluster]}, ping_response{node [{node_t2}{7W0K19VeQ3mWkmMayGn_-g}{127.0.0.1}{127.0.0.1:30216}[mode=>network]], id[499], master [null], hasJoinedOnce [false], cluster_name[TEST-CHILD_VM=[1]-CLUSTER_SEED=[-679292691564915143]-HASH=[14406DE394EC7950]-cluster]}, ping_response{node [{node_t0}{qTbdcgJeRh2Uy6bs6C1q4w}{127.0.0.1}{127.0.0.1:30214}[mode=>network]], id[504], master [null], hasJoinedOnce [false], cluster_name[TEST-CHILD_VM=[1]-CLUSTER_SEED=[-679292691564915143]-HASH=[14406DE394EC7950]-cluster]}, ping_response{node [{node_t0}{qTbdcgJeRh2Uy6bs6C1q4w}{127.0.0.1}{127.0.0.1:30214}[mode=>network]], id[504], master [null], hasJoinedOnce [false], cluster_name[TEST-CHILD_VM=[1]-CLUSTER_SEED=[-679292691564915143]-HASH=[14406DE394EC7950]-cluster]}, ping_response{node [{node_t1}{bsMpG1IsShyUTBhL24QIAA}{127.0.0.1}{127.0.0.1:30215}[mode=>network]], id[511], master [null], hasJoinedOnce [false], cluster_name[TEST-CHILD_VM=[1]-CLUSTER_SEED=[-679292691564915143]-HASH=[14406DE394EC7950]-cluster]}, ping_response{node [{node_t1}{bsMpG1IsShyUTBhL24QIAA}{127.0.0.1}{127.0.0.1:30215}[mode=>network]], id[511], master [null], hasJoinedOnce [false], cluster_name[TEST-CHILD_VM=[1]-CLUSTER_SEED=[-679292691564915143]-HASH=[14406DE394EC7950]-cluster]}, ping_response{node [{node_t2}{7W0K19VeQ3mWkmMayGn_-g}{127.0.0.1}{127.0.0.1:30216}[mode=>network]], id[518], master [null], hasJoinedOnce [false], cluster_name[TEST-CHILD_VM=[1]-CLUSTER_SEED=[-679292691564915143]-HASH=[14406DE394EC7950]-cluster]}, ping_response{node [{node_t2}{7W0K19VeQ3mWkmMayGn_-g}{127.0.0.1}{127.0.0.1:30216}[mode=>network]], id[518], master [null], hasJoinedOnce [false], cluster_name[TEST-CHILD_VM=[1]-CLUSTER_SEED=[-679292691564915143]-HASH=[14406DE394EC7950]-cluster]}, ping_response{node [{node_t0}{qTbdcgJeRh2Uy6bs6C1q4w}{127.0.0.1}{127.0.0.1:30214}[mode=>network]], id[525], master [null], hasJoinedOnce [false], cluster_name[TEST-CHILD_VM=[1]-CLUSTER_SEED=[-679292691564915143]-HASH=[14406DE394EC7950]-cluster]}, ping_response{node [{node_t0}{qTbdcgJeRh2Uy6bs6C1q4w}{127.0.0.1}{127.0.0.1:30214}[mode=>network]], id[525], master [null], hasJoinedOnce [false], cluster_name[TEST-CHILD_VM=[1]-CLUSTER_SEED=[-679292691564915143]-HASH=[14406DE394EC7950]-cluster]}, ping_response{node [{node_t1}{bsMpG1IsShyUTBhL24QIAA}{127.0.0.1}{127.0.0.1:30215}[mode=>network]], id[532], master [null], hasJoinedOnce [false], cluster_name[TEST-CHILD_VM=[1]-CLUSTER_SEED=[-679292691564915143]-HASH=[14406DE394EC7950]-cluster]}, ping_response{node [{node_t1}{bsMpG1IsShyUTBhL24QIAA}{127.0.0.1}{127.0.0.1:30215}[mode=>network]], id[532], master [null], hasJoinedOnce [false], cluster_name[TEST-CHILD_VM=[1]-CLUSTER_SEED=[-679292691564915143]-HASH=[14406DE394EC7950]-cluster]}, ping_response{node [{node_t0}{qTbdcgJeRh2Uy6bs6C1q4w}{127.0.0.1}{127.0.0.1:30214}[mode=>network]], id[538], master [null], hasJoinedOnce [false], cluster_name[TEST-CHILD_VM=[1]-CLUSTER_SEED=[-679292691564915143]-HASH=[14406DE394EC7950]-cluster]}]
[2016-03-29 17:31:46,585][TRACE][org.elasticsearch.discovery.zen.ping.unicast] [node_t1] [1] disconnecting from {#zen_unicast_4_7W0K19VeQ3mWkmMayGn_-g#}{127.0.0.1}{127.0.0.1:30216}[mode=>network]
[2016-03-29 17:31:46,585][TRACE][org.elasticsearch.discovery.zen] [node_t1] full ping responses:
	--> ping_response{node [{node_t2}{7W0K19VeQ3mWkmMayGn_-g}{127.0.0.1}{127.0.0.1:30216}[mode=>network]], id[537], master [null], hasJoinedOnce [false], cluster_name[TEST-CHILD_VM=[1]-CLUSTER_SEED=[-679292691564915143]-HASH=[14406DE394EC7950]-cluster]}
	--> ping_response{node [{node_t0}{qTbdcgJeRh2Uy6bs6C1q4w}{127.0.0.1}{127.0.0.1:30214}[mode=>network]], id[538], master [null], hasJoinedOnce [false], cluster_name[TEST-CHILD_VM=[1]-CLUSTER_SEED=[-679292691564915143]-HASH=[14406DE394EC7950]-cluster]}
[2016-03-29 17:31:46,585][DEBUG][org.elasticsearch.discovery.zen] [node_t1] filtered ping responses: (filter_client[true], filter_data[false])
	--> ping_response{node [{node_t2}{7W0K19VeQ3mWkmMayGn_-g}{127.0.0.1}{127.0.0.1:30216}[mode=>network]], id[537], master [null], hasJoinedOnce [false], cluster_name[TEST-CHILD_VM=[1]-CLUSTER_SEED=[-679292691564915143]-HASH=[14406DE394EC7950]-cluster]}
	--> ping_response{node [{node_t0}{qTbdcgJeRh2Uy6bs6C1q4w}{127.0.0.1}{127.0.0.1:30214}[mode=>network]], id[538], master [null], hasJoinedOnce [false], cluster_name[TEST-CHILD_VM=[1]-CLUSTER_SEED=[-679292691564915143]-HASH=[14406DE394EC7950]-cluster]}
[2016-03-29 17:31:46,585][TRACE][org.elasticsearch.discovery.zen] [node_t1] stopping join accumulation ([not master])
[2016-03-29 17:31:46,586][TRACE][org.elasticsearch.discovery.zen.ping.unicast] [node_t1] [1] disconnecting from {#zen_unicast_7_qTbdcgJeRh2Uy6bs6C1q4w#}{127.0.0.1}{127.0.0.1:30214}[mode=>network]
[2016-03-29 17:31:46,586][TRACE][org.elasticsearch.discovery.zen.ping.unicast] [node_t1] [1] disconnecting from {#zen_unicast_6_7W0K19VeQ3mWkmMayGn_-g#}{127.0.0.1}{127.0.0.1:30216}[mode=>network]
[2016-03-29 17:31:46,586][TRACE][org.elasticsearch.discovery.zen.ping.unicast] [node_t1] [1] disconnecting from {#zen_unicast_1#}{127.0.0.1}{127.0.0.1:30214}
[2016-03-29 17:31:46,586][TRACE][org.elasticsearch.discovery.zen.ping.unicast] [node_t1] [1] disconnecting from {#zen_unicast_3#}{127.0.0.1}{127.0.0.1:30216}
[2016-03-29 17:31:46,587][TRACE][org.elasticsearch.discovery.zen.ping.unicast] [node_t1] [1] disconnecting from {#zen_unicast_5_qTbdcgJeRh2Uy6bs6C1q4w#}{127.0.0.1}{127.0.0.1:30214}[mode=>network]
[2016-03-29 17:31:46,587][TRACE][org.elasticsearch.discovery.zen] [node_t1] joining master {node_t2}{7W0K19VeQ3mWkmMayGn_-g}{127.0.0.1}{127.0.0.1:30216}[mode=>network]
[2016-03-29 17:31:46,625][TRACE][org.elasticsearch.discovery.zen.ping.unicast] [node_t2] [1] sending to {#zen_unicast_1#}{127.0.0.1}{127.0.0.1:30214}
[2016-03-29 17:31:46,625][TRACE][org.elasticsearch.discovery.zen.ping.unicast] [node_t2] [1] sending to {#zen_unicast_2#}{127.0.0.1}{127.0.0.1:30215}
[2016-03-29 17:31:46,625][TRACE][org.elasticsearch.discovery.zen.ping.unicast] [node_t2] [1] sending to {node_t2}{7W0K19VeQ3mWkmMayGn_-g}{127.0.0.1}{127.0.0.1:30216}[mode=>network]
[2016-03-29 17:31:46,625][TRACE][org.elasticsearch.discovery.zen.ping.unicast] [node_t2] [1] received response from {node_t2}{7W0K19VeQ3mWkmMayGn_-g}{127.0.0.1}{127.0.0.1:30216}[mode=>network]: [ping_response{node [{node_t2}{7W0K19VeQ3mWkmMayGn_-g}{127.0.0.1}{127.0.0.1:30216}[mode=>network]], id[499], master [null], hasJoinedOnce [false], cluster_name[TEST-CHILD_VM=[1]-CLUSTER_SEED=[-679292691564915143]-HASH=[14406DE394EC7950]-cluster]}, ping_response{node [{node_t2}{7W0K19VeQ3mWkmMayGn_-g}{127.0.0.1}{127.0.0.1:30216}[mode=>network]], id[499], master [null], hasJoinedOnce [false], cluster_name[TEST-CHILD_VM=[1]-CLUSTER_SEED=[-679292691564915143]-HASH=[14406DE394EC7950]-cluster]}, ping_response{node [{node_t0}{qTbdcgJeRh2Uy6bs6C1q4w}{127.0.0.1}{127.0.0.1:30214}[mode=>network]], id[504], master [null], hasJoinedOnce [false], cluster_name[TEST-CHILD_VM=[1]-CLUSTER_SEED=[-679292691564915143]-HASH=[14406DE394EC7950]-cluster]}, ping_response{node [{node_t0}{qTbdcgJeRh2Uy6bs6C1q4w}{127.0.0.1}{127.0.0.1:30214}[mode=>network]], id[504], master [null], hasJoinedOnce [false], cluster_name[TEST-CHILD_VM=[1]-CLUSTER_SEED=[-679292691564915143]-HASH=[14406DE394EC7950]-cluster]}, ping_response{node [{node_t1}{bsMpG1IsShyUTBhL24QIAA}{127.0.0.1}{127.0.0.1:30215}[mode=>network]], id[511], master [null], hasJoinedOnce [false], cluster_name[TEST-CHILD_VM=[1]-CLUSTER_SEED=[-679292691564915143]-HASH=[14406DE394EC7950]-cluster]}, ping_response{node [{node_t1}{bsMpG1IsShyUTBhL24QIAA}{127.0.0.1}{127.0.0.1:30215}[mode=>network]], id[511], master [null], hasJoinedOnce [false], cluster_name[TEST-CHILD_VM=[1]-CLUSTER_SEED=[-679292691564915143]-HASH=[14406DE394EC7950]-cluster]}, ping_response{node [{node_t2}{7W0K19VeQ3mWkmMayGn_-g}{127.0.0.1}{127.0.0.1:30216}[mode=>network]], id[518], master [null], hasJoinedOnce [false], cluster_name[TEST-CHILD_VM=[1]-CLUSTER_SEED=[-679292691564915143]-HASH=[14406DE394EC7950]-cluster]}, ping_response{node [{node_t2}{7W0K19VeQ3mWkmMayGn_-g}{127.0.0.1}{127.0.0.1:30216}[mode=>network]], id[518], master [null], hasJoinedOnce [false], cluster_name[TEST-CHILD_VM=[1]-CLUSTER_SEED=[-679292691564915143]-HASH=[14406DE394EC7950]-cluster]}, ping_response{node [{node_t0}{qTbdcgJeRh2Uy6bs6C1q4w}{127.0.0.1}{127.0.0.1:30214}[mode=>network]], id[525], master [null], hasJoinedOnce [false], cluster_name[TEST-CHILD_VM=[1]-CLUSTER_SEED=[-679292691564915143]-HASH=[14406DE394EC7950]-cluster]}, ping_response{node [{node_t0}{qTbdcgJeRh2Uy6bs6C1q4w}{127.0.0.1}{127.0.0.1:30214}[mode=>network]], id[525], master [null], hasJoinedOnce [false], cluster_name[TEST-CHILD_VM=[1]-CLUSTER_SEED=[-679292691564915143]-HASH=[14406DE394EC7950]-cluster]}, ping_response{node [{node_t1}{bsMpG1IsShyUTBhL24QIAA}{127.0.0.1}{127.0.0.1:30215}[mode=>network]], id[532], master [null], hasJoinedOnce [false], cluster_name[TEST-CHILD_VM=[1]-CLUSTER_SEED=[-679292691564915143]-HASH=[14406DE394EC7950]-cluster]}, ping_response{node [{node_t1}{bsMpG1IsShyUTBhL24QIAA}{127.0.0.1}{127.0.0.1:30215}[mode=>network]], id[532], master [null], hasJoinedOnce [false], cluster_name[TEST-CHILD_VM=[1]-CLUSTER_SEED=[-679292691564915143]-HASH=[14406DE394EC7950]-cluster]}, ping_response{node [{node_t2}{7W0K19VeQ3mWkmMayGn_-g}{127.0.0.1}{127.0.0.1:30216}[mode=>network]], id[539], master [null], hasJoinedOnce [false], cluster_name[TEST-CHILD_VM=[1]-CLUSTER_SEED=[-679292691564915143]-HASH=[14406DE394EC7950]-cluster]}, ping_response{node [{node_t2}{7W0K19VeQ3mWkmMayGn_-g}{127.0.0.1}{127.0.0.1:30216}[mode=>network]], id[540], master [null], hasJoinedOnce [false], cluster_name[TEST-CHILD_VM=[1]-CLUSTER_SEED=[-679292691564915143]-HASH=[14406DE394EC7950]-cluster]}]
[2016-03-29 17:31:46,626][TRACE][org.elasticsearch.discovery.zen.ping.unicast] [node_t2] [1] sending to {node_t2}{7W0K19VeQ3mWkmMayGn_-g}{127.0.0.1}{127.0.0.1:30216}[mode=>network]
[2016-03-29 17:31:46,626][TRACE][org.elasticsearch.discovery.zen.ping.unicast] [node_t2] [1] received response from {#zen_unicast_2#}{127.0.0.1}{127.0.0.1:30215}: [ping_response{node [{node_t1}{bsMpG1IsShyUTBhL24QIAA}{127.0.0.1}{127.0.0.1:30215}[mode=>network]], id[495], master [null], hasJoinedOnce [false], cluster_name[TEST-CHILD_VM=[1]-CLUSTER_SEED=[-679292691564915143]-HASH=[14406DE394EC7950]-cluster]}, ping_response{node [{node_t1}{bsMpG1IsShyUTBhL24QIAA}{127.0.0.1}{127.0.0.1:30215}[mode=>network]], id[495], master [null], hasJoinedOnce [false], cluster_name[TEST-CHILD_VM=[1]-CLUSTER_SEED=[-679292691564915143]-HASH=[14406DE394EC7950]-cluster]}, ping_response{node [{node_t2}{7W0K19VeQ3mWkmMayGn_-g}{127.0.0.1}{127.0.0.1:30216}[mode=>network]], id[499], master [null], hasJoinedOnce [false], cluster_name[TEST-CHILD_VM=[1]-CLUSTER_SEED=[-679292691564915143]-HASH=[14406DE394EC7950]-cluster]}, ping_response{node [{node_t0}{qTbdcgJeRh2Uy6bs6C1q4w}{127.0.0.1}{127.0.0.1:30214}[mode=>network]], id[504], master [null], hasJoinedOnce [false], cluster_name[TEST-CHILD_VM=[1]-CLUSTER_SEED=[-679292691564915143]-HASH=[14406DE394EC7950]-cluster]}, ping_response{node [{node_t0}{qTbdcgJeRh2Uy6bs6C1q4w}{127.0.0.1}{127.0.0.1:30214}[mode=>network]], id[504], master [null], hasJoinedOnce [false], cluster_name[TEST-CHILD_VM=[1]-CLUSTER_SEED=[-679292691564915143]-HASH=[14406DE394EC7950]-cluster]}, ping_response{node [{node_t1}{bsMpG1IsShyUTBhL24QIAA}{127.0.0.1}{127.0.0.1:30215}[mode=>network]], id[511], master [null], hasJoinedOnce [false], cluster_name[TEST-CHILD_VM=[1]-CLUSTER_SEED=[-679292691564915143]-HASH=[14406DE394EC7950]-cluster]}, ping_response{node [{node_t1}{bsMpG1IsShyUTBhL24QIAA}{127.0.0.1}{127.0.0.1:30215}[mode=>network]], id[511], master [null], hasJoinedOnce [false], cluster_name[TEST-CHILD_VM=[1]-CLUSTER_SEED=[-679292691564915143]-HASH=[14406DE394EC7950]-cluster]}, ping_response{node [{node_t2}{7W0K19VeQ3mWkmMayGn_-g}{127.0.0.1}{127.0.0.1:30216}[mode=>network]], id[518], master [null], hasJoinedOnce [false], cluster_name[TEST-CHILD_VM=[1]-CLUSTER_SEED=[-679292691564915143]-HASH=[14406DE394EC7950]-cluster]}, ping_response{node [{node_t2}{7W0K19VeQ3mWkmMayGn_-g}{127.0.0.1}{127.0.0.1:30216}[mode=>network]], id[518], master [null], hasJoinedOnce [false], cluster_name[TEST-CHILD_VM=[1]-CLUSTER_SEED=[-679292691564915143]-HASH=[14406DE394EC7950]-cluster]}, ping_response{node [{node_t0}{qTbdcgJeRh2Uy6bs6C1q4w}{127.0.0.1}{127.0.0.1:30214}[mode=>network]], id[525], master [null], hasJoinedOnce [false], cluster_name[TEST-CHILD_VM=[1]-CLUSTER_SEED=[-679292691564915143]-HASH=[14406DE394EC7950]-cluster]}, ping_response{node [{node_t0}{qTbdcgJeRh2Uy6bs6C1q4w}{127.0.0.1}{127.0.0.1:30214}[mode=>network]], id[525], master [null], hasJoinedOnce [false], cluster_name[TEST-CHILD_VM=[1]-CLUSTER_SEED=[-679292691564915143]-HASH=[14406DE394EC7950]-cluster]}, ping_response{node [{node_t1}{bsMpG1IsShyUTBhL24QIAA}{127.0.0.1}{127.0.0.1:30215}[mode=>network]], id[532], master [null], hasJoinedOnce [false], cluster_name[TEST-CHILD_VM=[1]-CLUSTER_SEED=[-679292691564915143]-HASH=[14406DE394EC7950]-cluster]}, ping_response{node [{node_t1}{bsMpG1IsShyUTBhL24QIAA}{127.0.0.1}{127.0.0.1:30215}[mode=>network]], id[532], master [null], hasJoinedOnce [false], cluster_name[TEST-CHILD_VM=[1]-CLUSTER_SEED=[-679292691564915143]-HASH=[14406DE394EC7950]-cluster]}, ping_response{node [{node_t2}{7W0K19VeQ3mWkmMayGn_-g}{127.0.0.1}{127.0.0.1:30216}[mode=>network]], id[539], master [null], hasJoinedOnce [false], cluster_name[TEST-CHILD_VM=[1]-CLUSTER_SEED=[-679292691564915143]-HASH=[14406DE394EC7950]-cluster]}, ping_response{node [{node_t1}{bsMpG1IsShyUTBhL24QIAA}{127.0.0.1}{127.0.0.1:30215}[mode=>network]], id[542], master [null], hasJoinedOnce [false], cluster_name[TEST-CHILD_VM=[1]-CLUSTER_SEED=[-679292691564915143]-HASH=[14406DE394EC7950]-cluster]}]
[2016-03-29 17:31:46,626][TRACE][org.elasticsearch.discovery.zen.ping.unicast] [node_t2] [1] received response from {node_t2}{7W0K19VeQ3mWkmMayGn_-g}{127.0.0.1}{127.0.0.1:30216}[mode=>network]: [ping_response{node [{node_t2}{7W0K19VeQ3mWkmMayGn_-g}{127.0.0.1}{127.0.0.1:30216}[mode=>network]], id[499], master [null], hasJoinedOnce [false], cluster_name[TEST-CHILD_VM=[1]-CLUSTER_SEED=[-679292691564915143]-HASH=[14406DE394EC7950]-cluster]}, ping_response{node [{node_t2}{7W0K19VeQ3mWkmMayGn_-g}{127.0.0.1}{127.0.0.1:30216}[mode=>network]], id[499], master [null], hasJoinedOnce [false], cluster_name[TEST-CHILD_VM=[1]-CLUSTER_SEED=[-679292691564915143]-HASH=[14406DE394EC7950]-cluster]}, ping_response{node [{node_t0}{qTbdcgJeRh2Uy6bs6C1q4w}{127.0.0.1}{127.0.0.1:30214}[mode=>network]], id[504], master [null], hasJoinedOnce [false], cluster_name[TEST-CHILD_VM=[1]-CLUSTER_SEED=[-679292691564915143]-HASH=[14406DE394EC7950]-cluster]}, ping_response{node [{node_t0}{qTbdcgJeRh2Uy6bs6C1q4w}{127.0.0.1}{127.0.0.1:30214}[mode=>network]], id[504], master [null], hasJoinedOnce [false], cluster_name[TEST-CHILD_VM=[1]-CLUSTER_SEED=[-679292691564915143]-HASH=[14406DE394EC7950]-cluster]}, ping_response{node [{node_t1}{bsMpG1IsShyUTBhL24QIAA}{127.0.0.1}{127.0.0.1:30215}[mode=>network]], id[511], master [null], hasJoinedOnce [false], cluster_name[TEST-CHILD_VM=[1]-CLUSTER_SEED=[-679292691564915143]-HASH=[14406DE394EC7950]-cluster]}, ping_response{node [{node_t1}{bsMpG1IsShyUTBhL24QIAA}{127.0.0.1}{127.0.0.1:30215}[mode=>network]], id[511], master [null], hasJoinedOnce [false], cluster_name[TEST-CHILD_VM=[1]-CLUSTER_SEED=[-679292691564915143]-HASH=[14406DE394EC7950]-cluster]}, ping_response{node [{node_t2}{7W0K19VeQ3mWkmMayGn_-g}{127.0.0.1}{127.0.0.1:30216}[mode=>network]], id[518], master [null], hasJoinedOnce [false], cluster_name[TEST-CHILD_VM=[1]-CLUSTER_SEED=[-679292691564915143]-HASH=[14406DE394EC7950]-cluster]}, ping_response{node [{node_t2}{7W0K19VeQ3mWkmMayGn_-g}{127.0.0.1}{127.0.0.1:30216}[mode=>network]], id[518], master [null], hasJoinedOnce [false], cluster_name[TEST-CHILD_VM=[1]-CLUSTER_SEED=[-679292691564915143]-HASH=[14406DE394EC7950]-cluster]}, ping_response{node [{node_t0}{qTbdcgJeRh2Uy6bs6C1q4w}{127.0.0.1}{127.0.0.1:30214}[mode=>network]], id[525], master [null], hasJoinedOnce [false], cluster_name[TEST-CHILD_VM=[1]-CLUSTER_SEED=[-679292691564915143]-HASH=[14406DE394EC7950]-cluster]}, ping_response{node [{node_t0}{qTbdcgJeRh2Uy6bs6C1q4w}{127.0.0.1}{127.0.0.1:30214}[mode=>network]], id[525], master [null], hasJoinedOnce [false], cluster_name[TEST-CHILD_VM=[1]-CLUSTER_SEED=[-679292691564915143]-HASH=[14406DE394EC7950]-cluster]}, ping_response{node [{node_t1}{bsMpG1IsShyUTBhL24QIAA}{127.0.0.1}{127.0.0.1:30215}[mode=>network]], id[532], master [null], hasJoinedOnce [false], cluster_name[TEST-CHILD_VM=[1]-CLUSTER_SEED=[-679292691564915143]-HASH=[14406DE394EC7950]-cluster]}, ping_response{node [{node_t1}{bsMpG1IsShyUTBhL24QIAA}{127.0.0.1}{127.0.0.1:30215}[mode=>network]], id[532], master [null], hasJoinedOnce [false], cluster_name[TEST-CHILD_VM=[1]-CLUSTER_SEED=[-679292691564915143]-HASH=[14406DE394EC7950]-cluster]}, ping_response{node [{node_t2}{7W0K19VeQ3mWkmMayGn_-g}{127.0.0.1}{127.0.0.1:30216}[mode=>network]], id[539], master [null], hasJoinedOnce [false], cluster_name[TEST-CHILD_VM=[1]-CLUSTER_SEED=[-679292691564915143]-HASH=[14406DE394EC7950]-cluster]}, ping_response{node [{node_t2}{7W0K19VeQ3mWkmMayGn_-g}{127.0.0.1}{127.0.0.1:30216}[mode=>network]], id[539], master [null], hasJoinedOnce [false], cluster_name[TEST-CHILD_VM=[1]-CLUSTER_SEED=[-679292691564915143]-HASH=[14406DE394EC7950]-cluster]}, ping_response{node [{node_t2}{7W0K19VeQ3mWkmMayGn_-g}{127.0.0.1}{127.0.0.1:30216}[mode=>network]], id[543], master [null], hasJoinedOnce [false], cluster_name[TEST-CHILD_VM=[1]-CLUSTER_SEED=[-679292691564915143]-HASH=[14406DE394EC7950]-cluster]}]
[2016-03-29 17:31:46,626][TRACE][org.elasticsearch.discovery.zen.ping.unicast] [node_t2] [1] received response from {#zen_unicast_1#}{127.0.0.1}{127.0.0.1:30214}: [ping_response{node [{node_t0}{qTbdcgJeRh2Uy6bs6C1q4w}{127.0.0.1}{127.0.0.1:30214}[mode=>network]], id[492], master [null], hasJoinedOnce [false], cluster_name[TEST-CHILD_VM=[1]-CLUSTER_SEED=[-679292691564915143]-HASH=[14406DE394EC7950]-cluster]}, ping_response{node [{node_t0}{qTbdcgJeRh2Uy6bs6C1q4w}{127.0.0.1}{127.0.0.1:30214}[mode=>network]], id[492], master [null], hasJoinedOnce [false], cluster_name[TEST-CHILD_VM=[1]-CLUSTER_SEED=[-679292691564915143]-HASH=[14406DE394EC7950]-cluster]}, ping_response{node [{node_t1}{bsMpG1IsShyUTBhL24QIAA}{127.0.0.1}{127.0.0.1:30215}[mode=>network]], id[495], master [null], hasJoinedOnce [false], cluster_name[TEST-CHILD_VM=[1]-CLUSTER_SEED=[-679292691564915143]-HASH=[14406DE394EC7950]-cluster]}, ping_response{node [{node_t2}{7W0K19VeQ3mWkmMayGn_-g}{127.0.0.1}{127.0.0.1:30216}[mode=>network]], id[499], master [null], hasJoinedOnce [false], cluster_name[TEST-CHILD_VM=[1]-CLUSTER_SEED=[-679292691564915143]-HASH=[14406DE394EC7950]-cluster]}, ping_response{node [{node_t0}{qTbdcgJeRh2Uy6bs6C1q4w}{127.0.0.1}{127.0.0.1:30214}[mode=>network]], id[504], master [null], hasJoinedOnce [false], cluster_name[TEST-CHILD_VM=[1]-CLUSTER_SEED=[-679292691564915143]-HASH=[14406DE394EC7950]-cluster]}, ping_response{node [{node_t0}{qTbdcgJeRh2Uy6bs6C1q4w}{127.0.0.1}{127.0.0.1:30214}[mode=>network]], id[504], master [null], hasJoinedOnce [false], cluster_name[TEST-CHILD_VM=[1]-CLUSTER_SEED=[-679292691564915143]-HASH=[14406DE394EC7950]-cluster]}, ping_response{node [{node_t1}{bsMpG1IsShyUTBhL24QIAA}{127.0.0.1}{127.0.0.1:30215}[mode=>network]], id[511], master [null], hasJoinedOnce [false], cluster_name[TEST-CHILD_VM=[1]-CLUSTER_SEED=[-679292691564915143]-HASH=[14406DE394EC7950]-cluster]}, ping_response{node [{node_t1}{bsMpG1IsShyUTBhL24QIAA}{127.0.0.1}{127.0.0.1:30215}[mode=>network]], id[511], master [null], hasJoinedOnce [false], cluster_name[TEST-CHILD_VM=[1]-CLUSTER_SEED=[-679292691564915143]-HASH=[14406DE394EC7950]-cluster]}, ping_response{node [{node_t2}{7W0K19VeQ3mWkmMayGn_-g}{127.0.0.1}{127.0.0.1:30216}[mode=>network]], id[518], master [null], hasJoinedOnce [false], cluster_name[TEST-CHILD_VM=[1]-CLUSTER_SEED=[-679292691564915143]-HASH=[14406DE394EC7950]-cluster]}, ping_response{node [{node_t2}{7W0K19VeQ3mWkmMayGn_-g}{127.0.0.1}{127.0.0.1:30216}[mode=>network]], id[518], master [null], hasJoinedOnce [false], cluster_name[TEST-CHILD_VM=[1]-CLUSTER_SEED=[-679292691564915143]-HASH=[14406DE394EC7950]-cluster]}, ping_response{node [{node_t0}{qTbdcgJeRh2Uy6bs6C1q4w}{127.0.0.1}{127.0.0.1:30214}[mode=>network]], id[525], master [null], hasJoinedOnce [false], cluster_name[TEST-CHILD_VM=[1]-CLUSTER_SEED=[-679292691564915143]-HASH=[14406DE394EC7950]-cluster]}, ping_response{node [{node_t0}{qTbdcgJeRh2Uy6bs6C1q4w}{127.0.0.1}{127.0.0.1:30214}[mode=>network]], id[525], master [null], hasJoinedOnce [false], cluster_name[TEST-CHILD_VM=[1]-CLUSTER_SEED=[-679292691564915143]-HASH=[14406DE394EC7950]-cluster]}, ping_response{node [{node_t1}{bsMpG1IsShyUTBhL24QIAA}{127.0.0.1}{127.0.0.1:30215}[mode=>network]], id[532], master [null], hasJoinedOnce [false], cluster_name[TEST-CHILD_VM=[1]-CLUSTER_SEED=[-679292691564915143]-HASH=[14406DE394EC7950]-cluster]}, ping_response{node [{node_t1}{bsMpG1IsShyUTBhL24QIAA}{127.0.0.1}{127.0.0.1:30215}[mode=>network]], id[532], master [null], hasJoinedOnce [false], cluster_name[TEST-CHILD_VM=[1]-CLUSTER_SEED=[-679292691564915143]-HASH=[14406DE394EC7950]-cluster]}, ping_response{node [{node_t2}{7W0K19VeQ3mWkmMayGn_-g}{127.0.0.1}{127.0.0.1:30216}[mode=>network]], id[539], master [null], hasJoinedOnce [false], cluster_name[TEST-CHILD_VM=[1]-CLUSTER_SEED=[-679292691564915143]-HASH=[14406DE394EC7950]-cluster]}, ping_response{node [{node_t0}{qTbdcgJeRh2Uy6bs6C1q4w}{127.0.0.1}{127.0.0.1:30214}[mode=>network]], id[541], master [null], hasJoinedOnce [false], cluster_name[TEST-CHILD_VM=[1]-CLUSTER_SEED=[-679292691564915143]-HASH=[14406DE394EC7950]-cluster]}]
[2016-03-29 17:31:46,626][TRACE][org.elasticsearch.discovery.zen.ping.unicast] [node_t2] [1] sending to {node_t1}{bsMpG1IsShyUTBhL24QIAA}{127.0.0.1}{127.0.0.1:30215}[mode=>network]
[2016-03-29 17:31:46,627][TRACE][org.elasticsearch.discovery.zen.ping.unicast] [node_t2] [1] sending to {node_t0}{qTbdcgJeRh2Uy6bs6C1q4w}{127.0.0.1}{127.0.0.1:30214}[mode=>network]
[2016-03-29 17:31:46,627][TRACE][org.elasticsearch.discovery.zen.ping.unicast] [node_t2] [1] received response from {node_t1}{bsMpG1IsShyUTBhL24QIAA}{127.0.0.1}{127.0.0.1:30215}[mode=>network]: [ping_response{node [{node_t1}{bsMpG1IsShyUTBhL24QIAA}{127.0.0.1}{127.0.0.1:30215}[mode=>network]], id[495], master [null], hasJoinedOnce [false], cluster_name[TEST-CHILD_VM=[1]-CLUSTER_SEED=[-679292691564915143]-HASH=[14406DE394EC7950]-cluster]}, ping_response{node [{node_t1}{bsMpG1IsShyUTBhL24QIAA}{127.0.0.1}{127.0.0.1:30215}[mode=>network]], id[495], master [null], hasJoinedOnce [false], cluster_name[TEST-CHILD_VM=[1]-CLUSTER_SEED=[-679292691564915143]-HASH=[14406DE394EC7950]-cluster]}, ping_response{node [{node_t2}{7W0K19VeQ3mWkmMayGn_-g}{127.0.0.1}{127.0.0.1:30216}[mode=>network]], id[499], master [null], hasJoinedOnce [false], cluster_name[TEST-CHILD_VM=[1]-CLUSTER_SEED=[-679292691564915143]-HASH=[14406DE394EC7950]-cluster]}, ping_response{node [{node_t0}{qTbdcgJeRh2Uy6bs6C1q4w}{127.0.0.1}{127.0.0.1:30214}[mode=>network]], id[504], master [null], hasJoinedOnce [false], cluster_name[TEST-CHILD_VM=[1]-CLUSTER_SEED=[-679292691564915143]-HASH=[14406DE394EC7950]-cluster]}, ping_response{node [{node_t0}{qTbdcgJeRh2Uy6bs6C1q4w}{127.0.0.1}{127.0.0.1:30214}[mode=>network]], id[504], master [null], hasJoinedOnce [false], cluster_name[TEST-CHILD_VM=[1]-CLUSTER_SEED=[-679292691564915143]-HASH=[14406DE394EC7950]-cluster]}, ping_response{node [{node_t1}{bsMpG1IsShyUTBhL24QIAA}{127.0.0.1}{127.0.0.1:30215}[mode=>network]], id[511], master [null], hasJoinedOnce [false], cluster_name[TEST-CHILD_VM=[1]-CLUSTER_SEED=[-679292691564915143]-HASH=[14406DE394EC7950]-cluster]}, ping_response{node [{node_t1}{bsMpG1IsShyUTBhL24QIAA}{127.0.0.1}{127.0.0.1:30215}[mode=>network]], id[511], master [null], hasJoinedOnce [false], cluster_name[TEST-CHILD_VM=[1]-CLUSTER_SEED=[-679292691564915143]-HASH=[14406DE394EC7950]-cluster]}, ping_response{node [{node_t2}{7W0K19VeQ3mWkmMayGn_-g}{127.0.0.1}{127.0.0.1:30216}[mode=>network]], id[518], master [null], hasJoinedOnce [false], cluster_name[TEST-CHILD_VM=[1]-CLUSTER_SEED=[-679292691564915143]-HASH=[14406DE394EC7950]-cluster]}, ping_response{node [{node_t2}{7W0K19VeQ3mWkmMayGn_-g}{127.0.0.1}{127.0.0.1:30216}[mode=>network]], id[518], master [null], hasJoinedOnce [false], cluster_name[TEST-CHILD_VM=[1]-CLUSTER_SEED=[-679292691564915143]-HASH=[14406DE394EC7950]-cluster]}, ping_response{node [{node_t0}{qTbdcgJeRh2Uy6bs6C1q4w}{127.0.0.1}{127.0.0.1:30214}[mode=>network]], id[525], master [null], hasJoinedOnce [false], cluster_name[TEST-CHILD_VM=[1]-CLUSTER_SEED=[-679292691564915143]-HASH=[14406DE394EC7950]-cluster]}, ping_response{node [{node_t0}{qTbdcgJeRh2Uy6bs6C1q4w}{127.0.0.1}{127.0.0.1:30214}[mode=>network]], id[525], master [null], hasJoinedOnce [false], cluster_name[TEST-CHILD_VM=[1]-CLUSTER_SEED=[-679292691564915143]-HASH=[14406DE394EC7950]-cluster]}, ping_response{node [{node_t1}{bsMpG1IsShyUTBhL24QIAA}{127.0.0.1}{127.0.0.1:30215}[mode=>network]], id[532], master [null], hasJoinedOnce [false], cluster_name[TEST-CHILD_VM=[1]-CLUSTER_SEED=[-679292691564915143]-HASH=[14406DE394EC7950]-cluster]}, ping_response{node [{node_t1}{bsMpG1IsShyUTBhL24QIAA}{127.0.0.1}{127.0.0.1:30215}[mode=>network]], id[532], master [null], hasJoinedOnce [false], cluster_name[TEST-CHILD_VM=[1]-CLUSTER_SEED=[-679292691564915143]-HASH=[14406DE394EC7950]-cluster]}, ping_response{node [{node_t2}{7W0K19VeQ3mWkmMayGn_-g}{127.0.0.1}{127.0.0.1:30216}[mode=>network]], id[539], master [null], hasJoinedOnce [false], cluster_name[TEST-CHILD_VM=[1]-CLUSTER_SEED=[-679292691564915143]-HASH=[14406DE394EC7950]-cluster]}, ping_response{node [{node_t2}{7W0K19VeQ3mWkmMayGn_-g}{127.0.0.1}{127.0.0.1:30216}[mode=>network]], id[539], master [null], hasJoinedOnce [false], cluster_name[TEST-CHILD_VM=[1]-CLUSTER_SEED=[-679292691564915143]-HASH=[14406DE394EC7950]-cluster]}, ping_response{node [{node_t1}{bsMpG1IsShyUTBhL24QIAA}{127.0.0.1}{127.0.0.1:30215}[mode=>network]], id[544], master [null], hasJoinedOnce [false], cluster_name[TEST-CHILD_VM=[1]-CLUSTER_SEED=[-679292691564915143]-HASH=[14406DE394EC7950]-cluster]}]
[2016-03-29 17:31:46,627][TRACE][org.elasticsearch.discovery.zen.ping.unicast] [node_t2] [1] received response from {node_t0}{qTbdcgJeRh2Uy6bs6C1q4w}{127.0.0.1}{127.0.0.1:30214}[mode=>network]: [ping_response{node [{node_t0}{qTbdcgJeRh2Uy6bs6C1q4w}{127.0.0.1}{127.0.0.1:30214}[mode=>network]], id[492], master [null], hasJoinedOnce [false], cluster_name[TEST-CHILD_VM=[1]-CLUSTER_SEED=[-679292691564915143]-HASH=[14406DE394EC7950]-cluster]}, ping_response{node [{node_t0}{qTbdcgJeRh2Uy6bs6C1q4w}{127.0.0.1}{127.0.0.1:30214}[mode=>network]], id[492], master [null], hasJoinedOnce [false], cluster_name[TEST-CHILD_VM=[1]-CLUSTER_SEED=[-679292691564915143]-HASH=[14406DE394EC7950]-cluster]}, ping_response{node [{node_t1}{bsMpG1IsShyUTBhL24QIAA}{127.0.0.1}{127.0.0.1:30215}[mode=>network]], id[495], master [null], hasJoinedOnce [false], cluster_name[TEST-CHILD_VM=[1]-CLUSTER_SEED=[-679292691564915143]-HASH=[14406DE394EC7950]-cluster]}, ping_response{node [{node_t2}{7W0K19VeQ3mWkmMayGn_-g}{127.0.0.1}{127.0.0.1:30216}[mode=>network]], id[499], master [null], hasJoinedOnce [false], cluster_name[TEST-CHILD_VM=[1]-CLUSTER_SEED=[-679292691564915143]-HASH=[14406DE394EC7950]-cluster]}, ping_response{node [{node_t0}{qTbdcgJeRh2Uy6bs6C1q4w}{127.0.0.1}{127.0.0.1:30214}[mode=>network]], id[504], master [null], hasJoinedOnce [false], cluster_name[TEST-CHILD_VM=[1]-CLUSTER_SEED=[-679292691564915143]-HASH=[14406DE394EC7950]-cluster]}, ping_response{node [{node_t0}{qTbdcgJeRh2Uy6bs6C1q4w}{127.0.0.1}{127.0.0.1:30214}[mode=>network]], id[504], master [null], hasJoinedOnce [false], cluster_name[TEST-CHILD_VM=[1]-CLUSTER_SEED=[-679292691564915143]-HASH=[14406DE394EC7950]-cluster]}, ping_response{node [{node_t1}{bsMpG1IsShyUTBhL24QIAA}{127.0.0.1}{127.0.0.1:30215}[mode=>network]], id[511], master [null], hasJoinedOnce [false], cluster_name[TEST-CHILD_VM=[1]-CLUSTER_SEED=[-679292691564915143]-HASH=[14406DE394EC7950]-cluster]}, ping_response{node [{node_t1}{bsMpG1IsShyUTBhL24QIAA}{127.0.0.1}{127.0.0.1:30215}[mode=>network]], id[511], master [null], hasJoinedOnce [false], cluster_name[TEST-CHILD_VM=[1]-CLUSTER_SEED=[-679292691564915143]-HASH=[14406DE394EC7950]-cluster]}, ping_response{node [{node_t2}{7W0K19VeQ3mWkmMayGn_-g}{127.0.0.1}{127.0.0.1:30216}[mode=>network]], id[518], master [null], hasJoinedOnce [false], cluster_name[TEST-CHILD_VM=[1]-CLUSTER_SEED=[-679292691564915143]-HASH=[14406DE394EC7950]-cluster]}, ping_response{node [{node_t2}{7W0K19VeQ3mWkmMayGn_-g}{127.0.0.1}{127.0.0.1:30216}[mode=>network]], id[518], master [null], hasJoinedOnce [false], cluster_name[TEST-CHILD_VM=[1]-CLUSTER_SEED=[-679292691564915143]-HASH=[14406DE394EC7950]-cluster]}, ping_response{node [{node_t0}{qTbdcgJeRh2Uy6bs6C1q4w}{127.0.0.1}{127.0.0.1:30214}[mode=>network]], id[525], master [null], hasJoinedOnce [false], cluster_name[TEST-CHILD_VM=[1]-CLUSTER_SEED=[-679292691564915143]-HASH=[14406DE394EC7950]-cluster]}, ping_response{node [{node_t0}{qTbdcgJeRh2Uy6bs6C1q4w}{127.0.0.1}{127.0.0.1:30214}[mode=>network]], id[525], master [null], hasJoinedOnce [false], cluster_name[TEST-CHILD_VM=[1]-CLUSTER_SEED=[-679292691564915143]-HASH=[14406DE394EC7950]-cluster]}, ping_response{node [{node_t1}{bsMpG1IsShyUTBhL24QIAA}{127.0.0.1}{127.0.0.1:30215}[mode=>network]], id[532], master [null], hasJoinedOnce [false], cluster_name[TEST-CHILD_VM=[1]-CLUSTER_SEED=[-679292691564915143]-HASH=[14406DE394EC7950]-cluster]}, ping_response{node [{node_t1}{bsMpG1IsShyUTBhL24QIAA}{127.0.0.1}{127.0.0.1:30215}[mode=>network]], id[532], master [null], hasJoinedOnce [false], cluster_name[TEST-CHILD_VM=[1]-CLUSTER_SEED=[-679292691564915143]-HASH=[14406DE394EC7950]-cluster]}, ping_response{node [{node_t2}{7W0K19VeQ3mWkmMayGn_-g}{127.0.0.1}{127.0.0.1:30216}[mode=>network]], id[539], master [null], hasJoinedOnce [false], cluster_name[TEST-CHILD_VM=[1]-CLUSTER_SEED=[-679292691564915143]-HASH=[14406DE394EC7950]-cluster]}, ping_response{node [{node_t2}{7W0K19VeQ3mWkmMayGn_-g}{127.0.0.1}{127.0.0.1:30216}[mode=>network]], id[539], master [null], hasJoinedOnce [false], cluster_name[TEST-CHILD_VM=[1]-CLUSTER_SEED=[-679292691564915143]-HASH=[14406DE394EC7950]-cluster]}, ping_response{node [{node_t0}{qTbdcgJeRh2Uy6bs6C1q4w}{127.0.0.1}{127.0.0.1:30214}[mode=>network]], id[545], master [null], hasJoinedOnce [false], cluster_name[TEST-CHILD_VM=[1]-CLUSTER_SEED=[-679292691564915143]-HASH=[14406DE394EC7950]-cluster]}]
[2016-03-29 17:31:46,628][TRACE][org.elasticsearch.discovery.zen.ping.unicast] [node_t2] [1] disconnecting from {#zen_unicast_2#}{127.0.0.1}{127.0.0.1:30215}
[2016-03-29 17:31:46,628][TRACE][org.elasticsearch.discovery.zen] [node_t2] full ping responses:
	--> ping_response{node [{node_t1}{bsMpG1IsShyUTBhL24QIAA}{127.0.0.1}{127.0.0.1:30215}[mode=>network]], id[544], master [null], hasJoinedOnce [false], cluster_name[TEST-CHILD_VM=[1]-CLUSTER_SEED=[-679292691564915143]-HASH=[14406DE394EC7950]-cluster]}
	--> ping_response{node [{node_t0}{qTbdcgJeRh2Uy6bs6C1q4w}{127.0.0.1}{127.0.0.1:30214}[mode=>network]], id[545], master [null], hasJoinedOnce [false], cluster_name[TEST-CHILD_VM=[1]-CLUSTER_SEED=[-679292691564915143]-HASH=[14406DE394EC7950]-cluster]}
[2016-03-29 17:31:46,628][DEBUG][org.elasticsearch.discovery.zen] [node_t2] filtered ping responses: (filter_client[true], filter_data[false])
	--> ping_response{node [{node_t1}{bsMpG1IsShyUTBhL24QIAA}{127.0.0.1}{127.0.0.1:30215}[mode=>network]], id[544], master [null], hasJoinedOnce [false], cluster_name[TEST-CHILD_VM=[1]-CLUSTER_SEED=[-679292691564915143]-HASH=[14406DE394EC7950]-cluster]}
	--> ping_response{node [{node_t0}{qTbdcgJeRh2Uy6bs6C1q4w}{127.0.0.1}{127.0.0.1:30214}[mode=>network]], id[545], master [null], hasJoinedOnce [false], cluster_name[TEST-CHILD_VM=[1]-CLUSTER_SEED=[-679292691564915143]-HASH=[14406DE394EC7950]-cluster]}
[2016-03-29 17:31:46,628][DEBUG][org.elasticsearch.discovery.zen] [node_t2] elected as master, waiting for incoming joins ([1] needed)
[2016-03-29 17:31:46,628][TRACE][org.elasticsearch.discovery.zen.ping.unicast] [node_t2] [1] disconnecting from {#zen_unicast_1#}{127.0.0.1}{127.0.0.1:30214}
[2016-03-29 17:31:46,628][TRACE][org.elasticsearch.discovery.zen.ping.unicast] [node_t2] [1] disconnecting from {#zen_unicast_4_bsMpG1IsShyUTBhL24QIAA#}{127.0.0.1}{127.0.0.1:30215}[mode=>network]
[2016-03-29 17:31:46,628][TRACE][org.elasticsearch.discovery.zen.ping.unicast] [node_t2] [1] disconnecting from {#zen_unicast_5_qTbdcgJeRh2Uy6bs6C1q4w#}{127.0.0.1}{127.0.0.1:30214}[mode=>network]
[2016-03-29 17:31:46,629][DEBUG][org.elasticsearch.discovery.zen.publish] [node_t1] received full cluster state version [1] with size [323]
[2016-03-29 17:31:46,629][DEBUG][org.elasticsearch.discovery.zen.publish] [node_t0] received full cluster state version [1] with size [323]
[2016-03-29 17:31:46,629][TRACE][org.elasticsearch.discovery.zen.publish] [node_t2] master node {node_t1}{bsMpG1IsShyUTBhL24QIAA}{127.0.0.1}{127.0.0.1:30215}[mode=>network] acked cluster state version [1]. processing ... (current pending [2], needed [1])
[2016-03-29 17:31:46,629][TRACE][org.elasticsearch.discovery.zen.publish] [node_t2] committing version [1]
[2016-03-29 17:31:46,629][TRACE][org.elasticsearch.discovery.zen.publish] [node_t2] sending commit for cluster state (uuid: [9BuJekOHTDyqo0shzWBGfQ], version [1]) to [{node_t1}{bsMpG1IsShyUTBhL24QIAA}{127.0.0.1}{127.0.0.1:30215}[mode=>network]]
[2016-03-29 17:31:46,629][TRACE][org.elasticsearch.discovery.zen.publish] [node_t2] sending commit for cluster state (uuid: [9BuJekOHTDyqo0shzWBGfQ], version [1]) to [{node_t0}{qTbdcgJeRh2Uy6bs6C1q4w}{127.0.0.1}{127.0.0.1:30214}[mode=>network]]
[2016-03-29 17:31:46,629][DEBUG][org.elasticsearch.discovery.zen.fd] [node_t1] [master] restarting fault detection against master [{node_t2}{7W0K19VeQ3mWkmMayGn_-g}{127.0.0.1}{127.0.0.1:30216}[mode=>network]], reason [new cluster state received and we are monitoring the wrong master [null]]
[2016-03-29 17:31:46,630][DEBUG][org.elasticsearch.discovery.zen] [node_t1] got first state from fresh master [7W0K19VeQ3mWkmMayGn_-g]
[2016-03-29 17:31:46,630][TRACE][org.elasticsearch.discovery.zen] [node_t1] updated cluster join cluster to [1]
[2016-03-29 17:31:46,630][DEBUG][org.elasticsearch.discovery.zen.fd] [node_t0] [master] restarting fault detection against master [{node_t2}{7W0K19VeQ3mWkmMayGn_-g}{127.0.0.1}{127.0.0.1:30216}[mode=>network]], reason [new cluster state received and we are monitoring the wrong master [null]]
[2016-03-29 17:31:46,630][DEBUG][org.elasticsearch.discovery.zen] [node_t0] got first state from fresh master [7W0K19VeQ3mWkmMayGn_-g]
[2016-03-29 17:31:46,630][TRACE][org.elasticsearch.discovery.zen] [node_t0] updated cluster join cluster to [1]
[2016-03-29 17:31:46,632][TRACE][org.elasticsearch.discovery.zen] [node_t2] stopping join accumulation ([election closed])
[2016-03-29 17:31:46,632][TRACE][org.elasticsearch.discovery.zen] [node_t2] cluster joins counter set to [1] (elected as master)
[2016-03-29 17:31:46,632][TRACE][org.elasticsearch.action.admin.cluster.health] [node_t2] Calculating health based on state version [1]
[2016-03-29 17:31:46,633][TRACE][org.elasticsearch.action.admin.cluster.health] [node_t2] Calculating health based on state version [1]
[2016-03-29 17:31:46,633][TRACE][org.elasticsearch.action.admin.indices.stats] [node_t2] Error during transport action execution.
ClusterBlockException[blocked by: [SERVICE_UNAVAILABLE/1/state not recovered / initialized];]
	at org.elasticsearch.cluster.block.ClusterBlocks.globalBlockedException(ClusterBlocks.java:157)
	at org.elasticsearch.action.admin.indices.stats.TransportIndicesStatsAction.checkGlobalBlock(TransportIndicesStatsAction.java:70)
	at org.elasticsearch.action.admin.indices.stats.TransportIndicesStatsAction.checkGlobalBlock(TransportIndicesStatsAction.java:47)
	at org.elasticsearch.action.support.broadcast.node.TransportBroadcastByNodeAction$AsyncAction.<init>(TransportBroadcastByNodeAction.java:230)
	at org.elasticsearch.action.support.broadcast.node.TransportBroadcastByNodeAction.doExecute(TransportBroadcastByNodeAction.java:210)
	at org.elasticsearch.action.support.broadcast.node.TransportBroadcastByNodeAction.doExecute(TransportBroadcastByNodeAction.java:77)
	at org.elasticsearch.action.support.TransportAction.doExecute(TransportAction.java:113)
	at org.elasticsearch.action.support.TransportAction.execute(TransportAction.java:101)
	at org.elasticsearch.action.support.TransportAction.execute(TransportAction.java:74)
	at org.elasticsearch.cluster.InternalClusterInfoService.updateIndicesStats(InternalClusterInfoService.java:269)
	at org.elasticsearch.cluster.InternalClusterInfoService.refresh(InternalClusterInfoService.java:320)
	at org.elasticsearch.cluster.InternalClusterInfoService.maybeRefresh(InternalClusterInfoService.java:276)
	at org.elasticsearch.cluster.InternalClusterInfoService.lambda$onMaster$155(InternalClusterInfoService.java:135)
	at org.elasticsearch.cluster.InternalClusterInfoService$$Lambda$771/606592313.run(Unknown Source)
	at java.util.concurrent.ThreadPoolExecutor.runWorker(ThreadPoolExecutor.java:1142)
	at java.util.concurrent.ThreadPoolExecutor$Worker.run(ThreadPoolExecutor.java:617)
	at java.lang.Thread.run(Thread.java:745)
[2016-03-29 17:31:46,633][TRACE][org.elasticsearch.action.admin.cluster.state] [node_t2] Serving cluster state request using version 1
[2016-03-29 17:31:46,633][DEBUG][org.elasticsearch.discovery.zen.publish] [node_t0] received diff cluster state version [2] with uuid [gs77TZ_vSjesVc9AvE1v-Q], diff size [174]
[2016-03-29 17:31:46,633][DEBUG][org.elasticsearch.discovery.zen.publish] [node_t1] received diff cluster state version [2] with uuid [gs77TZ_vSjesVc9AvE1v-Q], diff size [174]
[2016-03-29 17:31:46,634][TRACE][org.elasticsearch.discovery.zen.publish] [node_t2] master node {node_t0}{qTbdcgJeRh2Uy6bs6C1q4w}{127.0.0.1}{127.0.0.1:30214}[mode=>network] acked cluster state version [2]. processing ... (current pending [2], needed [1])
[2016-03-29 17:31:46,634][TRACE][org.elasticsearch.discovery.zen.publish] [node_t2] committing version [2]
[2016-03-29 17:31:46,634][TRACE][org.elasticsearch.discovery.zen.publish] [node_t2] sending commit for cluster state (uuid: [gs77TZ_vSjesVc9AvE1v-Q], version [2]) to [{node_t0}{qTbdcgJeRh2Uy6bs6C1q4w}{127.0.0.1}{127.0.0.1:30214}[mode=>network]]
[2016-03-29 17:31:46,634][TRACE][org.elasticsearch.discovery.zen.publish] [node_t2] sending commit for cluster state (uuid: [gs77TZ_vSjesVc9AvE1v-Q], version [2]) to [{node_t1}{bsMpG1IsShyUTBhL24QIAA}{127.0.0.1}{127.0.0.1:30215}[mode=>network]]
[2016-03-29 17:31:46,634][DEBUG][org.elasticsearch.discovery.zen.publish] [node_t2] failed to commit cluster state (uuid [gs77TZ_vSjesVc9AvE1v-Q], version [2]) to {node_t0}{qTbdcgJeRh2Uy6bs6C1q4w}{127.0.0.1}{127.0.0.1:30214}[mode=>network]
SendRequestTransportException[[node_t0][127.0.0.1:30214][internal:discovery/zen/publish/commit]]; nested: ConnectTransportException[[node_t0][127.0.0.1:30214] DISCONNECT: simulated];
	at org.elasticsearch.transport.TransportService.sendRequest(TransportService.java:315)
	at org.elasticsearch.discovery.zen.publish.PublishClusterStateAction.sendCommitToNode(PublishClusterStateAction.java:304)
	at org.elasticsearch.discovery.zen.publish.PublishClusterStateAction.access$1200(PublishClusterStateAction.java:70)
	at org.elasticsearch.discovery.zen.publish.PublishClusterStateAction$SendingController.checkForCommitOrFailIfNoPending(PublishClusterStateAction.java:563)
	at org.elasticsearch.discovery.zen.publish.PublishClusterStateAction$SendingController.onNodeSendAck(PublishClusterStateAction.java:543)
	at org.elasticsearch.discovery.zen.publish.PublishClusterStateAction$1.handleResponse(PublishClusterStateAction.java:278)
	at org.elasticsearch.discovery.zen.publish.PublishClusterStateAction$1.handleResponse(PublishClusterStateAction.java:271)
	at org.elasticsearch.transport.netty.MessageChannelHandler.handleResponse(MessageChannelHandler.java:199)
	at org.elasticsearch.transport.netty.MessageChannelHandler.messageReceived(MessageChannelHandler.java:152)
	at org.jboss.netty.channel.SimpleChannelUpstreamHandler.handleUpstream(SimpleChannelUpstreamHandler.java:70)
	at org.jboss.netty.channel.DefaultChannelPipeline.sendUpstream(DefaultChannelPipeline.java:564)
	at org.jboss.netty.channel.DefaultChannelPipeline$DefaultChannelHandlerContext.sendUpstream(DefaultChannelPipeline.java:791)
	at org.jboss.netty.channel.Channels.fireMessageReceived(Channels.java:296)
	at org.jboss.netty.handler.codec.frame.FrameDecoder.unfoldAndFireMessageReceived(FrameDecoder.java:462)
	at org.jboss.netty.handler.codec.frame.FrameDecoder.callDecode(FrameDecoder.java:443)
	at org.jboss.netty.handler.codec.frame.FrameDecoder.messageReceived(FrameDecoder.java:303)
	at org.jboss.netty.channel.SimpleChannelUpstreamHandler.handleUpstream(SimpleChannelUpstreamHandler.java:70)
	at org.jboss.netty.channel.DefaultChannelPipeline.sendUpstream(DefaultChannelPipeline.java:564)
	at org.jboss.netty.channel.DefaultChannelPipeline.sendUpstream(DefaultChannelPipeline.java:559)
	at org.jboss.netty.channel.Channels.fireMessageReceived(Channels.java:268)
	at org.jboss.netty.channel.Channels.fireMessageReceived(Channels.java:255)
	at org.jboss.netty.channel.socket.nio.NioWorker.read(NioWorker.java:88)
	at org.jboss.netty.channel.socket.nio.AbstractNioWorker.process(AbstractNioWorker.java:108)
	at org.jboss.netty.channel.socket.nio.AbstractNioSelector.run(AbstractNioSelector.java:337)
	at org.jboss.netty.channel.socket.nio.AbstractNioWorker.run(AbstractNioWorker.java:89)
	at org.jboss.netty.channel.socket.nio.NioWorker.run(NioWorker.java:178)
	at org.jboss.netty.util.ThreadRenamingRunnable.run(ThreadRenamingRunnable.java:108)
	at org.jboss.netty.util.internal.DeadLockProofWorker$1.run(DeadLockProofWorker.java:42)
	at java.util.concurrent.ThreadPoolExecutor.runWorker(ThreadPoolExecutor.java:1142)
	at java.util.concurrent.ThreadPoolExecutor$Worker.run(ThreadPoolExecutor.java:617)
	at java.lang.Thread.run(Thread.java:745)
Caused by: ConnectTransportException[[node_t0][127.0.0.1:30214] DISCONNECT: simulated]
	at org.elasticsearch.test.transport.MockTransportService$1.sendRequest(MockTransportService.java:162)
	at org.elasticsearch.test.transport.MockTransportService$LookupTestTransport.sendRequest(MockTransportService.java:423)
	at org.elasticsearch.transport.TransportService.sendRequest(TransportService.java:304)
	... 30 more
[2016-03-29 17:31:46,638][TRACE][org.elasticsearch.action.admin.cluster.health] [node_t2] Calculating health based on state version [2]
[2016-03-29 17:31:46,638][TRACE][org.elasticsearch.action.admin.cluster.health] [node_t2] observer: sampled state rejected by predicate (version [2], status [APPLIED]). adding listener to ClusterService
[2016-03-29 17:31:46,638][TRACE][org.elasticsearch.action.admin.cluster.health] [node_t2] observer: postAdded - predicate rejected state (version [2], status [APPLIED])
[2016-03-29 17:31:47,630][TRACE][org.elasticsearch.discovery.zen.fd] [node_t2] [node  ] [{node_t0}{qTbdcgJeRh2Uy6bs6C1q4w}{127.0.0.1}{127.0.0.1:30214}[mode=>network]] transport disconnected
[2016-03-29 17:31:47,631][DEBUG][org.elasticsearch.discovery.zen.publish] [node_t1] received diff cluster state version [3] with uuid [7BD9lZmPTMGjyIUv4Nzj8w], diff size [281]
[2016-03-29 17:31:47,631][TRACE][org.elasticsearch.discovery.zen.publish] [node_t2] master node {node_t1}{bsMpG1IsShyUTBhL24QIAA}{127.0.0.1}{127.0.0.1:30215}[mode=>network] acked cluster state version [3]. processing ... (current pending [1], needed [1])
[2016-03-29 17:31:47,631][TRACE][org.elasticsearch.discovery.zen.publish] [node_t2] committing version [3]
[2016-03-29 17:31:47,631][TRACE][org.elasticsearch.discovery.zen.publish] [node_t2] sending commit for cluster state (uuid: [7BD9lZmPTMGjyIUv4Nzj8w], version [3]) to [{node_t1}{bsMpG1IsShyUTBhL24QIAA}{127.0.0.1}{127.0.0.1:30215}[mode=>network]]
[2016-03-29 17:31:47,632][TRACE][org.elasticsearch.action.admin.cluster.health] [node_t2] Calculating health based on state version [3]
[2016-03-29 17:31:47,632][TRACE][org.elasticsearch.action.admin.cluster.health] [node_t2] observer: accepting cluster state change (version [3], status [APPLIED])
[2016-03-29 17:31:47,632][TRACE][org.elasticsearch.action.admin.cluster.health] [node_t2] Calculating health based on state version [3]
[2016-03-29 17:31:47,632][TRACE][org.elasticsearch.action.admin.cluster.state] [node_t0] Serving cluster state request using version 1
[2016-03-29 17:31:47,634][TRACE][org.elasticsearch.action.admin.cluster.state] [node_t0] Serving cluster state request using version 1
[2016-03-29 17:31:47,634][TRACE][org.elasticsearch.discovery.zen.fd] [node_t2] checking ping from [qTbdcgJeRh2Uy6bs6C1q4w] under a cluster state thread
[2016-03-29 17:31:47,636][TRACE][org.elasticsearch.action.admin.cluster.state] [node_t0] Serving cluster state request using version 1
[2016-03-29 17:31:47,637][TRACE][org.elasticsearch.discovery.zen.fd] [node_t0] [master] failed to ping [{node_t2}{7W0K19VeQ3mWkmMayGn_-g}{127.0.0.1}{127.0.0.1:30216}[mode=>network]], retry [1] out of [1]
RemoteTransportException[[node_t2][127.0.0.1:30216][internal:discovery/zen/fd/master_ping]]; nested: IllegalStateException;
Caused by: java.lang.IllegalStateException
[2016-03-29 17:31:47,637][DEBUG][org.elasticsearch.discovery.zen.fd] [node_t0] [master] failed to ping [{node_t2}{7W0K19VeQ3mWkmMayGn_-g}{127.0.0.1}{127.0.0.1:30216}[mode=>network]], tried [1] times, each with maximum [1s] timeout
[2016-03-29 17:31:47,637][DEBUG][org.elasticsearch.discovery.zen.fd] [node_t0] [master] stopping fault detection against master [{node_t2}{7W0K19VeQ3mWkmMayGn_-g}{127.0.0.1}{127.0.0.1:30216}[mode=>network]], reason [master failure, failed to ping, tried [1] times, each with  maximum [1s] timeout]
[2016-03-29 17:31:47,637][INFO ][org.elasticsearch.discovery.zen] [node_t0] master_left [{node_t2}{7W0K19VeQ3mWkmMayGn_-g}{127.0.0.1}{127.0.0.1:30216}[mode=>network]], reason [failed to ping, tried [1] times, each with  maximum [1s] timeout]
[2016-03-29 17:31:47,637][WARN ][org.elasticsearch.discovery.zen] [node_t0] master left (reason = failed to ping, tried [1] times, each with  maximum [1s] timeout), current nodes: {{node_t0}{qTbdcgJeRh2Uy6bs6C1q4w}{127.0.0.1}{127.0.0.1:30214}[mode=>network],{node_t1}{bsMpG1IsShyUTBhL24QIAA}{127.0.0.1}{127.0.0.1:30215}[mode=>network],}
[2016-03-29 17:31:47,637][TRACE][org.elasticsearch.discovery.zen] [node_t0] starting to accumulate joins
[2016-03-29 17:31:47,637][TRACE][org.elasticsearch.discovery.zen] [node_t0] starting to ping
[2016-03-29 17:31:47,637][TRACE][org.elasticsearch.discovery.zen.ping.unicast] [node_t0] [2] sending to {node_t0}{qTbdcgJeRh2Uy6bs6C1q4w}{127.0.0.1}{127.0.0.1:30214}[mode=>network]
[2016-03-29 17:31:47,637][TRACE][org.elasticsearch.discovery.zen.ping.unicast] [node_t0] [2] received response from {node_t0}{qTbdcgJeRh2Uy6bs6C1q4w}{127.0.0.1}{127.0.0.1:30214}[mode=>network]: [ping_response{node [{node_t0}{qTbdcgJeRh2Uy6bs6C1q4w}{127.0.0.1}{127.0.0.1:30214}[mode=>network]], id[546], master [null], hasJoinedOnce [true], cluster_name[TEST-CHILD_VM=[1]-CLUSTER_SEED=[-679292691564915143]-HASH=[14406DE394EC7950]-cluster]}, ping_response{node [{node_t0}{qTbdcgJeRh2Uy6bs6C1q4w}{127.0.0.1}{127.0.0.1:30214}[mode=>network]], id[547], master [null], hasJoinedOnce [true], cluster_name[TEST-CHILD_VM=[1]-CLUSTER_SEED=[-679292691564915143]-HASH=[14406DE394EC7950]-cluster]}]
[2016-03-29 17:31:47,638][TRACE][org.elasticsearch.discovery.zen.ping.unicast] [node_t0] [2] sending to {node_t1}{bsMpG1IsShyUTBhL24QIAA}{127.0.0.1}{127.0.0.1:30215}[mode=>network]
[2016-03-29 17:31:47,638][TRACE][org.elasticsearch.discovery.zen.ping.unicast] [node_t0] [2] sending to {node_t1}{bsMpG1IsShyUTBhL24QIAA}{127.0.0.1}{127.0.0.1:30215}[mode=>network]
[2016-03-29 17:31:47,638][TRACE][org.elasticsearch.discovery.zen.ping.unicast] [node_t0] [2] connecting (light) to {#zen_unicast_3#}{127.0.0.1}{127.0.0.1:30216}
[2016-03-29 17:31:47,638][TRACE][org.elasticsearch.discovery.zen.ping.unicast] [node_t0] [2] sending to {node_t0}{qTbdcgJeRh2Uy6bs6C1q4w}{127.0.0.1}{127.0.0.1:30214}[mode=>network]
[2016-03-29 17:31:47,638][TRACE][org.elasticsearch.discovery.zen.ping.unicast] [node_t0] [2] received response from {node_t0}{qTbdcgJeRh2Uy6bs6C1q4w}{127.0.0.1}{127.0.0.1:30214}[mode=>network]: [ping_response{node [{node_t0}{qTbdcgJeRh2Uy6bs6C1q4w}{127.0.0.1}{127.0.0.1:30214}[mode=>network]], id[546], master [null], hasJoinedOnce [true], cluster_name[TEST-CHILD_VM=[1]-CLUSTER_SEED=[-679292691564915143]-HASH=[14406DE394EC7950]-cluster]}, ping_response{node [{node_t0}{qTbdcgJeRh2Uy6bs6C1q4w}{127.0.0.1}{127.0.0.1:30214}[mode=>network]], id[546], master [null], hasJoinedOnce [true], cluster_name[TEST-CHILD_VM=[1]-CLUSTER_SEED=[-679292691564915143]-HASH=[14406DE394EC7950]-cluster]}, ping_response{node [{node_t0}{qTbdcgJeRh2Uy6bs6C1q4w}{127.0.0.1}{127.0.0.1:30214}[mode=>network]], id[548], master [null], hasJoinedOnce [true], cluster_name[TEST-CHILD_VM=[1]-CLUSTER_SEED=[-679292691564915143]-HASH=[14406DE394EC7950]-cluster]}]
[2016-03-29 17:31:47,638][TRACE][org.elasticsearch.discovery.zen.ping.unicast] [node_t0] [2] received response from {node_t1}{bsMpG1IsShyUTBhL24QIAA}{127.0.0.1}{127.0.0.1:30215}[mode=>network]: [ping_response{node [{node_t0}{qTbdcgJeRh2Uy6bs6C1q4w}{127.0.0.1}{127.0.0.1:30214}[mode=>network]], id[546], master [null], hasJoinedOnce [true], cluster_name[TEST-CHILD_VM=[1]-CLUSTER_SEED=[-679292691564915143]-HASH=[14406DE394EC7950]-cluster]}, ping_response{node [{node_t1}{bsMpG1IsShyUTBhL24QIAA}{127.0.0.1}{127.0.0.1:30215}[mode=>network]], id[549], master [{node_t2}{7W0K19VeQ3mWkmMayGn_-g}{127.0.0.1}{127.0.0.1:30216}[mode=>network]], hasJoinedOnce [true], cluster_name[TEST-CHILD_VM=[1]-CLUSTER_SEED=[-679292691564915143]-HASH=[14406DE394EC7950]-cluster]}]
[2016-03-29 17:31:47,638][TRACE][org.elasticsearch.discovery.zen.ping.unicast] [node_t0] [2] received response from {node_t1}{bsMpG1IsShyUTBhL24QIAA}{127.0.0.1}{127.0.0.1:30215}[mode=>network]: [ping_response{node [{node_t0}{qTbdcgJeRh2Uy6bs6C1q4w}{127.0.0.1}{127.0.0.1:30214}[mode=>network]], id[546], master [null], hasJoinedOnce [true], cluster_name[TEST-CHILD_VM=[1]-CLUSTER_SEED=[-679292691564915143]-HASH=[14406DE394EC7950]-cluster]}, ping_response{node [{node_t0}{qTbdcgJeRh2Uy6bs6C1q4w}{127.0.0.1}{127.0.0.1:30214}[mode=>network]], id[546], master [null], hasJoinedOnce [true], cluster_name[TEST-CHILD_VM=[1]-CLUSTER_SEED=[-679292691564915143]-HASH=[14406DE394EC7950]-cluster]}, ping_response{node [{node_t1}{bsMpG1IsShyUTBhL24QIAA}{127.0.0.1}{127.0.0.1:30215}[mode=>network]], id[550], master [{node_t2}{7W0K19VeQ3mWkmMayGn_-g}{127.0.0.1}{127.0.0.1:30216}[mode=>network]], hasJoinedOnce [true], cluster_name[TEST-CHILD_VM=[1]-CLUSTER_SEED=[-679292691564915143]-HASH=[14406DE394EC7950]-cluster]}]
[2016-03-29 17:31:47,645][TRACE][org.elasticsearch.discovery.zen.ping.unicast] [node_t0] [2] connected to {#zen_unicast_3#}{127.0.0.1}{127.0.0.1:30216}
[2016-03-29 17:31:47,645][TRACE][org.elasticsearch.discovery.zen.ping.unicast] [node_t0] [2] sending to {#zen_unicast_3#}{127.0.0.1}{127.0.0.1:30216}
[2016-03-29 17:31:47,645][TRACE][org.elasticsearch.discovery.zen.ping.unicast] [node_t0] [2] received response from {#zen_unicast_3#}{127.0.0.1}{127.0.0.1:30216}: [ping_response{node [{node_t0}{qTbdcgJeRh2Uy6bs6C1q4w}{127.0.0.1}{127.0.0.1:30214}[mode=>network]], id[546], master [null], hasJoinedOnce [true], cluster_name[TEST-CHILD_VM=[1]-CLUSTER_SEED=[-679292691564915143]-HASH=[14406DE394EC7950]-cluster]}, ping_response{node [{node_t2}{7W0K19VeQ3mWkmMayGn_-g}{127.0.0.1}{127.0.0.1:30216}[mode=>network]], id[551], master [{node_t2}{7W0K19VeQ3mWkmMayGn_-g}{127.0.0.1}{127.0.0.1:30216}[mode=>network]], hasJoinedOnce [true], cluster_name[TEST-CHILD_VM=[1]-CLUSTER_SEED=[-679292691564915143]-HASH=[14406DE394EC7950]-cluster]}]
[2016-03-29 17:31:47,649][TRACE][org.elasticsearch.action.admin.cluster.state] [node_t0] Serving cluster state request using version 1
[2016-03-29 17:31:47,649][DEBUG][org.elasticsearch.action.admin.cluster.health] [node_t0] no known master node, scheduling a retry
[2016-03-29 17:31:47,649][TRACE][org.elasticsearch.action.admin.cluster.health] [node_t0] observer: sampled state rejected by predicate (version [1], status [APPLIED]). adding listener to ClusterService
[2016-03-29 17:31:47,649][TRACE][org.elasticsearch.action.admin.cluster.health] [node_t0] observer: postAdded - predicate rejected state (version [1], status [APPLIED])
[2016-03-29 17:31:49,143][TRACE][org.elasticsearch.discovery.zen.ping.unicast] [node_t0] [2] sending to {node_t0}{qTbdcgJeRh2Uy6bs6C1q4w}{127.0.0.1}{127.0.0.1:30214}[mode=>network]
[2016-03-29 17:31:49,143][TRACE][org.elasticsearch.discovery.zen.ping.unicast] [node_t0] [2] received response from {node_t0}{qTbdcgJeRh2Uy6bs6C1q4w}{127.0.0.1}{127.0.0.1:30214}[mode=>network]: [ping_response{node [{node_t0}{qTbdcgJeRh2Uy6bs6C1q4w}{127.0.0.1}{127.0.0.1:30214}[mode=>network]], id[546], master [null], hasJoinedOnce [true], cluster_name[TEST-CHILD_VM=[1]-CLUSTER_SEED=[-679292691564915143]-HASH=[14406DE394EC7950]-cluster]}, ping_response{node [{node_t0}{qTbdcgJeRh2Uy6bs6C1q4w}{127.0.0.1}{127.0.0.1:30214}[mode=>network]], id[546], master [null], hasJoinedOnce [true], cluster_name[TEST-CHILD_VM=[1]-CLUSTER_SEED=[-679292691564915143]-HASH=[14406DE394EC7950]-cluster]}, ping_response{node [{node_t0}{qTbdcgJeRh2Uy6bs6C1q4w}{127.0.0.1}{127.0.0.1:30214}[mode=>network]], id[552], master [null], hasJoinedOnce [true], cluster_name[TEST-CHILD_VM=[1]-CLUSTER_SEED=[-679292691564915143]-HASH=[14406DE394EC7950]-cluster]}, ping_response{node [{node_t0}{qTbdcgJeRh2Uy6bs6C1q4w}{127.0.0.1}{127.0.0.1:30214}[mode=>network]], id[553], master [null], hasJoinedOnce [true], cluster_name[TEST-CHILD_VM=[1]-CLUSTER_SEED=[-679292691564915143]-HASH=[14406DE394EC7950]-cluster]}]
[2016-03-29 17:31:49,143][TRACE][org.elasticsearch.discovery.zen.ping.unicast] [node_t0] [2] sending to {node_t1}{bsMpG1IsShyUTBhL24QIAA}{127.0.0.1}{127.0.0.1:30215}[mode=>network]
[2016-03-29 17:31:49,143][TRACE][org.elasticsearch.discovery.zen.ping.unicast] [node_t0] [2] sending to {#zen_unicast_3#}{127.0.0.1}{127.0.0.1:30216}
[2016-03-29 17:31:49,143][TRACE][org.elasticsearch.discovery.zen.ping.unicast] [node_t0] [2] sending to {node_t1}{bsMpG1IsShyUTBhL24QIAA}{127.0.0.1}{127.0.0.1:30215}[mode=>network]
[2016-03-29 17:31:49,143][TRACE][org.elasticsearch.discovery.zen.ping.unicast] [node_t0] [2] sending to {node_t0}{qTbdcgJeRh2Uy6bs6C1q4w}{127.0.0.1}{127.0.0.1:30214}[mode=>network]
[2016-03-29 17:31:49,144][TRACE][org.elasticsearch.discovery.zen.ping.unicast] [node_t0] [2] received response from {node_t0}{qTbdcgJeRh2Uy6bs6C1q4w}{127.0.0.1}{127.0.0.1:30214}[mode=>network]: [ping_response{node [{node_t0}{qTbdcgJeRh2Uy6bs6C1q4w}{127.0.0.1}{127.0.0.1:30214}[mode=>network]], id[546], master [null], hasJoinedOnce [true], cluster_name[TEST-CHILD_VM=[1]-CLUSTER_SEED=[-679292691564915143]-HASH=[14406DE394EC7950]-cluster]}, ping_response{node [{node_t0}{qTbdcgJeRh2Uy6bs6C1q4w}{127.0.0.1}{127.0.0.1:30214}[mode=>network]], id[546], master [null], hasJoinedOnce [true], cluster_name[TEST-CHILD_VM=[1]-CLUSTER_SEED=[-679292691564915143]-HASH=[14406DE394EC7950]-cluster]}, ping_response{node [{node_t0}{qTbdcgJeRh2Uy6bs6C1q4w}{127.0.0.1}{127.0.0.1:30214}[mode=>network]], id[552], master [null], hasJoinedOnce [true], cluster_name[TEST-CHILD_VM=[1]-CLUSTER_SEED=[-679292691564915143]-HASH=[14406DE394EC7950]-cluster]}, ping_response{node [{node_t0}{qTbdcgJeRh2Uy6bs6C1q4w}{127.0.0.1}{127.0.0.1:30214}[mode=>network]], id[552], master [null], hasJoinedOnce [true], cluster_name[TEST-CHILD_VM=[1]-CLUSTER_SEED=[-679292691564915143]-HASH=[14406DE394EC7950]-cluster]}, ping_response{node [{node_t0}{qTbdcgJeRh2Uy6bs6C1q4w}{127.0.0.1}{127.0.0.1:30214}[mode=>network]], id[554], master [null], hasJoinedOnce [true], cluster_name[TEST-CHILD_VM=[1]-CLUSTER_SEED=[-679292691564915143]-HASH=[14406DE394EC7950]-cluster]}]
[2016-03-29 17:31:49,144][TRACE][org.elasticsearch.discovery.zen.ping.unicast] [node_t0] [2] received response from {#zen_unicast_3#}{127.0.0.1}{127.0.0.1:30216}: [ping_response{node [{node_t0}{qTbdcgJeRh2Uy6bs6C1q4w}{127.0.0.1}{127.0.0.1:30214}[mode=>network]], id[546], master [null], hasJoinedOnce [true], cluster_name[TEST-CHILD_VM=[1]-CLUSTER_SEED=[-679292691564915143]-HASH=[14406DE394EC7950]-cluster]}, ping_response{node [{node_t0}{qTbdcgJeRh2Uy6bs6C1q4w}{127.0.0.1}{127.0.0.1:30214}[mode=>network]], id[552], master [null], hasJoinedOnce [true], cluster_name[TEST-CHILD_VM=[1]-CLUSTER_SEED=[-679292691564915143]-HASH=[14406DE394EC7950]-cluster]}, ping_response{node [{node_t2}{7W0K19VeQ3mWkmMayGn_-g}{127.0.0.1}{127.0.0.1:30216}[mode=>network]], id[555], master [{node_t2}{7W0K19VeQ3mWkmMayGn_-g}{127.0.0.1}{127.0.0.1:30216}[mode=>network]], hasJoinedOnce [true], cluster_name[TEST-CHILD_VM=[1]-CLUSTER_SEED=[-679292691564915143]-HASH=[14406DE394EC7950]-cluster]}]
[2016-03-29 17:31:49,144][TRACE][org.elasticsearch.discovery.zen.ping.unicast] [node_t0] [2] received response from {node_t1}{bsMpG1IsShyUTBhL24QIAA}{127.0.0.1}{127.0.0.1:30215}[mode=>network]: [ping_response{node [{node_t0}{qTbdcgJeRh2Uy6bs6C1q4w}{127.0.0.1}{127.0.0.1:30214}[mode=>network]], id[546], master [null], hasJoinedOnce [true], cluster_name[TEST-CHILD_VM=[1]-CLUSTER_SEED=[-679292691564915143]-HASH=[14406DE394EC7950]-cluster]}, ping_response{node [{node_t0}{qTbdcgJeRh2Uy6bs6C1q4w}{127.0.0.1}{127.0.0.1:30214}[mode=>network]], id[546], master [null], hasJoinedOnce [true], cluster_name[TEST-CHILD_VM=[1]-CLUSTER_SEED=[-679292691564915143]-HASH=[14406DE394EC7950]-cluster]}, ping_response{node [{node_t0}{qTbdcgJeRh2Uy6bs6C1q4w}{127.0.0.1}{127.0.0.1:30214}[mode=>network]], id[552], master [null], hasJoinedOnce [true], cluster_name[TEST-CHILD_VM=[1]-CLUSTER_SEED=[-679292691564915143]-HASH=[14406DE394EC7950]-cluster]}, ping_response{node [{node_t0}{qTbdcgJeRh2Uy6bs6C1q4w}{127.0.0.1}{127.0.0.1:30214}[mode=>network]], id[552], master [null], hasJoinedOnce [true], cluster_name[TEST-CHILD_VM=[1]-CLUSTER_SEED=[-679292691564915143]-HASH=[14406DE394EC7950]-cluster]}, ping_response{node [{node_t1}{bsMpG1IsShyUTBhL24QIAA}{127.0.0.1}{127.0.0.1:30215}[mode=>network]], id[557], master [{node_t2}{7W0K19VeQ3mWkmMayGn_-g}{127.0.0.1}{127.0.0.1:30216}[mode=>network]], hasJoinedOnce [true], cluster_name[TEST-CHILD_VM=[1]-CLUSTER_SEED=[-679292691564915143]-HASH=[14406DE394EC7950]-cluster]}]
[2016-03-29 17:31:49,144][TRACE][org.elasticsearch.discovery.zen.ping.unicast] [node_t0] [2] received response from {node_t1}{bsMpG1IsShyUTBhL24QIAA}{127.0.0.1}{127.0.0.1:30215}[mode=>network]: [ping_response{node [{node_t0}{qTbdcgJeRh2Uy6bs6C1q4w}{127.0.0.1}{127.0.0.1:30214}[mode=>network]], id[546], master [null], hasJoinedOnce [true], cluster_name[TEST-CHILD_VM=[1]-CLUSTER_SEED=[-679292691564915143]-HASH=[14406DE394EC7950]-cluster]}, ping_response{node [{node_t0}{qTbdcgJeRh2Uy6bs6C1q4w}{127.0.0.1}{127.0.0.1:30214}[mode=>network]], id[546], master [null], hasJoinedOnce [true], cluster_name[TEST-CHILD_VM=[1]-CLUSTER_SEED=[-679292691564915143]-HASH=[14406DE394EC7950]-cluster]}, ping_response{node [{node_t0}{qTbdcgJeRh2Uy6bs6C1q4w}{127.0.0.1}{127.0.0.1:30214}[mode=>network]], id[552], master [null], hasJoinedOnce [true], cluster_name[TEST-CHILD_VM=[1]-CLUSTER_SEED=[-679292691564915143]-HASH=[14406DE394EC7950]-cluster]}, ping_response{node [{node_t1}{bsMpG1IsShyUTBhL24QIAA}{127.0.0.1}{127.0.0.1:30215}[mode=>network]], id[556], master [{node_t2}{7W0K19VeQ3mWkmMayGn_-g}{127.0.0.1}{127.0.0.1:30216}[mode=>network]], hasJoinedOnce [true], cluster_name[TEST-CHILD_VM=[1]-CLUSTER_SEED=[-679292691564915143]-HASH=[14406DE394EC7950]-cluster]}]
[2016-03-29 17:31:50,644][TRACE][org.elasticsearch.discovery.zen.ping.unicast] [node_t0] [2] sending to {node_t0}{qTbdcgJeRh2Uy6bs6C1q4w}{127.0.0.1}{127.0.0.1:30214}[mode=>network]
[2016-03-29 17:31:50,644][TRACE][org.elasticsearch.discovery.zen.ping.unicast] [node_t0] [2] received response from {node_t0}{qTbdcgJeRh2Uy6bs6C1q4w}{127.0.0.1}{127.0.0.1:30214}[mode=>network]: [ping_response{node [{node_t0}{qTbdcgJeRh2Uy6bs6C1q4w}{127.0.0.1}{127.0.0.1:30214}[mode=>network]], id[546], master [null], hasJoinedOnce [true], cluster_name[TEST-CHILD_VM=[1]-CLUSTER_SEED=[-679292691564915143]-HASH=[14406DE394EC7950]-cluster]}, ping_response{node [{node_t0}{qTbdcgJeRh2Uy6bs6C1q4w}{127.0.0.1}{127.0.0.1:30214}[mode=>network]], id[546], master [null], hasJoinedOnce [true], cluster_name[TEST-CHILD_VM=[1]-CLUSTER_SEED=[-679292691564915143]-HASH=[14406DE394EC7950]-cluster]}, ping_response{node [{node_t0}{qTbdcgJeRh2Uy6bs6C1q4w}{127.0.0.1}{127.0.0.1:30214}[mode=>network]], id[552], master [null], hasJoinedOnce [true], cluster_name[TEST-CHILD_VM=[1]-CLUSTER_SEED=[-679292691564915143]-HASH=[14406DE394EC7950]-cluster]}, ping_response{node [{node_t0}{qTbdcgJeRh2Uy6bs6C1q4w}{127.0.0.1}{127.0.0.1:30214}[mode=>network]], id[552], master [null], hasJoinedOnce [true], cluster_name[TEST-CHILD_VM=[1]-CLUSTER_SEED=[-679292691564915143]-HASH=[14406DE394EC7950]-cluster]}, ping_response{node [{node_t0}{qTbdcgJeRh2Uy6bs6C1q4w}{127.0.0.1}{127.0.0.1:30214}[mode=>network]], id[558], master [null], hasJoinedOnce [true], cluster_name[TEST-CHILD_VM=[1]-CLUSTER_SEED=[-679292691564915143]-HASH=[14406DE394EC7950]-cluster]}, ping_response{node [{node_t0}{qTbdcgJeRh2Uy6bs6C1q4w}{127.0.0.1}{127.0.0.1:30214}[mode=>network]], id[559], master [null], hasJoinedOnce [true], cluster_name[TEST-CHILD_VM=[1]-CLUSTER_SEED=[-679292691564915143]-HASH=[14406DE394EC7950]-cluster]}]
[2016-03-29 17:31:50,645][TRACE][org.elasticsearch.discovery.zen.ping.unicast] [node_t0] [2] sending to {node_t1}{bsMpG1IsShyUTBhL24QIAA}{127.0.0.1}{127.0.0.1:30215}[mode=>network]
[2016-03-29 17:31:50,645][TRACE][org.elasticsearch.discovery.zen.ping.unicast] [node_t0] [2] sending to {#zen_unicast_3#}{127.0.0.1}{127.0.0.1:30216}
[2016-03-29 17:31:50,645][TRACE][org.elasticsearch.discovery.zen.ping.unicast] [node_t0] [2] sending to {node_t1}{bsMpG1IsShyUTBhL24QIAA}{127.0.0.1}{127.0.0.1:30215}[mode=>network]
[2016-03-29 17:31:50,645][TRACE][org.elasticsearch.discovery.zen.ping.unicast] [node_t0] [2] sending to {node_t0}{qTbdcgJeRh2Uy6bs6C1q4w}{127.0.0.1}{127.0.0.1:30214}[mode=>network]
[2016-03-29 17:31:50,645][TRACE][org.elasticsearch.discovery.zen.ping.unicast] [node_t0] [2] received response from {node_t0}{qTbdcgJeRh2Uy6bs6C1q4w}{127.0.0.1}{127.0.0.1:30214}[mode=>network]: [ping_response{node [{node_t0}{qTbdcgJeRh2Uy6bs6C1q4w}{127.0.0.1}{127.0.0.1:30214}[mode=>network]], id[546], master [null], hasJoinedOnce [true], cluster_name[TEST-CHILD_VM=[1]-CLUSTER_SEED=[-679292691564915143]-HASH=[14406DE394EC7950]-cluster]}, ping_response{node [{node_t0}{qTbdcgJeRh2Uy6bs6C1q4w}{127.0.0.1}{127.0.0.1:30214}[mode=>network]], id[546], master [null], hasJoinedOnce [true], cluster_name[TEST-CHILD_VM=[1]-CLUSTER_SEED=[-679292691564915143]-HASH=[14406DE394EC7950]-cluster]}, ping_response{node [{node_t0}{qTbdcgJeRh2Uy6bs6C1q4w}{127.0.0.1}{127.0.0.1:30214}[mode=>network]], id[552], master [null], hasJoinedOnce [true], cluster_name[TEST-CHILD_VM=[1]-CLUSTER_SEED=[-679292691564915143]-HASH=[14406DE394EC7950]-cluster]}, ping_response{node [{node_t0}{qTbdcgJeRh2Uy6bs6C1q4w}{127.0.0.1}{127.0.0.1:30214}[mode=>network]], id[552], master [null], hasJoinedOnce [true], cluster_name[TEST-CHILD_VM=[1]-CLUSTER_SEED=[-679292691564915143]-HASH=[14406DE394EC7950]-cluster]}, ping_response{node [{node_t0}{qTbdcgJeRh2Uy6bs6C1q4w}{127.0.0.1}{127.0.0.1:30214}[mode=>network]], id[558], master [null], hasJoinedOnce [true], cluster_name[TEST-CHILD_VM=[1]-CLUSTER_SEED=[-679292691564915143]-HASH=[14406DE394EC7950]-cluster]}, ping_response{node [{node_t0}{qTbdcgJeRh2Uy6bs6C1q4w}{127.0.0.1}{127.0.0.1:30214}[mode=>network]], id[558], master [null], hasJoinedOnce [true], cluster_name[TEST-CHILD_VM=[1]-CLUSTER_SEED=[-679292691564915143]-HASH=[14406DE394EC7950]-cluster]}, ping_response{node [{node_t0}{qTbdcgJeRh2Uy6bs6C1q4w}{127.0.0.1}{127.0.0.1:30214}[mode=>network]], id[560], master [null], hasJoinedOnce [true], cluster_name[TEST-CHILD_VM=[1]-CLUSTER_SEED=[-679292691564915143]-HASH=[14406DE394EC7950]-cluster]}]
[2016-03-29 17:31:50,645][TRACE][org.elasticsearch.discovery.zen.ping.unicast] [node_t0] [2] received response from {#zen_unicast_3#}{127.0.0.1}{127.0.0.1:30216}: [ping_response{node [{node_t0}{qTbdcgJeRh2Uy6bs6C1q4w}{127.0.0.1}{127.0.0.1:30214}[mode=>network]], id[546], master [null], hasJoinedOnce [true], cluster_name[TEST-CHILD_VM=[1]-CLUSTER_SEED=[-679292691564915143]-HASH=[14406DE394EC7950]-cluster]}, ping_response{node [{node_t0}{qTbdcgJeRh2Uy6bs6C1q4w}{127.0.0.1}{127.0.0.1:30214}[mode=>network]], id[552], master [null], hasJoinedOnce [true], cluster_name[TEST-CHILD_VM=[1]-CLUSTER_SEED=[-679292691564915143]-HASH=[14406DE394EC7950]-cluster]}, ping_response{node [{node_t0}{qTbdcgJeRh2Uy6bs6C1q4w}{127.0.0.1}{127.0.0.1:30214}[mode=>network]], id[558], master [null], hasJoinedOnce [true], cluster_name[TEST-CHILD_VM=[1]-CLUSTER_SEED=[-679292691564915143]-HASH=[14406DE394EC7950]-cluster]}, ping_response{node [{node_t2}{7W0K19VeQ3mWkmMayGn_-g}{127.0.0.1}{127.0.0.1:30216}[mode=>network]], id[562], master [{node_t2}{7W0K19VeQ3mWkmMayGn_-g}{127.0.0.1}{127.0.0.1:30216}[mode=>network]], hasJoinedOnce [true], cluster_name[TEST-CHILD_VM=[1]-CLUSTER_SEED=[-679292691564915143]-HASH=[14406DE394EC7950]-cluster]}]
[2016-03-29 17:31:50,645][TRACE][org.elasticsearch.discovery.zen.ping.unicast] [node_t0] [2] received response from {node_t1}{bsMpG1IsShyUTBhL24QIAA}{127.0.0.1}{127.0.0.1:30215}[mode=>network]: [ping_response{node [{node_t0}{qTbdcgJeRh2Uy6bs6C1q4w}{127.0.0.1}{127.0.0.1:30214}[mode=>network]], id[546], master [null], hasJoinedOnce [true], cluster_name[TEST-CHILD_VM=[1]-CLUSTER_SEED=[-679292691564915143]-HASH=[14406DE394EC7950]-cluster]}, ping_response{node [{node_t0}{qTbdcgJeRh2Uy6bs6C1q4w}{127.0.0.1}{127.0.0.1:30214}[mode=>network]], id[546], master [null], hasJoinedOnce [true], cluster_name[TEST-CHILD_VM=[1]-CLUSTER_SEED=[-679292691564915143]-HASH=[14406DE394EC7950]-cluster]}, ping_response{node [{node_t0}{qTbdcgJeRh2Uy6bs6C1q4w}{127.0.0.1}{127.0.0.1:30214}[mode=>network]], id[552], master [null], hasJoinedOnce [true], cluster_name[TEST-CHILD_VM=[1]-CLUSTER_SEED=[-679292691564915143]-HASH=[14406DE394EC7950]-cluster]}, ping_response{node [{node_t0}{qTbdcgJeRh2Uy6bs6C1q4w}{127.0.0.1}{127.0.0.1:30214}[mode=>network]], id[552], master [null], hasJoinedOnce [true], cluster_name[TEST-CHILD_VM=[1]-CLUSTER_SEED=[-679292691564915143]-HASH=[14406DE394EC7950]-cluster]}, ping_response{node [{node_t0}{qTbdcgJeRh2Uy6bs6C1q4w}{127.0.0.1}{127.0.0.1:30214}[mode=>network]], id[558], master [null], hasJoinedOnce [true], cluster_name[TEST-CHILD_VM=[1]-CLUSTER_SEED=[-679292691564915143]-HASH=[14406DE394EC7950]-cluster]}, ping_response{node [{node_t0}{qTbdcgJeRh2Uy6bs6C1q4w}{127.0.0.1}{127.0.0.1:30214}[mode=>network]], id[558], master [null], hasJoinedOnce [true], cluster_name[TEST-CHILD_VM=[1]-CLUSTER_SEED=[-679292691564915143]-HASH=[14406DE394EC7950]-cluster]}, ping_response{node [{node_t1}{bsMpG1IsShyUTBhL24QIAA}{127.0.0.1}{127.0.0.1:30215}[mode=>network]], id[563], master [{node_t2}{7W0K19VeQ3mWkmMayGn_-g}{127.0.0.1}{127.0.0.1:30216}[mode=>network]], hasJoinedOnce [true], cluster_name[TEST-CHILD_VM=[1]-CLUSTER_SEED=[-679292691564915143]-HASH=[14406DE394EC7950]-cluster]}]
[2016-03-29 17:31:50,645][TRACE][org.elasticsearch.discovery.zen.ping.unicast] [node_t0] [2] received response from {node_t1}{bsMpG1IsShyUTBhL24QIAA}{127.0.0.1}{127.0.0.1:30215}[mode=>network]: [ping_response{node [{node_t0}{qTbdcgJeRh2Uy6bs6C1q4w}{127.0.0.1}{127.0.0.1:30214}[mode=>network]], id[546], master [null], hasJoinedOnce [true], cluster_name[TEST-CHILD_VM=[1]-CLUSTER_SEED=[-679292691564915143]-HASH=[14406DE394EC7950]-cluster]}, ping_response{node [{node_t0}{qTbdcgJeRh2Uy6bs6C1q4w}{127.0.0.1}{127.0.0.1:30214}[mode=>network]], id[546], master [null], hasJoinedOnce [true], cluster_name[TEST-CHILD_VM=[1]-CLUSTER_SEED=[-679292691564915143]-HASH=[14406DE394EC7950]-cluster]}, ping_response{node [{node_t0}{qTbdcgJeRh2Uy6bs6C1q4w}{127.0.0.1}{127.0.0.1:30214}[mode=>network]], id[552], master [null], hasJoinedOnce [true], cluster_name[TEST-CHILD_VM=[1]-CLUSTER_SEED=[-679292691564915143]-HASH=[14406DE394EC7950]-cluster]}, ping_response{node [{node_t0}{qTbdcgJeRh2Uy6bs6C1q4w}{127.0.0.1}{127.0.0.1:30214}[mode=>network]], id[552], master [null], hasJoinedOnce [true], cluster_name[TEST-CHILD_VM=[1]-CLUSTER_SEED=[-679292691564915143]-HASH=[14406DE394EC7950]-cluster]}, ping_response{node [{node_t0}{qTbdcgJeRh2Uy6bs6C1q4w}{127.0.0.1}{127.0.0.1:30214}[mode=>network]], id[558], master [null], hasJoinedOnce [true], cluster_name[TEST-CHILD_VM=[1]-CLUSTER_SEED=[-679292691564915143]-HASH=[14406DE394EC7950]-cluster]}, ping_response{node [{node_t1}{bsMpG1IsShyUTBhL24QIAA}{127.0.0.1}{127.0.0.1:30215}[mode=>network]], id[561], master [{node_t2}{7W0K19VeQ3mWkmMayGn_-g}{127.0.0.1}{127.0.0.1:30216}[mode=>network]], hasJoinedOnce [true], cluster_name[TEST-CHILD_VM=[1]-CLUSTER_SEED=[-679292691564915143]-HASH=[14406DE394EC7950]-cluster]}]
[2016-03-29 17:31:50,646][TRACE][org.elasticsearch.discovery.zen.ping.unicast] [node_t0] [2] disconnecting from {#zen_unicast_3#}{127.0.0.1}{127.0.0.1:30216}
[2016-03-29 17:31:50,646][TRACE][org.elasticsearch.discovery.zen] [node_t0] full ping responses:
	--> ping_response{node [{node_t2}{7W0K19VeQ3mWkmMayGn_-g}{127.0.0.1}{127.0.0.1:30216}[mode=>network]], id[562], master [{node_t2}{7W0K19VeQ3mWkmMayGn_-g}{127.0.0.1}{127.0.0.1:30216}[mode=>network]], hasJoinedOnce [true], cluster_name[TEST-CHILD_VM=[1]-CLUSTER_SEED=[-679292691564915143]-HASH=[14406DE394EC7950]-cluster]}
	--> ping_response{node [{node_t1}{bsMpG1IsShyUTBhL24QIAA}{127.0.0.1}{127.0.0.1:30215}[mode=>network]], id[563], master [{node_t2}{7W0K19VeQ3mWkmMayGn_-g}{127.0.0.1}{127.0.0.1:30216}[mode=>network]], hasJoinedOnce [true], cluster_name[TEST-CHILD_VM=[1]-CLUSTER_SEED=[-679292691564915143]-HASH=[14406DE394EC7950]-cluster]}
[2016-03-29 17:31:50,646][DEBUG][org.elasticsearch.discovery.zen] [node_t0] filtered ping responses: (filter_client[true], filter_data[false])
	--> ping_response{node [{node_t2}{7W0K19VeQ3mWkmMayGn_-g}{127.0.0.1}{127.0.0.1:30216}[mode=>network]], id[562], master [{node_t2}{7W0K19VeQ3mWkmMayGn_-g}{127.0.0.1}{127.0.0.1:30216}[mode=>network]], hasJoinedOnce [true], cluster_name[TEST-CHILD_VM=[1]-CLUSTER_SEED=[-679292691564915143]-HASH=[14406DE394EC7950]-cluster]}
	--> ping_response{node [{node_t1}{bsMpG1IsShyUTBhL24QIAA}{127.0.0.1}{127.0.0.1:30215}[mode=>network]], id[563], master [{node_t2}{7W0K19VeQ3mWkmMayGn_-g}{127.0.0.1}{127.0.0.1:30216}[mode=>network]], hasJoinedOnce [true], cluster_name[TEST-CHILD_VM=[1]-CLUSTER_SEED=[-679292691564915143]-HASH=[14406DE394EC7950]-cluster]}
[2016-03-29 17:31:50,646][TRACE][org.elasticsearch.discovery.zen] [node_t0] adding local node to the list of active nodes who has previously joined the cluster (joins counter is [1})
[2016-03-29 17:31:50,646][TRACE][org.elasticsearch.discovery.zen] [node_t0] stopping join accumulation ([not master])
[2016-03-29 17:31:50,647][TRACE][org.elasticsearch.discovery.zen] [node_t0] joining master {node_t2}{7W0K19VeQ3mWkmMayGn_-g}{127.0.0.1}{127.0.0.1:30216}[mode=>network]
[2016-03-29 17:31:50,650][DEBUG][org.elasticsearch.discovery.zen.publish] [node_t0] received full cluster state version [4] with size [285]
[2016-03-29 17:31:50,650][DEBUG][org.elasticsearch.discovery.zen.publish] [node_t1] received diff cluster state version [4] with uuid [u0GNR0NyR9WDh_jLBD0zhQ], diff size [307]
[2016-03-29 17:31:50,650][TRACE][org.elasticsearch.discovery.zen.publish] [node_t2] master node {node_t0}{qTbdcgJeRh2Uy6bs6C1q4w}{127.0.0.1}{127.0.0.1:30214}[mode=>network] acked cluster state version [4]. processing ... (current pending [2], needed [1])
[2016-03-29 17:31:50,650][TRACE][org.elasticsearch.discovery.zen.publish] [node_t2] committing version [4]
[2016-03-29 17:31:50,651][TRACE][org.elasticsearch.discovery.zen.publish] [node_t2] sending commit for cluster state (uuid: [u0GNR0NyR9WDh_jLBD0zhQ], version [4]) to [{node_t0}{qTbdcgJeRh2Uy6bs6C1q4w}{127.0.0.1}{127.0.0.1:30214}[mode=>network]]
[2016-03-29 17:31:50,651][TRACE][org.elasticsearch.discovery.zen.publish] [node_t2] sending commit for cluster state (uuid: [u0GNR0NyR9WDh_jLBD0zhQ], version [4]) to [{node_t1}{bsMpG1IsShyUTBhL24QIAA}{127.0.0.1}{127.0.0.1:30215}[mode=>network]]
[2016-03-29 17:31:50,651][DEBUG][org.elasticsearch.discovery.zen.fd] [node_t0] [master] restarting fault detection against master [{node_t2}{7W0K19VeQ3mWkmMayGn_-g}{127.0.0.1}{127.0.0.1:30216}[mode=>network]], reason [new cluster state received and we are monitoring the wrong master [null]]
[2016-03-29 17:31:50,651][DEBUG][org.elasticsearch.discovery.zen] [node_t0] got first state from fresh master [7W0K19VeQ3mWkmMayGn_-g]
[2016-03-29 17:31:50,651][TRACE][org.elasticsearch.discovery.zen] [node_t0] updated cluster join cluster to [2]
[2016-03-29 17:31:50,652][TRACE][org.elasticsearch.action.admin.cluster.health] [node_t0] observer: accepting cluster state change (version [4], status [APPLIED])
[2016-03-29 17:31:50,653][TRACE][org.elasticsearch.action.admin.indices.stats] [node_t2] resolving shards for [indices:monitor/stats] based on cluster state version [4]
[2016-03-29 17:31:50,653][TRACE][org.elasticsearch.action.admin.cluster.health] [node_t2] Calculating health based on state version [4]
[2016-03-29 17:31:50,653][TRACE][org.elasticsearch.action.admin.cluster.health] [node_t2] Calculating health based on state version [4]
[2016-03-29 17:31:50,654][TRACE][org.elasticsearch.action.admin.cluster.health] [node_t2] Calculating health based on state version [4]
[2016-03-29 17:31:50,654][TRACE][org.elasticsearch.action.admin.cluster.health] [node_t2] Calculating health based on state version [4]
[2016-03-29 17:31:50,654][TRACE][org.elasticsearch.action.admin.cluster.state] [node_t2] Serving cluster state request using version 4
[2016-03-29 17:31:50,663][TRACE][org.elasticsearch.action.admin.cluster.state] [node_t0] Serving cluster state request using version 4
[2016-03-29 17:31:50,664][TRACE][org.elasticsearch.action.admin.cluster.state] [node_t1] Serving cluster state request using version 4
[2016-03-29 17:31:50,664][TRACE][org.elasticsearch.action.admin.cluster.state] [node_t2] Serving cluster state request using version 4
[2016-03-29 17:31:50,665][DEBUG][org.elasticsearch.discovery.zen.fd] [node_t0] [master] stopping fault detection against master [{node_t2}{7W0K19VeQ3mWkmMayGn_-g}{127.0.0.1}{127.0.0.1:30216}[mode=>network]], reason [zen disco stop]
[2016-03-29 17:31:50,666][DEBUG][org.elasticsearch.discovery.zen.publish] [node_t1] received diff cluster state version [5] with uuid [KFYo6zIrRTyzFugvipP5HA], diff size [282]
[2016-03-29 17:31:50,667][TRACE][org.elasticsearch.discovery.zen.publish] [node_t2] master node {node_t1}{bsMpG1IsShyUTBhL24QIAA}{127.0.0.1}{127.0.0.1:30215}[mode=>network] acked cluster state version [5]. processing ... (current pending [1], needed [1])
[2016-03-29 17:31:50,667][TRACE][org.elasticsearch.discovery.zen.publish] [node_t2] committing version [5]
[2016-03-29 17:31:50,667][TRACE][org.elasticsearch.discovery.zen.publish] [node_t2] sending commit for cluster state (uuid: [KFYo6zIrRTyzFugvipP5HA], version [5]) to [{node_t1}{bsMpG1IsShyUTBhL24QIAA}{127.0.0.1}{127.0.0.1:30215}[mode=>network]]
[2016-03-29 17:31:50,669][DEBUG][org.elasticsearch.discovery.zen.fd] [node_t1] [master] stopping fault detection against master [{node_t2}{7W0K19VeQ3mWkmMayGn_-g}{127.0.0.1}{127.0.0.1:30216}[mode=>network]], reason [zen disco stop]
[2016-03-29 17:31:50,670][WARN ][org.elasticsearch.discovery.zen] [node_t2] not enough master nodes, current nodes: {{node_t2}{7W0K19VeQ3mWkmMayGn_-g}{127.0.0.1}{127.0.0.1:30216}[mode=>network],}
[2016-03-29 17:31:50,670][TRACE][org.elasticsearch.discovery.zen] [node_t2] starting to accumulate joins
[2016-03-29 17:31:50,670][TRACE][org.elasticsearch.discovery.zen] [node_t2] starting to ping
[2016-03-29 17:31:50,670][TRACE][org.elasticsearch.discovery.zen.ping.unicast] [node_t2] [2] sending to {node_t2}{7W0K19VeQ3mWkmMayGn_-g}{127.0.0.1}{127.0.0.1:30216}[mode=>network]
[2016-03-29 17:31:50,670][TRACE][org.elasticsearch.discovery.zen.ping.unicast] [node_t2] [2] received response from {node_t2}{7W0K19VeQ3mWkmMayGn_-g}{127.0.0.1}{127.0.0.1:30216}[mode=>network]: [ping_response{node [{node_t0}{qTbdcgJeRh2Uy6bs6C1q4w}{127.0.0.1}{127.0.0.1:30214}[mode=>network]], id[546], master [null], hasJoinedOnce [true], cluster_name[TEST-CHILD_VM=[1]-CLUSTER_SEED=[-679292691564915143]-HASH=[14406DE394EC7950]-cluster]}, ping_response{node [{node_t0}{qTbdcgJeRh2Uy6bs6C1q4w}{127.0.0.1}{127.0.0.1:30214}[mode=>network]], id[552], master [null], hasJoinedOnce [true], cluster_name[TEST-CHILD_VM=[1]-CLUSTER_SEED=[-679292691564915143]-HASH=[14406DE394EC7950]-cluster]}, ping_response{node [{node_t0}{qTbdcgJeRh2Uy6bs6C1q4w}{127.0.0.1}{127.0.0.1:30214}[mode=>network]], id[558], master [null], hasJoinedOnce [true], cluster_name[TEST-CHILD_VM=[1]-CLUSTER_SEED=[-679292691564915143]-HASH=[14406DE394EC7950]-cluster]}, ping_response{node [{node_t2}{7W0K19VeQ3mWkmMayGn_-g}{127.0.0.1}{127.0.0.1:30216}[mode=>network]], id[564], master [null], hasJoinedOnce [true], cluster_name[TEST-CHILD_VM=[1]-CLUSTER_SEED=[-679292691564915143]-HASH=[14406DE394EC7950]-cluster]}, ping_response{node [{node_t2}{7W0K19VeQ3mWkmMayGn_-g}{127.0.0.1}{127.0.0.1:30216}[mode=>network]], id[565], master [null], hasJoinedOnce [true], cluster_name[TEST-CHILD_VM=[1]-CLUSTER_SEED=[-679292691564915143]-HASH=[14406DE394EC7950]-cluster]}]
[2016-03-29 17:31:50,670][TRACE][org.elasticsearch.discovery.zen.ping.unicast] [node_t2] [2] connecting (light) to {#zen_unicast_1#}{127.0.0.1}{127.0.0.1:30214}
[2016-03-29 17:31:50,670][TRACE][org.elasticsearch.discovery.zen.ping.unicast] [node_t2] [2] connecting (light) to {#zen_unicast_2#}{127.0.0.1}{127.0.0.1:30215}
[2016-03-29 17:31:50,670][TRACE][org.elasticsearch.discovery.zen.ping.unicast] [node_t2] [2] sending to {node_t2}{7W0K19VeQ3mWkmMayGn_-g}{127.0.0.1}{127.0.0.1:30216}[mode=>network]
[2016-03-29 17:31:50,671][TRACE][org.elasticsearch.discovery.zen.ping.unicast] [node_t2] [2] received response from {node_t2}{7W0K19VeQ3mWkmMayGn_-g}{127.0.0.1}{127.0.0.1:30216}[mode=>network]: [ping_response{node [{node_t0}{qTbdcgJeRh2Uy6bs6C1q4w}{127.0.0.1}{127.0.0.1:30214}[mode=>network]], id[546], master [null], hasJoinedOnce [true], cluster_name[TEST-CHILD_VM=[1]-CLUSTER_SEED=[-679292691564915143]-HASH=[14406DE394EC7950]-cluster]}, ping_response{node [{node_t0}{qTbdcgJeRh2Uy6bs6C1q4w}{127.0.0.1}{127.0.0.1:30214}[mode=>network]], id[552], master [null], hasJoinedOnce [true], cluster_name[TEST-CHILD_VM=[1]-CLUSTER_SEED=[-679292691564915143]-HASH=[14406DE394EC7950]-cluster]}, ping_response{node [{node_t0}{qTbdcgJeRh2Uy6bs6C1q4w}{127.0.0.1}{127.0.0.1:30214}[mode=>network]], id[558], master [null], hasJoinedOnce [true], cluster_name[TEST-CHILD_VM=[1]-CLUSTER_SEED=[-679292691564915143]-HASH=[14406DE394EC7950]-cluster]}, ping_response{node [{node_t2}{7W0K19VeQ3mWkmMayGn_-g}{127.0.0.1}{127.0.0.1:30216}[mode=>network]], id[564], master [null], hasJoinedOnce [true], cluster_name[TEST-CHILD_VM=[1]-CLUSTER_SEED=[-679292691564915143]-HASH=[14406DE394EC7950]-cluster]}, ping_response{node [{node_t2}{7W0K19VeQ3mWkmMayGn_-g}{127.0.0.1}{127.0.0.1:30216}[mode=>network]], id[564], master [null], hasJoinedOnce [true], cluster_name[TEST-CHILD_VM=[1]-CLUSTER_SEED=[-679292691564915143]-HASH=[14406DE394EC7950]-cluster]}, ping_response{node [{node_t2}{7W0K19VeQ3mWkmMayGn_-g}{127.0.0.1}{127.0.0.1:30216}[mode=>network]], id[566], master [null], hasJoinedOnce [true], cluster_name[TEST-CHILD_VM=[1]-CLUSTER_SEED=[-679292691564915143]-HASH=[14406DE394EC7950]-cluster]}]
[2016-03-29 17:31:50,671][TRACE][org.elasticsearch.discovery.zen.ping.unicast] [node_t2] replacing {node_t0}{qTbdcgJeRh2Uy6bs6C1q4w}{127.0.0.1}{127.0.0.1:30214}[mode=>network] with temp node {#zen_unicast_6_qTbdcgJeRh2Uy6bs6C1q4w#}{127.0.0.1}{127.0.0.1:30214}[mode=>network]
[2016-03-29 17:31:50,671][TRACE][org.elasticsearch.discovery.zen.ping.unicast] [node_t2] [2] connecting (light) to {#zen_unicast_6_qTbdcgJeRh2Uy6bs6C1q4w#}{127.0.0.1}{127.0.0.1:30214}[mode=>network]
[2016-03-29 17:31:50,671][TRACE][org.elasticsearch.discovery.zen.ping.unicast] [node_t2] [2] failed to connect to {#zen_unicast_1#}{127.0.0.1}{127.0.0.1:30214}
ConnectTransportException[[][127.0.0.1:30214] connect_timeout[30s]]; nested: ConnectException[Connection refused: /127.0.0.1:30214];
	at org.elasticsearch.transport.netty.NettyTransport.connectToChannelsLight(NettyTransport.java:954)
	at org.elasticsearch.transport.netty.NettyTransport.connectToNode(NettyTransport.java:918)
	at org.elasticsearch.transport.netty.NettyTransport.connectToNodeLight(NettyTransport.java:890)
	at org.elasticsearch.test.transport.MockTransportService$LookupTestTransport.connectToNodeLight(MockTransportService.java:413)
	at org.elasticsearch.transport.TransportService.connectToNodeLight(TransportService.java:242)
	at org.elasticsearch.discovery.zen.ping.unicast.UnicastZenPing$3.run(UnicastZenPing.java:395)
	at java.util.concurrent.ThreadPoolExecutor.runWorker(ThreadPoolExecutor.java:1142)
	at java.util.concurrent.ThreadPoolExecutor$Worker.run(ThreadPoolExecutor.java:617)
	at java.lang.Thread.run(Thread.java:745)
Caused by: java.net.ConnectException: Connection refused: /127.0.0.1:30214
	at sun.nio.ch.SocketChannelImpl.checkConnect(Native Method)
	at sun.nio.ch.SocketChannelImpl.finishConnect(SocketChannelImpl.java:712)
	at org.jboss.netty.channel.socket.nio.NioClientBoss.connect(NioClientBoss.java:152)
	at org.jboss.netty.channel.socket.nio.NioClientBoss.processSelectedKeys(NioClientBoss.java:105)
	at org.jboss.netty.channel.socket.nio.NioClientBoss.process(NioClientBoss.java:79)
	at org.jboss.netty.channel.socket.nio.AbstractNioSelector.run(AbstractNioSelector.java:337)
	at org.jboss.netty.channel.socket.nio.NioClientBoss.run(NioClientBoss.java:42)
	at org.jboss.netty.util.ThreadRenamingRunnable.run(ThreadRenamingRunnable.java:108)
	at org.jboss.netty.util.internal.DeadLockProofWorker$1.run(DeadLockProofWorker.java:42)
	... 3 more
[2016-03-29 17:31:50,671][TRACE][org.elasticsearch.discovery.zen.ping.unicast] [node_t2] [2] failed to connect to {#zen_unicast_2#}{127.0.0.1}{127.0.0.1:30215}
ConnectTransportException[[][127.0.0.1:30215] connect_timeout[30s]]; nested: ConnectException[Connection refused: /127.0.0.1:30215];
	at org.elasticsearch.transport.netty.NettyTransport.connectToChannelsLight(NettyTransport.java:954)
	at org.elasticsearch.transport.netty.NettyTransport.connectToNode(NettyTransport.java:918)
	at org.elasticsearch.transport.netty.NettyTransport.connectToNodeLight(NettyTransport.java:890)
	at org.elasticsearch.test.transport.MockTransportService$LookupTestTransport.connectToNodeLight(MockTransportService.java:413)
	at org.elasticsearch.transport.TransportService.connectToNodeLight(TransportService.java:242)
	at org.elasticsearch.discovery.zen.ping.unicast.UnicastZenPing$3.run(UnicastZenPing.java:395)
	at java.util.concurrent.ThreadPoolExecutor.runWorker(ThreadPoolExecutor.java:1142)
	at java.util.concurrent.ThreadPoolExecutor$Worker.run(ThreadPoolExecutor.java:617)
	at java.lang.Thread.run(Thread.java:745)
Caused by: java.net.ConnectException: Connection refused: /127.0.0.1:30215
	at sun.nio.ch.SocketChannelImpl.checkConnect(Native Method)
	at sun.nio.ch.SocketChannelImpl.finishConnect(SocketChannelImpl.java:712)
	at org.jboss.netty.channel.socket.nio.NioClientBoss.connect(NioClientBoss.java:152)
	at org.jboss.netty.channel.socket.nio.NioClientBoss.processSelectedKeys(NioClientBoss.java:105)
	at org.jboss.netty.channel.socket.nio.NioClientBoss.process(NioClientBoss.java:79)
	at org.jboss.netty.channel.socket.nio.AbstractNioSelector.run(AbstractNioSelector.java:337)
	at org.jboss.netty.channel.socket.nio.NioClientBoss.run(NioClientBoss.java:42)
	at org.jboss.netty.util.ThreadRenamingRunnable.run(ThreadRenamingRunnable.java:108)
	at org.jboss.netty.util.internal.DeadLockProofWorker$1.run(DeadLockProofWorker.java:42)
	... 3 more
[2016-03-29 17:31:50,671][TRACE][org.elasticsearch.discovery.zen.ping.unicast] [node_t2] [2] failed to connect to {#zen_unicast_6_qTbdcgJeRh2Uy6bs6C1q4w#}{127.0.0.1}{127.0.0.1:30214}[mode=>network]
ConnectTransportException[[][127.0.0.1:30214] connect_timeout[30s]]; nested: ConnectException[Connection refused: /127.0.0.1:30214];
	at org.elasticsearch.transport.netty.NettyTransport.connectToChannelsLight(NettyTransport.java:954)
	at org.elasticsearch.transport.netty.NettyTransport.connectToNode(NettyTransport.java:918)
	at org.elasticsearch.transport.netty.NettyTransport.connectToNodeLight(NettyTransport.java:890)
	at org.elasticsearch.test.transport.MockTransportService$LookupTestTransport.connectToNodeLight(MockTransportService.java:413)
	at org.elasticsearch.transport.TransportService.connectToNodeLight(TransportService.java:242)
	at org.elasticsearch.discovery.zen.ping.unicast.UnicastZenPing$3.run(UnicastZenPing.java:395)
	at java.util.concurrent.ThreadPoolExecutor.runWorker(ThreadPoolExecutor.java:1142)
	at java.util.concurrent.ThreadPoolExecutor$Worker.run(ThreadPoolExecutor.java:617)
	at java.lang.Thread.run(Thread.java:745)
Caused by: java.net.ConnectException: Connection refused: /127.0.0.1:30214
	at sun.nio.ch.SocketChannelImpl.checkConnect(Native Method)
	at sun.nio.ch.SocketChannelImpl.finishConnect(SocketChannelImpl.java:712)
	at org.jboss.netty.channel.socket.nio.NioClientBoss.connect(NioClientBoss.java:152)
	at org.jboss.netty.channel.socket.nio.NioClientBoss.processSelectedKeys(NioClientBoss.java:105)
	at org.jboss.netty.channel.socket.nio.NioClientBoss.process(NioClientBoss.java:79)
	at org.jboss.netty.channel.socket.nio.AbstractNioSelector.run(AbstractNioSelector.java:337)
	at org.jboss.netty.channel.socket.nio.NioClientBoss.run(NioClientBoss.java:42)
	at org.jboss.netty.util.ThreadRenamingRunnable.run(ThreadRenamingRunnable.java:108)
	at org.jboss.netty.util.internal.DeadLockProofWorker$1.run(DeadLockProofWorker.java:42)
	... 3 more
[2016-03-29 17:31:50,673][TRACE][org.elasticsearch.discovery.zen.ping] [node_t2] pingAndWait interrupted
[2016-03-29 17:31:50,673][TRACE][org.elasticsearch.discovery.zen] [node_t2] No full ping responses
[2016-03-29 17:31:50,673][TRACE][org.elasticsearch.discovery.zen] [node_t2] thread is no longer in currentJoinThread. Stopping.
[2016-03-29 17:31:54,806][WARN ][org.elasticsearch.discovery.zen] [node_t1] master left (reason = transport disconnected), current nodes: {{node_t2}{J-fXXvtWTpSZ3JZ4IHn8yA}{127.0.0.1}{127.0.0.1:30219}[mode=>network],{node_t1}{z7lbRzr1TP6HqMWy_IPP2g}{127.0.0.1}{127.0.0.1:30218}[mode=>network],}
[2016-03-29 17:31:57,822][WARN ][org.elasticsearch.discovery.zen] [node_t2] master left (reason = shut_down), current nodes: {{node_t2}{J-fXXvtWTpSZ3JZ4IHn8yA}{127.0.0.1}{127.0.0.1:30219}[mode=>network],{node_t1}{z7lbRzr1TP6HqMWy_IPP2g}{127.0.0.1}{127.0.0.1:30218}[mode=>network],}
[2016-03-29 17:31:57,822][WARN ][org.elasticsearch.discovery.zen] [node_t1] master left (reason = shut_down), current nodes: {{node_t2}{J-fXXvtWTpSZ3JZ4IHn8yA}{127.0.0.1}{127.0.0.1:30219}[mode=>network],{node_t1}{z7lbRzr1TP6HqMWy_IPP2g}{127.0.0.1}{127.0.0.1:30218}[mode=>network],}
[2016-03-29 17:32:02,941][WARN ][org.elasticsearch.discovery.zen] [node_t0] master left (reason = failed to ping, tried [1] times, each with  maximum [1s] timeout), current nodes: {{node_t0}{wTodaoNZTgWKHYXSUnnIYg}{127.0.0.1}{127.0.0.1:30220}[mode=>network],{node_t2}{XBHpx8flSI-R3JHeRcTX2w}{127.0.0.1}{127.0.0.1:30222}[mode=>network],}
[2016-03-29 17:32:02,993][WARN ][org.elasticsearch.discovery.zen] [node_t2] master left (reason = failed to ping, tried [1] times, each with  maximum [1s] timeout), current nodes: {{node_t0}{wTodaoNZTgWKHYXSUnnIYg}{127.0.0.1}{127.0.0.1:30220}[mode=>network],{node_t2}{XBHpx8flSI-R3JHeRcTX2w}{127.0.0.1}{127.0.0.1:30222}[mode=>network],}
[2016-03-29 17:32:03,948][WARN ][org.elasticsearch.cluster.service] [node_t1] failing [zen-disco-node_failed({node_t0}{wTodaoNZTgWKHYXSUnnIYg}{127.0.0.1}{127.0.0.1:30220}[mode=>network]), reason failed to ping, tried [1] times, each with maximum [1s] timeout]: failed to commit cluster state version [8]
FailedToCommitClusterStateException[timed out while waiting for enough masters to ack sent cluster state. [1] left]
	at org.elasticsearch.discovery.zen.publish.PublishClusterStateAction$SendingController.waitForCommit(PublishClusterStateAction.java:525)
	at org.elasticsearch.discovery.zen.publish.PublishClusterStateAction.innerPublish(PublishClusterStateAction.java:189)
	at org.elasticsearch.discovery.zen.publish.PublishClusterStateAction.publish(PublishClusterStateAction.java:154)
	at org.elasticsearch.discovery.zen.ZenDiscovery.publish(ZenDiscovery.java:345)
	at sun.reflect.GeneratedMethodAccessor5.invoke(Unknown Source)
	at sun.reflect.DelegatingMethodAccessorImpl.invoke(DelegatingMethodAccessorImpl.java:43)
	at java.lang.reflect.Method.invoke(Method.java:483)
	at org.elasticsearch.common.inject.internal.ConstructionContext$DelegatingInvocationHandler.invoke(ConstructionContext.java:111)
	at com.sun.proxy.$Proxy35.publish(Unknown Source)
	at org.elasticsearch.discovery.DiscoveryService.publish(DiscoveryService.java:130)
	at org.elasticsearch.cluster.service.InternalClusterService.runTasksForExecutor(InternalClusterService.java:574)
	at org.elasticsearch.cluster.service.InternalClusterService$UpdateTask.run(InternalClusterService.java:761)
	at org.elasticsearch.common.util.concurrent.PrioritizedEsThreadPoolExecutor$TieBreakingPrioritizedRunnable.runAndClean(PrioritizedEsThreadPoolExecutor.java:231)
	at org.elasticsearch.common.util.concurrent.PrioritizedEsThreadPoolExecutor$TieBreakingPrioritizedRunnable.run(PrioritizedEsThreadPoolExecutor.java:194)
	at java.util.concurrent.ThreadPoolExecutor.runWorker(ThreadPoolExecutor.java:1142)
	at java.util.concurrent.ThreadPoolExecutor$Worker.run(ThreadPoolExecutor.java:617)
	at java.lang.Thread.run(Thread.java:745)
[2016-03-29 17:32:03,949][ERROR][org.elasticsearch.discovery.zen] [node_t1] unexpected failure during [zen-disco-node_failed({node_t0}{wTodaoNZTgWKHYXSUnnIYg}{127.0.0.1}{127.0.0.1:30220}[mode=>network]), reason failed to ping, tried [1] times, each with maximum [1s] timeout]
FailedToCommitClusterStateException[timed out while waiting for enough masters to ack sent cluster state. [1] left]
	at org.elasticsearch.discovery.zen.publish.PublishClusterStateAction$SendingController.waitForCommit(PublishClusterStateAction.java:525)
	at org.elasticsearch.discovery.zen.publish.PublishClusterStateAction.innerPublish(PublishClusterStateAction.java:189)
	at org.elasticsearch.discovery.zen.publish.PublishClusterStateAction.publish(PublishClusterStateAction.java:154)
	at org.elasticsearch.discovery.zen.ZenDiscovery.publish(ZenDiscovery.java:345)
	at sun.reflect.GeneratedMethodAccessor5.invoke(Unknown Source)
	at sun.reflect.DelegatingMethodAccessorImpl.invoke(DelegatingMethodAccessorImpl.java:43)
	at java.lang.reflect.Method.invoke(Method.java:483)
	at org.elasticsearch.common.inject.internal.ConstructionContext$DelegatingInvocationHandler.invoke(ConstructionContext.java:111)
	at com.sun.proxy.$Proxy35.publish(Unknown Source)
	at org.elasticsearch.discovery.DiscoveryService.publish(DiscoveryService.java:130)
	at org.elasticsearch.cluster.service.InternalClusterService.runTasksForExecutor(InternalClusterService.java:574)
	at org.elasticsearch.cluster.service.InternalClusterService$UpdateTask.run(InternalClusterService.java:761)
	at org.elasticsearch.common.util.concurrent.PrioritizedEsThreadPoolExecutor$TieBreakingPrioritizedRunnable.runAndClean(PrioritizedEsThreadPoolExecutor.java:231)
	at org.elasticsearch.common.util.concurrent.PrioritizedEsThreadPoolExecutor$TieBreakingPrioritizedRunnable.run(PrioritizedEsThreadPoolExecutor.java:194)
	at java.util.concurrent.ThreadPoolExecutor.runWorker(ThreadPoolExecutor.java:1142)
	at java.util.concurrent.ThreadPoolExecutor$Worker.run(ThreadPoolExecutor.java:617)
	at java.lang.Thread.run(Thread.java:745)
[2016-03-29 17:32:04,950][WARN ][org.elasticsearch.cluster.service] [node_t1] failing [zen-disco-node_failed({node_t2}{XBHpx8flSI-R3JHeRcTX2w}{127.0.0.1}{127.0.0.1:30222}[mode=>network]), reason failed to ping, tried [1] times, each with maximum [1s] timeout]: failed to commit cluster state version [8]
FailedToCommitClusterStateException[timed out while waiting for enough masters to ack sent cluster state. [1] left]
	at org.elasticsearch.discovery.zen.publish.PublishClusterStateAction$SendingController.waitForCommit(PublishClusterStateAction.java:525)
	at org.elasticsearch.discovery.zen.publish.PublishClusterStateAction.innerPublish(PublishClusterStateAction.java:189)
	at org.elasticsearch.discovery.zen.publish.PublishClusterStateAction.publish(PublishClusterStateAction.java:154)
	at org.elasticsearch.discovery.zen.ZenDiscovery.publish(ZenDiscovery.java:345)
	at sun.reflect.GeneratedMethodAccessor5.invoke(Unknown Source)
	at sun.reflect.DelegatingMethodAccessorImpl.invoke(DelegatingMethodAccessorImpl.java:43)
	at java.lang.reflect.Method.invoke(Method.java:483)
	at org.elasticsearch.common.inject.internal.ConstructionContext$DelegatingInvocationHandler.invoke(ConstructionContext.java:111)
	at com.sun.proxy.$Proxy35.publish(Unknown Source)
	at org.elasticsearch.discovery.DiscoveryService.publish(DiscoveryService.java:130)
	at org.elasticsearch.cluster.service.InternalClusterService.runTasksForExecutor(InternalClusterService.java:574)
	at org.elasticsearch.cluster.service.InternalClusterService$UpdateTask.run(InternalClusterService.java:761)
	at org.elasticsearch.common.util.concurrent.PrioritizedEsThreadPoolExecutor$TieBreakingPrioritizedRunnable.runAndClean(PrioritizedEsThreadPoolExecutor.java:231)
	at org.elasticsearch.common.util.concurrent.PrioritizedEsThreadPoolExecutor$TieBreakingPrioritizedRunnable.run(PrioritizedEsThreadPoolExecutor.java:194)
	at java.util.concurrent.ThreadPoolExecutor.runWorker(ThreadPoolExecutor.java:1142)
	at java.util.concurrent.ThreadPoolExecutor$Worker.run(ThreadPoolExecutor.java:617)
	at java.lang.Thread.run(Thread.java:745)
[2016-03-29 17:32:04,950][ERROR][org.elasticsearch.discovery.zen] [node_t1] unexpected failure during [zen-disco-node_failed({node_t2}{XBHpx8flSI-R3JHeRcTX2w}{127.0.0.1}{127.0.0.1:30222}[mode=>network]), reason failed to ping, tried [1] times, each with maximum [1s] timeout]
FailedToCommitClusterStateException[timed out while waiting for enough masters to ack sent cluster state. [1] left]
	at org.elasticsearch.discovery.zen.publish.PublishClusterStateAction$SendingController.waitForCommit(PublishClusterStateAction.java:525)
	at org.elasticsearch.discovery.zen.publish.PublishClusterStateAction.innerPublish(PublishClusterStateAction.java:189)
	at org.elasticsearch.discovery.zen.publish.PublishClusterStateAction.publish(PublishClusterStateAction.java:154)
	at org.elasticsearch.discovery.zen.ZenDiscovery.publish(ZenDiscovery.java:345)
	at sun.reflect.GeneratedMethodAccessor5.invoke(Unknown Source)
	at sun.reflect.DelegatingMethodAccessorImpl.invoke(DelegatingMethodAccessorImpl.java:43)
	at java.lang.reflect.Method.invoke(Method.java:483)
	at org.elasticsearch.common.inject.internal.ConstructionContext$DelegatingInvocationHandler.invoke(ConstructionContext.java:111)
	at com.sun.proxy.$Proxy35.publish(Unknown Source)
	at org.elasticsearch.discovery.DiscoveryService.publish(DiscoveryService.java:130)
	at org.elasticsearch.cluster.service.InternalClusterService.runTasksForExecutor(InternalClusterService.java:574)
	at org.elasticsearch.cluster.service.InternalClusterService$UpdateTask.run(InternalClusterService.java:761)
	at org.elasticsearch.common.util.concurrent.PrioritizedEsThreadPoolExecutor$TieBreakingPrioritizedRunnable.runAndClean(PrioritizedEsThreadPoolExecutor.java:231)
	at org.elasticsearch.common.util.concurrent.PrioritizedEsThreadPoolExecutor$TieBreakingPrioritizedRunnable.run(PrioritizedEsThreadPoolExecutor.java:194)
	at java.util.concurrent.ThreadPoolExecutor.runWorker(ThreadPoolExecutor.java:1142)
	at java.util.concurrent.ThreadPoolExecutor$Worker.run(ThreadPoolExecutor.java:617)
	at java.lang.Thread.run(Thread.java:745)
[2016-03-29 17:32:04,951][WARN ][org.elasticsearch.discovery.zen] [node_t1] failed to publish to min_master_nodes, current nodes: {{node_t0}{wTodaoNZTgWKHYXSUnnIYg}{127.0.0.1}{127.0.0.1:30220}[mode=>network],{node_t1}{FU1XbroGSSuY4WFBZrO0TQ}{127.0.0.1}{127.0.0.1:30221}[mode=>network],{node_t2}{XBHpx8flSI-R3JHeRcTX2w}{127.0.0.1}{127.0.0.1:30222}[mode=>network],}
[2016-03-29 17:32:04,951][ERROR][org.elasticsearch.discovery.zen] [node_t1] unexpected failure during [zen-disco-failed-to-publish]
org.elasticsearch.cluster.NotMasterException: no longer master. source: [zen-disco-failed-to-publish]
[2016-03-29 17:32:08,705][WARN ][org.elasticsearch.discovery.zen.ping.unicast] [node_t1] failed to send ping to [{node_t0}{wTodaoNZTgWKHYXSUnnIYg}{127.0.0.1}{127.0.0.1:30220}[mode=>network]]
ReceiveTimeoutTransportException[[node_t0][127.0.0.1:30220][internal:discovery/zen/unicast] request_id [62] timed out after [3754ms]]
	at org.elasticsearch.transport.TransportService$TimeoutHandler.run(TransportService.java:626)
	at java.util.concurrent.ThreadPoolExecutor.runWorker(ThreadPoolExecutor.java:1142)
	at java.util.concurrent.ThreadPoolExecutor$Worker.run(ThreadPoolExecutor.java:617)
	at java.lang.Thread.run(Thread.java:745)
[2016-03-29 17:32:08,705][WARN ][org.elasticsearch.discovery.zen.ping.unicast] [node_t1] failed to send ping to [{node_t2}{XBHpx8flSI-R3JHeRcTX2w}{127.0.0.1}{127.0.0.1:30222}[mode=>network]]
ReceiveTimeoutTransportException[[node_t2][127.0.0.1:30222][internal:discovery/zen/unicast] request_id [61] timed out after [3754ms]]
	at org.elasticsearch.transport.TransportService$TimeoutHandler.run(TransportService.java:626)
	at java.util.concurrent.ThreadPoolExecutor.runWorker(ThreadPoolExecutor.java:1142)
	at java.util.concurrent.ThreadPoolExecutor$Worker.run(ThreadPoolExecutor.java:617)
	at java.lang.Thread.run(Thread.java:745)
[2016-03-29 17:32:08,705][WARN ][org.elasticsearch.discovery.zen.ping.unicast] [node_t1] failed to send ping to [{#zen_unicast_1#}{127.0.0.1}{127.0.0.1:30220}]
ReceiveTimeoutTransportException[[node_t0][127.0.0.1:30220][internal:discovery/zen/unicast] request_id [57] timed out after [3754ms]]
	at org.elasticsearch.transport.TransportService$TimeoutHandler.run(TransportService.java:626)
	at java.util.concurrent.ThreadPoolExecutor.runWorker(ThreadPoolExecutor.java:1142)
	at java.util.concurrent.ThreadPoolExecutor$Worker.run(ThreadPoolExecutor.java:617)
	at java.lang.Thread.run(Thread.java:745)
[2016-03-29 17:32:08,705][WARN ][org.elasticsearch.discovery.zen.ping.unicast] [node_t1] failed to send ping to [{#zen_unicast_3#}{127.0.0.1}{127.0.0.1:30222}]
ReceiveTimeoutTransportException[[node_t2][127.0.0.1:30222][internal:discovery/zen/unicast] request_id [59] timed out after [3754ms]]
	at org.elasticsearch.transport.TransportService$TimeoutHandler.run(TransportService.java:626)
	at java.util.concurrent.ThreadPoolExecutor.runWorker(ThreadPoolExecutor.java:1142)
	at java.util.concurrent.ThreadPoolExecutor$Worker.run(ThreadPoolExecutor.java:617)
	at java.lang.Thread.run(Thread.java:745)
[2016-03-29 17:32:08,970][WARN ][org.elasticsearch.discovery.zen.publish] [node_t2] timed out waiting for all nodes to process published state [11] (timeout [1s], pending nodes: [{node_t1}{FU1XbroGSSuY4WFBZrO0TQ}{127.0.0.1}{127.0.0.1:30221}[mode=>network]])
[2016-03-29 17:32:09,968][WARN ][org.elasticsearch.discovery.zen] [node_t1] master left (reason = failed to ping, tried [1] times, each with  maximum [1s] timeout), current nodes: {{node_t0}{wTodaoNZTgWKHYXSUnnIYg}{127.0.0.1}{127.0.0.1:30220}[mode=>network],{node_t1}{FU1XbroGSSuY4WFBZrO0TQ}{127.0.0.1}{127.0.0.1:30221}[mode=>network],}
[2016-03-29 17:32:13,010][WARN ][org.elasticsearch.discovery.zen] [node_t2] not enough master nodes, current nodes: {{node_t2}{XBHpx8flSI-R3JHeRcTX2w}{127.0.0.1}{127.0.0.1:30222}[mode=>network],}
[2016-03-29 17:32:17,131][WARN ][org.elasticsearch.discovery.zen] [node_t0] master left (reason = transport disconnected), current nodes: {{node_t0}{XP69uFDDSUifyfWJYZAnqw}{127.0.0.1}{127.0.0.1:30223}[mode=>network],}
[2016-03-29 17:32:28,218][WARN ][org.elasticsearch.discovery.zen] [node_t0] master left (reason = failed to ping, tried [1] times, each with  maximum [1s] timeout), current nodes: {{node_t0}{7IJxWLCwRUSJDaBkNNQIig}{127.0.0.1}{127.0.0.1:30225}[mode=>network],{node_t2}{zZWVW4-NSgShjF0VDFw_Bg}{127.0.0.1}{127.0.0.1:30227}[mode=>network],}
[2016-03-29 17:32:31,241][WARN ][org.elasticsearch.cluster.action.shard] [node_t1] [test][2] received shard failed for [test][2], node[7IJxWLCwRUSJDaBkNNQIig], [R], v[3], s[STARTED], a[id=0mIC4c4zTjGxHimTQm_i-Q], indexUUID [D_PKZTa-QSuGDDANg1Sy8A], message [simulated], failure [CorruptIndexException[simulated (resource=null)]]
org.apache.lucene.index.CorruptIndexException: simulated (resource=null)
	at org.elasticsearch.discovery.DiscoveryWithServiceDisruptionsIT.testSendingShardFailure(DiscoveryWithServiceDisruptionsIT.java:917)
	at sun.reflect.NativeMethodAccessorImpl.invoke0(Native Method)
	at sun.reflect.NativeMethodAccessorImpl.invoke(NativeMethodAccessorImpl.java:62)
	at sun.reflect.DelegatingMethodAccessorImpl.invoke(DelegatingMethodAccessorImpl.java:43)
	at java.lang.reflect.Method.invoke(Method.java:483)
	at com.carrotsearch.randomizedtesting.RandomizedRunner.invoke(RandomizedRunner.java:1764)
	at com.carrotsearch.randomizedtesting.RandomizedRunner$8.evaluate(RandomizedRunner.java:871)
	at com.carrotsearch.randomizedtesting.RandomizedRunner$9.evaluate(RandomizedRunner.java:907)
	at com.carrotsearch.randomizedtesting.RandomizedRunner$10.evaluate(RandomizedRunner.java:921)
	at com.carrotsearch.randomizedtesting.rules.StatementAdapter.evaluate(StatementAdapter.java:36)
	at org.apache.lucene.util.TestRuleSetupTeardownChained$1.evaluate(TestRuleSetupTeardownChained.java:50)
	at org.apache.lucene.util.AbstractBeforeAfterRule$1.evaluate(AbstractBeforeAfterRule.java:46)
	at org.apache.lucene.util.TestRuleThreadAndTestName$1.evaluate(TestRuleThreadAndTestName.java:49)
	at org.apache.lucene.util.TestRuleIgnoreAfterMaxFailures$1.evaluate(TestRuleIgnoreAfterMaxFailures.java:65)
	at org.apache.lucene.util.TestRuleMarkFailure$1.evaluate(TestRuleMarkFailure.java:48)
	at com.carrotsearch.randomizedtesting.rules.StatementAdapter.evaluate(StatementAdapter.java:36)
	at com.carrotsearch.randomizedtesting.ThreadLeakControl$StatementRunner.run(ThreadLeakControl.java:367)
	at com.carrotsearch.randomizedtesting.ThreadLeakControl.forkTimeoutingTask(ThreadLeakControl.java:809)
	at com.carrotsearch.randomizedtesting.ThreadLeakControl$3.evaluate(ThreadLeakControl.java:460)
	at com.carrotsearch.randomizedtesting.RandomizedRunner.runSingleTest(RandomizedRunner.java:880)
	at com.carrotsearch.randomizedtesting.RandomizedRunner$5.evaluate(RandomizedRunner.java:781)
	at com.carrotsearch.randomizedtesting.RandomizedRunner$6.evaluate(RandomizedRunner.java:816)
	at com.carrotsearch.randomizedtesting.RandomizedRunner$7.evaluate(RandomizedRunner.java:827)
	at org.apache.lucene.util.AbstractBeforeAfterRule$1.evaluate(AbstractBeforeAfterRule.java:46)
	at com.carrotsearch.randomizedtesting.rules.StatementAdapter.evaluate(StatementAdapter.java:36)
	at org.apache.lucene.util.TestRuleStoreClassName$1.evaluate(TestRuleStoreClassName.java:42)
	at com.carrotsearch.randomizedtesting.rules.NoShadowingOrOverridesOnMethodsRule$1.evaluate(NoShadowingOrOverridesOnMethodsRule.java:40)
	at com.carrotsearch.randomizedtesting.rules.NoShadowingOrOverridesOnMethodsRule$1.evaluate(NoShadowingOrOverridesOnMethodsRule.java:40)
	at com.carrotsearch.randomizedtesting.rules.StatementAdapter.evaluate(StatementAdapter.java:36)
	at com.carrotsearch.randomizedtesting.rules.StatementAdapter.evaluate(StatementAdapter.java:36)
	at com.carrotsearch.randomizedtesting.rules.StatementAdapter.evaluate(StatementAdapter.java:36)
	at org.apache.lucene.util.TestRuleAssertionsRequired$1.evaluate(TestRuleAssertionsRequired.java:54)
	at org.apache.lucene.util.TestRuleMarkFailure$1.evaluate(TestRuleMarkFailure.java:48)
	at org.apache.lucene.util.TestRuleIgnoreAfterMaxFailures$1.evaluate(TestRuleIgnoreAfterMaxFailures.java:65)
	at org.apache.lucene.util.TestRuleIgnoreTestSuites$1.evaluate(TestRuleIgnoreTestSuites.java:55)
	at com.carrotsearch.randomizedtesting.rules.StatementAdapter.evaluate(StatementAdapter.java:36)
	at com.carrotsearch.randomizedtesting.ThreadLeakControl$StatementRunner.run(ThreadLeakControl.java:367)
	at java.lang.Thread.run(Thread.java:745)
[2016-03-29 17:32:31,278][WARN ][org.elasticsearch.discovery.zen.ping.unicast] [node_t0] failed to send ping to [{#zen_unicast_3#}{127.0.0.1}{127.0.0.1:30227}]
TransportException[transport stopped, action: internal:discovery/zen/unicast]
	at org.elasticsearch.transport.TransportService$2.run(TransportService.java:190)
	at java.util.concurrent.ThreadPoolExecutor.runWorker(ThreadPoolExecutor.java:1142)
	at java.util.concurrent.ThreadPoolExecutor$Worker.run(ThreadPoolExecutor.java:617)
	at java.lang.Thread.run(Thread.java:745)
[2016-03-29 17:32:31,278][WARN ][org.elasticsearch.discovery.zen.ping.unicast] [node_t0] failed to send ping to [{node_t2}{zZWVW4-NSgShjF0VDFw_Bg}{127.0.0.1}{127.0.0.1:30227}[mode=>network]]
TransportException[transport stopped, action: internal:discovery/zen/unicast]
	at org.elasticsearch.transport.TransportService$2.run(TransportService.java:190)
	at java.util.concurrent.ThreadPoolExecutor.runWorker(ThreadPoolExecutor.java:1142)
	at java.util.concurrent.ThreadPoolExecutor$Worker.run(ThreadPoolExecutor.java:617)
	at java.lang.Thread.run(Thread.java:745)
[2016-03-29 17:32:31,280][WARN ][org.elasticsearch.discovery.zen] [node_t2] master left (reason = shut_down), current nodes: {{node_t2}{zZWVW4-NSgShjF0VDFw_Bg}{127.0.0.1}{127.0.0.1:30227}[mode=>network],}
[2016-03-29 17:32:37,547][WARN ][org.elasticsearch.discovery.zen] [node_t2] master left (reason = transport disconnected), current nodes: {{node_t1}{DUAtENE-S4yHTIb7q13Q3w}{127.0.0.1}{127.0.0.1:30229}[master=>false, mode=>network],{node_t2}{R6lXLSIVT5iP2nBObYa7Hg}{127.0.0.1}{127.0.0.1:30230}[master=>false, mode=>network],}
[2016-03-29 17:32:37,547][WARN ][org.elasticsearch.discovery.zen] [node_t1] master left (reason = transport disconnected), current nodes: {{node_t1}{DUAtENE-S4yHTIb7q13Q3w}{127.0.0.1}{127.0.0.1:30229}[master=>false, mode=>network],{node_t2}{R6lXLSIVT5iP2nBObYa7Hg}{127.0.0.1}{127.0.0.1:30230}[master=>false, mode=>network],}
[2016-03-29 17:32:37,581][TRACE][org.elasticsearch.cluster.service] [node_t0] will process [initial_join]
[2016-03-29 17:32:37,581][DEBUG][org.elasticsearch.cluster.service] [node_t0] processing [initial_join]: execute
[2016-03-29 17:32:37,581][DEBUG][org.elasticsearch.cluster.service] [node_t0] processing [initial_join]: took 0s no change in cluster_state
[2016-03-29 17:32:37,608][TRACE][org.elasticsearch.cluster.service] [node_t1] will process [initial_join]
[2016-03-29 17:32:37,608][DEBUG][org.elasticsearch.cluster.service] [node_t1] processing [initial_join]: execute
[2016-03-29 17:32:37,609][DEBUG][org.elasticsearch.cluster.service] [node_t1] processing [initial_join]: took 0s no change in cluster_state
[2016-03-29 17:32:37,628][TRACE][org.elasticsearch.cluster.service] [node_t2] will process [initial_join]
[2016-03-29 17:32:37,628][DEBUG][org.elasticsearch.cluster.service] [node_t2] processing [initial_join]: execute
[2016-03-29 17:32:37,629][DEBUG][org.elasticsearch.cluster.service] [node_t2] processing [initial_join]: took 0s no change in cluster_state
[2016-03-29 17:32:40,640][TRACE][org.elasticsearch.cluster.service] [node_t2] will process [zen-disco-join(elected_as_master, [2] joins received)]
[2016-03-29 17:32:40,640][DEBUG][org.elasticsearch.cluster.service] [node_t2] processing [zen-disco-join(elected_as_master, [2] joins received)]: execute
[2016-03-29 17:32:40,640][TRACE][org.elasticsearch.cluster.service] [node_t2] cluster state updated, source [zen-disco-join(elected_as_master, [2] joins received)]
version: 1
state uuid: M3BSJu6QRXOzaHXYMmyZlQ
from_diff: false
meta data version: 0
blocks: 
   _global_:
      1,state not recovered / initialized, blocks READ,WRITE,METADATA_READ,METADATA_WRITE
nodes: 
   {node_t2}{DI3rNxqOQJ6kN5NVd00lUg}{127.0.0.1}{127.0.0.1:30233}[mode=>network], local, master
   {node_t1}{jG1mjILaTQmnObJNOoAMbQ}{127.0.0.1}{127.0.0.1:30232}[mode=>network]
   {node_t0}{iXpKQXiYTIS7h8XdSLn8aQ}{127.0.0.1}{127.0.0.1:30231}[mode=>network]
routing_table (version 0):
routing_nodes:
-----node_id[DI3rNxqOQJ6kN5NVd00lUg][V]
-----node_id[jG1mjILaTQmnObJNOoAMbQ][V]
-----node_id[iXpKQXiYTIS7h8XdSLn8aQ][V]
---- unassigned

[2016-03-29 17:32:40,640][INFO ][org.elasticsearch.cluster.service] [node_t2] new_master {node_t2}{DI3rNxqOQJ6kN5NVd00lUg}{127.0.0.1}{127.0.0.1:30233}[mode=>network], added {{node_t1}{jG1mjILaTQmnObJNOoAMbQ}{127.0.0.1}{127.0.0.1:30232}[mode=>network],{node_t0}{iXpKQXiYTIS7h8XdSLn8aQ}{127.0.0.1}{127.0.0.1:30231}[mode=>network],}, reason: zen-disco-join(elected_as_master, [2] joins received)
[2016-03-29 17:32:40,640][DEBUG][org.elasticsearch.cluster.service] [node_t2] publishing cluster state version [1]
[2016-03-29 17:32:40,641][TRACE][org.elasticsearch.cluster.service] [node_t0] will process [zen-disco-receive(from master [master {node_t2}{DI3rNxqOQJ6kN5NVd00lUg}{127.0.0.1}{127.0.0.1:30233}[mode=>network] committed version [1]])]
[2016-03-29 17:32:40,641][DEBUG][org.elasticsearch.cluster.service] [node_t0] processing [zen-disco-receive(from master [master {node_t2}{DI3rNxqOQJ6kN5NVd00lUg}{127.0.0.1}{127.0.0.1:30233}[mode=>network] committed version [1]])]: execute
[2016-03-29 17:32:40,641][TRACE][org.elasticsearch.cluster.service] [node_t1] will process [zen-disco-receive(from master [master {node_t2}{DI3rNxqOQJ6kN5NVd00lUg}{127.0.0.1}{127.0.0.1:30233}[mode=>network] committed version [1]])]
[2016-03-29 17:32:40,641][DEBUG][org.elasticsearch.cluster.service] [node_t1] processing [zen-disco-receive(from master [master {node_t2}{DI3rNxqOQJ6kN5NVd00lUg}{127.0.0.1}{127.0.0.1:30233}[mode=>network] committed version [1]])]: execute
[2016-03-29 17:32:40,642][TRACE][org.elasticsearch.cluster.service] [node_t0] cluster state updated, source [zen-disco-receive(from master [master {node_t2}{DI3rNxqOQJ6kN5NVd00lUg}{127.0.0.1}{127.0.0.1:30233}[mode=>network] committed version [1]])]
version: 1
state uuid: M3BSJu6QRXOzaHXYMmyZlQ
from_diff: false
meta data version: 0
blocks: 
   _global_:
      1,state not recovered / initialized, blocks READ,WRITE,METADATA_READ,METADATA_WRITE
nodes: 
   {node_t2}{DI3rNxqOQJ6kN5NVd00lUg}{127.0.0.1}{127.0.0.1:30233}[mode=>network], master
   {node_t1}{jG1mjILaTQmnObJNOoAMbQ}{127.0.0.1}{127.0.0.1:30232}[mode=>network]
   {node_t0}{iXpKQXiYTIS7h8XdSLn8aQ}{127.0.0.1}{127.0.0.1:30231}[mode=>network], local
routing_table (version 0):
routing_nodes:
-----node_id[DI3rNxqOQJ6kN5NVd00lUg][V]
-----node_id[jG1mjILaTQmnObJNOoAMbQ][V]
-----node_id[iXpKQXiYTIS7h8XdSLn8aQ][V]
---- unassigned

[2016-03-29 17:32:40,642][TRACE][org.elasticsearch.cluster.service] [node_t1] cluster state updated, source [zen-disco-receive(from master [master {node_t2}{DI3rNxqOQJ6kN5NVd00lUg}{127.0.0.1}{127.0.0.1:30233}[mode=>network] committed version [1]])]
version: 1
state uuid: M3BSJu6QRXOzaHXYMmyZlQ
from_diff: false
meta data version: 0
blocks: 
   _global_:
      1,state not recovered / initialized, blocks READ,WRITE,METADATA_READ,METADATA_WRITE
nodes: 
   {node_t2}{DI3rNxqOQJ6kN5NVd00lUg}{127.0.0.1}{127.0.0.1:30233}[mode=>network], master
   {node_t1}{jG1mjILaTQmnObJNOoAMbQ}{127.0.0.1}{127.0.0.1:30232}[mode=>network], local
   {node_t0}{iXpKQXiYTIS7h8XdSLn8aQ}{127.0.0.1}{127.0.0.1:30231}[mode=>network]
routing_table (version 0):
routing_nodes:
-----node_id[DI3rNxqOQJ6kN5NVd00lUg][V]
-----node_id[jG1mjILaTQmnObJNOoAMbQ][V]
-----node_id[iXpKQXiYTIS7h8XdSLn8aQ][V]
---- unassigned

[2016-03-29 17:32:40,642][INFO ][org.elasticsearch.cluster.service] [node_t0] detected_master {node_t2}{DI3rNxqOQJ6kN5NVd00lUg}{127.0.0.1}{127.0.0.1:30233}[mode=>network], added {{node_t2}{DI3rNxqOQJ6kN5NVd00lUg}{127.0.0.1}{127.0.0.1:30233}[mode=>network],{node_t1}{jG1mjILaTQmnObJNOoAMbQ}{127.0.0.1}{127.0.0.1:30232}[mode=>network],}, reason: zen-disco-receive(from master [master {node_t2}{DI3rNxqOQJ6kN5NVd00lUg}{127.0.0.1}{127.0.0.1:30233}[mode=>network] committed version [1]])
[2016-03-29 17:32:40,642][INFO ][org.elasticsearch.cluster.service] [node_t1] detected_master {node_t2}{DI3rNxqOQJ6kN5NVd00lUg}{127.0.0.1}{127.0.0.1:30233}[mode=>network], added {{node_t2}{DI3rNxqOQJ6kN5NVd00lUg}{127.0.0.1}{127.0.0.1:30233}[mode=>network],{node_t0}{iXpKQXiYTIS7h8XdSLn8aQ}{127.0.0.1}{127.0.0.1:30231}[mode=>network],}, reason: zen-disco-receive(from master [master {node_t2}{DI3rNxqOQJ6kN5NVd00lUg}{127.0.0.1}{127.0.0.1:30233}[mode=>network] committed version [1]])
[2016-03-29 17:32:40,644][DEBUG][org.elasticsearch.cluster.service] [node_t1] set local cluster state to version 1
[2016-03-29 17:32:40,644][DEBUG][org.elasticsearch.cluster.service] [node_t0] set local cluster state to version 1
[2016-03-29 17:32:40,644][DEBUG][org.elasticsearch.cluster.service] [node_t1] processing [zen-disco-receive(from master [master {node_t2}{DI3rNxqOQJ6kN5NVd00lUg}{127.0.0.1}{127.0.0.1:30233}[mode=>network] committed version [1]])]: took 2ms done applying updated cluster_state (version: 1, uuid: M3BSJu6QRXOzaHXYMmyZlQ)
[2016-03-29 17:32:40,644][DEBUG][org.elasticsearch.cluster.service] [node_t0] processing [zen-disco-receive(from master [master {node_t2}{DI3rNxqOQJ6kN5NVd00lUg}{127.0.0.1}{127.0.0.1:30233}[mode=>network] committed version [1]])]: took 2ms done applying updated cluster_state (version: 1, uuid: M3BSJu6QRXOzaHXYMmyZlQ)
[2016-03-29 17:32:40,644][TRACE][org.elasticsearch.cluster.service] [node_t1] will process [gateway_initial_state_recovery]
[2016-03-29 17:32:40,644][DEBUG][org.elasticsearch.cluster.service] [node_t2] set local cluster state to version 1
[2016-03-29 17:32:40,644][TRACE][org.elasticsearch.cluster.service] [node_t0] will process [gateway_initial_state_recovery]
[2016-03-29 17:32:40,644][DEBUG][org.elasticsearch.cluster.service] [node_t0] processing [gateway_initial_state_recovery]: execute
[2016-03-29 17:32:40,644][DEBUG][org.elasticsearch.cluster.service] [node_t1] processing [gateway_initial_state_recovery]: execute
[2016-03-29 17:32:40,644][DEBUG][org.elasticsearch.cluster.service] [node_t0] processing [gateway_initial_state_recovery]: took 0s no change in cluster_state
[2016-03-29 17:32:40,644][DEBUG][org.elasticsearch.cluster.service] [node_t1] processing [gateway_initial_state_recovery]: took 0s no change in cluster_state
[2016-03-29 17:32:40,644][DEBUG][org.elasticsearch.cluster.service] [node_t2] processing [zen-disco-join(elected_as_master, [2] joins received)]: took 3ms done applying updated cluster_state (version: 1, uuid: M3BSJu6QRXOzaHXYMmyZlQ)
[2016-03-29 17:32:40,644][TRACE][org.elasticsearch.cluster.service] [node_t2] will process [cluster_reroute(post_node_add)]
[2016-03-29 17:32:40,644][DEBUG][org.elasticsearch.cluster.service] [node_t2] processing [cluster_reroute(post_node_add)]: execute
[2016-03-29 17:32:40,644][TRACE][org.elasticsearch.cluster.service] [node_t0] will process [finalize_join ({node_t2}{DI3rNxqOQJ6kN5NVd00lUg}{127.0.0.1}{127.0.0.1:30233}[mode=>network])]
[2016-03-29 17:32:40,644][DEBUG][org.elasticsearch.cluster.service] [node_t0] processing [finalize_join ({node_t2}{DI3rNxqOQJ6kN5NVd00lUg}{127.0.0.1}{127.0.0.1:30233}[mode=>network])]: execute
[2016-03-29 17:32:40,644][DEBUG][org.elasticsearch.cluster.service] [node_t2] processing [cluster_reroute(post_node_add)]: took 0s no change in cluster_state
[2016-03-29 17:32:40,644][DEBUG][org.elasticsearch.cluster.service] [node_t0] processing [finalize_join ({node_t2}{DI3rNxqOQJ6kN5NVd00lUg}{127.0.0.1}{127.0.0.1:30233}[mode=>network])]: took 0s no change in cluster_state
[2016-03-29 17:32:40,644][TRACE][org.elasticsearch.cluster.service] [node_t2] will process [gateway_initial_state_recovery]
[2016-03-29 17:32:40,644][DEBUG][org.elasticsearch.cluster.service] [node_t2] processing [gateway_initial_state_recovery]: execute
[2016-03-29 17:32:40,644][DEBUG][org.elasticsearch.cluster.service] [node_t2] processing [gateway_initial_state_recovery]: took 0s no change in cluster_state
[2016-03-29 17:32:40,644][TRACE][org.elasticsearch.cluster.service] [node_t2] will process [cluster_health (wait_for_events [LANGUID])]
[2016-03-29 17:32:40,644][DEBUG][org.elasticsearch.cluster.service] [node_t2] processing [cluster_health (wait_for_events [LANGUID])]: execute
[2016-03-29 17:32:40,644][TRACE][org.elasticsearch.cluster.service] [node_t1] will process [finalize_join ({node_t2}{DI3rNxqOQJ6kN5NVd00lUg}{127.0.0.1}{127.0.0.1:30233}[mode=>network])]
[2016-03-29 17:32:40,644][DEBUG][org.elasticsearch.cluster.service] [node_t1] processing [finalize_join ({node_t2}{DI3rNxqOQJ6kN5NVd00lUg}{127.0.0.1}{127.0.0.1:30233}[mode=>network])]: execute
[2016-03-29 17:32:40,644][DEBUG][org.elasticsearch.cluster.service] [node_t1] processing [finalize_join ({node_t2}{DI3rNxqOQJ6kN5NVd00lUg}{127.0.0.1}{127.0.0.1:30233}[mode=>network])]: took 0s no change in cluster_state
[2016-03-29 17:32:40,644][DEBUG][org.elasticsearch.cluster.service] [node_t2] processing [cluster_health (wait_for_events [LANGUID])]: took 0s no change in cluster_state
[2016-03-29 17:32:40,645][TRACE][org.elasticsearch.cluster.service] [node_t2] will process [local-gateway-elected-state]
[2016-03-29 17:32:40,645][DEBUG][org.elasticsearch.cluster.service] [node_t2] processing [local-gateway-elected-state]: execute
[2016-03-29 17:32:40,645][TRACE][org.elasticsearch.cluster.service] [node_t2] cluster state updated, source [local-gateway-elected-state]
version: 2
state uuid: 0vkqPvQBRUubu_WL2Kfkzg
from_diff: false
meta data version: 1
nodes: 
   {node_t2}{DI3rNxqOQJ6kN5NVd00lUg}{127.0.0.1}{127.0.0.1:30233}[mode=>network], local, master
   {node_t1}{jG1mjILaTQmnObJNOoAMbQ}{127.0.0.1}{127.0.0.1:30232}[mode=>network]
   {node_t0}{iXpKQXiYTIS7h8XdSLn8aQ}{127.0.0.1}{127.0.0.1:30231}[mode=>network]
routing_table (version 1):
routing_nodes:
-----node_id[DI3rNxqOQJ6kN5NVd00lUg][V]
-----node_id[jG1mjILaTQmnObJNOoAMbQ][V]
-----node_id[iXpKQXiYTIS7h8XdSLn8aQ][V]
---- unassigned

[2016-03-29 17:32:40,645][DEBUG][org.elasticsearch.cluster.service] [node_t2] publishing cluster state version [2]
[2016-03-29 17:32:40,645][TRACE][org.elasticsearch.cluster.service] [node_t0] will process [zen-disco-receive(from master [master {node_t2}{DI3rNxqOQJ6kN5NVd00lUg}{127.0.0.1}{127.0.0.1:30233}[mode=>network] committed version [2]])]
[2016-03-29 17:32:40,645][DEBUG][org.elasticsearch.cluster.service] [node_t0] processing [zen-disco-receive(from master [master {node_t2}{DI3rNxqOQJ6kN5NVd00lUg}{127.0.0.1}{127.0.0.1:30233}[mode=>network] committed version [2]])]: execute
[2016-03-29 17:32:40,645][TRACE][org.elasticsearch.cluster.service] [node_t1] will process [zen-disco-receive(from master [master {node_t2}{DI3rNxqOQJ6kN5NVd00lUg}{127.0.0.1}{127.0.0.1:30233}[mode=>network] committed version [2]])]
[2016-03-29 17:32:40,645][DEBUG][org.elasticsearch.cluster.service] [node_t1] processing [zen-disco-receive(from master [master {node_t2}{DI3rNxqOQJ6kN5NVd00lUg}{127.0.0.1}{127.0.0.1:30233}[mode=>network] committed version [2]])]: execute
[2016-03-29 17:32:40,645][TRACE][org.elasticsearch.cluster.service] [node_t0] cluster state updated, source [zen-disco-receive(from master [master {node_t2}{DI3rNxqOQJ6kN5NVd00lUg}{127.0.0.1}{127.0.0.1:30233}[mode=>network] committed version [2]])]
version: 2
state uuid: 0vkqPvQBRUubu_WL2Kfkzg
from_diff: false
meta data version: 1
nodes: 
   {node_t2}{DI3rNxqOQJ6kN5NVd00lUg}{127.0.0.1}{127.0.0.1:30233}[mode=>network], master
   {node_t1}{jG1mjILaTQmnObJNOoAMbQ}{127.0.0.1}{127.0.0.1:30232}[mode=>network]
   {node_t0}{iXpKQXiYTIS7h8XdSLn8aQ}{127.0.0.1}{127.0.0.1:30231}[mode=>network], local
routing_table (version 1):
routing_nodes:
-----node_id[DI3rNxqOQJ6kN5NVd00lUg][V]
-----node_id[jG1mjILaTQmnObJNOoAMbQ][V]
-----node_id[iXpKQXiYTIS7h8XdSLn8aQ][V]
---- unassigned

[2016-03-29 17:32:40,646][DEBUG][org.elasticsearch.cluster.service] [node_t0] set local cluster state to version 2
[2016-03-29 17:32:40,646][TRACE][org.elasticsearch.cluster.service] [node_t1] cluster state updated, source [zen-disco-receive(from master [master {node_t2}{DI3rNxqOQJ6kN5NVd00lUg}{127.0.0.1}{127.0.0.1:30233}[mode=>network] committed version [2]])]
version: 2
state uuid: 0vkqPvQBRUubu_WL2Kfkzg
from_diff: false
meta data version: 1
nodes: 
   {node_t2}{DI3rNxqOQJ6kN5NVd00lUg}{127.0.0.1}{127.0.0.1:30233}[mode=>network], master
   {node_t1}{jG1mjILaTQmnObJNOoAMbQ}{127.0.0.1}{127.0.0.1:30232}[mode=>network], local
   {node_t0}{iXpKQXiYTIS7h8XdSLn8aQ}{127.0.0.1}{127.0.0.1:30231}[mode=>network]
routing_table (version 1):
routing_nodes:
-----node_id[DI3rNxqOQJ6kN5NVd00lUg][V]
-----node_id[jG1mjILaTQmnObJNOoAMbQ][V]
-----node_id[iXpKQXiYTIS7h8XdSLn8aQ][V]
---- unassigned

[2016-03-29 17:32:40,646][DEBUG][org.elasticsearch.cluster.service] [node_t1] set local cluster state to version 2
[2016-03-29 17:32:40,647][DEBUG][org.elasticsearch.cluster.service] [node_t1] processing [zen-disco-receive(from master [master {node_t2}{DI3rNxqOQJ6kN5NVd00lUg}{127.0.0.1}{127.0.0.1:30233}[mode=>network] committed version [2]])]: took 1ms done applying updated cluster_state (version: 2, uuid: 0vkqPvQBRUubu_WL2Kfkzg)
[2016-03-29 17:32:40,647][DEBUG][org.elasticsearch.cluster.service] [node_t0] processing [zen-disco-receive(from master [master {node_t2}{DI3rNxqOQJ6kN5NVd00lUg}{127.0.0.1}{127.0.0.1:30233}[mode=>network] committed version [2]])]: took 1ms done applying updated cluster_state (version: 2, uuid: 0vkqPvQBRUubu_WL2Kfkzg)
[2016-03-29 17:32:40,647][DEBUG][org.elasticsearch.cluster.service] [node_t2] set local cluster state to version 2
[2016-03-29 17:32:40,647][DEBUG][org.elasticsearch.cluster.service] [node_t2] processing [local-gateway-elected-state]: took 2ms done applying updated cluster_state (version: 2, uuid: 0vkqPvQBRUubu_WL2Kfkzg)
[2016-03-29 17:32:40,647][TRACE][org.elasticsearch.cluster.service] [node_t2] will process [create-index [test], cause [api]]
[2016-03-29 17:32:40,647][DEBUG][org.elasticsearch.cluster.service] [node_t2] processing [create-index [test], cause [api]]: execute
[2016-03-29 17:32:40,648][TRACE][org.elasticsearch.cluster.service] expecting 3 acknowledgements for cluster_state update (version: 3)
[2016-03-29 17:32:40,648][TRACE][org.elasticsearch.cluster.service] [node_t2] cluster state updated, source [create-index [test], cause [api]]
version: 3
state uuid: KtcvDQ4_QpOShLE9ayifEQ
from_diff: false
meta data version: 2
nodes: 
   {node_t2}{DI3rNxqOQJ6kN5NVd00lUg}{127.0.0.1}{127.0.0.1:30233}[mode=>network], local, master
   {node_t1}{jG1mjILaTQmnObJNOoAMbQ}{127.0.0.1}{127.0.0.1:30232}[mode=>network]
   {node_t0}{iXpKQXiYTIS7h8XdSLn8aQ}{127.0.0.1}{127.0.0.1:30231}[mode=>network]
routing_table (version 2):
-- index [test]
----shard_id [test][0]
--------[test][0], node[DI3rNxqOQJ6kN5NVd00lUg], [P], v[1], s[INITIALIZING], a[id=2jrC3AGWRM2UAyPrxL-RFw], unassigned_info[[reason=INDEX_CREATED], at[2016-03-29T21:32:40.648Z]]
--------[test][0], node[null], [R], v[1], s[UNASSIGNED], unassigned_info[[reason=INDEX_CREATED], at[2016-03-29T21:32:40.648Z]]
--------[test][0], node[null], [R], v[1], s[UNASSIGNED], unassigned_info[[reason=INDEX_CREATED], at[2016-03-29T21:32:40.648Z]]

routing_nodes:
-----node_id[DI3rNxqOQJ6kN5NVd00lUg][V]
--------[test][0], node[DI3rNxqOQJ6kN5NVd00lUg], [P], v[1], s[INITIALIZING], a[id=2jrC3AGWRM2UAyPrxL-RFw], unassigned_info[[reason=INDEX_CREATED], at[2016-03-29T21:32:40.648Z]]
-----node_id[jG1mjILaTQmnObJNOoAMbQ][V]
-----node_id[iXpKQXiYTIS7h8XdSLn8aQ][V]
---- unassigned
--------[test][0], node[null], [R], v[1], s[UNASSIGNED], unassigned_info[[reason=INDEX_CREATED], at[2016-03-29T21:32:40.648Z]]
--------[test][0], node[null], [R], v[1], s[UNASSIGNED], unassigned_info[[reason=INDEX_CREATED], at[2016-03-29T21:32:40.648Z]]

[2016-03-29 17:32:40,648][DEBUG][org.elasticsearch.cluster.service] [node_t2] publishing cluster state version [3]
[2016-03-29 17:32:40,649][TRACE][org.elasticsearch.cluster.service] [node_t1] will process [zen-disco-receive(from master [master {node_t2}{DI3rNxqOQJ6kN5NVd00lUg}{127.0.0.1}{127.0.0.1:30233}[mode=>network] committed version [3]])]
[2016-03-29 17:32:40,649][DEBUG][org.elasticsearch.cluster.service] [node_t1] processing [zen-disco-receive(from master [master {node_t2}{DI3rNxqOQJ6kN5NVd00lUg}{127.0.0.1}{127.0.0.1:30233}[mode=>network] committed version [3]])]: execute
[2016-03-29 17:32:40,649][TRACE][org.elasticsearch.cluster.service] [node_t0] will process [zen-disco-receive(from master [master {node_t2}{DI3rNxqOQJ6kN5NVd00lUg}{127.0.0.1}{127.0.0.1:30233}[mode=>network] committed version [3]])]
[2016-03-29 17:32:40,649][DEBUG][org.elasticsearch.cluster.service] [node_t0] processing [zen-disco-receive(from master [master {node_t2}{DI3rNxqOQJ6kN5NVd00lUg}{127.0.0.1}{127.0.0.1:30233}[mode=>network] committed version [3]])]: execute
[2016-03-29 17:32:40,649][TRACE][org.elasticsearch.cluster.service] [node_t1] cluster state updated, source [zen-disco-receive(from master [master {node_t2}{DI3rNxqOQJ6kN5NVd00lUg}{127.0.0.1}{127.0.0.1:30233}[mode=>network] committed version [3]])]
version: 3
state uuid: KtcvDQ4_QpOShLE9ayifEQ
from_diff: false
meta data version: 2
nodes: 
   {node_t2}{DI3rNxqOQJ6kN5NVd00lUg}{127.0.0.1}{127.0.0.1:30233}[mode=>network], master
   {node_t1}{jG1mjILaTQmnObJNOoAMbQ}{127.0.0.1}{127.0.0.1:30232}[mode=>network], local
   {node_t0}{iXpKQXiYTIS7h8XdSLn8aQ}{127.0.0.1}{127.0.0.1:30231}[mode=>network]
routing_table (version 2):
-- index [test]
----shard_id [test][0]
--------[test][0], node[DI3rNxqOQJ6kN5NVd00lUg], [P], v[1], s[INITIALIZING], a[id=2jrC3AGWRM2UAyPrxL-RFw], unassigned_info[[reason=INDEX_CREATED], at[2016-03-29T21:32:40.648Z]]
--------[test][0], node[null], [R], v[1], s[UNASSIGNED], unassigned_info[[reason=INDEX_CREATED], at[2016-03-29T21:32:40.648Z]]
--------[test][0], node[null], [R], v[1], s[UNASSIGNED], unassigned_info[[reason=INDEX_CREATED], at[2016-03-29T21:32:40.648Z]]

routing_nodes:
-----node_id[DI3rNxqOQJ6kN5NVd00lUg][V]
--------[test][0], node[DI3rNxqOQJ6kN5NVd00lUg], [P], v[1], s[INITIALIZING], a[id=2jrC3AGWRM2UAyPrxL-RFw], unassigned_info[[reason=INDEX_CREATED], at[2016-03-29T21:32:40.648Z]]
-----node_id[jG1mjILaTQmnObJNOoAMbQ][V]
-----node_id[iXpKQXiYTIS7h8XdSLn8aQ][V]
---- unassigned
--------[test][0], node[null], [R], v[1], s[UNASSIGNED], unassigned_info[[reason=INDEX_CREATED], at[2016-03-29T21:32:40.648Z]]
--------[test][0], node[null], [R], v[1], s[UNASSIGNED], unassigned_info[[reason=INDEX_CREATED], at[2016-03-29T21:32:40.648Z]]

[2016-03-29 17:32:40,649][TRACE][org.elasticsearch.cluster.service] [node_t0] cluster state updated, source [zen-disco-receive(from master [master {node_t2}{DI3rNxqOQJ6kN5NVd00lUg}{127.0.0.1}{127.0.0.1:30233}[mode=>network] committed version [3]])]
version: 3
state uuid: KtcvDQ4_QpOShLE9ayifEQ
from_diff: false
meta data version: 2
nodes: 
   {node_t2}{DI3rNxqOQJ6kN5NVd00lUg}{127.0.0.1}{127.0.0.1:30233}[mode=>network], master
   {node_t1}{jG1mjILaTQmnObJNOoAMbQ}{127.0.0.1}{127.0.0.1:30232}[mode=>network]
   {node_t0}{iXpKQXiYTIS7h8XdSLn8aQ}{127.0.0.1}{127.0.0.1:30231}[mode=>network], local
routing_table (version 2):
-- index [test]
----shard_id [test][0]
--------[test][0], node[DI3rNxqOQJ6kN5NVd00lUg], [P], v[1], s[INITIALIZING], a[id=2jrC3AGWRM2UAyPrxL-RFw], unassigned_info[[reason=INDEX_CREATED], at[2016-03-29T21:32:40.648Z]]
--------[test][0], node[null], [R], v[1], s[UNASSIGNED], unassigned_info[[reason=INDEX_CREATED], at[2016-03-29T21:32:40.648Z]]
--------[test][0], node[null], [R], v[1], s[UNASSIGNED], unassigned_info[[reason=INDEX_CREATED], at[2016-03-29T21:32:40.648Z]]

routing_nodes:
-----node_id[DI3rNxqOQJ6kN5NVd00lUg][V]
--------[test][0], node[DI3rNxqOQJ6kN5NVd00lUg], [P], v[1], s[INITIALIZING], a[id=2jrC3AGWRM2UAyPrxL-RFw], unassigned_info[[reason=INDEX_CREATED], at[2016-03-29T21:32:40.648Z]]
-----node_id[jG1mjILaTQmnObJNOoAMbQ][V]
-----node_id[iXpKQXiYTIS7h8XdSLn8aQ][V]
---- unassigned
--------[test][0], node[null], [R], v[1], s[UNASSIGNED], unassigned_info[[reason=INDEX_CREATED], at[2016-03-29T21:32:40.648Z]]
--------[test][0], node[null], [R], v[1], s[UNASSIGNED], unassigned_info[[reason=INDEX_CREATED], at[2016-03-29T21:32:40.648Z]]

[2016-03-29 17:32:40,650][DEBUG][org.elasticsearch.cluster.service] [node_t0] set local cluster state to version 3
[2016-03-29 17:32:40,649][DEBUG][org.elasticsearch.cluster.service] [node_t1] set local cluster state to version 3
[2016-03-29 17:32:40,651][DEBUG][org.elasticsearch.cluster.service] [node_t1] processing [zen-disco-receive(from master [master {node_t2}{DI3rNxqOQJ6kN5NVd00lUg}{127.0.0.1}{127.0.0.1:30233}[mode=>network] committed version [3]])]: took 2ms done applying updated cluster_state (version: 3, uuid: KtcvDQ4_QpOShLE9ayifEQ)
[2016-03-29 17:32:40,651][TRACE][org.elasticsearch.cluster.service] ack received from node [{node_t1}{jG1mjILaTQmnObJNOoAMbQ}{127.0.0.1}{127.0.0.1:30232}[mode=>network]], cluster_state update (version: 3)
[2016-03-29 17:32:40,651][DEBUG][org.elasticsearch.cluster.service] [node_t0] processing [zen-disco-receive(from master [master {node_t2}{DI3rNxqOQJ6kN5NVd00lUg}{127.0.0.1}{127.0.0.1:30233}[mode=>network] committed version [3]])]: took 2ms done applying updated cluster_state (version: 3, uuid: KtcvDQ4_QpOShLE9ayifEQ)
[2016-03-29 17:32:40,651][TRACE][org.elasticsearch.cluster.service] ack received from node [{node_t0}{iXpKQXiYTIS7h8XdSLn8aQ}{127.0.0.1}{127.0.0.1:30231}[mode=>network]], cluster_state update (version: 3)
[2016-03-29 17:32:40,651][DEBUG][org.elasticsearch.cluster.service] [node_t2] set local cluster state to version 3
[2016-03-29 17:32:40,654][TRACE][org.elasticsearch.cluster.service] ack received from node [{node_t2}{DI3rNxqOQJ6kN5NVd00lUg}{127.0.0.1}{127.0.0.1:30233}[mode=>network]], cluster_state update (version: 3)
[2016-03-29 17:32:40,654][TRACE][org.elasticsearch.cluster.service] all expected nodes acknowledged cluster_state update (version: 3)
[2016-03-29 17:32:40,654][DEBUG][org.elasticsearch.cluster.service] [node_t2] processing [create-index [test], cause [api]]: took 6ms done applying updated cluster_state (version: 3, uuid: KtcvDQ4_QpOShLE9ayifEQ)
[2016-03-29 17:32:40,655][TRACE][org.elasticsearch.cluster.service] [node_t2] will process [cluster_health (wait_for_events [LANGUID])]
[2016-03-29 17:32:40,655][DEBUG][org.elasticsearch.cluster.service] [node_t2] processing [cluster_health (wait_for_events [LANGUID])]: execute
[2016-03-29 17:32:40,655][DEBUG][org.elasticsearch.cluster.service] [node_t2] processing [cluster_health (wait_for_events [LANGUID])]: took 0s no change in cluster_state
[2016-03-29 17:32:40,656][TRACE][org.elasticsearch.cluster.service] [node_t2] will process [shard-started ([test][0], node[DI3rNxqOQJ6kN5NVd00lUg], [P], v[1], s[INITIALIZING], a[id=2jrC3AGWRM2UAyPrxL-RFw], unassigned_info[[reason=INDEX_CREATED], at[2016-03-29T21:32:40.648Z]]), reason [after recovery from store]]
[2016-03-29 17:32:40,656][DEBUG][org.elasticsearch.cluster.service] [node_t2] processing [shard-started ([test][0], node[DI3rNxqOQJ6kN5NVd00lUg], [P], v[1], s[INITIALIZING], a[id=2jrC3AGWRM2UAyPrxL-RFw], unassigned_info[[reason=INDEX_CREATED], at[2016-03-29T21:32:40.648Z]]), reason [after recovery from store]]: execute
[2016-03-29 17:32:40,656][TRACE][org.elasticsearch.cluster.service] [node_t2] cluster state updated, source [shard-started ([test][0], node[DI3rNxqOQJ6kN5NVd00lUg], [P], v[1], s[INITIALIZING], a[id=2jrC3AGWRM2UAyPrxL-RFw], unassigned_info[[reason=INDEX_CREATED], at[2016-03-29T21:32:40.648Z]]), reason [after recovery from store]]
version: 4
state uuid: H09RsiRXR_Gq51M_1oUKag
from_diff: false
meta data version: 3
nodes: 
   {node_t2}{DI3rNxqOQJ6kN5NVd00lUg}{127.0.0.1}{127.0.0.1:30233}[mode=>network], local, master
   {node_t1}{jG1mjILaTQmnObJNOoAMbQ}{127.0.0.1}{127.0.0.1:30232}[mode=>network]
   {node_t0}{iXpKQXiYTIS7h8XdSLn8aQ}{127.0.0.1}{127.0.0.1:30231}[mode=>network]
routing_table (version 3):
-- index [test]
----shard_id [test][0]
--------[test][0], node[DI3rNxqOQJ6kN5NVd00lUg], [P], v[2], s[STARTED], a[id=2jrC3AGWRM2UAyPrxL-RFw]
--------[test][0], node[jG1mjILaTQmnObJNOoAMbQ], [R], v[2], s[INITIALIZING], a[id=KMGyHr2ZRfOlOuHb9WiGDQ], unassigned_info[[reason=INDEX_CREATED], at[2016-03-29T21:32:40.648Z]]
--------[test][0], node[iXpKQXiYTIS7h8XdSLn8aQ], [R], v[2], s[INITIALIZING], a[id=EBU2X1UMQbW2myGSwMCqFw], unassigned_info[[reason=INDEX_CREATED], at[2016-03-29T21:32:40.648Z]]

routing_nodes:
-----node_id[DI3rNxqOQJ6kN5NVd00lUg][V]
--------[test][0], node[DI3rNxqOQJ6kN5NVd00lUg], [P], v[2], s[STARTED], a[id=2jrC3AGWRM2UAyPrxL-RFw]
-----node_id[jG1mjILaTQmnObJNOoAMbQ][V]
--------[test][0], node[jG1mjILaTQmnObJNOoAMbQ], [R], v[2], s[INITIALIZING], a[id=KMGyHr2ZRfOlOuHb9WiGDQ], unassigned_info[[reason=INDEX_CREATED], at[2016-03-29T21:32:40.648Z]]
-----node_id[iXpKQXiYTIS7h8XdSLn8aQ][V]
--------[test][0], node[iXpKQXiYTIS7h8XdSLn8aQ], [R], v[2], s[INITIALIZING], a[id=EBU2X1UMQbW2myGSwMCqFw], unassigned_info[[reason=INDEX_CREATED], at[2016-03-29T21:32:40.648Z]]
---- unassigned

[2016-03-29 17:32:40,656][DEBUG][org.elasticsearch.cluster.service] [node_t2] publishing cluster state version [4]
[2016-03-29 17:32:40,657][TRACE][org.elasticsearch.cluster.service] [node_t0] will process [zen-disco-receive(from master [master {node_t2}{DI3rNxqOQJ6kN5NVd00lUg}{127.0.0.1}{127.0.0.1:30233}[mode=>network] committed version [4]])]
[2016-03-29 17:32:40,657][TRACE][org.elasticsearch.cluster.service] [node_t1] will process [zen-disco-receive(from master [master {node_t2}{DI3rNxqOQJ6kN5NVd00lUg}{127.0.0.1}{127.0.0.1:30233}[mode=>network] committed version [4]])]
[2016-03-29 17:32:40,657][DEBUG][org.elasticsearch.cluster.service] [node_t0] processing [zen-disco-receive(from master [master {node_t2}{DI3rNxqOQJ6kN5NVd00lUg}{127.0.0.1}{127.0.0.1:30233}[mode=>network] committed version [4]])]: execute
[2016-03-29 17:32:40,657][DEBUG][org.elasticsearch.cluster.service] [node_t1] processing [zen-disco-receive(from master [master {node_t2}{DI3rNxqOQJ6kN5NVd00lUg}{127.0.0.1}{127.0.0.1:30233}[mode=>network] committed version [4]])]: execute
[2016-03-29 17:32:40,657][TRACE][org.elasticsearch.cluster.service] [node_t0] cluster state updated, source [zen-disco-receive(from master [master {node_t2}{DI3rNxqOQJ6kN5NVd00lUg}{127.0.0.1}{127.0.0.1:30233}[mode=>network] committed version [4]])]
version: 4
state uuid: H09RsiRXR_Gq51M_1oUKag
from_diff: false
meta data version: 3
nodes: 
   {node_t2}{DI3rNxqOQJ6kN5NVd00lUg}{127.0.0.1}{127.0.0.1:30233}[mode=>network], master
   {node_t1}{jG1mjILaTQmnObJNOoAMbQ}{127.0.0.1}{127.0.0.1:30232}[mode=>network]
   {node_t0}{iXpKQXiYTIS7h8XdSLn8aQ}{127.0.0.1}{127.0.0.1:30231}[mode=>network], local
routing_table (version 3):
-- index [test]
----shard_id [test][0]
--------[test][0], node[DI3rNxqOQJ6kN5NVd00lUg], [P], v[2], s[STARTED], a[id=2jrC3AGWRM2UAyPrxL-RFw]
--------[test][0], node[jG1mjILaTQmnObJNOoAMbQ], [R], v[2], s[INITIALIZING], a[id=KMGyHr2ZRfOlOuHb9WiGDQ], unassigned_info[[reason=INDEX_CREATED], at[2016-03-29T21:32:40.648Z]]
--------[test][0], node[iXpKQXiYTIS7h8XdSLn8aQ], [R], v[2], s[INITIALIZING], a[id=EBU2X1UMQbW2myGSwMCqFw], unassigned_info[[reason=INDEX_CREATED], at[2016-03-29T21:32:40.648Z]]

routing_nodes:
-----node_id[DI3rNxqOQJ6kN5NVd00lUg][V]
--------[test][0], node[DI3rNxqOQJ6kN5NVd00lUg], [P], v[2], s[STARTED], a[id=2jrC3AGWRM2UAyPrxL-RFw]
-----node_id[jG1mjILaTQmnObJNOoAMbQ][V]
--------[test][0], node[jG1mjILaTQmnObJNOoAMbQ], [R], v[2], s[INITIALIZING], a[id=KMGyHr2ZRfOlOuHb9WiGDQ], unassigned_info[[reason=INDEX_CREATED], at[2016-03-29T21:32:40.648Z]]
-----node_id[iXpKQXiYTIS7h8XdSLn8aQ][V]
--------[test][0], node[iXpKQXiYTIS7h8XdSLn8aQ], [R], v[2], s[INITIALIZING], a[id=EBU2X1UMQbW2myGSwMCqFw], unassigned_info[[reason=INDEX_CREATED], at[2016-03-29T21:32:40.648Z]]
---- unassigned

[2016-03-29 17:32:40,657][DEBUG][org.elasticsearch.cluster.service] [node_t0] set local cluster state to version 4
[2016-03-29 17:32:40,657][TRACE][org.elasticsearch.cluster.service] [node_t1] cluster state updated, source [zen-disco-receive(from master [master {node_t2}{DI3rNxqOQJ6kN5NVd00lUg}{127.0.0.1}{127.0.0.1:30233}[mode=>network] committed version [4]])]
version: 4
state uuid: H09RsiRXR_Gq51M_1oUKag
from_diff: false
meta data version: 3
nodes: 
   {node_t2}{DI3rNxqOQJ6kN5NVd00lUg}{127.0.0.1}{127.0.0.1:30233}[mode=>network], master
   {node_t1}{jG1mjILaTQmnObJNOoAMbQ}{127.0.0.1}{127.0.0.1:30232}[mode=>network], local
   {node_t0}{iXpKQXiYTIS7h8XdSLn8aQ}{127.0.0.1}{127.0.0.1:30231}[mode=>network]
routing_table (version 3):
-- index [test]
----shard_id [test][0]
--------[test][0], node[DI3rNxqOQJ6kN5NVd00lUg], [P], v[2], s[STARTED], a[id=2jrC3AGWRM2UAyPrxL-RFw]
--------[test][0], node[jG1mjILaTQmnObJNOoAMbQ], [R], v[2], s[INITIALIZING], a[id=KMGyHr2ZRfOlOuHb9WiGDQ], unassigned_info[[reason=INDEX_CREATED], at[2016-03-29T21:32:40.648Z]]
--------[test][0], node[iXpKQXiYTIS7h8XdSLn8aQ], [R], v[2], s[INITIALIZING], a[id=EBU2X1UMQbW2myGSwMCqFw], unassigned_info[[reason=INDEX_CREATED], at[2016-03-29T21:32:40.648Z]]

routing_nodes:
-----node_id[DI3rNxqOQJ6kN5NVd00lUg][V]
--------[test][0], node[DI3rNxqOQJ6kN5NVd00lUg], [P], v[2], s[STARTED], a[id=2jrC3AGWRM2UAyPrxL-RFw]
-----node_id[jG1mjILaTQmnObJNOoAMbQ][V]
--------[test][0], node[jG1mjILaTQmnObJNOoAMbQ], [R], v[2], s[INITIALIZING], a[id=KMGyHr2ZRfOlOuHb9WiGDQ], unassigned_info[[reason=INDEX_CREATED], at[2016-03-29T21:32:40.648Z]]
-----node_id[iXpKQXiYTIS7h8XdSLn8aQ][V]
--------[test][0], node[iXpKQXiYTIS7h8XdSLn8aQ], [R], v[2], s[INITIALIZING], a[id=EBU2X1UMQbW2myGSwMCqFw], unassigned_info[[reason=INDEX_CREATED], at[2016-03-29T21:32:40.648Z]]
---- unassigned

[2016-03-29 17:32:40,658][DEBUG][org.elasticsearch.cluster.service] [node_t1] set local cluster state to version 4
[2016-03-29 17:32:40,660][DEBUG][org.elasticsearch.cluster.service] [node_t0] processing [zen-disco-receive(from master [master {node_t2}{DI3rNxqOQJ6kN5NVd00lUg}{127.0.0.1}{127.0.0.1:30233}[mode=>network] committed version [4]])]: took 3ms done applying updated cluster_state (version: 4, uuid: H09RsiRXR_Gq51M_1oUKag)
[2016-03-29 17:32:40,660][DEBUG][org.elasticsearch.cluster.service] [node_t1] processing [zen-disco-receive(from master [master {node_t2}{DI3rNxqOQJ6kN5NVd00lUg}{127.0.0.1}{127.0.0.1:30233}[mode=>network] committed version [4]])]: took 3ms done applying updated cluster_state (version: 4, uuid: H09RsiRXR_Gq51M_1oUKag)
[2016-03-29 17:32:40,661][DEBUG][org.elasticsearch.cluster.service] [node_t2] set local cluster state to version 4
[2016-03-29 17:32:40,662][DEBUG][org.elasticsearch.cluster.service] [node_t2] processing [shard-started ([test][0], node[DI3rNxqOQJ6kN5NVd00lUg], [P], v[1], s[INITIALIZING], a[id=2jrC3AGWRM2UAyPrxL-RFw], unassigned_info[[reason=INDEX_CREATED], at[2016-03-29T21:32:40.648Z]]), reason [after recovery from store]]: took 6ms done applying updated cluster_state (version: 4, uuid: H09RsiRXR_Gq51M_1oUKag)
[2016-03-29 17:32:40,696][TRACE][org.elasticsearch.cluster.service] [node_t2] will process [shard-started ([test][0], node[jG1mjILaTQmnObJNOoAMbQ], [R], v[2], s[INITIALIZING], a[id=KMGyHr2ZRfOlOuHb9WiGDQ], unassigned_info[[reason=INDEX_CREATED], at[2016-03-29T21:32:40.648Z]]), reason [after recovery (replica) from node [{node_t2}{DI3rNxqOQJ6kN5NVd00lUg}{127.0.0.1}{127.0.0.1:30233}[mode=>network]]]]
[2016-03-29 17:32:40,696][DEBUG][org.elasticsearch.cluster.service] [node_t2] processing [shard-started ([test][0], node[jG1mjILaTQmnObJNOoAMbQ], [R], v[2], s[INITIALIZING], a[id=KMGyHr2ZRfOlOuHb9WiGDQ], unassigned_info[[reason=INDEX_CREATED], at[2016-03-29T21:32:40.648Z]]), reason [after recovery (replica) from node [{node_t2}{DI3rNxqOQJ6kN5NVd00lUg}{127.0.0.1}{127.0.0.1:30233}[mode=>network]]]]: execute
[2016-03-29 17:32:40,697][TRACE][org.elasticsearch.cluster.service] [node_t2] cluster state updated, source [shard-started ([test][0], node[jG1mjILaTQmnObJNOoAMbQ], [R], v[2], s[INITIALIZING], a[id=KMGyHr2ZRfOlOuHb9WiGDQ], unassigned_info[[reason=INDEX_CREATED], at[2016-03-29T21:32:40.648Z]]), reason [after recovery (replica) from node [{node_t2}{DI3rNxqOQJ6kN5NVd00lUg}{127.0.0.1}{127.0.0.1:30233}[mode=>network]]]]
version: 5
state uuid: RtZaGEL3T5OOo6BGIkwiYQ
from_diff: false
meta data version: 4
nodes: 
   {node_t2}{DI3rNxqOQJ6kN5NVd00lUg}{127.0.0.1}{127.0.0.1:30233}[mode=>network], local, master
   {node_t1}{jG1mjILaTQmnObJNOoAMbQ}{127.0.0.1}{127.0.0.1:30232}[mode=>network]
   {node_t0}{iXpKQXiYTIS7h8XdSLn8aQ}{127.0.0.1}{127.0.0.1:30231}[mode=>network]
routing_table (version 4):
-- index [test]
----shard_id [test][0]
--------[test][0], node[DI3rNxqOQJ6kN5NVd00lUg], [P], v[3], s[STARTED], a[id=2jrC3AGWRM2UAyPrxL-RFw]
--------[test][0], node[jG1mjILaTQmnObJNOoAMbQ], [R], v[3], s[STARTED], a[id=KMGyHr2ZRfOlOuHb9WiGDQ]
--------[test][0], node[iXpKQXiYTIS7h8XdSLn8aQ], [R], v[3], s[INITIALIZING], a[id=EBU2X1UMQbW2myGSwMCqFw], unassigned_info[[reason=INDEX_CREATED], at[2016-03-29T21:32:40.648Z]]

routing_nodes:
-----node_id[DI3rNxqOQJ6kN5NVd00lUg][V]
--------[test][0], node[DI3rNxqOQJ6kN5NVd00lUg], [P], v[3], s[STARTED], a[id=2jrC3AGWRM2UAyPrxL-RFw]
-----node_id[jG1mjILaTQmnObJNOoAMbQ][V]
--------[test][0], node[jG1mjILaTQmnObJNOoAMbQ], [R], v[3], s[STARTED], a[id=KMGyHr2ZRfOlOuHb9WiGDQ]
-----node_id[iXpKQXiYTIS7h8XdSLn8aQ][V]
--------[test][0], node[iXpKQXiYTIS7h8XdSLn8aQ], [R], v[3], s[INITIALIZING], a[id=EBU2X1UMQbW2myGSwMCqFw], unassigned_info[[reason=INDEX_CREATED], at[2016-03-29T21:32:40.648Z]]
---- unassigned

[2016-03-29 17:32:40,697][DEBUG][org.elasticsearch.cluster.service] [node_t2] publishing cluster state version [5]
[2016-03-29 17:32:40,698][TRACE][org.elasticsearch.cluster.service] [node_t1] will process [zen-disco-receive(from master [master {node_t2}{DI3rNxqOQJ6kN5NVd00lUg}{127.0.0.1}{127.0.0.1:30233}[mode=>network] committed version [5]])]
[2016-03-29 17:32:40,698][TRACE][org.elasticsearch.cluster.service] [node_t0] will process [zen-disco-receive(from master [master {node_t2}{DI3rNxqOQJ6kN5NVd00lUg}{127.0.0.1}{127.0.0.1:30233}[mode=>network] committed version [5]])]
[2016-03-29 17:32:40,698][DEBUG][org.elasticsearch.cluster.service] [node_t1] processing [zen-disco-receive(from master [master {node_t2}{DI3rNxqOQJ6kN5NVd00lUg}{127.0.0.1}{127.0.0.1:30233}[mode=>network] committed version [5]])]: execute
[2016-03-29 17:32:40,698][DEBUG][org.elasticsearch.cluster.service] [node_t0] processing [zen-disco-receive(from master [master {node_t2}{DI3rNxqOQJ6kN5NVd00lUg}{127.0.0.1}{127.0.0.1:30233}[mode=>network] committed version [5]])]: execute
[2016-03-29 17:32:40,698][TRACE][org.elasticsearch.cluster.service] [node_t0] cluster state updated, source [zen-disco-receive(from master [master {node_t2}{DI3rNxqOQJ6kN5NVd00lUg}{127.0.0.1}{127.0.0.1:30233}[mode=>network] committed version [5]])]
version: 5
state uuid: RtZaGEL3T5OOo6BGIkwiYQ
from_diff: false
meta data version: 4
nodes: 
   {node_t2}{DI3rNxqOQJ6kN5NVd00lUg}{127.0.0.1}{127.0.0.1:30233}[mode=>network], master
   {node_t1}{jG1mjILaTQmnObJNOoAMbQ}{127.0.0.1}{127.0.0.1:30232}[mode=>network]
   {node_t0}{iXpKQXiYTIS7h8XdSLn8aQ}{127.0.0.1}{127.0.0.1:30231}[mode=>network], local
routing_table (version 4):
-- index [test]
----shard_id [test][0]
--------[test][0], node[DI3rNxqOQJ6kN5NVd00lUg], [P], v[3], s[STARTED], a[id=2jrC3AGWRM2UAyPrxL-RFw]
--------[test][0], node[jG1mjILaTQmnObJNOoAMbQ], [R], v[3], s[STARTED], a[id=KMGyHr2ZRfOlOuHb9WiGDQ]
--------[test][0], node[iXpKQXiYTIS7h8XdSLn8aQ], [R], v[3], s[INITIALIZING], a[id=EBU2X1UMQbW2myGSwMCqFw], unassigned_info[[reason=INDEX_CREATED], at[2016-03-29T21:32:40.648Z]]

routing_nodes:
-----node_id[DI3rNxqOQJ6kN5NVd00lUg][V]
--------[test][0], node[DI3rNxqOQJ6kN5NVd00lUg], [P], v[3], s[STARTED], a[id=2jrC3AGWRM2UAyPrxL-RFw]
-----node_id[jG1mjILaTQmnObJNOoAMbQ][V]
--------[test][0], node[jG1mjILaTQmnObJNOoAMbQ], [R], v[3], s[STARTED], a[id=KMGyHr2ZRfOlOuHb9WiGDQ]
-----node_id[iXpKQXiYTIS7h8XdSLn8aQ][V]
--------[test][0], node[iXpKQXiYTIS7h8XdSLn8aQ], [R], v[3], s[INITIALIZING], a[id=EBU2X1UMQbW2myGSwMCqFw], unassigned_info[[reason=INDEX_CREATED], at[2016-03-29T21:32:40.648Z]]
---- unassigned

[2016-03-29 17:32:40,698][TRACE][org.elasticsearch.cluster.service] [node_t1] cluster state updated, source [zen-disco-receive(from master [master {node_t2}{DI3rNxqOQJ6kN5NVd00lUg}{127.0.0.1}{127.0.0.1:30233}[mode=>network] committed version [5]])]
version: 5
state uuid: RtZaGEL3T5OOo6BGIkwiYQ
from_diff: false
meta data version: 4
nodes: 
   {node_t2}{DI3rNxqOQJ6kN5NVd00lUg}{127.0.0.1}{127.0.0.1:30233}[mode=>network], master
   {node_t1}{jG1mjILaTQmnObJNOoAMbQ}{127.0.0.1}{127.0.0.1:30232}[mode=>network], local
   {node_t0}{iXpKQXiYTIS7h8XdSLn8aQ}{127.0.0.1}{127.0.0.1:30231}[mode=>network]
routing_table (version 4):
-- index [test]
----shard_id [test][0]
--------[test][0], node[DI3rNxqOQJ6kN5NVd00lUg], [P], v[3], s[STARTED], a[id=2jrC3AGWRM2UAyPrxL-RFw]
--------[test][0], node[jG1mjILaTQmnObJNOoAMbQ], [R], v[3], s[STARTED], a[id=KMGyHr2ZRfOlOuHb9WiGDQ]
--------[test][0], node[iXpKQXiYTIS7h8XdSLn8aQ], [R], v[3], s[INITIALIZING], a[id=EBU2X1UMQbW2myGSwMCqFw], unassigned_info[[reason=INDEX_CREATED], at[2016-03-29T21:32:40.648Z]]

routing_nodes:
-----node_id[DI3rNxqOQJ6kN5NVd00lUg][V]
--------[test][0], node[DI3rNxqOQJ6kN5NVd00lUg], [P], v[3], s[STARTED], a[id=2jrC3AGWRM2UAyPrxL-RFw]
-----node_id[jG1mjILaTQmnObJNOoAMbQ][V]
--------[test][0], node[jG1mjILaTQmnObJNOoAMbQ], [R], v[3], s[STARTED], a[id=KMGyHr2ZRfOlOuHb9WiGDQ]
-----node_id[iXpKQXiYTIS7h8XdSLn8aQ][V]
--------[test][0], node[iXpKQXiYTIS7h8XdSLn8aQ], [R], v[3], s[INITIALIZING], a[id=EBU2X1UMQbW2myGSwMCqFw], unassigned_info[[reason=INDEX_CREATED], at[2016-03-29T21:32:40.648Z]]
---- unassigned

[2016-03-29 17:32:40,698][DEBUG][org.elasticsearch.cluster.service] [node_t0] set local cluster state to version 5
[2016-03-29 17:32:40,698][DEBUG][org.elasticsearch.cluster.service] [node_t1] set local cluster state to version 5
[2016-03-29 17:32:40,700][DEBUG][org.elasticsearch.cluster.service] [node_t0] processing [zen-disco-receive(from master [master {node_t2}{DI3rNxqOQJ6kN5NVd00lUg}{127.0.0.1}{127.0.0.1:30233}[mode=>network] committed version [5]])]: took 2ms done applying updated cluster_state (version: 5, uuid: RtZaGEL3T5OOo6BGIkwiYQ)
[2016-03-29 17:32:40,701][DEBUG][org.elasticsearch.cluster.service] [node_t1] processing [zen-disco-receive(from master [master {node_t2}{DI3rNxqOQJ6kN5NVd00lUg}{127.0.0.1}{127.0.0.1:30233}[mode=>network] committed version [5]])]: took 3ms done applying updated cluster_state (version: 5, uuid: RtZaGEL3T5OOo6BGIkwiYQ)
[2016-03-29 17:32:40,701][DEBUG][org.elasticsearch.cluster.service] [node_t2] set local cluster state to version 5
[2016-03-29 17:32:40,703][DEBUG][org.elasticsearch.cluster.service] [node_t2] processing [shard-started ([test][0], node[jG1mjILaTQmnObJNOoAMbQ], [R], v[2], s[INITIALIZING], a[id=KMGyHr2ZRfOlOuHb9WiGDQ], unassigned_info[[reason=INDEX_CREATED], at[2016-03-29T21:32:40.648Z]]), reason [after recovery (replica) from node [{node_t2}{DI3rNxqOQJ6kN5NVd00lUg}{127.0.0.1}{127.0.0.1:30233}[mode=>network]]]]: took 6ms done applying updated cluster_state (version: 5, uuid: RtZaGEL3T5OOo6BGIkwiYQ)
[2016-03-29 17:32:40,703][TRACE][org.elasticsearch.cluster.service] [node_t2] will process [shard-started ([test][0], node[iXpKQXiYTIS7h8XdSLn8aQ], [R], v[2], s[INITIALIZING], a[id=EBU2X1UMQbW2myGSwMCqFw], unassigned_info[[reason=INDEX_CREATED], at[2016-03-29T21:32:40.648Z]]), reason [after recovery (replica) from node [{node_t2}{DI3rNxqOQJ6kN5NVd00lUg}{127.0.0.1}{127.0.0.1:30233}[mode=>network]]]]
[2016-03-29 17:32:40,703][TRACE][org.elasticsearch.cluster.service] [node_t2] will process [shard-started ([test][0], node[iXpKQXiYTIS7h8XdSLn8aQ], [R], v[3], s[INITIALIZING], a[id=EBU2X1UMQbW2myGSwMCqFw], unassigned_info[[reason=INDEX_CREATED], at[2016-03-29T21:32:40.648Z]]), reason [master {node_t2}{DI3rNxqOQJ6kN5NVd00lUg}{127.0.0.1}{127.0.0.1:30233}[mode=>network] marked shard as initializing, but shard state is [POST_RECOVERY], mark shard as started]]
[2016-03-29 17:32:40,703][DEBUG][org.elasticsearch.cluster.service] [node_t2] processing [shard-started ([test][0], node[iXpKQXiYTIS7h8XdSLn8aQ], [R], v[2], s[INITIALIZING], a[id=EBU2X1UMQbW2myGSwMCqFw], unassigned_info[[reason=INDEX_CREATED], at[2016-03-29T21:32:40.648Z]]), reason [after recovery (replica) from node [{node_t2}{DI3rNxqOQJ6kN5NVd00lUg}{127.0.0.1}{127.0.0.1:30233}[mode=>network]]],shard-started ([test][0], node[iXpKQXiYTIS7h8XdSLn8aQ], [R], v[3], s[INITIALIZING], a[id=EBU2X1UMQbW2myGSwMCqFw], unassigned_info[[reason=INDEX_CREATED], at[2016-03-29T21:32:40.648Z]]), reason [master {node_t2}{DI3rNxqOQJ6kN5NVd00lUg}{127.0.0.1}{127.0.0.1:30233}[mode=>network] marked shard as initializing, but shard state is [POST_RECOVERY], mark shard as started]]: execute
[2016-03-29 17:32:40,703][TRACE][org.elasticsearch.cluster.service] [node_t2] cluster state updated, source [shard-started ([test][0], node[iXpKQXiYTIS7h8XdSLn8aQ], [R], v[2], s[INITIALIZING], a[id=EBU2X1UMQbW2myGSwMCqFw], unassigned_info[[reason=INDEX_CREATED], at[2016-03-29T21:32:40.648Z]]), reason [after recovery (replica) from node [{node_t2}{DI3rNxqOQJ6kN5NVd00lUg}{127.0.0.1}{127.0.0.1:30233}[mode=>network]]],shard-started ([test][0], node[iXpKQXiYTIS7h8XdSLn8aQ], [R], v[3], s[INITIALIZING], a[id=EBU2X1UMQbW2myGSwMCqFw], unassigned_info[[reason=INDEX_CREATED], at[2016-03-29T21:32:40.648Z]]), reason [master {node_t2}{DI3rNxqOQJ6kN5NVd00lUg}{127.0.0.1}{127.0.0.1:30233}[mode=>network] marked shard as initializing, but shard state is [POST_RECOVERY], mark shard as started]]
version: 6
state uuid: DlRw5l1nQwacpBU7hBkbNw
from_diff: false
meta data version: 5
nodes: 
   {node_t2}{DI3rNxqOQJ6kN5NVd00lUg}{127.0.0.1}{127.0.0.1:30233}[mode=>network], local, master
   {node_t1}{jG1mjILaTQmnObJNOoAMbQ}{127.0.0.1}{127.0.0.1:30232}[mode=>network]
   {node_t0}{iXpKQXiYTIS7h8XdSLn8aQ}{127.0.0.1}{127.0.0.1:30231}[mode=>network]
routing_table (version 5):
-- index [test]
----shard_id [test][0]
--------[test][0], node[DI3rNxqOQJ6kN5NVd00lUg], [P], v[4], s[STARTED], a[id=2jrC3AGWRM2UAyPrxL-RFw]
--------[test][0], node[jG1mjILaTQmnObJNOoAMbQ], [R], v[4], s[STARTED], a[id=KMGyHr2ZRfOlOuHb9WiGDQ]
--------[test][0], node[iXpKQXiYTIS7h8XdSLn8aQ], [R], v[4], s[STARTED], a[id=EBU2X1UMQbW2myGSwMCqFw]

routing_nodes:
-----node_id[DI3rNxqOQJ6kN5NVd00lUg][V]
--------[test][0], node[DI3rNxqOQJ6kN5NVd00lUg], [P], v[4], s[STARTED], a[id=2jrC3AGWRM2UAyPrxL-RFw]
-----node_id[jG1mjILaTQmnObJNOoAMbQ][V]
--------[test][0], node[jG1mjILaTQmnObJNOoAMbQ], [R], v[4], s[STARTED], a[id=KMGyHr2ZRfOlOuHb9WiGDQ]
-----node_id[iXpKQXiYTIS7h8XdSLn8aQ][V]
--------[test][0], node[iXpKQXiYTIS7h8XdSLn8aQ], [R], v[4], s[STARTED], a[id=EBU2X1UMQbW2myGSwMCqFw]
---- unassigned

[2016-03-29 17:32:40,704][DEBUG][org.elasticsearch.cluster.service] [node_t2] publishing cluster state version [6]
[2016-03-29 17:32:40,704][TRACE][org.elasticsearch.cluster.service] [node_t1] will process [zen-disco-receive(from master [master {node_t2}{DI3rNxqOQJ6kN5NVd00lUg}{127.0.0.1}{127.0.0.1:30233}[mode=>network] committed version [6]])]
[2016-03-29 17:32:40,704][TRACE][org.elasticsearch.cluster.service] [node_t0] will process [zen-disco-receive(from master [master {node_t2}{DI3rNxqOQJ6kN5NVd00lUg}{127.0.0.1}{127.0.0.1:30233}[mode=>network] committed version [6]])]
[2016-03-29 17:32:40,704][DEBUG][org.elasticsearch.cluster.service] [node_t0] processing [zen-disco-receive(from master [master {node_t2}{DI3rNxqOQJ6kN5NVd00lUg}{127.0.0.1}{127.0.0.1:30233}[mode=>network] committed version [6]])]: execute
[2016-03-29 17:32:40,704][DEBUG][org.elasticsearch.cluster.service] [node_t1] processing [zen-disco-receive(from master [master {node_t2}{DI3rNxqOQJ6kN5NVd00lUg}{127.0.0.1}{127.0.0.1:30233}[mode=>network] committed version [6]])]: execute
[2016-03-29 17:32:40,704][TRACE][org.elasticsearch.cluster.service] [node_t0] cluster state updated, source [zen-disco-receive(from master [master {node_t2}{DI3rNxqOQJ6kN5NVd00lUg}{127.0.0.1}{127.0.0.1:30233}[mode=>network] committed version [6]])]
version: 6
state uuid: DlRw5l1nQwacpBU7hBkbNw
from_diff: false
meta data version: 5
nodes: 
   {node_t2}{DI3rNxqOQJ6kN5NVd00lUg}{127.0.0.1}{127.0.0.1:30233}[mode=>network], master
   {node_t1}{jG1mjILaTQmnObJNOoAMbQ}{127.0.0.1}{127.0.0.1:30232}[mode=>network]
   {node_t0}{iXpKQXiYTIS7h8XdSLn8aQ}{127.0.0.1}{127.0.0.1:30231}[mode=>network], local
routing_table (version 5):
-- index [test]
----shard_id [test][0]
--------[test][0], node[DI3rNxqOQJ6kN5NVd00lUg], [P], v[4], s[STARTED], a[id=2jrC3AGWRM2UAyPrxL-RFw]
--------[test][0], node[jG1mjILaTQmnObJNOoAMbQ], [R], v[4], s[STARTED], a[id=KMGyHr2ZRfOlOuHb9WiGDQ]
--------[test][0], node[iXpKQXiYTIS7h8XdSLn8aQ], [R], v[4], s[STARTED], a[id=EBU2X1UMQbW2myGSwMCqFw]

routing_nodes:
-----node_id[DI3rNxqOQJ6kN5NVd00lUg][V]
--------[test][0], node[DI3rNxqOQJ6kN5NVd00lUg], [P], v[4], s[STARTED], a[id=2jrC3AGWRM2UAyPrxL-RFw]
-----node_id[jG1mjILaTQmnObJNOoAMbQ][V]
--------[test][0], node[jG1mjILaTQmnObJNOoAMbQ], [R], v[4], s[STARTED], a[id=KMGyHr2ZRfOlOuHb9WiGDQ]
-----node_id[iXpKQXiYTIS7h8XdSLn8aQ][V]
--------[test][0], node[iXpKQXiYTIS7h8XdSLn8aQ], [R], v[4], s[STARTED], a[id=EBU2X1UMQbW2myGSwMCqFw]
---- unassigned

[2016-03-29 17:32:40,704][TRACE][org.elasticsearch.cluster.service] [node_t1] cluster state updated, source [zen-disco-receive(from master [master {node_t2}{DI3rNxqOQJ6kN5NVd00lUg}{127.0.0.1}{127.0.0.1:30233}[mode=>network] committed version [6]])]
version: 6
state uuid: DlRw5l1nQwacpBU7hBkbNw
from_diff: false
meta data version: 5
nodes: 
   {node_t2}{DI3rNxqOQJ6kN5NVd00lUg}{127.0.0.1}{127.0.0.1:30233}[mode=>network], master
   {node_t1}{jG1mjILaTQmnObJNOoAMbQ}{127.0.0.1}{127.0.0.1:30232}[mode=>network], local
   {node_t0}{iXpKQXiYTIS7h8XdSLn8aQ}{127.0.0.1}{127.0.0.1:30231}[mode=>network]
routing_table (version 5):
-- index [test]
----shard_id [test][0]
--------[test][0], node[DI3rNxqOQJ6kN5NVd00lUg], [P], v[4], s[STARTED], a[id=2jrC3AGWRM2UAyPrxL-RFw]
--------[test][0], node[jG1mjILaTQmnObJNOoAMbQ], [R], v[4], s[STARTED], a[id=KMGyHr2ZRfOlOuHb9WiGDQ]
--------[test][0], node[iXpKQXiYTIS7h8XdSLn8aQ], [R], v[4], s[STARTED], a[id=EBU2X1UMQbW2myGSwMCqFw]

routing_nodes:
-----node_id[DI3rNxqOQJ6kN5NVd00lUg][V]
--------[test][0], node[DI3rNxqOQJ6kN5NVd00lUg], [P], v[4], s[STARTED], a[id=2jrC3AGWRM2UAyPrxL-RFw]
-----node_id[jG1mjILaTQmnObJNOoAMbQ][V]
--------[test][0], node[jG1mjILaTQmnObJNOoAMbQ], [R], v[4], s[STARTED], a[id=KMGyHr2ZRfOlOuHb9WiGDQ]
-----node_id[iXpKQXiYTIS7h8XdSLn8aQ][V]
--------[test][0], node[iXpKQXiYTIS7h8XdSLn8aQ], [R], v[4], s[STARTED], a[id=EBU2X1UMQbW2myGSwMCqFw]
---- unassigned

[2016-03-29 17:32:40,704][DEBUG][org.elasticsearch.cluster.service] [node_t1] set local cluster state to version 6
[2016-03-29 17:32:40,704][DEBUG][org.elasticsearch.cluster.service] [node_t0] set local cluster state to version 6
[2016-03-29 17:32:40,707][DEBUG][org.elasticsearch.cluster.service] [node_t1] processing [zen-disco-receive(from master [master {node_t2}{DI3rNxqOQJ6kN5NVd00lUg}{127.0.0.1}{127.0.0.1:30233}[mode=>network] committed version [6]])]: took 2ms done applying updated cluster_state (version: 6, uuid: DlRw5l1nQwacpBU7hBkbNw)
[2016-03-29 17:32:40,707][DEBUG][org.elasticsearch.cluster.service] [node_t0] processing [zen-disco-receive(from master [master {node_t2}{DI3rNxqOQJ6kN5NVd00lUg}{127.0.0.1}{127.0.0.1:30233}[mode=>network] committed version [6]])]: took 2ms done applying updated cluster_state (version: 6, uuid: DlRw5l1nQwacpBU7hBkbNw)
[2016-03-29 17:32:40,707][DEBUG][org.elasticsearch.cluster.service] [node_t2] set local cluster state to version 6
[2016-03-29 17:32:40,709][DEBUG][org.elasticsearch.cluster.service] [node_t2] processing [shard-started ([test][0], node[iXpKQXiYTIS7h8XdSLn8aQ], [R], v[2], s[INITIALIZING], a[id=EBU2X1UMQbW2myGSwMCqFw], unassigned_info[[reason=INDEX_CREATED], at[2016-03-29T21:32:40.648Z]]), reason [after recovery (replica) from node [{node_t2}{DI3rNxqOQJ6kN5NVd00lUg}{127.0.0.1}{127.0.0.1:30233}[mode=>network]]],shard-started ([test][0], node[iXpKQXiYTIS7h8XdSLn8aQ], [R], v[3], s[INITIALIZING], a[id=EBU2X1UMQbW2myGSwMCqFw], unassigned_info[[reason=INDEX_CREATED], at[2016-03-29T21:32:40.648Z]]), reason [master {node_t2}{DI3rNxqOQJ6kN5NVd00lUg}{127.0.0.1}{127.0.0.1:30233}[mode=>network] marked shard as initializing, but shard state is [POST_RECOVERY], mark shard as started]]: took 5ms done applying updated cluster_state (version: 6, uuid: DlRw5l1nQwacpBU7hBkbNw)
[2016-03-29 17:32:40,709][TRACE][org.elasticsearch.cluster.service] [node_t2] will process [cluster_health (wait_for_events [LANGUID])]
[2016-03-29 17:32:40,709][DEBUG][org.elasticsearch.cluster.service] [node_t2] processing [cluster_health (wait_for_events [LANGUID])]: execute
[2016-03-29 17:32:40,709][DEBUG][org.elasticsearch.cluster.service] [node_t2] processing [cluster_health (wait_for_events [LANGUID])]: took 0s no change in cluster_state
[2016-03-29 17:32:42,644][TRACE][org.elasticsearch.cluster.service] [node_t1] will process [zen-disco-master_failed ({node_t2}{DI3rNxqOQJ6kN5NVd00lUg}{127.0.0.1}{127.0.0.1:30233}[mode=>network])]
[2016-03-29 17:32:42,644][DEBUG][org.elasticsearch.cluster.service] [node_t1] processing [zen-disco-master_failed ({node_t2}{DI3rNxqOQJ6kN5NVd00lUg}{127.0.0.1}{127.0.0.1:30233}[mode=>network])]: execute
[2016-03-29 17:32:42,645][WARN ][org.elasticsearch.discovery.zen] [node_t1] master left (reason = failed to ping, tried [1] times, each with  maximum [1s] timeout), current nodes: {{node_t1}{jG1mjILaTQmnObJNOoAMbQ}{127.0.0.1}{127.0.0.1:30232}[mode=>network],{node_t0}{iXpKQXiYTIS7h8XdSLn8aQ}{127.0.0.1}{127.0.0.1:30231}[mode=>network],}
[2016-03-29 17:32:42,645][TRACE][org.elasticsearch.cluster.service] [node_t1] cluster state updated, source [zen-disco-master_failed ({node_t2}{DI3rNxqOQJ6kN5NVd00lUg}{127.0.0.1}{127.0.0.1:30233}[mode=>network])]
version: 6
state uuid: DlRw5l1nQwacpBU7hBkbNw
from_diff: false
meta data version: 5
blocks: 
   _global_:
      2,no master, blocks WRITE,METADATA_WRITE
nodes: 
   {node_t1}{jG1mjILaTQmnObJNOoAMbQ}{127.0.0.1}{127.0.0.1:30232}[mode=>network], local
   {node_t0}{iXpKQXiYTIS7h8XdSLn8aQ}{127.0.0.1}{127.0.0.1:30231}[mode=>network]
routing_table (version 5):
-- index [test]
----shard_id [test][0]
--------[test][0], node[DI3rNxqOQJ6kN5NVd00lUg], [P], v[4], s[STARTED], a[id=2jrC3AGWRM2UAyPrxL-RFw]
--------[test][0], node[jG1mjILaTQmnObJNOoAMbQ], [R], v[4], s[STARTED], a[id=KMGyHr2ZRfOlOuHb9WiGDQ]
--------[test][0], node[iXpKQXiYTIS7h8XdSLn8aQ], [R], v[4], s[STARTED], a[id=EBU2X1UMQbW2myGSwMCqFw]

routing_nodes:
-----node_id[DI3rNxqOQJ6kN5NVd00lUg][X]
--------[test][0], node[DI3rNxqOQJ6kN5NVd00lUg], [P], v[4], s[STARTED], a[id=2jrC3AGWRM2UAyPrxL-RFw]
-----node_id[jG1mjILaTQmnObJNOoAMbQ][V]
--------[test][0], node[jG1mjILaTQmnObJNOoAMbQ], [R], v[4], s[STARTED], a[id=KMGyHr2ZRfOlOuHb9WiGDQ]
-----node_id[iXpKQXiYTIS7h8XdSLn8aQ][V]
--------[test][0], node[iXpKQXiYTIS7h8XdSLn8aQ], [R], v[4], s[STARTED], a[id=EBU2X1UMQbW2myGSwMCqFw]
---- unassigned

[2016-03-29 17:32:42,645][INFO ][org.elasticsearch.cluster.service] [node_t1] removed {{node_t2}{DI3rNxqOQJ6kN5NVd00lUg}{127.0.0.1}{127.0.0.1:30233}[mode=>network],}, reason: zen-disco-master_failed ({node_t2}{DI3rNxqOQJ6kN5NVd00lUg}{127.0.0.1}{127.0.0.1:30233}[mode=>network])
[2016-03-29 17:32:42,645][DEBUG][org.elasticsearch.cluster.service] [node_t1] set local cluster state to version 6
[2016-03-29 17:32:42,646][DEBUG][org.elasticsearch.cluster.service] [node_t1] processing [zen-disco-master_failed ({node_t2}{DI3rNxqOQJ6kN5NVd00lUg}{127.0.0.1}{127.0.0.1:30233}[mode=>network])]: took 1ms done applying updated cluster_state (version: 6, uuid: DlRw5l1nQwacpBU7hBkbNw)
[2016-03-29 17:32:42,646][TRACE][org.elasticsearch.cluster.service] [node_t2] will process [zen-disco-node_failed({node_t1}{jG1mjILaTQmnObJNOoAMbQ}{127.0.0.1}{127.0.0.1:30232}[mode=>network]), reason failed to ping, tried [1] times, each with maximum [1s] timeout]
[2016-03-29 17:32:42,646][DEBUG][org.elasticsearch.cluster.service] [node_t2] processing [zen-disco-node_failed({node_t1}{jG1mjILaTQmnObJNOoAMbQ}{127.0.0.1}{127.0.0.1:30232}[mode=>network]), reason failed to ping, tried [1] times, each with maximum [1s] timeout]: execute
[2016-03-29 17:32:42,647][TRACE][org.elasticsearch.cluster.service] [node_t2] cluster state updated, source [zen-disco-node_failed({node_t1}{jG1mjILaTQmnObJNOoAMbQ}{127.0.0.1}{127.0.0.1:30232}[mode=>network]), reason failed to ping, tried [1] times, each with maximum [1s] timeout]
version: 7
state uuid: nmoxPBbKQl2Bh6bz_9t2xw
from_diff: false
meta data version: 6
nodes: 
   {node_t2}{DI3rNxqOQJ6kN5NVd00lUg}{127.0.0.1}{127.0.0.1:30233}[mode=>network], local, master
   {node_t0}{iXpKQXiYTIS7h8XdSLn8aQ}{127.0.0.1}{127.0.0.1:30231}[mode=>network]
routing_table (version 6):
-- index [test]
----shard_id [test][0]
--------[test][0], node[DI3rNxqOQJ6kN5NVd00lUg], [P], v[5], s[STARTED], a[id=2jrC3AGWRM2UAyPrxL-RFw]
--------[test][0], node[iXpKQXiYTIS7h8XdSLn8aQ], [R], v[5], s[STARTED], a[id=EBU2X1UMQbW2myGSwMCqFw]
--------[test][0], node[null], [R], v[5], s[UNASSIGNED], unassigned_info[[reason=NODE_LEFT], at[2016-03-29T21:32:42.646Z], details[node_left[jG1mjILaTQmnObJNOoAMbQ]]]

routing_nodes:
-----node_id[DI3rNxqOQJ6kN5NVd00lUg][V]
--------[test][0], node[DI3rNxqOQJ6kN5NVd00lUg], [P], v[5], s[STARTED], a[id=2jrC3AGWRM2UAyPrxL-RFw]
-----node_id[iXpKQXiYTIS7h8XdSLn8aQ][V]
--------[test][0], node[iXpKQXiYTIS7h8XdSLn8aQ], [R], v[5], s[STARTED], a[id=EBU2X1UMQbW2myGSwMCqFw]
---- unassigned
--------[test][0], node[null], [R], v[5], s[UNASSIGNED], unassigned_info[[reason=NODE_LEFT], at[2016-03-29T21:32:42.646Z], details[node_left[jG1mjILaTQmnObJNOoAMbQ]]]

[2016-03-29 17:32:42,647][INFO ][org.elasticsearch.cluster.service] [node_t2] removed {{node_t1}{jG1mjILaTQmnObJNOoAMbQ}{127.0.0.1}{127.0.0.1:30232}[mode=>network],}, reason: zen-disco-node_failed({node_t1}{jG1mjILaTQmnObJNOoAMbQ}{127.0.0.1}{127.0.0.1:30232}[mode=>network]), reason failed to ping, tried [1] times, each with maximum [1s] timeout
[2016-03-29 17:32:42,647][DEBUG][org.elasticsearch.cluster.service] [node_t2] publishing cluster state version [7]
[2016-03-29 17:32:42,648][TRACE][org.elasticsearch.cluster.service] [node_t0] will process [zen-disco-receive(from master [master {node_t2}{DI3rNxqOQJ6kN5NVd00lUg}{127.0.0.1}{127.0.0.1:30233}[mode=>network] committed version [7]])]
[2016-03-29 17:32:42,648][DEBUG][org.elasticsearch.cluster.service] [node_t0] processing [zen-disco-receive(from master [master {node_t2}{DI3rNxqOQJ6kN5NVd00lUg}{127.0.0.1}{127.0.0.1:30233}[mode=>network] committed version [7]])]: execute
[2016-03-29 17:32:42,648][TRACE][org.elasticsearch.cluster.service] [node_t0] cluster state updated, source [zen-disco-receive(from master [master {node_t2}{DI3rNxqOQJ6kN5NVd00lUg}{127.0.0.1}{127.0.0.1:30233}[mode=>network] committed version [7]])]
version: 7
state uuid: nmoxPBbKQl2Bh6bz_9t2xw
from_diff: false
meta data version: 6
nodes: 
   {node_t2}{DI3rNxqOQJ6kN5NVd00lUg}{127.0.0.1}{127.0.0.1:30233}[mode=>network], master
   {node_t0}{iXpKQXiYTIS7h8XdSLn8aQ}{127.0.0.1}{127.0.0.1:30231}[mode=>network], local
routing_table (version 6):
-- index [test]
----shard_id [test][0]
--------[test][0], node[DI3rNxqOQJ6kN5NVd00lUg], [P], v[5], s[STARTED], a[id=2jrC3AGWRM2UAyPrxL-RFw]
--------[test][0], node[iXpKQXiYTIS7h8XdSLn8aQ], [R], v[5], s[STARTED], a[id=EBU2X1UMQbW2myGSwMCqFw]
--------[test][0], node[null], [R], v[5], s[UNASSIGNED], unassigned_info[[reason=NODE_LEFT], at[2016-03-29T21:32:42.646Z], details[node_left[jG1mjILaTQmnObJNOoAMbQ]]]

routing_nodes:
-----node_id[DI3rNxqOQJ6kN5NVd00lUg][V]
--------[test][0], node[DI3rNxqOQJ6kN5NVd00lUg], [P], v[5], s[STARTED], a[id=2jrC3AGWRM2UAyPrxL-RFw]
-----node_id[iXpKQXiYTIS7h8XdSLn8aQ][V]
--------[test][0], node[iXpKQXiYTIS7h8XdSLn8aQ], [R], v[5], s[STARTED], a[id=EBU2X1UMQbW2myGSwMCqFw]
---- unassigned
--------[test][0], node[null], [R], v[5], s[UNASSIGNED], unassigned_info[[reason=NODE_LEFT], at[2016-03-29T21:32:42.646Z], details[node_left[jG1mjILaTQmnObJNOoAMbQ]]]

[2016-03-29 17:32:42,648][INFO ][org.elasticsearch.cluster.service] [node_t0] removed {{node_t1}{jG1mjILaTQmnObJNOoAMbQ}{127.0.0.1}{127.0.0.1:30232}[mode=>network],}, reason: zen-disco-receive(from master [master {node_t2}{DI3rNxqOQJ6kN5NVd00lUg}{127.0.0.1}{127.0.0.1:30233}[mode=>network] committed version [7]])
[2016-03-29 17:32:42,648][DEBUG][org.elasticsearch.cluster.service] [node_t0] set local cluster state to version 7
[2016-03-29 17:32:42,651][DEBUG][org.elasticsearch.cluster.service] [node_t0] processing [zen-disco-receive(from master [master {node_t2}{DI3rNxqOQJ6kN5NVd00lUg}{127.0.0.1}{127.0.0.1:30233}[mode=>network] committed version [7]])]: took 3ms done applying updated cluster_state (version: 7, uuid: nmoxPBbKQl2Bh6bz_9t2xw)
[2016-03-29 17:32:42,651][DEBUG][org.elasticsearch.cluster.service] [node_t2] set local cluster state to version 7
[2016-03-29 17:32:42,654][DEBUG][org.elasticsearch.cluster.service] [node_t2] processing [zen-disco-node_failed({node_t1}{jG1mjILaTQmnObJNOoAMbQ}{127.0.0.1}{127.0.0.1:30232}[mode=>network]), reason failed to ping, tried [1] times, each with maximum [1s] timeout]: took 7ms done applying updated cluster_state (version: 7, uuid: nmoxPBbKQl2Bh6bz_9t2xw)
[2016-03-29 17:32:42,655][TRACE][org.elasticsearch.cluster.service] [node_t2] will process [put-mapping [type]]
[2016-03-29 17:32:42,655][DEBUG][org.elasticsearch.cluster.service] [node_t2] processing [put-mapping [type]]: execute
[2016-03-29 17:32:42,655][TRACE][org.elasticsearch.cluster.service] expecting 2 acknowledgements for cluster_state update (version: 8)
[2016-03-29 17:32:42,655][TRACE][org.elasticsearch.cluster.service] [node_t2] cluster state updated, source [put-mapping [type]]
version: 8
state uuid: DfHFilLpTUic0tO9P7vg9Q
from_diff: false
meta data version: 7
nodes: 
   {node_t2}{DI3rNxqOQJ6kN5NVd00lUg}{127.0.0.1}{127.0.0.1:30233}[mode=>network], local, master
   {node_t0}{iXpKQXiYTIS7h8XdSLn8aQ}{127.0.0.1}{127.0.0.1:30231}[mode=>network]
routing_table (version 6):
-- index [test]
----shard_id [test][0]
--------[test][0], node[DI3rNxqOQJ6kN5NVd00lUg], [P], v[5], s[STARTED], a[id=2jrC3AGWRM2UAyPrxL-RFw]
--------[test][0], node[iXpKQXiYTIS7h8XdSLn8aQ], [R], v[5], s[STARTED], a[id=EBU2X1UMQbW2myGSwMCqFw]
--------[test][0], node[null], [R], v[5], s[UNASSIGNED], unassigned_info[[reason=NODE_LEFT], at[2016-03-29T21:32:42.646Z], details[node_left[jG1mjILaTQmnObJNOoAMbQ]]]

routing_nodes:
-----node_id[DI3rNxqOQJ6kN5NVd00lUg][V]
--------[test][0], node[DI3rNxqOQJ6kN5NVd00lUg], [P], v[5], s[STARTED], a[id=2jrC3AGWRM2UAyPrxL-RFw]
-----node_id[iXpKQXiYTIS7h8XdSLn8aQ][V]
--------[test][0], node[iXpKQXiYTIS7h8XdSLn8aQ], [R], v[5], s[STARTED], a[id=EBU2X1UMQbW2myGSwMCqFw]
---- unassigned
--------[test][0], node[null], [R], v[5], s[UNASSIGNED], unassigned_info[[reason=NODE_LEFT], at[2016-03-29T21:32:42.646Z], details[node_left[jG1mjILaTQmnObJNOoAMbQ]]]

[2016-03-29 17:32:42,655][DEBUG][org.elasticsearch.cluster.service] [node_t2] publishing cluster state version [8]
[2016-03-29 17:32:42,656][TRACE][org.elasticsearch.cluster.service] [node_t0] will process [zen-disco-receive(from master [master {node_t2}{DI3rNxqOQJ6kN5NVd00lUg}{127.0.0.1}{127.0.0.1:30233}[mode=>network] committed version [8]])]
[2016-03-29 17:32:42,656][DEBUG][org.elasticsearch.cluster.service] [node_t0] processing [zen-disco-receive(from master [master {node_t2}{DI3rNxqOQJ6kN5NVd00lUg}{127.0.0.1}{127.0.0.1:30233}[mode=>network] committed version [8]])]: execute
[2016-03-29 17:32:42,656][TRACE][org.elasticsearch.cluster.service] [node_t0] cluster state updated, source [zen-disco-receive(from master [master {node_t2}{DI3rNxqOQJ6kN5NVd00lUg}{127.0.0.1}{127.0.0.1:30233}[mode=>network] committed version [8]])]
version: 8
state uuid: DfHFilLpTUic0tO9P7vg9Q
from_diff: false
meta data version: 7
nodes: 
   {node_t2}{DI3rNxqOQJ6kN5NVd00lUg}{127.0.0.1}{127.0.0.1:30233}[mode=>network], master
   {node_t0}{iXpKQXiYTIS7h8XdSLn8aQ}{127.0.0.1}{127.0.0.1:30231}[mode=>network], local
routing_table (version 6):
-- index [test]
----shard_id [test][0]
--------[test][0], node[DI3rNxqOQJ6kN5NVd00lUg], [P], v[5], s[STARTED], a[id=2jrC3AGWRM2UAyPrxL-RFw]
--------[test][0], node[iXpKQXiYTIS7h8XdSLn8aQ], [R], v[5], s[STARTED], a[id=EBU2X1UMQbW2myGSwMCqFw]
--------[test][0], node[null], [R], v[5], s[UNASSIGNED], unassigned_info[[reason=NODE_LEFT], at[2016-03-29T21:32:42.646Z], details[node_left[jG1mjILaTQmnObJNOoAMbQ]]]

routing_nodes:
-----node_id[DI3rNxqOQJ6kN5NVd00lUg][V]
--------[test][0], node[DI3rNxqOQJ6kN5NVd00lUg], [P], v[5], s[STARTED], a[id=2jrC3AGWRM2UAyPrxL-RFw]
-----node_id[iXpKQXiYTIS7h8XdSLn8aQ][V]
--------[test][0], node[iXpKQXiYTIS7h8XdSLn8aQ], [R], v[5], s[STARTED], a[id=EBU2X1UMQbW2myGSwMCqFw]
---- unassigned
--------[test][0], node[null], [R], v[5], s[UNASSIGNED], unassigned_info[[reason=NODE_LEFT], at[2016-03-29T21:32:42.646Z], details[node_left[jG1mjILaTQmnObJNOoAMbQ]]]

[2016-03-29 17:32:42,656][DEBUG][org.elasticsearch.cluster.service] [node_t0] set local cluster state to version 8
[2016-03-29 17:32:42,658][DEBUG][org.elasticsearch.cluster.service] [node_t0] processing [zen-disco-receive(from master [master {node_t2}{DI3rNxqOQJ6kN5NVd00lUg}{127.0.0.1}{127.0.0.1:30233}[mode=>network] committed version [8]])]: took 1ms done applying updated cluster_state (version: 8, uuid: DfHFilLpTUic0tO9P7vg9Q)
[2016-03-29 17:32:42,658][TRACE][org.elasticsearch.cluster.service] ack received from node [{node_t0}{iXpKQXiYTIS7h8XdSLn8aQ}{127.0.0.1}{127.0.0.1:30231}[mode=>network]], cluster_state update (version: 8)
[2016-03-29 17:32:42,658][DEBUG][org.elasticsearch.cluster.service] [node_t2] set local cluster state to version 8
[2016-03-29 17:32:42,659][TRACE][org.elasticsearch.cluster.service] ack received from node [{node_t2}{DI3rNxqOQJ6kN5NVd00lUg}{127.0.0.1}{127.0.0.1:30233}[mode=>network]], cluster_state update (version: 8)
[2016-03-29 17:32:42,659][TRACE][org.elasticsearch.cluster.service] all expected nodes acknowledged cluster_state update (version: 8)
[2016-03-29 17:32:42,659][DEBUG][org.elasticsearch.cluster.service] [node_t2] processing [put-mapping [type]]: took 4ms done applying updated cluster_state (version: 8, uuid: DfHFilLpTUic0tO9P7vg9Q)
[2016-03-29 17:32:42,662][TRACE][org.elasticsearch.cluster.service] [node_t2] will process [cluster_health (wait_for_events [LANGUID])]
[2016-03-29 17:32:42,662][DEBUG][org.elasticsearch.cluster.service] [node_t2] processing [cluster_health (wait_for_events [LANGUID])]: execute
[2016-03-29 17:32:42,662][DEBUG][org.elasticsearch.cluster.service] [node_t2] processing [cluster_health (wait_for_events [LANGUID])]: took 0s no change in cluster_state
[2016-03-29 17:32:45,651][TRACE][org.elasticsearch.cluster.service] [node_t2] will process [zen-disco-join(join from node[{node_t1}{jG1mjILaTQmnObJNOoAMbQ}{127.0.0.1}{127.0.0.1:30232}[mode=>network]])]
[2016-03-29 17:32:45,651][DEBUG][org.elasticsearch.cluster.service] [node_t2] processing [zen-disco-join(join from node[{node_t1}{jG1mjILaTQmnObJNOoAMbQ}{127.0.0.1}{127.0.0.1:30232}[mode=>network]])]: execute
[2016-03-29 17:32:45,651][TRACE][org.elasticsearch.cluster.service] [node_t2] cluster state updated, source [zen-disco-join(join from node[{node_t1}{jG1mjILaTQmnObJNOoAMbQ}{127.0.0.1}{127.0.0.1:30232}[mode=>network]])]
version: 9
state uuid: PZKb0-KUSGKB22xyLmQ2Vw
from_diff: false
meta data version: 7
nodes: 
   {node_t2}{DI3rNxqOQJ6kN5NVd00lUg}{127.0.0.1}{127.0.0.1:30233}[mode=>network], local, master
   {node_t1}{jG1mjILaTQmnObJNOoAMbQ}{127.0.0.1}{127.0.0.1:30232}[mode=>network]
   {node_t0}{iXpKQXiYTIS7h8XdSLn8aQ}{127.0.0.1}{127.0.0.1:30231}[mode=>network]
routing_table (version 6):
-- index [test]
----shard_id [test][0]
--------[test][0], node[DI3rNxqOQJ6kN5NVd00lUg], [P], v[5], s[STARTED], a[id=2jrC3AGWRM2UAyPrxL-RFw]
--------[test][0], node[iXpKQXiYTIS7h8XdSLn8aQ], [R], v[5], s[STARTED], a[id=EBU2X1UMQbW2myGSwMCqFw]
--------[test][0], node[null], [R], v[5], s[UNASSIGNED], unassigned_info[[reason=NODE_LEFT], at[2016-03-29T21:32:42.646Z], details[node_left[jG1mjILaTQmnObJNOoAMbQ]]]

routing_nodes:
-----node_id[DI3rNxqOQJ6kN5NVd00lUg][V]
--------[test][0], node[DI3rNxqOQJ6kN5NVd00lUg], [P], v[5], s[STARTED], a[id=2jrC3AGWRM2UAyPrxL-RFw]
-----node_id[jG1mjILaTQmnObJNOoAMbQ][V]
-----node_id[iXpKQXiYTIS7h8XdSLn8aQ][V]
--------[test][0], node[iXpKQXiYTIS7h8XdSLn8aQ], [R], v[5], s[STARTED], a[id=EBU2X1UMQbW2myGSwMCqFw]
---- unassigned
--------[test][0], node[null], [R], v[5], s[UNASSIGNED], unassigned_info[[reason=NODE_LEFT], at[2016-03-29T21:32:42.646Z], details[node_left[jG1mjILaTQmnObJNOoAMbQ]]]

[2016-03-29 17:32:45,651][INFO ][org.elasticsearch.cluster.service] [node_t2] added {{node_t1}{jG1mjILaTQmnObJNOoAMbQ}{127.0.0.1}{127.0.0.1:30232}[mode=>network],}, reason: zen-disco-join(join from node[{node_t1}{jG1mjILaTQmnObJNOoAMbQ}{127.0.0.1}{127.0.0.1:30232}[mode=>network]])
[2016-03-29 17:32:45,651][DEBUG][org.elasticsearch.cluster.service] [node_t2] publishing cluster state version [9]
[2016-03-29 17:32:45,652][TRACE][org.elasticsearch.cluster.service] [node_t0] will process [zen-disco-receive(from master [master {node_t2}{DI3rNxqOQJ6kN5NVd00lUg}{127.0.0.1}{127.0.0.1:30233}[mode=>network] committed version [9]])]
[2016-03-29 17:32:45,652][DEBUG][org.elasticsearch.cluster.service] [node_t0] processing [zen-disco-receive(from master [master {node_t2}{DI3rNxqOQJ6kN5NVd00lUg}{127.0.0.1}{127.0.0.1:30233}[mode=>network] committed version [9]])]: execute
[2016-03-29 17:32:45,652][TRACE][org.elasticsearch.cluster.service] [node_t0] cluster state updated, source [zen-disco-receive(from master [master {node_t2}{DI3rNxqOQJ6kN5NVd00lUg}{127.0.0.1}{127.0.0.1:30233}[mode=>network] committed version [9]])]
version: 9
state uuid: PZKb0-KUSGKB22xyLmQ2Vw
from_diff: false
meta data version: 7
nodes: 
   {node_t2}{DI3rNxqOQJ6kN5NVd00lUg}{127.0.0.1}{127.0.0.1:30233}[mode=>network], master
   {node_t1}{jG1mjILaTQmnObJNOoAMbQ}{127.0.0.1}{127.0.0.1:30232}[mode=>network]
   {node_t0}{iXpKQXiYTIS7h8XdSLn8aQ}{127.0.0.1}{127.0.0.1:30231}[mode=>network], local
routing_table (version 6):
-- index [test]
----shard_id [test][0]
--------[test][0], node[DI3rNxqOQJ6kN5NVd00lUg], [P], v[5], s[STARTED], a[id=2jrC3AGWRM2UAyPrxL-RFw]
--------[test][0], node[iXpKQXiYTIS7h8XdSLn8aQ], [R], v[5], s[STARTED], a[id=EBU2X1UMQbW2myGSwMCqFw]
--------[test][0], node[null], [R], v[5], s[UNASSIGNED], unassigned_info[[reason=NODE_LEFT], at[2016-03-29T21:32:42.646Z], details[node_left[jG1mjILaTQmnObJNOoAMbQ]]]

routing_nodes:
-----node_id[DI3rNxqOQJ6kN5NVd00lUg][V]
--------[test][0], node[DI3rNxqOQJ6kN5NVd00lUg], [P], v[5], s[STARTED], a[id=2jrC3AGWRM2UAyPrxL-RFw]
-----node_id[jG1mjILaTQmnObJNOoAMbQ][V]
-----node_id[iXpKQXiYTIS7h8XdSLn8aQ][V]
--------[test][0], node[iXpKQXiYTIS7h8XdSLn8aQ], [R], v[5], s[STARTED], a[id=EBU2X1UMQbW2myGSwMCqFw]
---- unassigned
--------[test][0], node[null], [R], v[5], s[UNASSIGNED], unassigned_info[[reason=NODE_LEFT], at[2016-03-29T21:32:42.646Z], details[node_left[jG1mjILaTQmnObJNOoAMbQ]]]

[2016-03-29 17:32:45,652][TRACE][org.elasticsearch.cluster.service] [node_t1] will process [zen-disco-receive(from master [master {node_t2}{DI3rNxqOQJ6kN5NVd00lUg}{127.0.0.1}{127.0.0.1:30233}[mode=>network] committed version [9]])]
[2016-03-29 17:32:45,652][INFO ][org.elasticsearch.cluster.service] [node_t0] added {{node_t1}{jG1mjILaTQmnObJNOoAMbQ}{127.0.0.1}{127.0.0.1:30232}[mode=>network],}, reason: zen-disco-receive(from master [master {node_t2}{DI3rNxqOQJ6kN5NVd00lUg}{127.0.0.1}{127.0.0.1:30233}[mode=>network] committed version [9]])
[2016-03-29 17:32:45,652][DEBUG][org.elasticsearch.cluster.service] [node_t1] processing [zen-disco-receive(from master [master {node_t2}{DI3rNxqOQJ6kN5NVd00lUg}{127.0.0.1}{127.0.0.1:30233}[mode=>network] committed version [9]])]: execute
[2016-03-29 17:32:45,653][TRACE][org.elasticsearch.cluster.service] [node_t1] cluster state updated, source [zen-disco-receive(from master [master {node_t2}{DI3rNxqOQJ6kN5NVd00lUg}{127.0.0.1}{127.0.0.1:30233}[mode=>network] committed version [9]])]
version: 9
state uuid: PZKb0-KUSGKB22xyLmQ2Vw
from_diff: false
meta data version: 7
nodes: 
   {node_t2}{DI3rNxqOQJ6kN5NVd00lUg}{127.0.0.1}{127.0.0.1:30233}[mode=>network], master
   {node_t1}{jG1mjILaTQmnObJNOoAMbQ}{127.0.0.1}{127.0.0.1:30232}[mode=>network], local
   {node_t0}{iXpKQXiYTIS7h8XdSLn8aQ}{127.0.0.1}{127.0.0.1:30231}[mode=>network]
routing_table (version 6):
-- index [test]
----shard_id [test][0]
--------[test][0], node[DI3rNxqOQJ6kN5NVd00lUg], [P], v[5], s[STARTED], a[id=2jrC3AGWRM2UAyPrxL-RFw]
--------[test][0], node[iXpKQXiYTIS7h8XdSLn8aQ], [R], v[5], s[STARTED], a[id=EBU2X1UMQbW2myGSwMCqFw]
--------[test][0], node[null], [R], v[5], s[UNASSIGNED], unassigned_info[[reason=NODE_LEFT], at[2016-03-29T21:32:42.646Z], details[node_left[jG1mjILaTQmnObJNOoAMbQ]]]

routing_nodes:
-----node_id[DI3rNxqOQJ6kN5NVd00lUg][V]
--------[test][0], node[DI3rNxqOQJ6kN5NVd00lUg], [P], v[5], s[STARTED], a[id=2jrC3AGWRM2UAyPrxL-RFw]
-----node_id[jG1mjILaTQmnObJNOoAMbQ][V]
-----node_id[iXpKQXiYTIS7h8XdSLn8aQ][V]
--------[test][0], node[iXpKQXiYTIS7h8XdSLn8aQ], [R], v[5], s[STARTED], a[id=EBU2X1UMQbW2myGSwMCqFw]
---- unassigned
--------[test][0], node[null], [R], v[5], s[UNASSIGNED], unassigned_info[[reason=NODE_LEFT], at[2016-03-29T21:32:42.646Z], details[node_left[jG1mjILaTQmnObJNOoAMbQ]]]

[2016-03-29 17:32:45,653][INFO ][org.elasticsearch.cluster.service] [node_t1] detected_master {node_t2}{DI3rNxqOQJ6kN5NVd00lUg}{127.0.0.1}{127.0.0.1:30233}[mode=>network], added {{node_t2}{DI3rNxqOQJ6kN5NVd00lUg}{127.0.0.1}{127.0.0.1:30233}[mode=>network],}, reason: zen-disco-receive(from master [master {node_t2}{DI3rNxqOQJ6kN5NVd00lUg}{127.0.0.1}{127.0.0.1:30233}[mode=>network] committed version [9]])
[2016-03-29 17:32:45,653][DEBUG][org.elasticsearch.cluster.service] [node_t1] set local cluster state to version 9
[2016-03-29 17:32:45,654][DEBUG][org.elasticsearch.cluster.service] [node_t0] set local cluster state to version 9
[2016-03-29 17:32:45,654][DEBUG][org.elasticsearch.cluster.service] [node_t0] processing [zen-disco-receive(from master [master {node_t2}{DI3rNxqOQJ6kN5NVd00lUg}{127.0.0.1}{127.0.0.1:30233}[mode=>network] committed version [9]])]: took 2ms done applying updated cluster_state (version: 9, uuid: PZKb0-KUSGKB22xyLmQ2Vw)
[2016-03-29 17:32:45,655][DEBUG][org.elasticsearch.cluster.service] [node_t1] processing [zen-disco-receive(from master [master {node_t2}{DI3rNxqOQJ6kN5NVd00lUg}{127.0.0.1}{127.0.0.1:30233}[mode=>network] committed version [9]])]: took 2ms done applying updated cluster_state (version: 9, uuid: PZKb0-KUSGKB22xyLmQ2Vw)
[2016-03-29 17:32:45,655][DEBUG][org.elasticsearch.cluster.service] [node_t2] set local cluster state to version 9
[2016-03-29 17:32:45,656][DEBUG][org.elasticsearch.cluster.service] [node_t2] processing [zen-disco-join(join from node[{node_t1}{jG1mjILaTQmnObJNOoAMbQ}{127.0.0.1}{127.0.0.1:30232}[mode=>network]])]: took 4ms done applying updated cluster_state (version: 9, uuid: PZKb0-KUSGKB22xyLmQ2Vw)
[2016-03-29 17:32:45,656][TRACE][org.elasticsearch.cluster.service] [node_t2] will process [cluster_reroute(post_node_add)]
[2016-03-29 17:32:45,656][DEBUG][org.elasticsearch.cluster.service] [node_t2] processing [cluster_reroute(post_node_add)]: execute
[2016-03-29 17:32:45,656][TRACE][org.elasticsearch.cluster.service] [node_t1] will process [finalize_join ({node_t2}{DI3rNxqOQJ6kN5NVd00lUg}{127.0.0.1}{127.0.0.1:30233}[mode=>network])]
[2016-03-29 17:32:45,656][DEBUG][org.elasticsearch.cluster.service] [node_t1] processing [finalize_join ({node_t2}{DI3rNxqOQJ6kN5NVd00lUg}{127.0.0.1}{127.0.0.1:30233}[mode=>network])]: execute
[2016-03-29 17:32:45,656][DEBUG][org.elasticsearch.cluster.service] [node_t1] processing [finalize_join ({node_t2}{DI3rNxqOQJ6kN5NVd00lUg}{127.0.0.1}{127.0.0.1:30233}[mode=>network])]: took 0s no change in cluster_state
[2016-03-29 17:32:45,656][DEBUG][org.elasticsearch.cluster.service] [node_t2] processing [cluster_reroute(post_node_add)]: took 0s no change in cluster_state
[2016-03-29 17:32:45,656][TRACE][org.elasticsearch.cluster.service] [node_t2] will process [cluster_health (wait_for_events [LANGUID])]
[2016-03-29 17:32:45,656][DEBUG][org.elasticsearch.cluster.service] [node_t2] processing [cluster_health (wait_for_events [LANGUID])]: execute
[2016-03-29 17:32:45,656][DEBUG][org.elasticsearch.cluster.service] [node_t2] processing [cluster_health (wait_for_events [LANGUID])]: took 0s no change in cluster_state
[2016-03-29 17:32:45,657][TRACE][org.elasticsearch.cluster.service] [node_t2] will process [cluster_reroute(async_shard_fetch)]
[2016-03-29 17:32:45,657][DEBUG][org.elasticsearch.cluster.service] [node_t2] processing [cluster_reroute(async_shard_fetch)]: execute
[2016-03-29 17:32:45,658][TRACE][org.elasticsearch.cluster.service] [node_t2] cluster state updated, source [cluster_reroute(async_shard_fetch)]
version: 10
state uuid: y3937JVuTJG7aDAxJCtERw
from_diff: false
meta data version: 7
nodes: 
   {node_t2}{DI3rNxqOQJ6kN5NVd00lUg}{127.0.0.1}{127.0.0.1:30233}[mode=>network], local, master
   {node_t1}{jG1mjILaTQmnObJNOoAMbQ}{127.0.0.1}{127.0.0.1:30232}[mode=>network]
   {node_t0}{iXpKQXiYTIS7h8XdSLn8aQ}{127.0.0.1}{127.0.0.1:30231}[mode=>network]
routing_table (version 7):
-- index [test]
----shard_id [test][0]
--------[test][0], node[DI3rNxqOQJ6kN5NVd00lUg], [P], v[6], s[STARTED], a[id=2jrC3AGWRM2UAyPrxL-RFw]
--------[test][0], node[jG1mjILaTQmnObJNOoAMbQ], [R], v[6], s[INITIALIZING], a[id=B9wHPM1wSBKO0DadZ_nSFQ], unassigned_info[[reason=NODE_LEFT], at[2016-03-29T21:32:42.646Z], details[node_left[jG1mjILaTQmnObJNOoAMbQ]]], expected_shard_size[3046]
--------[test][0], node[iXpKQXiYTIS7h8XdSLn8aQ], [R], v[6], s[STARTED], a[id=EBU2X1UMQbW2myGSwMCqFw]

routing_nodes:
-----node_id[DI3rNxqOQJ6kN5NVd00lUg][V]
--------[test][0], node[DI3rNxqOQJ6kN5NVd00lUg], [P], v[6], s[STARTED], a[id=2jrC3AGWRM2UAyPrxL-RFw]
-----node_id[jG1mjILaTQmnObJNOoAMbQ][V]
--------[test][0], node[jG1mjILaTQmnObJNOoAMbQ], [R], v[6], s[INITIALIZING], a[id=B9wHPM1wSBKO0DadZ_nSFQ], unassigned_info[[reason=NODE_LEFT], at[2016-03-29T21:32:42.646Z], details[node_left[jG1mjILaTQmnObJNOoAMbQ]]], expected_shard_size[3046]
-----node_id[iXpKQXiYTIS7h8XdSLn8aQ][V]
--------[test][0], node[iXpKQXiYTIS7h8XdSLn8aQ], [R], v[6], s[STARTED], a[id=EBU2X1UMQbW2myGSwMCqFw]
---- unassigned

[2016-03-29 17:32:45,658][DEBUG][org.elasticsearch.cluster.service] [node_t2] publishing cluster state version [10]
[2016-03-29 17:32:45,658][TRACE][org.elasticsearch.cluster.service] [node_t0] will process [zen-disco-receive(from master [master {node_t2}{DI3rNxqOQJ6kN5NVd00lUg}{127.0.0.1}{127.0.0.1:30233}[mode=>network] committed version [10]])]
[2016-03-29 17:32:45,658][DEBUG][org.elasticsearch.cluster.service] [node_t0] processing [zen-disco-receive(from master [master {node_t2}{DI3rNxqOQJ6kN5NVd00lUg}{127.0.0.1}{127.0.0.1:30233}[mode=>network] committed version [10]])]: execute
[2016-03-29 17:32:45,658][TRACE][org.elasticsearch.cluster.service] [node_t1] will process [zen-disco-receive(from master [master {node_t2}{DI3rNxqOQJ6kN5NVd00lUg}{127.0.0.1}{127.0.0.1:30233}[mode=>network] committed version [10]])]
[2016-03-29 17:32:45,658][DEBUG][org.elasticsearch.cluster.service] [node_t1] processing [zen-disco-receive(from master [master {node_t2}{DI3rNxqOQJ6kN5NVd00lUg}{127.0.0.1}{127.0.0.1:30233}[mode=>network] committed version [10]])]: execute
[2016-03-29 17:32:45,658][TRACE][org.elasticsearch.cluster.service] [node_t0] cluster state updated, source [zen-disco-receive(from master [master {node_t2}{DI3rNxqOQJ6kN5NVd00lUg}{127.0.0.1}{127.0.0.1:30233}[mode=>network] committed version [10]])]
version: 10
state uuid: y3937JVuTJG7aDAxJCtERw
from_diff: false
meta data version: 7
nodes: 
   {node_t2}{DI3rNxqOQJ6kN5NVd00lUg}{127.0.0.1}{127.0.0.1:30233}[mode=>network], master
   {node_t1}{jG1mjILaTQmnObJNOoAMbQ}{127.0.0.1}{127.0.0.1:30232}[mode=>network]
   {node_t0}{iXpKQXiYTIS7h8XdSLn8aQ}{127.0.0.1}{127.0.0.1:30231}[mode=>network], local
routing_table (version 7):
-- index [test]
----shard_id [test][0]
--------[test][0], node[DI3rNxqOQJ6kN5NVd00lUg], [P], v[6], s[STARTED], a[id=2jrC3AGWRM2UAyPrxL-RFw]
--------[test][0], node[jG1mjILaTQmnObJNOoAMbQ], [R], v[6], s[INITIALIZING], a[id=B9wHPM1wSBKO0DadZ_nSFQ], unassigned_info[[reason=NODE_LEFT], at[2016-03-29T21:32:42.646Z], details[node_left[jG1mjILaTQmnObJNOoAMbQ]]], expected_shard_size[3046]
--------[test][0], node[iXpKQXiYTIS7h8XdSLn8aQ], [R], v[6], s[STARTED], a[id=EBU2X1UMQbW2myGSwMCqFw]

routing_nodes:
-----node_id[DI3rNxqOQJ6kN5NVd00lUg][V]
--------[test][0], node[DI3rNxqOQJ6kN5NVd00lUg], [P], v[6], s[STARTED], a[id=2jrC3AGWRM2UAyPrxL-RFw]
-----node_id[jG1mjILaTQmnObJNOoAMbQ][V]
--------[test][0], node[jG1mjILaTQmnObJNOoAMbQ], [R], v[6], s[INITIALIZING], a[id=B9wHPM1wSBKO0DadZ_nSFQ], unassigned_info[[reason=NODE_LEFT], at[2016-03-29T21:32:42.646Z], details[node_left[jG1mjILaTQmnObJNOoAMbQ]]], expected_shard_size[3046]
-----node_id[iXpKQXiYTIS7h8XdSLn8aQ][V]
--------[test][0], node[iXpKQXiYTIS7h8XdSLn8aQ], [R], v[6], s[STARTED], a[id=EBU2X1UMQbW2myGSwMCqFw]
---- unassigned

[2016-03-29 17:32:45,659][DEBUG][org.elasticsearch.cluster.service] [node_t0] set local cluster state to version 10
[2016-03-29 17:32:45,659][TRACE][org.elasticsearch.cluster.service] [node_t1] cluster state updated, source [zen-disco-receive(from master [master {node_t2}{DI3rNxqOQJ6kN5NVd00lUg}{127.0.0.1}{127.0.0.1:30233}[mode=>network] committed version [10]])]
version: 10
state uuid: y3937JVuTJG7aDAxJCtERw
from_diff: false
meta data version: 7
nodes: 
   {node_t2}{DI3rNxqOQJ6kN5NVd00lUg}{127.0.0.1}{127.0.0.1:30233}[mode=>network], master
   {node_t1}{jG1mjILaTQmnObJNOoAMbQ}{127.0.0.1}{127.0.0.1:30232}[mode=>network], local
   {node_t0}{iXpKQXiYTIS7h8XdSLn8aQ}{127.0.0.1}{127.0.0.1:30231}[mode=>network]
routing_table (version 7):
-- index [test]
----shard_id [test][0]
--------[test][0], node[DI3rNxqOQJ6kN5NVd00lUg], [P], v[6], s[STARTED], a[id=2jrC3AGWRM2UAyPrxL-RFw]
--------[test][0], node[jG1mjILaTQmnObJNOoAMbQ], [R], v[6], s[INITIALIZING], a[id=B9wHPM1wSBKO0DadZ_nSFQ], unassigned_info[[reason=NODE_LEFT], at[2016-03-29T21:32:42.646Z], details[node_left[jG1mjILaTQmnObJNOoAMbQ]]], expected_shard_size[3046]
--------[test][0], node[iXpKQXiYTIS7h8XdSLn8aQ], [R], v[6], s[STARTED], a[id=EBU2X1UMQbW2myGSwMCqFw]

routing_nodes:
-----node_id[DI3rNxqOQJ6kN5NVd00lUg][V]
--------[test][0], node[DI3rNxqOQJ6kN5NVd00lUg], [P], v[6], s[STARTED], a[id=2jrC3AGWRM2UAyPrxL-RFw]
-----node_id[jG1mjILaTQmnObJNOoAMbQ][V]
--------[test][0], node[jG1mjILaTQmnObJNOoAMbQ], [R], v[6], s[INITIALIZING], a[id=B9wHPM1wSBKO0DadZ_nSFQ], unassigned_info[[reason=NODE_LEFT], at[2016-03-29T21:32:42.646Z], details[node_left[jG1mjILaTQmnObJNOoAMbQ]]], expected_shard_size[3046]
-----node_id[iXpKQXiYTIS7h8XdSLn8aQ][V]
--------[test][0], node[iXpKQXiYTIS7h8XdSLn8aQ], [R], v[6], s[STARTED], a[id=EBU2X1UMQbW2myGSwMCqFw]
---- unassigned

[2016-03-29 17:32:45,659][DEBUG][org.elasticsearch.cluster.service] [node_t1] set local cluster state to version 10
[2016-03-29 17:32:45,660][DEBUG][org.elasticsearch.cluster.service] [node_t0] processing [zen-disco-receive(from master [master {node_t2}{DI3rNxqOQJ6kN5NVd00lUg}{127.0.0.1}{127.0.0.1:30233}[mode=>network] committed version [10]])]: took 1ms done applying updated cluster_state (version: 10, uuid: y3937JVuTJG7aDAxJCtERw)
[2016-03-29 17:32:45,661][DEBUG][org.elasticsearch.cluster.service] [node_t1] processing [zen-disco-receive(from master [master {node_t2}{DI3rNxqOQJ6kN5NVd00lUg}{127.0.0.1}{127.0.0.1:30233}[mode=>network] committed version [10]])]: took 2ms done applying updated cluster_state (version: 10, uuid: y3937JVuTJG7aDAxJCtERw)
[2016-03-29 17:32:45,661][DEBUG][org.elasticsearch.cluster.service] [node_t2] set local cluster state to version 10
[2016-03-29 17:32:45,662][DEBUG][org.elasticsearch.cluster.service] [node_t2] processing [cluster_reroute(async_shard_fetch)]: took 4ms done applying updated cluster_state (version: 10, uuid: y3937JVuTJG7aDAxJCtERw)
[2016-03-29 17:32:45,676][TRACE][org.elasticsearch.cluster.service] [node_t2] will process [shard-started ([test][0], node[jG1mjILaTQmnObJNOoAMbQ], [R], v[6], s[INITIALIZING], a[id=B9wHPM1wSBKO0DadZ_nSFQ], unassigned_info[[reason=NODE_LEFT], at[2016-03-29T21:32:42.646Z], details[node_left[jG1mjILaTQmnObJNOoAMbQ]]], expected_shard_size[3046]), reason [after recovery (replica) from node [{node_t2}{DI3rNxqOQJ6kN5NVd00lUg}{127.0.0.1}{127.0.0.1:30233}[mode=>network]]]]
[2016-03-29 17:32:45,676][DEBUG][org.elasticsearch.cluster.service] [node_t2] processing [shard-started ([test][0], node[jG1mjILaTQmnObJNOoAMbQ], [R], v[6], s[INITIALIZING], a[id=B9wHPM1wSBKO0DadZ_nSFQ], unassigned_info[[reason=NODE_LEFT], at[2016-03-29T21:32:42.646Z], details[node_left[jG1mjILaTQmnObJNOoAMbQ]]], expected_shard_size[3046]), reason [after recovery (replica) from node [{node_t2}{DI3rNxqOQJ6kN5NVd00lUg}{127.0.0.1}{127.0.0.1:30233}[mode=>network]]]]: execute
[2016-03-29 17:32:45,677][TRACE][org.elasticsearch.cluster.service] [node_t2] cluster state updated, source [shard-started ([test][0], node[jG1mjILaTQmnObJNOoAMbQ], [R], v[6], s[INITIALIZING], a[id=B9wHPM1wSBKO0DadZ_nSFQ], unassigned_info[[reason=NODE_LEFT], at[2016-03-29T21:32:42.646Z], details[node_left[jG1mjILaTQmnObJNOoAMbQ]]], expected_shard_size[3046]), reason [after recovery (replica) from node [{node_t2}{DI3rNxqOQJ6kN5NVd00lUg}{127.0.0.1}{127.0.0.1:30233}[mode=>network]]]]
version: 11
state uuid: DpAM1h0vRt2ZZJE0Q2o9eg
from_diff: false
meta data version: 8
nodes: 
   {node_t2}{DI3rNxqOQJ6kN5NVd00lUg}{127.0.0.1}{127.0.0.1:30233}[mode=>network], local, master
   {node_t1}{jG1mjILaTQmnObJNOoAMbQ}{127.0.0.1}{127.0.0.1:30232}[mode=>network]
   {node_t0}{iXpKQXiYTIS7h8XdSLn8aQ}{127.0.0.1}{127.0.0.1:30231}[mode=>network]
routing_table (version 8):
-- index [test]
----shard_id [test][0]
--------[test][0], node[DI3rNxqOQJ6kN5NVd00lUg], [P], v[7], s[STARTED], a[id=2jrC3AGWRM2UAyPrxL-RFw]
--------[test][0], node[jG1mjILaTQmnObJNOoAMbQ], [R], v[7], s[STARTED], a[id=B9wHPM1wSBKO0DadZ_nSFQ]
--------[test][0], node[iXpKQXiYTIS7h8XdSLn8aQ], [R], v[7], s[STARTED], a[id=EBU2X1UMQbW2myGSwMCqFw]

routing_nodes:
-----node_id[DI3rNxqOQJ6kN5NVd00lUg][V]
--------[test][0], node[DI3rNxqOQJ6kN5NVd00lUg], [P], v[7], s[STARTED], a[id=2jrC3AGWRM2UAyPrxL-RFw]
-----node_id[jG1mjILaTQmnObJNOoAMbQ][V]
--------[test][0], node[jG1mjILaTQmnObJNOoAMbQ], [R], v[7], s[STARTED], a[id=B9wHPM1wSBKO0DadZ_nSFQ]
-----node_id[iXpKQXiYTIS7h8XdSLn8aQ][V]
--------[test][0], node[iXpKQXiYTIS7h8XdSLn8aQ], [R], v[7], s[STARTED], a[id=EBU2X1UMQbW2myGSwMCqFw]
---- unassigned

[2016-03-29 17:32:45,677][DEBUG][org.elasticsearch.cluster.service] [node_t2] publishing cluster state version [11]
[2016-03-29 17:32:45,677][TRACE][org.elasticsearch.cluster.service] [node_t1] will process [zen-disco-receive(from master [master {node_t2}{DI3rNxqOQJ6kN5NVd00lUg}{127.0.0.1}{127.0.0.1:30233}[mode=>network] committed version [11]])]
[2016-03-29 17:32:45,677][TRACE][org.elasticsearch.cluster.service] [node_t0] will process [zen-disco-receive(from master [master {node_t2}{DI3rNxqOQJ6kN5NVd00lUg}{127.0.0.1}{127.0.0.1:30233}[mode=>network] committed version [11]])]
[2016-03-29 17:32:45,677][DEBUG][org.elasticsearch.cluster.service] [node_t1] processing [zen-disco-receive(from master [master {node_t2}{DI3rNxqOQJ6kN5NVd00lUg}{127.0.0.1}{127.0.0.1:30233}[mode=>network] committed version [11]])]: execute
[2016-03-29 17:32:45,677][DEBUG][org.elasticsearch.cluster.service] [node_t0] processing [zen-disco-receive(from master [master {node_t2}{DI3rNxqOQJ6kN5NVd00lUg}{127.0.0.1}{127.0.0.1:30233}[mode=>network] committed version [11]])]: execute
[2016-03-29 17:32:45,678][TRACE][org.elasticsearch.cluster.service] [node_t1] cluster state updated, source [zen-disco-receive(from master [master {node_t2}{DI3rNxqOQJ6kN5NVd00lUg}{127.0.0.1}{127.0.0.1:30233}[mode=>network] committed version [11]])]
version: 11
state uuid: DpAM1h0vRt2ZZJE0Q2o9eg
from_diff: false
meta data version: 8
nodes: 
   {node_t2}{DI3rNxqOQJ6kN5NVd00lUg}{127.0.0.1}{127.0.0.1:30233}[mode=>network], master
   {node_t1}{jG1mjILaTQmnObJNOoAMbQ}{127.0.0.1}{127.0.0.1:30232}[mode=>network], local
   {node_t0}{iXpKQXiYTIS7h8XdSLn8aQ}{127.0.0.1}{127.0.0.1:30231}[mode=>network]
routing_table (version 8):
-- index [test]
----shard_id [test][0]
--------[test][0], node[DI3rNxqOQJ6kN5NVd00lUg], [P], v[7], s[STARTED], a[id=2jrC3AGWRM2UAyPrxL-RFw]
--------[test][0], node[jG1mjILaTQmnObJNOoAMbQ], [R], v[7], s[STARTED], a[id=B9wHPM1wSBKO0DadZ_nSFQ]
--------[test][0], node[iXpKQXiYTIS7h8XdSLn8aQ], [R], v[7], s[STARTED], a[id=EBU2X1UMQbW2myGSwMCqFw]

routing_nodes:
-----node_id[DI3rNxqOQJ6kN5NVd00lUg][V]
--------[test][0], node[DI3rNxqOQJ6kN5NVd00lUg], [P], v[7], s[STARTED], a[id=2jrC3AGWRM2UAyPrxL-RFw]
-----node_id[jG1mjILaTQmnObJNOoAMbQ][V]
--------[test][0], node[jG1mjILaTQmnObJNOoAMbQ], [R], v[7], s[STARTED], a[id=B9wHPM1wSBKO0DadZ_nSFQ]
-----node_id[iXpKQXiYTIS7h8XdSLn8aQ][V]
--------[test][0], node[iXpKQXiYTIS7h8XdSLn8aQ], [R], v[7], s[STARTED], a[id=EBU2X1UMQbW2myGSwMCqFw]
---- unassigned

[2016-03-29 17:32:45,678][DEBUG][org.elasticsearch.cluster.service] [node_t1] set local cluster state to version 11
[2016-03-29 17:32:45,678][TRACE][org.elasticsearch.cluster.service] [node_t0] cluster state updated, source [zen-disco-receive(from master [master {node_t2}{DI3rNxqOQJ6kN5NVd00lUg}{127.0.0.1}{127.0.0.1:30233}[mode=>network] committed version [11]])]
version: 11
state uuid: DpAM1h0vRt2ZZJE0Q2o9eg
from_diff: false
meta data version: 8
nodes: 
   {node_t2}{DI3rNxqOQJ6kN5NVd00lUg}{127.0.0.1}{127.0.0.1:30233}[mode=>network], master
   {node_t1}{jG1mjILaTQmnObJNOoAMbQ}{127.0.0.1}{127.0.0.1:30232}[mode=>network]
   {node_t0}{iXpKQXiYTIS7h8XdSLn8aQ}{127.0.0.1}{127.0.0.1:30231}[mode=>network], local
routing_table (version 8):
-- index [test]
----shard_id [test][0]
--------[test][0], node[DI3rNxqOQJ6kN5NVd00lUg], [P], v[7], s[STARTED], a[id=2jrC3AGWRM2UAyPrxL-RFw]
--------[test][0], node[jG1mjILaTQmnObJNOoAMbQ], [R], v[7], s[STARTED], a[id=B9wHPM1wSBKO0DadZ_nSFQ]
--------[test][0], node[iXpKQXiYTIS7h8XdSLn8aQ], [R], v[7], s[STARTED], a[id=EBU2X1UMQbW2myGSwMCqFw]

routing_nodes:
-----node_id[DI3rNxqOQJ6kN5NVd00lUg][V]
--------[test][0], node[DI3rNxqOQJ6kN5NVd00lUg], [P], v[7], s[STARTED], a[id=2jrC3AGWRM2UAyPrxL-RFw]
-----node_id[jG1mjILaTQmnObJNOoAMbQ][V]
--------[test][0], node[jG1mjILaTQmnObJNOoAMbQ], [R], v[7], s[STARTED], a[id=B9wHPM1wSBKO0DadZ_nSFQ]
-----node_id[iXpKQXiYTIS7h8XdSLn8aQ][V]
--------[test][0], node[iXpKQXiYTIS7h8XdSLn8aQ], [R], v[7], s[STARTED], a[id=EBU2X1UMQbW2myGSwMCqFw]
---- unassigned

[2016-03-29 17:32:45,678][DEBUG][org.elasticsearch.cluster.service] [node_t0] set local cluster state to version 11
[2016-03-29 17:32:45,680][DEBUG][org.elasticsearch.cluster.service] [node_t1] processing [zen-disco-receive(from master [master {node_t2}{DI3rNxqOQJ6kN5NVd00lUg}{127.0.0.1}{127.0.0.1:30233}[mode=>network] committed version [11]])]: took 2ms done applying updated cluster_state (version: 11, uuid: DpAM1h0vRt2ZZJE0Q2o9eg)
[2016-03-29 17:32:45,681][DEBUG][org.elasticsearch.cluster.service] [node_t0] processing [zen-disco-receive(from master [master {node_t2}{DI3rNxqOQJ6kN5NVd00lUg}{127.0.0.1}{127.0.0.1:30233}[mode=>network] committed version [11]])]: took 3ms done applying updated cluster_state (version: 11, uuid: DpAM1h0vRt2ZZJE0Q2o9eg)
[2016-03-29 17:32:45,681][DEBUG][org.elasticsearch.cluster.service] [node_t2] set local cluster state to version 11
[2016-03-29 17:32:45,683][DEBUG][org.elasticsearch.cluster.service] [node_t2] processing [shard-started ([test][0], node[jG1mjILaTQmnObJNOoAMbQ], [R], v[6], s[INITIALIZING], a[id=B9wHPM1wSBKO0DadZ_nSFQ], unassigned_info[[reason=NODE_LEFT], at[2016-03-29T21:32:42.646Z], details[node_left[jG1mjILaTQmnObJNOoAMbQ]]], expected_shard_size[3046]), reason [after recovery (replica) from node [{node_t2}{DI3rNxqOQJ6kN5NVd00lUg}{127.0.0.1}{127.0.0.1:30233}[mode=>network]]]]: took 6ms done applying updated cluster_state (version: 11, uuid: DpAM1h0vRt2ZZJE0Q2o9eg)
[2016-03-29 17:32:45,687][TRACE][org.elasticsearch.cluster.service] [node_t2] will process [delete-index [test]]
[2016-03-29 17:32:45,687][DEBUG][org.elasticsearch.cluster.service] [node_t2] processing [delete-index [test]]: execute
[2016-03-29 17:32:45,687][TRACE][org.elasticsearch.cluster.service] [node_t2] cluster state updated, source [delete-index [test]]
version: 12
state uuid: vvhmpix-TVCp1lW1ZH8h5Q
from_diff: false
meta data version: 9
nodes: 
   {node_t2}{DI3rNxqOQJ6kN5NVd00lUg}{127.0.0.1}{127.0.0.1:30233}[mode=>network], local, master
   {node_t1}{jG1mjILaTQmnObJNOoAMbQ}{127.0.0.1}{127.0.0.1:30232}[mode=>network]
   {node_t0}{iXpKQXiYTIS7h8XdSLn8aQ}{127.0.0.1}{127.0.0.1:30231}[mode=>network]
routing_table (version 9):
routing_nodes:
-----node_id[DI3rNxqOQJ6kN5NVd00lUg][V]
-----node_id[jG1mjILaTQmnObJNOoAMbQ][V]
-----node_id[iXpKQXiYTIS7h8XdSLn8aQ][V]
---- unassigned

[2016-03-29 17:32:45,687][DEBUG][org.elasticsearch.cluster.service] [node_t2] publishing cluster state version [12]
[2016-03-29 17:32:45,688][TRACE][org.elasticsearch.cluster.service] [node_t1] will process [zen-disco-receive(from master [master {node_t2}{DI3rNxqOQJ6kN5NVd00lUg}{127.0.0.1}{127.0.0.1:30233}[mode=>network] committed version [12]])]
[2016-03-29 17:32:45,688][TRACE][org.elasticsearch.cluster.service] [node_t0] will process [zen-disco-receive(from master [master {node_t2}{DI3rNxqOQJ6kN5NVd00lUg}{127.0.0.1}{127.0.0.1:30233}[mode=>network] committed version [12]])]
[2016-03-29 17:32:45,688][DEBUG][org.elasticsearch.cluster.service] [node_t0] processing [zen-disco-receive(from master [master {node_t2}{DI3rNxqOQJ6kN5NVd00lUg}{127.0.0.1}{127.0.0.1:30233}[mode=>network] committed version [12]])]: execute
[2016-03-29 17:32:45,688][DEBUG][org.elasticsearch.cluster.service] [node_t1] processing [zen-disco-receive(from master [master {node_t2}{DI3rNxqOQJ6kN5NVd00lUg}{127.0.0.1}{127.0.0.1:30233}[mode=>network] committed version [12]])]: execute
[2016-03-29 17:32:45,688][TRACE][org.elasticsearch.cluster.service] [node_t0] cluster state updated, source [zen-disco-receive(from master [master {node_t2}{DI3rNxqOQJ6kN5NVd00lUg}{127.0.0.1}{127.0.0.1:30233}[mode=>network] committed version [12]])]
version: 12
state uuid: vvhmpix-TVCp1lW1ZH8h5Q
from_diff: false
meta data version: 9
nodes: 
   {node_t2}{DI3rNxqOQJ6kN5NVd00lUg}{127.0.0.1}{127.0.0.1:30233}[mode=>network], master
   {node_t1}{jG1mjILaTQmnObJNOoAMbQ}{127.0.0.1}{127.0.0.1:30232}[mode=>network]
   {node_t0}{iXpKQXiYTIS7h8XdSLn8aQ}{127.0.0.1}{127.0.0.1:30231}[mode=>network], local
routing_table (version 9):
routing_nodes:
-----node_id[DI3rNxqOQJ6kN5NVd00lUg][V]
-----node_id[jG1mjILaTQmnObJNOoAMbQ][V]
-----node_id[iXpKQXiYTIS7h8XdSLn8aQ][V]
---- unassigned

[2016-03-29 17:32:45,688][TRACE][org.elasticsearch.cluster.service] [node_t1] cluster state updated, source [zen-disco-receive(from master [master {node_t2}{DI3rNxqOQJ6kN5NVd00lUg}{127.0.0.1}{127.0.0.1:30233}[mode=>network] committed version [12]])]
version: 12
state uuid: vvhmpix-TVCp1lW1ZH8h5Q
from_diff: false
meta data version: 9
nodes: 
   {node_t2}{DI3rNxqOQJ6kN5NVd00lUg}{127.0.0.1}{127.0.0.1:30233}[mode=>network], master
   {node_t1}{jG1mjILaTQmnObJNOoAMbQ}{127.0.0.1}{127.0.0.1:30232}[mode=>network], local
   {node_t0}{iXpKQXiYTIS7h8XdSLn8aQ}{127.0.0.1}{127.0.0.1:30231}[mode=>network]
routing_table (version 9):
routing_nodes:
-----node_id[DI3rNxqOQJ6kN5NVd00lUg][V]
-----node_id[jG1mjILaTQmnObJNOoAMbQ][V]
-----node_id[iXpKQXiYTIS7h8XdSLn8aQ][V]
---- unassigned

[2016-03-29 17:32:45,688][DEBUG][org.elasticsearch.cluster.service] [node_t0] set local cluster state to version 12
[2016-03-29 17:32:45,688][DEBUG][org.elasticsearch.cluster.service] [node_t1] set local cluster state to version 12
[2016-03-29 17:32:45,691][DEBUG][org.elasticsearch.cluster.service] [node_t0] processing [zen-disco-receive(from master [master {node_t2}{DI3rNxqOQJ6kN5NVd00lUg}{127.0.0.1}{127.0.0.1:30233}[mode=>network] committed version [12]])]: took 3ms done applying updated cluster_state (version: 12, uuid: vvhmpix-TVCp1lW1ZH8h5Q)
[2016-03-29 17:32:45,692][DEBUG][org.elasticsearch.cluster.service] [node_t1] processing [zen-disco-receive(from master [master {node_t2}{DI3rNxqOQJ6kN5NVd00lUg}{127.0.0.1}{127.0.0.1:30233}[mode=>network] committed version [12]])]: took 4ms done applying updated cluster_state (version: 12, uuid: vvhmpix-TVCp1lW1ZH8h5Q)
[2016-03-29 17:32:45,692][DEBUG][org.elasticsearch.cluster.service] [node_t2] set local cluster state to version 12
[2016-03-29 17:32:45,695][DEBUG][org.elasticsearch.cluster.service] [node_t2] processing [delete-index [test]]: took 7ms done applying updated cluster_state (version: 12, uuid: vvhmpix-TVCp1lW1ZH8h5Q)
[2016-03-29 17:32:45,695][TRACE][org.elasticsearch.cluster.service] [node_t2] will process [delete_repository [*]]
[2016-03-29 17:32:45,695][DEBUG][org.elasticsearch.cluster.service] [node_t2] processing [delete_repository [*]]: execute
[2016-03-29 17:32:45,695][DEBUG][org.elasticsearch.cluster.service] [node_t2] processing [delete_repository [*]]: took 0s no change in cluster_state
[2016-03-29 17:32:45,695][TRACE][org.elasticsearch.cluster.service] [node_t2] will process [zen-disco-node_left({node_t0}{iXpKQXiYTIS7h8XdSLn8aQ}{127.0.0.1}{127.0.0.1:30231}[mode=>network])]
[2016-03-29 17:32:45,695][DEBUG][org.elasticsearch.cluster.service] [node_t2] processing [zen-disco-node_left({node_t0}{iXpKQXiYTIS7h8XdSLn8aQ}{127.0.0.1}{127.0.0.1:30231}[mode=>network])]: execute
[2016-03-29 17:32:45,695][TRACE][org.elasticsearch.cluster.service] [node_t2] cluster state updated, source [zen-disco-node_left({node_t0}{iXpKQXiYTIS7h8XdSLn8aQ}{127.0.0.1}{127.0.0.1:30231}[mode=>network])]
version: 13
state uuid: 5FySkZvqS0OFi4t3uW6lgg
from_diff: false
meta data version: 9
nodes: 
   {node_t2}{DI3rNxqOQJ6kN5NVd00lUg}{127.0.0.1}{127.0.0.1:30233}[mode=>network], local, master
   {node_t1}{jG1mjILaTQmnObJNOoAMbQ}{127.0.0.1}{127.0.0.1:30232}[mode=>network]
routing_table (version 9):
routing_nodes:
-----node_id[DI3rNxqOQJ6kN5NVd00lUg][V]
-----node_id[jG1mjILaTQmnObJNOoAMbQ][V]
---- unassigned

[2016-03-29 17:32:45,696][INFO ][org.elasticsearch.cluster.service] [node_t2] removed {{node_t0}{iXpKQXiYTIS7h8XdSLn8aQ}{127.0.0.1}{127.0.0.1:30231}[mode=>network],}, reason: zen-disco-node_left({node_t0}{iXpKQXiYTIS7h8XdSLn8aQ}{127.0.0.1}{127.0.0.1:30231}[mode=>network])
[2016-03-29 17:32:45,696][DEBUG][org.elasticsearch.cluster.service] [node_t2] publishing cluster state version [13]
[2016-03-29 17:32:45,697][TRACE][org.elasticsearch.cluster.service] [node_t1] will process [zen-disco-receive(from master [master {node_t2}{DI3rNxqOQJ6kN5NVd00lUg}{127.0.0.1}{127.0.0.1:30233}[mode=>network] committed version [13]])]
[2016-03-29 17:32:45,697][DEBUG][org.elasticsearch.cluster.service] [node_t1] processing [zen-disco-receive(from master [master {node_t2}{DI3rNxqOQJ6kN5NVd00lUg}{127.0.0.1}{127.0.0.1:30233}[mode=>network] committed version [13]])]: execute
[2016-03-29 17:32:45,697][TRACE][org.elasticsearch.cluster.service] [node_t1] cluster state updated, source [zen-disco-receive(from master [master {node_t2}{DI3rNxqOQJ6kN5NVd00lUg}{127.0.0.1}{127.0.0.1:30233}[mode=>network] committed version [13]])]
version: 13
state uuid: 5FySkZvqS0OFi4t3uW6lgg
from_diff: false
meta data version: 9
nodes: 
   {node_t2}{DI3rNxqOQJ6kN5NVd00lUg}{127.0.0.1}{127.0.0.1:30233}[mode=>network], master
   {node_t1}{jG1mjILaTQmnObJNOoAMbQ}{127.0.0.1}{127.0.0.1:30232}[mode=>network], local
routing_table (version 9):
routing_nodes:
-----node_id[DI3rNxqOQJ6kN5NVd00lUg][V]
-----node_id[jG1mjILaTQmnObJNOoAMbQ][V]
---- unassigned

[2016-03-29 17:32:45,697][INFO ][org.elasticsearch.cluster.service] [node_t1] removed {{node_t0}{iXpKQXiYTIS7h8XdSLn8aQ}{127.0.0.1}{127.0.0.1:30231}[mode=>network],}, reason: zen-disco-receive(from master [master {node_t2}{DI3rNxqOQJ6kN5NVd00lUg}{127.0.0.1}{127.0.0.1:30233}[mode=>network] committed version [13]])
[2016-03-29 17:32:45,697][DEBUG][org.elasticsearch.cluster.service] [node_t1] set local cluster state to version 13
[2016-03-29 17:32:45,697][DEBUG][org.elasticsearch.cluster.service] [node_t1] processing [zen-disco-receive(from master [master {node_t2}{DI3rNxqOQJ6kN5NVd00lUg}{127.0.0.1}{127.0.0.1:30233}[mode=>network] committed version [13]])]: took 0s done applying updated cluster_state (version: 13, uuid: 5FySkZvqS0OFi4t3uW6lgg)
[2016-03-29 17:32:45,697][DEBUG][org.elasticsearch.cluster.service] [node_t2] set local cluster state to version 13
[2016-03-29 17:32:45,698][DEBUG][org.elasticsearch.cluster.service] [node_t2] processing [zen-disco-node_left({node_t0}{iXpKQXiYTIS7h8XdSLn8aQ}{127.0.0.1}{127.0.0.1:30231}[mode=>network])]: took 2ms done applying updated cluster_state (version: 13, uuid: 5FySkZvqS0OFi4t3uW6lgg)
[2016-03-29 17:32:45,699][TRACE][org.elasticsearch.cluster.service] [node_t2] will process [zen-disco-node_left({node_t1}{jG1mjILaTQmnObJNOoAMbQ}{127.0.0.1}{127.0.0.1:30232}[mode=>network])]
[2016-03-29 17:32:45,699][DEBUG][org.elasticsearch.cluster.service] [node_t2] processing [zen-disco-node_left({node_t1}{jG1mjILaTQmnObJNOoAMbQ}{127.0.0.1}{127.0.0.1:30232}[mode=>network])]: execute
[2016-03-29 17:32:45,699][WARN ][org.elasticsearch.discovery.zen] [node_t2] not enough master nodes, current nodes: {{node_t2}{DI3rNxqOQJ6kN5NVd00lUg}{127.0.0.1}{127.0.0.1:30233}[mode=>network],}
[2016-03-29 17:32:45,699][TRACE][org.elasticsearch.cluster.service] [node_t2] cluster state updated, source [zen-disco-node_left({node_t1}{jG1mjILaTQmnObJNOoAMbQ}{127.0.0.1}{127.0.0.1:30232}[mode=>network])]
version: 13
state uuid: 5FySkZvqS0OFi4t3uW6lgg
from_diff: false
meta data version: 9
blocks: 
   _global_:
      2,no master, blocks WRITE,METADATA_WRITE
nodes: 
   {node_t2}{DI3rNxqOQJ6kN5NVd00lUg}{127.0.0.1}{127.0.0.1:30233}[mode=>network], local
routing_table (version 9):
routing_nodes:
-----node_id[DI3rNxqOQJ6kN5NVd00lUg][V]
---- unassigned

[2016-03-29 17:32:45,699][INFO ][org.elasticsearch.cluster.service] [node_t2] removed {{node_t1}{jG1mjILaTQmnObJNOoAMbQ}{127.0.0.1}{127.0.0.1:30232}[mode=>network],}, reason: zen-disco-node_left({node_t1}{jG1mjILaTQmnObJNOoAMbQ}{127.0.0.1}{127.0.0.1:30232}[mode=>network])
[2016-03-29 17:32:45,699][DEBUG][org.elasticsearch.cluster.service] [node_t2] set local cluster state to version 13
[2016-03-29 17:32:45,700][DEBUG][org.elasticsearch.cluster.service] [node_t2] processing [zen-disco-node_left({node_t1}{jG1mjILaTQmnObJNOoAMbQ}{127.0.0.1}{127.0.0.1:30232}[mode=>network])]: took 0s done applying updated cluster_state (version: 13, uuid: 5FySkZvqS0OFi4t3uW6lgg)
[2016-03-29 17:32:51,834][WARN ][org.elasticsearch.discovery.zen] [node_t1] master left (reason = transport disconnected), current nodes: {{node_t1}{G4q_YzDQSPmfGlYuQpvWzA}{127.0.0.1}{127.0.0.1:30235}[master=>false, mode=>network],}
[2016-03-29 17:32:54,942][WARN ][org.elasticsearch.discovery.zen] [node_t1] master left (reason = transport disconnected), current nodes: {{node_t1}{G4q_YzDQSPmfGlYuQpvWzA}{127.0.0.1}{127.0.0.1:30235}[master=>false, mode=>network],}
[2016-03-29 17:33:00,034][WARN ][org.elasticsearch.discovery.zen] [node_t1] master left (reason = failed to ping, tried [1] times, each with  maximum [1s] timeout), current nodes: {{node_t1}{QCob6uQXQmSsMAP4_f6ynA}{127.0.0.1}{127.0.0.1:30237}[mode=>network],{node_t2}{7a3u8EttTDmPlHcusdHpkA}{127.0.0.1}{127.0.0.1:30238}[mode=>network],}
[2016-03-29 17:33:00,106][WARN ][org.elasticsearch.discovery.zen] [node_t2] master left (reason = failed to ping, tried [1] times, each with  maximum [1s] timeout), current nodes: {{node_t1}{QCob6uQXQmSsMAP4_f6ynA}{127.0.0.1}{127.0.0.1:30237}[mode=>network],{node_t2}{7a3u8EttTDmPlHcusdHpkA}{127.0.0.1}{127.0.0.1:30238}[mode=>network],}
[2016-03-29 17:33:03,790][WARN ][org.elasticsearch.discovery.zen.ping.unicast] [node_t1] failed to send ping to [{#zen_unicast_1#}{127.0.0.1}{127.0.0.1:30236}]
ReceiveTimeoutTransportException[[][127.0.0.1:30236][internal:discovery/zen/unicast] request_id [22] timed out after [3755ms]]
	at org.elasticsearch.transport.TransportService$TimeoutHandler.run(TransportService.java:626)
	at java.util.concurrent.ThreadPoolExecutor.runWorker(ThreadPoolExecutor.java:1142)
	at java.util.concurrent.ThreadPoolExecutor$Worker.run(ThreadPoolExecutor.java:617)
	at java.lang.Thread.run(Thread.java:745)
[2016-03-29 17:33:03,862][WARN ][org.elasticsearch.discovery.zen.ping.unicast] [node_t2] failed to send ping to [{#zen_unicast_1#}{127.0.0.1}{127.0.0.1:30236}]
ReceiveTimeoutTransportException[[][127.0.0.1:30236][internal:discovery/zen/unicast] request_id [24] timed out after [3755ms]]
	at org.elasticsearch.transport.TransportService$TimeoutHandler.run(TransportService.java:626)
	at java.util.concurrent.ThreadPoolExecutor.runWorker(ThreadPoolExecutor.java:1142)
	at java.util.concurrent.ThreadPoolExecutor$Worker.run(ThreadPoolExecutor.java:617)
	at java.lang.Thread.run(Thread.java:745)
[2016-03-29 17:33:05,258][WARN ][org.elasticsearch.discovery.zen.publish] [node_t2] received a cluster state from a different master than the current one, rejecting (received {node_t0}{2pAxv25zQ6Kj-6wnxlxRPg}{127.0.0.1}{127.0.0.1:30236}[mode=>network], current {node_t2}{7a3u8EttTDmPlHcusdHpkA}{127.0.0.1}{127.0.0.1:30238}[mode=>network])
[2016-03-29 17:33:05,259][WARN ][org.elasticsearch.discovery.zen.publish] [node_t1] received a cluster state from a different master than the current one, rejecting (received {node_t0}{2pAxv25zQ6Kj-6wnxlxRPg}{127.0.0.1}{127.0.0.1:30236}[mode=>network], current {node_t2}{7a3u8EttTDmPlHcusdHpkA}{127.0.0.1}{127.0.0.1:30238}[mode=>network])
[2016-03-29 17:33:05,260][WARN ][org.elasticsearch.cluster.service] [node_t0] failing [sneaky-update]: failed to commit cluster state version [4]
FailedToCommitClusterStateException[failed to get enough masters to ack sent cluster state. [1] left]
	at org.elasticsearch.discovery.zen.publish.PublishClusterStateAction$SendingController.waitForCommit(PublishClusterStateAction.java:525)
	at org.elasticsearch.discovery.zen.publish.PublishClusterStateAction.innerPublish(PublishClusterStateAction.java:189)
	at org.elasticsearch.discovery.zen.publish.PublishClusterStateAction.publish(PublishClusterStateAction.java:154)
	at org.elasticsearch.discovery.zen.ZenDiscovery.publish(ZenDiscovery.java:345)
	at sun.reflect.GeneratedMethodAccessor5.invoke(Unknown Source)
	at sun.reflect.DelegatingMethodAccessorImpl.invoke(DelegatingMethodAccessorImpl.java:43)
	at java.lang.reflect.Method.invoke(Method.java:483)
	at org.elasticsearch.common.inject.internal.ConstructionContext$DelegatingInvocationHandler.invoke(ConstructionContext.java:111)
	at com.sun.proxy.$Proxy35.publish(Unknown Source)
	at org.elasticsearch.discovery.DiscoveryService.publish(DiscoveryService.java:130)
	at org.elasticsearch.cluster.service.InternalClusterService.runTasksForExecutor(InternalClusterService.java:574)
	at org.elasticsearch.cluster.service.InternalClusterService$UpdateTask.run(InternalClusterService.java:761)
	at org.elasticsearch.common.util.concurrent.PrioritizedEsThreadPoolExecutor$TieBreakingPrioritizedRunnable.runAndClean(PrioritizedEsThreadPoolExecutor.java:231)
	at org.elasticsearch.common.util.concurrent.PrioritizedEsThreadPoolExecutor$TieBreakingPrioritizedRunnable.run(PrioritizedEsThreadPoolExecutor.java:194)
	at java.util.concurrent.ThreadPoolExecutor.runWorker(ThreadPoolExecutor.java:1142)
	at java.util.concurrent.ThreadPoolExecutor$Worker.run(ThreadPoolExecutor.java:617)
	at java.lang.Thread.run(Thread.java:745)
[2016-03-29 17:33:05,260][WARN ][org.elasticsearch.discovery] failure [sneaky-update]
FailedToCommitClusterStateException[failed to get enough masters to ack sent cluster state. [1] left]
	at org.elasticsearch.discovery.zen.publish.PublishClusterStateAction$SendingController.waitForCommit(PublishClusterStateAction.java:525)
	at org.elasticsearch.discovery.zen.publish.PublishClusterStateAction.innerPublish(PublishClusterStateAction.java:189)
	at org.elasticsearch.discovery.zen.publish.PublishClusterStateAction.publish(PublishClusterStateAction.java:154)
	at org.elasticsearch.discovery.zen.ZenDiscovery.publish(ZenDiscovery.java:345)
	at sun.reflect.GeneratedMethodAccessor5.invoke(Unknown Source)
	at sun.reflect.DelegatingMethodAccessorImpl.invoke(DelegatingMethodAccessorImpl.java:43)
	at java.lang.reflect.Method.invoke(Method.java:483)
	at org.elasticsearch.common.inject.internal.ConstructionContext$DelegatingInvocationHandler.invoke(ConstructionContext.java:111)
	at com.sun.proxy.$Proxy35.publish(Unknown Source)
	at org.elasticsearch.discovery.DiscoveryService.publish(DiscoveryService.java:130)
	at org.elasticsearch.cluster.service.InternalClusterService.runTasksForExecutor(InternalClusterService.java:574)
	at org.elasticsearch.cluster.service.InternalClusterService$UpdateTask.run(InternalClusterService.java:761)
	at org.elasticsearch.common.util.concurrent.PrioritizedEsThreadPoolExecutor$TieBreakingPrioritizedRunnable.runAndClean(PrioritizedEsThreadPoolExecutor.java:231)
	at org.elasticsearch.common.util.concurrent.PrioritizedEsThreadPoolExecutor$TieBreakingPrioritizedRunnable.run(PrioritizedEsThreadPoolExecutor.java:194)
	at java.util.concurrent.ThreadPoolExecutor.runWorker(ThreadPoolExecutor.java:1142)
	at java.util.concurrent.ThreadPoolExecutor$Worker.run(ThreadPoolExecutor.java:617)
	at java.lang.Thread.run(Thread.java:745)
[2016-03-29 17:33:05,260][WARN ][org.elasticsearch.discovery.zen] [node_t0] failed to publish to min_master_nodes, current nodes: {{node_t1}{QCob6uQXQmSsMAP4_f6ynA}{127.0.0.1}{127.0.0.1:30237}[mode=>network],{node_t2}{7a3u8EttTDmPlHcusdHpkA}{127.0.0.1}{127.0.0.1:30238}[mode=>network],{node_t0}{2pAxv25zQ6Kj-6wnxlxRPg}{127.0.0.1}{127.0.0.1:30236}[mode=>network],}
[2016-03-29 17:33:08,346][WARN ][org.elasticsearch.discovery.zen] [node_t2] not enough master nodes, current nodes: {{node_t2}{7a3u8EttTDmPlHcusdHpkA}{127.0.0.1}{127.0.0.1:30238}[mode=>network],}
[2016-03-29 17:33:13,519][WARN ][org.elasticsearch.discovery.zen] [node_t1] master left (reason = failed to ping, tried [1] times, each with  maximum [1s] timeout), current nodes: {{node_t2}{TE4CDgC2Q7S0R9lYmbKVGg}{127.0.0.1}{127.0.0.1:30241}[mode=>network],{node_t1}{xbkweRqlQr2bT030hcjfuQ}{127.0.0.1}{127.0.0.1:30240}[mode=>network],}
[2016-03-29 17:33:13,548][WARN ][org.elasticsearch.discovery.zen] [node_t2] master left (reason = failed to ping, tried [1] times, each with  maximum [1s] timeout), current nodes: {{node_t2}{TE4CDgC2Q7S0R9lYmbKVGg}{127.0.0.1}{127.0.0.1:30241}[mode=>network],{node_t1}{xbkweRqlQr2bT030hcjfuQ}{127.0.0.1}{127.0.0.1:30240}[mode=>network],}
[2016-03-29 17:33:17,275][WARN ][org.elasticsearch.discovery.zen.ping.unicast] [node_t1] failed to send ping to [{#zen_unicast_1#}{127.0.0.1}{127.0.0.1:30239}]
ReceiveTimeoutTransportException[[][127.0.0.1:30239][internal:discovery/zen/unicast] request_id [21] timed out after [3755ms]]
	at org.elasticsearch.transport.TransportService$TimeoutHandler.run(TransportService.java:626)
	at java.util.concurrent.ThreadPoolExecutor.runWorker(ThreadPoolExecutor.java:1142)
	at java.util.concurrent.ThreadPoolExecutor$Worker.run(ThreadPoolExecutor.java:617)
	at java.lang.Thread.run(Thread.java:745)
[2016-03-29 17:33:17,309][WARN ][org.elasticsearch.discovery.zen.ping.unicast] [node_t2] failed to send ping to [{#zen_unicast_1#}{127.0.0.1}{127.0.0.1:30239}]
ReceiveTimeoutTransportException[[][127.0.0.1:30239][internal:discovery/zen/unicast] request_id [23] timed out after [3758ms]]
	at org.elasticsearch.transport.TransportService$TimeoutHandler.run(TransportService.java:626)
	at java.util.concurrent.ThreadPoolExecutor.runWorker(ThreadPoolExecutor.java:1142)
	at java.util.concurrent.ThreadPoolExecutor$Worker.run(ThreadPoolExecutor.java:617)
	at java.lang.Thread.run(Thread.java:745)
[2016-03-29 17:33:20,086][WARN ][org.elasticsearch.discovery.zen] [node_t2] discovered [{node_t0}{BhUmwsZ0QH2HUuBz0g16uw}{127.0.0.1}{127.0.0.1:30239}[mode=>network]] which is also master but with an older cluster_state, telling [{node_t0}{BhUmwsZ0QH2HUuBz0g16uw}{127.0.0.1}{127.0.0.1:30239}[mode=>network]] to rejoin the cluster ([node fd ping])
[2016-03-29 17:33:20,090][WARN ][org.elasticsearch.discovery.zen] [node_t0] received a request to rejoin the cluster from [TE4CDgC2Q7S0R9lYmbKVGg], current nodes: {{node_t2}{TE4CDgC2Q7S0R9lYmbKVGg}{127.0.0.1}{127.0.0.1:30241}[mode=>network],{node_t0}{BhUmwsZ0QH2HUuBz0g16uw}{127.0.0.1}{127.0.0.1:30239}[mode=>network],{node_t1}{xbkweRqlQr2bT030hcjfuQ}{127.0.0.1}{127.0.0.1:30240}[mode=>network],}
[2016-03-29 17:33:23,107][WARN ][org.elasticsearch.discovery.zen] [node_t2] not enough master nodes, current nodes: {{node_t2}{TE4CDgC2Q7S0R9lYmbKVGg}{127.0.0.1}{127.0.0.1:30241}[mode=>network],}
[2016-03-29 17:33:26,231][WARN ][org.elasticsearch.discovery.zen] [node_t0] master left (reason = shut_down), current nodes: {{node_t1}{nXE-bpDEQKuDQNwu5Fs8IQ}{127.0.0.1}{127.0.0.1:30243}[mode=>network],{node_t3}{Pmf9ekCmSI-8mohtOCVOlg}{127.0.0.1}{127.0.0.1:30245}[mode=>network],{node_t0}{vBfGKf5-QRmXd0WmP2Y4-Q}{127.0.0.1}{127.0.0.1:30242}[mode=>network],}
[2016-03-29 17:33:26,231][WARN ][org.elasticsearch.discovery.zen] [node_t1] master left (reason = shut_down), current nodes: {{node_t1}{nXE-bpDEQKuDQNwu5Fs8IQ}{127.0.0.1}{127.0.0.1:30243}[mode=>network],{node_t3}{Pmf9ekCmSI-8mohtOCVOlg}{127.0.0.1}{127.0.0.1:30245}[mode=>network],{node_t0}{vBfGKf5-QRmXd0WmP2Y4-Q}{127.0.0.1}{127.0.0.1:30242}[mode=>network],}
[2016-03-29 17:33:26,231][WARN ][org.elasticsearch.discovery.zen] [node_t3] master left (reason = shut_down), current nodes: {{node_t1}{nXE-bpDEQKuDQNwu5Fs8IQ}{127.0.0.1}{127.0.0.1:30243}[mode=>network],{node_t3}{Pmf9ekCmSI-8mohtOCVOlg}{127.0.0.1}{127.0.0.1:30245}[mode=>network],{node_t0}{vBfGKf5-QRmXd0WmP2Y4-Q}{127.0.0.1}{127.0.0.1:30242}[mode=>network],}
[2016-03-29 17:33:31,251][WARN ][org.elasticsearch.discovery.zen] [node_t1] master left (reason = failed to ping, tried [1] times, each with  maximum [1s] timeout), current nodes: {{node_t1}{nXE-bpDEQKuDQNwu5Fs8IQ}{127.0.0.1}{127.0.0.1:30243}[mode=>network],{node_t0}{vBfGKf5-QRmXd0WmP2Y4-Q}{127.0.0.1}{127.0.0.1:30242}[mode=>network],}
[2016-03-29 17:33:34,282][WARN ][org.elasticsearch.discovery.zen] [node_t3] not enough master nodes, current nodes: {{node_t3}{Pmf9ekCmSI-8mohtOCVOlg}{127.0.0.1}{127.0.0.1:30245}[mode=>network],}
]]></system-out>
   <system-err><![CDATA[]]></system-err>
</testsuite>