<testsuite errors="0" failures="0" tests="19" skipped="0" name="org.elasticsearch.get.GetActionIT" hostname="nohost.nodomain" time="4.037" timestamp="2016-04-18T03:03:26">
   <properties class="java.util.ArrayList">
      <property name="awt.toolkit" value="sun.lwawt.macosx.LWCToolkit"/>
      <property name="es.logger.level" value="WARN"/>
      <property name="file.encoding" value="UTF-8"/>
      <property name="file.encoding.pkg" value="sun.io"/>
      <property name="file.separator" value="/"/>
      <property name="ftp.nonProxyHosts" value="local|*.local|169.254/16|*.169.254/16"/>
      <property name="gopherProxySet" value="false"/>
      <property name="http.nonProxyHosts" value="local|*.local|169.254/16|*.169.254/16"/>
      <property name="java.awt.graphicsenv" value="sun.awt.CGraphicsEnvironment"/>
      <property name="java.awt.headless" value="true"/>
      <property name="java.awt.printerjob" value="sun.lwawt.macosx.CPrinterJob"/>
      <property name="java.class.path" value="/Users/lwiskowski/CSE2410_spring2016_projectileDysfunction/core/build/classes/test:/Users/lwiskowski/CSE2410_spring2016_projectileDysfunction/core/build/resources/test:/Users/lwiskowski/CSE2410_spring2016_projectileDysfunction/core/build/classes/main:/Users/lwiskowski/CSE2410_spring2016_projectileDysfunction/core/build/resources/main:/Users/lwiskowski/.gradle/caches/modules-2/files-2.1/org.apache.lucene/lucene-core/5.5.0-snapshot-1721183/f6854c65c7f4c6d9de583f4daa4fd3ae8a3800f1/lucene-core-5.5.0-snapshot-1721183.jar:/Users/lwiskowski/.gradle/caches/modules-2/files-2.1/org.apache.lucene/lucene-analyzers-common/5.5.0-snapshot-1721183/69e187ef1d2d9c9570363eb4186821e0341df5b8/lucene-analyzers-common-5.5.0-snapshot-1721183.jar:/Users/lwiskowski/.gradle/caches/modules-2/files-2.1/org.apache.lucene/lucene-backward-codecs/5.5.0-snapshot-1721183/fa00a45ff9bc6a4df44db81f2e4e44ea94bf88e/lucene-backward-codecs-5.5.0-snapshot-1721183.jar:/Users/lwiskowski/.gradle/caches/modules-2/files-2.1/org.apache.lucene/lucene-grouping/5.5.0-snapshot-1721183/e996e6c723eb415ba2cfa7f5e98bbf194a4918dd/lucene-grouping-5.5.0-snapshot-1721183.jar:/Users/lwiskowski/.gradle/caches/modules-2/files-2.1/org.apache.lucene/lucene-highlighter/5.5.0-snapshot-1721183/3b7a5d97b10885f16eb53deb15d64c942b9f9fdb/lucene-highlighter-5.5.0-snapshot-1721183.jar:/Users/lwiskowski/.gradle/caches/modules-2/files-2.1/org.apache.lucene/lucene-join/5.5.0-snapshot-1721183/e4dda3eeb76e340aa4713a3b20d68c4a1504e505/lucene-join-5.5.0-snapshot-1721183.jar:/Users/lwiskowski/.gradle/caches/modules-2/files-2.1/org.apache.lucene/lucene-memory/5.5.0-snapshot-1721183/800442a5d7612ce4c8748831871b4d436a50554e/lucene-memory-5.5.0-snapshot-1721183.jar:/Users/lwiskowski/.gradle/caches/modules-2/files-2.1/org.apache.lucene/lucene-misc/5.5.0-snapshot-1721183/bdf184de9b5773c7af3ae908af78eeb1e512470c/lucene-misc-5.5.0-snapshot-1721183.jar:/Users/lwiskowski/.gradle/caches/modules-2/files-2.1/org.apache.lucene/lucene-queries/5.5.0-snapshot-1721183/fc59de52bd2c7e420edfd235723cb8b0dd44e92d/lucene-queries-5.5.0-snapshot-1721183.jar:/Users/lwiskowski/.gradle/caches/modules-2/files-2.1/org.apache.lucene/lucene-queryparser/5.5.0-snapshot-1721183/1d341e6a4f11f3170773ccffdbe6815b45967e3d/lucene-queryparser-5.5.0-snapshot-1721183.jar:/Users/lwiskowski/.gradle/caches/modules-2/files-2.1/org.apache.lucene/lucene-sandbox/5.5.0-snapshot-1721183/a1b02c2b595ac92f45f0d2be03841a3a7fcae1f1/lucene-sandbox-5.5.0-snapshot-1721183.jar:/Users/lwiskowski/.gradle/caches/modules-2/files-2.1/org.apache.lucene/lucene-spatial/5.5.0-snapshot-1721183/e3ea422b56734329fb6974e9cf9f66478adb5793/lucene-spatial-5.5.0-snapshot-1721183.jar:/Users/lwiskowski/.gradle/caches/modules-2/files-2.1/org.apache.lucene/lucene-spatial3d/5.5.0-snapshot-1721183/5eadbd4e63120b59ab6445e39489205f98420471/lucene-spatial3d-5.5.0-snapshot-1721183.jar:/Users/lwiskowski/.gradle/caches/modules-2/files-2.1/org.apache.lucene/lucene-suggest/5.5.0-snapshot-1721183/a336287e65d082535f02a8427666dbe46b1b9b74/lucene-suggest-5.5.0-snapshot-1721183.jar:/Users/lwiskowski/.gradle/caches/modules-2/files-2.1/org.elasticsearch/securesm/1.0/c0c6cf986ba0057390bfcc80c366a0e3157f944b/securesm-1.0.jar:/Users/lwiskowski/.gradle/caches/modules-2/files-2.1/commons-cli/commons-cli/1.3.1/1303efbc4b181e5a58bf2e967dc156a3132b97c0/commons-cli-1.3.1.jar:/Users/lwiskowski/.gradle/caches/modules-2/files-2.1/com.carrotsearch/hppc/0.7.1/8b5057f74ea378c0150a1860874a3ebdcb713767/hppc-0.7.1.jar:/Users/lwiskowski/.gradle/caches/modules-2/files-2.1/joda-time/joda-time/2.8.2/d27c24204c5e507b16fec01006b3d0f1ec42aed4/joda-time-2.8.2.jar:/Users/lwiskowski/.gradle/caches/modules-2/files-2.1/org.joda/joda-convert/1.2/35ec554f0cd00c956cc69051514d9488b1374dec/joda-convert-1.2.jar:/Users/lwiskowski/.gradle/caches/modules-2/files-2.1/com.fasterxml.jackson.core/jackson-core/2.6.2/123f29333b2c6b3516b14252b6e93226bfcd6e37/jackson-core-2.6.2.jar:/Users/lwiskowski/.gradle/caches/modules-2/files-2.1/com.fasterxml.jackson.dataformat/jackson-dataformat-smile/2.6.2/395d18c1a1dd730b8026ee59c4067e5d2b45ba6e/jackson-dataformat-smile-2.6.2.jar:/Users/lwiskowski/.gradle/caches/modules-2/files-2.1/com.fasterxml.jackson.dataformat/jackson-dataformat-yaml/2.6.2/4ae23088dd3fae47c66843f2e4251d7255ee140e/jackson-dataformat-yaml-2.6.2.jar:/Users/lwiskowski/.gradle/caches/modules-2/files-2.1/com.fasterxml.jackson.dataformat/jackson-dataformat-cbor/2.6.2/1e13c575f914c83761bb8e2aca7dfd9e4c647579/jackson-dataformat-cbor-2.6.2.jar:/Users/lwiskowski/.gradle/caches/modules-2/files-2.1/io.netty/netty/3.10.5.Final/9ca7d55d246092bddd29b867706e2f6c7db701a0/netty-3.10.5.Final.jar:/Users/lwiskowski/.gradle/caches/modules-2/files-2.1/com.tdunning/t-digest/3.0/84ccf145ac2215e6bfa63baa3101c0af41017cfc/t-digest-3.0.jar:/Users/lwiskowski/.gradle/caches/modules-2/files-2.1/org.hdrhistogram/HdrHistogram/2.1.6/7495feb7f71ee124bd2a7e7d83590e296d71d80e/HdrHistogram-2.1.6.jar:/Users/lwiskowski/.gradle/caches/modules-2/files-2.1/com.spatial4j/spatial4j/0.5/6e16edaf6b1ba76db7f08c2f3723fce3b358ecc3/spatial4j-0.5.jar:/Users/lwiskowski/.gradle/caches/modules-2/files-2.1/com.vividsolutions/jts/1.13/3ccfb9b60f04d71add996a666ceb8902904fd805/jts-1.13.jar:/Users/lwiskowski/.gradle/caches/modules-2/files-2.1/log4j/log4j/1.2.17/5af35056b4d257e4b64b9e8069c0746e8b08629f/log4j-1.2.17.jar:/Users/lwiskowski/.gradle/caches/modules-2/files-2.1/log4j/apache-log4j-extras/1.2.17/85863614d82185d7e51fe21c00aa9117a523a8b6/apache-log4j-extras-1.2.17.jar:/Users/lwiskowski/.gradle/caches/modules-2/files-2.1/org.slf4j/slf4j-api/1.6.2/8619e95939167fb37245b5670135e4feb0ec7d50/slf4j-api-1.6.2.jar:/Users/lwiskowski/.gradle/caches/modules-2/files-2.1/net.java.dev.jna/jna/4.1.0/1c12d070e602efd8021891cdd7fd18bc129372d4/jna-4.1.0.jar:/Users/lwiskowski/CSE2410_spring2016_projectileDysfunction/test/framework/build/libs/framework-3.0.0-SNAPSHOT.jar:/Users/lwiskowski/.gradle/caches/modules-2/files-2.1/com.carrotsearch.randomizedtesting/randomizedtesting-runner/2.3.2/307965917fe8a22b7ee72deba39ef4b8e6ebc069/randomizedtesting-runner-2.3.2.jar:/Users/lwiskowski/.gradle/caches/modules-2/files-2.1/junit/junit/4.11/4e031bb61df09069aeb2bffb4019e7a5034a4ee0/junit-4.11.jar:/Users/lwiskowski/.gradle/caches/modules-2/files-2.1/org.hamcrest/hamcrest-all/1.3/63a21ebc981131004ad02e0434e799fd7f3a8d5a/hamcrest-all-1.3.jar:/Users/lwiskowski/.gradle/caches/modules-2/files-2.1/org.apache.lucene/lucene-test-framework/5.5.0-snapshot-1721183/a8d851d0ad82182b3a02f4b30c336e7aa0e173cb/lucene-test-framework-5.5.0-snapshot-1721183.jar:/Users/lwiskowski/.gradle/caches/modules-2/files-2.1/org.apache.lucene/lucene-codecs/5.5.0-snapshot-1721183/8aa59442b028c7a2c1a516accb6142a8910ba5fc/lucene-codecs-5.5.0-snapshot-1721183.jar:/Users/lwiskowski/.gradle/caches/modules-2/files-2.1/org.apache.httpcomponents/httpclient/4.3.6/4c47155e3e6c9a41a28db36680b828ced53b8af4/httpclient-4.3.6.jar:/Users/lwiskowski/.gradle/caches/modules-2/files-2.1/org.apache.httpcomponents/httpcore/4.3.3/f91b7a4aadc5cf486df6e4634748d7dd7a73f06d/httpcore-4.3.3.jar:/Users/lwiskowski/.gradle/caches/modules-2/files-2.1/commons-logging/commons-logging/1.1.3/f6f66e966c70a83ffbdb6f17a0919eaf7c8aca7f/commons-logging-1.1.3.jar:/Users/lwiskowski/.gradle/caches/modules-2/files-2.1/commons-codec/commons-codec/1.10/4b95f4897fa13f2cd904aee711aeafc0c5295cd8/commons-codec-1.10.jar:/Users/lwiskowski/.gradle/caches/modules-2/files-2.1/org.elasticsearch/securemock/1.2/98201d4ad5ac93f6b415ae9172d52b5e7cda490e/securemock-1.2.jar:/Users/lwiskowski/.gradle/caches/modules-2/files-2.1/com.carrotsearch.randomizedtesting/junit4-ant/2.3.2/dc8f03f6111974092491f35b8269eb0fc57f52f7/junit4-ant-2.3.2.jar"/>
      <property name="java.class.version" value="52.0"/>
      <property name="java.endorsed.dirs" value="/Library/Java/JavaVirtualMachines/jdk1.8.0_71.jdk/Contents/Home/jre/lib/endorsed"/>
      <property name="java.ext.dirs" value="/Users/lwiskowski/Library/Java/Extensions:/Library/Java/JavaVirtualMachines/jdk1.8.0_71.jdk/Contents/Home/jre/lib/ext:/Library/Java/Extensions:/Network/Library/Java/Extensions:/System/Library/Java/Extensions:/usr/lib/java"/>
      <property name="java.home" value="/Library/Java/JavaVirtualMachines/jdk1.8.0_71.jdk/Contents/Home/jre"/>
      <property name="java.io.tmpdir" value="./temp"/>
      <property name="java.library.path" value="/Users/lwiskowski/Library/Java/Extensions:/Library/Java/Extensions:/Network/Library/Java/Extensions:/System/Library/Java/Extensions:/usr/lib/java:."/>
      <property name="java.runtime.name" value="Java(TM) SE Runtime Environment"/>
      <property name="java.runtime.version" value="1.8.0_71-b15"/>
      <property name="java.specification.name" value="Java Platform API Specification"/>
      <property name="java.specification.vendor" value="Oracle Corporation"/>
      <property name="java.specification.version" value="1.8"/>
      <property name="java.vendor" value="Oracle Corporation"/>
      <property name="java.vendor.url" value="http://java.oracle.com/"/>
      <property name="java.vendor.url.bug" value="http://bugreport.sun.com/bugreport/"/>
      <property name="java.version" value="1.8.0_71"/>
      <property name="java.vm.info" value="mixed mode"/>
      <property name="java.vm.name" value="Java HotSpot(TM) 64-Bit Server VM"/>
      <property name="java.vm.specification.name" value="Java Virtual Machine Specification"/>
      <property name="java.vm.specification.vendor" value="Oracle Corporation"/>
      <property name="java.vm.specification.version" value="1.8"/>
      <property name="java.vm.vendor" value="Oracle Corporation"/>
      <property name="java.vm.version" value="25.71-b15"/>
      <property name="junit4.childvm.count" value="4"/>
      <property name="junit4.childvm.cwd" value="/Users/lwiskowski/CSE2410_spring2016_projectileDysfunction/core/build/testrun/integTest/J0"/>
      <property name="junit4.childvm.id" value="0"/>
      <property name="junit4.memory.total" value="514850816"/>
      <property name="junit4.pidString" value="3684@host238-95.aruba.fit.edu"/>
      <property name="junit4.processors" value="8"/>
      <property name="line.separator" value="
"/>
      <property name="os.arch" value="x86_64"/>
      <property name="os.name" value="Mac OS X"/>
      <property name="os.version" value="10.11.4"/>
      <property name="path.separator" value=":"/>
      <property name="socksNonProxyHosts" value="local|*.local|169.254/16|*.169.254/16"/>
      <property name="sun.arch.data.model" value="64"/>
      <property name="sun.boot.class.path" value="/Library/Java/JavaVirtualMachines/jdk1.8.0_71.jdk/Contents/Home/jre/lib/resources.jar:/Library/Java/JavaVirtualMachines/jdk1.8.0_71.jdk/Contents/Home/jre/lib/rt.jar:/Library/Java/JavaVirtualMachines/jdk1.8.0_71.jdk/Contents/Home/jre/lib/sunrsasign.jar:/Library/Java/JavaVirtualMachines/jdk1.8.0_71.jdk/Contents/Home/jre/lib/jsse.jar:/Library/Java/JavaVirtualMachines/jdk1.8.0_71.jdk/Contents/Home/jre/lib/jce.jar:/Library/Java/JavaVirtualMachines/jdk1.8.0_71.jdk/Contents/Home/jre/lib/charsets.jar:/Library/Java/JavaVirtualMachines/jdk1.8.0_71.jdk/Contents/Home/jre/lib/jfr.jar:/Library/Java/JavaVirtualMachines/jdk1.8.0_71.jdk/Contents/Home/jre/classes"/>
      <property name="sun.boot.library.path" value="/Library/Java/JavaVirtualMachines/jdk1.8.0_71.jdk/Contents/Home/jre/lib"/>
      <property name="sun.cpu.endian" value="little"/>
      <property name="sun.cpu.isalist" value=""/>
      <property name="sun.io.unicode.encoding" value="UnicodeBig"/>
      <property name="sun.java.command" value="com.carrotsearch.ant.tasks.junit4.slave.SlaveMainSafe -eventsfile /Users/lwiskowski/CSE2410_spring2016_projectileDysfunction/core/build/testrun/integTest/temp/junit4-J0-20160418_030118_670.events @/Users/lwiskowski/CSE2410_spring2016_projectileDysfunction/core/build/testrun/integTest/temp/junit4-J0-20160418_030118_670.suites -stdin"/>
      <property name="sun.java.launcher" value="SUN_STANDARD"/>
      <property name="sun.jnu.encoding" value="UTF-8"/>
      <property name="sun.management.compiler" value="HotSpot 64-Bit Tiered Compilers"/>
      <property name="sun.os.patch.level" value="unknown"/>
      <property name="tests.artifact" value="core"/>
      <property name="tests.ifNoTests" value="fail"/>
      <property name="tests.maven" value="true"/>
      <property name="tests.prefix" value="tests"/>
      <property name="tests.security.manager" value="true"/>
      <property name="tests.seed" value="AF876320E2D19F69"/>
      <property name="tests.task" value=":core:integTest"/>
      <property name="user.country" value="US"/>
      <property name="user.dir" value="/Users/lwiskowski/CSE2410_spring2016_projectileDysfunction/core/build/testrun/integTest/J0"/>
      <property name="user.home" value="/Users/lwiskowski"/>
      <property name="user.language" value="en"/>
      <property name="user.name" value="lwiskowski"/>
      <property name="user.timezone" value=""/>
   </properties>
   <testcase classname="org.elasticsearch.get.GetActionIT" name="testUngeneratedFieldsThatAreNeverStored" time="0.42"/>
   <testcase classname="org.elasticsearch.get.GetActionIT" name="testThatGetFromTranslogShouldWorkWithExcludeBackcompat" time="0.119"/>
   <testcase classname="org.elasticsearch.get.GetActionIT" name="testGeneratedStringFieldsUnstored" time="0.313"/>
   <testcase classname="org.elasticsearch.get.GetActionIT" name="testGetAllField" time="0.173"/>
   <testcase classname="org.elasticsearch.get.GetActionIT" name="testGeneratedNumberFieldsUnstored" time="0.217"/>
   <testcase classname="org.elasticsearch.get.GetActionIT" name="testGetWithVersion" time="0.245"/>
   <testcase classname="org.elasticsearch.get.GetActionIT" name="testGetFieldsNonLeafField" time="0.267"/>
   <testcase classname="org.elasticsearch.get.GetActionIT" name="testThatGetFromTranslogShouldWorkWithIncludeBackcompat" time="0.157"/>
   <testcase classname="org.elasticsearch.get.GetActionIT" name="testSimpleGet" time="0.111"/>
   <testcase classname="org.elasticsearch.get.GetActionIT" name="testGetFieldsMetaData" time="0.215"/>
   <testcase classname="org.elasticsearch.get.GetActionIT" name="testUngeneratedFieldsThatAreAlwaysStored" time="0.256"/>
   <testcase classname="org.elasticsearch.get.GetActionIT" name="testMultiGetWithVersion" time="0.322"/>
   <testcase classname="org.elasticsearch.get.GetActionIT" name="testGeneratedNumberFieldsStored" time="0.186"/>
   <testcase classname="org.elasticsearch.get.GetActionIT" name="testSimpleMultiGet" time="0.111"/>
   <testcase classname="org.elasticsearch.get.GetActionIT" name="testThatGetFromTranslogShouldWorkWithIncludeExcludeAndFieldsBackcompat" time="0.235"/>
   <testcase classname="org.elasticsearch.get.GetActionIT" name="testGetFieldsComplexField" time="0.156"/>
   <testcase classname="org.elasticsearch.get.GetActionIT" name="testGeneratedStringFieldsStored" time="0.105"/>
   <testcase classname="org.elasticsearch.get.GetActionIT" name="testGetDocWithMultivaluedFields" time="0.118"/>
   <testcase classname="org.elasticsearch.get.GetActionIT" name="testUngeneratedFieldsNotPartOfSourceStored" time="0.285"/>
   <system-out><![CDATA[[2016-04-18 03:03:29,803][TRACE][org.elasticsearch.cluster.service] [node_s0] will process [delete_repository [*]]
[2016-04-18 03:03:29,804][DEBUG][org.elasticsearch.cluster.service] [node_s0] processing [delete_repository [*]]: execute
[2016-04-18 03:03:29,804][DEBUG][org.elasticsearch.cluster.service] [node_s0] processing [delete_repository [*]]: took 0s no change in cluster_state
[2016-04-18 03:03:29,805][TRACE][org.elasticsearch.cluster.service] [node_s0] will process [create-index-template [random_index_template], cause [api]]
[2016-04-18 03:03:29,805][DEBUG][org.elasticsearch.cluster.service] [node_s0] processing [create-index-template [random_index_template], cause [api]]: execute
[2016-04-18 03:03:29,805][TRACE][org.elasticsearch.cluster.service] [node_s0] cluster state updated, source [create-index-template [random_index_template], cause [api]]
version: 142
state uuid: dvnraBcVQT6C5RN8k-xz0g
from_diff: false
meta data version: 139
nodes: 
   {node_s0}{u3grcNsiQEet8-hIO7zyyA}{local}{local[160]}[mode=>local], local, master
   {node_s1}{cVASwrILSxSDw7aKaitz8A}{local}{local[161]}[mode=>local]
   {node_s2}{yACfZS5jQu67x-xWCWZSuQ}{local}{local[162]}[mode=>local]
routing_table (version 99):
routing_nodes:
-----node_id[u3grcNsiQEet8-hIO7zyyA][V]
-----node_id[cVASwrILSxSDw7aKaitz8A][V]
-----node_id[yACfZS5jQu67x-xWCWZSuQ][V]
---- unassigned

[2016-04-18 03:03:29,805][DEBUG][org.elasticsearch.cluster.service] [node_s0] publishing cluster state version [142]
[2016-04-18 03:03:29,806][TRACE][org.elasticsearch.cluster.service] [node_s1] will process [local-disco-receive(from master)]
[2016-04-18 03:03:29,806][DEBUG][org.elasticsearch.cluster.service] [node_s1] processing [local-disco-receive(from master)]: execute
[2016-04-18 03:03:29,806][TRACE][org.elasticsearch.cluster.service] [node_s1] cluster state updated, source [local-disco-receive(from master)]
version: 142
state uuid: dvnraBcVQT6C5RN8k-xz0g
from_diff: false
meta data version: 139
nodes: 
   {node_s0}{u3grcNsiQEet8-hIO7zyyA}{local}{local[160]}[mode=>local], master
   {node_s1}{cVASwrILSxSDw7aKaitz8A}{local}{local[161]}[mode=>local], local
   {node_s2}{yACfZS5jQu67x-xWCWZSuQ}{local}{local[162]}[mode=>local]
routing_table (version 99):
routing_nodes:
-----node_id[u3grcNsiQEet8-hIO7zyyA][V]
-----node_id[cVASwrILSxSDw7aKaitz8A][V]
-----node_id[yACfZS5jQu67x-xWCWZSuQ][V]
---- unassigned

[2016-04-18 03:03:29,806][TRACE][org.elasticsearch.cluster.service] [node_s2] will process [local-disco-receive(from master)]
[2016-04-18 03:03:29,806][DEBUG][org.elasticsearch.cluster.service] [node_s2] processing [local-disco-receive(from master)]: execute
[2016-04-18 03:03:29,806][TRACE][org.elasticsearch.cluster.service] [node_s2] cluster state updated, source [local-disco-receive(from master)]
version: 142
state uuid: dvnraBcVQT6C5RN8k-xz0g
from_diff: false
meta data version: 139
nodes: 
   {node_s0}{u3grcNsiQEet8-hIO7zyyA}{local}{local[160]}[mode=>local], master
   {node_s1}{cVASwrILSxSDw7aKaitz8A}{local}{local[161]}[mode=>local]
   {node_s2}{yACfZS5jQu67x-xWCWZSuQ}{local}{local[162]}[mode=>local], local
routing_table (version 99):
routing_nodes:
-----node_id[u3grcNsiQEet8-hIO7zyyA][V]
-----node_id[cVASwrILSxSDw7aKaitz8A][V]
-----node_id[yACfZS5jQu67x-xWCWZSuQ][V]
---- unassigned

[2016-04-18 03:03:29,806][DEBUG][org.elasticsearch.cluster.service] [node_s1] set local cluster state to version 142
[2016-04-18 03:03:29,806][DEBUG][org.elasticsearch.cluster.service] [node_s2] set local cluster state to version 142
[2016-04-18 03:03:29,809][DEBUG][org.elasticsearch.cluster.service] [node_s2] processing [local-disco-receive(from master)]: took 2ms done applying updated cluster_state (version: 142, uuid: dvnraBcVQT6C5RN8k-xz0g)
[2016-04-18 03:03:29,809][DEBUG][org.elasticsearch.cluster.service] [node_s1] processing [local-disco-receive(from master)]: took 3ms done applying updated cluster_state (version: 142, uuid: dvnraBcVQT6C5RN8k-xz0g)
[2016-04-18 03:03:29,809][DEBUG][org.elasticsearch.cluster.service] [node_s0] set local cluster state to version 142
[2016-04-18 03:03:29,811][DEBUG][org.elasticsearch.cluster.service] [node_s0] processing [create-index-template [random_index_template], cause [api]]: took 6ms done applying updated cluster_state (version: 142, uuid: dvnraBcVQT6C5RN8k-xz0g)
[2016-04-18 03:03:29,811][TRACE][org.elasticsearch.cluster.service] [node_s0] will process [create-index [my-index], cause [api]]
[2016-04-18 03:03:29,812][DEBUG][org.elasticsearch.cluster.service] [node_s0] processing [create-index [my-index], cause [api]]: execute
[2016-04-18 03:03:29,815][TRACE][org.elasticsearch.cluster.service] expecting 3 acknowledgements for cluster_state update (version: 143)
[2016-04-18 03:03:29,816][TRACE][org.elasticsearch.cluster.service] [node_s0] cluster state updated, source [create-index [my-index], cause [api]]
version: 143
state uuid: 6Ze3M_AfRmyAeHzLtx4rmA
from_diff: false
meta data version: 140
nodes: 
   {node_s0}{u3grcNsiQEet8-hIO7zyyA}{local}{local[160]}[mode=>local], local, master
   {node_s1}{cVASwrILSxSDw7aKaitz8A}{local}{local[161]}[mode=>local]
   {node_s2}{yACfZS5jQu67x-xWCWZSuQ}{local}{local[162]}[mode=>local]
routing_table (version 100):
-- index [my-index]
----shard_id [my-index][0]
--------[my-index][0], node[u3grcNsiQEet8-hIO7zyyA], [P], v[1], s[INITIALIZING], a[id=qPlSIZ7BTHKmA5hpTffd8Q], unassigned_info[[reason=INDEX_CREATED], at[2016-04-18T07:03:29.814Z]]
----shard_id [my-index][1]
--------[my-index][1], node[cVASwrILSxSDw7aKaitz8A], [P], v[1], s[INITIALIZING], a[id=zdwdrryWS8yJhbYsIW3jLA], unassigned_info[[reason=INDEX_CREATED], at[2016-04-18T07:03:29.814Z]]
----shard_id [my-index][2]
--------[my-index][2], node[yACfZS5jQu67x-xWCWZSuQ], [P], v[1], s[INITIALIZING], a[id=M2a9kB7_RzaT_EQdNQhlXw], unassigned_info[[reason=INDEX_CREATED], at[2016-04-18T07:03:29.814Z]]
----shard_id [my-index][3]
--------[my-index][3], node[u3grcNsiQEet8-hIO7zyyA], [P], v[1], s[INITIALIZING], a[id=Mnk41ggZRhCvmQavJQxGtw], unassigned_info[[reason=INDEX_CREATED], at[2016-04-18T07:03:29.814Z]]
----shard_id [my-index][4]
--------[my-index][4], node[cVASwrILSxSDw7aKaitz8A], [P], v[1], s[INITIALIZING], a[id=nTyo5lXgS-izNTlUzErwUQ], unassigned_info[[reason=INDEX_CREATED], at[2016-04-18T07:03:29.814Z]]

routing_nodes:
-----node_id[u3grcNsiQEet8-hIO7zyyA][V]
--------[my-index][3], node[u3grcNsiQEet8-hIO7zyyA], [P], v[1], s[INITIALIZING], a[id=Mnk41ggZRhCvmQavJQxGtw], unassigned_info[[reason=INDEX_CREATED], at[2016-04-18T07:03:29.814Z]]
--------[my-index][0], node[u3grcNsiQEet8-hIO7zyyA], [P], v[1], s[INITIALIZING], a[id=qPlSIZ7BTHKmA5hpTffd8Q], unassigned_info[[reason=INDEX_CREATED], at[2016-04-18T07:03:29.814Z]]
-----node_id[cVASwrILSxSDw7aKaitz8A][V]
--------[my-index][4], node[cVASwrILSxSDw7aKaitz8A], [P], v[1], s[INITIALIZING], a[id=nTyo5lXgS-izNTlUzErwUQ], unassigned_info[[reason=INDEX_CREATED], at[2016-04-18T07:03:29.814Z]]
--------[my-index][1], node[cVASwrILSxSDw7aKaitz8A], [P], v[1], s[INITIALIZING], a[id=zdwdrryWS8yJhbYsIW3jLA], unassigned_info[[reason=INDEX_CREATED], at[2016-04-18T07:03:29.814Z]]
-----node_id[yACfZS5jQu67x-xWCWZSuQ][V]
--------[my-index][2], node[yACfZS5jQu67x-xWCWZSuQ], [P], v[1], s[INITIALIZING], a[id=M2a9kB7_RzaT_EQdNQhlXw], unassigned_info[[reason=INDEX_CREATED], at[2016-04-18T07:03:29.814Z]]
---- unassigned

[2016-04-18 03:03:29,816][DEBUG][org.elasticsearch.cluster.service] [node_s0] publishing cluster state version [143]
[2016-04-18 03:03:29,816][TRACE][org.elasticsearch.cluster.service] [node_s1] will process [local-disco-receive(from master)]
[2016-04-18 03:03:29,817][DEBUG][org.elasticsearch.cluster.service] [node_s1] processing [local-disco-receive(from master)]: execute
[2016-04-18 03:03:29,817][TRACE][org.elasticsearch.cluster.service] [node_s1] cluster state updated, source [local-disco-receive(from master)]
version: 143
state uuid: 6Ze3M_AfRmyAeHzLtx4rmA
from_diff: false
meta data version: 140
nodes: 
   {node_s0}{u3grcNsiQEet8-hIO7zyyA}{local}{local[160]}[mode=>local], master
   {node_s1}{cVASwrILSxSDw7aKaitz8A}{local}{local[161]}[mode=>local], local
   {node_s2}{yACfZS5jQu67x-xWCWZSuQ}{local}{local[162]}[mode=>local]
routing_table (version 100):
-- index [my-index]
----shard_id [my-index][0]
--------[my-index][0], node[u3grcNsiQEet8-hIO7zyyA], [P], v[1], s[INITIALIZING], a[id=qPlSIZ7BTHKmA5hpTffd8Q], unassigned_info[[reason=INDEX_CREATED], at[2016-04-18T07:03:29.814Z]]
----shard_id [my-index][1]
--------[my-index][1], node[cVASwrILSxSDw7aKaitz8A], [P], v[1], s[INITIALIZING], a[id=zdwdrryWS8yJhbYsIW3jLA], unassigned_info[[reason=INDEX_CREATED], at[2016-04-18T07:03:29.814Z]]
----shard_id [my-index][2]
--------[my-index][2], node[yACfZS5jQu67x-xWCWZSuQ], [P], v[1], s[INITIALIZING], a[id=M2a9kB7_RzaT_EQdNQhlXw], unassigned_info[[reason=INDEX_CREATED], at[2016-04-18T07:03:29.814Z]]
----shard_id [my-index][3]
--------[my-index][3], node[u3grcNsiQEet8-hIO7zyyA], [P], v[1], s[INITIALIZING], a[id=Mnk41ggZRhCvmQavJQxGtw], unassigned_info[[reason=INDEX_CREATED], at[2016-04-18T07:03:29.814Z]]
----shard_id [my-index][4]
--------[my-index][4], node[cVASwrILSxSDw7aKaitz8A], [P], v[1], s[INITIALIZING], a[id=nTyo5lXgS-izNTlUzErwUQ], unassigned_info[[reason=INDEX_CREATED], at[2016-04-18T07:03:29.814Z]]

routing_nodes:
-----node_id[u3grcNsiQEet8-hIO7zyyA][V]
--------[my-index][3], node[u3grcNsiQEet8-hIO7zyyA], [P], v[1], s[INITIALIZING], a[id=Mnk41ggZRhCvmQavJQxGtw], unassigned_info[[reason=INDEX_CREATED], at[2016-04-18T07:03:29.814Z]]
--------[my-index][0], node[u3grcNsiQEet8-hIO7zyyA], [P], v[1], s[INITIALIZING], a[id=qPlSIZ7BTHKmA5hpTffd8Q], unassigned_info[[reason=INDEX_CREATED], at[2016-04-18T07:03:29.814Z]]
-----node_id[cVASwrILSxSDw7aKaitz8A][V]
--------[my-index][4], node[cVASwrILSxSDw7aKaitz8A], [P], v[1], s[INITIALIZING], a[id=nTyo5lXgS-izNTlUzErwUQ], unassigned_info[[reason=INDEX_CREATED], at[2016-04-18T07:03:29.814Z]]
--------[my-index][1], node[cVASwrILSxSDw7aKaitz8A], [P], v[1], s[INITIALIZING], a[id=zdwdrryWS8yJhbYsIW3jLA], unassigned_info[[reason=INDEX_CREATED], at[2016-04-18T07:03:29.814Z]]
-----node_id[yACfZS5jQu67x-xWCWZSuQ][V]
--------[my-index][2], node[yACfZS5jQu67x-xWCWZSuQ], [P], v[1], s[INITIALIZING], a[id=M2a9kB7_RzaT_EQdNQhlXw], unassigned_info[[reason=INDEX_CREATED], at[2016-04-18T07:03:29.814Z]]
---- unassigned

[2016-04-18 03:03:29,817][DEBUG][org.elasticsearch.cluster.service] [node_s1] set local cluster state to version 143
[2016-04-18 03:03:29,817][TRACE][org.elasticsearch.cluster.service] [node_s2] will process [local-disco-receive(from master)]
[2016-04-18 03:03:29,818][DEBUG][org.elasticsearch.cluster.service] [node_s2] processing [local-disco-receive(from master)]: execute
[2016-04-18 03:03:29,818][TRACE][org.elasticsearch.cluster.service] [node_s2] cluster state updated, source [local-disco-receive(from master)]
version: 143
state uuid: 6Ze3M_AfRmyAeHzLtx4rmA
from_diff: false
meta data version: 140
nodes: 
   {node_s0}{u3grcNsiQEet8-hIO7zyyA}{local}{local[160]}[mode=>local], master
   {node_s1}{cVASwrILSxSDw7aKaitz8A}{local}{local[161]}[mode=>local]
   {node_s2}{yACfZS5jQu67x-xWCWZSuQ}{local}{local[162]}[mode=>local], local
routing_table (version 100):
-- index [my-index]
----shard_id [my-index][0]
--------[my-index][0], node[u3grcNsiQEet8-hIO7zyyA], [P], v[1], s[INITIALIZING], a[id=qPlSIZ7BTHKmA5hpTffd8Q], unassigned_info[[reason=INDEX_CREATED], at[2016-04-18T07:03:29.814Z]]
----shard_id [my-index][1]
--------[my-index][1], node[cVASwrILSxSDw7aKaitz8A], [P], v[1], s[INITIALIZING], a[id=zdwdrryWS8yJhbYsIW3jLA], unassigned_info[[reason=INDEX_CREATED], at[2016-04-18T07:03:29.814Z]]
----shard_id [my-index][2]
--------[my-index][2], node[yACfZS5jQu67x-xWCWZSuQ], [P], v[1], s[INITIALIZING], a[id=M2a9kB7_RzaT_EQdNQhlXw], unassigned_info[[reason=INDEX_CREATED], at[2016-04-18T07:03:29.814Z]]
----shard_id [my-index][3]
--------[my-index][3], node[u3grcNsiQEet8-hIO7zyyA], [P], v[1], s[INITIALIZING], a[id=Mnk41ggZRhCvmQavJQxGtw], unassigned_info[[reason=INDEX_CREATED], at[2016-04-18T07:03:29.814Z]]
----shard_id [my-index][4]
--------[my-index][4], node[cVASwrILSxSDw7aKaitz8A], [P], v[1], s[INITIALIZING], a[id=nTyo5lXgS-izNTlUzErwUQ], unassigned_info[[reason=INDEX_CREATED], at[2016-04-18T07:03:29.814Z]]

routing_nodes:
-----node_id[u3grcNsiQEet8-hIO7zyyA][V]
--------[my-index][3], node[u3grcNsiQEet8-hIO7zyyA], [P], v[1], s[INITIALIZING], a[id=Mnk41ggZRhCvmQavJQxGtw], unassigned_info[[reason=INDEX_CREATED], at[2016-04-18T07:03:29.814Z]]
--------[my-index][0], node[u3grcNsiQEet8-hIO7zyyA], [P], v[1], s[INITIALIZING], a[id=qPlSIZ7BTHKmA5hpTffd8Q], unassigned_info[[reason=INDEX_CREATED], at[2016-04-18T07:03:29.814Z]]
-----node_id[cVASwrILSxSDw7aKaitz8A][V]
--------[my-index][4], node[cVASwrILSxSDw7aKaitz8A], [P], v[1], s[INITIALIZING], a[id=nTyo5lXgS-izNTlUzErwUQ], unassigned_info[[reason=INDEX_CREATED], at[2016-04-18T07:03:29.814Z]]
--------[my-index][1], node[cVASwrILSxSDw7aKaitz8A], [P], v[1], s[INITIALIZING], a[id=zdwdrryWS8yJhbYsIW3jLA], unassigned_info[[reason=INDEX_CREATED], at[2016-04-18T07:03:29.814Z]]
-----node_id[yACfZS5jQu67x-xWCWZSuQ][V]
--------[my-index][2], node[yACfZS5jQu67x-xWCWZSuQ], [P], v[1], s[INITIALIZING], a[id=M2a9kB7_RzaT_EQdNQhlXw], unassigned_info[[reason=INDEX_CREATED], at[2016-04-18T07:03:29.814Z]]
---- unassigned

[2016-04-18 03:03:29,818][DEBUG][org.elasticsearch.cluster.service] [node_s2] set local cluster state to version 143
[2016-04-18 03:03:29,825][TRACE][org.elasticsearch.cluster.service] ack received from node [{node_s2}{yACfZS5jQu67x-xWCWZSuQ}{local}{local[162]}[mode=>local]], cluster_state update (version: 143)
[2016-04-18 03:03:29,825][DEBUG][org.elasticsearch.cluster.service] [node_s2] processing [local-disco-receive(from master)]: took 7ms done applying updated cluster_state (version: 143, uuid: 6Ze3M_AfRmyAeHzLtx4rmA)
[2016-04-18 03:03:29,826][TRACE][org.elasticsearch.cluster.service] ack received from node [{node_s1}{cVASwrILSxSDw7aKaitz8A}{local}{local[161]}[mode=>local]], cluster_state update (version: 143)
[2016-04-18 03:03:29,826][DEBUG][org.elasticsearch.cluster.service] [node_s0] set local cluster state to version 143
[2016-04-18 03:03:29,827][DEBUG][org.elasticsearch.cluster.service] [node_s1] processing [local-disco-receive(from master)]: took 9ms done applying updated cluster_state (version: 143, uuid: 6Ze3M_AfRmyAeHzLtx4rmA)
[2016-04-18 03:03:29,835][TRACE][org.elasticsearch.cluster.service] ack received from node [{node_s0}{u3grcNsiQEet8-hIO7zyyA}{local}{local[160]}[mode=>local]], cluster_state update (version: 143)
[2016-04-18 03:03:29,835][TRACE][org.elasticsearch.cluster.service] all expected nodes acknowledged cluster_state update (version: 143)
[2016-04-18 03:03:29,835][DEBUG][org.elasticsearch.cluster.service] [node_s0] processing [create-index [my-index], cause [api]]: took 23ms done applying updated cluster_state (version: 143, uuid: 6Ze3M_AfRmyAeHzLtx4rmA)
[2016-04-18 03:03:29,835][TRACE][org.elasticsearch.cluster.service] [node_s0] will process [shard-started ([my-index][4], node[cVASwrILSxSDw7aKaitz8A], [P], v[1], s[INITIALIZING], a[id=nTyo5lXgS-izNTlUzErwUQ], unassigned_info[[reason=INDEX_CREATED], at[2016-04-18T07:03:29.814Z]]), reason [after recovery from store]]
[2016-04-18 03:03:29,835][TRACE][org.elasticsearch.cluster.service] [node_s0] will process [shard-started ([my-index][1], node[cVASwrILSxSDw7aKaitz8A], [P], v[1], s[INITIALIZING], a[id=zdwdrryWS8yJhbYsIW3jLA], unassigned_info[[reason=INDEX_CREATED], at[2016-04-18T07:03:29.814Z]]), reason [after recovery from store]]
[2016-04-18 03:03:29,835][TRACE][org.elasticsearch.cluster.service] [node_s0] will process [shard-started ([my-index][2], node[yACfZS5jQu67x-xWCWZSuQ], [P], v[1], s[INITIALIZING], a[id=M2a9kB7_RzaT_EQdNQhlXw], unassigned_info[[reason=INDEX_CREATED], at[2016-04-18T07:03:29.814Z]]), reason [after recovery from store]]
[2016-04-18 03:03:29,835][DEBUG][org.elasticsearch.cluster.service] [node_s0] processing [shard-started ([my-index][4], node[cVASwrILSxSDw7aKaitz8A], [P], v[1], s[INITIALIZING], a[id=nTyo5lXgS-izNTlUzErwUQ], unassigned_info[[reason=INDEX_CREATED], at[2016-04-18T07:03:29.814Z]]), reason [after recovery from store],shard-started ([my-index][1], node[cVASwrILSxSDw7aKaitz8A], [P], v[1], s[INITIALIZING], a[id=zdwdrryWS8yJhbYsIW3jLA], unassigned_info[[reason=INDEX_CREATED], at[2016-04-18T07:03:29.814Z]]), reason [after recovery from store],shard-started ([my-index][2], node[yACfZS5jQu67x-xWCWZSuQ], [P], v[1], s[INITIALIZING], a[id=M2a9kB7_RzaT_EQdNQhlXw], unassigned_info[[reason=INDEX_CREATED], at[2016-04-18T07:03:29.814Z]]), reason [after recovery from store]]: execute
[2016-04-18 03:03:29,835][TRACE][org.elasticsearch.cluster.service] [node_s0] cluster state updated, source [shard-started ([my-index][4], node[cVASwrILSxSDw7aKaitz8A], [P], v[1], s[INITIALIZING], a[id=nTyo5lXgS-izNTlUzErwUQ], unassigned_info[[reason=INDEX_CREATED], at[2016-04-18T07:03:29.814Z]]), reason [after recovery from store],shard-started ([my-index][1], node[cVASwrILSxSDw7aKaitz8A], [P], v[1], s[INITIALIZING], a[id=zdwdrryWS8yJhbYsIW3jLA], unassigned_info[[reason=INDEX_CREATED], at[2016-04-18T07:03:29.814Z]]), reason [after recovery from store],shard-started ([my-index][2], node[yACfZS5jQu67x-xWCWZSuQ], [P], v[1], s[INITIALIZING], a[id=M2a9kB7_RzaT_EQdNQhlXw], unassigned_info[[reason=INDEX_CREATED], at[2016-04-18T07:03:29.814Z]]), reason [after recovery from store]]
version: 144
state uuid: SJH-kFzXRBif_7CShKewrw
from_diff: false
meta data version: 141
nodes: 
   {node_s0}{u3grcNsiQEet8-hIO7zyyA}{local}{local[160]}[mode=>local], local, master
   {node_s1}{cVASwrILSxSDw7aKaitz8A}{local}{local[161]}[mode=>local]
   {node_s2}{yACfZS5jQu67x-xWCWZSuQ}{local}{local[162]}[mode=>local]
routing_table (version 101):
-- index [my-index]
----shard_id [my-index][0]
--------[my-index][0], node[u3grcNsiQEet8-hIO7zyyA], [P], v[1], s[INITIALIZING], a[id=qPlSIZ7BTHKmA5hpTffd8Q], unassigned_info[[reason=INDEX_CREATED], at[2016-04-18T07:03:29.814Z]]
----shard_id [my-index][1]
--------[my-index][1], node[cVASwrILSxSDw7aKaitz8A], [P], v[2], s[STARTED], a[id=zdwdrryWS8yJhbYsIW3jLA]
----shard_id [my-index][2]
--------[my-index][2], node[yACfZS5jQu67x-xWCWZSuQ], [P], v[2], s[STARTED], a[id=M2a9kB7_RzaT_EQdNQhlXw]
----shard_id [my-index][3]
--------[my-index][3], node[u3grcNsiQEet8-hIO7zyyA], [P], v[1], s[INITIALIZING], a[id=Mnk41ggZRhCvmQavJQxGtw], unassigned_info[[reason=INDEX_CREATED], at[2016-04-18T07:03:29.814Z]]
----shard_id [my-index][4]
--------[my-index][4], node[cVASwrILSxSDw7aKaitz8A], [P], v[2], s[STARTED], a[id=nTyo5lXgS-izNTlUzErwUQ]

routing_nodes:
-----node_id[u3grcNsiQEet8-hIO7zyyA][V]
--------[my-index][3], node[u3grcNsiQEet8-hIO7zyyA], [P], v[1], s[INITIALIZING], a[id=Mnk41ggZRhCvmQavJQxGtw], unassigned_info[[reason=INDEX_CREATED], at[2016-04-18T07:03:29.814Z]]
--------[my-index][0], node[u3grcNsiQEet8-hIO7zyyA], [P], v[1], s[INITIALIZING], a[id=qPlSIZ7BTHKmA5hpTffd8Q], unassigned_info[[reason=INDEX_CREATED], at[2016-04-18T07:03:29.814Z]]
-----node_id[cVASwrILSxSDw7aKaitz8A][V]
--------[my-index][4], node[cVASwrILSxSDw7aKaitz8A], [P], v[2], s[STARTED], a[id=nTyo5lXgS-izNTlUzErwUQ]
--------[my-index][1], node[cVASwrILSxSDw7aKaitz8A], [P], v[2], s[STARTED], a[id=zdwdrryWS8yJhbYsIW3jLA]
-----node_id[yACfZS5jQu67x-xWCWZSuQ][V]
--------[my-index][2], node[yACfZS5jQu67x-xWCWZSuQ], [P], v[2], s[STARTED], a[id=M2a9kB7_RzaT_EQdNQhlXw]
---- unassigned

[2016-04-18 03:03:29,836][DEBUG][org.elasticsearch.cluster.service] [node_s0] publishing cluster state version [144]
[2016-04-18 03:03:29,836][TRACE][org.elasticsearch.cluster.service] [node_s1] will process [local-disco-receive(from master)]
[2016-04-18 03:03:29,837][DEBUG][org.elasticsearch.cluster.service] [node_s1] processing [local-disco-receive(from master)]: execute
[2016-04-18 03:03:29,837][TRACE][org.elasticsearch.cluster.service] [node_s1] cluster state updated, source [local-disco-receive(from master)]
version: 144
state uuid: SJH-kFzXRBif_7CShKewrw
from_diff: false
meta data version: 141
nodes: 
   {node_s0}{u3grcNsiQEet8-hIO7zyyA}{local}{local[160]}[mode=>local], master
   {node_s1}{cVASwrILSxSDw7aKaitz8A}{local}{local[161]}[mode=>local], local
   {node_s2}{yACfZS5jQu67x-xWCWZSuQ}{local}{local[162]}[mode=>local]
routing_table (version 101):
-- index [my-index]
----shard_id [my-index][0]
--------[my-index][0], node[u3grcNsiQEet8-hIO7zyyA], [P], v[1], s[INITIALIZING], a[id=qPlSIZ7BTHKmA5hpTffd8Q], unassigned_info[[reason=INDEX_CREATED], at[2016-04-18T07:03:29.814Z]]
----shard_id [my-index][1]
--------[my-index][1], node[cVASwrILSxSDw7aKaitz8A], [P], v[2], s[STARTED], a[id=zdwdrryWS8yJhbYsIW3jLA]
----shard_id [my-index][2]
--------[my-index][2], node[yACfZS5jQu67x-xWCWZSuQ], [P], v[2], s[STARTED], a[id=M2a9kB7_RzaT_EQdNQhlXw]
----shard_id [my-index][3]
--------[my-index][3], node[u3grcNsiQEet8-hIO7zyyA], [P], v[1], s[INITIALIZING], a[id=Mnk41ggZRhCvmQavJQxGtw], unassigned_info[[reason=INDEX_CREATED], at[2016-04-18T07:03:29.814Z]]
----shard_id [my-index][4]
--------[my-index][4], node[cVASwrILSxSDw7aKaitz8A], [P], v[2], s[STARTED], a[id=nTyo5lXgS-izNTlUzErwUQ]

routing_nodes:
-----node_id[u3grcNsiQEet8-hIO7zyyA][V]
--------[my-index][3], node[u3grcNsiQEet8-hIO7zyyA], [P], v[1], s[INITIALIZING], a[id=Mnk41ggZRhCvmQavJQxGtw], unassigned_info[[reason=INDEX_CREATED], at[2016-04-18T07:03:29.814Z]]
--------[my-index][0], node[u3grcNsiQEet8-hIO7zyyA], [P], v[1], s[INITIALIZING], a[id=qPlSIZ7BTHKmA5hpTffd8Q], unassigned_info[[reason=INDEX_CREATED], at[2016-04-18T07:03:29.814Z]]
-----node_id[cVASwrILSxSDw7aKaitz8A][V]
--------[my-index][4], node[cVASwrILSxSDw7aKaitz8A], [P], v[2], s[STARTED], a[id=nTyo5lXgS-izNTlUzErwUQ]
--------[my-index][1], node[cVASwrILSxSDw7aKaitz8A], [P], v[2], s[STARTED], a[id=zdwdrryWS8yJhbYsIW3jLA]
-----node_id[yACfZS5jQu67x-xWCWZSuQ][V]
--------[my-index][2], node[yACfZS5jQu67x-xWCWZSuQ], [P], v[2], s[STARTED], a[id=M2a9kB7_RzaT_EQdNQhlXw]
---- unassigned

[2016-04-18 03:03:29,837][DEBUG][org.elasticsearch.cluster.service] [node_s1] set local cluster state to version 144
[2016-04-18 03:03:29,837][TRACE][org.elasticsearch.cluster.service] [node_s2] will process [local-disco-receive(from master)]
[2016-04-18 03:03:29,838][DEBUG][org.elasticsearch.cluster.service] [node_s2] processing [local-disco-receive(from master)]: execute
[2016-04-18 03:03:29,838][TRACE][org.elasticsearch.cluster.service] [node_s2] cluster state updated, source [local-disco-receive(from master)]
version: 144
state uuid: SJH-kFzXRBif_7CShKewrw
from_diff: false
meta data version: 141
nodes: 
   {node_s0}{u3grcNsiQEet8-hIO7zyyA}{local}{local[160]}[mode=>local], master
   {node_s1}{cVASwrILSxSDw7aKaitz8A}{local}{local[161]}[mode=>local]
   {node_s2}{yACfZS5jQu67x-xWCWZSuQ}{local}{local[162]}[mode=>local], local
routing_table (version 101):
-- index [my-index]
----shard_id [my-index][0]
--------[my-index][0], node[u3grcNsiQEet8-hIO7zyyA], [P], v[1], s[INITIALIZING], a[id=qPlSIZ7BTHKmA5hpTffd8Q], unassigned_info[[reason=INDEX_CREATED], at[2016-04-18T07:03:29.814Z]]
----shard_id [my-index][1]
--------[my-index][1], node[cVASwrILSxSDw7aKaitz8A], [P], v[2], s[STARTED], a[id=zdwdrryWS8yJhbYsIW3jLA]
----shard_id [my-index][2]
--------[my-index][2], node[yACfZS5jQu67x-xWCWZSuQ], [P], v[2], s[STARTED], a[id=M2a9kB7_RzaT_EQdNQhlXw]
----shard_id [my-index][3]
--------[my-index][3], node[u3grcNsiQEet8-hIO7zyyA], [P], v[1], s[INITIALIZING], a[id=Mnk41ggZRhCvmQavJQxGtw], unassigned_info[[reason=INDEX_CREATED], at[2016-04-18T07:03:29.814Z]]
----shard_id [my-index][4]
--------[my-index][4], node[cVASwrILSxSDw7aKaitz8A], [P], v[2], s[STARTED], a[id=nTyo5lXgS-izNTlUzErwUQ]

routing_nodes:
-----node_id[u3grcNsiQEet8-hIO7zyyA][V]
--------[my-index][3], node[u3grcNsiQEet8-hIO7zyyA], [P], v[1], s[INITIALIZING], a[id=Mnk41ggZRhCvmQavJQxGtw], unassigned_info[[reason=INDEX_CREATED], at[2016-04-18T07:03:29.814Z]]
--------[my-index][0], node[u3grcNsiQEet8-hIO7zyyA], [P], v[1], s[INITIALIZING], a[id=qPlSIZ7BTHKmA5hpTffd8Q], unassigned_info[[reason=INDEX_CREATED], at[2016-04-18T07:03:29.814Z]]
-----node_id[cVASwrILSxSDw7aKaitz8A][V]
--------[my-index][4], node[cVASwrILSxSDw7aKaitz8A], [P], v[2], s[STARTED], a[id=nTyo5lXgS-izNTlUzErwUQ]
--------[my-index][1], node[cVASwrILSxSDw7aKaitz8A], [P], v[2], s[STARTED], a[id=zdwdrryWS8yJhbYsIW3jLA]
-----node_id[yACfZS5jQu67x-xWCWZSuQ][V]
--------[my-index][2], node[yACfZS5jQu67x-xWCWZSuQ], [P], v[2], s[STARTED], a[id=M2a9kB7_RzaT_EQdNQhlXw]
---- unassigned

[2016-04-18 03:03:29,838][DEBUG][org.elasticsearch.cluster.service] [node_s2] set local cluster state to version 144
[2016-04-18 03:03:29,842][DEBUG][org.elasticsearch.cluster.service] [node_s2] processing [local-disco-receive(from master)]: took 4ms done applying updated cluster_state (version: 144, uuid: SJH-kFzXRBif_7CShKewrw)
[2016-04-18 03:03:29,842][TRACE][org.elasticsearch.cluster.service] [node_s2] will process [indices_store ([[my-index][4]] active fully on other nodes)]
[2016-04-18 03:03:29,842][DEBUG][org.elasticsearch.cluster.service] [node_s1] processing [local-disco-receive(from master)]: took 5ms done applying updated cluster_state (version: 144, uuid: SJH-kFzXRBif_7CShKewrw)
[2016-04-18 03:03:29,842][DEBUG][org.elasticsearch.cluster.service] [node_s2] processing [indices_store ([[my-index][4]] active fully on other nodes)]: execute
[2016-04-18 03:03:29,843][DEBUG][org.elasticsearch.cluster.service] [node_s0] set local cluster state to version 144
[2016-04-18 03:03:29,843][TRACE][org.elasticsearch.cluster.service] [node_s1] will process [indices_store ([[my-index][2]] active fully on other nodes)]
[2016-04-18 03:03:29,844][DEBUG][org.elasticsearch.cluster.service] [node_s1] processing [indices_store ([[my-index][2]] active fully on other nodes)]: execute
[2016-04-18 03:03:29,845][DEBUG][org.elasticsearch.cluster.service] [node_s0] processing [shard-started ([my-index][4], node[cVASwrILSxSDw7aKaitz8A], [P], v[1], s[INITIALIZING], a[id=nTyo5lXgS-izNTlUzErwUQ], unassigned_info[[reason=INDEX_CREATED], at[2016-04-18T07:03:29.814Z]]), reason [after recovery from store],shard-started ([my-index][1], node[cVASwrILSxSDw7aKaitz8A], [P], v[1], s[INITIALIZING], a[id=zdwdrryWS8yJhbYsIW3jLA], unassigned_info[[reason=INDEX_CREATED], at[2016-04-18T07:03:29.814Z]]), reason [after recovery from store],shard-started ([my-index][2], node[yACfZS5jQu67x-xWCWZSuQ], [P], v[1], s[INITIALIZING], a[id=M2a9kB7_RzaT_EQdNQhlXw], unassigned_info[[reason=INDEX_CREATED], at[2016-04-18T07:03:29.814Z]]), reason [after recovery from store]]: took 10ms done applying updated cluster_state (version: 144, uuid: SJH-kFzXRBif_7CShKewrw)
[2016-04-18 03:03:29,845][TRACE][org.elasticsearch.cluster.service] [node_s0] will process [shard-started ([my-index][3], node[u3grcNsiQEet8-hIO7zyyA], [P], v[1], s[INITIALIZING], a[id=Mnk41ggZRhCvmQavJQxGtw], unassigned_info[[reason=INDEX_CREATED], at[2016-04-18T07:03:29.814Z]]), reason [after recovery from store]]
[2016-04-18 03:03:29,845][DEBUG][org.elasticsearch.cluster.service] [node_s2] processing [indices_store ([[my-index][4]] active fully on other nodes)]: took 2ms no change in cluster_state
[2016-04-18 03:03:29,846][TRACE][org.elasticsearch.cluster.service] [node_s2] will process [indices_store ([[my-index][1]] active fully on other nodes)]
[2016-04-18 03:03:29,846][DEBUG][org.elasticsearch.cluster.service] [node_s2] processing [indices_store ([[my-index][1]] active fully on other nodes)]: execute
[2016-04-18 03:03:29,846][TRACE][org.elasticsearch.cluster.service] [node_s0] will process [shard-started ([my-index][0], node[u3grcNsiQEet8-hIO7zyyA], [P], v[1], s[INITIALIZING], a[id=qPlSIZ7BTHKmA5hpTffd8Q], unassigned_info[[reason=INDEX_CREATED], at[2016-04-18T07:03:29.814Z]]), reason [after recovery from store]]
[2016-04-18 03:03:29,847][TRACE][org.elasticsearch.cluster.service] [node_s0] will process [shard-started ([my-index][3], node[u3grcNsiQEet8-hIO7zyyA], [P], v[1], s[INITIALIZING], a[id=Mnk41ggZRhCvmQavJQxGtw], unassigned_info[[reason=INDEX_CREATED], at[2016-04-18T07:03:29.814Z]]), reason [master {node_s0}{u3grcNsiQEet8-hIO7zyyA}{local}{local[160]}[mode=>local] marked shard as initializing, but shard state is [POST_RECOVERY], mark shard as started]]
[2016-04-18 03:03:29,847][TRACE][org.elasticsearch.cluster.service] [node_s0] will process [shard-started ([my-index][0], node[u3grcNsiQEet8-hIO7zyyA], [P], v[1], s[INITIALIZING], a[id=qPlSIZ7BTHKmA5hpTffd8Q], unassigned_info[[reason=INDEX_CREATED], at[2016-04-18T07:03:29.814Z]]), reason [master {node_s0}{u3grcNsiQEet8-hIO7zyyA}{local}{local[160]}[mode=>local] marked shard as initializing, but shard state is [POST_RECOVERY], mark shard as started]]
[2016-04-18 03:03:29,847][DEBUG][org.elasticsearch.cluster.service] [node_s0] processing [shard-started ([my-index][3], node[u3grcNsiQEet8-hIO7zyyA], [P], v[1], s[INITIALIZING], a[id=Mnk41ggZRhCvmQavJQxGtw], unassigned_info[[reason=INDEX_CREATED], at[2016-04-18T07:03:29.814Z]]), reason [after recovery from store],shard-started ([my-index][0], node[u3grcNsiQEet8-hIO7zyyA], [P], v[1], s[INITIALIZING], a[id=qPlSIZ7BTHKmA5hpTffd8Q], unassigned_info[[reason=INDEX_CREATED], at[2016-04-18T07:03:29.814Z]]), reason [after recovery from store],shard-started ([my-index][3], node[u3grcNsiQEet8-hIO7zyyA], [P], v[1], s[INITIALIZING], a[id=Mnk41ggZRhCvmQavJQxGtw], unassigned_info[[reason=INDEX_CREATED], at[2016-04-18T07:03:29.814Z]]), reason [master {node_s0}{u3grcNsiQEet8-hIO7zyyA}{local}{local[160]}[mode=>local] marked shard as initializing, but shard state is [POST_RECOVERY], mark shard as started],shard-started ([my-index][0], node[u3grcNsiQEet8-hIO7zyyA], [P], v[1], s[INITIALIZING], a[id=qPlSIZ7BTHKmA5hpTffd8Q], unassigned_info[[reason=INDEX_CREATED], at[2016-04-18T07:03:29.814Z]]), reason [master {node_s0}{u3grcNsiQEet8-hIO7zyyA}{local}{local[160]}[mode=>local] marked shard as initializing, but shard state is [POST_RECOVERY], mark shard as started]]: execute
[2016-04-18 03:03:29,847][TRACE][org.elasticsearch.cluster.service] [node_s0] cluster state updated, source [shard-started ([my-index][3], node[u3grcNsiQEet8-hIO7zyyA], [P], v[1], s[INITIALIZING], a[id=Mnk41ggZRhCvmQavJQxGtw], unassigned_info[[reason=INDEX_CREATED], at[2016-04-18T07:03:29.814Z]]), reason [after recovery from store],shard-started ([my-index][0], node[u3grcNsiQEet8-hIO7zyyA], [P], v[1], s[INITIALIZING], a[id=qPlSIZ7BTHKmA5hpTffd8Q], unassigned_info[[reason=INDEX_CREATED], at[2016-04-18T07:03:29.814Z]]), reason [after recovery from store],shard-started ([my-index][3], node[u3grcNsiQEet8-hIO7zyyA], [P], v[1], s[INITIALIZING], a[id=Mnk41ggZRhCvmQavJQxGtw], unassigned_info[[reason=INDEX_CREATED], at[2016-04-18T07:03:29.814Z]]), reason [master {node_s0}{u3grcNsiQEet8-hIO7zyyA}{local}{local[160]}[mode=>local] marked shard as initializing, but shard state is [POST_RECOVERY], mark shard as started],shard-started ([my-index][0], node[u3grcNsiQEet8-hIO7zyyA], [P], v[1], s[INITIALIZING], a[id=qPlSIZ7BTHKmA5hpTffd8Q], unassigned_info[[reason=INDEX_CREATED], at[2016-04-18T07:03:29.814Z]]), reason [master {node_s0}{u3grcNsiQEet8-hIO7zyyA}{local}{local[160]}[mode=>local] marked shard as initializing, but shard state is [POST_RECOVERY], mark shard as started]]
version: 145
state uuid: QYS4IaeXSyusDa6ORyxw_w
from_diff: false
meta data version: 142
nodes: 
   {node_s0}{u3grcNsiQEet8-hIO7zyyA}{local}{local[160]}[mode=>local], local, master
   {node_s1}{cVASwrILSxSDw7aKaitz8A}{local}{local[161]}[mode=>local]
   {node_s2}{yACfZS5jQu67x-xWCWZSuQ}{local}{local[162]}[mode=>local]
routing_table (version 102):
-- index [my-index]
----shard_id [my-index][0]
--------[my-index][0], node[u3grcNsiQEet8-hIO7zyyA], [P], v[2], s[STARTED], a[id=qPlSIZ7BTHKmA5hpTffd8Q]
----shard_id [my-index][1]
--------[my-index][1], node[cVASwrILSxSDw7aKaitz8A], [P], v[2], s[STARTED], a[id=zdwdrryWS8yJhbYsIW3jLA]
----shard_id [my-index][2]
--------[my-index][2], node[yACfZS5jQu67x-xWCWZSuQ], [P], v[2], s[STARTED], a[id=M2a9kB7_RzaT_EQdNQhlXw]
----shard_id [my-index][3]
--------[my-index][3], node[u3grcNsiQEet8-hIO7zyyA], [P], v[2], s[STARTED], a[id=Mnk41ggZRhCvmQavJQxGtw]
----shard_id [my-index][4]
--------[my-index][4], node[cVASwrILSxSDw7aKaitz8A], [P], v[2], s[STARTED], a[id=nTyo5lXgS-izNTlUzErwUQ]

routing_nodes:
-----node_id[u3grcNsiQEet8-hIO7zyyA][V]
--------[my-index][3], node[u3grcNsiQEet8-hIO7zyyA], [P], v[2], s[STARTED], a[id=Mnk41ggZRhCvmQavJQxGtw]
--------[my-index][0], node[u3grcNsiQEet8-hIO7zyyA], [P], v[2], s[STARTED], a[id=qPlSIZ7BTHKmA5hpTffd8Q]
-----node_id[cVASwrILSxSDw7aKaitz8A][V]
--------[my-index][4], node[cVASwrILSxSDw7aKaitz8A], [P], v[2], s[STARTED], a[id=nTyo5lXgS-izNTlUzErwUQ]
--------[my-index][1], node[cVASwrILSxSDw7aKaitz8A], [P], v[2], s[STARTED], a[id=zdwdrryWS8yJhbYsIW3jLA]
-----node_id[yACfZS5jQu67x-xWCWZSuQ][V]
--------[my-index][2], node[yACfZS5jQu67x-xWCWZSuQ], [P], v[2], s[STARTED], a[id=M2a9kB7_RzaT_EQdNQhlXw]
---- unassigned

[2016-04-18 03:03:29,848][DEBUG][org.elasticsearch.cluster.service] [node_s0] publishing cluster state version [145]
[2016-04-18 03:03:29,847][DEBUG][org.elasticsearch.cluster.service] [node_s1] processing [indices_store ([[my-index][2]] active fully on other nodes)]: took 3ms no change in cluster_state
[2016-04-18 03:03:29,848][DEBUG][org.elasticsearch.cluster.service] [node_s2] processing [indices_store ([[my-index][1]] active fully on other nodes)]: took 2ms no change in cluster_state
[2016-04-18 03:03:29,848][TRACE][org.elasticsearch.cluster.service] [node_s1] will process [local-disco-receive(from master)]
[2016-04-18 03:03:29,848][DEBUG][org.elasticsearch.cluster.service] [node_s1] processing [local-disco-receive(from master)]: execute
[2016-04-18 03:03:29,848][TRACE][org.elasticsearch.cluster.service] [node_s2] will process [local-disco-receive(from master)]
[2016-04-18 03:03:29,848][DEBUG][org.elasticsearch.cluster.service] [node_s2] processing [local-disco-receive(from master)]: execute
[2016-04-18 03:03:29,849][TRACE][org.elasticsearch.cluster.service] [node_s1] cluster state updated, source [local-disco-receive(from master)]
version: 145
state uuid: QYS4IaeXSyusDa6ORyxw_w
from_diff: false
meta data version: 142
nodes: 
   {node_s0}{u3grcNsiQEet8-hIO7zyyA}{local}{local[160]}[mode=>local], master
   {node_s1}{cVASwrILSxSDw7aKaitz8A}{local}{local[161]}[mode=>local], local
   {node_s2}{yACfZS5jQu67x-xWCWZSuQ}{local}{local[162]}[mode=>local]
routing_table (version 102):
-- index [my-index]
----shard_id [my-index][0]
--------[my-index][0], node[u3grcNsiQEet8-hIO7zyyA], [P], v[2], s[STARTED], a[id=qPlSIZ7BTHKmA5hpTffd8Q]
----shard_id [my-index][1]
--------[my-index][1], node[cVASwrILSxSDw7aKaitz8A], [P], v[2], s[STARTED], a[id=zdwdrryWS8yJhbYsIW3jLA]
----shard_id [my-index][2]
--------[my-index][2], node[yACfZS5jQu67x-xWCWZSuQ], [P], v[2], s[STARTED], a[id=M2a9kB7_RzaT_EQdNQhlXw]
----shard_id [my-index][3]
--------[my-index][3], node[u3grcNsiQEet8-hIO7zyyA], [P], v[2], s[STARTED], a[id=Mnk41ggZRhCvmQavJQxGtw]
----shard_id [my-index][4]
--------[my-index][4], node[cVASwrILSxSDw7aKaitz8A], [P], v[2], s[STARTED], a[id=nTyo5lXgS-izNTlUzErwUQ]

routing_nodes:
-----node_id[u3grcNsiQEet8-hIO7zyyA][V]
--------[my-index][3], node[u3grcNsiQEet8-hIO7zyyA], [P], v[2], s[STARTED], a[id=Mnk41ggZRhCvmQavJQxGtw]
--------[my-index][0], node[u3grcNsiQEet8-hIO7zyyA], [P], v[2], s[STARTED], a[id=qPlSIZ7BTHKmA5hpTffd8Q]
-----node_id[cVASwrILSxSDw7aKaitz8A][V]
--------[my-index][4], node[cVASwrILSxSDw7aKaitz8A], [P], v[2], s[STARTED], a[id=nTyo5lXgS-izNTlUzErwUQ]
--------[my-index][1], node[cVASwrILSxSDw7aKaitz8A], [P], v[2], s[STARTED], a[id=zdwdrryWS8yJhbYsIW3jLA]
-----node_id[yACfZS5jQu67x-xWCWZSuQ][V]
--------[my-index][2], node[yACfZS5jQu67x-xWCWZSuQ], [P], v[2], s[STARTED], a[id=M2a9kB7_RzaT_EQdNQhlXw]
---- unassigned

[2016-04-18 03:03:29,849][TRACE][org.elasticsearch.cluster.service] [node_s2] cluster state updated, source [local-disco-receive(from master)]
version: 145
state uuid: QYS4IaeXSyusDa6ORyxw_w
from_diff: false
meta data version: 142
nodes: 
   {node_s0}{u3grcNsiQEet8-hIO7zyyA}{local}{local[160]}[mode=>local], master
   {node_s1}{cVASwrILSxSDw7aKaitz8A}{local}{local[161]}[mode=>local]
   {node_s2}{yACfZS5jQu67x-xWCWZSuQ}{local}{local[162]}[mode=>local], local
routing_table (version 102):
-- index [my-index]
----shard_id [my-index][0]
--------[my-index][0], node[u3grcNsiQEet8-hIO7zyyA], [P], v[2], s[STARTED], a[id=qPlSIZ7BTHKmA5hpTffd8Q]
----shard_id [my-index][1]
--------[my-index][1], node[cVASwrILSxSDw7aKaitz8A], [P], v[2], s[STARTED], a[id=zdwdrryWS8yJhbYsIW3jLA]
----shard_id [my-index][2]
--------[my-index][2], node[yACfZS5jQu67x-xWCWZSuQ], [P], v[2], s[STARTED], a[id=M2a9kB7_RzaT_EQdNQhlXw]
----shard_id [my-index][3]
--------[my-index][3], node[u3grcNsiQEet8-hIO7zyyA], [P], v[2], s[STARTED], a[id=Mnk41ggZRhCvmQavJQxGtw]
----shard_id [my-index][4]
--------[my-index][4], node[cVASwrILSxSDw7aKaitz8A], [P], v[2], s[STARTED], a[id=nTyo5lXgS-izNTlUzErwUQ]

routing_nodes:
-----node_id[u3grcNsiQEet8-hIO7zyyA][V]
--------[my-index][3], node[u3grcNsiQEet8-hIO7zyyA], [P], v[2], s[STARTED], a[id=Mnk41ggZRhCvmQavJQxGtw]
--------[my-index][0], node[u3grcNsiQEet8-hIO7zyyA], [P], v[2], s[STARTED], a[id=qPlSIZ7BTHKmA5hpTffd8Q]
-----node_id[cVASwrILSxSDw7aKaitz8A][V]
--------[my-index][4], node[cVASwrILSxSDw7aKaitz8A], [P], v[2], s[STARTED], a[id=nTyo5lXgS-izNTlUzErwUQ]
--------[my-index][1], node[cVASwrILSxSDw7aKaitz8A], [P], v[2], s[STARTED], a[id=zdwdrryWS8yJhbYsIW3jLA]
-----node_id[yACfZS5jQu67x-xWCWZSuQ][V]
--------[my-index][2], node[yACfZS5jQu67x-xWCWZSuQ], [P], v[2], s[STARTED], a[id=M2a9kB7_RzaT_EQdNQhlXw]
---- unassigned

[2016-04-18 03:03:29,849][DEBUG][org.elasticsearch.cluster.service] [node_s2] set local cluster state to version 145
[2016-04-18 03:03:29,849][DEBUG][org.elasticsearch.cluster.service] [node_s1] set local cluster state to version 145
[2016-04-18 03:03:29,852][DEBUG][org.elasticsearch.cluster.service] [node_s2] processing [local-disco-receive(from master)]: took 3ms done applying updated cluster_state (version: 145, uuid: QYS4IaeXSyusDa6ORyxw_w)
[2016-04-18 03:03:29,852][TRACE][org.elasticsearch.cluster.service] [node_s2] will process [indices_store ([[my-index][4]] active fully on other nodes)]
[2016-04-18 03:03:29,852][DEBUG][org.elasticsearch.cluster.service] [node_s2] processing [indices_store ([[my-index][4]] active fully on other nodes)]: execute
[2016-04-18 03:03:29,852][DEBUG][org.elasticsearch.cluster.service] [node_s1] processing [local-disco-receive(from master)]: took 4ms done applying updated cluster_state (version: 145, uuid: QYS4IaeXSyusDa6ORyxw_w)
[2016-04-18 03:03:29,853][TRACE][org.elasticsearch.cluster.service] [node_s1] will process [indices_store ([[my-index][2]] active fully on other nodes)]
[2016-04-18 03:03:29,853][DEBUG][org.elasticsearch.cluster.service] [node_s1] processing [indices_store ([[my-index][2]] active fully on other nodes)]: execute
[2016-04-18 03:03:29,853][DEBUG][org.elasticsearch.cluster.service] [node_s0] set local cluster state to version 145
[2016-04-18 03:03:29,854][DEBUG][org.elasticsearch.cluster.service] [node_s2] processing [indices_store ([[my-index][4]] active fully on other nodes)]: took 1ms no change in cluster_state
[2016-04-18 03:03:29,854][TRACE][org.elasticsearch.cluster.service] [node_s2] will process [indices_store ([[my-index][1]] active fully on other nodes)]
[2016-04-18 03:03:29,854][DEBUG][org.elasticsearch.cluster.service] [node_s2] processing [indices_store ([[my-index][1]] active fully on other nodes)]: execute
[2016-04-18 03:03:29,855][DEBUG][org.elasticsearch.cluster.service] [node_s1] processing [indices_store ([[my-index][2]] active fully on other nodes)]: took 2ms no change in cluster_state
[2016-04-18 03:03:29,856][DEBUG][org.elasticsearch.cluster.service] [node_s2] processing [indices_store ([[my-index][1]] active fully on other nodes)]: took 1ms no change in cluster_state
[2016-04-18 03:03:29,858][DEBUG][org.elasticsearch.cluster.service] [node_s0] processing [shard-started ([my-index][3], node[u3grcNsiQEet8-hIO7zyyA], [P], v[1], s[INITIALIZING], a[id=Mnk41ggZRhCvmQavJQxGtw], unassigned_info[[reason=INDEX_CREATED], at[2016-04-18T07:03:29.814Z]]), reason [after recovery from store],shard-started ([my-index][0], node[u3grcNsiQEet8-hIO7zyyA], [P], v[1], s[INITIALIZING], a[id=qPlSIZ7BTHKmA5hpTffd8Q], unassigned_info[[reason=INDEX_CREATED], at[2016-04-18T07:03:29.814Z]]), reason [after recovery from store],shard-started ([my-index][3], node[u3grcNsiQEet8-hIO7zyyA], [P], v[1], s[INITIALIZING], a[id=Mnk41ggZRhCvmQavJQxGtw], unassigned_info[[reason=INDEX_CREATED], at[2016-04-18T07:03:29.814Z]]), reason [master {node_s0}{u3grcNsiQEet8-hIO7zyyA}{local}{local[160]}[mode=>local] marked shard as initializing, but shard state is [POST_RECOVERY], mark shard as started],shard-started ([my-index][0], node[u3grcNsiQEet8-hIO7zyyA], [P], v[1], s[INITIALIZING], a[id=qPlSIZ7BTHKmA5hpTffd8Q], unassigned_info[[reason=INDEX_CREATED], at[2016-04-18T07:03:29.814Z]]), reason [master {node_s0}{u3grcNsiQEet8-hIO7zyyA}{local}{local[160]}[mode=>local] marked shard as initializing, but shard state is [POST_RECOVERY], mark shard as started]]: took 11ms done applying updated cluster_state (version: 145, uuid: QYS4IaeXSyusDa6ORyxw_w)
[2016-04-18 03:03:29,860][TRACE][org.elasticsearch.cluster.service] [node_s2] will process [indices_store ([[my-index][3]] active fully on other nodes)]
[2016-04-18 03:03:29,860][TRACE][org.elasticsearch.cluster.service] [node_s1] will process [indices_store ([[my-index][3]] active fully on other nodes)]
[2016-04-18 03:03:29,860][DEBUG][org.elasticsearch.cluster.service] [node_s1] processing [indices_store ([[my-index][3]] active fully on other nodes)]: execute
[2016-04-18 03:03:29,860][TRACE][org.elasticsearch.cluster.service] [node_s0] will process [indices_store ([[my-index][4]] active fully on other nodes)]
[2016-04-18 03:03:29,860][DEBUG][org.elasticsearch.cluster.service] [node_s0] processing [indices_store ([[my-index][4]] active fully on other nodes)]: execute
[2016-04-18 03:03:29,861][DEBUG][org.elasticsearch.cluster.service] [node_s0] processing [indices_store ([[my-index][4]] active fully on other nodes)]: took 0s no change in cluster_state
[2016-04-18 03:03:29,861][TRACE][org.elasticsearch.cluster.service] [node_s0] will process [indices_store ([[my-index][2]] active fully on other nodes)]
[2016-04-18 03:03:29,861][DEBUG][org.elasticsearch.cluster.service] [node_s0] processing [indices_store ([[my-index][2]] active fully on other nodes)]: execute
[2016-04-18 03:03:29,861][DEBUG][org.elasticsearch.cluster.service] [node_s0] processing [indices_store ([[my-index][2]] active fully on other nodes)]: took 0s no change in cluster_state
[2016-04-18 03:03:29,861][TRACE][org.elasticsearch.cluster.service] [node_s0] will process [indices_store ([[my-index][1]] active fully on other nodes)]
[2016-04-18 03:03:29,861][DEBUG][org.elasticsearch.cluster.service] [node_s0] processing [indices_store ([[my-index][1]] active fully on other nodes)]: execute
[2016-04-18 03:03:29,861][DEBUG][org.elasticsearch.cluster.service] [node_s0] processing [indices_store ([[my-index][1]] active fully on other nodes)]: took 0s no change in cluster_state
[2016-04-18 03:03:29,861][TRACE][org.elasticsearch.cluster.service] [node_s0] will process [indices_store ([[my-index][4]] active fully on other nodes)]
[2016-04-18 03:03:29,861][DEBUG][org.elasticsearch.cluster.service] [node_s0] processing [indices_store ([[my-index][4]] active fully on other nodes)]: execute
[2016-04-18 03:03:29,860][DEBUG][org.elasticsearch.cluster.service] [node_s2] processing [indices_store ([[my-index][3]] active fully on other nodes)]: execute
[2016-04-18 03:03:29,863][DEBUG][org.elasticsearch.cluster.service] [node_s1] processing [indices_store ([[my-index][3]] active fully on other nodes)]: took 2ms no change in cluster_state
[2016-04-18 03:03:29,864][TRACE][org.elasticsearch.cluster.service] [node_s1] will process [indices_store ([[my-index][0]] active fully on other nodes)]
[2016-04-18 03:03:29,863][DEBUG][org.elasticsearch.cluster.service] [node_s0] processing [indices_store ([[my-index][4]] active fully on other nodes)]: took 2ms no change in cluster_state
[2016-04-18 03:03:29,864][DEBUG][org.elasticsearch.cluster.service] [node_s2] processing [indices_store ([[my-index][3]] active fully on other nodes)]: took 2ms no change in cluster_state
[2016-04-18 03:03:29,864][TRACE][org.elasticsearch.cluster.service] [node_s0] will process [put-mapping [my-type1]]
[2016-04-18 03:03:29,864][TRACE][org.elasticsearch.cluster.service] [node_s2] will process [indices_store ([[my-index][0]] active fully on other nodes)]
[2016-04-18 03:03:29,864][DEBUG][org.elasticsearch.cluster.service] [node_s0] processing [put-mapping [my-type1]]: execute
[2016-04-18 03:03:29,864][DEBUG][org.elasticsearch.cluster.service] [node_s2] processing [indices_store ([[my-index][0]] active fully on other nodes)]: execute
[2016-04-18 03:03:29,864][DEBUG][org.elasticsearch.cluster.service] [node_s1] processing [indices_store ([[my-index][0]] active fully on other nodes)]: execute
[2016-04-18 03:03:29,865][TRACE][org.elasticsearch.cluster.service] expecting 3 acknowledgements for cluster_state update (version: 146)
[2016-04-18 03:03:29,865][TRACE][org.elasticsearch.cluster.service] [node_s0] cluster state updated, source [put-mapping [my-type1]]
version: 146
state uuid: wRtKTEjcT0WuEdtpwO44ZQ
from_diff: false
meta data version: 143
nodes: 
   {node_s0}{u3grcNsiQEet8-hIO7zyyA}{local}{local[160]}[mode=>local], local, master
   {node_s1}{cVASwrILSxSDw7aKaitz8A}{local}{local[161]}[mode=>local]
   {node_s2}{yACfZS5jQu67x-xWCWZSuQ}{local}{local[162]}[mode=>local]
routing_table (version 102):
-- index [my-index]
----shard_id [my-index][0]
--------[my-index][0], node[u3grcNsiQEet8-hIO7zyyA], [P], v[2], s[STARTED], a[id=qPlSIZ7BTHKmA5hpTffd8Q]
----shard_id [my-index][1]
--------[my-index][1], node[cVASwrILSxSDw7aKaitz8A], [P], v[2], s[STARTED], a[id=zdwdrryWS8yJhbYsIW3jLA]
----shard_id [my-index][2]
--------[my-index][2], node[yACfZS5jQu67x-xWCWZSuQ], [P], v[2], s[STARTED], a[id=M2a9kB7_RzaT_EQdNQhlXw]
----shard_id [my-index][3]
--------[my-index][3], node[u3grcNsiQEet8-hIO7zyyA], [P], v[2], s[STARTED], a[id=Mnk41ggZRhCvmQavJQxGtw]
----shard_id [my-index][4]
--------[my-index][4], node[cVASwrILSxSDw7aKaitz8A], [P], v[2], s[STARTED], a[id=nTyo5lXgS-izNTlUzErwUQ]

routing_nodes:
-----node_id[u3grcNsiQEet8-hIO7zyyA][V]
--------[my-index][3], node[u3grcNsiQEet8-hIO7zyyA], [P], v[2], s[STARTED], a[id=Mnk41ggZRhCvmQavJQxGtw]
--------[my-index][0], node[u3grcNsiQEet8-hIO7zyyA], [P], v[2], s[STARTED], a[id=qPlSIZ7BTHKmA5hpTffd8Q]
-----node_id[cVASwrILSxSDw7aKaitz8A][V]
--------[my-index][4], node[cVASwrILSxSDw7aKaitz8A], [P], v[2], s[STARTED], a[id=nTyo5lXgS-izNTlUzErwUQ]
--------[my-index][1], node[cVASwrILSxSDw7aKaitz8A], [P], v[2], s[STARTED], a[id=zdwdrryWS8yJhbYsIW3jLA]
-----node_id[yACfZS5jQu67x-xWCWZSuQ][V]
--------[my-index][2], node[yACfZS5jQu67x-xWCWZSuQ], [P], v[2], s[STARTED], a[id=M2a9kB7_RzaT_EQdNQhlXw]
---- unassigned

[2016-04-18 03:03:29,865][DEBUG][org.elasticsearch.cluster.service] [node_s0] publishing cluster state version [146]
[2016-04-18 03:03:29,867][DEBUG][org.elasticsearch.cluster.service] [node_s2] processing [indices_store ([[my-index][0]] active fully on other nodes)]: took 2ms no change in cluster_state
[2016-04-18 03:03:29,868][TRACE][org.elasticsearch.cluster.service] [node_s2] will process [local-disco-receive(from master)]
[2016-04-18 03:03:29,868][DEBUG][org.elasticsearch.cluster.service] [node_s2] processing [local-disco-receive(from master)]: execute
[2016-04-18 03:03:29,868][DEBUG][org.elasticsearch.cluster.service] [node_s1] processing [indices_store ([[my-index][0]] active fully on other nodes)]: took 2ms no change in cluster_state
[2016-04-18 03:03:29,868][TRACE][org.elasticsearch.cluster.service] [node_s1] will process [local-disco-receive(from master)]
[2016-04-18 03:03:29,868][DEBUG][org.elasticsearch.cluster.service] [node_s1] processing [local-disco-receive(from master)]: execute
[2016-04-18 03:03:29,868][TRACE][org.elasticsearch.cluster.service] [node_s1] cluster state updated, source [local-disco-receive(from master)]
version: 146
state uuid: wRtKTEjcT0WuEdtpwO44ZQ
from_diff: false
meta data version: 143
nodes: 
   {node_s0}{u3grcNsiQEet8-hIO7zyyA}{local}{local[160]}[mode=>local], master
   {node_s1}{cVASwrILSxSDw7aKaitz8A}{local}{local[161]}[mode=>local], local
   {node_s2}{yACfZS5jQu67x-xWCWZSuQ}{local}{local[162]}[mode=>local]
routing_table (version 102):
-- index [my-index]
----shard_id [my-index][0]
--------[my-index][0], node[u3grcNsiQEet8-hIO7zyyA], [P], v[2], s[STARTED], a[id=qPlSIZ7BTHKmA5hpTffd8Q]
----shard_id [my-index][1]
--------[my-index][1], node[cVASwrILSxSDw7aKaitz8A], [P], v[2], s[STARTED], a[id=zdwdrryWS8yJhbYsIW3jLA]
----shard_id [my-index][2]
--------[my-index][2], node[yACfZS5jQu67x-xWCWZSuQ], [P], v[2], s[STARTED], a[id=M2a9kB7_RzaT_EQdNQhlXw]
----shard_id [my-index][3]
--------[my-index][3], node[u3grcNsiQEet8-hIO7zyyA], [P], v[2], s[STARTED], a[id=Mnk41ggZRhCvmQavJQxGtw]
----shard_id [my-index][4]
--------[my-index][4], node[cVASwrILSxSDw7aKaitz8A], [P], v[2], s[STARTED], a[id=nTyo5lXgS-izNTlUzErwUQ]

routing_nodes:
-----node_id[u3grcNsiQEet8-hIO7zyyA][V]
--------[my-index][3], node[u3grcNsiQEet8-hIO7zyyA], [P], v[2], s[STARTED], a[id=Mnk41ggZRhCvmQavJQxGtw]
--------[my-index][0], node[u3grcNsiQEet8-hIO7zyyA], [P], v[2], s[STARTED], a[id=qPlSIZ7BTHKmA5hpTffd8Q]
-----node_id[cVASwrILSxSDw7aKaitz8A][V]
--------[my-index][4], node[cVASwrILSxSDw7aKaitz8A], [P], v[2], s[STARTED], a[id=nTyo5lXgS-izNTlUzErwUQ]
--------[my-index][1], node[cVASwrILSxSDw7aKaitz8A], [P], v[2], s[STARTED], a[id=zdwdrryWS8yJhbYsIW3jLA]
-----node_id[yACfZS5jQu67x-xWCWZSuQ][V]
--------[my-index][2], node[yACfZS5jQu67x-xWCWZSuQ], [P], v[2], s[STARTED], a[id=M2a9kB7_RzaT_EQdNQhlXw]
---- unassigned

[2016-04-18 03:03:29,868][DEBUG][org.elasticsearch.cluster.service] [node_s1] set local cluster state to version 146
[2016-04-18 03:03:29,868][TRACE][org.elasticsearch.cluster.service] [node_s2] cluster state updated, source [local-disco-receive(from master)]
version: 146
state uuid: wRtKTEjcT0WuEdtpwO44ZQ
from_diff: false
meta data version: 143
nodes: 
   {node_s0}{u3grcNsiQEet8-hIO7zyyA}{local}{local[160]}[mode=>local], master
   {node_s1}{cVASwrILSxSDw7aKaitz8A}{local}{local[161]}[mode=>local]
   {node_s2}{yACfZS5jQu67x-xWCWZSuQ}{local}{local[162]}[mode=>local], local
routing_table (version 102):
-- index [my-index]
----shard_id [my-index][0]
--------[my-index][0], node[u3grcNsiQEet8-hIO7zyyA], [P], v[2], s[STARTED], a[id=qPlSIZ7BTHKmA5hpTffd8Q]
----shard_id [my-index][1]
--------[my-index][1], node[cVASwrILSxSDw7aKaitz8A], [P], v[2], s[STARTED], a[id=zdwdrryWS8yJhbYsIW3jLA]
----shard_id [my-index][2]
--------[my-index][2], node[yACfZS5jQu67x-xWCWZSuQ], [P], v[2], s[STARTED], a[id=M2a9kB7_RzaT_EQdNQhlXw]
----shard_id [my-index][3]
--------[my-index][3], node[u3grcNsiQEet8-hIO7zyyA], [P], v[2], s[STARTED], a[id=Mnk41ggZRhCvmQavJQxGtw]
----shard_id [my-index][4]
--------[my-index][4], node[cVASwrILSxSDw7aKaitz8A], [P], v[2], s[STARTED], a[id=nTyo5lXgS-izNTlUzErwUQ]

routing_nodes:
-----node_id[u3grcNsiQEet8-hIO7zyyA][V]
--------[my-index][3], node[u3grcNsiQEet8-hIO7zyyA], [P], v[2], s[STARTED], a[id=Mnk41ggZRhCvmQavJQxGtw]
--------[my-index][0], node[u3grcNsiQEet8-hIO7zyyA], [P], v[2], s[STARTED], a[id=qPlSIZ7BTHKmA5hpTffd8Q]
-----node_id[cVASwrILSxSDw7aKaitz8A][V]
--------[my-index][4], node[cVASwrILSxSDw7aKaitz8A], [P], v[2], s[STARTED], a[id=nTyo5lXgS-izNTlUzErwUQ]
--------[my-index][1], node[cVASwrILSxSDw7aKaitz8A], [P], v[2], s[STARTED], a[id=zdwdrryWS8yJhbYsIW3jLA]
-----node_id[yACfZS5jQu67x-xWCWZSuQ][V]
--------[my-index][2], node[yACfZS5jQu67x-xWCWZSuQ], [P], v[2], s[STARTED], a[id=M2a9kB7_RzaT_EQdNQhlXw]
---- unassigned

[2016-04-18 03:03:29,869][DEBUG][org.elasticsearch.cluster.service] [node_s2] set local cluster state to version 146
[2016-04-18 03:03:29,871][TRACE][org.elasticsearch.cluster.service] ack received from node [{node_s1}{cVASwrILSxSDw7aKaitz8A}{local}{local[161]}[mode=>local]], cluster_state update (version: 146)
[2016-04-18 03:03:29,873][DEBUG][org.elasticsearch.cluster.service] [node_s1] processing [local-disco-receive(from master)]: took 4ms done applying updated cluster_state (version: 146, uuid: wRtKTEjcT0WuEdtpwO44ZQ)
[2016-04-18 03:03:29,873][TRACE][org.elasticsearch.cluster.service] ack received from node [{node_s2}{yACfZS5jQu67x-xWCWZSuQ}{local}{local[162]}[mode=>local]], cluster_state update (version: 146)
[2016-04-18 03:03:29,873][DEBUG][org.elasticsearch.cluster.service] [node_s2] processing [local-disco-receive(from master)]: took 5ms done applying updated cluster_state (version: 146, uuid: wRtKTEjcT0WuEdtpwO44ZQ)
[2016-04-18 03:03:29,873][DEBUG][org.elasticsearch.cluster.service] [node_s0] set local cluster state to version 146
[2016-04-18 03:03:29,875][TRACE][org.elasticsearch.cluster.service] ack received from node [{node_s0}{u3grcNsiQEet8-hIO7zyyA}{local}{local[160]}[mode=>local]], cluster_state update (version: 146)
[2016-04-18 03:03:29,875][TRACE][org.elasticsearch.cluster.service] all expected nodes acknowledged cluster_state update (version: 146)
[2016-04-18 03:03:29,875][DEBUG][org.elasticsearch.cluster.service] [node_s0] processing [put-mapping [my-type1]]: took 11ms done applying updated cluster_state (version: 146, uuid: wRtKTEjcT0WuEdtpwO44ZQ)
[2016-04-18 03:03:29,875][TRACE][org.elasticsearch.cluster.service] [node_s0] will process [indices_store ([[my-index][2]] active fully on other nodes)]
[2016-04-18 03:03:29,875][DEBUG][org.elasticsearch.cluster.service] [node_s0] processing [indices_store ([[my-index][2]] active fully on other nodes)]: execute
[2016-04-18 03:03:29,875][DEBUG][org.elasticsearch.cluster.service] [node_s0] processing [indices_store ([[my-index][2]] active fully on other nodes)]: took 0s no change in cluster_state
[2016-04-18 03:03:29,875][TRACE][org.elasticsearch.cluster.service] [node_s0] will process [indices_store ([[my-index][1]] active fully on other nodes)]
[2016-04-18 03:03:29,876][DEBUG][org.elasticsearch.cluster.service] [node_s0] processing [indices_store ([[my-index][1]] active fully on other nodes)]: execute
[2016-04-18 03:03:29,876][DEBUG][org.elasticsearch.cluster.service] [node_s0] processing [indices_store ([[my-index][1]] active fully on other nodes)]: took 0s no change in cluster_state
[2016-04-18 03:03:29,879][TRACE][org.elasticsearch.cluster.service] [node_s0] will process [cluster_health (wait_for_events [LANGUID])]
[2016-04-18 03:03:29,879][DEBUG][org.elasticsearch.cluster.service] [node_s0] processing [cluster_health (wait_for_events [LANGUID])]: execute
[2016-04-18 03:03:29,879][DEBUG][org.elasticsearch.cluster.service] [node_s0] processing [cluster_health (wait_for_events [LANGUID])]: took 0s no change in cluster_state
[2016-04-18 03:03:29,881][TRACE][org.elasticsearch.action.admin.indices.flush] [node_s2] send action [indices:admin/flush[s]] on primary [[my-index][4]] for request [flush {[my-index][4]}] with cluster state version [146] to [cVASwrILSxSDw7aKaitz8A]
[2016-04-18 03:03:29,881][TRACE][org.elasticsearch.action.admin.indices.flush] [node_s2] send action [indices:admin/flush[s][p]] on primary [[my-index][2]] for request [flush {[my-index][2]}] with cluster state version [146] to [yACfZS5jQu67x-xWCWZSuQ] 
[2016-04-18 03:03:29,881][TRACE][org.elasticsearch.action.admin.indices.flush] [node_s2] send action [indices:admin/flush[s]] on primary [[my-index][3]] for request [flush {[my-index][3]}] with cluster state version [146] to [u3grcNsiQEet8-hIO7zyyA]
[2016-04-18 03:03:29,881][TRACE][org.elasticsearch.action.admin.indices.flush] [node_s2] send action [indices:admin/flush[s]] on primary [[my-index][1]] for request [flush {[my-index][1]}] with cluster state version [146] to [cVASwrILSxSDw7aKaitz8A]
[2016-04-18 03:03:29,881][TRACE][org.elasticsearch.action.admin.indices.flush] [node_s1] send action [indices:admin/flush[s][p]] on primary [[my-index][4]] for request [flush {[my-index][4]}] with cluster state version [146] to [cVASwrILSxSDw7aKaitz8A] 
[2016-04-18 03:03:29,881][TRACE][org.elasticsearch.action.admin.indices.flush] [node_s0] send action [indices:admin/flush[s][p]] on primary [[my-index][3]] for request [flush {[my-index][3]}] with cluster state version [146] to [u3grcNsiQEet8-hIO7zyyA] 
[2016-04-18 03:03:29,881][TRACE][org.elasticsearch.action.admin.indices.flush] [node_s2] send action [indices:admin/flush[s]] on primary [[my-index][0]] for request [flush {[my-index][0]}] with cluster state version [146] to [u3grcNsiQEet8-hIO7zyyA]
[2016-04-18 03:03:29,881][TRACE][org.elasticsearch.action.admin.indices.flush] [node_s1] send action [indices:admin/flush[s][p]] on primary [[my-index][1]] for request [flush {[my-index][1]}] with cluster state version [146] to [cVASwrILSxSDw7aKaitz8A] 
[2016-04-18 03:03:29,882][TRACE][org.elasticsearch.action.admin.indices.flush] [node_s0] send action [indices:admin/flush[s][p]] on primary [[my-index][0]] for request [flush {[my-index][0]}] with cluster state version [146] to [u3grcNsiQEet8-hIO7zyyA] 
[2016-04-18 03:03:29,885][TRACE][org.elasticsearch.action.admin.indices.flush] [node_s1] [my-index][4] flush request executed on primary
[2016-04-18 03:03:29,885][TRACE][org.elasticsearch.action.admin.indices.flush] [node_s2] [my-index][2] flush request executed on primary
[2016-04-18 03:03:29,885][TRACE][org.elasticsearch.action.admin.indices.flush] [node_s1] [my-index][1] flush request executed on primary
[2016-04-18 03:03:29,885][TRACE][org.elasticsearch.action.admin.indices.flush] [node_s2] action [indices:admin/flush[s][p]] completed on shard [[my-index][2]] for request [flush {[my-index][2]}] with cluster state version [146]
[2016-04-18 03:03:29,885][TRACE][org.elasticsearch.action.admin.indices.flush] [node_s1] action [indices:admin/flush[s][p]] completed on shard [[my-index][1]] for request [flush {[my-index][1]}] with cluster state version [146]
[2016-04-18 03:03:29,885][TRACE][org.elasticsearch.action.admin.indices.flush] [node_s1] action [indices:admin/flush[s][p]] completed on shard [[my-index][4]] for request [flush {[my-index][4]}] with cluster state version [146]
[2016-04-18 03:03:29,885][TRACE][org.elasticsearch.action.admin.indices.flush] [node_s1] replication phase started. pending [0], action [indices:admin/flush[s][r]], request [flush {[my-index][1]}], cluster state version used [146]
[2016-04-18 03:03:29,885][TRACE][org.elasticsearch.action.admin.indices.flush] [node_s1] replication phase started. pending [0], action [indices:admin/flush[s][r]], request [flush {[my-index][4]}], cluster state version used [146]
[2016-04-18 03:03:29,885][TRACE][org.elasticsearch.action.admin.indices.flush] [node_s2] replication phase started. pending [0], action [indices:admin/flush[s][r]], request [flush {[my-index][2]}], cluster state version used [146]
[2016-04-18 03:03:29,885][TRACE][org.elasticsearch.action.admin.indices.flush] [node_s1] operation succeeded. action [indices:admin/flush[s]],request [flush {[my-index][4]}]
[2016-04-18 03:03:29,885][TRACE][org.elasticsearch.action.admin.indices.flush] [node_s2] operation succeeded. action [indices:admin/flush[s]],request [flush {[my-index][2]}]
[2016-04-18 03:03:29,885][TRACE][org.elasticsearch.action.admin.indices.flush] [node_s1] action [indices:admin/flush[s][r]] completed on all replicas [[my-index][4]] for request [flush {[my-index][4]}]
[2016-04-18 03:03:29,885][TRACE][org.elasticsearch.action.admin.indices.flush] [node_s2] indices:admin/flush: got response from [my-index][2]
[2016-04-18 03:03:29,885][TRACE][org.elasticsearch.action.admin.indices.flush] [node_s0] [my-index][0] flush request executed on primary
[2016-04-18 03:03:29,885][TRACE][org.elasticsearch.action.admin.indices.flush] [node_s2] action [indices:admin/flush[s][r]] completed on all replicas [[my-index][2]] for request [flush {[my-index][2]}]
[2016-04-18 03:03:29,885][TRACE][org.elasticsearch.action.admin.indices.flush] [node_s0] action [indices:admin/flush[s][p]] completed on shard [[my-index][0]] for request [flush {[my-index][0]}] with cluster state version [146]
[2016-04-18 03:03:29,885][TRACE][org.elasticsearch.action.admin.indices.flush] [node_s2] operation succeeded. action [indices:admin/flush[s]],request [flush {[my-index][4]}]
[2016-04-18 03:03:29,885][TRACE][org.elasticsearch.action.admin.indices.flush] [node_s0] replication phase started. pending [0], action [indices:admin/flush[s][r]], request [flush {[my-index][0]}], cluster state version used [146]
[2016-04-18 03:03:29,885][TRACE][org.elasticsearch.action.admin.indices.flush] [node_s2] indices:admin/flush: got response from [my-index][4]
[2016-04-18 03:03:29,885][TRACE][org.elasticsearch.action.admin.indices.flush] [node_s0] operation succeeded. action [indices:admin/flush[s]],request [flush {[my-index][0]}]
[2016-04-18 03:03:29,885][TRACE][org.elasticsearch.action.admin.indices.flush] [node_s1] operation succeeded. action [indices:admin/flush[s]],request [flush {[my-index][1]}]
[2016-04-18 03:03:29,885][TRACE][org.elasticsearch.action.admin.indices.flush] [node_s0] action [indices:admin/flush[s][r]] completed on all replicas [[my-index][0]] for request [flush {[my-index][0]}]
[2016-04-18 03:03:29,886][TRACE][org.elasticsearch.action.admin.indices.flush] [node_s1] action [indices:admin/flush[s][r]] completed on all replicas [[my-index][1]] for request [flush {[my-index][1]}]
[2016-04-18 03:03:29,886][TRACE][org.elasticsearch.action.admin.indices.flush] [node_s2] operation succeeded. action [indices:admin/flush[s]],request [flush {[my-index][0]}]
[2016-04-18 03:03:29,886][TRACE][org.elasticsearch.action.admin.indices.flush] [node_s2] operation succeeded. action [indices:admin/flush[s]],request [flush {[my-index][1]}]
[2016-04-18 03:03:29,886][TRACE][org.elasticsearch.action.admin.indices.flush] [node_s2] indices:admin/flush: got response from [my-index][0]
[2016-04-18 03:03:29,886][TRACE][org.elasticsearch.action.admin.indices.flush] [node_s2] indices:admin/flush: got response from [my-index][1]
[2016-04-18 03:03:29,896][TRACE][org.elasticsearch.action.admin.indices.flush] [node_s0] [my-index][3] flush request executed on primary
[2016-04-18 03:03:29,897][TRACE][org.elasticsearch.action.admin.indices.flush] [node_s0] action [indices:admin/flush[s][p]] completed on shard [[my-index][3]] for request [flush {[my-index][3]}] with cluster state version [146]
[2016-04-18 03:03:29,897][TRACE][org.elasticsearch.action.admin.indices.flush] [node_s0] replication phase started. pending [0], action [indices:admin/flush[s][r]], request [flush {[my-index][3]}], cluster state version used [146]
[2016-04-18 03:03:29,897][TRACE][org.elasticsearch.action.admin.indices.flush] [node_s0] operation succeeded. action [indices:admin/flush[s]],request [flush {[my-index][3]}]
[2016-04-18 03:03:29,897][TRACE][org.elasticsearch.action.admin.indices.flush] [node_s0] action [indices:admin/flush[s][r]] completed on all replicas [[my-index][3]] for request [flush {[my-index][3]}]
[2016-04-18 03:03:29,897][TRACE][org.elasticsearch.action.admin.indices.flush] [node_s2] operation succeeded. action [indices:admin/flush[s]],request [flush {[my-index][3]}]
[2016-04-18 03:03:29,897][TRACE][org.elasticsearch.action.admin.indices.flush] [node_s2] indices:admin/flush: got response from [my-index][3]
[2016-04-18 03:03:29,897][TRACE][org.elasticsearch.action.admin.indices.flush] [node_s2] indices:admin/flush: got all shard responses
[2016-04-18 03:03:29,905][TRACE][org.elasticsearch.cluster.service] [node_s0] will process [delete-index [my-index]]
[2016-04-18 03:03:29,906][DEBUG][org.elasticsearch.cluster.service] [node_s0] processing [delete-index [my-index]]: execute
[2016-04-18 03:03:29,906][TRACE][org.elasticsearch.cluster.service] [node_s0] cluster state updated, source [delete-index [my-index]]
version: 147
state uuid: WrCH5BotRFOgdHYbf9rM3w
from_diff: false
meta data version: 144
nodes: 
   {node_s0}{u3grcNsiQEet8-hIO7zyyA}{local}{local[160]}[mode=>local], local, master
   {node_s1}{cVASwrILSxSDw7aKaitz8A}{local}{local[161]}[mode=>local]
   {node_s2}{yACfZS5jQu67x-xWCWZSuQ}{local}{local[162]}[mode=>local]
routing_table (version 103):
routing_nodes:
-----node_id[u3grcNsiQEet8-hIO7zyyA][V]
-----node_id[cVASwrILSxSDw7aKaitz8A][V]
-----node_id[yACfZS5jQu67x-xWCWZSuQ][V]
---- unassigned

[2016-04-18 03:03:29,906][DEBUG][org.elasticsearch.cluster.service] [node_s0] publishing cluster state version [147]
[2016-04-18 03:03:29,906][TRACE][org.elasticsearch.cluster.service] [node_s1] will process [local-disco-receive(from master)]
[2016-04-18 03:03:29,907][DEBUG][org.elasticsearch.cluster.service] [node_s1] processing [local-disco-receive(from master)]: execute
[2016-04-18 03:03:29,907][TRACE][org.elasticsearch.cluster.service] [node_s1] cluster state updated, source [local-disco-receive(from master)]
version: 147
state uuid: WrCH5BotRFOgdHYbf9rM3w
from_diff: false
meta data version: 144
nodes: 
   {node_s0}{u3grcNsiQEet8-hIO7zyyA}{local}{local[160]}[mode=>local], master
   {node_s1}{cVASwrILSxSDw7aKaitz8A}{local}{local[161]}[mode=>local], local
   {node_s2}{yACfZS5jQu67x-xWCWZSuQ}{local}{local[162]}[mode=>local]
routing_table (version 103):
routing_nodes:
-----node_id[u3grcNsiQEet8-hIO7zyyA][V]
-----node_id[cVASwrILSxSDw7aKaitz8A][V]
-----node_id[yACfZS5jQu67x-xWCWZSuQ][V]
---- unassigned

[2016-04-18 03:03:29,907][DEBUG][org.elasticsearch.cluster.service] [node_s1] set local cluster state to version 147
[2016-04-18 03:03:29,907][TRACE][org.elasticsearch.cluster.service] [node_s2] will process [local-disco-receive(from master)]
[2016-04-18 03:03:29,907][DEBUG][org.elasticsearch.cluster.service] [node_s2] processing [local-disco-receive(from master)]: execute
[2016-04-18 03:03:29,907][TRACE][org.elasticsearch.cluster.service] [node_s2] cluster state updated, source [local-disco-receive(from master)]
version: 147
state uuid: WrCH5BotRFOgdHYbf9rM3w
from_diff: false
meta data version: 144
nodes: 
   {node_s0}{u3grcNsiQEet8-hIO7zyyA}{local}{local[160]}[mode=>local], master
   {node_s1}{cVASwrILSxSDw7aKaitz8A}{local}{local[161]}[mode=>local]
   {node_s2}{yACfZS5jQu67x-xWCWZSuQ}{local}{local[162]}[mode=>local], local
routing_table (version 103):
routing_nodes:
-----node_id[u3grcNsiQEet8-hIO7zyyA][V]
-----node_id[cVASwrILSxSDw7aKaitz8A][V]
-----node_id[yACfZS5jQu67x-xWCWZSuQ][V]
---- unassigned

[2016-04-18 03:03:29,907][DEBUG][org.elasticsearch.cluster.service] [node_s2] set local cluster state to version 147
[2016-04-18 03:03:29,912][DEBUG][org.elasticsearch.cluster.service] [node_s2] processing [local-disco-receive(from master)]: took 5ms done applying updated cluster_state (version: 147, uuid: WrCH5BotRFOgdHYbf9rM3w)
[2016-04-18 03:03:29,914][DEBUG][org.elasticsearch.cluster.service] [node_s1] processing [local-disco-receive(from master)]: took 7ms done applying updated cluster_state (version: 147, uuid: WrCH5BotRFOgdHYbf9rM3w)
[2016-04-18 03:03:29,914][DEBUG][org.elasticsearch.cluster.service] [node_s0] set local cluster state to version 147
[2016-04-18 03:03:29,921][DEBUG][org.elasticsearch.cluster.service] [node_s0] processing [delete-index [my-index]]: took 14ms done applying updated cluster_state (version: 147, uuid: WrCH5BotRFOgdHYbf9rM3w)
[2016-04-18 03:03:29,921][TRACE][org.elasticsearch.cluster.service] [node_s0] will process [remove-index-template [random_index_template]]
[2016-04-18 03:03:29,921][DEBUG][org.elasticsearch.cluster.service] [node_s0] processing [remove-index-template [random_index_template]]: execute
[2016-04-18 03:03:29,921][TRACE][org.elasticsearch.cluster.service] [node_s0] cluster state updated, source [remove-index-template [random_index_template]]
version: 148
state uuid: q2IEi0tRS9a-fPTxBqbNNA
from_diff: false
meta data version: 145
nodes: 
   {node_s0}{u3grcNsiQEet8-hIO7zyyA}{local}{local[160]}[mode=>local], local, master
   {node_s1}{cVASwrILSxSDw7aKaitz8A}{local}{local[161]}[mode=>local]
   {node_s2}{yACfZS5jQu67x-xWCWZSuQ}{local}{local[162]}[mode=>local]
routing_table (version 103):
routing_nodes:
-----node_id[u3grcNsiQEet8-hIO7zyyA][V]
-----node_id[cVASwrILSxSDw7aKaitz8A][V]
-----node_id[yACfZS5jQu67x-xWCWZSuQ][V]
---- unassigned

[2016-04-18 03:03:29,921][DEBUG][org.elasticsearch.cluster.service] [node_s0] publishing cluster state version [148]
[2016-04-18 03:03:29,921][TRACE][org.elasticsearch.cluster.service] [node_s1] will process [local-disco-receive(from master)]
[2016-04-18 03:03:29,922][DEBUG][org.elasticsearch.cluster.service] [node_s1] processing [local-disco-receive(from master)]: execute
[2016-04-18 03:03:29,922][TRACE][org.elasticsearch.cluster.service] [node_s1] cluster state updated, source [local-disco-receive(from master)]
version: 148
state uuid: q2IEi0tRS9a-fPTxBqbNNA
from_diff: false
meta data version: 145
nodes: 
   {node_s0}{u3grcNsiQEet8-hIO7zyyA}{local}{local[160]}[mode=>local], master
   {node_s1}{cVASwrILSxSDw7aKaitz8A}{local}{local[161]}[mode=>local], local
   {node_s2}{yACfZS5jQu67x-xWCWZSuQ}{local}{local[162]}[mode=>local]
routing_table (version 103):
routing_nodes:
-----node_id[u3grcNsiQEet8-hIO7zyyA][V]
-----node_id[cVASwrILSxSDw7aKaitz8A][V]
-----node_id[yACfZS5jQu67x-xWCWZSuQ][V]
---- unassigned

[2016-04-18 03:03:29,922][DEBUG][org.elasticsearch.cluster.service] [node_s1] set local cluster state to version 148
[2016-04-18 03:03:29,922][TRACE][org.elasticsearch.cluster.service] [node_s2] will process [local-disco-receive(from master)]
[2016-04-18 03:03:29,922][DEBUG][org.elasticsearch.cluster.service] [node_s2] processing [local-disco-receive(from master)]: execute
[2016-04-18 03:03:29,923][TRACE][org.elasticsearch.cluster.service] [node_s2] cluster state updated, source [local-disco-receive(from master)]
version: 148
state uuid: q2IEi0tRS9a-fPTxBqbNNA
from_diff: false
meta data version: 145
nodes: 
   {node_s0}{u3grcNsiQEet8-hIO7zyyA}{local}{local[160]}[mode=>local], master
   {node_s1}{cVASwrILSxSDw7aKaitz8A}{local}{local[161]}[mode=>local]
   {node_s2}{yACfZS5jQu67x-xWCWZSuQ}{local}{local[162]}[mode=>local], local
routing_table (version 103):
routing_nodes:
-----node_id[u3grcNsiQEet8-hIO7zyyA][V]
-----node_id[cVASwrILSxSDw7aKaitz8A][V]
-----node_id[yACfZS5jQu67x-xWCWZSuQ][V]
---- unassigned

[2016-04-18 03:03:29,923][DEBUG][org.elasticsearch.cluster.service] [node_s2] set local cluster state to version 148
[2016-04-18 03:03:29,924][DEBUG][org.elasticsearch.cluster.service] [node_s1] processing [local-disco-receive(from master)]: took 2ms done applying updated cluster_state (version: 148, uuid: q2IEi0tRS9a-fPTxBqbNNA)
[2016-04-18 03:03:29,924][DEBUG][org.elasticsearch.cluster.service] [node_s2] processing [local-disco-receive(from master)]: took 1ms done applying updated cluster_state (version: 148, uuid: q2IEi0tRS9a-fPTxBqbNNA)
[2016-04-18 03:03:29,924][DEBUG][org.elasticsearch.cluster.service] [node_s0] set local cluster state to version 148
[2016-04-18 03:03:29,926][DEBUG][org.elasticsearch.cluster.service] [node_s0] processing [remove-index-template [random_index_template]]: took 4ms done applying updated cluster_state (version: 148, uuid: q2IEi0tRS9a-fPTxBqbNNA)
[2016-04-18 03:03:29,926][TRACE][org.elasticsearch.cluster.service] [node_s0] will process [delete_repository [*]]
[2016-04-18 03:03:29,926][DEBUG][org.elasticsearch.cluster.service] [node_s0] processing [delete_repository [*]]: execute
[2016-04-18 03:03:29,926][DEBUG][org.elasticsearch.cluster.service] [node_s0] processing [delete_repository [*]]: took 0s no change in cluster_state
]]></system-out>
   <system-err><![CDATA[]]></system-err>
</testsuite>