<testsuite errors="0" failures="0" tests="4" skipped="1" name="org.elasticsearch.action.admin.indices.shards.IndicesShardStoreRequestIT" hostname="nohost.nodomain" time="1.15" timestamp="2016-04-18T03:02:37">
   <properties class="java.util.ArrayList">
      <property name="awt.toolkit" value="sun.lwawt.macosx.LWCToolkit"/>
      <property name="es.logger.level" value="WARN"/>
      <property name="file.encoding" value="UTF-8"/>
      <property name="file.encoding.pkg" value="sun.io"/>
      <property name="file.separator" value="/"/>
      <property name="ftp.nonProxyHosts" value="local|*.local|169.254/16|*.169.254/16"/>
      <property name="gopherProxySet" value="false"/>
      <property name="http.nonProxyHosts" value="local|*.local|169.254/16|*.169.254/16"/>
      <property name="java.awt.graphicsenv" value="sun.awt.CGraphicsEnvironment"/>
      <property name="java.awt.headless" value="true"/>
      <property name="java.awt.printerjob" value="sun.lwawt.macosx.CPrinterJob"/>
      <property name="java.class.path" value="/Users/lwiskowski/CSE2410_spring2016_projectileDysfunction/core/build/classes/test:/Users/lwiskowski/CSE2410_spring2016_projectileDysfunction/core/build/resources/test:/Users/lwiskowski/CSE2410_spring2016_projectileDysfunction/core/build/classes/main:/Users/lwiskowski/CSE2410_spring2016_projectileDysfunction/core/build/resources/main:/Users/lwiskowski/.gradle/caches/modules-2/files-2.1/org.apache.lucene/lucene-core/5.5.0-snapshot-1721183/f6854c65c7f4c6d9de583f4daa4fd3ae8a3800f1/lucene-core-5.5.0-snapshot-1721183.jar:/Users/lwiskowski/.gradle/caches/modules-2/files-2.1/org.apache.lucene/lucene-analyzers-common/5.5.0-snapshot-1721183/69e187ef1d2d9c9570363eb4186821e0341df5b8/lucene-analyzers-common-5.5.0-snapshot-1721183.jar:/Users/lwiskowski/.gradle/caches/modules-2/files-2.1/org.apache.lucene/lucene-backward-codecs/5.5.0-snapshot-1721183/fa00a45ff9bc6a4df44db81f2e4e44ea94bf88e/lucene-backward-codecs-5.5.0-snapshot-1721183.jar:/Users/lwiskowski/.gradle/caches/modules-2/files-2.1/org.apache.lucene/lucene-grouping/5.5.0-snapshot-1721183/e996e6c723eb415ba2cfa7f5e98bbf194a4918dd/lucene-grouping-5.5.0-snapshot-1721183.jar:/Users/lwiskowski/.gradle/caches/modules-2/files-2.1/org.apache.lucene/lucene-highlighter/5.5.0-snapshot-1721183/3b7a5d97b10885f16eb53deb15d64c942b9f9fdb/lucene-highlighter-5.5.0-snapshot-1721183.jar:/Users/lwiskowski/.gradle/caches/modules-2/files-2.1/org.apache.lucene/lucene-join/5.5.0-snapshot-1721183/e4dda3eeb76e340aa4713a3b20d68c4a1504e505/lucene-join-5.5.0-snapshot-1721183.jar:/Users/lwiskowski/.gradle/caches/modules-2/files-2.1/org.apache.lucene/lucene-memory/5.5.0-snapshot-1721183/800442a5d7612ce4c8748831871b4d436a50554e/lucene-memory-5.5.0-snapshot-1721183.jar:/Users/lwiskowski/.gradle/caches/modules-2/files-2.1/org.apache.lucene/lucene-misc/5.5.0-snapshot-1721183/bdf184de9b5773c7af3ae908af78eeb1e512470c/lucene-misc-5.5.0-snapshot-1721183.jar:/Users/lwiskowski/.gradle/caches/modules-2/files-2.1/org.apache.lucene/lucene-queries/5.5.0-snapshot-1721183/fc59de52bd2c7e420edfd235723cb8b0dd44e92d/lucene-queries-5.5.0-snapshot-1721183.jar:/Users/lwiskowski/.gradle/caches/modules-2/files-2.1/org.apache.lucene/lucene-queryparser/5.5.0-snapshot-1721183/1d341e6a4f11f3170773ccffdbe6815b45967e3d/lucene-queryparser-5.5.0-snapshot-1721183.jar:/Users/lwiskowski/.gradle/caches/modules-2/files-2.1/org.apache.lucene/lucene-sandbox/5.5.0-snapshot-1721183/a1b02c2b595ac92f45f0d2be03841a3a7fcae1f1/lucene-sandbox-5.5.0-snapshot-1721183.jar:/Users/lwiskowski/.gradle/caches/modules-2/files-2.1/org.apache.lucene/lucene-spatial/5.5.0-snapshot-1721183/e3ea422b56734329fb6974e9cf9f66478adb5793/lucene-spatial-5.5.0-snapshot-1721183.jar:/Users/lwiskowski/.gradle/caches/modules-2/files-2.1/org.apache.lucene/lucene-spatial3d/5.5.0-snapshot-1721183/5eadbd4e63120b59ab6445e39489205f98420471/lucene-spatial3d-5.5.0-snapshot-1721183.jar:/Users/lwiskowski/.gradle/caches/modules-2/files-2.1/org.apache.lucene/lucene-suggest/5.5.0-snapshot-1721183/a336287e65d082535f02a8427666dbe46b1b9b74/lucene-suggest-5.5.0-snapshot-1721183.jar:/Users/lwiskowski/.gradle/caches/modules-2/files-2.1/org.elasticsearch/securesm/1.0/c0c6cf986ba0057390bfcc80c366a0e3157f944b/securesm-1.0.jar:/Users/lwiskowski/.gradle/caches/modules-2/files-2.1/commons-cli/commons-cli/1.3.1/1303efbc4b181e5a58bf2e967dc156a3132b97c0/commons-cli-1.3.1.jar:/Users/lwiskowski/.gradle/caches/modules-2/files-2.1/com.carrotsearch/hppc/0.7.1/8b5057f74ea378c0150a1860874a3ebdcb713767/hppc-0.7.1.jar:/Users/lwiskowski/.gradle/caches/modules-2/files-2.1/joda-time/joda-time/2.8.2/d27c24204c5e507b16fec01006b3d0f1ec42aed4/joda-time-2.8.2.jar:/Users/lwiskowski/.gradle/caches/modules-2/files-2.1/org.joda/joda-convert/1.2/35ec554f0cd00c956cc69051514d9488b1374dec/joda-convert-1.2.jar:/Users/lwiskowski/.gradle/caches/modules-2/files-2.1/com.fasterxml.jackson.core/jackson-core/2.6.2/123f29333b2c6b3516b14252b6e93226bfcd6e37/jackson-core-2.6.2.jar:/Users/lwiskowski/.gradle/caches/modules-2/files-2.1/com.fasterxml.jackson.dataformat/jackson-dataformat-smile/2.6.2/395d18c1a1dd730b8026ee59c4067e5d2b45ba6e/jackson-dataformat-smile-2.6.2.jar:/Users/lwiskowski/.gradle/caches/modules-2/files-2.1/com.fasterxml.jackson.dataformat/jackson-dataformat-yaml/2.6.2/4ae23088dd3fae47c66843f2e4251d7255ee140e/jackson-dataformat-yaml-2.6.2.jar:/Users/lwiskowski/.gradle/caches/modules-2/files-2.1/com.fasterxml.jackson.dataformat/jackson-dataformat-cbor/2.6.2/1e13c575f914c83761bb8e2aca7dfd9e4c647579/jackson-dataformat-cbor-2.6.2.jar:/Users/lwiskowski/.gradle/caches/modules-2/files-2.1/io.netty/netty/3.10.5.Final/9ca7d55d246092bddd29b867706e2f6c7db701a0/netty-3.10.5.Final.jar:/Users/lwiskowski/.gradle/caches/modules-2/files-2.1/com.tdunning/t-digest/3.0/84ccf145ac2215e6bfa63baa3101c0af41017cfc/t-digest-3.0.jar:/Users/lwiskowski/.gradle/caches/modules-2/files-2.1/org.hdrhistogram/HdrHistogram/2.1.6/7495feb7f71ee124bd2a7e7d83590e296d71d80e/HdrHistogram-2.1.6.jar:/Users/lwiskowski/.gradle/caches/modules-2/files-2.1/com.spatial4j/spatial4j/0.5/6e16edaf6b1ba76db7f08c2f3723fce3b358ecc3/spatial4j-0.5.jar:/Users/lwiskowski/.gradle/caches/modules-2/files-2.1/com.vividsolutions/jts/1.13/3ccfb9b60f04d71add996a666ceb8902904fd805/jts-1.13.jar:/Users/lwiskowski/.gradle/caches/modules-2/files-2.1/log4j/log4j/1.2.17/5af35056b4d257e4b64b9e8069c0746e8b08629f/log4j-1.2.17.jar:/Users/lwiskowski/.gradle/caches/modules-2/files-2.1/log4j/apache-log4j-extras/1.2.17/85863614d82185d7e51fe21c00aa9117a523a8b6/apache-log4j-extras-1.2.17.jar:/Users/lwiskowski/.gradle/caches/modules-2/files-2.1/org.slf4j/slf4j-api/1.6.2/8619e95939167fb37245b5670135e4feb0ec7d50/slf4j-api-1.6.2.jar:/Users/lwiskowski/.gradle/caches/modules-2/files-2.1/net.java.dev.jna/jna/4.1.0/1c12d070e602efd8021891cdd7fd18bc129372d4/jna-4.1.0.jar:/Users/lwiskowski/CSE2410_spring2016_projectileDysfunction/test/framework/build/libs/framework-3.0.0-SNAPSHOT.jar:/Users/lwiskowski/.gradle/caches/modules-2/files-2.1/com.carrotsearch.randomizedtesting/randomizedtesting-runner/2.3.2/307965917fe8a22b7ee72deba39ef4b8e6ebc069/randomizedtesting-runner-2.3.2.jar:/Users/lwiskowski/.gradle/caches/modules-2/files-2.1/junit/junit/4.11/4e031bb61df09069aeb2bffb4019e7a5034a4ee0/junit-4.11.jar:/Users/lwiskowski/.gradle/caches/modules-2/files-2.1/org.hamcrest/hamcrest-all/1.3/63a21ebc981131004ad02e0434e799fd7f3a8d5a/hamcrest-all-1.3.jar:/Users/lwiskowski/.gradle/caches/modules-2/files-2.1/org.apache.lucene/lucene-test-framework/5.5.0-snapshot-1721183/a8d851d0ad82182b3a02f4b30c336e7aa0e173cb/lucene-test-framework-5.5.0-snapshot-1721183.jar:/Users/lwiskowski/.gradle/caches/modules-2/files-2.1/org.apache.lucene/lucene-codecs/5.5.0-snapshot-1721183/8aa59442b028c7a2c1a516accb6142a8910ba5fc/lucene-codecs-5.5.0-snapshot-1721183.jar:/Users/lwiskowski/.gradle/caches/modules-2/files-2.1/org.apache.httpcomponents/httpclient/4.3.6/4c47155e3e6c9a41a28db36680b828ced53b8af4/httpclient-4.3.6.jar:/Users/lwiskowski/.gradle/caches/modules-2/files-2.1/org.apache.httpcomponents/httpcore/4.3.3/f91b7a4aadc5cf486df6e4634748d7dd7a73f06d/httpcore-4.3.3.jar:/Users/lwiskowski/.gradle/caches/modules-2/files-2.1/commons-logging/commons-logging/1.1.3/f6f66e966c70a83ffbdb6f17a0919eaf7c8aca7f/commons-logging-1.1.3.jar:/Users/lwiskowski/.gradle/caches/modules-2/files-2.1/commons-codec/commons-codec/1.10/4b95f4897fa13f2cd904aee711aeafc0c5295cd8/commons-codec-1.10.jar:/Users/lwiskowski/.gradle/caches/modules-2/files-2.1/org.elasticsearch/securemock/1.2/98201d4ad5ac93f6b415ae9172d52b5e7cda490e/securemock-1.2.jar:/Users/lwiskowski/.gradle/caches/modules-2/files-2.1/com.carrotsearch.randomizedtesting/junit4-ant/2.3.2/dc8f03f6111974092491f35b8269eb0fc57f52f7/junit4-ant-2.3.2.jar"/>
      <property name="java.class.version" value="52.0"/>
      <property name="java.endorsed.dirs" value="/Library/Java/JavaVirtualMachines/jdk1.8.0_71.jdk/Contents/Home/jre/lib/endorsed"/>
      <property name="java.ext.dirs" value="/Users/lwiskowski/Library/Java/Extensions:/Library/Java/JavaVirtualMachines/jdk1.8.0_71.jdk/Contents/Home/jre/lib/ext:/Library/Java/Extensions:/Network/Library/Java/Extensions:/System/Library/Java/Extensions:/usr/lib/java"/>
      <property name="java.home" value="/Library/Java/JavaVirtualMachines/jdk1.8.0_71.jdk/Contents/Home/jre"/>
      <property name="java.io.tmpdir" value="./temp"/>
      <property name="java.library.path" value="/Users/lwiskowski/Library/Java/Extensions:/Library/Java/Extensions:/Network/Library/Java/Extensions:/System/Library/Java/Extensions:/usr/lib/java:."/>
      <property name="java.runtime.name" value="Java(TM) SE Runtime Environment"/>
      <property name="java.runtime.version" value="1.8.0_71-b15"/>
      <property name="java.specification.name" value="Java Platform API Specification"/>
      <property name="java.specification.vendor" value="Oracle Corporation"/>
      <property name="java.specification.version" value="1.8"/>
      <property name="java.vendor" value="Oracle Corporation"/>
      <property name="java.vendor.url" value="http://java.oracle.com/"/>
      <property name="java.vendor.url.bug" value="http://bugreport.sun.com/bugreport/"/>
      <property name="java.version" value="1.8.0_71"/>
      <property name="java.vm.info" value="mixed mode"/>
      <property name="java.vm.name" value="Java HotSpot(TM) 64-Bit Server VM"/>
      <property name="java.vm.specification.name" value="Java Virtual Machine Specification"/>
      <property name="java.vm.specification.vendor" value="Oracle Corporation"/>
      <property name="java.vm.specification.version" value="1.8"/>
      <property name="java.vm.vendor" value="Oracle Corporation"/>
      <property name="java.vm.version" value="25.71-b15"/>
      <property name="junit4.childvm.count" value="4"/>
      <property name="junit4.childvm.cwd" value="/Users/lwiskowski/CSE2410_spring2016_projectileDysfunction/core/build/testrun/integTest/J0"/>
      <property name="junit4.childvm.id" value="0"/>
      <property name="junit4.memory.total" value="514850816"/>
      <property name="junit4.pidString" value="3684@host238-95.aruba.fit.edu"/>
      <property name="junit4.processors" value="8"/>
      <property name="line.separator" value="
"/>
      <property name="os.arch" value="x86_64"/>
      <property name="os.name" value="Mac OS X"/>
      <property name="os.version" value="10.11.4"/>
      <property name="path.separator" value=":"/>
      <property name="socksNonProxyHosts" value="local|*.local|169.254/16|*.169.254/16"/>
      <property name="sun.arch.data.model" value="64"/>
      <property name="sun.boot.class.path" value="/Library/Java/JavaVirtualMachines/jdk1.8.0_71.jdk/Contents/Home/jre/lib/resources.jar:/Library/Java/JavaVirtualMachines/jdk1.8.0_71.jdk/Contents/Home/jre/lib/rt.jar:/Library/Java/JavaVirtualMachines/jdk1.8.0_71.jdk/Contents/Home/jre/lib/sunrsasign.jar:/Library/Java/JavaVirtualMachines/jdk1.8.0_71.jdk/Contents/Home/jre/lib/jsse.jar:/Library/Java/JavaVirtualMachines/jdk1.8.0_71.jdk/Contents/Home/jre/lib/jce.jar:/Library/Java/JavaVirtualMachines/jdk1.8.0_71.jdk/Contents/Home/jre/lib/charsets.jar:/Library/Java/JavaVirtualMachines/jdk1.8.0_71.jdk/Contents/Home/jre/lib/jfr.jar:/Library/Java/JavaVirtualMachines/jdk1.8.0_71.jdk/Contents/Home/jre/classes"/>
      <property name="sun.boot.library.path" value="/Library/Java/JavaVirtualMachines/jdk1.8.0_71.jdk/Contents/Home/jre/lib"/>
      <property name="sun.cpu.endian" value="little"/>
      <property name="sun.cpu.isalist" value=""/>
      <property name="sun.io.unicode.encoding" value="UnicodeBig"/>
      <property name="sun.java.command" value="com.carrotsearch.ant.tasks.junit4.slave.SlaveMainSafe -eventsfile /Users/lwiskowski/CSE2410_spring2016_projectileDysfunction/core/build/testrun/integTest/temp/junit4-J0-20160418_030118_670.events @/Users/lwiskowski/CSE2410_spring2016_projectileDysfunction/core/build/testrun/integTest/temp/junit4-J0-20160418_030118_670.suites -stdin"/>
      <property name="sun.java.launcher" value="SUN_STANDARD"/>
      <property name="sun.jnu.encoding" value="UTF-8"/>
      <property name="sun.management.compiler" value="HotSpot 64-Bit Tiered Compilers"/>
      <property name="sun.os.patch.level" value="unknown"/>
      <property name="tests.artifact" value="core"/>
      <property name="tests.ifNoTests" value="fail"/>
      <property name="tests.maven" value="true"/>
      <property name="tests.prefix" value="tests"/>
      <property name="tests.security.manager" value="true"/>
      <property name="tests.seed" value="AF876320E2D19F69"/>
      <property name="tests.task" value=":core:integTest"/>
      <property name="user.country" value="US"/>
      <property name="user.dir" value="/Users/lwiskowski/CSE2410_spring2016_projectileDysfunction/core/build/testrun/integTest/J0"/>
      <property name="user.home" value="/Users/lwiskowski"/>
      <property name="user.language" value="en"/>
      <property name="user.name" value="lwiskowski"/>
      <property name="user.timezone" value=""/>
   </properties>
   <testcase classname="org.elasticsearch.action.admin.indices.shards.IndicesShardStoreRequestIT" name="testBasic" time="0.406"/>
   <testcase classname="org.elasticsearch.action.admin.indices.shards.IndicesShardStoreRequestIT" name="testCorruptedShards" time="0.0">
      <skipped></skipped>
   </testcase>
   <testcase classname="org.elasticsearch.action.admin.indices.shards.IndicesShardStoreRequestIT" name="testEmpty" time="0.201"/>
   <testcase classname="org.elasticsearch.action.admin.indices.shards.IndicesShardStoreRequestIT" name="testIndices" time="0.509"/>
   <system-out><![CDATA[[2016-04-18 03:02:37,854][INFO ][org.elasticsearch.action.admin.indices.shards] [IndicesShardStoreRequestIT#testBasic]: setup test
[2016-04-18 03:02:37,889][TRACE][org.elasticsearch.cluster.service] [node_t0] will process [local-disco-initial_connect(master)]
[2016-04-18 03:02:37,889][DEBUG][org.elasticsearch.cluster.service] [node_t0] processing [local-disco-initial_connect(master)]: execute
[2016-04-18 03:02:37,890][TRACE][org.elasticsearch.cluster.service] [node_t0] cluster state updated, source [local-disco-initial_connect(master)]
version: 1
state uuid: qDrwXzwtR0ytrpyFA5F1Zg
from_diff: false
meta data version: 0
blocks: 
   _global_:
      1,state not recovered / initialized, blocks READ,WRITE,METADATA_READ,METADATA_WRITE
nodes: 
   {node_t0}{gaHDZ-dGSR2V78zvSbu4mg}{local}{local[82]}[mode=>local], local, master
routing_table (version 0):
routing_nodes:
-----node_id[gaHDZ-dGSR2V78zvSbu4mg][V]
---- unassigned

[2016-04-18 03:02:37,890][INFO ][org.elasticsearch.cluster.service] [node_t0] new_master {node_t0}{gaHDZ-dGSR2V78zvSbu4mg}{local}{local[82]}[mode=>local], reason: local-disco-initial_connect(master)
[2016-04-18 03:02:37,890][DEBUG][org.elasticsearch.cluster.service] [node_t0] publishing cluster state version [1]
[2016-04-18 03:02:37,890][DEBUG][org.elasticsearch.cluster.service] [node_t0] set local cluster state to version 1
[2016-04-18 03:02:37,890][DEBUG][org.elasticsearch.cluster.service] [node_t0] processing [local-disco-initial_connect(master)]: took 1ms done applying updated cluster_state (version: 1, uuid: qDrwXzwtR0ytrpyFA5F1Zg)
[2016-04-18 03:02:37,890][TRACE][org.elasticsearch.cluster.service] [node_t0] will process [gateway_initial_state_recovery]
[2016-04-18 03:02:37,890][DEBUG][org.elasticsearch.cluster.service] [node_t0] processing [gateway_initial_state_recovery]: execute
[2016-04-18 03:02:37,891][DEBUG][org.elasticsearch.cluster.service] [node_t0] processing [gateway_initial_state_recovery]: took 0s no change in cluster_state
[2016-04-18 03:02:37,891][TRACE][org.elasticsearch.cluster.service] [node_t0] will process [local-gateway-elected-state]
[2016-04-18 03:02:37,892][DEBUG][org.elasticsearch.cluster.service] [node_t0] processing [local-gateway-elected-state]: execute
[2016-04-18 03:02:37,892][TRACE][org.elasticsearch.cluster.service] [node_t0] cluster state updated, source [local-gateway-elected-state]
version: 2
state uuid: iBSEu8vKSkuYVC8PvIaiIw
from_diff: false
meta data version: 1
nodes: 
   {node_t0}{gaHDZ-dGSR2V78zvSbu4mg}{local}{local[82]}[mode=>local], local, master
routing_table (version 1):
routing_nodes:
-----node_id[gaHDZ-dGSR2V78zvSbu4mg][V]
---- unassigned

[2016-04-18 03:02:37,892][DEBUG][org.elasticsearch.cluster.service] [node_t0] publishing cluster state version [2]
[2016-04-18 03:02:37,892][DEBUG][org.elasticsearch.cluster.service] [node_t0] set local cluster state to version 2
[2016-04-18 03:02:37,894][DEBUG][org.elasticsearch.cluster.service] [node_t0] processing [local-gateway-elected-state]: took 2ms done applying updated cluster_state (version: 2, uuid: iBSEu8vKSkuYVC8PvIaiIw)
[2016-04-18 03:02:37,900][TRACE][org.elasticsearch.cluster.service] [node_t0] will process [delete_repository [*]]
[2016-04-18 03:02:37,900][DEBUG][org.elasticsearch.cluster.service] [node_t0] processing [delete_repository [*]]: execute
[2016-04-18 03:02:37,900][DEBUG][org.elasticsearch.cluster.service] [node_t0] processing [delete_repository [*]]: took 0s no change in cluster_state
[2016-04-18 03:02:37,901][INFO ][org.elasticsearch.action.admin.indices.shards] test using _default_ mappings: [{"_default_":{"dynamic_templates":[{"template-strings":{"match_mapping_type":"string","mapping":{"fielddata":{"loading":"eager"}}}},{"template-longs":{"match_mapping_type":"long","mapping":{"fielddata":{"loading":"eager"}}}},{"template-doubles":{"match_mapping_type":"double","mapping":{"fielddata":{"loading":"eager"}}}},{"template-geo_points":{"match_mapping_type":"geo_point","mapping":{"fielddata":{"loading":"eager"}}}},{"template-booleans":{"match_mapping_type":"boolean","mapping":{"fielddata":{"loading":"lazy"}}}}]}}]
[2016-04-18 03:02:37,901][TRACE][org.elasticsearch.cluster.service] [node_t0] will process [create-index-template [random_index_template], cause [api]]
[2016-04-18 03:02:37,902][DEBUG][org.elasticsearch.cluster.service] [node_t0] processing [create-index-template [random_index_template], cause [api]]: execute
[2016-04-18 03:02:37,902][TRACE][org.elasticsearch.cluster.service] [node_t0] cluster state updated, source [create-index-template [random_index_template], cause [api]]
version: 3
state uuid: pexygpvvTROWBldAf2W2QA
from_diff: false
meta data version: 2
nodes: 
   {node_t0}{gaHDZ-dGSR2V78zvSbu4mg}{local}{local[82]}[mode=>local], local, master
routing_table (version 1):
routing_nodes:
-----node_id[gaHDZ-dGSR2V78zvSbu4mg][V]
---- unassigned

[2016-04-18 03:02:37,902][DEBUG][org.elasticsearch.cluster.service] [node_t0] publishing cluster state version [3]
[2016-04-18 03:02:37,902][DEBUG][org.elasticsearch.cluster.service] [node_t0] set local cluster state to version 3
[2016-04-18 03:02:37,904][DEBUG][org.elasticsearch.cluster.service] [node_t0] processing [create-index-template [random_index_template], cause [api]]: took 2ms done applying updated cluster_state (version: 3, uuid: pexygpvvTROWBldAf2W2QA)
[2016-04-18 03:02:37,904][INFO ][org.elasticsearch.action.admin.indices.shards] [IndicesShardStoreRequestIT#testBasic]: starting test
[2016-04-18 03:02:37,939][TRACE][org.elasticsearch.cluster.service] [node_t0] will process [local-disco-receive(from node[{node_t1}{IYrev6lzQGC11gB5Y0dy7Q}{local}{local[84]}[mode=>local]])]
[2016-04-18 03:02:37,939][TRACE][org.elasticsearch.cluster.service] [node_t1] will process [local-disco(detected_master)]
[2016-04-18 03:02:37,939][DEBUG][org.elasticsearch.cluster.service] [node_t0] processing [local-disco-receive(from node[{node_t1}{IYrev6lzQGC11gB5Y0dy7Q}{local}{local[84]}[mode=>local]])]: execute
[2016-04-18 03:02:37,939][DEBUG][org.elasticsearch.cluster.service] [node_t1] processing [local-disco(detected_master)]: execute
[2016-04-18 03:02:37,939][TRACE][org.elasticsearch.cluster.service] [node_t0] cluster state updated, source [local-disco-receive(from node[{node_t1}{IYrev6lzQGC11gB5Y0dy7Q}{local}{local[84]}[mode=>local]])]
version: 4
state uuid: IsWdJQz-TPycLtwwngwclw
from_diff: false
meta data version: 2
nodes: 
   {node_t0}{gaHDZ-dGSR2V78zvSbu4mg}{local}{local[82]}[mode=>local], local, master
   {node_t1}{IYrev6lzQGC11gB5Y0dy7Q}{local}{local[84]}[mode=>local]
routing_table (version 1):
routing_nodes:
-----node_id[gaHDZ-dGSR2V78zvSbu4mg][V]
-----node_id[IYrev6lzQGC11gB5Y0dy7Q][V]
---- unassigned

[2016-04-18 03:02:37,939][TRACE][org.elasticsearch.cluster.service] [node_t1] cluster state updated, source [local-disco(detected_master)]
version: 0
state uuid: a9HyMI0JQqW0BV2VydKGsA
from_diff: false
meta data version: 2
blocks: 
   _global_:
      1,state not recovered / initialized, blocks READ,WRITE,METADATA_READ,METADATA_WRITE      2,no master, blocks WRITE,METADATA_WRITE
nodes: 
   {node_t1}{IYrev6lzQGC11gB5Y0dy7Q}{local}{local[84]}[mode=>local], local
routing_table (version 0):
routing_nodes:
-----node_id[IYrev6lzQGC11gB5Y0dy7Q][V]
---- unassigned

[2016-04-18 03:02:37,940][INFO ][org.elasticsearch.cluster.service] [node_t0] added {{node_t1}{IYrev6lzQGC11gB5Y0dy7Q}{local}{local[84]}[mode=>local],}, reason: local-disco-receive(from node[{node_t1}{IYrev6lzQGC11gB5Y0dy7Q}{local}{local[84]}[mode=>local]])
[2016-04-18 03:02:37,940][DEBUG][org.elasticsearch.cluster.service] [node_t1] set local cluster state to version 0
[2016-04-18 03:02:37,940][DEBUG][org.elasticsearch.cluster.service] [node_t0] publishing cluster state version [4]
[2016-04-18 03:02:37,940][DEBUG][org.elasticsearch.cluster.service] [node_t1] processing [local-disco(detected_master)]: took 0s done applying updated cluster_state (version: 0, uuid: a9HyMI0JQqW0BV2VydKGsA)
[2016-04-18 03:02:37,940][TRACE][org.elasticsearch.cluster.service] [node_t1] will process [local-disco-receive(from master)]
[2016-04-18 03:02:37,941][DEBUG][org.elasticsearch.cluster.service] [node_t1] processing [local-disco-receive(from master)]: execute
[2016-04-18 03:02:37,941][TRACE][org.elasticsearch.cluster.service] [node_t1] cluster state updated, source [local-disco-receive(from master)]
version: 4
state uuid: IsWdJQz-TPycLtwwngwclw
from_diff: false
meta data version: 2
nodes: 
   {node_t0}{gaHDZ-dGSR2V78zvSbu4mg}{local}{local[82]}[mode=>local], master
   {node_t1}{IYrev6lzQGC11gB5Y0dy7Q}{local}{local[84]}[mode=>local], local
routing_table (version 1):
routing_nodes:
-----node_id[gaHDZ-dGSR2V78zvSbu4mg][V]
-----node_id[IYrev6lzQGC11gB5Y0dy7Q][V]
---- unassigned

[2016-04-18 03:02:37,941][INFO ][org.elasticsearch.cluster.service] [node_t1] detected_master {node_t0}{gaHDZ-dGSR2V78zvSbu4mg}{local}{local[82]}[mode=>local], added {{node_t0}{gaHDZ-dGSR2V78zvSbu4mg}{local}{local[82]}[mode=>local],}, reason: local-disco-receive(from master)
[2016-04-18 03:02:37,941][DEBUG][org.elasticsearch.cluster.service] [node_t1] set local cluster state to version 4
[2016-04-18 03:02:37,943][DEBUG][org.elasticsearch.cluster.service] [node_t1] processing [local-disco-receive(from master)]: took 2ms done applying updated cluster_state (version: 4, uuid: IsWdJQz-TPycLtwwngwclw)
[2016-04-18 03:02:37,943][DEBUG][org.elasticsearch.cluster.service] [node_t0] set local cluster state to version 4
[2016-04-18 03:02:37,944][DEBUG][org.elasticsearch.cluster.service] [node_t0] processing [local-disco-receive(from node[{node_t1}{IYrev6lzQGC11gB5Y0dy7Q}{local}{local[84]}[mode=>local]])]: took 5ms done applying updated cluster_state (version: 4, uuid: IsWdJQz-TPycLtwwngwclw)
[2016-04-18 03:02:37,944][TRACE][org.elasticsearch.cluster.service] [node_t1] will process [gateway_initial_state_recovery]
[2016-04-18 03:02:37,945][TRACE][org.elasticsearch.cluster.service] [node_t0] will process [cluster_reroute(post_node_add)]
[2016-04-18 03:02:37,945][DEBUG][org.elasticsearch.cluster.service] [node_t1] processing [gateway_initial_state_recovery]: execute
[2016-04-18 03:02:37,945][DEBUG][org.elasticsearch.cluster.service] [node_t0] processing [cluster_reroute(post_node_add)]: execute
[2016-04-18 03:02:37,945][DEBUG][org.elasticsearch.cluster.service] [node_t1] processing [gateway_initial_state_recovery]: took 0s no change in cluster_state
[2016-04-18 03:02:37,945][DEBUG][org.elasticsearch.cluster.service] [node_t0] processing [cluster_reroute(post_node_add)]: took 0s no change in cluster_state
[2016-04-18 03:02:37,951][TRACE][org.elasticsearch.cluster.service] [node_t0] will process [create-index [test], cause [api]]
[2016-04-18 03:02:37,951][DEBUG][org.elasticsearch.cluster.service] [node_t0] processing [create-index [test], cause [api]]: execute
[2016-04-18 03:02:37,954][TRACE][org.elasticsearch.cluster.service] expecting 2 acknowledgements for cluster_state update (version: 5)
[2016-04-18 03:02:37,956][TRACE][org.elasticsearch.cluster.service] [node_t0] cluster state updated, source [create-index [test], cause [api]]
version: 5
state uuid: 9m32ShcZS2e1lHFhalUsrQ
from_diff: false
meta data version: 3
nodes: 
   {node_t0}{gaHDZ-dGSR2V78zvSbu4mg}{local}{local[82]}[mode=>local], local, master
   {node_t1}{IYrev6lzQGC11gB5Y0dy7Q}{local}{local[84]}[mode=>local]
routing_table (version 2):
-- index [test]
----shard_id [test][0]
--------[test][0], node[gaHDZ-dGSR2V78zvSbu4mg], [P], v[1], s[INITIALIZING], a[id=BJu3YBd7QdWRUbnRc35QUg], unassigned_info[[reason=INDEX_CREATED], at[2016-04-18T07:02:37.953Z]]
--------[test][0], node[null], [R], v[1], s[UNASSIGNED], unassigned_info[[reason=INDEX_CREATED], at[2016-04-18T07:02:37.953Z]]
----shard_id [test][1]
--------[test][1], node[IYrev6lzQGC11gB5Y0dy7Q], [P], v[1], s[INITIALIZING], a[id=VNtasAtySFmI1xanbVggVA], unassigned_info[[reason=INDEX_CREATED], at[2016-04-18T07:02:37.953Z]]
--------[test][1], node[null], [R], v[1], s[UNASSIGNED], unassigned_info[[reason=INDEX_CREATED], at[2016-04-18T07:02:37.953Z]]

routing_nodes:
-----node_id[gaHDZ-dGSR2V78zvSbu4mg][V]
--------[test][0], node[gaHDZ-dGSR2V78zvSbu4mg], [P], v[1], s[INITIALIZING], a[id=BJu3YBd7QdWRUbnRc35QUg], unassigned_info[[reason=INDEX_CREATED], at[2016-04-18T07:02:37.953Z]]
-----node_id[IYrev6lzQGC11gB5Y0dy7Q][V]
--------[test][1], node[IYrev6lzQGC11gB5Y0dy7Q], [P], v[1], s[INITIALIZING], a[id=VNtasAtySFmI1xanbVggVA], unassigned_info[[reason=INDEX_CREATED], at[2016-04-18T07:02:37.953Z]]
---- unassigned
--------[test][1], node[null], [R], v[1], s[UNASSIGNED], unassigned_info[[reason=INDEX_CREATED], at[2016-04-18T07:02:37.953Z]]
--------[test][0], node[null], [R], v[1], s[UNASSIGNED], unassigned_info[[reason=INDEX_CREATED], at[2016-04-18T07:02:37.953Z]]

[2016-04-18 03:02:37,956][DEBUG][org.elasticsearch.cluster.service] [node_t0] publishing cluster state version [5]
[2016-04-18 03:02:37,957][TRACE][org.elasticsearch.cluster.service] [node_t1] will process [local-disco-receive(from master)]
[2016-04-18 03:02:37,957][DEBUG][org.elasticsearch.cluster.service] [node_t1] processing [local-disco-receive(from master)]: execute
[2016-04-18 03:02:37,957][TRACE][org.elasticsearch.cluster.service] [node_t1] cluster state updated, source [local-disco-receive(from master)]
version: 5
state uuid: 9m32ShcZS2e1lHFhalUsrQ
from_diff: false
meta data version: 3
nodes: 
   {node_t0}{gaHDZ-dGSR2V78zvSbu4mg}{local}{local[82]}[mode=>local], master
   {node_t1}{IYrev6lzQGC11gB5Y0dy7Q}{local}{local[84]}[mode=>local], local
routing_table (version 2):
-- index [test]
----shard_id [test][0]
--------[test][0], node[gaHDZ-dGSR2V78zvSbu4mg], [P], v[1], s[INITIALIZING], a[id=BJu3YBd7QdWRUbnRc35QUg], unassigned_info[[reason=INDEX_CREATED], at[2016-04-18T07:02:37.953Z]]
--------[test][0], node[null], [R], v[1], s[UNASSIGNED], unassigned_info[[reason=INDEX_CREATED], at[2016-04-18T07:02:37.953Z]]
----shard_id [test][1]
--------[test][1], node[IYrev6lzQGC11gB5Y0dy7Q], [P], v[1], s[INITIALIZING], a[id=VNtasAtySFmI1xanbVggVA], unassigned_info[[reason=INDEX_CREATED], at[2016-04-18T07:02:37.953Z]]
--------[test][1], node[null], [R], v[1], s[UNASSIGNED], unassigned_info[[reason=INDEX_CREATED], at[2016-04-18T07:02:37.953Z]]

routing_nodes:
-----node_id[gaHDZ-dGSR2V78zvSbu4mg][V]
--------[test][0], node[gaHDZ-dGSR2V78zvSbu4mg], [P], v[1], s[INITIALIZING], a[id=BJu3YBd7QdWRUbnRc35QUg], unassigned_info[[reason=INDEX_CREATED], at[2016-04-18T07:02:37.953Z]]
-----node_id[IYrev6lzQGC11gB5Y0dy7Q][V]
--------[test][1], node[IYrev6lzQGC11gB5Y0dy7Q], [P], v[1], s[INITIALIZING], a[id=VNtasAtySFmI1xanbVggVA], unassigned_info[[reason=INDEX_CREATED], at[2016-04-18T07:02:37.953Z]]
---- unassigned
--------[test][1], node[null], [R], v[1], s[UNASSIGNED], unassigned_info[[reason=INDEX_CREATED], at[2016-04-18T07:02:37.953Z]]
--------[test][0], node[null], [R], v[1], s[UNASSIGNED], unassigned_info[[reason=INDEX_CREATED], at[2016-04-18T07:02:37.953Z]]

[2016-04-18 03:02:37,958][DEBUG][org.elasticsearch.cluster.service] [node_t1] set local cluster state to version 5
[2016-04-18 03:02:37,967][TRACE][org.elasticsearch.cluster.service] ack received from node [{node_t1}{IYrev6lzQGC11gB5Y0dy7Q}{local}{local[84]}[mode=>local]], cluster_state update (version: 5)
[2016-04-18 03:02:37,967][DEBUG][org.elasticsearch.cluster.service] [node_t1] processing [local-disco-receive(from master)]: took 9ms done applying updated cluster_state (version: 5, uuid: 9m32ShcZS2e1lHFhalUsrQ)
[2016-04-18 03:02:37,967][DEBUG][org.elasticsearch.cluster.service] [node_t0] set local cluster state to version 5
[2016-04-18 03:02:37,973][TRACE][org.elasticsearch.cluster.service] ack received from node [{node_t0}{gaHDZ-dGSR2V78zvSbu4mg}{local}{local[82]}[mode=>local]], cluster_state update (version: 5)
[2016-04-18 03:02:37,973][TRACE][org.elasticsearch.cluster.service] all expected nodes acknowledged cluster_state update (version: 5)
[2016-04-18 03:02:37,974][DEBUG][org.elasticsearch.cluster.service] [node_t0] processing [create-index [test], cause [api]]: took 22ms done applying updated cluster_state (version: 5, uuid: 9m32ShcZS2e1lHFhalUsrQ)
[2016-04-18 03:02:37,974][INFO ][org.elasticsearch.action.admin.indices.shards] Index [17] docs async: [true] bulk: [false]
[2016-04-18 03:02:37,977][TRACE][org.elasticsearch.cluster.service] [node_t0] will process [shard-started ([test][1], node[IYrev6lzQGC11gB5Y0dy7Q], [P], v[1], s[INITIALIZING], a[id=VNtasAtySFmI1xanbVggVA], unassigned_info[[reason=INDEX_CREATED], at[2016-04-18T07:02:37.953Z]]), reason [after recovery from store]]
[2016-04-18 03:02:37,977][DEBUG][org.elasticsearch.cluster.service] [node_t0] processing [shard-started ([test][1], node[IYrev6lzQGC11gB5Y0dy7Q], [P], v[1], s[INITIALIZING], a[id=VNtasAtySFmI1xanbVggVA], unassigned_info[[reason=INDEX_CREATED], at[2016-04-18T07:02:37.953Z]]), reason [after recovery from store]]: execute
[2016-04-18 03:02:37,978][TRACE][org.elasticsearch.cluster.service] [node_t0] cluster state updated, source [shard-started ([test][1], node[IYrev6lzQGC11gB5Y0dy7Q], [P], v[1], s[INITIALIZING], a[id=VNtasAtySFmI1xanbVggVA], unassigned_info[[reason=INDEX_CREATED], at[2016-04-18T07:02:37.953Z]]), reason [after recovery from store]]
version: 6
state uuid: UYth71cxSQStrfv9yg1nxw
from_diff: false
meta data version: 4
nodes: 
   {node_t0}{gaHDZ-dGSR2V78zvSbu4mg}{local}{local[82]}[mode=>local], local, master
   {node_t1}{IYrev6lzQGC11gB5Y0dy7Q}{local}{local[84]}[mode=>local]
routing_table (version 3):
-- index [test]
----shard_id [test][0]
--------[test][0], node[gaHDZ-dGSR2V78zvSbu4mg], [P], v[1], s[INITIALIZING], a[id=BJu3YBd7QdWRUbnRc35QUg], unassigned_info[[reason=INDEX_CREATED], at[2016-04-18T07:02:37.953Z]]
--------[test][0], node[null], [R], v[1], s[UNASSIGNED], unassigned_info[[reason=INDEX_CREATED], at[2016-04-18T07:02:37.953Z]]
----shard_id [test][1]
--------[test][1], node[gaHDZ-dGSR2V78zvSbu4mg], [R], v[2], s[INITIALIZING], a[id=pdbY6eK_RnCESJXCwcFSOQ], unassigned_info[[reason=INDEX_CREATED], at[2016-04-18T07:02:37.953Z]]
--------[test][1], node[IYrev6lzQGC11gB5Y0dy7Q], [P], v[2], s[STARTED], a[id=VNtasAtySFmI1xanbVggVA]

routing_nodes:
-----node_id[gaHDZ-dGSR2V78zvSbu4mg][V]
--------[test][1], node[gaHDZ-dGSR2V78zvSbu4mg], [R], v[2], s[INITIALIZING], a[id=pdbY6eK_RnCESJXCwcFSOQ], unassigned_info[[reason=INDEX_CREATED], at[2016-04-18T07:02:37.953Z]]
--------[test][0], node[gaHDZ-dGSR2V78zvSbu4mg], [P], v[1], s[INITIALIZING], a[id=BJu3YBd7QdWRUbnRc35QUg], unassigned_info[[reason=INDEX_CREATED], at[2016-04-18T07:02:37.953Z]]
-----node_id[IYrev6lzQGC11gB5Y0dy7Q][V]
--------[test][1], node[IYrev6lzQGC11gB5Y0dy7Q], [P], v[2], s[STARTED], a[id=VNtasAtySFmI1xanbVggVA]
---- unassigned
--------[test][0], node[null], [R], v[1], s[UNASSIGNED], unassigned_info[[reason=INDEX_CREATED], at[2016-04-18T07:02:37.953Z]]

[2016-04-18 03:02:37,978][DEBUG][org.elasticsearch.cluster.service] [node_t0] publishing cluster state version [6]
[2016-04-18 03:02:37,979][TRACE][org.elasticsearch.cluster.service] [node_t1] will process [local-disco-receive(from master)]
[2016-04-18 03:02:37,979][DEBUG][org.elasticsearch.cluster.service] [node_t1] processing [local-disco-receive(from master)]: execute
[2016-04-18 03:02:37,979][TRACE][org.elasticsearch.cluster.service] [node_t1] cluster state updated, source [local-disco-receive(from master)]
version: 6
state uuid: UYth71cxSQStrfv9yg1nxw
from_diff: false
meta data version: 4
nodes: 
   {node_t0}{gaHDZ-dGSR2V78zvSbu4mg}{local}{local[82]}[mode=>local], master
   {node_t1}{IYrev6lzQGC11gB5Y0dy7Q}{local}{local[84]}[mode=>local], local
routing_table (version 3):
-- index [test]
----shard_id [test][0]
--------[test][0], node[gaHDZ-dGSR2V78zvSbu4mg], [P], v[1], s[INITIALIZING], a[id=BJu3YBd7QdWRUbnRc35QUg], unassigned_info[[reason=INDEX_CREATED], at[2016-04-18T07:02:37.953Z]]
--------[test][0], node[null], [R], v[1], s[UNASSIGNED], unassigned_info[[reason=INDEX_CREATED], at[2016-04-18T07:02:37.953Z]]
----shard_id [test][1]
--------[test][1], node[gaHDZ-dGSR2V78zvSbu4mg], [R], v[2], s[INITIALIZING], a[id=pdbY6eK_RnCESJXCwcFSOQ], unassigned_info[[reason=INDEX_CREATED], at[2016-04-18T07:02:37.953Z]]
--------[test][1], node[IYrev6lzQGC11gB5Y0dy7Q], [P], v[2], s[STARTED], a[id=VNtasAtySFmI1xanbVggVA]

routing_nodes:
-----node_id[gaHDZ-dGSR2V78zvSbu4mg][V]
--------[test][1], node[gaHDZ-dGSR2V78zvSbu4mg], [R], v[2], s[INITIALIZING], a[id=pdbY6eK_RnCESJXCwcFSOQ], unassigned_info[[reason=INDEX_CREATED], at[2016-04-18T07:02:37.953Z]]
--------[test][0], node[gaHDZ-dGSR2V78zvSbu4mg], [P], v[1], s[INITIALIZING], a[id=BJu3YBd7QdWRUbnRc35QUg], unassigned_info[[reason=INDEX_CREATED], at[2016-04-18T07:02:37.953Z]]
-----node_id[IYrev6lzQGC11gB5Y0dy7Q][V]
--------[test][1], node[IYrev6lzQGC11gB5Y0dy7Q], [P], v[2], s[STARTED], a[id=VNtasAtySFmI1xanbVggVA]
---- unassigned
--------[test][0], node[null], [R], v[1], s[UNASSIGNED], unassigned_info[[reason=INDEX_CREATED], at[2016-04-18T07:02:37.953Z]]

[2016-04-18 03:02:37,980][DEBUG][org.elasticsearch.cluster.service] [node_t1] set local cluster state to version 6
[2016-04-18 03:02:37,985][DEBUG][org.elasticsearch.cluster.service] [node_t1] processing [local-disco-receive(from master)]: took 5ms done applying updated cluster_state (version: 6, uuid: UYth71cxSQStrfv9yg1nxw)
[2016-04-18 03:02:37,985][DEBUG][org.elasticsearch.cluster.service] [node_t0] set local cluster state to version 6
[2016-04-18 03:02:37,992][DEBUG][org.elasticsearch.cluster.service] [node_t0] processing [shard-started ([test][1], node[IYrev6lzQGC11gB5Y0dy7Q], [P], v[1], s[INITIALIZING], a[id=VNtasAtySFmI1xanbVggVA], unassigned_info[[reason=INDEX_CREATED], at[2016-04-18T07:02:37.953Z]]), reason [after recovery from store]]: took 14ms done applying updated cluster_state (version: 6, uuid: UYth71cxSQStrfv9yg1nxw)
[2016-04-18 03:02:37,992][TRACE][org.elasticsearch.cluster.service] [node_t0] will process [shard-started ([test][0], node[gaHDZ-dGSR2V78zvSbu4mg], [P], v[1], s[INITIALIZING], a[id=BJu3YBd7QdWRUbnRc35QUg], unassigned_info[[reason=INDEX_CREATED], at[2016-04-18T07:02:37.953Z]]), reason [after recovery from store]]
[2016-04-18 03:02:37,992][TRACE][org.elasticsearch.cluster.service] [node_t0] will process [shard-started ([test][0], node[gaHDZ-dGSR2V78zvSbu4mg], [P], v[1], s[INITIALIZING], a[id=BJu3YBd7QdWRUbnRc35QUg], unassigned_info[[reason=INDEX_CREATED], at[2016-04-18T07:02:37.953Z]]), reason [master {node_t0}{gaHDZ-dGSR2V78zvSbu4mg}{local}{local[82]}[mode=>local] marked shard as initializing, but shard state is [POST_RECOVERY], mark shard as started]]
[2016-04-18 03:02:37,993][DEBUG][org.elasticsearch.cluster.service] [node_t0] processing [shard-started ([test][0], node[gaHDZ-dGSR2V78zvSbu4mg], [P], v[1], s[INITIALIZING], a[id=BJu3YBd7QdWRUbnRc35QUg], unassigned_info[[reason=INDEX_CREATED], at[2016-04-18T07:02:37.953Z]]), reason [after recovery from store],shard-started ([test][0], node[gaHDZ-dGSR2V78zvSbu4mg], [P], v[1], s[INITIALIZING], a[id=BJu3YBd7QdWRUbnRc35QUg], unassigned_info[[reason=INDEX_CREATED], at[2016-04-18T07:02:37.953Z]]), reason [master {node_t0}{gaHDZ-dGSR2V78zvSbu4mg}{local}{local[82]}[mode=>local] marked shard as initializing, but shard state is [POST_RECOVERY], mark shard as started]]: execute
[2016-04-18 03:02:37,993][TRACE][org.elasticsearch.cluster.service] [node_t0] cluster state updated, source [shard-started ([test][0], node[gaHDZ-dGSR2V78zvSbu4mg], [P], v[1], s[INITIALIZING], a[id=BJu3YBd7QdWRUbnRc35QUg], unassigned_info[[reason=INDEX_CREATED], at[2016-04-18T07:02:37.953Z]]), reason [after recovery from store],shard-started ([test][0], node[gaHDZ-dGSR2V78zvSbu4mg], [P], v[1], s[INITIALIZING], a[id=BJu3YBd7QdWRUbnRc35QUg], unassigned_info[[reason=INDEX_CREATED], at[2016-04-18T07:02:37.953Z]]), reason [master {node_t0}{gaHDZ-dGSR2V78zvSbu4mg}{local}{local[82]}[mode=>local] marked shard as initializing, but shard state is [POST_RECOVERY], mark shard as started]]
version: 7
state uuid: cHPAkOdmTuyozdRxexxQ8g
from_diff: false
meta data version: 5
nodes: 
   {node_t0}{gaHDZ-dGSR2V78zvSbu4mg}{local}{local[82]}[mode=>local], local, master
   {node_t1}{IYrev6lzQGC11gB5Y0dy7Q}{local}{local[84]}[mode=>local]
routing_table (version 4):
-- index [test]
----shard_id [test][0]
--------[test][0], node[gaHDZ-dGSR2V78zvSbu4mg], [P], v[2], s[STARTED], a[id=BJu3YBd7QdWRUbnRc35QUg]
--------[test][0], node[IYrev6lzQGC11gB5Y0dy7Q], [R], v[2], s[INITIALIZING], a[id=wLhudhlUQoqrJAUZ2BA6MA], unassigned_info[[reason=INDEX_CREATED], at[2016-04-18T07:02:37.953Z]]
----shard_id [test][1]
--------[test][1], node[gaHDZ-dGSR2V78zvSbu4mg], [R], v[2], s[INITIALIZING], a[id=pdbY6eK_RnCESJXCwcFSOQ], unassigned_info[[reason=INDEX_CREATED], at[2016-04-18T07:02:37.953Z]]
--------[test][1], node[IYrev6lzQGC11gB5Y0dy7Q], [P], v[2], s[STARTED], a[id=VNtasAtySFmI1xanbVggVA]

routing_nodes:
-----node_id[gaHDZ-dGSR2V78zvSbu4mg][V]
--------[test][1], node[gaHDZ-dGSR2V78zvSbu4mg], [R], v[2], s[INITIALIZING], a[id=pdbY6eK_RnCESJXCwcFSOQ], unassigned_info[[reason=INDEX_CREATED], at[2016-04-18T07:02:37.953Z]]
--------[test][0], node[gaHDZ-dGSR2V78zvSbu4mg], [P], v[2], s[STARTED], a[id=BJu3YBd7QdWRUbnRc35QUg]
-----node_id[IYrev6lzQGC11gB5Y0dy7Q][V]
--------[test][1], node[IYrev6lzQGC11gB5Y0dy7Q], [P], v[2], s[STARTED], a[id=VNtasAtySFmI1xanbVggVA]
--------[test][0], node[IYrev6lzQGC11gB5Y0dy7Q], [R], v[2], s[INITIALIZING], a[id=wLhudhlUQoqrJAUZ2BA6MA], unassigned_info[[reason=INDEX_CREATED], at[2016-04-18T07:02:37.953Z]]
---- unassigned

[2016-04-18 03:02:37,994][DEBUG][org.elasticsearch.cluster.service] [node_t0] publishing cluster state version [7]
[2016-04-18 03:02:37,994][TRACE][org.elasticsearch.cluster.service] [node_t1] will process [local-disco-receive(from master)]
[2016-04-18 03:02:37,996][DEBUG][org.elasticsearch.cluster.service] [node_t1] processing [local-disco-receive(from master)]: execute
[2016-04-18 03:02:37,996][TRACE][org.elasticsearch.cluster.service] [node_t1] cluster state updated, source [local-disco-receive(from master)]
version: 7
state uuid: cHPAkOdmTuyozdRxexxQ8g
from_diff: false
meta data version: 5
nodes: 
   {node_t0}{gaHDZ-dGSR2V78zvSbu4mg}{local}{local[82]}[mode=>local], master
   {node_t1}{IYrev6lzQGC11gB5Y0dy7Q}{local}{local[84]}[mode=>local], local
routing_table (version 4):
-- index [test]
----shard_id [test][0]
--------[test][0], node[gaHDZ-dGSR2V78zvSbu4mg], [P], v[2], s[STARTED], a[id=BJu3YBd7QdWRUbnRc35QUg]
--------[test][0], node[IYrev6lzQGC11gB5Y0dy7Q], [R], v[2], s[INITIALIZING], a[id=wLhudhlUQoqrJAUZ2BA6MA], unassigned_info[[reason=INDEX_CREATED], at[2016-04-18T07:02:37.953Z]]
----shard_id [test][1]
--------[test][1], node[gaHDZ-dGSR2V78zvSbu4mg], [R], v[2], s[INITIALIZING], a[id=pdbY6eK_RnCESJXCwcFSOQ], unassigned_info[[reason=INDEX_CREATED], at[2016-04-18T07:02:37.953Z]]
--------[test][1], node[IYrev6lzQGC11gB5Y0dy7Q], [P], v[2], s[STARTED], a[id=VNtasAtySFmI1xanbVggVA]

routing_nodes:
-----node_id[gaHDZ-dGSR2V78zvSbu4mg][V]
--------[test][1], node[gaHDZ-dGSR2V78zvSbu4mg], [R], v[2], s[INITIALIZING], a[id=pdbY6eK_RnCESJXCwcFSOQ], unassigned_info[[reason=INDEX_CREATED], at[2016-04-18T07:02:37.953Z]]
--------[test][0], node[gaHDZ-dGSR2V78zvSbu4mg], [P], v[2], s[STARTED], a[id=BJu3YBd7QdWRUbnRc35QUg]
-----node_id[IYrev6lzQGC11gB5Y0dy7Q][V]
--------[test][1], node[IYrev6lzQGC11gB5Y0dy7Q], [P], v[2], s[STARTED], a[id=VNtasAtySFmI1xanbVggVA]
--------[test][0], node[IYrev6lzQGC11gB5Y0dy7Q], [R], v[2], s[INITIALIZING], a[id=wLhudhlUQoqrJAUZ2BA6MA], unassigned_info[[reason=INDEX_CREATED], at[2016-04-18T07:02:37.953Z]]
---- unassigned

[2016-04-18 03:02:37,996][DEBUG][org.elasticsearch.cluster.service] [node_t1] set local cluster state to version 7
[2016-04-18 03:02:38,003][DEBUG][org.elasticsearch.cluster.service] [node_t1] processing [local-disco-receive(from master)]: took 7ms done applying updated cluster_state (version: 7, uuid: cHPAkOdmTuyozdRxexxQ8g)
[2016-04-18 03:02:38,003][DEBUG][org.elasticsearch.cluster.service] [node_t0] set local cluster state to version 7
[2016-04-18 03:02:38,008][DEBUG][org.elasticsearch.cluster.service] [node_t0] processing [shard-started ([test][0], node[gaHDZ-dGSR2V78zvSbu4mg], [P], v[1], s[INITIALIZING], a[id=BJu3YBd7QdWRUbnRc35QUg], unassigned_info[[reason=INDEX_CREATED], at[2016-04-18T07:02:37.953Z]]), reason [after recovery from store],shard-started ([test][0], node[gaHDZ-dGSR2V78zvSbu4mg], [P], v[1], s[INITIALIZING], a[id=BJu3YBd7QdWRUbnRc35QUg], unassigned_info[[reason=INDEX_CREATED], at[2016-04-18T07:02:37.953Z]]), reason [master {node_t0}{gaHDZ-dGSR2V78zvSbu4mg}{local}{local[82]}[mode=>local] marked shard as initializing, but shard state is [POST_RECOVERY], mark shard as started]]: took 15ms done applying updated cluster_state (version: 7, uuid: cHPAkOdmTuyozdRxexxQ8g)
[2016-04-18 03:02:38,008][TRACE][org.elasticsearch.cluster.service] [node_t0] will process [put-mapping [RANDOM_BOGUS_TYPE______]]
[2016-04-18 03:02:38,008][TRACE][org.elasticsearch.cluster.service] [node_t0] will process [put-mapping [type]]
[2016-04-18 03:02:38,008][DEBUG][org.elasticsearch.cluster.service] [node_t0] processing [put-mapping [RANDOM_BOGUS_TYPE______],put-mapping [type]]: execute
[2016-04-18 03:02:38,012][TRACE][org.elasticsearch.cluster.service] expecting 2 acknowledgements for cluster_state update (version: 8)
[2016-04-18 03:02:38,012][TRACE][org.elasticsearch.cluster.service] expecting 2 acknowledgements for cluster_state update (version: 8)
[2016-04-18 03:02:38,012][TRACE][org.elasticsearch.cluster.service] [node_t0] cluster state updated, source [put-mapping [RANDOM_BOGUS_TYPE______],put-mapping [type]]
version: 8
state uuid: dUeNC6YpTKGe-QFLfpJeFA
from_diff: false
meta data version: 6
nodes: 
   {node_t0}{gaHDZ-dGSR2V78zvSbu4mg}{local}{local[82]}[mode=>local], local, master
   {node_t1}{IYrev6lzQGC11gB5Y0dy7Q}{local}{local[84]}[mode=>local]
routing_table (version 4):
-- index [test]
----shard_id [test][0]
--------[test][0], node[gaHDZ-dGSR2V78zvSbu4mg], [P], v[2], s[STARTED], a[id=BJu3YBd7QdWRUbnRc35QUg]
--------[test][0], node[IYrev6lzQGC11gB5Y0dy7Q], [R], v[2], s[INITIALIZING], a[id=wLhudhlUQoqrJAUZ2BA6MA], unassigned_info[[reason=INDEX_CREATED], at[2016-04-18T07:02:37.953Z]]
----shard_id [test][1]
--------[test][1], node[gaHDZ-dGSR2V78zvSbu4mg], [R], v[2], s[INITIALIZING], a[id=pdbY6eK_RnCESJXCwcFSOQ], unassigned_info[[reason=INDEX_CREATED], at[2016-04-18T07:02:37.953Z]]
--------[test][1], node[IYrev6lzQGC11gB5Y0dy7Q], [P], v[2], s[STARTED], a[id=VNtasAtySFmI1xanbVggVA]

routing_nodes:
-----node_id[gaHDZ-dGSR2V78zvSbu4mg][V]
--------[test][1], node[gaHDZ-dGSR2V78zvSbu4mg], [R], v[2], s[INITIALIZING], a[id=pdbY6eK_RnCESJXCwcFSOQ], unassigned_info[[reason=INDEX_CREATED], at[2016-04-18T07:02:37.953Z]]
--------[test][0], node[gaHDZ-dGSR2V78zvSbu4mg], [P], v[2], s[STARTED], a[id=BJu3YBd7QdWRUbnRc35QUg]
-----node_id[IYrev6lzQGC11gB5Y0dy7Q][V]
--------[test][1], node[IYrev6lzQGC11gB5Y0dy7Q], [P], v[2], s[STARTED], a[id=VNtasAtySFmI1xanbVggVA]
--------[test][0], node[IYrev6lzQGC11gB5Y0dy7Q], [R], v[2], s[INITIALIZING], a[id=wLhudhlUQoqrJAUZ2BA6MA], unassigned_info[[reason=INDEX_CREATED], at[2016-04-18T07:02:37.953Z]]
---- unassigned

[2016-04-18 03:02:38,012][DEBUG][org.elasticsearch.cluster.service] [node_t0] publishing cluster state version [8]
[2016-04-18 03:02:38,013][TRACE][org.elasticsearch.cluster.service] [node_t1] will process [local-disco-receive(from master)]
[2016-04-18 03:02:38,014][DEBUG][org.elasticsearch.cluster.service] [node_t1] processing [local-disco-receive(from master)]: execute
[2016-04-18 03:02:38,014][TRACE][org.elasticsearch.cluster.service] [node_t1] cluster state updated, source [local-disco-receive(from master)]
version: 8
state uuid: dUeNC6YpTKGe-QFLfpJeFA
from_diff: false
meta data version: 6
nodes: 
   {node_t0}{gaHDZ-dGSR2V78zvSbu4mg}{local}{local[82]}[mode=>local], master
   {node_t1}{IYrev6lzQGC11gB5Y0dy7Q}{local}{local[84]}[mode=>local], local
routing_table (version 4):
-- index [test]
----shard_id [test][0]
--------[test][0], node[gaHDZ-dGSR2V78zvSbu4mg], [P], v[2], s[STARTED], a[id=BJu3YBd7QdWRUbnRc35QUg]
--------[test][0], node[IYrev6lzQGC11gB5Y0dy7Q], [R], v[2], s[INITIALIZING], a[id=wLhudhlUQoqrJAUZ2BA6MA], unassigned_info[[reason=INDEX_CREATED], at[2016-04-18T07:02:37.953Z]]
----shard_id [test][1]
--------[test][1], node[gaHDZ-dGSR2V78zvSbu4mg], [R], v[2], s[INITIALIZING], a[id=pdbY6eK_RnCESJXCwcFSOQ], unassigned_info[[reason=INDEX_CREATED], at[2016-04-18T07:02:37.953Z]]
--------[test][1], node[IYrev6lzQGC11gB5Y0dy7Q], [P], v[2], s[STARTED], a[id=VNtasAtySFmI1xanbVggVA]

routing_nodes:
-----node_id[gaHDZ-dGSR2V78zvSbu4mg][V]
--------[test][1], node[gaHDZ-dGSR2V78zvSbu4mg], [R], v[2], s[INITIALIZING], a[id=pdbY6eK_RnCESJXCwcFSOQ], unassigned_info[[reason=INDEX_CREATED], at[2016-04-18T07:02:37.953Z]]
--------[test][0], node[gaHDZ-dGSR2V78zvSbu4mg], [P], v[2], s[STARTED], a[id=BJu3YBd7QdWRUbnRc35QUg]
-----node_id[IYrev6lzQGC11gB5Y0dy7Q][V]
--------[test][1], node[IYrev6lzQGC11gB5Y0dy7Q], [P], v[2], s[STARTED], a[id=VNtasAtySFmI1xanbVggVA]
--------[test][0], node[IYrev6lzQGC11gB5Y0dy7Q], [R], v[2], s[INITIALIZING], a[id=wLhudhlUQoqrJAUZ2BA6MA], unassigned_info[[reason=INDEX_CREATED], at[2016-04-18T07:02:37.953Z]]
---- unassigned

[2016-04-18 03:02:38,014][DEBUG][org.elasticsearch.cluster.service] [node_t1] set local cluster state to version 8
[2016-04-18 03:02:38,019][TRACE][org.elasticsearch.cluster.service] ack received from node [{node_t1}{IYrev6lzQGC11gB5Y0dy7Q}{local}{local[84]}[mode=>local]], cluster_state update (version: 8)
[2016-04-18 03:02:38,020][TRACE][org.elasticsearch.cluster.service] ack received from node [{node_t1}{IYrev6lzQGC11gB5Y0dy7Q}{local}{local[84]}[mode=>local]], cluster_state update (version: 8)
[2016-04-18 03:02:38,020][DEBUG][org.elasticsearch.cluster.service] [node_t1] processing [local-disco-receive(from master)]: took 5ms done applying updated cluster_state (version: 8, uuid: dUeNC6YpTKGe-QFLfpJeFA)
[2016-04-18 03:02:38,020][DEBUG][org.elasticsearch.cluster.service] [node_t0] set local cluster state to version 8
[2016-04-18 03:02:38,027][TRACE][org.elasticsearch.cluster.service] ack received from node [{node_t0}{gaHDZ-dGSR2V78zvSbu4mg}{local}{local[82]}[mode=>local]], cluster_state update (version: 8)
[2016-04-18 03:02:38,027][TRACE][org.elasticsearch.cluster.service] all expected nodes acknowledged cluster_state update (version: 8)
[2016-04-18 03:02:38,027][TRACE][org.elasticsearch.cluster.service] ack received from node [{node_t0}{gaHDZ-dGSR2V78zvSbu4mg}{local}{local[82]}[mode=>local]], cluster_state update (version: 8)
[2016-04-18 03:02:38,027][TRACE][org.elasticsearch.cluster.service] all expected nodes acknowledged cluster_state update (version: 8)
[2016-04-18 03:02:38,027][DEBUG][org.elasticsearch.cluster.service] [node_t0] processing [put-mapping [RANDOM_BOGUS_TYPE______],put-mapping [type]]: took 19ms done applying updated cluster_state (version: 8, uuid: dUeNC6YpTKGe-QFLfpJeFA)
[2016-04-18 03:02:38,145][TRACE][org.elasticsearch.cluster.service] [node_t0] will process [shard-started ([test][0], node[IYrev6lzQGC11gB5Y0dy7Q], [R], v[2], s[INITIALIZING], a[id=wLhudhlUQoqrJAUZ2BA6MA], unassigned_info[[reason=INDEX_CREATED], at[2016-04-18T07:02:37.953Z]]), reason [after recovery (replica) from node [{node_t0}{gaHDZ-dGSR2V78zvSbu4mg}{local}{local[82]}[mode=>local]]]]
[2016-04-18 03:02:38,146][DEBUG][org.elasticsearch.cluster.service] [node_t0] processing [shard-started ([test][0], node[IYrev6lzQGC11gB5Y0dy7Q], [R], v[2], s[INITIALIZING], a[id=wLhudhlUQoqrJAUZ2BA6MA], unassigned_info[[reason=INDEX_CREATED], at[2016-04-18T07:02:37.953Z]]), reason [after recovery (replica) from node [{node_t0}{gaHDZ-dGSR2V78zvSbu4mg}{local}{local[82]}[mode=>local]]]]: execute
[2016-04-18 03:02:38,146][TRACE][org.elasticsearch.cluster.service] [node_t0] cluster state updated, source [shard-started ([test][0], node[IYrev6lzQGC11gB5Y0dy7Q], [R], v[2], s[INITIALIZING], a[id=wLhudhlUQoqrJAUZ2BA6MA], unassigned_info[[reason=INDEX_CREATED], at[2016-04-18T07:02:37.953Z]]), reason [after recovery (replica) from node [{node_t0}{gaHDZ-dGSR2V78zvSbu4mg}{local}{local[82]}[mode=>local]]]]
version: 9
state uuid: YK0Dgtp5TQmejHL6nRR33g
from_diff: false
meta data version: 7
nodes: 
   {node_t0}{gaHDZ-dGSR2V78zvSbu4mg}{local}{local[82]}[mode=>local], local, master
   {node_t1}{IYrev6lzQGC11gB5Y0dy7Q}{local}{local[84]}[mode=>local]
routing_table (version 5):
-- index [test]
----shard_id [test][0]
--------[test][0], node[gaHDZ-dGSR2V78zvSbu4mg], [P], v[3], s[STARTED], a[id=BJu3YBd7QdWRUbnRc35QUg]
--------[test][0], node[IYrev6lzQGC11gB5Y0dy7Q], [R], v[3], s[STARTED], a[id=wLhudhlUQoqrJAUZ2BA6MA]
----shard_id [test][1]
--------[test][1], node[gaHDZ-dGSR2V78zvSbu4mg], [R], v[2], s[INITIALIZING], a[id=pdbY6eK_RnCESJXCwcFSOQ], unassigned_info[[reason=INDEX_CREATED], at[2016-04-18T07:02:37.953Z]]
--------[test][1], node[IYrev6lzQGC11gB5Y0dy7Q], [P], v[2], s[STARTED], a[id=VNtasAtySFmI1xanbVggVA]

routing_nodes:
-----node_id[gaHDZ-dGSR2V78zvSbu4mg][V]
--------[test][1], node[gaHDZ-dGSR2V78zvSbu4mg], [R], v[2], s[INITIALIZING], a[id=pdbY6eK_RnCESJXCwcFSOQ], unassigned_info[[reason=INDEX_CREATED], at[2016-04-18T07:02:37.953Z]]
--------[test][0], node[gaHDZ-dGSR2V78zvSbu4mg], [P], v[3], s[STARTED], a[id=BJu3YBd7QdWRUbnRc35QUg]
-----node_id[IYrev6lzQGC11gB5Y0dy7Q][V]
--------[test][1], node[IYrev6lzQGC11gB5Y0dy7Q], [P], v[2], s[STARTED], a[id=VNtasAtySFmI1xanbVggVA]
--------[test][0], node[IYrev6lzQGC11gB5Y0dy7Q], [R], v[3], s[STARTED], a[id=wLhudhlUQoqrJAUZ2BA6MA]
---- unassigned

[2016-04-18 03:02:38,146][DEBUG][org.elasticsearch.cluster.service] [node_t0] publishing cluster state version [9]
[2016-04-18 03:02:38,147][TRACE][org.elasticsearch.cluster.service] [node_t1] will process [local-disco-receive(from master)]
[2016-04-18 03:02:38,147][DEBUG][org.elasticsearch.cluster.service] [node_t1] processing [local-disco-receive(from master)]: execute
[2016-04-18 03:02:38,148][TRACE][org.elasticsearch.cluster.service] [node_t1] cluster state updated, source [local-disco-receive(from master)]
version: 9
state uuid: YK0Dgtp5TQmejHL6nRR33g
from_diff: false
meta data version: 7
nodes: 
   {node_t0}{gaHDZ-dGSR2V78zvSbu4mg}{local}{local[82]}[mode=>local], master
   {node_t1}{IYrev6lzQGC11gB5Y0dy7Q}{local}{local[84]}[mode=>local], local
routing_table (version 5):
-- index [test]
----shard_id [test][0]
--------[test][0], node[gaHDZ-dGSR2V78zvSbu4mg], [P], v[3], s[STARTED], a[id=BJu3YBd7QdWRUbnRc35QUg]
--------[test][0], node[IYrev6lzQGC11gB5Y0dy7Q], [R], v[3], s[STARTED], a[id=wLhudhlUQoqrJAUZ2BA6MA]
----shard_id [test][1]
--------[test][1], node[gaHDZ-dGSR2V78zvSbu4mg], [R], v[2], s[INITIALIZING], a[id=pdbY6eK_RnCESJXCwcFSOQ], unassigned_info[[reason=INDEX_CREATED], at[2016-04-18T07:02:37.953Z]]
--------[test][1], node[IYrev6lzQGC11gB5Y0dy7Q], [P], v[2], s[STARTED], a[id=VNtasAtySFmI1xanbVggVA]

routing_nodes:
-----node_id[gaHDZ-dGSR2V78zvSbu4mg][V]
--------[test][1], node[gaHDZ-dGSR2V78zvSbu4mg], [R], v[2], s[INITIALIZING], a[id=pdbY6eK_RnCESJXCwcFSOQ], unassigned_info[[reason=INDEX_CREATED], at[2016-04-18T07:02:37.953Z]]
--------[test][0], node[gaHDZ-dGSR2V78zvSbu4mg], [P], v[3], s[STARTED], a[id=BJu3YBd7QdWRUbnRc35QUg]
-----node_id[IYrev6lzQGC11gB5Y0dy7Q][V]
--------[test][1], node[IYrev6lzQGC11gB5Y0dy7Q], [P], v[2], s[STARTED], a[id=VNtasAtySFmI1xanbVggVA]
--------[test][0], node[IYrev6lzQGC11gB5Y0dy7Q], [R], v[3], s[STARTED], a[id=wLhudhlUQoqrJAUZ2BA6MA]
---- unassigned

[2016-04-18 03:02:38,148][DEBUG][org.elasticsearch.cluster.service] [node_t1] set local cluster state to version 9
[2016-04-18 03:02:38,152][DEBUG][org.elasticsearch.cluster.service] [node_t1] processing [local-disco-receive(from master)]: took 4ms done applying updated cluster_state (version: 9, uuid: YK0Dgtp5TQmejHL6nRR33g)
[2016-04-18 03:02:38,152][DEBUG][org.elasticsearch.cluster.service] [node_t0] set local cluster state to version 9
[2016-04-18 03:02:38,156][DEBUG][org.elasticsearch.cluster.service] [node_t0] processing [shard-started ([test][0], node[IYrev6lzQGC11gB5Y0dy7Q], [R], v[2], s[INITIALIZING], a[id=wLhudhlUQoqrJAUZ2BA6MA], unassigned_info[[reason=INDEX_CREATED], at[2016-04-18T07:02:37.953Z]]), reason [after recovery (replica) from node [{node_t0}{gaHDZ-dGSR2V78zvSbu4mg}{local}{local[82]}[mode=>local]]]]: took 10ms done applying updated cluster_state (version: 9, uuid: YK0Dgtp5TQmejHL6nRR33g)
[2016-04-18 03:02:38,157][TRACE][org.elasticsearch.cluster.service] [node_t0] will process [shard-started ([test][1], node[gaHDZ-dGSR2V78zvSbu4mg], [R], v[2], s[INITIALIZING], a[id=pdbY6eK_RnCESJXCwcFSOQ], unassigned_info[[reason=INDEX_CREATED], at[2016-04-18T07:02:37.953Z]]), reason [after recovery (replica) from node [{node_t1}{IYrev6lzQGC11gB5Y0dy7Q}{local}{local[84]}[mode=>local]]]]
[2016-04-18 03:02:38,157][TRACE][org.elasticsearch.cluster.service] [node_t0] will process [shard-started ([test][1], node[gaHDZ-dGSR2V78zvSbu4mg], [R], v[2], s[INITIALIZING], a[id=pdbY6eK_RnCESJXCwcFSOQ], unassigned_info[[reason=INDEX_CREATED], at[2016-04-18T07:02:37.953Z]]), reason [master {node_t0}{gaHDZ-dGSR2V78zvSbu4mg}{local}{local[82]}[mode=>local] marked shard as initializing, but shard state is [POST_RECOVERY], mark shard as started]]
[2016-04-18 03:02:38,157][DEBUG][org.elasticsearch.cluster.service] [node_t0] processing [shard-started ([test][1], node[gaHDZ-dGSR2V78zvSbu4mg], [R], v[2], s[INITIALIZING], a[id=pdbY6eK_RnCESJXCwcFSOQ], unassigned_info[[reason=INDEX_CREATED], at[2016-04-18T07:02:37.953Z]]), reason [after recovery (replica) from node [{node_t1}{IYrev6lzQGC11gB5Y0dy7Q}{local}{local[84]}[mode=>local]]],shard-started ([test][1], node[gaHDZ-dGSR2V78zvSbu4mg], [R], v[2], s[INITIALIZING], a[id=pdbY6eK_RnCESJXCwcFSOQ], unassigned_info[[reason=INDEX_CREATED], at[2016-04-18T07:02:37.953Z]]), reason [master {node_t0}{gaHDZ-dGSR2V78zvSbu4mg}{local}{local[82]}[mode=>local] marked shard as initializing, but shard state is [POST_RECOVERY], mark shard as started]]: execute
[2016-04-18 03:02:38,157][TRACE][org.elasticsearch.cluster.service] [node_t0] cluster state updated, source [shard-started ([test][1], node[gaHDZ-dGSR2V78zvSbu4mg], [R], v[2], s[INITIALIZING], a[id=pdbY6eK_RnCESJXCwcFSOQ], unassigned_info[[reason=INDEX_CREATED], at[2016-04-18T07:02:37.953Z]]), reason [after recovery (replica) from node [{node_t1}{IYrev6lzQGC11gB5Y0dy7Q}{local}{local[84]}[mode=>local]]],shard-started ([test][1], node[gaHDZ-dGSR2V78zvSbu4mg], [R], v[2], s[INITIALIZING], a[id=pdbY6eK_RnCESJXCwcFSOQ], unassigned_info[[reason=INDEX_CREATED], at[2016-04-18T07:02:37.953Z]]), reason [master {node_t0}{gaHDZ-dGSR2V78zvSbu4mg}{local}{local[82]}[mode=>local] marked shard as initializing, but shard state is [POST_RECOVERY], mark shard as started]]
version: 10
state uuid: lCx7NdOtRG2mNiayM2dTSw
from_diff: false
meta data version: 8
nodes: 
   {node_t0}{gaHDZ-dGSR2V78zvSbu4mg}{local}{local[82]}[mode=>local], local, master
   {node_t1}{IYrev6lzQGC11gB5Y0dy7Q}{local}{local[84]}[mode=>local]
routing_table (version 6):
-- index [test]
----shard_id [test][0]
--------[test][0], node[gaHDZ-dGSR2V78zvSbu4mg], [P], v[3], s[STARTED], a[id=BJu3YBd7QdWRUbnRc35QUg]
--------[test][0], node[IYrev6lzQGC11gB5Y0dy7Q], [R], v[3], s[STARTED], a[id=wLhudhlUQoqrJAUZ2BA6MA]
----shard_id [test][1]
--------[test][1], node[gaHDZ-dGSR2V78zvSbu4mg], [R], v[3], s[STARTED], a[id=pdbY6eK_RnCESJXCwcFSOQ]
--------[test][1], node[IYrev6lzQGC11gB5Y0dy7Q], [P], v[3], s[STARTED], a[id=VNtasAtySFmI1xanbVggVA]

routing_nodes:
-----node_id[gaHDZ-dGSR2V78zvSbu4mg][V]
--------[test][1], node[gaHDZ-dGSR2V78zvSbu4mg], [R], v[3], s[STARTED], a[id=pdbY6eK_RnCESJXCwcFSOQ]
--------[test][0], node[gaHDZ-dGSR2V78zvSbu4mg], [P], v[3], s[STARTED], a[id=BJu3YBd7QdWRUbnRc35QUg]
-----node_id[IYrev6lzQGC11gB5Y0dy7Q][V]
--------[test][1], node[IYrev6lzQGC11gB5Y0dy7Q], [P], v[3], s[STARTED], a[id=VNtasAtySFmI1xanbVggVA]
--------[test][0], node[IYrev6lzQGC11gB5Y0dy7Q], [R], v[3], s[STARTED], a[id=wLhudhlUQoqrJAUZ2BA6MA]
---- unassigned

[2016-04-18 03:02:38,158][DEBUG][org.elasticsearch.cluster.service] [node_t0] publishing cluster state version [10]
[2016-04-18 03:02:38,158][TRACE][org.elasticsearch.cluster.service] [node_t1] will process [local-disco-receive(from master)]
[2016-04-18 03:02:38,159][DEBUG][org.elasticsearch.cluster.service] [node_t1] processing [local-disco-receive(from master)]: execute
[2016-04-18 03:02:38,159][TRACE][org.elasticsearch.cluster.service] [node_t1] cluster state updated, source [local-disco-receive(from master)]
version: 10
state uuid: lCx7NdOtRG2mNiayM2dTSw
from_diff: false
meta data version: 8
nodes: 
   {node_t0}{gaHDZ-dGSR2V78zvSbu4mg}{local}{local[82]}[mode=>local], master
   {node_t1}{IYrev6lzQGC11gB5Y0dy7Q}{local}{local[84]}[mode=>local], local
routing_table (version 6):
-- index [test]
----shard_id [test][0]
--------[test][0], node[gaHDZ-dGSR2V78zvSbu4mg], [P], v[3], s[STARTED], a[id=BJu3YBd7QdWRUbnRc35QUg]
--------[test][0], node[IYrev6lzQGC11gB5Y0dy7Q], [R], v[3], s[STARTED], a[id=wLhudhlUQoqrJAUZ2BA6MA]
----shard_id [test][1]
--------[test][1], node[gaHDZ-dGSR2V78zvSbu4mg], [R], v[3], s[STARTED], a[id=pdbY6eK_RnCESJXCwcFSOQ]
--------[test][1], node[IYrev6lzQGC11gB5Y0dy7Q], [P], v[3], s[STARTED], a[id=VNtasAtySFmI1xanbVggVA]

routing_nodes:
-----node_id[gaHDZ-dGSR2V78zvSbu4mg][V]
--------[test][1], node[gaHDZ-dGSR2V78zvSbu4mg], [R], v[3], s[STARTED], a[id=pdbY6eK_RnCESJXCwcFSOQ]
--------[test][0], node[gaHDZ-dGSR2V78zvSbu4mg], [P], v[3], s[STARTED], a[id=BJu3YBd7QdWRUbnRc35QUg]
-----node_id[IYrev6lzQGC11gB5Y0dy7Q][V]
--------[test][1], node[IYrev6lzQGC11gB5Y0dy7Q], [P], v[3], s[STARTED], a[id=VNtasAtySFmI1xanbVggVA]
--------[test][0], node[IYrev6lzQGC11gB5Y0dy7Q], [R], v[3], s[STARTED], a[id=wLhudhlUQoqrJAUZ2BA6MA]
---- unassigned

[2016-04-18 03:02:38,159][DEBUG][org.elasticsearch.cluster.service] [node_t1] set local cluster state to version 10
[2016-04-18 03:02:38,163][DEBUG][org.elasticsearch.cluster.service] [node_t1] processing [local-disco-receive(from master)]: took 4ms done applying updated cluster_state (version: 10, uuid: lCx7NdOtRG2mNiayM2dTSw)
[2016-04-18 03:02:38,163][DEBUG][org.elasticsearch.cluster.service] [node_t0] set local cluster state to version 10
[2016-04-18 03:02:38,166][DEBUG][org.elasticsearch.cluster.service] [node_t0] processing [shard-started ([test][1], node[gaHDZ-dGSR2V78zvSbu4mg], [R], v[2], s[INITIALIZING], a[id=pdbY6eK_RnCESJXCwcFSOQ], unassigned_info[[reason=INDEX_CREATED], at[2016-04-18T07:02:37.953Z]]), reason [after recovery (replica) from node [{node_t1}{IYrev6lzQGC11gB5Y0dy7Q}{local}{local[84]}[mode=>local]]],shard-started ([test][1], node[gaHDZ-dGSR2V78zvSbu4mg], [R], v[2], s[INITIALIZING], a[id=pdbY6eK_RnCESJXCwcFSOQ], unassigned_info[[reason=INDEX_CREATED], at[2016-04-18T07:02:37.953Z]]), reason [master {node_t0}{gaHDZ-dGSR2V78zvSbu4mg}{local}{local[82]}[mode=>local] marked shard as initializing, but shard state is [POST_RECOVERY], mark shard as started]]: took 9ms done applying updated cluster_state (version: 10, uuid: lCx7NdOtRG2mNiayM2dTSw)
[2016-04-18 03:02:38,166][TRACE][org.elasticsearch.cluster.service] [node_t0] will process [cluster_health (wait_for_events [LANGUID])]
[2016-04-18 03:02:38,166][DEBUG][org.elasticsearch.cluster.service] [node_t0] processing [cluster_health (wait_for_events [LANGUID])]: execute
[2016-04-18 03:02:38,166][DEBUG][org.elasticsearch.cluster.service] [node_t0] processing [cluster_health (wait_for_events [LANGUID])]: took 0s no change in cluster_state
[2016-04-18 03:02:38,166][DEBUG][org.elasticsearch.action.admin.indices.shards] indices [test] are green
[2016-04-18 03:02:38,167][TRACE][org.elasticsearch.action.admin.indices.shards] [node_t0] using cluster state version [10] to determine shards
[2016-04-18 03:02:38,170][TRACE][org.elasticsearch.action.admin.indices.shards] [node_t0] using cluster state version [10] to determine shards
[2016-04-18 03:02:38,172][TRACE][org.elasticsearch.action.admin.indices.shards] [node_t0] [test][0] fetching [shard_stores] from [gaHDZ-dGSR2V78zvSbu4mg, IYrev6lzQGC11gB5Y0dy7Q]
[2016-04-18 03:02:38,172][TRACE][org.elasticsearch.action.admin.indices.shards] [node_t0] [test][1] fetching [shard_stores] from [IYrev6lzQGC11gB5Y0dy7Q, gaHDZ-dGSR2V78zvSbu4mg]
[2016-04-18 03:02:38,178][TRACE][org.elasticsearch.cluster.service] [node_t0] will process [cluster_health (wait_for_events [LANGUID])]
[2016-04-18 03:02:38,179][DEBUG][org.elasticsearch.cluster.service] [node_t0] processing [cluster_health (wait_for_events [LANGUID])]: execute
[2016-04-18 03:02:38,179][DEBUG][org.elasticsearch.cluster.service] [node_t0] processing [cluster_health (wait_for_events [LANGUID])]: took 0s no change in cluster_state
[2016-04-18 03:02:38,180][DEBUG][org.elasticsearch.action.admin.indices.shards] indices [test] are green
[2016-04-18 03:02:38,180][INFO ][org.elasticsearch.action.admin.indices.shards] --> disable allocation
[2016-04-18 03:02:38,180][TRACE][org.elasticsearch.cluster.service] [node_t0] will process [update-settings]
[2016-04-18 03:02:38,180][DEBUG][org.elasticsearch.cluster.service] [node_t0] processing [update-settings]: execute
[2016-04-18 03:02:38,181][TRACE][org.elasticsearch.cluster.service] expecting 2 acknowledgements for cluster_state update (version: 11)
[2016-04-18 03:02:38,181][TRACE][org.elasticsearch.cluster.service] [node_t0] cluster state updated, source [update-settings]
version: 11
state uuid: 4lQm05f4SDmL33vRtZ_nSA
from_diff: false
meta data version: 9
nodes: 
   {node_t0}{gaHDZ-dGSR2V78zvSbu4mg}{local}{local[82]}[mode=>local], local, master
   {node_t1}{IYrev6lzQGC11gB5Y0dy7Q}{local}{local[84]}[mode=>local]
routing_table (version 7):
-- index [test]
----shard_id [test][0]
--------[test][0], node[gaHDZ-dGSR2V78zvSbu4mg], [P], v[3], s[STARTED], a[id=BJu3YBd7QdWRUbnRc35QUg]
--------[test][0], node[IYrev6lzQGC11gB5Y0dy7Q], [R], v[3], s[STARTED], a[id=wLhudhlUQoqrJAUZ2BA6MA]
----shard_id [test][1]
--------[test][1], node[gaHDZ-dGSR2V78zvSbu4mg], [R], v[3], s[STARTED], a[id=pdbY6eK_RnCESJXCwcFSOQ]
--------[test][1], node[IYrev6lzQGC11gB5Y0dy7Q], [P], v[3], s[STARTED], a[id=VNtasAtySFmI1xanbVggVA]

routing_nodes:
-----node_id[gaHDZ-dGSR2V78zvSbu4mg][V]
--------[test][1], node[gaHDZ-dGSR2V78zvSbu4mg], [R], v[3], s[STARTED], a[id=pdbY6eK_RnCESJXCwcFSOQ]
--------[test][0], node[gaHDZ-dGSR2V78zvSbu4mg], [P], v[3], s[STARTED], a[id=BJu3YBd7QdWRUbnRc35QUg]
-----node_id[IYrev6lzQGC11gB5Y0dy7Q][V]
--------[test][1], node[IYrev6lzQGC11gB5Y0dy7Q], [P], v[3], s[STARTED], a[id=VNtasAtySFmI1xanbVggVA]
--------[test][0], node[IYrev6lzQGC11gB5Y0dy7Q], [R], v[3], s[STARTED], a[id=wLhudhlUQoqrJAUZ2BA6MA]
---- unassigned

[2016-04-18 03:02:38,181][DEBUG][org.elasticsearch.cluster.service] [node_t0] publishing cluster state version [11]
[2016-04-18 03:02:38,181][TRACE][org.elasticsearch.cluster.service] [node_t1] will process [local-disco-receive(from master)]
[2016-04-18 03:02:38,182][DEBUG][org.elasticsearch.cluster.service] [node_t1] processing [local-disco-receive(from master)]: execute
[2016-04-18 03:02:38,182][TRACE][org.elasticsearch.cluster.service] [node_t1] cluster state updated, source [local-disco-receive(from master)]
version: 11
state uuid: 4lQm05f4SDmL33vRtZ_nSA
from_diff: false
meta data version: 9
nodes: 
   {node_t0}{gaHDZ-dGSR2V78zvSbu4mg}{local}{local[82]}[mode=>local], master
   {node_t1}{IYrev6lzQGC11gB5Y0dy7Q}{local}{local[84]}[mode=>local], local
routing_table (version 7):
-- index [test]
----shard_id [test][0]
--------[test][0], node[gaHDZ-dGSR2V78zvSbu4mg], [P], v[3], s[STARTED], a[id=BJu3YBd7QdWRUbnRc35QUg]
--------[test][0], node[IYrev6lzQGC11gB5Y0dy7Q], [R], v[3], s[STARTED], a[id=wLhudhlUQoqrJAUZ2BA6MA]
----shard_id [test][1]
--------[test][1], node[gaHDZ-dGSR2V78zvSbu4mg], [R], v[3], s[STARTED], a[id=pdbY6eK_RnCESJXCwcFSOQ]
--------[test][1], node[IYrev6lzQGC11gB5Y0dy7Q], [P], v[3], s[STARTED], a[id=VNtasAtySFmI1xanbVggVA]

routing_nodes:
-----node_id[gaHDZ-dGSR2V78zvSbu4mg][V]
--------[test][1], node[gaHDZ-dGSR2V78zvSbu4mg], [R], v[3], s[STARTED], a[id=pdbY6eK_RnCESJXCwcFSOQ]
--------[test][0], node[gaHDZ-dGSR2V78zvSbu4mg], [P], v[3], s[STARTED], a[id=BJu3YBd7QdWRUbnRc35QUg]
-----node_id[IYrev6lzQGC11gB5Y0dy7Q][V]
--------[test][1], node[IYrev6lzQGC11gB5Y0dy7Q], [P], v[3], s[STARTED], a[id=VNtasAtySFmI1xanbVggVA]
--------[test][0], node[IYrev6lzQGC11gB5Y0dy7Q], [R], v[3], s[STARTED], a[id=wLhudhlUQoqrJAUZ2BA6MA]
---- unassigned

[2016-04-18 03:02:38,182][DEBUG][org.elasticsearch.cluster.service] [node_t1] set local cluster state to version 11
[2016-04-18 03:02:38,185][TRACE][org.elasticsearch.cluster.service] ack received from node [{node_t1}{IYrev6lzQGC11gB5Y0dy7Q}{local}{local[84]}[mode=>local]], cluster_state update (version: 11)
[2016-04-18 03:02:38,185][DEBUG][org.elasticsearch.cluster.service] [node_t1] processing [local-disco-receive(from master)]: took 3ms done applying updated cluster_state (version: 11, uuid: 4lQm05f4SDmL33vRtZ_nSA)
[2016-04-18 03:02:38,185][DEBUG][org.elasticsearch.cluster.service] [node_t0] set local cluster state to version 11
[2016-04-18 03:02:38,188][TRACE][org.elasticsearch.cluster.service] ack received from node [{node_t0}{gaHDZ-dGSR2V78zvSbu4mg}{local}{local[82]}[mode=>local]], cluster_state update (version: 11)
[2016-04-18 03:02:38,188][TRACE][org.elasticsearch.cluster.service] all expected nodes acknowledged cluster_state update (version: 11)
[2016-04-18 03:02:38,189][DEBUG][org.elasticsearch.cluster.service] [node_t0] processing [update-settings]: took 8ms done applying updated cluster_state (version: 11, uuid: 4lQm05f4SDmL33vRtZ_nSA)
[2016-04-18 03:02:38,189][INFO ][org.elasticsearch.action.admin.indices.shards] --> stop random node
[2016-04-18 03:02:38,194][TRACE][org.elasticsearch.cluster.service] [node_t1] will process [local-disco-update]
[2016-04-18 03:02:38,194][DEBUG][org.elasticsearch.cluster.service] [node_t1] processing [local-disco-update]: execute
[2016-04-18 03:02:38,196][TRACE][org.elasticsearch.cluster.service] [node_t1] cluster state updated, source [local-disco-update]
version: 12
state uuid: gvUmidFXTRCSjXRSfrUHDA
from_diff: false
meta data version: 10
nodes: 
   {node_t1}{IYrev6lzQGC11gB5Y0dy7Q}{local}{local[84]}[mode=>local], local, master
routing_table (version 8):
-- index [test]
----shard_id [test][0]
--------[test][0], node[IYrev6lzQGC11gB5Y0dy7Q], [P], v[5], s[STARTED], a[id=wLhudhlUQoqrJAUZ2BA6MA]
--------[test][0], node[null], [R], v[5], s[UNASSIGNED], unassigned_info[[reason=NODE_LEFT], at[2016-04-18T07:02:38.195Z], details[node_left[gaHDZ-dGSR2V78zvSbu4mg]]]
----shard_id [test][1]
--------[test][1], node[IYrev6lzQGC11gB5Y0dy7Q], [P], v[4], s[STARTED], a[id=VNtasAtySFmI1xanbVggVA]
--------[test][1], node[null], [R], v[4], s[UNASSIGNED], unassigned_info[[reason=NODE_LEFT], at[2016-04-18T07:02:38.195Z], details[node_left[gaHDZ-dGSR2V78zvSbu4mg]]]

routing_nodes:
-----node_id[IYrev6lzQGC11gB5Y0dy7Q][V]
--------[test][1], node[IYrev6lzQGC11gB5Y0dy7Q], [P], v[4], s[STARTED], a[id=VNtasAtySFmI1xanbVggVA]
--------[test][0], node[IYrev6lzQGC11gB5Y0dy7Q], [P], v[5], s[STARTED], a[id=wLhudhlUQoqrJAUZ2BA6MA]
---- unassigned
--------[test][1], node[null], [R], v[4], s[UNASSIGNED], unassigned_info[[reason=NODE_LEFT], at[2016-04-18T07:02:38.195Z], details[node_left[gaHDZ-dGSR2V78zvSbu4mg]]]
--------[test][0], node[null], [R], v[5], s[UNASSIGNED], unassigned_info[[reason=NODE_LEFT], at[2016-04-18T07:02:38.195Z], details[node_left[gaHDZ-dGSR2V78zvSbu4mg]]]

[2016-04-18 03:02:38,196][INFO ][org.elasticsearch.cluster.service] [node_t1] master {new {node_t1}{IYrev6lzQGC11gB5Y0dy7Q}{local}{local[84]}[mode=>local], previous {node_t0}{gaHDZ-dGSR2V78zvSbu4mg}{local}{local[82]}[mode=>local]}, removed {{node_t0}{gaHDZ-dGSR2V78zvSbu4mg}{local}{local[82]}[mode=>local],}, reason: local-disco-update
[2016-04-18 03:02:38,196][DEBUG][org.elasticsearch.cluster.service] [node_t1] publishing cluster state version [12]
[2016-04-18 03:02:38,196][DEBUG][org.elasticsearch.cluster.service] [node_t1] set local cluster state to version 12
[2016-04-18 03:02:38,202][DEBUG][org.elasticsearch.cluster.service] [node_t1] processing [local-disco-update]: took 7ms done applying updated cluster_state (version: 12, uuid: gvUmidFXTRCSjXRSfrUHDA)
[2016-04-18 03:02:38,202][TRACE][org.elasticsearch.cluster.service] [node_t1] will process [cluster_reroute(assign delayed unassigned shards)]
[2016-04-18 03:02:38,202][DEBUG][org.elasticsearch.cluster.service] [node_t1] processing [cluster_reroute(assign delayed unassigned shards)]: execute
[2016-04-18 03:02:38,202][DEBUG][org.elasticsearch.cluster.service] [node_t1] processing [cluster_reroute(assign delayed unassigned shards)]: took 0s no change in cluster_state
[2016-04-18 03:02:38,211][TRACE][org.elasticsearch.action.admin.indices.shards] [node_t1] using cluster state version [12] to determine shards
[2016-04-18 03:02:38,211][TRACE][org.elasticsearch.action.admin.indices.shards] [node_t1] [test][0] fetching [shard_stores] from [IYrev6lzQGC11gB5Y0dy7Q]
[2016-04-18 03:02:38,211][TRACE][org.elasticsearch.action.admin.indices.shards] [node_t1] [test][1] fetching [shard_stores] from [IYrev6lzQGC11gB5Y0dy7Q]
[2016-04-18 03:02:38,214][INFO ][org.elasticsearch.action.admin.indices.shards] --> enable allocation
[2016-04-18 03:02:38,214][TRACE][org.elasticsearch.cluster.service] [node_t1] will process [update-settings]
[2016-04-18 03:02:38,214][DEBUG][org.elasticsearch.cluster.service] [node_t1] processing [update-settings]: execute
[2016-04-18 03:02:38,215][TRACE][org.elasticsearch.cluster.service] expecting 1 acknowledgements for cluster_state update (version: 13)
[2016-04-18 03:02:38,215][TRACE][org.elasticsearch.cluster.service] [node_t1] cluster state updated, source [update-settings]
version: 13
state uuid: 6dlsqOD5Sju_cyyhwj7qwg
from_diff: false
meta data version: 11
nodes: 
   {node_t1}{IYrev6lzQGC11gB5Y0dy7Q}{local}{local[84]}[mode=>local], local, master
routing_table (version 9):
-- index [test]
----shard_id [test][0]
--------[test][0], node[IYrev6lzQGC11gB5Y0dy7Q], [P], v[5], s[STARTED], a[id=wLhudhlUQoqrJAUZ2BA6MA]
--------[test][0], node[null], [R], v[5], s[UNASSIGNED], unassigned_info[[reason=NODE_LEFT], at[2016-04-18T07:02:38.195Z], details[node_left[gaHDZ-dGSR2V78zvSbu4mg]]]
----shard_id [test][1]
--------[test][1], node[IYrev6lzQGC11gB5Y0dy7Q], [P], v[4], s[STARTED], a[id=VNtasAtySFmI1xanbVggVA]
--------[test][1], node[null], [R], v[4], s[UNASSIGNED], unassigned_info[[reason=NODE_LEFT], at[2016-04-18T07:02:38.195Z], details[node_left[gaHDZ-dGSR2V78zvSbu4mg]]]

routing_nodes:
-----node_id[IYrev6lzQGC11gB5Y0dy7Q][V]
--------[test][1], node[IYrev6lzQGC11gB5Y0dy7Q], [P], v[4], s[STARTED], a[id=VNtasAtySFmI1xanbVggVA]
--------[test][0], node[IYrev6lzQGC11gB5Y0dy7Q], [P], v[5], s[STARTED], a[id=wLhudhlUQoqrJAUZ2BA6MA]
---- unassigned
--------[test][1], node[null], [R], v[4], s[UNASSIGNED], unassigned_info[[reason=NODE_LEFT], at[2016-04-18T07:02:38.195Z], details[node_left[gaHDZ-dGSR2V78zvSbu4mg]]]
--------[test][0], node[null], [R], v[5], s[UNASSIGNED], unassigned_info[[reason=NODE_LEFT], at[2016-04-18T07:02:38.195Z], details[node_left[gaHDZ-dGSR2V78zvSbu4mg]]]

[2016-04-18 03:02:38,215][DEBUG][org.elasticsearch.cluster.service] [node_t1] publishing cluster state version [13]
[2016-04-18 03:02:38,215][DEBUG][org.elasticsearch.cluster.service] [node_t1] set local cluster state to version 13
[2016-04-18 03:02:38,218][TRACE][org.elasticsearch.cluster.service] ack received from node [{node_t1}{IYrev6lzQGC11gB5Y0dy7Q}{local}{local[84]}[mode=>local]], cluster_state update (version: 13)
[2016-04-18 03:02:38,218][TRACE][org.elasticsearch.cluster.service] all expected nodes acknowledged cluster_state update (version: 13)
[2016-04-18 03:02:38,218][DEBUG][org.elasticsearch.cluster.service] [node_t1] processing [update-settings]: took 3ms done applying updated cluster_state (version: 13, uuid: 6dlsqOD5Sju_cyyhwj7qwg)
[2016-04-18 03:02:38,218][INFO ][org.elasticsearch.action.admin.indices.shards] [IndicesShardStoreRequestIT#testBasic]: finished test
[2016-04-18 03:02:38,219][INFO ][org.elasticsearch.action.admin.indices.shards] [IndicesShardStoreRequestIT#testBasic]: cleaning up after test
[2016-04-18 03:02:38,219][TRACE][org.elasticsearch.action.admin.indices.shards] Check consistency for [1] nodes
[2016-04-18 03:02:38,226][TRACE][org.elasticsearch.cluster.service] [node_t1] will process [delete-index [test]]
[2016-04-18 03:02:38,227][DEBUG][org.elasticsearch.cluster.service] [node_t1] processing [delete-index [test]]: execute
[2016-04-18 03:02:38,227][TRACE][org.elasticsearch.cluster.service] [node_t1] cluster state updated, source [delete-index [test]]
version: 14
state uuid: 7ooeDRcUTIa4aT0ENOVMig
from_diff: false
meta data version: 12
nodes: 
   {node_t1}{IYrev6lzQGC11gB5Y0dy7Q}{local}{local[84]}[mode=>local], local, master
routing_table (version 10):
routing_nodes:
-----node_id[IYrev6lzQGC11gB5Y0dy7Q][V]
---- unassigned

[2016-04-18 03:02:38,227][DEBUG][org.elasticsearch.cluster.service] [node_t1] publishing cluster state version [14]
[2016-04-18 03:02:38,227][DEBUG][org.elasticsearch.cluster.service] [node_t1] set local cluster state to version 14
[2016-04-18 03:02:38,250][DEBUG][org.elasticsearch.cluster.service] [node_t1] processing [delete-index [test]]: took 23ms done applying updated cluster_state (version: 14, uuid: 7ooeDRcUTIa4aT0ENOVMig)
[2016-04-18 03:02:38,251][TRACE][org.elasticsearch.cluster.service] [node_t1] will process [remove-index-template [random_index_template]]
[2016-04-18 03:02:38,251][DEBUG][org.elasticsearch.cluster.service] [node_t1] processing [remove-index-template [random_index_template]]: execute
[2016-04-18 03:02:38,251][TRACE][org.elasticsearch.cluster.service] [node_t1] cluster state updated, source [remove-index-template [random_index_template]]
version: 15
state uuid: gSxrP6oKTKCYtWsAqx5eAA
from_diff: false
meta data version: 13
nodes: 
   {node_t1}{IYrev6lzQGC11gB5Y0dy7Q}{local}{local[84]}[mode=>local], local, master
routing_table (version 10):
routing_nodes:
-----node_id[IYrev6lzQGC11gB5Y0dy7Q][V]
---- unassigned

[2016-04-18 03:02:38,251][DEBUG][org.elasticsearch.cluster.service] [node_t1] publishing cluster state version [15]
[2016-04-18 03:02:38,251][DEBUG][org.elasticsearch.cluster.service] [node_t1] set local cluster state to version 15
[2016-04-18 03:02:38,253][DEBUG][org.elasticsearch.cluster.service] [node_t1] processing [remove-index-template [random_index_template]]: took 1ms done applying updated cluster_state (version: 15, uuid: gSxrP6oKTKCYtWsAqx5eAA)
[2016-04-18 03:02:38,255][TRACE][org.elasticsearch.cluster.service] [node_t1] will process [delete_repository [*]]
[2016-04-18 03:02:38,255][DEBUG][org.elasticsearch.cluster.service] [node_t1] processing [delete_repository [*]]: execute
[2016-04-18 03:02:38,255][DEBUG][org.elasticsearch.cluster.service] [node_t1] processing [delete_repository [*]]: took 0s no change in cluster_state
[2016-04-18 03:02:38,257][INFO ][org.elasticsearch.action.admin.indices.shards] [IndicesShardStoreRequestIT#testBasic]: cleaned up after test
]]></system-out>
   <system-err><![CDATA[]]></system-err>
</testsuite>