<testsuite errors="0" failures="0" tests="3" skipped="0" name="org.elasticsearch.bwcompat.OldIndexBackwardsCompatibilityIT" hostname="nohost.nodomain" time="16.581" timestamp="2016-03-29T17:29:00">
   <properties class="java.util.ArrayList">
      <property name="awt.toolkit" value="sun.lwawt.macosx.LWCToolkit"/>
      <property name="es.logger.level" value="WARN"/>
      <property name="file.encoding" value="UTF-8"/>
      <property name="file.encoding.pkg" value="sun.io"/>
      <property name="file.separator" value="/"/>
      <property name="ftp.nonProxyHosts" value="local|*.local|169.254/16|*.169.254/16"/>
      <property name="gopherProxySet" value="false"/>
      <property name="http.nonProxyHosts" value="local|*.local|169.254/16|*.169.254/16"/>
      <property name="java.awt.graphicsenv" value="sun.awt.CGraphicsEnvironment"/>
      <property name="java.awt.headless" value="true"/>
      <property name="java.awt.printerjob" value="sun.lwawt.macosx.CPrinterJob"/>
      <property name="java.class.path" value="/Users/ogbonnayacngwu/CSE2410_spring2016_projectileDysfunction/core/build/classes/test:/Users/ogbonnayacngwu/CSE2410_spring2016_projectileDysfunction/core/build/resources/test:/Users/ogbonnayacngwu/CSE2410_spring2016_projectileDysfunction/core/build/classes/main:/Users/ogbonnayacngwu/CSE2410_spring2016_projectileDysfunction/core/build/resources/main:/Users/ogbonnayacngwu/.gradle/caches/modules-2/files-2.1/org.apache.lucene/lucene-core/5.5.0-snapshot-1721183/f6854c65c7f4c6d9de583f4daa4fd3ae8a3800f1/lucene-core-5.5.0-snapshot-1721183.jar:/Users/ogbonnayacngwu/.gradle/caches/modules-2/files-2.1/org.apache.lucene/lucene-analyzers-common/5.5.0-snapshot-1721183/69e187ef1d2d9c9570363eb4186821e0341df5b8/lucene-analyzers-common-5.5.0-snapshot-1721183.jar:/Users/ogbonnayacngwu/.gradle/caches/modules-2/files-2.1/org.apache.lucene/lucene-backward-codecs/5.5.0-snapshot-1721183/fa00a45ff9bc6a4df44db81f2e4e44ea94bf88e/lucene-backward-codecs-5.5.0-snapshot-1721183.jar:/Users/ogbonnayacngwu/.gradle/caches/modules-2/files-2.1/org.apache.lucene/lucene-grouping/5.5.0-snapshot-1721183/e996e6c723eb415ba2cfa7f5e98bbf194a4918dd/lucene-grouping-5.5.0-snapshot-1721183.jar:/Users/ogbonnayacngwu/.gradle/caches/modules-2/files-2.1/org.apache.lucene/lucene-highlighter/5.5.0-snapshot-1721183/3b7a5d97b10885f16eb53deb15d64c942b9f9fdb/lucene-highlighter-5.5.0-snapshot-1721183.jar:/Users/ogbonnayacngwu/.gradle/caches/modules-2/files-2.1/org.apache.lucene/lucene-join/5.5.0-snapshot-1721183/e4dda3eeb76e340aa4713a3b20d68c4a1504e505/lucene-join-5.5.0-snapshot-1721183.jar:/Users/ogbonnayacngwu/.gradle/caches/modules-2/files-2.1/org.apache.lucene/lucene-memory/5.5.0-snapshot-1721183/800442a5d7612ce4c8748831871b4d436a50554e/lucene-memory-5.5.0-snapshot-1721183.jar:/Users/ogbonnayacngwu/.gradle/caches/modules-2/files-2.1/org.apache.lucene/lucene-misc/5.5.0-snapshot-1721183/bdf184de9b5773c7af3ae908af78eeb1e512470c/lucene-misc-5.5.0-snapshot-1721183.jar:/Users/ogbonnayacngwu/.gradle/caches/modules-2/files-2.1/org.apache.lucene/lucene-queries/5.5.0-snapshot-1721183/fc59de52bd2c7e420edfd235723cb8b0dd44e92d/lucene-queries-5.5.0-snapshot-1721183.jar:/Users/ogbonnayacngwu/.gradle/caches/modules-2/files-2.1/org.apache.lucene/lucene-queryparser/5.5.0-snapshot-1721183/1d341e6a4f11f3170773ccffdbe6815b45967e3d/lucene-queryparser-5.5.0-snapshot-1721183.jar:/Users/ogbonnayacngwu/.gradle/caches/modules-2/files-2.1/org.apache.lucene/lucene-sandbox/5.5.0-snapshot-1721183/a1b02c2b595ac92f45f0d2be03841a3a7fcae1f1/lucene-sandbox-5.5.0-snapshot-1721183.jar:/Users/ogbonnayacngwu/.gradle/caches/modules-2/files-2.1/org.apache.lucene/lucene-spatial/5.5.0-snapshot-1721183/e3ea422b56734329fb6974e9cf9f66478adb5793/lucene-spatial-5.5.0-snapshot-1721183.jar:/Users/ogbonnayacngwu/.gradle/caches/modules-2/files-2.1/org.apache.lucene/lucene-spatial3d/5.5.0-snapshot-1721183/5eadbd4e63120b59ab6445e39489205f98420471/lucene-spatial3d-5.5.0-snapshot-1721183.jar:/Users/ogbonnayacngwu/.gradle/caches/modules-2/files-2.1/org.apache.lucene/lucene-suggest/5.5.0-snapshot-1721183/a336287e65d082535f02a8427666dbe46b1b9b74/lucene-suggest-5.5.0-snapshot-1721183.jar:/Users/ogbonnayacngwu/.gradle/caches/modules-2/files-2.1/org.elasticsearch/securesm/1.0/c0c6cf986ba0057390bfcc80c366a0e3157f944b/securesm-1.0.jar:/Users/ogbonnayacngwu/.gradle/caches/modules-2/files-2.1/commons-cli/commons-cli/1.3.1/1303efbc4b181e5a58bf2e967dc156a3132b97c0/commons-cli-1.3.1.jar:/Users/ogbonnayacngwu/.gradle/caches/modules-2/files-2.1/com.carrotsearch/hppc/0.7.1/8b5057f74ea378c0150a1860874a3ebdcb713767/hppc-0.7.1.jar:/Users/ogbonnayacngwu/.gradle/caches/modules-2/files-2.1/joda-time/joda-time/2.8.2/d27c24204c5e507b16fec01006b3d0f1ec42aed4/joda-time-2.8.2.jar:/Users/ogbonnayacngwu/.gradle/caches/modules-2/files-2.1/org.joda/joda-convert/1.2/35ec554f0cd00c956cc69051514d9488b1374dec/joda-convert-1.2.jar:/Users/ogbonnayacngwu/.gradle/caches/modules-2/files-2.1/com.fasterxml.jackson.core/jackson-core/2.6.2/123f29333b2c6b3516b14252b6e93226bfcd6e37/jackson-core-2.6.2.jar:/Users/ogbonnayacngwu/.gradle/caches/modules-2/files-2.1/com.fasterxml.jackson.dataformat/jackson-dataformat-smile/2.6.2/395d18c1a1dd730b8026ee59c4067e5d2b45ba6e/jackson-dataformat-smile-2.6.2.jar:/Users/ogbonnayacngwu/.gradle/caches/modules-2/files-2.1/com.fasterxml.jackson.dataformat/jackson-dataformat-yaml/2.6.2/4ae23088dd3fae47c66843f2e4251d7255ee140e/jackson-dataformat-yaml-2.6.2.jar:/Users/ogbonnayacngwu/.gradle/caches/modules-2/files-2.1/com.fasterxml.jackson.dataformat/jackson-dataformat-cbor/2.6.2/1e13c575f914c83761bb8e2aca7dfd9e4c647579/jackson-dataformat-cbor-2.6.2.jar:/Users/ogbonnayacngwu/.gradle/caches/modules-2/files-2.1/io.netty/netty/3.10.5.Final/9ca7d55d246092bddd29b867706e2f6c7db701a0/netty-3.10.5.Final.jar:/Users/ogbonnayacngwu/.gradle/caches/modules-2/files-2.1/com.tdunning/t-digest/3.0/84ccf145ac2215e6bfa63baa3101c0af41017cfc/t-digest-3.0.jar:/Users/ogbonnayacngwu/.gradle/caches/modules-2/files-2.1/org.hdrhistogram/HdrHistogram/2.1.6/7495feb7f71ee124bd2a7e7d83590e296d71d80e/HdrHistogram-2.1.6.jar:/Users/ogbonnayacngwu/.gradle/caches/modules-2/files-2.1/com.spatial4j/spatial4j/0.5/6e16edaf6b1ba76db7f08c2f3723fce3b358ecc3/spatial4j-0.5.jar:/Users/ogbonnayacngwu/.gradle/caches/modules-2/files-2.1/com.vividsolutions/jts/1.13/3ccfb9b60f04d71add996a666ceb8902904fd805/jts-1.13.jar:/Users/ogbonnayacngwu/.gradle/caches/modules-2/files-2.1/log4j/log4j/1.2.17/5af35056b4d257e4b64b9e8069c0746e8b08629f/log4j-1.2.17.jar:/Users/ogbonnayacngwu/.gradle/caches/modules-2/files-2.1/log4j/apache-log4j-extras/1.2.17/85863614d82185d7e51fe21c00aa9117a523a8b6/apache-log4j-extras-1.2.17.jar:/Users/ogbonnayacngwu/.gradle/caches/modules-2/files-2.1/org.slf4j/slf4j-api/1.6.2/8619e95939167fb37245b5670135e4feb0ec7d50/slf4j-api-1.6.2.jar:/Users/ogbonnayacngwu/.gradle/caches/modules-2/files-2.1/net.java.dev.jna/jna/4.1.0/1c12d070e602efd8021891cdd7fd18bc129372d4/jna-4.1.0.jar:/Users/ogbonnayacngwu/CSE2410_spring2016_projectileDysfunction/test/framework/build/libs/framework-3.0.0-SNAPSHOT.jar:/Users/ogbonnayacngwu/.gradle/caches/modules-2/files-2.1/com.carrotsearch.randomizedtesting/randomizedtesting-runner/2.3.2/307965917fe8a22b7ee72deba39ef4b8e6ebc069/randomizedtesting-runner-2.3.2.jar:/Users/ogbonnayacngwu/.gradle/caches/modules-2/files-2.1/junit/junit/4.11/4e031bb61df09069aeb2bffb4019e7a5034a4ee0/junit-4.11.jar:/Users/ogbonnayacngwu/.gradle/caches/modules-2/files-2.1/org.hamcrest/hamcrest-all/1.3/63a21ebc981131004ad02e0434e799fd7f3a8d5a/hamcrest-all-1.3.jar:/Users/ogbonnayacngwu/.gradle/caches/modules-2/files-2.1/org.apache.lucene/lucene-test-framework/5.5.0-snapshot-1721183/a8d851d0ad82182b3a02f4b30c336e7aa0e173cb/lucene-test-framework-5.5.0-snapshot-1721183.jar:/Users/ogbonnayacngwu/.gradle/caches/modules-2/files-2.1/org.apache.lucene/lucene-codecs/5.5.0-snapshot-1721183/8aa59442b028c7a2c1a516accb6142a8910ba5fc/lucene-codecs-5.5.0-snapshot-1721183.jar:/Users/ogbonnayacngwu/.gradle/caches/modules-2/files-2.1/org.apache.httpcomponents/httpclient/4.3.6/4c47155e3e6c9a41a28db36680b828ced53b8af4/httpclient-4.3.6.jar:/Users/ogbonnayacngwu/.gradle/caches/modules-2/files-2.1/org.apache.httpcomponents/httpcore/4.3.3/f91b7a4aadc5cf486df6e4634748d7dd7a73f06d/httpcore-4.3.3.jar:/Users/ogbonnayacngwu/.gradle/caches/modules-2/files-2.1/commons-logging/commons-logging/1.1.3/f6f66e966c70a83ffbdb6f17a0919eaf7c8aca7f/commons-logging-1.1.3.jar:/Users/ogbonnayacngwu/.gradle/caches/modules-2/files-2.1/commons-codec/commons-codec/1.10/4b95f4897fa13f2cd904aee711aeafc0c5295cd8/commons-codec-1.10.jar:/Users/ogbonnayacngwu/.gradle/caches/modules-2/files-2.1/org.elasticsearch/securemock/1.2/98201d4ad5ac93f6b415ae9172d52b5e7cda490e/securemock-1.2.jar:/Users/ogbonnayacngwu/.gradle/caches/modules-2/files-2.1/com.carrotsearch.randomizedtesting/junit4-ant/2.3.2/dc8f03f6111974092491f35b8269eb0fc57f52f7/junit4-ant-2.3.2.jar"/>
      <property name="java.class.version" value="52.0"/>
      <property name="java.endorsed.dirs" value="/Library/Java/JavaVirtualMachines/jdk1.8.0_11.jdk/Contents/Home/jre/lib/endorsed"/>
      <property name="java.ext.dirs" value="/Users/ogbonnayacngwu/Library/Java/Extensions:/Library/Java/JavaVirtualMachines/jdk1.8.0_11.jdk/Contents/Home/jre/lib/ext:/Library/Java/Extensions:/Network/Library/Java/Extensions:/System/Library/Java/Extensions:/usr/lib/java"/>
      <property name="java.home" value="/Library/Java/JavaVirtualMachines/jdk1.8.0_11.jdk/Contents/Home/jre"/>
      <property name="java.io.tmpdir" value="./temp"/>
      <property name="java.library.path" value="/Users/ogbonnayacngwu/Library/Java/Extensions:/Library/Java/Extensions:/Network/Library/Java/Extensions:/System/Library/Java/Extensions:/usr/lib/java:."/>
      <property name="java.runtime.name" value="Java(TM) SE Runtime Environment"/>
      <property name="java.runtime.version" value="1.8.0_11-b12"/>
      <property name="java.specification.name" value="Java Platform API Specification"/>
      <property name="java.specification.vendor" value="Oracle Corporation"/>
      <property name="java.specification.version" value="1.8"/>
      <property name="java.vendor" value="Oracle Corporation"/>
      <property name="java.vendor.url" value="http://java.oracle.com/"/>
      <property name="java.vendor.url.bug" value="http://bugreport.sun.com/bugreport/"/>
      <property name="java.version" value="1.8.0_11"/>
      <property name="java.vm.info" value="mixed mode"/>
      <property name="java.vm.name" value="Java HotSpot(TM) 64-Bit Server VM"/>
      <property name="java.vm.specification.name" value="Java Virtual Machine Specification"/>
      <property name="java.vm.specification.vendor" value="Oracle Corporation"/>
      <property name="java.vm.specification.version" value="1.8"/>
      <property name="java.vm.vendor" value="Oracle Corporation"/>
      <property name="java.vm.version" value="25.11-b03"/>
      <property name="junit4.childvm.count" value="4"/>
      <property name="junit4.childvm.cwd" value="/Users/ogbonnayacngwu/CSE2410_spring2016_projectileDysfunction/core/build/testrun/integTest/J3"/>
      <property name="junit4.childvm.id" value="3"/>
      <property name="junit4.memory.total" value="514850816"/>
      <property name="junit4.pidString" value="27393@host37-246.aruba.fit.edu"/>
      <property name="junit4.processors" value="8"/>
      <property name="line.separator" value="
"/>
      <property name="os.arch" value="x86_64"/>
      <property name="os.name" value="Mac OS X"/>
      <property name="os.version" value="10.11.4"/>
      <property name="path.separator" value=":"/>
      <property name="socksNonProxyHosts" value="local|*.local|169.254/16|*.169.254/16"/>
      <property name="sun.arch.data.model" value="64"/>
      <property name="sun.boot.class.path" value="/Library/Java/JavaVirtualMachines/jdk1.8.0_11.jdk/Contents/Home/jre/lib/resources.jar:/Library/Java/JavaVirtualMachines/jdk1.8.0_11.jdk/Contents/Home/jre/lib/rt.jar:/Library/Java/JavaVirtualMachines/jdk1.8.0_11.jdk/Contents/Home/jre/lib/sunrsasign.jar:/Library/Java/JavaVirtualMachines/jdk1.8.0_11.jdk/Contents/Home/jre/lib/jsse.jar:/Library/Java/JavaVirtualMachines/jdk1.8.0_11.jdk/Contents/Home/jre/lib/jce.jar:/Library/Java/JavaVirtualMachines/jdk1.8.0_11.jdk/Contents/Home/jre/lib/charsets.jar:/Library/Java/JavaVirtualMachines/jdk1.8.0_11.jdk/Contents/Home/jre/lib/jfr.jar:/Library/Java/JavaVirtualMachines/jdk1.8.0_11.jdk/Contents/Home/jre/classes"/>
      <property name="sun.boot.library.path" value="/Library/Java/JavaVirtualMachines/jdk1.8.0_11.jdk/Contents/Home/jre/lib"/>
      <property name="sun.cpu.endian" value="little"/>
      <property name="sun.cpu.isalist" value=""/>
      <property name="sun.io.unicode.encoding" value="UnicodeBig"/>
      <property name="sun.java.command" value="com.carrotsearch.ant.tasks.junit4.slave.SlaveMainSafe -eventsfile /Users/ogbonnayacngwu/CSE2410_spring2016_projectileDysfunction/core/build/testrun/integTest/temp/junit4-J3-20160329_172724_554.events @/Users/ogbonnayacngwu/CSE2410_spring2016_projectileDysfunction/core/build/testrun/integTest/temp/junit4-J3-20160329_172724_554.suites -stdin"/>
      <property name="sun.java.launcher" value="SUN_STANDARD"/>
      <property name="sun.jnu.encoding" value="UTF-8"/>
      <property name="sun.management.compiler" value="HotSpot 64-Bit Tiered Compilers"/>
      <property name="sun.os.patch.level" value="unknown"/>
      <property name="tests.artifact" value="core"/>
      <property name="tests.ifNoTests" value="fail"/>
      <property name="tests.maven" value="true"/>
      <property name="tests.prefix" value="tests"/>
      <property name="tests.security.manager" value="true"/>
      <property name="tests.seed" value="4AA6DECDBC490785"/>
      <property name="tests.task" value=":core:integTest"/>
      <property name="user.country" value="US"/>
      <property name="user.dir" value="/Users/ogbonnayacngwu/CSE2410_spring2016_projectileDysfunction/core/build/testrun/integTest/J3"/>
      <property name="user.home" value="/Users/ogbonnayacngwu"/>
      <property name="user.language" value="en"/>
      <property name="user.name" value="ogbonnayacngwu"/>
      <property name="user.timezone" value="America/New_York"/>
   </properties>
   <testcase classname="org.elasticsearch.bwcompat.OldIndexBackwardsCompatibilityIT" name="testAllVersionsTested" time="0.097"/>
   <testcase classname="org.elasticsearch.bwcompat.OldIndexBackwardsCompatibilityIT" name="testOldClusterStates" time="0.4"/>
   <testcase classname="org.elasticsearch.bwcompat.OldIndexBackwardsCompatibilityIT" name="testOldIndexes" time="15.949"/>
   <system-out><![CDATA[[2016-03-29 17:29:00,466][WARN ][org.elasticsearch.bwcompat] Old indexes tests contain extra index: index-2.0.0-beta1.zip
[2016-03-29 17:29:01,262][WARN ][org.elasticsearch.index  ] [node_t0] [index-2.0.0-beta1] [index.merge.enabled] is set to false, this should only be used in tests and can cause serious problems in production environments
[2016-03-29 17:29:01,264][WARN ][org.elasticsearch.index  ] [node_t0] [index-2.0.0-beta1] [index.merge.enabled] is set to false, this should only be used in tests and can cause serious problems in production environments
[2016-03-29 17:29:01,265][WARN ][org.elasticsearch.index  ] [node_t1] [index-2.0.0-beta1] [index.merge.enabled] is set to false, this should only be used in tests and can cause serious problems in production environments
[2016-03-29 17:29:01,266][WARN ][org.elasticsearch.index  ] [node_t2] [index-2.0.0-beta1] [index.merge.enabled] is set to false, this should only be used in tests and can cause serious problems in production environments
[2016-03-29 17:29:01,266][WARN ][org.elasticsearch.index  ] [node_t1] [index-2.0.0-beta1] [index.merge.enabled] is set to false, this should only be used in tests and can cause serious problems in production environments
[2016-03-29 17:29:01,266][WARN ][org.elasticsearch.index  ] [node_t0] [index-2.0.0-beta1] [index.merge.enabled] is set to false, this should only be used in tests and can cause serious problems in production environments
[2016-03-29 17:29:01,279][WARN ][org.elasticsearch.index  ] [node_t0] [index-2.0.0-beta1] [index.merge.enabled] is set to false, this should only be used in tests and can cause serious problems in production environments
[2016-03-29 17:29:01,280][WARN ][org.elasticsearch.index  ] [node_t1] [index-2.0.0-beta1] [index.merge.enabled] is set to false, this should only be used in tests and can cause serious problems in production environments
[2016-03-29 17:29:01,280][WARN ][org.elasticsearch.index  ] [node_t2] [index-2.0.0-beta1] [index.merge.enabled] is set to false, this should only be used in tests and can cause serious problems in production environments
[2016-03-29 17:29:01,283][WARN ][org.elasticsearch.index  ] [node_t1] [index-2.0.0-beta1] [index.merge.enabled] is set to false, this should only be used in tests and can cause serious problems in production environments
[2016-03-29 17:29:01,308][WARN ][org.elasticsearch.index  ] [node_t1] [index-2.0.0-beta1] [index.merge.enabled] is set to false, this should only be used in tests and can cause serious problems in production environments
[2016-03-29 17:29:01,312][WARN ][org.elasticsearch.index  ] [node_t0] [index-2.0.0-beta1] [index.merge.enabled] is set to false, this should only be used in tests and can cause serious problems in production environments
[2016-03-29 17:29:01,528][WARN ][org.elasticsearch.index  ] [node_t2] [index-2.0.0-beta1] [index.merge.enabled] is set to false, this should only be used in tests and can cause serious problems in production environments
[2016-03-29 17:29:01,530][WARN ][org.elasticsearch.index  ] [node_t1] [index-2.0.0-beta1] [index.merge.enabled] is set to false, this should only be used in tests and can cause serious problems in production environments
[2016-03-29 17:29:01,533][WARN ][org.elasticsearch.index  ] [node_t0] [index-2.0.0-beta1] [index.merge.enabled] is set to false, this should only be used in tests and can cause serious problems in production environments
[2016-03-29 17:29:01,670][WARN ][org.elasticsearch.index  ] [node_t2] [index-2.0.0-beta1] [index.merge.enabled] is set to false, this should only be used in tests and can cause serious problems in production environments
[2016-03-29 17:29:01,670][WARN ][org.elasticsearch.index  ] [node_t1] [index-2.0.0-beta1] [index.merge.enabled] is set to false, this should only be used in tests and can cause serious problems in production environments
[2016-03-29 17:29:01,673][WARN ][org.elasticsearch.index  ] [node_t0] [index-2.0.0-beta1] [index.merge.enabled] is set to false, this should only be used in tests and can cause serious problems in production environments
[2016-03-29 17:29:01,861][WARN ][org.elasticsearch.index  ] [node_t0] [index-2.0.0-beta1] [index.merge.enabled] is set to false, this should only be used in tests and can cause serious problems in production environments
[2016-03-29 17:29:01,885][WARN ][org.elasticsearch.index  ] [node_t2] [index-2.0.0-beta1] [index.merge.enabled] is set to false, this should only be used in tests and can cause serious problems in production environments
[2016-03-29 17:29:01,885][WARN ][org.elasticsearch.index  ] [node_t1] [index-2.0.0-beta1] [index.merge.enabled] is set to false, this should only be used in tests and can cause serious problems in production environments
[2016-03-29 17:29:01,888][WARN ][org.elasticsearch.index  ] [node_t0] [index-2.0.0-beta1] [index.merge.enabled] is set to false, this should only be used in tests and can cause serious problems in production environments
[2016-03-29 17:29:01,895][WARN ][org.elasticsearch.index  ] [node_t0] [index-2.0.0-beta1] [index.merge.enabled] is set to false, this should only be used in tests and can cause serious problems in production environments
[2016-03-29 17:29:01,895][WARN ][org.elasticsearch.index  ] [node_t2] [index-2.0.0-beta1] [index.merge.enabled] is set to false, this should only be used in tests and can cause serious problems in production environments
[2016-03-29 17:29:01,896][WARN ][org.elasticsearch.index  ] [node_t1] [index-2.0.0-beta1] [index.merge.enabled] is set to false, this should only be used in tests and can cause serious problems in production environments
[2016-03-29 17:29:01,898][WARN ][org.elasticsearch.index  ] [node_t0] [index-2.0.0-beta1] [index.merge.enabled] is set to false, this should only be used in tests and can cause serious problems in production environments
[2016-03-29 17:29:01,904][WARN ][org.elasticsearch.index  ] [node_t2] [index-2.0.0-beta1] [index.merge.enabled] is set to false, this should only be used in tests and can cause serious problems in production environments
[2016-03-29 17:29:01,931][WARN ][org.elasticsearch.index  ] [node_t2] [index-2.0.0-beta1] [index.merge.enabled] is set to false, this should only be used in tests and can cause serious problems in production environments
[2016-03-29 17:29:01,934][WARN ][org.elasticsearch.index  ] [node_t1] [index-2.0.0-beta1] [index.merge.enabled] is set to false, this should only be used in tests and can cause serious problems in production environments
[2016-03-29 17:29:01,934][WARN ][org.elasticsearch.index  ] [node_t2] [index-2.0.0-beta1] [index.merge.enabled] is set to false, this should only be used in tests and can cause serious problems in production environments
[2016-03-29 17:29:01,937][WARN ][org.elasticsearch.index  ] [node_t2] [index-2.0.0-beta1] [index.merge.enabled] is set to false, this should only be used in tests and can cause serious problems in production environments
[2016-03-29 17:29:01,941][WARN ][org.elasticsearch.index  ] [node_t0] [index-2.0.0-beta1] [index.merge.enabled] is set to false, this should only be used in tests and can cause serious problems in production environments
[2016-03-29 17:29:02,161][WARN ][org.elasticsearch.index  ] [node_t2] [index-2.0.0-beta1] [index.merge.enabled] is set to false, this should only be used in tests and can cause serious problems in production environments
[2016-03-29 17:29:02,161][WARN ][org.elasticsearch.index  ] [node_t1] [index-2.0.0-beta1] [index.merge.enabled] is set to false, this should only be used in tests and can cause serious problems in production environments
[2016-03-29 17:29:02,166][WARN ][org.elasticsearch.index  ] [node_t0] [index-2.0.0-beta1] [index.merge.enabled] is set to false, this should only be used in tests and can cause serious problems in production environments
[2016-03-29 17:29:02,767][WARN ][org.elasticsearch.index  ] [node_t0] [index-2.0.0-beta1] [index.merge.enabled] is set to false, this should only be used in tests and can cause serious problems in production environments
[2016-03-29 17:29:02,767][WARN ][org.elasticsearch.index  ] [node_t0] [index-2.0.0-beta1] [index.merge.enabled] is set to false, this should only be used in tests and can cause serious problems in production environments
[2016-03-29 17:29:02,823][WARN ][org.elasticsearch.index  ] [node_t0] [index-2.0.1] [index.merge.enabled] is set to false, this should only be used in tests and can cause serious problems in production environments
[2016-03-29 17:29:02,825][WARN ][org.elasticsearch.index  ] [node_t0] [index-2.0.1] [index.merge.enabled] is set to false, this should only be used in tests and can cause serious problems in production environments
[2016-03-29 17:29:02,827][WARN ][org.elasticsearch.index  ] [node_t2] [index-2.0.1] [index.merge.enabled] is set to false, this should only be used in tests and can cause serious problems in production environments
[2016-03-29 17:29:02,828][WARN ][org.elasticsearch.index  ] [node_t1] [index-2.0.1] [index.merge.enabled] is set to false, this should only be used in tests and can cause serious problems in production environments
[2016-03-29 17:29:02,828][WARN ][org.elasticsearch.index  ] [node_t0] [index-2.0.1] [index.merge.enabled] is set to false, this should only be used in tests and can cause serious problems in production environments
[2016-03-29 17:29:02,832][WARN ][org.elasticsearch.index  ] [node_t1] [index-2.0.1] [index.merge.enabled] is set to false, this should only be used in tests and can cause serious problems in production environments
[2016-03-29 17:29:02,835][WARN ][org.elasticsearch.index  ] [node_t0] [index-2.0.1] [index.merge.enabled] is set to false, this should only be used in tests and can cause serious problems in production environments
[2016-03-29 17:29:02,836][WARN ][org.elasticsearch.index  ] [node_t1] [index-2.0.1] [index.merge.enabled] is set to false, this should only be used in tests and can cause serious problems in production environments
[2016-03-29 17:29:02,838][WARN ][org.elasticsearch.index  ] [node_t2] [index-2.0.1] [index.merge.enabled] is set to false, this should only be used in tests and can cause serious problems in production environments
[2016-03-29 17:29:02,839][WARN ][org.elasticsearch.index  ] [node_t1] [index-2.0.1] [index.merge.enabled] is set to false, this should only be used in tests and can cause serious problems in production environments
[2016-03-29 17:29:02,855][WARN ][org.elasticsearch.index  ] [node_t1] [index-2.0.1] [index.merge.enabled] is set to false, this should only be used in tests and can cause serious problems in production environments
[2016-03-29 17:29:02,858][WARN ][org.elasticsearch.index  ] [node_t0] [index-2.0.1] [index.merge.enabled] is set to false, this should only be used in tests and can cause serious problems in production environments
[2016-03-29 17:29:02,965][WARN ][org.elasticsearch.index  ] [node_t2] [index-2.0.1] [index.merge.enabled] is set to false, this should only be used in tests and can cause serious problems in production environments
[2016-03-29 17:29:02,967][WARN ][org.elasticsearch.index  ] [node_t1] [index-2.0.1] [index.merge.enabled] is set to false, this should only be used in tests and can cause serious problems in production environments
[2016-03-29 17:29:02,971][WARN ][org.elasticsearch.index  ] [node_t0] [index-2.0.1] [index.merge.enabled] is set to false, this should only be used in tests and can cause serious problems in production environments
[2016-03-29 17:29:03,018][WARN ][org.elasticsearch.index  ] [node_t1] [index-2.0.1] [index.merge.enabled] is set to false, this should only be used in tests and can cause serious problems in production environments
[2016-03-29 17:29:03,019][WARN ][org.elasticsearch.index  ] [node_t2] [index-2.0.1] [index.merge.enabled] is set to false, this should only be used in tests and can cause serious problems in production environments
[2016-03-29 17:29:03,020][WARN ][org.elasticsearch.index  ] [node_t0] [index-2.0.1] [index.merge.enabled] is set to false, this should only be used in tests and can cause serious problems in production environments
[2016-03-29 17:29:03,026][WARN ][org.elasticsearch.index  ] [node_t0] [index-2.0.1] [index.merge.enabled] is set to false, this should only be used in tests and can cause serious problems in production environments
[2016-03-29 17:29:03,057][WARN ][org.elasticsearch.index  ] [node_t2] [index-2.0.1] [index.merge.enabled] is set to false, this should only be used in tests and can cause serious problems in production environments
[2016-03-29 17:29:03,057][WARN ][org.elasticsearch.index  ] [node_t1] [index-2.0.1] [index.merge.enabled] is set to false, this should only be used in tests and can cause serious problems in production environments
[2016-03-29 17:29:03,060][WARN ][org.elasticsearch.index  ] [node_t0] [index-2.0.1] [index.merge.enabled] is set to false, this should only be used in tests and can cause serious problems in production environments
[2016-03-29 17:29:03,063][WARN ][org.elasticsearch.index  ] [node_t0] [index-2.0.1] [index.merge.enabled] is set to false, this should only be used in tests and can cause serious problems in production environments
[2016-03-29 17:29:03,063][WARN ][org.elasticsearch.index  ] [node_t2] [index-2.0.1] [index.merge.enabled] is set to false, this should only be used in tests and can cause serious problems in production environments
[2016-03-29 17:29:03,063][WARN ][org.elasticsearch.index  ] [node_t2] [index-2.0.1] [index.merge.enabled] is set to false, this should only be used in tests and can cause serious problems in production environments
[2016-03-29 17:29:03,064][WARN ][org.elasticsearch.index  ] [node_t1] [index-2.0.1] [index.merge.enabled] is set to false, this should only be used in tests and can cause serious problems in production environments
[2016-03-29 17:29:03,066][WARN ][org.elasticsearch.index  ] [node_t0] [index-2.0.1] [index.merge.enabled] is set to false, this should only be used in tests and can cause serious problems in production environments
[2016-03-29 17:29:03,129][WARN ][org.elasticsearch.index  ] [node_t2] [index-2.0.1] [index.merge.enabled] is set to false, this should only be used in tests and can cause serious problems in production environments
[2016-03-29 17:29:03,132][WARN ][org.elasticsearch.index  ] [node_t1] [index-2.0.1] [index.merge.enabled] is set to false, this should only be used in tests and can cause serious problems in production environments
[2016-03-29 17:29:03,133][WARN ][org.elasticsearch.index  ] [node_t2] [index-2.0.1] [index.merge.enabled] is set to false, this should only be used in tests and can cause serious problems in production environments
[2016-03-29 17:29:03,135][WARN ][org.elasticsearch.index  ] [node_t2] [index-2.0.1] [index.merge.enabled] is set to false, this should only be used in tests and can cause serious problems in production environments
[2016-03-29 17:29:03,141][WARN ][org.elasticsearch.index  ] [node_t0] [index-2.0.1] [index.merge.enabled] is set to false, this should only be used in tests and can cause serious problems in production environments
[2016-03-29 17:29:03,512][WARN ][org.elasticsearch.index  ] [node_t1] [index-2.0.1] [index.merge.enabled] is set to false, this should only be used in tests and can cause serious problems in production environments
[2016-03-29 17:29:03,512][WARN ][org.elasticsearch.index  ] [node_t2] [index-2.0.1] [index.merge.enabled] is set to false, this should only be used in tests and can cause serious problems in production environments
[2016-03-29 17:29:03,516][WARN ][org.elasticsearch.index  ] [node_t0] [index-2.0.1] [index.merge.enabled] is set to false, this should only be used in tests and can cause serious problems in production environments
[2016-03-29 17:29:04,683][WARN ][org.elasticsearch.index  ] [node_t0] [index-2.0.1] [index.merge.enabled] is set to false, this should only be used in tests and can cause serious problems in production environments
[2016-03-29 17:29:04,684][WARN ][org.elasticsearch.index  ] [node_t0] [index-2.0.1] [index.merge.enabled] is set to false, this should only be used in tests and can cause serious problems in production environments
[2016-03-29 17:29:04,823][WARN ][org.elasticsearch.index  ] [node_t0] [index-2.1.1] [index.merge.enabled] is set to false, this should only be used in tests and can cause serious problems in production environments
[2016-03-29 17:29:04,825][WARN ][org.elasticsearch.index  ] [node_t0] [index-2.1.1] [index.merge.enabled] is set to false, this should only be used in tests and can cause serious problems in production environments
[2016-03-29 17:29:04,826][WARN ][org.elasticsearch.index  ] [node_t1] [index-2.1.1] [index.merge.enabled] is set to false, this should only be used in tests and can cause serious problems in production environments
[2016-03-29 17:29:04,826][WARN ][org.elasticsearch.index  ] [node_t2] [index-2.1.1] [index.merge.enabled] is set to false, this should only be used in tests and can cause serious problems in production environments
[2016-03-29 17:29:04,827][WARN ][org.elasticsearch.index  ] [node_t0] [index-2.1.1] [index.merge.enabled] is set to false, this should only be used in tests and can cause serious problems in production environments
[2016-03-29 17:29:04,831][WARN ][org.elasticsearch.index  ] [node_t2] [index-2.1.1] [index.merge.enabled] is set to false, this should only be used in tests and can cause serious problems in production environments
[2016-03-29 17:29:04,850][WARN ][org.elasticsearch.index  ] [node_t0] [index-2.1.1] [index.merge.enabled] is set to false, this should only be used in tests and can cause serious problems in production environments
[2016-03-29 17:29:04,850][WARN ][org.elasticsearch.index  ] [node_t1] [index-2.1.1] [index.merge.enabled] is set to false, this should only be used in tests and can cause serious problems in production environments
[2016-03-29 17:29:04,851][WARN ][org.elasticsearch.index  ] [node_t2] [index-2.1.1] [index.merge.enabled] is set to false, this should only be used in tests and can cause serious problems in production environments
[2016-03-29 17:29:04,854][WARN ][org.elasticsearch.index  ] [node_t2] [index-2.1.1] [index.merge.enabled] is set to false, this should only be used in tests and can cause serious problems in production environments
[2016-03-29 17:29:04,857][WARN ][org.elasticsearch.index  ] [node_t2] [index-2.1.1] [index.merge.enabled] is set to false, this should only be used in tests and can cause serious problems in production environments
[2016-03-29 17:29:04,861][WARN ][org.elasticsearch.index  ] [node_t0] [index-2.1.1] [index.merge.enabled] is set to false, this should only be used in tests and can cause serious problems in production environments
[2016-03-29 17:29:04,948][WARN ][org.elasticsearch.index  ] [node_t1] [index-2.1.1] [index.merge.enabled] is set to false, this should only be used in tests and can cause serious problems in production environments
[2016-03-29 17:29:04,950][WARN ][org.elasticsearch.index  ] [node_t2] [index-2.1.1] [index.merge.enabled] is set to false, this should only be used in tests and can cause serious problems in production environments
[2016-03-29 17:29:04,954][WARN ][org.elasticsearch.index  ] [node_t0] [index-2.1.1] [index.merge.enabled] is set to false, this should only be used in tests and can cause serious problems in production environments
[2016-03-29 17:29:04,986][WARN ][org.elasticsearch.index  ] [node_t1] [index-2.1.1] [index.merge.enabled] is set to false, this should only be used in tests and can cause serious problems in production environments
[2016-03-29 17:29:04,988][WARN ][org.elasticsearch.index  ] [node_t2] [index-2.1.1] [index.merge.enabled] is set to false, this should only be used in tests and can cause serious problems in production environments
[2016-03-29 17:29:04,992][WARN ][org.elasticsearch.index  ] [node_t0] [index-2.1.1] [index.merge.enabled] is set to false, this should only be used in tests and can cause serious problems in production environments
[2016-03-29 17:29:05,006][WARN ][org.elasticsearch.index  ] [node_t0] [index-2.1.1] [index.merge.enabled] is set to false, this should only be used in tests and can cause serious problems in production environments
[2016-03-29 17:29:05,023][WARN ][org.elasticsearch.index  ] [node_t1] [index-2.1.1] [index.merge.enabled] is set to false, this should only be used in tests and can cause serious problems in production environments
[2016-03-29 17:29:05,023][WARN ][org.elasticsearch.index  ] [node_t2] [index-2.1.1] [index.merge.enabled] is set to false, this should only be used in tests and can cause serious problems in production environments
[2016-03-29 17:29:05,027][WARN ][org.elasticsearch.index  ] [node_t0] [index-2.1.1] [index.merge.enabled] is set to false, this should only be used in tests and can cause serious problems in production environments
[2016-03-29 17:29:05,030][WARN ][org.elasticsearch.index  ] [node_t1] [index-2.1.1] [index.merge.enabled] is set to false, this should only be used in tests and can cause serious problems in production environments
[2016-03-29 17:29:05,030][WARN ][org.elasticsearch.index  ] [node_t0] [index-2.1.1] [index.merge.enabled] is set to false, this should only be used in tests and can cause serious problems in production environments
[2016-03-29 17:29:05,030][WARN ][org.elasticsearch.index  ] [node_t1] [index-2.1.1] [index.merge.enabled] is set to false, this should only be used in tests and can cause serious problems in production environments
[2016-03-29 17:29:05,031][WARN ][org.elasticsearch.index  ] [node_t2] [index-2.1.1] [index.merge.enabled] is set to false, this should only be used in tests and can cause serious problems in production environments
[2016-03-29 17:29:05,035][WARN ][org.elasticsearch.index  ] [node_t0] [index-2.1.1] [index.merge.enabled] is set to false, this should only be used in tests and can cause serious problems in production environments
[2016-03-29 17:29:05,044][WARN ][org.elasticsearch.index  ] [node_t1] [index-2.1.1] [index.merge.enabled] is set to false, this should only be used in tests and can cause serious problems in production environments
[2016-03-29 17:29:05,045][WARN ][org.elasticsearch.index  ] [node_t2] [index-2.1.1] [index.merge.enabled] is set to false, this should only be used in tests and can cause serious problems in production environments
[2016-03-29 17:29:05,046][WARN ][org.elasticsearch.index  ] [node_t0] [index-2.1.1] [index.merge.enabled] is set to false, this should only be used in tests and can cause serious problems in production environments
[2016-03-29 17:29:05,049][WARN ][org.elasticsearch.index  ] [node_t0] [index-2.1.1] [index.merge.enabled] is set to false, this should only be used in tests and can cause serious problems in production environments
[2016-03-29 17:29:05,051][WARN ][org.elasticsearch.index  ] [node_t0] [index-2.1.1] [index.merge.enabled] is set to false, this should only be used in tests and can cause serious problems in production environments
[2016-03-29 17:29:05,254][WARN ][org.elasticsearch.index  ] [node_t1] [index-2.1.1] [index.merge.enabled] is set to false, this should only be used in tests and can cause serious problems in production environments
[2016-03-29 17:29:05,256][WARN ][org.elasticsearch.index  ] [node_t2] [index-2.1.1] [index.merge.enabled] is set to false, this should only be used in tests and can cause serious problems in production environments
[2016-03-29 17:29:05,261][WARN ][org.elasticsearch.index  ] [node_t0] [index-2.1.1] [index.merge.enabled] is set to false, this should only be used in tests and can cause serious problems in production environments
[2016-03-29 17:29:05,550][WARN ][org.elasticsearch.index  ] [node_t1] [index-2.1.1] [index.merge.enabled] is set to false, this should only be used in tests and can cause serious problems in production environments
[2016-03-29 17:29:05,550][WARN ][org.elasticsearch.index  ] [node_t1] [index-2.1.1] [index.merge.enabled] is set to false, this should only be used in tests and can cause serious problems in production environments
[2016-03-29 17:29:05,679][WARN ][org.elasticsearch.index  ] [node_t0] [index-2.0.0-rc1] [index.merge.enabled] is set to false, this should only be used in tests and can cause serious problems in production environments
[2016-03-29 17:29:05,680][WARN ][org.elasticsearch.index  ] [node_t0] [index-2.0.0-rc1] [index.merge.enabled] is set to false, this should only be used in tests and can cause serious problems in production environments
[2016-03-29 17:29:05,681][WARN ][org.elasticsearch.index  ] [node_t1] [index-2.0.0-rc1] [index.merge.enabled] is set to false, this should only be used in tests and can cause serious problems in production environments
[2016-03-29 17:29:05,681][WARN ][org.elasticsearch.index  ] [node_t2] [index-2.0.0-rc1] [index.merge.enabled] is set to false, this should only be used in tests and can cause serious problems in production environments
[2016-03-29 17:29:05,681][WARN ][org.elasticsearch.index  ] [node_t1] [index-2.0.0-rc1] [index.merge.enabled] is set to false, this should only be used in tests and can cause serious problems in production environments
[2016-03-29 17:29:05,682][WARN ][org.elasticsearch.index  ] [node_t0] [index-2.0.0-rc1] [index.merge.enabled] is set to false, this should only be used in tests and can cause serious problems in production environments
[2016-03-29 17:29:05,685][WARN ][org.elasticsearch.index  ] [node_t0] [index-2.0.0-rc1] [index.merge.enabled] is set to false, this should only be used in tests and can cause serious problems in production environments
[2016-03-29 17:29:05,686][WARN ][org.elasticsearch.index  ] [node_t2] [index-2.0.0-rc1] [index.merge.enabled] is set to false, this should only be used in tests and can cause serious problems in production environments
[2016-03-29 17:29:05,686][WARN ][org.elasticsearch.index  ] [node_t1] [index-2.0.0-rc1] [index.merge.enabled] is set to false, this should only be used in tests and can cause serious problems in production environments
[2016-03-29 17:29:05,688][WARN ][org.elasticsearch.index  ] [node_t1] [index-2.0.0-rc1] [index.merge.enabled] is set to false, this should only be used in tests and can cause serious problems in production environments
[2016-03-29 17:29:05,696][WARN ][org.elasticsearch.index  ] [node_t1] [index-2.0.0-rc1] [index.merge.enabled] is set to false, this should only be used in tests and can cause serious problems in production environments
[2016-03-29 17:29:05,699][WARN ][org.elasticsearch.index  ] [node_t0] [index-2.0.0-rc1] [index.merge.enabled] is set to false, this should only be used in tests and can cause serious problems in production environments
[2016-03-29 17:29:05,721][WARN ][org.elasticsearch.index  ] [node_t2] [index-2.0.0-rc1] [index.merge.enabled] is set to false, this should only be used in tests and can cause serious problems in production environments
[2016-03-29 17:29:05,722][WARN ][org.elasticsearch.index  ] [node_t1] [index-2.0.0-rc1] [index.merge.enabled] is set to false, this should only be used in tests and can cause serious problems in production environments
[2016-03-29 17:29:05,724][WARN ][org.elasticsearch.index  ] [node_t0] [index-2.0.0-rc1] [index.merge.enabled] is set to false, this should only be used in tests and can cause serious problems in production environments
[2016-03-29 17:29:05,741][WARN ][org.elasticsearch.index  ] [node_t2] [index-2.0.0-rc1] [index.merge.enabled] is set to false, this should only be used in tests and can cause serious problems in production environments
[2016-03-29 17:29:05,742][WARN ][org.elasticsearch.index  ] [node_t1] [index-2.0.0-rc1] [index.merge.enabled] is set to false, this should only be used in tests and can cause serious problems in production environments
[2016-03-29 17:29:05,744][WARN ][org.elasticsearch.index  ] [node_t0] [index-2.0.0-rc1] [index.merge.enabled] is set to false, this should only be used in tests and can cause serious problems in production environments
[2016-03-29 17:29:05,748][WARN ][org.elasticsearch.index  ] [node_t0] [index-2.0.0-rc1] [index.merge.enabled] is set to false, this should only be used in tests and can cause serious problems in production environments
[2016-03-29 17:29:05,761][WARN ][org.elasticsearch.index  ] [node_t2] [index-2.0.0-rc1] [index.merge.enabled] is set to false, this should only be used in tests and can cause serious problems in production environments
[2016-03-29 17:29:05,761][WARN ][org.elasticsearch.index  ] [node_t1] [index-2.0.0-rc1] [index.merge.enabled] is set to false, this should only be used in tests and can cause serious problems in production environments
[2016-03-29 17:29:05,763][WARN ][org.elasticsearch.index  ] [node_t0] [index-2.0.0-rc1] [index.merge.enabled] is set to false, this should only be used in tests and can cause serious problems in production environments
[2016-03-29 17:29:05,766][WARN ][org.elasticsearch.index  ] [node_t2] [index-2.0.0-rc1] [index.merge.enabled] is set to false, this should only be used in tests and can cause serious problems in production environments
[2016-03-29 17:29:05,766][WARN ][org.elasticsearch.index  ] [node_t0] [index-2.0.0-rc1] [index.merge.enabled] is set to false, this should only be used in tests and can cause serious problems in production environments
[2016-03-29 17:29:05,773][WARN ][org.elasticsearch.index  ] [node_t2] [index-2.0.0-rc1] [index.merge.enabled] is set to false, this should only be used in tests and can cause serious problems in production environments
[2016-03-29 17:29:05,773][WARN ][org.elasticsearch.index  ] [node_t1] [index-2.0.0-rc1] [index.merge.enabled] is set to false, this should only be used in tests and can cause serious problems in production environments
[2016-03-29 17:29:05,776][WARN ][org.elasticsearch.index  ] [node_t0] [index-2.0.0-rc1] [index.merge.enabled] is set to false, this should only be used in tests and can cause serious problems in production environments
[2016-03-29 17:29:05,783][WARN ][org.elasticsearch.index  ] [node_t2] [index-2.0.0-rc1] [index.merge.enabled] is set to false, this should only be used in tests and can cause serious problems in production environments
[2016-03-29 17:29:05,785][WARN ][org.elasticsearch.index  ] [node_t1] [index-2.0.0-rc1] [index.merge.enabled] is set to false, this should only be used in tests and can cause serious problems in production environments
[2016-03-29 17:29:05,786][WARN ][org.elasticsearch.index  ] [node_t2] [index-2.0.0-rc1] [index.merge.enabled] is set to false, this should only be used in tests and can cause serious problems in production environments
[2016-03-29 17:29:05,788][WARN ][org.elasticsearch.index  ] [node_t2] [index-2.0.0-rc1] [index.merge.enabled] is set to false, this should only be used in tests and can cause serious problems in production environments
[2016-03-29 17:29:05,792][WARN ][org.elasticsearch.index  ] [node_t0] [index-2.0.0-rc1] [index.merge.enabled] is set to false, this should only be used in tests and can cause serious problems in production environments
[2016-03-29 17:29:06,776][WARN ][org.elasticsearch.index  ] [node_t1] [index-2.0.0-rc1] [index.merge.enabled] is set to false, this should only be used in tests and can cause serious problems in production environments
[2016-03-29 17:29:06,776][WARN ][org.elasticsearch.index  ] [node_t2] [index-2.0.0-rc1] [index.merge.enabled] is set to false, this should only be used in tests and can cause serious problems in production environments
[2016-03-29 17:29:06,780][WARN ][org.elasticsearch.index  ] [node_t0] [index-2.0.0-rc1] [index.merge.enabled] is set to false, this should only be used in tests and can cause serious problems in production environments
[2016-03-29 17:29:08,208][WARN ][org.elasticsearch.index  ] [node_t0] [index-2.0.0-rc1] [index.merge.enabled] is set to false, this should only be used in tests and can cause serious problems in production environments
[2016-03-29 17:29:08,208][WARN ][org.elasticsearch.index  ] [node_t0] [index-2.0.0-rc1] [index.merge.enabled] is set to false, this should only be used in tests and can cause serious problems in production environments
[2016-03-29 17:29:08,399][WARN ][org.elasticsearch.index  ] [node_t0] [index-2.0.0] [index.merge.enabled] is set to false, this should only be used in tests and can cause serious problems in production environments
[2016-03-29 17:29:08,400][WARN ][org.elasticsearch.index  ] [node_t0] [index-2.0.0] [index.merge.enabled] is set to false, this should only be used in tests and can cause serious problems in production environments
[2016-03-29 17:29:08,401][WARN ][org.elasticsearch.index  ] [node_t1] [index-2.0.0] [index.merge.enabled] is set to false, this should only be used in tests and can cause serious problems in production environments
[2016-03-29 17:29:08,401][WARN ][org.elasticsearch.index  ] [node_t2] [index-2.0.0] [index.merge.enabled] is set to false, this should only be used in tests and can cause serious problems in production environments
[2016-03-29 17:29:08,401][WARN ][org.elasticsearch.index  ] [node_t2] [index-2.0.0] [index.merge.enabled] is set to false, this should only be used in tests and can cause serious problems in production environments
[2016-03-29 17:29:08,402][WARN ][org.elasticsearch.index  ] [node_t0] [index-2.0.0] [index.merge.enabled] is set to false, this should only be used in tests and can cause serious problems in production environments
[2016-03-29 17:29:08,420][WARN ][org.elasticsearch.index  ] [node_t0] [index-2.0.0] [index.merge.enabled] is set to false, this should only be used in tests and can cause serious problems in production environments
[2016-03-29 17:29:08,421][WARN ][org.elasticsearch.index  ] [node_t1] [index-2.0.0] [index.merge.enabled] is set to false, this should only be used in tests and can cause serious problems in production environments
[2016-03-29 17:29:08,421][WARN ][org.elasticsearch.index  ] [node_t2] [index-2.0.0] [index.merge.enabled] is set to false, this should only be used in tests and can cause serious problems in production environments
[2016-03-29 17:29:08,424][WARN ][org.elasticsearch.index  ] [node_t2] [index-2.0.0] [index.merge.enabled] is set to false, this should only be used in tests and can cause serious problems in production environments
[2016-03-29 17:29:08,543][WARN ][org.elasticsearch.index  ] [node_t2] [index-2.0.0] [index.merge.enabled] is set to false, this should only be used in tests and can cause serious problems in production environments
[2016-03-29 17:29:08,547][WARN ][org.elasticsearch.index  ] [node_t0] [index-2.0.0] [index.merge.enabled] is set to false, this should only be used in tests and can cause serious problems in production environments
[2016-03-29 17:29:08,923][WARN ][org.elasticsearch.index  ] [node_t1] [index-2.0.0] [index.merge.enabled] is set to false, this should only be used in tests and can cause serious problems in production environments
[2016-03-29 17:29:08,925][WARN ][org.elasticsearch.index  ] [node_t2] [index-2.0.0] [index.merge.enabled] is set to false, this should only be used in tests and can cause serious problems in production environments
[2016-03-29 17:29:08,929][WARN ][org.elasticsearch.index  ] [node_t0] [index-2.0.0] [index.merge.enabled] is set to false, this should only be used in tests and can cause serious problems in production environments
[2016-03-29 17:29:09,027][WARN ][org.elasticsearch.index  ] [node_t1] [index-2.0.0] [index.merge.enabled] is set to false, this should only be used in tests and can cause serious problems in production environments
[2016-03-29 17:29:09,027][WARN ][org.elasticsearch.index  ] [node_t2] [index-2.0.0] [index.merge.enabled] is set to false, this should only be used in tests and can cause serious problems in production environments
[2016-03-29 17:29:09,031][WARN ][org.elasticsearch.index  ] [node_t0] [index-2.0.0] [index.merge.enabled] is set to false, this should only be used in tests and can cause serious problems in production environments
[2016-03-29 17:29:09,036][WARN ][org.elasticsearch.index  ] [node_t0] [index-2.0.0] [index.merge.enabled] is set to false, this should only be used in tests and can cause serious problems in production environments
[2016-03-29 17:29:09,050][WARN ][org.elasticsearch.index  ] [node_t1] [index-2.0.0] [index.merge.enabled] is set to false, this should only be used in tests and can cause serious problems in production environments
[2016-03-29 17:29:09,050][WARN ][org.elasticsearch.index  ] [node_t2] [index-2.0.0] [index.merge.enabled] is set to false, this should only be used in tests and can cause serious problems in production environments
[2016-03-29 17:29:09,054][WARN ][org.elasticsearch.index  ] [node_t0] [index-2.0.0] [index.merge.enabled] is set to false, this should only be used in tests and can cause serious problems in production environments
[2016-03-29 17:29:09,057][WARN ][org.elasticsearch.index  ] [node_t0] [index-2.0.0] [index.merge.enabled] is set to false, this should only be used in tests and can cause serious problems in production environments
[2016-03-29 17:29:09,057][WARN ][org.elasticsearch.index  ] [node_t1] [index-2.0.0] [index.merge.enabled] is set to false, this should only be used in tests and can cause serious problems in production environments
[2016-03-29 17:29:09,057][WARN ][org.elasticsearch.index  ] [node_t1] [index-2.0.0] [index.merge.enabled] is set to false, this should only be used in tests and can cause serious problems in production environments
[2016-03-29 17:29:09,058][WARN ][org.elasticsearch.index  ] [node_t2] [index-2.0.0] [index.merge.enabled] is set to false, this should only be used in tests and can cause serious problems in production environments
[2016-03-29 17:29:09,062][WARN ][org.elasticsearch.index  ] [node_t0] [index-2.0.0] [index.merge.enabled] is set to false, this should only be used in tests and can cause serious problems in production environments
[2016-03-29 17:29:09,133][WARN ][org.elasticsearch.index  ] [node_t1] [index-2.0.0] [index.merge.enabled] is set to false, this should only be used in tests and can cause serious problems in production environments
[2016-03-29 17:29:09,134][WARN ][org.elasticsearch.index  ] [node_t2] [index-2.0.0] [index.merge.enabled] is set to false, this should only be used in tests and can cause serious problems in production environments
[2016-03-29 17:29:09,135][WARN ][org.elasticsearch.index  ] [node_t0] [index-2.0.0] [index.merge.enabled] is set to false, this should only be used in tests and can cause serious problems in production environments
[2016-03-29 17:29:09,138][WARN ][org.elasticsearch.index  ] [node_t0] [index-2.0.0] [index.merge.enabled] is set to false, this should only be used in tests and can cause serious problems in production environments
[2016-03-29 17:29:09,140][WARN ][org.elasticsearch.index  ] [node_t0] [index-2.0.0] [index.merge.enabled] is set to false, this should only be used in tests and can cause serious problems in production environments
[2016-03-29 17:29:09,680][WARN ][org.elasticsearch.index  ] [node_t1] [index-2.0.0] [index.merge.enabled] is set to false, this should only be used in tests and can cause serious problems in production environments
[2016-03-29 17:29:09,681][WARN ][org.elasticsearch.index  ] [node_t2] [index-2.0.0] [index.merge.enabled] is set to false, this should only be used in tests and can cause serious problems in production environments
[2016-03-29 17:29:09,687][WARN ][org.elasticsearch.index  ] [node_t0] [index-2.0.0] [index.merge.enabled] is set to false, this should only be used in tests and can cause serious problems in production environments
[2016-03-29 17:29:11,037][WARN ][org.elasticsearch.index  ] [node_t1] [index-2.0.0] [index.merge.enabled] is set to false, this should only be used in tests and can cause serious problems in production environments
[2016-03-29 17:29:11,037][WARN ][org.elasticsearch.index  ] [node_t1] [index-2.0.0] [index.merge.enabled] is set to false, this should only be used in tests and can cause serious problems in production environments
[2016-03-29 17:29:11,642][WARN ][org.elasticsearch.index  ] [node_t0] [index-2.0.0-beta2] [index.merge.enabled] is set to false, this should only be used in tests and can cause serious problems in production environments
[2016-03-29 17:29:11,643][WARN ][org.elasticsearch.index  ] [node_t0] [index-2.0.0-beta2] [index.merge.enabled] is set to false, this should only be used in tests and can cause serious problems in production environments
[2016-03-29 17:29:11,644][WARN ][org.elasticsearch.index  ] [node_t1] [index-2.0.0-beta2] [index.merge.enabled] is set to false, this should only be used in tests and can cause serious problems in production environments
[2016-03-29 17:29:11,644][WARN ][org.elasticsearch.index  ] [node_t2] [index-2.0.0-beta2] [index.merge.enabled] is set to false, this should only be used in tests and can cause serious problems in production environments
[2016-03-29 17:29:11,645][WARN ][org.elasticsearch.index  ] [node_t0] [index-2.0.0-beta2] [index.merge.enabled] is set to false, this should only be used in tests and can cause serious problems in production environments
[2016-03-29 17:29:11,652][WARN ][org.elasticsearch.index  ] [node_t1] [index-2.0.0-beta2] [index.merge.enabled] is set to false, this should only be used in tests and can cause serious problems in production environments
[2016-03-29 17:29:11,666][WARN ][org.elasticsearch.index  ] [node_t0] [index-2.0.0-beta2] [index.merge.enabled] is set to false, this should only be used in tests and can cause serious problems in production environments
[2016-03-29 17:29:11,676][WARN ][org.elasticsearch.index  ] [node_t2] [index-2.0.0-beta2] [index.merge.enabled] is set to false, this should only be used in tests and can cause serious problems in production environments
[2016-03-29 17:29:11,676][WARN ][org.elasticsearch.index  ] [node_t1] [index-2.0.0-beta2] [index.merge.enabled] is set to false, this should only be used in tests and can cause serious problems in production environments
[2016-03-29 17:29:11,679][WARN ][org.elasticsearch.index  ] [node_t1] [index-2.0.0-beta2] [index.merge.enabled] is set to false, this should only be used in tests and can cause serious problems in production environments
[2016-03-29 17:29:11,688][WARN ][org.elasticsearch.index  ] [node_t1] [index-2.0.0-beta2] [index.merge.enabled] is set to false, this should only be used in tests and can cause serious problems in production environments
[2016-03-29 17:29:11,690][WARN ][org.elasticsearch.index  ] [node_t0] [index-2.0.0-beta2] [index.merge.enabled] is set to false, this should only be used in tests and can cause serious problems in production environments
[2016-03-29 17:29:11,813][WARN ][org.elasticsearch.index  ] [node_t2] [index-2.0.0-beta2] [index.merge.enabled] is set to false, this should only be used in tests and can cause serious problems in production environments
[2016-03-29 17:29:11,815][WARN ][org.elasticsearch.index  ] [node_t1] [index-2.0.0-beta2] [index.merge.enabled] is set to false, this should only be used in tests and can cause serious problems in production environments
[2016-03-29 17:29:11,817][WARN ][org.elasticsearch.index  ] [node_t0] [index-2.0.0-beta2] [index.merge.enabled] is set to false, this should only be used in tests and can cause serious problems in production environments
[2016-03-29 17:29:11,857][WARN ][org.elasticsearch.index  ] [node_t2] [index-2.0.0-beta2] [index.merge.enabled] is set to false, this should only be used in tests and can cause serious problems in production environments
[2016-03-29 17:29:11,858][WARN ][org.elasticsearch.index  ] [node_t1] [index-2.0.0-beta2] [index.merge.enabled] is set to false, this should only be used in tests and can cause serious problems in production environments
[2016-03-29 17:29:11,860][WARN ][org.elasticsearch.index  ] [node_t0] [index-2.0.0-beta2] [index.merge.enabled] is set to false, this should only be used in tests and can cause serious problems in production environments
[2016-03-29 17:29:11,891][WARN ][org.elasticsearch.index  ] [node_t0] [index-2.0.0-beta2] [index.merge.enabled] is set to false, this should only be used in tests and can cause serious problems in production environments
[2016-03-29 17:29:11,931][WARN ][org.elasticsearch.index  ] [node_t2] [index-2.0.0-beta2] [index.merge.enabled] is set to false, this should only be used in tests and can cause serious problems in production environments
[2016-03-29 17:29:11,932][WARN ][org.elasticsearch.index  ] [node_t1] [index-2.0.0-beta2] [index.merge.enabled] is set to false, this should only be used in tests and can cause serious problems in production environments
[2016-03-29 17:29:11,934][WARN ][org.elasticsearch.index  ] [node_t0] [index-2.0.0-beta2] [index.merge.enabled] is set to false, this should only be used in tests and can cause serious problems in production environments
[2016-03-29 17:29:11,937][WARN ][org.elasticsearch.index  ] [node_t0] [index-2.0.0-beta2] [index.merge.enabled] is set to false, this should only be used in tests and can cause serious problems in production environments
[2016-03-29 17:29:11,937][WARN ][org.elasticsearch.index  ] [node_t2] [index-2.0.0-beta2] [index.merge.enabled] is set to false, this should only be used in tests and can cause serious problems in production environments
[2016-03-29 17:29:11,938][WARN ][org.elasticsearch.index  ] [node_t2] [index-2.0.0-beta2] [index.merge.enabled] is set to false, this should only be used in tests and can cause serious problems in production environments
[2016-03-29 17:29:11,938][WARN ][org.elasticsearch.index  ] [node_t1] [index-2.0.0-beta2] [index.merge.enabled] is set to false, this should only be used in tests and can cause serious problems in production environments
[2016-03-29 17:29:11,940][WARN ][org.elasticsearch.index  ] [node_t0] [index-2.0.0-beta2] [index.merge.enabled] is set to false, this should only be used in tests and can cause serious problems in production environments
[2016-03-29 17:29:12,088][WARN ][org.elasticsearch.index  ] [node_t2] [index-2.0.0-beta2] [index.merge.enabled] is set to false, this should only be used in tests and can cause serious problems in production environments
[2016-03-29 17:29:12,090][WARN ][org.elasticsearch.index  ] [node_t1] [index-2.0.0-beta2] [index.merge.enabled] is set to false, this should only be used in tests and can cause serious problems in production environments
[2016-03-29 17:29:12,091][WARN ][org.elasticsearch.index  ] [node_t2] [index-2.0.0-beta2] [index.merge.enabled] is set to false, this should only be used in tests and can cause serious problems in production environments
[2016-03-29 17:29:12,093][WARN ][org.elasticsearch.index  ] [node_t2] [index-2.0.0-beta2] [index.merge.enabled] is set to false, this should only be used in tests and can cause serious problems in production environments
[2016-03-29 17:29:12,098][WARN ][org.elasticsearch.index  ] [node_t0] [index-2.0.0-beta2] [index.merge.enabled] is set to false, this should only be used in tests and can cause serious problems in production environments
[2016-03-29 17:29:13,137][WARN ][org.elasticsearch.index  ] [node_t2] [index-2.0.0-beta2] [index.merge.enabled] is set to false, this should only be used in tests and can cause serious problems in production environments
[2016-03-29 17:29:13,137][WARN ][org.elasticsearch.index  ] [node_t1] [index-2.0.0-beta2] [index.merge.enabled] is set to false, this should only be used in tests and can cause serious problems in production environments
[2016-03-29 17:29:13,141][WARN ][org.elasticsearch.index  ] [node_t0] [index-2.0.0-beta2] [index.merge.enabled] is set to false, this should only be used in tests and can cause serious problems in production environments
[2016-03-29 17:29:14,059][WARN ][org.elasticsearch.index  ] [node_t0] [index-2.0.0-beta2] [index.merge.enabled] is set to false, this should only be used in tests and can cause serious problems in production environments
[2016-03-29 17:29:14,060][WARN ][org.elasticsearch.index  ] [node_t0] [index-2.0.0-beta2] [index.merge.enabled] is set to false, this should only be used in tests and can cause serious problems in production environments
[2016-03-29 17:29:14,176][WARN ][org.elasticsearch.index  ] [node_t0] [index-2.0.2] [index.merge.enabled] is set to false, this should only be used in tests and can cause serious problems in production environments
[2016-03-29 17:29:14,178][WARN ][org.elasticsearch.index  ] [node_t0] [index-2.0.2] [index.merge.enabled] is set to false, this should only be used in tests and can cause serious problems in production environments
[2016-03-29 17:29:14,179][WARN ][org.elasticsearch.index  ] [node_t1] [index-2.0.2] [index.merge.enabled] is set to false, this should only be used in tests and can cause serious problems in production environments
[2016-03-29 17:29:14,179][WARN ][org.elasticsearch.index  ] [node_t2] [index-2.0.2] [index.merge.enabled] is set to false, this should only be used in tests and can cause serious problems in production environments
[2016-03-29 17:29:14,180][WARN ][org.elasticsearch.index  ] [node_t0] [index-2.0.2] [index.merge.enabled] is set to false, this should only be used in tests and can cause serious problems in production environments
[2016-03-29 17:29:14,183][WARN ][org.elasticsearch.index  ] [node_t2] [index-2.0.2] [index.merge.enabled] is set to false, this should only be used in tests and can cause serious problems in production environments
[2016-03-29 17:29:14,186][WARN ][org.elasticsearch.index  ] [node_t0] [index-2.0.2] [index.merge.enabled] is set to false, this should only be used in tests and can cause serious problems in production environments
[2016-03-29 17:29:14,186][WARN ][org.elasticsearch.index  ] [node_t1] [index-2.0.2] [index.merge.enabled] is set to false, this should only be used in tests and can cause serious problems in production environments
[2016-03-29 17:29:14,187][WARN ][org.elasticsearch.index  ] [node_t2] [index-2.0.2] [index.merge.enabled] is set to false, this should only be used in tests and can cause serious problems in production environments
[2016-03-29 17:29:14,190][WARN ][org.elasticsearch.index  ] [node_t2] [index-2.0.2] [index.merge.enabled] is set to false, this should only be used in tests and can cause serious problems in production environments
[2016-03-29 17:29:14,212][WARN ][org.elasticsearch.index  ] [node_t2] [index-2.0.2] [index.merge.enabled] is set to false, this should only be used in tests and can cause serious problems in production environments
[2016-03-29 17:29:14,216][WARN ][org.elasticsearch.index  ] [node_t0] [index-2.0.2] [index.merge.enabled] is set to false, this should only be used in tests and can cause serious problems in production environments
[2016-03-29 17:29:14,268][WARN ][org.elasticsearch.index  ] [node_t1] [index-2.0.2] [index.merge.enabled] is set to false, this should only be used in tests and can cause serious problems in production environments
[2016-03-29 17:29:14,270][WARN ][org.elasticsearch.index  ] [node_t2] [index-2.0.2] [index.merge.enabled] is set to false, this should only be used in tests and can cause serious problems in production environments
[2016-03-29 17:29:14,273][WARN ][org.elasticsearch.index  ] [node_t0] [index-2.0.2] [index.merge.enabled] is set to false, this should only be used in tests and can cause serious problems in production environments
[2016-03-29 17:29:14,291][WARN ][org.elasticsearch.index  ] [node_t1] [index-2.0.2] [index.merge.enabled] is set to false, this should only be used in tests and can cause serious problems in production environments
[2016-03-29 17:29:14,291][WARN ][org.elasticsearch.index  ] [node_t2] [index-2.0.2] [index.merge.enabled] is set to false, this should only be used in tests and can cause serious problems in production environments
[2016-03-29 17:29:14,295][WARN ][org.elasticsearch.index  ] [node_t0] [index-2.0.2] [index.merge.enabled] is set to false, this should only be used in tests and can cause serious problems in production environments
[2016-03-29 17:29:14,306][WARN ][org.elasticsearch.index  ] [node_t0] [index-2.0.2] [index.merge.enabled] is set to false, this should only be used in tests and can cause serious problems in production environments
[2016-03-29 17:29:14,322][WARN ][org.elasticsearch.index  ] [node_t1] [index-2.0.2] [index.merge.enabled] is set to false, this should only be used in tests and can cause serious problems in production environments
[2016-03-29 17:29:14,322][WARN ][org.elasticsearch.index  ] [node_t2] [index-2.0.2] [index.merge.enabled] is set to false, this should only be used in tests and can cause serious problems in production environments
[2016-03-29 17:29:14,326][WARN ][org.elasticsearch.index  ] [node_t0] [index-2.0.2] [index.merge.enabled] is set to false, this should only be used in tests and can cause serious problems in production environments
[2016-03-29 17:29:14,329][WARN ][org.elasticsearch.index  ] [node_t0] [index-2.0.2] [index.merge.enabled] is set to false, this should only be used in tests and can cause serious problems in production environments
[2016-03-29 17:29:14,329][WARN ][org.elasticsearch.index  ] [node_t1] [index-2.0.2] [index.merge.enabled] is set to false, this should only be used in tests and can cause serious problems in production environments
[2016-03-29 17:29:14,329][WARN ][org.elasticsearch.index  ] [node_t1] [index-2.0.2] [index.merge.enabled] is set to false, this should only be used in tests and can cause serious problems in production environments
[2016-03-29 17:29:14,329][WARN ][org.elasticsearch.index  ] [node_t2] [index-2.0.2] [index.merge.enabled] is set to false, this should only be used in tests and can cause serious problems in production environments
[2016-03-29 17:29:14,333][WARN ][org.elasticsearch.index  ] [node_t0] [index-2.0.2] [index.merge.enabled] is set to false, this should only be used in tests and can cause serious problems in production environments
[2016-03-29 17:29:14,357][WARN ][org.elasticsearch.index  ] [node_t1] [index-2.0.2] [index.merge.enabled] is set to false, this should only be used in tests and can cause serious problems in production environments
[2016-03-29 17:29:14,359][WARN ][org.elasticsearch.index  ] [node_t2] [index-2.0.2] [index.merge.enabled] is set to false, this should only be used in tests and can cause serious problems in production environments
[2016-03-29 17:29:14,360][WARN ][org.elasticsearch.index  ] [node_t0] [index-2.0.2] [index.merge.enabled] is set to false, this should only be used in tests and can cause serious problems in production environments
[2016-03-29 17:29:14,362][WARN ][org.elasticsearch.index  ] [node_t0] [index-2.0.2] [index.merge.enabled] is set to false, this should only be used in tests and can cause serious problems in production environments
[2016-03-29 17:29:14,365][WARN ][org.elasticsearch.index  ] [node_t0] [index-2.0.2] [index.merge.enabled] is set to false, this should only be used in tests and can cause serious problems in production environments
[2016-03-29 17:29:14,710][WARN ][org.elasticsearch.index  ] [node_t1] [index-2.0.2] [index.merge.enabled] is set to false, this should only be used in tests and can cause serious problems in production environments
[2016-03-29 17:29:14,712][WARN ][org.elasticsearch.index  ] [node_t2] [index-2.0.2] [index.merge.enabled] is set to false, this should only be used in tests and can cause serious problems in production environments
[2016-03-29 17:29:14,718][WARN ][org.elasticsearch.index  ] [node_t0] [index-2.0.2] [index.merge.enabled] is set to false, this should only be used in tests and can cause serious problems in production environments
[2016-03-29 17:29:15,131][WARN ][org.elasticsearch.index  ] [node_t1] [index-2.0.2] [index.merge.enabled] is set to false, this should only be used in tests and can cause serious problems in production environments
[2016-03-29 17:29:15,132][WARN ][org.elasticsearch.index  ] [node_t1] [index-2.0.2] [index.merge.enabled] is set to false, this should only be used in tests and can cause serious problems in production environments
[2016-03-29 17:29:15,705][WARN ][org.elasticsearch.index  ] [node_t0] [index-2.1.0] [index.merge.enabled] is set to false, this should only be used in tests and can cause serious problems in production environments
[2016-03-29 17:29:15,707][WARN ][org.elasticsearch.index  ] [node_t0] [index-2.1.0] [index.merge.enabled] is set to false, this should only be used in tests and can cause serious problems in production environments
[2016-03-29 17:29:15,707][WARN ][org.elasticsearch.index  ] [node_t1] [index-2.1.0] [index.merge.enabled] is set to false, this should only be used in tests and can cause serious problems in production environments
[2016-03-29 17:29:15,707][WARN ][org.elasticsearch.index  ] [node_t2] [index-2.1.0] [index.merge.enabled] is set to false, this should only be used in tests and can cause serious problems in production environments
[2016-03-29 17:29:15,708][WARN ][org.elasticsearch.index  ] [node_t0] [index-2.1.0] [index.merge.enabled] is set to false, this should only be used in tests and can cause serious problems in production environments
[2016-03-29 17:29:15,711][WARN ][org.elasticsearch.index  ] [node_t2] [index-2.1.0] [index.merge.enabled] is set to false, this should only be used in tests and can cause serious problems in production environments
[2016-03-29 17:29:15,715][WARN ][org.elasticsearch.index  ] [node_t0] [index-2.1.0] [index.merge.enabled] is set to false, this should only be used in tests and can cause serious problems in production environments
[2016-03-29 17:29:15,716][WARN ][org.elasticsearch.index  ] [node_t2] [index-2.1.0] [index.merge.enabled] is set to false, this should only be used in tests and can cause serious problems in production environments
[2016-03-29 17:29:15,716][WARN ][org.elasticsearch.index  ] [node_t1] [index-2.1.0] [index.merge.enabled] is set to false, this should only be used in tests and can cause serious problems in production environments
[2016-03-29 17:29:15,720][WARN ][org.elasticsearch.index  ] [node_t2] [index-2.1.0] [index.merge.enabled] is set to false, this should only be used in tests and can cause serious problems in production environments
[2016-03-29 17:29:15,812][WARN ][org.elasticsearch.index  ] [node_t2] [index-2.1.0] [index.merge.enabled] is set to false, this should only be used in tests and can cause serious problems in production environments
[2016-03-29 17:29:15,816][WARN ][org.elasticsearch.index  ] [node_t0] [index-2.1.0] [index.merge.enabled] is set to false, this should only be used in tests and can cause serious problems in production environments
[2016-03-29 17:29:15,874][WARN ][org.elasticsearch.index  ] [node_t1] [index-2.1.0] [index.merge.enabled] is set to false, this should only be used in tests and can cause serious problems in production environments
[2016-03-29 17:29:15,876][WARN ][org.elasticsearch.index  ] [node_t2] [index-2.1.0] [index.merge.enabled] is set to false, this should only be used in tests and can cause serious problems in production environments
[2016-03-29 17:29:15,878][WARN ][org.elasticsearch.index  ] [node_t0] [index-2.1.0] [index.merge.enabled] is set to false, this should only be used in tests and can cause serious problems in production environments
[2016-03-29 17:29:15,893][WARN ][org.elasticsearch.index  ] [node_t1] [index-2.1.0] [index.merge.enabled] is set to false, this should only be used in tests and can cause serious problems in production environments
[2016-03-29 17:29:15,893][WARN ][org.elasticsearch.index  ] [node_t2] [index-2.1.0] [index.merge.enabled] is set to false, this should only be used in tests and can cause serious problems in production environments
[2016-03-29 17:29:15,897][WARN ][org.elasticsearch.index  ] [node_t0] [index-2.1.0] [index.merge.enabled] is set to false, this should only be used in tests and can cause serious problems in production environments
[2016-03-29 17:29:15,906][WARN ][org.elasticsearch.index  ] [node_t0] [index-2.1.0] [index.merge.enabled] is set to false, this should only be used in tests and can cause serious problems in production environments
[2016-03-29 17:29:15,917][WARN ][org.elasticsearch.index  ] [node_t1] [index-2.1.0] [index.merge.enabled] is set to false, this should only be used in tests and can cause serious problems in production environments
[2016-03-29 17:29:15,917][WARN ][org.elasticsearch.index  ] [node_t2] [index-2.1.0] [index.merge.enabled] is set to false, this should only be used in tests and can cause serious problems in production environments
[2016-03-29 17:29:15,921][WARN ][org.elasticsearch.index  ] [node_t0] [index-2.1.0] [index.merge.enabled] is set to false, this should only be used in tests and can cause serious problems in production environments
[2016-03-29 17:29:15,923][WARN ][org.elasticsearch.index  ] [node_t0] [index-2.1.0] [index.merge.enabled] is set to false, this should only be used in tests and can cause serious problems in production environments
[2016-03-29 17:29:15,923][WARN ][org.elasticsearch.index  ] [node_t1] [index-2.1.0] [index.merge.enabled] is set to false, this should only be used in tests and can cause serious problems in production environments
[2016-03-29 17:29:15,924][WARN ][org.elasticsearch.index  ] [node_t1] [index-2.1.0] [index.merge.enabled] is set to false, this should only be used in tests and can cause serious problems in production environments
[2016-03-29 17:29:15,924][WARN ][org.elasticsearch.index  ] [node_t2] [index-2.1.0] [index.merge.enabled] is set to false, this should only be used in tests and can cause serious problems in production environments
[2016-03-29 17:29:15,928][WARN ][org.elasticsearch.index  ] [node_t0] [index-2.1.0] [index.merge.enabled] is set to false, this should only be used in tests and can cause serious problems in production environments
[2016-03-29 17:29:15,935][WARN ][org.elasticsearch.index  ] [node_t1] [index-2.1.0] [index.merge.enabled] is set to false, this should only be used in tests and can cause serious problems in production environments
[2016-03-29 17:29:15,936][WARN ][org.elasticsearch.index  ] [node_t2] [index-2.1.0] [index.merge.enabled] is set to false, this should only be used in tests and can cause serious problems in production environments
[2016-03-29 17:29:15,937][WARN ][org.elasticsearch.index  ] [node_t0] [index-2.1.0] [index.merge.enabled] is set to false, this should only be used in tests and can cause serious problems in production environments
[2016-03-29 17:29:15,939][WARN ][org.elasticsearch.index  ] [node_t0] [index-2.1.0] [index.merge.enabled] is set to false, this should only be used in tests and can cause serious problems in production environments
[2016-03-29 17:29:15,941][WARN ][org.elasticsearch.index  ] [node_t0] [index-2.1.0] [index.merge.enabled] is set to false, this should only be used in tests and can cause serious problems in production environments
[2016-03-29 17:29:16,179][WARN ][org.elasticsearch.index  ] [node_t1] [index-2.1.0] [index.merge.enabled] is set to false, this should only be used in tests and can cause serious problems in production environments
[2016-03-29 17:29:16,185][WARN ][org.elasticsearch.index  ] [node_t2] [index-2.1.0] [index.merge.enabled] is set to false, this should only be used in tests and can cause serious problems in production environments
[2016-03-29 17:29:16,192][WARN ][org.elasticsearch.index  ] [node_t0] [index-2.1.0] [index.merge.enabled] is set to false, this should only be used in tests and can cause serious problems in production environments
[2016-03-29 17:29:16,571][WARN ][org.elasticsearch.index  ] [node_t1] [index-2.1.0] [index.merge.enabled] is set to false, this should only be used in tests and can cause serious problems in production environments
[2016-03-29 17:29:16,572][WARN ][org.elasticsearch.index  ] [node_t1] [index-2.1.0] [index.merge.enabled] is set to false, this should only be used in tests and can cause serious problems in production environments
]]></system-out>
   <system-err><![CDATA[]]></system-err>
</testsuite>