<testsuite errors="0" failures="0" tests="5" skipped="0" name="org.elasticsearch.indices.store.IndicesStoreIntegrationIT" hostname="nohost.nodomain" time="21.2" timestamp="2016-03-29T17:32:20">
   <properties class="java.util.ArrayList">
      <property name="awt.toolkit" value="sun.lwawt.macosx.LWCToolkit"/>
      <property name="es.logger.level" value="WARN"/>
      <property name="file.encoding" value="UTF-8"/>
      <property name="file.encoding.pkg" value="sun.io"/>
      <property name="file.separator" value="/"/>
      <property name="ftp.nonProxyHosts" value="local|*.local|169.254/16|*.169.254/16"/>
      <property name="gopherProxySet" value="false"/>
      <property name="http.nonProxyHosts" value="local|*.local|169.254/16|*.169.254/16"/>
      <property name="java.awt.graphicsenv" value="sun.awt.CGraphicsEnvironment"/>
      <property name="java.awt.headless" value="true"/>
      <property name="java.awt.printerjob" value="sun.lwawt.macosx.CPrinterJob"/>
      <property name="java.class.path" value="/Users/ogbonnayacngwu/CSE2410_spring2016_projectileDysfunction/core/build/classes/test:/Users/ogbonnayacngwu/CSE2410_spring2016_projectileDysfunction/core/build/resources/test:/Users/ogbonnayacngwu/CSE2410_spring2016_projectileDysfunction/core/build/classes/main:/Users/ogbonnayacngwu/CSE2410_spring2016_projectileDysfunction/core/build/resources/main:/Users/ogbonnayacngwu/.gradle/caches/modules-2/files-2.1/org.apache.lucene/lucene-core/5.5.0-snapshot-1721183/f6854c65c7f4c6d9de583f4daa4fd3ae8a3800f1/lucene-core-5.5.0-snapshot-1721183.jar:/Users/ogbonnayacngwu/.gradle/caches/modules-2/files-2.1/org.apache.lucene/lucene-analyzers-common/5.5.0-snapshot-1721183/69e187ef1d2d9c9570363eb4186821e0341df5b8/lucene-analyzers-common-5.5.0-snapshot-1721183.jar:/Users/ogbonnayacngwu/.gradle/caches/modules-2/files-2.1/org.apache.lucene/lucene-backward-codecs/5.5.0-snapshot-1721183/fa00a45ff9bc6a4df44db81f2e4e44ea94bf88e/lucene-backward-codecs-5.5.0-snapshot-1721183.jar:/Users/ogbonnayacngwu/.gradle/caches/modules-2/files-2.1/org.apache.lucene/lucene-grouping/5.5.0-snapshot-1721183/e996e6c723eb415ba2cfa7f5e98bbf194a4918dd/lucene-grouping-5.5.0-snapshot-1721183.jar:/Users/ogbonnayacngwu/.gradle/caches/modules-2/files-2.1/org.apache.lucene/lucene-highlighter/5.5.0-snapshot-1721183/3b7a5d97b10885f16eb53deb15d64c942b9f9fdb/lucene-highlighter-5.5.0-snapshot-1721183.jar:/Users/ogbonnayacngwu/.gradle/caches/modules-2/files-2.1/org.apache.lucene/lucene-join/5.5.0-snapshot-1721183/e4dda3eeb76e340aa4713a3b20d68c4a1504e505/lucene-join-5.5.0-snapshot-1721183.jar:/Users/ogbonnayacngwu/.gradle/caches/modules-2/files-2.1/org.apache.lucene/lucene-memory/5.5.0-snapshot-1721183/800442a5d7612ce4c8748831871b4d436a50554e/lucene-memory-5.5.0-snapshot-1721183.jar:/Users/ogbonnayacngwu/.gradle/caches/modules-2/files-2.1/org.apache.lucene/lucene-misc/5.5.0-snapshot-1721183/bdf184de9b5773c7af3ae908af78eeb1e512470c/lucene-misc-5.5.0-snapshot-1721183.jar:/Users/ogbonnayacngwu/.gradle/caches/modules-2/files-2.1/org.apache.lucene/lucene-queries/5.5.0-snapshot-1721183/fc59de52bd2c7e420edfd235723cb8b0dd44e92d/lucene-queries-5.5.0-snapshot-1721183.jar:/Users/ogbonnayacngwu/.gradle/caches/modules-2/files-2.1/org.apache.lucene/lucene-queryparser/5.5.0-snapshot-1721183/1d341e6a4f11f3170773ccffdbe6815b45967e3d/lucene-queryparser-5.5.0-snapshot-1721183.jar:/Users/ogbonnayacngwu/.gradle/caches/modules-2/files-2.1/org.apache.lucene/lucene-sandbox/5.5.0-snapshot-1721183/a1b02c2b595ac92f45f0d2be03841a3a7fcae1f1/lucene-sandbox-5.5.0-snapshot-1721183.jar:/Users/ogbonnayacngwu/.gradle/caches/modules-2/files-2.1/org.apache.lucene/lucene-spatial/5.5.0-snapshot-1721183/e3ea422b56734329fb6974e9cf9f66478adb5793/lucene-spatial-5.5.0-snapshot-1721183.jar:/Users/ogbonnayacngwu/.gradle/caches/modules-2/files-2.1/org.apache.lucene/lucene-spatial3d/5.5.0-snapshot-1721183/5eadbd4e63120b59ab6445e39489205f98420471/lucene-spatial3d-5.5.0-snapshot-1721183.jar:/Users/ogbonnayacngwu/.gradle/caches/modules-2/files-2.1/org.apache.lucene/lucene-suggest/5.5.0-snapshot-1721183/a336287e65d082535f02a8427666dbe46b1b9b74/lucene-suggest-5.5.0-snapshot-1721183.jar:/Users/ogbonnayacngwu/.gradle/caches/modules-2/files-2.1/org.elasticsearch/securesm/1.0/c0c6cf986ba0057390bfcc80c366a0e3157f944b/securesm-1.0.jar:/Users/ogbonnayacngwu/.gradle/caches/modules-2/files-2.1/commons-cli/commons-cli/1.3.1/1303efbc4b181e5a58bf2e967dc156a3132b97c0/commons-cli-1.3.1.jar:/Users/ogbonnayacngwu/.gradle/caches/modules-2/files-2.1/com.carrotsearch/hppc/0.7.1/8b5057f74ea378c0150a1860874a3ebdcb713767/hppc-0.7.1.jar:/Users/ogbonnayacngwu/.gradle/caches/modules-2/files-2.1/joda-time/joda-time/2.8.2/d27c24204c5e507b16fec01006b3d0f1ec42aed4/joda-time-2.8.2.jar:/Users/ogbonnayacngwu/.gradle/caches/modules-2/files-2.1/org.joda/joda-convert/1.2/35ec554f0cd00c956cc69051514d9488b1374dec/joda-convert-1.2.jar:/Users/ogbonnayacngwu/.gradle/caches/modules-2/files-2.1/com.fasterxml.jackson.core/jackson-core/2.6.2/123f29333b2c6b3516b14252b6e93226bfcd6e37/jackson-core-2.6.2.jar:/Users/ogbonnayacngwu/.gradle/caches/modules-2/files-2.1/com.fasterxml.jackson.dataformat/jackson-dataformat-smile/2.6.2/395d18c1a1dd730b8026ee59c4067e5d2b45ba6e/jackson-dataformat-smile-2.6.2.jar:/Users/ogbonnayacngwu/.gradle/caches/modules-2/files-2.1/com.fasterxml.jackson.dataformat/jackson-dataformat-yaml/2.6.2/4ae23088dd3fae47c66843f2e4251d7255ee140e/jackson-dataformat-yaml-2.6.2.jar:/Users/ogbonnayacngwu/.gradle/caches/modules-2/files-2.1/com.fasterxml.jackson.dataformat/jackson-dataformat-cbor/2.6.2/1e13c575f914c83761bb8e2aca7dfd9e4c647579/jackson-dataformat-cbor-2.6.2.jar:/Users/ogbonnayacngwu/.gradle/caches/modules-2/files-2.1/io.netty/netty/3.10.5.Final/9ca7d55d246092bddd29b867706e2f6c7db701a0/netty-3.10.5.Final.jar:/Users/ogbonnayacngwu/.gradle/caches/modules-2/files-2.1/com.tdunning/t-digest/3.0/84ccf145ac2215e6bfa63baa3101c0af41017cfc/t-digest-3.0.jar:/Users/ogbonnayacngwu/.gradle/caches/modules-2/files-2.1/org.hdrhistogram/HdrHistogram/2.1.6/7495feb7f71ee124bd2a7e7d83590e296d71d80e/HdrHistogram-2.1.6.jar:/Users/ogbonnayacngwu/.gradle/caches/modules-2/files-2.1/com.spatial4j/spatial4j/0.5/6e16edaf6b1ba76db7f08c2f3723fce3b358ecc3/spatial4j-0.5.jar:/Users/ogbonnayacngwu/.gradle/caches/modules-2/files-2.1/com.vividsolutions/jts/1.13/3ccfb9b60f04d71add996a666ceb8902904fd805/jts-1.13.jar:/Users/ogbonnayacngwu/.gradle/caches/modules-2/files-2.1/log4j/log4j/1.2.17/5af35056b4d257e4b64b9e8069c0746e8b08629f/log4j-1.2.17.jar:/Users/ogbonnayacngwu/.gradle/caches/modules-2/files-2.1/log4j/apache-log4j-extras/1.2.17/85863614d82185d7e51fe21c00aa9117a523a8b6/apache-log4j-extras-1.2.17.jar:/Users/ogbonnayacngwu/.gradle/caches/modules-2/files-2.1/org.slf4j/slf4j-api/1.6.2/8619e95939167fb37245b5670135e4feb0ec7d50/slf4j-api-1.6.2.jar:/Users/ogbonnayacngwu/.gradle/caches/modules-2/files-2.1/net.java.dev.jna/jna/4.1.0/1c12d070e602efd8021891cdd7fd18bc129372d4/jna-4.1.0.jar:/Users/ogbonnayacngwu/CSE2410_spring2016_projectileDysfunction/test/framework/build/libs/framework-3.0.0-SNAPSHOT.jar:/Users/ogbonnayacngwu/.gradle/caches/modules-2/files-2.1/com.carrotsearch.randomizedtesting/randomizedtesting-runner/2.3.2/307965917fe8a22b7ee72deba39ef4b8e6ebc069/randomizedtesting-runner-2.3.2.jar:/Users/ogbonnayacngwu/.gradle/caches/modules-2/files-2.1/junit/junit/4.11/4e031bb61df09069aeb2bffb4019e7a5034a4ee0/junit-4.11.jar:/Users/ogbonnayacngwu/.gradle/caches/modules-2/files-2.1/org.hamcrest/hamcrest-all/1.3/63a21ebc981131004ad02e0434e799fd7f3a8d5a/hamcrest-all-1.3.jar:/Users/ogbonnayacngwu/.gradle/caches/modules-2/files-2.1/org.apache.lucene/lucene-test-framework/5.5.0-snapshot-1721183/a8d851d0ad82182b3a02f4b30c336e7aa0e173cb/lucene-test-framework-5.5.0-snapshot-1721183.jar:/Users/ogbonnayacngwu/.gradle/caches/modules-2/files-2.1/org.apache.lucene/lucene-codecs/5.5.0-snapshot-1721183/8aa59442b028c7a2c1a516accb6142a8910ba5fc/lucene-codecs-5.5.0-snapshot-1721183.jar:/Users/ogbonnayacngwu/.gradle/caches/modules-2/files-2.1/org.apache.httpcomponents/httpclient/4.3.6/4c47155e3e6c9a41a28db36680b828ced53b8af4/httpclient-4.3.6.jar:/Users/ogbonnayacngwu/.gradle/caches/modules-2/files-2.1/org.apache.httpcomponents/httpcore/4.3.3/f91b7a4aadc5cf486df6e4634748d7dd7a73f06d/httpcore-4.3.3.jar:/Users/ogbonnayacngwu/.gradle/caches/modules-2/files-2.1/commons-logging/commons-logging/1.1.3/f6f66e966c70a83ffbdb6f17a0919eaf7c8aca7f/commons-logging-1.1.3.jar:/Users/ogbonnayacngwu/.gradle/caches/modules-2/files-2.1/commons-codec/commons-codec/1.10/4b95f4897fa13f2cd904aee711aeafc0c5295cd8/commons-codec-1.10.jar:/Users/ogbonnayacngwu/.gradle/caches/modules-2/files-2.1/org.elasticsearch/securemock/1.2/98201d4ad5ac93f6b415ae9172d52b5e7cda490e/securemock-1.2.jar:/Users/ogbonnayacngwu/.gradle/caches/modules-2/files-2.1/com.carrotsearch.randomizedtesting/junit4-ant/2.3.2/dc8f03f6111974092491f35b8269eb0fc57f52f7/junit4-ant-2.3.2.jar"/>
      <property name="java.class.version" value="52.0"/>
      <property name="java.endorsed.dirs" value="/Library/Java/JavaVirtualMachines/jdk1.8.0_11.jdk/Contents/Home/jre/lib/endorsed"/>
      <property name="java.ext.dirs" value="/Users/ogbonnayacngwu/Library/Java/Extensions:/Library/Java/JavaVirtualMachines/jdk1.8.0_11.jdk/Contents/Home/jre/lib/ext:/Library/Java/Extensions:/Network/Library/Java/Extensions:/System/Library/Java/Extensions:/usr/lib/java"/>
      <property name="java.home" value="/Library/Java/JavaVirtualMachines/jdk1.8.0_11.jdk/Contents/Home/jre"/>
      <property name="java.io.tmpdir" value="./temp"/>
      <property name="java.library.path" value="/Users/ogbonnayacngwu/Library/Java/Extensions:/Library/Java/Extensions:/Network/Library/Java/Extensions:/System/Library/Java/Extensions:/usr/lib/java:."/>
      <property name="java.runtime.name" value="Java(TM) SE Runtime Environment"/>
      <property name="java.runtime.version" value="1.8.0_11-b12"/>
      <property name="java.specification.name" value="Java Platform API Specification"/>
      <property name="java.specification.vendor" value="Oracle Corporation"/>
      <property name="java.specification.version" value="1.8"/>
      <property name="java.vendor" value="Oracle Corporation"/>
      <property name="java.vendor.url" value="http://java.oracle.com/"/>
      <property name="java.vendor.url.bug" value="http://bugreport.sun.com/bugreport/"/>
      <property name="java.version" value="1.8.0_11"/>
      <property name="java.vm.info" value="mixed mode"/>
      <property name="java.vm.name" value="Java HotSpot(TM) 64-Bit Server VM"/>
      <property name="java.vm.specification.name" value="Java Virtual Machine Specification"/>
      <property name="java.vm.specification.vendor" value="Oracle Corporation"/>
      <property name="java.vm.specification.version" value="1.8"/>
      <property name="java.vm.vendor" value="Oracle Corporation"/>
      <property name="java.vm.version" value="25.11-b03"/>
      <property name="junit4.childvm.count" value="4"/>
      <property name="junit4.childvm.cwd" value="/Users/ogbonnayacngwu/CSE2410_spring2016_projectileDysfunction/core/build/testrun/integTest/J3"/>
      <property name="junit4.childvm.id" value="3"/>
      <property name="junit4.memory.total" value="514850816"/>
      <property name="junit4.pidString" value="27393@host37-246.aruba.fit.edu"/>
      <property name="junit4.processors" value="8"/>
      <property name="line.separator" value="
"/>
      <property name="os.arch" value="x86_64"/>
      <property name="os.name" value="Mac OS X"/>
      <property name="os.version" value="10.11.4"/>
      <property name="path.separator" value=":"/>
      <property name="socksNonProxyHosts" value="local|*.local|169.254/16|*.169.254/16"/>
      <property name="sun.arch.data.model" value="64"/>
      <property name="sun.boot.class.path" value="/Library/Java/JavaVirtualMachines/jdk1.8.0_11.jdk/Contents/Home/jre/lib/resources.jar:/Library/Java/JavaVirtualMachines/jdk1.8.0_11.jdk/Contents/Home/jre/lib/rt.jar:/Library/Java/JavaVirtualMachines/jdk1.8.0_11.jdk/Contents/Home/jre/lib/sunrsasign.jar:/Library/Java/JavaVirtualMachines/jdk1.8.0_11.jdk/Contents/Home/jre/lib/jsse.jar:/Library/Java/JavaVirtualMachines/jdk1.8.0_11.jdk/Contents/Home/jre/lib/jce.jar:/Library/Java/JavaVirtualMachines/jdk1.8.0_11.jdk/Contents/Home/jre/lib/charsets.jar:/Library/Java/JavaVirtualMachines/jdk1.8.0_11.jdk/Contents/Home/jre/lib/jfr.jar:/Library/Java/JavaVirtualMachines/jdk1.8.0_11.jdk/Contents/Home/jre/classes"/>
      <property name="sun.boot.library.path" value="/Library/Java/JavaVirtualMachines/jdk1.8.0_11.jdk/Contents/Home/jre/lib"/>
      <property name="sun.cpu.endian" value="little"/>
      <property name="sun.cpu.isalist" value=""/>
      <property name="sun.io.unicode.encoding" value="UnicodeBig"/>
      <property name="sun.java.command" value="com.carrotsearch.ant.tasks.junit4.slave.SlaveMainSafe -eventsfile /Users/ogbonnayacngwu/CSE2410_spring2016_projectileDysfunction/core/build/testrun/integTest/temp/junit4-J3-20160329_172724_554.events @/Users/ogbonnayacngwu/CSE2410_spring2016_projectileDysfunction/core/build/testrun/integTest/temp/junit4-J3-20160329_172724_554.suites -stdin"/>
      <property name="sun.java.launcher" value="SUN_STANDARD"/>
      <property name="sun.jnu.encoding" value="UTF-8"/>
      <property name="sun.management.compiler" value="HotSpot 64-Bit Tiered Compilers"/>
      <property name="sun.os.patch.level" value="unknown"/>
      <property name="tests.artifact" value="core"/>
      <property name="tests.ifNoTests" value="fail"/>
      <property name="tests.maven" value="true"/>
      <property name="tests.prefix" value="tests"/>
      <property name="tests.security.manager" value="true"/>
      <property name="tests.seed" value="4AA6DECDBC490785"/>
      <property name="tests.task" value=":core:integTest"/>
      <property name="user.country" value="US"/>
      <property name="user.dir" value="/Users/ogbonnayacngwu/CSE2410_spring2016_projectileDysfunction/core/build/testrun/integTest/J3"/>
      <property name="user.home" value="/Users/ogbonnayacngwu"/>
      <property name="user.language" value="en"/>
      <property name="user.name" value="ogbonnayacngwu"/>
      <property name="user.timezone" value="America/New_York"/>
   </properties>
   <testcase classname="org.elasticsearch.indices.store.IndicesStoreIntegrationIT" name="testShardActiveElseWhere" time="20.316"/>
   <testcase classname="org.elasticsearch.indices.store.IndicesStoreIntegrationIT" name="testIndexCleanup" time="0.212"/>
   <testcase classname="org.elasticsearch.indices.store.IndicesStoreIntegrationIT" name="testShardCleanupIfShardDeletionAfterRelocationFailedAndIndexDeleted" time="0.121"/>
   <testcase classname="org.elasticsearch.indices.store.IndicesStoreIntegrationIT" name="testShardActiveElsewhereDoesNotDeleteAnother" time="0.344"/>
   <testcase classname="org.elasticsearch.indices.store.IndicesStoreIntegrationIT" name="testShardsCleanup" time="0.184"/>
   <system-out><![CDATA[[2016-03-29 17:32:40,711][TRACE][org.elasticsearch.cluster.service] [node_t0] will process [local-disco-initial_connect(master)]
[2016-03-29 17:32:40,712][DEBUG][org.elasticsearch.cluster.service] [node_t0] processing [local-disco-initial_connect(master)]: execute
[2016-03-29 17:32:40,712][TRACE][org.elasticsearch.cluster.service] [node_t0] cluster state updated, source [local-disco-initial_connect(master)]
version: 1
state uuid: 5WkJgrAvTpCYYq2K9oR9_Q
from_diff: false
meta data version: 0
blocks: 
   _global_:
      1,state not recovered / initialized, blocks READ,WRITE,METADATA_READ,METADATA_WRITE
nodes: 
   {node_t0}{UfUp16d-QkC9d6GYxK1FHQ}{local}{local[276]}[master=>true, data=>false, mode=>local], local, master
routing_table (version 0):
routing_nodes:
---- unassigned

[2016-03-29 17:32:40,712][INFO ][org.elasticsearch.cluster.service] [node_t0] new_master {node_t0}{UfUp16d-QkC9d6GYxK1FHQ}{local}{local[276]}[master=>true, data=>false, mode=>local], reason: local-disco-initial_connect(master)
[2016-03-29 17:32:40,712][DEBUG][org.elasticsearch.cluster.service] [node_t0] publishing cluster state version [1]
[2016-03-29 17:32:40,712][DEBUG][org.elasticsearch.cluster.service] [node_t0] set local cluster state to version 1
[2016-03-29 17:32:40,712][DEBUG][org.elasticsearch.cluster.service] [node_t0] processing [local-disco-initial_connect(master)]: took 0s done applying updated cluster_state (version: 1, uuid: 5WkJgrAvTpCYYq2K9oR9_Q)
[2016-03-29 17:32:40,712][TRACE][org.elasticsearch.cluster.service] [node_t0] will process [gateway_initial_state_recovery]
[2016-03-29 17:32:40,712][DEBUG][org.elasticsearch.cluster.service] [node_t0] processing [gateway_initial_state_recovery]: execute
[2016-03-29 17:32:40,712][DEBUG][org.elasticsearch.cluster.service] [node_t0] processing [gateway_initial_state_recovery]: took 0s no change in cluster_state
[2016-03-29 17:32:40,713][TRACE][org.elasticsearch.cluster.service] [node_t0] will process [local-gateway-elected-state]
[2016-03-29 17:32:40,713][DEBUG][org.elasticsearch.cluster.service] [node_t0] processing [local-gateway-elected-state]: execute
[2016-03-29 17:32:40,713][TRACE][org.elasticsearch.cluster.service] [node_t0] cluster state updated, source [local-gateway-elected-state]
version: 2
state uuid: Hs_BDAKHT3SgY3D-prS8Nw
from_diff: false
meta data version: 1
nodes: 
   {node_t0}{UfUp16d-QkC9d6GYxK1FHQ}{local}{local[276]}[master=>true, data=>false, mode=>local], local, master
routing_table (version 1):
routing_nodes:
---- unassigned

[2016-03-29 17:32:40,713][DEBUG][org.elasticsearch.cluster.service] [node_t0] publishing cluster state version [2]
[2016-03-29 17:32:40,713][DEBUG][org.elasticsearch.cluster.service] [node_t0] set local cluster state to version 2
[2016-03-29 17:32:40,714][DEBUG][org.elasticsearch.cluster.service] [node_t0] processing [local-gateway-elected-state]: took 1ms done applying updated cluster_state (version: 2, uuid: Hs_BDAKHT3SgY3D-prS8Nw)
[2016-03-29 17:32:40,731][TRACE][org.elasticsearch.cluster.service] [node_t0] will process [local-disco-receive(from node[{node_t1}{4yqY1j8FTECj9n-FDXWCww}{local}{local[277]}[master=>false, mode=>local]])]
[2016-03-29 17:32:40,731][TRACE][org.elasticsearch.cluster.service] [node_t1] will process [local-disco(detected_master)]
[2016-03-29 17:32:40,731][DEBUG][org.elasticsearch.cluster.service] [node_t0] processing [local-disco-receive(from node[{node_t1}{4yqY1j8FTECj9n-FDXWCww}{local}{local[277]}[master=>false, mode=>local]])]: execute
[2016-03-29 17:32:40,732][DEBUG][org.elasticsearch.cluster.service] [node_t1] processing [local-disco(detected_master)]: execute
[2016-03-29 17:32:40,732][TRACE][org.elasticsearch.cluster.service] [node_t0] cluster state updated, source [local-disco-receive(from node[{node_t1}{4yqY1j8FTECj9n-FDXWCww}{local}{local[277]}[master=>false, mode=>local]])]
version: 3
state uuid: i5PqFT3PSsq-3MuMCAzmxw
from_diff: false
meta data version: 1
nodes: 
   {node_t0}{UfUp16d-QkC9d6GYxK1FHQ}{local}{local[276]}[master=>true, data=>false, mode=>local], local, master
   {node_t1}{4yqY1j8FTECj9n-FDXWCww}{local}{local[277]}[master=>false, mode=>local]
routing_table (version 1):
routing_nodes:
-----node_id[4yqY1j8FTECj9n-FDXWCww][V]
---- unassigned

[2016-03-29 17:32:40,732][TRACE][org.elasticsearch.cluster.service] [node_t1] cluster state updated, source [local-disco(detected_master)]
version: 0
state uuid: Fm15IzUjS62J2lBgJNFBZQ
from_diff: false
meta data version: 1
blocks: 
   _global_:
      1,state not recovered / initialized, blocks READ,WRITE,METADATA_READ,METADATA_WRITE      2,no master, blocks WRITE,METADATA_WRITE
nodes: 
   {node_t1}{4yqY1j8FTECj9n-FDXWCww}{local}{local[277]}[master=>false, mode=>local], local
routing_table (version 0):
routing_nodes:
-----node_id[4yqY1j8FTECj9n-FDXWCww][V]
---- unassigned

[2016-03-29 17:32:40,732][DEBUG][org.elasticsearch.cluster.service] [node_t1] set local cluster state to version 0
[2016-03-29 17:32:40,732][INFO ][org.elasticsearch.cluster.service] [node_t0] added {{node_t1}{4yqY1j8FTECj9n-FDXWCww}{local}{local[277]}[master=>false, mode=>local],}, reason: local-disco-receive(from node[{node_t1}{4yqY1j8FTECj9n-FDXWCww}{local}{local[277]}[master=>false, mode=>local]])
[2016-03-29 17:32:40,732][DEBUG][org.elasticsearch.cluster.service] [node_t1] processing [local-disco(detected_master)]: took 0s done applying updated cluster_state (version: 0, uuid: Fm15IzUjS62J2lBgJNFBZQ)
[2016-03-29 17:32:40,732][DEBUG][org.elasticsearch.cluster.service] [node_t0] publishing cluster state version [3]
[2016-03-29 17:32:40,732][TRACE][org.elasticsearch.cluster.service] [node_t1] will process [local-disco-receive(from master)]
[2016-03-29 17:32:40,732][DEBUG][org.elasticsearch.cluster.service] [node_t1] processing [local-disco-receive(from master)]: execute
[2016-03-29 17:32:40,732][TRACE][org.elasticsearch.cluster.service] [node_t1] cluster state updated, source [local-disco-receive(from master)]
version: 3
state uuid: i5PqFT3PSsq-3MuMCAzmxw
from_diff: false
meta data version: 1
nodes: 
   {node_t0}{UfUp16d-QkC9d6GYxK1FHQ}{local}{local[276]}[master=>true, mode=>local, data=>false], master
   {node_t1}{4yqY1j8FTECj9n-FDXWCww}{local}{local[277]}[master=>false, mode=>local], local
routing_table (version 1):
routing_nodes:
-----node_id[4yqY1j8FTECj9n-FDXWCww][V]
---- unassigned

[2016-03-29 17:32:40,732][INFO ][org.elasticsearch.cluster.service] [node_t1] detected_master {node_t0}{UfUp16d-QkC9d6GYxK1FHQ}{local}{local[276]}[master=>true, mode=>local, data=>false], added {{node_t0}{UfUp16d-QkC9d6GYxK1FHQ}{local}{local[276]}[master=>true, mode=>local, data=>false],}, reason: local-disco-receive(from master)
[2016-03-29 17:32:40,732][DEBUG][org.elasticsearch.cluster.service] [node_t1] set local cluster state to version 3
[2016-03-29 17:32:40,733][DEBUG][org.elasticsearch.cluster.service] [node_t0] set local cluster state to version 3
[2016-03-29 17:32:40,733][DEBUG][org.elasticsearch.cluster.service] [node_t1] processing [local-disco-receive(from master)]: took 1ms done applying updated cluster_state (version: 3, uuid: i5PqFT3PSsq-3MuMCAzmxw)
[2016-03-29 17:32:40,734][DEBUG][org.elasticsearch.cluster.service] [node_t0] processing [local-disco-receive(from node[{node_t1}{4yqY1j8FTECj9n-FDXWCww}{local}{local[277]}[master=>false, mode=>local]])]: took 2ms done applying updated cluster_state (version: 3, uuid: i5PqFT3PSsq-3MuMCAzmxw)
[2016-03-29 17:32:40,734][TRACE][org.elasticsearch.cluster.service] [node_t1] will process [gateway_initial_state_recovery]
[2016-03-29 17:32:40,734][TRACE][org.elasticsearch.cluster.service] [node_t0] will process [cluster_reroute(post_node_add)]
[2016-03-29 17:32:40,734][DEBUG][org.elasticsearch.cluster.service] [node_t1] processing [gateway_initial_state_recovery]: execute
[2016-03-29 17:32:40,734][DEBUG][org.elasticsearch.cluster.service] [node_t0] processing [cluster_reroute(post_node_add)]: execute
[2016-03-29 17:32:40,734][DEBUG][org.elasticsearch.cluster.service] [node_t1] processing [gateway_initial_state_recovery]: took 0s no change in cluster_state
[2016-03-29 17:32:40,734][DEBUG][org.elasticsearch.cluster.service] [node_t0] processing [cluster_reroute(post_node_add)]: took 0s no change in cluster_state
[2016-03-29 17:32:40,753][TRACE][org.elasticsearch.cluster.service] [node_t0] will process [local-disco-receive(from node[{node_t2}{cH4Pg-Z1Q3WtjSpkLJVcMQ}{local}{local[278]}[master=>false, mode=>local]])]
[2016-03-29 17:32:40,753][DEBUG][org.elasticsearch.cluster.service] [node_t0] processing [local-disco-receive(from node[{node_t2}{cH4Pg-Z1Q3WtjSpkLJVcMQ}{local}{local[278]}[master=>false, mode=>local]])]: execute
[2016-03-29 17:32:40,753][TRACE][org.elasticsearch.cluster.service] [node_t2] will process [local-disco(detected_master)]
[2016-03-29 17:32:40,753][DEBUG][org.elasticsearch.cluster.service] [node_t2] processing [local-disco(detected_master)]: execute
[2016-03-29 17:32:40,753][TRACE][org.elasticsearch.cluster.service] [node_t0] cluster state updated, source [local-disco-receive(from node[{node_t2}{cH4Pg-Z1Q3WtjSpkLJVcMQ}{local}{local[278]}[master=>false, mode=>local]])]
version: 4
state uuid: qqUDYhGkQMqSHj8mseqr7g
from_diff: false
meta data version: 1
nodes: 
   {node_t0}{UfUp16d-QkC9d6GYxK1FHQ}{local}{local[276]}[master=>true, data=>false, mode=>local], local, master
   {node_t1}{4yqY1j8FTECj9n-FDXWCww}{local}{local[277]}[master=>false, mode=>local]
   {node_t2}{cH4Pg-Z1Q3WtjSpkLJVcMQ}{local}{local[278]}[master=>false, mode=>local]
routing_table (version 1):
routing_nodes:
-----node_id[cH4Pg-Z1Q3WtjSpkLJVcMQ][V]
-----node_id[4yqY1j8FTECj9n-FDXWCww][V]
---- unassigned

[2016-03-29 17:32:40,753][TRACE][org.elasticsearch.cluster.service] [node_t2] cluster state updated, source [local-disco(detected_master)]
version: 0
state uuid: z4doFITkTjmSqBOeGlHVGw
from_diff: false
meta data version: 1
blocks: 
   _global_:
      1,state not recovered / initialized, blocks READ,WRITE,METADATA_READ,METADATA_WRITE      2,no master, blocks WRITE,METADATA_WRITE
nodes: 
   {node_t2}{cH4Pg-Z1Q3WtjSpkLJVcMQ}{local}{local[278]}[master=>false, mode=>local], local
routing_table (version 0):
routing_nodes:
-----node_id[cH4Pg-Z1Q3WtjSpkLJVcMQ][V]
---- unassigned

[2016-03-29 17:32:40,753][DEBUG][org.elasticsearch.cluster.service] [node_t2] set local cluster state to version 0
[2016-03-29 17:32:40,753][INFO ][org.elasticsearch.cluster.service] [node_t0] added {{node_t2}{cH4Pg-Z1Q3WtjSpkLJVcMQ}{local}{local[278]}[master=>false, mode=>local],}, reason: local-disco-receive(from node[{node_t2}{cH4Pg-Z1Q3WtjSpkLJVcMQ}{local}{local[278]}[master=>false, mode=>local]])
[2016-03-29 17:32:40,754][DEBUG][org.elasticsearch.cluster.service] [node_t0] publishing cluster state version [4]
[2016-03-29 17:32:40,753][DEBUG][org.elasticsearch.cluster.service] [node_t2] processing [local-disco(detected_master)]: took 0s done applying updated cluster_state (version: 0, uuid: z4doFITkTjmSqBOeGlHVGw)
[2016-03-29 17:32:40,754][TRACE][org.elasticsearch.cluster.service] [node_t1] will process [local-disco-receive(from master)]
[2016-03-29 17:32:40,754][DEBUG][org.elasticsearch.cluster.service] [node_t1] processing [local-disco-receive(from master)]: execute
[2016-03-29 17:32:40,754][TRACE][org.elasticsearch.cluster.service] [node_t2] will process [local-disco-receive(from master)]
[2016-03-29 17:32:40,754][DEBUG][org.elasticsearch.cluster.service] [node_t2] processing [local-disco-receive(from master)]: execute
[2016-03-29 17:32:40,754][TRACE][org.elasticsearch.cluster.service] [node_t1] cluster state updated, source [local-disco-receive(from master)]
version: 4
state uuid: qqUDYhGkQMqSHj8mseqr7g
from_diff: false
meta data version: 1
nodes: 
   {node_t0}{UfUp16d-QkC9d6GYxK1FHQ}{local}{local[276]}[master=>true, data=>false, mode=>local], master
   {node_t1}{4yqY1j8FTECj9n-FDXWCww}{local}{local[277]}[master=>false, mode=>local], local
   {node_t2}{cH4Pg-Z1Q3WtjSpkLJVcMQ}{local}{local[278]}[master=>false, mode=>local]
routing_table (version 1):
routing_nodes:
-----node_id[cH4Pg-Z1Q3WtjSpkLJVcMQ][V]
-----node_id[4yqY1j8FTECj9n-FDXWCww][V]
---- unassigned

[2016-03-29 17:32:40,754][TRACE][org.elasticsearch.cluster.service] [node_t2] cluster state updated, source [local-disco-receive(from master)]
version: 4
state uuid: qqUDYhGkQMqSHj8mseqr7g
from_diff: false
meta data version: 1
nodes: 
   {node_t0}{UfUp16d-QkC9d6GYxK1FHQ}{local}{local[276]}[master=>true, data=>false, mode=>local], master
   {node_t1}{4yqY1j8FTECj9n-FDXWCww}{local}{local[277]}[master=>false, mode=>local]
   {node_t2}{cH4Pg-Z1Q3WtjSpkLJVcMQ}{local}{local[278]}[master=>false, mode=>local], local
routing_table (version 1):
routing_nodes:
-----node_id[cH4Pg-Z1Q3WtjSpkLJVcMQ][V]
-----node_id[4yqY1j8FTECj9n-FDXWCww][V]
---- unassigned

[2016-03-29 17:32:40,754][INFO ][org.elasticsearch.cluster.service] [node_t1] added {{node_t2}{cH4Pg-Z1Q3WtjSpkLJVcMQ}{local}{local[278]}[master=>false, mode=>local],}, reason: local-disco-receive(from master)
[2016-03-29 17:32:40,754][INFO ][org.elasticsearch.cluster.service] [node_t2] detected_master {node_t0}{UfUp16d-QkC9d6GYxK1FHQ}{local}{local[276]}[master=>true, data=>false, mode=>local], added {{node_t0}{UfUp16d-QkC9d6GYxK1FHQ}{local}{local[276]}[master=>true, data=>false, mode=>local],{node_t1}{4yqY1j8FTECj9n-FDXWCww}{local}{local[277]}[master=>false, mode=>local],}, reason: local-disco-receive(from master)
[2016-03-29 17:32:40,754][DEBUG][org.elasticsearch.cluster.service] [node_t1] set local cluster state to version 4
[2016-03-29 17:32:40,755][DEBUG][org.elasticsearch.cluster.service] [node_t2] set local cluster state to version 4
[2016-03-29 17:32:40,755][DEBUG][org.elasticsearch.cluster.service] [node_t1] processing [local-disco-receive(from master)]: took 0s done applying updated cluster_state (version: 4, uuid: qqUDYhGkQMqSHj8mseqr7g)
[2016-03-29 17:32:40,756][DEBUG][org.elasticsearch.cluster.service] [node_t2] processing [local-disco-receive(from master)]: took 1ms done applying updated cluster_state (version: 4, uuid: qqUDYhGkQMqSHj8mseqr7g)
[2016-03-29 17:32:40,756][DEBUG][org.elasticsearch.cluster.service] [node_t0] set local cluster state to version 4
[2016-03-29 17:32:40,756][DEBUG][org.elasticsearch.cluster.service] [node_t0] processing [local-disco-receive(from node[{node_t2}{cH4Pg-Z1Q3WtjSpkLJVcMQ}{local}{local[278]}[master=>false, mode=>local]])]: took 2ms done applying updated cluster_state (version: 4, uuid: qqUDYhGkQMqSHj8mseqr7g)
[2016-03-29 17:32:40,756][TRACE][org.elasticsearch.cluster.service] [node_t2] will process [gateway_initial_state_recovery]
[2016-03-29 17:32:40,756][TRACE][org.elasticsearch.cluster.service] [node_t0] will process [cluster_reroute(post_node_add)]
[2016-03-29 17:32:40,756][DEBUG][org.elasticsearch.cluster.service] [node_t2] processing [gateway_initial_state_recovery]: execute
[2016-03-29 17:32:40,756][DEBUG][org.elasticsearch.cluster.service] [node_t0] processing [cluster_reroute(post_node_add)]: execute
[2016-03-29 17:32:40,756][DEBUG][org.elasticsearch.cluster.service] [node_t2] processing [gateway_initial_state_recovery]: took 0s no change in cluster_state
[2016-03-29 17:32:40,756][DEBUG][org.elasticsearch.cluster.service] [node_t0] processing [cluster_reroute(post_node_add)]: took 0s no change in cluster_state
[2016-03-29 17:32:40,774][TRACE][org.elasticsearch.cluster.service] [node_t0] will process [local-disco-receive(from node[{node_t3}{chEL1cVxSiqyVnMoAxPsYQ}{local}{local[279]}[master=>false, mode=>local]])]
[2016-03-29 17:32:40,774][TRACE][org.elasticsearch.cluster.service] [node_t3] will process [local-disco(detected_master)]
[2016-03-29 17:32:40,774][DEBUG][org.elasticsearch.cluster.service] [node_t3] processing [local-disco(detected_master)]: execute
[2016-03-29 17:32:40,774][DEBUG][org.elasticsearch.cluster.service] [node_t0] processing [local-disco-receive(from node[{node_t3}{chEL1cVxSiqyVnMoAxPsYQ}{local}{local[279]}[master=>false, mode=>local]])]: execute
[2016-03-29 17:32:40,774][TRACE][org.elasticsearch.cluster.service] [node_t3] cluster state updated, source [local-disco(detected_master)]
version: 0
state uuid: ofewizs8SEmMktn8Qdk31w
from_diff: false
meta data version: 1
blocks: 
   _global_:
      1,state not recovered / initialized, blocks READ,WRITE,METADATA_READ,METADATA_WRITE      2,no master, blocks WRITE,METADATA_WRITE
nodes: 
   {node_t3}{chEL1cVxSiqyVnMoAxPsYQ}{local}{local[279]}[master=>false, mode=>local], local
routing_table (version 0):
routing_nodes:
-----node_id[chEL1cVxSiqyVnMoAxPsYQ][V]
---- unassigned

[2016-03-29 17:32:40,774][DEBUG][org.elasticsearch.cluster.service] [node_t3] set local cluster state to version 0
[2016-03-29 17:32:40,774][TRACE][org.elasticsearch.cluster.service] [node_t0] cluster state updated, source [local-disco-receive(from node[{node_t3}{chEL1cVxSiqyVnMoAxPsYQ}{local}{local[279]}[master=>false, mode=>local]])]
version: 5
state uuid: DBZd252xQFikUKydHqcX2A
from_diff: false
meta data version: 1
nodes: 
   {node_t0}{UfUp16d-QkC9d6GYxK1FHQ}{local}{local[276]}[master=>true, data=>false, mode=>local], local, master
   {node_t1}{4yqY1j8FTECj9n-FDXWCww}{local}{local[277]}[master=>false, mode=>local]
   {node_t2}{cH4Pg-Z1Q3WtjSpkLJVcMQ}{local}{local[278]}[master=>false, mode=>local]
   {node_t3}{chEL1cVxSiqyVnMoAxPsYQ}{local}{local[279]}[master=>false, mode=>local]
routing_table (version 1):
routing_nodes:
-----node_id[chEL1cVxSiqyVnMoAxPsYQ][V]
-----node_id[cH4Pg-Z1Q3WtjSpkLJVcMQ][V]
-----node_id[4yqY1j8FTECj9n-FDXWCww][V]
---- unassigned

[2016-03-29 17:32:40,775][INFO ][org.elasticsearch.cluster.service] [node_t0] added {{node_t3}{chEL1cVxSiqyVnMoAxPsYQ}{local}{local[279]}[master=>false, mode=>local],}, reason: local-disco-receive(from node[{node_t3}{chEL1cVxSiqyVnMoAxPsYQ}{local}{local[279]}[master=>false, mode=>local]])
[2016-03-29 17:32:40,774][DEBUG][org.elasticsearch.cluster.service] [node_t3] processing [local-disco(detected_master)]: took 0s done applying updated cluster_state (version: 0, uuid: ofewizs8SEmMktn8Qdk31w)
[2016-03-29 17:32:40,775][DEBUG][org.elasticsearch.cluster.service] [node_t0] publishing cluster state version [5]
[2016-03-29 17:32:40,775][TRACE][org.elasticsearch.cluster.service] [node_t1] will process [local-disco-receive(from master)]
[2016-03-29 17:32:40,775][TRACE][org.elasticsearch.cluster.service] [node_t2] will process [local-disco-receive(from master)]
[2016-03-29 17:32:40,775][TRACE][org.elasticsearch.cluster.service] [node_t3] will process [local-disco-receive(from master)]
[2016-03-29 17:32:40,775][DEBUG][org.elasticsearch.cluster.service] [node_t3] processing [local-disco-receive(from master)]: execute
[2016-03-29 17:32:40,775][DEBUG][org.elasticsearch.cluster.service] [node_t2] processing [local-disco-receive(from master)]: execute
[2016-03-29 17:32:40,775][DEBUG][org.elasticsearch.cluster.service] [node_t1] processing [local-disco-receive(from master)]: execute
[2016-03-29 17:32:40,775][TRACE][org.elasticsearch.cluster.service] [node_t2] cluster state updated, source [local-disco-receive(from master)]
version: 5
state uuid: DBZd252xQFikUKydHqcX2A
from_diff: false
meta data version: 1
nodes: 
   {node_t0}{UfUp16d-QkC9d6GYxK1FHQ}{local}{local[276]}[data=>false, mode=>local, master=>true], master
   {node_t1}{4yqY1j8FTECj9n-FDXWCww}{local}{local[277]}[mode=>local, master=>false]
   {node_t2}{cH4Pg-Z1Q3WtjSpkLJVcMQ}{local}{local[278]}[master=>false, mode=>local], local
   {node_t3}{chEL1cVxSiqyVnMoAxPsYQ}{local}{local[279]}[mode=>local, master=>false]
routing_table (version 1):
routing_nodes:
-----node_id[chEL1cVxSiqyVnMoAxPsYQ][V]
-----node_id[cH4Pg-Z1Q3WtjSpkLJVcMQ][V]
-----node_id[4yqY1j8FTECj9n-FDXWCww][V]
---- unassigned

[2016-03-29 17:32:40,775][TRACE][org.elasticsearch.cluster.service] [node_t1] cluster state updated, source [local-disco-receive(from master)]
version: 5
state uuid: DBZd252xQFikUKydHqcX2A
from_diff: false
meta data version: 1
nodes: 
   {node_t0}{UfUp16d-QkC9d6GYxK1FHQ}{local}{local[276]}[master=>true, data=>false, mode=>local], master
   {node_t1}{4yqY1j8FTECj9n-FDXWCww}{local}{local[277]}[master=>false, mode=>local], local
   {node_t2}{cH4Pg-Z1Q3WtjSpkLJVcMQ}{local}{local[278]}[mode=>local, master=>false]
   {node_t3}{chEL1cVxSiqyVnMoAxPsYQ}{local}{local[279]}[master=>false, mode=>local]
routing_table (version 1):
routing_nodes:
-----node_id[chEL1cVxSiqyVnMoAxPsYQ][V]
-----node_id[cH4Pg-Z1Q3WtjSpkLJVcMQ][V]
-----node_id[4yqY1j8FTECj9n-FDXWCww][V]
---- unassigned

[2016-03-29 17:32:40,775][INFO ][org.elasticsearch.cluster.service] [node_t1] added {{node_t3}{chEL1cVxSiqyVnMoAxPsYQ}{local}{local[279]}[master=>false, mode=>local],}, reason: local-disco-receive(from master)
[2016-03-29 17:32:40,775][TRACE][org.elasticsearch.cluster.service] [node_t3] cluster state updated, source [local-disco-receive(from master)]
version: 5
state uuid: DBZd252xQFikUKydHqcX2A
from_diff: false
meta data version: 1
nodes: 
   {node_t0}{UfUp16d-QkC9d6GYxK1FHQ}{local}{local[276]}[data=>false, mode=>local, master=>true], master
   {node_t1}{4yqY1j8FTECj9n-FDXWCww}{local}{local[277]}[master=>false, mode=>local]
   {node_t2}{cH4Pg-Z1Q3WtjSpkLJVcMQ}{local}{local[278]}[master=>false, mode=>local]
   {node_t3}{chEL1cVxSiqyVnMoAxPsYQ}{local}{local[279]}[master=>false, mode=>local], local
routing_table (version 1):
routing_nodes:
-----node_id[chEL1cVxSiqyVnMoAxPsYQ][V]
-----node_id[cH4Pg-Z1Q3WtjSpkLJVcMQ][V]
-----node_id[4yqY1j8FTECj9n-FDXWCww][V]
---- unassigned

[2016-03-29 17:32:40,776][INFO ][org.elasticsearch.cluster.service] [node_t3] detected_master {node_t0}{UfUp16d-QkC9d6GYxK1FHQ}{local}{local[276]}[data=>false, mode=>local, master=>true], added {{node_t0}{UfUp16d-QkC9d6GYxK1FHQ}{local}{local[276]}[data=>false, mode=>local, master=>true],{node_t1}{4yqY1j8FTECj9n-FDXWCww}{local}{local[277]}[master=>false, mode=>local],{node_t2}{cH4Pg-Z1Q3WtjSpkLJVcMQ}{local}{local[278]}[master=>false, mode=>local],}, reason: local-disco-receive(from master)
[2016-03-29 17:32:40,775][DEBUG][org.elasticsearch.cluster.service] [node_t1] set local cluster state to version 5
[2016-03-29 17:32:40,775][INFO ][org.elasticsearch.cluster.service] [node_t2] added {{node_t3}{chEL1cVxSiqyVnMoAxPsYQ}{local}{local[279]}[mode=>local, master=>false],}, reason: local-disco-receive(from master)
[2016-03-29 17:32:40,776][DEBUG][org.elasticsearch.cluster.service] [node_t2] set local cluster state to version 5
[2016-03-29 17:32:40,776][DEBUG][org.elasticsearch.cluster.service] [node_t3] set local cluster state to version 5
[2016-03-29 17:32:40,776][DEBUG][org.elasticsearch.cluster.service] [node_t1] processing [local-disco-receive(from master)]: took 1ms done applying updated cluster_state (version: 5, uuid: DBZd252xQFikUKydHqcX2A)
[2016-03-29 17:32:40,777][DEBUG][org.elasticsearch.cluster.service] [node_t2] processing [local-disco-receive(from master)]: took 1ms done applying updated cluster_state (version: 5, uuid: DBZd252xQFikUKydHqcX2A)
[2016-03-29 17:32:40,777][DEBUG][org.elasticsearch.cluster.service] [node_t3] processing [local-disco-receive(from master)]: took 2ms done applying updated cluster_state (version: 5, uuid: DBZd252xQFikUKydHqcX2A)
[2016-03-29 17:32:40,777][DEBUG][org.elasticsearch.cluster.service] [node_t0] set local cluster state to version 5
[2016-03-29 17:32:40,778][DEBUG][org.elasticsearch.cluster.service] [node_t0] processing [local-disco-receive(from node[{node_t3}{chEL1cVxSiqyVnMoAxPsYQ}{local}{local[279]}[master=>false, mode=>local]])]: took 3ms done applying updated cluster_state (version: 5, uuid: DBZd252xQFikUKydHqcX2A)
[2016-03-29 17:32:40,778][TRACE][org.elasticsearch.cluster.service] [node_t0] will process [cluster_reroute(post_node_add)]
[2016-03-29 17:32:40,778][TRACE][org.elasticsearch.cluster.service] [node_t3] will process [gateway_initial_state_recovery]
[2016-03-29 17:32:40,778][DEBUG][org.elasticsearch.cluster.service] [node_t0] processing [cluster_reroute(post_node_add)]: execute
[2016-03-29 17:32:40,778][DEBUG][org.elasticsearch.cluster.service] [node_t3] processing [gateway_initial_state_recovery]: execute
[2016-03-29 17:32:40,778][DEBUG][org.elasticsearch.cluster.service] [node_t0] processing [cluster_reroute(post_node_add)]: took 0s no change in cluster_state
[2016-03-29 17:32:40,778][DEBUG][org.elasticsearch.cluster.service] [node_t3] processing [gateway_initial_state_recovery]: took 0s no change in cluster_state
[2016-03-29 17:32:40,798][TRACE][org.elasticsearch.cluster.service] [node_t0] will process [local-disco-receive(from node[{node_t4}{spvrvP6iSO23D1MkjNetVA}{local}{local[280]}[master=>false, mode=>local]])]
[2016-03-29 17:32:40,798][TRACE][org.elasticsearch.cluster.service] [node_t4] will process [local-disco(detected_master)]
[2016-03-29 17:32:40,798][DEBUG][org.elasticsearch.cluster.service] [node_t4] processing [local-disco(detected_master)]: execute
[2016-03-29 17:32:40,798][DEBUG][org.elasticsearch.cluster.service] [node_t0] processing [local-disco-receive(from node[{node_t4}{spvrvP6iSO23D1MkjNetVA}{local}{local[280]}[master=>false, mode=>local]])]: execute
[2016-03-29 17:32:40,798][TRACE][org.elasticsearch.cluster.service] [node_t4] cluster state updated, source [local-disco(detected_master)]
version: 0
state uuid: VhQefhWIRVqz8Fuh-UxoNA
from_diff: false
meta data version: 1
blocks: 
   _global_:
      1,state not recovered / initialized, blocks READ,WRITE,METADATA_READ,METADATA_WRITE      2,no master, blocks WRITE,METADATA_WRITE
nodes: 
   {node_t4}{spvrvP6iSO23D1MkjNetVA}{local}{local[280]}[master=>false, mode=>local], local
routing_table (version 0):
routing_nodes:
-----node_id[spvrvP6iSO23D1MkjNetVA][V]
---- unassigned

[2016-03-29 17:32:40,798][DEBUG][org.elasticsearch.cluster.service] [node_t4] set local cluster state to version 0
[2016-03-29 17:32:40,798][TRACE][org.elasticsearch.cluster.service] [node_t0] cluster state updated, source [local-disco-receive(from node[{node_t4}{spvrvP6iSO23D1MkjNetVA}{local}{local[280]}[master=>false, mode=>local]])]
version: 6
state uuid: YTKlNNzjRQWbVMIazOFe3A
from_diff: false
meta data version: 1
nodes: 
   {node_t0}{UfUp16d-QkC9d6GYxK1FHQ}{local}{local[276]}[master=>true, data=>false, mode=>local], local, master
   {node_t1}{4yqY1j8FTECj9n-FDXWCww}{local}{local[277]}[master=>false, mode=>local]
   {node_t2}{cH4Pg-Z1Q3WtjSpkLJVcMQ}{local}{local[278]}[master=>false, mode=>local]
   {node_t4}{spvrvP6iSO23D1MkjNetVA}{local}{local[280]}[master=>false, mode=>local]
   {node_t3}{chEL1cVxSiqyVnMoAxPsYQ}{local}{local[279]}[master=>false, mode=>local]
routing_table (version 1):
routing_nodes:
-----node_id[chEL1cVxSiqyVnMoAxPsYQ][V]
-----node_id[cH4Pg-Z1Q3WtjSpkLJVcMQ][V]
-----node_id[4yqY1j8FTECj9n-FDXWCww][V]
-----node_id[spvrvP6iSO23D1MkjNetVA][V]
---- unassigned

[2016-03-29 17:32:40,798][INFO ][org.elasticsearch.cluster.service] [node_t0] added {{node_t4}{spvrvP6iSO23D1MkjNetVA}{local}{local[280]}[master=>false, mode=>local],}, reason: local-disco-receive(from node[{node_t4}{spvrvP6iSO23D1MkjNetVA}{local}{local[280]}[master=>false, mode=>local]])
[2016-03-29 17:32:40,798][DEBUG][org.elasticsearch.cluster.service] [node_t4] processing [local-disco(detected_master)]: took 0s done applying updated cluster_state (version: 0, uuid: VhQefhWIRVqz8Fuh-UxoNA)
[2016-03-29 17:32:40,798][DEBUG][org.elasticsearch.cluster.service] [node_t0] publishing cluster state version [6]
[2016-03-29 17:32:40,799][TRACE][org.elasticsearch.cluster.service] [node_t1] will process [local-disco-receive(from master)]
[2016-03-29 17:32:40,799][TRACE][org.elasticsearch.cluster.service] [node_t2] will process [local-disco-receive(from master)]
[2016-03-29 17:32:40,799][DEBUG][org.elasticsearch.cluster.service] [node_t2] processing [local-disco-receive(from master)]: execute
[2016-03-29 17:32:40,799][TRACE][org.elasticsearch.cluster.service] [node_t4] will process [local-disco-receive(from master)]
[2016-03-29 17:32:40,799][TRACE][org.elasticsearch.cluster.service] [node_t2] cluster state updated, source [local-disco-receive(from master)]
version: 6
state uuid: YTKlNNzjRQWbVMIazOFe3A
from_diff: false
meta data version: 1
nodes: 
   {node_t0}{UfUp16d-QkC9d6GYxK1FHQ}{local}{local[276]}[mode=>local, data=>false, master=>true], master
   {node_t1}{4yqY1j8FTECj9n-FDXWCww}{local}{local[277]}[master=>false, mode=>local]
   {node_t2}{cH4Pg-Z1Q3WtjSpkLJVcMQ}{local}{local[278]}[master=>false, mode=>local], local
   {node_t4}{spvrvP6iSO23D1MkjNetVA}{local}{local[280]}[master=>false, mode=>local]
   {node_t3}{chEL1cVxSiqyVnMoAxPsYQ}{local}{local[279]}[mode=>local, master=>false]
routing_table (version 1):
routing_nodes:
-----node_id[chEL1cVxSiqyVnMoAxPsYQ][V]
-----node_id[cH4Pg-Z1Q3WtjSpkLJVcMQ][V]
-----node_id[4yqY1j8FTECj9n-FDXWCww][V]
-----node_id[spvrvP6iSO23D1MkjNetVA][V]
---- unassigned

[2016-03-29 17:32:40,799][INFO ][org.elasticsearch.cluster.service] [node_t2] added {{node_t4}{spvrvP6iSO23D1MkjNetVA}{local}{local[280]}[master=>false, mode=>local],}, reason: local-disco-receive(from master)
[2016-03-29 17:32:40,799][TRACE][org.elasticsearch.cluster.service] [node_t3] will process [local-disco-receive(from master)]
[2016-03-29 17:32:40,800][DEBUG][org.elasticsearch.cluster.service] [node_t3] processing [local-disco-receive(from master)]: execute
[2016-03-29 17:32:40,799][DEBUG][org.elasticsearch.cluster.service] [node_t1] processing [local-disco-receive(from master)]: execute
[2016-03-29 17:32:40,800][TRACE][org.elasticsearch.cluster.service] [node_t3] cluster state updated, source [local-disco-receive(from master)]
version: 6
state uuid: YTKlNNzjRQWbVMIazOFe3A
from_diff: false
meta data version: 1
nodes: 
   {node_t0}{UfUp16d-QkC9d6GYxK1FHQ}{local}{local[276]}[master=>true, data=>false, mode=>local], master
   {node_t1}{4yqY1j8FTECj9n-FDXWCww}{local}{local[277]}[master=>false, mode=>local]
   {node_t2}{cH4Pg-Z1Q3WtjSpkLJVcMQ}{local}{local[278]}[master=>false, mode=>local]
   {node_t4}{spvrvP6iSO23D1MkjNetVA}{local}{local[280]}[master=>false, mode=>local]
   {node_t3}{chEL1cVxSiqyVnMoAxPsYQ}{local}{local[279]}[master=>false, mode=>local], local
routing_table (version 1):
routing_nodes:
-----node_id[chEL1cVxSiqyVnMoAxPsYQ][V]
-----node_id[cH4Pg-Z1Q3WtjSpkLJVcMQ][V]
-----node_id[4yqY1j8FTECj9n-FDXWCww][V]
-----node_id[spvrvP6iSO23D1MkjNetVA][V]
---- unassigned

[2016-03-29 17:32:40,800][TRACE][org.elasticsearch.cluster.service] [node_t1] cluster state updated, source [local-disco-receive(from master)]
version: 6
state uuid: YTKlNNzjRQWbVMIazOFe3A
from_diff: false
meta data version: 1
nodes: 
   {node_t0}{UfUp16d-QkC9d6GYxK1FHQ}{local}{local[276]}[mode=>local, data=>false, master=>true], master
   {node_t1}{4yqY1j8FTECj9n-FDXWCww}{local}{local[277]}[master=>false, mode=>local], local
   {node_t2}{cH4Pg-Z1Q3WtjSpkLJVcMQ}{local}{local[278]}[master=>false, mode=>local]
   {node_t4}{spvrvP6iSO23D1MkjNetVA}{local}{local[280]}[master=>false, mode=>local]
   {node_t3}{chEL1cVxSiqyVnMoAxPsYQ}{local}{local[279]}[mode=>local, master=>false]
routing_table (version 1):
routing_nodes:
-----node_id[chEL1cVxSiqyVnMoAxPsYQ][V]
-----node_id[cH4Pg-Z1Q3WtjSpkLJVcMQ][V]
-----node_id[4yqY1j8FTECj9n-FDXWCww][V]
-----node_id[spvrvP6iSO23D1MkjNetVA][V]
---- unassigned

[2016-03-29 17:32:40,800][INFO ][org.elasticsearch.cluster.service] [node_t3] added {{node_t4}{spvrvP6iSO23D1MkjNetVA}{local}{local[280]}[master=>false, mode=>local],}, reason: local-disco-receive(from master)
[2016-03-29 17:32:40,799][DEBUG][org.elasticsearch.cluster.service] [node_t2] set local cluster state to version 6
[2016-03-29 17:32:40,799][DEBUG][org.elasticsearch.cluster.service] [node_t4] processing [local-disco-receive(from master)]: execute
[2016-03-29 17:32:40,800][DEBUG][org.elasticsearch.cluster.service] [node_t3] set local cluster state to version 6
[2016-03-29 17:32:40,800][INFO ][org.elasticsearch.cluster.service] [node_t1] added {{node_t4}{spvrvP6iSO23D1MkjNetVA}{local}{local[280]}[master=>false, mode=>local],}, reason: local-disco-receive(from master)
[2016-03-29 17:32:40,800][TRACE][org.elasticsearch.cluster.service] [node_t4] cluster state updated, source [local-disco-receive(from master)]
version: 6
state uuid: YTKlNNzjRQWbVMIazOFe3A
from_diff: false
meta data version: 1
nodes: 
   {node_t0}{UfUp16d-QkC9d6GYxK1FHQ}{local}{local[276]}[data=>false, master=>true, mode=>local], master
   {node_t1}{4yqY1j8FTECj9n-FDXWCww}{local}{local[277]}[mode=>local, master=>false]
   {node_t2}{cH4Pg-Z1Q3WtjSpkLJVcMQ}{local}{local[278]}[mode=>local, master=>false]
   {node_t4}{spvrvP6iSO23D1MkjNetVA}{local}{local[280]}[master=>false, mode=>local], local
   {node_t3}{chEL1cVxSiqyVnMoAxPsYQ}{local}{local[279]}[master=>false, mode=>local]
routing_table (version 1):
routing_nodes:
-----node_id[chEL1cVxSiqyVnMoAxPsYQ][V]
-----node_id[cH4Pg-Z1Q3WtjSpkLJVcMQ][V]
-----node_id[4yqY1j8FTECj9n-FDXWCww][V]
-----node_id[spvrvP6iSO23D1MkjNetVA][V]
---- unassigned

[2016-03-29 17:32:40,801][DEBUG][org.elasticsearch.cluster.service] [node_t3] processing [local-disco-receive(from master)]: took 0s done applying updated cluster_state (version: 6, uuid: YTKlNNzjRQWbVMIazOFe3A)
[2016-03-29 17:32:40,801][INFO ][org.elasticsearch.cluster.service] [node_t4] detected_master {node_t0}{UfUp16d-QkC9d6GYxK1FHQ}{local}{local[276]}[data=>false, master=>true, mode=>local], added {{node_t0}{UfUp16d-QkC9d6GYxK1FHQ}{local}{local[276]}[data=>false, master=>true, mode=>local],{node_t1}{4yqY1j8FTECj9n-FDXWCww}{local}{local[277]}[mode=>local, master=>false],{node_t2}{cH4Pg-Z1Q3WtjSpkLJVcMQ}{local}{local[278]}[mode=>local, master=>false],{node_t3}{chEL1cVxSiqyVnMoAxPsYQ}{local}{local[279]}[master=>false, mode=>local],}, reason: local-disco-receive(from master)
[2016-03-29 17:32:40,800][DEBUG][org.elasticsearch.cluster.service] [node_t1] set local cluster state to version 6
[2016-03-29 17:32:40,800][DEBUG][org.elasticsearch.cluster.service] [node_t2] processing [local-disco-receive(from master)]: took 1ms done applying updated cluster_state (version: 6, uuid: YTKlNNzjRQWbVMIazOFe3A)
[2016-03-29 17:32:40,801][DEBUG][org.elasticsearch.cluster.service] [node_t4] set local cluster state to version 6
[2016-03-29 17:32:40,801][DEBUG][org.elasticsearch.cluster.service] [node_t1] processing [local-disco-receive(from master)]: took 1ms done applying updated cluster_state (version: 6, uuid: YTKlNNzjRQWbVMIazOFe3A)
[2016-03-29 17:32:40,802][DEBUG][org.elasticsearch.cluster.service] [node_t4] processing [local-disco-receive(from master)]: took 1ms done applying updated cluster_state (version: 6, uuid: YTKlNNzjRQWbVMIazOFe3A)
[2016-03-29 17:32:40,802][DEBUG][org.elasticsearch.cluster.service] [node_t0] set local cluster state to version 6
[2016-03-29 17:32:40,802][DEBUG][org.elasticsearch.cluster.service] [node_t0] processing [local-disco-receive(from node[{node_t4}{spvrvP6iSO23D1MkjNetVA}{local}{local[280]}[master=>false, mode=>local]])]: took 4ms done applying updated cluster_state (version: 6, uuid: YTKlNNzjRQWbVMIazOFe3A)
[2016-03-29 17:32:40,802][TRACE][org.elasticsearch.cluster.service] [node_t4] will process [gateway_initial_state_recovery]
[2016-03-29 17:32:40,802][DEBUG][org.elasticsearch.cluster.service] [node_t4] processing [gateway_initial_state_recovery]: execute
[2016-03-29 17:32:40,802][TRACE][org.elasticsearch.cluster.service] [node_t0] will process [cluster_reroute(post_node_add)]
[2016-03-29 17:32:40,803][DEBUG][org.elasticsearch.cluster.service] [node_t4] processing [gateway_initial_state_recovery]: took 0s no change in cluster_state
[2016-03-29 17:32:40,803][DEBUG][org.elasticsearch.cluster.service] [node_t0] processing [cluster_reroute(post_node_add)]: execute
[2016-03-29 17:32:40,803][DEBUG][org.elasticsearch.cluster.service] [node_t0] processing [cluster_reroute(post_node_add)]: took 0s no change in cluster_state
[2016-03-29 17:32:40,807][TRACE][org.elasticsearch.cluster.service] [node_t0] will process [create-index [test], cause [api]]
[2016-03-29 17:32:40,807][DEBUG][org.elasticsearch.cluster.service] [node_t0] processing [create-index [test], cause [api]]: execute
[2016-03-29 17:32:40,808][TRACE][org.elasticsearch.cluster.service] expecting 5 acknowledgements for cluster_state update (version: 7)
[2016-03-29 17:32:40,808][TRACE][org.elasticsearch.cluster.service] [node_t0] cluster state updated, source [create-index [test], cause [api]]
version: 7
state uuid: gBkV47FoR-SSjRW8yTEqVw
from_diff: false
meta data version: 2
nodes: 
   {node_t0}{UfUp16d-QkC9d6GYxK1FHQ}{local}{local[276]}[master=>true, data=>false, mode=>local], local, master
   {node_t1}{4yqY1j8FTECj9n-FDXWCww}{local}{local[277]}[master=>false, mode=>local]
   {node_t2}{cH4Pg-Z1Q3WtjSpkLJVcMQ}{local}{local[278]}[master=>false, mode=>local]
   {node_t4}{spvrvP6iSO23D1MkjNetVA}{local}{local[280]}[master=>false, mode=>local]
   {node_t3}{chEL1cVxSiqyVnMoAxPsYQ}{local}{local[279]}[master=>false, mode=>local]
routing_table (version 2):
-- index [test]
----shard_id [test][0]
--------[test][0], node[chEL1cVxSiqyVnMoAxPsYQ], [P], v[1], s[INITIALIZING], a[id=eyErMgKOTYiWY8-mz-5ybg], unassigned_info[[reason=INDEX_CREATED], at[2016-03-29T21:32:40.807Z]]
--------[test][0], node[null], [R], v[1], s[UNASSIGNED], unassigned_info[[reason=INDEX_CREATED], at[2016-03-29T21:32:40.807Z]]
----shard_id [test][1]
--------[test][1], node[cH4Pg-Z1Q3WtjSpkLJVcMQ], [P], v[1], s[INITIALIZING], a[id=puVkDkwnQiiK6tfyRwieOg], unassigned_info[[reason=INDEX_CREATED], at[2016-03-29T21:32:40.807Z]]
--------[test][1], node[null], [R], v[1], s[UNASSIGNED], unassigned_info[[reason=INDEX_CREATED], at[2016-03-29T21:32:40.807Z]]
----shard_id [test][2]
--------[test][2], node[4yqY1j8FTECj9n-FDXWCww], [P], v[1], s[INITIALIZING], a[id=h5xM-7TFT4KWIT1w8x1shg], unassigned_info[[reason=INDEX_CREATED], at[2016-03-29T21:32:40.807Z]]
--------[test][2], node[null], [R], v[1], s[UNASSIGNED], unassigned_info[[reason=INDEX_CREATED], at[2016-03-29T21:32:40.807Z]]

routing_nodes:
-----node_id[chEL1cVxSiqyVnMoAxPsYQ][V]
--------[test][0], node[chEL1cVxSiqyVnMoAxPsYQ], [P], v[1], s[INITIALIZING], a[id=eyErMgKOTYiWY8-mz-5ybg], unassigned_info[[reason=INDEX_CREATED], at[2016-03-29T21:32:40.807Z]]
-----node_id[cH4Pg-Z1Q3WtjSpkLJVcMQ][V]
--------[test][1], node[cH4Pg-Z1Q3WtjSpkLJVcMQ], [P], v[1], s[INITIALIZING], a[id=puVkDkwnQiiK6tfyRwieOg], unassigned_info[[reason=INDEX_CREATED], at[2016-03-29T21:32:40.807Z]]
-----node_id[4yqY1j8FTECj9n-FDXWCww][V]
--------[test][2], node[4yqY1j8FTECj9n-FDXWCww], [P], v[1], s[INITIALIZING], a[id=h5xM-7TFT4KWIT1w8x1shg], unassigned_info[[reason=INDEX_CREATED], at[2016-03-29T21:32:40.807Z]]
-----node_id[spvrvP6iSO23D1MkjNetVA][V]
---- unassigned
--------[test][2], node[null], [R], v[1], s[UNASSIGNED], unassigned_info[[reason=INDEX_CREATED], at[2016-03-29T21:32:40.807Z]]
--------[test][1], node[null], [R], v[1], s[UNASSIGNED], unassigned_info[[reason=INDEX_CREATED], at[2016-03-29T21:32:40.807Z]]
--------[test][0], node[null], [R], v[1], s[UNASSIGNED], unassigned_info[[reason=INDEX_CREATED], at[2016-03-29T21:32:40.807Z]]

[2016-03-29 17:32:40,808][DEBUG][org.elasticsearch.cluster.service] [node_t0] publishing cluster state version [7]
[2016-03-29 17:32:40,808][TRACE][org.elasticsearch.cluster.service] [node_t1] will process [local-disco-receive(from master)]
[2016-03-29 17:32:40,809][TRACE][org.elasticsearch.cluster.service] [node_t2] will process [local-disco-receive(from master)]
[2016-03-29 17:32:40,809][DEBUG][org.elasticsearch.cluster.service] [node_t2] processing [local-disco-receive(from master)]: execute
[2016-03-29 17:32:40,809][TRACE][org.elasticsearch.cluster.service] [node_t3] will process [local-disco-receive(from master)]
[2016-03-29 17:32:40,809][DEBUG][org.elasticsearch.cluster.service] [node_t1] processing [local-disco-receive(from master)]: execute
[2016-03-29 17:32:40,809][DEBUG][org.elasticsearch.cluster.service] [node_t3] processing [local-disco-receive(from master)]: execute
[2016-03-29 17:32:40,809][TRACE][org.elasticsearch.cluster.service] [node_t2] cluster state updated, source [local-disco-receive(from master)]
version: 7
state uuid: gBkV47FoR-SSjRW8yTEqVw
from_diff: false
meta data version: 2
nodes: 
   {node_t0}{UfUp16d-QkC9d6GYxK1FHQ}{local}{local[276]}[mode=>local, data=>false, master=>true], master
   {node_t1}{4yqY1j8FTECj9n-FDXWCww}{local}{local[277]}[master=>false, mode=>local]
   {node_t2}{cH4Pg-Z1Q3WtjSpkLJVcMQ}{local}{local[278]}[master=>false, mode=>local], local
   {node_t4}{spvrvP6iSO23D1MkjNetVA}{local}{local[280]}[master=>false, mode=>local]
   {node_t3}{chEL1cVxSiqyVnMoAxPsYQ}{local}{local[279]}[mode=>local, master=>false]
routing_table (version 2):
-- index [test]
----shard_id [test][0]
--------[test][0], node[chEL1cVxSiqyVnMoAxPsYQ], [P], v[1], s[INITIALIZING], a[id=eyErMgKOTYiWY8-mz-5ybg], unassigned_info[[reason=INDEX_CREATED], at[2016-03-29T21:32:40.807Z]]
--------[test][0], node[null], [R], v[1], s[UNASSIGNED], unassigned_info[[reason=INDEX_CREATED], at[2016-03-29T21:32:40.807Z]]
----shard_id [test][1]
--------[test][1], node[cH4Pg-Z1Q3WtjSpkLJVcMQ], [P], v[1], s[INITIALIZING], a[id=puVkDkwnQiiK6tfyRwieOg], unassigned_info[[reason=INDEX_CREATED], at[2016-03-29T21:32:40.807Z]]
--------[test][1], node[null], [R], v[1], s[UNASSIGNED], unassigned_info[[reason=INDEX_CREATED], at[2016-03-29T21:32:40.807Z]]
----shard_id [test][2]
--------[test][2], node[4yqY1j8FTECj9n-FDXWCww], [P], v[1], s[INITIALIZING], a[id=h5xM-7TFT4KWIT1w8x1shg], unassigned_info[[reason=INDEX_CREATED], at[2016-03-29T21:32:40.807Z]]
--------[test][2], node[null], [R], v[1], s[UNASSIGNED], unassigned_info[[reason=INDEX_CREATED], at[2016-03-29T21:32:40.807Z]]

routing_nodes:
-----node_id[chEL1cVxSiqyVnMoAxPsYQ][V]
--------[test][0], node[chEL1cVxSiqyVnMoAxPsYQ], [P], v[1], s[INITIALIZING], a[id=eyErMgKOTYiWY8-mz-5ybg], unassigned_info[[reason=INDEX_CREATED], at[2016-03-29T21:32:40.807Z]]
-----node_id[cH4Pg-Z1Q3WtjSpkLJVcMQ][V]
--------[test][1], node[cH4Pg-Z1Q3WtjSpkLJVcMQ], [P], v[1], s[INITIALIZING], a[id=puVkDkwnQiiK6tfyRwieOg], unassigned_info[[reason=INDEX_CREATED], at[2016-03-29T21:32:40.807Z]]
-----node_id[4yqY1j8FTECj9n-FDXWCww][V]
--------[test][2], node[4yqY1j8FTECj9n-FDXWCww], [P], v[1], s[INITIALIZING], a[id=h5xM-7TFT4KWIT1w8x1shg], unassigned_info[[reason=INDEX_CREATED], at[2016-03-29T21:32:40.807Z]]
-----node_id[spvrvP6iSO23D1MkjNetVA][V]
---- unassigned
--------[test][2], node[null], [R], v[1], s[UNASSIGNED], unassigned_info[[reason=INDEX_CREATED], at[2016-03-29T21:32:40.807Z]]
--------[test][1], node[null], [R], v[1], s[UNASSIGNED], unassigned_info[[reason=INDEX_CREATED], at[2016-03-29T21:32:40.807Z]]
--------[test][0], node[null], [R], v[1], s[UNASSIGNED], unassigned_info[[reason=INDEX_CREATED], at[2016-03-29T21:32:40.807Z]]

[2016-03-29 17:32:40,809][DEBUG][org.elasticsearch.cluster.service] [node_t2] set local cluster state to version 7
[2016-03-29 17:32:40,809][TRACE][org.elasticsearch.cluster.service] [node_t3] cluster state updated, source [local-disco-receive(from master)]
version: 7
state uuid: gBkV47FoR-SSjRW8yTEqVw
from_diff: false
meta data version: 2
nodes: 
   {node_t0}{UfUp16d-QkC9d6GYxK1FHQ}{local}{local[276]}[master=>true, data=>false, mode=>local], master
   {node_t1}{4yqY1j8FTECj9n-FDXWCww}{local}{local[277]}[master=>false, mode=>local]
   {node_t2}{cH4Pg-Z1Q3WtjSpkLJVcMQ}{local}{local[278]}[master=>false, mode=>local]
   {node_t4}{spvrvP6iSO23D1MkjNetVA}{local}{local[280]}[master=>false, mode=>local]
   {node_t3}{chEL1cVxSiqyVnMoAxPsYQ}{local}{local[279]}[master=>false, mode=>local], local
routing_table (version 2):
-- index [test]
----shard_id [test][0]
--------[test][0], node[chEL1cVxSiqyVnMoAxPsYQ], [P], v[1], s[INITIALIZING], a[id=eyErMgKOTYiWY8-mz-5ybg], unassigned_info[[reason=INDEX_CREATED], at[2016-03-29T21:32:40.807Z]]
--------[test][0], node[null], [R], v[1], s[UNASSIGNED], unassigned_info[[reason=INDEX_CREATED], at[2016-03-29T21:32:40.807Z]]
----shard_id [test][1]
--------[test][1], node[cH4Pg-Z1Q3WtjSpkLJVcMQ], [P], v[1], s[INITIALIZING], a[id=puVkDkwnQiiK6tfyRwieOg], unassigned_info[[reason=INDEX_CREATED], at[2016-03-29T21:32:40.807Z]]
--------[test][1], node[null], [R], v[1], s[UNASSIGNED], unassigned_info[[reason=INDEX_CREATED], at[2016-03-29T21:32:40.807Z]]
----shard_id [test][2]
--------[test][2], node[4yqY1j8FTECj9n-FDXWCww], [P], v[1], s[INITIALIZING], a[id=h5xM-7TFT4KWIT1w8x1shg], unassigned_info[[reason=INDEX_CREATED], at[2016-03-29T21:32:40.807Z]]
--------[test][2], node[null], [R], v[1], s[UNASSIGNED], unassigned_info[[reason=INDEX_CREATED], at[2016-03-29T21:32:40.807Z]]

routing_nodes:
-----node_id[chEL1cVxSiqyVnMoAxPsYQ][V]
--------[test][0], node[chEL1cVxSiqyVnMoAxPsYQ], [P], v[1], s[INITIALIZING], a[id=eyErMgKOTYiWY8-mz-5ybg], unassigned_info[[reason=INDEX_CREATED], at[2016-03-29T21:32:40.807Z]]
-----node_id[cH4Pg-Z1Q3WtjSpkLJVcMQ][V]
--------[test][1], node[cH4Pg-Z1Q3WtjSpkLJVcMQ], [P], v[1], s[INITIALIZING], a[id=puVkDkwnQiiK6tfyRwieOg], unassigned_info[[reason=INDEX_CREATED], at[2016-03-29T21:32:40.807Z]]
-----node_id[4yqY1j8FTECj9n-FDXWCww][V]
--------[test][2], node[4yqY1j8FTECj9n-FDXWCww], [P], v[1], s[INITIALIZING], a[id=h5xM-7TFT4KWIT1w8x1shg], unassigned_info[[reason=INDEX_CREATED], at[2016-03-29T21:32:40.807Z]]
-----node_id[spvrvP6iSO23D1MkjNetVA][V]
---- unassigned
--------[test][2], node[null], [R], v[1], s[UNASSIGNED], unassigned_info[[reason=INDEX_CREATED], at[2016-03-29T21:32:40.807Z]]
--------[test][1], node[null], [R], v[1], s[UNASSIGNED], unassigned_info[[reason=INDEX_CREATED], at[2016-03-29T21:32:40.807Z]]
--------[test][0], node[null], [R], v[1], s[UNASSIGNED], unassigned_info[[reason=INDEX_CREATED], at[2016-03-29T21:32:40.807Z]]

[2016-03-29 17:32:40,809][DEBUG][org.elasticsearch.cluster.service] [node_t3] set local cluster state to version 7
[2016-03-29 17:32:40,809][TRACE][org.elasticsearch.cluster.service] [node_t1] cluster state updated, source [local-disco-receive(from master)]
version: 7
state uuid: gBkV47FoR-SSjRW8yTEqVw
from_diff: false
meta data version: 2
nodes: 
   {node_t0}{UfUp16d-QkC9d6GYxK1FHQ}{local}{local[276]}[mode=>local, data=>false, master=>true], master
   {node_t1}{4yqY1j8FTECj9n-FDXWCww}{local}{local[277]}[master=>false, mode=>local], local
   {node_t2}{cH4Pg-Z1Q3WtjSpkLJVcMQ}{local}{local[278]}[master=>false, mode=>local]
   {node_t4}{spvrvP6iSO23D1MkjNetVA}{local}{local[280]}[master=>false, mode=>local]
   {node_t3}{chEL1cVxSiqyVnMoAxPsYQ}{local}{local[279]}[mode=>local, master=>false]
routing_table (version 2):
-- index [test]
----shard_id [test][0]
--------[test][0], node[chEL1cVxSiqyVnMoAxPsYQ], [P], v[1], s[INITIALIZING], a[id=eyErMgKOTYiWY8-mz-5ybg], unassigned_info[[reason=INDEX_CREATED], at[2016-03-29T21:32:40.807Z]]
--------[test][0], node[null], [R], v[1], s[UNASSIGNED], unassigned_info[[reason=INDEX_CREATED], at[2016-03-29T21:32:40.807Z]]
----shard_id [test][1]
--------[test][1], node[cH4Pg-Z1Q3WtjSpkLJVcMQ], [P], v[1], s[INITIALIZING], a[id=puVkDkwnQiiK6tfyRwieOg], unassigned_info[[reason=INDEX_CREATED], at[2016-03-29T21:32:40.807Z]]
--------[test][1], node[null], [R], v[1], s[UNASSIGNED], unassigned_info[[reason=INDEX_CREATED], at[2016-03-29T21:32:40.807Z]]
----shard_id [test][2]
--------[test][2], node[4yqY1j8FTECj9n-FDXWCww], [P], v[1], s[INITIALIZING], a[id=h5xM-7TFT4KWIT1w8x1shg], unassigned_info[[reason=INDEX_CREATED], at[2016-03-29T21:32:40.807Z]]
--------[test][2], node[null], [R], v[1], s[UNASSIGNED], unassigned_info[[reason=INDEX_CREATED], at[2016-03-29T21:32:40.807Z]]

routing_nodes:
-----node_id[chEL1cVxSiqyVnMoAxPsYQ][V]
--------[test][0], node[chEL1cVxSiqyVnMoAxPsYQ], [P], v[1], s[INITIALIZING], a[id=eyErMgKOTYiWY8-mz-5ybg], unassigned_info[[reason=INDEX_CREATED], at[2016-03-29T21:32:40.807Z]]
-----node_id[cH4Pg-Z1Q3WtjSpkLJVcMQ][V]
--------[test][1], node[cH4Pg-Z1Q3WtjSpkLJVcMQ], [P], v[1], s[INITIALIZING], a[id=puVkDkwnQiiK6tfyRwieOg], unassigned_info[[reason=INDEX_CREATED], at[2016-03-29T21:32:40.807Z]]
-----node_id[4yqY1j8FTECj9n-FDXWCww][V]
--------[test][2], node[4yqY1j8FTECj9n-FDXWCww], [P], v[1], s[INITIALIZING], a[id=h5xM-7TFT4KWIT1w8x1shg], unassigned_info[[reason=INDEX_CREATED], at[2016-03-29T21:32:40.807Z]]
-----node_id[spvrvP6iSO23D1MkjNetVA][V]
---- unassigned
--------[test][2], node[null], [R], v[1], s[UNASSIGNED], unassigned_info[[reason=INDEX_CREATED], at[2016-03-29T21:32:40.807Z]]
--------[test][1], node[null], [R], v[1], s[UNASSIGNED], unassigned_info[[reason=INDEX_CREATED], at[2016-03-29T21:32:40.807Z]]
--------[test][0], node[null], [R], v[1], s[UNASSIGNED], unassigned_info[[reason=INDEX_CREATED], at[2016-03-29T21:32:40.807Z]]

[2016-03-29 17:32:40,809][TRACE][org.elasticsearch.cluster.service] [node_t4] will process [local-disco-receive(from master)]
[2016-03-29 17:32:40,810][DEBUG][org.elasticsearch.cluster.service] [node_t1] set local cluster state to version 7
[2016-03-29 17:32:40,810][DEBUG][org.elasticsearch.cluster.service] [node_t4] processing [local-disco-receive(from master)]: execute
[2016-03-29 17:32:40,811][TRACE][org.elasticsearch.cluster.service] [node_t4] cluster state updated, source [local-disco-receive(from master)]
version: 7
state uuid: gBkV47FoR-SSjRW8yTEqVw
from_diff: false
meta data version: 2
nodes: 
   {node_t0}{UfUp16d-QkC9d6GYxK1FHQ}{local}{local[276]}[data=>false, master=>true, mode=>local], master
   {node_t1}{4yqY1j8FTECj9n-FDXWCww}{local}{local[277]}[mode=>local, master=>false]
   {node_t2}{cH4Pg-Z1Q3WtjSpkLJVcMQ}{local}{local[278]}[mode=>local, master=>false]
   {node_t4}{spvrvP6iSO23D1MkjNetVA}{local}{local[280]}[master=>false, mode=>local], local
   {node_t3}{chEL1cVxSiqyVnMoAxPsYQ}{local}{local[279]}[master=>false, mode=>local]
routing_table (version 2):
-- index [test]
----shard_id [test][0]
--------[test][0], node[chEL1cVxSiqyVnMoAxPsYQ], [P], v[1], s[INITIALIZING], a[id=eyErMgKOTYiWY8-mz-5ybg], unassigned_info[[reason=INDEX_CREATED], at[2016-03-29T21:32:40.807Z]]
--------[test][0], node[null], [R], v[1], s[UNASSIGNED], unassigned_info[[reason=INDEX_CREATED], at[2016-03-29T21:32:40.807Z]]
----shard_id [test][1]
--------[test][1], node[cH4Pg-Z1Q3WtjSpkLJVcMQ], [P], v[1], s[INITIALIZING], a[id=puVkDkwnQiiK6tfyRwieOg], unassigned_info[[reason=INDEX_CREATED], at[2016-03-29T21:32:40.807Z]]
--------[test][1], node[null], [R], v[1], s[UNASSIGNED], unassigned_info[[reason=INDEX_CREATED], at[2016-03-29T21:32:40.807Z]]
----shard_id [test][2]
--------[test][2], node[4yqY1j8FTECj9n-FDXWCww], [P], v[1], s[INITIALIZING], a[id=h5xM-7TFT4KWIT1w8x1shg], unassigned_info[[reason=INDEX_CREATED], at[2016-03-29T21:32:40.807Z]]
--------[test][2], node[null], [R], v[1], s[UNASSIGNED], unassigned_info[[reason=INDEX_CREATED], at[2016-03-29T21:32:40.807Z]]

routing_nodes:
-----node_id[chEL1cVxSiqyVnMoAxPsYQ][V]
--------[test][0], node[chEL1cVxSiqyVnMoAxPsYQ], [P], v[1], s[INITIALIZING], a[id=eyErMgKOTYiWY8-mz-5ybg], unassigned_info[[reason=INDEX_CREATED], at[2016-03-29T21:32:40.807Z]]
-----node_id[cH4Pg-Z1Q3WtjSpkLJVcMQ][V]
--------[test][1], node[cH4Pg-Z1Q3WtjSpkLJVcMQ], [P], v[1], s[INITIALIZING], a[id=puVkDkwnQiiK6tfyRwieOg], unassigned_info[[reason=INDEX_CREATED], at[2016-03-29T21:32:40.807Z]]
-----node_id[4yqY1j8FTECj9n-FDXWCww][V]
--------[test][2], node[4yqY1j8FTECj9n-FDXWCww], [P], v[1], s[INITIALIZING], a[id=h5xM-7TFT4KWIT1w8x1shg], unassigned_info[[reason=INDEX_CREATED], at[2016-03-29T21:32:40.807Z]]
-----node_id[spvrvP6iSO23D1MkjNetVA][V]
---- unassigned
--------[test][2], node[null], [R], v[1], s[UNASSIGNED], unassigned_info[[reason=INDEX_CREATED], at[2016-03-29T21:32:40.807Z]]
--------[test][1], node[null], [R], v[1], s[UNASSIGNED], unassigned_info[[reason=INDEX_CREATED], at[2016-03-29T21:32:40.807Z]]
--------[test][0], node[null], [R], v[1], s[UNASSIGNED], unassigned_info[[reason=INDEX_CREATED], at[2016-03-29T21:32:40.807Z]]

[2016-03-29 17:32:40,811][DEBUG][org.elasticsearch.cluster.service] [node_t4] set local cluster state to version 7
[2016-03-29 17:32:40,811][TRACE][org.elasticsearch.cluster.service] ack received from node [{node_t4}{spvrvP6iSO23D1MkjNetVA}{local}{local[280]}[master=>false, mode=>local]], cluster_state update (version: 7)
[2016-03-29 17:32:40,811][DEBUG][org.elasticsearch.cluster.service] [node_t4] processing [local-disco-receive(from master)]: took 0s done applying updated cluster_state (version: 7, uuid: gBkV47FoR-SSjRW8yTEqVw)
[2016-03-29 17:32:40,814][TRACE][org.elasticsearch.cluster.service] ack received from node [{node_t2}{cH4Pg-Z1Q3WtjSpkLJVcMQ}{local}{local[278]}[master=>false, mode=>local]], cluster_state update (version: 7)
[2016-03-29 17:32:40,815][DEBUG][org.elasticsearch.cluster.service] [node_t2] processing [local-disco-receive(from master)]: took 5ms done applying updated cluster_state (version: 7, uuid: gBkV47FoR-SSjRW8yTEqVw)
[2016-03-29 17:32:40,814][TRACE][org.elasticsearch.cluster.service] ack received from node [{node_t1}{4yqY1j8FTECj9n-FDXWCww}{local}{local[277]}[master=>false, mode=>local]], cluster_state update (version: 7)
[2016-03-29 17:32:40,815][DEBUG][org.elasticsearch.cluster.service] [node_t1] processing [local-disco-receive(from master)]: took 5ms done applying updated cluster_state (version: 7, uuid: gBkV47FoR-SSjRW8yTEqVw)
[2016-03-29 17:32:40,815][TRACE][org.elasticsearch.cluster.service] ack received from node [{node_t3}{chEL1cVxSiqyVnMoAxPsYQ}{local}{local[279]}[master=>false, mode=>local]], cluster_state update (version: 7)
[2016-03-29 17:32:40,815][DEBUG][org.elasticsearch.cluster.service] [node_t3] processing [local-disco-receive(from master)]: took 6ms done applying updated cluster_state (version: 7, uuid: gBkV47FoR-SSjRW8yTEqVw)
[2016-03-29 17:32:40,815][DEBUG][org.elasticsearch.cluster.service] [node_t0] set local cluster state to version 7
[2016-03-29 17:32:40,817][TRACE][org.elasticsearch.cluster.service] ack received from node [{node_t0}{UfUp16d-QkC9d6GYxK1FHQ}{local}{local[276]}[master=>true, data=>false, mode=>local]], cluster_state update (version: 7)
[2016-03-29 17:32:40,817][TRACE][org.elasticsearch.cluster.service] all expected nodes acknowledged cluster_state update (version: 7)
[2016-03-29 17:32:40,817][DEBUG][org.elasticsearch.cluster.service] [node_t0] processing [create-index [test], cause [api]]: took 10ms done applying updated cluster_state (version: 7, uuid: gBkV47FoR-SSjRW8yTEqVw)
[2016-03-29 17:32:40,817][TRACE][org.elasticsearch.cluster.service] [node_t0] will process [shard-started ([test][2], node[4yqY1j8FTECj9n-FDXWCww], [P], v[1], s[INITIALIZING], a[id=h5xM-7TFT4KWIT1w8x1shg], unassigned_info[[reason=INDEX_CREATED], at[2016-03-29T21:32:40.807Z]]), reason [after recovery from store]]
[2016-03-29 17:32:40,817][TRACE][org.elasticsearch.cluster.service] [node_t0] will process [shard-started ([test][0], node[chEL1cVxSiqyVnMoAxPsYQ], [P], v[1], s[INITIALIZING], a[id=eyErMgKOTYiWY8-mz-5ybg], unassigned_info[[reason=INDEX_CREATED], at[2016-03-29T21:32:40.807Z]]), reason [after recovery from store]]
[2016-03-29 17:32:40,817][TRACE][org.elasticsearch.cluster.service] [node_t0] will process [shard-started ([test][1], node[cH4Pg-Z1Q3WtjSpkLJVcMQ], [P], v[1], s[INITIALIZING], a[id=puVkDkwnQiiK6tfyRwieOg], unassigned_info[[reason=INDEX_CREATED], at[2016-03-29T21:32:40.807Z]]), reason [after recovery from store]]
[2016-03-29 17:32:40,817][DEBUG][org.elasticsearch.cluster.service] [node_t0] processing [shard-started ([test][2], node[4yqY1j8FTECj9n-FDXWCww], [P], v[1], s[INITIALIZING], a[id=h5xM-7TFT4KWIT1w8x1shg], unassigned_info[[reason=INDEX_CREATED], at[2016-03-29T21:32:40.807Z]]), reason [after recovery from store],shard-started ([test][0], node[chEL1cVxSiqyVnMoAxPsYQ], [P], v[1], s[INITIALIZING], a[id=eyErMgKOTYiWY8-mz-5ybg], unassigned_info[[reason=INDEX_CREATED], at[2016-03-29T21:32:40.807Z]]), reason [after recovery from store],shard-started ([test][1], node[cH4Pg-Z1Q3WtjSpkLJVcMQ], [P], v[1], s[INITIALIZING], a[id=puVkDkwnQiiK6tfyRwieOg], unassigned_info[[reason=INDEX_CREATED], at[2016-03-29T21:32:40.807Z]]), reason [after recovery from store]]: execute
[2016-03-29 17:32:40,818][TRACE][org.elasticsearch.cluster.service] [node_t0] cluster state updated, source [shard-started ([test][2], node[4yqY1j8FTECj9n-FDXWCww], [P], v[1], s[INITIALIZING], a[id=h5xM-7TFT4KWIT1w8x1shg], unassigned_info[[reason=INDEX_CREATED], at[2016-03-29T21:32:40.807Z]]), reason [after recovery from store],shard-started ([test][0], node[chEL1cVxSiqyVnMoAxPsYQ], [P], v[1], s[INITIALIZING], a[id=eyErMgKOTYiWY8-mz-5ybg], unassigned_info[[reason=INDEX_CREATED], at[2016-03-29T21:32:40.807Z]]), reason [after recovery from store],shard-started ([test][1], node[cH4Pg-Z1Q3WtjSpkLJVcMQ], [P], v[1], s[INITIALIZING], a[id=puVkDkwnQiiK6tfyRwieOg], unassigned_info[[reason=INDEX_CREATED], at[2016-03-29T21:32:40.807Z]]), reason [after recovery from store]]
version: 8
state uuid: jSIcSPlbSWmXFWVD9saAOg
from_diff: false
meta data version: 3
nodes: 
   {node_t0}{UfUp16d-QkC9d6GYxK1FHQ}{local}{local[276]}[master=>true, data=>false, mode=>local], local, master
   {node_t1}{4yqY1j8FTECj9n-FDXWCww}{local}{local[277]}[master=>false, mode=>local]
   {node_t2}{cH4Pg-Z1Q3WtjSpkLJVcMQ}{local}{local[278]}[master=>false, mode=>local]
   {node_t4}{spvrvP6iSO23D1MkjNetVA}{local}{local[280]}[master=>false, mode=>local]
   {node_t3}{chEL1cVxSiqyVnMoAxPsYQ}{local}{local[279]}[master=>false, mode=>local]
routing_table (version 3):
-- index [test]
----shard_id [test][0]
--------[test][0], node[chEL1cVxSiqyVnMoAxPsYQ], [P], v[2], s[STARTED], a[id=eyErMgKOTYiWY8-mz-5ybg]
--------[test][0], node[cH4Pg-Z1Q3WtjSpkLJVcMQ], [R], v[2], s[INITIALIZING], a[id=VrhKs4wPRZusiagQKUgJUQ], unassigned_info[[reason=INDEX_CREATED], at[2016-03-29T21:32:40.807Z]]
----shard_id [test][1]
--------[test][1], node[cH4Pg-Z1Q3WtjSpkLJVcMQ], [P], v[2], s[STARTED], a[id=puVkDkwnQiiK6tfyRwieOg]
--------[test][1], node[4yqY1j8FTECj9n-FDXWCww], [R], v[2], s[INITIALIZING], a[id=2ebmYPWES1qI0uhQUy9D9g], unassigned_info[[reason=INDEX_CREATED], at[2016-03-29T21:32:40.807Z]]
----shard_id [test][2]
--------[test][2], node[chEL1cVxSiqyVnMoAxPsYQ], [R], v[2], s[INITIALIZING], a[id=sLgGe6JPRTaT96A_3Jb1uA], unassigned_info[[reason=INDEX_CREATED], at[2016-03-29T21:32:40.807Z]]
--------[test][2], node[4yqY1j8FTECj9n-FDXWCww], [P], v[2], s[STARTED], a[id=h5xM-7TFT4KWIT1w8x1shg]

routing_nodes:
-----node_id[chEL1cVxSiqyVnMoAxPsYQ][V]
--------[test][2], node[chEL1cVxSiqyVnMoAxPsYQ], [R], v[2], s[INITIALIZING], a[id=sLgGe6JPRTaT96A_3Jb1uA], unassigned_info[[reason=INDEX_CREATED], at[2016-03-29T21:32:40.807Z]]
--------[test][0], node[chEL1cVxSiqyVnMoAxPsYQ], [P], v[2], s[STARTED], a[id=eyErMgKOTYiWY8-mz-5ybg]
-----node_id[cH4Pg-Z1Q3WtjSpkLJVcMQ][V]
--------[test][1], node[cH4Pg-Z1Q3WtjSpkLJVcMQ], [P], v[2], s[STARTED], a[id=puVkDkwnQiiK6tfyRwieOg]
--------[test][0], node[cH4Pg-Z1Q3WtjSpkLJVcMQ], [R], v[2], s[INITIALIZING], a[id=VrhKs4wPRZusiagQKUgJUQ], unassigned_info[[reason=INDEX_CREATED], at[2016-03-29T21:32:40.807Z]]
-----node_id[4yqY1j8FTECj9n-FDXWCww][V]
--------[test][2], node[4yqY1j8FTECj9n-FDXWCww], [P], v[2], s[STARTED], a[id=h5xM-7TFT4KWIT1w8x1shg]
--------[test][1], node[4yqY1j8FTECj9n-FDXWCww], [R], v[2], s[INITIALIZING], a[id=2ebmYPWES1qI0uhQUy9D9g], unassigned_info[[reason=INDEX_CREATED], at[2016-03-29T21:32:40.807Z]]
-----node_id[spvrvP6iSO23D1MkjNetVA][V]
---- unassigned

[2016-03-29 17:32:40,818][DEBUG][org.elasticsearch.cluster.service] [node_t0] publishing cluster state version [8]
[2016-03-29 17:32:40,818][TRACE][org.elasticsearch.cluster.service] [node_t1] will process [local-disco-receive(from master)]
[2016-03-29 17:32:40,818][TRACE][org.elasticsearch.cluster.service] [node_t2] will process [local-disco-receive(from master)]
[2016-03-29 17:32:40,818][DEBUG][org.elasticsearch.cluster.service] [node_t1] processing [local-disco-receive(from master)]: execute
[2016-03-29 17:32:40,818][TRACE][org.elasticsearch.cluster.service] [node_t3] will process [local-disco-receive(from master)]
[2016-03-29 17:32:40,818][TRACE][org.elasticsearch.cluster.service] [node_t4] will process [local-disco-receive(from master)]
[2016-03-29 17:32:40,818][DEBUG][org.elasticsearch.cluster.service] [node_t2] processing [local-disco-receive(from master)]: execute
[2016-03-29 17:32:40,819][DEBUG][org.elasticsearch.cluster.service] [node_t4] processing [local-disco-receive(from master)]: execute
[2016-03-29 17:32:40,819][DEBUG][org.elasticsearch.cluster.service] [node_t3] processing [local-disco-receive(from master)]: execute
[2016-03-29 17:32:40,819][TRACE][org.elasticsearch.cluster.service] [node_t1] cluster state updated, source [local-disco-receive(from master)]
version: 8
state uuid: jSIcSPlbSWmXFWVD9saAOg
from_diff: false
meta data version: 3
nodes: 
   {node_t0}{UfUp16d-QkC9d6GYxK1FHQ}{local}{local[276]}[mode=>local, data=>false, master=>true], master
   {node_t1}{4yqY1j8FTECj9n-FDXWCww}{local}{local[277]}[master=>false, mode=>local], local
   {node_t2}{cH4Pg-Z1Q3WtjSpkLJVcMQ}{local}{local[278]}[master=>false, mode=>local]
   {node_t4}{spvrvP6iSO23D1MkjNetVA}{local}{local[280]}[master=>false, mode=>local]
   {node_t3}{chEL1cVxSiqyVnMoAxPsYQ}{local}{local[279]}[mode=>local, master=>false]
routing_table (version 3):
-- index [test]
----shard_id [test][0]
--------[test][0], node[chEL1cVxSiqyVnMoAxPsYQ], [P], v[2], s[STARTED], a[id=eyErMgKOTYiWY8-mz-5ybg]
--------[test][0], node[cH4Pg-Z1Q3WtjSpkLJVcMQ], [R], v[2], s[INITIALIZING], a[id=VrhKs4wPRZusiagQKUgJUQ], unassigned_info[[reason=INDEX_CREATED], at[2016-03-29T21:32:40.807Z]]
----shard_id [test][1]
--------[test][1], node[cH4Pg-Z1Q3WtjSpkLJVcMQ], [P], v[2], s[STARTED], a[id=puVkDkwnQiiK6tfyRwieOg]
--------[test][1], node[4yqY1j8FTECj9n-FDXWCww], [R], v[2], s[INITIALIZING], a[id=2ebmYPWES1qI0uhQUy9D9g], unassigned_info[[reason=INDEX_CREATED], at[2016-03-29T21:32:40.807Z]]
----shard_id [test][2]
--------[test][2], node[chEL1cVxSiqyVnMoAxPsYQ], [R], v[2], s[INITIALIZING], a[id=sLgGe6JPRTaT96A_3Jb1uA], unassigned_info[[reason=INDEX_CREATED], at[2016-03-29T21:32:40.807Z]]
--------[test][2], node[4yqY1j8FTECj9n-FDXWCww], [P], v[2], s[STARTED], a[id=h5xM-7TFT4KWIT1w8x1shg]

routing_nodes:
-----node_id[chEL1cVxSiqyVnMoAxPsYQ][V]
--------[test][2], node[chEL1cVxSiqyVnMoAxPsYQ], [R], v[2], s[INITIALIZING], a[id=sLgGe6JPRTaT96A_3Jb1uA], unassigned_info[[reason=INDEX_CREATED], at[2016-03-29T21:32:40.807Z]]
--------[test][0], node[chEL1cVxSiqyVnMoAxPsYQ], [P], v[2], s[STARTED], a[id=eyErMgKOTYiWY8-mz-5ybg]
-----node_id[cH4Pg-Z1Q3WtjSpkLJVcMQ][V]
--------[test][1], node[cH4Pg-Z1Q3WtjSpkLJVcMQ], [P], v[2], s[STARTED], a[id=puVkDkwnQiiK6tfyRwieOg]
--------[test][0], node[cH4Pg-Z1Q3WtjSpkLJVcMQ], [R], v[2], s[INITIALIZING], a[id=VrhKs4wPRZusiagQKUgJUQ], unassigned_info[[reason=INDEX_CREATED], at[2016-03-29T21:32:40.807Z]]
-----node_id[4yqY1j8FTECj9n-FDXWCww][V]
--------[test][2], node[4yqY1j8FTECj9n-FDXWCww], [P], v[2], s[STARTED], a[id=h5xM-7TFT4KWIT1w8x1shg]
--------[test][1], node[4yqY1j8FTECj9n-FDXWCww], [R], v[2], s[INITIALIZING], a[id=2ebmYPWES1qI0uhQUy9D9g], unassigned_info[[reason=INDEX_CREATED], at[2016-03-29T21:32:40.807Z]]
-----node_id[spvrvP6iSO23D1MkjNetVA][V]
---- unassigned

[2016-03-29 17:32:40,819][TRACE][org.elasticsearch.cluster.service] [node_t3] cluster state updated, source [local-disco-receive(from master)]
version: 8
state uuid: jSIcSPlbSWmXFWVD9saAOg
from_diff: false
meta data version: 3
nodes: 
   {node_t0}{UfUp16d-QkC9d6GYxK1FHQ}{local}{local[276]}[master=>true, data=>false, mode=>local], master
   {node_t1}{4yqY1j8FTECj9n-FDXWCww}{local}{local[277]}[master=>false, mode=>local]
   {node_t2}{cH4Pg-Z1Q3WtjSpkLJVcMQ}{local}{local[278]}[master=>false, mode=>local]
   {node_t4}{spvrvP6iSO23D1MkjNetVA}{local}{local[280]}[master=>false, mode=>local]
   {node_t3}{chEL1cVxSiqyVnMoAxPsYQ}{local}{local[279]}[master=>false, mode=>local], local
routing_table (version 3):
-- index [test]
----shard_id [test][0]
--------[test][0], node[chEL1cVxSiqyVnMoAxPsYQ], [P], v[2], s[STARTED], a[id=eyErMgKOTYiWY8-mz-5ybg]
--------[test][0], node[cH4Pg-Z1Q3WtjSpkLJVcMQ], [R], v[2], s[INITIALIZING], a[id=VrhKs4wPRZusiagQKUgJUQ], unassigned_info[[reason=INDEX_CREATED], at[2016-03-29T21:32:40.807Z]]
----shard_id [test][1]
--------[test][1], node[cH4Pg-Z1Q3WtjSpkLJVcMQ], [P], v[2], s[STARTED], a[id=puVkDkwnQiiK6tfyRwieOg]
--------[test][1], node[4yqY1j8FTECj9n-FDXWCww], [R], v[2], s[INITIALIZING], a[id=2ebmYPWES1qI0uhQUy9D9g], unassigned_info[[reason=INDEX_CREATED], at[2016-03-29T21:32:40.807Z]]
----shard_id [test][2]
--------[test][2], node[chEL1cVxSiqyVnMoAxPsYQ], [R], v[2], s[INITIALIZING], a[id=sLgGe6JPRTaT96A_3Jb1uA], unassigned_info[[reason=INDEX_CREATED], at[2016-03-29T21:32:40.807Z]]
--------[test][2], node[4yqY1j8FTECj9n-FDXWCww], [P], v[2], s[STARTED], a[id=h5xM-7TFT4KWIT1w8x1shg]

routing_nodes:
-----node_id[chEL1cVxSiqyVnMoAxPsYQ][V]
--------[test][2], node[chEL1cVxSiqyVnMoAxPsYQ], [R], v[2], s[INITIALIZING], a[id=sLgGe6JPRTaT96A_3Jb1uA], unassigned_info[[reason=INDEX_CREATED], at[2016-03-29T21:32:40.807Z]]
--------[test][0], node[chEL1cVxSiqyVnMoAxPsYQ], [P], v[2], s[STARTED], a[id=eyErMgKOTYiWY8-mz-5ybg]
-----node_id[cH4Pg-Z1Q3WtjSpkLJVcMQ][V]
--------[test][1], node[cH4Pg-Z1Q3WtjSpkLJVcMQ], [P], v[2], s[STARTED], a[id=puVkDkwnQiiK6tfyRwieOg]
--------[test][0], node[cH4Pg-Z1Q3WtjSpkLJVcMQ], [R], v[2], s[INITIALIZING], a[id=VrhKs4wPRZusiagQKUgJUQ], unassigned_info[[reason=INDEX_CREATED], at[2016-03-29T21:32:40.807Z]]
-----node_id[4yqY1j8FTECj9n-FDXWCww][V]
--------[test][2], node[4yqY1j8FTECj9n-FDXWCww], [P], v[2], s[STARTED], a[id=h5xM-7TFT4KWIT1w8x1shg]
--------[test][1], node[4yqY1j8FTECj9n-FDXWCww], [R], v[2], s[INITIALIZING], a[id=2ebmYPWES1qI0uhQUy9D9g], unassigned_info[[reason=INDEX_CREATED], at[2016-03-29T21:32:40.807Z]]
-----node_id[spvrvP6iSO23D1MkjNetVA][V]
---- unassigned

[2016-03-29 17:32:40,819][TRACE][org.elasticsearch.cluster.service] [node_t2] cluster state updated, source [local-disco-receive(from master)]
version: 8
state uuid: jSIcSPlbSWmXFWVD9saAOg
from_diff: false
meta data version: 3
nodes: 
   {node_t0}{UfUp16d-QkC9d6GYxK1FHQ}{local}{local[276]}[mode=>local, data=>false, master=>true], master
   {node_t1}{4yqY1j8FTECj9n-FDXWCww}{local}{local[277]}[master=>false, mode=>local]
   {node_t2}{cH4Pg-Z1Q3WtjSpkLJVcMQ}{local}{local[278]}[master=>false, mode=>local], local
   {node_t4}{spvrvP6iSO23D1MkjNetVA}{local}{local[280]}[master=>false, mode=>local]
   {node_t3}{chEL1cVxSiqyVnMoAxPsYQ}{local}{local[279]}[mode=>local, master=>false]
routing_table (version 3):
-- index [test]
----shard_id [test][0]
--------[test][0], node[chEL1cVxSiqyVnMoAxPsYQ], [P], v[2], s[STARTED], a[id=eyErMgKOTYiWY8-mz-5ybg]
--------[test][0], node[cH4Pg-Z1Q3WtjSpkLJVcMQ], [R], v[2], s[INITIALIZING], a[id=VrhKs4wPRZusiagQKUgJUQ], unassigned_info[[reason=INDEX_CREATED], at[2016-03-29T21:32:40.807Z]]
----shard_id [test][1]
--------[test][1], node[cH4Pg-Z1Q3WtjSpkLJVcMQ], [P], v[2], s[STARTED], a[id=puVkDkwnQiiK6tfyRwieOg]
--------[test][1], node[4yqY1j8FTECj9n-FDXWCww], [R], v[2], s[INITIALIZING], a[id=2ebmYPWES1qI0uhQUy9D9g], unassigned_info[[reason=INDEX_CREATED], at[2016-03-29T21:32:40.807Z]]
----shard_id [test][2]
--------[test][2], node[chEL1cVxSiqyVnMoAxPsYQ], [R], v[2], s[INITIALIZING], a[id=sLgGe6JPRTaT96A_3Jb1uA], unassigned_info[[reason=INDEX_CREATED], at[2016-03-29T21:32:40.807Z]]
--------[test][2], node[4yqY1j8FTECj9n-FDXWCww], [P], v[2], s[STARTED], a[id=h5xM-7TFT4KWIT1w8x1shg]

routing_nodes:
-----node_id[chEL1cVxSiqyVnMoAxPsYQ][V]
--------[test][2], node[chEL1cVxSiqyVnMoAxPsYQ], [R], v[2], s[INITIALIZING], a[id=sLgGe6JPRTaT96A_3Jb1uA], unassigned_info[[reason=INDEX_CREATED], at[2016-03-29T21:32:40.807Z]]
--------[test][0], node[chEL1cVxSiqyVnMoAxPsYQ], [P], v[2], s[STARTED], a[id=eyErMgKOTYiWY8-mz-5ybg]
-----node_id[cH4Pg-Z1Q3WtjSpkLJVcMQ][V]
--------[test][1], node[cH4Pg-Z1Q3WtjSpkLJVcMQ], [P], v[2], s[STARTED], a[id=puVkDkwnQiiK6tfyRwieOg]
--------[test][0], node[cH4Pg-Z1Q3WtjSpkLJVcMQ], [R], v[2], s[INITIALIZING], a[id=VrhKs4wPRZusiagQKUgJUQ], unassigned_info[[reason=INDEX_CREATED], at[2016-03-29T21:32:40.807Z]]
-----node_id[4yqY1j8FTECj9n-FDXWCww][V]
--------[test][2], node[4yqY1j8FTECj9n-FDXWCww], [P], v[2], s[STARTED], a[id=h5xM-7TFT4KWIT1w8x1shg]
--------[test][1], node[4yqY1j8FTECj9n-FDXWCww], [R], v[2], s[INITIALIZING], a[id=2ebmYPWES1qI0uhQUy9D9g], unassigned_info[[reason=INDEX_CREATED], at[2016-03-29T21:32:40.807Z]]
-----node_id[spvrvP6iSO23D1MkjNetVA][V]
---- unassigned

[2016-03-29 17:32:40,819][TRACE][org.elasticsearch.cluster.service] [node_t4] cluster state updated, source [local-disco-receive(from master)]
version: 8
state uuid: jSIcSPlbSWmXFWVD9saAOg
from_diff: false
meta data version: 3
nodes: 
   {node_t0}{UfUp16d-QkC9d6GYxK1FHQ}{local}{local[276]}[data=>false, master=>true, mode=>local], master
   {node_t1}{4yqY1j8FTECj9n-FDXWCww}{local}{local[277]}[mode=>local, master=>false]
   {node_t2}{cH4Pg-Z1Q3WtjSpkLJVcMQ}{local}{local[278]}[mode=>local, master=>false]
   {node_t4}{spvrvP6iSO23D1MkjNetVA}{local}{local[280]}[master=>false, mode=>local], local
   {node_t3}{chEL1cVxSiqyVnMoAxPsYQ}{local}{local[279]}[master=>false, mode=>local]
routing_table (version 3):
-- index [test]
----shard_id [test][0]
--------[test][0], node[chEL1cVxSiqyVnMoAxPsYQ], [P], v[2], s[STARTED], a[id=eyErMgKOTYiWY8-mz-5ybg]
--------[test][0], node[cH4Pg-Z1Q3WtjSpkLJVcMQ], [R], v[2], s[INITIALIZING], a[id=VrhKs4wPRZusiagQKUgJUQ], unassigned_info[[reason=INDEX_CREATED], at[2016-03-29T21:32:40.807Z]]
----shard_id [test][1]
--------[test][1], node[cH4Pg-Z1Q3WtjSpkLJVcMQ], [P], v[2], s[STARTED], a[id=puVkDkwnQiiK6tfyRwieOg]
--------[test][1], node[4yqY1j8FTECj9n-FDXWCww], [R], v[2], s[INITIALIZING], a[id=2ebmYPWES1qI0uhQUy9D9g], unassigned_info[[reason=INDEX_CREATED], at[2016-03-29T21:32:40.807Z]]
----shard_id [test][2]
--------[test][2], node[chEL1cVxSiqyVnMoAxPsYQ], [R], v[2], s[INITIALIZING], a[id=sLgGe6JPRTaT96A_3Jb1uA], unassigned_info[[reason=INDEX_CREATED], at[2016-03-29T21:32:40.807Z]]
--------[test][2], node[4yqY1j8FTECj9n-FDXWCww], [P], v[2], s[STARTED], a[id=h5xM-7TFT4KWIT1w8x1shg]

routing_nodes:
-----node_id[chEL1cVxSiqyVnMoAxPsYQ][V]
--------[test][2], node[chEL1cVxSiqyVnMoAxPsYQ], [R], v[2], s[INITIALIZING], a[id=sLgGe6JPRTaT96A_3Jb1uA], unassigned_info[[reason=INDEX_CREATED], at[2016-03-29T21:32:40.807Z]]
--------[test][0], node[chEL1cVxSiqyVnMoAxPsYQ], [P], v[2], s[STARTED], a[id=eyErMgKOTYiWY8-mz-5ybg]
-----node_id[cH4Pg-Z1Q3WtjSpkLJVcMQ][V]
--------[test][1], node[cH4Pg-Z1Q3WtjSpkLJVcMQ], [P], v[2], s[STARTED], a[id=puVkDkwnQiiK6tfyRwieOg]
--------[test][0], node[cH4Pg-Z1Q3WtjSpkLJVcMQ], [R], v[2], s[INITIALIZING], a[id=VrhKs4wPRZusiagQKUgJUQ], unassigned_info[[reason=INDEX_CREATED], at[2016-03-29T21:32:40.807Z]]
-----node_id[4yqY1j8FTECj9n-FDXWCww][V]
--------[test][2], node[4yqY1j8FTECj9n-FDXWCww], [P], v[2], s[STARTED], a[id=h5xM-7TFT4KWIT1w8x1shg]
--------[test][1], node[4yqY1j8FTECj9n-FDXWCww], [R], v[2], s[INITIALIZING], a[id=2ebmYPWES1qI0uhQUy9D9g], unassigned_info[[reason=INDEX_CREATED], at[2016-03-29T21:32:40.807Z]]
-----node_id[spvrvP6iSO23D1MkjNetVA][V]
---- unassigned

[2016-03-29 17:32:40,819][DEBUG][org.elasticsearch.cluster.service] [node_t2] set local cluster state to version 8
[2016-03-29 17:32:40,819][DEBUG][org.elasticsearch.cluster.service] [node_t3] set local cluster state to version 8
[2016-03-29 17:32:40,819][DEBUG][org.elasticsearch.cluster.service] [node_t1] set local cluster state to version 8
[2016-03-29 17:32:40,820][DEBUG][org.elasticsearch.cluster.service] [node_t4] set local cluster state to version 8
[2016-03-29 17:32:40,821][DEBUG][org.elasticsearch.cluster.service] [node_t4] processing [local-disco-receive(from master)]: took 2ms done applying updated cluster_state (version: 8, uuid: jSIcSPlbSWmXFWVD9saAOg)
[2016-03-29 17:32:40,824][DEBUG][org.elasticsearch.cluster.service] [node_t3] processing [local-disco-receive(from master)]: took 5ms done applying updated cluster_state (version: 8, uuid: jSIcSPlbSWmXFWVD9saAOg)
[2016-03-29 17:32:40,825][DEBUG][org.elasticsearch.cluster.service] [node_t2] processing [local-disco-receive(from master)]: took 6ms done applying updated cluster_state (version: 8, uuid: jSIcSPlbSWmXFWVD9saAOg)
[2016-03-29 17:32:40,826][DEBUG][org.elasticsearch.cluster.service] [node_t1] processing [local-disco-receive(from master)]: took 7ms done applying updated cluster_state (version: 8, uuid: jSIcSPlbSWmXFWVD9saAOg)
[2016-03-29 17:32:40,826][DEBUG][org.elasticsearch.cluster.service] [node_t0] set local cluster state to version 8
[2016-03-29 17:32:40,828][DEBUG][org.elasticsearch.cluster.service] [node_t0] processing [shard-started ([test][2], node[4yqY1j8FTECj9n-FDXWCww], [P], v[1], s[INITIALIZING], a[id=h5xM-7TFT4KWIT1w8x1shg], unassigned_info[[reason=INDEX_CREATED], at[2016-03-29T21:32:40.807Z]]), reason [after recovery from store],shard-started ([test][0], node[chEL1cVxSiqyVnMoAxPsYQ], [P], v[1], s[INITIALIZING], a[id=eyErMgKOTYiWY8-mz-5ybg], unassigned_info[[reason=INDEX_CREATED], at[2016-03-29T21:32:40.807Z]]), reason [after recovery from store],shard-started ([test][1], node[cH4Pg-Z1Q3WtjSpkLJVcMQ], [P], v[1], s[INITIALIZING], a[id=puVkDkwnQiiK6tfyRwieOg], unassigned_info[[reason=INDEX_CREATED], at[2016-03-29T21:32:40.807Z]]), reason [after recovery from store]]: took 10ms done applying updated cluster_state (version: 8, uuid: jSIcSPlbSWmXFWVD9saAOg)
[2016-03-29 17:32:40,831][TRACE][org.elasticsearch.cluster.service] [node_t0] will process [shard-started ([test][2], node[chEL1cVxSiqyVnMoAxPsYQ], [R], v[2], s[INITIALIZING], a[id=sLgGe6JPRTaT96A_3Jb1uA], unassigned_info[[reason=INDEX_CREATED], at[2016-03-29T21:32:40.807Z]]), reason [after recovery (replica) from node [{node_t1}{4yqY1j8FTECj9n-FDXWCww}{local}{local[277]}[master=>false, mode=>local]]]]
[2016-03-29 17:32:40,831][DEBUG][org.elasticsearch.cluster.service] [node_t0] processing [shard-started ([test][2], node[chEL1cVxSiqyVnMoAxPsYQ], [R], v[2], s[INITIALIZING], a[id=sLgGe6JPRTaT96A_3Jb1uA], unassigned_info[[reason=INDEX_CREATED], at[2016-03-29T21:32:40.807Z]]), reason [after recovery (replica) from node [{node_t1}{4yqY1j8FTECj9n-FDXWCww}{local}{local[277]}[master=>false, mode=>local]]]]: execute
[2016-03-29 17:32:40,832][TRACE][org.elasticsearch.cluster.service] [node_t0] cluster state updated, source [shard-started ([test][2], node[chEL1cVxSiqyVnMoAxPsYQ], [R], v[2], s[INITIALIZING], a[id=sLgGe6JPRTaT96A_3Jb1uA], unassigned_info[[reason=INDEX_CREATED], at[2016-03-29T21:32:40.807Z]]), reason [after recovery (replica) from node [{node_t1}{4yqY1j8FTECj9n-FDXWCww}{local}{local[277]}[master=>false, mode=>local]]]]
version: 9
state uuid: 9uWQHcTgTY-DL0bMVGepXg
from_diff: false
meta data version: 4
nodes: 
   {node_t0}{UfUp16d-QkC9d6GYxK1FHQ}{local}{local[276]}[master=>true, data=>false, mode=>local], local, master
   {node_t1}{4yqY1j8FTECj9n-FDXWCww}{local}{local[277]}[master=>false, mode=>local]
   {node_t2}{cH4Pg-Z1Q3WtjSpkLJVcMQ}{local}{local[278]}[master=>false, mode=>local]
   {node_t4}{spvrvP6iSO23D1MkjNetVA}{local}{local[280]}[master=>false, mode=>local]
   {node_t3}{chEL1cVxSiqyVnMoAxPsYQ}{local}{local[279]}[master=>false, mode=>local]
routing_table (version 4):
-- index [test]
----shard_id [test][0]
--------[test][0], node[chEL1cVxSiqyVnMoAxPsYQ], [P], v[2], s[STARTED], a[id=eyErMgKOTYiWY8-mz-5ybg]
--------[test][0], node[cH4Pg-Z1Q3WtjSpkLJVcMQ], [R], v[2], s[INITIALIZING], a[id=VrhKs4wPRZusiagQKUgJUQ], unassigned_info[[reason=INDEX_CREATED], at[2016-03-29T21:32:40.807Z]]
----shard_id [test][1]
--------[test][1], node[cH4Pg-Z1Q3WtjSpkLJVcMQ], [P], v[2], s[STARTED], a[id=puVkDkwnQiiK6tfyRwieOg]
--------[test][1], node[4yqY1j8FTECj9n-FDXWCww], [R], v[2], s[INITIALIZING], a[id=2ebmYPWES1qI0uhQUy9D9g], unassigned_info[[reason=INDEX_CREATED], at[2016-03-29T21:32:40.807Z]]
----shard_id [test][2]
--------[test][2], node[chEL1cVxSiqyVnMoAxPsYQ], [R], v[3], s[STARTED], a[id=sLgGe6JPRTaT96A_3Jb1uA]
--------[test][2], node[4yqY1j8FTECj9n-FDXWCww], [P], v[3], s[STARTED], a[id=h5xM-7TFT4KWIT1w8x1shg]

routing_nodes:
-----node_id[chEL1cVxSiqyVnMoAxPsYQ][V]
--------[test][2], node[chEL1cVxSiqyVnMoAxPsYQ], [R], v[3], s[STARTED], a[id=sLgGe6JPRTaT96A_3Jb1uA]
--------[test][0], node[chEL1cVxSiqyVnMoAxPsYQ], [P], v[2], s[STARTED], a[id=eyErMgKOTYiWY8-mz-5ybg]
-----node_id[cH4Pg-Z1Q3WtjSpkLJVcMQ][V]
--------[test][1], node[cH4Pg-Z1Q3WtjSpkLJVcMQ], [P], v[2], s[STARTED], a[id=puVkDkwnQiiK6tfyRwieOg]
--------[test][0], node[cH4Pg-Z1Q3WtjSpkLJVcMQ], [R], v[2], s[INITIALIZING], a[id=VrhKs4wPRZusiagQKUgJUQ], unassigned_info[[reason=INDEX_CREATED], at[2016-03-29T21:32:40.807Z]]
-----node_id[4yqY1j8FTECj9n-FDXWCww][V]
--------[test][2], node[4yqY1j8FTECj9n-FDXWCww], [P], v[3], s[STARTED], a[id=h5xM-7TFT4KWIT1w8x1shg]
--------[test][1], node[4yqY1j8FTECj9n-FDXWCww], [R], v[2], s[INITIALIZING], a[id=2ebmYPWES1qI0uhQUy9D9g], unassigned_info[[reason=INDEX_CREATED], at[2016-03-29T21:32:40.807Z]]
-----node_id[spvrvP6iSO23D1MkjNetVA][V]
---- unassigned

[2016-03-29 17:32:40,832][DEBUG][org.elasticsearch.cluster.service] [node_t0] publishing cluster state version [9]
[2016-03-29 17:32:40,832][TRACE][org.elasticsearch.cluster.service] [node_t1] will process [local-disco-receive(from master)]
[2016-03-29 17:32:40,832][TRACE][org.elasticsearch.cluster.service] [node_t2] will process [local-disco-receive(from master)]
[2016-03-29 17:32:40,832][DEBUG][org.elasticsearch.cluster.service] [node_t1] processing [local-disco-receive(from master)]: execute
[2016-03-29 17:32:40,832][TRACE][org.elasticsearch.cluster.service] [node_t3] will process [local-disco-receive(from master)]
[2016-03-29 17:32:40,833][TRACE][org.elasticsearch.cluster.service] [node_t4] will process [local-disco-receive(from master)]
[2016-03-29 17:32:40,833][DEBUG][org.elasticsearch.cluster.service] [node_t4] processing [local-disco-receive(from master)]: execute
[2016-03-29 17:32:40,832][DEBUG][org.elasticsearch.cluster.service] [node_t2] processing [local-disco-receive(from master)]: execute
[2016-03-29 17:32:40,833][TRACE][org.elasticsearch.cluster.service] [node_t1] cluster state updated, source [local-disco-receive(from master)]
version: 9
state uuid: 9uWQHcTgTY-DL0bMVGepXg
from_diff: false
meta data version: 4
nodes: 
   {node_t0}{UfUp16d-QkC9d6GYxK1FHQ}{local}{local[276]}[mode=>local, data=>false, master=>true], master
   {node_t1}{4yqY1j8FTECj9n-FDXWCww}{local}{local[277]}[master=>false, mode=>local], local
   {node_t2}{cH4Pg-Z1Q3WtjSpkLJVcMQ}{local}{local[278]}[master=>false, mode=>local]
   {node_t4}{spvrvP6iSO23D1MkjNetVA}{local}{local[280]}[master=>false, mode=>local]
   {node_t3}{chEL1cVxSiqyVnMoAxPsYQ}{local}{local[279]}[mode=>local, master=>false]
routing_table (version 4):
-- index [test]
----shard_id [test][0]
--------[test][0], node[chEL1cVxSiqyVnMoAxPsYQ], [P], v[2], s[STARTED], a[id=eyErMgKOTYiWY8-mz-5ybg]
--------[test][0], node[cH4Pg-Z1Q3WtjSpkLJVcMQ], [R], v[2], s[INITIALIZING], a[id=VrhKs4wPRZusiagQKUgJUQ], unassigned_info[[reason=INDEX_CREATED], at[2016-03-29T21:32:40.807Z]]
----shard_id [test][1]
--------[test][1], node[cH4Pg-Z1Q3WtjSpkLJVcMQ], [P], v[2], s[STARTED], a[id=puVkDkwnQiiK6tfyRwieOg]
--------[test][1], node[4yqY1j8FTECj9n-FDXWCww], [R], v[2], s[INITIALIZING], a[id=2ebmYPWES1qI0uhQUy9D9g], unassigned_info[[reason=INDEX_CREATED], at[2016-03-29T21:32:40.807Z]]
----shard_id [test][2]
--------[test][2], node[chEL1cVxSiqyVnMoAxPsYQ], [R], v[3], s[STARTED], a[id=sLgGe6JPRTaT96A_3Jb1uA]
--------[test][2], node[4yqY1j8FTECj9n-FDXWCww], [P], v[3], s[STARTED], a[id=h5xM-7TFT4KWIT1w8x1shg]

routing_nodes:
-----node_id[chEL1cVxSiqyVnMoAxPsYQ][V]
--------[test][2], node[chEL1cVxSiqyVnMoAxPsYQ], [R], v[3], s[STARTED], a[id=sLgGe6JPRTaT96A_3Jb1uA]
--------[test][0], node[chEL1cVxSiqyVnMoAxPsYQ], [P], v[2], s[STARTED], a[id=eyErMgKOTYiWY8-mz-5ybg]
-----node_id[cH4Pg-Z1Q3WtjSpkLJVcMQ][V]
--------[test][1], node[cH4Pg-Z1Q3WtjSpkLJVcMQ], [P], v[2], s[STARTED], a[id=puVkDkwnQiiK6tfyRwieOg]
--------[test][0], node[cH4Pg-Z1Q3WtjSpkLJVcMQ], [R], v[2], s[INITIALIZING], a[id=VrhKs4wPRZusiagQKUgJUQ], unassigned_info[[reason=INDEX_CREATED], at[2016-03-29T21:32:40.807Z]]
-----node_id[4yqY1j8FTECj9n-FDXWCww][V]
--------[test][2], node[4yqY1j8FTECj9n-FDXWCww], [P], v[3], s[STARTED], a[id=h5xM-7TFT4KWIT1w8x1shg]
--------[test][1], node[4yqY1j8FTECj9n-FDXWCww], [R], v[2], s[INITIALIZING], a[id=2ebmYPWES1qI0uhQUy9D9g], unassigned_info[[reason=INDEX_CREATED], at[2016-03-29T21:32:40.807Z]]
-----node_id[spvrvP6iSO23D1MkjNetVA][V]
---- unassigned

[2016-03-29 17:32:40,833][DEBUG][org.elasticsearch.cluster.service] [node_t1] set local cluster state to version 9
[2016-03-29 17:32:40,833][TRACE][org.elasticsearch.cluster.service] [node_t4] cluster state updated, source [local-disco-receive(from master)]
version: 9
state uuid: 9uWQHcTgTY-DL0bMVGepXg
from_diff: false
meta data version: 4
nodes: 
   {node_t0}{UfUp16d-QkC9d6GYxK1FHQ}{local}{local[276]}[data=>false, master=>true, mode=>local], master
   {node_t1}{4yqY1j8FTECj9n-FDXWCww}{local}{local[277]}[mode=>local, master=>false]
   {node_t2}{cH4Pg-Z1Q3WtjSpkLJVcMQ}{local}{local[278]}[mode=>local, master=>false]
   {node_t4}{spvrvP6iSO23D1MkjNetVA}{local}{local[280]}[master=>false, mode=>local], local
   {node_t3}{chEL1cVxSiqyVnMoAxPsYQ}{local}{local[279]}[master=>false, mode=>local]
routing_table (version 4):
-- index [test]
----shard_id [test][0]
--------[test][0], node[chEL1cVxSiqyVnMoAxPsYQ], [P], v[2], s[STARTED], a[id=eyErMgKOTYiWY8-mz-5ybg]
--------[test][0], node[cH4Pg-Z1Q3WtjSpkLJVcMQ], [R], v[2], s[INITIALIZING], a[id=VrhKs4wPRZusiagQKUgJUQ], unassigned_info[[reason=INDEX_CREATED], at[2016-03-29T21:32:40.807Z]]
----shard_id [test][1]
--------[test][1], node[cH4Pg-Z1Q3WtjSpkLJVcMQ], [P], v[2], s[STARTED], a[id=puVkDkwnQiiK6tfyRwieOg]
--------[test][1], node[4yqY1j8FTECj9n-FDXWCww], [R], v[2], s[INITIALIZING], a[id=2ebmYPWES1qI0uhQUy9D9g], unassigned_info[[reason=INDEX_CREATED], at[2016-03-29T21:32:40.807Z]]
----shard_id [test][2]
--------[test][2], node[chEL1cVxSiqyVnMoAxPsYQ], [R], v[3], s[STARTED], a[id=sLgGe6JPRTaT96A_3Jb1uA]
--------[test][2], node[4yqY1j8FTECj9n-FDXWCww], [P], v[3], s[STARTED], a[id=h5xM-7TFT4KWIT1w8x1shg]

routing_nodes:
-----node_id[chEL1cVxSiqyVnMoAxPsYQ][V]
--------[test][2], node[chEL1cVxSiqyVnMoAxPsYQ], [R], v[3], s[STARTED], a[id=sLgGe6JPRTaT96A_3Jb1uA]
--------[test][0], node[chEL1cVxSiqyVnMoAxPsYQ], [P], v[2], s[STARTED], a[id=eyErMgKOTYiWY8-mz-5ybg]
-----node_id[cH4Pg-Z1Q3WtjSpkLJVcMQ][V]
--------[test][1], node[cH4Pg-Z1Q3WtjSpkLJVcMQ], [P], v[2], s[STARTED], a[id=puVkDkwnQiiK6tfyRwieOg]
--------[test][0], node[cH4Pg-Z1Q3WtjSpkLJVcMQ], [R], v[2], s[INITIALIZING], a[id=VrhKs4wPRZusiagQKUgJUQ], unassigned_info[[reason=INDEX_CREATED], at[2016-03-29T21:32:40.807Z]]
-----node_id[4yqY1j8FTECj9n-FDXWCww][V]
--------[test][2], node[4yqY1j8FTECj9n-FDXWCww], [P], v[3], s[STARTED], a[id=h5xM-7TFT4KWIT1w8x1shg]
--------[test][1], node[4yqY1j8FTECj9n-FDXWCww], [R], v[2], s[INITIALIZING], a[id=2ebmYPWES1qI0uhQUy9D9g], unassigned_info[[reason=INDEX_CREATED], at[2016-03-29T21:32:40.807Z]]
-----node_id[spvrvP6iSO23D1MkjNetVA][V]
---- unassigned

[2016-03-29 17:32:40,833][TRACE][org.elasticsearch.cluster.service] [node_t2] cluster state updated, source [local-disco-receive(from master)]
version: 9
state uuid: 9uWQHcTgTY-DL0bMVGepXg
from_diff: false
meta data version: 4
nodes: 
   {node_t0}{UfUp16d-QkC9d6GYxK1FHQ}{local}{local[276]}[mode=>local, data=>false, master=>true], master
   {node_t1}{4yqY1j8FTECj9n-FDXWCww}{local}{local[277]}[master=>false, mode=>local]
   {node_t2}{cH4Pg-Z1Q3WtjSpkLJVcMQ}{local}{local[278]}[master=>false, mode=>local], local
   {node_t4}{spvrvP6iSO23D1MkjNetVA}{local}{local[280]}[master=>false, mode=>local]
   {node_t3}{chEL1cVxSiqyVnMoAxPsYQ}{local}{local[279]}[mode=>local, master=>false]
routing_table (version 4):
-- index [test]
----shard_id [test][0]
--------[test][0], node[chEL1cVxSiqyVnMoAxPsYQ], [P], v[2], s[STARTED], a[id=eyErMgKOTYiWY8-mz-5ybg]
--------[test][0], node[cH4Pg-Z1Q3WtjSpkLJVcMQ], [R], v[2], s[INITIALIZING], a[id=VrhKs4wPRZusiagQKUgJUQ], unassigned_info[[reason=INDEX_CREATED], at[2016-03-29T21:32:40.807Z]]
----shard_id [test][1]
--------[test][1], node[cH4Pg-Z1Q3WtjSpkLJVcMQ], [P], v[2], s[STARTED], a[id=puVkDkwnQiiK6tfyRwieOg]
--------[test][1], node[4yqY1j8FTECj9n-FDXWCww], [R], v[2], s[INITIALIZING], a[id=2ebmYPWES1qI0uhQUy9D9g], unassigned_info[[reason=INDEX_CREATED], at[2016-03-29T21:32:40.807Z]]
----shard_id [test][2]
--------[test][2], node[chEL1cVxSiqyVnMoAxPsYQ], [R], v[3], s[STARTED], a[id=sLgGe6JPRTaT96A_3Jb1uA]
--------[test][2], node[4yqY1j8FTECj9n-FDXWCww], [P], v[3], s[STARTED], a[id=h5xM-7TFT4KWIT1w8x1shg]

routing_nodes:
-----node_id[chEL1cVxSiqyVnMoAxPsYQ][V]
--------[test][2], node[chEL1cVxSiqyVnMoAxPsYQ], [R], v[3], s[STARTED], a[id=sLgGe6JPRTaT96A_3Jb1uA]
--------[test][0], node[chEL1cVxSiqyVnMoAxPsYQ], [P], v[2], s[STARTED], a[id=eyErMgKOTYiWY8-mz-5ybg]
-----node_id[cH4Pg-Z1Q3WtjSpkLJVcMQ][V]
--------[test][1], node[cH4Pg-Z1Q3WtjSpkLJVcMQ], [P], v[2], s[STARTED], a[id=puVkDkwnQiiK6tfyRwieOg]
--------[test][0], node[cH4Pg-Z1Q3WtjSpkLJVcMQ], [R], v[2], s[INITIALIZING], a[id=VrhKs4wPRZusiagQKUgJUQ], unassigned_info[[reason=INDEX_CREATED], at[2016-03-29T21:32:40.807Z]]
-----node_id[4yqY1j8FTECj9n-FDXWCww][V]
--------[test][2], node[4yqY1j8FTECj9n-FDXWCww], [P], v[3], s[STARTED], a[id=h5xM-7TFT4KWIT1w8x1shg]
--------[test][1], node[4yqY1j8FTECj9n-FDXWCww], [R], v[2], s[INITIALIZING], a[id=2ebmYPWES1qI0uhQUy9D9g], unassigned_info[[reason=INDEX_CREATED], at[2016-03-29T21:32:40.807Z]]
-----node_id[spvrvP6iSO23D1MkjNetVA][V]
---- unassigned

[2016-03-29 17:32:40,833][DEBUG][org.elasticsearch.cluster.service] [node_t3] processing [local-disco-receive(from master)]: execute
[2016-03-29 17:32:40,833][DEBUG][org.elasticsearch.cluster.service] [node_t2] set local cluster state to version 9
[2016-03-29 17:32:40,833][DEBUG][org.elasticsearch.cluster.service] [node_t4] set local cluster state to version 9
[2016-03-29 17:32:40,834][TRACE][org.elasticsearch.cluster.service] [node_t3] cluster state updated, source [local-disco-receive(from master)]
version: 9
state uuid: 9uWQHcTgTY-DL0bMVGepXg
from_diff: false
meta data version: 4
nodes: 
   {node_t0}{UfUp16d-QkC9d6GYxK1FHQ}{local}{local[276]}[master=>true, data=>false, mode=>local], master
   {node_t1}{4yqY1j8FTECj9n-FDXWCww}{local}{local[277]}[master=>false, mode=>local]
   {node_t2}{cH4Pg-Z1Q3WtjSpkLJVcMQ}{local}{local[278]}[master=>false, mode=>local]
   {node_t4}{spvrvP6iSO23D1MkjNetVA}{local}{local[280]}[master=>false, mode=>local]
   {node_t3}{chEL1cVxSiqyVnMoAxPsYQ}{local}{local[279]}[master=>false, mode=>local], local
routing_table (version 4):
-- index [test]
----shard_id [test][0]
--------[test][0], node[chEL1cVxSiqyVnMoAxPsYQ], [P], v[2], s[STARTED], a[id=eyErMgKOTYiWY8-mz-5ybg]
--------[test][0], node[cH4Pg-Z1Q3WtjSpkLJVcMQ], [R], v[2], s[INITIALIZING], a[id=VrhKs4wPRZusiagQKUgJUQ], unassigned_info[[reason=INDEX_CREATED], at[2016-03-29T21:32:40.807Z]]
----shard_id [test][1]
--------[test][1], node[cH4Pg-Z1Q3WtjSpkLJVcMQ], [P], v[2], s[STARTED], a[id=puVkDkwnQiiK6tfyRwieOg]
--------[test][1], node[4yqY1j8FTECj9n-FDXWCww], [R], v[2], s[INITIALIZING], a[id=2ebmYPWES1qI0uhQUy9D9g], unassigned_info[[reason=INDEX_CREATED], at[2016-03-29T21:32:40.807Z]]
----shard_id [test][2]
--------[test][2], node[chEL1cVxSiqyVnMoAxPsYQ], [R], v[3], s[STARTED], a[id=sLgGe6JPRTaT96A_3Jb1uA]
--------[test][2], node[4yqY1j8FTECj9n-FDXWCww], [P], v[3], s[STARTED], a[id=h5xM-7TFT4KWIT1w8x1shg]

routing_nodes:
-----node_id[chEL1cVxSiqyVnMoAxPsYQ][V]
--------[test][2], node[chEL1cVxSiqyVnMoAxPsYQ], [R], v[3], s[STARTED], a[id=sLgGe6JPRTaT96A_3Jb1uA]
--------[test][0], node[chEL1cVxSiqyVnMoAxPsYQ], [P], v[2], s[STARTED], a[id=eyErMgKOTYiWY8-mz-5ybg]
-----node_id[cH4Pg-Z1Q3WtjSpkLJVcMQ][V]
--------[test][1], node[cH4Pg-Z1Q3WtjSpkLJVcMQ], [P], v[2], s[STARTED], a[id=puVkDkwnQiiK6tfyRwieOg]
--------[test][0], node[cH4Pg-Z1Q3WtjSpkLJVcMQ], [R], v[2], s[INITIALIZING], a[id=VrhKs4wPRZusiagQKUgJUQ], unassigned_info[[reason=INDEX_CREATED], at[2016-03-29T21:32:40.807Z]]
-----node_id[4yqY1j8FTECj9n-FDXWCww][V]
--------[test][2], node[4yqY1j8FTECj9n-FDXWCww], [P], v[3], s[STARTED], a[id=h5xM-7TFT4KWIT1w8x1shg]
--------[test][1], node[4yqY1j8FTECj9n-FDXWCww], [R], v[2], s[INITIALIZING], a[id=2ebmYPWES1qI0uhQUy9D9g], unassigned_info[[reason=INDEX_CREATED], at[2016-03-29T21:32:40.807Z]]
-----node_id[spvrvP6iSO23D1MkjNetVA][V]
---- unassigned

[2016-03-29 17:32:40,834][DEBUG][org.elasticsearch.cluster.service] [node_t3] set local cluster state to version 9
[2016-03-29 17:32:40,835][DEBUG][org.elasticsearch.cluster.service] [node_t4] processing [local-disco-receive(from master)]: took 2ms done applying updated cluster_state (version: 9, uuid: 9uWQHcTgTY-DL0bMVGepXg)
[2016-03-29 17:32:40,836][DEBUG][org.elasticsearch.cluster.service] [node_t2] processing [local-disco-receive(from master)]: took 3ms done applying updated cluster_state (version: 9, uuid: 9uWQHcTgTY-DL0bMVGepXg)
[2016-03-29 17:32:40,836][TRACE][org.elasticsearch.cluster.service] [node_t2] will process [indices_store ([[test][2]] active fully on other nodes)]
[2016-03-29 17:32:40,836][DEBUG][org.elasticsearch.cluster.service] [node_t2] processing [indices_store ([[test][2]] active fully on other nodes)]: execute
[2016-03-29 17:32:40,837][DEBUG][org.elasticsearch.cluster.service] [node_t1] processing [local-disco-receive(from master)]: took 4ms done applying updated cluster_state (version: 9, uuid: 9uWQHcTgTY-DL0bMVGepXg)
[2016-03-29 17:32:40,837][DEBUG][org.elasticsearch.cluster.service] [node_t3] processing [local-disco-receive(from master)]: took 3ms done applying updated cluster_state (version: 9, uuid: 9uWQHcTgTY-DL0bMVGepXg)
[2016-03-29 17:32:40,837][DEBUG][org.elasticsearch.cluster.service] [node_t0] set local cluster state to version 9
[2016-03-29 17:32:40,838][DEBUG][org.elasticsearch.cluster.service] [node_t2] processing [indices_store ([[test][2]] active fully on other nodes)]: took 1ms no change in cluster_state
[2016-03-29 17:32:40,839][DEBUG][org.elasticsearch.cluster.service] [node_t0] processing [shard-started ([test][2], node[chEL1cVxSiqyVnMoAxPsYQ], [R], v[2], s[INITIALIZING], a[id=sLgGe6JPRTaT96A_3Jb1uA], unassigned_info[[reason=INDEX_CREATED], at[2016-03-29T21:32:40.807Z]]), reason [after recovery (replica) from node [{node_t1}{4yqY1j8FTECj9n-FDXWCww}{local}{local[277]}[master=>false, mode=>local]]]]: took 7ms done applying updated cluster_state (version: 9, uuid: 9uWQHcTgTY-DL0bMVGepXg)
[2016-03-29 17:32:40,839][TRACE][org.elasticsearch.cluster.service] [node_t0] will process [shard-started ([test][0], node[cH4Pg-Z1Q3WtjSpkLJVcMQ], [R], v[2], s[INITIALIZING], a[id=VrhKs4wPRZusiagQKUgJUQ], unassigned_info[[reason=INDEX_CREATED], at[2016-03-29T21:32:40.807Z]]), reason [after recovery (replica) from node [{node_t3}{chEL1cVxSiqyVnMoAxPsYQ}{local}{local[279]}[mode=>local, master=>false]]]]
[2016-03-29 17:32:40,839][TRACE][org.elasticsearch.cluster.service] [node_t0] will process [shard-started ([test][1], node[4yqY1j8FTECj9n-FDXWCww], [R], v[2], s[INITIALIZING], a[id=2ebmYPWES1qI0uhQUy9D9g], unassigned_info[[reason=INDEX_CREATED], at[2016-03-29T21:32:40.807Z]]), reason [after recovery (replica) from node [{node_t2}{cH4Pg-Z1Q3WtjSpkLJVcMQ}{local}{local[278]}[master=>false, mode=>local]]]]
[2016-03-29 17:32:40,839][TRACE][org.elasticsearch.cluster.service] [node_t0] will process [shard-started ([test][0], node[cH4Pg-Z1Q3WtjSpkLJVcMQ], [R], v[2], s[INITIALIZING], a[id=VrhKs4wPRZusiagQKUgJUQ], unassigned_info[[reason=INDEX_CREATED], at[2016-03-29T21:32:40.807Z]]), reason [master {node_t0}{UfUp16d-QkC9d6GYxK1FHQ}{local}{local[276]}[mode=>local, data=>false, master=>true] marked shard as initializing, but shard state is [POST_RECOVERY], mark shard as started]]
[2016-03-29 17:32:40,839][TRACE][org.elasticsearch.cluster.service] [node_t0] will process [shard-started ([test][1], node[4yqY1j8FTECj9n-FDXWCww], [R], v[2], s[INITIALIZING], a[id=2ebmYPWES1qI0uhQUy9D9g], unassigned_info[[reason=INDEX_CREATED], at[2016-03-29T21:32:40.807Z]]), reason [master {node_t0}{UfUp16d-QkC9d6GYxK1FHQ}{local}{local[276]}[mode=>local, data=>false, master=>true] marked shard as initializing, but shard state is [POST_RECOVERY], mark shard as started]]
[2016-03-29 17:32:40,839][DEBUG][org.elasticsearch.cluster.service] [node_t0] processing [shard-started ([test][0], node[cH4Pg-Z1Q3WtjSpkLJVcMQ], [R], v[2], s[INITIALIZING], a[id=VrhKs4wPRZusiagQKUgJUQ], unassigned_info[[reason=INDEX_CREATED], at[2016-03-29T21:32:40.807Z]]), reason [after recovery (replica) from node [{node_t3}{chEL1cVxSiqyVnMoAxPsYQ}{local}{local[279]}[mode=>local, master=>false]]],shard-started ([test][1], node[4yqY1j8FTECj9n-FDXWCww], [R], v[2], s[INITIALIZING], a[id=2ebmYPWES1qI0uhQUy9D9g], unassigned_info[[reason=INDEX_CREATED], at[2016-03-29T21:32:40.807Z]]), reason [after recovery (replica) from node [{node_t2}{cH4Pg-Z1Q3WtjSpkLJVcMQ}{local}{local[278]}[master=>false, mode=>local]]],shard-started ([test][0], node[cH4Pg-Z1Q3WtjSpkLJVcMQ], [R], v[2], s[INITIALIZING], a[id=VrhKs4wPRZusiagQKUgJUQ], unassigned_info[[reason=INDEX_CREATED], at[2016-03-29T21:32:40.807Z]]), reason [master {node_t0}{UfUp16d-QkC9d6GYxK1FHQ}{local}{local[276]}[mode=>local, data=>false, master=>true] marked shard as initializing, but shard state is [POST_RECOVERY], mark shard as started],shard-started ([test][1], node[4yqY1j8FTECj9n-FDXWCww], [R], v[2], s[INITIALIZING], a[id=2ebmYPWES1qI0uhQUy9D9g], unassigned_info[[reason=INDEX_CREATED], at[2016-03-29T21:32:40.807Z]]), reason [master {node_t0}{UfUp16d-QkC9d6GYxK1FHQ}{local}{local[276]}[mode=>local, data=>false, master=>true] marked shard as initializing, but shard state is [POST_RECOVERY], mark shard as started]]: execute
[2016-03-29 17:32:40,840][TRACE][org.elasticsearch.cluster.service] [node_t0] cluster state updated, source [shard-started ([test][0], node[cH4Pg-Z1Q3WtjSpkLJVcMQ], [R], v[2], s[INITIALIZING], a[id=VrhKs4wPRZusiagQKUgJUQ], unassigned_info[[reason=INDEX_CREATED], at[2016-03-29T21:32:40.807Z]]), reason [after recovery (replica) from node [{node_t3}{chEL1cVxSiqyVnMoAxPsYQ}{local}{local[279]}[mode=>local, master=>false]]],shard-started ([test][1], node[4yqY1j8FTECj9n-FDXWCww], [R], v[2], s[INITIALIZING], a[id=2ebmYPWES1qI0uhQUy9D9g], unassigned_info[[reason=INDEX_CREATED], at[2016-03-29T21:32:40.807Z]]), reason [after recovery (replica) from node [{node_t2}{cH4Pg-Z1Q3WtjSpkLJVcMQ}{local}{local[278]}[master=>false, mode=>local]]],shard-started ([test][0], node[cH4Pg-Z1Q3WtjSpkLJVcMQ], [R], v[2], s[INITIALIZING], a[id=VrhKs4wPRZusiagQKUgJUQ], unassigned_info[[reason=INDEX_CREATED], at[2016-03-29T21:32:40.807Z]]), reason [master {node_t0}{UfUp16d-QkC9d6GYxK1FHQ}{local}{local[276]}[mode=>local, data=>false, master=>true] marked shard as initializing, but shard state is [POST_RECOVERY], mark shard as started],shard-started ([test][1], node[4yqY1j8FTECj9n-FDXWCww], [R], v[2], s[INITIALIZING], a[id=2ebmYPWES1qI0uhQUy9D9g], unassigned_info[[reason=INDEX_CREATED], at[2016-03-29T21:32:40.807Z]]), reason [master {node_t0}{UfUp16d-QkC9d6GYxK1FHQ}{local}{local[276]}[mode=>local, data=>false, master=>true] marked shard as initializing, but shard state is [POST_RECOVERY], mark shard as started]]
version: 10
state uuid: 2nBY7zX2Rz2rt1RgXRwL7A
from_diff: false
meta data version: 5
nodes: 
   {node_t0}{UfUp16d-QkC9d6GYxK1FHQ}{local}{local[276]}[master=>true, data=>false, mode=>local], local, master
   {node_t1}{4yqY1j8FTECj9n-FDXWCww}{local}{local[277]}[master=>false, mode=>local]
   {node_t2}{cH4Pg-Z1Q3WtjSpkLJVcMQ}{local}{local[278]}[master=>false, mode=>local]
   {node_t4}{spvrvP6iSO23D1MkjNetVA}{local}{local[280]}[master=>false, mode=>local]
   {node_t3}{chEL1cVxSiqyVnMoAxPsYQ}{local}{local[279]}[master=>false, mode=>local]
routing_table (version 5):
-- index [test]
----shard_id [test][0]
--------[test][0], node[chEL1cVxSiqyVnMoAxPsYQ], [P], v[3], s[STARTED], a[id=eyErMgKOTYiWY8-mz-5ybg]
--------[test][0], node[cH4Pg-Z1Q3WtjSpkLJVcMQ], [R], v[3], s[STARTED], a[id=VrhKs4wPRZusiagQKUgJUQ]
----shard_id [test][1]
--------[test][1], node[cH4Pg-Z1Q3WtjSpkLJVcMQ], [P], v[3], s[STARTED], a[id=puVkDkwnQiiK6tfyRwieOg]
--------[test][1], node[4yqY1j8FTECj9n-FDXWCww], [R], v[3], s[STARTED], a[id=2ebmYPWES1qI0uhQUy9D9g]
----shard_id [test][2]
--------[test][2], node[chEL1cVxSiqyVnMoAxPsYQ], [R], v[3], s[STARTED], a[id=sLgGe6JPRTaT96A_3Jb1uA]
--------[test][2], node[4yqY1j8FTECj9n-FDXWCww], [P], v[3], s[STARTED], a[id=h5xM-7TFT4KWIT1w8x1shg]

routing_nodes:
-----node_id[chEL1cVxSiqyVnMoAxPsYQ][V]
--------[test][2], node[chEL1cVxSiqyVnMoAxPsYQ], [R], v[3], s[STARTED], a[id=sLgGe6JPRTaT96A_3Jb1uA]
--------[test][0], node[chEL1cVxSiqyVnMoAxPsYQ], [P], v[3], s[STARTED], a[id=eyErMgKOTYiWY8-mz-5ybg]
-----node_id[cH4Pg-Z1Q3WtjSpkLJVcMQ][V]
--------[test][1], node[cH4Pg-Z1Q3WtjSpkLJVcMQ], [P], v[3], s[STARTED], a[id=puVkDkwnQiiK6tfyRwieOg]
--------[test][0], node[cH4Pg-Z1Q3WtjSpkLJVcMQ], [R], v[3], s[STARTED], a[id=VrhKs4wPRZusiagQKUgJUQ]
-----node_id[4yqY1j8FTECj9n-FDXWCww][V]
--------[test][2], node[4yqY1j8FTECj9n-FDXWCww], [P], v[3], s[STARTED], a[id=h5xM-7TFT4KWIT1w8x1shg]
--------[test][1], node[4yqY1j8FTECj9n-FDXWCww], [R], v[3], s[STARTED], a[id=2ebmYPWES1qI0uhQUy9D9g]
-----node_id[spvrvP6iSO23D1MkjNetVA][V]
---- unassigned

[2016-03-29 17:32:40,840][DEBUG][org.elasticsearch.cluster.service] [node_t0] publishing cluster state version [10]
[2016-03-29 17:32:40,840][TRACE][org.elasticsearch.cluster.service] [node_t1] will process [local-disco-receive(from master)]
[2016-03-29 17:32:40,840][DEBUG][org.elasticsearch.cluster.service] [node_t1] processing [local-disco-receive(from master)]: execute
[2016-03-29 17:32:40,840][TRACE][org.elasticsearch.cluster.service] [node_t1] cluster state updated, source [local-disco-receive(from master)]
version: 10
state uuid: 2nBY7zX2Rz2rt1RgXRwL7A
from_diff: false
meta data version: 5
nodes: 
   {node_t0}{UfUp16d-QkC9d6GYxK1FHQ}{local}{local[276]}[mode=>local, data=>false, master=>true], master
   {node_t1}{4yqY1j8FTECj9n-FDXWCww}{local}{local[277]}[master=>false, mode=>local], local
   {node_t2}{cH4Pg-Z1Q3WtjSpkLJVcMQ}{local}{local[278]}[master=>false, mode=>local]
   {node_t4}{spvrvP6iSO23D1MkjNetVA}{local}{local[280]}[master=>false, mode=>local]
   {node_t3}{chEL1cVxSiqyVnMoAxPsYQ}{local}{local[279]}[mode=>local, master=>false]
routing_table (version 5):
-- index [test]
----shard_id [test][0]
--------[test][0], node[chEL1cVxSiqyVnMoAxPsYQ], [P], v[3], s[STARTED], a[id=eyErMgKOTYiWY8-mz-5ybg]
--------[test][0], node[cH4Pg-Z1Q3WtjSpkLJVcMQ], [R], v[3], s[STARTED], a[id=VrhKs4wPRZusiagQKUgJUQ]
----shard_id [test][1]
--------[test][1], node[cH4Pg-Z1Q3WtjSpkLJVcMQ], [P], v[3], s[STARTED], a[id=puVkDkwnQiiK6tfyRwieOg]
--------[test][1], node[4yqY1j8FTECj9n-FDXWCww], [R], v[3], s[STARTED], a[id=2ebmYPWES1qI0uhQUy9D9g]
----shard_id [test][2]
--------[test][2], node[chEL1cVxSiqyVnMoAxPsYQ], [R], v[3], s[STARTED], a[id=sLgGe6JPRTaT96A_3Jb1uA]
--------[test][2], node[4yqY1j8FTECj9n-FDXWCww], [P], v[3], s[STARTED], a[id=h5xM-7TFT4KWIT1w8x1shg]

routing_nodes:
-----node_id[chEL1cVxSiqyVnMoAxPsYQ][V]
--------[test][2], node[chEL1cVxSiqyVnMoAxPsYQ], [R], v[3], s[STARTED], a[id=sLgGe6JPRTaT96A_3Jb1uA]
--------[test][0], node[chEL1cVxSiqyVnMoAxPsYQ], [P], v[3], s[STARTED], a[id=eyErMgKOTYiWY8-mz-5ybg]
-----node_id[cH4Pg-Z1Q3WtjSpkLJVcMQ][V]
--------[test][1], node[cH4Pg-Z1Q3WtjSpkLJVcMQ], [P], v[3], s[STARTED], a[id=puVkDkwnQiiK6tfyRwieOg]
--------[test][0], node[cH4Pg-Z1Q3WtjSpkLJVcMQ], [R], v[3], s[STARTED], a[id=VrhKs4wPRZusiagQKUgJUQ]
-----node_id[4yqY1j8FTECj9n-FDXWCww][V]
--------[test][2], node[4yqY1j8FTECj9n-FDXWCww], [P], v[3], s[STARTED], a[id=h5xM-7TFT4KWIT1w8x1shg]
--------[test][1], node[4yqY1j8FTECj9n-FDXWCww], [R], v[3], s[STARTED], a[id=2ebmYPWES1qI0uhQUy9D9g]
-----node_id[spvrvP6iSO23D1MkjNetVA][V]
---- unassigned

[2016-03-29 17:32:40,840][DEBUG][org.elasticsearch.cluster.service] [node_t1] set local cluster state to version 10
[2016-03-29 17:32:40,841][TRACE][org.elasticsearch.cluster.service] [node_t2] will process [local-disco-receive(from master)]
[2016-03-29 17:32:40,841][TRACE][org.elasticsearch.cluster.service] [node_t3] will process [local-disco-receive(from master)]
[2016-03-29 17:32:40,841][DEBUG][org.elasticsearch.cluster.service] [node_t2] processing [local-disco-receive(from master)]: execute
[2016-03-29 17:32:40,841][TRACE][org.elasticsearch.cluster.service] [node_t4] will process [local-disco-receive(from master)]
[2016-03-29 17:32:40,841][DEBUG][org.elasticsearch.cluster.service] [node_t4] processing [local-disco-receive(from master)]: execute
[2016-03-29 17:32:40,841][DEBUG][org.elasticsearch.cluster.service] [node_t3] processing [local-disco-receive(from master)]: execute
[2016-03-29 17:32:40,841][TRACE][org.elasticsearch.cluster.service] [node_t2] cluster state updated, source [local-disco-receive(from master)]
version: 10
state uuid: 2nBY7zX2Rz2rt1RgXRwL7A
from_diff: false
meta data version: 5
nodes: 
   {node_t0}{UfUp16d-QkC9d6GYxK1FHQ}{local}{local[276]}[mode=>local, data=>false, master=>true], master
   {node_t1}{4yqY1j8FTECj9n-FDXWCww}{local}{local[277]}[master=>false, mode=>local]
   {node_t2}{cH4Pg-Z1Q3WtjSpkLJVcMQ}{local}{local[278]}[master=>false, mode=>local], local
   {node_t4}{spvrvP6iSO23D1MkjNetVA}{local}{local[280]}[master=>false, mode=>local]
   {node_t3}{chEL1cVxSiqyVnMoAxPsYQ}{local}{local[279]}[mode=>local, master=>false]
routing_table (version 5):
-- index [test]
----shard_id [test][0]
--------[test][0], node[chEL1cVxSiqyVnMoAxPsYQ], [P], v[3], s[STARTED], a[id=eyErMgKOTYiWY8-mz-5ybg]
--------[test][0], node[cH4Pg-Z1Q3WtjSpkLJVcMQ], [R], v[3], s[STARTED], a[id=VrhKs4wPRZusiagQKUgJUQ]
----shard_id [test][1]
--------[test][1], node[cH4Pg-Z1Q3WtjSpkLJVcMQ], [P], v[3], s[STARTED], a[id=puVkDkwnQiiK6tfyRwieOg]
--------[test][1], node[4yqY1j8FTECj9n-FDXWCww], [R], v[3], s[STARTED], a[id=2ebmYPWES1qI0uhQUy9D9g]
----shard_id [test][2]
--------[test][2], node[chEL1cVxSiqyVnMoAxPsYQ], [R], v[3], s[STARTED], a[id=sLgGe6JPRTaT96A_3Jb1uA]
--------[test][2], node[4yqY1j8FTECj9n-FDXWCww], [P], v[3], s[STARTED], a[id=h5xM-7TFT4KWIT1w8x1shg]

routing_nodes:
-----node_id[chEL1cVxSiqyVnMoAxPsYQ][V]
--------[test][2], node[chEL1cVxSiqyVnMoAxPsYQ], [R], v[3], s[STARTED], a[id=sLgGe6JPRTaT96A_3Jb1uA]
--------[test][0], node[chEL1cVxSiqyVnMoAxPsYQ], [P], v[3], s[STARTED], a[id=eyErMgKOTYiWY8-mz-5ybg]
-----node_id[cH4Pg-Z1Q3WtjSpkLJVcMQ][V]
--------[test][1], node[cH4Pg-Z1Q3WtjSpkLJVcMQ], [P], v[3], s[STARTED], a[id=puVkDkwnQiiK6tfyRwieOg]
--------[test][0], node[cH4Pg-Z1Q3WtjSpkLJVcMQ], [R], v[3], s[STARTED], a[id=VrhKs4wPRZusiagQKUgJUQ]
-----node_id[4yqY1j8FTECj9n-FDXWCww][V]
--------[test][2], node[4yqY1j8FTECj9n-FDXWCww], [P], v[3], s[STARTED], a[id=h5xM-7TFT4KWIT1w8x1shg]
--------[test][1], node[4yqY1j8FTECj9n-FDXWCww], [R], v[3], s[STARTED], a[id=2ebmYPWES1qI0uhQUy9D9g]
-----node_id[spvrvP6iSO23D1MkjNetVA][V]
---- unassigned

[2016-03-29 17:32:40,841][TRACE][org.elasticsearch.cluster.service] [node_t4] cluster state updated, source [local-disco-receive(from master)]
version: 10
state uuid: 2nBY7zX2Rz2rt1RgXRwL7A
from_diff: false
meta data version: 5
nodes: 
   {node_t0}{UfUp16d-QkC9d6GYxK1FHQ}{local}{local[276]}[data=>false, master=>true, mode=>local], master
   {node_t1}{4yqY1j8FTECj9n-FDXWCww}{local}{local[277]}[mode=>local, master=>false]
   {node_t2}{cH4Pg-Z1Q3WtjSpkLJVcMQ}{local}{local[278]}[mode=>local, master=>false]
   {node_t4}{spvrvP6iSO23D1MkjNetVA}{local}{local[280]}[master=>false, mode=>local], local
   {node_t3}{chEL1cVxSiqyVnMoAxPsYQ}{local}{local[279]}[master=>false, mode=>local]
routing_table (version 5):
-- index [test]
----shard_id [test][0]
--------[test][0], node[chEL1cVxSiqyVnMoAxPsYQ], [P], v[3], s[STARTED], a[id=eyErMgKOTYiWY8-mz-5ybg]
--------[test][0], node[cH4Pg-Z1Q3WtjSpkLJVcMQ], [R], v[3], s[STARTED], a[id=VrhKs4wPRZusiagQKUgJUQ]
----shard_id [test][1]
--------[test][1], node[cH4Pg-Z1Q3WtjSpkLJVcMQ], [P], v[3], s[STARTED], a[id=puVkDkwnQiiK6tfyRwieOg]
--------[test][1], node[4yqY1j8FTECj9n-FDXWCww], [R], v[3], s[STARTED], a[id=2ebmYPWES1qI0uhQUy9D9g]
----shard_id [test][2]
--------[test][2], node[chEL1cVxSiqyVnMoAxPsYQ], [R], v[3], s[STARTED], a[id=sLgGe6JPRTaT96A_3Jb1uA]
--------[test][2], node[4yqY1j8FTECj9n-FDXWCww], [P], v[3], s[STARTED], a[id=h5xM-7TFT4KWIT1w8x1shg]

routing_nodes:
-----node_id[chEL1cVxSiqyVnMoAxPsYQ][V]
--------[test][2], node[chEL1cVxSiqyVnMoAxPsYQ], [R], v[3], s[STARTED], a[id=sLgGe6JPRTaT96A_3Jb1uA]
--------[test][0], node[chEL1cVxSiqyVnMoAxPsYQ], [P], v[3], s[STARTED], a[id=eyErMgKOTYiWY8-mz-5ybg]
-----node_id[cH4Pg-Z1Q3WtjSpkLJVcMQ][V]
--------[test][1], node[cH4Pg-Z1Q3WtjSpkLJVcMQ], [P], v[3], s[STARTED], a[id=puVkDkwnQiiK6tfyRwieOg]
--------[test][0], node[cH4Pg-Z1Q3WtjSpkLJVcMQ], [R], v[3], s[STARTED], a[id=VrhKs4wPRZusiagQKUgJUQ]
-----node_id[4yqY1j8FTECj9n-FDXWCww][V]
--------[test][2], node[4yqY1j8FTECj9n-FDXWCww], [P], v[3], s[STARTED], a[id=h5xM-7TFT4KWIT1w8x1shg]
--------[test][1], node[4yqY1j8FTECj9n-FDXWCww], [R], v[3], s[STARTED], a[id=2ebmYPWES1qI0uhQUy9D9g]
-----node_id[spvrvP6iSO23D1MkjNetVA][V]
---- unassigned

[2016-03-29 17:32:40,841][TRACE][org.elasticsearch.cluster.service] [node_t3] cluster state updated, source [local-disco-receive(from master)]
version: 10
state uuid: 2nBY7zX2Rz2rt1RgXRwL7A
from_diff: false
meta data version: 5
nodes: 
   {node_t0}{UfUp16d-QkC9d6GYxK1FHQ}{local}{local[276]}[master=>true, data=>false, mode=>local], master
   {node_t1}{4yqY1j8FTECj9n-FDXWCww}{local}{local[277]}[master=>false, mode=>local]
   {node_t2}{cH4Pg-Z1Q3WtjSpkLJVcMQ}{local}{local[278]}[master=>false, mode=>local]
   {node_t4}{spvrvP6iSO23D1MkjNetVA}{local}{local[280]}[master=>false, mode=>local]
   {node_t3}{chEL1cVxSiqyVnMoAxPsYQ}{local}{local[279]}[master=>false, mode=>local], local
routing_table (version 5):
-- index [test]
----shard_id [test][0]
--------[test][0], node[chEL1cVxSiqyVnMoAxPsYQ], [P], v[3], s[STARTED], a[id=eyErMgKOTYiWY8-mz-5ybg]
--------[test][0], node[cH4Pg-Z1Q3WtjSpkLJVcMQ], [R], v[3], s[STARTED], a[id=VrhKs4wPRZusiagQKUgJUQ]
----shard_id [test][1]
--------[test][1], node[cH4Pg-Z1Q3WtjSpkLJVcMQ], [P], v[3], s[STARTED], a[id=puVkDkwnQiiK6tfyRwieOg]
--------[test][1], node[4yqY1j8FTECj9n-FDXWCww], [R], v[3], s[STARTED], a[id=2ebmYPWES1qI0uhQUy9D9g]
----shard_id [test][2]
--------[test][2], node[chEL1cVxSiqyVnMoAxPsYQ], [R], v[3], s[STARTED], a[id=sLgGe6JPRTaT96A_3Jb1uA]
--------[test][2], node[4yqY1j8FTECj9n-FDXWCww], [P], v[3], s[STARTED], a[id=h5xM-7TFT4KWIT1w8x1shg]

routing_nodes:
-----node_id[chEL1cVxSiqyVnMoAxPsYQ][V]
--------[test][2], node[chEL1cVxSiqyVnMoAxPsYQ], [R], v[3], s[STARTED], a[id=sLgGe6JPRTaT96A_3Jb1uA]
--------[test][0], node[chEL1cVxSiqyVnMoAxPsYQ], [P], v[3], s[STARTED], a[id=eyErMgKOTYiWY8-mz-5ybg]
-----node_id[cH4Pg-Z1Q3WtjSpkLJVcMQ][V]
--------[test][1], node[cH4Pg-Z1Q3WtjSpkLJVcMQ], [P], v[3], s[STARTED], a[id=puVkDkwnQiiK6tfyRwieOg]
--------[test][0], node[cH4Pg-Z1Q3WtjSpkLJVcMQ], [R], v[3], s[STARTED], a[id=VrhKs4wPRZusiagQKUgJUQ]
-----node_id[4yqY1j8FTECj9n-FDXWCww][V]
--------[test][2], node[4yqY1j8FTECj9n-FDXWCww], [P], v[3], s[STARTED], a[id=h5xM-7TFT4KWIT1w8x1shg]
--------[test][1], node[4yqY1j8FTECj9n-FDXWCww], [R], v[3], s[STARTED], a[id=2ebmYPWES1qI0uhQUy9D9g]
-----node_id[spvrvP6iSO23D1MkjNetVA][V]
---- unassigned

[2016-03-29 17:32:40,842][DEBUG][org.elasticsearch.cluster.service] [node_t4] set local cluster state to version 10
[2016-03-29 17:32:40,842][DEBUG][org.elasticsearch.cluster.service] [node_t2] set local cluster state to version 10
[2016-03-29 17:32:40,842][DEBUG][org.elasticsearch.cluster.service] [node_t3] set local cluster state to version 10
[2016-03-29 17:32:40,844][DEBUG][org.elasticsearch.cluster.service] [node_t4] processing [local-disco-receive(from master)]: took 2ms done applying updated cluster_state (version: 10, uuid: 2nBY7zX2Rz2rt1RgXRwL7A)
[2016-03-29 17:32:40,845][DEBUG][org.elasticsearch.cluster.service] [node_t1] processing [local-disco-receive(from master)]: took 4ms done applying updated cluster_state (version: 10, uuid: 2nBY7zX2Rz2rt1RgXRwL7A)
[2016-03-29 17:32:40,846][DEBUG][org.elasticsearch.cluster.service] [node_t3] processing [local-disco-receive(from master)]: took 4ms done applying updated cluster_state (version: 10, uuid: 2nBY7zX2Rz2rt1RgXRwL7A)
[2016-03-29 17:32:40,846][TRACE][org.elasticsearch.cluster.service] [node_t3] will process [indices_store ([[test][1]] active fully on other nodes)]
[2016-03-29 17:32:40,846][DEBUG][org.elasticsearch.cluster.service] [node_t3] processing [indices_store ([[test][1]] active fully on other nodes)]: execute
[2016-03-29 17:32:40,847][DEBUG][org.elasticsearch.cluster.service] [node_t2] processing [local-disco-receive(from master)]: took 5ms done applying updated cluster_state (version: 10, uuid: 2nBY7zX2Rz2rt1RgXRwL7A)
[2016-03-29 17:32:40,847][DEBUG][org.elasticsearch.cluster.service] [node_t0] set local cluster state to version 10
[2016-03-29 17:32:40,847][TRACE][org.elasticsearch.cluster.service] [node_t1] will process [indices_store ([[test][0]] active fully on other nodes)]
[2016-03-29 17:32:40,847][DEBUG][org.elasticsearch.cluster.service] [node_t1] processing [indices_store ([[test][0]] active fully on other nodes)]: execute
[2016-03-29 17:32:40,847][TRACE][org.elasticsearch.cluster.service] [node_t2] will process [indices_store ([[test][2]] active fully on other nodes)]
[2016-03-29 17:32:40,847][DEBUG][org.elasticsearch.cluster.service] [node_t2] processing [indices_store ([[test][2]] active fully on other nodes)]: execute
[2016-03-29 17:32:40,848][DEBUG][org.elasticsearch.cluster.service] [node_t3] processing [indices_store ([[test][1]] active fully on other nodes)]: took 1ms no change in cluster_state
[2016-03-29 17:32:40,849][DEBUG][org.elasticsearch.cluster.service] [node_t2] processing [indices_store ([[test][2]] active fully on other nodes)]: took 1ms no change in cluster_state
[2016-03-29 17:32:40,849][DEBUG][org.elasticsearch.cluster.service] [node_t1] processing [indices_store ([[test][0]] active fully on other nodes)]: took 1ms no change in cluster_state
[2016-03-29 17:32:40,849][DEBUG][org.elasticsearch.cluster.service] [node_t0] processing [shard-started ([test][0], node[cH4Pg-Z1Q3WtjSpkLJVcMQ], [R], v[2], s[INITIALIZING], a[id=VrhKs4wPRZusiagQKUgJUQ], unassigned_info[[reason=INDEX_CREATED], at[2016-03-29T21:32:40.807Z]]), reason [after recovery (replica) from node [{node_t3}{chEL1cVxSiqyVnMoAxPsYQ}{local}{local[279]}[mode=>local, master=>false]]],shard-started ([test][1], node[4yqY1j8FTECj9n-FDXWCww], [R], v[2], s[INITIALIZING], a[id=2ebmYPWES1qI0uhQUy9D9g], unassigned_info[[reason=INDEX_CREATED], at[2016-03-29T21:32:40.807Z]]), reason [after recovery (replica) from node [{node_t2}{cH4Pg-Z1Q3WtjSpkLJVcMQ}{local}{local[278]}[master=>false, mode=>local]]],shard-started ([test][0], node[cH4Pg-Z1Q3WtjSpkLJVcMQ], [R], v[2], s[INITIALIZING], a[id=VrhKs4wPRZusiagQKUgJUQ], unassigned_info[[reason=INDEX_CREATED], at[2016-03-29T21:32:40.807Z]]), reason [master {node_t0}{UfUp16d-QkC9d6GYxK1FHQ}{local}{local[276]}[mode=>local, data=>false, master=>true] marked shard as initializing, but shard state is [POST_RECOVERY], mark shard as started],shard-started ([test][1], node[4yqY1j8FTECj9n-FDXWCww], [R], v[2], s[INITIALIZING], a[id=2ebmYPWES1qI0uhQUy9D9g], unassigned_info[[reason=INDEX_CREATED], at[2016-03-29T21:32:40.807Z]]), reason [master {node_t0}{UfUp16d-QkC9d6GYxK1FHQ}{local}{local[276]}[mode=>local, data=>false, master=>true] marked shard as initializing, but shard state is [POST_RECOVERY], mark shard as started]]: took 10ms done applying updated cluster_state (version: 10, uuid: 2nBY7zX2Rz2rt1RgXRwL7A)
[2016-03-29 17:32:40,853][TRACE][org.elasticsearch.cluster.service] [node_t0] will process [cluster_update_settings]
[2016-03-29 17:32:40,853][DEBUG][org.elasticsearch.cluster.service] [node_t0] processing [cluster_update_settings]: execute
[2016-03-29 17:32:40,853][TRACE][org.elasticsearch.cluster.service] expecting 5 acknowledgements for cluster_state update (version: 11)
[2016-03-29 17:32:40,853][TRACE][org.elasticsearch.cluster.service] [node_t0] cluster state updated, source [cluster_update_settings]
version: 11
state uuid: y11SP9HyTxqMzQpCznem6A
from_diff: false
meta data version: 6
nodes: 
   {node_t0}{UfUp16d-QkC9d6GYxK1FHQ}{local}{local[276]}[master=>true, data=>false, mode=>local], local, master
   {node_t1}{4yqY1j8FTECj9n-FDXWCww}{local}{local[277]}[master=>false, mode=>local]
   {node_t2}{cH4Pg-Z1Q3WtjSpkLJVcMQ}{local}{local[278]}[master=>false, mode=>local]
   {node_t4}{spvrvP6iSO23D1MkjNetVA}{local}{local[280]}[master=>false, mode=>local]
   {node_t3}{chEL1cVxSiqyVnMoAxPsYQ}{local}{local[279]}[master=>false, mode=>local]
routing_table (version 5):
-- index [test]
----shard_id [test][0]
--------[test][0], node[chEL1cVxSiqyVnMoAxPsYQ], [P], v[3], s[STARTED], a[id=eyErMgKOTYiWY8-mz-5ybg]
--------[test][0], node[cH4Pg-Z1Q3WtjSpkLJVcMQ], [R], v[3], s[STARTED], a[id=VrhKs4wPRZusiagQKUgJUQ]
----shard_id [test][1]
--------[test][1], node[cH4Pg-Z1Q3WtjSpkLJVcMQ], [P], v[3], s[STARTED], a[id=puVkDkwnQiiK6tfyRwieOg]
--------[test][1], node[4yqY1j8FTECj9n-FDXWCww], [R], v[3], s[STARTED], a[id=2ebmYPWES1qI0uhQUy9D9g]
----shard_id [test][2]
--------[test][2], node[chEL1cVxSiqyVnMoAxPsYQ], [R], v[3], s[STARTED], a[id=sLgGe6JPRTaT96A_3Jb1uA]
--------[test][2], node[4yqY1j8FTECj9n-FDXWCww], [P], v[3], s[STARTED], a[id=h5xM-7TFT4KWIT1w8x1shg]

routing_nodes:
-----node_id[chEL1cVxSiqyVnMoAxPsYQ][V]
--------[test][2], node[chEL1cVxSiqyVnMoAxPsYQ], [R], v[3], s[STARTED], a[id=sLgGe6JPRTaT96A_3Jb1uA]
--------[test][0], node[chEL1cVxSiqyVnMoAxPsYQ], [P], v[3], s[STARTED], a[id=eyErMgKOTYiWY8-mz-5ybg]
-----node_id[cH4Pg-Z1Q3WtjSpkLJVcMQ][V]
--------[test][1], node[cH4Pg-Z1Q3WtjSpkLJVcMQ], [P], v[3], s[STARTED], a[id=puVkDkwnQiiK6tfyRwieOg]
--------[test][0], node[cH4Pg-Z1Q3WtjSpkLJVcMQ], [R], v[3], s[STARTED], a[id=VrhKs4wPRZusiagQKUgJUQ]
-----node_id[4yqY1j8FTECj9n-FDXWCww][V]
--------[test][2], node[4yqY1j8FTECj9n-FDXWCww], [P], v[3], s[STARTED], a[id=h5xM-7TFT4KWIT1w8x1shg]
--------[test][1], node[4yqY1j8FTECj9n-FDXWCww], [R], v[3], s[STARTED], a[id=2ebmYPWES1qI0uhQUy9D9g]
-----node_id[spvrvP6iSO23D1MkjNetVA][V]
---- unassigned

[2016-03-29 17:32:40,854][DEBUG][org.elasticsearch.cluster.service] [node_t0] publishing cluster state version [11]
[2016-03-29 17:32:40,854][TRACE][org.elasticsearch.cluster.service] [node_t2] will process [local-disco-receive(from master)]
[2016-03-29 17:32:40,854][TRACE][org.elasticsearch.cluster.service] [node_t1] will process [local-disco-receive(from master)]
[2016-03-29 17:32:40,854][DEBUG][org.elasticsearch.cluster.service] [node_t2] processing [local-disco-receive(from master)]: execute
[2016-03-29 17:32:40,854][DEBUG][org.elasticsearch.cluster.service] [node_t1] processing [local-disco-receive(from master)]: execute
[2016-03-29 17:32:40,854][TRACE][org.elasticsearch.cluster.service] [node_t4] will process [local-disco-receive(from master)]
[2016-03-29 17:32:40,854][DEBUG][org.elasticsearch.cluster.service] [node_t4] processing [local-disco-receive(from master)]: execute
[2016-03-29 17:32:40,854][TRACE][org.elasticsearch.cluster.service] [node_t3] will process [local-disco-receive(from master)]
[2016-03-29 17:32:40,854][DEBUG][org.elasticsearch.cluster.service] [node_t3] processing [local-disco-receive(from master)]: execute
[2016-03-29 17:32:40,855][TRACE][org.elasticsearch.cluster.service] [node_t2] cluster state updated, source [local-disco-receive(from master)]
version: 11
state uuid: y11SP9HyTxqMzQpCznem6A
from_diff: false
meta data version: 6
nodes: 
   {node_t0}{UfUp16d-QkC9d6GYxK1FHQ}{local}{local[276]}[mode=>local, data=>false, master=>true], master
   {node_t1}{4yqY1j8FTECj9n-FDXWCww}{local}{local[277]}[master=>false, mode=>local]
   {node_t2}{cH4Pg-Z1Q3WtjSpkLJVcMQ}{local}{local[278]}[master=>false, mode=>local], local
   {node_t4}{spvrvP6iSO23D1MkjNetVA}{local}{local[280]}[master=>false, mode=>local]
   {node_t3}{chEL1cVxSiqyVnMoAxPsYQ}{local}{local[279]}[mode=>local, master=>false]
routing_table (version 5):
-- index [test]
----shard_id [test][0]
--------[test][0], node[chEL1cVxSiqyVnMoAxPsYQ], [P], v[3], s[STARTED], a[id=eyErMgKOTYiWY8-mz-5ybg]
--------[test][0], node[cH4Pg-Z1Q3WtjSpkLJVcMQ], [R], v[3], s[STARTED], a[id=VrhKs4wPRZusiagQKUgJUQ]
----shard_id [test][1]
--------[test][1], node[cH4Pg-Z1Q3WtjSpkLJVcMQ], [P], v[3], s[STARTED], a[id=puVkDkwnQiiK6tfyRwieOg]
--------[test][1], node[4yqY1j8FTECj9n-FDXWCww], [R], v[3], s[STARTED], a[id=2ebmYPWES1qI0uhQUy9D9g]
----shard_id [test][2]
--------[test][2], node[chEL1cVxSiqyVnMoAxPsYQ], [R], v[3], s[STARTED], a[id=sLgGe6JPRTaT96A_3Jb1uA]
--------[test][2], node[4yqY1j8FTECj9n-FDXWCww], [P], v[3], s[STARTED], a[id=h5xM-7TFT4KWIT1w8x1shg]

routing_nodes:
-----node_id[chEL1cVxSiqyVnMoAxPsYQ][V]
--------[test][2], node[chEL1cVxSiqyVnMoAxPsYQ], [R], v[3], s[STARTED], a[id=sLgGe6JPRTaT96A_3Jb1uA]
--------[test][0], node[chEL1cVxSiqyVnMoAxPsYQ], [P], v[3], s[STARTED], a[id=eyErMgKOTYiWY8-mz-5ybg]
-----node_id[cH4Pg-Z1Q3WtjSpkLJVcMQ][V]
--------[test][1], node[cH4Pg-Z1Q3WtjSpkLJVcMQ], [P], v[3], s[STARTED], a[id=puVkDkwnQiiK6tfyRwieOg]
--------[test][0], node[cH4Pg-Z1Q3WtjSpkLJVcMQ], [R], v[3], s[STARTED], a[id=VrhKs4wPRZusiagQKUgJUQ]
-----node_id[4yqY1j8FTECj9n-FDXWCww][V]
--------[test][2], node[4yqY1j8FTECj9n-FDXWCww], [P], v[3], s[STARTED], a[id=h5xM-7TFT4KWIT1w8x1shg]
--------[test][1], node[4yqY1j8FTECj9n-FDXWCww], [R], v[3], s[STARTED], a[id=2ebmYPWES1qI0uhQUy9D9g]
-----node_id[spvrvP6iSO23D1MkjNetVA][V]
---- unassigned

[2016-03-29 17:32:40,855][TRACE][org.elasticsearch.cluster.service] [node_t3] cluster state updated, source [local-disco-receive(from master)]
version: 11
state uuid: y11SP9HyTxqMzQpCznem6A
from_diff: false
meta data version: 6
nodes: 
   {node_t0}{UfUp16d-QkC9d6GYxK1FHQ}{local}{local[276]}[master=>true, data=>false, mode=>local], master
   {node_t1}{4yqY1j8FTECj9n-FDXWCww}{local}{local[277]}[master=>false, mode=>local]
   {node_t2}{cH4Pg-Z1Q3WtjSpkLJVcMQ}{local}{local[278]}[master=>false, mode=>local]
   {node_t4}{spvrvP6iSO23D1MkjNetVA}{local}{local[280]}[master=>false, mode=>local]
   {node_t3}{chEL1cVxSiqyVnMoAxPsYQ}{local}{local[279]}[master=>false, mode=>local], local
routing_table (version 5):
-- index [test]
----shard_id [test][0]
--------[test][0], node[chEL1cVxSiqyVnMoAxPsYQ], [P], v[3], s[STARTED], a[id=eyErMgKOTYiWY8-mz-5ybg]
--------[test][0], node[cH4Pg-Z1Q3WtjSpkLJVcMQ], [R], v[3], s[STARTED], a[id=VrhKs4wPRZusiagQKUgJUQ]
----shard_id [test][1]
--------[test][1], node[cH4Pg-Z1Q3WtjSpkLJVcMQ], [P], v[3], s[STARTED], a[id=puVkDkwnQiiK6tfyRwieOg]
--------[test][1], node[4yqY1j8FTECj9n-FDXWCww], [R], v[3], s[STARTED], a[id=2ebmYPWES1qI0uhQUy9D9g]
----shard_id [test][2]
--------[test][2], node[chEL1cVxSiqyVnMoAxPsYQ], [R], v[3], s[STARTED], a[id=sLgGe6JPRTaT96A_3Jb1uA]
--------[test][2], node[4yqY1j8FTECj9n-FDXWCww], [P], v[3], s[STARTED], a[id=h5xM-7TFT4KWIT1w8x1shg]

routing_nodes:
-----node_id[chEL1cVxSiqyVnMoAxPsYQ][V]
--------[test][2], node[chEL1cVxSiqyVnMoAxPsYQ], [R], v[3], s[STARTED], a[id=sLgGe6JPRTaT96A_3Jb1uA]
--------[test][0], node[chEL1cVxSiqyVnMoAxPsYQ], [P], v[3], s[STARTED], a[id=eyErMgKOTYiWY8-mz-5ybg]
-----node_id[cH4Pg-Z1Q3WtjSpkLJVcMQ][V]
--------[test][1], node[cH4Pg-Z1Q3WtjSpkLJVcMQ], [P], v[3], s[STARTED], a[id=puVkDkwnQiiK6tfyRwieOg]
--------[test][0], node[cH4Pg-Z1Q3WtjSpkLJVcMQ], [R], v[3], s[STARTED], a[id=VrhKs4wPRZusiagQKUgJUQ]
-----node_id[4yqY1j8FTECj9n-FDXWCww][V]
--------[test][2], node[4yqY1j8FTECj9n-FDXWCww], [P], v[3], s[STARTED], a[id=h5xM-7TFT4KWIT1w8x1shg]
--------[test][1], node[4yqY1j8FTECj9n-FDXWCww], [R], v[3], s[STARTED], a[id=2ebmYPWES1qI0uhQUy9D9g]
-----node_id[spvrvP6iSO23D1MkjNetVA][V]
---- unassigned

[2016-03-29 17:32:40,855][DEBUG][org.elasticsearch.cluster.service] [node_t3] set local cluster state to version 11
[2016-03-29 17:32:40,855][TRACE][org.elasticsearch.cluster.service] [node_t1] cluster state updated, source [local-disco-receive(from master)]
version: 11
state uuid: y11SP9HyTxqMzQpCznem6A
from_diff: false
meta data version: 6
nodes: 
   {node_t0}{UfUp16d-QkC9d6GYxK1FHQ}{local}{local[276]}[mode=>local, data=>false, master=>true], master
   {node_t1}{4yqY1j8FTECj9n-FDXWCww}{local}{local[277]}[master=>false, mode=>local], local
   {node_t2}{cH4Pg-Z1Q3WtjSpkLJVcMQ}{local}{local[278]}[master=>false, mode=>local]
   {node_t4}{spvrvP6iSO23D1MkjNetVA}{local}{local[280]}[master=>false, mode=>local]
   {node_t3}{chEL1cVxSiqyVnMoAxPsYQ}{local}{local[279]}[mode=>local, master=>false]
routing_table (version 5):
-- index [test]
----shard_id [test][0]
--------[test][0], node[chEL1cVxSiqyVnMoAxPsYQ], [P], v[3], s[STARTED], a[id=eyErMgKOTYiWY8-mz-5ybg]
--------[test][0], node[cH4Pg-Z1Q3WtjSpkLJVcMQ], [R], v[3], s[STARTED], a[id=VrhKs4wPRZusiagQKUgJUQ]
----shard_id [test][1]
--------[test][1], node[cH4Pg-Z1Q3WtjSpkLJVcMQ], [P], v[3], s[STARTED], a[id=puVkDkwnQiiK6tfyRwieOg]
--------[test][1], node[4yqY1j8FTECj9n-FDXWCww], [R], v[3], s[STARTED], a[id=2ebmYPWES1qI0uhQUy9D9g]
----shard_id [test][2]
--------[test][2], node[chEL1cVxSiqyVnMoAxPsYQ], [R], v[3], s[STARTED], a[id=sLgGe6JPRTaT96A_3Jb1uA]
--------[test][2], node[4yqY1j8FTECj9n-FDXWCww], [P], v[3], s[STARTED], a[id=h5xM-7TFT4KWIT1w8x1shg]

routing_nodes:
-----node_id[chEL1cVxSiqyVnMoAxPsYQ][V]
--------[test][2], node[chEL1cVxSiqyVnMoAxPsYQ], [R], v[3], s[STARTED], a[id=sLgGe6JPRTaT96A_3Jb1uA]
--------[test][0], node[chEL1cVxSiqyVnMoAxPsYQ], [P], v[3], s[STARTED], a[id=eyErMgKOTYiWY8-mz-5ybg]
-----node_id[cH4Pg-Z1Q3WtjSpkLJVcMQ][V]
--------[test][1], node[cH4Pg-Z1Q3WtjSpkLJVcMQ], [P], v[3], s[STARTED], a[id=puVkDkwnQiiK6tfyRwieOg]
--------[test][0], node[cH4Pg-Z1Q3WtjSpkLJVcMQ], [R], v[3], s[STARTED], a[id=VrhKs4wPRZusiagQKUgJUQ]
-----node_id[4yqY1j8FTECj9n-FDXWCww][V]
--------[test][2], node[4yqY1j8FTECj9n-FDXWCww], [P], v[3], s[STARTED], a[id=h5xM-7TFT4KWIT1w8x1shg]
--------[test][1], node[4yqY1j8FTECj9n-FDXWCww], [R], v[3], s[STARTED], a[id=2ebmYPWES1qI0uhQUy9D9g]
-----node_id[spvrvP6iSO23D1MkjNetVA][V]
---- unassigned

[2016-03-29 17:32:40,855][TRACE][org.elasticsearch.cluster.service] [node_t4] cluster state updated, source [local-disco-receive(from master)]
version: 11
state uuid: y11SP9HyTxqMzQpCznem6A
from_diff: false
meta data version: 6
nodes: 
   {node_t0}{UfUp16d-QkC9d6GYxK1FHQ}{local}{local[276]}[data=>false, master=>true, mode=>local], master
   {node_t1}{4yqY1j8FTECj9n-FDXWCww}{local}{local[277]}[mode=>local, master=>false]
   {node_t2}{cH4Pg-Z1Q3WtjSpkLJVcMQ}{local}{local[278]}[mode=>local, master=>false]
   {node_t4}{spvrvP6iSO23D1MkjNetVA}{local}{local[280]}[master=>false, mode=>local], local
   {node_t3}{chEL1cVxSiqyVnMoAxPsYQ}{local}{local[279]}[master=>false, mode=>local]
routing_table (version 5):
-- index [test]
----shard_id [test][0]
--------[test][0], node[chEL1cVxSiqyVnMoAxPsYQ], [P], v[3], s[STARTED], a[id=eyErMgKOTYiWY8-mz-5ybg]
--------[test][0], node[cH4Pg-Z1Q3WtjSpkLJVcMQ], [R], v[3], s[STARTED], a[id=VrhKs4wPRZusiagQKUgJUQ]
----shard_id [test][1]
--------[test][1], node[cH4Pg-Z1Q3WtjSpkLJVcMQ], [P], v[3], s[STARTED], a[id=puVkDkwnQiiK6tfyRwieOg]
--------[test][1], node[4yqY1j8FTECj9n-FDXWCww], [R], v[3], s[STARTED], a[id=2ebmYPWES1qI0uhQUy9D9g]
----shard_id [test][2]
--------[test][2], node[chEL1cVxSiqyVnMoAxPsYQ], [R], v[3], s[STARTED], a[id=sLgGe6JPRTaT96A_3Jb1uA]
--------[test][2], node[4yqY1j8FTECj9n-FDXWCww], [P], v[3], s[STARTED], a[id=h5xM-7TFT4KWIT1w8x1shg]

routing_nodes:
-----node_id[chEL1cVxSiqyVnMoAxPsYQ][V]
--------[test][2], node[chEL1cVxSiqyVnMoAxPsYQ], [R], v[3], s[STARTED], a[id=sLgGe6JPRTaT96A_3Jb1uA]
--------[test][0], node[chEL1cVxSiqyVnMoAxPsYQ], [P], v[3], s[STARTED], a[id=eyErMgKOTYiWY8-mz-5ybg]
-----node_id[cH4Pg-Z1Q3WtjSpkLJVcMQ][V]
--------[test][1], node[cH4Pg-Z1Q3WtjSpkLJVcMQ], [P], v[3], s[STARTED], a[id=puVkDkwnQiiK6tfyRwieOg]
--------[test][0], node[cH4Pg-Z1Q3WtjSpkLJVcMQ], [R], v[3], s[STARTED], a[id=VrhKs4wPRZusiagQKUgJUQ]
-----node_id[4yqY1j8FTECj9n-FDXWCww][V]
--------[test][2], node[4yqY1j8FTECj9n-FDXWCww], [P], v[3], s[STARTED], a[id=h5xM-7TFT4KWIT1w8x1shg]
--------[test][1], node[4yqY1j8FTECj9n-FDXWCww], [R], v[3], s[STARTED], a[id=2ebmYPWES1qI0uhQUy9D9g]
-----node_id[spvrvP6iSO23D1MkjNetVA][V]
---- unassigned

[2016-03-29 17:32:40,856][DEBUG][org.elasticsearch.cluster.service] [node_t1] set local cluster state to version 11
[2016-03-29 17:32:40,855][DEBUG][org.elasticsearch.cluster.service] [node_t2] set local cluster state to version 11
[2016-03-29 17:32:40,856][DEBUG][org.elasticsearch.cluster.service] [node_t4] set local cluster state to version 11
[2016-03-29 17:32:40,856][TRACE][org.elasticsearch.cluster.service] ack received from node [{node_t3}{chEL1cVxSiqyVnMoAxPsYQ}{local}{local[279]}[master=>false, mode=>local]], cluster_state update (version: 11)
[2016-03-29 17:32:40,856][TRACE][org.elasticsearch.cluster.service] ack received from node [{node_t4}{spvrvP6iSO23D1MkjNetVA}{local}{local[280]}[master=>false, mode=>local]], cluster_state update (version: 11)
[2016-03-29 17:32:40,856][TRACE][org.elasticsearch.cluster.service] ack received from node [{node_t1}{4yqY1j8FTECj9n-FDXWCww}{local}{local[277]}[master=>false, mode=>local]], cluster_state update (version: 11)
[2016-03-29 17:32:40,856][TRACE][org.elasticsearch.cluster.service] ack received from node [{node_t2}{cH4Pg-Z1Q3WtjSpkLJVcMQ}{local}{local[278]}[master=>false, mode=>local]], cluster_state update (version: 11)
[2016-03-29 17:32:40,856][DEBUG][org.elasticsearch.cluster.service] [node_t0] set local cluster state to version 11
[2016-03-29 17:32:40,856][DEBUG][org.elasticsearch.cluster.service] [node_t3] processing [local-disco-receive(from master)]: took 1ms done applying updated cluster_state (version: 11, uuid: y11SP9HyTxqMzQpCznem6A)
[2016-03-29 17:32:40,856][DEBUG][org.elasticsearch.cluster.service] [node_t1] processing [local-disco-receive(from master)]: took 2ms done applying updated cluster_state (version: 11, uuid: y11SP9HyTxqMzQpCznem6A)
[2016-03-29 17:32:40,856][DEBUG][org.elasticsearch.cluster.service] [node_t4] processing [local-disco-receive(from master)]: took 1ms done applying updated cluster_state (version: 11, uuid: y11SP9HyTxqMzQpCznem6A)
[2016-03-29 17:32:40,856][DEBUG][org.elasticsearch.cluster.service] [node_t2] processing [local-disco-receive(from master)]: took 2ms done applying updated cluster_state (version: 11, uuid: y11SP9HyTxqMzQpCznem6A)
[2016-03-29 17:32:40,857][TRACE][org.elasticsearch.cluster.service] ack received from node [{node_t0}{UfUp16d-QkC9d6GYxK1FHQ}{local}{local[276]}[master=>true, data=>false, mode=>local]], cluster_state update (version: 11)
[2016-03-29 17:32:40,857][TRACE][org.elasticsearch.cluster.service] all expected nodes acknowledged cluster_state update (version: 11)
[2016-03-29 17:32:40,857][DEBUG][org.elasticsearch.cluster.service] [node_t0] processing [cluster_update_settings]: took 3ms done applying updated cluster_state (version: 11, uuid: y11SP9HyTxqMzQpCznem6A)
[2016-03-29 17:32:40,857][TRACE][org.elasticsearch.cluster.service] [node_t0] will process [reroute_after_cluster_update_settings]
[2016-03-29 17:32:40,857][DEBUG][org.elasticsearch.cluster.service] [node_t0] processing [reroute_after_cluster_update_settings]: execute
[2016-03-29 17:32:40,857][DEBUG][org.elasticsearch.cluster.service] [node_t0] processing [reroute_after_cluster_update_settings]: took 0s no change in cluster_state
[2016-03-29 17:32:40,857][TRACE][org.elasticsearch.cluster.service] [node_t0] will process [local-disco-update]
[2016-03-29 17:32:40,858][DEBUG][org.elasticsearch.cluster.service] [node_t0] processing [local-disco-update]: execute
[2016-03-29 17:32:40,859][TRACE][org.elasticsearch.cluster.service] [node_t0] cluster state updated, source [local-disco-update]
version: 12
state uuid: _0GcngoZTleQBFwGZjKF7w
from_diff: false
meta data version: 7
nodes: 
   {node_t0}{UfUp16d-QkC9d6GYxK1FHQ}{local}{local[276]}[master=>true, data=>false, mode=>local], local, master
   {node_t4}{spvrvP6iSO23D1MkjNetVA}{local}{local[280]}[master=>false, mode=>local]
   {node_t2}{cH4Pg-Z1Q3WtjSpkLJVcMQ}{local}{local[278]}[master=>false, mode=>local]
   {node_t3}{chEL1cVxSiqyVnMoAxPsYQ}{local}{local[279]}[master=>false, mode=>local]
routing_table (version 6):
-- index [test]
----shard_id [test][0]
--------[test][0], node[chEL1cVxSiqyVnMoAxPsYQ], [P], v[3], s[STARTED], a[id=eyErMgKOTYiWY8-mz-5ybg]
--------[test][0], node[cH4Pg-Z1Q3WtjSpkLJVcMQ], [R], v[3], s[STARTED], a[id=VrhKs4wPRZusiagQKUgJUQ]
----shard_id [test][1]
--------[test][1], node[cH4Pg-Z1Q3WtjSpkLJVcMQ], [P], v[4], s[STARTED], a[id=puVkDkwnQiiK6tfyRwieOg]
--------[test][1], node[null], [R], v[4], s[UNASSIGNED], unassigned_info[[reason=NODE_LEFT], at[2016-03-29T21:32:40.858Z], details[node_left[4yqY1j8FTECj9n-FDXWCww]]]
----shard_id [test][2]
--------[test][2], node[chEL1cVxSiqyVnMoAxPsYQ], [P], v[5], s[STARTED], a[id=sLgGe6JPRTaT96A_3Jb1uA]
--------[test][2], node[null], [R], v[5], s[UNASSIGNED], unassigned_info[[reason=NODE_LEFT], at[2016-03-29T21:32:40.858Z], details[node_left[4yqY1j8FTECj9n-FDXWCww]]]

routing_nodes:
-----node_id[chEL1cVxSiqyVnMoAxPsYQ][V]
--------[test][2], node[chEL1cVxSiqyVnMoAxPsYQ], [P], v[5], s[STARTED], a[id=sLgGe6JPRTaT96A_3Jb1uA]
--------[test][0], node[chEL1cVxSiqyVnMoAxPsYQ], [P], v[3], s[STARTED], a[id=eyErMgKOTYiWY8-mz-5ybg]
-----node_id[cH4Pg-Z1Q3WtjSpkLJVcMQ][V]
--------[test][1], node[cH4Pg-Z1Q3WtjSpkLJVcMQ], [P], v[4], s[STARTED], a[id=puVkDkwnQiiK6tfyRwieOg]
--------[test][0], node[cH4Pg-Z1Q3WtjSpkLJVcMQ], [R], v[3], s[STARTED], a[id=VrhKs4wPRZusiagQKUgJUQ]
-----node_id[spvrvP6iSO23D1MkjNetVA][V]
---- unassigned
--------[test][2], node[null], [R], v[5], s[UNASSIGNED], unassigned_info[[reason=NODE_LEFT], at[2016-03-29T21:32:40.858Z], details[node_left[4yqY1j8FTECj9n-FDXWCww]]]
--------[test][1], node[null], [R], v[4], s[UNASSIGNED], unassigned_info[[reason=NODE_LEFT], at[2016-03-29T21:32:40.858Z], details[node_left[4yqY1j8FTECj9n-FDXWCww]]]

[2016-03-29 17:32:40,859][INFO ][org.elasticsearch.cluster.service] [node_t0] removed {{node_t1}{4yqY1j8FTECj9n-FDXWCww}{local}{local[277]}[master=>false, mode=>local],}, reason: local-disco-update
[2016-03-29 17:32:40,859][DEBUG][org.elasticsearch.cluster.service] [node_t0] publishing cluster state version [12]
[2016-03-29 17:32:40,860][TRACE][org.elasticsearch.cluster.service] [node_t2] will process [local-disco-receive(from master)]
[2016-03-29 17:32:40,860][DEBUG][org.elasticsearch.cluster.service] [node_t2] processing [local-disco-receive(from master)]: execute
[2016-03-29 17:32:40,860][TRACE][org.elasticsearch.cluster.service] [node_t3] will process [local-disco-receive(from master)]
[2016-03-29 17:32:40,860][DEBUG][org.elasticsearch.cluster.service] [node_t3] processing [local-disco-receive(from master)]: execute
[2016-03-29 17:32:40,860][TRACE][org.elasticsearch.cluster.service] [node_t4] will process [local-disco-receive(from master)]
[2016-03-29 17:32:40,860][TRACE][org.elasticsearch.cluster.service] [node_t2] cluster state updated, source [local-disco-receive(from master)]
version: 12
state uuid: _0GcngoZTleQBFwGZjKF7w
from_diff: false
meta data version: 7
nodes: 
   {node_t0}{UfUp16d-QkC9d6GYxK1FHQ}{local}{local[276]}[master=>true, data=>false, mode=>local], master
   {node_t4}{spvrvP6iSO23D1MkjNetVA}{local}{local[280]}[mode=>local, master=>false]
   {node_t2}{cH4Pg-Z1Q3WtjSpkLJVcMQ}{local}{local[278]}[master=>false, mode=>local], local
   {node_t3}{chEL1cVxSiqyVnMoAxPsYQ}{local}{local[279]}[master=>false, mode=>local]
routing_table (version 6):
-- index [test]
----shard_id [test][0]
--------[test][0], node[chEL1cVxSiqyVnMoAxPsYQ], [P], v[3], s[STARTED], a[id=eyErMgKOTYiWY8-mz-5ybg]
--------[test][0], node[cH4Pg-Z1Q3WtjSpkLJVcMQ], [R], v[3], s[STARTED], a[id=VrhKs4wPRZusiagQKUgJUQ]
----shard_id [test][1]
--------[test][1], node[cH4Pg-Z1Q3WtjSpkLJVcMQ], [P], v[4], s[STARTED], a[id=puVkDkwnQiiK6tfyRwieOg]
--------[test][1], node[null], [R], v[4], s[UNASSIGNED], unassigned_info[[reason=NODE_LEFT], at[2016-03-29T21:32:40.858Z], details[node_left[4yqY1j8FTECj9n-FDXWCww]]]
----shard_id [test][2]
--------[test][2], node[chEL1cVxSiqyVnMoAxPsYQ], [P], v[5], s[STARTED], a[id=sLgGe6JPRTaT96A_3Jb1uA]
--------[test][2], node[null], [R], v[5], s[UNASSIGNED], unassigned_info[[reason=NODE_LEFT], at[2016-03-29T21:32:40.858Z], details[node_left[4yqY1j8FTECj9n-FDXWCww]]]

routing_nodes:
-----node_id[chEL1cVxSiqyVnMoAxPsYQ][V]
--------[test][2], node[chEL1cVxSiqyVnMoAxPsYQ], [P], v[5], s[STARTED], a[id=sLgGe6JPRTaT96A_3Jb1uA]
--------[test][0], node[chEL1cVxSiqyVnMoAxPsYQ], [P], v[3], s[STARTED], a[id=eyErMgKOTYiWY8-mz-5ybg]
-----node_id[cH4Pg-Z1Q3WtjSpkLJVcMQ][V]
--------[test][1], node[cH4Pg-Z1Q3WtjSpkLJVcMQ], [P], v[4], s[STARTED], a[id=puVkDkwnQiiK6tfyRwieOg]
--------[test][0], node[cH4Pg-Z1Q3WtjSpkLJVcMQ], [R], v[3], s[STARTED], a[id=VrhKs4wPRZusiagQKUgJUQ]
-----node_id[spvrvP6iSO23D1MkjNetVA][V]
---- unassigned
--------[test][2], node[null], [R], v[5], s[UNASSIGNED], unassigned_info[[reason=NODE_LEFT], at[2016-03-29T21:32:40.858Z], details[node_left[4yqY1j8FTECj9n-FDXWCww]]]
--------[test][1], node[null], [R], v[4], s[UNASSIGNED], unassigned_info[[reason=NODE_LEFT], at[2016-03-29T21:32:40.858Z], details[node_left[4yqY1j8FTECj9n-FDXWCww]]]

[2016-03-29 17:32:40,860][DEBUG][org.elasticsearch.cluster.service] [node_t4] processing [local-disco-receive(from master)]: execute
[2016-03-29 17:32:40,860][INFO ][org.elasticsearch.cluster.service] [node_t2] removed {{node_t1}{4yqY1j8FTECj9n-FDXWCww}{local}{local[277]}[master=>false, mode=>local],}, reason: local-disco-receive(from master)
[2016-03-29 17:32:40,860][TRACE][org.elasticsearch.cluster.service] [node_t3] cluster state updated, source [local-disco-receive(from master)]
version: 12
state uuid: _0GcngoZTleQBFwGZjKF7w
from_diff: false
meta data version: 7
nodes: 
   {node_t0}{UfUp16d-QkC9d6GYxK1FHQ}{local}{local[276]}[data=>false, master=>true, mode=>local], master
   {node_t4}{spvrvP6iSO23D1MkjNetVA}{local}{local[280]}[mode=>local, master=>false]
   {node_t2}{cH4Pg-Z1Q3WtjSpkLJVcMQ}{local}{local[278]}[master=>false, mode=>local]
   {node_t3}{chEL1cVxSiqyVnMoAxPsYQ}{local}{local[279]}[master=>false, mode=>local], local
routing_table (version 6):
-- index [test]
----shard_id [test][0]
--------[test][0], node[chEL1cVxSiqyVnMoAxPsYQ], [P], v[3], s[STARTED], a[id=eyErMgKOTYiWY8-mz-5ybg]
--------[test][0], node[cH4Pg-Z1Q3WtjSpkLJVcMQ], [R], v[3], s[STARTED], a[id=VrhKs4wPRZusiagQKUgJUQ]
----shard_id [test][1]
--------[test][1], node[cH4Pg-Z1Q3WtjSpkLJVcMQ], [P], v[4], s[STARTED], a[id=puVkDkwnQiiK6tfyRwieOg]
--------[test][1], node[null], [R], v[4], s[UNASSIGNED], unassigned_info[[reason=NODE_LEFT], at[2016-03-29T21:32:40.858Z], details[node_left[4yqY1j8FTECj9n-FDXWCww]]]
----shard_id [test][2]
--------[test][2], node[chEL1cVxSiqyVnMoAxPsYQ], [P], v[5], s[STARTED], a[id=sLgGe6JPRTaT96A_3Jb1uA]
--------[test][2], node[null], [R], v[5], s[UNASSIGNED], unassigned_info[[reason=NODE_LEFT], at[2016-03-29T21:32:40.858Z], details[node_left[4yqY1j8FTECj9n-FDXWCww]]]

routing_nodes:
-----node_id[chEL1cVxSiqyVnMoAxPsYQ][V]
--------[test][2], node[chEL1cVxSiqyVnMoAxPsYQ], [P], v[5], s[STARTED], a[id=sLgGe6JPRTaT96A_3Jb1uA]
--------[test][0], node[chEL1cVxSiqyVnMoAxPsYQ], [P], v[3], s[STARTED], a[id=eyErMgKOTYiWY8-mz-5ybg]
-----node_id[cH4Pg-Z1Q3WtjSpkLJVcMQ][V]
--------[test][1], node[cH4Pg-Z1Q3WtjSpkLJVcMQ], [P], v[4], s[STARTED], a[id=puVkDkwnQiiK6tfyRwieOg]
--------[test][0], node[cH4Pg-Z1Q3WtjSpkLJVcMQ], [R], v[3], s[STARTED], a[id=VrhKs4wPRZusiagQKUgJUQ]
-----node_id[spvrvP6iSO23D1MkjNetVA][V]
---- unassigned
--------[test][2], node[null], [R], v[5], s[UNASSIGNED], unassigned_info[[reason=NODE_LEFT], at[2016-03-29T21:32:40.858Z], details[node_left[4yqY1j8FTECj9n-FDXWCww]]]
--------[test][1], node[null], [R], v[4], s[UNASSIGNED], unassigned_info[[reason=NODE_LEFT], at[2016-03-29T21:32:40.858Z], details[node_left[4yqY1j8FTECj9n-FDXWCww]]]

[2016-03-29 17:32:40,860][TRACE][org.elasticsearch.cluster.service] [node_t4] cluster state updated, source [local-disco-receive(from master)]
version: 12
state uuid: _0GcngoZTleQBFwGZjKF7w
from_diff: false
meta data version: 7
nodes: 
   {node_t0}{UfUp16d-QkC9d6GYxK1FHQ}{local}{local[276]}[data=>false, master=>true, mode=>local], master
   {node_t4}{spvrvP6iSO23D1MkjNetVA}{local}{local[280]}[master=>false, mode=>local], local
   {node_t2}{cH4Pg-Z1Q3WtjSpkLJVcMQ}{local}{local[278]}[master=>false, mode=>local]
   {node_t3}{chEL1cVxSiqyVnMoAxPsYQ}{local}{local[279]}[master=>false, mode=>local]
routing_table (version 6):
-- index [test]
----shard_id [test][0]
--------[test][0], node[chEL1cVxSiqyVnMoAxPsYQ], [P], v[3], s[STARTED], a[id=eyErMgKOTYiWY8-mz-5ybg]
--------[test][0], node[cH4Pg-Z1Q3WtjSpkLJVcMQ], [R], v[3], s[STARTED], a[id=VrhKs4wPRZusiagQKUgJUQ]
----shard_id [test][1]
--------[test][1], node[cH4Pg-Z1Q3WtjSpkLJVcMQ], [P], v[4], s[STARTED], a[id=puVkDkwnQiiK6tfyRwieOg]
--------[test][1], node[null], [R], v[4], s[UNASSIGNED], unassigned_info[[reason=NODE_LEFT], at[2016-03-29T21:32:40.858Z], details[node_left[4yqY1j8FTECj9n-FDXWCww]]]
----shard_id [test][2]
--------[test][2], node[chEL1cVxSiqyVnMoAxPsYQ], [P], v[5], s[STARTED], a[id=sLgGe6JPRTaT96A_3Jb1uA]
--------[test][2], node[null], [R], v[5], s[UNASSIGNED], unassigned_info[[reason=NODE_LEFT], at[2016-03-29T21:32:40.858Z], details[node_left[4yqY1j8FTECj9n-FDXWCww]]]

routing_nodes:
-----node_id[chEL1cVxSiqyVnMoAxPsYQ][V]
--------[test][2], node[chEL1cVxSiqyVnMoAxPsYQ], [P], v[5], s[STARTED], a[id=sLgGe6JPRTaT96A_3Jb1uA]
--------[test][0], node[chEL1cVxSiqyVnMoAxPsYQ], [P], v[3], s[STARTED], a[id=eyErMgKOTYiWY8-mz-5ybg]
-----node_id[cH4Pg-Z1Q3WtjSpkLJVcMQ][V]
--------[test][1], node[cH4Pg-Z1Q3WtjSpkLJVcMQ], [P], v[4], s[STARTED], a[id=puVkDkwnQiiK6tfyRwieOg]
--------[test][0], node[cH4Pg-Z1Q3WtjSpkLJVcMQ], [R], v[3], s[STARTED], a[id=VrhKs4wPRZusiagQKUgJUQ]
-----node_id[spvrvP6iSO23D1MkjNetVA][V]
---- unassigned
--------[test][2], node[null], [R], v[5], s[UNASSIGNED], unassigned_info[[reason=NODE_LEFT], at[2016-03-29T21:32:40.858Z], details[node_left[4yqY1j8FTECj9n-FDXWCww]]]
--------[test][1], node[null], [R], v[4], s[UNASSIGNED], unassigned_info[[reason=NODE_LEFT], at[2016-03-29T21:32:40.858Z], details[node_left[4yqY1j8FTECj9n-FDXWCww]]]

[2016-03-29 17:32:40,860][DEBUG][org.elasticsearch.cluster.service] [node_t2] set local cluster state to version 12
[2016-03-29 17:32:40,860][INFO ][org.elasticsearch.cluster.service] [node_t4] removed {{node_t1}{4yqY1j8FTECj9n-FDXWCww}{local}{local[277]}[mode=>local, master=>false],}, reason: local-disco-receive(from master)
[2016-03-29 17:32:40,861][DEBUG][org.elasticsearch.cluster.service] [node_t4] set local cluster state to version 12
[2016-03-29 17:32:40,860][INFO ][org.elasticsearch.cluster.service] [node_t3] removed {{node_t1}{4yqY1j8FTECj9n-FDXWCww}{local}{local[277]}[master=>false, mode=>local],}, reason: local-disco-receive(from master)
[2016-03-29 17:32:40,861][DEBUG][org.elasticsearch.cluster.service] [node_t3] set local cluster state to version 12
[2016-03-29 17:32:40,861][DEBUG][org.elasticsearch.cluster.service] [node_t4] processing [local-disco-receive(from master)]: took 0s done applying updated cluster_state (version: 12, uuid: _0GcngoZTleQBFwGZjKF7w)
[2016-03-29 17:32:40,863][DEBUG][org.elasticsearch.cluster.service] [node_t2] processing [local-disco-receive(from master)]: took 3ms done applying updated cluster_state (version: 12, uuid: _0GcngoZTleQBFwGZjKF7w)
[2016-03-29 17:32:40,863][DEBUG][org.elasticsearch.cluster.service] [node_t0] set local cluster state to version 12
[2016-03-29 17:32:40,863][DEBUG][org.elasticsearch.cluster.service] [node_t3] processing [local-disco-receive(from master)]: took 3ms done applying updated cluster_state (version: 12, uuid: _0GcngoZTleQBFwGZjKF7w)
[2016-03-29 17:32:40,866][DEBUG][org.elasticsearch.cluster.service] [node_t0] processing [local-disco-update]: took 7ms done applying updated cluster_state (version: 12, uuid: _0GcngoZTleQBFwGZjKF7w)
[2016-03-29 17:32:40,866][TRACE][org.elasticsearch.cluster.service] [node_t0] will process [local-disco-update]
[2016-03-29 17:32:40,866][DEBUG][org.elasticsearch.cluster.service] [node_t0] processing [local-disco-update]: execute
[2016-03-29 17:32:40,866][TRACE][org.elasticsearch.cluster.service] [node_t0] cluster state updated, source [local-disco-update]
version: 13
state uuid: JHhMI5hKSLWbV9YEv9vn-Q
from_diff: false
meta data version: 8
nodes: 
   {node_t0}{UfUp16d-QkC9d6GYxK1FHQ}{local}{local[276]}[master=>true, data=>false, mode=>local], local, master
   {node_t4}{spvrvP6iSO23D1MkjNetVA}{local}{local[280]}[master=>false, mode=>local]
   {node_t3}{chEL1cVxSiqyVnMoAxPsYQ}{local}{local[279]}[master=>false, mode=>local]
routing_table (version 7):
-- index [test]
----shard_id [test][0]
--------[test][0], node[chEL1cVxSiqyVnMoAxPsYQ], [P], v[4], s[STARTED], a[id=eyErMgKOTYiWY8-mz-5ybg]
--------[test][0], node[null], [R], v[4], s[UNASSIGNED], unassigned_info[[reason=NODE_LEFT], at[2016-03-29T21:32:40.866Z], details[node_left[cH4Pg-Z1Q3WtjSpkLJVcMQ]]]
----shard_id [test][1]
--------[test][1], node[null], [P], v[5], s[UNASSIGNED], unassigned_info[[reason=NODE_LEFT], at[2016-03-29T21:32:40.866Z], details[node_left[cH4Pg-Z1Q3WtjSpkLJVcMQ]]]
--------[test][1], node[null], [R], v[5], s[UNASSIGNED], unassigned_info[[reason=NODE_LEFT], at[2016-03-29T21:32:40.858Z], details[node_left[4yqY1j8FTECj9n-FDXWCww]]]
----shard_id [test][2]
--------[test][2], node[chEL1cVxSiqyVnMoAxPsYQ], [P], v[5], s[STARTED], a[id=sLgGe6JPRTaT96A_3Jb1uA]
--------[test][2], node[null], [R], v[5], s[UNASSIGNED], unassigned_info[[reason=NODE_LEFT], at[2016-03-29T21:32:40.858Z], details[node_left[4yqY1j8FTECj9n-FDXWCww]]]

routing_nodes:
-----node_id[chEL1cVxSiqyVnMoAxPsYQ][V]
--------[test][2], node[chEL1cVxSiqyVnMoAxPsYQ], [P], v[5], s[STARTED], a[id=sLgGe6JPRTaT96A_3Jb1uA]
--------[test][0], node[chEL1cVxSiqyVnMoAxPsYQ], [P], v[4], s[STARTED], a[id=eyErMgKOTYiWY8-mz-5ybg]
-----node_id[spvrvP6iSO23D1MkjNetVA][V]
---- unassigned
--------[test][2], node[null], [R], v[5], s[UNASSIGNED], unassigned_info[[reason=NODE_LEFT], at[2016-03-29T21:32:40.858Z], details[node_left[4yqY1j8FTECj9n-FDXWCww]]]
--------[test][1], node[null], [P], v[5], s[UNASSIGNED], unassigned_info[[reason=NODE_LEFT], at[2016-03-29T21:32:40.866Z], details[node_left[cH4Pg-Z1Q3WtjSpkLJVcMQ]]]
--------[test][1], node[null], [R], v[5], s[UNASSIGNED], unassigned_info[[reason=NODE_LEFT], at[2016-03-29T21:32:40.858Z], details[node_left[4yqY1j8FTECj9n-FDXWCww]]]
--------[test][0], node[null], [R], v[4], s[UNASSIGNED], unassigned_info[[reason=NODE_LEFT], at[2016-03-29T21:32:40.866Z], details[node_left[cH4Pg-Z1Q3WtjSpkLJVcMQ]]]

[2016-03-29 17:32:40,866][INFO ][org.elasticsearch.cluster.service] [node_t0] removed {{node_t2}{cH4Pg-Z1Q3WtjSpkLJVcMQ}{local}{local[278]}[master=>false, mode=>local],}, reason: local-disco-update
[2016-03-29 17:32:40,866][DEBUG][org.elasticsearch.cluster.service] [node_t0] publishing cluster state version [13]
[2016-03-29 17:32:40,867][TRACE][org.elasticsearch.cluster.service] [node_t3] will process [local-disco-receive(from master)]
[2016-03-29 17:32:40,867][DEBUG][org.elasticsearch.cluster.service] [node_t3] processing [local-disco-receive(from master)]: execute
[2016-03-29 17:32:40,867][TRACE][org.elasticsearch.cluster.service] [node_t4] will process [local-disco-receive(from master)]
[2016-03-29 17:32:40,867][DEBUG][org.elasticsearch.cluster.service] [node_t4] processing [local-disco-receive(from master)]: execute
[2016-03-29 17:32:40,867][TRACE][org.elasticsearch.cluster.service] [node_t3] cluster state updated, source [local-disco-receive(from master)]
version: 13
state uuid: JHhMI5hKSLWbV9YEv9vn-Q
from_diff: false
meta data version: 8
nodes: 
   {node_t0}{UfUp16d-QkC9d6GYxK1FHQ}{local}{local[276]}[master=>true, data=>false, mode=>local], master
   {node_t4}{spvrvP6iSO23D1MkjNetVA}{local}{local[280]}[master=>false, mode=>local]
   {node_t3}{chEL1cVxSiqyVnMoAxPsYQ}{local}{local[279]}[master=>false, mode=>local], local
routing_table (version 7):
-- index [test]
----shard_id [test][0]
--------[test][0], node[chEL1cVxSiqyVnMoAxPsYQ], [P], v[4], s[STARTED], a[id=eyErMgKOTYiWY8-mz-5ybg]
--------[test][0], node[null], [R], v[4], s[UNASSIGNED], unassigned_info[[reason=NODE_LEFT], at[2016-03-29T21:32:40.866Z], details[node_left[cH4Pg-Z1Q3WtjSpkLJVcMQ]]]
----shard_id [test][1]
--------[test][1], node[null], [P], v[5], s[UNASSIGNED], unassigned_info[[reason=NODE_LEFT], at[2016-03-29T21:32:40.866Z], details[node_left[cH4Pg-Z1Q3WtjSpkLJVcMQ]]]
--------[test][1], node[null], [R], v[5], s[UNASSIGNED], unassigned_info[[reason=NODE_LEFT], at[2016-03-29T21:32:40.858Z], details[node_left[4yqY1j8FTECj9n-FDXWCww]]]
----shard_id [test][2]
--------[test][2], node[chEL1cVxSiqyVnMoAxPsYQ], [P], v[5], s[STARTED], a[id=sLgGe6JPRTaT96A_3Jb1uA]
--------[test][2], node[null], [R], v[5], s[UNASSIGNED], unassigned_info[[reason=NODE_LEFT], at[2016-03-29T21:32:40.858Z], details[node_left[4yqY1j8FTECj9n-FDXWCww]]]

routing_nodes:
-----node_id[chEL1cVxSiqyVnMoAxPsYQ][V]
--------[test][2], node[chEL1cVxSiqyVnMoAxPsYQ], [P], v[5], s[STARTED], a[id=sLgGe6JPRTaT96A_3Jb1uA]
--------[test][0], node[chEL1cVxSiqyVnMoAxPsYQ], [P], v[4], s[STARTED], a[id=eyErMgKOTYiWY8-mz-5ybg]
-----node_id[spvrvP6iSO23D1MkjNetVA][V]
---- unassigned
--------[test][2], node[null], [R], v[5], s[UNASSIGNED], unassigned_info[[reason=NODE_LEFT], at[2016-03-29T21:32:40.858Z], details[node_left[4yqY1j8FTECj9n-FDXWCww]]]
--------[test][1], node[null], [P], v[5], s[UNASSIGNED], unassigned_info[[reason=NODE_LEFT], at[2016-03-29T21:32:40.866Z], details[node_left[cH4Pg-Z1Q3WtjSpkLJVcMQ]]]
--------[test][1], node[null], [R], v[5], s[UNASSIGNED], unassigned_info[[reason=NODE_LEFT], at[2016-03-29T21:32:40.858Z], details[node_left[4yqY1j8FTECj9n-FDXWCww]]]
--------[test][0], node[null], [R], v[4], s[UNASSIGNED], unassigned_info[[reason=NODE_LEFT], at[2016-03-29T21:32:40.866Z], details[node_left[cH4Pg-Z1Q3WtjSpkLJVcMQ]]]

[2016-03-29 17:32:40,867][TRACE][org.elasticsearch.cluster.service] [node_t4] cluster state updated, source [local-disco-receive(from master)]
version: 13
state uuid: JHhMI5hKSLWbV9YEv9vn-Q
from_diff: false
meta data version: 8
nodes: 
   {node_t0}{UfUp16d-QkC9d6GYxK1FHQ}{local}{local[276]}[data=>false, master=>true, mode=>local], master
   {node_t4}{spvrvP6iSO23D1MkjNetVA}{local}{local[280]}[master=>false, mode=>local], local
   {node_t3}{chEL1cVxSiqyVnMoAxPsYQ}{local}{local[279]}[master=>false, mode=>local]
routing_table (version 7):
-- index [test]
----shard_id [test][0]
--------[test][0], node[chEL1cVxSiqyVnMoAxPsYQ], [P], v[4], s[STARTED], a[id=eyErMgKOTYiWY8-mz-5ybg]
--------[test][0], node[null], [R], v[4], s[UNASSIGNED], unassigned_info[[reason=NODE_LEFT], at[2016-03-29T21:32:40.866Z], details[node_left[cH4Pg-Z1Q3WtjSpkLJVcMQ]]]
----shard_id [test][1]
--------[test][1], node[null], [P], v[5], s[UNASSIGNED], unassigned_info[[reason=NODE_LEFT], at[2016-03-29T21:32:40.866Z], details[node_left[cH4Pg-Z1Q3WtjSpkLJVcMQ]]]
--------[test][1], node[null], [R], v[5], s[UNASSIGNED], unassigned_info[[reason=NODE_LEFT], at[2016-03-29T21:32:40.858Z], details[node_left[4yqY1j8FTECj9n-FDXWCww]]]
----shard_id [test][2]
--------[test][2], node[chEL1cVxSiqyVnMoAxPsYQ], [P], v[5], s[STARTED], a[id=sLgGe6JPRTaT96A_3Jb1uA]
--------[test][2], node[null], [R], v[5], s[UNASSIGNED], unassigned_info[[reason=NODE_LEFT], at[2016-03-29T21:32:40.858Z], details[node_left[4yqY1j8FTECj9n-FDXWCww]]]

routing_nodes:
-----node_id[chEL1cVxSiqyVnMoAxPsYQ][V]
--------[test][2], node[chEL1cVxSiqyVnMoAxPsYQ], [P], v[5], s[STARTED], a[id=sLgGe6JPRTaT96A_3Jb1uA]
--------[test][0], node[chEL1cVxSiqyVnMoAxPsYQ], [P], v[4], s[STARTED], a[id=eyErMgKOTYiWY8-mz-5ybg]
-----node_id[spvrvP6iSO23D1MkjNetVA][V]
---- unassigned
--------[test][2], node[null], [R], v[5], s[UNASSIGNED], unassigned_info[[reason=NODE_LEFT], at[2016-03-29T21:32:40.858Z], details[node_left[4yqY1j8FTECj9n-FDXWCww]]]
--------[test][1], node[null], [P], v[5], s[UNASSIGNED], unassigned_info[[reason=NODE_LEFT], at[2016-03-29T21:32:40.866Z], details[node_left[cH4Pg-Z1Q3WtjSpkLJVcMQ]]]
--------[test][1], node[null], [R], v[5], s[UNASSIGNED], unassigned_info[[reason=NODE_LEFT], at[2016-03-29T21:32:40.858Z], details[node_left[4yqY1j8FTECj9n-FDXWCww]]]
--------[test][0], node[null], [R], v[4], s[UNASSIGNED], unassigned_info[[reason=NODE_LEFT], at[2016-03-29T21:32:40.866Z], details[node_left[cH4Pg-Z1Q3WtjSpkLJVcMQ]]]

[2016-03-29 17:32:40,867][INFO ][org.elasticsearch.cluster.service] [node_t3] removed {{node_t2}{cH4Pg-Z1Q3WtjSpkLJVcMQ}{local}{local[278]}[master=>false, mode=>local],}, reason: local-disco-receive(from master)
[2016-03-29 17:32:40,867][INFO ][org.elasticsearch.cluster.service] [node_t4] removed {{node_t2}{cH4Pg-Z1Q3WtjSpkLJVcMQ}{local}{local[278]}[master=>false, mode=>local],}, reason: local-disco-receive(from master)
[2016-03-29 17:32:40,867][DEBUG][org.elasticsearch.cluster.service] [node_t3] set local cluster state to version 13
[2016-03-29 17:32:40,867][DEBUG][org.elasticsearch.cluster.service] [node_t4] set local cluster state to version 13
[2016-03-29 17:32:40,868][DEBUG][org.elasticsearch.cluster.service] [node_t4] processing [local-disco-receive(from master)]: took 0s done applying updated cluster_state (version: 13, uuid: JHhMI5hKSLWbV9YEv9vn-Q)
[2016-03-29 17:32:40,870][DEBUG][org.elasticsearch.cluster.service] [node_t3] processing [local-disco-receive(from master)]: took 3ms done applying updated cluster_state (version: 13, uuid: JHhMI5hKSLWbV9YEv9vn-Q)
[2016-03-29 17:32:40,870][DEBUG][org.elasticsearch.cluster.service] [node_t0] set local cluster state to version 13
[2016-03-29 17:32:40,871][DEBUG][org.elasticsearch.cluster.service] [node_t0] processing [local-disco-update]: took 5ms done applying updated cluster_state (version: 13, uuid: JHhMI5hKSLWbV9YEv9vn-Q)
[2016-03-29 17:32:40,871][TRACE][org.elasticsearch.cluster.service] [node_t0] will process [cluster_reroute(async_shard_fetch)]
[2016-03-29 17:32:40,871][DEBUG][org.elasticsearch.cluster.service] [node_t0] processing [cluster_reroute(async_shard_fetch)]: execute
[2016-03-29 17:32:40,872][DEBUG][org.elasticsearch.cluster.service] [node_t0] processing [cluster_reroute(async_shard_fetch)]: took 0s no change in cluster_state
[2016-03-29 17:32:40,872][TRACE][org.elasticsearch.cluster.service] [node_t0] will process [update-settings]
[2016-03-29 17:32:40,872][DEBUG][org.elasticsearch.cluster.service] [node_t0] processing [update-settings]: execute
[2016-03-29 17:32:40,872][TRACE][org.elasticsearch.cluster.service] expecting 3 acknowledgements for cluster_state update (version: 14)
[2016-03-29 17:32:40,873][TRACE][org.elasticsearch.cluster.service] [node_t0] cluster state updated, source [update-settings]
version: 14
state uuid: rL2vIgshStyWwwjP0YBygQ
from_diff: false
meta data version: 9
nodes: 
   {node_t0}{UfUp16d-QkC9d6GYxK1FHQ}{local}{local[276]}[master=>true, data=>false, mode=>local], local, master
   {node_t4}{spvrvP6iSO23D1MkjNetVA}{local}{local[280]}[master=>false, mode=>local]
   {node_t3}{chEL1cVxSiqyVnMoAxPsYQ}{local}{local[279]}[master=>false, mode=>local]
routing_table (version 8):
-- index [test]
----shard_id [test][0]
--------[test][0], node[chEL1cVxSiqyVnMoAxPsYQ], [P], v[4], s[STARTED], a[id=eyErMgKOTYiWY8-mz-5ybg]
--------[test][0], node[null], [R], v[4], s[UNASSIGNED], unassigned_info[[reason=NODE_LEFT], at[2016-03-29T21:32:40.866Z], details[node_left[cH4Pg-Z1Q3WtjSpkLJVcMQ]]]
----shard_id [test][1]
--------[test][1], node[null], [P], v[5], s[UNASSIGNED], unassigned_info[[reason=NODE_LEFT], at[2016-03-29T21:32:40.866Z], details[node_left[cH4Pg-Z1Q3WtjSpkLJVcMQ]]]
--------[test][1], node[null], [R], v[5], s[UNASSIGNED], unassigned_info[[reason=NODE_LEFT], at[2016-03-29T21:32:40.858Z], details[node_left[4yqY1j8FTECj9n-FDXWCww]]]
----shard_id [test][2]
--------[test][2], node[chEL1cVxSiqyVnMoAxPsYQ], [P], v[5], s[STARTED], a[id=sLgGe6JPRTaT96A_3Jb1uA]
--------[test][2], node[null], [R], v[5], s[UNASSIGNED], unassigned_info[[reason=NODE_LEFT], at[2016-03-29T21:32:40.858Z], details[node_left[4yqY1j8FTECj9n-FDXWCww]]]

routing_nodes:
-----node_id[chEL1cVxSiqyVnMoAxPsYQ][V]
--------[test][2], node[chEL1cVxSiqyVnMoAxPsYQ], [P], v[5], s[STARTED], a[id=sLgGe6JPRTaT96A_3Jb1uA]
--------[test][0], node[chEL1cVxSiqyVnMoAxPsYQ], [P], v[4], s[STARTED], a[id=eyErMgKOTYiWY8-mz-5ybg]
-----node_id[spvrvP6iSO23D1MkjNetVA][V]
---- unassigned
--------[test][2], node[null], [R], v[5], s[UNASSIGNED], unassigned_info[[reason=NODE_LEFT], at[2016-03-29T21:32:40.858Z], details[node_left[4yqY1j8FTECj9n-FDXWCww]]]
--------[test][1], node[null], [P], v[5], s[UNASSIGNED], unassigned_info[[reason=NODE_LEFT], at[2016-03-29T21:32:40.866Z], details[node_left[cH4Pg-Z1Q3WtjSpkLJVcMQ]]]
--------[test][1], node[null], [R], v[5], s[UNASSIGNED], unassigned_info[[reason=NODE_LEFT], at[2016-03-29T21:32:40.858Z], details[node_left[4yqY1j8FTECj9n-FDXWCww]]]
--------[test][0], node[null], [R], v[4], s[UNASSIGNED], unassigned_info[[reason=NODE_LEFT], at[2016-03-29T21:32:40.866Z], details[node_left[cH4Pg-Z1Q3WtjSpkLJVcMQ]]]

[2016-03-29 17:32:40,873][DEBUG][org.elasticsearch.cluster.service] [node_t0] publishing cluster state version [14]
[2016-03-29 17:32:40,873][TRACE][org.elasticsearch.cluster.service] [node_t3] will process [local-disco-receive(from master)]
[2016-03-29 17:32:40,873][DEBUG][org.elasticsearch.cluster.service] [node_t3] processing [local-disco-receive(from master)]: execute
[2016-03-29 17:32:40,873][TRACE][org.elasticsearch.cluster.service] [node_t4] will process [local-disco-receive(from master)]
[2016-03-29 17:32:40,873][DEBUG][org.elasticsearch.cluster.service] [node_t4] processing [local-disco-receive(from master)]: execute
[2016-03-29 17:32:40,873][TRACE][org.elasticsearch.cluster.service] [node_t3] cluster state updated, source [local-disco-receive(from master)]
version: 14
state uuid: rL2vIgshStyWwwjP0YBygQ
from_diff: false
meta data version: 9
nodes: 
   {node_t0}{UfUp16d-QkC9d6GYxK1FHQ}{local}{local[276]}[master=>true, data=>false, mode=>local], master
   {node_t4}{spvrvP6iSO23D1MkjNetVA}{local}{local[280]}[master=>false, mode=>local]
   {node_t3}{chEL1cVxSiqyVnMoAxPsYQ}{local}{local[279]}[master=>false, mode=>local], local
routing_table (version 8):
-- index [test]
----shard_id [test][0]
--------[test][0], node[chEL1cVxSiqyVnMoAxPsYQ], [P], v[4], s[STARTED], a[id=eyErMgKOTYiWY8-mz-5ybg]
--------[test][0], node[null], [R], v[4], s[UNASSIGNED], unassigned_info[[reason=NODE_LEFT], at[2016-03-29T21:32:40.866Z], details[node_left[cH4Pg-Z1Q3WtjSpkLJVcMQ]]]
----shard_id [test][1]
--------[test][1], node[null], [P], v[5], s[UNASSIGNED], unassigned_info[[reason=NODE_LEFT], at[2016-03-29T21:32:40.866Z], details[node_left[cH4Pg-Z1Q3WtjSpkLJVcMQ]]]
--------[test][1], node[null], [R], v[5], s[UNASSIGNED], unassigned_info[[reason=NODE_LEFT], at[2016-03-29T21:32:40.858Z], details[node_left[4yqY1j8FTECj9n-FDXWCww]]]
----shard_id [test][2]
--------[test][2], node[chEL1cVxSiqyVnMoAxPsYQ], [P], v[5], s[STARTED], a[id=sLgGe6JPRTaT96A_3Jb1uA]
--------[test][2], node[null], [R], v[5], s[UNASSIGNED], unassigned_info[[reason=NODE_LEFT], at[2016-03-29T21:32:40.858Z], details[node_left[4yqY1j8FTECj9n-FDXWCww]]]

routing_nodes:
-----node_id[chEL1cVxSiqyVnMoAxPsYQ][V]
--------[test][2], node[chEL1cVxSiqyVnMoAxPsYQ], [P], v[5], s[STARTED], a[id=sLgGe6JPRTaT96A_3Jb1uA]
--------[test][0], node[chEL1cVxSiqyVnMoAxPsYQ], [P], v[4], s[STARTED], a[id=eyErMgKOTYiWY8-mz-5ybg]
-----node_id[spvrvP6iSO23D1MkjNetVA][V]
---- unassigned
--------[test][2], node[null], [R], v[5], s[UNASSIGNED], unassigned_info[[reason=NODE_LEFT], at[2016-03-29T21:32:40.858Z], details[node_left[4yqY1j8FTECj9n-FDXWCww]]]
--------[test][1], node[null], [P], v[5], s[UNASSIGNED], unassigned_info[[reason=NODE_LEFT], at[2016-03-29T21:32:40.866Z], details[node_left[cH4Pg-Z1Q3WtjSpkLJVcMQ]]]
--------[test][1], node[null], [R], v[5], s[UNASSIGNED], unassigned_info[[reason=NODE_LEFT], at[2016-03-29T21:32:40.858Z], details[node_left[4yqY1j8FTECj9n-FDXWCww]]]
--------[test][0], node[null], [R], v[4], s[UNASSIGNED], unassigned_info[[reason=NODE_LEFT], at[2016-03-29T21:32:40.866Z], details[node_left[cH4Pg-Z1Q3WtjSpkLJVcMQ]]]

[2016-03-29 17:32:40,873][TRACE][org.elasticsearch.cluster.service] [node_t4] cluster state updated, source [local-disco-receive(from master)]
version: 14
state uuid: rL2vIgshStyWwwjP0YBygQ
from_diff: false
meta data version: 9
nodes: 
   {node_t0}{UfUp16d-QkC9d6GYxK1FHQ}{local}{local[276]}[data=>false, master=>true, mode=>local], master
   {node_t4}{spvrvP6iSO23D1MkjNetVA}{local}{local[280]}[master=>false, mode=>local], local
   {node_t3}{chEL1cVxSiqyVnMoAxPsYQ}{local}{local[279]}[master=>false, mode=>local]
routing_table (version 8):
-- index [test]
----shard_id [test][0]
--------[test][0], node[chEL1cVxSiqyVnMoAxPsYQ], [P], v[4], s[STARTED], a[id=eyErMgKOTYiWY8-mz-5ybg]
--------[test][0], node[null], [R], v[4], s[UNASSIGNED], unassigned_info[[reason=NODE_LEFT], at[2016-03-29T21:32:40.866Z], details[node_left[cH4Pg-Z1Q3WtjSpkLJVcMQ]]]
----shard_id [test][1]
--------[test][1], node[null], [P], v[5], s[UNASSIGNED], unassigned_info[[reason=NODE_LEFT], at[2016-03-29T21:32:40.866Z], details[node_left[cH4Pg-Z1Q3WtjSpkLJVcMQ]]]
--------[test][1], node[null], [R], v[5], s[UNASSIGNED], unassigned_info[[reason=NODE_LEFT], at[2016-03-29T21:32:40.858Z], details[node_left[4yqY1j8FTECj9n-FDXWCww]]]
----shard_id [test][2]
--------[test][2], node[chEL1cVxSiqyVnMoAxPsYQ], [P], v[5], s[STARTED], a[id=sLgGe6JPRTaT96A_3Jb1uA]
--------[test][2], node[null], [R], v[5], s[UNASSIGNED], unassigned_info[[reason=NODE_LEFT], at[2016-03-29T21:32:40.858Z], details[node_left[4yqY1j8FTECj9n-FDXWCww]]]

routing_nodes:
-----node_id[chEL1cVxSiqyVnMoAxPsYQ][V]
--------[test][2], node[chEL1cVxSiqyVnMoAxPsYQ], [P], v[5], s[STARTED], a[id=sLgGe6JPRTaT96A_3Jb1uA]
--------[test][0], node[chEL1cVxSiqyVnMoAxPsYQ], [P], v[4], s[STARTED], a[id=eyErMgKOTYiWY8-mz-5ybg]
-----node_id[spvrvP6iSO23D1MkjNetVA][V]
---- unassigned
--------[test][2], node[null], [R], v[5], s[UNASSIGNED], unassigned_info[[reason=NODE_LEFT], at[2016-03-29T21:32:40.858Z], details[node_left[4yqY1j8FTECj9n-FDXWCww]]]
--------[test][1], node[null], [P], v[5], s[UNASSIGNED], unassigned_info[[reason=NODE_LEFT], at[2016-03-29T21:32:40.866Z], details[node_left[cH4Pg-Z1Q3WtjSpkLJVcMQ]]]
--------[test][1], node[null], [R], v[5], s[UNASSIGNED], unassigned_info[[reason=NODE_LEFT], at[2016-03-29T21:32:40.858Z], details[node_left[4yqY1j8FTECj9n-FDXWCww]]]
--------[test][0], node[null], [R], v[4], s[UNASSIGNED], unassigned_info[[reason=NODE_LEFT], at[2016-03-29T21:32:40.866Z], details[node_left[cH4Pg-Z1Q3WtjSpkLJVcMQ]]]

[2016-03-29 17:32:40,873][DEBUG][org.elasticsearch.cluster.service] [node_t3] set local cluster state to version 14
[2016-03-29 17:32:40,873][DEBUG][org.elasticsearch.cluster.service] [node_t4] set local cluster state to version 14
[2016-03-29 17:32:40,873][TRACE][org.elasticsearch.cluster.service] ack received from node [{node_t4}{spvrvP6iSO23D1MkjNetVA}{local}{local[280]}[master=>false, mode=>local]], cluster_state update (version: 14)
[2016-03-29 17:32:40,873][DEBUG][org.elasticsearch.cluster.service] [node_t4] processing [local-disco-receive(from master)]: took 0s done applying updated cluster_state (version: 14, uuid: rL2vIgshStyWwwjP0YBygQ)
[2016-03-29 17:32:40,874][TRACE][org.elasticsearch.cluster.service] ack received from node [{node_t3}{chEL1cVxSiqyVnMoAxPsYQ}{local}{local[279]}[master=>false, mode=>local]], cluster_state update (version: 14)
[2016-03-29 17:32:40,874][DEBUG][org.elasticsearch.cluster.service] [node_t0] set local cluster state to version 14
[2016-03-29 17:32:40,874][DEBUG][org.elasticsearch.cluster.service] [node_t3] processing [local-disco-receive(from master)]: took 1ms done applying updated cluster_state (version: 14, uuid: rL2vIgshStyWwwjP0YBygQ)
[2016-03-29 17:32:40,876][TRACE][org.elasticsearch.cluster.service] ack received from node [{node_t0}{UfUp16d-QkC9d6GYxK1FHQ}{local}{local[276]}[master=>true, data=>false, mode=>local]], cluster_state update (version: 14)
[2016-03-29 17:32:40,876][TRACE][org.elasticsearch.cluster.service] all expected nodes acknowledged cluster_state update (version: 14)
[2016-03-29 17:32:40,876][DEBUG][org.elasticsearch.cluster.service] [node_t0] processing [update-settings]: took 3ms done applying updated cluster_state (version: 14, uuid: rL2vIgshStyWwwjP0YBygQ)
[2016-03-29 17:32:40,876][TRACE][org.elasticsearch.cluster.service] [node_t0] will process [cluster_update_settings]
[2016-03-29 17:32:40,876][DEBUG][org.elasticsearch.cluster.service] [node_t0] processing [cluster_update_settings]: execute
[2016-03-29 17:32:40,876][TRACE][org.elasticsearch.cluster.service] expecting 3 acknowledgements for cluster_state update (version: 15)
[2016-03-29 17:32:40,876][TRACE][org.elasticsearch.cluster.service] [node_t0] cluster state updated, source [cluster_update_settings]
version: 15
state uuid: u_Kvq94qRJ-R5Aiz2EXc6A
from_diff: false
meta data version: 10
nodes: 
   {node_t0}{UfUp16d-QkC9d6GYxK1FHQ}{local}{local[276]}[master=>true, data=>false, mode=>local], local, master
   {node_t4}{spvrvP6iSO23D1MkjNetVA}{local}{local[280]}[master=>false, mode=>local]
   {node_t3}{chEL1cVxSiqyVnMoAxPsYQ}{local}{local[279]}[master=>false, mode=>local]
routing_table (version 8):
-- index [test]
----shard_id [test][0]
--------[test][0], node[chEL1cVxSiqyVnMoAxPsYQ], [P], v[4], s[STARTED], a[id=eyErMgKOTYiWY8-mz-5ybg]
--------[test][0], node[null], [R], v[4], s[UNASSIGNED], unassigned_info[[reason=NODE_LEFT], at[2016-03-29T21:32:40.866Z], details[node_left[cH4Pg-Z1Q3WtjSpkLJVcMQ]]]
----shard_id [test][1]
--------[test][1], node[null], [P], v[5], s[UNASSIGNED], unassigned_info[[reason=NODE_LEFT], at[2016-03-29T21:32:40.866Z], details[node_left[cH4Pg-Z1Q3WtjSpkLJVcMQ]]]
--------[test][1], node[null], [R], v[5], s[UNASSIGNED], unassigned_info[[reason=NODE_LEFT], at[2016-03-29T21:32:40.858Z], details[node_left[4yqY1j8FTECj9n-FDXWCww]]]
----shard_id [test][2]
--------[test][2], node[chEL1cVxSiqyVnMoAxPsYQ], [P], v[5], s[STARTED], a[id=sLgGe6JPRTaT96A_3Jb1uA]
--------[test][2], node[null], [R], v[5], s[UNASSIGNED], unassigned_info[[reason=NODE_LEFT], at[2016-03-29T21:32:40.858Z], details[node_left[4yqY1j8FTECj9n-FDXWCww]]]

routing_nodes:
-----node_id[chEL1cVxSiqyVnMoAxPsYQ][V]
--------[test][2], node[chEL1cVxSiqyVnMoAxPsYQ], [P], v[5], s[STARTED], a[id=sLgGe6JPRTaT96A_3Jb1uA]
--------[test][0], node[chEL1cVxSiqyVnMoAxPsYQ], [P], v[4], s[STARTED], a[id=eyErMgKOTYiWY8-mz-5ybg]
-----node_id[spvrvP6iSO23D1MkjNetVA][V]
---- unassigned
--------[test][2], node[null], [R], v[5], s[UNASSIGNED], unassigned_info[[reason=NODE_LEFT], at[2016-03-29T21:32:40.858Z], details[node_left[4yqY1j8FTECj9n-FDXWCww]]]
--------[test][1], node[null], [P], v[5], s[UNASSIGNED], unassigned_info[[reason=NODE_LEFT], at[2016-03-29T21:32:40.866Z], details[node_left[cH4Pg-Z1Q3WtjSpkLJVcMQ]]]
--------[test][1], node[null], [R], v[5], s[UNASSIGNED], unassigned_info[[reason=NODE_LEFT], at[2016-03-29T21:32:40.858Z], details[node_left[4yqY1j8FTECj9n-FDXWCww]]]
--------[test][0], node[null], [R], v[4], s[UNASSIGNED], unassigned_info[[reason=NODE_LEFT], at[2016-03-29T21:32:40.866Z], details[node_left[cH4Pg-Z1Q3WtjSpkLJVcMQ]]]

[2016-03-29 17:32:40,876][DEBUG][org.elasticsearch.cluster.service] [node_t0] publishing cluster state version [15]
[2016-03-29 17:32:40,876][TRACE][org.elasticsearch.cluster.service] [node_t3] will process [local-disco-receive(from master)]
[2016-03-29 17:32:40,876][TRACE][org.elasticsearch.cluster.service] [node_t4] will process [local-disco-receive(from master)]
[2016-03-29 17:32:40,876][DEBUG][org.elasticsearch.cluster.service] [node_t3] processing [local-disco-receive(from master)]: execute
[2016-03-29 17:32:40,876][DEBUG][org.elasticsearch.cluster.service] [node_t4] processing [local-disco-receive(from master)]: execute
[2016-03-29 17:32:40,876][TRACE][org.elasticsearch.cluster.service] [node_t3] cluster state updated, source [local-disco-receive(from master)]
version: 15
state uuid: u_Kvq94qRJ-R5Aiz2EXc6A
from_diff: false
meta data version: 10
nodes: 
   {node_t0}{UfUp16d-QkC9d6GYxK1FHQ}{local}{local[276]}[master=>true, data=>false, mode=>local], master
   {node_t4}{spvrvP6iSO23D1MkjNetVA}{local}{local[280]}[master=>false, mode=>local]
   {node_t3}{chEL1cVxSiqyVnMoAxPsYQ}{local}{local[279]}[master=>false, mode=>local], local
routing_table (version 8):
-- index [test]
----shard_id [test][0]
--------[test][0], node[chEL1cVxSiqyVnMoAxPsYQ], [P], v[4], s[STARTED], a[id=eyErMgKOTYiWY8-mz-5ybg]
--------[test][0], node[null], [R], v[4], s[UNASSIGNED], unassigned_info[[reason=NODE_LEFT], at[2016-03-29T21:32:40.866Z], details[node_left[cH4Pg-Z1Q3WtjSpkLJVcMQ]]]
----shard_id [test][1]
--------[test][1], node[null], [P], v[5], s[UNASSIGNED], unassigned_info[[reason=NODE_LEFT], at[2016-03-29T21:32:40.866Z], details[node_left[cH4Pg-Z1Q3WtjSpkLJVcMQ]]]
--------[test][1], node[null], [R], v[5], s[UNASSIGNED], unassigned_info[[reason=NODE_LEFT], at[2016-03-29T21:32:40.858Z], details[node_left[4yqY1j8FTECj9n-FDXWCww]]]
----shard_id [test][2]
--------[test][2], node[chEL1cVxSiqyVnMoAxPsYQ], [P], v[5], s[STARTED], a[id=sLgGe6JPRTaT96A_3Jb1uA]
--------[test][2], node[null], [R], v[5], s[UNASSIGNED], unassigned_info[[reason=NODE_LEFT], at[2016-03-29T21:32:40.858Z], details[node_left[4yqY1j8FTECj9n-FDXWCww]]]

routing_nodes:
-----node_id[chEL1cVxSiqyVnMoAxPsYQ][V]
--------[test][2], node[chEL1cVxSiqyVnMoAxPsYQ], [P], v[5], s[STARTED], a[id=sLgGe6JPRTaT96A_3Jb1uA]
--------[test][0], node[chEL1cVxSiqyVnMoAxPsYQ], [P], v[4], s[STARTED], a[id=eyErMgKOTYiWY8-mz-5ybg]
-----node_id[spvrvP6iSO23D1MkjNetVA][V]
---- unassigned
--------[test][2], node[null], [R], v[5], s[UNASSIGNED], unassigned_info[[reason=NODE_LEFT], at[2016-03-29T21:32:40.858Z], details[node_left[4yqY1j8FTECj9n-FDXWCww]]]
--------[test][1], node[null], [P], v[5], s[UNASSIGNED], unassigned_info[[reason=NODE_LEFT], at[2016-03-29T21:32:40.866Z], details[node_left[cH4Pg-Z1Q3WtjSpkLJVcMQ]]]
--------[test][1], node[null], [R], v[5], s[UNASSIGNED], unassigned_info[[reason=NODE_LEFT], at[2016-03-29T21:32:40.858Z], details[node_left[4yqY1j8FTECj9n-FDXWCww]]]
--------[test][0], node[null], [R], v[4], s[UNASSIGNED], unassigned_info[[reason=NODE_LEFT], at[2016-03-29T21:32:40.866Z], details[node_left[cH4Pg-Z1Q3WtjSpkLJVcMQ]]]

[2016-03-29 17:32:40,876][TRACE][org.elasticsearch.cluster.service] [node_t4] cluster state updated, source [local-disco-receive(from master)]
version: 15
state uuid: u_Kvq94qRJ-R5Aiz2EXc6A
from_diff: false
meta data version: 10
nodes: 
   {node_t0}{UfUp16d-QkC9d6GYxK1FHQ}{local}{local[276]}[data=>false, master=>true, mode=>local], master
   {node_t4}{spvrvP6iSO23D1MkjNetVA}{local}{local[280]}[master=>false, mode=>local], local
   {node_t3}{chEL1cVxSiqyVnMoAxPsYQ}{local}{local[279]}[master=>false, mode=>local]
routing_table (version 8):
-- index [test]
----shard_id [test][0]
--------[test][0], node[chEL1cVxSiqyVnMoAxPsYQ], [P], v[4], s[STARTED], a[id=eyErMgKOTYiWY8-mz-5ybg]
--------[test][0], node[null], [R], v[4], s[UNASSIGNED], unassigned_info[[reason=NODE_LEFT], at[2016-03-29T21:32:40.866Z], details[node_left[cH4Pg-Z1Q3WtjSpkLJVcMQ]]]
----shard_id [test][1]
--------[test][1], node[null], [P], v[5], s[UNASSIGNED], unassigned_info[[reason=NODE_LEFT], at[2016-03-29T21:32:40.866Z], details[node_left[cH4Pg-Z1Q3WtjSpkLJVcMQ]]]
--------[test][1], node[null], [R], v[5], s[UNASSIGNED], unassigned_info[[reason=NODE_LEFT], at[2016-03-29T21:32:40.858Z], details[node_left[4yqY1j8FTECj9n-FDXWCww]]]
----shard_id [test][2]
--------[test][2], node[chEL1cVxSiqyVnMoAxPsYQ], [P], v[5], s[STARTED], a[id=sLgGe6JPRTaT96A_3Jb1uA]
--------[test][2], node[null], [R], v[5], s[UNASSIGNED], unassigned_info[[reason=NODE_LEFT], at[2016-03-29T21:32:40.858Z], details[node_left[4yqY1j8FTECj9n-FDXWCww]]]

routing_nodes:
-----node_id[chEL1cVxSiqyVnMoAxPsYQ][V]
--------[test][2], node[chEL1cVxSiqyVnMoAxPsYQ], [P], v[5], s[STARTED], a[id=sLgGe6JPRTaT96A_3Jb1uA]
--------[test][0], node[chEL1cVxSiqyVnMoAxPsYQ], [P], v[4], s[STARTED], a[id=eyErMgKOTYiWY8-mz-5ybg]
-----node_id[spvrvP6iSO23D1MkjNetVA][V]
---- unassigned
--------[test][2], node[null], [R], v[5], s[UNASSIGNED], unassigned_info[[reason=NODE_LEFT], at[2016-03-29T21:32:40.858Z], details[node_left[4yqY1j8FTECj9n-FDXWCww]]]
--------[test][1], node[null], [P], v[5], s[UNASSIGNED], unassigned_info[[reason=NODE_LEFT], at[2016-03-29T21:32:40.866Z], details[node_left[cH4Pg-Z1Q3WtjSpkLJVcMQ]]]
--------[test][1], node[null], [R], v[5], s[UNASSIGNED], unassigned_info[[reason=NODE_LEFT], at[2016-03-29T21:32:40.858Z], details[node_left[4yqY1j8FTECj9n-FDXWCww]]]
--------[test][0], node[null], [R], v[4], s[UNASSIGNED], unassigned_info[[reason=NODE_LEFT], at[2016-03-29T21:32:40.866Z], details[node_left[cH4Pg-Z1Q3WtjSpkLJVcMQ]]]

[2016-03-29 17:32:40,877][DEBUG][org.elasticsearch.cluster.service] [node_t3] set local cluster state to version 15
[2016-03-29 17:32:40,877][DEBUG][org.elasticsearch.cluster.service] [node_t4] set local cluster state to version 15
[2016-03-29 17:32:40,877][TRACE][org.elasticsearch.cluster.service] ack received from node [{node_t4}{spvrvP6iSO23D1MkjNetVA}{local}{local[280]}[master=>false, mode=>local]], cluster_state update (version: 15)
[2016-03-29 17:32:40,877][DEBUG][org.elasticsearch.cluster.service] [node_t4] processing [local-disco-receive(from master)]: took 0s done applying updated cluster_state (version: 15, uuid: u_Kvq94qRJ-R5Aiz2EXc6A)
[2016-03-29 17:32:40,877][TRACE][org.elasticsearch.cluster.service] ack received from node [{node_t3}{chEL1cVxSiqyVnMoAxPsYQ}{local}{local[279]}[master=>false, mode=>local]], cluster_state update (version: 15)
[2016-03-29 17:32:40,877][DEBUG][org.elasticsearch.cluster.service] [node_t0] set local cluster state to version 15
[2016-03-29 17:32:40,877][DEBUG][org.elasticsearch.cluster.service] [node_t3] processing [local-disco-receive(from master)]: took 0s done applying updated cluster_state (version: 15, uuid: u_Kvq94qRJ-R5Aiz2EXc6A)
[2016-03-29 17:32:40,878][TRACE][org.elasticsearch.cluster.service] ack received from node [{node_t0}{UfUp16d-QkC9d6GYxK1FHQ}{local}{local[276]}[master=>true, data=>false, mode=>local]], cluster_state update (version: 15)
[2016-03-29 17:32:40,878][TRACE][org.elasticsearch.cluster.service] all expected nodes acknowledged cluster_state update (version: 15)
[2016-03-29 17:32:40,878][DEBUG][org.elasticsearch.cluster.service] [node_t0] processing [cluster_update_settings]: took 1ms done applying updated cluster_state (version: 15, uuid: u_Kvq94qRJ-R5Aiz2EXc6A)
[2016-03-29 17:32:40,878][TRACE][org.elasticsearch.cluster.service] [node_t0] will process [reroute_after_cluster_update_settings]
[2016-03-29 17:32:40,878][DEBUG][org.elasticsearch.cluster.service] [node_t0] processing [reroute_after_cluster_update_settings]: execute
[2016-03-29 17:32:40,878][DEBUG][org.elasticsearch.cluster.service] [node_t0] processing [reroute_after_cluster_update_settings]: took 0s no change in cluster_state
[2016-03-29 17:32:40,879][TRACE][org.elasticsearch.cluster.service] [node_t0] will process [cluster_reroute(async_shard_fetch)]
[2016-03-29 17:32:40,879][DEBUG][org.elasticsearch.cluster.service] [node_t0] processing [cluster_reroute(async_shard_fetch)]: execute
[2016-03-29 17:32:40,880][TRACE][org.elasticsearch.cluster.service] [node_t0] cluster state updated, source [cluster_reroute(async_shard_fetch)]
version: 16
state uuid: ZePl6GdDRXmsU3iGBmAVhQ
from_diff: false
meta data version: 10
nodes: 
   {node_t0}{UfUp16d-QkC9d6GYxK1FHQ}{local}{local[276]}[master=>true, data=>false, mode=>local], local, master
   {node_t4}{spvrvP6iSO23D1MkjNetVA}{local}{local[280]}[master=>false, mode=>local]
   {node_t3}{chEL1cVxSiqyVnMoAxPsYQ}{local}{local[279]}[master=>false, mode=>local]
routing_table (version 9):
-- index [test]
----shard_id [test][0]
--------[test][0], node[chEL1cVxSiqyVnMoAxPsYQ], [P], v[5], s[STARTED], a[id=eyErMgKOTYiWY8-mz-5ybg]
--------[test][0], node[spvrvP6iSO23D1MkjNetVA], [R], v[5], s[INITIALIZING], a[id=pz3KsSXbSku8tTIWCQ5Nww], unassigned_info[[reason=NODE_LEFT], at[2016-03-29T21:32:40.866Z], details[node_left[cH4Pg-Z1Q3WtjSpkLJVcMQ]]]
----shard_id [test][1]
--------[test][1], node[null], [P], v[5], s[UNASSIGNED], unassigned_info[[reason=NODE_LEFT], at[2016-03-29T21:32:40.866Z], details[node_left[cH4Pg-Z1Q3WtjSpkLJVcMQ]]]
--------[test][1], node[null], [R], v[5], s[UNASSIGNED], unassigned_info[[reason=NODE_LEFT], at[2016-03-29T21:32:40.858Z], details[node_left[4yqY1j8FTECj9n-FDXWCww]]]
----shard_id [test][2]
--------[test][2], node[chEL1cVxSiqyVnMoAxPsYQ], [P], v[6], s[STARTED], a[id=sLgGe6JPRTaT96A_3Jb1uA]
--------[test][2], node[spvrvP6iSO23D1MkjNetVA], [R], v[6], s[INITIALIZING], a[id=rAf2AB54QseOzT21dcNVWg], unassigned_info[[reason=NODE_LEFT], at[2016-03-29T21:32:40.858Z], details[node_left[4yqY1j8FTECj9n-FDXWCww]]]

routing_nodes:
-----node_id[chEL1cVxSiqyVnMoAxPsYQ][V]
--------[test][2], node[chEL1cVxSiqyVnMoAxPsYQ], [P], v[6], s[STARTED], a[id=sLgGe6JPRTaT96A_3Jb1uA]
--------[test][0], node[chEL1cVxSiqyVnMoAxPsYQ], [P], v[5], s[STARTED], a[id=eyErMgKOTYiWY8-mz-5ybg]
-----node_id[spvrvP6iSO23D1MkjNetVA][V]
--------[test][2], node[spvrvP6iSO23D1MkjNetVA], [R], v[6], s[INITIALIZING], a[id=rAf2AB54QseOzT21dcNVWg], unassigned_info[[reason=NODE_LEFT], at[2016-03-29T21:32:40.858Z], details[node_left[4yqY1j8FTECj9n-FDXWCww]]]
--------[test][0], node[spvrvP6iSO23D1MkjNetVA], [R], v[5], s[INITIALIZING], a[id=pz3KsSXbSku8tTIWCQ5Nww], unassigned_info[[reason=NODE_LEFT], at[2016-03-29T21:32:40.866Z], details[node_left[cH4Pg-Z1Q3WtjSpkLJVcMQ]]]
---- unassigned
--------[test][1], node[null], [P], v[5], s[UNASSIGNED], unassigned_info[[reason=NODE_LEFT], at[2016-03-29T21:32:40.866Z], details[node_left[cH4Pg-Z1Q3WtjSpkLJVcMQ]]]
--------[test][1], node[null], [R], v[5], s[UNASSIGNED], unassigned_info[[reason=NODE_LEFT], at[2016-03-29T21:32:40.858Z], details[node_left[4yqY1j8FTECj9n-FDXWCww]]]

[2016-03-29 17:32:40,880][DEBUG][org.elasticsearch.cluster.service] [node_t0] publishing cluster state version [16]
[2016-03-29 17:32:40,880][TRACE][org.elasticsearch.cluster.service] [node_t3] will process [local-disco-receive(from master)]
[2016-03-29 17:32:40,880][DEBUG][org.elasticsearch.cluster.service] [node_t3] processing [local-disco-receive(from master)]: execute
[2016-03-29 17:32:40,880][TRACE][org.elasticsearch.cluster.service] [node_t4] will process [local-disco-receive(from master)]
[2016-03-29 17:32:40,880][DEBUG][org.elasticsearch.cluster.service] [node_t4] processing [local-disco-receive(from master)]: execute
[2016-03-29 17:32:40,880][TRACE][org.elasticsearch.cluster.service] [node_t3] cluster state updated, source [local-disco-receive(from master)]
version: 16
state uuid: ZePl6GdDRXmsU3iGBmAVhQ
from_diff: false
meta data version: 10
nodes: 
   {node_t0}{UfUp16d-QkC9d6GYxK1FHQ}{local}{local[276]}[master=>true, data=>false, mode=>local], master
   {node_t4}{spvrvP6iSO23D1MkjNetVA}{local}{local[280]}[master=>false, mode=>local]
   {node_t3}{chEL1cVxSiqyVnMoAxPsYQ}{local}{local[279]}[master=>false, mode=>local], local
routing_table (version 9):
-- index [test]
----shard_id [test][0]
--------[test][0], node[chEL1cVxSiqyVnMoAxPsYQ], [P], v[5], s[STARTED], a[id=eyErMgKOTYiWY8-mz-5ybg]
--------[test][0], node[spvrvP6iSO23D1MkjNetVA], [R], v[5], s[INITIALIZING], a[id=pz3KsSXbSku8tTIWCQ5Nww], unassigned_info[[reason=NODE_LEFT], at[2016-03-29T21:32:40.866Z], details[node_left[cH4Pg-Z1Q3WtjSpkLJVcMQ]]]
----shard_id [test][1]
--------[test][1], node[null], [P], v[5], s[UNASSIGNED], unassigned_info[[reason=NODE_LEFT], at[2016-03-29T21:32:40.866Z], details[node_left[cH4Pg-Z1Q3WtjSpkLJVcMQ]]]
--------[test][1], node[null], [R], v[5], s[UNASSIGNED], unassigned_info[[reason=NODE_LEFT], at[2016-03-29T21:32:40.858Z], details[node_left[4yqY1j8FTECj9n-FDXWCww]]]
----shard_id [test][2]
--------[test][2], node[chEL1cVxSiqyVnMoAxPsYQ], [P], v[6], s[STARTED], a[id=sLgGe6JPRTaT96A_3Jb1uA]
--------[test][2], node[spvrvP6iSO23D1MkjNetVA], [R], v[6], s[INITIALIZING], a[id=rAf2AB54QseOzT21dcNVWg], unassigned_info[[reason=NODE_LEFT], at[2016-03-29T21:32:40.858Z], details[node_left[4yqY1j8FTECj9n-FDXWCww]]]

routing_nodes:
-----node_id[chEL1cVxSiqyVnMoAxPsYQ][V]
--------[test][2], node[chEL1cVxSiqyVnMoAxPsYQ], [P], v[6], s[STARTED], a[id=sLgGe6JPRTaT96A_3Jb1uA]
--------[test][0], node[chEL1cVxSiqyVnMoAxPsYQ], [P], v[5], s[STARTED], a[id=eyErMgKOTYiWY8-mz-5ybg]
-----node_id[spvrvP6iSO23D1MkjNetVA][V]
--------[test][2], node[spvrvP6iSO23D1MkjNetVA], [R], v[6], s[INITIALIZING], a[id=rAf2AB54QseOzT21dcNVWg], unassigned_info[[reason=NODE_LEFT], at[2016-03-29T21:32:40.858Z], details[node_left[4yqY1j8FTECj9n-FDXWCww]]]
--------[test][0], node[spvrvP6iSO23D1MkjNetVA], [R], v[5], s[INITIALIZING], a[id=pz3KsSXbSku8tTIWCQ5Nww], unassigned_info[[reason=NODE_LEFT], at[2016-03-29T21:32:40.866Z], details[node_left[cH4Pg-Z1Q3WtjSpkLJVcMQ]]]
---- unassigned
--------[test][1], node[null], [P], v[5], s[UNASSIGNED], unassigned_info[[reason=NODE_LEFT], at[2016-03-29T21:32:40.866Z], details[node_left[cH4Pg-Z1Q3WtjSpkLJVcMQ]]]
--------[test][1], node[null], [R], v[5], s[UNASSIGNED], unassigned_info[[reason=NODE_LEFT], at[2016-03-29T21:32:40.858Z], details[node_left[4yqY1j8FTECj9n-FDXWCww]]]

[2016-03-29 17:32:40,880][TRACE][org.elasticsearch.cluster.service] [node_t4] cluster state updated, source [local-disco-receive(from master)]
version: 16
state uuid: ZePl6GdDRXmsU3iGBmAVhQ
from_diff: false
meta data version: 10
nodes: 
   {node_t0}{UfUp16d-QkC9d6GYxK1FHQ}{local}{local[276]}[data=>false, master=>true, mode=>local], master
   {node_t4}{spvrvP6iSO23D1MkjNetVA}{local}{local[280]}[master=>false, mode=>local], local
   {node_t3}{chEL1cVxSiqyVnMoAxPsYQ}{local}{local[279]}[master=>false, mode=>local]
routing_table (version 9):
-- index [test]
----shard_id [test][0]
--------[test][0], node[chEL1cVxSiqyVnMoAxPsYQ], [P], v[5], s[STARTED], a[id=eyErMgKOTYiWY8-mz-5ybg]
--------[test][0], node[spvrvP6iSO23D1MkjNetVA], [R], v[5], s[INITIALIZING], a[id=pz3KsSXbSku8tTIWCQ5Nww], unassigned_info[[reason=NODE_LEFT], at[2016-03-29T21:32:40.866Z], details[node_left[cH4Pg-Z1Q3WtjSpkLJVcMQ]]]
----shard_id [test][1]
--------[test][1], node[null], [P], v[5], s[UNASSIGNED], unassigned_info[[reason=NODE_LEFT], at[2016-03-29T21:32:40.866Z], details[node_left[cH4Pg-Z1Q3WtjSpkLJVcMQ]]]
--------[test][1], node[null], [R], v[5], s[UNASSIGNED], unassigned_info[[reason=NODE_LEFT], at[2016-03-29T21:32:40.858Z], details[node_left[4yqY1j8FTECj9n-FDXWCww]]]
----shard_id [test][2]
--------[test][2], node[chEL1cVxSiqyVnMoAxPsYQ], [P], v[6], s[STARTED], a[id=sLgGe6JPRTaT96A_3Jb1uA]
--------[test][2], node[spvrvP6iSO23D1MkjNetVA], [R], v[6], s[INITIALIZING], a[id=rAf2AB54QseOzT21dcNVWg], unassigned_info[[reason=NODE_LEFT], at[2016-03-29T21:32:40.858Z], details[node_left[4yqY1j8FTECj9n-FDXWCww]]]

routing_nodes:
-----node_id[chEL1cVxSiqyVnMoAxPsYQ][V]
--------[test][2], node[chEL1cVxSiqyVnMoAxPsYQ], [P], v[6], s[STARTED], a[id=sLgGe6JPRTaT96A_3Jb1uA]
--------[test][0], node[chEL1cVxSiqyVnMoAxPsYQ], [P], v[5], s[STARTED], a[id=eyErMgKOTYiWY8-mz-5ybg]
-----node_id[spvrvP6iSO23D1MkjNetVA][V]
--------[test][2], node[spvrvP6iSO23D1MkjNetVA], [R], v[6], s[INITIALIZING], a[id=rAf2AB54QseOzT21dcNVWg], unassigned_info[[reason=NODE_LEFT], at[2016-03-29T21:32:40.858Z], details[node_left[4yqY1j8FTECj9n-FDXWCww]]]
--------[test][0], node[spvrvP6iSO23D1MkjNetVA], [R], v[5], s[INITIALIZING], a[id=pz3KsSXbSku8tTIWCQ5Nww], unassigned_info[[reason=NODE_LEFT], at[2016-03-29T21:32:40.866Z], details[node_left[cH4Pg-Z1Q3WtjSpkLJVcMQ]]]
---- unassigned
--------[test][1], node[null], [P], v[5], s[UNASSIGNED], unassigned_info[[reason=NODE_LEFT], at[2016-03-29T21:32:40.866Z], details[node_left[cH4Pg-Z1Q3WtjSpkLJVcMQ]]]
--------[test][1], node[null], [R], v[5], s[UNASSIGNED], unassigned_info[[reason=NODE_LEFT], at[2016-03-29T21:32:40.858Z], details[node_left[4yqY1j8FTECj9n-FDXWCww]]]

[2016-03-29 17:32:40,880][DEBUG][org.elasticsearch.cluster.service] [node_t3] set local cluster state to version 16
[2016-03-29 17:32:40,881][DEBUG][org.elasticsearch.cluster.service] [node_t4] set local cluster state to version 16
[2016-03-29 17:32:40,883][DEBUG][org.elasticsearch.cluster.service] [node_t3] processing [local-disco-receive(from master)]: took 3ms done applying updated cluster_state (version: 16, uuid: ZePl6GdDRXmsU3iGBmAVhQ)
[2016-03-29 17:32:40,885][DEBUG][org.elasticsearch.cluster.service] [node_t4] processing [local-disco-receive(from master)]: took 5ms done applying updated cluster_state (version: 16, uuid: ZePl6GdDRXmsU3iGBmAVhQ)
[2016-03-29 17:32:40,885][DEBUG][org.elasticsearch.cluster.service] [node_t0] set local cluster state to version 16
[2016-03-29 17:32:40,886][DEBUG][org.elasticsearch.cluster.service] [node_t0] processing [cluster_reroute(async_shard_fetch)]: took 6ms done applying updated cluster_state (version: 16, uuid: ZePl6GdDRXmsU3iGBmAVhQ)
[2016-03-29 17:32:40,891][TRACE][org.elasticsearch.cluster.service] [node_t0] will process [shard-started ([test][2], node[spvrvP6iSO23D1MkjNetVA], [R], v[6], s[INITIALIZING], a[id=rAf2AB54QseOzT21dcNVWg], unassigned_info[[reason=NODE_LEFT], at[2016-03-29T21:32:40.858Z], details[node_left[4yqY1j8FTECj9n-FDXWCww]]]), reason [after recovery (replica) from node [{node_t3}{chEL1cVxSiqyVnMoAxPsYQ}{local}{local[279]}[master=>false, mode=>local]]]]
[2016-03-29 17:32:40,891][DEBUG][org.elasticsearch.cluster.service] [node_t0] processing [shard-started ([test][2], node[spvrvP6iSO23D1MkjNetVA], [R], v[6], s[INITIALIZING], a[id=rAf2AB54QseOzT21dcNVWg], unassigned_info[[reason=NODE_LEFT], at[2016-03-29T21:32:40.858Z], details[node_left[4yqY1j8FTECj9n-FDXWCww]]]), reason [after recovery (replica) from node [{node_t3}{chEL1cVxSiqyVnMoAxPsYQ}{local}{local[279]}[master=>false, mode=>local]]]]: execute
[2016-03-29 17:32:40,891][TRACE][org.elasticsearch.cluster.service] [node_t0] cluster state updated, source [shard-started ([test][2], node[spvrvP6iSO23D1MkjNetVA], [R], v[6], s[INITIALIZING], a[id=rAf2AB54QseOzT21dcNVWg], unassigned_info[[reason=NODE_LEFT], at[2016-03-29T21:32:40.858Z], details[node_left[4yqY1j8FTECj9n-FDXWCww]]]), reason [after recovery (replica) from node [{node_t3}{chEL1cVxSiqyVnMoAxPsYQ}{local}{local[279]}[master=>false, mode=>local]]]]
version: 17
state uuid: Jwqee2WWSISatOVbiTuACw
from_diff: false
meta data version: 11
nodes: 
   {node_t0}{UfUp16d-QkC9d6GYxK1FHQ}{local}{local[276]}[master=>true, data=>false, mode=>local], local, master
   {node_t4}{spvrvP6iSO23D1MkjNetVA}{local}{local[280]}[master=>false, mode=>local]
   {node_t3}{chEL1cVxSiqyVnMoAxPsYQ}{local}{local[279]}[master=>false, mode=>local]
routing_table (version 10):
-- index [test]
----shard_id [test][0]
--------[test][0], node[chEL1cVxSiqyVnMoAxPsYQ], [P], v[5], s[STARTED], a[id=eyErMgKOTYiWY8-mz-5ybg]
--------[test][0], node[spvrvP6iSO23D1MkjNetVA], [R], v[5], s[INITIALIZING], a[id=pz3KsSXbSku8tTIWCQ5Nww], unassigned_info[[reason=NODE_LEFT], at[2016-03-29T21:32:40.866Z], details[node_left[cH4Pg-Z1Q3WtjSpkLJVcMQ]]]
----shard_id [test][1]
--------[test][1], node[null], [P], v[5], s[UNASSIGNED], unassigned_info[[reason=NODE_LEFT], at[2016-03-29T21:32:40.866Z], details[node_left[cH4Pg-Z1Q3WtjSpkLJVcMQ]]]
--------[test][1], node[null], [R], v[5], s[UNASSIGNED], unassigned_info[[reason=NODE_LEFT], at[2016-03-29T21:32:40.858Z], details[node_left[4yqY1j8FTECj9n-FDXWCww]]]
----shard_id [test][2]
--------[test][2], node[chEL1cVxSiqyVnMoAxPsYQ], [P], v[7], s[STARTED], a[id=sLgGe6JPRTaT96A_3Jb1uA]
--------[test][2], node[spvrvP6iSO23D1MkjNetVA], [R], v[7], s[STARTED], a[id=rAf2AB54QseOzT21dcNVWg]

routing_nodes:
-----node_id[chEL1cVxSiqyVnMoAxPsYQ][V]
--------[test][2], node[chEL1cVxSiqyVnMoAxPsYQ], [P], v[7], s[STARTED], a[id=sLgGe6JPRTaT96A_3Jb1uA]
--------[test][0], node[chEL1cVxSiqyVnMoAxPsYQ], [P], v[5], s[STARTED], a[id=eyErMgKOTYiWY8-mz-5ybg]
-----node_id[spvrvP6iSO23D1MkjNetVA][V]
--------[test][2], node[spvrvP6iSO23D1MkjNetVA], [R], v[7], s[STARTED], a[id=rAf2AB54QseOzT21dcNVWg]
--------[test][0], node[spvrvP6iSO23D1MkjNetVA], [R], v[5], s[INITIALIZING], a[id=pz3KsSXbSku8tTIWCQ5Nww], unassigned_info[[reason=NODE_LEFT], at[2016-03-29T21:32:40.866Z], details[node_left[cH4Pg-Z1Q3WtjSpkLJVcMQ]]]
---- unassigned
--------[test][1], node[null], [P], v[5], s[UNASSIGNED], unassigned_info[[reason=NODE_LEFT], at[2016-03-29T21:32:40.866Z], details[node_left[cH4Pg-Z1Q3WtjSpkLJVcMQ]]]
--------[test][1], node[null], [R], v[5], s[UNASSIGNED], unassigned_info[[reason=NODE_LEFT], at[2016-03-29T21:32:40.858Z], details[node_left[4yqY1j8FTECj9n-FDXWCww]]]

[2016-03-29 17:32:40,892][DEBUG][org.elasticsearch.cluster.service] [node_t0] publishing cluster state version [17]
[2016-03-29 17:32:40,892][TRACE][org.elasticsearch.cluster.service] [node_t3] will process [local-disco-receive(from master)]
[2016-03-29 17:32:40,892][DEBUG][org.elasticsearch.cluster.service] [node_t3] processing [local-disco-receive(from master)]: execute
[2016-03-29 17:32:40,892][TRACE][org.elasticsearch.cluster.service] [node_t4] will process [local-disco-receive(from master)]
[2016-03-29 17:32:40,892][DEBUG][org.elasticsearch.cluster.service] [node_t4] processing [local-disco-receive(from master)]: execute
[2016-03-29 17:32:40,892][TRACE][org.elasticsearch.cluster.service] [node_t4] cluster state updated, source [local-disco-receive(from master)]
version: 17
state uuid: Jwqee2WWSISatOVbiTuACw
from_diff: false
meta data version: 11
nodes: 
   {node_t0}{UfUp16d-QkC9d6GYxK1FHQ}{local}{local[276]}[data=>false, master=>true, mode=>local], master
   {node_t4}{spvrvP6iSO23D1MkjNetVA}{local}{local[280]}[master=>false, mode=>local], local
   {node_t3}{chEL1cVxSiqyVnMoAxPsYQ}{local}{local[279]}[master=>false, mode=>local]
routing_table (version 10):
-- index [test]
----shard_id [test][0]
--------[test][0], node[chEL1cVxSiqyVnMoAxPsYQ], [P], v[5], s[STARTED], a[id=eyErMgKOTYiWY8-mz-5ybg]
--------[test][0], node[spvrvP6iSO23D1MkjNetVA], [R], v[5], s[INITIALIZING], a[id=pz3KsSXbSku8tTIWCQ5Nww], unassigned_info[[reason=NODE_LEFT], at[2016-03-29T21:32:40.866Z], details[node_left[cH4Pg-Z1Q3WtjSpkLJVcMQ]]]
----shard_id [test][1]
--------[test][1], node[null], [P], v[5], s[UNASSIGNED], unassigned_info[[reason=NODE_LEFT], at[2016-03-29T21:32:40.866Z], details[node_left[cH4Pg-Z1Q3WtjSpkLJVcMQ]]]
--------[test][1], node[null], [R], v[5], s[UNASSIGNED], unassigned_info[[reason=NODE_LEFT], at[2016-03-29T21:32:40.858Z], details[node_left[4yqY1j8FTECj9n-FDXWCww]]]
----shard_id [test][2]
--------[test][2], node[chEL1cVxSiqyVnMoAxPsYQ], [P], v[7], s[STARTED], a[id=sLgGe6JPRTaT96A_3Jb1uA]
--------[test][2], node[spvrvP6iSO23D1MkjNetVA], [R], v[7], s[STARTED], a[id=rAf2AB54QseOzT21dcNVWg]

routing_nodes:
-----node_id[chEL1cVxSiqyVnMoAxPsYQ][V]
--------[test][2], node[chEL1cVxSiqyVnMoAxPsYQ], [P], v[7], s[STARTED], a[id=sLgGe6JPRTaT96A_3Jb1uA]
--------[test][0], node[chEL1cVxSiqyVnMoAxPsYQ], [P], v[5], s[STARTED], a[id=eyErMgKOTYiWY8-mz-5ybg]
-----node_id[spvrvP6iSO23D1MkjNetVA][V]
--------[test][2], node[spvrvP6iSO23D1MkjNetVA], [R], v[7], s[STARTED], a[id=rAf2AB54QseOzT21dcNVWg]
--------[test][0], node[spvrvP6iSO23D1MkjNetVA], [R], v[5], s[INITIALIZING], a[id=pz3KsSXbSku8tTIWCQ5Nww], unassigned_info[[reason=NODE_LEFT], at[2016-03-29T21:32:40.866Z], details[node_left[cH4Pg-Z1Q3WtjSpkLJVcMQ]]]
---- unassigned
--------[test][1], node[null], [P], v[5], s[UNASSIGNED], unassigned_info[[reason=NODE_LEFT], at[2016-03-29T21:32:40.866Z], details[node_left[cH4Pg-Z1Q3WtjSpkLJVcMQ]]]
--------[test][1], node[null], [R], v[5], s[UNASSIGNED], unassigned_info[[reason=NODE_LEFT], at[2016-03-29T21:32:40.858Z], details[node_left[4yqY1j8FTECj9n-FDXWCww]]]

[2016-03-29 17:32:40,892][TRACE][org.elasticsearch.cluster.service] [node_t3] cluster state updated, source [local-disco-receive(from master)]
version: 17
state uuid: Jwqee2WWSISatOVbiTuACw
from_diff: false
meta data version: 11
nodes: 
   {node_t0}{UfUp16d-QkC9d6GYxK1FHQ}{local}{local[276]}[master=>true, data=>false, mode=>local], master
   {node_t4}{spvrvP6iSO23D1MkjNetVA}{local}{local[280]}[master=>false, mode=>local]
   {node_t3}{chEL1cVxSiqyVnMoAxPsYQ}{local}{local[279]}[master=>false, mode=>local], local
routing_table (version 10):
-- index [test]
----shard_id [test][0]
--------[test][0], node[chEL1cVxSiqyVnMoAxPsYQ], [P], v[5], s[STARTED], a[id=eyErMgKOTYiWY8-mz-5ybg]
--------[test][0], node[spvrvP6iSO23D1MkjNetVA], [R], v[5], s[INITIALIZING], a[id=pz3KsSXbSku8tTIWCQ5Nww], unassigned_info[[reason=NODE_LEFT], at[2016-03-29T21:32:40.866Z], details[node_left[cH4Pg-Z1Q3WtjSpkLJVcMQ]]]
----shard_id [test][1]
--------[test][1], node[null], [P], v[5], s[UNASSIGNED], unassigned_info[[reason=NODE_LEFT], at[2016-03-29T21:32:40.866Z], details[node_left[cH4Pg-Z1Q3WtjSpkLJVcMQ]]]
--------[test][1], node[null], [R], v[5], s[UNASSIGNED], unassigned_info[[reason=NODE_LEFT], at[2016-03-29T21:32:40.858Z], details[node_left[4yqY1j8FTECj9n-FDXWCww]]]
----shard_id [test][2]
--------[test][2], node[chEL1cVxSiqyVnMoAxPsYQ], [P], v[7], s[STARTED], a[id=sLgGe6JPRTaT96A_3Jb1uA]
--------[test][2], node[spvrvP6iSO23D1MkjNetVA], [R], v[7], s[STARTED], a[id=rAf2AB54QseOzT21dcNVWg]

routing_nodes:
-----node_id[chEL1cVxSiqyVnMoAxPsYQ][V]
--------[test][2], node[chEL1cVxSiqyVnMoAxPsYQ], [P], v[7], s[STARTED], a[id=sLgGe6JPRTaT96A_3Jb1uA]
--------[test][0], node[chEL1cVxSiqyVnMoAxPsYQ], [P], v[5], s[STARTED], a[id=eyErMgKOTYiWY8-mz-5ybg]
-----node_id[spvrvP6iSO23D1MkjNetVA][V]
--------[test][2], node[spvrvP6iSO23D1MkjNetVA], [R], v[7], s[STARTED], a[id=rAf2AB54QseOzT21dcNVWg]
--------[test][0], node[spvrvP6iSO23D1MkjNetVA], [R], v[5], s[INITIALIZING], a[id=pz3KsSXbSku8tTIWCQ5Nww], unassigned_info[[reason=NODE_LEFT], at[2016-03-29T21:32:40.866Z], details[node_left[cH4Pg-Z1Q3WtjSpkLJVcMQ]]]
---- unassigned
--------[test][1], node[null], [P], v[5], s[UNASSIGNED], unassigned_info[[reason=NODE_LEFT], at[2016-03-29T21:32:40.866Z], details[node_left[cH4Pg-Z1Q3WtjSpkLJVcMQ]]]
--------[test][1], node[null], [R], v[5], s[UNASSIGNED], unassigned_info[[reason=NODE_LEFT], at[2016-03-29T21:32:40.858Z], details[node_left[4yqY1j8FTECj9n-FDXWCww]]]

[2016-03-29 17:32:40,892][DEBUG][org.elasticsearch.cluster.service] [node_t4] set local cluster state to version 17
[2016-03-29 17:32:40,892][DEBUG][org.elasticsearch.cluster.service] [node_t3] set local cluster state to version 17
[2016-03-29 17:32:40,895][DEBUG][org.elasticsearch.cluster.service] [node_t4] processing [local-disco-receive(from master)]: took 3ms done applying updated cluster_state (version: 17, uuid: Jwqee2WWSISatOVbiTuACw)
[2016-03-29 17:32:40,895][DEBUG][org.elasticsearch.cluster.service] [node_t3] processing [local-disco-receive(from master)]: took 3ms done applying updated cluster_state (version: 17, uuid: Jwqee2WWSISatOVbiTuACw)
[2016-03-29 17:32:40,895][DEBUG][org.elasticsearch.cluster.service] [node_t0] set local cluster state to version 17
[2016-03-29 17:32:40,897][DEBUG][org.elasticsearch.cluster.service] [node_t0] processing [shard-started ([test][2], node[spvrvP6iSO23D1MkjNetVA], [R], v[6], s[INITIALIZING], a[id=rAf2AB54QseOzT21dcNVWg], unassigned_info[[reason=NODE_LEFT], at[2016-03-29T21:32:40.858Z], details[node_left[4yqY1j8FTECj9n-FDXWCww]]]), reason [after recovery (replica) from node [{node_t3}{chEL1cVxSiqyVnMoAxPsYQ}{local}{local[279]}[master=>false, mode=>local]]]]: took 6ms done applying updated cluster_state (version: 17, uuid: Jwqee2WWSISatOVbiTuACw)
[2016-03-29 17:32:40,897][TRACE][org.elasticsearch.cluster.service] [node_t0] will process [shard-started ([test][0], node[spvrvP6iSO23D1MkjNetVA], [R], v[5], s[INITIALIZING], a[id=pz3KsSXbSku8tTIWCQ5Nww], unassigned_info[[reason=NODE_LEFT], at[2016-03-29T21:32:40.866Z], details[node_left[cH4Pg-Z1Q3WtjSpkLJVcMQ]]]), reason [after recovery (replica) from node [{node_t3}{chEL1cVxSiqyVnMoAxPsYQ}{local}{local[279]}[master=>false, mode=>local]]]]
[2016-03-29 17:32:40,897][TRACE][org.elasticsearch.cluster.service] [node_t0] will process [shard-started ([test][0], node[spvrvP6iSO23D1MkjNetVA], [R], v[5], s[INITIALIZING], a[id=pz3KsSXbSku8tTIWCQ5Nww], unassigned_info[[reason=NODE_LEFT], at[2016-03-29T21:32:40.866Z], details[node_left[cH4Pg-Z1Q3WtjSpkLJVcMQ]]]), reason [master {node_t0}{UfUp16d-QkC9d6GYxK1FHQ}{local}{local[276]}[data=>false, master=>true, mode=>local] marked shard as initializing, but shard state is [POST_RECOVERY], mark shard as started]]
[2016-03-29 17:32:40,897][DEBUG][org.elasticsearch.cluster.service] [node_t0] processing [shard-started ([test][0], node[spvrvP6iSO23D1MkjNetVA], [R], v[5], s[INITIALIZING], a[id=pz3KsSXbSku8tTIWCQ5Nww], unassigned_info[[reason=NODE_LEFT], at[2016-03-29T21:32:40.866Z], details[node_left[cH4Pg-Z1Q3WtjSpkLJVcMQ]]]), reason [after recovery (replica) from node [{node_t3}{chEL1cVxSiqyVnMoAxPsYQ}{local}{local[279]}[master=>false, mode=>local]]],shard-started ([test][0], node[spvrvP6iSO23D1MkjNetVA], [R], v[5], s[INITIALIZING], a[id=pz3KsSXbSku8tTIWCQ5Nww], unassigned_info[[reason=NODE_LEFT], at[2016-03-29T21:32:40.866Z], details[node_left[cH4Pg-Z1Q3WtjSpkLJVcMQ]]]), reason [master {node_t0}{UfUp16d-QkC9d6GYxK1FHQ}{local}{local[276]}[data=>false, master=>true, mode=>local] marked shard as initializing, but shard state is [POST_RECOVERY], mark shard as started]]: execute
[2016-03-29 17:32:40,898][TRACE][org.elasticsearch.cluster.service] [node_t0] cluster state updated, source [shard-started ([test][0], node[spvrvP6iSO23D1MkjNetVA], [R], v[5], s[INITIALIZING], a[id=pz3KsSXbSku8tTIWCQ5Nww], unassigned_info[[reason=NODE_LEFT], at[2016-03-29T21:32:40.866Z], details[node_left[cH4Pg-Z1Q3WtjSpkLJVcMQ]]]), reason [after recovery (replica) from node [{node_t3}{chEL1cVxSiqyVnMoAxPsYQ}{local}{local[279]}[master=>false, mode=>local]]],shard-started ([test][0], node[spvrvP6iSO23D1MkjNetVA], [R], v[5], s[INITIALIZING], a[id=pz3KsSXbSku8tTIWCQ5Nww], unassigned_info[[reason=NODE_LEFT], at[2016-03-29T21:32:40.866Z], details[node_left[cH4Pg-Z1Q3WtjSpkLJVcMQ]]]), reason [master {node_t0}{UfUp16d-QkC9d6GYxK1FHQ}{local}{local[276]}[data=>false, master=>true, mode=>local] marked shard as initializing, but shard state is [POST_RECOVERY], mark shard as started]]
version: 18
state uuid: E9N4oAiqRRK8D-yzTqF8oA
from_diff: false
meta data version: 12
nodes: 
   {node_t0}{UfUp16d-QkC9d6GYxK1FHQ}{local}{local[276]}[master=>true, data=>false, mode=>local], local, master
   {node_t4}{spvrvP6iSO23D1MkjNetVA}{local}{local[280]}[master=>false, mode=>local]
   {node_t3}{chEL1cVxSiqyVnMoAxPsYQ}{local}{local[279]}[master=>false, mode=>local]
routing_table (version 11):
-- index [test]
----shard_id [test][0]
--------[test][0], node[chEL1cVxSiqyVnMoAxPsYQ], [P], v[6], s[STARTED], a[id=eyErMgKOTYiWY8-mz-5ybg]
--------[test][0], node[spvrvP6iSO23D1MkjNetVA], [R], v[6], s[STARTED], a[id=pz3KsSXbSku8tTIWCQ5Nww]
----shard_id [test][1]
--------[test][1], node[null], [P], v[5], s[UNASSIGNED], unassigned_info[[reason=NODE_LEFT], at[2016-03-29T21:32:40.866Z], details[node_left[cH4Pg-Z1Q3WtjSpkLJVcMQ]]]
--------[test][1], node[null], [R], v[5], s[UNASSIGNED], unassigned_info[[reason=NODE_LEFT], at[2016-03-29T21:32:40.858Z], details[node_left[4yqY1j8FTECj9n-FDXWCww]]]
----shard_id [test][2]
--------[test][2], node[chEL1cVxSiqyVnMoAxPsYQ], [P], v[7], s[STARTED], a[id=sLgGe6JPRTaT96A_3Jb1uA]
--------[test][2], node[spvrvP6iSO23D1MkjNetVA], [R], v[7], s[STARTED], a[id=rAf2AB54QseOzT21dcNVWg]

routing_nodes:
-----node_id[chEL1cVxSiqyVnMoAxPsYQ][V]
--------[test][2], node[chEL1cVxSiqyVnMoAxPsYQ], [P], v[7], s[STARTED], a[id=sLgGe6JPRTaT96A_3Jb1uA]
--------[test][0], node[chEL1cVxSiqyVnMoAxPsYQ], [P], v[6], s[STARTED], a[id=eyErMgKOTYiWY8-mz-5ybg]
-----node_id[spvrvP6iSO23D1MkjNetVA][V]
--------[test][2], node[spvrvP6iSO23D1MkjNetVA], [R], v[7], s[STARTED], a[id=rAf2AB54QseOzT21dcNVWg]
--------[test][0], node[spvrvP6iSO23D1MkjNetVA], [R], v[6], s[STARTED], a[id=pz3KsSXbSku8tTIWCQ5Nww]
---- unassigned
--------[test][1], node[null], [P], v[5], s[UNASSIGNED], unassigned_info[[reason=NODE_LEFT], at[2016-03-29T21:32:40.866Z], details[node_left[cH4Pg-Z1Q3WtjSpkLJVcMQ]]]
--------[test][1], node[null], [R], v[5], s[UNASSIGNED], unassigned_info[[reason=NODE_LEFT], at[2016-03-29T21:32:40.858Z], details[node_left[4yqY1j8FTECj9n-FDXWCww]]]

[2016-03-29 17:32:40,898][DEBUG][org.elasticsearch.cluster.service] [node_t0] publishing cluster state version [18]
[2016-03-29 17:32:40,898][TRACE][org.elasticsearch.cluster.service] [node_t3] will process [local-disco-receive(from master)]
[2016-03-29 17:32:40,898][DEBUG][org.elasticsearch.cluster.service] [node_t3] processing [local-disco-receive(from master)]: execute
[2016-03-29 17:32:40,898][TRACE][org.elasticsearch.cluster.service] [node_t4] will process [local-disco-receive(from master)]
[2016-03-29 17:32:40,898][DEBUG][org.elasticsearch.cluster.service] [node_t4] processing [local-disco-receive(from master)]: execute
[2016-03-29 17:32:40,898][TRACE][org.elasticsearch.cluster.service] [node_t3] cluster state updated, source [local-disco-receive(from master)]
version: 18
state uuid: E9N4oAiqRRK8D-yzTqF8oA
from_diff: false
meta data version: 12
nodes: 
   {node_t0}{UfUp16d-QkC9d6GYxK1FHQ}{local}{local[276]}[master=>true, data=>false, mode=>local], master
   {node_t4}{spvrvP6iSO23D1MkjNetVA}{local}{local[280]}[master=>false, mode=>local]
   {node_t3}{chEL1cVxSiqyVnMoAxPsYQ}{local}{local[279]}[master=>false, mode=>local], local
routing_table (version 11):
-- index [test]
----shard_id [test][0]
--------[test][0], node[chEL1cVxSiqyVnMoAxPsYQ], [P], v[6], s[STARTED], a[id=eyErMgKOTYiWY8-mz-5ybg]
--------[test][0], node[spvrvP6iSO23D1MkjNetVA], [R], v[6], s[STARTED], a[id=pz3KsSXbSku8tTIWCQ5Nww]
----shard_id [test][1]
--------[test][1], node[null], [P], v[5], s[UNASSIGNED], unassigned_info[[reason=NODE_LEFT], at[2016-03-29T21:32:40.866Z], details[node_left[cH4Pg-Z1Q3WtjSpkLJVcMQ]]]
--------[test][1], node[null], [R], v[5], s[UNASSIGNED], unassigned_info[[reason=NODE_LEFT], at[2016-03-29T21:32:40.858Z], details[node_left[4yqY1j8FTECj9n-FDXWCww]]]
----shard_id [test][2]
--------[test][2], node[chEL1cVxSiqyVnMoAxPsYQ], [P], v[7], s[STARTED], a[id=sLgGe6JPRTaT96A_3Jb1uA]
--------[test][2], node[spvrvP6iSO23D1MkjNetVA], [R], v[7], s[STARTED], a[id=rAf2AB54QseOzT21dcNVWg]

routing_nodes:
-----node_id[chEL1cVxSiqyVnMoAxPsYQ][V]
--------[test][2], node[chEL1cVxSiqyVnMoAxPsYQ], [P], v[7], s[STARTED], a[id=sLgGe6JPRTaT96A_3Jb1uA]
--------[test][0], node[chEL1cVxSiqyVnMoAxPsYQ], [P], v[6], s[STARTED], a[id=eyErMgKOTYiWY8-mz-5ybg]
-----node_id[spvrvP6iSO23D1MkjNetVA][V]
--------[test][2], node[spvrvP6iSO23D1MkjNetVA], [R], v[7], s[STARTED], a[id=rAf2AB54QseOzT21dcNVWg]
--------[test][0], node[spvrvP6iSO23D1MkjNetVA], [R], v[6], s[STARTED], a[id=pz3KsSXbSku8tTIWCQ5Nww]
---- unassigned
--------[test][1], node[null], [P], v[5], s[UNASSIGNED], unassigned_info[[reason=NODE_LEFT], at[2016-03-29T21:32:40.866Z], details[node_left[cH4Pg-Z1Q3WtjSpkLJVcMQ]]]
--------[test][1], node[null], [R], v[5], s[UNASSIGNED], unassigned_info[[reason=NODE_LEFT], at[2016-03-29T21:32:40.858Z], details[node_left[4yqY1j8FTECj9n-FDXWCww]]]

[2016-03-29 17:32:40,898][DEBUG][org.elasticsearch.cluster.service] [node_t3] set local cluster state to version 18
[2016-03-29 17:32:40,898][TRACE][org.elasticsearch.cluster.service] [node_t4] cluster state updated, source [local-disco-receive(from master)]
version: 18
state uuid: E9N4oAiqRRK8D-yzTqF8oA
from_diff: false
meta data version: 12
nodes: 
   {node_t0}{UfUp16d-QkC9d6GYxK1FHQ}{local}{local[276]}[data=>false, master=>true, mode=>local], master
   {node_t4}{spvrvP6iSO23D1MkjNetVA}{local}{local[280]}[master=>false, mode=>local], local
   {node_t3}{chEL1cVxSiqyVnMoAxPsYQ}{local}{local[279]}[master=>false, mode=>local]
routing_table (version 11):
-- index [test]
----shard_id [test][0]
--------[test][0], node[chEL1cVxSiqyVnMoAxPsYQ], [P], v[6], s[STARTED], a[id=eyErMgKOTYiWY8-mz-5ybg]
--------[test][0], node[spvrvP6iSO23D1MkjNetVA], [R], v[6], s[STARTED], a[id=pz3KsSXbSku8tTIWCQ5Nww]
----shard_id [test][1]
--------[test][1], node[null], [P], v[5], s[UNASSIGNED], unassigned_info[[reason=NODE_LEFT], at[2016-03-29T21:32:40.866Z], details[node_left[cH4Pg-Z1Q3WtjSpkLJVcMQ]]]
--------[test][1], node[null], [R], v[5], s[UNASSIGNED], unassigned_info[[reason=NODE_LEFT], at[2016-03-29T21:32:40.858Z], details[node_left[4yqY1j8FTECj9n-FDXWCww]]]
----shard_id [test][2]
--------[test][2], node[chEL1cVxSiqyVnMoAxPsYQ], [P], v[7], s[STARTED], a[id=sLgGe6JPRTaT96A_3Jb1uA]
--------[test][2], node[spvrvP6iSO23D1MkjNetVA], [R], v[7], s[STARTED], a[id=rAf2AB54QseOzT21dcNVWg]

routing_nodes:
-----node_id[chEL1cVxSiqyVnMoAxPsYQ][V]
--------[test][2], node[chEL1cVxSiqyVnMoAxPsYQ], [P], v[7], s[STARTED], a[id=sLgGe6JPRTaT96A_3Jb1uA]
--------[test][0], node[chEL1cVxSiqyVnMoAxPsYQ], [P], v[6], s[STARTED], a[id=eyErMgKOTYiWY8-mz-5ybg]
-----node_id[spvrvP6iSO23D1MkjNetVA][V]
--------[test][2], node[spvrvP6iSO23D1MkjNetVA], [R], v[7], s[STARTED], a[id=rAf2AB54QseOzT21dcNVWg]
--------[test][0], node[spvrvP6iSO23D1MkjNetVA], [R], v[6], s[STARTED], a[id=pz3KsSXbSku8tTIWCQ5Nww]
---- unassigned
--------[test][1], node[null], [P], v[5], s[UNASSIGNED], unassigned_info[[reason=NODE_LEFT], at[2016-03-29T21:32:40.866Z], details[node_left[cH4Pg-Z1Q3WtjSpkLJVcMQ]]]
--------[test][1], node[null], [R], v[5], s[UNASSIGNED], unassigned_info[[reason=NODE_LEFT], at[2016-03-29T21:32:40.858Z], details[node_left[4yqY1j8FTECj9n-FDXWCww]]]

[2016-03-29 17:32:40,898][DEBUG][org.elasticsearch.cluster.service] [node_t4] set local cluster state to version 18
[2016-03-29 17:32:40,900][DEBUG][org.elasticsearch.cluster.service] [node_t3] processing [local-disco-receive(from master)]: took 2ms done applying updated cluster_state (version: 18, uuid: E9N4oAiqRRK8D-yzTqF8oA)
[2016-03-29 17:32:40,901][DEBUG][org.elasticsearch.cluster.service] [node_t4] processing [local-disco-receive(from master)]: took 2ms done applying updated cluster_state (version: 18, uuid: E9N4oAiqRRK8D-yzTqF8oA)
[2016-03-29 17:32:40,901][DEBUG][org.elasticsearch.cluster.service] [node_t0] set local cluster state to version 18
[2016-03-29 17:32:40,902][DEBUG][org.elasticsearch.cluster.service] [node_t0] processing [shard-started ([test][0], node[spvrvP6iSO23D1MkjNetVA], [R], v[5], s[INITIALIZING], a[id=pz3KsSXbSku8tTIWCQ5Nww], unassigned_info[[reason=NODE_LEFT], at[2016-03-29T21:32:40.866Z], details[node_left[cH4Pg-Z1Q3WtjSpkLJVcMQ]]]), reason [after recovery (replica) from node [{node_t3}{chEL1cVxSiqyVnMoAxPsYQ}{local}{local[279]}[master=>false, mode=>local]]],shard-started ([test][0], node[spvrvP6iSO23D1MkjNetVA], [R], v[5], s[INITIALIZING], a[id=pz3KsSXbSku8tTIWCQ5Nww], unassigned_info[[reason=NODE_LEFT], at[2016-03-29T21:32:40.866Z], details[node_left[cH4Pg-Z1Q3WtjSpkLJVcMQ]]]), reason [master {node_t0}{UfUp16d-QkC9d6GYxK1FHQ}{local}{local[276]}[data=>false, master=>true, mode=>local] marked shard as initializing, but shard state is [POST_RECOVERY], mark shard as started]]: took 4ms done applying updated cluster_state (version: 18, uuid: E9N4oAiqRRK8D-yzTqF8oA)
[2016-03-29 17:32:40,902][TRACE][org.elasticsearch.cluster.service] [node_t0] will process [cluster_update_settings]
[2016-03-29 17:32:40,902][DEBUG][org.elasticsearch.cluster.service] [node_t0] processing [cluster_update_settings]: execute
[2016-03-29 17:32:40,903][TRACE][org.elasticsearch.cluster.service] expecting 3 acknowledgements for cluster_state update (version: 19)
[2016-03-29 17:32:40,903][TRACE][org.elasticsearch.cluster.service] [node_t0] cluster state updated, source [cluster_update_settings]
version: 19
state uuid: --fUMK_oQ66gwWGX4cSJqQ
from_diff: false
meta data version: 13
nodes: 
   {node_t0}{UfUp16d-QkC9d6GYxK1FHQ}{local}{local[276]}[master=>true, data=>false, mode=>local], local, master
   {node_t4}{spvrvP6iSO23D1MkjNetVA}{local}{local[280]}[master=>false, mode=>local]
   {node_t3}{chEL1cVxSiqyVnMoAxPsYQ}{local}{local[279]}[master=>false, mode=>local]
routing_table (version 11):
-- index [test]
----shard_id [test][0]
--------[test][0], node[chEL1cVxSiqyVnMoAxPsYQ], [P], v[6], s[STARTED], a[id=eyErMgKOTYiWY8-mz-5ybg]
--------[test][0], node[spvrvP6iSO23D1MkjNetVA], [R], v[6], s[STARTED], a[id=pz3KsSXbSku8tTIWCQ5Nww]
----shard_id [test][1]
--------[test][1], node[null], [P], v[5], s[UNASSIGNED], unassigned_info[[reason=NODE_LEFT], at[2016-03-29T21:32:40.866Z], details[node_left[cH4Pg-Z1Q3WtjSpkLJVcMQ]]]
--------[test][1], node[null], [R], v[5], s[UNASSIGNED], unassigned_info[[reason=NODE_LEFT], at[2016-03-29T21:32:40.858Z], details[node_left[4yqY1j8FTECj9n-FDXWCww]]]
----shard_id [test][2]
--------[test][2], node[chEL1cVxSiqyVnMoAxPsYQ], [P], v[7], s[STARTED], a[id=sLgGe6JPRTaT96A_3Jb1uA]
--------[test][2], node[spvrvP6iSO23D1MkjNetVA], [R], v[7], s[STARTED], a[id=rAf2AB54QseOzT21dcNVWg]

routing_nodes:
-----node_id[chEL1cVxSiqyVnMoAxPsYQ][V]
--------[test][2], node[chEL1cVxSiqyVnMoAxPsYQ], [P], v[7], s[STARTED], a[id=sLgGe6JPRTaT96A_3Jb1uA]
--------[test][0], node[chEL1cVxSiqyVnMoAxPsYQ], [P], v[6], s[STARTED], a[id=eyErMgKOTYiWY8-mz-5ybg]
-----node_id[spvrvP6iSO23D1MkjNetVA][V]
--------[test][2], node[spvrvP6iSO23D1MkjNetVA], [R], v[7], s[STARTED], a[id=rAf2AB54QseOzT21dcNVWg]
--------[test][0], node[spvrvP6iSO23D1MkjNetVA], [R], v[6], s[STARTED], a[id=pz3KsSXbSku8tTIWCQ5Nww]
---- unassigned
--------[test][1], node[null], [P], v[5], s[UNASSIGNED], unassigned_info[[reason=NODE_LEFT], at[2016-03-29T21:32:40.866Z], details[node_left[cH4Pg-Z1Q3WtjSpkLJVcMQ]]]
--------[test][1], node[null], [R], v[5], s[UNASSIGNED], unassigned_info[[reason=NODE_LEFT], at[2016-03-29T21:32:40.858Z], details[node_left[4yqY1j8FTECj9n-FDXWCww]]]

[2016-03-29 17:32:40,903][DEBUG][org.elasticsearch.cluster.service] [node_t0] publishing cluster state version [19]
[2016-03-29 17:32:40,903][TRACE][org.elasticsearch.cluster.service] [node_t3] will process [local-disco-receive(from master)]
[2016-03-29 17:32:40,903][DEBUG][org.elasticsearch.cluster.service] [node_t3] processing [local-disco-receive(from master)]: execute
[2016-03-29 17:32:40,903][TRACE][org.elasticsearch.cluster.service] [node_t3] cluster state updated, source [local-disco-receive(from master)]
version: 19
state uuid: --fUMK_oQ66gwWGX4cSJqQ
from_diff: false
meta data version: 13
nodes: 
   {node_t0}{UfUp16d-QkC9d6GYxK1FHQ}{local}{local[276]}[master=>true, data=>false, mode=>local], master
   {node_t4}{spvrvP6iSO23D1MkjNetVA}{local}{local[280]}[master=>false, mode=>local]
   {node_t3}{chEL1cVxSiqyVnMoAxPsYQ}{local}{local[279]}[master=>false, mode=>local], local
routing_table (version 11):
-- index [test]
----shard_id [test][0]
--------[test][0], node[chEL1cVxSiqyVnMoAxPsYQ], [P], v[6], s[STARTED], a[id=eyErMgKOTYiWY8-mz-5ybg]
--------[test][0], node[spvrvP6iSO23D1MkjNetVA], [R], v[6], s[STARTED], a[id=pz3KsSXbSku8tTIWCQ5Nww]
----shard_id [test][1]
--------[test][1], node[null], [P], v[5], s[UNASSIGNED], unassigned_info[[reason=NODE_LEFT], at[2016-03-29T21:32:40.866Z], details[node_left[cH4Pg-Z1Q3WtjSpkLJVcMQ]]]
--------[test][1], node[null], [R], v[5], s[UNASSIGNED], unassigned_info[[reason=NODE_LEFT], at[2016-03-29T21:32:40.858Z], details[node_left[4yqY1j8FTECj9n-FDXWCww]]]
----shard_id [test][2]
--------[test][2], node[chEL1cVxSiqyVnMoAxPsYQ], [P], v[7], s[STARTED], a[id=sLgGe6JPRTaT96A_3Jb1uA]
--------[test][2], node[spvrvP6iSO23D1MkjNetVA], [R], v[7], s[STARTED], a[id=rAf2AB54QseOzT21dcNVWg]

routing_nodes:
-----node_id[chEL1cVxSiqyVnMoAxPsYQ][V]
--------[test][2], node[chEL1cVxSiqyVnMoAxPsYQ], [P], v[7], s[STARTED], a[id=sLgGe6JPRTaT96A_3Jb1uA]
--------[test][0], node[chEL1cVxSiqyVnMoAxPsYQ], [P], v[6], s[STARTED], a[id=eyErMgKOTYiWY8-mz-5ybg]
-----node_id[spvrvP6iSO23D1MkjNetVA][V]
--------[test][2], node[spvrvP6iSO23D1MkjNetVA], [R], v[7], s[STARTED], a[id=rAf2AB54QseOzT21dcNVWg]
--------[test][0], node[spvrvP6iSO23D1MkjNetVA], [R], v[6], s[STARTED], a[id=pz3KsSXbSku8tTIWCQ5Nww]
---- unassigned
--------[test][1], node[null], [P], v[5], s[UNASSIGNED], unassigned_info[[reason=NODE_LEFT], at[2016-03-29T21:32:40.866Z], details[node_left[cH4Pg-Z1Q3WtjSpkLJVcMQ]]]
--------[test][1], node[null], [R], v[5], s[UNASSIGNED], unassigned_info[[reason=NODE_LEFT], at[2016-03-29T21:32:40.858Z], details[node_left[4yqY1j8FTECj9n-FDXWCww]]]

[2016-03-29 17:32:40,903][TRACE][org.elasticsearch.cluster.service] [node_t4] will process [local-disco-receive(from master)]
[2016-03-29 17:32:40,903][DEBUG][org.elasticsearch.cluster.service] [node_t3] set local cluster state to version 19
[2016-03-29 17:32:40,903][DEBUG][org.elasticsearch.cluster.service] [node_t4] processing [local-disco-receive(from master)]: execute
[2016-03-29 17:32:40,903][TRACE][org.elasticsearch.cluster.service] [node_t4] cluster state updated, source [local-disco-receive(from master)]
version: 19
state uuid: --fUMK_oQ66gwWGX4cSJqQ
from_diff: false
meta data version: 13
nodes: 
   {node_t0}{UfUp16d-QkC9d6GYxK1FHQ}{local}{local[276]}[data=>false, master=>true, mode=>local], master
   {node_t4}{spvrvP6iSO23D1MkjNetVA}{local}{local[280]}[master=>false, mode=>local], local
   {node_t3}{chEL1cVxSiqyVnMoAxPsYQ}{local}{local[279]}[master=>false, mode=>local]
routing_table (version 11):
-- index [test]
----shard_id [test][0]
--------[test][0], node[chEL1cVxSiqyVnMoAxPsYQ], [P], v[6], s[STARTED], a[id=eyErMgKOTYiWY8-mz-5ybg]
--------[test][0], node[spvrvP6iSO23D1MkjNetVA], [R], v[6], s[STARTED], a[id=pz3KsSXbSku8tTIWCQ5Nww]
----shard_id [test][1]
--------[test][1], node[null], [P], v[5], s[UNASSIGNED], unassigned_info[[reason=NODE_LEFT], at[2016-03-29T21:32:40.866Z], details[node_left[cH4Pg-Z1Q3WtjSpkLJVcMQ]]]
--------[test][1], node[null], [R], v[5], s[UNASSIGNED], unassigned_info[[reason=NODE_LEFT], at[2016-03-29T21:32:40.858Z], details[node_left[4yqY1j8FTECj9n-FDXWCww]]]
----shard_id [test][2]
--------[test][2], node[chEL1cVxSiqyVnMoAxPsYQ], [P], v[7], s[STARTED], a[id=sLgGe6JPRTaT96A_3Jb1uA]
--------[test][2], node[spvrvP6iSO23D1MkjNetVA], [R], v[7], s[STARTED], a[id=rAf2AB54QseOzT21dcNVWg]

routing_nodes:
-----node_id[chEL1cVxSiqyVnMoAxPsYQ][V]
--------[test][2], node[chEL1cVxSiqyVnMoAxPsYQ], [P], v[7], s[STARTED], a[id=sLgGe6JPRTaT96A_3Jb1uA]
--------[test][0], node[chEL1cVxSiqyVnMoAxPsYQ], [P], v[6], s[STARTED], a[id=eyErMgKOTYiWY8-mz-5ybg]
-----node_id[spvrvP6iSO23D1MkjNetVA][V]
--------[test][2], node[spvrvP6iSO23D1MkjNetVA], [R], v[7], s[STARTED], a[id=rAf2AB54QseOzT21dcNVWg]
--------[test][0], node[spvrvP6iSO23D1MkjNetVA], [R], v[6], s[STARTED], a[id=pz3KsSXbSku8tTIWCQ5Nww]
---- unassigned
--------[test][1], node[null], [P], v[5], s[UNASSIGNED], unassigned_info[[reason=NODE_LEFT], at[2016-03-29T21:32:40.866Z], details[node_left[cH4Pg-Z1Q3WtjSpkLJVcMQ]]]
--------[test][1], node[null], [R], v[5], s[UNASSIGNED], unassigned_info[[reason=NODE_LEFT], at[2016-03-29T21:32:40.858Z], details[node_left[4yqY1j8FTECj9n-FDXWCww]]]

[2016-03-29 17:32:40,903][DEBUG][org.elasticsearch.cluster.service] [node_t4] set local cluster state to version 19
[2016-03-29 17:32:40,903][TRACE][org.elasticsearch.cluster.service] ack received from node [{node_t3}{chEL1cVxSiqyVnMoAxPsYQ}{local}{local[279]}[master=>false, mode=>local]], cluster_state update (version: 19)
[2016-03-29 17:32:40,903][DEBUG][org.elasticsearch.cluster.service] [node_t3] processing [local-disco-receive(from master)]: took 0s done applying updated cluster_state (version: 19, uuid: --fUMK_oQ66gwWGX4cSJqQ)
[2016-03-29 17:32:40,904][TRACE][org.elasticsearch.cluster.service] ack received from node [{node_t4}{spvrvP6iSO23D1MkjNetVA}{local}{local[280]}[master=>false, mode=>local]], cluster_state update (version: 19)
[2016-03-29 17:32:40,904][DEBUG][org.elasticsearch.cluster.service] [node_t4] processing [local-disco-receive(from master)]: took 0s done applying updated cluster_state (version: 19, uuid: --fUMK_oQ66gwWGX4cSJqQ)
[2016-03-29 17:32:40,904][DEBUG][org.elasticsearch.cluster.service] [node_t0] set local cluster state to version 19
[2016-03-29 17:32:40,904][TRACE][org.elasticsearch.cluster.service] ack received from node [{node_t0}{UfUp16d-QkC9d6GYxK1FHQ}{local}{local[276]}[master=>true, data=>false, mode=>local]], cluster_state update (version: 19)
[2016-03-29 17:32:40,904][TRACE][org.elasticsearch.cluster.service] all expected nodes acknowledged cluster_state update (version: 19)
[2016-03-29 17:32:40,904][DEBUG][org.elasticsearch.cluster.service] [node_t0] processing [cluster_update_settings]: took 1ms done applying updated cluster_state (version: 19, uuid: --fUMK_oQ66gwWGX4cSJqQ)
[2016-03-29 17:32:40,904][TRACE][org.elasticsearch.cluster.service] [node_t0] will process [reroute_after_cluster_update_settings]
[2016-03-29 17:32:40,904][DEBUG][org.elasticsearch.cluster.service] [node_t0] processing [reroute_after_cluster_update_settings]: execute
[2016-03-29 17:32:40,905][DEBUG][org.elasticsearch.cluster.service] [node_t0] processing [reroute_after_cluster_update_settings]: took 0s no change in cluster_state
[2016-03-29 17:32:40,932][TRACE][org.elasticsearch.cluster.service] [node_t0] will process [local-disco-receive(from node[{node_t5}{McPqDnPOTvSKu2pMXpCssw}{local}{local[284]}[master=>false, mode=>local]])]
[2016-03-29 17:32:40,932][TRACE][org.elasticsearch.cluster.service] [node_t5] will process [local-disco(detected_master)]
[2016-03-29 17:32:40,932][DEBUG][org.elasticsearch.cluster.service] [node_t0] processing [local-disco-receive(from node[{node_t5}{McPqDnPOTvSKu2pMXpCssw}{local}{local[284]}[master=>false, mode=>local]])]: execute
[2016-03-29 17:32:40,932][DEBUG][org.elasticsearch.cluster.service] [node_t5] processing [local-disco(detected_master)]: execute
[2016-03-29 17:32:40,932][TRACE][org.elasticsearch.cluster.service] [node_t5] cluster state updated, source [local-disco(detected_master)]
version: 0
state uuid: tRiULd0yRLWc4WMWmSNrOA
from_diff: false
meta data version: 13
blocks: 
   _global_:
      1,state not recovered / initialized, blocks READ,WRITE,METADATA_READ,METADATA_WRITE      2,no master, blocks WRITE,METADATA_WRITE
nodes: 
   {node_t5}{McPqDnPOTvSKu2pMXpCssw}{local}{local[284]}[master=>false, mode=>local], local
routing_table (version 0):
routing_nodes:
-----node_id[McPqDnPOTvSKu2pMXpCssw][V]
---- unassigned

[2016-03-29 17:32:40,932][TRACE][org.elasticsearch.cluster.service] [node_t0] cluster state updated, source [local-disco-receive(from node[{node_t5}{McPqDnPOTvSKu2pMXpCssw}{local}{local[284]}[master=>false, mode=>local]])]
version: 20
state uuid: F_t0evR1TE6PuKr-QoAJNw
from_diff: false
meta data version: 13
nodes: 
   {node_t0}{UfUp16d-QkC9d6GYxK1FHQ}{local}{local[276]}[master=>true, data=>false, mode=>local], local, master
   {node_t4}{spvrvP6iSO23D1MkjNetVA}{local}{local[280]}[master=>false, mode=>local]
   {node_t5}{McPqDnPOTvSKu2pMXpCssw}{local}{local[284]}[master=>false, mode=>local]
   {node_t3}{chEL1cVxSiqyVnMoAxPsYQ}{local}{local[279]}[master=>false, mode=>local]
routing_table (version 11):
-- index [test]
----shard_id [test][0]
--------[test][0], node[chEL1cVxSiqyVnMoAxPsYQ], [P], v[6], s[STARTED], a[id=eyErMgKOTYiWY8-mz-5ybg]
--------[test][0], node[spvrvP6iSO23D1MkjNetVA], [R], v[6], s[STARTED], a[id=pz3KsSXbSku8tTIWCQ5Nww]
----shard_id [test][1]
--------[test][1], node[null], [P], v[5], s[UNASSIGNED], unassigned_info[[reason=NODE_LEFT], at[2016-03-29T21:32:40.866Z], details[node_left[cH4Pg-Z1Q3WtjSpkLJVcMQ]]]
--------[test][1], node[null], [R], v[5], s[UNASSIGNED], unassigned_info[[reason=NODE_LEFT], at[2016-03-29T21:32:40.858Z], details[node_left[4yqY1j8FTECj9n-FDXWCww]]]
----shard_id [test][2]
--------[test][2], node[chEL1cVxSiqyVnMoAxPsYQ], [P], v[7], s[STARTED], a[id=sLgGe6JPRTaT96A_3Jb1uA]
--------[test][2], node[spvrvP6iSO23D1MkjNetVA], [R], v[7], s[STARTED], a[id=rAf2AB54QseOzT21dcNVWg]

routing_nodes:
-----node_id[chEL1cVxSiqyVnMoAxPsYQ][V]
--------[test][2], node[chEL1cVxSiqyVnMoAxPsYQ], [P], v[7], s[STARTED], a[id=sLgGe6JPRTaT96A_3Jb1uA]
--------[test][0], node[chEL1cVxSiqyVnMoAxPsYQ], [P], v[6], s[STARTED], a[id=eyErMgKOTYiWY8-mz-5ybg]
-----node_id[McPqDnPOTvSKu2pMXpCssw][V]
-----node_id[spvrvP6iSO23D1MkjNetVA][V]
--------[test][2], node[spvrvP6iSO23D1MkjNetVA], [R], v[7], s[STARTED], a[id=rAf2AB54QseOzT21dcNVWg]
--------[test][0], node[spvrvP6iSO23D1MkjNetVA], [R], v[6], s[STARTED], a[id=pz3KsSXbSku8tTIWCQ5Nww]
---- unassigned
--------[test][1], node[null], [P], v[5], s[UNASSIGNED], unassigned_info[[reason=NODE_LEFT], at[2016-03-29T21:32:40.866Z], details[node_left[cH4Pg-Z1Q3WtjSpkLJVcMQ]]]
--------[test][1], node[null], [R], v[5], s[UNASSIGNED], unassigned_info[[reason=NODE_LEFT], at[2016-03-29T21:32:40.858Z], details[node_left[4yqY1j8FTECj9n-FDXWCww]]]

[2016-03-29 17:32:40,932][INFO ][org.elasticsearch.cluster.service] [node_t0] added {{node_t5}{McPqDnPOTvSKu2pMXpCssw}{local}{local[284]}[master=>false, mode=>local],}, reason: local-disco-receive(from node[{node_t5}{McPqDnPOTvSKu2pMXpCssw}{local}{local[284]}[master=>false, mode=>local]])
[2016-03-29 17:32:40,932][DEBUG][org.elasticsearch.cluster.service] [node_t5] set local cluster state to version 0
[2016-03-29 17:32:40,932][DEBUG][org.elasticsearch.cluster.service] [node_t5] processing [local-disco(detected_master)]: took 0s done applying updated cluster_state (version: 0, uuid: tRiULd0yRLWc4WMWmSNrOA)
[2016-03-29 17:32:40,932][DEBUG][org.elasticsearch.cluster.service] [node_t0] publishing cluster state version [20]
[2016-03-29 17:32:40,932][TRACE][org.elasticsearch.cluster.service] [node_t3] will process [local-disco-receive(from master)]
[2016-03-29 17:32:40,932][TRACE][org.elasticsearch.cluster.service] [node_t4] will process [local-disco-receive(from master)]
[2016-03-29 17:32:40,932][DEBUG][org.elasticsearch.cluster.service] [node_t3] processing [local-disco-receive(from master)]: execute
[2016-03-29 17:32:40,932][DEBUG][org.elasticsearch.cluster.service] [node_t4] processing [local-disco-receive(from master)]: execute
[2016-03-29 17:32:40,932][TRACE][org.elasticsearch.cluster.service] [node_t5] will process [local-disco-receive(from master)]
[2016-03-29 17:32:40,933][DEBUG][org.elasticsearch.cluster.service] [node_t5] processing [local-disco-receive(from master)]: execute
[2016-03-29 17:32:40,933][TRACE][org.elasticsearch.cluster.service] [node_t3] cluster state updated, source [local-disco-receive(from master)]
version: 20
state uuid: F_t0evR1TE6PuKr-QoAJNw
from_diff: false
meta data version: 13
nodes: 
   {node_t0}{UfUp16d-QkC9d6GYxK1FHQ}{local}{local[276]}[data=>false, master=>true, mode=>local], master
   {node_t4}{spvrvP6iSO23D1MkjNetVA}{local}{local[280]}[mode=>local, master=>false]
   {node_t5}{McPqDnPOTvSKu2pMXpCssw}{local}{local[284]}[mode=>local, master=>false]
   {node_t3}{chEL1cVxSiqyVnMoAxPsYQ}{local}{local[279]}[master=>false, mode=>local], local
routing_table (version 11):
-- index [test]
----shard_id [test][0]
--------[test][0], node[chEL1cVxSiqyVnMoAxPsYQ], [P], v[6], s[STARTED], a[id=eyErMgKOTYiWY8-mz-5ybg]
--------[test][0], node[spvrvP6iSO23D1MkjNetVA], [R], v[6], s[STARTED], a[id=pz3KsSXbSku8tTIWCQ5Nww]
----shard_id [test][1]
--------[test][1], node[null], [P], v[5], s[UNASSIGNED], unassigned_info[[reason=NODE_LEFT], at[2016-03-29T21:32:40.866Z], details[node_left[cH4Pg-Z1Q3WtjSpkLJVcMQ]]]
--------[test][1], node[null], [R], v[5], s[UNASSIGNED], unassigned_info[[reason=NODE_LEFT], at[2016-03-29T21:32:40.858Z], details[node_left[4yqY1j8FTECj9n-FDXWCww]]]
----shard_id [test][2]
--------[test][2], node[chEL1cVxSiqyVnMoAxPsYQ], [P], v[7], s[STARTED], a[id=sLgGe6JPRTaT96A_3Jb1uA]
--------[test][2], node[spvrvP6iSO23D1MkjNetVA], [R], v[7], s[STARTED], a[id=rAf2AB54QseOzT21dcNVWg]

routing_nodes:
-----node_id[chEL1cVxSiqyVnMoAxPsYQ][V]
--------[test][2], node[chEL1cVxSiqyVnMoAxPsYQ], [P], v[7], s[STARTED], a[id=sLgGe6JPRTaT96A_3Jb1uA]
--------[test][0], node[chEL1cVxSiqyVnMoAxPsYQ], [P], v[6], s[STARTED], a[id=eyErMgKOTYiWY8-mz-5ybg]
-----node_id[McPqDnPOTvSKu2pMXpCssw][V]
-----node_id[spvrvP6iSO23D1MkjNetVA][V]
--------[test][2], node[spvrvP6iSO23D1MkjNetVA], [R], v[7], s[STARTED], a[id=rAf2AB54QseOzT21dcNVWg]
--------[test][0], node[spvrvP6iSO23D1MkjNetVA], [R], v[6], s[STARTED], a[id=pz3KsSXbSku8tTIWCQ5Nww]
---- unassigned
--------[test][1], node[null], [P], v[5], s[UNASSIGNED], unassigned_info[[reason=NODE_LEFT], at[2016-03-29T21:32:40.866Z], details[node_left[cH4Pg-Z1Q3WtjSpkLJVcMQ]]]
--------[test][1], node[null], [R], v[5], s[UNASSIGNED], unassigned_info[[reason=NODE_LEFT], at[2016-03-29T21:32:40.858Z], details[node_left[4yqY1j8FTECj9n-FDXWCww]]]

[2016-03-29 17:32:40,933][TRACE][org.elasticsearch.cluster.service] [node_t5] cluster state updated, source [local-disco-receive(from master)]
version: 20
state uuid: F_t0evR1TE6PuKr-QoAJNw
from_diff: false
meta data version: 13
nodes: 
   {node_t0}{UfUp16d-QkC9d6GYxK1FHQ}{local}{local[276]}[mode=>local, master=>true, data=>false], master
   {node_t4}{spvrvP6iSO23D1MkjNetVA}{local}{local[280]}[mode=>local, master=>false]
   {node_t5}{McPqDnPOTvSKu2pMXpCssw}{local}{local[284]}[master=>false, mode=>local], local
   {node_t3}{chEL1cVxSiqyVnMoAxPsYQ}{local}{local[279]}[master=>false, mode=>local]
routing_table (version 11):
-- index [test]
----shard_id [test][0]
--------[test][0], node[chEL1cVxSiqyVnMoAxPsYQ], [P], v[6], s[STARTED], a[id=eyErMgKOTYiWY8-mz-5ybg]
--------[test][0], node[spvrvP6iSO23D1MkjNetVA], [R], v[6], s[STARTED], a[id=pz3KsSXbSku8tTIWCQ5Nww]
----shard_id [test][1]
--------[test][1], node[null], [P], v[5], s[UNASSIGNED], unassigned_info[[reason=NODE_LEFT], at[2016-03-29T21:32:40.866Z], details[node_left[cH4Pg-Z1Q3WtjSpkLJVcMQ]]]
--------[test][1], node[null], [R], v[5], s[UNASSIGNED], unassigned_info[[reason=NODE_LEFT], at[2016-03-29T21:32:40.858Z], details[node_left[4yqY1j8FTECj9n-FDXWCww]]]
----shard_id [test][2]
--------[test][2], node[chEL1cVxSiqyVnMoAxPsYQ], [P], v[7], s[STARTED], a[id=sLgGe6JPRTaT96A_3Jb1uA]
--------[test][2], node[spvrvP6iSO23D1MkjNetVA], [R], v[7], s[STARTED], a[id=rAf2AB54QseOzT21dcNVWg]

routing_nodes:
-----node_id[chEL1cVxSiqyVnMoAxPsYQ][V]
--------[test][2], node[chEL1cVxSiqyVnMoAxPsYQ], [P], v[7], s[STARTED], a[id=sLgGe6JPRTaT96A_3Jb1uA]
--------[test][0], node[chEL1cVxSiqyVnMoAxPsYQ], [P], v[6], s[STARTED], a[id=eyErMgKOTYiWY8-mz-5ybg]
-----node_id[McPqDnPOTvSKu2pMXpCssw][V]
-----node_id[spvrvP6iSO23D1MkjNetVA][V]
--------[test][2], node[spvrvP6iSO23D1MkjNetVA], [R], v[7], s[STARTED], a[id=rAf2AB54QseOzT21dcNVWg]
--------[test][0], node[spvrvP6iSO23D1MkjNetVA], [R], v[6], s[STARTED], a[id=pz3KsSXbSku8tTIWCQ5Nww]
---- unassigned
--------[test][1], node[null], [P], v[5], s[UNASSIGNED], unassigned_info[[reason=NODE_LEFT], at[2016-03-29T21:32:40.866Z], details[node_left[cH4Pg-Z1Q3WtjSpkLJVcMQ]]]
--------[test][1], node[null], [R], v[5], s[UNASSIGNED], unassigned_info[[reason=NODE_LEFT], at[2016-03-29T21:32:40.858Z], details[node_left[4yqY1j8FTECj9n-FDXWCww]]]

[2016-03-29 17:32:40,933][TRACE][org.elasticsearch.cluster.service] [node_t4] cluster state updated, source [local-disco-receive(from master)]
version: 20
state uuid: F_t0evR1TE6PuKr-QoAJNw
from_diff: false
meta data version: 13
nodes: 
   {node_t0}{UfUp16d-QkC9d6GYxK1FHQ}{local}{local[276]}[data=>false, mode=>local, master=>true], master
   {node_t4}{spvrvP6iSO23D1MkjNetVA}{local}{local[280]}[master=>false, mode=>local], local
   {node_t5}{McPqDnPOTvSKu2pMXpCssw}{local}{local[284]}[mode=>local, master=>false]
   {node_t3}{chEL1cVxSiqyVnMoAxPsYQ}{local}{local[279]}[master=>false, mode=>local]
routing_table (version 11):
-- index [test]
----shard_id [test][0]
--------[test][0], node[chEL1cVxSiqyVnMoAxPsYQ], [P], v[6], s[STARTED], a[id=eyErMgKOTYiWY8-mz-5ybg]
--------[test][0], node[spvrvP6iSO23D1MkjNetVA], [R], v[6], s[STARTED], a[id=pz3KsSXbSku8tTIWCQ5Nww]
----shard_id [test][1]
--------[test][1], node[null], [P], v[5], s[UNASSIGNED], unassigned_info[[reason=NODE_LEFT], at[2016-03-29T21:32:40.866Z], details[node_left[cH4Pg-Z1Q3WtjSpkLJVcMQ]]]
--------[test][1], node[null], [R], v[5], s[UNASSIGNED], unassigned_info[[reason=NODE_LEFT], at[2016-03-29T21:32:40.858Z], details[node_left[4yqY1j8FTECj9n-FDXWCww]]]
----shard_id [test][2]
--------[test][2], node[chEL1cVxSiqyVnMoAxPsYQ], [P], v[7], s[STARTED], a[id=sLgGe6JPRTaT96A_3Jb1uA]
--------[test][2], node[spvrvP6iSO23D1MkjNetVA], [R], v[7], s[STARTED], a[id=rAf2AB54QseOzT21dcNVWg]

routing_nodes:
-----node_id[chEL1cVxSiqyVnMoAxPsYQ][V]
--------[test][2], node[chEL1cVxSiqyVnMoAxPsYQ], [P], v[7], s[STARTED], a[id=sLgGe6JPRTaT96A_3Jb1uA]
--------[test][0], node[chEL1cVxSiqyVnMoAxPsYQ], [P], v[6], s[STARTED], a[id=eyErMgKOTYiWY8-mz-5ybg]
-----node_id[McPqDnPOTvSKu2pMXpCssw][V]
-----node_id[spvrvP6iSO23D1MkjNetVA][V]
--------[test][2], node[spvrvP6iSO23D1MkjNetVA], [R], v[7], s[STARTED], a[id=rAf2AB54QseOzT21dcNVWg]
--------[test][0], node[spvrvP6iSO23D1MkjNetVA], [R], v[6], s[STARTED], a[id=pz3KsSXbSku8tTIWCQ5Nww]
---- unassigned
--------[test][1], node[null], [P], v[5], s[UNASSIGNED], unassigned_info[[reason=NODE_LEFT], at[2016-03-29T21:32:40.866Z], details[node_left[cH4Pg-Z1Q3WtjSpkLJVcMQ]]]
--------[test][1], node[null], [R], v[5], s[UNASSIGNED], unassigned_info[[reason=NODE_LEFT], at[2016-03-29T21:32:40.858Z], details[node_left[4yqY1j8FTECj9n-FDXWCww]]]

[2016-03-29 17:32:40,933][INFO ][org.elasticsearch.cluster.service] [node_t5] detected_master {node_t0}{UfUp16d-QkC9d6GYxK1FHQ}{local}{local[276]}[mode=>local, master=>true, data=>false], added {{node_t0}{UfUp16d-QkC9d6GYxK1FHQ}{local}{local[276]}[mode=>local, master=>true, data=>false],{node_t4}{spvrvP6iSO23D1MkjNetVA}{local}{local[280]}[mode=>local, master=>false],{node_t3}{chEL1cVxSiqyVnMoAxPsYQ}{local}{local[279]}[master=>false, mode=>local],}, reason: local-disco-receive(from master)
[2016-03-29 17:32:40,933][INFO ][org.elasticsearch.cluster.service] [node_t4] added {{node_t5}{McPqDnPOTvSKu2pMXpCssw}{local}{local[284]}[mode=>local, master=>false],}, reason: local-disco-receive(from master)
[2016-03-29 17:32:40,933][INFO ][org.elasticsearch.cluster.service] [node_t3] added {{node_t5}{McPqDnPOTvSKu2pMXpCssw}{local}{local[284]}[mode=>local, master=>false],}, reason: local-disco-receive(from master)
[2016-03-29 17:32:40,933][DEBUG][org.elasticsearch.cluster.service] [node_t4] set local cluster state to version 20
[2016-03-29 17:32:40,933][DEBUG][org.elasticsearch.cluster.service] [node_t3] set local cluster state to version 20
[2016-03-29 17:32:40,933][DEBUG][org.elasticsearch.cluster.service] [node_t5] set local cluster state to version 20
[2016-03-29 17:32:40,933][DEBUG][org.elasticsearch.cluster.service] [node_t4] processing [local-disco-receive(from master)]: took 0s done applying updated cluster_state (version: 20, uuid: F_t0evR1TE6PuKr-QoAJNw)
[2016-03-29 17:32:40,933][DEBUG][org.elasticsearch.cluster.service] [node_t3] processing [local-disco-receive(from master)]: took 0s done applying updated cluster_state (version: 20, uuid: F_t0evR1TE6PuKr-QoAJNw)
[2016-03-29 17:32:40,935][DEBUG][org.elasticsearch.cluster.service] [node_t5] processing [local-disco-receive(from master)]: took 2ms done applying updated cluster_state (version: 20, uuid: F_t0evR1TE6PuKr-QoAJNw)
[2016-03-29 17:32:40,935][TRACE][org.elasticsearch.cluster.service] [node_t5] will process [indices_store ([[test][2]] active fully on other nodes)]
[2016-03-29 17:32:40,935][DEBUG][org.elasticsearch.cluster.service] [node_t0] set local cluster state to version 20
[2016-03-29 17:32:40,935][DEBUG][org.elasticsearch.cluster.service] [node_t5] processing [indices_store ([[test][2]] active fully on other nodes)]: execute
[2016-03-29 17:32:40,935][DEBUG][org.elasticsearch.cluster.service] [node_t0] processing [local-disco-receive(from node[{node_t5}{McPqDnPOTvSKu2pMXpCssw}{local}{local[284]}[master=>false, mode=>local]])]: took 3ms done applying updated cluster_state (version: 20, uuid: F_t0evR1TE6PuKr-QoAJNw)
[2016-03-29 17:32:40,935][TRACE][org.elasticsearch.cluster.service] [node_t0] will process [cluster_reroute(post_node_add)]
[2016-03-29 17:32:40,935][DEBUG][org.elasticsearch.cluster.service] [node_t0] processing [cluster_reroute(post_node_add)]: execute
[2016-03-29 17:32:40,936][DEBUG][org.elasticsearch.cluster.service] [node_t0] processing [cluster_reroute(post_node_add)]: took 0s no change in cluster_state
[2016-03-29 17:32:40,937][TRACE][org.elasticsearch.cluster.service] [node_t0] will process [cluster_reroute(async_shard_fetch)]
[2016-03-29 17:32:40,937][DEBUG][org.elasticsearch.cluster.service] [node_t0] processing [cluster_reroute(async_shard_fetch)]: execute
[2016-03-29 17:32:40,937][DEBUG][org.elasticsearch.cluster.service] [node_t0] processing [cluster_reroute(async_shard_fetch)]: took 0s no change in cluster_state
[2016-03-29 17:32:40,937][DEBUG][org.elasticsearch.cluster.service] [node_t5] processing [indices_store ([[test][2]] active fully on other nodes)]: took 2ms no change in cluster_state
[2016-03-29 17:32:40,937][TRACE][org.elasticsearch.cluster.service] [node_t5] will process [gateway_initial_state_recovery]
[2016-03-29 17:32:40,937][DEBUG][org.elasticsearch.cluster.service] [node_t5] processing [gateway_initial_state_recovery]: execute
[2016-03-29 17:32:40,937][DEBUG][org.elasticsearch.cluster.service] [node_t5] processing [gateway_initial_state_recovery]: took 0s no change in cluster_state
[2016-03-29 17:32:40,956][TRACE][org.elasticsearch.cluster.service] [node_t0] will process [local-disco-receive(from node[{node_t6}{cWgEN3wCSDiMHUjSDJwJ8w}{local}{local[285]}[master=>false, mode=>local]])]
[2016-03-29 17:32:40,956][TRACE][org.elasticsearch.cluster.service] [node_t6] will process [local-disco(detected_master)]
[2016-03-29 17:32:40,956][DEBUG][org.elasticsearch.cluster.service] [node_t0] processing [local-disco-receive(from node[{node_t6}{cWgEN3wCSDiMHUjSDJwJ8w}{local}{local[285]}[master=>false, mode=>local]])]: execute
[2016-03-29 17:32:40,956][DEBUG][org.elasticsearch.cluster.service] [node_t6] processing [local-disco(detected_master)]: execute
[2016-03-29 17:32:40,956][TRACE][org.elasticsearch.cluster.service] [node_t6] cluster state updated, source [local-disco(detected_master)]
version: 0
state uuid: JPe2M-kRTpaskdfnXIWUtA
from_diff: false
meta data version: 13
blocks: 
   _global_:
      1,state not recovered / initialized, blocks READ,WRITE,METADATA_READ,METADATA_WRITE      2,no master, blocks WRITE,METADATA_WRITE
nodes: 
   {node_t6}{cWgEN3wCSDiMHUjSDJwJ8w}{local}{local[285]}[master=>false, mode=>local], local
routing_table (version 0):
routing_nodes:
-----node_id[cWgEN3wCSDiMHUjSDJwJ8w][V]
---- unassigned

[2016-03-29 17:32:40,956][DEBUG][org.elasticsearch.cluster.service] [node_t6] set local cluster state to version 0
[2016-03-29 17:32:40,956][DEBUG][org.elasticsearch.cluster.service] [node_t6] processing [local-disco(detected_master)]: took 0s done applying updated cluster_state (version: 0, uuid: JPe2M-kRTpaskdfnXIWUtA)
[2016-03-29 17:32:40,956][TRACE][org.elasticsearch.cluster.service] [node_t0] cluster state updated, source [local-disco-receive(from node[{node_t6}{cWgEN3wCSDiMHUjSDJwJ8w}{local}{local[285]}[master=>false, mode=>local]])]
version: 21
state uuid: ci1Vd1EUR7ujzL2K-WfcLg
from_diff: false
meta data version: 13
nodes: 
   {node_t0}{UfUp16d-QkC9d6GYxK1FHQ}{local}{local[276]}[master=>true, data=>false, mode=>local], local, master
   {node_t4}{spvrvP6iSO23D1MkjNetVA}{local}{local[280]}[master=>false, mode=>local]
   {node_t6}{cWgEN3wCSDiMHUjSDJwJ8w}{local}{local[285]}[master=>false, mode=>local]
   {node_t5}{McPqDnPOTvSKu2pMXpCssw}{local}{local[284]}[master=>false, mode=>local]
   {node_t3}{chEL1cVxSiqyVnMoAxPsYQ}{local}{local[279]}[master=>false, mode=>local]
routing_table (version 11):
-- index [test]
----shard_id [test][0]
--------[test][0], node[chEL1cVxSiqyVnMoAxPsYQ], [P], v[6], s[STARTED], a[id=eyErMgKOTYiWY8-mz-5ybg]
--------[test][0], node[spvrvP6iSO23D1MkjNetVA], [R], v[6], s[STARTED], a[id=pz3KsSXbSku8tTIWCQ5Nww]
----shard_id [test][1]
--------[test][1], node[null], [P], v[5], s[UNASSIGNED], unassigned_info[[reason=NODE_LEFT], at[2016-03-29T21:32:40.866Z], details[node_left[cH4Pg-Z1Q3WtjSpkLJVcMQ]]]
--------[test][1], node[null], [R], v[5], s[UNASSIGNED], unassigned_info[[reason=NODE_LEFT], at[2016-03-29T21:32:40.858Z], details[node_left[4yqY1j8FTECj9n-FDXWCww]]]
----shard_id [test][2]
--------[test][2], node[chEL1cVxSiqyVnMoAxPsYQ], [P], v[7], s[STARTED], a[id=sLgGe6JPRTaT96A_3Jb1uA]
--------[test][2], node[spvrvP6iSO23D1MkjNetVA], [R], v[7], s[STARTED], a[id=rAf2AB54QseOzT21dcNVWg]

routing_nodes:
-----node_id[cWgEN3wCSDiMHUjSDJwJ8w][V]
-----node_id[chEL1cVxSiqyVnMoAxPsYQ][V]
--------[test][2], node[chEL1cVxSiqyVnMoAxPsYQ], [P], v[7], s[STARTED], a[id=sLgGe6JPRTaT96A_3Jb1uA]
--------[test][0], node[chEL1cVxSiqyVnMoAxPsYQ], [P], v[6], s[STARTED], a[id=eyErMgKOTYiWY8-mz-5ybg]
-----node_id[McPqDnPOTvSKu2pMXpCssw][V]
-----node_id[spvrvP6iSO23D1MkjNetVA][V]
--------[test][2], node[spvrvP6iSO23D1MkjNetVA], [R], v[7], s[STARTED], a[id=rAf2AB54QseOzT21dcNVWg]
--------[test][0], node[spvrvP6iSO23D1MkjNetVA], [R], v[6], s[STARTED], a[id=pz3KsSXbSku8tTIWCQ5Nww]
---- unassigned
--------[test][1], node[null], [P], v[5], s[UNASSIGNED], unassigned_info[[reason=NODE_LEFT], at[2016-03-29T21:32:40.866Z], details[node_left[cH4Pg-Z1Q3WtjSpkLJVcMQ]]]
--------[test][1], node[null], [R], v[5], s[UNASSIGNED], unassigned_info[[reason=NODE_LEFT], at[2016-03-29T21:32:40.858Z], details[node_left[4yqY1j8FTECj9n-FDXWCww]]]

[2016-03-29 17:32:40,957][INFO ][org.elasticsearch.cluster.service] [node_t0] added {{node_t6}{cWgEN3wCSDiMHUjSDJwJ8w}{local}{local[285]}[master=>false, mode=>local],}, reason: local-disco-receive(from node[{node_t6}{cWgEN3wCSDiMHUjSDJwJ8w}{local}{local[285]}[master=>false, mode=>local]])
[2016-03-29 17:32:40,957][DEBUG][org.elasticsearch.cluster.service] [node_t0] publishing cluster state version [21]
[2016-03-29 17:32:40,957][TRACE][org.elasticsearch.cluster.service] [node_t3] will process [local-disco-receive(from master)]
[2016-03-29 17:32:40,957][TRACE][org.elasticsearch.cluster.service] [node_t4] will process [local-disco-receive(from master)]
[2016-03-29 17:32:40,957][DEBUG][org.elasticsearch.cluster.service] [node_t4] processing [local-disco-receive(from master)]: execute
[2016-03-29 17:32:40,957][TRACE][org.elasticsearch.cluster.service] [node_t5] will process [local-disco-receive(from master)]
[2016-03-29 17:32:40,957][DEBUG][org.elasticsearch.cluster.service] [node_t5] processing [local-disco-receive(from master)]: execute
[2016-03-29 17:32:40,957][DEBUG][org.elasticsearch.cluster.service] [node_t3] processing [local-disco-receive(from master)]: execute
[2016-03-29 17:32:40,957][TRACE][org.elasticsearch.cluster.service] [node_t4] cluster state updated, source [local-disco-receive(from master)]
version: 21
state uuid: ci1Vd1EUR7ujzL2K-WfcLg
from_diff: false
meta data version: 13
nodes: 
   {node_t0}{UfUp16d-QkC9d6GYxK1FHQ}{local}{local[276]}[mode=>local, master=>true, data=>false], master
   {node_t4}{spvrvP6iSO23D1MkjNetVA}{local}{local[280]}[master=>false, mode=>local], local
   {node_t6}{cWgEN3wCSDiMHUjSDJwJ8w}{local}{local[285]}[mode=>local, master=>false]
   {node_t5}{McPqDnPOTvSKu2pMXpCssw}{local}{local[284]}[master=>false, mode=>local]
   {node_t3}{chEL1cVxSiqyVnMoAxPsYQ}{local}{local[279]}[master=>false, mode=>local]
routing_table (version 11):
-- index [test]
----shard_id [test][0]
--------[test][0], node[chEL1cVxSiqyVnMoAxPsYQ], [P], v[6], s[STARTED], a[id=eyErMgKOTYiWY8-mz-5ybg]
--------[test][0], node[spvrvP6iSO23D1MkjNetVA], [R], v[6], s[STARTED], a[id=pz3KsSXbSku8tTIWCQ5Nww]
----shard_id [test][1]
--------[test][1], node[null], [P], v[5], s[UNASSIGNED], unassigned_info[[reason=NODE_LEFT], at[2016-03-29T21:32:40.866Z], details[node_left[cH4Pg-Z1Q3WtjSpkLJVcMQ]]]
--------[test][1], node[null], [R], v[5], s[UNASSIGNED], unassigned_info[[reason=NODE_LEFT], at[2016-03-29T21:32:40.858Z], details[node_left[4yqY1j8FTECj9n-FDXWCww]]]
----shard_id [test][2]
--------[test][2], node[chEL1cVxSiqyVnMoAxPsYQ], [P], v[7], s[STARTED], a[id=sLgGe6JPRTaT96A_3Jb1uA]
--------[test][2], node[spvrvP6iSO23D1MkjNetVA], [R], v[7], s[STARTED], a[id=rAf2AB54QseOzT21dcNVWg]

routing_nodes:
-----node_id[cWgEN3wCSDiMHUjSDJwJ8w][V]
-----node_id[chEL1cVxSiqyVnMoAxPsYQ][V]
--------[test][2], node[chEL1cVxSiqyVnMoAxPsYQ], [P], v[7], s[STARTED], a[id=sLgGe6JPRTaT96A_3Jb1uA]
--------[test][0], node[chEL1cVxSiqyVnMoAxPsYQ], [P], v[6], s[STARTED], a[id=eyErMgKOTYiWY8-mz-5ybg]
-----node_id[McPqDnPOTvSKu2pMXpCssw][V]
-----node_id[spvrvP6iSO23D1MkjNetVA][V]
--------[test][2], node[spvrvP6iSO23D1MkjNetVA], [R], v[7], s[STARTED], a[id=rAf2AB54QseOzT21dcNVWg]
--------[test][0], node[spvrvP6iSO23D1MkjNetVA], [R], v[6], s[STARTED], a[id=pz3KsSXbSku8tTIWCQ5Nww]
---- unassigned
--------[test][1], node[null], [P], v[5], s[UNASSIGNED], unassigned_info[[reason=NODE_LEFT], at[2016-03-29T21:32:40.866Z], details[node_left[cH4Pg-Z1Q3WtjSpkLJVcMQ]]]
--------[test][1], node[null], [R], v[5], s[UNASSIGNED], unassigned_info[[reason=NODE_LEFT], at[2016-03-29T21:32:40.858Z], details[node_left[4yqY1j8FTECj9n-FDXWCww]]]

[2016-03-29 17:32:40,957][TRACE][org.elasticsearch.cluster.service] [node_t3] cluster state updated, source [local-disco-receive(from master)]
version: 21
state uuid: ci1Vd1EUR7ujzL2K-WfcLg
from_diff: false
meta data version: 13
nodes: 
   {node_t0}{UfUp16d-QkC9d6GYxK1FHQ}{local}{local[276]}[master=>true, data=>false, mode=>local], master
   {node_t4}{spvrvP6iSO23D1MkjNetVA}{local}{local[280]}[mode=>local, master=>false]
   {node_t6}{cWgEN3wCSDiMHUjSDJwJ8w}{local}{local[285]}[mode=>local, master=>false]
   {node_t5}{McPqDnPOTvSKu2pMXpCssw}{local}{local[284]}[master=>false, mode=>local]
   {node_t3}{chEL1cVxSiqyVnMoAxPsYQ}{local}{local[279]}[master=>false, mode=>local], local
routing_table (version 11):
-- index [test]
----shard_id [test][0]
--------[test][0], node[chEL1cVxSiqyVnMoAxPsYQ], [P], v[6], s[STARTED], a[id=eyErMgKOTYiWY8-mz-5ybg]
--------[test][0], node[spvrvP6iSO23D1MkjNetVA], [R], v[6], s[STARTED], a[id=pz3KsSXbSku8tTIWCQ5Nww]
----shard_id [test][1]
--------[test][1], node[null], [P], v[5], s[UNASSIGNED], unassigned_info[[reason=NODE_LEFT], at[2016-03-29T21:32:40.866Z], details[node_left[cH4Pg-Z1Q3WtjSpkLJVcMQ]]]
--------[test][1], node[null], [R], v[5], s[UNASSIGNED], unassigned_info[[reason=NODE_LEFT], at[2016-03-29T21:32:40.858Z], details[node_left[4yqY1j8FTECj9n-FDXWCww]]]
----shard_id [test][2]
--------[test][2], node[chEL1cVxSiqyVnMoAxPsYQ], [P], v[7], s[STARTED], a[id=sLgGe6JPRTaT96A_3Jb1uA]
--------[test][2], node[spvrvP6iSO23D1MkjNetVA], [R], v[7], s[STARTED], a[id=rAf2AB54QseOzT21dcNVWg]

routing_nodes:
-----node_id[cWgEN3wCSDiMHUjSDJwJ8w][V]
-----node_id[chEL1cVxSiqyVnMoAxPsYQ][V]
--------[test][2], node[chEL1cVxSiqyVnMoAxPsYQ], [P], v[7], s[STARTED], a[id=sLgGe6JPRTaT96A_3Jb1uA]
--------[test][0], node[chEL1cVxSiqyVnMoAxPsYQ], [P], v[6], s[STARTED], a[id=eyErMgKOTYiWY8-mz-5ybg]
-----node_id[McPqDnPOTvSKu2pMXpCssw][V]
-----node_id[spvrvP6iSO23D1MkjNetVA][V]
--------[test][2], node[spvrvP6iSO23D1MkjNetVA], [R], v[7], s[STARTED], a[id=rAf2AB54QseOzT21dcNVWg]
--------[test][0], node[spvrvP6iSO23D1MkjNetVA], [R], v[6], s[STARTED], a[id=pz3KsSXbSku8tTIWCQ5Nww]
---- unassigned
--------[test][1], node[null], [P], v[5], s[UNASSIGNED], unassigned_info[[reason=NODE_LEFT], at[2016-03-29T21:32:40.866Z], details[node_left[cH4Pg-Z1Q3WtjSpkLJVcMQ]]]
--------[test][1], node[null], [R], v[5], s[UNASSIGNED], unassigned_info[[reason=NODE_LEFT], at[2016-03-29T21:32:40.858Z], details[node_left[4yqY1j8FTECj9n-FDXWCww]]]

[2016-03-29 17:32:40,957][TRACE][org.elasticsearch.cluster.service] [node_t5] cluster state updated, source [local-disco-receive(from master)]
version: 21
state uuid: ci1Vd1EUR7ujzL2K-WfcLg
from_diff: false
meta data version: 13
nodes: 
   {node_t0}{UfUp16d-QkC9d6GYxK1FHQ}{local}{local[276]}[data=>false, master=>true, mode=>local], master
   {node_t4}{spvrvP6iSO23D1MkjNetVA}{local}{local[280]}[master=>false, mode=>local]
   {node_t6}{cWgEN3wCSDiMHUjSDJwJ8w}{local}{local[285]}[mode=>local, master=>false]
   {node_t5}{McPqDnPOTvSKu2pMXpCssw}{local}{local[284]}[master=>false, mode=>local], local
   {node_t3}{chEL1cVxSiqyVnMoAxPsYQ}{local}{local[279]}[master=>false, mode=>local]
routing_table (version 11):
-- index [test]
----shard_id [test][0]
--------[test][0], node[chEL1cVxSiqyVnMoAxPsYQ], [P], v[6], s[STARTED], a[id=eyErMgKOTYiWY8-mz-5ybg]
--------[test][0], node[spvrvP6iSO23D1MkjNetVA], [R], v[6], s[STARTED], a[id=pz3KsSXbSku8tTIWCQ5Nww]
----shard_id [test][1]
--------[test][1], node[null], [P], v[5], s[UNASSIGNED], unassigned_info[[reason=NODE_LEFT], at[2016-03-29T21:32:40.866Z], details[node_left[cH4Pg-Z1Q3WtjSpkLJVcMQ]]]
--------[test][1], node[null], [R], v[5], s[UNASSIGNED], unassigned_info[[reason=NODE_LEFT], at[2016-03-29T21:32:40.858Z], details[node_left[4yqY1j8FTECj9n-FDXWCww]]]
----shard_id [test][2]
--------[test][2], node[chEL1cVxSiqyVnMoAxPsYQ], [P], v[7], s[STARTED], a[id=sLgGe6JPRTaT96A_3Jb1uA]
--------[test][2], node[spvrvP6iSO23D1MkjNetVA], [R], v[7], s[STARTED], a[id=rAf2AB54QseOzT21dcNVWg]

routing_nodes:
-----node_id[cWgEN3wCSDiMHUjSDJwJ8w][V]
-----node_id[chEL1cVxSiqyVnMoAxPsYQ][V]
--------[test][2], node[chEL1cVxSiqyVnMoAxPsYQ], [P], v[7], s[STARTED], a[id=sLgGe6JPRTaT96A_3Jb1uA]
--------[test][0], node[chEL1cVxSiqyVnMoAxPsYQ], [P], v[6], s[STARTED], a[id=eyErMgKOTYiWY8-mz-5ybg]
-----node_id[McPqDnPOTvSKu2pMXpCssw][V]
-----node_id[spvrvP6iSO23D1MkjNetVA][V]
--------[test][2], node[spvrvP6iSO23D1MkjNetVA], [R], v[7], s[STARTED], a[id=rAf2AB54QseOzT21dcNVWg]
--------[test][0], node[spvrvP6iSO23D1MkjNetVA], [R], v[6], s[STARTED], a[id=pz3KsSXbSku8tTIWCQ5Nww]
---- unassigned
--------[test][1], node[null], [P], v[5], s[UNASSIGNED], unassigned_info[[reason=NODE_LEFT], at[2016-03-29T21:32:40.866Z], details[node_left[cH4Pg-Z1Q3WtjSpkLJVcMQ]]]
--------[test][1], node[null], [R], v[5], s[UNASSIGNED], unassigned_info[[reason=NODE_LEFT], at[2016-03-29T21:32:40.858Z], details[node_left[4yqY1j8FTECj9n-FDXWCww]]]

[2016-03-29 17:32:40,957][INFO ][org.elasticsearch.cluster.service] [node_t3] added {{node_t6}{cWgEN3wCSDiMHUjSDJwJ8w}{local}{local[285]}[mode=>local, master=>false],}, reason: local-disco-receive(from master)
[2016-03-29 17:32:40,957][INFO ][org.elasticsearch.cluster.service] [node_t5] added {{node_t6}{cWgEN3wCSDiMHUjSDJwJ8w}{local}{local[285]}[mode=>local, master=>false],}, reason: local-disco-receive(from master)
[2016-03-29 17:32:40,957][DEBUG][org.elasticsearch.cluster.service] [node_t3] set local cluster state to version 21
[2016-03-29 17:32:40,957][DEBUG][org.elasticsearch.cluster.service] [node_t5] set local cluster state to version 21
[2016-03-29 17:32:40,957][INFO ][org.elasticsearch.cluster.service] [node_t4] added {{node_t6}{cWgEN3wCSDiMHUjSDJwJ8w}{local}{local[285]}[mode=>local, master=>false],}, reason: local-disco-receive(from master)
[2016-03-29 17:32:40,957][TRACE][org.elasticsearch.cluster.service] [node_t6] will process [local-disco-receive(from master)]
[2016-03-29 17:32:40,957][DEBUG][org.elasticsearch.cluster.service] [node_t4] set local cluster state to version 21
[2016-03-29 17:32:40,957][DEBUG][org.elasticsearch.cluster.service] [node_t6] processing [local-disco-receive(from master)]: execute
[2016-03-29 17:32:40,958][TRACE][org.elasticsearch.cluster.service] [node_t6] cluster state updated, source [local-disco-receive(from master)]
version: 21
state uuid: ci1Vd1EUR7ujzL2K-WfcLg
from_diff: false
meta data version: 13
nodes: 
   {node_t0}{UfUp16d-QkC9d6GYxK1FHQ}{local}{local[276]}[data=>false, mode=>local, master=>true], master
   {node_t4}{spvrvP6iSO23D1MkjNetVA}{local}{local[280]}[mode=>local, master=>false]
   {node_t6}{cWgEN3wCSDiMHUjSDJwJ8w}{local}{local[285]}[master=>false, mode=>local], local
   {node_t5}{McPqDnPOTvSKu2pMXpCssw}{local}{local[284]}[master=>false, mode=>local]
   {node_t3}{chEL1cVxSiqyVnMoAxPsYQ}{local}{local[279]}[master=>false, mode=>local]
routing_table (version 11):
-- index [test]
----shard_id [test][0]
--------[test][0], node[chEL1cVxSiqyVnMoAxPsYQ], [P], v[6], s[STARTED], a[id=eyErMgKOTYiWY8-mz-5ybg]
--------[test][0], node[spvrvP6iSO23D1MkjNetVA], [R], v[6], s[STARTED], a[id=pz3KsSXbSku8tTIWCQ5Nww]
----shard_id [test][1]
--------[test][1], node[null], [P], v[5], s[UNASSIGNED], unassigned_info[[reason=NODE_LEFT], at[2016-03-29T21:32:40.866Z], details[node_left[cH4Pg-Z1Q3WtjSpkLJVcMQ]]]
--------[test][1], node[null], [R], v[5], s[UNASSIGNED], unassigned_info[[reason=NODE_LEFT], at[2016-03-29T21:32:40.858Z], details[node_left[4yqY1j8FTECj9n-FDXWCww]]]
----shard_id [test][2]
--------[test][2], node[chEL1cVxSiqyVnMoAxPsYQ], [P], v[7], s[STARTED], a[id=sLgGe6JPRTaT96A_3Jb1uA]
--------[test][2], node[spvrvP6iSO23D1MkjNetVA], [R], v[7], s[STARTED], a[id=rAf2AB54QseOzT21dcNVWg]

routing_nodes:
-----node_id[cWgEN3wCSDiMHUjSDJwJ8w][V]
-----node_id[chEL1cVxSiqyVnMoAxPsYQ][V]
--------[test][2], node[chEL1cVxSiqyVnMoAxPsYQ], [P], v[7], s[STARTED], a[id=sLgGe6JPRTaT96A_3Jb1uA]
--------[test][0], node[chEL1cVxSiqyVnMoAxPsYQ], [P], v[6], s[STARTED], a[id=eyErMgKOTYiWY8-mz-5ybg]
-----node_id[McPqDnPOTvSKu2pMXpCssw][V]
-----node_id[spvrvP6iSO23D1MkjNetVA][V]
--------[test][2], node[spvrvP6iSO23D1MkjNetVA], [R], v[7], s[STARTED], a[id=rAf2AB54QseOzT21dcNVWg]
--------[test][0], node[spvrvP6iSO23D1MkjNetVA], [R], v[6], s[STARTED], a[id=pz3KsSXbSku8tTIWCQ5Nww]
---- unassigned
--------[test][1], node[null], [P], v[5], s[UNASSIGNED], unassigned_info[[reason=NODE_LEFT], at[2016-03-29T21:32:40.866Z], details[node_left[cH4Pg-Z1Q3WtjSpkLJVcMQ]]]
--------[test][1], node[null], [R], v[5], s[UNASSIGNED], unassigned_info[[reason=NODE_LEFT], at[2016-03-29T21:32:40.858Z], details[node_left[4yqY1j8FTECj9n-FDXWCww]]]

[2016-03-29 17:32:40,958][DEBUG][org.elasticsearch.cluster.service] [node_t4] processing [local-disco-receive(from master)]: took 0s done applying updated cluster_state (version: 21, uuid: ci1Vd1EUR7ujzL2K-WfcLg)
[2016-03-29 17:32:40,958][DEBUG][org.elasticsearch.cluster.service] [node_t5] processing [local-disco-receive(from master)]: took 0s done applying updated cluster_state (version: 21, uuid: ci1Vd1EUR7ujzL2K-WfcLg)
[2016-03-29 17:32:40,958][DEBUG][org.elasticsearch.cluster.service] [node_t3] processing [local-disco-receive(from master)]: took 0s done applying updated cluster_state (version: 21, uuid: ci1Vd1EUR7ujzL2K-WfcLg)
[2016-03-29 17:32:40,958][INFO ][org.elasticsearch.cluster.service] [node_t6] detected_master {node_t0}{UfUp16d-QkC9d6GYxK1FHQ}{local}{local[276]}[data=>false, mode=>local, master=>true], added {{node_t0}{UfUp16d-QkC9d6GYxK1FHQ}{local}{local[276]}[data=>false, mode=>local, master=>true],{node_t4}{spvrvP6iSO23D1MkjNetVA}{local}{local[280]}[mode=>local, master=>false],{node_t5}{McPqDnPOTvSKu2pMXpCssw}{local}{local[284]}[master=>false, mode=>local],{node_t3}{chEL1cVxSiqyVnMoAxPsYQ}{local}{local[279]}[master=>false, mode=>local],}, reason: local-disco-receive(from master)
[2016-03-29 17:32:40,958][DEBUG][org.elasticsearch.cluster.service] [node_t6] set local cluster state to version 21
[2016-03-29 17:32:40,960][DEBUG][org.elasticsearch.cluster.service] [node_t6] processing [local-disco-receive(from master)]: took 2ms done applying updated cluster_state (version: 21, uuid: ci1Vd1EUR7ujzL2K-WfcLg)
[2016-03-29 17:32:40,960][DEBUG][org.elasticsearch.cluster.service] [node_t0] set local cluster state to version 21
[2016-03-29 17:32:40,960][TRACE][org.elasticsearch.cluster.service] [node_t6] will process [indices_store ([[test][0]] active fully on other nodes)]
[2016-03-29 17:32:40,960][DEBUG][org.elasticsearch.cluster.service] [node_t6] processing [indices_store ([[test][0]] active fully on other nodes)]: execute
[2016-03-29 17:32:40,960][DEBUG][org.elasticsearch.cluster.service] [node_t0] processing [local-disco-receive(from node[{node_t6}{cWgEN3wCSDiMHUjSDJwJ8w}{local}{local[285]}[master=>false, mode=>local]])]: took 3ms done applying updated cluster_state (version: 21, uuid: ci1Vd1EUR7ujzL2K-WfcLg)
[2016-03-29 17:32:40,960][TRACE][org.elasticsearch.cluster.service] [node_t0] will process [cluster_reroute(post_node_add)]
[2016-03-29 17:32:40,960][DEBUG][org.elasticsearch.cluster.service] [node_t0] processing [cluster_reroute(post_node_add)]: execute
[2016-03-29 17:32:40,961][DEBUG][org.elasticsearch.cluster.service] [node_t0] processing [cluster_reroute(post_node_add)]: took 0s no change in cluster_state
[2016-03-29 17:32:40,962][TRACE][org.elasticsearch.cluster.service] [node_t0] will process [cluster_reroute(async_shard_fetch)]
[2016-03-29 17:32:40,962][DEBUG][org.elasticsearch.cluster.service] [node_t0] processing [cluster_reroute(async_shard_fetch)]: execute
[2016-03-29 17:32:40,962][DEBUG][org.elasticsearch.cluster.service] [node_t6] processing [indices_store ([[test][0]] active fully on other nodes)]: took 2ms no change in cluster_state
[2016-03-29 17:32:40,962][TRACE][org.elasticsearch.cluster.service] [node_t6] will process [gateway_initial_state_recovery]
[2016-03-29 17:32:40,962][DEBUG][org.elasticsearch.cluster.service] [node_t6] processing [gateway_initial_state_recovery]: execute
[2016-03-29 17:32:40,962][DEBUG][org.elasticsearch.cluster.service] [node_t6] processing [gateway_initial_state_recovery]: took 0s no change in cluster_state
[2016-03-29 17:32:40,963][TRACE][org.elasticsearch.cluster.service] [node_t0] cluster state updated, source [cluster_reroute(async_shard_fetch)]
version: 22
state uuid: FL5fhEodQFOhrjY6IWfCeQ
from_diff: false
meta data version: 13
nodes: 
   {node_t0}{UfUp16d-QkC9d6GYxK1FHQ}{local}{local[276]}[master=>true, data=>false, mode=>local], local, master
   {node_t4}{spvrvP6iSO23D1MkjNetVA}{local}{local[280]}[master=>false, mode=>local]
   {node_t6}{cWgEN3wCSDiMHUjSDJwJ8w}{local}{local[285]}[master=>false, mode=>local]
   {node_t5}{McPqDnPOTvSKu2pMXpCssw}{local}{local[284]}[master=>false, mode=>local]
   {node_t3}{chEL1cVxSiqyVnMoAxPsYQ}{local}{local[279]}[master=>false, mode=>local]
routing_table (version 12):
-- index [test]
----shard_id [test][0]
--------[test][0], node[chEL1cVxSiqyVnMoAxPsYQ], [P], v[6], s[STARTED], a[id=eyErMgKOTYiWY8-mz-5ybg]
--------[test][0], node[spvrvP6iSO23D1MkjNetVA], [R], v[6], s[STARTED], a[id=pz3KsSXbSku8tTIWCQ5Nww]
----shard_id [test][1]
--------[test][1], node[cWgEN3wCSDiMHUjSDJwJ8w], [P], v[5], s[INITIALIZING], a[id=vGmAElymSUiJxaiVJ7jmOw], unassigned_info[[reason=NODE_LEFT], at[2016-03-29T21:32:40.866Z], details[node_left[cH4Pg-Z1Q3WtjSpkLJVcMQ]]]
--------[test][1], node[null], [R], v[5], s[UNASSIGNED], unassigned_info[[reason=NODE_LEFT], at[2016-03-29T21:32:40.858Z], details[node_left[4yqY1j8FTECj9n-FDXWCww]]]
----shard_id [test][2]
--------[test][2], node[chEL1cVxSiqyVnMoAxPsYQ], [P], v[7], s[STARTED], a[id=sLgGe6JPRTaT96A_3Jb1uA]
--------[test][2], node[spvrvP6iSO23D1MkjNetVA], [R], v[7], s[STARTED], a[id=rAf2AB54QseOzT21dcNVWg]

routing_nodes:
-----node_id[cWgEN3wCSDiMHUjSDJwJ8w][V]
--------[test][1], node[cWgEN3wCSDiMHUjSDJwJ8w], [P], v[5], s[INITIALIZING], a[id=vGmAElymSUiJxaiVJ7jmOw], unassigned_info[[reason=NODE_LEFT], at[2016-03-29T21:32:40.866Z], details[node_left[cH4Pg-Z1Q3WtjSpkLJVcMQ]]]
-----node_id[chEL1cVxSiqyVnMoAxPsYQ][V]
--------[test][2], node[chEL1cVxSiqyVnMoAxPsYQ], [P], v[7], s[STARTED], a[id=sLgGe6JPRTaT96A_3Jb1uA]
--------[test][0], node[chEL1cVxSiqyVnMoAxPsYQ], [P], v[6], s[STARTED], a[id=eyErMgKOTYiWY8-mz-5ybg]
-----node_id[McPqDnPOTvSKu2pMXpCssw][V]
-----node_id[spvrvP6iSO23D1MkjNetVA][V]
--------[test][2], node[spvrvP6iSO23D1MkjNetVA], [R], v[7], s[STARTED], a[id=rAf2AB54QseOzT21dcNVWg]
--------[test][0], node[spvrvP6iSO23D1MkjNetVA], [R], v[6], s[STARTED], a[id=pz3KsSXbSku8tTIWCQ5Nww]
---- unassigned
--------[test][1], node[null], [R], v[5], s[UNASSIGNED], unassigned_info[[reason=NODE_LEFT], at[2016-03-29T21:32:40.858Z], details[node_left[4yqY1j8FTECj9n-FDXWCww]]]

[2016-03-29 17:32:40,963][DEBUG][org.elasticsearch.cluster.service] [node_t0] publishing cluster state version [22]
[2016-03-29 17:32:40,963][TRACE][org.elasticsearch.cluster.service] [node_t3] will process [local-disco-receive(from master)]
[2016-03-29 17:32:40,963][TRACE][org.elasticsearch.cluster.service] [node_t4] will process [local-disco-receive(from master)]
[2016-03-29 17:32:40,963][TRACE][org.elasticsearch.cluster.service] [node_t6] will process [local-disco-receive(from master)]
[2016-03-29 17:32:40,963][DEBUG][org.elasticsearch.cluster.service] [node_t4] processing [local-disco-receive(from master)]: execute
[2016-03-29 17:32:40,963][DEBUG][org.elasticsearch.cluster.service] [node_t6] processing [local-disco-receive(from master)]: execute
[2016-03-29 17:32:40,963][TRACE][org.elasticsearch.cluster.service] [node_t5] will process [local-disco-receive(from master)]
[2016-03-29 17:32:40,963][DEBUG][org.elasticsearch.cluster.service] [node_t5] processing [local-disco-receive(from master)]: execute
[2016-03-29 17:32:40,963][DEBUG][org.elasticsearch.cluster.service] [node_t3] processing [local-disco-receive(from master)]: execute
[2016-03-29 17:32:40,963][TRACE][org.elasticsearch.cluster.service] [node_t4] cluster state updated, source [local-disco-receive(from master)]
version: 22
state uuid: FL5fhEodQFOhrjY6IWfCeQ
from_diff: false
meta data version: 13
nodes: 
   {node_t0}{UfUp16d-QkC9d6GYxK1FHQ}{local}{local[276]}[mode=>local, master=>true, data=>false], master
   {node_t4}{spvrvP6iSO23D1MkjNetVA}{local}{local[280]}[master=>false, mode=>local], local
   {node_t6}{cWgEN3wCSDiMHUjSDJwJ8w}{local}{local[285]}[mode=>local, master=>false]
   {node_t5}{McPqDnPOTvSKu2pMXpCssw}{local}{local[284]}[master=>false, mode=>local]
   {node_t3}{chEL1cVxSiqyVnMoAxPsYQ}{local}{local[279]}[master=>false, mode=>local]
routing_table (version 12):
-- index [test]
----shard_id [test][0]
--------[test][0], node[chEL1cVxSiqyVnMoAxPsYQ], [P], v[6], s[STARTED], a[id=eyErMgKOTYiWY8-mz-5ybg]
--------[test][0], node[spvrvP6iSO23D1MkjNetVA], [R], v[6], s[STARTED], a[id=pz3KsSXbSku8tTIWCQ5Nww]
----shard_id [test][1]
--------[test][1], node[cWgEN3wCSDiMHUjSDJwJ8w], [P], v[5], s[INITIALIZING], a[id=vGmAElymSUiJxaiVJ7jmOw], unassigned_info[[reason=NODE_LEFT], at[2016-03-29T21:32:40.866Z], details[node_left[cH4Pg-Z1Q3WtjSpkLJVcMQ]]]
--------[test][1], node[null], [R], v[5], s[UNASSIGNED], unassigned_info[[reason=NODE_LEFT], at[2016-03-29T21:32:40.858Z], details[node_left[4yqY1j8FTECj9n-FDXWCww]]]
----shard_id [test][2]
--------[test][2], node[chEL1cVxSiqyVnMoAxPsYQ], [P], v[7], s[STARTED], a[id=sLgGe6JPRTaT96A_3Jb1uA]
--------[test][2], node[spvrvP6iSO23D1MkjNetVA], [R], v[7], s[STARTED], a[id=rAf2AB54QseOzT21dcNVWg]

routing_nodes:
-----node_id[cWgEN3wCSDiMHUjSDJwJ8w][V]
--------[test][1], node[cWgEN3wCSDiMHUjSDJwJ8w], [P], v[5], s[INITIALIZING], a[id=vGmAElymSUiJxaiVJ7jmOw], unassigned_info[[reason=NODE_LEFT], at[2016-03-29T21:32:40.866Z], details[node_left[cH4Pg-Z1Q3WtjSpkLJVcMQ]]]
-----node_id[chEL1cVxSiqyVnMoAxPsYQ][V]
--------[test][2], node[chEL1cVxSiqyVnMoAxPsYQ], [P], v[7], s[STARTED], a[id=sLgGe6JPRTaT96A_3Jb1uA]
--------[test][0], node[chEL1cVxSiqyVnMoAxPsYQ], [P], v[6], s[STARTED], a[id=eyErMgKOTYiWY8-mz-5ybg]
-----node_id[McPqDnPOTvSKu2pMXpCssw][V]
-----node_id[spvrvP6iSO23D1MkjNetVA][V]
--------[test][2], node[spvrvP6iSO23D1MkjNetVA], [R], v[7], s[STARTED], a[id=rAf2AB54QseOzT21dcNVWg]
--------[test][0], node[spvrvP6iSO23D1MkjNetVA], [R], v[6], s[STARTED], a[id=pz3KsSXbSku8tTIWCQ5Nww]
---- unassigned
--------[test][1], node[null], [R], v[5], s[UNASSIGNED], unassigned_info[[reason=NODE_LEFT], at[2016-03-29T21:32:40.858Z], details[node_left[4yqY1j8FTECj9n-FDXWCww]]]

[2016-03-29 17:32:40,963][DEBUG][org.elasticsearch.cluster.service] [node_t4] set local cluster state to version 22
[2016-03-29 17:32:40,963][TRACE][org.elasticsearch.cluster.service] [node_t5] cluster state updated, source [local-disco-receive(from master)]
version: 22
state uuid: FL5fhEodQFOhrjY6IWfCeQ
from_diff: false
meta data version: 13
nodes: 
   {node_t0}{UfUp16d-QkC9d6GYxK1FHQ}{local}{local[276]}[data=>false, master=>true, mode=>local], master
   {node_t4}{spvrvP6iSO23D1MkjNetVA}{local}{local[280]}[master=>false, mode=>local]
   {node_t6}{cWgEN3wCSDiMHUjSDJwJ8w}{local}{local[285]}[mode=>local, master=>false]
   {node_t5}{McPqDnPOTvSKu2pMXpCssw}{local}{local[284]}[master=>false, mode=>local], local
   {node_t3}{chEL1cVxSiqyVnMoAxPsYQ}{local}{local[279]}[master=>false, mode=>local]
routing_table (version 12):
-- index [test]
----shard_id [test][0]
--------[test][0], node[chEL1cVxSiqyVnMoAxPsYQ], [P], v[6], s[STARTED], a[id=eyErMgKOTYiWY8-mz-5ybg]
--------[test][0], node[spvrvP6iSO23D1MkjNetVA], [R], v[6], s[STARTED], a[id=pz3KsSXbSku8tTIWCQ5Nww]
----shard_id [test][1]
--------[test][1], node[cWgEN3wCSDiMHUjSDJwJ8w], [P], v[5], s[INITIALIZING], a[id=vGmAElymSUiJxaiVJ7jmOw], unassigned_info[[reason=NODE_LEFT], at[2016-03-29T21:32:40.866Z], details[node_left[cH4Pg-Z1Q3WtjSpkLJVcMQ]]]
--------[test][1], node[null], [R], v[5], s[UNASSIGNED], unassigned_info[[reason=NODE_LEFT], at[2016-03-29T21:32:40.858Z], details[node_left[4yqY1j8FTECj9n-FDXWCww]]]
----shard_id [test][2]
--------[test][2], node[chEL1cVxSiqyVnMoAxPsYQ], [P], v[7], s[STARTED], a[id=sLgGe6JPRTaT96A_3Jb1uA]
--------[test][2], node[spvrvP6iSO23D1MkjNetVA], [R], v[7], s[STARTED], a[id=rAf2AB54QseOzT21dcNVWg]

routing_nodes:
-----node_id[cWgEN3wCSDiMHUjSDJwJ8w][V]
--------[test][1], node[cWgEN3wCSDiMHUjSDJwJ8w], [P], v[5], s[INITIALIZING], a[id=vGmAElymSUiJxaiVJ7jmOw], unassigned_info[[reason=NODE_LEFT], at[2016-03-29T21:32:40.866Z], details[node_left[cH4Pg-Z1Q3WtjSpkLJVcMQ]]]
-----node_id[chEL1cVxSiqyVnMoAxPsYQ][V]
--------[test][2], node[chEL1cVxSiqyVnMoAxPsYQ], [P], v[7], s[STARTED], a[id=sLgGe6JPRTaT96A_3Jb1uA]
--------[test][0], node[chEL1cVxSiqyVnMoAxPsYQ], [P], v[6], s[STARTED], a[id=eyErMgKOTYiWY8-mz-5ybg]
-----node_id[McPqDnPOTvSKu2pMXpCssw][V]
-----node_id[spvrvP6iSO23D1MkjNetVA][V]
--------[test][2], node[spvrvP6iSO23D1MkjNetVA], [R], v[7], s[STARTED], a[id=rAf2AB54QseOzT21dcNVWg]
--------[test][0], node[spvrvP6iSO23D1MkjNetVA], [R], v[6], s[STARTED], a[id=pz3KsSXbSku8tTIWCQ5Nww]
---- unassigned
--------[test][1], node[null], [R], v[5], s[UNASSIGNED], unassigned_info[[reason=NODE_LEFT], at[2016-03-29T21:32:40.858Z], details[node_left[4yqY1j8FTECj9n-FDXWCww]]]

[2016-03-29 17:32:40,963][TRACE][org.elasticsearch.cluster.service] [node_t3] cluster state updated, source [local-disco-receive(from master)]
version: 22
state uuid: FL5fhEodQFOhrjY6IWfCeQ
from_diff: false
meta data version: 13
nodes: 
   {node_t0}{UfUp16d-QkC9d6GYxK1FHQ}{local}{local[276]}[master=>true, data=>false, mode=>local], master
   {node_t4}{spvrvP6iSO23D1MkjNetVA}{local}{local[280]}[mode=>local, master=>false]
   {node_t6}{cWgEN3wCSDiMHUjSDJwJ8w}{local}{local[285]}[mode=>local, master=>false]
   {node_t5}{McPqDnPOTvSKu2pMXpCssw}{local}{local[284]}[master=>false, mode=>local]
   {node_t3}{chEL1cVxSiqyVnMoAxPsYQ}{local}{local[279]}[master=>false, mode=>local], local
routing_table (version 12):
-- index [test]
----shard_id [test][0]
--------[test][0], node[chEL1cVxSiqyVnMoAxPsYQ], [P], v[6], s[STARTED], a[id=eyErMgKOTYiWY8-mz-5ybg]
--------[test][0], node[spvrvP6iSO23D1MkjNetVA], [R], v[6], s[STARTED], a[id=pz3KsSXbSku8tTIWCQ5Nww]
----shard_id [test][1]
--------[test][1], node[cWgEN3wCSDiMHUjSDJwJ8w], [P], v[5], s[INITIALIZING], a[id=vGmAElymSUiJxaiVJ7jmOw], unassigned_info[[reason=NODE_LEFT], at[2016-03-29T21:32:40.866Z], details[node_left[cH4Pg-Z1Q3WtjSpkLJVcMQ]]]
--------[test][1], node[null], [R], v[5], s[UNASSIGNED], unassigned_info[[reason=NODE_LEFT], at[2016-03-29T21:32:40.858Z], details[node_left[4yqY1j8FTECj9n-FDXWCww]]]
----shard_id [test][2]
--------[test][2], node[chEL1cVxSiqyVnMoAxPsYQ], [P], v[7], s[STARTED], a[id=sLgGe6JPRTaT96A_3Jb1uA]
--------[test][2], node[spvrvP6iSO23D1MkjNetVA], [R], v[7], s[STARTED], a[id=rAf2AB54QseOzT21dcNVWg]

routing_nodes:
-----node_id[cWgEN3wCSDiMHUjSDJwJ8w][V]
--------[test][1], node[cWgEN3wCSDiMHUjSDJwJ8w], [P], v[5], s[INITIALIZING], a[id=vGmAElymSUiJxaiVJ7jmOw], unassigned_info[[reason=NODE_LEFT], at[2016-03-29T21:32:40.866Z], details[node_left[cH4Pg-Z1Q3WtjSpkLJVcMQ]]]
-----node_id[chEL1cVxSiqyVnMoAxPsYQ][V]
--------[test][2], node[chEL1cVxSiqyVnMoAxPsYQ], [P], v[7], s[STARTED], a[id=sLgGe6JPRTaT96A_3Jb1uA]
--------[test][0], node[chEL1cVxSiqyVnMoAxPsYQ], [P], v[6], s[STARTED], a[id=eyErMgKOTYiWY8-mz-5ybg]
-----node_id[McPqDnPOTvSKu2pMXpCssw][V]
-----node_id[spvrvP6iSO23D1MkjNetVA][V]
--------[test][2], node[spvrvP6iSO23D1MkjNetVA], [R], v[7], s[STARTED], a[id=rAf2AB54QseOzT21dcNVWg]
--------[test][0], node[spvrvP6iSO23D1MkjNetVA], [R], v[6], s[STARTED], a[id=pz3KsSXbSku8tTIWCQ5Nww]
---- unassigned
--------[test][1], node[null], [R], v[5], s[UNASSIGNED], unassigned_info[[reason=NODE_LEFT], at[2016-03-29T21:32:40.858Z], details[node_left[4yqY1j8FTECj9n-FDXWCww]]]

[2016-03-29 17:32:40,963][TRACE][org.elasticsearch.cluster.service] [node_t6] cluster state updated, source [local-disco-receive(from master)]
version: 22
state uuid: FL5fhEodQFOhrjY6IWfCeQ
from_diff: false
meta data version: 13
nodes: 
   {node_t0}{UfUp16d-QkC9d6GYxK1FHQ}{local}{local[276]}[data=>false, mode=>local, master=>true], master
   {node_t4}{spvrvP6iSO23D1MkjNetVA}{local}{local[280]}[mode=>local, master=>false]
   {node_t6}{cWgEN3wCSDiMHUjSDJwJ8w}{local}{local[285]}[master=>false, mode=>local], local
   {node_t5}{McPqDnPOTvSKu2pMXpCssw}{local}{local[284]}[master=>false, mode=>local]
   {node_t3}{chEL1cVxSiqyVnMoAxPsYQ}{local}{local[279]}[master=>false, mode=>local]
routing_table (version 12):
-- index [test]
----shard_id [test][0]
--------[test][0], node[chEL1cVxSiqyVnMoAxPsYQ], [P], v[6], s[STARTED], a[id=eyErMgKOTYiWY8-mz-5ybg]
--------[test][0], node[spvrvP6iSO23D1MkjNetVA], [R], v[6], s[STARTED], a[id=pz3KsSXbSku8tTIWCQ5Nww]
----shard_id [test][1]
--------[test][1], node[cWgEN3wCSDiMHUjSDJwJ8w], [P], v[5], s[INITIALIZING], a[id=vGmAElymSUiJxaiVJ7jmOw], unassigned_info[[reason=NODE_LEFT], at[2016-03-29T21:32:40.866Z], details[node_left[cH4Pg-Z1Q3WtjSpkLJVcMQ]]]
--------[test][1], node[null], [R], v[5], s[UNASSIGNED], unassigned_info[[reason=NODE_LEFT], at[2016-03-29T21:32:40.858Z], details[node_left[4yqY1j8FTECj9n-FDXWCww]]]
----shard_id [test][2]
--------[test][2], node[chEL1cVxSiqyVnMoAxPsYQ], [P], v[7], s[STARTED], a[id=sLgGe6JPRTaT96A_3Jb1uA]
--------[test][2], node[spvrvP6iSO23D1MkjNetVA], [R], v[7], s[STARTED], a[id=rAf2AB54QseOzT21dcNVWg]

routing_nodes:
-----node_id[cWgEN3wCSDiMHUjSDJwJ8w][V]
--------[test][1], node[cWgEN3wCSDiMHUjSDJwJ8w], [P], v[5], s[INITIALIZING], a[id=vGmAElymSUiJxaiVJ7jmOw], unassigned_info[[reason=NODE_LEFT], at[2016-03-29T21:32:40.866Z], details[node_left[cH4Pg-Z1Q3WtjSpkLJVcMQ]]]
-----node_id[chEL1cVxSiqyVnMoAxPsYQ][V]
--------[test][2], node[chEL1cVxSiqyVnMoAxPsYQ], [P], v[7], s[STARTED], a[id=sLgGe6JPRTaT96A_3Jb1uA]
--------[test][0], node[chEL1cVxSiqyVnMoAxPsYQ], [P], v[6], s[STARTED], a[id=eyErMgKOTYiWY8-mz-5ybg]
-----node_id[McPqDnPOTvSKu2pMXpCssw][V]
-----node_id[spvrvP6iSO23D1MkjNetVA][V]
--------[test][2], node[spvrvP6iSO23D1MkjNetVA], [R], v[7], s[STARTED], a[id=rAf2AB54QseOzT21dcNVWg]
--------[test][0], node[spvrvP6iSO23D1MkjNetVA], [R], v[6], s[STARTED], a[id=pz3KsSXbSku8tTIWCQ5Nww]
---- unassigned
--------[test][1], node[null], [R], v[5], s[UNASSIGNED], unassigned_info[[reason=NODE_LEFT], at[2016-03-29T21:32:40.858Z], details[node_left[4yqY1j8FTECj9n-FDXWCww]]]

[2016-03-29 17:32:40,964][DEBUG][org.elasticsearch.cluster.service] [node_t3] set local cluster state to version 22
[2016-03-29 17:32:40,964][DEBUG][org.elasticsearch.cluster.service] [node_t4] processing [local-disco-receive(from master)]: took 0s done applying updated cluster_state (version: 22, uuid: FL5fhEodQFOhrjY6IWfCeQ)
[2016-03-29 17:32:40,964][DEBUG][org.elasticsearch.cluster.service] [node_t5] set local cluster state to version 22
[2016-03-29 17:32:40,964][DEBUG][org.elasticsearch.cluster.service] [node_t6] set local cluster state to version 22
[2016-03-29 17:32:40,964][DEBUG][org.elasticsearch.cluster.service] [node_t3] processing [local-disco-receive(from master)]: took 1ms done applying updated cluster_state (version: 22, uuid: FL5fhEodQFOhrjY6IWfCeQ)
[2016-03-29 17:32:40,964][DEBUG][org.elasticsearch.cluster.service] [node_t5] processing [local-disco-receive(from master)]: took 1ms done applying updated cluster_state (version: 22, uuid: FL5fhEodQFOhrjY6IWfCeQ)
[2016-03-29 17:32:40,967][DEBUG][org.elasticsearch.cluster.service] [node_t6] processing [local-disco-receive(from master)]: took 3ms done applying updated cluster_state (version: 22, uuid: FL5fhEodQFOhrjY6IWfCeQ)
[2016-03-29 17:32:40,967][TRACE][org.elasticsearch.cluster.service] [node_t6] will process [indices_store ([[test][2]] active fully on other nodes)]
[2016-03-29 17:32:40,967][DEBUG][org.elasticsearch.cluster.service] [node_t0] set local cluster state to version 22
[2016-03-29 17:32:40,967][DEBUG][org.elasticsearch.cluster.service] [node_t6] processing [indices_store ([[test][2]] active fully on other nodes)]: execute
[2016-03-29 17:32:40,967][DEBUG][org.elasticsearch.cluster.service] [node_t0] processing [cluster_reroute(async_shard_fetch)]: took 5ms done applying updated cluster_state (version: 22, uuid: FL5fhEodQFOhrjY6IWfCeQ)
[2016-03-29 17:32:40,967][TRACE][org.elasticsearch.cluster.service] [node_t0] will process [cluster_update_settings]
[2016-03-29 17:32:40,967][DEBUG][org.elasticsearch.cluster.service] [node_t0] processing [cluster_update_settings]: execute
[2016-03-29 17:32:40,967][TRACE][org.elasticsearch.cluster.service] expecting 5 acknowledgements for cluster_state update (version: 23)
[2016-03-29 17:32:40,967][TRACE][org.elasticsearch.cluster.service] [node_t0] cluster state updated, source [cluster_update_settings]
version: 23
state uuid: EdNPZEluTHyacwULeSqWTg
from_diff: false
meta data version: 14
nodes: 
   {node_t0}{UfUp16d-QkC9d6GYxK1FHQ}{local}{local[276]}[master=>true, data=>false, mode=>local], local, master
   {node_t4}{spvrvP6iSO23D1MkjNetVA}{local}{local[280]}[master=>false, mode=>local]
   {node_t6}{cWgEN3wCSDiMHUjSDJwJ8w}{local}{local[285]}[master=>false, mode=>local]
   {node_t5}{McPqDnPOTvSKu2pMXpCssw}{local}{local[284]}[master=>false, mode=>local]
   {node_t3}{chEL1cVxSiqyVnMoAxPsYQ}{local}{local[279]}[master=>false, mode=>local]
routing_table (version 12):
-- index [test]
----shard_id [test][0]
--------[test][0], node[chEL1cVxSiqyVnMoAxPsYQ], [P], v[6], s[STARTED], a[id=eyErMgKOTYiWY8-mz-5ybg]
--------[test][0], node[spvrvP6iSO23D1MkjNetVA], [R], v[6], s[STARTED], a[id=pz3KsSXbSku8tTIWCQ5Nww]
----shard_id [test][1]
--------[test][1], node[cWgEN3wCSDiMHUjSDJwJ8w], [P], v[5], s[INITIALIZING], a[id=vGmAElymSUiJxaiVJ7jmOw], unassigned_info[[reason=NODE_LEFT], at[2016-03-29T21:32:40.866Z], details[node_left[cH4Pg-Z1Q3WtjSpkLJVcMQ]]]
--------[test][1], node[null], [R], v[5], s[UNASSIGNED], unassigned_info[[reason=NODE_LEFT], at[2016-03-29T21:32:40.858Z], details[node_left[4yqY1j8FTECj9n-FDXWCww]]]
----shard_id [test][2]
--------[test][2], node[chEL1cVxSiqyVnMoAxPsYQ], [P], v[7], s[STARTED], a[id=sLgGe6JPRTaT96A_3Jb1uA]
--------[test][2], node[spvrvP6iSO23D1MkjNetVA], [R], v[7], s[STARTED], a[id=rAf2AB54QseOzT21dcNVWg]

routing_nodes:
-----node_id[cWgEN3wCSDiMHUjSDJwJ8w][V]
--------[test][1], node[cWgEN3wCSDiMHUjSDJwJ8w], [P], v[5], s[INITIALIZING], a[id=vGmAElymSUiJxaiVJ7jmOw], unassigned_info[[reason=NODE_LEFT], at[2016-03-29T21:32:40.866Z], details[node_left[cH4Pg-Z1Q3WtjSpkLJVcMQ]]]
-----node_id[chEL1cVxSiqyVnMoAxPsYQ][V]
--------[test][2], node[chEL1cVxSiqyVnMoAxPsYQ], [P], v[7], s[STARTED], a[id=sLgGe6JPRTaT96A_3Jb1uA]
--------[test][0], node[chEL1cVxSiqyVnMoAxPsYQ], [P], v[6], s[STARTED], a[id=eyErMgKOTYiWY8-mz-5ybg]
-----node_id[McPqDnPOTvSKu2pMXpCssw][V]
-----node_id[spvrvP6iSO23D1MkjNetVA][V]
--------[test][2], node[spvrvP6iSO23D1MkjNetVA], [R], v[7], s[STARTED], a[id=rAf2AB54QseOzT21dcNVWg]
--------[test][0], node[spvrvP6iSO23D1MkjNetVA], [R], v[6], s[STARTED], a[id=pz3KsSXbSku8tTIWCQ5Nww]
---- unassigned
--------[test][1], node[null], [R], v[5], s[UNASSIGNED], unassigned_info[[reason=NODE_LEFT], at[2016-03-29T21:32:40.858Z], details[node_left[4yqY1j8FTECj9n-FDXWCww]]]

[2016-03-29 17:32:40,968][DEBUG][org.elasticsearch.cluster.service] [node_t0] publishing cluster state version [23]
[2016-03-29 17:32:40,968][TRACE][org.elasticsearch.cluster.service] [node_t3] will process [local-disco-receive(from master)]
[2016-03-29 17:32:40,968][TRACE][org.elasticsearch.cluster.service] [node_t4] will process [local-disco-receive(from master)]
[2016-03-29 17:32:40,968][DEBUG][org.elasticsearch.cluster.service] [node_t4] processing [local-disco-receive(from master)]: execute
[2016-03-29 17:32:40,968][TRACE][org.elasticsearch.cluster.service] [node_t5] will process [local-disco-receive(from master)]
[2016-03-29 17:32:40,968][DEBUG][org.elasticsearch.cluster.service] [node_t5] processing [local-disco-receive(from master)]: execute
[2016-03-29 17:32:40,968][DEBUG][org.elasticsearch.cluster.service] [node_t3] processing [local-disco-receive(from master)]: execute
[2016-03-29 17:32:40,968][TRACE][org.elasticsearch.cluster.service] [node_t4] cluster state updated, source [local-disco-receive(from master)]
version: 23
state uuid: EdNPZEluTHyacwULeSqWTg
from_diff: false
meta data version: 14
nodes: 
   {node_t0}{UfUp16d-QkC9d6GYxK1FHQ}{local}{local[276]}[mode=>local, master=>true, data=>false], master
   {node_t4}{spvrvP6iSO23D1MkjNetVA}{local}{local[280]}[master=>false, mode=>local], local
   {node_t6}{cWgEN3wCSDiMHUjSDJwJ8w}{local}{local[285]}[mode=>local, master=>false]
   {node_t5}{McPqDnPOTvSKu2pMXpCssw}{local}{local[284]}[master=>false, mode=>local]
   {node_t3}{chEL1cVxSiqyVnMoAxPsYQ}{local}{local[279]}[master=>false, mode=>local]
routing_table (version 12):
-- index [test]
----shard_id [test][0]
--------[test][0], node[chEL1cVxSiqyVnMoAxPsYQ], [P], v[6], s[STARTED], a[id=eyErMgKOTYiWY8-mz-5ybg]
--------[test][0], node[spvrvP6iSO23D1MkjNetVA], [R], v[6], s[STARTED], a[id=pz3KsSXbSku8tTIWCQ5Nww]
----shard_id [test][1]
--------[test][1], node[cWgEN3wCSDiMHUjSDJwJ8w], [P], v[5], s[INITIALIZING], a[id=vGmAElymSUiJxaiVJ7jmOw], unassigned_info[[reason=NODE_LEFT], at[2016-03-29T21:32:40.866Z], details[node_left[cH4Pg-Z1Q3WtjSpkLJVcMQ]]]
--------[test][1], node[null], [R], v[5], s[UNASSIGNED], unassigned_info[[reason=NODE_LEFT], at[2016-03-29T21:32:40.858Z], details[node_left[4yqY1j8FTECj9n-FDXWCww]]]
----shard_id [test][2]
--------[test][2], node[chEL1cVxSiqyVnMoAxPsYQ], [P], v[7], s[STARTED], a[id=sLgGe6JPRTaT96A_3Jb1uA]
--------[test][2], node[spvrvP6iSO23D1MkjNetVA], [R], v[7], s[STARTED], a[id=rAf2AB54QseOzT21dcNVWg]

routing_nodes:
-----node_id[cWgEN3wCSDiMHUjSDJwJ8w][V]
--------[test][1], node[cWgEN3wCSDiMHUjSDJwJ8w], [P], v[5], s[INITIALIZING], a[id=vGmAElymSUiJxaiVJ7jmOw], unassigned_info[[reason=NODE_LEFT], at[2016-03-29T21:32:40.866Z], details[node_left[cH4Pg-Z1Q3WtjSpkLJVcMQ]]]
-----node_id[chEL1cVxSiqyVnMoAxPsYQ][V]
--------[test][2], node[chEL1cVxSiqyVnMoAxPsYQ], [P], v[7], s[STARTED], a[id=sLgGe6JPRTaT96A_3Jb1uA]
--------[test][0], node[chEL1cVxSiqyVnMoAxPsYQ], [P], v[6], s[STARTED], a[id=eyErMgKOTYiWY8-mz-5ybg]
-----node_id[McPqDnPOTvSKu2pMXpCssw][V]
-----node_id[spvrvP6iSO23D1MkjNetVA][V]
--------[test][2], node[spvrvP6iSO23D1MkjNetVA], [R], v[7], s[STARTED], a[id=rAf2AB54QseOzT21dcNVWg]
--------[test][0], node[spvrvP6iSO23D1MkjNetVA], [R], v[6], s[STARTED], a[id=pz3KsSXbSku8tTIWCQ5Nww]
---- unassigned
--------[test][1], node[null], [R], v[5], s[UNASSIGNED], unassigned_info[[reason=NODE_LEFT], at[2016-03-29T21:32:40.858Z], details[node_left[4yqY1j8FTECj9n-FDXWCww]]]

[2016-03-29 17:32:40,968][TRACE][org.elasticsearch.cluster.service] [node_t3] cluster state updated, source [local-disco-receive(from master)]
version: 23
state uuid: EdNPZEluTHyacwULeSqWTg
from_diff: false
meta data version: 14
nodes: 
   {node_t0}{UfUp16d-QkC9d6GYxK1FHQ}{local}{local[276]}[master=>true, data=>false, mode=>local], master
   {node_t4}{spvrvP6iSO23D1MkjNetVA}{local}{local[280]}[mode=>local, master=>false]
   {node_t6}{cWgEN3wCSDiMHUjSDJwJ8w}{local}{local[285]}[mode=>local, master=>false]
   {node_t5}{McPqDnPOTvSKu2pMXpCssw}{local}{local[284]}[master=>false, mode=>local]
   {node_t3}{chEL1cVxSiqyVnMoAxPsYQ}{local}{local[279]}[master=>false, mode=>local], local
routing_table (version 12):
-- index [test]
----shard_id [test][0]
--------[test][0], node[chEL1cVxSiqyVnMoAxPsYQ], [P], v[6], s[STARTED], a[id=eyErMgKOTYiWY8-mz-5ybg]
--------[test][0], node[spvrvP6iSO23D1MkjNetVA], [R], v[6], s[STARTED], a[id=pz3KsSXbSku8tTIWCQ5Nww]
----shard_id [test][1]
--------[test][1], node[cWgEN3wCSDiMHUjSDJwJ8w], [P], v[5], s[INITIALIZING], a[id=vGmAElymSUiJxaiVJ7jmOw], unassigned_info[[reason=NODE_LEFT], at[2016-03-29T21:32:40.866Z], details[node_left[cH4Pg-Z1Q3WtjSpkLJVcMQ]]]
--------[test][1], node[null], [R], v[5], s[UNASSIGNED], unassigned_info[[reason=NODE_LEFT], at[2016-03-29T21:32:40.858Z], details[node_left[4yqY1j8FTECj9n-FDXWCww]]]
----shard_id [test][2]
--------[test][2], node[chEL1cVxSiqyVnMoAxPsYQ], [P], v[7], s[STARTED], a[id=sLgGe6JPRTaT96A_3Jb1uA]
--------[test][2], node[spvrvP6iSO23D1MkjNetVA], [R], v[7], s[STARTED], a[id=rAf2AB54QseOzT21dcNVWg]

routing_nodes:
-----node_id[cWgEN3wCSDiMHUjSDJwJ8w][V]
--------[test][1], node[cWgEN3wCSDiMHUjSDJwJ8w], [P], v[5], s[INITIALIZING], a[id=vGmAElymSUiJxaiVJ7jmOw], unassigned_info[[reason=NODE_LEFT], at[2016-03-29T21:32:40.866Z], details[node_left[cH4Pg-Z1Q3WtjSpkLJVcMQ]]]
-----node_id[chEL1cVxSiqyVnMoAxPsYQ][V]
--------[test][2], node[chEL1cVxSiqyVnMoAxPsYQ], [P], v[7], s[STARTED], a[id=sLgGe6JPRTaT96A_3Jb1uA]
--------[test][0], node[chEL1cVxSiqyVnMoAxPsYQ], [P], v[6], s[STARTED], a[id=eyErMgKOTYiWY8-mz-5ybg]
-----node_id[McPqDnPOTvSKu2pMXpCssw][V]
-----node_id[spvrvP6iSO23D1MkjNetVA][V]
--------[test][2], node[spvrvP6iSO23D1MkjNetVA], [R], v[7], s[STARTED], a[id=rAf2AB54QseOzT21dcNVWg]
--------[test][0], node[spvrvP6iSO23D1MkjNetVA], [R], v[6], s[STARTED], a[id=pz3KsSXbSku8tTIWCQ5Nww]
---- unassigned
--------[test][1], node[null], [R], v[5], s[UNASSIGNED], unassigned_info[[reason=NODE_LEFT], at[2016-03-29T21:32:40.858Z], details[node_left[4yqY1j8FTECj9n-FDXWCww]]]

[2016-03-29 17:32:40,968][TRACE][org.elasticsearch.cluster.service] [node_t5] cluster state updated, source [local-disco-receive(from master)]
version: 23
state uuid: EdNPZEluTHyacwULeSqWTg
from_diff: false
meta data version: 14
nodes: 
   {node_t0}{UfUp16d-QkC9d6GYxK1FHQ}{local}{local[276]}[data=>false, master=>true, mode=>local], master
   {node_t4}{spvrvP6iSO23D1MkjNetVA}{local}{local[280]}[master=>false, mode=>local]
   {node_t6}{cWgEN3wCSDiMHUjSDJwJ8w}{local}{local[285]}[mode=>local, master=>false]
   {node_t5}{McPqDnPOTvSKu2pMXpCssw}{local}{local[284]}[master=>false, mode=>local], local
   {node_t3}{chEL1cVxSiqyVnMoAxPsYQ}{local}{local[279]}[master=>false, mode=>local]
routing_table (version 12):
-- index [test]
----shard_id [test][0]
--------[test][0], node[chEL1cVxSiqyVnMoAxPsYQ], [P], v[6], s[STARTED], a[id=eyErMgKOTYiWY8-mz-5ybg]
--------[test][0], node[spvrvP6iSO23D1MkjNetVA], [R], v[6], s[STARTED], a[id=pz3KsSXbSku8tTIWCQ5Nww]
----shard_id [test][1]
--------[test][1], node[cWgEN3wCSDiMHUjSDJwJ8w], [P], v[5], s[INITIALIZING], a[id=vGmAElymSUiJxaiVJ7jmOw], unassigned_info[[reason=NODE_LEFT], at[2016-03-29T21:32:40.866Z], details[node_left[cH4Pg-Z1Q3WtjSpkLJVcMQ]]]
--------[test][1], node[null], [R], v[5], s[UNASSIGNED], unassigned_info[[reason=NODE_LEFT], at[2016-03-29T21:32:40.858Z], details[node_left[4yqY1j8FTECj9n-FDXWCww]]]
----shard_id [test][2]
--------[test][2], node[chEL1cVxSiqyVnMoAxPsYQ], [P], v[7], s[STARTED], a[id=sLgGe6JPRTaT96A_3Jb1uA]
--------[test][2], node[spvrvP6iSO23D1MkjNetVA], [R], v[7], s[STARTED], a[id=rAf2AB54QseOzT21dcNVWg]

routing_nodes:
-----node_id[cWgEN3wCSDiMHUjSDJwJ8w][V]
--------[test][1], node[cWgEN3wCSDiMHUjSDJwJ8w], [P], v[5], s[INITIALIZING], a[id=vGmAElymSUiJxaiVJ7jmOw], unassigned_info[[reason=NODE_LEFT], at[2016-03-29T21:32:40.866Z], details[node_left[cH4Pg-Z1Q3WtjSpkLJVcMQ]]]
-----node_id[chEL1cVxSiqyVnMoAxPsYQ][V]
--------[test][2], node[chEL1cVxSiqyVnMoAxPsYQ], [P], v[7], s[STARTED], a[id=sLgGe6JPRTaT96A_3Jb1uA]
--------[test][0], node[chEL1cVxSiqyVnMoAxPsYQ], [P], v[6], s[STARTED], a[id=eyErMgKOTYiWY8-mz-5ybg]
-----node_id[McPqDnPOTvSKu2pMXpCssw][V]
-----node_id[spvrvP6iSO23D1MkjNetVA][V]
--------[test][2], node[spvrvP6iSO23D1MkjNetVA], [R], v[7], s[STARTED], a[id=rAf2AB54QseOzT21dcNVWg]
--------[test][0], node[spvrvP6iSO23D1MkjNetVA], [R], v[6], s[STARTED], a[id=pz3KsSXbSku8tTIWCQ5Nww]
---- unassigned
--------[test][1], node[null], [R], v[5], s[UNASSIGNED], unassigned_info[[reason=NODE_LEFT], at[2016-03-29T21:32:40.858Z], details[node_left[4yqY1j8FTECj9n-FDXWCww]]]

[2016-03-29 17:32:40,968][DEBUG][org.elasticsearch.cluster.service] [node_t5] set local cluster state to version 23
[2016-03-29 17:32:40,968][DEBUG][org.elasticsearch.cluster.service] [node_t6] processing [indices_store ([[test][2]] active fully on other nodes)]: took 1ms no change in cluster_state
[2016-03-29 17:32:40,968][DEBUG][org.elasticsearch.cluster.service] [node_t3] set local cluster state to version 23
[2016-03-29 17:32:40,968][DEBUG][org.elasticsearch.cluster.service] [node_t4] set local cluster state to version 23
[2016-03-29 17:32:40,968][TRACE][org.elasticsearch.cluster.service] [node_t6] will process [indices_store ([[test][0]] active fully on other nodes)]
[2016-03-29 17:32:40,968][DEBUG][org.elasticsearch.cluster.service] [node_t6] processing [indices_store ([[test][0]] active fully on other nodes)]: execute
[2016-03-29 17:32:40,969][TRACE][org.elasticsearch.cluster.service] ack received from node [{node_t4}{spvrvP6iSO23D1MkjNetVA}{local}{local[280]}[master=>false, mode=>local]], cluster_state update (version: 23)
[2016-03-29 17:32:40,969][DEBUG][org.elasticsearch.cluster.service] [node_t4] processing [local-disco-receive(from master)]: took 0s done applying updated cluster_state (version: 23, uuid: EdNPZEluTHyacwULeSqWTg)
[2016-03-29 17:32:40,969][TRACE][org.elasticsearch.cluster.service] ack received from node [{node_t5}{McPqDnPOTvSKu2pMXpCssw}{local}{local[284]}[master=>false, mode=>local]], cluster_state update (version: 23)
[2016-03-29 17:32:40,969][DEBUG][org.elasticsearch.cluster.service] [node_t5] processing [local-disco-receive(from master)]: took 0s done applying updated cluster_state (version: 23, uuid: EdNPZEluTHyacwULeSqWTg)
[2016-03-29 17:32:40,969][TRACE][org.elasticsearch.cluster.service] ack received from node [{node_t3}{chEL1cVxSiqyVnMoAxPsYQ}{local}{local[279]}[master=>false, mode=>local]], cluster_state update (version: 23)
[2016-03-29 17:32:40,969][DEBUG][org.elasticsearch.cluster.service] [node_t3] processing [local-disco-receive(from master)]: took 1ms done applying updated cluster_state (version: 23, uuid: EdNPZEluTHyacwULeSqWTg)
[2016-03-29 17:32:40,970][DEBUG][org.elasticsearch.cluster.service] [node_t6] processing [indices_store ([[test][0]] active fully on other nodes)]: took 1ms no change in cluster_state
[2016-03-29 17:32:40,970][TRACE][org.elasticsearch.cluster.service] [node_t6] will process [local-disco-receive(from master)]
[2016-03-29 17:32:40,970][DEBUG][org.elasticsearch.cluster.service] [node_t6] processing [local-disco-receive(from master)]: execute
[2016-03-29 17:32:40,970][TRACE][org.elasticsearch.cluster.service] [node_t6] cluster state updated, source [local-disco-receive(from master)]
version: 23
state uuid: EdNPZEluTHyacwULeSqWTg
from_diff: false
meta data version: 14
nodes: 
   {node_t0}{UfUp16d-QkC9d6GYxK1FHQ}{local}{local[276]}[data=>false, mode=>local, master=>true], master
   {node_t4}{spvrvP6iSO23D1MkjNetVA}{local}{local[280]}[mode=>local, master=>false]
   {node_t6}{cWgEN3wCSDiMHUjSDJwJ8w}{local}{local[285]}[master=>false, mode=>local], local
   {node_t5}{McPqDnPOTvSKu2pMXpCssw}{local}{local[284]}[master=>false, mode=>local]
   {node_t3}{chEL1cVxSiqyVnMoAxPsYQ}{local}{local[279]}[master=>false, mode=>local]
routing_table (version 12):
-- index [test]
----shard_id [test][0]
--------[test][0], node[chEL1cVxSiqyVnMoAxPsYQ], [P], v[6], s[STARTED], a[id=eyErMgKOTYiWY8-mz-5ybg]
--------[test][0], node[spvrvP6iSO23D1MkjNetVA], [R], v[6], s[STARTED], a[id=pz3KsSXbSku8tTIWCQ5Nww]
----shard_id [test][1]
--------[test][1], node[cWgEN3wCSDiMHUjSDJwJ8w], [P], v[5], s[INITIALIZING], a[id=vGmAElymSUiJxaiVJ7jmOw], unassigned_info[[reason=NODE_LEFT], at[2016-03-29T21:32:40.866Z], details[node_left[cH4Pg-Z1Q3WtjSpkLJVcMQ]]]
--------[test][1], node[null], [R], v[5], s[UNASSIGNED], unassigned_info[[reason=NODE_LEFT], at[2016-03-29T21:32:40.858Z], details[node_left[4yqY1j8FTECj9n-FDXWCww]]]
----shard_id [test][2]
--------[test][2], node[chEL1cVxSiqyVnMoAxPsYQ], [P], v[7], s[STARTED], a[id=sLgGe6JPRTaT96A_3Jb1uA]
--------[test][2], node[spvrvP6iSO23D1MkjNetVA], [R], v[7], s[STARTED], a[id=rAf2AB54QseOzT21dcNVWg]

routing_nodes:
-----node_id[cWgEN3wCSDiMHUjSDJwJ8w][V]
--------[test][1], node[cWgEN3wCSDiMHUjSDJwJ8w], [P], v[5], s[INITIALIZING], a[id=vGmAElymSUiJxaiVJ7jmOw], unassigned_info[[reason=NODE_LEFT], at[2016-03-29T21:32:40.866Z], details[node_left[cH4Pg-Z1Q3WtjSpkLJVcMQ]]]
-----node_id[chEL1cVxSiqyVnMoAxPsYQ][V]
--------[test][2], node[chEL1cVxSiqyVnMoAxPsYQ], [P], v[7], s[STARTED], a[id=sLgGe6JPRTaT96A_3Jb1uA]
--------[test][0], node[chEL1cVxSiqyVnMoAxPsYQ], [P], v[6], s[STARTED], a[id=eyErMgKOTYiWY8-mz-5ybg]
-----node_id[McPqDnPOTvSKu2pMXpCssw][V]
-----node_id[spvrvP6iSO23D1MkjNetVA][V]
--------[test][2], node[spvrvP6iSO23D1MkjNetVA], [R], v[7], s[STARTED], a[id=rAf2AB54QseOzT21dcNVWg]
--------[test][0], node[spvrvP6iSO23D1MkjNetVA], [R], v[6], s[STARTED], a[id=pz3KsSXbSku8tTIWCQ5Nww]
---- unassigned
--------[test][1], node[null], [R], v[5], s[UNASSIGNED], unassigned_info[[reason=NODE_LEFT], at[2016-03-29T21:32:40.858Z], details[node_left[4yqY1j8FTECj9n-FDXWCww]]]

[2016-03-29 17:32:40,970][DEBUG][org.elasticsearch.cluster.service] [node_t6] set local cluster state to version 23
[2016-03-29 17:32:40,971][TRACE][org.elasticsearch.cluster.service] ack received from node [{node_t6}{cWgEN3wCSDiMHUjSDJwJ8w}{local}{local[285]}[master=>false, mode=>local]], cluster_state update (version: 23)
[2016-03-29 17:32:40,971][DEBUG][org.elasticsearch.cluster.service] [node_t0] set local cluster state to version 23
[2016-03-29 17:32:40,971][DEBUG][org.elasticsearch.cluster.service] [node_t6] processing [local-disco-receive(from master)]: took 0s done applying updated cluster_state (version: 23, uuid: EdNPZEluTHyacwULeSqWTg)
[2016-03-29 17:32:40,971][TRACE][org.elasticsearch.cluster.service] ack received from node [{node_t0}{UfUp16d-QkC9d6GYxK1FHQ}{local}{local[276]}[master=>true, data=>false, mode=>local]], cluster_state update (version: 23)
[2016-03-29 17:32:40,971][TRACE][org.elasticsearch.cluster.service] all expected nodes acknowledged cluster_state update (version: 23)
[2016-03-29 17:32:40,971][DEBUG][org.elasticsearch.cluster.service] [node_t0] processing [cluster_update_settings]: took 3ms done applying updated cluster_state (version: 23, uuid: EdNPZEluTHyacwULeSqWTg)
[2016-03-29 17:32:40,971][TRACE][org.elasticsearch.cluster.service] [node_t0] will process [shard-started ([test][1], node[cWgEN3wCSDiMHUjSDJwJ8w], [P], v[5], s[INITIALIZING], a[id=vGmAElymSUiJxaiVJ7jmOw], unassigned_info[[reason=NODE_LEFT], at[2016-03-29T21:32:40.866Z], details[node_left[cH4Pg-Z1Q3WtjSpkLJVcMQ]]]), reason [after recovery from store]]
[2016-03-29 17:32:40,971][TRACE][org.elasticsearch.cluster.service] [node_t0] will process [shard-started ([test][1], node[cWgEN3wCSDiMHUjSDJwJ8w], [P], v[5], s[INITIALIZING], a[id=vGmAElymSUiJxaiVJ7jmOw], unassigned_info[[reason=NODE_LEFT], at[2016-03-29T21:32:40.866Z], details[node_left[cH4Pg-Z1Q3WtjSpkLJVcMQ]]]), reason [master {node_t0}{UfUp16d-QkC9d6GYxK1FHQ}{local}{local[276]}[data=>false, mode=>local, master=>true] marked shard as initializing, but shard state is [POST_RECOVERY], mark shard as started]]
[2016-03-29 17:32:40,971][DEBUG][org.elasticsearch.cluster.service] [node_t0] processing [shard-started ([test][1], node[cWgEN3wCSDiMHUjSDJwJ8w], [P], v[5], s[INITIALIZING], a[id=vGmAElymSUiJxaiVJ7jmOw], unassigned_info[[reason=NODE_LEFT], at[2016-03-29T21:32:40.866Z], details[node_left[cH4Pg-Z1Q3WtjSpkLJVcMQ]]]), reason [after recovery from store],shard-started ([test][1], node[cWgEN3wCSDiMHUjSDJwJ8w], [P], v[5], s[INITIALIZING], a[id=vGmAElymSUiJxaiVJ7jmOw], unassigned_info[[reason=NODE_LEFT], at[2016-03-29T21:32:40.866Z], details[node_left[cH4Pg-Z1Q3WtjSpkLJVcMQ]]]), reason [master {node_t0}{UfUp16d-QkC9d6GYxK1FHQ}{local}{local[276]}[data=>false, mode=>local, master=>true] marked shard as initializing, but shard state is [POST_RECOVERY], mark shard as started]]: execute
[2016-03-29 17:32:40,972][TRACE][org.elasticsearch.cluster.service] [node_t0] cluster state updated, source [shard-started ([test][1], node[cWgEN3wCSDiMHUjSDJwJ8w], [P], v[5], s[INITIALIZING], a[id=vGmAElymSUiJxaiVJ7jmOw], unassigned_info[[reason=NODE_LEFT], at[2016-03-29T21:32:40.866Z], details[node_left[cH4Pg-Z1Q3WtjSpkLJVcMQ]]]), reason [after recovery from store],shard-started ([test][1], node[cWgEN3wCSDiMHUjSDJwJ8w], [P], v[5], s[INITIALIZING], a[id=vGmAElymSUiJxaiVJ7jmOw], unassigned_info[[reason=NODE_LEFT], at[2016-03-29T21:32:40.866Z], details[node_left[cH4Pg-Z1Q3WtjSpkLJVcMQ]]]), reason [master {node_t0}{UfUp16d-QkC9d6GYxK1FHQ}{local}{local[276]}[data=>false, mode=>local, master=>true] marked shard as initializing, but shard state is [POST_RECOVERY], mark shard as started]]
version: 24
state uuid: YhN5-RF8QbGws6SnLqeiMQ
from_diff: false
meta data version: 15
nodes: 
   {node_t0}{UfUp16d-QkC9d6GYxK1FHQ}{local}{local[276]}[master=>true, data=>false, mode=>local], local, master
   {node_t4}{spvrvP6iSO23D1MkjNetVA}{local}{local[280]}[master=>false, mode=>local]
   {node_t6}{cWgEN3wCSDiMHUjSDJwJ8w}{local}{local[285]}[master=>false, mode=>local]
   {node_t5}{McPqDnPOTvSKu2pMXpCssw}{local}{local[284]}[master=>false, mode=>local]
   {node_t3}{chEL1cVxSiqyVnMoAxPsYQ}{local}{local[279]}[master=>false, mode=>local]
routing_table (version 13):
-- index [test]
----shard_id [test][0]
--------[test][0], node[chEL1cVxSiqyVnMoAxPsYQ], [P], v[6], s[STARTED], a[id=eyErMgKOTYiWY8-mz-5ybg]
--------[test][0], node[spvrvP6iSO23D1MkjNetVA], [R], v[6], s[STARTED], a[id=pz3KsSXbSku8tTIWCQ5Nww]
----shard_id [test][1]
--------[test][1], node[cWgEN3wCSDiMHUjSDJwJ8w], [P], v[6], s[STARTED], a[id=vGmAElymSUiJxaiVJ7jmOw]
--------[test][1], node[null], [R], v[6], s[UNASSIGNED], unassigned_info[[reason=NODE_LEFT], at[2016-03-29T21:32:40.858Z], details[node_left[4yqY1j8FTECj9n-FDXWCww]]]
----shard_id [test][2]
--------[test][2], node[chEL1cVxSiqyVnMoAxPsYQ], [P], v[7], s[STARTED], a[id=sLgGe6JPRTaT96A_3Jb1uA]
--------[test][2], node[spvrvP6iSO23D1MkjNetVA], [R], v[7], s[STARTED], a[id=rAf2AB54QseOzT21dcNVWg]

routing_nodes:
-----node_id[cWgEN3wCSDiMHUjSDJwJ8w][V]
--------[test][1], node[cWgEN3wCSDiMHUjSDJwJ8w], [P], v[6], s[STARTED], a[id=vGmAElymSUiJxaiVJ7jmOw]
-----node_id[chEL1cVxSiqyVnMoAxPsYQ][V]
--------[test][2], node[chEL1cVxSiqyVnMoAxPsYQ], [P], v[7], s[STARTED], a[id=sLgGe6JPRTaT96A_3Jb1uA]
--------[test][0], node[chEL1cVxSiqyVnMoAxPsYQ], [P], v[6], s[STARTED], a[id=eyErMgKOTYiWY8-mz-5ybg]
-----node_id[McPqDnPOTvSKu2pMXpCssw][V]
-----node_id[spvrvP6iSO23D1MkjNetVA][V]
--------[test][2], node[spvrvP6iSO23D1MkjNetVA], [R], v[7], s[STARTED], a[id=rAf2AB54QseOzT21dcNVWg]
--------[test][0], node[spvrvP6iSO23D1MkjNetVA], [R], v[6], s[STARTED], a[id=pz3KsSXbSku8tTIWCQ5Nww]
---- unassigned
--------[test][1], node[null], [R], v[6], s[UNASSIGNED], unassigned_info[[reason=NODE_LEFT], at[2016-03-29T21:32:40.858Z], details[node_left[4yqY1j8FTECj9n-FDXWCww]]]

[2016-03-29 17:32:40,972][DEBUG][org.elasticsearch.cluster.service] [node_t0] publishing cluster state version [24]
[2016-03-29 17:32:40,972][TRACE][org.elasticsearch.cluster.service] [node_t3] will process [local-disco-receive(from master)]
[2016-03-29 17:32:40,972][DEBUG][org.elasticsearch.cluster.service] [node_t3] processing [local-disco-receive(from master)]: execute
[2016-03-29 17:32:40,972][TRACE][org.elasticsearch.cluster.service] [node_t4] will process [local-disco-receive(from master)]
[2016-03-29 17:32:40,972][DEBUG][org.elasticsearch.cluster.service] [node_t4] processing [local-disco-receive(from master)]: execute
[2016-03-29 17:32:40,972][TRACE][org.elasticsearch.cluster.service] [node_t5] will process [local-disco-receive(from master)]
[2016-03-29 17:32:40,972][DEBUG][org.elasticsearch.cluster.service] [node_t5] processing [local-disco-receive(from master)]: execute
[2016-03-29 17:32:40,972][TRACE][org.elasticsearch.cluster.service] [node_t3] cluster state updated, source [local-disco-receive(from master)]
version: 24
state uuid: YhN5-RF8QbGws6SnLqeiMQ
from_diff: false
meta data version: 15
nodes: 
   {node_t0}{UfUp16d-QkC9d6GYxK1FHQ}{local}{local[276]}[master=>true, data=>false, mode=>local], master
   {node_t4}{spvrvP6iSO23D1MkjNetVA}{local}{local[280]}[mode=>local, master=>false]
   {node_t6}{cWgEN3wCSDiMHUjSDJwJ8w}{local}{local[285]}[mode=>local, master=>false]
   {node_t5}{McPqDnPOTvSKu2pMXpCssw}{local}{local[284]}[master=>false, mode=>local]
   {node_t3}{chEL1cVxSiqyVnMoAxPsYQ}{local}{local[279]}[master=>false, mode=>local], local
routing_table (version 13):
-- index [test]
----shard_id [test][0]
--------[test][0], node[chEL1cVxSiqyVnMoAxPsYQ], [P], v[6], s[STARTED], a[id=eyErMgKOTYiWY8-mz-5ybg]
--------[test][0], node[spvrvP6iSO23D1MkjNetVA], [R], v[6], s[STARTED], a[id=pz3KsSXbSku8tTIWCQ5Nww]
----shard_id [test][1]
--------[test][1], node[cWgEN3wCSDiMHUjSDJwJ8w], [P], v[6], s[STARTED], a[id=vGmAElymSUiJxaiVJ7jmOw]
--------[test][1], node[null], [R], v[6], s[UNASSIGNED], unassigned_info[[reason=NODE_LEFT], at[2016-03-29T21:32:40.858Z], details[node_left[4yqY1j8FTECj9n-FDXWCww]]]
----shard_id [test][2]
--------[test][2], node[chEL1cVxSiqyVnMoAxPsYQ], [P], v[7], s[STARTED], a[id=sLgGe6JPRTaT96A_3Jb1uA]
--------[test][2], node[spvrvP6iSO23D1MkjNetVA], [R], v[7], s[STARTED], a[id=rAf2AB54QseOzT21dcNVWg]

routing_nodes:
-----node_id[cWgEN3wCSDiMHUjSDJwJ8w][V]
--------[test][1], node[cWgEN3wCSDiMHUjSDJwJ8w], [P], v[6], s[STARTED], a[id=vGmAElymSUiJxaiVJ7jmOw]
-----node_id[chEL1cVxSiqyVnMoAxPsYQ][V]
--------[test][2], node[chEL1cVxSiqyVnMoAxPsYQ], [P], v[7], s[STARTED], a[id=sLgGe6JPRTaT96A_3Jb1uA]
--------[test][0], node[chEL1cVxSiqyVnMoAxPsYQ], [P], v[6], s[STARTED], a[id=eyErMgKOTYiWY8-mz-5ybg]
-----node_id[McPqDnPOTvSKu2pMXpCssw][V]
-----node_id[spvrvP6iSO23D1MkjNetVA][V]
--------[test][2], node[spvrvP6iSO23D1MkjNetVA], [R], v[7], s[STARTED], a[id=rAf2AB54QseOzT21dcNVWg]
--------[test][0], node[spvrvP6iSO23D1MkjNetVA], [R], v[6], s[STARTED], a[id=pz3KsSXbSku8tTIWCQ5Nww]
---- unassigned
--------[test][1], node[null], [R], v[6], s[UNASSIGNED], unassigned_info[[reason=NODE_LEFT], at[2016-03-29T21:32:40.858Z], details[node_left[4yqY1j8FTECj9n-FDXWCww]]]

[2016-03-29 17:32:40,972][TRACE][org.elasticsearch.cluster.service] [node_t5] cluster state updated, source [local-disco-receive(from master)]
version: 24
state uuid: YhN5-RF8QbGws6SnLqeiMQ
from_diff: false
meta data version: 15
nodes: 
   {node_t0}{UfUp16d-QkC9d6GYxK1FHQ}{local}{local[276]}[data=>false, master=>true, mode=>local], master
   {node_t4}{spvrvP6iSO23D1MkjNetVA}{local}{local[280]}[master=>false, mode=>local]
   {node_t6}{cWgEN3wCSDiMHUjSDJwJ8w}{local}{local[285]}[mode=>local, master=>false]
   {node_t5}{McPqDnPOTvSKu2pMXpCssw}{local}{local[284]}[master=>false, mode=>local], local
   {node_t3}{chEL1cVxSiqyVnMoAxPsYQ}{local}{local[279]}[master=>false, mode=>local]
routing_table (version 13):
-- index [test]
----shard_id [test][0]
--------[test][0], node[chEL1cVxSiqyVnMoAxPsYQ], [P], v[6], s[STARTED], a[id=eyErMgKOTYiWY8-mz-5ybg]
--------[test][0], node[spvrvP6iSO23D1MkjNetVA], [R], v[6], s[STARTED], a[id=pz3KsSXbSku8tTIWCQ5Nww]
----shard_id [test][1]
--------[test][1], node[cWgEN3wCSDiMHUjSDJwJ8w], [P], v[6], s[STARTED], a[id=vGmAElymSUiJxaiVJ7jmOw]
--------[test][1], node[null], [R], v[6], s[UNASSIGNED], unassigned_info[[reason=NODE_LEFT], at[2016-03-29T21:32:40.858Z], details[node_left[4yqY1j8FTECj9n-FDXWCww]]]
----shard_id [test][2]
--------[test][2], node[chEL1cVxSiqyVnMoAxPsYQ], [P], v[7], s[STARTED], a[id=sLgGe6JPRTaT96A_3Jb1uA]
--------[test][2], node[spvrvP6iSO23D1MkjNetVA], [R], v[7], s[STARTED], a[id=rAf2AB54QseOzT21dcNVWg]

routing_nodes:
-----node_id[cWgEN3wCSDiMHUjSDJwJ8w][V]
--------[test][1], node[cWgEN3wCSDiMHUjSDJwJ8w], [P], v[6], s[STARTED], a[id=vGmAElymSUiJxaiVJ7jmOw]
-----node_id[chEL1cVxSiqyVnMoAxPsYQ][V]
--------[test][2], node[chEL1cVxSiqyVnMoAxPsYQ], [P], v[7], s[STARTED], a[id=sLgGe6JPRTaT96A_3Jb1uA]
--------[test][0], node[chEL1cVxSiqyVnMoAxPsYQ], [P], v[6], s[STARTED], a[id=eyErMgKOTYiWY8-mz-5ybg]
-----node_id[McPqDnPOTvSKu2pMXpCssw][V]
-----node_id[spvrvP6iSO23D1MkjNetVA][V]
--------[test][2], node[spvrvP6iSO23D1MkjNetVA], [R], v[7], s[STARTED], a[id=rAf2AB54QseOzT21dcNVWg]
--------[test][0], node[spvrvP6iSO23D1MkjNetVA], [R], v[6], s[STARTED], a[id=pz3KsSXbSku8tTIWCQ5Nww]
---- unassigned
--------[test][1], node[null], [R], v[6], s[UNASSIGNED], unassigned_info[[reason=NODE_LEFT], at[2016-03-29T21:32:40.858Z], details[node_left[4yqY1j8FTECj9n-FDXWCww]]]

[2016-03-29 17:32:40,972][DEBUG][org.elasticsearch.cluster.service] [node_t5] set local cluster state to version 24
[2016-03-29 17:32:40,972][TRACE][org.elasticsearch.cluster.service] [node_t4] cluster state updated, source [local-disco-receive(from master)]
version: 24
state uuid: YhN5-RF8QbGws6SnLqeiMQ
from_diff: false
meta data version: 15
nodes: 
   {node_t0}{UfUp16d-QkC9d6GYxK1FHQ}{local}{local[276]}[mode=>local, master=>true, data=>false], master
   {node_t4}{spvrvP6iSO23D1MkjNetVA}{local}{local[280]}[master=>false, mode=>local], local
   {node_t6}{cWgEN3wCSDiMHUjSDJwJ8w}{local}{local[285]}[mode=>local, master=>false]
   {node_t5}{McPqDnPOTvSKu2pMXpCssw}{local}{local[284]}[master=>false, mode=>local]
   {node_t3}{chEL1cVxSiqyVnMoAxPsYQ}{local}{local[279]}[master=>false, mode=>local]
routing_table (version 13):
-- index [test]
----shard_id [test][0]
--------[test][0], node[chEL1cVxSiqyVnMoAxPsYQ], [P], v[6], s[STARTED], a[id=eyErMgKOTYiWY8-mz-5ybg]
--------[test][0], node[spvrvP6iSO23D1MkjNetVA], [R], v[6], s[STARTED], a[id=pz3KsSXbSku8tTIWCQ5Nww]
----shard_id [test][1]
--------[test][1], node[cWgEN3wCSDiMHUjSDJwJ8w], [P], v[6], s[STARTED], a[id=vGmAElymSUiJxaiVJ7jmOw]
--------[test][1], node[null], [R], v[6], s[UNASSIGNED], unassigned_info[[reason=NODE_LEFT], at[2016-03-29T21:32:40.858Z], details[node_left[4yqY1j8FTECj9n-FDXWCww]]]
----shard_id [test][2]
--------[test][2], node[chEL1cVxSiqyVnMoAxPsYQ], [P], v[7], s[STARTED], a[id=sLgGe6JPRTaT96A_3Jb1uA]
--------[test][2], node[spvrvP6iSO23D1MkjNetVA], [R], v[7], s[STARTED], a[id=rAf2AB54QseOzT21dcNVWg]

routing_nodes:
-----node_id[cWgEN3wCSDiMHUjSDJwJ8w][V]
--------[test][1], node[cWgEN3wCSDiMHUjSDJwJ8w], [P], v[6], s[STARTED], a[id=vGmAElymSUiJxaiVJ7jmOw]
-----node_id[chEL1cVxSiqyVnMoAxPsYQ][V]
--------[test][2], node[chEL1cVxSiqyVnMoAxPsYQ], [P], v[7], s[STARTED], a[id=sLgGe6JPRTaT96A_3Jb1uA]
--------[test][0], node[chEL1cVxSiqyVnMoAxPsYQ], [P], v[6], s[STARTED], a[id=eyErMgKOTYiWY8-mz-5ybg]
-----node_id[McPqDnPOTvSKu2pMXpCssw][V]
-----node_id[spvrvP6iSO23D1MkjNetVA][V]
--------[test][2], node[spvrvP6iSO23D1MkjNetVA], [R], v[7], s[STARTED], a[id=rAf2AB54QseOzT21dcNVWg]
--------[test][0], node[spvrvP6iSO23D1MkjNetVA], [R], v[6], s[STARTED], a[id=pz3KsSXbSku8tTIWCQ5Nww]
---- unassigned
--------[test][1], node[null], [R], v[6], s[UNASSIGNED], unassigned_info[[reason=NODE_LEFT], at[2016-03-29T21:32:40.858Z], details[node_left[4yqY1j8FTECj9n-FDXWCww]]]

[2016-03-29 17:32:40,972][TRACE][org.elasticsearch.cluster.service] [node_t6] will process [local-disco-receive(from master)]
[2016-03-29 17:32:40,973][DEBUG][org.elasticsearch.cluster.service] [node_t6] processing [local-disco-receive(from master)]: execute
[2016-03-29 17:32:40,973][DEBUG][org.elasticsearch.cluster.service] [node_t4] set local cluster state to version 24
[2016-03-29 17:32:40,972][DEBUG][org.elasticsearch.cluster.service] [node_t3] set local cluster state to version 24
[2016-03-29 17:32:40,973][TRACE][org.elasticsearch.cluster.service] [node_t6] cluster state updated, source [local-disco-receive(from master)]
version: 24
state uuid: YhN5-RF8QbGws6SnLqeiMQ
from_diff: false
meta data version: 15
nodes: 
   {node_t0}{UfUp16d-QkC9d6GYxK1FHQ}{local}{local[276]}[data=>false, mode=>local, master=>true], master
   {node_t4}{spvrvP6iSO23D1MkjNetVA}{local}{local[280]}[mode=>local, master=>false]
   {node_t6}{cWgEN3wCSDiMHUjSDJwJ8w}{local}{local[285]}[master=>false, mode=>local], local
   {node_t5}{McPqDnPOTvSKu2pMXpCssw}{local}{local[284]}[master=>false, mode=>local]
   {node_t3}{chEL1cVxSiqyVnMoAxPsYQ}{local}{local[279]}[master=>false, mode=>local]
routing_table (version 13):
-- index [test]
----shard_id [test][0]
--------[test][0], node[chEL1cVxSiqyVnMoAxPsYQ], [P], v[6], s[STARTED], a[id=eyErMgKOTYiWY8-mz-5ybg]
--------[test][0], node[spvrvP6iSO23D1MkjNetVA], [R], v[6], s[STARTED], a[id=pz3KsSXbSku8tTIWCQ5Nww]
----shard_id [test][1]
--------[test][1], node[cWgEN3wCSDiMHUjSDJwJ8w], [P], v[6], s[STARTED], a[id=vGmAElymSUiJxaiVJ7jmOw]
--------[test][1], node[null], [R], v[6], s[UNASSIGNED], unassigned_info[[reason=NODE_LEFT], at[2016-03-29T21:32:40.858Z], details[node_left[4yqY1j8FTECj9n-FDXWCww]]]
----shard_id [test][2]
--------[test][2], node[chEL1cVxSiqyVnMoAxPsYQ], [P], v[7], s[STARTED], a[id=sLgGe6JPRTaT96A_3Jb1uA]
--------[test][2], node[spvrvP6iSO23D1MkjNetVA], [R], v[7], s[STARTED], a[id=rAf2AB54QseOzT21dcNVWg]

routing_nodes:
-----node_id[cWgEN3wCSDiMHUjSDJwJ8w][V]
--------[test][1], node[cWgEN3wCSDiMHUjSDJwJ8w], [P], v[6], s[STARTED], a[id=vGmAElymSUiJxaiVJ7jmOw]
-----node_id[chEL1cVxSiqyVnMoAxPsYQ][V]
--------[test][2], node[chEL1cVxSiqyVnMoAxPsYQ], [P], v[7], s[STARTED], a[id=sLgGe6JPRTaT96A_3Jb1uA]
--------[test][0], node[chEL1cVxSiqyVnMoAxPsYQ], [P], v[6], s[STARTED], a[id=eyErMgKOTYiWY8-mz-5ybg]
-----node_id[McPqDnPOTvSKu2pMXpCssw][V]
-----node_id[spvrvP6iSO23D1MkjNetVA][V]
--------[test][2], node[spvrvP6iSO23D1MkjNetVA], [R], v[7], s[STARTED], a[id=rAf2AB54QseOzT21dcNVWg]
--------[test][0], node[spvrvP6iSO23D1MkjNetVA], [R], v[6], s[STARTED], a[id=pz3KsSXbSku8tTIWCQ5Nww]
---- unassigned
--------[test][1], node[null], [R], v[6], s[UNASSIGNED], unassigned_info[[reason=NODE_LEFT], at[2016-03-29T21:32:40.858Z], details[node_left[4yqY1j8FTECj9n-FDXWCww]]]

[2016-03-29 17:32:40,973][DEBUG][org.elasticsearch.cluster.service] [node_t6] set local cluster state to version 24
[2016-03-29 17:32:40,973][DEBUG][org.elasticsearch.cluster.service] [node_t5] processing [local-disco-receive(from master)]: took 0s done applying updated cluster_state (version: 24, uuid: YhN5-RF8QbGws6SnLqeiMQ)
[2016-03-29 17:32:40,974][DEBUG][org.elasticsearch.cluster.service] [node_t3] processing [local-disco-receive(from master)]: took 2ms done applying updated cluster_state (version: 24, uuid: YhN5-RF8QbGws6SnLqeiMQ)
[2016-03-29 17:32:40,974][DEBUG][org.elasticsearch.cluster.service] [node_t4] processing [local-disco-receive(from master)]: took 2ms done applying updated cluster_state (version: 24, uuid: YhN5-RF8QbGws6SnLqeiMQ)
[2016-03-29 17:32:40,975][DEBUG][org.elasticsearch.cluster.service] [node_t6] processing [local-disco-receive(from master)]: took 2ms done applying updated cluster_state (version: 24, uuid: YhN5-RF8QbGws6SnLqeiMQ)
[2016-03-29 17:32:40,975][DEBUG][org.elasticsearch.cluster.service] [node_t0] set local cluster state to version 24
[2016-03-29 17:32:40,975][TRACE][org.elasticsearch.cluster.service] [node_t6] will process [indices_store ([[test][0]] active fully on other nodes)]
[2016-03-29 17:32:40,975][DEBUG][org.elasticsearch.cluster.service] [node_t6] processing [indices_store ([[test][0]] active fully on other nodes)]: execute
[2016-03-29 17:32:40,977][DEBUG][org.elasticsearch.cluster.service] [node_t6] processing [indices_store ([[test][0]] active fully on other nodes)]: took 1ms no change in cluster_state
[2016-03-29 17:32:40,977][TRACE][org.elasticsearch.cluster.service] [node_t6] will process [indices_store ([[test][2]] active fully on other nodes)]
[2016-03-29 17:32:40,977][DEBUG][org.elasticsearch.cluster.service] [node_t6] processing [indices_store ([[test][2]] active fully on other nodes)]: execute
[2016-03-29 17:32:40,977][DEBUG][org.elasticsearch.cluster.service] [node_t0] processing [shard-started ([test][1], node[cWgEN3wCSDiMHUjSDJwJ8w], [P], v[5], s[INITIALIZING], a[id=vGmAElymSUiJxaiVJ7jmOw], unassigned_info[[reason=NODE_LEFT], at[2016-03-29T21:32:40.866Z], details[node_left[cH4Pg-Z1Q3WtjSpkLJVcMQ]]]), reason [after recovery from store],shard-started ([test][1], node[cWgEN3wCSDiMHUjSDJwJ8w], [P], v[5], s[INITIALIZING], a[id=vGmAElymSUiJxaiVJ7jmOw], unassigned_info[[reason=NODE_LEFT], at[2016-03-29T21:32:40.866Z], details[node_left[cH4Pg-Z1Q3WtjSpkLJVcMQ]]]), reason [master {node_t0}{UfUp16d-QkC9d6GYxK1FHQ}{local}{local[276]}[data=>false, mode=>local, master=>true] marked shard as initializing, but shard state is [POST_RECOVERY], mark shard as started]]: took 5ms done applying updated cluster_state (version: 24, uuid: YhN5-RF8QbGws6SnLqeiMQ)
[2016-03-29 17:32:40,977][TRACE][org.elasticsearch.cluster.service] [node_t0] will process [reroute_after_cluster_update_settings]
[2016-03-29 17:32:40,977][DEBUG][org.elasticsearch.cluster.service] [node_t0] processing [reroute_after_cluster_update_settings]: execute
[2016-03-29 17:32:40,977][TRACE][org.elasticsearch.cluster.service] expecting 5 acknowledgements for cluster_state update (version: 25)
[2016-03-29 17:32:40,977][TRACE][org.elasticsearch.cluster.service] [node_t0] cluster state updated, source [reroute_after_cluster_update_settings]
version: 25
state uuid: GjBzaA_SRaaP0QqvKqbW3g
from_diff: false
meta data version: 15
nodes: 
   {node_t0}{UfUp16d-QkC9d6GYxK1FHQ}{local}{local[276]}[master=>true, data=>false, mode=>local], local, master
   {node_t4}{spvrvP6iSO23D1MkjNetVA}{local}{local[280]}[master=>false, mode=>local]
   {node_t6}{cWgEN3wCSDiMHUjSDJwJ8w}{local}{local[285]}[master=>false, mode=>local]
   {node_t5}{McPqDnPOTvSKu2pMXpCssw}{local}{local[284]}[master=>false, mode=>local]
   {node_t3}{chEL1cVxSiqyVnMoAxPsYQ}{local}{local[279]}[master=>false, mode=>local]
routing_table (version 14):
-- index [test]
----shard_id [test][0]
--------[test][0], node[chEL1cVxSiqyVnMoAxPsYQ], [P], v[6], s[STARTED], a[id=eyErMgKOTYiWY8-mz-5ybg]
--------[test][0], node[spvrvP6iSO23D1MkjNetVA], [R], v[6], s[STARTED], a[id=pz3KsSXbSku8tTIWCQ5Nww]
----shard_id [test][1]
--------[test][1], node[cWgEN3wCSDiMHUjSDJwJ8w], [P], v[7], s[STARTED], a[id=vGmAElymSUiJxaiVJ7jmOw]
--------[test][1], node[McPqDnPOTvSKu2pMXpCssw], [R], v[7], s[INITIALIZING], a[id=KP2I8VGbQiyOAPocK5f8wA], unassigned_info[[reason=NODE_LEFT], at[2016-03-29T21:32:40.858Z], details[node_left[4yqY1j8FTECj9n-FDXWCww]]]
----shard_id [test][2]
--------[test][2], node[chEL1cVxSiqyVnMoAxPsYQ], [P], v[7], s[STARTED], a[id=sLgGe6JPRTaT96A_3Jb1uA]
--------[test][2], node[spvrvP6iSO23D1MkjNetVA], [R], v[7], s[STARTED], a[id=rAf2AB54QseOzT21dcNVWg]

routing_nodes:
-----node_id[cWgEN3wCSDiMHUjSDJwJ8w][V]
--------[test][1], node[cWgEN3wCSDiMHUjSDJwJ8w], [P], v[7], s[STARTED], a[id=vGmAElymSUiJxaiVJ7jmOw]
-----node_id[chEL1cVxSiqyVnMoAxPsYQ][V]
--------[test][2], node[chEL1cVxSiqyVnMoAxPsYQ], [P], v[7], s[STARTED], a[id=sLgGe6JPRTaT96A_3Jb1uA]
--------[test][0], node[chEL1cVxSiqyVnMoAxPsYQ], [P], v[6], s[STARTED], a[id=eyErMgKOTYiWY8-mz-5ybg]
-----node_id[McPqDnPOTvSKu2pMXpCssw][V]
--------[test][1], node[McPqDnPOTvSKu2pMXpCssw], [R], v[7], s[INITIALIZING], a[id=KP2I8VGbQiyOAPocK5f8wA], unassigned_info[[reason=NODE_LEFT], at[2016-03-29T21:32:40.858Z], details[node_left[4yqY1j8FTECj9n-FDXWCww]]]
-----node_id[spvrvP6iSO23D1MkjNetVA][V]
--------[test][2], node[spvrvP6iSO23D1MkjNetVA], [R], v[7], s[STARTED], a[id=rAf2AB54QseOzT21dcNVWg]
--------[test][0], node[spvrvP6iSO23D1MkjNetVA], [R], v[6], s[STARTED], a[id=pz3KsSXbSku8tTIWCQ5Nww]
---- unassigned

[2016-03-29 17:32:40,978][DEBUG][org.elasticsearch.cluster.service] [node_t0] publishing cluster state version [25]
[2016-03-29 17:32:40,978][DEBUG][org.elasticsearch.cluster.service] [node_t6] processing [indices_store ([[test][2]] active fully on other nodes)]: took 0s no change in cluster_state
[2016-03-29 17:32:40,978][TRACE][org.elasticsearch.cluster.service] [node_t4] will process [local-disco-receive(from master)]
[2016-03-29 17:32:40,978][DEBUG][org.elasticsearch.cluster.service] [node_t4] processing [local-disco-receive(from master)]: execute
[2016-03-29 17:32:40,978][TRACE][org.elasticsearch.cluster.service] [node_t3] will process [local-disco-receive(from master)]
[2016-03-29 17:32:40,978][TRACE][org.elasticsearch.cluster.service] [node_t6] will process [local-disco-receive(from master)]
[2016-03-29 17:32:40,978][TRACE][org.elasticsearch.cluster.service] [node_t5] will process [local-disco-receive(from master)]
[2016-03-29 17:32:40,978][DEBUG][org.elasticsearch.cluster.service] [node_t5] processing [local-disco-receive(from master)]: execute
[2016-03-29 17:32:40,978][DEBUG][org.elasticsearch.cluster.service] [node_t6] processing [local-disco-receive(from master)]: execute
[2016-03-29 17:32:40,978][DEBUG][org.elasticsearch.cluster.service] [node_t3] processing [local-disco-receive(from master)]: execute
[2016-03-29 17:32:40,978][TRACE][org.elasticsearch.cluster.service] [node_t4] cluster state updated, source [local-disco-receive(from master)]
version: 25
state uuid: GjBzaA_SRaaP0QqvKqbW3g
from_diff: false
meta data version: 15
nodes: 
   {node_t0}{UfUp16d-QkC9d6GYxK1FHQ}{local}{local[276]}[mode=>local, master=>true, data=>false], master
   {node_t4}{spvrvP6iSO23D1MkjNetVA}{local}{local[280]}[master=>false, mode=>local], local
   {node_t6}{cWgEN3wCSDiMHUjSDJwJ8w}{local}{local[285]}[mode=>local, master=>false]
   {node_t5}{McPqDnPOTvSKu2pMXpCssw}{local}{local[284]}[master=>false, mode=>local]
   {node_t3}{chEL1cVxSiqyVnMoAxPsYQ}{local}{local[279]}[master=>false, mode=>local]
routing_table (version 14):
-- index [test]
----shard_id [test][0]
--------[test][0], node[chEL1cVxSiqyVnMoAxPsYQ], [P], v[6], s[STARTED], a[id=eyErMgKOTYiWY8-mz-5ybg]
--------[test][0], node[spvrvP6iSO23D1MkjNetVA], [R], v[6], s[STARTED], a[id=pz3KsSXbSku8tTIWCQ5Nww]
----shard_id [test][1]
--------[test][1], node[cWgEN3wCSDiMHUjSDJwJ8w], [P], v[7], s[STARTED], a[id=vGmAElymSUiJxaiVJ7jmOw]
--------[test][1], node[McPqDnPOTvSKu2pMXpCssw], [R], v[7], s[INITIALIZING], a[id=KP2I8VGbQiyOAPocK5f8wA], unassigned_info[[reason=NODE_LEFT], at[2016-03-29T21:32:40.858Z], details[node_left[4yqY1j8FTECj9n-FDXWCww]]]
----shard_id [test][2]
--------[test][2], node[chEL1cVxSiqyVnMoAxPsYQ], [P], v[7], s[STARTED], a[id=sLgGe6JPRTaT96A_3Jb1uA]
--------[test][2], node[spvrvP6iSO23D1MkjNetVA], [R], v[7], s[STARTED], a[id=rAf2AB54QseOzT21dcNVWg]

routing_nodes:
-----node_id[cWgEN3wCSDiMHUjSDJwJ8w][V]
--------[test][1], node[cWgEN3wCSDiMHUjSDJwJ8w], [P], v[7], s[STARTED], a[id=vGmAElymSUiJxaiVJ7jmOw]
-----node_id[chEL1cVxSiqyVnMoAxPsYQ][V]
--------[test][2], node[chEL1cVxSiqyVnMoAxPsYQ], [P], v[7], s[STARTED], a[id=sLgGe6JPRTaT96A_3Jb1uA]
--------[test][0], node[chEL1cVxSiqyVnMoAxPsYQ], [P], v[6], s[STARTED], a[id=eyErMgKOTYiWY8-mz-5ybg]
-----node_id[McPqDnPOTvSKu2pMXpCssw][V]
--------[test][1], node[McPqDnPOTvSKu2pMXpCssw], [R], v[7], s[INITIALIZING], a[id=KP2I8VGbQiyOAPocK5f8wA], unassigned_info[[reason=NODE_LEFT], at[2016-03-29T21:32:40.858Z], details[node_left[4yqY1j8FTECj9n-FDXWCww]]]
-----node_id[spvrvP6iSO23D1MkjNetVA][V]
--------[test][2], node[spvrvP6iSO23D1MkjNetVA], [R], v[7], s[STARTED], a[id=rAf2AB54QseOzT21dcNVWg]
--------[test][0], node[spvrvP6iSO23D1MkjNetVA], [R], v[6], s[STARTED], a[id=pz3KsSXbSku8tTIWCQ5Nww]
---- unassigned

[2016-03-29 17:32:40,978][DEBUG][org.elasticsearch.cluster.service] [node_t4] set local cluster state to version 25
[2016-03-29 17:32:40,978][TRACE][org.elasticsearch.cluster.service] [node_t3] cluster state updated, source [local-disco-receive(from master)]
version: 25
state uuid: GjBzaA_SRaaP0QqvKqbW3g
from_diff: false
meta data version: 15
nodes: 
   {node_t0}{UfUp16d-QkC9d6GYxK1FHQ}{local}{local[276]}[master=>true, data=>false, mode=>local], master
   {node_t4}{spvrvP6iSO23D1MkjNetVA}{local}{local[280]}[mode=>local, master=>false]
   {node_t6}{cWgEN3wCSDiMHUjSDJwJ8w}{local}{local[285]}[mode=>local, master=>false]
   {node_t5}{McPqDnPOTvSKu2pMXpCssw}{local}{local[284]}[master=>false, mode=>local]
   {node_t3}{chEL1cVxSiqyVnMoAxPsYQ}{local}{local[279]}[master=>false, mode=>local], local
routing_table (version 14):
-- index [test]
----shard_id [test][0]
--------[test][0], node[chEL1cVxSiqyVnMoAxPsYQ], [P], v[6], s[STARTED], a[id=eyErMgKOTYiWY8-mz-5ybg]
--------[test][0], node[spvrvP6iSO23D1MkjNetVA], [R], v[6], s[STARTED], a[id=pz3KsSXbSku8tTIWCQ5Nww]
----shard_id [test][1]
--------[test][1], node[cWgEN3wCSDiMHUjSDJwJ8w], [P], v[7], s[STARTED], a[id=vGmAElymSUiJxaiVJ7jmOw]
--------[test][1], node[McPqDnPOTvSKu2pMXpCssw], [R], v[7], s[INITIALIZING], a[id=KP2I8VGbQiyOAPocK5f8wA], unassigned_info[[reason=NODE_LEFT], at[2016-03-29T21:32:40.858Z], details[node_left[4yqY1j8FTECj9n-FDXWCww]]]
----shard_id [test][2]
--------[test][2], node[chEL1cVxSiqyVnMoAxPsYQ], [P], v[7], s[STARTED], a[id=sLgGe6JPRTaT96A_3Jb1uA]
--------[test][2], node[spvrvP6iSO23D1MkjNetVA], [R], v[7], s[STARTED], a[id=rAf2AB54QseOzT21dcNVWg]

routing_nodes:
-----node_id[cWgEN3wCSDiMHUjSDJwJ8w][V]
--------[test][1], node[cWgEN3wCSDiMHUjSDJwJ8w], [P], v[7], s[STARTED], a[id=vGmAElymSUiJxaiVJ7jmOw]
-----node_id[chEL1cVxSiqyVnMoAxPsYQ][V]
--------[test][2], node[chEL1cVxSiqyVnMoAxPsYQ], [P], v[7], s[STARTED], a[id=sLgGe6JPRTaT96A_3Jb1uA]
--------[test][0], node[chEL1cVxSiqyVnMoAxPsYQ], [P], v[6], s[STARTED], a[id=eyErMgKOTYiWY8-mz-5ybg]
-----node_id[McPqDnPOTvSKu2pMXpCssw][V]
--------[test][1], node[McPqDnPOTvSKu2pMXpCssw], [R], v[7], s[INITIALIZING], a[id=KP2I8VGbQiyOAPocK5f8wA], unassigned_info[[reason=NODE_LEFT], at[2016-03-29T21:32:40.858Z], details[node_left[4yqY1j8FTECj9n-FDXWCww]]]
-----node_id[spvrvP6iSO23D1MkjNetVA][V]
--------[test][2], node[spvrvP6iSO23D1MkjNetVA], [R], v[7], s[STARTED], a[id=rAf2AB54QseOzT21dcNVWg]
--------[test][0], node[spvrvP6iSO23D1MkjNetVA], [R], v[6], s[STARTED], a[id=pz3KsSXbSku8tTIWCQ5Nww]
---- unassigned

[2016-03-29 17:32:40,978][TRACE][org.elasticsearch.cluster.service] [node_t6] cluster state updated, source [local-disco-receive(from master)]
version: 25
state uuid: GjBzaA_SRaaP0QqvKqbW3g
from_diff: false
meta data version: 15
nodes: 
   {node_t0}{UfUp16d-QkC9d6GYxK1FHQ}{local}{local[276]}[data=>false, mode=>local, master=>true], master
   {node_t4}{spvrvP6iSO23D1MkjNetVA}{local}{local[280]}[mode=>local, master=>false]
   {node_t6}{cWgEN3wCSDiMHUjSDJwJ8w}{local}{local[285]}[master=>false, mode=>local], local
   {node_t5}{McPqDnPOTvSKu2pMXpCssw}{local}{local[284]}[master=>false, mode=>local]
   {node_t3}{chEL1cVxSiqyVnMoAxPsYQ}{local}{local[279]}[master=>false, mode=>local]
routing_table (version 14):
-- index [test]
----shard_id [test][0]
--------[test][0], node[chEL1cVxSiqyVnMoAxPsYQ], [P], v[6], s[STARTED], a[id=eyErMgKOTYiWY8-mz-5ybg]
--------[test][0], node[spvrvP6iSO23D1MkjNetVA], [R], v[6], s[STARTED], a[id=pz3KsSXbSku8tTIWCQ5Nww]
----shard_id [test][1]
--------[test][1], node[cWgEN3wCSDiMHUjSDJwJ8w], [P], v[7], s[STARTED], a[id=vGmAElymSUiJxaiVJ7jmOw]
--------[test][1], node[McPqDnPOTvSKu2pMXpCssw], [R], v[7], s[INITIALIZING], a[id=KP2I8VGbQiyOAPocK5f8wA], unassigned_info[[reason=NODE_LEFT], at[2016-03-29T21:32:40.858Z], details[node_left[4yqY1j8FTECj9n-FDXWCww]]]
----shard_id [test][2]
--------[test][2], node[chEL1cVxSiqyVnMoAxPsYQ], [P], v[7], s[STARTED], a[id=sLgGe6JPRTaT96A_3Jb1uA]
--------[test][2], node[spvrvP6iSO23D1MkjNetVA], [R], v[7], s[STARTED], a[id=rAf2AB54QseOzT21dcNVWg]

routing_nodes:
-----node_id[cWgEN3wCSDiMHUjSDJwJ8w][V]
--------[test][1], node[cWgEN3wCSDiMHUjSDJwJ8w], [P], v[7], s[STARTED], a[id=vGmAElymSUiJxaiVJ7jmOw]
-----node_id[chEL1cVxSiqyVnMoAxPsYQ][V]
--------[test][2], node[chEL1cVxSiqyVnMoAxPsYQ], [P], v[7], s[STARTED], a[id=sLgGe6JPRTaT96A_3Jb1uA]
--------[test][0], node[chEL1cVxSiqyVnMoAxPsYQ], [P], v[6], s[STARTED], a[id=eyErMgKOTYiWY8-mz-5ybg]
-----node_id[McPqDnPOTvSKu2pMXpCssw][V]
--------[test][1], node[McPqDnPOTvSKu2pMXpCssw], [R], v[7], s[INITIALIZING], a[id=KP2I8VGbQiyOAPocK5f8wA], unassigned_info[[reason=NODE_LEFT], at[2016-03-29T21:32:40.858Z], details[node_left[4yqY1j8FTECj9n-FDXWCww]]]
-----node_id[spvrvP6iSO23D1MkjNetVA][V]
--------[test][2], node[spvrvP6iSO23D1MkjNetVA], [R], v[7], s[STARTED], a[id=rAf2AB54QseOzT21dcNVWg]
--------[test][0], node[spvrvP6iSO23D1MkjNetVA], [R], v[6], s[STARTED], a[id=pz3KsSXbSku8tTIWCQ5Nww]
---- unassigned

[2016-03-29 17:32:40,978][TRACE][org.elasticsearch.cluster.service] [node_t5] cluster state updated, source [local-disco-receive(from master)]
version: 25
state uuid: GjBzaA_SRaaP0QqvKqbW3g
from_diff: false
meta data version: 15
nodes: 
   {node_t0}{UfUp16d-QkC9d6GYxK1FHQ}{local}{local[276]}[data=>false, master=>true, mode=>local], master
   {node_t4}{spvrvP6iSO23D1MkjNetVA}{local}{local[280]}[master=>false, mode=>local]
   {node_t6}{cWgEN3wCSDiMHUjSDJwJ8w}{local}{local[285]}[mode=>local, master=>false]
   {node_t5}{McPqDnPOTvSKu2pMXpCssw}{local}{local[284]}[master=>false, mode=>local], local
   {node_t3}{chEL1cVxSiqyVnMoAxPsYQ}{local}{local[279]}[master=>false, mode=>local]
routing_table (version 14):
-- index [test]
----shard_id [test][0]
--------[test][0], node[chEL1cVxSiqyVnMoAxPsYQ], [P], v[6], s[STARTED], a[id=eyErMgKOTYiWY8-mz-5ybg]
--------[test][0], node[spvrvP6iSO23D1MkjNetVA], [R], v[6], s[STARTED], a[id=pz3KsSXbSku8tTIWCQ5Nww]
----shard_id [test][1]
--------[test][1], node[cWgEN3wCSDiMHUjSDJwJ8w], [P], v[7], s[STARTED], a[id=vGmAElymSUiJxaiVJ7jmOw]
--------[test][1], node[McPqDnPOTvSKu2pMXpCssw], [R], v[7], s[INITIALIZING], a[id=KP2I8VGbQiyOAPocK5f8wA], unassigned_info[[reason=NODE_LEFT], at[2016-03-29T21:32:40.858Z], details[node_left[4yqY1j8FTECj9n-FDXWCww]]]
----shard_id [test][2]
--------[test][2], node[chEL1cVxSiqyVnMoAxPsYQ], [P], v[7], s[STARTED], a[id=sLgGe6JPRTaT96A_3Jb1uA]
--------[test][2], node[spvrvP6iSO23D1MkjNetVA], [R], v[7], s[STARTED], a[id=rAf2AB54QseOzT21dcNVWg]

routing_nodes:
-----node_id[cWgEN3wCSDiMHUjSDJwJ8w][V]
--------[test][1], node[cWgEN3wCSDiMHUjSDJwJ8w], [P], v[7], s[STARTED], a[id=vGmAElymSUiJxaiVJ7jmOw]
-----node_id[chEL1cVxSiqyVnMoAxPsYQ][V]
--------[test][2], node[chEL1cVxSiqyVnMoAxPsYQ], [P], v[7], s[STARTED], a[id=sLgGe6JPRTaT96A_3Jb1uA]
--------[test][0], node[chEL1cVxSiqyVnMoAxPsYQ], [P], v[6], s[STARTED], a[id=eyErMgKOTYiWY8-mz-5ybg]
-----node_id[McPqDnPOTvSKu2pMXpCssw][V]
--------[test][1], node[McPqDnPOTvSKu2pMXpCssw], [R], v[7], s[INITIALIZING], a[id=KP2I8VGbQiyOAPocK5f8wA], unassigned_info[[reason=NODE_LEFT], at[2016-03-29T21:32:40.858Z], details[node_left[4yqY1j8FTECj9n-FDXWCww]]]
-----node_id[spvrvP6iSO23D1MkjNetVA][V]
--------[test][2], node[spvrvP6iSO23D1MkjNetVA], [R], v[7], s[STARTED], a[id=rAf2AB54QseOzT21dcNVWg]
--------[test][0], node[spvrvP6iSO23D1MkjNetVA], [R], v[6], s[STARTED], a[id=pz3KsSXbSku8tTIWCQ5Nww]
---- unassigned

[2016-03-29 17:32:40,978][DEBUG][org.elasticsearch.cluster.service] [node_t5] set local cluster state to version 25
[2016-03-29 17:32:40,978][TRACE][org.elasticsearch.cluster.service] ack received from node [{node_t4}{spvrvP6iSO23D1MkjNetVA}{local}{local[280]}[master=>false, mode=>local]], cluster_state update (version: 25)
[2016-03-29 17:32:40,978][DEBUG][org.elasticsearch.cluster.service] [node_t4] processing [local-disco-receive(from master)]: took 0s done applying updated cluster_state (version: 25, uuid: GjBzaA_SRaaP0QqvKqbW3g)
[2016-03-29 17:32:40,978][DEBUG][org.elasticsearch.cluster.service] [node_t6] set local cluster state to version 25
[2016-03-29 17:32:40,978][DEBUG][org.elasticsearch.cluster.service] [node_t3] set local cluster state to version 25
[2016-03-29 17:32:40,979][TRACE][org.elasticsearch.cluster.service] ack received from node [{node_t3}{chEL1cVxSiqyVnMoAxPsYQ}{local}{local[279]}[master=>false, mode=>local]], cluster_state update (version: 25)
[2016-03-29 17:32:40,979][DEBUG][org.elasticsearch.cluster.service] [node_t3] processing [local-disco-receive(from master)]: took 0s done applying updated cluster_state (version: 25, uuid: GjBzaA_SRaaP0QqvKqbW3g)
[2016-03-29 17:32:40,980][TRACE][org.elasticsearch.cluster.service] ack received from node [{node_t6}{cWgEN3wCSDiMHUjSDJwJ8w}{local}{local[285]}[master=>false, mode=>local]], cluster_state update (version: 25)
[2016-03-29 17:32:40,980][DEBUG][org.elasticsearch.cluster.service] [node_t6] processing [local-disco-receive(from master)]: took 2ms done applying updated cluster_state (version: 25, uuid: GjBzaA_SRaaP0QqvKqbW3g)
[2016-03-29 17:32:40,980][TRACE][org.elasticsearch.cluster.service] [node_t6] will process [indices_store ([[test][2]] active fully on other nodes)]
[2016-03-29 17:32:40,980][DEBUG][org.elasticsearch.cluster.service] [node_t6] processing [indices_store ([[test][2]] active fully on other nodes)]: execute
[2016-03-29 17:32:40,982][DEBUG][org.elasticsearch.cluster.service] [node_t6] processing [indices_store ([[test][2]] active fully on other nodes)]: took 1ms no change in cluster_state
[2016-03-29 17:32:40,982][TRACE][org.elasticsearch.cluster.service] [node_t6] will process [indices_store ([[test][0]] active fully on other nodes)]
[2016-03-29 17:32:40,982][DEBUG][org.elasticsearch.cluster.service] [node_t6] processing [indices_store ([[test][0]] active fully on other nodes)]: execute
[2016-03-29 17:32:40,982][TRACE][org.elasticsearch.cluster.service] ack received from node [{node_t5}{McPqDnPOTvSKu2pMXpCssw}{local}{local[284]}[master=>false, mode=>local]], cluster_state update (version: 25)
[2016-03-29 17:32:40,982][DEBUG][org.elasticsearch.cluster.service] [node_t5] processing [local-disco-receive(from master)]: took 4ms done applying updated cluster_state (version: 25, uuid: GjBzaA_SRaaP0QqvKqbW3g)
[2016-03-29 17:32:40,982][DEBUG][org.elasticsearch.cluster.service] [node_t0] set local cluster state to version 25
[2016-03-29 17:32:40,982][TRACE][org.elasticsearch.cluster.service] [node_t5] will process [indices_store ([[test][2]] active fully on other nodes)]
[2016-03-29 17:32:40,982][DEBUG][org.elasticsearch.cluster.service] [node_t5] processing [indices_store ([[test][2]] active fully on other nodes)]: execute
[2016-03-29 17:32:40,983][TRACE][org.elasticsearch.cluster.service] ack received from node [{node_t0}{UfUp16d-QkC9d6GYxK1FHQ}{local}{local[276]}[master=>true, data=>false, mode=>local]], cluster_state update (version: 25)
[2016-03-29 17:32:40,984][DEBUG][org.elasticsearch.cluster.service] [node_t6] processing [indices_store ([[test][0]] active fully on other nodes)]: took 1ms no change in cluster_state
[2016-03-29 17:32:40,984][TRACE][org.elasticsearch.cluster.service] all expected nodes acknowledged cluster_state update (version: 25)
[2016-03-29 17:32:40,984][DEBUG][org.elasticsearch.cluster.service] [node_t0] processing [reroute_after_cluster_update_settings]: took 6ms done applying updated cluster_state (version: 25, uuid: GjBzaA_SRaaP0QqvKqbW3g)
[2016-03-29 17:32:40,984][TRACE][org.elasticsearch.cluster.service] [node_t0] will process [cluster_reroute(async_shard_fetch)]
[2016-03-29 17:32:40,984][DEBUG][org.elasticsearch.cluster.service] [node_t0] processing [cluster_reroute(async_shard_fetch)]: execute
[2016-03-29 17:32:40,984][DEBUG][org.elasticsearch.cluster.service] [node_t0] processing [cluster_reroute(async_shard_fetch)]: took 0s no change in cluster_state
[2016-03-29 17:32:40,984][DEBUG][org.elasticsearch.cluster.service] [node_t5] processing [indices_store ([[test][2]] active fully on other nodes)]: took 1ms no change in cluster_state
[2016-03-29 17:32:40,984][TRACE][org.elasticsearch.cluster.service] [node_t5] will process [indices_store ([[test][0]] active fully on other nodes)]
[2016-03-29 17:32:40,984][DEBUG][org.elasticsearch.cluster.service] [node_t5] processing [indices_store ([[test][0]] active fully on other nodes)]: execute
[2016-03-29 17:32:40,984][TRACE][org.elasticsearch.cluster.service] [node_t0] will process [cluster_health (wait_for_events [LANGUID])]
[2016-03-29 17:32:40,984][DEBUG][org.elasticsearch.cluster.service] [node_t0] processing [cluster_health (wait_for_events [LANGUID])]: execute
[2016-03-29 17:32:40,984][DEBUG][org.elasticsearch.cluster.service] [node_t0] processing [cluster_health (wait_for_events [LANGUID])]: took 0s no change in cluster_state
[2016-03-29 17:32:40,986][DEBUG][org.elasticsearch.cluster.service] [node_t5] processing [indices_store ([[test][0]] active fully on other nodes)]: took 1ms no change in cluster_state
[2016-03-29 17:32:40,988][TRACE][org.elasticsearch.cluster.service] [node_t0] will process [shard-started ([test][1], node[McPqDnPOTvSKu2pMXpCssw], [R], v[7], s[INITIALIZING], a[id=KP2I8VGbQiyOAPocK5f8wA], unassigned_info[[reason=NODE_LEFT], at[2016-03-29T21:32:40.858Z], details[node_left[4yqY1j8FTECj9n-FDXWCww]]]), reason [after recovery (replica) from node [{node_t6}{cWgEN3wCSDiMHUjSDJwJ8w}{local}{local[285]}[mode=>local, master=>false]]]]
[2016-03-29 17:32:40,988][DEBUG][org.elasticsearch.cluster.service] [node_t0] processing [shard-started ([test][1], node[McPqDnPOTvSKu2pMXpCssw], [R], v[7], s[INITIALIZING], a[id=KP2I8VGbQiyOAPocK5f8wA], unassigned_info[[reason=NODE_LEFT], at[2016-03-29T21:32:40.858Z], details[node_left[4yqY1j8FTECj9n-FDXWCww]]]), reason [after recovery (replica) from node [{node_t6}{cWgEN3wCSDiMHUjSDJwJ8w}{local}{local[285]}[mode=>local, master=>false]]]]: execute
[2016-03-29 17:32:40,989][TRACE][org.elasticsearch.cluster.service] [node_t0] cluster state updated, source [shard-started ([test][1], node[McPqDnPOTvSKu2pMXpCssw], [R], v[7], s[INITIALIZING], a[id=KP2I8VGbQiyOAPocK5f8wA], unassigned_info[[reason=NODE_LEFT], at[2016-03-29T21:32:40.858Z], details[node_left[4yqY1j8FTECj9n-FDXWCww]]]), reason [after recovery (replica) from node [{node_t6}{cWgEN3wCSDiMHUjSDJwJ8w}{local}{local[285]}[mode=>local, master=>false]]]]
version: 26
state uuid: d3IUZ4l2RgOy7j48d-sueA
from_diff: false
meta data version: 16
nodes: 
   {node_t0}{UfUp16d-QkC9d6GYxK1FHQ}{local}{local[276]}[master=>true, data=>false, mode=>local], local, master
   {node_t4}{spvrvP6iSO23D1MkjNetVA}{local}{local[280]}[master=>false, mode=>local]
   {node_t6}{cWgEN3wCSDiMHUjSDJwJ8w}{local}{local[285]}[master=>false, mode=>local]
   {node_t5}{McPqDnPOTvSKu2pMXpCssw}{local}{local[284]}[master=>false, mode=>local]
   {node_t3}{chEL1cVxSiqyVnMoAxPsYQ}{local}{local[279]}[master=>false, mode=>local]
routing_table (version 15):
-- index [test]
----shard_id [test][0]
--------[test][0], node[chEL1cVxSiqyVnMoAxPsYQ], [P], v[6], s[STARTED], a[id=eyErMgKOTYiWY8-mz-5ybg]
--------[test][0], node[spvrvP6iSO23D1MkjNetVA], [R], v[6], s[STARTED], a[id=pz3KsSXbSku8tTIWCQ5Nww]
----shard_id [test][1]
--------[test][1], node[cWgEN3wCSDiMHUjSDJwJ8w], [P], v[8], s[STARTED], a[id=vGmAElymSUiJxaiVJ7jmOw]
--------[test][1], node[McPqDnPOTvSKu2pMXpCssw], [R], v[8], s[STARTED], a[id=KP2I8VGbQiyOAPocK5f8wA]
----shard_id [test][2]
--------[test][2], node[chEL1cVxSiqyVnMoAxPsYQ], [P], v[7], s[STARTED], a[id=sLgGe6JPRTaT96A_3Jb1uA]
--------[test][2], node[spvrvP6iSO23D1MkjNetVA], [R], v[7], s[STARTED], a[id=rAf2AB54QseOzT21dcNVWg]

routing_nodes:
-----node_id[cWgEN3wCSDiMHUjSDJwJ8w][V]
--------[test][1], node[cWgEN3wCSDiMHUjSDJwJ8w], [P], v[8], s[STARTED], a[id=vGmAElymSUiJxaiVJ7jmOw]
-----node_id[chEL1cVxSiqyVnMoAxPsYQ][V]
--------[test][2], node[chEL1cVxSiqyVnMoAxPsYQ], [P], v[7], s[STARTED], a[id=sLgGe6JPRTaT96A_3Jb1uA]
--------[test][0], node[chEL1cVxSiqyVnMoAxPsYQ], [P], v[6], s[STARTED], a[id=eyErMgKOTYiWY8-mz-5ybg]
-----node_id[McPqDnPOTvSKu2pMXpCssw][V]
--------[test][1], node[McPqDnPOTvSKu2pMXpCssw], [R], v[8], s[STARTED], a[id=KP2I8VGbQiyOAPocK5f8wA]
-----node_id[spvrvP6iSO23D1MkjNetVA][V]
--------[test][2], node[spvrvP6iSO23D1MkjNetVA], [R], v[7], s[STARTED], a[id=rAf2AB54QseOzT21dcNVWg]
--------[test][0], node[spvrvP6iSO23D1MkjNetVA], [R], v[6], s[STARTED], a[id=pz3KsSXbSku8tTIWCQ5Nww]
---- unassigned

[2016-03-29 17:32:40,989][DEBUG][org.elasticsearch.cluster.service] [node_t0] publishing cluster state version [26]
[2016-03-29 17:32:40,989][TRACE][org.elasticsearch.cluster.service] [node_t3] will process [local-disco-receive(from master)]
[2016-03-29 17:32:40,989][DEBUG][org.elasticsearch.cluster.service] [node_t3] processing [local-disco-receive(from master)]: execute
[2016-03-29 17:32:40,989][TRACE][org.elasticsearch.cluster.service] [node_t4] will process [local-disco-receive(from master)]
[2016-03-29 17:32:40,989][DEBUG][org.elasticsearch.cluster.service] [node_t4] processing [local-disco-receive(from master)]: execute
[2016-03-29 17:32:40,989][TRACE][org.elasticsearch.cluster.service] [node_t5] will process [local-disco-receive(from master)]
[2016-03-29 17:32:40,989][DEBUG][org.elasticsearch.cluster.service] [node_t5] processing [local-disco-receive(from master)]: execute
[2016-03-29 17:32:40,989][TRACE][org.elasticsearch.cluster.service] [node_t4] cluster state updated, source [local-disco-receive(from master)]
version: 26
state uuid: d3IUZ4l2RgOy7j48d-sueA
from_diff: false
meta data version: 16
nodes: 
   {node_t0}{UfUp16d-QkC9d6GYxK1FHQ}{local}{local[276]}[mode=>local, master=>true, data=>false], master
   {node_t4}{spvrvP6iSO23D1MkjNetVA}{local}{local[280]}[master=>false, mode=>local], local
   {node_t6}{cWgEN3wCSDiMHUjSDJwJ8w}{local}{local[285]}[mode=>local, master=>false]
   {node_t5}{McPqDnPOTvSKu2pMXpCssw}{local}{local[284]}[master=>false, mode=>local]
   {node_t3}{chEL1cVxSiqyVnMoAxPsYQ}{local}{local[279]}[master=>false, mode=>local]
routing_table (version 15):
-- index [test]
----shard_id [test][0]
--------[test][0], node[chEL1cVxSiqyVnMoAxPsYQ], [P], v[6], s[STARTED], a[id=eyErMgKOTYiWY8-mz-5ybg]
--------[test][0], node[spvrvP6iSO23D1MkjNetVA], [R], v[6], s[STARTED], a[id=pz3KsSXbSku8tTIWCQ5Nww]
----shard_id [test][1]
--------[test][1], node[cWgEN3wCSDiMHUjSDJwJ8w], [P], v[8], s[STARTED], a[id=vGmAElymSUiJxaiVJ7jmOw]
--------[test][1], node[McPqDnPOTvSKu2pMXpCssw], [R], v[8], s[STARTED], a[id=KP2I8VGbQiyOAPocK5f8wA]
----shard_id [test][2]
--------[test][2], node[chEL1cVxSiqyVnMoAxPsYQ], [P], v[7], s[STARTED], a[id=sLgGe6JPRTaT96A_3Jb1uA]
--------[test][2], node[spvrvP6iSO23D1MkjNetVA], [R], v[7], s[STARTED], a[id=rAf2AB54QseOzT21dcNVWg]

routing_nodes:
-----node_id[cWgEN3wCSDiMHUjSDJwJ8w][V]
--------[test][1], node[cWgEN3wCSDiMHUjSDJwJ8w], [P], v[8], s[STARTED], a[id=vGmAElymSUiJxaiVJ7jmOw]
-----node_id[chEL1cVxSiqyVnMoAxPsYQ][V]
--------[test][2], node[chEL1cVxSiqyVnMoAxPsYQ], [P], v[7], s[STARTED], a[id=sLgGe6JPRTaT96A_3Jb1uA]
--------[test][0], node[chEL1cVxSiqyVnMoAxPsYQ], [P], v[6], s[STARTED], a[id=eyErMgKOTYiWY8-mz-5ybg]
-----node_id[McPqDnPOTvSKu2pMXpCssw][V]
--------[test][1], node[McPqDnPOTvSKu2pMXpCssw], [R], v[8], s[STARTED], a[id=KP2I8VGbQiyOAPocK5f8wA]
-----node_id[spvrvP6iSO23D1MkjNetVA][V]
--------[test][2], node[spvrvP6iSO23D1MkjNetVA], [R], v[7], s[STARTED], a[id=rAf2AB54QseOzT21dcNVWg]
--------[test][0], node[spvrvP6iSO23D1MkjNetVA], [R], v[6], s[STARTED], a[id=pz3KsSXbSku8tTIWCQ5Nww]
---- unassigned

[2016-03-29 17:32:40,989][DEBUG][org.elasticsearch.cluster.service] [node_t4] set local cluster state to version 26
[2016-03-29 17:32:40,989][TRACE][org.elasticsearch.cluster.service] [node_t6] will process [local-disco-receive(from master)]
[2016-03-29 17:32:40,989][DEBUG][org.elasticsearch.cluster.service] [node_t6] processing [local-disco-receive(from master)]: execute
[2016-03-29 17:32:40,989][TRACE][org.elasticsearch.cluster.service] [node_t5] cluster state updated, source [local-disco-receive(from master)]
version: 26
state uuid: d3IUZ4l2RgOy7j48d-sueA
from_diff: false
meta data version: 16
nodes: 
   {node_t0}{UfUp16d-QkC9d6GYxK1FHQ}{local}{local[276]}[data=>false, master=>true, mode=>local], master
   {node_t4}{spvrvP6iSO23D1MkjNetVA}{local}{local[280]}[master=>false, mode=>local]
   {node_t6}{cWgEN3wCSDiMHUjSDJwJ8w}{local}{local[285]}[mode=>local, master=>false]
   {node_t5}{McPqDnPOTvSKu2pMXpCssw}{local}{local[284]}[master=>false, mode=>local], local
   {node_t3}{chEL1cVxSiqyVnMoAxPsYQ}{local}{local[279]}[master=>false, mode=>local]
routing_table (version 15):
-- index [test]
----shard_id [test][0]
--------[test][0], node[chEL1cVxSiqyVnMoAxPsYQ], [P], v[6], s[STARTED], a[id=eyErMgKOTYiWY8-mz-5ybg]
--------[test][0], node[spvrvP6iSO23D1MkjNetVA], [R], v[6], s[STARTED], a[id=pz3KsSXbSku8tTIWCQ5Nww]
----shard_id [test][1]
--------[test][1], node[cWgEN3wCSDiMHUjSDJwJ8w], [P], v[8], s[STARTED], a[id=vGmAElymSUiJxaiVJ7jmOw]
--------[test][1], node[McPqDnPOTvSKu2pMXpCssw], [R], v[8], s[STARTED], a[id=KP2I8VGbQiyOAPocK5f8wA]
----shard_id [test][2]
--------[test][2], node[chEL1cVxSiqyVnMoAxPsYQ], [P], v[7], s[STARTED], a[id=sLgGe6JPRTaT96A_3Jb1uA]
--------[test][2], node[spvrvP6iSO23D1MkjNetVA], [R], v[7], s[STARTED], a[id=rAf2AB54QseOzT21dcNVWg]

routing_nodes:
-----node_id[cWgEN3wCSDiMHUjSDJwJ8w][V]
--------[test][1], node[cWgEN3wCSDiMHUjSDJwJ8w], [P], v[8], s[STARTED], a[id=vGmAElymSUiJxaiVJ7jmOw]
-----node_id[chEL1cVxSiqyVnMoAxPsYQ][V]
--------[test][2], node[chEL1cVxSiqyVnMoAxPsYQ], [P], v[7], s[STARTED], a[id=sLgGe6JPRTaT96A_3Jb1uA]
--------[test][0], node[chEL1cVxSiqyVnMoAxPsYQ], [P], v[6], s[STARTED], a[id=eyErMgKOTYiWY8-mz-5ybg]
-----node_id[McPqDnPOTvSKu2pMXpCssw][V]
--------[test][1], node[McPqDnPOTvSKu2pMXpCssw], [R], v[8], s[STARTED], a[id=KP2I8VGbQiyOAPocK5f8wA]
-----node_id[spvrvP6iSO23D1MkjNetVA][V]
--------[test][2], node[spvrvP6iSO23D1MkjNetVA], [R], v[7], s[STARTED], a[id=rAf2AB54QseOzT21dcNVWg]
--------[test][0], node[spvrvP6iSO23D1MkjNetVA], [R], v[6], s[STARTED], a[id=pz3KsSXbSku8tTIWCQ5Nww]
---- unassigned

[2016-03-29 17:32:40,989][DEBUG][org.elasticsearch.cluster.service] [node_t5] set local cluster state to version 26
[2016-03-29 17:32:40,989][TRACE][org.elasticsearch.cluster.service] [node_t3] cluster state updated, source [local-disco-receive(from master)]
version: 26
state uuid: d3IUZ4l2RgOy7j48d-sueA
from_diff: false
meta data version: 16
nodes: 
   {node_t0}{UfUp16d-QkC9d6GYxK1FHQ}{local}{local[276]}[master=>true, data=>false, mode=>local], master
   {node_t4}{spvrvP6iSO23D1MkjNetVA}{local}{local[280]}[mode=>local, master=>false]
   {node_t6}{cWgEN3wCSDiMHUjSDJwJ8w}{local}{local[285]}[mode=>local, master=>false]
   {node_t5}{McPqDnPOTvSKu2pMXpCssw}{local}{local[284]}[master=>false, mode=>local]
   {node_t3}{chEL1cVxSiqyVnMoAxPsYQ}{local}{local[279]}[master=>false, mode=>local], local
routing_table (version 15):
-- index [test]
----shard_id [test][0]
--------[test][0], node[chEL1cVxSiqyVnMoAxPsYQ], [P], v[6], s[STARTED], a[id=eyErMgKOTYiWY8-mz-5ybg]
--------[test][0], node[spvrvP6iSO23D1MkjNetVA], [R], v[6], s[STARTED], a[id=pz3KsSXbSku8tTIWCQ5Nww]
----shard_id [test][1]
--------[test][1], node[cWgEN3wCSDiMHUjSDJwJ8w], [P], v[8], s[STARTED], a[id=vGmAElymSUiJxaiVJ7jmOw]
--------[test][1], node[McPqDnPOTvSKu2pMXpCssw], [R], v[8], s[STARTED], a[id=KP2I8VGbQiyOAPocK5f8wA]
----shard_id [test][2]
--------[test][2], node[chEL1cVxSiqyVnMoAxPsYQ], [P], v[7], s[STARTED], a[id=sLgGe6JPRTaT96A_3Jb1uA]
--------[test][2], node[spvrvP6iSO23D1MkjNetVA], [R], v[7], s[STARTED], a[id=rAf2AB54QseOzT21dcNVWg]

routing_nodes:
-----node_id[cWgEN3wCSDiMHUjSDJwJ8w][V]
--------[test][1], node[cWgEN3wCSDiMHUjSDJwJ8w], [P], v[8], s[STARTED], a[id=vGmAElymSUiJxaiVJ7jmOw]
-----node_id[chEL1cVxSiqyVnMoAxPsYQ][V]
--------[test][2], node[chEL1cVxSiqyVnMoAxPsYQ], [P], v[7], s[STARTED], a[id=sLgGe6JPRTaT96A_3Jb1uA]
--------[test][0], node[chEL1cVxSiqyVnMoAxPsYQ], [P], v[6], s[STARTED], a[id=eyErMgKOTYiWY8-mz-5ybg]
-----node_id[McPqDnPOTvSKu2pMXpCssw][V]
--------[test][1], node[McPqDnPOTvSKu2pMXpCssw], [R], v[8], s[STARTED], a[id=KP2I8VGbQiyOAPocK5f8wA]
-----node_id[spvrvP6iSO23D1MkjNetVA][V]
--------[test][2], node[spvrvP6iSO23D1MkjNetVA], [R], v[7], s[STARTED], a[id=rAf2AB54QseOzT21dcNVWg]
--------[test][0], node[spvrvP6iSO23D1MkjNetVA], [R], v[6], s[STARTED], a[id=pz3KsSXbSku8tTIWCQ5Nww]
---- unassigned

[2016-03-29 17:32:40,989][DEBUG][org.elasticsearch.cluster.service] [node_t3] set local cluster state to version 26
[2016-03-29 17:32:40,989][TRACE][org.elasticsearch.cluster.service] [node_t6] cluster state updated, source [local-disco-receive(from master)]
version: 26
state uuid: d3IUZ4l2RgOy7j48d-sueA
from_diff: false
meta data version: 16
nodes: 
   {node_t0}{UfUp16d-QkC9d6GYxK1FHQ}{local}{local[276]}[data=>false, mode=>local, master=>true], master
   {node_t4}{spvrvP6iSO23D1MkjNetVA}{local}{local[280]}[mode=>local, master=>false]
   {node_t6}{cWgEN3wCSDiMHUjSDJwJ8w}{local}{local[285]}[master=>false, mode=>local], local
   {node_t5}{McPqDnPOTvSKu2pMXpCssw}{local}{local[284]}[master=>false, mode=>local]
   {node_t3}{chEL1cVxSiqyVnMoAxPsYQ}{local}{local[279]}[master=>false, mode=>local]
routing_table (version 15):
-- index [test]
----shard_id [test][0]
--------[test][0], node[chEL1cVxSiqyVnMoAxPsYQ], [P], v[6], s[STARTED], a[id=eyErMgKOTYiWY8-mz-5ybg]
--------[test][0], node[spvrvP6iSO23D1MkjNetVA], [R], v[6], s[STARTED], a[id=pz3KsSXbSku8tTIWCQ5Nww]
----shard_id [test][1]
--------[test][1], node[cWgEN3wCSDiMHUjSDJwJ8w], [P], v[8], s[STARTED], a[id=vGmAElymSUiJxaiVJ7jmOw]
--------[test][1], node[McPqDnPOTvSKu2pMXpCssw], [R], v[8], s[STARTED], a[id=KP2I8VGbQiyOAPocK5f8wA]
----shard_id [test][2]
--------[test][2], node[chEL1cVxSiqyVnMoAxPsYQ], [P], v[7], s[STARTED], a[id=sLgGe6JPRTaT96A_3Jb1uA]
--------[test][2], node[spvrvP6iSO23D1MkjNetVA], [R], v[7], s[STARTED], a[id=rAf2AB54QseOzT21dcNVWg]

routing_nodes:
-----node_id[cWgEN3wCSDiMHUjSDJwJ8w][V]
--------[test][1], node[cWgEN3wCSDiMHUjSDJwJ8w], [P], v[8], s[STARTED], a[id=vGmAElymSUiJxaiVJ7jmOw]
-----node_id[chEL1cVxSiqyVnMoAxPsYQ][V]
--------[test][2], node[chEL1cVxSiqyVnMoAxPsYQ], [P], v[7], s[STARTED], a[id=sLgGe6JPRTaT96A_3Jb1uA]
--------[test][0], node[chEL1cVxSiqyVnMoAxPsYQ], [P], v[6], s[STARTED], a[id=eyErMgKOTYiWY8-mz-5ybg]
-----node_id[McPqDnPOTvSKu2pMXpCssw][V]
--------[test][1], node[McPqDnPOTvSKu2pMXpCssw], [R], v[8], s[STARTED], a[id=KP2I8VGbQiyOAPocK5f8wA]
-----node_id[spvrvP6iSO23D1MkjNetVA][V]
--------[test][2], node[spvrvP6iSO23D1MkjNetVA], [R], v[7], s[STARTED], a[id=rAf2AB54QseOzT21dcNVWg]
--------[test][0], node[spvrvP6iSO23D1MkjNetVA], [R], v[6], s[STARTED], a[id=pz3KsSXbSku8tTIWCQ5Nww]
---- unassigned

[2016-03-29 17:32:40,990][DEBUG][org.elasticsearch.cluster.service] [node_t6] set local cluster state to version 26
[2016-03-29 17:32:40,991][DEBUG][org.elasticsearch.cluster.service] [node_t4] processing [local-disco-receive(from master)]: took 1ms done applying updated cluster_state (version: 26, uuid: d3IUZ4l2RgOy7j48d-sueA)
[2016-03-29 17:32:40,991][TRACE][org.elasticsearch.cluster.service] [node_t4] will process [indices_store ([[test][1]] active fully on other nodes)]
[2016-03-29 17:32:40,991][DEBUG][org.elasticsearch.cluster.service] [node_t4] processing [indices_store ([[test][1]] active fully on other nodes)]: execute
[2016-03-29 17:32:40,991][DEBUG][org.elasticsearch.cluster.service] [node_t3] processing [local-disco-receive(from master)]: took 2ms done applying updated cluster_state (version: 26, uuid: d3IUZ4l2RgOy7j48d-sueA)
[2016-03-29 17:32:40,991][TRACE][org.elasticsearch.cluster.service] [node_t3] will process [indices_store ([[test][1]] active fully on other nodes)]
[2016-03-29 17:32:40,991][DEBUG][org.elasticsearch.cluster.service] [node_t3] processing [indices_store ([[test][1]] active fully on other nodes)]: execute
[2016-03-29 17:32:40,992][DEBUG][org.elasticsearch.cluster.service] [node_t5] processing [local-disco-receive(from master)]: took 2ms done applying updated cluster_state (version: 26, uuid: d3IUZ4l2RgOy7j48d-sueA)
[2016-03-29 17:32:40,992][TRACE][org.elasticsearch.cluster.service] [node_t5] will process [indices_store ([[test][2]] active fully on other nodes)]
[2016-03-29 17:32:40,992][DEBUG][org.elasticsearch.cluster.service] [node_t5] processing [indices_store ([[test][2]] active fully on other nodes)]: execute
[2016-03-29 17:32:40,993][DEBUG][org.elasticsearch.cluster.service] [node_t6] processing [local-disco-receive(from master)]: took 3ms done applying updated cluster_state (version: 26, uuid: d3IUZ4l2RgOy7j48d-sueA)
[2016-03-29 17:32:40,993][DEBUG][org.elasticsearch.cluster.service] [node_t0] set local cluster state to version 26
[2016-03-29 17:32:40,993][TRACE][org.elasticsearch.cluster.service] [node_t6] will process [indices_store ([[test][0]] active fully on other nodes)]
[2016-03-29 17:32:40,993][DEBUG][org.elasticsearch.cluster.service] [node_t6] processing [indices_store ([[test][0]] active fully on other nodes)]: execute
[2016-03-29 17:32:40,993][DEBUG][org.elasticsearch.cluster.service] [node_t4] processing [indices_store ([[test][1]] active fully on other nodes)]: took 2ms no change in cluster_state
[2016-03-29 17:32:40,993][DEBUG][org.elasticsearch.cluster.service] [node_t3] processing [indices_store ([[test][1]] active fully on other nodes)]: took 1ms no change in cluster_state
[2016-03-29 17:32:40,994][DEBUG][org.elasticsearch.cluster.service] [node_t5] processing [indices_store ([[test][2]] active fully on other nodes)]: took 1ms no change in cluster_state
[2016-03-29 17:32:40,994][TRACE][org.elasticsearch.cluster.service] [node_t5] will process [indices_store ([[test][0]] active fully on other nodes)]
[2016-03-29 17:32:40,994][DEBUG][org.elasticsearch.cluster.service] [node_t5] processing [indices_store ([[test][0]] active fully on other nodes)]: execute
[2016-03-29 17:32:40,994][DEBUG][org.elasticsearch.cluster.service] [node_t6] processing [indices_store ([[test][0]] active fully on other nodes)]: took 1ms no change in cluster_state
[2016-03-29 17:32:40,994][TRACE][org.elasticsearch.cluster.service] [node_t6] will process [indices_store ([[test][2]] active fully on other nodes)]
[2016-03-29 17:32:40,994][DEBUG][org.elasticsearch.cluster.service] [node_t6] processing [indices_store ([[test][2]] active fully on other nodes)]: execute
[2016-03-29 17:32:40,995][DEBUG][org.elasticsearch.cluster.service] [node_t0] processing [shard-started ([test][1], node[McPqDnPOTvSKu2pMXpCssw], [R], v[7], s[INITIALIZING], a[id=KP2I8VGbQiyOAPocK5f8wA], unassigned_info[[reason=NODE_LEFT], at[2016-03-29T21:32:40.858Z], details[node_left[4yqY1j8FTECj9n-FDXWCww]]]), reason [after recovery (replica) from node [{node_t6}{cWgEN3wCSDiMHUjSDJwJ8w}{local}{local[285]}[mode=>local, master=>false]]]]: took 6ms done applying updated cluster_state (version: 26, uuid: d3IUZ4l2RgOy7j48d-sueA)
[2016-03-29 17:32:40,995][DEBUG][org.elasticsearch.cluster.service] [node_t5] processing [indices_store ([[test][0]] active fully on other nodes)]: took 1ms no change in cluster_state
[2016-03-29 17:32:40,997][DEBUG][org.elasticsearch.cluster.service] [node_t6] processing [indices_store ([[test][2]] active fully on other nodes)]: took 2ms no change in cluster_state
[2016-03-29 17:32:41,001][TRACE][org.elasticsearch.cluster.service] [node_t0] will process [delete-index [test]]
[2016-03-29 17:32:41,002][DEBUG][org.elasticsearch.cluster.service] [node_t0] processing [delete-index [test]]: execute
[2016-03-29 17:32:41,002][TRACE][org.elasticsearch.cluster.service] [node_t0] cluster state updated, source [delete-index [test]]
version: 27
state uuid: WR7X1IQKTLSL1Uvb_JLVHg
from_diff: false
meta data version: 17
nodes: 
   {node_t0}{UfUp16d-QkC9d6GYxK1FHQ}{local}{local[276]}[master=>true, data=>false, mode=>local], local, master
   {node_t4}{spvrvP6iSO23D1MkjNetVA}{local}{local[280]}[master=>false, mode=>local]
   {node_t6}{cWgEN3wCSDiMHUjSDJwJ8w}{local}{local[285]}[master=>false, mode=>local]
   {node_t5}{McPqDnPOTvSKu2pMXpCssw}{local}{local[284]}[master=>false, mode=>local]
   {node_t3}{chEL1cVxSiqyVnMoAxPsYQ}{local}{local[279]}[master=>false, mode=>local]
routing_table (version 16):
routing_nodes:
-----node_id[cWgEN3wCSDiMHUjSDJwJ8w][V]
-----node_id[chEL1cVxSiqyVnMoAxPsYQ][V]
-----node_id[McPqDnPOTvSKu2pMXpCssw][V]
-----node_id[spvrvP6iSO23D1MkjNetVA][V]
---- unassigned

[2016-03-29 17:32:41,002][DEBUG][org.elasticsearch.cluster.service] [node_t0] publishing cluster state version [27]
[2016-03-29 17:32:41,002][TRACE][org.elasticsearch.cluster.service] [node_t3] will process [local-disco-receive(from master)]
[2016-03-29 17:32:41,002][TRACE][org.elasticsearch.cluster.service] [node_t6] will process [local-disco-receive(from master)]
[2016-03-29 17:32:41,002][DEBUG][org.elasticsearch.cluster.service] [node_t6] processing [local-disco-receive(from master)]: execute
[2016-03-29 17:32:41,002][TRACE][org.elasticsearch.cluster.service] [node_t5] will process [local-disco-receive(from master)]
[2016-03-29 17:32:41,002][DEBUG][org.elasticsearch.cluster.service] [node_t5] processing [local-disco-receive(from master)]: execute
[2016-03-29 17:32:41,002][TRACE][org.elasticsearch.cluster.service] [node_t4] will process [local-disco-receive(from master)]
[2016-03-29 17:32:41,002][DEBUG][org.elasticsearch.cluster.service] [node_t4] processing [local-disco-receive(from master)]: execute
[2016-03-29 17:32:41,002][TRACE][org.elasticsearch.cluster.service] [node_t6] cluster state updated, source [local-disco-receive(from master)]
version: 27
state uuid: WR7X1IQKTLSL1Uvb_JLVHg
from_diff: false
meta data version: 17
nodes: 
   {node_t0}{UfUp16d-QkC9d6GYxK1FHQ}{local}{local[276]}[data=>false, mode=>local, master=>true], master
   {node_t4}{spvrvP6iSO23D1MkjNetVA}{local}{local[280]}[mode=>local, master=>false]
   {node_t6}{cWgEN3wCSDiMHUjSDJwJ8w}{local}{local[285]}[master=>false, mode=>local], local
   {node_t5}{McPqDnPOTvSKu2pMXpCssw}{local}{local[284]}[master=>false, mode=>local]
   {node_t3}{chEL1cVxSiqyVnMoAxPsYQ}{local}{local[279]}[master=>false, mode=>local]
routing_table (version 16):
routing_nodes:
-----node_id[cWgEN3wCSDiMHUjSDJwJ8w][V]
-----node_id[chEL1cVxSiqyVnMoAxPsYQ][V]
-----node_id[McPqDnPOTvSKu2pMXpCssw][V]
-----node_id[spvrvP6iSO23D1MkjNetVA][V]
---- unassigned

[2016-03-29 17:32:41,002][DEBUG][org.elasticsearch.cluster.service] [node_t3] processing [local-disco-receive(from master)]: execute
[2016-03-29 17:32:41,002][DEBUG][org.elasticsearch.cluster.service] [node_t6] set local cluster state to version 27
[2016-03-29 17:32:41,002][TRACE][org.elasticsearch.cluster.service] [node_t4] cluster state updated, source [local-disco-receive(from master)]
version: 27
state uuid: WR7X1IQKTLSL1Uvb_JLVHg
from_diff: false
meta data version: 17
nodes: 
   {node_t0}{UfUp16d-QkC9d6GYxK1FHQ}{local}{local[276]}[mode=>local, master=>true, data=>false], master
   {node_t4}{spvrvP6iSO23D1MkjNetVA}{local}{local[280]}[master=>false, mode=>local], local
   {node_t6}{cWgEN3wCSDiMHUjSDJwJ8w}{local}{local[285]}[mode=>local, master=>false]
   {node_t5}{McPqDnPOTvSKu2pMXpCssw}{local}{local[284]}[master=>false, mode=>local]
   {node_t3}{chEL1cVxSiqyVnMoAxPsYQ}{local}{local[279]}[master=>false, mode=>local]
routing_table (version 16):
routing_nodes:
-----node_id[cWgEN3wCSDiMHUjSDJwJ8w][V]
-----node_id[chEL1cVxSiqyVnMoAxPsYQ][V]
-----node_id[McPqDnPOTvSKu2pMXpCssw][V]
-----node_id[spvrvP6iSO23D1MkjNetVA][V]
---- unassigned

[2016-03-29 17:32:41,002][TRACE][org.elasticsearch.cluster.service] [node_t5] cluster state updated, source [local-disco-receive(from master)]
version: 27
state uuid: WR7X1IQKTLSL1Uvb_JLVHg
from_diff: false
meta data version: 17
nodes: 
   {node_t0}{UfUp16d-QkC9d6GYxK1FHQ}{local}{local[276]}[data=>false, master=>true, mode=>local], master
   {node_t4}{spvrvP6iSO23D1MkjNetVA}{local}{local[280]}[master=>false, mode=>local]
   {node_t6}{cWgEN3wCSDiMHUjSDJwJ8w}{local}{local[285]}[mode=>local, master=>false]
   {node_t5}{McPqDnPOTvSKu2pMXpCssw}{local}{local[284]}[master=>false, mode=>local], local
   {node_t3}{chEL1cVxSiqyVnMoAxPsYQ}{local}{local[279]}[master=>false, mode=>local]
routing_table (version 16):
routing_nodes:
-----node_id[cWgEN3wCSDiMHUjSDJwJ8w][V]
-----node_id[chEL1cVxSiqyVnMoAxPsYQ][V]
-----node_id[McPqDnPOTvSKu2pMXpCssw][V]
-----node_id[spvrvP6iSO23D1MkjNetVA][V]
---- unassigned

[2016-03-29 17:32:41,003][DEBUG][org.elasticsearch.cluster.service] [node_t5] set local cluster state to version 27
[2016-03-29 17:32:41,002][DEBUG][org.elasticsearch.cluster.service] [node_t4] set local cluster state to version 27
[2016-03-29 17:32:41,002][TRACE][org.elasticsearch.cluster.service] [node_t3] cluster state updated, source [local-disco-receive(from master)]
version: 27
state uuid: WR7X1IQKTLSL1Uvb_JLVHg
from_diff: false
meta data version: 17
nodes: 
   {node_t0}{UfUp16d-QkC9d6GYxK1FHQ}{local}{local[276]}[master=>true, data=>false, mode=>local], master
   {node_t4}{spvrvP6iSO23D1MkjNetVA}{local}{local[280]}[mode=>local, master=>false]
   {node_t6}{cWgEN3wCSDiMHUjSDJwJ8w}{local}{local[285]}[mode=>local, master=>false]
   {node_t5}{McPqDnPOTvSKu2pMXpCssw}{local}{local[284]}[master=>false, mode=>local]
   {node_t3}{chEL1cVxSiqyVnMoAxPsYQ}{local}{local[279]}[master=>false, mode=>local], local
routing_table (version 16):
routing_nodes:
-----node_id[cWgEN3wCSDiMHUjSDJwJ8w][V]
-----node_id[chEL1cVxSiqyVnMoAxPsYQ][V]
-----node_id[McPqDnPOTvSKu2pMXpCssw][V]
-----node_id[spvrvP6iSO23D1MkjNetVA][V]
---- unassigned

[2016-03-29 17:32:41,003][DEBUG][org.elasticsearch.cluster.service] [node_t3] set local cluster state to version 27
[2016-03-29 17:32:41,006][DEBUG][org.elasticsearch.cluster.service] [node_t5] processing [local-disco-receive(from master)]: took 4ms done applying updated cluster_state (version: 27, uuid: WR7X1IQKTLSL1Uvb_JLVHg)
[2016-03-29 17:32:41,006][DEBUG][org.elasticsearch.cluster.service] [node_t6] processing [local-disco-receive(from master)]: took 4ms done applying updated cluster_state (version: 27, uuid: WR7X1IQKTLSL1Uvb_JLVHg)
[2016-03-29 17:32:41,009][DEBUG][org.elasticsearch.cluster.service] [node_t4] processing [local-disco-receive(from master)]: took 6ms done applying updated cluster_state (version: 27, uuid: WR7X1IQKTLSL1Uvb_JLVHg)
[2016-03-29 17:32:41,009][DEBUG][org.elasticsearch.cluster.service] [node_t3] processing [local-disco-receive(from master)]: took 7ms done applying updated cluster_state (version: 27, uuid: WR7X1IQKTLSL1Uvb_JLVHg)
[2016-03-29 17:32:41,009][DEBUG][org.elasticsearch.cluster.service] [node_t0] set local cluster state to version 27
[2016-03-29 17:32:41,011][DEBUG][org.elasticsearch.cluster.service] [node_t0] processing [delete-index [test]]: took 8ms done applying updated cluster_state (version: 27, uuid: WR7X1IQKTLSL1Uvb_JLVHg)
[2016-03-29 17:32:41,011][TRACE][org.elasticsearch.cluster.service] [node_t0] will process [delete_repository [*]]
[2016-03-29 17:32:41,011][DEBUG][org.elasticsearch.cluster.service] [node_t0] processing [delete_repository [*]]: execute
[2016-03-29 17:32:41,011][DEBUG][org.elasticsearch.cluster.service] [node_t0] processing [delete_repository [*]]: took 0s no change in cluster_state
]]></system-out>
   <system-err><![CDATA[]]></system-err>
</testsuite>