<testsuite errors="0" failures="0" tests="1" skipped="0" name="org.elasticsearch.index.store.CorruptedTranslogIT" hostname="nohost.nodomain" time="1.149" timestamp="2016-04-18T03:03:57">
   <properties class="java.util.ArrayList">
      <property name="awt.toolkit" value="sun.lwawt.macosx.LWCToolkit"/>
      <property name="es.logger.level" value="WARN"/>
      <property name="file.encoding" value="UTF-8"/>
      <property name="file.encoding.pkg" value="sun.io"/>
      <property name="file.separator" value="/"/>
      <property name="ftp.nonProxyHosts" value="local|*.local|169.254/16|*.169.254/16"/>
      <property name="gopherProxySet" value="false"/>
      <property name="http.nonProxyHosts" value="local|*.local|169.254/16|*.169.254/16"/>
      <property name="java.awt.graphicsenv" value="sun.awt.CGraphicsEnvironment"/>
      <property name="java.awt.headless" value="true"/>
      <property name="java.awt.printerjob" value="sun.lwawt.macosx.CPrinterJob"/>
      <property name="java.class.path" value="/Users/lwiskowski/CSE2410_spring2016_projectileDysfunction/core/build/classes/test:/Users/lwiskowski/CSE2410_spring2016_projectileDysfunction/core/build/resources/test:/Users/lwiskowski/CSE2410_spring2016_projectileDysfunction/core/build/classes/main:/Users/lwiskowski/CSE2410_spring2016_projectileDysfunction/core/build/resources/main:/Users/lwiskowski/.gradle/caches/modules-2/files-2.1/org.apache.lucene/lucene-core/5.5.0-snapshot-1721183/f6854c65c7f4c6d9de583f4daa4fd3ae8a3800f1/lucene-core-5.5.0-snapshot-1721183.jar:/Users/lwiskowski/.gradle/caches/modules-2/files-2.1/org.apache.lucene/lucene-analyzers-common/5.5.0-snapshot-1721183/69e187ef1d2d9c9570363eb4186821e0341df5b8/lucene-analyzers-common-5.5.0-snapshot-1721183.jar:/Users/lwiskowski/.gradle/caches/modules-2/files-2.1/org.apache.lucene/lucene-backward-codecs/5.5.0-snapshot-1721183/fa00a45ff9bc6a4df44db81f2e4e44ea94bf88e/lucene-backward-codecs-5.5.0-snapshot-1721183.jar:/Users/lwiskowski/.gradle/caches/modules-2/files-2.1/org.apache.lucene/lucene-grouping/5.5.0-snapshot-1721183/e996e6c723eb415ba2cfa7f5e98bbf194a4918dd/lucene-grouping-5.5.0-snapshot-1721183.jar:/Users/lwiskowski/.gradle/caches/modules-2/files-2.1/org.apache.lucene/lucene-highlighter/5.5.0-snapshot-1721183/3b7a5d97b10885f16eb53deb15d64c942b9f9fdb/lucene-highlighter-5.5.0-snapshot-1721183.jar:/Users/lwiskowski/.gradle/caches/modules-2/files-2.1/org.apache.lucene/lucene-join/5.5.0-snapshot-1721183/e4dda3eeb76e340aa4713a3b20d68c4a1504e505/lucene-join-5.5.0-snapshot-1721183.jar:/Users/lwiskowski/.gradle/caches/modules-2/files-2.1/org.apache.lucene/lucene-memory/5.5.0-snapshot-1721183/800442a5d7612ce4c8748831871b4d436a50554e/lucene-memory-5.5.0-snapshot-1721183.jar:/Users/lwiskowski/.gradle/caches/modules-2/files-2.1/org.apache.lucene/lucene-misc/5.5.0-snapshot-1721183/bdf184de9b5773c7af3ae908af78eeb1e512470c/lucene-misc-5.5.0-snapshot-1721183.jar:/Users/lwiskowski/.gradle/caches/modules-2/files-2.1/org.apache.lucene/lucene-queries/5.5.0-snapshot-1721183/fc59de52bd2c7e420edfd235723cb8b0dd44e92d/lucene-queries-5.5.0-snapshot-1721183.jar:/Users/lwiskowski/.gradle/caches/modules-2/files-2.1/org.apache.lucene/lucene-queryparser/5.5.0-snapshot-1721183/1d341e6a4f11f3170773ccffdbe6815b45967e3d/lucene-queryparser-5.5.0-snapshot-1721183.jar:/Users/lwiskowski/.gradle/caches/modules-2/files-2.1/org.apache.lucene/lucene-sandbox/5.5.0-snapshot-1721183/a1b02c2b595ac92f45f0d2be03841a3a7fcae1f1/lucene-sandbox-5.5.0-snapshot-1721183.jar:/Users/lwiskowski/.gradle/caches/modules-2/files-2.1/org.apache.lucene/lucene-spatial/5.5.0-snapshot-1721183/e3ea422b56734329fb6974e9cf9f66478adb5793/lucene-spatial-5.5.0-snapshot-1721183.jar:/Users/lwiskowski/.gradle/caches/modules-2/files-2.1/org.apache.lucene/lucene-spatial3d/5.5.0-snapshot-1721183/5eadbd4e63120b59ab6445e39489205f98420471/lucene-spatial3d-5.5.0-snapshot-1721183.jar:/Users/lwiskowski/.gradle/caches/modules-2/files-2.1/org.apache.lucene/lucene-suggest/5.5.0-snapshot-1721183/a336287e65d082535f02a8427666dbe46b1b9b74/lucene-suggest-5.5.0-snapshot-1721183.jar:/Users/lwiskowski/.gradle/caches/modules-2/files-2.1/org.elasticsearch/securesm/1.0/c0c6cf986ba0057390bfcc80c366a0e3157f944b/securesm-1.0.jar:/Users/lwiskowski/.gradle/caches/modules-2/files-2.1/commons-cli/commons-cli/1.3.1/1303efbc4b181e5a58bf2e967dc156a3132b97c0/commons-cli-1.3.1.jar:/Users/lwiskowski/.gradle/caches/modules-2/files-2.1/com.carrotsearch/hppc/0.7.1/8b5057f74ea378c0150a1860874a3ebdcb713767/hppc-0.7.1.jar:/Users/lwiskowski/.gradle/caches/modules-2/files-2.1/joda-time/joda-time/2.8.2/d27c24204c5e507b16fec01006b3d0f1ec42aed4/joda-time-2.8.2.jar:/Users/lwiskowski/.gradle/caches/modules-2/files-2.1/org.joda/joda-convert/1.2/35ec554f0cd00c956cc69051514d9488b1374dec/joda-convert-1.2.jar:/Users/lwiskowski/.gradle/caches/modules-2/files-2.1/com.fasterxml.jackson.core/jackson-core/2.6.2/123f29333b2c6b3516b14252b6e93226bfcd6e37/jackson-core-2.6.2.jar:/Users/lwiskowski/.gradle/caches/modules-2/files-2.1/com.fasterxml.jackson.dataformat/jackson-dataformat-smile/2.6.2/395d18c1a1dd730b8026ee59c4067e5d2b45ba6e/jackson-dataformat-smile-2.6.2.jar:/Users/lwiskowski/.gradle/caches/modules-2/files-2.1/com.fasterxml.jackson.dataformat/jackson-dataformat-yaml/2.6.2/4ae23088dd3fae47c66843f2e4251d7255ee140e/jackson-dataformat-yaml-2.6.2.jar:/Users/lwiskowski/.gradle/caches/modules-2/files-2.1/com.fasterxml.jackson.dataformat/jackson-dataformat-cbor/2.6.2/1e13c575f914c83761bb8e2aca7dfd9e4c647579/jackson-dataformat-cbor-2.6.2.jar:/Users/lwiskowski/.gradle/caches/modules-2/files-2.1/io.netty/netty/3.10.5.Final/9ca7d55d246092bddd29b867706e2f6c7db701a0/netty-3.10.5.Final.jar:/Users/lwiskowski/.gradle/caches/modules-2/files-2.1/com.tdunning/t-digest/3.0/84ccf145ac2215e6bfa63baa3101c0af41017cfc/t-digest-3.0.jar:/Users/lwiskowski/.gradle/caches/modules-2/files-2.1/org.hdrhistogram/HdrHistogram/2.1.6/7495feb7f71ee124bd2a7e7d83590e296d71d80e/HdrHistogram-2.1.6.jar:/Users/lwiskowski/.gradle/caches/modules-2/files-2.1/com.spatial4j/spatial4j/0.5/6e16edaf6b1ba76db7f08c2f3723fce3b358ecc3/spatial4j-0.5.jar:/Users/lwiskowski/.gradle/caches/modules-2/files-2.1/com.vividsolutions/jts/1.13/3ccfb9b60f04d71add996a666ceb8902904fd805/jts-1.13.jar:/Users/lwiskowski/.gradle/caches/modules-2/files-2.1/log4j/log4j/1.2.17/5af35056b4d257e4b64b9e8069c0746e8b08629f/log4j-1.2.17.jar:/Users/lwiskowski/.gradle/caches/modules-2/files-2.1/log4j/apache-log4j-extras/1.2.17/85863614d82185d7e51fe21c00aa9117a523a8b6/apache-log4j-extras-1.2.17.jar:/Users/lwiskowski/.gradle/caches/modules-2/files-2.1/org.slf4j/slf4j-api/1.6.2/8619e95939167fb37245b5670135e4feb0ec7d50/slf4j-api-1.6.2.jar:/Users/lwiskowski/.gradle/caches/modules-2/files-2.1/net.java.dev.jna/jna/4.1.0/1c12d070e602efd8021891cdd7fd18bc129372d4/jna-4.1.0.jar:/Users/lwiskowski/CSE2410_spring2016_projectileDysfunction/test/framework/build/libs/framework-3.0.0-SNAPSHOT.jar:/Users/lwiskowski/.gradle/caches/modules-2/files-2.1/com.carrotsearch.randomizedtesting/randomizedtesting-runner/2.3.2/307965917fe8a22b7ee72deba39ef4b8e6ebc069/randomizedtesting-runner-2.3.2.jar:/Users/lwiskowski/.gradle/caches/modules-2/files-2.1/junit/junit/4.11/4e031bb61df09069aeb2bffb4019e7a5034a4ee0/junit-4.11.jar:/Users/lwiskowski/.gradle/caches/modules-2/files-2.1/org.hamcrest/hamcrest-all/1.3/63a21ebc981131004ad02e0434e799fd7f3a8d5a/hamcrest-all-1.3.jar:/Users/lwiskowski/.gradle/caches/modules-2/files-2.1/org.apache.lucene/lucene-test-framework/5.5.0-snapshot-1721183/a8d851d0ad82182b3a02f4b30c336e7aa0e173cb/lucene-test-framework-5.5.0-snapshot-1721183.jar:/Users/lwiskowski/.gradle/caches/modules-2/files-2.1/org.apache.lucene/lucene-codecs/5.5.0-snapshot-1721183/8aa59442b028c7a2c1a516accb6142a8910ba5fc/lucene-codecs-5.5.0-snapshot-1721183.jar:/Users/lwiskowski/.gradle/caches/modules-2/files-2.1/org.apache.httpcomponents/httpclient/4.3.6/4c47155e3e6c9a41a28db36680b828ced53b8af4/httpclient-4.3.6.jar:/Users/lwiskowski/.gradle/caches/modules-2/files-2.1/org.apache.httpcomponents/httpcore/4.3.3/f91b7a4aadc5cf486df6e4634748d7dd7a73f06d/httpcore-4.3.3.jar:/Users/lwiskowski/.gradle/caches/modules-2/files-2.1/commons-logging/commons-logging/1.1.3/f6f66e966c70a83ffbdb6f17a0919eaf7c8aca7f/commons-logging-1.1.3.jar:/Users/lwiskowski/.gradle/caches/modules-2/files-2.1/commons-codec/commons-codec/1.10/4b95f4897fa13f2cd904aee711aeafc0c5295cd8/commons-codec-1.10.jar:/Users/lwiskowski/.gradle/caches/modules-2/files-2.1/org.elasticsearch/securemock/1.2/98201d4ad5ac93f6b415ae9172d52b5e7cda490e/securemock-1.2.jar:/Users/lwiskowski/.gradle/caches/modules-2/files-2.1/com.carrotsearch.randomizedtesting/junit4-ant/2.3.2/dc8f03f6111974092491f35b8269eb0fc57f52f7/junit4-ant-2.3.2.jar"/>
      <property name="java.class.version" value="52.0"/>
      <property name="java.endorsed.dirs" value="/Library/Java/JavaVirtualMachines/jdk1.8.0_71.jdk/Contents/Home/jre/lib/endorsed"/>
      <property name="java.ext.dirs" value="/Users/lwiskowski/Library/Java/Extensions:/Library/Java/JavaVirtualMachines/jdk1.8.0_71.jdk/Contents/Home/jre/lib/ext:/Library/Java/Extensions:/Network/Library/Java/Extensions:/System/Library/Java/Extensions:/usr/lib/java"/>
      <property name="java.home" value="/Library/Java/JavaVirtualMachines/jdk1.8.0_71.jdk/Contents/Home/jre"/>
      <property name="java.io.tmpdir" value="./temp"/>
      <property name="java.library.path" value="/Users/lwiskowski/Library/Java/Extensions:/Library/Java/Extensions:/Network/Library/Java/Extensions:/System/Library/Java/Extensions:/usr/lib/java:."/>
      <property name="java.runtime.name" value="Java(TM) SE Runtime Environment"/>
      <property name="java.runtime.version" value="1.8.0_71-b15"/>
      <property name="java.specification.name" value="Java Platform API Specification"/>
      <property name="java.specification.vendor" value="Oracle Corporation"/>
      <property name="java.specification.version" value="1.8"/>
      <property name="java.vendor" value="Oracle Corporation"/>
      <property name="java.vendor.url" value="http://java.oracle.com/"/>
      <property name="java.vendor.url.bug" value="http://bugreport.sun.com/bugreport/"/>
      <property name="java.version" value="1.8.0_71"/>
      <property name="java.vm.info" value="mixed mode"/>
      <property name="java.vm.name" value="Java HotSpot(TM) 64-Bit Server VM"/>
      <property name="java.vm.specification.name" value="Java Virtual Machine Specification"/>
      <property name="java.vm.specification.vendor" value="Oracle Corporation"/>
      <property name="java.vm.specification.version" value="1.8"/>
      <property name="java.vm.vendor" value="Oracle Corporation"/>
      <property name="java.vm.version" value="25.71-b15"/>
      <property name="junit4.childvm.count" value="4"/>
      <property name="junit4.childvm.cwd" value="/Users/lwiskowski/CSE2410_spring2016_projectileDysfunction/core/build/testrun/integTest/J3"/>
      <property name="junit4.childvm.id" value="3"/>
      <property name="junit4.memory.total" value="514850816"/>
      <property name="junit4.pidString" value="3685@host238-95.aruba.fit.edu"/>
      <property name="junit4.processors" value="8"/>
      <property name="line.separator" value="
"/>
      <property name="os.arch" value="x86_64"/>
      <property name="os.name" value="Mac OS X"/>
      <property name="os.version" value="10.11.4"/>
      <property name="path.separator" value=":"/>
      <property name="socksNonProxyHosts" value="local|*.local|169.254/16|*.169.254/16"/>
      <property name="sun.arch.data.model" value="64"/>
      <property name="sun.boot.class.path" value="/Library/Java/JavaVirtualMachines/jdk1.8.0_71.jdk/Contents/Home/jre/lib/resources.jar:/Library/Java/JavaVirtualMachines/jdk1.8.0_71.jdk/Contents/Home/jre/lib/rt.jar:/Library/Java/JavaVirtualMachines/jdk1.8.0_71.jdk/Contents/Home/jre/lib/sunrsasign.jar:/Library/Java/JavaVirtualMachines/jdk1.8.0_71.jdk/Contents/Home/jre/lib/jsse.jar:/Library/Java/JavaVirtualMachines/jdk1.8.0_71.jdk/Contents/Home/jre/lib/jce.jar:/Library/Java/JavaVirtualMachines/jdk1.8.0_71.jdk/Contents/Home/jre/lib/charsets.jar:/Library/Java/JavaVirtualMachines/jdk1.8.0_71.jdk/Contents/Home/jre/lib/jfr.jar:/Library/Java/JavaVirtualMachines/jdk1.8.0_71.jdk/Contents/Home/jre/classes"/>
      <property name="sun.boot.library.path" value="/Library/Java/JavaVirtualMachines/jdk1.8.0_71.jdk/Contents/Home/jre/lib"/>
      <property name="sun.cpu.endian" value="little"/>
      <property name="sun.cpu.isalist" value=""/>
      <property name="sun.io.unicode.encoding" value="UnicodeBig"/>
      <property name="sun.java.command" value="com.carrotsearch.ant.tasks.junit4.slave.SlaveMainSafe -eventsfile /Users/lwiskowski/CSE2410_spring2016_projectileDysfunction/core/build/testrun/integTest/temp/junit4-J3-20160418_030118_671.events @/Users/lwiskowski/CSE2410_spring2016_projectileDysfunction/core/build/testrun/integTest/temp/junit4-J3-20160418_030118_671.suites -stdin"/>
      <property name="sun.java.launcher" value="SUN_STANDARD"/>
      <property name="sun.jnu.encoding" value="UTF-8"/>
      <property name="sun.management.compiler" value="HotSpot 64-Bit Tiered Compilers"/>
      <property name="sun.os.patch.level" value="unknown"/>
      <property name="tests.artifact" value="core"/>
      <property name="tests.ifNoTests" value="fail"/>
      <property name="tests.maven" value="true"/>
      <property name="tests.prefix" value="tests"/>
      <property name="tests.security.manager" value="true"/>
      <property name="tests.seed" value="AF876320E2D19F69"/>
      <property name="tests.task" value=":core:integTest"/>
      <property name="user.country" value="US"/>
      <property name="user.dir" value="/Users/lwiskowski/CSE2410_spring2016_projectileDysfunction/core/build/testrun/integTest/J3"/>
      <property name="user.home" value="/Users/lwiskowski"/>
      <property name="user.language" value="en"/>
      <property name="user.name" value="lwiskowski"/>
      <property name="user.timezone" value=""/>
   </properties>
   <testcase classname="org.elasticsearch.index.store.CorruptedTranslogIT" name="testCorruptTranslogFiles" time="1.139"/>
   <system-out><![CDATA[[2016-04-18 03:03:57,664][WARN ][org.elasticsearch.indices.cluster] [node_s0] [[test][0]] marking and sending shard failed due to [failed recovery]
[test][[test][0]] IndexShardRecoveryException[failed to recovery from gateway]; nested: EngineCreationFailureException[failed to recover from translog]; nested: EngineException[failed to recover from translog]; nested: TranslogCorruptedException[translog corruption while reading from stream]; nested: TranslogCorruptedException[translog stream is corrupted, expected: 0xda484d4a, got: 0xbae587fc];
	at org.elasticsearch.index.shard.StoreRecovery.internalRecoverFromStore(StoreRecovery.java:234)
	at org.elasticsearch.index.shard.StoreRecovery.lambda$recoverFromStore$189(StoreRecovery.java:77)
	at org.elasticsearch.index.shard.StoreRecovery.executeRecovery(StoreRecovery.java:122)
	at org.elasticsearch.index.shard.StoreRecovery.recoverFromStore(StoreRecovery.java:75)
	at org.elasticsearch.index.shard.IndexShard.recoverFromStore(IndexShard.java:1059)
	at org.elasticsearch.indices.cluster.IndicesClusterStateService.lambda$applyInitializingShard$195(IndicesClusterStateService.java:648)
	at java.util.concurrent.ThreadPoolExecutor.runWorker(ThreadPoolExecutor.java:1142)
	at java.util.concurrent.ThreadPoolExecutor$Worker.run(ThreadPoolExecutor.java:617)
	at java.lang.Thread.run(Thread.java:745)
Caused by: [test][[test][0]] EngineCreationFailureException[failed to recover from translog]; nested: EngineException[failed to recover from translog]; nested: TranslogCorruptedException[translog corruption while reading from stream]; nested: TranslogCorruptedException[translog stream is corrupted, expected: 0xda484d4a, got: 0xbae587fc];
	at org.elasticsearch.index.engine.InternalEngine.<init>(InternalEngine.java:175)
	at org.elasticsearch.test.engine.MockInternalEngine.<init>(MockInternalEngine.java:36)
	at org.elasticsearch.test.engine.MockEngineFactory.newReadWriteEngine(MockEngineFactory.java:36)
	at org.elasticsearch.index.shard.IndexShard.newEngine(IndexShard.java:1310)
	at org.elasticsearch.index.shard.IndexShard.createNewEngine(IndexShard.java:1305)
	at org.elasticsearch.index.shard.IndexShard.internalPerformTranslogRecovery(IndexShard.java:888)
	at org.elasticsearch.index.shard.IndexShard.performTranslogRecovery(IndexShard.java:866)
	at org.elasticsearch.index.shard.StoreRecovery.internalRecoverFromStore(StoreRecovery.java:230)
	... 8 more
Caused by: [test][[test][0]] EngineException[failed to recover from translog]; nested: TranslogCorruptedException[translog corruption while reading from stream]; nested: TranslogCorruptedException[translog stream is corrupted, expected: 0xda484d4a, got: 0xbae587fc];
	at org.elasticsearch.index.engine.InternalEngine.recoverFromTranslog(InternalEngine.java:251)
	at org.elasticsearch.index.engine.InternalEngine.<init>(InternalEngine.java:172)
	... 15 more
Caused by: TranslogCorruptedException[translog corruption while reading from stream]; nested: TranslogCorruptedException[translog stream is corrupted, expected: 0xda484d4a, got: 0xbae587fc];
	at org.elasticsearch.index.translog.Translog.readOperation(Translog.java:1133)
	at org.elasticsearch.index.translog.BaseTranslogReader.read(BaseTranslogReader.java:114)
	at org.elasticsearch.index.translog.TranslogSnapshot.readOperation(TranslogSnapshot.java:70)
	at org.elasticsearch.index.translog.TranslogSnapshot.next(TranslogSnapshot.java:61)
	at org.elasticsearch.index.translog.MultiSnapshot.next(MultiSnapshot.java:53)
	at org.elasticsearch.index.engine.InternalEngine.recoverFromTranslog(InternalEngine.java:237)
	... 16 more
Caused by: TranslogCorruptedException[translog stream is corrupted, expected: 0xda484d4a, got: 0xbae587fc]
	at org.elasticsearch.index.translog.Translog.verifyChecksum(Translog.java:1091)
	at org.elasticsearch.index.translog.Translog.readOperation(Translog.java:1123)
	... 21 more
[2016-04-18 03:03:57,666][WARN ][org.elasticsearch.cluster.action.shard] [node_s0] [test][0] received shard failed for [test][0], node[zh8EGFynRVuF0b25iuPgEA], [P], v[3], s[INITIALIZING], a[id=EAhDW0lUSrCwobzqwA3bLQ], unassigned_info[[reason=CLUSTER_RECOVERED], at[2016-04-18T07:03:57.654Z]], indexUUID [jvViyj5qTFmJnQUMS7-e8g], message [failed recovery], failure [IndexShardRecoveryException[failed to recovery from gateway]; nested: EngineCreationFailureException[failed to recover from translog]; nested: EngineException[failed to recover from translog]; nested: TranslogCorruptedException[translog corruption while reading from stream]; nested: TranslogCorruptedException[translog stream is corrupted, expected: 0xda484d4a, got: 0xbae587fc]; ]
[test][[test][0]] IndexShardRecoveryException[failed to recovery from gateway]; nested: EngineCreationFailureException[failed to recover from translog]; nested: EngineException[failed to recover from translog]; nested: TranslogCorruptedException[translog corruption while reading from stream]; nested: TranslogCorruptedException[translog stream is corrupted, expected: 0xda484d4a, got: 0xbae587fc];
	at org.elasticsearch.index.shard.StoreRecovery.internalRecoverFromStore(StoreRecovery.java:234)
	at org.elasticsearch.index.shard.StoreRecovery.lambda$recoverFromStore$189(StoreRecovery.java:77)
	at org.elasticsearch.index.shard.StoreRecovery.executeRecovery(StoreRecovery.java:122)
	at org.elasticsearch.index.shard.StoreRecovery.recoverFromStore(StoreRecovery.java:75)
	at org.elasticsearch.index.shard.IndexShard.recoverFromStore(IndexShard.java:1059)
	at org.elasticsearch.indices.cluster.IndicesClusterStateService.lambda$applyInitializingShard$195(IndicesClusterStateService.java:648)
	at java.util.concurrent.ThreadPoolExecutor.runWorker(ThreadPoolExecutor.java:1142)
	at java.util.concurrent.ThreadPoolExecutor$Worker.run(ThreadPoolExecutor.java:617)
	at java.lang.Thread.run(Thread.java:745)
Caused by: [test][[test][0]] EngineCreationFailureException[failed to recover from translog]; nested: EngineException[failed to recover from translog]; nested: TranslogCorruptedException[translog corruption while reading from stream]; nested: TranslogCorruptedException[translog stream is corrupted, expected: 0xda484d4a, got: 0xbae587fc];
	at org.elasticsearch.index.engine.InternalEngine.<init>(InternalEngine.java:175)
	at org.elasticsearch.test.engine.MockInternalEngine.<init>(MockInternalEngine.java:36)
	at org.elasticsearch.test.engine.MockEngineFactory.newReadWriteEngine(MockEngineFactory.java:36)
	at org.elasticsearch.index.shard.IndexShard.newEngine(IndexShard.java:1310)
	at org.elasticsearch.index.shard.IndexShard.createNewEngine(IndexShard.java:1305)
	at org.elasticsearch.index.shard.IndexShard.internalPerformTranslogRecovery(IndexShard.java:888)
	at org.elasticsearch.index.shard.IndexShard.performTranslogRecovery(IndexShard.java:866)
	at org.elasticsearch.index.shard.StoreRecovery.internalRecoverFromStore(StoreRecovery.java:230)
	... 8 more
Caused by: [test][[test][0]] EngineException[failed to recover from translog]; nested: TranslogCorruptedException[translog corruption while reading from stream]; nested: TranslogCorruptedException[translog stream is corrupted, expected: 0xda484d4a, got: 0xbae587fc];
	at org.elasticsearch.index.engine.InternalEngine.recoverFromTranslog(InternalEngine.java:251)
	at org.elasticsearch.index.engine.InternalEngine.<init>(InternalEngine.java:172)
	... 15 more
Caused by: TranslogCorruptedException[translog corruption while reading from stream]; nested: TranslogCorruptedException[translog stream is corrupted, expected: 0xda484d4a, got: 0xbae587fc];
	at org.elasticsearch.index.translog.Translog.readOperation(Translog.java:1133)
	at org.elasticsearch.index.translog.BaseTranslogReader.read(BaseTranslogReader.java:114)
	at org.elasticsearch.index.translog.TranslogSnapshot.readOperation(TranslogSnapshot.java:70)
	at org.elasticsearch.index.translog.TranslogSnapshot.next(TranslogSnapshot.java:61)
	at org.elasticsearch.index.translog.MultiSnapshot.next(MultiSnapshot.java:53)
	at org.elasticsearch.index.engine.InternalEngine.recoverFromTranslog(InternalEngine.java:237)
	... 16 more
Caused by: TranslogCorruptedException[translog stream is corrupted, expected: 0xda484d4a, got: 0xbae587fc]
	at org.elasticsearch.index.translog.Translog.verifyChecksum(Translog.java:1091)
	at org.elasticsearch.index.translog.Translog.readOperation(Translog.java:1123)
	... 21 more
[2016-04-18 03:03:57,676][WARN ][org.elasticsearch.indices.cluster] [node_s0] [[test][0]] marking and sending shard failed due to [failed recovery]
[test][[test][0]] IndexShardRecoveryException[failed to recovery from gateway]; nested: EngineCreationFailureException[failed to recover from translog]; nested: EngineException[failed to recover from translog]; nested: TranslogCorruptedException[translog corruption while reading from stream]; nested: TranslogCorruptedException[translog stream is corrupted, expected: 0xda484d4a, got: 0xbae587fc];
	at org.elasticsearch.index.shard.StoreRecovery.internalRecoverFromStore(StoreRecovery.java:234)
	at org.elasticsearch.index.shard.StoreRecovery.lambda$recoverFromStore$189(StoreRecovery.java:77)
	at org.elasticsearch.index.shard.StoreRecovery.executeRecovery(StoreRecovery.java:122)
	at org.elasticsearch.index.shard.StoreRecovery.recoverFromStore(StoreRecovery.java:75)
	at org.elasticsearch.index.shard.IndexShard.recoverFromStore(IndexShard.java:1059)
	at org.elasticsearch.indices.cluster.IndicesClusterStateService.lambda$applyInitializingShard$195(IndicesClusterStateService.java:648)
	at java.util.concurrent.ThreadPoolExecutor.runWorker(ThreadPoolExecutor.java:1142)
	at java.util.concurrent.ThreadPoolExecutor$Worker.run(ThreadPoolExecutor.java:617)
	at java.lang.Thread.run(Thread.java:745)
Caused by: [test][[test][0]] EngineCreationFailureException[failed to recover from translog]; nested: EngineException[failed to recover from translog]; nested: TranslogCorruptedException[translog corruption while reading from stream]; nested: TranslogCorruptedException[translog stream is corrupted, expected: 0xda484d4a, got: 0xbae587fc];
	at org.elasticsearch.index.engine.InternalEngine.<init>(InternalEngine.java:175)
	at org.elasticsearch.test.engine.MockInternalEngine.<init>(MockInternalEngine.java:36)
	at org.elasticsearch.test.engine.MockEngineFactory.newReadWriteEngine(MockEngineFactory.java:36)
	at org.elasticsearch.index.shard.IndexShard.newEngine(IndexShard.java:1310)
	at org.elasticsearch.index.shard.IndexShard.createNewEngine(IndexShard.java:1305)
	at org.elasticsearch.index.shard.IndexShard.internalPerformTranslogRecovery(IndexShard.java:888)
	at org.elasticsearch.index.shard.IndexShard.performTranslogRecovery(IndexShard.java:866)
	at org.elasticsearch.index.shard.StoreRecovery.internalRecoverFromStore(StoreRecovery.java:230)
	... 8 more
Caused by: [test][[test][0]] EngineException[failed to recover from translog]; nested: TranslogCorruptedException[translog corruption while reading from stream]; nested: TranslogCorruptedException[translog stream is corrupted, expected: 0xda484d4a, got: 0xbae587fc];
	at org.elasticsearch.index.engine.InternalEngine.recoverFromTranslog(InternalEngine.java:251)
	at org.elasticsearch.index.engine.InternalEngine.<init>(InternalEngine.java:172)
	... 15 more
Caused by: TranslogCorruptedException[translog corruption while reading from stream]; nested: TranslogCorruptedException[translog stream is corrupted, expected: 0xda484d4a, got: 0xbae587fc];
	at org.elasticsearch.index.translog.Translog.readOperation(Translog.java:1133)
	at org.elasticsearch.index.translog.BaseTranslogReader.read(BaseTranslogReader.java:114)
	at org.elasticsearch.index.translog.TranslogSnapshot.readOperation(TranslogSnapshot.java:70)
	at org.elasticsearch.index.translog.TranslogSnapshot.next(TranslogSnapshot.java:61)
	at org.elasticsearch.index.translog.MultiSnapshot.next(MultiSnapshot.java:53)
	at org.elasticsearch.index.engine.InternalEngine.recoverFromTranslog(InternalEngine.java:237)
	... 16 more
Caused by: TranslogCorruptedException[translog stream is corrupted, expected: 0xda484d4a, got: 0xbae587fc]
	at org.elasticsearch.index.translog.Translog.verifyChecksum(Translog.java:1091)
	at org.elasticsearch.index.translog.Translog.readOperation(Translog.java:1123)
	... 21 more
[2016-04-18 03:03:57,676][WARN ][org.elasticsearch.cluster.action.shard] [node_s0] [test][0] received shard failed for [test][0], node[zh8EGFynRVuF0b25iuPgEA], [P], v[3], s[INITIALIZING], a[id=eaMZEu5UQRam9xDW1sxb_w], unassigned_info[[reason=ALLOCATION_FAILED], at[2016-04-18T07:03:57.666Z], details[failed recovery, failure IndexShardRecoveryException[failed to recovery from gateway]; nested: EngineCreationFailureException[failed to recover from translog]; nested: EngineException[failed to recover from translog]; nested: TranslogCorruptedException[translog corruption while reading from stream]; nested: TranslogCorruptedException[translog stream is corrupted, expected: 0xda484d4a, got: 0xbae587fc]; ]], indexUUID [jvViyj5qTFmJnQUMS7-e8g], message [failed recovery], failure [IndexShardRecoveryException[failed to recovery from gateway]; nested: EngineCreationFailureException[failed to recover from translog]; nested: EngineException[failed to recover from translog]; nested: TranslogCorruptedException[translog corruption while reading from stream]; nested: TranslogCorruptedException[translog stream is corrupted, expected: 0xda484d4a, got: 0xbae587fc]; ]
[test][[test][0]] IndexShardRecoveryException[failed to recovery from gateway]; nested: EngineCreationFailureException[failed to recover from translog]; nested: EngineException[failed to recover from translog]; nested: TranslogCorruptedException[translog corruption while reading from stream]; nested: TranslogCorruptedException[translog stream is corrupted, expected: 0xda484d4a, got: 0xbae587fc];
	at org.elasticsearch.index.shard.StoreRecovery.internalRecoverFromStore(StoreRecovery.java:234)
	at org.elasticsearch.index.shard.StoreRecovery.lambda$recoverFromStore$189(StoreRecovery.java:77)
	at org.elasticsearch.index.shard.StoreRecovery.executeRecovery(StoreRecovery.java:122)
	at org.elasticsearch.index.shard.StoreRecovery.recoverFromStore(StoreRecovery.java:75)
	at org.elasticsearch.index.shard.IndexShard.recoverFromStore(IndexShard.java:1059)
	at org.elasticsearch.indices.cluster.IndicesClusterStateService.lambda$applyInitializingShard$195(IndicesClusterStateService.java:648)
	at java.util.concurrent.ThreadPoolExecutor.runWorker(ThreadPoolExecutor.java:1142)
	at java.util.concurrent.ThreadPoolExecutor$Worker.run(ThreadPoolExecutor.java:617)
	at java.lang.Thread.run(Thread.java:745)
Caused by: [test][[test][0]] EngineCreationFailureException[failed to recover from translog]; nested: EngineException[failed to recover from translog]; nested: TranslogCorruptedException[translog corruption while reading from stream]; nested: TranslogCorruptedException[translog stream is corrupted, expected: 0xda484d4a, got: 0xbae587fc];
	at org.elasticsearch.index.engine.InternalEngine.<init>(InternalEngine.java:175)
	at org.elasticsearch.test.engine.MockInternalEngine.<init>(MockInternalEngine.java:36)
	at org.elasticsearch.test.engine.MockEngineFactory.newReadWriteEngine(MockEngineFactory.java:36)
	at org.elasticsearch.index.shard.IndexShard.newEngine(IndexShard.java:1310)
	at org.elasticsearch.index.shard.IndexShard.createNewEngine(IndexShard.java:1305)
	at org.elasticsearch.index.shard.IndexShard.internalPerformTranslogRecovery(IndexShard.java:888)
	at org.elasticsearch.index.shard.IndexShard.performTranslogRecovery(IndexShard.java:866)
	at org.elasticsearch.index.shard.StoreRecovery.internalRecoverFromStore(StoreRecovery.java:230)
	... 8 more
Caused by: [test][[test][0]] EngineException[failed to recover from translog]; nested: TranslogCorruptedException[translog corruption while reading from stream]; nested: TranslogCorruptedException[translog stream is corrupted, expected: 0xda484d4a, got: 0xbae587fc];
	at org.elasticsearch.index.engine.InternalEngine.recoverFromTranslog(InternalEngine.java:251)
	at org.elasticsearch.index.engine.InternalEngine.<init>(InternalEngine.java:172)
	... 15 more
Caused by: TranslogCorruptedException[translog corruption while reading from stream]; nested: TranslogCorruptedException[translog stream is corrupted, expected: 0xda484d4a, got: 0xbae587fc];
	at org.elasticsearch.index.translog.Translog.readOperation(Translog.java:1133)
	at org.elasticsearch.index.translog.BaseTranslogReader.read(BaseTranslogReader.java:114)
	at org.elasticsearch.index.translog.TranslogSnapshot.readOperation(TranslogSnapshot.java:70)
	at org.elasticsearch.index.translog.TranslogSnapshot.next(TranslogSnapshot.java:61)
	at org.elasticsearch.index.translog.MultiSnapshot.next(MultiSnapshot.java:53)
	at org.elasticsearch.index.engine.InternalEngine.recoverFromTranslog(InternalEngine.java:237)
	... 16 more
Caused by: TranslogCorruptedException[translog stream is corrupted, expected: 0xda484d4a, got: 0xbae587fc]
	at org.elasticsearch.index.translog.Translog.verifyChecksum(Translog.java:1091)
	at org.elasticsearch.index.translog.Translog.readOperation(Translog.java:1123)
	... 21 more
[2016-04-18 03:03:57,685][WARN ][org.elasticsearch.indices.cluster] [node_s0] [[test][0]] marking and sending shard failed due to [failed recovery]
[test][[test][0]] IndexShardRecoveryException[failed to recovery from gateway]; nested: EngineCreationFailureException[failed to recover from translog]; nested: EngineException[failed to recover from translog]; nested: TranslogCorruptedException[translog corruption while reading from stream]; nested: TranslogCorruptedException[translog stream is corrupted, expected: 0xda484d4a, got: 0xbae587fc];
	at org.elasticsearch.index.shard.StoreRecovery.internalRecoverFromStore(StoreRecovery.java:234)
	at org.elasticsearch.index.shard.StoreRecovery.lambda$recoverFromStore$189(StoreRecovery.java:77)
	at org.elasticsearch.index.shard.StoreRecovery.executeRecovery(StoreRecovery.java:122)
	at org.elasticsearch.index.shard.StoreRecovery.recoverFromStore(StoreRecovery.java:75)
	at org.elasticsearch.index.shard.IndexShard.recoverFromStore(IndexShard.java:1059)
	at org.elasticsearch.indices.cluster.IndicesClusterStateService.lambda$applyInitializingShard$195(IndicesClusterStateService.java:648)
	at java.util.concurrent.ThreadPoolExecutor.runWorker(ThreadPoolExecutor.java:1142)
	at java.util.concurrent.ThreadPoolExecutor$Worker.run(ThreadPoolExecutor.java:617)
	at java.lang.Thread.run(Thread.java:745)
Caused by: [test][[test][0]] EngineCreationFailureException[failed to recover from translog]; nested: EngineException[failed to recover from translog]; nested: TranslogCorruptedException[translog corruption while reading from stream]; nested: TranslogCorruptedException[translog stream is corrupted, expected: 0xda484d4a, got: 0xbae587fc];
	at org.elasticsearch.index.engine.InternalEngine.<init>(InternalEngine.java:175)
	at org.elasticsearch.test.engine.MockInternalEngine.<init>(MockInternalEngine.java:36)
	at org.elasticsearch.test.engine.MockEngineFactory.newReadWriteEngine(MockEngineFactory.java:36)
	at org.elasticsearch.index.shard.IndexShard.newEngine(IndexShard.java:1310)
	at org.elasticsearch.index.shard.IndexShard.createNewEngine(IndexShard.java:1305)
	at org.elasticsearch.index.shard.IndexShard.internalPerformTranslogRecovery(IndexShard.java:888)
	at org.elasticsearch.index.shard.IndexShard.performTranslogRecovery(IndexShard.java:866)
	at org.elasticsearch.index.shard.StoreRecovery.internalRecoverFromStore(StoreRecovery.java:230)
	... 8 more
Caused by: [test][[test][0]] EngineException[failed to recover from translog]; nested: TranslogCorruptedException[translog corruption while reading from stream]; nested: TranslogCorruptedException[translog stream is corrupted, expected: 0xda484d4a, got: 0xbae587fc];
	at org.elasticsearch.index.engine.InternalEngine.recoverFromTranslog(InternalEngine.java:251)
	at org.elasticsearch.index.engine.InternalEngine.<init>(InternalEngine.java:172)
	... 15 more
Caused by: TranslogCorruptedException[translog corruption while reading from stream]; nested: TranslogCorruptedException[translog stream is corrupted, expected: 0xda484d4a, got: 0xbae587fc];
	at org.elasticsearch.index.translog.Translog.readOperation(Translog.java:1133)
	at org.elasticsearch.index.translog.BaseTranslogReader.read(BaseTranslogReader.java:114)
	at org.elasticsearch.index.translog.TranslogSnapshot.readOperation(TranslogSnapshot.java:70)
	at org.elasticsearch.index.translog.TranslogSnapshot.next(TranslogSnapshot.java:61)
	at org.elasticsearch.index.translog.MultiSnapshot.next(MultiSnapshot.java:53)
	at org.elasticsearch.index.engine.InternalEngine.recoverFromTranslog(InternalEngine.java:237)
	... 16 more
Caused by: TranslogCorruptedException[translog stream is corrupted, expected: 0xda484d4a, got: 0xbae587fc]
	at org.elasticsearch.index.translog.Translog.verifyChecksum(Translog.java:1091)
	at org.elasticsearch.index.translog.Translog.readOperation(Translog.java:1123)
	... 21 more
[2016-04-18 03:03:57,686][WARN ][org.elasticsearch.cluster.action.shard] [node_s0] [test][0] received shard failed for [test][0], node[zh8EGFynRVuF0b25iuPgEA], [P], v[3], s[INITIALIZING], a[id=HgzCYIDtTm2kXLxYwdmSrA], unassigned_info[[reason=ALLOCATION_FAILED], at[2016-04-18T07:03:57.677Z], details[failed recovery, failure IndexShardRecoveryException[failed to recovery from gateway]; nested: EngineCreationFailureException[failed to recover from translog]; nested: EngineException[failed to recover from translog]; nested: TranslogCorruptedException[translog corruption while reading from stream]; nested: TranslogCorruptedException[translog stream is corrupted, expected: 0xda484d4a, got: 0xbae587fc]; ]], indexUUID [jvViyj5qTFmJnQUMS7-e8g], message [failed recovery], failure [IndexShardRecoveryException[failed to recovery from gateway]; nested: EngineCreationFailureException[failed to recover from translog]; nested: EngineException[failed to recover from translog]; nested: TranslogCorruptedException[translog corruption while reading from stream]; nested: TranslogCorruptedException[translog stream is corrupted, expected: 0xda484d4a, got: 0xbae587fc]; ]
[test][[test][0]] IndexShardRecoveryException[failed to recovery from gateway]; nested: EngineCreationFailureException[failed to recover from translog]; nested: EngineException[failed to recover from translog]; nested: TranslogCorruptedException[translog corruption while reading from stream]; nested: TranslogCorruptedException[translog stream is corrupted, expected: 0xda484d4a, got: 0xbae587fc];
	at org.elasticsearch.index.shard.StoreRecovery.internalRecoverFromStore(StoreRecovery.java:234)
	at org.elasticsearch.index.shard.StoreRecovery.lambda$recoverFromStore$189(StoreRecovery.java:77)
	at org.elasticsearch.index.shard.StoreRecovery.executeRecovery(StoreRecovery.java:122)
	at org.elasticsearch.index.shard.StoreRecovery.recoverFromStore(StoreRecovery.java:75)
	at org.elasticsearch.index.shard.IndexShard.recoverFromStore(IndexShard.java:1059)
	at org.elasticsearch.indices.cluster.IndicesClusterStateService.lambda$applyInitializingShard$195(IndicesClusterStateService.java:648)
	at java.util.concurrent.ThreadPoolExecutor.runWorker(ThreadPoolExecutor.java:1142)
	at java.util.concurrent.ThreadPoolExecutor$Worker.run(ThreadPoolExecutor.java:617)
	at java.lang.Thread.run(Thread.java:745)
Caused by: [test][[test][0]] EngineCreationFailureException[failed to recover from translog]; nested: EngineException[failed to recover from translog]; nested: TranslogCorruptedException[translog corruption while reading from stream]; nested: TranslogCorruptedException[translog stream is corrupted, expected: 0xda484d4a, got: 0xbae587fc];
	at org.elasticsearch.index.engine.InternalEngine.<init>(InternalEngine.java:175)
	at org.elasticsearch.test.engine.MockInternalEngine.<init>(MockInternalEngine.java:36)
	at org.elasticsearch.test.engine.MockEngineFactory.newReadWriteEngine(MockEngineFactory.java:36)
	at org.elasticsearch.index.shard.IndexShard.newEngine(IndexShard.java:1310)
	at org.elasticsearch.index.shard.IndexShard.createNewEngine(IndexShard.java:1305)
	at org.elasticsearch.index.shard.IndexShard.internalPerformTranslogRecovery(IndexShard.java:888)
	at org.elasticsearch.index.shard.IndexShard.performTranslogRecovery(IndexShard.java:866)
	at org.elasticsearch.index.shard.StoreRecovery.internalRecoverFromStore(StoreRecovery.java:230)
	... 8 more
Caused by: [test][[test][0]] EngineException[failed to recover from translog]; nested: TranslogCorruptedException[translog corruption while reading from stream]; nested: TranslogCorruptedException[translog stream is corrupted, expected: 0xda484d4a, got: 0xbae587fc];
	at org.elasticsearch.index.engine.InternalEngine.recoverFromTranslog(InternalEngine.java:251)
	at org.elasticsearch.index.engine.InternalEngine.<init>(InternalEngine.java:172)
	... 15 more
Caused by: TranslogCorruptedException[translog corruption while reading from stream]; nested: TranslogCorruptedException[translog stream is corrupted, expected: 0xda484d4a, got: 0xbae587fc];
	at org.elasticsearch.index.translog.Translog.readOperation(Translog.java:1133)
	at org.elasticsearch.index.translog.BaseTranslogReader.read(BaseTranslogReader.java:114)
	at org.elasticsearch.index.translog.TranslogSnapshot.readOperation(TranslogSnapshot.java:70)
	at org.elasticsearch.index.translog.TranslogSnapshot.next(TranslogSnapshot.java:61)
	at org.elasticsearch.index.translog.MultiSnapshot.next(MultiSnapshot.java:53)
	at org.elasticsearch.index.engine.InternalEngine.recoverFromTranslog(InternalEngine.java:237)
	... 16 more
Caused by: TranslogCorruptedException[translog stream is corrupted, expected: 0xda484d4a, got: 0xbae587fc]
	at org.elasticsearch.index.translog.Translog.verifyChecksum(Translog.java:1091)
	at org.elasticsearch.index.translog.Translog.readOperation(Translog.java:1123)
	... 21 more
[2016-04-18 03:03:57,695][WARN ][org.elasticsearch.indices.cluster] [node_s0] [[test][0]] marking and sending shard failed due to [failed recovery]
[test][[test][0]] IndexShardRecoveryException[failed to recovery from gateway]; nested: EngineCreationFailureException[failed to recover from translog]; nested: EngineException[failed to recover from translog]; nested: TranslogCorruptedException[translog corruption while reading from stream]; nested: TranslogCorruptedException[translog stream is corrupted, expected: 0xda484d4a, got: 0xbae587fc];
	at org.elasticsearch.index.shard.StoreRecovery.internalRecoverFromStore(StoreRecovery.java:234)
	at org.elasticsearch.index.shard.StoreRecovery.lambda$recoverFromStore$189(StoreRecovery.java:77)
	at org.elasticsearch.index.shard.StoreRecovery.executeRecovery(StoreRecovery.java:122)
	at org.elasticsearch.index.shard.StoreRecovery.recoverFromStore(StoreRecovery.java:75)
	at org.elasticsearch.index.shard.IndexShard.recoverFromStore(IndexShard.java:1059)
	at org.elasticsearch.indices.cluster.IndicesClusterStateService.lambda$applyInitializingShard$195(IndicesClusterStateService.java:648)
	at java.util.concurrent.ThreadPoolExecutor.runWorker(ThreadPoolExecutor.java:1142)
	at java.util.concurrent.ThreadPoolExecutor$Worker.run(ThreadPoolExecutor.java:617)
	at java.lang.Thread.run(Thread.java:745)
Caused by: [test][[test][0]] EngineCreationFailureException[failed to recover from translog]; nested: EngineException[failed to recover from translog]; nested: TranslogCorruptedException[translog corruption while reading from stream]; nested: TranslogCorruptedException[translog stream is corrupted, expected: 0xda484d4a, got: 0xbae587fc];
	at org.elasticsearch.index.engine.InternalEngine.<init>(InternalEngine.java:175)
	at org.elasticsearch.test.engine.MockInternalEngine.<init>(MockInternalEngine.java:36)
	at org.elasticsearch.test.engine.MockEngineFactory.newReadWriteEngine(MockEngineFactory.java:36)
	at org.elasticsearch.index.shard.IndexShard.newEngine(IndexShard.java:1310)
	at org.elasticsearch.index.shard.IndexShard.createNewEngine(IndexShard.java:1305)
	at org.elasticsearch.index.shard.IndexShard.internalPerformTranslogRecovery(IndexShard.java:888)
	at org.elasticsearch.index.shard.IndexShard.performTranslogRecovery(IndexShard.java:866)
	at org.elasticsearch.index.shard.StoreRecovery.internalRecoverFromStore(StoreRecovery.java:230)
	... 8 more
Caused by: [test][[test][0]] EngineException[failed to recover from translog]; nested: TranslogCorruptedException[translog corruption while reading from stream]; nested: TranslogCorruptedException[translog stream is corrupted, expected: 0xda484d4a, got: 0xbae587fc];
	at org.elasticsearch.index.engine.InternalEngine.recoverFromTranslog(InternalEngine.java:251)
	at org.elasticsearch.index.engine.InternalEngine.<init>(InternalEngine.java:172)
	... 15 more
Caused by: TranslogCorruptedException[translog corruption while reading from stream]; nested: TranslogCorruptedException[translog stream is corrupted, expected: 0xda484d4a, got: 0xbae587fc];
	at org.elasticsearch.index.translog.Translog.readOperation(Translog.java:1133)
	at org.elasticsearch.index.translog.BaseTranslogReader.read(BaseTranslogReader.java:114)
	at org.elasticsearch.index.translog.TranslogSnapshot.readOperation(TranslogSnapshot.java:70)
	at org.elasticsearch.index.translog.TranslogSnapshot.next(TranslogSnapshot.java:61)
	at org.elasticsearch.index.translog.MultiSnapshot.next(MultiSnapshot.java:53)
	at org.elasticsearch.index.engine.InternalEngine.recoverFromTranslog(InternalEngine.java:237)
	... 16 more
Caused by: TranslogCorruptedException[translog stream is corrupted, expected: 0xda484d4a, got: 0xbae587fc]
	at org.elasticsearch.index.translog.Translog.verifyChecksum(Translog.java:1091)
	at org.elasticsearch.index.translog.Translog.readOperation(Translog.java:1123)
	... 21 more
[2016-04-18 03:03:57,695][WARN ][org.elasticsearch.cluster.action.shard] [node_s0] [test][0] received shard failed for [test][0], node[zh8EGFynRVuF0b25iuPgEA], [P], v[3], s[INITIALIZING], a[id=rIJrKxI1TuyODJ6wgGW0QQ], unassigned_info[[reason=ALLOCATION_FAILED], at[2016-04-18T07:03:57.686Z], details[failed recovery, failure IndexShardRecoveryException[failed to recovery from gateway]; nested: EngineCreationFailureException[failed to recover from translog]; nested: EngineException[failed to recover from translog]; nested: TranslogCorruptedException[translog corruption while reading from stream]; nested: TranslogCorruptedException[translog stream is corrupted, expected: 0xda484d4a, got: 0xbae587fc]; ]], indexUUID [jvViyj5qTFmJnQUMS7-e8g], message [failed recovery], failure [IndexShardRecoveryException[failed to recovery from gateway]; nested: EngineCreationFailureException[failed to recover from translog]; nested: EngineException[failed to recover from translog]; nested: TranslogCorruptedException[translog corruption while reading from stream]; nested: TranslogCorruptedException[translog stream is corrupted, expected: 0xda484d4a, got: 0xbae587fc]; ]
[test][[test][0]] IndexShardRecoveryException[failed to recovery from gateway]; nested: EngineCreationFailureException[failed to recover from translog]; nested: EngineException[failed to recover from translog]; nested: TranslogCorruptedException[translog corruption while reading from stream]; nested: TranslogCorruptedException[translog stream is corrupted, expected: 0xda484d4a, got: 0xbae587fc];
	at org.elasticsearch.index.shard.StoreRecovery.internalRecoverFromStore(StoreRecovery.java:234)
	at org.elasticsearch.index.shard.StoreRecovery.lambda$recoverFromStore$189(StoreRecovery.java:77)
	at org.elasticsearch.index.shard.StoreRecovery.executeRecovery(StoreRecovery.java:122)
	at org.elasticsearch.index.shard.StoreRecovery.recoverFromStore(StoreRecovery.java:75)
	at org.elasticsearch.index.shard.IndexShard.recoverFromStore(IndexShard.java:1059)
	at org.elasticsearch.indices.cluster.IndicesClusterStateService.lambda$applyInitializingShard$195(IndicesClusterStateService.java:648)
	at java.util.concurrent.ThreadPoolExecutor.runWorker(ThreadPoolExecutor.java:1142)
	at java.util.concurrent.ThreadPoolExecutor$Worker.run(ThreadPoolExecutor.java:617)
	at java.lang.Thread.run(Thread.java:745)
Caused by: [test][[test][0]] EngineCreationFailureException[failed to recover from translog]; nested: EngineException[failed to recover from translog]; nested: TranslogCorruptedException[translog corruption while reading from stream]; nested: TranslogCorruptedException[translog stream is corrupted, expected: 0xda484d4a, got: 0xbae587fc];
	at org.elasticsearch.index.engine.InternalEngine.<init>(InternalEngine.java:175)
	at org.elasticsearch.test.engine.MockInternalEngine.<init>(MockInternalEngine.java:36)
	at org.elasticsearch.test.engine.MockEngineFactory.newReadWriteEngine(MockEngineFactory.java:36)
	at org.elasticsearch.index.shard.IndexShard.newEngine(IndexShard.java:1310)
	at org.elasticsearch.index.shard.IndexShard.createNewEngine(IndexShard.java:1305)
	at org.elasticsearch.index.shard.IndexShard.internalPerformTranslogRecovery(IndexShard.java:888)
	at org.elasticsearch.index.shard.IndexShard.performTranslogRecovery(IndexShard.java:866)
	at org.elasticsearch.index.shard.StoreRecovery.internalRecoverFromStore(StoreRecovery.java:230)
	... 8 more
Caused by: [test][[test][0]] EngineException[failed to recover from translog]; nested: TranslogCorruptedException[translog corruption while reading from stream]; nested: TranslogCorruptedException[translog stream is corrupted, expected: 0xda484d4a, got: 0xbae587fc];
	at org.elasticsearch.index.engine.InternalEngine.recoverFromTranslog(InternalEngine.java:251)
	at org.elasticsearch.index.engine.InternalEngine.<init>(InternalEngine.java:172)
	... 15 more
Caused by: TranslogCorruptedException[translog corruption while reading from stream]; nested: TranslogCorruptedException[translog stream is corrupted, expected: 0xda484d4a, got: 0xbae587fc];
	at org.elasticsearch.index.translog.Translog.readOperation(Translog.java:1133)
	at org.elasticsearch.index.translog.BaseTranslogReader.read(BaseTranslogReader.java:114)
	at org.elasticsearch.index.translog.TranslogSnapshot.readOperation(TranslogSnapshot.java:70)
	at org.elasticsearch.index.translog.TranslogSnapshot.next(TranslogSnapshot.java:61)
	at org.elasticsearch.index.translog.MultiSnapshot.next(MultiSnapshot.java:53)
	at org.elasticsearch.index.engine.InternalEngine.recoverFromTranslog(InternalEngine.java:237)
	... 16 more
Caused by: TranslogCorruptedException[translog stream is corrupted, expected: 0xda484d4a, got: 0xbae587fc]
	at org.elasticsearch.index.translog.Translog.verifyChecksum(Translog.java:1091)
	at org.elasticsearch.index.translog.Translog.readOperation(Translog.java:1123)
	... 21 more
[2016-04-18 03:03:57,705][WARN ][org.elasticsearch.indices.cluster] [node_s0] [[test][0]] marking and sending shard failed due to [failed recovery]
[test][[test][0]] IndexShardRecoveryException[failed to recovery from gateway]; nested: EngineCreationFailureException[failed to recover from translog]; nested: EngineException[failed to recover from translog]; nested: TranslogCorruptedException[translog corruption while reading from stream]; nested: TranslogCorruptedException[translog stream is corrupted, expected: 0xda484d4a, got: 0xbae587fc];
	at org.elasticsearch.index.shard.StoreRecovery.internalRecoverFromStore(StoreRecovery.java:234)
	at org.elasticsearch.index.shard.StoreRecovery.lambda$recoverFromStore$189(StoreRecovery.java:77)
	at org.elasticsearch.index.shard.StoreRecovery.executeRecovery(StoreRecovery.java:122)
	at org.elasticsearch.index.shard.StoreRecovery.recoverFromStore(StoreRecovery.java:75)
	at org.elasticsearch.index.shard.IndexShard.recoverFromStore(IndexShard.java:1059)
	at org.elasticsearch.indices.cluster.IndicesClusterStateService.lambda$applyInitializingShard$195(IndicesClusterStateService.java:648)
	at java.util.concurrent.ThreadPoolExecutor.runWorker(ThreadPoolExecutor.java:1142)
	at java.util.concurrent.ThreadPoolExecutor$Worker.run(ThreadPoolExecutor.java:617)
	at java.lang.Thread.run(Thread.java:745)
Caused by: [test][[test][0]] EngineCreationFailureException[failed to recover from translog]; nested: EngineException[failed to recover from translog]; nested: TranslogCorruptedException[translog corruption while reading from stream]; nested: TranslogCorruptedException[translog stream is corrupted, expected: 0xda484d4a, got: 0xbae587fc];
	at org.elasticsearch.index.engine.InternalEngine.<init>(InternalEngine.java:175)
	at org.elasticsearch.test.engine.MockInternalEngine.<init>(MockInternalEngine.java:36)
	at org.elasticsearch.test.engine.MockEngineFactory.newReadWriteEngine(MockEngineFactory.java:36)
	at org.elasticsearch.index.shard.IndexShard.newEngine(IndexShard.java:1310)
	at org.elasticsearch.index.shard.IndexShard.createNewEngine(IndexShard.java:1305)
	at org.elasticsearch.index.shard.IndexShard.internalPerformTranslogRecovery(IndexShard.java:888)
	at org.elasticsearch.index.shard.IndexShard.performTranslogRecovery(IndexShard.java:866)
	at org.elasticsearch.index.shard.StoreRecovery.internalRecoverFromStore(StoreRecovery.java:230)
	... 8 more
Caused by: [test][[test][0]] EngineException[failed to recover from translog]; nested: TranslogCorruptedException[translog corruption while reading from stream]; nested: TranslogCorruptedException[translog stream is corrupted, expected: 0xda484d4a, got: 0xbae587fc];
	at org.elasticsearch.index.engine.InternalEngine.recoverFromTranslog(InternalEngine.java:251)
	at org.elasticsearch.index.engine.InternalEngine.<init>(InternalEngine.java:172)
	... 15 more
Caused by: TranslogCorruptedException[translog corruption while reading from stream]; nested: TranslogCorruptedException[translog stream is corrupted, expected: 0xda484d4a, got: 0xbae587fc];
	at org.elasticsearch.index.translog.Translog.readOperation(Translog.java:1133)
	at org.elasticsearch.index.translog.BaseTranslogReader.read(BaseTranslogReader.java:114)
	at org.elasticsearch.index.translog.TranslogSnapshot.readOperation(TranslogSnapshot.java:70)
	at org.elasticsearch.index.translog.TranslogSnapshot.next(TranslogSnapshot.java:61)
	at org.elasticsearch.index.translog.MultiSnapshot.next(MultiSnapshot.java:53)
	at org.elasticsearch.index.engine.InternalEngine.recoverFromTranslog(InternalEngine.java:237)
	... 16 more
Caused by: TranslogCorruptedException[translog stream is corrupted, expected: 0xda484d4a, got: 0xbae587fc]
	at org.elasticsearch.index.translog.Translog.verifyChecksum(Translog.java:1091)
	at org.elasticsearch.index.translog.Translog.readOperation(Translog.java:1123)
	... 21 more
[2016-04-18 03:03:57,705][WARN ][org.elasticsearch.cluster.action.shard] [node_s0] [test][0] received shard failed for [test][0], node[zh8EGFynRVuF0b25iuPgEA], [P], v[3], s[INITIALIZING], a[id=ooTjxq_VTOSxJaTeALYUAg], unassigned_info[[reason=ALLOCATION_FAILED], at[2016-04-18T07:03:57.696Z], details[failed recovery, failure IndexShardRecoveryException[failed to recovery from gateway]; nested: EngineCreationFailureException[failed to recover from translog]; nested: EngineException[failed to recover from translog]; nested: TranslogCorruptedException[translog corruption while reading from stream]; nested: TranslogCorruptedException[translog stream is corrupted, expected: 0xda484d4a, got: 0xbae587fc]; ]], indexUUID [jvViyj5qTFmJnQUMS7-e8g], message [failed recovery], failure [IndexShardRecoveryException[failed to recovery from gateway]; nested: EngineCreationFailureException[failed to recover from translog]; nested: EngineException[failed to recover from translog]; nested: TranslogCorruptedException[translog corruption while reading from stream]; nested: TranslogCorruptedException[translog stream is corrupted, expected: 0xda484d4a, got: 0xbae587fc]; ]
[test][[test][0]] IndexShardRecoveryException[failed to recovery from gateway]; nested: EngineCreationFailureException[failed to recover from translog]; nested: EngineException[failed to recover from translog]; nested: TranslogCorruptedException[translog corruption while reading from stream]; nested: TranslogCorruptedException[translog stream is corrupted, expected: 0xda484d4a, got: 0xbae587fc];
	at org.elasticsearch.index.shard.StoreRecovery.internalRecoverFromStore(StoreRecovery.java:234)
	at org.elasticsearch.index.shard.StoreRecovery.lambda$recoverFromStore$189(StoreRecovery.java:77)
	at org.elasticsearch.index.shard.StoreRecovery.executeRecovery(StoreRecovery.java:122)
	at org.elasticsearch.index.shard.StoreRecovery.recoverFromStore(StoreRecovery.java:75)
	at org.elasticsearch.index.shard.IndexShard.recoverFromStore(IndexShard.java:1059)
	at org.elasticsearch.indices.cluster.IndicesClusterStateService.lambda$applyInitializingShard$195(IndicesClusterStateService.java:648)
	at java.util.concurrent.ThreadPoolExecutor.runWorker(ThreadPoolExecutor.java:1142)
	at java.util.concurrent.ThreadPoolExecutor$Worker.run(ThreadPoolExecutor.java:617)
	at java.lang.Thread.run(Thread.java:745)
Caused by: [test][[test][0]] EngineCreationFailureException[failed to recover from translog]; nested: EngineException[failed to recover from translog]; nested: TranslogCorruptedException[translog corruption while reading from stream]; nested: TranslogCorruptedException[translog stream is corrupted, expected: 0xda484d4a, got: 0xbae587fc];
	at org.elasticsearch.index.engine.InternalEngine.<init>(InternalEngine.java:175)
	at org.elasticsearch.test.engine.MockInternalEngine.<init>(MockInternalEngine.java:36)
	at org.elasticsearch.test.engine.MockEngineFactory.newReadWriteEngine(MockEngineFactory.java:36)
	at org.elasticsearch.index.shard.IndexShard.newEngine(IndexShard.java:1310)
	at org.elasticsearch.index.shard.IndexShard.createNewEngine(IndexShard.java:1305)
	at org.elasticsearch.index.shard.IndexShard.internalPerformTranslogRecovery(IndexShard.java:888)
	at org.elasticsearch.index.shard.IndexShard.performTranslogRecovery(IndexShard.java:866)
	at org.elasticsearch.index.shard.StoreRecovery.internalRecoverFromStore(StoreRecovery.java:230)
	... 8 more
Caused by: [test][[test][0]] EngineException[failed to recover from translog]; nested: TranslogCorruptedException[translog corruption while reading from stream]; nested: TranslogCorruptedException[translog stream is corrupted, expected: 0xda484d4a, got: 0xbae587fc];
	at org.elasticsearch.index.engine.InternalEngine.recoverFromTranslog(InternalEngine.java:251)
	at org.elasticsearch.index.engine.InternalEngine.<init>(InternalEngine.java:172)
	... 15 more
Caused by: TranslogCorruptedException[translog corruption while reading from stream]; nested: TranslogCorruptedException[translog stream is corrupted, expected: 0xda484d4a, got: 0xbae587fc];
	at org.elasticsearch.index.translog.Translog.readOperation(Translog.java:1133)
	at org.elasticsearch.index.translog.BaseTranslogReader.read(BaseTranslogReader.java:114)
	at org.elasticsearch.index.translog.TranslogSnapshot.readOperation(TranslogSnapshot.java:70)
	at org.elasticsearch.index.translog.TranslogSnapshot.next(TranslogSnapshot.java:61)
	at org.elasticsearch.index.translog.MultiSnapshot.next(MultiSnapshot.java:53)
	at org.elasticsearch.index.engine.InternalEngine.recoverFromTranslog(InternalEngine.java:237)
	... 16 more
Caused by: TranslogCorruptedException[translog stream is corrupted, expected: 0xda484d4a, got: 0xbae587fc]
	at org.elasticsearch.index.translog.Translog.verifyChecksum(Translog.java:1091)
	at org.elasticsearch.index.translog.Translog.readOperation(Translog.java:1123)
	... 21 more
[2016-04-18 03:03:57,716][WARN ][org.elasticsearch.indices.cluster] [node_s0] [[test][0]] marking and sending shard failed due to [failed recovery]
[test][[test][0]] IndexShardRecoveryException[failed to recovery from gateway]; nested: EngineCreationFailureException[failed to recover from translog]; nested: EngineException[failed to recover from translog]; nested: TranslogCorruptedException[translog corruption while reading from stream]; nested: TranslogCorruptedException[translog stream is corrupted, expected: 0xda484d4a, got: 0xbae587fc];
	at org.elasticsearch.index.shard.StoreRecovery.internalRecoverFromStore(StoreRecovery.java:234)
	at org.elasticsearch.index.shard.StoreRecovery.lambda$recoverFromStore$189(StoreRecovery.java:77)
	at org.elasticsearch.index.shard.StoreRecovery.executeRecovery(StoreRecovery.java:122)
	at org.elasticsearch.index.shard.StoreRecovery.recoverFromStore(StoreRecovery.java:75)
	at org.elasticsearch.index.shard.IndexShard.recoverFromStore(IndexShard.java:1059)
	at org.elasticsearch.indices.cluster.IndicesClusterStateService.lambda$applyInitializingShard$195(IndicesClusterStateService.java:648)
	at java.util.concurrent.ThreadPoolExecutor.runWorker(ThreadPoolExecutor.java:1142)
	at java.util.concurrent.ThreadPoolExecutor$Worker.run(ThreadPoolExecutor.java:617)
	at java.lang.Thread.run(Thread.java:745)
Caused by: [test][[test][0]] EngineCreationFailureException[failed to recover from translog]; nested: EngineException[failed to recover from translog]; nested: TranslogCorruptedException[translog corruption while reading from stream]; nested: TranslogCorruptedException[translog stream is corrupted, expected: 0xda484d4a, got: 0xbae587fc];
	at org.elasticsearch.index.engine.InternalEngine.<init>(InternalEngine.java:175)
	at org.elasticsearch.test.engine.MockInternalEngine.<init>(MockInternalEngine.java:36)
	at org.elasticsearch.test.engine.MockEngineFactory.newReadWriteEngine(MockEngineFactory.java:36)
	at org.elasticsearch.index.shard.IndexShard.newEngine(IndexShard.java:1310)
	at org.elasticsearch.index.shard.IndexShard.createNewEngine(IndexShard.java:1305)
	at org.elasticsearch.index.shard.IndexShard.internalPerformTranslogRecovery(IndexShard.java:888)
	at org.elasticsearch.index.shard.IndexShard.performTranslogRecovery(IndexShard.java:866)
	at org.elasticsearch.index.shard.StoreRecovery.internalRecoverFromStore(StoreRecovery.java:230)
	... 8 more
Caused by: [test][[test][0]] EngineException[failed to recover from translog]; nested: TranslogCorruptedException[translog corruption while reading from stream]; nested: TranslogCorruptedException[translog stream is corrupted, expected: 0xda484d4a, got: 0xbae587fc];
	at org.elasticsearch.index.engine.InternalEngine.recoverFromTranslog(InternalEngine.java:251)
	at org.elasticsearch.index.engine.InternalEngine.<init>(InternalEngine.java:172)
	... 15 more
Caused by: TranslogCorruptedException[translog corruption while reading from stream]; nested: TranslogCorruptedException[translog stream is corrupted, expected: 0xda484d4a, got: 0xbae587fc];
	at org.elasticsearch.index.translog.Translog.readOperation(Translog.java:1133)
	at org.elasticsearch.index.translog.BaseTranslogReader.read(BaseTranslogReader.java:114)
	at org.elasticsearch.index.translog.TranslogSnapshot.readOperation(TranslogSnapshot.java:70)
	at org.elasticsearch.index.translog.TranslogSnapshot.next(TranslogSnapshot.java:61)
	at org.elasticsearch.index.translog.MultiSnapshot.next(MultiSnapshot.java:53)
	at org.elasticsearch.index.engine.InternalEngine.recoverFromTranslog(InternalEngine.java:237)
	... 16 more
Caused by: TranslogCorruptedException[translog stream is corrupted, expected: 0xda484d4a, got: 0xbae587fc]
	at org.elasticsearch.index.translog.Translog.verifyChecksum(Translog.java:1091)
	at org.elasticsearch.index.translog.Translog.readOperation(Translog.java:1123)
	... 21 more
[2016-04-18 03:03:57,717][WARN ][org.elasticsearch.cluster.action.shard] [node_s0] [test][0] received shard failed for [test][0], node[zh8EGFynRVuF0b25iuPgEA], [P], v[3], s[INITIALIZING], a[id=pelVKQc7SGyGcjyELkVFVA], unassigned_info[[reason=ALLOCATION_FAILED], at[2016-04-18T07:03:57.706Z], details[failed recovery, failure IndexShardRecoveryException[failed to recovery from gateway]; nested: EngineCreationFailureException[failed to recover from translog]; nested: EngineException[failed to recover from translog]; nested: TranslogCorruptedException[translog corruption while reading from stream]; nested: TranslogCorruptedException[translog stream is corrupted, expected: 0xda484d4a, got: 0xbae587fc]; ]], indexUUID [jvViyj5qTFmJnQUMS7-e8g], message [failed recovery], failure [IndexShardRecoveryException[failed to recovery from gateway]; nested: EngineCreationFailureException[failed to recover from translog]; nested: EngineException[failed to recover from translog]; nested: TranslogCorruptedException[translog corruption while reading from stream]; nested: TranslogCorruptedException[translog stream is corrupted, expected: 0xda484d4a, got: 0xbae587fc]; ]
[test][[test][0]] IndexShardRecoveryException[failed to recovery from gateway]; nested: EngineCreationFailureException[failed to recover from translog]; nested: EngineException[failed to recover from translog]; nested: TranslogCorruptedException[translog corruption while reading from stream]; nested: TranslogCorruptedException[translog stream is corrupted, expected: 0xda484d4a, got: 0xbae587fc];
	at org.elasticsearch.index.shard.StoreRecovery.internalRecoverFromStore(StoreRecovery.java:234)
	at org.elasticsearch.index.shard.StoreRecovery.lambda$recoverFromStore$189(StoreRecovery.java:77)
	at org.elasticsearch.index.shard.StoreRecovery.executeRecovery(StoreRecovery.java:122)
	at org.elasticsearch.index.shard.StoreRecovery.recoverFromStore(StoreRecovery.java:75)
	at org.elasticsearch.index.shard.IndexShard.recoverFromStore(IndexShard.java:1059)
	at org.elasticsearch.indices.cluster.IndicesClusterStateService.lambda$applyInitializingShard$195(IndicesClusterStateService.java:648)
	at java.util.concurrent.ThreadPoolExecutor.runWorker(ThreadPoolExecutor.java:1142)
	at java.util.concurrent.ThreadPoolExecutor$Worker.run(ThreadPoolExecutor.java:617)
	at java.lang.Thread.run(Thread.java:745)
Caused by: [test][[test][0]] EngineCreationFailureException[failed to recover from translog]; nested: EngineException[failed to recover from translog]; nested: TranslogCorruptedException[translog corruption while reading from stream]; nested: TranslogCorruptedException[translog stream is corrupted, expected: 0xda484d4a, got: 0xbae587fc];
	at org.elasticsearch.index.engine.InternalEngine.<init>(InternalEngine.java:175)
	at org.elasticsearch.test.engine.MockInternalEngine.<init>(MockInternalEngine.java:36)
	at org.elasticsearch.test.engine.MockEngineFactory.newReadWriteEngine(MockEngineFactory.java:36)
	at org.elasticsearch.index.shard.IndexShard.newEngine(IndexShard.java:1310)
	at org.elasticsearch.index.shard.IndexShard.createNewEngine(IndexShard.java:1305)
	at org.elasticsearch.index.shard.IndexShard.internalPerformTranslogRecovery(IndexShard.java:888)
	at org.elasticsearch.index.shard.IndexShard.performTranslogRecovery(IndexShard.java:866)
	at org.elasticsearch.index.shard.StoreRecovery.internalRecoverFromStore(StoreRecovery.java:230)
	... 8 more
Caused by: [test][[test][0]] EngineException[failed to recover from translog]; nested: TranslogCorruptedException[translog corruption while reading from stream]; nested: TranslogCorruptedException[translog stream is corrupted, expected: 0xda484d4a, got: 0xbae587fc];
	at org.elasticsearch.index.engine.InternalEngine.recoverFromTranslog(InternalEngine.java:251)
	at org.elasticsearch.index.engine.InternalEngine.<init>(InternalEngine.java:172)
	... 15 more
Caused by: TranslogCorruptedException[translog corruption while reading from stream]; nested: TranslogCorruptedException[translog stream is corrupted, expected: 0xda484d4a, got: 0xbae587fc];
	at org.elasticsearch.index.translog.Translog.readOperation(Translog.java:1133)
	at org.elasticsearch.index.translog.BaseTranslogReader.read(BaseTranslogReader.java:114)
	at org.elasticsearch.index.translog.TranslogSnapshot.readOperation(TranslogSnapshot.java:70)
	at org.elasticsearch.index.translog.TranslogSnapshot.next(TranslogSnapshot.java:61)
	at org.elasticsearch.index.translog.MultiSnapshot.next(MultiSnapshot.java:53)
	at org.elasticsearch.index.engine.InternalEngine.recoverFromTranslog(InternalEngine.java:237)
	... 16 more
Caused by: TranslogCorruptedException[translog stream is corrupted, expected: 0xda484d4a, got: 0xbae587fc]
	at org.elasticsearch.index.translog.Translog.verifyChecksum(Translog.java:1091)
	at org.elasticsearch.index.translog.Translog.readOperation(Translog.java:1123)
	... 21 more
[2016-04-18 03:03:57,731][WARN ][org.elasticsearch.indices.cluster] [node_s0] [[test][0]] marking and sending shard failed due to [failed recovery]
[test][[test][0]] IndexShardRecoveryException[failed to recovery from gateway]; nested: EngineCreationFailureException[failed to recover from translog]; nested: EngineException[failed to recover from translog]; nested: TranslogCorruptedException[translog corruption while reading from stream]; nested: TranslogCorruptedException[translog stream is corrupted, expected: 0xda484d4a, got: 0xbae587fc];
	at org.elasticsearch.index.shard.StoreRecovery.internalRecoverFromStore(StoreRecovery.java:234)
	at org.elasticsearch.index.shard.StoreRecovery.lambda$recoverFromStore$189(StoreRecovery.java:77)
	at org.elasticsearch.index.shard.StoreRecovery.executeRecovery(StoreRecovery.java:122)
	at org.elasticsearch.index.shard.StoreRecovery.recoverFromStore(StoreRecovery.java:75)
	at org.elasticsearch.index.shard.IndexShard.recoverFromStore(IndexShard.java:1059)
	at org.elasticsearch.indices.cluster.IndicesClusterStateService.lambda$applyInitializingShard$195(IndicesClusterStateService.java:648)
	at java.util.concurrent.ThreadPoolExecutor.runWorker(ThreadPoolExecutor.java:1142)
	at java.util.concurrent.ThreadPoolExecutor$Worker.run(ThreadPoolExecutor.java:617)
	at java.lang.Thread.run(Thread.java:745)
Caused by: [test][[test][0]] EngineCreationFailureException[failed to recover from translog]; nested: EngineException[failed to recover from translog]; nested: TranslogCorruptedException[translog corruption while reading from stream]; nested: TranslogCorruptedException[translog stream is corrupted, expected: 0xda484d4a, got: 0xbae587fc];
	at org.elasticsearch.index.engine.InternalEngine.<init>(InternalEngine.java:175)
	at org.elasticsearch.test.engine.MockInternalEngine.<init>(MockInternalEngine.java:36)
	at org.elasticsearch.test.engine.MockEngineFactory.newReadWriteEngine(MockEngineFactory.java:36)
	at org.elasticsearch.index.shard.IndexShard.newEngine(IndexShard.java:1310)
	at org.elasticsearch.index.shard.IndexShard.createNewEngine(IndexShard.java:1305)
	at org.elasticsearch.index.shard.IndexShard.internalPerformTranslogRecovery(IndexShard.java:888)
	at org.elasticsearch.index.shard.IndexShard.performTranslogRecovery(IndexShard.java:866)
	at org.elasticsearch.index.shard.StoreRecovery.internalRecoverFromStore(StoreRecovery.java:230)
	... 8 more
Caused by: [test][[test][0]] EngineException[failed to recover from translog]; nested: TranslogCorruptedException[translog corruption while reading from stream]; nested: TranslogCorruptedException[translog stream is corrupted, expected: 0xda484d4a, got: 0xbae587fc];
	at org.elasticsearch.index.engine.InternalEngine.recoverFromTranslog(InternalEngine.java:251)
	at org.elasticsearch.index.engine.InternalEngine.<init>(InternalEngine.java:172)
	... 15 more
Caused by: TranslogCorruptedException[translog corruption while reading from stream]; nested: TranslogCorruptedException[translog stream is corrupted, expected: 0xda484d4a, got: 0xbae587fc];
	at org.elasticsearch.index.translog.Translog.readOperation(Translog.java:1133)
	at org.elasticsearch.index.translog.BaseTranslogReader.read(BaseTranslogReader.java:114)
	at org.elasticsearch.index.translog.TranslogSnapshot.readOperation(TranslogSnapshot.java:70)
	at org.elasticsearch.index.translog.TranslogSnapshot.next(TranslogSnapshot.java:61)
	at org.elasticsearch.index.translog.MultiSnapshot.next(MultiSnapshot.java:53)
	at org.elasticsearch.index.engine.InternalEngine.recoverFromTranslog(InternalEngine.java:237)
	... 16 more
Caused by: TranslogCorruptedException[translog stream is corrupted, expected: 0xda484d4a, got: 0xbae587fc]
	at org.elasticsearch.index.translog.Translog.verifyChecksum(Translog.java:1091)
	at org.elasticsearch.index.translog.Translog.readOperation(Translog.java:1123)
	... 21 more
[2016-04-18 03:03:57,732][WARN ][org.elasticsearch.cluster.action.shard] [node_s0] [test][0] received shard failed for [test][0], node[zh8EGFynRVuF0b25iuPgEA], [P], v[3], s[INITIALIZING], a[id=2a34hivfTTiaX2NGMjxM9w], unassigned_info[[reason=ALLOCATION_FAILED], at[2016-04-18T07:03:57.718Z], details[failed recovery, failure IndexShardRecoveryException[failed to recovery from gateway]; nested: EngineCreationFailureException[failed to recover from translog]; nested: EngineException[failed to recover from translog]; nested: TranslogCorruptedException[translog corruption while reading from stream]; nested: TranslogCorruptedException[translog stream is corrupted, expected: 0xda484d4a, got: 0xbae587fc]; ]], indexUUID [jvViyj5qTFmJnQUMS7-e8g], message [failed recovery], failure [IndexShardRecoveryException[failed to recovery from gateway]; nested: EngineCreationFailureException[failed to recover from translog]; nested: EngineException[failed to recover from translog]; nested: TranslogCorruptedException[translog corruption while reading from stream]; nested: TranslogCorruptedException[translog stream is corrupted, expected: 0xda484d4a, got: 0xbae587fc]; ]
[test][[test][0]] IndexShardRecoveryException[failed to recovery from gateway]; nested: EngineCreationFailureException[failed to recover from translog]; nested: EngineException[failed to recover from translog]; nested: TranslogCorruptedException[translog corruption while reading from stream]; nested: TranslogCorruptedException[translog stream is corrupted, expected: 0xda484d4a, got: 0xbae587fc];
	at org.elasticsearch.index.shard.StoreRecovery.internalRecoverFromStore(StoreRecovery.java:234)
	at org.elasticsearch.index.shard.StoreRecovery.lambda$recoverFromStore$189(StoreRecovery.java:77)
	at org.elasticsearch.index.shard.StoreRecovery.executeRecovery(StoreRecovery.java:122)
	at org.elasticsearch.index.shard.StoreRecovery.recoverFromStore(StoreRecovery.java:75)
	at org.elasticsearch.index.shard.IndexShard.recoverFromStore(IndexShard.java:1059)
	at org.elasticsearch.indices.cluster.IndicesClusterStateService.lambda$applyInitializingShard$195(IndicesClusterStateService.java:648)
	at java.util.concurrent.ThreadPoolExecutor.runWorker(ThreadPoolExecutor.java:1142)
	at java.util.concurrent.ThreadPoolExecutor$Worker.run(ThreadPoolExecutor.java:617)
	at java.lang.Thread.run(Thread.java:745)
Caused by: [test][[test][0]] EngineCreationFailureException[failed to recover from translog]; nested: EngineException[failed to recover from translog]; nested: TranslogCorruptedException[translog corruption while reading from stream]; nested: TranslogCorruptedException[translog stream is corrupted, expected: 0xda484d4a, got: 0xbae587fc];
	at org.elasticsearch.index.engine.InternalEngine.<init>(InternalEngine.java:175)
	at org.elasticsearch.test.engine.MockInternalEngine.<init>(MockInternalEngine.java:36)
	at org.elasticsearch.test.engine.MockEngineFactory.newReadWriteEngine(MockEngineFactory.java:36)
	at org.elasticsearch.index.shard.IndexShard.newEngine(IndexShard.java:1310)
	at org.elasticsearch.index.shard.IndexShard.createNewEngine(IndexShard.java:1305)
	at org.elasticsearch.index.shard.IndexShard.internalPerformTranslogRecovery(IndexShard.java:888)
	at org.elasticsearch.index.shard.IndexShard.performTranslogRecovery(IndexShard.java:866)
	at org.elasticsearch.index.shard.StoreRecovery.internalRecoverFromStore(StoreRecovery.java:230)
	... 8 more
Caused by: [test][[test][0]] EngineException[failed to recover from translog]; nested: TranslogCorruptedException[translog corruption while reading from stream]; nested: TranslogCorruptedException[translog stream is corrupted, expected: 0xda484d4a, got: 0xbae587fc];
	at org.elasticsearch.index.engine.InternalEngine.recoverFromTranslog(InternalEngine.java:251)
	at org.elasticsearch.index.engine.InternalEngine.<init>(InternalEngine.java:172)
	... 15 more
Caused by: TranslogCorruptedException[translog corruption while reading from stream]; nested: TranslogCorruptedException[translog stream is corrupted, expected: 0xda484d4a, got: 0xbae587fc];
	at org.elasticsearch.index.translog.Translog.readOperation(Translog.java:1133)
	at org.elasticsearch.index.translog.BaseTranslogReader.read(BaseTranslogReader.java:114)
	at org.elasticsearch.index.translog.TranslogSnapshot.readOperation(TranslogSnapshot.java:70)
	at org.elasticsearch.index.translog.TranslogSnapshot.next(TranslogSnapshot.java:61)
	at org.elasticsearch.index.translog.MultiSnapshot.next(MultiSnapshot.java:53)
	at org.elasticsearch.index.engine.InternalEngine.recoverFromTranslog(InternalEngine.java:237)
	... 16 more
Caused by: TranslogCorruptedException[translog stream is corrupted, expected: 0xda484d4a, got: 0xbae587fc]
	at org.elasticsearch.index.translog.Translog.verifyChecksum(Translog.java:1091)
	at org.elasticsearch.index.translog.Translog.readOperation(Translog.java:1123)
	... 21 more
[2016-04-18 03:03:57,745][WARN ][org.elasticsearch.indices.cluster] [node_s0] [[test][0]] marking and sending shard failed due to [failed recovery]
[test][[test][0]] IndexShardRecoveryException[failed to recovery from gateway]; nested: EngineCreationFailureException[failed to recover from translog]; nested: EngineException[failed to recover from translog]; nested: TranslogCorruptedException[translog corruption while reading from stream]; nested: TranslogCorruptedException[translog stream is corrupted, expected: 0xda484d4a, got: 0xbae587fc];
	at org.elasticsearch.index.shard.StoreRecovery.internalRecoverFromStore(StoreRecovery.java:234)
	at org.elasticsearch.index.shard.StoreRecovery.lambda$recoverFromStore$189(StoreRecovery.java:77)
	at org.elasticsearch.index.shard.StoreRecovery.executeRecovery(StoreRecovery.java:122)
	at org.elasticsearch.index.shard.StoreRecovery.recoverFromStore(StoreRecovery.java:75)
	at org.elasticsearch.index.shard.IndexShard.recoverFromStore(IndexShard.java:1059)
	at org.elasticsearch.indices.cluster.IndicesClusterStateService.lambda$applyInitializingShard$195(IndicesClusterStateService.java:648)
	at java.util.concurrent.ThreadPoolExecutor.runWorker(ThreadPoolExecutor.java:1142)
	at java.util.concurrent.ThreadPoolExecutor$Worker.run(ThreadPoolExecutor.java:617)
	at java.lang.Thread.run(Thread.java:745)
Caused by: [test][[test][0]] EngineCreationFailureException[failed to recover from translog]; nested: EngineException[failed to recover from translog]; nested: TranslogCorruptedException[translog corruption while reading from stream]; nested: TranslogCorruptedException[translog stream is corrupted, expected: 0xda484d4a, got: 0xbae587fc];
	at org.elasticsearch.index.engine.InternalEngine.<init>(InternalEngine.java:175)
	at org.elasticsearch.test.engine.MockInternalEngine.<init>(MockInternalEngine.java:36)
	at org.elasticsearch.test.engine.MockEngineFactory.newReadWriteEngine(MockEngineFactory.java:36)
	at org.elasticsearch.index.shard.IndexShard.newEngine(IndexShard.java:1310)
	at org.elasticsearch.index.shard.IndexShard.createNewEngine(IndexShard.java:1305)
	at org.elasticsearch.index.shard.IndexShard.internalPerformTranslogRecovery(IndexShard.java:888)
	at org.elasticsearch.index.shard.IndexShard.performTranslogRecovery(IndexShard.java:866)
	at org.elasticsearch.index.shard.StoreRecovery.internalRecoverFromStore(StoreRecovery.java:230)
	... 8 more
Caused by: [test][[test][0]] EngineException[failed to recover from translog]; nested: TranslogCorruptedException[translog corruption while reading from stream]; nested: TranslogCorruptedException[translog stream is corrupted, expected: 0xda484d4a, got: 0xbae587fc];
	at org.elasticsearch.index.engine.InternalEngine.recoverFromTranslog(InternalEngine.java:251)
	at org.elasticsearch.index.engine.InternalEngine.<init>(InternalEngine.java:172)
	... 15 more
Caused by: TranslogCorruptedException[translog corruption while reading from stream]; nested: TranslogCorruptedException[translog stream is corrupted, expected: 0xda484d4a, got: 0xbae587fc];
	at org.elasticsearch.index.translog.Translog.readOperation(Translog.java:1133)
	at org.elasticsearch.index.translog.BaseTranslogReader.read(BaseTranslogReader.java:114)
	at org.elasticsearch.index.translog.TranslogSnapshot.readOperation(TranslogSnapshot.java:70)
	at org.elasticsearch.index.translog.TranslogSnapshot.next(TranslogSnapshot.java:61)
	at org.elasticsearch.index.translog.MultiSnapshot.next(MultiSnapshot.java:53)
	at org.elasticsearch.index.engine.InternalEngine.recoverFromTranslog(InternalEngine.java:237)
	... 16 more
Caused by: TranslogCorruptedException[translog stream is corrupted, expected: 0xda484d4a, got: 0xbae587fc]
	at org.elasticsearch.index.translog.Translog.verifyChecksum(Translog.java:1091)
	at org.elasticsearch.index.translog.Translog.readOperation(Translog.java:1123)
	... 21 more
[2016-04-18 03:03:57,746][WARN ][org.elasticsearch.cluster.action.shard] [node_s0] [test][0] received shard failed for [test][0], node[zh8EGFynRVuF0b25iuPgEA], [P], v[3], s[INITIALIZING], a[id=dbBnGc8jSqanYxvvX3-V6g], unassigned_info[[reason=ALLOCATION_FAILED], at[2016-04-18T07:03:57.733Z], details[failed recovery, failure IndexShardRecoveryException[failed to recovery from gateway]; nested: EngineCreationFailureException[failed to recover from translog]; nested: EngineException[failed to recover from translog]; nested: TranslogCorruptedException[translog corruption while reading from stream]; nested: TranslogCorruptedException[translog stream is corrupted, expected: 0xda484d4a, got: 0xbae587fc]; ]], indexUUID [jvViyj5qTFmJnQUMS7-e8g], message [failed recovery], failure [IndexShardRecoveryException[failed to recovery from gateway]; nested: EngineCreationFailureException[failed to recover from translog]; nested: EngineException[failed to recover from translog]; nested: TranslogCorruptedException[translog corruption while reading from stream]; nested: TranslogCorruptedException[translog stream is corrupted, expected: 0xda484d4a, got: 0xbae587fc]; ]
[test][[test][0]] IndexShardRecoveryException[failed to recovery from gateway]; nested: EngineCreationFailureException[failed to recover from translog]; nested: EngineException[failed to recover from translog]; nested: TranslogCorruptedException[translog corruption while reading from stream]; nested: TranslogCorruptedException[translog stream is corrupted, expected: 0xda484d4a, got: 0xbae587fc];
	at org.elasticsearch.index.shard.StoreRecovery.internalRecoverFromStore(StoreRecovery.java:234)
	at org.elasticsearch.index.shard.StoreRecovery.lambda$recoverFromStore$189(StoreRecovery.java:77)
	at org.elasticsearch.index.shard.StoreRecovery.executeRecovery(StoreRecovery.java:122)
	at org.elasticsearch.index.shard.StoreRecovery.recoverFromStore(StoreRecovery.java:75)
	at org.elasticsearch.index.shard.IndexShard.recoverFromStore(IndexShard.java:1059)
	at org.elasticsearch.indices.cluster.IndicesClusterStateService.lambda$applyInitializingShard$195(IndicesClusterStateService.java:648)
	at java.util.concurrent.ThreadPoolExecutor.runWorker(ThreadPoolExecutor.java:1142)
	at java.util.concurrent.ThreadPoolExecutor$Worker.run(ThreadPoolExecutor.java:617)
	at java.lang.Thread.run(Thread.java:745)
Caused by: [test][[test][0]] EngineCreationFailureException[failed to recover from translog]; nested: EngineException[failed to recover from translog]; nested: TranslogCorruptedException[translog corruption while reading from stream]; nested: TranslogCorruptedException[translog stream is corrupted, expected: 0xda484d4a, got: 0xbae587fc];
	at org.elasticsearch.index.engine.InternalEngine.<init>(InternalEngine.java:175)
	at org.elasticsearch.test.engine.MockInternalEngine.<init>(MockInternalEngine.java:36)
	at org.elasticsearch.test.engine.MockEngineFactory.newReadWriteEngine(MockEngineFactory.java:36)
	at org.elasticsearch.index.shard.IndexShard.newEngine(IndexShard.java:1310)
	at org.elasticsearch.index.shard.IndexShard.createNewEngine(IndexShard.java:1305)
	at org.elasticsearch.index.shard.IndexShard.internalPerformTranslogRecovery(IndexShard.java:888)
	at org.elasticsearch.index.shard.IndexShard.performTranslogRecovery(IndexShard.java:866)
	at org.elasticsearch.index.shard.StoreRecovery.internalRecoverFromStore(StoreRecovery.java:230)
	... 8 more
Caused by: [test][[test][0]] EngineException[failed to recover from translog]; nested: TranslogCorruptedException[translog corruption while reading from stream]; nested: TranslogCorruptedException[translog stream is corrupted, expected: 0xda484d4a, got: 0xbae587fc];
	at org.elasticsearch.index.engine.InternalEngine.recoverFromTranslog(InternalEngine.java:251)
	at org.elasticsearch.index.engine.InternalEngine.<init>(InternalEngine.java:172)
	... 15 more
Caused by: TranslogCorruptedException[translog corruption while reading from stream]; nested: TranslogCorruptedException[translog stream is corrupted, expected: 0xda484d4a, got: 0xbae587fc];
	at org.elasticsearch.index.translog.Translog.readOperation(Translog.java:1133)
	at org.elasticsearch.index.translog.BaseTranslogReader.read(BaseTranslogReader.java:114)
	at org.elasticsearch.index.translog.TranslogSnapshot.readOperation(TranslogSnapshot.java:70)
	at org.elasticsearch.index.translog.TranslogSnapshot.next(TranslogSnapshot.java:61)
	at org.elasticsearch.index.translog.MultiSnapshot.next(MultiSnapshot.java:53)
	at org.elasticsearch.index.engine.InternalEngine.recoverFromTranslog(InternalEngine.java:237)
	... 16 more
Caused by: TranslogCorruptedException[translog stream is corrupted, expected: 0xda484d4a, got: 0xbae587fc]
	at org.elasticsearch.index.translog.Translog.verifyChecksum(Translog.java:1091)
	at org.elasticsearch.index.translog.Translog.readOperation(Translog.java:1123)
	... 21 more
[2016-04-18 03:03:57,758][WARN ][org.elasticsearch.indices.cluster] [node_s0] [[test][0]] marking and sending shard failed due to [failed recovery]
[test][[test][0]] IndexShardRecoveryException[failed to recovery from gateway]; nested: EngineCreationFailureException[failed to recover from translog]; nested: EngineException[failed to recover from translog]; nested: TranslogCorruptedException[translog corruption while reading from stream]; nested: TranslogCorruptedException[translog stream is corrupted, expected: 0xda484d4a, got: 0xbae587fc];
	at org.elasticsearch.index.shard.StoreRecovery.internalRecoverFromStore(StoreRecovery.java:234)
	at org.elasticsearch.index.shard.StoreRecovery.lambda$recoverFromStore$189(StoreRecovery.java:77)
	at org.elasticsearch.index.shard.StoreRecovery.executeRecovery(StoreRecovery.java:122)
	at org.elasticsearch.index.shard.StoreRecovery.recoverFromStore(StoreRecovery.java:75)
	at org.elasticsearch.index.shard.IndexShard.recoverFromStore(IndexShard.java:1059)
	at org.elasticsearch.indices.cluster.IndicesClusterStateService.lambda$applyInitializingShard$195(IndicesClusterStateService.java:648)
	at java.util.concurrent.ThreadPoolExecutor.runWorker(ThreadPoolExecutor.java:1142)
	at java.util.concurrent.ThreadPoolExecutor$Worker.run(ThreadPoolExecutor.java:617)
	at java.lang.Thread.run(Thread.java:745)
Caused by: [test][[test][0]] EngineCreationFailureException[failed to recover from translog]; nested: EngineException[failed to recover from translog]; nested: TranslogCorruptedException[translog corruption while reading from stream]; nested: TranslogCorruptedException[translog stream is corrupted, expected: 0xda484d4a, got: 0xbae587fc];
	at org.elasticsearch.index.engine.InternalEngine.<init>(InternalEngine.java:175)
	at org.elasticsearch.test.engine.MockInternalEngine.<init>(MockInternalEngine.java:36)
	at org.elasticsearch.test.engine.MockEngineFactory.newReadWriteEngine(MockEngineFactory.java:36)
	at org.elasticsearch.index.shard.IndexShard.newEngine(IndexShard.java:1310)
	at org.elasticsearch.index.shard.IndexShard.createNewEngine(IndexShard.java:1305)
	at org.elasticsearch.index.shard.IndexShard.internalPerformTranslogRecovery(IndexShard.java:888)
	at org.elasticsearch.index.shard.IndexShard.performTranslogRecovery(IndexShard.java:866)
	at org.elasticsearch.index.shard.StoreRecovery.internalRecoverFromStore(StoreRecovery.java:230)
	... 8 more
Caused by: [test][[test][0]] EngineException[failed to recover from translog]; nested: TranslogCorruptedException[translog corruption while reading from stream]; nested: TranslogCorruptedException[translog stream is corrupted, expected: 0xda484d4a, got: 0xbae587fc];
	at org.elasticsearch.index.engine.InternalEngine.recoverFromTranslog(InternalEngine.java:251)
	at org.elasticsearch.index.engine.InternalEngine.<init>(InternalEngine.java:172)
	... 15 more
Caused by: TranslogCorruptedException[translog corruption while reading from stream]; nested: TranslogCorruptedException[translog stream is corrupted, expected: 0xda484d4a, got: 0xbae587fc];
	at org.elasticsearch.index.translog.Translog.readOperation(Translog.java:1133)
	at org.elasticsearch.index.translog.BaseTranslogReader.read(BaseTranslogReader.java:114)
	at org.elasticsearch.index.translog.TranslogSnapshot.readOperation(TranslogSnapshot.java:70)
	at org.elasticsearch.index.translog.TranslogSnapshot.next(TranslogSnapshot.java:61)
	at org.elasticsearch.index.translog.MultiSnapshot.next(MultiSnapshot.java:53)
	at org.elasticsearch.index.engine.InternalEngine.recoverFromTranslog(InternalEngine.java:237)
	... 16 more
Caused by: TranslogCorruptedException[translog stream is corrupted, expected: 0xda484d4a, got: 0xbae587fc]
	at org.elasticsearch.index.translog.Translog.verifyChecksum(Translog.java:1091)
	at org.elasticsearch.index.translog.Translog.readOperation(Translog.java:1123)
	... 21 more
[2016-04-18 03:03:57,759][WARN ][org.elasticsearch.cluster.action.shard] [node_s0] [test][0] received shard failed for [test][0], node[zh8EGFynRVuF0b25iuPgEA], [P], v[3], s[INITIALIZING], a[id=9bD5qRmqSa-FuN_U6kYPkg], unassigned_info[[reason=ALLOCATION_FAILED], at[2016-04-18T07:03:57.746Z], details[failed recovery, failure IndexShardRecoveryException[failed to recovery from gateway]; nested: EngineCreationFailureException[failed to recover from translog]; nested: EngineException[failed to recover from translog]; nested: TranslogCorruptedException[translog corruption while reading from stream]; nested: TranslogCorruptedException[translog stream is corrupted, expected: 0xda484d4a, got: 0xbae587fc]; ]], indexUUID [jvViyj5qTFmJnQUMS7-e8g], message [failed recovery], failure [IndexShardRecoveryException[failed to recovery from gateway]; nested: EngineCreationFailureException[failed to recover from translog]; nested: EngineException[failed to recover from translog]; nested: TranslogCorruptedException[translog corruption while reading from stream]; nested: TranslogCorruptedException[translog stream is corrupted, expected: 0xda484d4a, got: 0xbae587fc]; ]
[test][[test][0]] IndexShardRecoveryException[failed to recovery from gateway]; nested: EngineCreationFailureException[failed to recover from translog]; nested: EngineException[failed to recover from translog]; nested: TranslogCorruptedException[translog corruption while reading from stream]; nested: TranslogCorruptedException[translog stream is corrupted, expected: 0xda484d4a, got: 0xbae587fc];
	at org.elasticsearch.index.shard.StoreRecovery.internalRecoverFromStore(StoreRecovery.java:234)
	at org.elasticsearch.index.shard.StoreRecovery.lambda$recoverFromStore$189(StoreRecovery.java:77)
	at org.elasticsearch.index.shard.StoreRecovery.executeRecovery(StoreRecovery.java:122)
	at org.elasticsearch.index.shard.StoreRecovery.recoverFromStore(StoreRecovery.java:75)
	at org.elasticsearch.index.shard.IndexShard.recoverFromStore(IndexShard.java:1059)
	at org.elasticsearch.indices.cluster.IndicesClusterStateService.lambda$applyInitializingShard$195(IndicesClusterStateService.java:648)
	at java.util.concurrent.ThreadPoolExecutor.runWorker(ThreadPoolExecutor.java:1142)
	at java.util.concurrent.ThreadPoolExecutor$Worker.run(ThreadPoolExecutor.java:617)
	at java.lang.Thread.run(Thread.java:745)
Caused by: [test][[test][0]] EngineCreationFailureException[failed to recover from translog]; nested: EngineException[failed to recover from translog]; nested: TranslogCorruptedException[translog corruption while reading from stream]; nested: TranslogCorruptedException[translog stream is corrupted, expected: 0xda484d4a, got: 0xbae587fc];
	at org.elasticsearch.index.engine.InternalEngine.<init>(InternalEngine.java:175)
	at org.elasticsearch.test.engine.MockInternalEngine.<init>(MockInternalEngine.java:36)
	at org.elasticsearch.test.engine.MockEngineFactory.newReadWriteEngine(MockEngineFactory.java:36)
	at org.elasticsearch.index.shard.IndexShard.newEngine(IndexShard.java:1310)
	at org.elasticsearch.index.shard.IndexShard.createNewEngine(IndexShard.java:1305)
	at org.elasticsearch.index.shard.IndexShard.internalPerformTranslogRecovery(IndexShard.java:888)
	at org.elasticsearch.index.shard.IndexShard.performTranslogRecovery(IndexShard.java:866)
	at org.elasticsearch.index.shard.StoreRecovery.internalRecoverFromStore(StoreRecovery.java:230)
	... 8 more
Caused by: [test][[test][0]] EngineException[failed to recover from translog]; nested: TranslogCorruptedException[translog corruption while reading from stream]; nested: TranslogCorruptedException[translog stream is corrupted, expected: 0xda484d4a, got: 0xbae587fc];
	at org.elasticsearch.index.engine.InternalEngine.recoverFromTranslog(InternalEngine.java:251)
	at org.elasticsearch.index.engine.InternalEngine.<init>(InternalEngine.java:172)
	... 15 more
Caused by: TranslogCorruptedException[translog corruption while reading from stream]; nested: TranslogCorruptedException[translog stream is corrupted, expected: 0xda484d4a, got: 0xbae587fc];
	at org.elasticsearch.index.translog.Translog.readOperation(Translog.java:1133)
	at org.elasticsearch.index.translog.BaseTranslogReader.read(BaseTranslogReader.java:114)
	at org.elasticsearch.index.translog.TranslogSnapshot.readOperation(TranslogSnapshot.java:70)
	at org.elasticsearch.index.translog.TranslogSnapshot.next(TranslogSnapshot.java:61)
	at org.elasticsearch.index.translog.MultiSnapshot.next(MultiSnapshot.java:53)
	at org.elasticsearch.index.engine.InternalEngine.recoverFromTranslog(InternalEngine.java:237)
	... 16 more
Caused by: TranslogCorruptedException[translog stream is corrupted, expected: 0xda484d4a, got: 0xbae587fc]
	at org.elasticsearch.index.translog.Translog.verifyChecksum(Translog.java:1091)
	at org.elasticsearch.index.translog.Translog.readOperation(Translog.java:1123)
	... 21 more
[2016-04-18 03:03:57,772][WARN ][org.elasticsearch.indices.cluster] [node_s0] [[test][0]] marking and sending shard failed due to [failed recovery]
[test][[test][0]] IndexShardRecoveryException[failed to recovery from gateway]; nested: EngineCreationFailureException[failed to recover from translog]; nested: EngineException[failed to recover from translog]; nested: TranslogCorruptedException[translog corruption while reading from stream]; nested: TranslogCorruptedException[translog stream is corrupted, expected: 0xda484d4a, got: 0xbae587fc];
	at org.elasticsearch.index.shard.StoreRecovery.internalRecoverFromStore(StoreRecovery.java:234)
	at org.elasticsearch.index.shard.StoreRecovery.lambda$recoverFromStore$189(StoreRecovery.java:77)
	at org.elasticsearch.index.shard.StoreRecovery.executeRecovery(StoreRecovery.java:122)
	at org.elasticsearch.index.shard.StoreRecovery.recoverFromStore(StoreRecovery.java:75)
	at org.elasticsearch.index.shard.IndexShard.recoverFromStore(IndexShard.java:1059)
	at org.elasticsearch.indices.cluster.IndicesClusterStateService.lambda$applyInitializingShard$195(IndicesClusterStateService.java:648)
	at java.util.concurrent.ThreadPoolExecutor.runWorker(ThreadPoolExecutor.java:1142)
	at java.util.concurrent.ThreadPoolExecutor$Worker.run(ThreadPoolExecutor.java:617)
	at java.lang.Thread.run(Thread.java:745)
Caused by: [test][[test][0]] EngineCreationFailureException[failed to recover from translog]; nested: EngineException[failed to recover from translog]; nested: TranslogCorruptedException[translog corruption while reading from stream]; nested: TranslogCorruptedException[translog stream is corrupted, expected: 0xda484d4a, got: 0xbae587fc];
	at org.elasticsearch.index.engine.InternalEngine.<init>(InternalEngine.java:175)
	at org.elasticsearch.test.engine.MockInternalEngine.<init>(MockInternalEngine.java:36)
	at org.elasticsearch.test.engine.MockEngineFactory.newReadWriteEngine(MockEngineFactory.java:36)
	at org.elasticsearch.index.shard.IndexShard.newEngine(IndexShard.java:1310)
	at org.elasticsearch.index.shard.IndexShard.createNewEngine(IndexShard.java:1305)
	at org.elasticsearch.index.shard.IndexShard.internalPerformTranslogRecovery(IndexShard.java:888)
	at org.elasticsearch.index.shard.IndexShard.performTranslogRecovery(IndexShard.java:866)
	at org.elasticsearch.index.shard.StoreRecovery.internalRecoverFromStore(StoreRecovery.java:230)
	... 8 more
Caused by: [test][[test][0]] EngineException[failed to recover from translog]; nested: TranslogCorruptedException[translog corruption while reading from stream]; nested: TranslogCorruptedException[translog stream is corrupted, expected: 0xda484d4a, got: 0xbae587fc];
	at org.elasticsearch.index.engine.InternalEngine.recoverFromTranslog(InternalEngine.java:251)
	at org.elasticsearch.index.engine.InternalEngine.<init>(InternalEngine.java:172)
	... 15 more
Caused by: TranslogCorruptedException[translog corruption while reading from stream]; nested: TranslogCorruptedException[translog stream is corrupted, expected: 0xda484d4a, got: 0xbae587fc];
	at org.elasticsearch.index.translog.Translog.readOperation(Translog.java:1133)
	at org.elasticsearch.index.translog.BaseTranslogReader.read(BaseTranslogReader.java:114)
	at org.elasticsearch.index.translog.TranslogSnapshot.readOperation(TranslogSnapshot.java:70)
	at org.elasticsearch.index.translog.TranslogSnapshot.next(TranslogSnapshot.java:61)
	at org.elasticsearch.index.translog.MultiSnapshot.next(MultiSnapshot.java:53)
	at org.elasticsearch.index.engine.InternalEngine.recoverFromTranslog(InternalEngine.java:237)
	... 16 more
Caused by: TranslogCorruptedException[translog stream is corrupted, expected: 0xda484d4a, got: 0xbae587fc]
	at org.elasticsearch.index.translog.Translog.verifyChecksum(Translog.java:1091)
	at org.elasticsearch.index.translog.Translog.readOperation(Translog.java:1123)
	... 21 more
[2016-04-18 03:03:57,773][WARN ][org.elasticsearch.cluster.action.shard] [node_s0] [test][0] received shard failed for [test][0], node[zh8EGFynRVuF0b25iuPgEA], [P], v[3], s[INITIALIZING], a[id=eJaL7PmXRFuxPQ_970yj-g], unassigned_info[[reason=ALLOCATION_FAILED], at[2016-04-18T07:03:57.759Z], details[failed recovery, failure IndexShardRecoveryException[failed to recovery from gateway]; nested: EngineCreationFailureException[failed to recover from translog]; nested: EngineException[failed to recover from translog]; nested: TranslogCorruptedException[translog corruption while reading from stream]; nested: TranslogCorruptedException[translog stream is corrupted, expected: 0xda484d4a, got: 0xbae587fc]; ]], indexUUID [jvViyj5qTFmJnQUMS7-e8g], message [failed recovery], failure [IndexShardRecoveryException[failed to recovery from gateway]; nested: EngineCreationFailureException[failed to recover from translog]; nested: EngineException[failed to recover from translog]; nested: TranslogCorruptedException[translog corruption while reading from stream]; nested: TranslogCorruptedException[translog stream is corrupted, expected: 0xda484d4a, got: 0xbae587fc]; ]
[test][[test][0]] IndexShardRecoveryException[failed to recovery from gateway]; nested: EngineCreationFailureException[failed to recover from translog]; nested: EngineException[failed to recover from translog]; nested: TranslogCorruptedException[translog corruption while reading from stream]; nested: TranslogCorruptedException[translog stream is corrupted, expected: 0xda484d4a, got: 0xbae587fc];
	at org.elasticsearch.index.shard.StoreRecovery.internalRecoverFromStore(StoreRecovery.java:234)
	at org.elasticsearch.index.shard.StoreRecovery.lambda$recoverFromStore$189(StoreRecovery.java:77)
	at org.elasticsearch.index.shard.StoreRecovery.executeRecovery(StoreRecovery.java:122)
	at org.elasticsearch.index.shard.StoreRecovery.recoverFromStore(StoreRecovery.java:75)
	at org.elasticsearch.index.shard.IndexShard.recoverFromStore(IndexShard.java:1059)
	at org.elasticsearch.indices.cluster.IndicesClusterStateService.lambda$applyInitializingShard$195(IndicesClusterStateService.java:648)
	at java.util.concurrent.ThreadPoolExecutor.runWorker(ThreadPoolExecutor.java:1142)
	at java.util.concurrent.ThreadPoolExecutor$Worker.run(ThreadPoolExecutor.java:617)
	at java.lang.Thread.run(Thread.java:745)
Caused by: [test][[test][0]] EngineCreationFailureException[failed to recover from translog]; nested: EngineException[failed to recover from translog]; nested: TranslogCorruptedException[translog corruption while reading from stream]; nested: TranslogCorruptedException[translog stream is corrupted, expected: 0xda484d4a, got: 0xbae587fc];
	at org.elasticsearch.index.engine.InternalEngine.<init>(InternalEngine.java:175)
	at org.elasticsearch.test.engine.MockInternalEngine.<init>(MockInternalEngine.java:36)
	at org.elasticsearch.test.engine.MockEngineFactory.newReadWriteEngine(MockEngineFactory.java:36)
	at org.elasticsearch.index.shard.IndexShard.newEngine(IndexShard.java:1310)
	at org.elasticsearch.index.shard.IndexShard.createNewEngine(IndexShard.java:1305)
	at org.elasticsearch.index.shard.IndexShard.internalPerformTranslogRecovery(IndexShard.java:888)
	at org.elasticsearch.index.shard.IndexShard.performTranslogRecovery(IndexShard.java:866)
	at org.elasticsearch.index.shard.StoreRecovery.internalRecoverFromStore(StoreRecovery.java:230)
	... 8 more
Caused by: [test][[test][0]] EngineException[failed to recover from translog]; nested: TranslogCorruptedException[translog corruption while reading from stream]; nested: TranslogCorruptedException[translog stream is corrupted, expected: 0xda484d4a, got: 0xbae587fc];
	at org.elasticsearch.index.engine.InternalEngine.recoverFromTranslog(InternalEngine.java:251)
	at org.elasticsearch.index.engine.InternalEngine.<init>(InternalEngine.java:172)
	... 15 more
Caused by: TranslogCorruptedException[translog corruption while reading from stream]; nested: TranslogCorruptedException[translog stream is corrupted, expected: 0xda484d4a, got: 0xbae587fc];
	at org.elasticsearch.index.translog.Translog.readOperation(Translog.java:1133)
	at org.elasticsearch.index.translog.BaseTranslogReader.read(BaseTranslogReader.java:114)
	at org.elasticsearch.index.translog.TranslogSnapshot.readOperation(TranslogSnapshot.java:70)
	at org.elasticsearch.index.translog.TranslogSnapshot.next(TranslogSnapshot.java:61)
	at org.elasticsearch.index.translog.MultiSnapshot.next(MultiSnapshot.java:53)
	at org.elasticsearch.index.engine.InternalEngine.recoverFromTranslog(InternalEngine.java:237)
	... 16 more
Caused by: TranslogCorruptedException[translog stream is corrupted, expected: 0xda484d4a, got: 0xbae587fc]
	at org.elasticsearch.index.translog.Translog.verifyChecksum(Translog.java:1091)
	at org.elasticsearch.index.translog.Translog.readOperation(Translog.java:1123)
	... 21 more
[2016-04-18 03:03:57,786][WARN ][org.elasticsearch.indices.cluster] [node_s0] [[test][0]] marking and sending shard failed due to [failed recovery]
[test][[test][0]] IndexShardRecoveryException[failed to recovery from gateway]; nested: EngineCreationFailureException[failed to recover from translog]; nested: EngineException[failed to recover from translog]; nested: TranslogCorruptedException[translog corruption while reading from stream]; nested: TranslogCorruptedException[translog stream is corrupted, expected: 0xda484d4a, got: 0xbae587fc];
	at org.elasticsearch.index.shard.StoreRecovery.internalRecoverFromStore(StoreRecovery.java:234)
	at org.elasticsearch.index.shard.StoreRecovery.lambda$recoverFromStore$189(StoreRecovery.java:77)
	at org.elasticsearch.index.shard.StoreRecovery.executeRecovery(StoreRecovery.java:122)
	at org.elasticsearch.index.shard.StoreRecovery.recoverFromStore(StoreRecovery.java:75)
	at org.elasticsearch.index.shard.IndexShard.recoverFromStore(IndexShard.java:1059)
	at org.elasticsearch.indices.cluster.IndicesClusterStateService.lambda$applyInitializingShard$195(IndicesClusterStateService.java:648)
	at java.util.concurrent.ThreadPoolExecutor.runWorker(ThreadPoolExecutor.java:1142)
	at java.util.concurrent.ThreadPoolExecutor$Worker.run(ThreadPoolExecutor.java:617)
	at java.lang.Thread.run(Thread.java:745)
Caused by: [test][[test][0]] EngineCreationFailureException[failed to recover from translog]; nested: EngineException[failed to recover from translog]; nested: TranslogCorruptedException[translog corruption while reading from stream]; nested: TranslogCorruptedException[translog stream is corrupted, expected: 0xda484d4a, got: 0xbae587fc];
	at org.elasticsearch.index.engine.InternalEngine.<init>(InternalEngine.java:175)
	at org.elasticsearch.test.engine.MockInternalEngine.<init>(MockInternalEngine.java:36)
	at org.elasticsearch.test.engine.MockEngineFactory.newReadWriteEngine(MockEngineFactory.java:36)
	at org.elasticsearch.index.shard.IndexShard.newEngine(IndexShard.java:1310)
	at org.elasticsearch.index.shard.IndexShard.createNewEngine(IndexShard.java:1305)
	at org.elasticsearch.index.shard.IndexShard.internalPerformTranslogRecovery(IndexShard.java:888)
	at org.elasticsearch.index.shard.IndexShard.performTranslogRecovery(IndexShard.java:866)
	at org.elasticsearch.index.shard.StoreRecovery.internalRecoverFromStore(StoreRecovery.java:230)
	... 8 more
Caused by: [test][[test][0]] EngineException[failed to recover from translog]; nested: TranslogCorruptedException[translog corruption while reading from stream]; nested: TranslogCorruptedException[translog stream is corrupted, expected: 0xda484d4a, got: 0xbae587fc];
	at org.elasticsearch.index.engine.InternalEngine.recoverFromTranslog(InternalEngine.java:251)
	at org.elasticsearch.index.engine.InternalEngine.<init>(InternalEngine.java:172)
	... 15 more
Caused by: TranslogCorruptedException[translog corruption while reading from stream]; nested: TranslogCorruptedException[translog stream is corrupted, expected: 0xda484d4a, got: 0xbae587fc];
	at org.elasticsearch.index.translog.Translog.readOperation(Translog.java:1133)
	at org.elasticsearch.index.translog.BaseTranslogReader.read(BaseTranslogReader.java:114)
	at org.elasticsearch.index.translog.TranslogSnapshot.readOperation(TranslogSnapshot.java:70)
	at org.elasticsearch.index.translog.TranslogSnapshot.next(TranslogSnapshot.java:61)
	at org.elasticsearch.index.translog.MultiSnapshot.next(MultiSnapshot.java:53)
	at org.elasticsearch.index.engine.InternalEngine.recoverFromTranslog(InternalEngine.java:237)
	... 16 more
Caused by: TranslogCorruptedException[translog stream is corrupted, expected: 0xda484d4a, got: 0xbae587fc]
	at org.elasticsearch.index.translog.Translog.verifyChecksum(Translog.java:1091)
	at org.elasticsearch.index.translog.Translog.readOperation(Translog.java:1123)
	... 21 more
[2016-04-18 03:03:57,787][WARN ][org.elasticsearch.cluster.action.shard] [node_s0] [test][0] received shard failed for [test][0], node[zh8EGFynRVuF0b25iuPgEA], [P], v[3], s[INITIALIZING], a[id=vamHPEBySFGYe-QMKssnmQ], unassigned_info[[reason=ALLOCATION_FAILED], at[2016-04-18T07:03:57.773Z], details[failed recovery, failure IndexShardRecoveryException[failed to recovery from gateway]; nested: EngineCreationFailureException[failed to recover from translog]; nested: EngineException[failed to recover from translog]; nested: TranslogCorruptedException[translog corruption while reading from stream]; nested: TranslogCorruptedException[translog stream is corrupted, expected: 0xda484d4a, got: 0xbae587fc]; ]], indexUUID [jvViyj5qTFmJnQUMS7-e8g], message [failed recovery], failure [IndexShardRecoveryException[failed to recovery from gateway]; nested: EngineCreationFailureException[failed to recover from translog]; nested: EngineException[failed to recover from translog]; nested: TranslogCorruptedException[translog corruption while reading from stream]; nested: TranslogCorruptedException[translog stream is corrupted, expected: 0xda484d4a, got: 0xbae587fc]; ]
[test][[test][0]] IndexShardRecoveryException[failed to recovery from gateway]; nested: EngineCreationFailureException[failed to recover from translog]; nested: EngineException[failed to recover from translog]; nested: TranslogCorruptedException[translog corruption while reading from stream]; nested: TranslogCorruptedException[translog stream is corrupted, expected: 0xda484d4a, got: 0xbae587fc];
	at org.elasticsearch.index.shard.StoreRecovery.internalRecoverFromStore(StoreRecovery.java:234)
	at org.elasticsearch.index.shard.StoreRecovery.lambda$recoverFromStore$189(StoreRecovery.java:77)
	at org.elasticsearch.index.shard.StoreRecovery.executeRecovery(StoreRecovery.java:122)
	at org.elasticsearch.index.shard.StoreRecovery.recoverFromStore(StoreRecovery.java:75)
	at org.elasticsearch.index.shard.IndexShard.recoverFromStore(IndexShard.java:1059)
	at org.elasticsearch.indices.cluster.IndicesClusterStateService.lambda$applyInitializingShard$195(IndicesClusterStateService.java:648)
	at java.util.concurrent.ThreadPoolExecutor.runWorker(ThreadPoolExecutor.java:1142)
	at java.util.concurrent.ThreadPoolExecutor$Worker.run(ThreadPoolExecutor.java:617)
	at java.lang.Thread.run(Thread.java:745)
Caused by: [test][[test][0]] EngineCreationFailureException[failed to recover from translog]; nested: EngineException[failed to recover from translog]; nested: TranslogCorruptedException[translog corruption while reading from stream]; nested: TranslogCorruptedException[translog stream is corrupted, expected: 0xda484d4a, got: 0xbae587fc];
	at org.elasticsearch.index.engine.InternalEngine.<init>(InternalEngine.java:175)
	at org.elasticsearch.test.engine.MockInternalEngine.<init>(MockInternalEngine.java:36)
	at org.elasticsearch.test.engine.MockEngineFactory.newReadWriteEngine(MockEngineFactory.java:36)
	at org.elasticsearch.index.shard.IndexShard.newEngine(IndexShard.java:1310)
	at org.elasticsearch.index.shard.IndexShard.createNewEngine(IndexShard.java:1305)
	at org.elasticsearch.index.shard.IndexShard.internalPerformTranslogRecovery(IndexShard.java:888)
	at org.elasticsearch.index.shard.IndexShard.performTranslogRecovery(IndexShard.java:866)
	at org.elasticsearch.index.shard.StoreRecovery.internalRecoverFromStore(StoreRecovery.java:230)
	... 8 more
Caused by: [test][[test][0]] EngineException[failed to recover from translog]; nested: TranslogCorruptedException[translog corruption while reading from stream]; nested: TranslogCorruptedException[translog stream is corrupted, expected: 0xda484d4a, got: 0xbae587fc];
	at org.elasticsearch.index.engine.InternalEngine.recoverFromTranslog(InternalEngine.java:251)
	at org.elasticsearch.index.engine.InternalEngine.<init>(InternalEngine.java:172)
	... 15 more
Caused by: TranslogCorruptedException[translog corruption while reading from stream]; nested: TranslogCorruptedException[translog stream is corrupted, expected: 0xda484d4a, got: 0xbae587fc];
	at org.elasticsearch.index.translog.Translog.readOperation(Translog.java:1133)
	at org.elasticsearch.index.translog.BaseTranslogReader.read(BaseTranslogReader.java:114)
	at org.elasticsearch.index.translog.TranslogSnapshot.readOperation(TranslogSnapshot.java:70)
	at org.elasticsearch.index.translog.TranslogSnapshot.next(TranslogSnapshot.java:61)
	at org.elasticsearch.index.translog.MultiSnapshot.next(MultiSnapshot.java:53)
	at org.elasticsearch.index.engine.InternalEngine.recoverFromTranslog(InternalEngine.java:237)
	... 16 more
Caused by: TranslogCorruptedException[translog stream is corrupted, expected: 0xda484d4a, got: 0xbae587fc]
	at org.elasticsearch.index.translog.Translog.verifyChecksum(Translog.java:1091)
	at org.elasticsearch.index.translog.Translog.readOperation(Translog.java:1123)
	... 21 more
[2016-04-18 03:03:57,799][WARN ][org.elasticsearch.indices.cluster] [node_s0] [[test][0]] marking and sending shard failed due to [failed recovery]
[test][[test][0]] IndexShardRecoveryException[failed to recovery from gateway]; nested: EngineCreationFailureException[failed to recover from translog]; nested: EngineException[failed to recover from translog]; nested: TranslogCorruptedException[translog corruption while reading from stream]; nested: TranslogCorruptedException[translog stream is corrupted, expected: 0xda484d4a, got: 0xbae587fc];
	at org.elasticsearch.index.shard.StoreRecovery.internalRecoverFromStore(StoreRecovery.java:234)
	at org.elasticsearch.index.shard.StoreRecovery.lambda$recoverFromStore$189(StoreRecovery.java:77)
	at org.elasticsearch.index.shard.StoreRecovery.executeRecovery(StoreRecovery.java:122)
	at org.elasticsearch.index.shard.StoreRecovery.recoverFromStore(StoreRecovery.java:75)
	at org.elasticsearch.index.shard.IndexShard.recoverFromStore(IndexShard.java:1059)
	at org.elasticsearch.indices.cluster.IndicesClusterStateService.lambda$applyInitializingShard$195(IndicesClusterStateService.java:648)
	at java.util.concurrent.ThreadPoolExecutor.runWorker(ThreadPoolExecutor.java:1142)
	at java.util.concurrent.ThreadPoolExecutor$Worker.run(ThreadPoolExecutor.java:617)
	at java.lang.Thread.run(Thread.java:745)
Caused by: [test][[test][0]] EngineCreationFailureException[failed to recover from translog]; nested: EngineException[failed to recover from translog]; nested: TranslogCorruptedException[translog corruption while reading from stream]; nested: TranslogCorruptedException[translog stream is corrupted, expected: 0xda484d4a, got: 0xbae587fc];
	at org.elasticsearch.index.engine.InternalEngine.<init>(InternalEngine.java:175)
	at org.elasticsearch.test.engine.MockInternalEngine.<init>(MockInternalEngine.java:36)
	at org.elasticsearch.test.engine.MockEngineFactory.newReadWriteEngine(MockEngineFactory.java:36)
	at org.elasticsearch.index.shard.IndexShard.newEngine(IndexShard.java:1310)
	at org.elasticsearch.index.shard.IndexShard.createNewEngine(IndexShard.java:1305)
	at org.elasticsearch.index.shard.IndexShard.internalPerformTranslogRecovery(IndexShard.java:888)
	at org.elasticsearch.index.shard.IndexShard.performTranslogRecovery(IndexShard.java:866)
	at org.elasticsearch.index.shard.StoreRecovery.internalRecoverFromStore(StoreRecovery.java:230)
	... 8 more
Caused by: [test][[test][0]] EngineException[failed to recover from translog]; nested: TranslogCorruptedException[translog corruption while reading from stream]; nested: TranslogCorruptedException[translog stream is corrupted, expected: 0xda484d4a, got: 0xbae587fc];
	at org.elasticsearch.index.engine.InternalEngine.recoverFromTranslog(InternalEngine.java:251)
	at org.elasticsearch.index.engine.InternalEngine.<init>(InternalEngine.java:172)
	... 15 more
Caused by: TranslogCorruptedException[translog corruption while reading from stream]; nested: TranslogCorruptedException[translog stream is corrupted, expected: 0xda484d4a, got: 0xbae587fc];
	at org.elasticsearch.index.translog.Translog.readOperation(Translog.java:1133)
	at org.elasticsearch.index.translog.BaseTranslogReader.read(BaseTranslogReader.java:114)
	at org.elasticsearch.index.translog.TranslogSnapshot.readOperation(TranslogSnapshot.java:70)
	at org.elasticsearch.index.translog.TranslogSnapshot.next(TranslogSnapshot.java:61)
	at org.elasticsearch.index.translog.MultiSnapshot.next(MultiSnapshot.java:53)
	at org.elasticsearch.index.engine.InternalEngine.recoverFromTranslog(InternalEngine.java:237)
	... 16 more
Caused by: TranslogCorruptedException[translog stream is corrupted, expected: 0xda484d4a, got: 0xbae587fc]
	at org.elasticsearch.index.translog.Translog.verifyChecksum(Translog.java:1091)
	at org.elasticsearch.index.translog.Translog.readOperation(Translog.java:1123)
	... 21 more
[2016-04-18 03:03:57,799][WARN ][org.elasticsearch.cluster.action.shard] [node_s0] [test][0] received shard failed for [test][0], node[zh8EGFynRVuF0b25iuPgEA], [P], v[3], s[INITIALIZING], a[id=wSuKTMMpR4-_fvm206UYXw], unassigned_info[[reason=ALLOCATION_FAILED], at[2016-04-18T07:03:57.788Z], details[failed recovery, failure IndexShardRecoveryException[failed to recovery from gateway]; nested: EngineCreationFailureException[failed to recover from translog]; nested: EngineException[failed to recover from translog]; nested: TranslogCorruptedException[translog corruption while reading from stream]; nested: TranslogCorruptedException[translog stream is corrupted, expected: 0xda484d4a, got: 0xbae587fc]; ]], indexUUID [jvViyj5qTFmJnQUMS7-e8g], message [failed recovery], failure [IndexShardRecoveryException[failed to recovery from gateway]; nested: EngineCreationFailureException[failed to recover from translog]; nested: EngineException[failed to recover from translog]; nested: TranslogCorruptedException[translog corruption while reading from stream]; nested: TranslogCorruptedException[translog stream is corrupted, expected: 0xda484d4a, got: 0xbae587fc]; ]
[test][[test][0]] IndexShardRecoveryException[failed to recovery from gateway]; nested: EngineCreationFailureException[failed to recover from translog]; nested: EngineException[failed to recover from translog]; nested: TranslogCorruptedException[translog corruption while reading from stream]; nested: TranslogCorruptedException[translog stream is corrupted, expected: 0xda484d4a, got: 0xbae587fc];
	at org.elasticsearch.index.shard.StoreRecovery.internalRecoverFromStore(StoreRecovery.java:234)
	at org.elasticsearch.index.shard.StoreRecovery.lambda$recoverFromStore$189(StoreRecovery.java:77)
	at org.elasticsearch.index.shard.StoreRecovery.executeRecovery(StoreRecovery.java:122)
	at org.elasticsearch.index.shard.StoreRecovery.recoverFromStore(StoreRecovery.java:75)
	at org.elasticsearch.index.shard.IndexShard.recoverFromStore(IndexShard.java:1059)
	at org.elasticsearch.indices.cluster.IndicesClusterStateService.lambda$applyInitializingShard$195(IndicesClusterStateService.java:648)
	at java.util.concurrent.ThreadPoolExecutor.runWorker(ThreadPoolExecutor.java:1142)
	at java.util.concurrent.ThreadPoolExecutor$Worker.run(ThreadPoolExecutor.java:617)
	at java.lang.Thread.run(Thread.java:745)
Caused by: [test][[test][0]] EngineCreationFailureException[failed to recover from translog]; nested: EngineException[failed to recover from translog]; nested: TranslogCorruptedException[translog corruption while reading from stream]; nested: TranslogCorruptedException[translog stream is corrupted, expected: 0xda484d4a, got: 0xbae587fc];
	at org.elasticsearch.index.engine.InternalEngine.<init>(InternalEngine.java:175)
	at org.elasticsearch.test.engine.MockInternalEngine.<init>(MockInternalEngine.java:36)
	at org.elasticsearch.test.engine.MockEngineFactory.newReadWriteEngine(MockEngineFactory.java:36)
	at org.elasticsearch.index.shard.IndexShard.newEngine(IndexShard.java:1310)
	at org.elasticsearch.index.shard.IndexShard.createNewEngine(IndexShard.java:1305)
	at org.elasticsearch.index.shard.IndexShard.internalPerformTranslogRecovery(IndexShard.java:888)
	at org.elasticsearch.index.shard.IndexShard.performTranslogRecovery(IndexShard.java:866)
	at org.elasticsearch.index.shard.StoreRecovery.internalRecoverFromStore(StoreRecovery.java:230)
	... 8 more
Caused by: [test][[test][0]] EngineException[failed to recover from translog]; nested: TranslogCorruptedException[translog corruption while reading from stream]; nested: TranslogCorruptedException[translog stream is corrupted, expected: 0xda484d4a, got: 0xbae587fc];
	at org.elasticsearch.index.engine.InternalEngine.recoverFromTranslog(InternalEngine.java:251)
	at org.elasticsearch.index.engine.InternalEngine.<init>(InternalEngine.java:172)
	... 15 more
Caused by: TranslogCorruptedException[translog corruption while reading from stream]; nested: TranslogCorruptedException[translog stream is corrupted, expected: 0xda484d4a, got: 0xbae587fc];
	at org.elasticsearch.index.translog.Translog.readOperation(Translog.java:1133)
	at org.elasticsearch.index.translog.BaseTranslogReader.read(BaseTranslogReader.java:114)
	at org.elasticsearch.index.translog.TranslogSnapshot.readOperation(TranslogSnapshot.java:70)
	at org.elasticsearch.index.translog.TranslogSnapshot.next(TranslogSnapshot.java:61)
	at org.elasticsearch.index.translog.MultiSnapshot.next(MultiSnapshot.java:53)
	at org.elasticsearch.index.engine.InternalEngine.recoverFromTranslog(InternalEngine.java:237)
	... 16 more
Caused by: TranslogCorruptedException[translog stream is corrupted, expected: 0xda484d4a, got: 0xbae587fc]
	at org.elasticsearch.index.translog.Translog.verifyChecksum(Translog.java:1091)
	at org.elasticsearch.index.translog.Translog.readOperation(Translog.java:1123)
	... 21 more
[2016-04-18 03:03:57,809][WARN ][org.elasticsearch.indices.cluster] [node_s0] [[test][0]] marking and sending shard failed due to [failed recovery]
[test][[test][0]] IndexShardRecoveryException[failed to recovery from gateway]; nested: EngineCreationFailureException[failed to recover from translog]; nested: EngineException[failed to recover from translog]; nested: TranslogCorruptedException[translog corruption while reading from stream]; nested: TranslogCorruptedException[translog stream is corrupted, expected: 0xda484d4a, got: 0xbae587fc];
	at org.elasticsearch.index.shard.StoreRecovery.internalRecoverFromStore(StoreRecovery.java:234)
	at org.elasticsearch.index.shard.StoreRecovery.lambda$recoverFromStore$189(StoreRecovery.java:77)
	at org.elasticsearch.index.shard.StoreRecovery.executeRecovery(StoreRecovery.java:122)
	at org.elasticsearch.index.shard.StoreRecovery.recoverFromStore(StoreRecovery.java:75)
	at org.elasticsearch.index.shard.IndexShard.recoverFromStore(IndexShard.java:1059)
	at org.elasticsearch.indices.cluster.IndicesClusterStateService.lambda$applyInitializingShard$195(IndicesClusterStateService.java:648)
	at java.util.concurrent.ThreadPoolExecutor.runWorker(ThreadPoolExecutor.java:1142)
	at java.util.concurrent.ThreadPoolExecutor$Worker.run(ThreadPoolExecutor.java:617)
	at java.lang.Thread.run(Thread.java:745)
Caused by: [test][[test][0]] EngineCreationFailureException[failed to recover from translog]; nested: EngineException[failed to recover from translog]; nested: TranslogCorruptedException[translog corruption while reading from stream]; nested: TranslogCorruptedException[translog stream is corrupted, expected: 0xda484d4a, got: 0xbae587fc];
	at org.elasticsearch.index.engine.InternalEngine.<init>(InternalEngine.java:175)
	at org.elasticsearch.test.engine.MockInternalEngine.<init>(MockInternalEngine.java:36)
	at org.elasticsearch.test.engine.MockEngineFactory.newReadWriteEngine(MockEngineFactory.java:36)
	at org.elasticsearch.index.shard.IndexShard.newEngine(IndexShard.java:1310)
	at org.elasticsearch.index.shard.IndexShard.createNewEngine(IndexShard.java:1305)
	at org.elasticsearch.index.shard.IndexShard.internalPerformTranslogRecovery(IndexShard.java:888)
	at org.elasticsearch.index.shard.IndexShard.performTranslogRecovery(IndexShard.java:866)
	at org.elasticsearch.index.shard.StoreRecovery.internalRecoverFromStore(StoreRecovery.java:230)
	... 8 more
Caused by: [test][[test][0]] EngineException[failed to recover from translog]; nested: TranslogCorruptedException[translog corruption while reading from stream]; nested: TranslogCorruptedException[translog stream is corrupted, expected: 0xda484d4a, got: 0xbae587fc];
	at org.elasticsearch.index.engine.InternalEngine.recoverFromTranslog(InternalEngine.java:251)
	at org.elasticsearch.index.engine.InternalEngine.<init>(InternalEngine.java:172)
	... 15 more
Caused by: TranslogCorruptedException[translog corruption while reading from stream]; nested: TranslogCorruptedException[translog stream is corrupted, expected: 0xda484d4a, got: 0xbae587fc];
	at org.elasticsearch.index.translog.Translog.readOperation(Translog.java:1133)
	at org.elasticsearch.index.translog.BaseTranslogReader.read(BaseTranslogReader.java:114)
	at org.elasticsearch.index.translog.TranslogSnapshot.readOperation(TranslogSnapshot.java:70)
	at org.elasticsearch.index.translog.TranslogSnapshot.next(TranslogSnapshot.java:61)
	at org.elasticsearch.index.translog.MultiSnapshot.next(MultiSnapshot.java:53)
	at org.elasticsearch.index.engine.InternalEngine.recoverFromTranslog(InternalEngine.java:237)
	... 16 more
Caused by: TranslogCorruptedException[translog stream is corrupted, expected: 0xda484d4a, got: 0xbae587fc]
	at org.elasticsearch.index.translog.Translog.verifyChecksum(Translog.java:1091)
	at org.elasticsearch.index.translog.Translog.readOperation(Translog.java:1123)
	... 21 more
[2016-04-18 03:03:57,810][WARN ][org.elasticsearch.cluster.action.shard] [node_s0] [test][0] received shard failed for [test][0], node[zh8EGFynRVuF0b25iuPgEA], [P], v[3], s[INITIALIZING], a[id=iGlsN0jyTZ2EK7-Xt0b2_w], unassigned_info[[reason=ALLOCATION_FAILED], at[2016-04-18T07:03:57.800Z], details[failed recovery, failure IndexShardRecoveryException[failed to recovery from gateway]; nested: EngineCreationFailureException[failed to recover from translog]; nested: EngineException[failed to recover from translog]; nested: TranslogCorruptedException[translog corruption while reading from stream]; nested: TranslogCorruptedException[translog stream is corrupted, expected: 0xda484d4a, got: 0xbae587fc]; ]], indexUUID [jvViyj5qTFmJnQUMS7-e8g], message [failed recovery], failure [IndexShardRecoveryException[failed to recovery from gateway]; nested: EngineCreationFailureException[failed to recover from translog]; nested: EngineException[failed to recover from translog]; nested: TranslogCorruptedException[translog corruption while reading from stream]; nested: TranslogCorruptedException[translog stream is corrupted, expected: 0xda484d4a, got: 0xbae587fc]; ]
[test][[test][0]] IndexShardRecoveryException[failed to recovery from gateway]; nested: EngineCreationFailureException[failed to recover from translog]; nested: EngineException[failed to recover from translog]; nested: TranslogCorruptedException[translog corruption while reading from stream]; nested: TranslogCorruptedException[translog stream is corrupted, expected: 0xda484d4a, got: 0xbae587fc];
	at org.elasticsearch.index.shard.StoreRecovery.internalRecoverFromStore(StoreRecovery.java:234)
	at org.elasticsearch.index.shard.StoreRecovery.lambda$recoverFromStore$189(StoreRecovery.java:77)
	at org.elasticsearch.index.shard.StoreRecovery.executeRecovery(StoreRecovery.java:122)
	at org.elasticsearch.index.shard.StoreRecovery.recoverFromStore(StoreRecovery.java:75)
	at org.elasticsearch.index.shard.IndexShard.recoverFromStore(IndexShard.java:1059)
	at org.elasticsearch.indices.cluster.IndicesClusterStateService.lambda$applyInitializingShard$195(IndicesClusterStateService.java:648)
	at java.util.concurrent.ThreadPoolExecutor.runWorker(ThreadPoolExecutor.java:1142)
	at java.util.concurrent.ThreadPoolExecutor$Worker.run(ThreadPoolExecutor.java:617)
	at java.lang.Thread.run(Thread.java:745)
Caused by: [test][[test][0]] EngineCreationFailureException[failed to recover from translog]; nested: EngineException[failed to recover from translog]; nested: TranslogCorruptedException[translog corruption while reading from stream]; nested: TranslogCorruptedException[translog stream is corrupted, expected: 0xda484d4a, got: 0xbae587fc];
	at org.elasticsearch.index.engine.InternalEngine.<init>(InternalEngine.java:175)
	at org.elasticsearch.test.engine.MockInternalEngine.<init>(MockInternalEngine.java:36)
	at org.elasticsearch.test.engine.MockEngineFactory.newReadWriteEngine(MockEngineFactory.java:36)
	at org.elasticsearch.index.shard.IndexShard.newEngine(IndexShard.java:1310)
	at org.elasticsearch.index.shard.IndexShard.createNewEngine(IndexShard.java:1305)
	at org.elasticsearch.index.shard.IndexShard.internalPerformTranslogRecovery(IndexShard.java:888)
	at org.elasticsearch.index.shard.IndexShard.performTranslogRecovery(IndexShard.java:866)
	at org.elasticsearch.index.shard.StoreRecovery.internalRecoverFromStore(StoreRecovery.java:230)
	... 8 more
Caused by: [test][[test][0]] EngineException[failed to recover from translog]; nested: TranslogCorruptedException[translog corruption while reading from stream]; nested: TranslogCorruptedException[translog stream is corrupted, expected: 0xda484d4a, got: 0xbae587fc];
	at org.elasticsearch.index.engine.InternalEngine.recoverFromTranslog(InternalEngine.java:251)
	at org.elasticsearch.index.engine.InternalEngine.<init>(InternalEngine.java:172)
	... 15 more
Caused by: TranslogCorruptedException[translog corruption while reading from stream]; nested: TranslogCorruptedException[translog stream is corrupted, expected: 0xda484d4a, got: 0xbae587fc];
	at org.elasticsearch.index.translog.Translog.readOperation(Translog.java:1133)
	at org.elasticsearch.index.translog.BaseTranslogReader.read(BaseTranslogReader.java:114)
	at org.elasticsearch.index.translog.TranslogSnapshot.readOperation(TranslogSnapshot.java:70)
	at org.elasticsearch.index.translog.TranslogSnapshot.next(TranslogSnapshot.java:61)
	at org.elasticsearch.index.translog.MultiSnapshot.next(MultiSnapshot.java:53)
	at org.elasticsearch.index.engine.InternalEngine.recoverFromTranslog(InternalEngine.java:237)
	... 16 more
Caused by: TranslogCorruptedException[translog stream is corrupted, expected: 0xda484d4a, got: 0xbae587fc]
	at org.elasticsearch.index.translog.Translog.verifyChecksum(Translog.java:1091)
	at org.elasticsearch.index.translog.Translog.readOperation(Translog.java:1123)
	... 21 more
[2016-04-18 03:03:57,821][WARN ][org.elasticsearch.indices.cluster] [node_s0] [[test][0]] marking and sending shard failed due to [failed recovery]
[test][[test][0]] IndexShardRecoveryException[failed to recovery from gateway]; nested: EngineCreationFailureException[failed to recover from translog]; nested: EngineException[failed to recover from translog]; nested: TranslogCorruptedException[translog corruption while reading from stream]; nested: TranslogCorruptedException[translog stream is corrupted, expected: 0xda484d4a, got: 0xbae587fc];
	at org.elasticsearch.index.shard.StoreRecovery.internalRecoverFromStore(StoreRecovery.java:234)
	at org.elasticsearch.index.shard.StoreRecovery.lambda$recoverFromStore$189(StoreRecovery.java:77)
	at org.elasticsearch.index.shard.StoreRecovery.executeRecovery(StoreRecovery.java:122)
	at org.elasticsearch.index.shard.StoreRecovery.recoverFromStore(StoreRecovery.java:75)
	at org.elasticsearch.index.shard.IndexShard.recoverFromStore(IndexShard.java:1059)
	at org.elasticsearch.indices.cluster.IndicesClusterStateService.lambda$applyInitializingShard$195(IndicesClusterStateService.java:648)
	at java.util.concurrent.ThreadPoolExecutor.runWorker(ThreadPoolExecutor.java:1142)
	at java.util.concurrent.ThreadPoolExecutor$Worker.run(ThreadPoolExecutor.java:617)
	at java.lang.Thread.run(Thread.java:745)
Caused by: [test][[test][0]] EngineCreationFailureException[failed to recover from translog]; nested: EngineException[failed to recover from translog]; nested: TranslogCorruptedException[translog corruption while reading from stream]; nested: TranslogCorruptedException[translog stream is corrupted, expected: 0xda484d4a, got: 0xbae587fc];
	at org.elasticsearch.index.engine.InternalEngine.<init>(InternalEngine.java:175)
	at org.elasticsearch.test.engine.MockInternalEngine.<init>(MockInternalEngine.java:36)
	at org.elasticsearch.test.engine.MockEngineFactory.newReadWriteEngine(MockEngineFactory.java:36)
	at org.elasticsearch.index.shard.IndexShard.newEngine(IndexShard.java:1310)
	at org.elasticsearch.index.shard.IndexShard.createNewEngine(IndexShard.java:1305)
	at org.elasticsearch.index.shard.IndexShard.internalPerformTranslogRecovery(IndexShard.java:888)
	at org.elasticsearch.index.shard.IndexShard.performTranslogRecovery(IndexShard.java:866)
	at org.elasticsearch.index.shard.StoreRecovery.internalRecoverFromStore(StoreRecovery.java:230)
	... 8 more
Caused by: [test][[test][0]] EngineException[failed to recover from translog]; nested: TranslogCorruptedException[translog corruption while reading from stream]; nested: TranslogCorruptedException[translog stream is corrupted, expected: 0xda484d4a, got: 0xbae587fc];
	at org.elasticsearch.index.engine.InternalEngine.recoverFromTranslog(InternalEngine.java:251)
	at org.elasticsearch.index.engine.InternalEngine.<init>(InternalEngine.java:172)
	... 15 more
Caused by: TranslogCorruptedException[translog corruption while reading from stream]; nested: TranslogCorruptedException[translog stream is corrupted, expected: 0xda484d4a, got: 0xbae587fc];
	at org.elasticsearch.index.translog.Translog.readOperation(Translog.java:1133)
	at org.elasticsearch.index.translog.BaseTranslogReader.read(BaseTranslogReader.java:114)
	at org.elasticsearch.index.translog.TranslogSnapshot.readOperation(TranslogSnapshot.java:70)
	at org.elasticsearch.index.translog.TranslogSnapshot.next(TranslogSnapshot.java:61)
	at org.elasticsearch.index.translog.MultiSnapshot.next(MultiSnapshot.java:53)
	at org.elasticsearch.index.engine.InternalEngine.recoverFromTranslog(InternalEngine.java:237)
	... 16 more
Caused by: TranslogCorruptedException[translog stream is corrupted, expected: 0xda484d4a, got: 0xbae587fc]
	at org.elasticsearch.index.translog.Translog.verifyChecksum(Translog.java:1091)
	at org.elasticsearch.index.translog.Translog.readOperation(Translog.java:1123)
	... 21 more
[2016-04-18 03:03:57,821][WARN ][org.elasticsearch.cluster.action.shard] [node_s0] [test][0] received shard failed for [test][0], node[zh8EGFynRVuF0b25iuPgEA], [P], v[3], s[INITIALIZING], a[id=LqFoNpPJQjmlEsPT7tIH6g], unassigned_info[[reason=ALLOCATION_FAILED], at[2016-04-18T07:03:57.810Z], details[failed recovery, failure IndexShardRecoveryException[failed to recovery from gateway]; nested: EngineCreationFailureException[failed to recover from translog]; nested: EngineException[failed to recover from translog]; nested: TranslogCorruptedException[translog corruption while reading from stream]; nested: TranslogCorruptedException[translog stream is corrupted, expected: 0xda484d4a, got: 0xbae587fc]; ]], indexUUID [jvViyj5qTFmJnQUMS7-e8g], message [failed recovery], failure [IndexShardRecoveryException[failed to recovery from gateway]; nested: EngineCreationFailureException[failed to recover from translog]; nested: EngineException[failed to recover from translog]; nested: TranslogCorruptedException[translog corruption while reading from stream]; nested: TranslogCorruptedException[translog stream is corrupted, expected: 0xda484d4a, got: 0xbae587fc]; ]
[test][[test][0]] IndexShardRecoveryException[failed to recovery from gateway]; nested: EngineCreationFailureException[failed to recover from translog]; nested: EngineException[failed to recover from translog]; nested: TranslogCorruptedException[translog corruption while reading from stream]; nested: TranslogCorruptedException[translog stream is corrupted, expected: 0xda484d4a, got: 0xbae587fc];
	at org.elasticsearch.index.shard.StoreRecovery.internalRecoverFromStore(StoreRecovery.java:234)
	at org.elasticsearch.index.shard.StoreRecovery.lambda$recoverFromStore$189(StoreRecovery.java:77)
	at org.elasticsearch.index.shard.StoreRecovery.executeRecovery(StoreRecovery.java:122)
	at org.elasticsearch.index.shard.StoreRecovery.recoverFromStore(StoreRecovery.java:75)
	at org.elasticsearch.index.shard.IndexShard.recoverFromStore(IndexShard.java:1059)
	at org.elasticsearch.indices.cluster.IndicesClusterStateService.lambda$applyInitializingShard$195(IndicesClusterStateService.java:648)
	at java.util.concurrent.ThreadPoolExecutor.runWorker(ThreadPoolExecutor.java:1142)
	at java.util.concurrent.ThreadPoolExecutor$Worker.run(ThreadPoolExecutor.java:617)
	at java.lang.Thread.run(Thread.java:745)
Caused by: [test][[test][0]] EngineCreationFailureException[failed to recover from translog]; nested: EngineException[failed to recover from translog]; nested: TranslogCorruptedException[translog corruption while reading from stream]; nested: TranslogCorruptedException[translog stream is corrupted, expected: 0xda484d4a, got: 0xbae587fc];
	at org.elasticsearch.index.engine.InternalEngine.<init>(InternalEngine.java:175)
	at org.elasticsearch.test.engine.MockInternalEngine.<init>(MockInternalEngine.java:36)
	at org.elasticsearch.test.engine.MockEngineFactory.newReadWriteEngine(MockEngineFactory.java:36)
	at org.elasticsearch.index.shard.IndexShard.newEngine(IndexShard.java:1310)
	at org.elasticsearch.index.shard.IndexShard.createNewEngine(IndexShard.java:1305)
	at org.elasticsearch.index.shard.IndexShard.internalPerformTranslogRecovery(IndexShard.java:888)
	at org.elasticsearch.index.shard.IndexShard.performTranslogRecovery(IndexShard.java:866)
	at org.elasticsearch.index.shard.StoreRecovery.internalRecoverFromStore(StoreRecovery.java:230)
	... 8 more
Caused by: [test][[test][0]] EngineException[failed to recover from translog]; nested: TranslogCorruptedException[translog corruption while reading from stream]; nested: TranslogCorruptedException[translog stream is corrupted, expected: 0xda484d4a, got: 0xbae587fc];
	at org.elasticsearch.index.engine.InternalEngine.recoverFromTranslog(InternalEngine.java:251)
	at org.elasticsearch.index.engine.InternalEngine.<init>(InternalEngine.java:172)
	... 15 more
Caused by: TranslogCorruptedException[translog corruption while reading from stream]; nested: TranslogCorruptedException[translog stream is corrupted, expected: 0xda484d4a, got: 0xbae587fc];
	at org.elasticsearch.index.translog.Translog.readOperation(Translog.java:1133)
	at org.elasticsearch.index.translog.BaseTranslogReader.read(BaseTranslogReader.java:114)
	at org.elasticsearch.index.translog.TranslogSnapshot.readOperation(TranslogSnapshot.java:70)
	at org.elasticsearch.index.translog.TranslogSnapshot.next(TranslogSnapshot.java:61)
	at org.elasticsearch.index.translog.MultiSnapshot.next(MultiSnapshot.java:53)
	at org.elasticsearch.index.engine.InternalEngine.recoverFromTranslog(InternalEngine.java:237)
	... 16 more
Caused by: TranslogCorruptedException[translog stream is corrupted, expected: 0xda484d4a, got: 0xbae587fc]
	at org.elasticsearch.index.translog.Translog.verifyChecksum(Translog.java:1091)
	at org.elasticsearch.index.translog.Translog.readOperation(Translog.java:1123)
	... 21 more
[2016-04-18 03:03:57,831][WARN ][org.elasticsearch.indices.cluster] [node_s0] [[test][0]] marking and sending shard failed due to [failed recovery]
[test][[test][0]] IndexShardRecoveryException[failed to recovery from gateway]; nested: EngineCreationFailureException[failed to recover from translog]; nested: EngineException[failed to recover from translog]; nested: TranslogCorruptedException[translog corruption while reading from stream]; nested: TranslogCorruptedException[translog stream is corrupted, expected: 0xda484d4a, got: 0xbae587fc];
	at org.elasticsearch.index.shard.StoreRecovery.internalRecoverFromStore(StoreRecovery.java:234)
	at org.elasticsearch.index.shard.StoreRecovery.lambda$recoverFromStore$189(StoreRecovery.java:77)
	at org.elasticsearch.index.shard.StoreRecovery.executeRecovery(StoreRecovery.java:122)
	at org.elasticsearch.index.shard.StoreRecovery.recoverFromStore(StoreRecovery.java:75)
	at org.elasticsearch.index.shard.IndexShard.recoverFromStore(IndexShard.java:1059)
	at org.elasticsearch.indices.cluster.IndicesClusterStateService.lambda$applyInitializingShard$195(IndicesClusterStateService.java:648)
	at java.util.concurrent.ThreadPoolExecutor.runWorker(ThreadPoolExecutor.java:1142)
	at java.util.concurrent.ThreadPoolExecutor$Worker.run(ThreadPoolExecutor.java:617)
	at java.lang.Thread.run(Thread.java:745)
Caused by: [test][[test][0]] EngineCreationFailureException[failed to recover from translog]; nested: EngineException[failed to recover from translog]; nested: TranslogCorruptedException[translog corruption while reading from stream]; nested: TranslogCorruptedException[translog stream is corrupted, expected: 0xda484d4a, got: 0xbae587fc];
	at org.elasticsearch.index.engine.InternalEngine.<init>(InternalEngine.java:175)
	at org.elasticsearch.test.engine.MockInternalEngine.<init>(MockInternalEngine.java:36)
	at org.elasticsearch.test.engine.MockEngineFactory.newReadWriteEngine(MockEngineFactory.java:36)
	at org.elasticsearch.index.shard.IndexShard.newEngine(IndexShard.java:1310)
	at org.elasticsearch.index.shard.IndexShard.createNewEngine(IndexShard.java:1305)
	at org.elasticsearch.index.shard.IndexShard.internalPerformTranslogRecovery(IndexShard.java:888)
	at org.elasticsearch.index.shard.IndexShard.performTranslogRecovery(IndexShard.java:866)
	at org.elasticsearch.index.shard.StoreRecovery.internalRecoverFromStore(StoreRecovery.java:230)
	... 8 more
Caused by: [test][[test][0]] EngineException[failed to recover from translog]; nested: TranslogCorruptedException[translog corruption while reading from stream]; nested: TranslogCorruptedException[translog stream is corrupted, expected: 0xda484d4a, got: 0xbae587fc];
	at org.elasticsearch.index.engine.InternalEngine.recoverFromTranslog(InternalEngine.java:251)
	at org.elasticsearch.index.engine.InternalEngine.<init>(InternalEngine.java:172)
	... 15 more
Caused by: TranslogCorruptedException[translog corruption while reading from stream]; nested: TranslogCorruptedException[translog stream is corrupted, expected: 0xda484d4a, got: 0xbae587fc];
	at org.elasticsearch.index.translog.Translog.readOperation(Translog.java:1133)
	at org.elasticsearch.index.translog.BaseTranslogReader.read(BaseTranslogReader.java:114)
	at org.elasticsearch.index.translog.TranslogSnapshot.readOperation(TranslogSnapshot.java:70)
	at org.elasticsearch.index.translog.TranslogSnapshot.next(TranslogSnapshot.java:61)
	at org.elasticsearch.index.translog.MultiSnapshot.next(MultiSnapshot.java:53)
	at org.elasticsearch.index.engine.InternalEngine.recoverFromTranslog(InternalEngine.java:237)
	... 16 more
Caused by: TranslogCorruptedException[translog stream is corrupted, expected: 0xda484d4a, got: 0xbae587fc]
	at org.elasticsearch.index.translog.Translog.verifyChecksum(Translog.java:1091)
	at org.elasticsearch.index.translog.Translog.readOperation(Translog.java:1123)
	... 21 more
[2016-04-18 03:03:57,831][WARN ][org.elasticsearch.cluster.action.shard] [node_s0] [test][0] received shard failed for [test][0], node[zh8EGFynRVuF0b25iuPgEA], [P], v[3], s[INITIALIZING], a[id=JGIgbylNRRWyIrwB0B4rtg], unassigned_info[[reason=ALLOCATION_FAILED], at[2016-04-18T07:03:57.822Z], details[failed recovery, failure IndexShardRecoveryException[failed to recovery from gateway]; nested: EngineCreationFailureException[failed to recover from translog]; nested: EngineException[failed to recover from translog]; nested: TranslogCorruptedException[translog corruption while reading from stream]; nested: TranslogCorruptedException[translog stream is corrupted, expected: 0xda484d4a, got: 0xbae587fc]; ]], indexUUID [jvViyj5qTFmJnQUMS7-e8g], message [failed recovery], failure [IndexShardRecoveryException[failed to recovery from gateway]; nested: EngineCreationFailureException[failed to recover from translog]; nested: EngineException[failed to recover from translog]; nested: TranslogCorruptedException[translog corruption while reading from stream]; nested: TranslogCorruptedException[translog stream is corrupted, expected: 0xda484d4a, got: 0xbae587fc]; ]
[test][[test][0]] IndexShardRecoveryException[failed to recovery from gateway]; nested: EngineCreationFailureException[failed to recover from translog]; nested: EngineException[failed to recover from translog]; nested: TranslogCorruptedException[translog corruption while reading from stream]; nested: TranslogCorruptedException[translog stream is corrupted, expected: 0xda484d4a, got: 0xbae587fc];
	at org.elasticsearch.index.shard.StoreRecovery.internalRecoverFromStore(StoreRecovery.java:234)
	at org.elasticsearch.index.shard.StoreRecovery.lambda$recoverFromStore$189(StoreRecovery.java:77)
	at org.elasticsearch.index.shard.StoreRecovery.executeRecovery(StoreRecovery.java:122)
	at org.elasticsearch.index.shard.StoreRecovery.recoverFromStore(StoreRecovery.java:75)
	at org.elasticsearch.index.shard.IndexShard.recoverFromStore(IndexShard.java:1059)
	at org.elasticsearch.indices.cluster.IndicesClusterStateService.lambda$applyInitializingShard$195(IndicesClusterStateService.java:648)
	at java.util.concurrent.ThreadPoolExecutor.runWorker(ThreadPoolExecutor.java:1142)
	at java.util.concurrent.ThreadPoolExecutor$Worker.run(ThreadPoolExecutor.java:617)
	at java.lang.Thread.run(Thread.java:745)
Caused by: [test][[test][0]] EngineCreationFailureException[failed to recover from translog]; nested: EngineException[failed to recover from translog]; nested: TranslogCorruptedException[translog corruption while reading from stream]; nested: TranslogCorruptedException[translog stream is corrupted, expected: 0xda484d4a, got: 0xbae587fc];
	at org.elasticsearch.index.engine.InternalEngine.<init>(InternalEngine.java:175)
	at org.elasticsearch.test.engine.MockInternalEngine.<init>(MockInternalEngine.java:36)
	at org.elasticsearch.test.engine.MockEngineFactory.newReadWriteEngine(MockEngineFactory.java:36)
	at org.elasticsearch.index.shard.IndexShard.newEngine(IndexShard.java:1310)
	at org.elasticsearch.index.shard.IndexShard.createNewEngine(IndexShard.java:1305)
	at org.elasticsearch.index.shard.IndexShard.internalPerformTranslogRecovery(IndexShard.java:888)
	at org.elasticsearch.index.shard.IndexShard.performTranslogRecovery(IndexShard.java:866)
	at org.elasticsearch.index.shard.StoreRecovery.internalRecoverFromStore(StoreRecovery.java:230)
	... 8 more
Caused by: [test][[test][0]] EngineException[failed to recover from translog]; nested: TranslogCorruptedException[translog corruption while reading from stream]; nested: TranslogCorruptedException[translog stream is corrupted, expected: 0xda484d4a, got: 0xbae587fc];
	at org.elasticsearch.index.engine.InternalEngine.recoverFromTranslog(InternalEngine.java:251)
	at org.elasticsearch.index.engine.InternalEngine.<init>(InternalEngine.java:172)
	... 15 more
Caused by: TranslogCorruptedException[translog corruption while reading from stream]; nested: TranslogCorruptedException[translog stream is corrupted, expected: 0xda484d4a, got: 0xbae587fc];
	at org.elasticsearch.index.translog.Translog.readOperation(Translog.java:1133)
	at org.elasticsearch.index.translog.BaseTranslogReader.read(BaseTranslogReader.java:114)
	at org.elasticsearch.index.translog.TranslogSnapshot.readOperation(TranslogSnapshot.java:70)
	at org.elasticsearch.index.translog.TranslogSnapshot.next(TranslogSnapshot.java:61)
	at org.elasticsearch.index.translog.MultiSnapshot.next(MultiSnapshot.java:53)
	at org.elasticsearch.index.engine.InternalEngine.recoverFromTranslog(InternalEngine.java:237)
	... 16 more
Caused by: TranslogCorruptedException[translog stream is corrupted, expected: 0xda484d4a, got: 0xbae587fc]
	at org.elasticsearch.index.translog.Translog.verifyChecksum(Translog.java:1091)
	at org.elasticsearch.index.translog.Translog.readOperation(Translog.java:1123)
	... 21 more
[2016-04-18 03:03:57,842][WARN ][org.elasticsearch.indices.cluster] [node_s0] [[test][0]] marking and sending shard failed due to [failed recovery]
[test][[test][0]] IndexShardRecoveryException[failed to recovery from gateway]; nested: EngineCreationFailureException[failed to recover from translog]; nested: EngineException[failed to recover from translog]; nested: TranslogCorruptedException[translog corruption while reading from stream]; nested: TranslogCorruptedException[translog stream is corrupted, expected: 0xda484d4a, got: 0xbae587fc];
	at org.elasticsearch.index.shard.StoreRecovery.internalRecoverFromStore(StoreRecovery.java:234)
	at org.elasticsearch.index.shard.StoreRecovery.lambda$recoverFromStore$189(StoreRecovery.java:77)
	at org.elasticsearch.index.shard.StoreRecovery.executeRecovery(StoreRecovery.java:122)
	at org.elasticsearch.index.shard.StoreRecovery.recoverFromStore(StoreRecovery.java:75)
	at org.elasticsearch.index.shard.IndexShard.recoverFromStore(IndexShard.java:1059)
	at org.elasticsearch.indices.cluster.IndicesClusterStateService.lambda$applyInitializingShard$195(IndicesClusterStateService.java:648)
	at java.util.concurrent.ThreadPoolExecutor.runWorker(ThreadPoolExecutor.java:1142)
	at java.util.concurrent.ThreadPoolExecutor$Worker.run(ThreadPoolExecutor.java:617)
	at java.lang.Thread.run(Thread.java:745)
Caused by: [test][[test][0]] EngineCreationFailureException[failed to recover from translog]; nested: EngineException[failed to recover from translog]; nested: TranslogCorruptedException[translog corruption while reading from stream]; nested: TranslogCorruptedException[translog stream is corrupted, expected: 0xda484d4a, got: 0xbae587fc];
	at org.elasticsearch.index.engine.InternalEngine.<init>(InternalEngine.java:175)
	at org.elasticsearch.test.engine.MockInternalEngine.<init>(MockInternalEngine.java:36)
	at org.elasticsearch.test.engine.MockEngineFactory.newReadWriteEngine(MockEngineFactory.java:36)
	at org.elasticsearch.index.shard.IndexShard.newEngine(IndexShard.java:1310)
	at org.elasticsearch.index.shard.IndexShard.createNewEngine(IndexShard.java:1305)
	at org.elasticsearch.index.shard.IndexShard.internalPerformTranslogRecovery(IndexShard.java:888)
	at org.elasticsearch.index.shard.IndexShard.performTranslogRecovery(IndexShard.java:866)
	at org.elasticsearch.index.shard.StoreRecovery.internalRecoverFromStore(StoreRecovery.java:230)
	... 8 more
Caused by: [test][[test][0]] EngineException[failed to recover from translog]; nested: TranslogCorruptedException[translog corruption while reading from stream]; nested: TranslogCorruptedException[translog stream is corrupted, expected: 0xda484d4a, got: 0xbae587fc];
	at org.elasticsearch.index.engine.InternalEngine.recoverFromTranslog(InternalEngine.java:251)
	at org.elasticsearch.index.engine.InternalEngine.<init>(InternalEngine.java:172)
	... 15 more
Caused by: TranslogCorruptedException[translog corruption while reading from stream]; nested: TranslogCorruptedException[translog stream is corrupted, expected: 0xda484d4a, got: 0xbae587fc];
	at org.elasticsearch.index.translog.Translog.readOperation(Translog.java:1133)
	at org.elasticsearch.index.translog.BaseTranslogReader.read(BaseTranslogReader.java:114)
	at org.elasticsearch.index.translog.TranslogSnapshot.readOperation(TranslogSnapshot.java:70)
	at org.elasticsearch.index.translog.TranslogSnapshot.next(TranslogSnapshot.java:61)
	at org.elasticsearch.index.translog.MultiSnapshot.next(MultiSnapshot.java:53)
	at org.elasticsearch.index.engine.InternalEngine.recoverFromTranslog(InternalEngine.java:237)
	... 16 more
Caused by: TranslogCorruptedException[translog stream is corrupted, expected: 0xda484d4a, got: 0xbae587fc]
	at org.elasticsearch.index.translog.Translog.verifyChecksum(Translog.java:1091)
	at org.elasticsearch.index.translog.Translog.readOperation(Translog.java:1123)
	... 21 more
[2016-04-18 03:03:57,843][WARN ][org.elasticsearch.cluster.action.shard] [node_s0] [test][0] received shard failed for [test][0], node[zh8EGFynRVuF0b25iuPgEA], [P], v[3], s[INITIALIZING], a[id=chwEOzM8TaOFBxYmKFVNKw], unassigned_info[[reason=ALLOCATION_FAILED], at[2016-04-18T07:03:57.832Z], details[failed recovery, failure IndexShardRecoveryException[failed to recovery from gateway]; nested: EngineCreationFailureException[failed to recover from translog]; nested: EngineException[failed to recover from translog]; nested: TranslogCorruptedException[translog corruption while reading from stream]; nested: TranslogCorruptedException[translog stream is corrupted, expected: 0xda484d4a, got: 0xbae587fc]; ]], indexUUID [jvViyj5qTFmJnQUMS7-e8g], message [failed recovery], failure [IndexShardRecoveryException[failed to recovery from gateway]; nested: EngineCreationFailureException[failed to recover from translog]; nested: EngineException[failed to recover from translog]; nested: TranslogCorruptedException[translog corruption while reading from stream]; nested: TranslogCorruptedException[translog stream is corrupted, expected: 0xda484d4a, got: 0xbae587fc]; ]
[test][[test][0]] IndexShardRecoveryException[failed to recovery from gateway]; nested: EngineCreationFailureException[failed to recover from translog]; nested: EngineException[failed to recover from translog]; nested: TranslogCorruptedException[translog corruption while reading from stream]; nested: TranslogCorruptedException[translog stream is corrupted, expected: 0xda484d4a, got: 0xbae587fc];
	at org.elasticsearch.index.shard.StoreRecovery.internalRecoverFromStore(StoreRecovery.java:234)
	at org.elasticsearch.index.shard.StoreRecovery.lambda$recoverFromStore$189(StoreRecovery.java:77)
	at org.elasticsearch.index.shard.StoreRecovery.executeRecovery(StoreRecovery.java:122)
	at org.elasticsearch.index.shard.StoreRecovery.recoverFromStore(StoreRecovery.java:75)
	at org.elasticsearch.index.shard.IndexShard.recoverFromStore(IndexShard.java:1059)
	at org.elasticsearch.indices.cluster.IndicesClusterStateService.lambda$applyInitializingShard$195(IndicesClusterStateService.java:648)
	at java.util.concurrent.ThreadPoolExecutor.runWorker(ThreadPoolExecutor.java:1142)
	at java.util.concurrent.ThreadPoolExecutor$Worker.run(ThreadPoolExecutor.java:617)
	at java.lang.Thread.run(Thread.java:745)
Caused by: [test][[test][0]] EngineCreationFailureException[failed to recover from translog]; nested: EngineException[failed to recover from translog]; nested: TranslogCorruptedException[translog corruption while reading from stream]; nested: TranslogCorruptedException[translog stream is corrupted, expected: 0xda484d4a, got: 0xbae587fc];
	at org.elasticsearch.index.engine.InternalEngine.<init>(InternalEngine.java:175)
	at org.elasticsearch.test.engine.MockInternalEngine.<init>(MockInternalEngine.java:36)
	at org.elasticsearch.test.engine.MockEngineFactory.newReadWriteEngine(MockEngineFactory.java:36)
	at org.elasticsearch.index.shard.IndexShard.newEngine(IndexShard.java:1310)
	at org.elasticsearch.index.shard.IndexShard.createNewEngine(IndexShard.java:1305)
	at org.elasticsearch.index.shard.IndexShard.internalPerformTranslogRecovery(IndexShard.java:888)
	at org.elasticsearch.index.shard.IndexShard.performTranslogRecovery(IndexShard.java:866)
	at org.elasticsearch.index.shard.StoreRecovery.internalRecoverFromStore(StoreRecovery.java:230)
	... 8 more
Caused by: [test][[test][0]] EngineException[failed to recover from translog]; nested: TranslogCorruptedException[translog corruption while reading from stream]; nested: TranslogCorruptedException[translog stream is corrupted, expected: 0xda484d4a, got: 0xbae587fc];
	at org.elasticsearch.index.engine.InternalEngine.recoverFromTranslog(InternalEngine.java:251)
	at org.elasticsearch.index.engine.InternalEngine.<init>(InternalEngine.java:172)
	... 15 more
Caused by: TranslogCorruptedException[translog corruption while reading from stream]; nested: TranslogCorruptedException[translog stream is corrupted, expected: 0xda484d4a, got: 0xbae587fc];
	at org.elasticsearch.index.translog.Translog.readOperation(Translog.java:1133)
	at org.elasticsearch.index.translog.BaseTranslogReader.read(BaseTranslogReader.java:114)
	at org.elasticsearch.index.translog.TranslogSnapshot.readOperation(TranslogSnapshot.java:70)
	at org.elasticsearch.index.translog.TranslogSnapshot.next(TranslogSnapshot.java:61)
	at org.elasticsearch.index.translog.MultiSnapshot.next(MultiSnapshot.java:53)
	at org.elasticsearch.index.engine.InternalEngine.recoverFromTranslog(InternalEngine.java:237)
	... 16 more
Caused by: TranslogCorruptedException[translog stream is corrupted, expected: 0xda484d4a, got: 0xbae587fc]
	at org.elasticsearch.index.translog.Translog.verifyChecksum(Translog.java:1091)
	at org.elasticsearch.index.translog.Translog.readOperation(Translog.java:1123)
	... 21 more
[2016-04-18 03:03:57,852][WARN ][org.elasticsearch.indices.cluster] [node_s0] [[test][0]] marking and sending shard failed due to [failed recovery]
[test][[test][0]] IndexShardRecoveryException[failed to recovery from gateway]; nested: EngineCreationFailureException[failed to recover from translog]; nested: EngineException[failed to recover from translog]; nested: TranslogCorruptedException[translog corruption while reading from stream]; nested: TranslogCorruptedException[translog stream is corrupted, expected: 0xda484d4a, got: 0xbae587fc];
	at org.elasticsearch.index.shard.StoreRecovery.internalRecoverFromStore(StoreRecovery.java:234)
	at org.elasticsearch.index.shard.StoreRecovery.lambda$recoverFromStore$189(StoreRecovery.java:77)
	at org.elasticsearch.index.shard.StoreRecovery.executeRecovery(StoreRecovery.java:122)
	at org.elasticsearch.index.shard.StoreRecovery.recoverFromStore(StoreRecovery.java:75)
	at org.elasticsearch.index.shard.IndexShard.recoverFromStore(IndexShard.java:1059)
	at org.elasticsearch.indices.cluster.IndicesClusterStateService.lambda$applyInitializingShard$195(IndicesClusterStateService.java:648)
	at java.util.concurrent.ThreadPoolExecutor.runWorker(ThreadPoolExecutor.java:1142)
	at java.util.concurrent.ThreadPoolExecutor$Worker.run(ThreadPoolExecutor.java:617)
	at java.lang.Thread.run(Thread.java:745)
Caused by: [test][[test][0]] EngineCreationFailureException[failed to recover from translog]; nested: EngineException[failed to recover from translog]; nested: TranslogCorruptedException[translog corruption while reading from stream]; nested: TranslogCorruptedException[translog stream is corrupted, expected: 0xda484d4a, got: 0xbae587fc];
	at org.elasticsearch.index.engine.InternalEngine.<init>(InternalEngine.java:175)
	at org.elasticsearch.test.engine.MockInternalEngine.<init>(MockInternalEngine.java:36)
	at org.elasticsearch.test.engine.MockEngineFactory.newReadWriteEngine(MockEngineFactory.java:36)
	at org.elasticsearch.index.shard.IndexShard.newEngine(IndexShard.java:1310)
	at org.elasticsearch.index.shard.IndexShard.createNewEngine(IndexShard.java:1305)
	at org.elasticsearch.index.shard.IndexShard.internalPerformTranslogRecovery(IndexShard.java:888)
	at org.elasticsearch.index.shard.IndexShard.performTranslogRecovery(IndexShard.java:866)
	at org.elasticsearch.index.shard.StoreRecovery.internalRecoverFromStore(StoreRecovery.java:230)
	... 8 more
Caused by: [test][[test][0]] EngineException[failed to recover from translog]; nested: TranslogCorruptedException[translog corruption while reading from stream]; nested: TranslogCorruptedException[translog stream is corrupted, expected: 0xda484d4a, got: 0xbae587fc];
	at org.elasticsearch.index.engine.InternalEngine.recoverFromTranslog(InternalEngine.java:251)
	at org.elasticsearch.index.engine.InternalEngine.<init>(InternalEngine.java:172)
	... 15 more
Caused by: TranslogCorruptedException[translog corruption while reading from stream]; nested: TranslogCorruptedException[translog stream is corrupted, expected: 0xda484d4a, got: 0xbae587fc];
	at org.elasticsearch.index.translog.Translog.readOperation(Translog.java:1133)
	at org.elasticsearch.index.translog.BaseTranslogReader.read(BaseTranslogReader.java:114)
	at org.elasticsearch.index.translog.TranslogSnapshot.readOperation(TranslogSnapshot.java:70)
	at org.elasticsearch.index.translog.TranslogSnapshot.next(TranslogSnapshot.java:61)
	at org.elasticsearch.index.translog.MultiSnapshot.next(MultiSnapshot.java:53)
	at org.elasticsearch.index.engine.InternalEngine.recoverFromTranslog(InternalEngine.java:237)
	... 16 more
Caused by: TranslogCorruptedException[translog stream is corrupted, expected: 0xda484d4a, got: 0xbae587fc]
	at org.elasticsearch.index.translog.Translog.verifyChecksum(Translog.java:1091)
	at org.elasticsearch.index.translog.Translog.readOperation(Translog.java:1123)
	... 21 more
[2016-04-18 03:03:57,852][WARN ][org.elasticsearch.cluster.action.shard] [node_s0] [test][0] received shard failed for [test][0], node[zh8EGFynRVuF0b25iuPgEA], [P], v[3], s[INITIALIZING], a[id=1Ey5ouNXSXeOjg1WdgH1LA], unassigned_info[[reason=ALLOCATION_FAILED], at[2016-04-18T07:03:57.843Z], details[failed recovery, failure IndexShardRecoveryException[failed to recovery from gateway]; nested: EngineCreationFailureException[failed to recover from translog]; nested: EngineException[failed to recover from translog]; nested: TranslogCorruptedException[translog corruption while reading from stream]; nested: TranslogCorruptedException[translog stream is corrupted, expected: 0xda484d4a, got: 0xbae587fc]; ]], indexUUID [jvViyj5qTFmJnQUMS7-e8g], message [failed recovery], failure [IndexShardRecoveryException[failed to recovery from gateway]; nested: EngineCreationFailureException[failed to recover from translog]; nested: EngineException[failed to recover from translog]; nested: TranslogCorruptedException[translog corruption while reading from stream]; nested: TranslogCorruptedException[translog stream is corrupted, expected: 0xda484d4a, got: 0xbae587fc]; ]
[test][[test][0]] IndexShardRecoveryException[failed to recovery from gateway]; nested: EngineCreationFailureException[failed to recover from translog]; nested: EngineException[failed to recover from translog]; nested: TranslogCorruptedException[translog corruption while reading from stream]; nested: TranslogCorruptedException[translog stream is corrupted, expected: 0xda484d4a, got: 0xbae587fc];
	at org.elasticsearch.index.shard.StoreRecovery.internalRecoverFromStore(StoreRecovery.java:234)
	at org.elasticsearch.index.shard.StoreRecovery.lambda$recoverFromStore$189(StoreRecovery.java:77)
	at org.elasticsearch.index.shard.StoreRecovery.executeRecovery(StoreRecovery.java:122)
	at org.elasticsearch.index.shard.StoreRecovery.recoverFromStore(StoreRecovery.java:75)
	at org.elasticsearch.index.shard.IndexShard.recoverFromStore(IndexShard.java:1059)
	at org.elasticsearch.indices.cluster.IndicesClusterStateService.lambda$applyInitializingShard$195(IndicesClusterStateService.java:648)
	at java.util.concurrent.ThreadPoolExecutor.runWorker(ThreadPoolExecutor.java:1142)
	at java.util.concurrent.ThreadPoolExecutor$Worker.run(ThreadPoolExecutor.java:617)
	at java.lang.Thread.run(Thread.java:745)
Caused by: [test][[test][0]] EngineCreationFailureException[failed to recover from translog]; nested: EngineException[failed to recover from translog]; nested: TranslogCorruptedException[translog corruption while reading from stream]; nested: TranslogCorruptedException[translog stream is corrupted, expected: 0xda484d4a, got: 0xbae587fc];
	at org.elasticsearch.index.engine.InternalEngine.<init>(InternalEngine.java:175)
	at org.elasticsearch.test.engine.MockInternalEngine.<init>(MockInternalEngine.java:36)
	at org.elasticsearch.test.engine.MockEngineFactory.newReadWriteEngine(MockEngineFactory.java:36)
	at org.elasticsearch.index.shard.IndexShard.newEngine(IndexShard.java:1310)
	at org.elasticsearch.index.shard.IndexShard.createNewEngine(IndexShard.java:1305)
	at org.elasticsearch.index.shard.IndexShard.internalPerformTranslogRecovery(IndexShard.java:888)
	at org.elasticsearch.index.shard.IndexShard.performTranslogRecovery(IndexShard.java:866)
	at org.elasticsearch.index.shard.StoreRecovery.internalRecoverFromStore(StoreRecovery.java:230)
	... 8 more
Caused by: [test][[test][0]] EngineException[failed to recover from translog]; nested: TranslogCorruptedException[translog corruption while reading from stream]; nested: TranslogCorruptedException[translog stream is corrupted, expected: 0xda484d4a, got: 0xbae587fc];
	at org.elasticsearch.index.engine.InternalEngine.recoverFromTranslog(InternalEngine.java:251)
	at org.elasticsearch.index.engine.InternalEngine.<init>(InternalEngine.java:172)
	... 15 more
Caused by: TranslogCorruptedException[translog corruption while reading from stream]; nested: TranslogCorruptedException[translog stream is corrupted, expected: 0xda484d4a, got: 0xbae587fc];
	at org.elasticsearch.index.translog.Translog.readOperation(Translog.java:1133)
	at org.elasticsearch.index.translog.BaseTranslogReader.read(BaseTranslogReader.java:114)
	at org.elasticsearch.index.translog.TranslogSnapshot.readOperation(TranslogSnapshot.java:70)
	at org.elasticsearch.index.translog.TranslogSnapshot.next(TranslogSnapshot.java:61)
	at org.elasticsearch.index.translog.MultiSnapshot.next(MultiSnapshot.java:53)
	at org.elasticsearch.index.engine.InternalEngine.recoverFromTranslog(InternalEngine.java:237)
	... 16 more
Caused by: TranslogCorruptedException[translog stream is corrupted, expected: 0xda484d4a, got: 0xbae587fc]
	at org.elasticsearch.index.translog.Translog.verifyChecksum(Translog.java:1091)
	at org.elasticsearch.index.translog.Translog.readOperation(Translog.java:1123)
	... 21 more
[2016-04-18 03:03:57,862][WARN ][org.elasticsearch.indices.cluster] [node_s0] [[test][0]] marking and sending shard failed due to [failed recovery]
[test][[test][0]] IndexShardRecoveryException[failed to recovery from gateway]; nested: EngineCreationFailureException[failed to recover from translog]; nested: EngineException[failed to recover from translog]; nested: TranslogCorruptedException[translog corruption while reading from stream]; nested: TranslogCorruptedException[translog stream is corrupted, expected: 0xda484d4a, got: 0xbae587fc];
	at org.elasticsearch.index.shard.StoreRecovery.internalRecoverFromStore(StoreRecovery.java:234)
	at org.elasticsearch.index.shard.StoreRecovery.lambda$recoverFromStore$189(StoreRecovery.java:77)
	at org.elasticsearch.index.shard.StoreRecovery.executeRecovery(StoreRecovery.java:122)
	at org.elasticsearch.index.shard.StoreRecovery.recoverFromStore(StoreRecovery.java:75)
	at org.elasticsearch.index.shard.IndexShard.recoverFromStore(IndexShard.java:1059)
	at org.elasticsearch.indices.cluster.IndicesClusterStateService.lambda$applyInitializingShard$195(IndicesClusterStateService.java:648)
	at java.util.concurrent.ThreadPoolExecutor.runWorker(ThreadPoolExecutor.java:1142)
	at java.util.concurrent.ThreadPoolExecutor$Worker.run(ThreadPoolExecutor.java:617)
	at java.lang.Thread.run(Thread.java:745)
Caused by: [test][[test][0]] EngineCreationFailureException[failed to recover from translog]; nested: EngineException[failed to recover from translog]; nested: TranslogCorruptedException[translog corruption while reading from stream]; nested: TranslogCorruptedException[translog stream is corrupted, expected: 0xda484d4a, got: 0xbae587fc];
	at org.elasticsearch.index.engine.InternalEngine.<init>(InternalEngine.java:175)
	at org.elasticsearch.test.engine.MockInternalEngine.<init>(MockInternalEngine.java:36)
	at org.elasticsearch.test.engine.MockEngineFactory.newReadWriteEngine(MockEngineFactory.java:36)
	at org.elasticsearch.index.shard.IndexShard.newEngine(IndexShard.java:1310)
	at org.elasticsearch.index.shard.IndexShard.createNewEngine(IndexShard.java:1305)
	at org.elasticsearch.index.shard.IndexShard.internalPerformTranslogRecovery(IndexShard.java:888)
	at org.elasticsearch.index.shard.IndexShard.performTranslogRecovery(IndexShard.java:866)
	at org.elasticsearch.index.shard.StoreRecovery.internalRecoverFromStore(StoreRecovery.java:230)
	... 8 more
Caused by: [test][[test][0]] EngineException[failed to recover from translog]; nested: TranslogCorruptedException[translog corruption while reading from stream]; nested: TranslogCorruptedException[translog stream is corrupted, expected: 0xda484d4a, got: 0xbae587fc];
	at org.elasticsearch.index.engine.InternalEngine.recoverFromTranslog(InternalEngine.java:251)
	at org.elasticsearch.index.engine.InternalEngine.<init>(InternalEngine.java:172)
	... 15 more
Caused by: TranslogCorruptedException[translog corruption while reading from stream]; nested: TranslogCorruptedException[translog stream is corrupted, expected: 0xda484d4a, got: 0xbae587fc];
	at org.elasticsearch.index.translog.Translog.readOperation(Translog.java:1133)
	at org.elasticsearch.index.translog.BaseTranslogReader.read(BaseTranslogReader.java:114)
	at org.elasticsearch.index.translog.TranslogSnapshot.readOperation(TranslogSnapshot.java:70)
	at org.elasticsearch.index.translog.TranslogSnapshot.next(TranslogSnapshot.java:61)
	at org.elasticsearch.index.translog.MultiSnapshot.next(MultiSnapshot.java:53)
	at org.elasticsearch.index.engine.InternalEngine.recoverFromTranslog(InternalEngine.java:237)
	... 16 more
Caused by: TranslogCorruptedException[translog stream is corrupted, expected: 0xda484d4a, got: 0xbae587fc]
	at org.elasticsearch.index.translog.Translog.verifyChecksum(Translog.java:1091)
	at org.elasticsearch.index.translog.Translog.readOperation(Translog.java:1123)
	... 21 more
[2016-04-18 03:03:57,863][WARN ][org.elasticsearch.cluster.action.shard] [node_s0] [test][0] received shard failed for [test][0], node[zh8EGFynRVuF0b25iuPgEA], [P], v[3], s[INITIALIZING], a[id=ZLmoUK3VQ3azdnamE-_Y6g], unassigned_info[[reason=ALLOCATION_FAILED], at[2016-04-18T07:03:57.853Z], details[failed recovery, failure IndexShardRecoveryException[failed to recovery from gateway]; nested: EngineCreationFailureException[failed to recover from translog]; nested: EngineException[failed to recover from translog]; nested: TranslogCorruptedException[translog corruption while reading from stream]; nested: TranslogCorruptedException[translog stream is corrupted, expected: 0xda484d4a, got: 0xbae587fc]; ]], indexUUID [jvViyj5qTFmJnQUMS7-e8g], message [failed recovery], failure [IndexShardRecoveryException[failed to recovery from gateway]; nested: EngineCreationFailureException[failed to recover from translog]; nested: EngineException[failed to recover from translog]; nested: TranslogCorruptedException[translog corruption while reading from stream]; nested: TranslogCorruptedException[translog stream is corrupted, expected: 0xda484d4a, got: 0xbae587fc]; ]
[test][[test][0]] IndexShardRecoveryException[failed to recovery from gateway]; nested: EngineCreationFailureException[failed to recover from translog]; nested: EngineException[failed to recover from translog]; nested: TranslogCorruptedException[translog corruption while reading from stream]; nested: TranslogCorruptedException[translog stream is corrupted, expected: 0xda484d4a, got: 0xbae587fc];
	at org.elasticsearch.index.shard.StoreRecovery.internalRecoverFromStore(StoreRecovery.java:234)
	at org.elasticsearch.index.shard.StoreRecovery.lambda$recoverFromStore$189(StoreRecovery.java:77)
	at org.elasticsearch.index.shard.StoreRecovery.executeRecovery(StoreRecovery.java:122)
	at org.elasticsearch.index.shard.StoreRecovery.recoverFromStore(StoreRecovery.java:75)
	at org.elasticsearch.index.shard.IndexShard.recoverFromStore(IndexShard.java:1059)
	at org.elasticsearch.indices.cluster.IndicesClusterStateService.lambda$applyInitializingShard$195(IndicesClusterStateService.java:648)
	at java.util.concurrent.ThreadPoolExecutor.runWorker(ThreadPoolExecutor.java:1142)
	at java.util.concurrent.ThreadPoolExecutor$Worker.run(ThreadPoolExecutor.java:617)
	at java.lang.Thread.run(Thread.java:745)
Caused by: [test][[test][0]] EngineCreationFailureException[failed to recover from translog]; nested: EngineException[failed to recover from translog]; nested: TranslogCorruptedException[translog corruption while reading from stream]; nested: TranslogCorruptedException[translog stream is corrupted, expected: 0xda484d4a, got: 0xbae587fc];
	at org.elasticsearch.index.engine.InternalEngine.<init>(InternalEngine.java:175)
	at org.elasticsearch.test.engine.MockInternalEngine.<init>(MockInternalEngine.java:36)
	at org.elasticsearch.test.engine.MockEngineFactory.newReadWriteEngine(MockEngineFactory.java:36)
	at org.elasticsearch.index.shard.IndexShard.newEngine(IndexShard.java:1310)
	at org.elasticsearch.index.shard.IndexShard.createNewEngine(IndexShard.java:1305)
	at org.elasticsearch.index.shard.IndexShard.internalPerformTranslogRecovery(IndexShard.java:888)
	at org.elasticsearch.index.shard.IndexShard.performTranslogRecovery(IndexShard.java:866)
	at org.elasticsearch.index.shard.StoreRecovery.internalRecoverFromStore(StoreRecovery.java:230)
	... 8 more
Caused by: [test][[test][0]] EngineException[failed to recover from translog]; nested: TranslogCorruptedException[translog corruption while reading from stream]; nested: TranslogCorruptedException[translog stream is corrupted, expected: 0xda484d4a, got: 0xbae587fc];
	at org.elasticsearch.index.engine.InternalEngine.recoverFromTranslog(InternalEngine.java:251)
	at org.elasticsearch.index.engine.InternalEngine.<init>(InternalEngine.java:172)
	... 15 more
Caused by: TranslogCorruptedException[translog corruption while reading from stream]; nested: TranslogCorruptedException[translog stream is corrupted, expected: 0xda484d4a, got: 0xbae587fc];
	at org.elasticsearch.index.translog.Translog.readOperation(Translog.java:1133)
	at org.elasticsearch.index.translog.BaseTranslogReader.read(BaseTranslogReader.java:114)
	at org.elasticsearch.index.translog.TranslogSnapshot.readOperation(TranslogSnapshot.java:70)
	at org.elasticsearch.index.translog.TranslogSnapshot.next(TranslogSnapshot.java:61)
	at org.elasticsearch.index.translog.MultiSnapshot.next(MultiSnapshot.java:53)
	at org.elasticsearch.index.engine.InternalEngine.recoverFromTranslog(InternalEngine.java:237)
	... 16 more
Caused by: TranslogCorruptedException[translog stream is corrupted, expected: 0xda484d4a, got: 0xbae587fc]
	at org.elasticsearch.index.translog.Translog.verifyChecksum(Translog.java:1091)
	at org.elasticsearch.index.translog.Translog.readOperation(Translog.java:1123)
	... 21 more
[2016-04-18 03:03:57,873][WARN ][org.elasticsearch.indices.cluster] [node_s0] [[test][0]] marking and sending shard failed due to [failed recovery]
[test][[test][0]] IndexShardRecoveryException[failed to recovery from gateway]; nested: EngineCreationFailureException[failed to recover from translog]; nested: EngineException[failed to recover from translog]; nested: TranslogCorruptedException[translog corruption while reading from stream]; nested: TranslogCorruptedException[translog stream is corrupted, expected: 0xda484d4a, got: 0xbae587fc];
	at org.elasticsearch.index.shard.StoreRecovery.internalRecoverFromStore(StoreRecovery.java:234)
	at org.elasticsearch.index.shard.StoreRecovery.lambda$recoverFromStore$189(StoreRecovery.java:77)
	at org.elasticsearch.index.shard.StoreRecovery.executeRecovery(StoreRecovery.java:122)
	at org.elasticsearch.index.shard.StoreRecovery.recoverFromStore(StoreRecovery.java:75)
	at org.elasticsearch.index.shard.IndexShard.recoverFromStore(IndexShard.java:1059)
	at org.elasticsearch.indices.cluster.IndicesClusterStateService.lambda$applyInitializingShard$195(IndicesClusterStateService.java:648)
	at java.util.concurrent.ThreadPoolExecutor.runWorker(ThreadPoolExecutor.java:1142)
	at java.util.concurrent.ThreadPoolExecutor$Worker.run(ThreadPoolExecutor.java:617)
	at java.lang.Thread.run(Thread.java:745)
Caused by: [test][[test][0]] EngineCreationFailureException[failed to recover from translog]; nested: EngineException[failed to recover from translog]; nested: TranslogCorruptedException[translog corruption while reading from stream]; nested: TranslogCorruptedException[translog stream is corrupted, expected: 0xda484d4a, got: 0xbae587fc];
	at org.elasticsearch.index.engine.InternalEngine.<init>(InternalEngine.java:175)
	at org.elasticsearch.test.engine.MockInternalEngine.<init>(MockInternalEngine.java:36)
	at org.elasticsearch.test.engine.MockEngineFactory.newReadWriteEngine(MockEngineFactory.java:36)
	at org.elasticsearch.index.shard.IndexShard.newEngine(IndexShard.java:1310)
	at org.elasticsearch.index.shard.IndexShard.createNewEngine(IndexShard.java:1305)
	at org.elasticsearch.index.shard.IndexShard.internalPerformTranslogRecovery(IndexShard.java:888)
	at org.elasticsearch.index.shard.IndexShard.performTranslogRecovery(IndexShard.java:866)
	at org.elasticsearch.index.shard.StoreRecovery.internalRecoverFromStore(StoreRecovery.java:230)
	... 8 more
Caused by: [test][[test][0]] EngineException[failed to recover from translog]; nested: TranslogCorruptedException[translog corruption while reading from stream]; nested: TranslogCorruptedException[translog stream is corrupted, expected: 0xda484d4a, got: 0xbae587fc];
	at org.elasticsearch.index.engine.InternalEngine.recoverFromTranslog(InternalEngine.java:251)
	at org.elasticsearch.index.engine.InternalEngine.<init>(InternalEngine.java:172)
	... 15 more
Caused by: TranslogCorruptedException[translog corruption while reading from stream]; nested: TranslogCorruptedException[translog stream is corrupted, expected: 0xda484d4a, got: 0xbae587fc];
	at org.elasticsearch.index.translog.Translog.readOperation(Translog.java:1133)
	at org.elasticsearch.index.translog.BaseTranslogReader.read(BaseTranslogReader.java:114)
	at org.elasticsearch.index.translog.TranslogSnapshot.readOperation(TranslogSnapshot.java:70)
	at org.elasticsearch.index.translog.TranslogSnapshot.next(TranslogSnapshot.java:61)
	at org.elasticsearch.index.translog.MultiSnapshot.next(MultiSnapshot.java:53)
	at org.elasticsearch.index.engine.InternalEngine.recoverFromTranslog(InternalEngine.java:237)
	... 16 more
Caused by: TranslogCorruptedException[translog stream is corrupted, expected: 0xda484d4a, got: 0xbae587fc]
	at org.elasticsearch.index.translog.Translog.verifyChecksum(Translog.java:1091)
	at org.elasticsearch.index.translog.Translog.readOperation(Translog.java:1123)
	... 21 more
[2016-04-18 03:03:57,873][WARN ][org.elasticsearch.cluster.action.shard] [node_s0] [test][0] received shard failed for [test][0], node[zh8EGFynRVuF0b25iuPgEA], [P], v[3], s[INITIALIZING], a[id=7UYFUq85SgKog7jM9CN1xA], unassigned_info[[reason=ALLOCATION_FAILED], at[2016-04-18T07:03:57.863Z], details[failed recovery, failure IndexShardRecoveryException[failed to recovery from gateway]; nested: EngineCreationFailureException[failed to recover from translog]; nested: EngineException[failed to recover from translog]; nested: TranslogCorruptedException[translog corruption while reading from stream]; nested: TranslogCorruptedException[translog stream is corrupted, expected: 0xda484d4a, got: 0xbae587fc]; ]], indexUUID [jvViyj5qTFmJnQUMS7-e8g], message [failed recovery], failure [IndexShardRecoveryException[failed to recovery from gateway]; nested: EngineCreationFailureException[failed to recover from translog]; nested: EngineException[failed to recover from translog]; nested: TranslogCorruptedException[translog corruption while reading from stream]; nested: TranslogCorruptedException[translog stream is corrupted, expected: 0xda484d4a, got: 0xbae587fc]; ]
[test][[test][0]] IndexShardRecoveryException[failed to recovery from gateway]; nested: EngineCreationFailureException[failed to recover from translog]; nested: EngineException[failed to recover from translog]; nested: TranslogCorruptedException[translog corruption while reading from stream]; nested: TranslogCorruptedException[translog stream is corrupted, expected: 0xda484d4a, got: 0xbae587fc];
	at org.elasticsearch.index.shard.StoreRecovery.internalRecoverFromStore(StoreRecovery.java:234)
	at org.elasticsearch.index.shard.StoreRecovery.lambda$recoverFromStore$189(StoreRecovery.java:77)
	at org.elasticsearch.index.shard.StoreRecovery.executeRecovery(StoreRecovery.java:122)
	at org.elasticsearch.index.shard.StoreRecovery.recoverFromStore(StoreRecovery.java:75)
	at org.elasticsearch.index.shard.IndexShard.recoverFromStore(IndexShard.java:1059)
	at org.elasticsearch.indices.cluster.IndicesClusterStateService.lambda$applyInitializingShard$195(IndicesClusterStateService.java:648)
	at java.util.concurrent.ThreadPoolExecutor.runWorker(ThreadPoolExecutor.java:1142)
	at java.util.concurrent.ThreadPoolExecutor$Worker.run(ThreadPoolExecutor.java:617)
	at java.lang.Thread.run(Thread.java:745)
Caused by: [test][[test][0]] EngineCreationFailureException[failed to recover from translog]; nested: EngineException[failed to recover from translog]; nested: TranslogCorruptedException[translog corruption while reading from stream]; nested: TranslogCorruptedException[translog stream is corrupted, expected: 0xda484d4a, got: 0xbae587fc];
	at org.elasticsearch.index.engine.InternalEngine.<init>(InternalEngine.java:175)
	at org.elasticsearch.test.engine.MockInternalEngine.<init>(MockInternalEngine.java:36)
	at org.elasticsearch.test.engine.MockEngineFactory.newReadWriteEngine(MockEngineFactory.java:36)
	at org.elasticsearch.index.shard.IndexShard.newEngine(IndexShard.java:1310)
	at org.elasticsearch.index.shard.IndexShard.createNewEngine(IndexShard.java:1305)
	at org.elasticsearch.index.shard.IndexShard.internalPerformTranslogRecovery(IndexShard.java:888)
	at org.elasticsearch.index.shard.IndexShard.performTranslogRecovery(IndexShard.java:866)
	at org.elasticsearch.index.shard.StoreRecovery.internalRecoverFromStore(StoreRecovery.java:230)
	... 8 more
Caused by: [test][[test][0]] EngineException[failed to recover from translog]; nested: TranslogCorruptedException[translog corruption while reading from stream]; nested: TranslogCorruptedException[translog stream is corrupted, expected: 0xda484d4a, got: 0xbae587fc];
	at org.elasticsearch.index.engine.InternalEngine.recoverFromTranslog(InternalEngine.java:251)
	at org.elasticsearch.index.engine.InternalEngine.<init>(InternalEngine.java:172)
	... 15 more
Caused by: TranslogCorruptedException[translog corruption while reading from stream]; nested: TranslogCorruptedException[translog stream is corrupted, expected: 0xda484d4a, got: 0xbae587fc];
	at org.elasticsearch.index.translog.Translog.readOperation(Translog.java:1133)
	at org.elasticsearch.index.translog.BaseTranslogReader.read(BaseTranslogReader.java:114)
	at org.elasticsearch.index.translog.TranslogSnapshot.readOperation(TranslogSnapshot.java:70)
	at org.elasticsearch.index.translog.TranslogSnapshot.next(TranslogSnapshot.java:61)
	at org.elasticsearch.index.translog.MultiSnapshot.next(MultiSnapshot.java:53)
	at org.elasticsearch.index.engine.InternalEngine.recoverFromTranslog(InternalEngine.java:237)
	... 16 more
Caused by: TranslogCorruptedException[translog stream is corrupted, expected: 0xda484d4a, got: 0xbae587fc]
	at org.elasticsearch.index.translog.Translog.verifyChecksum(Translog.java:1091)
	at org.elasticsearch.index.translog.Translog.readOperation(Translog.java:1123)
	... 21 more
[2016-04-18 03:03:57,884][WARN ][org.elasticsearch.indices.cluster] [node_s0] [[test][0]] marking and sending shard failed due to [failed recovery]
[test][[test][0]] IndexShardRecoveryException[failed to recovery from gateway]; nested: EngineCreationFailureException[failed to recover from translog]; nested: EngineException[failed to recover from translog]; nested: TranslogCorruptedException[translog corruption while reading from stream]; nested: TranslogCorruptedException[translog stream is corrupted, expected: 0xda484d4a, got: 0xbae587fc];
	at org.elasticsearch.index.shard.StoreRecovery.internalRecoverFromStore(StoreRecovery.java:234)
	at org.elasticsearch.index.shard.StoreRecovery.lambda$recoverFromStore$189(StoreRecovery.java:77)
	at org.elasticsearch.index.shard.StoreRecovery.executeRecovery(StoreRecovery.java:122)
	at org.elasticsearch.index.shard.StoreRecovery.recoverFromStore(StoreRecovery.java:75)
	at org.elasticsearch.index.shard.IndexShard.recoverFromStore(IndexShard.java:1059)
	at org.elasticsearch.indices.cluster.IndicesClusterStateService.lambda$applyInitializingShard$195(IndicesClusterStateService.java:648)
	at java.util.concurrent.ThreadPoolExecutor.runWorker(ThreadPoolExecutor.java:1142)
	at java.util.concurrent.ThreadPoolExecutor$Worker.run(ThreadPoolExecutor.java:617)
	at java.lang.Thread.run(Thread.java:745)
Caused by: [test][[test][0]] EngineCreationFailureException[failed to recover from translog]; nested: EngineException[failed to recover from translog]; nested: TranslogCorruptedException[translog corruption while reading from stream]; nested: TranslogCorruptedException[translog stream is corrupted, expected: 0xda484d4a, got: 0xbae587fc];
	at org.elasticsearch.index.engine.InternalEngine.<init>(InternalEngine.java:175)
	at org.elasticsearch.test.engine.MockInternalEngine.<init>(MockInternalEngine.java:36)
	at org.elasticsearch.test.engine.MockEngineFactory.newReadWriteEngine(MockEngineFactory.java:36)
	at org.elasticsearch.index.shard.IndexShard.newEngine(IndexShard.java:1310)
	at org.elasticsearch.index.shard.IndexShard.createNewEngine(IndexShard.java:1305)
	at org.elasticsearch.index.shard.IndexShard.internalPerformTranslogRecovery(IndexShard.java:888)
	at org.elasticsearch.index.shard.IndexShard.performTranslogRecovery(IndexShard.java:866)
	at org.elasticsearch.index.shard.StoreRecovery.internalRecoverFromStore(StoreRecovery.java:230)
	... 8 more
Caused by: [test][[test][0]] EngineException[failed to recover from translog]; nested: TranslogCorruptedException[translog corruption while reading from stream]; nested: TranslogCorruptedException[translog stream is corrupted, expected: 0xda484d4a, got: 0xbae587fc];
	at org.elasticsearch.index.engine.InternalEngine.recoverFromTranslog(InternalEngine.java:251)
	at org.elasticsearch.index.engine.InternalEngine.<init>(InternalEngine.java:172)
	... 15 more
Caused by: TranslogCorruptedException[translog corruption while reading from stream]; nested: TranslogCorruptedException[translog stream is corrupted, expected: 0xda484d4a, got: 0xbae587fc];
	at org.elasticsearch.index.translog.Translog.readOperation(Translog.java:1133)
	at org.elasticsearch.index.translog.BaseTranslogReader.read(BaseTranslogReader.java:114)
	at org.elasticsearch.index.translog.TranslogSnapshot.readOperation(TranslogSnapshot.java:70)
	at org.elasticsearch.index.translog.TranslogSnapshot.next(TranslogSnapshot.java:61)
	at org.elasticsearch.index.translog.MultiSnapshot.next(MultiSnapshot.java:53)
	at org.elasticsearch.index.engine.InternalEngine.recoverFromTranslog(InternalEngine.java:237)
	... 16 more
Caused by: TranslogCorruptedException[translog stream is corrupted, expected: 0xda484d4a, got: 0xbae587fc]
	at org.elasticsearch.index.translog.Translog.verifyChecksum(Translog.java:1091)
	at org.elasticsearch.index.translog.Translog.readOperation(Translog.java:1123)
	... 21 more
[2016-04-18 03:03:57,885][WARN ][org.elasticsearch.cluster.action.shard] [node_s0] [test][0] received shard failed for [test][0], node[zh8EGFynRVuF0b25iuPgEA], [P], v[3], s[INITIALIZING], a[id=iZxRzPOoSFyQV6U5FKSsIw], unassigned_info[[reason=ALLOCATION_FAILED], at[2016-04-18T07:03:57.874Z], details[failed recovery, failure IndexShardRecoveryException[failed to recovery from gateway]; nested: EngineCreationFailureException[failed to recover from translog]; nested: EngineException[failed to recover from translog]; nested: TranslogCorruptedException[translog corruption while reading from stream]; nested: TranslogCorruptedException[translog stream is corrupted, expected: 0xda484d4a, got: 0xbae587fc]; ]], indexUUID [jvViyj5qTFmJnQUMS7-e8g], message [failed recovery], failure [IndexShardRecoveryException[failed to recovery from gateway]; nested: EngineCreationFailureException[failed to recover from translog]; nested: EngineException[failed to recover from translog]; nested: TranslogCorruptedException[translog corruption while reading from stream]; nested: TranslogCorruptedException[translog stream is corrupted, expected: 0xda484d4a, got: 0xbae587fc]; ]
[test][[test][0]] IndexShardRecoveryException[failed to recovery from gateway]; nested: EngineCreationFailureException[failed to recover from translog]; nested: EngineException[failed to recover from translog]; nested: TranslogCorruptedException[translog corruption while reading from stream]; nested: TranslogCorruptedException[translog stream is corrupted, expected: 0xda484d4a, got: 0xbae587fc];
	at org.elasticsearch.index.shard.StoreRecovery.internalRecoverFromStore(StoreRecovery.java:234)
	at org.elasticsearch.index.shard.StoreRecovery.lambda$recoverFromStore$189(StoreRecovery.java:77)
	at org.elasticsearch.index.shard.StoreRecovery.executeRecovery(StoreRecovery.java:122)
	at org.elasticsearch.index.shard.StoreRecovery.recoverFromStore(StoreRecovery.java:75)
	at org.elasticsearch.index.shard.IndexShard.recoverFromStore(IndexShard.java:1059)
	at org.elasticsearch.indices.cluster.IndicesClusterStateService.lambda$applyInitializingShard$195(IndicesClusterStateService.java:648)
	at java.util.concurrent.ThreadPoolExecutor.runWorker(ThreadPoolExecutor.java:1142)
	at java.util.concurrent.ThreadPoolExecutor$Worker.run(ThreadPoolExecutor.java:617)
	at java.lang.Thread.run(Thread.java:745)
Caused by: [test][[test][0]] EngineCreationFailureException[failed to recover from translog]; nested: EngineException[failed to recover from translog]; nested: TranslogCorruptedException[translog corruption while reading from stream]; nested: TranslogCorruptedException[translog stream is corrupted, expected: 0xda484d4a, got: 0xbae587fc];
	at org.elasticsearch.index.engine.InternalEngine.<init>(InternalEngine.java:175)
	at org.elasticsearch.test.engine.MockInternalEngine.<init>(MockInternalEngine.java:36)
	at org.elasticsearch.test.engine.MockEngineFactory.newReadWriteEngine(MockEngineFactory.java:36)
	at org.elasticsearch.index.shard.IndexShard.newEngine(IndexShard.java:1310)
	at org.elasticsearch.index.shard.IndexShard.createNewEngine(IndexShard.java:1305)
	at org.elasticsearch.index.shard.IndexShard.internalPerformTranslogRecovery(IndexShard.java:888)
	at org.elasticsearch.index.shard.IndexShard.performTranslogRecovery(IndexShard.java:866)
	at org.elasticsearch.index.shard.StoreRecovery.internalRecoverFromStore(StoreRecovery.java:230)
	... 8 more
Caused by: [test][[test][0]] EngineException[failed to recover from translog]; nested: TranslogCorruptedException[translog corruption while reading from stream]; nested: TranslogCorruptedException[translog stream is corrupted, expected: 0xda484d4a, got: 0xbae587fc];
	at org.elasticsearch.index.engine.InternalEngine.recoverFromTranslog(InternalEngine.java:251)
	at org.elasticsearch.index.engine.InternalEngine.<init>(InternalEngine.java:172)
	... 15 more
Caused by: TranslogCorruptedException[translog corruption while reading from stream]; nested: TranslogCorruptedException[translog stream is corrupted, expected: 0xda484d4a, got: 0xbae587fc];
	at org.elasticsearch.index.translog.Translog.readOperation(Translog.java:1133)
	at org.elasticsearch.index.translog.BaseTranslogReader.read(BaseTranslogReader.java:114)
	at org.elasticsearch.index.translog.TranslogSnapshot.readOperation(TranslogSnapshot.java:70)
	at org.elasticsearch.index.translog.TranslogSnapshot.next(TranslogSnapshot.java:61)
	at org.elasticsearch.index.translog.MultiSnapshot.next(MultiSnapshot.java:53)
	at org.elasticsearch.index.engine.InternalEngine.recoverFromTranslog(InternalEngine.java:237)
	... 16 more
Caused by: TranslogCorruptedException[translog stream is corrupted, expected: 0xda484d4a, got: 0xbae587fc]
	at org.elasticsearch.index.translog.Translog.verifyChecksum(Translog.java:1091)
	at org.elasticsearch.index.translog.Translog.readOperation(Translog.java:1123)
	... 21 more
[2016-04-18 03:03:57,895][WARN ][org.elasticsearch.indices.cluster] [node_s0] [[test][0]] marking and sending shard failed due to [failed recovery]
[test][[test][0]] IndexShardRecoveryException[failed to recovery from gateway]; nested: EngineCreationFailureException[failed to recover from translog]; nested: EngineException[failed to recover from translog]; nested: TranslogCorruptedException[translog corruption while reading from stream]; nested: TranslogCorruptedException[translog stream is corrupted, expected: 0xda484d4a, got: 0xbae587fc];
	at org.elasticsearch.index.shard.StoreRecovery.internalRecoverFromStore(StoreRecovery.java:234)
	at org.elasticsearch.index.shard.StoreRecovery.lambda$recoverFromStore$189(StoreRecovery.java:77)
	at org.elasticsearch.index.shard.StoreRecovery.executeRecovery(StoreRecovery.java:122)
	at org.elasticsearch.index.shard.StoreRecovery.recoverFromStore(StoreRecovery.java:75)
	at org.elasticsearch.index.shard.IndexShard.recoverFromStore(IndexShard.java:1059)
	at org.elasticsearch.indices.cluster.IndicesClusterStateService.lambda$applyInitializingShard$195(IndicesClusterStateService.java:648)
	at java.util.concurrent.ThreadPoolExecutor.runWorker(ThreadPoolExecutor.java:1142)
	at java.util.concurrent.ThreadPoolExecutor$Worker.run(ThreadPoolExecutor.java:617)
	at java.lang.Thread.run(Thread.java:745)
Caused by: [test][[test][0]] EngineCreationFailureException[failed to recover from translog]; nested: EngineException[failed to recover from translog]; nested: TranslogCorruptedException[translog corruption while reading from stream]; nested: TranslogCorruptedException[translog stream is corrupted, expected: 0xda484d4a, got: 0xbae587fc];
	at org.elasticsearch.index.engine.InternalEngine.<init>(InternalEngine.java:175)
	at org.elasticsearch.test.engine.MockInternalEngine.<init>(MockInternalEngine.java:36)
	at org.elasticsearch.test.engine.MockEngineFactory.newReadWriteEngine(MockEngineFactory.java:36)
	at org.elasticsearch.index.shard.IndexShard.newEngine(IndexShard.java:1310)
	at org.elasticsearch.index.shard.IndexShard.createNewEngine(IndexShard.java:1305)
	at org.elasticsearch.index.shard.IndexShard.internalPerformTranslogRecovery(IndexShard.java:888)
	at org.elasticsearch.index.shard.IndexShard.performTranslogRecovery(IndexShard.java:866)
	at org.elasticsearch.index.shard.StoreRecovery.internalRecoverFromStore(StoreRecovery.java:230)
	... 8 more
Caused by: [test][[test][0]] EngineException[failed to recover from translog]; nested: TranslogCorruptedException[translog corruption while reading from stream]; nested: TranslogCorruptedException[translog stream is corrupted, expected: 0xda484d4a, got: 0xbae587fc];
	at org.elasticsearch.index.engine.InternalEngine.recoverFromTranslog(InternalEngine.java:251)
	at org.elasticsearch.index.engine.InternalEngine.<init>(InternalEngine.java:172)
	... 15 more
Caused by: TranslogCorruptedException[translog corruption while reading from stream]; nested: TranslogCorruptedException[translog stream is corrupted, expected: 0xda484d4a, got: 0xbae587fc];
	at org.elasticsearch.index.translog.Translog.readOperation(Translog.java:1133)
	at org.elasticsearch.index.translog.BaseTranslogReader.read(BaseTranslogReader.java:114)
	at org.elasticsearch.index.translog.TranslogSnapshot.readOperation(TranslogSnapshot.java:70)
	at org.elasticsearch.index.translog.TranslogSnapshot.next(TranslogSnapshot.java:61)
	at org.elasticsearch.index.translog.MultiSnapshot.next(MultiSnapshot.java:53)
	at org.elasticsearch.index.engine.InternalEngine.recoverFromTranslog(InternalEngine.java:237)
	... 16 more
Caused by: TranslogCorruptedException[translog stream is corrupted, expected: 0xda484d4a, got: 0xbae587fc]
	at org.elasticsearch.index.translog.Translog.verifyChecksum(Translog.java:1091)
	at org.elasticsearch.index.translog.Translog.readOperation(Translog.java:1123)
	... 21 more
[2016-04-18 03:03:57,896][WARN ][org.elasticsearch.cluster.action.shard] [node_s0] [test][0] received shard failed for [test][0], node[zh8EGFynRVuF0b25iuPgEA], [P], v[3], s[INITIALIZING], a[id=1P-fg9uRRp6TvA_sQ9AbjA], unassigned_info[[reason=ALLOCATION_FAILED], at[2016-04-18T07:03:57.886Z], details[failed recovery, failure IndexShardRecoveryException[failed to recovery from gateway]; nested: EngineCreationFailureException[failed to recover from translog]; nested: EngineException[failed to recover from translog]; nested: TranslogCorruptedException[translog corruption while reading from stream]; nested: TranslogCorruptedException[translog stream is corrupted, expected: 0xda484d4a, got: 0xbae587fc]; ]], indexUUID [jvViyj5qTFmJnQUMS7-e8g], message [failed recovery], failure [IndexShardRecoveryException[failed to recovery from gateway]; nested: EngineCreationFailureException[failed to recover from translog]; nested: EngineException[failed to recover from translog]; nested: TranslogCorruptedException[translog corruption while reading from stream]; nested: TranslogCorruptedException[translog stream is corrupted, expected: 0xda484d4a, got: 0xbae587fc]; ]
[test][[test][0]] IndexShardRecoveryException[failed to recovery from gateway]; nested: EngineCreationFailureException[failed to recover from translog]; nested: EngineException[failed to recover from translog]; nested: TranslogCorruptedException[translog corruption while reading from stream]; nested: TranslogCorruptedException[translog stream is corrupted, expected: 0xda484d4a, got: 0xbae587fc];
	at org.elasticsearch.index.shard.StoreRecovery.internalRecoverFromStore(StoreRecovery.java:234)
	at org.elasticsearch.index.shard.StoreRecovery.lambda$recoverFromStore$189(StoreRecovery.java:77)
	at org.elasticsearch.index.shard.StoreRecovery.executeRecovery(StoreRecovery.java:122)
	at org.elasticsearch.index.shard.StoreRecovery.recoverFromStore(StoreRecovery.java:75)
	at org.elasticsearch.index.shard.IndexShard.recoverFromStore(IndexShard.java:1059)
	at org.elasticsearch.indices.cluster.IndicesClusterStateService.lambda$applyInitializingShard$195(IndicesClusterStateService.java:648)
	at java.util.concurrent.ThreadPoolExecutor.runWorker(ThreadPoolExecutor.java:1142)
	at java.util.concurrent.ThreadPoolExecutor$Worker.run(ThreadPoolExecutor.java:617)
	at java.lang.Thread.run(Thread.java:745)
Caused by: [test][[test][0]] EngineCreationFailureException[failed to recover from translog]; nested: EngineException[failed to recover from translog]; nested: TranslogCorruptedException[translog corruption while reading from stream]; nested: TranslogCorruptedException[translog stream is corrupted, expected: 0xda484d4a, got: 0xbae587fc];
	at org.elasticsearch.index.engine.InternalEngine.<init>(InternalEngine.java:175)
	at org.elasticsearch.test.engine.MockInternalEngine.<init>(MockInternalEngine.java:36)
	at org.elasticsearch.test.engine.MockEngineFactory.newReadWriteEngine(MockEngineFactory.java:36)
	at org.elasticsearch.index.shard.IndexShard.newEngine(IndexShard.java:1310)
	at org.elasticsearch.index.shard.IndexShard.createNewEngine(IndexShard.java:1305)
	at org.elasticsearch.index.shard.IndexShard.internalPerformTranslogRecovery(IndexShard.java:888)
	at org.elasticsearch.index.shard.IndexShard.performTranslogRecovery(IndexShard.java:866)
	at org.elasticsearch.index.shard.StoreRecovery.internalRecoverFromStore(StoreRecovery.java:230)
	... 8 more
Caused by: [test][[test][0]] EngineException[failed to recover from translog]; nested: TranslogCorruptedException[translog corruption while reading from stream]; nested: TranslogCorruptedException[translog stream is corrupted, expected: 0xda484d4a, got: 0xbae587fc];
	at org.elasticsearch.index.engine.InternalEngine.recoverFromTranslog(InternalEngine.java:251)
	at org.elasticsearch.index.engine.InternalEngine.<init>(InternalEngine.java:172)
	... 15 more
Caused by: TranslogCorruptedException[translog corruption while reading from stream]; nested: TranslogCorruptedException[translog stream is corrupted, expected: 0xda484d4a, got: 0xbae587fc];
	at org.elasticsearch.index.translog.Translog.readOperation(Translog.java:1133)
	at org.elasticsearch.index.translog.BaseTranslogReader.read(BaseTranslogReader.java:114)
	at org.elasticsearch.index.translog.TranslogSnapshot.readOperation(TranslogSnapshot.java:70)
	at org.elasticsearch.index.translog.TranslogSnapshot.next(TranslogSnapshot.java:61)
	at org.elasticsearch.index.translog.MultiSnapshot.next(MultiSnapshot.java:53)
	at org.elasticsearch.index.engine.InternalEngine.recoverFromTranslog(InternalEngine.java:237)
	... 16 more
Caused by: TranslogCorruptedException[translog stream is corrupted, expected: 0xda484d4a, got: 0xbae587fc]
	at org.elasticsearch.index.translog.Translog.verifyChecksum(Translog.java:1091)
	at org.elasticsearch.index.translog.Translog.readOperation(Translog.java:1123)
	... 21 more
[2016-04-18 03:03:57,906][WARN ][org.elasticsearch.indices.cluster] [node_s0] [[test][0]] marking and sending shard failed due to [failed recovery]
[test][[test][0]] IndexShardRecoveryException[failed to recovery from gateway]; nested: EngineCreationFailureException[failed to recover from translog]; nested: EngineException[failed to recover from translog]; nested: TranslogCorruptedException[translog corruption while reading from stream]; nested: TranslogCorruptedException[translog stream is corrupted, expected: 0xda484d4a, got: 0xbae587fc];
	at org.elasticsearch.index.shard.StoreRecovery.internalRecoverFromStore(StoreRecovery.java:234)
	at org.elasticsearch.index.shard.StoreRecovery.lambda$recoverFromStore$189(StoreRecovery.java:77)
	at org.elasticsearch.index.shard.StoreRecovery.executeRecovery(StoreRecovery.java:122)
	at org.elasticsearch.index.shard.StoreRecovery.recoverFromStore(StoreRecovery.java:75)
	at org.elasticsearch.index.shard.IndexShard.recoverFromStore(IndexShard.java:1059)
	at org.elasticsearch.indices.cluster.IndicesClusterStateService.lambda$applyInitializingShard$195(IndicesClusterStateService.java:648)
	at java.util.concurrent.ThreadPoolExecutor.runWorker(ThreadPoolExecutor.java:1142)
	at java.util.concurrent.ThreadPoolExecutor$Worker.run(ThreadPoolExecutor.java:617)
	at java.lang.Thread.run(Thread.java:745)
Caused by: [test][[test][0]] EngineCreationFailureException[failed to recover from translog]; nested: EngineException[failed to recover from translog]; nested: TranslogCorruptedException[translog corruption while reading from stream]; nested: TranslogCorruptedException[translog stream is corrupted, expected: 0xda484d4a, got: 0xbae587fc];
	at org.elasticsearch.index.engine.InternalEngine.<init>(InternalEngine.java:175)
	at org.elasticsearch.test.engine.MockInternalEngine.<init>(MockInternalEngine.java:36)
	at org.elasticsearch.test.engine.MockEngineFactory.newReadWriteEngine(MockEngineFactory.java:36)
	at org.elasticsearch.index.shard.IndexShard.newEngine(IndexShard.java:1310)
	at org.elasticsearch.index.shard.IndexShard.createNewEngine(IndexShard.java:1305)
	at org.elasticsearch.index.shard.IndexShard.internalPerformTranslogRecovery(IndexShard.java:888)
	at org.elasticsearch.index.shard.IndexShard.performTranslogRecovery(IndexShard.java:866)
	at org.elasticsearch.index.shard.StoreRecovery.internalRecoverFromStore(StoreRecovery.java:230)
	... 8 more
Caused by: [test][[test][0]] EngineException[failed to recover from translog]; nested: TranslogCorruptedException[translog corruption while reading from stream]; nested: TranslogCorruptedException[translog stream is corrupted, expected: 0xda484d4a, got: 0xbae587fc];
	at org.elasticsearch.index.engine.InternalEngine.recoverFromTranslog(InternalEngine.java:251)
	at org.elasticsearch.index.engine.InternalEngine.<init>(InternalEngine.java:172)
	... 15 more
Caused by: TranslogCorruptedException[translog corruption while reading from stream]; nested: TranslogCorruptedException[translog stream is corrupted, expected: 0xda484d4a, got: 0xbae587fc];
	at org.elasticsearch.index.translog.Translog.readOperation(Translog.java:1133)
	at org.elasticsearch.index.translog.BaseTranslogReader.read(BaseTranslogReader.java:114)
	at org.elasticsearch.index.translog.TranslogSnapshot.readOperation(TranslogSnapshot.java:70)
	at org.elasticsearch.index.translog.TranslogSnapshot.next(TranslogSnapshot.java:61)
	at org.elasticsearch.index.translog.MultiSnapshot.next(MultiSnapshot.java:53)
	at org.elasticsearch.index.engine.InternalEngine.recoverFromTranslog(InternalEngine.java:237)
	... 16 more
Caused by: TranslogCorruptedException[translog stream is corrupted, expected: 0xda484d4a, got: 0xbae587fc]
	at org.elasticsearch.index.translog.Translog.verifyChecksum(Translog.java:1091)
	at org.elasticsearch.index.translog.Translog.readOperation(Translog.java:1123)
	... 21 more
[2016-04-18 03:03:57,907][WARN ][org.elasticsearch.cluster.action.shard] [node_s0] [test][0] received shard failed for [test][0], node[zh8EGFynRVuF0b25iuPgEA], [P], v[3], s[INITIALIZING], a[id=Cr4NkK7zRMSLmoY3xOEJXQ], unassigned_info[[reason=ALLOCATION_FAILED], at[2016-04-18T07:03:57.896Z], details[failed recovery, failure IndexShardRecoveryException[failed to recovery from gateway]; nested: EngineCreationFailureException[failed to recover from translog]; nested: EngineException[failed to recover from translog]; nested: TranslogCorruptedException[translog corruption while reading from stream]; nested: TranslogCorruptedException[translog stream is corrupted, expected: 0xda484d4a, got: 0xbae587fc]; ]], indexUUID [jvViyj5qTFmJnQUMS7-e8g], message [failed recovery], failure [IndexShardRecoveryException[failed to recovery from gateway]; nested: EngineCreationFailureException[failed to recover from translog]; nested: EngineException[failed to recover from translog]; nested: TranslogCorruptedException[translog corruption while reading from stream]; nested: TranslogCorruptedException[translog stream is corrupted, expected: 0xda484d4a, got: 0xbae587fc]; ]
[test][[test][0]] IndexShardRecoveryException[failed to recovery from gateway]; nested: EngineCreationFailureException[failed to recover from translog]; nested: EngineException[failed to recover from translog]; nested: TranslogCorruptedException[translog corruption while reading from stream]; nested: TranslogCorruptedException[translog stream is corrupted, expected: 0xda484d4a, got: 0xbae587fc];
	at org.elasticsearch.index.shard.StoreRecovery.internalRecoverFromStore(StoreRecovery.java:234)
	at org.elasticsearch.index.shard.StoreRecovery.lambda$recoverFromStore$189(StoreRecovery.java:77)
	at org.elasticsearch.index.shard.StoreRecovery.executeRecovery(StoreRecovery.java:122)
	at org.elasticsearch.index.shard.StoreRecovery.recoverFromStore(StoreRecovery.java:75)
	at org.elasticsearch.index.shard.IndexShard.recoverFromStore(IndexShard.java:1059)
	at org.elasticsearch.indices.cluster.IndicesClusterStateService.lambda$applyInitializingShard$195(IndicesClusterStateService.java:648)
	at java.util.concurrent.ThreadPoolExecutor.runWorker(ThreadPoolExecutor.java:1142)
	at java.util.concurrent.ThreadPoolExecutor$Worker.run(ThreadPoolExecutor.java:617)
	at java.lang.Thread.run(Thread.java:745)
Caused by: [test][[test][0]] EngineCreationFailureException[failed to recover from translog]; nested: EngineException[failed to recover from translog]; nested: TranslogCorruptedException[translog corruption while reading from stream]; nested: TranslogCorruptedException[translog stream is corrupted, expected: 0xda484d4a, got: 0xbae587fc];
	at org.elasticsearch.index.engine.InternalEngine.<init>(InternalEngine.java:175)
	at org.elasticsearch.test.engine.MockInternalEngine.<init>(MockInternalEngine.java:36)
	at org.elasticsearch.test.engine.MockEngineFactory.newReadWriteEngine(MockEngineFactory.java:36)
	at org.elasticsearch.index.shard.IndexShard.newEngine(IndexShard.java:1310)
	at org.elasticsearch.index.shard.IndexShard.createNewEngine(IndexShard.java:1305)
	at org.elasticsearch.index.shard.IndexShard.internalPerformTranslogRecovery(IndexShard.java:888)
	at org.elasticsearch.index.shard.IndexShard.performTranslogRecovery(IndexShard.java:866)
	at org.elasticsearch.index.shard.StoreRecovery.internalRecoverFromStore(StoreRecovery.java:230)
	... 8 more
Caused by: [test][[test][0]] EngineException[failed to recover from translog]; nested: TranslogCorruptedException[translog corruption while reading from stream]; nested: TranslogCorruptedException[translog stream is corrupted, expected: 0xda484d4a, got: 0xbae587fc];
	at org.elasticsearch.index.engine.InternalEngine.recoverFromTranslog(InternalEngine.java:251)
	at org.elasticsearch.index.engine.InternalEngine.<init>(InternalEngine.java:172)
	... 15 more
Caused by: TranslogCorruptedException[translog corruption while reading from stream]; nested: TranslogCorruptedException[translog stream is corrupted, expected: 0xda484d4a, got: 0xbae587fc];
	at org.elasticsearch.index.translog.Translog.readOperation(Translog.java:1133)
	at org.elasticsearch.index.translog.BaseTranslogReader.read(BaseTranslogReader.java:114)
	at org.elasticsearch.index.translog.TranslogSnapshot.readOperation(TranslogSnapshot.java:70)
	at org.elasticsearch.index.translog.TranslogSnapshot.next(TranslogSnapshot.java:61)
	at org.elasticsearch.index.translog.MultiSnapshot.next(MultiSnapshot.java:53)
	at org.elasticsearch.index.engine.InternalEngine.recoverFromTranslog(InternalEngine.java:237)
	... 16 more
Caused by: TranslogCorruptedException[translog stream is corrupted, expected: 0xda484d4a, got: 0xbae587fc]
	at org.elasticsearch.index.translog.Translog.verifyChecksum(Translog.java:1091)
	at org.elasticsearch.index.translog.Translog.readOperation(Translog.java:1123)
	... 21 more
[2016-04-18 03:03:57,918][WARN ][org.elasticsearch.indices.cluster] [node_s0] [[test][0]] marking and sending shard failed due to [failed recovery]
[test][[test][0]] IndexShardRecoveryException[failed to recovery from gateway]; nested: EngineCreationFailureException[failed to recover from translog]; nested: EngineException[failed to recover from translog]; nested: TranslogCorruptedException[translog corruption while reading from stream]; nested: TranslogCorruptedException[translog stream is corrupted, expected: 0xda484d4a, got: 0xbae587fc];
	at org.elasticsearch.index.shard.StoreRecovery.internalRecoverFromStore(StoreRecovery.java:234)
	at org.elasticsearch.index.shard.StoreRecovery.lambda$recoverFromStore$189(StoreRecovery.java:77)
	at org.elasticsearch.index.shard.StoreRecovery.executeRecovery(StoreRecovery.java:122)
	at org.elasticsearch.index.shard.StoreRecovery.recoverFromStore(StoreRecovery.java:75)
	at org.elasticsearch.index.shard.IndexShard.recoverFromStore(IndexShard.java:1059)
	at org.elasticsearch.indices.cluster.IndicesClusterStateService.lambda$applyInitializingShard$195(IndicesClusterStateService.java:648)
	at java.util.concurrent.ThreadPoolExecutor.runWorker(ThreadPoolExecutor.java:1142)
	at java.util.concurrent.ThreadPoolExecutor$Worker.run(ThreadPoolExecutor.java:617)
	at java.lang.Thread.run(Thread.java:745)
Caused by: [test][[test][0]] EngineCreationFailureException[failed to recover from translog]; nested: EngineException[failed to recover from translog]; nested: TranslogCorruptedException[translog corruption while reading from stream]; nested: TranslogCorruptedException[translog stream is corrupted, expected: 0xda484d4a, got: 0xbae587fc];
	at org.elasticsearch.index.engine.InternalEngine.<init>(InternalEngine.java:175)
	at org.elasticsearch.test.engine.MockInternalEngine.<init>(MockInternalEngine.java:36)
	at org.elasticsearch.test.engine.MockEngineFactory.newReadWriteEngine(MockEngineFactory.java:36)
	at org.elasticsearch.index.shard.IndexShard.newEngine(IndexShard.java:1310)
	at org.elasticsearch.index.shard.IndexShard.createNewEngine(IndexShard.java:1305)
	at org.elasticsearch.index.shard.IndexShard.internalPerformTranslogRecovery(IndexShard.java:888)
	at org.elasticsearch.index.shard.IndexShard.performTranslogRecovery(IndexShard.java:866)
	at org.elasticsearch.index.shard.StoreRecovery.internalRecoverFromStore(StoreRecovery.java:230)
	... 8 more
Caused by: [test][[test][0]] EngineException[failed to recover from translog]; nested: TranslogCorruptedException[translog corruption while reading from stream]; nested: TranslogCorruptedException[translog stream is corrupted, expected: 0xda484d4a, got: 0xbae587fc];
	at org.elasticsearch.index.engine.InternalEngine.recoverFromTranslog(InternalEngine.java:251)
	at org.elasticsearch.index.engine.InternalEngine.<init>(InternalEngine.java:172)
	... 15 more
Caused by: TranslogCorruptedException[translog corruption while reading from stream]; nested: TranslogCorruptedException[translog stream is corrupted, expected: 0xda484d4a, got: 0xbae587fc];
	at org.elasticsearch.index.translog.Translog.readOperation(Translog.java:1133)
	at org.elasticsearch.index.translog.BaseTranslogReader.read(BaseTranslogReader.java:114)
	at org.elasticsearch.index.translog.TranslogSnapshot.readOperation(TranslogSnapshot.java:70)
	at org.elasticsearch.index.translog.TranslogSnapshot.next(TranslogSnapshot.java:61)
	at org.elasticsearch.index.translog.MultiSnapshot.next(MultiSnapshot.java:53)
	at org.elasticsearch.index.engine.InternalEngine.recoverFromTranslog(InternalEngine.java:237)
	... 16 more
Caused by: TranslogCorruptedException[translog stream is corrupted, expected: 0xda484d4a, got: 0xbae587fc]
	at org.elasticsearch.index.translog.Translog.verifyChecksum(Translog.java:1091)
	at org.elasticsearch.index.translog.Translog.readOperation(Translog.java:1123)
	... 21 more
[2016-04-18 03:03:57,919][WARN ][org.elasticsearch.cluster.action.shard] [node_s0] [test][0] received shard failed for [test][0], node[zh8EGFynRVuF0b25iuPgEA], [P], v[3], s[INITIALIZING], a[id=1IBAqkj9TgakTOaEyHGLiQ], unassigned_info[[reason=ALLOCATION_FAILED], at[2016-04-18T07:03:57.907Z], details[failed recovery, failure IndexShardRecoveryException[failed to recovery from gateway]; nested: EngineCreationFailureException[failed to recover from translog]; nested: EngineException[failed to recover from translog]; nested: TranslogCorruptedException[translog corruption while reading from stream]; nested: TranslogCorruptedException[translog stream is corrupted, expected: 0xda484d4a, got: 0xbae587fc]; ]], indexUUID [jvViyj5qTFmJnQUMS7-e8g], message [failed recovery], failure [IndexShardRecoveryException[failed to recovery from gateway]; nested: EngineCreationFailureException[failed to recover from translog]; nested: EngineException[failed to recover from translog]; nested: TranslogCorruptedException[translog corruption while reading from stream]; nested: TranslogCorruptedException[translog stream is corrupted, expected: 0xda484d4a, got: 0xbae587fc]; ]
[test][[test][0]] IndexShardRecoveryException[failed to recovery from gateway]; nested: EngineCreationFailureException[failed to recover from translog]; nested: EngineException[failed to recover from translog]; nested: TranslogCorruptedException[translog corruption while reading from stream]; nested: TranslogCorruptedException[translog stream is corrupted, expected: 0xda484d4a, got: 0xbae587fc];
	at org.elasticsearch.index.shard.StoreRecovery.internalRecoverFromStore(StoreRecovery.java:234)
	at org.elasticsearch.index.shard.StoreRecovery.lambda$recoverFromStore$189(StoreRecovery.java:77)
	at org.elasticsearch.index.shard.StoreRecovery.executeRecovery(StoreRecovery.java:122)
	at org.elasticsearch.index.shard.StoreRecovery.recoverFromStore(StoreRecovery.java:75)
	at org.elasticsearch.index.shard.IndexShard.recoverFromStore(IndexShard.java:1059)
	at org.elasticsearch.indices.cluster.IndicesClusterStateService.lambda$applyInitializingShard$195(IndicesClusterStateService.java:648)
	at java.util.concurrent.ThreadPoolExecutor.runWorker(ThreadPoolExecutor.java:1142)
	at java.util.concurrent.ThreadPoolExecutor$Worker.run(ThreadPoolExecutor.java:617)
	at java.lang.Thread.run(Thread.java:745)
Caused by: [test][[test][0]] EngineCreationFailureException[failed to recover from translog]; nested: EngineException[failed to recover from translog]; nested: TranslogCorruptedException[translog corruption while reading from stream]; nested: TranslogCorruptedException[translog stream is corrupted, expected: 0xda484d4a, got: 0xbae587fc];
	at org.elasticsearch.index.engine.InternalEngine.<init>(InternalEngine.java:175)
	at org.elasticsearch.test.engine.MockInternalEngine.<init>(MockInternalEngine.java:36)
	at org.elasticsearch.test.engine.MockEngineFactory.newReadWriteEngine(MockEngineFactory.java:36)
	at org.elasticsearch.index.shard.IndexShard.newEngine(IndexShard.java:1310)
	at org.elasticsearch.index.shard.IndexShard.createNewEngine(IndexShard.java:1305)
	at org.elasticsearch.index.shard.IndexShard.internalPerformTranslogRecovery(IndexShard.java:888)
	at org.elasticsearch.index.shard.IndexShard.performTranslogRecovery(IndexShard.java:866)
	at org.elasticsearch.index.shard.StoreRecovery.internalRecoverFromStore(StoreRecovery.java:230)
	... 8 more
Caused by: [test][[test][0]] EngineException[failed to recover from translog]; nested: TranslogCorruptedException[translog corruption while reading from stream]; nested: TranslogCorruptedException[translog stream is corrupted, expected: 0xda484d4a, got: 0xbae587fc];
	at org.elasticsearch.index.engine.InternalEngine.recoverFromTranslog(InternalEngine.java:251)
	at org.elasticsearch.index.engine.InternalEngine.<init>(InternalEngine.java:172)
	... 15 more
Caused by: TranslogCorruptedException[translog corruption while reading from stream]; nested: TranslogCorruptedException[translog stream is corrupted, expected: 0xda484d4a, got: 0xbae587fc];
	at org.elasticsearch.index.translog.Translog.readOperation(Translog.java:1133)
	at org.elasticsearch.index.translog.BaseTranslogReader.read(BaseTranslogReader.java:114)
	at org.elasticsearch.index.translog.TranslogSnapshot.readOperation(TranslogSnapshot.java:70)
	at org.elasticsearch.index.translog.TranslogSnapshot.next(TranslogSnapshot.java:61)
	at org.elasticsearch.index.translog.MultiSnapshot.next(MultiSnapshot.java:53)
	at org.elasticsearch.index.engine.InternalEngine.recoverFromTranslog(InternalEngine.java:237)
	... 16 more
Caused by: TranslogCorruptedException[translog stream is corrupted, expected: 0xda484d4a, got: 0xbae587fc]
	at org.elasticsearch.index.translog.Translog.verifyChecksum(Translog.java:1091)
	at org.elasticsearch.index.translog.Translog.readOperation(Translog.java:1123)
	... 21 more
[2016-04-18 03:03:57,931][WARN ][org.elasticsearch.indices.cluster] [node_s0] [[test][0]] marking and sending shard failed due to [failed recovery]
[test][[test][0]] IndexShardRecoveryException[failed to recovery from gateway]; nested: EngineCreationFailureException[failed to recover from translog]; nested: EngineException[failed to recover from translog]; nested: TranslogCorruptedException[translog corruption while reading from stream]; nested: TranslogCorruptedException[translog stream is corrupted, expected: 0xda484d4a, got: 0xbae587fc];
	at org.elasticsearch.index.shard.StoreRecovery.internalRecoverFromStore(StoreRecovery.java:234)
	at org.elasticsearch.index.shard.StoreRecovery.lambda$recoverFromStore$189(StoreRecovery.java:77)
	at org.elasticsearch.index.shard.StoreRecovery.executeRecovery(StoreRecovery.java:122)
	at org.elasticsearch.index.shard.StoreRecovery.recoverFromStore(StoreRecovery.java:75)
	at org.elasticsearch.index.shard.IndexShard.recoverFromStore(IndexShard.java:1059)
	at org.elasticsearch.indices.cluster.IndicesClusterStateService.lambda$applyInitializingShard$195(IndicesClusterStateService.java:648)
	at java.util.concurrent.ThreadPoolExecutor.runWorker(ThreadPoolExecutor.java:1142)
	at java.util.concurrent.ThreadPoolExecutor$Worker.run(ThreadPoolExecutor.java:617)
	at java.lang.Thread.run(Thread.java:745)
Caused by: [test][[test][0]] EngineCreationFailureException[failed to recover from translog]; nested: EngineException[failed to recover from translog]; nested: TranslogCorruptedException[translog corruption while reading from stream]; nested: TranslogCorruptedException[translog stream is corrupted, expected: 0xda484d4a, got: 0xbae587fc];
	at org.elasticsearch.index.engine.InternalEngine.<init>(InternalEngine.java:175)
	at org.elasticsearch.test.engine.MockInternalEngine.<init>(MockInternalEngine.java:36)
	at org.elasticsearch.test.engine.MockEngineFactory.newReadWriteEngine(MockEngineFactory.java:36)
	at org.elasticsearch.index.shard.IndexShard.newEngine(IndexShard.java:1310)
	at org.elasticsearch.index.shard.IndexShard.createNewEngine(IndexShard.java:1305)
	at org.elasticsearch.index.shard.IndexShard.internalPerformTranslogRecovery(IndexShard.java:888)
	at org.elasticsearch.index.shard.IndexShard.performTranslogRecovery(IndexShard.java:866)
	at org.elasticsearch.index.shard.StoreRecovery.internalRecoverFromStore(StoreRecovery.java:230)
	... 8 more
Caused by: [test][[test][0]] EngineException[failed to recover from translog]; nested: TranslogCorruptedException[translog corruption while reading from stream]; nested: TranslogCorruptedException[translog stream is corrupted, expected: 0xda484d4a, got: 0xbae587fc];
	at org.elasticsearch.index.engine.InternalEngine.recoverFromTranslog(InternalEngine.java:251)
	at org.elasticsearch.index.engine.InternalEngine.<init>(InternalEngine.java:172)
	... 15 more
Caused by: TranslogCorruptedException[translog corruption while reading from stream]; nested: TranslogCorruptedException[translog stream is corrupted, expected: 0xda484d4a, got: 0xbae587fc];
	at org.elasticsearch.index.translog.Translog.readOperation(Translog.java:1133)
	at org.elasticsearch.index.translog.BaseTranslogReader.read(BaseTranslogReader.java:114)
	at org.elasticsearch.index.translog.TranslogSnapshot.readOperation(TranslogSnapshot.java:70)
	at org.elasticsearch.index.translog.TranslogSnapshot.next(TranslogSnapshot.java:61)
	at org.elasticsearch.index.translog.MultiSnapshot.next(MultiSnapshot.java:53)
	at org.elasticsearch.index.engine.InternalEngine.recoverFromTranslog(InternalEngine.java:237)
	... 16 more
Caused by: TranslogCorruptedException[translog stream is corrupted, expected: 0xda484d4a, got: 0xbae587fc]
	at org.elasticsearch.index.translog.Translog.verifyChecksum(Translog.java:1091)
	at org.elasticsearch.index.translog.Translog.readOperation(Translog.java:1123)
	... 21 more
[2016-04-18 03:03:57,931][WARN ][org.elasticsearch.cluster.action.shard] [node_s0] [test][0] received shard failed for [test][0], node[zh8EGFynRVuF0b25iuPgEA], [P], v[3], s[INITIALIZING], a[id=xog1Yda2SL6Yp27kCVJduw], unassigned_info[[reason=ALLOCATION_FAILED], at[2016-04-18T07:03:57.919Z], details[failed recovery, failure IndexShardRecoveryException[failed to recovery from gateway]; nested: EngineCreationFailureException[failed to recover from translog]; nested: EngineException[failed to recover from translog]; nested: TranslogCorruptedException[translog corruption while reading from stream]; nested: TranslogCorruptedException[translog stream is corrupted, expected: 0xda484d4a, got: 0xbae587fc]; ]], indexUUID [jvViyj5qTFmJnQUMS7-e8g], message [failed recovery], failure [IndexShardRecoveryException[failed to recovery from gateway]; nested: EngineCreationFailureException[failed to recover from translog]; nested: EngineException[failed to recover from translog]; nested: TranslogCorruptedException[translog corruption while reading from stream]; nested: TranslogCorruptedException[translog stream is corrupted, expected: 0xda484d4a, got: 0xbae587fc]; ]
[test][[test][0]] IndexShardRecoveryException[failed to recovery from gateway]; nested: EngineCreationFailureException[failed to recover from translog]; nested: EngineException[failed to recover from translog]; nested: TranslogCorruptedException[translog corruption while reading from stream]; nested: TranslogCorruptedException[translog stream is corrupted, expected: 0xda484d4a, got: 0xbae587fc];
	at org.elasticsearch.index.shard.StoreRecovery.internalRecoverFromStore(StoreRecovery.java:234)
	at org.elasticsearch.index.shard.StoreRecovery.lambda$recoverFromStore$189(StoreRecovery.java:77)
	at org.elasticsearch.index.shard.StoreRecovery.executeRecovery(StoreRecovery.java:122)
	at org.elasticsearch.index.shard.StoreRecovery.recoverFromStore(StoreRecovery.java:75)
	at org.elasticsearch.index.shard.IndexShard.recoverFromStore(IndexShard.java:1059)
	at org.elasticsearch.indices.cluster.IndicesClusterStateService.lambda$applyInitializingShard$195(IndicesClusterStateService.java:648)
	at java.util.concurrent.ThreadPoolExecutor.runWorker(ThreadPoolExecutor.java:1142)
	at java.util.concurrent.ThreadPoolExecutor$Worker.run(ThreadPoolExecutor.java:617)
	at java.lang.Thread.run(Thread.java:745)
Caused by: [test][[test][0]] EngineCreationFailureException[failed to recover from translog]; nested: EngineException[failed to recover from translog]; nested: TranslogCorruptedException[translog corruption while reading from stream]; nested: TranslogCorruptedException[translog stream is corrupted, expected: 0xda484d4a, got: 0xbae587fc];
	at org.elasticsearch.index.engine.InternalEngine.<init>(InternalEngine.java:175)
	at org.elasticsearch.test.engine.MockInternalEngine.<init>(MockInternalEngine.java:36)
	at org.elasticsearch.test.engine.MockEngineFactory.newReadWriteEngine(MockEngineFactory.java:36)
	at org.elasticsearch.index.shard.IndexShard.newEngine(IndexShard.java:1310)
	at org.elasticsearch.index.shard.IndexShard.createNewEngine(IndexShard.java:1305)
	at org.elasticsearch.index.shard.IndexShard.internalPerformTranslogRecovery(IndexShard.java:888)
	at org.elasticsearch.index.shard.IndexShard.performTranslogRecovery(IndexShard.java:866)
	at org.elasticsearch.index.shard.StoreRecovery.internalRecoverFromStore(StoreRecovery.java:230)
	... 8 more
Caused by: [test][[test][0]] EngineException[failed to recover from translog]; nested: TranslogCorruptedException[translog corruption while reading from stream]; nested: TranslogCorruptedException[translog stream is corrupted, expected: 0xda484d4a, got: 0xbae587fc];
	at org.elasticsearch.index.engine.InternalEngine.recoverFromTranslog(InternalEngine.java:251)
	at org.elasticsearch.index.engine.InternalEngine.<init>(InternalEngine.java:172)
	... 15 more
Caused by: TranslogCorruptedException[translog corruption while reading from stream]; nested: TranslogCorruptedException[translog stream is corrupted, expected: 0xda484d4a, got: 0xbae587fc];
	at org.elasticsearch.index.translog.Translog.readOperation(Translog.java:1133)
	at org.elasticsearch.index.translog.BaseTranslogReader.read(BaseTranslogReader.java:114)
	at org.elasticsearch.index.translog.TranslogSnapshot.readOperation(TranslogSnapshot.java:70)
	at org.elasticsearch.index.translog.TranslogSnapshot.next(TranslogSnapshot.java:61)
	at org.elasticsearch.index.translog.MultiSnapshot.next(MultiSnapshot.java:53)
	at org.elasticsearch.index.engine.InternalEngine.recoverFromTranslog(InternalEngine.java:237)
	... 16 more
Caused by: TranslogCorruptedException[translog stream is corrupted, expected: 0xda484d4a, got: 0xbae587fc]
	at org.elasticsearch.index.translog.Translog.verifyChecksum(Translog.java:1091)
	at org.elasticsearch.index.translog.Translog.readOperation(Translog.java:1123)
	... 21 more
[2016-04-18 03:03:57,942][WARN ][org.elasticsearch.indices.cluster] [node_s0] [[test][0]] marking and sending shard failed due to [failed recovery]
[test][[test][0]] IndexShardRecoveryException[failed to recovery from gateway]; nested: EngineCreationFailureException[failed to recover from translog]; nested: EngineException[failed to recover from translog]; nested: TranslogCorruptedException[translog corruption while reading from stream]; nested: TranslogCorruptedException[translog stream is corrupted, expected: 0xda484d4a, got: 0xbae587fc];
	at org.elasticsearch.index.shard.StoreRecovery.internalRecoverFromStore(StoreRecovery.java:234)
	at org.elasticsearch.index.shard.StoreRecovery.lambda$recoverFromStore$189(StoreRecovery.java:77)
	at org.elasticsearch.index.shard.StoreRecovery.executeRecovery(StoreRecovery.java:122)
	at org.elasticsearch.index.shard.StoreRecovery.recoverFromStore(StoreRecovery.java:75)
	at org.elasticsearch.index.shard.IndexShard.recoverFromStore(IndexShard.java:1059)
	at org.elasticsearch.indices.cluster.IndicesClusterStateService.lambda$applyInitializingShard$195(IndicesClusterStateService.java:648)
	at java.util.concurrent.ThreadPoolExecutor.runWorker(ThreadPoolExecutor.java:1142)
	at java.util.concurrent.ThreadPoolExecutor$Worker.run(ThreadPoolExecutor.java:617)
	at java.lang.Thread.run(Thread.java:745)
Caused by: [test][[test][0]] EngineCreationFailureException[failed to recover from translog]; nested: EngineException[failed to recover from translog]; nested: TranslogCorruptedException[translog corruption while reading from stream]; nested: TranslogCorruptedException[translog stream is corrupted, expected: 0xda484d4a, got: 0xbae587fc];
	at org.elasticsearch.index.engine.InternalEngine.<init>(InternalEngine.java:175)
	at org.elasticsearch.test.engine.MockInternalEngine.<init>(MockInternalEngine.java:36)
	at org.elasticsearch.test.engine.MockEngineFactory.newReadWriteEngine(MockEngineFactory.java:36)
	at org.elasticsearch.index.shard.IndexShard.newEngine(IndexShard.java:1310)
	at org.elasticsearch.index.shard.IndexShard.createNewEngine(IndexShard.java:1305)
	at org.elasticsearch.index.shard.IndexShard.internalPerformTranslogRecovery(IndexShard.java:888)
	at org.elasticsearch.index.shard.IndexShard.performTranslogRecovery(IndexShard.java:866)
	at org.elasticsearch.index.shard.StoreRecovery.internalRecoverFromStore(StoreRecovery.java:230)
	... 8 more
Caused by: [test][[test][0]] EngineException[failed to recover from translog]; nested: TranslogCorruptedException[translog corruption while reading from stream]; nested: TranslogCorruptedException[translog stream is corrupted, expected: 0xda484d4a, got: 0xbae587fc];
	at org.elasticsearch.index.engine.InternalEngine.recoverFromTranslog(InternalEngine.java:251)
	at org.elasticsearch.index.engine.InternalEngine.<init>(InternalEngine.java:172)
	... 15 more
Caused by: TranslogCorruptedException[translog corruption while reading from stream]; nested: TranslogCorruptedException[translog stream is corrupted, expected: 0xda484d4a, got: 0xbae587fc];
	at org.elasticsearch.index.translog.Translog.readOperation(Translog.java:1133)
	at org.elasticsearch.index.translog.BaseTranslogReader.read(BaseTranslogReader.java:114)
	at org.elasticsearch.index.translog.TranslogSnapshot.readOperation(TranslogSnapshot.java:70)
	at org.elasticsearch.index.translog.TranslogSnapshot.next(TranslogSnapshot.java:61)
	at org.elasticsearch.index.translog.MultiSnapshot.next(MultiSnapshot.java:53)
	at org.elasticsearch.index.engine.InternalEngine.recoverFromTranslog(InternalEngine.java:237)
	... 16 more
Caused by: TranslogCorruptedException[translog stream is corrupted, expected: 0xda484d4a, got: 0xbae587fc]
	at org.elasticsearch.index.translog.Translog.verifyChecksum(Translog.java:1091)
	at org.elasticsearch.index.translog.Translog.readOperation(Translog.java:1123)
	... 21 more
[2016-04-18 03:03:57,942][WARN ][org.elasticsearch.cluster.action.shard] [node_s0] [test][0] received shard failed for [test][0], node[zh8EGFynRVuF0b25iuPgEA], [P], v[3], s[INITIALIZING], a[id=jAw46976Qe6pSQN1R0EOZw], unassigned_info[[reason=ALLOCATION_FAILED], at[2016-04-18T07:03:57.932Z], details[failed recovery, failure IndexShardRecoveryException[failed to recovery from gateway]; nested: EngineCreationFailureException[failed to recover from translog]; nested: EngineException[failed to recover from translog]; nested: TranslogCorruptedException[translog corruption while reading from stream]; nested: TranslogCorruptedException[translog stream is corrupted, expected: 0xda484d4a, got: 0xbae587fc]; ]], indexUUID [jvViyj5qTFmJnQUMS7-e8g], message [failed recovery], failure [IndexShardRecoveryException[failed to recovery from gateway]; nested: EngineCreationFailureException[failed to recover from translog]; nested: EngineException[failed to recover from translog]; nested: TranslogCorruptedException[translog corruption while reading from stream]; nested: TranslogCorruptedException[translog stream is corrupted, expected: 0xda484d4a, got: 0xbae587fc]; ]
[test][[test][0]] IndexShardRecoveryException[failed to recovery from gateway]; nested: EngineCreationFailureException[failed to recover from translog]; nested: EngineException[failed to recover from translog]; nested: TranslogCorruptedException[translog corruption while reading from stream]; nested: TranslogCorruptedException[translog stream is corrupted, expected: 0xda484d4a, got: 0xbae587fc];
	at org.elasticsearch.index.shard.StoreRecovery.internalRecoverFromStore(StoreRecovery.java:234)
	at org.elasticsearch.index.shard.StoreRecovery.lambda$recoverFromStore$189(StoreRecovery.java:77)
	at org.elasticsearch.index.shard.StoreRecovery.executeRecovery(StoreRecovery.java:122)
	at org.elasticsearch.index.shard.StoreRecovery.recoverFromStore(StoreRecovery.java:75)
	at org.elasticsearch.index.shard.IndexShard.recoverFromStore(IndexShard.java:1059)
	at org.elasticsearch.indices.cluster.IndicesClusterStateService.lambda$applyInitializingShard$195(IndicesClusterStateService.java:648)
	at java.util.concurrent.ThreadPoolExecutor.runWorker(ThreadPoolExecutor.java:1142)
	at java.util.concurrent.ThreadPoolExecutor$Worker.run(ThreadPoolExecutor.java:617)
	at java.lang.Thread.run(Thread.java:745)
Caused by: [test][[test][0]] EngineCreationFailureException[failed to recover from translog]; nested: EngineException[failed to recover from translog]; nested: TranslogCorruptedException[translog corruption while reading from stream]; nested: TranslogCorruptedException[translog stream is corrupted, expected: 0xda484d4a, got: 0xbae587fc];
	at org.elasticsearch.index.engine.InternalEngine.<init>(InternalEngine.java:175)
	at org.elasticsearch.test.engine.MockInternalEngine.<init>(MockInternalEngine.java:36)
	at org.elasticsearch.test.engine.MockEngineFactory.newReadWriteEngine(MockEngineFactory.java:36)
	at org.elasticsearch.index.shard.IndexShard.newEngine(IndexShard.java:1310)
	at org.elasticsearch.index.shard.IndexShard.createNewEngine(IndexShard.java:1305)
	at org.elasticsearch.index.shard.IndexShard.internalPerformTranslogRecovery(IndexShard.java:888)
	at org.elasticsearch.index.shard.IndexShard.performTranslogRecovery(IndexShard.java:866)
	at org.elasticsearch.index.shard.StoreRecovery.internalRecoverFromStore(StoreRecovery.java:230)
	... 8 more
Caused by: [test][[test][0]] EngineException[failed to recover from translog]; nested: TranslogCorruptedException[translog corruption while reading from stream]; nested: TranslogCorruptedException[translog stream is corrupted, expected: 0xda484d4a, got: 0xbae587fc];
	at org.elasticsearch.index.engine.InternalEngine.recoverFromTranslog(InternalEngine.java:251)
	at org.elasticsearch.index.engine.InternalEngine.<init>(InternalEngine.java:172)
	... 15 more
Caused by: TranslogCorruptedException[translog corruption while reading from stream]; nested: TranslogCorruptedException[translog stream is corrupted, expected: 0xda484d4a, got: 0xbae587fc];
	at org.elasticsearch.index.translog.Translog.readOperation(Translog.java:1133)
	at org.elasticsearch.index.translog.BaseTranslogReader.read(BaseTranslogReader.java:114)
	at org.elasticsearch.index.translog.TranslogSnapshot.readOperation(TranslogSnapshot.java:70)
	at org.elasticsearch.index.translog.TranslogSnapshot.next(TranslogSnapshot.java:61)
	at org.elasticsearch.index.translog.MultiSnapshot.next(MultiSnapshot.java:53)
	at org.elasticsearch.index.engine.InternalEngine.recoverFromTranslog(InternalEngine.java:237)
	... 16 more
Caused by: TranslogCorruptedException[translog stream is corrupted, expected: 0xda484d4a, got: 0xbae587fc]
	at org.elasticsearch.index.translog.Translog.verifyChecksum(Translog.java:1091)
	at org.elasticsearch.index.translog.Translog.readOperation(Translog.java:1123)
	... 21 more
[2016-04-18 03:03:57,952][WARN ][org.elasticsearch.indices.cluster] [node_s0] [[test][0]] marking and sending shard failed due to [failed recovery]
[test][[test][0]] IndexShardRecoveryException[failed to recovery from gateway]; nested: EngineCreationFailureException[failed to recover from translog]; nested: EngineException[failed to recover from translog]; nested: TranslogCorruptedException[translog corruption while reading from stream]; nested: TranslogCorruptedException[translog stream is corrupted, expected: 0xda484d4a, got: 0xbae587fc];
	at org.elasticsearch.index.shard.StoreRecovery.internalRecoverFromStore(StoreRecovery.java:234)
	at org.elasticsearch.index.shard.StoreRecovery.lambda$recoverFromStore$189(StoreRecovery.java:77)
	at org.elasticsearch.index.shard.StoreRecovery.executeRecovery(StoreRecovery.java:122)
	at org.elasticsearch.index.shard.StoreRecovery.recoverFromStore(StoreRecovery.java:75)
	at org.elasticsearch.index.shard.IndexShard.recoverFromStore(IndexShard.java:1059)
	at org.elasticsearch.indices.cluster.IndicesClusterStateService.lambda$applyInitializingShard$195(IndicesClusterStateService.java:648)
	at java.util.concurrent.ThreadPoolExecutor.runWorker(ThreadPoolExecutor.java:1142)
	at java.util.concurrent.ThreadPoolExecutor$Worker.run(ThreadPoolExecutor.java:617)
	at java.lang.Thread.run(Thread.java:745)
Caused by: [test][[test][0]] EngineCreationFailureException[failed to recover from translog]; nested: EngineException[failed to recover from translog]; nested: TranslogCorruptedException[translog corruption while reading from stream]; nested: TranslogCorruptedException[translog stream is corrupted, expected: 0xda484d4a, got: 0xbae587fc];
	at org.elasticsearch.index.engine.InternalEngine.<init>(InternalEngine.java:175)
	at org.elasticsearch.test.engine.MockInternalEngine.<init>(MockInternalEngine.java:36)
	at org.elasticsearch.test.engine.MockEngineFactory.newReadWriteEngine(MockEngineFactory.java:36)
	at org.elasticsearch.index.shard.IndexShard.newEngine(IndexShard.java:1310)
	at org.elasticsearch.index.shard.IndexShard.createNewEngine(IndexShard.java:1305)
	at org.elasticsearch.index.shard.IndexShard.internalPerformTranslogRecovery(IndexShard.java:888)
	at org.elasticsearch.index.shard.IndexShard.performTranslogRecovery(IndexShard.java:866)
	at org.elasticsearch.index.shard.StoreRecovery.internalRecoverFromStore(StoreRecovery.java:230)
	... 8 more
Caused by: [test][[test][0]] EngineException[failed to recover from translog]; nested: TranslogCorruptedException[translog corruption while reading from stream]; nested: TranslogCorruptedException[translog stream is corrupted, expected: 0xda484d4a, got: 0xbae587fc];
	at org.elasticsearch.index.engine.InternalEngine.recoverFromTranslog(InternalEngine.java:251)
	at org.elasticsearch.index.engine.InternalEngine.<init>(InternalEngine.java:172)
	... 15 more
Caused by: TranslogCorruptedException[translog corruption while reading from stream]; nested: TranslogCorruptedException[translog stream is corrupted, expected: 0xda484d4a, got: 0xbae587fc];
	at org.elasticsearch.index.translog.Translog.readOperation(Translog.java:1133)
	at org.elasticsearch.index.translog.BaseTranslogReader.read(BaseTranslogReader.java:114)
	at org.elasticsearch.index.translog.TranslogSnapshot.readOperation(TranslogSnapshot.java:70)
	at org.elasticsearch.index.translog.TranslogSnapshot.next(TranslogSnapshot.java:61)
	at org.elasticsearch.index.translog.MultiSnapshot.next(MultiSnapshot.java:53)
	at org.elasticsearch.index.engine.InternalEngine.recoverFromTranslog(InternalEngine.java:237)
	... 16 more
Caused by: TranslogCorruptedException[translog stream is corrupted, expected: 0xda484d4a, got: 0xbae587fc]
	at org.elasticsearch.index.translog.Translog.verifyChecksum(Translog.java:1091)
	at org.elasticsearch.index.translog.Translog.readOperation(Translog.java:1123)
	... 21 more
[2016-04-18 03:03:57,953][WARN ][org.elasticsearch.cluster.action.shard] [node_s0] [test][0] received shard failed for [test][0], node[zh8EGFynRVuF0b25iuPgEA], [P], v[3], s[INITIALIZING], a[id=JXxhmTjzT_qHz2MEDs0_qw], unassigned_info[[reason=ALLOCATION_FAILED], at[2016-04-18T07:03:57.942Z], details[failed recovery, failure IndexShardRecoveryException[failed to recovery from gateway]; nested: EngineCreationFailureException[failed to recover from translog]; nested: EngineException[failed to recover from translog]; nested: TranslogCorruptedException[translog corruption while reading from stream]; nested: TranslogCorruptedException[translog stream is corrupted, expected: 0xda484d4a, got: 0xbae587fc]; ]], indexUUID [jvViyj5qTFmJnQUMS7-e8g], message [failed recovery], failure [IndexShardRecoveryException[failed to recovery from gateway]; nested: EngineCreationFailureException[failed to recover from translog]; nested: EngineException[failed to recover from translog]; nested: TranslogCorruptedException[translog corruption while reading from stream]; nested: TranslogCorruptedException[translog stream is corrupted, expected: 0xda484d4a, got: 0xbae587fc]; ]
[test][[test][0]] IndexShardRecoveryException[failed to recovery from gateway]; nested: EngineCreationFailureException[failed to recover from translog]; nested: EngineException[failed to recover from translog]; nested: TranslogCorruptedException[translog corruption while reading from stream]; nested: TranslogCorruptedException[translog stream is corrupted, expected: 0xda484d4a, got: 0xbae587fc];
	at org.elasticsearch.index.shard.StoreRecovery.internalRecoverFromStore(StoreRecovery.java:234)
	at org.elasticsearch.index.shard.StoreRecovery.lambda$recoverFromStore$189(StoreRecovery.java:77)
	at org.elasticsearch.index.shard.StoreRecovery.executeRecovery(StoreRecovery.java:122)
	at org.elasticsearch.index.shard.StoreRecovery.recoverFromStore(StoreRecovery.java:75)
	at org.elasticsearch.index.shard.IndexShard.recoverFromStore(IndexShard.java:1059)
	at org.elasticsearch.indices.cluster.IndicesClusterStateService.lambda$applyInitializingShard$195(IndicesClusterStateService.java:648)
	at java.util.concurrent.ThreadPoolExecutor.runWorker(ThreadPoolExecutor.java:1142)
	at java.util.concurrent.ThreadPoolExecutor$Worker.run(ThreadPoolExecutor.java:617)
	at java.lang.Thread.run(Thread.java:745)
Caused by: [test][[test][0]] EngineCreationFailureException[failed to recover from translog]; nested: EngineException[failed to recover from translog]; nested: TranslogCorruptedException[translog corruption while reading from stream]; nested: TranslogCorruptedException[translog stream is corrupted, expected: 0xda484d4a, got: 0xbae587fc];
	at org.elasticsearch.index.engine.InternalEngine.<init>(InternalEngine.java:175)
	at org.elasticsearch.test.engine.MockInternalEngine.<init>(MockInternalEngine.java:36)
	at org.elasticsearch.test.engine.MockEngineFactory.newReadWriteEngine(MockEngineFactory.java:36)
	at org.elasticsearch.index.shard.IndexShard.newEngine(IndexShard.java:1310)
	at org.elasticsearch.index.shard.IndexShard.createNewEngine(IndexShard.java:1305)
	at org.elasticsearch.index.shard.IndexShard.internalPerformTranslogRecovery(IndexShard.java:888)
	at org.elasticsearch.index.shard.IndexShard.performTranslogRecovery(IndexShard.java:866)
	at org.elasticsearch.index.shard.StoreRecovery.internalRecoverFromStore(StoreRecovery.java:230)
	... 8 more
Caused by: [test][[test][0]] EngineException[failed to recover from translog]; nested: TranslogCorruptedException[translog corruption while reading from stream]; nested: TranslogCorruptedException[translog stream is corrupted, expected: 0xda484d4a, got: 0xbae587fc];
	at org.elasticsearch.index.engine.InternalEngine.recoverFromTranslog(InternalEngine.java:251)
	at org.elasticsearch.index.engine.InternalEngine.<init>(InternalEngine.java:172)
	... 15 more
Caused by: TranslogCorruptedException[translog corruption while reading from stream]; nested: TranslogCorruptedException[translog stream is corrupted, expected: 0xda484d4a, got: 0xbae587fc];
	at org.elasticsearch.index.translog.Translog.readOperation(Translog.java:1133)
	at org.elasticsearch.index.translog.BaseTranslogReader.read(BaseTranslogReader.java:114)
	at org.elasticsearch.index.translog.TranslogSnapshot.readOperation(TranslogSnapshot.java:70)
	at org.elasticsearch.index.translog.TranslogSnapshot.next(TranslogSnapshot.java:61)
	at org.elasticsearch.index.translog.MultiSnapshot.next(MultiSnapshot.java:53)
	at org.elasticsearch.index.engine.InternalEngine.recoverFromTranslog(InternalEngine.java:237)
	... 16 more
Caused by: TranslogCorruptedException[translog stream is corrupted, expected: 0xda484d4a, got: 0xbae587fc]
	at org.elasticsearch.index.translog.Translog.verifyChecksum(Translog.java:1091)
	at org.elasticsearch.index.translog.Translog.readOperation(Translog.java:1123)
	... 21 more
[2016-04-18 03:03:57,964][WARN ][org.elasticsearch.indices.cluster] [node_s0] [[test][0]] marking and sending shard failed due to [failed recovery]
[test][[test][0]] IndexShardRecoveryException[failed to recovery from gateway]; nested: EngineCreationFailureException[failed to recover from translog]; nested: EngineException[failed to recover from translog]; nested: TranslogCorruptedException[translog corruption while reading from stream]; nested: TranslogCorruptedException[translog stream is corrupted, expected: 0xda484d4a, got: 0xbae587fc];
	at org.elasticsearch.index.shard.StoreRecovery.internalRecoverFromStore(StoreRecovery.java:234)
	at org.elasticsearch.index.shard.StoreRecovery.lambda$recoverFromStore$189(StoreRecovery.java:77)
	at org.elasticsearch.index.shard.StoreRecovery.executeRecovery(StoreRecovery.java:122)
	at org.elasticsearch.index.shard.StoreRecovery.recoverFromStore(StoreRecovery.java:75)
	at org.elasticsearch.index.shard.IndexShard.recoverFromStore(IndexShard.java:1059)
	at org.elasticsearch.indices.cluster.IndicesClusterStateService.lambda$applyInitializingShard$195(IndicesClusterStateService.java:648)
	at java.util.concurrent.ThreadPoolExecutor.runWorker(ThreadPoolExecutor.java:1142)
	at java.util.concurrent.ThreadPoolExecutor$Worker.run(ThreadPoolExecutor.java:617)
	at java.lang.Thread.run(Thread.java:745)
Caused by: [test][[test][0]] EngineCreationFailureException[failed to recover from translog]; nested: EngineException[failed to recover from translog]; nested: TranslogCorruptedException[translog corruption while reading from stream]; nested: TranslogCorruptedException[translog stream is corrupted, expected: 0xda484d4a, got: 0xbae587fc];
	at org.elasticsearch.index.engine.InternalEngine.<init>(InternalEngine.java:175)
	at org.elasticsearch.test.engine.MockInternalEngine.<init>(MockInternalEngine.java:36)
	at org.elasticsearch.test.engine.MockEngineFactory.newReadWriteEngine(MockEngineFactory.java:36)
	at org.elasticsearch.index.shard.IndexShard.newEngine(IndexShard.java:1310)
	at org.elasticsearch.index.shard.IndexShard.createNewEngine(IndexShard.java:1305)
	at org.elasticsearch.index.shard.IndexShard.internalPerformTranslogRecovery(IndexShard.java:888)
	at org.elasticsearch.index.shard.IndexShard.performTranslogRecovery(IndexShard.java:866)
	at org.elasticsearch.index.shard.StoreRecovery.internalRecoverFromStore(StoreRecovery.java:230)
	... 8 more
Caused by: [test][[test][0]] EngineException[failed to recover from translog]; nested: TranslogCorruptedException[translog corruption while reading from stream]; nested: TranslogCorruptedException[translog stream is corrupted, expected: 0xda484d4a, got: 0xbae587fc];
	at org.elasticsearch.index.engine.InternalEngine.recoverFromTranslog(InternalEngine.java:251)
	at org.elasticsearch.index.engine.InternalEngine.<init>(InternalEngine.java:172)
	... 15 more
Caused by: TranslogCorruptedException[translog corruption while reading from stream]; nested: TranslogCorruptedException[translog stream is corrupted, expected: 0xda484d4a, got: 0xbae587fc];
	at org.elasticsearch.index.translog.Translog.readOperation(Translog.java:1133)
	at org.elasticsearch.index.translog.BaseTranslogReader.read(BaseTranslogReader.java:114)
	at org.elasticsearch.index.translog.TranslogSnapshot.readOperation(TranslogSnapshot.java:70)
	at org.elasticsearch.index.translog.TranslogSnapshot.next(TranslogSnapshot.java:61)
	at org.elasticsearch.index.translog.MultiSnapshot.next(MultiSnapshot.java:53)
	at org.elasticsearch.index.engine.InternalEngine.recoverFromTranslog(InternalEngine.java:237)
	... 16 more
Caused by: TranslogCorruptedException[translog stream is corrupted, expected: 0xda484d4a, got: 0xbae587fc]
	at org.elasticsearch.index.translog.Translog.verifyChecksum(Translog.java:1091)
	at org.elasticsearch.index.translog.Translog.readOperation(Translog.java:1123)
	... 21 more
[2016-04-18 03:03:57,965][WARN ][org.elasticsearch.cluster.action.shard] [node_s0] [test][0] received shard failed for [test][0], node[zh8EGFynRVuF0b25iuPgEA], [P], v[3], s[INITIALIZING], a[id=IW6_F7LhRWK7NBEHv6AE8w], unassigned_info[[reason=ALLOCATION_FAILED], at[2016-04-18T07:03:57.953Z], details[failed recovery, failure IndexShardRecoveryException[failed to recovery from gateway]; nested: EngineCreationFailureException[failed to recover from translog]; nested: EngineException[failed to recover from translog]; nested: TranslogCorruptedException[translog corruption while reading from stream]; nested: TranslogCorruptedException[translog stream is corrupted, expected: 0xda484d4a, got: 0xbae587fc]; ]], indexUUID [jvViyj5qTFmJnQUMS7-e8g], message [failed recovery], failure [IndexShardRecoveryException[failed to recovery from gateway]; nested: EngineCreationFailureException[failed to recover from translog]; nested: EngineException[failed to recover from translog]; nested: TranslogCorruptedException[translog corruption while reading from stream]; nested: TranslogCorruptedException[translog stream is corrupted, expected: 0xda484d4a, got: 0xbae587fc]; ]
[test][[test][0]] IndexShardRecoveryException[failed to recovery from gateway]; nested: EngineCreationFailureException[failed to recover from translog]; nested: EngineException[failed to recover from translog]; nested: TranslogCorruptedException[translog corruption while reading from stream]; nested: TranslogCorruptedException[translog stream is corrupted, expected: 0xda484d4a, got: 0xbae587fc];
	at org.elasticsearch.index.shard.StoreRecovery.internalRecoverFromStore(StoreRecovery.java:234)
	at org.elasticsearch.index.shard.StoreRecovery.lambda$recoverFromStore$189(StoreRecovery.java:77)
	at org.elasticsearch.index.shard.StoreRecovery.executeRecovery(StoreRecovery.java:122)
	at org.elasticsearch.index.shard.StoreRecovery.recoverFromStore(StoreRecovery.java:75)
	at org.elasticsearch.index.shard.IndexShard.recoverFromStore(IndexShard.java:1059)
	at org.elasticsearch.indices.cluster.IndicesClusterStateService.lambda$applyInitializingShard$195(IndicesClusterStateService.java:648)
	at java.util.concurrent.ThreadPoolExecutor.runWorker(ThreadPoolExecutor.java:1142)
	at java.util.concurrent.ThreadPoolExecutor$Worker.run(ThreadPoolExecutor.java:617)
	at java.lang.Thread.run(Thread.java:745)
Caused by: [test][[test][0]] EngineCreationFailureException[failed to recover from translog]; nested: EngineException[failed to recover from translog]; nested: TranslogCorruptedException[translog corruption while reading from stream]; nested: TranslogCorruptedException[translog stream is corrupted, expected: 0xda484d4a, got: 0xbae587fc];
	at org.elasticsearch.index.engine.InternalEngine.<init>(InternalEngine.java:175)
	at org.elasticsearch.test.engine.MockInternalEngine.<init>(MockInternalEngine.java:36)
	at org.elasticsearch.test.engine.MockEngineFactory.newReadWriteEngine(MockEngineFactory.java:36)
	at org.elasticsearch.index.shard.IndexShard.newEngine(IndexShard.java:1310)
	at org.elasticsearch.index.shard.IndexShard.createNewEngine(IndexShard.java:1305)
	at org.elasticsearch.index.shard.IndexShard.internalPerformTranslogRecovery(IndexShard.java:888)
	at org.elasticsearch.index.shard.IndexShard.performTranslogRecovery(IndexShard.java:866)
	at org.elasticsearch.index.shard.StoreRecovery.internalRecoverFromStore(StoreRecovery.java:230)
	... 8 more
Caused by: [test][[test][0]] EngineException[failed to recover from translog]; nested: TranslogCorruptedException[translog corruption while reading from stream]; nested: TranslogCorruptedException[translog stream is corrupted, expected: 0xda484d4a, got: 0xbae587fc];
	at org.elasticsearch.index.engine.InternalEngine.recoverFromTranslog(InternalEngine.java:251)
	at org.elasticsearch.index.engine.InternalEngine.<init>(InternalEngine.java:172)
	... 15 more
Caused by: TranslogCorruptedException[translog corruption while reading from stream]; nested: TranslogCorruptedException[translog stream is corrupted, expected: 0xda484d4a, got: 0xbae587fc];
	at org.elasticsearch.index.translog.Translog.readOperation(Translog.java:1133)
	at org.elasticsearch.index.translog.BaseTranslogReader.read(BaseTranslogReader.java:114)
	at org.elasticsearch.index.translog.TranslogSnapshot.readOperation(TranslogSnapshot.java:70)
	at org.elasticsearch.index.translog.TranslogSnapshot.next(TranslogSnapshot.java:61)
	at org.elasticsearch.index.translog.MultiSnapshot.next(MultiSnapshot.java:53)
	at org.elasticsearch.index.engine.InternalEngine.recoverFromTranslog(InternalEngine.java:237)
	... 16 more
Caused by: TranslogCorruptedException[translog stream is corrupted, expected: 0xda484d4a, got: 0xbae587fc]
	at org.elasticsearch.index.translog.Translog.verifyChecksum(Translog.java:1091)
	at org.elasticsearch.index.translog.Translog.readOperation(Translog.java:1123)
	... 21 more
[2016-04-18 03:03:57,979][WARN ][org.elasticsearch.indices.cluster] [node_s0] [[test][0]] marking and sending shard failed due to [failed recovery]
[test][[test][0]] IndexShardRecoveryException[failed to recovery from gateway]; nested: EngineCreationFailureException[failed to recover from translog]; nested: EngineException[failed to recover from translog]; nested: TranslogCorruptedException[translog corruption while reading from stream]; nested: TranslogCorruptedException[translog stream is corrupted, expected: 0xda484d4a, got: 0xbae587fc];
	at org.elasticsearch.index.shard.StoreRecovery.internalRecoverFromStore(StoreRecovery.java:234)
	at org.elasticsearch.index.shard.StoreRecovery.lambda$recoverFromStore$189(StoreRecovery.java:77)
	at org.elasticsearch.index.shard.StoreRecovery.executeRecovery(StoreRecovery.java:122)
	at org.elasticsearch.index.shard.StoreRecovery.recoverFromStore(StoreRecovery.java:75)
	at org.elasticsearch.index.shard.IndexShard.recoverFromStore(IndexShard.java:1059)
	at org.elasticsearch.indices.cluster.IndicesClusterStateService.lambda$applyInitializingShard$195(IndicesClusterStateService.java:648)
	at java.util.concurrent.ThreadPoolExecutor.runWorker(ThreadPoolExecutor.java:1142)
	at java.util.concurrent.ThreadPoolExecutor$Worker.run(ThreadPoolExecutor.java:617)
	at java.lang.Thread.run(Thread.java:745)
Caused by: [test][[test][0]] EngineCreationFailureException[failed to recover from translog]; nested: EngineException[failed to recover from translog]; nested: TranslogCorruptedException[translog corruption while reading from stream]; nested: TranslogCorruptedException[translog stream is corrupted, expected: 0xda484d4a, got: 0xbae587fc];
	at org.elasticsearch.index.engine.InternalEngine.<init>(InternalEngine.java:175)
	at org.elasticsearch.test.engine.MockInternalEngine.<init>(MockInternalEngine.java:36)
	at org.elasticsearch.test.engine.MockEngineFactory.newReadWriteEngine(MockEngineFactory.java:36)
	at org.elasticsearch.index.shard.IndexShard.newEngine(IndexShard.java:1310)
	at org.elasticsearch.index.shard.IndexShard.createNewEngine(IndexShard.java:1305)
	at org.elasticsearch.index.shard.IndexShard.internalPerformTranslogRecovery(IndexShard.java:888)
	at org.elasticsearch.index.shard.IndexShard.performTranslogRecovery(IndexShard.java:866)
	at org.elasticsearch.index.shard.StoreRecovery.internalRecoverFromStore(StoreRecovery.java:230)
	... 8 more
Caused by: [test][[test][0]] EngineException[failed to recover from translog]; nested: TranslogCorruptedException[translog corruption while reading from stream]; nested: TranslogCorruptedException[translog stream is corrupted, expected: 0xda484d4a, got: 0xbae587fc];
	at org.elasticsearch.index.engine.InternalEngine.recoverFromTranslog(InternalEngine.java:251)
	at org.elasticsearch.index.engine.InternalEngine.<init>(InternalEngine.java:172)
	... 15 more
Caused by: TranslogCorruptedException[translog corruption while reading from stream]; nested: TranslogCorruptedException[translog stream is corrupted, expected: 0xda484d4a, got: 0xbae587fc];
	at org.elasticsearch.index.translog.Translog.readOperation(Translog.java:1133)
	at org.elasticsearch.index.translog.BaseTranslogReader.read(BaseTranslogReader.java:114)
	at org.elasticsearch.index.translog.TranslogSnapshot.readOperation(TranslogSnapshot.java:70)
	at org.elasticsearch.index.translog.TranslogSnapshot.next(TranslogSnapshot.java:61)
	at org.elasticsearch.index.translog.MultiSnapshot.next(MultiSnapshot.java:53)
	at org.elasticsearch.index.engine.InternalEngine.recoverFromTranslog(InternalEngine.java:237)
	... 16 more
Caused by: TranslogCorruptedException[translog stream is corrupted, expected: 0xda484d4a, got: 0xbae587fc]
	at org.elasticsearch.index.translog.Translog.verifyChecksum(Translog.java:1091)
	at org.elasticsearch.index.translog.Translog.readOperation(Translog.java:1123)
	... 21 more
[2016-04-18 03:03:57,980][WARN ][org.elasticsearch.cluster.action.shard] [node_s0] [test][0] received shard failed for [test][0], node[zh8EGFynRVuF0b25iuPgEA], [P], v[3], s[INITIALIZING], a[id=BACVpkbZRAKkiUnQhVQ8Ew], unassigned_info[[reason=ALLOCATION_FAILED], at[2016-04-18T07:03:57.965Z], details[failed recovery, failure IndexShardRecoveryException[failed to recovery from gateway]; nested: EngineCreationFailureException[failed to recover from translog]; nested: EngineException[failed to recover from translog]; nested: TranslogCorruptedException[translog corruption while reading from stream]; nested: TranslogCorruptedException[translog stream is corrupted, expected: 0xda484d4a, got: 0xbae587fc]; ]], indexUUID [jvViyj5qTFmJnQUMS7-e8g], message [failed recovery], failure [IndexShardRecoveryException[failed to recovery from gateway]; nested: EngineCreationFailureException[failed to recover from translog]; nested: EngineException[failed to recover from translog]; nested: TranslogCorruptedException[translog corruption while reading from stream]; nested: TranslogCorruptedException[translog stream is corrupted, expected: 0xda484d4a, got: 0xbae587fc]; ]
[test][[test][0]] IndexShardRecoveryException[failed to recovery from gateway]; nested: EngineCreationFailureException[failed to recover from translog]; nested: EngineException[failed to recover from translog]; nested: TranslogCorruptedException[translog corruption while reading from stream]; nested: TranslogCorruptedException[translog stream is corrupted, expected: 0xda484d4a, got: 0xbae587fc];
	at org.elasticsearch.index.shard.StoreRecovery.internalRecoverFromStore(StoreRecovery.java:234)
	at org.elasticsearch.index.shard.StoreRecovery.lambda$recoverFromStore$189(StoreRecovery.java:77)
	at org.elasticsearch.index.shard.StoreRecovery.executeRecovery(StoreRecovery.java:122)
	at org.elasticsearch.index.shard.StoreRecovery.recoverFromStore(StoreRecovery.java:75)
	at org.elasticsearch.index.shard.IndexShard.recoverFromStore(IndexShard.java:1059)
	at org.elasticsearch.indices.cluster.IndicesClusterStateService.lambda$applyInitializingShard$195(IndicesClusterStateService.java:648)
	at java.util.concurrent.ThreadPoolExecutor.runWorker(ThreadPoolExecutor.java:1142)
	at java.util.concurrent.ThreadPoolExecutor$Worker.run(ThreadPoolExecutor.java:617)
	at java.lang.Thread.run(Thread.java:745)
Caused by: [test][[test][0]] EngineCreationFailureException[failed to recover from translog]; nested: EngineException[failed to recover from translog]; nested: TranslogCorruptedException[translog corruption while reading from stream]; nested: TranslogCorruptedException[translog stream is corrupted, expected: 0xda484d4a, got: 0xbae587fc];
	at org.elasticsearch.index.engine.InternalEngine.<init>(InternalEngine.java:175)
	at org.elasticsearch.test.engine.MockInternalEngine.<init>(MockInternalEngine.java:36)
	at org.elasticsearch.test.engine.MockEngineFactory.newReadWriteEngine(MockEngineFactory.java:36)
	at org.elasticsearch.index.shard.IndexShard.newEngine(IndexShard.java:1310)
	at org.elasticsearch.index.shard.IndexShard.createNewEngine(IndexShard.java:1305)
	at org.elasticsearch.index.shard.IndexShard.internalPerformTranslogRecovery(IndexShard.java:888)
	at org.elasticsearch.index.shard.IndexShard.performTranslogRecovery(IndexShard.java:866)
	at org.elasticsearch.index.shard.StoreRecovery.internalRecoverFromStore(StoreRecovery.java:230)
	... 8 more
Caused by: [test][[test][0]] EngineException[failed to recover from translog]; nested: TranslogCorruptedException[translog corruption while reading from stream]; nested: TranslogCorruptedException[translog stream is corrupted, expected: 0xda484d4a, got: 0xbae587fc];
	at org.elasticsearch.index.engine.InternalEngine.recoverFromTranslog(InternalEngine.java:251)
	at org.elasticsearch.index.engine.InternalEngine.<init>(InternalEngine.java:172)
	... 15 more
Caused by: TranslogCorruptedException[translog corruption while reading from stream]; nested: TranslogCorruptedException[translog stream is corrupted, expected: 0xda484d4a, got: 0xbae587fc];
	at org.elasticsearch.index.translog.Translog.readOperation(Translog.java:1133)
	at org.elasticsearch.index.translog.BaseTranslogReader.read(BaseTranslogReader.java:114)
	at org.elasticsearch.index.translog.TranslogSnapshot.readOperation(TranslogSnapshot.java:70)
	at org.elasticsearch.index.translog.TranslogSnapshot.next(TranslogSnapshot.java:61)
	at org.elasticsearch.index.translog.MultiSnapshot.next(MultiSnapshot.java:53)
	at org.elasticsearch.index.engine.InternalEngine.recoverFromTranslog(InternalEngine.java:237)
	... 16 more
Caused by: TranslogCorruptedException[translog stream is corrupted, expected: 0xda484d4a, got: 0xbae587fc]
	at org.elasticsearch.index.translog.Translog.verifyChecksum(Translog.java:1091)
	at org.elasticsearch.index.translog.Translog.readOperation(Translog.java:1123)
	... 21 more
[2016-04-18 03:03:57,994][WARN ][org.elasticsearch.indices.cluster] [node_s0] [[test][0]] marking and sending shard failed due to [failed recovery]
[test][[test][0]] IndexShardRecoveryException[failed to recovery from gateway]; nested: EngineCreationFailureException[failed to recover from translog]; nested: EngineException[failed to recover from translog]; nested: TranslogCorruptedException[translog corruption while reading from stream]; nested: TranslogCorruptedException[translog stream is corrupted, expected: 0xda484d4a, got: 0xbae587fc];
	at org.elasticsearch.index.shard.StoreRecovery.internalRecoverFromStore(StoreRecovery.java:234)
	at org.elasticsearch.index.shard.StoreRecovery.lambda$recoverFromStore$189(StoreRecovery.java:77)
	at org.elasticsearch.index.shard.StoreRecovery.executeRecovery(StoreRecovery.java:122)
	at org.elasticsearch.index.shard.StoreRecovery.recoverFromStore(StoreRecovery.java:75)
	at org.elasticsearch.index.shard.IndexShard.recoverFromStore(IndexShard.java:1059)
	at org.elasticsearch.indices.cluster.IndicesClusterStateService.lambda$applyInitializingShard$195(IndicesClusterStateService.java:648)
	at java.util.concurrent.ThreadPoolExecutor.runWorker(ThreadPoolExecutor.java:1142)
	at java.util.concurrent.ThreadPoolExecutor$Worker.run(ThreadPoolExecutor.java:617)
	at java.lang.Thread.run(Thread.java:745)
Caused by: [test][[test][0]] EngineCreationFailureException[failed to recover from translog]; nested: EngineException[failed to recover from translog]; nested: TranslogCorruptedException[translog corruption while reading from stream]; nested: TranslogCorruptedException[translog stream is corrupted, expected: 0xda484d4a, got: 0xbae587fc];
	at org.elasticsearch.index.engine.InternalEngine.<init>(InternalEngine.java:175)
	at org.elasticsearch.test.engine.MockInternalEngine.<init>(MockInternalEngine.java:36)
	at org.elasticsearch.test.engine.MockEngineFactory.newReadWriteEngine(MockEngineFactory.java:36)
	at org.elasticsearch.index.shard.IndexShard.newEngine(IndexShard.java:1310)
	at org.elasticsearch.index.shard.IndexShard.createNewEngine(IndexShard.java:1305)
	at org.elasticsearch.index.shard.IndexShard.internalPerformTranslogRecovery(IndexShard.java:888)
	at org.elasticsearch.index.shard.IndexShard.performTranslogRecovery(IndexShard.java:866)
	at org.elasticsearch.index.shard.StoreRecovery.internalRecoverFromStore(StoreRecovery.java:230)
	... 8 more
Caused by: [test][[test][0]] EngineException[failed to recover from translog]; nested: TranslogCorruptedException[translog corruption while reading from stream]; nested: TranslogCorruptedException[translog stream is corrupted, expected: 0xda484d4a, got: 0xbae587fc];
	at org.elasticsearch.index.engine.InternalEngine.recoverFromTranslog(InternalEngine.java:251)
	at org.elasticsearch.index.engine.InternalEngine.<init>(InternalEngine.java:172)
	... 15 more
Caused by: TranslogCorruptedException[translog corruption while reading from stream]; nested: TranslogCorruptedException[translog stream is corrupted, expected: 0xda484d4a, got: 0xbae587fc];
	at org.elasticsearch.index.translog.Translog.readOperation(Translog.java:1133)
	at org.elasticsearch.index.translog.BaseTranslogReader.read(BaseTranslogReader.java:114)
	at org.elasticsearch.index.translog.TranslogSnapshot.readOperation(TranslogSnapshot.java:70)
	at org.elasticsearch.index.translog.TranslogSnapshot.next(TranslogSnapshot.java:61)
	at org.elasticsearch.index.translog.MultiSnapshot.next(MultiSnapshot.java:53)
	at org.elasticsearch.index.engine.InternalEngine.recoverFromTranslog(InternalEngine.java:237)
	... 16 more
Caused by: TranslogCorruptedException[translog stream is corrupted, expected: 0xda484d4a, got: 0xbae587fc]
	at org.elasticsearch.index.translog.Translog.verifyChecksum(Translog.java:1091)
	at org.elasticsearch.index.translog.Translog.readOperation(Translog.java:1123)
	... 21 more
[2016-04-18 03:03:57,995][WARN ][org.elasticsearch.cluster.action.shard] [node_s0] [test][0] received shard failed for [test][0], node[zh8EGFynRVuF0b25iuPgEA], [P], v[3], s[INITIALIZING], a[id=nAVdoNNpTPWIPFIekkbGCQ], unassigned_info[[reason=ALLOCATION_FAILED], at[2016-04-18T07:03:57.980Z], details[failed recovery, failure IndexShardRecoveryException[failed to recovery from gateway]; nested: EngineCreationFailureException[failed to recover from translog]; nested: EngineException[failed to recover from translog]; nested: TranslogCorruptedException[translog corruption while reading from stream]; nested: TranslogCorruptedException[translog stream is corrupted, expected: 0xda484d4a, got: 0xbae587fc]; ]], indexUUID [jvViyj5qTFmJnQUMS7-e8g], message [failed recovery], failure [IndexShardRecoveryException[failed to recovery from gateway]; nested: EngineCreationFailureException[failed to recover from translog]; nested: EngineException[failed to recover from translog]; nested: TranslogCorruptedException[translog corruption while reading from stream]; nested: TranslogCorruptedException[translog stream is corrupted, expected: 0xda484d4a, got: 0xbae587fc]; ]
[test][[test][0]] IndexShardRecoveryException[failed to recovery from gateway]; nested: EngineCreationFailureException[failed to recover from translog]; nested: EngineException[failed to recover from translog]; nested: TranslogCorruptedException[translog corruption while reading from stream]; nested: TranslogCorruptedException[translog stream is corrupted, expected: 0xda484d4a, got: 0xbae587fc];
	at org.elasticsearch.index.shard.StoreRecovery.internalRecoverFromStore(StoreRecovery.java:234)
	at org.elasticsearch.index.shard.StoreRecovery.lambda$recoverFromStore$189(StoreRecovery.java:77)
	at org.elasticsearch.index.shard.StoreRecovery.executeRecovery(StoreRecovery.java:122)
	at org.elasticsearch.index.shard.StoreRecovery.recoverFromStore(StoreRecovery.java:75)
	at org.elasticsearch.index.shard.IndexShard.recoverFromStore(IndexShard.java:1059)
	at org.elasticsearch.indices.cluster.IndicesClusterStateService.lambda$applyInitializingShard$195(IndicesClusterStateService.java:648)
	at java.util.concurrent.ThreadPoolExecutor.runWorker(ThreadPoolExecutor.java:1142)
	at java.util.concurrent.ThreadPoolExecutor$Worker.run(ThreadPoolExecutor.java:617)
	at java.lang.Thread.run(Thread.java:745)
Caused by: [test][[test][0]] EngineCreationFailureException[failed to recover from translog]; nested: EngineException[failed to recover from translog]; nested: TranslogCorruptedException[translog corruption while reading from stream]; nested: TranslogCorruptedException[translog stream is corrupted, expected: 0xda484d4a, got: 0xbae587fc];
	at org.elasticsearch.index.engine.InternalEngine.<init>(InternalEngine.java:175)
	at org.elasticsearch.test.engine.MockInternalEngine.<init>(MockInternalEngine.java:36)
	at org.elasticsearch.test.engine.MockEngineFactory.newReadWriteEngine(MockEngineFactory.java:36)
	at org.elasticsearch.index.shard.IndexShard.newEngine(IndexShard.java:1310)
	at org.elasticsearch.index.shard.IndexShard.createNewEngine(IndexShard.java:1305)
	at org.elasticsearch.index.shard.IndexShard.internalPerformTranslogRecovery(IndexShard.java:888)
	at org.elasticsearch.index.shard.IndexShard.performTranslogRecovery(IndexShard.java:866)
	at org.elasticsearch.index.shard.StoreRecovery.internalRecoverFromStore(StoreRecovery.java:230)
	... 8 more
Caused by: [test][[test][0]] EngineException[failed to recover from translog]; nested: TranslogCorruptedException[translog corruption while reading from stream]; nested: TranslogCorruptedException[translog stream is corrupted, expected: 0xda484d4a, got: 0xbae587fc];
	at org.elasticsearch.index.engine.InternalEngine.recoverFromTranslog(InternalEngine.java:251)
	at org.elasticsearch.index.engine.InternalEngine.<init>(InternalEngine.java:172)
	... 15 more
Caused by: TranslogCorruptedException[translog corruption while reading from stream]; nested: TranslogCorruptedException[translog stream is corrupted, expected: 0xda484d4a, got: 0xbae587fc];
	at org.elasticsearch.index.translog.Translog.readOperation(Translog.java:1133)
	at org.elasticsearch.index.translog.BaseTranslogReader.read(BaseTranslogReader.java:114)
	at org.elasticsearch.index.translog.TranslogSnapshot.readOperation(TranslogSnapshot.java:70)
	at org.elasticsearch.index.translog.TranslogSnapshot.next(TranslogSnapshot.java:61)
	at org.elasticsearch.index.translog.MultiSnapshot.next(MultiSnapshot.java:53)
	at org.elasticsearch.index.engine.InternalEngine.recoverFromTranslog(InternalEngine.java:237)
	... 16 more
Caused by: TranslogCorruptedException[translog stream is corrupted, expected: 0xda484d4a, got: 0xbae587fc]
	at org.elasticsearch.index.translog.Translog.verifyChecksum(Translog.java:1091)
	at org.elasticsearch.index.translog.Translog.readOperation(Translog.java:1123)
	... 21 more
[2016-04-18 03:03:58,005][WARN ][org.elasticsearch.indices.cluster] [node_s0] [[test][0]] marking and sending shard failed due to [failed recovery]
[test][[test][0]] IndexShardRecoveryException[failed to recovery from gateway]; nested: EngineCreationFailureException[failed to recover from translog]; nested: EngineException[failed to recover from translog]; nested: TranslogCorruptedException[translog corruption while reading from stream]; nested: TranslogCorruptedException[translog stream is corrupted, expected: 0xda484d4a, got: 0xbae587fc];
	at org.elasticsearch.index.shard.StoreRecovery.internalRecoverFromStore(StoreRecovery.java:234)
	at org.elasticsearch.index.shard.StoreRecovery.lambda$recoverFromStore$189(StoreRecovery.java:77)
	at org.elasticsearch.index.shard.StoreRecovery.executeRecovery(StoreRecovery.java:122)
	at org.elasticsearch.index.shard.StoreRecovery.recoverFromStore(StoreRecovery.java:75)
	at org.elasticsearch.index.shard.IndexShard.recoverFromStore(IndexShard.java:1059)
	at org.elasticsearch.indices.cluster.IndicesClusterStateService.lambda$applyInitializingShard$195(IndicesClusterStateService.java:648)
	at java.util.concurrent.ThreadPoolExecutor.runWorker(ThreadPoolExecutor.java:1142)
	at java.util.concurrent.ThreadPoolExecutor$Worker.run(ThreadPoolExecutor.java:617)
	at java.lang.Thread.run(Thread.java:745)
Caused by: [test][[test][0]] EngineCreationFailureException[failed to recover from translog]; nested: EngineException[failed to recover from translog]; nested: TranslogCorruptedException[translog corruption while reading from stream]; nested: TranslogCorruptedException[translog stream is corrupted, expected: 0xda484d4a, got: 0xbae587fc];
	at org.elasticsearch.index.engine.InternalEngine.<init>(InternalEngine.java:175)
	at org.elasticsearch.test.engine.MockInternalEngine.<init>(MockInternalEngine.java:36)
	at org.elasticsearch.test.engine.MockEngineFactory.newReadWriteEngine(MockEngineFactory.java:36)
	at org.elasticsearch.index.shard.IndexShard.newEngine(IndexShard.java:1310)
	at org.elasticsearch.index.shard.IndexShard.createNewEngine(IndexShard.java:1305)
	at org.elasticsearch.index.shard.IndexShard.internalPerformTranslogRecovery(IndexShard.java:888)
	at org.elasticsearch.index.shard.IndexShard.performTranslogRecovery(IndexShard.java:866)
	at org.elasticsearch.index.shard.StoreRecovery.internalRecoverFromStore(StoreRecovery.java:230)
	... 8 more
Caused by: [test][[test][0]] EngineException[failed to recover from translog]; nested: TranslogCorruptedException[translog corruption while reading from stream]; nested: TranslogCorruptedException[translog stream is corrupted, expected: 0xda484d4a, got: 0xbae587fc];
	at org.elasticsearch.index.engine.InternalEngine.recoverFromTranslog(InternalEngine.java:251)
	at org.elasticsearch.index.engine.InternalEngine.<init>(InternalEngine.java:172)
	... 15 more
Caused by: TranslogCorruptedException[translog corruption while reading from stream]; nested: TranslogCorruptedException[translog stream is corrupted, expected: 0xda484d4a, got: 0xbae587fc];
	at org.elasticsearch.index.translog.Translog.readOperation(Translog.java:1133)
	at org.elasticsearch.index.translog.BaseTranslogReader.read(BaseTranslogReader.java:114)
	at org.elasticsearch.index.translog.TranslogSnapshot.readOperation(TranslogSnapshot.java:70)
	at org.elasticsearch.index.translog.TranslogSnapshot.next(TranslogSnapshot.java:61)
	at org.elasticsearch.index.translog.MultiSnapshot.next(MultiSnapshot.java:53)
	at org.elasticsearch.index.engine.InternalEngine.recoverFromTranslog(InternalEngine.java:237)
	... 16 more
Caused by: TranslogCorruptedException[translog stream is corrupted, expected: 0xda484d4a, got: 0xbae587fc]
	at org.elasticsearch.index.translog.Translog.verifyChecksum(Translog.java:1091)
	at org.elasticsearch.index.translog.Translog.readOperation(Translog.java:1123)
	... 21 more
[2016-04-18 03:03:58,006][WARN ][org.elasticsearch.cluster.action.shard] [node_s0] [test][0] received shard failed for [test][0], node[zh8EGFynRVuF0b25iuPgEA], [P], v[3], s[INITIALIZING], a[id=5KO_q89bQYenqFNTYChZBQ], unassigned_info[[reason=ALLOCATION_FAILED], at[2016-04-18T07:03:57.995Z], details[failed recovery, failure IndexShardRecoveryException[failed to recovery from gateway]; nested: EngineCreationFailureException[failed to recover from translog]; nested: EngineException[failed to recover from translog]; nested: TranslogCorruptedException[translog corruption while reading from stream]; nested: TranslogCorruptedException[translog stream is corrupted, expected: 0xda484d4a, got: 0xbae587fc]; ]], indexUUID [jvViyj5qTFmJnQUMS7-e8g], message [failed recovery], failure [IndexShardRecoveryException[failed to recovery from gateway]; nested: EngineCreationFailureException[failed to recover from translog]; nested: EngineException[failed to recover from translog]; nested: TranslogCorruptedException[translog corruption while reading from stream]; nested: TranslogCorruptedException[translog stream is corrupted, expected: 0xda484d4a, got: 0xbae587fc]; ]
[test][[test][0]] IndexShardRecoveryException[failed to recovery from gateway]; nested: EngineCreationFailureException[failed to recover from translog]; nested: EngineException[failed to recover from translog]; nested: TranslogCorruptedException[translog corruption while reading from stream]; nested: TranslogCorruptedException[translog stream is corrupted, expected: 0xda484d4a, got: 0xbae587fc];
	at org.elasticsearch.index.shard.StoreRecovery.internalRecoverFromStore(StoreRecovery.java:234)
	at org.elasticsearch.index.shard.StoreRecovery.lambda$recoverFromStore$189(StoreRecovery.java:77)
	at org.elasticsearch.index.shard.StoreRecovery.executeRecovery(StoreRecovery.java:122)
	at org.elasticsearch.index.shard.StoreRecovery.recoverFromStore(StoreRecovery.java:75)
	at org.elasticsearch.index.shard.IndexShard.recoverFromStore(IndexShard.java:1059)
	at org.elasticsearch.indices.cluster.IndicesClusterStateService.lambda$applyInitializingShard$195(IndicesClusterStateService.java:648)
	at java.util.concurrent.ThreadPoolExecutor.runWorker(ThreadPoolExecutor.java:1142)
	at java.util.concurrent.ThreadPoolExecutor$Worker.run(ThreadPoolExecutor.java:617)
	at java.lang.Thread.run(Thread.java:745)
Caused by: [test][[test][0]] EngineCreationFailureException[failed to recover from translog]; nested: EngineException[failed to recover from translog]; nested: TranslogCorruptedException[translog corruption while reading from stream]; nested: TranslogCorruptedException[translog stream is corrupted, expected: 0xda484d4a, got: 0xbae587fc];
	at org.elasticsearch.index.engine.InternalEngine.<init>(InternalEngine.java:175)
	at org.elasticsearch.test.engine.MockInternalEngine.<init>(MockInternalEngine.java:36)
	at org.elasticsearch.test.engine.MockEngineFactory.newReadWriteEngine(MockEngineFactory.java:36)
	at org.elasticsearch.index.shard.IndexShard.newEngine(IndexShard.java:1310)
	at org.elasticsearch.index.shard.IndexShard.createNewEngine(IndexShard.java:1305)
	at org.elasticsearch.index.shard.IndexShard.internalPerformTranslogRecovery(IndexShard.java:888)
	at org.elasticsearch.index.shard.IndexShard.performTranslogRecovery(IndexShard.java:866)
	at org.elasticsearch.index.shard.StoreRecovery.internalRecoverFromStore(StoreRecovery.java:230)
	... 8 more
Caused by: [test][[test][0]] EngineException[failed to recover from translog]; nested: TranslogCorruptedException[translog corruption while reading from stream]; nested: TranslogCorruptedException[translog stream is corrupted, expected: 0xda484d4a, got: 0xbae587fc];
	at org.elasticsearch.index.engine.InternalEngine.recoverFromTranslog(InternalEngine.java:251)
	at org.elasticsearch.index.engine.InternalEngine.<init>(InternalEngine.java:172)
	... 15 more
Caused by: TranslogCorruptedException[translog corruption while reading from stream]; nested: TranslogCorruptedException[translog stream is corrupted, expected: 0xda484d4a, got: 0xbae587fc];
	at org.elasticsearch.index.translog.Translog.readOperation(Translog.java:1133)
	at org.elasticsearch.index.translog.BaseTranslogReader.read(BaseTranslogReader.java:114)
	at org.elasticsearch.index.translog.TranslogSnapshot.readOperation(TranslogSnapshot.java:70)
	at org.elasticsearch.index.translog.TranslogSnapshot.next(TranslogSnapshot.java:61)
	at org.elasticsearch.index.translog.MultiSnapshot.next(MultiSnapshot.java:53)
	at org.elasticsearch.index.engine.InternalEngine.recoverFromTranslog(InternalEngine.java:237)
	... 16 more
Caused by: TranslogCorruptedException[translog stream is corrupted, expected: 0xda484d4a, got: 0xbae587fc]
	at org.elasticsearch.index.translog.Translog.verifyChecksum(Translog.java:1091)
	at org.elasticsearch.index.translog.Translog.readOperation(Translog.java:1123)
	... 21 more
[2016-04-18 03:03:58,019][WARN ][org.elasticsearch.indices.cluster] [node_s0] [[test][0]] marking and sending shard failed due to [failed recovery]
[test][[test][0]] IndexShardRecoveryException[failed to recovery from gateway]; nested: EngineCreationFailureException[failed to recover from translog]; nested: EngineException[failed to recover from translog]; nested: TranslogCorruptedException[translog corruption while reading from stream]; nested: TranslogCorruptedException[translog stream is corrupted, expected: 0xda484d4a, got: 0xbae587fc];
	at org.elasticsearch.index.shard.StoreRecovery.internalRecoverFromStore(StoreRecovery.java:234)
	at org.elasticsearch.index.shard.StoreRecovery.lambda$recoverFromStore$189(StoreRecovery.java:77)
	at org.elasticsearch.index.shard.StoreRecovery.executeRecovery(StoreRecovery.java:122)
	at org.elasticsearch.index.shard.StoreRecovery.recoverFromStore(StoreRecovery.java:75)
	at org.elasticsearch.index.shard.IndexShard.recoverFromStore(IndexShard.java:1059)
	at org.elasticsearch.indices.cluster.IndicesClusterStateService.lambda$applyInitializingShard$195(IndicesClusterStateService.java:648)
	at java.util.concurrent.ThreadPoolExecutor.runWorker(ThreadPoolExecutor.java:1142)
	at java.util.concurrent.ThreadPoolExecutor$Worker.run(ThreadPoolExecutor.java:617)
	at java.lang.Thread.run(Thread.java:745)
Caused by: [test][[test][0]] EngineCreationFailureException[failed to recover from translog]; nested: EngineException[failed to recover from translog]; nested: TranslogCorruptedException[translog corruption while reading from stream]; nested: TranslogCorruptedException[translog stream is corrupted, expected: 0xda484d4a, got: 0xbae587fc];
	at org.elasticsearch.index.engine.InternalEngine.<init>(InternalEngine.java:175)
	at org.elasticsearch.test.engine.MockInternalEngine.<init>(MockInternalEngine.java:36)
	at org.elasticsearch.test.engine.MockEngineFactory.newReadWriteEngine(MockEngineFactory.java:36)
	at org.elasticsearch.index.shard.IndexShard.newEngine(IndexShard.java:1310)
	at org.elasticsearch.index.shard.IndexShard.createNewEngine(IndexShard.java:1305)
	at org.elasticsearch.index.shard.IndexShard.internalPerformTranslogRecovery(IndexShard.java:888)
	at org.elasticsearch.index.shard.IndexShard.performTranslogRecovery(IndexShard.java:866)
	at org.elasticsearch.index.shard.StoreRecovery.internalRecoverFromStore(StoreRecovery.java:230)
	... 8 more
Caused by: [test][[test][0]] EngineException[failed to recover from translog]; nested: TranslogCorruptedException[translog corruption while reading from stream]; nested: TranslogCorruptedException[translog stream is corrupted, expected: 0xda484d4a, got: 0xbae587fc];
	at org.elasticsearch.index.engine.InternalEngine.recoverFromTranslog(InternalEngine.java:251)
	at org.elasticsearch.index.engine.InternalEngine.<init>(InternalEngine.java:172)
	... 15 more
Caused by: TranslogCorruptedException[translog corruption while reading from stream]; nested: TranslogCorruptedException[translog stream is corrupted, expected: 0xda484d4a, got: 0xbae587fc];
	at org.elasticsearch.index.translog.Translog.readOperation(Translog.java:1133)
	at org.elasticsearch.index.translog.BaseTranslogReader.read(BaseTranslogReader.java:114)
	at org.elasticsearch.index.translog.TranslogSnapshot.readOperation(TranslogSnapshot.java:70)
	at org.elasticsearch.index.translog.TranslogSnapshot.next(TranslogSnapshot.java:61)
	at org.elasticsearch.index.translog.MultiSnapshot.next(MultiSnapshot.java:53)
	at org.elasticsearch.index.engine.InternalEngine.recoverFromTranslog(InternalEngine.java:237)
	... 16 more
Caused by: TranslogCorruptedException[translog stream is corrupted, expected: 0xda484d4a, got: 0xbae587fc]
	at org.elasticsearch.index.translog.Translog.verifyChecksum(Translog.java:1091)
	at org.elasticsearch.index.translog.Translog.readOperation(Translog.java:1123)
	... 21 more
[2016-04-18 03:03:58,019][WARN ][org.elasticsearch.cluster.action.shard] [node_s0] [test][0] received shard failed for [test][0], node[zh8EGFynRVuF0b25iuPgEA], [P], v[3], s[INITIALIZING], a[id=Uaa5aoeCR6-SjDscLJg-Vw], unassigned_info[[reason=ALLOCATION_FAILED], at[2016-04-18T07:03:58.006Z], details[failed recovery, failure IndexShardRecoveryException[failed to recovery from gateway]; nested: EngineCreationFailureException[failed to recover from translog]; nested: EngineException[failed to recover from translog]; nested: TranslogCorruptedException[translog corruption while reading from stream]; nested: TranslogCorruptedException[translog stream is corrupted, expected: 0xda484d4a, got: 0xbae587fc]; ]], indexUUID [jvViyj5qTFmJnQUMS7-e8g], message [failed recovery], failure [IndexShardRecoveryException[failed to recovery from gateway]; nested: EngineCreationFailureException[failed to recover from translog]; nested: EngineException[failed to recover from translog]; nested: TranslogCorruptedException[translog corruption while reading from stream]; nested: TranslogCorruptedException[translog stream is corrupted, expected: 0xda484d4a, got: 0xbae587fc]; ]
[test][[test][0]] IndexShardRecoveryException[failed to recovery from gateway]; nested: EngineCreationFailureException[failed to recover from translog]; nested: EngineException[failed to recover from translog]; nested: TranslogCorruptedException[translog corruption while reading from stream]; nested: TranslogCorruptedException[translog stream is corrupted, expected: 0xda484d4a, got: 0xbae587fc];
	at org.elasticsearch.index.shard.StoreRecovery.internalRecoverFromStore(StoreRecovery.java:234)
	at org.elasticsearch.index.shard.StoreRecovery.lambda$recoverFromStore$189(StoreRecovery.java:77)
	at org.elasticsearch.index.shard.StoreRecovery.executeRecovery(StoreRecovery.java:122)
	at org.elasticsearch.index.shard.StoreRecovery.recoverFromStore(StoreRecovery.java:75)
	at org.elasticsearch.index.shard.IndexShard.recoverFromStore(IndexShard.java:1059)
	at org.elasticsearch.indices.cluster.IndicesClusterStateService.lambda$applyInitializingShard$195(IndicesClusterStateService.java:648)
	at java.util.concurrent.ThreadPoolExecutor.runWorker(ThreadPoolExecutor.java:1142)
	at java.util.concurrent.ThreadPoolExecutor$Worker.run(ThreadPoolExecutor.java:617)
	at java.lang.Thread.run(Thread.java:745)
Caused by: [test][[test][0]] EngineCreationFailureException[failed to recover from translog]; nested: EngineException[failed to recover from translog]; nested: TranslogCorruptedException[translog corruption while reading from stream]; nested: TranslogCorruptedException[translog stream is corrupted, expected: 0xda484d4a, got: 0xbae587fc];
	at org.elasticsearch.index.engine.InternalEngine.<init>(InternalEngine.java:175)
	at org.elasticsearch.test.engine.MockInternalEngine.<init>(MockInternalEngine.java:36)
	at org.elasticsearch.test.engine.MockEngineFactory.newReadWriteEngine(MockEngineFactory.java:36)
	at org.elasticsearch.index.shard.IndexShard.newEngine(IndexShard.java:1310)
	at org.elasticsearch.index.shard.IndexShard.createNewEngine(IndexShard.java:1305)
	at org.elasticsearch.index.shard.IndexShard.internalPerformTranslogRecovery(IndexShard.java:888)
	at org.elasticsearch.index.shard.IndexShard.performTranslogRecovery(IndexShard.java:866)
	at org.elasticsearch.index.shard.StoreRecovery.internalRecoverFromStore(StoreRecovery.java:230)
	... 8 more
Caused by: [test][[test][0]] EngineException[failed to recover from translog]; nested: TranslogCorruptedException[translog corruption while reading from stream]; nested: TranslogCorruptedException[translog stream is corrupted, expected: 0xda484d4a, got: 0xbae587fc];
	at org.elasticsearch.index.engine.InternalEngine.recoverFromTranslog(InternalEngine.java:251)
	at org.elasticsearch.index.engine.InternalEngine.<init>(InternalEngine.java:172)
	... 15 more
Caused by: TranslogCorruptedException[translog corruption while reading from stream]; nested: TranslogCorruptedException[translog stream is corrupted, expected: 0xda484d4a, got: 0xbae587fc];
	at org.elasticsearch.index.translog.Translog.readOperation(Translog.java:1133)
	at org.elasticsearch.index.translog.BaseTranslogReader.read(BaseTranslogReader.java:114)
	at org.elasticsearch.index.translog.TranslogSnapshot.readOperation(TranslogSnapshot.java:70)
	at org.elasticsearch.index.translog.TranslogSnapshot.next(TranslogSnapshot.java:61)
	at org.elasticsearch.index.translog.MultiSnapshot.next(MultiSnapshot.java:53)
	at org.elasticsearch.index.engine.InternalEngine.recoverFromTranslog(InternalEngine.java:237)
	... 16 more
Caused by: TranslogCorruptedException[translog stream is corrupted, expected: 0xda484d4a, got: 0xbae587fc]
	at org.elasticsearch.index.translog.Translog.verifyChecksum(Translog.java:1091)
	at org.elasticsearch.index.translog.Translog.readOperation(Translog.java:1123)
	... 21 more
[2016-04-18 03:03:58,031][WARN ][org.elasticsearch.indices.cluster] [node_s0] [[test][0]] marking and sending shard failed due to [failed recovery]
[test][[test][0]] IndexShardRecoveryException[failed to recovery from gateway]; nested: EngineCreationFailureException[failed to recover from translog]; nested: EngineException[failed to recover from translog]; nested: TranslogCorruptedException[translog corruption while reading from stream]; nested: TranslogCorruptedException[translog stream is corrupted, expected: 0xda484d4a, got: 0xbae587fc];
	at org.elasticsearch.index.shard.StoreRecovery.internalRecoverFromStore(StoreRecovery.java:234)
	at org.elasticsearch.index.shard.StoreRecovery.lambda$recoverFromStore$189(StoreRecovery.java:77)
	at org.elasticsearch.index.shard.StoreRecovery.executeRecovery(StoreRecovery.java:122)
	at org.elasticsearch.index.shard.StoreRecovery.recoverFromStore(StoreRecovery.java:75)
	at org.elasticsearch.index.shard.IndexShard.recoverFromStore(IndexShard.java:1059)
	at org.elasticsearch.indices.cluster.IndicesClusterStateService.lambda$applyInitializingShard$195(IndicesClusterStateService.java:648)
	at java.util.concurrent.ThreadPoolExecutor.runWorker(ThreadPoolExecutor.java:1142)
	at java.util.concurrent.ThreadPoolExecutor$Worker.run(ThreadPoolExecutor.java:617)
	at java.lang.Thread.run(Thread.java:745)
Caused by: [test][[test][0]] EngineCreationFailureException[failed to recover from translog]; nested: EngineException[failed to recover from translog]; nested: TranslogCorruptedException[translog corruption while reading from stream]; nested: TranslogCorruptedException[translog stream is corrupted, expected: 0xda484d4a, got: 0xbae587fc];
	at org.elasticsearch.index.engine.InternalEngine.<init>(InternalEngine.java:175)
	at org.elasticsearch.test.engine.MockInternalEngine.<init>(MockInternalEngine.java:36)
	at org.elasticsearch.test.engine.MockEngineFactory.newReadWriteEngine(MockEngineFactory.java:36)
	at org.elasticsearch.index.shard.IndexShard.newEngine(IndexShard.java:1310)
	at org.elasticsearch.index.shard.IndexShard.createNewEngine(IndexShard.java:1305)
	at org.elasticsearch.index.shard.IndexShard.internalPerformTranslogRecovery(IndexShard.java:888)
	at org.elasticsearch.index.shard.IndexShard.performTranslogRecovery(IndexShard.java:866)
	at org.elasticsearch.index.shard.StoreRecovery.internalRecoverFromStore(StoreRecovery.java:230)
	... 8 more
Caused by: [test][[test][0]] EngineException[failed to recover from translog]; nested: TranslogCorruptedException[translog corruption while reading from stream]; nested: TranslogCorruptedException[translog stream is corrupted, expected: 0xda484d4a, got: 0xbae587fc];
	at org.elasticsearch.index.engine.InternalEngine.recoverFromTranslog(InternalEngine.java:251)
	at org.elasticsearch.index.engine.InternalEngine.<init>(InternalEngine.java:172)
	... 15 more
Caused by: TranslogCorruptedException[translog corruption while reading from stream]; nested: TranslogCorruptedException[translog stream is corrupted, expected: 0xda484d4a, got: 0xbae587fc];
	at org.elasticsearch.index.translog.Translog.readOperation(Translog.java:1133)
	at org.elasticsearch.index.translog.BaseTranslogReader.read(BaseTranslogReader.java:114)
	at org.elasticsearch.index.translog.TranslogSnapshot.readOperation(TranslogSnapshot.java:70)
	at org.elasticsearch.index.translog.TranslogSnapshot.next(TranslogSnapshot.java:61)
	at org.elasticsearch.index.translog.MultiSnapshot.next(MultiSnapshot.java:53)
	at org.elasticsearch.index.engine.InternalEngine.recoverFromTranslog(InternalEngine.java:237)
	... 16 more
Caused by: TranslogCorruptedException[translog stream is corrupted, expected: 0xda484d4a, got: 0xbae587fc]
	at org.elasticsearch.index.translog.Translog.verifyChecksum(Translog.java:1091)
	at org.elasticsearch.index.translog.Translog.readOperation(Translog.java:1123)
	... 21 more
[2016-04-18 03:03:58,032][WARN ][org.elasticsearch.cluster.action.shard] [node_s0] [test][0] received shard failed for [test][0], node[zh8EGFynRVuF0b25iuPgEA], [P], v[3], s[INITIALIZING], a[id=g_YoUL-kQ8WxxQMvrGIpzA], unassigned_info[[reason=ALLOCATION_FAILED], at[2016-04-18T07:03:58.020Z], details[failed recovery, failure IndexShardRecoveryException[failed to recovery from gateway]; nested: EngineCreationFailureException[failed to recover from translog]; nested: EngineException[failed to recover from translog]; nested: TranslogCorruptedException[translog corruption while reading from stream]; nested: TranslogCorruptedException[translog stream is corrupted, expected: 0xda484d4a, got: 0xbae587fc]; ]], indexUUID [jvViyj5qTFmJnQUMS7-e8g], message [failed recovery], failure [IndexShardRecoveryException[failed to recovery from gateway]; nested: EngineCreationFailureException[failed to recover from translog]; nested: EngineException[failed to recover from translog]; nested: TranslogCorruptedException[translog corruption while reading from stream]; nested: TranslogCorruptedException[translog stream is corrupted, expected: 0xda484d4a, got: 0xbae587fc]; ]
[test][[test][0]] IndexShardRecoveryException[failed to recovery from gateway]; nested: EngineCreationFailureException[failed to recover from translog]; nested: EngineException[failed to recover from translog]; nested: TranslogCorruptedException[translog corruption while reading from stream]; nested: TranslogCorruptedException[translog stream is corrupted, expected: 0xda484d4a, got: 0xbae587fc];
	at org.elasticsearch.index.shard.StoreRecovery.internalRecoverFromStore(StoreRecovery.java:234)
	at org.elasticsearch.index.shard.StoreRecovery.lambda$recoverFromStore$189(StoreRecovery.java:77)
	at org.elasticsearch.index.shard.StoreRecovery.executeRecovery(StoreRecovery.java:122)
	at org.elasticsearch.index.shard.StoreRecovery.recoverFromStore(StoreRecovery.java:75)
	at org.elasticsearch.index.shard.IndexShard.recoverFromStore(IndexShard.java:1059)
	at org.elasticsearch.indices.cluster.IndicesClusterStateService.lambda$applyInitializingShard$195(IndicesClusterStateService.java:648)
	at java.util.concurrent.ThreadPoolExecutor.runWorker(ThreadPoolExecutor.java:1142)
	at java.util.concurrent.ThreadPoolExecutor$Worker.run(ThreadPoolExecutor.java:617)
	at java.lang.Thread.run(Thread.java:745)
Caused by: [test][[test][0]] EngineCreationFailureException[failed to recover from translog]; nested: EngineException[failed to recover from translog]; nested: TranslogCorruptedException[translog corruption while reading from stream]; nested: TranslogCorruptedException[translog stream is corrupted, expected: 0xda484d4a, got: 0xbae587fc];
	at org.elasticsearch.index.engine.InternalEngine.<init>(InternalEngine.java:175)
	at org.elasticsearch.test.engine.MockInternalEngine.<init>(MockInternalEngine.java:36)
	at org.elasticsearch.test.engine.MockEngineFactory.newReadWriteEngine(MockEngineFactory.java:36)
	at org.elasticsearch.index.shard.IndexShard.newEngine(IndexShard.java:1310)
	at org.elasticsearch.index.shard.IndexShard.createNewEngine(IndexShard.java:1305)
	at org.elasticsearch.index.shard.IndexShard.internalPerformTranslogRecovery(IndexShard.java:888)
	at org.elasticsearch.index.shard.IndexShard.performTranslogRecovery(IndexShard.java:866)
	at org.elasticsearch.index.shard.StoreRecovery.internalRecoverFromStore(StoreRecovery.java:230)
	... 8 more
Caused by: [test][[test][0]] EngineException[failed to recover from translog]; nested: TranslogCorruptedException[translog corruption while reading from stream]; nested: TranslogCorruptedException[translog stream is corrupted, expected: 0xda484d4a, got: 0xbae587fc];
	at org.elasticsearch.index.engine.InternalEngine.recoverFromTranslog(InternalEngine.java:251)
	at org.elasticsearch.index.engine.InternalEngine.<init>(InternalEngine.java:172)
	... 15 more
Caused by: TranslogCorruptedException[translog corruption while reading from stream]; nested: TranslogCorruptedException[translog stream is corrupted, expected: 0xda484d4a, got: 0xbae587fc];
	at org.elasticsearch.index.translog.Translog.readOperation(Translog.java:1133)
	at org.elasticsearch.index.translog.BaseTranslogReader.read(BaseTranslogReader.java:114)
	at org.elasticsearch.index.translog.TranslogSnapshot.readOperation(TranslogSnapshot.java:70)
	at org.elasticsearch.index.translog.TranslogSnapshot.next(TranslogSnapshot.java:61)
	at org.elasticsearch.index.translog.MultiSnapshot.next(MultiSnapshot.java:53)
	at org.elasticsearch.index.engine.InternalEngine.recoverFromTranslog(InternalEngine.java:237)
	... 16 more
Caused by: TranslogCorruptedException[translog stream is corrupted, expected: 0xda484d4a, got: 0xbae587fc]
	at org.elasticsearch.index.translog.Translog.verifyChecksum(Translog.java:1091)
	at org.elasticsearch.index.translog.Translog.readOperation(Translog.java:1123)
	... 21 more
[2016-04-18 03:03:58,043][WARN ][org.elasticsearch.indices.cluster] [node_s0] [[test][0]] marking and sending shard failed due to [failed recovery]
[test][[test][0]] IndexShardRecoveryException[failed to recovery from gateway]; nested: EngineCreationFailureException[failed to recover from translog]; nested: EngineException[failed to recover from translog]; nested: TranslogCorruptedException[translog corruption while reading from stream]; nested: TranslogCorruptedException[translog stream is corrupted, expected: 0xda484d4a, got: 0xbae587fc];
	at org.elasticsearch.index.shard.StoreRecovery.internalRecoverFromStore(StoreRecovery.java:234)
	at org.elasticsearch.index.shard.StoreRecovery.lambda$recoverFromStore$189(StoreRecovery.java:77)
	at org.elasticsearch.index.shard.StoreRecovery.executeRecovery(StoreRecovery.java:122)
	at org.elasticsearch.index.shard.StoreRecovery.recoverFromStore(StoreRecovery.java:75)
	at org.elasticsearch.index.shard.IndexShard.recoverFromStore(IndexShard.java:1059)
	at org.elasticsearch.indices.cluster.IndicesClusterStateService.lambda$applyInitializingShard$195(IndicesClusterStateService.java:648)
	at java.util.concurrent.ThreadPoolExecutor.runWorker(ThreadPoolExecutor.java:1142)
	at java.util.concurrent.ThreadPoolExecutor$Worker.run(ThreadPoolExecutor.java:617)
	at java.lang.Thread.run(Thread.java:745)
Caused by: [test][[test][0]] EngineCreationFailureException[failed to recover from translog]; nested: EngineException[failed to recover from translog]; nested: TranslogCorruptedException[translog corruption while reading from stream]; nested: TranslogCorruptedException[translog stream is corrupted, expected: 0xda484d4a, got: 0xbae587fc];
	at org.elasticsearch.index.engine.InternalEngine.<init>(InternalEngine.java:175)
	at org.elasticsearch.test.engine.MockInternalEngine.<init>(MockInternalEngine.java:36)
	at org.elasticsearch.test.engine.MockEngineFactory.newReadWriteEngine(MockEngineFactory.java:36)
	at org.elasticsearch.index.shard.IndexShard.newEngine(IndexShard.java:1310)
	at org.elasticsearch.index.shard.IndexShard.createNewEngine(IndexShard.java:1305)
	at org.elasticsearch.index.shard.IndexShard.internalPerformTranslogRecovery(IndexShard.java:888)
	at org.elasticsearch.index.shard.IndexShard.performTranslogRecovery(IndexShard.java:866)
	at org.elasticsearch.index.shard.StoreRecovery.internalRecoverFromStore(StoreRecovery.java:230)
	... 8 more
Caused by: [test][[test][0]] EngineException[failed to recover from translog]; nested: TranslogCorruptedException[translog corruption while reading from stream]; nested: TranslogCorruptedException[translog stream is corrupted, expected: 0xda484d4a, got: 0xbae587fc];
	at org.elasticsearch.index.engine.InternalEngine.recoverFromTranslog(InternalEngine.java:251)
	at org.elasticsearch.index.engine.InternalEngine.<init>(InternalEngine.java:172)
	... 15 more
Caused by: TranslogCorruptedException[translog corruption while reading from stream]; nested: TranslogCorruptedException[translog stream is corrupted, expected: 0xda484d4a, got: 0xbae587fc];
	at org.elasticsearch.index.translog.Translog.readOperation(Translog.java:1133)
	at org.elasticsearch.index.translog.BaseTranslogReader.read(BaseTranslogReader.java:114)
	at org.elasticsearch.index.translog.TranslogSnapshot.readOperation(TranslogSnapshot.java:70)
	at org.elasticsearch.index.translog.TranslogSnapshot.next(TranslogSnapshot.java:61)
	at org.elasticsearch.index.translog.MultiSnapshot.next(MultiSnapshot.java:53)
	at org.elasticsearch.index.engine.InternalEngine.recoverFromTranslog(InternalEngine.java:237)
	... 16 more
Caused by: TranslogCorruptedException[translog stream is corrupted, expected: 0xda484d4a, got: 0xbae587fc]
	at org.elasticsearch.index.translog.Translog.verifyChecksum(Translog.java:1091)
	at org.elasticsearch.index.translog.Translog.readOperation(Translog.java:1123)
	... 21 more
[2016-04-18 03:03:58,044][WARN ][org.elasticsearch.cluster.action.shard] [node_s0] [test][0] received shard failed for [test][0], node[zh8EGFynRVuF0b25iuPgEA], [P], v[3], s[INITIALIZING], a[id=hQk7QTAHT-m3tEY-tU6-5Q], unassigned_info[[reason=ALLOCATION_FAILED], at[2016-04-18T07:03:58.032Z], details[failed recovery, failure IndexShardRecoveryException[failed to recovery from gateway]; nested: EngineCreationFailureException[failed to recover from translog]; nested: EngineException[failed to recover from translog]; nested: TranslogCorruptedException[translog corruption while reading from stream]; nested: TranslogCorruptedException[translog stream is corrupted, expected: 0xda484d4a, got: 0xbae587fc]; ]], indexUUID [jvViyj5qTFmJnQUMS7-e8g], message [failed recovery], failure [IndexShardRecoveryException[failed to recovery from gateway]; nested: EngineCreationFailureException[failed to recover from translog]; nested: EngineException[failed to recover from translog]; nested: TranslogCorruptedException[translog corruption while reading from stream]; nested: TranslogCorruptedException[translog stream is corrupted, expected: 0xda484d4a, got: 0xbae587fc]; ]
[test][[test][0]] IndexShardRecoveryException[failed to recovery from gateway]; nested: EngineCreationFailureException[failed to recover from translog]; nested: EngineException[failed to recover from translog]; nested: TranslogCorruptedException[translog corruption while reading from stream]; nested: TranslogCorruptedException[translog stream is corrupted, expected: 0xda484d4a, got: 0xbae587fc];
	at org.elasticsearch.index.shard.StoreRecovery.internalRecoverFromStore(StoreRecovery.java:234)
	at org.elasticsearch.index.shard.StoreRecovery.lambda$recoverFromStore$189(StoreRecovery.java:77)
	at org.elasticsearch.index.shard.StoreRecovery.executeRecovery(StoreRecovery.java:122)
	at org.elasticsearch.index.shard.StoreRecovery.recoverFromStore(StoreRecovery.java:75)
	at org.elasticsearch.index.shard.IndexShard.recoverFromStore(IndexShard.java:1059)
	at org.elasticsearch.indices.cluster.IndicesClusterStateService.lambda$applyInitializingShard$195(IndicesClusterStateService.java:648)
	at java.util.concurrent.ThreadPoolExecutor.runWorker(ThreadPoolExecutor.java:1142)
	at java.util.concurrent.ThreadPoolExecutor$Worker.run(ThreadPoolExecutor.java:617)
	at java.lang.Thread.run(Thread.java:745)
Caused by: [test][[test][0]] EngineCreationFailureException[failed to recover from translog]; nested: EngineException[failed to recover from translog]; nested: TranslogCorruptedException[translog corruption while reading from stream]; nested: TranslogCorruptedException[translog stream is corrupted, expected: 0xda484d4a, got: 0xbae587fc];
	at org.elasticsearch.index.engine.InternalEngine.<init>(InternalEngine.java:175)
	at org.elasticsearch.test.engine.MockInternalEngine.<init>(MockInternalEngine.java:36)
	at org.elasticsearch.test.engine.MockEngineFactory.newReadWriteEngine(MockEngineFactory.java:36)
	at org.elasticsearch.index.shard.IndexShard.newEngine(IndexShard.java:1310)
	at org.elasticsearch.index.shard.IndexShard.createNewEngine(IndexShard.java:1305)
	at org.elasticsearch.index.shard.IndexShard.internalPerformTranslogRecovery(IndexShard.java:888)
	at org.elasticsearch.index.shard.IndexShard.performTranslogRecovery(IndexShard.java:866)
	at org.elasticsearch.index.shard.StoreRecovery.internalRecoverFromStore(StoreRecovery.java:230)
	... 8 more
Caused by: [test][[test][0]] EngineException[failed to recover from translog]; nested: TranslogCorruptedException[translog corruption while reading from stream]; nested: TranslogCorruptedException[translog stream is corrupted, expected: 0xda484d4a, got: 0xbae587fc];
	at org.elasticsearch.index.engine.InternalEngine.recoverFromTranslog(InternalEngine.java:251)
	at org.elasticsearch.index.engine.InternalEngine.<init>(InternalEngine.java:172)
	... 15 more
Caused by: TranslogCorruptedException[translog corruption while reading from stream]; nested: TranslogCorruptedException[translog stream is corrupted, expected: 0xda484d4a, got: 0xbae587fc];
	at org.elasticsearch.index.translog.Translog.readOperation(Translog.java:1133)
	at org.elasticsearch.index.translog.BaseTranslogReader.read(BaseTranslogReader.java:114)
	at org.elasticsearch.index.translog.TranslogSnapshot.readOperation(TranslogSnapshot.java:70)
	at org.elasticsearch.index.translog.TranslogSnapshot.next(TranslogSnapshot.java:61)
	at org.elasticsearch.index.translog.MultiSnapshot.next(MultiSnapshot.java:53)
	at org.elasticsearch.index.engine.InternalEngine.recoverFromTranslog(InternalEngine.java:237)
	... 16 more
Caused by: TranslogCorruptedException[translog stream is corrupted, expected: 0xda484d4a, got: 0xbae587fc]
	at org.elasticsearch.index.translog.Translog.verifyChecksum(Translog.java:1091)
	at org.elasticsearch.index.translog.Translog.readOperation(Translog.java:1123)
	... 21 more
[2016-04-18 03:03:58,055][WARN ][org.elasticsearch.indices.cluster] [node_s0] [[test][0]] marking and sending shard failed due to [failed recovery]
[test][[test][0]] IndexShardRecoveryException[failed to recovery from gateway]; nested: EngineCreationFailureException[failed to recover from translog]; nested: EngineException[failed to recover from translog]; nested: TranslogCorruptedException[translog corruption while reading from stream]; nested: TranslogCorruptedException[translog stream is corrupted, expected: 0xda484d4a, got: 0xbae587fc];
	at org.elasticsearch.index.shard.StoreRecovery.internalRecoverFromStore(StoreRecovery.java:234)
	at org.elasticsearch.index.shard.StoreRecovery.lambda$recoverFromStore$189(StoreRecovery.java:77)
	at org.elasticsearch.index.shard.StoreRecovery.executeRecovery(StoreRecovery.java:122)
	at org.elasticsearch.index.shard.StoreRecovery.recoverFromStore(StoreRecovery.java:75)
	at org.elasticsearch.index.shard.IndexShard.recoverFromStore(IndexShard.java:1059)
	at org.elasticsearch.indices.cluster.IndicesClusterStateService.lambda$applyInitializingShard$195(IndicesClusterStateService.java:648)
	at java.util.concurrent.ThreadPoolExecutor.runWorker(ThreadPoolExecutor.java:1142)
	at java.util.concurrent.ThreadPoolExecutor$Worker.run(ThreadPoolExecutor.java:617)
	at java.lang.Thread.run(Thread.java:745)
Caused by: [test][[test][0]] EngineCreationFailureException[failed to recover from translog]; nested: EngineException[failed to recover from translog]; nested: TranslogCorruptedException[translog corruption while reading from stream]; nested: TranslogCorruptedException[translog stream is corrupted, expected: 0xda484d4a, got: 0xbae587fc];
	at org.elasticsearch.index.engine.InternalEngine.<init>(InternalEngine.java:175)
	at org.elasticsearch.test.engine.MockInternalEngine.<init>(MockInternalEngine.java:36)
	at org.elasticsearch.test.engine.MockEngineFactory.newReadWriteEngine(MockEngineFactory.java:36)
	at org.elasticsearch.index.shard.IndexShard.newEngine(IndexShard.java:1310)
	at org.elasticsearch.index.shard.IndexShard.createNewEngine(IndexShard.java:1305)
	at org.elasticsearch.index.shard.IndexShard.internalPerformTranslogRecovery(IndexShard.java:888)
	at org.elasticsearch.index.shard.IndexShard.performTranslogRecovery(IndexShard.java:866)
	at org.elasticsearch.index.shard.StoreRecovery.internalRecoverFromStore(StoreRecovery.java:230)
	... 8 more
Caused by: [test][[test][0]] EngineException[failed to recover from translog]; nested: TranslogCorruptedException[translog corruption while reading from stream]; nested: TranslogCorruptedException[translog stream is corrupted, expected: 0xda484d4a, got: 0xbae587fc];
	at org.elasticsearch.index.engine.InternalEngine.recoverFromTranslog(InternalEngine.java:251)
	at org.elasticsearch.index.engine.InternalEngine.<init>(InternalEngine.java:172)
	... 15 more
Caused by: TranslogCorruptedException[translog corruption while reading from stream]; nested: TranslogCorruptedException[translog stream is corrupted, expected: 0xda484d4a, got: 0xbae587fc];
	at org.elasticsearch.index.translog.Translog.readOperation(Translog.java:1133)
	at org.elasticsearch.index.translog.BaseTranslogReader.read(BaseTranslogReader.java:114)
	at org.elasticsearch.index.translog.TranslogSnapshot.readOperation(TranslogSnapshot.java:70)
	at org.elasticsearch.index.translog.TranslogSnapshot.next(TranslogSnapshot.java:61)
	at org.elasticsearch.index.translog.MultiSnapshot.next(MultiSnapshot.java:53)
	at org.elasticsearch.index.engine.InternalEngine.recoverFromTranslog(InternalEngine.java:237)
	... 16 more
Caused by: TranslogCorruptedException[translog stream is corrupted, expected: 0xda484d4a, got: 0xbae587fc]
	at org.elasticsearch.index.translog.Translog.verifyChecksum(Translog.java:1091)
	at org.elasticsearch.index.translog.Translog.readOperation(Translog.java:1123)
	... 21 more
[2016-04-18 03:03:58,055][WARN ][org.elasticsearch.cluster.action.shard] [node_s0] [test][0] received shard failed for [test][0], node[zh8EGFynRVuF0b25iuPgEA], [P], v[3], s[INITIALIZING], a[id=RccPFV-bRIelzUTcOHYLkw], unassigned_info[[reason=ALLOCATION_FAILED], at[2016-04-18T07:03:58.044Z], details[failed recovery, failure IndexShardRecoveryException[failed to recovery from gateway]; nested: EngineCreationFailureException[failed to recover from translog]; nested: EngineException[failed to recover from translog]; nested: TranslogCorruptedException[translog corruption while reading from stream]; nested: TranslogCorruptedException[translog stream is corrupted, expected: 0xda484d4a, got: 0xbae587fc]; ]], indexUUID [jvViyj5qTFmJnQUMS7-e8g], message [failed recovery], failure [IndexShardRecoveryException[failed to recovery from gateway]; nested: EngineCreationFailureException[failed to recover from translog]; nested: EngineException[failed to recover from translog]; nested: TranslogCorruptedException[translog corruption while reading from stream]; nested: TranslogCorruptedException[translog stream is corrupted, expected: 0xda484d4a, got: 0xbae587fc]; ]
[test][[test][0]] IndexShardRecoveryException[failed to recovery from gateway]; nested: EngineCreationFailureException[failed to recover from translog]; nested: EngineException[failed to recover from translog]; nested: TranslogCorruptedException[translog corruption while reading from stream]; nested: TranslogCorruptedException[translog stream is corrupted, expected: 0xda484d4a, got: 0xbae587fc];
	at org.elasticsearch.index.shard.StoreRecovery.internalRecoverFromStore(StoreRecovery.java:234)
	at org.elasticsearch.index.shard.StoreRecovery.lambda$recoverFromStore$189(StoreRecovery.java:77)
	at org.elasticsearch.index.shard.StoreRecovery.executeRecovery(StoreRecovery.java:122)
	at org.elasticsearch.index.shard.StoreRecovery.recoverFromStore(StoreRecovery.java:75)
	at org.elasticsearch.index.shard.IndexShard.recoverFromStore(IndexShard.java:1059)
	at org.elasticsearch.indices.cluster.IndicesClusterStateService.lambda$applyInitializingShard$195(IndicesClusterStateService.java:648)
	at java.util.concurrent.ThreadPoolExecutor.runWorker(ThreadPoolExecutor.java:1142)
	at java.util.concurrent.ThreadPoolExecutor$Worker.run(ThreadPoolExecutor.java:617)
	at java.lang.Thread.run(Thread.java:745)
Caused by: [test][[test][0]] EngineCreationFailureException[failed to recover from translog]; nested: EngineException[failed to recover from translog]; nested: TranslogCorruptedException[translog corruption while reading from stream]; nested: TranslogCorruptedException[translog stream is corrupted, expected: 0xda484d4a, got: 0xbae587fc];
	at org.elasticsearch.index.engine.InternalEngine.<init>(InternalEngine.java:175)
	at org.elasticsearch.test.engine.MockInternalEngine.<init>(MockInternalEngine.java:36)
	at org.elasticsearch.test.engine.MockEngineFactory.newReadWriteEngine(MockEngineFactory.java:36)
	at org.elasticsearch.index.shard.IndexShard.newEngine(IndexShard.java:1310)
	at org.elasticsearch.index.shard.IndexShard.createNewEngine(IndexShard.java:1305)
	at org.elasticsearch.index.shard.IndexShard.internalPerformTranslogRecovery(IndexShard.java:888)
	at org.elasticsearch.index.shard.IndexShard.performTranslogRecovery(IndexShard.java:866)
	at org.elasticsearch.index.shard.StoreRecovery.internalRecoverFromStore(StoreRecovery.java:230)
	... 8 more
Caused by: [test][[test][0]] EngineException[failed to recover from translog]; nested: TranslogCorruptedException[translog corruption while reading from stream]; nested: TranslogCorruptedException[translog stream is corrupted, expected: 0xda484d4a, got: 0xbae587fc];
	at org.elasticsearch.index.engine.InternalEngine.recoverFromTranslog(InternalEngine.java:251)
	at org.elasticsearch.index.engine.InternalEngine.<init>(InternalEngine.java:172)
	... 15 more
Caused by: TranslogCorruptedException[translog corruption while reading from stream]; nested: TranslogCorruptedException[translog stream is corrupted, expected: 0xda484d4a, got: 0xbae587fc];
	at org.elasticsearch.index.translog.Translog.readOperation(Translog.java:1133)
	at org.elasticsearch.index.translog.BaseTranslogReader.read(BaseTranslogReader.java:114)
	at org.elasticsearch.index.translog.TranslogSnapshot.readOperation(TranslogSnapshot.java:70)
	at org.elasticsearch.index.translog.TranslogSnapshot.next(TranslogSnapshot.java:61)
	at org.elasticsearch.index.translog.MultiSnapshot.next(MultiSnapshot.java:53)
	at org.elasticsearch.index.engine.InternalEngine.recoverFromTranslog(InternalEngine.java:237)
	... 16 more
Caused by: TranslogCorruptedException[translog stream is corrupted, expected: 0xda484d4a, got: 0xbae587fc]
	at org.elasticsearch.index.translog.Translog.verifyChecksum(Translog.java:1091)
	at org.elasticsearch.index.translog.Translog.readOperation(Translog.java:1123)
	... 21 more
[2016-04-18 03:03:58,068][WARN ][org.elasticsearch.indices.cluster] [node_s0] [[test][0]] marking and sending shard failed due to [failed recovery]
[test][[test][0]] IndexShardRecoveryException[failed to recovery from gateway]; nested: EngineCreationFailureException[failed to recover from translog]; nested: EngineException[failed to recover from translog]; nested: TranslogCorruptedException[translog corruption while reading from stream]; nested: TranslogCorruptedException[translog stream is corrupted, expected: 0xda484d4a, got: 0xbae587fc];
	at org.elasticsearch.index.shard.StoreRecovery.internalRecoverFromStore(StoreRecovery.java:234)
	at org.elasticsearch.index.shard.StoreRecovery.lambda$recoverFromStore$189(StoreRecovery.java:77)
	at org.elasticsearch.index.shard.StoreRecovery.executeRecovery(StoreRecovery.java:122)
	at org.elasticsearch.index.shard.StoreRecovery.recoverFromStore(StoreRecovery.java:75)
	at org.elasticsearch.index.shard.IndexShard.recoverFromStore(IndexShard.java:1059)
	at org.elasticsearch.indices.cluster.IndicesClusterStateService.lambda$applyInitializingShard$195(IndicesClusterStateService.java:648)
	at java.util.concurrent.ThreadPoolExecutor.runWorker(ThreadPoolExecutor.java:1142)
	at java.util.concurrent.ThreadPoolExecutor$Worker.run(ThreadPoolExecutor.java:617)
	at java.lang.Thread.run(Thread.java:745)
Caused by: [test][[test][0]] EngineCreationFailureException[failed to recover from translog]; nested: EngineException[failed to recover from translog]; nested: TranslogCorruptedException[translog corruption while reading from stream]; nested: TranslogCorruptedException[translog stream is corrupted, expected: 0xda484d4a, got: 0xbae587fc];
	at org.elasticsearch.index.engine.InternalEngine.<init>(InternalEngine.java:175)
	at org.elasticsearch.test.engine.MockInternalEngine.<init>(MockInternalEngine.java:36)
	at org.elasticsearch.test.engine.MockEngineFactory.newReadWriteEngine(MockEngineFactory.java:36)
	at org.elasticsearch.index.shard.IndexShard.newEngine(IndexShard.java:1310)
	at org.elasticsearch.index.shard.IndexShard.createNewEngine(IndexShard.java:1305)
	at org.elasticsearch.index.shard.IndexShard.internalPerformTranslogRecovery(IndexShard.java:888)
	at org.elasticsearch.index.shard.IndexShard.performTranslogRecovery(IndexShard.java:866)
	at org.elasticsearch.index.shard.StoreRecovery.internalRecoverFromStore(StoreRecovery.java:230)
	... 8 more
Caused by: [test][[test][0]] EngineException[failed to recover from translog]; nested: TranslogCorruptedException[translog corruption while reading from stream]; nested: TranslogCorruptedException[translog stream is corrupted, expected: 0xda484d4a, got: 0xbae587fc];
	at org.elasticsearch.index.engine.InternalEngine.recoverFromTranslog(InternalEngine.java:251)
	at org.elasticsearch.index.engine.InternalEngine.<init>(InternalEngine.java:172)
	... 15 more
Caused by: TranslogCorruptedException[translog corruption while reading from stream]; nested: TranslogCorruptedException[translog stream is corrupted, expected: 0xda484d4a, got: 0xbae587fc];
	at org.elasticsearch.index.translog.Translog.readOperation(Translog.java:1133)
	at org.elasticsearch.index.translog.BaseTranslogReader.read(BaseTranslogReader.java:114)
	at org.elasticsearch.index.translog.TranslogSnapshot.readOperation(TranslogSnapshot.java:70)
	at org.elasticsearch.index.translog.TranslogSnapshot.next(TranslogSnapshot.java:61)
	at org.elasticsearch.index.translog.MultiSnapshot.next(MultiSnapshot.java:53)
	at org.elasticsearch.index.engine.InternalEngine.recoverFromTranslog(InternalEngine.java:237)
	... 16 more
Caused by: TranslogCorruptedException[translog stream is corrupted, expected: 0xda484d4a, got: 0xbae587fc]
	at org.elasticsearch.index.translog.Translog.verifyChecksum(Translog.java:1091)
	at org.elasticsearch.index.translog.Translog.readOperation(Translog.java:1123)
	... 21 more
[2016-04-18 03:03:58,069][WARN ][org.elasticsearch.cluster.action.shard] [node_s0] [test][0] received shard failed for [test][0], node[zh8EGFynRVuF0b25iuPgEA], [P], v[3], s[INITIALIZING], a[id=2Fn3J0COTFuI5l8xciw8-Q], unassigned_info[[reason=ALLOCATION_FAILED], at[2016-04-18T07:03:58.056Z], details[failed recovery, failure IndexShardRecoveryException[failed to recovery from gateway]; nested: EngineCreationFailureException[failed to recover from translog]; nested: EngineException[failed to recover from translog]; nested: TranslogCorruptedException[translog corruption while reading from stream]; nested: TranslogCorruptedException[translog stream is corrupted, expected: 0xda484d4a, got: 0xbae587fc]; ]], indexUUID [jvViyj5qTFmJnQUMS7-e8g], message [failed recovery], failure [IndexShardRecoveryException[failed to recovery from gateway]; nested: EngineCreationFailureException[failed to recover from translog]; nested: EngineException[failed to recover from translog]; nested: TranslogCorruptedException[translog corruption while reading from stream]; nested: TranslogCorruptedException[translog stream is corrupted, expected: 0xda484d4a, got: 0xbae587fc]; ]
[test][[test][0]] IndexShardRecoveryException[failed to recovery from gateway]; nested: EngineCreationFailureException[failed to recover from translog]; nested: EngineException[failed to recover from translog]; nested: TranslogCorruptedException[translog corruption while reading from stream]; nested: TranslogCorruptedException[translog stream is corrupted, expected: 0xda484d4a, got: 0xbae587fc];
	at org.elasticsearch.index.shard.StoreRecovery.internalRecoverFromStore(StoreRecovery.java:234)
	at org.elasticsearch.index.shard.StoreRecovery.lambda$recoverFromStore$189(StoreRecovery.java:77)
	at org.elasticsearch.index.shard.StoreRecovery.executeRecovery(StoreRecovery.java:122)
	at org.elasticsearch.index.shard.StoreRecovery.recoverFromStore(StoreRecovery.java:75)
	at org.elasticsearch.index.shard.IndexShard.recoverFromStore(IndexShard.java:1059)
	at org.elasticsearch.indices.cluster.IndicesClusterStateService.lambda$applyInitializingShard$195(IndicesClusterStateService.java:648)
	at java.util.concurrent.ThreadPoolExecutor.runWorker(ThreadPoolExecutor.java:1142)
	at java.util.concurrent.ThreadPoolExecutor$Worker.run(ThreadPoolExecutor.java:617)
	at java.lang.Thread.run(Thread.java:745)
Caused by: [test][[test][0]] EngineCreationFailureException[failed to recover from translog]; nested: EngineException[failed to recover from translog]; nested: TranslogCorruptedException[translog corruption while reading from stream]; nested: TranslogCorruptedException[translog stream is corrupted, expected: 0xda484d4a, got: 0xbae587fc];
	at org.elasticsearch.index.engine.InternalEngine.<init>(InternalEngine.java:175)
	at org.elasticsearch.test.engine.MockInternalEngine.<init>(MockInternalEngine.java:36)
	at org.elasticsearch.test.engine.MockEngineFactory.newReadWriteEngine(MockEngineFactory.java:36)
	at org.elasticsearch.index.shard.IndexShard.newEngine(IndexShard.java:1310)
	at org.elasticsearch.index.shard.IndexShard.createNewEngine(IndexShard.java:1305)
	at org.elasticsearch.index.shard.IndexShard.internalPerformTranslogRecovery(IndexShard.java:888)
	at org.elasticsearch.index.shard.IndexShard.performTranslogRecovery(IndexShard.java:866)
	at org.elasticsearch.index.shard.StoreRecovery.internalRecoverFromStore(StoreRecovery.java:230)
	... 8 more
Caused by: [test][[test][0]] EngineException[failed to recover from translog]; nested: TranslogCorruptedException[translog corruption while reading from stream]; nested: TranslogCorruptedException[translog stream is corrupted, expected: 0xda484d4a, got: 0xbae587fc];
	at org.elasticsearch.index.engine.InternalEngine.recoverFromTranslog(InternalEngine.java:251)
	at org.elasticsearch.index.engine.InternalEngine.<init>(InternalEngine.java:172)
	... 15 more
Caused by: TranslogCorruptedException[translog corruption while reading from stream]; nested: TranslogCorruptedException[translog stream is corrupted, expected: 0xda484d4a, got: 0xbae587fc];
	at org.elasticsearch.index.translog.Translog.readOperation(Translog.java:1133)
	at org.elasticsearch.index.translog.BaseTranslogReader.read(BaseTranslogReader.java:114)
	at org.elasticsearch.index.translog.TranslogSnapshot.readOperation(TranslogSnapshot.java:70)
	at org.elasticsearch.index.translog.TranslogSnapshot.next(TranslogSnapshot.java:61)
	at org.elasticsearch.index.translog.MultiSnapshot.next(MultiSnapshot.java:53)
	at org.elasticsearch.index.engine.InternalEngine.recoverFromTranslog(InternalEngine.java:237)
	... 16 more
Caused by: TranslogCorruptedException[translog stream is corrupted, expected: 0xda484d4a, got: 0xbae587fc]
	at org.elasticsearch.index.translog.Translog.verifyChecksum(Translog.java:1091)
	at org.elasticsearch.index.translog.Translog.readOperation(Translog.java:1123)
	... 21 more
[2016-04-18 03:03:58,081][WARN ][org.elasticsearch.indices.cluster] [node_s0] [[test][0]] marking and sending shard failed due to [failed recovery]
[test][[test][0]] IndexShardRecoveryException[failed to recovery from gateway]; nested: EngineCreationFailureException[failed to recover from translog]; nested: EngineException[failed to recover from translog]; nested: TranslogCorruptedException[translog corruption while reading from stream]; nested: TranslogCorruptedException[translog stream is corrupted, expected: 0xda484d4a, got: 0xbae587fc];
	at org.elasticsearch.index.shard.StoreRecovery.internalRecoverFromStore(StoreRecovery.java:234)
	at org.elasticsearch.index.shard.StoreRecovery.lambda$recoverFromStore$189(StoreRecovery.java:77)
	at org.elasticsearch.index.shard.StoreRecovery.executeRecovery(StoreRecovery.java:122)
	at org.elasticsearch.index.shard.StoreRecovery.recoverFromStore(StoreRecovery.java:75)
	at org.elasticsearch.index.shard.IndexShard.recoverFromStore(IndexShard.java:1059)
	at org.elasticsearch.indices.cluster.IndicesClusterStateService.lambda$applyInitializingShard$195(IndicesClusterStateService.java:648)
	at java.util.concurrent.ThreadPoolExecutor.runWorker(ThreadPoolExecutor.java:1142)
	at java.util.concurrent.ThreadPoolExecutor$Worker.run(ThreadPoolExecutor.java:617)
	at java.lang.Thread.run(Thread.java:745)
Caused by: [test][[test][0]] EngineCreationFailureException[failed to recover from translog]; nested: EngineException[failed to recover from translog]; nested: TranslogCorruptedException[translog corruption while reading from stream]; nested: TranslogCorruptedException[translog stream is corrupted, expected: 0xda484d4a, got: 0xbae587fc];
	at org.elasticsearch.index.engine.InternalEngine.<init>(InternalEngine.java:175)
	at org.elasticsearch.test.engine.MockInternalEngine.<init>(MockInternalEngine.java:36)
	at org.elasticsearch.test.engine.MockEngineFactory.newReadWriteEngine(MockEngineFactory.java:36)
	at org.elasticsearch.index.shard.IndexShard.newEngine(IndexShard.java:1310)
	at org.elasticsearch.index.shard.IndexShard.createNewEngine(IndexShard.java:1305)
	at org.elasticsearch.index.shard.IndexShard.internalPerformTranslogRecovery(IndexShard.java:888)
	at org.elasticsearch.index.shard.IndexShard.performTranslogRecovery(IndexShard.java:866)
	at org.elasticsearch.index.shard.StoreRecovery.internalRecoverFromStore(StoreRecovery.java:230)
	... 8 more
Caused by: [test][[test][0]] EngineException[failed to recover from translog]; nested: TranslogCorruptedException[translog corruption while reading from stream]; nested: TranslogCorruptedException[translog stream is corrupted, expected: 0xda484d4a, got: 0xbae587fc];
	at org.elasticsearch.index.engine.InternalEngine.recoverFromTranslog(InternalEngine.java:251)
	at org.elasticsearch.index.engine.InternalEngine.<init>(InternalEngine.java:172)
	... 15 more
Caused by: TranslogCorruptedException[translog corruption while reading from stream]; nested: TranslogCorruptedException[translog stream is corrupted, expected: 0xda484d4a, got: 0xbae587fc];
	at org.elasticsearch.index.translog.Translog.readOperation(Translog.java:1133)
	at org.elasticsearch.index.translog.BaseTranslogReader.read(BaseTranslogReader.java:114)
	at org.elasticsearch.index.translog.TranslogSnapshot.readOperation(TranslogSnapshot.java:70)
	at org.elasticsearch.index.translog.TranslogSnapshot.next(TranslogSnapshot.java:61)
	at org.elasticsearch.index.translog.MultiSnapshot.next(MultiSnapshot.java:53)
	at org.elasticsearch.index.engine.InternalEngine.recoverFromTranslog(InternalEngine.java:237)
	... 16 more
Caused by: TranslogCorruptedException[translog stream is corrupted, expected: 0xda484d4a, got: 0xbae587fc]
	at org.elasticsearch.index.translog.Translog.verifyChecksum(Translog.java:1091)
	at org.elasticsearch.index.translog.Translog.readOperation(Translog.java:1123)
	... 21 more
[2016-04-18 03:03:58,082][WARN ][org.elasticsearch.cluster.action.shard] [node_s0] [test][0] received shard failed for [test][0], node[zh8EGFynRVuF0b25iuPgEA], [P], v[3], s[INITIALIZING], a[id=W3Ue22dBQBuIZ10uW4wR7A], unassigned_info[[reason=ALLOCATION_FAILED], at[2016-04-18T07:03:58.069Z], details[failed recovery, failure IndexShardRecoveryException[failed to recovery from gateway]; nested: EngineCreationFailureException[failed to recover from translog]; nested: EngineException[failed to recover from translog]; nested: TranslogCorruptedException[translog corruption while reading from stream]; nested: TranslogCorruptedException[translog stream is corrupted, expected: 0xda484d4a, got: 0xbae587fc]; ]], indexUUID [jvViyj5qTFmJnQUMS7-e8g], message [failed recovery], failure [IndexShardRecoveryException[failed to recovery from gateway]; nested: EngineCreationFailureException[failed to recover from translog]; nested: EngineException[failed to recover from translog]; nested: TranslogCorruptedException[translog corruption while reading from stream]; nested: TranslogCorruptedException[translog stream is corrupted, expected: 0xda484d4a, got: 0xbae587fc]; ]
[test][[test][0]] IndexShardRecoveryException[failed to recovery from gateway]; nested: EngineCreationFailureException[failed to recover from translog]; nested: EngineException[failed to recover from translog]; nested: TranslogCorruptedException[translog corruption while reading from stream]; nested: TranslogCorruptedException[translog stream is corrupted, expected: 0xda484d4a, got: 0xbae587fc];
	at org.elasticsearch.index.shard.StoreRecovery.internalRecoverFromStore(StoreRecovery.java:234)
	at org.elasticsearch.index.shard.StoreRecovery.lambda$recoverFromStore$189(StoreRecovery.java:77)
	at org.elasticsearch.index.shard.StoreRecovery.executeRecovery(StoreRecovery.java:122)
	at org.elasticsearch.index.shard.StoreRecovery.recoverFromStore(StoreRecovery.java:75)
	at org.elasticsearch.index.shard.IndexShard.recoverFromStore(IndexShard.java:1059)
	at org.elasticsearch.indices.cluster.IndicesClusterStateService.lambda$applyInitializingShard$195(IndicesClusterStateService.java:648)
	at java.util.concurrent.ThreadPoolExecutor.runWorker(ThreadPoolExecutor.java:1142)
	at java.util.concurrent.ThreadPoolExecutor$Worker.run(ThreadPoolExecutor.java:617)
	at java.lang.Thread.run(Thread.java:745)
Caused by: [test][[test][0]] EngineCreationFailureException[failed to recover from translog]; nested: EngineException[failed to recover from translog]; nested: TranslogCorruptedException[translog corruption while reading from stream]; nested: TranslogCorruptedException[translog stream is corrupted, expected: 0xda484d4a, got: 0xbae587fc];
	at org.elasticsearch.index.engine.InternalEngine.<init>(InternalEngine.java:175)
	at org.elasticsearch.test.engine.MockInternalEngine.<init>(MockInternalEngine.java:36)
	at org.elasticsearch.test.engine.MockEngineFactory.newReadWriteEngine(MockEngineFactory.java:36)
	at org.elasticsearch.index.shard.IndexShard.newEngine(IndexShard.java:1310)
	at org.elasticsearch.index.shard.IndexShard.createNewEngine(IndexShard.java:1305)
	at org.elasticsearch.index.shard.IndexShard.internalPerformTranslogRecovery(IndexShard.java:888)
	at org.elasticsearch.index.shard.IndexShard.performTranslogRecovery(IndexShard.java:866)
	at org.elasticsearch.index.shard.StoreRecovery.internalRecoverFromStore(StoreRecovery.java:230)
	... 8 more
Caused by: [test][[test][0]] EngineException[failed to recover from translog]; nested: TranslogCorruptedException[translog corruption while reading from stream]; nested: TranslogCorruptedException[translog stream is corrupted, expected: 0xda484d4a, got: 0xbae587fc];
	at org.elasticsearch.index.engine.InternalEngine.recoverFromTranslog(InternalEngine.java:251)
	at org.elasticsearch.index.engine.InternalEngine.<init>(InternalEngine.java:172)
	... 15 more
Caused by: TranslogCorruptedException[translog corruption while reading from stream]; nested: TranslogCorruptedException[translog stream is corrupted, expected: 0xda484d4a, got: 0xbae587fc];
	at org.elasticsearch.index.translog.Translog.readOperation(Translog.java:1133)
	at org.elasticsearch.index.translog.BaseTranslogReader.read(BaseTranslogReader.java:114)
	at org.elasticsearch.index.translog.TranslogSnapshot.readOperation(TranslogSnapshot.java:70)
	at org.elasticsearch.index.translog.TranslogSnapshot.next(TranslogSnapshot.java:61)
	at org.elasticsearch.index.translog.MultiSnapshot.next(MultiSnapshot.java:53)
	at org.elasticsearch.index.engine.InternalEngine.recoverFromTranslog(InternalEngine.java:237)
	... 16 more
Caused by: TranslogCorruptedException[translog stream is corrupted, expected: 0xda484d4a, got: 0xbae587fc]
	at org.elasticsearch.index.translog.Translog.verifyChecksum(Translog.java:1091)
	at org.elasticsearch.index.translog.Translog.readOperation(Translog.java:1123)
	... 21 more
[2016-04-18 03:03:58,094][WARN ][org.elasticsearch.indices.cluster] [node_s0] [[test][0]] marking and sending shard failed due to [failed recovery]
[test][[test][0]] IndexShardRecoveryException[failed to recovery from gateway]; nested: EngineCreationFailureException[failed to recover from translog]; nested: EngineException[failed to recover from translog]; nested: TranslogCorruptedException[translog corruption while reading from stream]; nested: TranslogCorruptedException[translog stream is corrupted, expected: 0xda484d4a, got: 0xbae587fc];
	at org.elasticsearch.index.shard.StoreRecovery.internalRecoverFromStore(StoreRecovery.java:234)
	at org.elasticsearch.index.shard.StoreRecovery.lambda$recoverFromStore$189(StoreRecovery.java:77)
	at org.elasticsearch.index.shard.StoreRecovery.executeRecovery(StoreRecovery.java:122)
	at org.elasticsearch.index.shard.StoreRecovery.recoverFromStore(StoreRecovery.java:75)
	at org.elasticsearch.index.shard.IndexShard.recoverFromStore(IndexShard.java:1059)
	at org.elasticsearch.indices.cluster.IndicesClusterStateService.lambda$applyInitializingShard$195(IndicesClusterStateService.java:648)
	at java.util.concurrent.ThreadPoolExecutor.runWorker(ThreadPoolExecutor.java:1142)
	at java.util.concurrent.ThreadPoolExecutor$Worker.run(ThreadPoolExecutor.java:617)
	at java.lang.Thread.run(Thread.java:745)
Caused by: [test][[test][0]] EngineCreationFailureException[failed to recover from translog]; nested: EngineException[failed to recover from translog]; nested: TranslogCorruptedException[translog corruption while reading from stream]; nested: TranslogCorruptedException[translog stream is corrupted, expected: 0xda484d4a, got: 0xbae587fc];
	at org.elasticsearch.index.engine.InternalEngine.<init>(InternalEngine.java:175)
	at org.elasticsearch.test.engine.MockInternalEngine.<init>(MockInternalEngine.java:36)
	at org.elasticsearch.test.engine.MockEngineFactory.newReadWriteEngine(MockEngineFactory.java:36)
	at org.elasticsearch.index.shard.IndexShard.newEngine(IndexShard.java:1310)
	at org.elasticsearch.index.shard.IndexShard.createNewEngine(IndexShard.java:1305)
	at org.elasticsearch.index.shard.IndexShard.internalPerformTranslogRecovery(IndexShard.java:888)
	at org.elasticsearch.index.shard.IndexShard.performTranslogRecovery(IndexShard.java:866)
	at org.elasticsearch.index.shard.StoreRecovery.internalRecoverFromStore(StoreRecovery.java:230)
	... 8 more
Caused by: [test][[test][0]] EngineException[failed to recover from translog]; nested: TranslogCorruptedException[translog corruption while reading from stream]; nested: TranslogCorruptedException[translog stream is corrupted, expected: 0xda484d4a, got: 0xbae587fc];
	at org.elasticsearch.index.engine.InternalEngine.recoverFromTranslog(InternalEngine.java:251)
	at org.elasticsearch.index.engine.InternalEngine.<init>(InternalEngine.java:172)
	... 15 more
Caused by: TranslogCorruptedException[translog corruption while reading from stream]; nested: TranslogCorruptedException[translog stream is corrupted, expected: 0xda484d4a, got: 0xbae587fc];
	at org.elasticsearch.index.translog.Translog.readOperation(Translog.java:1133)
	at org.elasticsearch.index.translog.BaseTranslogReader.read(BaseTranslogReader.java:114)
	at org.elasticsearch.index.translog.TranslogSnapshot.readOperation(TranslogSnapshot.java:70)
	at org.elasticsearch.index.translog.TranslogSnapshot.next(TranslogSnapshot.java:61)
	at org.elasticsearch.index.translog.MultiSnapshot.next(MultiSnapshot.java:53)
	at org.elasticsearch.index.engine.InternalEngine.recoverFromTranslog(InternalEngine.java:237)
	... 16 more
Caused by: TranslogCorruptedException[translog stream is corrupted, expected: 0xda484d4a, got: 0xbae587fc]
	at org.elasticsearch.index.translog.Translog.verifyChecksum(Translog.java:1091)
	at org.elasticsearch.index.translog.Translog.readOperation(Translog.java:1123)
	... 21 more
[2016-04-18 03:03:58,095][WARN ][org.elasticsearch.cluster.action.shard] [node_s0] [test][0] received shard failed for [test][0], node[zh8EGFynRVuF0b25iuPgEA], [P], v[3], s[INITIALIZING], a[id=pwk8_lCmTnugNDGWeTu8WQ], unassigned_info[[reason=ALLOCATION_FAILED], at[2016-04-18T07:03:58.082Z], details[failed recovery, failure IndexShardRecoveryException[failed to recovery from gateway]; nested: EngineCreationFailureException[failed to recover from translog]; nested: EngineException[failed to recover from translog]; nested: TranslogCorruptedException[translog corruption while reading from stream]; nested: TranslogCorruptedException[translog stream is corrupted, expected: 0xda484d4a, got: 0xbae587fc]; ]], indexUUID [jvViyj5qTFmJnQUMS7-e8g], message [failed recovery], failure [IndexShardRecoveryException[failed to recovery from gateway]; nested: EngineCreationFailureException[failed to recover from translog]; nested: EngineException[failed to recover from translog]; nested: TranslogCorruptedException[translog corruption while reading from stream]; nested: TranslogCorruptedException[translog stream is corrupted, expected: 0xda484d4a, got: 0xbae587fc]; ]
[test][[test][0]] IndexShardRecoveryException[failed to recovery from gateway]; nested: EngineCreationFailureException[failed to recover from translog]; nested: EngineException[failed to recover from translog]; nested: TranslogCorruptedException[translog corruption while reading from stream]; nested: TranslogCorruptedException[translog stream is corrupted, expected: 0xda484d4a, got: 0xbae587fc];
	at org.elasticsearch.index.shard.StoreRecovery.internalRecoverFromStore(StoreRecovery.java:234)
	at org.elasticsearch.index.shard.StoreRecovery.lambda$recoverFromStore$189(StoreRecovery.java:77)
	at org.elasticsearch.index.shard.StoreRecovery.executeRecovery(StoreRecovery.java:122)
	at org.elasticsearch.index.shard.StoreRecovery.recoverFromStore(StoreRecovery.java:75)
	at org.elasticsearch.index.shard.IndexShard.recoverFromStore(IndexShard.java:1059)
	at org.elasticsearch.indices.cluster.IndicesClusterStateService.lambda$applyInitializingShard$195(IndicesClusterStateService.java:648)
	at java.util.concurrent.ThreadPoolExecutor.runWorker(ThreadPoolExecutor.java:1142)
	at java.util.concurrent.ThreadPoolExecutor$Worker.run(ThreadPoolExecutor.java:617)
	at java.lang.Thread.run(Thread.java:745)
Caused by: [test][[test][0]] EngineCreationFailureException[failed to recover from translog]; nested: EngineException[failed to recover from translog]; nested: TranslogCorruptedException[translog corruption while reading from stream]; nested: TranslogCorruptedException[translog stream is corrupted, expected: 0xda484d4a, got: 0xbae587fc];
	at org.elasticsearch.index.engine.InternalEngine.<init>(InternalEngine.java:175)
	at org.elasticsearch.test.engine.MockInternalEngine.<init>(MockInternalEngine.java:36)
	at org.elasticsearch.test.engine.MockEngineFactory.newReadWriteEngine(MockEngineFactory.java:36)
	at org.elasticsearch.index.shard.IndexShard.newEngine(IndexShard.java:1310)
	at org.elasticsearch.index.shard.IndexShard.createNewEngine(IndexShard.java:1305)
	at org.elasticsearch.index.shard.IndexShard.internalPerformTranslogRecovery(IndexShard.java:888)
	at org.elasticsearch.index.shard.IndexShard.performTranslogRecovery(IndexShard.java:866)
	at org.elasticsearch.index.shard.StoreRecovery.internalRecoverFromStore(StoreRecovery.java:230)
	... 8 more
Caused by: [test][[test][0]] EngineException[failed to recover from translog]; nested: TranslogCorruptedException[translog corruption while reading from stream]; nested: TranslogCorruptedException[translog stream is corrupted, expected: 0xda484d4a, got: 0xbae587fc];
	at org.elasticsearch.index.engine.InternalEngine.recoverFromTranslog(InternalEngine.java:251)
	at org.elasticsearch.index.engine.InternalEngine.<init>(InternalEngine.java:172)
	... 15 more
Caused by: TranslogCorruptedException[translog corruption while reading from stream]; nested: TranslogCorruptedException[translog stream is corrupted, expected: 0xda484d4a, got: 0xbae587fc];
	at org.elasticsearch.index.translog.Translog.readOperation(Translog.java:1133)
	at org.elasticsearch.index.translog.BaseTranslogReader.read(BaseTranslogReader.java:114)
	at org.elasticsearch.index.translog.TranslogSnapshot.readOperation(TranslogSnapshot.java:70)
	at org.elasticsearch.index.translog.TranslogSnapshot.next(TranslogSnapshot.java:61)
	at org.elasticsearch.index.translog.MultiSnapshot.next(MultiSnapshot.java:53)
	at org.elasticsearch.index.engine.InternalEngine.recoverFromTranslog(InternalEngine.java:237)
	... 16 more
Caused by: TranslogCorruptedException[translog stream is corrupted, expected: 0xda484d4a, got: 0xbae587fc]
	at org.elasticsearch.index.translog.Translog.verifyChecksum(Translog.java:1091)
	at org.elasticsearch.index.translog.Translog.readOperation(Translog.java:1123)
	... 21 more
[2016-04-18 03:03:58,106][WARN ][org.elasticsearch.indices.cluster] [node_s0] [[test][0]] marking and sending shard failed due to [failed recovery]
[test][[test][0]] IndexShardRecoveryException[failed to recovery from gateway]; nested: EngineCreationFailureException[failed to recover from translog]; nested: EngineException[failed to recover from translog]; nested: TranslogCorruptedException[translog corruption while reading from stream]; nested: TranslogCorruptedException[translog stream is corrupted, expected: 0xda484d4a, got: 0xbae587fc];
	at org.elasticsearch.index.shard.StoreRecovery.internalRecoverFromStore(StoreRecovery.java:234)
	at org.elasticsearch.index.shard.StoreRecovery.lambda$recoverFromStore$189(StoreRecovery.java:77)
	at org.elasticsearch.index.shard.StoreRecovery.executeRecovery(StoreRecovery.java:122)
	at org.elasticsearch.index.shard.StoreRecovery.recoverFromStore(StoreRecovery.java:75)
	at org.elasticsearch.index.shard.IndexShard.recoverFromStore(IndexShard.java:1059)
	at org.elasticsearch.indices.cluster.IndicesClusterStateService.lambda$applyInitializingShard$195(IndicesClusterStateService.java:648)
	at java.util.concurrent.ThreadPoolExecutor.runWorker(ThreadPoolExecutor.java:1142)
	at java.util.concurrent.ThreadPoolExecutor$Worker.run(ThreadPoolExecutor.java:617)
	at java.lang.Thread.run(Thread.java:745)
Caused by: [test][[test][0]] EngineCreationFailureException[failed to recover from translog]; nested: EngineException[failed to recover from translog]; nested: TranslogCorruptedException[translog corruption while reading from stream]; nested: TranslogCorruptedException[translog stream is corrupted, expected: 0xda484d4a, got: 0xbae587fc];
	at org.elasticsearch.index.engine.InternalEngine.<init>(InternalEngine.java:175)
	at org.elasticsearch.test.engine.MockInternalEngine.<init>(MockInternalEngine.java:36)
	at org.elasticsearch.test.engine.MockEngineFactory.newReadWriteEngine(MockEngineFactory.java:36)
	at org.elasticsearch.index.shard.IndexShard.newEngine(IndexShard.java:1310)
	at org.elasticsearch.index.shard.IndexShard.createNewEngine(IndexShard.java:1305)
	at org.elasticsearch.index.shard.IndexShard.internalPerformTranslogRecovery(IndexShard.java:888)
	at org.elasticsearch.index.shard.IndexShard.performTranslogRecovery(IndexShard.java:866)
	at org.elasticsearch.index.shard.StoreRecovery.internalRecoverFromStore(StoreRecovery.java:230)
	... 8 more
Caused by: [test][[test][0]] EngineException[failed to recover from translog]; nested: TranslogCorruptedException[translog corruption while reading from stream]; nested: TranslogCorruptedException[translog stream is corrupted, expected: 0xda484d4a, got: 0xbae587fc];
	at org.elasticsearch.index.engine.InternalEngine.recoverFromTranslog(InternalEngine.java:251)
	at org.elasticsearch.index.engine.InternalEngine.<init>(InternalEngine.java:172)
	... 15 more
Caused by: TranslogCorruptedException[translog corruption while reading from stream]; nested: TranslogCorruptedException[translog stream is corrupted, expected: 0xda484d4a, got: 0xbae587fc];
	at org.elasticsearch.index.translog.Translog.readOperation(Translog.java:1133)
	at org.elasticsearch.index.translog.BaseTranslogReader.read(BaseTranslogReader.java:114)
	at org.elasticsearch.index.translog.TranslogSnapshot.readOperation(TranslogSnapshot.java:70)
	at org.elasticsearch.index.translog.TranslogSnapshot.next(TranslogSnapshot.java:61)
	at org.elasticsearch.index.translog.MultiSnapshot.next(MultiSnapshot.java:53)
	at org.elasticsearch.index.engine.InternalEngine.recoverFromTranslog(InternalEngine.java:237)
	... 16 more
Caused by: TranslogCorruptedException[translog stream is corrupted, expected: 0xda484d4a, got: 0xbae587fc]
	at org.elasticsearch.index.translog.Translog.verifyChecksum(Translog.java:1091)
	at org.elasticsearch.index.translog.Translog.readOperation(Translog.java:1123)
	... 21 more
[2016-04-18 03:03:58,111][WARN ][org.elasticsearch.cluster.action.shard] [node_s0] [test][0] received shard failed for [test][0], node[zh8EGFynRVuF0b25iuPgEA], [P], v[3], s[INITIALIZING], a[id=eUbHRuv3RvehM-BHeP6qGw], unassigned_info[[reason=ALLOCATION_FAILED], at[2016-04-18T07:03:58.095Z], details[failed recovery, failure IndexShardRecoveryException[failed to recovery from gateway]; nested: EngineCreationFailureException[failed to recover from translog]; nested: EngineException[failed to recover from translog]; nested: TranslogCorruptedException[translog corruption while reading from stream]; nested: TranslogCorruptedException[translog stream is corrupted, expected: 0xda484d4a, got: 0xbae587fc]; ]], indexUUID [jvViyj5qTFmJnQUMS7-e8g], message [failed recovery], failure [IndexShardRecoveryException[failed to recovery from gateway]; nested: EngineCreationFailureException[failed to recover from translog]; nested: EngineException[failed to recover from translog]; nested: TranslogCorruptedException[translog corruption while reading from stream]; nested: TranslogCorruptedException[translog stream is corrupted, expected: 0xda484d4a, got: 0xbae587fc]; ]
[test][[test][0]] IndexShardRecoveryException[failed to recovery from gateway]; nested: EngineCreationFailureException[failed to recover from translog]; nested: EngineException[failed to recover from translog]; nested: TranslogCorruptedException[translog corruption while reading from stream]; nested: TranslogCorruptedException[translog stream is corrupted, expected: 0xda484d4a, got: 0xbae587fc];
	at org.elasticsearch.index.shard.StoreRecovery.internalRecoverFromStore(StoreRecovery.java:234)
	at org.elasticsearch.index.shard.StoreRecovery.lambda$recoverFromStore$189(StoreRecovery.java:77)
	at org.elasticsearch.index.shard.StoreRecovery.executeRecovery(StoreRecovery.java:122)
	at org.elasticsearch.index.shard.StoreRecovery.recoverFromStore(StoreRecovery.java:75)
	at org.elasticsearch.index.shard.IndexShard.recoverFromStore(IndexShard.java:1059)
	at org.elasticsearch.indices.cluster.IndicesClusterStateService.lambda$applyInitializingShard$195(IndicesClusterStateService.java:648)
	at java.util.concurrent.ThreadPoolExecutor.runWorker(ThreadPoolExecutor.java:1142)
	at java.util.concurrent.ThreadPoolExecutor$Worker.run(ThreadPoolExecutor.java:617)
	at java.lang.Thread.run(Thread.java:745)
Caused by: [test][[test][0]] EngineCreationFailureException[failed to recover from translog]; nested: EngineException[failed to recover from translog]; nested: TranslogCorruptedException[translog corruption while reading from stream]; nested: TranslogCorruptedException[translog stream is corrupted, expected: 0xda484d4a, got: 0xbae587fc];
	at org.elasticsearch.index.engine.InternalEngine.<init>(InternalEngine.java:175)
	at org.elasticsearch.test.engine.MockInternalEngine.<init>(MockInternalEngine.java:36)
	at org.elasticsearch.test.engine.MockEngineFactory.newReadWriteEngine(MockEngineFactory.java:36)
	at org.elasticsearch.index.shard.IndexShard.newEngine(IndexShard.java:1310)
	at org.elasticsearch.index.shard.IndexShard.createNewEngine(IndexShard.java:1305)
	at org.elasticsearch.index.shard.IndexShard.internalPerformTranslogRecovery(IndexShard.java:888)
	at org.elasticsearch.index.shard.IndexShard.performTranslogRecovery(IndexShard.java:866)
	at org.elasticsearch.index.shard.StoreRecovery.internalRecoverFromStore(StoreRecovery.java:230)
	... 8 more
Caused by: [test][[test][0]] EngineException[failed to recover from translog]; nested: TranslogCorruptedException[translog corruption while reading from stream]; nested: TranslogCorruptedException[translog stream is corrupted, expected: 0xda484d4a, got: 0xbae587fc];
	at org.elasticsearch.index.engine.InternalEngine.recoverFromTranslog(InternalEngine.java:251)
	at org.elasticsearch.index.engine.InternalEngine.<init>(InternalEngine.java:172)
	... 15 more
Caused by: TranslogCorruptedException[translog corruption while reading from stream]; nested: TranslogCorruptedException[translog stream is corrupted, expected: 0xda484d4a, got: 0xbae587fc];
	at org.elasticsearch.index.translog.Translog.readOperation(Translog.java:1133)
	at org.elasticsearch.index.translog.BaseTranslogReader.read(BaseTranslogReader.java:114)
	at org.elasticsearch.index.translog.TranslogSnapshot.readOperation(TranslogSnapshot.java:70)
	at org.elasticsearch.index.translog.TranslogSnapshot.next(TranslogSnapshot.java:61)
	at org.elasticsearch.index.translog.MultiSnapshot.next(MultiSnapshot.java:53)
	at org.elasticsearch.index.engine.InternalEngine.recoverFromTranslog(InternalEngine.java:237)
	... 16 more
Caused by: TranslogCorruptedException[translog stream is corrupted, expected: 0xda484d4a, got: 0xbae587fc]
	at org.elasticsearch.index.translog.Translog.verifyChecksum(Translog.java:1091)
	at org.elasticsearch.index.translog.Translog.readOperation(Translog.java:1123)
	... 21 more
[2016-04-18 03:03:58,125][WARN ][org.elasticsearch.indices.cluster] [node_s0] [[test][0]] marking and sending shard failed due to [failed recovery]
[test][[test][0]] IndexShardRecoveryException[failed to recovery from gateway]; nested: EngineCreationFailureException[failed to recover from translog]; nested: EngineException[failed to recover from translog]; nested: TranslogCorruptedException[translog corruption while reading from stream]; nested: TranslogCorruptedException[translog stream is corrupted, expected: 0xda484d4a, got: 0xbae587fc];
	at org.elasticsearch.index.shard.StoreRecovery.internalRecoverFromStore(StoreRecovery.java:234)
	at org.elasticsearch.index.shard.StoreRecovery.lambda$recoverFromStore$189(StoreRecovery.java:77)
	at org.elasticsearch.index.shard.StoreRecovery.executeRecovery(StoreRecovery.java:122)
	at org.elasticsearch.index.shard.StoreRecovery.recoverFromStore(StoreRecovery.java:75)
	at org.elasticsearch.index.shard.IndexShard.recoverFromStore(IndexShard.java:1059)
	at org.elasticsearch.indices.cluster.IndicesClusterStateService.lambda$applyInitializingShard$195(IndicesClusterStateService.java:648)
	at java.util.concurrent.ThreadPoolExecutor.runWorker(ThreadPoolExecutor.java:1142)
	at java.util.concurrent.ThreadPoolExecutor$Worker.run(ThreadPoolExecutor.java:617)
	at java.lang.Thread.run(Thread.java:745)
Caused by: [test][[test][0]] EngineCreationFailureException[failed to recover from translog]; nested: EngineException[failed to recover from translog]; nested: TranslogCorruptedException[translog corruption while reading from stream]; nested: TranslogCorruptedException[translog stream is corrupted, expected: 0xda484d4a, got: 0xbae587fc];
	at org.elasticsearch.index.engine.InternalEngine.<init>(InternalEngine.java:175)
	at org.elasticsearch.test.engine.MockInternalEngine.<init>(MockInternalEngine.java:36)
	at org.elasticsearch.test.engine.MockEngineFactory.newReadWriteEngine(MockEngineFactory.java:36)
	at org.elasticsearch.index.shard.IndexShard.newEngine(IndexShard.java:1310)
	at org.elasticsearch.index.shard.IndexShard.createNewEngine(IndexShard.java:1305)
	at org.elasticsearch.index.shard.IndexShard.internalPerformTranslogRecovery(IndexShard.java:888)
	at org.elasticsearch.index.shard.IndexShard.performTranslogRecovery(IndexShard.java:866)
	at org.elasticsearch.index.shard.StoreRecovery.internalRecoverFromStore(StoreRecovery.java:230)
	... 8 more
Caused by: [test][[test][0]] EngineException[failed to recover from translog]; nested: TranslogCorruptedException[translog corruption while reading from stream]; nested: TranslogCorruptedException[translog stream is corrupted, expected: 0xda484d4a, got: 0xbae587fc];
	at org.elasticsearch.index.engine.InternalEngine.recoverFromTranslog(InternalEngine.java:251)
	at org.elasticsearch.index.engine.InternalEngine.<init>(InternalEngine.java:172)
	... 15 more
Caused by: TranslogCorruptedException[translog corruption while reading from stream]; nested: TranslogCorruptedException[translog stream is corrupted, expected: 0xda484d4a, got: 0xbae587fc];
	at org.elasticsearch.index.translog.Translog.readOperation(Translog.java:1133)
	at org.elasticsearch.index.translog.BaseTranslogReader.read(BaseTranslogReader.java:114)
	at org.elasticsearch.index.translog.TranslogSnapshot.readOperation(TranslogSnapshot.java:70)
	at org.elasticsearch.index.translog.TranslogSnapshot.next(TranslogSnapshot.java:61)
	at org.elasticsearch.index.translog.MultiSnapshot.next(MultiSnapshot.java:53)
	at org.elasticsearch.index.engine.InternalEngine.recoverFromTranslog(InternalEngine.java:237)
	... 16 more
Caused by: TranslogCorruptedException[translog stream is corrupted, expected: 0xda484d4a, got: 0xbae587fc]
	at org.elasticsearch.index.translog.Translog.verifyChecksum(Translog.java:1091)
	at org.elasticsearch.index.translog.Translog.readOperation(Translog.java:1123)
	... 21 more
[2016-04-18 03:03:58,125][WARN ][org.elasticsearch.cluster.action.shard] [node_s0] [test][0] received shard failed for [test][0], node[zh8EGFynRVuF0b25iuPgEA], [P], v[3], s[INITIALIZING], a[id=erSauVnOQuei_cgLc0oGJw], unassigned_info[[reason=ALLOCATION_FAILED], at[2016-04-18T07:03:58.112Z], details[failed recovery, failure IndexShardRecoveryException[failed to recovery from gateway]; nested: EngineCreationFailureException[failed to recover from translog]; nested: EngineException[failed to recover from translog]; nested: TranslogCorruptedException[translog corruption while reading from stream]; nested: TranslogCorruptedException[translog stream is corrupted, expected: 0xda484d4a, got: 0xbae587fc]; ]], indexUUID [jvViyj5qTFmJnQUMS7-e8g], message [failed recovery], failure [IndexShardRecoveryException[failed to recovery from gateway]; nested: EngineCreationFailureException[failed to recover from translog]; nested: EngineException[failed to recover from translog]; nested: TranslogCorruptedException[translog corruption while reading from stream]; nested: TranslogCorruptedException[translog stream is corrupted, expected: 0xda484d4a, got: 0xbae587fc]; ]
[test][[test][0]] IndexShardRecoveryException[failed to recovery from gateway]; nested: EngineCreationFailureException[failed to recover from translog]; nested: EngineException[failed to recover from translog]; nested: TranslogCorruptedException[translog corruption while reading from stream]; nested: TranslogCorruptedException[translog stream is corrupted, expected: 0xda484d4a, got: 0xbae587fc];
	at org.elasticsearch.index.shard.StoreRecovery.internalRecoverFromStore(StoreRecovery.java:234)
	at org.elasticsearch.index.shard.StoreRecovery.lambda$recoverFromStore$189(StoreRecovery.java:77)
	at org.elasticsearch.index.shard.StoreRecovery.executeRecovery(StoreRecovery.java:122)
	at org.elasticsearch.index.shard.StoreRecovery.recoverFromStore(StoreRecovery.java:75)
	at org.elasticsearch.index.shard.IndexShard.recoverFromStore(IndexShard.java:1059)
	at org.elasticsearch.indices.cluster.IndicesClusterStateService.lambda$applyInitializingShard$195(IndicesClusterStateService.java:648)
	at java.util.concurrent.ThreadPoolExecutor.runWorker(ThreadPoolExecutor.java:1142)
	at java.util.concurrent.ThreadPoolExecutor$Worker.run(ThreadPoolExecutor.java:617)
	at java.lang.Thread.run(Thread.java:745)
Caused by: [test][[test][0]] EngineCreationFailureException[failed to recover from translog]; nested: EngineException[failed to recover from translog]; nested: TranslogCorruptedException[translog corruption while reading from stream]; nested: TranslogCorruptedException[translog stream is corrupted, expected: 0xda484d4a, got: 0xbae587fc];
	at org.elasticsearch.index.engine.InternalEngine.<init>(InternalEngine.java:175)
	at org.elasticsearch.test.engine.MockInternalEngine.<init>(MockInternalEngine.java:36)
	at org.elasticsearch.test.engine.MockEngineFactory.newReadWriteEngine(MockEngineFactory.java:36)
	at org.elasticsearch.index.shard.IndexShard.newEngine(IndexShard.java:1310)
	at org.elasticsearch.index.shard.IndexShard.createNewEngine(IndexShard.java:1305)
	at org.elasticsearch.index.shard.IndexShard.internalPerformTranslogRecovery(IndexShard.java:888)
	at org.elasticsearch.index.shard.IndexShard.performTranslogRecovery(IndexShard.java:866)
	at org.elasticsearch.index.shard.StoreRecovery.internalRecoverFromStore(StoreRecovery.java:230)
	... 8 more
Caused by: [test][[test][0]] EngineException[failed to recover from translog]; nested: TranslogCorruptedException[translog corruption while reading from stream]; nested: TranslogCorruptedException[translog stream is corrupted, expected: 0xda484d4a, got: 0xbae587fc];
	at org.elasticsearch.index.engine.InternalEngine.recoverFromTranslog(InternalEngine.java:251)
	at org.elasticsearch.index.engine.InternalEngine.<init>(InternalEngine.java:172)
	... 15 more
Caused by: TranslogCorruptedException[translog corruption while reading from stream]; nested: TranslogCorruptedException[translog stream is corrupted, expected: 0xda484d4a, got: 0xbae587fc];
	at org.elasticsearch.index.translog.Translog.readOperation(Translog.java:1133)
	at org.elasticsearch.index.translog.BaseTranslogReader.read(BaseTranslogReader.java:114)
	at org.elasticsearch.index.translog.TranslogSnapshot.readOperation(TranslogSnapshot.java:70)
	at org.elasticsearch.index.translog.TranslogSnapshot.next(TranslogSnapshot.java:61)
	at org.elasticsearch.index.translog.MultiSnapshot.next(MultiSnapshot.java:53)
	at org.elasticsearch.index.engine.InternalEngine.recoverFromTranslog(InternalEngine.java:237)
	... 16 more
Caused by: TranslogCorruptedException[translog stream is corrupted, expected: 0xda484d4a, got: 0xbae587fc]
	at org.elasticsearch.index.translog.Translog.verifyChecksum(Translog.java:1091)
	at org.elasticsearch.index.translog.Translog.readOperation(Translog.java:1123)
	... 21 more
[2016-04-18 03:03:58,138][WARN ][org.elasticsearch.indices.cluster] [node_s0] [[test][0]] marking and sending shard failed due to [failed recovery]
[test][[test][0]] IndexShardRecoveryException[failed to recovery from gateway]; nested: EngineCreationFailureException[failed to recover from translog]; nested: EngineException[failed to recover from translog]; nested: TranslogCorruptedException[translog corruption while reading from stream]; nested: TranslogCorruptedException[translog stream is corrupted, expected: 0xda484d4a, got: 0xbae587fc];
	at org.elasticsearch.index.shard.StoreRecovery.internalRecoverFromStore(StoreRecovery.java:234)
	at org.elasticsearch.index.shard.StoreRecovery.lambda$recoverFromStore$189(StoreRecovery.java:77)
	at org.elasticsearch.index.shard.StoreRecovery.executeRecovery(StoreRecovery.java:122)
	at org.elasticsearch.index.shard.StoreRecovery.recoverFromStore(StoreRecovery.java:75)
	at org.elasticsearch.index.shard.IndexShard.recoverFromStore(IndexShard.java:1059)
	at org.elasticsearch.indices.cluster.IndicesClusterStateService.lambda$applyInitializingShard$195(IndicesClusterStateService.java:648)
	at java.util.concurrent.ThreadPoolExecutor.runWorker(ThreadPoolExecutor.java:1142)
	at java.util.concurrent.ThreadPoolExecutor$Worker.run(ThreadPoolExecutor.java:617)
	at java.lang.Thread.run(Thread.java:745)
Caused by: [test][[test][0]] EngineCreationFailureException[failed to recover from translog]; nested: EngineException[failed to recover from translog]; nested: TranslogCorruptedException[translog corruption while reading from stream]; nested: TranslogCorruptedException[translog stream is corrupted, expected: 0xda484d4a, got: 0xbae587fc];
	at org.elasticsearch.index.engine.InternalEngine.<init>(InternalEngine.java:175)
	at org.elasticsearch.test.engine.MockInternalEngine.<init>(MockInternalEngine.java:36)
	at org.elasticsearch.test.engine.MockEngineFactory.newReadWriteEngine(MockEngineFactory.java:36)
	at org.elasticsearch.index.shard.IndexShard.newEngine(IndexShard.java:1310)
	at org.elasticsearch.index.shard.IndexShard.createNewEngine(IndexShard.java:1305)
	at org.elasticsearch.index.shard.IndexShard.internalPerformTranslogRecovery(IndexShard.java:888)
	at org.elasticsearch.index.shard.IndexShard.performTranslogRecovery(IndexShard.java:866)
	at org.elasticsearch.index.shard.StoreRecovery.internalRecoverFromStore(StoreRecovery.java:230)
	... 8 more
Caused by: [test][[test][0]] EngineException[failed to recover from translog]; nested: TranslogCorruptedException[translog corruption while reading from stream]; nested: TranslogCorruptedException[translog stream is corrupted, expected: 0xda484d4a, got: 0xbae587fc];
	at org.elasticsearch.index.engine.InternalEngine.recoverFromTranslog(InternalEngine.java:251)
	at org.elasticsearch.index.engine.InternalEngine.<init>(InternalEngine.java:172)
	... 15 more
Caused by: TranslogCorruptedException[translog corruption while reading from stream]; nested: TranslogCorruptedException[translog stream is corrupted, expected: 0xda484d4a, got: 0xbae587fc];
	at org.elasticsearch.index.translog.Translog.readOperation(Translog.java:1133)
	at org.elasticsearch.index.translog.BaseTranslogReader.read(BaseTranslogReader.java:114)
	at org.elasticsearch.index.translog.TranslogSnapshot.readOperation(TranslogSnapshot.java:70)
	at org.elasticsearch.index.translog.TranslogSnapshot.next(TranslogSnapshot.java:61)
	at org.elasticsearch.index.translog.MultiSnapshot.next(MultiSnapshot.java:53)
	at org.elasticsearch.index.engine.InternalEngine.recoverFromTranslog(InternalEngine.java:237)
	... 16 more
Caused by: TranslogCorruptedException[translog stream is corrupted, expected: 0xda484d4a, got: 0xbae587fc]
	at org.elasticsearch.index.translog.Translog.verifyChecksum(Translog.java:1091)
	at org.elasticsearch.index.translog.Translog.readOperation(Translog.java:1123)
	... 21 more
[2016-04-18 03:03:58,139][WARN ][org.elasticsearch.cluster.action.shard] [node_s0] [test][0] received shard failed for [test][0], node[zh8EGFynRVuF0b25iuPgEA], [P], v[3], s[INITIALIZING], a[id=VT2yKXIyQXeQAVWdKUFjAg], unassigned_info[[reason=ALLOCATION_FAILED], at[2016-04-18T07:03:58.126Z], details[failed recovery, failure IndexShardRecoveryException[failed to recovery from gateway]; nested: EngineCreationFailureException[failed to recover from translog]; nested: EngineException[failed to recover from translog]; nested: TranslogCorruptedException[translog corruption while reading from stream]; nested: TranslogCorruptedException[translog stream is corrupted, expected: 0xda484d4a, got: 0xbae587fc]; ]], indexUUID [jvViyj5qTFmJnQUMS7-e8g], message [failed recovery], failure [IndexShardRecoveryException[failed to recovery from gateway]; nested: EngineCreationFailureException[failed to recover from translog]; nested: EngineException[failed to recover from translog]; nested: TranslogCorruptedException[translog corruption while reading from stream]; nested: TranslogCorruptedException[translog stream is corrupted, expected: 0xda484d4a, got: 0xbae587fc]; ]
[test][[test][0]] IndexShardRecoveryException[failed to recovery from gateway]; nested: EngineCreationFailureException[failed to recover from translog]; nested: EngineException[failed to recover from translog]; nested: TranslogCorruptedException[translog corruption while reading from stream]; nested: TranslogCorruptedException[translog stream is corrupted, expected: 0xda484d4a, got: 0xbae587fc];
	at org.elasticsearch.index.shard.StoreRecovery.internalRecoverFromStore(StoreRecovery.java:234)
	at org.elasticsearch.index.shard.StoreRecovery.lambda$recoverFromStore$189(StoreRecovery.java:77)
	at org.elasticsearch.index.shard.StoreRecovery.executeRecovery(StoreRecovery.java:122)
	at org.elasticsearch.index.shard.StoreRecovery.recoverFromStore(StoreRecovery.java:75)
	at org.elasticsearch.index.shard.IndexShard.recoverFromStore(IndexShard.java:1059)
	at org.elasticsearch.indices.cluster.IndicesClusterStateService.lambda$applyInitializingShard$195(IndicesClusterStateService.java:648)
	at java.util.concurrent.ThreadPoolExecutor.runWorker(ThreadPoolExecutor.java:1142)
	at java.util.concurrent.ThreadPoolExecutor$Worker.run(ThreadPoolExecutor.java:617)
	at java.lang.Thread.run(Thread.java:745)
Caused by: [test][[test][0]] EngineCreationFailureException[failed to recover from translog]; nested: EngineException[failed to recover from translog]; nested: TranslogCorruptedException[translog corruption while reading from stream]; nested: TranslogCorruptedException[translog stream is corrupted, expected: 0xda484d4a, got: 0xbae587fc];
	at org.elasticsearch.index.engine.InternalEngine.<init>(InternalEngine.java:175)
	at org.elasticsearch.test.engine.MockInternalEngine.<init>(MockInternalEngine.java:36)
	at org.elasticsearch.test.engine.MockEngineFactory.newReadWriteEngine(MockEngineFactory.java:36)
	at org.elasticsearch.index.shard.IndexShard.newEngine(IndexShard.java:1310)
	at org.elasticsearch.index.shard.IndexShard.createNewEngine(IndexShard.java:1305)
	at org.elasticsearch.index.shard.IndexShard.internalPerformTranslogRecovery(IndexShard.java:888)
	at org.elasticsearch.index.shard.IndexShard.performTranslogRecovery(IndexShard.java:866)
	at org.elasticsearch.index.shard.StoreRecovery.internalRecoverFromStore(StoreRecovery.java:230)
	... 8 more
Caused by: [test][[test][0]] EngineException[failed to recover from translog]; nested: TranslogCorruptedException[translog corruption while reading from stream]; nested: TranslogCorruptedException[translog stream is corrupted, expected: 0xda484d4a, got: 0xbae587fc];
	at org.elasticsearch.index.engine.InternalEngine.recoverFromTranslog(InternalEngine.java:251)
	at org.elasticsearch.index.engine.InternalEngine.<init>(InternalEngine.java:172)
	... 15 more
Caused by: TranslogCorruptedException[translog corruption while reading from stream]; nested: TranslogCorruptedException[translog stream is corrupted, expected: 0xda484d4a, got: 0xbae587fc];
	at org.elasticsearch.index.translog.Translog.readOperation(Translog.java:1133)
	at org.elasticsearch.index.translog.BaseTranslogReader.read(BaseTranslogReader.java:114)
	at org.elasticsearch.index.translog.TranslogSnapshot.readOperation(TranslogSnapshot.java:70)
	at org.elasticsearch.index.translog.TranslogSnapshot.next(TranslogSnapshot.java:61)
	at org.elasticsearch.index.translog.MultiSnapshot.next(MultiSnapshot.java:53)
	at org.elasticsearch.index.engine.InternalEngine.recoverFromTranslog(InternalEngine.java:237)
	... 16 more
Caused by: TranslogCorruptedException[translog stream is corrupted, expected: 0xda484d4a, got: 0xbae587fc]
	at org.elasticsearch.index.translog.Translog.verifyChecksum(Translog.java:1091)
	at org.elasticsearch.index.translog.Translog.readOperation(Translog.java:1123)
	... 21 more
[2016-04-18 03:03:58,152][WARN ][org.elasticsearch.indices.cluster] [node_s0] [[test][0]] marking and sending shard failed due to [failed recovery]
[test][[test][0]] IndexShardRecoveryException[failed to recovery from gateway]; nested: EngineCreationFailureException[failed to recover from translog]; nested: EngineException[failed to recover from translog]; nested: TranslogCorruptedException[translog corruption while reading from stream]; nested: TranslogCorruptedException[translog stream is corrupted, expected: 0xda484d4a, got: 0xbae587fc];
	at org.elasticsearch.index.shard.StoreRecovery.internalRecoverFromStore(StoreRecovery.java:234)
	at org.elasticsearch.index.shard.StoreRecovery.lambda$recoverFromStore$189(StoreRecovery.java:77)
	at org.elasticsearch.index.shard.StoreRecovery.executeRecovery(StoreRecovery.java:122)
	at org.elasticsearch.index.shard.StoreRecovery.recoverFromStore(StoreRecovery.java:75)
	at org.elasticsearch.index.shard.IndexShard.recoverFromStore(IndexShard.java:1059)
	at org.elasticsearch.indices.cluster.IndicesClusterStateService.lambda$applyInitializingShard$195(IndicesClusterStateService.java:648)
	at java.util.concurrent.ThreadPoolExecutor.runWorker(ThreadPoolExecutor.java:1142)
	at java.util.concurrent.ThreadPoolExecutor$Worker.run(ThreadPoolExecutor.java:617)
	at java.lang.Thread.run(Thread.java:745)
Caused by: [test][[test][0]] EngineCreationFailureException[failed to recover from translog]; nested: EngineException[failed to recover from translog]; nested: TranslogCorruptedException[translog corruption while reading from stream]; nested: TranslogCorruptedException[translog stream is corrupted, expected: 0xda484d4a, got: 0xbae587fc];
	at org.elasticsearch.index.engine.InternalEngine.<init>(InternalEngine.java:175)
	at org.elasticsearch.test.engine.MockInternalEngine.<init>(MockInternalEngine.java:36)
	at org.elasticsearch.test.engine.MockEngineFactory.newReadWriteEngine(MockEngineFactory.java:36)
	at org.elasticsearch.index.shard.IndexShard.newEngine(IndexShard.java:1310)
	at org.elasticsearch.index.shard.IndexShard.createNewEngine(IndexShard.java:1305)
	at org.elasticsearch.index.shard.IndexShard.internalPerformTranslogRecovery(IndexShard.java:888)
	at org.elasticsearch.index.shard.IndexShard.performTranslogRecovery(IndexShard.java:866)
	at org.elasticsearch.index.shard.StoreRecovery.internalRecoverFromStore(StoreRecovery.java:230)
	... 8 more
Caused by: [test][[test][0]] EngineException[failed to recover from translog]; nested: TranslogCorruptedException[translog corruption while reading from stream]; nested: TranslogCorruptedException[translog stream is corrupted, expected: 0xda484d4a, got: 0xbae587fc];
	at org.elasticsearch.index.engine.InternalEngine.recoverFromTranslog(InternalEngine.java:251)
	at org.elasticsearch.index.engine.InternalEngine.<init>(InternalEngine.java:172)
	... 15 more
Caused by: TranslogCorruptedException[translog corruption while reading from stream]; nested: TranslogCorruptedException[translog stream is corrupted, expected: 0xda484d4a, got: 0xbae587fc];
	at org.elasticsearch.index.translog.Translog.readOperation(Translog.java:1133)
	at org.elasticsearch.index.translog.BaseTranslogReader.read(BaseTranslogReader.java:114)
	at org.elasticsearch.index.translog.TranslogSnapshot.readOperation(TranslogSnapshot.java:70)
	at org.elasticsearch.index.translog.TranslogSnapshot.next(TranslogSnapshot.java:61)
	at org.elasticsearch.index.translog.MultiSnapshot.next(MultiSnapshot.java:53)
	at org.elasticsearch.index.engine.InternalEngine.recoverFromTranslog(InternalEngine.java:237)
	... 16 more
Caused by: TranslogCorruptedException[translog stream is corrupted, expected: 0xda484d4a, got: 0xbae587fc]
	at org.elasticsearch.index.translog.Translog.verifyChecksum(Translog.java:1091)
	at org.elasticsearch.index.translog.Translog.readOperation(Translog.java:1123)
	... 21 more
[2016-04-18 03:03:58,152][WARN ][org.elasticsearch.cluster.action.shard] [node_s0] [test][0] received shard failed for [test][0], node[zh8EGFynRVuF0b25iuPgEA], [P], v[3], s[INITIALIZING], a[id=H8Qf4c3ESVScafbOGspbNg], unassigned_info[[reason=ALLOCATION_FAILED], at[2016-04-18T07:03:58.139Z], details[failed recovery, failure IndexShardRecoveryException[failed to recovery from gateway]; nested: EngineCreationFailureException[failed to recover from translog]; nested: EngineException[failed to recover from translog]; nested: TranslogCorruptedException[translog corruption while reading from stream]; nested: TranslogCorruptedException[translog stream is corrupted, expected: 0xda484d4a, got: 0xbae587fc]; ]], indexUUID [jvViyj5qTFmJnQUMS7-e8g], message [failed recovery], failure [IndexShardRecoveryException[failed to recovery from gateway]; nested: EngineCreationFailureException[failed to recover from translog]; nested: EngineException[failed to recover from translog]; nested: TranslogCorruptedException[translog corruption while reading from stream]; nested: TranslogCorruptedException[translog stream is corrupted, expected: 0xda484d4a, got: 0xbae587fc]; ]
[test][[test][0]] IndexShardRecoveryException[failed to recovery from gateway]; nested: EngineCreationFailureException[failed to recover from translog]; nested: EngineException[failed to recover from translog]; nested: TranslogCorruptedException[translog corruption while reading from stream]; nested: TranslogCorruptedException[translog stream is corrupted, expected: 0xda484d4a, got: 0xbae587fc];
	at org.elasticsearch.index.shard.StoreRecovery.internalRecoverFromStore(StoreRecovery.java:234)
	at org.elasticsearch.index.shard.StoreRecovery.lambda$recoverFromStore$189(StoreRecovery.java:77)
	at org.elasticsearch.index.shard.StoreRecovery.executeRecovery(StoreRecovery.java:122)
	at org.elasticsearch.index.shard.StoreRecovery.recoverFromStore(StoreRecovery.java:75)
	at org.elasticsearch.index.shard.IndexShard.recoverFromStore(IndexShard.java:1059)
	at org.elasticsearch.indices.cluster.IndicesClusterStateService.lambda$applyInitializingShard$195(IndicesClusterStateService.java:648)
	at java.util.concurrent.ThreadPoolExecutor.runWorker(ThreadPoolExecutor.java:1142)
	at java.util.concurrent.ThreadPoolExecutor$Worker.run(ThreadPoolExecutor.java:617)
	at java.lang.Thread.run(Thread.java:745)
Caused by: [test][[test][0]] EngineCreationFailureException[failed to recover from translog]; nested: EngineException[failed to recover from translog]; nested: TranslogCorruptedException[translog corruption while reading from stream]; nested: TranslogCorruptedException[translog stream is corrupted, expected: 0xda484d4a, got: 0xbae587fc];
	at org.elasticsearch.index.engine.InternalEngine.<init>(InternalEngine.java:175)
	at org.elasticsearch.test.engine.MockInternalEngine.<init>(MockInternalEngine.java:36)
	at org.elasticsearch.test.engine.MockEngineFactory.newReadWriteEngine(MockEngineFactory.java:36)
	at org.elasticsearch.index.shard.IndexShard.newEngine(IndexShard.java:1310)
	at org.elasticsearch.index.shard.IndexShard.createNewEngine(IndexShard.java:1305)
	at org.elasticsearch.index.shard.IndexShard.internalPerformTranslogRecovery(IndexShard.java:888)
	at org.elasticsearch.index.shard.IndexShard.performTranslogRecovery(IndexShard.java:866)
	at org.elasticsearch.index.shard.StoreRecovery.internalRecoverFromStore(StoreRecovery.java:230)
	... 8 more
Caused by: [test][[test][0]] EngineException[failed to recover from translog]; nested: TranslogCorruptedException[translog corruption while reading from stream]; nested: TranslogCorruptedException[translog stream is corrupted, expected: 0xda484d4a, got: 0xbae587fc];
	at org.elasticsearch.index.engine.InternalEngine.recoverFromTranslog(InternalEngine.java:251)
	at org.elasticsearch.index.engine.InternalEngine.<init>(InternalEngine.java:172)
	... 15 more
Caused by: TranslogCorruptedException[translog corruption while reading from stream]; nested: TranslogCorruptedException[translog stream is corrupted, expected: 0xda484d4a, got: 0xbae587fc];
	at org.elasticsearch.index.translog.Translog.readOperation(Translog.java:1133)
	at org.elasticsearch.index.translog.BaseTranslogReader.read(BaseTranslogReader.java:114)
	at org.elasticsearch.index.translog.TranslogSnapshot.readOperation(TranslogSnapshot.java:70)
	at org.elasticsearch.index.translog.TranslogSnapshot.next(TranslogSnapshot.java:61)
	at org.elasticsearch.index.translog.MultiSnapshot.next(MultiSnapshot.java:53)
	at org.elasticsearch.index.engine.InternalEngine.recoverFromTranslog(InternalEngine.java:237)
	... 16 more
Caused by: TranslogCorruptedException[translog stream is corrupted, expected: 0xda484d4a, got: 0xbae587fc]
	at org.elasticsearch.index.translog.Translog.verifyChecksum(Translog.java:1091)
	at org.elasticsearch.index.translog.Translog.readOperation(Translog.java:1123)
	... 21 more
[2016-04-18 03:03:58,167][WARN ][org.elasticsearch.indices.cluster] [node_s0] [[test][0]] marking and sending shard failed due to [failed recovery]
[test][[test][0]] IndexShardRecoveryException[failed to recovery from gateway]; nested: EngineCreationFailureException[failed to recover from translog]; nested: EngineException[failed to recover from translog]; nested: TranslogCorruptedException[translog corruption while reading from stream]; nested: TranslogCorruptedException[translog stream is corrupted, expected: 0xda484d4a, got: 0xbae587fc];
	at org.elasticsearch.index.shard.StoreRecovery.internalRecoverFromStore(StoreRecovery.java:234)
	at org.elasticsearch.index.shard.StoreRecovery.lambda$recoverFromStore$189(StoreRecovery.java:77)
	at org.elasticsearch.index.shard.StoreRecovery.executeRecovery(StoreRecovery.java:122)
	at org.elasticsearch.index.shard.StoreRecovery.recoverFromStore(StoreRecovery.java:75)
	at org.elasticsearch.index.shard.IndexShard.recoverFromStore(IndexShard.java:1059)
	at org.elasticsearch.indices.cluster.IndicesClusterStateService.lambda$applyInitializingShard$195(IndicesClusterStateService.java:648)
	at java.util.concurrent.ThreadPoolExecutor.runWorker(ThreadPoolExecutor.java:1142)
	at java.util.concurrent.ThreadPoolExecutor$Worker.run(ThreadPoolExecutor.java:617)
	at java.lang.Thread.run(Thread.java:745)
Caused by: [test][[test][0]] EngineCreationFailureException[failed to recover from translog]; nested: EngineException[failed to recover from translog]; nested: TranslogCorruptedException[translog corruption while reading from stream]; nested: TranslogCorruptedException[translog stream is corrupted, expected: 0xda484d4a, got: 0xbae587fc];
	at org.elasticsearch.index.engine.InternalEngine.<init>(InternalEngine.java:175)
	at org.elasticsearch.test.engine.MockInternalEngine.<init>(MockInternalEngine.java:36)
	at org.elasticsearch.test.engine.MockEngineFactory.newReadWriteEngine(MockEngineFactory.java:36)
	at org.elasticsearch.index.shard.IndexShard.newEngine(IndexShard.java:1310)
	at org.elasticsearch.index.shard.IndexShard.createNewEngine(IndexShard.java:1305)
	at org.elasticsearch.index.shard.IndexShard.internalPerformTranslogRecovery(IndexShard.java:888)
	at org.elasticsearch.index.shard.IndexShard.performTranslogRecovery(IndexShard.java:866)
	at org.elasticsearch.index.shard.StoreRecovery.internalRecoverFromStore(StoreRecovery.java:230)
	... 8 more
Caused by: [test][[test][0]] EngineException[failed to recover from translog]; nested: TranslogCorruptedException[translog corruption while reading from stream]; nested: TranslogCorruptedException[translog stream is corrupted, expected: 0xda484d4a, got: 0xbae587fc];
	at org.elasticsearch.index.engine.InternalEngine.recoverFromTranslog(InternalEngine.java:251)
	at org.elasticsearch.index.engine.InternalEngine.<init>(InternalEngine.java:172)
	... 15 more
Caused by: TranslogCorruptedException[translog corruption while reading from stream]; nested: TranslogCorruptedException[translog stream is corrupted, expected: 0xda484d4a, got: 0xbae587fc];
	at org.elasticsearch.index.translog.Translog.readOperation(Translog.java:1133)
	at org.elasticsearch.index.translog.BaseTranslogReader.read(BaseTranslogReader.java:114)
	at org.elasticsearch.index.translog.TranslogSnapshot.readOperation(TranslogSnapshot.java:70)
	at org.elasticsearch.index.translog.TranslogSnapshot.next(TranslogSnapshot.java:61)
	at org.elasticsearch.index.translog.MultiSnapshot.next(MultiSnapshot.java:53)
	at org.elasticsearch.index.engine.InternalEngine.recoverFromTranslog(InternalEngine.java:237)
	... 16 more
Caused by: TranslogCorruptedException[translog stream is corrupted, expected: 0xda484d4a, got: 0xbae587fc]
	at org.elasticsearch.index.translog.Translog.verifyChecksum(Translog.java:1091)
	at org.elasticsearch.index.translog.Translog.readOperation(Translog.java:1123)
	... 21 more
[2016-04-18 03:03:58,167][WARN ][org.elasticsearch.cluster.action.shard] [node_s0] [test][0] received shard failed for [test][0], node[zh8EGFynRVuF0b25iuPgEA], [P], v[3], s[INITIALIZING], a[id=uQmfByi7TxCO8JuCcdxr5w], unassigned_info[[reason=ALLOCATION_FAILED], at[2016-04-18T07:03:58.153Z], details[failed recovery, failure IndexShardRecoveryException[failed to recovery from gateway]; nested: EngineCreationFailureException[failed to recover from translog]; nested: EngineException[failed to recover from translog]; nested: TranslogCorruptedException[translog corruption while reading from stream]; nested: TranslogCorruptedException[translog stream is corrupted, expected: 0xda484d4a, got: 0xbae587fc]; ]], indexUUID [jvViyj5qTFmJnQUMS7-e8g], message [failed recovery], failure [IndexShardRecoveryException[failed to recovery from gateway]; nested: EngineCreationFailureException[failed to recover from translog]; nested: EngineException[failed to recover from translog]; nested: TranslogCorruptedException[translog corruption while reading from stream]; nested: TranslogCorruptedException[translog stream is corrupted, expected: 0xda484d4a, got: 0xbae587fc]; ]
[test][[test][0]] IndexShardRecoveryException[failed to recovery from gateway]; nested: EngineCreationFailureException[failed to recover from translog]; nested: EngineException[failed to recover from translog]; nested: TranslogCorruptedException[translog corruption while reading from stream]; nested: TranslogCorruptedException[translog stream is corrupted, expected: 0xda484d4a, got: 0xbae587fc];
	at org.elasticsearch.index.shard.StoreRecovery.internalRecoverFromStore(StoreRecovery.java:234)
	at org.elasticsearch.index.shard.StoreRecovery.lambda$recoverFromStore$189(StoreRecovery.java:77)
	at org.elasticsearch.index.shard.StoreRecovery.executeRecovery(StoreRecovery.java:122)
	at org.elasticsearch.index.shard.StoreRecovery.recoverFromStore(StoreRecovery.java:75)
	at org.elasticsearch.index.shard.IndexShard.recoverFromStore(IndexShard.java:1059)
	at org.elasticsearch.indices.cluster.IndicesClusterStateService.lambda$applyInitializingShard$195(IndicesClusterStateService.java:648)
	at java.util.concurrent.ThreadPoolExecutor.runWorker(ThreadPoolExecutor.java:1142)
	at java.util.concurrent.ThreadPoolExecutor$Worker.run(ThreadPoolExecutor.java:617)
	at java.lang.Thread.run(Thread.java:745)
Caused by: [test][[test][0]] EngineCreationFailureException[failed to recover from translog]; nested: EngineException[failed to recover from translog]; nested: TranslogCorruptedException[translog corruption while reading from stream]; nested: TranslogCorruptedException[translog stream is corrupted, expected: 0xda484d4a, got: 0xbae587fc];
	at org.elasticsearch.index.engine.InternalEngine.<init>(InternalEngine.java:175)
	at org.elasticsearch.test.engine.MockInternalEngine.<init>(MockInternalEngine.java:36)
	at org.elasticsearch.test.engine.MockEngineFactory.newReadWriteEngine(MockEngineFactory.java:36)
	at org.elasticsearch.index.shard.IndexShard.newEngine(IndexShard.java:1310)
	at org.elasticsearch.index.shard.IndexShard.createNewEngine(IndexShard.java:1305)
	at org.elasticsearch.index.shard.IndexShard.internalPerformTranslogRecovery(IndexShard.java:888)
	at org.elasticsearch.index.shard.IndexShard.performTranslogRecovery(IndexShard.java:866)
	at org.elasticsearch.index.shard.StoreRecovery.internalRecoverFromStore(StoreRecovery.java:230)
	... 8 more
Caused by: [test][[test][0]] EngineException[failed to recover from translog]; nested: TranslogCorruptedException[translog corruption while reading from stream]; nested: TranslogCorruptedException[translog stream is corrupted, expected: 0xda484d4a, got: 0xbae587fc];
	at org.elasticsearch.index.engine.InternalEngine.recoverFromTranslog(InternalEngine.java:251)
	at org.elasticsearch.index.engine.InternalEngine.<init>(InternalEngine.java:172)
	... 15 more
Caused by: TranslogCorruptedException[translog corruption while reading from stream]; nested: TranslogCorruptedException[translog stream is corrupted, expected: 0xda484d4a, got: 0xbae587fc];
	at org.elasticsearch.index.translog.Translog.readOperation(Translog.java:1133)
	at org.elasticsearch.index.translog.BaseTranslogReader.read(BaseTranslogReader.java:114)
	at org.elasticsearch.index.translog.TranslogSnapshot.readOperation(TranslogSnapshot.java:70)
	at org.elasticsearch.index.translog.TranslogSnapshot.next(TranslogSnapshot.java:61)
	at org.elasticsearch.index.translog.MultiSnapshot.next(MultiSnapshot.java:53)
	at org.elasticsearch.index.engine.InternalEngine.recoverFromTranslog(InternalEngine.java:237)
	... 16 more
Caused by: TranslogCorruptedException[translog stream is corrupted, expected: 0xda484d4a, got: 0xbae587fc]
	at org.elasticsearch.index.translog.Translog.verifyChecksum(Translog.java:1091)
	at org.elasticsearch.index.translog.Translog.readOperation(Translog.java:1123)
	... 21 more
[2016-04-18 03:03:58,181][WARN ][org.elasticsearch.indices.cluster] [node_s0] [[test][0]] marking and sending shard failed due to [failed recovery]
[test][[test][0]] IndexShardRecoveryException[failed to recovery from gateway]; nested: EngineCreationFailureException[failed to recover from translog]; nested: EngineException[failed to recover from translog]; nested: TranslogCorruptedException[translog corruption while reading from stream]; nested: TranslogCorruptedException[translog stream is corrupted, expected: 0xda484d4a, got: 0xbae587fc];
	at org.elasticsearch.index.shard.StoreRecovery.internalRecoverFromStore(StoreRecovery.java:234)
	at org.elasticsearch.index.shard.StoreRecovery.lambda$recoverFromStore$189(StoreRecovery.java:77)
	at org.elasticsearch.index.shard.StoreRecovery.executeRecovery(StoreRecovery.java:122)
	at org.elasticsearch.index.shard.StoreRecovery.recoverFromStore(StoreRecovery.java:75)
	at org.elasticsearch.index.shard.IndexShard.recoverFromStore(IndexShard.java:1059)
	at org.elasticsearch.indices.cluster.IndicesClusterStateService.lambda$applyInitializingShard$195(IndicesClusterStateService.java:648)
	at java.util.concurrent.ThreadPoolExecutor.runWorker(ThreadPoolExecutor.java:1142)
	at java.util.concurrent.ThreadPoolExecutor$Worker.run(ThreadPoolExecutor.java:617)
	at java.lang.Thread.run(Thread.java:745)
Caused by: [test][[test][0]] EngineCreationFailureException[failed to recover from translog]; nested: EngineException[failed to recover from translog]; nested: TranslogCorruptedException[translog corruption while reading from stream]; nested: TranslogCorruptedException[translog stream is corrupted, expected: 0xda484d4a, got: 0xbae587fc];
	at org.elasticsearch.index.engine.InternalEngine.<init>(InternalEngine.java:175)
	at org.elasticsearch.test.engine.MockInternalEngine.<init>(MockInternalEngine.java:36)
	at org.elasticsearch.test.engine.MockEngineFactory.newReadWriteEngine(MockEngineFactory.java:36)
	at org.elasticsearch.index.shard.IndexShard.newEngine(IndexShard.java:1310)
	at org.elasticsearch.index.shard.IndexShard.createNewEngine(IndexShard.java:1305)
	at org.elasticsearch.index.shard.IndexShard.internalPerformTranslogRecovery(IndexShard.java:888)
	at org.elasticsearch.index.shard.IndexShard.performTranslogRecovery(IndexShard.java:866)
	at org.elasticsearch.index.shard.StoreRecovery.internalRecoverFromStore(StoreRecovery.java:230)
	... 8 more
Caused by: [test][[test][0]] EngineException[failed to recover from translog]; nested: TranslogCorruptedException[translog corruption while reading from stream]; nested: TranslogCorruptedException[translog stream is corrupted, expected: 0xda484d4a, got: 0xbae587fc];
	at org.elasticsearch.index.engine.InternalEngine.recoverFromTranslog(InternalEngine.java:251)
	at org.elasticsearch.index.engine.InternalEngine.<init>(InternalEngine.java:172)
	... 15 more
Caused by: TranslogCorruptedException[translog corruption while reading from stream]; nested: TranslogCorruptedException[translog stream is corrupted, expected: 0xda484d4a, got: 0xbae587fc];
	at org.elasticsearch.index.translog.Translog.readOperation(Translog.java:1133)
	at org.elasticsearch.index.translog.BaseTranslogReader.read(BaseTranslogReader.java:114)
	at org.elasticsearch.index.translog.TranslogSnapshot.readOperation(TranslogSnapshot.java:70)
	at org.elasticsearch.index.translog.TranslogSnapshot.next(TranslogSnapshot.java:61)
	at org.elasticsearch.index.translog.MultiSnapshot.next(MultiSnapshot.java:53)
	at org.elasticsearch.index.engine.InternalEngine.recoverFromTranslog(InternalEngine.java:237)
	... 16 more
Caused by: TranslogCorruptedException[translog stream is corrupted, expected: 0xda484d4a, got: 0xbae587fc]
	at org.elasticsearch.index.translog.Translog.verifyChecksum(Translog.java:1091)
	at org.elasticsearch.index.translog.Translog.readOperation(Translog.java:1123)
	... 21 more
[2016-04-18 03:03:58,182][WARN ][org.elasticsearch.cluster.action.shard] [node_s0] [test][0] received shard failed for [test][0], node[zh8EGFynRVuF0b25iuPgEA], [P], v[3], s[INITIALIZING], a[id=iIs0wgpsSG-ovR8hZJsO5w], unassigned_info[[reason=ALLOCATION_FAILED], at[2016-04-18T07:03:58.168Z], details[failed recovery, failure IndexShardRecoveryException[failed to recovery from gateway]; nested: EngineCreationFailureException[failed to recover from translog]; nested: EngineException[failed to recover from translog]; nested: TranslogCorruptedException[translog corruption while reading from stream]; nested: TranslogCorruptedException[translog stream is corrupted, expected: 0xda484d4a, got: 0xbae587fc]; ]], indexUUID [jvViyj5qTFmJnQUMS7-e8g], message [failed recovery], failure [IndexShardRecoveryException[failed to recovery from gateway]; nested: EngineCreationFailureException[failed to recover from translog]; nested: EngineException[failed to recover from translog]; nested: TranslogCorruptedException[translog corruption while reading from stream]; nested: TranslogCorruptedException[translog stream is corrupted, expected: 0xda484d4a, got: 0xbae587fc]; ]
[test][[test][0]] IndexShardRecoveryException[failed to recovery from gateway]; nested: EngineCreationFailureException[failed to recover from translog]; nested: EngineException[failed to recover from translog]; nested: TranslogCorruptedException[translog corruption while reading from stream]; nested: TranslogCorruptedException[translog stream is corrupted, expected: 0xda484d4a, got: 0xbae587fc];
	at org.elasticsearch.index.shard.StoreRecovery.internalRecoverFromStore(StoreRecovery.java:234)
	at org.elasticsearch.index.shard.StoreRecovery.lambda$recoverFromStore$189(StoreRecovery.java:77)
	at org.elasticsearch.index.shard.StoreRecovery.executeRecovery(StoreRecovery.java:122)
	at org.elasticsearch.index.shard.StoreRecovery.recoverFromStore(StoreRecovery.java:75)
	at org.elasticsearch.index.shard.IndexShard.recoverFromStore(IndexShard.java:1059)
	at org.elasticsearch.indices.cluster.IndicesClusterStateService.lambda$applyInitializingShard$195(IndicesClusterStateService.java:648)
	at java.util.concurrent.ThreadPoolExecutor.runWorker(ThreadPoolExecutor.java:1142)
	at java.util.concurrent.ThreadPoolExecutor$Worker.run(ThreadPoolExecutor.java:617)
	at java.lang.Thread.run(Thread.java:745)
Caused by: [test][[test][0]] EngineCreationFailureException[failed to recover from translog]; nested: EngineException[failed to recover from translog]; nested: TranslogCorruptedException[translog corruption while reading from stream]; nested: TranslogCorruptedException[translog stream is corrupted, expected: 0xda484d4a, got: 0xbae587fc];
	at org.elasticsearch.index.engine.InternalEngine.<init>(InternalEngine.java:175)
	at org.elasticsearch.test.engine.MockInternalEngine.<init>(MockInternalEngine.java:36)
	at org.elasticsearch.test.engine.MockEngineFactory.newReadWriteEngine(MockEngineFactory.java:36)
	at org.elasticsearch.index.shard.IndexShard.newEngine(IndexShard.java:1310)
	at org.elasticsearch.index.shard.IndexShard.createNewEngine(IndexShard.java:1305)
	at org.elasticsearch.index.shard.IndexShard.internalPerformTranslogRecovery(IndexShard.java:888)
	at org.elasticsearch.index.shard.IndexShard.performTranslogRecovery(IndexShard.java:866)
	at org.elasticsearch.index.shard.StoreRecovery.internalRecoverFromStore(StoreRecovery.java:230)
	... 8 more
Caused by: [test][[test][0]] EngineException[failed to recover from translog]; nested: TranslogCorruptedException[translog corruption while reading from stream]; nested: TranslogCorruptedException[translog stream is corrupted, expected: 0xda484d4a, got: 0xbae587fc];
	at org.elasticsearch.index.engine.InternalEngine.recoverFromTranslog(InternalEngine.java:251)
	at org.elasticsearch.index.engine.InternalEngine.<init>(InternalEngine.java:172)
	... 15 more
Caused by: TranslogCorruptedException[translog corruption while reading from stream]; nested: TranslogCorruptedException[translog stream is corrupted, expected: 0xda484d4a, got: 0xbae587fc];
	at org.elasticsearch.index.translog.Translog.readOperation(Translog.java:1133)
	at org.elasticsearch.index.translog.BaseTranslogReader.read(BaseTranslogReader.java:114)
	at org.elasticsearch.index.translog.TranslogSnapshot.readOperation(TranslogSnapshot.java:70)
	at org.elasticsearch.index.translog.TranslogSnapshot.next(TranslogSnapshot.java:61)
	at org.elasticsearch.index.translog.MultiSnapshot.next(MultiSnapshot.java:53)
	at org.elasticsearch.index.engine.InternalEngine.recoverFromTranslog(InternalEngine.java:237)
	... 16 more
Caused by: TranslogCorruptedException[translog stream is corrupted, expected: 0xda484d4a, got: 0xbae587fc]
	at org.elasticsearch.index.translog.Translog.verifyChecksum(Translog.java:1091)
	at org.elasticsearch.index.translog.Translog.readOperation(Translog.java:1123)
	... 21 more
[2016-04-18 03:03:58,195][WARN ][org.elasticsearch.indices.cluster] [node_s0] [[test][0]] marking and sending shard failed due to [failed recovery]
[test][[test][0]] IndexShardRecoveryException[failed to recovery from gateway]; nested: EngineCreationFailureException[failed to recover from translog]; nested: EngineException[failed to recover from translog]; nested: TranslogCorruptedException[translog corruption while reading from stream]; nested: TranslogCorruptedException[translog stream is corrupted, expected: 0xda484d4a, got: 0xbae587fc];
	at org.elasticsearch.index.shard.StoreRecovery.internalRecoverFromStore(StoreRecovery.java:234)
	at org.elasticsearch.index.shard.StoreRecovery.lambda$recoverFromStore$189(StoreRecovery.java:77)
	at org.elasticsearch.index.shard.StoreRecovery.executeRecovery(StoreRecovery.java:122)
	at org.elasticsearch.index.shard.StoreRecovery.recoverFromStore(StoreRecovery.java:75)
	at org.elasticsearch.index.shard.IndexShard.recoverFromStore(IndexShard.java:1059)
	at org.elasticsearch.indices.cluster.IndicesClusterStateService.lambda$applyInitializingShard$195(IndicesClusterStateService.java:648)
	at java.util.concurrent.ThreadPoolExecutor.runWorker(ThreadPoolExecutor.java:1142)
	at java.util.concurrent.ThreadPoolExecutor$Worker.run(ThreadPoolExecutor.java:617)
	at java.lang.Thread.run(Thread.java:745)
Caused by: [test][[test][0]] EngineCreationFailureException[failed to recover from translog]; nested: EngineException[failed to recover from translog]; nested: TranslogCorruptedException[translog corruption while reading from stream]; nested: TranslogCorruptedException[translog stream is corrupted, expected: 0xda484d4a, got: 0xbae587fc];
	at org.elasticsearch.index.engine.InternalEngine.<init>(InternalEngine.java:175)
	at org.elasticsearch.test.engine.MockInternalEngine.<init>(MockInternalEngine.java:36)
	at org.elasticsearch.test.engine.MockEngineFactory.newReadWriteEngine(MockEngineFactory.java:36)
	at org.elasticsearch.index.shard.IndexShard.newEngine(IndexShard.java:1310)
	at org.elasticsearch.index.shard.IndexShard.createNewEngine(IndexShard.java:1305)
	at org.elasticsearch.index.shard.IndexShard.internalPerformTranslogRecovery(IndexShard.java:888)
	at org.elasticsearch.index.shard.IndexShard.performTranslogRecovery(IndexShard.java:866)
	at org.elasticsearch.index.shard.StoreRecovery.internalRecoverFromStore(StoreRecovery.java:230)
	... 8 more
Caused by: [test][[test][0]] EngineException[failed to recover from translog]; nested: TranslogCorruptedException[translog corruption while reading from stream]; nested: TranslogCorruptedException[translog stream is corrupted, expected: 0xda484d4a, got: 0xbae587fc];
	at org.elasticsearch.index.engine.InternalEngine.recoverFromTranslog(InternalEngine.java:251)
	at org.elasticsearch.index.engine.InternalEngine.<init>(InternalEngine.java:172)
	... 15 more
Caused by: TranslogCorruptedException[translog corruption while reading from stream]; nested: TranslogCorruptedException[translog stream is corrupted, expected: 0xda484d4a, got: 0xbae587fc];
	at org.elasticsearch.index.translog.Translog.readOperation(Translog.java:1133)
	at org.elasticsearch.index.translog.BaseTranslogReader.read(BaseTranslogReader.java:114)
	at org.elasticsearch.index.translog.TranslogSnapshot.readOperation(TranslogSnapshot.java:70)
	at org.elasticsearch.index.translog.TranslogSnapshot.next(TranslogSnapshot.java:61)
	at org.elasticsearch.index.translog.MultiSnapshot.next(MultiSnapshot.java:53)
	at org.elasticsearch.index.engine.InternalEngine.recoverFromTranslog(InternalEngine.java:237)
	... 16 more
Caused by: TranslogCorruptedException[translog stream is corrupted, expected: 0xda484d4a, got: 0xbae587fc]
	at org.elasticsearch.index.translog.Translog.verifyChecksum(Translog.java:1091)
	at org.elasticsearch.index.translog.Translog.readOperation(Translog.java:1123)
	... 21 more
[2016-04-18 03:03:58,196][WARN ][org.elasticsearch.cluster.action.shard] [node_s0] [test][0] received shard failed for [test][0], node[zh8EGFynRVuF0b25iuPgEA], [P], v[3], s[INITIALIZING], a[id=yVgrysyyTXGOWmhOWpkraw], unassigned_info[[reason=ALLOCATION_FAILED], at[2016-04-18T07:03:58.182Z], details[failed recovery, failure IndexShardRecoveryException[failed to recovery from gateway]; nested: EngineCreationFailureException[failed to recover from translog]; nested: EngineException[failed to recover from translog]; nested: TranslogCorruptedException[translog corruption while reading from stream]; nested: TranslogCorruptedException[translog stream is corrupted, expected: 0xda484d4a, got: 0xbae587fc]; ]], indexUUID [jvViyj5qTFmJnQUMS7-e8g], message [failed recovery], failure [IndexShardRecoveryException[failed to recovery from gateway]; nested: EngineCreationFailureException[failed to recover from translog]; nested: EngineException[failed to recover from translog]; nested: TranslogCorruptedException[translog corruption while reading from stream]; nested: TranslogCorruptedException[translog stream is corrupted, expected: 0xda484d4a, got: 0xbae587fc]; ]
[test][[test][0]] IndexShardRecoveryException[failed to recovery from gateway]; nested: EngineCreationFailureException[failed to recover from translog]; nested: EngineException[failed to recover from translog]; nested: TranslogCorruptedException[translog corruption while reading from stream]; nested: TranslogCorruptedException[translog stream is corrupted, expected: 0xda484d4a, got: 0xbae587fc];
	at org.elasticsearch.index.shard.StoreRecovery.internalRecoverFromStore(StoreRecovery.java:234)
	at org.elasticsearch.index.shard.StoreRecovery.lambda$recoverFromStore$189(StoreRecovery.java:77)
	at org.elasticsearch.index.shard.StoreRecovery.executeRecovery(StoreRecovery.java:122)
	at org.elasticsearch.index.shard.StoreRecovery.recoverFromStore(StoreRecovery.java:75)
	at org.elasticsearch.index.shard.IndexShard.recoverFromStore(IndexShard.java:1059)
	at org.elasticsearch.indices.cluster.IndicesClusterStateService.lambda$applyInitializingShard$195(IndicesClusterStateService.java:648)
	at java.util.concurrent.ThreadPoolExecutor.runWorker(ThreadPoolExecutor.java:1142)
	at java.util.concurrent.ThreadPoolExecutor$Worker.run(ThreadPoolExecutor.java:617)
	at java.lang.Thread.run(Thread.java:745)
Caused by: [test][[test][0]] EngineCreationFailureException[failed to recover from translog]; nested: EngineException[failed to recover from translog]; nested: TranslogCorruptedException[translog corruption while reading from stream]; nested: TranslogCorruptedException[translog stream is corrupted, expected: 0xda484d4a, got: 0xbae587fc];
	at org.elasticsearch.index.engine.InternalEngine.<init>(InternalEngine.java:175)
	at org.elasticsearch.test.engine.MockInternalEngine.<init>(MockInternalEngine.java:36)
	at org.elasticsearch.test.engine.MockEngineFactory.newReadWriteEngine(MockEngineFactory.java:36)
	at org.elasticsearch.index.shard.IndexShard.newEngine(IndexShard.java:1310)
	at org.elasticsearch.index.shard.IndexShard.createNewEngine(IndexShard.java:1305)
	at org.elasticsearch.index.shard.IndexShard.internalPerformTranslogRecovery(IndexShard.java:888)
	at org.elasticsearch.index.shard.IndexShard.performTranslogRecovery(IndexShard.java:866)
	at org.elasticsearch.index.shard.StoreRecovery.internalRecoverFromStore(StoreRecovery.java:230)
	... 8 more
Caused by: [test][[test][0]] EngineException[failed to recover from translog]; nested: TranslogCorruptedException[translog corruption while reading from stream]; nested: TranslogCorruptedException[translog stream is corrupted, expected: 0xda484d4a, got: 0xbae587fc];
	at org.elasticsearch.index.engine.InternalEngine.recoverFromTranslog(InternalEngine.java:251)
	at org.elasticsearch.index.engine.InternalEngine.<init>(InternalEngine.java:172)
	... 15 more
Caused by: TranslogCorruptedException[translog corruption while reading from stream]; nested: TranslogCorruptedException[translog stream is corrupted, expected: 0xda484d4a, got: 0xbae587fc];
	at org.elasticsearch.index.translog.Translog.readOperation(Translog.java:1133)
	at org.elasticsearch.index.translog.BaseTranslogReader.read(BaseTranslogReader.java:114)
	at org.elasticsearch.index.translog.TranslogSnapshot.readOperation(TranslogSnapshot.java:70)
	at org.elasticsearch.index.translog.TranslogSnapshot.next(TranslogSnapshot.java:61)
	at org.elasticsearch.index.translog.MultiSnapshot.next(MultiSnapshot.java:53)
	at org.elasticsearch.index.engine.InternalEngine.recoverFromTranslog(InternalEngine.java:237)
	... 16 more
Caused by: TranslogCorruptedException[translog stream is corrupted, expected: 0xda484d4a, got: 0xbae587fc]
	at org.elasticsearch.index.translog.Translog.verifyChecksum(Translog.java:1091)
	at org.elasticsearch.index.translog.Translog.readOperation(Translog.java:1123)
	... 21 more
[2016-04-18 03:03:58,213][WARN ][org.elasticsearch.indices.cluster] [node_s0] [[test][0]] marking and sending shard failed due to [failed recovery]
[test][[test][0]] IndexShardRecoveryException[failed to recovery from gateway]; nested: EngineCreationFailureException[failed to recover from translog]; nested: EngineException[failed to recover from translog]; nested: TranslogCorruptedException[translog corruption while reading from stream]; nested: TranslogCorruptedException[translog stream is corrupted, expected: 0xda484d4a, got: 0xbae587fc];
	at org.elasticsearch.index.shard.StoreRecovery.internalRecoverFromStore(StoreRecovery.java:234)
	at org.elasticsearch.index.shard.StoreRecovery.lambda$recoverFromStore$189(StoreRecovery.java:77)
	at org.elasticsearch.index.shard.StoreRecovery.executeRecovery(StoreRecovery.java:122)
	at org.elasticsearch.index.shard.StoreRecovery.recoverFromStore(StoreRecovery.java:75)
	at org.elasticsearch.index.shard.IndexShard.recoverFromStore(IndexShard.java:1059)
	at org.elasticsearch.indices.cluster.IndicesClusterStateService.lambda$applyInitializingShard$195(IndicesClusterStateService.java:648)
	at java.util.concurrent.ThreadPoolExecutor.runWorker(ThreadPoolExecutor.java:1142)
	at java.util.concurrent.ThreadPoolExecutor$Worker.run(ThreadPoolExecutor.java:617)
	at java.lang.Thread.run(Thread.java:745)
Caused by: [test][[test][0]] EngineCreationFailureException[failed to recover from translog]; nested: EngineException[failed to recover from translog]; nested: TranslogCorruptedException[translog corruption while reading from stream]; nested: TranslogCorruptedException[translog stream is corrupted, expected: 0xda484d4a, got: 0xbae587fc];
	at org.elasticsearch.index.engine.InternalEngine.<init>(InternalEngine.java:175)
	at org.elasticsearch.test.engine.MockInternalEngine.<init>(MockInternalEngine.java:36)
	at org.elasticsearch.test.engine.MockEngineFactory.newReadWriteEngine(MockEngineFactory.java:36)
	at org.elasticsearch.index.shard.IndexShard.newEngine(IndexShard.java:1310)
	at org.elasticsearch.index.shard.IndexShard.createNewEngine(IndexShard.java:1305)
	at org.elasticsearch.index.shard.IndexShard.internalPerformTranslogRecovery(IndexShard.java:888)
	at org.elasticsearch.index.shard.IndexShard.performTranslogRecovery(IndexShard.java:866)
	at org.elasticsearch.index.shard.StoreRecovery.internalRecoverFromStore(StoreRecovery.java:230)
	... 8 more
Caused by: [test][[test][0]] EngineException[failed to recover from translog]; nested: TranslogCorruptedException[translog corruption while reading from stream]; nested: TranslogCorruptedException[translog stream is corrupted, expected: 0xda484d4a, got: 0xbae587fc];
	at org.elasticsearch.index.engine.InternalEngine.recoverFromTranslog(InternalEngine.java:251)
	at org.elasticsearch.index.engine.InternalEngine.<init>(InternalEngine.java:172)
	... 15 more
Caused by: TranslogCorruptedException[translog corruption while reading from stream]; nested: TranslogCorruptedException[translog stream is corrupted, expected: 0xda484d4a, got: 0xbae587fc];
	at org.elasticsearch.index.translog.Translog.readOperation(Translog.java:1133)
	at org.elasticsearch.index.translog.BaseTranslogReader.read(BaseTranslogReader.java:114)
	at org.elasticsearch.index.translog.TranslogSnapshot.readOperation(TranslogSnapshot.java:70)
	at org.elasticsearch.index.translog.TranslogSnapshot.next(TranslogSnapshot.java:61)
	at org.elasticsearch.index.translog.MultiSnapshot.next(MultiSnapshot.java:53)
	at org.elasticsearch.index.engine.InternalEngine.recoverFromTranslog(InternalEngine.java:237)
	... 16 more
Caused by: TranslogCorruptedException[translog stream is corrupted, expected: 0xda484d4a, got: 0xbae587fc]
	at org.elasticsearch.index.translog.Translog.verifyChecksum(Translog.java:1091)
	at org.elasticsearch.index.translog.Translog.readOperation(Translog.java:1123)
	... 21 more
[2016-04-18 03:03:58,214][WARN ][org.elasticsearch.cluster.action.shard] [node_s0] [test][0] received shard failed for [test][0], node[zh8EGFynRVuF0b25iuPgEA], [P], v[3], s[INITIALIZING], a[id=SPl-VQ91ThmFmTkuqkDi3A], unassigned_info[[reason=ALLOCATION_FAILED], at[2016-04-18T07:03:58.196Z], details[failed recovery, failure IndexShardRecoveryException[failed to recovery from gateway]; nested: EngineCreationFailureException[failed to recover from translog]; nested: EngineException[failed to recover from translog]; nested: TranslogCorruptedException[translog corruption while reading from stream]; nested: TranslogCorruptedException[translog stream is corrupted, expected: 0xda484d4a, got: 0xbae587fc]; ]], indexUUID [jvViyj5qTFmJnQUMS7-e8g], message [failed recovery], failure [IndexShardRecoveryException[failed to recovery from gateway]; nested: EngineCreationFailureException[failed to recover from translog]; nested: EngineException[failed to recover from translog]; nested: TranslogCorruptedException[translog corruption while reading from stream]; nested: TranslogCorruptedException[translog stream is corrupted, expected: 0xda484d4a, got: 0xbae587fc]; ]
[test][[test][0]] IndexShardRecoveryException[failed to recovery from gateway]; nested: EngineCreationFailureException[failed to recover from translog]; nested: EngineException[failed to recover from translog]; nested: TranslogCorruptedException[translog corruption while reading from stream]; nested: TranslogCorruptedException[translog stream is corrupted, expected: 0xda484d4a, got: 0xbae587fc];
	at org.elasticsearch.index.shard.StoreRecovery.internalRecoverFromStore(StoreRecovery.java:234)
	at org.elasticsearch.index.shard.StoreRecovery.lambda$recoverFromStore$189(StoreRecovery.java:77)
	at org.elasticsearch.index.shard.StoreRecovery.executeRecovery(StoreRecovery.java:122)
	at org.elasticsearch.index.shard.StoreRecovery.recoverFromStore(StoreRecovery.java:75)
	at org.elasticsearch.index.shard.IndexShard.recoverFromStore(IndexShard.java:1059)
	at org.elasticsearch.indices.cluster.IndicesClusterStateService.lambda$applyInitializingShard$195(IndicesClusterStateService.java:648)
	at java.util.concurrent.ThreadPoolExecutor.runWorker(ThreadPoolExecutor.java:1142)
	at java.util.concurrent.ThreadPoolExecutor$Worker.run(ThreadPoolExecutor.java:617)
	at java.lang.Thread.run(Thread.java:745)
Caused by: [test][[test][0]] EngineCreationFailureException[failed to recover from translog]; nested: EngineException[failed to recover from translog]; nested: TranslogCorruptedException[translog corruption while reading from stream]; nested: TranslogCorruptedException[translog stream is corrupted, expected: 0xda484d4a, got: 0xbae587fc];
	at org.elasticsearch.index.engine.InternalEngine.<init>(InternalEngine.java:175)
	at org.elasticsearch.test.engine.MockInternalEngine.<init>(MockInternalEngine.java:36)
	at org.elasticsearch.test.engine.MockEngineFactory.newReadWriteEngine(MockEngineFactory.java:36)
	at org.elasticsearch.index.shard.IndexShard.newEngine(IndexShard.java:1310)
	at org.elasticsearch.index.shard.IndexShard.createNewEngine(IndexShard.java:1305)
	at org.elasticsearch.index.shard.IndexShard.internalPerformTranslogRecovery(IndexShard.java:888)
	at org.elasticsearch.index.shard.IndexShard.performTranslogRecovery(IndexShard.java:866)
	at org.elasticsearch.index.shard.StoreRecovery.internalRecoverFromStore(StoreRecovery.java:230)
	... 8 more
Caused by: [test][[test][0]] EngineException[failed to recover from translog]; nested: TranslogCorruptedException[translog corruption while reading from stream]; nested: TranslogCorruptedException[translog stream is corrupted, expected: 0xda484d4a, got: 0xbae587fc];
	at org.elasticsearch.index.engine.InternalEngine.recoverFromTranslog(InternalEngine.java:251)
	at org.elasticsearch.index.engine.InternalEngine.<init>(InternalEngine.java:172)
	... 15 more
Caused by: TranslogCorruptedException[translog corruption while reading from stream]; nested: TranslogCorruptedException[translog stream is corrupted, expected: 0xda484d4a, got: 0xbae587fc];
	at org.elasticsearch.index.translog.Translog.readOperation(Translog.java:1133)
	at org.elasticsearch.index.translog.BaseTranslogReader.read(BaseTranslogReader.java:114)
	at org.elasticsearch.index.translog.TranslogSnapshot.readOperation(TranslogSnapshot.java:70)
	at org.elasticsearch.index.translog.TranslogSnapshot.next(TranslogSnapshot.java:61)
	at org.elasticsearch.index.translog.MultiSnapshot.next(MultiSnapshot.java:53)
	at org.elasticsearch.index.engine.InternalEngine.recoverFromTranslog(InternalEngine.java:237)
	... 16 more
Caused by: TranslogCorruptedException[translog stream is corrupted, expected: 0xda484d4a, got: 0xbae587fc]
	at org.elasticsearch.index.translog.Translog.verifyChecksum(Translog.java:1091)
	at org.elasticsearch.index.translog.Translog.readOperation(Translog.java:1123)
	... 21 more
[2016-04-18 03:03:58,229][WARN ][org.elasticsearch.indices.cluster] [node_s0] [[test][0]] marking and sending shard failed due to [failed recovery]
[test][[test][0]] IndexShardRecoveryException[failed to recovery from gateway]; nested: EngineCreationFailureException[failed to recover from translog]; nested: EngineException[failed to recover from translog]; nested: TranslogCorruptedException[translog corruption while reading from stream]; nested: TranslogCorruptedException[translog stream is corrupted, expected: 0xda484d4a, got: 0xbae587fc];
	at org.elasticsearch.index.shard.StoreRecovery.internalRecoverFromStore(StoreRecovery.java:234)
	at org.elasticsearch.index.shard.StoreRecovery.lambda$recoverFromStore$189(StoreRecovery.java:77)
	at org.elasticsearch.index.shard.StoreRecovery.executeRecovery(StoreRecovery.java:122)
	at org.elasticsearch.index.shard.StoreRecovery.recoverFromStore(StoreRecovery.java:75)
	at org.elasticsearch.index.shard.IndexShard.recoverFromStore(IndexShard.java:1059)
	at org.elasticsearch.indices.cluster.IndicesClusterStateService.lambda$applyInitializingShard$195(IndicesClusterStateService.java:648)
	at java.util.concurrent.ThreadPoolExecutor.runWorker(ThreadPoolExecutor.java:1142)
	at java.util.concurrent.ThreadPoolExecutor$Worker.run(ThreadPoolExecutor.java:617)
	at java.lang.Thread.run(Thread.java:745)
Caused by: [test][[test][0]] EngineCreationFailureException[failed to recover from translog]; nested: EngineException[failed to recover from translog]; nested: TranslogCorruptedException[translog corruption while reading from stream]; nested: TranslogCorruptedException[translog stream is corrupted, expected: 0xda484d4a, got: 0xbae587fc];
	at org.elasticsearch.index.engine.InternalEngine.<init>(InternalEngine.java:175)
	at org.elasticsearch.test.engine.MockInternalEngine.<init>(MockInternalEngine.java:36)
	at org.elasticsearch.test.engine.MockEngineFactory.newReadWriteEngine(MockEngineFactory.java:36)
	at org.elasticsearch.index.shard.IndexShard.newEngine(IndexShard.java:1310)
	at org.elasticsearch.index.shard.IndexShard.createNewEngine(IndexShard.java:1305)
	at org.elasticsearch.index.shard.IndexShard.internalPerformTranslogRecovery(IndexShard.java:888)
	at org.elasticsearch.index.shard.IndexShard.performTranslogRecovery(IndexShard.java:866)
	at org.elasticsearch.index.shard.StoreRecovery.internalRecoverFromStore(StoreRecovery.java:230)
	... 8 more
Caused by: [test][[test][0]] EngineException[failed to recover from translog]; nested: TranslogCorruptedException[translog corruption while reading from stream]; nested: TranslogCorruptedException[translog stream is corrupted, expected: 0xda484d4a, got: 0xbae587fc];
	at org.elasticsearch.index.engine.InternalEngine.recoverFromTranslog(InternalEngine.java:251)
	at org.elasticsearch.index.engine.InternalEngine.<init>(InternalEngine.java:172)
	... 15 more
Caused by: TranslogCorruptedException[translog corruption while reading from stream]; nested: TranslogCorruptedException[translog stream is corrupted, expected: 0xda484d4a, got: 0xbae587fc];
	at org.elasticsearch.index.translog.Translog.readOperation(Translog.java:1133)
	at org.elasticsearch.index.translog.BaseTranslogReader.read(BaseTranslogReader.java:114)
	at org.elasticsearch.index.translog.TranslogSnapshot.readOperation(TranslogSnapshot.java:70)
	at org.elasticsearch.index.translog.TranslogSnapshot.next(TranslogSnapshot.java:61)
	at org.elasticsearch.index.translog.MultiSnapshot.next(MultiSnapshot.java:53)
	at org.elasticsearch.index.engine.InternalEngine.recoverFromTranslog(InternalEngine.java:237)
	... 16 more
Caused by: TranslogCorruptedException[translog stream is corrupted, expected: 0xda484d4a, got: 0xbae587fc]
	at org.elasticsearch.index.translog.Translog.verifyChecksum(Translog.java:1091)
	at org.elasticsearch.index.translog.Translog.readOperation(Translog.java:1123)
	... 21 more
[2016-04-18 03:03:58,229][WARN ][org.elasticsearch.cluster.action.shard] [node_s0] [test][0] received shard failed for [test][0], node[zh8EGFynRVuF0b25iuPgEA], [P], v[3], s[INITIALIZING], a[id=mPjOj_ljTVej2D04JUbCOA], unassigned_info[[reason=ALLOCATION_FAILED], at[2016-04-18T07:03:58.214Z], details[failed recovery, failure IndexShardRecoveryException[failed to recovery from gateway]; nested: EngineCreationFailureException[failed to recover from translog]; nested: EngineException[failed to recover from translog]; nested: TranslogCorruptedException[translog corruption while reading from stream]; nested: TranslogCorruptedException[translog stream is corrupted, expected: 0xda484d4a, got: 0xbae587fc]; ]], indexUUID [jvViyj5qTFmJnQUMS7-e8g], message [failed recovery], failure [IndexShardRecoveryException[failed to recovery from gateway]; nested: EngineCreationFailureException[failed to recover from translog]; nested: EngineException[failed to recover from translog]; nested: TranslogCorruptedException[translog corruption while reading from stream]; nested: TranslogCorruptedException[translog stream is corrupted, expected: 0xda484d4a, got: 0xbae587fc]; ]
[test][[test][0]] IndexShardRecoveryException[failed to recovery from gateway]; nested: EngineCreationFailureException[failed to recover from translog]; nested: EngineException[failed to recover from translog]; nested: TranslogCorruptedException[translog corruption while reading from stream]; nested: TranslogCorruptedException[translog stream is corrupted, expected: 0xda484d4a, got: 0xbae587fc];
	at org.elasticsearch.index.shard.StoreRecovery.internalRecoverFromStore(StoreRecovery.java:234)
	at org.elasticsearch.index.shard.StoreRecovery.lambda$recoverFromStore$189(StoreRecovery.java:77)
	at org.elasticsearch.index.shard.StoreRecovery.executeRecovery(StoreRecovery.java:122)
	at org.elasticsearch.index.shard.StoreRecovery.recoverFromStore(StoreRecovery.java:75)
	at org.elasticsearch.index.shard.IndexShard.recoverFromStore(IndexShard.java:1059)
	at org.elasticsearch.indices.cluster.IndicesClusterStateService.lambda$applyInitializingShard$195(IndicesClusterStateService.java:648)
	at java.util.concurrent.ThreadPoolExecutor.runWorker(ThreadPoolExecutor.java:1142)
	at java.util.concurrent.ThreadPoolExecutor$Worker.run(ThreadPoolExecutor.java:617)
	at java.lang.Thread.run(Thread.java:745)
Caused by: [test][[test][0]] EngineCreationFailureException[failed to recover from translog]; nested: EngineException[failed to recover from translog]; nested: TranslogCorruptedException[translog corruption while reading from stream]; nested: TranslogCorruptedException[translog stream is corrupted, expected: 0xda484d4a, got: 0xbae587fc];
	at org.elasticsearch.index.engine.InternalEngine.<init>(InternalEngine.java:175)
	at org.elasticsearch.test.engine.MockInternalEngine.<init>(MockInternalEngine.java:36)
	at org.elasticsearch.test.engine.MockEngineFactory.newReadWriteEngine(MockEngineFactory.java:36)
	at org.elasticsearch.index.shard.IndexShard.newEngine(IndexShard.java:1310)
	at org.elasticsearch.index.shard.IndexShard.createNewEngine(IndexShard.java:1305)
	at org.elasticsearch.index.shard.IndexShard.internalPerformTranslogRecovery(IndexShard.java:888)
	at org.elasticsearch.index.shard.IndexShard.performTranslogRecovery(IndexShard.java:866)
	at org.elasticsearch.index.shard.StoreRecovery.internalRecoverFromStore(StoreRecovery.java:230)
	... 8 more
Caused by: [test][[test][0]] EngineException[failed to recover from translog]; nested: TranslogCorruptedException[translog corruption while reading from stream]; nested: TranslogCorruptedException[translog stream is corrupted, expected: 0xda484d4a, got: 0xbae587fc];
	at org.elasticsearch.index.engine.InternalEngine.recoverFromTranslog(InternalEngine.java:251)
	at org.elasticsearch.index.engine.InternalEngine.<init>(InternalEngine.java:172)
	... 15 more
Caused by: TranslogCorruptedException[translog corruption while reading from stream]; nested: TranslogCorruptedException[translog stream is corrupted, expected: 0xda484d4a, got: 0xbae587fc];
	at org.elasticsearch.index.translog.Translog.readOperation(Translog.java:1133)
	at org.elasticsearch.index.translog.BaseTranslogReader.read(BaseTranslogReader.java:114)
	at org.elasticsearch.index.translog.TranslogSnapshot.readOperation(TranslogSnapshot.java:70)
	at org.elasticsearch.index.translog.TranslogSnapshot.next(TranslogSnapshot.java:61)
	at org.elasticsearch.index.translog.MultiSnapshot.next(MultiSnapshot.java:53)
	at org.elasticsearch.index.engine.InternalEngine.recoverFromTranslog(InternalEngine.java:237)
	... 16 more
Caused by: TranslogCorruptedException[translog stream is corrupted, expected: 0xda484d4a, got: 0xbae587fc]
	at org.elasticsearch.index.translog.Translog.verifyChecksum(Translog.java:1091)
	at org.elasticsearch.index.translog.Translog.readOperation(Translog.java:1123)
	... 21 more
[2016-04-18 03:03:58,246][WARN ][org.elasticsearch.indices.cluster] [node_s0] [[test][0]] marking and sending shard failed due to [failed recovery]
[test][[test][0]] IndexShardRecoveryException[failed to recovery from gateway]; nested: EngineCreationFailureException[failed to recover from translog]; nested: EngineException[failed to recover from translog]; nested: TranslogCorruptedException[translog corruption while reading from stream]; nested: TranslogCorruptedException[translog stream is corrupted, expected: 0xda484d4a, got: 0xbae587fc];
	at org.elasticsearch.index.shard.StoreRecovery.internalRecoverFromStore(StoreRecovery.java:234)
	at org.elasticsearch.index.shard.StoreRecovery.lambda$recoverFromStore$189(StoreRecovery.java:77)
	at org.elasticsearch.index.shard.StoreRecovery.executeRecovery(StoreRecovery.java:122)
	at org.elasticsearch.index.shard.StoreRecovery.recoverFromStore(StoreRecovery.java:75)
	at org.elasticsearch.index.shard.IndexShard.recoverFromStore(IndexShard.java:1059)
	at org.elasticsearch.indices.cluster.IndicesClusterStateService.lambda$applyInitializingShard$195(IndicesClusterStateService.java:648)
	at java.util.concurrent.ThreadPoolExecutor.runWorker(ThreadPoolExecutor.java:1142)
	at java.util.concurrent.ThreadPoolExecutor$Worker.run(ThreadPoolExecutor.java:617)
	at java.lang.Thread.run(Thread.java:745)
Caused by: [test][[test][0]] EngineCreationFailureException[failed to recover from translog]; nested: EngineException[failed to recover from translog]; nested: TranslogCorruptedException[translog corruption while reading from stream]; nested: TranslogCorruptedException[translog stream is corrupted, expected: 0xda484d4a, got: 0xbae587fc];
	at org.elasticsearch.index.engine.InternalEngine.<init>(InternalEngine.java:175)
	at org.elasticsearch.test.engine.MockInternalEngine.<init>(MockInternalEngine.java:36)
	at org.elasticsearch.test.engine.MockEngineFactory.newReadWriteEngine(MockEngineFactory.java:36)
	at org.elasticsearch.index.shard.IndexShard.newEngine(IndexShard.java:1310)
	at org.elasticsearch.index.shard.IndexShard.createNewEngine(IndexShard.java:1305)
	at org.elasticsearch.index.shard.IndexShard.internalPerformTranslogRecovery(IndexShard.java:888)
	at org.elasticsearch.index.shard.IndexShard.performTranslogRecovery(IndexShard.java:866)
	at org.elasticsearch.index.shard.StoreRecovery.internalRecoverFromStore(StoreRecovery.java:230)
	... 8 more
Caused by: [test][[test][0]] EngineException[failed to recover from translog]; nested: TranslogCorruptedException[translog corruption while reading from stream]; nested: TranslogCorruptedException[translog stream is corrupted, expected: 0xda484d4a, got: 0xbae587fc];
	at org.elasticsearch.index.engine.InternalEngine.recoverFromTranslog(InternalEngine.java:251)
	at org.elasticsearch.index.engine.InternalEngine.<init>(InternalEngine.java:172)
	... 15 more
Caused by: TranslogCorruptedException[translog corruption while reading from stream]; nested: TranslogCorruptedException[translog stream is corrupted, expected: 0xda484d4a, got: 0xbae587fc];
	at org.elasticsearch.index.translog.Translog.readOperation(Translog.java:1133)
	at org.elasticsearch.index.translog.BaseTranslogReader.read(BaseTranslogReader.java:114)
	at org.elasticsearch.index.translog.TranslogSnapshot.readOperation(TranslogSnapshot.java:70)
	at org.elasticsearch.index.translog.TranslogSnapshot.next(TranslogSnapshot.java:61)
	at org.elasticsearch.index.translog.MultiSnapshot.next(MultiSnapshot.java:53)
	at org.elasticsearch.index.engine.InternalEngine.recoverFromTranslog(InternalEngine.java:237)
	... 16 more
Caused by: TranslogCorruptedException[translog stream is corrupted, expected: 0xda484d4a, got: 0xbae587fc]
	at org.elasticsearch.index.translog.Translog.verifyChecksum(Translog.java:1091)
	at org.elasticsearch.index.translog.Translog.readOperation(Translog.java:1123)
	... 21 more
[2016-04-18 03:03:58,247][WARN ][org.elasticsearch.cluster.action.shard] [node_s0] [test][0] received shard failed for [test][0], node[zh8EGFynRVuF0b25iuPgEA], [P], v[3], s[INITIALIZING], a[id=I1EwRioRR5iBEIRiOadoYg], unassigned_info[[reason=ALLOCATION_FAILED], at[2016-04-18T07:03:58.230Z], details[failed recovery, failure IndexShardRecoveryException[failed to recovery from gateway]; nested: EngineCreationFailureException[failed to recover from translog]; nested: EngineException[failed to recover from translog]; nested: TranslogCorruptedException[translog corruption while reading from stream]; nested: TranslogCorruptedException[translog stream is corrupted, expected: 0xda484d4a, got: 0xbae587fc]; ]], indexUUID [jvViyj5qTFmJnQUMS7-e8g], message [failed recovery], failure [IndexShardRecoveryException[failed to recovery from gateway]; nested: EngineCreationFailureException[failed to recover from translog]; nested: EngineException[failed to recover from translog]; nested: TranslogCorruptedException[translog corruption while reading from stream]; nested: TranslogCorruptedException[translog stream is corrupted, expected: 0xda484d4a, got: 0xbae587fc]; ]
[test][[test][0]] IndexShardRecoveryException[failed to recovery from gateway]; nested: EngineCreationFailureException[failed to recover from translog]; nested: EngineException[failed to recover from translog]; nested: TranslogCorruptedException[translog corruption while reading from stream]; nested: TranslogCorruptedException[translog stream is corrupted, expected: 0xda484d4a, got: 0xbae587fc];
	at org.elasticsearch.index.shard.StoreRecovery.internalRecoverFromStore(StoreRecovery.java:234)
	at org.elasticsearch.index.shard.StoreRecovery.lambda$recoverFromStore$189(StoreRecovery.java:77)
	at org.elasticsearch.index.shard.StoreRecovery.executeRecovery(StoreRecovery.java:122)
	at org.elasticsearch.index.shard.StoreRecovery.recoverFromStore(StoreRecovery.java:75)
	at org.elasticsearch.index.shard.IndexShard.recoverFromStore(IndexShard.java:1059)
	at org.elasticsearch.indices.cluster.IndicesClusterStateService.lambda$applyInitializingShard$195(IndicesClusterStateService.java:648)
	at java.util.concurrent.ThreadPoolExecutor.runWorker(ThreadPoolExecutor.java:1142)
	at java.util.concurrent.ThreadPoolExecutor$Worker.run(ThreadPoolExecutor.java:617)
	at java.lang.Thread.run(Thread.java:745)
Caused by: [test][[test][0]] EngineCreationFailureException[failed to recover from translog]; nested: EngineException[failed to recover from translog]; nested: TranslogCorruptedException[translog corruption while reading from stream]; nested: TranslogCorruptedException[translog stream is corrupted, expected: 0xda484d4a, got: 0xbae587fc];
	at org.elasticsearch.index.engine.InternalEngine.<init>(InternalEngine.java:175)
	at org.elasticsearch.test.engine.MockInternalEngine.<init>(MockInternalEngine.java:36)
	at org.elasticsearch.test.engine.MockEngineFactory.newReadWriteEngine(MockEngineFactory.java:36)
	at org.elasticsearch.index.shard.IndexShard.newEngine(IndexShard.java:1310)
	at org.elasticsearch.index.shard.IndexShard.createNewEngine(IndexShard.java:1305)
	at org.elasticsearch.index.shard.IndexShard.internalPerformTranslogRecovery(IndexShard.java:888)
	at org.elasticsearch.index.shard.IndexShard.performTranslogRecovery(IndexShard.java:866)
	at org.elasticsearch.index.shard.StoreRecovery.internalRecoverFromStore(StoreRecovery.java:230)
	... 8 more
Caused by: [test][[test][0]] EngineException[failed to recover from translog]; nested: TranslogCorruptedException[translog corruption while reading from stream]; nested: TranslogCorruptedException[translog stream is corrupted, expected: 0xda484d4a, got: 0xbae587fc];
	at org.elasticsearch.index.engine.InternalEngine.recoverFromTranslog(InternalEngine.java:251)
	at org.elasticsearch.index.engine.InternalEngine.<init>(InternalEngine.java:172)
	... 15 more
Caused by: TranslogCorruptedException[translog corruption while reading from stream]; nested: TranslogCorruptedException[translog stream is corrupted, expected: 0xda484d4a, got: 0xbae587fc];
	at org.elasticsearch.index.translog.Translog.readOperation(Translog.java:1133)
	at org.elasticsearch.index.translog.BaseTranslogReader.read(BaseTranslogReader.java:114)
	at org.elasticsearch.index.translog.TranslogSnapshot.readOperation(TranslogSnapshot.java:70)
	at org.elasticsearch.index.translog.TranslogSnapshot.next(TranslogSnapshot.java:61)
	at org.elasticsearch.index.translog.MultiSnapshot.next(MultiSnapshot.java:53)
	at org.elasticsearch.index.engine.InternalEngine.recoverFromTranslog(InternalEngine.java:237)
	... 16 more
Caused by: TranslogCorruptedException[translog stream is corrupted, expected: 0xda484d4a, got: 0xbae587fc]
	at org.elasticsearch.index.translog.Translog.verifyChecksum(Translog.java:1091)
	at org.elasticsearch.index.translog.Translog.readOperation(Translog.java:1123)
	... 21 more
[2016-04-18 03:03:58,260][WARN ][org.elasticsearch.indices.cluster] [node_s0] [[test][0]] marking and sending shard failed due to [failed recovery]
[test][[test][0]] IndexShardRecoveryException[failed to recovery from gateway]; nested: EngineCreationFailureException[failed to recover from translog]; nested: EngineException[failed to recover from translog]; nested: TranslogCorruptedException[translog corruption while reading from stream]; nested: TranslogCorruptedException[translog stream is corrupted, expected: 0xda484d4a, got: 0xbae587fc];
	at org.elasticsearch.index.shard.StoreRecovery.internalRecoverFromStore(StoreRecovery.java:234)
	at org.elasticsearch.index.shard.StoreRecovery.lambda$recoverFromStore$189(StoreRecovery.java:77)
	at org.elasticsearch.index.shard.StoreRecovery.executeRecovery(StoreRecovery.java:122)
	at org.elasticsearch.index.shard.StoreRecovery.recoverFromStore(StoreRecovery.java:75)
	at org.elasticsearch.index.shard.IndexShard.recoverFromStore(IndexShard.java:1059)
	at org.elasticsearch.indices.cluster.IndicesClusterStateService.lambda$applyInitializingShard$195(IndicesClusterStateService.java:648)
	at java.util.concurrent.ThreadPoolExecutor.runWorker(ThreadPoolExecutor.java:1142)
	at java.util.concurrent.ThreadPoolExecutor$Worker.run(ThreadPoolExecutor.java:617)
	at java.lang.Thread.run(Thread.java:745)
Caused by: [test][[test][0]] EngineCreationFailureException[failed to recover from translog]; nested: EngineException[failed to recover from translog]; nested: TranslogCorruptedException[translog corruption while reading from stream]; nested: TranslogCorruptedException[translog stream is corrupted, expected: 0xda484d4a, got: 0xbae587fc];
	at org.elasticsearch.index.engine.InternalEngine.<init>(InternalEngine.java:175)
	at org.elasticsearch.test.engine.MockInternalEngine.<init>(MockInternalEngine.java:36)
	at org.elasticsearch.test.engine.MockEngineFactory.newReadWriteEngine(MockEngineFactory.java:36)
	at org.elasticsearch.index.shard.IndexShard.newEngine(IndexShard.java:1310)
	at org.elasticsearch.index.shard.IndexShard.createNewEngine(IndexShard.java:1305)
	at org.elasticsearch.index.shard.IndexShard.internalPerformTranslogRecovery(IndexShard.java:888)
	at org.elasticsearch.index.shard.IndexShard.performTranslogRecovery(IndexShard.java:866)
	at org.elasticsearch.index.shard.StoreRecovery.internalRecoverFromStore(StoreRecovery.java:230)
	... 8 more
Caused by: [test][[test][0]] EngineException[failed to recover from translog]; nested: TranslogCorruptedException[translog corruption while reading from stream]; nested: TranslogCorruptedException[translog stream is corrupted, expected: 0xda484d4a, got: 0xbae587fc];
	at org.elasticsearch.index.engine.InternalEngine.recoverFromTranslog(InternalEngine.java:251)
	at org.elasticsearch.index.engine.InternalEngine.<init>(InternalEngine.java:172)
	... 15 more
Caused by: TranslogCorruptedException[translog corruption while reading from stream]; nested: TranslogCorruptedException[translog stream is corrupted, expected: 0xda484d4a, got: 0xbae587fc];
	at org.elasticsearch.index.translog.Translog.readOperation(Translog.java:1133)
	at org.elasticsearch.index.translog.BaseTranslogReader.read(BaseTranslogReader.java:114)
	at org.elasticsearch.index.translog.TranslogSnapshot.readOperation(TranslogSnapshot.java:70)
	at org.elasticsearch.index.translog.TranslogSnapshot.next(TranslogSnapshot.java:61)
	at org.elasticsearch.index.translog.MultiSnapshot.next(MultiSnapshot.java:53)
	at org.elasticsearch.index.engine.InternalEngine.recoverFromTranslog(InternalEngine.java:237)
	... 16 more
Caused by: TranslogCorruptedException[translog stream is corrupted, expected: 0xda484d4a, got: 0xbae587fc]
	at org.elasticsearch.index.translog.Translog.verifyChecksum(Translog.java:1091)
	at org.elasticsearch.index.translog.Translog.readOperation(Translog.java:1123)
	... 21 more
[2016-04-18 03:03:58,260][WARN ][org.elasticsearch.cluster.action.shard] [node_s0] [test][0] received shard failed for [test][0], node[zh8EGFynRVuF0b25iuPgEA], [P], v[3], s[INITIALIZING], a[id=CVQjVQQETqq17Z4NkiT3Kg], unassigned_info[[reason=ALLOCATION_FAILED], at[2016-04-18T07:03:58.247Z], details[failed recovery, failure IndexShardRecoveryException[failed to recovery from gateway]; nested: EngineCreationFailureException[failed to recover from translog]; nested: EngineException[failed to recover from translog]; nested: TranslogCorruptedException[translog corruption while reading from stream]; nested: TranslogCorruptedException[translog stream is corrupted, expected: 0xda484d4a, got: 0xbae587fc]; ]], indexUUID [jvViyj5qTFmJnQUMS7-e8g], message [failed recovery], failure [IndexShardRecoveryException[failed to recovery from gateway]; nested: EngineCreationFailureException[failed to recover from translog]; nested: EngineException[failed to recover from translog]; nested: TranslogCorruptedException[translog corruption while reading from stream]; nested: TranslogCorruptedException[translog stream is corrupted, expected: 0xda484d4a, got: 0xbae587fc]; ]
[test][[test][0]] IndexShardRecoveryException[failed to recovery from gateway]; nested: EngineCreationFailureException[failed to recover from translog]; nested: EngineException[failed to recover from translog]; nested: TranslogCorruptedException[translog corruption while reading from stream]; nested: TranslogCorruptedException[translog stream is corrupted, expected: 0xda484d4a, got: 0xbae587fc];
	at org.elasticsearch.index.shard.StoreRecovery.internalRecoverFromStore(StoreRecovery.java:234)
	at org.elasticsearch.index.shard.StoreRecovery.lambda$recoverFromStore$189(StoreRecovery.java:77)
	at org.elasticsearch.index.shard.StoreRecovery.executeRecovery(StoreRecovery.java:122)
	at org.elasticsearch.index.shard.StoreRecovery.recoverFromStore(StoreRecovery.java:75)
	at org.elasticsearch.index.shard.IndexShard.recoverFromStore(IndexShard.java:1059)
	at org.elasticsearch.indices.cluster.IndicesClusterStateService.lambda$applyInitializingShard$195(IndicesClusterStateService.java:648)
	at java.util.concurrent.ThreadPoolExecutor.runWorker(ThreadPoolExecutor.java:1142)
	at java.util.concurrent.ThreadPoolExecutor$Worker.run(ThreadPoolExecutor.java:617)
	at java.lang.Thread.run(Thread.java:745)
Caused by: [test][[test][0]] EngineCreationFailureException[failed to recover from translog]; nested: EngineException[failed to recover from translog]; nested: TranslogCorruptedException[translog corruption while reading from stream]; nested: TranslogCorruptedException[translog stream is corrupted, expected: 0xda484d4a, got: 0xbae587fc];
	at org.elasticsearch.index.engine.InternalEngine.<init>(InternalEngine.java:175)
	at org.elasticsearch.test.engine.MockInternalEngine.<init>(MockInternalEngine.java:36)
	at org.elasticsearch.test.engine.MockEngineFactory.newReadWriteEngine(MockEngineFactory.java:36)
	at org.elasticsearch.index.shard.IndexShard.newEngine(IndexShard.java:1310)
	at org.elasticsearch.index.shard.IndexShard.createNewEngine(IndexShard.java:1305)
	at org.elasticsearch.index.shard.IndexShard.internalPerformTranslogRecovery(IndexShard.java:888)
	at org.elasticsearch.index.shard.IndexShard.performTranslogRecovery(IndexShard.java:866)
	at org.elasticsearch.index.shard.StoreRecovery.internalRecoverFromStore(StoreRecovery.java:230)
	... 8 more
Caused by: [test][[test][0]] EngineException[failed to recover from translog]; nested: TranslogCorruptedException[translog corruption while reading from stream]; nested: TranslogCorruptedException[translog stream is corrupted, expected: 0xda484d4a, got: 0xbae587fc];
	at org.elasticsearch.index.engine.InternalEngine.recoverFromTranslog(InternalEngine.java:251)
	at org.elasticsearch.index.engine.InternalEngine.<init>(InternalEngine.java:172)
	... 15 more
Caused by: TranslogCorruptedException[translog corruption while reading from stream]; nested: TranslogCorruptedException[translog stream is corrupted, expected: 0xda484d4a, got: 0xbae587fc];
	at org.elasticsearch.index.translog.Translog.readOperation(Translog.java:1133)
	at org.elasticsearch.index.translog.BaseTranslogReader.read(BaseTranslogReader.java:114)
	at org.elasticsearch.index.translog.TranslogSnapshot.readOperation(TranslogSnapshot.java:70)
	at org.elasticsearch.index.translog.TranslogSnapshot.next(TranslogSnapshot.java:61)
	at org.elasticsearch.index.translog.MultiSnapshot.next(MultiSnapshot.java:53)
	at org.elasticsearch.index.engine.InternalEngine.recoverFromTranslog(InternalEngine.java:237)
	... 16 more
Caused by: TranslogCorruptedException[translog stream is corrupted, expected: 0xda484d4a, got: 0xbae587fc]
	at org.elasticsearch.index.translog.Translog.verifyChecksum(Translog.java:1091)
	at org.elasticsearch.index.translog.Translog.readOperation(Translog.java:1123)
	... 21 more
[2016-04-18 03:03:58,273][WARN ][org.elasticsearch.indices.cluster] [node_s0] [[test][0]] marking and sending shard failed due to [failed recovery]
[test][[test][0]] IndexShardRecoveryException[failed to recovery from gateway]; nested: EngineCreationFailureException[failed to recover from translog]; nested: EngineException[failed to recover from translog]; nested: TranslogCorruptedException[translog corruption while reading from stream]; nested: TranslogCorruptedException[translog stream is corrupted, expected: 0xda484d4a, got: 0xbae587fc];
	at org.elasticsearch.index.shard.StoreRecovery.internalRecoverFromStore(StoreRecovery.java:234)
	at org.elasticsearch.index.shard.StoreRecovery.lambda$recoverFromStore$189(StoreRecovery.java:77)
	at org.elasticsearch.index.shard.StoreRecovery.executeRecovery(StoreRecovery.java:122)
	at org.elasticsearch.index.shard.StoreRecovery.recoverFromStore(StoreRecovery.java:75)
	at org.elasticsearch.index.shard.IndexShard.recoverFromStore(IndexShard.java:1059)
	at org.elasticsearch.indices.cluster.IndicesClusterStateService.lambda$applyInitializingShard$195(IndicesClusterStateService.java:648)
	at java.util.concurrent.ThreadPoolExecutor.runWorker(ThreadPoolExecutor.java:1142)
	at java.util.concurrent.ThreadPoolExecutor$Worker.run(ThreadPoolExecutor.java:617)
	at java.lang.Thread.run(Thread.java:745)
Caused by: [test][[test][0]] EngineCreationFailureException[failed to recover from translog]; nested: EngineException[failed to recover from translog]; nested: TranslogCorruptedException[translog corruption while reading from stream]; nested: TranslogCorruptedException[translog stream is corrupted, expected: 0xda484d4a, got: 0xbae587fc];
	at org.elasticsearch.index.engine.InternalEngine.<init>(InternalEngine.java:175)
	at org.elasticsearch.test.engine.MockInternalEngine.<init>(MockInternalEngine.java:36)
	at org.elasticsearch.test.engine.MockEngineFactory.newReadWriteEngine(MockEngineFactory.java:36)
	at org.elasticsearch.index.shard.IndexShard.newEngine(IndexShard.java:1310)
	at org.elasticsearch.index.shard.IndexShard.createNewEngine(IndexShard.java:1305)
	at org.elasticsearch.index.shard.IndexShard.internalPerformTranslogRecovery(IndexShard.java:888)
	at org.elasticsearch.index.shard.IndexShard.performTranslogRecovery(IndexShard.java:866)
	at org.elasticsearch.index.shard.StoreRecovery.internalRecoverFromStore(StoreRecovery.java:230)
	... 8 more
Caused by: [test][[test][0]] EngineException[failed to recover from translog]; nested: TranslogCorruptedException[translog corruption while reading from stream]; nested: TranslogCorruptedException[translog stream is corrupted, expected: 0xda484d4a, got: 0xbae587fc];
	at org.elasticsearch.index.engine.InternalEngine.recoverFromTranslog(InternalEngine.java:251)
	at org.elasticsearch.index.engine.InternalEngine.<init>(InternalEngine.java:172)
	... 15 more
Caused by: TranslogCorruptedException[translog corruption while reading from stream]; nested: TranslogCorruptedException[translog stream is corrupted, expected: 0xda484d4a, got: 0xbae587fc];
	at org.elasticsearch.index.translog.Translog.readOperation(Translog.java:1133)
	at org.elasticsearch.index.translog.BaseTranslogReader.read(BaseTranslogReader.java:114)
	at org.elasticsearch.index.translog.TranslogSnapshot.readOperation(TranslogSnapshot.java:70)
	at org.elasticsearch.index.translog.TranslogSnapshot.next(TranslogSnapshot.java:61)
	at org.elasticsearch.index.translog.MultiSnapshot.next(MultiSnapshot.java:53)
	at org.elasticsearch.index.engine.InternalEngine.recoverFromTranslog(InternalEngine.java:237)
	... 16 more
Caused by: TranslogCorruptedException[translog stream is corrupted, expected: 0xda484d4a, got: 0xbae587fc]
	at org.elasticsearch.index.translog.Translog.verifyChecksum(Translog.java:1091)
	at org.elasticsearch.index.translog.Translog.readOperation(Translog.java:1123)
	... 21 more
[2016-04-18 03:03:58,273][WARN ][org.elasticsearch.cluster.action.shard] [node_s0] [test][0] received shard failed for [test][0], node[zh8EGFynRVuF0b25iuPgEA], [P], v[3], s[INITIALIZING], a[id=8F_fxk1bRTyIaG_qBx4jkA], unassigned_info[[reason=ALLOCATION_FAILED], at[2016-04-18T07:03:58.261Z], details[failed recovery, failure IndexShardRecoveryException[failed to recovery from gateway]; nested: EngineCreationFailureException[failed to recover from translog]; nested: EngineException[failed to recover from translog]; nested: TranslogCorruptedException[translog corruption while reading from stream]; nested: TranslogCorruptedException[translog stream is corrupted, expected: 0xda484d4a, got: 0xbae587fc]; ]], indexUUID [jvViyj5qTFmJnQUMS7-e8g], message [failed recovery], failure [IndexShardRecoveryException[failed to recovery from gateway]; nested: EngineCreationFailureException[failed to recover from translog]; nested: EngineException[failed to recover from translog]; nested: TranslogCorruptedException[translog corruption while reading from stream]; nested: TranslogCorruptedException[translog stream is corrupted, expected: 0xda484d4a, got: 0xbae587fc]; ]
[test][[test][0]] IndexShardRecoveryException[failed to recovery from gateway]; nested: EngineCreationFailureException[failed to recover from translog]; nested: EngineException[failed to recover from translog]; nested: TranslogCorruptedException[translog corruption while reading from stream]; nested: TranslogCorruptedException[translog stream is corrupted, expected: 0xda484d4a, got: 0xbae587fc];
	at org.elasticsearch.index.shard.StoreRecovery.internalRecoverFromStore(StoreRecovery.java:234)
	at org.elasticsearch.index.shard.StoreRecovery.lambda$recoverFromStore$189(StoreRecovery.java:77)
	at org.elasticsearch.index.shard.StoreRecovery.executeRecovery(StoreRecovery.java:122)
	at org.elasticsearch.index.shard.StoreRecovery.recoverFromStore(StoreRecovery.java:75)
	at org.elasticsearch.index.shard.IndexShard.recoverFromStore(IndexShard.java:1059)
	at org.elasticsearch.indices.cluster.IndicesClusterStateService.lambda$applyInitializingShard$195(IndicesClusterStateService.java:648)
	at java.util.concurrent.ThreadPoolExecutor.runWorker(ThreadPoolExecutor.java:1142)
	at java.util.concurrent.ThreadPoolExecutor$Worker.run(ThreadPoolExecutor.java:617)
	at java.lang.Thread.run(Thread.java:745)
Caused by: [test][[test][0]] EngineCreationFailureException[failed to recover from translog]; nested: EngineException[failed to recover from translog]; nested: TranslogCorruptedException[translog corruption while reading from stream]; nested: TranslogCorruptedException[translog stream is corrupted, expected: 0xda484d4a, got: 0xbae587fc];
	at org.elasticsearch.index.engine.InternalEngine.<init>(InternalEngine.java:175)
	at org.elasticsearch.test.engine.MockInternalEngine.<init>(MockInternalEngine.java:36)
	at org.elasticsearch.test.engine.MockEngineFactory.newReadWriteEngine(MockEngineFactory.java:36)
	at org.elasticsearch.index.shard.IndexShard.newEngine(IndexShard.java:1310)
	at org.elasticsearch.index.shard.IndexShard.createNewEngine(IndexShard.java:1305)
	at org.elasticsearch.index.shard.IndexShard.internalPerformTranslogRecovery(IndexShard.java:888)
	at org.elasticsearch.index.shard.IndexShard.performTranslogRecovery(IndexShard.java:866)
	at org.elasticsearch.index.shard.StoreRecovery.internalRecoverFromStore(StoreRecovery.java:230)
	... 8 more
Caused by: [test][[test][0]] EngineException[failed to recover from translog]; nested: TranslogCorruptedException[translog corruption while reading from stream]; nested: TranslogCorruptedException[translog stream is corrupted, expected: 0xda484d4a, got: 0xbae587fc];
	at org.elasticsearch.index.engine.InternalEngine.recoverFromTranslog(InternalEngine.java:251)
	at org.elasticsearch.index.engine.InternalEngine.<init>(InternalEngine.java:172)
	... 15 more
Caused by: TranslogCorruptedException[translog corruption while reading from stream]; nested: TranslogCorruptedException[translog stream is corrupted, expected: 0xda484d4a, got: 0xbae587fc];
	at org.elasticsearch.index.translog.Translog.readOperation(Translog.java:1133)
	at org.elasticsearch.index.translog.BaseTranslogReader.read(BaseTranslogReader.java:114)
	at org.elasticsearch.index.translog.TranslogSnapshot.readOperation(TranslogSnapshot.java:70)
	at org.elasticsearch.index.translog.TranslogSnapshot.next(TranslogSnapshot.java:61)
	at org.elasticsearch.index.translog.MultiSnapshot.next(MultiSnapshot.java:53)
	at org.elasticsearch.index.engine.InternalEngine.recoverFromTranslog(InternalEngine.java:237)
	... 16 more
Caused by: TranslogCorruptedException[translog stream is corrupted, expected: 0xda484d4a, got: 0xbae587fc]
	at org.elasticsearch.index.translog.Translog.verifyChecksum(Translog.java:1091)
	at org.elasticsearch.index.translog.Translog.readOperation(Translog.java:1123)
	... 21 more
[2016-04-18 03:03:58,287][WARN ][org.elasticsearch.indices.cluster] [node_s0] [[test][0]] marking and sending shard failed due to [failed recovery]
[test][[test][0]] IndexShardRecoveryException[failed to recovery from gateway]; nested: EngineCreationFailureException[failed to recover from translog]; nested: EngineException[failed to recover from translog]; nested: TranslogCorruptedException[translog corruption while reading from stream]; nested: TranslogCorruptedException[translog stream is corrupted, expected: 0xda484d4a, got: 0xbae587fc];
	at org.elasticsearch.index.shard.StoreRecovery.internalRecoverFromStore(StoreRecovery.java:234)
	at org.elasticsearch.index.shard.StoreRecovery.lambda$recoverFromStore$189(StoreRecovery.java:77)
	at org.elasticsearch.index.shard.StoreRecovery.executeRecovery(StoreRecovery.java:122)
	at org.elasticsearch.index.shard.StoreRecovery.recoverFromStore(StoreRecovery.java:75)
	at org.elasticsearch.index.shard.IndexShard.recoverFromStore(IndexShard.java:1059)
	at org.elasticsearch.indices.cluster.IndicesClusterStateService.lambda$applyInitializingShard$195(IndicesClusterStateService.java:648)
	at java.util.concurrent.ThreadPoolExecutor.runWorker(ThreadPoolExecutor.java:1142)
	at java.util.concurrent.ThreadPoolExecutor$Worker.run(ThreadPoolExecutor.java:617)
	at java.lang.Thread.run(Thread.java:745)
Caused by: [test][[test][0]] EngineCreationFailureException[failed to recover from translog]; nested: EngineException[failed to recover from translog]; nested: TranslogCorruptedException[translog corruption while reading from stream]; nested: TranslogCorruptedException[translog stream is corrupted, expected: 0xda484d4a, got: 0xbae587fc];
	at org.elasticsearch.index.engine.InternalEngine.<init>(InternalEngine.java:175)
	at org.elasticsearch.test.engine.MockInternalEngine.<init>(MockInternalEngine.java:36)
	at org.elasticsearch.test.engine.MockEngineFactory.newReadWriteEngine(MockEngineFactory.java:36)
	at org.elasticsearch.index.shard.IndexShard.newEngine(IndexShard.java:1310)
	at org.elasticsearch.index.shard.IndexShard.createNewEngine(IndexShard.java:1305)
	at org.elasticsearch.index.shard.IndexShard.internalPerformTranslogRecovery(IndexShard.java:888)
	at org.elasticsearch.index.shard.IndexShard.performTranslogRecovery(IndexShard.java:866)
	at org.elasticsearch.index.shard.StoreRecovery.internalRecoverFromStore(StoreRecovery.java:230)
	... 8 more
Caused by: [test][[test][0]] EngineException[failed to recover from translog]; nested: TranslogCorruptedException[translog corruption while reading from stream]; nested: TranslogCorruptedException[translog stream is corrupted, expected: 0xda484d4a, got: 0xbae587fc];
	at org.elasticsearch.index.engine.InternalEngine.recoverFromTranslog(InternalEngine.java:251)
	at org.elasticsearch.index.engine.InternalEngine.<init>(InternalEngine.java:172)
	... 15 more
Caused by: TranslogCorruptedException[translog corruption while reading from stream]; nested: TranslogCorruptedException[translog stream is corrupted, expected: 0xda484d4a, got: 0xbae587fc];
	at org.elasticsearch.index.translog.Translog.readOperation(Translog.java:1133)
	at org.elasticsearch.index.translog.BaseTranslogReader.read(BaseTranslogReader.java:114)
	at org.elasticsearch.index.translog.TranslogSnapshot.readOperation(TranslogSnapshot.java:70)
	at org.elasticsearch.index.translog.TranslogSnapshot.next(TranslogSnapshot.java:61)
	at org.elasticsearch.index.translog.MultiSnapshot.next(MultiSnapshot.java:53)
	at org.elasticsearch.index.engine.InternalEngine.recoverFromTranslog(InternalEngine.java:237)
	... 16 more
Caused by: TranslogCorruptedException[translog stream is corrupted, expected: 0xda484d4a, got: 0xbae587fc]
	at org.elasticsearch.index.translog.Translog.verifyChecksum(Translog.java:1091)
	at org.elasticsearch.index.translog.Translog.readOperation(Translog.java:1123)
	... 21 more
[2016-04-18 03:03:58,288][WARN ][org.elasticsearch.cluster.action.shard] [node_s0] [test][0] received shard failed for [test][0], node[zh8EGFynRVuF0b25iuPgEA], [P], v[3], s[INITIALIZING], a[id=79vQO7BERWCXkj5WuWQdhg], unassigned_info[[reason=ALLOCATION_FAILED], at[2016-04-18T07:03:58.274Z], details[failed recovery, failure IndexShardRecoveryException[failed to recovery from gateway]; nested: EngineCreationFailureException[failed to recover from translog]; nested: EngineException[failed to recover from translog]; nested: TranslogCorruptedException[translog corruption while reading from stream]; nested: TranslogCorruptedException[translog stream is corrupted, expected: 0xda484d4a, got: 0xbae587fc]; ]], indexUUID [jvViyj5qTFmJnQUMS7-e8g], message [failed recovery], failure [IndexShardRecoveryException[failed to recovery from gateway]; nested: EngineCreationFailureException[failed to recover from translog]; nested: EngineException[failed to recover from translog]; nested: TranslogCorruptedException[translog corruption while reading from stream]; nested: TranslogCorruptedException[translog stream is corrupted, expected: 0xda484d4a, got: 0xbae587fc]; ]
[test][[test][0]] IndexShardRecoveryException[failed to recovery from gateway]; nested: EngineCreationFailureException[failed to recover from translog]; nested: EngineException[failed to recover from translog]; nested: TranslogCorruptedException[translog corruption while reading from stream]; nested: TranslogCorruptedException[translog stream is corrupted, expected: 0xda484d4a, got: 0xbae587fc];
	at org.elasticsearch.index.shard.StoreRecovery.internalRecoverFromStore(StoreRecovery.java:234)
	at org.elasticsearch.index.shard.StoreRecovery.lambda$recoverFromStore$189(StoreRecovery.java:77)
	at org.elasticsearch.index.shard.StoreRecovery.executeRecovery(StoreRecovery.java:122)
	at org.elasticsearch.index.shard.StoreRecovery.recoverFromStore(StoreRecovery.java:75)
	at org.elasticsearch.index.shard.IndexShard.recoverFromStore(IndexShard.java:1059)
	at org.elasticsearch.indices.cluster.IndicesClusterStateService.lambda$applyInitializingShard$195(IndicesClusterStateService.java:648)
	at java.util.concurrent.ThreadPoolExecutor.runWorker(ThreadPoolExecutor.java:1142)
	at java.util.concurrent.ThreadPoolExecutor$Worker.run(ThreadPoolExecutor.java:617)
	at java.lang.Thread.run(Thread.java:745)
Caused by: [test][[test][0]] EngineCreationFailureException[failed to recover from translog]; nested: EngineException[failed to recover from translog]; nested: TranslogCorruptedException[translog corruption while reading from stream]; nested: TranslogCorruptedException[translog stream is corrupted, expected: 0xda484d4a, got: 0xbae587fc];
	at org.elasticsearch.index.engine.InternalEngine.<init>(InternalEngine.java:175)
	at org.elasticsearch.test.engine.MockInternalEngine.<init>(MockInternalEngine.java:36)
	at org.elasticsearch.test.engine.MockEngineFactory.newReadWriteEngine(MockEngineFactory.java:36)
	at org.elasticsearch.index.shard.IndexShard.newEngine(IndexShard.java:1310)
	at org.elasticsearch.index.shard.IndexShard.createNewEngine(IndexShard.java:1305)
	at org.elasticsearch.index.shard.IndexShard.internalPerformTranslogRecovery(IndexShard.java:888)
	at org.elasticsearch.index.shard.IndexShard.performTranslogRecovery(IndexShard.java:866)
	at org.elasticsearch.index.shard.StoreRecovery.internalRecoverFromStore(StoreRecovery.java:230)
	... 8 more
Caused by: [test][[test][0]] EngineException[failed to recover from translog]; nested: TranslogCorruptedException[translog corruption while reading from stream]; nested: TranslogCorruptedException[translog stream is corrupted, expected: 0xda484d4a, got: 0xbae587fc];
	at org.elasticsearch.index.engine.InternalEngine.recoverFromTranslog(InternalEngine.java:251)
	at org.elasticsearch.index.engine.InternalEngine.<init>(InternalEngine.java:172)
	... 15 more
Caused by: TranslogCorruptedException[translog corruption while reading from stream]; nested: TranslogCorruptedException[translog stream is corrupted, expected: 0xda484d4a, got: 0xbae587fc];
	at org.elasticsearch.index.translog.Translog.readOperation(Translog.java:1133)
	at org.elasticsearch.index.translog.BaseTranslogReader.read(BaseTranslogReader.java:114)
	at org.elasticsearch.index.translog.TranslogSnapshot.readOperation(TranslogSnapshot.java:70)
	at org.elasticsearch.index.translog.TranslogSnapshot.next(TranslogSnapshot.java:61)
	at org.elasticsearch.index.translog.MultiSnapshot.next(MultiSnapshot.java:53)
	at org.elasticsearch.index.engine.InternalEngine.recoverFromTranslog(InternalEngine.java:237)
	... 16 more
Caused by: TranslogCorruptedException[translog stream is corrupted, expected: 0xda484d4a, got: 0xbae587fc]
	at org.elasticsearch.index.translog.Translog.verifyChecksum(Translog.java:1091)
	at org.elasticsearch.index.translog.Translog.readOperation(Translog.java:1123)
	... 21 more
[2016-04-18 03:03:58,301][WARN ][org.elasticsearch.indices.cluster] [node_s0] [[test][0]] marking and sending shard failed due to [failed recovery]
[test][[test][0]] IndexShardRecoveryException[failed to recovery from gateway]; nested: EngineCreationFailureException[failed to recover from translog]; nested: EngineException[failed to recover from translog]; nested: TranslogCorruptedException[translog corruption while reading from stream]; nested: TranslogCorruptedException[translog stream is corrupted, expected: 0xda484d4a, got: 0xbae587fc];
	at org.elasticsearch.index.shard.StoreRecovery.internalRecoverFromStore(StoreRecovery.java:234)
	at org.elasticsearch.index.shard.StoreRecovery.lambda$recoverFromStore$189(StoreRecovery.java:77)
	at org.elasticsearch.index.shard.StoreRecovery.executeRecovery(StoreRecovery.java:122)
	at org.elasticsearch.index.shard.StoreRecovery.recoverFromStore(StoreRecovery.java:75)
	at org.elasticsearch.index.shard.IndexShard.recoverFromStore(IndexShard.java:1059)
	at org.elasticsearch.indices.cluster.IndicesClusterStateService.lambda$applyInitializingShard$195(IndicesClusterStateService.java:648)
	at java.util.concurrent.ThreadPoolExecutor.runWorker(ThreadPoolExecutor.java:1142)
	at java.util.concurrent.ThreadPoolExecutor$Worker.run(ThreadPoolExecutor.java:617)
	at java.lang.Thread.run(Thread.java:745)
Caused by: [test][[test][0]] EngineCreationFailureException[failed to recover from translog]; nested: EngineException[failed to recover from translog]; nested: TranslogCorruptedException[translog corruption while reading from stream]; nested: TranslogCorruptedException[translog stream is corrupted, expected: 0xda484d4a, got: 0xbae587fc];
	at org.elasticsearch.index.engine.InternalEngine.<init>(InternalEngine.java:175)
	at org.elasticsearch.test.engine.MockInternalEngine.<init>(MockInternalEngine.java:36)
	at org.elasticsearch.test.engine.MockEngineFactory.newReadWriteEngine(MockEngineFactory.java:36)
	at org.elasticsearch.index.shard.IndexShard.newEngine(IndexShard.java:1310)
	at org.elasticsearch.index.shard.IndexShard.createNewEngine(IndexShard.java:1305)
	at org.elasticsearch.index.shard.IndexShard.internalPerformTranslogRecovery(IndexShard.java:888)
	at org.elasticsearch.index.shard.IndexShard.performTranslogRecovery(IndexShard.java:866)
	at org.elasticsearch.index.shard.StoreRecovery.internalRecoverFromStore(StoreRecovery.java:230)
	... 8 more
Caused by: [test][[test][0]] EngineException[failed to recover from translog]; nested: TranslogCorruptedException[translog corruption while reading from stream]; nested: TranslogCorruptedException[translog stream is corrupted, expected: 0xda484d4a, got: 0xbae587fc];
	at org.elasticsearch.index.engine.InternalEngine.recoverFromTranslog(InternalEngine.java:251)
	at org.elasticsearch.index.engine.InternalEngine.<init>(InternalEngine.java:172)
	... 15 more
Caused by: TranslogCorruptedException[translog corruption while reading from stream]; nested: TranslogCorruptedException[translog stream is corrupted, expected: 0xda484d4a, got: 0xbae587fc];
	at org.elasticsearch.index.translog.Translog.readOperation(Translog.java:1133)
	at org.elasticsearch.index.translog.BaseTranslogReader.read(BaseTranslogReader.java:114)
	at org.elasticsearch.index.translog.TranslogSnapshot.readOperation(TranslogSnapshot.java:70)
	at org.elasticsearch.index.translog.TranslogSnapshot.next(TranslogSnapshot.java:61)
	at org.elasticsearch.index.translog.MultiSnapshot.next(MultiSnapshot.java:53)
	at org.elasticsearch.index.engine.InternalEngine.recoverFromTranslog(InternalEngine.java:237)
	... 16 more
Caused by: TranslogCorruptedException[translog stream is corrupted, expected: 0xda484d4a, got: 0xbae587fc]
	at org.elasticsearch.index.translog.Translog.verifyChecksum(Translog.java:1091)
	at org.elasticsearch.index.translog.Translog.readOperation(Translog.java:1123)
	... 21 more
[2016-04-18 03:03:58,302][WARN ][org.elasticsearch.cluster.action.shard] [node_s0] [test][0] received shard failed for [test][0], node[zh8EGFynRVuF0b25iuPgEA], [P], v[3], s[INITIALIZING], a[id=QJXpqUJ4SMKrUJTIrhNUSw], unassigned_info[[reason=ALLOCATION_FAILED], at[2016-04-18T07:03:58.288Z], details[failed recovery, failure IndexShardRecoveryException[failed to recovery from gateway]; nested: EngineCreationFailureException[failed to recover from translog]; nested: EngineException[failed to recover from translog]; nested: TranslogCorruptedException[translog corruption while reading from stream]; nested: TranslogCorruptedException[translog stream is corrupted, expected: 0xda484d4a, got: 0xbae587fc]; ]], indexUUID [jvViyj5qTFmJnQUMS7-e8g], message [failed recovery], failure [IndexShardRecoveryException[failed to recovery from gateway]; nested: EngineCreationFailureException[failed to recover from translog]; nested: EngineException[failed to recover from translog]; nested: TranslogCorruptedException[translog corruption while reading from stream]; nested: TranslogCorruptedException[translog stream is corrupted, expected: 0xda484d4a, got: 0xbae587fc]; ]
[test][[test][0]] IndexShardRecoveryException[failed to recovery from gateway]; nested: EngineCreationFailureException[failed to recover from translog]; nested: EngineException[failed to recover from translog]; nested: TranslogCorruptedException[translog corruption while reading from stream]; nested: TranslogCorruptedException[translog stream is corrupted, expected: 0xda484d4a, got: 0xbae587fc];
	at org.elasticsearch.index.shard.StoreRecovery.internalRecoverFromStore(StoreRecovery.java:234)
	at org.elasticsearch.index.shard.StoreRecovery.lambda$recoverFromStore$189(StoreRecovery.java:77)
	at org.elasticsearch.index.shard.StoreRecovery.executeRecovery(StoreRecovery.java:122)
	at org.elasticsearch.index.shard.StoreRecovery.recoverFromStore(StoreRecovery.java:75)
	at org.elasticsearch.index.shard.IndexShard.recoverFromStore(IndexShard.java:1059)
	at org.elasticsearch.indices.cluster.IndicesClusterStateService.lambda$applyInitializingShard$195(IndicesClusterStateService.java:648)
	at java.util.concurrent.ThreadPoolExecutor.runWorker(ThreadPoolExecutor.java:1142)
	at java.util.concurrent.ThreadPoolExecutor$Worker.run(ThreadPoolExecutor.java:617)
	at java.lang.Thread.run(Thread.java:745)
Caused by: [test][[test][0]] EngineCreationFailureException[failed to recover from translog]; nested: EngineException[failed to recover from translog]; nested: TranslogCorruptedException[translog corruption while reading from stream]; nested: TranslogCorruptedException[translog stream is corrupted, expected: 0xda484d4a, got: 0xbae587fc];
	at org.elasticsearch.index.engine.InternalEngine.<init>(InternalEngine.java:175)
	at org.elasticsearch.test.engine.MockInternalEngine.<init>(MockInternalEngine.java:36)
	at org.elasticsearch.test.engine.MockEngineFactory.newReadWriteEngine(MockEngineFactory.java:36)
	at org.elasticsearch.index.shard.IndexShard.newEngine(IndexShard.java:1310)
	at org.elasticsearch.index.shard.IndexShard.createNewEngine(IndexShard.java:1305)
	at org.elasticsearch.index.shard.IndexShard.internalPerformTranslogRecovery(IndexShard.java:888)
	at org.elasticsearch.index.shard.IndexShard.performTranslogRecovery(IndexShard.java:866)
	at org.elasticsearch.index.shard.StoreRecovery.internalRecoverFromStore(StoreRecovery.java:230)
	... 8 more
Caused by: [test][[test][0]] EngineException[failed to recover from translog]; nested: TranslogCorruptedException[translog corruption while reading from stream]; nested: TranslogCorruptedException[translog stream is corrupted, expected: 0xda484d4a, got: 0xbae587fc];
	at org.elasticsearch.index.engine.InternalEngine.recoverFromTranslog(InternalEngine.java:251)
	at org.elasticsearch.index.engine.InternalEngine.<init>(InternalEngine.java:172)
	... 15 more
Caused by: TranslogCorruptedException[translog corruption while reading from stream]; nested: TranslogCorruptedException[translog stream is corrupted, expected: 0xda484d4a, got: 0xbae587fc];
	at org.elasticsearch.index.translog.Translog.readOperation(Translog.java:1133)
	at org.elasticsearch.index.translog.BaseTranslogReader.read(BaseTranslogReader.java:114)
	at org.elasticsearch.index.translog.TranslogSnapshot.readOperation(TranslogSnapshot.java:70)
	at org.elasticsearch.index.translog.TranslogSnapshot.next(TranslogSnapshot.java:61)
	at org.elasticsearch.index.translog.MultiSnapshot.next(MultiSnapshot.java:53)
	at org.elasticsearch.index.engine.InternalEngine.recoverFromTranslog(InternalEngine.java:237)
	... 16 more
Caused by: TranslogCorruptedException[translog stream is corrupted, expected: 0xda484d4a, got: 0xbae587fc]
	at org.elasticsearch.index.translog.Translog.verifyChecksum(Translog.java:1091)
	at org.elasticsearch.index.translog.Translog.readOperation(Translog.java:1123)
	... 21 more
[2016-04-18 03:03:58,315][WARN ][org.elasticsearch.indices.cluster] [node_s0] [[test][0]] marking and sending shard failed due to [failed recovery]
[test][[test][0]] IndexShardRecoveryException[failed to recovery from gateway]; nested: EngineCreationFailureException[failed to recover from translog]; nested: EngineException[failed to recover from translog]; nested: TranslogCorruptedException[translog corruption while reading from stream]; nested: TranslogCorruptedException[translog stream is corrupted, expected: 0xda484d4a, got: 0xbae587fc];
	at org.elasticsearch.index.shard.StoreRecovery.internalRecoverFromStore(StoreRecovery.java:234)
	at org.elasticsearch.index.shard.StoreRecovery.lambda$recoverFromStore$189(StoreRecovery.java:77)
	at org.elasticsearch.index.shard.StoreRecovery.executeRecovery(StoreRecovery.java:122)
	at org.elasticsearch.index.shard.StoreRecovery.recoverFromStore(StoreRecovery.java:75)
	at org.elasticsearch.index.shard.IndexShard.recoverFromStore(IndexShard.java:1059)
	at org.elasticsearch.indices.cluster.IndicesClusterStateService.lambda$applyInitializingShard$195(IndicesClusterStateService.java:648)
	at java.util.concurrent.ThreadPoolExecutor.runWorker(ThreadPoolExecutor.java:1142)
	at java.util.concurrent.ThreadPoolExecutor$Worker.run(ThreadPoolExecutor.java:617)
	at java.lang.Thread.run(Thread.java:745)
Caused by: [test][[test][0]] EngineCreationFailureException[failed to recover from translog]; nested: EngineException[failed to recover from translog]; nested: TranslogCorruptedException[translog corruption while reading from stream]; nested: TranslogCorruptedException[translog stream is corrupted, expected: 0xda484d4a, got: 0xbae587fc];
	at org.elasticsearch.index.engine.InternalEngine.<init>(InternalEngine.java:175)
	at org.elasticsearch.test.engine.MockInternalEngine.<init>(MockInternalEngine.java:36)
	at org.elasticsearch.test.engine.MockEngineFactory.newReadWriteEngine(MockEngineFactory.java:36)
	at org.elasticsearch.index.shard.IndexShard.newEngine(IndexShard.java:1310)
	at org.elasticsearch.index.shard.IndexShard.createNewEngine(IndexShard.java:1305)
	at org.elasticsearch.index.shard.IndexShard.internalPerformTranslogRecovery(IndexShard.java:888)
	at org.elasticsearch.index.shard.IndexShard.performTranslogRecovery(IndexShard.java:866)
	at org.elasticsearch.index.shard.StoreRecovery.internalRecoverFromStore(StoreRecovery.java:230)
	... 8 more
Caused by: [test][[test][0]] EngineException[failed to recover from translog]; nested: TranslogCorruptedException[translog corruption while reading from stream]; nested: TranslogCorruptedException[translog stream is corrupted, expected: 0xda484d4a, got: 0xbae587fc];
	at org.elasticsearch.index.engine.InternalEngine.recoverFromTranslog(InternalEngine.java:251)
	at org.elasticsearch.index.engine.InternalEngine.<init>(InternalEngine.java:172)
	... 15 more
Caused by: TranslogCorruptedException[translog corruption while reading from stream]; nested: TranslogCorruptedException[translog stream is corrupted, expected: 0xda484d4a, got: 0xbae587fc];
	at org.elasticsearch.index.translog.Translog.readOperation(Translog.java:1133)
	at org.elasticsearch.index.translog.BaseTranslogReader.read(BaseTranslogReader.java:114)
	at org.elasticsearch.index.translog.TranslogSnapshot.readOperation(TranslogSnapshot.java:70)
	at org.elasticsearch.index.translog.TranslogSnapshot.next(TranslogSnapshot.java:61)
	at org.elasticsearch.index.translog.MultiSnapshot.next(MultiSnapshot.java:53)
	at org.elasticsearch.index.engine.InternalEngine.recoverFromTranslog(InternalEngine.java:237)
	... 16 more
Caused by: TranslogCorruptedException[translog stream is corrupted, expected: 0xda484d4a, got: 0xbae587fc]
	at org.elasticsearch.index.translog.Translog.verifyChecksum(Translog.java:1091)
	at org.elasticsearch.index.translog.Translog.readOperation(Translog.java:1123)
	... 21 more
[2016-04-18 03:03:58,316][WARN ][org.elasticsearch.cluster.action.shard] [node_s0] [test][0] received shard failed for [test][0], node[zh8EGFynRVuF0b25iuPgEA], [P], v[3], s[INITIALIZING], a[id=vV1EkI6MSxmt2r1TXCCh7w], unassigned_info[[reason=ALLOCATION_FAILED], at[2016-04-18T07:03:58.302Z], details[failed recovery, failure IndexShardRecoveryException[failed to recovery from gateway]; nested: EngineCreationFailureException[failed to recover from translog]; nested: EngineException[failed to recover from translog]; nested: TranslogCorruptedException[translog corruption while reading from stream]; nested: TranslogCorruptedException[translog stream is corrupted, expected: 0xda484d4a, got: 0xbae587fc]; ]], indexUUID [jvViyj5qTFmJnQUMS7-e8g], message [failed recovery], failure [IndexShardRecoveryException[failed to recovery from gateway]; nested: EngineCreationFailureException[failed to recover from translog]; nested: EngineException[failed to recover from translog]; nested: TranslogCorruptedException[translog corruption while reading from stream]; nested: TranslogCorruptedException[translog stream is corrupted, expected: 0xda484d4a, got: 0xbae587fc]; ]
[test][[test][0]] IndexShardRecoveryException[failed to recovery from gateway]; nested: EngineCreationFailureException[failed to recover from translog]; nested: EngineException[failed to recover from translog]; nested: TranslogCorruptedException[translog corruption while reading from stream]; nested: TranslogCorruptedException[translog stream is corrupted, expected: 0xda484d4a, got: 0xbae587fc];
	at org.elasticsearch.index.shard.StoreRecovery.internalRecoverFromStore(StoreRecovery.java:234)
	at org.elasticsearch.index.shard.StoreRecovery.lambda$recoverFromStore$189(StoreRecovery.java:77)
	at org.elasticsearch.index.shard.StoreRecovery.executeRecovery(StoreRecovery.java:122)
	at org.elasticsearch.index.shard.StoreRecovery.recoverFromStore(StoreRecovery.java:75)
	at org.elasticsearch.index.shard.IndexShard.recoverFromStore(IndexShard.java:1059)
	at org.elasticsearch.indices.cluster.IndicesClusterStateService.lambda$applyInitializingShard$195(IndicesClusterStateService.java:648)
	at java.util.concurrent.ThreadPoolExecutor.runWorker(ThreadPoolExecutor.java:1142)
	at java.util.concurrent.ThreadPoolExecutor$Worker.run(ThreadPoolExecutor.java:617)
	at java.lang.Thread.run(Thread.java:745)
Caused by: [test][[test][0]] EngineCreationFailureException[failed to recover from translog]; nested: EngineException[failed to recover from translog]; nested: TranslogCorruptedException[translog corruption while reading from stream]; nested: TranslogCorruptedException[translog stream is corrupted, expected: 0xda484d4a, got: 0xbae587fc];
	at org.elasticsearch.index.engine.InternalEngine.<init>(InternalEngine.java:175)
	at org.elasticsearch.test.engine.MockInternalEngine.<init>(MockInternalEngine.java:36)
	at org.elasticsearch.test.engine.MockEngineFactory.newReadWriteEngine(MockEngineFactory.java:36)
	at org.elasticsearch.index.shard.IndexShard.newEngine(IndexShard.java:1310)
	at org.elasticsearch.index.shard.IndexShard.createNewEngine(IndexShard.java:1305)
	at org.elasticsearch.index.shard.IndexShard.internalPerformTranslogRecovery(IndexShard.java:888)
	at org.elasticsearch.index.shard.IndexShard.performTranslogRecovery(IndexShard.java:866)
	at org.elasticsearch.index.shard.StoreRecovery.internalRecoverFromStore(StoreRecovery.java:230)
	... 8 more
Caused by: [test][[test][0]] EngineException[failed to recover from translog]; nested: TranslogCorruptedException[translog corruption while reading from stream]; nested: TranslogCorruptedException[translog stream is corrupted, expected: 0xda484d4a, got: 0xbae587fc];
	at org.elasticsearch.index.engine.InternalEngine.recoverFromTranslog(InternalEngine.java:251)
	at org.elasticsearch.index.engine.InternalEngine.<init>(InternalEngine.java:172)
	... 15 more
Caused by: TranslogCorruptedException[translog corruption while reading from stream]; nested: TranslogCorruptedException[translog stream is corrupted, expected: 0xda484d4a, got: 0xbae587fc];
	at org.elasticsearch.index.translog.Translog.readOperation(Translog.java:1133)
	at org.elasticsearch.index.translog.BaseTranslogReader.read(BaseTranslogReader.java:114)
	at org.elasticsearch.index.translog.TranslogSnapshot.readOperation(TranslogSnapshot.java:70)
	at org.elasticsearch.index.translog.TranslogSnapshot.next(TranslogSnapshot.java:61)
	at org.elasticsearch.index.translog.MultiSnapshot.next(MultiSnapshot.java:53)
	at org.elasticsearch.index.engine.InternalEngine.recoverFromTranslog(InternalEngine.java:237)
	... 16 more
Caused by: TranslogCorruptedException[translog stream is corrupted, expected: 0xda484d4a, got: 0xbae587fc]
	at org.elasticsearch.index.translog.Translog.verifyChecksum(Translog.java:1091)
	at org.elasticsearch.index.translog.Translog.readOperation(Translog.java:1123)
	... 21 more
[2016-04-18 03:03:58,332][WARN ][org.elasticsearch.indices.cluster] [node_s0] [[test][0]] marking and sending shard failed due to [failed recovery]
[test][[test][0]] IndexShardRecoveryException[failed to recovery from gateway]; nested: EngineCreationFailureException[failed to recover from translog]; nested: EngineException[failed to recover from translog]; nested: TranslogCorruptedException[translog corruption while reading from stream]; nested: TranslogCorruptedException[translog stream is corrupted, expected: 0xda484d4a, got: 0xbae587fc];
	at org.elasticsearch.index.shard.StoreRecovery.internalRecoverFromStore(StoreRecovery.java:234)
	at org.elasticsearch.index.shard.StoreRecovery.lambda$recoverFromStore$189(StoreRecovery.java:77)
	at org.elasticsearch.index.shard.StoreRecovery.executeRecovery(StoreRecovery.java:122)
	at org.elasticsearch.index.shard.StoreRecovery.recoverFromStore(StoreRecovery.java:75)
	at org.elasticsearch.index.shard.IndexShard.recoverFromStore(IndexShard.java:1059)
	at org.elasticsearch.indices.cluster.IndicesClusterStateService.lambda$applyInitializingShard$195(IndicesClusterStateService.java:648)
	at java.util.concurrent.ThreadPoolExecutor.runWorker(ThreadPoolExecutor.java:1142)
	at java.util.concurrent.ThreadPoolExecutor$Worker.run(ThreadPoolExecutor.java:617)
	at java.lang.Thread.run(Thread.java:745)
Caused by: [test][[test][0]] EngineCreationFailureException[failed to recover from translog]; nested: EngineException[failed to recover from translog]; nested: TranslogCorruptedException[translog corruption while reading from stream]; nested: TranslogCorruptedException[translog stream is corrupted, expected: 0xda484d4a, got: 0xbae587fc];
	at org.elasticsearch.index.engine.InternalEngine.<init>(InternalEngine.java:175)
	at org.elasticsearch.test.engine.MockInternalEngine.<init>(MockInternalEngine.java:36)
	at org.elasticsearch.test.engine.MockEngineFactory.newReadWriteEngine(MockEngineFactory.java:36)
	at org.elasticsearch.index.shard.IndexShard.newEngine(IndexShard.java:1310)
	at org.elasticsearch.index.shard.IndexShard.createNewEngine(IndexShard.java:1305)
	at org.elasticsearch.index.shard.IndexShard.internalPerformTranslogRecovery(IndexShard.java:888)
	at org.elasticsearch.index.shard.IndexShard.performTranslogRecovery(IndexShard.java:866)
	at org.elasticsearch.index.shard.StoreRecovery.internalRecoverFromStore(StoreRecovery.java:230)
	... 8 more
Caused by: [test][[test][0]] EngineException[failed to recover from translog]; nested: TranslogCorruptedException[translog corruption while reading from stream]; nested: TranslogCorruptedException[translog stream is corrupted, expected: 0xda484d4a, got: 0xbae587fc];
	at org.elasticsearch.index.engine.InternalEngine.recoverFromTranslog(InternalEngine.java:251)
	at org.elasticsearch.index.engine.InternalEngine.<init>(InternalEngine.java:172)
	... 15 more
Caused by: TranslogCorruptedException[translog corruption while reading from stream]; nested: TranslogCorruptedException[translog stream is corrupted, expected: 0xda484d4a, got: 0xbae587fc];
	at org.elasticsearch.index.translog.Translog.readOperation(Translog.java:1133)
	at org.elasticsearch.index.translog.BaseTranslogReader.read(BaseTranslogReader.java:114)
	at org.elasticsearch.index.translog.TranslogSnapshot.readOperation(TranslogSnapshot.java:70)
	at org.elasticsearch.index.translog.TranslogSnapshot.next(TranslogSnapshot.java:61)
	at org.elasticsearch.index.translog.MultiSnapshot.next(MultiSnapshot.java:53)
	at org.elasticsearch.index.engine.InternalEngine.recoverFromTranslog(InternalEngine.java:237)
	... 16 more
Caused by: TranslogCorruptedException[translog stream is corrupted, expected: 0xda484d4a, got: 0xbae587fc]
	at org.elasticsearch.index.translog.Translog.verifyChecksum(Translog.java:1091)
	at org.elasticsearch.index.translog.Translog.readOperation(Translog.java:1123)
	... 21 more
[2016-04-18 03:03:58,333][WARN ][org.elasticsearch.cluster.action.shard] [node_s0] [test][0] received shard failed for [test][0], node[zh8EGFynRVuF0b25iuPgEA], [P], v[3], s[INITIALIZING], a[id=QpcBx0_eSAGfkq1ly7Tnag], unassigned_info[[reason=ALLOCATION_FAILED], at[2016-04-18T07:03:58.317Z], details[failed recovery, failure IndexShardRecoveryException[failed to recovery from gateway]; nested: EngineCreationFailureException[failed to recover from translog]; nested: EngineException[failed to recover from translog]; nested: TranslogCorruptedException[translog corruption while reading from stream]; nested: TranslogCorruptedException[translog stream is corrupted, expected: 0xda484d4a, got: 0xbae587fc]; ]], indexUUID [jvViyj5qTFmJnQUMS7-e8g], message [failed recovery], failure [IndexShardRecoveryException[failed to recovery from gateway]; nested: EngineCreationFailureException[failed to recover from translog]; nested: EngineException[failed to recover from translog]; nested: TranslogCorruptedException[translog corruption while reading from stream]; nested: TranslogCorruptedException[translog stream is corrupted, expected: 0xda484d4a, got: 0xbae587fc]; ]
[test][[test][0]] IndexShardRecoveryException[failed to recovery from gateway]; nested: EngineCreationFailureException[failed to recover from translog]; nested: EngineException[failed to recover from translog]; nested: TranslogCorruptedException[translog corruption while reading from stream]; nested: TranslogCorruptedException[translog stream is corrupted, expected: 0xda484d4a, got: 0xbae587fc];
	at org.elasticsearch.index.shard.StoreRecovery.internalRecoverFromStore(StoreRecovery.java:234)
	at org.elasticsearch.index.shard.StoreRecovery.lambda$recoverFromStore$189(StoreRecovery.java:77)
	at org.elasticsearch.index.shard.StoreRecovery.executeRecovery(StoreRecovery.java:122)
	at org.elasticsearch.index.shard.StoreRecovery.recoverFromStore(StoreRecovery.java:75)
	at org.elasticsearch.index.shard.IndexShard.recoverFromStore(IndexShard.java:1059)
	at org.elasticsearch.indices.cluster.IndicesClusterStateService.lambda$applyInitializingShard$195(IndicesClusterStateService.java:648)
	at java.util.concurrent.ThreadPoolExecutor.runWorker(ThreadPoolExecutor.java:1142)
	at java.util.concurrent.ThreadPoolExecutor$Worker.run(ThreadPoolExecutor.java:617)
	at java.lang.Thread.run(Thread.java:745)
Caused by: [test][[test][0]] EngineCreationFailureException[failed to recover from translog]; nested: EngineException[failed to recover from translog]; nested: TranslogCorruptedException[translog corruption while reading from stream]; nested: TranslogCorruptedException[translog stream is corrupted, expected: 0xda484d4a, got: 0xbae587fc];
	at org.elasticsearch.index.engine.InternalEngine.<init>(InternalEngine.java:175)
	at org.elasticsearch.test.engine.MockInternalEngine.<init>(MockInternalEngine.java:36)
	at org.elasticsearch.test.engine.MockEngineFactory.newReadWriteEngine(MockEngineFactory.java:36)
	at org.elasticsearch.index.shard.IndexShard.newEngine(IndexShard.java:1310)
	at org.elasticsearch.index.shard.IndexShard.createNewEngine(IndexShard.java:1305)
	at org.elasticsearch.index.shard.IndexShard.internalPerformTranslogRecovery(IndexShard.java:888)
	at org.elasticsearch.index.shard.IndexShard.performTranslogRecovery(IndexShard.java:866)
	at org.elasticsearch.index.shard.StoreRecovery.internalRecoverFromStore(StoreRecovery.java:230)
	... 8 more
Caused by: [test][[test][0]] EngineException[failed to recover from translog]; nested: TranslogCorruptedException[translog corruption while reading from stream]; nested: TranslogCorruptedException[translog stream is corrupted, expected: 0xda484d4a, got: 0xbae587fc];
	at org.elasticsearch.index.engine.InternalEngine.recoverFromTranslog(InternalEngine.java:251)
	at org.elasticsearch.index.engine.InternalEngine.<init>(InternalEngine.java:172)
	... 15 more
Caused by: TranslogCorruptedException[translog corruption while reading from stream]; nested: TranslogCorruptedException[translog stream is corrupted, expected: 0xda484d4a, got: 0xbae587fc];
	at org.elasticsearch.index.translog.Translog.readOperation(Translog.java:1133)
	at org.elasticsearch.index.translog.BaseTranslogReader.read(BaseTranslogReader.java:114)
	at org.elasticsearch.index.translog.TranslogSnapshot.readOperation(TranslogSnapshot.java:70)
	at org.elasticsearch.index.translog.TranslogSnapshot.next(TranslogSnapshot.java:61)
	at org.elasticsearch.index.translog.MultiSnapshot.next(MultiSnapshot.java:53)
	at org.elasticsearch.index.engine.InternalEngine.recoverFromTranslog(InternalEngine.java:237)
	... 16 more
Caused by: TranslogCorruptedException[translog stream is corrupted, expected: 0xda484d4a, got: 0xbae587fc]
	at org.elasticsearch.index.translog.Translog.verifyChecksum(Translog.java:1091)
	at org.elasticsearch.index.translog.Translog.readOperation(Translog.java:1123)
	... 21 more
[2016-04-18 03:03:58,348][WARN ][org.elasticsearch.indices.cluster] [node_s0] [[test][0]] marking and sending shard failed due to [failed recovery]
[test][[test][0]] IndexShardRecoveryException[failed to recovery from gateway]; nested: EngineCreationFailureException[failed to recover from translog]; nested: EngineException[failed to recover from translog]; nested: TranslogCorruptedException[translog corruption while reading from stream]; nested: TranslogCorruptedException[translog stream is corrupted, expected: 0xda484d4a, got: 0xbae587fc];
	at org.elasticsearch.index.shard.StoreRecovery.internalRecoverFromStore(StoreRecovery.java:234)
	at org.elasticsearch.index.shard.StoreRecovery.lambda$recoverFromStore$189(StoreRecovery.java:77)
	at org.elasticsearch.index.shard.StoreRecovery.executeRecovery(StoreRecovery.java:122)
	at org.elasticsearch.index.shard.StoreRecovery.recoverFromStore(StoreRecovery.java:75)
	at org.elasticsearch.index.shard.IndexShard.recoverFromStore(IndexShard.java:1059)
	at org.elasticsearch.indices.cluster.IndicesClusterStateService.lambda$applyInitializingShard$195(IndicesClusterStateService.java:648)
	at java.util.concurrent.ThreadPoolExecutor.runWorker(ThreadPoolExecutor.java:1142)
	at java.util.concurrent.ThreadPoolExecutor$Worker.run(ThreadPoolExecutor.java:617)
	at java.lang.Thread.run(Thread.java:745)
Caused by: [test][[test][0]] EngineCreationFailureException[failed to recover from translog]; nested: EngineException[failed to recover from translog]; nested: TranslogCorruptedException[translog corruption while reading from stream]; nested: TranslogCorruptedException[translog stream is corrupted, expected: 0xda484d4a, got: 0xbae587fc];
	at org.elasticsearch.index.engine.InternalEngine.<init>(InternalEngine.java:175)
	at org.elasticsearch.test.engine.MockInternalEngine.<init>(MockInternalEngine.java:36)
	at org.elasticsearch.test.engine.MockEngineFactory.newReadWriteEngine(MockEngineFactory.java:36)
	at org.elasticsearch.index.shard.IndexShard.newEngine(IndexShard.java:1310)
	at org.elasticsearch.index.shard.IndexShard.createNewEngine(IndexShard.java:1305)
	at org.elasticsearch.index.shard.IndexShard.internalPerformTranslogRecovery(IndexShard.java:888)
	at org.elasticsearch.index.shard.IndexShard.performTranslogRecovery(IndexShard.java:866)
	at org.elasticsearch.index.shard.StoreRecovery.internalRecoverFromStore(StoreRecovery.java:230)
	... 8 more
Caused by: [test][[test][0]] EngineException[failed to recover from translog]; nested: TranslogCorruptedException[translog corruption while reading from stream]; nested: TranslogCorruptedException[translog stream is corrupted, expected: 0xda484d4a, got: 0xbae587fc];
	at org.elasticsearch.index.engine.InternalEngine.recoverFromTranslog(InternalEngine.java:251)
	at org.elasticsearch.index.engine.InternalEngine.<init>(InternalEngine.java:172)
	... 15 more
Caused by: TranslogCorruptedException[translog corruption while reading from stream]; nested: TranslogCorruptedException[translog stream is corrupted, expected: 0xda484d4a, got: 0xbae587fc];
	at org.elasticsearch.index.translog.Translog.readOperation(Translog.java:1133)
	at org.elasticsearch.index.translog.BaseTranslogReader.read(BaseTranslogReader.java:114)
	at org.elasticsearch.index.translog.TranslogSnapshot.readOperation(TranslogSnapshot.java:70)
	at org.elasticsearch.index.translog.TranslogSnapshot.next(TranslogSnapshot.java:61)
	at org.elasticsearch.index.translog.MultiSnapshot.next(MultiSnapshot.java:53)
	at org.elasticsearch.index.engine.InternalEngine.recoverFromTranslog(InternalEngine.java:237)
	... 16 more
Caused by: TranslogCorruptedException[translog stream is corrupted, expected: 0xda484d4a, got: 0xbae587fc]
	at org.elasticsearch.index.translog.Translog.verifyChecksum(Translog.java:1091)
	at org.elasticsearch.index.translog.Translog.readOperation(Translog.java:1123)
	... 21 more
[2016-04-18 03:03:58,349][WARN ][org.elasticsearch.cluster.action.shard] [node_s0] [test][0] received shard failed for [test][0], node[zh8EGFynRVuF0b25iuPgEA], [P], v[3], s[INITIALIZING], a[id=IoMxolHcSQaME_Wfc8eTHQ], unassigned_info[[reason=ALLOCATION_FAILED], at[2016-04-18T07:03:58.333Z], details[failed recovery, failure IndexShardRecoveryException[failed to recovery from gateway]; nested: EngineCreationFailureException[failed to recover from translog]; nested: EngineException[failed to recover from translog]; nested: TranslogCorruptedException[translog corruption while reading from stream]; nested: TranslogCorruptedException[translog stream is corrupted, expected: 0xda484d4a, got: 0xbae587fc]; ]], indexUUID [jvViyj5qTFmJnQUMS7-e8g], message [failed recovery], failure [IndexShardRecoveryException[failed to recovery from gateway]; nested: EngineCreationFailureException[failed to recover from translog]; nested: EngineException[failed to recover from translog]; nested: TranslogCorruptedException[translog corruption while reading from stream]; nested: TranslogCorruptedException[translog stream is corrupted, expected: 0xda484d4a, got: 0xbae587fc]; ]
[test][[test][0]] IndexShardRecoveryException[failed to recovery from gateway]; nested: EngineCreationFailureException[failed to recover from translog]; nested: EngineException[failed to recover from translog]; nested: TranslogCorruptedException[translog corruption while reading from stream]; nested: TranslogCorruptedException[translog stream is corrupted, expected: 0xda484d4a, got: 0xbae587fc];
	at org.elasticsearch.index.shard.StoreRecovery.internalRecoverFromStore(StoreRecovery.java:234)
	at org.elasticsearch.index.shard.StoreRecovery.lambda$recoverFromStore$189(StoreRecovery.java:77)
	at org.elasticsearch.index.shard.StoreRecovery.executeRecovery(StoreRecovery.java:122)
	at org.elasticsearch.index.shard.StoreRecovery.recoverFromStore(StoreRecovery.java:75)
	at org.elasticsearch.index.shard.IndexShard.recoverFromStore(IndexShard.java:1059)
	at org.elasticsearch.indices.cluster.IndicesClusterStateService.lambda$applyInitializingShard$195(IndicesClusterStateService.java:648)
	at java.util.concurrent.ThreadPoolExecutor.runWorker(ThreadPoolExecutor.java:1142)
	at java.util.concurrent.ThreadPoolExecutor$Worker.run(ThreadPoolExecutor.java:617)
	at java.lang.Thread.run(Thread.java:745)
Caused by: [test][[test][0]] EngineCreationFailureException[failed to recover from translog]; nested: EngineException[failed to recover from translog]; nested: TranslogCorruptedException[translog corruption while reading from stream]; nested: TranslogCorruptedException[translog stream is corrupted, expected: 0xda484d4a, got: 0xbae587fc];
	at org.elasticsearch.index.engine.InternalEngine.<init>(InternalEngine.java:175)
	at org.elasticsearch.test.engine.MockInternalEngine.<init>(MockInternalEngine.java:36)
	at org.elasticsearch.test.engine.MockEngineFactory.newReadWriteEngine(MockEngineFactory.java:36)
	at org.elasticsearch.index.shard.IndexShard.newEngine(IndexShard.java:1310)
	at org.elasticsearch.index.shard.IndexShard.createNewEngine(IndexShard.java:1305)
	at org.elasticsearch.index.shard.IndexShard.internalPerformTranslogRecovery(IndexShard.java:888)
	at org.elasticsearch.index.shard.IndexShard.performTranslogRecovery(IndexShard.java:866)
	at org.elasticsearch.index.shard.StoreRecovery.internalRecoverFromStore(StoreRecovery.java:230)
	... 8 more
Caused by: [test][[test][0]] EngineException[failed to recover from translog]; nested: TranslogCorruptedException[translog corruption while reading from stream]; nested: TranslogCorruptedException[translog stream is corrupted, expected: 0xda484d4a, got: 0xbae587fc];
	at org.elasticsearch.index.engine.InternalEngine.recoverFromTranslog(InternalEngine.java:251)
	at org.elasticsearch.index.engine.InternalEngine.<init>(InternalEngine.java:172)
	... 15 more
Caused by: TranslogCorruptedException[translog corruption while reading from stream]; nested: TranslogCorruptedException[translog stream is corrupted, expected: 0xda484d4a, got: 0xbae587fc];
	at org.elasticsearch.index.translog.Translog.readOperation(Translog.java:1133)
	at org.elasticsearch.index.translog.BaseTranslogReader.read(BaseTranslogReader.java:114)
	at org.elasticsearch.index.translog.TranslogSnapshot.readOperation(TranslogSnapshot.java:70)
	at org.elasticsearch.index.translog.TranslogSnapshot.next(TranslogSnapshot.java:61)
	at org.elasticsearch.index.translog.MultiSnapshot.next(MultiSnapshot.java:53)
	at org.elasticsearch.index.engine.InternalEngine.recoverFromTranslog(InternalEngine.java:237)
	... 16 more
Caused by: TranslogCorruptedException[translog stream is corrupted, expected: 0xda484d4a, got: 0xbae587fc]
	at org.elasticsearch.index.translog.Translog.verifyChecksum(Translog.java:1091)
	at org.elasticsearch.index.translog.Translog.readOperation(Translog.java:1123)
	... 21 more
[2016-04-18 03:03:58,363][WARN ][org.elasticsearch.indices.cluster] [node_s0] [[test][0]] marking and sending shard failed due to [failed recovery]
[test][[test][0]] IndexShardRecoveryException[failed to recovery from gateway]; nested: EngineCreationFailureException[failed to recover from translog]; nested: EngineException[failed to recover from translog]; nested: TranslogCorruptedException[translog corruption while reading from stream]; nested: TranslogCorruptedException[translog stream is corrupted, expected: 0xda484d4a, got: 0xbae587fc];
	at org.elasticsearch.index.shard.StoreRecovery.internalRecoverFromStore(StoreRecovery.java:234)
	at org.elasticsearch.index.shard.StoreRecovery.lambda$recoverFromStore$189(StoreRecovery.java:77)
	at org.elasticsearch.index.shard.StoreRecovery.executeRecovery(StoreRecovery.java:122)
	at org.elasticsearch.index.shard.StoreRecovery.recoverFromStore(StoreRecovery.java:75)
	at org.elasticsearch.index.shard.IndexShard.recoverFromStore(IndexShard.java:1059)
	at org.elasticsearch.indices.cluster.IndicesClusterStateService.lambda$applyInitializingShard$195(IndicesClusterStateService.java:648)
	at java.util.concurrent.ThreadPoolExecutor.runWorker(ThreadPoolExecutor.java:1142)
	at java.util.concurrent.ThreadPoolExecutor$Worker.run(ThreadPoolExecutor.java:617)
	at java.lang.Thread.run(Thread.java:745)
Caused by: [test][[test][0]] EngineCreationFailureException[failed to recover from translog]; nested: EngineException[failed to recover from translog]; nested: TranslogCorruptedException[translog corruption while reading from stream]; nested: TranslogCorruptedException[translog stream is corrupted, expected: 0xda484d4a, got: 0xbae587fc];
	at org.elasticsearch.index.engine.InternalEngine.<init>(InternalEngine.java:175)
	at org.elasticsearch.test.engine.MockInternalEngine.<init>(MockInternalEngine.java:36)
	at org.elasticsearch.test.engine.MockEngineFactory.newReadWriteEngine(MockEngineFactory.java:36)
	at org.elasticsearch.index.shard.IndexShard.newEngine(IndexShard.java:1310)
	at org.elasticsearch.index.shard.IndexShard.createNewEngine(IndexShard.java:1305)
	at org.elasticsearch.index.shard.IndexShard.internalPerformTranslogRecovery(IndexShard.java:888)
	at org.elasticsearch.index.shard.IndexShard.performTranslogRecovery(IndexShard.java:866)
	at org.elasticsearch.index.shard.StoreRecovery.internalRecoverFromStore(StoreRecovery.java:230)
	... 8 more
Caused by: [test][[test][0]] EngineException[failed to recover from translog]; nested: TranslogCorruptedException[translog corruption while reading from stream]; nested: TranslogCorruptedException[translog stream is corrupted, expected: 0xda484d4a, got: 0xbae587fc];
	at org.elasticsearch.index.engine.InternalEngine.recoverFromTranslog(InternalEngine.java:251)
	at org.elasticsearch.index.engine.InternalEngine.<init>(InternalEngine.java:172)
	... 15 more
Caused by: TranslogCorruptedException[translog corruption while reading from stream]; nested: TranslogCorruptedException[translog stream is corrupted, expected: 0xda484d4a, got: 0xbae587fc];
	at org.elasticsearch.index.translog.Translog.readOperation(Translog.java:1133)
	at org.elasticsearch.index.translog.BaseTranslogReader.read(BaseTranslogReader.java:114)
	at org.elasticsearch.index.translog.TranslogSnapshot.readOperation(TranslogSnapshot.java:70)
	at org.elasticsearch.index.translog.TranslogSnapshot.next(TranslogSnapshot.java:61)
	at org.elasticsearch.index.translog.MultiSnapshot.next(MultiSnapshot.java:53)
	at org.elasticsearch.index.engine.InternalEngine.recoverFromTranslog(InternalEngine.java:237)
	... 16 more
Caused by: TranslogCorruptedException[translog stream is corrupted, expected: 0xda484d4a, got: 0xbae587fc]
	at org.elasticsearch.index.translog.Translog.verifyChecksum(Translog.java:1091)
	at org.elasticsearch.index.translog.Translog.readOperation(Translog.java:1123)
	... 21 more
[2016-04-18 03:03:58,364][WARN ][org.elasticsearch.cluster.action.shard] [node_s0] [test][0] received shard failed for [test][0], node[zh8EGFynRVuF0b25iuPgEA], [P], v[3], s[INITIALIZING], a[id=CmzOVMD7TD-eoczeJlvUaw], unassigned_info[[reason=ALLOCATION_FAILED], at[2016-04-18T07:03:58.349Z], details[failed recovery, failure IndexShardRecoveryException[failed to recovery from gateway]; nested: EngineCreationFailureException[failed to recover from translog]; nested: EngineException[failed to recover from translog]; nested: TranslogCorruptedException[translog corruption while reading from stream]; nested: TranslogCorruptedException[translog stream is corrupted, expected: 0xda484d4a, got: 0xbae587fc]; ]], indexUUID [jvViyj5qTFmJnQUMS7-e8g], message [failed recovery], failure [IndexShardRecoveryException[failed to recovery from gateway]; nested: EngineCreationFailureException[failed to recover from translog]; nested: EngineException[failed to recover from translog]; nested: TranslogCorruptedException[translog corruption while reading from stream]; nested: TranslogCorruptedException[translog stream is corrupted, expected: 0xda484d4a, got: 0xbae587fc]; ]
[test][[test][0]] IndexShardRecoveryException[failed to recovery from gateway]; nested: EngineCreationFailureException[failed to recover from translog]; nested: EngineException[failed to recover from translog]; nested: TranslogCorruptedException[translog corruption while reading from stream]; nested: TranslogCorruptedException[translog stream is corrupted, expected: 0xda484d4a, got: 0xbae587fc];
	at org.elasticsearch.index.shard.StoreRecovery.internalRecoverFromStore(StoreRecovery.java:234)
	at org.elasticsearch.index.shard.StoreRecovery.lambda$recoverFromStore$189(StoreRecovery.java:77)
	at org.elasticsearch.index.shard.StoreRecovery.executeRecovery(StoreRecovery.java:122)
	at org.elasticsearch.index.shard.StoreRecovery.recoverFromStore(StoreRecovery.java:75)
	at org.elasticsearch.index.shard.IndexShard.recoverFromStore(IndexShard.java:1059)
	at org.elasticsearch.indices.cluster.IndicesClusterStateService.lambda$applyInitializingShard$195(IndicesClusterStateService.java:648)
	at java.util.concurrent.ThreadPoolExecutor.runWorker(ThreadPoolExecutor.java:1142)
	at java.util.concurrent.ThreadPoolExecutor$Worker.run(ThreadPoolExecutor.java:617)
	at java.lang.Thread.run(Thread.java:745)
Caused by: [test][[test][0]] EngineCreationFailureException[failed to recover from translog]; nested: EngineException[failed to recover from translog]; nested: TranslogCorruptedException[translog corruption while reading from stream]; nested: TranslogCorruptedException[translog stream is corrupted, expected: 0xda484d4a, got: 0xbae587fc];
	at org.elasticsearch.index.engine.InternalEngine.<init>(InternalEngine.java:175)
	at org.elasticsearch.test.engine.MockInternalEngine.<init>(MockInternalEngine.java:36)
	at org.elasticsearch.test.engine.MockEngineFactory.newReadWriteEngine(MockEngineFactory.java:36)
	at org.elasticsearch.index.shard.IndexShard.newEngine(IndexShard.java:1310)
	at org.elasticsearch.index.shard.IndexShard.createNewEngine(IndexShard.java:1305)
	at org.elasticsearch.index.shard.IndexShard.internalPerformTranslogRecovery(IndexShard.java:888)
	at org.elasticsearch.index.shard.IndexShard.performTranslogRecovery(IndexShard.java:866)
	at org.elasticsearch.index.shard.StoreRecovery.internalRecoverFromStore(StoreRecovery.java:230)
	... 8 more
Caused by: [test][[test][0]] EngineException[failed to recover from translog]; nested: TranslogCorruptedException[translog corruption while reading from stream]; nested: TranslogCorruptedException[translog stream is corrupted, expected: 0xda484d4a, got: 0xbae587fc];
	at org.elasticsearch.index.engine.InternalEngine.recoverFromTranslog(InternalEngine.java:251)
	at org.elasticsearch.index.engine.InternalEngine.<init>(InternalEngine.java:172)
	... 15 more
Caused by: TranslogCorruptedException[translog corruption while reading from stream]; nested: TranslogCorruptedException[translog stream is corrupted, expected: 0xda484d4a, got: 0xbae587fc];
	at org.elasticsearch.index.translog.Translog.readOperation(Translog.java:1133)
	at org.elasticsearch.index.translog.BaseTranslogReader.read(BaseTranslogReader.java:114)
	at org.elasticsearch.index.translog.TranslogSnapshot.readOperation(TranslogSnapshot.java:70)
	at org.elasticsearch.index.translog.TranslogSnapshot.next(TranslogSnapshot.java:61)
	at org.elasticsearch.index.translog.MultiSnapshot.next(MultiSnapshot.java:53)
	at org.elasticsearch.index.engine.InternalEngine.recoverFromTranslog(InternalEngine.java:237)
	... 16 more
Caused by: TranslogCorruptedException[translog stream is corrupted, expected: 0xda484d4a, got: 0xbae587fc]
	at org.elasticsearch.index.translog.Translog.verifyChecksum(Translog.java:1091)
	at org.elasticsearch.index.translog.Translog.readOperation(Translog.java:1123)
	... 21 more
[2016-04-18 03:03:58,380][WARN ][org.elasticsearch.indices.cluster] [node_s0] [[test][0]] marking and sending shard failed due to [failed recovery]
[test][[test][0]] IndexShardRecoveryException[failed to recovery from gateway]; nested: EngineCreationFailureException[failed to recover from translog]; nested: EngineException[failed to recover from translog]; nested: TranslogCorruptedException[translog corruption while reading from stream]; nested: TranslogCorruptedException[translog stream is corrupted, expected: 0xda484d4a, got: 0xbae587fc];
	at org.elasticsearch.index.shard.StoreRecovery.internalRecoverFromStore(StoreRecovery.java:234)
	at org.elasticsearch.index.shard.StoreRecovery.lambda$recoverFromStore$189(StoreRecovery.java:77)
	at org.elasticsearch.index.shard.StoreRecovery.executeRecovery(StoreRecovery.java:122)
	at org.elasticsearch.index.shard.StoreRecovery.recoverFromStore(StoreRecovery.java:75)
	at org.elasticsearch.index.shard.IndexShard.recoverFromStore(IndexShard.java:1059)
	at org.elasticsearch.indices.cluster.IndicesClusterStateService.lambda$applyInitializingShard$195(IndicesClusterStateService.java:648)
	at java.util.concurrent.ThreadPoolExecutor.runWorker(ThreadPoolExecutor.java:1142)
	at java.util.concurrent.ThreadPoolExecutor$Worker.run(ThreadPoolExecutor.java:617)
	at java.lang.Thread.run(Thread.java:745)
Caused by: [test][[test][0]] EngineCreationFailureException[failed to recover from translog]; nested: EngineException[failed to recover from translog]; nested: TranslogCorruptedException[translog corruption while reading from stream]; nested: TranslogCorruptedException[translog stream is corrupted, expected: 0xda484d4a, got: 0xbae587fc];
	at org.elasticsearch.index.engine.InternalEngine.<init>(InternalEngine.java:175)
	at org.elasticsearch.test.engine.MockInternalEngine.<init>(MockInternalEngine.java:36)
	at org.elasticsearch.test.engine.MockEngineFactory.newReadWriteEngine(MockEngineFactory.java:36)
	at org.elasticsearch.index.shard.IndexShard.newEngine(IndexShard.java:1310)
	at org.elasticsearch.index.shard.IndexShard.createNewEngine(IndexShard.java:1305)
	at org.elasticsearch.index.shard.IndexShard.internalPerformTranslogRecovery(IndexShard.java:888)
	at org.elasticsearch.index.shard.IndexShard.performTranslogRecovery(IndexShard.java:866)
	at org.elasticsearch.index.shard.StoreRecovery.internalRecoverFromStore(StoreRecovery.java:230)
	... 8 more
Caused by: [test][[test][0]] EngineException[failed to recover from translog]; nested: TranslogCorruptedException[translog corruption while reading from stream]; nested: TranslogCorruptedException[translog stream is corrupted, expected: 0xda484d4a, got: 0xbae587fc];
	at org.elasticsearch.index.engine.InternalEngine.recoverFromTranslog(InternalEngine.java:251)
	at org.elasticsearch.index.engine.InternalEngine.<init>(InternalEngine.java:172)
	... 15 more
Caused by: TranslogCorruptedException[translog corruption while reading from stream]; nested: TranslogCorruptedException[translog stream is corrupted, expected: 0xda484d4a, got: 0xbae587fc];
	at org.elasticsearch.index.translog.Translog.readOperation(Translog.java:1133)
	at org.elasticsearch.index.translog.BaseTranslogReader.read(BaseTranslogReader.java:114)
	at org.elasticsearch.index.translog.TranslogSnapshot.readOperation(TranslogSnapshot.java:70)
	at org.elasticsearch.index.translog.TranslogSnapshot.next(TranslogSnapshot.java:61)
	at org.elasticsearch.index.translog.MultiSnapshot.next(MultiSnapshot.java:53)
	at org.elasticsearch.index.engine.InternalEngine.recoverFromTranslog(InternalEngine.java:237)
	... 16 more
Caused by: TranslogCorruptedException[translog stream is corrupted, expected: 0xda484d4a, got: 0xbae587fc]
	at org.elasticsearch.index.translog.Translog.verifyChecksum(Translog.java:1091)
	at org.elasticsearch.index.translog.Translog.readOperation(Translog.java:1123)
	... 21 more
[2016-04-18 03:03:58,381][WARN ][org.elasticsearch.cluster.action.shard] [node_s0] [test][0] received shard failed for [test][0], node[zh8EGFynRVuF0b25iuPgEA], [P], v[3], s[INITIALIZING], a[id=r--E1Zj_SMWFnlwtqVcWRw], unassigned_info[[reason=ALLOCATION_FAILED], at[2016-04-18T07:03:58.364Z], details[failed recovery, failure IndexShardRecoveryException[failed to recovery from gateway]; nested: EngineCreationFailureException[failed to recover from translog]; nested: EngineException[failed to recover from translog]; nested: TranslogCorruptedException[translog corruption while reading from stream]; nested: TranslogCorruptedException[translog stream is corrupted, expected: 0xda484d4a, got: 0xbae587fc]; ]], indexUUID [jvViyj5qTFmJnQUMS7-e8g], message [failed recovery], failure [IndexShardRecoveryException[failed to recovery from gateway]; nested: EngineCreationFailureException[failed to recover from translog]; nested: EngineException[failed to recover from translog]; nested: TranslogCorruptedException[translog corruption while reading from stream]; nested: TranslogCorruptedException[translog stream is corrupted, expected: 0xda484d4a, got: 0xbae587fc]; ]
[test][[test][0]] IndexShardRecoveryException[failed to recovery from gateway]; nested: EngineCreationFailureException[failed to recover from translog]; nested: EngineException[failed to recover from translog]; nested: TranslogCorruptedException[translog corruption while reading from stream]; nested: TranslogCorruptedException[translog stream is corrupted, expected: 0xda484d4a, got: 0xbae587fc];
	at org.elasticsearch.index.shard.StoreRecovery.internalRecoverFromStore(StoreRecovery.java:234)
	at org.elasticsearch.index.shard.StoreRecovery.lambda$recoverFromStore$189(StoreRecovery.java:77)
	at org.elasticsearch.index.shard.StoreRecovery.executeRecovery(StoreRecovery.java:122)
	at org.elasticsearch.index.shard.StoreRecovery.recoverFromStore(StoreRecovery.java:75)
	at org.elasticsearch.index.shard.IndexShard.recoverFromStore(IndexShard.java:1059)
	at org.elasticsearch.indices.cluster.IndicesClusterStateService.lambda$applyInitializingShard$195(IndicesClusterStateService.java:648)
	at java.util.concurrent.ThreadPoolExecutor.runWorker(ThreadPoolExecutor.java:1142)
	at java.util.concurrent.ThreadPoolExecutor$Worker.run(ThreadPoolExecutor.java:617)
	at java.lang.Thread.run(Thread.java:745)
Caused by: [test][[test][0]] EngineCreationFailureException[failed to recover from translog]; nested: EngineException[failed to recover from translog]; nested: TranslogCorruptedException[translog corruption while reading from stream]; nested: TranslogCorruptedException[translog stream is corrupted, expected: 0xda484d4a, got: 0xbae587fc];
	at org.elasticsearch.index.engine.InternalEngine.<init>(InternalEngine.java:175)
	at org.elasticsearch.test.engine.MockInternalEngine.<init>(MockInternalEngine.java:36)
	at org.elasticsearch.test.engine.MockEngineFactory.newReadWriteEngine(MockEngineFactory.java:36)
	at org.elasticsearch.index.shard.IndexShard.newEngine(IndexShard.java:1310)
	at org.elasticsearch.index.shard.IndexShard.createNewEngine(IndexShard.java:1305)
	at org.elasticsearch.index.shard.IndexShard.internalPerformTranslogRecovery(IndexShard.java:888)
	at org.elasticsearch.index.shard.IndexShard.performTranslogRecovery(IndexShard.java:866)
	at org.elasticsearch.index.shard.StoreRecovery.internalRecoverFromStore(StoreRecovery.java:230)
	... 8 more
Caused by: [test][[test][0]] EngineException[failed to recover from translog]; nested: TranslogCorruptedException[translog corruption while reading from stream]; nested: TranslogCorruptedException[translog stream is corrupted, expected: 0xda484d4a, got: 0xbae587fc];
	at org.elasticsearch.index.engine.InternalEngine.recoverFromTranslog(InternalEngine.java:251)
	at org.elasticsearch.index.engine.InternalEngine.<init>(InternalEngine.java:172)
	... 15 more
Caused by: TranslogCorruptedException[translog corruption while reading from stream]; nested: TranslogCorruptedException[translog stream is corrupted, expected: 0xda484d4a, got: 0xbae587fc];
	at org.elasticsearch.index.translog.Translog.readOperation(Translog.java:1133)
	at org.elasticsearch.index.translog.BaseTranslogReader.read(BaseTranslogReader.java:114)
	at org.elasticsearch.index.translog.TranslogSnapshot.readOperation(TranslogSnapshot.java:70)
	at org.elasticsearch.index.translog.TranslogSnapshot.next(TranslogSnapshot.java:61)
	at org.elasticsearch.index.translog.MultiSnapshot.next(MultiSnapshot.java:53)
	at org.elasticsearch.index.engine.InternalEngine.recoverFromTranslog(InternalEngine.java:237)
	... 16 more
Caused by: TranslogCorruptedException[translog stream is corrupted, expected: 0xda484d4a, got: 0xbae587fc]
	at org.elasticsearch.index.translog.Translog.verifyChecksum(Translog.java:1091)
	at org.elasticsearch.index.translog.Translog.readOperation(Translog.java:1123)
	... 21 more
[2016-04-18 03:03:58,394][WARN ][org.elasticsearch.indices.cluster] [node_s0] [[test][0]] marking and sending shard failed due to [failed recovery]
[test][[test][0]] IndexShardRecoveryException[failed to recovery from gateway]; nested: EngineCreationFailureException[failed to recover from translog]; nested: EngineException[failed to recover from translog]; nested: TranslogCorruptedException[translog corruption while reading from stream]; nested: TranslogCorruptedException[translog stream is corrupted, expected: 0xda484d4a, got: 0xbae587fc];
	at org.elasticsearch.index.shard.StoreRecovery.internalRecoverFromStore(StoreRecovery.java:234)
	at org.elasticsearch.index.shard.StoreRecovery.lambda$recoverFromStore$189(StoreRecovery.java:77)
	at org.elasticsearch.index.shard.StoreRecovery.executeRecovery(StoreRecovery.java:122)
	at org.elasticsearch.index.shard.StoreRecovery.recoverFromStore(StoreRecovery.java:75)
	at org.elasticsearch.index.shard.IndexShard.recoverFromStore(IndexShard.java:1059)
	at org.elasticsearch.indices.cluster.IndicesClusterStateService.lambda$applyInitializingShard$195(IndicesClusterStateService.java:648)
	at java.util.concurrent.ThreadPoolExecutor.runWorker(ThreadPoolExecutor.java:1142)
	at java.util.concurrent.ThreadPoolExecutor$Worker.run(ThreadPoolExecutor.java:617)
	at java.lang.Thread.run(Thread.java:745)
Caused by: [test][[test][0]] EngineCreationFailureException[failed to recover from translog]; nested: EngineException[failed to recover from translog]; nested: TranslogCorruptedException[translog corruption while reading from stream]; nested: TranslogCorruptedException[translog stream is corrupted, expected: 0xda484d4a, got: 0xbae587fc];
	at org.elasticsearch.index.engine.InternalEngine.<init>(InternalEngine.java:175)
	at org.elasticsearch.test.engine.MockInternalEngine.<init>(MockInternalEngine.java:36)
	at org.elasticsearch.test.engine.MockEngineFactory.newReadWriteEngine(MockEngineFactory.java:36)
	at org.elasticsearch.index.shard.IndexShard.newEngine(IndexShard.java:1310)
	at org.elasticsearch.index.shard.IndexShard.createNewEngine(IndexShard.java:1305)
	at org.elasticsearch.index.shard.IndexShard.internalPerformTranslogRecovery(IndexShard.java:888)
	at org.elasticsearch.index.shard.IndexShard.performTranslogRecovery(IndexShard.java:866)
	at org.elasticsearch.index.shard.StoreRecovery.internalRecoverFromStore(StoreRecovery.java:230)
	... 8 more
Caused by: [test][[test][0]] EngineException[failed to recover from translog]; nested: TranslogCorruptedException[translog corruption while reading from stream]; nested: TranslogCorruptedException[translog stream is corrupted, expected: 0xda484d4a, got: 0xbae587fc];
	at org.elasticsearch.index.engine.InternalEngine.recoverFromTranslog(InternalEngine.java:251)
	at org.elasticsearch.index.engine.InternalEngine.<init>(InternalEngine.java:172)
	... 15 more
Caused by: TranslogCorruptedException[translog corruption while reading from stream]; nested: TranslogCorruptedException[translog stream is corrupted, expected: 0xda484d4a, got: 0xbae587fc];
	at org.elasticsearch.index.translog.Translog.readOperation(Translog.java:1133)
	at org.elasticsearch.index.translog.BaseTranslogReader.read(BaseTranslogReader.java:114)
	at org.elasticsearch.index.translog.TranslogSnapshot.readOperation(TranslogSnapshot.java:70)
	at org.elasticsearch.index.translog.TranslogSnapshot.next(TranslogSnapshot.java:61)
	at org.elasticsearch.index.translog.MultiSnapshot.next(MultiSnapshot.java:53)
	at org.elasticsearch.index.engine.InternalEngine.recoverFromTranslog(InternalEngine.java:237)
	... 16 more
Caused by: TranslogCorruptedException[translog stream is corrupted, expected: 0xda484d4a, got: 0xbae587fc]
	at org.elasticsearch.index.translog.Translog.verifyChecksum(Translog.java:1091)
	at org.elasticsearch.index.translog.Translog.readOperation(Translog.java:1123)
	... 21 more
[2016-04-18 03:03:58,395][WARN ][org.elasticsearch.cluster.action.shard] [node_s0] [test][0] received shard failed for [test][0], node[zh8EGFynRVuF0b25iuPgEA], [P], v[3], s[INITIALIZING], a[id=N7QEBRAUSzWBcFTxvqUF8w], unassigned_info[[reason=ALLOCATION_FAILED], at[2016-04-18T07:03:58.381Z], details[failed recovery, failure IndexShardRecoveryException[failed to recovery from gateway]; nested: EngineCreationFailureException[failed to recover from translog]; nested: EngineException[failed to recover from translog]; nested: TranslogCorruptedException[translog corruption while reading from stream]; nested: TranslogCorruptedException[translog stream is corrupted, expected: 0xda484d4a, got: 0xbae587fc]; ]], indexUUID [jvViyj5qTFmJnQUMS7-e8g], message [failed recovery], failure [IndexShardRecoveryException[failed to recovery from gateway]; nested: EngineCreationFailureException[failed to recover from translog]; nested: EngineException[failed to recover from translog]; nested: TranslogCorruptedException[translog corruption while reading from stream]; nested: TranslogCorruptedException[translog stream is corrupted, expected: 0xda484d4a, got: 0xbae587fc]; ]
[test][[test][0]] IndexShardRecoveryException[failed to recovery from gateway]; nested: EngineCreationFailureException[failed to recover from translog]; nested: EngineException[failed to recover from translog]; nested: TranslogCorruptedException[translog corruption while reading from stream]; nested: TranslogCorruptedException[translog stream is corrupted, expected: 0xda484d4a, got: 0xbae587fc];
	at org.elasticsearch.index.shard.StoreRecovery.internalRecoverFromStore(StoreRecovery.java:234)
	at org.elasticsearch.index.shard.StoreRecovery.lambda$recoverFromStore$189(StoreRecovery.java:77)
	at org.elasticsearch.index.shard.StoreRecovery.executeRecovery(StoreRecovery.java:122)
	at org.elasticsearch.index.shard.StoreRecovery.recoverFromStore(StoreRecovery.java:75)
	at org.elasticsearch.index.shard.IndexShard.recoverFromStore(IndexShard.java:1059)
	at org.elasticsearch.indices.cluster.IndicesClusterStateService.lambda$applyInitializingShard$195(IndicesClusterStateService.java:648)
	at java.util.concurrent.ThreadPoolExecutor.runWorker(ThreadPoolExecutor.java:1142)
	at java.util.concurrent.ThreadPoolExecutor$Worker.run(ThreadPoolExecutor.java:617)
	at java.lang.Thread.run(Thread.java:745)
Caused by: [test][[test][0]] EngineCreationFailureException[failed to recover from translog]; nested: EngineException[failed to recover from translog]; nested: TranslogCorruptedException[translog corruption while reading from stream]; nested: TranslogCorruptedException[translog stream is corrupted, expected: 0xda484d4a, got: 0xbae587fc];
	at org.elasticsearch.index.engine.InternalEngine.<init>(InternalEngine.java:175)
	at org.elasticsearch.test.engine.MockInternalEngine.<init>(MockInternalEngine.java:36)
	at org.elasticsearch.test.engine.MockEngineFactory.newReadWriteEngine(MockEngineFactory.java:36)
	at org.elasticsearch.index.shard.IndexShard.newEngine(IndexShard.java:1310)
	at org.elasticsearch.index.shard.IndexShard.createNewEngine(IndexShard.java:1305)
	at org.elasticsearch.index.shard.IndexShard.internalPerformTranslogRecovery(IndexShard.java:888)
	at org.elasticsearch.index.shard.IndexShard.performTranslogRecovery(IndexShard.java:866)
	at org.elasticsearch.index.shard.StoreRecovery.internalRecoverFromStore(StoreRecovery.java:230)
	... 8 more
Caused by: [test][[test][0]] EngineException[failed to recover from translog]; nested: TranslogCorruptedException[translog corruption while reading from stream]; nested: TranslogCorruptedException[translog stream is corrupted, expected: 0xda484d4a, got: 0xbae587fc];
	at org.elasticsearch.index.engine.InternalEngine.recoverFromTranslog(InternalEngine.java:251)
	at org.elasticsearch.index.engine.InternalEngine.<init>(InternalEngine.java:172)
	... 15 more
Caused by: TranslogCorruptedException[translog corruption while reading from stream]; nested: TranslogCorruptedException[translog stream is corrupted, expected: 0xda484d4a, got: 0xbae587fc];
	at org.elasticsearch.index.translog.Translog.readOperation(Translog.java:1133)
	at org.elasticsearch.index.translog.BaseTranslogReader.read(BaseTranslogReader.java:114)
	at org.elasticsearch.index.translog.TranslogSnapshot.readOperation(TranslogSnapshot.java:70)
	at org.elasticsearch.index.translog.TranslogSnapshot.next(TranslogSnapshot.java:61)
	at org.elasticsearch.index.translog.MultiSnapshot.next(MultiSnapshot.java:53)
	at org.elasticsearch.index.engine.InternalEngine.recoverFromTranslog(InternalEngine.java:237)
	... 16 more
Caused by: TranslogCorruptedException[translog stream is corrupted, expected: 0xda484d4a, got: 0xbae587fc]
	at org.elasticsearch.index.translog.Translog.verifyChecksum(Translog.java:1091)
	at org.elasticsearch.index.translog.Translog.readOperation(Translog.java:1123)
	... 21 more
[2016-04-18 03:03:58,409][WARN ][org.elasticsearch.indices.cluster] [node_s0] [[test][0]] marking and sending shard failed due to [failed recovery]
[test][[test][0]] IndexShardRecoveryException[failed to recovery from gateway]; nested: EngineCreationFailureException[failed to recover from translog]; nested: EngineException[failed to recover from translog]; nested: TranslogCorruptedException[translog corruption while reading from stream]; nested: TranslogCorruptedException[translog stream is corrupted, expected: 0xda484d4a, got: 0xbae587fc];
	at org.elasticsearch.index.shard.StoreRecovery.internalRecoverFromStore(StoreRecovery.java:234)
	at org.elasticsearch.index.shard.StoreRecovery.lambda$recoverFromStore$189(StoreRecovery.java:77)
	at org.elasticsearch.index.shard.StoreRecovery.executeRecovery(StoreRecovery.java:122)
	at org.elasticsearch.index.shard.StoreRecovery.recoverFromStore(StoreRecovery.java:75)
	at org.elasticsearch.index.shard.IndexShard.recoverFromStore(IndexShard.java:1059)
	at org.elasticsearch.indices.cluster.IndicesClusterStateService.lambda$applyInitializingShard$195(IndicesClusterStateService.java:648)
	at java.util.concurrent.ThreadPoolExecutor.runWorker(ThreadPoolExecutor.java:1142)
	at java.util.concurrent.ThreadPoolExecutor$Worker.run(ThreadPoolExecutor.java:617)
	at java.lang.Thread.run(Thread.java:745)
Caused by: [test][[test][0]] EngineCreationFailureException[failed to recover from translog]; nested: EngineException[failed to recover from translog]; nested: TranslogCorruptedException[translog corruption while reading from stream]; nested: TranslogCorruptedException[translog stream is corrupted, expected: 0xda484d4a, got: 0xbae587fc];
	at org.elasticsearch.index.engine.InternalEngine.<init>(InternalEngine.java:175)
	at org.elasticsearch.test.engine.MockInternalEngine.<init>(MockInternalEngine.java:36)
	at org.elasticsearch.test.engine.MockEngineFactory.newReadWriteEngine(MockEngineFactory.java:36)
	at org.elasticsearch.index.shard.IndexShard.newEngine(IndexShard.java:1310)
	at org.elasticsearch.index.shard.IndexShard.createNewEngine(IndexShard.java:1305)
	at org.elasticsearch.index.shard.IndexShard.internalPerformTranslogRecovery(IndexShard.java:888)
	at org.elasticsearch.index.shard.IndexShard.performTranslogRecovery(IndexShard.java:866)
	at org.elasticsearch.index.shard.StoreRecovery.internalRecoverFromStore(StoreRecovery.java:230)
	... 8 more
Caused by: [test][[test][0]] EngineException[failed to recover from translog]; nested: TranslogCorruptedException[translog corruption while reading from stream]; nested: TranslogCorruptedException[translog stream is corrupted, expected: 0xda484d4a, got: 0xbae587fc];
	at org.elasticsearch.index.engine.InternalEngine.recoverFromTranslog(InternalEngine.java:251)
	at org.elasticsearch.index.engine.InternalEngine.<init>(InternalEngine.java:172)
	... 15 more
Caused by: TranslogCorruptedException[translog corruption while reading from stream]; nested: TranslogCorruptedException[translog stream is corrupted, expected: 0xda484d4a, got: 0xbae587fc];
	at org.elasticsearch.index.translog.Translog.readOperation(Translog.java:1133)
	at org.elasticsearch.index.translog.BaseTranslogReader.read(BaseTranslogReader.java:114)
	at org.elasticsearch.index.translog.TranslogSnapshot.readOperation(TranslogSnapshot.java:70)
	at org.elasticsearch.index.translog.TranslogSnapshot.next(TranslogSnapshot.java:61)
	at org.elasticsearch.index.translog.MultiSnapshot.next(MultiSnapshot.java:53)
	at org.elasticsearch.index.engine.InternalEngine.recoverFromTranslog(InternalEngine.java:237)
	... 16 more
Caused by: TranslogCorruptedException[translog stream is corrupted, expected: 0xda484d4a, got: 0xbae587fc]
	at org.elasticsearch.index.translog.Translog.verifyChecksum(Translog.java:1091)
	at org.elasticsearch.index.translog.Translog.readOperation(Translog.java:1123)
	... 21 more
[2016-04-18 03:03:58,409][WARN ][org.elasticsearch.cluster.action.shard] [node_s0] [test][0] received shard failed for [test][0], node[zh8EGFynRVuF0b25iuPgEA], [P], v[3], s[INITIALIZING], a[id=mNubzPQtTmC5NVK0SKNyPA], unassigned_info[[reason=ALLOCATION_FAILED], at[2016-04-18T07:03:58.395Z], details[failed recovery, failure IndexShardRecoveryException[failed to recovery from gateway]; nested: EngineCreationFailureException[failed to recover from translog]; nested: EngineException[failed to recover from translog]; nested: TranslogCorruptedException[translog corruption while reading from stream]; nested: TranslogCorruptedException[translog stream is corrupted, expected: 0xda484d4a, got: 0xbae587fc]; ]], indexUUID [jvViyj5qTFmJnQUMS7-e8g], message [failed recovery], failure [IndexShardRecoveryException[failed to recovery from gateway]; nested: EngineCreationFailureException[failed to recover from translog]; nested: EngineException[failed to recover from translog]; nested: TranslogCorruptedException[translog corruption while reading from stream]; nested: TranslogCorruptedException[translog stream is corrupted, expected: 0xda484d4a, got: 0xbae587fc]; ]
[test][[test][0]] IndexShardRecoveryException[failed to recovery from gateway]; nested: EngineCreationFailureException[failed to recover from translog]; nested: EngineException[failed to recover from translog]; nested: TranslogCorruptedException[translog corruption while reading from stream]; nested: TranslogCorruptedException[translog stream is corrupted, expected: 0xda484d4a, got: 0xbae587fc];
	at org.elasticsearch.index.shard.StoreRecovery.internalRecoverFromStore(StoreRecovery.java:234)
	at org.elasticsearch.index.shard.StoreRecovery.lambda$recoverFromStore$189(StoreRecovery.java:77)
	at org.elasticsearch.index.shard.StoreRecovery.executeRecovery(StoreRecovery.java:122)
	at org.elasticsearch.index.shard.StoreRecovery.recoverFromStore(StoreRecovery.java:75)
	at org.elasticsearch.index.shard.IndexShard.recoverFromStore(IndexShard.java:1059)
	at org.elasticsearch.indices.cluster.IndicesClusterStateService.lambda$applyInitializingShard$195(IndicesClusterStateService.java:648)
	at java.util.concurrent.ThreadPoolExecutor.runWorker(ThreadPoolExecutor.java:1142)
	at java.util.concurrent.ThreadPoolExecutor$Worker.run(ThreadPoolExecutor.java:617)
	at java.lang.Thread.run(Thread.java:745)
Caused by: [test][[test][0]] EngineCreationFailureException[failed to recover from translog]; nested: EngineException[failed to recover from translog]; nested: TranslogCorruptedException[translog corruption while reading from stream]; nested: TranslogCorruptedException[translog stream is corrupted, expected: 0xda484d4a, got: 0xbae587fc];
	at org.elasticsearch.index.engine.InternalEngine.<init>(InternalEngine.java:175)
	at org.elasticsearch.test.engine.MockInternalEngine.<init>(MockInternalEngine.java:36)
	at org.elasticsearch.test.engine.MockEngineFactory.newReadWriteEngine(MockEngineFactory.java:36)
	at org.elasticsearch.index.shard.IndexShard.newEngine(IndexShard.java:1310)
	at org.elasticsearch.index.shard.IndexShard.createNewEngine(IndexShard.java:1305)
	at org.elasticsearch.index.shard.IndexShard.internalPerformTranslogRecovery(IndexShard.java:888)
	at org.elasticsearch.index.shard.IndexShard.performTranslogRecovery(IndexShard.java:866)
	at org.elasticsearch.index.shard.StoreRecovery.internalRecoverFromStore(StoreRecovery.java:230)
	... 8 more
Caused by: [test][[test][0]] EngineException[failed to recover from translog]; nested: TranslogCorruptedException[translog corruption while reading from stream]; nested: TranslogCorruptedException[translog stream is corrupted, expected: 0xda484d4a, got: 0xbae587fc];
	at org.elasticsearch.index.engine.InternalEngine.recoverFromTranslog(InternalEngine.java:251)
	at org.elasticsearch.index.engine.InternalEngine.<init>(InternalEngine.java:172)
	... 15 more
Caused by: TranslogCorruptedException[translog corruption while reading from stream]; nested: TranslogCorruptedException[translog stream is corrupted, expected: 0xda484d4a, got: 0xbae587fc];
	at org.elasticsearch.index.translog.Translog.readOperation(Translog.java:1133)
	at org.elasticsearch.index.translog.BaseTranslogReader.read(BaseTranslogReader.java:114)
	at org.elasticsearch.index.translog.TranslogSnapshot.readOperation(TranslogSnapshot.java:70)
	at org.elasticsearch.index.translog.TranslogSnapshot.next(TranslogSnapshot.java:61)
	at org.elasticsearch.index.translog.MultiSnapshot.next(MultiSnapshot.java:53)
	at org.elasticsearch.index.engine.InternalEngine.recoverFromTranslog(InternalEngine.java:237)
	... 16 more
Caused by: TranslogCorruptedException[translog stream is corrupted, expected: 0xda484d4a, got: 0xbae587fc]
	at org.elasticsearch.index.translog.Translog.verifyChecksum(Translog.java:1091)
	at org.elasticsearch.index.translog.Translog.readOperation(Translog.java:1123)
	... 21 more
[2016-04-18 03:03:58,426][WARN ][org.elasticsearch.indices.cluster] [node_s0] [[test][0]] marking and sending shard failed due to [failed recovery]
[test][[test][0]] IndexShardRecoveryException[failed to recovery from gateway]; nested: EngineCreationFailureException[failed to recover from translog]; nested: EngineException[failed to recover from translog]; nested: TranslogCorruptedException[translog corruption while reading from stream]; nested: TranslogCorruptedException[translog stream is corrupted, expected: 0xda484d4a, got: 0xbae587fc];
	at org.elasticsearch.index.shard.StoreRecovery.internalRecoverFromStore(StoreRecovery.java:234)
	at org.elasticsearch.index.shard.StoreRecovery.lambda$recoverFromStore$189(StoreRecovery.java:77)
	at org.elasticsearch.index.shard.StoreRecovery.executeRecovery(StoreRecovery.java:122)
	at org.elasticsearch.index.shard.StoreRecovery.recoverFromStore(StoreRecovery.java:75)
	at org.elasticsearch.index.shard.IndexShard.recoverFromStore(IndexShard.java:1059)
	at org.elasticsearch.indices.cluster.IndicesClusterStateService.lambda$applyInitializingShard$195(IndicesClusterStateService.java:648)
	at java.util.concurrent.ThreadPoolExecutor.runWorker(ThreadPoolExecutor.java:1142)
	at java.util.concurrent.ThreadPoolExecutor$Worker.run(ThreadPoolExecutor.java:617)
	at java.lang.Thread.run(Thread.java:745)
Caused by: [test][[test][0]] EngineCreationFailureException[failed to recover from translog]; nested: EngineException[failed to recover from translog]; nested: TranslogCorruptedException[translog corruption while reading from stream]; nested: TranslogCorruptedException[translog stream is corrupted, expected: 0xda484d4a, got: 0xbae587fc];
	at org.elasticsearch.index.engine.InternalEngine.<init>(InternalEngine.java:175)
	at org.elasticsearch.test.engine.MockInternalEngine.<init>(MockInternalEngine.java:36)
	at org.elasticsearch.test.engine.MockEngineFactory.newReadWriteEngine(MockEngineFactory.java:36)
	at org.elasticsearch.index.shard.IndexShard.newEngine(IndexShard.java:1310)
	at org.elasticsearch.index.shard.IndexShard.createNewEngine(IndexShard.java:1305)
	at org.elasticsearch.index.shard.IndexShard.internalPerformTranslogRecovery(IndexShard.java:888)
	at org.elasticsearch.index.shard.IndexShard.performTranslogRecovery(IndexShard.java:866)
	at org.elasticsearch.index.shard.StoreRecovery.internalRecoverFromStore(StoreRecovery.java:230)
	... 8 more
Caused by: [test][[test][0]] EngineException[failed to recover from translog]; nested: TranslogCorruptedException[translog corruption while reading from stream]; nested: TranslogCorruptedException[translog stream is corrupted, expected: 0xda484d4a, got: 0xbae587fc];
	at org.elasticsearch.index.engine.InternalEngine.recoverFromTranslog(InternalEngine.java:251)
	at org.elasticsearch.index.engine.InternalEngine.<init>(InternalEngine.java:172)
	... 15 more
Caused by: TranslogCorruptedException[translog corruption while reading from stream]; nested: TranslogCorruptedException[translog stream is corrupted, expected: 0xda484d4a, got: 0xbae587fc];
	at org.elasticsearch.index.translog.Translog.readOperation(Translog.java:1133)
	at org.elasticsearch.index.translog.BaseTranslogReader.read(BaseTranslogReader.java:114)
	at org.elasticsearch.index.translog.TranslogSnapshot.readOperation(TranslogSnapshot.java:70)
	at org.elasticsearch.index.translog.TranslogSnapshot.next(TranslogSnapshot.java:61)
	at org.elasticsearch.index.translog.MultiSnapshot.next(MultiSnapshot.java:53)
	at org.elasticsearch.index.engine.InternalEngine.recoverFromTranslog(InternalEngine.java:237)
	... 16 more
Caused by: TranslogCorruptedException[translog stream is corrupted, expected: 0xda484d4a, got: 0xbae587fc]
	at org.elasticsearch.index.translog.Translog.verifyChecksum(Translog.java:1091)
	at org.elasticsearch.index.translog.Translog.readOperation(Translog.java:1123)
	... 21 more
[2016-04-18 03:03:58,426][WARN ][org.elasticsearch.cluster.action.shard] [node_s0] [test][0] received shard failed for [test][0], node[zh8EGFynRVuF0b25iuPgEA], [P], v[3], s[INITIALIZING], a[id=yvxsKheMSfaJtYkBsXpKoQ], unassigned_info[[reason=ALLOCATION_FAILED], at[2016-04-18T07:03:58.410Z], details[failed recovery, failure IndexShardRecoveryException[failed to recovery from gateway]; nested: EngineCreationFailureException[failed to recover from translog]; nested: EngineException[failed to recover from translog]; nested: TranslogCorruptedException[translog corruption while reading from stream]; nested: TranslogCorruptedException[translog stream is corrupted, expected: 0xda484d4a, got: 0xbae587fc]; ]], indexUUID [jvViyj5qTFmJnQUMS7-e8g], message [failed recovery], failure [IndexShardRecoveryException[failed to recovery from gateway]; nested: EngineCreationFailureException[failed to recover from translog]; nested: EngineException[failed to recover from translog]; nested: TranslogCorruptedException[translog corruption while reading from stream]; nested: TranslogCorruptedException[translog stream is corrupted, expected: 0xda484d4a, got: 0xbae587fc]; ]
[test][[test][0]] IndexShardRecoveryException[failed to recovery from gateway]; nested: EngineCreationFailureException[failed to recover from translog]; nested: EngineException[failed to recover from translog]; nested: TranslogCorruptedException[translog corruption while reading from stream]; nested: TranslogCorruptedException[translog stream is corrupted, expected: 0xda484d4a, got: 0xbae587fc];
	at org.elasticsearch.index.shard.StoreRecovery.internalRecoverFromStore(StoreRecovery.java:234)
	at org.elasticsearch.index.shard.StoreRecovery.lambda$recoverFromStore$189(StoreRecovery.java:77)
	at org.elasticsearch.index.shard.StoreRecovery.executeRecovery(StoreRecovery.java:122)
	at org.elasticsearch.index.shard.StoreRecovery.recoverFromStore(StoreRecovery.java:75)
	at org.elasticsearch.index.shard.IndexShard.recoverFromStore(IndexShard.java:1059)
	at org.elasticsearch.indices.cluster.IndicesClusterStateService.lambda$applyInitializingShard$195(IndicesClusterStateService.java:648)
	at java.util.concurrent.ThreadPoolExecutor.runWorker(ThreadPoolExecutor.java:1142)
	at java.util.concurrent.ThreadPoolExecutor$Worker.run(ThreadPoolExecutor.java:617)
	at java.lang.Thread.run(Thread.java:745)
Caused by: [test][[test][0]] EngineCreationFailureException[failed to recover from translog]; nested: EngineException[failed to recover from translog]; nested: TranslogCorruptedException[translog corruption while reading from stream]; nested: TranslogCorruptedException[translog stream is corrupted, expected: 0xda484d4a, got: 0xbae587fc];
	at org.elasticsearch.index.engine.InternalEngine.<init>(InternalEngine.java:175)
	at org.elasticsearch.test.engine.MockInternalEngine.<init>(MockInternalEngine.java:36)
	at org.elasticsearch.test.engine.MockEngineFactory.newReadWriteEngine(MockEngineFactory.java:36)
	at org.elasticsearch.index.shard.IndexShard.newEngine(IndexShard.java:1310)
	at org.elasticsearch.index.shard.IndexShard.createNewEngine(IndexShard.java:1305)
	at org.elasticsearch.index.shard.IndexShard.internalPerformTranslogRecovery(IndexShard.java:888)
	at org.elasticsearch.index.shard.IndexShard.performTranslogRecovery(IndexShard.java:866)
	at org.elasticsearch.index.shard.StoreRecovery.internalRecoverFromStore(StoreRecovery.java:230)
	... 8 more
Caused by: [test][[test][0]] EngineException[failed to recover from translog]; nested: TranslogCorruptedException[translog corruption while reading from stream]; nested: TranslogCorruptedException[translog stream is corrupted, expected: 0xda484d4a, got: 0xbae587fc];
	at org.elasticsearch.index.engine.InternalEngine.recoverFromTranslog(InternalEngine.java:251)
	at org.elasticsearch.index.engine.InternalEngine.<init>(InternalEngine.java:172)
	... 15 more
Caused by: TranslogCorruptedException[translog corruption while reading from stream]; nested: TranslogCorruptedException[translog stream is corrupted, expected: 0xda484d4a, got: 0xbae587fc];
	at org.elasticsearch.index.translog.Translog.readOperation(Translog.java:1133)
	at org.elasticsearch.index.translog.BaseTranslogReader.read(BaseTranslogReader.java:114)
	at org.elasticsearch.index.translog.TranslogSnapshot.readOperation(TranslogSnapshot.java:70)
	at org.elasticsearch.index.translog.TranslogSnapshot.next(TranslogSnapshot.java:61)
	at org.elasticsearch.index.translog.MultiSnapshot.next(MultiSnapshot.java:53)
	at org.elasticsearch.index.engine.InternalEngine.recoverFromTranslog(InternalEngine.java:237)
	... 16 more
Caused by: TranslogCorruptedException[translog stream is corrupted, expected: 0xda484d4a, got: 0xbae587fc]
	at org.elasticsearch.index.translog.Translog.verifyChecksum(Translog.java:1091)
	at org.elasticsearch.index.translog.Translog.readOperation(Translog.java:1123)
	... 21 more
[2016-04-18 03:03:58,441][WARN ][org.elasticsearch.indices.cluster] [node_s0] [[test][0]] marking and sending shard failed due to [failed recovery]
[test][[test][0]] IndexShardRecoveryException[failed to recovery from gateway]; nested: EngineCreationFailureException[failed to recover from translog]; nested: EngineException[failed to recover from translog]; nested: TranslogCorruptedException[translog corruption while reading from stream]; nested: TranslogCorruptedException[translog stream is corrupted, expected: 0xda484d4a, got: 0xbae587fc];
	at org.elasticsearch.index.shard.StoreRecovery.internalRecoverFromStore(StoreRecovery.java:234)
	at org.elasticsearch.index.shard.StoreRecovery.lambda$recoverFromStore$189(StoreRecovery.java:77)
	at org.elasticsearch.index.shard.StoreRecovery.executeRecovery(StoreRecovery.java:122)
	at org.elasticsearch.index.shard.StoreRecovery.recoverFromStore(StoreRecovery.java:75)
	at org.elasticsearch.index.shard.IndexShard.recoverFromStore(IndexShard.java:1059)
	at org.elasticsearch.indices.cluster.IndicesClusterStateService.lambda$applyInitializingShard$195(IndicesClusterStateService.java:648)
	at java.util.concurrent.ThreadPoolExecutor.runWorker(ThreadPoolExecutor.java:1142)
	at java.util.concurrent.ThreadPoolExecutor$Worker.run(ThreadPoolExecutor.java:617)
	at java.lang.Thread.run(Thread.java:745)
Caused by: [test][[test][0]] EngineCreationFailureException[failed to recover from translog]; nested: EngineException[failed to recover from translog]; nested: TranslogCorruptedException[translog corruption while reading from stream]; nested: TranslogCorruptedException[translog stream is corrupted, expected: 0xda484d4a, got: 0xbae587fc];
	at org.elasticsearch.index.engine.InternalEngine.<init>(InternalEngine.java:175)
	at org.elasticsearch.test.engine.MockInternalEngine.<init>(MockInternalEngine.java:36)
	at org.elasticsearch.test.engine.MockEngineFactory.newReadWriteEngine(MockEngineFactory.java:36)
	at org.elasticsearch.index.shard.IndexShard.newEngine(IndexShard.java:1310)
	at org.elasticsearch.index.shard.IndexShard.createNewEngine(IndexShard.java:1305)
	at org.elasticsearch.index.shard.IndexShard.internalPerformTranslogRecovery(IndexShard.java:888)
	at org.elasticsearch.index.shard.IndexShard.performTranslogRecovery(IndexShard.java:866)
	at org.elasticsearch.index.shard.StoreRecovery.internalRecoverFromStore(StoreRecovery.java:230)
	... 8 more
Caused by: [test][[test][0]] EngineException[failed to recover from translog]; nested: TranslogCorruptedException[translog corruption while reading from stream]; nested: TranslogCorruptedException[translog stream is corrupted, expected: 0xda484d4a, got: 0xbae587fc];
	at org.elasticsearch.index.engine.InternalEngine.recoverFromTranslog(InternalEngine.java:251)
	at org.elasticsearch.index.engine.InternalEngine.<init>(InternalEngine.java:172)
	... 15 more
Caused by: TranslogCorruptedException[translog corruption while reading from stream]; nested: TranslogCorruptedException[translog stream is corrupted, expected: 0xda484d4a, got: 0xbae587fc];
	at org.elasticsearch.index.translog.Translog.readOperation(Translog.java:1133)
	at org.elasticsearch.index.translog.BaseTranslogReader.read(BaseTranslogReader.java:114)
	at org.elasticsearch.index.translog.TranslogSnapshot.readOperation(TranslogSnapshot.java:70)
	at org.elasticsearch.index.translog.TranslogSnapshot.next(TranslogSnapshot.java:61)
	at org.elasticsearch.index.translog.MultiSnapshot.next(MultiSnapshot.java:53)
	at org.elasticsearch.index.engine.InternalEngine.recoverFromTranslog(InternalEngine.java:237)
	... 16 more
Caused by: TranslogCorruptedException[translog stream is corrupted, expected: 0xda484d4a, got: 0xbae587fc]
	at org.elasticsearch.index.translog.Translog.verifyChecksum(Translog.java:1091)
	at org.elasticsearch.index.translog.Translog.readOperation(Translog.java:1123)
	... 21 more
[2016-04-18 03:03:58,441][WARN ][org.elasticsearch.cluster.action.shard] [node_s0] [test][0] received shard failed for [test][0], node[zh8EGFynRVuF0b25iuPgEA], [P], v[3], s[INITIALIZING], a[id=I-BszzImTz-EKpvrf_U13Q], unassigned_info[[reason=ALLOCATION_FAILED], at[2016-04-18T07:03:58.427Z], details[failed recovery, failure IndexShardRecoveryException[failed to recovery from gateway]; nested: EngineCreationFailureException[failed to recover from translog]; nested: EngineException[failed to recover from translog]; nested: TranslogCorruptedException[translog corruption while reading from stream]; nested: TranslogCorruptedException[translog stream is corrupted, expected: 0xda484d4a, got: 0xbae587fc]; ]], indexUUID [jvViyj5qTFmJnQUMS7-e8g], message [failed recovery], failure [IndexShardRecoveryException[failed to recovery from gateway]; nested: EngineCreationFailureException[failed to recover from translog]; nested: EngineException[failed to recover from translog]; nested: TranslogCorruptedException[translog corruption while reading from stream]; nested: TranslogCorruptedException[translog stream is corrupted, expected: 0xda484d4a, got: 0xbae587fc]; ]
[test][[test][0]] IndexShardRecoveryException[failed to recovery from gateway]; nested: EngineCreationFailureException[failed to recover from translog]; nested: EngineException[failed to recover from translog]; nested: TranslogCorruptedException[translog corruption while reading from stream]; nested: TranslogCorruptedException[translog stream is corrupted, expected: 0xda484d4a, got: 0xbae587fc];
	at org.elasticsearch.index.shard.StoreRecovery.internalRecoverFromStore(StoreRecovery.java:234)
	at org.elasticsearch.index.shard.StoreRecovery.lambda$recoverFromStore$189(StoreRecovery.java:77)
	at org.elasticsearch.index.shard.StoreRecovery.executeRecovery(StoreRecovery.java:122)
	at org.elasticsearch.index.shard.StoreRecovery.recoverFromStore(StoreRecovery.java:75)
	at org.elasticsearch.index.shard.IndexShard.recoverFromStore(IndexShard.java:1059)
	at org.elasticsearch.indices.cluster.IndicesClusterStateService.lambda$applyInitializingShard$195(IndicesClusterStateService.java:648)
	at java.util.concurrent.ThreadPoolExecutor.runWorker(ThreadPoolExecutor.java:1142)
	at java.util.concurrent.ThreadPoolExecutor$Worker.run(ThreadPoolExecutor.java:617)
	at java.lang.Thread.run(Thread.java:745)
Caused by: [test][[test][0]] EngineCreationFailureException[failed to recover from translog]; nested: EngineException[failed to recover from translog]; nested: TranslogCorruptedException[translog corruption while reading from stream]; nested: TranslogCorruptedException[translog stream is corrupted, expected: 0xda484d4a, got: 0xbae587fc];
	at org.elasticsearch.index.engine.InternalEngine.<init>(InternalEngine.java:175)
	at org.elasticsearch.test.engine.MockInternalEngine.<init>(MockInternalEngine.java:36)
	at org.elasticsearch.test.engine.MockEngineFactory.newReadWriteEngine(MockEngineFactory.java:36)
	at org.elasticsearch.index.shard.IndexShard.newEngine(IndexShard.java:1310)
	at org.elasticsearch.index.shard.IndexShard.createNewEngine(IndexShard.java:1305)
	at org.elasticsearch.index.shard.IndexShard.internalPerformTranslogRecovery(IndexShard.java:888)
	at org.elasticsearch.index.shard.IndexShard.performTranslogRecovery(IndexShard.java:866)
	at org.elasticsearch.index.shard.StoreRecovery.internalRecoverFromStore(StoreRecovery.java:230)
	... 8 more
Caused by: [test][[test][0]] EngineException[failed to recover from translog]; nested: TranslogCorruptedException[translog corruption while reading from stream]; nested: TranslogCorruptedException[translog stream is corrupted, expected: 0xda484d4a, got: 0xbae587fc];
	at org.elasticsearch.index.engine.InternalEngine.recoverFromTranslog(InternalEngine.java:251)
	at org.elasticsearch.index.engine.InternalEngine.<init>(InternalEngine.java:172)
	... 15 more
Caused by: TranslogCorruptedException[translog corruption while reading from stream]; nested: TranslogCorruptedException[translog stream is corrupted, expected: 0xda484d4a, got: 0xbae587fc];
	at org.elasticsearch.index.translog.Translog.readOperation(Translog.java:1133)
	at org.elasticsearch.index.translog.BaseTranslogReader.read(BaseTranslogReader.java:114)
	at org.elasticsearch.index.translog.TranslogSnapshot.readOperation(TranslogSnapshot.java:70)
	at org.elasticsearch.index.translog.TranslogSnapshot.next(TranslogSnapshot.java:61)
	at org.elasticsearch.index.translog.MultiSnapshot.next(MultiSnapshot.java:53)
	at org.elasticsearch.index.engine.InternalEngine.recoverFromTranslog(InternalEngine.java:237)
	... 16 more
Caused by: TranslogCorruptedException[translog stream is corrupted, expected: 0xda484d4a, got: 0xbae587fc]
	at org.elasticsearch.index.translog.Translog.verifyChecksum(Translog.java:1091)
	at org.elasticsearch.index.translog.Translog.readOperation(Translog.java:1123)
	... 21 more
[2016-04-18 03:03:58,456][WARN ][org.elasticsearch.indices.cluster] [node_s0] [[test][0]] marking and sending shard failed due to [failed recovery]
[test][[test][0]] IndexShardRecoveryException[failed to recovery from gateway]; nested: EngineCreationFailureException[failed to recover from translog]; nested: EngineException[failed to recover from translog]; nested: TranslogCorruptedException[translog corruption while reading from stream]; nested: TranslogCorruptedException[translog stream is corrupted, expected: 0xda484d4a, got: 0xbae587fc];
	at org.elasticsearch.index.shard.StoreRecovery.internalRecoverFromStore(StoreRecovery.java:234)
	at org.elasticsearch.index.shard.StoreRecovery.lambda$recoverFromStore$189(StoreRecovery.java:77)
	at org.elasticsearch.index.shard.StoreRecovery.executeRecovery(StoreRecovery.java:122)
	at org.elasticsearch.index.shard.StoreRecovery.recoverFromStore(StoreRecovery.java:75)
	at org.elasticsearch.index.shard.IndexShard.recoverFromStore(IndexShard.java:1059)
	at org.elasticsearch.indices.cluster.IndicesClusterStateService.lambda$applyInitializingShard$195(IndicesClusterStateService.java:648)
	at java.util.concurrent.ThreadPoolExecutor.runWorker(ThreadPoolExecutor.java:1142)
	at java.util.concurrent.ThreadPoolExecutor$Worker.run(ThreadPoolExecutor.java:617)
	at java.lang.Thread.run(Thread.java:745)
Caused by: [test][[test][0]] EngineCreationFailureException[failed to recover from translog]; nested: EngineException[failed to recover from translog]; nested: TranslogCorruptedException[translog corruption while reading from stream]; nested: TranslogCorruptedException[translog stream is corrupted, expected: 0xda484d4a, got: 0xbae587fc];
	at org.elasticsearch.index.engine.InternalEngine.<init>(InternalEngine.java:175)
	at org.elasticsearch.test.engine.MockInternalEngine.<init>(MockInternalEngine.java:36)
	at org.elasticsearch.test.engine.MockEngineFactory.newReadWriteEngine(MockEngineFactory.java:36)
	at org.elasticsearch.index.shard.IndexShard.newEngine(IndexShard.java:1310)
	at org.elasticsearch.index.shard.IndexShard.createNewEngine(IndexShard.java:1305)
	at org.elasticsearch.index.shard.IndexShard.internalPerformTranslogRecovery(IndexShard.java:888)
	at org.elasticsearch.index.shard.IndexShard.performTranslogRecovery(IndexShard.java:866)
	at org.elasticsearch.index.shard.StoreRecovery.internalRecoverFromStore(StoreRecovery.java:230)
	... 8 more
Caused by: [test][[test][0]] EngineException[failed to recover from translog]; nested: TranslogCorruptedException[translog corruption while reading from stream]; nested: TranslogCorruptedException[translog stream is corrupted, expected: 0xda484d4a, got: 0xbae587fc];
	at org.elasticsearch.index.engine.InternalEngine.recoverFromTranslog(InternalEngine.java:251)
	at org.elasticsearch.index.engine.InternalEngine.<init>(InternalEngine.java:172)
	... 15 more
Caused by: TranslogCorruptedException[translog corruption while reading from stream]; nested: TranslogCorruptedException[translog stream is corrupted, expected: 0xda484d4a, got: 0xbae587fc];
	at org.elasticsearch.index.translog.Translog.readOperation(Translog.java:1133)
	at org.elasticsearch.index.translog.BaseTranslogReader.read(BaseTranslogReader.java:114)
	at org.elasticsearch.index.translog.TranslogSnapshot.readOperation(TranslogSnapshot.java:70)
	at org.elasticsearch.index.translog.TranslogSnapshot.next(TranslogSnapshot.java:61)
	at org.elasticsearch.index.translog.MultiSnapshot.next(MultiSnapshot.java:53)
	at org.elasticsearch.index.engine.InternalEngine.recoverFromTranslog(InternalEngine.java:237)
	... 16 more
Caused by: TranslogCorruptedException[translog stream is corrupted, expected: 0xda484d4a, got: 0xbae587fc]
	at org.elasticsearch.index.translog.Translog.verifyChecksum(Translog.java:1091)
	at org.elasticsearch.index.translog.Translog.readOperation(Translog.java:1123)
	... 21 more
[2016-04-18 03:03:58,456][WARN ][org.elasticsearch.cluster.action.shard] [node_s0] [test][0] received shard failed for [test][0], node[zh8EGFynRVuF0b25iuPgEA], [P], v[3], s[INITIALIZING], a[id=DCQCOxiZQ6uuI8dUpVsrJg], unassigned_info[[reason=ALLOCATION_FAILED], at[2016-04-18T07:03:58.442Z], details[failed recovery, failure IndexShardRecoveryException[failed to recovery from gateway]; nested: EngineCreationFailureException[failed to recover from translog]; nested: EngineException[failed to recover from translog]; nested: TranslogCorruptedException[translog corruption while reading from stream]; nested: TranslogCorruptedException[translog stream is corrupted, expected: 0xda484d4a, got: 0xbae587fc]; ]], indexUUID [jvViyj5qTFmJnQUMS7-e8g], message [failed recovery], failure [IndexShardRecoveryException[failed to recovery from gateway]; nested: EngineCreationFailureException[failed to recover from translog]; nested: EngineException[failed to recover from translog]; nested: TranslogCorruptedException[translog corruption while reading from stream]; nested: TranslogCorruptedException[translog stream is corrupted, expected: 0xda484d4a, got: 0xbae587fc]; ]
[test][[test][0]] IndexShardRecoveryException[failed to recovery from gateway]; nested: EngineCreationFailureException[failed to recover from translog]; nested: EngineException[failed to recover from translog]; nested: TranslogCorruptedException[translog corruption while reading from stream]; nested: TranslogCorruptedException[translog stream is corrupted, expected: 0xda484d4a, got: 0xbae587fc];
	at org.elasticsearch.index.shard.StoreRecovery.internalRecoverFromStore(StoreRecovery.java:234)
	at org.elasticsearch.index.shard.StoreRecovery.lambda$recoverFromStore$189(StoreRecovery.java:77)
	at org.elasticsearch.index.shard.StoreRecovery.executeRecovery(StoreRecovery.java:122)
	at org.elasticsearch.index.shard.StoreRecovery.recoverFromStore(StoreRecovery.java:75)
	at org.elasticsearch.index.shard.IndexShard.recoverFromStore(IndexShard.java:1059)
	at org.elasticsearch.indices.cluster.IndicesClusterStateService.lambda$applyInitializingShard$195(IndicesClusterStateService.java:648)
	at java.util.concurrent.ThreadPoolExecutor.runWorker(ThreadPoolExecutor.java:1142)
	at java.util.concurrent.ThreadPoolExecutor$Worker.run(ThreadPoolExecutor.java:617)
	at java.lang.Thread.run(Thread.java:745)
Caused by: [test][[test][0]] EngineCreationFailureException[failed to recover from translog]; nested: EngineException[failed to recover from translog]; nested: TranslogCorruptedException[translog corruption while reading from stream]; nested: TranslogCorruptedException[translog stream is corrupted, expected: 0xda484d4a, got: 0xbae587fc];
	at org.elasticsearch.index.engine.InternalEngine.<init>(InternalEngine.java:175)
	at org.elasticsearch.test.engine.MockInternalEngine.<init>(MockInternalEngine.java:36)
	at org.elasticsearch.test.engine.MockEngineFactory.newReadWriteEngine(MockEngineFactory.java:36)
	at org.elasticsearch.index.shard.IndexShard.newEngine(IndexShard.java:1310)
	at org.elasticsearch.index.shard.IndexShard.createNewEngine(IndexShard.java:1305)
	at org.elasticsearch.index.shard.IndexShard.internalPerformTranslogRecovery(IndexShard.java:888)
	at org.elasticsearch.index.shard.IndexShard.performTranslogRecovery(IndexShard.java:866)
	at org.elasticsearch.index.shard.StoreRecovery.internalRecoverFromStore(StoreRecovery.java:230)
	... 8 more
Caused by: [test][[test][0]] EngineException[failed to recover from translog]; nested: TranslogCorruptedException[translog corruption while reading from stream]; nested: TranslogCorruptedException[translog stream is corrupted, expected: 0xda484d4a, got: 0xbae587fc];
	at org.elasticsearch.index.engine.InternalEngine.recoverFromTranslog(InternalEngine.java:251)
	at org.elasticsearch.index.engine.InternalEngine.<init>(InternalEngine.java:172)
	... 15 more
Caused by: TranslogCorruptedException[translog corruption while reading from stream]; nested: TranslogCorruptedException[translog stream is corrupted, expected: 0xda484d4a, got: 0xbae587fc];
	at org.elasticsearch.index.translog.Translog.readOperation(Translog.java:1133)
	at org.elasticsearch.index.translog.BaseTranslogReader.read(BaseTranslogReader.java:114)
	at org.elasticsearch.index.translog.TranslogSnapshot.readOperation(TranslogSnapshot.java:70)
	at org.elasticsearch.index.translog.TranslogSnapshot.next(TranslogSnapshot.java:61)
	at org.elasticsearch.index.translog.MultiSnapshot.next(MultiSnapshot.java:53)
	at org.elasticsearch.index.engine.InternalEngine.recoverFromTranslog(InternalEngine.java:237)
	... 16 more
Caused by: TranslogCorruptedException[translog stream is corrupted, expected: 0xda484d4a, got: 0xbae587fc]
	at org.elasticsearch.index.translog.Translog.verifyChecksum(Translog.java:1091)
	at org.elasticsearch.index.translog.Translog.readOperation(Translog.java:1123)
	... 21 more
[2016-04-18 03:03:58,472][WARN ][org.elasticsearch.indices.cluster] [node_s0] [[test][0]] marking and sending shard failed due to [failed recovery]
[test][[test][0]] IndexShardRecoveryException[failed to recovery from gateway]; nested: EngineCreationFailureException[failed to recover from translog]; nested: EngineException[failed to recover from translog]; nested: TranslogCorruptedException[translog corruption while reading from stream]; nested: TranslogCorruptedException[translog stream is corrupted, expected: 0xda484d4a, got: 0xbae587fc];
	at org.elasticsearch.index.shard.StoreRecovery.internalRecoverFromStore(StoreRecovery.java:234)
	at org.elasticsearch.index.shard.StoreRecovery.lambda$recoverFromStore$189(StoreRecovery.java:77)
	at org.elasticsearch.index.shard.StoreRecovery.executeRecovery(StoreRecovery.java:122)
	at org.elasticsearch.index.shard.StoreRecovery.recoverFromStore(StoreRecovery.java:75)
	at org.elasticsearch.index.shard.IndexShard.recoverFromStore(IndexShard.java:1059)
	at org.elasticsearch.indices.cluster.IndicesClusterStateService.lambda$applyInitializingShard$195(IndicesClusterStateService.java:648)
	at java.util.concurrent.ThreadPoolExecutor.runWorker(ThreadPoolExecutor.java:1142)
	at java.util.concurrent.ThreadPoolExecutor$Worker.run(ThreadPoolExecutor.java:617)
	at java.lang.Thread.run(Thread.java:745)
Caused by: [test][[test][0]] EngineCreationFailureException[failed to recover from translog]; nested: EngineException[failed to recover from translog]; nested: TranslogCorruptedException[translog corruption while reading from stream]; nested: TranslogCorruptedException[translog stream is corrupted, expected: 0xda484d4a, got: 0xbae587fc];
	at org.elasticsearch.index.engine.InternalEngine.<init>(InternalEngine.java:175)
	at org.elasticsearch.test.engine.MockInternalEngine.<init>(MockInternalEngine.java:36)
	at org.elasticsearch.test.engine.MockEngineFactory.newReadWriteEngine(MockEngineFactory.java:36)
	at org.elasticsearch.index.shard.IndexShard.newEngine(IndexShard.java:1310)
	at org.elasticsearch.index.shard.IndexShard.createNewEngine(IndexShard.java:1305)
	at org.elasticsearch.index.shard.IndexShard.internalPerformTranslogRecovery(IndexShard.java:888)
	at org.elasticsearch.index.shard.IndexShard.performTranslogRecovery(IndexShard.java:866)
	at org.elasticsearch.index.shard.StoreRecovery.internalRecoverFromStore(StoreRecovery.java:230)
	... 8 more
Caused by: [test][[test][0]] EngineException[failed to recover from translog]; nested: TranslogCorruptedException[translog corruption while reading from stream]; nested: TranslogCorruptedException[translog stream is corrupted, expected: 0xda484d4a, got: 0xbae587fc];
	at org.elasticsearch.index.engine.InternalEngine.recoverFromTranslog(InternalEngine.java:251)
	at org.elasticsearch.index.engine.InternalEngine.<init>(InternalEngine.java:172)
	... 15 more
Caused by: TranslogCorruptedException[translog corruption while reading from stream]; nested: TranslogCorruptedException[translog stream is corrupted, expected: 0xda484d4a, got: 0xbae587fc];
	at org.elasticsearch.index.translog.Translog.readOperation(Translog.java:1133)
	at org.elasticsearch.index.translog.BaseTranslogReader.read(BaseTranslogReader.java:114)
	at org.elasticsearch.index.translog.TranslogSnapshot.readOperation(TranslogSnapshot.java:70)
	at org.elasticsearch.index.translog.TranslogSnapshot.next(TranslogSnapshot.java:61)
	at org.elasticsearch.index.translog.MultiSnapshot.next(MultiSnapshot.java:53)
	at org.elasticsearch.index.engine.InternalEngine.recoverFromTranslog(InternalEngine.java:237)
	... 16 more
Caused by: TranslogCorruptedException[translog stream is corrupted, expected: 0xda484d4a, got: 0xbae587fc]
	at org.elasticsearch.index.translog.Translog.verifyChecksum(Translog.java:1091)
	at org.elasticsearch.index.translog.Translog.readOperation(Translog.java:1123)
	... 21 more
[2016-04-18 03:03:58,472][WARN ][org.elasticsearch.cluster.action.shard] [node_s0] [test][0] received shard failed for [test][0], node[zh8EGFynRVuF0b25iuPgEA], [P], v[3], s[INITIALIZING], a[id=WvQFSOvnRzubqJ0H3hePlA], unassigned_info[[reason=ALLOCATION_FAILED], at[2016-04-18T07:03:58.457Z], details[failed recovery, failure IndexShardRecoveryException[failed to recovery from gateway]; nested: EngineCreationFailureException[failed to recover from translog]; nested: EngineException[failed to recover from translog]; nested: TranslogCorruptedException[translog corruption while reading from stream]; nested: TranslogCorruptedException[translog stream is corrupted, expected: 0xda484d4a, got: 0xbae587fc]; ]], indexUUID [jvViyj5qTFmJnQUMS7-e8g], message [failed recovery], failure [IndexShardRecoveryException[failed to recovery from gateway]; nested: EngineCreationFailureException[failed to recover from translog]; nested: EngineException[failed to recover from translog]; nested: TranslogCorruptedException[translog corruption while reading from stream]; nested: TranslogCorruptedException[translog stream is corrupted, expected: 0xda484d4a, got: 0xbae587fc]; ]
[test][[test][0]] IndexShardRecoveryException[failed to recovery from gateway]; nested: EngineCreationFailureException[failed to recover from translog]; nested: EngineException[failed to recover from translog]; nested: TranslogCorruptedException[translog corruption while reading from stream]; nested: TranslogCorruptedException[translog stream is corrupted, expected: 0xda484d4a, got: 0xbae587fc];
	at org.elasticsearch.index.shard.StoreRecovery.internalRecoverFromStore(StoreRecovery.java:234)
	at org.elasticsearch.index.shard.StoreRecovery.lambda$recoverFromStore$189(StoreRecovery.java:77)
	at org.elasticsearch.index.shard.StoreRecovery.executeRecovery(StoreRecovery.java:122)
	at org.elasticsearch.index.shard.StoreRecovery.recoverFromStore(StoreRecovery.java:75)
	at org.elasticsearch.index.shard.IndexShard.recoverFromStore(IndexShard.java:1059)
	at org.elasticsearch.indices.cluster.IndicesClusterStateService.lambda$applyInitializingShard$195(IndicesClusterStateService.java:648)
	at java.util.concurrent.ThreadPoolExecutor.runWorker(ThreadPoolExecutor.java:1142)
	at java.util.concurrent.ThreadPoolExecutor$Worker.run(ThreadPoolExecutor.java:617)
	at java.lang.Thread.run(Thread.java:745)
Caused by: [test][[test][0]] EngineCreationFailureException[failed to recover from translog]; nested: EngineException[failed to recover from translog]; nested: TranslogCorruptedException[translog corruption while reading from stream]; nested: TranslogCorruptedException[translog stream is corrupted, expected: 0xda484d4a, got: 0xbae587fc];
	at org.elasticsearch.index.engine.InternalEngine.<init>(InternalEngine.java:175)
	at org.elasticsearch.test.engine.MockInternalEngine.<init>(MockInternalEngine.java:36)
	at org.elasticsearch.test.engine.MockEngineFactory.newReadWriteEngine(MockEngineFactory.java:36)
	at org.elasticsearch.index.shard.IndexShard.newEngine(IndexShard.java:1310)
	at org.elasticsearch.index.shard.IndexShard.createNewEngine(IndexShard.java:1305)
	at org.elasticsearch.index.shard.IndexShard.internalPerformTranslogRecovery(IndexShard.java:888)
	at org.elasticsearch.index.shard.IndexShard.performTranslogRecovery(IndexShard.java:866)
	at org.elasticsearch.index.shard.StoreRecovery.internalRecoverFromStore(StoreRecovery.java:230)
	... 8 more
Caused by: [test][[test][0]] EngineException[failed to recover from translog]; nested: TranslogCorruptedException[translog corruption while reading from stream]; nested: TranslogCorruptedException[translog stream is corrupted, expected: 0xda484d4a, got: 0xbae587fc];
	at org.elasticsearch.index.engine.InternalEngine.recoverFromTranslog(InternalEngine.java:251)
	at org.elasticsearch.index.engine.InternalEngine.<init>(InternalEngine.java:172)
	... 15 more
Caused by: TranslogCorruptedException[translog corruption while reading from stream]; nested: TranslogCorruptedException[translog stream is corrupted, expected: 0xda484d4a, got: 0xbae587fc];
	at org.elasticsearch.index.translog.Translog.readOperation(Translog.java:1133)
	at org.elasticsearch.index.translog.BaseTranslogReader.read(BaseTranslogReader.java:114)
	at org.elasticsearch.index.translog.TranslogSnapshot.readOperation(TranslogSnapshot.java:70)
	at org.elasticsearch.index.translog.TranslogSnapshot.next(TranslogSnapshot.java:61)
	at org.elasticsearch.index.translog.MultiSnapshot.next(MultiSnapshot.java:53)
	at org.elasticsearch.index.engine.InternalEngine.recoverFromTranslog(InternalEngine.java:237)
	... 16 more
Caused by: TranslogCorruptedException[translog stream is corrupted, expected: 0xda484d4a, got: 0xbae587fc]
	at org.elasticsearch.index.translog.Translog.verifyChecksum(Translog.java:1091)
	at org.elasticsearch.index.translog.Translog.readOperation(Translog.java:1123)
	... 21 more
[2016-04-18 03:03:58,488][WARN ][org.elasticsearch.indices.cluster] [node_s0] [[test][0]] marking and sending shard failed due to [failed recovery]
[test][[test][0]] IndexShardRecoveryException[failed to recovery from gateway]; nested: EngineCreationFailureException[failed to recover from translog]; nested: EngineException[failed to recover from translog]; nested: TranslogCorruptedException[translog corruption while reading from stream]; nested: TranslogCorruptedException[translog stream is corrupted, expected: 0xda484d4a, got: 0xbae587fc];
	at org.elasticsearch.index.shard.StoreRecovery.internalRecoverFromStore(StoreRecovery.java:234)
	at org.elasticsearch.index.shard.StoreRecovery.lambda$recoverFromStore$189(StoreRecovery.java:77)
	at org.elasticsearch.index.shard.StoreRecovery.executeRecovery(StoreRecovery.java:122)
	at org.elasticsearch.index.shard.StoreRecovery.recoverFromStore(StoreRecovery.java:75)
	at org.elasticsearch.index.shard.IndexShard.recoverFromStore(IndexShard.java:1059)
	at org.elasticsearch.indices.cluster.IndicesClusterStateService.lambda$applyInitializingShard$195(IndicesClusterStateService.java:648)
	at java.util.concurrent.ThreadPoolExecutor.runWorker(ThreadPoolExecutor.java:1142)
	at java.util.concurrent.ThreadPoolExecutor$Worker.run(ThreadPoolExecutor.java:617)
	at java.lang.Thread.run(Thread.java:745)
Caused by: [test][[test][0]] EngineCreationFailureException[failed to recover from translog]; nested: EngineException[failed to recover from translog]; nested: TranslogCorruptedException[translog corruption while reading from stream]; nested: TranslogCorruptedException[translog stream is corrupted, expected: 0xda484d4a, got: 0xbae587fc];
	at org.elasticsearch.index.engine.InternalEngine.<init>(InternalEngine.java:175)
	at org.elasticsearch.test.engine.MockInternalEngine.<init>(MockInternalEngine.java:36)
	at org.elasticsearch.test.engine.MockEngineFactory.newReadWriteEngine(MockEngineFactory.java:36)
	at org.elasticsearch.index.shard.IndexShard.newEngine(IndexShard.java:1310)
	at org.elasticsearch.index.shard.IndexShard.createNewEngine(IndexShard.java:1305)
	at org.elasticsearch.index.shard.IndexShard.internalPerformTranslogRecovery(IndexShard.java:888)
	at org.elasticsearch.index.shard.IndexShard.performTranslogRecovery(IndexShard.java:866)
	at org.elasticsearch.index.shard.StoreRecovery.internalRecoverFromStore(StoreRecovery.java:230)
	... 8 more
Caused by: [test][[test][0]] EngineException[failed to recover from translog]; nested: TranslogCorruptedException[translog corruption while reading from stream]; nested: TranslogCorruptedException[translog stream is corrupted, expected: 0xda484d4a, got: 0xbae587fc];
	at org.elasticsearch.index.engine.InternalEngine.recoverFromTranslog(InternalEngine.java:251)
	at org.elasticsearch.index.engine.InternalEngine.<init>(InternalEngine.java:172)
	... 15 more
Caused by: TranslogCorruptedException[translog corruption while reading from stream]; nested: TranslogCorruptedException[translog stream is corrupted, expected: 0xda484d4a, got: 0xbae587fc];
	at org.elasticsearch.index.translog.Translog.readOperation(Translog.java:1133)
	at org.elasticsearch.index.translog.BaseTranslogReader.read(BaseTranslogReader.java:114)
	at org.elasticsearch.index.translog.TranslogSnapshot.readOperation(TranslogSnapshot.java:70)
	at org.elasticsearch.index.translog.TranslogSnapshot.next(TranslogSnapshot.java:61)
	at org.elasticsearch.index.translog.MultiSnapshot.next(MultiSnapshot.java:53)
	at org.elasticsearch.index.engine.InternalEngine.recoverFromTranslog(InternalEngine.java:237)
	... 16 more
Caused by: TranslogCorruptedException[translog stream is corrupted, expected: 0xda484d4a, got: 0xbae587fc]
	at org.elasticsearch.index.translog.Translog.verifyChecksum(Translog.java:1091)
	at org.elasticsearch.index.translog.Translog.readOperation(Translog.java:1123)
	... 21 more
[2016-04-18 03:03:58,489][WARN ][org.elasticsearch.cluster.action.shard] [node_s0] [test][0] received shard failed for [test][0], node[zh8EGFynRVuF0b25iuPgEA], [P], v[3], s[INITIALIZING], a[id=oMddeMiyTDCtQSPEdT1O1g], unassigned_info[[reason=ALLOCATION_FAILED], at[2016-04-18T07:03:58.472Z], details[failed recovery, failure IndexShardRecoveryException[failed to recovery from gateway]; nested: EngineCreationFailureException[failed to recover from translog]; nested: EngineException[failed to recover from translog]; nested: TranslogCorruptedException[translog corruption while reading from stream]; nested: TranslogCorruptedException[translog stream is corrupted, expected: 0xda484d4a, got: 0xbae587fc]; ]], indexUUID [jvViyj5qTFmJnQUMS7-e8g], message [failed recovery], failure [IndexShardRecoveryException[failed to recovery from gateway]; nested: EngineCreationFailureException[failed to recover from translog]; nested: EngineException[failed to recover from translog]; nested: TranslogCorruptedException[translog corruption while reading from stream]; nested: TranslogCorruptedException[translog stream is corrupted, expected: 0xda484d4a, got: 0xbae587fc]; ]
[test][[test][0]] IndexShardRecoveryException[failed to recovery from gateway]; nested: EngineCreationFailureException[failed to recover from translog]; nested: EngineException[failed to recover from translog]; nested: TranslogCorruptedException[translog corruption while reading from stream]; nested: TranslogCorruptedException[translog stream is corrupted, expected: 0xda484d4a, got: 0xbae587fc];
	at org.elasticsearch.index.shard.StoreRecovery.internalRecoverFromStore(StoreRecovery.java:234)
	at org.elasticsearch.index.shard.StoreRecovery.lambda$recoverFromStore$189(StoreRecovery.java:77)
	at org.elasticsearch.index.shard.StoreRecovery.executeRecovery(StoreRecovery.java:122)
	at org.elasticsearch.index.shard.StoreRecovery.recoverFromStore(StoreRecovery.java:75)
	at org.elasticsearch.index.shard.IndexShard.recoverFromStore(IndexShard.java:1059)
	at org.elasticsearch.indices.cluster.IndicesClusterStateService.lambda$applyInitializingShard$195(IndicesClusterStateService.java:648)
	at java.util.concurrent.ThreadPoolExecutor.runWorker(ThreadPoolExecutor.java:1142)
	at java.util.concurrent.ThreadPoolExecutor$Worker.run(ThreadPoolExecutor.java:617)
	at java.lang.Thread.run(Thread.java:745)
Caused by: [test][[test][0]] EngineCreationFailureException[failed to recover from translog]; nested: EngineException[failed to recover from translog]; nested: TranslogCorruptedException[translog corruption while reading from stream]; nested: TranslogCorruptedException[translog stream is corrupted, expected: 0xda484d4a, got: 0xbae587fc];
	at org.elasticsearch.index.engine.InternalEngine.<init>(InternalEngine.java:175)
	at org.elasticsearch.test.engine.MockInternalEngine.<init>(MockInternalEngine.java:36)
	at org.elasticsearch.test.engine.MockEngineFactory.newReadWriteEngine(MockEngineFactory.java:36)
	at org.elasticsearch.index.shard.IndexShard.newEngine(IndexShard.java:1310)
	at org.elasticsearch.index.shard.IndexShard.createNewEngine(IndexShard.java:1305)
	at org.elasticsearch.index.shard.IndexShard.internalPerformTranslogRecovery(IndexShard.java:888)
	at org.elasticsearch.index.shard.IndexShard.performTranslogRecovery(IndexShard.java:866)
	at org.elasticsearch.index.shard.StoreRecovery.internalRecoverFromStore(StoreRecovery.java:230)
	... 8 more
Caused by: [test][[test][0]] EngineException[failed to recover from translog]; nested: TranslogCorruptedException[translog corruption while reading from stream]; nested: TranslogCorruptedException[translog stream is corrupted, expected: 0xda484d4a, got: 0xbae587fc];
	at org.elasticsearch.index.engine.InternalEngine.recoverFromTranslog(InternalEngine.java:251)
	at org.elasticsearch.index.engine.InternalEngine.<init>(InternalEngine.java:172)
	... 15 more
Caused by: TranslogCorruptedException[translog corruption while reading from stream]; nested: TranslogCorruptedException[translog stream is corrupted, expected: 0xda484d4a, got: 0xbae587fc];
	at org.elasticsearch.index.translog.Translog.readOperation(Translog.java:1133)
	at org.elasticsearch.index.translog.BaseTranslogReader.read(BaseTranslogReader.java:114)
	at org.elasticsearch.index.translog.TranslogSnapshot.readOperation(TranslogSnapshot.java:70)
	at org.elasticsearch.index.translog.TranslogSnapshot.next(TranslogSnapshot.java:61)
	at org.elasticsearch.index.translog.MultiSnapshot.next(MultiSnapshot.java:53)
	at org.elasticsearch.index.engine.InternalEngine.recoverFromTranslog(InternalEngine.java:237)
	... 16 more
Caused by: TranslogCorruptedException[translog stream is corrupted, expected: 0xda484d4a, got: 0xbae587fc]
	at org.elasticsearch.index.translog.Translog.verifyChecksum(Translog.java:1091)
	at org.elasticsearch.index.translog.Translog.readOperation(Translog.java:1123)
	... 21 more
[2016-04-18 03:03:58,504][WARN ][org.elasticsearch.indices.cluster] [node_s0] [[test][0]] marking and sending shard failed due to [failed recovery]
[test][[test][0]] IndexShardRecoveryException[failed to recovery from gateway]; nested: EngineCreationFailureException[failed to recover from translog]; nested: EngineException[failed to recover from translog]; nested: TranslogCorruptedException[translog corruption while reading from stream]; nested: TranslogCorruptedException[translog stream is corrupted, expected: 0xda484d4a, got: 0xbae587fc];
	at org.elasticsearch.index.shard.StoreRecovery.internalRecoverFromStore(StoreRecovery.java:234)
	at org.elasticsearch.index.shard.StoreRecovery.lambda$recoverFromStore$189(StoreRecovery.java:77)
	at org.elasticsearch.index.shard.StoreRecovery.executeRecovery(StoreRecovery.java:122)
	at org.elasticsearch.index.shard.StoreRecovery.recoverFromStore(StoreRecovery.java:75)
	at org.elasticsearch.index.shard.IndexShard.recoverFromStore(IndexShard.java:1059)
	at org.elasticsearch.indices.cluster.IndicesClusterStateService.lambda$applyInitializingShard$195(IndicesClusterStateService.java:648)
	at java.util.concurrent.ThreadPoolExecutor.runWorker(ThreadPoolExecutor.java:1142)
	at java.util.concurrent.ThreadPoolExecutor$Worker.run(ThreadPoolExecutor.java:617)
	at java.lang.Thread.run(Thread.java:745)
Caused by: [test][[test][0]] EngineCreationFailureException[failed to recover from translog]; nested: EngineException[failed to recover from translog]; nested: TranslogCorruptedException[translog corruption while reading from stream]; nested: TranslogCorruptedException[translog stream is corrupted, expected: 0xda484d4a, got: 0xbae587fc];
	at org.elasticsearch.index.engine.InternalEngine.<init>(InternalEngine.java:175)
	at org.elasticsearch.test.engine.MockInternalEngine.<init>(MockInternalEngine.java:36)
	at org.elasticsearch.test.engine.MockEngineFactory.newReadWriteEngine(MockEngineFactory.java:36)
	at org.elasticsearch.index.shard.IndexShard.newEngine(IndexShard.java:1310)
	at org.elasticsearch.index.shard.IndexShard.createNewEngine(IndexShard.java:1305)
	at org.elasticsearch.index.shard.IndexShard.internalPerformTranslogRecovery(IndexShard.java:888)
	at org.elasticsearch.index.shard.IndexShard.performTranslogRecovery(IndexShard.java:866)
	at org.elasticsearch.index.shard.StoreRecovery.internalRecoverFromStore(StoreRecovery.java:230)
	... 8 more
Caused by: [test][[test][0]] EngineException[failed to recover from translog]; nested: TranslogCorruptedException[translog corruption while reading from stream]; nested: TranslogCorruptedException[translog stream is corrupted, expected: 0xda484d4a, got: 0xbae587fc];
	at org.elasticsearch.index.engine.InternalEngine.recoverFromTranslog(InternalEngine.java:251)
	at org.elasticsearch.index.engine.InternalEngine.<init>(InternalEngine.java:172)
	... 15 more
Caused by: TranslogCorruptedException[translog corruption while reading from stream]; nested: TranslogCorruptedException[translog stream is corrupted, expected: 0xda484d4a, got: 0xbae587fc];
	at org.elasticsearch.index.translog.Translog.readOperation(Translog.java:1133)
	at org.elasticsearch.index.translog.BaseTranslogReader.read(BaseTranslogReader.java:114)
	at org.elasticsearch.index.translog.TranslogSnapshot.readOperation(TranslogSnapshot.java:70)
	at org.elasticsearch.index.translog.TranslogSnapshot.next(TranslogSnapshot.java:61)
	at org.elasticsearch.index.translog.MultiSnapshot.next(MultiSnapshot.java:53)
	at org.elasticsearch.index.engine.InternalEngine.recoverFromTranslog(InternalEngine.java:237)
	... 16 more
Caused by: TranslogCorruptedException[translog stream is corrupted, expected: 0xda484d4a, got: 0xbae587fc]
	at org.elasticsearch.index.translog.Translog.verifyChecksum(Translog.java:1091)
	at org.elasticsearch.index.translog.Translog.readOperation(Translog.java:1123)
	... 21 more
[2016-04-18 03:03:58,505][WARN ][org.elasticsearch.cluster.action.shard] [node_s0] [test][0] received shard failed for [test][0], node[zh8EGFynRVuF0b25iuPgEA], [P], v[3], s[INITIALIZING], a[id=egxxEchbTgmYpX2PRIZHCQ], unassigned_info[[reason=ALLOCATION_FAILED], at[2016-04-18T07:03:58.489Z], details[failed recovery, failure IndexShardRecoveryException[failed to recovery from gateway]; nested: EngineCreationFailureException[failed to recover from translog]; nested: EngineException[failed to recover from translog]; nested: TranslogCorruptedException[translog corruption while reading from stream]; nested: TranslogCorruptedException[translog stream is corrupted, expected: 0xda484d4a, got: 0xbae587fc]; ]], indexUUID [jvViyj5qTFmJnQUMS7-e8g], message [failed recovery], failure [IndexShardRecoveryException[failed to recovery from gateway]; nested: EngineCreationFailureException[failed to recover from translog]; nested: EngineException[failed to recover from translog]; nested: TranslogCorruptedException[translog corruption while reading from stream]; nested: TranslogCorruptedException[translog stream is corrupted, expected: 0xda484d4a, got: 0xbae587fc]; ]
[test][[test][0]] IndexShardRecoveryException[failed to recovery from gateway]; nested: EngineCreationFailureException[failed to recover from translog]; nested: EngineException[failed to recover from translog]; nested: TranslogCorruptedException[translog corruption while reading from stream]; nested: TranslogCorruptedException[translog stream is corrupted, expected: 0xda484d4a, got: 0xbae587fc];
	at org.elasticsearch.index.shard.StoreRecovery.internalRecoverFromStore(StoreRecovery.java:234)
	at org.elasticsearch.index.shard.StoreRecovery.lambda$recoverFromStore$189(StoreRecovery.java:77)
	at org.elasticsearch.index.shard.StoreRecovery.executeRecovery(StoreRecovery.java:122)
	at org.elasticsearch.index.shard.StoreRecovery.recoverFromStore(StoreRecovery.java:75)
	at org.elasticsearch.index.shard.IndexShard.recoverFromStore(IndexShard.java:1059)
	at org.elasticsearch.indices.cluster.IndicesClusterStateService.lambda$applyInitializingShard$195(IndicesClusterStateService.java:648)
	at java.util.concurrent.ThreadPoolExecutor.runWorker(ThreadPoolExecutor.java:1142)
	at java.util.concurrent.ThreadPoolExecutor$Worker.run(ThreadPoolExecutor.java:617)
	at java.lang.Thread.run(Thread.java:745)
Caused by: [test][[test][0]] EngineCreationFailureException[failed to recover from translog]; nested: EngineException[failed to recover from translog]; nested: TranslogCorruptedException[translog corruption while reading from stream]; nested: TranslogCorruptedException[translog stream is corrupted, expected: 0xda484d4a, got: 0xbae587fc];
	at org.elasticsearch.index.engine.InternalEngine.<init>(InternalEngine.java:175)
	at org.elasticsearch.test.engine.MockInternalEngine.<init>(MockInternalEngine.java:36)
	at org.elasticsearch.test.engine.MockEngineFactory.newReadWriteEngine(MockEngineFactory.java:36)
	at org.elasticsearch.index.shard.IndexShard.newEngine(IndexShard.java:1310)
	at org.elasticsearch.index.shard.IndexShard.createNewEngine(IndexShard.java:1305)
	at org.elasticsearch.index.shard.IndexShard.internalPerformTranslogRecovery(IndexShard.java:888)
	at org.elasticsearch.index.shard.IndexShard.performTranslogRecovery(IndexShard.java:866)
	at org.elasticsearch.index.shard.StoreRecovery.internalRecoverFromStore(StoreRecovery.java:230)
	... 8 more
Caused by: [test][[test][0]] EngineException[failed to recover from translog]; nested: TranslogCorruptedException[translog corruption while reading from stream]; nested: TranslogCorruptedException[translog stream is corrupted, expected: 0xda484d4a, got: 0xbae587fc];
	at org.elasticsearch.index.engine.InternalEngine.recoverFromTranslog(InternalEngine.java:251)
	at org.elasticsearch.index.engine.InternalEngine.<init>(InternalEngine.java:172)
	... 15 more
Caused by: TranslogCorruptedException[translog corruption while reading from stream]; nested: TranslogCorruptedException[translog stream is corrupted, expected: 0xda484d4a, got: 0xbae587fc];
	at org.elasticsearch.index.translog.Translog.readOperation(Translog.java:1133)
	at org.elasticsearch.index.translog.BaseTranslogReader.read(BaseTranslogReader.java:114)
	at org.elasticsearch.index.translog.TranslogSnapshot.readOperation(TranslogSnapshot.java:70)
	at org.elasticsearch.index.translog.TranslogSnapshot.next(TranslogSnapshot.java:61)
	at org.elasticsearch.index.translog.MultiSnapshot.next(MultiSnapshot.java:53)
	at org.elasticsearch.index.engine.InternalEngine.recoverFromTranslog(InternalEngine.java:237)
	... 16 more
Caused by: TranslogCorruptedException[translog stream is corrupted, expected: 0xda484d4a, got: 0xbae587fc]
	at org.elasticsearch.index.translog.Translog.verifyChecksum(Translog.java:1091)
	at org.elasticsearch.index.translog.Translog.readOperation(Translog.java:1123)
	... 21 more
[2016-04-18 03:03:58,520][WARN ][org.elasticsearch.indices.cluster] [node_s0] [[test][0]] marking and sending shard failed due to [failed recovery]
[test][[test][0]] IndexShardRecoveryException[failed to recovery from gateway]; nested: EngineCreationFailureException[failed to recover from translog]; nested: EngineException[failed to recover from translog]; nested: TranslogCorruptedException[translog corruption while reading from stream]; nested: TranslogCorruptedException[translog stream is corrupted, expected: 0xda484d4a, got: 0xbae587fc];
	at org.elasticsearch.index.shard.StoreRecovery.internalRecoverFromStore(StoreRecovery.java:234)
	at org.elasticsearch.index.shard.StoreRecovery.lambda$recoverFromStore$189(StoreRecovery.java:77)
	at org.elasticsearch.index.shard.StoreRecovery.executeRecovery(StoreRecovery.java:122)
	at org.elasticsearch.index.shard.StoreRecovery.recoverFromStore(StoreRecovery.java:75)
	at org.elasticsearch.index.shard.IndexShard.recoverFromStore(IndexShard.java:1059)
	at org.elasticsearch.indices.cluster.IndicesClusterStateService.lambda$applyInitializingShard$195(IndicesClusterStateService.java:648)
	at java.util.concurrent.ThreadPoolExecutor.runWorker(ThreadPoolExecutor.java:1142)
	at java.util.concurrent.ThreadPoolExecutor$Worker.run(ThreadPoolExecutor.java:617)
	at java.lang.Thread.run(Thread.java:745)
Caused by: [test][[test][0]] EngineCreationFailureException[failed to recover from translog]; nested: EngineException[failed to recover from translog]; nested: TranslogCorruptedException[translog corruption while reading from stream]; nested: TranslogCorruptedException[translog stream is corrupted, expected: 0xda484d4a, got: 0xbae587fc];
	at org.elasticsearch.index.engine.InternalEngine.<init>(InternalEngine.java:175)
	at org.elasticsearch.test.engine.MockInternalEngine.<init>(MockInternalEngine.java:36)
	at org.elasticsearch.test.engine.MockEngineFactory.newReadWriteEngine(MockEngineFactory.java:36)
	at org.elasticsearch.index.shard.IndexShard.newEngine(IndexShard.java:1310)
	at org.elasticsearch.index.shard.IndexShard.createNewEngine(IndexShard.java:1305)
	at org.elasticsearch.index.shard.IndexShard.internalPerformTranslogRecovery(IndexShard.java:888)
	at org.elasticsearch.index.shard.IndexShard.performTranslogRecovery(IndexShard.java:866)
	at org.elasticsearch.index.shard.StoreRecovery.internalRecoverFromStore(StoreRecovery.java:230)
	... 8 more
Caused by: [test][[test][0]] EngineException[failed to recover from translog]; nested: TranslogCorruptedException[translog corruption while reading from stream]; nested: TranslogCorruptedException[translog stream is corrupted, expected: 0xda484d4a, got: 0xbae587fc];
	at org.elasticsearch.index.engine.InternalEngine.recoverFromTranslog(InternalEngine.java:251)
	at org.elasticsearch.index.engine.InternalEngine.<init>(InternalEngine.java:172)
	... 15 more
Caused by: TranslogCorruptedException[translog corruption while reading from stream]; nested: TranslogCorruptedException[translog stream is corrupted, expected: 0xda484d4a, got: 0xbae587fc];
	at org.elasticsearch.index.translog.Translog.readOperation(Translog.java:1133)
	at org.elasticsearch.index.translog.BaseTranslogReader.read(BaseTranslogReader.java:114)
	at org.elasticsearch.index.translog.TranslogSnapshot.readOperation(TranslogSnapshot.java:70)
	at org.elasticsearch.index.translog.TranslogSnapshot.next(TranslogSnapshot.java:61)
	at org.elasticsearch.index.translog.MultiSnapshot.next(MultiSnapshot.java:53)
	at org.elasticsearch.index.engine.InternalEngine.recoverFromTranslog(InternalEngine.java:237)
	... 16 more
Caused by: TranslogCorruptedException[translog stream is corrupted, expected: 0xda484d4a, got: 0xbae587fc]
	at org.elasticsearch.index.translog.Translog.verifyChecksum(Translog.java:1091)
	at org.elasticsearch.index.translog.Translog.readOperation(Translog.java:1123)
	... 21 more
[2016-04-18 03:03:58,521][WARN ][org.elasticsearch.cluster.action.shard] [node_s0] [test][0] received shard failed for [test][0], node[zh8EGFynRVuF0b25iuPgEA], [P], v[3], s[INITIALIZING], a[id=fdDPWnWsQo-yR329F6GbJg], unassigned_info[[reason=ALLOCATION_FAILED], at[2016-04-18T07:03:58.505Z], details[failed recovery, failure IndexShardRecoveryException[failed to recovery from gateway]; nested: EngineCreationFailureException[failed to recover from translog]; nested: EngineException[failed to recover from translog]; nested: TranslogCorruptedException[translog corruption while reading from stream]; nested: TranslogCorruptedException[translog stream is corrupted, expected: 0xda484d4a, got: 0xbae587fc]; ]], indexUUID [jvViyj5qTFmJnQUMS7-e8g], message [failed recovery], failure [IndexShardRecoveryException[failed to recovery from gateway]; nested: EngineCreationFailureException[failed to recover from translog]; nested: EngineException[failed to recover from translog]; nested: TranslogCorruptedException[translog corruption while reading from stream]; nested: TranslogCorruptedException[translog stream is corrupted, expected: 0xda484d4a, got: 0xbae587fc]; ]
[test][[test][0]] IndexShardRecoveryException[failed to recovery from gateway]; nested: EngineCreationFailureException[failed to recover from translog]; nested: EngineException[failed to recover from translog]; nested: TranslogCorruptedException[translog corruption while reading from stream]; nested: TranslogCorruptedException[translog stream is corrupted, expected: 0xda484d4a, got: 0xbae587fc];
	at org.elasticsearch.index.shard.StoreRecovery.internalRecoverFromStore(StoreRecovery.java:234)
	at org.elasticsearch.index.shard.StoreRecovery.lambda$recoverFromStore$189(StoreRecovery.java:77)
	at org.elasticsearch.index.shard.StoreRecovery.executeRecovery(StoreRecovery.java:122)
	at org.elasticsearch.index.shard.StoreRecovery.recoverFromStore(StoreRecovery.java:75)
	at org.elasticsearch.index.shard.IndexShard.recoverFromStore(IndexShard.java:1059)
	at org.elasticsearch.indices.cluster.IndicesClusterStateService.lambda$applyInitializingShard$195(IndicesClusterStateService.java:648)
	at java.util.concurrent.ThreadPoolExecutor.runWorker(ThreadPoolExecutor.java:1142)
	at java.util.concurrent.ThreadPoolExecutor$Worker.run(ThreadPoolExecutor.java:617)
	at java.lang.Thread.run(Thread.java:745)
Caused by: [test][[test][0]] EngineCreationFailureException[failed to recover from translog]; nested: EngineException[failed to recover from translog]; nested: TranslogCorruptedException[translog corruption while reading from stream]; nested: TranslogCorruptedException[translog stream is corrupted, expected: 0xda484d4a, got: 0xbae587fc];
	at org.elasticsearch.index.engine.InternalEngine.<init>(InternalEngine.java:175)
	at org.elasticsearch.test.engine.MockInternalEngine.<init>(MockInternalEngine.java:36)
	at org.elasticsearch.test.engine.MockEngineFactory.newReadWriteEngine(MockEngineFactory.java:36)
	at org.elasticsearch.index.shard.IndexShard.newEngine(IndexShard.java:1310)
	at org.elasticsearch.index.shard.IndexShard.createNewEngine(IndexShard.java:1305)
	at org.elasticsearch.index.shard.IndexShard.internalPerformTranslogRecovery(IndexShard.java:888)
	at org.elasticsearch.index.shard.IndexShard.performTranslogRecovery(IndexShard.java:866)
	at org.elasticsearch.index.shard.StoreRecovery.internalRecoverFromStore(StoreRecovery.java:230)
	... 8 more
Caused by: [test][[test][0]] EngineException[failed to recover from translog]; nested: TranslogCorruptedException[translog corruption while reading from stream]; nested: TranslogCorruptedException[translog stream is corrupted, expected: 0xda484d4a, got: 0xbae587fc];
	at org.elasticsearch.index.engine.InternalEngine.recoverFromTranslog(InternalEngine.java:251)
	at org.elasticsearch.index.engine.InternalEngine.<init>(InternalEngine.java:172)
	... 15 more
Caused by: TranslogCorruptedException[translog corruption while reading from stream]; nested: TranslogCorruptedException[translog stream is corrupted, expected: 0xda484d4a, got: 0xbae587fc];
	at org.elasticsearch.index.translog.Translog.readOperation(Translog.java:1133)
	at org.elasticsearch.index.translog.BaseTranslogReader.read(BaseTranslogReader.java:114)
	at org.elasticsearch.index.translog.TranslogSnapshot.readOperation(TranslogSnapshot.java:70)
	at org.elasticsearch.index.translog.TranslogSnapshot.next(TranslogSnapshot.java:61)
	at org.elasticsearch.index.translog.MultiSnapshot.next(MultiSnapshot.java:53)
	at org.elasticsearch.index.engine.InternalEngine.recoverFromTranslog(InternalEngine.java:237)
	... 16 more
Caused by: TranslogCorruptedException[translog stream is corrupted, expected: 0xda484d4a, got: 0xbae587fc]
	at org.elasticsearch.index.translog.Translog.verifyChecksum(Translog.java:1091)
	at org.elasticsearch.index.translog.Translog.readOperation(Translog.java:1123)
	... 21 more
[2016-04-18 03:03:58,536][WARN ][org.elasticsearch.indices.cluster] [node_s0] [[test][0]] marking and sending shard failed due to [failed recovery]
[test][[test][0]] IndexShardRecoveryException[failed to recovery from gateway]; nested: EngineCreationFailureException[failed to recover from translog]; nested: EngineException[failed to recover from translog]; nested: TranslogCorruptedException[translog corruption while reading from stream]; nested: TranslogCorruptedException[translog stream is corrupted, expected: 0xda484d4a, got: 0xbae587fc];
	at org.elasticsearch.index.shard.StoreRecovery.internalRecoverFromStore(StoreRecovery.java:234)
	at org.elasticsearch.index.shard.StoreRecovery.lambda$recoverFromStore$189(StoreRecovery.java:77)
	at org.elasticsearch.index.shard.StoreRecovery.executeRecovery(StoreRecovery.java:122)
	at org.elasticsearch.index.shard.StoreRecovery.recoverFromStore(StoreRecovery.java:75)
	at org.elasticsearch.index.shard.IndexShard.recoverFromStore(IndexShard.java:1059)
	at org.elasticsearch.indices.cluster.IndicesClusterStateService.lambda$applyInitializingShard$195(IndicesClusterStateService.java:648)
	at java.util.concurrent.ThreadPoolExecutor.runWorker(ThreadPoolExecutor.java:1142)
	at java.util.concurrent.ThreadPoolExecutor$Worker.run(ThreadPoolExecutor.java:617)
	at java.lang.Thread.run(Thread.java:745)
Caused by: [test][[test][0]] EngineCreationFailureException[failed to recover from translog]; nested: EngineException[failed to recover from translog]; nested: TranslogCorruptedException[translog corruption while reading from stream]; nested: TranslogCorruptedException[translog stream is corrupted, expected: 0xda484d4a, got: 0xbae587fc];
	at org.elasticsearch.index.engine.InternalEngine.<init>(InternalEngine.java:175)
	at org.elasticsearch.test.engine.MockInternalEngine.<init>(MockInternalEngine.java:36)
	at org.elasticsearch.test.engine.MockEngineFactory.newReadWriteEngine(MockEngineFactory.java:36)
	at org.elasticsearch.index.shard.IndexShard.newEngine(IndexShard.java:1310)
	at org.elasticsearch.index.shard.IndexShard.createNewEngine(IndexShard.java:1305)
	at org.elasticsearch.index.shard.IndexShard.internalPerformTranslogRecovery(IndexShard.java:888)
	at org.elasticsearch.index.shard.IndexShard.performTranslogRecovery(IndexShard.java:866)
	at org.elasticsearch.index.shard.StoreRecovery.internalRecoverFromStore(StoreRecovery.java:230)
	... 8 more
Caused by: [test][[test][0]] EngineException[failed to recover from translog]; nested: TranslogCorruptedException[translog corruption while reading from stream]; nested: TranslogCorruptedException[translog stream is corrupted, expected: 0xda484d4a, got: 0xbae587fc];
	at org.elasticsearch.index.engine.InternalEngine.recoverFromTranslog(InternalEngine.java:251)
	at org.elasticsearch.index.engine.InternalEngine.<init>(InternalEngine.java:172)
	... 15 more
Caused by: TranslogCorruptedException[translog corruption while reading from stream]; nested: TranslogCorruptedException[translog stream is corrupted, expected: 0xda484d4a, got: 0xbae587fc];
	at org.elasticsearch.index.translog.Translog.readOperation(Translog.java:1133)
	at org.elasticsearch.index.translog.BaseTranslogReader.read(BaseTranslogReader.java:114)
	at org.elasticsearch.index.translog.TranslogSnapshot.readOperation(TranslogSnapshot.java:70)
	at org.elasticsearch.index.translog.TranslogSnapshot.next(TranslogSnapshot.java:61)
	at org.elasticsearch.index.translog.MultiSnapshot.next(MultiSnapshot.java:53)
	at org.elasticsearch.index.engine.InternalEngine.recoverFromTranslog(InternalEngine.java:237)
	... 16 more
Caused by: TranslogCorruptedException[translog stream is corrupted, expected: 0xda484d4a, got: 0xbae587fc]
	at org.elasticsearch.index.translog.Translog.verifyChecksum(Translog.java:1091)
	at org.elasticsearch.index.translog.Translog.readOperation(Translog.java:1123)
	... 21 more
[2016-04-18 03:03:58,536][WARN ][org.elasticsearch.cluster.action.shard] [node_s0] [test][0] received shard failed for [test][0], node[zh8EGFynRVuF0b25iuPgEA], [P], v[3], s[INITIALIZING], a[id=PF38P2P5RE2suhtKNFyxSQ], unassigned_info[[reason=ALLOCATION_FAILED], at[2016-04-18T07:03:58.521Z], details[failed recovery, failure IndexShardRecoveryException[failed to recovery from gateway]; nested: EngineCreationFailureException[failed to recover from translog]; nested: EngineException[failed to recover from translog]; nested: TranslogCorruptedException[translog corruption while reading from stream]; nested: TranslogCorruptedException[translog stream is corrupted, expected: 0xda484d4a, got: 0xbae587fc]; ]], indexUUID [jvViyj5qTFmJnQUMS7-e8g], message [failed recovery], failure [IndexShardRecoveryException[failed to recovery from gateway]; nested: EngineCreationFailureException[failed to recover from translog]; nested: EngineException[failed to recover from translog]; nested: TranslogCorruptedException[translog corruption while reading from stream]; nested: TranslogCorruptedException[translog stream is corrupted, expected: 0xda484d4a, got: 0xbae587fc]; ]
[test][[test][0]] IndexShardRecoveryException[failed to recovery from gateway]; nested: EngineCreationFailureException[failed to recover from translog]; nested: EngineException[failed to recover from translog]; nested: TranslogCorruptedException[translog corruption while reading from stream]; nested: TranslogCorruptedException[translog stream is corrupted, expected: 0xda484d4a, got: 0xbae587fc];
	at org.elasticsearch.index.shard.StoreRecovery.internalRecoverFromStore(StoreRecovery.java:234)
	at org.elasticsearch.index.shard.StoreRecovery.lambda$recoverFromStore$189(StoreRecovery.java:77)
	at org.elasticsearch.index.shard.StoreRecovery.executeRecovery(StoreRecovery.java:122)
	at org.elasticsearch.index.shard.StoreRecovery.recoverFromStore(StoreRecovery.java:75)
	at org.elasticsearch.index.shard.IndexShard.recoverFromStore(IndexShard.java:1059)
	at org.elasticsearch.indices.cluster.IndicesClusterStateService.lambda$applyInitializingShard$195(IndicesClusterStateService.java:648)
	at java.util.concurrent.ThreadPoolExecutor.runWorker(ThreadPoolExecutor.java:1142)
	at java.util.concurrent.ThreadPoolExecutor$Worker.run(ThreadPoolExecutor.java:617)
	at java.lang.Thread.run(Thread.java:745)
Caused by: [test][[test][0]] EngineCreationFailureException[failed to recover from translog]; nested: EngineException[failed to recover from translog]; nested: TranslogCorruptedException[translog corruption while reading from stream]; nested: TranslogCorruptedException[translog stream is corrupted, expected: 0xda484d4a, got: 0xbae587fc];
	at org.elasticsearch.index.engine.InternalEngine.<init>(InternalEngine.java:175)
	at org.elasticsearch.test.engine.MockInternalEngine.<init>(MockInternalEngine.java:36)
	at org.elasticsearch.test.engine.MockEngineFactory.newReadWriteEngine(MockEngineFactory.java:36)
	at org.elasticsearch.index.shard.IndexShard.newEngine(IndexShard.java:1310)
	at org.elasticsearch.index.shard.IndexShard.createNewEngine(IndexShard.java:1305)
	at org.elasticsearch.index.shard.IndexShard.internalPerformTranslogRecovery(IndexShard.java:888)
	at org.elasticsearch.index.shard.IndexShard.performTranslogRecovery(IndexShard.java:866)
	at org.elasticsearch.index.shard.StoreRecovery.internalRecoverFromStore(StoreRecovery.java:230)
	... 8 more
Caused by: [test][[test][0]] EngineException[failed to recover from translog]; nested: TranslogCorruptedException[translog corruption while reading from stream]; nested: TranslogCorruptedException[translog stream is corrupted, expected: 0xda484d4a, got: 0xbae587fc];
	at org.elasticsearch.index.engine.InternalEngine.recoverFromTranslog(InternalEngine.java:251)
	at org.elasticsearch.index.engine.InternalEngine.<init>(InternalEngine.java:172)
	... 15 more
Caused by: TranslogCorruptedException[translog corruption while reading from stream]; nested: TranslogCorruptedException[translog stream is corrupted, expected: 0xda484d4a, got: 0xbae587fc];
	at org.elasticsearch.index.translog.Translog.readOperation(Translog.java:1133)
	at org.elasticsearch.index.translog.BaseTranslogReader.read(BaseTranslogReader.java:114)
	at org.elasticsearch.index.translog.TranslogSnapshot.readOperation(TranslogSnapshot.java:70)
	at org.elasticsearch.index.translog.TranslogSnapshot.next(TranslogSnapshot.java:61)
	at org.elasticsearch.index.translog.MultiSnapshot.next(MultiSnapshot.java:53)
	at org.elasticsearch.index.engine.InternalEngine.recoverFromTranslog(InternalEngine.java:237)
	... 16 more
Caused by: TranslogCorruptedException[translog stream is corrupted, expected: 0xda484d4a, got: 0xbae587fc]
	at org.elasticsearch.index.translog.Translog.verifyChecksum(Translog.java:1091)
	at org.elasticsearch.index.translog.Translog.readOperation(Translog.java:1123)
	... 21 more
[2016-04-18 03:03:58,551][WARN ][org.elasticsearch.indices.cluster] [node_s0] [[test][0]] marking and sending shard failed due to [failed recovery]
[test][[test][0]] IndexShardRecoveryException[failed to recovery from gateway]; nested: EngineCreationFailureException[failed to recover from translog]; nested: EngineException[failed to recover from translog]; nested: TranslogCorruptedException[translog corruption while reading from stream]; nested: TranslogCorruptedException[translog stream is corrupted, expected: 0xda484d4a, got: 0xbae587fc];
	at org.elasticsearch.index.shard.StoreRecovery.internalRecoverFromStore(StoreRecovery.java:234)
	at org.elasticsearch.index.shard.StoreRecovery.lambda$recoverFromStore$189(StoreRecovery.java:77)
	at org.elasticsearch.index.shard.StoreRecovery.executeRecovery(StoreRecovery.java:122)
	at org.elasticsearch.index.shard.StoreRecovery.recoverFromStore(StoreRecovery.java:75)
	at org.elasticsearch.index.shard.IndexShard.recoverFromStore(IndexShard.java:1059)
	at org.elasticsearch.indices.cluster.IndicesClusterStateService.lambda$applyInitializingShard$195(IndicesClusterStateService.java:648)
	at java.util.concurrent.ThreadPoolExecutor.runWorker(ThreadPoolExecutor.java:1142)
	at java.util.concurrent.ThreadPoolExecutor$Worker.run(ThreadPoolExecutor.java:617)
	at java.lang.Thread.run(Thread.java:745)
Caused by: [test][[test][0]] EngineCreationFailureException[failed to recover from translog]; nested: EngineException[failed to recover from translog]; nested: TranslogCorruptedException[translog corruption while reading from stream]; nested: TranslogCorruptedException[translog stream is corrupted, expected: 0xda484d4a, got: 0xbae587fc];
	at org.elasticsearch.index.engine.InternalEngine.<init>(InternalEngine.java:175)
	at org.elasticsearch.test.engine.MockInternalEngine.<init>(MockInternalEngine.java:36)
	at org.elasticsearch.test.engine.MockEngineFactory.newReadWriteEngine(MockEngineFactory.java:36)
	at org.elasticsearch.index.shard.IndexShard.newEngine(IndexShard.java:1310)
	at org.elasticsearch.index.shard.IndexShard.createNewEngine(IndexShard.java:1305)
	at org.elasticsearch.index.shard.IndexShard.internalPerformTranslogRecovery(IndexShard.java:888)
	at org.elasticsearch.index.shard.IndexShard.performTranslogRecovery(IndexShard.java:866)
	at org.elasticsearch.index.shard.StoreRecovery.internalRecoverFromStore(StoreRecovery.java:230)
	... 8 more
Caused by: [test][[test][0]] EngineException[failed to recover from translog]; nested: TranslogCorruptedException[translog corruption while reading from stream]; nested: TranslogCorruptedException[translog stream is corrupted, expected: 0xda484d4a, got: 0xbae587fc];
	at org.elasticsearch.index.engine.InternalEngine.recoverFromTranslog(InternalEngine.java:251)
	at org.elasticsearch.index.engine.InternalEngine.<init>(InternalEngine.java:172)
	... 15 more
Caused by: TranslogCorruptedException[translog corruption while reading from stream]; nested: TranslogCorruptedException[translog stream is corrupted, expected: 0xda484d4a, got: 0xbae587fc];
	at org.elasticsearch.index.translog.Translog.readOperation(Translog.java:1133)
	at org.elasticsearch.index.translog.BaseTranslogReader.read(BaseTranslogReader.java:114)
	at org.elasticsearch.index.translog.TranslogSnapshot.readOperation(TranslogSnapshot.java:70)
	at org.elasticsearch.index.translog.TranslogSnapshot.next(TranslogSnapshot.java:61)
	at org.elasticsearch.index.translog.MultiSnapshot.next(MultiSnapshot.java:53)
	at org.elasticsearch.index.engine.InternalEngine.recoverFromTranslog(InternalEngine.java:237)
	... 16 more
Caused by: TranslogCorruptedException[translog stream is corrupted, expected: 0xda484d4a, got: 0xbae587fc]
	at org.elasticsearch.index.translog.Translog.verifyChecksum(Translog.java:1091)
	at org.elasticsearch.index.translog.Translog.readOperation(Translog.java:1123)
	... 21 more
[2016-04-18 03:03:58,552][WARN ][org.elasticsearch.cluster.action.shard] [node_s0] [test][0] received shard failed for [test][0], node[zh8EGFynRVuF0b25iuPgEA], [P], v[3], s[INITIALIZING], a[id=gPLV_uZhSxKDjLnjuantKA], unassigned_info[[reason=ALLOCATION_FAILED], at[2016-04-18T07:03:58.537Z], details[failed recovery, failure IndexShardRecoveryException[failed to recovery from gateway]; nested: EngineCreationFailureException[failed to recover from translog]; nested: EngineException[failed to recover from translog]; nested: TranslogCorruptedException[translog corruption while reading from stream]; nested: TranslogCorruptedException[translog stream is corrupted, expected: 0xda484d4a, got: 0xbae587fc]; ]], indexUUID [jvViyj5qTFmJnQUMS7-e8g], message [failed recovery], failure [IndexShardRecoveryException[failed to recovery from gateway]; nested: EngineCreationFailureException[failed to recover from translog]; nested: EngineException[failed to recover from translog]; nested: TranslogCorruptedException[translog corruption while reading from stream]; nested: TranslogCorruptedException[translog stream is corrupted, expected: 0xda484d4a, got: 0xbae587fc]; ]
[test][[test][0]] IndexShardRecoveryException[failed to recovery from gateway]; nested: EngineCreationFailureException[failed to recover from translog]; nested: EngineException[failed to recover from translog]; nested: TranslogCorruptedException[translog corruption while reading from stream]; nested: TranslogCorruptedException[translog stream is corrupted, expected: 0xda484d4a, got: 0xbae587fc];
	at org.elasticsearch.index.shard.StoreRecovery.internalRecoverFromStore(StoreRecovery.java:234)
	at org.elasticsearch.index.shard.StoreRecovery.lambda$recoverFromStore$189(StoreRecovery.java:77)
	at org.elasticsearch.index.shard.StoreRecovery.executeRecovery(StoreRecovery.java:122)
	at org.elasticsearch.index.shard.StoreRecovery.recoverFromStore(StoreRecovery.java:75)
	at org.elasticsearch.index.shard.IndexShard.recoverFromStore(IndexShard.java:1059)
	at org.elasticsearch.indices.cluster.IndicesClusterStateService.lambda$applyInitializingShard$195(IndicesClusterStateService.java:648)
	at java.util.concurrent.ThreadPoolExecutor.runWorker(ThreadPoolExecutor.java:1142)
	at java.util.concurrent.ThreadPoolExecutor$Worker.run(ThreadPoolExecutor.java:617)
	at java.lang.Thread.run(Thread.java:745)
Caused by: [test][[test][0]] EngineCreationFailureException[failed to recover from translog]; nested: EngineException[failed to recover from translog]; nested: TranslogCorruptedException[translog corruption while reading from stream]; nested: TranslogCorruptedException[translog stream is corrupted, expected: 0xda484d4a, got: 0xbae587fc];
	at org.elasticsearch.index.engine.InternalEngine.<init>(InternalEngine.java:175)
	at org.elasticsearch.test.engine.MockInternalEngine.<init>(MockInternalEngine.java:36)
	at org.elasticsearch.test.engine.MockEngineFactory.newReadWriteEngine(MockEngineFactory.java:36)
	at org.elasticsearch.index.shard.IndexShard.newEngine(IndexShard.java:1310)
	at org.elasticsearch.index.shard.IndexShard.createNewEngine(IndexShard.java:1305)
	at org.elasticsearch.index.shard.IndexShard.internalPerformTranslogRecovery(IndexShard.java:888)
	at org.elasticsearch.index.shard.IndexShard.performTranslogRecovery(IndexShard.java:866)
	at org.elasticsearch.index.shard.StoreRecovery.internalRecoverFromStore(StoreRecovery.java:230)
	... 8 more
Caused by: [test][[test][0]] EngineException[failed to recover from translog]; nested: TranslogCorruptedException[translog corruption while reading from stream]; nested: TranslogCorruptedException[translog stream is corrupted, expected: 0xda484d4a, got: 0xbae587fc];
	at org.elasticsearch.index.engine.InternalEngine.recoverFromTranslog(InternalEngine.java:251)
	at org.elasticsearch.index.engine.InternalEngine.<init>(InternalEngine.java:172)
	... 15 more
Caused by: TranslogCorruptedException[translog corruption while reading from stream]; nested: TranslogCorruptedException[translog stream is corrupted, expected: 0xda484d4a, got: 0xbae587fc];
	at org.elasticsearch.index.translog.Translog.readOperation(Translog.java:1133)
	at org.elasticsearch.index.translog.BaseTranslogReader.read(BaseTranslogReader.java:114)
	at org.elasticsearch.index.translog.TranslogSnapshot.readOperation(TranslogSnapshot.java:70)
	at org.elasticsearch.index.translog.TranslogSnapshot.next(TranslogSnapshot.java:61)
	at org.elasticsearch.index.translog.MultiSnapshot.next(MultiSnapshot.java:53)
	at org.elasticsearch.index.engine.InternalEngine.recoverFromTranslog(InternalEngine.java:237)
	... 16 more
Caused by: TranslogCorruptedException[translog stream is corrupted, expected: 0xda484d4a, got: 0xbae587fc]
	at org.elasticsearch.index.translog.Translog.verifyChecksum(Translog.java:1091)
	at org.elasticsearch.index.translog.Translog.readOperation(Translog.java:1123)
	... 21 more
[2016-04-18 03:03:58,567][WARN ][org.elasticsearch.indices.cluster] [node_s0] [[test][0]] marking and sending shard failed due to [failed recovery]
[test][[test][0]] IndexShardRecoveryException[failed to recovery from gateway]; nested: EngineCreationFailureException[failed to recover from translog]; nested: EngineException[failed to recover from translog]; nested: TranslogCorruptedException[translog corruption while reading from stream]; nested: TranslogCorruptedException[translog stream is corrupted, expected: 0xda484d4a, got: 0xbae587fc];
	at org.elasticsearch.index.shard.StoreRecovery.internalRecoverFromStore(StoreRecovery.java:234)
	at org.elasticsearch.index.shard.StoreRecovery.lambda$recoverFromStore$189(StoreRecovery.java:77)
	at org.elasticsearch.index.shard.StoreRecovery.executeRecovery(StoreRecovery.java:122)
	at org.elasticsearch.index.shard.StoreRecovery.recoverFromStore(StoreRecovery.java:75)
	at org.elasticsearch.index.shard.IndexShard.recoverFromStore(IndexShard.java:1059)
	at org.elasticsearch.indices.cluster.IndicesClusterStateService.lambda$applyInitializingShard$195(IndicesClusterStateService.java:648)
	at java.util.concurrent.ThreadPoolExecutor.runWorker(ThreadPoolExecutor.java:1142)
	at java.util.concurrent.ThreadPoolExecutor$Worker.run(ThreadPoolExecutor.java:617)
	at java.lang.Thread.run(Thread.java:745)
Caused by: [test][[test][0]] EngineCreationFailureException[failed to recover from translog]; nested: EngineException[failed to recover from translog]; nested: TranslogCorruptedException[translog corruption while reading from stream]; nested: TranslogCorruptedException[translog stream is corrupted, expected: 0xda484d4a, got: 0xbae587fc];
	at org.elasticsearch.index.engine.InternalEngine.<init>(InternalEngine.java:175)
	at org.elasticsearch.test.engine.MockInternalEngine.<init>(MockInternalEngine.java:36)
	at org.elasticsearch.test.engine.MockEngineFactory.newReadWriteEngine(MockEngineFactory.java:36)
	at org.elasticsearch.index.shard.IndexShard.newEngine(IndexShard.java:1310)
	at org.elasticsearch.index.shard.IndexShard.createNewEngine(IndexShard.java:1305)
	at org.elasticsearch.index.shard.IndexShard.internalPerformTranslogRecovery(IndexShard.java:888)
	at org.elasticsearch.index.shard.IndexShard.performTranslogRecovery(IndexShard.java:866)
	at org.elasticsearch.index.shard.StoreRecovery.internalRecoverFromStore(StoreRecovery.java:230)
	... 8 more
Caused by: [test][[test][0]] EngineException[failed to recover from translog]; nested: TranslogCorruptedException[translog corruption while reading from stream]; nested: TranslogCorruptedException[translog stream is corrupted, expected: 0xda484d4a, got: 0xbae587fc];
	at org.elasticsearch.index.engine.InternalEngine.recoverFromTranslog(InternalEngine.java:251)
	at org.elasticsearch.index.engine.InternalEngine.<init>(InternalEngine.java:172)
	... 15 more
Caused by: TranslogCorruptedException[translog corruption while reading from stream]; nested: TranslogCorruptedException[translog stream is corrupted, expected: 0xda484d4a, got: 0xbae587fc];
	at org.elasticsearch.index.translog.Translog.readOperation(Translog.java:1133)
	at org.elasticsearch.index.translog.BaseTranslogReader.read(BaseTranslogReader.java:114)
	at org.elasticsearch.index.translog.TranslogSnapshot.readOperation(TranslogSnapshot.java:70)
	at org.elasticsearch.index.translog.TranslogSnapshot.next(TranslogSnapshot.java:61)
	at org.elasticsearch.index.translog.MultiSnapshot.next(MultiSnapshot.java:53)
	at org.elasticsearch.index.engine.InternalEngine.recoverFromTranslog(InternalEngine.java:237)
	... 16 more
Caused by: TranslogCorruptedException[translog stream is corrupted, expected: 0xda484d4a, got: 0xbae587fc]
	at org.elasticsearch.index.translog.Translog.verifyChecksum(Translog.java:1091)
	at org.elasticsearch.index.translog.Translog.readOperation(Translog.java:1123)
	... 21 more
[2016-04-18 03:03:58,568][WARN ][org.elasticsearch.cluster.action.shard] [node_s0] [test][0] received shard failed for [test][0], node[zh8EGFynRVuF0b25iuPgEA], [P], v[3], s[INITIALIZING], a[id=j5_CFvKNSrK4ZSXeSUaupg], unassigned_info[[reason=ALLOCATION_FAILED], at[2016-04-18T07:03:58.552Z], details[failed recovery, failure IndexShardRecoveryException[failed to recovery from gateway]; nested: EngineCreationFailureException[failed to recover from translog]; nested: EngineException[failed to recover from translog]; nested: TranslogCorruptedException[translog corruption while reading from stream]; nested: TranslogCorruptedException[translog stream is corrupted, expected: 0xda484d4a, got: 0xbae587fc]; ]], indexUUID [jvViyj5qTFmJnQUMS7-e8g], message [failed recovery], failure [IndexShardRecoveryException[failed to recovery from gateway]; nested: EngineCreationFailureException[failed to recover from translog]; nested: EngineException[failed to recover from translog]; nested: TranslogCorruptedException[translog corruption while reading from stream]; nested: TranslogCorruptedException[translog stream is corrupted, expected: 0xda484d4a, got: 0xbae587fc]; ]
[test][[test][0]] IndexShardRecoveryException[failed to recovery from gateway]; nested: EngineCreationFailureException[failed to recover from translog]; nested: EngineException[failed to recover from translog]; nested: TranslogCorruptedException[translog corruption while reading from stream]; nested: TranslogCorruptedException[translog stream is corrupted, expected: 0xda484d4a, got: 0xbae587fc];
	at org.elasticsearch.index.shard.StoreRecovery.internalRecoverFromStore(StoreRecovery.java:234)
	at org.elasticsearch.index.shard.StoreRecovery.lambda$recoverFromStore$189(StoreRecovery.java:77)
	at org.elasticsearch.index.shard.StoreRecovery.executeRecovery(StoreRecovery.java:122)
	at org.elasticsearch.index.shard.StoreRecovery.recoverFromStore(StoreRecovery.java:75)
	at org.elasticsearch.index.shard.IndexShard.recoverFromStore(IndexShard.java:1059)
	at org.elasticsearch.indices.cluster.IndicesClusterStateService.lambda$applyInitializingShard$195(IndicesClusterStateService.java:648)
	at java.util.concurrent.ThreadPoolExecutor.runWorker(ThreadPoolExecutor.java:1142)
	at java.util.concurrent.ThreadPoolExecutor$Worker.run(ThreadPoolExecutor.java:617)
	at java.lang.Thread.run(Thread.java:745)
Caused by: [test][[test][0]] EngineCreationFailureException[failed to recover from translog]; nested: EngineException[failed to recover from translog]; nested: TranslogCorruptedException[translog corruption while reading from stream]; nested: TranslogCorruptedException[translog stream is corrupted, expected: 0xda484d4a, got: 0xbae587fc];
	at org.elasticsearch.index.engine.InternalEngine.<init>(InternalEngine.java:175)
	at org.elasticsearch.test.engine.MockInternalEngine.<init>(MockInternalEngine.java:36)
	at org.elasticsearch.test.engine.MockEngineFactory.newReadWriteEngine(MockEngineFactory.java:36)
	at org.elasticsearch.index.shard.IndexShard.newEngine(IndexShard.java:1310)
	at org.elasticsearch.index.shard.IndexShard.createNewEngine(IndexShard.java:1305)
	at org.elasticsearch.index.shard.IndexShard.internalPerformTranslogRecovery(IndexShard.java:888)
	at org.elasticsearch.index.shard.IndexShard.performTranslogRecovery(IndexShard.java:866)
	at org.elasticsearch.index.shard.StoreRecovery.internalRecoverFromStore(StoreRecovery.java:230)
	... 8 more
Caused by: [test][[test][0]] EngineException[failed to recover from translog]; nested: TranslogCorruptedException[translog corruption while reading from stream]; nested: TranslogCorruptedException[translog stream is corrupted, expected: 0xda484d4a, got: 0xbae587fc];
	at org.elasticsearch.index.engine.InternalEngine.recoverFromTranslog(InternalEngine.java:251)
	at org.elasticsearch.index.engine.InternalEngine.<init>(InternalEngine.java:172)
	... 15 more
Caused by: TranslogCorruptedException[translog corruption while reading from stream]; nested: TranslogCorruptedException[translog stream is corrupted, expected: 0xda484d4a, got: 0xbae587fc];
	at org.elasticsearch.index.translog.Translog.readOperation(Translog.java:1133)
	at org.elasticsearch.index.translog.BaseTranslogReader.read(BaseTranslogReader.java:114)
	at org.elasticsearch.index.translog.TranslogSnapshot.readOperation(TranslogSnapshot.java:70)
	at org.elasticsearch.index.translog.TranslogSnapshot.next(TranslogSnapshot.java:61)
	at org.elasticsearch.index.translog.MultiSnapshot.next(MultiSnapshot.java:53)
	at org.elasticsearch.index.engine.InternalEngine.recoverFromTranslog(InternalEngine.java:237)
	... 16 more
Caused by: TranslogCorruptedException[translog stream is corrupted, expected: 0xda484d4a, got: 0xbae587fc]
	at org.elasticsearch.index.translog.Translog.verifyChecksum(Translog.java:1091)
	at org.elasticsearch.index.translog.Translog.readOperation(Translog.java:1123)
	... 21 more
[2016-04-18 03:03:58,584][WARN ][org.elasticsearch.indices.cluster] [node_s0] [[test][0]] marking and sending shard failed due to [failed recovery]
[test][[test][0]] IndexShardRecoveryException[failed to recovery from gateway]; nested: EngineCreationFailureException[failed to recover from translog]; nested: EngineException[failed to recover from translog]; nested: TranslogCorruptedException[translog corruption while reading from stream]; nested: TranslogCorruptedException[translog stream is corrupted, expected: 0xda484d4a, got: 0xbae587fc];
	at org.elasticsearch.index.shard.StoreRecovery.internalRecoverFromStore(StoreRecovery.java:234)
	at org.elasticsearch.index.shard.StoreRecovery.lambda$recoverFromStore$189(StoreRecovery.java:77)
	at org.elasticsearch.index.shard.StoreRecovery.executeRecovery(StoreRecovery.java:122)
	at org.elasticsearch.index.shard.StoreRecovery.recoverFromStore(StoreRecovery.java:75)
	at org.elasticsearch.index.shard.IndexShard.recoverFromStore(IndexShard.java:1059)
	at org.elasticsearch.indices.cluster.IndicesClusterStateService.lambda$applyInitializingShard$195(IndicesClusterStateService.java:648)
	at java.util.concurrent.ThreadPoolExecutor.runWorker(ThreadPoolExecutor.java:1142)
	at java.util.concurrent.ThreadPoolExecutor$Worker.run(ThreadPoolExecutor.java:617)
	at java.lang.Thread.run(Thread.java:745)
Caused by: [test][[test][0]] EngineCreationFailureException[failed to recover from translog]; nested: EngineException[failed to recover from translog]; nested: TranslogCorruptedException[translog corruption while reading from stream]; nested: TranslogCorruptedException[translog stream is corrupted, expected: 0xda484d4a, got: 0xbae587fc];
	at org.elasticsearch.index.engine.InternalEngine.<init>(InternalEngine.java:175)
	at org.elasticsearch.test.engine.MockInternalEngine.<init>(MockInternalEngine.java:36)
	at org.elasticsearch.test.engine.MockEngineFactory.newReadWriteEngine(MockEngineFactory.java:36)
	at org.elasticsearch.index.shard.IndexShard.newEngine(IndexShard.java:1310)
	at org.elasticsearch.index.shard.IndexShard.createNewEngine(IndexShard.java:1305)
	at org.elasticsearch.index.shard.IndexShard.internalPerformTranslogRecovery(IndexShard.java:888)
	at org.elasticsearch.index.shard.IndexShard.performTranslogRecovery(IndexShard.java:866)
	at org.elasticsearch.index.shard.StoreRecovery.internalRecoverFromStore(StoreRecovery.java:230)
	... 8 more
Caused by: [test][[test][0]] EngineException[failed to recover from translog]; nested: TranslogCorruptedException[translog corruption while reading from stream]; nested: TranslogCorruptedException[translog stream is corrupted, expected: 0xda484d4a, got: 0xbae587fc];
	at org.elasticsearch.index.engine.InternalEngine.recoverFromTranslog(InternalEngine.java:251)
	at org.elasticsearch.index.engine.InternalEngine.<init>(InternalEngine.java:172)
	... 15 more
Caused by: TranslogCorruptedException[translog corruption while reading from stream]; nested: TranslogCorruptedException[translog stream is corrupted, expected: 0xda484d4a, got: 0xbae587fc];
	at org.elasticsearch.index.translog.Translog.readOperation(Translog.java:1133)
	at org.elasticsearch.index.translog.BaseTranslogReader.read(BaseTranslogReader.java:114)
	at org.elasticsearch.index.translog.TranslogSnapshot.readOperation(TranslogSnapshot.java:70)
	at org.elasticsearch.index.translog.TranslogSnapshot.next(TranslogSnapshot.java:61)
	at org.elasticsearch.index.translog.MultiSnapshot.next(MultiSnapshot.java:53)
	at org.elasticsearch.index.engine.InternalEngine.recoverFromTranslog(InternalEngine.java:237)
	... 16 more
Caused by: TranslogCorruptedException[translog stream is corrupted, expected: 0xda484d4a, got: 0xbae587fc]
	at org.elasticsearch.index.translog.Translog.verifyChecksum(Translog.java:1091)
	at org.elasticsearch.index.translog.Translog.readOperation(Translog.java:1123)
	... 21 more
[2016-04-18 03:03:58,584][WARN ][org.elasticsearch.cluster.action.shard] [node_s0] [test][0] received shard failed for [test][0], node[zh8EGFynRVuF0b25iuPgEA], [P], v[3], s[INITIALIZING], a[id=_rCjVu5mSRaiKWAlwFsPdQ], unassigned_info[[reason=ALLOCATION_FAILED], at[2016-04-18T07:03:58.568Z], details[failed recovery, failure IndexShardRecoveryException[failed to recovery from gateway]; nested: EngineCreationFailureException[failed to recover from translog]; nested: EngineException[failed to recover from translog]; nested: TranslogCorruptedException[translog corruption while reading from stream]; nested: TranslogCorruptedException[translog stream is corrupted, expected: 0xda484d4a, got: 0xbae587fc]; ]], indexUUID [jvViyj5qTFmJnQUMS7-e8g], message [failed recovery], failure [IndexShardRecoveryException[failed to recovery from gateway]; nested: EngineCreationFailureException[failed to recover from translog]; nested: EngineException[failed to recover from translog]; nested: TranslogCorruptedException[translog corruption while reading from stream]; nested: TranslogCorruptedException[translog stream is corrupted, expected: 0xda484d4a, got: 0xbae587fc]; ]
[test][[test][0]] IndexShardRecoveryException[failed to recovery from gateway]; nested: EngineCreationFailureException[failed to recover from translog]; nested: EngineException[failed to recover from translog]; nested: TranslogCorruptedException[translog corruption while reading from stream]; nested: TranslogCorruptedException[translog stream is corrupted, expected: 0xda484d4a, got: 0xbae587fc];
	at org.elasticsearch.index.shard.StoreRecovery.internalRecoverFromStore(StoreRecovery.java:234)
	at org.elasticsearch.index.shard.StoreRecovery.lambda$recoverFromStore$189(StoreRecovery.java:77)
	at org.elasticsearch.index.shard.StoreRecovery.executeRecovery(StoreRecovery.java:122)
	at org.elasticsearch.index.shard.StoreRecovery.recoverFromStore(StoreRecovery.java:75)
	at org.elasticsearch.index.shard.IndexShard.recoverFromStore(IndexShard.java:1059)
	at org.elasticsearch.indices.cluster.IndicesClusterStateService.lambda$applyInitializingShard$195(IndicesClusterStateService.java:648)
	at java.util.concurrent.ThreadPoolExecutor.runWorker(ThreadPoolExecutor.java:1142)
	at java.util.concurrent.ThreadPoolExecutor$Worker.run(ThreadPoolExecutor.java:617)
	at java.lang.Thread.run(Thread.java:745)
Caused by: [test][[test][0]] EngineCreationFailureException[failed to recover from translog]; nested: EngineException[failed to recover from translog]; nested: TranslogCorruptedException[translog corruption while reading from stream]; nested: TranslogCorruptedException[translog stream is corrupted, expected: 0xda484d4a, got: 0xbae587fc];
	at org.elasticsearch.index.engine.InternalEngine.<init>(InternalEngine.java:175)
	at org.elasticsearch.test.engine.MockInternalEngine.<init>(MockInternalEngine.java:36)
	at org.elasticsearch.test.engine.MockEngineFactory.newReadWriteEngine(MockEngineFactory.java:36)
	at org.elasticsearch.index.shard.IndexShard.newEngine(IndexShard.java:1310)
	at org.elasticsearch.index.shard.IndexShard.createNewEngine(IndexShard.java:1305)
	at org.elasticsearch.index.shard.IndexShard.internalPerformTranslogRecovery(IndexShard.java:888)
	at org.elasticsearch.index.shard.IndexShard.performTranslogRecovery(IndexShard.java:866)
	at org.elasticsearch.index.shard.StoreRecovery.internalRecoverFromStore(StoreRecovery.java:230)
	... 8 more
Caused by: [test][[test][0]] EngineException[failed to recover from translog]; nested: TranslogCorruptedException[translog corruption while reading from stream]; nested: TranslogCorruptedException[translog stream is corrupted, expected: 0xda484d4a, got: 0xbae587fc];
	at org.elasticsearch.index.engine.InternalEngine.recoverFromTranslog(InternalEngine.java:251)
	at org.elasticsearch.index.engine.InternalEngine.<init>(InternalEngine.java:172)
	... 15 more
Caused by: TranslogCorruptedException[translog corruption while reading from stream]; nested: TranslogCorruptedException[translog stream is corrupted, expected: 0xda484d4a, got: 0xbae587fc];
	at org.elasticsearch.index.translog.Translog.readOperation(Translog.java:1133)
	at org.elasticsearch.index.translog.BaseTranslogReader.read(BaseTranslogReader.java:114)
	at org.elasticsearch.index.translog.TranslogSnapshot.readOperation(TranslogSnapshot.java:70)
	at org.elasticsearch.index.translog.TranslogSnapshot.next(TranslogSnapshot.java:61)
	at org.elasticsearch.index.translog.MultiSnapshot.next(MultiSnapshot.java:53)
	at org.elasticsearch.index.engine.InternalEngine.recoverFromTranslog(InternalEngine.java:237)
	... 16 more
Caused by: TranslogCorruptedException[translog stream is corrupted, expected: 0xda484d4a, got: 0xbae587fc]
	at org.elasticsearch.index.translog.Translog.verifyChecksum(Translog.java:1091)
	at org.elasticsearch.index.translog.Translog.readOperation(Translog.java:1123)
	... 21 more
[2016-04-18 03:03:58,601][WARN ][org.elasticsearch.indices.cluster] [node_s0] [[test][0]] marking and sending shard failed due to [failed recovery]
[test][[test][0]] IndexShardRecoveryException[failed to recovery from gateway]; nested: EngineCreationFailureException[failed to recover from translog]; nested: EngineException[failed to recover from translog]; nested: TranslogCorruptedException[translog corruption while reading from stream]; nested: TranslogCorruptedException[translog stream is corrupted, expected: 0xda484d4a, got: 0xbae587fc];
	at org.elasticsearch.index.shard.StoreRecovery.internalRecoverFromStore(StoreRecovery.java:234)
	at org.elasticsearch.index.shard.StoreRecovery.lambda$recoverFromStore$189(StoreRecovery.java:77)
	at org.elasticsearch.index.shard.StoreRecovery.executeRecovery(StoreRecovery.java:122)
	at org.elasticsearch.index.shard.StoreRecovery.recoverFromStore(StoreRecovery.java:75)
	at org.elasticsearch.index.shard.IndexShard.recoverFromStore(IndexShard.java:1059)
	at org.elasticsearch.indices.cluster.IndicesClusterStateService.lambda$applyInitializingShard$195(IndicesClusterStateService.java:648)
	at java.util.concurrent.ThreadPoolExecutor.runWorker(ThreadPoolExecutor.java:1142)
	at java.util.concurrent.ThreadPoolExecutor$Worker.run(ThreadPoolExecutor.java:617)
	at java.lang.Thread.run(Thread.java:745)
Caused by: [test][[test][0]] EngineCreationFailureException[failed to recover from translog]; nested: EngineException[failed to recover from translog]; nested: TranslogCorruptedException[translog corruption while reading from stream]; nested: TranslogCorruptedException[translog stream is corrupted, expected: 0xda484d4a, got: 0xbae587fc];
	at org.elasticsearch.index.engine.InternalEngine.<init>(InternalEngine.java:175)
	at org.elasticsearch.test.engine.MockInternalEngine.<init>(MockInternalEngine.java:36)
	at org.elasticsearch.test.engine.MockEngineFactory.newReadWriteEngine(MockEngineFactory.java:36)
	at org.elasticsearch.index.shard.IndexShard.newEngine(IndexShard.java:1310)
	at org.elasticsearch.index.shard.IndexShard.createNewEngine(IndexShard.java:1305)
	at org.elasticsearch.index.shard.IndexShard.internalPerformTranslogRecovery(IndexShard.java:888)
	at org.elasticsearch.index.shard.IndexShard.performTranslogRecovery(IndexShard.java:866)
	at org.elasticsearch.index.shard.StoreRecovery.internalRecoverFromStore(StoreRecovery.java:230)
	... 8 more
Caused by: [test][[test][0]] EngineException[failed to recover from translog]; nested: TranslogCorruptedException[translog corruption while reading from stream]; nested: TranslogCorruptedException[translog stream is corrupted, expected: 0xda484d4a, got: 0xbae587fc];
	at org.elasticsearch.index.engine.InternalEngine.recoverFromTranslog(InternalEngine.java:251)
	at org.elasticsearch.index.engine.InternalEngine.<init>(InternalEngine.java:172)
	... 15 more
Caused by: TranslogCorruptedException[translog corruption while reading from stream]; nested: TranslogCorruptedException[translog stream is corrupted, expected: 0xda484d4a, got: 0xbae587fc];
	at org.elasticsearch.index.translog.Translog.readOperation(Translog.java:1133)
	at org.elasticsearch.index.translog.BaseTranslogReader.read(BaseTranslogReader.java:114)
	at org.elasticsearch.index.translog.TranslogSnapshot.readOperation(TranslogSnapshot.java:70)
	at org.elasticsearch.index.translog.TranslogSnapshot.next(TranslogSnapshot.java:61)
	at org.elasticsearch.index.translog.MultiSnapshot.next(MultiSnapshot.java:53)
	at org.elasticsearch.index.engine.InternalEngine.recoverFromTranslog(InternalEngine.java:237)
	... 16 more
Caused by: TranslogCorruptedException[translog stream is corrupted, expected: 0xda484d4a, got: 0xbae587fc]
	at org.elasticsearch.index.translog.Translog.verifyChecksum(Translog.java:1091)
	at org.elasticsearch.index.translog.Translog.readOperation(Translog.java:1123)
	... 21 more
[2016-04-18 03:03:58,602][WARN ][org.elasticsearch.cluster.action.shard] [node_s0] [test][0] received shard failed for [test][0], node[zh8EGFynRVuF0b25iuPgEA], [P], v[3], s[INITIALIZING], a[id=0SUQRs6XSE2OKDQuWGluCA], unassigned_info[[reason=ALLOCATION_FAILED], at[2016-04-18T07:03:58.585Z], details[failed recovery, failure IndexShardRecoveryException[failed to recovery from gateway]; nested: EngineCreationFailureException[failed to recover from translog]; nested: EngineException[failed to recover from translog]; nested: TranslogCorruptedException[translog corruption while reading from stream]; nested: TranslogCorruptedException[translog stream is corrupted, expected: 0xda484d4a, got: 0xbae587fc]; ]], indexUUID [jvViyj5qTFmJnQUMS7-e8g], message [failed recovery], failure [IndexShardRecoveryException[failed to recovery from gateway]; nested: EngineCreationFailureException[failed to recover from translog]; nested: EngineException[failed to recover from translog]; nested: TranslogCorruptedException[translog corruption while reading from stream]; nested: TranslogCorruptedException[translog stream is corrupted, expected: 0xda484d4a, got: 0xbae587fc]; ]
[test][[test][0]] IndexShardRecoveryException[failed to recovery from gateway]; nested: EngineCreationFailureException[failed to recover from translog]; nested: EngineException[failed to recover from translog]; nested: TranslogCorruptedException[translog corruption while reading from stream]; nested: TranslogCorruptedException[translog stream is corrupted, expected: 0xda484d4a, got: 0xbae587fc];
	at org.elasticsearch.index.shard.StoreRecovery.internalRecoverFromStore(StoreRecovery.java:234)
	at org.elasticsearch.index.shard.StoreRecovery.lambda$recoverFromStore$189(StoreRecovery.java:77)
	at org.elasticsearch.index.shard.StoreRecovery.executeRecovery(StoreRecovery.java:122)
	at org.elasticsearch.index.shard.StoreRecovery.recoverFromStore(StoreRecovery.java:75)
	at org.elasticsearch.index.shard.IndexShard.recoverFromStore(IndexShard.java:1059)
	at org.elasticsearch.indices.cluster.IndicesClusterStateService.lambda$applyInitializingShard$195(IndicesClusterStateService.java:648)
	at java.util.concurrent.ThreadPoolExecutor.runWorker(ThreadPoolExecutor.java:1142)
	at java.util.concurrent.ThreadPoolExecutor$Worker.run(ThreadPoolExecutor.java:617)
	at java.lang.Thread.run(Thread.java:745)
Caused by: [test][[test][0]] EngineCreationFailureException[failed to recover from translog]; nested: EngineException[failed to recover from translog]; nested: TranslogCorruptedException[translog corruption while reading from stream]; nested: TranslogCorruptedException[translog stream is corrupted, expected: 0xda484d4a, got: 0xbae587fc];
	at org.elasticsearch.index.engine.InternalEngine.<init>(InternalEngine.java:175)
	at org.elasticsearch.test.engine.MockInternalEngine.<init>(MockInternalEngine.java:36)
	at org.elasticsearch.test.engine.MockEngineFactory.newReadWriteEngine(MockEngineFactory.java:36)
	at org.elasticsearch.index.shard.IndexShard.newEngine(IndexShard.java:1310)
	at org.elasticsearch.index.shard.IndexShard.createNewEngine(IndexShard.java:1305)
	at org.elasticsearch.index.shard.IndexShard.internalPerformTranslogRecovery(IndexShard.java:888)
	at org.elasticsearch.index.shard.IndexShard.performTranslogRecovery(IndexShard.java:866)
	at org.elasticsearch.index.shard.StoreRecovery.internalRecoverFromStore(StoreRecovery.java:230)
	... 8 more
Caused by: [test][[test][0]] EngineException[failed to recover from translog]; nested: TranslogCorruptedException[translog corruption while reading from stream]; nested: TranslogCorruptedException[translog stream is corrupted, expected: 0xda484d4a, got: 0xbae587fc];
	at org.elasticsearch.index.engine.InternalEngine.recoverFromTranslog(InternalEngine.java:251)
	at org.elasticsearch.index.engine.InternalEngine.<init>(InternalEngine.java:172)
	... 15 more
Caused by: TranslogCorruptedException[translog corruption while reading from stream]; nested: TranslogCorruptedException[translog stream is corrupted, expected: 0xda484d4a, got: 0xbae587fc];
	at org.elasticsearch.index.translog.Translog.readOperation(Translog.java:1133)
	at org.elasticsearch.index.translog.BaseTranslogReader.read(BaseTranslogReader.java:114)
	at org.elasticsearch.index.translog.TranslogSnapshot.readOperation(TranslogSnapshot.java:70)
	at org.elasticsearch.index.translog.TranslogSnapshot.next(TranslogSnapshot.java:61)
	at org.elasticsearch.index.translog.MultiSnapshot.next(MultiSnapshot.java:53)
	at org.elasticsearch.index.engine.InternalEngine.recoverFromTranslog(InternalEngine.java:237)
	... 16 more
Caused by: TranslogCorruptedException[translog stream is corrupted, expected: 0xda484d4a, got: 0xbae587fc]
	at org.elasticsearch.index.translog.Translog.verifyChecksum(Translog.java:1091)
	at org.elasticsearch.index.translog.Translog.readOperation(Translog.java:1123)
	... 21 more
[2016-04-18 03:03:58,619][WARN ][org.elasticsearch.indices.cluster] [node_s0] [[test][0]] marking and sending shard failed due to [failed recovery]
[test][[test][0]] IndexShardRecoveryException[failed to recovery from gateway]; nested: EngineCreationFailureException[failed to recover from translog]; nested: EngineException[failed to recover from translog]; nested: TranslogCorruptedException[translog corruption while reading from stream]; nested: TranslogCorruptedException[translog stream is corrupted, expected: 0xda484d4a, got: 0xbae587fc];
	at org.elasticsearch.index.shard.StoreRecovery.internalRecoverFromStore(StoreRecovery.java:234)
	at org.elasticsearch.index.shard.StoreRecovery.lambda$recoverFromStore$189(StoreRecovery.java:77)
	at org.elasticsearch.index.shard.StoreRecovery.executeRecovery(StoreRecovery.java:122)
	at org.elasticsearch.index.shard.StoreRecovery.recoverFromStore(StoreRecovery.java:75)
	at org.elasticsearch.index.shard.IndexShard.recoverFromStore(IndexShard.java:1059)
	at org.elasticsearch.indices.cluster.IndicesClusterStateService.lambda$applyInitializingShard$195(IndicesClusterStateService.java:648)
	at java.util.concurrent.ThreadPoolExecutor.runWorker(ThreadPoolExecutor.java:1142)
	at java.util.concurrent.ThreadPoolExecutor$Worker.run(ThreadPoolExecutor.java:617)
	at java.lang.Thread.run(Thread.java:745)
Caused by: [test][[test][0]] EngineCreationFailureException[failed to recover from translog]; nested: EngineException[failed to recover from translog]; nested: TranslogCorruptedException[translog corruption while reading from stream]; nested: TranslogCorruptedException[translog stream is corrupted, expected: 0xda484d4a, got: 0xbae587fc];
	at org.elasticsearch.index.engine.InternalEngine.<init>(InternalEngine.java:175)
	at org.elasticsearch.test.engine.MockInternalEngine.<init>(MockInternalEngine.java:36)
	at org.elasticsearch.test.engine.MockEngineFactory.newReadWriteEngine(MockEngineFactory.java:36)
	at org.elasticsearch.index.shard.IndexShard.newEngine(IndexShard.java:1310)
	at org.elasticsearch.index.shard.IndexShard.createNewEngine(IndexShard.java:1305)
	at org.elasticsearch.index.shard.IndexShard.internalPerformTranslogRecovery(IndexShard.java:888)
	at org.elasticsearch.index.shard.IndexShard.performTranslogRecovery(IndexShard.java:866)
	at org.elasticsearch.index.shard.StoreRecovery.internalRecoverFromStore(StoreRecovery.java:230)
	... 8 more
Caused by: [test][[test][0]] EngineException[failed to recover from translog]; nested: TranslogCorruptedException[translog corruption while reading from stream]; nested: TranslogCorruptedException[translog stream is corrupted, expected: 0xda484d4a, got: 0xbae587fc];
	at org.elasticsearch.index.engine.InternalEngine.recoverFromTranslog(InternalEngine.java:251)
	at org.elasticsearch.index.engine.InternalEngine.<init>(InternalEngine.java:172)
	... 15 more
Caused by: TranslogCorruptedException[translog corruption while reading from stream]; nested: TranslogCorruptedException[translog stream is corrupted, expected: 0xda484d4a, got: 0xbae587fc];
	at org.elasticsearch.index.translog.Translog.readOperation(Translog.java:1133)
	at org.elasticsearch.index.translog.BaseTranslogReader.read(BaseTranslogReader.java:114)
	at org.elasticsearch.index.translog.TranslogSnapshot.readOperation(TranslogSnapshot.java:70)
	at org.elasticsearch.index.translog.TranslogSnapshot.next(TranslogSnapshot.java:61)
	at org.elasticsearch.index.translog.MultiSnapshot.next(MultiSnapshot.java:53)
	at org.elasticsearch.index.engine.InternalEngine.recoverFromTranslog(InternalEngine.java:237)
	... 16 more
Caused by: TranslogCorruptedException[translog stream is corrupted, expected: 0xda484d4a, got: 0xbae587fc]
	at org.elasticsearch.index.translog.Translog.verifyChecksum(Translog.java:1091)
	at org.elasticsearch.index.translog.Translog.readOperation(Translog.java:1123)
	... 21 more
[2016-04-18 03:03:58,620][WARN ][org.elasticsearch.cluster.action.shard] [node_s0] [test][0] received shard failed for [test][0], node[zh8EGFynRVuF0b25iuPgEA], [P], v[3], s[INITIALIZING], a[id=l3ywi6cTTg-Picg0EzyUyw], unassigned_info[[reason=ALLOCATION_FAILED], at[2016-04-18T07:03:58.603Z], details[failed recovery, failure IndexShardRecoveryException[failed to recovery from gateway]; nested: EngineCreationFailureException[failed to recover from translog]; nested: EngineException[failed to recover from translog]; nested: TranslogCorruptedException[translog corruption while reading from stream]; nested: TranslogCorruptedException[translog stream is corrupted, expected: 0xda484d4a, got: 0xbae587fc]; ]], indexUUID [jvViyj5qTFmJnQUMS7-e8g], message [failed recovery], failure [IndexShardRecoveryException[failed to recovery from gateway]; nested: EngineCreationFailureException[failed to recover from translog]; nested: EngineException[failed to recover from translog]; nested: TranslogCorruptedException[translog corruption while reading from stream]; nested: TranslogCorruptedException[translog stream is corrupted, expected: 0xda484d4a, got: 0xbae587fc]; ]
[test][[test][0]] IndexShardRecoveryException[failed to recovery from gateway]; nested: EngineCreationFailureException[failed to recover from translog]; nested: EngineException[failed to recover from translog]; nested: TranslogCorruptedException[translog corruption while reading from stream]; nested: TranslogCorruptedException[translog stream is corrupted, expected: 0xda484d4a, got: 0xbae587fc];
	at org.elasticsearch.index.shard.StoreRecovery.internalRecoverFromStore(StoreRecovery.java:234)
	at org.elasticsearch.index.shard.StoreRecovery.lambda$recoverFromStore$189(StoreRecovery.java:77)
	at org.elasticsearch.index.shard.StoreRecovery.executeRecovery(StoreRecovery.java:122)
	at org.elasticsearch.index.shard.StoreRecovery.recoverFromStore(StoreRecovery.java:75)
	at org.elasticsearch.index.shard.IndexShard.recoverFromStore(IndexShard.java:1059)
	at org.elasticsearch.indices.cluster.IndicesClusterStateService.lambda$applyInitializingShard$195(IndicesClusterStateService.java:648)
	at java.util.concurrent.ThreadPoolExecutor.runWorker(ThreadPoolExecutor.java:1142)
	at java.util.concurrent.ThreadPoolExecutor$Worker.run(ThreadPoolExecutor.java:617)
	at java.lang.Thread.run(Thread.java:745)
Caused by: [test][[test][0]] EngineCreationFailureException[failed to recover from translog]; nested: EngineException[failed to recover from translog]; nested: TranslogCorruptedException[translog corruption while reading from stream]; nested: TranslogCorruptedException[translog stream is corrupted, expected: 0xda484d4a, got: 0xbae587fc];
	at org.elasticsearch.index.engine.InternalEngine.<init>(InternalEngine.java:175)
	at org.elasticsearch.test.engine.MockInternalEngine.<init>(MockInternalEngine.java:36)
	at org.elasticsearch.test.engine.MockEngineFactory.newReadWriteEngine(MockEngineFactory.java:36)
	at org.elasticsearch.index.shard.IndexShard.newEngine(IndexShard.java:1310)
	at org.elasticsearch.index.shard.IndexShard.createNewEngine(IndexShard.java:1305)
	at org.elasticsearch.index.shard.IndexShard.internalPerformTranslogRecovery(IndexShard.java:888)
	at org.elasticsearch.index.shard.IndexShard.performTranslogRecovery(IndexShard.java:866)
	at org.elasticsearch.index.shard.StoreRecovery.internalRecoverFromStore(StoreRecovery.java:230)
	... 8 more
Caused by: [test][[test][0]] EngineException[failed to recover from translog]; nested: TranslogCorruptedException[translog corruption while reading from stream]; nested: TranslogCorruptedException[translog stream is corrupted, expected: 0xda484d4a, got: 0xbae587fc];
	at org.elasticsearch.index.engine.InternalEngine.recoverFromTranslog(InternalEngine.java:251)
	at org.elasticsearch.index.engine.InternalEngine.<init>(InternalEngine.java:172)
	... 15 more
Caused by: TranslogCorruptedException[translog corruption while reading from stream]; nested: TranslogCorruptedException[translog stream is corrupted, expected: 0xda484d4a, got: 0xbae587fc];
	at org.elasticsearch.index.translog.Translog.readOperation(Translog.java:1133)
	at org.elasticsearch.index.translog.BaseTranslogReader.read(BaseTranslogReader.java:114)
	at org.elasticsearch.index.translog.TranslogSnapshot.readOperation(TranslogSnapshot.java:70)
	at org.elasticsearch.index.translog.TranslogSnapshot.next(TranslogSnapshot.java:61)
	at org.elasticsearch.index.translog.MultiSnapshot.next(MultiSnapshot.java:53)
	at org.elasticsearch.index.engine.InternalEngine.recoverFromTranslog(InternalEngine.java:237)
	... 16 more
Caused by: TranslogCorruptedException[translog stream is corrupted, expected: 0xda484d4a, got: 0xbae587fc]
	at org.elasticsearch.index.translog.Translog.verifyChecksum(Translog.java:1091)
	at org.elasticsearch.index.translog.Translog.readOperation(Translog.java:1123)
	... 21 more
[2016-04-18 03:03:58,637][WARN ][org.elasticsearch.indices.cluster] [node_s0] [[test][0]] marking and sending shard failed due to [failed recovery]
[test][[test][0]] IndexShardRecoveryException[failed to recovery from gateway]; nested: EngineCreationFailureException[failed to recover from translog]; nested: EngineException[failed to recover from translog]; nested: TranslogCorruptedException[translog corruption while reading from stream]; nested: TranslogCorruptedException[translog stream is corrupted, expected: 0xda484d4a, got: 0xbae587fc];
	at org.elasticsearch.index.shard.StoreRecovery.internalRecoverFromStore(StoreRecovery.java:234)
	at org.elasticsearch.index.shard.StoreRecovery.lambda$recoverFromStore$189(StoreRecovery.java:77)
	at org.elasticsearch.index.shard.StoreRecovery.executeRecovery(StoreRecovery.java:122)
	at org.elasticsearch.index.shard.StoreRecovery.recoverFromStore(StoreRecovery.java:75)
	at org.elasticsearch.index.shard.IndexShard.recoverFromStore(IndexShard.java:1059)
	at org.elasticsearch.indices.cluster.IndicesClusterStateService.lambda$applyInitializingShard$195(IndicesClusterStateService.java:648)
	at java.util.concurrent.ThreadPoolExecutor.runWorker(ThreadPoolExecutor.java:1142)
	at java.util.concurrent.ThreadPoolExecutor$Worker.run(ThreadPoolExecutor.java:617)
	at java.lang.Thread.run(Thread.java:745)
Caused by: [test][[test][0]] EngineCreationFailureException[failed to recover from translog]; nested: EngineException[failed to recover from translog]; nested: TranslogCorruptedException[translog corruption while reading from stream]; nested: TranslogCorruptedException[translog stream is corrupted, expected: 0xda484d4a, got: 0xbae587fc];
	at org.elasticsearch.index.engine.InternalEngine.<init>(InternalEngine.java:175)
	at org.elasticsearch.test.engine.MockInternalEngine.<init>(MockInternalEngine.java:36)
	at org.elasticsearch.test.engine.MockEngineFactory.newReadWriteEngine(MockEngineFactory.java:36)
	at org.elasticsearch.index.shard.IndexShard.newEngine(IndexShard.java:1310)
	at org.elasticsearch.index.shard.IndexShard.createNewEngine(IndexShard.java:1305)
	at org.elasticsearch.index.shard.IndexShard.internalPerformTranslogRecovery(IndexShard.java:888)
	at org.elasticsearch.index.shard.IndexShard.performTranslogRecovery(IndexShard.java:866)
	at org.elasticsearch.index.shard.StoreRecovery.internalRecoverFromStore(StoreRecovery.java:230)
	... 8 more
Caused by: [test][[test][0]] EngineException[failed to recover from translog]; nested: TranslogCorruptedException[translog corruption while reading from stream]; nested: TranslogCorruptedException[translog stream is corrupted, expected: 0xda484d4a, got: 0xbae587fc];
	at org.elasticsearch.index.engine.InternalEngine.recoverFromTranslog(InternalEngine.java:251)
	at org.elasticsearch.index.engine.InternalEngine.<init>(InternalEngine.java:172)
	... 15 more
Caused by: TranslogCorruptedException[translog corruption while reading from stream]; nested: TranslogCorruptedException[translog stream is corrupted, expected: 0xda484d4a, got: 0xbae587fc];
	at org.elasticsearch.index.translog.Translog.readOperation(Translog.java:1133)
	at org.elasticsearch.index.translog.BaseTranslogReader.read(BaseTranslogReader.java:114)
	at org.elasticsearch.index.translog.TranslogSnapshot.readOperation(TranslogSnapshot.java:70)
	at org.elasticsearch.index.translog.TranslogSnapshot.next(TranslogSnapshot.java:61)
	at org.elasticsearch.index.translog.MultiSnapshot.next(MultiSnapshot.java:53)
	at org.elasticsearch.index.engine.InternalEngine.recoverFromTranslog(InternalEngine.java:237)
	... 16 more
Caused by: TranslogCorruptedException[translog stream is corrupted, expected: 0xda484d4a, got: 0xbae587fc]
	at org.elasticsearch.index.translog.Translog.verifyChecksum(Translog.java:1091)
	at org.elasticsearch.index.translog.Translog.readOperation(Translog.java:1123)
	... 21 more
[2016-04-18 03:03:58,637][WARN ][org.elasticsearch.cluster.action.shard] [node_s0] [test][0] received shard failed for [test][0], node[zh8EGFynRVuF0b25iuPgEA], [P], v[3], s[INITIALIZING], a[id=we2JQfqdRIOEENFPwuv1zg], unassigned_info[[reason=ALLOCATION_FAILED], at[2016-04-18T07:03:58.621Z], details[failed recovery, failure IndexShardRecoveryException[failed to recovery from gateway]; nested: EngineCreationFailureException[failed to recover from translog]; nested: EngineException[failed to recover from translog]; nested: TranslogCorruptedException[translog corruption while reading from stream]; nested: TranslogCorruptedException[translog stream is corrupted, expected: 0xda484d4a, got: 0xbae587fc]; ]], indexUUID [jvViyj5qTFmJnQUMS7-e8g], message [failed recovery], failure [IndexShardRecoveryException[failed to recovery from gateway]; nested: EngineCreationFailureException[failed to recover from translog]; nested: EngineException[failed to recover from translog]; nested: TranslogCorruptedException[translog corruption while reading from stream]; nested: TranslogCorruptedException[translog stream is corrupted, expected: 0xda484d4a, got: 0xbae587fc]; ]
[test][[test][0]] IndexShardRecoveryException[failed to recovery from gateway]; nested: EngineCreationFailureException[failed to recover from translog]; nested: EngineException[failed to recover from translog]; nested: TranslogCorruptedException[translog corruption while reading from stream]; nested: TranslogCorruptedException[translog stream is corrupted, expected: 0xda484d4a, got: 0xbae587fc];
	at org.elasticsearch.index.shard.StoreRecovery.internalRecoverFromStore(StoreRecovery.java:234)
	at org.elasticsearch.index.shard.StoreRecovery.lambda$recoverFromStore$189(StoreRecovery.java:77)
	at org.elasticsearch.index.shard.StoreRecovery.executeRecovery(StoreRecovery.java:122)
	at org.elasticsearch.index.shard.StoreRecovery.recoverFromStore(StoreRecovery.java:75)
	at org.elasticsearch.index.shard.IndexShard.recoverFromStore(IndexShard.java:1059)
	at org.elasticsearch.indices.cluster.IndicesClusterStateService.lambda$applyInitializingShard$195(IndicesClusterStateService.java:648)
	at java.util.concurrent.ThreadPoolExecutor.runWorker(ThreadPoolExecutor.java:1142)
	at java.util.concurrent.ThreadPoolExecutor$Worker.run(ThreadPoolExecutor.java:617)
	at java.lang.Thread.run(Thread.java:745)
Caused by: [test][[test][0]] EngineCreationFailureException[failed to recover from translog]; nested: EngineException[failed to recover from translog]; nested: TranslogCorruptedException[translog corruption while reading from stream]; nested: TranslogCorruptedException[translog stream is corrupted, expected: 0xda484d4a, got: 0xbae587fc];
	at org.elasticsearch.index.engine.InternalEngine.<init>(InternalEngine.java:175)
	at org.elasticsearch.test.engine.MockInternalEngine.<init>(MockInternalEngine.java:36)
	at org.elasticsearch.test.engine.MockEngineFactory.newReadWriteEngine(MockEngineFactory.java:36)
	at org.elasticsearch.index.shard.IndexShard.newEngine(IndexShard.java:1310)
	at org.elasticsearch.index.shard.IndexShard.createNewEngine(IndexShard.java:1305)
	at org.elasticsearch.index.shard.IndexShard.internalPerformTranslogRecovery(IndexShard.java:888)
	at org.elasticsearch.index.shard.IndexShard.performTranslogRecovery(IndexShard.java:866)
	at org.elasticsearch.index.shard.StoreRecovery.internalRecoverFromStore(StoreRecovery.java:230)
	... 8 more
Caused by: [test][[test][0]] EngineException[failed to recover from translog]; nested: TranslogCorruptedException[translog corruption while reading from stream]; nested: TranslogCorruptedException[translog stream is corrupted, expected: 0xda484d4a, got: 0xbae587fc];
	at org.elasticsearch.index.engine.InternalEngine.recoverFromTranslog(InternalEngine.java:251)
	at org.elasticsearch.index.engine.InternalEngine.<init>(InternalEngine.java:172)
	... 15 more
Caused by: TranslogCorruptedException[translog corruption while reading from stream]; nested: TranslogCorruptedException[translog stream is corrupted, expected: 0xda484d4a, got: 0xbae587fc];
	at org.elasticsearch.index.translog.Translog.readOperation(Translog.java:1133)
	at org.elasticsearch.index.translog.BaseTranslogReader.read(BaseTranslogReader.java:114)
	at org.elasticsearch.index.translog.TranslogSnapshot.readOperation(TranslogSnapshot.java:70)
	at org.elasticsearch.index.translog.TranslogSnapshot.next(TranslogSnapshot.java:61)
	at org.elasticsearch.index.translog.MultiSnapshot.next(MultiSnapshot.java:53)
	at org.elasticsearch.index.engine.InternalEngine.recoverFromTranslog(InternalEngine.java:237)
	... 16 more
Caused by: TranslogCorruptedException[translog stream is corrupted, expected: 0xda484d4a, got: 0xbae587fc]
	at org.elasticsearch.index.translog.Translog.verifyChecksum(Translog.java:1091)
	at org.elasticsearch.index.translog.Translog.readOperation(Translog.java:1123)
	... 21 more
[2016-04-18 03:03:58,653][WARN ][org.elasticsearch.indices.cluster] [node_s0] [[test][0]] marking and sending shard failed due to [failed recovery]
[test][[test][0]] IndexShardRecoveryException[failed to recovery from gateway]; nested: EngineCreationFailureException[failed to recover from translog]; nested: EngineException[failed to recover from translog]; nested: TranslogCorruptedException[translog corruption while reading from stream]; nested: TranslogCorruptedException[translog stream is corrupted, expected: 0xda484d4a, got: 0xbae587fc];
	at org.elasticsearch.index.shard.StoreRecovery.internalRecoverFromStore(StoreRecovery.java:234)
	at org.elasticsearch.index.shard.StoreRecovery.lambda$recoverFromStore$189(StoreRecovery.java:77)
	at org.elasticsearch.index.shard.StoreRecovery.executeRecovery(StoreRecovery.java:122)
	at org.elasticsearch.index.shard.StoreRecovery.recoverFromStore(StoreRecovery.java:75)
	at org.elasticsearch.index.shard.IndexShard.recoverFromStore(IndexShard.java:1059)
	at org.elasticsearch.indices.cluster.IndicesClusterStateService.lambda$applyInitializingShard$195(IndicesClusterStateService.java:648)
	at java.util.concurrent.ThreadPoolExecutor.runWorker(ThreadPoolExecutor.java:1142)
	at java.util.concurrent.ThreadPoolExecutor$Worker.run(ThreadPoolExecutor.java:617)
	at java.lang.Thread.run(Thread.java:745)
Caused by: [test][[test][0]] EngineCreationFailureException[failed to recover from translog]; nested: EngineException[failed to recover from translog]; nested: TranslogCorruptedException[translog corruption while reading from stream]; nested: TranslogCorruptedException[translog stream is corrupted, expected: 0xda484d4a, got: 0xbae587fc];
	at org.elasticsearch.index.engine.InternalEngine.<init>(InternalEngine.java:175)
	at org.elasticsearch.test.engine.MockInternalEngine.<init>(MockInternalEngine.java:36)
	at org.elasticsearch.test.engine.MockEngineFactory.newReadWriteEngine(MockEngineFactory.java:36)
	at org.elasticsearch.index.shard.IndexShard.newEngine(IndexShard.java:1310)
	at org.elasticsearch.index.shard.IndexShard.createNewEngine(IndexShard.java:1305)
	at org.elasticsearch.index.shard.IndexShard.internalPerformTranslogRecovery(IndexShard.java:888)
	at org.elasticsearch.index.shard.IndexShard.performTranslogRecovery(IndexShard.java:866)
	at org.elasticsearch.index.shard.StoreRecovery.internalRecoverFromStore(StoreRecovery.java:230)
	... 8 more
Caused by: [test][[test][0]] EngineException[failed to recover from translog]; nested: TranslogCorruptedException[translog corruption while reading from stream]; nested: TranslogCorruptedException[translog stream is corrupted, expected: 0xda484d4a, got: 0xbae587fc];
	at org.elasticsearch.index.engine.InternalEngine.recoverFromTranslog(InternalEngine.java:251)
	at org.elasticsearch.index.engine.InternalEngine.<init>(InternalEngine.java:172)
	... 15 more
Caused by: TranslogCorruptedException[translog corruption while reading from stream]; nested: TranslogCorruptedException[translog stream is corrupted, expected: 0xda484d4a, got: 0xbae587fc];
	at org.elasticsearch.index.translog.Translog.readOperation(Translog.java:1133)
	at org.elasticsearch.index.translog.BaseTranslogReader.read(BaseTranslogReader.java:114)
	at org.elasticsearch.index.translog.TranslogSnapshot.readOperation(TranslogSnapshot.java:70)
	at org.elasticsearch.index.translog.TranslogSnapshot.next(TranslogSnapshot.java:61)
	at org.elasticsearch.index.translog.MultiSnapshot.next(MultiSnapshot.java:53)
	at org.elasticsearch.index.engine.InternalEngine.recoverFromTranslog(InternalEngine.java:237)
	... 16 more
Caused by: TranslogCorruptedException[translog stream is corrupted, expected: 0xda484d4a, got: 0xbae587fc]
	at org.elasticsearch.index.translog.Translog.verifyChecksum(Translog.java:1091)
	at org.elasticsearch.index.translog.Translog.readOperation(Translog.java:1123)
	... 21 more
[2016-04-18 03:03:58,654][WARN ][org.elasticsearch.cluster.action.shard] [node_s0] [test][0] received shard failed for [test][0], node[zh8EGFynRVuF0b25iuPgEA], [P], v[3], s[INITIALIZING], a[id=q5SEaHXGQqmW4FOA8ei2kg], unassigned_info[[reason=ALLOCATION_FAILED], at[2016-04-18T07:03:58.638Z], details[failed recovery, failure IndexShardRecoveryException[failed to recovery from gateway]; nested: EngineCreationFailureException[failed to recover from translog]; nested: EngineException[failed to recover from translog]; nested: TranslogCorruptedException[translog corruption while reading from stream]; nested: TranslogCorruptedException[translog stream is corrupted, expected: 0xda484d4a, got: 0xbae587fc]; ]], indexUUID [jvViyj5qTFmJnQUMS7-e8g], message [failed recovery], failure [IndexShardRecoveryException[failed to recovery from gateway]; nested: EngineCreationFailureException[failed to recover from translog]; nested: EngineException[failed to recover from translog]; nested: TranslogCorruptedException[translog corruption while reading from stream]; nested: TranslogCorruptedException[translog stream is corrupted, expected: 0xda484d4a, got: 0xbae587fc]; ]
[test][[test][0]] IndexShardRecoveryException[failed to recovery from gateway]; nested: EngineCreationFailureException[failed to recover from translog]; nested: EngineException[failed to recover from translog]; nested: TranslogCorruptedException[translog corruption while reading from stream]; nested: TranslogCorruptedException[translog stream is corrupted, expected: 0xda484d4a, got: 0xbae587fc];
	at org.elasticsearch.index.shard.StoreRecovery.internalRecoverFromStore(StoreRecovery.java:234)
	at org.elasticsearch.index.shard.StoreRecovery.lambda$recoverFromStore$189(StoreRecovery.java:77)
	at org.elasticsearch.index.shard.StoreRecovery.executeRecovery(StoreRecovery.java:122)
	at org.elasticsearch.index.shard.StoreRecovery.recoverFromStore(StoreRecovery.java:75)
	at org.elasticsearch.index.shard.IndexShard.recoverFromStore(IndexShard.java:1059)
	at org.elasticsearch.indices.cluster.IndicesClusterStateService.lambda$applyInitializingShard$195(IndicesClusterStateService.java:648)
	at java.util.concurrent.ThreadPoolExecutor.runWorker(ThreadPoolExecutor.java:1142)
	at java.util.concurrent.ThreadPoolExecutor$Worker.run(ThreadPoolExecutor.java:617)
	at java.lang.Thread.run(Thread.java:745)
Caused by: [test][[test][0]] EngineCreationFailureException[failed to recover from translog]; nested: EngineException[failed to recover from translog]; nested: TranslogCorruptedException[translog corruption while reading from stream]; nested: TranslogCorruptedException[translog stream is corrupted, expected: 0xda484d4a, got: 0xbae587fc];
	at org.elasticsearch.index.engine.InternalEngine.<init>(InternalEngine.java:175)
	at org.elasticsearch.test.engine.MockInternalEngine.<init>(MockInternalEngine.java:36)
	at org.elasticsearch.test.engine.MockEngineFactory.newReadWriteEngine(MockEngineFactory.java:36)
	at org.elasticsearch.index.shard.IndexShard.newEngine(IndexShard.java:1310)
	at org.elasticsearch.index.shard.IndexShard.createNewEngine(IndexShard.java:1305)
	at org.elasticsearch.index.shard.IndexShard.internalPerformTranslogRecovery(IndexShard.java:888)
	at org.elasticsearch.index.shard.IndexShard.performTranslogRecovery(IndexShard.java:866)
	at org.elasticsearch.index.shard.StoreRecovery.internalRecoverFromStore(StoreRecovery.java:230)
	... 8 more
Caused by: [test][[test][0]] EngineException[failed to recover from translog]; nested: TranslogCorruptedException[translog corruption while reading from stream]; nested: TranslogCorruptedException[translog stream is corrupted, expected: 0xda484d4a, got: 0xbae587fc];
	at org.elasticsearch.index.engine.InternalEngine.recoverFromTranslog(InternalEngine.java:251)
	at org.elasticsearch.index.engine.InternalEngine.<init>(InternalEngine.java:172)
	... 15 more
Caused by: TranslogCorruptedException[translog corruption while reading from stream]; nested: TranslogCorruptedException[translog stream is corrupted, expected: 0xda484d4a, got: 0xbae587fc];
	at org.elasticsearch.index.translog.Translog.readOperation(Translog.java:1133)
	at org.elasticsearch.index.translog.BaseTranslogReader.read(BaseTranslogReader.java:114)
	at org.elasticsearch.index.translog.TranslogSnapshot.readOperation(TranslogSnapshot.java:70)
	at org.elasticsearch.index.translog.TranslogSnapshot.next(TranslogSnapshot.java:61)
	at org.elasticsearch.index.translog.MultiSnapshot.next(MultiSnapshot.java:53)
	at org.elasticsearch.index.engine.InternalEngine.recoverFromTranslog(InternalEngine.java:237)
	... 16 more
Caused by: TranslogCorruptedException[translog stream is corrupted, expected: 0xda484d4a, got: 0xbae587fc]
	at org.elasticsearch.index.translog.Translog.verifyChecksum(Translog.java:1091)
	at org.elasticsearch.index.translog.Translog.readOperation(Translog.java:1123)
	... 21 more
[2016-04-18 03:03:58,687][WARN ][org.elasticsearch.indices.cluster] [node_s0] [[test][0]] marking and sending shard failed due to [failed recovery]
[test][[test][0]] IndexShardRecoveryException[failed to recovery from gateway]; nested: EngineCreationFailureException[failed to recover from translog]; nested: EngineException[failed to recover from translog]; nested: TranslogCorruptedException[translog corruption while reading from stream]; nested: TranslogCorruptedException[translog stream is corrupted, expected: 0xda484d4a, got: 0xbae587fc];
	at org.elasticsearch.index.shard.StoreRecovery.internalRecoverFromStore(StoreRecovery.java:234)
	at org.elasticsearch.index.shard.StoreRecovery.lambda$recoverFromStore$189(StoreRecovery.java:77)
	at org.elasticsearch.index.shard.StoreRecovery.executeRecovery(StoreRecovery.java:122)
	at org.elasticsearch.index.shard.StoreRecovery.recoverFromStore(StoreRecovery.java:75)
	at org.elasticsearch.index.shard.IndexShard.recoverFromStore(IndexShard.java:1059)
	at org.elasticsearch.indices.cluster.IndicesClusterStateService.lambda$applyInitializingShard$195(IndicesClusterStateService.java:648)
	at java.util.concurrent.ThreadPoolExecutor.runWorker(ThreadPoolExecutor.java:1142)
	at java.util.concurrent.ThreadPoolExecutor$Worker.run(ThreadPoolExecutor.java:617)
	at java.lang.Thread.run(Thread.java:745)
Caused by: [test][[test][0]] EngineCreationFailureException[failed to recover from translog]; nested: EngineException[failed to recover from translog]; nested: TranslogCorruptedException[translog corruption while reading from stream]; nested: TranslogCorruptedException[translog stream is corrupted, expected: 0xda484d4a, got: 0xbae587fc];
	at org.elasticsearch.index.engine.InternalEngine.<init>(InternalEngine.java:175)
	at org.elasticsearch.test.engine.MockInternalEngine.<init>(MockInternalEngine.java:36)
	at org.elasticsearch.test.engine.MockEngineFactory.newReadWriteEngine(MockEngineFactory.java:36)
	at org.elasticsearch.index.shard.IndexShard.newEngine(IndexShard.java:1310)
	at org.elasticsearch.index.shard.IndexShard.createNewEngine(IndexShard.java:1305)
	at org.elasticsearch.index.shard.IndexShard.internalPerformTranslogRecovery(IndexShard.java:888)
	at org.elasticsearch.index.shard.IndexShard.performTranslogRecovery(IndexShard.java:866)
	at org.elasticsearch.index.shard.StoreRecovery.internalRecoverFromStore(StoreRecovery.java:230)
	... 8 more
Caused by: [test][[test][0]] EngineException[failed to recover from translog]; nested: TranslogCorruptedException[translog corruption while reading from stream]; nested: TranslogCorruptedException[translog stream is corrupted, expected: 0xda484d4a, got: 0xbae587fc];
	at org.elasticsearch.index.engine.InternalEngine.recoverFromTranslog(InternalEngine.java:251)
	at org.elasticsearch.index.engine.InternalEngine.<init>(InternalEngine.java:172)
	... 15 more
Caused by: TranslogCorruptedException[translog corruption while reading from stream]; nested: TranslogCorruptedException[translog stream is corrupted, expected: 0xda484d4a, got: 0xbae587fc];
	at org.elasticsearch.index.translog.Translog.readOperation(Translog.java:1133)
	at org.elasticsearch.index.translog.BaseTranslogReader.read(BaseTranslogReader.java:114)
	at org.elasticsearch.index.translog.TranslogSnapshot.readOperation(TranslogSnapshot.java:70)
	at org.elasticsearch.index.translog.TranslogSnapshot.next(TranslogSnapshot.java:61)
	at org.elasticsearch.index.translog.MultiSnapshot.next(MultiSnapshot.java:53)
	at org.elasticsearch.index.engine.InternalEngine.recoverFromTranslog(InternalEngine.java:237)
	... 16 more
Caused by: TranslogCorruptedException[translog stream is corrupted, expected: 0xda484d4a, got: 0xbae587fc]
	at org.elasticsearch.index.translog.Translog.verifyChecksum(Translog.java:1091)
	at org.elasticsearch.index.translog.Translog.readOperation(Translog.java:1123)
	... 21 more
[2016-04-18 03:03:58,688][WARN ][org.elasticsearch.cluster.action.shard] [node_s0] [test][0] received shard failed for [test][0], node[zh8EGFynRVuF0b25iuPgEA], [P], v[3], s[INITIALIZING], a[id=wVVR6S21TjKkxqQ4eJ3xaw], unassigned_info[[reason=ALLOCATION_FAILED], at[2016-04-18T07:03:58.654Z], details[failed recovery, failure IndexShardRecoveryException[failed to recovery from gateway]; nested: EngineCreationFailureException[failed to recover from translog]; nested: EngineException[failed to recover from translog]; nested: TranslogCorruptedException[translog corruption while reading from stream]; nested: TranslogCorruptedException[translog stream is corrupted, expected: 0xda484d4a, got: 0xbae587fc]; ]], indexUUID [jvViyj5qTFmJnQUMS7-e8g], message [failed recovery], failure [IndexShardRecoveryException[failed to recovery from gateway]; nested: EngineCreationFailureException[failed to recover from translog]; nested: EngineException[failed to recover from translog]; nested: TranslogCorruptedException[translog corruption while reading from stream]; nested: TranslogCorruptedException[translog stream is corrupted, expected: 0xda484d4a, got: 0xbae587fc]; ]
[test][[test][0]] IndexShardRecoveryException[failed to recovery from gateway]; nested: EngineCreationFailureException[failed to recover from translog]; nested: EngineException[failed to recover from translog]; nested: TranslogCorruptedException[translog corruption while reading from stream]; nested: TranslogCorruptedException[translog stream is corrupted, expected: 0xda484d4a, got: 0xbae587fc];
	at org.elasticsearch.index.shard.StoreRecovery.internalRecoverFromStore(StoreRecovery.java:234)
	at org.elasticsearch.index.shard.StoreRecovery.lambda$recoverFromStore$189(StoreRecovery.java:77)
	at org.elasticsearch.index.shard.StoreRecovery.executeRecovery(StoreRecovery.java:122)
	at org.elasticsearch.index.shard.StoreRecovery.recoverFromStore(StoreRecovery.java:75)
	at org.elasticsearch.index.shard.IndexShard.recoverFromStore(IndexShard.java:1059)
	at org.elasticsearch.indices.cluster.IndicesClusterStateService.lambda$applyInitializingShard$195(IndicesClusterStateService.java:648)
	at java.util.concurrent.ThreadPoolExecutor.runWorker(ThreadPoolExecutor.java:1142)
	at java.util.concurrent.ThreadPoolExecutor$Worker.run(ThreadPoolExecutor.java:617)
	at java.lang.Thread.run(Thread.java:745)
Caused by: [test][[test][0]] EngineCreationFailureException[failed to recover from translog]; nested: EngineException[failed to recover from translog]; nested: TranslogCorruptedException[translog corruption while reading from stream]; nested: TranslogCorruptedException[translog stream is corrupted, expected: 0xda484d4a, got: 0xbae587fc];
	at org.elasticsearch.index.engine.InternalEngine.<init>(InternalEngine.java:175)
	at org.elasticsearch.test.engine.MockInternalEngine.<init>(MockInternalEngine.java:36)
	at org.elasticsearch.test.engine.MockEngineFactory.newReadWriteEngine(MockEngineFactory.java:36)
	at org.elasticsearch.index.shard.IndexShard.newEngine(IndexShard.java:1310)
	at org.elasticsearch.index.shard.IndexShard.createNewEngine(IndexShard.java:1305)
	at org.elasticsearch.index.shard.IndexShard.internalPerformTranslogRecovery(IndexShard.java:888)
	at org.elasticsearch.index.shard.IndexShard.performTranslogRecovery(IndexShard.java:866)
	at org.elasticsearch.index.shard.StoreRecovery.internalRecoverFromStore(StoreRecovery.java:230)
	... 8 more
Caused by: [test][[test][0]] EngineException[failed to recover from translog]; nested: TranslogCorruptedException[translog corruption while reading from stream]; nested: TranslogCorruptedException[translog stream is corrupted, expected: 0xda484d4a, got: 0xbae587fc];
	at org.elasticsearch.index.engine.InternalEngine.recoverFromTranslog(InternalEngine.java:251)
	at org.elasticsearch.index.engine.InternalEngine.<init>(InternalEngine.java:172)
	... 15 more
Caused by: TranslogCorruptedException[translog corruption while reading from stream]; nested: TranslogCorruptedException[translog stream is corrupted, expected: 0xda484d4a, got: 0xbae587fc];
	at org.elasticsearch.index.translog.Translog.readOperation(Translog.java:1133)
	at org.elasticsearch.index.translog.BaseTranslogReader.read(BaseTranslogReader.java:114)
	at org.elasticsearch.index.translog.TranslogSnapshot.readOperation(TranslogSnapshot.java:70)
	at org.elasticsearch.index.translog.TranslogSnapshot.next(TranslogSnapshot.java:61)
	at org.elasticsearch.index.translog.MultiSnapshot.next(MultiSnapshot.java:53)
	at org.elasticsearch.index.engine.InternalEngine.recoverFromTranslog(InternalEngine.java:237)
	... 16 more
Caused by: TranslogCorruptedException[translog stream is corrupted, expected: 0xda484d4a, got: 0xbae587fc]
	at org.elasticsearch.index.translog.Translog.verifyChecksum(Translog.java:1091)
	at org.elasticsearch.index.translog.Translog.readOperation(Translog.java:1123)
	... 21 more
]]></system-out>
   <system-err><![CDATA[]]></system-err>
</testsuite>