<testsuite errors="0" failures="0" tests="5" skipped="1" name="org.elasticsearch.indices.state.RareClusterStateIT" hostname="nohost.nodomain" time="12.837" timestamp="2016-03-29T17:31:31">
   <properties class="java.util.ArrayList">
      <property name="awt.toolkit" value="sun.lwawt.macosx.LWCToolkit"/>
      <property name="es.logger.level" value="WARN"/>
      <property name="file.encoding" value="UTF-8"/>
      <property name="file.encoding.pkg" value="sun.io"/>
      <property name="file.separator" value="/"/>
      <property name="ftp.nonProxyHosts" value="local|*.local|169.254/16|*.169.254/16"/>
      <property name="gopherProxySet" value="false"/>
      <property name="http.nonProxyHosts" value="local|*.local|169.254/16|*.169.254/16"/>
      <property name="java.awt.graphicsenv" value="sun.awt.CGraphicsEnvironment"/>
      <property name="java.awt.headless" value="true"/>
      <property name="java.awt.printerjob" value="sun.lwawt.macosx.CPrinterJob"/>
      <property name="java.class.path" value="/Users/ogbonnayacngwu/CSE2410_spring2016_projectileDysfunction/core/build/classes/test:/Users/ogbonnayacngwu/CSE2410_spring2016_projectileDysfunction/core/build/resources/test:/Users/ogbonnayacngwu/CSE2410_spring2016_projectileDysfunction/core/build/classes/main:/Users/ogbonnayacngwu/CSE2410_spring2016_projectileDysfunction/core/build/resources/main:/Users/ogbonnayacngwu/.gradle/caches/modules-2/files-2.1/org.apache.lucene/lucene-core/5.5.0-snapshot-1721183/f6854c65c7f4c6d9de583f4daa4fd3ae8a3800f1/lucene-core-5.5.0-snapshot-1721183.jar:/Users/ogbonnayacngwu/.gradle/caches/modules-2/files-2.1/org.apache.lucene/lucene-analyzers-common/5.5.0-snapshot-1721183/69e187ef1d2d9c9570363eb4186821e0341df5b8/lucene-analyzers-common-5.5.0-snapshot-1721183.jar:/Users/ogbonnayacngwu/.gradle/caches/modules-2/files-2.1/org.apache.lucene/lucene-backward-codecs/5.5.0-snapshot-1721183/fa00a45ff9bc6a4df44db81f2e4e44ea94bf88e/lucene-backward-codecs-5.5.0-snapshot-1721183.jar:/Users/ogbonnayacngwu/.gradle/caches/modules-2/files-2.1/org.apache.lucene/lucene-grouping/5.5.0-snapshot-1721183/e996e6c723eb415ba2cfa7f5e98bbf194a4918dd/lucene-grouping-5.5.0-snapshot-1721183.jar:/Users/ogbonnayacngwu/.gradle/caches/modules-2/files-2.1/org.apache.lucene/lucene-highlighter/5.5.0-snapshot-1721183/3b7a5d97b10885f16eb53deb15d64c942b9f9fdb/lucene-highlighter-5.5.0-snapshot-1721183.jar:/Users/ogbonnayacngwu/.gradle/caches/modules-2/files-2.1/org.apache.lucene/lucene-join/5.5.0-snapshot-1721183/e4dda3eeb76e340aa4713a3b20d68c4a1504e505/lucene-join-5.5.0-snapshot-1721183.jar:/Users/ogbonnayacngwu/.gradle/caches/modules-2/files-2.1/org.apache.lucene/lucene-memory/5.5.0-snapshot-1721183/800442a5d7612ce4c8748831871b4d436a50554e/lucene-memory-5.5.0-snapshot-1721183.jar:/Users/ogbonnayacngwu/.gradle/caches/modules-2/files-2.1/org.apache.lucene/lucene-misc/5.5.0-snapshot-1721183/bdf184de9b5773c7af3ae908af78eeb1e512470c/lucene-misc-5.5.0-snapshot-1721183.jar:/Users/ogbonnayacngwu/.gradle/caches/modules-2/files-2.1/org.apache.lucene/lucene-queries/5.5.0-snapshot-1721183/fc59de52bd2c7e420edfd235723cb8b0dd44e92d/lucene-queries-5.5.0-snapshot-1721183.jar:/Users/ogbonnayacngwu/.gradle/caches/modules-2/files-2.1/org.apache.lucene/lucene-queryparser/5.5.0-snapshot-1721183/1d341e6a4f11f3170773ccffdbe6815b45967e3d/lucene-queryparser-5.5.0-snapshot-1721183.jar:/Users/ogbonnayacngwu/.gradle/caches/modules-2/files-2.1/org.apache.lucene/lucene-sandbox/5.5.0-snapshot-1721183/a1b02c2b595ac92f45f0d2be03841a3a7fcae1f1/lucene-sandbox-5.5.0-snapshot-1721183.jar:/Users/ogbonnayacngwu/.gradle/caches/modules-2/files-2.1/org.apache.lucene/lucene-spatial/5.5.0-snapshot-1721183/e3ea422b56734329fb6974e9cf9f66478adb5793/lucene-spatial-5.5.0-snapshot-1721183.jar:/Users/ogbonnayacngwu/.gradle/caches/modules-2/files-2.1/org.apache.lucene/lucene-spatial3d/5.5.0-snapshot-1721183/5eadbd4e63120b59ab6445e39489205f98420471/lucene-spatial3d-5.5.0-snapshot-1721183.jar:/Users/ogbonnayacngwu/.gradle/caches/modules-2/files-2.1/org.apache.lucene/lucene-suggest/5.5.0-snapshot-1721183/a336287e65d082535f02a8427666dbe46b1b9b74/lucene-suggest-5.5.0-snapshot-1721183.jar:/Users/ogbonnayacngwu/.gradle/caches/modules-2/files-2.1/org.elasticsearch/securesm/1.0/c0c6cf986ba0057390bfcc80c366a0e3157f944b/securesm-1.0.jar:/Users/ogbonnayacngwu/.gradle/caches/modules-2/files-2.1/commons-cli/commons-cli/1.3.1/1303efbc4b181e5a58bf2e967dc156a3132b97c0/commons-cli-1.3.1.jar:/Users/ogbonnayacngwu/.gradle/caches/modules-2/files-2.1/com.carrotsearch/hppc/0.7.1/8b5057f74ea378c0150a1860874a3ebdcb713767/hppc-0.7.1.jar:/Users/ogbonnayacngwu/.gradle/caches/modules-2/files-2.1/joda-time/joda-time/2.8.2/d27c24204c5e507b16fec01006b3d0f1ec42aed4/joda-time-2.8.2.jar:/Users/ogbonnayacngwu/.gradle/caches/modules-2/files-2.1/org.joda/joda-convert/1.2/35ec554f0cd00c956cc69051514d9488b1374dec/joda-convert-1.2.jar:/Users/ogbonnayacngwu/.gradle/caches/modules-2/files-2.1/com.fasterxml.jackson.core/jackson-core/2.6.2/123f29333b2c6b3516b14252b6e93226bfcd6e37/jackson-core-2.6.2.jar:/Users/ogbonnayacngwu/.gradle/caches/modules-2/files-2.1/com.fasterxml.jackson.dataformat/jackson-dataformat-smile/2.6.2/395d18c1a1dd730b8026ee59c4067e5d2b45ba6e/jackson-dataformat-smile-2.6.2.jar:/Users/ogbonnayacngwu/.gradle/caches/modules-2/files-2.1/com.fasterxml.jackson.dataformat/jackson-dataformat-yaml/2.6.2/4ae23088dd3fae47c66843f2e4251d7255ee140e/jackson-dataformat-yaml-2.6.2.jar:/Users/ogbonnayacngwu/.gradle/caches/modules-2/files-2.1/com.fasterxml.jackson.dataformat/jackson-dataformat-cbor/2.6.2/1e13c575f914c83761bb8e2aca7dfd9e4c647579/jackson-dataformat-cbor-2.6.2.jar:/Users/ogbonnayacngwu/.gradle/caches/modules-2/files-2.1/io.netty/netty/3.10.5.Final/9ca7d55d246092bddd29b867706e2f6c7db701a0/netty-3.10.5.Final.jar:/Users/ogbonnayacngwu/.gradle/caches/modules-2/files-2.1/com.tdunning/t-digest/3.0/84ccf145ac2215e6bfa63baa3101c0af41017cfc/t-digest-3.0.jar:/Users/ogbonnayacngwu/.gradle/caches/modules-2/files-2.1/org.hdrhistogram/HdrHistogram/2.1.6/7495feb7f71ee124bd2a7e7d83590e296d71d80e/HdrHistogram-2.1.6.jar:/Users/ogbonnayacngwu/.gradle/caches/modules-2/files-2.1/com.spatial4j/spatial4j/0.5/6e16edaf6b1ba76db7f08c2f3723fce3b358ecc3/spatial4j-0.5.jar:/Users/ogbonnayacngwu/.gradle/caches/modules-2/files-2.1/com.vividsolutions/jts/1.13/3ccfb9b60f04d71add996a666ceb8902904fd805/jts-1.13.jar:/Users/ogbonnayacngwu/.gradle/caches/modules-2/files-2.1/log4j/log4j/1.2.17/5af35056b4d257e4b64b9e8069c0746e8b08629f/log4j-1.2.17.jar:/Users/ogbonnayacngwu/.gradle/caches/modules-2/files-2.1/log4j/apache-log4j-extras/1.2.17/85863614d82185d7e51fe21c00aa9117a523a8b6/apache-log4j-extras-1.2.17.jar:/Users/ogbonnayacngwu/.gradle/caches/modules-2/files-2.1/org.slf4j/slf4j-api/1.6.2/8619e95939167fb37245b5670135e4feb0ec7d50/slf4j-api-1.6.2.jar:/Users/ogbonnayacngwu/.gradle/caches/modules-2/files-2.1/net.java.dev.jna/jna/4.1.0/1c12d070e602efd8021891cdd7fd18bc129372d4/jna-4.1.0.jar:/Users/ogbonnayacngwu/CSE2410_spring2016_projectileDysfunction/test/framework/build/libs/framework-3.0.0-SNAPSHOT.jar:/Users/ogbonnayacngwu/.gradle/caches/modules-2/files-2.1/com.carrotsearch.randomizedtesting/randomizedtesting-runner/2.3.2/307965917fe8a22b7ee72deba39ef4b8e6ebc069/randomizedtesting-runner-2.3.2.jar:/Users/ogbonnayacngwu/.gradle/caches/modules-2/files-2.1/junit/junit/4.11/4e031bb61df09069aeb2bffb4019e7a5034a4ee0/junit-4.11.jar:/Users/ogbonnayacngwu/.gradle/caches/modules-2/files-2.1/org.hamcrest/hamcrest-all/1.3/63a21ebc981131004ad02e0434e799fd7f3a8d5a/hamcrest-all-1.3.jar:/Users/ogbonnayacngwu/.gradle/caches/modules-2/files-2.1/org.apache.lucene/lucene-test-framework/5.5.0-snapshot-1721183/a8d851d0ad82182b3a02f4b30c336e7aa0e173cb/lucene-test-framework-5.5.0-snapshot-1721183.jar:/Users/ogbonnayacngwu/.gradle/caches/modules-2/files-2.1/org.apache.lucene/lucene-codecs/5.5.0-snapshot-1721183/8aa59442b028c7a2c1a516accb6142a8910ba5fc/lucene-codecs-5.5.0-snapshot-1721183.jar:/Users/ogbonnayacngwu/.gradle/caches/modules-2/files-2.1/org.apache.httpcomponents/httpclient/4.3.6/4c47155e3e6c9a41a28db36680b828ced53b8af4/httpclient-4.3.6.jar:/Users/ogbonnayacngwu/.gradle/caches/modules-2/files-2.1/org.apache.httpcomponents/httpcore/4.3.3/f91b7a4aadc5cf486df6e4634748d7dd7a73f06d/httpcore-4.3.3.jar:/Users/ogbonnayacngwu/.gradle/caches/modules-2/files-2.1/commons-logging/commons-logging/1.1.3/f6f66e966c70a83ffbdb6f17a0919eaf7c8aca7f/commons-logging-1.1.3.jar:/Users/ogbonnayacngwu/.gradle/caches/modules-2/files-2.1/commons-codec/commons-codec/1.10/4b95f4897fa13f2cd904aee711aeafc0c5295cd8/commons-codec-1.10.jar:/Users/ogbonnayacngwu/.gradle/caches/modules-2/files-2.1/org.elasticsearch/securemock/1.2/98201d4ad5ac93f6b415ae9172d52b5e7cda490e/securemock-1.2.jar:/Users/ogbonnayacngwu/.gradle/caches/modules-2/files-2.1/com.carrotsearch.randomizedtesting/junit4-ant/2.3.2/dc8f03f6111974092491f35b8269eb0fc57f52f7/junit4-ant-2.3.2.jar"/>
      <property name="java.class.version" value="52.0"/>
      <property name="java.endorsed.dirs" value="/Library/Java/JavaVirtualMachines/jdk1.8.0_11.jdk/Contents/Home/jre/lib/endorsed"/>
      <property name="java.ext.dirs" value="/Users/ogbonnayacngwu/Library/Java/Extensions:/Library/Java/JavaVirtualMachines/jdk1.8.0_11.jdk/Contents/Home/jre/lib/ext:/Library/Java/Extensions:/Network/Library/Java/Extensions:/System/Library/Java/Extensions:/usr/lib/java"/>
      <property name="java.home" value="/Library/Java/JavaVirtualMachines/jdk1.8.0_11.jdk/Contents/Home/jre"/>
      <property name="java.io.tmpdir" value="./temp"/>
      <property name="java.library.path" value="/Users/ogbonnayacngwu/Library/Java/Extensions:/Library/Java/Extensions:/Network/Library/Java/Extensions:/System/Library/Java/Extensions:/usr/lib/java:."/>
      <property name="java.runtime.name" value="Java(TM) SE Runtime Environment"/>
      <property name="java.runtime.version" value="1.8.0_11-b12"/>
      <property name="java.specification.name" value="Java Platform API Specification"/>
      <property name="java.specification.vendor" value="Oracle Corporation"/>
      <property name="java.specification.version" value="1.8"/>
      <property name="java.vendor" value="Oracle Corporation"/>
      <property name="java.vendor.url" value="http://java.oracle.com/"/>
      <property name="java.vendor.url.bug" value="http://bugreport.sun.com/bugreport/"/>
      <property name="java.version" value="1.8.0_11"/>
      <property name="java.vm.info" value="mixed mode"/>
      <property name="java.vm.name" value="Java HotSpot(TM) 64-Bit Server VM"/>
      <property name="java.vm.specification.name" value="Java Virtual Machine Specification"/>
      <property name="java.vm.specification.vendor" value="Oracle Corporation"/>
      <property name="java.vm.specification.version" value="1.8"/>
      <property name="java.vm.vendor" value="Oracle Corporation"/>
      <property name="java.vm.version" value="25.11-b03"/>
      <property name="junit4.childvm.count" value="4"/>
      <property name="junit4.childvm.cwd" value="/Users/ogbonnayacngwu/CSE2410_spring2016_projectileDysfunction/core/build/testrun/integTest/J0"/>
      <property name="junit4.childvm.id" value="0"/>
      <property name="junit4.memory.total" value="514850816"/>
      <property name="junit4.pidString" value="27392@host37-246.aruba.fit.edu"/>
      <property name="junit4.processors" value="8"/>
      <property name="line.separator" value="
"/>
      <property name="os.arch" value="x86_64"/>
      <property name="os.name" value="Mac OS X"/>
      <property name="os.version" value="10.11.4"/>
      <property name="path.separator" value=":"/>
      <property name="socksNonProxyHosts" value="local|*.local|169.254/16|*.169.254/16"/>
      <property name="sun.arch.data.model" value="64"/>
      <property name="sun.boot.class.path" value="/Library/Java/JavaVirtualMachines/jdk1.8.0_11.jdk/Contents/Home/jre/lib/resources.jar:/Library/Java/JavaVirtualMachines/jdk1.8.0_11.jdk/Contents/Home/jre/lib/rt.jar:/Library/Java/JavaVirtualMachines/jdk1.8.0_11.jdk/Contents/Home/jre/lib/sunrsasign.jar:/Library/Java/JavaVirtualMachines/jdk1.8.0_11.jdk/Contents/Home/jre/lib/jsse.jar:/Library/Java/JavaVirtualMachines/jdk1.8.0_11.jdk/Contents/Home/jre/lib/jce.jar:/Library/Java/JavaVirtualMachines/jdk1.8.0_11.jdk/Contents/Home/jre/lib/charsets.jar:/Library/Java/JavaVirtualMachines/jdk1.8.0_11.jdk/Contents/Home/jre/lib/jfr.jar:/Library/Java/JavaVirtualMachines/jdk1.8.0_11.jdk/Contents/Home/jre/classes"/>
      <property name="sun.boot.library.path" value="/Library/Java/JavaVirtualMachines/jdk1.8.0_11.jdk/Contents/Home/jre/lib"/>
      <property name="sun.cpu.endian" value="little"/>
      <property name="sun.cpu.isalist" value=""/>
      <property name="sun.io.unicode.encoding" value="UnicodeBig"/>
      <property name="sun.java.command" value="com.carrotsearch.ant.tasks.junit4.slave.SlaveMainSafe -eventsfile /Users/ogbonnayacngwu/CSE2410_spring2016_projectileDysfunction/core/build/testrun/integTest/temp/junit4-J0-20160329_172724_554.events @/Users/ogbonnayacngwu/CSE2410_spring2016_projectileDysfunction/core/build/testrun/integTest/temp/junit4-J0-20160329_172724_554.suites -stdin"/>
      <property name="sun.java.launcher" value="SUN_STANDARD"/>
      <property name="sun.jnu.encoding" value="UTF-8"/>
      <property name="sun.management.compiler" value="HotSpot 64-Bit Tiered Compilers"/>
      <property name="sun.os.patch.level" value="unknown"/>
      <property name="tests.artifact" value="core"/>
      <property name="tests.ifNoTests" value="fail"/>
      <property name="tests.maven" value="true"/>
      <property name="tests.prefix" value="tests"/>
      <property name="tests.security.manager" value="true"/>
      <property name="tests.seed" value="4AA6DECDBC490785"/>
      <property name="tests.task" value=":core:integTest"/>
      <property name="user.country" value="US"/>
      <property name="user.dir" value="/Users/ogbonnayacngwu/CSE2410_spring2016_projectileDysfunction/core/build/testrun/integTest/J0"/>
      <property name="user.home" value="/Users/ogbonnayacngwu"/>
      <property name="user.language" value="en"/>
      <property name="user.name" value="ogbonnayacngwu"/>
      <property name="user.timezone" value="America/New_York"/>
   </properties>
   <testcase classname="org.elasticsearch.indices.state.RareClusterStateIT" name="testDelayedMappingPropagationOnPrimary" time="3.264"/>
   <testcase classname="org.elasticsearch.indices.state.RareClusterStateIT" name="testAssignmentWithJustAddedNodes" time="3.121"/>
   <testcase classname="org.elasticsearch.indices.state.RareClusterStateIT" name="testDeleteCreateInOneBulk" time="0.0">
      <skipped></skipped>
   </testcase>
   <testcase classname="org.elasticsearch.indices.state.RareClusterStateIT" name="testDelayedMappingPropagationOnReplica" time="3.33"/>
   <testcase classname="org.elasticsearch.indices.state.RareClusterStateIT" name="testUnassignedShardAndEmptyNodesInRoutingTable" time="3.097"/>
   <system-out><![CDATA[[2016-03-29 17:31:34,517][WARN ][org.elasticsearch.discovery.zen.publish] [node_t1] timed out waiting for all nodes to process published state [1] (timeout [0s], pending nodes: [{node_t0}{kynkvpK2TWWSCUbJHXMxTQ}{127.0.0.1}{127.0.0.1:9400}[mode=>network]])
[2016-03-29 17:31:34,521][WARN ][org.elasticsearch.discovery.zen.publish] [node_t1] timed out waiting for all nodes to process published state [2] (timeout [0s], pending nodes: [{node_t0}{kynkvpK2TWWSCUbJHXMxTQ}{127.0.0.1}{127.0.0.1:9400}[mode=>network]])
[2016-03-29 17:31:34,526][WARN ][org.elasticsearch.discovery.zen.publish] [node_t1] timed out waiting for all nodes to process published state [3] (timeout [0s], pending nodes: [{node_t0}{kynkvpK2TWWSCUbJHXMxTQ}{127.0.0.1}{127.0.0.1:9400}[mode=>network]])
[2016-03-29 17:31:34,536][WARN ][org.elasticsearch.discovery.zen.publish] [node_t1] timed out waiting for all nodes to process published state [4] (timeout [0s], pending nodes: [{node_t0}{kynkvpK2TWWSCUbJHXMxTQ}{127.0.0.1}{127.0.0.1:9400}[mode=>network]])
[2016-03-29 17:31:34,549][WARN ][org.elasticsearch.discovery.zen.publish] [node_t1] timed out waiting for all nodes to process published state [5] (timeout [0s], pending nodes: [{node_t0}{kynkvpK2TWWSCUbJHXMxTQ}{127.0.0.1}{127.0.0.1:9400}[mode=>network]])
[2016-03-29 17:31:34,665][WARN ][org.elasticsearch.discovery.zen.publish] [node_t1] timed out waiting for all nodes to process published state [6] (timeout [0s], pending nodes: [{node_t0}{kynkvpK2TWWSCUbJHXMxTQ}{127.0.0.1}{127.0.0.1:9400}[mode=>network]])
[2016-03-29 17:31:34,719][DEBUG][org.elasticsearch.gateway] [node_t0] using initial_shards [quorum]
[2016-03-29 17:31:34,728][DEBUG][org.elasticsearch.gateway] [node_t0] took 0s to load state
[2016-03-29 17:31:37,750][TRACE][org.elasticsearch.gateway] [node_t0] performing state recovery from [F90stmovSQOT8S4hhjdDzA]
[2016-03-29 17:31:37,751][TRACE][org.elasticsearch.gateway] [node_t0] successful state recovery, importing cluster state...
[2016-03-29 17:31:37,751][TRACE][org.elasticsearch.gateway] [node_t0] [_global] writing state, reason [changed]
[2016-03-29 17:31:37,753][INFO ][org.elasticsearch.gateway] [node_t0] recovered [0] indices into cluster_state
[2016-03-29 17:31:37,758][TRACE][org.elasticsearch.gateway] [node_t0] [index] writing state, reason [freshly created]
[2016-03-29 17:31:37,765][TRACE][org.elasticsearch.gateway] [node_t0] [index] writing state, reason [version changed from [1] to [2]]
[2016-03-29 17:31:37,767][TRACE][org.elasticsearch.gateway] [node_t0] [index] writing state, reason [version changed from [2] to [3]]
[2016-03-29 17:31:37,770][TRACE][org.elasticsearch.gateway] [node_t0] [index][0] fetching [shard_started] from [_non_existent, F90stmovSQOT8S4hhjdDzA]
[2016-03-29 17:31:37,770][DEBUG][org.elasticsearch.gateway] [node_t0] failed to execute on node [_non_existent]
NoSuchNodeException[No such node [_non_existent]]
	at org.elasticsearch.action.support.nodes.TransportNodesAction$AsyncAction.start(TransportNodesAction.java:156)
	at org.elasticsearch.action.support.nodes.TransportNodesAction$AsyncAction.access$100(TransportNodesAction.java:109)
	at org.elasticsearch.action.support.nodes.TransportNodesAction.doExecute(TransportNodesAction.java:83)
	at org.elasticsearch.action.support.nodes.TransportNodesAction.doExecute(TransportNodesAction.java:53)
	at org.elasticsearch.action.support.TransportAction.execute(TransportAction.java:101)
	at org.elasticsearch.action.support.TransportAction.execute(TransportAction.java:74)
	at org.elasticsearch.gateway.TransportNodesListGatewayStartedShards.list(TransportNodesListGatewayStartedShards.java:78)
	at org.elasticsearch.gateway.AsyncShardFetch.asyncFetch(AsyncShardFetch.java:274)
	at org.elasticsearch.gateway.AsyncShardFetch.fetchData(AsyncShardFetch.java:124)
	at org.elasticsearch.gateway.GatewayAllocator$InternalPrimaryShardAllocator.fetchData(GatewayAllocator.java:156)
	at org.elasticsearch.gateway.PrimaryShardAllocator.allocateUnassigned(PrimaryShardAllocator.java:100)
	at org.elasticsearch.gateway.GatewayAllocator.allocateUnassigned(GatewayAllocator.java:120)
	at org.elasticsearch.cluster.routing.allocation.allocator.ShardsAllocators.allocateUnassigned(ShardsAllocators.java:72)
	at org.elasticsearch.cluster.routing.allocation.AllocationService.reroute(AllocationService.java:309)
	at org.elasticsearch.cluster.routing.allocation.AllocationService.reroute(AllocationService.java:273)
	at org.elasticsearch.cluster.routing.allocation.AllocationService.reroute(AllocationService.java:259)
	at org.elasticsearch.indices.state.RareClusterStateIT$1.execute(RareClusterStateIT.java:138)
	at org.elasticsearch.cluster.ClusterStateUpdateTask.execute(ClusterStateUpdateTask.java:45)
	at org.elasticsearch.cluster.service.InternalClusterService.runTasksForExecutor(InternalClusterService.java:447)
	at org.elasticsearch.cluster.service.InternalClusterService$UpdateTask.run(InternalClusterService.java:761)
	at org.elasticsearch.common.util.concurrent.PrioritizedEsThreadPoolExecutor$TieBreakingPrioritizedRunnable.runAndClean(PrioritizedEsThreadPoolExecutor.java:231)
	at org.elasticsearch.common.util.concurrent.PrioritizedEsThreadPoolExecutor$TieBreakingPrioritizedRunnable.run(PrioritizedEsThreadPoolExecutor.java:194)
	at java.util.concurrent.ThreadPoolExecutor.runWorker(ThreadPoolExecutor.java:1142)
	at java.util.concurrent.ThreadPoolExecutor$Worker.run(ThreadPoolExecutor.java:617)
	at java.lang.Thread.run(Thread.java:745)
[2016-03-29 17:31:37,771][TRACE][org.elasticsearch.gateway] [node_t0] [index][0], node[null], [P], v[0], s[UNASSIGNED], unassigned_info[[reason=CLUSTER_RECOVERED], at[2016-03-29T21:31:37.770Z]]: ignoring allocation, still fetching shard started state
[2016-03-29 17:31:37,771][TRACE][org.elasticsearch.gateway] [node_t0] [index][0] loading local shard state info
[2016-03-29 17:31:37,771][TRACE][org.elasticsearch.gateway] [node_t0] found state file: [id:0, legacy:false, file:/Users/ogbonnayacngwu/CSE2410_spring2016_projectileDysfunction/core/build/testrun/integTest/J0/temp/org.elasticsearch.indices.state.RareClusterStateIT_4AA6DECDBC490785-001/tempDir-002/data/TEST-CHILD_VM=[0]-CLUSTER_SEED=[3014619954943021678]-HASH=[14406DE187EA8AC8]-cluster/nodes/0/indices/index/0/_state/state-0.st]
[2016-03-29 17:31:37,771][WARN ][org.elasticsearch.cluster.service] [node_t0] failed to connect to node [{_non_existent}{dummy}{_dummy_addr_}]
ConnectTransportException[[][_dummy_addr_] general node connection failure]; nested: ClassCastException[org.elasticsearch.common.transport.DummyTransportAddress cannot be cast to org.elasticsearch.common.transport.InetSocketTransportAddress];
	at org.elasticsearch.transport.netty.NettyTransport.connectToNode(NettyTransport.java:939)
	at org.elasticsearch.transport.netty.NettyTransport.connectToNode(NettyTransport.java:895)
	at org.elasticsearch.transport.TransportService.connectToNode(TransportService.java:235)
	at org.elasticsearch.cluster.service.InternalClusterService.runTasksForExecutor(InternalClusterService.java:561)
	at org.elasticsearch.cluster.service.InternalClusterService$UpdateTask.run(InternalClusterService.java:761)
	at org.elasticsearch.common.util.concurrent.PrioritizedEsThreadPoolExecutor$TieBreakingPrioritizedRunnable.runAndClean(PrioritizedEsThreadPoolExecutor.java:231)
	at org.elasticsearch.common.util.concurrent.PrioritizedEsThreadPoolExecutor$TieBreakingPrioritizedRunnable.run(PrioritizedEsThreadPoolExecutor.java:194)
	at java.util.concurrent.ThreadPoolExecutor.runWorker(ThreadPoolExecutor.java:1142)
	at java.util.concurrent.ThreadPoolExecutor$Worker.run(ThreadPoolExecutor.java:617)
	at java.lang.Thread.run(Thread.java:745)
Caused by: java.lang.ClassCastException: org.elasticsearch.common.transport.DummyTransportAddress cannot be cast to org.elasticsearch.common.transport.InetSocketTransportAddress
	at org.elasticsearch.transport.netty.NettyTransport.connectToChannels(NettyTransport.java:968)
	at org.elasticsearch.transport.netty.NettyTransport.connectToNode(NettyTransport.java:922)
	... 9 more
[2016-03-29 17:31:37,772][TRACE][org.elasticsearch.gateway] [node_t0] state id [0] read from [state-0.st]
[2016-03-29 17:31:37,773][TRACE][org.elasticsearch.gateway] [node_t0] found state file: [id:0, legacy:false, file:/Users/ogbonnayacngwu/CSE2410_spring2016_projectileDysfunction/core/build/testrun/integTest/J0/temp/org.elasticsearch.indices.state.RareClusterStateIT_4AA6DECDBC490785-001/tempDir-002/data/TEST-CHILD_VM=[0]-CLUSTER_SEED=[3014619954943021678]-HASH=[14406DE187EA8AC8]-cluster/nodes/0/indices/index/0/_state/state-0.st]
[2016-03-29 17:31:37,773][TRACE][org.elasticsearch.gateway] [node_t0] [index] writing state, reason [version changed from [3] to [4]]
[2016-03-29 17:31:37,773][TRACE][org.elasticsearch.gateway] [node_t0] state id [0] read from [state-0.st]
[2016-03-29 17:31:37,773][DEBUG][org.elasticsearch.gateway] [node_t0] [index][0] loaded data path [/Users/ogbonnayacngwu/CSE2410_spring2016_projectileDysfunction/core/build/testrun/integTest/J0/temp/org.elasticsearch.indices.state.RareClusterStateIT_4AA6DECDBC490785-001/tempDir-002/data/TEST-CHILD_VM=[0]-CLUSTER_SEED=[3014619954943021678]-HASH=[14406DE187EA8AC8]-cluster/nodes/0/indices/index/0], state path [/Users/ogbonnayacngwu/CSE2410_spring2016_projectileDysfunction/core/build/testrun/integTest/J0/temp/org.elasticsearch.indices.state.RareClusterStateIT_4AA6DECDBC490785-001/tempDir-002/data/TEST-CHILD_VM=[0]-CLUSTER_SEED=[3014619954943021678]-HASH=[14406DE187EA8AC8]-cluster/nodes/0/indices/index/0]
[2016-03-29 17:31:37,774][DEBUG][org.elasticsearch.gateway] [node_t0] [index][0] shard state info found: [version [2], primary [true], allocation [[id=H0o8UjRKQZyUba2N41k0kA]]]
[2016-03-29 17:31:37,774][TRACE][org.elasticsearch.gateway] [node_t0] [index][0] processing fetched [shard_started] results
[2016-03-29 17:31:37,774][TRACE][org.elasticsearch.gateway] [node_t0] [index][0] marking F90stmovSQOT8S4hhjdDzA as done for [shard_started]
[2016-03-29 17:31:37,774][TRACE][org.elasticsearch.gateway] [node_t0] [index][0] processing failure FailedNodeException[Failed node [_non_existent]]; nested: NoSuchNodeException[No such node [_non_existent]]; for [shard_started]
[2016-03-29 17:31:37,774][WARN ][org.elasticsearch.gateway] [node_t0] [index][0]: failed to list shard for shard_started on node [_non_existent]
FailedNodeException[Failed node [_non_existent]]; nested: NoSuchNodeException[No such node [_non_existent]];
	at org.elasticsearch.action.support.nodes.TransportNodesAction$AsyncAction.onFailure(TransportNodesAction.java:208)
	at org.elasticsearch.action.support.nodes.TransportNodesAction$AsyncAction.start(TransportNodesAction.java:156)
	at org.elasticsearch.action.support.nodes.TransportNodesAction$AsyncAction.access$100(TransportNodesAction.java:109)
	at org.elasticsearch.action.support.nodes.TransportNodesAction.doExecute(TransportNodesAction.java:83)
	at org.elasticsearch.action.support.nodes.TransportNodesAction.doExecute(TransportNodesAction.java:53)
	at org.elasticsearch.action.support.TransportAction.execute(TransportAction.java:101)
	at org.elasticsearch.action.support.TransportAction.execute(TransportAction.java:74)
	at org.elasticsearch.gateway.TransportNodesListGatewayStartedShards.list(TransportNodesListGatewayStartedShards.java:78)
	at org.elasticsearch.gateway.AsyncShardFetch.asyncFetch(AsyncShardFetch.java:274)
	at org.elasticsearch.gateway.AsyncShardFetch.fetchData(AsyncShardFetch.java:124)
	at org.elasticsearch.gateway.GatewayAllocator$InternalPrimaryShardAllocator.fetchData(GatewayAllocator.java:156)
	at org.elasticsearch.gateway.PrimaryShardAllocator.allocateUnassigned(PrimaryShardAllocator.java:100)
	at org.elasticsearch.gateway.GatewayAllocator.allocateUnassigned(GatewayAllocator.java:120)
	at org.elasticsearch.cluster.routing.allocation.allocator.ShardsAllocators.allocateUnassigned(ShardsAllocators.java:72)
	at org.elasticsearch.cluster.routing.allocation.AllocationService.reroute(AllocationService.java:309)
	at org.elasticsearch.cluster.routing.allocation.AllocationService.reroute(AllocationService.java:273)
	at org.elasticsearch.cluster.routing.allocation.AllocationService.reroute(AllocationService.java:259)
	at org.elasticsearch.indices.state.RareClusterStateIT$1.execute(RareClusterStateIT.java:138)
	at org.elasticsearch.cluster.ClusterStateUpdateTask.execute(ClusterStateUpdateTask.java:45)
	at org.elasticsearch.cluster.service.InternalClusterService.runTasksForExecutor(InternalClusterService.java:447)
	at org.elasticsearch.cluster.service.InternalClusterService$UpdateTask.run(InternalClusterService.java:761)
	at org.elasticsearch.common.util.concurrent.PrioritizedEsThreadPoolExecutor$TieBreakingPrioritizedRunnable.runAndClean(PrioritizedEsThreadPoolExecutor.java:231)
	at org.elasticsearch.common.util.concurrent.PrioritizedEsThreadPoolExecutor$TieBreakingPrioritizedRunnable.run(PrioritizedEsThreadPoolExecutor.java:194)
	at java.util.concurrent.ThreadPoolExecutor.runWorker(ThreadPoolExecutor.java:1142)
	at java.util.concurrent.ThreadPoolExecutor$Worker.run(ThreadPoolExecutor.java:617)
	at java.lang.Thread.run(Thread.java:745)
Caused by: NoSuchNodeException[No such node [_non_existent]]
	... 25 more
[2016-03-29 17:31:37,774][TRACE][org.elasticsearch.gateway] [node_t0] [index][0] scheduling reroute for post_response
[2016-03-29 17:31:37,775][TRACE][org.elasticsearch.gateway] [node_t0] [[index][0], node[null], [P], v[0], s[UNASSIGNED], unassigned_info[[reason=CLUSTER_RECOVERED], at[2016-03-29T21:31:37.770Z]]] on node [{node_t0}{F90stmovSQOT8S4hhjdDzA}{127.0.0.1}{127.0.0.1:9420}[mode=>network]] has allocation id [H0o8UjRKQZyUba2N41k0kA] of shard
[2016-03-29 17:31:37,775][TRACE][org.elasticsearch.gateway] [node_t0] [index][0], node[null], [P], v[0], s[UNASSIGNED], unassigned_info[[reason=CLUSTER_RECOVERED], at[2016-03-29T21:31:37.770Z]] candidates for allocation: node_t0
[2016-03-29 17:31:37,775][DEBUG][org.elasticsearch.gateway] [node_t0] [index][0]: found 1 allocations of [index][0], node[null], [P], v[0], s[UNASSIGNED], unassigned_info[[reason=CLUSTER_RECOVERED], at[2016-03-29T21:31:37.770Z]] based on allocation ids: [[H0o8UjRKQZyUba2N41k0kA]]
[2016-03-29 17:31:37,775][DEBUG][org.elasticsearch.gateway] [node_t0] [index][0]: allocating [[index][0], node[null], [P], v[0], s[UNASSIGNED], unassigned_info[[reason=CLUSTER_RECOVERED], at[2016-03-29T21:31:37.770Z]]] to [{node_t0}{F90stmovSQOT8S4hhjdDzA}{127.0.0.1}{127.0.0.1:9420}[mode=>network]] on primary allocation
[2016-03-29 17:31:37,783][TRACE][org.elasticsearch.gateway] [node_t0] [index] writing state, reason [version changed from [4] to [5]]
]]></system-out>
   <system-err><![CDATA[]]></system-err>
</testsuite>