<testsuite errors="0" failures="0" tests="5" skipped="0" name="org.elasticsearch.indices.store.IndicesStoreIntegrationIT" hostname="nohost.nodomain" time="31.135" timestamp="2016-04-18T03:03:20">
   <properties class="java.util.ArrayList">
      <property name="awt.toolkit" value="sun.lwawt.macosx.LWCToolkit"/>
      <property name="es.logger.level" value="WARN"/>
      <property name="file.encoding" value="UTF-8"/>
      <property name="file.encoding.pkg" value="sun.io"/>
      <property name="file.separator" value="/"/>
      <property name="ftp.nonProxyHosts" value="local|*.local|169.254/16|*.169.254/16"/>
      <property name="gopherProxySet" value="false"/>
      <property name="http.nonProxyHosts" value="local|*.local|169.254/16|*.169.254/16"/>
      <property name="java.awt.graphicsenv" value="sun.awt.CGraphicsEnvironment"/>
      <property name="java.awt.headless" value="true"/>
      <property name="java.awt.printerjob" value="sun.lwawt.macosx.CPrinterJob"/>
      <property name="java.class.path" value="/Users/lwiskowski/CSE2410_spring2016_projectileDysfunction/core/build/classes/test:/Users/lwiskowski/CSE2410_spring2016_projectileDysfunction/core/build/resources/test:/Users/lwiskowski/CSE2410_spring2016_projectileDysfunction/core/build/classes/main:/Users/lwiskowski/CSE2410_spring2016_projectileDysfunction/core/build/resources/main:/Users/lwiskowski/.gradle/caches/modules-2/files-2.1/org.apache.lucene/lucene-core/5.5.0-snapshot-1721183/f6854c65c7f4c6d9de583f4daa4fd3ae8a3800f1/lucene-core-5.5.0-snapshot-1721183.jar:/Users/lwiskowski/.gradle/caches/modules-2/files-2.1/org.apache.lucene/lucene-analyzers-common/5.5.0-snapshot-1721183/69e187ef1d2d9c9570363eb4186821e0341df5b8/lucene-analyzers-common-5.5.0-snapshot-1721183.jar:/Users/lwiskowski/.gradle/caches/modules-2/files-2.1/org.apache.lucene/lucene-backward-codecs/5.5.0-snapshot-1721183/fa00a45ff9bc6a4df44db81f2e4e44ea94bf88e/lucene-backward-codecs-5.5.0-snapshot-1721183.jar:/Users/lwiskowski/.gradle/caches/modules-2/files-2.1/org.apache.lucene/lucene-grouping/5.5.0-snapshot-1721183/e996e6c723eb415ba2cfa7f5e98bbf194a4918dd/lucene-grouping-5.5.0-snapshot-1721183.jar:/Users/lwiskowski/.gradle/caches/modules-2/files-2.1/org.apache.lucene/lucene-highlighter/5.5.0-snapshot-1721183/3b7a5d97b10885f16eb53deb15d64c942b9f9fdb/lucene-highlighter-5.5.0-snapshot-1721183.jar:/Users/lwiskowski/.gradle/caches/modules-2/files-2.1/org.apache.lucene/lucene-join/5.5.0-snapshot-1721183/e4dda3eeb76e340aa4713a3b20d68c4a1504e505/lucene-join-5.5.0-snapshot-1721183.jar:/Users/lwiskowski/.gradle/caches/modules-2/files-2.1/org.apache.lucene/lucene-memory/5.5.0-snapshot-1721183/800442a5d7612ce4c8748831871b4d436a50554e/lucene-memory-5.5.0-snapshot-1721183.jar:/Users/lwiskowski/.gradle/caches/modules-2/files-2.1/org.apache.lucene/lucene-misc/5.5.0-snapshot-1721183/bdf184de9b5773c7af3ae908af78eeb1e512470c/lucene-misc-5.5.0-snapshot-1721183.jar:/Users/lwiskowski/.gradle/caches/modules-2/files-2.1/org.apache.lucene/lucene-queries/5.5.0-snapshot-1721183/fc59de52bd2c7e420edfd235723cb8b0dd44e92d/lucene-queries-5.5.0-snapshot-1721183.jar:/Users/lwiskowski/.gradle/caches/modules-2/files-2.1/org.apache.lucene/lucene-queryparser/5.5.0-snapshot-1721183/1d341e6a4f11f3170773ccffdbe6815b45967e3d/lucene-queryparser-5.5.0-snapshot-1721183.jar:/Users/lwiskowski/.gradle/caches/modules-2/files-2.1/org.apache.lucene/lucene-sandbox/5.5.0-snapshot-1721183/a1b02c2b595ac92f45f0d2be03841a3a7fcae1f1/lucene-sandbox-5.5.0-snapshot-1721183.jar:/Users/lwiskowski/.gradle/caches/modules-2/files-2.1/org.apache.lucene/lucene-spatial/5.5.0-snapshot-1721183/e3ea422b56734329fb6974e9cf9f66478adb5793/lucene-spatial-5.5.0-snapshot-1721183.jar:/Users/lwiskowski/.gradle/caches/modules-2/files-2.1/org.apache.lucene/lucene-spatial3d/5.5.0-snapshot-1721183/5eadbd4e63120b59ab6445e39489205f98420471/lucene-spatial3d-5.5.0-snapshot-1721183.jar:/Users/lwiskowski/.gradle/caches/modules-2/files-2.1/org.apache.lucene/lucene-suggest/5.5.0-snapshot-1721183/a336287e65d082535f02a8427666dbe46b1b9b74/lucene-suggest-5.5.0-snapshot-1721183.jar:/Users/lwiskowski/.gradle/caches/modules-2/files-2.1/org.elasticsearch/securesm/1.0/c0c6cf986ba0057390bfcc80c366a0e3157f944b/securesm-1.0.jar:/Users/lwiskowski/.gradle/caches/modules-2/files-2.1/commons-cli/commons-cli/1.3.1/1303efbc4b181e5a58bf2e967dc156a3132b97c0/commons-cli-1.3.1.jar:/Users/lwiskowski/.gradle/caches/modules-2/files-2.1/com.carrotsearch/hppc/0.7.1/8b5057f74ea378c0150a1860874a3ebdcb713767/hppc-0.7.1.jar:/Users/lwiskowski/.gradle/caches/modules-2/files-2.1/joda-time/joda-time/2.8.2/d27c24204c5e507b16fec01006b3d0f1ec42aed4/joda-time-2.8.2.jar:/Users/lwiskowski/.gradle/caches/modules-2/files-2.1/org.joda/joda-convert/1.2/35ec554f0cd00c956cc69051514d9488b1374dec/joda-convert-1.2.jar:/Users/lwiskowski/.gradle/caches/modules-2/files-2.1/com.fasterxml.jackson.core/jackson-core/2.6.2/123f29333b2c6b3516b14252b6e93226bfcd6e37/jackson-core-2.6.2.jar:/Users/lwiskowski/.gradle/caches/modules-2/files-2.1/com.fasterxml.jackson.dataformat/jackson-dataformat-smile/2.6.2/395d18c1a1dd730b8026ee59c4067e5d2b45ba6e/jackson-dataformat-smile-2.6.2.jar:/Users/lwiskowski/.gradle/caches/modules-2/files-2.1/com.fasterxml.jackson.dataformat/jackson-dataformat-yaml/2.6.2/4ae23088dd3fae47c66843f2e4251d7255ee140e/jackson-dataformat-yaml-2.6.2.jar:/Users/lwiskowski/.gradle/caches/modules-2/files-2.1/com.fasterxml.jackson.dataformat/jackson-dataformat-cbor/2.6.2/1e13c575f914c83761bb8e2aca7dfd9e4c647579/jackson-dataformat-cbor-2.6.2.jar:/Users/lwiskowski/.gradle/caches/modules-2/files-2.1/io.netty/netty/3.10.5.Final/9ca7d55d246092bddd29b867706e2f6c7db701a0/netty-3.10.5.Final.jar:/Users/lwiskowski/.gradle/caches/modules-2/files-2.1/com.tdunning/t-digest/3.0/84ccf145ac2215e6bfa63baa3101c0af41017cfc/t-digest-3.0.jar:/Users/lwiskowski/.gradle/caches/modules-2/files-2.1/org.hdrhistogram/HdrHistogram/2.1.6/7495feb7f71ee124bd2a7e7d83590e296d71d80e/HdrHistogram-2.1.6.jar:/Users/lwiskowski/.gradle/caches/modules-2/files-2.1/com.spatial4j/spatial4j/0.5/6e16edaf6b1ba76db7f08c2f3723fce3b358ecc3/spatial4j-0.5.jar:/Users/lwiskowski/.gradle/caches/modules-2/files-2.1/com.vividsolutions/jts/1.13/3ccfb9b60f04d71add996a666ceb8902904fd805/jts-1.13.jar:/Users/lwiskowski/.gradle/caches/modules-2/files-2.1/log4j/log4j/1.2.17/5af35056b4d257e4b64b9e8069c0746e8b08629f/log4j-1.2.17.jar:/Users/lwiskowski/.gradle/caches/modules-2/files-2.1/log4j/apache-log4j-extras/1.2.17/85863614d82185d7e51fe21c00aa9117a523a8b6/apache-log4j-extras-1.2.17.jar:/Users/lwiskowski/.gradle/caches/modules-2/files-2.1/org.slf4j/slf4j-api/1.6.2/8619e95939167fb37245b5670135e4feb0ec7d50/slf4j-api-1.6.2.jar:/Users/lwiskowski/.gradle/caches/modules-2/files-2.1/net.java.dev.jna/jna/4.1.0/1c12d070e602efd8021891cdd7fd18bc129372d4/jna-4.1.0.jar:/Users/lwiskowski/CSE2410_spring2016_projectileDysfunction/test/framework/build/libs/framework-3.0.0-SNAPSHOT.jar:/Users/lwiskowski/.gradle/caches/modules-2/files-2.1/com.carrotsearch.randomizedtesting/randomizedtesting-runner/2.3.2/307965917fe8a22b7ee72deba39ef4b8e6ebc069/randomizedtesting-runner-2.3.2.jar:/Users/lwiskowski/.gradle/caches/modules-2/files-2.1/junit/junit/4.11/4e031bb61df09069aeb2bffb4019e7a5034a4ee0/junit-4.11.jar:/Users/lwiskowski/.gradle/caches/modules-2/files-2.1/org.hamcrest/hamcrest-all/1.3/63a21ebc981131004ad02e0434e799fd7f3a8d5a/hamcrest-all-1.3.jar:/Users/lwiskowski/.gradle/caches/modules-2/files-2.1/org.apache.lucene/lucene-test-framework/5.5.0-snapshot-1721183/a8d851d0ad82182b3a02f4b30c336e7aa0e173cb/lucene-test-framework-5.5.0-snapshot-1721183.jar:/Users/lwiskowski/.gradle/caches/modules-2/files-2.1/org.apache.lucene/lucene-codecs/5.5.0-snapshot-1721183/8aa59442b028c7a2c1a516accb6142a8910ba5fc/lucene-codecs-5.5.0-snapshot-1721183.jar:/Users/lwiskowski/.gradle/caches/modules-2/files-2.1/org.apache.httpcomponents/httpclient/4.3.6/4c47155e3e6c9a41a28db36680b828ced53b8af4/httpclient-4.3.6.jar:/Users/lwiskowski/.gradle/caches/modules-2/files-2.1/org.apache.httpcomponents/httpcore/4.3.3/f91b7a4aadc5cf486df6e4634748d7dd7a73f06d/httpcore-4.3.3.jar:/Users/lwiskowski/.gradle/caches/modules-2/files-2.1/commons-logging/commons-logging/1.1.3/f6f66e966c70a83ffbdb6f17a0919eaf7c8aca7f/commons-logging-1.1.3.jar:/Users/lwiskowski/.gradle/caches/modules-2/files-2.1/commons-codec/commons-codec/1.10/4b95f4897fa13f2cd904aee711aeafc0c5295cd8/commons-codec-1.10.jar:/Users/lwiskowski/.gradle/caches/modules-2/files-2.1/org.elasticsearch/securemock/1.2/98201d4ad5ac93f6b415ae9172d52b5e7cda490e/securemock-1.2.jar:/Users/lwiskowski/.gradle/caches/modules-2/files-2.1/com.carrotsearch.randomizedtesting/junit4-ant/2.3.2/dc8f03f6111974092491f35b8269eb0fc57f52f7/junit4-ant-2.3.2.jar"/>
      <property name="java.class.version" value="52.0"/>
      <property name="java.endorsed.dirs" value="/Library/Java/JavaVirtualMachines/jdk1.8.0_71.jdk/Contents/Home/jre/lib/endorsed"/>
      <property name="java.ext.dirs" value="/Users/lwiskowski/Library/Java/Extensions:/Library/Java/JavaVirtualMachines/jdk1.8.0_71.jdk/Contents/Home/jre/lib/ext:/Library/Java/Extensions:/Network/Library/Java/Extensions:/System/Library/Java/Extensions:/usr/lib/java"/>
      <property name="java.home" value="/Library/Java/JavaVirtualMachines/jdk1.8.0_71.jdk/Contents/Home/jre"/>
      <property name="java.io.tmpdir" value="./temp"/>
      <property name="java.library.path" value="/Users/lwiskowski/Library/Java/Extensions:/Library/Java/Extensions:/Network/Library/Java/Extensions:/System/Library/Java/Extensions:/usr/lib/java:."/>
      <property name="java.runtime.name" value="Java(TM) SE Runtime Environment"/>
      <property name="java.runtime.version" value="1.8.0_71-b15"/>
      <property name="java.specification.name" value="Java Platform API Specification"/>
      <property name="java.specification.vendor" value="Oracle Corporation"/>
      <property name="java.specification.version" value="1.8"/>
      <property name="java.vendor" value="Oracle Corporation"/>
      <property name="java.vendor.url" value="http://java.oracle.com/"/>
      <property name="java.vendor.url.bug" value="http://bugreport.sun.com/bugreport/"/>
      <property name="java.version" value="1.8.0_71"/>
      <property name="java.vm.info" value="mixed mode"/>
      <property name="java.vm.name" value="Java HotSpot(TM) 64-Bit Server VM"/>
      <property name="java.vm.specification.name" value="Java Virtual Machine Specification"/>
      <property name="java.vm.specification.vendor" value="Oracle Corporation"/>
      <property name="java.vm.specification.version" value="1.8"/>
      <property name="java.vm.vendor" value="Oracle Corporation"/>
      <property name="java.vm.version" value="25.71-b15"/>
      <property name="junit4.childvm.count" value="4"/>
      <property name="junit4.childvm.cwd" value="/Users/lwiskowski/CSE2410_spring2016_projectileDysfunction/core/build/testrun/integTest/J3"/>
      <property name="junit4.childvm.id" value="3"/>
      <property name="junit4.memory.total" value="514850816"/>
      <property name="junit4.pidString" value="3685@host238-95.aruba.fit.edu"/>
      <property name="junit4.processors" value="8"/>
      <property name="line.separator" value="
"/>
      <property name="os.arch" value="x86_64"/>
      <property name="os.name" value="Mac OS X"/>
      <property name="os.version" value="10.11.4"/>
      <property name="path.separator" value=":"/>
      <property name="socksNonProxyHosts" value="local|*.local|169.254/16|*.169.254/16"/>
      <property name="sun.arch.data.model" value="64"/>
      <property name="sun.boot.class.path" value="/Library/Java/JavaVirtualMachines/jdk1.8.0_71.jdk/Contents/Home/jre/lib/resources.jar:/Library/Java/JavaVirtualMachines/jdk1.8.0_71.jdk/Contents/Home/jre/lib/rt.jar:/Library/Java/JavaVirtualMachines/jdk1.8.0_71.jdk/Contents/Home/jre/lib/sunrsasign.jar:/Library/Java/JavaVirtualMachines/jdk1.8.0_71.jdk/Contents/Home/jre/lib/jsse.jar:/Library/Java/JavaVirtualMachines/jdk1.8.0_71.jdk/Contents/Home/jre/lib/jce.jar:/Library/Java/JavaVirtualMachines/jdk1.8.0_71.jdk/Contents/Home/jre/lib/charsets.jar:/Library/Java/JavaVirtualMachines/jdk1.8.0_71.jdk/Contents/Home/jre/lib/jfr.jar:/Library/Java/JavaVirtualMachines/jdk1.8.0_71.jdk/Contents/Home/jre/classes"/>
      <property name="sun.boot.library.path" value="/Library/Java/JavaVirtualMachines/jdk1.8.0_71.jdk/Contents/Home/jre/lib"/>
      <property name="sun.cpu.endian" value="little"/>
      <property name="sun.cpu.isalist" value=""/>
      <property name="sun.io.unicode.encoding" value="UnicodeBig"/>
      <property name="sun.java.command" value="com.carrotsearch.ant.tasks.junit4.slave.SlaveMainSafe -eventsfile /Users/lwiskowski/CSE2410_spring2016_projectileDysfunction/core/build/testrun/integTest/temp/junit4-J3-20160418_030118_671.events @/Users/lwiskowski/CSE2410_spring2016_projectileDysfunction/core/build/testrun/integTest/temp/junit4-J3-20160418_030118_671.suites -stdin"/>
      <property name="sun.java.launcher" value="SUN_STANDARD"/>
      <property name="sun.jnu.encoding" value="UTF-8"/>
      <property name="sun.management.compiler" value="HotSpot 64-Bit Tiered Compilers"/>
      <property name="sun.os.patch.level" value="unknown"/>
      <property name="tests.artifact" value="core"/>
      <property name="tests.ifNoTests" value="fail"/>
      <property name="tests.maven" value="true"/>
      <property name="tests.prefix" value="tests"/>
      <property name="tests.security.manager" value="true"/>
      <property name="tests.seed" value="AF876320E2D19F69"/>
      <property name="tests.task" value=":core:integTest"/>
      <property name="user.country" value="US"/>
      <property name="user.dir" value="/Users/lwiskowski/CSE2410_spring2016_projectileDysfunction/core/build/testrun/integTest/J3"/>
      <property name="user.home" value="/Users/lwiskowski"/>
      <property name="user.language" value="en"/>
      <property name="user.name" value="lwiskowski"/>
      <property name="user.timezone" value=""/>
   </properties>
   <testcase classname="org.elasticsearch.indices.store.IndicesStoreIntegrationIT" name="testShardActiveElseWhere" time="30.251"/>
   <testcase classname="org.elasticsearch.indices.store.IndicesStoreIntegrationIT" name="testShardsCleanup" time="0.166"/>
   <testcase classname="org.elasticsearch.indices.store.IndicesStoreIntegrationIT" name="testShardActiveElsewhereDoesNotDeleteAnother" time="0.37"/>
   <testcase classname="org.elasticsearch.indices.store.IndicesStoreIntegrationIT" name="testShardCleanupIfShardDeletionAfterRelocationFailedAndIndexDeleted" time="0.13"/>
   <testcase classname="org.elasticsearch.indices.store.IndicesStoreIntegrationIT" name="testIndexCleanup" time="0.188"/>
   <system-out><![CDATA[[2016-04-18 03:03:50,794][TRACE][org.elasticsearch.cluster.service] [node_t0] will process [local-disco-initial_connect(master)]
[2016-04-18 03:03:50,794][DEBUG][org.elasticsearch.cluster.service] [node_t0] processing [local-disco-initial_connect(master)]: execute
[2016-04-18 03:03:50,794][TRACE][org.elasticsearch.cluster.service] [node_t0] cluster state updated, source [local-disco-initial_connect(master)]
version: 1
state uuid: 5ejf30w_TtGDg0Utnh7Wxg
from_diff: false
meta data version: 0
blocks: 
   _global_:
      1,state not recovered / initialized, blocks READ,WRITE,METADATA_READ,METADATA_WRITE
nodes: 
   {node_t0}{QrGQ9LkSSwKjg5hFzloMFw}{local}{local[99]}[mode=>local, master=>true, data=>false], local, master
routing_table (version 0):
routing_nodes:
---- unassigned

[2016-04-18 03:03:50,794][INFO ][org.elasticsearch.cluster.service] [node_t0] new_master {node_t0}{QrGQ9LkSSwKjg5hFzloMFw}{local}{local[99]}[mode=>local, master=>true, data=>false], reason: local-disco-initial_connect(master)
[2016-04-18 03:03:50,795][DEBUG][org.elasticsearch.cluster.service] [node_t0] publishing cluster state version [1]
[2016-04-18 03:03:50,795][DEBUG][org.elasticsearch.cluster.service] [node_t0] set local cluster state to version 1
[2016-04-18 03:03:50,795][DEBUG][org.elasticsearch.cluster.service] [node_t0] processing [local-disco-initial_connect(master)]: took 0s done applying updated cluster_state (version: 1, uuid: 5ejf30w_TtGDg0Utnh7Wxg)
[2016-04-18 03:03:50,795][TRACE][org.elasticsearch.cluster.service] [node_t0] will process [gateway_initial_state_recovery]
[2016-04-18 03:03:50,795][DEBUG][org.elasticsearch.cluster.service] [node_t0] processing [gateway_initial_state_recovery]: execute
[2016-04-18 03:03:50,795][DEBUG][org.elasticsearch.cluster.service] [node_t0] processing [gateway_initial_state_recovery]: took 0s no change in cluster_state
[2016-04-18 03:03:50,796][TRACE][org.elasticsearch.cluster.service] [node_t0] will process [local-gateway-elected-state]
[2016-04-18 03:03:50,796][DEBUG][org.elasticsearch.cluster.service] [node_t0] processing [local-gateway-elected-state]: execute
[2016-04-18 03:03:50,796][TRACE][org.elasticsearch.cluster.service] [node_t0] cluster state updated, source [local-gateway-elected-state]
version: 2
state uuid: k6GFVrvMS2Wy5iQI-sFwyQ
from_diff: false
meta data version: 1
nodes: 
   {node_t0}{QrGQ9LkSSwKjg5hFzloMFw}{local}{local[99]}[mode=>local, master=>true, data=>false], local, master
routing_table (version 1):
routing_nodes:
---- unassigned

[2016-04-18 03:03:50,796][DEBUG][org.elasticsearch.cluster.service] [node_t0] publishing cluster state version [2]
[2016-04-18 03:03:50,796][DEBUG][org.elasticsearch.cluster.service] [node_t0] set local cluster state to version 2
[2016-04-18 03:03:50,797][DEBUG][org.elasticsearch.cluster.service] [node_t0] processing [local-gateway-elected-state]: took 1ms done applying updated cluster_state (version: 2, uuid: k6GFVrvMS2Wy5iQI-sFwyQ)
[2016-04-18 03:03:50,814][TRACE][org.elasticsearch.cluster.service] [node_t0] will process [local-disco-receive(from node[{node_t1}{N_BWPYTZSaiMCs2d2s5TXw}{local}{local[100]}[mode=>local, master=>false]])]
[2016-04-18 03:03:50,814][TRACE][org.elasticsearch.cluster.service] [node_t1] will process [local-disco(detected_master)]
[2016-04-18 03:03:50,814][DEBUG][org.elasticsearch.cluster.service] [node_t1] processing [local-disco(detected_master)]: execute
[2016-04-18 03:03:50,814][DEBUG][org.elasticsearch.cluster.service] [node_t0] processing [local-disco-receive(from node[{node_t1}{N_BWPYTZSaiMCs2d2s5TXw}{local}{local[100]}[mode=>local, master=>false]])]: execute
[2016-04-18 03:03:50,814][TRACE][org.elasticsearch.cluster.service] [node_t1] cluster state updated, source [local-disco(detected_master)]
version: 0
state uuid: ifSuXXGCQG6BfpvUp0FVDQ
from_diff: false
meta data version: 1
blocks: 
   _global_:
      1,state not recovered / initialized, blocks READ,WRITE,METADATA_READ,METADATA_WRITE      2,no master, blocks WRITE,METADATA_WRITE
nodes: 
   {node_t1}{N_BWPYTZSaiMCs2d2s5TXw}{local}{local[100]}[mode=>local, master=>false], local
routing_table (version 0):
routing_nodes:
-----node_id[N_BWPYTZSaiMCs2d2s5TXw][V]
---- unassigned

[2016-04-18 03:03:50,814][TRACE][org.elasticsearch.cluster.service] [node_t0] cluster state updated, source [local-disco-receive(from node[{node_t1}{N_BWPYTZSaiMCs2d2s5TXw}{local}{local[100]}[mode=>local, master=>false]])]
version: 3
state uuid: Ovf31k_yT9GAa_Y9YwQZWQ
from_diff: false
meta data version: 1
nodes: 
   {node_t1}{N_BWPYTZSaiMCs2d2s5TXw}{local}{local[100]}[mode=>local, master=>false]
   {node_t0}{QrGQ9LkSSwKjg5hFzloMFw}{local}{local[99]}[mode=>local, master=>true, data=>false], local, master
routing_table (version 1):
routing_nodes:
-----node_id[N_BWPYTZSaiMCs2d2s5TXw][V]
---- unassigned

[2016-04-18 03:03:50,814][DEBUG][org.elasticsearch.cluster.service] [node_t1] set local cluster state to version 0
[2016-04-18 03:03:50,815][INFO ][org.elasticsearch.cluster.service] [node_t0] added {{node_t1}{N_BWPYTZSaiMCs2d2s5TXw}{local}{local[100]}[mode=>local, master=>false],}, reason: local-disco-receive(from node[{node_t1}{N_BWPYTZSaiMCs2d2s5TXw}{local}{local[100]}[mode=>local, master=>false]])
[2016-04-18 03:03:50,815][DEBUG][org.elasticsearch.cluster.service] [node_t1] processing [local-disco(detected_master)]: took 0s done applying updated cluster_state (version: 0, uuid: ifSuXXGCQG6BfpvUp0FVDQ)
[2016-04-18 03:03:50,815][DEBUG][org.elasticsearch.cluster.service] [node_t0] publishing cluster state version [3]
[2016-04-18 03:03:50,815][TRACE][org.elasticsearch.cluster.service] [node_t1] will process [local-disco-receive(from master)]
[2016-04-18 03:03:50,815][DEBUG][org.elasticsearch.cluster.service] [node_t1] processing [local-disco-receive(from master)]: execute
[2016-04-18 03:03:50,815][TRACE][org.elasticsearch.cluster.service] [node_t1] cluster state updated, source [local-disco-receive(from master)]
version: 3
state uuid: Ovf31k_yT9GAa_Y9YwQZWQ
from_diff: false
meta data version: 1
nodes: 
   {node_t1}{N_BWPYTZSaiMCs2d2s5TXw}{local}{local[100]}[mode=>local, master=>false], local
   {node_t0}{QrGQ9LkSSwKjg5hFzloMFw}{local}{local[99]}[master=>true, data=>false, mode=>local], master
routing_table (version 1):
routing_nodes:
-----node_id[N_BWPYTZSaiMCs2d2s5TXw][V]
---- unassigned

[2016-04-18 03:03:50,815][INFO ][org.elasticsearch.cluster.service] [node_t1] detected_master {node_t0}{QrGQ9LkSSwKjg5hFzloMFw}{local}{local[99]}[master=>true, data=>false, mode=>local], added {{node_t0}{QrGQ9LkSSwKjg5hFzloMFw}{local}{local[99]}[master=>true, data=>false, mode=>local],}, reason: local-disco-receive(from master)
[2016-04-18 03:03:50,816][DEBUG][org.elasticsearch.cluster.service] [node_t1] set local cluster state to version 3
[2016-04-18 03:03:50,817][DEBUG][org.elasticsearch.cluster.service] [node_t1] processing [local-disco-receive(from master)]: took 1ms done applying updated cluster_state (version: 3, uuid: Ovf31k_yT9GAa_Y9YwQZWQ)
[2016-04-18 03:03:50,817][DEBUG][org.elasticsearch.cluster.service] [node_t0] set local cluster state to version 3
[2016-04-18 03:03:50,818][DEBUG][org.elasticsearch.cluster.service] [node_t0] processing [local-disco-receive(from node[{node_t1}{N_BWPYTZSaiMCs2d2s5TXw}{local}{local[100]}[mode=>local, master=>false]])]: took 3ms done applying updated cluster_state (version: 3, uuid: Ovf31k_yT9GAa_Y9YwQZWQ)
[2016-04-18 03:03:50,818][TRACE][org.elasticsearch.cluster.service] [node_t1] will process [gateway_initial_state_recovery]
[2016-04-18 03:03:50,818][TRACE][org.elasticsearch.cluster.service] [node_t0] will process [cluster_reroute(post_node_add)]
[2016-04-18 03:03:50,818][DEBUG][org.elasticsearch.cluster.service] [node_t1] processing [gateway_initial_state_recovery]: execute
[2016-04-18 03:03:50,818][DEBUG][org.elasticsearch.cluster.service] [node_t0] processing [cluster_reroute(post_node_add)]: execute
[2016-04-18 03:03:50,818][DEBUG][org.elasticsearch.cluster.service] [node_t1] processing [gateway_initial_state_recovery]: took 0s no change in cluster_state
[2016-04-18 03:03:50,818][DEBUG][org.elasticsearch.cluster.service] [node_t0] processing [cluster_reroute(post_node_add)]: took 0s no change in cluster_state
[2016-04-18 03:03:50,839][TRACE][org.elasticsearch.cluster.service] [node_t0] will process [local-disco-receive(from node[{node_t2}{gARHa-_1Tqy61zspi-0ezg}{local}{local[101]}[mode=>local, master=>false]])]
[2016-04-18 03:03:50,839][TRACE][org.elasticsearch.cluster.service] [node_t2] will process [local-disco(detected_master)]
[2016-04-18 03:03:50,839][DEBUG][org.elasticsearch.cluster.service] [node_t2] processing [local-disco(detected_master)]: execute
[2016-04-18 03:03:50,839][DEBUG][org.elasticsearch.cluster.service] [node_t0] processing [local-disco-receive(from node[{node_t2}{gARHa-_1Tqy61zspi-0ezg}{local}{local[101]}[mode=>local, master=>false]])]: execute
[2016-04-18 03:03:50,839][TRACE][org.elasticsearch.cluster.service] [node_t0] cluster state updated, source [local-disco-receive(from node[{node_t2}{gARHa-_1Tqy61zspi-0ezg}{local}{local[101]}[mode=>local, master=>false]])]
version: 4
state uuid: Vutl1g9_QbmByMCRKtoVMw
from_diff: false
meta data version: 1
nodes: 
   {node_t2}{gARHa-_1Tqy61zspi-0ezg}{local}{local[101]}[mode=>local, master=>false]
   {node_t1}{N_BWPYTZSaiMCs2d2s5TXw}{local}{local[100]}[mode=>local, master=>false]
   {node_t0}{QrGQ9LkSSwKjg5hFzloMFw}{local}{local[99]}[mode=>local, master=>true, data=>false], local, master
routing_table (version 1):
routing_nodes:
-----node_id[gARHa-_1Tqy61zspi-0ezg][V]
-----node_id[N_BWPYTZSaiMCs2d2s5TXw][V]
---- unassigned

[2016-04-18 03:03:50,840][INFO ][org.elasticsearch.cluster.service] [node_t0] added {{node_t2}{gARHa-_1Tqy61zspi-0ezg}{local}{local[101]}[mode=>local, master=>false],}, reason: local-disco-receive(from node[{node_t2}{gARHa-_1Tqy61zspi-0ezg}{local}{local[101]}[mode=>local, master=>false]])
[2016-04-18 03:03:50,839][TRACE][org.elasticsearch.cluster.service] [node_t2] cluster state updated, source [local-disco(detected_master)]
version: 0
state uuid: _8kPrkjwTd2fl17TSRW81Q
from_diff: false
meta data version: 1
blocks: 
   _global_:
      1,state not recovered / initialized, blocks READ,WRITE,METADATA_READ,METADATA_WRITE      2,no master, blocks WRITE,METADATA_WRITE
nodes: 
   {node_t2}{gARHa-_1Tqy61zspi-0ezg}{local}{local[101]}[mode=>local, master=>false], local
routing_table (version 0):
routing_nodes:
-----node_id[gARHa-_1Tqy61zspi-0ezg][V]
---- unassigned

[2016-04-18 03:03:50,840][DEBUG][org.elasticsearch.cluster.service] [node_t0] publishing cluster state version [4]
[2016-04-18 03:03:50,840][DEBUG][org.elasticsearch.cluster.service] [node_t2] set local cluster state to version 0
[2016-04-18 03:03:50,840][TRACE][org.elasticsearch.cluster.service] [node_t1] will process [local-disco-receive(from master)]
[2016-04-18 03:03:50,840][DEBUG][org.elasticsearch.cluster.service] [node_t2] processing [local-disco(detected_master)]: took 1ms done applying updated cluster_state (version: 0, uuid: _8kPrkjwTd2fl17TSRW81Q)
[2016-04-18 03:03:50,841][DEBUG][org.elasticsearch.cluster.service] [node_t1] processing [local-disco-receive(from master)]: execute
[2016-04-18 03:03:50,841][TRACE][org.elasticsearch.cluster.service] [node_t2] will process [local-disco-receive(from master)]
[2016-04-18 03:03:50,841][TRACE][org.elasticsearch.cluster.service] [node_t1] cluster state updated, source [local-disco-receive(from master)]
version: 4
state uuid: Vutl1g9_QbmByMCRKtoVMw
from_diff: false
meta data version: 1
nodes: 
   {node_t2}{gARHa-_1Tqy61zspi-0ezg}{local}{local[101]}[master=>false, mode=>local]
   {node_t1}{N_BWPYTZSaiMCs2d2s5TXw}{local}{local[100]}[mode=>local, master=>false], local
   {node_t0}{QrGQ9LkSSwKjg5hFzloMFw}{local}{local[99]}[data=>false, mode=>local, master=>true], master
routing_table (version 1):
routing_nodes:
-----node_id[gARHa-_1Tqy61zspi-0ezg][V]
-----node_id[N_BWPYTZSaiMCs2d2s5TXw][V]
---- unassigned

[2016-04-18 03:03:50,841][DEBUG][org.elasticsearch.cluster.service] [node_t2] processing [local-disco-receive(from master)]: execute
[2016-04-18 03:03:50,841][INFO ][org.elasticsearch.cluster.service] [node_t1] added {{node_t2}{gARHa-_1Tqy61zspi-0ezg}{local}{local[101]}[master=>false, mode=>local],}, reason: local-disco-receive(from master)
[2016-04-18 03:03:50,841][TRACE][org.elasticsearch.cluster.service] [node_t2] cluster state updated, source [local-disco-receive(from master)]
version: 4
state uuid: Vutl1g9_QbmByMCRKtoVMw
from_diff: false
meta data version: 1
nodes: 
   {node_t2}{gARHa-_1Tqy61zspi-0ezg}{local}{local[101]}[mode=>local, master=>false], local
   {node_t1}{N_BWPYTZSaiMCs2d2s5TXw}{local}{local[100]}[master=>false, mode=>local]
   {node_t0}{QrGQ9LkSSwKjg5hFzloMFw}{local}{local[99]}[master=>true, mode=>local, data=>false], master
routing_table (version 1):
routing_nodes:
-----node_id[gARHa-_1Tqy61zspi-0ezg][V]
-----node_id[N_BWPYTZSaiMCs2d2s5TXw][V]
---- unassigned

[2016-04-18 03:03:50,841][DEBUG][org.elasticsearch.cluster.service] [node_t1] set local cluster state to version 4
[2016-04-18 03:03:50,841][INFO ][org.elasticsearch.cluster.service] [node_t2] detected_master {node_t0}{QrGQ9LkSSwKjg5hFzloMFw}{local}{local[99]}[master=>true, mode=>local, data=>false], added {{node_t1}{N_BWPYTZSaiMCs2d2s5TXw}{local}{local[100]}[master=>false, mode=>local],{node_t0}{QrGQ9LkSSwKjg5hFzloMFw}{local}{local[99]}[master=>true, mode=>local, data=>false],}, reason: local-disco-receive(from master)
[2016-04-18 03:03:50,842][DEBUG][org.elasticsearch.cluster.service] [node_t1] processing [local-disco-receive(from master)]: took 1ms done applying updated cluster_state (version: 4, uuid: Vutl1g9_QbmByMCRKtoVMw)
[2016-04-18 03:03:50,842][DEBUG][org.elasticsearch.cluster.service] [node_t2] set local cluster state to version 4
[2016-04-18 03:03:50,843][DEBUG][org.elasticsearch.cluster.service] [node_t2] processing [local-disco-receive(from master)]: took 2ms done applying updated cluster_state (version: 4, uuid: Vutl1g9_QbmByMCRKtoVMw)
[2016-04-18 03:03:50,843][DEBUG][org.elasticsearch.cluster.service] [node_t0] set local cluster state to version 4
[2016-04-18 03:03:50,844][DEBUG][org.elasticsearch.cluster.service] [node_t0] processing [local-disco-receive(from node[{node_t2}{gARHa-_1Tqy61zspi-0ezg}{local}{local[101]}[mode=>local, master=>false]])]: took 4ms done applying updated cluster_state (version: 4, uuid: Vutl1g9_QbmByMCRKtoVMw)
[2016-04-18 03:03:50,844][TRACE][org.elasticsearch.cluster.service] [node_t2] will process [gateway_initial_state_recovery]
[2016-04-18 03:03:50,844][TRACE][org.elasticsearch.cluster.service] [node_t0] will process [cluster_reroute(post_node_add)]
[2016-04-18 03:03:50,845][DEBUG][org.elasticsearch.cluster.service] [node_t2] processing [gateway_initial_state_recovery]: execute
[2016-04-18 03:03:50,845][DEBUG][org.elasticsearch.cluster.service] [node_t0] processing [cluster_reroute(post_node_add)]: execute
[2016-04-18 03:03:50,845][DEBUG][org.elasticsearch.cluster.service] [node_t2] processing [gateway_initial_state_recovery]: took 0s no change in cluster_state
[2016-04-18 03:03:50,845][DEBUG][org.elasticsearch.cluster.service] [node_t0] processing [cluster_reroute(post_node_add)]: took 0s no change in cluster_state
[2016-04-18 03:03:50,858][TRACE][org.elasticsearch.cluster.service] [node_t0] will process [local-disco-receive(from node[{node_t3}{_-f-elo_SJ28xBV3EpayNg}{local}{local[102]}[mode=>local, master=>false]])]
[2016-04-18 03:03:50,858][TRACE][org.elasticsearch.cluster.service] [node_t3] will process [local-disco(detected_master)]
[2016-04-18 03:03:50,858][DEBUG][org.elasticsearch.cluster.service] [node_t0] processing [local-disco-receive(from node[{node_t3}{_-f-elo_SJ28xBV3EpayNg}{local}{local[102]}[mode=>local, master=>false]])]: execute
[2016-04-18 03:03:50,858][DEBUG][org.elasticsearch.cluster.service] [node_t3] processing [local-disco(detected_master)]: execute
[2016-04-18 03:03:50,858][TRACE][org.elasticsearch.cluster.service] [node_t0] cluster state updated, source [local-disco-receive(from node[{node_t3}{_-f-elo_SJ28xBV3EpayNg}{local}{local[102]}[mode=>local, master=>false]])]
version: 5
state uuid: sg87g-yRSxqfqPoftXQy-g
from_diff: false
meta data version: 1
nodes: 
   {node_t2}{gARHa-_1Tqy61zspi-0ezg}{local}{local[101]}[mode=>local, master=>false]
   {node_t1}{N_BWPYTZSaiMCs2d2s5TXw}{local}{local[100]}[mode=>local, master=>false]
   {node_t3}{_-f-elo_SJ28xBV3EpayNg}{local}{local[102]}[mode=>local, master=>false]
   {node_t0}{QrGQ9LkSSwKjg5hFzloMFw}{local}{local[99]}[mode=>local, master=>true, data=>false], local, master
routing_table (version 1):
routing_nodes:
-----node_id[gARHa-_1Tqy61zspi-0ezg][V]
-----node_id[N_BWPYTZSaiMCs2d2s5TXw][V]
-----node_id[_-f-elo_SJ28xBV3EpayNg][V]
---- unassigned

[2016-04-18 03:03:50,858][INFO ][org.elasticsearch.cluster.service] [node_t0] added {{node_t3}{_-f-elo_SJ28xBV3EpayNg}{local}{local[102]}[mode=>local, master=>false],}, reason: local-disco-receive(from node[{node_t3}{_-f-elo_SJ28xBV3EpayNg}{local}{local[102]}[mode=>local, master=>false]])
[2016-04-18 03:03:50,858][TRACE][org.elasticsearch.cluster.service] [node_t3] cluster state updated, source [local-disco(detected_master)]
version: 0
state uuid: Y0J8nYFbS2mLv9nZ4XGenQ
from_diff: false
meta data version: 1
blocks: 
   _global_:
      1,state not recovered / initialized, blocks READ,WRITE,METADATA_READ,METADATA_WRITE      2,no master, blocks WRITE,METADATA_WRITE
nodes: 
   {node_t3}{_-f-elo_SJ28xBV3EpayNg}{local}{local[102]}[mode=>local, master=>false], local
routing_table (version 0):
routing_nodes:
-----node_id[_-f-elo_SJ28xBV3EpayNg][V]
---- unassigned

[2016-04-18 03:03:50,859][DEBUG][org.elasticsearch.cluster.service] [node_t0] publishing cluster state version [5]
[2016-04-18 03:03:50,859][DEBUG][org.elasticsearch.cluster.service] [node_t3] set local cluster state to version 0
[2016-04-18 03:03:50,859][TRACE][org.elasticsearch.cluster.service] [node_t1] will process [local-disco-receive(from master)]
[2016-04-18 03:03:50,859][TRACE][org.elasticsearch.cluster.service] [node_t2] will process [local-disco-receive(from master)]
[2016-04-18 03:03:50,859][DEBUG][org.elasticsearch.cluster.service] [node_t1] processing [local-disco-receive(from master)]: execute
[2016-04-18 03:03:50,859][DEBUG][org.elasticsearch.cluster.service] [node_t2] processing [local-disco-receive(from master)]: execute
[2016-04-18 03:03:50,859][TRACE][org.elasticsearch.cluster.service] [node_t1] cluster state updated, source [local-disco-receive(from master)]
version: 5
state uuid: sg87g-yRSxqfqPoftXQy-g
from_diff: false
meta data version: 1
nodes: 
   {node_t2}{gARHa-_1Tqy61zspi-0ezg}{local}{local[101]}[mode=>local, master=>false]
   {node_t1}{N_BWPYTZSaiMCs2d2s5TXw}{local}{local[100]}[mode=>local, master=>false], local
   {node_t3}{_-f-elo_SJ28xBV3EpayNg}{local}{local[102]}[mode=>local, master=>false]
   {node_t0}{QrGQ9LkSSwKjg5hFzloMFw}{local}{local[99]}[mode=>local, data=>false, master=>true], master
routing_table (version 1):
routing_nodes:
-----node_id[gARHa-_1Tqy61zspi-0ezg][V]
-----node_id[N_BWPYTZSaiMCs2d2s5TXw][V]
-----node_id[_-f-elo_SJ28xBV3EpayNg][V]
---- unassigned

[2016-04-18 03:03:50,859][TRACE][org.elasticsearch.cluster.service] [node_t2] cluster state updated, source [local-disco-receive(from master)]
version: 5
state uuid: sg87g-yRSxqfqPoftXQy-g
from_diff: false
meta data version: 1
nodes: 
   {node_t2}{gARHa-_1Tqy61zspi-0ezg}{local}{local[101]}[mode=>local, master=>false], local
   {node_t1}{N_BWPYTZSaiMCs2d2s5TXw}{local}{local[100]}[mode=>local, master=>false]
   {node_t3}{_-f-elo_SJ28xBV3EpayNg}{local}{local[102]}[mode=>local, master=>false]
   {node_t0}{QrGQ9LkSSwKjg5hFzloMFw}{local}{local[99]}[mode=>local, master=>true, data=>false], master
routing_table (version 1):
routing_nodes:
-----node_id[gARHa-_1Tqy61zspi-0ezg][V]
-----node_id[N_BWPYTZSaiMCs2d2s5TXw][V]
-----node_id[_-f-elo_SJ28xBV3EpayNg][V]
---- unassigned

[2016-04-18 03:03:50,860][INFO ][org.elasticsearch.cluster.service] [node_t1] added {{node_t3}{_-f-elo_SJ28xBV3EpayNg}{local}{local[102]}[mode=>local, master=>false],}, reason: local-disco-receive(from master)
[2016-04-18 03:03:50,860][INFO ][org.elasticsearch.cluster.service] [node_t2] added {{node_t3}{_-f-elo_SJ28xBV3EpayNg}{local}{local[102]}[mode=>local, master=>false],}, reason: local-disco-receive(from master)
[2016-04-18 03:03:50,860][DEBUG][org.elasticsearch.cluster.service] [node_t3] processing [local-disco(detected_master)]: took 1ms done applying updated cluster_state (version: 0, uuid: Y0J8nYFbS2mLv9nZ4XGenQ)
[2016-04-18 03:03:50,860][DEBUG][org.elasticsearch.cluster.service] [node_t2] set local cluster state to version 5
[2016-04-18 03:03:50,860][DEBUG][org.elasticsearch.cluster.service] [node_t1] set local cluster state to version 5
[2016-04-18 03:03:50,861][TRACE][org.elasticsearch.cluster.service] [node_t3] will process [local-disco-receive(from master)]
[2016-04-18 03:03:50,861][DEBUG][org.elasticsearch.cluster.service] [node_t1] processing [local-disco-receive(from master)]: took 1ms done applying updated cluster_state (version: 5, uuid: sg87g-yRSxqfqPoftXQy-g)
[2016-04-18 03:03:50,861][DEBUG][org.elasticsearch.cluster.service] [node_t2] processing [local-disco-receive(from master)]: took 1ms done applying updated cluster_state (version: 5, uuid: sg87g-yRSxqfqPoftXQy-g)
[2016-04-18 03:03:50,861][DEBUG][org.elasticsearch.cluster.service] [node_t3] processing [local-disco-receive(from master)]: execute
[2016-04-18 03:03:50,861][TRACE][org.elasticsearch.cluster.service] [node_t3] cluster state updated, source [local-disco-receive(from master)]
version: 5
state uuid: sg87g-yRSxqfqPoftXQy-g
from_diff: false
meta data version: 1
nodes: 
   {node_t2}{gARHa-_1Tqy61zspi-0ezg}{local}{local[101]}[master=>false, mode=>local]
   {node_t1}{N_BWPYTZSaiMCs2d2s5TXw}{local}{local[100]}[mode=>local, master=>false]
   {node_t3}{_-f-elo_SJ28xBV3EpayNg}{local}{local[102]}[mode=>local, master=>false], local
   {node_t0}{QrGQ9LkSSwKjg5hFzloMFw}{local}{local[99]}[data=>false, mode=>local, master=>true], master
routing_table (version 1):
routing_nodes:
-----node_id[gARHa-_1Tqy61zspi-0ezg][V]
-----node_id[N_BWPYTZSaiMCs2d2s5TXw][V]
-----node_id[_-f-elo_SJ28xBV3EpayNg][V]
---- unassigned

[2016-04-18 03:03:50,861][INFO ][org.elasticsearch.cluster.service] [node_t3] detected_master {node_t0}{QrGQ9LkSSwKjg5hFzloMFw}{local}{local[99]}[data=>false, mode=>local, master=>true], added {{node_t2}{gARHa-_1Tqy61zspi-0ezg}{local}{local[101]}[master=>false, mode=>local],{node_t1}{N_BWPYTZSaiMCs2d2s5TXw}{local}{local[100]}[mode=>local, master=>false],{node_t0}{QrGQ9LkSSwKjg5hFzloMFw}{local}{local[99]}[data=>false, mode=>local, master=>true],}, reason: local-disco-receive(from master)
[2016-04-18 03:03:50,862][DEBUG][org.elasticsearch.cluster.service] [node_t3] set local cluster state to version 5
[2016-04-18 03:03:50,863][DEBUG][org.elasticsearch.cluster.service] [node_t3] processing [local-disco-receive(from master)]: took 1ms done applying updated cluster_state (version: 5, uuid: sg87g-yRSxqfqPoftXQy-g)
[2016-04-18 03:03:50,863][DEBUG][org.elasticsearch.cluster.service] [node_t0] set local cluster state to version 5
[2016-04-18 03:03:50,864][DEBUG][org.elasticsearch.cluster.service] [node_t0] processing [local-disco-receive(from node[{node_t3}{_-f-elo_SJ28xBV3EpayNg}{local}{local[102]}[mode=>local, master=>false]])]: took 5ms done applying updated cluster_state (version: 5, uuid: sg87g-yRSxqfqPoftXQy-g)
[2016-04-18 03:03:50,864][TRACE][org.elasticsearch.cluster.service] [node_t0] will process [cluster_reroute(post_node_add)]
[2016-04-18 03:03:50,864][DEBUG][org.elasticsearch.cluster.service] [node_t0] processing [cluster_reroute(post_node_add)]: execute
[2016-04-18 03:03:50,864][TRACE][org.elasticsearch.cluster.service] [node_t3] will process [gateway_initial_state_recovery]
[2016-04-18 03:03:50,864][DEBUG][org.elasticsearch.cluster.service] [node_t3] processing [gateway_initial_state_recovery]: execute
[2016-04-18 03:03:50,864][DEBUG][org.elasticsearch.cluster.service] [node_t3] processing [gateway_initial_state_recovery]: took 0s no change in cluster_state
[2016-04-18 03:03:50,864][DEBUG][org.elasticsearch.cluster.service] [node_t0] processing [cluster_reroute(post_node_add)]: took 0s no change in cluster_state
[2016-04-18 03:03:50,879][TRACE][org.elasticsearch.cluster.service] [node_t0] will process [local-disco-receive(from node[{node_t4}{h4IC1hr4QIqf2QUxGSgJJQ}{local}{local[103]}[mode=>local, master=>false]])]
[2016-04-18 03:03:50,879][TRACE][org.elasticsearch.cluster.service] [node_t4] will process [local-disco(detected_master)]
[2016-04-18 03:03:50,880][DEBUG][org.elasticsearch.cluster.service] [node_t0] processing [local-disco-receive(from node[{node_t4}{h4IC1hr4QIqf2QUxGSgJJQ}{local}{local[103]}[mode=>local, master=>false]])]: execute
[2016-04-18 03:03:50,880][DEBUG][org.elasticsearch.cluster.service] [node_t4] processing [local-disco(detected_master)]: execute
[2016-04-18 03:03:50,880][TRACE][org.elasticsearch.cluster.service] [node_t0] cluster state updated, source [local-disco-receive(from node[{node_t4}{h4IC1hr4QIqf2QUxGSgJJQ}{local}{local[103]}[mode=>local, master=>false]])]
version: 6
state uuid: itzsL-NXSWONGm0OErsOBw
from_diff: false
meta data version: 1
nodes: 
   {node_t2}{gARHa-_1Tqy61zspi-0ezg}{local}{local[101]}[mode=>local, master=>false]
   {node_t1}{N_BWPYTZSaiMCs2d2s5TXw}{local}{local[100]}[mode=>local, master=>false]
   {node_t3}{_-f-elo_SJ28xBV3EpayNg}{local}{local[102]}[mode=>local, master=>false]
   {node_t0}{QrGQ9LkSSwKjg5hFzloMFw}{local}{local[99]}[mode=>local, master=>true, data=>false], local, master
   {node_t4}{h4IC1hr4QIqf2QUxGSgJJQ}{local}{local[103]}[mode=>local, master=>false]
routing_table (version 1):
routing_nodes:
-----node_id[gARHa-_1Tqy61zspi-0ezg][V]
-----node_id[N_BWPYTZSaiMCs2d2s5TXw][V]
-----node_id[h4IC1hr4QIqf2QUxGSgJJQ][V]
-----node_id[_-f-elo_SJ28xBV3EpayNg][V]
---- unassigned

[2016-04-18 03:03:50,880][TRACE][org.elasticsearch.cluster.service] [node_t4] cluster state updated, source [local-disco(detected_master)]
version: 0
state uuid: DmVcyrVHSRGZJKOyEwglIQ
from_diff: false
meta data version: 1
blocks: 
   _global_:
      1,state not recovered / initialized, blocks READ,WRITE,METADATA_READ,METADATA_WRITE      2,no master, blocks WRITE,METADATA_WRITE
nodes: 
   {node_t4}{h4IC1hr4QIqf2QUxGSgJJQ}{local}{local[103]}[mode=>local, master=>false], local
routing_table (version 0):
routing_nodes:
-----node_id[h4IC1hr4QIqf2QUxGSgJJQ][V]
---- unassigned

[2016-04-18 03:03:50,880][INFO ][org.elasticsearch.cluster.service] [node_t0] added {{node_t4}{h4IC1hr4QIqf2QUxGSgJJQ}{local}{local[103]}[mode=>local, master=>false],}, reason: local-disco-receive(from node[{node_t4}{h4IC1hr4QIqf2QUxGSgJJQ}{local}{local[103]}[mode=>local, master=>false]])
[2016-04-18 03:03:50,880][DEBUG][org.elasticsearch.cluster.service] [node_t4] set local cluster state to version 0
[2016-04-18 03:03:50,881][DEBUG][org.elasticsearch.cluster.service] [node_t0] publishing cluster state version [6]
[2016-04-18 03:03:50,881][DEBUG][org.elasticsearch.cluster.service] [node_t4] processing [local-disco(detected_master)]: took 0s done applying updated cluster_state (version: 0, uuid: DmVcyrVHSRGZJKOyEwglIQ)
[2016-04-18 03:03:50,881][TRACE][org.elasticsearch.cluster.service] [node_t1] will process [local-disco-receive(from master)]
[2016-04-18 03:03:50,881][TRACE][org.elasticsearch.cluster.service] [node_t2] will process [local-disco-receive(from master)]
[2016-04-18 03:03:50,881][TRACE][org.elasticsearch.cluster.service] [node_t3] will process [local-disco-receive(from master)]
[2016-04-18 03:03:50,881][DEBUG][org.elasticsearch.cluster.service] [node_t1] processing [local-disco-receive(from master)]: execute
[2016-04-18 03:03:50,881][DEBUG][org.elasticsearch.cluster.service] [node_t3] processing [local-disco-receive(from master)]: execute
[2016-04-18 03:03:50,881][TRACE][org.elasticsearch.cluster.service] [node_t1] cluster state updated, source [local-disco-receive(from master)]
version: 6
state uuid: itzsL-NXSWONGm0OErsOBw
from_diff: false
meta data version: 1
nodes: 
   {node_t2}{gARHa-_1Tqy61zspi-0ezg}{local}{local[101]}[master=>false, mode=>local]
   {node_t1}{N_BWPYTZSaiMCs2d2s5TXw}{local}{local[100]}[mode=>local, master=>false], local
   {node_t3}{_-f-elo_SJ28xBV3EpayNg}{local}{local[102]}[mode=>local, master=>false]
   {node_t0}{QrGQ9LkSSwKjg5hFzloMFw}{local}{local[99]}[mode=>local, master=>true, data=>false], master
   {node_t4}{h4IC1hr4QIqf2QUxGSgJJQ}{local}{local[103]}[master=>false, mode=>local]
routing_table (version 1):
routing_nodes:
-----node_id[gARHa-_1Tqy61zspi-0ezg][V]
-----node_id[N_BWPYTZSaiMCs2d2s5TXw][V]
-----node_id[h4IC1hr4QIqf2QUxGSgJJQ][V]
-----node_id[_-f-elo_SJ28xBV3EpayNg][V]
---- unassigned

[2016-04-18 03:03:50,881][TRACE][org.elasticsearch.cluster.service] [node_t4] will process [local-disco-receive(from master)]
[2016-04-18 03:03:50,881][DEBUG][org.elasticsearch.cluster.service] [node_t2] processing [local-disco-receive(from master)]: execute
[2016-04-18 03:03:50,881][DEBUG][org.elasticsearch.cluster.service] [node_t4] processing [local-disco-receive(from master)]: execute
[2016-04-18 03:03:50,882][TRACE][org.elasticsearch.cluster.service] [node_t2] cluster state updated, source [local-disco-receive(from master)]
version: 6
state uuid: itzsL-NXSWONGm0OErsOBw
from_diff: false
meta data version: 1
nodes: 
   {node_t2}{gARHa-_1Tqy61zspi-0ezg}{local}{local[101]}[mode=>local, master=>false], local
   {node_t1}{N_BWPYTZSaiMCs2d2s5TXw}{local}{local[100]}[mode=>local, master=>false]
   {node_t3}{_-f-elo_SJ28xBV3EpayNg}{local}{local[102]}[mode=>local, master=>false]
   {node_t0}{QrGQ9LkSSwKjg5hFzloMFw}{local}{local[99]}[mode=>local, master=>true, data=>false], master
   {node_t4}{h4IC1hr4QIqf2QUxGSgJJQ}{local}{local[103]}[mode=>local, master=>false]
routing_table (version 1):
routing_nodes:
-----node_id[gARHa-_1Tqy61zspi-0ezg][V]
-----node_id[N_BWPYTZSaiMCs2d2s5TXw][V]
-----node_id[h4IC1hr4QIqf2QUxGSgJJQ][V]
-----node_id[_-f-elo_SJ28xBV3EpayNg][V]
---- unassigned

[2016-04-18 03:03:50,881][INFO ][org.elasticsearch.cluster.service] [node_t1] added {{node_t4}{h4IC1hr4QIqf2QUxGSgJJQ}{local}{local[103]}[master=>false, mode=>local],}, reason: local-disco-receive(from master)
[2016-04-18 03:03:50,881][TRACE][org.elasticsearch.cluster.service] [node_t3] cluster state updated, source [local-disco-receive(from master)]
version: 6
state uuid: itzsL-NXSWONGm0OErsOBw
from_diff: false
meta data version: 1
nodes: 
   {node_t2}{gARHa-_1Tqy61zspi-0ezg}{local}{local[101]}[master=>false, mode=>local]
   {node_t1}{N_BWPYTZSaiMCs2d2s5TXw}{local}{local[100]}[master=>false, mode=>local]
   {node_t3}{_-f-elo_SJ28xBV3EpayNg}{local}{local[102]}[mode=>local, master=>false], local
   {node_t0}{QrGQ9LkSSwKjg5hFzloMFw}{local}{local[99]}[data=>false, mode=>local, master=>true], master
   {node_t4}{h4IC1hr4QIqf2QUxGSgJJQ}{local}{local[103]}[master=>false, mode=>local]
routing_table (version 1):
routing_nodes:
-----node_id[gARHa-_1Tqy61zspi-0ezg][V]
-----node_id[N_BWPYTZSaiMCs2d2s5TXw][V]
-----node_id[h4IC1hr4QIqf2QUxGSgJJQ][V]
-----node_id[_-f-elo_SJ28xBV3EpayNg][V]
---- unassigned

[2016-04-18 03:03:50,882][DEBUG][org.elasticsearch.cluster.service] [node_t1] set local cluster state to version 6
[2016-04-18 03:03:50,882][INFO ][org.elasticsearch.cluster.service] [node_t2] added {{node_t4}{h4IC1hr4QIqf2QUxGSgJJQ}{local}{local[103]}[mode=>local, master=>false],}, reason: local-disco-receive(from master)
[2016-04-18 03:03:50,882][TRACE][org.elasticsearch.cluster.service] [node_t4] cluster state updated, source [local-disco-receive(from master)]
version: 6
state uuid: itzsL-NXSWONGm0OErsOBw
from_diff: false
meta data version: 1
nodes: 
   {node_t2}{gARHa-_1Tqy61zspi-0ezg}{local}{local[101]}[mode=>local, master=>false]
   {node_t1}{N_BWPYTZSaiMCs2d2s5TXw}{local}{local[100]}[master=>false, mode=>local]
   {node_t3}{_-f-elo_SJ28xBV3EpayNg}{local}{local[102]}[mode=>local, master=>false]
   {node_t0}{QrGQ9LkSSwKjg5hFzloMFw}{local}{local[99]}[data=>false, mode=>local, master=>true], master
   {node_t4}{h4IC1hr4QIqf2QUxGSgJJQ}{local}{local[103]}[mode=>local, master=>false], local
routing_table (version 1):
routing_nodes:
-----node_id[gARHa-_1Tqy61zspi-0ezg][V]
-----node_id[N_BWPYTZSaiMCs2d2s5TXw][V]
-----node_id[h4IC1hr4QIqf2QUxGSgJJQ][V]
-----node_id[_-f-elo_SJ28xBV3EpayNg][V]
---- unassigned

[2016-04-18 03:03:50,883][DEBUG][org.elasticsearch.cluster.service] [node_t1] processing [local-disco-receive(from master)]: took 1ms done applying updated cluster_state (version: 6, uuid: itzsL-NXSWONGm0OErsOBw)
[2016-04-18 03:03:50,883][DEBUG][org.elasticsearch.cluster.service] [node_t2] set local cluster state to version 6
[2016-04-18 03:03:50,882][INFO ][org.elasticsearch.cluster.service] [node_t3] added {{node_t4}{h4IC1hr4QIqf2QUxGSgJJQ}{local}{local[103]}[master=>false, mode=>local],}, reason: local-disco-receive(from master)
[2016-04-18 03:03:50,883][INFO ][org.elasticsearch.cluster.service] [node_t4] detected_master {node_t0}{QrGQ9LkSSwKjg5hFzloMFw}{local}{local[99]}[data=>false, mode=>local, master=>true], added {{node_t2}{gARHa-_1Tqy61zspi-0ezg}{local}{local[101]}[mode=>local, master=>false],{node_t1}{N_BWPYTZSaiMCs2d2s5TXw}{local}{local[100]}[master=>false, mode=>local],{node_t3}{_-f-elo_SJ28xBV3EpayNg}{local}{local[102]}[mode=>local, master=>false],{node_t0}{QrGQ9LkSSwKjg5hFzloMFw}{local}{local[99]}[data=>false, mode=>local, master=>true],}, reason: local-disco-receive(from master)
[2016-04-18 03:03:50,884][DEBUG][org.elasticsearch.cluster.service] [node_t2] processing [local-disco-receive(from master)]: took 1ms done applying updated cluster_state (version: 6, uuid: itzsL-NXSWONGm0OErsOBw)
[2016-04-18 03:03:50,884][DEBUG][org.elasticsearch.cluster.service] [node_t3] set local cluster state to version 6
[2016-04-18 03:03:50,884][DEBUG][org.elasticsearch.cluster.service] [node_t3] processing [local-disco-receive(from master)]: took 2ms done applying updated cluster_state (version: 6, uuid: itzsL-NXSWONGm0OErsOBw)
[2016-04-18 03:03:50,884][DEBUG][org.elasticsearch.cluster.service] [node_t4] set local cluster state to version 6
[2016-04-18 03:03:50,886][DEBUG][org.elasticsearch.cluster.service] [node_t4] processing [local-disco-receive(from master)]: took 3ms done applying updated cluster_state (version: 6, uuid: itzsL-NXSWONGm0OErsOBw)
[2016-04-18 03:03:50,886][DEBUG][org.elasticsearch.cluster.service] [node_t0] set local cluster state to version 6
[2016-04-18 03:03:50,886][DEBUG][org.elasticsearch.cluster.service] [node_t0] processing [local-disco-receive(from node[{node_t4}{h4IC1hr4QIqf2QUxGSgJJQ}{local}{local[103]}[mode=>local, master=>false]])]: took 6ms done applying updated cluster_state (version: 6, uuid: itzsL-NXSWONGm0OErsOBw)
[2016-04-18 03:03:50,886][TRACE][org.elasticsearch.cluster.service] [node_t4] will process [gateway_initial_state_recovery]
[2016-04-18 03:03:50,886][DEBUG][org.elasticsearch.cluster.service] [node_t4] processing [gateway_initial_state_recovery]: execute
[2016-04-18 03:03:50,886][DEBUG][org.elasticsearch.cluster.service] [node_t4] processing [gateway_initial_state_recovery]: took 0s no change in cluster_state
[2016-04-18 03:03:50,886][TRACE][org.elasticsearch.cluster.service] [node_t0] will process [cluster_reroute(post_node_add)]
[2016-04-18 03:03:50,886][DEBUG][org.elasticsearch.cluster.service] [node_t0] processing [cluster_reroute(post_node_add)]: execute
[2016-04-18 03:03:50,886][DEBUG][org.elasticsearch.cluster.service] [node_t0] processing [cluster_reroute(post_node_add)]: took 0s no change in cluster_state
[2016-04-18 03:03:50,892][TRACE][org.elasticsearch.cluster.service] [node_t0] will process [create-index [test], cause [api]]
[2016-04-18 03:03:50,892][DEBUG][org.elasticsearch.cluster.service] [node_t0] processing [create-index [test], cause [api]]: execute
[2016-04-18 03:03:50,894][TRACE][org.elasticsearch.cluster.service] expecting 5 acknowledgements for cluster_state update (version: 7)
[2016-04-18 03:03:50,895][TRACE][org.elasticsearch.cluster.service] [node_t0] cluster state updated, source [create-index [test], cause [api]]
version: 7
state uuid: FpTBjeUuR9COghP5DbNNsw
from_diff: false
meta data version: 2
nodes: 
   {node_t2}{gARHa-_1Tqy61zspi-0ezg}{local}{local[101]}[mode=>local, master=>false]
   {node_t1}{N_BWPYTZSaiMCs2d2s5TXw}{local}{local[100]}[mode=>local, master=>false]
   {node_t3}{_-f-elo_SJ28xBV3EpayNg}{local}{local[102]}[mode=>local, master=>false]
   {node_t0}{QrGQ9LkSSwKjg5hFzloMFw}{local}{local[99]}[mode=>local, master=>true, data=>false], local, master
   {node_t4}{h4IC1hr4QIqf2QUxGSgJJQ}{local}{local[103]}[mode=>local, master=>false]
routing_table (version 2):
-- index [test]
----shard_id [test][0]
--------[test][0], node[gARHa-_1Tqy61zspi-0ezg], [P], v[1], s[INITIALIZING], a[id=y8kvTCNXRnupq9bRJrYJ2Q], unassigned_info[[reason=INDEX_CREATED], at[2016-04-18T07:03:50.892Z]]
--------[test][0], node[null], [R], v[1], s[UNASSIGNED], unassigned_info[[reason=INDEX_CREATED], at[2016-04-18T07:03:50.892Z]]
----shard_id [test][1]
--------[test][1], node[N_BWPYTZSaiMCs2d2s5TXw], [P], v[1], s[INITIALIZING], a[id=fIs6TkipQgiUlmTVT2CONg], unassigned_info[[reason=INDEX_CREATED], at[2016-04-18T07:03:50.892Z]]
--------[test][1], node[null], [R], v[1], s[UNASSIGNED], unassigned_info[[reason=INDEX_CREATED], at[2016-04-18T07:03:50.892Z]]
----shard_id [test][2]
--------[test][2], node[_-f-elo_SJ28xBV3EpayNg], [P], v[1], s[INITIALIZING], a[id=EGsu124hRLGmN93S1utdEg], unassigned_info[[reason=INDEX_CREATED], at[2016-04-18T07:03:50.892Z]]
--------[test][2], node[null], [R], v[1], s[UNASSIGNED], unassigned_info[[reason=INDEX_CREATED], at[2016-04-18T07:03:50.892Z]]

routing_nodes:
-----node_id[gARHa-_1Tqy61zspi-0ezg][V]
--------[test][0], node[gARHa-_1Tqy61zspi-0ezg], [P], v[1], s[INITIALIZING], a[id=y8kvTCNXRnupq9bRJrYJ2Q], unassigned_info[[reason=INDEX_CREATED], at[2016-04-18T07:03:50.892Z]]
-----node_id[N_BWPYTZSaiMCs2d2s5TXw][V]
--------[test][1], node[N_BWPYTZSaiMCs2d2s5TXw], [P], v[1], s[INITIALIZING], a[id=fIs6TkipQgiUlmTVT2CONg], unassigned_info[[reason=INDEX_CREATED], at[2016-04-18T07:03:50.892Z]]
-----node_id[h4IC1hr4QIqf2QUxGSgJJQ][V]
-----node_id[_-f-elo_SJ28xBV3EpayNg][V]
--------[test][2], node[_-f-elo_SJ28xBV3EpayNg], [P], v[1], s[INITIALIZING], a[id=EGsu124hRLGmN93S1utdEg], unassigned_info[[reason=INDEX_CREATED], at[2016-04-18T07:03:50.892Z]]
---- unassigned
--------[test][2], node[null], [R], v[1], s[UNASSIGNED], unassigned_info[[reason=INDEX_CREATED], at[2016-04-18T07:03:50.892Z]]
--------[test][1], node[null], [R], v[1], s[UNASSIGNED], unassigned_info[[reason=INDEX_CREATED], at[2016-04-18T07:03:50.892Z]]
--------[test][0], node[null], [R], v[1], s[UNASSIGNED], unassigned_info[[reason=INDEX_CREATED], at[2016-04-18T07:03:50.892Z]]

[2016-04-18 03:03:50,895][DEBUG][org.elasticsearch.cluster.service] [node_t0] publishing cluster state version [7]
[2016-04-18 03:03:50,896][TRACE][org.elasticsearch.cluster.service] [node_t1] will process [local-disco-receive(from master)]
[2016-04-18 03:03:50,896][TRACE][org.elasticsearch.cluster.service] [node_t3] will process [local-disco-receive(from master)]
[2016-04-18 03:03:50,896][TRACE][org.elasticsearch.cluster.service] [node_t4] will process [local-disco-receive(from master)]
[2016-04-18 03:03:50,896][DEBUG][org.elasticsearch.cluster.service] [node_t3] processing [local-disco-receive(from master)]: execute
[2016-04-18 03:03:50,896][DEBUG][org.elasticsearch.cluster.service] [node_t1] processing [local-disco-receive(from master)]: execute
[2016-04-18 03:03:50,896][TRACE][org.elasticsearch.cluster.service] [node_t2] will process [local-disco-receive(from master)]
[2016-04-18 03:03:50,896][DEBUG][org.elasticsearch.cluster.service] [node_t4] processing [local-disco-receive(from master)]: execute
[2016-04-18 03:03:50,896][TRACE][org.elasticsearch.cluster.service] [node_t1] cluster state updated, source [local-disco-receive(from master)]
version: 7
state uuid: FpTBjeUuR9COghP5DbNNsw
from_diff: false
meta data version: 2
nodes: 
   {node_t2}{gARHa-_1Tqy61zspi-0ezg}{local}{local[101]}[master=>false, mode=>local]
   {node_t1}{N_BWPYTZSaiMCs2d2s5TXw}{local}{local[100]}[mode=>local, master=>false], local
   {node_t3}{_-f-elo_SJ28xBV3EpayNg}{local}{local[102]}[mode=>local, master=>false]
   {node_t0}{QrGQ9LkSSwKjg5hFzloMFw}{local}{local[99]}[mode=>local, master=>true, data=>false], master
   {node_t4}{h4IC1hr4QIqf2QUxGSgJJQ}{local}{local[103]}[master=>false, mode=>local]
routing_table (version 2):
-- index [test]
----shard_id [test][0]
--------[test][0], node[gARHa-_1Tqy61zspi-0ezg], [P], v[1], s[INITIALIZING], a[id=y8kvTCNXRnupq9bRJrYJ2Q], unassigned_info[[reason=INDEX_CREATED], at[2016-04-18T07:03:50.892Z]]
--------[test][0], node[null], [R], v[1], s[UNASSIGNED], unassigned_info[[reason=INDEX_CREATED], at[2016-04-18T07:03:50.892Z]]
----shard_id [test][1]
--------[test][1], node[N_BWPYTZSaiMCs2d2s5TXw], [P], v[1], s[INITIALIZING], a[id=fIs6TkipQgiUlmTVT2CONg], unassigned_info[[reason=INDEX_CREATED], at[2016-04-18T07:03:50.892Z]]
--------[test][1], node[null], [R], v[1], s[UNASSIGNED], unassigned_info[[reason=INDEX_CREATED], at[2016-04-18T07:03:50.892Z]]
----shard_id [test][2]
--------[test][2], node[_-f-elo_SJ28xBV3EpayNg], [P], v[1], s[INITIALIZING], a[id=EGsu124hRLGmN93S1utdEg], unassigned_info[[reason=INDEX_CREATED], at[2016-04-18T07:03:50.892Z]]
--------[test][2], node[null], [R], v[1], s[UNASSIGNED], unassigned_info[[reason=INDEX_CREATED], at[2016-04-18T07:03:50.892Z]]

routing_nodes:
-----node_id[gARHa-_1Tqy61zspi-0ezg][V]
--------[test][0], node[gARHa-_1Tqy61zspi-0ezg], [P], v[1], s[INITIALIZING], a[id=y8kvTCNXRnupq9bRJrYJ2Q], unassigned_info[[reason=INDEX_CREATED], at[2016-04-18T07:03:50.892Z]]
-----node_id[N_BWPYTZSaiMCs2d2s5TXw][V]
--------[test][1], node[N_BWPYTZSaiMCs2d2s5TXw], [P], v[1], s[INITIALIZING], a[id=fIs6TkipQgiUlmTVT2CONg], unassigned_info[[reason=INDEX_CREATED], at[2016-04-18T07:03:50.892Z]]
-----node_id[h4IC1hr4QIqf2QUxGSgJJQ][V]
-----node_id[_-f-elo_SJ28xBV3EpayNg][V]
--------[test][2], node[_-f-elo_SJ28xBV3EpayNg], [P], v[1], s[INITIALIZING], a[id=EGsu124hRLGmN93S1utdEg], unassigned_info[[reason=INDEX_CREATED], at[2016-04-18T07:03:50.892Z]]
---- unassigned
--------[test][2], node[null], [R], v[1], s[UNASSIGNED], unassigned_info[[reason=INDEX_CREATED], at[2016-04-18T07:03:50.892Z]]
--------[test][1], node[null], [R], v[1], s[UNASSIGNED], unassigned_info[[reason=INDEX_CREATED], at[2016-04-18T07:03:50.892Z]]
--------[test][0], node[null], [R], v[1], s[UNASSIGNED], unassigned_info[[reason=INDEX_CREATED], at[2016-04-18T07:03:50.892Z]]

[2016-04-18 03:03:50,896][TRACE][org.elasticsearch.cluster.service] [node_t3] cluster state updated, source [local-disco-receive(from master)]
version: 7
state uuid: FpTBjeUuR9COghP5DbNNsw
from_diff: false
meta data version: 2
nodes: 
   {node_t2}{gARHa-_1Tqy61zspi-0ezg}{local}{local[101]}[master=>false, mode=>local]
   {node_t1}{N_BWPYTZSaiMCs2d2s5TXw}{local}{local[100]}[master=>false, mode=>local]
   {node_t3}{_-f-elo_SJ28xBV3EpayNg}{local}{local[102]}[mode=>local, master=>false], local
   {node_t0}{QrGQ9LkSSwKjg5hFzloMFw}{local}{local[99]}[data=>false, mode=>local, master=>true], master
   {node_t4}{h4IC1hr4QIqf2QUxGSgJJQ}{local}{local[103]}[master=>false, mode=>local]
routing_table (version 2):
-- index [test]
----shard_id [test][0]
--------[test][0], node[gARHa-_1Tqy61zspi-0ezg], [P], v[1], s[INITIALIZING], a[id=y8kvTCNXRnupq9bRJrYJ2Q], unassigned_info[[reason=INDEX_CREATED], at[2016-04-18T07:03:50.892Z]]
--------[test][0], node[null], [R], v[1], s[UNASSIGNED], unassigned_info[[reason=INDEX_CREATED], at[2016-04-18T07:03:50.892Z]]
----shard_id [test][1]
--------[test][1], node[N_BWPYTZSaiMCs2d2s5TXw], [P], v[1], s[INITIALIZING], a[id=fIs6TkipQgiUlmTVT2CONg], unassigned_info[[reason=INDEX_CREATED], at[2016-04-18T07:03:50.892Z]]
--------[test][1], node[null], [R], v[1], s[UNASSIGNED], unassigned_info[[reason=INDEX_CREATED], at[2016-04-18T07:03:50.892Z]]
----shard_id [test][2]
--------[test][2], node[_-f-elo_SJ28xBV3EpayNg], [P], v[1], s[INITIALIZING], a[id=EGsu124hRLGmN93S1utdEg], unassigned_info[[reason=INDEX_CREATED], at[2016-04-18T07:03:50.892Z]]
--------[test][2], node[null], [R], v[1], s[UNASSIGNED], unassigned_info[[reason=INDEX_CREATED], at[2016-04-18T07:03:50.892Z]]

routing_nodes:
-----node_id[gARHa-_1Tqy61zspi-0ezg][V]
--------[test][0], node[gARHa-_1Tqy61zspi-0ezg], [P], v[1], s[INITIALIZING], a[id=y8kvTCNXRnupq9bRJrYJ2Q], unassigned_info[[reason=INDEX_CREATED], at[2016-04-18T07:03:50.892Z]]
-----node_id[N_BWPYTZSaiMCs2d2s5TXw][V]
--------[test][1], node[N_BWPYTZSaiMCs2d2s5TXw], [P], v[1], s[INITIALIZING], a[id=fIs6TkipQgiUlmTVT2CONg], unassigned_info[[reason=INDEX_CREATED], at[2016-04-18T07:03:50.892Z]]
-----node_id[h4IC1hr4QIqf2QUxGSgJJQ][V]
-----node_id[_-f-elo_SJ28xBV3EpayNg][V]
--------[test][2], node[_-f-elo_SJ28xBV3EpayNg], [P], v[1], s[INITIALIZING], a[id=EGsu124hRLGmN93S1utdEg], unassigned_info[[reason=INDEX_CREATED], at[2016-04-18T07:03:50.892Z]]
---- unassigned
--------[test][2], node[null], [R], v[1], s[UNASSIGNED], unassigned_info[[reason=INDEX_CREATED], at[2016-04-18T07:03:50.892Z]]
--------[test][1], node[null], [R], v[1], s[UNASSIGNED], unassigned_info[[reason=INDEX_CREATED], at[2016-04-18T07:03:50.892Z]]
--------[test][0], node[null], [R], v[1], s[UNASSIGNED], unassigned_info[[reason=INDEX_CREATED], at[2016-04-18T07:03:50.892Z]]

[2016-04-18 03:03:50,896][DEBUG][org.elasticsearch.cluster.service] [node_t2] processing [local-disco-receive(from master)]: execute
[2016-04-18 03:03:50,897][DEBUG][org.elasticsearch.cluster.service] [node_t3] set local cluster state to version 7
[2016-04-18 03:03:50,896][DEBUG][org.elasticsearch.cluster.service] [node_t1] set local cluster state to version 7
[2016-04-18 03:03:50,897][TRACE][org.elasticsearch.cluster.service] [node_t2] cluster state updated, source [local-disco-receive(from master)]
version: 7
state uuid: FpTBjeUuR9COghP5DbNNsw
from_diff: false
meta data version: 2
nodes: 
   {node_t2}{gARHa-_1Tqy61zspi-0ezg}{local}{local[101]}[mode=>local, master=>false], local
   {node_t1}{N_BWPYTZSaiMCs2d2s5TXw}{local}{local[100]}[mode=>local, master=>false]
   {node_t3}{_-f-elo_SJ28xBV3EpayNg}{local}{local[102]}[mode=>local, master=>false]
   {node_t0}{QrGQ9LkSSwKjg5hFzloMFw}{local}{local[99]}[mode=>local, master=>true, data=>false], master
   {node_t4}{h4IC1hr4QIqf2QUxGSgJJQ}{local}{local[103]}[mode=>local, master=>false]
routing_table (version 2):
-- index [test]
----shard_id [test][0]
--------[test][0], node[gARHa-_1Tqy61zspi-0ezg], [P], v[1], s[INITIALIZING], a[id=y8kvTCNXRnupq9bRJrYJ2Q], unassigned_info[[reason=INDEX_CREATED], at[2016-04-18T07:03:50.892Z]]
--------[test][0], node[null], [R], v[1], s[UNASSIGNED], unassigned_info[[reason=INDEX_CREATED], at[2016-04-18T07:03:50.892Z]]
----shard_id [test][1]
--------[test][1], node[N_BWPYTZSaiMCs2d2s5TXw], [P], v[1], s[INITIALIZING], a[id=fIs6TkipQgiUlmTVT2CONg], unassigned_info[[reason=INDEX_CREATED], at[2016-04-18T07:03:50.892Z]]
--------[test][1], node[null], [R], v[1], s[UNASSIGNED], unassigned_info[[reason=INDEX_CREATED], at[2016-04-18T07:03:50.892Z]]
----shard_id [test][2]
--------[test][2], node[_-f-elo_SJ28xBV3EpayNg], [P], v[1], s[INITIALIZING], a[id=EGsu124hRLGmN93S1utdEg], unassigned_info[[reason=INDEX_CREATED], at[2016-04-18T07:03:50.892Z]]
--------[test][2], node[null], [R], v[1], s[UNASSIGNED], unassigned_info[[reason=INDEX_CREATED], at[2016-04-18T07:03:50.892Z]]

routing_nodes:
-----node_id[gARHa-_1Tqy61zspi-0ezg][V]
--------[test][0], node[gARHa-_1Tqy61zspi-0ezg], [P], v[1], s[INITIALIZING], a[id=y8kvTCNXRnupq9bRJrYJ2Q], unassigned_info[[reason=INDEX_CREATED], at[2016-04-18T07:03:50.892Z]]
-----node_id[N_BWPYTZSaiMCs2d2s5TXw][V]
--------[test][1], node[N_BWPYTZSaiMCs2d2s5TXw], [P], v[1], s[INITIALIZING], a[id=fIs6TkipQgiUlmTVT2CONg], unassigned_info[[reason=INDEX_CREATED], at[2016-04-18T07:03:50.892Z]]
-----node_id[h4IC1hr4QIqf2QUxGSgJJQ][V]
-----node_id[_-f-elo_SJ28xBV3EpayNg][V]
--------[test][2], node[_-f-elo_SJ28xBV3EpayNg], [P], v[1], s[INITIALIZING], a[id=EGsu124hRLGmN93S1utdEg], unassigned_info[[reason=INDEX_CREATED], at[2016-04-18T07:03:50.892Z]]
---- unassigned
--------[test][2], node[null], [R], v[1], s[UNASSIGNED], unassigned_info[[reason=INDEX_CREATED], at[2016-04-18T07:03:50.892Z]]
--------[test][1], node[null], [R], v[1], s[UNASSIGNED], unassigned_info[[reason=INDEX_CREATED], at[2016-04-18T07:03:50.892Z]]
--------[test][0], node[null], [R], v[1], s[UNASSIGNED], unassigned_info[[reason=INDEX_CREATED], at[2016-04-18T07:03:50.892Z]]

[2016-04-18 03:03:50,896][TRACE][org.elasticsearch.cluster.service] [node_t4] cluster state updated, source [local-disco-receive(from master)]
version: 7
state uuid: FpTBjeUuR9COghP5DbNNsw
from_diff: false
meta data version: 2
nodes: 
   {node_t2}{gARHa-_1Tqy61zspi-0ezg}{local}{local[101]}[mode=>local, master=>false]
   {node_t1}{N_BWPYTZSaiMCs2d2s5TXw}{local}{local[100]}[master=>false, mode=>local]
   {node_t3}{_-f-elo_SJ28xBV3EpayNg}{local}{local[102]}[mode=>local, master=>false]
   {node_t0}{QrGQ9LkSSwKjg5hFzloMFw}{local}{local[99]}[data=>false, mode=>local, master=>true], master
   {node_t4}{h4IC1hr4QIqf2QUxGSgJJQ}{local}{local[103]}[mode=>local, master=>false], local
routing_table (version 2):
-- index [test]
----shard_id [test][0]
--------[test][0], node[gARHa-_1Tqy61zspi-0ezg], [P], v[1], s[INITIALIZING], a[id=y8kvTCNXRnupq9bRJrYJ2Q], unassigned_info[[reason=INDEX_CREATED], at[2016-04-18T07:03:50.892Z]]
--------[test][0], node[null], [R], v[1], s[UNASSIGNED], unassigned_info[[reason=INDEX_CREATED], at[2016-04-18T07:03:50.892Z]]
----shard_id [test][1]
--------[test][1], node[N_BWPYTZSaiMCs2d2s5TXw], [P], v[1], s[INITIALIZING], a[id=fIs6TkipQgiUlmTVT2CONg], unassigned_info[[reason=INDEX_CREATED], at[2016-04-18T07:03:50.892Z]]
--------[test][1], node[null], [R], v[1], s[UNASSIGNED], unassigned_info[[reason=INDEX_CREATED], at[2016-04-18T07:03:50.892Z]]
----shard_id [test][2]
--------[test][2], node[_-f-elo_SJ28xBV3EpayNg], [P], v[1], s[INITIALIZING], a[id=EGsu124hRLGmN93S1utdEg], unassigned_info[[reason=INDEX_CREATED], at[2016-04-18T07:03:50.892Z]]
--------[test][2], node[null], [R], v[1], s[UNASSIGNED], unassigned_info[[reason=INDEX_CREATED], at[2016-04-18T07:03:50.892Z]]

routing_nodes:
-----node_id[gARHa-_1Tqy61zspi-0ezg][V]
--------[test][0], node[gARHa-_1Tqy61zspi-0ezg], [P], v[1], s[INITIALIZING], a[id=y8kvTCNXRnupq9bRJrYJ2Q], unassigned_info[[reason=INDEX_CREATED], at[2016-04-18T07:03:50.892Z]]
-----node_id[N_BWPYTZSaiMCs2d2s5TXw][V]
--------[test][1], node[N_BWPYTZSaiMCs2d2s5TXw], [P], v[1], s[INITIALIZING], a[id=fIs6TkipQgiUlmTVT2CONg], unassigned_info[[reason=INDEX_CREATED], at[2016-04-18T07:03:50.892Z]]
-----node_id[h4IC1hr4QIqf2QUxGSgJJQ][V]
-----node_id[_-f-elo_SJ28xBV3EpayNg][V]
--------[test][2], node[_-f-elo_SJ28xBV3EpayNg], [P], v[1], s[INITIALIZING], a[id=EGsu124hRLGmN93S1utdEg], unassigned_info[[reason=INDEX_CREATED], at[2016-04-18T07:03:50.892Z]]
---- unassigned
--------[test][2], node[null], [R], v[1], s[UNASSIGNED], unassigned_info[[reason=INDEX_CREATED], at[2016-04-18T07:03:50.892Z]]
--------[test][1], node[null], [R], v[1], s[UNASSIGNED], unassigned_info[[reason=INDEX_CREATED], at[2016-04-18T07:03:50.892Z]]
--------[test][0], node[null], [R], v[1], s[UNASSIGNED], unassigned_info[[reason=INDEX_CREATED], at[2016-04-18T07:03:50.892Z]]

[2016-04-18 03:03:50,898][DEBUG][org.elasticsearch.cluster.service] [node_t2] set local cluster state to version 7
[2016-04-18 03:03:50,898][DEBUG][org.elasticsearch.cluster.service] [node_t4] set local cluster state to version 7
[2016-04-18 03:03:50,899][TRACE][org.elasticsearch.cluster.service] ack received from node [{node_t4}{h4IC1hr4QIqf2QUxGSgJJQ}{local}{local[103]}[mode=>local, master=>false]], cluster_state update (version: 7)
[2016-04-18 03:03:50,899][DEBUG][org.elasticsearch.cluster.service] [node_t4] processing [local-disco-receive(from master)]: took 2ms done applying updated cluster_state (version: 7, uuid: FpTBjeUuR9COghP5DbNNsw)
[2016-04-18 03:03:50,903][TRACE][org.elasticsearch.cluster.service] ack received from node [{node_t3}{_-f-elo_SJ28xBV3EpayNg}{local}{local[102]}[mode=>local, master=>false]], cluster_state update (version: 7)
[2016-04-18 03:03:50,903][DEBUG][org.elasticsearch.cluster.service] [node_t3] processing [local-disco-receive(from master)]: took 6ms done applying updated cluster_state (version: 7, uuid: FpTBjeUuR9COghP5DbNNsw)
[2016-04-18 03:03:50,905][TRACE][org.elasticsearch.cluster.service] ack received from node [{node_t2}{gARHa-_1Tqy61zspi-0ezg}{local}{local[101]}[mode=>local, master=>false]], cluster_state update (version: 7)
[2016-04-18 03:03:50,905][DEBUG][org.elasticsearch.cluster.service] [node_t2] processing [local-disco-receive(from master)]: took 8ms done applying updated cluster_state (version: 7, uuid: FpTBjeUuR9COghP5DbNNsw)
[2016-04-18 03:03:50,906][TRACE][org.elasticsearch.cluster.service] ack received from node [{node_t1}{N_BWPYTZSaiMCs2d2s5TXw}{local}{local[100]}[mode=>local, master=>false]], cluster_state update (version: 7)
[2016-04-18 03:03:50,906][DEBUG][org.elasticsearch.cluster.service] [node_t0] set local cluster state to version 7
[2016-04-18 03:03:50,906][DEBUG][org.elasticsearch.cluster.service] [node_t1] processing [local-disco-receive(from master)]: took 9ms done applying updated cluster_state (version: 7, uuid: FpTBjeUuR9COghP5DbNNsw)
[2016-04-18 03:03:50,908][TRACE][org.elasticsearch.cluster.service] ack received from node [{node_t0}{QrGQ9LkSSwKjg5hFzloMFw}{local}{local[99]}[mode=>local, master=>true, data=>false]], cluster_state update (version: 7)
[2016-04-18 03:03:50,908][TRACE][org.elasticsearch.cluster.service] all expected nodes acknowledged cluster_state update (version: 7)
[2016-04-18 03:03:50,909][DEBUG][org.elasticsearch.cluster.service] [node_t0] processing [create-index [test], cause [api]]: took 16ms done applying updated cluster_state (version: 7, uuid: FpTBjeUuR9COghP5DbNNsw)
[2016-04-18 03:03:50,909][TRACE][org.elasticsearch.cluster.service] [node_t0] will process [shard-started ([test][1], node[N_BWPYTZSaiMCs2d2s5TXw], [P], v[1], s[INITIALIZING], a[id=fIs6TkipQgiUlmTVT2CONg], unassigned_info[[reason=INDEX_CREATED], at[2016-04-18T07:03:50.892Z]]), reason [after recovery from store]]
[2016-04-18 03:03:50,909][TRACE][org.elasticsearch.cluster.service] [node_t0] will process [shard-started ([test][2], node[_-f-elo_SJ28xBV3EpayNg], [P], v[1], s[INITIALIZING], a[id=EGsu124hRLGmN93S1utdEg], unassigned_info[[reason=INDEX_CREATED], at[2016-04-18T07:03:50.892Z]]), reason [after recovery from store]]
[2016-04-18 03:03:50,909][TRACE][org.elasticsearch.cluster.service] [node_t0] will process [shard-started ([test][0], node[gARHa-_1Tqy61zspi-0ezg], [P], v[1], s[INITIALIZING], a[id=y8kvTCNXRnupq9bRJrYJ2Q], unassigned_info[[reason=INDEX_CREATED], at[2016-04-18T07:03:50.892Z]]), reason [after recovery from store]]
[2016-04-18 03:03:50,909][DEBUG][org.elasticsearch.cluster.service] [node_t0] processing [shard-started ([test][1], node[N_BWPYTZSaiMCs2d2s5TXw], [P], v[1], s[INITIALIZING], a[id=fIs6TkipQgiUlmTVT2CONg], unassigned_info[[reason=INDEX_CREATED], at[2016-04-18T07:03:50.892Z]]), reason [after recovery from store],shard-started ([test][2], node[_-f-elo_SJ28xBV3EpayNg], [P], v[1], s[INITIALIZING], a[id=EGsu124hRLGmN93S1utdEg], unassigned_info[[reason=INDEX_CREATED], at[2016-04-18T07:03:50.892Z]]), reason [after recovery from store],shard-started ([test][0], node[gARHa-_1Tqy61zspi-0ezg], [P], v[1], s[INITIALIZING], a[id=y8kvTCNXRnupq9bRJrYJ2Q], unassigned_info[[reason=INDEX_CREATED], at[2016-04-18T07:03:50.892Z]]), reason [after recovery from store]]: execute
[2016-04-18 03:03:50,910][TRACE][org.elasticsearch.cluster.service] [node_t0] cluster state updated, source [shard-started ([test][1], node[N_BWPYTZSaiMCs2d2s5TXw], [P], v[1], s[INITIALIZING], a[id=fIs6TkipQgiUlmTVT2CONg], unassigned_info[[reason=INDEX_CREATED], at[2016-04-18T07:03:50.892Z]]), reason [after recovery from store],shard-started ([test][2], node[_-f-elo_SJ28xBV3EpayNg], [P], v[1], s[INITIALIZING], a[id=EGsu124hRLGmN93S1utdEg], unassigned_info[[reason=INDEX_CREATED], at[2016-04-18T07:03:50.892Z]]), reason [after recovery from store],shard-started ([test][0], node[gARHa-_1Tqy61zspi-0ezg], [P], v[1], s[INITIALIZING], a[id=y8kvTCNXRnupq9bRJrYJ2Q], unassigned_info[[reason=INDEX_CREATED], at[2016-04-18T07:03:50.892Z]]), reason [after recovery from store]]
version: 8
state uuid: VPVYhWz6SYCQEqqJsfj8Xg
from_diff: false
meta data version: 3
nodes: 
   {node_t2}{gARHa-_1Tqy61zspi-0ezg}{local}{local[101]}[mode=>local, master=>false]
   {node_t1}{N_BWPYTZSaiMCs2d2s5TXw}{local}{local[100]}[mode=>local, master=>false]
   {node_t3}{_-f-elo_SJ28xBV3EpayNg}{local}{local[102]}[mode=>local, master=>false]
   {node_t0}{QrGQ9LkSSwKjg5hFzloMFw}{local}{local[99]}[mode=>local, master=>true, data=>false], local, master
   {node_t4}{h4IC1hr4QIqf2QUxGSgJJQ}{local}{local[103]}[mode=>local, master=>false]
routing_table (version 3):
-- index [test]
----shard_id [test][0]
--------[test][0], node[gARHa-_1Tqy61zspi-0ezg], [P], v[2], s[STARTED], a[id=y8kvTCNXRnupq9bRJrYJ2Q]
--------[test][0], node[N_BWPYTZSaiMCs2d2s5TXw], [R], v[2], s[INITIALIZING], a[id=c4bDimtaRT-dXwgq8zSVOw], unassigned_info[[reason=INDEX_CREATED], at[2016-04-18T07:03:50.892Z]]
----shard_id [test][1]
--------[test][1], node[N_BWPYTZSaiMCs2d2s5TXw], [P], v[2], s[STARTED], a[id=fIs6TkipQgiUlmTVT2CONg]
--------[test][1], node[_-f-elo_SJ28xBV3EpayNg], [R], v[2], s[INITIALIZING], a[id=4Q-_VkkjRUKGwYK0rqB-5w], unassigned_info[[reason=INDEX_CREATED], at[2016-04-18T07:03:50.892Z]]
----shard_id [test][2]
--------[test][2], node[gARHa-_1Tqy61zspi-0ezg], [R], v[2], s[INITIALIZING], a[id=YnJU2SWBQ5u0RBBsaPcgWQ], unassigned_info[[reason=INDEX_CREATED], at[2016-04-18T07:03:50.892Z]]
--------[test][2], node[_-f-elo_SJ28xBV3EpayNg], [P], v[2], s[STARTED], a[id=EGsu124hRLGmN93S1utdEg]

routing_nodes:
-----node_id[gARHa-_1Tqy61zspi-0ezg][V]
--------[test][2], node[gARHa-_1Tqy61zspi-0ezg], [R], v[2], s[INITIALIZING], a[id=YnJU2SWBQ5u0RBBsaPcgWQ], unassigned_info[[reason=INDEX_CREATED], at[2016-04-18T07:03:50.892Z]]
--------[test][0], node[gARHa-_1Tqy61zspi-0ezg], [P], v[2], s[STARTED], a[id=y8kvTCNXRnupq9bRJrYJ2Q]
-----node_id[N_BWPYTZSaiMCs2d2s5TXw][V]
--------[test][1], node[N_BWPYTZSaiMCs2d2s5TXw], [P], v[2], s[STARTED], a[id=fIs6TkipQgiUlmTVT2CONg]
--------[test][0], node[N_BWPYTZSaiMCs2d2s5TXw], [R], v[2], s[INITIALIZING], a[id=c4bDimtaRT-dXwgq8zSVOw], unassigned_info[[reason=INDEX_CREATED], at[2016-04-18T07:03:50.892Z]]
-----node_id[h4IC1hr4QIqf2QUxGSgJJQ][V]
-----node_id[_-f-elo_SJ28xBV3EpayNg][V]
--------[test][2], node[_-f-elo_SJ28xBV3EpayNg], [P], v[2], s[STARTED], a[id=EGsu124hRLGmN93S1utdEg]
--------[test][1], node[_-f-elo_SJ28xBV3EpayNg], [R], v[2], s[INITIALIZING], a[id=4Q-_VkkjRUKGwYK0rqB-5w], unassigned_info[[reason=INDEX_CREATED], at[2016-04-18T07:03:50.892Z]]
---- unassigned

[2016-04-18 03:03:50,910][DEBUG][org.elasticsearch.cluster.service] [node_t0] publishing cluster state version [8]
[2016-04-18 03:03:50,912][TRACE][org.elasticsearch.cluster.service] [node_t1] will process [local-disco-receive(from master)]
[2016-04-18 03:03:50,913][DEBUG][org.elasticsearch.cluster.service] [node_t1] processing [local-disco-receive(from master)]: execute
[2016-04-18 03:03:50,912][TRACE][org.elasticsearch.cluster.service] [node_t4] will process [local-disco-receive(from master)]
[2016-04-18 03:03:50,913][TRACE][org.elasticsearch.cluster.service] [node_t1] cluster state updated, source [local-disco-receive(from master)]
version: 8
state uuid: VPVYhWz6SYCQEqqJsfj8Xg
from_diff: false
meta data version: 3
nodes: 
   {node_t2}{gARHa-_1Tqy61zspi-0ezg}{local}{local[101]}[master=>false, mode=>local]
   {node_t1}{N_BWPYTZSaiMCs2d2s5TXw}{local}{local[100]}[mode=>local, master=>false], local
   {node_t3}{_-f-elo_SJ28xBV3EpayNg}{local}{local[102]}[mode=>local, master=>false]
   {node_t0}{QrGQ9LkSSwKjg5hFzloMFw}{local}{local[99]}[mode=>local, master=>true, data=>false], master
   {node_t4}{h4IC1hr4QIqf2QUxGSgJJQ}{local}{local[103]}[master=>false, mode=>local]
routing_table (version 3):
-- index [test]
----shard_id [test][0]
--------[test][0], node[gARHa-_1Tqy61zspi-0ezg], [P], v[2], s[STARTED], a[id=y8kvTCNXRnupq9bRJrYJ2Q]
--------[test][0], node[N_BWPYTZSaiMCs2d2s5TXw], [R], v[2], s[INITIALIZING], a[id=c4bDimtaRT-dXwgq8zSVOw], unassigned_info[[reason=INDEX_CREATED], at[2016-04-18T07:03:50.892Z]]
----shard_id [test][1]
--------[test][1], node[N_BWPYTZSaiMCs2d2s5TXw], [P], v[2], s[STARTED], a[id=fIs6TkipQgiUlmTVT2CONg]
--------[test][1], node[_-f-elo_SJ28xBV3EpayNg], [R], v[2], s[INITIALIZING], a[id=4Q-_VkkjRUKGwYK0rqB-5w], unassigned_info[[reason=INDEX_CREATED], at[2016-04-18T07:03:50.892Z]]
----shard_id [test][2]
--------[test][2], node[gARHa-_1Tqy61zspi-0ezg], [R], v[2], s[INITIALIZING], a[id=YnJU2SWBQ5u0RBBsaPcgWQ], unassigned_info[[reason=INDEX_CREATED], at[2016-04-18T07:03:50.892Z]]
--------[test][2], node[_-f-elo_SJ28xBV3EpayNg], [P], v[2], s[STARTED], a[id=EGsu124hRLGmN93S1utdEg]

routing_nodes:
-----node_id[gARHa-_1Tqy61zspi-0ezg][V]
--------[test][2], node[gARHa-_1Tqy61zspi-0ezg], [R], v[2], s[INITIALIZING], a[id=YnJU2SWBQ5u0RBBsaPcgWQ], unassigned_info[[reason=INDEX_CREATED], at[2016-04-18T07:03:50.892Z]]
--------[test][0], node[gARHa-_1Tqy61zspi-0ezg], [P], v[2], s[STARTED], a[id=y8kvTCNXRnupq9bRJrYJ2Q]
-----node_id[N_BWPYTZSaiMCs2d2s5TXw][V]
--------[test][1], node[N_BWPYTZSaiMCs2d2s5TXw], [P], v[2], s[STARTED], a[id=fIs6TkipQgiUlmTVT2CONg]
--------[test][0], node[N_BWPYTZSaiMCs2d2s5TXw], [R], v[2], s[INITIALIZING], a[id=c4bDimtaRT-dXwgq8zSVOw], unassigned_info[[reason=INDEX_CREATED], at[2016-04-18T07:03:50.892Z]]
-----node_id[h4IC1hr4QIqf2QUxGSgJJQ][V]
-----node_id[_-f-elo_SJ28xBV3EpayNg][V]
--------[test][2], node[_-f-elo_SJ28xBV3EpayNg], [P], v[2], s[STARTED], a[id=EGsu124hRLGmN93S1utdEg]
--------[test][1], node[_-f-elo_SJ28xBV3EpayNg], [R], v[2], s[INITIALIZING], a[id=4Q-_VkkjRUKGwYK0rqB-5w], unassigned_info[[reason=INDEX_CREATED], at[2016-04-18T07:03:50.892Z]]
---- unassigned

[2016-04-18 03:03:50,914][DEBUG][org.elasticsearch.cluster.service] [node_t1] set local cluster state to version 8
[2016-04-18 03:03:50,912][TRACE][org.elasticsearch.cluster.service] [node_t3] will process [local-disco-receive(from master)]
[2016-04-18 03:03:50,917][DEBUG][org.elasticsearch.cluster.service] [node_t3] processing [local-disco-receive(from master)]: execute
[2016-04-18 03:03:50,917][TRACE][org.elasticsearch.cluster.service] [node_t3] cluster state updated, source [local-disco-receive(from master)]
version: 8
state uuid: VPVYhWz6SYCQEqqJsfj8Xg
from_diff: false
meta data version: 3
nodes: 
   {node_t2}{gARHa-_1Tqy61zspi-0ezg}{local}{local[101]}[master=>false, mode=>local]
   {node_t1}{N_BWPYTZSaiMCs2d2s5TXw}{local}{local[100]}[master=>false, mode=>local]
   {node_t3}{_-f-elo_SJ28xBV3EpayNg}{local}{local[102]}[mode=>local, master=>false], local
   {node_t0}{QrGQ9LkSSwKjg5hFzloMFw}{local}{local[99]}[data=>false, mode=>local, master=>true], master
   {node_t4}{h4IC1hr4QIqf2QUxGSgJJQ}{local}{local[103]}[master=>false, mode=>local]
routing_table (version 3):
-- index [test]
----shard_id [test][0]
--------[test][0], node[gARHa-_1Tqy61zspi-0ezg], [P], v[2], s[STARTED], a[id=y8kvTCNXRnupq9bRJrYJ2Q]
--------[test][0], node[N_BWPYTZSaiMCs2d2s5TXw], [R], v[2], s[INITIALIZING], a[id=c4bDimtaRT-dXwgq8zSVOw], unassigned_info[[reason=INDEX_CREATED], at[2016-04-18T07:03:50.892Z]]
----shard_id [test][1]
--------[test][1], node[N_BWPYTZSaiMCs2d2s5TXw], [P], v[2], s[STARTED], a[id=fIs6TkipQgiUlmTVT2CONg]
--------[test][1], node[_-f-elo_SJ28xBV3EpayNg], [R], v[2], s[INITIALIZING], a[id=4Q-_VkkjRUKGwYK0rqB-5w], unassigned_info[[reason=INDEX_CREATED], at[2016-04-18T07:03:50.892Z]]
----shard_id [test][2]
--------[test][2], node[gARHa-_1Tqy61zspi-0ezg], [R], v[2], s[INITIALIZING], a[id=YnJU2SWBQ5u0RBBsaPcgWQ], unassigned_info[[reason=INDEX_CREATED], at[2016-04-18T07:03:50.892Z]]
--------[test][2], node[_-f-elo_SJ28xBV3EpayNg], [P], v[2], s[STARTED], a[id=EGsu124hRLGmN93S1utdEg]

routing_nodes:
-----node_id[gARHa-_1Tqy61zspi-0ezg][V]
--------[test][2], node[gARHa-_1Tqy61zspi-0ezg], [R], v[2], s[INITIALIZING], a[id=YnJU2SWBQ5u0RBBsaPcgWQ], unassigned_info[[reason=INDEX_CREATED], at[2016-04-18T07:03:50.892Z]]
--------[test][0], node[gARHa-_1Tqy61zspi-0ezg], [P], v[2], s[STARTED], a[id=y8kvTCNXRnupq9bRJrYJ2Q]
-----node_id[N_BWPYTZSaiMCs2d2s5TXw][V]
--------[test][1], node[N_BWPYTZSaiMCs2d2s5TXw], [P], v[2], s[STARTED], a[id=fIs6TkipQgiUlmTVT2CONg]
--------[test][0], node[N_BWPYTZSaiMCs2d2s5TXw], [R], v[2], s[INITIALIZING], a[id=c4bDimtaRT-dXwgq8zSVOw], unassigned_info[[reason=INDEX_CREATED], at[2016-04-18T07:03:50.892Z]]
-----node_id[h4IC1hr4QIqf2QUxGSgJJQ][V]
-----node_id[_-f-elo_SJ28xBV3EpayNg][V]
--------[test][2], node[_-f-elo_SJ28xBV3EpayNg], [P], v[2], s[STARTED], a[id=EGsu124hRLGmN93S1utdEg]
--------[test][1], node[_-f-elo_SJ28xBV3EpayNg], [R], v[2], s[INITIALIZING], a[id=4Q-_VkkjRUKGwYK0rqB-5w], unassigned_info[[reason=INDEX_CREATED], at[2016-04-18T07:03:50.892Z]]
---- unassigned

[2016-04-18 03:03:50,917][DEBUG][org.elasticsearch.cluster.service] [node_t3] set local cluster state to version 8
[2016-04-18 03:03:50,912][TRACE][org.elasticsearch.cluster.service] [node_t2] will process [local-disco-receive(from master)]
[2016-04-18 03:03:50,920][DEBUG][org.elasticsearch.cluster.service] [node_t2] processing [local-disco-receive(from master)]: execute
[2016-04-18 03:03:50,919][DEBUG][org.elasticsearch.cluster.service] [node_t1] processing [local-disco-receive(from master)]: took 5ms done applying updated cluster_state (version: 8, uuid: VPVYhWz6SYCQEqqJsfj8Xg)
[2016-04-18 03:03:50,920][TRACE][org.elasticsearch.cluster.service] [node_t2] cluster state updated, source [local-disco-receive(from master)]
version: 8
state uuid: VPVYhWz6SYCQEqqJsfj8Xg
from_diff: false
meta data version: 3
nodes: 
   {node_t2}{gARHa-_1Tqy61zspi-0ezg}{local}{local[101]}[mode=>local, master=>false], local
   {node_t1}{N_BWPYTZSaiMCs2d2s5TXw}{local}{local[100]}[mode=>local, master=>false]
   {node_t3}{_-f-elo_SJ28xBV3EpayNg}{local}{local[102]}[mode=>local, master=>false]
   {node_t0}{QrGQ9LkSSwKjg5hFzloMFw}{local}{local[99]}[mode=>local, master=>true, data=>false], master
   {node_t4}{h4IC1hr4QIqf2QUxGSgJJQ}{local}{local[103]}[mode=>local, master=>false]
routing_table (version 3):
-- index [test]
----shard_id [test][0]
--------[test][0], node[gARHa-_1Tqy61zspi-0ezg], [P], v[2], s[STARTED], a[id=y8kvTCNXRnupq9bRJrYJ2Q]
--------[test][0], node[N_BWPYTZSaiMCs2d2s5TXw], [R], v[2], s[INITIALIZING], a[id=c4bDimtaRT-dXwgq8zSVOw], unassigned_info[[reason=INDEX_CREATED], at[2016-04-18T07:03:50.892Z]]
----shard_id [test][1]
--------[test][1], node[N_BWPYTZSaiMCs2d2s5TXw], [P], v[2], s[STARTED], a[id=fIs6TkipQgiUlmTVT2CONg]
--------[test][1], node[_-f-elo_SJ28xBV3EpayNg], [R], v[2], s[INITIALIZING], a[id=4Q-_VkkjRUKGwYK0rqB-5w], unassigned_info[[reason=INDEX_CREATED], at[2016-04-18T07:03:50.892Z]]
----shard_id [test][2]
--------[test][2], node[gARHa-_1Tqy61zspi-0ezg], [R], v[2], s[INITIALIZING], a[id=YnJU2SWBQ5u0RBBsaPcgWQ], unassigned_info[[reason=INDEX_CREATED], at[2016-04-18T07:03:50.892Z]]
--------[test][2], node[_-f-elo_SJ28xBV3EpayNg], [P], v[2], s[STARTED], a[id=EGsu124hRLGmN93S1utdEg]

routing_nodes:
-----node_id[gARHa-_1Tqy61zspi-0ezg][V]
--------[test][2], node[gARHa-_1Tqy61zspi-0ezg], [R], v[2], s[INITIALIZING], a[id=YnJU2SWBQ5u0RBBsaPcgWQ], unassigned_info[[reason=INDEX_CREATED], at[2016-04-18T07:03:50.892Z]]
--------[test][0], node[gARHa-_1Tqy61zspi-0ezg], [P], v[2], s[STARTED], a[id=y8kvTCNXRnupq9bRJrYJ2Q]
-----node_id[N_BWPYTZSaiMCs2d2s5TXw][V]
--------[test][1], node[N_BWPYTZSaiMCs2d2s5TXw], [P], v[2], s[STARTED], a[id=fIs6TkipQgiUlmTVT2CONg]
--------[test][0], node[N_BWPYTZSaiMCs2d2s5TXw], [R], v[2], s[INITIALIZING], a[id=c4bDimtaRT-dXwgq8zSVOw], unassigned_info[[reason=INDEX_CREATED], at[2016-04-18T07:03:50.892Z]]
-----node_id[h4IC1hr4QIqf2QUxGSgJJQ][V]
-----node_id[_-f-elo_SJ28xBV3EpayNg][V]
--------[test][2], node[_-f-elo_SJ28xBV3EpayNg], [P], v[2], s[STARTED], a[id=EGsu124hRLGmN93S1utdEg]
--------[test][1], node[_-f-elo_SJ28xBV3EpayNg], [R], v[2], s[INITIALIZING], a[id=4Q-_VkkjRUKGwYK0rqB-5w], unassigned_info[[reason=INDEX_CREATED], at[2016-04-18T07:03:50.892Z]]
---- unassigned

[2016-04-18 03:03:50,920][DEBUG][org.elasticsearch.cluster.service] [node_t2] set local cluster state to version 8
[2016-04-18 03:03:50,913][DEBUG][org.elasticsearch.cluster.service] [node_t4] processing [local-disco-receive(from master)]: execute
[2016-04-18 03:03:50,921][TRACE][org.elasticsearch.cluster.service] [node_t4] cluster state updated, source [local-disco-receive(from master)]
version: 8
state uuid: VPVYhWz6SYCQEqqJsfj8Xg
from_diff: false
meta data version: 3
nodes: 
   {node_t2}{gARHa-_1Tqy61zspi-0ezg}{local}{local[101]}[mode=>local, master=>false]
   {node_t1}{N_BWPYTZSaiMCs2d2s5TXw}{local}{local[100]}[master=>false, mode=>local]
   {node_t3}{_-f-elo_SJ28xBV3EpayNg}{local}{local[102]}[mode=>local, master=>false]
   {node_t0}{QrGQ9LkSSwKjg5hFzloMFw}{local}{local[99]}[data=>false, mode=>local, master=>true], master
   {node_t4}{h4IC1hr4QIqf2QUxGSgJJQ}{local}{local[103]}[mode=>local, master=>false], local
routing_table (version 3):
-- index [test]
----shard_id [test][0]
--------[test][0], node[gARHa-_1Tqy61zspi-0ezg], [P], v[2], s[STARTED], a[id=y8kvTCNXRnupq9bRJrYJ2Q]
--------[test][0], node[N_BWPYTZSaiMCs2d2s5TXw], [R], v[2], s[INITIALIZING], a[id=c4bDimtaRT-dXwgq8zSVOw], unassigned_info[[reason=INDEX_CREATED], at[2016-04-18T07:03:50.892Z]]
----shard_id [test][1]
--------[test][1], node[N_BWPYTZSaiMCs2d2s5TXw], [P], v[2], s[STARTED], a[id=fIs6TkipQgiUlmTVT2CONg]
--------[test][1], node[_-f-elo_SJ28xBV3EpayNg], [R], v[2], s[INITIALIZING], a[id=4Q-_VkkjRUKGwYK0rqB-5w], unassigned_info[[reason=INDEX_CREATED], at[2016-04-18T07:03:50.892Z]]
----shard_id [test][2]
--------[test][2], node[gARHa-_1Tqy61zspi-0ezg], [R], v[2], s[INITIALIZING], a[id=YnJU2SWBQ5u0RBBsaPcgWQ], unassigned_info[[reason=INDEX_CREATED], at[2016-04-18T07:03:50.892Z]]
--------[test][2], node[_-f-elo_SJ28xBV3EpayNg], [P], v[2], s[STARTED], a[id=EGsu124hRLGmN93S1utdEg]

routing_nodes:
-----node_id[gARHa-_1Tqy61zspi-0ezg][V]
--------[test][2], node[gARHa-_1Tqy61zspi-0ezg], [R], v[2], s[INITIALIZING], a[id=YnJU2SWBQ5u0RBBsaPcgWQ], unassigned_info[[reason=INDEX_CREATED], at[2016-04-18T07:03:50.892Z]]
--------[test][0], node[gARHa-_1Tqy61zspi-0ezg], [P], v[2], s[STARTED], a[id=y8kvTCNXRnupq9bRJrYJ2Q]
-----node_id[N_BWPYTZSaiMCs2d2s5TXw][V]
--------[test][1], node[N_BWPYTZSaiMCs2d2s5TXw], [P], v[2], s[STARTED], a[id=fIs6TkipQgiUlmTVT2CONg]
--------[test][0], node[N_BWPYTZSaiMCs2d2s5TXw], [R], v[2], s[INITIALIZING], a[id=c4bDimtaRT-dXwgq8zSVOw], unassigned_info[[reason=INDEX_CREATED], at[2016-04-18T07:03:50.892Z]]
-----node_id[h4IC1hr4QIqf2QUxGSgJJQ][V]
-----node_id[_-f-elo_SJ28xBV3EpayNg][V]
--------[test][2], node[_-f-elo_SJ28xBV3EpayNg], [P], v[2], s[STARTED], a[id=EGsu124hRLGmN93S1utdEg]
--------[test][1], node[_-f-elo_SJ28xBV3EpayNg], [R], v[2], s[INITIALIZING], a[id=4Q-_VkkjRUKGwYK0rqB-5w], unassigned_info[[reason=INDEX_CREATED], at[2016-04-18T07:03:50.892Z]]
---- unassigned

[2016-04-18 03:03:50,922][DEBUG][org.elasticsearch.cluster.service] [node_t4] set local cluster state to version 8
[2016-04-18 03:03:50,922][DEBUG][org.elasticsearch.cluster.service] [node_t4] processing [local-disco-receive(from master)]: took 0s done applying updated cluster_state (version: 8, uuid: VPVYhWz6SYCQEqqJsfj8Xg)
[2016-04-18 03:03:50,924][DEBUG][org.elasticsearch.cluster.service] [node_t3] processing [local-disco-receive(from master)]: took 7ms done applying updated cluster_state (version: 8, uuid: VPVYhWz6SYCQEqqJsfj8Xg)
[2016-04-18 03:03:50,927][DEBUG][org.elasticsearch.cluster.service] [node_t2] processing [local-disco-receive(from master)]: took 6ms done applying updated cluster_state (version: 8, uuid: VPVYhWz6SYCQEqqJsfj8Xg)
[2016-04-18 03:03:50,927][DEBUG][org.elasticsearch.cluster.service] [node_t0] set local cluster state to version 8
[2016-04-18 03:03:50,929][DEBUG][org.elasticsearch.cluster.service] [node_t0] processing [shard-started ([test][1], node[N_BWPYTZSaiMCs2d2s5TXw], [P], v[1], s[INITIALIZING], a[id=fIs6TkipQgiUlmTVT2CONg], unassigned_info[[reason=INDEX_CREATED], at[2016-04-18T07:03:50.892Z]]), reason [after recovery from store],shard-started ([test][2], node[_-f-elo_SJ28xBV3EpayNg], [P], v[1], s[INITIALIZING], a[id=EGsu124hRLGmN93S1utdEg], unassigned_info[[reason=INDEX_CREATED], at[2016-04-18T07:03:50.892Z]]), reason [after recovery from store],shard-started ([test][0], node[gARHa-_1Tqy61zspi-0ezg], [P], v[1], s[INITIALIZING], a[id=y8kvTCNXRnupq9bRJrYJ2Q], unassigned_info[[reason=INDEX_CREATED], at[2016-04-18T07:03:50.892Z]]), reason [after recovery from store]]: took 19ms done applying updated cluster_state (version: 8, uuid: VPVYhWz6SYCQEqqJsfj8Xg)
[2016-04-18 03:03:50,932][TRACE][org.elasticsearch.cluster.service] [node_t0] will process [shard-started ([test][1], node[_-f-elo_SJ28xBV3EpayNg], [R], v[2], s[INITIALIZING], a[id=4Q-_VkkjRUKGwYK0rqB-5w], unassigned_info[[reason=INDEX_CREATED], at[2016-04-18T07:03:50.892Z]]), reason [after recovery (replica) from node [{node_t1}{N_BWPYTZSaiMCs2d2s5TXw}{local}{local[100]}[master=>false, mode=>local]]]]
[2016-04-18 03:03:50,932][DEBUG][org.elasticsearch.cluster.service] [node_t0] processing [shard-started ([test][1], node[_-f-elo_SJ28xBV3EpayNg], [R], v[2], s[INITIALIZING], a[id=4Q-_VkkjRUKGwYK0rqB-5w], unassigned_info[[reason=INDEX_CREATED], at[2016-04-18T07:03:50.892Z]]), reason [after recovery (replica) from node [{node_t1}{N_BWPYTZSaiMCs2d2s5TXw}{local}{local[100]}[master=>false, mode=>local]]]]: execute
[2016-04-18 03:03:50,932][TRACE][org.elasticsearch.cluster.service] [node_t0] cluster state updated, source [shard-started ([test][1], node[_-f-elo_SJ28xBV3EpayNg], [R], v[2], s[INITIALIZING], a[id=4Q-_VkkjRUKGwYK0rqB-5w], unassigned_info[[reason=INDEX_CREATED], at[2016-04-18T07:03:50.892Z]]), reason [after recovery (replica) from node [{node_t1}{N_BWPYTZSaiMCs2d2s5TXw}{local}{local[100]}[master=>false, mode=>local]]]]
version: 9
state uuid: UsGqnzn4RbiSytI5WW4BXw
from_diff: false
meta data version: 4
nodes: 
   {node_t2}{gARHa-_1Tqy61zspi-0ezg}{local}{local[101]}[mode=>local, master=>false]
   {node_t1}{N_BWPYTZSaiMCs2d2s5TXw}{local}{local[100]}[mode=>local, master=>false]
   {node_t3}{_-f-elo_SJ28xBV3EpayNg}{local}{local[102]}[mode=>local, master=>false]
   {node_t0}{QrGQ9LkSSwKjg5hFzloMFw}{local}{local[99]}[mode=>local, master=>true, data=>false], local, master
   {node_t4}{h4IC1hr4QIqf2QUxGSgJJQ}{local}{local[103]}[mode=>local, master=>false]
routing_table (version 4):
-- index [test]
----shard_id [test][0]
--------[test][0], node[gARHa-_1Tqy61zspi-0ezg], [P], v[2], s[STARTED], a[id=y8kvTCNXRnupq9bRJrYJ2Q]
--------[test][0], node[N_BWPYTZSaiMCs2d2s5TXw], [R], v[2], s[INITIALIZING], a[id=c4bDimtaRT-dXwgq8zSVOw], unassigned_info[[reason=INDEX_CREATED], at[2016-04-18T07:03:50.892Z]]
----shard_id [test][1]
--------[test][1], node[N_BWPYTZSaiMCs2d2s5TXw], [P], v[3], s[STARTED], a[id=fIs6TkipQgiUlmTVT2CONg]
--------[test][1], node[_-f-elo_SJ28xBV3EpayNg], [R], v[3], s[STARTED], a[id=4Q-_VkkjRUKGwYK0rqB-5w]
----shard_id [test][2]
--------[test][2], node[gARHa-_1Tqy61zspi-0ezg], [R], v[2], s[INITIALIZING], a[id=YnJU2SWBQ5u0RBBsaPcgWQ], unassigned_info[[reason=INDEX_CREATED], at[2016-04-18T07:03:50.892Z]]
--------[test][2], node[_-f-elo_SJ28xBV3EpayNg], [P], v[2], s[STARTED], a[id=EGsu124hRLGmN93S1utdEg]

routing_nodes:
-----node_id[gARHa-_1Tqy61zspi-0ezg][V]
--------[test][2], node[gARHa-_1Tqy61zspi-0ezg], [R], v[2], s[INITIALIZING], a[id=YnJU2SWBQ5u0RBBsaPcgWQ], unassigned_info[[reason=INDEX_CREATED], at[2016-04-18T07:03:50.892Z]]
--------[test][0], node[gARHa-_1Tqy61zspi-0ezg], [P], v[2], s[STARTED], a[id=y8kvTCNXRnupq9bRJrYJ2Q]
-----node_id[N_BWPYTZSaiMCs2d2s5TXw][V]
--------[test][1], node[N_BWPYTZSaiMCs2d2s5TXw], [P], v[3], s[STARTED], a[id=fIs6TkipQgiUlmTVT2CONg]
--------[test][0], node[N_BWPYTZSaiMCs2d2s5TXw], [R], v[2], s[INITIALIZING], a[id=c4bDimtaRT-dXwgq8zSVOw], unassigned_info[[reason=INDEX_CREATED], at[2016-04-18T07:03:50.892Z]]
-----node_id[h4IC1hr4QIqf2QUxGSgJJQ][V]
-----node_id[_-f-elo_SJ28xBV3EpayNg][V]
--------[test][2], node[_-f-elo_SJ28xBV3EpayNg], [P], v[2], s[STARTED], a[id=EGsu124hRLGmN93S1utdEg]
--------[test][1], node[_-f-elo_SJ28xBV3EpayNg], [R], v[3], s[STARTED], a[id=4Q-_VkkjRUKGwYK0rqB-5w]
---- unassigned

[2016-04-18 03:03:50,933][DEBUG][org.elasticsearch.cluster.service] [node_t0] publishing cluster state version [9]
[2016-04-18 03:03:50,933][TRACE][org.elasticsearch.cluster.service] [node_t1] will process [local-disco-receive(from master)]
[2016-04-18 03:03:50,934][TRACE][org.elasticsearch.cluster.service] [node_t4] will process [local-disco-receive(from master)]
[2016-04-18 03:03:50,934][TRACE][org.elasticsearch.cluster.service] [node_t3] will process [local-disco-receive(from master)]
[2016-04-18 03:03:50,933][TRACE][org.elasticsearch.cluster.service] [node_t2] will process [local-disco-receive(from master)]
[2016-04-18 03:03:50,934][DEBUG][org.elasticsearch.cluster.service] [node_t2] processing [local-disco-receive(from master)]: execute
[2016-04-18 03:03:50,934][TRACE][org.elasticsearch.cluster.service] [node_t2] cluster state updated, source [local-disco-receive(from master)]
version: 9
state uuid: UsGqnzn4RbiSytI5WW4BXw
from_diff: false
meta data version: 4
nodes: 
   {node_t2}{gARHa-_1Tqy61zspi-0ezg}{local}{local[101]}[mode=>local, master=>false], local
   {node_t1}{N_BWPYTZSaiMCs2d2s5TXw}{local}{local[100]}[mode=>local, master=>false]
   {node_t3}{_-f-elo_SJ28xBV3EpayNg}{local}{local[102]}[mode=>local, master=>false]
   {node_t0}{QrGQ9LkSSwKjg5hFzloMFw}{local}{local[99]}[mode=>local, master=>true, data=>false], master
   {node_t4}{h4IC1hr4QIqf2QUxGSgJJQ}{local}{local[103]}[mode=>local, master=>false]
routing_table (version 4):
-- index [test]
----shard_id [test][0]
--------[test][0], node[gARHa-_1Tqy61zspi-0ezg], [P], v[2], s[STARTED], a[id=y8kvTCNXRnupq9bRJrYJ2Q]
--------[test][0], node[N_BWPYTZSaiMCs2d2s5TXw], [R], v[2], s[INITIALIZING], a[id=c4bDimtaRT-dXwgq8zSVOw], unassigned_info[[reason=INDEX_CREATED], at[2016-04-18T07:03:50.892Z]]
----shard_id [test][1]
--------[test][1], node[N_BWPYTZSaiMCs2d2s5TXw], [P], v[3], s[STARTED], a[id=fIs6TkipQgiUlmTVT2CONg]
--------[test][1], node[_-f-elo_SJ28xBV3EpayNg], [R], v[3], s[STARTED], a[id=4Q-_VkkjRUKGwYK0rqB-5w]
----shard_id [test][2]
--------[test][2], node[gARHa-_1Tqy61zspi-0ezg], [R], v[2], s[INITIALIZING], a[id=YnJU2SWBQ5u0RBBsaPcgWQ], unassigned_info[[reason=INDEX_CREATED], at[2016-04-18T07:03:50.892Z]]
--------[test][2], node[_-f-elo_SJ28xBV3EpayNg], [P], v[2], s[STARTED], a[id=EGsu124hRLGmN93S1utdEg]

routing_nodes:
-----node_id[gARHa-_1Tqy61zspi-0ezg][V]
--------[test][2], node[gARHa-_1Tqy61zspi-0ezg], [R], v[2], s[INITIALIZING], a[id=YnJU2SWBQ5u0RBBsaPcgWQ], unassigned_info[[reason=INDEX_CREATED], at[2016-04-18T07:03:50.892Z]]
--------[test][0], node[gARHa-_1Tqy61zspi-0ezg], [P], v[2], s[STARTED], a[id=y8kvTCNXRnupq9bRJrYJ2Q]
-----node_id[N_BWPYTZSaiMCs2d2s5TXw][V]
--------[test][1], node[N_BWPYTZSaiMCs2d2s5TXw], [P], v[3], s[STARTED], a[id=fIs6TkipQgiUlmTVT2CONg]
--------[test][0], node[N_BWPYTZSaiMCs2d2s5TXw], [R], v[2], s[INITIALIZING], a[id=c4bDimtaRT-dXwgq8zSVOw], unassigned_info[[reason=INDEX_CREATED], at[2016-04-18T07:03:50.892Z]]
-----node_id[h4IC1hr4QIqf2QUxGSgJJQ][V]
-----node_id[_-f-elo_SJ28xBV3EpayNg][V]
--------[test][2], node[_-f-elo_SJ28xBV3EpayNg], [P], v[2], s[STARTED], a[id=EGsu124hRLGmN93S1utdEg]
--------[test][1], node[_-f-elo_SJ28xBV3EpayNg], [R], v[3], s[STARTED], a[id=4Q-_VkkjRUKGwYK0rqB-5w]
---- unassigned

[2016-04-18 03:03:50,934][DEBUG][org.elasticsearch.cluster.service] [node_t2] set local cluster state to version 9
[2016-04-18 03:03:50,934][DEBUG][org.elasticsearch.cluster.service] [node_t3] processing [local-disco-receive(from master)]: execute
[2016-04-18 03:03:50,934][DEBUG][org.elasticsearch.cluster.service] [node_t4] processing [local-disco-receive(from master)]: execute
[2016-04-18 03:03:50,936][TRACE][org.elasticsearch.cluster.service] [node_t3] cluster state updated, source [local-disco-receive(from master)]
version: 9
state uuid: UsGqnzn4RbiSytI5WW4BXw
from_diff: false
meta data version: 4
nodes: 
   {node_t2}{gARHa-_1Tqy61zspi-0ezg}{local}{local[101]}[master=>false, mode=>local]
   {node_t1}{N_BWPYTZSaiMCs2d2s5TXw}{local}{local[100]}[master=>false, mode=>local]
   {node_t3}{_-f-elo_SJ28xBV3EpayNg}{local}{local[102]}[mode=>local, master=>false], local
   {node_t0}{QrGQ9LkSSwKjg5hFzloMFw}{local}{local[99]}[data=>false, mode=>local, master=>true], master
   {node_t4}{h4IC1hr4QIqf2QUxGSgJJQ}{local}{local[103]}[master=>false, mode=>local]
routing_table (version 4):
-- index [test]
----shard_id [test][0]
--------[test][0], node[gARHa-_1Tqy61zspi-0ezg], [P], v[2], s[STARTED], a[id=y8kvTCNXRnupq9bRJrYJ2Q]
--------[test][0], node[N_BWPYTZSaiMCs2d2s5TXw], [R], v[2], s[INITIALIZING], a[id=c4bDimtaRT-dXwgq8zSVOw], unassigned_info[[reason=INDEX_CREATED], at[2016-04-18T07:03:50.892Z]]
----shard_id [test][1]
--------[test][1], node[N_BWPYTZSaiMCs2d2s5TXw], [P], v[3], s[STARTED], a[id=fIs6TkipQgiUlmTVT2CONg]
--------[test][1], node[_-f-elo_SJ28xBV3EpayNg], [R], v[3], s[STARTED], a[id=4Q-_VkkjRUKGwYK0rqB-5w]
----shard_id [test][2]
--------[test][2], node[gARHa-_1Tqy61zspi-0ezg], [R], v[2], s[INITIALIZING], a[id=YnJU2SWBQ5u0RBBsaPcgWQ], unassigned_info[[reason=INDEX_CREATED], at[2016-04-18T07:03:50.892Z]]
--------[test][2], node[_-f-elo_SJ28xBV3EpayNg], [P], v[2], s[STARTED], a[id=EGsu124hRLGmN93S1utdEg]

routing_nodes:
-----node_id[gARHa-_1Tqy61zspi-0ezg][V]
--------[test][2], node[gARHa-_1Tqy61zspi-0ezg], [R], v[2], s[INITIALIZING], a[id=YnJU2SWBQ5u0RBBsaPcgWQ], unassigned_info[[reason=INDEX_CREATED], at[2016-04-18T07:03:50.892Z]]
--------[test][0], node[gARHa-_1Tqy61zspi-0ezg], [P], v[2], s[STARTED], a[id=y8kvTCNXRnupq9bRJrYJ2Q]
-----node_id[N_BWPYTZSaiMCs2d2s5TXw][V]
--------[test][1], node[N_BWPYTZSaiMCs2d2s5TXw], [P], v[3], s[STARTED], a[id=fIs6TkipQgiUlmTVT2CONg]
--------[test][0], node[N_BWPYTZSaiMCs2d2s5TXw], [R], v[2], s[INITIALIZING], a[id=c4bDimtaRT-dXwgq8zSVOw], unassigned_info[[reason=INDEX_CREATED], at[2016-04-18T07:03:50.892Z]]
-----node_id[h4IC1hr4QIqf2QUxGSgJJQ][V]
-----node_id[_-f-elo_SJ28xBV3EpayNg][V]
--------[test][2], node[_-f-elo_SJ28xBV3EpayNg], [P], v[2], s[STARTED], a[id=EGsu124hRLGmN93S1utdEg]
--------[test][1], node[_-f-elo_SJ28xBV3EpayNg], [R], v[3], s[STARTED], a[id=4Q-_VkkjRUKGwYK0rqB-5w]
---- unassigned

[2016-04-18 03:03:50,936][DEBUG][org.elasticsearch.cluster.service] [node_t3] set local cluster state to version 9
[2016-04-18 03:03:50,934][DEBUG][org.elasticsearch.cluster.service] [node_t1] processing [local-disco-receive(from master)]: execute
[2016-04-18 03:03:50,937][TRACE][org.elasticsearch.cluster.service] [node_t1] cluster state updated, source [local-disco-receive(from master)]
version: 9
state uuid: UsGqnzn4RbiSytI5WW4BXw
from_diff: false
meta data version: 4
nodes: 
   {node_t2}{gARHa-_1Tqy61zspi-0ezg}{local}{local[101]}[master=>false, mode=>local]
   {node_t1}{N_BWPYTZSaiMCs2d2s5TXw}{local}{local[100]}[mode=>local, master=>false], local
   {node_t3}{_-f-elo_SJ28xBV3EpayNg}{local}{local[102]}[mode=>local, master=>false]
   {node_t0}{QrGQ9LkSSwKjg5hFzloMFw}{local}{local[99]}[mode=>local, master=>true, data=>false], master
   {node_t4}{h4IC1hr4QIqf2QUxGSgJJQ}{local}{local[103]}[master=>false, mode=>local]
routing_table (version 4):
-- index [test]
----shard_id [test][0]
--------[test][0], node[gARHa-_1Tqy61zspi-0ezg], [P], v[2], s[STARTED], a[id=y8kvTCNXRnupq9bRJrYJ2Q]
--------[test][0], node[N_BWPYTZSaiMCs2d2s5TXw], [R], v[2], s[INITIALIZING], a[id=c4bDimtaRT-dXwgq8zSVOw], unassigned_info[[reason=INDEX_CREATED], at[2016-04-18T07:03:50.892Z]]
----shard_id [test][1]
--------[test][1], node[N_BWPYTZSaiMCs2d2s5TXw], [P], v[3], s[STARTED], a[id=fIs6TkipQgiUlmTVT2CONg]
--------[test][1], node[_-f-elo_SJ28xBV3EpayNg], [R], v[3], s[STARTED], a[id=4Q-_VkkjRUKGwYK0rqB-5w]
----shard_id [test][2]
--------[test][2], node[gARHa-_1Tqy61zspi-0ezg], [R], v[2], s[INITIALIZING], a[id=YnJU2SWBQ5u0RBBsaPcgWQ], unassigned_info[[reason=INDEX_CREATED], at[2016-04-18T07:03:50.892Z]]
--------[test][2], node[_-f-elo_SJ28xBV3EpayNg], [P], v[2], s[STARTED], a[id=EGsu124hRLGmN93S1utdEg]

routing_nodes:
-----node_id[gARHa-_1Tqy61zspi-0ezg][V]
--------[test][2], node[gARHa-_1Tqy61zspi-0ezg], [R], v[2], s[INITIALIZING], a[id=YnJU2SWBQ5u0RBBsaPcgWQ], unassigned_info[[reason=INDEX_CREATED], at[2016-04-18T07:03:50.892Z]]
--------[test][0], node[gARHa-_1Tqy61zspi-0ezg], [P], v[2], s[STARTED], a[id=y8kvTCNXRnupq9bRJrYJ2Q]
-----node_id[N_BWPYTZSaiMCs2d2s5TXw][V]
--------[test][1], node[N_BWPYTZSaiMCs2d2s5TXw], [P], v[3], s[STARTED], a[id=fIs6TkipQgiUlmTVT2CONg]
--------[test][0], node[N_BWPYTZSaiMCs2d2s5TXw], [R], v[2], s[INITIALIZING], a[id=c4bDimtaRT-dXwgq8zSVOw], unassigned_info[[reason=INDEX_CREATED], at[2016-04-18T07:03:50.892Z]]
-----node_id[h4IC1hr4QIqf2QUxGSgJJQ][V]
-----node_id[_-f-elo_SJ28xBV3EpayNg][V]
--------[test][2], node[_-f-elo_SJ28xBV3EpayNg], [P], v[2], s[STARTED], a[id=EGsu124hRLGmN93S1utdEg]
--------[test][1], node[_-f-elo_SJ28xBV3EpayNg], [R], v[3], s[STARTED], a[id=4Q-_VkkjRUKGwYK0rqB-5w]
---- unassigned

[2016-04-18 03:03:50,937][DEBUG][org.elasticsearch.cluster.service] [node_t1] set local cluster state to version 9
[2016-04-18 03:03:50,937][DEBUG][org.elasticsearch.cluster.service] [node_t2] processing [local-disco-receive(from master)]: took 3ms done applying updated cluster_state (version: 9, uuid: UsGqnzn4RbiSytI5WW4BXw)
[2016-04-18 03:03:50,936][TRACE][org.elasticsearch.cluster.service] [node_t4] cluster state updated, source [local-disco-receive(from master)]
version: 9
state uuid: UsGqnzn4RbiSytI5WW4BXw
from_diff: false
meta data version: 4
nodes: 
   {node_t2}{gARHa-_1Tqy61zspi-0ezg}{local}{local[101]}[mode=>local, master=>false]
   {node_t1}{N_BWPYTZSaiMCs2d2s5TXw}{local}{local[100]}[master=>false, mode=>local]
   {node_t3}{_-f-elo_SJ28xBV3EpayNg}{local}{local[102]}[mode=>local, master=>false]
   {node_t0}{QrGQ9LkSSwKjg5hFzloMFw}{local}{local[99]}[data=>false, mode=>local, master=>true], master
   {node_t4}{h4IC1hr4QIqf2QUxGSgJJQ}{local}{local[103]}[mode=>local, master=>false], local
routing_table (version 4):
-- index [test]
----shard_id [test][0]
--------[test][0], node[gARHa-_1Tqy61zspi-0ezg], [P], v[2], s[STARTED], a[id=y8kvTCNXRnupq9bRJrYJ2Q]
--------[test][0], node[N_BWPYTZSaiMCs2d2s5TXw], [R], v[2], s[INITIALIZING], a[id=c4bDimtaRT-dXwgq8zSVOw], unassigned_info[[reason=INDEX_CREATED], at[2016-04-18T07:03:50.892Z]]
----shard_id [test][1]
--------[test][1], node[N_BWPYTZSaiMCs2d2s5TXw], [P], v[3], s[STARTED], a[id=fIs6TkipQgiUlmTVT2CONg]
--------[test][1], node[_-f-elo_SJ28xBV3EpayNg], [R], v[3], s[STARTED], a[id=4Q-_VkkjRUKGwYK0rqB-5w]
----shard_id [test][2]
--------[test][2], node[gARHa-_1Tqy61zspi-0ezg], [R], v[2], s[INITIALIZING], a[id=YnJU2SWBQ5u0RBBsaPcgWQ], unassigned_info[[reason=INDEX_CREATED], at[2016-04-18T07:03:50.892Z]]
--------[test][2], node[_-f-elo_SJ28xBV3EpayNg], [P], v[2], s[STARTED], a[id=EGsu124hRLGmN93S1utdEg]

routing_nodes:
-----node_id[gARHa-_1Tqy61zspi-0ezg][V]
--------[test][2], node[gARHa-_1Tqy61zspi-0ezg], [R], v[2], s[INITIALIZING], a[id=YnJU2SWBQ5u0RBBsaPcgWQ], unassigned_info[[reason=INDEX_CREATED], at[2016-04-18T07:03:50.892Z]]
--------[test][0], node[gARHa-_1Tqy61zspi-0ezg], [P], v[2], s[STARTED], a[id=y8kvTCNXRnupq9bRJrYJ2Q]
-----node_id[N_BWPYTZSaiMCs2d2s5TXw][V]
--------[test][1], node[N_BWPYTZSaiMCs2d2s5TXw], [P], v[3], s[STARTED], a[id=fIs6TkipQgiUlmTVT2CONg]
--------[test][0], node[N_BWPYTZSaiMCs2d2s5TXw], [R], v[2], s[INITIALIZING], a[id=c4bDimtaRT-dXwgq8zSVOw], unassigned_info[[reason=INDEX_CREATED], at[2016-04-18T07:03:50.892Z]]
-----node_id[h4IC1hr4QIqf2QUxGSgJJQ][V]
-----node_id[_-f-elo_SJ28xBV3EpayNg][V]
--------[test][2], node[_-f-elo_SJ28xBV3EpayNg], [P], v[2], s[STARTED], a[id=EGsu124hRLGmN93S1utdEg]
--------[test][1], node[_-f-elo_SJ28xBV3EpayNg], [R], v[3], s[STARTED], a[id=4Q-_VkkjRUKGwYK0rqB-5w]
---- unassigned

[2016-04-18 03:03:50,938][DEBUG][org.elasticsearch.cluster.service] [node_t4] set local cluster state to version 9
[2016-04-18 03:03:50,938][DEBUG][org.elasticsearch.cluster.service] [node_t4] processing [local-disco-receive(from master)]: took 2ms done applying updated cluster_state (version: 9, uuid: UsGqnzn4RbiSytI5WW4BXw)
[2016-04-18 03:03:50,939][DEBUG][org.elasticsearch.cluster.service] [node_t3] processing [local-disco-receive(from master)]: took 3ms done applying updated cluster_state (version: 9, uuid: UsGqnzn4RbiSytI5WW4BXw)
[2016-04-18 03:03:50,940][TRACE][org.elasticsearch.cluster.service] [node_t2] will process [indices_store ([[test][1]] active fully on other nodes)]
[2016-04-18 03:03:50,940][DEBUG][org.elasticsearch.cluster.service] [node_t2] processing [indices_store ([[test][1]] active fully on other nodes)]: execute
[2016-04-18 03:03:50,940][DEBUG][org.elasticsearch.cluster.service] [node_t1] processing [local-disco-receive(from master)]: took 3ms done applying updated cluster_state (version: 9, uuid: UsGqnzn4RbiSytI5WW4BXw)
[2016-04-18 03:03:50,940][DEBUG][org.elasticsearch.cluster.service] [node_t0] set local cluster state to version 9
[2016-04-18 03:03:50,943][DEBUG][org.elasticsearch.cluster.service] [node_t0] processing [shard-started ([test][1], node[_-f-elo_SJ28xBV3EpayNg], [R], v[2], s[INITIALIZING], a[id=4Q-_VkkjRUKGwYK0rqB-5w], unassigned_info[[reason=INDEX_CREATED], at[2016-04-18T07:03:50.892Z]]), reason [after recovery (replica) from node [{node_t1}{N_BWPYTZSaiMCs2d2s5TXw}{local}{local[100]}[master=>false, mode=>local]]]]: took 10ms done applying updated cluster_state (version: 9, uuid: UsGqnzn4RbiSytI5WW4BXw)
[2016-04-18 03:03:50,943][TRACE][org.elasticsearch.cluster.service] [node_t0] will process [shard-started ([test][2], node[gARHa-_1Tqy61zspi-0ezg], [R], v[2], s[INITIALIZING], a[id=YnJU2SWBQ5u0RBBsaPcgWQ], unassigned_info[[reason=INDEX_CREATED], at[2016-04-18T07:03:50.892Z]]), reason [after recovery (replica) from node [{node_t3}{_-f-elo_SJ28xBV3EpayNg}{local}{local[102]}[mode=>local, master=>false]]]]
[2016-04-18 03:03:50,943][TRACE][org.elasticsearch.cluster.service] [node_t0] will process [shard-started ([test][2], node[gARHa-_1Tqy61zspi-0ezg], [R], v[2], s[INITIALIZING], a[id=YnJU2SWBQ5u0RBBsaPcgWQ], unassigned_info[[reason=INDEX_CREATED], at[2016-04-18T07:03:50.892Z]]), reason [master {node_t0}{QrGQ9LkSSwKjg5hFzloMFw}{local}{local[99]}[mode=>local, master=>true, data=>false] marked shard as initializing, but shard state is [POST_RECOVERY], mark shard as started]]
[2016-04-18 03:03:50,943][DEBUG][org.elasticsearch.cluster.service] [node_t0] processing [shard-started ([test][2], node[gARHa-_1Tqy61zspi-0ezg], [R], v[2], s[INITIALIZING], a[id=YnJU2SWBQ5u0RBBsaPcgWQ], unassigned_info[[reason=INDEX_CREATED], at[2016-04-18T07:03:50.892Z]]), reason [after recovery (replica) from node [{node_t3}{_-f-elo_SJ28xBV3EpayNg}{local}{local[102]}[mode=>local, master=>false]]],shard-started ([test][2], node[gARHa-_1Tqy61zspi-0ezg], [R], v[2], s[INITIALIZING], a[id=YnJU2SWBQ5u0RBBsaPcgWQ], unassigned_info[[reason=INDEX_CREATED], at[2016-04-18T07:03:50.892Z]]), reason [master {node_t0}{QrGQ9LkSSwKjg5hFzloMFw}{local}{local[99]}[mode=>local, master=>true, data=>false] marked shard as initializing, but shard state is [POST_RECOVERY], mark shard as started]]: execute
[2016-04-18 03:03:50,943][DEBUG][org.elasticsearch.cluster.service] [node_t2] processing [indices_store ([[test][1]] active fully on other nodes)]: took 3ms no change in cluster_state
[2016-04-18 03:03:50,944][TRACE][org.elasticsearch.cluster.service] [node_t0] cluster state updated, source [shard-started ([test][2], node[gARHa-_1Tqy61zspi-0ezg], [R], v[2], s[INITIALIZING], a[id=YnJU2SWBQ5u0RBBsaPcgWQ], unassigned_info[[reason=INDEX_CREATED], at[2016-04-18T07:03:50.892Z]]), reason [after recovery (replica) from node [{node_t3}{_-f-elo_SJ28xBV3EpayNg}{local}{local[102]}[mode=>local, master=>false]]],shard-started ([test][2], node[gARHa-_1Tqy61zspi-0ezg], [R], v[2], s[INITIALIZING], a[id=YnJU2SWBQ5u0RBBsaPcgWQ], unassigned_info[[reason=INDEX_CREATED], at[2016-04-18T07:03:50.892Z]]), reason [master {node_t0}{QrGQ9LkSSwKjg5hFzloMFw}{local}{local[99]}[mode=>local, master=>true, data=>false] marked shard as initializing, but shard state is [POST_RECOVERY], mark shard as started]]
version: 10
state uuid: 2kW7SRezTD-jj3lrG_Gy4w
from_diff: false
meta data version: 5
nodes: 
   {node_t2}{gARHa-_1Tqy61zspi-0ezg}{local}{local[101]}[mode=>local, master=>false]
   {node_t1}{N_BWPYTZSaiMCs2d2s5TXw}{local}{local[100]}[mode=>local, master=>false]
   {node_t3}{_-f-elo_SJ28xBV3EpayNg}{local}{local[102]}[mode=>local, master=>false]
   {node_t0}{QrGQ9LkSSwKjg5hFzloMFw}{local}{local[99]}[mode=>local, master=>true, data=>false], local, master
   {node_t4}{h4IC1hr4QIqf2QUxGSgJJQ}{local}{local[103]}[mode=>local, master=>false]
routing_table (version 5):
-- index [test]
----shard_id [test][0]
--------[test][0], node[gARHa-_1Tqy61zspi-0ezg], [P], v[2], s[STARTED], a[id=y8kvTCNXRnupq9bRJrYJ2Q]
--------[test][0], node[N_BWPYTZSaiMCs2d2s5TXw], [R], v[2], s[INITIALIZING], a[id=c4bDimtaRT-dXwgq8zSVOw], unassigned_info[[reason=INDEX_CREATED], at[2016-04-18T07:03:50.892Z]]
----shard_id [test][1]
--------[test][1], node[N_BWPYTZSaiMCs2d2s5TXw], [P], v[3], s[STARTED], a[id=fIs6TkipQgiUlmTVT2CONg]
--------[test][1], node[_-f-elo_SJ28xBV3EpayNg], [R], v[3], s[STARTED], a[id=4Q-_VkkjRUKGwYK0rqB-5w]
----shard_id [test][2]
--------[test][2], node[gARHa-_1Tqy61zspi-0ezg], [R], v[3], s[STARTED], a[id=YnJU2SWBQ5u0RBBsaPcgWQ]
--------[test][2], node[_-f-elo_SJ28xBV3EpayNg], [P], v[3], s[STARTED], a[id=EGsu124hRLGmN93S1utdEg]

routing_nodes:
-----node_id[gARHa-_1Tqy61zspi-0ezg][V]
--------[test][2], node[gARHa-_1Tqy61zspi-0ezg], [R], v[3], s[STARTED], a[id=YnJU2SWBQ5u0RBBsaPcgWQ]
--------[test][0], node[gARHa-_1Tqy61zspi-0ezg], [P], v[2], s[STARTED], a[id=y8kvTCNXRnupq9bRJrYJ2Q]
-----node_id[N_BWPYTZSaiMCs2d2s5TXw][V]
--------[test][1], node[N_BWPYTZSaiMCs2d2s5TXw], [P], v[3], s[STARTED], a[id=fIs6TkipQgiUlmTVT2CONg]
--------[test][0], node[N_BWPYTZSaiMCs2d2s5TXw], [R], v[2], s[INITIALIZING], a[id=c4bDimtaRT-dXwgq8zSVOw], unassigned_info[[reason=INDEX_CREATED], at[2016-04-18T07:03:50.892Z]]
-----node_id[h4IC1hr4QIqf2QUxGSgJJQ][V]
-----node_id[_-f-elo_SJ28xBV3EpayNg][V]
--------[test][2], node[_-f-elo_SJ28xBV3EpayNg], [P], v[3], s[STARTED], a[id=EGsu124hRLGmN93S1utdEg]
--------[test][1], node[_-f-elo_SJ28xBV3EpayNg], [R], v[3], s[STARTED], a[id=4Q-_VkkjRUKGwYK0rqB-5w]
---- unassigned

[2016-04-18 03:03:50,944][DEBUG][org.elasticsearch.cluster.service] [node_t0] publishing cluster state version [10]
[2016-04-18 03:03:50,944][TRACE][org.elasticsearch.cluster.service] [node_t1] will process [local-disco-receive(from master)]
[2016-04-18 03:03:50,945][DEBUG][org.elasticsearch.cluster.service] [node_t1] processing [local-disco-receive(from master)]: execute
[2016-04-18 03:03:50,945][TRACE][org.elasticsearch.cluster.service] [node_t2] will process [local-disco-receive(from master)]
[2016-04-18 03:03:50,945][DEBUG][org.elasticsearch.cluster.service] [node_t2] processing [local-disco-receive(from master)]: execute
[2016-04-18 03:03:50,945][TRACE][org.elasticsearch.cluster.service] [node_t3] will process [local-disco-receive(from master)]
[2016-04-18 03:03:50,945][DEBUG][org.elasticsearch.cluster.service] [node_t3] processing [local-disco-receive(from master)]: execute
[2016-04-18 03:03:50,945][TRACE][org.elasticsearch.cluster.service] [node_t1] cluster state updated, source [local-disco-receive(from master)]
version: 10
state uuid: 2kW7SRezTD-jj3lrG_Gy4w
from_diff: false
meta data version: 5
nodes: 
   {node_t2}{gARHa-_1Tqy61zspi-0ezg}{local}{local[101]}[master=>false, mode=>local]
   {node_t1}{N_BWPYTZSaiMCs2d2s5TXw}{local}{local[100]}[mode=>local, master=>false], local
   {node_t3}{_-f-elo_SJ28xBV3EpayNg}{local}{local[102]}[mode=>local, master=>false]
   {node_t0}{QrGQ9LkSSwKjg5hFzloMFw}{local}{local[99]}[mode=>local, master=>true, data=>false], master
   {node_t4}{h4IC1hr4QIqf2QUxGSgJJQ}{local}{local[103]}[master=>false, mode=>local]
routing_table (version 5):
-- index [test]
----shard_id [test][0]
--------[test][0], node[gARHa-_1Tqy61zspi-0ezg], [P], v[2], s[STARTED], a[id=y8kvTCNXRnupq9bRJrYJ2Q]
--------[test][0], node[N_BWPYTZSaiMCs2d2s5TXw], [R], v[2], s[INITIALIZING], a[id=c4bDimtaRT-dXwgq8zSVOw], unassigned_info[[reason=INDEX_CREATED], at[2016-04-18T07:03:50.892Z]]
----shard_id [test][1]
--------[test][1], node[N_BWPYTZSaiMCs2d2s5TXw], [P], v[3], s[STARTED], a[id=fIs6TkipQgiUlmTVT2CONg]
--------[test][1], node[_-f-elo_SJ28xBV3EpayNg], [R], v[3], s[STARTED], a[id=4Q-_VkkjRUKGwYK0rqB-5w]
----shard_id [test][2]
--------[test][2], node[gARHa-_1Tqy61zspi-0ezg], [R], v[3], s[STARTED], a[id=YnJU2SWBQ5u0RBBsaPcgWQ]
--------[test][2], node[_-f-elo_SJ28xBV3EpayNg], [P], v[3], s[STARTED], a[id=EGsu124hRLGmN93S1utdEg]

routing_nodes:
-----node_id[gARHa-_1Tqy61zspi-0ezg][V]
--------[test][2], node[gARHa-_1Tqy61zspi-0ezg], [R], v[3], s[STARTED], a[id=YnJU2SWBQ5u0RBBsaPcgWQ]
--------[test][0], node[gARHa-_1Tqy61zspi-0ezg], [P], v[2], s[STARTED], a[id=y8kvTCNXRnupq9bRJrYJ2Q]
-----node_id[N_BWPYTZSaiMCs2d2s5TXw][V]
--------[test][1], node[N_BWPYTZSaiMCs2d2s5TXw], [P], v[3], s[STARTED], a[id=fIs6TkipQgiUlmTVT2CONg]
--------[test][0], node[N_BWPYTZSaiMCs2d2s5TXw], [R], v[2], s[INITIALIZING], a[id=c4bDimtaRT-dXwgq8zSVOw], unassigned_info[[reason=INDEX_CREATED], at[2016-04-18T07:03:50.892Z]]
-----node_id[h4IC1hr4QIqf2QUxGSgJJQ][V]
-----node_id[_-f-elo_SJ28xBV3EpayNg][V]
--------[test][2], node[_-f-elo_SJ28xBV3EpayNg], [P], v[3], s[STARTED], a[id=EGsu124hRLGmN93S1utdEg]
--------[test][1], node[_-f-elo_SJ28xBV3EpayNg], [R], v[3], s[STARTED], a[id=4Q-_VkkjRUKGwYK0rqB-5w]
---- unassigned

[2016-04-18 03:03:50,946][DEBUG][org.elasticsearch.cluster.service] [node_t1] set local cluster state to version 10
[2016-04-18 03:03:50,945][TRACE][org.elasticsearch.cluster.service] [node_t4] will process [local-disco-receive(from master)]
[2016-04-18 03:03:50,947][DEBUG][org.elasticsearch.cluster.service] [node_t4] processing [local-disco-receive(from master)]: execute
[2016-04-18 03:03:50,947][TRACE][org.elasticsearch.cluster.service] [node_t4] cluster state updated, source [local-disco-receive(from master)]
version: 10
state uuid: 2kW7SRezTD-jj3lrG_Gy4w
from_diff: false
meta data version: 5
nodes: 
   {node_t2}{gARHa-_1Tqy61zspi-0ezg}{local}{local[101]}[mode=>local, master=>false]
   {node_t1}{N_BWPYTZSaiMCs2d2s5TXw}{local}{local[100]}[master=>false, mode=>local]
   {node_t3}{_-f-elo_SJ28xBV3EpayNg}{local}{local[102]}[mode=>local, master=>false]
   {node_t0}{QrGQ9LkSSwKjg5hFzloMFw}{local}{local[99]}[data=>false, mode=>local, master=>true], master
   {node_t4}{h4IC1hr4QIqf2QUxGSgJJQ}{local}{local[103]}[mode=>local, master=>false], local
routing_table (version 5):
-- index [test]
----shard_id [test][0]
--------[test][0], node[gARHa-_1Tqy61zspi-0ezg], [P], v[2], s[STARTED], a[id=y8kvTCNXRnupq9bRJrYJ2Q]
--------[test][0], node[N_BWPYTZSaiMCs2d2s5TXw], [R], v[2], s[INITIALIZING], a[id=c4bDimtaRT-dXwgq8zSVOw], unassigned_info[[reason=INDEX_CREATED], at[2016-04-18T07:03:50.892Z]]
----shard_id [test][1]
--------[test][1], node[N_BWPYTZSaiMCs2d2s5TXw], [P], v[3], s[STARTED], a[id=fIs6TkipQgiUlmTVT2CONg]
--------[test][1], node[_-f-elo_SJ28xBV3EpayNg], [R], v[3], s[STARTED], a[id=4Q-_VkkjRUKGwYK0rqB-5w]
----shard_id [test][2]
--------[test][2], node[gARHa-_1Tqy61zspi-0ezg], [R], v[3], s[STARTED], a[id=YnJU2SWBQ5u0RBBsaPcgWQ]
--------[test][2], node[_-f-elo_SJ28xBV3EpayNg], [P], v[3], s[STARTED], a[id=EGsu124hRLGmN93S1utdEg]

routing_nodes:
-----node_id[gARHa-_1Tqy61zspi-0ezg][V]
--------[test][2], node[gARHa-_1Tqy61zspi-0ezg], [R], v[3], s[STARTED], a[id=YnJU2SWBQ5u0RBBsaPcgWQ]
--------[test][0], node[gARHa-_1Tqy61zspi-0ezg], [P], v[2], s[STARTED], a[id=y8kvTCNXRnupq9bRJrYJ2Q]
-----node_id[N_BWPYTZSaiMCs2d2s5TXw][V]
--------[test][1], node[N_BWPYTZSaiMCs2d2s5TXw], [P], v[3], s[STARTED], a[id=fIs6TkipQgiUlmTVT2CONg]
--------[test][0], node[N_BWPYTZSaiMCs2d2s5TXw], [R], v[2], s[INITIALIZING], a[id=c4bDimtaRT-dXwgq8zSVOw], unassigned_info[[reason=INDEX_CREATED], at[2016-04-18T07:03:50.892Z]]
-----node_id[h4IC1hr4QIqf2QUxGSgJJQ][V]
-----node_id[_-f-elo_SJ28xBV3EpayNg][V]
--------[test][2], node[_-f-elo_SJ28xBV3EpayNg], [P], v[3], s[STARTED], a[id=EGsu124hRLGmN93S1utdEg]
--------[test][1], node[_-f-elo_SJ28xBV3EpayNg], [R], v[3], s[STARTED], a[id=4Q-_VkkjRUKGwYK0rqB-5w]
---- unassigned

[2016-04-18 03:03:50,947][DEBUG][org.elasticsearch.cluster.service] [node_t4] set local cluster state to version 10
[2016-04-18 03:03:50,946][TRACE][org.elasticsearch.cluster.service] [node_t3] cluster state updated, source [local-disco-receive(from master)]
version: 10
state uuid: 2kW7SRezTD-jj3lrG_Gy4w
from_diff: false
meta data version: 5
nodes: 
   {node_t2}{gARHa-_1Tqy61zspi-0ezg}{local}{local[101]}[master=>false, mode=>local]
   {node_t1}{N_BWPYTZSaiMCs2d2s5TXw}{local}{local[100]}[master=>false, mode=>local]
   {node_t3}{_-f-elo_SJ28xBV3EpayNg}{local}{local[102]}[mode=>local, master=>false], local
   {node_t0}{QrGQ9LkSSwKjg5hFzloMFw}{local}{local[99]}[data=>false, mode=>local, master=>true], master
   {node_t4}{h4IC1hr4QIqf2QUxGSgJJQ}{local}{local[103]}[master=>false, mode=>local]
routing_table (version 5):
-- index [test]
----shard_id [test][0]
--------[test][0], node[gARHa-_1Tqy61zspi-0ezg], [P], v[2], s[STARTED], a[id=y8kvTCNXRnupq9bRJrYJ2Q]
--------[test][0], node[N_BWPYTZSaiMCs2d2s5TXw], [R], v[2], s[INITIALIZING], a[id=c4bDimtaRT-dXwgq8zSVOw], unassigned_info[[reason=INDEX_CREATED], at[2016-04-18T07:03:50.892Z]]
----shard_id [test][1]
--------[test][1], node[N_BWPYTZSaiMCs2d2s5TXw], [P], v[3], s[STARTED], a[id=fIs6TkipQgiUlmTVT2CONg]
--------[test][1], node[_-f-elo_SJ28xBV3EpayNg], [R], v[3], s[STARTED], a[id=4Q-_VkkjRUKGwYK0rqB-5w]
----shard_id [test][2]
--------[test][2], node[gARHa-_1Tqy61zspi-0ezg], [R], v[3], s[STARTED], a[id=YnJU2SWBQ5u0RBBsaPcgWQ]
--------[test][2], node[_-f-elo_SJ28xBV3EpayNg], [P], v[3], s[STARTED], a[id=EGsu124hRLGmN93S1utdEg]

routing_nodes:
-----node_id[gARHa-_1Tqy61zspi-0ezg][V]
--------[test][2], node[gARHa-_1Tqy61zspi-0ezg], [R], v[3], s[STARTED], a[id=YnJU2SWBQ5u0RBBsaPcgWQ]
--------[test][0], node[gARHa-_1Tqy61zspi-0ezg], [P], v[2], s[STARTED], a[id=y8kvTCNXRnupq9bRJrYJ2Q]
-----node_id[N_BWPYTZSaiMCs2d2s5TXw][V]
--------[test][1], node[N_BWPYTZSaiMCs2d2s5TXw], [P], v[3], s[STARTED], a[id=fIs6TkipQgiUlmTVT2CONg]
--------[test][0], node[N_BWPYTZSaiMCs2d2s5TXw], [R], v[2], s[INITIALIZING], a[id=c4bDimtaRT-dXwgq8zSVOw], unassigned_info[[reason=INDEX_CREATED], at[2016-04-18T07:03:50.892Z]]
-----node_id[h4IC1hr4QIqf2QUxGSgJJQ][V]
-----node_id[_-f-elo_SJ28xBV3EpayNg][V]
--------[test][2], node[_-f-elo_SJ28xBV3EpayNg], [P], v[3], s[STARTED], a[id=EGsu124hRLGmN93S1utdEg]
--------[test][1], node[_-f-elo_SJ28xBV3EpayNg], [R], v[3], s[STARTED], a[id=4Q-_VkkjRUKGwYK0rqB-5w]
---- unassigned

[2016-04-18 03:03:50,948][DEBUG][org.elasticsearch.cluster.service] [node_t3] set local cluster state to version 10
[2016-04-18 03:03:50,945][TRACE][org.elasticsearch.cluster.service] [node_t2] cluster state updated, source [local-disco-receive(from master)]
version: 10
state uuid: 2kW7SRezTD-jj3lrG_Gy4w
from_diff: false
meta data version: 5
nodes: 
   {node_t2}{gARHa-_1Tqy61zspi-0ezg}{local}{local[101]}[mode=>local, master=>false], local
   {node_t1}{N_BWPYTZSaiMCs2d2s5TXw}{local}{local[100]}[mode=>local, master=>false]
   {node_t3}{_-f-elo_SJ28xBV3EpayNg}{local}{local[102]}[mode=>local, master=>false]
   {node_t0}{QrGQ9LkSSwKjg5hFzloMFw}{local}{local[99]}[mode=>local, master=>true, data=>false], master
   {node_t4}{h4IC1hr4QIqf2QUxGSgJJQ}{local}{local[103]}[mode=>local, master=>false]
routing_table (version 5):
-- index [test]
----shard_id [test][0]
--------[test][0], node[gARHa-_1Tqy61zspi-0ezg], [P], v[2], s[STARTED], a[id=y8kvTCNXRnupq9bRJrYJ2Q]
--------[test][0], node[N_BWPYTZSaiMCs2d2s5TXw], [R], v[2], s[INITIALIZING], a[id=c4bDimtaRT-dXwgq8zSVOw], unassigned_info[[reason=INDEX_CREATED], at[2016-04-18T07:03:50.892Z]]
----shard_id [test][1]
--------[test][1], node[N_BWPYTZSaiMCs2d2s5TXw], [P], v[3], s[STARTED], a[id=fIs6TkipQgiUlmTVT2CONg]
--------[test][1], node[_-f-elo_SJ28xBV3EpayNg], [R], v[3], s[STARTED], a[id=4Q-_VkkjRUKGwYK0rqB-5w]
----shard_id [test][2]
--------[test][2], node[gARHa-_1Tqy61zspi-0ezg], [R], v[3], s[STARTED], a[id=YnJU2SWBQ5u0RBBsaPcgWQ]
--------[test][2], node[_-f-elo_SJ28xBV3EpayNg], [P], v[3], s[STARTED], a[id=EGsu124hRLGmN93S1utdEg]

routing_nodes:
-----node_id[gARHa-_1Tqy61zspi-0ezg][V]
--------[test][2], node[gARHa-_1Tqy61zspi-0ezg], [R], v[3], s[STARTED], a[id=YnJU2SWBQ5u0RBBsaPcgWQ]
--------[test][0], node[gARHa-_1Tqy61zspi-0ezg], [P], v[2], s[STARTED], a[id=y8kvTCNXRnupq9bRJrYJ2Q]
-----node_id[N_BWPYTZSaiMCs2d2s5TXw][V]
--------[test][1], node[N_BWPYTZSaiMCs2d2s5TXw], [P], v[3], s[STARTED], a[id=fIs6TkipQgiUlmTVT2CONg]
--------[test][0], node[N_BWPYTZSaiMCs2d2s5TXw], [R], v[2], s[INITIALIZING], a[id=c4bDimtaRT-dXwgq8zSVOw], unassigned_info[[reason=INDEX_CREATED], at[2016-04-18T07:03:50.892Z]]
-----node_id[h4IC1hr4QIqf2QUxGSgJJQ][V]
-----node_id[_-f-elo_SJ28xBV3EpayNg][V]
--------[test][2], node[_-f-elo_SJ28xBV3EpayNg], [P], v[3], s[STARTED], a[id=EGsu124hRLGmN93S1utdEg]
--------[test][1], node[_-f-elo_SJ28xBV3EpayNg], [R], v[3], s[STARTED], a[id=4Q-_VkkjRUKGwYK0rqB-5w]
---- unassigned

[2016-04-18 03:03:50,948][DEBUG][org.elasticsearch.cluster.service] [node_t2] set local cluster state to version 10
[2016-04-18 03:03:50,948][DEBUG][org.elasticsearch.cluster.service] [node_t4] processing [local-disco-receive(from master)]: took 1ms done applying updated cluster_state (version: 10, uuid: 2kW7SRezTD-jj3lrG_Gy4w)
[2016-04-18 03:03:50,949][DEBUG][org.elasticsearch.cluster.service] [node_t1] processing [local-disco-receive(from master)]: took 3ms done applying updated cluster_state (version: 10, uuid: 2kW7SRezTD-jj3lrG_Gy4w)
[2016-04-18 03:03:50,951][DEBUG][org.elasticsearch.cluster.service] [node_t3] processing [local-disco-receive(from master)]: took 5ms done applying updated cluster_state (version: 10, uuid: 2kW7SRezTD-jj3lrG_Gy4w)
[2016-04-18 03:03:50,951][DEBUG][org.elasticsearch.cluster.service] [node_t2] processing [local-disco-receive(from master)]: took 5ms done applying updated cluster_state (version: 10, uuid: 2kW7SRezTD-jj3lrG_Gy4w)
[2016-04-18 03:03:50,951][DEBUG][org.elasticsearch.cluster.service] [node_t0] set local cluster state to version 10
[2016-04-18 03:03:50,951][TRACE][org.elasticsearch.cluster.service] [node_t2] will process [indices_store ([[test][1]] active fully on other nodes)]
[2016-04-18 03:03:50,951][DEBUG][org.elasticsearch.cluster.service] [node_t2] processing [indices_store ([[test][1]] active fully on other nodes)]: execute
[2016-04-18 03:03:50,952][TRACE][org.elasticsearch.cluster.service] [node_t1] will process [indices_store ([[test][2]] active fully on other nodes)]
[2016-04-18 03:03:50,952][DEBUG][org.elasticsearch.cluster.service] [node_t1] processing [indices_store ([[test][2]] active fully on other nodes)]: execute
[2016-04-18 03:03:50,954][DEBUG][org.elasticsearch.cluster.service] [node_t0] processing [shard-started ([test][2], node[gARHa-_1Tqy61zspi-0ezg], [R], v[2], s[INITIALIZING], a[id=YnJU2SWBQ5u0RBBsaPcgWQ], unassigned_info[[reason=INDEX_CREATED], at[2016-04-18T07:03:50.892Z]]), reason [after recovery (replica) from node [{node_t3}{_-f-elo_SJ28xBV3EpayNg}{local}{local[102]}[mode=>local, master=>false]]],shard-started ([test][2], node[gARHa-_1Tqy61zspi-0ezg], [R], v[2], s[INITIALIZING], a[id=YnJU2SWBQ5u0RBBsaPcgWQ], unassigned_info[[reason=INDEX_CREATED], at[2016-04-18T07:03:50.892Z]]), reason [master {node_t0}{QrGQ9LkSSwKjg5hFzloMFw}{local}{local[99]}[mode=>local, master=>true, data=>false] marked shard as initializing, but shard state is [POST_RECOVERY], mark shard as started]]: took 10ms done applying updated cluster_state (version: 10, uuid: 2kW7SRezTD-jj3lrG_Gy4w)
[2016-04-18 03:03:50,954][DEBUG][org.elasticsearch.cluster.service] [node_t2] processing [indices_store ([[test][1]] active fully on other nodes)]: took 2ms no change in cluster_state
[2016-04-18 03:03:50,954][DEBUG][org.elasticsearch.cluster.service] [node_t1] processing [indices_store ([[test][2]] active fully on other nodes)]: took 2ms no change in cluster_state
[2016-04-18 03:03:50,955][TRACE][org.elasticsearch.cluster.service] [node_t0] will process [shard-started ([test][0], node[N_BWPYTZSaiMCs2d2s5TXw], [R], v[2], s[INITIALIZING], a[id=c4bDimtaRT-dXwgq8zSVOw], unassigned_info[[reason=INDEX_CREATED], at[2016-04-18T07:03:50.892Z]]), reason [after recovery (replica) from node [{node_t2}{gARHa-_1Tqy61zspi-0ezg}{local}{local[101]}[master=>false, mode=>local]]]]
[2016-04-18 03:03:50,955][DEBUG][org.elasticsearch.cluster.service] [node_t0] processing [shard-started ([test][0], node[N_BWPYTZSaiMCs2d2s5TXw], [R], v[2], s[INITIALIZING], a[id=c4bDimtaRT-dXwgq8zSVOw], unassigned_info[[reason=INDEX_CREATED], at[2016-04-18T07:03:50.892Z]]), reason [after recovery (replica) from node [{node_t2}{gARHa-_1Tqy61zspi-0ezg}{local}{local[101]}[master=>false, mode=>local]]]]: execute
[2016-04-18 03:03:50,956][TRACE][org.elasticsearch.cluster.service] [node_t0] cluster state updated, source [shard-started ([test][0], node[N_BWPYTZSaiMCs2d2s5TXw], [R], v[2], s[INITIALIZING], a[id=c4bDimtaRT-dXwgq8zSVOw], unassigned_info[[reason=INDEX_CREATED], at[2016-04-18T07:03:50.892Z]]), reason [after recovery (replica) from node [{node_t2}{gARHa-_1Tqy61zspi-0ezg}{local}{local[101]}[master=>false, mode=>local]]]]
version: 11
state uuid: WXe2-rltQsSr7wSjyWrzXw
from_diff: false
meta data version: 6
nodes: 
   {node_t2}{gARHa-_1Tqy61zspi-0ezg}{local}{local[101]}[mode=>local, master=>false]
   {node_t1}{N_BWPYTZSaiMCs2d2s5TXw}{local}{local[100]}[mode=>local, master=>false]
   {node_t3}{_-f-elo_SJ28xBV3EpayNg}{local}{local[102]}[mode=>local, master=>false]
   {node_t0}{QrGQ9LkSSwKjg5hFzloMFw}{local}{local[99]}[mode=>local, master=>true, data=>false], local, master
   {node_t4}{h4IC1hr4QIqf2QUxGSgJJQ}{local}{local[103]}[mode=>local, master=>false]
routing_table (version 6):
-- index [test]
----shard_id [test][0]
--------[test][0], node[gARHa-_1Tqy61zspi-0ezg], [P], v[3], s[STARTED], a[id=y8kvTCNXRnupq9bRJrYJ2Q]
--------[test][0], node[N_BWPYTZSaiMCs2d2s5TXw], [R], v[3], s[STARTED], a[id=c4bDimtaRT-dXwgq8zSVOw]
----shard_id [test][1]
--------[test][1], node[N_BWPYTZSaiMCs2d2s5TXw], [P], v[3], s[STARTED], a[id=fIs6TkipQgiUlmTVT2CONg]
--------[test][1], node[_-f-elo_SJ28xBV3EpayNg], [R], v[3], s[STARTED], a[id=4Q-_VkkjRUKGwYK0rqB-5w]
----shard_id [test][2]
--------[test][2], node[gARHa-_1Tqy61zspi-0ezg], [R], v[3], s[STARTED], a[id=YnJU2SWBQ5u0RBBsaPcgWQ]
--------[test][2], node[_-f-elo_SJ28xBV3EpayNg], [P], v[3], s[STARTED], a[id=EGsu124hRLGmN93S1utdEg]

routing_nodes:
-----node_id[gARHa-_1Tqy61zspi-0ezg][V]
--------[test][2], node[gARHa-_1Tqy61zspi-0ezg], [R], v[3], s[STARTED], a[id=YnJU2SWBQ5u0RBBsaPcgWQ]
--------[test][0], node[gARHa-_1Tqy61zspi-0ezg], [P], v[3], s[STARTED], a[id=y8kvTCNXRnupq9bRJrYJ2Q]
-----node_id[N_BWPYTZSaiMCs2d2s5TXw][V]
--------[test][1], node[N_BWPYTZSaiMCs2d2s5TXw], [P], v[3], s[STARTED], a[id=fIs6TkipQgiUlmTVT2CONg]
--------[test][0], node[N_BWPYTZSaiMCs2d2s5TXw], [R], v[3], s[STARTED], a[id=c4bDimtaRT-dXwgq8zSVOw]
-----node_id[h4IC1hr4QIqf2QUxGSgJJQ][V]
-----node_id[_-f-elo_SJ28xBV3EpayNg][V]
--------[test][2], node[_-f-elo_SJ28xBV3EpayNg], [P], v[3], s[STARTED], a[id=EGsu124hRLGmN93S1utdEg]
--------[test][1], node[_-f-elo_SJ28xBV3EpayNg], [R], v[3], s[STARTED], a[id=4Q-_VkkjRUKGwYK0rqB-5w]
---- unassigned

[2016-04-18 03:03:50,956][DEBUG][org.elasticsearch.cluster.service] [node_t0] publishing cluster state version [11]
[2016-04-18 03:03:50,957][TRACE][org.elasticsearch.cluster.service] [node_t1] will process [local-disco-receive(from master)]
[2016-04-18 03:03:50,957][TRACE][org.elasticsearch.cluster.service] [node_t2] will process [local-disco-receive(from master)]
[2016-04-18 03:03:50,957][TRACE][org.elasticsearch.cluster.service] [node_t3] will process [local-disco-receive(from master)]
[2016-04-18 03:03:50,957][TRACE][org.elasticsearch.cluster.service] [node_t4] will process [local-disco-receive(from master)]
[2016-04-18 03:03:50,957][DEBUG][org.elasticsearch.cluster.service] [node_t3] processing [local-disco-receive(from master)]: execute
[2016-04-18 03:03:50,957][DEBUG][org.elasticsearch.cluster.service] [node_t2] processing [local-disco-receive(from master)]: execute
[2016-04-18 03:03:50,957][DEBUG][org.elasticsearch.cluster.service] [node_t1] processing [local-disco-receive(from master)]: execute
[2016-04-18 03:03:50,957][TRACE][org.elasticsearch.cluster.service] [node_t3] cluster state updated, source [local-disco-receive(from master)]
version: 11
state uuid: WXe2-rltQsSr7wSjyWrzXw
from_diff: false
meta data version: 6
nodes: 
   {node_t2}{gARHa-_1Tqy61zspi-0ezg}{local}{local[101]}[master=>false, mode=>local]
   {node_t1}{N_BWPYTZSaiMCs2d2s5TXw}{local}{local[100]}[master=>false, mode=>local]
   {node_t3}{_-f-elo_SJ28xBV3EpayNg}{local}{local[102]}[mode=>local, master=>false], local
   {node_t0}{QrGQ9LkSSwKjg5hFzloMFw}{local}{local[99]}[data=>false, mode=>local, master=>true], master
   {node_t4}{h4IC1hr4QIqf2QUxGSgJJQ}{local}{local[103]}[master=>false, mode=>local]
routing_table (version 6):
-- index [test]
----shard_id [test][0]
--------[test][0], node[gARHa-_1Tqy61zspi-0ezg], [P], v[3], s[STARTED], a[id=y8kvTCNXRnupq9bRJrYJ2Q]
--------[test][0], node[N_BWPYTZSaiMCs2d2s5TXw], [R], v[3], s[STARTED], a[id=c4bDimtaRT-dXwgq8zSVOw]
----shard_id [test][1]
--------[test][1], node[N_BWPYTZSaiMCs2d2s5TXw], [P], v[3], s[STARTED], a[id=fIs6TkipQgiUlmTVT2CONg]
--------[test][1], node[_-f-elo_SJ28xBV3EpayNg], [R], v[3], s[STARTED], a[id=4Q-_VkkjRUKGwYK0rqB-5w]
----shard_id [test][2]
--------[test][2], node[gARHa-_1Tqy61zspi-0ezg], [R], v[3], s[STARTED], a[id=YnJU2SWBQ5u0RBBsaPcgWQ]
--------[test][2], node[_-f-elo_SJ28xBV3EpayNg], [P], v[3], s[STARTED], a[id=EGsu124hRLGmN93S1utdEg]

routing_nodes:
-----node_id[gARHa-_1Tqy61zspi-0ezg][V]
--------[test][2], node[gARHa-_1Tqy61zspi-0ezg], [R], v[3], s[STARTED], a[id=YnJU2SWBQ5u0RBBsaPcgWQ]
--------[test][0], node[gARHa-_1Tqy61zspi-0ezg], [P], v[3], s[STARTED], a[id=y8kvTCNXRnupq9bRJrYJ2Q]
-----node_id[N_BWPYTZSaiMCs2d2s5TXw][V]
--------[test][1], node[N_BWPYTZSaiMCs2d2s5TXw], [P], v[3], s[STARTED], a[id=fIs6TkipQgiUlmTVT2CONg]
--------[test][0], node[N_BWPYTZSaiMCs2d2s5TXw], [R], v[3], s[STARTED], a[id=c4bDimtaRT-dXwgq8zSVOw]
-----node_id[h4IC1hr4QIqf2QUxGSgJJQ][V]
-----node_id[_-f-elo_SJ28xBV3EpayNg][V]
--------[test][2], node[_-f-elo_SJ28xBV3EpayNg], [P], v[3], s[STARTED], a[id=EGsu124hRLGmN93S1utdEg]
--------[test][1], node[_-f-elo_SJ28xBV3EpayNg], [R], v[3], s[STARTED], a[id=4Q-_VkkjRUKGwYK0rqB-5w]
---- unassigned

[2016-04-18 03:03:50,957][DEBUG][org.elasticsearch.cluster.service] [node_t4] processing [local-disco-receive(from master)]: execute
[2016-04-18 03:03:50,957][DEBUG][org.elasticsearch.cluster.service] [node_t3] set local cluster state to version 11
[2016-04-18 03:03:50,957][TRACE][org.elasticsearch.cluster.service] [node_t1] cluster state updated, source [local-disco-receive(from master)]
version: 11
state uuid: WXe2-rltQsSr7wSjyWrzXw
from_diff: false
meta data version: 6
nodes: 
   {node_t2}{gARHa-_1Tqy61zspi-0ezg}{local}{local[101]}[master=>false, mode=>local]
   {node_t1}{N_BWPYTZSaiMCs2d2s5TXw}{local}{local[100]}[mode=>local, master=>false], local
   {node_t3}{_-f-elo_SJ28xBV3EpayNg}{local}{local[102]}[mode=>local, master=>false]
   {node_t0}{QrGQ9LkSSwKjg5hFzloMFw}{local}{local[99]}[mode=>local, master=>true, data=>false], master
   {node_t4}{h4IC1hr4QIqf2QUxGSgJJQ}{local}{local[103]}[master=>false, mode=>local]
routing_table (version 6):
-- index [test]
----shard_id [test][0]
--------[test][0], node[gARHa-_1Tqy61zspi-0ezg], [P], v[3], s[STARTED], a[id=y8kvTCNXRnupq9bRJrYJ2Q]
--------[test][0], node[N_BWPYTZSaiMCs2d2s5TXw], [R], v[3], s[STARTED], a[id=c4bDimtaRT-dXwgq8zSVOw]
----shard_id [test][1]
--------[test][1], node[N_BWPYTZSaiMCs2d2s5TXw], [P], v[3], s[STARTED], a[id=fIs6TkipQgiUlmTVT2CONg]
--------[test][1], node[_-f-elo_SJ28xBV3EpayNg], [R], v[3], s[STARTED], a[id=4Q-_VkkjRUKGwYK0rqB-5w]
----shard_id [test][2]
--------[test][2], node[gARHa-_1Tqy61zspi-0ezg], [R], v[3], s[STARTED], a[id=YnJU2SWBQ5u0RBBsaPcgWQ]
--------[test][2], node[_-f-elo_SJ28xBV3EpayNg], [P], v[3], s[STARTED], a[id=EGsu124hRLGmN93S1utdEg]

routing_nodes:
-----node_id[gARHa-_1Tqy61zspi-0ezg][V]
--------[test][2], node[gARHa-_1Tqy61zspi-0ezg], [R], v[3], s[STARTED], a[id=YnJU2SWBQ5u0RBBsaPcgWQ]
--------[test][0], node[gARHa-_1Tqy61zspi-0ezg], [P], v[3], s[STARTED], a[id=y8kvTCNXRnupq9bRJrYJ2Q]
-----node_id[N_BWPYTZSaiMCs2d2s5TXw][V]
--------[test][1], node[N_BWPYTZSaiMCs2d2s5TXw], [P], v[3], s[STARTED], a[id=fIs6TkipQgiUlmTVT2CONg]
--------[test][0], node[N_BWPYTZSaiMCs2d2s5TXw], [R], v[3], s[STARTED], a[id=c4bDimtaRT-dXwgq8zSVOw]
-----node_id[h4IC1hr4QIqf2QUxGSgJJQ][V]
-----node_id[_-f-elo_SJ28xBV3EpayNg][V]
--------[test][2], node[_-f-elo_SJ28xBV3EpayNg], [P], v[3], s[STARTED], a[id=EGsu124hRLGmN93S1utdEg]
--------[test][1], node[_-f-elo_SJ28xBV3EpayNg], [R], v[3], s[STARTED], a[id=4Q-_VkkjRUKGwYK0rqB-5w]
---- unassigned

[2016-04-18 03:03:50,957][TRACE][org.elasticsearch.cluster.service] [node_t2] cluster state updated, source [local-disco-receive(from master)]
version: 11
state uuid: WXe2-rltQsSr7wSjyWrzXw
from_diff: false
meta data version: 6
nodes: 
   {node_t2}{gARHa-_1Tqy61zspi-0ezg}{local}{local[101]}[mode=>local, master=>false], local
   {node_t1}{N_BWPYTZSaiMCs2d2s5TXw}{local}{local[100]}[mode=>local, master=>false]
   {node_t3}{_-f-elo_SJ28xBV3EpayNg}{local}{local[102]}[mode=>local, master=>false]
   {node_t0}{QrGQ9LkSSwKjg5hFzloMFw}{local}{local[99]}[mode=>local, master=>true, data=>false], master
   {node_t4}{h4IC1hr4QIqf2QUxGSgJJQ}{local}{local[103]}[mode=>local, master=>false]
routing_table (version 6):
-- index [test]
----shard_id [test][0]
--------[test][0], node[gARHa-_1Tqy61zspi-0ezg], [P], v[3], s[STARTED], a[id=y8kvTCNXRnupq9bRJrYJ2Q]
--------[test][0], node[N_BWPYTZSaiMCs2d2s5TXw], [R], v[3], s[STARTED], a[id=c4bDimtaRT-dXwgq8zSVOw]
----shard_id [test][1]
--------[test][1], node[N_BWPYTZSaiMCs2d2s5TXw], [P], v[3], s[STARTED], a[id=fIs6TkipQgiUlmTVT2CONg]
--------[test][1], node[_-f-elo_SJ28xBV3EpayNg], [R], v[3], s[STARTED], a[id=4Q-_VkkjRUKGwYK0rqB-5w]
----shard_id [test][2]
--------[test][2], node[gARHa-_1Tqy61zspi-0ezg], [R], v[3], s[STARTED], a[id=YnJU2SWBQ5u0RBBsaPcgWQ]
--------[test][2], node[_-f-elo_SJ28xBV3EpayNg], [P], v[3], s[STARTED], a[id=EGsu124hRLGmN93S1utdEg]

routing_nodes:
-----node_id[gARHa-_1Tqy61zspi-0ezg][V]
--------[test][2], node[gARHa-_1Tqy61zspi-0ezg], [R], v[3], s[STARTED], a[id=YnJU2SWBQ5u0RBBsaPcgWQ]
--------[test][0], node[gARHa-_1Tqy61zspi-0ezg], [P], v[3], s[STARTED], a[id=y8kvTCNXRnupq9bRJrYJ2Q]
-----node_id[N_BWPYTZSaiMCs2d2s5TXw][V]
--------[test][1], node[N_BWPYTZSaiMCs2d2s5TXw], [P], v[3], s[STARTED], a[id=fIs6TkipQgiUlmTVT2CONg]
--------[test][0], node[N_BWPYTZSaiMCs2d2s5TXw], [R], v[3], s[STARTED], a[id=c4bDimtaRT-dXwgq8zSVOw]
-----node_id[h4IC1hr4QIqf2QUxGSgJJQ][V]
-----node_id[_-f-elo_SJ28xBV3EpayNg][V]
--------[test][2], node[_-f-elo_SJ28xBV3EpayNg], [P], v[3], s[STARTED], a[id=EGsu124hRLGmN93S1utdEg]
--------[test][1], node[_-f-elo_SJ28xBV3EpayNg], [R], v[3], s[STARTED], a[id=4Q-_VkkjRUKGwYK0rqB-5w]
---- unassigned

[2016-04-18 03:03:50,958][DEBUG][org.elasticsearch.cluster.service] [node_t2] set local cluster state to version 11
[2016-04-18 03:03:50,957][DEBUG][org.elasticsearch.cluster.service] [node_t1] set local cluster state to version 11
[2016-04-18 03:03:50,957][TRACE][org.elasticsearch.cluster.service] [node_t4] cluster state updated, source [local-disco-receive(from master)]
version: 11
state uuid: WXe2-rltQsSr7wSjyWrzXw
from_diff: false
meta data version: 6
nodes: 
   {node_t2}{gARHa-_1Tqy61zspi-0ezg}{local}{local[101]}[mode=>local, master=>false]
   {node_t1}{N_BWPYTZSaiMCs2d2s5TXw}{local}{local[100]}[master=>false, mode=>local]
   {node_t3}{_-f-elo_SJ28xBV3EpayNg}{local}{local[102]}[mode=>local, master=>false]
   {node_t0}{QrGQ9LkSSwKjg5hFzloMFw}{local}{local[99]}[data=>false, mode=>local, master=>true], master
   {node_t4}{h4IC1hr4QIqf2QUxGSgJJQ}{local}{local[103]}[mode=>local, master=>false], local
routing_table (version 6):
-- index [test]
----shard_id [test][0]
--------[test][0], node[gARHa-_1Tqy61zspi-0ezg], [P], v[3], s[STARTED], a[id=y8kvTCNXRnupq9bRJrYJ2Q]
--------[test][0], node[N_BWPYTZSaiMCs2d2s5TXw], [R], v[3], s[STARTED], a[id=c4bDimtaRT-dXwgq8zSVOw]
----shard_id [test][1]
--------[test][1], node[N_BWPYTZSaiMCs2d2s5TXw], [P], v[3], s[STARTED], a[id=fIs6TkipQgiUlmTVT2CONg]
--------[test][1], node[_-f-elo_SJ28xBV3EpayNg], [R], v[3], s[STARTED], a[id=4Q-_VkkjRUKGwYK0rqB-5w]
----shard_id [test][2]
--------[test][2], node[gARHa-_1Tqy61zspi-0ezg], [R], v[3], s[STARTED], a[id=YnJU2SWBQ5u0RBBsaPcgWQ]
--------[test][2], node[_-f-elo_SJ28xBV3EpayNg], [P], v[3], s[STARTED], a[id=EGsu124hRLGmN93S1utdEg]

routing_nodes:
-----node_id[gARHa-_1Tqy61zspi-0ezg][V]
--------[test][2], node[gARHa-_1Tqy61zspi-0ezg], [R], v[3], s[STARTED], a[id=YnJU2SWBQ5u0RBBsaPcgWQ]
--------[test][0], node[gARHa-_1Tqy61zspi-0ezg], [P], v[3], s[STARTED], a[id=y8kvTCNXRnupq9bRJrYJ2Q]
-----node_id[N_BWPYTZSaiMCs2d2s5TXw][V]
--------[test][1], node[N_BWPYTZSaiMCs2d2s5TXw], [P], v[3], s[STARTED], a[id=fIs6TkipQgiUlmTVT2CONg]
--------[test][0], node[N_BWPYTZSaiMCs2d2s5TXw], [R], v[3], s[STARTED], a[id=c4bDimtaRT-dXwgq8zSVOw]
-----node_id[h4IC1hr4QIqf2QUxGSgJJQ][V]
-----node_id[_-f-elo_SJ28xBV3EpayNg][V]
--------[test][2], node[_-f-elo_SJ28xBV3EpayNg], [P], v[3], s[STARTED], a[id=EGsu124hRLGmN93S1utdEg]
--------[test][1], node[_-f-elo_SJ28xBV3EpayNg], [R], v[3], s[STARTED], a[id=4Q-_VkkjRUKGwYK0rqB-5w]
---- unassigned

[2016-04-18 03:03:50,959][DEBUG][org.elasticsearch.cluster.service] [node_t4] set local cluster state to version 11
[2016-04-18 03:03:50,959][DEBUG][org.elasticsearch.cluster.service] [node_t3] processing [local-disco-receive(from master)]: took 2ms done applying updated cluster_state (version: 11, uuid: WXe2-rltQsSr7wSjyWrzXw)
[2016-04-18 03:03:50,960][DEBUG][org.elasticsearch.cluster.service] [node_t4] processing [local-disco-receive(from master)]: took 2ms done applying updated cluster_state (version: 11, uuid: WXe2-rltQsSr7wSjyWrzXw)
[2016-04-18 03:03:50,961][DEBUG][org.elasticsearch.cluster.service] [node_t2] processing [local-disco-receive(from master)]: took 4ms done applying updated cluster_state (version: 11, uuid: WXe2-rltQsSr7wSjyWrzXw)
[2016-04-18 03:03:50,961][TRACE][org.elasticsearch.cluster.service] [node_t2] will process [indices_store ([[test][1]] active fully on other nodes)]
[2016-04-18 03:03:50,961][DEBUG][org.elasticsearch.cluster.service] [node_t2] processing [indices_store ([[test][1]] active fully on other nodes)]: execute
[2016-04-18 03:03:50,961][DEBUG][org.elasticsearch.cluster.service] [node_t1] processing [local-disco-receive(from master)]: took 4ms done applying updated cluster_state (version: 11, uuid: WXe2-rltQsSr7wSjyWrzXw)
[2016-04-18 03:03:50,961][DEBUG][org.elasticsearch.cluster.service] [node_t0] set local cluster state to version 11
[2016-04-18 03:03:50,962][TRACE][org.elasticsearch.cluster.service] [node_t1] will process [indices_store ([[test][2]] active fully on other nodes)]
[2016-04-18 03:03:50,962][DEBUG][org.elasticsearch.cluster.service] [node_t1] processing [indices_store ([[test][2]] active fully on other nodes)]: execute
[2016-04-18 03:03:50,963][TRACE][org.elasticsearch.cluster.service] [node_t3] will process [indices_store ([[test][0]] active fully on other nodes)]
[2016-04-18 03:03:50,963][DEBUG][org.elasticsearch.cluster.service] [node_t3] processing [indices_store ([[test][0]] active fully on other nodes)]: execute
[2016-04-18 03:03:50,963][DEBUG][org.elasticsearch.cluster.service] [node_t2] processing [indices_store ([[test][1]] active fully on other nodes)]: took 1ms no change in cluster_state
[2016-04-18 03:03:50,963][DEBUG][org.elasticsearch.cluster.service] [node_t1] processing [indices_store ([[test][2]] active fully on other nodes)]: took 1ms no change in cluster_state
[2016-04-18 03:03:50,964][DEBUG][org.elasticsearch.cluster.service] [node_t0] processing [shard-started ([test][0], node[N_BWPYTZSaiMCs2d2s5TXw], [R], v[2], s[INITIALIZING], a[id=c4bDimtaRT-dXwgq8zSVOw], unassigned_info[[reason=INDEX_CREATED], at[2016-04-18T07:03:50.892Z]]), reason [after recovery (replica) from node [{node_t2}{gARHa-_1Tqy61zspi-0ezg}{local}{local[101]}[master=>false, mode=>local]]]]: took 8ms done applying updated cluster_state (version: 11, uuid: WXe2-rltQsSr7wSjyWrzXw)
[2016-04-18 03:03:50,965][TRACE][org.elasticsearch.cluster.service] [node_t0] will process [cluster_update_settings]
[2016-04-18 03:03:50,965][DEBUG][org.elasticsearch.cluster.service] [node_t0] processing [cluster_update_settings]: execute
[2016-04-18 03:03:50,965][DEBUG][org.elasticsearch.cluster.service] [node_t3] processing [indices_store ([[test][0]] active fully on other nodes)]: took 1ms no change in cluster_state
[2016-04-18 03:03:50,965][TRACE][org.elasticsearch.cluster.service] expecting 5 acknowledgements for cluster_state update (version: 12)
[2016-04-18 03:03:50,965][TRACE][org.elasticsearch.cluster.service] [node_t0] cluster state updated, source [cluster_update_settings]
version: 12
state uuid: bg5TPQcBSQS73zoxirBmYw
from_diff: false
meta data version: 7
nodes: 
   {node_t2}{gARHa-_1Tqy61zspi-0ezg}{local}{local[101]}[mode=>local, master=>false]
   {node_t1}{N_BWPYTZSaiMCs2d2s5TXw}{local}{local[100]}[mode=>local, master=>false]
   {node_t3}{_-f-elo_SJ28xBV3EpayNg}{local}{local[102]}[mode=>local, master=>false]
   {node_t0}{QrGQ9LkSSwKjg5hFzloMFw}{local}{local[99]}[mode=>local, master=>true, data=>false], local, master
   {node_t4}{h4IC1hr4QIqf2QUxGSgJJQ}{local}{local[103]}[mode=>local, master=>false]
routing_table (version 6):
-- index [test]
----shard_id [test][0]
--------[test][0], node[gARHa-_1Tqy61zspi-0ezg], [P], v[3], s[STARTED], a[id=y8kvTCNXRnupq9bRJrYJ2Q]
--------[test][0], node[N_BWPYTZSaiMCs2d2s5TXw], [R], v[3], s[STARTED], a[id=c4bDimtaRT-dXwgq8zSVOw]
----shard_id [test][1]
--------[test][1], node[N_BWPYTZSaiMCs2d2s5TXw], [P], v[3], s[STARTED], a[id=fIs6TkipQgiUlmTVT2CONg]
--------[test][1], node[_-f-elo_SJ28xBV3EpayNg], [R], v[3], s[STARTED], a[id=4Q-_VkkjRUKGwYK0rqB-5w]
----shard_id [test][2]
--------[test][2], node[gARHa-_1Tqy61zspi-0ezg], [R], v[3], s[STARTED], a[id=YnJU2SWBQ5u0RBBsaPcgWQ]
--------[test][2], node[_-f-elo_SJ28xBV3EpayNg], [P], v[3], s[STARTED], a[id=EGsu124hRLGmN93S1utdEg]

routing_nodes:
-----node_id[gARHa-_1Tqy61zspi-0ezg][V]
--------[test][2], node[gARHa-_1Tqy61zspi-0ezg], [R], v[3], s[STARTED], a[id=YnJU2SWBQ5u0RBBsaPcgWQ]
--------[test][0], node[gARHa-_1Tqy61zspi-0ezg], [P], v[3], s[STARTED], a[id=y8kvTCNXRnupq9bRJrYJ2Q]
-----node_id[N_BWPYTZSaiMCs2d2s5TXw][V]
--------[test][1], node[N_BWPYTZSaiMCs2d2s5TXw], [P], v[3], s[STARTED], a[id=fIs6TkipQgiUlmTVT2CONg]
--------[test][0], node[N_BWPYTZSaiMCs2d2s5TXw], [R], v[3], s[STARTED], a[id=c4bDimtaRT-dXwgq8zSVOw]
-----node_id[h4IC1hr4QIqf2QUxGSgJJQ][V]
-----node_id[_-f-elo_SJ28xBV3EpayNg][V]
--------[test][2], node[_-f-elo_SJ28xBV3EpayNg], [P], v[3], s[STARTED], a[id=EGsu124hRLGmN93S1utdEg]
--------[test][1], node[_-f-elo_SJ28xBV3EpayNg], [R], v[3], s[STARTED], a[id=4Q-_VkkjRUKGwYK0rqB-5w]
---- unassigned

[2016-04-18 03:03:50,965][DEBUG][org.elasticsearch.cluster.service] [node_t0] publishing cluster state version [12]
[2016-04-18 03:03:50,965][TRACE][org.elasticsearch.cluster.service] [node_t1] will process [local-disco-receive(from master)]
[2016-04-18 03:03:50,965][TRACE][org.elasticsearch.cluster.service] [node_t2] will process [local-disco-receive(from master)]
[2016-04-18 03:03:50,966][TRACE][org.elasticsearch.cluster.service] [node_t4] will process [local-disco-receive(from master)]
[2016-04-18 03:03:50,966][DEBUG][org.elasticsearch.cluster.service] [node_t2] processing [local-disco-receive(from master)]: execute
[2016-04-18 03:03:50,965][TRACE][org.elasticsearch.cluster.service] [node_t3] will process [local-disco-receive(from master)]
[2016-04-18 03:03:50,966][DEBUG][org.elasticsearch.cluster.service] [node_t3] processing [local-disco-receive(from master)]: execute
[2016-04-18 03:03:50,965][DEBUG][org.elasticsearch.cluster.service] [node_t1] processing [local-disco-receive(from master)]: execute
[2016-04-18 03:03:50,966][TRACE][org.elasticsearch.cluster.service] [node_t2] cluster state updated, source [local-disco-receive(from master)]
version: 12
state uuid: bg5TPQcBSQS73zoxirBmYw
from_diff: false
meta data version: 7
nodes: 
   {node_t2}{gARHa-_1Tqy61zspi-0ezg}{local}{local[101]}[mode=>local, master=>false], local
   {node_t1}{N_BWPYTZSaiMCs2d2s5TXw}{local}{local[100]}[mode=>local, master=>false]
   {node_t3}{_-f-elo_SJ28xBV3EpayNg}{local}{local[102]}[mode=>local, master=>false]
   {node_t0}{QrGQ9LkSSwKjg5hFzloMFw}{local}{local[99]}[mode=>local, master=>true, data=>false], master
   {node_t4}{h4IC1hr4QIqf2QUxGSgJJQ}{local}{local[103]}[mode=>local, master=>false]
routing_table (version 6):
-- index [test]
----shard_id [test][0]
--------[test][0], node[gARHa-_1Tqy61zspi-0ezg], [P], v[3], s[STARTED], a[id=y8kvTCNXRnupq9bRJrYJ2Q]
--------[test][0], node[N_BWPYTZSaiMCs2d2s5TXw], [R], v[3], s[STARTED], a[id=c4bDimtaRT-dXwgq8zSVOw]
----shard_id [test][1]
--------[test][1], node[N_BWPYTZSaiMCs2d2s5TXw], [P], v[3], s[STARTED], a[id=fIs6TkipQgiUlmTVT2CONg]
--------[test][1], node[_-f-elo_SJ28xBV3EpayNg], [R], v[3], s[STARTED], a[id=4Q-_VkkjRUKGwYK0rqB-5w]
----shard_id [test][2]
--------[test][2], node[gARHa-_1Tqy61zspi-0ezg], [R], v[3], s[STARTED], a[id=YnJU2SWBQ5u0RBBsaPcgWQ]
--------[test][2], node[_-f-elo_SJ28xBV3EpayNg], [P], v[3], s[STARTED], a[id=EGsu124hRLGmN93S1utdEg]

routing_nodes:
-----node_id[gARHa-_1Tqy61zspi-0ezg][V]
--------[test][2], node[gARHa-_1Tqy61zspi-0ezg], [R], v[3], s[STARTED], a[id=YnJU2SWBQ5u0RBBsaPcgWQ]
--------[test][0], node[gARHa-_1Tqy61zspi-0ezg], [P], v[3], s[STARTED], a[id=y8kvTCNXRnupq9bRJrYJ2Q]
-----node_id[N_BWPYTZSaiMCs2d2s5TXw][V]
--------[test][1], node[N_BWPYTZSaiMCs2d2s5TXw], [P], v[3], s[STARTED], a[id=fIs6TkipQgiUlmTVT2CONg]
--------[test][0], node[N_BWPYTZSaiMCs2d2s5TXw], [R], v[3], s[STARTED], a[id=c4bDimtaRT-dXwgq8zSVOw]
-----node_id[h4IC1hr4QIqf2QUxGSgJJQ][V]
-----node_id[_-f-elo_SJ28xBV3EpayNg][V]
--------[test][2], node[_-f-elo_SJ28xBV3EpayNg], [P], v[3], s[STARTED], a[id=EGsu124hRLGmN93S1utdEg]
--------[test][1], node[_-f-elo_SJ28xBV3EpayNg], [R], v[3], s[STARTED], a[id=4Q-_VkkjRUKGwYK0rqB-5w]
---- unassigned

[2016-04-18 03:03:50,966][DEBUG][org.elasticsearch.cluster.service] [node_t4] processing [local-disco-receive(from master)]: execute
[2016-04-18 03:03:50,966][DEBUG][org.elasticsearch.cluster.service] [node_t2] set local cluster state to version 12
[2016-04-18 03:03:50,966][TRACE][org.elasticsearch.cluster.service] [node_t4] cluster state updated, source [local-disco-receive(from master)]
version: 12
state uuid: bg5TPQcBSQS73zoxirBmYw
from_diff: false
meta data version: 7
nodes: 
   {node_t2}{gARHa-_1Tqy61zspi-0ezg}{local}{local[101]}[mode=>local, master=>false]
   {node_t1}{N_BWPYTZSaiMCs2d2s5TXw}{local}{local[100]}[master=>false, mode=>local]
   {node_t3}{_-f-elo_SJ28xBV3EpayNg}{local}{local[102]}[mode=>local, master=>false]
   {node_t0}{QrGQ9LkSSwKjg5hFzloMFw}{local}{local[99]}[data=>false, mode=>local, master=>true], master
   {node_t4}{h4IC1hr4QIqf2QUxGSgJJQ}{local}{local[103]}[mode=>local, master=>false], local
routing_table (version 6):
-- index [test]
----shard_id [test][0]
--------[test][0], node[gARHa-_1Tqy61zspi-0ezg], [P], v[3], s[STARTED], a[id=y8kvTCNXRnupq9bRJrYJ2Q]
--------[test][0], node[N_BWPYTZSaiMCs2d2s5TXw], [R], v[3], s[STARTED], a[id=c4bDimtaRT-dXwgq8zSVOw]
----shard_id [test][1]
--------[test][1], node[N_BWPYTZSaiMCs2d2s5TXw], [P], v[3], s[STARTED], a[id=fIs6TkipQgiUlmTVT2CONg]
--------[test][1], node[_-f-elo_SJ28xBV3EpayNg], [R], v[3], s[STARTED], a[id=4Q-_VkkjRUKGwYK0rqB-5w]
----shard_id [test][2]
--------[test][2], node[gARHa-_1Tqy61zspi-0ezg], [R], v[3], s[STARTED], a[id=YnJU2SWBQ5u0RBBsaPcgWQ]
--------[test][2], node[_-f-elo_SJ28xBV3EpayNg], [P], v[3], s[STARTED], a[id=EGsu124hRLGmN93S1utdEg]

routing_nodes:
-----node_id[gARHa-_1Tqy61zspi-0ezg][V]
--------[test][2], node[gARHa-_1Tqy61zspi-0ezg], [R], v[3], s[STARTED], a[id=YnJU2SWBQ5u0RBBsaPcgWQ]
--------[test][0], node[gARHa-_1Tqy61zspi-0ezg], [P], v[3], s[STARTED], a[id=y8kvTCNXRnupq9bRJrYJ2Q]
-----node_id[N_BWPYTZSaiMCs2d2s5TXw][V]
--------[test][1], node[N_BWPYTZSaiMCs2d2s5TXw], [P], v[3], s[STARTED], a[id=fIs6TkipQgiUlmTVT2CONg]
--------[test][0], node[N_BWPYTZSaiMCs2d2s5TXw], [R], v[3], s[STARTED], a[id=c4bDimtaRT-dXwgq8zSVOw]
-----node_id[h4IC1hr4QIqf2QUxGSgJJQ][V]
-----node_id[_-f-elo_SJ28xBV3EpayNg][V]
--------[test][2], node[_-f-elo_SJ28xBV3EpayNg], [P], v[3], s[STARTED], a[id=EGsu124hRLGmN93S1utdEg]
--------[test][1], node[_-f-elo_SJ28xBV3EpayNg], [R], v[3], s[STARTED], a[id=4Q-_VkkjRUKGwYK0rqB-5w]
---- unassigned

[2016-04-18 03:03:50,966][TRACE][org.elasticsearch.cluster.service] [node_t1] cluster state updated, source [local-disco-receive(from master)]
version: 12
state uuid: bg5TPQcBSQS73zoxirBmYw
from_diff: false
meta data version: 7
nodes: 
   {node_t2}{gARHa-_1Tqy61zspi-0ezg}{local}{local[101]}[master=>false, mode=>local]
   {node_t1}{N_BWPYTZSaiMCs2d2s5TXw}{local}{local[100]}[mode=>local, master=>false], local
   {node_t3}{_-f-elo_SJ28xBV3EpayNg}{local}{local[102]}[mode=>local, master=>false]
   {node_t0}{QrGQ9LkSSwKjg5hFzloMFw}{local}{local[99]}[mode=>local, master=>true, data=>false], master
   {node_t4}{h4IC1hr4QIqf2QUxGSgJJQ}{local}{local[103]}[master=>false, mode=>local]
routing_table (version 6):
-- index [test]
----shard_id [test][0]
--------[test][0], node[gARHa-_1Tqy61zspi-0ezg], [P], v[3], s[STARTED], a[id=y8kvTCNXRnupq9bRJrYJ2Q]
--------[test][0], node[N_BWPYTZSaiMCs2d2s5TXw], [R], v[3], s[STARTED], a[id=c4bDimtaRT-dXwgq8zSVOw]
----shard_id [test][1]
--------[test][1], node[N_BWPYTZSaiMCs2d2s5TXw], [P], v[3], s[STARTED], a[id=fIs6TkipQgiUlmTVT2CONg]
--------[test][1], node[_-f-elo_SJ28xBV3EpayNg], [R], v[3], s[STARTED], a[id=4Q-_VkkjRUKGwYK0rqB-5w]
----shard_id [test][2]
--------[test][2], node[gARHa-_1Tqy61zspi-0ezg], [R], v[3], s[STARTED], a[id=YnJU2SWBQ5u0RBBsaPcgWQ]
--------[test][2], node[_-f-elo_SJ28xBV3EpayNg], [P], v[3], s[STARTED], a[id=EGsu124hRLGmN93S1utdEg]

routing_nodes:
-----node_id[gARHa-_1Tqy61zspi-0ezg][V]
--------[test][2], node[gARHa-_1Tqy61zspi-0ezg], [R], v[3], s[STARTED], a[id=YnJU2SWBQ5u0RBBsaPcgWQ]
--------[test][0], node[gARHa-_1Tqy61zspi-0ezg], [P], v[3], s[STARTED], a[id=y8kvTCNXRnupq9bRJrYJ2Q]
-----node_id[N_BWPYTZSaiMCs2d2s5TXw][V]
--------[test][1], node[N_BWPYTZSaiMCs2d2s5TXw], [P], v[3], s[STARTED], a[id=fIs6TkipQgiUlmTVT2CONg]
--------[test][0], node[N_BWPYTZSaiMCs2d2s5TXw], [R], v[3], s[STARTED], a[id=c4bDimtaRT-dXwgq8zSVOw]
-----node_id[h4IC1hr4QIqf2QUxGSgJJQ][V]
-----node_id[_-f-elo_SJ28xBV3EpayNg][V]
--------[test][2], node[_-f-elo_SJ28xBV3EpayNg], [P], v[3], s[STARTED], a[id=EGsu124hRLGmN93S1utdEg]
--------[test][1], node[_-f-elo_SJ28xBV3EpayNg], [R], v[3], s[STARTED], a[id=4Q-_VkkjRUKGwYK0rqB-5w]
---- unassigned

[2016-04-18 03:03:50,966][TRACE][org.elasticsearch.cluster.service] [node_t3] cluster state updated, source [local-disco-receive(from master)]
version: 12
state uuid: bg5TPQcBSQS73zoxirBmYw
from_diff: false
meta data version: 7
nodes: 
   {node_t2}{gARHa-_1Tqy61zspi-0ezg}{local}{local[101]}[master=>false, mode=>local]
   {node_t1}{N_BWPYTZSaiMCs2d2s5TXw}{local}{local[100]}[master=>false, mode=>local]
   {node_t3}{_-f-elo_SJ28xBV3EpayNg}{local}{local[102]}[mode=>local, master=>false], local
   {node_t0}{QrGQ9LkSSwKjg5hFzloMFw}{local}{local[99]}[data=>false, mode=>local, master=>true], master
   {node_t4}{h4IC1hr4QIqf2QUxGSgJJQ}{local}{local[103]}[master=>false, mode=>local]
routing_table (version 6):
-- index [test]
----shard_id [test][0]
--------[test][0], node[gARHa-_1Tqy61zspi-0ezg], [P], v[3], s[STARTED], a[id=y8kvTCNXRnupq9bRJrYJ2Q]
--------[test][0], node[N_BWPYTZSaiMCs2d2s5TXw], [R], v[3], s[STARTED], a[id=c4bDimtaRT-dXwgq8zSVOw]
----shard_id [test][1]
--------[test][1], node[N_BWPYTZSaiMCs2d2s5TXw], [P], v[3], s[STARTED], a[id=fIs6TkipQgiUlmTVT2CONg]
--------[test][1], node[_-f-elo_SJ28xBV3EpayNg], [R], v[3], s[STARTED], a[id=4Q-_VkkjRUKGwYK0rqB-5w]
----shard_id [test][2]
--------[test][2], node[gARHa-_1Tqy61zspi-0ezg], [R], v[3], s[STARTED], a[id=YnJU2SWBQ5u0RBBsaPcgWQ]
--------[test][2], node[_-f-elo_SJ28xBV3EpayNg], [P], v[3], s[STARTED], a[id=EGsu124hRLGmN93S1utdEg]

routing_nodes:
-----node_id[gARHa-_1Tqy61zspi-0ezg][V]
--------[test][2], node[gARHa-_1Tqy61zspi-0ezg], [R], v[3], s[STARTED], a[id=YnJU2SWBQ5u0RBBsaPcgWQ]
--------[test][0], node[gARHa-_1Tqy61zspi-0ezg], [P], v[3], s[STARTED], a[id=y8kvTCNXRnupq9bRJrYJ2Q]
-----node_id[N_BWPYTZSaiMCs2d2s5TXw][V]
--------[test][1], node[N_BWPYTZSaiMCs2d2s5TXw], [P], v[3], s[STARTED], a[id=fIs6TkipQgiUlmTVT2CONg]
--------[test][0], node[N_BWPYTZSaiMCs2d2s5TXw], [R], v[3], s[STARTED], a[id=c4bDimtaRT-dXwgq8zSVOw]
-----node_id[h4IC1hr4QIqf2QUxGSgJJQ][V]
-----node_id[_-f-elo_SJ28xBV3EpayNg][V]
--------[test][2], node[_-f-elo_SJ28xBV3EpayNg], [P], v[3], s[STARTED], a[id=EGsu124hRLGmN93S1utdEg]
--------[test][1], node[_-f-elo_SJ28xBV3EpayNg], [R], v[3], s[STARTED], a[id=4Q-_VkkjRUKGwYK0rqB-5w]
---- unassigned

[2016-04-18 03:03:50,967][DEBUG][org.elasticsearch.cluster.service] [node_t3] set local cluster state to version 12
[2016-04-18 03:03:50,967][TRACE][org.elasticsearch.cluster.service] ack received from node [{node_t2}{gARHa-_1Tqy61zspi-0ezg}{local}{local[101]}[mode=>local, master=>false]], cluster_state update (version: 12)
[2016-04-18 03:03:50,967][DEBUG][org.elasticsearch.cluster.service] [node_t1] set local cluster state to version 12
[2016-04-18 03:03:50,966][DEBUG][org.elasticsearch.cluster.service] [node_t4] set local cluster state to version 12
[2016-04-18 03:03:50,967][DEBUG][org.elasticsearch.cluster.service] [node_t2] processing [local-disco-receive(from master)]: took 1ms done applying updated cluster_state (version: 12, uuid: bg5TPQcBSQS73zoxirBmYw)
[2016-04-18 03:03:50,967][TRACE][org.elasticsearch.cluster.service] ack received from node [{node_t3}{_-f-elo_SJ28xBV3EpayNg}{local}{local[102]}[mode=>local, master=>false]], cluster_state update (version: 12)
[2016-04-18 03:03:50,967][TRACE][org.elasticsearch.cluster.service] ack received from node [{node_t4}{h4IC1hr4QIqf2QUxGSgJJQ}{local}{local[103]}[mode=>local, master=>false]], cluster_state update (version: 12)
[2016-04-18 03:03:50,967][DEBUG][org.elasticsearch.cluster.service] [node_t3] processing [local-disco-receive(from master)]: took 1ms done applying updated cluster_state (version: 12, uuid: bg5TPQcBSQS73zoxirBmYw)
[2016-04-18 03:03:50,968][DEBUG][org.elasticsearch.cluster.service] [node_t0] set local cluster state to version 12
[2016-04-18 03:03:50,968][TRACE][org.elasticsearch.cluster.service] ack received from node [{node_t1}{N_BWPYTZSaiMCs2d2s5TXw}{local}{local[100]}[mode=>local, master=>false]], cluster_state update (version: 12)
[2016-04-18 03:03:50,968][DEBUG][org.elasticsearch.cluster.service] [node_t4] processing [local-disco-receive(from master)]: took 1ms done applying updated cluster_state (version: 12, uuid: bg5TPQcBSQS73zoxirBmYw)
[2016-04-18 03:03:50,968][DEBUG][org.elasticsearch.cluster.service] [node_t1] processing [local-disco-receive(from master)]: took 1ms done applying updated cluster_state (version: 12, uuid: bg5TPQcBSQS73zoxirBmYw)
[2016-04-18 03:03:50,968][TRACE][org.elasticsearch.cluster.service] ack received from node [{node_t0}{QrGQ9LkSSwKjg5hFzloMFw}{local}{local[99]}[mode=>local, master=>true, data=>false]], cluster_state update (version: 12)
[2016-04-18 03:03:50,968][TRACE][org.elasticsearch.cluster.service] all expected nodes acknowledged cluster_state update (version: 12)
[2016-04-18 03:03:50,968][DEBUG][org.elasticsearch.cluster.service] [node_t0] processing [cluster_update_settings]: took 3ms done applying updated cluster_state (version: 12, uuid: bg5TPQcBSQS73zoxirBmYw)
[2016-04-18 03:03:50,968][TRACE][org.elasticsearch.cluster.service] [node_t0] will process [reroute_after_cluster_update_settings]
[2016-04-18 03:03:50,968][DEBUG][org.elasticsearch.cluster.service] [node_t0] processing [reroute_after_cluster_update_settings]: execute
[2016-04-18 03:03:50,969][DEBUG][org.elasticsearch.cluster.service] [node_t0] processing [reroute_after_cluster_update_settings]: took 0s no change in cluster_state
[2016-04-18 03:03:50,971][TRACE][org.elasticsearch.cluster.service] [node_t0] will process [local-disco-update]
[2016-04-18 03:03:50,972][DEBUG][org.elasticsearch.cluster.service] [node_t0] processing [local-disco-update]: execute
[2016-04-18 03:03:50,973][TRACE][org.elasticsearch.cluster.service] [node_t0] cluster state updated, source [local-disco-update]
version: 13
state uuid: 1A_bsNSWTEiAtOo_J_V1BQ
from_diff: false
meta data version: 8
nodes: 
   {node_t2}{gARHa-_1Tqy61zspi-0ezg}{local}{local[101]}[mode=>local, master=>false]
   {node_t3}{_-f-elo_SJ28xBV3EpayNg}{local}{local[102]}[mode=>local, master=>false]
   {node_t4}{h4IC1hr4QIqf2QUxGSgJJQ}{local}{local[103]}[mode=>local, master=>false]
   {node_t0}{QrGQ9LkSSwKjg5hFzloMFw}{local}{local[99]}[mode=>local, master=>true, data=>false], local, master
routing_table (version 7):
-- index [test]
----shard_id [test][0]
--------[test][0], node[gARHa-_1Tqy61zspi-0ezg], [P], v[4], s[STARTED], a[id=y8kvTCNXRnupq9bRJrYJ2Q]
--------[test][0], node[null], [R], v[4], s[UNASSIGNED], unassigned_info[[reason=NODE_LEFT], at[2016-04-18T07:03:50.972Z], details[node_left[N_BWPYTZSaiMCs2d2s5TXw]]]
----shard_id [test][1]
--------[test][1], node[_-f-elo_SJ28xBV3EpayNg], [P], v[5], s[STARTED], a[id=4Q-_VkkjRUKGwYK0rqB-5w]
--------[test][1], node[null], [R], v[5], s[UNASSIGNED], unassigned_info[[reason=NODE_LEFT], at[2016-04-18T07:03:50.972Z], details[node_left[N_BWPYTZSaiMCs2d2s5TXw]]]
----shard_id [test][2]
--------[test][2], node[gARHa-_1Tqy61zspi-0ezg], [R], v[3], s[STARTED], a[id=YnJU2SWBQ5u0RBBsaPcgWQ]
--------[test][2], node[_-f-elo_SJ28xBV3EpayNg], [P], v[3], s[STARTED], a[id=EGsu124hRLGmN93S1utdEg]

routing_nodes:
-----node_id[gARHa-_1Tqy61zspi-0ezg][V]
--------[test][2], node[gARHa-_1Tqy61zspi-0ezg], [R], v[3], s[STARTED], a[id=YnJU2SWBQ5u0RBBsaPcgWQ]
--------[test][0], node[gARHa-_1Tqy61zspi-0ezg], [P], v[4], s[STARTED], a[id=y8kvTCNXRnupq9bRJrYJ2Q]
-----node_id[h4IC1hr4QIqf2QUxGSgJJQ][V]
-----node_id[_-f-elo_SJ28xBV3EpayNg][V]
--------[test][2], node[_-f-elo_SJ28xBV3EpayNg], [P], v[3], s[STARTED], a[id=EGsu124hRLGmN93S1utdEg]
--------[test][1], node[_-f-elo_SJ28xBV3EpayNg], [P], v[5], s[STARTED], a[id=4Q-_VkkjRUKGwYK0rqB-5w]
---- unassigned
--------[test][1], node[null], [R], v[5], s[UNASSIGNED], unassigned_info[[reason=NODE_LEFT], at[2016-04-18T07:03:50.972Z], details[node_left[N_BWPYTZSaiMCs2d2s5TXw]]]
--------[test][0], node[null], [R], v[4], s[UNASSIGNED], unassigned_info[[reason=NODE_LEFT], at[2016-04-18T07:03:50.972Z], details[node_left[N_BWPYTZSaiMCs2d2s5TXw]]]

[2016-04-18 03:03:50,973][INFO ][org.elasticsearch.cluster.service] [node_t0] removed {{node_t1}{N_BWPYTZSaiMCs2d2s5TXw}{local}{local[100]}[mode=>local, master=>false],}, reason: local-disco-update
[2016-04-18 03:03:50,973][DEBUG][org.elasticsearch.cluster.service] [node_t0] publishing cluster state version [13]
[2016-04-18 03:03:50,973][TRACE][org.elasticsearch.cluster.service] [node_t2] will process [local-disco-receive(from master)]
[2016-04-18 03:03:50,973][DEBUG][org.elasticsearch.cluster.service] [node_t2] processing [local-disco-receive(from master)]: execute
[2016-04-18 03:03:50,973][TRACE][org.elasticsearch.cluster.service] [node_t3] will process [local-disco-receive(from master)]
[2016-04-18 03:03:50,974][DEBUG][org.elasticsearch.cluster.service] [node_t3] processing [local-disco-receive(from master)]: execute
[2016-04-18 03:03:50,974][TRACE][org.elasticsearch.cluster.service] [node_t4] will process [local-disco-receive(from master)]
[2016-04-18 03:03:50,974][TRACE][org.elasticsearch.cluster.service] [node_t2] cluster state updated, source [local-disco-receive(from master)]
version: 13
state uuid: 1A_bsNSWTEiAtOo_J_V1BQ
from_diff: false
meta data version: 8
nodes: 
   {node_t2}{gARHa-_1Tqy61zspi-0ezg}{local}{local[101]}[mode=>local, master=>false], local
   {node_t3}{_-f-elo_SJ28xBV3EpayNg}{local}{local[102]}[master=>false, mode=>local]
   {node_t4}{h4IC1hr4QIqf2QUxGSgJJQ}{local}{local[103]}[mode=>local, master=>false]
   {node_t0}{QrGQ9LkSSwKjg5hFzloMFw}{local}{local[99]}[data=>false, mode=>local, master=>true], master
routing_table (version 7):
-- index [test]
----shard_id [test][0]
--------[test][0], node[gARHa-_1Tqy61zspi-0ezg], [P], v[4], s[STARTED], a[id=y8kvTCNXRnupq9bRJrYJ2Q]
--------[test][0], node[null], [R], v[4], s[UNASSIGNED], unassigned_info[[reason=NODE_LEFT], at[2016-04-18T07:03:50.972Z], details[node_left[N_BWPYTZSaiMCs2d2s5TXw]]]
----shard_id [test][1]
--------[test][1], node[_-f-elo_SJ28xBV3EpayNg], [P], v[5], s[STARTED], a[id=4Q-_VkkjRUKGwYK0rqB-5w]
--------[test][1], node[null], [R], v[5], s[UNASSIGNED], unassigned_info[[reason=NODE_LEFT], at[2016-04-18T07:03:50.972Z], details[node_left[N_BWPYTZSaiMCs2d2s5TXw]]]
----shard_id [test][2]
--------[test][2], node[gARHa-_1Tqy61zspi-0ezg], [R], v[3], s[STARTED], a[id=YnJU2SWBQ5u0RBBsaPcgWQ]
--------[test][2], node[_-f-elo_SJ28xBV3EpayNg], [P], v[3], s[STARTED], a[id=EGsu124hRLGmN93S1utdEg]

routing_nodes:
-----node_id[gARHa-_1Tqy61zspi-0ezg][V]
--------[test][2], node[gARHa-_1Tqy61zspi-0ezg], [R], v[3], s[STARTED], a[id=YnJU2SWBQ5u0RBBsaPcgWQ]
--------[test][0], node[gARHa-_1Tqy61zspi-0ezg], [P], v[4], s[STARTED], a[id=y8kvTCNXRnupq9bRJrYJ2Q]
-----node_id[h4IC1hr4QIqf2QUxGSgJJQ][V]
-----node_id[_-f-elo_SJ28xBV3EpayNg][V]
--------[test][2], node[_-f-elo_SJ28xBV3EpayNg], [P], v[3], s[STARTED], a[id=EGsu124hRLGmN93S1utdEg]
--------[test][1], node[_-f-elo_SJ28xBV3EpayNg], [P], v[5], s[STARTED], a[id=4Q-_VkkjRUKGwYK0rqB-5w]
---- unassigned
--------[test][1], node[null], [R], v[5], s[UNASSIGNED], unassigned_info[[reason=NODE_LEFT], at[2016-04-18T07:03:50.972Z], details[node_left[N_BWPYTZSaiMCs2d2s5TXw]]]
--------[test][0], node[null], [R], v[4], s[UNASSIGNED], unassigned_info[[reason=NODE_LEFT], at[2016-04-18T07:03:50.972Z], details[node_left[N_BWPYTZSaiMCs2d2s5TXw]]]

[2016-04-18 03:03:50,974][TRACE][org.elasticsearch.cluster.service] [node_t3] cluster state updated, source [local-disco-receive(from master)]
version: 13
state uuid: 1A_bsNSWTEiAtOo_J_V1BQ
from_diff: false
meta data version: 8
nodes: 
   {node_t2}{gARHa-_1Tqy61zspi-0ezg}{local}{local[101]}[master=>false, mode=>local]
   {node_t3}{_-f-elo_SJ28xBV3EpayNg}{local}{local[102]}[mode=>local, master=>false], local
   {node_t4}{h4IC1hr4QIqf2QUxGSgJJQ}{local}{local[103]}[master=>false, mode=>local]
   {node_t0}{QrGQ9LkSSwKjg5hFzloMFw}{local}{local[99]}[master=>true, mode=>local, data=>false], master
routing_table (version 7):
-- index [test]
----shard_id [test][0]
--------[test][0], node[gARHa-_1Tqy61zspi-0ezg], [P], v[4], s[STARTED], a[id=y8kvTCNXRnupq9bRJrYJ2Q]
--------[test][0], node[null], [R], v[4], s[UNASSIGNED], unassigned_info[[reason=NODE_LEFT], at[2016-04-18T07:03:50.972Z], details[node_left[N_BWPYTZSaiMCs2d2s5TXw]]]
----shard_id [test][1]
--------[test][1], node[_-f-elo_SJ28xBV3EpayNg], [P], v[5], s[STARTED], a[id=4Q-_VkkjRUKGwYK0rqB-5w]
--------[test][1], node[null], [R], v[5], s[UNASSIGNED], unassigned_info[[reason=NODE_LEFT], at[2016-04-18T07:03:50.972Z], details[node_left[N_BWPYTZSaiMCs2d2s5TXw]]]
----shard_id [test][2]
--------[test][2], node[gARHa-_1Tqy61zspi-0ezg], [R], v[3], s[STARTED], a[id=YnJU2SWBQ5u0RBBsaPcgWQ]
--------[test][2], node[_-f-elo_SJ28xBV3EpayNg], [P], v[3], s[STARTED], a[id=EGsu124hRLGmN93S1utdEg]

routing_nodes:
-----node_id[gARHa-_1Tqy61zspi-0ezg][V]
--------[test][2], node[gARHa-_1Tqy61zspi-0ezg], [R], v[3], s[STARTED], a[id=YnJU2SWBQ5u0RBBsaPcgWQ]
--------[test][0], node[gARHa-_1Tqy61zspi-0ezg], [P], v[4], s[STARTED], a[id=y8kvTCNXRnupq9bRJrYJ2Q]
-----node_id[h4IC1hr4QIqf2QUxGSgJJQ][V]
-----node_id[_-f-elo_SJ28xBV3EpayNg][V]
--------[test][2], node[_-f-elo_SJ28xBV3EpayNg], [P], v[3], s[STARTED], a[id=EGsu124hRLGmN93S1utdEg]
--------[test][1], node[_-f-elo_SJ28xBV3EpayNg], [P], v[5], s[STARTED], a[id=4Q-_VkkjRUKGwYK0rqB-5w]
---- unassigned
--------[test][1], node[null], [R], v[5], s[UNASSIGNED], unassigned_info[[reason=NODE_LEFT], at[2016-04-18T07:03:50.972Z], details[node_left[N_BWPYTZSaiMCs2d2s5TXw]]]
--------[test][0], node[null], [R], v[4], s[UNASSIGNED], unassigned_info[[reason=NODE_LEFT], at[2016-04-18T07:03:50.972Z], details[node_left[N_BWPYTZSaiMCs2d2s5TXw]]]

[2016-04-18 03:03:50,974][INFO ][org.elasticsearch.cluster.service] [node_t3] removed {{node_t1}{N_BWPYTZSaiMCs2d2s5TXw}{local}{local[100]}[master=>false, mode=>local],}, reason: local-disco-receive(from master)
[2016-04-18 03:03:50,974][DEBUG][org.elasticsearch.cluster.service] [node_t4] processing [local-disco-receive(from master)]: execute
[2016-04-18 03:03:50,974][DEBUG][org.elasticsearch.cluster.service] [node_t3] set local cluster state to version 13
[2016-04-18 03:03:50,975][TRACE][org.elasticsearch.cluster.service] [node_t4] cluster state updated, source [local-disco-receive(from master)]
version: 13
state uuid: 1A_bsNSWTEiAtOo_J_V1BQ
from_diff: false
meta data version: 8
nodes: 
   {node_t2}{gARHa-_1Tqy61zspi-0ezg}{local}{local[101]}[mode=>local, master=>false]
   {node_t3}{_-f-elo_SJ28xBV3EpayNg}{local}{local[102]}[mode=>local, master=>false]
   {node_t4}{h4IC1hr4QIqf2QUxGSgJJQ}{local}{local[103]}[mode=>local, master=>false], local
   {node_t0}{QrGQ9LkSSwKjg5hFzloMFw}{local}{local[99]}[master=>true, mode=>local, data=>false], master
routing_table (version 7):
-- index [test]
----shard_id [test][0]
--------[test][0], node[gARHa-_1Tqy61zspi-0ezg], [P], v[4], s[STARTED], a[id=y8kvTCNXRnupq9bRJrYJ2Q]
--------[test][0], node[null], [R], v[4], s[UNASSIGNED], unassigned_info[[reason=NODE_LEFT], at[2016-04-18T07:03:50.972Z], details[node_left[N_BWPYTZSaiMCs2d2s5TXw]]]
----shard_id [test][1]
--------[test][1], node[_-f-elo_SJ28xBV3EpayNg], [P], v[5], s[STARTED], a[id=4Q-_VkkjRUKGwYK0rqB-5w]
--------[test][1], node[null], [R], v[5], s[UNASSIGNED], unassigned_info[[reason=NODE_LEFT], at[2016-04-18T07:03:50.972Z], details[node_left[N_BWPYTZSaiMCs2d2s5TXw]]]
----shard_id [test][2]
--------[test][2], node[gARHa-_1Tqy61zspi-0ezg], [R], v[3], s[STARTED], a[id=YnJU2SWBQ5u0RBBsaPcgWQ]
--------[test][2], node[_-f-elo_SJ28xBV3EpayNg], [P], v[3], s[STARTED], a[id=EGsu124hRLGmN93S1utdEg]

routing_nodes:
-----node_id[gARHa-_1Tqy61zspi-0ezg][V]
--------[test][2], node[gARHa-_1Tqy61zspi-0ezg], [R], v[3], s[STARTED], a[id=YnJU2SWBQ5u0RBBsaPcgWQ]
--------[test][0], node[gARHa-_1Tqy61zspi-0ezg], [P], v[4], s[STARTED], a[id=y8kvTCNXRnupq9bRJrYJ2Q]
-----node_id[h4IC1hr4QIqf2QUxGSgJJQ][V]
-----node_id[_-f-elo_SJ28xBV3EpayNg][V]
--------[test][2], node[_-f-elo_SJ28xBV3EpayNg], [P], v[3], s[STARTED], a[id=EGsu124hRLGmN93S1utdEg]
--------[test][1], node[_-f-elo_SJ28xBV3EpayNg], [P], v[5], s[STARTED], a[id=4Q-_VkkjRUKGwYK0rqB-5w]
---- unassigned
--------[test][1], node[null], [R], v[5], s[UNASSIGNED], unassigned_info[[reason=NODE_LEFT], at[2016-04-18T07:03:50.972Z], details[node_left[N_BWPYTZSaiMCs2d2s5TXw]]]
--------[test][0], node[null], [R], v[4], s[UNASSIGNED], unassigned_info[[reason=NODE_LEFT], at[2016-04-18T07:03:50.972Z], details[node_left[N_BWPYTZSaiMCs2d2s5TXw]]]

[2016-04-18 03:03:50,974][INFO ][org.elasticsearch.cluster.service] [node_t2] removed {{node_t1}{N_BWPYTZSaiMCs2d2s5TXw}{local}{local[100]}[mode=>local, master=>false],}, reason: local-disco-receive(from master)
[2016-04-18 03:03:50,975][INFO ][org.elasticsearch.cluster.service] [node_t4] removed {{node_t1}{N_BWPYTZSaiMCs2d2s5TXw}{local}{local[100]}[master=>false, mode=>local],}, reason: local-disco-receive(from master)
[2016-04-18 03:03:50,975][DEBUG][org.elasticsearch.cluster.service] [node_t2] set local cluster state to version 13
[2016-04-18 03:03:50,975][DEBUG][org.elasticsearch.cluster.service] [node_t4] set local cluster state to version 13
[2016-04-18 03:03:50,976][DEBUG][org.elasticsearch.cluster.service] [node_t4] processing [local-disco-receive(from master)]: took 1ms done applying updated cluster_state (version: 13, uuid: 1A_bsNSWTEiAtOo_J_V1BQ)
[2016-04-18 03:03:50,978][DEBUG][org.elasticsearch.cluster.service] [node_t3] processing [local-disco-receive(from master)]: took 4ms done applying updated cluster_state (version: 13, uuid: 1A_bsNSWTEiAtOo_J_V1BQ)
[2016-04-18 03:03:50,978][DEBUG][org.elasticsearch.cluster.service] [node_t2] processing [local-disco-receive(from master)]: took 4ms done applying updated cluster_state (version: 13, uuid: 1A_bsNSWTEiAtOo_J_V1BQ)
[2016-04-18 03:03:50,978][DEBUG][org.elasticsearch.cluster.service] [node_t0] set local cluster state to version 13
[2016-04-18 03:03:50,981][DEBUG][org.elasticsearch.cluster.service] [node_t0] processing [local-disco-update]: took 9ms done applying updated cluster_state (version: 13, uuid: 1A_bsNSWTEiAtOo_J_V1BQ)
[2016-04-18 03:03:50,981][TRACE][org.elasticsearch.cluster.service] [node_t0] will process [local-disco-update]
[2016-04-18 03:03:50,981][DEBUG][org.elasticsearch.cluster.service] [node_t0] processing [local-disco-update]: execute
[2016-04-18 03:03:50,982][TRACE][org.elasticsearch.cluster.service] [node_t0] cluster state updated, source [local-disco-update]
version: 14
state uuid: q00m2zRQSniB8ChXeRI_xQ
from_diff: false
meta data version: 9
nodes: 
   {node_t3}{_-f-elo_SJ28xBV3EpayNg}{local}{local[102]}[mode=>local, master=>false]
   {node_t4}{h4IC1hr4QIqf2QUxGSgJJQ}{local}{local[103]}[mode=>local, master=>false]
   {node_t0}{QrGQ9LkSSwKjg5hFzloMFw}{local}{local[99]}[mode=>local, master=>true, data=>false], local, master
routing_table (version 8):
-- index [test]
----shard_id [test][0]
--------[test][0], node[null], [P], v[5], s[UNASSIGNED], unassigned_info[[reason=NODE_LEFT], at[2016-04-18T07:03:50.981Z], details[node_left[gARHa-_1Tqy61zspi-0ezg]]]
--------[test][0], node[null], [R], v[5], s[UNASSIGNED], unassigned_info[[reason=NODE_LEFT], at[2016-04-18T07:03:50.972Z], details[node_left[N_BWPYTZSaiMCs2d2s5TXw]]]
----shard_id [test][1]
--------[test][1], node[_-f-elo_SJ28xBV3EpayNg], [P], v[5], s[STARTED], a[id=4Q-_VkkjRUKGwYK0rqB-5w]
--------[test][1], node[null], [R], v[5], s[UNASSIGNED], unassigned_info[[reason=NODE_LEFT], at[2016-04-18T07:03:50.972Z], details[node_left[N_BWPYTZSaiMCs2d2s5TXw]]]
----shard_id [test][2]
--------[test][2], node[_-f-elo_SJ28xBV3EpayNg], [P], v[4], s[STARTED], a[id=EGsu124hRLGmN93S1utdEg]
--------[test][2], node[null], [R], v[4], s[UNASSIGNED], unassigned_info[[reason=NODE_LEFT], at[2016-04-18T07:03:50.981Z], details[node_left[gARHa-_1Tqy61zspi-0ezg]]]

routing_nodes:
-----node_id[h4IC1hr4QIqf2QUxGSgJJQ][V]
-----node_id[_-f-elo_SJ28xBV3EpayNg][V]
--------[test][2], node[_-f-elo_SJ28xBV3EpayNg], [P], v[4], s[STARTED], a[id=EGsu124hRLGmN93S1utdEg]
--------[test][1], node[_-f-elo_SJ28xBV3EpayNg], [P], v[5], s[STARTED], a[id=4Q-_VkkjRUKGwYK0rqB-5w]
---- unassigned
--------[test][2], node[null], [R], v[4], s[UNASSIGNED], unassigned_info[[reason=NODE_LEFT], at[2016-04-18T07:03:50.981Z], details[node_left[gARHa-_1Tqy61zspi-0ezg]]]
--------[test][1], node[null], [R], v[5], s[UNASSIGNED], unassigned_info[[reason=NODE_LEFT], at[2016-04-18T07:03:50.972Z], details[node_left[N_BWPYTZSaiMCs2d2s5TXw]]]
--------[test][0], node[null], [P], v[5], s[UNASSIGNED], unassigned_info[[reason=NODE_LEFT], at[2016-04-18T07:03:50.981Z], details[node_left[gARHa-_1Tqy61zspi-0ezg]]]
--------[test][0], node[null], [R], v[5], s[UNASSIGNED], unassigned_info[[reason=NODE_LEFT], at[2016-04-18T07:03:50.972Z], details[node_left[N_BWPYTZSaiMCs2d2s5TXw]]]

[2016-04-18 03:03:50,982][INFO ][org.elasticsearch.cluster.service] [node_t0] removed {{node_t2}{gARHa-_1Tqy61zspi-0ezg}{local}{local[101]}[mode=>local, master=>false],}, reason: local-disco-update
[2016-04-18 03:03:50,983][DEBUG][org.elasticsearch.cluster.service] [node_t0] publishing cluster state version [14]
[2016-04-18 03:03:50,983][TRACE][org.elasticsearch.cluster.service] [node_t3] will process [local-disco-receive(from master)]
[2016-04-18 03:03:50,983][TRACE][org.elasticsearch.cluster.service] [node_t4] will process [local-disco-receive(from master)]
[2016-04-18 03:03:50,983][DEBUG][org.elasticsearch.cluster.service] [node_t3] processing [local-disco-receive(from master)]: execute
[2016-04-18 03:03:50,983][DEBUG][org.elasticsearch.cluster.service] [node_t4] processing [local-disco-receive(from master)]: execute
[2016-04-18 03:03:50,983][TRACE][org.elasticsearch.cluster.service] [node_t3] cluster state updated, source [local-disco-receive(from master)]
version: 14
state uuid: q00m2zRQSniB8ChXeRI_xQ
from_diff: false
meta data version: 9
nodes: 
   {node_t3}{_-f-elo_SJ28xBV3EpayNg}{local}{local[102]}[mode=>local, master=>false], local
   {node_t4}{h4IC1hr4QIqf2QUxGSgJJQ}{local}{local[103]}[master=>false, mode=>local]
   {node_t0}{QrGQ9LkSSwKjg5hFzloMFw}{local}{local[99]}[mode=>local, master=>true, data=>false], master
routing_table (version 8):
-- index [test]
----shard_id [test][0]
--------[test][0], node[null], [P], v[5], s[UNASSIGNED], unassigned_info[[reason=NODE_LEFT], at[2016-04-18T07:03:50.981Z], details[node_left[gARHa-_1Tqy61zspi-0ezg]]]
--------[test][0], node[null], [R], v[5], s[UNASSIGNED], unassigned_info[[reason=NODE_LEFT], at[2016-04-18T07:03:50.972Z], details[node_left[N_BWPYTZSaiMCs2d2s5TXw]]]
----shard_id [test][1]
--------[test][1], node[_-f-elo_SJ28xBV3EpayNg], [P], v[5], s[STARTED], a[id=4Q-_VkkjRUKGwYK0rqB-5w]
--------[test][1], node[null], [R], v[5], s[UNASSIGNED], unassigned_info[[reason=NODE_LEFT], at[2016-04-18T07:03:50.972Z], details[node_left[N_BWPYTZSaiMCs2d2s5TXw]]]
----shard_id [test][2]
--------[test][2], node[_-f-elo_SJ28xBV3EpayNg], [P], v[4], s[STARTED], a[id=EGsu124hRLGmN93S1utdEg]
--------[test][2], node[null], [R], v[4], s[UNASSIGNED], unassigned_info[[reason=NODE_LEFT], at[2016-04-18T07:03:50.981Z], details[node_left[gARHa-_1Tqy61zspi-0ezg]]]

routing_nodes:
-----node_id[h4IC1hr4QIqf2QUxGSgJJQ][V]
-----node_id[_-f-elo_SJ28xBV3EpayNg][V]
--------[test][2], node[_-f-elo_SJ28xBV3EpayNg], [P], v[4], s[STARTED], a[id=EGsu124hRLGmN93S1utdEg]
--------[test][1], node[_-f-elo_SJ28xBV3EpayNg], [P], v[5], s[STARTED], a[id=4Q-_VkkjRUKGwYK0rqB-5w]
---- unassigned
--------[test][2], node[null], [R], v[4], s[UNASSIGNED], unassigned_info[[reason=NODE_LEFT], at[2016-04-18T07:03:50.981Z], details[node_left[gARHa-_1Tqy61zspi-0ezg]]]
--------[test][1], node[null], [R], v[5], s[UNASSIGNED], unassigned_info[[reason=NODE_LEFT], at[2016-04-18T07:03:50.972Z], details[node_left[N_BWPYTZSaiMCs2d2s5TXw]]]
--------[test][0], node[null], [P], v[5], s[UNASSIGNED], unassigned_info[[reason=NODE_LEFT], at[2016-04-18T07:03:50.981Z], details[node_left[gARHa-_1Tqy61zspi-0ezg]]]
--------[test][0], node[null], [R], v[5], s[UNASSIGNED], unassigned_info[[reason=NODE_LEFT], at[2016-04-18T07:03:50.972Z], details[node_left[N_BWPYTZSaiMCs2d2s5TXw]]]

[2016-04-18 03:03:50,983][INFO ][org.elasticsearch.cluster.service] [node_t3] removed {{node_t2}{gARHa-_1Tqy61zspi-0ezg}{local}{local[101]}[master=>false, mode=>local],}, reason: local-disco-receive(from master)
[2016-04-18 03:03:50,983][DEBUG][org.elasticsearch.cluster.service] [node_t3] set local cluster state to version 14
[2016-04-18 03:03:50,983][TRACE][org.elasticsearch.cluster.service] [node_t4] cluster state updated, source [local-disco-receive(from master)]
version: 14
state uuid: q00m2zRQSniB8ChXeRI_xQ
from_diff: false
meta data version: 9
nodes: 
   {node_t3}{_-f-elo_SJ28xBV3EpayNg}{local}{local[102]}[mode=>local, master=>false]
   {node_t4}{h4IC1hr4QIqf2QUxGSgJJQ}{local}{local[103]}[mode=>local, master=>false], local
   {node_t0}{QrGQ9LkSSwKjg5hFzloMFw}{local}{local[99]}[mode=>local, master=>true, data=>false], master
routing_table (version 8):
-- index [test]
----shard_id [test][0]
--------[test][0], node[null], [P], v[5], s[UNASSIGNED], unassigned_info[[reason=NODE_LEFT], at[2016-04-18T07:03:50.981Z], details[node_left[gARHa-_1Tqy61zspi-0ezg]]]
--------[test][0], node[null], [R], v[5], s[UNASSIGNED], unassigned_info[[reason=NODE_LEFT], at[2016-04-18T07:03:50.972Z], details[node_left[N_BWPYTZSaiMCs2d2s5TXw]]]
----shard_id [test][1]
--------[test][1], node[_-f-elo_SJ28xBV3EpayNg], [P], v[5], s[STARTED], a[id=4Q-_VkkjRUKGwYK0rqB-5w]
--------[test][1], node[null], [R], v[5], s[UNASSIGNED], unassigned_info[[reason=NODE_LEFT], at[2016-04-18T07:03:50.972Z], details[node_left[N_BWPYTZSaiMCs2d2s5TXw]]]
----shard_id [test][2]
--------[test][2], node[_-f-elo_SJ28xBV3EpayNg], [P], v[4], s[STARTED], a[id=EGsu124hRLGmN93S1utdEg]
--------[test][2], node[null], [R], v[4], s[UNASSIGNED], unassigned_info[[reason=NODE_LEFT], at[2016-04-18T07:03:50.981Z], details[node_left[gARHa-_1Tqy61zspi-0ezg]]]

routing_nodes:
-----node_id[h4IC1hr4QIqf2QUxGSgJJQ][V]
-----node_id[_-f-elo_SJ28xBV3EpayNg][V]
--------[test][2], node[_-f-elo_SJ28xBV3EpayNg], [P], v[4], s[STARTED], a[id=EGsu124hRLGmN93S1utdEg]
--------[test][1], node[_-f-elo_SJ28xBV3EpayNg], [P], v[5], s[STARTED], a[id=4Q-_VkkjRUKGwYK0rqB-5w]
---- unassigned
--------[test][2], node[null], [R], v[4], s[UNASSIGNED], unassigned_info[[reason=NODE_LEFT], at[2016-04-18T07:03:50.981Z], details[node_left[gARHa-_1Tqy61zspi-0ezg]]]
--------[test][1], node[null], [R], v[5], s[UNASSIGNED], unassigned_info[[reason=NODE_LEFT], at[2016-04-18T07:03:50.972Z], details[node_left[N_BWPYTZSaiMCs2d2s5TXw]]]
--------[test][0], node[null], [P], v[5], s[UNASSIGNED], unassigned_info[[reason=NODE_LEFT], at[2016-04-18T07:03:50.981Z], details[node_left[gARHa-_1Tqy61zspi-0ezg]]]
--------[test][0], node[null], [R], v[5], s[UNASSIGNED], unassigned_info[[reason=NODE_LEFT], at[2016-04-18T07:03:50.972Z], details[node_left[N_BWPYTZSaiMCs2d2s5TXw]]]

[2016-04-18 03:03:50,983][INFO ][org.elasticsearch.cluster.service] [node_t4] removed {{node_t2}{gARHa-_1Tqy61zspi-0ezg}{local}{local[101]}[mode=>local, master=>false],}, reason: local-disco-receive(from master)
[2016-04-18 03:03:50,983][DEBUG][org.elasticsearch.cluster.service] [node_t4] set local cluster state to version 14
[2016-04-18 03:03:50,984][DEBUG][org.elasticsearch.cluster.service] [node_t4] processing [local-disco-receive(from master)]: took 0s done applying updated cluster_state (version: 14, uuid: q00m2zRQSniB8ChXeRI_xQ)
[2016-04-18 03:03:50,985][DEBUG][org.elasticsearch.cluster.service] [node_t3] processing [local-disco-receive(from master)]: took 2ms done applying updated cluster_state (version: 14, uuid: q00m2zRQSniB8ChXeRI_xQ)
[2016-04-18 03:03:50,985][DEBUG][org.elasticsearch.cluster.service] [node_t0] set local cluster state to version 14
[2016-04-18 03:03:50,986][DEBUG][org.elasticsearch.cluster.service] [node_t0] processing [local-disco-update]: took 5ms done applying updated cluster_state (version: 14, uuid: q00m2zRQSniB8ChXeRI_xQ)
[2016-04-18 03:03:50,987][TRACE][org.elasticsearch.cluster.service] [node_t0] will process [cluster_reroute(async_shard_fetch)]
[2016-04-18 03:03:50,987][DEBUG][org.elasticsearch.cluster.service] [node_t0] processing [cluster_reroute(async_shard_fetch)]: execute
[2016-04-18 03:03:50,987][DEBUG][org.elasticsearch.cluster.service] [node_t0] processing [cluster_reroute(async_shard_fetch)]: took 0s no change in cluster_state
[2016-04-18 03:03:50,987][TRACE][org.elasticsearch.cluster.service] [node_t0] will process [update-settings]
[2016-04-18 03:03:50,987][DEBUG][org.elasticsearch.cluster.service] [node_t0] processing [update-settings]: execute
[2016-04-18 03:03:50,988][TRACE][org.elasticsearch.cluster.service] expecting 3 acknowledgements for cluster_state update (version: 15)
[2016-04-18 03:03:50,988][TRACE][org.elasticsearch.cluster.service] [node_t0] cluster state updated, source [update-settings]
version: 15
state uuid: sI0NfKKJR_KH8LlLB0gw2w
from_diff: false
meta data version: 10
nodes: 
   {node_t3}{_-f-elo_SJ28xBV3EpayNg}{local}{local[102]}[mode=>local, master=>false]
   {node_t4}{h4IC1hr4QIqf2QUxGSgJJQ}{local}{local[103]}[mode=>local, master=>false]
   {node_t0}{QrGQ9LkSSwKjg5hFzloMFw}{local}{local[99]}[mode=>local, master=>true, data=>false], local, master
routing_table (version 9):
-- index [test]
----shard_id [test][0]
--------[test][0], node[null], [P], v[5], s[UNASSIGNED], unassigned_info[[reason=NODE_LEFT], at[2016-04-18T07:03:50.981Z], details[node_left[gARHa-_1Tqy61zspi-0ezg]]]
--------[test][0], node[null], [R], v[5], s[UNASSIGNED], unassigned_info[[reason=NODE_LEFT], at[2016-04-18T07:03:50.972Z], details[node_left[N_BWPYTZSaiMCs2d2s5TXw]]]
----shard_id [test][1]
--------[test][1], node[_-f-elo_SJ28xBV3EpayNg], [P], v[5], s[STARTED], a[id=4Q-_VkkjRUKGwYK0rqB-5w]
--------[test][1], node[null], [R], v[5], s[UNASSIGNED], unassigned_info[[reason=NODE_LEFT], at[2016-04-18T07:03:50.972Z], details[node_left[N_BWPYTZSaiMCs2d2s5TXw]]]
----shard_id [test][2]
--------[test][2], node[_-f-elo_SJ28xBV3EpayNg], [P], v[4], s[STARTED], a[id=EGsu124hRLGmN93S1utdEg]
--------[test][2], node[null], [R], v[4], s[UNASSIGNED], unassigned_info[[reason=NODE_LEFT], at[2016-04-18T07:03:50.981Z], details[node_left[gARHa-_1Tqy61zspi-0ezg]]]

routing_nodes:
-----node_id[h4IC1hr4QIqf2QUxGSgJJQ][V]
-----node_id[_-f-elo_SJ28xBV3EpayNg][V]
--------[test][2], node[_-f-elo_SJ28xBV3EpayNg], [P], v[4], s[STARTED], a[id=EGsu124hRLGmN93S1utdEg]
--------[test][1], node[_-f-elo_SJ28xBV3EpayNg], [P], v[5], s[STARTED], a[id=4Q-_VkkjRUKGwYK0rqB-5w]
---- unassigned
--------[test][2], node[null], [R], v[4], s[UNASSIGNED], unassigned_info[[reason=NODE_LEFT], at[2016-04-18T07:03:50.981Z], details[node_left[gARHa-_1Tqy61zspi-0ezg]]]
--------[test][1], node[null], [R], v[5], s[UNASSIGNED], unassigned_info[[reason=NODE_LEFT], at[2016-04-18T07:03:50.972Z], details[node_left[N_BWPYTZSaiMCs2d2s5TXw]]]
--------[test][0], node[null], [P], v[5], s[UNASSIGNED], unassigned_info[[reason=NODE_LEFT], at[2016-04-18T07:03:50.981Z], details[node_left[gARHa-_1Tqy61zspi-0ezg]]]
--------[test][0], node[null], [R], v[5], s[UNASSIGNED], unassigned_info[[reason=NODE_LEFT], at[2016-04-18T07:03:50.972Z], details[node_left[N_BWPYTZSaiMCs2d2s5TXw]]]

[2016-04-18 03:03:50,988][DEBUG][org.elasticsearch.cluster.service] [node_t0] publishing cluster state version [15]
[2016-04-18 03:03:50,988][TRACE][org.elasticsearch.cluster.service] [node_t3] will process [local-disco-receive(from master)]
[2016-04-18 03:03:50,988][TRACE][org.elasticsearch.cluster.service] [node_t4] will process [local-disco-receive(from master)]
[2016-04-18 03:03:50,988][DEBUG][org.elasticsearch.cluster.service] [node_t4] processing [local-disco-receive(from master)]: execute
[2016-04-18 03:03:50,988][DEBUG][org.elasticsearch.cluster.service] [node_t3] processing [local-disco-receive(from master)]: execute
[2016-04-18 03:03:50,988][TRACE][org.elasticsearch.cluster.service] [node_t4] cluster state updated, source [local-disco-receive(from master)]
version: 15
state uuid: sI0NfKKJR_KH8LlLB0gw2w
from_diff: false
meta data version: 10
nodes: 
   {node_t3}{_-f-elo_SJ28xBV3EpayNg}{local}{local[102]}[mode=>local, master=>false]
   {node_t4}{h4IC1hr4QIqf2QUxGSgJJQ}{local}{local[103]}[mode=>local, master=>false], local
   {node_t0}{QrGQ9LkSSwKjg5hFzloMFw}{local}{local[99]}[mode=>local, master=>true, data=>false], master
routing_table (version 9):
-- index [test]
----shard_id [test][0]
--------[test][0], node[null], [P], v[5], s[UNASSIGNED], unassigned_info[[reason=NODE_LEFT], at[2016-04-18T07:03:50.981Z], details[node_left[gARHa-_1Tqy61zspi-0ezg]]]
--------[test][0], node[null], [R], v[5], s[UNASSIGNED], unassigned_info[[reason=NODE_LEFT], at[2016-04-18T07:03:50.972Z], details[node_left[N_BWPYTZSaiMCs2d2s5TXw]]]
----shard_id [test][1]
--------[test][1], node[_-f-elo_SJ28xBV3EpayNg], [P], v[5], s[STARTED], a[id=4Q-_VkkjRUKGwYK0rqB-5w]
--------[test][1], node[null], [R], v[5], s[UNASSIGNED], unassigned_info[[reason=NODE_LEFT], at[2016-04-18T07:03:50.972Z], details[node_left[N_BWPYTZSaiMCs2d2s5TXw]]]
----shard_id [test][2]
--------[test][2], node[_-f-elo_SJ28xBV3EpayNg], [P], v[4], s[STARTED], a[id=EGsu124hRLGmN93S1utdEg]
--------[test][2], node[null], [R], v[4], s[UNASSIGNED], unassigned_info[[reason=NODE_LEFT], at[2016-04-18T07:03:50.981Z], details[node_left[gARHa-_1Tqy61zspi-0ezg]]]

routing_nodes:
-----node_id[h4IC1hr4QIqf2QUxGSgJJQ][V]
-----node_id[_-f-elo_SJ28xBV3EpayNg][V]
--------[test][2], node[_-f-elo_SJ28xBV3EpayNg], [P], v[4], s[STARTED], a[id=EGsu124hRLGmN93S1utdEg]
--------[test][1], node[_-f-elo_SJ28xBV3EpayNg], [P], v[5], s[STARTED], a[id=4Q-_VkkjRUKGwYK0rqB-5w]
---- unassigned
--------[test][2], node[null], [R], v[4], s[UNASSIGNED], unassigned_info[[reason=NODE_LEFT], at[2016-04-18T07:03:50.981Z], details[node_left[gARHa-_1Tqy61zspi-0ezg]]]
--------[test][1], node[null], [R], v[5], s[UNASSIGNED], unassigned_info[[reason=NODE_LEFT], at[2016-04-18T07:03:50.972Z], details[node_left[N_BWPYTZSaiMCs2d2s5TXw]]]
--------[test][0], node[null], [P], v[5], s[UNASSIGNED], unassigned_info[[reason=NODE_LEFT], at[2016-04-18T07:03:50.981Z], details[node_left[gARHa-_1Tqy61zspi-0ezg]]]
--------[test][0], node[null], [R], v[5], s[UNASSIGNED], unassigned_info[[reason=NODE_LEFT], at[2016-04-18T07:03:50.972Z], details[node_left[N_BWPYTZSaiMCs2d2s5TXw]]]

[2016-04-18 03:03:50,988][DEBUG][org.elasticsearch.cluster.service] [node_t4] set local cluster state to version 15
[2016-04-18 03:03:50,988][TRACE][org.elasticsearch.cluster.service] [node_t3] cluster state updated, source [local-disco-receive(from master)]
version: 15
state uuid: sI0NfKKJR_KH8LlLB0gw2w
from_diff: false
meta data version: 10
nodes: 
   {node_t3}{_-f-elo_SJ28xBV3EpayNg}{local}{local[102]}[mode=>local, master=>false], local
   {node_t4}{h4IC1hr4QIqf2QUxGSgJJQ}{local}{local[103]}[master=>false, mode=>local]
   {node_t0}{QrGQ9LkSSwKjg5hFzloMFw}{local}{local[99]}[mode=>local, master=>true, data=>false], master
routing_table (version 9):
-- index [test]
----shard_id [test][0]
--------[test][0], node[null], [P], v[5], s[UNASSIGNED], unassigned_info[[reason=NODE_LEFT], at[2016-04-18T07:03:50.981Z], details[node_left[gARHa-_1Tqy61zspi-0ezg]]]
--------[test][0], node[null], [R], v[5], s[UNASSIGNED], unassigned_info[[reason=NODE_LEFT], at[2016-04-18T07:03:50.972Z], details[node_left[N_BWPYTZSaiMCs2d2s5TXw]]]
----shard_id [test][1]
--------[test][1], node[_-f-elo_SJ28xBV3EpayNg], [P], v[5], s[STARTED], a[id=4Q-_VkkjRUKGwYK0rqB-5w]
--------[test][1], node[null], [R], v[5], s[UNASSIGNED], unassigned_info[[reason=NODE_LEFT], at[2016-04-18T07:03:50.972Z], details[node_left[N_BWPYTZSaiMCs2d2s5TXw]]]
----shard_id [test][2]
--------[test][2], node[_-f-elo_SJ28xBV3EpayNg], [P], v[4], s[STARTED], a[id=EGsu124hRLGmN93S1utdEg]
--------[test][2], node[null], [R], v[4], s[UNASSIGNED], unassigned_info[[reason=NODE_LEFT], at[2016-04-18T07:03:50.981Z], details[node_left[gARHa-_1Tqy61zspi-0ezg]]]

routing_nodes:
-----node_id[h4IC1hr4QIqf2QUxGSgJJQ][V]
-----node_id[_-f-elo_SJ28xBV3EpayNg][V]
--------[test][2], node[_-f-elo_SJ28xBV3EpayNg], [P], v[4], s[STARTED], a[id=EGsu124hRLGmN93S1utdEg]
--------[test][1], node[_-f-elo_SJ28xBV3EpayNg], [P], v[5], s[STARTED], a[id=4Q-_VkkjRUKGwYK0rqB-5w]
---- unassigned
--------[test][2], node[null], [R], v[4], s[UNASSIGNED], unassigned_info[[reason=NODE_LEFT], at[2016-04-18T07:03:50.981Z], details[node_left[gARHa-_1Tqy61zspi-0ezg]]]
--------[test][1], node[null], [R], v[5], s[UNASSIGNED], unassigned_info[[reason=NODE_LEFT], at[2016-04-18T07:03:50.972Z], details[node_left[N_BWPYTZSaiMCs2d2s5TXw]]]
--------[test][0], node[null], [P], v[5], s[UNASSIGNED], unassigned_info[[reason=NODE_LEFT], at[2016-04-18T07:03:50.981Z], details[node_left[gARHa-_1Tqy61zspi-0ezg]]]
--------[test][0], node[null], [R], v[5], s[UNASSIGNED], unassigned_info[[reason=NODE_LEFT], at[2016-04-18T07:03:50.972Z], details[node_left[N_BWPYTZSaiMCs2d2s5TXw]]]

[2016-04-18 03:03:50,989][DEBUG][org.elasticsearch.cluster.service] [node_t3] set local cluster state to version 15
[2016-04-18 03:03:50,989][TRACE][org.elasticsearch.cluster.service] ack received from node [{node_t4}{h4IC1hr4QIqf2QUxGSgJJQ}{local}{local[103]}[mode=>local, master=>false]], cluster_state update (version: 15)
[2016-04-18 03:03:50,989][DEBUG][org.elasticsearch.cluster.service] [node_t4] processing [local-disco-receive(from master)]: took 0s done applying updated cluster_state (version: 15, uuid: sI0NfKKJR_KH8LlLB0gw2w)
[2016-04-18 03:03:50,990][TRACE][org.elasticsearch.cluster.service] ack received from node [{node_t3}{_-f-elo_SJ28xBV3EpayNg}{local}{local[102]}[mode=>local, master=>false]], cluster_state update (version: 15)
[2016-04-18 03:03:50,990][DEBUG][org.elasticsearch.cluster.service] [node_t3] processing [local-disco-receive(from master)]: took 1ms done applying updated cluster_state (version: 15, uuid: sI0NfKKJR_KH8LlLB0gw2w)
[2016-04-18 03:03:50,990][DEBUG][org.elasticsearch.cluster.service] [node_t0] set local cluster state to version 15
[2016-04-18 03:03:50,991][TRACE][org.elasticsearch.cluster.service] ack received from node [{node_t0}{QrGQ9LkSSwKjg5hFzloMFw}{local}{local[99]}[mode=>local, master=>true, data=>false]], cluster_state update (version: 15)
[2016-04-18 03:03:50,991][TRACE][org.elasticsearch.cluster.service] all expected nodes acknowledged cluster_state update (version: 15)
[2016-04-18 03:03:50,991][DEBUG][org.elasticsearch.cluster.service] [node_t0] processing [update-settings]: took 4ms done applying updated cluster_state (version: 15, uuid: sI0NfKKJR_KH8LlLB0gw2w)
[2016-04-18 03:03:50,995][TRACE][org.elasticsearch.cluster.service] [node_t0] will process [cluster_update_settings]
[2016-04-18 03:03:50,995][DEBUG][org.elasticsearch.cluster.service] [node_t0] processing [cluster_update_settings]: execute
[2016-04-18 03:03:50,996][TRACE][org.elasticsearch.cluster.service] expecting 3 acknowledgements for cluster_state update (version: 16)
[2016-04-18 03:03:50,996][TRACE][org.elasticsearch.cluster.service] [node_t0] cluster state updated, source [cluster_update_settings]
version: 16
state uuid: YWfnF-44RHK2hMocMp7ZeQ
from_diff: false
meta data version: 11
nodes: 
   {node_t3}{_-f-elo_SJ28xBV3EpayNg}{local}{local[102]}[mode=>local, master=>false]
   {node_t4}{h4IC1hr4QIqf2QUxGSgJJQ}{local}{local[103]}[mode=>local, master=>false]
   {node_t0}{QrGQ9LkSSwKjg5hFzloMFw}{local}{local[99]}[mode=>local, master=>true, data=>false], local, master
routing_table (version 9):
-- index [test]
----shard_id [test][0]
--------[test][0], node[null], [P], v[5], s[UNASSIGNED], unassigned_info[[reason=NODE_LEFT], at[2016-04-18T07:03:50.981Z], details[node_left[gARHa-_1Tqy61zspi-0ezg]]]
--------[test][0], node[null], [R], v[5], s[UNASSIGNED], unassigned_info[[reason=NODE_LEFT], at[2016-04-18T07:03:50.972Z], details[node_left[N_BWPYTZSaiMCs2d2s5TXw]]]
----shard_id [test][1]
--------[test][1], node[_-f-elo_SJ28xBV3EpayNg], [P], v[5], s[STARTED], a[id=4Q-_VkkjRUKGwYK0rqB-5w]
--------[test][1], node[null], [R], v[5], s[UNASSIGNED], unassigned_info[[reason=NODE_LEFT], at[2016-04-18T07:03:50.972Z], details[node_left[N_BWPYTZSaiMCs2d2s5TXw]]]
----shard_id [test][2]
--------[test][2], node[_-f-elo_SJ28xBV3EpayNg], [P], v[4], s[STARTED], a[id=EGsu124hRLGmN93S1utdEg]
--------[test][2], node[null], [R], v[4], s[UNASSIGNED], unassigned_info[[reason=NODE_LEFT], at[2016-04-18T07:03:50.981Z], details[node_left[gARHa-_1Tqy61zspi-0ezg]]]

routing_nodes:
-----node_id[h4IC1hr4QIqf2QUxGSgJJQ][V]
-----node_id[_-f-elo_SJ28xBV3EpayNg][V]
--------[test][2], node[_-f-elo_SJ28xBV3EpayNg], [P], v[4], s[STARTED], a[id=EGsu124hRLGmN93S1utdEg]
--------[test][1], node[_-f-elo_SJ28xBV3EpayNg], [P], v[5], s[STARTED], a[id=4Q-_VkkjRUKGwYK0rqB-5w]
---- unassigned
--------[test][2], node[null], [R], v[4], s[UNASSIGNED], unassigned_info[[reason=NODE_LEFT], at[2016-04-18T07:03:50.981Z], details[node_left[gARHa-_1Tqy61zspi-0ezg]]]
--------[test][1], node[null], [R], v[5], s[UNASSIGNED], unassigned_info[[reason=NODE_LEFT], at[2016-04-18T07:03:50.972Z], details[node_left[N_BWPYTZSaiMCs2d2s5TXw]]]
--------[test][0], node[null], [P], v[5], s[UNASSIGNED], unassigned_info[[reason=NODE_LEFT], at[2016-04-18T07:03:50.981Z], details[node_left[gARHa-_1Tqy61zspi-0ezg]]]
--------[test][0], node[null], [R], v[5], s[UNASSIGNED], unassigned_info[[reason=NODE_LEFT], at[2016-04-18T07:03:50.972Z], details[node_left[N_BWPYTZSaiMCs2d2s5TXw]]]

[2016-04-18 03:03:50,996][DEBUG][org.elasticsearch.cluster.service] [node_t0] publishing cluster state version [16]
[2016-04-18 03:03:50,996][TRACE][org.elasticsearch.cluster.service] [node_t3] will process [local-disco-receive(from master)]
[2016-04-18 03:03:50,996][TRACE][org.elasticsearch.cluster.service] [node_t4] will process [local-disco-receive(from master)]
[2016-04-18 03:03:50,996][DEBUG][org.elasticsearch.cluster.service] [node_t4] processing [local-disco-receive(from master)]: execute
[2016-04-18 03:03:50,996][DEBUG][org.elasticsearch.cluster.service] [node_t3] processing [local-disco-receive(from master)]: execute
[2016-04-18 03:03:50,996][TRACE][org.elasticsearch.cluster.service] [node_t4] cluster state updated, source [local-disco-receive(from master)]
version: 16
state uuid: YWfnF-44RHK2hMocMp7ZeQ
from_diff: false
meta data version: 11
nodes: 
   {node_t3}{_-f-elo_SJ28xBV3EpayNg}{local}{local[102]}[mode=>local, master=>false]
   {node_t4}{h4IC1hr4QIqf2QUxGSgJJQ}{local}{local[103]}[mode=>local, master=>false], local
   {node_t0}{QrGQ9LkSSwKjg5hFzloMFw}{local}{local[99]}[mode=>local, master=>true, data=>false], master
routing_table (version 9):
-- index [test]
----shard_id [test][0]
--------[test][0], node[null], [P], v[5], s[UNASSIGNED], unassigned_info[[reason=NODE_LEFT], at[2016-04-18T07:03:50.981Z], details[node_left[gARHa-_1Tqy61zspi-0ezg]]]
--------[test][0], node[null], [R], v[5], s[UNASSIGNED], unassigned_info[[reason=NODE_LEFT], at[2016-04-18T07:03:50.972Z], details[node_left[N_BWPYTZSaiMCs2d2s5TXw]]]
----shard_id [test][1]
--------[test][1], node[_-f-elo_SJ28xBV3EpayNg], [P], v[5], s[STARTED], a[id=4Q-_VkkjRUKGwYK0rqB-5w]
--------[test][1], node[null], [R], v[5], s[UNASSIGNED], unassigned_info[[reason=NODE_LEFT], at[2016-04-18T07:03:50.972Z], details[node_left[N_BWPYTZSaiMCs2d2s5TXw]]]
----shard_id [test][2]
--------[test][2], node[_-f-elo_SJ28xBV3EpayNg], [P], v[4], s[STARTED], a[id=EGsu124hRLGmN93S1utdEg]
--------[test][2], node[null], [R], v[4], s[UNASSIGNED], unassigned_info[[reason=NODE_LEFT], at[2016-04-18T07:03:50.981Z], details[node_left[gARHa-_1Tqy61zspi-0ezg]]]

routing_nodes:
-----node_id[h4IC1hr4QIqf2QUxGSgJJQ][V]
-----node_id[_-f-elo_SJ28xBV3EpayNg][V]
--------[test][2], node[_-f-elo_SJ28xBV3EpayNg], [P], v[4], s[STARTED], a[id=EGsu124hRLGmN93S1utdEg]
--------[test][1], node[_-f-elo_SJ28xBV3EpayNg], [P], v[5], s[STARTED], a[id=4Q-_VkkjRUKGwYK0rqB-5w]
---- unassigned
--------[test][2], node[null], [R], v[4], s[UNASSIGNED], unassigned_info[[reason=NODE_LEFT], at[2016-04-18T07:03:50.981Z], details[node_left[gARHa-_1Tqy61zspi-0ezg]]]
--------[test][1], node[null], [R], v[5], s[UNASSIGNED], unassigned_info[[reason=NODE_LEFT], at[2016-04-18T07:03:50.972Z], details[node_left[N_BWPYTZSaiMCs2d2s5TXw]]]
--------[test][0], node[null], [P], v[5], s[UNASSIGNED], unassigned_info[[reason=NODE_LEFT], at[2016-04-18T07:03:50.981Z], details[node_left[gARHa-_1Tqy61zspi-0ezg]]]
--------[test][0], node[null], [R], v[5], s[UNASSIGNED], unassigned_info[[reason=NODE_LEFT], at[2016-04-18T07:03:50.972Z], details[node_left[N_BWPYTZSaiMCs2d2s5TXw]]]

[2016-04-18 03:03:50,996][DEBUG][org.elasticsearch.cluster.service] [node_t4] set local cluster state to version 16
[2016-04-18 03:03:50,996][TRACE][org.elasticsearch.cluster.service] [node_t3] cluster state updated, source [local-disco-receive(from master)]
version: 16
state uuid: YWfnF-44RHK2hMocMp7ZeQ
from_diff: false
meta data version: 11
nodes: 
   {node_t3}{_-f-elo_SJ28xBV3EpayNg}{local}{local[102]}[mode=>local, master=>false], local
   {node_t4}{h4IC1hr4QIqf2QUxGSgJJQ}{local}{local[103]}[master=>false, mode=>local]
   {node_t0}{QrGQ9LkSSwKjg5hFzloMFw}{local}{local[99]}[mode=>local, master=>true, data=>false], master
routing_table (version 9):
-- index [test]
----shard_id [test][0]
--------[test][0], node[null], [P], v[5], s[UNASSIGNED], unassigned_info[[reason=NODE_LEFT], at[2016-04-18T07:03:50.981Z], details[node_left[gARHa-_1Tqy61zspi-0ezg]]]
--------[test][0], node[null], [R], v[5], s[UNASSIGNED], unassigned_info[[reason=NODE_LEFT], at[2016-04-18T07:03:50.972Z], details[node_left[N_BWPYTZSaiMCs2d2s5TXw]]]
----shard_id [test][1]
--------[test][1], node[_-f-elo_SJ28xBV3EpayNg], [P], v[5], s[STARTED], a[id=4Q-_VkkjRUKGwYK0rqB-5w]
--------[test][1], node[null], [R], v[5], s[UNASSIGNED], unassigned_info[[reason=NODE_LEFT], at[2016-04-18T07:03:50.972Z], details[node_left[N_BWPYTZSaiMCs2d2s5TXw]]]
----shard_id [test][2]
--------[test][2], node[_-f-elo_SJ28xBV3EpayNg], [P], v[4], s[STARTED], a[id=EGsu124hRLGmN93S1utdEg]
--------[test][2], node[null], [R], v[4], s[UNASSIGNED], unassigned_info[[reason=NODE_LEFT], at[2016-04-18T07:03:50.981Z], details[node_left[gARHa-_1Tqy61zspi-0ezg]]]

routing_nodes:
-----node_id[h4IC1hr4QIqf2QUxGSgJJQ][V]
-----node_id[_-f-elo_SJ28xBV3EpayNg][V]
--------[test][2], node[_-f-elo_SJ28xBV3EpayNg], [P], v[4], s[STARTED], a[id=EGsu124hRLGmN93S1utdEg]
--------[test][1], node[_-f-elo_SJ28xBV3EpayNg], [P], v[5], s[STARTED], a[id=4Q-_VkkjRUKGwYK0rqB-5w]
---- unassigned
--------[test][2], node[null], [R], v[4], s[UNASSIGNED], unassigned_info[[reason=NODE_LEFT], at[2016-04-18T07:03:50.981Z], details[node_left[gARHa-_1Tqy61zspi-0ezg]]]
--------[test][1], node[null], [R], v[5], s[UNASSIGNED], unassigned_info[[reason=NODE_LEFT], at[2016-04-18T07:03:50.972Z], details[node_left[N_BWPYTZSaiMCs2d2s5TXw]]]
--------[test][0], node[null], [P], v[5], s[UNASSIGNED], unassigned_info[[reason=NODE_LEFT], at[2016-04-18T07:03:50.981Z], details[node_left[gARHa-_1Tqy61zspi-0ezg]]]
--------[test][0], node[null], [R], v[5], s[UNASSIGNED], unassigned_info[[reason=NODE_LEFT], at[2016-04-18T07:03:50.972Z], details[node_left[N_BWPYTZSaiMCs2d2s5TXw]]]

[2016-04-18 03:03:50,997][DEBUG][org.elasticsearch.cluster.service] [node_t3] set local cluster state to version 16
[2016-04-18 03:03:50,997][TRACE][org.elasticsearch.cluster.service] ack received from node [{node_t4}{h4IC1hr4QIqf2QUxGSgJJQ}{local}{local[103]}[mode=>local, master=>false]], cluster_state update (version: 16)
[2016-04-18 03:03:50,997][DEBUG][org.elasticsearch.cluster.service] [node_t4] processing [local-disco-receive(from master)]: took 0s done applying updated cluster_state (version: 16, uuid: YWfnF-44RHK2hMocMp7ZeQ)
[2016-04-18 03:03:50,997][TRACE][org.elasticsearch.cluster.service] ack received from node [{node_t3}{_-f-elo_SJ28xBV3EpayNg}{local}{local[102]}[mode=>local, master=>false]], cluster_state update (version: 16)
[2016-04-18 03:03:50,997][DEBUG][org.elasticsearch.cluster.service] [node_t0] set local cluster state to version 16
[2016-04-18 03:03:50,997][DEBUG][org.elasticsearch.cluster.service] [node_t3] processing [local-disco-receive(from master)]: took 0s done applying updated cluster_state (version: 16, uuid: YWfnF-44RHK2hMocMp7ZeQ)
[2016-04-18 03:03:50,997][TRACE][org.elasticsearch.cluster.service] ack received from node [{node_t0}{QrGQ9LkSSwKjg5hFzloMFw}{local}{local[99]}[mode=>local, master=>true, data=>false]], cluster_state update (version: 16)
[2016-04-18 03:03:50,997][TRACE][org.elasticsearch.cluster.service] all expected nodes acknowledged cluster_state update (version: 16)
[2016-04-18 03:03:50,998][DEBUG][org.elasticsearch.cluster.service] [node_t0] processing [cluster_update_settings]: took 2ms done applying updated cluster_state (version: 16, uuid: YWfnF-44RHK2hMocMp7ZeQ)
[2016-04-18 03:03:50,998][TRACE][org.elasticsearch.cluster.service] [node_t0] will process [reroute_after_cluster_update_settings]
[2016-04-18 03:03:50,998][DEBUG][org.elasticsearch.cluster.service] [node_t0] processing [reroute_after_cluster_update_settings]: execute
[2016-04-18 03:03:50,998][DEBUG][org.elasticsearch.cluster.service] [node_t0] processing [reroute_after_cluster_update_settings]: took 0s no change in cluster_state
[2016-04-18 03:03:50,999][TRACE][org.elasticsearch.cluster.service] [node_t0] will process [cluster_reroute(async_shard_fetch)]
[2016-04-18 03:03:50,999][DEBUG][org.elasticsearch.cluster.service] [node_t0] processing [cluster_reroute(async_shard_fetch)]: execute
[2016-04-18 03:03:51,000][TRACE][org.elasticsearch.cluster.service] [node_t0] cluster state updated, source [cluster_reroute(async_shard_fetch)]
version: 17
state uuid: --Lx_o74T2mPoAlGw0JWZQ
from_diff: false
meta data version: 11
nodes: 
   {node_t3}{_-f-elo_SJ28xBV3EpayNg}{local}{local[102]}[mode=>local, master=>false]
   {node_t4}{h4IC1hr4QIqf2QUxGSgJJQ}{local}{local[103]}[mode=>local, master=>false]
   {node_t0}{QrGQ9LkSSwKjg5hFzloMFw}{local}{local[99]}[mode=>local, master=>true, data=>false], local, master
routing_table (version 10):
-- index [test]
----shard_id [test][0]
--------[test][0], node[null], [P], v[5], s[UNASSIGNED], unassigned_info[[reason=NODE_LEFT], at[2016-04-18T07:03:50.981Z], details[node_left[gARHa-_1Tqy61zspi-0ezg]]]
--------[test][0], node[null], [R], v[5], s[UNASSIGNED], unassigned_info[[reason=NODE_LEFT], at[2016-04-18T07:03:50.972Z], details[node_left[N_BWPYTZSaiMCs2d2s5TXw]]]
----shard_id [test][1]
--------[test][1], node[h4IC1hr4QIqf2QUxGSgJJQ], [R], v[6], s[INITIALIZING], a[id=O9TGIMCgR0e37QDE0Uj4tA], unassigned_info[[reason=NODE_LEFT], at[2016-04-18T07:03:50.972Z], details[node_left[N_BWPYTZSaiMCs2d2s5TXw]]]
--------[test][1], node[_-f-elo_SJ28xBV3EpayNg], [P], v[6], s[STARTED], a[id=4Q-_VkkjRUKGwYK0rqB-5w]
----shard_id [test][2]
--------[test][2], node[h4IC1hr4QIqf2QUxGSgJJQ], [R], v[5], s[INITIALIZING], a[id=AVDbYFx5QQqCuQyOqDzeRg], unassigned_info[[reason=NODE_LEFT], at[2016-04-18T07:03:50.981Z], details[node_left[gARHa-_1Tqy61zspi-0ezg]]]
--------[test][2], node[_-f-elo_SJ28xBV3EpayNg], [P], v[5], s[STARTED], a[id=EGsu124hRLGmN93S1utdEg]

routing_nodes:
-----node_id[h4IC1hr4QIqf2QUxGSgJJQ][V]
--------[test][2], node[h4IC1hr4QIqf2QUxGSgJJQ], [R], v[5], s[INITIALIZING], a[id=AVDbYFx5QQqCuQyOqDzeRg], unassigned_info[[reason=NODE_LEFT], at[2016-04-18T07:03:50.981Z], details[node_left[gARHa-_1Tqy61zspi-0ezg]]]
--------[test][1], node[h4IC1hr4QIqf2QUxGSgJJQ], [R], v[6], s[INITIALIZING], a[id=O9TGIMCgR0e37QDE0Uj4tA], unassigned_info[[reason=NODE_LEFT], at[2016-04-18T07:03:50.972Z], details[node_left[N_BWPYTZSaiMCs2d2s5TXw]]]
-----node_id[_-f-elo_SJ28xBV3EpayNg][V]
--------[test][2], node[_-f-elo_SJ28xBV3EpayNg], [P], v[5], s[STARTED], a[id=EGsu124hRLGmN93S1utdEg]
--------[test][1], node[_-f-elo_SJ28xBV3EpayNg], [P], v[6], s[STARTED], a[id=4Q-_VkkjRUKGwYK0rqB-5w]
---- unassigned
--------[test][0], node[null], [P], v[5], s[UNASSIGNED], unassigned_info[[reason=NODE_LEFT], at[2016-04-18T07:03:50.981Z], details[node_left[gARHa-_1Tqy61zspi-0ezg]]]
--------[test][0], node[null], [R], v[5], s[UNASSIGNED], unassigned_info[[reason=NODE_LEFT], at[2016-04-18T07:03:50.972Z], details[node_left[N_BWPYTZSaiMCs2d2s5TXw]]]

[2016-04-18 03:03:51,000][DEBUG][org.elasticsearch.cluster.service] [node_t0] publishing cluster state version [17]
[2016-04-18 03:03:51,000][TRACE][org.elasticsearch.cluster.service] [node_t3] will process [local-disco-receive(from master)]
[2016-04-18 03:03:51,000][TRACE][org.elasticsearch.cluster.service] [node_t4] will process [local-disco-receive(from master)]
[2016-04-18 03:03:51,000][DEBUG][org.elasticsearch.cluster.service] [node_t4] processing [local-disco-receive(from master)]: execute
[2016-04-18 03:03:51,000][DEBUG][org.elasticsearch.cluster.service] [node_t3] processing [local-disco-receive(from master)]: execute
[2016-04-18 03:03:51,000][TRACE][org.elasticsearch.cluster.service] [node_t4] cluster state updated, source [local-disco-receive(from master)]
version: 17
state uuid: --Lx_o74T2mPoAlGw0JWZQ
from_diff: false
meta data version: 11
nodes: 
   {node_t3}{_-f-elo_SJ28xBV3EpayNg}{local}{local[102]}[mode=>local, master=>false]
   {node_t4}{h4IC1hr4QIqf2QUxGSgJJQ}{local}{local[103]}[mode=>local, master=>false], local
   {node_t0}{QrGQ9LkSSwKjg5hFzloMFw}{local}{local[99]}[mode=>local, master=>true, data=>false], master
routing_table (version 10):
-- index [test]
----shard_id [test][0]
--------[test][0], node[null], [P], v[5], s[UNASSIGNED], unassigned_info[[reason=NODE_LEFT], at[2016-04-18T07:03:50.981Z], details[node_left[gARHa-_1Tqy61zspi-0ezg]]]
--------[test][0], node[null], [R], v[5], s[UNASSIGNED], unassigned_info[[reason=NODE_LEFT], at[2016-04-18T07:03:50.972Z], details[node_left[N_BWPYTZSaiMCs2d2s5TXw]]]
----shard_id [test][1]
--------[test][1], node[h4IC1hr4QIqf2QUxGSgJJQ], [R], v[6], s[INITIALIZING], a[id=O9TGIMCgR0e37QDE0Uj4tA], unassigned_info[[reason=NODE_LEFT], at[2016-04-18T07:03:50.972Z], details[node_left[N_BWPYTZSaiMCs2d2s5TXw]]]
--------[test][1], node[_-f-elo_SJ28xBV3EpayNg], [P], v[6], s[STARTED], a[id=4Q-_VkkjRUKGwYK0rqB-5w]
----shard_id [test][2]
--------[test][2], node[h4IC1hr4QIqf2QUxGSgJJQ], [R], v[5], s[INITIALIZING], a[id=AVDbYFx5QQqCuQyOqDzeRg], unassigned_info[[reason=NODE_LEFT], at[2016-04-18T07:03:50.981Z], details[node_left[gARHa-_1Tqy61zspi-0ezg]]]
--------[test][2], node[_-f-elo_SJ28xBV3EpayNg], [P], v[5], s[STARTED], a[id=EGsu124hRLGmN93S1utdEg]

routing_nodes:
-----node_id[h4IC1hr4QIqf2QUxGSgJJQ][V]
--------[test][2], node[h4IC1hr4QIqf2QUxGSgJJQ], [R], v[5], s[INITIALIZING], a[id=AVDbYFx5QQqCuQyOqDzeRg], unassigned_info[[reason=NODE_LEFT], at[2016-04-18T07:03:50.981Z], details[node_left[gARHa-_1Tqy61zspi-0ezg]]]
--------[test][1], node[h4IC1hr4QIqf2QUxGSgJJQ], [R], v[6], s[INITIALIZING], a[id=O9TGIMCgR0e37QDE0Uj4tA], unassigned_info[[reason=NODE_LEFT], at[2016-04-18T07:03:50.972Z], details[node_left[N_BWPYTZSaiMCs2d2s5TXw]]]
-----node_id[_-f-elo_SJ28xBV3EpayNg][V]
--------[test][2], node[_-f-elo_SJ28xBV3EpayNg], [P], v[5], s[STARTED], a[id=EGsu124hRLGmN93S1utdEg]
--------[test][1], node[_-f-elo_SJ28xBV3EpayNg], [P], v[6], s[STARTED], a[id=4Q-_VkkjRUKGwYK0rqB-5w]
---- unassigned
--------[test][0], node[null], [P], v[5], s[UNASSIGNED], unassigned_info[[reason=NODE_LEFT], at[2016-04-18T07:03:50.981Z], details[node_left[gARHa-_1Tqy61zspi-0ezg]]]
--------[test][0], node[null], [R], v[5], s[UNASSIGNED], unassigned_info[[reason=NODE_LEFT], at[2016-04-18T07:03:50.972Z], details[node_left[N_BWPYTZSaiMCs2d2s5TXw]]]

[2016-04-18 03:03:51,000][DEBUG][org.elasticsearch.cluster.service] [node_t4] set local cluster state to version 17
[2016-04-18 03:03:51,000][TRACE][org.elasticsearch.cluster.service] [node_t3] cluster state updated, source [local-disco-receive(from master)]
version: 17
state uuid: --Lx_o74T2mPoAlGw0JWZQ
from_diff: false
meta data version: 11
nodes: 
   {node_t3}{_-f-elo_SJ28xBV3EpayNg}{local}{local[102]}[mode=>local, master=>false], local
   {node_t4}{h4IC1hr4QIqf2QUxGSgJJQ}{local}{local[103]}[master=>false, mode=>local]
   {node_t0}{QrGQ9LkSSwKjg5hFzloMFw}{local}{local[99]}[mode=>local, master=>true, data=>false], master
routing_table (version 10):
-- index [test]
----shard_id [test][0]
--------[test][0], node[null], [P], v[5], s[UNASSIGNED], unassigned_info[[reason=NODE_LEFT], at[2016-04-18T07:03:50.981Z], details[node_left[gARHa-_1Tqy61zspi-0ezg]]]
--------[test][0], node[null], [R], v[5], s[UNASSIGNED], unassigned_info[[reason=NODE_LEFT], at[2016-04-18T07:03:50.972Z], details[node_left[N_BWPYTZSaiMCs2d2s5TXw]]]
----shard_id [test][1]
--------[test][1], node[h4IC1hr4QIqf2QUxGSgJJQ], [R], v[6], s[INITIALIZING], a[id=O9TGIMCgR0e37QDE0Uj4tA], unassigned_info[[reason=NODE_LEFT], at[2016-04-18T07:03:50.972Z], details[node_left[N_BWPYTZSaiMCs2d2s5TXw]]]
--------[test][1], node[_-f-elo_SJ28xBV3EpayNg], [P], v[6], s[STARTED], a[id=4Q-_VkkjRUKGwYK0rqB-5w]
----shard_id [test][2]
--------[test][2], node[h4IC1hr4QIqf2QUxGSgJJQ], [R], v[5], s[INITIALIZING], a[id=AVDbYFx5QQqCuQyOqDzeRg], unassigned_info[[reason=NODE_LEFT], at[2016-04-18T07:03:50.981Z], details[node_left[gARHa-_1Tqy61zspi-0ezg]]]
--------[test][2], node[_-f-elo_SJ28xBV3EpayNg], [P], v[5], s[STARTED], a[id=EGsu124hRLGmN93S1utdEg]

routing_nodes:
-----node_id[h4IC1hr4QIqf2QUxGSgJJQ][V]
--------[test][2], node[h4IC1hr4QIqf2QUxGSgJJQ], [R], v[5], s[INITIALIZING], a[id=AVDbYFx5QQqCuQyOqDzeRg], unassigned_info[[reason=NODE_LEFT], at[2016-04-18T07:03:50.981Z], details[node_left[gARHa-_1Tqy61zspi-0ezg]]]
--------[test][1], node[h4IC1hr4QIqf2QUxGSgJJQ], [R], v[6], s[INITIALIZING], a[id=O9TGIMCgR0e37QDE0Uj4tA], unassigned_info[[reason=NODE_LEFT], at[2016-04-18T07:03:50.972Z], details[node_left[N_BWPYTZSaiMCs2d2s5TXw]]]
-----node_id[_-f-elo_SJ28xBV3EpayNg][V]
--------[test][2], node[_-f-elo_SJ28xBV3EpayNg], [P], v[5], s[STARTED], a[id=EGsu124hRLGmN93S1utdEg]
--------[test][1], node[_-f-elo_SJ28xBV3EpayNg], [P], v[6], s[STARTED], a[id=4Q-_VkkjRUKGwYK0rqB-5w]
---- unassigned
--------[test][0], node[null], [P], v[5], s[UNASSIGNED], unassigned_info[[reason=NODE_LEFT], at[2016-04-18T07:03:50.981Z], details[node_left[gARHa-_1Tqy61zspi-0ezg]]]
--------[test][0], node[null], [R], v[5], s[UNASSIGNED], unassigned_info[[reason=NODE_LEFT], at[2016-04-18T07:03:50.972Z], details[node_left[N_BWPYTZSaiMCs2d2s5TXw]]]

[2016-04-18 03:03:51,001][DEBUG][org.elasticsearch.cluster.service] [node_t3] set local cluster state to version 17
[2016-04-18 03:03:51,003][DEBUG][org.elasticsearch.cluster.service] [node_t3] processing [local-disco-receive(from master)]: took 2ms done applying updated cluster_state (version: 17, uuid: --Lx_o74T2mPoAlGw0JWZQ)
[2016-04-18 03:03:51,005][DEBUG][org.elasticsearch.cluster.service] [node_t4] processing [local-disco-receive(from master)]: took 4ms done applying updated cluster_state (version: 17, uuid: --Lx_o74T2mPoAlGw0JWZQ)
[2016-04-18 03:03:51,005][DEBUG][org.elasticsearch.cluster.service] [node_t0] set local cluster state to version 17
[2016-04-18 03:03:51,006][DEBUG][org.elasticsearch.cluster.service] [node_t0] processing [cluster_reroute(async_shard_fetch)]: took 6ms done applying updated cluster_state (version: 17, uuid: --Lx_o74T2mPoAlGw0JWZQ)
[2016-04-18 03:03:51,009][TRACE][org.elasticsearch.cluster.service] [node_t0] will process [shard-started ([test][2], node[h4IC1hr4QIqf2QUxGSgJJQ], [R], v[5], s[INITIALIZING], a[id=AVDbYFx5QQqCuQyOqDzeRg], unassigned_info[[reason=NODE_LEFT], at[2016-04-18T07:03:50.981Z], details[node_left[gARHa-_1Tqy61zspi-0ezg]]]), reason [after recovery (replica) from node [{node_t3}{_-f-elo_SJ28xBV3EpayNg}{local}{local[102]}[mode=>local, master=>false]]]]
[2016-04-18 03:03:51,010][DEBUG][org.elasticsearch.cluster.service] [node_t0] processing [shard-started ([test][2], node[h4IC1hr4QIqf2QUxGSgJJQ], [R], v[5], s[INITIALIZING], a[id=AVDbYFx5QQqCuQyOqDzeRg], unassigned_info[[reason=NODE_LEFT], at[2016-04-18T07:03:50.981Z], details[node_left[gARHa-_1Tqy61zspi-0ezg]]]), reason [after recovery (replica) from node [{node_t3}{_-f-elo_SJ28xBV3EpayNg}{local}{local[102]}[mode=>local, master=>false]]]]: execute
[2016-04-18 03:03:51,010][TRACE][org.elasticsearch.cluster.service] [node_t0] cluster state updated, source [shard-started ([test][2], node[h4IC1hr4QIqf2QUxGSgJJQ], [R], v[5], s[INITIALIZING], a[id=AVDbYFx5QQqCuQyOqDzeRg], unassigned_info[[reason=NODE_LEFT], at[2016-04-18T07:03:50.981Z], details[node_left[gARHa-_1Tqy61zspi-0ezg]]]), reason [after recovery (replica) from node [{node_t3}{_-f-elo_SJ28xBV3EpayNg}{local}{local[102]}[mode=>local, master=>false]]]]
version: 18
state uuid: Ds6uK6o7TO6QEgP_kcrEQg
from_diff: false
meta data version: 12
nodes: 
   {node_t3}{_-f-elo_SJ28xBV3EpayNg}{local}{local[102]}[mode=>local, master=>false]
   {node_t4}{h4IC1hr4QIqf2QUxGSgJJQ}{local}{local[103]}[mode=>local, master=>false]
   {node_t0}{QrGQ9LkSSwKjg5hFzloMFw}{local}{local[99]}[mode=>local, master=>true, data=>false], local, master
routing_table (version 11):
-- index [test]
----shard_id [test][0]
--------[test][0], node[null], [P], v[5], s[UNASSIGNED], unassigned_info[[reason=NODE_LEFT], at[2016-04-18T07:03:50.981Z], details[node_left[gARHa-_1Tqy61zspi-0ezg]]]
--------[test][0], node[null], [R], v[5], s[UNASSIGNED], unassigned_info[[reason=NODE_LEFT], at[2016-04-18T07:03:50.972Z], details[node_left[N_BWPYTZSaiMCs2d2s5TXw]]]
----shard_id [test][1]
--------[test][1], node[h4IC1hr4QIqf2QUxGSgJJQ], [R], v[6], s[INITIALIZING], a[id=O9TGIMCgR0e37QDE0Uj4tA], unassigned_info[[reason=NODE_LEFT], at[2016-04-18T07:03:50.972Z], details[node_left[N_BWPYTZSaiMCs2d2s5TXw]]]
--------[test][1], node[_-f-elo_SJ28xBV3EpayNg], [P], v[6], s[STARTED], a[id=4Q-_VkkjRUKGwYK0rqB-5w]
----shard_id [test][2]
--------[test][2], node[h4IC1hr4QIqf2QUxGSgJJQ], [R], v[6], s[STARTED], a[id=AVDbYFx5QQqCuQyOqDzeRg]
--------[test][2], node[_-f-elo_SJ28xBV3EpayNg], [P], v[6], s[STARTED], a[id=EGsu124hRLGmN93S1utdEg]

routing_nodes:
-----node_id[h4IC1hr4QIqf2QUxGSgJJQ][V]
--------[test][2], node[h4IC1hr4QIqf2QUxGSgJJQ], [R], v[6], s[STARTED], a[id=AVDbYFx5QQqCuQyOqDzeRg]
--------[test][1], node[h4IC1hr4QIqf2QUxGSgJJQ], [R], v[6], s[INITIALIZING], a[id=O9TGIMCgR0e37QDE0Uj4tA], unassigned_info[[reason=NODE_LEFT], at[2016-04-18T07:03:50.972Z], details[node_left[N_BWPYTZSaiMCs2d2s5TXw]]]
-----node_id[_-f-elo_SJ28xBV3EpayNg][V]
--------[test][2], node[_-f-elo_SJ28xBV3EpayNg], [P], v[6], s[STARTED], a[id=EGsu124hRLGmN93S1utdEg]
--------[test][1], node[_-f-elo_SJ28xBV3EpayNg], [P], v[6], s[STARTED], a[id=4Q-_VkkjRUKGwYK0rqB-5w]
---- unassigned
--------[test][0], node[null], [P], v[5], s[UNASSIGNED], unassigned_info[[reason=NODE_LEFT], at[2016-04-18T07:03:50.981Z], details[node_left[gARHa-_1Tqy61zspi-0ezg]]]
--------[test][0], node[null], [R], v[5], s[UNASSIGNED], unassigned_info[[reason=NODE_LEFT], at[2016-04-18T07:03:50.972Z], details[node_left[N_BWPYTZSaiMCs2d2s5TXw]]]

[2016-04-18 03:03:51,010][DEBUG][org.elasticsearch.cluster.service] [node_t0] publishing cluster state version [18]
[2016-04-18 03:03:51,011][TRACE][org.elasticsearch.cluster.service] [node_t3] will process [local-disco-receive(from master)]
[2016-04-18 03:03:51,011][DEBUG][org.elasticsearch.cluster.service] [node_t3] processing [local-disco-receive(from master)]: execute
[2016-04-18 03:03:51,011][TRACE][org.elasticsearch.cluster.service] [node_t4] will process [local-disco-receive(from master)]
[2016-04-18 03:03:51,011][DEBUG][org.elasticsearch.cluster.service] [node_t4] processing [local-disco-receive(from master)]: execute
[2016-04-18 03:03:51,011][TRACE][org.elasticsearch.cluster.service] [node_t3] cluster state updated, source [local-disco-receive(from master)]
version: 18
state uuid: Ds6uK6o7TO6QEgP_kcrEQg
from_diff: false
meta data version: 12
nodes: 
   {node_t3}{_-f-elo_SJ28xBV3EpayNg}{local}{local[102]}[mode=>local, master=>false], local
   {node_t4}{h4IC1hr4QIqf2QUxGSgJJQ}{local}{local[103]}[master=>false, mode=>local]
   {node_t0}{QrGQ9LkSSwKjg5hFzloMFw}{local}{local[99]}[mode=>local, master=>true, data=>false], master
routing_table (version 11):
-- index [test]
----shard_id [test][0]
--------[test][0], node[null], [P], v[5], s[UNASSIGNED], unassigned_info[[reason=NODE_LEFT], at[2016-04-18T07:03:50.981Z], details[node_left[gARHa-_1Tqy61zspi-0ezg]]]
--------[test][0], node[null], [R], v[5], s[UNASSIGNED], unassigned_info[[reason=NODE_LEFT], at[2016-04-18T07:03:50.972Z], details[node_left[N_BWPYTZSaiMCs2d2s5TXw]]]
----shard_id [test][1]
--------[test][1], node[h4IC1hr4QIqf2QUxGSgJJQ], [R], v[6], s[INITIALIZING], a[id=O9TGIMCgR0e37QDE0Uj4tA], unassigned_info[[reason=NODE_LEFT], at[2016-04-18T07:03:50.972Z], details[node_left[N_BWPYTZSaiMCs2d2s5TXw]]]
--------[test][1], node[_-f-elo_SJ28xBV3EpayNg], [P], v[6], s[STARTED], a[id=4Q-_VkkjRUKGwYK0rqB-5w]
----shard_id [test][2]
--------[test][2], node[h4IC1hr4QIqf2QUxGSgJJQ], [R], v[6], s[STARTED], a[id=AVDbYFx5QQqCuQyOqDzeRg]
--------[test][2], node[_-f-elo_SJ28xBV3EpayNg], [P], v[6], s[STARTED], a[id=EGsu124hRLGmN93S1utdEg]

routing_nodes:
-----node_id[h4IC1hr4QIqf2QUxGSgJJQ][V]
--------[test][2], node[h4IC1hr4QIqf2QUxGSgJJQ], [R], v[6], s[STARTED], a[id=AVDbYFx5QQqCuQyOqDzeRg]
--------[test][1], node[h4IC1hr4QIqf2QUxGSgJJQ], [R], v[6], s[INITIALIZING], a[id=O9TGIMCgR0e37QDE0Uj4tA], unassigned_info[[reason=NODE_LEFT], at[2016-04-18T07:03:50.972Z], details[node_left[N_BWPYTZSaiMCs2d2s5TXw]]]
-----node_id[_-f-elo_SJ28xBV3EpayNg][V]
--------[test][2], node[_-f-elo_SJ28xBV3EpayNg], [P], v[6], s[STARTED], a[id=EGsu124hRLGmN93S1utdEg]
--------[test][1], node[_-f-elo_SJ28xBV3EpayNg], [P], v[6], s[STARTED], a[id=4Q-_VkkjRUKGwYK0rqB-5w]
---- unassigned
--------[test][0], node[null], [P], v[5], s[UNASSIGNED], unassigned_info[[reason=NODE_LEFT], at[2016-04-18T07:03:50.981Z], details[node_left[gARHa-_1Tqy61zspi-0ezg]]]
--------[test][0], node[null], [R], v[5], s[UNASSIGNED], unassigned_info[[reason=NODE_LEFT], at[2016-04-18T07:03:50.972Z], details[node_left[N_BWPYTZSaiMCs2d2s5TXw]]]

[2016-04-18 03:03:51,011][TRACE][org.elasticsearch.cluster.service] [node_t4] cluster state updated, source [local-disco-receive(from master)]
version: 18
state uuid: Ds6uK6o7TO6QEgP_kcrEQg
from_diff: false
meta data version: 12
nodes: 
   {node_t3}{_-f-elo_SJ28xBV3EpayNg}{local}{local[102]}[mode=>local, master=>false]
   {node_t4}{h4IC1hr4QIqf2QUxGSgJJQ}{local}{local[103]}[mode=>local, master=>false], local
   {node_t0}{QrGQ9LkSSwKjg5hFzloMFw}{local}{local[99]}[mode=>local, master=>true, data=>false], master
routing_table (version 11):
-- index [test]
----shard_id [test][0]
--------[test][0], node[null], [P], v[5], s[UNASSIGNED], unassigned_info[[reason=NODE_LEFT], at[2016-04-18T07:03:50.981Z], details[node_left[gARHa-_1Tqy61zspi-0ezg]]]
--------[test][0], node[null], [R], v[5], s[UNASSIGNED], unassigned_info[[reason=NODE_LEFT], at[2016-04-18T07:03:50.972Z], details[node_left[N_BWPYTZSaiMCs2d2s5TXw]]]
----shard_id [test][1]
--------[test][1], node[h4IC1hr4QIqf2QUxGSgJJQ], [R], v[6], s[INITIALIZING], a[id=O9TGIMCgR0e37QDE0Uj4tA], unassigned_info[[reason=NODE_LEFT], at[2016-04-18T07:03:50.972Z], details[node_left[N_BWPYTZSaiMCs2d2s5TXw]]]
--------[test][1], node[_-f-elo_SJ28xBV3EpayNg], [P], v[6], s[STARTED], a[id=4Q-_VkkjRUKGwYK0rqB-5w]
----shard_id [test][2]
--------[test][2], node[h4IC1hr4QIqf2QUxGSgJJQ], [R], v[6], s[STARTED], a[id=AVDbYFx5QQqCuQyOqDzeRg]
--------[test][2], node[_-f-elo_SJ28xBV3EpayNg], [P], v[6], s[STARTED], a[id=EGsu124hRLGmN93S1utdEg]

routing_nodes:
-----node_id[h4IC1hr4QIqf2QUxGSgJJQ][V]
--------[test][2], node[h4IC1hr4QIqf2QUxGSgJJQ], [R], v[6], s[STARTED], a[id=AVDbYFx5QQqCuQyOqDzeRg]
--------[test][1], node[h4IC1hr4QIqf2QUxGSgJJQ], [R], v[6], s[INITIALIZING], a[id=O9TGIMCgR0e37QDE0Uj4tA], unassigned_info[[reason=NODE_LEFT], at[2016-04-18T07:03:50.972Z], details[node_left[N_BWPYTZSaiMCs2d2s5TXw]]]
-----node_id[_-f-elo_SJ28xBV3EpayNg][V]
--------[test][2], node[_-f-elo_SJ28xBV3EpayNg], [P], v[6], s[STARTED], a[id=EGsu124hRLGmN93S1utdEg]
--------[test][1], node[_-f-elo_SJ28xBV3EpayNg], [P], v[6], s[STARTED], a[id=4Q-_VkkjRUKGwYK0rqB-5w]
---- unassigned
--------[test][0], node[null], [P], v[5], s[UNASSIGNED], unassigned_info[[reason=NODE_LEFT], at[2016-04-18T07:03:50.981Z], details[node_left[gARHa-_1Tqy61zspi-0ezg]]]
--------[test][0], node[null], [R], v[5], s[UNASSIGNED], unassigned_info[[reason=NODE_LEFT], at[2016-04-18T07:03:50.972Z], details[node_left[N_BWPYTZSaiMCs2d2s5TXw]]]

[2016-04-18 03:03:51,011][DEBUG][org.elasticsearch.cluster.service] [node_t4] set local cluster state to version 18
[2016-04-18 03:03:51,011][DEBUG][org.elasticsearch.cluster.service] [node_t3] set local cluster state to version 18
[2016-04-18 03:03:51,014][DEBUG][org.elasticsearch.cluster.service] [node_t3] processing [local-disco-receive(from master)]: took 2ms done applying updated cluster_state (version: 18, uuid: Ds6uK6o7TO6QEgP_kcrEQg)
[2016-04-18 03:03:51,014][DEBUG][org.elasticsearch.cluster.service] [node_t4] processing [local-disco-receive(from master)]: took 3ms done applying updated cluster_state (version: 18, uuid: Ds6uK6o7TO6QEgP_kcrEQg)
[2016-04-18 03:03:51,014][DEBUG][org.elasticsearch.cluster.service] [node_t0] set local cluster state to version 18
[2016-04-18 03:03:51,016][DEBUG][org.elasticsearch.cluster.service] [node_t0] processing [shard-started ([test][2], node[h4IC1hr4QIqf2QUxGSgJJQ], [R], v[5], s[INITIALIZING], a[id=AVDbYFx5QQqCuQyOqDzeRg], unassigned_info[[reason=NODE_LEFT], at[2016-04-18T07:03:50.981Z], details[node_left[gARHa-_1Tqy61zspi-0ezg]]]), reason [after recovery (replica) from node [{node_t3}{_-f-elo_SJ28xBV3EpayNg}{local}{local[102]}[mode=>local, master=>false]]]]: took 6ms done applying updated cluster_state (version: 18, uuid: Ds6uK6o7TO6QEgP_kcrEQg)
[2016-04-18 03:03:51,016][TRACE][org.elasticsearch.cluster.service] [node_t0] will process [shard-started ([test][1], node[h4IC1hr4QIqf2QUxGSgJJQ], [R], v[6], s[INITIALIZING], a[id=O9TGIMCgR0e37QDE0Uj4tA], unassigned_info[[reason=NODE_LEFT], at[2016-04-18T07:03:50.972Z], details[node_left[N_BWPYTZSaiMCs2d2s5TXw]]]), reason [after recovery (replica) from node [{node_t3}{_-f-elo_SJ28xBV3EpayNg}{local}{local[102]}[mode=>local, master=>false]]]]
[2016-04-18 03:03:51,016][TRACE][org.elasticsearch.cluster.service] [node_t0] will process [shard-started ([test][1], node[h4IC1hr4QIqf2QUxGSgJJQ], [R], v[6], s[INITIALIZING], a[id=O9TGIMCgR0e37QDE0Uj4tA], unassigned_info[[reason=NODE_LEFT], at[2016-04-18T07:03:50.972Z], details[node_left[N_BWPYTZSaiMCs2d2s5TXw]]]), reason [master {node_t0}{QrGQ9LkSSwKjg5hFzloMFw}{local}{local[99]}[mode=>local, master=>true, data=>false] marked shard as initializing, but shard state is [POST_RECOVERY], mark shard as started]]
[2016-04-18 03:03:51,016][DEBUG][org.elasticsearch.cluster.service] [node_t0] processing [shard-started ([test][1], node[h4IC1hr4QIqf2QUxGSgJJQ], [R], v[6], s[INITIALIZING], a[id=O9TGIMCgR0e37QDE0Uj4tA], unassigned_info[[reason=NODE_LEFT], at[2016-04-18T07:03:50.972Z], details[node_left[N_BWPYTZSaiMCs2d2s5TXw]]]), reason [after recovery (replica) from node [{node_t3}{_-f-elo_SJ28xBV3EpayNg}{local}{local[102]}[mode=>local, master=>false]]],shard-started ([test][1], node[h4IC1hr4QIqf2QUxGSgJJQ], [R], v[6], s[INITIALIZING], a[id=O9TGIMCgR0e37QDE0Uj4tA], unassigned_info[[reason=NODE_LEFT], at[2016-04-18T07:03:50.972Z], details[node_left[N_BWPYTZSaiMCs2d2s5TXw]]]), reason [master {node_t0}{QrGQ9LkSSwKjg5hFzloMFw}{local}{local[99]}[mode=>local, master=>true, data=>false] marked shard as initializing, but shard state is [POST_RECOVERY], mark shard as started]]: execute
[2016-04-18 03:03:51,017][TRACE][org.elasticsearch.cluster.service] [node_t0] cluster state updated, source [shard-started ([test][1], node[h4IC1hr4QIqf2QUxGSgJJQ], [R], v[6], s[INITIALIZING], a[id=O9TGIMCgR0e37QDE0Uj4tA], unassigned_info[[reason=NODE_LEFT], at[2016-04-18T07:03:50.972Z], details[node_left[N_BWPYTZSaiMCs2d2s5TXw]]]), reason [after recovery (replica) from node [{node_t3}{_-f-elo_SJ28xBV3EpayNg}{local}{local[102]}[mode=>local, master=>false]]],shard-started ([test][1], node[h4IC1hr4QIqf2QUxGSgJJQ], [R], v[6], s[INITIALIZING], a[id=O9TGIMCgR0e37QDE0Uj4tA], unassigned_info[[reason=NODE_LEFT], at[2016-04-18T07:03:50.972Z], details[node_left[N_BWPYTZSaiMCs2d2s5TXw]]]), reason [master {node_t0}{QrGQ9LkSSwKjg5hFzloMFw}{local}{local[99]}[mode=>local, master=>true, data=>false] marked shard as initializing, but shard state is [POST_RECOVERY], mark shard as started]]
version: 19
state uuid: 7qPb1payStCERsu20mBUnw
from_diff: false
meta data version: 13
nodes: 
   {node_t3}{_-f-elo_SJ28xBV3EpayNg}{local}{local[102]}[mode=>local, master=>false]
   {node_t4}{h4IC1hr4QIqf2QUxGSgJJQ}{local}{local[103]}[mode=>local, master=>false]
   {node_t0}{QrGQ9LkSSwKjg5hFzloMFw}{local}{local[99]}[mode=>local, master=>true, data=>false], local, master
routing_table (version 12):
-- index [test]
----shard_id [test][0]
--------[test][0], node[null], [P], v[5], s[UNASSIGNED], unassigned_info[[reason=NODE_LEFT], at[2016-04-18T07:03:50.981Z], details[node_left[gARHa-_1Tqy61zspi-0ezg]]]
--------[test][0], node[null], [R], v[5], s[UNASSIGNED], unassigned_info[[reason=NODE_LEFT], at[2016-04-18T07:03:50.972Z], details[node_left[N_BWPYTZSaiMCs2d2s5TXw]]]
----shard_id [test][1]
--------[test][1], node[h4IC1hr4QIqf2QUxGSgJJQ], [R], v[7], s[STARTED], a[id=O9TGIMCgR0e37QDE0Uj4tA]
--------[test][1], node[_-f-elo_SJ28xBV3EpayNg], [P], v[7], s[STARTED], a[id=4Q-_VkkjRUKGwYK0rqB-5w]
----shard_id [test][2]
--------[test][2], node[h4IC1hr4QIqf2QUxGSgJJQ], [R], v[6], s[STARTED], a[id=AVDbYFx5QQqCuQyOqDzeRg]
--------[test][2], node[_-f-elo_SJ28xBV3EpayNg], [P], v[6], s[STARTED], a[id=EGsu124hRLGmN93S1utdEg]

routing_nodes:
-----node_id[h4IC1hr4QIqf2QUxGSgJJQ][V]
--------[test][2], node[h4IC1hr4QIqf2QUxGSgJJQ], [R], v[6], s[STARTED], a[id=AVDbYFx5QQqCuQyOqDzeRg]
--------[test][1], node[h4IC1hr4QIqf2QUxGSgJJQ], [R], v[7], s[STARTED], a[id=O9TGIMCgR0e37QDE0Uj4tA]
-----node_id[_-f-elo_SJ28xBV3EpayNg][V]
--------[test][2], node[_-f-elo_SJ28xBV3EpayNg], [P], v[6], s[STARTED], a[id=EGsu124hRLGmN93S1utdEg]
--------[test][1], node[_-f-elo_SJ28xBV3EpayNg], [P], v[7], s[STARTED], a[id=4Q-_VkkjRUKGwYK0rqB-5w]
---- unassigned
--------[test][0], node[null], [P], v[5], s[UNASSIGNED], unassigned_info[[reason=NODE_LEFT], at[2016-04-18T07:03:50.981Z], details[node_left[gARHa-_1Tqy61zspi-0ezg]]]
--------[test][0], node[null], [R], v[5], s[UNASSIGNED], unassigned_info[[reason=NODE_LEFT], at[2016-04-18T07:03:50.972Z], details[node_left[N_BWPYTZSaiMCs2d2s5TXw]]]

[2016-04-18 03:03:51,017][DEBUG][org.elasticsearch.cluster.service] [node_t0] publishing cluster state version [19]
[2016-04-18 03:03:51,017][TRACE][org.elasticsearch.cluster.service] [node_t3] will process [local-disco-receive(from master)]
[2016-04-18 03:03:51,017][DEBUG][org.elasticsearch.cluster.service] [node_t3] processing [local-disco-receive(from master)]: execute
[2016-04-18 03:03:51,017][TRACE][org.elasticsearch.cluster.service] [node_t4] will process [local-disco-receive(from master)]
[2016-04-18 03:03:51,017][DEBUG][org.elasticsearch.cluster.service] [node_t4] processing [local-disco-receive(from master)]: execute
[2016-04-18 03:03:51,017][TRACE][org.elasticsearch.cluster.service] [node_t3] cluster state updated, source [local-disco-receive(from master)]
version: 19
state uuid: 7qPb1payStCERsu20mBUnw
from_diff: false
meta data version: 13
nodes: 
   {node_t3}{_-f-elo_SJ28xBV3EpayNg}{local}{local[102]}[mode=>local, master=>false], local
   {node_t4}{h4IC1hr4QIqf2QUxGSgJJQ}{local}{local[103]}[master=>false, mode=>local]
   {node_t0}{QrGQ9LkSSwKjg5hFzloMFw}{local}{local[99]}[mode=>local, master=>true, data=>false], master
routing_table (version 12):
-- index [test]
----shard_id [test][0]
--------[test][0], node[null], [P], v[5], s[UNASSIGNED], unassigned_info[[reason=NODE_LEFT], at[2016-04-18T07:03:50.981Z], details[node_left[gARHa-_1Tqy61zspi-0ezg]]]
--------[test][0], node[null], [R], v[5], s[UNASSIGNED], unassigned_info[[reason=NODE_LEFT], at[2016-04-18T07:03:50.972Z], details[node_left[N_BWPYTZSaiMCs2d2s5TXw]]]
----shard_id [test][1]
--------[test][1], node[h4IC1hr4QIqf2QUxGSgJJQ], [R], v[7], s[STARTED], a[id=O9TGIMCgR0e37QDE0Uj4tA]
--------[test][1], node[_-f-elo_SJ28xBV3EpayNg], [P], v[7], s[STARTED], a[id=4Q-_VkkjRUKGwYK0rqB-5w]
----shard_id [test][2]
--------[test][2], node[h4IC1hr4QIqf2QUxGSgJJQ], [R], v[6], s[STARTED], a[id=AVDbYFx5QQqCuQyOqDzeRg]
--------[test][2], node[_-f-elo_SJ28xBV3EpayNg], [P], v[6], s[STARTED], a[id=EGsu124hRLGmN93S1utdEg]

routing_nodes:
-----node_id[h4IC1hr4QIqf2QUxGSgJJQ][V]
--------[test][2], node[h4IC1hr4QIqf2QUxGSgJJQ], [R], v[6], s[STARTED], a[id=AVDbYFx5QQqCuQyOqDzeRg]
--------[test][1], node[h4IC1hr4QIqf2QUxGSgJJQ], [R], v[7], s[STARTED], a[id=O9TGIMCgR0e37QDE0Uj4tA]
-----node_id[_-f-elo_SJ28xBV3EpayNg][V]
--------[test][2], node[_-f-elo_SJ28xBV3EpayNg], [P], v[6], s[STARTED], a[id=EGsu124hRLGmN93S1utdEg]
--------[test][1], node[_-f-elo_SJ28xBV3EpayNg], [P], v[7], s[STARTED], a[id=4Q-_VkkjRUKGwYK0rqB-5w]
---- unassigned
--------[test][0], node[null], [P], v[5], s[UNASSIGNED], unassigned_info[[reason=NODE_LEFT], at[2016-04-18T07:03:50.981Z], details[node_left[gARHa-_1Tqy61zspi-0ezg]]]
--------[test][0], node[null], [R], v[5], s[UNASSIGNED], unassigned_info[[reason=NODE_LEFT], at[2016-04-18T07:03:50.972Z], details[node_left[N_BWPYTZSaiMCs2d2s5TXw]]]

[2016-04-18 03:03:51,017][TRACE][org.elasticsearch.cluster.service] [node_t4] cluster state updated, source [local-disco-receive(from master)]
version: 19
state uuid: 7qPb1payStCERsu20mBUnw
from_diff: false
meta data version: 13
nodes: 
   {node_t3}{_-f-elo_SJ28xBV3EpayNg}{local}{local[102]}[mode=>local, master=>false]
   {node_t4}{h4IC1hr4QIqf2QUxGSgJJQ}{local}{local[103]}[mode=>local, master=>false], local
   {node_t0}{QrGQ9LkSSwKjg5hFzloMFw}{local}{local[99]}[mode=>local, master=>true, data=>false], master
routing_table (version 12):
-- index [test]
----shard_id [test][0]
--------[test][0], node[null], [P], v[5], s[UNASSIGNED], unassigned_info[[reason=NODE_LEFT], at[2016-04-18T07:03:50.981Z], details[node_left[gARHa-_1Tqy61zspi-0ezg]]]
--------[test][0], node[null], [R], v[5], s[UNASSIGNED], unassigned_info[[reason=NODE_LEFT], at[2016-04-18T07:03:50.972Z], details[node_left[N_BWPYTZSaiMCs2d2s5TXw]]]
----shard_id [test][1]
--------[test][1], node[h4IC1hr4QIqf2QUxGSgJJQ], [R], v[7], s[STARTED], a[id=O9TGIMCgR0e37QDE0Uj4tA]
--------[test][1], node[_-f-elo_SJ28xBV3EpayNg], [P], v[7], s[STARTED], a[id=4Q-_VkkjRUKGwYK0rqB-5w]
----shard_id [test][2]
--------[test][2], node[h4IC1hr4QIqf2QUxGSgJJQ], [R], v[6], s[STARTED], a[id=AVDbYFx5QQqCuQyOqDzeRg]
--------[test][2], node[_-f-elo_SJ28xBV3EpayNg], [P], v[6], s[STARTED], a[id=EGsu124hRLGmN93S1utdEg]

routing_nodes:
-----node_id[h4IC1hr4QIqf2QUxGSgJJQ][V]
--------[test][2], node[h4IC1hr4QIqf2QUxGSgJJQ], [R], v[6], s[STARTED], a[id=AVDbYFx5QQqCuQyOqDzeRg]
--------[test][1], node[h4IC1hr4QIqf2QUxGSgJJQ], [R], v[7], s[STARTED], a[id=O9TGIMCgR0e37QDE0Uj4tA]
-----node_id[_-f-elo_SJ28xBV3EpayNg][V]
--------[test][2], node[_-f-elo_SJ28xBV3EpayNg], [P], v[6], s[STARTED], a[id=EGsu124hRLGmN93S1utdEg]
--------[test][1], node[_-f-elo_SJ28xBV3EpayNg], [P], v[7], s[STARTED], a[id=4Q-_VkkjRUKGwYK0rqB-5w]
---- unassigned
--------[test][0], node[null], [P], v[5], s[UNASSIGNED], unassigned_info[[reason=NODE_LEFT], at[2016-04-18T07:03:50.981Z], details[node_left[gARHa-_1Tqy61zspi-0ezg]]]
--------[test][0], node[null], [R], v[5], s[UNASSIGNED], unassigned_info[[reason=NODE_LEFT], at[2016-04-18T07:03:50.972Z], details[node_left[N_BWPYTZSaiMCs2d2s5TXw]]]

[2016-04-18 03:03:51,018][DEBUG][org.elasticsearch.cluster.service] [node_t4] set local cluster state to version 19
[2016-04-18 03:03:51,017][DEBUG][org.elasticsearch.cluster.service] [node_t3] set local cluster state to version 19
[2016-04-18 03:03:51,021][DEBUG][org.elasticsearch.cluster.service] [node_t4] processing [local-disco-receive(from master)]: took 3ms done applying updated cluster_state (version: 19, uuid: 7qPb1payStCERsu20mBUnw)
[2016-04-18 03:03:51,021][DEBUG][org.elasticsearch.cluster.service] [node_t3] processing [local-disco-receive(from master)]: took 3ms done applying updated cluster_state (version: 19, uuid: 7qPb1payStCERsu20mBUnw)
[2016-04-18 03:03:51,021][DEBUG][org.elasticsearch.cluster.service] [node_t0] set local cluster state to version 19
[2016-04-18 03:03:51,023][DEBUG][org.elasticsearch.cluster.service] [node_t0] processing [shard-started ([test][1], node[h4IC1hr4QIqf2QUxGSgJJQ], [R], v[6], s[INITIALIZING], a[id=O9TGIMCgR0e37QDE0Uj4tA], unassigned_info[[reason=NODE_LEFT], at[2016-04-18T07:03:50.972Z], details[node_left[N_BWPYTZSaiMCs2d2s5TXw]]]), reason [after recovery (replica) from node [{node_t3}{_-f-elo_SJ28xBV3EpayNg}{local}{local[102]}[mode=>local, master=>false]]],shard-started ([test][1], node[h4IC1hr4QIqf2QUxGSgJJQ], [R], v[6], s[INITIALIZING], a[id=O9TGIMCgR0e37QDE0Uj4tA], unassigned_info[[reason=NODE_LEFT], at[2016-04-18T07:03:50.972Z], details[node_left[N_BWPYTZSaiMCs2d2s5TXw]]]), reason [master {node_t0}{QrGQ9LkSSwKjg5hFzloMFw}{local}{local[99]}[mode=>local, master=>true, data=>false] marked shard as initializing, but shard state is [POST_RECOVERY], mark shard as started]]: took 6ms done applying updated cluster_state (version: 19, uuid: 7qPb1payStCERsu20mBUnw)
[2016-04-18 03:03:51,023][TRACE][org.elasticsearch.cluster.service] [node_t0] will process [cluster_update_settings]
[2016-04-18 03:03:51,023][DEBUG][org.elasticsearch.cluster.service] [node_t0] processing [cluster_update_settings]: execute
[2016-04-18 03:03:51,024][TRACE][org.elasticsearch.cluster.service] expecting 3 acknowledgements for cluster_state update (version: 20)
[2016-04-18 03:03:51,024][TRACE][org.elasticsearch.cluster.service] [node_t0] cluster state updated, source [cluster_update_settings]
version: 20
state uuid: 8GbrKuVCRe2lXBfRY5Tw8A
from_diff: false
meta data version: 14
nodes: 
   {node_t3}{_-f-elo_SJ28xBV3EpayNg}{local}{local[102]}[mode=>local, master=>false]
   {node_t4}{h4IC1hr4QIqf2QUxGSgJJQ}{local}{local[103]}[mode=>local, master=>false]
   {node_t0}{QrGQ9LkSSwKjg5hFzloMFw}{local}{local[99]}[mode=>local, master=>true, data=>false], local, master
routing_table (version 12):
-- index [test]
----shard_id [test][0]
--------[test][0], node[null], [P], v[5], s[UNASSIGNED], unassigned_info[[reason=NODE_LEFT], at[2016-04-18T07:03:50.981Z], details[node_left[gARHa-_1Tqy61zspi-0ezg]]]
--------[test][0], node[null], [R], v[5], s[UNASSIGNED], unassigned_info[[reason=NODE_LEFT], at[2016-04-18T07:03:50.972Z], details[node_left[N_BWPYTZSaiMCs2d2s5TXw]]]
----shard_id [test][1]
--------[test][1], node[h4IC1hr4QIqf2QUxGSgJJQ], [R], v[7], s[STARTED], a[id=O9TGIMCgR0e37QDE0Uj4tA]
--------[test][1], node[_-f-elo_SJ28xBV3EpayNg], [P], v[7], s[STARTED], a[id=4Q-_VkkjRUKGwYK0rqB-5w]
----shard_id [test][2]
--------[test][2], node[h4IC1hr4QIqf2QUxGSgJJQ], [R], v[6], s[STARTED], a[id=AVDbYFx5QQqCuQyOqDzeRg]
--------[test][2], node[_-f-elo_SJ28xBV3EpayNg], [P], v[6], s[STARTED], a[id=EGsu124hRLGmN93S1utdEg]

routing_nodes:
-----node_id[h4IC1hr4QIqf2QUxGSgJJQ][V]
--------[test][2], node[h4IC1hr4QIqf2QUxGSgJJQ], [R], v[6], s[STARTED], a[id=AVDbYFx5QQqCuQyOqDzeRg]
--------[test][1], node[h4IC1hr4QIqf2QUxGSgJJQ], [R], v[7], s[STARTED], a[id=O9TGIMCgR0e37QDE0Uj4tA]
-----node_id[_-f-elo_SJ28xBV3EpayNg][V]
--------[test][2], node[_-f-elo_SJ28xBV3EpayNg], [P], v[6], s[STARTED], a[id=EGsu124hRLGmN93S1utdEg]
--------[test][1], node[_-f-elo_SJ28xBV3EpayNg], [P], v[7], s[STARTED], a[id=4Q-_VkkjRUKGwYK0rqB-5w]
---- unassigned
--------[test][0], node[null], [P], v[5], s[UNASSIGNED], unassigned_info[[reason=NODE_LEFT], at[2016-04-18T07:03:50.981Z], details[node_left[gARHa-_1Tqy61zspi-0ezg]]]
--------[test][0], node[null], [R], v[5], s[UNASSIGNED], unassigned_info[[reason=NODE_LEFT], at[2016-04-18T07:03:50.972Z], details[node_left[N_BWPYTZSaiMCs2d2s5TXw]]]

[2016-04-18 03:03:51,024][DEBUG][org.elasticsearch.cluster.service] [node_t0] publishing cluster state version [20]
[2016-04-18 03:03:51,024][TRACE][org.elasticsearch.cluster.service] [node_t3] will process [local-disco-receive(from master)]
[2016-04-18 03:03:51,024][TRACE][org.elasticsearch.cluster.service] [node_t4] will process [local-disco-receive(from master)]
[2016-04-18 03:03:51,024][DEBUG][org.elasticsearch.cluster.service] [node_t4] processing [local-disco-receive(from master)]: execute
[2016-04-18 03:03:51,024][DEBUG][org.elasticsearch.cluster.service] [node_t3] processing [local-disco-receive(from master)]: execute
[2016-04-18 03:03:51,025][TRACE][org.elasticsearch.cluster.service] [node_t4] cluster state updated, source [local-disco-receive(from master)]
version: 20
state uuid: 8GbrKuVCRe2lXBfRY5Tw8A
from_diff: false
meta data version: 14
nodes: 
   {node_t3}{_-f-elo_SJ28xBV3EpayNg}{local}{local[102]}[mode=>local, master=>false]
   {node_t4}{h4IC1hr4QIqf2QUxGSgJJQ}{local}{local[103]}[mode=>local, master=>false], local
   {node_t0}{QrGQ9LkSSwKjg5hFzloMFw}{local}{local[99]}[mode=>local, master=>true, data=>false], master
routing_table (version 12):
-- index [test]
----shard_id [test][0]
--------[test][0], node[null], [P], v[5], s[UNASSIGNED], unassigned_info[[reason=NODE_LEFT], at[2016-04-18T07:03:50.981Z], details[node_left[gARHa-_1Tqy61zspi-0ezg]]]
--------[test][0], node[null], [R], v[5], s[UNASSIGNED], unassigned_info[[reason=NODE_LEFT], at[2016-04-18T07:03:50.972Z], details[node_left[N_BWPYTZSaiMCs2d2s5TXw]]]
----shard_id [test][1]
--------[test][1], node[h4IC1hr4QIqf2QUxGSgJJQ], [R], v[7], s[STARTED], a[id=O9TGIMCgR0e37QDE0Uj4tA]
--------[test][1], node[_-f-elo_SJ28xBV3EpayNg], [P], v[7], s[STARTED], a[id=4Q-_VkkjRUKGwYK0rqB-5w]
----shard_id [test][2]
--------[test][2], node[h4IC1hr4QIqf2QUxGSgJJQ], [R], v[6], s[STARTED], a[id=AVDbYFx5QQqCuQyOqDzeRg]
--------[test][2], node[_-f-elo_SJ28xBV3EpayNg], [P], v[6], s[STARTED], a[id=EGsu124hRLGmN93S1utdEg]

routing_nodes:
-----node_id[h4IC1hr4QIqf2QUxGSgJJQ][V]
--------[test][2], node[h4IC1hr4QIqf2QUxGSgJJQ], [R], v[6], s[STARTED], a[id=AVDbYFx5QQqCuQyOqDzeRg]
--------[test][1], node[h4IC1hr4QIqf2QUxGSgJJQ], [R], v[7], s[STARTED], a[id=O9TGIMCgR0e37QDE0Uj4tA]
-----node_id[_-f-elo_SJ28xBV3EpayNg][V]
--------[test][2], node[_-f-elo_SJ28xBV3EpayNg], [P], v[6], s[STARTED], a[id=EGsu124hRLGmN93S1utdEg]
--------[test][1], node[_-f-elo_SJ28xBV3EpayNg], [P], v[7], s[STARTED], a[id=4Q-_VkkjRUKGwYK0rqB-5w]
---- unassigned
--------[test][0], node[null], [P], v[5], s[UNASSIGNED], unassigned_info[[reason=NODE_LEFT], at[2016-04-18T07:03:50.981Z], details[node_left[gARHa-_1Tqy61zspi-0ezg]]]
--------[test][0], node[null], [R], v[5], s[UNASSIGNED], unassigned_info[[reason=NODE_LEFT], at[2016-04-18T07:03:50.972Z], details[node_left[N_BWPYTZSaiMCs2d2s5TXw]]]

[2016-04-18 03:03:51,025][TRACE][org.elasticsearch.cluster.service] [node_t3] cluster state updated, source [local-disco-receive(from master)]
version: 20
state uuid: 8GbrKuVCRe2lXBfRY5Tw8A
from_diff: false
meta data version: 14
nodes: 
   {node_t3}{_-f-elo_SJ28xBV3EpayNg}{local}{local[102]}[mode=>local, master=>false], local
   {node_t4}{h4IC1hr4QIqf2QUxGSgJJQ}{local}{local[103]}[master=>false, mode=>local]
   {node_t0}{QrGQ9LkSSwKjg5hFzloMFw}{local}{local[99]}[mode=>local, master=>true, data=>false], master
routing_table (version 12):
-- index [test]
----shard_id [test][0]
--------[test][0], node[null], [P], v[5], s[UNASSIGNED], unassigned_info[[reason=NODE_LEFT], at[2016-04-18T07:03:50.981Z], details[node_left[gARHa-_1Tqy61zspi-0ezg]]]
--------[test][0], node[null], [R], v[5], s[UNASSIGNED], unassigned_info[[reason=NODE_LEFT], at[2016-04-18T07:03:50.972Z], details[node_left[N_BWPYTZSaiMCs2d2s5TXw]]]
----shard_id [test][1]
--------[test][1], node[h4IC1hr4QIqf2QUxGSgJJQ], [R], v[7], s[STARTED], a[id=O9TGIMCgR0e37QDE0Uj4tA]
--------[test][1], node[_-f-elo_SJ28xBV3EpayNg], [P], v[7], s[STARTED], a[id=4Q-_VkkjRUKGwYK0rqB-5w]
----shard_id [test][2]
--------[test][2], node[h4IC1hr4QIqf2QUxGSgJJQ], [R], v[6], s[STARTED], a[id=AVDbYFx5QQqCuQyOqDzeRg]
--------[test][2], node[_-f-elo_SJ28xBV3EpayNg], [P], v[6], s[STARTED], a[id=EGsu124hRLGmN93S1utdEg]

routing_nodes:
-----node_id[h4IC1hr4QIqf2QUxGSgJJQ][V]
--------[test][2], node[h4IC1hr4QIqf2QUxGSgJJQ], [R], v[6], s[STARTED], a[id=AVDbYFx5QQqCuQyOqDzeRg]
--------[test][1], node[h4IC1hr4QIqf2QUxGSgJJQ], [R], v[7], s[STARTED], a[id=O9TGIMCgR0e37QDE0Uj4tA]
-----node_id[_-f-elo_SJ28xBV3EpayNg][V]
--------[test][2], node[_-f-elo_SJ28xBV3EpayNg], [P], v[6], s[STARTED], a[id=EGsu124hRLGmN93S1utdEg]
--------[test][1], node[_-f-elo_SJ28xBV3EpayNg], [P], v[7], s[STARTED], a[id=4Q-_VkkjRUKGwYK0rqB-5w]
---- unassigned
--------[test][0], node[null], [P], v[5], s[UNASSIGNED], unassigned_info[[reason=NODE_LEFT], at[2016-04-18T07:03:50.981Z], details[node_left[gARHa-_1Tqy61zspi-0ezg]]]
--------[test][0], node[null], [R], v[5], s[UNASSIGNED], unassigned_info[[reason=NODE_LEFT], at[2016-04-18T07:03:50.972Z], details[node_left[N_BWPYTZSaiMCs2d2s5TXw]]]

[2016-04-18 03:03:51,025][DEBUG][org.elasticsearch.cluster.service] [node_t4] set local cluster state to version 20
[2016-04-18 03:03:51,025][DEBUG][org.elasticsearch.cluster.service] [node_t3] set local cluster state to version 20
[2016-04-18 03:03:51,025][TRACE][org.elasticsearch.cluster.service] ack received from node [{node_t4}{h4IC1hr4QIqf2QUxGSgJJQ}{local}{local[103]}[mode=>local, master=>false]], cluster_state update (version: 20)
[2016-04-18 03:03:51,025][TRACE][org.elasticsearch.cluster.service] ack received from node [{node_t3}{_-f-elo_SJ28xBV3EpayNg}{local}{local[102]}[mode=>local, master=>false]], cluster_state update (version: 20)
[2016-04-18 03:03:51,025][DEBUG][org.elasticsearch.cluster.service] [node_t0] set local cluster state to version 20
[2016-04-18 03:03:51,025][DEBUG][org.elasticsearch.cluster.service] [node_t4] processing [local-disco-receive(from master)]: took 1ms done applying updated cluster_state (version: 20, uuid: 8GbrKuVCRe2lXBfRY5Tw8A)
[2016-04-18 03:03:51,026][DEBUG][org.elasticsearch.cluster.service] [node_t3] processing [local-disco-receive(from master)]: took 1ms done applying updated cluster_state (version: 20, uuid: 8GbrKuVCRe2lXBfRY5Tw8A)
[2016-04-18 03:03:51,026][TRACE][org.elasticsearch.cluster.service] ack received from node [{node_t0}{QrGQ9LkSSwKjg5hFzloMFw}{local}{local[99]}[mode=>local, master=>true, data=>false]], cluster_state update (version: 20)
[2016-04-18 03:03:51,026][TRACE][org.elasticsearch.cluster.service] all expected nodes acknowledged cluster_state update (version: 20)
[2016-04-18 03:03:51,026][DEBUG][org.elasticsearch.cluster.service] [node_t0] processing [cluster_update_settings]: took 2ms done applying updated cluster_state (version: 20, uuid: 8GbrKuVCRe2lXBfRY5Tw8A)
[2016-04-18 03:03:51,026][TRACE][org.elasticsearch.cluster.service] [node_t0] will process [reroute_after_cluster_update_settings]
[2016-04-18 03:03:51,026][DEBUG][org.elasticsearch.cluster.service] [node_t0] processing [reroute_after_cluster_update_settings]: execute
[2016-04-18 03:03:51,027][DEBUG][org.elasticsearch.cluster.service] [node_t0] processing [reroute_after_cluster_update_settings]: took 0s no change in cluster_state
[2016-04-18 03:03:51,048][TRACE][org.elasticsearch.cluster.service] [node_t0] will process [local-disco-receive(from node[{node_t5}{xvcWTvvKQ8SQyHkEaDTzIg}{local}{local[107]}[mode=>local, master=>false]])]
[2016-04-18 03:03:51,048][DEBUG][org.elasticsearch.cluster.service] [node_t0] processing [local-disco-receive(from node[{node_t5}{xvcWTvvKQ8SQyHkEaDTzIg}{local}{local[107]}[mode=>local, master=>false]])]: execute
[2016-04-18 03:03:51,048][TRACE][org.elasticsearch.cluster.service] [node_t5] will process [local-disco(detected_master)]
[2016-04-18 03:03:51,048][DEBUG][org.elasticsearch.cluster.service] [node_t5] processing [local-disco(detected_master)]: execute
[2016-04-18 03:03:51,048][TRACE][org.elasticsearch.cluster.service] [node_t5] cluster state updated, source [local-disco(detected_master)]
version: 0
state uuid: ISfshw7kRxqRcLG0EYGW1w
from_diff: false
meta data version: 14
blocks: 
   _global_:
      1,state not recovered / initialized, blocks READ,WRITE,METADATA_READ,METADATA_WRITE      2,no master, blocks WRITE,METADATA_WRITE
nodes: 
   {node_t5}{xvcWTvvKQ8SQyHkEaDTzIg}{local}{local[107]}[mode=>local, master=>false], local
routing_table (version 0):
routing_nodes:
-----node_id[xvcWTvvKQ8SQyHkEaDTzIg][V]
---- unassigned

[2016-04-18 03:03:51,048][DEBUG][org.elasticsearch.cluster.service] [node_t5] set local cluster state to version 0
[2016-04-18 03:03:51,048][TRACE][org.elasticsearch.cluster.service] [node_t0] cluster state updated, source [local-disco-receive(from node[{node_t5}{xvcWTvvKQ8SQyHkEaDTzIg}{local}{local[107]}[mode=>local, master=>false]])]
version: 21
state uuid: Kg149YFgQzSd0_XL8bI4Ew
from_diff: false
meta data version: 14
nodes: 
   {node_t3}{_-f-elo_SJ28xBV3EpayNg}{local}{local[102]}[mode=>local, master=>false]
   {node_t4}{h4IC1hr4QIqf2QUxGSgJJQ}{local}{local[103]}[mode=>local, master=>false]
   {node_t0}{QrGQ9LkSSwKjg5hFzloMFw}{local}{local[99]}[mode=>local, master=>true, data=>false], local, master
   {node_t5}{xvcWTvvKQ8SQyHkEaDTzIg}{local}{local[107]}[mode=>local, master=>false]
routing_table (version 12):
-- index [test]
----shard_id [test][0]
--------[test][0], node[null], [P], v[5], s[UNASSIGNED], unassigned_info[[reason=NODE_LEFT], at[2016-04-18T07:03:50.981Z], details[node_left[gARHa-_1Tqy61zspi-0ezg]]]
--------[test][0], node[null], [R], v[5], s[UNASSIGNED], unassigned_info[[reason=NODE_LEFT], at[2016-04-18T07:03:50.972Z], details[node_left[N_BWPYTZSaiMCs2d2s5TXw]]]
----shard_id [test][1]
--------[test][1], node[h4IC1hr4QIqf2QUxGSgJJQ], [R], v[7], s[STARTED], a[id=O9TGIMCgR0e37QDE0Uj4tA]
--------[test][1], node[_-f-elo_SJ28xBV3EpayNg], [P], v[7], s[STARTED], a[id=4Q-_VkkjRUKGwYK0rqB-5w]
----shard_id [test][2]
--------[test][2], node[h4IC1hr4QIqf2QUxGSgJJQ], [R], v[6], s[STARTED], a[id=AVDbYFx5QQqCuQyOqDzeRg]
--------[test][2], node[_-f-elo_SJ28xBV3EpayNg], [P], v[6], s[STARTED], a[id=EGsu124hRLGmN93S1utdEg]

routing_nodes:
-----node_id[h4IC1hr4QIqf2QUxGSgJJQ][V]
--------[test][2], node[h4IC1hr4QIqf2QUxGSgJJQ], [R], v[6], s[STARTED], a[id=AVDbYFx5QQqCuQyOqDzeRg]
--------[test][1], node[h4IC1hr4QIqf2QUxGSgJJQ], [R], v[7], s[STARTED], a[id=O9TGIMCgR0e37QDE0Uj4tA]
-----node_id[xvcWTvvKQ8SQyHkEaDTzIg][V]
-----node_id[_-f-elo_SJ28xBV3EpayNg][V]
--------[test][2], node[_-f-elo_SJ28xBV3EpayNg], [P], v[6], s[STARTED], a[id=EGsu124hRLGmN93S1utdEg]
--------[test][1], node[_-f-elo_SJ28xBV3EpayNg], [P], v[7], s[STARTED], a[id=4Q-_VkkjRUKGwYK0rqB-5w]
---- unassigned
--------[test][0], node[null], [P], v[5], s[UNASSIGNED], unassigned_info[[reason=NODE_LEFT], at[2016-04-18T07:03:50.981Z], details[node_left[gARHa-_1Tqy61zspi-0ezg]]]
--------[test][0], node[null], [R], v[5], s[UNASSIGNED], unassigned_info[[reason=NODE_LEFT], at[2016-04-18T07:03:50.972Z], details[node_left[N_BWPYTZSaiMCs2d2s5TXw]]]

[2016-04-18 03:03:51,048][DEBUG][org.elasticsearch.cluster.service] [node_t5] processing [local-disco(detected_master)]: took 0s done applying updated cluster_state (version: 0, uuid: ISfshw7kRxqRcLG0EYGW1w)
[2016-04-18 03:03:51,048][INFO ][org.elasticsearch.cluster.service] [node_t0] added {{node_t5}{xvcWTvvKQ8SQyHkEaDTzIg}{local}{local[107]}[mode=>local, master=>false],}, reason: local-disco-receive(from node[{node_t5}{xvcWTvvKQ8SQyHkEaDTzIg}{local}{local[107]}[mode=>local, master=>false]])
[2016-04-18 03:03:51,049][DEBUG][org.elasticsearch.cluster.service] [node_t0] publishing cluster state version [21]
[2016-04-18 03:03:51,049][TRACE][org.elasticsearch.cluster.service] [node_t3] will process [local-disco-receive(from master)]
[2016-04-18 03:03:51,049][TRACE][org.elasticsearch.cluster.service] [node_t4] will process [local-disco-receive(from master)]
[2016-04-18 03:03:51,049][DEBUG][org.elasticsearch.cluster.service] [node_t4] processing [local-disco-receive(from master)]: execute
[2016-04-18 03:03:51,049][DEBUG][org.elasticsearch.cluster.service] [node_t3] processing [local-disco-receive(from master)]: execute
[2016-04-18 03:03:51,049][TRACE][org.elasticsearch.cluster.service] [node_t4] cluster state updated, source [local-disco-receive(from master)]
version: 21
state uuid: Kg149YFgQzSd0_XL8bI4Ew
from_diff: false
meta data version: 14
nodes: 
   {node_t3}{_-f-elo_SJ28xBV3EpayNg}{local}{local[102]}[master=>false, mode=>local]
   {node_t4}{h4IC1hr4QIqf2QUxGSgJJQ}{local}{local[103]}[mode=>local, master=>false], local
   {node_t0}{QrGQ9LkSSwKjg5hFzloMFw}{local}{local[99]}[master=>true, mode=>local, data=>false], master
   {node_t5}{xvcWTvvKQ8SQyHkEaDTzIg}{local}{local[107]}[master=>false, mode=>local]
routing_table (version 12):
-- index [test]
----shard_id [test][0]
--------[test][0], node[null], [P], v[5], s[UNASSIGNED], unassigned_info[[reason=NODE_LEFT], at[2016-04-18T07:03:50.981Z], details[node_left[gARHa-_1Tqy61zspi-0ezg]]]
--------[test][0], node[null], [R], v[5], s[UNASSIGNED], unassigned_info[[reason=NODE_LEFT], at[2016-04-18T07:03:50.972Z], details[node_left[N_BWPYTZSaiMCs2d2s5TXw]]]
----shard_id [test][1]
--------[test][1], node[h4IC1hr4QIqf2QUxGSgJJQ], [R], v[7], s[STARTED], a[id=O9TGIMCgR0e37QDE0Uj4tA]
--------[test][1], node[_-f-elo_SJ28xBV3EpayNg], [P], v[7], s[STARTED], a[id=4Q-_VkkjRUKGwYK0rqB-5w]
----shard_id [test][2]
--------[test][2], node[h4IC1hr4QIqf2QUxGSgJJQ], [R], v[6], s[STARTED], a[id=AVDbYFx5QQqCuQyOqDzeRg]
--------[test][2], node[_-f-elo_SJ28xBV3EpayNg], [P], v[6], s[STARTED], a[id=EGsu124hRLGmN93S1utdEg]

routing_nodes:
-----node_id[h4IC1hr4QIqf2QUxGSgJJQ][V]
--------[test][2], node[h4IC1hr4QIqf2QUxGSgJJQ], [R], v[6], s[STARTED], a[id=AVDbYFx5QQqCuQyOqDzeRg]
--------[test][1], node[h4IC1hr4QIqf2QUxGSgJJQ], [R], v[7], s[STARTED], a[id=O9TGIMCgR0e37QDE0Uj4tA]
-----node_id[xvcWTvvKQ8SQyHkEaDTzIg][V]
-----node_id[_-f-elo_SJ28xBV3EpayNg][V]
--------[test][2], node[_-f-elo_SJ28xBV3EpayNg], [P], v[6], s[STARTED], a[id=EGsu124hRLGmN93S1utdEg]
--------[test][1], node[_-f-elo_SJ28xBV3EpayNg], [P], v[7], s[STARTED], a[id=4Q-_VkkjRUKGwYK0rqB-5w]
---- unassigned
--------[test][0], node[null], [P], v[5], s[UNASSIGNED], unassigned_info[[reason=NODE_LEFT], at[2016-04-18T07:03:50.981Z], details[node_left[gARHa-_1Tqy61zspi-0ezg]]]
--------[test][0], node[null], [R], v[5], s[UNASSIGNED], unassigned_info[[reason=NODE_LEFT], at[2016-04-18T07:03:50.972Z], details[node_left[N_BWPYTZSaiMCs2d2s5TXw]]]

[2016-04-18 03:03:51,049][INFO ][org.elasticsearch.cluster.service] [node_t4] added {{node_t5}{xvcWTvvKQ8SQyHkEaDTzIg}{local}{local[107]}[master=>false, mode=>local],}, reason: local-disco-receive(from master)
[2016-04-18 03:03:51,049][TRACE][org.elasticsearch.cluster.service] [node_t5] will process [local-disco-receive(from master)]
[2016-04-18 03:03:51,049][DEBUG][org.elasticsearch.cluster.service] [node_t5] processing [local-disco-receive(from master)]: execute
[2016-04-18 03:03:51,049][TRACE][org.elasticsearch.cluster.service] [node_t3] cluster state updated, source [local-disco-receive(from master)]
version: 21
state uuid: Kg149YFgQzSd0_XL8bI4Ew
from_diff: false
meta data version: 14
nodes: 
   {node_t3}{_-f-elo_SJ28xBV3EpayNg}{local}{local[102]}[mode=>local, master=>false], local
   {node_t4}{h4IC1hr4QIqf2QUxGSgJJQ}{local}{local[103]}[mode=>local, master=>false]
   {node_t0}{QrGQ9LkSSwKjg5hFzloMFw}{local}{local[99]}[mode=>local, master=>true, data=>false], master
   {node_t5}{xvcWTvvKQ8SQyHkEaDTzIg}{local}{local[107]}[master=>false, mode=>local]
routing_table (version 12):
-- index [test]
----shard_id [test][0]
--------[test][0], node[null], [P], v[5], s[UNASSIGNED], unassigned_info[[reason=NODE_LEFT], at[2016-04-18T07:03:50.981Z], details[node_left[gARHa-_1Tqy61zspi-0ezg]]]
--------[test][0], node[null], [R], v[5], s[UNASSIGNED], unassigned_info[[reason=NODE_LEFT], at[2016-04-18T07:03:50.972Z], details[node_left[N_BWPYTZSaiMCs2d2s5TXw]]]
----shard_id [test][1]
--------[test][1], node[h4IC1hr4QIqf2QUxGSgJJQ], [R], v[7], s[STARTED], a[id=O9TGIMCgR0e37QDE0Uj4tA]
--------[test][1], node[_-f-elo_SJ28xBV3EpayNg], [P], v[7], s[STARTED], a[id=4Q-_VkkjRUKGwYK0rqB-5w]
----shard_id [test][2]
--------[test][2], node[h4IC1hr4QIqf2QUxGSgJJQ], [R], v[6], s[STARTED], a[id=AVDbYFx5QQqCuQyOqDzeRg]
--------[test][2], node[_-f-elo_SJ28xBV3EpayNg], [P], v[6], s[STARTED], a[id=EGsu124hRLGmN93S1utdEg]

routing_nodes:
-----node_id[h4IC1hr4QIqf2QUxGSgJJQ][V]
--------[test][2], node[h4IC1hr4QIqf2QUxGSgJJQ], [R], v[6], s[STARTED], a[id=AVDbYFx5QQqCuQyOqDzeRg]
--------[test][1], node[h4IC1hr4QIqf2QUxGSgJJQ], [R], v[7], s[STARTED], a[id=O9TGIMCgR0e37QDE0Uj4tA]
-----node_id[xvcWTvvKQ8SQyHkEaDTzIg][V]
-----node_id[_-f-elo_SJ28xBV3EpayNg][V]
--------[test][2], node[_-f-elo_SJ28xBV3EpayNg], [P], v[6], s[STARTED], a[id=EGsu124hRLGmN93S1utdEg]
--------[test][1], node[_-f-elo_SJ28xBV3EpayNg], [P], v[7], s[STARTED], a[id=4Q-_VkkjRUKGwYK0rqB-5w]
---- unassigned
--------[test][0], node[null], [P], v[5], s[UNASSIGNED], unassigned_info[[reason=NODE_LEFT], at[2016-04-18T07:03:50.981Z], details[node_left[gARHa-_1Tqy61zspi-0ezg]]]
--------[test][0], node[null], [R], v[5], s[UNASSIGNED], unassigned_info[[reason=NODE_LEFT], at[2016-04-18T07:03:50.972Z], details[node_left[N_BWPYTZSaiMCs2d2s5TXw]]]

[2016-04-18 03:03:51,049][TRACE][org.elasticsearch.cluster.service] [node_t5] cluster state updated, source [local-disco-receive(from master)]
version: 21
state uuid: Kg149YFgQzSd0_XL8bI4Ew
from_diff: false
meta data version: 14
nodes: 
   {node_t3}{_-f-elo_SJ28xBV3EpayNg}{local}{local[102]}[mode=>local, master=>false]
   {node_t4}{h4IC1hr4QIqf2QUxGSgJJQ}{local}{local[103]}[master=>false, mode=>local]
   {node_t0}{QrGQ9LkSSwKjg5hFzloMFw}{local}{local[99]}[master=>true, data=>false, mode=>local], master
   {node_t5}{xvcWTvvKQ8SQyHkEaDTzIg}{local}{local[107]}[mode=>local, master=>false], local
routing_table (version 12):
-- index [test]
----shard_id [test][0]
--------[test][0], node[null], [P], v[5], s[UNASSIGNED], unassigned_info[[reason=NODE_LEFT], at[2016-04-18T07:03:50.981Z], details[node_left[gARHa-_1Tqy61zspi-0ezg]]]
--------[test][0], node[null], [R], v[5], s[UNASSIGNED], unassigned_info[[reason=NODE_LEFT], at[2016-04-18T07:03:50.972Z], details[node_left[N_BWPYTZSaiMCs2d2s5TXw]]]
----shard_id [test][1]
--------[test][1], node[h4IC1hr4QIqf2QUxGSgJJQ], [R], v[7], s[STARTED], a[id=O9TGIMCgR0e37QDE0Uj4tA]
--------[test][1], node[_-f-elo_SJ28xBV3EpayNg], [P], v[7], s[STARTED], a[id=4Q-_VkkjRUKGwYK0rqB-5w]
----shard_id [test][2]
--------[test][2], node[h4IC1hr4QIqf2QUxGSgJJQ], [R], v[6], s[STARTED], a[id=AVDbYFx5QQqCuQyOqDzeRg]
--------[test][2], node[_-f-elo_SJ28xBV3EpayNg], [P], v[6], s[STARTED], a[id=EGsu124hRLGmN93S1utdEg]

routing_nodes:
-----node_id[h4IC1hr4QIqf2QUxGSgJJQ][V]
--------[test][2], node[h4IC1hr4QIqf2QUxGSgJJQ], [R], v[6], s[STARTED], a[id=AVDbYFx5QQqCuQyOqDzeRg]
--------[test][1], node[h4IC1hr4QIqf2QUxGSgJJQ], [R], v[7], s[STARTED], a[id=O9TGIMCgR0e37QDE0Uj4tA]
-----node_id[xvcWTvvKQ8SQyHkEaDTzIg][V]
-----node_id[_-f-elo_SJ28xBV3EpayNg][V]
--------[test][2], node[_-f-elo_SJ28xBV3EpayNg], [P], v[6], s[STARTED], a[id=EGsu124hRLGmN93S1utdEg]
--------[test][1], node[_-f-elo_SJ28xBV3EpayNg], [P], v[7], s[STARTED], a[id=4Q-_VkkjRUKGwYK0rqB-5w]
---- unassigned
--------[test][0], node[null], [P], v[5], s[UNASSIGNED], unassigned_info[[reason=NODE_LEFT], at[2016-04-18T07:03:50.981Z], details[node_left[gARHa-_1Tqy61zspi-0ezg]]]
--------[test][0], node[null], [R], v[5], s[UNASSIGNED], unassigned_info[[reason=NODE_LEFT], at[2016-04-18T07:03:50.972Z], details[node_left[N_BWPYTZSaiMCs2d2s5TXw]]]

[2016-04-18 03:03:51,049][DEBUG][org.elasticsearch.cluster.service] [node_t4] set local cluster state to version 21
[2016-04-18 03:03:51,050][INFO ][org.elasticsearch.cluster.service] [node_t5] detected_master {node_t0}{QrGQ9LkSSwKjg5hFzloMFw}{local}{local[99]}[master=>true, data=>false, mode=>local], added {{node_t3}{_-f-elo_SJ28xBV3EpayNg}{local}{local[102]}[mode=>local, master=>false],{node_t4}{h4IC1hr4QIqf2QUxGSgJJQ}{local}{local[103]}[master=>false, mode=>local],{node_t0}{QrGQ9LkSSwKjg5hFzloMFw}{local}{local[99]}[master=>true, data=>false, mode=>local],}, reason: local-disco-receive(from master)
[2016-04-18 03:03:51,049][INFO ][org.elasticsearch.cluster.service] [node_t3] added {{node_t5}{xvcWTvvKQ8SQyHkEaDTzIg}{local}{local[107]}[master=>false, mode=>local],}, reason: local-disco-receive(from master)
[2016-04-18 03:03:51,050][DEBUG][org.elasticsearch.cluster.service] [node_t3] set local cluster state to version 21
[2016-04-18 03:03:51,050][DEBUG][org.elasticsearch.cluster.service] [node_t4] processing [local-disco-receive(from master)]: took 1ms done applying updated cluster_state (version: 21, uuid: Kg149YFgQzSd0_XL8bI4Ew)
[2016-04-18 03:03:51,050][DEBUG][org.elasticsearch.cluster.service] [node_t5] set local cluster state to version 21
[2016-04-18 03:03:51,050][DEBUG][org.elasticsearch.cluster.service] [node_t3] processing [local-disco-receive(from master)]: took 1ms done applying updated cluster_state (version: 21, uuid: Kg149YFgQzSd0_XL8bI4Ew)
[2016-04-18 03:03:51,052][DEBUG][org.elasticsearch.cluster.service] [node_t5] processing [local-disco-receive(from master)]: took 2ms done applying updated cluster_state (version: 21, uuid: Kg149YFgQzSd0_XL8bI4Ew)
[2016-04-18 03:03:51,052][DEBUG][org.elasticsearch.cluster.service] [node_t0] set local cluster state to version 21
[2016-04-18 03:03:51,052][TRACE][org.elasticsearch.cluster.service] [node_t5] will process [indices_store ([[test][1]] active fully on other nodes)]
[2016-04-18 03:03:51,052][DEBUG][org.elasticsearch.cluster.service] [node_t5] processing [indices_store ([[test][1]] active fully on other nodes)]: execute
[2016-04-18 03:03:51,052][DEBUG][org.elasticsearch.cluster.service] [node_t0] processing [local-disco-receive(from node[{node_t5}{xvcWTvvKQ8SQyHkEaDTzIg}{local}{local[107]}[mode=>local, master=>false]])]: took 4ms done applying updated cluster_state (version: 21, uuid: Kg149YFgQzSd0_XL8bI4Ew)
[2016-04-18 03:03:51,053][TRACE][org.elasticsearch.cluster.service] [node_t0] will process [cluster_reroute(post_node_add)]
[2016-04-18 03:03:51,053][DEBUG][org.elasticsearch.cluster.service] [node_t0] processing [cluster_reroute(post_node_add)]: execute
[2016-04-18 03:03:51,053][DEBUG][org.elasticsearch.cluster.service] [node_t0] processing [cluster_reroute(post_node_add)]: took 0s no change in cluster_state
[2016-04-18 03:03:51,054][TRACE][org.elasticsearch.cluster.service] [node_t0] will process [cluster_reroute(async_shard_fetch)]
[2016-04-18 03:03:51,054][DEBUG][org.elasticsearch.cluster.service] [node_t0] processing [cluster_reroute(async_shard_fetch)]: execute
[2016-04-18 03:03:51,055][DEBUG][org.elasticsearch.cluster.service] [node_t0] processing [cluster_reroute(async_shard_fetch)]: took 0s no change in cluster_state
[2016-04-18 03:03:51,055][DEBUG][org.elasticsearch.cluster.service] [node_t5] processing [indices_store ([[test][1]] active fully on other nodes)]: took 2ms no change in cluster_state
[2016-04-18 03:03:51,055][TRACE][org.elasticsearch.cluster.service] [node_t5] will process [gateway_initial_state_recovery]
[2016-04-18 03:03:51,055][DEBUG][org.elasticsearch.cluster.service] [node_t5] processing [gateway_initial_state_recovery]: execute
[2016-04-18 03:03:51,055][DEBUG][org.elasticsearch.cluster.service] [node_t5] processing [gateway_initial_state_recovery]: took 0s no change in cluster_state
[2016-04-18 03:03:51,068][TRACE][org.elasticsearch.cluster.service] [node_t0] will process [local-disco-receive(from node[{node_t6}{z3CaLEAdR7G8WavcZcXyzQ}{local}{local[108]}[mode=>local, master=>false]])]
[2016-04-18 03:03:51,068][TRACE][org.elasticsearch.cluster.service] [node_t6] will process [local-disco(detected_master)]
[2016-04-18 03:03:51,068][DEBUG][org.elasticsearch.cluster.service] [node_t0] processing [local-disco-receive(from node[{node_t6}{z3CaLEAdR7G8WavcZcXyzQ}{local}{local[108]}[mode=>local, master=>false]])]: execute
[2016-04-18 03:03:51,068][DEBUG][org.elasticsearch.cluster.service] [node_t6] processing [local-disco(detected_master)]: execute
[2016-04-18 03:03:51,068][TRACE][org.elasticsearch.cluster.service] [node_t6] cluster state updated, source [local-disco(detected_master)]
version: 0
state uuid: g7XCz2mxRvacrvnHjPwC9Q
from_diff: false
meta data version: 14
blocks: 
   _global_:
      1,state not recovered / initialized, blocks READ,WRITE,METADATA_READ,METADATA_WRITE      2,no master, blocks WRITE,METADATA_WRITE
nodes: 
   {node_t6}{z3CaLEAdR7G8WavcZcXyzQ}{local}{local[108]}[mode=>local, master=>false], local
routing_table (version 0):
routing_nodes:
-----node_id[z3CaLEAdR7G8WavcZcXyzQ][V]
---- unassigned

[2016-04-18 03:03:51,068][DEBUG][org.elasticsearch.cluster.service] [node_t6] set local cluster state to version 0
[2016-04-18 03:03:51,068][TRACE][org.elasticsearch.cluster.service] [node_t0] cluster state updated, source [local-disco-receive(from node[{node_t6}{z3CaLEAdR7G8WavcZcXyzQ}{local}{local[108]}[mode=>local, master=>false]])]
version: 22
state uuid: oZdxBMdvRJKGkrDW8xpzoA
from_diff: false
meta data version: 14
nodes: 
   {node_t6}{z3CaLEAdR7G8WavcZcXyzQ}{local}{local[108]}[mode=>local, master=>false]
   {node_t3}{_-f-elo_SJ28xBV3EpayNg}{local}{local[102]}[mode=>local, master=>false]
   {node_t4}{h4IC1hr4QIqf2QUxGSgJJQ}{local}{local[103]}[mode=>local, master=>false]
   {node_t0}{QrGQ9LkSSwKjg5hFzloMFw}{local}{local[99]}[mode=>local, master=>true, data=>false], local, master
   {node_t5}{xvcWTvvKQ8SQyHkEaDTzIg}{local}{local[107]}[mode=>local, master=>false]
routing_table (version 12):
-- index [test]
----shard_id [test][0]
--------[test][0], node[null], [P], v[5], s[UNASSIGNED], unassigned_info[[reason=NODE_LEFT], at[2016-04-18T07:03:50.981Z], details[node_left[gARHa-_1Tqy61zspi-0ezg]]]
--------[test][0], node[null], [R], v[5], s[UNASSIGNED], unassigned_info[[reason=NODE_LEFT], at[2016-04-18T07:03:50.972Z], details[node_left[N_BWPYTZSaiMCs2d2s5TXw]]]
----shard_id [test][1]
--------[test][1], node[h4IC1hr4QIqf2QUxGSgJJQ], [R], v[7], s[STARTED], a[id=O9TGIMCgR0e37QDE0Uj4tA]
--------[test][1], node[_-f-elo_SJ28xBV3EpayNg], [P], v[7], s[STARTED], a[id=4Q-_VkkjRUKGwYK0rqB-5w]
----shard_id [test][2]
--------[test][2], node[h4IC1hr4QIqf2QUxGSgJJQ], [R], v[6], s[STARTED], a[id=AVDbYFx5QQqCuQyOqDzeRg]
--------[test][2], node[_-f-elo_SJ28xBV3EpayNg], [P], v[6], s[STARTED], a[id=EGsu124hRLGmN93S1utdEg]

routing_nodes:
-----node_id[h4IC1hr4QIqf2QUxGSgJJQ][V]
--------[test][2], node[h4IC1hr4QIqf2QUxGSgJJQ], [R], v[6], s[STARTED], a[id=AVDbYFx5QQqCuQyOqDzeRg]
--------[test][1], node[h4IC1hr4QIqf2QUxGSgJJQ], [R], v[7], s[STARTED], a[id=O9TGIMCgR0e37QDE0Uj4tA]
-----node_id[z3CaLEAdR7G8WavcZcXyzQ][V]
-----node_id[xvcWTvvKQ8SQyHkEaDTzIg][V]
-----node_id[_-f-elo_SJ28xBV3EpayNg][V]
--------[test][2], node[_-f-elo_SJ28xBV3EpayNg], [P], v[6], s[STARTED], a[id=EGsu124hRLGmN93S1utdEg]
--------[test][1], node[_-f-elo_SJ28xBV3EpayNg], [P], v[7], s[STARTED], a[id=4Q-_VkkjRUKGwYK0rqB-5w]
---- unassigned
--------[test][0], node[null], [P], v[5], s[UNASSIGNED], unassigned_info[[reason=NODE_LEFT], at[2016-04-18T07:03:50.981Z], details[node_left[gARHa-_1Tqy61zspi-0ezg]]]
--------[test][0], node[null], [R], v[5], s[UNASSIGNED], unassigned_info[[reason=NODE_LEFT], at[2016-04-18T07:03:50.972Z], details[node_left[N_BWPYTZSaiMCs2d2s5TXw]]]

[2016-04-18 03:03:51,069][DEBUG][org.elasticsearch.cluster.service] [node_t6] processing [local-disco(detected_master)]: took 0s done applying updated cluster_state (version: 0, uuid: g7XCz2mxRvacrvnHjPwC9Q)
[2016-04-18 03:03:51,069][INFO ][org.elasticsearch.cluster.service] [node_t0] added {{node_t6}{z3CaLEAdR7G8WavcZcXyzQ}{local}{local[108]}[mode=>local, master=>false],}, reason: local-disco-receive(from node[{node_t6}{z3CaLEAdR7G8WavcZcXyzQ}{local}{local[108]}[mode=>local, master=>false]])
[2016-04-18 03:03:51,069][DEBUG][org.elasticsearch.cluster.service] [node_t0] publishing cluster state version [22]
[2016-04-18 03:03:51,069][TRACE][org.elasticsearch.cluster.service] [node_t3] will process [local-disco-receive(from master)]
[2016-04-18 03:03:51,069][DEBUG][org.elasticsearch.cluster.service] [node_t3] processing [local-disco-receive(from master)]: execute
[2016-04-18 03:03:51,069][TRACE][org.elasticsearch.cluster.service] [node_t4] will process [local-disco-receive(from master)]
[2016-04-18 03:03:51,069][DEBUG][org.elasticsearch.cluster.service] [node_t4] processing [local-disco-receive(from master)]: execute
[2016-04-18 03:03:51,069][TRACE][org.elasticsearch.cluster.service] [node_t5] will process [local-disco-receive(from master)]
[2016-04-18 03:03:51,069][DEBUG][org.elasticsearch.cluster.service] [node_t5] processing [local-disco-receive(from master)]: execute
[2016-04-18 03:03:51,069][TRACE][org.elasticsearch.cluster.service] [node_t3] cluster state updated, source [local-disco-receive(from master)]
version: 22
state uuid: oZdxBMdvRJKGkrDW8xpzoA
from_diff: false
meta data version: 14
nodes: 
   {node_t6}{z3CaLEAdR7G8WavcZcXyzQ}{local}{local[108]}[mode=>local, master=>false]
   {node_t3}{_-f-elo_SJ28xBV3EpayNg}{local}{local[102]}[mode=>local, master=>false], local
   {node_t4}{h4IC1hr4QIqf2QUxGSgJJQ}{local}{local[103]}[master=>false, mode=>local]
   {node_t0}{QrGQ9LkSSwKjg5hFzloMFw}{local}{local[99]}[master=>true, data=>false, mode=>local], master
   {node_t5}{xvcWTvvKQ8SQyHkEaDTzIg}{local}{local[107]}[master=>false, mode=>local]
routing_table (version 12):
-- index [test]
----shard_id [test][0]
--------[test][0], node[null], [P], v[5], s[UNASSIGNED], unassigned_info[[reason=NODE_LEFT], at[2016-04-18T07:03:50.981Z], details[node_left[gARHa-_1Tqy61zspi-0ezg]]]
--------[test][0], node[null], [R], v[5], s[UNASSIGNED], unassigned_info[[reason=NODE_LEFT], at[2016-04-18T07:03:50.972Z], details[node_left[N_BWPYTZSaiMCs2d2s5TXw]]]
----shard_id [test][1]
--------[test][1], node[h4IC1hr4QIqf2QUxGSgJJQ], [R], v[7], s[STARTED], a[id=O9TGIMCgR0e37QDE0Uj4tA]
--------[test][1], node[_-f-elo_SJ28xBV3EpayNg], [P], v[7], s[STARTED], a[id=4Q-_VkkjRUKGwYK0rqB-5w]
----shard_id [test][2]
--------[test][2], node[h4IC1hr4QIqf2QUxGSgJJQ], [R], v[6], s[STARTED], a[id=AVDbYFx5QQqCuQyOqDzeRg]
--------[test][2], node[_-f-elo_SJ28xBV3EpayNg], [P], v[6], s[STARTED], a[id=EGsu124hRLGmN93S1utdEg]

routing_nodes:
-----node_id[h4IC1hr4QIqf2QUxGSgJJQ][V]
--------[test][2], node[h4IC1hr4QIqf2QUxGSgJJQ], [R], v[6], s[STARTED], a[id=AVDbYFx5QQqCuQyOqDzeRg]
--------[test][1], node[h4IC1hr4QIqf2QUxGSgJJQ], [R], v[7], s[STARTED], a[id=O9TGIMCgR0e37QDE0Uj4tA]
-----node_id[z3CaLEAdR7G8WavcZcXyzQ][V]
-----node_id[xvcWTvvKQ8SQyHkEaDTzIg][V]
-----node_id[_-f-elo_SJ28xBV3EpayNg][V]
--------[test][2], node[_-f-elo_SJ28xBV3EpayNg], [P], v[6], s[STARTED], a[id=EGsu124hRLGmN93S1utdEg]
--------[test][1], node[_-f-elo_SJ28xBV3EpayNg], [P], v[7], s[STARTED], a[id=4Q-_VkkjRUKGwYK0rqB-5w]
---- unassigned
--------[test][0], node[null], [P], v[5], s[UNASSIGNED], unassigned_info[[reason=NODE_LEFT], at[2016-04-18T07:03:50.981Z], details[node_left[gARHa-_1Tqy61zspi-0ezg]]]
--------[test][0], node[null], [R], v[5], s[UNASSIGNED], unassigned_info[[reason=NODE_LEFT], at[2016-04-18T07:03:50.972Z], details[node_left[N_BWPYTZSaiMCs2d2s5TXw]]]

[2016-04-18 03:03:51,069][TRACE][org.elasticsearch.cluster.service] [node_t6] will process [local-disco-receive(from master)]
[2016-04-18 03:03:51,070][DEBUG][org.elasticsearch.cluster.service] [node_t6] processing [local-disco-receive(from master)]: execute
[2016-04-18 03:03:51,069][TRACE][org.elasticsearch.cluster.service] [node_t5] cluster state updated, source [local-disco-receive(from master)]
version: 22
state uuid: oZdxBMdvRJKGkrDW8xpzoA
from_diff: false
meta data version: 14
nodes: 
   {node_t6}{z3CaLEAdR7G8WavcZcXyzQ}{local}{local[108]}[mode=>local, master=>false]
   {node_t3}{_-f-elo_SJ28xBV3EpayNg}{local}{local[102]}[master=>false, mode=>local]
   {node_t4}{h4IC1hr4QIqf2QUxGSgJJQ}{local}{local[103]}[master=>false, mode=>local]
   {node_t0}{QrGQ9LkSSwKjg5hFzloMFw}{local}{local[99]}[master=>true, data=>false, mode=>local], master
   {node_t5}{xvcWTvvKQ8SQyHkEaDTzIg}{local}{local[107]}[mode=>local, master=>false], local
routing_table (version 12):
-- index [test]
----shard_id [test][0]
--------[test][0], node[null], [P], v[5], s[UNASSIGNED], unassigned_info[[reason=NODE_LEFT], at[2016-04-18T07:03:50.981Z], details[node_left[gARHa-_1Tqy61zspi-0ezg]]]
--------[test][0], node[null], [R], v[5], s[UNASSIGNED], unassigned_info[[reason=NODE_LEFT], at[2016-04-18T07:03:50.972Z], details[node_left[N_BWPYTZSaiMCs2d2s5TXw]]]
----shard_id [test][1]
--------[test][1], node[h4IC1hr4QIqf2QUxGSgJJQ], [R], v[7], s[STARTED], a[id=O9TGIMCgR0e37QDE0Uj4tA]
--------[test][1], node[_-f-elo_SJ28xBV3EpayNg], [P], v[7], s[STARTED], a[id=4Q-_VkkjRUKGwYK0rqB-5w]
----shard_id [test][2]
--------[test][2], node[h4IC1hr4QIqf2QUxGSgJJQ], [R], v[6], s[STARTED], a[id=AVDbYFx5QQqCuQyOqDzeRg]
--------[test][2], node[_-f-elo_SJ28xBV3EpayNg], [P], v[6], s[STARTED], a[id=EGsu124hRLGmN93S1utdEg]

routing_nodes:
-----node_id[h4IC1hr4QIqf2QUxGSgJJQ][V]
--------[test][2], node[h4IC1hr4QIqf2QUxGSgJJQ], [R], v[6], s[STARTED], a[id=AVDbYFx5QQqCuQyOqDzeRg]
--------[test][1], node[h4IC1hr4QIqf2QUxGSgJJQ], [R], v[7], s[STARTED], a[id=O9TGIMCgR0e37QDE0Uj4tA]
-----node_id[z3CaLEAdR7G8WavcZcXyzQ][V]
-----node_id[xvcWTvvKQ8SQyHkEaDTzIg][V]
-----node_id[_-f-elo_SJ28xBV3EpayNg][V]
--------[test][2], node[_-f-elo_SJ28xBV3EpayNg], [P], v[6], s[STARTED], a[id=EGsu124hRLGmN93S1utdEg]
--------[test][1], node[_-f-elo_SJ28xBV3EpayNg], [P], v[7], s[STARTED], a[id=4Q-_VkkjRUKGwYK0rqB-5w]
---- unassigned
--------[test][0], node[null], [P], v[5], s[UNASSIGNED], unassigned_info[[reason=NODE_LEFT], at[2016-04-18T07:03:50.981Z], details[node_left[gARHa-_1Tqy61zspi-0ezg]]]
--------[test][0], node[null], [R], v[5], s[UNASSIGNED], unassigned_info[[reason=NODE_LEFT], at[2016-04-18T07:03:50.972Z], details[node_left[N_BWPYTZSaiMCs2d2s5TXw]]]

[2016-04-18 03:03:51,069][TRACE][org.elasticsearch.cluster.service] [node_t4] cluster state updated, source [local-disco-receive(from master)]
version: 22
state uuid: oZdxBMdvRJKGkrDW8xpzoA
from_diff: false
meta data version: 14
nodes: 
   {node_t6}{z3CaLEAdR7G8WavcZcXyzQ}{local}{local[108]}[master=>false, mode=>local]
   {node_t3}{_-f-elo_SJ28xBV3EpayNg}{local}{local[102]}[mode=>local, master=>false]
   {node_t4}{h4IC1hr4QIqf2QUxGSgJJQ}{local}{local[103]}[mode=>local, master=>false], local
   {node_t0}{QrGQ9LkSSwKjg5hFzloMFw}{local}{local[99]}[master=>true, data=>false, mode=>local], master
   {node_t5}{xvcWTvvKQ8SQyHkEaDTzIg}{local}{local[107]}[master=>false, mode=>local]
routing_table (version 12):
-- index [test]
----shard_id [test][0]
--------[test][0], node[null], [P], v[5], s[UNASSIGNED], unassigned_info[[reason=NODE_LEFT], at[2016-04-18T07:03:50.981Z], details[node_left[gARHa-_1Tqy61zspi-0ezg]]]
--------[test][0], node[null], [R], v[5], s[UNASSIGNED], unassigned_info[[reason=NODE_LEFT], at[2016-04-18T07:03:50.972Z], details[node_left[N_BWPYTZSaiMCs2d2s5TXw]]]
----shard_id [test][1]
--------[test][1], node[h4IC1hr4QIqf2QUxGSgJJQ], [R], v[7], s[STARTED], a[id=O9TGIMCgR0e37QDE0Uj4tA]
--------[test][1], node[_-f-elo_SJ28xBV3EpayNg], [P], v[7], s[STARTED], a[id=4Q-_VkkjRUKGwYK0rqB-5w]
----shard_id [test][2]
--------[test][2], node[h4IC1hr4QIqf2QUxGSgJJQ], [R], v[6], s[STARTED], a[id=AVDbYFx5QQqCuQyOqDzeRg]
--------[test][2], node[_-f-elo_SJ28xBV3EpayNg], [P], v[6], s[STARTED], a[id=EGsu124hRLGmN93S1utdEg]

routing_nodes:
-----node_id[h4IC1hr4QIqf2QUxGSgJJQ][V]
--------[test][2], node[h4IC1hr4QIqf2QUxGSgJJQ], [R], v[6], s[STARTED], a[id=AVDbYFx5QQqCuQyOqDzeRg]
--------[test][1], node[h4IC1hr4QIqf2QUxGSgJJQ], [R], v[7], s[STARTED], a[id=O9TGIMCgR0e37QDE0Uj4tA]
-----node_id[z3CaLEAdR7G8WavcZcXyzQ][V]
-----node_id[xvcWTvvKQ8SQyHkEaDTzIg][V]
-----node_id[_-f-elo_SJ28xBV3EpayNg][V]
--------[test][2], node[_-f-elo_SJ28xBV3EpayNg], [P], v[6], s[STARTED], a[id=EGsu124hRLGmN93S1utdEg]
--------[test][1], node[_-f-elo_SJ28xBV3EpayNg], [P], v[7], s[STARTED], a[id=4Q-_VkkjRUKGwYK0rqB-5w]
---- unassigned
--------[test][0], node[null], [P], v[5], s[UNASSIGNED], unassigned_info[[reason=NODE_LEFT], at[2016-04-18T07:03:50.981Z], details[node_left[gARHa-_1Tqy61zspi-0ezg]]]
--------[test][0], node[null], [R], v[5], s[UNASSIGNED], unassigned_info[[reason=NODE_LEFT], at[2016-04-18T07:03:50.972Z], details[node_left[N_BWPYTZSaiMCs2d2s5TXw]]]

[2016-04-18 03:03:51,070][INFO ][org.elasticsearch.cluster.service] [node_t5] added {{node_t6}{z3CaLEAdR7G8WavcZcXyzQ}{local}{local[108]}[mode=>local, master=>false],}, reason: local-disco-receive(from master)
[2016-04-18 03:03:51,070][TRACE][org.elasticsearch.cluster.service] [node_t6] cluster state updated, source [local-disco-receive(from master)]
version: 22
state uuid: oZdxBMdvRJKGkrDW8xpzoA
from_diff: false
meta data version: 14
nodes: 
   {node_t6}{z3CaLEAdR7G8WavcZcXyzQ}{local}{local[108]}[mode=>local, master=>false], local
   {node_t3}{_-f-elo_SJ28xBV3EpayNg}{local}{local[102]}[mode=>local, master=>false]
   {node_t4}{h4IC1hr4QIqf2QUxGSgJJQ}{local}{local[103]}[mode=>local, master=>false]
   {node_t0}{QrGQ9LkSSwKjg5hFzloMFw}{local}{local[99]}[master=>true, data=>false, mode=>local], master
   {node_t5}{xvcWTvvKQ8SQyHkEaDTzIg}{local}{local[107]}[mode=>local, master=>false]
routing_table (version 12):
-- index [test]
----shard_id [test][0]
--------[test][0], node[null], [P], v[5], s[UNASSIGNED], unassigned_info[[reason=NODE_LEFT], at[2016-04-18T07:03:50.981Z], details[node_left[gARHa-_1Tqy61zspi-0ezg]]]
--------[test][0], node[null], [R], v[5], s[UNASSIGNED], unassigned_info[[reason=NODE_LEFT], at[2016-04-18T07:03:50.972Z], details[node_left[N_BWPYTZSaiMCs2d2s5TXw]]]
----shard_id [test][1]
--------[test][1], node[h4IC1hr4QIqf2QUxGSgJJQ], [R], v[7], s[STARTED], a[id=O9TGIMCgR0e37QDE0Uj4tA]
--------[test][1], node[_-f-elo_SJ28xBV3EpayNg], [P], v[7], s[STARTED], a[id=4Q-_VkkjRUKGwYK0rqB-5w]
----shard_id [test][2]
--------[test][2], node[h4IC1hr4QIqf2QUxGSgJJQ], [R], v[6], s[STARTED], a[id=AVDbYFx5QQqCuQyOqDzeRg]
--------[test][2], node[_-f-elo_SJ28xBV3EpayNg], [P], v[6], s[STARTED], a[id=EGsu124hRLGmN93S1utdEg]

routing_nodes:
-----node_id[h4IC1hr4QIqf2QUxGSgJJQ][V]
--------[test][2], node[h4IC1hr4QIqf2QUxGSgJJQ], [R], v[6], s[STARTED], a[id=AVDbYFx5QQqCuQyOqDzeRg]
--------[test][1], node[h4IC1hr4QIqf2QUxGSgJJQ], [R], v[7], s[STARTED], a[id=O9TGIMCgR0e37QDE0Uj4tA]
-----node_id[z3CaLEAdR7G8WavcZcXyzQ][V]
-----node_id[xvcWTvvKQ8SQyHkEaDTzIg][V]
-----node_id[_-f-elo_SJ28xBV3EpayNg][V]
--------[test][2], node[_-f-elo_SJ28xBV3EpayNg], [P], v[6], s[STARTED], a[id=EGsu124hRLGmN93S1utdEg]
--------[test][1], node[_-f-elo_SJ28xBV3EpayNg], [P], v[7], s[STARTED], a[id=4Q-_VkkjRUKGwYK0rqB-5w]
---- unassigned
--------[test][0], node[null], [P], v[5], s[UNASSIGNED], unassigned_info[[reason=NODE_LEFT], at[2016-04-18T07:03:50.981Z], details[node_left[gARHa-_1Tqy61zspi-0ezg]]]
--------[test][0], node[null], [R], v[5], s[UNASSIGNED], unassigned_info[[reason=NODE_LEFT], at[2016-04-18T07:03:50.972Z], details[node_left[N_BWPYTZSaiMCs2d2s5TXw]]]

[2016-04-18 03:03:51,070][INFO ][org.elasticsearch.cluster.service] [node_t3] added {{node_t6}{z3CaLEAdR7G8WavcZcXyzQ}{local}{local[108]}[mode=>local, master=>false],}, reason: local-disco-receive(from master)
[2016-04-18 03:03:51,070][INFO ][org.elasticsearch.cluster.service] [node_t6] detected_master {node_t0}{QrGQ9LkSSwKjg5hFzloMFw}{local}{local[99]}[master=>true, data=>false, mode=>local], added {{node_t3}{_-f-elo_SJ28xBV3EpayNg}{local}{local[102]}[mode=>local, master=>false],{node_t4}{h4IC1hr4QIqf2QUxGSgJJQ}{local}{local[103]}[mode=>local, master=>false],{node_t0}{QrGQ9LkSSwKjg5hFzloMFw}{local}{local[99]}[master=>true, data=>false, mode=>local],{node_t5}{xvcWTvvKQ8SQyHkEaDTzIg}{local}{local[107]}[mode=>local, master=>false],}, reason: local-disco-receive(from master)
[2016-04-18 03:03:51,070][DEBUG][org.elasticsearch.cluster.service] [node_t3] set local cluster state to version 22
[2016-04-18 03:03:51,070][DEBUG][org.elasticsearch.cluster.service] [node_t5] set local cluster state to version 22
[2016-04-18 03:03:51,070][INFO ][org.elasticsearch.cluster.service] [node_t4] added {{node_t6}{z3CaLEAdR7G8WavcZcXyzQ}{local}{local[108]}[master=>false, mode=>local],}, reason: local-disco-receive(from master)
[2016-04-18 03:03:51,071][DEBUG][org.elasticsearch.cluster.service] [node_t4] set local cluster state to version 22
[2016-04-18 03:03:51,071][DEBUG][org.elasticsearch.cluster.service] [node_t6] set local cluster state to version 22
[2016-04-18 03:03:51,071][DEBUG][org.elasticsearch.cluster.service] [node_t5] processing [local-disco-receive(from master)]: took 1ms done applying updated cluster_state (version: 22, uuid: oZdxBMdvRJKGkrDW8xpzoA)
[2016-04-18 03:03:51,071][DEBUG][org.elasticsearch.cluster.service] [node_t3] processing [local-disco-receive(from master)]: took 1ms done applying updated cluster_state (version: 22, uuid: oZdxBMdvRJKGkrDW8xpzoA)
[2016-04-18 03:03:51,071][DEBUG][org.elasticsearch.cluster.service] [node_t4] processing [local-disco-receive(from master)]: took 1ms done applying updated cluster_state (version: 22, uuid: oZdxBMdvRJKGkrDW8xpzoA)
[2016-04-18 03:03:51,081][DEBUG][org.elasticsearch.cluster.service] [node_t6] processing [local-disco-receive(from master)]: took 11ms done applying updated cluster_state (version: 22, uuid: oZdxBMdvRJKGkrDW8xpzoA)
[2016-04-18 03:03:51,081][DEBUG][org.elasticsearch.cluster.service] [node_t0] set local cluster state to version 22
[2016-04-18 03:03:51,081][TRACE][org.elasticsearch.cluster.service] [node_t6] will process [indices_store ([[test][2]] active fully on other nodes)]
[2016-04-18 03:03:51,082][DEBUG][org.elasticsearch.cluster.service] [node_t6] processing [indices_store ([[test][2]] active fully on other nodes)]: execute
[2016-04-18 03:03:51,082][DEBUG][org.elasticsearch.cluster.service] [node_t0] processing [local-disco-receive(from node[{node_t6}{z3CaLEAdR7G8WavcZcXyzQ}{local}{local[108]}[mode=>local, master=>false]])]: took 13ms done applying updated cluster_state (version: 22, uuid: oZdxBMdvRJKGkrDW8xpzoA)
[2016-04-18 03:03:51,082][TRACE][org.elasticsearch.cluster.service] [node_t0] will process [cluster_reroute(post_node_add)]
[2016-04-18 03:03:51,082][DEBUG][org.elasticsearch.cluster.service] [node_t0] processing [cluster_reroute(post_node_add)]: execute
[2016-04-18 03:03:51,082][DEBUG][org.elasticsearch.cluster.service] [node_t0] processing [cluster_reroute(post_node_add)]: took 0s no change in cluster_state
[2016-04-18 03:03:51,082][TRACE][org.elasticsearch.cluster.service] [node_t0] will process [cluster_update_settings]
[2016-04-18 03:03:51,082][DEBUG][org.elasticsearch.cluster.service] [node_t0] processing [cluster_update_settings]: execute
[2016-04-18 03:03:51,083][TRACE][org.elasticsearch.cluster.service] expecting 5 acknowledgements for cluster_state update (version: 23)
[2016-04-18 03:03:51,083][TRACE][org.elasticsearch.cluster.service] [node_t0] cluster state updated, source [cluster_update_settings]
version: 23
state uuid: EABOrzt-S3Ktvy0U2CQoEg
from_diff: false
meta data version: 15
nodes: 
   {node_t6}{z3CaLEAdR7G8WavcZcXyzQ}{local}{local[108]}[mode=>local, master=>false]
   {node_t3}{_-f-elo_SJ28xBV3EpayNg}{local}{local[102]}[mode=>local, master=>false]
   {node_t4}{h4IC1hr4QIqf2QUxGSgJJQ}{local}{local[103]}[mode=>local, master=>false]
   {node_t0}{QrGQ9LkSSwKjg5hFzloMFw}{local}{local[99]}[mode=>local, master=>true, data=>false], local, master
   {node_t5}{xvcWTvvKQ8SQyHkEaDTzIg}{local}{local[107]}[mode=>local, master=>false]
routing_table (version 12):
-- index [test]
----shard_id [test][0]
--------[test][0], node[null], [P], v[5], s[UNASSIGNED], unassigned_info[[reason=NODE_LEFT], at[2016-04-18T07:03:50.981Z], details[node_left[gARHa-_1Tqy61zspi-0ezg]]]
--------[test][0], node[null], [R], v[5], s[UNASSIGNED], unassigned_info[[reason=NODE_LEFT], at[2016-04-18T07:03:50.972Z], details[node_left[N_BWPYTZSaiMCs2d2s5TXw]]]
----shard_id [test][1]
--------[test][1], node[h4IC1hr4QIqf2QUxGSgJJQ], [R], v[7], s[STARTED], a[id=O9TGIMCgR0e37QDE0Uj4tA]
--------[test][1], node[_-f-elo_SJ28xBV3EpayNg], [P], v[7], s[STARTED], a[id=4Q-_VkkjRUKGwYK0rqB-5w]
----shard_id [test][2]
--------[test][2], node[h4IC1hr4QIqf2QUxGSgJJQ], [R], v[6], s[STARTED], a[id=AVDbYFx5QQqCuQyOqDzeRg]
--------[test][2], node[_-f-elo_SJ28xBV3EpayNg], [P], v[6], s[STARTED], a[id=EGsu124hRLGmN93S1utdEg]

routing_nodes:
-----node_id[h4IC1hr4QIqf2QUxGSgJJQ][V]
--------[test][2], node[h4IC1hr4QIqf2QUxGSgJJQ], [R], v[6], s[STARTED], a[id=AVDbYFx5QQqCuQyOqDzeRg]
--------[test][1], node[h4IC1hr4QIqf2QUxGSgJJQ], [R], v[7], s[STARTED], a[id=O9TGIMCgR0e37QDE0Uj4tA]
-----node_id[z3CaLEAdR7G8WavcZcXyzQ][V]
-----node_id[xvcWTvvKQ8SQyHkEaDTzIg][V]
-----node_id[_-f-elo_SJ28xBV3EpayNg][V]
--------[test][2], node[_-f-elo_SJ28xBV3EpayNg], [P], v[6], s[STARTED], a[id=EGsu124hRLGmN93S1utdEg]
--------[test][1], node[_-f-elo_SJ28xBV3EpayNg], [P], v[7], s[STARTED], a[id=4Q-_VkkjRUKGwYK0rqB-5w]
---- unassigned
--------[test][0], node[null], [P], v[5], s[UNASSIGNED], unassigned_info[[reason=NODE_LEFT], at[2016-04-18T07:03:50.981Z], details[node_left[gARHa-_1Tqy61zspi-0ezg]]]
--------[test][0], node[null], [R], v[5], s[UNASSIGNED], unassigned_info[[reason=NODE_LEFT], at[2016-04-18T07:03:50.972Z], details[node_left[N_BWPYTZSaiMCs2d2s5TXw]]]

[2016-04-18 03:03:51,083][DEBUG][org.elasticsearch.cluster.service] [node_t0] publishing cluster state version [23]
[2016-04-18 03:03:51,083][TRACE][org.elasticsearch.cluster.service] [node_t3] will process [local-disco-receive(from master)]
[2016-04-18 03:03:51,083][TRACE][org.elasticsearch.cluster.service] [node_t4] will process [local-disco-receive(from master)]
[2016-04-18 03:03:51,083][DEBUG][org.elasticsearch.cluster.service] [node_t4] processing [local-disco-receive(from master)]: execute
[2016-04-18 03:03:51,083][DEBUG][org.elasticsearch.cluster.service] [node_t3] processing [local-disco-receive(from master)]: execute
[2016-04-18 03:03:51,083][TRACE][org.elasticsearch.cluster.service] [node_t5] will process [local-disco-receive(from master)]
[2016-04-18 03:03:51,083][DEBUG][org.elasticsearch.cluster.service] [node_t5] processing [local-disco-receive(from master)]: execute
[2016-04-18 03:03:51,083][TRACE][org.elasticsearch.cluster.service] [node_t4] cluster state updated, source [local-disco-receive(from master)]
version: 23
state uuid: EABOrzt-S3Ktvy0U2CQoEg
from_diff: false
meta data version: 15
nodes: 
   {node_t6}{z3CaLEAdR7G8WavcZcXyzQ}{local}{local[108]}[master=>false, mode=>local]
   {node_t3}{_-f-elo_SJ28xBV3EpayNg}{local}{local[102]}[mode=>local, master=>false]
   {node_t4}{h4IC1hr4QIqf2QUxGSgJJQ}{local}{local[103]}[mode=>local, master=>false], local
   {node_t0}{QrGQ9LkSSwKjg5hFzloMFw}{local}{local[99]}[master=>true, data=>false, mode=>local], master
   {node_t5}{xvcWTvvKQ8SQyHkEaDTzIg}{local}{local[107]}[master=>false, mode=>local]
routing_table (version 12):
-- index [test]
----shard_id [test][0]
--------[test][0], node[null], [P], v[5], s[UNASSIGNED], unassigned_info[[reason=NODE_LEFT], at[2016-04-18T07:03:50.981Z], details[node_left[gARHa-_1Tqy61zspi-0ezg]]]
--------[test][0], node[null], [R], v[5], s[UNASSIGNED], unassigned_info[[reason=NODE_LEFT], at[2016-04-18T07:03:50.972Z], details[node_left[N_BWPYTZSaiMCs2d2s5TXw]]]
----shard_id [test][1]
--------[test][1], node[h4IC1hr4QIqf2QUxGSgJJQ], [R], v[7], s[STARTED], a[id=O9TGIMCgR0e37QDE0Uj4tA]
--------[test][1], node[_-f-elo_SJ28xBV3EpayNg], [P], v[7], s[STARTED], a[id=4Q-_VkkjRUKGwYK0rqB-5w]
----shard_id [test][2]
--------[test][2], node[h4IC1hr4QIqf2QUxGSgJJQ], [R], v[6], s[STARTED], a[id=AVDbYFx5QQqCuQyOqDzeRg]
--------[test][2], node[_-f-elo_SJ28xBV3EpayNg], [P], v[6], s[STARTED], a[id=EGsu124hRLGmN93S1utdEg]

routing_nodes:
-----node_id[h4IC1hr4QIqf2QUxGSgJJQ][V]
--------[test][2], node[h4IC1hr4QIqf2QUxGSgJJQ], [R], v[6], s[STARTED], a[id=AVDbYFx5QQqCuQyOqDzeRg]
--------[test][1], node[h4IC1hr4QIqf2QUxGSgJJQ], [R], v[7], s[STARTED], a[id=O9TGIMCgR0e37QDE0Uj4tA]
-----node_id[z3CaLEAdR7G8WavcZcXyzQ][V]
-----node_id[xvcWTvvKQ8SQyHkEaDTzIg][V]
-----node_id[_-f-elo_SJ28xBV3EpayNg][V]
--------[test][2], node[_-f-elo_SJ28xBV3EpayNg], [P], v[6], s[STARTED], a[id=EGsu124hRLGmN93S1utdEg]
--------[test][1], node[_-f-elo_SJ28xBV3EpayNg], [P], v[7], s[STARTED], a[id=4Q-_VkkjRUKGwYK0rqB-5w]
---- unassigned
--------[test][0], node[null], [P], v[5], s[UNASSIGNED], unassigned_info[[reason=NODE_LEFT], at[2016-04-18T07:03:50.981Z], details[node_left[gARHa-_1Tqy61zspi-0ezg]]]
--------[test][0], node[null], [R], v[5], s[UNASSIGNED], unassigned_info[[reason=NODE_LEFT], at[2016-04-18T07:03:50.972Z], details[node_left[N_BWPYTZSaiMCs2d2s5TXw]]]

[2016-04-18 03:03:51,083][TRACE][org.elasticsearch.cluster.service] [node_t5] cluster state updated, source [local-disco-receive(from master)]
version: 23
state uuid: EABOrzt-S3Ktvy0U2CQoEg
from_diff: false
meta data version: 15
nodes: 
   {node_t6}{z3CaLEAdR7G8WavcZcXyzQ}{local}{local[108]}[mode=>local, master=>false]
   {node_t3}{_-f-elo_SJ28xBV3EpayNg}{local}{local[102]}[master=>false, mode=>local]
   {node_t4}{h4IC1hr4QIqf2QUxGSgJJQ}{local}{local[103]}[master=>false, mode=>local]
   {node_t0}{QrGQ9LkSSwKjg5hFzloMFw}{local}{local[99]}[master=>true, data=>false, mode=>local], master
   {node_t5}{xvcWTvvKQ8SQyHkEaDTzIg}{local}{local[107]}[mode=>local, master=>false], local
routing_table (version 12):
-- index [test]
----shard_id [test][0]
--------[test][0], node[null], [P], v[5], s[UNASSIGNED], unassigned_info[[reason=NODE_LEFT], at[2016-04-18T07:03:50.981Z], details[node_left[gARHa-_1Tqy61zspi-0ezg]]]
--------[test][0], node[null], [R], v[5], s[UNASSIGNED], unassigned_info[[reason=NODE_LEFT], at[2016-04-18T07:03:50.972Z], details[node_left[N_BWPYTZSaiMCs2d2s5TXw]]]
----shard_id [test][1]
--------[test][1], node[h4IC1hr4QIqf2QUxGSgJJQ], [R], v[7], s[STARTED], a[id=O9TGIMCgR0e37QDE0Uj4tA]
--------[test][1], node[_-f-elo_SJ28xBV3EpayNg], [P], v[7], s[STARTED], a[id=4Q-_VkkjRUKGwYK0rqB-5w]
----shard_id [test][2]
--------[test][2], node[h4IC1hr4QIqf2QUxGSgJJQ], [R], v[6], s[STARTED], a[id=AVDbYFx5QQqCuQyOqDzeRg]
--------[test][2], node[_-f-elo_SJ28xBV3EpayNg], [P], v[6], s[STARTED], a[id=EGsu124hRLGmN93S1utdEg]

routing_nodes:
-----node_id[h4IC1hr4QIqf2QUxGSgJJQ][V]
--------[test][2], node[h4IC1hr4QIqf2QUxGSgJJQ], [R], v[6], s[STARTED], a[id=AVDbYFx5QQqCuQyOqDzeRg]
--------[test][1], node[h4IC1hr4QIqf2QUxGSgJJQ], [R], v[7], s[STARTED], a[id=O9TGIMCgR0e37QDE0Uj4tA]
-----node_id[z3CaLEAdR7G8WavcZcXyzQ][V]
-----node_id[xvcWTvvKQ8SQyHkEaDTzIg][V]
-----node_id[_-f-elo_SJ28xBV3EpayNg][V]
--------[test][2], node[_-f-elo_SJ28xBV3EpayNg], [P], v[6], s[STARTED], a[id=EGsu124hRLGmN93S1utdEg]
--------[test][1], node[_-f-elo_SJ28xBV3EpayNg], [P], v[7], s[STARTED], a[id=4Q-_VkkjRUKGwYK0rqB-5w]
---- unassigned
--------[test][0], node[null], [P], v[5], s[UNASSIGNED], unassigned_info[[reason=NODE_LEFT], at[2016-04-18T07:03:50.981Z], details[node_left[gARHa-_1Tqy61zspi-0ezg]]]
--------[test][0], node[null], [R], v[5], s[UNASSIGNED], unassigned_info[[reason=NODE_LEFT], at[2016-04-18T07:03:50.972Z], details[node_left[N_BWPYTZSaiMCs2d2s5TXw]]]

[2016-04-18 03:03:51,083][TRACE][org.elasticsearch.cluster.service] [node_t3] cluster state updated, source [local-disco-receive(from master)]
version: 23
state uuid: EABOrzt-S3Ktvy0U2CQoEg
from_diff: false
meta data version: 15
nodes: 
   {node_t6}{z3CaLEAdR7G8WavcZcXyzQ}{local}{local[108]}[mode=>local, master=>false]
   {node_t3}{_-f-elo_SJ28xBV3EpayNg}{local}{local[102]}[mode=>local, master=>false], local
   {node_t4}{h4IC1hr4QIqf2QUxGSgJJQ}{local}{local[103]}[master=>false, mode=>local]
   {node_t0}{QrGQ9LkSSwKjg5hFzloMFw}{local}{local[99]}[master=>true, data=>false, mode=>local], master
   {node_t5}{xvcWTvvKQ8SQyHkEaDTzIg}{local}{local[107]}[master=>false, mode=>local]
routing_table (version 12):
-- index [test]
----shard_id [test][0]
--------[test][0], node[null], [P], v[5], s[UNASSIGNED], unassigned_info[[reason=NODE_LEFT], at[2016-04-18T07:03:50.981Z], details[node_left[gARHa-_1Tqy61zspi-0ezg]]]
--------[test][0], node[null], [R], v[5], s[UNASSIGNED], unassigned_info[[reason=NODE_LEFT], at[2016-04-18T07:03:50.972Z], details[node_left[N_BWPYTZSaiMCs2d2s5TXw]]]
----shard_id [test][1]
--------[test][1], node[h4IC1hr4QIqf2QUxGSgJJQ], [R], v[7], s[STARTED], a[id=O9TGIMCgR0e37QDE0Uj4tA]
--------[test][1], node[_-f-elo_SJ28xBV3EpayNg], [P], v[7], s[STARTED], a[id=4Q-_VkkjRUKGwYK0rqB-5w]
----shard_id [test][2]
--------[test][2], node[h4IC1hr4QIqf2QUxGSgJJQ], [R], v[6], s[STARTED], a[id=AVDbYFx5QQqCuQyOqDzeRg]
--------[test][2], node[_-f-elo_SJ28xBV3EpayNg], [P], v[6], s[STARTED], a[id=EGsu124hRLGmN93S1utdEg]

routing_nodes:
-----node_id[h4IC1hr4QIqf2QUxGSgJJQ][V]
--------[test][2], node[h4IC1hr4QIqf2QUxGSgJJQ], [R], v[6], s[STARTED], a[id=AVDbYFx5QQqCuQyOqDzeRg]
--------[test][1], node[h4IC1hr4QIqf2QUxGSgJJQ], [R], v[7], s[STARTED], a[id=O9TGIMCgR0e37QDE0Uj4tA]
-----node_id[z3CaLEAdR7G8WavcZcXyzQ][V]
-----node_id[xvcWTvvKQ8SQyHkEaDTzIg][V]
-----node_id[_-f-elo_SJ28xBV3EpayNg][V]
--------[test][2], node[_-f-elo_SJ28xBV3EpayNg], [P], v[6], s[STARTED], a[id=EGsu124hRLGmN93S1utdEg]
--------[test][1], node[_-f-elo_SJ28xBV3EpayNg], [P], v[7], s[STARTED], a[id=4Q-_VkkjRUKGwYK0rqB-5w]
---- unassigned
--------[test][0], node[null], [P], v[5], s[UNASSIGNED], unassigned_info[[reason=NODE_LEFT], at[2016-04-18T07:03:50.981Z], details[node_left[gARHa-_1Tqy61zspi-0ezg]]]
--------[test][0], node[null], [R], v[5], s[UNASSIGNED], unassigned_info[[reason=NODE_LEFT], at[2016-04-18T07:03:50.972Z], details[node_left[N_BWPYTZSaiMCs2d2s5TXw]]]

[2016-04-18 03:03:51,084][DEBUG][org.elasticsearch.cluster.service] [node_t3] set local cluster state to version 23
[2016-04-18 03:03:51,084][DEBUG][org.elasticsearch.cluster.service] [node_t5] set local cluster state to version 23
[2016-04-18 03:03:51,083][DEBUG][org.elasticsearch.cluster.service] [node_t4] set local cluster state to version 23
[2016-04-18 03:03:51,084][DEBUG][org.elasticsearch.cluster.service] [node_t6] processing [indices_store ([[test][2]] active fully on other nodes)]: took 2ms no change in cluster_state
[2016-04-18 03:03:51,084][TRACE][org.elasticsearch.cluster.service] [node_t6] will process [gateway_initial_state_recovery]
[2016-04-18 03:03:51,084][DEBUG][org.elasticsearch.cluster.service] [node_t6] processing [gateway_initial_state_recovery]: execute
[2016-04-18 03:03:51,084][DEBUG][org.elasticsearch.cluster.service] [node_t6] processing [gateway_initial_state_recovery]: took 0s no change in cluster_state
[2016-04-18 03:03:51,084][TRACE][org.elasticsearch.cluster.service] [node_t6] will process [local-disco-receive(from master)]
[2016-04-18 03:03:51,084][DEBUG][org.elasticsearch.cluster.service] [node_t6] processing [local-disco-receive(from master)]: execute
[2016-04-18 03:03:51,084][TRACE][org.elasticsearch.cluster.service] ack received from node [{node_t3}{_-f-elo_SJ28xBV3EpayNg}{local}{local[102]}[mode=>local, master=>false]], cluster_state update (version: 23)
[2016-04-18 03:03:51,084][DEBUG][org.elasticsearch.cluster.service] [node_t3] processing [local-disco-receive(from master)]: took 0s done applying updated cluster_state (version: 23, uuid: EABOrzt-S3Ktvy0U2CQoEg)
[2016-04-18 03:03:51,084][TRACE][org.elasticsearch.cluster.service] ack received from node [{node_t5}{xvcWTvvKQ8SQyHkEaDTzIg}{local}{local[107]}[mode=>local, master=>false]], cluster_state update (version: 23)
[2016-04-18 03:03:51,084][DEBUG][org.elasticsearch.cluster.service] [node_t5] processing [local-disco-receive(from master)]: took 1ms done applying updated cluster_state (version: 23, uuid: EABOrzt-S3Ktvy0U2CQoEg)
[2016-04-18 03:03:51,084][TRACE][org.elasticsearch.cluster.service] [node_t6] cluster state updated, source [local-disco-receive(from master)]
version: 23
state uuid: EABOrzt-S3Ktvy0U2CQoEg
from_diff: false
meta data version: 15
nodes: 
   {node_t6}{z3CaLEAdR7G8WavcZcXyzQ}{local}{local[108]}[mode=>local, master=>false], local
   {node_t3}{_-f-elo_SJ28xBV3EpayNg}{local}{local[102]}[mode=>local, master=>false]
   {node_t4}{h4IC1hr4QIqf2QUxGSgJJQ}{local}{local[103]}[mode=>local, master=>false]
   {node_t0}{QrGQ9LkSSwKjg5hFzloMFw}{local}{local[99]}[master=>true, data=>false, mode=>local], master
   {node_t5}{xvcWTvvKQ8SQyHkEaDTzIg}{local}{local[107]}[mode=>local, master=>false]
routing_table (version 12):
-- index [test]
----shard_id [test][0]
--------[test][0], node[null], [P], v[5], s[UNASSIGNED], unassigned_info[[reason=NODE_LEFT], at[2016-04-18T07:03:50.981Z], details[node_left[gARHa-_1Tqy61zspi-0ezg]]]
--------[test][0], node[null], [R], v[5], s[UNASSIGNED], unassigned_info[[reason=NODE_LEFT], at[2016-04-18T07:03:50.972Z], details[node_left[N_BWPYTZSaiMCs2d2s5TXw]]]
----shard_id [test][1]
--------[test][1], node[h4IC1hr4QIqf2QUxGSgJJQ], [R], v[7], s[STARTED], a[id=O9TGIMCgR0e37QDE0Uj4tA]
--------[test][1], node[_-f-elo_SJ28xBV3EpayNg], [P], v[7], s[STARTED], a[id=4Q-_VkkjRUKGwYK0rqB-5w]
----shard_id [test][2]
--------[test][2], node[h4IC1hr4QIqf2QUxGSgJJQ], [R], v[6], s[STARTED], a[id=AVDbYFx5QQqCuQyOqDzeRg]
--------[test][2], node[_-f-elo_SJ28xBV3EpayNg], [P], v[6], s[STARTED], a[id=EGsu124hRLGmN93S1utdEg]

routing_nodes:
-----node_id[h4IC1hr4QIqf2QUxGSgJJQ][V]
--------[test][2], node[h4IC1hr4QIqf2QUxGSgJJQ], [R], v[6], s[STARTED], a[id=AVDbYFx5QQqCuQyOqDzeRg]
--------[test][1], node[h4IC1hr4QIqf2QUxGSgJJQ], [R], v[7], s[STARTED], a[id=O9TGIMCgR0e37QDE0Uj4tA]
-----node_id[z3CaLEAdR7G8WavcZcXyzQ][V]
-----node_id[xvcWTvvKQ8SQyHkEaDTzIg][V]
-----node_id[_-f-elo_SJ28xBV3EpayNg][V]
--------[test][2], node[_-f-elo_SJ28xBV3EpayNg], [P], v[6], s[STARTED], a[id=EGsu124hRLGmN93S1utdEg]
--------[test][1], node[_-f-elo_SJ28xBV3EpayNg], [P], v[7], s[STARTED], a[id=4Q-_VkkjRUKGwYK0rqB-5w]
---- unassigned
--------[test][0], node[null], [P], v[5], s[UNASSIGNED], unassigned_info[[reason=NODE_LEFT], at[2016-04-18T07:03:50.981Z], details[node_left[gARHa-_1Tqy61zspi-0ezg]]]
--------[test][0], node[null], [R], v[5], s[UNASSIGNED], unassigned_info[[reason=NODE_LEFT], at[2016-04-18T07:03:50.972Z], details[node_left[N_BWPYTZSaiMCs2d2s5TXw]]]

[2016-04-18 03:03:51,084][DEBUG][org.elasticsearch.cluster.service] [node_t6] set local cluster state to version 23
[2016-04-18 03:03:51,084][TRACE][org.elasticsearch.cluster.service] ack received from node [{node_t4}{h4IC1hr4QIqf2QUxGSgJJQ}{local}{local[103]}[mode=>local, master=>false]], cluster_state update (version: 23)
[2016-04-18 03:03:51,085][DEBUG][org.elasticsearch.cluster.service] [node_t4] processing [local-disco-receive(from master)]: took 1ms done applying updated cluster_state (version: 23, uuid: EABOrzt-S3Ktvy0U2CQoEg)
[2016-04-18 03:03:51,085][TRACE][org.elasticsearch.cluster.service] ack received from node [{node_t6}{z3CaLEAdR7G8WavcZcXyzQ}{local}{local[108]}[mode=>local, master=>false]], cluster_state update (version: 23)
[2016-04-18 03:03:51,085][DEBUG][org.elasticsearch.cluster.service] [node_t6] processing [local-disco-receive(from master)]: took 0s done applying updated cluster_state (version: 23, uuid: EABOrzt-S3Ktvy0U2CQoEg)
[2016-04-18 03:03:51,085][DEBUG][org.elasticsearch.cluster.service] [node_t0] set local cluster state to version 23
[2016-04-18 03:03:51,085][TRACE][org.elasticsearch.cluster.service] ack received from node [{node_t0}{QrGQ9LkSSwKjg5hFzloMFw}{local}{local[99]}[mode=>local, master=>true, data=>false]], cluster_state update (version: 23)
[2016-04-18 03:03:51,085][TRACE][org.elasticsearch.cluster.service] all expected nodes acknowledged cluster_state update (version: 23)
[2016-04-18 03:03:51,085][DEBUG][org.elasticsearch.cluster.service] [node_t0] processing [cluster_update_settings]: took 2ms done applying updated cluster_state (version: 23, uuid: EABOrzt-S3Ktvy0U2CQoEg)
[2016-04-18 03:03:51,085][TRACE][org.elasticsearch.cluster.service] [node_t0] will process [reroute_after_cluster_update_settings]
[2016-04-18 03:03:51,085][DEBUG][org.elasticsearch.cluster.service] [node_t0] processing [reroute_after_cluster_update_settings]: execute
[2016-04-18 03:03:51,086][TRACE][org.elasticsearch.cluster.service] expecting 5 acknowledgements for cluster_state update (version: 24)
[2016-04-18 03:03:51,086][TRACE][org.elasticsearch.cluster.service] [node_t0] cluster state updated, source [reroute_after_cluster_update_settings]
version: 24
state uuid: D9FvO1eDQzywoKZY6ChrrA
from_diff: false
meta data version: 15
nodes: 
   {node_t6}{z3CaLEAdR7G8WavcZcXyzQ}{local}{local[108]}[mode=>local, master=>false]
   {node_t3}{_-f-elo_SJ28xBV3EpayNg}{local}{local[102]}[mode=>local, master=>false]
   {node_t4}{h4IC1hr4QIqf2QUxGSgJJQ}{local}{local[103]}[mode=>local, master=>false]
   {node_t0}{QrGQ9LkSSwKjg5hFzloMFw}{local}{local[99]}[mode=>local, master=>true, data=>false], local, master
   {node_t5}{xvcWTvvKQ8SQyHkEaDTzIg}{local}{local[107]}[mode=>local, master=>false]
routing_table (version 13):
-- index [test]
----shard_id [test][0]
--------[test][0], node[z3CaLEAdR7G8WavcZcXyzQ], [P], v[5], s[INITIALIZING], a[id=WGZibUF8ReOAAghuok46Bg], unassigned_info[[reason=NODE_LEFT], at[2016-04-18T07:03:50.981Z], details[node_left[gARHa-_1Tqy61zspi-0ezg]]]
--------[test][0], node[null], [R], v[5], s[UNASSIGNED], unassigned_info[[reason=NODE_LEFT], at[2016-04-18T07:03:50.972Z], details[node_left[N_BWPYTZSaiMCs2d2s5TXw]]]
----shard_id [test][1]
--------[test][1], node[h4IC1hr4QIqf2QUxGSgJJQ], [R], v[7], s[STARTED], a[id=O9TGIMCgR0e37QDE0Uj4tA]
--------[test][1], node[_-f-elo_SJ28xBV3EpayNg], [P], v[7], s[STARTED], a[id=4Q-_VkkjRUKGwYK0rqB-5w]
----shard_id [test][2]
--------[test][2], node[h4IC1hr4QIqf2QUxGSgJJQ], [R], v[6], s[STARTED], a[id=AVDbYFx5QQqCuQyOqDzeRg]
--------[test][2], node[_-f-elo_SJ28xBV3EpayNg], [P], v[6], s[STARTED], a[id=EGsu124hRLGmN93S1utdEg]

routing_nodes:
-----node_id[h4IC1hr4QIqf2QUxGSgJJQ][V]
--------[test][2], node[h4IC1hr4QIqf2QUxGSgJJQ], [R], v[6], s[STARTED], a[id=AVDbYFx5QQqCuQyOqDzeRg]
--------[test][1], node[h4IC1hr4QIqf2QUxGSgJJQ], [R], v[7], s[STARTED], a[id=O9TGIMCgR0e37QDE0Uj4tA]
-----node_id[z3CaLEAdR7G8WavcZcXyzQ][V]
--------[test][0], node[z3CaLEAdR7G8WavcZcXyzQ], [P], v[5], s[INITIALIZING], a[id=WGZibUF8ReOAAghuok46Bg], unassigned_info[[reason=NODE_LEFT], at[2016-04-18T07:03:50.981Z], details[node_left[gARHa-_1Tqy61zspi-0ezg]]]
-----node_id[xvcWTvvKQ8SQyHkEaDTzIg][V]
-----node_id[_-f-elo_SJ28xBV3EpayNg][V]
--------[test][2], node[_-f-elo_SJ28xBV3EpayNg], [P], v[6], s[STARTED], a[id=EGsu124hRLGmN93S1utdEg]
--------[test][1], node[_-f-elo_SJ28xBV3EpayNg], [P], v[7], s[STARTED], a[id=4Q-_VkkjRUKGwYK0rqB-5w]
---- unassigned
--------[test][0], node[null], [R], v[5], s[UNASSIGNED], unassigned_info[[reason=NODE_LEFT], at[2016-04-18T07:03:50.972Z], details[node_left[N_BWPYTZSaiMCs2d2s5TXw]]]

[2016-04-18 03:03:51,086][DEBUG][org.elasticsearch.cluster.service] [node_t0] publishing cluster state version [24]
[2016-04-18 03:03:51,086][TRACE][org.elasticsearch.cluster.service] [node_t3] will process [local-disco-receive(from master)]
[2016-04-18 03:03:51,086][TRACE][org.elasticsearch.cluster.service] [node_t4] will process [local-disco-receive(from master)]
[2016-04-18 03:03:51,086][TRACE][org.elasticsearch.cluster.service] [node_t5] will process [local-disco-receive(from master)]
[2016-04-18 03:03:51,086][DEBUG][org.elasticsearch.cluster.service] [node_t4] processing [local-disco-receive(from master)]: execute
[2016-04-18 03:03:51,086][TRACE][org.elasticsearch.cluster.service] [node_t6] will process [local-disco-receive(from master)]
[2016-04-18 03:03:51,086][DEBUG][org.elasticsearch.cluster.service] [node_t6] processing [local-disco-receive(from master)]: execute
[2016-04-18 03:03:51,086][DEBUG][org.elasticsearch.cluster.service] [node_t3] processing [local-disco-receive(from master)]: execute
[2016-04-18 03:03:51,086][TRACE][org.elasticsearch.cluster.service] [node_t4] cluster state updated, source [local-disco-receive(from master)]
version: 24
state uuid: D9FvO1eDQzywoKZY6ChrrA
from_diff: false
meta data version: 15
nodes: 
   {node_t6}{z3CaLEAdR7G8WavcZcXyzQ}{local}{local[108]}[master=>false, mode=>local]
   {node_t3}{_-f-elo_SJ28xBV3EpayNg}{local}{local[102]}[mode=>local, master=>false]
   {node_t4}{h4IC1hr4QIqf2QUxGSgJJQ}{local}{local[103]}[mode=>local, master=>false], local
   {node_t0}{QrGQ9LkSSwKjg5hFzloMFw}{local}{local[99]}[master=>true, data=>false, mode=>local], master
   {node_t5}{xvcWTvvKQ8SQyHkEaDTzIg}{local}{local[107]}[master=>false, mode=>local]
routing_table (version 13):
-- index [test]
----shard_id [test][0]
--------[test][0], node[z3CaLEAdR7G8WavcZcXyzQ], [P], v[5], s[INITIALIZING], a[id=WGZibUF8ReOAAghuok46Bg], unassigned_info[[reason=NODE_LEFT], at[2016-04-18T07:03:50.981Z], details[node_left[gARHa-_1Tqy61zspi-0ezg]]]
--------[test][0], node[null], [R], v[5], s[UNASSIGNED], unassigned_info[[reason=NODE_LEFT], at[2016-04-18T07:03:50.972Z], details[node_left[N_BWPYTZSaiMCs2d2s5TXw]]]
----shard_id [test][1]
--------[test][1], node[h4IC1hr4QIqf2QUxGSgJJQ], [R], v[7], s[STARTED], a[id=O9TGIMCgR0e37QDE0Uj4tA]
--------[test][1], node[_-f-elo_SJ28xBV3EpayNg], [P], v[7], s[STARTED], a[id=4Q-_VkkjRUKGwYK0rqB-5w]
----shard_id [test][2]
--------[test][2], node[h4IC1hr4QIqf2QUxGSgJJQ], [R], v[6], s[STARTED], a[id=AVDbYFx5QQqCuQyOqDzeRg]
--------[test][2], node[_-f-elo_SJ28xBV3EpayNg], [P], v[6], s[STARTED], a[id=EGsu124hRLGmN93S1utdEg]

routing_nodes:
-----node_id[h4IC1hr4QIqf2QUxGSgJJQ][V]
--------[test][2], node[h4IC1hr4QIqf2QUxGSgJJQ], [R], v[6], s[STARTED], a[id=AVDbYFx5QQqCuQyOqDzeRg]
--------[test][1], node[h4IC1hr4QIqf2QUxGSgJJQ], [R], v[7], s[STARTED], a[id=O9TGIMCgR0e37QDE0Uj4tA]
-----node_id[z3CaLEAdR7G8WavcZcXyzQ][V]
--------[test][0], node[z3CaLEAdR7G8WavcZcXyzQ], [P], v[5], s[INITIALIZING], a[id=WGZibUF8ReOAAghuok46Bg], unassigned_info[[reason=NODE_LEFT], at[2016-04-18T07:03:50.981Z], details[node_left[gARHa-_1Tqy61zspi-0ezg]]]
-----node_id[xvcWTvvKQ8SQyHkEaDTzIg][V]
-----node_id[_-f-elo_SJ28xBV3EpayNg][V]
--------[test][2], node[_-f-elo_SJ28xBV3EpayNg], [P], v[6], s[STARTED], a[id=EGsu124hRLGmN93S1utdEg]
--------[test][1], node[_-f-elo_SJ28xBV3EpayNg], [P], v[7], s[STARTED], a[id=4Q-_VkkjRUKGwYK0rqB-5w]
---- unassigned
--------[test][0], node[null], [R], v[5], s[UNASSIGNED], unassigned_info[[reason=NODE_LEFT], at[2016-04-18T07:03:50.972Z], details[node_left[N_BWPYTZSaiMCs2d2s5TXw]]]

[2016-04-18 03:03:51,086][DEBUG][org.elasticsearch.cluster.service] [node_t4] set local cluster state to version 24
[2016-04-18 03:03:51,086][DEBUG][org.elasticsearch.cluster.service] [node_t5] processing [local-disco-receive(from master)]: execute
[2016-04-18 03:03:51,086][TRACE][org.elasticsearch.cluster.service] [node_t3] cluster state updated, source [local-disco-receive(from master)]
version: 24
state uuid: D9FvO1eDQzywoKZY6ChrrA
from_diff: false
meta data version: 15
nodes: 
   {node_t6}{z3CaLEAdR7G8WavcZcXyzQ}{local}{local[108]}[mode=>local, master=>false]
   {node_t3}{_-f-elo_SJ28xBV3EpayNg}{local}{local[102]}[mode=>local, master=>false], local
   {node_t4}{h4IC1hr4QIqf2QUxGSgJJQ}{local}{local[103]}[master=>false, mode=>local]
   {node_t0}{QrGQ9LkSSwKjg5hFzloMFw}{local}{local[99]}[master=>true, data=>false, mode=>local], master
   {node_t5}{xvcWTvvKQ8SQyHkEaDTzIg}{local}{local[107]}[master=>false, mode=>local]
routing_table (version 13):
-- index [test]
----shard_id [test][0]
--------[test][0], node[z3CaLEAdR7G8WavcZcXyzQ], [P], v[5], s[INITIALIZING], a[id=WGZibUF8ReOAAghuok46Bg], unassigned_info[[reason=NODE_LEFT], at[2016-04-18T07:03:50.981Z], details[node_left[gARHa-_1Tqy61zspi-0ezg]]]
--------[test][0], node[null], [R], v[5], s[UNASSIGNED], unassigned_info[[reason=NODE_LEFT], at[2016-04-18T07:03:50.972Z], details[node_left[N_BWPYTZSaiMCs2d2s5TXw]]]
----shard_id [test][1]
--------[test][1], node[h4IC1hr4QIqf2QUxGSgJJQ], [R], v[7], s[STARTED], a[id=O9TGIMCgR0e37QDE0Uj4tA]
--------[test][1], node[_-f-elo_SJ28xBV3EpayNg], [P], v[7], s[STARTED], a[id=4Q-_VkkjRUKGwYK0rqB-5w]
----shard_id [test][2]
--------[test][2], node[h4IC1hr4QIqf2QUxGSgJJQ], [R], v[6], s[STARTED], a[id=AVDbYFx5QQqCuQyOqDzeRg]
--------[test][2], node[_-f-elo_SJ28xBV3EpayNg], [P], v[6], s[STARTED], a[id=EGsu124hRLGmN93S1utdEg]

routing_nodes:
-----node_id[h4IC1hr4QIqf2QUxGSgJJQ][V]
--------[test][2], node[h4IC1hr4QIqf2QUxGSgJJQ], [R], v[6], s[STARTED], a[id=AVDbYFx5QQqCuQyOqDzeRg]
--------[test][1], node[h4IC1hr4QIqf2QUxGSgJJQ], [R], v[7], s[STARTED], a[id=O9TGIMCgR0e37QDE0Uj4tA]
-----node_id[z3CaLEAdR7G8WavcZcXyzQ][V]
--------[test][0], node[z3CaLEAdR7G8WavcZcXyzQ], [P], v[5], s[INITIALIZING], a[id=WGZibUF8ReOAAghuok46Bg], unassigned_info[[reason=NODE_LEFT], at[2016-04-18T07:03:50.981Z], details[node_left[gARHa-_1Tqy61zspi-0ezg]]]
-----node_id[xvcWTvvKQ8SQyHkEaDTzIg][V]
-----node_id[_-f-elo_SJ28xBV3EpayNg][V]
--------[test][2], node[_-f-elo_SJ28xBV3EpayNg], [P], v[6], s[STARTED], a[id=EGsu124hRLGmN93S1utdEg]
--------[test][1], node[_-f-elo_SJ28xBV3EpayNg], [P], v[7], s[STARTED], a[id=4Q-_VkkjRUKGwYK0rqB-5w]
---- unassigned
--------[test][0], node[null], [R], v[5], s[UNASSIGNED], unassigned_info[[reason=NODE_LEFT], at[2016-04-18T07:03:50.972Z], details[node_left[N_BWPYTZSaiMCs2d2s5TXw]]]

[2016-04-18 03:03:51,087][DEBUG][org.elasticsearch.cluster.service] [node_t3] set local cluster state to version 24
[2016-04-18 03:03:51,086][TRACE][org.elasticsearch.cluster.service] [node_t6] cluster state updated, source [local-disco-receive(from master)]
version: 24
state uuid: D9FvO1eDQzywoKZY6ChrrA
from_diff: false
meta data version: 15
nodes: 
   {node_t6}{z3CaLEAdR7G8WavcZcXyzQ}{local}{local[108]}[mode=>local, master=>false], local
   {node_t3}{_-f-elo_SJ28xBV3EpayNg}{local}{local[102]}[mode=>local, master=>false]
   {node_t4}{h4IC1hr4QIqf2QUxGSgJJQ}{local}{local[103]}[mode=>local, master=>false]
   {node_t0}{QrGQ9LkSSwKjg5hFzloMFw}{local}{local[99]}[master=>true, data=>false, mode=>local], master
   {node_t5}{xvcWTvvKQ8SQyHkEaDTzIg}{local}{local[107]}[mode=>local, master=>false]
routing_table (version 13):
-- index [test]
----shard_id [test][0]
--------[test][0], node[z3CaLEAdR7G8WavcZcXyzQ], [P], v[5], s[INITIALIZING], a[id=WGZibUF8ReOAAghuok46Bg], unassigned_info[[reason=NODE_LEFT], at[2016-04-18T07:03:50.981Z], details[node_left[gARHa-_1Tqy61zspi-0ezg]]]
--------[test][0], node[null], [R], v[5], s[UNASSIGNED], unassigned_info[[reason=NODE_LEFT], at[2016-04-18T07:03:50.972Z], details[node_left[N_BWPYTZSaiMCs2d2s5TXw]]]
----shard_id [test][1]
--------[test][1], node[h4IC1hr4QIqf2QUxGSgJJQ], [R], v[7], s[STARTED], a[id=O9TGIMCgR0e37QDE0Uj4tA]
--------[test][1], node[_-f-elo_SJ28xBV3EpayNg], [P], v[7], s[STARTED], a[id=4Q-_VkkjRUKGwYK0rqB-5w]
----shard_id [test][2]
--------[test][2], node[h4IC1hr4QIqf2QUxGSgJJQ], [R], v[6], s[STARTED], a[id=AVDbYFx5QQqCuQyOqDzeRg]
--------[test][2], node[_-f-elo_SJ28xBV3EpayNg], [P], v[6], s[STARTED], a[id=EGsu124hRLGmN93S1utdEg]

routing_nodes:
-----node_id[h4IC1hr4QIqf2QUxGSgJJQ][V]
--------[test][2], node[h4IC1hr4QIqf2QUxGSgJJQ], [R], v[6], s[STARTED], a[id=AVDbYFx5QQqCuQyOqDzeRg]
--------[test][1], node[h4IC1hr4QIqf2QUxGSgJJQ], [R], v[7], s[STARTED], a[id=O9TGIMCgR0e37QDE0Uj4tA]
-----node_id[z3CaLEAdR7G8WavcZcXyzQ][V]
--------[test][0], node[z3CaLEAdR7G8WavcZcXyzQ], [P], v[5], s[INITIALIZING], a[id=WGZibUF8ReOAAghuok46Bg], unassigned_info[[reason=NODE_LEFT], at[2016-04-18T07:03:50.981Z], details[node_left[gARHa-_1Tqy61zspi-0ezg]]]
-----node_id[xvcWTvvKQ8SQyHkEaDTzIg][V]
-----node_id[_-f-elo_SJ28xBV3EpayNg][V]
--------[test][2], node[_-f-elo_SJ28xBV3EpayNg], [P], v[6], s[STARTED], a[id=EGsu124hRLGmN93S1utdEg]
--------[test][1], node[_-f-elo_SJ28xBV3EpayNg], [P], v[7], s[STARTED], a[id=4Q-_VkkjRUKGwYK0rqB-5w]
---- unassigned
--------[test][0], node[null], [R], v[5], s[UNASSIGNED], unassigned_info[[reason=NODE_LEFT], at[2016-04-18T07:03:50.972Z], details[node_left[N_BWPYTZSaiMCs2d2s5TXw]]]

[2016-04-18 03:03:51,087][DEBUG][org.elasticsearch.cluster.service] [node_t6] set local cluster state to version 24
[2016-04-18 03:03:51,087][TRACE][org.elasticsearch.cluster.service] ack received from node [{node_t4}{h4IC1hr4QIqf2QUxGSgJJQ}{local}{local[103]}[mode=>local, master=>false]], cluster_state update (version: 24)
[2016-04-18 03:03:51,087][TRACE][org.elasticsearch.cluster.service] [node_t5] cluster state updated, source [local-disco-receive(from master)]
version: 24
state uuid: D9FvO1eDQzywoKZY6ChrrA
from_diff: false
meta data version: 15
nodes: 
   {node_t6}{z3CaLEAdR7G8WavcZcXyzQ}{local}{local[108]}[mode=>local, master=>false]
   {node_t3}{_-f-elo_SJ28xBV3EpayNg}{local}{local[102]}[master=>false, mode=>local]
   {node_t4}{h4IC1hr4QIqf2QUxGSgJJQ}{local}{local[103]}[master=>false, mode=>local]
   {node_t0}{QrGQ9LkSSwKjg5hFzloMFw}{local}{local[99]}[master=>true, data=>false, mode=>local], master
   {node_t5}{xvcWTvvKQ8SQyHkEaDTzIg}{local}{local[107]}[mode=>local, master=>false], local
routing_table (version 13):
-- index [test]
----shard_id [test][0]
--------[test][0], node[z3CaLEAdR7G8WavcZcXyzQ], [P], v[5], s[INITIALIZING], a[id=WGZibUF8ReOAAghuok46Bg], unassigned_info[[reason=NODE_LEFT], at[2016-04-18T07:03:50.981Z], details[node_left[gARHa-_1Tqy61zspi-0ezg]]]
--------[test][0], node[null], [R], v[5], s[UNASSIGNED], unassigned_info[[reason=NODE_LEFT], at[2016-04-18T07:03:50.972Z], details[node_left[N_BWPYTZSaiMCs2d2s5TXw]]]
----shard_id [test][1]
--------[test][1], node[h4IC1hr4QIqf2QUxGSgJJQ], [R], v[7], s[STARTED], a[id=O9TGIMCgR0e37QDE0Uj4tA]
--------[test][1], node[_-f-elo_SJ28xBV3EpayNg], [P], v[7], s[STARTED], a[id=4Q-_VkkjRUKGwYK0rqB-5w]
----shard_id [test][2]
--------[test][2], node[h4IC1hr4QIqf2QUxGSgJJQ], [R], v[6], s[STARTED], a[id=AVDbYFx5QQqCuQyOqDzeRg]
--------[test][2], node[_-f-elo_SJ28xBV3EpayNg], [P], v[6], s[STARTED], a[id=EGsu124hRLGmN93S1utdEg]

routing_nodes:
-----node_id[h4IC1hr4QIqf2QUxGSgJJQ][V]
--------[test][2], node[h4IC1hr4QIqf2QUxGSgJJQ], [R], v[6], s[STARTED], a[id=AVDbYFx5QQqCuQyOqDzeRg]
--------[test][1], node[h4IC1hr4QIqf2QUxGSgJJQ], [R], v[7], s[STARTED], a[id=O9TGIMCgR0e37QDE0Uj4tA]
-----node_id[z3CaLEAdR7G8WavcZcXyzQ][V]
--------[test][0], node[z3CaLEAdR7G8WavcZcXyzQ], [P], v[5], s[INITIALIZING], a[id=WGZibUF8ReOAAghuok46Bg], unassigned_info[[reason=NODE_LEFT], at[2016-04-18T07:03:50.981Z], details[node_left[gARHa-_1Tqy61zspi-0ezg]]]
-----node_id[xvcWTvvKQ8SQyHkEaDTzIg][V]
-----node_id[_-f-elo_SJ28xBV3EpayNg][V]
--------[test][2], node[_-f-elo_SJ28xBV3EpayNg], [P], v[6], s[STARTED], a[id=EGsu124hRLGmN93S1utdEg]
--------[test][1], node[_-f-elo_SJ28xBV3EpayNg], [P], v[7], s[STARTED], a[id=4Q-_VkkjRUKGwYK0rqB-5w]
---- unassigned
--------[test][0], node[null], [R], v[5], s[UNASSIGNED], unassigned_info[[reason=NODE_LEFT], at[2016-04-18T07:03:50.972Z], details[node_left[N_BWPYTZSaiMCs2d2s5TXw]]]

[2016-04-18 03:03:51,087][DEBUG][org.elasticsearch.cluster.service] [node_t5] set local cluster state to version 24
[2016-04-18 03:03:51,087][TRACE][org.elasticsearch.cluster.service] ack received from node [{node_t3}{_-f-elo_SJ28xBV3EpayNg}{local}{local[102]}[mode=>local, master=>false]], cluster_state update (version: 24)
[2016-04-18 03:03:51,087][DEBUG][org.elasticsearch.cluster.service] [node_t4] processing [local-disco-receive(from master)]: took 0s done applying updated cluster_state (version: 24, uuid: D9FvO1eDQzywoKZY6ChrrA)
[2016-04-18 03:03:51,087][DEBUG][org.elasticsearch.cluster.service] [node_t3] processing [local-disco-receive(from master)]: took 0s done applying updated cluster_state (version: 24, uuid: D9FvO1eDQzywoKZY6ChrrA)
[2016-04-18 03:03:51,088][TRACE][org.elasticsearch.cluster.service] ack received from node [{node_t5}{xvcWTvvKQ8SQyHkEaDTzIg}{local}{local[107]}[mode=>local, master=>false]], cluster_state update (version: 24)
[2016-04-18 03:03:51,088][DEBUG][org.elasticsearch.cluster.service] [node_t5] processing [local-disco-receive(from master)]: took 1ms done applying updated cluster_state (version: 24, uuid: D9FvO1eDQzywoKZY6ChrrA)
[2016-04-18 03:03:51,089][TRACE][org.elasticsearch.cluster.service] ack received from node [{node_t6}{z3CaLEAdR7G8WavcZcXyzQ}{local}{local[108]}[mode=>local, master=>false]], cluster_state update (version: 24)
[2016-04-18 03:03:51,089][DEBUG][org.elasticsearch.cluster.service] [node_t0] set local cluster state to version 24
[2016-04-18 03:03:51,090][DEBUG][org.elasticsearch.cluster.service] [node_t6] processing [local-disco-receive(from master)]: took 3ms done applying updated cluster_state (version: 24, uuid: D9FvO1eDQzywoKZY6ChrrA)
[2016-04-18 03:03:51,090][TRACE][org.elasticsearch.cluster.service] [node_t6] will process [indices_store ([[test][2]] active fully on other nodes)]
[2016-04-18 03:03:51,090][DEBUG][org.elasticsearch.cluster.service] [node_t6] processing [indices_store ([[test][2]] active fully on other nodes)]: execute
[2016-04-18 03:03:51,090][TRACE][org.elasticsearch.cluster.service] ack received from node [{node_t0}{QrGQ9LkSSwKjg5hFzloMFw}{local}{local[99]}[mode=>local, master=>true, data=>false]], cluster_state update (version: 24)
[2016-04-18 03:03:51,090][TRACE][org.elasticsearch.cluster.service] all expected nodes acknowledged cluster_state update (version: 24)
[2016-04-18 03:03:51,090][DEBUG][org.elasticsearch.cluster.service] [node_t0] processing [reroute_after_cluster_update_settings]: took 4ms done applying updated cluster_state (version: 24, uuid: D9FvO1eDQzywoKZY6ChrrA)
[2016-04-18 03:03:51,090][TRACE][org.elasticsearch.cluster.service] [node_t0] will process [cluster_reroute(async_shard_fetch)]
[2016-04-18 03:03:51,090][DEBUG][org.elasticsearch.cluster.service] [node_t0] processing [cluster_reroute(async_shard_fetch)]: execute
[2016-04-18 03:03:51,090][DEBUG][org.elasticsearch.cluster.service] [node_t0] processing [cluster_reroute(async_shard_fetch)]: took 0s no change in cluster_state
[2016-04-18 03:03:51,091][DEBUG][org.elasticsearch.cluster.service] [node_t6] processing [indices_store ([[test][2]] active fully on other nodes)]: took 1ms no change in cluster_state
[2016-04-18 03:03:51,091][TRACE][org.elasticsearch.cluster.service] [node_t6] will process [indices_store ([[test][1]] active fully on other nodes)]
[2016-04-18 03:03:51,091][DEBUG][org.elasticsearch.cluster.service] [node_t6] processing [indices_store ([[test][1]] active fully on other nodes)]: execute
[2016-04-18 03:03:51,091][TRACE][org.elasticsearch.cluster.service] [node_t0] will process [shard-started ([test][0], node[z3CaLEAdR7G8WavcZcXyzQ], [P], v[5], s[INITIALIZING], a[id=WGZibUF8ReOAAghuok46Bg], unassigned_info[[reason=NODE_LEFT], at[2016-04-18T07:03:50.981Z], details[node_left[gARHa-_1Tqy61zspi-0ezg]]]), reason [after recovery from store]]
[2016-04-18 03:03:51,092][DEBUG][org.elasticsearch.cluster.service] [node_t0] processing [shard-started ([test][0], node[z3CaLEAdR7G8WavcZcXyzQ], [P], v[5], s[INITIALIZING], a[id=WGZibUF8ReOAAghuok46Bg], unassigned_info[[reason=NODE_LEFT], at[2016-04-18T07:03:50.981Z], details[node_left[gARHa-_1Tqy61zspi-0ezg]]]), reason [after recovery from store]]: execute
[2016-04-18 03:03:51,092][TRACE][org.elasticsearch.cluster.service] [node_t0] cluster state updated, source [shard-started ([test][0], node[z3CaLEAdR7G8WavcZcXyzQ], [P], v[5], s[INITIALIZING], a[id=WGZibUF8ReOAAghuok46Bg], unassigned_info[[reason=NODE_LEFT], at[2016-04-18T07:03:50.981Z], details[node_left[gARHa-_1Tqy61zspi-0ezg]]]), reason [after recovery from store]]
version: 25
state uuid: mxAD63c5Qh-hJhbNga9EIA
from_diff: false
meta data version: 16
nodes: 
   {node_t6}{z3CaLEAdR7G8WavcZcXyzQ}{local}{local[108]}[mode=>local, master=>false]
   {node_t3}{_-f-elo_SJ28xBV3EpayNg}{local}{local[102]}[mode=>local, master=>false]
   {node_t4}{h4IC1hr4QIqf2QUxGSgJJQ}{local}{local[103]}[mode=>local, master=>false]
   {node_t0}{QrGQ9LkSSwKjg5hFzloMFw}{local}{local[99]}[mode=>local, master=>true, data=>false], local, master
   {node_t5}{xvcWTvvKQ8SQyHkEaDTzIg}{local}{local[107]}[mode=>local, master=>false]
routing_table (version 14):
-- index [test]
----shard_id [test][0]
--------[test][0], node[z3CaLEAdR7G8WavcZcXyzQ], [P], v[6], s[STARTED], a[id=WGZibUF8ReOAAghuok46Bg]
--------[test][0], node[null], [R], v[6], s[UNASSIGNED], unassigned_info[[reason=NODE_LEFT], at[2016-04-18T07:03:50.972Z], details[node_left[N_BWPYTZSaiMCs2d2s5TXw]]]
----shard_id [test][1]
--------[test][1], node[h4IC1hr4QIqf2QUxGSgJJQ], [R], v[7], s[STARTED], a[id=O9TGIMCgR0e37QDE0Uj4tA]
--------[test][1], node[_-f-elo_SJ28xBV3EpayNg], [P], v[7], s[STARTED], a[id=4Q-_VkkjRUKGwYK0rqB-5w]
----shard_id [test][2]
--------[test][2], node[h4IC1hr4QIqf2QUxGSgJJQ], [R], v[6], s[STARTED], a[id=AVDbYFx5QQqCuQyOqDzeRg]
--------[test][2], node[_-f-elo_SJ28xBV3EpayNg], [P], v[6], s[STARTED], a[id=EGsu124hRLGmN93S1utdEg]

routing_nodes:
-----node_id[h4IC1hr4QIqf2QUxGSgJJQ][V]
--------[test][2], node[h4IC1hr4QIqf2QUxGSgJJQ], [R], v[6], s[STARTED], a[id=AVDbYFx5QQqCuQyOqDzeRg]
--------[test][1], node[h4IC1hr4QIqf2QUxGSgJJQ], [R], v[7], s[STARTED], a[id=O9TGIMCgR0e37QDE0Uj4tA]
-----node_id[z3CaLEAdR7G8WavcZcXyzQ][V]
--------[test][0], node[z3CaLEAdR7G8WavcZcXyzQ], [P], v[6], s[STARTED], a[id=WGZibUF8ReOAAghuok46Bg]
-----node_id[xvcWTvvKQ8SQyHkEaDTzIg][V]
-----node_id[_-f-elo_SJ28xBV3EpayNg][V]
--------[test][2], node[_-f-elo_SJ28xBV3EpayNg], [P], v[6], s[STARTED], a[id=EGsu124hRLGmN93S1utdEg]
--------[test][1], node[_-f-elo_SJ28xBV3EpayNg], [P], v[7], s[STARTED], a[id=4Q-_VkkjRUKGwYK0rqB-5w]
---- unassigned
--------[test][0], node[null], [R], v[6], s[UNASSIGNED], unassigned_info[[reason=NODE_LEFT], at[2016-04-18T07:03:50.972Z], details[node_left[N_BWPYTZSaiMCs2d2s5TXw]]]

[2016-04-18 03:03:51,092][DEBUG][org.elasticsearch.cluster.service] [node_t0] publishing cluster state version [25]
[2016-04-18 03:03:51,092][TRACE][org.elasticsearch.cluster.service] [node_t3] will process [local-disco-receive(from master)]
[2016-04-18 03:03:51,092][DEBUG][org.elasticsearch.cluster.service] [node_t3] processing [local-disco-receive(from master)]: execute
[2016-04-18 03:03:51,092][TRACE][org.elasticsearch.cluster.service] [node_t4] will process [local-disco-receive(from master)]
[2016-04-18 03:03:51,092][DEBUG][org.elasticsearch.cluster.service] [node_t4] processing [local-disco-receive(from master)]: execute
[2016-04-18 03:03:51,092][TRACE][org.elasticsearch.cluster.service] [node_t5] will process [local-disco-receive(from master)]
[2016-04-18 03:03:51,093][TRACE][org.elasticsearch.cluster.service] [node_t3] cluster state updated, source [local-disco-receive(from master)]
version: 25
state uuid: mxAD63c5Qh-hJhbNga9EIA
from_diff: false
meta data version: 16
nodes: 
   {node_t6}{z3CaLEAdR7G8WavcZcXyzQ}{local}{local[108]}[mode=>local, master=>false]
   {node_t3}{_-f-elo_SJ28xBV3EpayNg}{local}{local[102]}[mode=>local, master=>false], local
   {node_t4}{h4IC1hr4QIqf2QUxGSgJJQ}{local}{local[103]}[master=>false, mode=>local]
   {node_t0}{QrGQ9LkSSwKjg5hFzloMFw}{local}{local[99]}[master=>true, data=>false, mode=>local], master
   {node_t5}{xvcWTvvKQ8SQyHkEaDTzIg}{local}{local[107]}[master=>false, mode=>local]
routing_table (version 14):
-- index [test]
----shard_id [test][0]
--------[test][0], node[z3CaLEAdR7G8WavcZcXyzQ], [P], v[6], s[STARTED], a[id=WGZibUF8ReOAAghuok46Bg]
--------[test][0], node[null], [R], v[6], s[UNASSIGNED], unassigned_info[[reason=NODE_LEFT], at[2016-04-18T07:03:50.972Z], details[node_left[N_BWPYTZSaiMCs2d2s5TXw]]]
----shard_id [test][1]
--------[test][1], node[h4IC1hr4QIqf2QUxGSgJJQ], [R], v[7], s[STARTED], a[id=O9TGIMCgR0e37QDE0Uj4tA]
--------[test][1], node[_-f-elo_SJ28xBV3EpayNg], [P], v[7], s[STARTED], a[id=4Q-_VkkjRUKGwYK0rqB-5w]
----shard_id [test][2]
--------[test][2], node[h4IC1hr4QIqf2QUxGSgJJQ], [R], v[6], s[STARTED], a[id=AVDbYFx5QQqCuQyOqDzeRg]
--------[test][2], node[_-f-elo_SJ28xBV3EpayNg], [P], v[6], s[STARTED], a[id=EGsu124hRLGmN93S1utdEg]

routing_nodes:
-----node_id[h4IC1hr4QIqf2QUxGSgJJQ][V]
--------[test][2], node[h4IC1hr4QIqf2QUxGSgJJQ], [R], v[6], s[STARTED], a[id=AVDbYFx5QQqCuQyOqDzeRg]
--------[test][1], node[h4IC1hr4QIqf2QUxGSgJJQ], [R], v[7], s[STARTED], a[id=O9TGIMCgR0e37QDE0Uj4tA]
-----node_id[z3CaLEAdR7G8WavcZcXyzQ][V]
--------[test][0], node[z3CaLEAdR7G8WavcZcXyzQ], [P], v[6], s[STARTED], a[id=WGZibUF8ReOAAghuok46Bg]
-----node_id[xvcWTvvKQ8SQyHkEaDTzIg][V]
-----node_id[_-f-elo_SJ28xBV3EpayNg][V]
--------[test][2], node[_-f-elo_SJ28xBV3EpayNg], [P], v[6], s[STARTED], a[id=EGsu124hRLGmN93S1utdEg]
--------[test][1], node[_-f-elo_SJ28xBV3EpayNg], [P], v[7], s[STARTED], a[id=4Q-_VkkjRUKGwYK0rqB-5w]
---- unassigned
--------[test][0], node[null], [R], v[6], s[UNASSIGNED], unassigned_info[[reason=NODE_LEFT], at[2016-04-18T07:03:50.972Z], details[node_left[N_BWPYTZSaiMCs2d2s5TXw]]]

[2016-04-18 03:03:51,093][DEBUG][org.elasticsearch.cluster.service] [node_t3] set local cluster state to version 25
[2016-04-18 03:03:51,093][TRACE][org.elasticsearch.cluster.service] [node_t4] cluster state updated, source [local-disco-receive(from master)]
version: 25
state uuid: mxAD63c5Qh-hJhbNga9EIA
from_diff: false
meta data version: 16
nodes: 
   {node_t6}{z3CaLEAdR7G8WavcZcXyzQ}{local}{local[108]}[master=>false, mode=>local]
   {node_t3}{_-f-elo_SJ28xBV3EpayNg}{local}{local[102]}[mode=>local, master=>false]
   {node_t4}{h4IC1hr4QIqf2QUxGSgJJQ}{local}{local[103]}[mode=>local, master=>false], local
   {node_t0}{QrGQ9LkSSwKjg5hFzloMFw}{local}{local[99]}[master=>true, data=>false, mode=>local], master
   {node_t5}{xvcWTvvKQ8SQyHkEaDTzIg}{local}{local[107]}[master=>false, mode=>local]
routing_table (version 14):
-- index [test]
----shard_id [test][0]
--------[test][0], node[z3CaLEAdR7G8WavcZcXyzQ], [P], v[6], s[STARTED], a[id=WGZibUF8ReOAAghuok46Bg]
--------[test][0], node[null], [R], v[6], s[UNASSIGNED], unassigned_info[[reason=NODE_LEFT], at[2016-04-18T07:03:50.972Z], details[node_left[N_BWPYTZSaiMCs2d2s5TXw]]]
----shard_id [test][1]
--------[test][1], node[h4IC1hr4QIqf2QUxGSgJJQ], [R], v[7], s[STARTED], a[id=O9TGIMCgR0e37QDE0Uj4tA]
--------[test][1], node[_-f-elo_SJ28xBV3EpayNg], [P], v[7], s[STARTED], a[id=4Q-_VkkjRUKGwYK0rqB-5w]
----shard_id [test][2]
--------[test][2], node[h4IC1hr4QIqf2QUxGSgJJQ], [R], v[6], s[STARTED], a[id=AVDbYFx5QQqCuQyOqDzeRg]
--------[test][2], node[_-f-elo_SJ28xBV3EpayNg], [P], v[6], s[STARTED], a[id=EGsu124hRLGmN93S1utdEg]

routing_nodes:
-----node_id[h4IC1hr4QIqf2QUxGSgJJQ][V]
--------[test][2], node[h4IC1hr4QIqf2QUxGSgJJQ], [R], v[6], s[STARTED], a[id=AVDbYFx5QQqCuQyOqDzeRg]
--------[test][1], node[h4IC1hr4QIqf2QUxGSgJJQ], [R], v[7], s[STARTED], a[id=O9TGIMCgR0e37QDE0Uj4tA]
-----node_id[z3CaLEAdR7G8WavcZcXyzQ][V]
--------[test][0], node[z3CaLEAdR7G8WavcZcXyzQ], [P], v[6], s[STARTED], a[id=WGZibUF8ReOAAghuok46Bg]
-----node_id[xvcWTvvKQ8SQyHkEaDTzIg][V]
-----node_id[_-f-elo_SJ28xBV3EpayNg][V]
--------[test][2], node[_-f-elo_SJ28xBV3EpayNg], [P], v[6], s[STARTED], a[id=EGsu124hRLGmN93S1utdEg]
--------[test][1], node[_-f-elo_SJ28xBV3EpayNg], [P], v[7], s[STARTED], a[id=4Q-_VkkjRUKGwYK0rqB-5w]
---- unassigned
--------[test][0], node[null], [R], v[6], s[UNASSIGNED], unassigned_info[[reason=NODE_LEFT], at[2016-04-18T07:03:50.972Z], details[node_left[N_BWPYTZSaiMCs2d2s5TXw]]]

[2016-04-18 03:03:51,093][DEBUG][org.elasticsearch.cluster.service] [node_t6] processing [indices_store ([[test][1]] active fully on other nodes)]: took 1ms no change in cluster_state
[2016-04-18 03:03:51,093][DEBUG][org.elasticsearch.cluster.service] [node_t5] processing [local-disco-receive(from master)]: execute
[2016-04-18 03:03:51,093][TRACE][org.elasticsearch.cluster.service] [node_t6] will process [local-disco-receive(from master)]
[2016-04-18 03:03:51,093][DEBUG][org.elasticsearch.cluster.service] [node_t4] set local cluster state to version 25
[2016-04-18 03:03:51,093][DEBUG][org.elasticsearch.cluster.service] [node_t6] processing [local-disco-receive(from master)]: execute
[2016-04-18 03:03:51,093][TRACE][org.elasticsearch.cluster.service] [node_t5] cluster state updated, source [local-disco-receive(from master)]
version: 25
state uuid: mxAD63c5Qh-hJhbNga9EIA
from_diff: false
meta data version: 16
nodes: 
   {node_t6}{z3CaLEAdR7G8WavcZcXyzQ}{local}{local[108]}[mode=>local, master=>false]
   {node_t3}{_-f-elo_SJ28xBV3EpayNg}{local}{local[102]}[master=>false, mode=>local]
   {node_t4}{h4IC1hr4QIqf2QUxGSgJJQ}{local}{local[103]}[master=>false, mode=>local]
   {node_t0}{QrGQ9LkSSwKjg5hFzloMFw}{local}{local[99]}[master=>true, data=>false, mode=>local], master
   {node_t5}{xvcWTvvKQ8SQyHkEaDTzIg}{local}{local[107]}[mode=>local, master=>false], local
routing_table (version 14):
-- index [test]
----shard_id [test][0]
--------[test][0], node[z3CaLEAdR7G8WavcZcXyzQ], [P], v[6], s[STARTED], a[id=WGZibUF8ReOAAghuok46Bg]
--------[test][0], node[null], [R], v[6], s[UNASSIGNED], unassigned_info[[reason=NODE_LEFT], at[2016-04-18T07:03:50.972Z], details[node_left[N_BWPYTZSaiMCs2d2s5TXw]]]
----shard_id [test][1]
--------[test][1], node[h4IC1hr4QIqf2QUxGSgJJQ], [R], v[7], s[STARTED], a[id=O9TGIMCgR0e37QDE0Uj4tA]
--------[test][1], node[_-f-elo_SJ28xBV3EpayNg], [P], v[7], s[STARTED], a[id=4Q-_VkkjRUKGwYK0rqB-5w]
----shard_id [test][2]
--------[test][2], node[h4IC1hr4QIqf2QUxGSgJJQ], [R], v[6], s[STARTED], a[id=AVDbYFx5QQqCuQyOqDzeRg]
--------[test][2], node[_-f-elo_SJ28xBV3EpayNg], [P], v[6], s[STARTED], a[id=EGsu124hRLGmN93S1utdEg]

routing_nodes:
-----node_id[h4IC1hr4QIqf2QUxGSgJJQ][V]
--------[test][2], node[h4IC1hr4QIqf2QUxGSgJJQ], [R], v[6], s[STARTED], a[id=AVDbYFx5QQqCuQyOqDzeRg]
--------[test][1], node[h4IC1hr4QIqf2QUxGSgJJQ], [R], v[7], s[STARTED], a[id=O9TGIMCgR0e37QDE0Uj4tA]
-----node_id[z3CaLEAdR7G8WavcZcXyzQ][V]
--------[test][0], node[z3CaLEAdR7G8WavcZcXyzQ], [P], v[6], s[STARTED], a[id=WGZibUF8ReOAAghuok46Bg]
-----node_id[xvcWTvvKQ8SQyHkEaDTzIg][V]
-----node_id[_-f-elo_SJ28xBV3EpayNg][V]
--------[test][2], node[_-f-elo_SJ28xBV3EpayNg], [P], v[6], s[STARTED], a[id=EGsu124hRLGmN93S1utdEg]
--------[test][1], node[_-f-elo_SJ28xBV3EpayNg], [P], v[7], s[STARTED], a[id=4Q-_VkkjRUKGwYK0rqB-5w]
---- unassigned
--------[test][0], node[null], [R], v[6], s[UNASSIGNED], unassigned_info[[reason=NODE_LEFT], at[2016-04-18T07:03:50.972Z], details[node_left[N_BWPYTZSaiMCs2d2s5TXw]]]

[2016-04-18 03:03:51,094][TRACE][org.elasticsearch.cluster.service] [node_t6] cluster state updated, source [local-disco-receive(from master)]
version: 25
state uuid: mxAD63c5Qh-hJhbNga9EIA
from_diff: false
meta data version: 16
nodes: 
   {node_t6}{z3CaLEAdR7G8WavcZcXyzQ}{local}{local[108]}[mode=>local, master=>false], local
   {node_t3}{_-f-elo_SJ28xBV3EpayNg}{local}{local[102]}[mode=>local, master=>false]
   {node_t4}{h4IC1hr4QIqf2QUxGSgJJQ}{local}{local[103]}[mode=>local, master=>false]
   {node_t0}{QrGQ9LkSSwKjg5hFzloMFw}{local}{local[99]}[master=>true, data=>false, mode=>local], master
   {node_t5}{xvcWTvvKQ8SQyHkEaDTzIg}{local}{local[107]}[mode=>local, master=>false]
routing_table (version 14):
-- index [test]
----shard_id [test][0]
--------[test][0], node[z3CaLEAdR7G8WavcZcXyzQ], [P], v[6], s[STARTED], a[id=WGZibUF8ReOAAghuok46Bg]
--------[test][0], node[null], [R], v[6], s[UNASSIGNED], unassigned_info[[reason=NODE_LEFT], at[2016-04-18T07:03:50.972Z], details[node_left[N_BWPYTZSaiMCs2d2s5TXw]]]
----shard_id [test][1]
--------[test][1], node[h4IC1hr4QIqf2QUxGSgJJQ], [R], v[7], s[STARTED], a[id=O9TGIMCgR0e37QDE0Uj4tA]
--------[test][1], node[_-f-elo_SJ28xBV3EpayNg], [P], v[7], s[STARTED], a[id=4Q-_VkkjRUKGwYK0rqB-5w]
----shard_id [test][2]
--------[test][2], node[h4IC1hr4QIqf2QUxGSgJJQ], [R], v[6], s[STARTED], a[id=AVDbYFx5QQqCuQyOqDzeRg]
--------[test][2], node[_-f-elo_SJ28xBV3EpayNg], [P], v[6], s[STARTED], a[id=EGsu124hRLGmN93S1utdEg]

routing_nodes:
-----node_id[h4IC1hr4QIqf2QUxGSgJJQ][V]
--------[test][2], node[h4IC1hr4QIqf2QUxGSgJJQ], [R], v[6], s[STARTED], a[id=AVDbYFx5QQqCuQyOqDzeRg]
--------[test][1], node[h4IC1hr4QIqf2QUxGSgJJQ], [R], v[7], s[STARTED], a[id=O9TGIMCgR0e37QDE0Uj4tA]
-----node_id[z3CaLEAdR7G8WavcZcXyzQ][V]
--------[test][0], node[z3CaLEAdR7G8WavcZcXyzQ], [P], v[6], s[STARTED], a[id=WGZibUF8ReOAAghuok46Bg]
-----node_id[xvcWTvvKQ8SQyHkEaDTzIg][V]
-----node_id[_-f-elo_SJ28xBV3EpayNg][V]
--------[test][2], node[_-f-elo_SJ28xBV3EpayNg], [P], v[6], s[STARTED], a[id=EGsu124hRLGmN93S1utdEg]
--------[test][1], node[_-f-elo_SJ28xBV3EpayNg], [P], v[7], s[STARTED], a[id=4Q-_VkkjRUKGwYK0rqB-5w]
---- unassigned
--------[test][0], node[null], [R], v[6], s[UNASSIGNED], unassigned_info[[reason=NODE_LEFT], at[2016-04-18T07:03:50.972Z], details[node_left[N_BWPYTZSaiMCs2d2s5TXw]]]

[2016-04-18 03:03:51,094][DEBUG][org.elasticsearch.cluster.service] [node_t5] set local cluster state to version 25
[2016-04-18 03:03:51,094][DEBUG][org.elasticsearch.cluster.service] [node_t6] set local cluster state to version 25
[2016-04-18 03:03:51,094][DEBUG][org.elasticsearch.cluster.service] [node_t5] processing [local-disco-receive(from master)]: took 1ms done applying updated cluster_state (version: 25, uuid: mxAD63c5Qh-hJhbNga9EIA)
[2016-04-18 03:03:51,094][DEBUG][org.elasticsearch.cluster.service] [node_t3] processing [local-disco-receive(from master)]: took 2ms done applying updated cluster_state (version: 25, uuid: mxAD63c5Qh-hJhbNga9EIA)
[2016-04-18 03:03:51,095][DEBUG][org.elasticsearch.cluster.service] [node_t4] processing [local-disco-receive(from master)]: took 2ms done applying updated cluster_state (version: 25, uuid: mxAD63c5Qh-hJhbNga9EIA)
[2016-04-18 03:03:51,096][DEBUG][org.elasticsearch.cluster.service] [node_t6] processing [local-disco-receive(from master)]: took 3ms done applying updated cluster_state (version: 25, uuid: mxAD63c5Qh-hJhbNga9EIA)
[2016-04-18 03:03:51,096][DEBUG][org.elasticsearch.cluster.service] [node_t0] set local cluster state to version 25
[2016-04-18 03:03:51,096][TRACE][org.elasticsearch.cluster.service] [node_t6] will process [indices_store ([[test][2]] active fully on other nodes)]
[2016-04-18 03:03:51,096][DEBUG][org.elasticsearch.cluster.service] [node_t6] processing [indices_store ([[test][2]] active fully on other nodes)]: execute
[2016-04-18 03:03:51,097][DEBUG][org.elasticsearch.cluster.service] [node_t6] processing [indices_store ([[test][2]] active fully on other nodes)]: took 1ms no change in cluster_state
[2016-04-18 03:03:51,097][TRACE][org.elasticsearch.cluster.service] [node_t6] will process [indices_store ([[test][1]] active fully on other nodes)]
[2016-04-18 03:03:51,097][DEBUG][org.elasticsearch.cluster.service] [node_t6] processing [indices_store ([[test][1]] active fully on other nodes)]: execute
[2016-04-18 03:03:51,098][DEBUG][org.elasticsearch.cluster.service] [node_t0] processing [shard-started ([test][0], node[z3CaLEAdR7G8WavcZcXyzQ], [P], v[5], s[INITIALIZING], a[id=WGZibUF8ReOAAghuok46Bg], unassigned_info[[reason=NODE_LEFT], at[2016-04-18T07:03:50.981Z], details[node_left[gARHa-_1Tqy61zspi-0ezg]]]), reason [after recovery from store]]: took 5ms done applying updated cluster_state (version: 25, uuid: mxAD63c5Qh-hJhbNga9EIA)
[2016-04-18 03:03:51,098][TRACE][org.elasticsearch.cluster.service] [node_t0] will process [cluster_reroute(async_shard_fetch)]
[2016-04-18 03:03:51,098][DEBUG][org.elasticsearch.cluster.service] [node_t0] processing [cluster_reroute(async_shard_fetch)]: execute
[2016-04-18 03:03:51,098][TRACE][org.elasticsearch.cluster.service] [node_t0] cluster state updated, source [cluster_reroute(async_shard_fetch)]
version: 26
state uuid: PKW-S6H9S0CQcKffOqtfzA
from_diff: false
meta data version: 16
nodes: 
   {node_t6}{z3CaLEAdR7G8WavcZcXyzQ}{local}{local[108]}[mode=>local, master=>false]
   {node_t3}{_-f-elo_SJ28xBV3EpayNg}{local}{local[102]}[mode=>local, master=>false]
   {node_t4}{h4IC1hr4QIqf2QUxGSgJJQ}{local}{local[103]}[mode=>local, master=>false]
   {node_t0}{QrGQ9LkSSwKjg5hFzloMFw}{local}{local[99]}[mode=>local, master=>true, data=>false], local, master
   {node_t5}{xvcWTvvKQ8SQyHkEaDTzIg}{local}{local[107]}[mode=>local, master=>false]
routing_table (version 15):
-- index [test]
----shard_id [test][0]
--------[test][0], node[z3CaLEAdR7G8WavcZcXyzQ], [P], v[7], s[STARTED], a[id=WGZibUF8ReOAAghuok46Bg]
--------[test][0], node[xvcWTvvKQ8SQyHkEaDTzIg], [R], v[7], s[INITIALIZING], a[id=CEjYto7cSwiu3hVLsqnW1A], unassigned_info[[reason=NODE_LEFT], at[2016-04-18T07:03:50.972Z], details[node_left[N_BWPYTZSaiMCs2d2s5TXw]]]
----shard_id [test][1]
--------[test][1], node[h4IC1hr4QIqf2QUxGSgJJQ], [R], v[7], s[STARTED], a[id=O9TGIMCgR0e37QDE0Uj4tA]
--------[test][1], node[_-f-elo_SJ28xBV3EpayNg], [P], v[7], s[STARTED], a[id=4Q-_VkkjRUKGwYK0rqB-5w]
----shard_id [test][2]
--------[test][2], node[h4IC1hr4QIqf2QUxGSgJJQ], [R], v[6], s[STARTED], a[id=AVDbYFx5QQqCuQyOqDzeRg]
--------[test][2], node[_-f-elo_SJ28xBV3EpayNg], [P], v[6], s[STARTED], a[id=EGsu124hRLGmN93S1utdEg]

routing_nodes:
-----node_id[h4IC1hr4QIqf2QUxGSgJJQ][V]
--------[test][2], node[h4IC1hr4QIqf2QUxGSgJJQ], [R], v[6], s[STARTED], a[id=AVDbYFx5QQqCuQyOqDzeRg]
--------[test][1], node[h4IC1hr4QIqf2QUxGSgJJQ], [R], v[7], s[STARTED], a[id=O9TGIMCgR0e37QDE0Uj4tA]
-----node_id[z3CaLEAdR7G8WavcZcXyzQ][V]
--------[test][0], node[z3CaLEAdR7G8WavcZcXyzQ], [P], v[7], s[STARTED], a[id=WGZibUF8ReOAAghuok46Bg]
-----node_id[xvcWTvvKQ8SQyHkEaDTzIg][V]
--------[test][0], node[xvcWTvvKQ8SQyHkEaDTzIg], [R], v[7], s[INITIALIZING], a[id=CEjYto7cSwiu3hVLsqnW1A], unassigned_info[[reason=NODE_LEFT], at[2016-04-18T07:03:50.972Z], details[node_left[N_BWPYTZSaiMCs2d2s5TXw]]]
-----node_id[_-f-elo_SJ28xBV3EpayNg][V]
--------[test][2], node[_-f-elo_SJ28xBV3EpayNg], [P], v[6], s[STARTED], a[id=EGsu124hRLGmN93S1utdEg]
--------[test][1], node[_-f-elo_SJ28xBV3EpayNg], [P], v[7], s[STARTED], a[id=4Q-_VkkjRUKGwYK0rqB-5w]
---- unassigned

[2016-04-18 03:03:51,098][DEBUG][org.elasticsearch.cluster.service] [node_t0] publishing cluster state version [26]
[2016-04-18 03:03:51,099][TRACE][org.elasticsearch.cluster.service] [node_t3] will process [local-disco-receive(from master)]
[2016-04-18 03:03:51,099][DEBUG][org.elasticsearch.cluster.service] [node_t3] processing [local-disco-receive(from master)]: execute
[2016-04-18 03:03:51,099][DEBUG][org.elasticsearch.cluster.service] [node_t6] processing [indices_store ([[test][1]] active fully on other nodes)]: took 1ms no change in cluster_state
[2016-04-18 03:03:51,099][TRACE][org.elasticsearch.cluster.service] [node_t5] will process [local-disco-receive(from master)]
[2016-04-18 03:03:51,099][TRACE][org.elasticsearch.cluster.service] [node_t4] will process [local-disco-receive(from master)]
[2016-04-18 03:03:51,099][TRACE][org.elasticsearch.cluster.service] [node_t3] cluster state updated, source [local-disco-receive(from master)]
version: 26
state uuid: PKW-S6H9S0CQcKffOqtfzA
from_diff: false
meta data version: 16
nodes: 
   {node_t6}{z3CaLEAdR7G8WavcZcXyzQ}{local}{local[108]}[mode=>local, master=>false]
   {node_t3}{_-f-elo_SJ28xBV3EpayNg}{local}{local[102]}[mode=>local, master=>false], local
   {node_t4}{h4IC1hr4QIqf2QUxGSgJJQ}{local}{local[103]}[master=>false, mode=>local]
   {node_t0}{QrGQ9LkSSwKjg5hFzloMFw}{local}{local[99]}[master=>true, data=>false, mode=>local], master
   {node_t5}{xvcWTvvKQ8SQyHkEaDTzIg}{local}{local[107]}[master=>false, mode=>local]
routing_table (version 15):
-- index [test]
----shard_id [test][0]
--------[test][0], node[z3CaLEAdR7G8WavcZcXyzQ], [P], v[7], s[STARTED], a[id=WGZibUF8ReOAAghuok46Bg]
--------[test][0], node[xvcWTvvKQ8SQyHkEaDTzIg], [R], v[7], s[INITIALIZING], a[id=CEjYto7cSwiu3hVLsqnW1A], unassigned_info[[reason=NODE_LEFT], at[2016-04-18T07:03:50.972Z], details[node_left[N_BWPYTZSaiMCs2d2s5TXw]]]
----shard_id [test][1]
--------[test][1], node[h4IC1hr4QIqf2QUxGSgJJQ], [R], v[7], s[STARTED], a[id=O9TGIMCgR0e37QDE0Uj4tA]
--------[test][1], node[_-f-elo_SJ28xBV3EpayNg], [P], v[7], s[STARTED], a[id=4Q-_VkkjRUKGwYK0rqB-5w]
----shard_id [test][2]
--------[test][2], node[h4IC1hr4QIqf2QUxGSgJJQ], [R], v[6], s[STARTED], a[id=AVDbYFx5QQqCuQyOqDzeRg]
--------[test][2], node[_-f-elo_SJ28xBV3EpayNg], [P], v[6], s[STARTED], a[id=EGsu124hRLGmN93S1utdEg]

routing_nodes:
-----node_id[h4IC1hr4QIqf2QUxGSgJJQ][V]
--------[test][2], node[h4IC1hr4QIqf2QUxGSgJJQ], [R], v[6], s[STARTED], a[id=AVDbYFx5QQqCuQyOqDzeRg]
--------[test][1], node[h4IC1hr4QIqf2QUxGSgJJQ], [R], v[7], s[STARTED], a[id=O9TGIMCgR0e37QDE0Uj4tA]
-----node_id[z3CaLEAdR7G8WavcZcXyzQ][V]
--------[test][0], node[z3CaLEAdR7G8WavcZcXyzQ], [P], v[7], s[STARTED], a[id=WGZibUF8ReOAAghuok46Bg]
-----node_id[xvcWTvvKQ8SQyHkEaDTzIg][V]
--------[test][0], node[xvcWTvvKQ8SQyHkEaDTzIg], [R], v[7], s[INITIALIZING], a[id=CEjYto7cSwiu3hVLsqnW1A], unassigned_info[[reason=NODE_LEFT], at[2016-04-18T07:03:50.972Z], details[node_left[N_BWPYTZSaiMCs2d2s5TXw]]]
-----node_id[_-f-elo_SJ28xBV3EpayNg][V]
--------[test][2], node[_-f-elo_SJ28xBV3EpayNg], [P], v[6], s[STARTED], a[id=EGsu124hRLGmN93S1utdEg]
--------[test][1], node[_-f-elo_SJ28xBV3EpayNg], [P], v[7], s[STARTED], a[id=4Q-_VkkjRUKGwYK0rqB-5w]
---- unassigned

[2016-04-18 03:03:51,099][DEBUG][org.elasticsearch.cluster.service] [node_t3] set local cluster state to version 26
[2016-04-18 03:03:51,099][DEBUG][org.elasticsearch.cluster.service] [node_t5] processing [local-disco-receive(from master)]: execute
[2016-04-18 03:03:51,099][TRACE][org.elasticsearch.cluster.service] [node_t6] will process [local-disco-receive(from master)]
[2016-04-18 03:03:51,099][DEBUG][org.elasticsearch.cluster.service] [node_t4] processing [local-disco-receive(from master)]: execute
[2016-04-18 03:03:51,099][DEBUG][org.elasticsearch.cluster.service] [node_t6] processing [local-disco-receive(from master)]: execute
[2016-04-18 03:03:51,099][TRACE][org.elasticsearch.cluster.service] [node_t5] cluster state updated, source [local-disco-receive(from master)]
version: 26
state uuid: PKW-S6H9S0CQcKffOqtfzA
from_diff: false
meta data version: 16
nodes: 
   {node_t6}{z3CaLEAdR7G8WavcZcXyzQ}{local}{local[108]}[mode=>local, master=>false]
   {node_t3}{_-f-elo_SJ28xBV3EpayNg}{local}{local[102]}[master=>false, mode=>local]
   {node_t4}{h4IC1hr4QIqf2QUxGSgJJQ}{local}{local[103]}[master=>false, mode=>local]
   {node_t0}{QrGQ9LkSSwKjg5hFzloMFw}{local}{local[99]}[master=>true, data=>false, mode=>local], master
   {node_t5}{xvcWTvvKQ8SQyHkEaDTzIg}{local}{local[107]}[mode=>local, master=>false], local
routing_table (version 15):
-- index [test]
----shard_id [test][0]
--------[test][0], node[z3CaLEAdR7G8WavcZcXyzQ], [P], v[7], s[STARTED], a[id=WGZibUF8ReOAAghuok46Bg]
--------[test][0], node[xvcWTvvKQ8SQyHkEaDTzIg], [R], v[7], s[INITIALIZING], a[id=CEjYto7cSwiu3hVLsqnW1A], unassigned_info[[reason=NODE_LEFT], at[2016-04-18T07:03:50.972Z], details[node_left[N_BWPYTZSaiMCs2d2s5TXw]]]
----shard_id [test][1]
--------[test][1], node[h4IC1hr4QIqf2QUxGSgJJQ], [R], v[7], s[STARTED], a[id=O9TGIMCgR0e37QDE0Uj4tA]
--------[test][1], node[_-f-elo_SJ28xBV3EpayNg], [P], v[7], s[STARTED], a[id=4Q-_VkkjRUKGwYK0rqB-5w]
----shard_id [test][2]
--------[test][2], node[h4IC1hr4QIqf2QUxGSgJJQ], [R], v[6], s[STARTED], a[id=AVDbYFx5QQqCuQyOqDzeRg]
--------[test][2], node[_-f-elo_SJ28xBV3EpayNg], [P], v[6], s[STARTED], a[id=EGsu124hRLGmN93S1utdEg]

routing_nodes:
-----node_id[h4IC1hr4QIqf2QUxGSgJJQ][V]
--------[test][2], node[h4IC1hr4QIqf2QUxGSgJJQ], [R], v[6], s[STARTED], a[id=AVDbYFx5QQqCuQyOqDzeRg]
--------[test][1], node[h4IC1hr4QIqf2QUxGSgJJQ], [R], v[7], s[STARTED], a[id=O9TGIMCgR0e37QDE0Uj4tA]
-----node_id[z3CaLEAdR7G8WavcZcXyzQ][V]
--------[test][0], node[z3CaLEAdR7G8WavcZcXyzQ], [P], v[7], s[STARTED], a[id=WGZibUF8ReOAAghuok46Bg]
-----node_id[xvcWTvvKQ8SQyHkEaDTzIg][V]
--------[test][0], node[xvcWTvvKQ8SQyHkEaDTzIg], [R], v[7], s[INITIALIZING], a[id=CEjYto7cSwiu3hVLsqnW1A], unassigned_info[[reason=NODE_LEFT], at[2016-04-18T07:03:50.972Z], details[node_left[N_BWPYTZSaiMCs2d2s5TXw]]]
-----node_id[_-f-elo_SJ28xBV3EpayNg][V]
--------[test][2], node[_-f-elo_SJ28xBV3EpayNg], [P], v[6], s[STARTED], a[id=EGsu124hRLGmN93S1utdEg]
--------[test][1], node[_-f-elo_SJ28xBV3EpayNg], [P], v[7], s[STARTED], a[id=4Q-_VkkjRUKGwYK0rqB-5w]
---- unassigned

[2016-04-18 03:03:51,099][TRACE][org.elasticsearch.cluster.service] [node_t6] cluster state updated, source [local-disco-receive(from master)]
version: 26
state uuid: PKW-S6H9S0CQcKffOqtfzA
from_diff: false
meta data version: 16
nodes: 
   {node_t6}{z3CaLEAdR7G8WavcZcXyzQ}{local}{local[108]}[mode=>local, master=>false], local
   {node_t3}{_-f-elo_SJ28xBV3EpayNg}{local}{local[102]}[mode=>local, master=>false]
   {node_t4}{h4IC1hr4QIqf2QUxGSgJJQ}{local}{local[103]}[mode=>local, master=>false]
   {node_t0}{QrGQ9LkSSwKjg5hFzloMFw}{local}{local[99]}[master=>true, data=>false, mode=>local], master
   {node_t5}{xvcWTvvKQ8SQyHkEaDTzIg}{local}{local[107]}[mode=>local, master=>false]
routing_table (version 15):
-- index [test]
----shard_id [test][0]
--------[test][0], node[z3CaLEAdR7G8WavcZcXyzQ], [P], v[7], s[STARTED], a[id=WGZibUF8ReOAAghuok46Bg]
--------[test][0], node[xvcWTvvKQ8SQyHkEaDTzIg], [R], v[7], s[INITIALIZING], a[id=CEjYto7cSwiu3hVLsqnW1A], unassigned_info[[reason=NODE_LEFT], at[2016-04-18T07:03:50.972Z], details[node_left[N_BWPYTZSaiMCs2d2s5TXw]]]
----shard_id [test][1]
--------[test][1], node[h4IC1hr4QIqf2QUxGSgJJQ], [R], v[7], s[STARTED], a[id=O9TGIMCgR0e37QDE0Uj4tA]
--------[test][1], node[_-f-elo_SJ28xBV3EpayNg], [P], v[7], s[STARTED], a[id=4Q-_VkkjRUKGwYK0rqB-5w]
----shard_id [test][2]
--------[test][2], node[h4IC1hr4QIqf2QUxGSgJJQ], [R], v[6], s[STARTED], a[id=AVDbYFx5QQqCuQyOqDzeRg]
--------[test][2], node[_-f-elo_SJ28xBV3EpayNg], [P], v[6], s[STARTED], a[id=EGsu124hRLGmN93S1utdEg]

routing_nodes:
-----node_id[h4IC1hr4QIqf2QUxGSgJJQ][V]
--------[test][2], node[h4IC1hr4QIqf2QUxGSgJJQ], [R], v[6], s[STARTED], a[id=AVDbYFx5QQqCuQyOqDzeRg]
--------[test][1], node[h4IC1hr4QIqf2QUxGSgJJQ], [R], v[7], s[STARTED], a[id=O9TGIMCgR0e37QDE0Uj4tA]
-----node_id[z3CaLEAdR7G8WavcZcXyzQ][V]
--------[test][0], node[z3CaLEAdR7G8WavcZcXyzQ], [P], v[7], s[STARTED], a[id=WGZibUF8ReOAAghuok46Bg]
-----node_id[xvcWTvvKQ8SQyHkEaDTzIg][V]
--------[test][0], node[xvcWTvvKQ8SQyHkEaDTzIg], [R], v[7], s[INITIALIZING], a[id=CEjYto7cSwiu3hVLsqnW1A], unassigned_info[[reason=NODE_LEFT], at[2016-04-18T07:03:50.972Z], details[node_left[N_BWPYTZSaiMCs2d2s5TXw]]]
-----node_id[_-f-elo_SJ28xBV3EpayNg][V]
--------[test][2], node[_-f-elo_SJ28xBV3EpayNg], [P], v[6], s[STARTED], a[id=EGsu124hRLGmN93S1utdEg]
--------[test][1], node[_-f-elo_SJ28xBV3EpayNg], [P], v[7], s[STARTED], a[id=4Q-_VkkjRUKGwYK0rqB-5w]
---- unassigned

[2016-04-18 03:03:51,099][DEBUG][org.elasticsearch.cluster.service] [node_t6] set local cluster state to version 26
[2016-04-18 03:03:51,099][TRACE][org.elasticsearch.cluster.service] [node_t4] cluster state updated, source [local-disco-receive(from master)]
version: 26
state uuid: PKW-S6H9S0CQcKffOqtfzA
from_diff: false
meta data version: 16
nodes: 
   {node_t6}{z3CaLEAdR7G8WavcZcXyzQ}{local}{local[108]}[master=>false, mode=>local]
   {node_t3}{_-f-elo_SJ28xBV3EpayNg}{local}{local[102]}[mode=>local, master=>false]
   {node_t4}{h4IC1hr4QIqf2QUxGSgJJQ}{local}{local[103]}[mode=>local, master=>false], local
   {node_t0}{QrGQ9LkSSwKjg5hFzloMFw}{local}{local[99]}[master=>true, data=>false, mode=>local], master
   {node_t5}{xvcWTvvKQ8SQyHkEaDTzIg}{local}{local[107]}[master=>false, mode=>local]
routing_table (version 15):
-- index [test]
----shard_id [test][0]
--------[test][0], node[z3CaLEAdR7G8WavcZcXyzQ], [P], v[7], s[STARTED], a[id=WGZibUF8ReOAAghuok46Bg]
--------[test][0], node[xvcWTvvKQ8SQyHkEaDTzIg], [R], v[7], s[INITIALIZING], a[id=CEjYto7cSwiu3hVLsqnW1A], unassigned_info[[reason=NODE_LEFT], at[2016-04-18T07:03:50.972Z], details[node_left[N_BWPYTZSaiMCs2d2s5TXw]]]
----shard_id [test][1]
--------[test][1], node[h4IC1hr4QIqf2QUxGSgJJQ], [R], v[7], s[STARTED], a[id=O9TGIMCgR0e37QDE0Uj4tA]
--------[test][1], node[_-f-elo_SJ28xBV3EpayNg], [P], v[7], s[STARTED], a[id=4Q-_VkkjRUKGwYK0rqB-5w]
----shard_id [test][2]
--------[test][2], node[h4IC1hr4QIqf2QUxGSgJJQ], [R], v[6], s[STARTED], a[id=AVDbYFx5QQqCuQyOqDzeRg]
--------[test][2], node[_-f-elo_SJ28xBV3EpayNg], [P], v[6], s[STARTED], a[id=EGsu124hRLGmN93S1utdEg]

routing_nodes:
-----node_id[h4IC1hr4QIqf2QUxGSgJJQ][V]
--------[test][2], node[h4IC1hr4QIqf2QUxGSgJJQ], [R], v[6], s[STARTED], a[id=AVDbYFx5QQqCuQyOqDzeRg]
--------[test][1], node[h4IC1hr4QIqf2QUxGSgJJQ], [R], v[7], s[STARTED], a[id=O9TGIMCgR0e37QDE0Uj4tA]
-----node_id[z3CaLEAdR7G8WavcZcXyzQ][V]
--------[test][0], node[z3CaLEAdR7G8WavcZcXyzQ], [P], v[7], s[STARTED], a[id=WGZibUF8ReOAAghuok46Bg]
-----node_id[xvcWTvvKQ8SQyHkEaDTzIg][V]
--------[test][0], node[xvcWTvvKQ8SQyHkEaDTzIg], [R], v[7], s[INITIALIZING], a[id=CEjYto7cSwiu3hVLsqnW1A], unassigned_info[[reason=NODE_LEFT], at[2016-04-18T07:03:50.972Z], details[node_left[N_BWPYTZSaiMCs2d2s5TXw]]]
-----node_id[_-f-elo_SJ28xBV3EpayNg][V]
--------[test][2], node[_-f-elo_SJ28xBV3EpayNg], [P], v[6], s[STARTED], a[id=EGsu124hRLGmN93S1utdEg]
--------[test][1], node[_-f-elo_SJ28xBV3EpayNg], [P], v[7], s[STARTED], a[id=4Q-_VkkjRUKGwYK0rqB-5w]
---- unassigned

[2016-04-18 03:03:51,099][DEBUG][org.elasticsearch.cluster.service] [node_t5] set local cluster state to version 26
[2016-04-18 03:03:51,099][DEBUG][org.elasticsearch.cluster.service] [node_t3] processing [local-disco-receive(from master)]: took 0s done applying updated cluster_state (version: 26, uuid: PKW-S6H9S0CQcKffOqtfzA)
[2016-04-18 03:03:51,100][DEBUG][org.elasticsearch.cluster.service] [node_t4] set local cluster state to version 26
[2016-04-18 03:03:51,100][DEBUG][org.elasticsearch.cluster.service] [node_t4] processing [local-disco-receive(from master)]: took 0s done applying updated cluster_state (version: 26, uuid: PKW-S6H9S0CQcKffOqtfzA)
[2016-04-18 03:03:51,101][DEBUG][org.elasticsearch.cluster.service] [node_t6] processing [local-disco-receive(from master)]: took 1ms done applying updated cluster_state (version: 26, uuid: PKW-S6H9S0CQcKffOqtfzA)
[2016-04-18 03:03:51,101][TRACE][org.elasticsearch.cluster.service] [node_t6] will process [indices_store ([[test][1]] active fully on other nodes)]
[2016-04-18 03:03:51,101][DEBUG][org.elasticsearch.cluster.service] [node_t6] processing [indices_store ([[test][1]] active fully on other nodes)]: execute
[2016-04-18 03:03:51,102][DEBUG][org.elasticsearch.cluster.service] [node_t5] processing [local-disco-receive(from master)]: took 3ms done applying updated cluster_state (version: 26, uuid: PKW-S6H9S0CQcKffOqtfzA)
[2016-04-18 03:03:51,102][DEBUG][org.elasticsearch.cluster.service] [node_t0] set local cluster state to version 26
[2016-04-18 03:03:51,102][TRACE][org.elasticsearch.cluster.service] [node_t5] will process [indices_store ([[test][2]] active fully on other nodes)]
[2016-04-18 03:03:51,102][DEBUG][org.elasticsearch.cluster.service] [node_t5] processing [indices_store ([[test][2]] active fully on other nodes)]: execute
[2016-04-18 03:03:51,103][DEBUG][org.elasticsearch.cluster.service] [node_t6] processing [indices_store ([[test][1]] active fully on other nodes)]: took 1ms no change in cluster_state
[2016-04-18 03:03:51,103][TRACE][org.elasticsearch.cluster.service] [node_t6] will process [indices_store ([[test][2]] active fully on other nodes)]
[2016-04-18 03:03:51,103][DEBUG][org.elasticsearch.cluster.service] [node_t6] processing [indices_store ([[test][2]] active fully on other nodes)]: execute
[2016-04-18 03:03:51,103][DEBUG][org.elasticsearch.cluster.service] [node_t0] processing [cluster_reroute(async_shard_fetch)]: took 5ms done applying updated cluster_state (version: 26, uuid: PKW-S6H9S0CQcKffOqtfzA)
[2016-04-18 03:03:51,103][TRACE][org.elasticsearch.cluster.service] [node_t0] will process [cluster_health (wait_for_events [LANGUID])]
[2016-04-18 03:03:51,103][DEBUG][org.elasticsearch.cluster.service] [node_t0] processing [cluster_health (wait_for_events [LANGUID])]: execute
[2016-04-18 03:03:51,103][DEBUG][org.elasticsearch.cluster.service] [node_t0] processing [cluster_health (wait_for_events [LANGUID])]: took 0s no change in cluster_state
[2016-04-18 03:03:51,104][DEBUG][org.elasticsearch.cluster.service] [node_t5] processing [indices_store ([[test][2]] active fully on other nodes)]: took 1ms no change in cluster_state
[2016-04-18 03:03:51,104][TRACE][org.elasticsearch.cluster.service] [node_t5] will process [indices_store ([[test][1]] active fully on other nodes)]
[2016-04-18 03:03:51,104][DEBUG][org.elasticsearch.cluster.service] [node_t5] processing [indices_store ([[test][1]] active fully on other nodes)]: execute
[2016-04-18 03:03:51,104][DEBUG][org.elasticsearch.cluster.service] [node_t6] processing [indices_store ([[test][2]] active fully on other nodes)]: took 1ms no change in cluster_state
[2016-04-18 03:03:51,105][DEBUG][org.elasticsearch.cluster.service] [node_t5] processing [indices_store ([[test][1]] active fully on other nodes)]: took 1ms no change in cluster_state
[2016-04-18 03:03:51,107][TRACE][org.elasticsearch.cluster.service] [node_t0] will process [shard-started ([test][0], node[xvcWTvvKQ8SQyHkEaDTzIg], [R], v[7], s[INITIALIZING], a[id=CEjYto7cSwiu3hVLsqnW1A], unassigned_info[[reason=NODE_LEFT], at[2016-04-18T07:03:50.972Z], details[node_left[N_BWPYTZSaiMCs2d2s5TXw]]]), reason [after recovery (replica) from node [{node_t6}{z3CaLEAdR7G8WavcZcXyzQ}{local}{local[108]}[mode=>local, master=>false]]]]
[2016-04-18 03:03:51,107][DEBUG][org.elasticsearch.cluster.service] [node_t0] processing [shard-started ([test][0], node[xvcWTvvKQ8SQyHkEaDTzIg], [R], v[7], s[INITIALIZING], a[id=CEjYto7cSwiu3hVLsqnW1A], unassigned_info[[reason=NODE_LEFT], at[2016-04-18T07:03:50.972Z], details[node_left[N_BWPYTZSaiMCs2d2s5TXw]]]), reason [after recovery (replica) from node [{node_t6}{z3CaLEAdR7G8WavcZcXyzQ}{local}{local[108]}[mode=>local, master=>false]]]]: execute
[2016-04-18 03:03:51,107][TRACE][org.elasticsearch.cluster.service] [node_t0] cluster state updated, source [shard-started ([test][0], node[xvcWTvvKQ8SQyHkEaDTzIg], [R], v[7], s[INITIALIZING], a[id=CEjYto7cSwiu3hVLsqnW1A], unassigned_info[[reason=NODE_LEFT], at[2016-04-18T07:03:50.972Z], details[node_left[N_BWPYTZSaiMCs2d2s5TXw]]]), reason [after recovery (replica) from node [{node_t6}{z3CaLEAdR7G8WavcZcXyzQ}{local}{local[108]}[mode=>local, master=>false]]]]
version: 27
state uuid: L7b7HpLsQqCT-p22Uyxe2g
from_diff: false
meta data version: 17
nodes: 
   {node_t6}{z3CaLEAdR7G8WavcZcXyzQ}{local}{local[108]}[mode=>local, master=>false]
   {node_t3}{_-f-elo_SJ28xBV3EpayNg}{local}{local[102]}[mode=>local, master=>false]
   {node_t4}{h4IC1hr4QIqf2QUxGSgJJQ}{local}{local[103]}[mode=>local, master=>false]
   {node_t0}{QrGQ9LkSSwKjg5hFzloMFw}{local}{local[99]}[mode=>local, master=>true, data=>false], local, master
   {node_t5}{xvcWTvvKQ8SQyHkEaDTzIg}{local}{local[107]}[mode=>local, master=>false]
routing_table (version 16):
-- index [test]
----shard_id [test][0]
--------[test][0], node[z3CaLEAdR7G8WavcZcXyzQ], [P], v[8], s[STARTED], a[id=WGZibUF8ReOAAghuok46Bg]
--------[test][0], node[xvcWTvvKQ8SQyHkEaDTzIg], [R], v[8], s[STARTED], a[id=CEjYto7cSwiu3hVLsqnW1A]
----shard_id [test][1]
--------[test][1], node[h4IC1hr4QIqf2QUxGSgJJQ], [R], v[7], s[STARTED], a[id=O9TGIMCgR0e37QDE0Uj4tA]
--------[test][1], node[_-f-elo_SJ28xBV3EpayNg], [P], v[7], s[STARTED], a[id=4Q-_VkkjRUKGwYK0rqB-5w]
----shard_id [test][2]
--------[test][2], node[h4IC1hr4QIqf2QUxGSgJJQ], [R], v[6], s[STARTED], a[id=AVDbYFx5QQqCuQyOqDzeRg]
--------[test][2], node[_-f-elo_SJ28xBV3EpayNg], [P], v[6], s[STARTED], a[id=EGsu124hRLGmN93S1utdEg]

routing_nodes:
-----node_id[h4IC1hr4QIqf2QUxGSgJJQ][V]
--------[test][2], node[h4IC1hr4QIqf2QUxGSgJJQ], [R], v[6], s[STARTED], a[id=AVDbYFx5QQqCuQyOqDzeRg]
--------[test][1], node[h4IC1hr4QIqf2QUxGSgJJQ], [R], v[7], s[STARTED], a[id=O9TGIMCgR0e37QDE0Uj4tA]
-----node_id[z3CaLEAdR7G8WavcZcXyzQ][V]
--------[test][0], node[z3CaLEAdR7G8WavcZcXyzQ], [P], v[8], s[STARTED], a[id=WGZibUF8ReOAAghuok46Bg]
-----node_id[xvcWTvvKQ8SQyHkEaDTzIg][V]
--------[test][0], node[xvcWTvvKQ8SQyHkEaDTzIg], [R], v[8], s[STARTED], a[id=CEjYto7cSwiu3hVLsqnW1A]
-----node_id[_-f-elo_SJ28xBV3EpayNg][V]
--------[test][2], node[_-f-elo_SJ28xBV3EpayNg], [P], v[6], s[STARTED], a[id=EGsu124hRLGmN93S1utdEg]
--------[test][1], node[_-f-elo_SJ28xBV3EpayNg], [P], v[7], s[STARTED], a[id=4Q-_VkkjRUKGwYK0rqB-5w]
---- unassigned

[2016-04-18 03:03:51,107][DEBUG][org.elasticsearch.cluster.service] [node_t0] publishing cluster state version [27]
[2016-04-18 03:03:51,107][TRACE][org.elasticsearch.cluster.service] [node_t3] will process [local-disco-receive(from master)]
[2016-04-18 03:03:51,108][DEBUG][org.elasticsearch.cluster.service] [node_t3] processing [local-disco-receive(from master)]: execute
[2016-04-18 03:03:51,108][TRACE][org.elasticsearch.cluster.service] [node_t5] will process [local-disco-receive(from master)]
[2016-04-18 03:03:51,108][DEBUG][org.elasticsearch.cluster.service] [node_t5] processing [local-disco-receive(from master)]: execute
[2016-04-18 03:03:51,108][TRACE][org.elasticsearch.cluster.service] [node_t4] will process [local-disco-receive(from master)]
[2016-04-18 03:03:51,108][TRACE][org.elasticsearch.cluster.service] [node_t3] cluster state updated, source [local-disco-receive(from master)]
version: 27
state uuid: L7b7HpLsQqCT-p22Uyxe2g
from_diff: false
meta data version: 17
nodes: 
   {node_t6}{z3CaLEAdR7G8WavcZcXyzQ}{local}{local[108]}[mode=>local, master=>false]
   {node_t3}{_-f-elo_SJ28xBV3EpayNg}{local}{local[102]}[mode=>local, master=>false], local
   {node_t4}{h4IC1hr4QIqf2QUxGSgJJQ}{local}{local[103]}[master=>false, mode=>local]
   {node_t0}{QrGQ9LkSSwKjg5hFzloMFw}{local}{local[99]}[master=>true, data=>false, mode=>local], master
   {node_t5}{xvcWTvvKQ8SQyHkEaDTzIg}{local}{local[107]}[master=>false, mode=>local]
routing_table (version 16):
-- index [test]
----shard_id [test][0]
--------[test][0], node[z3CaLEAdR7G8WavcZcXyzQ], [P], v[8], s[STARTED], a[id=WGZibUF8ReOAAghuok46Bg]
--------[test][0], node[xvcWTvvKQ8SQyHkEaDTzIg], [R], v[8], s[STARTED], a[id=CEjYto7cSwiu3hVLsqnW1A]
----shard_id [test][1]
--------[test][1], node[h4IC1hr4QIqf2QUxGSgJJQ], [R], v[7], s[STARTED], a[id=O9TGIMCgR0e37QDE0Uj4tA]
--------[test][1], node[_-f-elo_SJ28xBV3EpayNg], [P], v[7], s[STARTED], a[id=4Q-_VkkjRUKGwYK0rqB-5w]
----shard_id [test][2]
--------[test][2], node[h4IC1hr4QIqf2QUxGSgJJQ], [R], v[6], s[STARTED], a[id=AVDbYFx5QQqCuQyOqDzeRg]
--------[test][2], node[_-f-elo_SJ28xBV3EpayNg], [P], v[6], s[STARTED], a[id=EGsu124hRLGmN93S1utdEg]

routing_nodes:
-----node_id[h4IC1hr4QIqf2QUxGSgJJQ][V]
--------[test][2], node[h4IC1hr4QIqf2QUxGSgJJQ], [R], v[6], s[STARTED], a[id=AVDbYFx5QQqCuQyOqDzeRg]
--------[test][1], node[h4IC1hr4QIqf2QUxGSgJJQ], [R], v[7], s[STARTED], a[id=O9TGIMCgR0e37QDE0Uj4tA]
-----node_id[z3CaLEAdR7G8WavcZcXyzQ][V]
--------[test][0], node[z3CaLEAdR7G8WavcZcXyzQ], [P], v[8], s[STARTED], a[id=WGZibUF8ReOAAghuok46Bg]
-----node_id[xvcWTvvKQ8SQyHkEaDTzIg][V]
--------[test][0], node[xvcWTvvKQ8SQyHkEaDTzIg], [R], v[8], s[STARTED], a[id=CEjYto7cSwiu3hVLsqnW1A]
-----node_id[_-f-elo_SJ28xBV3EpayNg][V]
--------[test][2], node[_-f-elo_SJ28xBV3EpayNg], [P], v[6], s[STARTED], a[id=EGsu124hRLGmN93S1utdEg]
--------[test][1], node[_-f-elo_SJ28xBV3EpayNg], [P], v[7], s[STARTED], a[id=4Q-_VkkjRUKGwYK0rqB-5w]
---- unassigned

[2016-04-18 03:03:51,108][DEBUG][org.elasticsearch.cluster.service] [node_t3] set local cluster state to version 27
[2016-04-18 03:03:51,108][TRACE][org.elasticsearch.cluster.service] [node_t6] will process [local-disco-receive(from master)]
[2016-04-18 03:03:51,108][DEBUG][org.elasticsearch.cluster.service] [node_t6] processing [local-disco-receive(from master)]: execute
[2016-04-18 03:03:51,108][TRACE][org.elasticsearch.cluster.service] [node_t5] cluster state updated, source [local-disco-receive(from master)]
version: 27
state uuid: L7b7HpLsQqCT-p22Uyxe2g
from_diff: false
meta data version: 17
nodes: 
   {node_t6}{z3CaLEAdR7G8WavcZcXyzQ}{local}{local[108]}[mode=>local, master=>false]
   {node_t3}{_-f-elo_SJ28xBV3EpayNg}{local}{local[102]}[master=>false, mode=>local]
   {node_t4}{h4IC1hr4QIqf2QUxGSgJJQ}{local}{local[103]}[master=>false, mode=>local]
   {node_t0}{QrGQ9LkSSwKjg5hFzloMFw}{local}{local[99]}[master=>true, data=>false, mode=>local], master
   {node_t5}{xvcWTvvKQ8SQyHkEaDTzIg}{local}{local[107]}[mode=>local, master=>false], local
routing_table (version 16):
-- index [test]
----shard_id [test][0]
--------[test][0], node[z3CaLEAdR7G8WavcZcXyzQ], [P], v[8], s[STARTED], a[id=WGZibUF8ReOAAghuok46Bg]
--------[test][0], node[xvcWTvvKQ8SQyHkEaDTzIg], [R], v[8], s[STARTED], a[id=CEjYto7cSwiu3hVLsqnW1A]
----shard_id [test][1]
--------[test][1], node[h4IC1hr4QIqf2QUxGSgJJQ], [R], v[7], s[STARTED], a[id=O9TGIMCgR0e37QDE0Uj4tA]
--------[test][1], node[_-f-elo_SJ28xBV3EpayNg], [P], v[7], s[STARTED], a[id=4Q-_VkkjRUKGwYK0rqB-5w]
----shard_id [test][2]
--------[test][2], node[h4IC1hr4QIqf2QUxGSgJJQ], [R], v[6], s[STARTED], a[id=AVDbYFx5QQqCuQyOqDzeRg]
--------[test][2], node[_-f-elo_SJ28xBV3EpayNg], [P], v[6], s[STARTED], a[id=EGsu124hRLGmN93S1utdEg]

routing_nodes:
-----node_id[h4IC1hr4QIqf2QUxGSgJJQ][V]
--------[test][2], node[h4IC1hr4QIqf2QUxGSgJJQ], [R], v[6], s[STARTED], a[id=AVDbYFx5QQqCuQyOqDzeRg]
--------[test][1], node[h4IC1hr4QIqf2QUxGSgJJQ], [R], v[7], s[STARTED], a[id=O9TGIMCgR0e37QDE0Uj4tA]
-----node_id[z3CaLEAdR7G8WavcZcXyzQ][V]
--------[test][0], node[z3CaLEAdR7G8WavcZcXyzQ], [P], v[8], s[STARTED], a[id=WGZibUF8ReOAAghuok46Bg]
-----node_id[xvcWTvvKQ8SQyHkEaDTzIg][V]
--------[test][0], node[xvcWTvvKQ8SQyHkEaDTzIg], [R], v[8], s[STARTED], a[id=CEjYto7cSwiu3hVLsqnW1A]
-----node_id[_-f-elo_SJ28xBV3EpayNg][V]
--------[test][2], node[_-f-elo_SJ28xBV3EpayNg], [P], v[6], s[STARTED], a[id=EGsu124hRLGmN93S1utdEg]
--------[test][1], node[_-f-elo_SJ28xBV3EpayNg], [P], v[7], s[STARTED], a[id=4Q-_VkkjRUKGwYK0rqB-5w]
---- unassigned

[2016-04-18 03:03:51,108][DEBUG][org.elasticsearch.cluster.service] [node_t5] set local cluster state to version 27
[2016-04-18 03:03:51,108][DEBUG][org.elasticsearch.cluster.service] [node_t4] processing [local-disco-receive(from master)]: execute
[2016-04-18 03:03:51,108][TRACE][org.elasticsearch.cluster.service] [node_t6] cluster state updated, source [local-disco-receive(from master)]
version: 27
state uuid: L7b7HpLsQqCT-p22Uyxe2g
from_diff: false
meta data version: 17
nodes: 
   {node_t6}{z3CaLEAdR7G8WavcZcXyzQ}{local}{local[108]}[mode=>local, master=>false], local
   {node_t3}{_-f-elo_SJ28xBV3EpayNg}{local}{local[102]}[mode=>local, master=>false]
   {node_t4}{h4IC1hr4QIqf2QUxGSgJJQ}{local}{local[103]}[mode=>local, master=>false]
   {node_t0}{QrGQ9LkSSwKjg5hFzloMFw}{local}{local[99]}[master=>true, data=>false, mode=>local], master
   {node_t5}{xvcWTvvKQ8SQyHkEaDTzIg}{local}{local[107]}[mode=>local, master=>false]
routing_table (version 16):
-- index [test]
----shard_id [test][0]
--------[test][0], node[z3CaLEAdR7G8WavcZcXyzQ], [P], v[8], s[STARTED], a[id=WGZibUF8ReOAAghuok46Bg]
--------[test][0], node[xvcWTvvKQ8SQyHkEaDTzIg], [R], v[8], s[STARTED], a[id=CEjYto7cSwiu3hVLsqnW1A]
----shard_id [test][1]
--------[test][1], node[h4IC1hr4QIqf2QUxGSgJJQ], [R], v[7], s[STARTED], a[id=O9TGIMCgR0e37QDE0Uj4tA]
--------[test][1], node[_-f-elo_SJ28xBV3EpayNg], [P], v[7], s[STARTED], a[id=4Q-_VkkjRUKGwYK0rqB-5w]
----shard_id [test][2]
--------[test][2], node[h4IC1hr4QIqf2QUxGSgJJQ], [R], v[6], s[STARTED], a[id=AVDbYFx5QQqCuQyOqDzeRg]
--------[test][2], node[_-f-elo_SJ28xBV3EpayNg], [P], v[6], s[STARTED], a[id=EGsu124hRLGmN93S1utdEg]

routing_nodes:
-----node_id[h4IC1hr4QIqf2QUxGSgJJQ][V]
--------[test][2], node[h4IC1hr4QIqf2QUxGSgJJQ], [R], v[6], s[STARTED], a[id=AVDbYFx5QQqCuQyOqDzeRg]
--------[test][1], node[h4IC1hr4QIqf2QUxGSgJJQ], [R], v[7], s[STARTED], a[id=O9TGIMCgR0e37QDE0Uj4tA]
-----node_id[z3CaLEAdR7G8WavcZcXyzQ][V]
--------[test][0], node[z3CaLEAdR7G8WavcZcXyzQ], [P], v[8], s[STARTED], a[id=WGZibUF8ReOAAghuok46Bg]
-----node_id[xvcWTvvKQ8SQyHkEaDTzIg][V]
--------[test][0], node[xvcWTvvKQ8SQyHkEaDTzIg], [R], v[8], s[STARTED], a[id=CEjYto7cSwiu3hVLsqnW1A]
-----node_id[_-f-elo_SJ28xBV3EpayNg][V]
--------[test][2], node[_-f-elo_SJ28xBV3EpayNg], [P], v[6], s[STARTED], a[id=EGsu124hRLGmN93S1utdEg]
--------[test][1], node[_-f-elo_SJ28xBV3EpayNg], [P], v[7], s[STARTED], a[id=4Q-_VkkjRUKGwYK0rqB-5w]
---- unassigned

[2016-04-18 03:03:51,108][DEBUG][org.elasticsearch.cluster.service] [node_t6] set local cluster state to version 27
[2016-04-18 03:03:51,108][TRACE][org.elasticsearch.cluster.service] [node_t4] cluster state updated, source [local-disco-receive(from master)]
version: 27
state uuid: L7b7HpLsQqCT-p22Uyxe2g
from_diff: false
meta data version: 17
nodes: 
   {node_t6}{z3CaLEAdR7G8WavcZcXyzQ}{local}{local[108]}[master=>false, mode=>local]
   {node_t3}{_-f-elo_SJ28xBV3EpayNg}{local}{local[102]}[mode=>local, master=>false]
   {node_t4}{h4IC1hr4QIqf2QUxGSgJJQ}{local}{local[103]}[mode=>local, master=>false], local
   {node_t0}{QrGQ9LkSSwKjg5hFzloMFw}{local}{local[99]}[master=>true, data=>false, mode=>local], master
   {node_t5}{xvcWTvvKQ8SQyHkEaDTzIg}{local}{local[107]}[master=>false, mode=>local]
routing_table (version 16):
-- index [test]
----shard_id [test][0]
--------[test][0], node[z3CaLEAdR7G8WavcZcXyzQ], [P], v[8], s[STARTED], a[id=WGZibUF8ReOAAghuok46Bg]
--------[test][0], node[xvcWTvvKQ8SQyHkEaDTzIg], [R], v[8], s[STARTED], a[id=CEjYto7cSwiu3hVLsqnW1A]
----shard_id [test][1]
--------[test][1], node[h4IC1hr4QIqf2QUxGSgJJQ], [R], v[7], s[STARTED], a[id=O9TGIMCgR0e37QDE0Uj4tA]
--------[test][1], node[_-f-elo_SJ28xBV3EpayNg], [P], v[7], s[STARTED], a[id=4Q-_VkkjRUKGwYK0rqB-5w]
----shard_id [test][2]
--------[test][2], node[h4IC1hr4QIqf2QUxGSgJJQ], [R], v[6], s[STARTED], a[id=AVDbYFx5QQqCuQyOqDzeRg]
--------[test][2], node[_-f-elo_SJ28xBV3EpayNg], [P], v[6], s[STARTED], a[id=EGsu124hRLGmN93S1utdEg]

routing_nodes:
-----node_id[h4IC1hr4QIqf2QUxGSgJJQ][V]
--------[test][2], node[h4IC1hr4QIqf2QUxGSgJJQ], [R], v[6], s[STARTED], a[id=AVDbYFx5QQqCuQyOqDzeRg]
--------[test][1], node[h4IC1hr4QIqf2QUxGSgJJQ], [R], v[7], s[STARTED], a[id=O9TGIMCgR0e37QDE0Uj4tA]
-----node_id[z3CaLEAdR7G8WavcZcXyzQ][V]
--------[test][0], node[z3CaLEAdR7G8WavcZcXyzQ], [P], v[8], s[STARTED], a[id=WGZibUF8ReOAAghuok46Bg]
-----node_id[xvcWTvvKQ8SQyHkEaDTzIg][V]
--------[test][0], node[xvcWTvvKQ8SQyHkEaDTzIg], [R], v[8], s[STARTED], a[id=CEjYto7cSwiu3hVLsqnW1A]
-----node_id[_-f-elo_SJ28xBV3EpayNg][V]
--------[test][2], node[_-f-elo_SJ28xBV3EpayNg], [P], v[6], s[STARTED], a[id=EGsu124hRLGmN93S1utdEg]
--------[test][1], node[_-f-elo_SJ28xBV3EpayNg], [P], v[7], s[STARTED], a[id=4Q-_VkkjRUKGwYK0rqB-5w]
---- unassigned

[2016-04-18 03:03:51,108][DEBUG][org.elasticsearch.cluster.service] [node_t4] set local cluster state to version 27
[2016-04-18 03:03:51,109][DEBUG][org.elasticsearch.cluster.service] [node_t3] processing [local-disco-receive(from master)]: took 1ms done applying updated cluster_state (version: 27, uuid: L7b7HpLsQqCT-p22Uyxe2g)
[2016-04-18 03:03:51,109][TRACE][org.elasticsearch.cluster.service] [node_t3] will process [indices_store ([[test][0]] active fully on other nodes)]
[2016-04-18 03:03:51,109][DEBUG][org.elasticsearch.cluster.service] [node_t3] processing [indices_store ([[test][0]] active fully on other nodes)]: execute
[2016-04-18 03:03:51,110][DEBUG][org.elasticsearch.cluster.service] [node_t4] processing [local-disco-receive(from master)]: took 1ms done applying updated cluster_state (version: 27, uuid: L7b7HpLsQqCT-p22Uyxe2g)
[2016-04-18 03:03:51,110][TRACE][org.elasticsearch.cluster.service] [node_t4] will process [indices_store ([[test][0]] active fully on other nodes)]
[2016-04-18 03:03:51,110][DEBUG][org.elasticsearch.cluster.service] [node_t4] processing [indices_store ([[test][0]] active fully on other nodes)]: execute
[2016-04-18 03:03:51,110][DEBUG][org.elasticsearch.cluster.service] [node_t5] processing [local-disco-receive(from master)]: took 2ms done applying updated cluster_state (version: 27, uuid: L7b7HpLsQqCT-p22Uyxe2g)
[2016-04-18 03:03:51,110][TRACE][org.elasticsearch.cluster.service] [node_t5] will process [indices_store ([[test][2]] active fully on other nodes)]
[2016-04-18 03:03:51,110][DEBUG][org.elasticsearch.cluster.service] [node_t5] processing [indices_store ([[test][2]] active fully on other nodes)]: execute
[2016-04-18 03:03:51,111][DEBUG][org.elasticsearch.cluster.service] [node_t6] processing [local-disco-receive(from master)]: took 3ms done applying updated cluster_state (version: 27, uuid: L7b7HpLsQqCT-p22Uyxe2g)
[2016-04-18 03:03:51,111][DEBUG][org.elasticsearch.cluster.service] [node_t0] set local cluster state to version 27
[2016-04-18 03:03:51,111][TRACE][org.elasticsearch.cluster.service] [node_t6] will process [indices_store ([[test][2]] active fully on other nodes)]
[2016-04-18 03:03:51,111][DEBUG][org.elasticsearch.cluster.service] [node_t6] processing [indices_store ([[test][2]] active fully on other nodes)]: execute
[2016-04-18 03:03:51,111][DEBUG][org.elasticsearch.cluster.service] [node_t3] processing [indices_store ([[test][0]] active fully on other nodes)]: took 1ms no change in cluster_state
[2016-04-18 03:03:51,112][DEBUG][org.elasticsearch.cluster.service] [node_t5] processing [indices_store ([[test][2]] active fully on other nodes)]: took 1ms no change in cluster_state
[2016-04-18 03:03:51,112][TRACE][org.elasticsearch.cluster.service] [node_t5] will process [indices_store ([[test][1]] active fully on other nodes)]
[2016-04-18 03:03:51,112][DEBUG][org.elasticsearch.cluster.service] [node_t5] processing [indices_store ([[test][1]] active fully on other nodes)]: execute
[2016-04-18 03:03:51,112][DEBUG][org.elasticsearch.cluster.service] [node_t4] processing [indices_store ([[test][0]] active fully on other nodes)]: took 2ms no change in cluster_state
[2016-04-18 03:03:51,113][DEBUG][org.elasticsearch.cluster.service] [node_t6] processing [indices_store ([[test][2]] active fully on other nodes)]: took 1ms no change in cluster_state
[2016-04-18 03:03:51,113][TRACE][org.elasticsearch.cluster.service] [node_t6] will process [indices_store ([[test][1]] active fully on other nodes)]
[2016-04-18 03:03:51,113][DEBUG][org.elasticsearch.cluster.service] [node_t6] processing [indices_store ([[test][1]] active fully on other nodes)]: execute
[2016-04-18 03:03:51,113][DEBUG][org.elasticsearch.cluster.service] [node_t0] processing [shard-started ([test][0], node[xvcWTvvKQ8SQyHkEaDTzIg], [R], v[7], s[INITIALIZING], a[id=CEjYto7cSwiu3hVLsqnW1A], unassigned_info[[reason=NODE_LEFT], at[2016-04-18T07:03:50.972Z], details[node_left[N_BWPYTZSaiMCs2d2s5TXw]]]), reason [after recovery (replica) from node [{node_t6}{z3CaLEAdR7G8WavcZcXyzQ}{local}{local[108]}[mode=>local, master=>false]]]]: took 6ms done applying updated cluster_state (version: 27, uuid: L7b7HpLsQqCT-p22Uyxe2g)
[2016-04-18 03:03:51,114][DEBUG][org.elasticsearch.cluster.service] [node_t5] processing [indices_store ([[test][1]] active fully on other nodes)]: took 1ms no change in cluster_state
[2016-04-18 03:03:51,114][DEBUG][org.elasticsearch.cluster.service] [node_t6] processing [indices_store ([[test][1]] active fully on other nodes)]: took 1ms no change in cluster_state
[2016-04-18 03:03:51,115][TRACE][org.elasticsearch.cluster.service] [node_t0] will process [delete-index [test]]
[2016-04-18 03:03:51,115][DEBUG][org.elasticsearch.cluster.service] [node_t0] processing [delete-index [test]]: execute
[2016-04-18 03:03:51,115][TRACE][org.elasticsearch.cluster.service] [node_t0] cluster state updated, source [delete-index [test]]
version: 28
state uuid: oGB9SRlEQQCdNx8GsbURgQ
from_diff: false
meta data version: 18
nodes: 
   {node_t6}{z3CaLEAdR7G8WavcZcXyzQ}{local}{local[108]}[mode=>local, master=>false]
   {node_t3}{_-f-elo_SJ28xBV3EpayNg}{local}{local[102]}[mode=>local, master=>false]
   {node_t4}{h4IC1hr4QIqf2QUxGSgJJQ}{local}{local[103]}[mode=>local, master=>false]
   {node_t0}{QrGQ9LkSSwKjg5hFzloMFw}{local}{local[99]}[mode=>local, master=>true, data=>false], local, master
   {node_t5}{xvcWTvvKQ8SQyHkEaDTzIg}{local}{local[107]}[mode=>local, master=>false]
routing_table (version 17):
routing_nodes:
-----node_id[h4IC1hr4QIqf2QUxGSgJJQ][V]
-----node_id[z3CaLEAdR7G8WavcZcXyzQ][V]
-----node_id[xvcWTvvKQ8SQyHkEaDTzIg][V]
-----node_id[_-f-elo_SJ28xBV3EpayNg][V]
---- unassigned

[2016-04-18 03:03:51,115][DEBUG][org.elasticsearch.cluster.service] [node_t0] publishing cluster state version [28]
[2016-04-18 03:03:51,115][TRACE][org.elasticsearch.cluster.service] [node_t3] will process [local-disco-receive(from master)]
[2016-04-18 03:03:51,115][TRACE][org.elasticsearch.cluster.service] [node_t4] will process [local-disco-receive(from master)]
[2016-04-18 03:03:51,115][DEBUG][org.elasticsearch.cluster.service] [node_t4] processing [local-disco-receive(from master)]: execute
[2016-04-18 03:03:51,115][TRACE][org.elasticsearch.cluster.service] [node_t5] will process [local-disco-receive(from master)]
[2016-04-18 03:03:51,115][DEBUG][org.elasticsearch.cluster.service] [node_t5] processing [local-disco-receive(from master)]: execute
[2016-04-18 03:03:51,115][TRACE][org.elasticsearch.cluster.service] [node_t4] cluster state updated, source [local-disco-receive(from master)]
version: 28
state uuid: oGB9SRlEQQCdNx8GsbURgQ
from_diff: false
meta data version: 18
nodes: 
   {node_t6}{z3CaLEAdR7G8WavcZcXyzQ}{local}{local[108]}[master=>false, mode=>local]
   {node_t3}{_-f-elo_SJ28xBV3EpayNg}{local}{local[102]}[mode=>local, master=>false]
   {node_t4}{h4IC1hr4QIqf2QUxGSgJJQ}{local}{local[103]}[mode=>local, master=>false], local
   {node_t0}{QrGQ9LkSSwKjg5hFzloMFw}{local}{local[99]}[master=>true, data=>false, mode=>local], master
   {node_t5}{xvcWTvvKQ8SQyHkEaDTzIg}{local}{local[107]}[master=>false, mode=>local]
routing_table (version 17):
routing_nodes:
-----node_id[h4IC1hr4QIqf2QUxGSgJJQ][V]
-----node_id[z3CaLEAdR7G8WavcZcXyzQ][V]
-----node_id[xvcWTvvKQ8SQyHkEaDTzIg][V]
-----node_id[_-f-elo_SJ28xBV3EpayNg][V]
---- unassigned

[2016-04-18 03:03:51,115][DEBUG][org.elasticsearch.cluster.service] [node_t3] processing [local-disco-receive(from master)]: execute
[2016-04-18 03:03:51,115][DEBUG][org.elasticsearch.cluster.service] [node_t4] set local cluster state to version 28
[2016-04-18 03:03:51,115][TRACE][org.elasticsearch.cluster.service] [node_t5] cluster state updated, source [local-disco-receive(from master)]
version: 28
state uuid: oGB9SRlEQQCdNx8GsbURgQ
from_diff: false
meta data version: 18
nodes: 
   {node_t6}{z3CaLEAdR7G8WavcZcXyzQ}{local}{local[108]}[mode=>local, master=>false]
   {node_t3}{_-f-elo_SJ28xBV3EpayNg}{local}{local[102]}[master=>false, mode=>local]
   {node_t4}{h4IC1hr4QIqf2QUxGSgJJQ}{local}{local[103]}[master=>false, mode=>local]
   {node_t0}{QrGQ9LkSSwKjg5hFzloMFw}{local}{local[99]}[master=>true, data=>false, mode=>local], master
   {node_t5}{xvcWTvvKQ8SQyHkEaDTzIg}{local}{local[107]}[mode=>local, master=>false], local
routing_table (version 17):
routing_nodes:
-----node_id[h4IC1hr4QIqf2QUxGSgJJQ][V]
-----node_id[z3CaLEAdR7G8WavcZcXyzQ][V]
-----node_id[xvcWTvvKQ8SQyHkEaDTzIg][V]
-----node_id[_-f-elo_SJ28xBV3EpayNg][V]
---- unassigned

[2016-04-18 03:03:51,115][TRACE][org.elasticsearch.cluster.service] [node_t6] will process [local-disco-receive(from master)]
[2016-04-18 03:03:51,115][DEBUG][org.elasticsearch.cluster.service] [node_t6] processing [local-disco-receive(from master)]: execute
[2016-04-18 03:03:51,115][DEBUG][org.elasticsearch.cluster.service] [node_t5] set local cluster state to version 28
[2016-04-18 03:03:51,115][TRACE][org.elasticsearch.cluster.service] [node_t3] cluster state updated, source [local-disco-receive(from master)]
version: 28
state uuid: oGB9SRlEQQCdNx8GsbURgQ
from_diff: false
meta data version: 18
nodes: 
   {node_t6}{z3CaLEAdR7G8WavcZcXyzQ}{local}{local[108]}[mode=>local, master=>false]
   {node_t3}{_-f-elo_SJ28xBV3EpayNg}{local}{local[102]}[mode=>local, master=>false], local
   {node_t4}{h4IC1hr4QIqf2QUxGSgJJQ}{local}{local[103]}[master=>false, mode=>local]
   {node_t0}{QrGQ9LkSSwKjg5hFzloMFw}{local}{local[99]}[master=>true, data=>false, mode=>local], master
   {node_t5}{xvcWTvvKQ8SQyHkEaDTzIg}{local}{local[107]}[master=>false, mode=>local]
routing_table (version 17):
routing_nodes:
-----node_id[h4IC1hr4QIqf2QUxGSgJJQ][V]
-----node_id[z3CaLEAdR7G8WavcZcXyzQ][V]
-----node_id[xvcWTvvKQ8SQyHkEaDTzIg][V]
-----node_id[_-f-elo_SJ28xBV3EpayNg][V]
---- unassigned

[2016-04-18 03:03:51,115][TRACE][org.elasticsearch.cluster.service] [node_t6] cluster state updated, source [local-disco-receive(from master)]
version: 28
state uuid: oGB9SRlEQQCdNx8GsbURgQ
from_diff: false
meta data version: 18
nodes: 
   {node_t6}{z3CaLEAdR7G8WavcZcXyzQ}{local}{local[108]}[mode=>local, master=>false], local
   {node_t3}{_-f-elo_SJ28xBV3EpayNg}{local}{local[102]}[mode=>local, master=>false]
   {node_t4}{h4IC1hr4QIqf2QUxGSgJJQ}{local}{local[103]}[mode=>local, master=>false]
   {node_t0}{QrGQ9LkSSwKjg5hFzloMFw}{local}{local[99]}[master=>true, data=>false, mode=>local], master
   {node_t5}{xvcWTvvKQ8SQyHkEaDTzIg}{local}{local[107]}[mode=>local, master=>false]
routing_table (version 17):
routing_nodes:
-----node_id[h4IC1hr4QIqf2QUxGSgJJQ][V]
-----node_id[z3CaLEAdR7G8WavcZcXyzQ][V]
-----node_id[xvcWTvvKQ8SQyHkEaDTzIg][V]
-----node_id[_-f-elo_SJ28xBV3EpayNg][V]
---- unassigned

[2016-04-18 03:03:51,115][DEBUG][org.elasticsearch.cluster.service] [node_t3] set local cluster state to version 28
[2016-04-18 03:03:51,115][DEBUG][org.elasticsearch.cluster.service] [node_t6] set local cluster state to version 28
[2016-04-18 03:03:51,120][DEBUG][org.elasticsearch.cluster.service] [node_t6] processing [local-disco-receive(from master)]: took 4ms done applying updated cluster_state (version: 28, uuid: oGB9SRlEQQCdNx8GsbURgQ)
[2016-04-18 03:03:51,120][DEBUG][org.elasticsearch.cluster.service] [node_t5] processing [local-disco-receive(from master)]: took 5ms done applying updated cluster_state (version: 28, uuid: oGB9SRlEQQCdNx8GsbURgQ)
[2016-04-18 03:03:51,123][DEBUG][org.elasticsearch.cluster.service] [node_t4] processing [local-disco-receive(from master)]: took 7ms done applying updated cluster_state (version: 28, uuid: oGB9SRlEQQCdNx8GsbURgQ)
[2016-04-18 03:03:51,124][DEBUG][org.elasticsearch.cluster.service] [node_t3] processing [local-disco-receive(from master)]: took 8ms done applying updated cluster_state (version: 28, uuid: oGB9SRlEQQCdNx8GsbURgQ)
[2016-04-18 03:03:51,124][DEBUG][org.elasticsearch.cluster.service] [node_t0] set local cluster state to version 28
[2016-04-18 03:03:51,126][DEBUG][org.elasticsearch.cluster.service] [node_t0] processing [delete-index [test]]: took 10ms done applying updated cluster_state (version: 28, uuid: oGB9SRlEQQCdNx8GsbURgQ)
[2016-04-18 03:03:51,130][TRACE][org.elasticsearch.cluster.service] [node_t0] will process [delete_repository [*]]
[2016-04-18 03:03:51,131][DEBUG][org.elasticsearch.cluster.service] [node_t0] processing [delete_repository [*]]: execute
[2016-04-18 03:03:51,131][DEBUG][org.elasticsearch.cluster.service] [node_t0] processing [delete_repository [*]]: took 0s no change in cluster_state
]]></system-out>
   <system-err><![CDATA[]]></system-err>
</testsuite>