<testsuite errors="0" failures="0" tests="1" skipped="0" name="org.elasticsearch.index.store.CorruptedTranslogIT" hostname="nohost.nodomain" time="1.138" timestamp="2016-03-29T17:31:12">
   <properties class="java.util.ArrayList">
      <property name="awt.toolkit" value="sun.lwawt.macosx.LWCToolkit"/>
      <property name="es.logger.level" value="WARN"/>
      <property name="file.encoding" value="UTF-8"/>
      <property name="file.encoding.pkg" value="sun.io"/>
      <property name="file.separator" value="/"/>
      <property name="ftp.nonProxyHosts" value="local|*.local|169.254/16|*.169.254/16"/>
      <property name="gopherProxySet" value="false"/>
      <property name="http.nonProxyHosts" value="local|*.local|169.254/16|*.169.254/16"/>
      <property name="java.awt.graphicsenv" value="sun.awt.CGraphicsEnvironment"/>
      <property name="java.awt.headless" value="true"/>
      <property name="java.awt.printerjob" value="sun.lwawt.macosx.CPrinterJob"/>
      <property name="java.class.path" value="/Users/ogbonnayacngwu/CSE2410_spring2016_projectileDysfunction/core/build/classes/test:/Users/ogbonnayacngwu/CSE2410_spring2016_projectileDysfunction/core/build/resources/test:/Users/ogbonnayacngwu/CSE2410_spring2016_projectileDysfunction/core/build/classes/main:/Users/ogbonnayacngwu/CSE2410_spring2016_projectileDysfunction/core/build/resources/main:/Users/ogbonnayacngwu/.gradle/caches/modules-2/files-2.1/org.apache.lucene/lucene-core/5.5.0-snapshot-1721183/f6854c65c7f4c6d9de583f4daa4fd3ae8a3800f1/lucene-core-5.5.0-snapshot-1721183.jar:/Users/ogbonnayacngwu/.gradle/caches/modules-2/files-2.1/org.apache.lucene/lucene-analyzers-common/5.5.0-snapshot-1721183/69e187ef1d2d9c9570363eb4186821e0341df5b8/lucene-analyzers-common-5.5.0-snapshot-1721183.jar:/Users/ogbonnayacngwu/.gradle/caches/modules-2/files-2.1/org.apache.lucene/lucene-backward-codecs/5.5.0-snapshot-1721183/fa00a45ff9bc6a4df44db81f2e4e44ea94bf88e/lucene-backward-codecs-5.5.0-snapshot-1721183.jar:/Users/ogbonnayacngwu/.gradle/caches/modules-2/files-2.1/org.apache.lucene/lucene-grouping/5.5.0-snapshot-1721183/e996e6c723eb415ba2cfa7f5e98bbf194a4918dd/lucene-grouping-5.5.0-snapshot-1721183.jar:/Users/ogbonnayacngwu/.gradle/caches/modules-2/files-2.1/org.apache.lucene/lucene-highlighter/5.5.0-snapshot-1721183/3b7a5d97b10885f16eb53deb15d64c942b9f9fdb/lucene-highlighter-5.5.0-snapshot-1721183.jar:/Users/ogbonnayacngwu/.gradle/caches/modules-2/files-2.1/org.apache.lucene/lucene-join/5.5.0-snapshot-1721183/e4dda3eeb76e340aa4713a3b20d68c4a1504e505/lucene-join-5.5.0-snapshot-1721183.jar:/Users/ogbonnayacngwu/.gradle/caches/modules-2/files-2.1/org.apache.lucene/lucene-memory/5.5.0-snapshot-1721183/800442a5d7612ce4c8748831871b4d436a50554e/lucene-memory-5.5.0-snapshot-1721183.jar:/Users/ogbonnayacngwu/.gradle/caches/modules-2/files-2.1/org.apache.lucene/lucene-misc/5.5.0-snapshot-1721183/bdf184de9b5773c7af3ae908af78eeb1e512470c/lucene-misc-5.5.0-snapshot-1721183.jar:/Users/ogbonnayacngwu/.gradle/caches/modules-2/files-2.1/org.apache.lucene/lucene-queries/5.5.0-snapshot-1721183/fc59de52bd2c7e420edfd235723cb8b0dd44e92d/lucene-queries-5.5.0-snapshot-1721183.jar:/Users/ogbonnayacngwu/.gradle/caches/modules-2/files-2.1/org.apache.lucene/lucene-queryparser/5.5.0-snapshot-1721183/1d341e6a4f11f3170773ccffdbe6815b45967e3d/lucene-queryparser-5.5.0-snapshot-1721183.jar:/Users/ogbonnayacngwu/.gradle/caches/modules-2/files-2.1/org.apache.lucene/lucene-sandbox/5.5.0-snapshot-1721183/a1b02c2b595ac92f45f0d2be03841a3a7fcae1f1/lucene-sandbox-5.5.0-snapshot-1721183.jar:/Users/ogbonnayacngwu/.gradle/caches/modules-2/files-2.1/org.apache.lucene/lucene-spatial/5.5.0-snapshot-1721183/e3ea422b56734329fb6974e9cf9f66478adb5793/lucene-spatial-5.5.0-snapshot-1721183.jar:/Users/ogbonnayacngwu/.gradle/caches/modules-2/files-2.1/org.apache.lucene/lucene-spatial3d/5.5.0-snapshot-1721183/5eadbd4e63120b59ab6445e39489205f98420471/lucene-spatial3d-5.5.0-snapshot-1721183.jar:/Users/ogbonnayacngwu/.gradle/caches/modules-2/files-2.1/org.apache.lucene/lucene-suggest/5.5.0-snapshot-1721183/a336287e65d082535f02a8427666dbe46b1b9b74/lucene-suggest-5.5.0-snapshot-1721183.jar:/Users/ogbonnayacngwu/.gradle/caches/modules-2/files-2.1/org.elasticsearch/securesm/1.0/c0c6cf986ba0057390bfcc80c366a0e3157f944b/securesm-1.0.jar:/Users/ogbonnayacngwu/.gradle/caches/modules-2/files-2.1/commons-cli/commons-cli/1.3.1/1303efbc4b181e5a58bf2e967dc156a3132b97c0/commons-cli-1.3.1.jar:/Users/ogbonnayacngwu/.gradle/caches/modules-2/files-2.1/com.carrotsearch/hppc/0.7.1/8b5057f74ea378c0150a1860874a3ebdcb713767/hppc-0.7.1.jar:/Users/ogbonnayacngwu/.gradle/caches/modules-2/files-2.1/joda-time/joda-time/2.8.2/d27c24204c5e507b16fec01006b3d0f1ec42aed4/joda-time-2.8.2.jar:/Users/ogbonnayacngwu/.gradle/caches/modules-2/files-2.1/org.joda/joda-convert/1.2/35ec554f0cd00c956cc69051514d9488b1374dec/joda-convert-1.2.jar:/Users/ogbonnayacngwu/.gradle/caches/modules-2/files-2.1/com.fasterxml.jackson.core/jackson-core/2.6.2/123f29333b2c6b3516b14252b6e93226bfcd6e37/jackson-core-2.6.2.jar:/Users/ogbonnayacngwu/.gradle/caches/modules-2/files-2.1/com.fasterxml.jackson.dataformat/jackson-dataformat-smile/2.6.2/395d18c1a1dd730b8026ee59c4067e5d2b45ba6e/jackson-dataformat-smile-2.6.2.jar:/Users/ogbonnayacngwu/.gradle/caches/modules-2/files-2.1/com.fasterxml.jackson.dataformat/jackson-dataformat-yaml/2.6.2/4ae23088dd3fae47c66843f2e4251d7255ee140e/jackson-dataformat-yaml-2.6.2.jar:/Users/ogbonnayacngwu/.gradle/caches/modules-2/files-2.1/com.fasterxml.jackson.dataformat/jackson-dataformat-cbor/2.6.2/1e13c575f914c83761bb8e2aca7dfd9e4c647579/jackson-dataformat-cbor-2.6.2.jar:/Users/ogbonnayacngwu/.gradle/caches/modules-2/files-2.1/io.netty/netty/3.10.5.Final/9ca7d55d246092bddd29b867706e2f6c7db701a0/netty-3.10.5.Final.jar:/Users/ogbonnayacngwu/.gradle/caches/modules-2/files-2.1/com.tdunning/t-digest/3.0/84ccf145ac2215e6bfa63baa3101c0af41017cfc/t-digest-3.0.jar:/Users/ogbonnayacngwu/.gradle/caches/modules-2/files-2.1/org.hdrhistogram/HdrHistogram/2.1.6/7495feb7f71ee124bd2a7e7d83590e296d71d80e/HdrHistogram-2.1.6.jar:/Users/ogbonnayacngwu/.gradle/caches/modules-2/files-2.1/com.spatial4j/spatial4j/0.5/6e16edaf6b1ba76db7f08c2f3723fce3b358ecc3/spatial4j-0.5.jar:/Users/ogbonnayacngwu/.gradle/caches/modules-2/files-2.1/com.vividsolutions/jts/1.13/3ccfb9b60f04d71add996a666ceb8902904fd805/jts-1.13.jar:/Users/ogbonnayacngwu/.gradle/caches/modules-2/files-2.1/log4j/log4j/1.2.17/5af35056b4d257e4b64b9e8069c0746e8b08629f/log4j-1.2.17.jar:/Users/ogbonnayacngwu/.gradle/caches/modules-2/files-2.1/log4j/apache-log4j-extras/1.2.17/85863614d82185d7e51fe21c00aa9117a523a8b6/apache-log4j-extras-1.2.17.jar:/Users/ogbonnayacngwu/.gradle/caches/modules-2/files-2.1/org.slf4j/slf4j-api/1.6.2/8619e95939167fb37245b5670135e4feb0ec7d50/slf4j-api-1.6.2.jar:/Users/ogbonnayacngwu/.gradle/caches/modules-2/files-2.1/net.java.dev.jna/jna/4.1.0/1c12d070e602efd8021891cdd7fd18bc129372d4/jna-4.1.0.jar:/Users/ogbonnayacngwu/CSE2410_spring2016_projectileDysfunction/test/framework/build/libs/framework-3.0.0-SNAPSHOT.jar:/Users/ogbonnayacngwu/.gradle/caches/modules-2/files-2.1/com.carrotsearch.randomizedtesting/randomizedtesting-runner/2.3.2/307965917fe8a22b7ee72deba39ef4b8e6ebc069/randomizedtesting-runner-2.3.2.jar:/Users/ogbonnayacngwu/.gradle/caches/modules-2/files-2.1/junit/junit/4.11/4e031bb61df09069aeb2bffb4019e7a5034a4ee0/junit-4.11.jar:/Users/ogbonnayacngwu/.gradle/caches/modules-2/files-2.1/org.hamcrest/hamcrest-all/1.3/63a21ebc981131004ad02e0434e799fd7f3a8d5a/hamcrest-all-1.3.jar:/Users/ogbonnayacngwu/.gradle/caches/modules-2/files-2.1/org.apache.lucene/lucene-test-framework/5.5.0-snapshot-1721183/a8d851d0ad82182b3a02f4b30c336e7aa0e173cb/lucene-test-framework-5.5.0-snapshot-1721183.jar:/Users/ogbonnayacngwu/.gradle/caches/modules-2/files-2.1/org.apache.lucene/lucene-codecs/5.5.0-snapshot-1721183/8aa59442b028c7a2c1a516accb6142a8910ba5fc/lucene-codecs-5.5.0-snapshot-1721183.jar:/Users/ogbonnayacngwu/.gradle/caches/modules-2/files-2.1/org.apache.httpcomponents/httpclient/4.3.6/4c47155e3e6c9a41a28db36680b828ced53b8af4/httpclient-4.3.6.jar:/Users/ogbonnayacngwu/.gradle/caches/modules-2/files-2.1/org.apache.httpcomponents/httpcore/4.3.3/f91b7a4aadc5cf486df6e4634748d7dd7a73f06d/httpcore-4.3.3.jar:/Users/ogbonnayacngwu/.gradle/caches/modules-2/files-2.1/commons-logging/commons-logging/1.1.3/f6f66e966c70a83ffbdb6f17a0919eaf7c8aca7f/commons-logging-1.1.3.jar:/Users/ogbonnayacngwu/.gradle/caches/modules-2/files-2.1/commons-codec/commons-codec/1.10/4b95f4897fa13f2cd904aee711aeafc0c5295cd8/commons-codec-1.10.jar:/Users/ogbonnayacngwu/.gradle/caches/modules-2/files-2.1/org.elasticsearch/securemock/1.2/98201d4ad5ac93f6b415ae9172d52b5e7cda490e/securemock-1.2.jar:/Users/ogbonnayacngwu/.gradle/caches/modules-2/files-2.1/com.carrotsearch.randomizedtesting/junit4-ant/2.3.2/dc8f03f6111974092491f35b8269eb0fc57f52f7/junit4-ant-2.3.2.jar"/>
      <property name="java.class.version" value="52.0"/>
      <property name="java.endorsed.dirs" value="/Library/Java/JavaVirtualMachines/jdk1.8.0_11.jdk/Contents/Home/jre/lib/endorsed"/>
      <property name="java.ext.dirs" value="/Users/ogbonnayacngwu/Library/Java/Extensions:/Library/Java/JavaVirtualMachines/jdk1.8.0_11.jdk/Contents/Home/jre/lib/ext:/Library/Java/Extensions:/Network/Library/Java/Extensions:/System/Library/Java/Extensions:/usr/lib/java"/>
      <property name="java.home" value="/Library/Java/JavaVirtualMachines/jdk1.8.0_11.jdk/Contents/Home/jre"/>
      <property name="java.io.tmpdir" value="./temp"/>
      <property name="java.library.path" value="/Users/ogbonnayacngwu/Library/Java/Extensions:/Library/Java/Extensions:/Network/Library/Java/Extensions:/System/Library/Java/Extensions:/usr/lib/java:."/>
      <property name="java.runtime.name" value="Java(TM) SE Runtime Environment"/>
      <property name="java.runtime.version" value="1.8.0_11-b12"/>
      <property name="java.specification.name" value="Java Platform API Specification"/>
      <property name="java.specification.vendor" value="Oracle Corporation"/>
      <property name="java.specification.version" value="1.8"/>
      <property name="java.vendor" value="Oracle Corporation"/>
      <property name="java.vendor.url" value="http://java.oracle.com/"/>
      <property name="java.vendor.url.bug" value="http://bugreport.sun.com/bugreport/"/>
      <property name="java.version" value="1.8.0_11"/>
      <property name="java.vm.info" value="mixed mode"/>
      <property name="java.vm.name" value="Java HotSpot(TM) 64-Bit Server VM"/>
      <property name="java.vm.specification.name" value="Java Virtual Machine Specification"/>
      <property name="java.vm.specification.vendor" value="Oracle Corporation"/>
      <property name="java.vm.specification.version" value="1.8"/>
      <property name="java.vm.vendor" value="Oracle Corporation"/>
      <property name="java.vm.version" value="25.11-b03"/>
      <property name="junit4.childvm.count" value="4"/>
      <property name="junit4.childvm.cwd" value="/Users/ogbonnayacngwu/CSE2410_spring2016_projectileDysfunction/core/build/testrun/integTest/J2"/>
      <property name="junit4.childvm.id" value="2"/>
      <property name="junit4.memory.total" value="514850816"/>
      <property name="junit4.pidString" value="27394@host37-246.aruba.fit.edu"/>
      <property name="junit4.processors" value="8"/>
      <property name="line.separator" value="
"/>
      <property name="os.arch" value="x86_64"/>
      <property name="os.name" value="Mac OS X"/>
      <property name="os.version" value="10.11.4"/>
      <property name="path.separator" value=":"/>
      <property name="socksNonProxyHosts" value="local|*.local|169.254/16|*.169.254/16"/>
      <property name="sun.arch.data.model" value="64"/>
      <property name="sun.boot.class.path" value="/Library/Java/JavaVirtualMachines/jdk1.8.0_11.jdk/Contents/Home/jre/lib/resources.jar:/Library/Java/JavaVirtualMachines/jdk1.8.0_11.jdk/Contents/Home/jre/lib/rt.jar:/Library/Java/JavaVirtualMachines/jdk1.8.0_11.jdk/Contents/Home/jre/lib/sunrsasign.jar:/Library/Java/JavaVirtualMachines/jdk1.8.0_11.jdk/Contents/Home/jre/lib/jsse.jar:/Library/Java/JavaVirtualMachines/jdk1.8.0_11.jdk/Contents/Home/jre/lib/jce.jar:/Library/Java/JavaVirtualMachines/jdk1.8.0_11.jdk/Contents/Home/jre/lib/charsets.jar:/Library/Java/JavaVirtualMachines/jdk1.8.0_11.jdk/Contents/Home/jre/lib/jfr.jar:/Library/Java/JavaVirtualMachines/jdk1.8.0_11.jdk/Contents/Home/jre/classes"/>
      <property name="sun.boot.library.path" value="/Library/Java/JavaVirtualMachines/jdk1.8.0_11.jdk/Contents/Home/jre/lib"/>
      <property name="sun.cpu.endian" value="little"/>
      <property name="sun.cpu.isalist" value=""/>
      <property name="sun.io.unicode.encoding" value="UnicodeBig"/>
      <property name="sun.java.command" value="com.carrotsearch.ant.tasks.junit4.slave.SlaveMainSafe -eventsfile /Users/ogbonnayacngwu/CSE2410_spring2016_projectileDysfunction/core/build/testrun/integTest/temp/junit4-J2-20160329_172724_554.events @/Users/ogbonnayacngwu/CSE2410_spring2016_projectileDysfunction/core/build/testrun/integTest/temp/junit4-J2-20160329_172724_554.suites -stdin"/>
      <property name="sun.java.launcher" value="SUN_STANDARD"/>
      <property name="sun.jnu.encoding" value="UTF-8"/>
      <property name="sun.management.compiler" value="HotSpot 64-Bit Tiered Compilers"/>
      <property name="sun.os.patch.level" value="unknown"/>
      <property name="tests.artifact" value="core"/>
      <property name="tests.ifNoTests" value="fail"/>
      <property name="tests.maven" value="true"/>
      <property name="tests.prefix" value="tests"/>
      <property name="tests.security.manager" value="true"/>
      <property name="tests.seed" value="4AA6DECDBC490785"/>
      <property name="tests.task" value=":core:integTest"/>
      <property name="user.country" value="US"/>
      <property name="user.dir" value="/Users/ogbonnayacngwu/CSE2410_spring2016_projectileDysfunction/core/build/testrun/integTest/J2"/>
      <property name="user.home" value="/Users/ogbonnayacngwu"/>
      <property name="user.language" value="en"/>
      <property name="user.name" value="ogbonnayacngwu"/>
      <property name="user.timezone" value="America/New_York"/>
   </properties>
   <testcase classname="org.elasticsearch.index.store.CorruptedTranslogIT" name="testCorruptTranslogFiles" time="1.126"/>
   <system-out><![CDATA[[2016-03-29 17:31:12,539][WARN ][org.elasticsearch.indices.cluster] [node_s0] [[test][0]] marking and sending shard failed due to [failed recovery]
[test][[test][0]] IndexShardRecoveryException[failed to recovery from gateway]; nested: EngineCreationFailureException[failed to recover from translog]; nested: EngineException[failed to recover from translog]; nested: TranslogCorruptedException[translog corruption while reading from stream]; nested: TranslogCorruptedException[translog stream is corrupted, expected: 0xa94db8f6, got: 0x68c36736];
	at org.elasticsearch.index.shard.StoreRecovery.internalRecoverFromStore(StoreRecovery.java:234)
	at org.elasticsearch.index.shard.StoreRecovery.lambda$recoverFromStore$184(StoreRecovery.java:77)
	at org.elasticsearch.index.shard.StoreRecovery$$Lambda$696/1752519311.run(Unknown Source)
	at org.elasticsearch.index.shard.StoreRecovery.executeRecovery(StoreRecovery.java:122)
	at org.elasticsearch.index.shard.StoreRecovery.recoverFromStore(StoreRecovery.java:75)
	at org.elasticsearch.index.shard.IndexShard.recoverFromStore(IndexShard.java:1059)
	at org.elasticsearch.indices.cluster.IndicesClusterStateService.lambda$applyInitializingShard$190(IndicesClusterStateService.java:648)
	at org.elasticsearch.indices.cluster.IndicesClusterStateService$$Lambda$694/1687235994.run(Unknown Source)
	at java.util.concurrent.ThreadPoolExecutor.runWorker(ThreadPoolExecutor.java:1142)
	at java.util.concurrent.ThreadPoolExecutor$Worker.run(ThreadPoolExecutor.java:617)
	at java.lang.Thread.run(Thread.java:745)
Caused by: [test][[test][0]] EngineCreationFailureException[failed to recover from translog]; nested: EngineException[failed to recover from translog]; nested: TranslogCorruptedException[translog corruption while reading from stream]; nested: TranslogCorruptedException[translog stream is corrupted, expected: 0xa94db8f6, got: 0x68c36736];
	at org.elasticsearch.index.engine.InternalEngine.<init>(InternalEngine.java:175)
	at org.elasticsearch.test.engine.MockInternalEngine.<init>(MockInternalEngine.java:36)
	at org.elasticsearch.test.engine.MockEngineFactory.newReadWriteEngine(MockEngineFactory.java:36)
	at org.elasticsearch.index.shard.IndexShard.newEngine(IndexShard.java:1310)
	at org.elasticsearch.index.shard.IndexShard.createNewEngine(IndexShard.java:1305)
	at org.elasticsearch.index.shard.IndexShard.internalPerformTranslogRecovery(IndexShard.java:888)
	at org.elasticsearch.index.shard.IndexShard.performTranslogRecovery(IndexShard.java:866)
	at org.elasticsearch.index.shard.StoreRecovery.internalRecoverFromStore(StoreRecovery.java:230)
	... 10 more
Caused by: [test][[test][0]] EngineException[failed to recover from translog]; nested: TranslogCorruptedException[translog corruption while reading from stream]; nested: TranslogCorruptedException[translog stream is corrupted, expected: 0xa94db8f6, got: 0x68c36736];
	at org.elasticsearch.index.engine.InternalEngine.recoverFromTranslog(InternalEngine.java:251)
	at org.elasticsearch.index.engine.InternalEngine.<init>(InternalEngine.java:172)
	... 17 more
Caused by: TranslogCorruptedException[translog corruption while reading from stream]; nested: TranslogCorruptedException[translog stream is corrupted, expected: 0xa94db8f6, got: 0x68c36736];
	at org.elasticsearch.index.translog.Translog.readOperation(Translog.java:1133)
	at org.elasticsearch.index.translog.BaseTranslogReader.read(BaseTranslogReader.java:114)
	at org.elasticsearch.index.translog.TranslogSnapshot.readOperation(TranslogSnapshot.java:70)
	at org.elasticsearch.index.translog.TranslogSnapshot.next(TranslogSnapshot.java:61)
	at org.elasticsearch.index.translog.MultiSnapshot.next(MultiSnapshot.java:53)
	at org.elasticsearch.index.engine.InternalEngine.recoverFromTranslog(InternalEngine.java:237)
	... 18 more
Caused by: TranslogCorruptedException[translog stream is corrupted, expected: 0xa94db8f6, got: 0x68c36736]
	at org.elasticsearch.index.translog.Translog.verifyChecksum(Translog.java:1091)
	at org.elasticsearch.index.translog.Translog.readOperation(Translog.java:1123)
	... 23 more
[2016-03-29 17:31:12,540][WARN ][org.elasticsearch.cluster.action.shard] [node_s0] [test][0] received shard failed for [test][0], node[Y27JbEqhQsSb7nUkvqXFqw], [P], v[3], s[INITIALIZING], a[id=e4XI6jAdQyigs3hObtlhXA], unassigned_info[[reason=CLUSTER_RECOVERED], at[2016-03-29T21:31:12.527Z]], indexUUID [1CWRzkvfRB-D3v8U1_ZpEQ], message [failed recovery], failure [IndexShardRecoveryException[failed to recovery from gateway]; nested: EngineCreationFailureException[failed to recover from translog]; nested: EngineException[failed to recover from translog]; nested: TranslogCorruptedException[translog corruption while reading from stream]; nested: TranslogCorruptedException[translog stream is corrupted, expected: 0xa94db8f6, got: 0x68c36736]; ]
[test][[test][0]] IndexShardRecoveryException[failed to recovery from gateway]; nested: EngineCreationFailureException[failed to recover from translog]; nested: EngineException[failed to recover from translog]; nested: TranslogCorruptedException[translog corruption while reading from stream]; nested: TranslogCorruptedException[translog stream is corrupted, expected: 0xa94db8f6, got: 0x68c36736];
	at org.elasticsearch.index.shard.StoreRecovery.internalRecoverFromStore(StoreRecovery.java:234)
	at org.elasticsearch.index.shard.StoreRecovery.lambda$recoverFromStore$184(StoreRecovery.java:77)
	at org.elasticsearch.index.shard.StoreRecovery$$Lambda$696/1752519311.run(Unknown Source)
	at org.elasticsearch.index.shard.StoreRecovery.executeRecovery(StoreRecovery.java:122)
	at org.elasticsearch.index.shard.StoreRecovery.recoverFromStore(StoreRecovery.java:75)
	at org.elasticsearch.index.shard.IndexShard.recoverFromStore(IndexShard.java:1059)
	at org.elasticsearch.indices.cluster.IndicesClusterStateService.lambda$applyInitializingShard$190(IndicesClusterStateService.java:648)
	at org.elasticsearch.indices.cluster.IndicesClusterStateService$$Lambda$694/1687235994.run(Unknown Source)
	at java.util.concurrent.ThreadPoolExecutor.runWorker(ThreadPoolExecutor.java:1142)
	at java.util.concurrent.ThreadPoolExecutor$Worker.run(ThreadPoolExecutor.java:617)
	at java.lang.Thread.run(Thread.java:745)
Caused by: [test][[test][0]] EngineCreationFailureException[failed to recover from translog]; nested: EngineException[failed to recover from translog]; nested: TranslogCorruptedException[translog corruption while reading from stream]; nested: TranslogCorruptedException[translog stream is corrupted, expected: 0xa94db8f6, got: 0x68c36736];
	at org.elasticsearch.index.engine.InternalEngine.<init>(InternalEngine.java:175)
	at org.elasticsearch.test.engine.MockInternalEngine.<init>(MockInternalEngine.java:36)
	at org.elasticsearch.test.engine.MockEngineFactory.newReadWriteEngine(MockEngineFactory.java:36)
	at org.elasticsearch.index.shard.IndexShard.newEngine(IndexShard.java:1310)
	at org.elasticsearch.index.shard.IndexShard.createNewEngine(IndexShard.java:1305)
	at org.elasticsearch.index.shard.IndexShard.internalPerformTranslogRecovery(IndexShard.java:888)
	at org.elasticsearch.index.shard.IndexShard.performTranslogRecovery(IndexShard.java:866)
	at org.elasticsearch.index.shard.StoreRecovery.internalRecoverFromStore(StoreRecovery.java:230)
	... 10 more
Caused by: [test][[test][0]] EngineException[failed to recover from translog]; nested: TranslogCorruptedException[translog corruption while reading from stream]; nested: TranslogCorruptedException[translog stream is corrupted, expected: 0xa94db8f6, got: 0x68c36736];
	at org.elasticsearch.index.engine.InternalEngine.recoverFromTranslog(InternalEngine.java:251)
	at org.elasticsearch.index.engine.InternalEngine.<init>(InternalEngine.java:172)
	... 17 more
Caused by: TranslogCorruptedException[translog corruption while reading from stream]; nested: TranslogCorruptedException[translog stream is corrupted, expected: 0xa94db8f6, got: 0x68c36736];
	at org.elasticsearch.index.translog.Translog.readOperation(Translog.java:1133)
	at org.elasticsearch.index.translog.BaseTranslogReader.read(BaseTranslogReader.java:114)
	at org.elasticsearch.index.translog.TranslogSnapshot.readOperation(TranslogSnapshot.java:70)
	at org.elasticsearch.index.translog.TranslogSnapshot.next(TranslogSnapshot.java:61)
	at org.elasticsearch.index.translog.MultiSnapshot.next(MultiSnapshot.java:53)
	at org.elasticsearch.index.engine.InternalEngine.recoverFromTranslog(InternalEngine.java:237)
	... 18 more
Caused by: TranslogCorruptedException[translog stream is corrupted, expected: 0xa94db8f6, got: 0x68c36736]
	at org.elasticsearch.index.translog.Translog.verifyChecksum(Translog.java:1091)
	at org.elasticsearch.index.translog.Translog.readOperation(Translog.java:1123)
	... 23 more
[2016-03-29 17:31:12,549][WARN ][org.elasticsearch.indices.cluster] [node_s0] [[test][0]] marking and sending shard failed due to [failed recovery]
[test][[test][0]] IndexShardRecoveryException[failed to recovery from gateway]; nested: EngineCreationFailureException[failed to recover from translog]; nested: EngineException[failed to recover from translog]; nested: TranslogCorruptedException[translog corruption while reading from stream]; nested: TranslogCorruptedException[translog stream is corrupted, expected: 0xa94db8f6, got: 0x68c36736];
	at org.elasticsearch.index.shard.StoreRecovery.internalRecoverFromStore(StoreRecovery.java:234)
	at org.elasticsearch.index.shard.StoreRecovery.lambda$recoverFromStore$184(StoreRecovery.java:77)
	at org.elasticsearch.index.shard.StoreRecovery$$Lambda$696/1752519311.run(Unknown Source)
	at org.elasticsearch.index.shard.StoreRecovery.executeRecovery(StoreRecovery.java:122)
	at org.elasticsearch.index.shard.StoreRecovery.recoverFromStore(StoreRecovery.java:75)
	at org.elasticsearch.index.shard.IndexShard.recoverFromStore(IndexShard.java:1059)
	at org.elasticsearch.indices.cluster.IndicesClusterStateService.lambda$applyInitializingShard$190(IndicesClusterStateService.java:648)
	at org.elasticsearch.indices.cluster.IndicesClusterStateService$$Lambda$694/1687235994.run(Unknown Source)
	at java.util.concurrent.ThreadPoolExecutor.runWorker(ThreadPoolExecutor.java:1142)
	at java.util.concurrent.ThreadPoolExecutor$Worker.run(ThreadPoolExecutor.java:617)
	at java.lang.Thread.run(Thread.java:745)
Caused by: [test][[test][0]] EngineCreationFailureException[failed to recover from translog]; nested: EngineException[failed to recover from translog]; nested: TranslogCorruptedException[translog corruption while reading from stream]; nested: TranslogCorruptedException[translog stream is corrupted, expected: 0xa94db8f6, got: 0x68c36736];
	at org.elasticsearch.index.engine.InternalEngine.<init>(InternalEngine.java:175)
	at org.elasticsearch.test.engine.MockInternalEngine.<init>(MockInternalEngine.java:36)
	at org.elasticsearch.test.engine.MockEngineFactory.newReadWriteEngine(MockEngineFactory.java:36)
	at org.elasticsearch.index.shard.IndexShard.newEngine(IndexShard.java:1310)
	at org.elasticsearch.index.shard.IndexShard.createNewEngine(IndexShard.java:1305)
	at org.elasticsearch.index.shard.IndexShard.internalPerformTranslogRecovery(IndexShard.java:888)
	at org.elasticsearch.index.shard.IndexShard.performTranslogRecovery(IndexShard.java:866)
	at org.elasticsearch.index.shard.StoreRecovery.internalRecoverFromStore(StoreRecovery.java:230)
	... 10 more
Caused by: [test][[test][0]] EngineException[failed to recover from translog]; nested: TranslogCorruptedException[translog corruption while reading from stream]; nested: TranslogCorruptedException[translog stream is corrupted, expected: 0xa94db8f6, got: 0x68c36736];
	at org.elasticsearch.index.engine.InternalEngine.recoverFromTranslog(InternalEngine.java:251)
	at org.elasticsearch.index.engine.InternalEngine.<init>(InternalEngine.java:172)
	... 17 more
Caused by: TranslogCorruptedException[translog corruption while reading from stream]; nested: TranslogCorruptedException[translog stream is corrupted, expected: 0xa94db8f6, got: 0x68c36736];
	at org.elasticsearch.index.translog.Translog.readOperation(Translog.java:1133)
	at org.elasticsearch.index.translog.BaseTranslogReader.read(BaseTranslogReader.java:114)
	at org.elasticsearch.index.translog.TranslogSnapshot.readOperation(TranslogSnapshot.java:70)
	at org.elasticsearch.index.translog.TranslogSnapshot.next(TranslogSnapshot.java:61)
	at org.elasticsearch.index.translog.MultiSnapshot.next(MultiSnapshot.java:53)
	at org.elasticsearch.index.engine.InternalEngine.recoverFromTranslog(InternalEngine.java:237)
	... 18 more
Caused by: TranslogCorruptedException[translog stream is corrupted, expected: 0xa94db8f6, got: 0x68c36736]
	at org.elasticsearch.index.translog.Translog.verifyChecksum(Translog.java:1091)
	at org.elasticsearch.index.translog.Translog.readOperation(Translog.java:1123)
	... 23 more
[2016-03-29 17:31:12,549][WARN ][org.elasticsearch.cluster.action.shard] [node_s0] [test][0] received shard failed for [test][0], node[Y27JbEqhQsSb7nUkvqXFqw], [P], v[3], s[INITIALIZING], a[id=7C0kPkkjTySgvDcYcCskXw], unassigned_info[[reason=ALLOCATION_FAILED], at[2016-03-29T21:31:12.540Z], details[failed recovery, failure IndexShardRecoveryException[failed to recovery from gateway]; nested: EngineCreationFailureException[failed to recover from translog]; nested: EngineException[failed to recover from translog]; nested: TranslogCorruptedException[translog corruption while reading from stream]; nested: TranslogCorruptedException[translog stream is corrupted, expected: 0xa94db8f6, got: 0x68c36736]; ]], indexUUID [1CWRzkvfRB-D3v8U1_ZpEQ], message [failed recovery], failure [IndexShardRecoveryException[failed to recovery from gateway]; nested: EngineCreationFailureException[failed to recover from translog]; nested: EngineException[failed to recover from translog]; nested: TranslogCorruptedException[translog corruption while reading from stream]; nested: TranslogCorruptedException[translog stream is corrupted, expected: 0xa94db8f6, got: 0x68c36736]; ]
[test][[test][0]] IndexShardRecoveryException[failed to recovery from gateway]; nested: EngineCreationFailureException[failed to recover from translog]; nested: EngineException[failed to recover from translog]; nested: TranslogCorruptedException[translog corruption while reading from stream]; nested: TranslogCorruptedException[translog stream is corrupted, expected: 0xa94db8f6, got: 0x68c36736];
	at org.elasticsearch.index.shard.StoreRecovery.internalRecoverFromStore(StoreRecovery.java:234)
	at org.elasticsearch.index.shard.StoreRecovery.lambda$recoverFromStore$184(StoreRecovery.java:77)
	at org.elasticsearch.index.shard.StoreRecovery$$Lambda$696/1752519311.run(Unknown Source)
	at org.elasticsearch.index.shard.StoreRecovery.executeRecovery(StoreRecovery.java:122)
	at org.elasticsearch.index.shard.StoreRecovery.recoverFromStore(StoreRecovery.java:75)
	at org.elasticsearch.index.shard.IndexShard.recoverFromStore(IndexShard.java:1059)
	at org.elasticsearch.indices.cluster.IndicesClusterStateService.lambda$applyInitializingShard$190(IndicesClusterStateService.java:648)
	at org.elasticsearch.indices.cluster.IndicesClusterStateService$$Lambda$694/1687235994.run(Unknown Source)
	at java.util.concurrent.ThreadPoolExecutor.runWorker(ThreadPoolExecutor.java:1142)
	at java.util.concurrent.ThreadPoolExecutor$Worker.run(ThreadPoolExecutor.java:617)
	at java.lang.Thread.run(Thread.java:745)
Caused by: [test][[test][0]] EngineCreationFailureException[failed to recover from translog]; nested: EngineException[failed to recover from translog]; nested: TranslogCorruptedException[translog corruption while reading from stream]; nested: TranslogCorruptedException[translog stream is corrupted, expected: 0xa94db8f6, got: 0x68c36736];
	at org.elasticsearch.index.engine.InternalEngine.<init>(InternalEngine.java:175)
	at org.elasticsearch.test.engine.MockInternalEngine.<init>(MockInternalEngine.java:36)
	at org.elasticsearch.test.engine.MockEngineFactory.newReadWriteEngine(MockEngineFactory.java:36)
	at org.elasticsearch.index.shard.IndexShard.newEngine(IndexShard.java:1310)
	at org.elasticsearch.index.shard.IndexShard.createNewEngine(IndexShard.java:1305)
	at org.elasticsearch.index.shard.IndexShard.internalPerformTranslogRecovery(IndexShard.java:888)
	at org.elasticsearch.index.shard.IndexShard.performTranslogRecovery(IndexShard.java:866)
	at org.elasticsearch.index.shard.StoreRecovery.internalRecoverFromStore(StoreRecovery.java:230)
	... 10 more
Caused by: [test][[test][0]] EngineException[failed to recover from translog]; nested: TranslogCorruptedException[translog corruption while reading from stream]; nested: TranslogCorruptedException[translog stream is corrupted, expected: 0xa94db8f6, got: 0x68c36736];
	at org.elasticsearch.index.engine.InternalEngine.recoverFromTranslog(InternalEngine.java:251)
	at org.elasticsearch.index.engine.InternalEngine.<init>(InternalEngine.java:172)
	... 17 more
Caused by: TranslogCorruptedException[translog corruption while reading from stream]; nested: TranslogCorruptedException[translog stream is corrupted, expected: 0xa94db8f6, got: 0x68c36736];
	at org.elasticsearch.index.translog.Translog.readOperation(Translog.java:1133)
	at org.elasticsearch.index.translog.BaseTranslogReader.read(BaseTranslogReader.java:114)
	at org.elasticsearch.index.translog.TranslogSnapshot.readOperation(TranslogSnapshot.java:70)
	at org.elasticsearch.index.translog.TranslogSnapshot.next(TranslogSnapshot.java:61)
	at org.elasticsearch.index.translog.MultiSnapshot.next(MultiSnapshot.java:53)
	at org.elasticsearch.index.engine.InternalEngine.recoverFromTranslog(InternalEngine.java:237)
	... 18 more
Caused by: TranslogCorruptedException[translog stream is corrupted, expected: 0xa94db8f6, got: 0x68c36736]
	at org.elasticsearch.index.translog.Translog.verifyChecksum(Translog.java:1091)
	at org.elasticsearch.index.translog.Translog.readOperation(Translog.java:1123)
	... 23 more
[2016-03-29 17:31:12,557][WARN ][org.elasticsearch.indices.cluster] [node_s0] [[test][0]] marking and sending shard failed due to [failed recovery]
[test][[test][0]] IndexShardRecoveryException[failed to recovery from gateway]; nested: EngineCreationFailureException[failed to recover from translog]; nested: EngineException[failed to recover from translog]; nested: TranslogCorruptedException[translog corruption while reading from stream]; nested: TranslogCorruptedException[translog stream is corrupted, expected: 0xa94db8f6, got: 0x68c36736];
	at org.elasticsearch.index.shard.StoreRecovery.internalRecoverFromStore(StoreRecovery.java:234)
	at org.elasticsearch.index.shard.StoreRecovery.lambda$recoverFromStore$184(StoreRecovery.java:77)
	at org.elasticsearch.index.shard.StoreRecovery$$Lambda$696/1752519311.run(Unknown Source)
	at org.elasticsearch.index.shard.StoreRecovery.executeRecovery(StoreRecovery.java:122)
	at org.elasticsearch.index.shard.StoreRecovery.recoverFromStore(StoreRecovery.java:75)
	at org.elasticsearch.index.shard.IndexShard.recoverFromStore(IndexShard.java:1059)
	at org.elasticsearch.indices.cluster.IndicesClusterStateService.lambda$applyInitializingShard$190(IndicesClusterStateService.java:648)
	at org.elasticsearch.indices.cluster.IndicesClusterStateService$$Lambda$694/1687235994.run(Unknown Source)
	at java.util.concurrent.ThreadPoolExecutor.runWorker(ThreadPoolExecutor.java:1142)
	at java.util.concurrent.ThreadPoolExecutor$Worker.run(ThreadPoolExecutor.java:617)
	at java.lang.Thread.run(Thread.java:745)
Caused by: [test][[test][0]] EngineCreationFailureException[failed to recover from translog]; nested: EngineException[failed to recover from translog]; nested: TranslogCorruptedException[translog corruption while reading from stream]; nested: TranslogCorruptedException[translog stream is corrupted, expected: 0xa94db8f6, got: 0x68c36736];
	at org.elasticsearch.index.engine.InternalEngine.<init>(InternalEngine.java:175)
	at org.elasticsearch.test.engine.MockInternalEngine.<init>(MockInternalEngine.java:36)
	at org.elasticsearch.test.engine.MockEngineFactory.newReadWriteEngine(MockEngineFactory.java:36)
	at org.elasticsearch.index.shard.IndexShard.newEngine(IndexShard.java:1310)
	at org.elasticsearch.index.shard.IndexShard.createNewEngine(IndexShard.java:1305)
	at org.elasticsearch.index.shard.IndexShard.internalPerformTranslogRecovery(IndexShard.java:888)
	at org.elasticsearch.index.shard.IndexShard.performTranslogRecovery(IndexShard.java:866)
	at org.elasticsearch.index.shard.StoreRecovery.internalRecoverFromStore(StoreRecovery.java:230)
	... 10 more
Caused by: [test][[test][0]] EngineException[failed to recover from translog]; nested: TranslogCorruptedException[translog corruption while reading from stream]; nested: TranslogCorruptedException[translog stream is corrupted, expected: 0xa94db8f6, got: 0x68c36736];
	at org.elasticsearch.index.engine.InternalEngine.recoverFromTranslog(InternalEngine.java:251)
	at org.elasticsearch.index.engine.InternalEngine.<init>(InternalEngine.java:172)
	... 17 more
Caused by: TranslogCorruptedException[translog corruption while reading from stream]; nested: TranslogCorruptedException[translog stream is corrupted, expected: 0xa94db8f6, got: 0x68c36736];
	at org.elasticsearch.index.translog.Translog.readOperation(Translog.java:1133)
	at org.elasticsearch.index.translog.BaseTranslogReader.read(BaseTranslogReader.java:114)
	at org.elasticsearch.index.translog.TranslogSnapshot.readOperation(TranslogSnapshot.java:70)
	at org.elasticsearch.index.translog.TranslogSnapshot.next(TranslogSnapshot.java:61)
	at org.elasticsearch.index.translog.MultiSnapshot.next(MultiSnapshot.java:53)
	at org.elasticsearch.index.engine.InternalEngine.recoverFromTranslog(InternalEngine.java:237)
	... 18 more
Caused by: TranslogCorruptedException[translog stream is corrupted, expected: 0xa94db8f6, got: 0x68c36736]
	at org.elasticsearch.index.translog.Translog.verifyChecksum(Translog.java:1091)
	at org.elasticsearch.index.translog.Translog.readOperation(Translog.java:1123)
	... 23 more
[2016-03-29 17:31:12,558][WARN ][org.elasticsearch.cluster.action.shard] [node_s0] [test][0] received shard failed for [test][0], node[Y27JbEqhQsSb7nUkvqXFqw], [P], v[3], s[INITIALIZING], a[id=lIdQOQj6Rxu_oiYB8TLeSQ], unassigned_info[[reason=ALLOCATION_FAILED], at[2016-03-29T21:31:12.550Z], details[failed recovery, failure IndexShardRecoveryException[failed to recovery from gateway]; nested: EngineCreationFailureException[failed to recover from translog]; nested: EngineException[failed to recover from translog]; nested: TranslogCorruptedException[translog corruption while reading from stream]; nested: TranslogCorruptedException[translog stream is corrupted, expected: 0xa94db8f6, got: 0x68c36736]; ]], indexUUID [1CWRzkvfRB-D3v8U1_ZpEQ], message [failed recovery], failure [IndexShardRecoveryException[failed to recovery from gateway]; nested: EngineCreationFailureException[failed to recover from translog]; nested: EngineException[failed to recover from translog]; nested: TranslogCorruptedException[translog corruption while reading from stream]; nested: TranslogCorruptedException[translog stream is corrupted, expected: 0xa94db8f6, got: 0x68c36736]; ]
[test][[test][0]] IndexShardRecoveryException[failed to recovery from gateway]; nested: EngineCreationFailureException[failed to recover from translog]; nested: EngineException[failed to recover from translog]; nested: TranslogCorruptedException[translog corruption while reading from stream]; nested: TranslogCorruptedException[translog stream is corrupted, expected: 0xa94db8f6, got: 0x68c36736];
	at org.elasticsearch.index.shard.StoreRecovery.internalRecoverFromStore(StoreRecovery.java:234)
	at org.elasticsearch.index.shard.StoreRecovery.lambda$recoverFromStore$184(StoreRecovery.java:77)
	at org.elasticsearch.index.shard.StoreRecovery$$Lambda$696/1752519311.run(Unknown Source)
	at org.elasticsearch.index.shard.StoreRecovery.executeRecovery(StoreRecovery.java:122)
	at org.elasticsearch.index.shard.StoreRecovery.recoverFromStore(StoreRecovery.java:75)
	at org.elasticsearch.index.shard.IndexShard.recoverFromStore(IndexShard.java:1059)
	at org.elasticsearch.indices.cluster.IndicesClusterStateService.lambda$applyInitializingShard$190(IndicesClusterStateService.java:648)
	at org.elasticsearch.indices.cluster.IndicesClusterStateService$$Lambda$694/1687235994.run(Unknown Source)
	at java.util.concurrent.ThreadPoolExecutor.runWorker(ThreadPoolExecutor.java:1142)
	at java.util.concurrent.ThreadPoolExecutor$Worker.run(ThreadPoolExecutor.java:617)
	at java.lang.Thread.run(Thread.java:745)
Caused by: [test][[test][0]] EngineCreationFailureException[failed to recover from translog]; nested: EngineException[failed to recover from translog]; nested: TranslogCorruptedException[translog corruption while reading from stream]; nested: TranslogCorruptedException[translog stream is corrupted, expected: 0xa94db8f6, got: 0x68c36736];
	at org.elasticsearch.index.engine.InternalEngine.<init>(InternalEngine.java:175)
	at org.elasticsearch.test.engine.MockInternalEngine.<init>(MockInternalEngine.java:36)
	at org.elasticsearch.test.engine.MockEngineFactory.newReadWriteEngine(MockEngineFactory.java:36)
	at org.elasticsearch.index.shard.IndexShard.newEngine(IndexShard.java:1310)
	at org.elasticsearch.index.shard.IndexShard.createNewEngine(IndexShard.java:1305)
	at org.elasticsearch.index.shard.IndexShard.internalPerformTranslogRecovery(IndexShard.java:888)
	at org.elasticsearch.index.shard.IndexShard.performTranslogRecovery(IndexShard.java:866)
	at org.elasticsearch.index.shard.StoreRecovery.internalRecoverFromStore(StoreRecovery.java:230)
	... 10 more
Caused by: [test][[test][0]] EngineException[failed to recover from translog]; nested: TranslogCorruptedException[translog corruption while reading from stream]; nested: TranslogCorruptedException[translog stream is corrupted, expected: 0xa94db8f6, got: 0x68c36736];
	at org.elasticsearch.index.engine.InternalEngine.recoverFromTranslog(InternalEngine.java:251)
	at org.elasticsearch.index.engine.InternalEngine.<init>(InternalEngine.java:172)
	... 17 more
Caused by: TranslogCorruptedException[translog corruption while reading from stream]; nested: TranslogCorruptedException[translog stream is corrupted, expected: 0xa94db8f6, got: 0x68c36736];
	at org.elasticsearch.index.translog.Translog.readOperation(Translog.java:1133)
	at org.elasticsearch.index.translog.BaseTranslogReader.read(BaseTranslogReader.java:114)
	at org.elasticsearch.index.translog.TranslogSnapshot.readOperation(TranslogSnapshot.java:70)
	at org.elasticsearch.index.translog.TranslogSnapshot.next(TranslogSnapshot.java:61)
	at org.elasticsearch.index.translog.MultiSnapshot.next(MultiSnapshot.java:53)
	at org.elasticsearch.index.engine.InternalEngine.recoverFromTranslog(InternalEngine.java:237)
	... 18 more
Caused by: TranslogCorruptedException[translog stream is corrupted, expected: 0xa94db8f6, got: 0x68c36736]
	at org.elasticsearch.index.translog.Translog.verifyChecksum(Translog.java:1091)
	at org.elasticsearch.index.translog.Translog.readOperation(Translog.java:1123)
	... 23 more
[2016-03-29 17:31:12,566][WARN ][org.elasticsearch.indices.cluster] [node_s0] [[test][0]] marking and sending shard failed due to [failed recovery]
[test][[test][0]] IndexShardRecoveryException[failed to recovery from gateway]; nested: EngineCreationFailureException[failed to recover from translog]; nested: EngineException[failed to recover from translog]; nested: TranslogCorruptedException[translog corruption while reading from stream]; nested: TranslogCorruptedException[translog stream is corrupted, expected: 0xa94db8f6, got: 0x68c36736];
	at org.elasticsearch.index.shard.StoreRecovery.internalRecoverFromStore(StoreRecovery.java:234)
	at org.elasticsearch.index.shard.StoreRecovery.lambda$recoverFromStore$184(StoreRecovery.java:77)
	at org.elasticsearch.index.shard.StoreRecovery$$Lambda$696/1752519311.run(Unknown Source)
	at org.elasticsearch.index.shard.StoreRecovery.executeRecovery(StoreRecovery.java:122)
	at org.elasticsearch.index.shard.StoreRecovery.recoverFromStore(StoreRecovery.java:75)
	at org.elasticsearch.index.shard.IndexShard.recoverFromStore(IndexShard.java:1059)
	at org.elasticsearch.indices.cluster.IndicesClusterStateService.lambda$applyInitializingShard$190(IndicesClusterStateService.java:648)
	at org.elasticsearch.indices.cluster.IndicesClusterStateService$$Lambda$694/1687235994.run(Unknown Source)
	at java.util.concurrent.ThreadPoolExecutor.runWorker(ThreadPoolExecutor.java:1142)
	at java.util.concurrent.ThreadPoolExecutor$Worker.run(ThreadPoolExecutor.java:617)
	at java.lang.Thread.run(Thread.java:745)
Caused by: [test][[test][0]] EngineCreationFailureException[failed to recover from translog]; nested: EngineException[failed to recover from translog]; nested: TranslogCorruptedException[translog corruption while reading from stream]; nested: TranslogCorruptedException[translog stream is corrupted, expected: 0xa94db8f6, got: 0x68c36736];
	at org.elasticsearch.index.engine.InternalEngine.<init>(InternalEngine.java:175)
	at org.elasticsearch.test.engine.MockInternalEngine.<init>(MockInternalEngine.java:36)
	at org.elasticsearch.test.engine.MockEngineFactory.newReadWriteEngine(MockEngineFactory.java:36)
	at org.elasticsearch.index.shard.IndexShard.newEngine(IndexShard.java:1310)
	at org.elasticsearch.index.shard.IndexShard.createNewEngine(IndexShard.java:1305)
	at org.elasticsearch.index.shard.IndexShard.internalPerformTranslogRecovery(IndexShard.java:888)
	at org.elasticsearch.index.shard.IndexShard.performTranslogRecovery(IndexShard.java:866)
	at org.elasticsearch.index.shard.StoreRecovery.internalRecoverFromStore(StoreRecovery.java:230)
	... 10 more
Caused by: [test][[test][0]] EngineException[failed to recover from translog]; nested: TranslogCorruptedException[translog corruption while reading from stream]; nested: TranslogCorruptedException[translog stream is corrupted, expected: 0xa94db8f6, got: 0x68c36736];
	at org.elasticsearch.index.engine.InternalEngine.recoverFromTranslog(InternalEngine.java:251)
	at org.elasticsearch.index.engine.InternalEngine.<init>(InternalEngine.java:172)
	... 17 more
Caused by: TranslogCorruptedException[translog corruption while reading from stream]; nested: TranslogCorruptedException[translog stream is corrupted, expected: 0xa94db8f6, got: 0x68c36736];
	at org.elasticsearch.index.translog.Translog.readOperation(Translog.java:1133)
	at org.elasticsearch.index.translog.BaseTranslogReader.read(BaseTranslogReader.java:114)
	at org.elasticsearch.index.translog.TranslogSnapshot.readOperation(TranslogSnapshot.java:70)
	at org.elasticsearch.index.translog.TranslogSnapshot.next(TranslogSnapshot.java:61)
	at org.elasticsearch.index.translog.MultiSnapshot.next(MultiSnapshot.java:53)
	at org.elasticsearch.index.engine.InternalEngine.recoverFromTranslog(InternalEngine.java:237)
	... 18 more
Caused by: TranslogCorruptedException[translog stream is corrupted, expected: 0xa94db8f6, got: 0x68c36736]
	at org.elasticsearch.index.translog.Translog.verifyChecksum(Translog.java:1091)
	at org.elasticsearch.index.translog.Translog.readOperation(Translog.java:1123)
	... 23 more
[2016-03-29 17:31:12,566][WARN ][org.elasticsearch.cluster.action.shard] [node_s0] [test][0] received shard failed for [test][0], node[Y27JbEqhQsSb7nUkvqXFqw], [P], v[3], s[INITIALIZING], a[id=KyRfDpcNRCe_UUA_iClm5A], unassigned_info[[reason=ALLOCATION_FAILED], at[2016-03-29T21:31:12.558Z], details[failed recovery, failure IndexShardRecoveryException[failed to recovery from gateway]; nested: EngineCreationFailureException[failed to recover from translog]; nested: EngineException[failed to recover from translog]; nested: TranslogCorruptedException[translog corruption while reading from stream]; nested: TranslogCorruptedException[translog stream is corrupted, expected: 0xa94db8f6, got: 0x68c36736]; ]], indexUUID [1CWRzkvfRB-D3v8U1_ZpEQ], message [failed recovery], failure [IndexShardRecoveryException[failed to recovery from gateway]; nested: EngineCreationFailureException[failed to recover from translog]; nested: EngineException[failed to recover from translog]; nested: TranslogCorruptedException[translog corruption while reading from stream]; nested: TranslogCorruptedException[translog stream is corrupted, expected: 0xa94db8f6, got: 0x68c36736]; ]
[test][[test][0]] IndexShardRecoveryException[failed to recovery from gateway]; nested: EngineCreationFailureException[failed to recover from translog]; nested: EngineException[failed to recover from translog]; nested: TranslogCorruptedException[translog corruption while reading from stream]; nested: TranslogCorruptedException[translog stream is corrupted, expected: 0xa94db8f6, got: 0x68c36736];
	at org.elasticsearch.index.shard.StoreRecovery.internalRecoverFromStore(StoreRecovery.java:234)
	at org.elasticsearch.index.shard.StoreRecovery.lambda$recoverFromStore$184(StoreRecovery.java:77)
	at org.elasticsearch.index.shard.StoreRecovery$$Lambda$696/1752519311.run(Unknown Source)
	at org.elasticsearch.index.shard.StoreRecovery.executeRecovery(StoreRecovery.java:122)
	at org.elasticsearch.index.shard.StoreRecovery.recoverFromStore(StoreRecovery.java:75)
	at org.elasticsearch.index.shard.IndexShard.recoverFromStore(IndexShard.java:1059)
	at org.elasticsearch.indices.cluster.IndicesClusterStateService.lambda$applyInitializingShard$190(IndicesClusterStateService.java:648)
	at org.elasticsearch.indices.cluster.IndicesClusterStateService$$Lambda$694/1687235994.run(Unknown Source)
	at java.util.concurrent.ThreadPoolExecutor.runWorker(ThreadPoolExecutor.java:1142)
	at java.util.concurrent.ThreadPoolExecutor$Worker.run(ThreadPoolExecutor.java:617)
	at java.lang.Thread.run(Thread.java:745)
Caused by: [test][[test][0]] EngineCreationFailureException[failed to recover from translog]; nested: EngineException[failed to recover from translog]; nested: TranslogCorruptedException[translog corruption while reading from stream]; nested: TranslogCorruptedException[translog stream is corrupted, expected: 0xa94db8f6, got: 0x68c36736];
	at org.elasticsearch.index.engine.InternalEngine.<init>(InternalEngine.java:175)
	at org.elasticsearch.test.engine.MockInternalEngine.<init>(MockInternalEngine.java:36)
	at org.elasticsearch.test.engine.MockEngineFactory.newReadWriteEngine(MockEngineFactory.java:36)
	at org.elasticsearch.index.shard.IndexShard.newEngine(IndexShard.java:1310)
	at org.elasticsearch.index.shard.IndexShard.createNewEngine(IndexShard.java:1305)
	at org.elasticsearch.index.shard.IndexShard.internalPerformTranslogRecovery(IndexShard.java:888)
	at org.elasticsearch.index.shard.IndexShard.performTranslogRecovery(IndexShard.java:866)
	at org.elasticsearch.index.shard.StoreRecovery.internalRecoverFromStore(StoreRecovery.java:230)
	... 10 more
Caused by: [test][[test][0]] EngineException[failed to recover from translog]; nested: TranslogCorruptedException[translog corruption while reading from stream]; nested: TranslogCorruptedException[translog stream is corrupted, expected: 0xa94db8f6, got: 0x68c36736];
	at org.elasticsearch.index.engine.InternalEngine.recoverFromTranslog(InternalEngine.java:251)
	at org.elasticsearch.index.engine.InternalEngine.<init>(InternalEngine.java:172)
	... 17 more
Caused by: TranslogCorruptedException[translog corruption while reading from stream]; nested: TranslogCorruptedException[translog stream is corrupted, expected: 0xa94db8f6, got: 0x68c36736];
	at org.elasticsearch.index.translog.Translog.readOperation(Translog.java:1133)
	at org.elasticsearch.index.translog.BaseTranslogReader.read(BaseTranslogReader.java:114)
	at org.elasticsearch.index.translog.TranslogSnapshot.readOperation(TranslogSnapshot.java:70)
	at org.elasticsearch.index.translog.TranslogSnapshot.next(TranslogSnapshot.java:61)
	at org.elasticsearch.index.translog.MultiSnapshot.next(MultiSnapshot.java:53)
	at org.elasticsearch.index.engine.InternalEngine.recoverFromTranslog(InternalEngine.java:237)
	... 18 more
Caused by: TranslogCorruptedException[translog stream is corrupted, expected: 0xa94db8f6, got: 0x68c36736]
	at org.elasticsearch.index.translog.Translog.verifyChecksum(Translog.java:1091)
	at org.elasticsearch.index.translog.Translog.readOperation(Translog.java:1123)
	... 23 more
[2016-03-29 17:31:12,575][WARN ][org.elasticsearch.indices.cluster] [node_s0] [[test][0]] marking and sending shard failed due to [failed recovery]
[test][[test][0]] IndexShardRecoveryException[failed to recovery from gateway]; nested: EngineCreationFailureException[failed to recover from translog]; nested: EngineException[failed to recover from translog]; nested: TranslogCorruptedException[translog corruption while reading from stream]; nested: TranslogCorruptedException[translog stream is corrupted, expected: 0xa94db8f6, got: 0x68c36736];
	at org.elasticsearch.index.shard.StoreRecovery.internalRecoverFromStore(StoreRecovery.java:234)
	at org.elasticsearch.index.shard.StoreRecovery.lambda$recoverFromStore$184(StoreRecovery.java:77)
	at org.elasticsearch.index.shard.StoreRecovery$$Lambda$696/1752519311.run(Unknown Source)
	at org.elasticsearch.index.shard.StoreRecovery.executeRecovery(StoreRecovery.java:122)
	at org.elasticsearch.index.shard.StoreRecovery.recoverFromStore(StoreRecovery.java:75)
	at org.elasticsearch.index.shard.IndexShard.recoverFromStore(IndexShard.java:1059)
	at org.elasticsearch.indices.cluster.IndicesClusterStateService.lambda$applyInitializingShard$190(IndicesClusterStateService.java:648)
	at org.elasticsearch.indices.cluster.IndicesClusterStateService$$Lambda$694/1687235994.run(Unknown Source)
	at java.util.concurrent.ThreadPoolExecutor.runWorker(ThreadPoolExecutor.java:1142)
	at java.util.concurrent.ThreadPoolExecutor$Worker.run(ThreadPoolExecutor.java:617)
	at java.lang.Thread.run(Thread.java:745)
Caused by: [test][[test][0]] EngineCreationFailureException[failed to recover from translog]; nested: EngineException[failed to recover from translog]; nested: TranslogCorruptedException[translog corruption while reading from stream]; nested: TranslogCorruptedException[translog stream is corrupted, expected: 0xa94db8f6, got: 0x68c36736];
	at org.elasticsearch.index.engine.InternalEngine.<init>(InternalEngine.java:175)
	at org.elasticsearch.test.engine.MockInternalEngine.<init>(MockInternalEngine.java:36)
	at org.elasticsearch.test.engine.MockEngineFactory.newReadWriteEngine(MockEngineFactory.java:36)
	at org.elasticsearch.index.shard.IndexShard.newEngine(IndexShard.java:1310)
	at org.elasticsearch.index.shard.IndexShard.createNewEngine(IndexShard.java:1305)
	at org.elasticsearch.index.shard.IndexShard.internalPerformTranslogRecovery(IndexShard.java:888)
	at org.elasticsearch.index.shard.IndexShard.performTranslogRecovery(IndexShard.java:866)
	at org.elasticsearch.index.shard.StoreRecovery.internalRecoverFromStore(StoreRecovery.java:230)
	... 10 more
Caused by: [test][[test][0]] EngineException[failed to recover from translog]; nested: TranslogCorruptedException[translog corruption while reading from stream]; nested: TranslogCorruptedException[translog stream is corrupted, expected: 0xa94db8f6, got: 0x68c36736];
	at org.elasticsearch.index.engine.InternalEngine.recoverFromTranslog(InternalEngine.java:251)
	at org.elasticsearch.index.engine.InternalEngine.<init>(InternalEngine.java:172)
	... 17 more
Caused by: TranslogCorruptedException[translog corruption while reading from stream]; nested: TranslogCorruptedException[translog stream is corrupted, expected: 0xa94db8f6, got: 0x68c36736];
	at org.elasticsearch.index.translog.Translog.readOperation(Translog.java:1133)
	at org.elasticsearch.index.translog.BaseTranslogReader.read(BaseTranslogReader.java:114)
	at org.elasticsearch.index.translog.TranslogSnapshot.readOperation(TranslogSnapshot.java:70)
	at org.elasticsearch.index.translog.TranslogSnapshot.next(TranslogSnapshot.java:61)
	at org.elasticsearch.index.translog.MultiSnapshot.next(MultiSnapshot.java:53)
	at org.elasticsearch.index.engine.InternalEngine.recoverFromTranslog(InternalEngine.java:237)
	... 18 more
Caused by: TranslogCorruptedException[translog stream is corrupted, expected: 0xa94db8f6, got: 0x68c36736]
	at org.elasticsearch.index.translog.Translog.verifyChecksum(Translog.java:1091)
	at org.elasticsearch.index.translog.Translog.readOperation(Translog.java:1123)
	... 23 more
[2016-03-29 17:31:12,575][WARN ][org.elasticsearch.cluster.action.shard] [node_s0] [test][0] received shard failed for [test][0], node[Y27JbEqhQsSb7nUkvqXFqw], [P], v[3], s[INITIALIZING], a[id=GQH-apbVQBeHIPyLjrpjIg], unassigned_info[[reason=ALLOCATION_FAILED], at[2016-03-29T21:31:12.567Z], details[failed recovery, failure IndexShardRecoveryException[failed to recovery from gateway]; nested: EngineCreationFailureException[failed to recover from translog]; nested: EngineException[failed to recover from translog]; nested: TranslogCorruptedException[translog corruption while reading from stream]; nested: TranslogCorruptedException[translog stream is corrupted, expected: 0xa94db8f6, got: 0x68c36736]; ]], indexUUID [1CWRzkvfRB-D3v8U1_ZpEQ], message [failed recovery], failure [IndexShardRecoveryException[failed to recovery from gateway]; nested: EngineCreationFailureException[failed to recover from translog]; nested: EngineException[failed to recover from translog]; nested: TranslogCorruptedException[translog corruption while reading from stream]; nested: TranslogCorruptedException[translog stream is corrupted, expected: 0xa94db8f6, got: 0x68c36736]; ]
[test][[test][0]] IndexShardRecoveryException[failed to recovery from gateway]; nested: EngineCreationFailureException[failed to recover from translog]; nested: EngineException[failed to recover from translog]; nested: TranslogCorruptedException[translog corruption while reading from stream]; nested: TranslogCorruptedException[translog stream is corrupted, expected: 0xa94db8f6, got: 0x68c36736];
	at org.elasticsearch.index.shard.StoreRecovery.internalRecoverFromStore(StoreRecovery.java:234)
	at org.elasticsearch.index.shard.StoreRecovery.lambda$recoverFromStore$184(StoreRecovery.java:77)
	at org.elasticsearch.index.shard.StoreRecovery$$Lambda$696/1752519311.run(Unknown Source)
	at org.elasticsearch.index.shard.StoreRecovery.executeRecovery(StoreRecovery.java:122)
	at org.elasticsearch.index.shard.StoreRecovery.recoverFromStore(StoreRecovery.java:75)
	at org.elasticsearch.index.shard.IndexShard.recoverFromStore(IndexShard.java:1059)
	at org.elasticsearch.indices.cluster.IndicesClusterStateService.lambda$applyInitializingShard$190(IndicesClusterStateService.java:648)
	at org.elasticsearch.indices.cluster.IndicesClusterStateService$$Lambda$694/1687235994.run(Unknown Source)
	at java.util.concurrent.ThreadPoolExecutor.runWorker(ThreadPoolExecutor.java:1142)
	at java.util.concurrent.ThreadPoolExecutor$Worker.run(ThreadPoolExecutor.java:617)
	at java.lang.Thread.run(Thread.java:745)
Caused by: [test][[test][0]] EngineCreationFailureException[failed to recover from translog]; nested: EngineException[failed to recover from translog]; nested: TranslogCorruptedException[translog corruption while reading from stream]; nested: TranslogCorruptedException[translog stream is corrupted, expected: 0xa94db8f6, got: 0x68c36736];
	at org.elasticsearch.index.engine.InternalEngine.<init>(InternalEngine.java:175)
	at org.elasticsearch.test.engine.MockInternalEngine.<init>(MockInternalEngine.java:36)
	at org.elasticsearch.test.engine.MockEngineFactory.newReadWriteEngine(MockEngineFactory.java:36)
	at org.elasticsearch.index.shard.IndexShard.newEngine(IndexShard.java:1310)
	at org.elasticsearch.index.shard.IndexShard.createNewEngine(IndexShard.java:1305)
	at org.elasticsearch.index.shard.IndexShard.internalPerformTranslogRecovery(IndexShard.java:888)
	at org.elasticsearch.index.shard.IndexShard.performTranslogRecovery(IndexShard.java:866)
	at org.elasticsearch.index.shard.StoreRecovery.internalRecoverFromStore(StoreRecovery.java:230)
	... 10 more
Caused by: [test][[test][0]] EngineException[failed to recover from translog]; nested: TranslogCorruptedException[translog corruption while reading from stream]; nested: TranslogCorruptedException[translog stream is corrupted, expected: 0xa94db8f6, got: 0x68c36736];
	at org.elasticsearch.index.engine.InternalEngine.recoverFromTranslog(InternalEngine.java:251)
	at org.elasticsearch.index.engine.InternalEngine.<init>(InternalEngine.java:172)
	... 17 more
Caused by: TranslogCorruptedException[translog corruption while reading from stream]; nested: TranslogCorruptedException[translog stream is corrupted, expected: 0xa94db8f6, got: 0x68c36736];
	at org.elasticsearch.index.translog.Translog.readOperation(Translog.java:1133)
	at org.elasticsearch.index.translog.BaseTranslogReader.read(BaseTranslogReader.java:114)
	at org.elasticsearch.index.translog.TranslogSnapshot.readOperation(TranslogSnapshot.java:70)
	at org.elasticsearch.index.translog.TranslogSnapshot.next(TranslogSnapshot.java:61)
	at org.elasticsearch.index.translog.MultiSnapshot.next(MultiSnapshot.java:53)
	at org.elasticsearch.index.engine.InternalEngine.recoverFromTranslog(InternalEngine.java:237)
	... 18 more
Caused by: TranslogCorruptedException[translog stream is corrupted, expected: 0xa94db8f6, got: 0x68c36736]
	at org.elasticsearch.index.translog.Translog.verifyChecksum(Translog.java:1091)
	at org.elasticsearch.index.translog.Translog.readOperation(Translog.java:1123)
	... 23 more
[2016-03-29 17:31:12,584][WARN ][org.elasticsearch.indices.cluster] [node_s0] [[test][0]] marking and sending shard failed due to [failed recovery]
[test][[test][0]] IndexShardRecoveryException[failed to recovery from gateway]; nested: EngineCreationFailureException[failed to recover from translog]; nested: EngineException[failed to recover from translog]; nested: TranslogCorruptedException[translog corruption while reading from stream]; nested: TranslogCorruptedException[translog stream is corrupted, expected: 0xa94db8f6, got: 0x68c36736];
	at org.elasticsearch.index.shard.StoreRecovery.internalRecoverFromStore(StoreRecovery.java:234)
	at org.elasticsearch.index.shard.StoreRecovery.lambda$recoverFromStore$184(StoreRecovery.java:77)
	at org.elasticsearch.index.shard.StoreRecovery$$Lambda$696/1752519311.run(Unknown Source)
	at org.elasticsearch.index.shard.StoreRecovery.executeRecovery(StoreRecovery.java:122)
	at org.elasticsearch.index.shard.StoreRecovery.recoverFromStore(StoreRecovery.java:75)
	at org.elasticsearch.index.shard.IndexShard.recoverFromStore(IndexShard.java:1059)
	at org.elasticsearch.indices.cluster.IndicesClusterStateService.lambda$applyInitializingShard$190(IndicesClusterStateService.java:648)
	at org.elasticsearch.indices.cluster.IndicesClusterStateService$$Lambda$694/1687235994.run(Unknown Source)
	at java.util.concurrent.ThreadPoolExecutor.runWorker(ThreadPoolExecutor.java:1142)
	at java.util.concurrent.ThreadPoolExecutor$Worker.run(ThreadPoolExecutor.java:617)
	at java.lang.Thread.run(Thread.java:745)
Caused by: [test][[test][0]] EngineCreationFailureException[failed to recover from translog]; nested: EngineException[failed to recover from translog]; nested: TranslogCorruptedException[translog corruption while reading from stream]; nested: TranslogCorruptedException[translog stream is corrupted, expected: 0xa94db8f6, got: 0x68c36736];
	at org.elasticsearch.index.engine.InternalEngine.<init>(InternalEngine.java:175)
	at org.elasticsearch.test.engine.MockInternalEngine.<init>(MockInternalEngine.java:36)
	at org.elasticsearch.test.engine.MockEngineFactory.newReadWriteEngine(MockEngineFactory.java:36)
	at org.elasticsearch.index.shard.IndexShard.newEngine(IndexShard.java:1310)
	at org.elasticsearch.index.shard.IndexShard.createNewEngine(IndexShard.java:1305)
	at org.elasticsearch.index.shard.IndexShard.internalPerformTranslogRecovery(IndexShard.java:888)
	at org.elasticsearch.index.shard.IndexShard.performTranslogRecovery(IndexShard.java:866)
	at org.elasticsearch.index.shard.StoreRecovery.internalRecoverFromStore(StoreRecovery.java:230)
	... 10 more
Caused by: [test][[test][0]] EngineException[failed to recover from translog]; nested: TranslogCorruptedException[translog corruption while reading from stream]; nested: TranslogCorruptedException[translog stream is corrupted, expected: 0xa94db8f6, got: 0x68c36736];
	at org.elasticsearch.index.engine.InternalEngine.recoverFromTranslog(InternalEngine.java:251)
	at org.elasticsearch.index.engine.InternalEngine.<init>(InternalEngine.java:172)
	... 17 more
Caused by: TranslogCorruptedException[translog corruption while reading from stream]; nested: TranslogCorruptedException[translog stream is corrupted, expected: 0xa94db8f6, got: 0x68c36736];
	at org.elasticsearch.index.translog.Translog.readOperation(Translog.java:1133)
	at org.elasticsearch.index.translog.BaseTranslogReader.read(BaseTranslogReader.java:114)
	at org.elasticsearch.index.translog.TranslogSnapshot.readOperation(TranslogSnapshot.java:70)
	at org.elasticsearch.index.translog.TranslogSnapshot.next(TranslogSnapshot.java:61)
	at org.elasticsearch.index.translog.MultiSnapshot.next(MultiSnapshot.java:53)
	at org.elasticsearch.index.engine.InternalEngine.recoverFromTranslog(InternalEngine.java:237)
	... 18 more
Caused by: TranslogCorruptedException[translog stream is corrupted, expected: 0xa94db8f6, got: 0x68c36736]
	at org.elasticsearch.index.translog.Translog.verifyChecksum(Translog.java:1091)
	at org.elasticsearch.index.translog.Translog.readOperation(Translog.java:1123)
	... 23 more
[2016-03-29 17:31:12,584][WARN ][org.elasticsearch.cluster.action.shard] [node_s0] [test][0] received shard failed for [test][0], node[Y27JbEqhQsSb7nUkvqXFqw], [P], v[3], s[INITIALIZING], a[id=5fMldZQ6QvuHwZiruSQy4g], unassigned_info[[reason=ALLOCATION_FAILED], at[2016-03-29T21:31:12.576Z], details[failed recovery, failure IndexShardRecoveryException[failed to recovery from gateway]; nested: EngineCreationFailureException[failed to recover from translog]; nested: EngineException[failed to recover from translog]; nested: TranslogCorruptedException[translog corruption while reading from stream]; nested: TranslogCorruptedException[translog stream is corrupted, expected: 0xa94db8f6, got: 0x68c36736]; ]], indexUUID [1CWRzkvfRB-D3v8U1_ZpEQ], message [failed recovery], failure [IndexShardRecoveryException[failed to recovery from gateway]; nested: EngineCreationFailureException[failed to recover from translog]; nested: EngineException[failed to recover from translog]; nested: TranslogCorruptedException[translog corruption while reading from stream]; nested: TranslogCorruptedException[translog stream is corrupted, expected: 0xa94db8f6, got: 0x68c36736]; ]
[test][[test][0]] IndexShardRecoveryException[failed to recovery from gateway]; nested: EngineCreationFailureException[failed to recover from translog]; nested: EngineException[failed to recover from translog]; nested: TranslogCorruptedException[translog corruption while reading from stream]; nested: TranslogCorruptedException[translog stream is corrupted, expected: 0xa94db8f6, got: 0x68c36736];
	at org.elasticsearch.index.shard.StoreRecovery.internalRecoverFromStore(StoreRecovery.java:234)
	at org.elasticsearch.index.shard.StoreRecovery.lambda$recoverFromStore$184(StoreRecovery.java:77)
	at org.elasticsearch.index.shard.StoreRecovery$$Lambda$696/1752519311.run(Unknown Source)
	at org.elasticsearch.index.shard.StoreRecovery.executeRecovery(StoreRecovery.java:122)
	at org.elasticsearch.index.shard.StoreRecovery.recoverFromStore(StoreRecovery.java:75)
	at org.elasticsearch.index.shard.IndexShard.recoverFromStore(IndexShard.java:1059)
	at org.elasticsearch.indices.cluster.IndicesClusterStateService.lambda$applyInitializingShard$190(IndicesClusterStateService.java:648)
	at org.elasticsearch.indices.cluster.IndicesClusterStateService$$Lambda$694/1687235994.run(Unknown Source)
	at java.util.concurrent.ThreadPoolExecutor.runWorker(ThreadPoolExecutor.java:1142)
	at java.util.concurrent.ThreadPoolExecutor$Worker.run(ThreadPoolExecutor.java:617)
	at java.lang.Thread.run(Thread.java:745)
Caused by: [test][[test][0]] EngineCreationFailureException[failed to recover from translog]; nested: EngineException[failed to recover from translog]; nested: TranslogCorruptedException[translog corruption while reading from stream]; nested: TranslogCorruptedException[translog stream is corrupted, expected: 0xa94db8f6, got: 0x68c36736];
	at org.elasticsearch.index.engine.InternalEngine.<init>(InternalEngine.java:175)
	at org.elasticsearch.test.engine.MockInternalEngine.<init>(MockInternalEngine.java:36)
	at org.elasticsearch.test.engine.MockEngineFactory.newReadWriteEngine(MockEngineFactory.java:36)
	at org.elasticsearch.index.shard.IndexShard.newEngine(IndexShard.java:1310)
	at org.elasticsearch.index.shard.IndexShard.createNewEngine(IndexShard.java:1305)
	at org.elasticsearch.index.shard.IndexShard.internalPerformTranslogRecovery(IndexShard.java:888)
	at org.elasticsearch.index.shard.IndexShard.performTranslogRecovery(IndexShard.java:866)
	at org.elasticsearch.index.shard.StoreRecovery.internalRecoverFromStore(StoreRecovery.java:230)
	... 10 more
Caused by: [test][[test][0]] EngineException[failed to recover from translog]; nested: TranslogCorruptedException[translog corruption while reading from stream]; nested: TranslogCorruptedException[translog stream is corrupted, expected: 0xa94db8f6, got: 0x68c36736];
	at org.elasticsearch.index.engine.InternalEngine.recoverFromTranslog(InternalEngine.java:251)
	at org.elasticsearch.index.engine.InternalEngine.<init>(InternalEngine.java:172)
	... 17 more
Caused by: TranslogCorruptedException[translog corruption while reading from stream]; nested: TranslogCorruptedException[translog stream is corrupted, expected: 0xa94db8f6, got: 0x68c36736];
	at org.elasticsearch.index.translog.Translog.readOperation(Translog.java:1133)
	at org.elasticsearch.index.translog.BaseTranslogReader.read(BaseTranslogReader.java:114)
	at org.elasticsearch.index.translog.TranslogSnapshot.readOperation(TranslogSnapshot.java:70)
	at org.elasticsearch.index.translog.TranslogSnapshot.next(TranslogSnapshot.java:61)
	at org.elasticsearch.index.translog.MultiSnapshot.next(MultiSnapshot.java:53)
	at org.elasticsearch.index.engine.InternalEngine.recoverFromTranslog(InternalEngine.java:237)
	... 18 more
Caused by: TranslogCorruptedException[translog stream is corrupted, expected: 0xa94db8f6, got: 0x68c36736]
	at org.elasticsearch.index.translog.Translog.verifyChecksum(Translog.java:1091)
	at org.elasticsearch.index.translog.Translog.readOperation(Translog.java:1123)
	... 23 more
[2016-03-29 17:31:12,597][WARN ][org.elasticsearch.indices.cluster] [node_s0] [[test][0]] marking and sending shard failed due to [failed recovery]
[test][[test][0]] IndexShardRecoveryException[failed to recovery from gateway]; nested: EngineCreationFailureException[failed to recover from translog]; nested: EngineException[failed to recover from translog]; nested: TranslogCorruptedException[translog corruption while reading from stream]; nested: TranslogCorruptedException[translog stream is corrupted, expected: 0xa94db8f6, got: 0x68c36736];
	at org.elasticsearch.index.shard.StoreRecovery.internalRecoverFromStore(StoreRecovery.java:234)
	at org.elasticsearch.index.shard.StoreRecovery.lambda$recoverFromStore$184(StoreRecovery.java:77)
	at org.elasticsearch.index.shard.StoreRecovery$$Lambda$696/1752519311.run(Unknown Source)
	at org.elasticsearch.index.shard.StoreRecovery.executeRecovery(StoreRecovery.java:122)
	at org.elasticsearch.index.shard.StoreRecovery.recoverFromStore(StoreRecovery.java:75)
	at org.elasticsearch.index.shard.IndexShard.recoverFromStore(IndexShard.java:1059)
	at org.elasticsearch.indices.cluster.IndicesClusterStateService.lambda$applyInitializingShard$190(IndicesClusterStateService.java:648)
	at org.elasticsearch.indices.cluster.IndicesClusterStateService$$Lambda$694/1687235994.run(Unknown Source)
	at java.util.concurrent.ThreadPoolExecutor.runWorker(ThreadPoolExecutor.java:1142)
	at java.util.concurrent.ThreadPoolExecutor$Worker.run(ThreadPoolExecutor.java:617)
	at java.lang.Thread.run(Thread.java:745)
Caused by: [test][[test][0]] EngineCreationFailureException[failed to recover from translog]; nested: EngineException[failed to recover from translog]; nested: TranslogCorruptedException[translog corruption while reading from stream]; nested: TranslogCorruptedException[translog stream is corrupted, expected: 0xa94db8f6, got: 0x68c36736];
	at org.elasticsearch.index.engine.InternalEngine.<init>(InternalEngine.java:175)
	at org.elasticsearch.test.engine.MockInternalEngine.<init>(MockInternalEngine.java:36)
	at org.elasticsearch.test.engine.MockEngineFactory.newReadWriteEngine(MockEngineFactory.java:36)
	at org.elasticsearch.index.shard.IndexShard.newEngine(IndexShard.java:1310)
	at org.elasticsearch.index.shard.IndexShard.createNewEngine(IndexShard.java:1305)
	at org.elasticsearch.index.shard.IndexShard.internalPerformTranslogRecovery(IndexShard.java:888)
	at org.elasticsearch.index.shard.IndexShard.performTranslogRecovery(IndexShard.java:866)
	at org.elasticsearch.index.shard.StoreRecovery.internalRecoverFromStore(StoreRecovery.java:230)
	... 10 more
Caused by: [test][[test][0]] EngineException[failed to recover from translog]; nested: TranslogCorruptedException[translog corruption while reading from stream]; nested: TranslogCorruptedException[translog stream is corrupted, expected: 0xa94db8f6, got: 0x68c36736];
	at org.elasticsearch.index.engine.InternalEngine.recoverFromTranslog(InternalEngine.java:251)
	at org.elasticsearch.index.engine.InternalEngine.<init>(InternalEngine.java:172)
	... 17 more
Caused by: TranslogCorruptedException[translog corruption while reading from stream]; nested: TranslogCorruptedException[translog stream is corrupted, expected: 0xa94db8f6, got: 0x68c36736];
	at org.elasticsearch.index.translog.Translog.readOperation(Translog.java:1133)
	at org.elasticsearch.index.translog.BaseTranslogReader.read(BaseTranslogReader.java:114)
	at org.elasticsearch.index.translog.TranslogSnapshot.readOperation(TranslogSnapshot.java:70)
	at org.elasticsearch.index.translog.TranslogSnapshot.next(TranslogSnapshot.java:61)
	at org.elasticsearch.index.translog.MultiSnapshot.next(MultiSnapshot.java:53)
	at org.elasticsearch.index.engine.InternalEngine.recoverFromTranslog(InternalEngine.java:237)
	... 18 more
Caused by: TranslogCorruptedException[translog stream is corrupted, expected: 0xa94db8f6, got: 0x68c36736]
	at org.elasticsearch.index.translog.Translog.verifyChecksum(Translog.java:1091)
	at org.elasticsearch.index.translog.Translog.readOperation(Translog.java:1123)
	... 23 more
[2016-03-29 17:31:12,597][WARN ][org.elasticsearch.cluster.action.shard] [node_s0] [test][0] received shard failed for [test][0], node[Y27JbEqhQsSb7nUkvqXFqw], [P], v[3], s[INITIALIZING], a[id=Er7YFagxQWCM_ekhNp3Xzw], unassigned_info[[reason=ALLOCATION_FAILED], at[2016-03-29T21:31:12.585Z], details[failed recovery, failure IndexShardRecoveryException[failed to recovery from gateway]; nested: EngineCreationFailureException[failed to recover from translog]; nested: EngineException[failed to recover from translog]; nested: TranslogCorruptedException[translog corruption while reading from stream]; nested: TranslogCorruptedException[translog stream is corrupted, expected: 0xa94db8f6, got: 0x68c36736]; ]], indexUUID [1CWRzkvfRB-D3v8U1_ZpEQ], message [failed recovery], failure [IndexShardRecoveryException[failed to recovery from gateway]; nested: EngineCreationFailureException[failed to recover from translog]; nested: EngineException[failed to recover from translog]; nested: TranslogCorruptedException[translog corruption while reading from stream]; nested: TranslogCorruptedException[translog stream is corrupted, expected: 0xa94db8f6, got: 0x68c36736]; ]
[test][[test][0]] IndexShardRecoveryException[failed to recovery from gateway]; nested: EngineCreationFailureException[failed to recover from translog]; nested: EngineException[failed to recover from translog]; nested: TranslogCorruptedException[translog corruption while reading from stream]; nested: TranslogCorruptedException[translog stream is corrupted, expected: 0xa94db8f6, got: 0x68c36736];
	at org.elasticsearch.index.shard.StoreRecovery.internalRecoverFromStore(StoreRecovery.java:234)
	at org.elasticsearch.index.shard.StoreRecovery.lambda$recoverFromStore$184(StoreRecovery.java:77)
	at org.elasticsearch.index.shard.StoreRecovery$$Lambda$696/1752519311.run(Unknown Source)
	at org.elasticsearch.index.shard.StoreRecovery.executeRecovery(StoreRecovery.java:122)
	at org.elasticsearch.index.shard.StoreRecovery.recoverFromStore(StoreRecovery.java:75)
	at org.elasticsearch.index.shard.IndexShard.recoverFromStore(IndexShard.java:1059)
	at org.elasticsearch.indices.cluster.IndicesClusterStateService.lambda$applyInitializingShard$190(IndicesClusterStateService.java:648)
	at org.elasticsearch.indices.cluster.IndicesClusterStateService$$Lambda$694/1687235994.run(Unknown Source)
	at java.util.concurrent.ThreadPoolExecutor.runWorker(ThreadPoolExecutor.java:1142)
	at java.util.concurrent.ThreadPoolExecutor$Worker.run(ThreadPoolExecutor.java:617)
	at java.lang.Thread.run(Thread.java:745)
Caused by: [test][[test][0]] EngineCreationFailureException[failed to recover from translog]; nested: EngineException[failed to recover from translog]; nested: TranslogCorruptedException[translog corruption while reading from stream]; nested: TranslogCorruptedException[translog stream is corrupted, expected: 0xa94db8f6, got: 0x68c36736];
	at org.elasticsearch.index.engine.InternalEngine.<init>(InternalEngine.java:175)
	at org.elasticsearch.test.engine.MockInternalEngine.<init>(MockInternalEngine.java:36)
	at org.elasticsearch.test.engine.MockEngineFactory.newReadWriteEngine(MockEngineFactory.java:36)
	at org.elasticsearch.index.shard.IndexShard.newEngine(IndexShard.java:1310)
	at org.elasticsearch.index.shard.IndexShard.createNewEngine(IndexShard.java:1305)
	at org.elasticsearch.index.shard.IndexShard.internalPerformTranslogRecovery(IndexShard.java:888)
	at org.elasticsearch.index.shard.IndexShard.performTranslogRecovery(IndexShard.java:866)
	at org.elasticsearch.index.shard.StoreRecovery.internalRecoverFromStore(StoreRecovery.java:230)
	... 10 more
Caused by: [test][[test][0]] EngineException[failed to recover from translog]; nested: TranslogCorruptedException[translog corruption while reading from stream]; nested: TranslogCorruptedException[translog stream is corrupted, expected: 0xa94db8f6, got: 0x68c36736];
	at org.elasticsearch.index.engine.InternalEngine.recoverFromTranslog(InternalEngine.java:251)
	at org.elasticsearch.index.engine.InternalEngine.<init>(InternalEngine.java:172)
	... 17 more
Caused by: TranslogCorruptedException[translog corruption while reading from stream]; nested: TranslogCorruptedException[translog stream is corrupted, expected: 0xa94db8f6, got: 0x68c36736];
	at org.elasticsearch.index.translog.Translog.readOperation(Translog.java:1133)
	at org.elasticsearch.index.translog.BaseTranslogReader.read(BaseTranslogReader.java:114)
	at org.elasticsearch.index.translog.TranslogSnapshot.readOperation(TranslogSnapshot.java:70)
	at org.elasticsearch.index.translog.TranslogSnapshot.next(TranslogSnapshot.java:61)
	at org.elasticsearch.index.translog.MultiSnapshot.next(MultiSnapshot.java:53)
	at org.elasticsearch.index.engine.InternalEngine.recoverFromTranslog(InternalEngine.java:237)
	... 18 more
Caused by: TranslogCorruptedException[translog stream is corrupted, expected: 0xa94db8f6, got: 0x68c36736]
	at org.elasticsearch.index.translog.Translog.verifyChecksum(Translog.java:1091)
	at org.elasticsearch.index.translog.Translog.readOperation(Translog.java:1123)
	... 23 more
[2016-03-29 17:31:12,605][WARN ][org.elasticsearch.indices.cluster] [node_s0] [[test][0]] marking and sending shard failed due to [failed recovery]
[test][[test][0]] IndexShardRecoveryException[failed to recovery from gateway]; nested: EngineCreationFailureException[failed to recover from translog]; nested: EngineException[failed to recover from translog]; nested: TranslogCorruptedException[translog corruption while reading from stream]; nested: TranslogCorruptedException[translog stream is corrupted, expected: 0xa94db8f6, got: 0x68c36736];
	at org.elasticsearch.index.shard.StoreRecovery.internalRecoverFromStore(StoreRecovery.java:234)
	at org.elasticsearch.index.shard.StoreRecovery.lambda$recoverFromStore$184(StoreRecovery.java:77)
	at org.elasticsearch.index.shard.StoreRecovery$$Lambda$696/1752519311.run(Unknown Source)
	at org.elasticsearch.index.shard.StoreRecovery.executeRecovery(StoreRecovery.java:122)
	at org.elasticsearch.index.shard.StoreRecovery.recoverFromStore(StoreRecovery.java:75)
	at org.elasticsearch.index.shard.IndexShard.recoverFromStore(IndexShard.java:1059)
	at org.elasticsearch.indices.cluster.IndicesClusterStateService.lambda$applyInitializingShard$190(IndicesClusterStateService.java:648)
	at org.elasticsearch.indices.cluster.IndicesClusterStateService$$Lambda$694/1687235994.run(Unknown Source)
	at java.util.concurrent.ThreadPoolExecutor.runWorker(ThreadPoolExecutor.java:1142)
	at java.util.concurrent.ThreadPoolExecutor$Worker.run(ThreadPoolExecutor.java:617)
	at java.lang.Thread.run(Thread.java:745)
Caused by: [test][[test][0]] EngineCreationFailureException[failed to recover from translog]; nested: EngineException[failed to recover from translog]; nested: TranslogCorruptedException[translog corruption while reading from stream]; nested: TranslogCorruptedException[translog stream is corrupted, expected: 0xa94db8f6, got: 0x68c36736];
	at org.elasticsearch.index.engine.InternalEngine.<init>(InternalEngine.java:175)
	at org.elasticsearch.test.engine.MockInternalEngine.<init>(MockInternalEngine.java:36)
	at org.elasticsearch.test.engine.MockEngineFactory.newReadWriteEngine(MockEngineFactory.java:36)
	at org.elasticsearch.index.shard.IndexShard.newEngine(IndexShard.java:1310)
	at org.elasticsearch.index.shard.IndexShard.createNewEngine(IndexShard.java:1305)
	at org.elasticsearch.index.shard.IndexShard.internalPerformTranslogRecovery(IndexShard.java:888)
	at org.elasticsearch.index.shard.IndexShard.performTranslogRecovery(IndexShard.java:866)
	at org.elasticsearch.index.shard.StoreRecovery.internalRecoverFromStore(StoreRecovery.java:230)
	... 10 more
Caused by: [test][[test][0]] EngineException[failed to recover from translog]; nested: TranslogCorruptedException[translog corruption while reading from stream]; nested: TranslogCorruptedException[translog stream is corrupted, expected: 0xa94db8f6, got: 0x68c36736];
	at org.elasticsearch.index.engine.InternalEngine.recoverFromTranslog(InternalEngine.java:251)
	at org.elasticsearch.index.engine.InternalEngine.<init>(InternalEngine.java:172)
	... 17 more
Caused by: TranslogCorruptedException[translog corruption while reading from stream]; nested: TranslogCorruptedException[translog stream is corrupted, expected: 0xa94db8f6, got: 0x68c36736];
	at org.elasticsearch.index.translog.Translog.readOperation(Translog.java:1133)
	at org.elasticsearch.index.translog.BaseTranslogReader.read(BaseTranslogReader.java:114)
	at org.elasticsearch.index.translog.TranslogSnapshot.readOperation(TranslogSnapshot.java:70)
	at org.elasticsearch.index.translog.TranslogSnapshot.next(TranslogSnapshot.java:61)
	at org.elasticsearch.index.translog.MultiSnapshot.next(MultiSnapshot.java:53)
	at org.elasticsearch.index.engine.InternalEngine.recoverFromTranslog(InternalEngine.java:237)
	... 18 more
Caused by: TranslogCorruptedException[translog stream is corrupted, expected: 0xa94db8f6, got: 0x68c36736]
	at org.elasticsearch.index.translog.Translog.verifyChecksum(Translog.java:1091)
	at org.elasticsearch.index.translog.Translog.readOperation(Translog.java:1123)
	... 23 more
[2016-03-29 17:31:12,606][WARN ][org.elasticsearch.cluster.action.shard] [node_s0] [test][0] received shard failed for [test][0], node[Y27JbEqhQsSb7nUkvqXFqw], [P], v[3], s[INITIALIZING], a[id=oXOfMbytS0amW4lZBE3mQA], unassigned_info[[reason=ALLOCATION_FAILED], at[2016-03-29T21:31:12.598Z], details[failed recovery, failure IndexShardRecoveryException[failed to recovery from gateway]; nested: EngineCreationFailureException[failed to recover from translog]; nested: EngineException[failed to recover from translog]; nested: TranslogCorruptedException[translog corruption while reading from stream]; nested: TranslogCorruptedException[translog stream is corrupted, expected: 0xa94db8f6, got: 0x68c36736]; ]], indexUUID [1CWRzkvfRB-D3v8U1_ZpEQ], message [failed recovery], failure [IndexShardRecoveryException[failed to recovery from gateway]; nested: EngineCreationFailureException[failed to recover from translog]; nested: EngineException[failed to recover from translog]; nested: TranslogCorruptedException[translog corruption while reading from stream]; nested: TranslogCorruptedException[translog stream is corrupted, expected: 0xa94db8f6, got: 0x68c36736]; ]
[test][[test][0]] IndexShardRecoveryException[failed to recovery from gateway]; nested: EngineCreationFailureException[failed to recover from translog]; nested: EngineException[failed to recover from translog]; nested: TranslogCorruptedException[translog corruption while reading from stream]; nested: TranslogCorruptedException[translog stream is corrupted, expected: 0xa94db8f6, got: 0x68c36736];
	at org.elasticsearch.index.shard.StoreRecovery.internalRecoverFromStore(StoreRecovery.java:234)
	at org.elasticsearch.index.shard.StoreRecovery.lambda$recoverFromStore$184(StoreRecovery.java:77)
	at org.elasticsearch.index.shard.StoreRecovery$$Lambda$696/1752519311.run(Unknown Source)
	at org.elasticsearch.index.shard.StoreRecovery.executeRecovery(StoreRecovery.java:122)
	at org.elasticsearch.index.shard.StoreRecovery.recoverFromStore(StoreRecovery.java:75)
	at org.elasticsearch.index.shard.IndexShard.recoverFromStore(IndexShard.java:1059)
	at org.elasticsearch.indices.cluster.IndicesClusterStateService.lambda$applyInitializingShard$190(IndicesClusterStateService.java:648)
	at org.elasticsearch.indices.cluster.IndicesClusterStateService$$Lambda$694/1687235994.run(Unknown Source)
	at java.util.concurrent.ThreadPoolExecutor.runWorker(ThreadPoolExecutor.java:1142)
	at java.util.concurrent.ThreadPoolExecutor$Worker.run(ThreadPoolExecutor.java:617)
	at java.lang.Thread.run(Thread.java:745)
Caused by: [test][[test][0]] EngineCreationFailureException[failed to recover from translog]; nested: EngineException[failed to recover from translog]; nested: TranslogCorruptedException[translog corruption while reading from stream]; nested: TranslogCorruptedException[translog stream is corrupted, expected: 0xa94db8f6, got: 0x68c36736];
	at org.elasticsearch.index.engine.InternalEngine.<init>(InternalEngine.java:175)
	at org.elasticsearch.test.engine.MockInternalEngine.<init>(MockInternalEngine.java:36)
	at org.elasticsearch.test.engine.MockEngineFactory.newReadWriteEngine(MockEngineFactory.java:36)
	at org.elasticsearch.index.shard.IndexShard.newEngine(IndexShard.java:1310)
	at org.elasticsearch.index.shard.IndexShard.createNewEngine(IndexShard.java:1305)
	at org.elasticsearch.index.shard.IndexShard.internalPerformTranslogRecovery(IndexShard.java:888)
	at org.elasticsearch.index.shard.IndexShard.performTranslogRecovery(IndexShard.java:866)
	at org.elasticsearch.index.shard.StoreRecovery.internalRecoverFromStore(StoreRecovery.java:230)
	... 10 more
Caused by: [test][[test][0]] EngineException[failed to recover from translog]; nested: TranslogCorruptedException[translog corruption while reading from stream]; nested: TranslogCorruptedException[translog stream is corrupted, expected: 0xa94db8f6, got: 0x68c36736];
	at org.elasticsearch.index.engine.InternalEngine.recoverFromTranslog(InternalEngine.java:251)
	at org.elasticsearch.index.engine.InternalEngine.<init>(InternalEngine.java:172)
	... 17 more
Caused by: TranslogCorruptedException[translog corruption while reading from stream]; nested: TranslogCorruptedException[translog stream is corrupted, expected: 0xa94db8f6, got: 0x68c36736];
	at org.elasticsearch.index.translog.Translog.readOperation(Translog.java:1133)
	at org.elasticsearch.index.translog.BaseTranslogReader.read(BaseTranslogReader.java:114)
	at org.elasticsearch.index.translog.TranslogSnapshot.readOperation(TranslogSnapshot.java:70)
	at org.elasticsearch.index.translog.TranslogSnapshot.next(TranslogSnapshot.java:61)
	at org.elasticsearch.index.translog.MultiSnapshot.next(MultiSnapshot.java:53)
	at org.elasticsearch.index.engine.InternalEngine.recoverFromTranslog(InternalEngine.java:237)
	... 18 more
Caused by: TranslogCorruptedException[translog stream is corrupted, expected: 0xa94db8f6, got: 0x68c36736]
	at org.elasticsearch.index.translog.Translog.verifyChecksum(Translog.java:1091)
	at org.elasticsearch.index.translog.Translog.readOperation(Translog.java:1123)
	... 23 more
[2016-03-29 17:31:12,614][WARN ][org.elasticsearch.indices.cluster] [node_s0] [[test][0]] marking and sending shard failed due to [failed recovery]
[test][[test][0]] IndexShardRecoveryException[failed to recovery from gateway]; nested: EngineCreationFailureException[failed to recover from translog]; nested: EngineException[failed to recover from translog]; nested: TranslogCorruptedException[translog corruption while reading from stream]; nested: TranslogCorruptedException[translog stream is corrupted, expected: 0xa94db8f6, got: 0x68c36736];
	at org.elasticsearch.index.shard.StoreRecovery.internalRecoverFromStore(StoreRecovery.java:234)
	at org.elasticsearch.index.shard.StoreRecovery.lambda$recoverFromStore$184(StoreRecovery.java:77)
	at org.elasticsearch.index.shard.StoreRecovery$$Lambda$696/1752519311.run(Unknown Source)
	at org.elasticsearch.index.shard.StoreRecovery.executeRecovery(StoreRecovery.java:122)
	at org.elasticsearch.index.shard.StoreRecovery.recoverFromStore(StoreRecovery.java:75)
	at org.elasticsearch.index.shard.IndexShard.recoverFromStore(IndexShard.java:1059)
	at org.elasticsearch.indices.cluster.IndicesClusterStateService.lambda$applyInitializingShard$190(IndicesClusterStateService.java:648)
	at org.elasticsearch.indices.cluster.IndicesClusterStateService$$Lambda$694/1687235994.run(Unknown Source)
	at java.util.concurrent.ThreadPoolExecutor.runWorker(ThreadPoolExecutor.java:1142)
	at java.util.concurrent.ThreadPoolExecutor$Worker.run(ThreadPoolExecutor.java:617)
	at java.lang.Thread.run(Thread.java:745)
Caused by: [test][[test][0]] EngineCreationFailureException[failed to recover from translog]; nested: EngineException[failed to recover from translog]; nested: TranslogCorruptedException[translog corruption while reading from stream]; nested: TranslogCorruptedException[translog stream is corrupted, expected: 0xa94db8f6, got: 0x68c36736];
	at org.elasticsearch.index.engine.InternalEngine.<init>(InternalEngine.java:175)
	at org.elasticsearch.test.engine.MockInternalEngine.<init>(MockInternalEngine.java:36)
	at org.elasticsearch.test.engine.MockEngineFactory.newReadWriteEngine(MockEngineFactory.java:36)
	at org.elasticsearch.index.shard.IndexShard.newEngine(IndexShard.java:1310)
	at org.elasticsearch.index.shard.IndexShard.createNewEngine(IndexShard.java:1305)
	at org.elasticsearch.index.shard.IndexShard.internalPerformTranslogRecovery(IndexShard.java:888)
	at org.elasticsearch.index.shard.IndexShard.performTranslogRecovery(IndexShard.java:866)
	at org.elasticsearch.index.shard.StoreRecovery.internalRecoverFromStore(StoreRecovery.java:230)
	... 10 more
Caused by: [test][[test][0]] EngineException[failed to recover from translog]; nested: TranslogCorruptedException[translog corruption while reading from stream]; nested: TranslogCorruptedException[translog stream is corrupted, expected: 0xa94db8f6, got: 0x68c36736];
	at org.elasticsearch.index.engine.InternalEngine.recoverFromTranslog(InternalEngine.java:251)
	at org.elasticsearch.index.engine.InternalEngine.<init>(InternalEngine.java:172)
	... 17 more
Caused by: TranslogCorruptedException[translog corruption while reading from stream]; nested: TranslogCorruptedException[translog stream is corrupted, expected: 0xa94db8f6, got: 0x68c36736];
	at org.elasticsearch.index.translog.Translog.readOperation(Translog.java:1133)
	at org.elasticsearch.index.translog.BaseTranslogReader.read(BaseTranslogReader.java:114)
	at org.elasticsearch.index.translog.TranslogSnapshot.readOperation(TranslogSnapshot.java:70)
	at org.elasticsearch.index.translog.TranslogSnapshot.next(TranslogSnapshot.java:61)
	at org.elasticsearch.index.translog.MultiSnapshot.next(MultiSnapshot.java:53)
	at org.elasticsearch.index.engine.InternalEngine.recoverFromTranslog(InternalEngine.java:237)
	... 18 more
Caused by: TranslogCorruptedException[translog stream is corrupted, expected: 0xa94db8f6, got: 0x68c36736]
	at org.elasticsearch.index.translog.Translog.verifyChecksum(Translog.java:1091)
	at org.elasticsearch.index.translog.Translog.readOperation(Translog.java:1123)
	... 23 more
[2016-03-29 17:31:12,615][WARN ][org.elasticsearch.cluster.action.shard] [node_s0] [test][0] received shard failed for [test][0], node[Y27JbEqhQsSb7nUkvqXFqw], [P], v[3], s[INITIALIZING], a[id=OxQgEENlTUG5l5etfCq4lQ], unassigned_info[[reason=ALLOCATION_FAILED], at[2016-03-29T21:31:12.606Z], details[failed recovery, failure IndexShardRecoveryException[failed to recovery from gateway]; nested: EngineCreationFailureException[failed to recover from translog]; nested: EngineException[failed to recover from translog]; nested: TranslogCorruptedException[translog corruption while reading from stream]; nested: TranslogCorruptedException[translog stream is corrupted, expected: 0xa94db8f6, got: 0x68c36736]; ]], indexUUID [1CWRzkvfRB-D3v8U1_ZpEQ], message [failed recovery], failure [IndexShardRecoveryException[failed to recovery from gateway]; nested: EngineCreationFailureException[failed to recover from translog]; nested: EngineException[failed to recover from translog]; nested: TranslogCorruptedException[translog corruption while reading from stream]; nested: TranslogCorruptedException[translog stream is corrupted, expected: 0xa94db8f6, got: 0x68c36736]; ]
[test][[test][0]] IndexShardRecoveryException[failed to recovery from gateway]; nested: EngineCreationFailureException[failed to recover from translog]; nested: EngineException[failed to recover from translog]; nested: TranslogCorruptedException[translog corruption while reading from stream]; nested: TranslogCorruptedException[translog stream is corrupted, expected: 0xa94db8f6, got: 0x68c36736];
	at org.elasticsearch.index.shard.StoreRecovery.internalRecoverFromStore(StoreRecovery.java:234)
	at org.elasticsearch.index.shard.StoreRecovery.lambda$recoverFromStore$184(StoreRecovery.java:77)
	at org.elasticsearch.index.shard.StoreRecovery$$Lambda$696/1752519311.run(Unknown Source)
	at org.elasticsearch.index.shard.StoreRecovery.executeRecovery(StoreRecovery.java:122)
	at org.elasticsearch.index.shard.StoreRecovery.recoverFromStore(StoreRecovery.java:75)
	at org.elasticsearch.index.shard.IndexShard.recoverFromStore(IndexShard.java:1059)
	at org.elasticsearch.indices.cluster.IndicesClusterStateService.lambda$applyInitializingShard$190(IndicesClusterStateService.java:648)
	at org.elasticsearch.indices.cluster.IndicesClusterStateService$$Lambda$694/1687235994.run(Unknown Source)
	at java.util.concurrent.ThreadPoolExecutor.runWorker(ThreadPoolExecutor.java:1142)
	at java.util.concurrent.ThreadPoolExecutor$Worker.run(ThreadPoolExecutor.java:617)
	at java.lang.Thread.run(Thread.java:745)
Caused by: [test][[test][0]] EngineCreationFailureException[failed to recover from translog]; nested: EngineException[failed to recover from translog]; nested: TranslogCorruptedException[translog corruption while reading from stream]; nested: TranslogCorruptedException[translog stream is corrupted, expected: 0xa94db8f6, got: 0x68c36736];
	at org.elasticsearch.index.engine.InternalEngine.<init>(InternalEngine.java:175)
	at org.elasticsearch.test.engine.MockInternalEngine.<init>(MockInternalEngine.java:36)
	at org.elasticsearch.test.engine.MockEngineFactory.newReadWriteEngine(MockEngineFactory.java:36)
	at org.elasticsearch.index.shard.IndexShard.newEngine(IndexShard.java:1310)
	at org.elasticsearch.index.shard.IndexShard.createNewEngine(IndexShard.java:1305)
	at org.elasticsearch.index.shard.IndexShard.internalPerformTranslogRecovery(IndexShard.java:888)
	at org.elasticsearch.index.shard.IndexShard.performTranslogRecovery(IndexShard.java:866)
	at org.elasticsearch.index.shard.StoreRecovery.internalRecoverFromStore(StoreRecovery.java:230)
	... 10 more
Caused by: [test][[test][0]] EngineException[failed to recover from translog]; nested: TranslogCorruptedException[translog corruption while reading from stream]; nested: TranslogCorruptedException[translog stream is corrupted, expected: 0xa94db8f6, got: 0x68c36736];
	at org.elasticsearch.index.engine.InternalEngine.recoverFromTranslog(InternalEngine.java:251)
	at org.elasticsearch.index.engine.InternalEngine.<init>(InternalEngine.java:172)
	... 17 more
Caused by: TranslogCorruptedException[translog corruption while reading from stream]; nested: TranslogCorruptedException[translog stream is corrupted, expected: 0xa94db8f6, got: 0x68c36736];
	at org.elasticsearch.index.translog.Translog.readOperation(Translog.java:1133)
	at org.elasticsearch.index.translog.BaseTranslogReader.read(BaseTranslogReader.java:114)
	at org.elasticsearch.index.translog.TranslogSnapshot.readOperation(TranslogSnapshot.java:70)
	at org.elasticsearch.index.translog.TranslogSnapshot.next(TranslogSnapshot.java:61)
	at org.elasticsearch.index.translog.MultiSnapshot.next(MultiSnapshot.java:53)
	at org.elasticsearch.index.engine.InternalEngine.recoverFromTranslog(InternalEngine.java:237)
	... 18 more
Caused by: TranslogCorruptedException[translog stream is corrupted, expected: 0xa94db8f6, got: 0x68c36736]
	at org.elasticsearch.index.translog.Translog.verifyChecksum(Translog.java:1091)
	at org.elasticsearch.index.translog.Translog.readOperation(Translog.java:1123)
	... 23 more
[2016-03-29 17:31:12,624][WARN ][org.elasticsearch.indices.cluster] [node_s0] [[test][0]] marking and sending shard failed due to [failed recovery]
[test][[test][0]] IndexShardRecoveryException[failed to recovery from gateway]; nested: EngineCreationFailureException[failed to recover from translog]; nested: EngineException[failed to recover from translog]; nested: TranslogCorruptedException[translog corruption while reading from stream]; nested: TranslogCorruptedException[translog stream is corrupted, expected: 0xa94db8f6, got: 0x68c36736];
	at org.elasticsearch.index.shard.StoreRecovery.internalRecoverFromStore(StoreRecovery.java:234)
	at org.elasticsearch.index.shard.StoreRecovery.lambda$recoverFromStore$184(StoreRecovery.java:77)
	at org.elasticsearch.index.shard.StoreRecovery$$Lambda$696/1752519311.run(Unknown Source)
	at org.elasticsearch.index.shard.StoreRecovery.executeRecovery(StoreRecovery.java:122)
	at org.elasticsearch.index.shard.StoreRecovery.recoverFromStore(StoreRecovery.java:75)
	at org.elasticsearch.index.shard.IndexShard.recoverFromStore(IndexShard.java:1059)
	at org.elasticsearch.indices.cluster.IndicesClusterStateService.lambda$applyInitializingShard$190(IndicesClusterStateService.java:648)
	at org.elasticsearch.indices.cluster.IndicesClusterStateService$$Lambda$694/1687235994.run(Unknown Source)
	at java.util.concurrent.ThreadPoolExecutor.runWorker(ThreadPoolExecutor.java:1142)
	at java.util.concurrent.ThreadPoolExecutor$Worker.run(ThreadPoolExecutor.java:617)
	at java.lang.Thread.run(Thread.java:745)
Caused by: [test][[test][0]] EngineCreationFailureException[failed to recover from translog]; nested: EngineException[failed to recover from translog]; nested: TranslogCorruptedException[translog corruption while reading from stream]; nested: TranslogCorruptedException[translog stream is corrupted, expected: 0xa94db8f6, got: 0x68c36736];
	at org.elasticsearch.index.engine.InternalEngine.<init>(InternalEngine.java:175)
	at org.elasticsearch.test.engine.MockInternalEngine.<init>(MockInternalEngine.java:36)
	at org.elasticsearch.test.engine.MockEngineFactory.newReadWriteEngine(MockEngineFactory.java:36)
	at org.elasticsearch.index.shard.IndexShard.newEngine(IndexShard.java:1310)
	at org.elasticsearch.index.shard.IndexShard.createNewEngine(IndexShard.java:1305)
	at org.elasticsearch.index.shard.IndexShard.internalPerformTranslogRecovery(IndexShard.java:888)
	at org.elasticsearch.index.shard.IndexShard.performTranslogRecovery(IndexShard.java:866)
	at org.elasticsearch.index.shard.StoreRecovery.internalRecoverFromStore(StoreRecovery.java:230)
	... 10 more
Caused by: [test][[test][0]] EngineException[failed to recover from translog]; nested: TranslogCorruptedException[translog corruption while reading from stream]; nested: TranslogCorruptedException[translog stream is corrupted, expected: 0xa94db8f6, got: 0x68c36736];
	at org.elasticsearch.index.engine.InternalEngine.recoverFromTranslog(InternalEngine.java:251)
	at org.elasticsearch.index.engine.InternalEngine.<init>(InternalEngine.java:172)
	... 17 more
Caused by: TranslogCorruptedException[translog corruption while reading from stream]; nested: TranslogCorruptedException[translog stream is corrupted, expected: 0xa94db8f6, got: 0x68c36736];
	at org.elasticsearch.index.translog.Translog.readOperation(Translog.java:1133)
	at org.elasticsearch.index.translog.BaseTranslogReader.read(BaseTranslogReader.java:114)
	at org.elasticsearch.index.translog.TranslogSnapshot.readOperation(TranslogSnapshot.java:70)
	at org.elasticsearch.index.translog.TranslogSnapshot.next(TranslogSnapshot.java:61)
	at org.elasticsearch.index.translog.MultiSnapshot.next(MultiSnapshot.java:53)
	at org.elasticsearch.index.engine.InternalEngine.recoverFromTranslog(InternalEngine.java:237)
	... 18 more
Caused by: TranslogCorruptedException[translog stream is corrupted, expected: 0xa94db8f6, got: 0x68c36736]
	at org.elasticsearch.index.translog.Translog.verifyChecksum(Translog.java:1091)
	at org.elasticsearch.index.translog.Translog.readOperation(Translog.java:1123)
	... 23 more
[2016-03-29 17:31:12,625][WARN ][org.elasticsearch.cluster.action.shard] [node_s0] [test][0] received shard failed for [test][0], node[Y27JbEqhQsSb7nUkvqXFqw], [P], v[3], s[INITIALIZING], a[id=CdcgCecASWOfmHVlnKQemg], unassigned_info[[reason=ALLOCATION_FAILED], at[2016-03-29T21:31:12.615Z], details[failed recovery, failure IndexShardRecoveryException[failed to recovery from gateway]; nested: EngineCreationFailureException[failed to recover from translog]; nested: EngineException[failed to recover from translog]; nested: TranslogCorruptedException[translog corruption while reading from stream]; nested: TranslogCorruptedException[translog stream is corrupted, expected: 0xa94db8f6, got: 0x68c36736]; ]], indexUUID [1CWRzkvfRB-D3v8U1_ZpEQ], message [failed recovery], failure [IndexShardRecoveryException[failed to recovery from gateway]; nested: EngineCreationFailureException[failed to recover from translog]; nested: EngineException[failed to recover from translog]; nested: TranslogCorruptedException[translog corruption while reading from stream]; nested: TranslogCorruptedException[translog stream is corrupted, expected: 0xa94db8f6, got: 0x68c36736]; ]
[test][[test][0]] IndexShardRecoveryException[failed to recovery from gateway]; nested: EngineCreationFailureException[failed to recover from translog]; nested: EngineException[failed to recover from translog]; nested: TranslogCorruptedException[translog corruption while reading from stream]; nested: TranslogCorruptedException[translog stream is corrupted, expected: 0xa94db8f6, got: 0x68c36736];
	at org.elasticsearch.index.shard.StoreRecovery.internalRecoverFromStore(StoreRecovery.java:234)
	at org.elasticsearch.index.shard.StoreRecovery.lambda$recoverFromStore$184(StoreRecovery.java:77)
	at org.elasticsearch.index.shard.StoreRecovery$$Lambda$696/1752519311.run(Unknown Source)
	at org.elasticsearch.index.shard.StoreRecovery.executeRecovery(StoreRecovery.java:122)
	at org.elasticsearch.index.shard.StoreRecovery.recoverFromStore(StoreRecovery.java:75)
	at org.elasticsearch.index.shard.IndexShard.recoverFromStore(IndexShard.java:1059)
	at org.elasticsearch.indices.cluster.IndicesClusterStateService.lambda$applyInitializingShard$190(IndicesClusterStateService.java:648)
	at org.elasticsearch.indices.cluster.IndicesClusterStateService$$Lambda$694/1687235994.run(Unknown Source)
	at java.util.concurrent.ThreadPoolExecutor.runWorker(ThreadPoolExecutor.java:1142)
	at java.util.concurrent.ThreadPoolExecutor$Worker.run(ThreadPoolExecutor.java:617)
	at java.lang.Thread.run(Thread.java:745)
Caused by: [test][[test][0]] EngineCreationFailureException[failed to recover from translog]; nested: EngineException[failed to recover from translog]; nested: TranslogCorruptedException[translog corruption while reading from stream]; nested: TranslogCorruptedException[translog stream is corrupted, expected: 0xa94db8f6, got: 0x68c36736];
	at org.elasticsearch.index.engine.InternalEngine.<init>(InternalEngine.java:175)
	at org.elasticsearch.test.engine.MockInternalEngine.<init>(MockInternalEngine.java:36)
	at org.elasticsearch.test.engine.MockEngineFactory.newReadWriteEngine(MockEngineFactory.java:36)
	at org.elasticsearch.index.shard.IndexShard.newEngine(IndexShard.java:1310)
	at org.elasticsearch.index.shard.IndexShard.createNewEngine(IndexShard.java:1305)
	at org.elasticsearch.index.shard.IndexShard.internalPerformTranslogRecovery(IndexShard.java:888)
	at org.elasticsearch.index.shard.IndexShard.performTranslogRecovery(IndexShard.java:866)
	at org.elasticsearch.index.shard.StoreRecovery.internalRecoverFromStore(StoreRecovery.java:230)
	... 10 more
Caused by: [test][[test][0]] EngineException[failed to recover from translog]; nested: TranslogCorruptedException[translog corruption while reading from stream]; nested: TranslogCorruptedException[translog stream is corrupted, expected: 0xa94db8f6, got: 0x68c36736];
	at org.elasticsearch.index.engine.InternalEngine.recoverFromTranslog(InternalEngine.java:251)
	at org.elasticsearch.index.engine.InternalEngine.<init>(InternalEngine.java:172)
	... 17 more
Caused by: TranslogCorruptedException[translog corruption while reading from stream]; nested: TranslogCorruptedException[translog stream is corrupted, expected: 0xa94db8f6, got: 0x68c36736];
	at org.elasticsearch.index.translog.Translog.readOperation(Translog.java:1133)
	at org.elasticsearch.index.translog.BaseTranslogReader.read(BaseTranslogReader.java:114)
	at org.elasticsearch.index.translog.TranslogSnapshot.readOperation(TranslogSnapshot.java:70)
	at org.elasticsearch.index.translog.TranslogSnapshot.next(TranslogSnapshot.java:61)
	at org.elasticsearch.index.translog.MultiSnapshot.next(MultiSnapshot.java:53)
	at org.elasticsearch.index.engine.InternalEngine.recoverFromTranslog(InternalEngine.java:237)
	... 18 more
Caused by: TranslogCorruptedException[translog stream is corrupted, expected: 0xa94db8f6, got: 0x68c36736]
	at org.elasticsearch.index.translog.Translog.verifyChecksum(Translog.java:1091)
	at org.elasticsearch.index.translog.Translog.readOperation(Translog.java:1123)
	... 23 more
[2016-03-29 17:31:12,635][WARN ][org.elasticsearch.indices.cluster] [node_s0] [[test][0]] marking and sending shard failed due to [failed recovery]
[test][[test][0]] IndexShardRecoveryException[failed to recovery from gateway]; nested: EngineCreationFailureException[failed to recover from translog]; nested: EngineException[failed to recover from translog]; nested: TranslogCorruptedException[translog corruption while reading from stream]; nested: TranslogCorruptedException[translog stream is corrupted, expected: 0xa94db8f6, got: 0x68c36736];
	at org.elasticsearch.index.shard.StoreRecovery.internalRecoverFromStore(StoreRecovery.java:234)
	at org.elasticsearch.index.shard.StoreRecovery.lambda$recoverFromStore$184(StoreRecovery.java:77)
	at org.elasticsearch.index.shard.StoreRecovery$$Lambda$696/1752519311.run(Unknown Source)
	at org.elasticsearch.index.shard.StoreRecovery.executeRecovery(StoreRecovery.java:122)
	at org.elasticsearch.index.shard.StoreRecovery.recoverFromStore(StoreRecovery.java:75)
	at org.elasticsearch.index.shard.IndexShard.recoverFromStore(IndexShard.java:1059)
	at org.elasticsearch.indices.cluster.IndicesClusterStateService.lambda$applyInitializingShard$190(IndicesClusterStateService.java:648)
	at org.elasticsearch.indices.cluster.IndicesClusterStateService$$Lambda$694/1687235994.run(Unknown Source)
	at java.util.concurrent.ThreadPoolExecutor.runWorker(ThreadPoolExecutor.java:1142)
	at java.util.concurrent.ThreadPoolExecutor$Worker.run(ThreadPoolExecutor.java:617)
	at java.lang.Thread.run(Thread.java:745)
Caused by: [test][[test][0]] EngineCreationFailureException[failed to recover from translog]; nested: EngineException[failed to recover from translog]; nested: TranslogCorruptedException[translog corruption while reading from stream]; nested: TranslogCorruptedException[translog stream is corrupted, expected: 0xa94db8f6, got: 0x68c36736];
	at org.elasticsearch.index.engine.InternalEngine.<init>(InternalEngine.java:175)
	at org.elasticsearch.test.engine.MockInternalEngine.<init>(MockInternalEngine.java:36)
	at org.elasticsearch.test.engine.MockEngineFactory.newReadWriteEngine(MockEngineFactory.java:36)
	at org.elasticsearch.index.shard.IndexShard.newEngine(IndexShard.java:1310)
	at org.elasticsearch.index.shard.IndexShard.createNewEngine(IndexShard.java:1305)
	at org.elasticsearch.index.shard.IndexShard.internalPerformTranslogRecovery(IndexShard.java:888)
	at org.elasticsearch.index.shard.IndexShard.performTranslogRecovery(IndexShard.java:866)
	at org.elasticsearch.index.shard.StoreRecovery.internalRecoverFromStore(StoreRecovery.java:230)
	... 10 more
Caused by: [test][[test][0]] EngineException[failed to recover from translog]; nested: TranslogCorruptedException[translog corruption while reading from stream]; nested: TranslogCorruptedException[translog stream is corrupted, expected: 0xa94db8f6, got: 0x68c36736];
	at org.elasticsearch.index.engine.InternalEngine.recoverFromTranslog(InternalEngine.java:251)
	at org.elasticsearch.index.engine.InternalEngine.<init>(InternalEngine.java:172)
	... 17 more
Caused by: TranslogCorruptedException[translog corruption while reading from stream]; nested: TranslogCorruptedException[translog stream is corrupted, expected: 0xa94db8f6, got: 0x68c36736];
	at org.elasticsearch.index.translog.Translog.readOperation(Translog.java:1133)
	at org.elasticsearch.index.translog.BaseTranslogReader.read(BaseTranslogReader.java:114)
	at org.elasticsearch.index.translog.TranslogSnapshot.readOperation(TranslogSnapshot.java:70)
	at org.elasticsearch.index.translog.TranslogSnapshot.next(TranslogSnapshot.java:61)
	at org.elasticsearch.index.translog.MultiSnapshot.next(MultiSnapshot.java:53)
	at org.elasticsearch.index.engine.InternalEngine.recoverFromTranslog(InternalEngine.java:237)
	... 18 more
Caused by: TranslogCorruptedException[translog stream is corrupted, expected: 0xa94db8f6, got: 0x68c36736]
	at org.elasticsearch.index.translog.Translog.verifyChecksum(Translog.java:1091)
	at org.elasticsearch.index.translog.Translog.readOperation(Translog.java:1123)
	... 23 more
[2016-03-29 17:31:12,636][WARN ][org.elasticsearch.cluster.action.shard] [node_s0] [test][0] received shard failed for [test][0], node[Y27JbEqhQsSb7nUkvqXFqw], [P], v[3], s[INITIALIZING], a[id=525fGwojTuuPMVkrv26u3A], unassigned_info[[reason=ALLOCATION_FAILED], at[2016-03-29T21:31:12.625Z], details[failed recovery, failure IndexShardRecoveryException[failed to recovery from gateway]; nested: EngineCreationFailureException[failed to recover from translog]; nested: EngineException[failed to recover from translog]; nested: TranslogCorruptedException[translog corruption while reading from stream]; nested: TranslogCorruptedException[translog stream is corrupted, expected: 0xa94db8f6, got: 0x68c36736]; ]], indexUUID [1CWRzkvfRB-D3v8U1_ZpEQ], message [failed recovery], failure [IndexShardRecoveryException[failed to recovery from gateway]; nested: EngineCreationFailureException[failed to recover from translog]; nested: EngineException[failed to recover from translog]; nested: TranslogCorruptedException[translog corruption while reading from stream]; nested: TranslogCorruptedException[translog stream is corrupted, expected: 0xa94db8f6, got: 0x68c36736]; ]
[test][[test][0]] IndexShardRecoveryException[failed to recovery from gateway]; nested: EngineCreationFailureException[failed to recover from translog]; nested: EngineException[failed to recover from translog]; nested: TranslogCorruptedException[translog corruption while reading from stream]; nested: TranslogCorruptedException[translog stream is corrupted, expected: 0xa94db8f6, got: 0x68c36736];
	at org.elasticsearch.index.shard.StoreRecovery.internalRecoverFromStore(StoreRecovery.java:234)
	at org.elasticsearch.index.shard.StoreRecovery.lambda$recoverFromStore$184(StoreRecovery.java:77)
	at org.elasticsearch.index.shard.StoreRecovery$$Lambda$696/1752519311.run(Unknown Source)
	at org.elasticsearch.index.shard.StoreRecovery.executeRecovery(StoreRecovery.java:122)
	at org.elasticsearch.index.shard.StoreRecovery.recoverFromStore(StoreRecovery.java:75)
	at org.elasticsearch.index.shard.IndexShard.recoverFromStore(IndexShard.java:1059)
	at org.elasticsearch.indices.cluster.IndicesClusterStateService.lambda$applyInitializingShard$190(IndicesClusterStateService.java:648)
	at org.elasticsearch.indices.cluster.IndicesClusterStateService$$Lambda$694/1687235994.run(Unknown Source)
	at java.util.concurrent.ThreadPoolExecutor.runWorker(ThreadPoolExecutor.java:1142)
	at java.util.concurrent.ThreadPoolExecutor$Worker.run(ThreadPoolExecutor.java:617)
	at java.lang.Thread.run(Thread.java:745)
Caused by: [test][[test][0]] EngineCreationFailureException[failed to recover from translog]; nested: EngineException[failed to recover from translog]; nested: TranslogCorruptedException[translog corruption while reading from stream]; nested: TranslogCorruptedException[translog stream is corrupted, expected: 0xa94db8f6, got: 0x68c36736];
	at org.elasticsearch.index.engine.InternalEngine.<init>(InternalEngine.java:175)
	at org.elasticsearch.test.engine.MockInternalEngine.<init>(MockInternalEngine.java:36)
	at org.elasticsearch.test.engine.MockEngineFactory.newReadWriteEngine(MockEngineFactory.java:36)
	at org.elasticsearch.index.shard.IndexShard.newEngine(IndexShard.java:1310)
	at org.elasticsearch.index.shard.IndexShard.createNewEngine(IndexShard.java:1305)
	at org.elasticsearch.index.shard.IndexShard.internalPerformTranslogRecovery(IndexShard.java:888)
	at org.elasticsearch.index.shard.IndexShard.performTranslogRecovery(IndexShard.java:866)
	at org.elasticsearch.index.shard.StoreRecovery.internalRecoverFromStore(StoreRecovery.java:230)
	... 10 more
Caused by: [test][[test][0]] EngineException[failed to recover from translog]; nested: TranslogCorruptedException[translog corruption while reading from stream]; nested: TranslogCorruptedException[translog stream is corrupted, expected: 0xa94db8f6, got: 0x68c36736];
	at org.elasticsearch.index.engine.InternalEngine.recoverFromTranslog(InternalEngine.java:251)
	at org.elasticsearch.index.engine.InternalEngine.<init>(InternalEngine.java:172)
	... 17 more
Caused by: TranslogCorruptedException[translog corruption while reading from stream]; nested: TranslogCorruptedException[translog stream is corrupted, expected: 0xa94db8f6, got: 0x68c36736];
	at org.elasticsearch.index.translog.Translog.readOperation(Translog.java:1133)
	at org.elasticsearch.index.translog.BaseTranslogReader.read(BaseTranslogReader.java:114)
	at org.elasticsearch.index.translog.TranslogSnapshot.readOperation(TranslogSnapshot.java:70)
	at org.elasticsearch.index.translog.TranslogSnapshot.next(TranslogSnapshot.java:61)
	at org.elasticsearch.index.translog.MultiSnapshot.next(MultiSnapshot.java:53)
	at org.elasticsearch.index.engine.InternalEngine.recoverFromTranslog(InternalEngine.java:237)
	... 18 more
Caused by: TranslogCorruptedException[translog stream is corrupted, expected: 0xa94db8f6, got: 0x68c36736]
	at org.elasticsearch.index.translog.Translog.verifyChecksum(Translog.java:1091)
	at org.elasticsearch.index.translog.Translog.readOperation(Translog.java:1123)
	... 23 more
[2016-03-29 17:31:12,646][WARN ][org.elasticsearch.indices.cluster] [node_s0] [[test][0]] marking and sending shard failed due to [failed recovery]
[test][[test][0]] IndexShardRecoveryException[failed to recovery from gateway]; nested: EngineCreationFailureException[failed to recover from translog]; nested: EngineException[failed to recover from translog]; nested: TranslogCorruptedException[translog corruption while reading from stream]; nested: TranslogCorruptedException[translog stream is corrupted, expected: 0xa94db8f6, got: 0x68c36736];
	at org.elasticsearch.index.shard.StoreRecovery.internalRecoverFromStore(StoreRecovery.java:234)
	at org.elasticsearch.index.shard.StoreRecovery.lambda$recoverFromStore$184(StoreRecovery.java:77)
	at org.elasticsearch.index.shard.StoreRecovery$$Lambda$696/1752519311.run(Unknown Source)
	at org.elasticsearch.index.shard.StoreRecovery.executeRecovery(StoreRecovery.java:122)
	at org.elasticsearch.index.shard.StoreRecovery.recoverFromStore(StoreRecovery.java:75)
	at org.elasticsearch.index.shard.IndexShard.recoverFromStore(IndexShard.java:1059)
	at org.elasticsearch.indices.cluster.IndicesClusterStateService.lambda$applyInitializingShard$190(IndicesClusterStateService.java:648)
	at org.elasticsearch.indices.cluster.IndicesClusterStateService$$Lambda$694/1687235994.run(Unknown Source)
	at java.util.concurrent.ThreadPoolExecutor.runWorker(ThreadPoolExecutor.java:1142)
	at java.util.concurrent.ThreadPoolExecutor$Worker.run(ThreadPoolExecutor.java:617)
	at java.lang.Thread.run(Thread.java:745)
Caused by: [test][[test][0]] EngineCreationFailureException[failed to recover from translog]; nested: EngineException[failed to recover from translog]; nested: TranslogCorruptedException[translog corruption while reading from stream]; nested: TranslogCorruptedException[translog stream is corrupted, expected: 0xa94db8f6, got: 0x68c36736];
	at org.elasticsearch.index.engine.InternalEngine.<init>(InternalEngine.java:175)
	at org.elasticsearch.test.engine.MockInternalEngine.<init>(MockInternalEngine.java:36)
	at org.elasticsearch.test.engine.MockEngineFactory.newReadWriteEngine(MockEngineFactory.java:36)
	at org.elasticsearch.index.shard.IndexShard.newEngine(IndexShard.java:1310)
	at org.elasticsearch.index.shard.IndexShard.createNewEngine(IndexShard.java:1305)
	at org.elasticsearch.index.shard.IndexShard.internalPerformTranslogRecovery(IndexShard.java:888)
	at org.elasticsearch.index.shard.IndexShard.performTranslogRecovery(IndexShard.java:866)
	at org.elasticsearch.index.shard.StoreRecovery.internalRecoverFromStore(StoreRecovery.java:230)
	... 10 more
Caused by: [test][[test][0]] EngineException[failed to recover from translog]; nested: TranslogCorruptedException[translog corruption while reading from stream]; nested: TranslogCorruptedException[translog stream is corrupted, expected: 0xa94db8f6, got: 0x68c36736];
	at org.elasticsearch.index.engine.InternalEngine.recoverFromTranslog(InternalEngine.java:251)
	at org.elasticsearch.index.engine.InternalEngine.<init>(InternalEngine.java:172)
	... 17 more
Caused by: TranslogCorruptedException[translog corruption while reading from stream]; nested: TranslogCorruptedException[translog stream is corrupted, expected: 0xa94db8f6, got: 0x68c36736];
	at org.elasticsearch.index.translog.Translog.readOperation(Translog.java:1133)
	at org.elasticsearch.index.translog.BaseTranslogReader.read(BaseTranslogReader.java:114)
	at org.elasticsearch.index.translog.TranslogSnapshot.readOperation(TranslogSnapshot.java:70)
	at org.elasticsearch.index.translog.TranslogSnapshot.next(TranslogSnapshot.java:61)
	at org.elasticsearch.index.translog.MultiSnapshot.next(MultiSnapshot.java:53)
	at org.elasticsearch.index.engine.InternalEngine.recoverFromTranslog(InternalEngine.java:237)
	... 18 more
Caused by: TranslogCorruptedException[translog stream is corrupted, expected: 0xa94db8f6, got: 0x68c36736]
	at org.elasticsearch.index.translog.Translog.verifyChecksum(Translog.java:1091)
	at org.elasticsearch.index.translog.Translog.readOperation(Translog.java:1123)
	... 23 more
[2016-03-29 17:31:12,647][WARN ][org.elasticsearch.cluster.action.shard] [node_s0] [test][0] received shard failed for [test][0], node[Y27JbEqhQsSb7nUkvqXFqw], [P], v[3], s[INITIALIZING], a[id=JUCB2xtbTFyu4P3g903GQg], unassigned_info[[reason=ALLOCATION_FAILED], at[2016-03-29T21:31:12.636Z], details[failed recovery, failure IndexShardRecoveryException[failed to recovery from gateway]; nested: EngineCreationFailureException[failed to recover from translog]; nested: EngineException[failed to recover from translog]; nested: TranslogCorruptedException[translog corruption while reading from stream]; nested: TranslogCorruptedException[translog stream is corrupted, expected: 0xa94db8f6, got: 0x68c36736]; ]], indexUUID [1CWRzkvfRB-D3v8U1_ZpEQ], message [failed recovery], failure [IndexShardRecoveryException[failed to recovery from gateway]; nested: EngineCreationFailureException[failed to recover from translog]; nested: EngineException[failed to recover from translog]; nested: TranslogCorruptedException[translog corruption while reading from stream]; nested: TranslogCorruptedException[translog stream is corrupted, expected: 0xa94db8f6, got: 0x68c36736]; ]
[test][[test][0]] IndexShardRecoveryException[failed to recovery from gateway]; nested: EngineCreationFailureException[failed to recover from translog]; nested: EngineException[failed to recover from translog]; nested: TranslogCorruptedException[translog corruption while reading from stream]; nested: TranslogCorruptedException[translog stream is corrupted, expected: 0xa94db8f6, got: 0x68c36736];
	at org.elasticsearch.index.shard.StoreRecovery.internalRecoverFromStore(StoreRecovery.java:234)
	at org.elasticsearch.index.shard.StoreRecovery.lambda$recoverFromStore$184(StoreRecovery.java:77)
	at org.elasticsearch.index.shard.StoreRecovery$$Lambda$696/1752519311.run(Unknown Source)
	at org.elasticsearch.index.shard.StoreRecovery.executeRecovery(StoreRecovery.java:122)
	at org.elasticsearch.index.shard.StoreRecovery.recoverFromStore(StoreRecovery.java:75)
	at org.elasticsearch.index.shard.IndexShard.recoverFromStore(IndexShard.java:1059)
	at org.elasticsearch.indices.cluster.IndicesClusterStateService.lambda$applyInitializingShard$190(IndicesClusterStateService.java:648)
	at org.elasticsearch.indices.cluster.IndicesClusterStateService$$Lambda$694/1687235994.run(Unknown Source)
	at java.util.concurrent.ThreadPoolExecutor.runWorker(ThreadPoolExecutor.java:1142)
	at java.util.concurrent.ThreadPoolExecutor$Worker.run(ThreadPoolExecutor.java:617)
	at java.lang.Thread.run(Thread.java:745)
Caused by: [test][[test][0]] EngineCreationFailureException[failed to recover from translog]; nested: EngineException[failed to recover from translog]; nested: TranslogCorruptedException[translog corruption while reading from stream]; nested: TranslogCorruptedException[translog stream is corrupted, expected: 0xa94db8f6, got: 0x68c36736];
	at org.elasticsearch.index.engine.InternalEngine.<init>(InternalEngine.java:175)
	at org.elasticsearch.test.engine.MockInternalEngine.<init>(MockInternalEngine.java:36)
	at org.elasticsearch.test.engine.MockEngineFactory.newReadWriteEngine(MockEngineFactory.java:36)
	at org.elasticsearch.index.shard.IndexShard.newEngine(IndexShard.java:1310)
	at org.elasticsearch.index.shard.IndexShard.createNewEngine(IndexShard.java:1305)
	at org.elasticsearch.index.shard.IndexShard.internalPerformTranslogRecovery(IndexShard.java:888)
	at org.elasticsearch.index.shard.IndexShard.performTranslogRecovery(IndexShard.java:866)
	at org.elasticsearch.index.shard.StoreRecovery.internalRecoverFromStore(StoreRecovery.java:230)
	... 10 more
Caused by: [test][[test][0]] EngineException[failed to recover from translog]; nested: TranslogCorruptedException[translog corruption while reading from stream]; nested: TranslogCorruptedException[translog stream is corrupted, expected: 0xa94db8f6, got: 0x68c36736];
	at org.elasticsearch.index.engine.InternalEngine.recoverFromTranslog(InternalEngine.java:251)
	at org.elasticsearch.index.engine.InternalEngine.<init>(InternalEngine.java:172)
	... 17 more
Caused by: TranslogCorruptedException[translog corruption while reading from stream]; nested: TranslogCorruptedException[translog stream is corrupted, expected: 0xa94db8f6, got: 0x68c36736];
	at org.elasticsearch.index.translog.Translog.readOperation(Translog.java:1133)
	at org.elasticsearch.index.translog.BaseTranslogReader.read(BaseTranslogReader.java:114)
	at org.elasticsearch.index.translog.TranslogSnapshot.readOperation(TranslogSnapshot.java:70)
	at org.elasticsearch.index.translog.TranslogSnapshot.next(TranslogSnapshot.java:61)
	at org.elasticsearch.index.translog.MultiSnapshot.next(MultiSnapshot.java:53)
	at org.elasticsearch.index.engine.InternalEngine.recoverFromTranslog(InternalEngine.java:237)
	... 18 more
Caused by: TranslogCorruptedException[translog stream is corrupted, expected: 0xa94db8f6, got: 0x68c36736]
	at org.elasticsearch.index.translog.Translog.verifyChecksum(Translog.java:1091)
	at org.elasticsearch.index.translog.Translog.readOperation(Translog.java:1123)
	... 23 more
[2016-03-29 17:31:12,656][WARN ][org.elasticsearch.indices.cluster] [node_s0] [[test][0]] marking and sending shard failed due to [failed recovery]
[test][[test][0]] IndexShardRecoveryException[failed to recovery from gateway]; nested: EngineCreationFailureException[failed to recover from translog]; nested: EngineException[failed to recover from translog]; nested: TranslogCorruptedException[translog corruption while reading from stream]; nested: TranslogCorruptedException[translog stream is corrupted, expected: 0xa94db8f6, got: 0x68c36736];
	at org.elasticsearch.index.shard.StoreRecovery.internalRecoverFromStore(StoreRecovery.java:234)
	at org.elasticsearch.index.shard.StoreRecovery.lambda$recoverFromStore$184(StoreRecovery.java:77)
	at org.elasticsearch.index.shard.StoreRecovery$$Lambda$696/1752519311.run(Unknown Source)
	at org.elasticsearch.index.shard.StoreRecovery.executeRecovery(StoreRecovery.java:122)
	at org.elasticsearch.index.shard.StoreRecovery.recoverFromStore(StoreRecovery.java:75)
	at org.elasticsearch.index.shard.IndexShard.recoverFromStore(IndexShard.java:1059)
	at org.elasticsearch.indices.cluster.IndicesClusterStateService.lambda$applyInitializingShard$190(IndicesClusterStateService.java:648)
	at org.elasticsearch.indices.cluster.IndicesClusterStateService$$Lambda$694/1687235994.run(Unknown Source)
	at java.util.concurrent.ThreadPoolExecutor.runWorker(ThreadPoolExecutor.java:1142)
	at java.util.concurrent.ThreadPoolExecutor$Worker.run(ThreadPoolExecutor.java:617)
	at java.lang.Thread.run(Thread.java:745)
Caused by: [test][[test][0]] EngineCreationFailureException[failed to recover from translog]; nested: EngineException[failed to recover from translog]; nested: TranslogCorruptedException[translog corruption while reading from stream]; nested: TranslogCorruptedException[translog stream is corrupted, expected: 0xa94db8f6, got: 0x68c36736];
	at org.elasticsearch.index.engine.InternalEngine.<init>(InternalEngine.java:175)
	at org.elasticsearch.test.engine.MockInternalEngine.<init>(MockInternalEngine.java:36)
	at org.elasticsearch.test.engine.MockEngineFactory.newReadWriteEngine(MockEngineFactory.java:36)
	at org.elasticsearch.index.shard.IndexShard.newEngine(IndexShard.java:1310)
	at org.elasticsearch.index.shard.IndexShard.createNewEngine(IndexShard.java:1305)
	at org.elasticsearch.index.shard.IndexShard.internalPerformTranslogRecovery(IndexShard.java:888)
	at org.elasticsearch.index.shard.IndexShard.performTranslogRecovery(IndexShard.java:866)
	at org.elasticsearch.index.shard.StoreRecovery.internalRecoverFromStore(StoreRecovery.java:230)
	... 10 more
Caused by: [test][[test][0]] EngineException[failed to recover from translog]; nested: TranslogCorruptedException[translog corruption while reading from stream]; nested: TranslogCorruptedException[translog stream is corrupted, expected: 0xa94db8f6, got: 0x68c36736];
	at org.elasticsearch.index.engine.InternalEngine.recoverFromTranslog(InternalEngine.java:251)
	at org.elasticsearch.index.engine.InternalEngine.<init>(InternalEngine.java:172)
	... 17 more
Caused by: TranslogCorruptedException[translog corruption while reading from stream]; nested: TranslogCorruptedException[translog stream is corrupted, expected: 0xa94db8f6, got: 0x68c36736];
	at org.elasticsearch.index.translog.Translog.readOperation(Translog.java:1133)
	at org.elasticsearch.index.translog.BaseTranslogReader.read(BaseTranslogReader.java:114)
	at org.elasticsearch.index.translog.TranslogSnapshot.readOperation(TranslogSnapshot.java:70)
	at org.elasticsearch.index.translog.TranslogSnapshot.next(TranslogSnapshot.java:61)
	at org.elasticsearch.index.translog.MultiSnapshot.next(MultiSnapshot.java:53)
	at org.elasticsearch.index.engine.InternalEngine.recoverFromTranslog(InternalEngine.java:237)
	... 18 more
Caused by: TranslogCorruptedException[translog stream is corrupted, expected: 0xa94db8f6, got: 0x68c36736]
	at org.elasticsearch.index.translog.Translog.verifyChecksum(Translog.java:1091)
	at org.elasticsearch.index.translog.Translog.readOperation(Translog.java:1123)
	... 23 more
[2016-03-29 17:31:12,656][WARN ][org.elasticsearch.cluster.action.shard] [node_s0] [test][0] received shard failed for [test][0], node[Y27JbEqhQsSb7nUkvqXFqw], [P], v[3], s[INITIALIZING], a[id=-LrGEYKVSJqYukwKKkNBZw], unassigned_info[[reason=ALLOCATION_FAILED], at[2016-03-29T21:31:12.647Z], details[failed recovery, failure IndexShardRecoveryException[failed to recovery from gateway]; nested: EngineCreationFailureException[failed to recover from translog]; nested: EngineException[failed to recover from translog]; nested: TranslogCorruptedException[translog corruption while reading from stream]; nested: TranslogCorruptedException[translog stream is corrupted, expected: 0xa94db8f6, got: 0x68c36736]; ]], indexUUID [1CWRzkvfRB-D3v8U1_ZpEQ], message [failed recovery], failure [IndexShardRecoveryException[failed to recovery from gateway]; nested: EngineCreationFailureException[failed to recover from translog]; nested: EngineException[failed to recover from translog]; nested: TranslogCorruptedException[translog corruption while reading from stream]; nested: TranslogCorruptedException[translog stream is corrupted, expected: 0xa94db8f6, got: 0x68c36736]; ]
[test][[test][0]] IndexShardRecoveryException[failed to recovery from gateway]; nested: EngineCreationFailureException[failed to recover from translog]; nested: EngineException[failed to recover from translog]; nested: TranslogCorruptedException[translog corruption while reading from stream]; nested: TranslogCorruptedException[translog stream is corrupted, expected: 0xa94db8f6, got: 0x68c36736];
	at org.elasticsearch.index.shard.StoreRecovery.internalRecoverFromStore(StoreRecovery.java:234)
	at org.elasticsearch.index.shard.StoreRecovery.lambda$recoverFromStore$184(StoreRecovery.java:77)
	at org.elasticsearch.index.shard.StoreRecovery$$Lambda$696/1752519311.run(Unknown Source)
	at org.elasticsearch.index.shard.StoreRecovery.executeRecovery(StoreRecovery.java:122)
	at org.elasticsearch.index.shard.StoreRecovery.recoverFromStore(StoreRecovery.java:75)
	at org.elasticsearch.index.shard.IndexShard.recoverFromStore(IndexShard.java:1059)
	at org.elasticsearch.indices.cluster.IndicesClusterStateService.lambda$applyInitializingShard$190(IndicesClusterStateService.java:648)
	at org.elasticsearch.indices.cluster.IndicesClusterStateService$$Lambda$694/1687235994.run(Unknown Source)
	at java.util.concurrent.ThreadPoolExecutor.runWorker(ThreadPoolExecutor.java:1142)
	at java.util.concurrent.ThreadPoolExecutor$Worker.run(ThreadPoolExecutor.java:617)
	at java.lang.Thread.run(Thread.java:745)
Caused by: [test][[test][0]] EngineCreationFailureException[failed to recover from translog]; nested: EngineException[failed to recover from translog]; nested: TranslogCorruptedException[translog corruption while reading from stream]; nested: TranslogCorruptedException[translog stream is corrupted, expected: 0xa94db8f6, got: 0x68c36736];
	at org.elasticsearch.index.engine.InternalEngine.<init>(InternalEngine.java:175)
	at org.elasticsearch.test.engine.MockInternalEngine.<init>(MockInternalEngine.java:36)
	at org.elasticsearch.test.engine.MockEngineFactory.newReadWriteEngine(MockEngineFactory.java:36)
	at org.elasticsearch.index.shard.IndexShard.newEngine(IndexShard.java:1310)
	at org.elasticsearch.index.shard.IndexShard.createNewEngine(IndexShard.java:1305)
	at org.elasticsearch.index.shard.IndexShard.internalPerformTranslogRecovery(IndexShard.java:888)
	at org.elasticsearch.index.shard.IndexShard.performTranslogRecovery(IndexShard.java:866)
	at org.elasticsearch.index.shard.StoreRecovery.internalRecoverFromStore(StoreRecovery.java:230)
	... 10 more
Caused by: [test][[test][0]] EngineException[failed to recover from translog]; nested: TranslogCorruptedException[translog corruption while reading from stream]; nested: TranslogCorruptedException[translog stream is corrupted, expected: 0xa94db8f6, got: 0x68c36736];
	at org.elasticsearch.index.engine.InternalEngine.recoverFromTranslog(InternalEngine.java:251)
	at org.elasticsearch.index.engine.InternalEngine.<init>(InternalEngine.java:172)
	... 17 more
Caused by: TranslogCorruptedException[translog corruption while reading from stream]; nested: TranslogCorruptedException[translog stream is corrupted, expected: 0xa94db8f6, got: 0x68c36736];
	at org.elasticsearch.index.translog.Translog.readOperation(Translog.java:1133)
	at org.elasticsearch.index.translog.BaseTranslogReader.read(BaseTranslogReader.java:114)
	at org.elasticsearch.index.translog.TranslogSnapshot.readOperation(TranslogSnapshot.java:70)
	at org.elasticsearch.index.translog.TranslogSnapshot.next(TranslogSnapshot.java:61)
	at org.elasticsearch.index.translog.MultiSnapshot.next(MultiSnapshot.java:53)
	at org.elasticsearch.index.engine.InternalEngine.recoverFromTranslog(InternalEngine.java:237)
	... 18 more
Caused by: TranslogCorruptedException[translog stream is corrupted, expected: 0xa94db8f6, got: 0x68c36736]
	at org.elasticsearch.index.translog.Translog.verifyChecksum(Translog.java:1091)
	at org.elasticsearch.index.translog.Translog.readOperation(Translog.java:1123)
	... 23 more
[2016-03-29 17:31:12,665][WARN ][org.elasticsearch.indices.cluster] [node_s0] [[test][0]] marking and sending shard failed due to [failed recovery]
[test][[test][0]] IndexShardRecoveryException[failed to recovery from gateway]; nested: EngineCreationFailureException[failed to recover from translog]; nested: EngineException[failed to recover from translog]; nested: TranslogCorruptedException[translog corruption while reading from stream]; nested: TranslogCorruptedException[translog stream is corrupted, expected: 0xa94db8f6, got: 0x68c36736];
	at org.elasticsearch.index.shard.StoreRecovery.internalRecoverFromStore(StoreRecovery.java:234)
	at org.elasticsearch.index.shard.StoreRecovery.lambda$recoverFromStore$184(StoreRecovery.java:77)
	at org.elasticsearch.index.shard.StoreRecovery$$Lambda$696/1752519311.run(Unknown Source)
	at org.elasticsearch.index.shard.StoreRecovery.executeRecovery(StoreRecovery.java:122)
	at org.elasticsearch.index.shard.StoreRecovery.recoverFromStore(StoreRecovery.java:75)
	at org.elasticsearch.index.shard.IndexShard.recoverFromStore(IndexShard.java:1059)
	at org.elasticsearch.indices.cluster.IndicesClusterStateService.lambda$applyInitializingShard$190(IndicesClusterStateService.java:648)
	at org.elasticsearch.indices.cluster.IndicesClusterStateService$$Lambda$694/1687235994.run(Unknown Source)
	at java.util.concurrent.ThreadPoolExecutor.runWorker(ThreadPoolExecutor.java:1142)
	at java.util.concurrent.ThreadPoolExecutor$Worker.run(ThreadPoolExecutor.java:617)
	at java.lang.Thread.run(Thread.java:745)
Caused by: [test][[test][0]] EngineCreationFailureException[failed to recover from translog]; nested: EngineException[failed to recover from translog]; nested: TranslogCorruptedException[translog corruption while reading from stream]; nested: TranslogCorruptedException[translog stream is corrupted, expected: 0xa94db8f6, got: 0x68c36736];
	at org.elasticsearch.index.engine.InternalEngine.<init>(InternalEngine.java:175)
	at org.elasticsearch.test.engine.MockInternalEngine.<init>(MockInternalEngine.java:36)
	at org.elasticsearch.test.engine.MockEngineFactory.newReadWriteEngine(MockEngineFactory.java:36)
	at org.elasticsearch.index.shard.IndexShard.newEngine(IndexShard.java:1310)
	at org.elasticsearch.index.shard.IndexShard.createNewEngine(IndexShard.java:1305)
	at org.elasticsearch.index.shard.IndexShard.internalPerformTranslogRecovery(IndexShard.java:888)
	at org.elasticsearch.index.shard.IndexShard.performTranslogRecovery(IndexShard.java:866)
	at org.elasticsearch.index.shard.StoreRecovery.internalRecoverFromStore(StoreRecovery.java:230)
	... 10 more
Caused by: [test][[test][0]] EngineException[failed to recover from translog]; nested: TranslogCorruptedException[translog corruption while reading from stream]; nested: TranslogCorruptedException[translog stream is corrupted, expected: 0xa94db8f6, got: 0x68c36736];
	at org.elasticsearch.index.engine.InternalEngine.recoverFromTranslog(InternalEngine.java:251)
	at org.elasticsearch.index.engine.InternalEngine.<init>(InternalEngine.java:172)
	... 17 more
Caused by: TranslogCorruptedException[translog corruption while reading from stream]; nested: TranslogCorruptedException[translog stream is corrupted, expected: 0xa94db8f6, got: 0x68c36736];
	at org.elasticsearch.index.translog.Translog.readOperation(Translog.java:1133)
	at org.elasticsearch.index.translog.BaseTranslogReader.read(BaseTranslogReader.java:114)
	at org.elasticsearch.index.translog.TranslogSnapshot.readOperation(TranslogSnapshot.java:70)
	at org.elasticsearch.index.translog.TranslogSnapshot.next(TranslogSnapshot.java:61)
	at org.elasticsearch.index.translog.MultiSnapshot.next(MultiSnapshot.java:53)
	at org.elasticsearch.index.engine.InternalEngine.recoverFromTranslog(InternalEngine.java:237)
	... 18 more
Caused by: TranslogCorruptedException[translog stream is corrupted, expected: 0xa94db8f6, got: 0x68c36736]
	at org.elasticsearch.index.translog.Translog.verifyChecksum(Translog.java:1091)
	at org.elasticsearch.index.translog.Translog.readOperation(Translog.java:1123)
	... 23 more
[2016-03-29 17:31:12,666][WARN ][org.elasticsearch.cluster.action.shard] [node_s0] [test][0] received shard failed for [test][0], node[Y27JbEqhQsSb7nUkvqXFqw], [P], v[3], s[INITIALIZING], a[id=BrQIkMhLTriQDlRCBOUj0A], unassigned_info[[reason=ALLOCATION_FAILED], at[2016-03-29T21:31:12.657Z], details[failed recovery, failure IndexShardRecoveryException[failed to recovery from gateway]; nested: EngineCreationFailureException[failed to recover from translog]; nested: EngineException[failed to recover from translog]; nested: TranslogCorruptedException[translog corruption while reading from stream]; nested: TranslogCorruptedException[translog stream is corrupted, expected: 0xa94db8f6, got: 0x68c36736]; ]], indexUUID [1CWRzkvfRB-D3v8U1_ZpEQ], message [failed recovery], failure [IndexShardRecoveryException[failed to recovery from gateway]; nested: EngineCreationFailureException[failed to recover from translog]; nested: EngineException[failed to recover from translog]; nested: TranslogCorruptedException[translog corruption while reading from stream]; nested: TranslogCorruptedException[translog stream is corrupted, expected: 0xa94db8f6, got: 0x68c36736]; ]
[test][[test][0]] IndexShardRecoveryException[failed to recovery from gateway]; nested: EngineCreationFailureException[failed to recover from translog]; nested: EngineException[failed to recover from translog]; nested: TranslogCorruptedException[translog corruption while reading from stream]; nested: TranslogCorruptedException[translog stream is corrupted, expected: 0xa94db8f6, got: 0x68c36736];
	at org.elasticsearch.index.shard.StoreRecovery.internalRecoverFromStore(StoreRecovery.java:234)
	at org.elasticsearch.index.shard.StoreRecovery.lambda$recoverFromStore$184(StoreRecovery.java:77)
	at org.elasticsearch.index.shard.StoreRecovery$$Lambda$696/1752519311.run(Unknown Source)
	at org.elasticsearch.index.shard.StoreRecovery.executeRecovery(StoreRecovery.java:122)
	at org.elasticsearch.index.shard.StoreRecovery.recoverFromStore(StoreRecovery.java:75)
	at org.elasticsearch.index.shard.IndexShard.recoverFromStore(IndexShard.java:1059)
	at org.elasticsearch.indices.cluster.IndicesClusterStateService.lambda$applyInitializingShard$190(IndicesClusterStateService.java:648)
	at org.elasticsearch.indices.cluster.IndicesClusterStateService$$Lambda$694/1687235994.run(Unknown Source)
	at java.util.concurrent.ThreadPoolExecutor.runWorker(ThreadPoolExecutor.java:1142)
	at java.util.concurrent.ThreadPoolExecutor$Worker.run(ThreadPoolExecutor.java:617)
	at java.lang.Thread.run(Thread.java:745)
Caused by: [test][[test][0]] EngineCreationFailureException[failed to recover from translog]; nested: EngineException[failed to recover from translog]; nested: TranslogCorruptedException[translog corruption while reading from stream]; nested: TranslogCorruptedException[translog stream is corrupted, expected: 0xa94db8f6, got: 0x68c36736];
	at org.elasticsearch.index.engine.InternalEngine.<init>(InternalEngine.java:175)
	at org.elasticsearch.test.engine.MockInternalEngine.<init>(MockInternalEngine.java:36)
	at org.elasticsearch.test.engine.MockEngineFactory.newReadWriteEngine(MockEngineFactory.java:36)
	at org.elasticsearch.index.shard.IndexShard.newEngine(IndexShard.java:1310)
	at org.elasticsearch.index.shard.IndexShard.createNewEngine(IndexShard.java:1305)
	at org.elasticsearch.index.shard.IndexShard.internalPerformTranslogRecovery(IndexShard.java:888)
	at org.elasticsearch.index.shard.IndexShard.performTranslogRecovery(IndexShard.java:866)
	at org.elasticsearch.index.shard.StoreRecovery.internalRecoverFromStore(StoreRecovery.java:230)
	... 10 more
Caused by: [test][[test][0]] EngineException[failed to recover from translog]; nested: TranslogCorruptedException[translog corruption while reading from stream]; nested: TranslogCorruptedException[translog stream is corrupted, expected: 0xa94db8f6, got: 0x68c36736];
	at org.elasticsearch.index.engine.InternalEngine.recoverFromTranslog(InternalEngine.java:251)
	at org.elasticsearch.index.engine.InternalEngine.<init>(InternalEngine.java:172)
	... 17 more
Caused by: TranslogCorruptedException[translog corruption while reading from stream]; nested: TranslogCorruptedException[translog stream is corrupted, expected: 0xa94db8f6, got: 0x68c36736];
	at org.elasticsearch.index.translog.Translog.readOperation(Translog.java:1133)
	at org.elasticsearch.index.translog.BaseTranslogReader.read(BaseTranslogReader.java:114)
	at org.elasticsearch.index.translog.TranslogSnapshot.readOperation(TranslogSnapshot.java:70)
	at org.elasticsearch.index.translog.TranslogSnapshot.next(TranslogSnapshot.java:61)
	at org.elasticsearch.index.translog.MultiSnapshot.next(MultiSnapshot.java:53)
	at org.elasticsearch.index.engine.InternalEngine.recoverFromTranslog(InternalEngine.java:237)
	... 18 more
Caused by: TranslogCorruptedException[translog stream is corrupted, expected: 0xa94db8f6, got: 0x68c36736]
	at org.elasticsearch.index.translog.Translog.verifyChecksum(Translog.java:1091)
	at org.elasticsearch.index.translog.Translog.readOperation(Translog.java:1123)
	... 23 more
[2016-03-29 17:31:12,675][WARN ][org.elasticsearch.indices.cluster] [node_s0] [[test][0]] marking and sending shard failed due to [failed recovery]
[test][[test][0]] IndexShardRecoveryException[failed to recovery from gateway]; nested: EngineCreationFailureException[failed to recover from translog]; nested: EngineException[failed to recover from translog]; nested: TranslogCorruptedException[translog corruption while reading from stream]; nested: TranslogCorruptedException[translog stream is corrupted, expected: 0xa94db8f6, got: 0x68c36736];
	at org.elasticsearch.index.shard.StoreRecovery.internalRecoverFromStore(StoreRecovery.java:234)
	at org.elasticsearch.index.shard.StoreRecovery.lambda$recoverFromStore$184(StoreRecovery.java:77)
	at org.elasticsearch.index.shard.StoreRecovery$$Lambda$696/1752519311.run(Unknown Source)
	at org.elasticsearch.index.shard.StoreRecovery.executeRecovery(StoreRecovery.java:122)
	at org.elasticsearch.index.shard.StoreRecovery.recoverFromStore(StoreRecovery.java:75)
	at org.elasticsearch.index.shard.IndexShard.recoverFromStore(IndexShard.java:1059)
	at org.elasticsearch.indices.cluster.IndicesClusterStateService.lambda$applyInitializingShard$190(IndicesClusterStateService.java:648)
	at org.elasticsearch.indices.cluster.IndicesClusterStateService$$Lambda$694/1687235994.run(Unknown Source)
	at java.util.concurrent.ThreadPoolExecutor.runWorker(ThreadPoolExecutor.java:1142)
	at java.util.concurrent.ThreadPoolExecutor$Worker.run(ThreadPoolExecutor.java:617)
	at java.lang.Thread.run(Thread.java:745)
Caused by: [test][[test][0]] EngineCreationFailureException[failed to recover from translog]; nested: EngineException[failed to recover from translog]; nested: TranslogCorruptedException[translog corruption while reading from stream]; nested: TranslogCorruptedException[translog stream is corrupted, expected: 0xa94db8f6, got: 0x68c36736];
	at org.elasticsearch.index.engine.InternalEngine.<init>(InternalEngine.java:175)
	at org.elasticsearch.test.engine.MockInternalEngine.<init>(MockInternalEngine.java:36)
	at org.elasticsearch.test.engine.MockEngineFactory.newReadWriteEngine(MockEngineFactory.java:36)
	at org.elasticsearch.index.shard.IndexShard.newEngine(IndexShard.java:1310)
	at org.elasticsearch.index.shard.IndexShard.createNewEngine(IndexShard.java:1305)
	at org.elasticsearch.index.shard.IndexShard.internalPerformTranslogRecovery(IndexShard.java:888)
	at org.elasticsearch.index.shard.IndexShard.performTranslogRecovery(IndexShard.java:866)
	at org.elasticsearch.index.shard.StoreRecovery.internalRecoverFromStore(StoreRecovery.java:230)
	... 10 more
Caused by: [test][[test][0]] EngineException[failed to recover from translog]; nested: TranslogCorruptedException[translog corruption while reading from stream]; nested: TranslogCorruptedException[translog stream is corrupted, expected: 0xa94db8f6, got: 0x68c36736];
	at org.elasticsearch.index.engine.InternalEngine.recoverFromTranslog(InternalEngine.java:251)
	at org.elasticsearch.index.engine.InternalEngine.<init>(InternalEngine.java:172)
	... 17 more
Caused by: TranslogCorruptedException[translog corruption while reading from stream]; nested: TranslogCorruptedException[translog stream is corrupted, expected: 0xa94db8f6, got: 0x68c36736];
	at org.elasticsearch.index.translog.Translog.readOperation(Translog.java:1133)
	at org.elasticsearch.index.translog.BaseTranslogReader.read(BaseTranslogReader.java:114)
	at org.elasticsearch.index.translog.TranslogSnapshot.readOperation(TranslogSnapshot.java:70)
	at org.elasticsearch.index.translog.TranslogSnapshot.next(TranslogSnapshot.java:61)
	at org.elasticsearch.index.translog.MultiSnapshot.next(MultiSnapshot.java:53)
	at org.elasticsearch.index.engine.InternalEngine.recoverFromTranslog(InternalEngine.java:237)
	... 18 more
Caused by: TranslogCorruptedException[translog stream is corrupted, expected: 0xa94db8f6, got: 0x68c36736]
	at org.elasticsearch.index.translog.Translog.verifyChecksum(Translog.java:1091)
	at org.elasticsearch.index.translog.Translog.readOperation(Translog.java:1123)
	... 23 more
[2016-03-29 17:31:12,676][WARN ][org.elasticsearch.cluster.action.shard] [node_s0] [test][0] received shard failed for [test][0], node[Y27JbEqhQsSb7nUkvqXFqw], [P], v[3], s[INITIALIZING], a[id=zBL8DgKHS8aJ0j5ECkkYgg], unassigned_info[[reason=ALLOCATION_FAILED], at[2016-03-29T21:31:12.666Z], details[failed recovery, failure IndexShardRecoveryException[failed to recovery from gateway]; nested: EngineCreationFailureException[failed to recover from translog]; nested: EngineException[failed to recover from translog]; nested: TranslogCorruptedException[translog corruption while reading from stream]; nested: TranslogCorruptedException[translog stream is corrupted, expected: 0xa94db8f6, got: 0x68c36736]; ]], indexUUID [1CWRzkvfRB-D3v8U1_ZpEQ], message [failed recovery], failure [IndexShardRecoveryException[failed to recovery from gateway]; nested: EngineCreationFailureException[failed to recover from translog]; nested: EngineException[failed to recover from translog]; nested: TranslogCorruptedException[translog corruption while reading from stream]; nested: TranslogCorruptedException[translog stream is corrupted, expected: 0xa94db8f6, got: 0x68c36736]; ]
[test][[test][0]] IndexShardRecoveryException[failed to recovery from gateway]; nested: EngineCreationFailureException[failed to recover from translog]; nested: EngineException[failed to recover from translog]; nested: TranslogCorruptedException[translog corruption while reading from stream]; nested: TranslogCorruptedException[translog stream is corrupted, expected: 0xa94db8f6, got: 0x68c36736];
	at org.elasticsearch.index.shard.StoreRecovery.internalRecoverFromStore(StoreRecovery.java:234)
	at org.elasticsearch.index.shard.StoreRecovery.lambda$recoverFromStore$184(StoreRecovery.java:77)
	at org.elasticsearch.index.shard.StoreRecovery$$Lambda$696/1752519311.run(Unknown Source)
	at org.elasticsearch.index.shard.StoreRecovery.executeRecovery(StoreRecovery.java:122)
	at org.elasticsearch.index.shard.StoreRecovery.recoverFromStore(StoreRecovery.java:75)
	at org.elasticsearch.index.shard.IndexShard.recoverFromStore(IndexShard.java:1059)
	at org.elasticsearch.indices.cluster.IndicesClusterStateService.lambda$applyInitializingShard$190(IndicesClusterStateService.java:648)
	at org.elasticsearch.indices.cluster.IndicesClusterStateService$$Lambda$694/1687235994.run(Unknown Source)
	at java.util.concurrent.ThreadPoolExecutor.runWorker(ThreadPoolExecutor.java:1142)
	at java.util.concurrent.ThreadPoolExecutor$Worker.run(ThreadPoolExecutor.java:617)
	at java.lang.Thread.run(Thread.java:745)
Caused by: [test][[test][0]] EngineCreationFailureException[failed to recover from translog]; nested: EngineException[failed to recover from translog]; nested: TranslogCorruptedException[translog corruption while reading from stream]; nested: TranslogCorruptedException[translog stream is corrupted, expected: 0xa94db8f6, got: 0x68c36736];
	at org.elasticsearch.index.engine.InternalEngine.<init>(InternalEngine.java:175)
	at org.elasticsearch.test.engine.MockInternalEngine.<init>(MockInternalEngine.java:36)
	at org.elasticsearch.test.engine.MockEngineFactory.newReadWriteEngine(MockEngineFactory.java:36)
	at org.elasticsearch.index.shard.IndexShard.newEngine(IndexShard.java:1310)
	at org.elasticsearch.index.shard.IndexShard.createNewEngine(IndexShard.java:1305)
	at org.elasticsearch.index.shard.IndexShard.internalPerformTranslogRecovery(IndexShard.java:888)
	at org.elasticsearch.index.shard.IndexShard.performTranslogRecovery(IndexShard.java:866)
	at org.elasticsearch.index.shard.StoreRecovery.internalRecoverFromStore(StoreRecovery.java:230)
	... 10 more
Caused by: [test][[test][0]] EngineException[failed to recover from translog]; nested: TranslogCorruptedException[translog corruption while reading from stream]; nested: TranslogCorruptedException[translog stream is corrupted, expected: 0xa94db8f6, got: 0x68c36736];
	at org.elasticsearch.index.engine.InternalEngine.recoverFromTranslog(InternalEngine.java:251)
	at org.elasticsearch.index.engine.InternalEngine.<init>(InternalEngine.java:172)
	... 17 more
Caused by: TranslogCorruptedException[translog corruption while reading from stream]; nested: TranslogCorruptedException[translog stream is corrupted, expected: 0xa94db8f6, got: 0x68c36736];
	at org.elasticsearch.index.translog.Translog.readOperation(Translog.java:1133)
	at org.elasticsearch.index.translog.BaseTranslogReader.read(BaseTranslogReader.java:114)
	at org.elasticsearch.index.translog.TranslogSnapshot.readOperation(TranslogSnapshot.java:70)
	at org.elasticsearch.index.translog.TranslogSnapshot.next(TranslogSnapshot.java:61)
	at org.elasticsearch.index.translog.MultiSnapshot.next(MultiSnapshot.java:53)
	at org.elasticsearch.index.engine.InternalEngine.recoverFromTranslog(InternalEngine.java:237)
	... 18 more
Caused by: TranslogCorruptedException[translog stream is corrupted, expected: 0xa94db8f6, got: 0x68c36736]
	at org.elasticsearch.index.translog.Translog.verifyChecksum(Translog.java:1091)
	at org.elasticsearch.index.translog.Translog.readOperation(Translog.java:1123)
	... 23 more
[2016-03-29 17:31:12,689][WARN ][org.elasticsearch.indices.cluster] [node_s0] [[test][0]] marking and sending shard failed due to [failed recovery]
[test][[test][0]] IndexShardRecoveryException[failed to recovery from gateway]; nested: EngineCreationFailureException[failed to recover from translog]; nested: EngineException[failed to recover from translog]; nested: TranslogCorruptedException[translog corruption while reading from stream]; nested: TranslogCorruptedException[translog stream is corrupted, expected: 0xa94db8f6, got: 0x68c36736];
	at org.elasticsearch.index.shard.StoreRecovery.internalRecoverFromStore(StoreRecovery.java:234)
	at org.elasticsearch.index.shard.StoreRecovery.lambda$recoverFromStore$184(StoreRecovery.java:77)
	at org.elasticsearch.index.shard.StoreRecovery$$Lambda$696/1752519311.run(Unknown Source)
	at org.elasticsearch.index.shard.StoreRecovery.executeRecovery(StoreRecovery.java:122)
	at org.elasticsearch.index.shard.StoreRecovery.recoverFromStore(StoreRecovery.java:75)
	at org.elasticsearch.index.shard.IndexShard.recoverFromStore(IndexShard.java:1059)
	at org.elasticsearch.indices.cluster.IndicesClusterStateService.lambda$applyInitializingShard$190(IndicesClusterStateService.java:648)
	at org.elasticsearch.indices.cluster.IndicesClusterStateService$$Lambda$694/1687235994.run(Unknown Source)
	at java.util.concurrent.ThreadPoolExecutor.runWorker(ThreadPoolExecutor.java:1142)
	at java.util.concurrent.ThreadPoolExecutor$Worker.run(ThreadPoolExecutor.java:617)
	at java.lang.Thread.run(Thread.java:745)
Caused by: [test][[test][0]] EngineCreationFailureException[failed to recover from translog]; nested: EngineException[failed to recover from translog]; nested: TranslogCorruptedException[translog corruption while reading from stream]; nested: TranslogCorruptedException[translog stream is corrupted, expected: 0xa94db8f6, got: 0x68c36736];
	at org.elasticsearch.index.engine.InternalEngine.<init>(InternalEngine.java:175)
	at org.elasticsearch.test.engine.MockInternalEngine.<init>(MockInternalEngine.java:36)
	at org.elasticsearch.test.engine.MockEngineFactory.newReadWriteEngine(MockEngineFactory.java:36)
	at org.elasticsearch.index.shard.IndexShard.newEngine(IndexShard.java:1310)
	at org.elasticsearch.index.shard.IndexShard.createNewEngine(IndexShard.java:1305)
	at org.elasticsearch.index.shard.IndexShard.internalPerformTranslogRecovery(IndexShard.java:888)
	at org.elasticsearch.index.shard.IndexShard.performTranslogRecovery(IndexShard.java:866)
	at org.elasticsearch.index.shard.StoreRecovery.internalRecoverFromStore(StoreRecovery.java:230)
	... 10 more
Caused by: [test][[test][0]] EngineException[failed to recover from translog]; nested: TranslogCorruptedException[translog corruption while reading from stream]; nested: TranslogCorruptedException[translog stream is corrupted, expected: 0xa94db8f6, got: 0x68c36736];
	at org.elasticsearch.index.engine.InternalEngine.recoverFromTranslog(InternalEngine.java:251)
	at org.elasticsearch.index.engine.InternalEngine.<init>(InternalEngine.java:172)
	... 17 more
Caused by: TranslogCorruptedException[translog corruption while reading from stream]; nested: TranslogCorruptedException[translog stream is corrupted, expected: 0xa94db8f6, got: 0x68c36736];
	at org.elasticsearch.index.translog.Translog.readOperation(Translog.java:1133)
	at org.elasticsearch.index.translog.BaseTranslogReader.read(BaseTranslogReader.java:114)
	at org.elasticsearch.index.translog.TranslogSnapshot.readOperation(TranslogSnapshot.java:70)
	at org.elasticsearch.index.translog.TranslogSnapshot.next(TranslogSnapshot.java:61)
	at org.elasticsearch.index.translog.MultiSnapshot.next(MultiSnapshot.java:53)
	at org.elasticsearch.index.engine.InternalEngine.recoverFromTranslog(InternalEngine.java:237)
	... 18 more
Caused by: TranslogCorruptedException[translog stream is corrupted, expected: 0xa94db8f6, got: 0x68c36736]
	at org.elasticsearch.index.translog.Translog.verifyChecksum(Translog.java:1091)
	at org.elasticsearch.index.translog.Translog.readOperation(Translog.java:1123)
	... 23 more
[2016-03-29 17:31:12,690][WARN ][org.elasticsearch.cluster.action.shard] [node_s0] [test][0] received shard failed for [test][0], node[Y27JbEqhQsSb7nUkvqXFqw], [P], v[3], s[INITIALIZING], a[id=uzfC45VZSwek9ZJlyHxm1w], unassigned_info[[reason=ALLOCATION_FAILED], at[2016-03-29T21:31:12.676Z], details[failed recovery, failure IndexShardRecoveryException[failed to recovery from gateway]; nested: EngineCreationFailureException[failed to recover from translog]; nested: EngineException[failed to recover from translog]; nested: TranslogCorruptedException[translog corruption while reading from stream]; nested: TranslogCorruptedException[translog stream is corrupted, expected: 0xa94db8f6, got: 0x68c36736]; ]], indexUUID [1CWRzkvfRB-D3v8U1_ZpEQ], message [failed recovery], failure [IndexShardRecoveryException[failed to recovery from gateway]; nested: EngineCreationFailureException[failed to recover from translog]; nested: EngineException[failed to recover from translog]; nested: TranslogCorruptedException[translog corruption while reading from stream]; nested: TranslogCorruptedException[translog stream is corrupted, expected: 0xa94db8f6, got: 0x68c36736]; ]
[test][[test][0]] IndexShardRecoveryException[failed to recovery from gateway]; nested: EngineCreationFailureException[failed to recover from translog]; nested: EngineException[failed to recover from translog]; nested: TranslogCorruptedException[translog corruption while reading from stream]; nested: TranslogCorruptedException[translog stream is corrupted, expected: 0xa94db8f6, got: 0x68c36736];
	at org.elasticsearch.index.shard.StoreRecovery.internalRecoverFromStore(StoreRecovery.java:234)
	at org.elasticsearch.index.shard.StoreRecovery.lambda$recoverFromStore$184(StoreRecovery.java:77)
	at org.elasticsearch.index.shard.StoreRecovery$$Lambda$696/1752519311.run(Unknown Source)
	at org.elasticsearch.index.shard.StoreRecovery.executeRecovery(StoreRecovery.java:122)
	at org.elasticsearch.index.shard.StoreRecovery.recoverFromStore(StoreRecovery.java:75)
	at org.elasticsearch.index.shard.IndexShard.recoverFromStore(IndexShard.java:1059)
	at org.elasticsearch.indices.cluster.IndicesClusterStateService.lambda$applyInitializingShard$190(IndicesClusterStateService.java:648)
	at org.elasticsearch.indices.cluster.IndicesClusterStateService$$Lambda$694/1687235994.run(Unknown Source)
	at java.util.concurrent.ThreadPoolExecutor.runWorker(ThreadPoolExecutor.java:1142)
	at java.util.concurrent.ThreadPoolExecutor$Worker.run(ThreadPoolExecutor.java:617)
	at java.lang.Thread.run(Thread.java:745)
Caused by: [test][[test][0]] EngineCreationFailureException[failed to recover from translog]; nested: EngineException[failed to recover from translog]; nested: TranslogCorruptedException[translog corruption while reading from stream]; nested: TranslogCorruptedException[translog stream is corrupted, expected: 0xa94db8f6, got: 0x68c36736];
	at org.elasticsearch.index.engine.InternalEngine.<init>(InternalEngine.java:175)
	at org.elasticsearch.test.engine.MockInternalEngine.<init>(MockInternalEngine.java:36)
	at org.elasticsearch.test.engine.MockEngineFactory.newReadWriteEngine(MockEngineFactory.java:36)
	at org.elasticsearch.index.shard.IndexShard.newEngine(IndexShard.java:1310)
	at org.elasticsearch.index.shard.IndexShard.createNewEngine(IndexShard.java:1305)
	at org.elasticsearch.index.shard.IndexShard.internalPerformTranslogRecovery(IndexShard.java:888)
	at org.elasticsearch.index.shard.IndexShard.performTranslogRecovery(IndexShard.java:866)
	at org.elasticsearch.index.shard.StoreRecovery.internalRecoverFromStore(StoreRecovery.java:230)
	... 10 more
Caused by: [test][[test][0]] EngineException[failed to recover from translog]; nested: TranslogCorruptedException[translog corruption while reading from stream]; nested: TranslogCorruptedException[translog stream is corrupted, expected: 0xa94db8f6, got: 0x68c36736];
	at org.elasticsearch.index.engine.InternalEngine.recoverFromTranslog(InternalEngine.java:251)
	at org.elasticsearch.index.engine.InternalEngine.<init>(InternalEngine.java:172)
	... 17 more
Caused by: TranslogCorruptedException[translog corruption while reading from stream]; nested: TranslogCorruptedException[translog stream is corrupted, expected: 0xa94db8f6, got: 0x68c36736];
	at org.elasticsearch.index.translog.Translog.readOperation(Translog.java:1133)
	at org.elasticsearch.index.translog.BaseTranslogReader.read(BaseTranslogReader.java:114)
	at org.elasticsearch.index.translog.TranslogSnapshot.readOperation(TranslogSnapshot.java:70)
	at org.elasticsearch.index.translog.TranslogSnapshot.next(TranslogSnapshot.java:61)
	at org.elasticsearch.index.translog.MultiSnapshot.next(MultiSnapshot.java:53)
	at org.elasticsearch.index.engine.InternalEngine.recoverFromTranslog(InternalEngine.java:237)
	... 18 more
Caused by: TranslogCorruptedException[translog stream is corrupted, expected: 0xa94db8f6, got: 0x68c36736]
	at org.elasticsearch.index.translog.Translog.verifyChecksum(Translog.java:1091)
	at org.elasticsearch.index.translog.Translog.readOperation(Translog.java:1123)
	... 23 more
[2016-03-29 17:31:12,700][WARN ][org.elasticsearch.indices.cluster] [node_s0] [[test][0]] marking and sending shard failed due to [failed recovery]
[test][[test][0]] IndexShardRecoveryException[failed to recovery from gateway]; nested: EngineCreationFailureException[failed to recover from translog]; nested: EngineException[failed to recover from translog]; nested: TranslogCorruptedException[translog corruption while reading from stream]; nested: TranslogCorruptedException[translog stream is corrupted, expected: 0xa94db8f6, got: 0x68c36736];
	at org.elasticsearch.index.shard.StoreRecovery.internalRecoverFromStore(StoreRecovery.java:234)
	at org.elasticsearch.index.shard.StoreRecovery.lambda$recoverFromStore$184(StoreRecovery.java:77)
	at org.elasticsearch.index.shard.StoreRecovery$$Lambda$696/1752519311.run(Unknown Source)
	at org.elasticsearch.index.shard.StoreRecovery.executeRecovery(StoreRecovery.java:122)
	at org.elasticsearch.index.shard.StoreRecovery.recoverFromStore(StoreRecovery.java:75)
	at org.elasticsearch.index.shard.IndexShard.recoverFromStore(IndexShard.java:1059)
	at org.elasticsearch.indices.cluster.IndicesClusterStateService.lambda$applyInitializingShard$190(IndicesClusterStateService.java:648)
	at org.elasticsearch.indices.cluster.IndicesClusterStateService$$Lambda$694/1687235994.run(Unknown Source)
	at java.util.concurrent.ThreadPoolExecutor.runWorker(ThreadPoolExecutor.java:1142)
	at java.util.concurrent.ThreadPoolExecutor$Worker.run(ThreadPoolExecutor.java:617)
	at java.lang.Thread.run(Thread.java:745)
Caused by: [test][[test][0]] EngineCreationFailureException[failed to recover from translog]; nested: EngineException[failed to recover from translog]; nested: TranslogCorruptedException[translog corruption while reading from stream]; nested: TranslogCorruptedException[translog stream is corrupted, expected: 0xa94db8f6, got: 0x68c36736];
	at org.elasticsearch.index.engine.InternalEngine.<init>(InternalEngine.java:175)
	at org.elasticsearch.test.engine.MockInternalEngine.<init>(MockInternalEngine.java:36)
	at org.elasticsearch.test.engine.MockEngineFactory.newReadWriteEngine(MockEngineFactory.java:36)
	at org.elasticsearch.index.shard.IndexShard.newEngine(IndexShard.java:1310)
	at org.elasticsearch.index.shard.IndexShard.createNewEngine(IndexShard.java:1305)
	at org.elasticsearch.index.shard.IndexShard.internalPerformTranslogRecovery(IndexShard.java:888)
	at org.elasticsearch.index.shard.IndexShard.performTranslogRecovery(IndexShard.java:866)
	at org.elasticsearch.index.shard.StoreRecovery.internalRecoverFromStore(StoreRecovery.java:230)
	... 10 more
Caused by: [test][[test][0]] EngineException[failed to recover from translog]; nested: TranslogCorruptedException[translog corruption while reading from stream]; nested: TranslogCorruptedException[translog stream is corrupted, expected: 0xa94db8f6, got: 0x68c36736];
	at org.elasticsearch.index.engine.InternalEngine.recoverFromTranslog(InternalEngine.java:251)
	at org.elasticsearch.index.engine.InternalEngine.<init>(InternalEngine.java:172)
	... 17 more
Caused by: TranslogCorruptedException[translog corruption while reading from stream]; nested: TranslogCorruptedException[translog stream is corrupted, expected: 0xa94db8f6, got: 0x68c36736];
	at org.elasticsearch.index.translog.Translog.readOperation(Translog.java:1133)
	at org.elasticsearch.index.translog.BaseTranslogReader.read(BaseTranslogReader.java:114)
	at org.elasticsearch.index.translog.TranslogSnapshot.readOperation(TranslogSnapshot.java:70)
	at org.elasticsearch.index.translog.TranslogSnapshot.next(TranslogSnapshot.java:61)
	at org.elasticsearch.index.translog.MultiSnapshot.next(MultiSnapshot.java:53)
	at org.elasticsearch.index.engine.InternalEngine.recoverFromTranslog(InternalEngine.java:237)
	... 18 more
Caused by: TranslogCorruptedException[translog stream is corrupted, expected: 0xa94db8f6, got: 0x68c36736]
	at org.elasticsearch.index.translog.Translog.verifyChecksum(Translog.java:1091)
	at org.elasticsearch.index.translog.Translog.readOperation(Translog.java:1123)
	... 23 more
[2016-03-29 17:31:12,701][WARN ][org.elasticsearch.cluster.action.shard] [node_s0] [test][0] received shard failed for [test][0], node[Y27JbEqhQsSb7nUkvqXFqw], [P], v[3], s[INITIALIZING], a[id=ngNsbqj8QTOhED26qVi2aQ], unassigned_info[[reason=ALLOCATION_FAILED], at[2016-03-29T21:31:12.690Z], details[failed recovery, failure IndexShardRecoveryException[failed to recovery from gateway]; nested: EngineCreationFailureException[failed to recover from translog]; nested: EngineException[failed to recover from translog]; nested: TranslogCorruptedException[translog corruption while reading from stream]; nested: TranslogCorruptedException[translog stream is corrupted, expected: 0xa94db8f6, got: 0x68c36736]; ]], indexUUID [1CWRzkvfRB-D3v8U1_ZpEQ], message [failed recovery], failure [IndexShardRecoveryException[failed to recovery from gateway]; nested: EngineCreationFailureException[failed to recover from translog]; nested: EngineException[failed to recover from translog]; nested: TranslogCorruptedException[translog corruption while reading from stream]; nested: TranslogCorruptedException[translog stream is corrupted, expected: 0xa94db8f6, got: 0x68c36736]; ]
[test][[test][0]] IndexShardRecoveryException[failed to recovery from gateway]; nested: EngineCreationFailureException[failed to recover from translog]; nested: EngineException[failed to recover from translog]; nested: TranslogCorruptedException[translog corruption while reading from stream]; nested: TranslogCorruptedException[translog stream is corrupted, expected: 0xa94db8f6, got: 0x68c36736];
	at org.elasticsearch.index.shard.StoreRecovery.internalRecoverFromStore(StoreRecovery.java:234)
	at org.elasticsearch.index.shard.StoreRecovery.lambda$recoverFromStore$184(StoreRecovery.java:77)
	at org.elasticsearch.index.shard.StoreRecovery$$Lambda$696/1752519311.run(Unknown Source)
	at org.elasticsearch.index.shard.StoreRecovery.executeRecovery(StoreRecovery.java:122)
	at org.elasticsearch.index.shard.StoreRecovery.recoverFromStore(StoreRecovery.java:75)
	at org.elasticsearch.index.shard.IndexShard.recoverFromStore(IndexShard.java:1059)
	at org.elasticsearch.indices.cluster.IndicesClusterStateService.lambda$applyInitializingShard$190(IndicesClusterStateService.java:648)
	at org.elasticsearch.indices.cluster.IndicesClusterStateService$$Lambda$694/1687235994.run(Unknown Source)
	at java.util.concurrent.ThreadPoolExecutor.runWorker(ThreadPoolExecutor.java:1142)
	at java.util.concurrent.ThreadPoolExecutor$Worker.run(ThreadPoolExecutor.java:617)
	at java.lang.Thread.run(Thread.java:745)
Caused by: [test][[test][0]] EngineCreationFailureException[failed to recover from translog]; nested: EngineException[failed to recover from translog]; nested: TranslogCorruptedException[translog corruption while reading from stream]; nested: TranslogCorruptedException[translog stream is corrupted, expected: 0xa94db8f6, got: 0x68c36736];
	at org.elasticsearch.index.engine.InternalEngine.<init>(InternalEngine.java:175)
	at org.elasticsearch.test.engine.MockInternalEngine.<init>(MockInternalEngine.java:36)
	at org.elasticsearch.test.engine.MockEngineFactory.newReadWriteEngine(MockEngineFactory.java:36)
	at org.elasticsearch.index.shard.IndexShard.newEngine(IndexShard.java:1310)
	at org.elasticsearch.index.shard.IndexShard.createNewEngine(IndexShard.java:1305)
	at org.elasticsearch.index.shard.IndexShard.internalPerformTranslogRecovery(IndexShard.java:888)
	at org.elasticsearch.index.shard.IndexShard.performTranslogRecovery(IndexShard.java:866)
	at org.elasticsearch.index.shard.StoreRecovery.internalRecoverFromStore(StoreRecovery.java:230)
	... 10 more
Caused by: [test][[test][0]] EngineException[failed to recover from translog]; nested: TranslogCorruptedException[translog corruption while reading from stream]; nested: TranslogCorruptedException[translog stream is corrupted, expected: 0xa94db8f6, got: 0x68c36736];
	at org.elasticsearch.index.engine.InternalEngine.recoverFromTranslog(InternalEngine.java:251)
	at org.elasticsearch.index.engine.InternalEngine.<init>(InternalEngine.java:172)
	... 17 more
Caused by: TranslogCorruptedException[translog corruption while reading from stream]; nested: TranslogCorruptedException[translog stream is corrupted, expected: 0xa94db8f6, got: 0x68c36736];
	at org.elasticsearch.index.translog.Translog.readOperation(Translog.java:1133)
	at org.elasticsearch.index.translog.BaseTranslogReader.read(BaseTranslogReader.java:114)
	at org.elasticsearch.index.translog.TranslogSnapshot.readOperation(TranslogSnapshot.java:70)
	at org.elasticsearch.index.translog.TranslogSnapshot.next(TranslogSnapshot.java:61)
	at org.elasticsearch.index.translog.MultiSnapshot.next(MultiSnapshot.java:53)
	at org.elasticsearch.index.engine.InternalEngine.recoverFromTranslog(InternalEngine.java:237)
	... 18 more
Caused by: TranslogCorruptedException[translog stream is corrupted, expected: 0xa94db8f6, got: 0x68c36736]
	at org.elasticsearch.index.translog.Translog.verifyChecksum(Translog.java:1091)
	at org.elasticsearch.index.translog.Translog.readOperation(Translog.java:1123)
	... 23 more
[2016-03-29 17:31:12,710][WARN ][org.elasticsearch.indices.cluster] [node_s0] [[test][0]] marking and sending shard failed due to [failed recovery]
[test][[test][0]] IndexShardRecoveryException[failed to recovery from gateway]; nested: EngineCreationFailureException[failed to recover from translog]; nested: EngineException[failed to recover from translog]; nested: TranslogCorruptedException[translog corruption while reading from stream]; nested: TranslogCorruptedException[translog stream is corrupted, expected: 0xa94db8f6, got: 0x68c36736];
	at org.elasticsearch.index.shard.StoreRecovery.internalRecoverFromStore(StoreRecovery.java:234)
	at org.elasticsearch.index.shard.StoreRecovery.lambda$recoverFromStore$184(StoreRecovery.java:77)
	at org.elasticsearch.index.shard.StoreRecovery$$Lambda$696/1752519311.run(Unknown Source)
	at org.elasticsearch.index.shard.StoreRecovery.executeRecovery(StoreRecovery.java:122)
	at org.elasticsearch.index.shard.StoreRecovery.recoverFromStore(StoreRecovery.java:75)
	at org.elasticsearch.index.shard.IndexShard.recoverFromStore(IndexShard.java:1059)
	at org.elasticsearch.indices.cluster.IndicesClusterStateService.lambda$applyInitializingShard$190(IndicesClusterStateService.java:648)
	at org.elasticsearch.indices.cluster.IndicesClusterStateService$$Lambda$694/1687235994.run(Unknown Source)
	at java.util.concurrent.ThreadPoolExecutor.runWorker(ThreadPoolExecutor.java:1142)
	at java.util.concurrent.ThreadPoolExecutor$Worker.run(ThreadPoolExecutor.java:617)
	at java.lang.Thread.run(Thread.java:745)
Caused by: [test][[test][0]] EngineCreationFailureException[failed to recover from translog]; nested: EngineException[failed to recover from translog]; nested: TranslogCorruptedException[translog corruption while reading from stream]; nested: TranslogCorruptedException[translog stream is corrupted, expected: 0xa94db8f6, got: 0x68c36736];
	at org.elasticsearch.index.engine.InternalEngine.<init>(InternalEngine.java:175)
	at org.elasticsearch.test.engine.MockInternalEngine.<init>(MockInternalEngine.java:36)
	at org.elasticsearch.test.engine.MockEngineFactory.newReadWriteEngine(MockEngineFactory.java:36)
	at org.elasticsearch.index.shard.IndexShard.newEngine(IndexShard.java:1310)
	at org.elasticsearch.index.shard.IndexShard.createNewEngine(IndexShard.java:1305)
	at org.elasticsearch.index.shard.IndexShard.internalPerformTranslogRecovery(IndexShard.java:888)
	at org.elasticsearch.index.shard.IndexShard.performTranslogRecovery(IndexShard.java:866)
	at org.elasticsearch.index.shard.StoreRecovery.internalRecoverFromStore(StoreRecovery.java:230)
	... 10 more
Caused by: [test][[test][0]] EngineException[failed to recover from translog]; nested: TranslogCorruptedException[translog corruption while reading from stream]; nested: TranslogCorruptedException[translog stream is corrupted, expected: 0xa94db8f6, got: 0x68c36736];
	at org.elasticsearch.index.engine.InternalEngine.recoverFromTranslog(InternalEngine.java:251)
	at org.elasticsearch.index.engine.InternalEngine.<init>(InternalEngine.java:172)
	... 17 more
Caused by: TranslogCorruptedException[translog corruption while reading from stream]; nested: TranslogCorruptedException[translog stream is corrupted, expected: 0xa94db8f6, got: 0x68c36736];
	at org.elasticsearch.index.translog.Translog.readOperation(Translog.java:1133)
	at org.elasticsearch.index.translog.BaseTranslogReader.read(BaseTranslogReader.java:114)
	at org.elasticsearch.index.translog.TranslogSnapshot.readOperation(TranslogSnapshot.java:70)
	at org.elasticsearch.index.translog.TranslogSnapshot.next(TranslogSnapshot.java:61)
	at org.elasticsearch.index.translog.MultiSnapshot.next(MultiSnapshot.java:53)
	at org.elasticsearch.index.engine.InternalEngine.recoverFromTranslog(InternalEngine.java:237)
	... 18 more
Caused by: TranslogCorruptedException[translog stream is corrupted, expected: 0xa94db8f6, got: 0x68c36736]
	at org.elasticsearch.index.translog.Translog.verifyChecksum(Translog.java:1091)
	at org.elasticsearch.index.translog.Translog.readOperation(Translog.java:1123)
	... 23 more
[2016-03-29 17:31:12,710][WARN ][org.elasticsearch.cluster.action.shard] [node_s0] [test][0] received shard failed for [test][0], node[Y27JbEqhQsSb7nUkvqXFqw], [P], v[3], s[INITIALIZING], a[id=pl6XMJa_T-O1b4b_jgMyrQ], unassigned_info[[reason=ALLOCATION_FAILED], at[2016-03-29T21:31:12.701Z], details[failed recovery, failure IndexShardRecoveryException[failed to recovery from gateway]; nested: EngineCreationFailureException[failed to recover from translog]; nested: EngineException[failed to recover from translog]; nested: TranslogCorruptedException[translog corruption while reading from stream]; nested: TranslogCorruptedException[translog stream is corrupted, expected: 0xa94db8f6, got: 0x68c36736]; ]], indexUUID [1CWRzkvfRB-D3v8U1_ZpEQ], message [failed recovery], failure [IndexShardRecoveryException[failed to recovery from gateway]; nested: EngineCreationFailureException[failed to recover from translog]; nested: EngineException[failed to recover from translog]; nested: TranslogCorruptedException[translog corruption while reading from stream]; nested: TranslogCorruptedException[translog stream is corrupted, expected: 0xa94db8f6, got: 0x68c36736]; ]
[test][[test][0]] IndexShardRecoveryException[failed to recovery from gateway]; nested: EngineCreationFailureException[failed to recover from translog]; nested: EngineException[failed to recover from translog]; nested: TranslogCorruptedException[translog corruption while reading from stream]; nested: TranslogCorruptedException[translog stream is corrupted, expected: 0xa94db8f6, got: 0x68c36736];
	at org.elasticsearch.index.shard.StoreRecovery.internalRecoverFromStore(StoreRecovery.java:234)
	at org.elasticsearch.index.shard.StoreRecovery.lambda$recoverFromStore$184(StoreRecovery.java:77)
	at org.elasticsearch.index.shard.StoreRecovery$$Lambda$696/1752519311.run(Unknown Source)
	at org.elasticsearch.index.shard.StoreRecovery.executeRecovery(StoreRecovery.java:122)
	at org.elasticsearch.index.shard.StoreRecovery.recoverFromStore(StoreRecovery.java:75)
	at org.elasticsearch.index.shard.IndexShard.recoverFromStore(IndexShard.java:1059)
	at org.elasticsearch.indices.cluster.IndicesClusterStateService.lambda$applyInitializingShard$190(IndicesClusterStateService.java:648)
	at org.elasticsearch.indices.cluster.IndicesClusterStateService$$Lambda$694/1687235994.run(Unknown Source)
	at java.util.concurrent.ThreadPoolExecutor.runWorker(ThreadPoolExecutor.java:1142)
	at java.util.concurrent.ThreadPoolExecutor$Worker.run(ThreadPoolExecutor.java:617)
	at java.lang.Thread.run(Thread.java:745)
Caused by: [test][[test][0]] EngineCreationFailureException[failed to recover from translog]; nested: EngineException[failed to recover from translog]; nested: TranslogCorruptedException[translog corruption while reading from stream]; nested: TranslogCorruptedException[translog stream is corrupted, expected: 0xa94db8f6, got: 0x68c36736];
	at org.elasticsearch.index.engine.InternalEngine.<init>(InternalEngine.java:175)
	at org.elasticsearch.test.engine.MockInternalEngine.<init>(MockInternalEngine.java:36)
	at org.elasticsearch.test.engine.MockEngineFactory.newReadWriteEngine(MockEngineFactory.java:36)
	at org.elasticsearch.index.shard.IndexShard.newEngine(IndexShard.java:1310)
	at org.elasticsearch.index.shard.IndexShard.createNewEngine(IndexShard.java:1305)
	at org.elasticsearch.index.shard.IndexShard.internalPerformTranslogRecovery(IndexShard.java:888)
	at org.elasticsearch.index.shard.IndexShard.performTranslogRecovery(IndexShard.java:866)
	at org.elasticsearch.index.shard.StoreRecovery.internalRecoverFromStore(StoreRecovery.java:230)
	... 10 more
Caused by: [test][[test][0]] EngineException[failed to recover from translog]; nested: TranslogCorruptedException[translog corruption while reading from stream]; nested: TranslogCorruptedException[translog stream is corrupted, expected: 0xa94db8f6, got: 0x68c36736];
	at org.elasticsearch.index.engine.InternalEngine.recoverFromTranslog(InternalEngine.java:251)
	at org.elasticsearch.index.engine.InternalEngine.<init>(InternalEngine.java:172)
	... 17 more
Caused by: TranslogCorruptedException[translog corruption while reading from stream]; nested: TranslogCorruptedException[translog stream is corrupted, expected: 0xa94db8f6, got: 0x68c36736];
	at org.elasticsearch.index.translog.Translog.readOperation(Translog.java:1133)
	at org.elasticsearch.index.translog.BaseTranslogReader.read(BaseTranslogReader.java:114)
	at org.elasticsearch.index.translog.TranslogSnapshot.readOperation(TranslogSnapshot.java:70)
	at org.elasticsearch.index.translog.TranslogSnapshot.next(TranslogSnapshot.java:61)
	at org.elasticsearch.index.translog.MultiSnapshot.next(MultiSnapshot.java:53)
	at org.elasticsearch.index.engine.InternalEngine.recoverFromTranslog(InternalEngine.java:237)
	... 18 more
Caused by: TranslogCorruptedException[translog stream is corrupted, expected: 0xa94db8f6, got: 0x68c36736]
	at org.elasticsearch.index.translog.Translog.verifyChecksum(Translog.java:1091)
	at org.elasticsearch.index.translog.Translog.readOperation(Translog.java:1123)
	... 23 more
[2016-03-29 17:31:12,720][WARN ][org.elasticsearch.indices.cluster] [node_s0] [[test][0]] marking and sending shard failed due to [failed recovery]
[test][[test][0]] IndexShardRecoveryException[failed to recovery from gateway]; nested: EngineCreationFailureException[failed to recover from translog]; nested: EngineException[failed to recover from translog]; nested: TranslogCorruptedException[translog corruption while reading from stream]; nested: TranslogCorruptedException[translog stream is corrupted, expected: 0xa94db8f6, got: 0x68c36736];
	at org.elasticsearch.index.shard.StoreRecovery.internalRecoverFromStore(StoreRecovery.java:234)
	at org.elasticsearch.index.shard.StoreRecovery.lambda$recoverFromStore$184(StoreRecovery.java:77)
	at org.elasticsearch.index.shard.StoreRecovery$$Lambda$696/1752519311.run(Unknown Source)
	at org.elasticsearch.index.shard.StoreRecovery.executeRecovery(StoreRecovery.java:122)
	at org.elasticsearch.index.shard.StoreRecovery.recoverFromStore(StoreRecovery.java:75)
	at org.elasticsearch.index.shard.IndexShard.recoverFromStore(IndexShard.java:1059)
	at org.elasticsearch.indices.cluster.IndicesClusterStateService.lambda$applyInitializingShard$190(IndicesClusterStateService.java:648)
	at org.elasticsearch.indices.cluster.IndicesClusterStateService$$Lambda$694/1687235994.run(Unknown Source)
	at java.util.concurrent.ThreadPoolExecutor.runWorker(ThreadPoolExecutor.java:1142)
	at java.util.concurrent.ThreadPoolExecutor$Worker.run(ThreadPoolExecutor.java:617)
	at java.lang.Thread.run(Thread.java:745)
Caused by: [test][[test][0]] EngineCreationFailureException[failed to recover from translog]; nested: EngineException[failed to recover from translog]; nested: TranslogCorruptedException[translog corruption while reading from stream]; nested: TranslogCorruptedException[translog stream is corrupted, expected: 0xa94db8f6, got: 0x68c36736];
	at org.elasticsearch.index.engine.InternalEngine.<init>(InternalEngine.java:175)
	at org.elasticsearch.test.engine.MockInternalEngine.<init>(MockInternalEngine.java:36)
	at org.elasticsearch.test.engine.MockEngineFactory.newReadWriteEngine(MockEngineFactory.java:36)
	at org.elasticsearch.index.shard.IndexShard.newEngine(IndexShard.java:1310)
	at org.elasticsearch.index.shard.IndexShard.createNewEngine(IndexShard.java:1305)
	at org.elasticsearch.index.shard.IndexShard.internalPerformTranslogRecovery(IndexShard.java:888)
	at org.elasticsearch.index.shard.IndexShard.performTranslogRecovery(IndexShard.java:866)
	at org.elasticsearch.index.shard.StoreRecovery.internalRecoverFromStore(StoreRecovery.java:230)
	... 10 more
Caused by: [test][[test][0]] EngineException[failed to recover from translog]; nested: TranslogCorruptedException[translog corruption while reading from stream]; nested: TranslogCorruptedException[translog stream is corrupted, expected: 0xa94db8f6, got: 0x68c36736];
	at org.elasticsearch.index.engine.InternalEngine.recoverFromTranslog(InternalEngine.java:251)
	at org.elasticsearch.index.engine.InternalEngine.<init>(InternalEngine.java:172)
	... 17 more
Caused by: TranslogCorruptedException[translog corruption while reading from stream]; nested: TranslogCorruptedException[translog stream is corrupted, expected: 0xa94db8f6, got: 0x68c36736];
	at org.elasticsearch.index.translog.Translog.readOperation(Translog.java:1133)
	at org.elasticsearch.index.translog.BaseTranslogReader.read(BaseTranslogReader.java:114)
	at org.elasticsearch.index.translog.TranslogSnapshot.readOperation(TranslogSnapshot.java:70)
	at org.elasticsearch.index.translog.TranslogSnapshot.next(TranslogSnapshot.java:61)
	at org.elasticsearch.index.translog.MultiSnapshot.next(MultiSnapshot.java:53)
	at org.elasticsearch.index.engine.InternalEngine.recoverFromTranslog(InternalEngine.java:237)
	... 18 more
Caused by: TranslogCorruptedException[translog stream is corrupted, expected: 0xa94db8f6, got: 0x68c36736]
	at org.elasticsearch.index.translog.Translog.verifyChecksum(Translog.java:1091)
	at org.elasticsearch.index.translog.Translog.readOperation(Translog.java:1123)
	... 23 more
[2016-03-29 17:31:12,720][WARN ][org.elasticsearch.cluster.action.shard] [node_s0] [test][0] received shard failed for [test][0], node[Y27JbEqhQsSb7nUkvqXFqw], [P], v[3], s[INITIALIZING], a[id=g-W8xX8BS4aqtVOQv8KLeA], unassigned_info[[reason=ALLOCATION_FAILED], at[2016-03-29T21:31:12.711Z], details[failed recovery, failure IndexShardRecoveryException[failed to recovery from gateway]; nested: EngineCreationFailureException[failed to recover from translog]; nested: EngineException[failed to recover from translog]; nested: TranslogCorruptedException[translog corruption while reading from stream]; nested: TranslogCorruptedException[translog stream is corrupted, expected: 0xa94db8f6, got: 0x68c36736]; ]], indexUUID [1CWRzkvfRB-D3v8U1_ZpEQ], message [failed recovery], failure [IndexShardRecoveryException[failed to recovery from gateway]; nested: EngineCreationFailureException[failed to recover from translog]; nested: EngineException[failed to recover from translog]; nested: TranslogCorruptedException[translog corruption while reading from stream]; nested: TranslogCorruptedException[translog stream is corrupted, expected: 0xa94db8f6, got: 0x68c36736]; ]
[test][[test][0]] IndexShardRecoveryException[failed to recovery from gateway]; nested: EngineCreationFailureException[failed to recover from translog]; nested: EngineException[failed to recover from translog]; nested: TranslogCorruptedException[translog corruption while reading from stream]; nested: TranslogCorruptedException[translog stream is corrupted, expected: 0xa94db8f6, got: 0x68c36736];
	at org.elasticsearch.index.shard.StoreRecovery.internalRecoverFromStore(StoreRecovery.java:234)
	at org.elasticsearch.index.shard.StoreRecovery.lambda$recoverFromStore$184(StoreRecovery.java:77)
	at org.elasticsearch.index.shard.StoreRecovery$$Lambda$696/1752519311.run(Unknown Source)
	at org.elasticsearch.index.shard.StoreRecovery.executeRecovery(StoreRecovery.java:122)
	at org.elasticsearch.index.shard.StoreRecovery.recoverFromStore(StoreRecovery.java:75)
	at org.elasticsearch.index.shard.IndexShard.recoverFromStore(IndexShard.java:1059)
	at org.elasticsearch.indices.cluster.IndicesClusterStateService.lambda$applyInitializingShard$190(IndicesClusterStateService.java:648)
	at org.elasticsearch.indices.cluster.IndicesClusterStateService$$Lambda$694/1687235994.run(Unknown Source)
	at java.util.concurrent.ThreadPoolExecutor.runWorker(ThreadPoolExecutor.java:1142)
	at java.util.concurrent.ThreadPoolExecutor$Worker.run(ThreadPoolExecutor.java:617)
	at java.lang.Thread.run(Thread.java:745)
Caused by: [test][[test][0]] EngineCreationFailureException[failed to recover from translog]; nested: EngineException[failed to recover from translog]; nested: TranslogCorruptedException[translog corruption while reading from stream]; nested: TranslogCorruptedException[translog stream is corrupted, expected: 0xa94db8f6, got: 0x68c36736];
	at org.elasticsearch.index.engine.InternalEngine.<init>(InternalEngine.java:175)
	at org.elasticsearch.test.engine.MockInternalEngine.<init>(MockInternalEngine.java:36)
	at org.elasticsearch.test.engine.MockEngineFactory.newReadWriteEngine(MockEngineFactory.java:36)
	at org.elasticsearch.index.shard.IndexShard.newEngine(IndexShard.java:1310)
	at org.elasticsearch.index.shard.IndexShard.createNewEngine(IndexShard.java:1305)
	at org.elasticsearch.index.shard.IndexShard.internalPerformTranslogRecovery(IndexShard.java:888)
	at org.elasticsearch.index.shard.IndexShard.performTranslogRecovery(IndexShard.java:866)
	at org.elasticsearch.index.shard.StoreRecovery.internalRecoverFromStore(StoreRecovery.java:230)
	... 10 more
Caused by: [test][[test][0]] EngineException[failed to recover from translog]; nested: TranslogCorruptedException[translog corruption while reading from stream]; nested: TranslogCorruptedException[translog stream is corrupted, expected: 0xa94db8f6, got: 0x68c36736];
	at org.elasticsearch.index.engine.InternalEngine.recoverFromTranslog(InternalEngine.java:251)
	at org.elasticsearch.index.engine.InternalEngine.<init>(InternalEngine.java:172)
	... 17 more
Caused by: TranslogCorruptedException[translog corruption while reading from stream]; nested: TranslogCorruptedException[translog stream is corrupted, expected: 0xa94db8f6, got: 0x68c36736];
	at org.elasticsearch.index.translog.Translog.readOperation(Translog.java:1133)
	at org.elasticsearch.index.translog.BaseTranslogReader.read(BaseTranslogReader.java:114)
	at org.elasticsearch.index.translog.TranslogSnapshot.readOperation(TranslogSnapshot.java:70)
	at org.elasticsearch.index.translog.TranslogSnapshot.next(TranslogSnapshot.java:61)
	at org.elasticsearch.index.translog.MultiSnapshot.next(MultiSnapshot.java:53)
	at org.elasticsearch.index.engine.InternalEngine.recoverFromTranslog(InternalEngine.java:237)
	... 18 more
Caused by: TranslogCorruptedException[translog stream is corrupted, expected: 0xa94db8f6, got: 0x68c36736]
	at org.elasticsearch.index.translog.Translog.verifyChecksum(Translog.java:1091)
	at org.elasticsearch.index.translog.Translog.readOperation(Translog.java:1123)
	... 23 more
[2016-03-29 17:31:12,730][WARN ][org.elasticsearch.indices.cluster] [node_s0] [[test][0]] marking and sending shard failed due to [failed recovery]
[test][[test][0]] IndexShardRecoveryException[failed to recovery from gateway]; nested: EngineCreationFailureException[failed to recover from translog]; nested: EngineException[failed to recover from translog]; nested: TranslogCorruptedException[translog corruption while reading from stream]; nested: TranslogCorruptedException[translog stream is corrupted, expected: 0xa94db8f6, got: 0x68c36736];
	at org.elasticsearch.index.shard.StoreRecovery.internalRecoverFromStore(StoreRecovery.java:234)
	at org.elasticsearch.index.shard.StoreRecovery.lambda$recoverFromStore$184(StoreRecovery.java:77)
	at org.elasticsearch.index.shard.StoreRecovery$$Lambda$696/1752519311.run(Unknown Source)
	at org.elasticsearch.index.shard.StoreRecovery.executeRecovery(StoreRecovery.java:122)
	at org.elasticsearch.index.shard.StoreRecovery.recoverFromStore(StoreRecovery.java:75)
	at org.elasticsearch.index.shard.IndexShard.recoverFromStore(IndexShard.java:1059)
	at org.elasticsearch.indices.cluster.IndicesClusterStateService.lambda$applyInitializingShard$190(IndicesClusterStateService.java:648)
	at org.elasticsearch.indices.cluster.IndicesClusterStateService$$Lambda$694/1687235994.run(Unknown Source)
	at java.util.concurrent.ThreadPoolExecutor.runWorker(ThreadPoolExecutor.java:1142)
	at java.util.concurrent.ThreadPoolExecutor$Worker.run(ThreadPoolExecutor.java:617)
	at java.lang.Thread.run(Thread.java:745)
Caused by: [test][[test][0]] EngineCreationFailureException[failed to recover from translog]; nested: EngineException[failed to recover from translog]; nested: TranslogCorruptedException[translog corruption while reading from stream]; nested: TranslogCorruptedException[translog stream is corrupted, expected: 0xa94db8f6, got: 0x68c36736];
	at org.elasticsearch.index.engine.InternalEngine.<init>(InternalEngine.java:175)
	at org.elasticsearch.test.engine.MockInternalEngine.<init>(MockInternalEngine.java:36)
	at org.elasticsearch.test.engine.MockEngineFactory.newReadWriteEngine(MockEngineFactory.java:36)
	at org.elasticsearch.index.shard.IndexShard.newEngine(IndexShard.java:1310)
	at org.elasticsearch.index.shard.IndexShard.createNewEngine(IndexShard.java:1305)
	at org.elasticsearch.index.shard.IndexShard.internalPerformTranslogRecovery(IndexShard.java:888)
	at org.elasticsearch.index.shard.IndexShard.performTranslogRecovery(IndexShard.java:866)
	at org.elasticsearch.index.shard.StoreRecovery.internalRecoverFromStore(StoreRecovery.java:230)
	... 10 more
Caused by: [test][[test][0]] EngineException[failed to recover from translog]; nested: TranslogCorruptedException[translog corruption while reading from stream]; nested: TranslogCorruptedException[translog stream is corrupted, expected: 0xa94db8f6, got: 0x68c36736];
	at org.elasticsearch.index.engine.InternalEngine.recoverFromTranslog(InternalEngine.java:251)
	at org.elasticsearch.index.engine.InternalEngine.<init>(InternalEngine.java:172)
	... 17 more
Caused by: TranslogCorruptedException[translog corruption while reading from stream]; nested: TranslogCorruptedException[translog stream is corrupted, expected: 0xa94db8f6, got: 0x68c36736];
	at org.elasticsearch.index.translog.Translog.readOperation(Translog.java:1133)
	at org.elasticsearch.index.translog.BaseTranslogReader.read(BaseTranslogReader.java:114)
	at org.elasticsearch.index.translog.TranslogSnapshot.readOperation(TranslogSnapshot.java:70)
	at org.elasticsearch.index.translog.TranslogSnapshot.next(TranslogSnapshot.java:61)
	at org.elasticsearch.index.translog.MultiSnapshot.next(MultiSnapshot.java:53)
	at org.elasticsearch.index.engine.InternalEngine.recoverFromTranslog(InternalEngine.java:237)
	... 18 more
Caused by: TranslogCorruptedException[translog stream is corrupted, expected: 0xa94db8f6, got: 0x68c36736]
	at org.elasticsearch.index.translog.Translog.verifyChecksum(Translog.java:1091)
	at org.elasticsearch.index.translog.Translog.readOperation(Translog.java:1123)
	... 23 more
[2016-03-29 17:31:12,731][WARN ][org.elasticsearch.cluster.action.shard] [node_s0] [test][0] received shard failed for [test][0], node[Y27JbEqhQsSb7nUkvqXFqw], [P], v[3], s[INITIALIZING], a[id=5RYhWA5QQCqsv-BnqvBLug], unassigned_info[[reason=ALLOCATION_FAILED], at[2016-03-29T21:31:12.721Z], details[failed recovery, failure IndexShardRecoveryException[failed to recovery from gateway]; nested: EngineCreationFailureException[failed to recover from translog]; nested: EngineException[failed to recover from translog]; nested: TranslogCorruptedException[translog corruption while reading from stream]; nested: TranslogCorruptedException[translog stream is corrupted, expected: 0xa94db8f6, got: 0x68c36736]; ]], indexUUID [1CWRzkvfRB-D3v8U1_ZpEQ], message [failed recovery], failure [IndexShardRecoveryException[failed to recovery from gateway]; nested: EngineCreationFailureException[failed to recover from translog]; nested: EngineException[failed to recover from translog]; nested: TranslogCorruptedException[translog corruption while reading from stream]; nested: TranslogCorruptedException[translog stream is corrupted, expected: 0xa94db8f6, got: 0x68c36736]; ]
[test][[test][0]] IndexShardRecoveryException[failed to recovery from gateway]; nested: EngineCreationFailureException[failed to recover from translog]; nested: EngineException[failed to recover from translog]; nested: TranslogCorruptedException[translog corruption while reading from stream]; nested: TranslogCorruptedException[translog stream is corrupted, expected: 0xa94db8f6, got: 0x68c36736];
	at org.elasticsearch.index.shard.StoreRecovery.internalRecoverFromStore(StoreRecovery.java:234)
	at org.elasticsearch.index.shard.StoreRecovery.lambda$recoverFromStore$184(StoreRecovery.java:77)
	at org.elasticsearch.index.shard.StoreRecovery$$Lambda$696/1752519311.run(Unknown Source)
	at org.elasticsearch.index.shard.StoreRecovery.executeRecovery(StoreRecovery.java:122)
	at org.elasticsearch.index.shard.StoreRecovery.recoverFromStore(StoreRecovery.java:75)
	at org.elasticsearch.index.shard.IndexShard.recoverFromStore(IndexShard.java:1059)
	at org.elasticsearch.indices.cluster.IndicesClusterStateService.lambda$applyInitializingShard$190(IndicesClusterStateService.java:648)
	at org.elasticsearch.indices.cluster.IndicesClusterStateService$$Lambda$694/1687235994.run(Unknown Source)
	at java.util.concurrent.ThreadPoolExecutor.runWorker(ThreadPoolExecutor.java:1142)
	at java.util.concurrent.ThreadPoolExecutor$Worker.run(ThreadPoolExecutor.java:617)
	at java.lang.Thread.run(Thread.java:745)
Caused by: [test][[test][0]] EngineCreationFailureException[failed to recover from translog]; nested: EngineException[failed to recover from translog]; nested: TranslogCorruptedException[translog corruption while reading from stream]; nested: TranslogCorruptedException[translog stream is corrupted, expected: 0xa94db8f6, got: 0x68c36736];
	at org.elasticsearch.index.engine.InternalEngine.<init>(InternalEngine.java:175)
	at org.elasticsearch.test.engine.MockInternalEngine.<init>(MockInternalEngine.java:36)
	at org.elasticsearch.test.engine.MockEngineFactory.newReadWriteEngine(MockEngineFactory.java:36)
	at org.elasticsearch.index.shard.IndexShard.newEngine(IndexShard.java:1310)
	at org.elasticsearch.index.shard.IndexShard.createNewEngine(IndexShard.java:1305)
	at org.elasticsearch.index.shard.IndexShard.internalPerformTranslogRecovery(IndexShard.java:888)
	at org.elasticsearch.index.shard.IndexShard.performTranslogRecovery(IndexShard.java:866)
	at org.elasticsearch.index.shard.StoreRecovery.internalRecoverFromStore(StoreRecovery.java:230)
	... 10 more
Caused by: [test][[test][0]] EngineException[failed to recover from translog]; nested: TranslogCorruptedException[translog corruption while reading from stream]; nested: TranslogCorruptedException[translog stream is corrupted, expected: 0xa94db8f6, got: 0x68c36736];
	at org.elasticsearch.index.engine.InternalEngine.recoverFromTranslog(InternalEngine.java:251)
	at org.elasticsearch.index.engine.InternalEngine.<init>(InternalEngine.java:172)
	... 17 more
Caused by: TranslogCorruptedException[translog corruption while reading from stream]; nested: TranslogCorruptedException[translog stream is corrupted, expected: 0xa94db8f6, got: 0x68c36736];
	at org.elasticsearch.index.translog.Translog.readOperation(Translog.java:1133)
	at org.elasticsearch.index.translog.BaseTranslogReader.read(BaseTranslogReader.java:114)
	at org.elasticsearch.index.translog.TranslogSnapshot.readOperation(TranslogSnapshot.java:70)
	at org.elasticsearch.index.translog.TranslogSnapshot.next(TranslogSnapshot.java:61)
	at org.elasticsearch.index.translog.MultiSnapshot.next(MultiSnapshot.java:53)
	at org.elasticsearch.index.engine.InternalEngine.recoverFromTranslog(InternalEngine.java:237)
	... 18 more
Caused by: TranslogCorruptedException[translog stream is corrupted, expected: 0xa94db8f6, got: 0x68c36736]
	at org.elasticsearch.index.translog.Translog.verifyChecksum(Translog.java:1091)
	at org.elasticsearch.index.translog.Translog.readOperation(Translog.java:1123)
	... 23 more
[2016-03-29 17:31:12,744][WARN ][org.elasticsearch.indices.cluster] [node_s0] [[test][0]] marking and sending shard failed due to [failed recovery]
[test][[test][0]] IndexShardRecoveryException[failed to recovery from gateway]; nested: EngineCreationFailureException[failed to recover from translog]; nested: EngineException[failed to recover from translog]; nested: TranslogCorruptedException[translog corruption while reading from stream]; nested: TranslogCorruptedException[translog stream is corrupted, expected: 0xa94db8f6, got: 0x68c36736];
	at org.elasticsearch.index.shard.StoreRecovery.internalRecoverFromStore(StoreRecovery.java:234)
	at org.elasticsearch.index.shard.StoreRecovery.lambda$recoverFromStore$184(StoreRecovery.java:77)
	at org.elasticsearch.index.shard.StoreRecovery$$Lambda$696/1752519311.run(Unknown Source)
	at org.elasticsearch.index.shard.StoreRecovery.executeRecovery(StoreRecovery.java:122)
	at org.elasticsearch.index.shard.StoreRecovery.recoverFromStore(StoreRecovery.java:75)
	at org.elasticsearch.index.shard.IndexShard.recoverFromStore(IndexShard.java:1059)
	at org.elasticsearch.indices.cluster.IndicesClusterStateService.lambda$applyInitializingShard$190(IndicesClusterStateService.java:648)
	at org.elasticsearch.indices.cluster.IndicesClusterStateService$$Lambda$694/1687235994.run(Unknown Source)
	at java.util.concurrent.ThreadPoolExecutor.runWorker(ThreadPoolExecutor.java:1142)
	at java.util.concurrent.ThreadPoolExecutor$Worker.run(ThreadPoolExecutor.java:617)
	at java.lang.Thread.run(Thread.java:745)
Caused by: [test][[test][0]] EngineCreationFailureException[failed to recover from translog]; nested: EngineException[failed to recover from translog]; nested: TranslogCorruptedException[translog corruption while reading from stream]; nested: TranslogCorruptedException[translog stream is corrupted, expected: 0xa94db8f6, got: 0x68c36736];
	at org.elasticsearch.index.engine.InternalEngine.<init>(InternalEngine.java:175)
	at org.elasticsearch.test.engine.MockInternalEngine.<init>(MockInternalEngine.java:36)
	at org.elasticsearch.test.engine.MockEngineFactory.newReadWriteEngine(MockEngineFactory.java:36)
	at org.elasticsearch.index.shard.IndexShard.newEngine(IndexShard.java:1310)
	at org.elasticsearch.index.shard.IndexShard.createNewEngine(IndexShard.java:1305)
	at org.elasticsearch.index.shard.IndexShard.internalPerformTranslogRecovery(IndexShard.java:888)
	at org.elasticsearch.index.shard.IndexShard.performTranslogRecovery(IndexShard.java:866)
	at org.elasticsearch.index.shard.StoreRecovery.internalRecoverFromStore(StoreRecovery.java:230)
	... 10 more
Caused by: [test][[test][0]] EngineException[failed to recover from translog]; nested: TranslogCorruptedException[translog corruption while reading from stream]; nested: TranslogCorruptedException[translog stream is corrupted, expected: 0xa94db8f6, got: 0x68c36736];
	at org.elasticsearch.index.engine.InternalEngine.recoverFromTranslog(InternalEngine.java:251)
	at org.elasticsearch.index.engine.InternalEngine.<init>(InternalEngine.java:172)
	... 17 more
Caused by: TranslogCorruptedException[translog corruption while reading from stream]; nested: TranslogCorruptedException[translog stream is corrupted, expected: 0xa94db8f6, got: 0x68c36736];
	at org.elasticsearch.index.translog.Translog.readOperation(Translog.java:1133)
	at org.elasticsearch.index.translog.BaseTranslogReader.read(BaseTranslogReader.java:114)
	at org.elasticsearch.index.translog.TranslogSnapshot.readOperation(TranslogSnapshot.java:70)
	at org.elasticsearch.index.translog.TranslogSnapshot.next(TranslogSnapshot.java:61)
	at org.elasticsearch.index.translog.MultiSnapshot.next(MultiSnapshot.java:53)
	at org.elasticsearch.index.engine.InternalEngine.recoverFromTranslog(InternalEngine.java:237)
	... 18 more
Caused by: TranslogCorruptedException[translog stream is corrupted, expected: 0xa94db8f6, got: 0x68c36736]
	at org.elasticsearch.index.translog.Translog.verifyChecksum(Translog.java:1091)
	at org.elasticsearch.index.translog.Translog.readOperation(Translog.java:1123)
	... 23 more
[2016-03-29 17:31:12,744][WARN ][org.elasticsearch.cluster.action.shard] [node_s0] [test][0] received shard failed for [test][0], node[Y27JbEqhQsSb7nUkvqXFqw], [P], v[3], s[INITIALIZING], a[id=nk_PXH-aRRy0X0aDroKldA], unassigned_info[[reason=ALLOCATION_FAILED], at[2016-03-29T21:31:12.732Z], details[failed recovery, failure IndexShardRecoveryException[failed to recovery from gateway]; nested: EngineCreationFailureException[failed to recover from translog]; nested: EngineException[failed to recover from translog]; nested: TranslogCorruptedException[translog corruption while reading from stream]; nested: TranslogCorruptedException[translog stream is corrupted, expected: 0xa94db8f6, got: 0x68c36736]; ]], indexUUID [1CWRzkvfRB-D3v8U1_ZpEQ], message [failed recovery], failure [IndexShardRecoveryException[failed to recovery from gateway]; nested: EngineCreationFailureException[failed to recover from translog]; nested: EngineException[failed to recover from translog]; nested: TranslogCorruptedException[translog corruption while reading from stream]; nested: TranslogCorruptedException[translog stream is corrupted, expected: 0xa94db8f6, got: 0x68c36736]; ]
[test][[test][0]] IndexShardRecoveryException[failed to recovery from gateway]; nested: EngineCreationFailureException[failed to recover from translog]; nested: EngineException[failed to recover from translog]; nested: TranslogCorruptedException[translog corruption while reading from stream]; nested: TranslogCorruptedException[translog stream is corrupted, expected: 0xa94db8f6, got: 0x68c36736];
	at org.elasticsearch.index.shard.StoreRecovery.internalRecoverFromStore(StoreRecovery.java:234)
	at org.elasticsearch.index.shard.StoreRecovery.lambda$recoverFromStore$184(StoreRecovery.java:77)
	at org.elasticsearch.index.shard.StoreRecovery$$Lambda$696/1752519311.run(Unknown Source)
	at org.elasticsearch.index.shard.StoreRecovery.executeRecovery(StoreRecovery.java:122)
	at org.elasticsearch.index.shard.StoreRecovery.recoverFromStore(StoreRecovery.java:75)
	at org.elasticsearch.index.shard.IndexShard.recoverFromStore(IndexShard.java:1059)
	at org.elasticsearch.indices.cluster.IndicesClusterStateService.lambda$applyInitializingShard$190(IndicesClusterStateService.java:648)
	at org.elasticsearch.indices.cluster.IndicesClusterStateService$$Lambda$694/1687235994.run(Unknown Source)
	at java.util.concurrent.ThreadPoolExecutor.runWorker(ThreadPoolExecutor.java:1142)
	at java.util.concurrent.ThreadPoolExecutor$Worker.run(ThreadPoolExecutor.java:617)
	at java.lang.Thread.run(Thread.java:745)
Caused by: [test][[test][0]] EngineCreationFailureException[failed to recover from translog]; nested: EngineException[failed to recover from translog]; nested: TranslogCorruptedException[translog corruption while reading from stream]; nested: TranslogCorruptedException[translog stream is corrupted, expected: 0xa94db8f6, got: 0x68c36736];
	at org.elasticsearch.index.engine.InternalEngine.<init>(InternalEngine.java:175)
	at org.elasticsearch.test.engine.MockInternalEngine.<init>(MockInternalEngine.java:36)
	at org.elasticsearch.test.engine.MockEngineFactory.newReadWriteEngine(MockEngineFactory.java:36)
	at org.elasticsearch.index.shard.IndexShard.newEngine(IndexShard.java:1310)
	at org.elasticsearch.index.shard.IndexShard.createNewEngine(IndexShard.java:1305)
	at org.elasticsearch.index.shard.IndexShard.internalPerformTranslogRecovery(IndexShard.java:888)
	at org.elasticsearch.index.shard.IndexShard.performTranslogRecovery(IndexShard.java:866)
	at org.elasticsearch.index.shard.StoreRecovery.internalRecoverFromStore(StoreRecovery.java:230)
	... 10 more
Caused by: [test][[test][0]] EngineException[failed to recover from translog]; nested: TranslogCorruptedException[translog corruption while reading from stream]; nested: TranslogCorruptedException[translog stream is corrupted, expected: 0xa94db8f6, got: 0x68c36736];
	at org.elasticsearch.index.engine.InternalEngine.recoverFromTranslog(InternalEngine.java:251)
	at org.elasticsearch.index.engine.InternalEngine.<init>(InternalEngine.java:172)
	... 17 more
Caused by: TranslogCorruptedException[translog corruption while reading from stream]; nested: TranslogCorruptedException[translog stream is corrupted, expected: 0xa94db8f6, got: 0x68c36736];
	at org.elasticsearch.index.translog.Translog.readOperation(Translog.java:1133)
	at org.elasticsearch.index.translog.BaseTranslogReader.read(BaseTranslogReader.java:114)
	at org.elasticsearch.index.translog.TranslogSnapshot.readOperation(TranslogSnapshot.java:70)
	at org.elasticsearch.index.translog.TranslogSnapshot.next(TranslogSnapshot.java:61)
	at org.elasticsearch.index.translog.MultiSnapshot.next(MultiSnapshot.java:53)
	at org.elasticsearch.index.engine.InternalEngine.recoverFromTranslog(InternalEngine.java:237)
	... 18 more
Caused by: TranslogCorruptedException[translog stream is corrupted, expected: 0xa94db8f6, got: 0x68c36736]
	at org.elasticsearch.index.translog.Translog.verifyChecksum(Translog.java:1091)
	at org.elasticsearch.index.translog.Translog.readOperation(Translog.java:1123)
	... 23 more
[2016-03-29 17:31:12,756][WARN ][org.elasticsearch.indices.cluster] [node_s0] [[test][0]] marking and sending shard failed due to [failed recovery]
[test][[test][0]] IndexShardRecoveryException[failed to recovery from gateway]; nested: EngineCreationFailureException[failed to recover from translog]; nested: EngineException[failed to recover from translog]; nested: TranslogCorruptedException[translog corruption while reading from stream]; nested: TranslogCorruptedException[translog stream is corrupted, expected: 0xa94db8f6, got: 0x68c36736];
	at org.elasticsearch.index.shard.StoreRecovery.internalRecoverFromStore(StoreRecovery.java:234)
	at org.elasticsearch.index.shard.StoreRecovery.lambda$recoverFromStore$184(StoreRecovery.java:77)
	at org.elasticsearch.index.shard.StoreRecovery$$Lambda$696/1752519311.run(Unknown Source)
	at org.elasticsearch.index.shard.StoreRecovery.executeRecovery(StoreRecovery.java:122)
	at org.elasticsearch.index.shard.StoreRecovery.recoverFromStore(StoreRecovery.java:75)
	at org.elasticsearch.index.shard.IndexShard.recoverFromStore(IndexShard.java:1059)
	at org.elasticsearch.indices.cluster.IndicesClusterStateService.lambda$applyInitializingShard$190(IndicesClusterStateService.java:648)
	at org.elasticsearch.indices.cluster.IndicesClusterStateService$$Lambda$694/1687235994.run(Unknown Source)
	at java.util.concurrent.ThreadPoolExecutor.runWorker(ThreadPoolExecutor.java:1142)
	at java.util.concurrent.ThreadPoolExecutor$Worker.run(ThreadPoolExecutor.java:617)
	at java.lang.Thread.run(Thread.java:745)
Caused by: [test][[test][0]] EngineCreationFailureException[failed to recover from translog]; nested: EngineException[failed to recover from translog]; nested: TranslogCorruptedException[translog corruption while reading from stream]; nested: TranslogCorruptedException[translog stream is corrupted, expected: 0xa94db8f6, got: 0x68c36736];
	at org.elasticsearch.index.engine.InternalEngine.<init>(InternalEngine.java:175)
	at org.elasticsearch.test.engine.MockInternalEngine.<init>(MockInternalEngine.java:36)
	at org.elasticsearch.test.engine.MockEngineFactory.newReadWriteEngine(MockEngineFactory.java:36)
	at org.elasticsearch.index.shard.IndexShard.newEngine(IndexShard.java:1310)
	at org.elasticsearch.index.shard.IndexShard.createNewEngine(IndexShard.java:1305)
	at org.elasticsearch.index.shard.IndexShard.internalPerformTranslogRecovery(IndexShard.java:888)
	at org.elasticsearch.index.shard.IndexShard.performTranslogRecovery(IndexShard.java:866)
	at org.elasticsearch.index.shard.StoreRecovery.internalRecoverFromStore(StoreRecovery.java:230)
	... 10 more
Caused by: [test][[test][0]] EngineException[failed to recover from translog]; nested: TranslogCorruptedException[translog corruption while reading from stream]; nested: TranslogCorruptedException[translog stream is corrupted, expected: 0xa94db8f6, got: 0x68c36736];
	at org.elasticsearch.index.engine.InternalEngine.recoverFromTranslog(InternalEngine.java:251)
	at org.elasticsearch.index.engine.InternalEngine.<init>(InternalEngine.java:172)
	... 17 more
Caused by: TranslogCorruptedException[translog corruption while reading from stream]; nested: TranslogCorruptedException[translog stream is corrupted, expected: 0xa94db8f6, got: 0x68c36736];
	at org.elasticsearch.index.translog.Translog.readOperation(Translog.java:1133)
	at org.elasticsearch.index.translog.BaseTranslogReader.read(BaseTranslogReader.java:114)
	at org.elasticsearch.index.translog.TranslogSnapshot.readOperation(TranslogSnapshot.java:70)
	at org.elasticsearch.index.translog.TranslogSnapshot.next(TranslogSnapshot.java:61)
	at org.elasticsearch.index.translog.MultiSnapshot.next(MultiSnapshot.java:53)
	at org.elasticsearch.index.engine.InternalEngine.recoverFromTranslog(InternalEngine.java:237)
	... 18 more
Caused by: TranslogCorruptedException[translog stream is corrupted, expected: 0xa94db8f6, got: 0x68c36736]
	at org.elasticsearch.index.translog.Translog.verifyChecksum(Translog.java:1091)
	at org.elasticsearch.index.translog.Translog.readOperation(Translog.java:1123)
	... 23 more
[2016-03-29 17:31:12,757][WARN ][org.elasticsearch.cluster.action.shard] [node_s0] [test][0] received shard failed for [test][0], node[Y27JbEqhQsSb7nUkvqXFqw], [P], v[3], s[INITIALIZING], a[id=8DVg_P-RT0-PYWTch91B1g], unassigned_info[[reason=ALLOCATION_FAILED], at[2016-03-29T21:31:12.745Z], details[failed recovery, failure IndexShardRecoveryException[failed to recovery from gateway]; nested: EngineCreationFailureException[failed to recover from translog]; nested: EngineException[failed to recover from translog]; nested: TranslogCorruptedException[translog corruption while reading from stream]; nested: TranslogCorruptedException[translog stream is corrupted, expected: 0xa94db8f6, got: 0x68c36736]; ]], indexUUID [1CWRzkvfRB-D3v8U1_ZpEQ], message [failed recovery], failure [IndexShardRecoveryException[failed to recovery from gateway]; nested: EngineCreationFailureException[failed to recover from translog]; nested: EngineException[failed to recover from translog]; nested: TranslogCorruptedException[translog corruption while reading from stream]; nested: TranslogCorruptedException[translog stream is corrupted, expected: 0xa94db8f6, got: 0x68c36736]; ]
[test][[test][0]] IndexShardRecoveryException[failed to recovery from gateway]; nested: EngineCreationFailureException[failed to recover from translog]; nested: EngineException[failed to recover from translog]; nested: TranslogCorruptedException[translog corruption while reading from stream]; nested: TranslogCorruptedException[translog stream is corrupted, expected: 0xa94db8f6, got: 0x68c36736];
	at org.elasticsearch.index.shard.StoreRecovery.internalRecoverFromStore(StoreRecovery.java:234)
	at org.elasticsearch.index.shard.StoreRecovery.lambda$recoverFromStore$184(StoreRecovery.java:77)
	at org.elasticsearch.index.shard.StoreRecovery$$Lambda$696/1752519311.run(Unknown Source)
	at org.elasticsearch.index.shard.StoreRecovery.executeRecovery(StoreRecovery.java:122)
	at org.elasticsearch.index.shard.StoreRecovery.recoverFromStore(StoreRecovery.java:75)
	at org.elasticsearch.index.shard.IndexShard.recoverFromStore(IndexShard.java:1059)
	at org.elasticsearch.indices.cluster.IndicesClusterStateService.lambda$applyInitializingShard$190(IndicesClusterStateService.java:648)
	at org.elasticsearch.indices.cluster.IndicesClusterStateService$$Lambda$694/1687235994.run(Unknown Source)
	at java.util.concurrent.ThreadPoolExecutor.runWorker(ThreadPoolExecutor.java:1142)
	at java.util.concurrent.ThreadPoolExecutor$Worker.run(ThreadPoolExecutor.java:617)
	at java.lang.Thread.run(Thread.java:745)
Caused by: [test][[test][0]] EngineCreationFailureException[failed to recover from translog]; nested: EngineException[failed to recover from translog]; nested: TranslogCorruptedException[translog corruption while reading from stream]; nested: TranslogCorruptedException[translog stream is corrupted, expected: 0xa94db8f6, got: 0x68c36736];
	at org.elasticsearch.index.engine.InternalEngine.<init>(InternalEngine.java:175)
	at org.elasticsearch.test.engine.MockInternalEngine.<init>(MockInternalEngine.java:36)
	at org.elasticsearch.test.engine.MockEngineFactory.newReadWriteEngine(MockEngineFactory.java:36)
	at org.elasticsearch.index.shard.IndexShard.newEngine(IndexShard.java:1310)
	at org.elasticsearch.index.shard.IndexShard.createNewEngine(IndexShard.java:1305)
	at org.elasticsearch.index.shard.IndexShard.internalPerformTranslogRecovery(IndexShard.java:888)
	at org.elasticsearch.index.shard.IndexShard.performTranslogRecovery(IndexShard.java:866)
	at org.elasticsearch.index.shard.StoreRecovery.internalRecoverFromStore(StoreRecovery.java:230)
	... 10 more
Caused by: [test][[test][0]] EngineException[failed to recover from translog]; nested: TranslogCorruptedException[translog corruption while reading from stream]; nested: TranslogCorruptedException[translog stream is corrupted, expected: 0xa94db8f6, got: 0x68c36736];
	at org.elasticsearch.index.engine.InternalEngine.recoverFromTranslog(InternalEngine.java:251)
	at org.elasticsearch.index.engine.InternalEngine.<init>(InternalEngine.java:172)
	... 17 more
Caused by: TranslogCorruptedException[translog corruption while reading from stream]; nested: TranslogCorruptedException[translog stream is corrupted, expected: 0xa94db8f6, got: 0x68c36736];
	at org.elasticsearch.index.translog.Translog.readOperation(Translog.java:1133)
	at org.elasticsearch.index.translog.BaseTranslogReader.read(BaseTranslogReader.java:114)
	at org.elasticsearch.index.translog.TranslogSnapshot.readOperation(TranslogSnapshot.java:70)
	at org.elasticsearch.index.translog.TranslogSnapshot.next(TranslogSnapshot.java:61)
	at org.elasticsearch.index.translog.MultiSnapshot.next(MultiSnapshot.java:53)
	at org.elasticsearch.index.engine.InternalEngine.recoverFromTranslog(InternalEngine.java:237)
	... 18 more
Caused by: TranslogCorruptedException[translog stream is corrupted, expected: 0xa94db8f6, got: 0x68c36736]
	at org.elasticsearch.index.translog.Translog.verifyChecksum(Translog.java:1091)
	at org.elasticsearch.index.translog.Translog.readOperation(Translog.java:1123)
	... 23 more
[2016-03-29 17:31:12,767][WARN ][org.elasticsearch.indices.cluster] [node_s0] [[test][0]] marking and sending shard failed due to [failed recovery]
[test][[test][0]] IndexShardRecoveryException[failed to recovery from gateway]; nested: EngineCreationFailureException[failed to recover from translog]; nested: EngineException[failed to recover from translog]; nested: TranslogCorruptedException[translog corruption while reading from stream]; nested: TranslogCorruptedException[translog stream is corrupted, expected: 0xa94db8f6, got: 0x68c36736];
	at org.elasticsearch.index.shard.StoreRecovery.internalRecoverFromStore(StoreRecovery.java:234)
	at org.elasticsearch.index.shard.StoreRecovery.lambda$recoverFromStore$184(StoreRecovery.java:77)
	at org.elasticsearch.index.shard.StoreRecovery$$Lambda$696/1752519311.run(Unknown Source)
	at org.elasticsearch.index.shard.StoreRecovery.executeRecovery(StoreRecovery.java:122)
	at org.elasticsearch.index.shard.StoreRecovery.recoverFromStore(StoreRecovery.java:75)
	at org.elasticsearch.index.shard.IndexShard.recoverFromStore(IndexShard.java:1059)
	at org.elasticsearch.indices.cluster.IndicesClusterStateService.lambda$applyInitializingShard$190(IndicesClusterStateService.java:648)
	at org.elasticsearch.indices.cluster.IndicesClusterStateService$$Lambda$694/1687235994.run(Unknown Source)
	at java.util.concurrent.ThreadPoolExecutor.runWorker(ThreadPoolExecutor.java:1142)
	at java.util.concurrent.ThreadPoolExecutor$Worker.run(ThreadPoolExecutor.java:617)
	at java.lang.Thread.run(Thread.java:745)
Caused by: [test][[test][0]] EngineCreationFailureException[failed to recover from translog]; nested: EngineException[failed to recover from translog]; nested: TranslogCorruptedException[translog corruption while reading from stream]; nested: TranslogCorruptedException[translog stream is corrupted, expected: 0xa94db8f6, got: 0x68c36736];
	at org.elasticsearch.index.engine.InternalEngine.<init>(InternalEngine.java:175)
	at org.elasticsearch.test.engine.MockInternalEngine.<init>(MockInternalEngine.java:36)
	at org.elasticsearch.test.engine.MockEngineFactory.newReadWriteEngine(MockEngineFactory.java:36)
	at org.elasticsearch.index.shard.IndexShard.newEngine(IndexShard.java:1310)
	at org.elasticsearch.index.shard.IndexShard.createNewEngine(IndexShard.java:1305)
	at org.elasticsearch.index.shard.IndexShard.internalPerformTranslogRecovery(IndexShard.java:888)
	at org.elasticsearch.index.shard.IndexShard.performTranslogRecovery(IndexShard.java:866)
	at org.elasticsearch.index.shard.StoreRecovery.internalRecoverFromStore(StoreRecovery.java:230)
	... 10 more
Caused by: [test][[test][0]] EngineException[failed to recover from translog]; nested: TranslogCorruptedException[translog corruption while reading from stream]; nested: TranslogCorruptedException[translog stream is corrupted, expected: 0xa94db8f6, got: 0x68c36736];
	at org.elasticsearch.index.engine.InternalEngine.recoverFromTranslog(InternalEngine.java:251)
	at org.elasticsearch.index.engine.InternalEngine.<init>(InternalEngine.java:172)
	... 17 more
Caused by: TranslogCorruptedException[translog corruption while reading from stream]; nested: TranslogCorruptedException[translog stream is corrupted, expected: 0xa94db8f6, got: 0x68c36736];
	at org.elasticsearch.index.translog.Translog.readOperation(Translog.java:1133)
	at org.elasticsearch.index.translog.BaseTranslogReader.read(BaseTranslogReader.java:114)
	at org.elasticsearch.index.translog.TranslogSnapshot.readOperation(TranslogSnapshot.java:70)
	at org.elasticsearch.index.translog.TranslogSnapshot.next(TranslogSnapshot.java:61)
	at org.elasticsearch.index.translog.MultiSnapshot.next(MultiSnapshot.java:53)
	at org.elasticsearch.index.engine.InternalEngine.recoverFromTranslog(InternalEngine.java:237)
	... 18 more
Caused by: TranslogCorruptedException[translog stream is corrupted, expected: 0xa94db8f6, got: 0x68c36736]
	at org.elasticsearch.index.translog.Translog.verifyChecksum(Translog.java:1091)
	at org.elasticsearch.index.translog.Translog.readOperation(Translog.java:1123)
	... 23 more
[2016-03-29 17:31:12,767][WARN ][org.elasticsearch.cluster.action.shard] [node_s0] [test][0] received shard failed for [test][0], node[Y27JbEqhQsSb7nUkvqXFqw], [P], v[3], s[INITIALIZING], a[id=3C_hSO9aS3W73Sq4ozC4Qg], unassigned_info[[reason=ALLOCATION_FAILED], at[2016-03-29T21:31:12.757Z], details[failed recovery, failure IndexShardRecoveryException[failed to recovery from gateway]; nested: EngineCreationFailureException[failed to recover from translog]; nested: EngineException[failed to recover from translog]; nested: TranslogCorruptedException[translog corruption while reading from stream]; nested: TranslogCorruptedException[translog stream is corrupted, expected: 0xa94db8f6, got: 0x68c36736]; ]], indexUUID [1CWRzkvfRB-D3v8U1_ZpEQ], message [failed recovery], failure [IndexShardRecoveryException[failed to recovery from gateway]; nested: EngineCreationFailureException[failed to recover from translog]; nested: EngineException[failed to recover from translog]; nested: TranslogCorruptedException[translog corruption while reading from stream]; nested: TranslogCorruptedException[translog stream is corrupted, expected: 0xa94db8f6, got: 0x68c36736]; ]
[test][[test][0]] IndexShardRecoveryException[failed to recovery from gateway]; nested: EngineCreationFailureException[failed to recover from translog]; nested: EngineException[failed to recover from translog]; nested: TranslogCorruptedException[translog corruption while reading from stream]; nested: TranslogCorruptedException[translog stream is corrupted, expected: 0xa94db8f6, got: 0x68c36736];
	at org.elasticsearch.index.shard.StoreRecovery.internalRecoverFromStore(StoreRecovery.java:234)
	at org.elasticsearch.index.shard.StoreRecovery.lambda$recoverFromStore$184(StoreRecovery.java:77)
	at org.elasticsearch.index.shard.StoreRecovery$$Lambda$696/1752519311.run(Unknown Source)
	at org.elasticsearch.index.shard.StoreRecovery.executeRecovery(StoreRecovery.java:122)
	at org.elasticsearch.index.shard.StoreRecovery.recoverFromStore(StoreRecovery.java:75)
	at org.elasticsearch.index.shard.IndexShard.recoverFromStore(IndexShard.java:1059)
	at org.elasticsearch.indices.cluster.IndicesClusterStateService.lambda$applyInitializingShard$190(IndicesClusterStateService.java:648)
	at org.elasticsearch.indices.cluster.IndicesClusterStateService$$Lambda$694/1687235994.run(Unknown Source)
	at java.util.concurrent.ThreadPoolExecutor.runWorker(ThreadPoolExecutor.java:1142)
	at java.util.concurrent.ThreadPoolExecutor$Worker.run(ThreadPoolExecutor.java:617)
	at java.lang.Thread.run(Thread.java:745)
Caused by: [test][[test][0]] EngineCreationFailureException[failed to recover from translog]; nested: EngineException[failed to recover from translog]; nested: TranslogCorruptedException[translog corruption while reading from stream]; nested: TranslogCorruptedException[translog stream is corrupted, expected: 0xa94db8f6, got: 0x68c36736];
	at org.elasticsearch.index.engine.InternalEngine.<init>(InternalEngine.java:175)
	at org.elasticsearch.test.engine.MockInternalEngine.<init>(MockInternalEngine.java:36)
	at org.elasticsearch.test.engine.MockEngineFactory.newReadWriteEngine(MockEngineFactory.java:36)
	at org.elasticsearch.index.shard.IndexShard.newEngine(IndexShard.java:1310)
	at org.elasticsearch.index.shard.IndexShard.createNewEngine(IndexShard.java:1305)
	at org.elasticsearch.index.shard.IndexShard.internalPerformTranslogRecovery(IndexShard.java:888)
	at org.elasticsearch.index.shard.IndexShard.performTranslogRecovery(IndexShard.java:866)
	at org.elasticsearch.index.shard.StoreRecovery.internalRecoverFromStore(StoreRecovery.java:230)
	... 10 more
Caused by: [test][[test][0]] EngineException[failed to recover from translog]; nested: TranslogCorruptedException[translog corruption while reading from stream]; nested: TranslogCorruptedException[translog stream is corrupted, expected: 0xa94db8f6, got: 0x68c36736];
	at org.elasticsearch.index.engine.InternalEngine.recoverFromTranslog(InternalEngine.java:251)
	at org.elasticsearch.index.engine.InternalEngine.<init>(InternalEngine.java:172)
	... 17 more
Caused by: TranslogCorruptedException[translog corruption while reading from stream]; nested: TranslogCorruptedException[translog stream is corrupted, expected: 0xa94db8f6, got: 0x68c36736];
	at org.elasticsearch.index.translog.Translog.readOperation(Translog.java:1133)
	at org.elasticsearch.index.translog.BaseTranslogReader.read(BaseTranslogReader.java:114)
	at org.elasticsearch.index.translog.TranslogSnapshot.readOperation(TranslogSnapshot.java:70)
	at org.elasticsearch.index.translog.TranslogSnapshot.next(TranslogSnapshot.java:61)
	at org.elasticsearch.index.translog.MultiSnapshot.next(MultiSnapshot.java:53)
	at org.elasticsearch.index.engine.InternalEngine.recoverFromTranslog(InternalEngine.java:237)
	... 18 more
Caused by: TranslogCorruptedException[translog stream is corrupted, expected: 0xa94db8f6, got: 0x68c36736]
	at org.elasticsearch.index.translog.Translog.verifyChecksum(Translog.java:1091)
	at org.elasticsearch.index.translog.Translog.readOperation(Translog.java:1123)
	... 23 more
[2016-03-29 17:31:12,777][WARN ][org.elasticsearch.indices.cluster] [node_s0] [[test][0]] marking and sending shard failed due to [failed recovery]
[test][[test][0]] IndexShardRecoveryException[failed to recovery from gateway]; nested: EngineCreationFailureException[failed to recover from translog]; nested: EngineException[failed to recover from translog]; nested: TranslogCorruptedException[translog corruption while reading from stream]; nested: TranslogCorruptedException[translog stream is corrupted, expected: 0xa94db8f6, got: 0x68c36736];
	at org.elasticsearch.index.shard.StoreRecovery.internalRecoverFromStore(StoreRecovery.java:234)
	at org.elasticsearch.index.shard.StoreRecovery.lambda$recoverFromStore$184(StoreRecovery.java:77)
	at org.elasticsearch.index.shard.StoreRecovery$$Lambda$696/1752519311.run(Unknown Source)
	at org.elasticsearch.index.shard.StoreRecovery.executeRecovery(StoreRecovery.java:122)
	at org.elasticsearch.index.shard.StoreRecovery.recoverFromStore(StoreRecovery.java:75)
	at org.elasticsearch.index.shard.IndexShard.recoverFromStore(IndexShard.java:1059)
	at org.elasticsearch.indices.cluster.IndicesClusterStateService.lambda$applyInitializingShard$190(IndicesClusterStateService.java:648)
	at org.elasticsearch.indices.cluster.IndicesClusterStateService$$Lambda$694/1687235994.run(Unknown Source)
	at java.util.concurrent.ThreadPoolExecutor.runWorker(ThreadPoolExecutor.java:1142)
	at java.util.concurrent.ThreadPoolExecutor$Worker.run(ThreadPoolExecutor.java:617)
	at java.lang.Thread.run(Thread.java:745)
Caused by: [test][[test][0]] EngineCreationFailureException[failed to recover from translog]; nested: EngineException[failed to recover from translog]; nested: TranslogCorruptedException[translog corruption while reading from stream]; nested: TranslogCorruptedException[translog stream is corrupted, expected: 0xa94db8f6, got: 0x68c36736];
	at org.elasticsearch.index.engine.InternalEngine.<init>(InternalEngine.java:175)
	at org.elasticsearch.test.engine.MockInternalEngine.<init>(MockInternalEngine.java:36)
	at org.elasticsearch.test.engine.MockEngineFactory.newReadWriteEngine(MockEngineFactory.java:36)
	at org.elasticsearch.index.shard.IndexShard.newEngine(IndexShard.java:1310)
	at org.elasticsearch.index.shard.IndexShard.createNewEngine(IndexShard.java:1305)
	at org.elasticsearch.index.shard.IndexShard.internalPerformTranslogRecovery(IndexShard.java:888)
	at org.elasticsearch.index.shard.IndexShard.performTranslogRecovery(IndexShard.java:866)
	at org.elasticsearch.index.shard.StoreRecovery.internalRecoverFromStore(StoreRecovery.java:230)
	... 10 more
Caused by: [test][[test][0]] EngineException[failed to recover from translog]; nested: TranslogCorruptedException[translog corruption while reading from stream]; nested: TranslogCorruptedException[translog stream is corrupted, expected: 0xa94db8f6, got: 0x68c36736];
	at org.elasticsearch.index.engine.InternalEngine.recoverFromTranslog(InternalEngine.java:251)
	at org.elasticsearch.index.engine.InternalEngine.<init>(InternalEngine.java:172)
	... 17 more
Caused by: TranslogCorruptedException[translog corruption while reading from stream]; nested: TranslogCorruptedException[translog stream is corrupted, expected: 0xa94db8f6, got: 0x68c36736];
	at org.elasticsearch.index.translog.Translog.readOperation(Translog.java:1133)
	at org.elasticsearch.index.translog.BaseTranslogReader.read(BaseTranslogReader.java:114)
	at org.elasticsearch.index.translog.TranslogSnapshot.readOperation(TranslogSnapshot.java:70)
	at org.elasticsearch.index.translog.TranslogSnapshot.next(TranslogSnapshot.java:61)
	at org.elasticsearch.index.translog.MultiSnapshot.next(MultiSnapshot.java:53)
	at org.elasticsearch.index.engine.InternalEngine.recoverFromTranslog(InternalEngine.java:237)
	... 18 more
Caused by: TranslogCorruptedException[translog stream is corrupted, expected: 0xa94db8f6, got: 0x68c36736]
	at org.elasticsearch.index.translog.Translog.verifyChecksum(Translog.java:1091)
	at org.elasticsearch.index.translog.Translog.readOperation(Translog.java:1123)
	... 23 more
[2016-03-29 17:31:12,778][WARN ][org.elasticsearch.cluster.action.shard] [node_s0] [test][0] received shard failed for [test][0], node[Y27JbEqhQsSb7nUkvqXFqw], [P], v[3], s[INITIALIZING], a[id=eN2J3FoyRei776C9aoVuPw], unassigned_info[[reason=ALLOCATION_FAILED], at[2016-03-29T21:31:12.768Z], details[failed recovery, failure IndexShardRecoveryException[failed to recovery from gateway]; nested: EngineCreationFailureException[failed to recover from translog]; nested: EngineException[failed to recover from translog]; nested: TranslogCorruptedException[translog corruption while reading from stream]; nested: TranslogCorruptedException[translog stream is corrupted, expected: 0xa94db8f6, got: 0x68c36736]; ]], indexUUID [1CWRzkvfRB-D3v8U1_ZpEQ], message [failed recovery], failure [IndexShardRecoveryException[failed to recovery from gateway]; nested: EngineCreationFailureException[failed to recover from translog]; nested: EngineException[failed to recover from translog]; nested: TranslogCorruptedException[translog corruption while reading from stream]; nested: TranslogCorruptedException[translog stream is corrupted, expected: 0xa94db8f6, got: 0x68c36736]; ]
[test][[test][0]] IndexShardRecoveryException[failed to recovery from gateway]; nested: EngineCreationFailureException[failed to recover from translog]; nested: EngineException[failed to recover from translog]; nested: TranslogCorruptedException[translog corruption while reading from stream]; nested: TranslogCorruptedException[translog stream is corrupted, expected: 0xa94db8f6, got: 0x68c36736];
	at org.elasticsearch.index.shard.StoreRecovery.internalRecoverFromStore(StoreRecovery.java:234)
	at org.elasticsearch.index.shard.StoreRecovery.lambda$recoverFromStore$184(StoreRecovery.java:77)
	at org.elasticsearch.index.shard.StoreRecovery$$Lambda$696/1752519311.run(Unknown Source)
	at org.elasticsearch.index.shard.StoreRecovery.executeRecovery(StoreRecovery.java:122)
	at org.elasticsearch.index.shard.StoreRecovery.recoverFromStore(StoreRecovery.java:75)
	at org.elasticsearch.index.shard.IndexShard.recoverFromStore(IndexShard.java:1059)
	at org.elasticsearch.indices.cluster.IndicesClusterStateService.lambda$applyInitializingShard$190(IndicesClusterStateService.java:648)
	at org.elasticsearch.indices.cluster.IndicesClusterStateService$$Lambda$694/1687235994.run(Unknown Source)
	at java.util.concurrent.ThreadPoolExecutor.runWorker(ThreadPoolExecutor.java:1142)
	at java.util.concurrent.ThreadPoolExecutor$Worker.run(ThreadPoolExecutor.java:617)
	at java.lang.Thread.run(Thread.java:745)
Caused by: [test][[test][0]] EngineCreationFailureException[failed to recover from translog]; nested: EngineException[failed to recover from translog]; nested: TranslogCorruptedException[translog corruption while reading from stream]; nested: TranslogCorruptedException[translog stream is corrupted, expected: 0xa94db8f6, got: 0x68c36736];
	at org.elasticsearch.index.engine.InternalEngine.<init>(InternalEngine.java:175)
	at org.elasticsearch.test.engine.MockInternalEngine.<init>(MockInternalEngine.java:36)
	at org.elasticsearch.test.engine.MockEngineFactory.newReadWriteEngine(MockEngineFactory.java:36)
	at org.elasticsearch.index.shard.IndexShard.newEngine(IndexShard.java:1310)
	at org.elasticsearch.index.shard.IndexShard.createNewEngine(IndexShard.java:1305)
	at org.elasticsearch.index.shard.IndexShard.internalPerformTranslogRecovery(IndexShard.java:888)
	at org.elasticsearch.index.shard.IndexShard.performTranslogRecovery(IndexShard.java:866)
	at org.elasticsearch.index.shard.StoreRecovery.internalRecoverFromStore(StoreRecovery.java:230)
	... 10 more
Caused by: [test][[test][0]] EngineException[failed to recover from translog]; nested: TranslogCorruptedException[translog corruption while reading from stream]; nested: TranslogCorruptedException[translog stream is corrupted, expected: 0xa94db8f6, got: 0x68c36736];
	at org.elasticsearch.index.engine.InternalEngine.recoverFromTranslog(InternalEngine.java:251)
	at org.elasticsearch.index.engine.InternalEngine.<init>(InternalEngine.java:172)
	... 17 more
Caused by: TranslogCorruptedException[translog corruption while reading from stream]; nested: TranslogCorruptedException[translog stream is corrupted, expected: 0xa94db8f6, got: 0x68c36736];
	at org.elasticsearch.index.translog.Translog.readOperation(Translog.java:1133)
	at org.elasticsearch.index.translog.BaseTranslogReader.read(BaseTranslogReader.java:114)
	at org.elasticsearch.index.translog.TranslogSnapshot.readOperation(TranslogSnapshot.java:70)
	at org.elasticsearch.index.translog.TranslogSnapshot.next(TranslogSnapshot.java:61)
	at org.elasticsearch.index.translog.MultiSnapshot.next(MultiSnapshot.java:53)
	at org.elasticsearch.index.engine.InternalEngine.recoverFromTranslog(InternalEngine.java:237)
	... 18 more
Caused by: TranslogCorruptedException[translog stream is corrupted, expected: 0xa94db8f6, got: 0x68c36736]
	at org.elasticsearch.index.translog.Translog.verifyChecksum(Translog.java:1091)
	at org.elasticsearch.index.translog.Translog.readOperation(Translog.java:1123)
	... 23 more
[2016-03-29 17:31:12,789][WARN ][org.elasticsearch.indices.cluster] [node_s0] [[test][0]] marking and sending shard failed due to [failed recovery]
[test][[test][0]] IndexShardRecoveryException[failed to recovery from gateway]; nested: EngineCreationFailureException[failed to recover from translog]; nested: EngineException[failed to recover from translog]; nested: TranslogCorruptedException[translog corruption while reading from stream]; nested: TranslogCorruptedException[translog stream is corrupted, expected: 0xa94db8f6, got: 0x68c36736];
	at org.elasticsearch.index.shard.StoreRecovery.internalRecoverFromStore(StoreRecovery.java:234)
	at org.elasticsearch.index.shard.StoreRecovery.lambda$recoverFromStore$184(StoreRecovery.java:77)
	at org.elasticsearch.index.shard.StoreRecovery$$Lambda$696/1752519311.run(Unknown Source)
	at org.elasticsearch.index.shard.StoreRecovery.executeRecovery(StoreRecovery.java:122)
	at org.elasticsearch.index.shard.StoreRecovery.recoverFromStore(StoreRecovery.java:75)
	at org.elasticsearch.index.shard.IndexShard.recoverFromStore(IndexShard.java:1059)
	at org.elasticsearch.indices.cluster.IndicesClusterStateService.lambda$applyInitializingShard$190(IndicesClusterStateService.java:648)
	at org.elasticsearch.indices.cluster.IndicesClusterStateService$$Lambda$694/1687235994.run(Unknown Source)
	at java.util.concurrent.ThreadPoolExecutor.runWorker(ThreadPoolExecutor.java:1142)
	at java.util.concurrent.ThreadPoolExecutor$Worker.run(ThreadPoolExecutor.java:617)
	at java.lang.Thread.run(Thread.java:745)
Caused by: [test][[test][0]] EngineCreationFailureException[failed to recover from translog]; nested: EngineException[failed to recover from translog]; nested: TranslogCorruptedException[translog corruption while reading from stream]; nested: TranslogCorruptedException[translog stream is corrupted, expected: 0xa94db8f6, got: 0x68c36736];
	at org.elasticsearch.index.engine.InternalEngine.<init>(InternalEngine.java:175)
	at org.elasticsearch.test.engine.MockInternalEngine.<init>(MockInternalEngine.java:36)
	at org.elasticsearch.test.engine.MockEngineFactory.newReadWriteEngine(MockEngineFactory.java:36)
	at org.elasticsearch.index.shard.IndexShard.newEngine(IndexShard.java:1310)
	at org.elasticsearch.index.shard.IndexShard.createNewEngine(IndexShard.java:1305)
	at org.elasticsearch.index.shard.IndexShard.internalPerformTranslogRecovery(IndexShard.java:888)
	at org.elasticsearch.index.shard.IndexShard.performTranslogRecovery(IndexShard.java:866)
	at org.elasticsearch.index.shard.StoreRecovery.internalRecoverFromStore(StoreRecovery.java:230)
	... 10 more
Caused by: [test][[test][0]] EngineException[failed to recover from translog]; nested: TranslogCorruptedException[translog corruption while reading from stream]; nested: TranslogCorruptedException[translog stream is corrupted, expected: 0xa94db8f6, got: 0x68c36736];
	at org.elasticsearch.index.engine.InternalEngine.recoverFromTranslog(InternalEngine.java:251)
	at org.elasticsearch.index.engine.InternalEngine.<init>(InternalEngine.java:172)
	... 17 more
Caused by: TranslogCorruptedException[translog corruption while reading from stream]; nested: TranslogCorruptedException[translog stream is corrupted, expected: 0xa94db8f6, got: 0x68c36736];
	at org.elasticsearch.index.translog.Translog.readOperation(Translog.java:1133)
	at org.elasticsearch.index.translog.BaseTranslogReader.read(BaseTranslogReader.java:114)
	at org.elasticsearch.index.translog.TranslogSnapshot.readOperation(TranslogSnapshot.java:70)
	at org.elasticsearch.index.translog.TranslogSnapshot.next(TranslogSnapshot.java:61)
	at org.elasticsearch.index.translog.MultiSnapshot.next(MultiSnapshot.java:53)
	at org.elasticsearch.index.engine.InternalEngine.recoverFromTranslog(InternalEngine.java:237)
	... 18 more
Caused by: TranslogCorruptedException[translog stream is corrupted, expected: 0xa94db8f6, got: 0x68c36736]
	at org.elasticsearch.index.translog.Translog.verifyChecksum(Translog.java:1091)
	at org.elasticsearch.index.translog.Translog.readOperation(Translog.java:1123)
	... 23 more
[2016-03-29 17:31:12,789][WARN ][org.elasticsearch.cluster.action.shard] [node_s0] [test][0] received shard failed for [test][0], node[Y27JbEqhQsSb7nUkvqXFqw], [P], v[3], s[INITIALIZING], a[id=wXfyMRToSbWxh4GGKvnQkQ], unassigned_info[[reason=ALLOCATION_FAILED], at[2016-03-29T21:31:12.778Z], details[failed recovery, failure IndexShardRecoveryException[failed to recovery from gateway]; nested: EngineCreationFailureException[failed to recover from translog]; nested: EngineException[failed to recover from translog]; nested: TranslogCorruptedException[translog corruption while reading from stream]; nested: TranslogCorruptedException[translog stream is corrupted, expected: 0xa94db8f6, got: 0x68c36736]; ]], indexUUID [1CWRzkvfRB-D3v8U1_ZpEQ], message [failed recovery], failure [IndexShardRecoveryException[failed to recovery from gateway]; nested: EngineCreationFailureException[failed to recover from translog]; nested: EngineException[failed to recover from translog]; nested: TranslogCorruptedException[translog corruption while reading from stream]; nested: TranslogCorruptedException[translog stream is corrupted, expected: 0xa94db8f6, got: 0x68c36736]; ]
[test][[test][0]] IndexShardRecoveryException[failed to recovery from gateway]; nested: EngineCreationFailureException[failed to recover from translog]; nested: EngineException[failed to recover from translog]; nested: TranslogCorruptedException[translog corruption while reading from stream]; nested: TranslogCorruptedException[translog stream is corrupted, expected: 0xa94db8f6, got: 0x68c36736];
	at org.elasticsearch.index.shard.StoreRecovery.internalRecoverFromStore(StoreRecovery.java:234)
	at org.elasticsearch.index.shard.StoreRecovery.lambda$recoverFromStore$184(StoreRecovery.java:77)
	at org.elasticsearch.index.shard.StoreRecovery$$Lambda$696/1752519311.run(Unknown Source)
	at org.elasticsearch.index.shard.StoreRecovery.executeRecovery(StoreRecovery.java:122)
	at org.elasticsearch.index.shard.StoreRecovery.recoverFromStore(StoreRecovery.java:75)
	at org.elasticsearch.index.shard.IndexShard.recoverFromStore(IndexShard.java:1059)
	at org.elasticsearch.indices.cluster.IndicesClusterStateService.lambda$applyInitializingShard$190(IndicesClusterStateService.java:648)
	at org.elasticsearch.indices.cluster.IndicesClusterStateService$$Lambda$694/1687235994.run(Unknown Source)
	at java.util.concurrent.ThreadPoolExecutor.runWorker(ThreadPoolExecutor.java:1142)
	at java.util.concurrent.ThreadPoolExecutor$Worker.run(ThreadPoolExecutor.java:617)
	at java.lang.Thread.run(Thread.java:745)
Caused by: [test][[test][0]] EngineCreationFailureException[failed to recover from translog]; nested: EngineException[failed to recover from translog]; nested: TranslogCorruptedException[translog corruption while reading from stream]; nested: TranslogCorruptedException[translog stream is corrupted, expected: 0xa94db8f6, got: 0x68c36736];
	at org.elasticsearch.index.engine.InternalEngine.<init>(InternalEngine.java:175)
	at org.elasticsearch.test.engine.MockInternalEngine.<init>(MockInternalEngine.java:36)
	at org.elasticsearch.test.engine.MockEngineFactory.newReadWriteEngine(MockEngineFactory.java:36)
	at org.elasticsearch.index.shard.IndexShard.newEngine(IndexShard.java:1310)
	at org.elasticsearch.index.shard.IndexShard.createNewEngine(IndexShard.java:1305)
	at org.elasticsearch.index.shard.IndexShard.internalPerformTranslogRecovery(IndexShard.java:888)
	at org.elasticsearch.index.shard.IndexShard.performTranslogRecovery(IndexShard.java:866)
	at org.elasticsearch.index.shard.StoreRecovery.internalRecoverFromStore(StoreRecovery.java:230)
	... 10 more
Caused by: [test][[test][0]] EngineException[failed to recover from translog]; nested: TranslogCorruptedException[translog corruption while reading from stream]; nested: TranslogCorruptedException[translog stream is corrupted, expected: 0xa94db8f6, got: 0x68c36736];
	at org.elasticsearch.index.engine.InternalEngine.recoverFromTranslog(InternalEngine.java:251)
	at org.elasticsearch.index.engine.InternalEngine.<init>(InternalEngine.java:172)
	... 17 more
Caused by: TranslogCorruptedException[translog corruption while reading from stream]; nested: TranslogCorruptedException[translog stream is corrupted, expected: 0xa94db8f6, got: 0x68c36736];
	at org.elasticsearch.index.translog.Translog.readOperation(Translog.java:1133)
	at org.elasticsearch.index.translog.BaseTranslogReader.read(BaseTranslogReader.java:114)
	at org.elasticsearch.index.translog.TranslogSnapshot.readOperation(TranslogSnapshot.java:70)
	at org.elasticsearch.index.translog.TranslogSnapshot.next(TranslogSnapshot.java:61)
	at org.elasticsearch.index.translog.MultiSnapshot.next(MultiSnapshot.java:53)
	at org.elasticsearch.index.engine.InternalEngine.recoverFromTranslog(InternalEngine.java:237)
	... 18 more
Caused by: TranslogCorruptedException[translog stream is corrupted, expected: 0xa94db8f6, got: 0x68c36736]
	at org.elasticsearch.index.translog.Translog.verifyChecksum(Translog.java:1091)
	at org.elasticsearch.index.translog.Translog.readOperation(Translog.java:1123)
	... 23 more
[2016-03-29 17:31:12,907][WARN ][org.elasticsearch.indices.cluster] [node_s0] [[test][0]] marking and sending shard failed due to [failed recovery]
[test][[test][0]] IndexShardRecoveryException[failed to recovery from gateway]; nested: EngineCreationFailureException[failed to recover from translog]; nested: EngineException[failed to recover from translog]; nested: TranslogCorruptedException[translog corruption while reading from stream]; nested: TranslogCorruptedException[translog stream is corrupted, expected: 0xa94db8f6, got: 0x68c36736];
	at org.elasticsearch.index.shard.StoreRecovery.internalRecoverFromStore(StoreRecovery.java:234)
	at org.elasticsearch.index.shard.StoreRecovery.lambda$recoverFromStore$184(StoreRecovery.java:77)
	at org.elasticsearch.index.shard.StoreRecovery$$Lambda$696/1752519311.run(Unknown Source)
	at org.elasticsearch.index.shard.StoreRecovery.executeRecovery(StoreRecovery.java:122)
	at org.elasticsearch.index.shard.StoreRecovery.recoverFromStore(StoreRecovery.java:75)
	at org.elasticsearch.index.shard.IndexShard.recoverFromStore(IndexShard.java:1059)
	at org.elasticsearch.indices.cluster.IndicesClusterStateService.lambda$applyInitializingShard$190(IndicesClusterStateService.java:648)
	at org.elasticsearch.indices.cluster.IndicesClusterStateService$$Lambda$694/1687235994.run(Unknown Source)
	at java.util.concurrent.ThreadPoolExecutor.runWorker(ThreadPoolExecutor.java:1142)
	at java.util.concurrent.ThreadPoolExecutor$Worker.run(ThreadPoolExecutor.java:617)
	at java.lang.Thread.run(Thread.java:745)
Caused by: [test][[test][0]] EngineCreationFailureException[failed to recover from translog]; nested: EngineException[failed to recover from translog]; nested: TranslogCorruptedException[translog corruption while reading from stream]; nested: TranslogCorruptedException[translog stream is corrupted, expected: 0xa94db8f6, got: 0x68c36736];
	at org.elasticsearch.index.engine.InternalEngine.<init>(InternalEngine.java:175)
	at org.elasticsearch.test.engine.MockInternalEngine.<init>(MockInternalEngine.java:36)
	at org.elasticsearch.test.engine.MockEngineFactory.newReadWriteEngine(MockEngineFactory.java:36)
	at org.elasticsearch.index.shard.IndexShard.newEngine(IndexShard.java:1310)
	at org.elasticsearch.index.shard.IndexShard.createNewEngine(IndexShard.java:1305)
	at org.elasticsearch.index.shard.IndexShard.internalPerformTranslogRecovery(IndexShard.java:888)
	at org.elasticsearch.index.shard.IndexShard.performTranslogRecovery(IndexShard.java:866)
	at org.elasticsearch.index.shard.StoreRecovery.internalRecoverFromStore(StoreRecovery.java:230)
	... 10 more
Caused by: [test][[test][0]] EngineException[failed to recover from translog]; nested: TranslogCorruptedException[translog corruption while reading from stream]; nested: TranslogCorruptedException[translog stream is corrupted, expected: 0xa94db8f6, got: 0x68c36736];
	at org.elasticsearch.index.engine.InternalEngine.recoverFromTranslog(InternalEngine.java:251)
	at org.elasticsearch.index.engine.InternalEngine.<init>(InternalEngine.java:172)
	... 17 more
Caused by: TranslogCorruptedException[translog corruption while reading from stream]; nested: TranslogCorruptedException[translog stream is corrupted, expected: 0xa94db8f6, got: 0x68c36736];
	at org.elasticsearch.index.translog.Translog.readOperation(Translog.java:1133)
	at org.elasticsearch.index.translog.BaseTranslogReader.read(BaseTranslogReader.java:114)
	at org.elasticsearch.index.translog.TranslogSnapshot.readOperation(TranslogSnapshot.java:70)
	at org.elasticsearch.index.translog.TranslogSnapshot.next(TranslogSnapshot.java:61)
	at org.elasticsearch.index.translog.MultiSnapshot.next(MultiSnapshot.java:53)
	at org.elasticsearch.index.engine.InternalEngine.recoverFromTranslog(InternalEngine.java:237)
	... 18 more
Caused by: TranslogCorruptedException[translog stream is corrupted, expected: 0xa94db8f6, got: 0x68c36736]
	at org.elasticsearch.index.translog.Translog.verifyChecksum(Translog.java:1091)
	at org.elasticsearch.index.translog.Translog.readOperation(Translog.java:1123)
	... 23 more
[2016-03-29 17:31:12,909][WARN ][org.elasticsearch.cluster.action.shard] [node_s0] [test][0] received shard failed for [test][0], node[Y27JbEqhQsSb7nUkvqXFqw], [P], v[3], s[INITIALIZING], a[id=1Z-QrgR9Qo6xUF6FwFGWUQ], unassigned_info[[reason=ALLOCATION_FAILED], at[2016-03-29T21:31:12.790Z], details[failed recovery, failure IndexShardRecoveryException[failed to recovery from gateway]; nested: EngineCreationFailureException[failed to recover from translog]; nested: EngineException[failed to recover from translog]; nested: TranslogCorruptedException[translog corruption while reading from stream]; nested: TranslogCorruptedException[translog stream is corrupted, expected: 0xa94db8f6, got: 0x68c36736]; ]], indexUUID [1CWRzkvfRB-D3v8U1_ZpEQ], message [failed recovery], failure [IndexShardRecoveryException[failed to recovery from gateway]; nested: EngineCreationFailureException[failed to recover from translog]; nested: EngineException[failed to recover from translog]; nested: TranslogCorruptedException[translog corruption while reading from stream]; nested: TranslogCorruptedException[translog stream is corrupted, expected: 0xa94db8f6, got: 0x68c36736]; ]
[test][[test][0]] IndexShardRecoveryException[failed to recovery from gateway]; nested: EngineCreationFailureException[failed to recover from translog]; nested: EngineException[failed to recover from translog]; nested: TranslogCorruptedException[translog corruption while reading from stream]; nested: TranslogCorruptedException[translog stream is corrupted, expected: 0xa94db8f6, got: 0x68c36736];
	at org.elasticsearch.index.shard.StoreRecovery.internalRecoverFromStore(StoreRecovery.java:234)
	at org.elasticsearch.index.shard.StoreRecovery.lambda$recoverFromStore$184(StoreRecovery.java:77)
	at org.elasticsearch.index.shard.StoreRecovery$$Lambda$696/1752519311.run(Unknown Source)
	at org.elasticsearch.index.shard.StoreRecovery.executeRecovery(StoreRecovery.java:122)
	at org.elasticsearch.index.shard.StoreRecovery.recoverFromStore(StoreRecovery.java:75)
	at org.elasticsearch.index.shard.IndexShard.recoverFromStore(IndexShard.java:1059)
	at org.elasticsearch.indices.cluster.IndicesClusterStateService.lambda$applyInitializingShard$190(IndicesClusterStateService.java:648)
	at org.elasticsearch.indices.cluster.IndicesClusterStateService$$Lambda$694/1687235994.run(Unknown Source)
	at java.util.concurrent.ThreadPoolExecutor.runWorker(ThreadPoolExecutor.java:1142)
	at java.util.concurrent.ThreadPoolExecutor$Worker.run(ThreadPoolExecutor.java:617)
	at java.lang.Thread.run(Thread.java:745)
Caused by: [test][[test][0]] EngineCreationFailureException[failed to recover from translog]; nested: EngineException[failed to recover from translog]; nested: TranslogCorruptedException[translog corruption while reading from stream]; nested: TranslogCorruptedException[translog stream is corrupted, expected: 0xa94db8f6, got: 0x68c36736];
	at org.elasticsearch.index.engine.InternalEngine.<init>(InternalEngine.java:175)
	at org.elasticsearch.test.engine.MockInternalEngine.<init>(MockInternalEngine.java:36)
	at org.elasticsearch.test.engine.MockEngineFactory.newReadWriteEngine(MockEngineFactory.java:36)
	at org.elasticsearch.index.shard.IndexShard.newEngine(IndexShard.java:1310)
	at org.elasticsearch.index.shard.IndexShard.createNewEngine(IndexShard.java:1305)
	at org.elasticsearch.index.shard.IndexShard.internalPerformTranslogRecovery(IndexShard.java:888)
	at org.elasticsearch.index.shard.IndexShard.performTranslogRecovery(IndexShard.java:866)
	at org.elasticsearch.index.shard.StoreRecovery.internalRecoverFromStore(StoreRecovery.java:230)
	... 10 more
Caused by: [test][[test][0]] EngineException[failed to recover from translog]; nested: TranslogCorruptedException[translog corruption while reading from stream]; nested: TranslogCorruptedException[translog stream is corrupted, expected: 0xa94db8f6, got: 0x68c36736];
	at org.elasticsearch.index.engine.InternalEngine.recoverFromTranslog(InternalEngine.java:251)
	at org.elasticsearch.index.engine.InternalEngine.<init>(InternalEngine.java:172)
	... 17 more
Caused by: TranslogCorruptedException[translog corruption while reading from stream]; nested: TranslogCorruptedException[translog stream is corrupted, expected: 0xa94db8f6, got: 0x68c36736];
	at org.elasticsearch.index.translog.Translog.readOperation(Translog.java:1133)
	at org.elasticsearch.index.translog.BaseTranslogReader.read(BaseTranslogReader.java:114)
	at org.elasticsearch.index.translog.TranslogSnapshot.readOperation(TranslogSnapshot.java:70)
	at org.elasticsearch.index.translog.TranslogSnapshot.next(TranslogSnapshot.java:61)
	at org.elasticsearch.index.translog.MultiSnapshot.next(MultiSnapshot.java:53)
	at org.elasticsearch.index.engine.InternalEngine.recoverFromTranslog(InternalEngine.java:237)
	... 18 more
Caused by: TranslogCorruptedException[translog stream is corrupted, expected: 0xa94db8f6, got: 0x68c36736]
	at org.elasticsearch.index.translog.Translog.verifyChecksum(Translog.java:1091)
	at org.elasticsearch.index.translog.Translog.readOperation(Translog.java:1123)
	... 23 more
[2016-03-29 17:31:12,931][WARN ][org.elasticsearch.indices.cluster] [node_s0] [[test][0]] marking and sending shard failed due to [failed recovery]
[test][[test][0]] IndexShardRecoveryException[failed to recovery from gateway]; nested: EngineCreationFailureException[failed to recover from translog]; nested: EngineException[failed to recover from translog]; nested: TranslogCorruptedException[translog corruption while reading from stream]; nested: TranslogCorruptedException[translog stream is corrupted, expected: 0xa94db8f6, got: 0x68c36736];
	at org.elasticsearch.index.shard.StoreRecovery.internalRecoverFromStore(StoreRecovery.java:234)
	at org.elasticsearch.index.shard.StoreRecovery.lambda$recoverFromStore$184(StoreRecovery.java:77)
	at org.elasticsearch.index.shard.StoreRecovery$$Lambda$696/1752519311.run(Unknown Source)
	at org.elasticsearch.index.shard.StoreRecovery.executeRecovery(StoreRecovery.java:122)
	at org.elasticsearch.index.shard.StoreRecovery.recoverFromStore(StoreRecovery.java:75)
	at org.elasticsearch.index.shard.IndexShard.recoverFromStore(IndexShard.java:1059)
	at org.elasticsearch.indices.cluster.IndicesClusterStateService.lambda$applyInitializingShard$190(IndicesClusterStateService.java:648)
	at org.elasticsearch.indices.cluster.IndicesClusterStateService$$Lambda$694/1687235994.run(Unknown Source)
	at java.util.concurrent.ThreadPoolExecutor.runWorker(ThreadPoolExecutor.java:1142)
	at java.util.concurrent.ThreadPoolExecutor$Worker.run(ThreadPoolExecutor.java:617)
	at java.lang.Thread.run(Thread.java:745)
Caused by: [test][[test][0]] EngineCreationFailureException[failed to recover from translog]; nested: EngineException[failed to recover from translog]; nested: TranslogCorruptedException[translog corruption while reading from stream]; nested: TranslogCorruptedException[translog stream is corrupted, expected: 0xa94db8f6, got: 0x68c36736];
	at org.elasticsearch.index.engine.InternalEngine.<init>(InternalEngine.java:175)
	at org.elasticsearch.test.engine.MockInternalEngine.<init>(MockInternalEngine.java:36)
	at org.elasticsearch.test.engine.MockEngineFactory.newReadWriteEngine(MockEngineFactory.java:36)
	at org.elasticsearch.index.shard.IndexShard.newEngine(IndexShard.java:1310)
	at org.elasticsearch.index.shard.IndexShard.createNewEngine(IndexShard.java:1305)
	at org.elasticsearch.index.shard.IndexShard.internalPerformTranslogRecovery(IndexShard.java:888)
	at org.elasticsearch.index.shard.IndexShard.performTranslogRecovery(IndexShard.java:866)
	at org.elasticsearch.index.shard.StoreRecovery.internalRecoverFromStore(StoreRecovery.java:230)
	... 10 more
Caused by: [test][[test][0]] EngineException[failed to recover from translog]; nested: TranslogCorruptedException[translog corruption while reading from stream]; nested: TranslogCorruptedException[translog stream is corrupted, expected: 0xa94db8f6, got: 0x68c36736];
	at org.elasticsearch.index.engine.InternalEngine.recoverFromTranslog(InternalEngine.java:251)
	at org.elasticsearch.index.engine.InternalEngine.<init>(InternalEngine.java:172)
	... 17 more
Caused by: TranslogCorruptedException[translog corruption while reading from stream]; nested: TranslogCorruptedException[translog stream is corrupted, expected: 0xa94db8f6, got: 0x68c36736];
	at org.elasticsearch.index.translog.Translog.readOperation(Translog.java:1133)
	at org.elasticsearch.index.translog.BaseTranslogReader.read(BaseTranslogReader.java:114)
	at org.elasticsearch.index.translog.TranslogSnapshot.readOperation(TranslogSnapshot.java:70)
	at org.elasticsearch.index.translog.TranslogSnapshot.next(TranslogSnapshot.java:61)
	at org.elasticsearch.index.translog.MultiSnapshot.next(MultiSnapshot.java:53)
	at org.elasticsearch.index.engine.InternalEngine.recoverFromTranslog(InternalEngine.java:237)
	... 18 more
Caused by: TranslogCorruptedException[translog stream is corrupted, expected: 0xa94db8f6, got: 0x68c36736]
	at org.elasticsearch.index.translog.Translog.verifyChecksum(Translog.java:1091)
	at org.elasticsearch.index.translog.Translog.readOperation(Translog.java:1123)
	... 23 more
[2016-03-29 17:31:12,932][WARN ][org.elasticsearch.cluster.action.shard] [node_s0] [test][0] received shard failed for [test][0], node[Y27JbEqhQsSb7nUkvqXFqw], [P], v[3], s[INITIALIZING], a[id=l_cgPpkiQpeE9af5eRhizw], unassigned_info[[reason=ALLOCATION_FAILED], at[2016-03-29T21:31:12.913Z], details[failed recovery, failure IndexShardRecoveryException[failed to recovery from gateway]; nested: EngineCreationFailureException[failed to recover from translog]; nested: EngineException[failed to recover from translog]; nested: TranslogCorruptedException[translog corruption while reading from stream]; nested: TranslogCorruptedException[translog stream is corrupted, expected: 0xa94db8f6, got: 0x68c36736]; ]], indexUUID [1CWRzkvfRB-D3v8U1_ZpEQ], message [failed recovery], failure [IndexShardRecoveryException[failed to recovery from gateway]; nested: EngineCreationFailureException[failed to recover from translog]; nested: EngineException[failed to recover from translog]; nested: TranslogCorruptedException[translog corruption while reading from stream]; nested: TranslogCorruptedException[translog stream is corrupted, expected: 0xa94db8f6, got: 0x68c36736]; ]
[test][[test][0]] IndexShardRecoveryException[failed to recovery from gateway]; nested: EngineCreationFailureException[failed to recover from translog]; nested: EngineException[failed to recover from translog]; nested: TranslogCorruptedException[translog corruption while reading from stream]; nested: TranslogCorruptedException[translog stream is corrupted, expected: 0xa94db8f6, got: 0x68c36736];
	at org.elasticsearch.index.shard.StoreRecovery.internalRecoverFromStore(StoreRecovery.java:234)
	at org.elasticsearch.index.shard.StoreRecovery.lambda$recoverFromStore$184(StoreRecovery.java:77)
	at org.elasticsearch.index.shard.StoreRecovery$$Lambda$696/1752519311.run(Unknown Source)
	at org.elasticsearch.index.shard.StoreRecovery.executeRecovery(StoreRecovery.java:122)
	at org.elasticsearch.index.shard.StoreRecovery.recoverFromStore(StoreRecovery.java:75)
	at org.elasticsearch.index.shard.IndexShard.recoverFromStore(IndexShard.java:1059)
	at org.elasticsearch.indices.cluster.IndicesClusterStateService.lambda$applyInitializingShard$190(IndicesClusterStateService.java:648)
	at org.elasticsearch.indices.cluster.IndicesClusterStateService$$Lambda$694/1687235994.run(Unknown Source)
	at java.util.concurrent.ThreadPoolExecutor.runWorker(ThreadPoolExecutor.java:1142)
	at java.util.concurrent.ThreadPoolExecutor$Worker.run(ThreadPoolExecutor.java:617)
	at java.lang.Thread.run(Thread.java:745)
Caused by: [test][[test][0]] EngineCreationFailureException[failed to recover from translog]; nested: EngineException[failed to recover from translog]; nested: TranslogCorruptedException[translog corruption while reading from stream]; nested: TranslogCorruptedException[translog stream is corrupted, expected: 0xa94db8f6, got: 0x68c36736];
	at org.elasticsearch.index.engine.InternalEngine.<init>(InternalEngine.java:175)
	at org.elasticsearch.test.engine.MockInternalEngine.<init>(MockInternalEngine.java:36)
	at org.elasticsearch.test.engine.MockEngineFactory.newReadWriteEngine(MockEngineFactory.java:36)
	at org.elasticsearch.index.shard.IndexShard.newEngine(IndexShard.java:1310)
	at org.elasticsearch.index.shard.IndexShard.createNewEngine(IndexShard.java:1305)
	at org.elasticsearch.index.shard.IndexShard.internalPerformTranslogRecovery(IndexShard.java:888)
	at org.elasticsearch.index.shard.IndexShard.performTranslogRecovery(IndexShard.java:866)
	at org.elasticsearch.index.shard.StoreRecovery.internalRecoverFromStore(StoreRecovery.java:230)
	... 10 more
Caused by: [test][[test][0]] EngineException[failed to recover from translog]; nested: TranslogCorruptedException[translog corruption while reading from stream]; nested: TranslogCorruptedException[translog stream is corrupted, expected: 0xa94db8f6, got: 0x68c36736];
	at org.elasticsearch.index.engine.InternalEngine.recoverFromTranslog(InternalEngine.java:251)
	at org.elasticsearch.index.engine.InternalEngine.<init>(InternalEngine.java:172)
	... 17 more
Caused by: TranslogCorruptedException[translog corruption while reading from stream]; nested: TranslogCorruptedException[translog stream is corrupted, expected: 0xa94db8f6, got: 0x68c36736];
	at org.elasticsearch.index.translog.Translog.readOperation(Translog.java:1133)
	at org.elasticsearch.index.translog.BaseTranslogReader.read(BaseTranslogReader.java:114)
	at org.elasticsearch.index.translog.TranslogSnapshot.readOperation(TranslogSnapshot.java:70)
	at org.elasticsearch.index.translog.TranslogSnapshot.next(TranslogSnapshot.java:61)
	at org.elasticsearch.index.translog.MultiSnapshot.next(MultiSnapshot.java:53)
	at org.elasticsearch.index.engine.InternalEngine.recoverFromTranslog(InternalEngine.java:237)
	... 18 more
Caused by: TranslogCorruptedException[translog stream is corrupted, expected: 0xa94db8f6, got: 0x68c36736]
	at org.elasticsearch.index.translog.Translog.verifyChecksum(Translog.java:1091)
	at org.elasticsearch.index.translog.Translog.readOperation(Translog.java:1123)
	... 23 more
[2016-03-29 17:31:12,950][WARN ][org.elasticsearch.indices.cluster] [node_s0] [[test][0]] marking and sending shard failed due to [failed recovery]
[test][[test][0]] IndexShardRecoveryException[failed to recovery from gateway]; nested: EngineCreationFailureException[failed to recover from translog]; nested: EngineException[failed to recover from translog]; nested: TranslogCorruptedException[translog corruption while reading from stream]; nested: TranslogCorruptedException[translog stream is corrupted, expected: 0xa94db8f6, got: 0x68c36736];
	at org.elasticsearch.index.shard.StoreRecovery.internalRecoverFromStore(StoreRecovery.java:234)
	at org.elasticsearch.index.shard.StoreRecovery.lambda$recoverFromStore$184(StoreRecovery.java:77)
	at org.elasticsearch.index.shard.StoreRecovery$$Lambda$696/1752519311.run(Unknown Source)
	at org.elasticsearch.index.shard.StoreRecovery.executeRecovery(StoreRecovery.java:122)
	at org.elasticsearch.index.shard.StoreRecovery.recoverFromStore(StoreRecovery.java:75)
	at org.elasticsearch.index.shard.IndexShard.recoverFromStore(IndexShard.java:1059)
	at org.elasticsearch.indices.cluster.IndicesClusterStateService.lambda$applyInitializingShard$190(IndicesClusterStateService.java:648)
	at org.elasticsearch.indices.cluster.IndicesClusterStateService$$Lambda$694/1687235994.run(Unknown Source)
	at java.util.concurrent.ThreadPoolExecutor.runWorker(ThreadPoolExecutor.java:1142)
	at java.util.concurrent.ThreadPoolExecutor$Worker.run(ThreadPoolExecutor.java:617)
	at java.lang.Thread.run(Thread.java:745)
Caused by: [test][[test][0]] EngineCreationFailureException[failed to recover from translog]; nested: EngineException[failed to recover from translog]; nested: TranslogCorruptedException[translog corruption while reading from stream]; nested: TranslogCorruptedException[translog stream is corrupted, expected: 0xa94db8f6, got: 0x68c36736];
	at org.elasticsearch.index.engine.InternalEngine.<init>(InternalEngine.java:175)
	at org.elasticsearch.test.engine.MockInternalEngine.<init>(MockInternalEngine.java:36)
	at org.elasticsearch.test.engine.MockEngineFactory.newReadWriteEngine(MockEngineFactory.java:36)
	at org.elasticsearch.index.shard.IndexShard.newEngine(IndexShard.java:1310)
	at org.elasticsearch.index.shard.IndexShard.createNewEngine(IndexShard.java:1305)
	at org.elasticsearch.index.shard.IndexShard.internalPerformTranslogRecovery(IndexShard.java:888)
	at org.elasticsearch.index.shard.IndexShard.performTranslogRecovery(IndexShard.java:866)
	at org.elasticsearch.index.shard.StoreRecovery.internalRecoverFromStore(StoreRecovery.java:230)
	... 10 more
Caused by: [test][[test][0]] EngineException[failed to recover from translog]; nested: TranslogCorruptedException[translog corruption while reading from stream]; nested: TranslogCorruptedException[translog stream is corrupted, expected: 0xa94db8f6, got: 0x68c36736];
	at org.elasticsearch.index.engine.InternalEngine.recoverFromTranslog(InternalEngine.java:251)
	at org.elasticsearch.index.engine.InternalEngine.<init>(InternalEngine.java:172)
	... 17 more
Caused by: TranslogCorruptedException[translog corruption while reading from stream]; nested: TranslogCorruptedException[translog stream is corrupted, expected: 0xa94db8f6, got: 0x68c36736];
	at org.elasticsearch.index.translog.Translog.readOperation(Translog.java:1133)
	at org.elasticsearch.index.translog.BaseTranslogReader.read(BaseTranslogReader.java:114)
	at org.elasticsearch.index.translog.TranslogSnapshot.readOperation(TranslogSnapshot.java:70)
	at org.elasticsearch.index.translog.TranslogSnapshot.next(TranslogSnapshot.java:61)
	at org.elasticsearch.index.translog.MultiSnapshot.next(MultiSnapshot.java:53)
	at org.elasticsearch.index.engine.InternalEngine.recoverFromTranslog(InternalEngine.java:237)
	... 18 more
Caused by: TranslogCorruptedException[translog stream is corrupted, expected: 0xa94db8f6, got: 0x68c36736]
	at org.elasticsearch.index.translog.Translog.verifyChecksum(Translog.java:1091)
	at org.elasticsearch.index.translog.Translog.readOperation(Translog.java:1123)
	... 23 more
[2016-03-29 17:31:12,951][WARN ][org.elasticsearch.cluster.action.shard] [node_s0] [test][0] received shard failed for [test][0], node[Y27JbEqhQsSb7nUkvqXFqw], [P], v[3], s[INITIALIZING], a[id=LSyHm3o7T2OdF71E07yi9Q], unassigned_info[[reason=ALLOCATION_FAILED], at[2016-03-29T21:31:12.932Z], details[failed recovery, failure IndexShardRecoveryException[failed to recovery from gateway]; nested: EngineCreationFailureException[failed to recover from translog]; nested: EngineException[failed to recover from translog]; nested: TranslogCorruptedException[translog corruption while reading from stream]; nested: TranslogCorruptedException[translog stream is corrupted, expected: 0xa94db8f6, got: 0x68c36736]; ]], indexUUID [1CWRzkvfRB-D3v8U1_ZpEQ], message [failed recovery], failure [IndexShardRecoveryException[failed to recovery from gateway]; nested: EngineCreationFailureException[failed to recover from translog]; nested: EngineException[failed to recover from translog]; nested: TranslogCorruptedException[translog corruption while reading from stream]; nested: TranslogCorruptedException[translog stream is corrupted, expected: 0xa94db8f6, got: 0x68c36736]; ]
[test][[test][0]] IndexShardRecoveryException[failed to recovery from gateway]; nested: EngineCreationFailureException[failed to recover from translog]; nested: EngineException[failed to recover from translog]; nested: TranslogCorruptedException[translog corruption while reading from stream]; nested: TranslogCorruptedException[translog stream is corrupted, expected: 0xa94db8f6, got: 0x68c36736];
	at org.elasticsearch.index.shard.StoreRecovery.internalRecoverFromStore(StoreRecovery.java:234)
	at org.elasticsearch.index.shard.StoreRecovery.lambda$recoverFromStore$184(StoreRecovery.java:77)
	at org.elasticsearch.index.shard.StoreRecovery$$Lambda$696/1752519311.run(Unknown Source)
	at org.elasticsearch.index.shard.StoreRecovery.executeRecovery(StoreRecovery.java:122)
	at org.elasticsearch.index.shard.StoreRecovery.recoverFromStore(StoreRecovery.java:75)
	at org.elasticsearch.index.shard.IndexShard.recoverFromStore(IndexShard.java:1059)
	at org.elasticsearch.indices.cluster.IndicesClusterStateService.lambda$applyInitializingShard$190(IndicesClusterStateService.java:648)
	at org.elasticsearch.indices.cluster.IndicesClusterStateService$$Lambda$694/1687235994.run(Unknown Source)
	at java.util.concurrent.ThreadPoolExecutor.runWorker(ThreadPoolExecutor.java:1142)
	at java.util.concurrent.ThreadPoolExecutor$Worker.run(ThreadPoolExecutor.java:617)
	at java.lang.Thread.run(Thread.java:745)
Caused by: [test][[test][0]] EngineCreationFailureException[failed to recover from translog]; nested: EngineException[failed to recover from translog]; nested: TranslogCorruptedException[translog corruption while reading from stream]; nested: TranslogCorruptedException[translog stream is corrupted, expected: 0xa94db8f6, got: 0x68c36736];
	at org.elasticsearch.index.engine.InternalEngine.<init>(InternalEngine.java:175)
	at org.elasticsearch.test.engine.MockInternalEngine.<init>(MockInternalEngine.java:36)
	at org.elasticsearch.test.engine.MockEngineFactory.newReadWriteEngine(MockEngineFactory.java:36)
	at org.elasticsearch.index.shard.IndexShard.newEngine(IndexShard.java:1310)
	at org.elasticsearch.index.shard.IndexShard.createNewEngine(IndexShard.java:1305)
	at org.elasticsearch.index.shard.IndexShard.internalPerformTranslogRecovery(IndexShard.java:888)
	at org.elasticsearch.index.shard.IndexShard.performTranslogRecovery(IndexShard.java:866)
	at org.elasticsearch.index.shard.StoreRecovery.internalRecoverFromStore(StoreRecovery.java:230)
	... 10 more
Caused by: [test][[test][0]] EngineException[failed to recover from translog]; nested: TranslogCorruptedException[translog corruption while reading from stream]; nested: TranslogCorruptedException[translog stream is corrupted, expected: 0xa94db8f6, got: 0x68c36736];
	at org.elasticsearch.index.engine.InternalEngine.recoverFromTranslog(InternalEngine.java:251)
	at org.elasticsearch.index.engine.InternalEngine.<init>(InternalEngine.java:172)
	... 17 more
Caused by: TranslogCorruptedException[translog corruption while reading from stream]; nested: TranslogCorruptedException[translog stream is corrupted, expected: 0xa94db8f6, got: 0x68c36736];
	at org.elasticsearch.index.translog.Translog.readOperation(Translog.java:1133)
	at org.elasticsearch.index.translog.BaseTranslogReader.read(BaseTranslogReader.java:114)
	at org.elasticsearch.index.translog.TranslogSnapshot.readOperation(TranslogSnapshot.java:70)
	at org.elasticsearch.index.translog.TranslogSnapshot.next(TranslogSnapshot.java:61)
	at org.elasticsearch.index.translog.MultiSnapshot.next(MultiSnapshot.java:53)
	at org.elasticsearch.index.engine.InternalEngine.recoverFromTranslog(InternalEngine.java:237)
	... 18 more
Caused by: TranslogCorruptedException[translog stream is corrupted, expected: 0xa94db8f6, got: 0x68c36736]
	at org.elasticsearch.index.translog.Translog.verifyChecksum(Translog.java:1091)
	at org.elasticsearch.index.translog.Translog.readOperation(Translog.java:1123)
	... 23 more
[2016-03-29 17:31:12,966][WARN ][org.elasticsearch.indices.cluster] [node_s0] [[test][0]] marking and sending shard failed due to [failed recovery]
[test][[test][0]] IndexShardRecoveryException[failed to recovery from gateway]; nested: EngineCreationFailureException[failed to recover from translog]; nested: EngineException[failed to recover from translog]; nested: TranslogCorruptedException[translog corruption while reading from stream]; nested: TranslogCorruptedException[translog stream is corrupted, expected: 0xa94db8f6, got: 0x68c36736];
	at org.elasticsearch.index.shard.StoreRecovery.internalRecoverFromStore(StoreRecovery.java:234)
	at org.elasticsearch.index.shard.StoreRecovery.lambda$recoverFromStore$184(StoreRecovery.java:77)
	at org.elasticsearch.index.shard.StoreRecovery$$Lambda$696/1752519311.run(Unknown Source)
	at org.elasticsearch.index.shard.StoreRecovery.executeRecovery(StoreRecovery.java:122)
	at org.elasticsearch.index.shard.StoreRecovery.recoverFromStore(StoreRecovery.java:75)
	at org.elasticsearch.index.shard.IndexShard.recoverFromStore(IndexShard.java:1059)
	at org.elasticsearch.indices.cluster.IndicesClusterStateService.lambda$applyInitializingShard$190(IndicesClusterStateService.java:648)
	at org.elasticsearch.indices.cluster.IndicesClusterStateService$$Lambda$694/1687235994.run(Unknown Source)
	at java.util.concurrent.ThreadPoolExecutor.runWorker(ThreadPoolExecutor.java:1142)
	at java.util.concurrent.ThreadPoolExecutor$Worker.run(ThreadPoolExecutor.java:617)
	at java.lang.Thread.run(Thread.java:745)
Caused by: [test][[test][0]] EngineCreationFailureException[failed to recover from translog]; nested: EngineException[failed to recover from translog]; nested: TranslogCorruptedException[translog corruption while reading from stream]; nested: TranslogCorruptedException[translog stream is corrupted, expected: 0xa94db8f6, got: 0x68c36736];
	at org.elasticsearch.index.engine.InternalEngine.<init>(InternalEngine.java:175)
	at org.elasticsearch.test.engine.MockInternalEngine.<init>(MockInternalEngine.java:36)
	at org.elasticsearch.test.engine.MockEngineFactory.newReadWriteEngine(MockEngineFactory.java:36)
	at org.elasticsearch.index.shard.IndexShard.newEngine(IndexShard.java:1310)
	at org.elasticsearch.index.shard.IndexShard.createNewEngine(IndexShard.java:1305)
	at org.elasticsearch.index.shard.IndexShard.internalPerformTranslogRecovery(IndexShard.java:888)
	at org.elasticsearch.index.shard.IndexShard.performTranslogRecovery(IndexShard.java:866)
	at org.elasticsearch.index.shard.StoreRecovery.internalRecoverFromStore(StoreRecovery.java:230)
	... 10 more
Caused by: [test][[test][0]] EngineException[failed to recover from translog]; nested: TranslogCorruptedException[translog corruption while reading from stream]; nested: TranslogCorruptedException[translog stream is corrupted, expected: 0xa94db8f6, got: 0x68c36736];
	at org.elasticsearch.index.engine.InternalEngine.recoverFromTranslog(InternalEngine.java:251)
	at org.elasticsearch.index.engine.InternalEngine.<init>(InternalEngine.java:172)
	... 17 more
Caused by: TranslogCorruptedException[translog corruption while reading from stream]; nested: TranslogCorruptedException[translog stream is corrupted, expected: 0xa94db8f6, got: 0x68c36736];
	at org.elasticsearch.index.translog.Translog.readOperation(Translog.java:1133)
	at org.elasticsearch.index.translog.BaseTranslogReader.read(BaseTranslogReader.java:114)
	at org.elasticsearch.index.translog.TranslogSnapshot.readOperation(TranslogSnapshot.java:70)
	at org.elasticsearch.index.translog.TranslogSnapshot.next(TranslogSnapshot.java:61)
	at org.elasticsearch.index.translog.MultiSnapshot.next(MultiSnapshot.java:53)
	at org.elasticsearch.index.engine.InternalEngine.recoverFromTranslog(InternalEngine.java:237)
	... 18 more
Caused by: TranslogCorruptedException[translog stream is corrupted, expected: 0xa94db8f6, got: 0x68c36736]
	at org.elasticsearch.index.translog.Translog.verifyChecksum(Translog.java:1091)
	at org.elasticsearch.index.translog.Translog.readOperation(Translog.java:1123)
	... 23 more
[2016-03-29 17:31:12,967][WARN ][org.elasticsearch.cluster.action.shard] [node_s0] [test][0] received shard failed for [test][0], node[Y27JbEqhQsSb7nUkvqXFqw], [P], v[3], s[INITIALIZING], a[id=hZ0UOm_cRcem7bfQf6MlVw], unassigned_info[[reason=ALLOCATION_FAILED], at[2016-03-29T21:31:12.951Z], details[failed recovery, failure IndexShardRecoveryException[failed to recovery from gateway]; nested: EngineCreationFailureException[failed to recover from translog]; nested: EngineException[failed to recover from translog]; nested: TranslogCorruptedException[translog corruption while reading from stream]; nested: TranslogCorruptedException[translog stream is corrupted, expected: 0xa94db8f6, got: 0x68c36736]; ]], indexUUID [1CWRzkvfRB-D3v8U1_ZpEQ], message [failed recovery], failure [IndexShardRecoveryException[failed to recovery from gateway]; nested: EngineCreationFailureException[failed to recover from translog]; nested: EngineException[failed to recover from translog]; nested: TranslogCorruptedException[translog corruption while reading from stream]; nested: TranslogCorruptedException[translog stream is corrupted, expected: 0xa94db8f6, got: 0x68c36736]; ]
[test][[test][0]] IndexShardRecoveryException[failed to recovery from gateway]; nested: EngineCreationFailureException[failed to recover from translog]; nested: EngineException[failed to recover from translog]; nested: TranslogCorruptedException[translog corruption while reading from stream]; nested: TranslogCorruptedException[translog stream is corrupted, expected: 0xa94db8f6, got: 0x68c36736];
	at org.elasticsearch.index.shard.StoreRecovery.internalRecoverFromStore(StoreRecovery.java:234)
	at org.elasticsearch.index.shard.StoreRecovery.lambda$recoverFromStore$184(StoreRecovery.java:77)
	at org.elasticsearch.index.shard.StoreRecovery$$Lambda$696/1752519311.run(Unknown Source)
	at org.elasticsearch.index.shard.StoreRecovery.executeRecovery(StoreRecovery.java:122)
	at org.elasticsearch.index.shard.StoreRecovery.recoverFromStore(StoreRecovery.java:75)
	at org.elasticsearch.index.shard.IndexShard.recoverFromStore(IndexShard.java:1059)
	at org.elasticsearch.indices.cluster.IndicesClusterStateService.lambda$applyInitializingShard$190(IndicesClusterStateService.java:648)
	at org.elasticsearch.indices.cluster.IndicesClusterStateService$$Lambda$694/1687235994.run(Unknown Source)
	at java.util.concurrent.ThreadPoolExecutor.runWorker(ThreadPoolExecutor.java:1142)
	at java.util.concurrent.ThreadPoolExecutor$Worker.run(ThreadPoolExecutor.java:617)
	at java.lang.Thread.run(Thread.java:745)
Caused by: [test][[test][0]] EngineCreationFailureException[failed to recover from translog]; nested: EngineException[failed to recover from translog]; nested: TranslogCorruptedException[translog corruption while reading from stream]; nested: TranslogCorruptedException[translog stream is corrupted, expected: 0xa94db8f6, got: 0x68c36736];
	at org.elasticsearch.index.engine.InternalEngine.<init>(InternalEngine.java:175)
	at org.elasticsearch.test.engine.MockInternalEngine.<init>(MockInternalEngine.java:36)
	at org.elasticsearch.test.engine.MockEngineFactory.newReadWriteEngine(MockEngineFactory.java:36)
	at org.elasticsearch.index.shard.IndexShard.newEngine(IndexShard.java:1310)
	at org.elasticsearch.index.shard.IndexShard.createNewEngine(IndexShard.java:1305)
	at org.elasticsearch.index.shard.IndexShard.internalPerformTranslogRecovery(IndexShard.java:888)
	at org.elasticsearch.index.shard.IndexShard.performTranslogRecovery(IndexShard.java:866)
	at org.elasticsearch.index.shard.StoreRecovery.internalRecoverFromStore(StoreRecovery.java:230)
	... 10 more
Caused by: [test][[test][0]] EngineException[failed to recover from translog]; nested: TranslogCorruptedException[translog corruption while reading from stream]; nested: TranslogCorruptedException[translog stream is corrupted, expected: 0xa94db8f6, got: 0x68c36736];
	at org.elasticsearch.index.engine.InternalEngine.recoverFromTranslog(InternalEngine.java:251)
	at org.elasticsearch.index.engine.InternalEngine.<init>(InternalEngine.java:172)
	... 17 more
Caused by: TranslogCorruptedException[translog corruption while reading from stream]; nested: TranslogCorruptedException[translog stream is corrupted, expected: 0xa94db8f6, got: 0x68c36736];
	at org.elasticsearch.index.translog.Translog.readOperation(Translog.java:1133)
	at org.elasticsearch.index.translog.BaseTranslogReader.read(BaseTranslogReader.java:114)
	at org.elasticsearch.index.translog.TranslogSnapshot.readOperation(TranslogSnapshot.java:70)
	at org.elasticsearch.index.translog.TranslogSnapshot.next(TranslogSnapshot.java:61)
	at org.elasticsearch.index.translog.MultiSnapshot.next(MultiSnapshot.java:53)
	at org.elasticsearch.index.engine.InternalEngine.recoverFromTranslog(InternalEngine.java:237)
	... 18 more
Caused by: TranslogCorruptedException[translog stream is corrupted, expected: 0xa94db8f6, got: 0x68c36736]
	at org.elasticsearch.index.translog.Translog.verifyChecksum(Translog.java:1091)
	at org.elasticsearch.index.translog.Translog.readOperation(Translog.java:1123)
	... 23 more
[2016-03-29 17:31:12,982][WARN ][org.elasticsearch.indices.cluster] [node_s0] [[test][0]] marking and sending shard failed due to [failed recovery]
[test][[test][0]] IndexShardRecoveryException[failed to recovery from gateway]; nested: EngineCreationFailureException[failed to recover from translog]; nested: EngineException[failed to recover from translog]; nested: TranslogCorruptedException[translog corruption while reading from stream]; nested: TranslogCorruptedException[translog stream is corrupted, expected: 0xa94db8f6, got: 0x68c36736];
	at org.elasticsearch.index.shard.StoreRecovery.internalRecoverFromStore(StoreRecovery.java:234)
	at org.elasticsearch.index.shard.StoreRecovery.lambda$recoverFromStore$184(StoreRecovery.java:77)
	at org.elasticsearch.index.shard.StoreRecovery$$Lambda$696/1752519311.run(Unknown Source)
	at org.elasticsearch.index.shard.StoreRecovery.executeRecovery(StoreRecovery.java:122)
	at org.elasticsearch.index.shard.StoreRecovery.recoverFromStore(StoreRecovery.java:75)
	at org.elasticsearch.index.shard.IndexShard.recoverFromStore(IndexShard.java:1059)
	at org.elasticsearch.indices.cluster.IndicesClusterStateService.lambda$applyInitializingShard$190(IndicesClusterStateService.java:648)
	at org.elasticsearch.indices.cluster.IndicesClusterStateService$$Lambda$694/1687235994.run(Unknown Source)
	at java.util.concurrent.ThreadPoolExecutor.runWorker(ThreadPoolExecutor.java:1142)
	at java.util.concurrent.ThreadPoolExecutor$Worker.run(ThreadPoolExecutor.java:617)
	at java.lang.Thread.run(Thread.java:745)
Caused by: [test][[test][0]] EngineCreationFailureException[failed to recover from translog]; nested: EngineException[failed to recover from translog]; nested: TranslogCorruptedException[translog corruption while reading from stream]; nested: TranslogCorruptedException[translog stream is corrupted, expected: 0xa94db8f6, got: 0x68c36736];
	at org.elasticsearch.index.engine.InternalEngine.<init>(InternalEngine.java:175)
	at org.elasticsearch.test.engine.MockInternalEngine.<init>(MockInternalEngine.java:36)
	at org.elasticsearch.test.engine.MockEngineFactory.newReadWriteEngine(MockEngineFactory.java:36)
	at org.elasticsearch.index.shard.IndexShard.newEngine(IndexShard.java:1310)
	at org.elasticsearch.index.shard.IndexShard.createNewEngine(IndexShard.java:1305)
	at org.elasticsearch.index.shard.IndexShard.internalPerformTranslogRecovery(IndexShard.java:888)
	at org.elasticsearch.index.shard.IndexShard.performTranslogRecovery(IndexShard.java:866)
	at org.elasticsearch.index.shard.StoreRecovery.internalRecoverFromStore(StoreRecovery.java:230)
	... 10 more
Caused by: [test][[test][0]] EngineException[failed to recover from translog]; nested: TranslogCorruptedException[translog corruption while reading from stream]; nested: TranslogCorruptedException[translog stream is corrupted, expected: 0xa94db8f6, got: 0x68c36736];
	at org.elasticsearch.index.engine.InternalEngine.recoverFromTranslog(InternalEngine.java:251)
	at org.elasticsearch.index.engine.InternalEngine.<init>(InternalEngine.java:172)
	... 17 more
Caused by: TranslogCorruptedException[translog corruption while reading from stream]; nested: TranslogCorruptedException[translog stream is corrupted, expected: 0xa94db8f6, got: 0x68c36736];
	at org.elasticsearch.index.translog.Translog.readOperation(Translog.java:1133)
	at org.elasticsearch.index.translog.BaseTranslogReader.read(BaseTranslogReader.java:114)
	at org.elasticsearch.index.translog.TranslogSnapshot.readOperation(TranslogSnapshot.java:70)
	at org.elasticsearch.index.translog.TranslogSnapshot.next(TranslogSnapshot.java:61)
	at org.elasticsearch.index.translog.MultiSnapshot.next(MultiSnapshot.java:53)
	at org.elasticsearch.index.engine.InternalEngine.recoverFromTranslog(InternalEngine.java:237)
	... 18 more
Caused by: TranslogCorruptedException[translog stream is corrupted, expected: 0xa94db8f6, got: 0x68c36736]
	at org.elasticsearch.index.translog.Translog.verifyChecksum(Translog.java:1091)
	at org.elasticsearch.index.translog.Translog.readOperation(Translog.java:1123)
	... 23 more
[2016-03-29 17:31:12,983][WARN ][org.elasticsearch.cluster.action.shard] [node_s0] [test][0] received shard failed for [test][0], node[Y27JbEqhQsSb7nUkvqXFqw], [P], v[3], s[INITIALIZING], a[id=zfE27mJzRjqHHD0AvRGw-g], unassigned_info[[reason=ALLOCATION_FAILED], at[2016-03-29T21:31:12.968Z], details[failed recovery, failure IndexShardRecoveryException[failed to recovery from gateway]; nested: EngineCreationFailureException[failed to recover from translog]; nested: EngineException[failed to recover from translog]; nested: TranslogCorruptedException[translog corruption while reading from stream]; nested: TranslogCorruptedException[translog stream is corrupted, expected: 0xa94db8f6, got: 0x68c36736]; ]], indexUUID [1CWRzkvfRB-D3v8U1_ZpEQ], message [failed recovery], failure [IndexShardRecoveryException[failed to recovery from gateway]; nested: EngineCreationFailureException[failed to recover from translog]; nested: EngineException[failed to recover from translog]; nested: TranslogCorruptedException[translog corruption while reading from stream]; nested: TranslogCorruptedException[translog stream is corrupted, expected: 0xa94db8f6, got: 0x68c36736]; ]
[test][[test][0]] IndexShardRecoveryException[failed to recovery from gateway]; nested: EngineCreationFailureException[failed to recover from translog]; nested: EngineException[failed to recover from translog]; nested: TranslogCorruptedException[translog corruption while reading from stream]; nested: TranslogCorruptedException[translog stream is corrupted, expected: 0xa94db8f6, got: 0x68c36736];
	at org.elasticsearch.index.shard.StoreRecovery.internalRecoverFromStore(StoreRecovery.java:234)
	at org.elasticsearch.index.shard.StoreRecovery.lambda$recoverFromStore$184(StoreRecovery.java:77)
	at org.elasticsearch.index.shard.StoreRecovery$$Lambda$696/1752519311.run(Unknown Source)
	at org.elasticsearch.index.shard.StoreRecovery.executeRecovery(StoreRecovery.java:122)
	at org.elasticsearch.index.shard.StoreRecovery.recoverFromStore(StoreRecovery.java:75)
	at org.elasticsearch.index.shard.IndexShard.recoverFromStore(IndexShard.java:1059)
	at org.elasticsearch.indices.cluster.IndicesClusterStateService.lambda$applyInitializingShard$190(IndicesClusterStateService.java:648)
	at org.elasticsearch.indices.cluster.IndicesClusterStateService$$Lambda$694/1687235994.run(Unknown Source)
	at java.util.concurrent.ThreadPoolExecutor.runWorker(ThreadPoolExecutor.java:1142)
	at java.util.concurrent.ThreadPoolExecutor$Worker.run(ThreadPoolExecutor.java:617)
	at java.lang.Thread.run(Thread.java:745)
Caused by: [test][[test][0]] EngineCreationFailureException[failed to recover from translog]; nested: EngineException[failed to recover from translog]; nested: TranslogCorruptedException[translog corruption while reading from stream]; nested: TranslogCorruptedException[translog stream is corrupted, expected: 0xa94db8f6, got: 0x68c36736];
	at org.elasticsearch.index.engine.InternalEngine.<init>(InternalEngine.java:175)
	at org.elasticsearch.test.engine.MockInternalEngine.<init>(MockInternalEngine.java:36)
	at org.elasticsearch.test.engine.MockEngineFactory.newReadWriteEngine(MockEngineFactory.java:36)
	at org.elasticsearch.index.shard.IndexShard.newEngine(IndexShard.java:1310)
	at org.elasticsearch.index.shard.IndexShard.createNewEngine(IndexShard.java:1305)
	at org.elasticsearch.index.shard.IndexShard.internalPerformTranslogRecovery(IndexShard.java:888)
	at org.elasticsearch.index.shard.IndexShard.performTranslogRecovery(IndexShard.java:866)
	at org.elasticsearch.index.shard.StoreRecovery.internalRecoverFromStore(StoreRecovery.java:230)
	... 10 more
Caused by: [test][[test][0]] EngineException[failed to recover from translog]; nested: TranslogCorruptedException[translog corruption while reading from stream]; nested: TranslogCorruptedException[translog stream is corrupted, expected: 0xa94db8f6, got: 0x68c36736];
	at org.elasticsearch.index.engine.InternalEngine.recoverFromTranslog(InternalEngine.java:251)
	at org.elasticsearch.index.engine.InternalEngine.<init>(InternalEngine.java:172)
	... 17 more
Caused by: TranslogCorruptedException[translog corruption while reading from stream]; nested: TranslogCorruptedException[translog stream is corrupted, expected: 0xa94db8f6, got: 0x68c36736];
	at org.elasticsearch.index.translog.Translog.readOperation(Translog.java:1133)
	at org.elasticsearch.index.translog.BaseTranslogReader.read(BaseTranslogReader.java:114)
	at org.elasticsearch.index.translog.TranslogSnapshot.readOperation(TranslogSnapshot.java:70)
	at org.elasticsearch.index.translog.TranslogSnapshot.next(TranslogSnapshot.java:61)
	at org.elasticsearch.index.translog.MultiSnapshot.next(MultiSnapshot.java:53)
	at org.elasticsearch.index.engine.InternalEngine.recoverFromTranslog(InternalEngine.java:237)
	... 18 more
Caused by: TranslogCorruptedException[translog stream is corrupted, expected: 0xa94db8f6, got: 0x68c36736]
	at org.elasticsearch.index.translog.Translog.verifyChecksum(Translog.java:1091)
	at org.elasticsearch.index.translog.Translog.readOperation(Translog.java:1123)
	... 23 more
[2016-03-29 17:31:12,999][WARN ][org.elasticsearch.indices.cluster] [node_s0] [[test][0]] marking and sending shard failed due to [failed recovery]
[test][[test][0]] IndexShardRecoveryException[failed to recovery from gateway]; nested: EngineCreationFailureException[failed to recover from translog]; nested: EngineException[failed to recover from translog]; nested: TranslogCorruptedException[translog corruption while reading from stream]; nested: TranslogCorruptedException[translog stream is corrupted, expected: 0xa94db8f6, got: 0x68c36736];
	at org.elasticsearch.index.shard.StoreRecovery.internalRecoverFromStore(StoreRecovery.java:234)
	at org.elasticsearch.index.shard.StoreRecovery.lambda$recoverFromStore$184(StoreRecovery.java:77)
	at org.elasticsearch.index.shard.StoreRecovery$$Lambda$696/1752519311.run(Unknown Source)
	at org.elasticsearch.index.shard.StoreRecovery.executeRecovery(StoreRecovery.java:122)
	at org.elasticsearch.index.shard.StoreRecovery.recoverFromStore(StoreRecovery.java:75)
	at org.elasticsearch.index.shard.IndexShard.recoverFromStore(IndexShard.java:1059)
	at org.elasticsearch.indices.cluster.IndicesClusterStateService.lambda$applyInitializingShard$190(IndicesClusterStateService.java:648)
	at org.elasticsearch.indices.cluster.IndicesClusterStateService$$Lambda$694/1687235994.run(Unknown Source)
	at java.util.concurrent.ThreadPoolExecutor.runWorker(ThreadPoolExecutor.java:1142)
	at java.util.concurrent.ThreadPoolExecutor$Worker.run(ThreadPoolExecutor.java:617)
	at java.lang.Thread.run(Thread.java:745)
Caused by: [test][[test][0]] EngineCreationFailureException[failed to recover from translog]; nested: EngineException[failed to recover from translog]; nested: TranslogCorruptedException[translog corruption while reading from stream]; nested: TranslogCorruptedException[translog stream is corrupted, expected: 0xa94db8f6, got: 0x68c36736];
	at org.elasticsearch.index.engine.InternalEngine.<init>(InternalEngine.java:175)
	at org.elasticsearch.test.engine.MockInternalEngine.<init>(MockInternalEngine.java:36)
	at org.elasticsearch.test.engine.MockEngineFactory.newReadWriteEngine(MockEngineFactory.java:36)
	at org.elasticsearch.index.shard.IndexShard.newEngine(IndexShard.java:1310)
	at org.elasticsearch.index.shard.IndexShard.createNewEngine(IndexShard.java:1305)
	at org.elasticsearch.index.shard.IndexShard.internalPerformTranslogRecovery(IndexShard.java:888)
	at org.elasticsearch.index.shard.IndexShard.performTranslogRecovery(IndexShard.java:866)
	at org.elasticsearch.index.shard.StoreRecovery.internalRecoverFromStore(StoreRecovery.java:230)
	... 10 more
Caused by: [test][[test][0]] EngineException[failed to recover from translog]; nested: TranslogCorruptedException[translog corruption while reading from stream]; nested: TranslogCorruptedException[translog stream is corrupted, expected: 0xa94db8f6, got: 0x68c36736];
	at org.elasticsearch.index.engine.InternalEngine.recoverFromTranslog(InternalEngine.java:251)
	at org.elasticsearch.index.engine.InternalEngine.<init>(InternalEngine.java:172)
	... 17 more
Caused by: TranslogCorruptedException[translog corruption while reading from stream]; nested: TranslogCorruptedException[translog stream is corrupted, expected: 0xa94db8f6, got: 0x68c36736];
	at org.elasticsearch.index.translog.Translog.readOperation(Translog.java:1133)
	at org.elasticsearch.index.translog.BaseTranslogReader.read(BaseTranslogReader.java:114)
	at org.elasticsearch.index.translog.TranslogSnapshot.readOperation(TranslogSnapshot.java:70)
	at org.elasticsearch.index.translog.TranslogSnapshot.next(TranslogSnapshot.java:61)
	at org.elasticsearch.index.translog.MultiSnapshot.next(MultiSnapshot.java:53)
	at org.elasticsearch.index.engine.InternalEngine.recoverFromTranslog(InternalEngine.java:237)
	... 18 more
Caused by: TranslogCorruptedException[translog stream is corrupted, expected: 0xa94db8f6, got: 0x68c36736]
	at org.elasticsearch.index.translog.Translog.verifyChecksum(Translog.java:1091)
	at org.elasticsearch.index.translog.Translog.readOperation(Translog.java:1123)
	... 23 more
[2016-03-29 17:31:12,999][WARN ][org.elasticsearch.cluster.action.shard] [node_s0] [test][0] received shard failed for [test][0], node[Y27JbEqhQsSb7nUkvqXFqw], [P], v[3], s[INITIALIZING], a[id=4W8vsKf2RnCwbsuo0WMFJA], unassigned_info[[reason=ALLOCATION_FAILED], at[2016-03-29T21:31:12.984Z], details[failed recovery, failure IndexShardRecoveryException[failed to recovery from gateway]; nested: EngineCreationFailureException[failed to recover from translog]; nested: EngineException[failed to recover from translog]; nested: TranslogCorruptedException[translog corruption while reading from stream]; nested: TranslogCorruptedException[translog stream is corrupted, expected: 0xa94db8f6, got: 0x68c36736]; ]], indexUUID [1CWRzkvfRB-D3v8U1_ZpEQ], message [failed recovery], failure [IndexShardRecoveryException[failed to recovery from gateway]; nested: EngineCreationFailureException[failed to recover from translog]; nested: EngineException[failed to recover from translog]; nested: TranslogCorruptedException[translog corruption while reading from stream]; nested: TranslogCorruptedException[translog stream is corrupted, expected: 0xa94db8f6, got: 0x68c36736]; ]
[test][[test][0]] IndexShardRecoveryException[failed to recovery from gateway]; nested: EngineCreationFailureException[failed to recover from translog]; nested: EngineException[failed to recover from translog]; nested: TranslogCorruptedException[translog corruption while reading from stream]; nested: TranslogCorruptedException[translog stream is corrupted, expected: 0xa94db8f6, got: 0x68c36736];
	at org.elasticsearch.index.shard.StoreRecovery.internalRecoverFromStore(StoreRecovery.java:234)
	at org.elasticsearch.index.shard.StoreRecovery.lambda$recoverFromStore$184(StoreRecovery.java:77)
	at org.elasticsearch.index.shard.StoreRecovery$$Lambda$696/1752519311.run(Unknown Source)
	at org.elasticsearch.index.shard.StoreRecovery.executeRecovery(StoreRecovery.java:122)
	at org.elasticsearch.index.shard.StoreRecovery.recoverFromStore(StoreRecovery.java:75)
	at org.elasticsearch.index.shard.IndexShard.recoverFromStore(IndexShard.java:1059)
	at org.elasticsearch.indices.cluster.IndicesClusterStateService.lambda$applyInitializingShard$190(IndicesClusterStateService.java:648)
	at org.elasticsearch.indices.cluster.IndicesClusterStateService$$Lambda$694/1687235994.run(Unknown Source)
	at java.util.concurrent.ThreadPoolExecutor.runWorker(ThreadPoolExecutor.java:1142)
	at java.util.concurrent.ThreadPoolExecutor$Worker.run(ThreadPoolExecutor.java:617)
	at java.lang.Thread.run(Thread.java:745)
Caused by: [test][[test][0]] EngineCreationFailureException[failed to recover from translog]; nested: EngineException[failed to recover from translog]; nested: TranslogCorruptedException[translog corruption while reading from stream]; nested: TranslogCorruptedException[translog stream is corrupted, expected: 0xa94db8f6, got: 0x68c36736];
	at org.elasticsearch.index.engine.InternalEngine.<init>(InternalEngine.java:175)
	at org.elasticsearch.test.engine.MockInternalEngine.<init>(MockInternalEngine.java:36)
	at org.elasticsearch.test.engine.MockEngineFactory.newReadWriteEngine(MockEngineFactory.java:36)
	at org.elasticsearch.index.shard.IndexShard.newEngine(IndexShard.java:1310)
	at org.elasticsearch.index.shard.IndexShard.createNewEngine(IndexShard.java:1305)
	at org.elasticsearch.index.shard.IndexShard.internalPerformTranslogRecovery(IndexShard.java:888)
	at org.elasticsearch.index.shard.IndexShard.performTranslogRecovery(IndexShard.java:866)
	at org.elasticsearch.index.shard.StoreRecovery.internalRecoverFromStore(StoreRecovery.java:230)
	... 10 more
Caused by: [test][[test][0]] EngineException[failed to recover from translog]; nested: TranslogCorruptedException[translog corruption while reading from stream]; nested: TranslogCorruptedException[translog stream is corrupted, expected: 0xa94db8f6, got: 0x68c36736];
	at org.elasticsearch.index.engine.InternalEngine.recoverFromTranslog(InternalEngine.java:251)
	at org.elasticsearch.index.engine.InternalEngine.<init>(InternalEngine.java:172)
	... 17 more
Caused by: TranslogCorruptedException[translog corruption while reading from stream]; nested: TranslogCorruptedException[translog stream is corrupted, expected: 0xa94db8f6, got: 0x68c36736];
	at org.elasticsearch.index.translog.Translog.readOperation(Translog.java:1133)
	at org.elasticsearch.index.translog.BaseTranslogReader.read(BaseTranslogReader.java:114)
	at org.elasticsearch.index.translog.TranslogSnapshot.readOperation(TranslogSnapshot.java:70)
	at org.elasticsearch.index.translog.TranslogSnapshot.next(TranslogSnapshot.java:61)
	at org.elasticsearch.index.translog.MultiSnapshot.next(MultiSnapshot.java:53)
	at org.elasticsearch.index.engine.InternalEngine.recoverFromTranslog(InternalEngine.java:237)
	... 18 more
Caused by: TranslogCorruptedException[translog stream is corrupted, expected: 0xa94db8f6, got: 0x68c36736]
	at org.elasticsearch.index.translog.Translog.verifyChecksum(Translog.java:1091)
	at org.elasticsearch.index.translog.Translog.readOperation(Translog.java:1123)
	... 23 more
[2016-03-29 17:31:13,011][WARN ][org.elasticsearch.indices.cluster] [node_s0] [[test][0]] marking and sending shard failed due to [failed recovery]
[test][[test][0]] IndexShardRecoveryException[failed to recovery from gateway]; nested: EngineCreationFailureException[failed to recover from translog]; nested: EngineException[failed to recover from translog]; nested: TranslogCorruptedException[translog corruption while reading from stream]; nested: TranslogCorruptedException[translog stream is corrupted, expected: 0xa94db8f6, got: 0x68c36736];
	at org.elasticsearch.index.shard.StoreRecovery.internalRecoverFromStore(StoreRecovery.java:234)
	at org.elasticsearch.index.shard.StoreRecovery.lambda$recoverFromStore$184(StoreRecovery.java:77)
	at org.elasticsearch.index.shard.StoreRecovery$$Lambda$696/1752519311.run(Unknown Source)
	at org.elasticsearch.index.shard.StoreRecovery.executeRecovery(StoreRecovery.java:122)
	at org.elasticsearch.index.shard.StoreRecovery.recoverFromStore(StoreRecovery.java:75)
	at org.elasticsearch.index.shard.IndexShard.recoverFromStore(IndexShard.java:1059)
	at org.elasticsearch.indices.cluster.IndicesClusterStateService.lambda$applyInitializingShard$190(IndicesClusterStateService.java:648)
	at org.elasticsearch.indices.cluster.IndicesClusterStateService$$Lambda$694/1687235994.run(Unknown Source)
	at java.util.concurrent.ThreadPoolExecutor.runWorker(ThreadPoolExecutor.java:1142)
	at java.util.concurrent.ThreadPoolExecutor$Worker.run(ThreadPoolExecutor.java:617)
	at java.lang.Thread.run(Thread.java:745)
Caused by: [test][[test][0]] EngineCreationFailureException[failed to recover from translog]; nested: EngineException[failed to recover from translog]; nested: TranslogCorruptedException[translog corruption while reading from stream]; nested: TranslogCorruptedException[translog stream is corrupted, expected: 0xa94db8f6, got: 0x68c36736];
	at org.elasticsearch.index.engine.InternalEngine.<init>(InternalEngine.java:175)
	at org.elasticsearch.test.engine.MockInternalEngine.<init>(MockInternalEngine.java:36)
	at org.elasticsearch.test.engine.MockEngineFactory.newReadWriteEngine(MockEngineFactory.java:36)
	at org.elasticsearch.index.shard.IndexShard.newEngine(IndexShard.java:1310)
	at org.elasticsearch.index.shard.IndexShard.createNewEngine(IndexShard.java:1305)
	at org.elasticsearch.index.shard.IndexShard.internalPerformTranslogRecovery(IndexShard.java:888)
	at org.elasticsearch.index.shard.IndexShard.performTranslogRecovery(IndexShard.java:866)
	at org.elasticsearch.index.shard.StoreRecovery.internalRecoverFromStore(StoreRecovery.java:230)
	... 10 more
Caused by: [test][[test][0]] EngineException[failed to recover from translog]; nested: TranslogCorruptedException[translog corruption while reading from stream]; nested: TranslogCorruptedException[translog stream is corrupted, expected: 0xa94db8f6, got: 0x68c36736];
	at org.elasticsearch.index.engine.InternalEngine.recoverFromTranslog(InternalEngine.java:251)
	at org.elasticsearch.index.engine.InternalEngine.<init>(InternalEngine.java:172)
	... 17 more
Caused by: TranslogCorruptedException[translog corruption while reading from stream]; nested: TranslogCorruptedException[translog stream is corrupted, expected: 0xa94db8f6, got: 0x68c36736];
	at org.elasticsearch.index.translog.Translog.readOperation(Translog.java:1133)
	at org.elasticsearch.index.translog.BaseTranslogReader.read(BaseTranslogReader.java:114)
	at org.elasticsearch.index.translog.TranslogSnapshot.readOperation(TranslogSnapshot.java:70)
	at org.elasticsearch.index.translog.TranslogSnapshot.next(TranslogSnapshot.java:61)
	at org.elasticsearch.index.translog.MultiSnapshot.next(MultiSnapshot.java:53)
	at org.elasticsearch.index.engine.InternalEngine.recoverFromTranslog(InternalEngine.java:237)
	... 18 more
Caused by: TranslogCorruptedException[translog stream is corrupted, expected: 0xa94db8f6, got: 0x68c36736]
	at org.elasticsearch.index.translog.Translog.verifyChecksum(Translog.java:1091)
	at org.elasticsearch.index.translog.Translog.readOperation(Translog.java:1123)
	... 23 more
[2016-03-29 17:31:13,013][WARN ][org.elasticsearch.cluster.action.shard] [node_s0] [test][0] received shard failed for [test][0], node[Y27JbEqhQsSb7nUkvqXFqw], [P], v[3], s[INITIALIZING], a[id=XTJTxIwoQ1ikLCbVJqwjrQ], unassigned_info[[reason=ALLOCATION_FAILED], at[2016-03-29T21:31:13.000Z], details[failed recovery, failure IndexShardRecoveryException[failed to recovery from gateway]; nested: EngineCreationFailureException[failed to recover from translog]; nested: EngineException[failed to recover from translog]; nested: TranslogCorruptedException[translog corruption while reading from stream]; nested: TranslogCorruptedException[translog stream is corrupted, expected: 0xa94db8f6, got: 0x68c36736]; ]], indexUUID [1CWRzkvfRB-D3v8U1_ZpEQ], message [failed recovery], failure [IndexShardRecoveryException[failed to recovery from gateway]; nested: EngineCreationFailureException[failed to recover from translog]; nested: EngineException[failed to recover from translog]; nested: TranslogCorruptedException[translog corruption while reading from stream]; nested: TranslogCorruptedException[translog stream is corrupted, expected: 0xa94db8f6, got: 0x68c36736]; ]
[test][[test][0]] IndexShardRecoveryException[failed to recovery from gateway]; nested: EngineCreationFailureException[failed to recover from translog]; nested: EngineException[failed to recover from translog]; nested: TranslogCorruptedException[translog corruption while reading from stream]; nested: TranslogCorruptedException[translog stream is corrupted, expected: 0xa94db8f6, got: 0x68c36736];
	at org.elasticsearch.index.shard.StoreRecovery.internalRecoverFromStore(StoreRecovery.java:234)
	at org.elasticsearch.index.shard.StoreRecovery.lambda$recoverFromStore$184(StoreRecovery.java:77)
	at org.elasticsearch.index.shard.StoreRecovery$$Lambda$696/1752519311.run(Unknown Source)
	at org.elasticsearch.index.shard.StoreRecovery.executeRecovery(StoreRecovery.java:122)
	at org.elasticsearch.index.shard.StoreRecovery.recoverFromStore(StoreRecovery.java:75)
	at org.elasticsearch.index.shard.IndexShard.recoverFromStore(IndexShard.java:1059)
	at org.elasticsearch.indices.cluster.IndicesClusterStateService.lambda$applyInitializingShard$190(IndicesClusterStateService.java:648)
	at org.elasticsearch.indices.cluster.IndicesClusterStateService$$Lambda$694/1687235994.run(Unknown Source)
	at java.util.concurrent.ThreadPoolExecutor.runWorker(ThreadPoolExecutor.java:1142)
	at java.util.concurrent.ThreadPoolExecutor$Worker.run(ThreadPoolExecutor.java:617)
	at java.lang.Thread.run(Thread.java:745)
Caused by: [test][[test][0]] EngineCreationFailureException[failed to recover from translog]; nested: EngineException[failed to recover from translog]; nested: TranslogCorruptedException[translog corruption while reading from stream]; nested: TranslogCorruptedException[translog stream is corrupted, expected: 0xa94db8f6, got: 0x68c36736];
	at org.elasticsearch.index.engine.InternalEngine.<init>(InternalEngine.java:175)
	at org.elasticsearch.test.engine.MockInternalEngine.<init>(MockInternalEngine.java:36)
	at org.elasticsearch.test.engine.MockEngineFactory.newReadWriteEngine(MockEngineFactory.java:36)
	at org.elasticsearch.index.shard.IndexShard.newEngine(IndexShard.java:1310)
	at org.elasticsearch.index.shard.IndexShard.createNewEngine(IndexShard.java:1305)
	at org.elasticsearch.index.shard.IndexShard.internalPerformTranslogRecovery(IndexShard.java:888)
	at org.elasticsearch.index.shard.IndexShard.performTranslogRecovery(IndexShard.java:866)
	at org.elasticsearch.index.shard.StoreRecovery.internalRecoverFromStore(StoreRecovery.java:230)
	... 10 more
Caused by: [test][[test][0]] EngineException[failed to recover from translog]; nested: TranslogCorruptedException[translog corruption while reading from stream]; nested: TranslogCorruptedException[translog stream is corrupted, expected: 0xa94db8f6, got: 0x68c36736];
	at org.elasticsearch.index.engine.InternalEngine.recoverFromTranslog(InternalEngine.java:251)
	at org.elasticsearch.index.engine.InternalEngine.<init>(InternalEngine.java:172)
	... 17 more
Caused by: TranslogCorruptedException[translog corruption while reading from stream]; nested: TranslogCorruptedException[translog stream is corrupted, expected: 0xa94db8f6, got: 0x68c36736];
	at org.elasticsearch.index.translog.Translog.readOperation(Translog.java:1133)
	at org.elasticsearch.index.translog.BaseTranslogReader.read(BaseTranslogReader.java:114)
	at org.elasticsearch.index.translog.TranslogSnapshot.readOperation(TranslogSnapshot.java:70)
	at org.elasticsearch.index.translog.TranslogSnapshot.next(TranslogSnapshot.java:61)
	at org.elasticsearch.index.translog.MultiSnapshot.next(MultiSnapshot.java:53)
	at org.elasticsearch.index.engine.InternalEngine.recoverFromTranslog(InternalEngine.java:237)
	... 18 more
Caused by: TranslogCorruptedException[translog stream is corrupted, expected: 0xa94db8f6, got: 0x68c36736]
	at org.elasticsearch.index.translog.Translog.verifyChecksum(Translog.java:1091)
	at org.elasticsearch.index.translog.Translog.readOperation(Translog.java:1123)
	... 23 more
[2016-03-29 17:31:13,025][WARN ][org.elasticsearch.indices.cluster] [node_s0] [[test][0]] marking and sending shard failed due to [failed recovery]
[test][[test][0]] IndexShardRecoveryException[failed to recovery from gateway]; nested: EngineCreationFailureException[failed to recover from translog]; nested: EngineException[failed to recover from translog]; nested: TranslogCorruptedException[translog corruption while reading from stream]; nested: TranslogCorruptedException[translog stream is corrupted, expected: 0xa94db8f6, got: 0x68c36736];
	at org.elasticsearch.index.shard.StoreRecovery.internalRecoverFromStore(StoreRecovery.java:234)
	at org.elasticsearch.index.shard.StoreRecovery.lambda$recoverFromStore$184(StoreRecovery.java:77)
	at org.elasticsearch.index.shard.StoreRecovery$$Lambda$696/1752519311.run(Unknown Source)
	at org.elasticsearch.index.shard.StoreRecovery.executeRecovery(StoreRecovery.java:122)
	at org.elasticsearch.index.shard.StoreRecovery.recoverFromStore(StoreRecovery.java:75)
	at org.elasticsearch.index.shard.IndexShard.recoverFromStore(IndexShard.java:1059)
	at org.elasticsearch.indices.cluster.IndicesClusterStateService.lambda$applyInitializingShard$190(IndicesClusterStateService.java:648)
	at org.elasticsearch.indices.cluster.IndicesClusterStateService$$Lambda$694/1687235994.run(Unknown Source)
	at java.util.concurrent.ThreadPoolExecutor.runWorker(ThreadPoolExecutor.java:1142)
	at java.util.concurrent.ThreadPoolExecutor$Worker.run(ThreadPoolExecutor.java:617)
	at java.lang.Thread.run(Thread.java:745)
Caused by: [test][[test][0]] EngineCreationFailureException[failed to recover from translog]; nested: EngineException[failed to recover from translog]; nested: TranslogCorruptedException[translog corruption while reading from stream]; nested: TranslogCorruptedException[translog stream is corrupted, expected: 0xa94db8f6, got: 0x68c36736];
	at org.elasticsearch.index.engine.InternalEngine.<init>(InternalEngine.java:175)
	at org.elasticsearch.test.engine.MockInternalEngine.<init>(MockInternalEngine.java:36)
	at org.elasticsearch.test.engine.MockEngineFactory.newReadWriteEngine(MockEngineFactory.java:36)
	at org.elasticsearch.index.shard.IndexShard.newEngine(IndexShard.java:1310)
	at org.elasticsearch.index.shard.IndexShard.createNewEngine(IndexShard.java:1305)
	at org.elasticsearch.index.shard.IndexShard.internalPerformTranslogRecovery(IndexShard.java:888)
	at org.elasticsearch.index.shard.IndexShard.performTranslogRecovery(IndexShard.java:866)
	at org.elasticsearch.index.shard.StoreRecovery.internalRecoverFromStore(StoreRecovery.java:230)
	... 10 more
Caused by: [test][[test][0]] EngineException[failed to recover from translog]; nested: TranslogCorruptedException[translog corruption while reading from stream]; nested: TranslogCorruptedException[translog stream is corrupted, expected: 0xa94db8f6, got: 0x68c36736];
	at org.elasticsearch.index.engine.InternalEngine.recoverFromTranslog(InternalEngine.java:251)
	at org.elasticsearch.index.engine.InternalEngine.<init>(InternalEngine.java:172)
	... 17 more
Caused by: TranslogCorruptedException[translog corruption while reading from stream]; nested: TranslogCorruptedException[translog stream is corrupted, expected: 0xa94db8f6, got: 0x68c36736];
	at org.elasticsearch.index.translog.Translog.readOperation(Translog.java:1133)
	at org.elasticsearch.index.translog.BaseTranslogReader.read(BaseTranslogReader.java:114)
	at org.elasticsearch.index.translog.TranslogSnapshot.readOperation(TranslogSnapshot.java:70)
	at org.elasticsearch.index.translog.TranslogSnapshot.next(TranslogSnapshot.java:61)
	at org.elasticsearch.index.translog.MultiSnapshot.next(MultiSnapshot.java:53)
	at org.elasticsearch.index.engine.InternalEngine.recoverFromTranslog(InternalEngine.java:237)
	... 18 more
Caused by: TranslogCorruptedException[translog stream is corrupted, expected: 0xa94db8f6, got: 0x68c36736]
	at org.elasticsearch.index.translog.Translog.verifyChecksum(Translog.java:1091)
	at org.elasticsearch.index.translog.Translog.readOperation(Translog.java:1123)
	... 23 more
[2016-03-29 17:31:13,026][WARN ][org.elasticsearch.cluster.action.shard] [node_s0] [test][0] received shard failed for [test][0], node[Y27JbEqhQsSb7nUkvqXFqw], [P], v[3], s[INITIALIZING], a[id=v3IltmbrQlyIt7fTLhEmPg], unassigned_info[[reason=ALLOCATION_FAILED], at[2016-03-29T21:31:13.013Z], details[failed recovery, failure IndexShardRecoveryException[failed to recovery from gateway]; nested: EngineCreationFailureException[failed to recover from translog]; nested: EngineException[failed to recover from translog]; nested: TranslogCorruptedException[translog corruption while reading from stream]; nested: TranslogCorruptedException[translog stream is corrupted, expected: 0xa94db8f6, got: 0x68c36736]; ]], indexUUID [1CWRzkvfRB-D3v8U1_ZpEQ], message [failed recovery], failure [IndexShardRecoveryException[failed to recovery from gateway]; nested: EngineCreationFailureException[failed to recover from translog]; nested: EngineException[failed to recover from translog]; nested: TranslogCorruptedException[translog corruption while reading from stream]; nested: TranslogCorruptedException[translog stream is corrupted, expected: 0xa94db8f6, got: 0x68c36736]; ]
[test][[test][0]] IndexShardRecoveryException[failed to recovery from gateway]; nested: EngineCreationFailureException[failed to recover from translog]; nested: EngineException[failed to recover from translog]; nested: TranslogCorruptedException[translog corruption while reading from stream]; nested: TranslogCorruptedException[translog stream is corrupted, expected: 0xa94db8f6, got: 0x68c36736];
	at org.elasticsearch.index.shard.StoreRecovery.internalRecoverFromStore(StoreRecovery.java:234)
	at org.elasticsearch.index.shard.StoreRecovery.lambda$recoverFromStore$184(StoreRecovery.java:77)
	at org.elasticsearch.index.shard.StoreRecovery$$Lambda$696/1752519311.run(Unknown Source)
	at org.elasticsearch.index.shard.StoreRecovery.executeRecovery(StoreRecovery.java:122)
	at org.elasticsearch.index.shard.StoreRecovery.recoverFromStore(StoreRecovery.java:75)
	at org.elasticsearch.index.shard.IndexShard.recoverFromStore(IndexShard.java:1059)
	at org.elasticsearch.indices.cluster.IndicesClusterStateService.lambda$applyInitializingShard$190(IndicesClusterStateService.java:648)
	at org.elasticsearch.indices.cluster.IndicesClusterStateService$$Lambda$694/1687235994.run(Unknown Source)
	at java.util.concurrent.ThreadPoolExecutor.runWorker(ThreadPoolExecutor.java:1142)
	at java.util.concurrent.ThreadPoolExecutor$Worker.run(ThreadPoolExecutor.java:617)
	at java.lang.Thread.run(Thread.java:745)
Caused by: [test][[test][0]] EngineCreationFailureException[failed to recover from translog]; nested: EngineException[failed to recover from translog]; nested: TranslogCorruptedException[translog corruption while reading from stream]; nested: TranslogCorruptedException[translog stream is corrupted, expected: 0xa94db8f6, got: 0x68c36736];
	at org.elasticsearch.index.engine.InternalEngine.<init>(InternalEngine.java:175)
	at org.elasticsearch.test.engine.MockInternalEngine.<init>(MockInternalEngine.java:36)
	at org.elasticsearch.test.engine.MockEngineFactory.newReadWriteEngine(MockEngineFactory.java:36)
	at org.elasticsearch.index.shard.IndexShard.newEngine(IndexShard.java:1310)
	at org.elasticsearch.index.shard.IndexShard.createNewEngine(IndexShard.java:1305)
	at org.elasticsearch.index.shard.IndexShard.internalPerformTranslogRecovery(IndexShard.java:888)
	at org.elasticsearch.index.shard.IndexShard.performTranslogRecovery(IndexShard.java:866)
	at org.elasticsearch.index.shard.StoreRecovery.internalRecoverFromStore(StoreRecovery.java:230)
	... 10 more
Caused by: [test][[test][0]] EngineException[failed to recover from translog]; nested: TranslogCorruptedException[translog corruption while reading from stream]; nested: TranslogCorruptedException[translog stream is corrupted, expected: 0xa94db8f6, got: 0x68c36736];
	at org.elasticsearch.index.engine.InternalEngine.recoverFromTranslog(InternalEngine.java:251)
	at org.elasticsearch.index.engine.InternalEngine.<init>(InternalEngine.java:172)
	... 17 more
Caused by: TranslogCorruptedException[translog corruption while reading from stream]; nested: TranslogCorruptedException[translog stream is corrupted, expected: 0xa94db8f6, got: 0x68c36736];
	at org.elasticsearch.index.translog.Translog.readOperation(Translog.java:1133)
	at org.elasticsearch.index.translog.BaseTranslogReader.read(BaseTranslogReader.java:114)
	at org.elasticsearch.index.translog.TranslogSnapshot.readOperation(TranslogSnapshot.java:70)
	at org.elasticsearch.index.translog.TranslogSnapshot.next(TranslogSnapshot.java:61)
	at org.elasticsearch.index.translog.MultiSnapshot.next(MultiSnapshot.java:53)
	at org.elasticsearch.index.engine.InternalEngine.recoverFromTranslog(InternalEngine.java:237)
	... 18 more
Caused by: TranslogCorruptedException[translog stream is corrupted, expected: 0xa94db8f6, got: 0x68c36736]
	at org.elasticsearch.index.translog.Translog.verifyChecksum(Translog.java:1091)
	at org.elasticsearch.index.translog.Translog.readOperation(Translog.java:1123)
	... 23 more
[2016-03-29 17:31:13,040][WARN ][org.elasticsearch.indices.cluster] [node_s0] [[test][0]] marking and sending shard failed due to [failed recovery]
[test][[test][0]] IndexShardRecoveryException[failed to recovery from gateway]; nested: EngineCreationFailureException[failed to recover from translog]; nested: EngineException[failed to recover from translog]; nested: TranslogCorruptedException[translog corruption while reading from stream]; nested: TranslogCorruptedException[translog stream is corrupted, expected: 0xa94db8f6, got: 0x68c36736];
	at org.elasticsearch.index.shard.StoreRecovery.internalRecoverFromStore(StoreRecovery.java:234)
	at org.elasticsearch.index.shard.StoreRecovery.lambda$recoverFromStore$184(StoreRecovery.java:77)
	at org.elasticsearch.index.shard.StoreRecovery$$Lambda$696/1752519311.run(Unknown Source)
	at org.elasticsearch.index.shard.StoreRecovery.executeRecovery(StoreRecovery.java:122)
	at org.elasticsearch.index.shard.StoreRecovery.recoverFromStore(StoreRecovery.java:75)
	at org.elasticsearch.index.shard.IndexShard.recoverFromStore(IndexShard.java:1059)
	at org.elasticsearch.indices.cluster.IndicesClusterStateService.lambda$applyInitializingShard$190(IndicesClusterStateService.java:648)
	at org.elasticsearch.indices.cluster.IndicesClusterStateService$$Lambda$694/1687235994.run(Unknown Source)
	at java.util.concurrent.ThreadPoolExecutor.runWorker(ThreadPoolExecutor.java:1142)
	at java.util.concurrent.ThreadPoolExecutor$Worker.run(ThreadPoolExecutor.java:617)
	at java.lang.Thread.run(Thread.java:745)
Caused by: [test][[test][0]] EngineCreationFailureException[failed to recover from translog]; nested: EngineException[failed to recover from translog]; nested: TranslogCorruptedException[translog corruption while reading from stream]; nested: TranslogCorruptedException[translog stream is corrupted, expected: 0xa94db8f6, got: 0x68c36736];
	at org.elasticsearch.index.engine.InternalEngine.<init>(InternalEngine.java:175)
	at org.elasticsearch.test.engine.MockInternalEngine.<init>(MockInternalEngine.java:36)
	at org.elasticsearch.test.engine.MockEngineFactory.newReadWriteEngine(MockEngineFactory.java:36)
	at org.elasticsearch.index.shard.IndexShard.newEngine(IndexShard.java:1310)
	at org.elasticsearch.index.shard.IndexShard.createNewEngine(IndexShard.java:1305)
	at org.elasticsearch.index.shard.IndexShard.internalPerformTranslogRecovery(IndexShard.java:888)
	at org.elasticsearch.index.shard.IndexShard.performTranslogRecovery(IndexShard.java:866)
	at org.elasticsearch.index.shard.StoreRecovery.internalRecoverFromStore(StoreRecovery.java:230)
	... 10 more
Caused by: [test][[test][0]] EngineException[failed to recover from translog]; nested: TranslogCorruptedException[translog corruption while reading from stream]; nested: TranslogCorruptedException[translog stream is corrupted, expected: 0xa94db8f6, got: 0x68c36736];
	at org.elasticsearch.index.engine.InternalEngine.recoverFromTranslog(InternalEngine.java:251)
	at org.elasticsearch.index.engine.InternalEngine.<init>(InternalEngine.java:172)
	... 17 more
Caused by: TranslogCorruptedException[translog corruption while reading from stream]; nested: TranslogCorruptedException[translog stream is corrupted, expected: 0xa94db8f6, got: 0x68c36736];
	at org.elasticsearch.index.translog.Translog.readOperation(Translog.java:1133)
	at org.elasticsearch.index.translog.BaseTranslogReader.read(BaseTranslogReader.java:114)
	at org.elasticsearch.index.translog.TranslogSnapshot.readOperation(TranslogSnapshot.java:70)
	at org.elasticsearch.index.translog.TranslogSnapshot.next(TranslogSnapshot.java:61)
	at org.elasticsearch.index.translog.MultiSnapshot.next(MultiSnapshot.java:53)
	at org.elasticsearch.index.engine.InternalEngine.recoverFromTranslog(InternalEngine.java:237)
	... 18 more
Caused by: TranslogCorruptedException[translog stream is corrupted, expected: 0xa94db8f6, got: 0x68c36736]
	at org.elasticsearch.index.translog.Translog.verifyChecksum(Translog.java:1091)
	at org.elasticsearch.index.translog.Translog.readOperation(Translog.java:1123)
	... 23 more
[2016-03-29 17:31:13,041][WARN ][org.elasticsearch.cluster.action.shard] [node_s0] [test][0] received shard failed for [test][0], node[Y27JbEqhQsSb7nUkvqXFqw], [P], v[3], s[INITIALIZING], a[id=ngineSodS-Oc2j3D8hWckw], unassigned_info[[reason=ALLOCATION_FAILED], at[2016-03-29T21:31:13.026Z], details[failed recovery, failure IndexShardRecoveryException[failed to recovery from gateway]; nested: EngineCreationFailureException[failed to recover from translog]; nested: EngineException[failed to recover from translog]; nested: TranslogCorruptedException[translog corruption while reading from stream]; nested: TranslogCorruptedException[translog stream is corrupted, expected: 0xa94db8f6, got: 0x68c36736]; ]], indexUUID [1CWRzkvfRB-D3v8U1_ZpEQ], message [failed recovery], failure [IndexShardRecoveryException[failed to recovery from gateway]; nested: EngineCreationFailureException[failed to recover from translog]; nested: EngineException[failed to recover from translog]; nested: TranslogCorruptedException[translog corruption while reading from stream]; nested: TranslogCorruptedException[translog stream is corrupted, expected: 0xa94db8f6, got: 0x68c36736]; ]
[test][[test][0]] IndexShardRecoveryException[failed to recovery from gateway]; nested: EngineCreationFailureException[failed to recover from translog]; nested: EngineException[failed to recover from translog]; nested: TranslogCorruptedException[translog corruption while reading from stream]; nested: TranslogCorruptedException[translog stream is corrupted, expected: 0xa94db8f6, got: 0x68c36736];
	at org.elasticsearch.index.shard.StoreRecovery.internalRecoverFromStore(StoreRecovery.java:234)
	at org.elasticsearch.index.shard.StoreRecovery.lambda$recoverFromStore$184(StoreRecovery.java:77)
	at org.elasticsearch.index.shard.StoreRecovery$$Lambda$696/1752519311.run(Unknown Source)
	at org.elasticsearch.index.shard.StoreRecovery.executeRecovery(StoreRecovery.java:122)
	at org.elasticsearch.index.shard.StoreRecovery.recoverFromStore(StoreRecovery.java:75)
	at org.elasticsearch.index.shard.IndexShard.recoverFromStore(IndexShard.java:1059)
	at org.elasticsearch.indices.cluster.IndicesClusterStateService.lambda$applyInitializingShard$190(IndicesClusterStateService.java:648)
	at org.elasticsearch.indices.cluster.IndicesClusterStateService$$Lambda$694/1687235994.run(Unknown Source)
	at java.util.concurrent.ThreadPoolExecutor.runWorker(ThreadPoolExecutor.java:1142)
	at java.util.concurrent.ThreadPoolExecutor$Worker.run(ThreadPoolExecutor.java:617)
	at java.lang.Thread.run(Thread.java:745)
Caused by: [test][[test][0]] EngineCreationFailureException[failed to recover from translog]; nested: EngineException[failed to recover from translog]; nested: TranslogCorruptedException[translog corruption while reading from stream]; nested: TranslogCorruptedException[translog stream is corrupted, expected: 0xa94db8f6, got: 0x68c36736];
	at org.elasticsearch.index.engine.InternalEngine.<init>(InternalEngine.java:175)
	at org.elasticsearch.test.engine.MockInternalEngine.<init>(MockInternalEngine.java:36)
	at org.elasticsearch.test.engine.MockEngineFactory.newReadWriteEngine(MockEngineFactory.java:36)
	at org.elasticsearch.index.shard.IndexShard.newEngine(IndexShard.java:1310)
	at org.elasticsearch.index.shard.IndexShard.createNewEngine(IndexShard.java:1305)
	at org.elasticsearch.index.shard.IndexShard.internalPerformTranslogRecovery(IndexShard.java:888)
	at org.elasticsearch.index.shard.IndexShard.performTranslogRecovery(IndexShard.java:866)
	at org.elasticsearch.index.shard.StoreRecovery.internalRecoverFromStore(StoreRecovery.java:230)
	... 10 more
Caused by: [test][[test][0]] EngineException[failed to recover from translog]; nested: TranslogCorruptedException[translog corruption while reading from stream]; nested: TranslogCorruptedException[translog stream is corrupted, expected: 0xa94db8f6, got: 0x68c36736];
	at org.elasticsearch.index.engine.InternalEngine.recoverFromTranslog(InternalEngine.java:251)
	at org.elasticsearch.index.engine.InternalEngine.<init>(InternalEngine.java:172)
	... 17 more
Caused by: TranslogCorruptedException[translog corruption while reading from stream]; nested: TranslogCorruptedException[translog stream is corrupted, expected: 0xa94db8f6, got: 0x68c36736];
	at org.elasticsearch.index.translog.Translog.readOperation(Translog.java:1133)
	at org.elasticsearch.index.translog.BaseTranslogReader.read(BaseTranslogReader.java:114)
	at org.elasticsearch.index.translog.TranslogSnapshot.readOperation(TranslogSnapshot.java:70)
	at org.elasticsearch.index.translog.TranslogSnapshot.next(TranslogSnapshot.java:61)
	at org.elasticsearch.index.translog.MultiSnapshot.next(MultiSnapshot.java:53)
	at org.elasticsearch.index.engine.InternalEngine.recoverFromTranslog(InternalEngine.java:237)
	... 18 more
Caused by: TranslogCorruptedException[translog stream is corrupted, expected: 0xa94db8f6, got: 0x68c36736]
	at org.elasticsearch.index.translog.Translog.verifyChecksum(Translog.java:1091)
	at org.elasticsearch.index.translog.Translog.readOperation(Translog.java:1123)
	... 23 more
[2016-03-29 17:31:13,056][WARN ][org.elasticsearch.indices.cluster] [node_s0] [[test][0]] marking and sending shard failed due to [failed recovery]
[test][[test][0]] IndexShardRecoveryException[failed to recovery from gateway]; nested: EngineCreationFailureException[failed to recover from translog]; nested: EngineException[failed to recover from translog]; nested: TranslogCorruptedException[translog corruption while reading from stream]; nested: TranslogCorruptedException[translog stream is corrupted, expected: 0xa94db8f6, got: 0x68c36736];
	at org.elasticsearch.index.shard.StoreRecovery.internalRecoverFromStore(StoreRecovery.java:234)
	at org.elasticsearch.index.shard.StoreRecovery.lambda$recoverFromStore$184(StoreRecovery.java:77)
	at org.elasticsearch.index.shard.StoreRecovery$$Lambda$696/1752519311.run(Unknown Source)
	at org.elasticsearch.index.shard.StoreRecovery.executeRecovery(StoreRecovery.java:122)
	at org.elasticsearch.index.shard.StoreRecovery.recoverFromStore(StoreRecovery.java:75)
	at org.elasticsearch.index.shard.IndexShard.recoverFromStore(IndexShard.java:1059)
	at org.elasticsearch.indices.cluster.IndicesClusterStateService.lambda$applyInitializingShard$190(IndicesClusterStateService.java:648)
	at org.elasticsearch.indices.cluster.IndicesClusterStateService$$Lambda$694/1687235994.run(Unknown Source)
	at java.util.concurrent.ThreadPoolExecutor.runWorker(ThreadPoolExecutor.java:1142)
	at java.util.concurrent.ThreadPoolExecutor$Worker.run(ThreadPoolExecutor.java:617)
	at java.lang.Thread.run(Thread.java:745)
Caused by: [test][[test][0]] EngineCreationFailureException[failed to recover from translog]; nested: EngineException[failed to recover from translog]; nested: TranslogCorruptedException[translog corruption while reading from stream]; nested: TranslogCorruptedException[translog stream is corrupted, expected: 0xa94db8f6, got: 0x68c36736];
	at org.elasticsearch.index.engine.InternalEngine.<init>(InternalEngine.java:175)
	at org.elasticsearch.test.engine.MockInternalEngine.<init>(MockInternalEngine.java:36)
	at org.elasticsearch.test.engine.MockEngineFactory.newReadWriteEngine(MockEngineFactory.java:36)
	at org.elasticsearch.index.shard.IndexShard.newEngine(IndexShard.java:1310)
	at org.elasticsearch.index.shard.IndexShard.createNewEngine(IndexShard.java:1305)
	at org.elasticsearch.index.shard.IndexShard.internalPerformTranslogRecovery(IndexShard.java:888)
	at org.elasticsearch.index.shard.IndexShard.performTranslogRecovery(IndexShard.java:866)
	at org.elasticsearch.index.shard.StoreRecovery.internalRecoverFromStore(StoreRecovery.java:230)
	... 10 more
Caused by: [test][[test][0]] EngineException[failed to recover from translog]; nested: TranslogCorruptedException[translog corruption while reading from stream]; nested: TranslogCorruptedException[translog stream is corrupted, expected: 0xa94db8f6, got: 0x68c36736];
	at org.elasticsearch.index.engine.InternalEngine.recoverFromTranslog(InternalEngine.java:251)
	at org.elasticsearch.index.engine.InternalEngine.<init>(InternalEngine.java:172)
	... 17 more
Caused by: TranslogCorruptedException[translog corruption while reading from stream]; nested: TranslogCorruptedException[translog stream is corrupted, expected: 0xa94db8f6, got: 0x68c36736];
	at org.elasticsearch.index.translog.Translog.readOperation(Translog.java:1133)
	at org.elasticsearch.index.translog.BaseTranslogReader.read(BaseTranslogReader.java:114)
	at org.elasticsearch.index.translog.TranslogSnapshot.readOperation(TranslogSnapshot.java:70)
	at org.elasticsearch.index.translog.TranslogSnapshot.next(TranslogSnapshot.java:61)
	at org.elasticsearch.index.translog.MultiSnapshot.next(MultiSnapshot.java:53)
	at org.elasticsearch.index.engine.InternalEngine.recoverFromTranslog(InternalEngine.java:237)
	... 18 more
Caused by: TranslogCorruptedException[translog stream is corrupted, expected: 0xa94db8f6, got: 0x68c36736]
	at org.elasticsearch.index.translog.Translog.verifyChecksum(Translog.java:1091)
	at org.elasticsearch.index.translog.Translog.readOperation(Translog.java:1123)
	... 23 more
[2016-03-29 17:31:13,057][WARN ][org.elasticsearch.cluster.action.shard] [node_s0] [test][0] received shard failed for [test][0], node[Y27JbEqhQsSb7nUkvqXFqw], [P], v[3], s[INITIALIZING], a[id=-L75uCfxSS2zhXaM6diKow], unassigned_info[[reason=ALLOCATION_FAILED], at[2016-03-29T21:31:13.041Z], details[failed recovery, failure IndexShardRecoveryException[failed to recovery from gateway]; nested: EngineCreationFailureException[failed to recover from translog]; nested: EngineException[failed to recover from translog]; nested: TranslogCorruptedException[translog corruption while reading from stream]; nested: TranslogCorruptedException[translog stream is corrupted, expected: 0xa94db8f6, got: 0x68c36736]; ]], indexUUID [1CWRzkvfRB-D3v8U1_ZpEQ], message [failed recovery], failure [IndexShardRecoveryException[failed to recovery from gateway]; nested: EngineCreationFailureException[failed to recover from translog]; nested: EngineException[failed to recover from translog]; nested: TranslogCorruptedException[translog corruption while reading from stream]; nested: TranslogCorruptedException[translog stream is corrupted, expected: 0xa94db8f6, got: 0x68c36736]; ]
[test][[test][0]] IndexShardRecoveryException[failed to recovery from gateway]; nested: EngineCreationFailureException[failed to recover from translog]; nested: EngineException[failed to recover from translog]; nested: TranslogCorruptedException[translog corruption while reading from stream]; nested: TranslogCorruptedException[translog stream is corrupted, expected: 0xa94db8f6, got: 0x68c36736];
	at org.elasticsearch.index.shard.StoreRecovery.internalRecoverFromStore(StoreRecovery.java:234)
	at org.elasticsearch.index.shard.StoreRecovery.lambda$recoverFromStore$184(StoreRecovery.java:77)
	at org.elasticsearch.index.shard.StoreRecovery$$Lambda$696/1752519311.run(Unknown Source)
	at org.elasticsearch.index.shard.StoreRecovery.executeRecovery(StoreRecovery.java:122)
	at org.elasticsearch.index.shard.StoreRecovery.recoverFromStore(StoreRecovery.java:75)
	at org.elasticsearch.index.shard.IndexShard.recoverFromStore(IndexShard.java:1059)
	at org.elasticsearch.indices.cluster.IndicesClusterStateService.lambda$applyInitializingShard$190(IndicesClusterStateService.java:648)
	at org.elasticsearch.indices.cluster.IndicesClusterStateService$$Lambda$694/1687235994.run(Unknown Source)
	at java.util.concurrent.ThreadPoolExecutor.runWorker(ThreadPoolExecutor.java:1142)
	at java.util.concurrent.ThreadPoolExecutor$Worker.run(ThreadPoolExecutor.java:617)
	at java.lang.Thread.run(Thread.java:745)
Caused by: [test][[test][0]] EngineCreationFailureException[failed to recover from translog]; nested: EngineException[failed to recover from translog]; nested: TranslogCorruptedException[translog corruption while reading from stream]; nested: TranslogCorruptedException[translog stream is corrupted, expected: 0xa94db8f6, got: 0x68c36736];
	at org.elasticsearch.index.engine.InternalEngine.<init>(InternalEngine.java:175)
	at org.elasticsearch.test.engine.MockInternalEngine.<init>(MockInternalEngine.java:36)
	at org.elasticsearch.test.engine.MockEngineFactory.newReadWriteEngine(MockEngineFactory.java:36)
	at org.elasticsearch.index.shard.IndexShard.newEngine(IndexShard.java:1310)
	at org.elasticsearch.index.shard.IndexShard.createNewEngine(IndexShard.java:1305)
	at org.elasticsearch.index.shard.IndexShard.internalPerformTranslogRecovery(IndexShard.java:888)
	at org.elasticsearch.index.shard.IndexShard.performTranslogRecovery(IndexShard.java:866)
	at org.elasticsearch.index.shard.StoreRecovery.internalRecoverFromStore(StoreRecovery.java:230)
	... 10 more
Caused by: [test][[test][0]] EngineException[failed to recover from translog]; nested: TranslogCorruptedException[translog corruption while reading from stream]; nested: TranslogCorruptedException[translog stream is corrupted, expected: 0xa94db8f6, got: 0x68c36736];
	at org.elasticsearch.index.engine.InternalEngine.recoverFromTranslog(InternalEngine.java:251)
	at org.elasticsearch.index.engine.InternalEngine.<init>(InternalEngine.java:172)
	... 17 more
Caused by: TranslogCorruptedException[translog corruption while reading from stream]; nested: TranslogCorruptedException[translog stream is corrupted, expected: 0xa94db8f6, got: 0x68c36736];
	at org.elasticsearch.index.translog.Translog.readOperation(Translog.java:1133)
	at org.elasticsearch.index.translog.BaseTranslogReader.read(BaseTranslogReader.java:114)
	at org.elasticsearch.index.translog.TranslogSnapshot.readOperation(TranslogSnapshot.java:70)
	at org.elasticsearch.index.translog.TranslogSnapshot.next(TranslogSnapshot.java:61)
	at org.elasticsearch.index.translog.MultiSnapshot.next(MultiSnapshot.java:53)
	at org.elasticsearch.index.engine.InternalEngine.recoverFromTranslog(InternalEngine.java:237)
	... 18 more
Caused by: TranslogCorruptedException[translog stream is corrupted, expected: 0xa94db8f6, got: 0x68c36736]
	at org.elasticsearch.index.translog.Translog.verifyChecksum(Translog.java:1091)
	at org.elasticsearch.index.translog.Translog.readOperation(Translog.java:1123)
	... 23 more
[2016-03-29 17:31:13,069][WARN ][org.elasticsearch.indices.cluster] [node_s0] [[test][0]] marking and sending shard failed due to [failed recovery]
[test][[test][0]] IndexShardRecoveryException[failed to recovery from gateway]; nested: EngineCreationFailureException[failed to recover from translog]; nested: EngineException[failed to recover from translog]; nested: TranslogCorruptedException[translog corruption while reading from stream]; nested: TranslogCorruptedException[translog stream is corrupted, expected: 0xa94db8f6, got: 0x68c36736];
	at org.elasticsearch.index.shard.StoreRecovery.internalRecoverFromStore(StoreRecovery.java:234)
	at org.elasticsearch.index.shard.StoreRecovery.lambda$recoverFromStore$184(StoreRecovery.java:77)
	at org.elasticsearch.index.shard.StoreRecovery$$Lambda$696/1752519311.run(Unknown Source)
	at org.elasticsearch.index.shard.StoreRecovery.executeRecovery(StoreRecovery.java:122)
	at org.elasticsearch.index.shard.StoreRecovery.recoverFromStore(StoreRecovery.java:75)
	at org.elasticsearch.index.shard.IndexShard.recoverFromStore(IndexShard.java:1059)
	at org.elasticsearch.indices.cluster.IndicesClusterStateService.lambda$applyInitializingShard$190(IndicesClusterStateService.java:648)
	at org.elasticsearch.indices.cluster.IndicesClusterStateService$$Lambda$694/1687235994.run(Unknown Source)
	at java.util.concurrent.ThreadPoolExecutor.runWorker(ThreadPoolExecutor.java:1142)
	at java.util.concurrent.ThreadPoolExecutor$Worker.run(ThreadPoolExecutor.java:617)
	at java.lang.Thread.run(Thread.java:745)
Caused by: [test][[test][0]] EngineCreationFailureException[failed to recover from translog]; nested: EngineException[failed to recover from translog]; nested: TranslogCorruptedException[translog corruption while reading from stream]; nested: TranslogCorruptedException[translog stream is corrupted, expected: 0xa94db8f6, got: 0x68c36736];
	at org.elasticsearch.index.engine.InternalEngine.<init>(InternalEngine.java:175)
	at org.elasticsearch.test.engine.MockInternalEngine.<init>(MockInternalEngine.java:36)
	at org.elasticsearch.test.engine.MockEngineFactory.newReadWriteEngine(MockEngineFactory.java:36)
	at org.elasticsearch.index.shard.IndexShard.newEngine(IndexShard.java:1310)
	at org.elasticsearch.index.shard.IndexShard.createNewEngine(IndexShard.java:1305)
	at org.elasticsearch.index.shard.IndexShard.internalPerformTranslogRecovery(IndexShard.java:888)
	at org.elasticsearch.index.shard.IndexShard.performTranslogRecovery(IndexShard.java:866)
	at org.elasticsearch.index.shard.StoreRecovery.internalRecoverFromStore(StoreRecovery.java:230)
	... 10 more
Caused by: [test][[test][0]] EngineException[failed to recover from translog]; nested: TranslogCorruptedException[translog corruption while reading from stream]; nested: TranslogCorruptedException[translog stream is corrupted, expected: 0xa94db8f6, got: 0x68c36736];
	at org.elasticsearch.index.engine.InternalEngine.recoverFromTranslog(InternalEngine.java:251)
	at org.elasticsearch.index.engine.InternalEngine.<init>(InternalEngine.java:172)
	... 17 more
Caused by: TranslogCorruptedException[translog corruption while reading from stream]; nested: TranslogCorruptedException[translog stream is corrupted, expected: 0xa94db8f6, got: 0x68c36736];
	at org.elasticsearch.index.translog.Translog.readOperation(Translog.java:1133)
	at org.elasticsearch.index.translog.BaseTranslogReader.read(BaseTranslogReader.java:114)
	at org.elasticsearch.index.translog.TranslogSnapshot.readOperation(TranslogSnapshot.java:70)
	at org.elasticsearch.index.translog.TranslogSnapshot.next(TranslogSnapshot.java:61)
	at org.elasticsearch.index.translog.MultiSnapshot.next(MultiSnapshot.java:53)
	at org.elasticsearch.index.engine.InternalEngine.recoverFromTranslog(InternalEngine.java:237)
	... 18 more
Caused by: TranslogCorruptedException[translog stream is corrupted, expected: 0xa94db8f6, got: 0x68c36736]
	at org.elasticsearch.index.translog.Translog.verifyChecksum(Translog.java:1091)
	at org.elasticsearch.index.translog.Translog.readOperation(Translog.java:1123)
	... 23 more
[2016-03-29 17:31:13,070][WARN ][org.elasticsearch.cluster.action.shard] [node_s0] [test][0] received shard failed for [test][0], node[Y27JbEqhQsSb7nUkvqXFqw], [P], v[3], s[INITIALIZING], a[id=4Ak_g3E1RZ6tq-NTJ111sA], unassigned_info[[reason=ALLOCATION_FAILED], at[2016-03-29T21:31:13.058Z], details[failed recovery, failure IndexShardRecoveryException[failed to recovery from gateway]; nested: EngineCreationFailureException[failed to recover from translog]; nested: EngineException[failed to recover from translog]; nested: TranslogCorruptedException[translog corruption while reading from stream]; nested: TranslogCorruptedException[translog stream is corrupted, expected: 0xa94db8f6, got: 0x68c36736]; ]], indexUUID [1CWRzkvfRB-D3v8U1_ZpEQ], message [failed recovery], failure [IndexShardRecoveryException[failed to recovery from gateway]; nested: EngineCreationFailureException[failed to recover from translog]; nested: EngineException[failed to recover from translog]; nested: TranslogCorruptedException[translog corruption while reading from stream]; nested: TranslogCorruptedException[translog stream is corrupted, expected: 0xa94db8f6, got: 0x68c36736]; ]
[test][[test][0]] IndexShardRecoveryException[failed to recovery from gateway]; nested: EngineCreationFailureException[failed to recover from translog]; nested: EngineException[failed to recover from translog]; nested: TranslogCorruptedException[translog corruption while reading from stream]; nested: TranslogCorruptedException[translog stream is corrupted, expected: 0xa94db8f6, got: 0x68c36736];
	at org.elasticsearch.index.shard.StoreRecovery.internalRecoverFromStore(StoreRecovery.java:234)
	at org.elasticsearch.index.shard.StoreRecovery.lambda$recoverFromStore$184(StoreRecovery.java:77)
	at org.elasticsearch.index.shard.StoreRecovery$$Lambda$696/1752519311.run(Unknown Source)
	at org.elasticsearch.index.shard.StoreRecovery.executeRecovery(StoreRecovery.java:122)
	at org.elasticsearch.index.shard.StoreRecovery.recoverFromStore(StoreRecovery.java:75)
	at org.elasticsearch.index.shard.IndexShard.recoverFromStore(IndexShard.java:1059)
	at org.elasticsearch.indices.cluster.IndicesClusterStateService.lambda$applyInitializingShard$190(IndicesClusterStateService.java:648)
	at org.elasticsearch.indices.cluster.IndicesClusterStateService$$Lambda$694/1687235994.run(Unknown Source)
	at java.util.concurrent.ThreadPoolExecutor.runWorker(ThreadPoolExecutor.java:1142)
	at java.util.concurrent.ThreadPoolExecutor$Worker.run(ThreadPoolExecutor.java:617)
	at java.lang.Thread.run(Thread.java:745)
Caused by: [test][[test][0]] EngineCreationFailureException[failed to recover from translog]; nested: EngineException[failed to recover from translog]; nested: TranslogCorruptedException[translog corruption while reading from stream]; nested: TranslogCorruptedException[translog stream is corrupted, expected: 0xa94db8f6, got: 0x68c36736];
	at org.elasticsearch.index.engine.InternalEngine.<init>(InternalEngine.java:175)
	at org.elasticsearch.test.engine.MockInternalEngine.<init>(MockInternalEngine.java:36)
	at org.elasticsearch.test.engine.MockEngineFactory.newReadWriteEngine(MockEngineFactory.java:36)
	at org.elasticsearch.index.shard.IndexShard.newEngine(IndexShard.java:1310)
	at org.elasticsearch.index.shard.IndexShard.createNewEngine(IndexShard.java:1305)
	at org.elasticsearch.index.shard.IndexShard.internalPerformTranslogRecovery(IndexShard.java:888)
	at org.elasticsearch.index.shard.IndexShard.performTranslogRecovery(IndexShard.java:866)
	at org.elasticsearch.index.shard.StoreRecovery.internalRecoverFromStore(StoreRecovery.java:230)
	... 10 more
Caused by: [test][[test][0]] EngineException[failed to recover from translog]; nested: TranslogCorruptedException[translog corruption while reading from stream]; nested: TranslogCorruptedException[translog stream is corrupted, expected: 0xa94db8f6, got: 0x68c36736];
	at org.elasticsearch.index.engine.InternalEngine.recoverFromTranslog(InternalEngine.java:251)
	at org.elasticsearch.index.engine.InternalEngine.<init>(InternalEngine.java:172)
	... 17 more
Caused by: TranslogCorruptedException[translog corruption while reading from stream]; nested: TranslogCorruptedException[translog stream is corrupted, expected: 0xa94db8f6, got: 0x68c36736];
	at org.elasticsearch.index.translog.Translog.readOperation(Translog.java:1133)
	at org.elasticsearch.index.translog.BaseTranslogReader.read(BaseTranslogReader.java:114)
	at org.elasticsearch.index.translog.TranslogSnapshot.readOperation(TranslogSnapshot.java:70)
	at org.elasticsearch.index.translog.TranslogSnapshot.next(TranslogSnapshot.java:61)
	at org.elasticsearch.index.translog.MultiSnapshot.next(MultiSnapshot.java:53)
	at org.elasticsearch.index.engine.InternalEngine.recoverFromTranslog(InternalEngine.java:237)
	... 18 more
Caused by: TranslogCorruptedException[translog stream is corrupted, expected: 0xa94db8f6, got: 0x68c36736]
	at org.elasticsearch.index.translog.Translog.verifyChecksum(Translog.java:1091)
	at org.elasticsearch.index.translog.Translog.readOperation(Translog.java:1123)
	... 23 more
[2016-03-29 17:31:13,082][WARN ][org.elasticsearch.indices.cluster] [node_s0] [[test][0]] marking and sending shard failed due to [failed recovery]
[test][[test][0]] IndexShardRecoveryException[failed to recovery from gateway]; nested: EngineCreationFailureException[failed to recover from translog]; nested: EngineException[failed to recover from translog]; nested: TranslogCorruptedException[translog corruption while reading from stream]; nested: TranslogCorruptedException[translog stream is corrupted, expected: 0xa94db8f6, got: 0x68c36736];
	at org.elasticsearch.index.shard.StoreRecovery.internalRecoverFromStore(StoreRecovery.java:234)
	at org.elasticsearch.index.shard.StoreRecovery.lambda$recoverFromStore$184(StoreRecovery.java:77)
	at org.elasticsearch.index.shard.StoreRecovery$$Lambda$696/1752519311.run(Unknown Source)
	at org.elasticsearch.index.shard.StoreRecovery.executeRecovery(StoreRecovery.java:122)
	at org.elasticsearch.index.shard.StoreRecovery.recoverFromStore(StoreRecovery.java:75)
	at org.elasticsearch.index.shard.IndexShard.recoverFromStore(IndexShard.java:1059)
	at org.elasticsearch.indices.cluster.IndicesClusterStateService.lambda$applyInitializingShard$190(IndicesClusterStateService.java:648)
	at org.elasticsearch.indices.cluster.IndicesClusterStateService$$Lambda$694/1687235994.run(Unknown Source)
	at java.util.concurrent.ThreadPoolExecutor.runWorker(ThreadPoolExecutor.java:1142)
	at java.util.concurrent.ThreadPoolExecutor$Worker.run(ThreadPoolExecutor.java:617)
	at java.lang.Thread.run(Thread.java:745)
Caused by: [test][[test][0]] EngineCreationFailureException[failed to recover from translog]; nested: EngineException[failed to recover from translog]; nested: TranslogCorruptedException[translog corruption while reading from stream]; nested: TranslogCorruptedException[translog stream is corrupted, expected: 0xa94db8f6, got: 0x68c36736];
	at org.elasticsearch.index.engine.InternalEngine.<init>(InternalEngine.java:175)
	at org.elasticsearch.test.engine.MockInternalEngine.<init>(MockInternalEngine.java:36)
	at org.elasticsearch.test.engine.MockEngineFactory.newReadWriteEngine(MockEngineFactory.java:36)
	at org.elasticsearch.index.shard.IndexShard.newEngine(IndexShard.java:1310)
	at org.elasticsearch.index.shard.IndexShard.createNewEngine(IndexShard.java:1305)
	at org.elasticsearch.index.shard.IndexShard.internalPerformTranslogRecovery(IndexShard.java:888)
	at org.elasticsearch.index.shard.IndexShard.performTranslogRecovery(IndexShard.java:866)
	at org.elasticsearch.index.shard.StoreRecovery.internalRecoverFromStore(StoreRecovery.java:230)
	... 10 more
Caused by: [test][[test][0]] EngineException[failed to recover from translog]; nested: TranslogCorruptedException[translog corruption while reading from stream]; nested: TranslogCorruptedException[translog stream is corrupted, expected: 0xa94db8f6, got: 0x68c36736];
	at org.elasticsearch.index.engine.InternalEngine.recoverFromTranslog(InternalEngine.java:251)
	at org.elasticsearch.index.engine.InternalEngine.<init>(InternalEngine.java:172)
	... 17 more
Caused by: TranslogCorruptedException[translog corruption while reading from stream]; nested: TranslogCorruptedException[translog stream is corrupted, expected: 0xa94db8f6, got: 0x68c36736];
	at org.elasticsearch.index.translog.Translog.readOperation(Translog.java:1133)
	at org.elasticsearch.index.translog.BaseTranslogReader.read(BaseTranslogReader.java:114)
	at org.elasticsearch.index.translog.TranslogSnapshot.readOperation(TranslogSnapshot.java:70)
	at org.elasticsearch.index.translog.TranslogSnapshot.next(TranslogSnapshot.java:61)
	at org.elasticsearch.index.translog.MultiSnapshot.next(MultiSnapshot.java:53)
	at org.elasticsearch.index.engine.InternalEngine.recoverFromTranslog(InternalEngine.java:237)
	... 18 more
Caused by: TranslogCorruptedException[translog stream is corrupted, expected: 0xa94db8f6, got: 0x68c36736]
	at org.elasticsearch.index.translog.Translog.verifyChecksum(Translog.java:1091)
	at org.elasticsearch.index.translog.Translog.readOperation(Translog.java:1123)
	... 23 more
[2016-03-29 17:31:13,084][WARN ][org.elasticsearch.cluster.action.shard] [node_s0] [test][0] received shard failed for [test][0], node[Y27JbEqhQsSb7nUkvqXFqw], [P], v[3], s[INITIALIZING], a[id=SDo6juOQSfuDTCLJ3scK7A], unassigned_info[[reason=ALLOCATION_FAILED], at[2016-03-29T21:31:13.071Z], details[failed recovery, failure IndexShardRecoveryException[failed to recovery from gateway]; nested: EngineCreationFailureException[failed to recover from translog]; nested: EngineException[failed to recover from translog]; nested: TranslogCorruptedException[translog corruption while reading from stream]; nested: TranslogCorruptedException[translog stream is corrupted, expected: 0xa94db8f6, got: 0x68c36736]; ]], indexUUID [1CWRzkvfRB-D3v8U1_ZpEQ], message [failed recovery], failure [IndexShardRecoveryException[failed to recovery from gateway]; nested: EngineCreationFailureException[failed to recover from translog]; nested: EngineException[failed to recover from translog]; nested: TranslogCorruptedException[translog corruption while reading from stream]; nested: TranslogCorruptedException[translog stream is corrupted, expected: 0xa94db8f6, got: 0x68c36736]; ]
[test][[test][0]] IndexShardRecoveryException[failed to recovery from gateway]; nested: EngineCreationFailureException[failed to recover from translog]; nested: EngineException[failed to recover from translog]; nested: TranslogCorruptedException[translog corruption while reading from stream]; nested: TranslogCorruptedException[translog stream is corrupted, expected: 0xa94db8f6, got: 0x68c36736];
	at org.elasticsearch.index.shard.StoreRecovery.internalRecoverFromStore(StoreRecovery.java:234)
	at org.elasticsearch.index.shard.StoreRecovery.lambda$recoverFromStore$184(StoreRecovery.java:77)
	at org.elasticsearch.index.shard.StoreRecovery$$Lambda$696/1752519311.run(Unknown Source)
	at org.elasticsearch.index.shard.StoreRecovery.executeRecovery(StoreRecovery.java:122)
	at org.elasticsearch.index.shard.StoreRecovery.recoverFromStore(StoreRecovery.java:75)
	at org.elasticsearch.index.shard.IndexShard.recoverFromStore(IndexShard.java:1059)
	at org.elasticsearch.indices.cluster.IndicesClusterStateService.lambda$applyInitializingShard$190(IndicesClusterStateService.java:648)
	at org.elasticsearch.indices.cluster.IndicesClusterStateService$$Lambda$694/1687235994.run(Unknown Source)
	at java.util.concurrent.ThreadPoolExecutor.runWorker(ThreadPoolExecutor.java:1142)
	at java.util.concurrent.ThreadPoolExecutor$Worker.run(ThreadPoolExecutor.java:617)
	at java.lang.Thread.run(Thread.java:745)
Caused by: [test][[test][0]] EngineCreationFailureException[failed to recover from translog]; nested: EngineException[failed to recover from translog]; nested: TranslogCorruptedException[translog corruption while reading from stream]; nested: TranslogCorruptedException[translog stream is corrupted, expected: 0xa94db8f6, got: 0x68c36736];
	at org.elasticsearch.index.engine.InternalEngine.<init>(InternalEngine.java:175)
	at org.elasticsearch.test.engine.MockInternalEngine.<init>(MockInternalEngine.java:36)
	at org.elasticsearch.test.engine.MockEngineFactory.newReadWriteEngine(MockEngineFactory.java:36)
	at org.elasticsearch.index.shard.IndexShard.newEngine(IndexShard.java:1310)
	at org.elasticsearch.index.shard.IndexShard.createNewEngine(IndexShard.java:1305)
	at org.elasticsearch.index.shard.IndexShard.internalPerformTranslogRecovery(IndexShard.java:888)
	at org.elasticsearch.index.shard.IndexShard.performTranslogRecovery(IndexShard.java:866)
	at org.elasticsearch.index.shard.StoreRecovery.internalRecoverFromStore(StoreRecovery.java:230)
	... 10 more
Caused by: [test][[test][0]] EngineException[failed to recover from translog]; nested: TranslogCorruptedException[translog corruption while reading from stream]; nested: TranslogCorruptedException[translog stream is corrupted, expected: 0xa94db8f6, got: 0x68c36736];
	at org.elasticsearch.index.engine.InternalEngine.recoverFromTranslog(InternalEngine.java:251)
	at org.elasticsearch.index.engine.InternalEngine.<init>(InternalEngine.java:172)
	... 17 more
Caused by: TranslogCorruptedException[translog corruption while reading from stream]; nested: TranslogCorruptedException[translog stream is corrupted, expected: 0xa94db8f6, got: 0x68c36736];
	at org.elasticsearch.index.translog.Translog.readOperation(Translog.java:1133)
	at org.elasticsearch.index.translog.BaseTranslogReader.read(BaseTranslogReader.java:114)
	at org.elasticsearch.index.translog.TranslogSnapshot.readOperation(TranslogSnapshot.java:70)
	at org.elasticsearch.index.translog.TranslogSnapshot.next(TranslogSnapshot.java:61)
	at org.elasticsearch.index.translog.MultiSnapshot.next(MultiSnapshot.java:53)
	at org.elasticsearch.index.engine.InternalEngine.recoverFromTranslog(InternalEngine.java:237)
	... 18 more
Caused by: TranslogCorruptedException[translog stream is corrupted, expected: 0xa94db8f6, got: 0x68c36736]
	at org.elasticsearch.index.translog.Translog.verifyChecksum(Translog.java:1091)
	at org.elasticsearch.index.translog.Translog.readOperation(Translog.java:1123)
	... 23 more
[2016-03-29 17:31:13,096][WARN ][org.elasticsearch.indices.cluster] [node_s0] [[test][0]] marking and sending shard failed due to [failed recovery]
[test][[test][0]] IndexShardRecoveryException[failed to recovery from gateway]; nested: EngineCreationFailureException[failed to recover from translog]; nested: EngineException[failed to recover from translog]; nested: TranslogCorruptedException[translog corruption while reading from stream]; nested: TranslogCorruptedException[translog stream is corrupted, expected: 0xa94db8f6, got: 0x68c36736];
	at org.elasticsearch.index.shard.StoreRecovery.internalRecoverFromStore(StoreRecovery.java:234)
	at org.elasticsearch.index.shard.StoreRecovery.lambda$recoverFromStore$184(StoreRecovery.java:77)
	at org.elasticsearch.index.shard.StoreRecovery$$Lambda$696/1752519311.run(Unknown Source)
	at org.elasticsearch.index.shard.StoreRecovery.executeRecovery(StoreRecovery.java:122)
	at org.elasticsearch.index.shard.StoreRecovery.recoverFromStore(StoreRecovery.java:75)
	at org.elasticsearch.index.shard.IndexShard.recoverFromStore(IndexShard.java:1059)
	at org.elasticsearch.indices.cluster.IndicesClusterStateService.lambda$applyInitializingShard$190(IndicesClusterStateService.java:648)
	at org.elasticsearch.indices.cluster.IndicesClusterStateService$$Lambda$694/1687235994.run(Unknown Source)
	at java.util.concurrent.ThreadPoolExecutor.runWorker(ThreadPoolExecutor.java:1142)
	at java.util.concurrent.ThreadPoolExecutor$Worker.run(ThreadPoolExecutor.java:617)
	at java.lang.Thread.run(Thread.java:745)
Caused by: [test][[test][0]] EngineCreationFailureException[failed to recover from translog]; nested: EngineException[failed to recover from translog]; nested: TranslogCorruptedException[translog corruption while reading from stream]; nested: TranslogCorruptedException[translog stream is corrupted, expected: 0xa94db8f6, got: 0x68c36736];
	at org.elasticsearch.index.engine.InternalEngine.<init>(InternalEngine.java:175)
	at org.elasticsearch.test.engine.MockInternalEngine.<init>(MockInternalEngine.java:36)
	at org.elasticsearch.test.engine.MockEngineFactory.newReadWriteEngine(MockEngineFactory.java:36)
	at org.elasticsearch.index.shard.IndexShard.newEngine(IndexShard.java:1310)
	at org.elasticsearch.index.shard.IndexShard.createNewEngine(IndexShard.java:1305)
	at org.elasticsearch.index.shard.IndexShard.internalPerformTranslogRecovery(IndexShard.java:888)
	at org.elasticsearch.index.shard.IndexShard.performTranslogRecovery(IndexShard.java:866)
	at org.elasticsearch.index.shard.StoreRecovery.internalRecoverFromStore(StoreRecovery.java:230)
	... 10 more
Caused by: [test][[test][0]] EngineException[failed to recover from translog]; nested: TranslogCorruptedException[translog corruption while reading from stream]; nested: TranslogCorruptedException[translog stream is corrupted, expected: 0xa94db8f6, got: 0x68c36736];
	at org.elasticsearch.index.engine.InternalEngine.recoverFromTranslog(InternalEngine.java:251)
	at org.elasticsearch.index.engine.InternalEngine.<init>(InternalEngine.java:172)
	... 17 more
Caused by: TranslogCorruptedException[translog corruption while reading from stream]; nested: TranslogCorruptedException[translog stream is corrupted, expected: 0xa94db8f6, got: 0x68c36736];
	at org.elasticsearch.index.translog.Translog.readOperation(Translog.java:1133)
	at org.elasticsearch.index.translog.BaseTranslogReader.read(BaseTranslogReader.java:114)
	at org.elasticsearch.index.translog.TranslogSnapshot.readOperation(TranslogSnapshot.java:70)
	at org.elasticsearch.index.translog.TranslogSnapshot.next(TranslogSnapshot.java:61)
	at org.elasticsearch.index.translog.MultiSnapshot.next(MultiSnapshot.java:53)
	at org.elasticsearch.index.engine.InternalEngine.recoverFromTranslog(InternalEngine.java:237)
	... 18 more
Caused by: TranslogCorruptedException[translog stream is corrupted, expected: 0xa94db8f6, got: 0x68c36736]
	at org.elasticsearch.index.translog.Translog.verifyChecksum(Translog.java:1091)
	at org.elasticsearch.index.translog.Translog.readOperation(Translog.java:1123)
	... 23 more
[2016-03-29 17:31:13,097][WARN ][org.elasticsearch.cluster.action.shard] [node_s0] [test][0] received shard failed for [test][0], node[Y27JbEqhQsSb7nUkvqXFqw], [P], v[3], s[INITIALIZING], a[id=7g-WkXZ4ToGJRwy8fmv2iA], unassigned_info[[reason=ALLOCATION_FAILED], at[2016-03-29T21:31:13.084Z], details[failed recovery, failure IndexShardRecoveryException[failed to recovery from gateway]; nested: EngineCreationFailureException[failed to recover from translog]; nested: EngineException[failed to recover from translog]; nested: TranslogCorruptedException[translog corruption while reading from stream]; nested: TranslogCorruptedException[translog stream is corrupted, expected: 0xa94db8f6, got: 0x68c36736]; ]], indexUUID [1CWRzkvfRB-D3v8U1_ZpEQ], message [failed recovery], failure [IndexShardRecoveryException[failed to recovery from gateway]; nested: EngineCreationFailureException[failed to recover from translog]; nested: EngineException[failed to recover from translog]; nested: TranslogCorruptedException[translog corruption while reading from stream]; nested: TranslogCorruptedException[translog stream is corrupted, expected: 0xa94db8f6, got: 0x68c36736]; ]
[test][[test][0]] IndexShardRecoveryException[failed to recovery from gateway]; nested: EngineCreationFailureException[failed to recover from translog]; nested: EngineException[failed to recover from translog]; nested: TranslogCorruptedException[translog corruption while reading from stream]; nested: TranslogCorruptedException[translog stream is corrupted, expected: 0xa94db8f6, got: 0x68c36736];
	at org.elasticsearch.index.shard.StoreRecovery.internalRecoverFromStore(StoreRecovery.java:234)
	at org.elasticsearch.index.shard.StoreRecovery.lambda$recoverFromStore$184(StoreRecovery.java:77)
	at org.elasticsearch.index.shard.StoreRecovery$$Lambda$696/1752519311.run(Unknown Source)
	at org.elasticsearch.index.shard.StoreRecovery.executeRecovery(StoreRecovery.java:122)
	at org.elasticsearch.index.shard.StoreRecovery.recoverFromStore(StoreRecovery.java:75)
	at org.elasticsearch.index.shard.IndexShard.recoverFromStore(IndexShard.java:1059)
	at org.elasticsearch.indices.cluster.IndicesClusterStateService.lambda$applyInitializingShard$190(IndicesClusterStateService.java:648)
	at org.elasticsearch.indices.cluster.IndicesClusterStateService$$Lambda$694/1687235994.run(Unknown Source)
	at java.util.concurrent.ThreadPoolExecutor.runWorker(ThreadPoolExecutor.java:1142)
	at java.util.concurrent.ThreadPoolExecutor$Worker.run(ThreadPoolExecutor.java:617)
	at java.lang.Thread.run(Thread.java:745)
Caused by: [test][[test][0]] EngineCreationFailureException[failed to recover from translog]; nested: EngineException[failed to recover from translog]; nested: TranslogCorruptedException[translog corruption while reading from stream]; nested: TranslogCorruptedException[translog stream is corrupted, expected: 0xa94db8f6, got: 0x68c36736];
	at org.elasticsearch.index.engine.InternalEngine.<init>(InternalEngine.java:175)
	at org.elasticsearch.test.engine.MockInternalEngine.<init>(MockInternalEngine.java:36)
	at org.elasticsearch.test.engine.MockEngineFactory.newReadWriteEngine(MockEngineFactory.java:36)
	at org.elasticsearch.index.shard.IndexShard.newEngine(IndexShard.java:1310)
	at org.elasticsearch.index.shard.IndexShard.createNewEngine(IndexShard.java:1305)
	at org.elasticsearch.index.shard.IndexShard.internalPerformTranslogRecovery(IndexShard.java:888)
	at org.elasticsearch.index.shard.IndexShard.performTranslogRecovery(IndexShard.java:866)
	at org.elasticsearch.index.shard.StoreRecovery.internalRecoverFromStore(StoreRecovery.java:230)
	... 10 more
Caused by: [test][[test][0]] EngineException[failed to recover from translog]; nested: TranslogCorruptedException[translog corruption while reading from stream]; nested: TranslogCorruptedException[translog stream is corrupted, expected: 0xa94db8f6, got: 0x68c36736];
	at org.elasticsearch.index.engine.InternalEngine.recoverFromTranslog(InternalEngine.java:251)
	at org.elasticsearch.index.engine.InternalEngine.<init>(InternalEngine.java:172)
	... 17 more
Caused by: TranslogCorruptedException[translog corruption while reading from stream]; nested: TranslogCorruptedException[translog stream is corrupted, expected: 0xa94db8f6, got: 0x68c36736];
	at org.elasticsearch.index.translog.Translog.readOperation(Translog.java:1133)
	at org.elasticsearch.index.translog.BaseTranslogReader.read(BaseTranslogReader.java:114)
	at org.elasticsearch.index.translog.TranslogSnapshot.readOperation(TranslogSnapshot.java:70)
	at org.elasticsearch.index.translog.TranslogSnapshot.next(TranslogSnapshot.java:61)
	at org.elasticsearch.index.translog.MultiSnapshot.next(MultiSnapshot.java:53)
	at org.elasticsearch.index.engine.InternalEngine.recoverFromTranslog(InternalEngine.java:237)
	... 18 more
Caused by: TranslogCorruptedException[translog stream is corrupted, expected: 0xa94db8f6, got: 0x68c36736]
	at org.elasticsearch.index.translog.Translog.verifyChecksum(Translog.java:1091)
	at org.elasticsearch.index.translog.Translog.readOperation(Translog.java:1123)
	... 23 more
[2016-03-29 17:31:13,108][WARN ][org.elasticsearch.indices.cluster] [node_s0] [[test][0]] marking and sending shard failed due to [failed recovery]
[test][[test][0]] IndexShardRecoveryException[failed to recovery from gateway]; nested: EngineCreationFailureException[failed to recover from translog]; nested: EngineException[failed to recover from translog]; nested: TranslogCorruptedException[translog corruption while reading from stream]; nested: TranslogCorruptedException[translog stream is corrupted, expected: 0xa94db8f6, got: 0x68c36736];
	at org.elasticsearch.index.shard.StoreRecovery.internalRecoverFromStore(StoreRecovery.java:234)
	at org.elasticsearch.index.shard.StoreRecovery.lambda$recoverFromStore$184(StoreRecovery.java:77)
	at org.elasticsearch.index.shard.StoreRecovery$$Lambda$696/1752519311.run(Unknown Source)
	at org.elasticsearch.index.shard.StoreRecovery.executeRecovery(StoreRecovery.java:122)
	at org.elasticsearch.index.shard.StoreRecovery.recoverFromStore(StoreRecovery.java:75)
	at org.elasticsearch.index.shard.IndexShard.recoverFromStore(IndexShard.java:1059)
	at org.elasticsearch.indices.cluster.IndicesClusterStateService.lambda$applyInitializingShard$190(IndicesClusterStateService.java:648)
	at org.elasticsearch.indices.cluster.IndicesClusterStateService$$Lambda$694/1687235994.run(Unknown Source)
	at java.util.concurrent.ThreadPoolExecutor.runWorker(ThreadPoolExecutor.java:1142)
	at java.util.concurrent.ThreadPoolExecutor$Worker.run(ThreadPoolExecutor.java:617)
	at java.lang.Thread.run(Thread.java:745)
Caused by: [test][[test][0]] EngineCreationFailureException[failed to recover from translog]; nested: EngineException[failed to recover from translog]; nested: TranslogCorruptedException[translog corruption while reading from stream]; nested: TranslogCorruptedException[translog stream is corrupted, expected: 0xa94db8f6, got: 0x68c36736];
	at org.elasticsearch.index.engine.InternalEngine.<init>(InternalEngine.java:175)
	at org.elasticsearch.test.engine.MockInternalEngine.<init>(MockInternalEngine.java:36)
	at org.elasticsearch.test.engine.MockEngineFactory.newReadWriteEngine(MockEngineFactory.java:36)
	at org.elasticsearch.index.shard.IndexShard.newEngine(IndexShard.java:1310)
	at org.elasticsearch.index.shard.IndexShard.createNewEngine(IndexShard.java:1305)
	at org.elasticsearch.index.shard.IndexShard.internalPerformTranslogRecovery(IndexShard.java:888)
	at org.elasticsearch.index.shard.IndexShard.performTranslogRecovery(IndexShard.java:866)
	at org.elasticsearch.index.shard.StoreRecovery.internalRecoverFromStore(StoreRecovery.java:230)
	... 10 more
Caused by: [test][[test][0]] EngineException[failed to recover from translog]; nested: TranslogCorruptedException[translog corruption while reading from stream]; nested: TranslogCorruptedException[translog stream is corrupted, expected: 0xa94db8f6, got: 0x68c36736];
	at org.elasticsearch.index.engine.InternalEngine.recoverFromTranslog(InternalEngine.java:251)
	at org.elasticsearch.index.engine.InternalEngine.<init>(InternalEngine.java:172)
	... 17 more
Caused by: TranslogCorruptedException[translog corruption while reading from stream]; nested: TranslogCorruptedException[translog stream is corrupted, expected: 0xa94db8f6, got: 0x68c36736];
	at org.elasticsearch.index.translog.Translog.readOperation(Translog.java:1133)
	at org.elasticsearch.index.translog.BaseTranslogReader.read(BaseTranslogReader.java:114)
	at org.elasticsearch.index.translog.TranslogSnapshot.readOperation(TranslogSnapshot.java:70)
	at org.elasticsearch.index.translog.TranslogSnapshot.next(TranslogSnapshot.java:61)
	at org.elasticsearch.index.translog.MultiSnapshot.next(MultiSnapshot.java:53)
	at org.elasticsearch.index.engine.InternalEngine.recoverFromTranslog(InternalEngine.java:237)
	... 18 more
Caused by: TranslogCorruptedException[translog stream is corrupted, expected: 0xa94db8f6, got: 0x68c36736]
	at org.elasticsearch.index.translog.Translog.verifyChecksum(Translog.java:1091)
	at org.elasticsearch.index.translog.Translog.readOperation(Translog.java:1123)
	... 23 more
[2016-03-29 17:31:13,109][WARN ][org.elasticsearch.cluster.action.shard] [node_s0] [test][0] received shard failed for [test][0], node[Y27JbEqhQsSb7nUkvqXFqw], [P], v[3], s[INITIALIZING], a[id=QNGVYLNBTkyAzaTtUeyrLw], unassigned_info[[reason=ALLOCATION_FAILED], at[2016-03-29T21:31:13.097Z], details[failed recovery, failure IndexShardRecoveryException[failed to recovery from gateway]; nested: EngineCreationFailureException[failed to recover from translog]; nested: EngineException[failed to recover from translog]; nested: TranslogCorruptedException[translog corruption while reading from stream]; nested: TranslogCorruptedException[translog stream is corrupted, expected: 0xa94db8f6, got: 0x68c36736]; ]], indexUUID [1CWRzkvfRB-D3v8U1_ZpEQ], message [failed recovery], failure [IndexShardRecoveryException[failed to recovery from gateway]; nested: EngineCreationFailureException[failed to recover from translog]; nested: EngineException[failed to recover from translog]; nested: TranslogCorruptedException[translog corruption while reading from stream]; nested: TranslogCorruptedException[translog stream is corrupted, expected: 0xa94db8f6, got: 0x68c36736]; ]
[test][[test][0]] IndexShardRecoveryException[failed to recovery from gateway]; nested: EngineCreationFailureException[failed to recover from translog]; nested: EngineException[failed to recover from translog]; nested: TranslogCorruptedException[translog corruption while reading from stream]; nested: TranslogCorruptedException[translog stream is corrupted, expected: 0xa94db8f6, got: 0x68c36736];
	at org.elasticsearch.index.shard.StoreRecovery.internalRecoverFromStore(StoreRecovery.java:234)
	at org.elasticsearch.index.shard.StoreRecovery.lambda$recoverFromStore$184(StoreRecovery.java:77)
	at org.elasticsearch.index.shard.StoreRecovery$$Lambda$696/1752519311.run(Unknown Source)
	at org.elasticsearch.index.shard.StoreRecovery.executeRecovery(StoreRecovery.java:122)
	at org.elasticsearch.index.shard.StoreRecovery.recoverFromStore(StoreRecovery.java:75)
	at org.elasticsearch.index.shard.IndexShard.recoverFromStore(IndexShard.java:1059)
	at org.elasticsearch.indices.cluster.IndicesClusterStateService.lambda$applyInitializingShard$190(IndicesClusterStateService.java:648)
	at org.elasticsearch.indices.cluster.IndicesClusterStateService$$Lambda$694/1687235994.run(Unknown Source)
	at java.util.concurrent.ThreadPoolExecutor.runWorker(ThreadPoolExecutor.java:1142)
	at java.util.concurrent.ThreadPoolExecutor$Worker.run(ThreadPoolExecutor.java:617)
	at java.lang.Thread.run(Thread.java:745)
Caused by: [test][[test][0]] EngineCreationFailureException[failed to recover from translog]; nested: EngineException[failed to recover from translog]; nested: TranslogCorruptedException[translog corruption while reading from stream]; nested: TranslogCorruptedException[translog stream is corrupted, expected: 0xa94db8f6, got: 0x68c36736];
	at org.elasticsearch.index.engine.InternalEngine.<init>(InternalEngine.java:175)
	at org.elasticsearch.test.engine.MockInternalEngine.<init>(MockInternalEngine.java:36)
	at org.elasticsearch.test.engine.MockEngineFactory.newReadWriteEngine(MockEngineFactory.java:36)
	at org.elasticsearch.index.shard.IndexShard.newEngine(IndexShard.java:1310)
	at org.elasticsearch.index.shard.IndexShard.createNewEngine(IndexShard.java:1305)
	at org.elasticsearch.index.shard.IndexShard.internalPerformTranslogRecovery(IndexShard.java:888)
	at org.elasticsearch.index.shard.IndexShard.performTranslogRecovery(IndexShard.java:866)
	at org.elasticsearch.index.shard.StoreRecovery.internalRecoverFromStore(StoreRecovery.java:230)
	... 10 more
Caused by: [test][[test][0]] EngineException[failed to recover from translog]; nested: TranslogCorruptedException[translog corruption while reading from stream]; nested: TranslogCorruptedException[translog stream is corrupted, expected: 0xa94db8f6, got: 0x68c36736];
	at org.elasticsearch.index.engine.InternalEngine.recoverFromTranslog(InternalEngine.java:251)
	at org.elasticsearch.index.engine.InternalEngine.<init>(InternalEngine.java:172)
	... 17 more
Caused by: TranslogCorruptedException[translog corruption while reading from stream]; nested: TranslogCorruptedException[translog stream is corrupted, expected: 0xa94db8f6, got: 0x68c36736];
	at org.elasticsearch.index.translog.Translog.readOperation(Translog.java:1133)
	at org.elasticsearch.index.translog.BaseTranslogReader.read(BaseTranslogReader.java:114)
	at org.elasticsearch.index.translog.TranslogSnapshot.readOperation(TranslogSnapshot.java:70)
	at org.elasticsearch.index.translog.TranslogSnapshot.next(TranslogSnapshot.java:61)
	at org.elasticsearch.index.translog.MultiSnapshot.next(MultiSnapshot.java:53)
	at org.elasticsearch.index.engine.InternalEngine.recoverFromTranslog(InternalEngine.java:237)
	... 18 more
Caused by: TranslogCorruptedException[translog stream is corrupted, expected: 0xa94db8f6, got: 0x68c36736]
	at org.elasticsearch.index.translog.Translog.verifyChecksum(Translog.java:1091)
	at org.elasticsearch.index.translog.Translog.readOperation(Translog.java:1123)
	... 23 more
[2016-03-29 17:31:13,120][WARN ][org.elasticsearch.indices.cluster] [node_s0] [[test][0]] marking and sending shard failed due to [failed recovery]
[test][[test][0]] IndexShardRecoveryException[failed to recovery from gateway]; nested: EngineCreationFailureException[failed to recover from translog]; nested: EngineException[failed to recover from translog]; nested: TranslogCorruptedException[translog corruption while reading from stream]; nested: TranslogCorruptedException[translog stream is corrupted, expected: 0xa94db8f6, got: 0x68c36736];
	at org.elasticsearch.index.shard.StoreRecovery.internalRecoverFromStore(StoreRecovery.java:234)
	at org.elasticsearch.index.shard.StoreRecovery.lambda$recoverFromStore$184(StoreRecovery.java:77)
	at org.elasticsearch.index.shard.StoreRecovery$$Lambda$696/1752519311.run(Unknown Source)
	at org.elasticsearch.index.shard.StoreRecovery.executeRecovery(StoreRecovery.java:122)
	at org.elasticsearch.index.shard.StoreRecovery.recoverFromStore(StoreRecovery.java:75)
	at org.elasticsearch.index.shard.IndexShard.recoverFromStore(IndexShard.java:1059)
	at org.elasticsearch.indices.cluster.IndicesClusterStateService.lambda$applyInitializingShard$190(IndicesClusterStateService.java:648)
	at org.elasticsearch.indices.cluster.IndicesClusterStateService$$Lambda$694/1687235994.run(Unknown Source)
	at java.util.concurrent.ThreadPoolExecutor.runWorker(ThreadPoolExecutor.java:1142)
	at java.util.concurrent.ThreadPoolExecutor$Worker.run(ThreadPoolExecutor.java:617)
	at java.lang.Thread.run(Thread.java:745)
Caused by: [test][[test][0]] EngineCreationFailureException[failed to recover from translog]; nested: EngineException[failed to recover from translog]; nested: TranslogCorruptedException[translog corruption while reading from stream]; nested: TranslogCorruptedException[translog stream is corrupted, expected: 0xa94db8f6, got: 0x68c36736];
	at org.elasticsearch.index.engine.InternalEngine.<init>(InternalEngine.java:175)
	at org.elasticsearch.test.engine.MockInternalEngine.<init>(MockInternalEngine.java:36)
	at org.elasticsearch.test.engine.MockEngineFactory.newReadWriteEngine(MockEngineFactory.java:36)
	at org.elasticsearch.index.shard.IndexShard.newEngine(IndexShard.java:1310)
	at org.elasticsearch.index.shard.IndexShard.createNewEngine(IndexShard.java:1305)
	at org.elasticsearch.index.shard.IndexShard.internalPerformTranslogRecovery(IndexShard.java:888)
	at org.elasticsearch.index.shard.IndexShard.performTranslogRecovery(IndexShard.java:866)
	at org.elasticsearch.index.shard.StoreRecovery.internalRecoverFromStore(StoreRecovery.java:230)
	... 10 more
Caused by: [test][[test][0]] EngineException[failed to recover from translog]; nested: TranslogCorruptedException[translog corruption while reading from stream]; nested: TranslogCorruptedException[translog stream is corrupted, expected: 0xa94db8f6, got: 0x68c36736];
	at org.elasticsearch.index.engine.InternalEngine.recoverFromTranslog(InternalEngine.java:251)
	at org.elasticsearch.index.engine.InternalEngine.<init>(InternalEngine.java:172)
	... 17 more
Caused by: TranslogCorruptedException[translog corruption while reading from stream]; nested: TranslogCorruptedException[translog stream is corrupted, expected: 0xa94db8f6, got: 0x68c36736];
	at org.elasticsearch.index.translog.Translog.readOperation(Translog.java:1133)
	at org.elasticsearch.index.translog.BaseTranslogReader.read(BaseTranslogReader.java:114)
	at org.elasticsearch.index.translog.TranslogSnapshot.readOperation(TranslogSnapshot.java:70)
	at org.elasticsearch.index.translog.TranslogSnapshot.next(TranslogSnapshot.java:61)
	at org.elasticsearch.index.translog.MultiSnapshot.next(MultiSnapshot.java:53)
	at org.elasticsearch.index.engine.InternalEngine.recoverFromTranslog(InternalEngine.java:237)
	... 18 more
Caused by: TranslogCorruptedException[translog stream is corrupted, expected: 0xa94db8f6, got: 0x68c36736]
	at org.elasticsearch.index.translog.Translog.verifyChecksum(Translog.java:1091)
	at org.elasticsearch.index.translog.Translog.readOperation(Translog.java:1123)
	... 23 more
[2016-03-29 17:31:13,121][WARN ][org.elasticsearch.cluster.action.shard] [node_s0] [test][0] received shard failed for [test][0], node[Y27JbEqhQsSb7nUkvqXFqw], [P], v[3], s[INITIALIZING], a[id=2KD-rSBOQOS6OcH5e9oIcg], unassigned_info[[reason=ALLOCATION_FAILED], at[2016-03-29T21:31:13.109Z], details[failed recovery, failure IndexShardRecoveryException[failed to recovery from gateway]; nested: EngineCreationFailureException[failed to recover from translog]; nested: EngineException[failed to recover from translog]; nested: TranslogCorruptedException[translog corruption while reading from stream]; nested: TranslogCorruptedException[translog stream is corrupted, expected: 0xa94db8f6, got: 0x68c36736]; ]], indexUUID [1CWRzkvfRB-D3v8U1_ZpEQ], message [failed recovery], failure [IndexShardRecoveryException[failed to recovery from gateway]; nested: EngineCreationFailureException[failed to recover from translog]; nested: EngineException[failed to recover from translog]; nested: TranslogCorruptedException[translog corruption while reading from stream]; nested: TranslogCorruptedException[translog stream is corrupted, expected: 0xa94db8f6, got: 0x68c36736]; ]
[test][[test][0]] IndexShardRecoveryException[failed to recovery from gateway]; nested: EngineCreationFailureException[failed to recover from translog]; nested: EngineException[failed to recover from translog]; nested: TranslogCorruptedException[translog corruption while reading from stream]; nested: TranslogCorruptedException[translog stream is corrupted, expected: 0xa94db8f6, got: 0x68c36736];
	at org.elasticsearch.index.shard.StoreRecovery.internalRecoverFromStore(StoreRecovery.java:234)
	at org.elasticsearch.index.shard.StoreRecovery.lambda$recoverFromStore$184(StoreRecovery.java:77)
	at org.elasticsearch.index.shard.StoreRecovery$$Lambda$696/1752519311.run(Unknown Source)
	at org.elasticsearch.index.shard.StoreRecovery.executeRecovery(StoreRecovery.java:122)
	at org.elasticsearch.index.shard.StoreRecovery.recoverFromStore(StoreRecovery.java:75)
	at org.elasticsearch.index.shard.IndexShard.recoverFromStore(IndexShard.java:1059)
	at org.elasticsearch.indices.cluster.IndicesClusterStateService.lambda$applyInitializingShard$190(IndicesClusterStateService.java:648)
	at org.elasticsearch.indices.cluster.IndicesClusterStateService$$Lambda$694/1687235994.run(Unknown Source)
	at java.util.concurrent.ThreadPoolExecutor.runWorker(ThreadPoolExecutor.java:1142)
	at java.util.concurrent.ThreadPoolExecutor$Worker.run(ThreadPoolExecutor.java:617)
	at java.lang.Thread.run(Thread.java:745)
Caused by: [test][[test][0]] EngineCreationFailureException[failed to recover from translog]; nested: EngineException[failed to recover from translog]; nested: TranslogCorruptedException[translog corruption while reading from stream]; nested: TranslogCorruptedException[translog stream is corrupted, expected: 0xa94db8f6, got: 0x68c36736];
	at org.elasticsearch.index.engine.InternalEngine.<init>(InternalEngine.java:175)
	at org.elasticsearch.test.engine.MockInternalEngine.<init>(MockInternalEngine.java:36)
	at org.elasticsearch.test.engine.MockEngineFactory.newReadWriteEngine(MockEngineFactory.java:36)
	at org.elasticsearch.index.shard.IndexShard.newEngine(IndexShard.java:1310)
	at org.elasticsearch.index.shard.IndexShard.createNewEngine(IndexShard.java:1305)
	at org.elasticsearch.index.shard.IndexShard.internalPerformTranslogRecovery(IndexShard.java:888)
	at org.elasticsearch.index.shard.IndexShard.performTranslogRecovery(IndexShard.java:866)
	at org.elasticsearch.index.shard.StoreRecovery.internalRecoverFromStore(StoreRecovery.java:230)
	... 10 more
Caused by: [test][[test][0]] EngineException[failed to recover from translog]; nested: TranslogCorruptedException[translog corruption while reading from stream]; nested: TranslogCorruptedException[translog stream is corrupted, expected: 0xa94db8f6, got: 0x68c36736];
	at org.elasticsearch.index.engine.InternalEngine.recoverFromTranslog(InternalEngine.java:251)
	at org.elasticsearch.index.engine.InternalEngine.<init>(InternalEngine.java:172)
	... 17 more
Caused by: TranslogCorruptedException[translog corruption while reading from stream]; nested: TranslogCorruptedException[translog stream is corrupted, expected: 0xa94db8f6, got: 0x68c36736];
	at org.elasticsearch.index.translog.Translog.readOperation(Translog.java:1133)
	at org.elasticsearch.index.translog.BaseTranslogReader.read(BaseTranslogReader.java:114)
	at org.elasticsearch.index.translog.TranslogSnapshot.readOperation(TranslogSnapshot.java:70)
	at org.elasticsearch.index.translog.TranslogSnapshot.next(TranslogSnapshot.java:61)
	at org.elasticsearch.index.translog.MultiSnapshot.next(MultiSnapshot.java:53)
	at org.elasticsearch.index.engine.InternalEngine.recoverFromTranslog(InternalEngine.java:237)
	... 18 more
Caused by: TranslogCorruptedException[translog stream is corrupted, expected: 0xa94db8f6, got: 0x68c36736]
	at org.elasticsearch.index.translog.Translog.verifyChecksum(Translog.java:1091)
	at org.elasticsearch.index.translog.Translog.readOperation(Translog.java:1123)
	... 23 more
[2016-03-29 17:31:13,132][WARN ][org.elasticsearch.indices.cluster] [node_s0] [[test][0]] marking and sending shard failed due to [failed recovery]
[test][[test][0]] IndexShardRecoveryException[failed to recovery from gateway]; nested: EngineCreationFailureException[failed to recover from translog]; nested: EngineException[failed to recover from translog]; nested: TranslogCorruptedException[translog corruption while reading from stream]; nested: TranslogCorruptedException[translog stream is corrupted, expected: 0xa94db8f6, got: 0x68c36736];
	at org.elasticsearch.index.shard.StoreRecovery.internalRecoverFromStore(StoreRecovery.java:234)
	at org.elasticsearch.index.shard.StoreRecovery.lambda$recoverFromStore$184(StoreRecovery.java:77)
	at org.elasticsearch.index.shard.StoreRecovery$$Lambda$696/1752519311.run(Unknown Source)
	at org.elasticsearch.index.shard.StoreRecovery.executeRecovery(StoreRecovery.java:122)
	at org.elasticsearch.index.shard.StoreRecovery.recoverFromStore(StoreRecovery.java:75)
	at org.elasticsearch.index.shard.IndexShard.recoverFromStore(IndexShard.java:1059)
	at org.elasticsearch.indices.cluster.IndicesClusterStateService.lambda$applyInitializingShard$190(IndicesClusterStateService.java:648)
	at org.elasticsearch.indices.cluster.IndicesClusterStateService$$Lambda$694/1687235994.run(Unknown Source)
	at java.util.concurrent.ThreadPoolExecutor.runWorker(ThreadPoolExecutor.java:1142)
	at java.util.concurrent.ThreadPoolExecutor$Worker.run(ThreadPoolExecutor.java:617)
	at java.lang.Thread.run(Thread.java:745)
Caused by: [test][[test][0]] EngineCreationFailureException[failed to recover from translog]; nested: EngineException[failed to recover from translog]; nested: TranslogCorruptedException[translog corruption while reading from stream]; nested: TranslogCorruptedException[translog stream is corrupted, expected: 0xa94db8f6, got: 0x68c36736];
	at org.elasticsearch.index.engine.InternalEngine.<init>(InternalEngine.java:175)
	at org.elasticsearch.test.engine.MockInternalEngine.<init>(MockInternalEngine.java:36)
	at org.elasticsearch.test.engine.MockEngineFactory.newReadWriteEngine(MockEngineFactory.java:36)
	at org.elasticsearch.index.shard.IndexShard.newEngine(IndexShard.java:1310)
	at org.elasticsearch.index.shard.IndexShard.createNewEngine(IndexShard.java:1305)
	at org.elasticsearch.index.shard.IndexShard.internalPerformTranslogRecovery(IndexShard.java:888)
	at org.elasticsearch.index.shard.IndexShard.performTranslogRecovery(IndexShard.java:866)
	at org.elasticsearch.index.shard.StoreRecovery.internalRecoverFromStore(StoreRecovery.java:230)
	... 10 more
Caused by: [test][[test][0]] EngineException[failed to recover from translog]; nested: TranslogCorruptedException[translog corruption while reading from stream]; nested: TranslogCorruptedException[translog stream is corrupted, expected: 0xa94db8f6, got: 0x68c36736];
	at org.elasticsearch.index.engine.InternalEngine.recoverFromTranslog(InternalEngine.java:251)
	at org.elasticsearch.index.engine.InternalEngine.<init>(InternalEngine.java:172)
	... 17 more
Caused by: TranslogCorruptedException[translog corruption while reading from stream]; nested: TranslogCorruptedException[translog stream is corrupted, expected: 0xa94db8f6, got: 0x68c36736];
	at org.elasticsearch.index.translog.Translog.readOperation(Translog.java:1133)
	at org.elasticsearch.index.translog.BaseTranslogReader.read(BaseTranslogReader.java:114)
	at org.elasticsearch.index.translog.TranslogSnapshot.readOperation(TranslogSnapshot.java:70)
	at org.elasticsearch.index.translog.TranslogSnapshot.next(TranslogSnapshot.java:61)
	at org.elasticsearch.index.translog.MultiSnapshot.next(MultiSnapshot.java:53)
	at org.elasticsearch.index.engine.InternalEngine.recoverFromTranslog(InternalEngine.java:237)
	... 18 more
Caused by: TranslogCorruptedException[translog stream is corrupted, expected: 0xa94db8f6, got: 0x68c36736]
	at org.elasticsearch.index.translog.Translog.verifyChecksum(Translog.java:1091)
	at org.elasticsearch.index.translog.Translog.readOperation(Translog.java:1123)
	... 23 more
[2016-03-29 17:31:13,133][WARN ][org.elasticsearch.cluster.action.shard] [node_s0] [test][0] received shard failed for [test][0], node[Y27JbEqhQsSb7nUkvqXFqw], [P], v[3], s[INITIALIZING], a[id=wUJVVPkQSCW_pk-swyWceQ], unassigned_info[[reason=ALLOCATION_FAILED], at[2016-03-29T21:31:13.121Z], details[failed recovery, failure IndexShardRecoveryException[failed to recovery from gateway]; nested: EngineCreationFailureException[failed to recover from translog]; nested: EngineException[failed to recover from translog]; nested: TranslogCorruptedException[translog corruption while reading from stream]; nested: TranslogCorruptedException[translog stream is corrupted, expected: 0xa94db8f6, got: 0x68c36736]; ]], indexUUID [1CWRzkvfRB-D3v8U1_ZpEQ], message [failed recovery], failure [IndexShardRecoveryException[failed to recovery from gateway]; nested: EngineCreationFailureException[failed to recover from translog]; nested: EngineException[failed to recover from translog]; nested: TranslogCorruptedException[translog corruption while reading from stream]; nested: TranslogCorruptedException[translog stream is corrupted, expected: 0xa94db8f6, got: 0x68c36736]; ]
[test][[test][0]] IndexShardRecoveryException[failed to recovery from gateway]; nested: EngineCreationFailureException[failed to recover from translog]; nested: EngineException[failed to recover from translog]; nested: TranslogCorruptedException[translog corruption while reading from stream]; nested: TranslogCorruptedException[translog stream is corrupted, expected: 0xa94db8f6, got: 0x68c36736];
	at org.elasticsearch.index.shard.StoreRecovery.internalRecoverFromStore(StoreRecovery.java:234)
	at org.elasticsearch.index.shard.StoreRecovery.lambda$recoverFromStore$184(StoreRecovery.java:77)
	at org.elasticsearch.index.shard.StoreRecovery$$Lambda$696/1752519311.run(Unknown Source)
	at org.elasticsearch.index.shard.StoreRecovery.executeRecovery(StoreRecovery.java:122)
	at org.elasticsearch.index.shard.StoreRecovery.recoverFromStore(StoreRecovery.java:75)
	at org.elasticsearch.index.shard.IndexShard.recoverFromStore(IndexShard.java:1059)
	at org.elasticsearch.indices.cluster.IndicesClusterStateService.lambda$applyInitializingShard$190(IndicesClusterStateService.java:648)
	at org.elasticsearch.indices.cluster.IndicesClusterStateService$$Lambda$694/1687235994.run(Unknown Source)
	at java.util.concurrent.ThreadPoolExecutor.runWorker(ThreadPoolExecutor.java:1142)
	at java.util.concurrent.ThreadPoolExecutor$Worker.run(ThreadPoolExecutor.java:617)
	at java.lang.Thread.run(Thread.java:745)
Caused by: [test][[test][0]] EngineCreationFailureException[failed to recover from translog]; nested: EngineException[failed to recover from translog]; nested: TranslogCorruptedException[translog corruption while reading from stream]; nested: TranslogCorruptedException[translog stream is corrupted, expected: 0xa94db8f6, got: 0x68c36736];
	at org.elasticsearch.index.engine.InternalEngine.<init>(InternalEngine.java:175)
	at org.elasticsearch.test.engine.MockInternalEngine.<init>(MockInternalEngine.java:36)
	at org.elasticsearch.test.engine.MockEngineFactory.newReadWriteEngine(MockEngineFactory.java:36)
	at org.elasticsearch.index.shard.IndexShard.newEngine(IndexShard.java:1310)
	at org.elasticsearch.index.shard.IndexShard.createNewEngine(IndexShard.java:1305)
	at org.elasticsearch.index.shard.IndexShard.internalPerformTranslogRecovery(IndexShard.java:888)
	at org.elasticsearch.index.shard.IndexShard.performTranslogRecovery(IndexShard.java:866)
	at org.elasticsearch.index.shard.StoreRecovery.internalRecoverFromStore(StoreRecovery.java:230)
	... 10 more
Caused by: [test][[test][0]] EngineException[failed to recover from translog]; nested: TranslogCorruptedException[translog corruption while reading from stream]; nested: TranslogCorruptedException[translog stream is corrupted, expected: 0xa94db8f6, got: 0x68c36736];
	at org.elasticsearch.index.engine.InternalEngine.recoverFromTranslog(InternalEngine.java:251)
	at org.elasticsearch.index.engine.InternalEngine.<init>(InternalEngine.java:172)
	... 17 more
Caused by: TranslogCorruptedException[translog corruption while reading from stream]; nested: TranslogCorruptedException[translog stream is corrupted, expected: 0xa94db8f6, got: 0x68c36736];
	at org.elasticsearch.index.translog.Translog.readOperation(Translog.java:1133)
	at org.elasticsearch.index.translog.BaseTranslogReader.read(BaseTranslogReader.java:114)
	at org.elasticsearch.index.translog.TranslogSnapshot.readOperation(TranslogSnapshot.java:70)
	at org.elasticsearch.index.translog.TranslogSnapshot.next(TranslogSnapshot.java:61)
	at org.elasticsearch.index.translog.MultiSnapshot.next(MultiSnapshot.java:53)
	at org.elasticsearch.index.engine.InternalEngine.recoverFromTranslog(InternalEngine.java:237)
	... 18 more
Caused by: TranslogCorruptedException[translog stream is corrupted, expected: 0xa94db8f6, got: 0x68c36736]
	at org.elasticsearch.index.translog.Translog.verifyChecksum(Translog.java:1091)
	at org.elasticsearch.index.translog.Translog.readOperation(Translog.java:1123)
	... 23 more
[2016-03-29 17:31:13,145][WARN ][org.elasticsearch.indices.cluster] [node_s0] [[test][0]] marking and sending shard failed due to [failed recovery]
[test][[test][0]] IndexShardRecoveryException[failed to recovery from gateway]; nested: EngineCreationFailureException[failed to recover from translog]; nested: EngineException[failed to recover from translog]; nested: TranslogCorruptedException[translog corruption while reading from stream]; nested: TranslogCorruptedException[translog stream is corrupted, expected: 0xa94db8f6, got: 0x68c36736];
	at org.elasticsearch.index.shard.StoreRecovery.internalRecoverFromStore(StoreRecovery.java:234)
	at org.elasticsearch.index.shard.StoreRecovery.lambda$recoverFromStore$184(StoreRecovery.java:77)
	at org.elasticsearch.index.shard.StoreRecovery$$Lambda$696/1752519311.run(Unknown Source)
	at org.elasticsearch.index.shard.StoreRecovery.executeRecovery(StoreRecovery.java:122)
	at org.elasticsearch.index.shard.StoreRecovery.recoverFromStore(StoreRecovery.java:75)
	at org.elasticsearch.index.shard.IndexShard.recoverFromStore(IndexShard.java:1059)
	at org.elasticsearch.indices.cluster.IndicesClusterStateService.lambda$applyInitializingShard$190(IndicesClusterStateService.java:648)
	at org.elasticsearch.indices.cluster.IndicesClusterStateService$$Lambda$694/1687235994.run(Unknown Source)
	at java.util.concurrent.ThreadPoolExecutor.runWorker(ThreadPoolExecutor.java:1142)
	at java.util.concurrent.ThreadPoolExecutor$Worker.run(ThreadPoolExecutor.java:617)
	at java.lang.Thread.run(Thread.java:745)
Caused by: [test][[test][0]] EngineCreationFailureException[failed to recover from translog]; nested: EngineException[failed to recover from translog]; nested: TranslogCorruptedException[translog corruption while reading from stream]; nested: TranslogCorruptedException[translog stream is corrupted, expected: 0xa94db8f6, got: 0x68c36736];
	at org.elasticsearch.index.engine.InternalEngine.<init>(InternalEngine.java:175)
	at org.elasticsearch.test.engine.MockInternalEngine.<init>(MockInternalEngine.java:36)
	at org.elasticsearch.test.engine.MockEngineFactory.newReadWriteEngine(MockEngineFactory.java:36)
	at org.elasticsearch.index.shard.IndexShard.newEngine(IndexShard.java:1310)
	at org.elasticsearch.index.shard.IndexShard.createNewEngine(IndexShard.java:1305)
	at org.elasticsearch.index.shard.IndexShard.internalPerformTranslogRecovery(IndexShard.java:888)
	at org.elasticsearch.index.shard.IndexShard.performTranslogRecovery(IndexShard.java:866)
	at org.elasticsearch.index.shard.StoreRecovery.internalRecoverFromStore(StoreRecovery.java:230)
	... 10 more
Caused by: [test][[test][0]] EngineException[failed to recover from translog]; nested: TranslogCorruptedException[translog corruption while reading from stream]; nested: TranslogCorruptedException[translog stream is corrupted, expected: 0xa94db8f6, got: 0x68c36736];
	at org.elasticsearch.index.engine.InternalEngine.recoverFromTranslog(InternalEngine.java:251)
	at org.elasticsearch.index.engine.InternalEngine.<init>(InternalEngine.java:172)
	... 17 more
Caused by: TranslogCorruptedException[translog corruption while reading from stream]; nested: TranslogCorruptedException[translog stream is corrupted, expected: 0xa94db8f6, got: 0x68c36736];
	at org.elasticsearch.index.translog.Translog.readOperation(Translog.java:1133)
	at org.elasticsearch.index.translog.BaseTranslogReader.read(BaseTranslogReader.java:114)
	at org.elasticsearch.index.translog.TranslogSnapshot.readOperation(TranslogSnapshot.java:70)
	at org.elasticsearch.index.translog.TranslogSnapshot.next(TranslogSnapshot.java:61)
	at org.elasticsearch.index.translog.MultiSnapshot.next(MultiSnapshot.java:53)
	at org.elasticsearch.index.engine.InternalEngine.recoverFromTranslog(InternalEngine.java:237)
	... 18 more
Caused by: TranslogCorruptedException[translog stream is corrupted, expected: 0xa94db8f6, got: 0x68c36736]
	at org.elasticsearch.index.translog.Translog.verifyChecksum(Translog.java:1091)
	at org.elasticsearch.index.translog.Translog.readOperation(Translog.java:1123)
	... 23 more
[2016-03-29 17:31:13,146][WARN ][org.elasticsearch.cluster.action.shard] [node_s0] [test][0] received shard failed for [test][0], node[Y27JbEqhQsSb7nUkvqXFqw], [P], v[3], s[INITIALIZING], a[id=hlJHitZaSJqDsZ4Q0EEuPA], unassigned_info[[reason=ALLOCATION_FAILED], at[2016-03-29T21:31:13.133Z], details[failed recovery, failure IndexShardRecoveryException[failed to recovery from gateway]; nested: EngineCreationFailureException[failed to recover from translog]; nested: EngineException[failed to recover from translog]; nested: TranslogCorruptedException[translog corruption while reading from stream]; nested: TranslogCorruptedException[translog stream is corrupted, expected: 0xa94db8f6, got: 0x68c36736]; ]], indexUUID [1CWRzkvfRB-D3v8U1_ZpEQ], message [failed recovery], failure [IndexShardRecoveryException[failed to recovery from gateway]; nested: EngineCreationFailureException[failed to recover from translog]; nested: EngineException[failed to recover from translog]; nested: TranslogCorruptedException[translog corruption while reading from stream]; nested: TranslogCorruptedException[translog stream is corrupted, expected: 0xa94db8f6, got: 0x68c36736]; ]
[test][[test][0]] IndexShardRecoveryException[failed to recovery from gateway]; nested: EngineCreationFailureException[failed to recover from translog]; nested: EngineException[failed to recover from translog]; nested: TranslogCorruptedException[translog corruption while reading from stream]; nested: TranslogCorruptedException[translog stream is corrupted, expected: 0xa94db8f6, got: 0x68c36736];
	at org.elasticsearch.index.shard.StoreRecovery.internalRecoverFromStore(StoreRecovery.java:234)
	at org.elasticsearch.index.shard.StoreRecovery.lambda$recoverFromStore$184(StoreRecovery.java:77)
	at org.elasticsearch.index.shard.StoreRecovery$$Lambda$696/1752519311.run(Unknown Source)
	at org.elasticsearch.index.shard.StoreRecovery.executeRecovery(StoreRecovery.java:122)
	at org.elasticsearch.index.shard.StoreRecovery.recoverFromStore(StoreRecovery.java:75)
	at org.elasticsearch.index.shard.IndexShard.recoverFromStore(IndexShard.java:1059)
	at org.elasticsearch.indices.cluster.IndicesClusterStateService.lambda$applyInitializingShard$190(IndicesClusterStateService.java:648)
	at org.elasticsearch.indices.cluster.IndicesClusterStateService$$Lambda$694/1687235994.run(Unknown Source)
	at java.util.concurrent.ThreadPoolExecutor.runWorker(ThreadPoolExecutor.java:1142)
	at java.util.concurrent.ThreadPoolExecutor$Worker.run(ThreadPoolExecutor.java:617)
	at java.lang.Thread.run(Thread.java:745)
Caused by: [test][[test][0]] EngineCreationFailureException[failed to recover from translog]; nested: EngineException[failed to recover from translog]; nested: TranslogCorruptedException[translog corruption while reading from stream]; nested: TranslogCorruptedException[translog stream is corrupted, expected: 0xa94db8f6, got: 0x68c36736];
	at org.elasticsearch.index.engine.InternalEngine.<init>(InternalEngine.java:175)
	at org.elasticsearch.test.engine.MockInternalEngine.<init>(MockInternalEngine.java:36)
	at org.elasticsearch.test.engine.MockEngineFactory.newReadWriteEngine(MockEngineFactory.java:36)
	at org.elasticsearch.index.shard.IndexShard.newEngine(IndexShard.java:1310)
	at org.elasticsearch.index.shard.IndexShard.createNewEngine(IndexShard.java:1305)
	at org.elasticsearch.index.shard.IndexShard.internalPerformTranslogRecovery(IndexShard.java:888)
	at org.elasticsearch.index.shard.IndexShard.performTranslogRecovery(IndexShard.java:866)
	at org.elasticsearch.index.shard.StoreRecovery.internalRecoverFromStore(StoreRecovery.java:230)
	... 10 more
Caused by: [test][[test][0]] EngineException[failed to recover from translog]; nested: TranslogCorruptedException[translog corruption while reading from stream]; nested: TranslogCorruptedException[translog stream is corrupted, expected: 0xa94db8f6, got: 0x68c36736];
	at org.elasticsearch.index.engine.InternalEngine.recoverFromTranslog(InternalEngine.java:251)
	at org.elasticsearch.index.engine.InternalEngine.<init>(InternalEngine.java:172)
	... 17 more
Caused by: TranslogCorruptedException[translog corruption while reading from stream]; nested: TranslogCorruptedException[translog stream is corrupted, expected: 0xa94db8f6, got: 0x68c36736];
	at org.elasticsearch.index.translog.Translog.readOperation(Translog.java:1133)
	at org.elasticsearch.index.translog.BaseTranslogReader.read(BaseTranslogReader.java:114)
	at org.elasticsearch.index.translog.TranslogSnapshot.readOperation(TranslogSnapshot.java:70)
	at org.elasticsearch.index.translog.TranslogSnapshot.next(TranslogSnapshot.java:61)
	at org.elasticsearch.index.translog.MultiSnapshot.next(MultiSnapshot.java:53)
	at org.elasticsearch.index.engine.InternalEngine.recoverFromTranslog(InternalEngine.java:237)
	... 18 more
Caused by: TranslogCorruptedException[translog stream is corrupted, expected: 0xa94db8f6, got: 0x68c36736]
	at org.elasticsearch.index.translog.Translog.verifyChecksum(Translog.java:1091)
	at org.elasticsearch.index.translog.Translog.readOperation(Translog.java:1123)
	... 23 more
[2016-03-29 17:31:13,163][WARN ][org.elasticsearch.indices.cluster] [node_s0] [[test][0]] marking and sending shard failed due to [failed recovery]
[test][[test][0]] IndexShardRecoveryException[failed to recovery from gateway]; nested: EngineCreationFailureException[failed to recover from translog]; nested: EngineException[failed to recover from translog]; nested: TranslogCorruptedException[translog corruption while reading from stream]; nested: TranslogCorruptedException[translog stream is corrupted, expected: 0xa94db8f6, got: 0x68c36736];
	at org.elasticsearch.index.shard.StoreRecovery.internalRecoverFromStore(StoreRecovery.java:234)
	at org.elasticsearch.index.shard.StoreRecovery.lambda$recoverFromStore$184(StoreRecovery.java:77)
	at org.elasticsearch.index.shard.StoreRecovery$$Lambda$696/1752519311.run(Unknown Source)
	at org.elasticsearch.index.shard.StoreRecovery.executeRecovery(StoreRecovery.java:122)
	at org.elasticsearch.index.shard.StoreRecovery.recoverFromStore(StoreRecovery.java:75)
	at org.elasticsearch.index.shard.IndexShard.recoverFromStore(IndexShard.java:1059)
	at org.elasticsearch.indices.cluster.IndicesClusterStateService.lambda$applyInitializingShard$190(IndicesClusterStateService.java:648)
	at org.elasticsearch.indices.cluster.IndicesClusterStateService$$Lambda$694/1687235994.run(Unknown Source)
	at java.util.concurrent.ThreadPoolExecutor.runWorker(ThreadPoolExecutor.java:1142)
	at java.util.concurrent.ThreadPoolExecutor$Worker.run(ThreadPoolExecutor.java:617)
	at java.lang.Thread.run(Thread.java:745)
Caused by: [test][[test][0]] EngineCreationFailureException[failed to recover from translog]; nested: EngineException[failed to recover from translog]; nested: TranslogCorruptedException[translog corruption while reading from stream]; nested: TranslogCorruptedException[translog stream is corrupted, expected: 0xa94db8f6, got: 0x68c36736];
	at org.elasticsearch.index.engine.InternalEngine.<init>(InternalEngine.java:175)
	at org.elasticsearch.test.engine.MockInternalEngine.<init>(MockInternalEngine.java:36)
	at org.elasticsearch.test.engine.MockEngineFactory.newReadWriteEngine(MockEngineFactory.java:36)
	at org.elasticsearch.index.shard.IndexShard.newEngine(IndexShard.java:1310)
	at org.elasticsearch.index.shard.IndexShard.createNewEngine(IndexShard.java:1305)
	at org.elasticsearch.index.shard.IndexShard.internalPerformTranslogRecovery(IndexShard.java:888)
	at org.elasticsearch.index.shard.IndexShard.performTranslogRecovery(IndexShard.java:866)
	at org.elasticsearch.index.shard.StoreRecovery.internalRecoverFromStore(StoreRecovery.java:230)
	... 10 more
Caused by: [test][[test][0]] EngineException[failed to recover from translog]; nested: TranslogCorruptedException[translog corruption while reading from stream]; nested: TranslogCorruptedException[translog stream is corrupted, expected: 0xa94db8f6, got: 0x68c36736];
	at org.elasticsearch.index.engine.InternalEngine.recoverFromTranslog(InternalEngine.java:251)
	at org.elasticsearch.index.engine.InternalEngine.<init>(InternalEngine.java:172)
	... 17 more
Caused by: TranslogCorruptedException[translog corruption while reading from stream]; nested: TranslogCorruptedException[translog stream is corrupted, expected: 0xa94db8f6, got: 0x68c36736];
	at org.elasticsearch.index.translog.Translog.readOperation(Translog.java:1133)
	at org.elasticsearch.index.translog.BaseTranslogReader.read(BaseTranslogReader.java:114)
	at org.elasticsearch.index.translog.TranslogSnapshot.readOperation(TranslogSnapshot.java:70)
	at org.elasticsearch.index.translog.TranslogSnapshot.next(TranslogSnapshot.java:61)
	at org.elasticsearch.index.translog.MultiSnapshot.next(MultiSnapshot.java:53)
	at org.elasticsearch.index.engine.InternalEngine.recoverFromTranslog(InternalEngine.java:237)
	... 18 more
Caused by: TranslogCorruptedException[translog stream is corrupted, expected: 0xa94db8f6, got: 0x68c36736]
	at org.elasticsearch.index.translog.Translog.verifyChecksum(Translog.java:1091)
	at org.elasticsearch.index.translog.Translog.readOperation(Translog.java:1123)
	... 23 more
[2016-03-29 17:31:13,164][WARN ][org.elasticsearch.cluster.action.shard] [node_s0] [test][0] received shard failed for [test][0], node[Y27JbEqhQsSb7nUkvqXFqw], [P], v[3], s[INITIALIZING], a[id=WmYrcaDsQY2H7E8UHFfJrw], unassigned_info[[reason=ALLOCATION_FAILED], at[2016-03-29T21:31:13.146Z], details[failed recovery, failure IndexShardRecoveryException[failed to recovery from gateway]; nested: EngineCreationFailureException[failed to recover from translog]; nested: EngineException[failed to recover from translog]; nested: TranslogCorruptedException[translog corruption while reading from stream]; nested: TranslogCorruptedException[translog stream is corrupted, expected: 0xa94db8f6, got: 0x68c36736]; ]], indexUUID [1CWRzkvfRB-D3v8U1_ZpEQ], message [failed recovery], failure [IndexShardRecoveryException[failed to recovery from gateway]; nested: EngineCreationFailureException[failed to recover from translog]; nested: EngineException[failed to recover from translog]; nested: TranslogCorruptedException[translog corruption while reading from stream]; nested: TranslogCorruptedException[translog stream is corrupted, expected: 0xa94db8f6, got: 0x68c36736]; ]
[test][[test][0]] IndexShardRecoveryException[failed to recovery from gateway]; nested: EngineCreationFailureException[failed to recover from translog]; nested: EngineException[failed to recover from translog]; nested: TranslogCorruptedException[translog corruption while reading from stream]; nested: TranslogCorruptedException[translog stream is corrupted, expected: 0xa94db8f6, got: 0x68c36736];
	at org.elasticsearch.index.shard.StoreRecovery.internalRecoverFromStore(StoreRecovery.java:234)
	at org.elasticsearch.index.shard.StoreRecovery.lambda$recoverFromStore$184(StoreRecovery.java:77)
	at org.elasticsearch.index.shard.StoreRecovery$$Lambda$696/1752519311.run(Unknown Source)
	at org.elasticsearch.index.shard.StoreRecovery.executeRecovery(StoreRecovery.java:122)
	at org.elasticsearch.index.shard.StoreRecovery.recoverFromStore(StoreRecovery.java:75)
	at org.elasticsearch.index.shard.IndexShard.recoverFromStore(IndexShard.java:1059)
	at org.elasticsearch.indices.cluster.IndicesClusterStateService.lambda$applyInitializingShard$190(IndicesClusterStateService.java:648)
	at org.elasticsearch.indices.cluster.IndicesClusterStateService$$Lambda$694/1687235994.run(Unknown Source)
	at java.util.concurrent.ThreadPoolExecutor.runWorker(ThreadPoolExecutor.java:1142)
	at java.util.concurrent.ThreadPoolExecutor$Worker.run(ThreadPoolExecutor.java:617)
	at java.lang.Thread.run(Thread.java:745)
Caused by: [test][[test][0]] EngineCreationFailureException[failed to recover from translog]; nested: EngineException[failed to recover from translog]; nested: TranslogCorruptedException[translog corruption while reading from stream]; nested: TranslogCorruptedException[translog stream is corrupted, expected: 0xa94db8f6, got: 0x68c36736];
	at org.elasticsearch.index.engine.InternalEngine.<init>(InternalEngine.java:175)
	at org.elasticsearch.test.engine.MockInternalEngine.<init>(MockInternalEngine.java:36)
	at org.elasticsearch.test.engine.MockEngineFactory.newReadWriteEngine(MockEngineFactory.java:36)
	at org.elasticsearch.index.shard.IndexShard.newEngine(IndexShard.java:1310)
	at org.elasticsearch.index.shard.IndexShard.createNewEngine(IndexShard.java:1305)
	at org.elasticsearch.index.shard.IndexShard.internalPerformTranslogRecovery(IndexShard.java:888)
	at org.elasticsearch.index.shard.IndexShard.performTranslogRecovery(IndexShard.java:866)
	at org.elasticsearch.index.shard.StoreRecovery.internalRecoverFromStore(StoreRecovery.java:230)
	... 10 more
Caused by: [test][[test][0]] EngineException[failed to recover from translog]; nested: TranslogCorruptedException[translog corruption while reading from stream]; nested: TranslogCorruptedException[translog stream is corrupted, expected: 0xa94db8f6, got: 0x68c36736];
	at org.elasticsearch.index.engine.InternalEngine.recoverFromTranslog(InternalEngine.java:251)
	at org.elasticsearch.index.engine.InternalEngine.<init>(InternalEngine.java:172)
	... 17 more
Caused by: TranslogCorruptedException[translog corruption while reading from stream]; nested: TranslogCorruptedException[translog stream is corrupted, expected: 0xa94db8f6, got: 0x68c36736];
	at org.elasticsearch.index.translog.Translog.readOperation(Translog.java:1133)
	at org.elasticsearch.index.translog.BaseTranslogReader.read(BaseTranslogReader.java:114)
	at org.elasticsearch.index.translog.TranslogSnapshot.readOperation(TranslogSnapshot.java:70)
	at org.elasticsearch.index.translog.TranslogSnapshot.next(TranslogSnapshot.java:61)
	at org.elasticsearch.index.translog.MultiSnapshot.next(MultiSnapshot.java:53)
	at org.elasticsearch.index.engine.InternalEngine.recoverFromTranslog(InternalEngine.java:237)
	... 18 more
Caused by: TranslogCorruptedException[translog stream is corrupted, expected: 0xa94db8f6, got: 0x68c36736]
	at org.elasticsearch.index.translog.Translog.verifyChecksum(Translog.java:1091)
	at org.elasticsearch.index.translog.Translog.readOperation(Translog.java:1123)
	... 23 more
[2016-03-29 17:31:13,177][WARN ][org.elasticsearch.indices.cluster] [node_s0] [[test][0]] marking and sending shard failed due to [failed recovery]
[test][[test][0]] IndexShardRecoveryException[failed to recovery from gateway]; nested: EngineCreationFailureException[failed to recover from translog]; nested: EngineException[failed to recover from translog]; nested: TranslogCorruptedException[translog corruption while reading from stream]; nested: TranslogCorruptedException[translog stream is corrupted, expected: 0xa94db8f6, got: 0x68c36736];
	at org.elasticsearch.index.shard.StoreRecovery.internalRecoverFromStore(StoreRecovery.java:234)
	at org.elasticsearch.index.shard.StoreRecovery.lambda$recoverFromStore$184(StoreRecovery.java:77)
	at org.elasticsearch.index.shard.StoreRecovery$$Lambda$696/1752519311.run(Unknown Source)
	at org.elasticsearch.index.shard.StoreRecovery.executeRecovery(StoreRecovery.java:122)
	at org.elasticsearch.index.shard.StoreRecovery.recoverFromStore(StoreRecovery.java:75)
	at org.elasticsearch.index.shard.IndexShard.recoverFromStore(IndexShard.java:1059)
	at org.elasticsearch.indices.cluster.IndicesClusterStateService.lambda$applyInitializingShard$190(IndicesClusterStateService.java:648)
	at org.elasticsearch.indices.cluster.IndicesClusterStateService$$Lambda$694/1687235994.run(Unknown Source)
	at java.util.concurrent.ThreadPoolExecutor.runWorker(ThreadPoolExecutor.java:1142)
	at java.util.concurrent.ThreadPoolExecutor$Worker.run(ThreadPoolExecutor.java:617)
	at java.lang.Thread.run(Thread.java:745)
Caused by: [test][[test][0]] EngineCreationFailureException[failed to recover from translog]; nested: EngineException[failed to recover from translog]; nested: TranslogCorruptedException[translog corruption while reading from stream]; nested: TranslogCorruptedException[translog stream is corrupted, expected: 0xa94db8f6, got: 0x68c36736];
	at org.elasticsearch.index.engine.InternalEngine.<init>(InternalEngine.java:175)
	at org.elasticsearch.test.engine.MockInternalEngine.<init>(MockInternalEngine.java:36)
	at org.elasticsearch.test.engine.MockEngineFactory.newReadWriteEngine(MockEngineFactory.java:36)
	at org.elasticsearch.index.shard.IndexShard.newEngine(IndexShard.java:1310)
	at org.elasticsearch.index.shard.IndexShard.createNewEngine(IndexShard.java:1305)
	at org.elasticsearch.index.shard.IndexShard.internalPerformTranslogRecovery(IndexShard.java:888)
	at org.elasticsearch.index.shard.IndexShard.performTranslogRecovery(IndexShard.java:866)
	at org.elasticsearch.index.shard.StoreRecovery.internalRecoverFromStore(StoreRecovery.java:230)
	... 10 more
Caused by: [test][[test][0]] EngineException[failed to recover from translog]; nested: TranslogCorruptedException[translog corruption while reading from stream]; nested: TranslogCorruptedException[translog stream is corrupted, expected: 0xa94db8f6, got: 0x68c36736];
	at org.elasticsearch.index.engine.InternalEngine.recoverFromTranslog(InternalEngine.java:251)
	at org.elasticsearch.index.engine.InternalEngine.<init>(InternalEngine.java:172)
	... 17 more
Caused by: TranslogCorruptedException[translog corruption while reading from stream]; nested: TranslogCorruptedException[translog stream is corrupted, expected: 0xa94db8f6, got: 0x68c36736];
	at org.elasticsearch.index.translog.Translog.readOperation(Translog.java:1133)
	at org.elasticsearch.index.translog.BaseTranslogReader.read(BaseTranslogReader.java:114)
	at org.elasticsearch.index.translog.TranslogSnapshot.readOperation(TranslogSnapshot.java:70)
	at org.elasticsearch.index.translog.TranslogSnapshot.next(TranslogSnapshot.java:61)
	at org.elasticsearch.index.translog.MultiSnapshot.next(MultiSnapshot.java:53)
	at org.elasticsearch.index.engine.InternalEngine.recoverFromTranslog(InternalEngine.java:237)
	... 18 more
Caused by: TranslogCorruptedException[translog stream is corrupted, expected: 0xa94db8f6, got: 0x68c36736]
	at org.elasticsearch.index.translog.Translog.verifyChecksum(Translog.java:1091)
	at org.elasticsearch.index.translog.Translog.readOperation(Translog.java:1123)
	... 23 more
[2016-03-29 17:31:13,177][WARN ][org.elasticsearch.cluster.action.shard] [node_s0] [test][0] received shard failed for [test][0], node[Y27JbEqhQsSb7nUkvqXFqw], [P], v[3], s[INITIALIZING], a[id=GyKn5GjqQaCo2mZf-cDMHQ], unassigned_info[[reason=ALLOCATION_FAILED], at[2016-03-29T21:31:13.164Z], details[failed recovery, failure IndexShardRecoveryException[failed to recovery from gateway]; nested: EngineCreationFailureException[failed to recover from translog]; nested: EngineException[failed to recover from translog]; nested: TranslogCorruptedException[translog corruption while reading from stream]; nested: TranslogCorruptedException[translog stream is corrupted, expected: 0xa94db8f6, got: 0x68c36736]; ]], indexUUID [1CWRzkvfRB-D3v8U1_ZpEQ], message [failed recovery], failure [IndexShardRecoveryException[failed to recovery from gateway]; nested: EngineCreationFailureException[failed to recover from translog]; nested: EngineException[failed to recover from translog]; nested: TranslogCorruptedException[translog corruption while reading from stream]; nested: TranslogCorruptedException[translog stream is corrupted, expected: 0xa94db8f6, got: 0x68c36736]; ]
[test][[test][0]] IndexShardRecoveryException[failed to recovery from gateway]; nested: EngineCreationFailureException[failed to recover from translog]; nested: EngineException[failed to recover from translog]; nested: TranslogCorruptedException[translog corruption while reading from stream]; nested: TranslogCorruptedException[translog stream is corrupted, expected: 0xa94db8f6, got: 0x68c36736];
	at org.elasticsearch.index.shard.StoreRecovery.internalRecoverFromStore(StoreRecovery.java:234)
	at org.elasticsearch.index.shard.StoreRecovery.lambda$recoverFromStore$184(StoreRecovery.java:77)
	at org.elasticsearch.index.shard.StoreRecovery$$Lambda$696/1752519311.run(Unknown Source)
	at org.elasticsearch.index.shard.StoreRecovery.executeRecovery(StoreRecovery.java:122)
	at org.elasticsearch.index.shard.StoreRecovery.recoverFromStore(StoreRecovery.java:75)
	at org.elasticsearch.index.shard.IndexShard.recoverFromStore(IndexShard.java:1059)
	at org.elasticsearch.indices.cluster.IndicesClusterStateService.lambda$applyInitializingShard$190(IndicesClusterStateService.java:648)
	at org.elasticsearch.indices.cluster.IndicesClusterStateService$$Lambda$694/1687235994.run(Unknown Source)
	at java.util.concurrent.ThreadPoolExecutor.runWorker(ThreadPoolExecutor.java:1142)
	at java.util.concurrent.ThreadPoolExecutor$Worker.run(ThreadPoolExecutor.java:617)
	at java.lang.Thread.run(Thread.java:745)
Caused by: [test][[test][0]] EngineCreationFailureException[failed to recover from translog]; nested: EngineException[failed to recover from translog]; nested: TranslogCorruptedException[translog corruption while reading from stream]; nested: TranslogCorruptedException[translog stream is corrupted, expected: 0xa94db8f6, got: 0x68c36736];
	at org.elasticsearch.index.engine.InternalEngine.<init>(InternalEngine.java:175)
	at org.elasticsearch.test.engine.MockInternalEngine.<init>(MockInternalEngine.java:36)
	at org.elasticsearch.test.engine.MockEngineFactory.newReadWriteEngine(MockEngineFactory.java:36)
	at org.elasticsearch.index.shard.IndexShard.newEngine(IndexShard.java:1310)
	at org.elasticsearch.index.shard.IndexShard.createNewEngine(IndexShard.java:1305)
	at org.elasticsearch.index.shard.IndexShard.internalPerformTranslogRecovery(IndexShard.java:888)
	at org.elasticsearch.index.shard.IndexShard.performTranslogRecovery(IndexShard.java:866)
	at org.elasticsearch.index.shard.StoreRecovery.internalRecoverFromStore(StoreRecovery.java:230)
	... 10 more
Caused by: [test][[test][0]] EngineException[failed to recover from translog]; nested: TranslogCorruptedException[translog corruption while reading from stream]; nested: TranslogCorruptedException[translog stream is corrupted, expected: 0xa94db8f6, got: 0x68c36736];
	at org.elasticsearch.index.engine.InternalEngine.recoverFromTranslog(InternalEngine.java:251)
	at org.elasticsearch.index.engine.InternalEngine.<init>(InternalEngine.java:172)
	... 17 more
Caused by: TranslogCorruptedException[translog corruption while reading from stream]; nested: TranslogCorruptedException[translog stream is corrupted, expected: 0xa94db8f6, got: 0x68c36736];
	at org.elasticsearch.index.translog.Translog.readOperation(Translog.java:1133)
	at org.elasticsearch.index.translog.BaseTranslogReader.read(BaseTranslogReader.java:114)
	at org.elasticsearch.index.translog.TranslogSnapshot.readOperation(TranslogSnapshot.java:70)
	at org.elasticsearch.index.translog.TranslogSnapshot.next(TranslogSnapshot.java:61)
	at org.elasticsearch.index.translog.MultiSnapshot.next(MultiSnapshot.java:53)
	at org.elasticsearch.index.engine.InternalEngine.recoverFromTranslog(InternalEngine.java:237)
	... 18 more
Caused by: TranslogCorruptedException[translog stream is corrupted, expected: 0xa94db8f6, got: 0x68c36736]
	at org.elasticsearch.index.translog.Translog.verifyChecksum(Translog.java:1091)
	at org.elasticsearch.index.translog.Translog.readOperation(Translog.java:1123)
	... 23 more
[2016-03-29 17:31:13,190][WARN ][org.elasticsearch.indices.cluster] [node_s0] [[test][0]] marking and sending shard failed due to [failed recovery]
[test][[test][0]] IndexShardRecoveryException[failed to recovery from gateway]; nested: EngineCreationFailureException[failed to recover from translog]; nested: EngineException[failed to recover from translog]; nested: TranslogCorruptedException[translog corruption while reading from stream]; nested: TranslogCorruptedException[translog stream is corrupted, expected: 0xa94db8f6, got: 0x68c36736];
	at org.elasticsearch.index.shard.StoreRecovery.internalRecoverFromStore(StoreRecovery.java:234)
	at org.elasticsearch.index.shard.StoreRecovery.lambda$recoverFromStore$184(StoreRecovery.java:77)
	at org.elasticsearch.index.shard.StoreRecovery$$Lambda$696/1752519311.run(Unknown Source)
	at org.elasticsearch.index.shard.StoreRecovery.executeRecovery(StoreRecovery.java:122)
	at org.elasticsearch.index.shard.StoreRecovery.recoverFromStore(StoreRecovery.java:75)
	at org.elasticsearch.index.shard.IndexShard.recoverFromStore(IndexShard.java:1059)
	at org.elasticsearch.indices.cluster.IndicesClusterStateService.lambda$applyInitializingShard$190(IndicesClusterStateService.java:648)
	at org.elasticsearch.indices.cluster.IndicesClusterStateService$$Lambda$694/1687235994.run(Unknown Source)
	at java.util.concurrent.ThreadPoolExecutor.runWorker(ThreadPoolExecutor.java:1142)
	at java.util.concurrent.ThreadPoolExecutor$Worker.run(ThreadPoolExecutor.java:617)
	at java.lang.Thread.run(Thread.java:745)
Caused by: [test][[test][0]] EngineCreationFailureException[failed to recover from translog]; nested: EngineException[failed to recover from translog]; nested: TranslogCorruptedException[translog corruption while reading from stream]; nested: TranslogCorruptedException[translog stream is corrupted, expected: 0xa94db8f6, got: 0x68c36736];
	at org.elasticsearch.index.engine.InternalEngine.<init>(InternalEngine.java:175)
	at org.elasticsearch.test.engine.MockInternalEngine.<init>(MockInternalEngine.java:36)
	at org.elasticsearch.test.engine.MockEngineFactory.newReadWriteEngine(MockEngineFactory.java:36)
	at org.elasticsearch.index.shard.IndexShard.newEngine(IndexShard.java:1310)
	at org.elasticsearch.index.shard.IndexShard.createNewEngine(IndexShard.java:1305)
	at org.elasticsearch.index.shard.IndexShard.internalPerformTranslogRecovery(IndexShard.java:888)
	at org.elasticsearch.index.shard.IndexShard.performTranslogRecovery(IndexShard.java:866)
	at org.elasticsearch.index.shard.StoreRecovery.internalRecoverFromStore(StoreRecovery.java:230)
	... 10 more
Caused by: [test][[test][0]] EngineException[failed to recover from translog]; nested: TranslogCorruptedException[translog corruption while reading from stream]; nested: TranslogCorruptedException[translog stream is corrupted, expected: 0xa94db8f6, got: 0x68c36736];
	at org.elasticsearch.index.engine.InternalEngine.recoverFromTranslog(InternalEngine.java:251)
	at org.elasticsearch.index.engine.InternalEngine.<init>(InternalEngine.java:172)
	... 17 more
Caused by: TranslogCorruptedException[translog corruption while reading from stream]; nested: TranslogCorruptedException[translog stream is corrupted, expected: 0xa94db8f6, got: 0x68c36736];
	at org.elasticsearch.index.translog.Translog.readOperation(Translog.java:1133)
	at org.elasticsearch.index.translog.BaseTranslogReader.read(BaseTranslogReader.java:114)
	at org.elasticsearch.index.translog.TranslogSnapshot.readOperation(TranslogSnapshot.java:70)
	at org.elasticsearch.index.translog.TranslogSnapshot.next(TranslogSnapshot.java:61)
	at org.elasticsearch.index.translog.MultiSnapshot.next(MultiSnapshot.java:53)
	at org.elasticsearch.index.engine.InternalEngine.recoverFromTranslog(InternalEngine.java:237)
	... 18 more
Caused by: TranslogCorruptedException[translog stream is corrupted, expected: 0xa94db8f6, got: 0x68c36736]
	at org.elasticsearch.index.translog.Translog.verifyChecksum(Translog.java:1091)
	at org.elasticsearch.index.translog.Translog.readOperation(Translog.java:1123)
	... 23 more
[2016-03-29 17:31:13,191][WARN ][org.elasticsearch.cluster.action.shard] [node_s0] [test][0] received shard failed for [test][0], node[Y27JbEqhQsSb7nUkvqXFqw], [P], v[3], s[INITIALIZING], a[id=3lRl0zq1TFeUFP7AL6hMOw], unassigned_info[[reason=ALLOCATION_FAILED], at[2016-03-29T21:31:13.178Z], details[failed recovery, failure IndexShardRecoveryException[failed to recovery from gateway]; nested: EngineCreationFailureException[failed to recover from translog]; nested: EngineException[failed to recover from translog]; nested: TranslogCorruptedException[translog corruption while reading from stream]; nested: TranslogCorruptedException[translog stream is corrupted, expected: 0xa94db8f6, got: 0x68c36736]; ]], indexUUID [1CWRzkvfRB-D3v8U1_ZpEQ], message [failed recovery], failure [IndexShardRecoveryException[failed to recovery from gateway]; nested: EngineCreationFailureException[failed to recover from translog]; nested: EngineException[failed to recover from translog]; nested: TranslogCorruptedException[translog corruption while reading from stream]; nested: TranslogCorruptedException[translog stream is corrupted, expected: 0xa94db8f6, got: 0x68c36736]; ]
[test][[test][0]] IndexShardRecoveryException[failed to recovery from gateway]; nested: EngineCreationFailureException[failed to recover from translog]; nested: EngineException[failed to recover from translog]; nested: TranslogCorruptedException[translog corruption while reading from stream]; nested: TranslogCorruptedException[translog stream is corrupted, expected: 0xa94db8f6, got: 0x68c36736];
	at org.elasticsearch.index.shard.StoreRecovery.internalRecoverFromStore(StoreRecovery.java:234)
	at org.elasticsearch.index.shard.StoreRecovery.lambda$recoverFromStore$184(StoreRecovery.java:77)
	at org.elasticsearch.index.shard.StoreRecovery$$Lambda$696/1752519311.run(Unknown Source)
	at org.elasticsearch.index.shard.StoreRecovery.executeRecovery(StoreRecovery.java:122)
	at org.elasticsearch.index.shard.StoreRecovery.recoverFromStore(StoreRecovery.java:75)
	at org.elasticsearch.index.shard.IndexShard.recoverFromStore(IndexShard.java:1059)
	at org.elasticsearch.indices.cluster.IndicesClusterStateService.lambda$applyInitializingShard$190(IndicesClusterStateService.java:648)
	at org.elasticsearch.indices.cluster.IndicesClusterStateService$$Lambda$694/1687235994.run(Unknown Source)
	at java.util.concurrent.ThreadPoolExecutor.runWorker(ThreadPoolExecutor.java:1142)
	at java.util.concurrent.ThreadPoolExecutor$Worker.run(ThreadPoolExecutor.java:617)
	at java.lang.Thread.run(Thread.java:745)
Caused by: [test][[test][0]] EngineCreationFailureException[failed to recover from translog]; nested: EngineException[failed to recover from translog]; nested: TranslogCorruptedException[translog corruption while reading from stream]; nested: TranslogCorruptedException[translog stream is corrupted, expected: 0xa94db8f6, got: 0x68c36736];
	at org.elasticsearch.index.engine.InternalEngine.<init>(InternalEngine.java:175)
	at org.elasticsearch.test.engine.MockInternalEngine.<init>(MockInternalEngine.java:36)
	at org.elasticsearch.test.engine.MockEngineFactory.newReadWriteEngine(MockEngineFactory.java:36)
	at org.elasticsearch.index.shard.IndexShard.newEngine(IndexShard.java:1310)
	at org.elasticsearch.index.shard.IndexShard.createNewEngine(IndexShard.java:1305)
	at org.elasticsearch.index.shard.IndexShard.internalPerformTranslogRecovery(IndexShard.java:888)
	at org.elasticsearch.index.shard.IndexShard.performTranslogRecovery(IndexShard.java:866)
	at org.elasticsearch.index.shard.StoreRecovery.internalRecoverFromStore(StoreRecovery.java:230)
	... 10 more
Caused by: [test][[test][0]] EngineException[failed to recover from translog]; nested: TranslogCorruptedException[translog corruption while reading from stream]; nested: TranslogCorruptedException[translog stream is corrupted, expected: 0xa94db8f6, got: 0x68c36736];
	at org.elasticsearch.index.engine.InternalEngine.recoverFromTranslog(InternalEngine.java:251)
	at org.elasticsearch.index.engine.InternalEngine.<init>(InternalEngine.java:172)
	... 17 more
Caused by: TranslogCorruptedException[translog corruption while reading from stream]; nested: TranslogCorruptedException[translog stream is corrupted, expected: 0xa94db8f6, got: 0x68c36736];
	at org.elasticsearch.index.translog.Translog.readOperation(Translog.java:1133)
	at org.elasticsearch.index.translog.BaseTranslogReader.read(BaseTranslogReader.java:114)
	at org.elasticsearch.index.translog.TranslogSnapshot.readOperation(TranslogSnapshot.java:70)
	at org.elasticsearch.index.translog.TranslogSnapshot.next(TranslogSnapshot.java:61)
	at org.elasticsearch.index.translog.MultiSnapshot.next(MultiSnapshot.java:53)
	at org.elasticsearch.index.engine.InternalEngine.recoverFromTranslog(InternalEngine.java:237)
	... 18 more
Caused by: TranslogCorruptedException[translog stream is corrupted, expected: 0xa94db8f6, got: 0x68c36736]
	at org.elasticsearch.index.translog.Translog.verifyChecksum(Translog.java:1091)
	at org.elasticsearch.index.translog.Translog.readOperation(Translog.java:1123)
	... 23 more
[2016-03-29 17:31:13,204][WARN ][org.elasticsearch.indices.cluster] [node_s0] [[test][0]] marking and sending shard failed due to [failed recovery]
[test][[test][0]] IndexShardRecoveryException[failed to recovery from gateway]; nested: EngineCreationFailureException[failed to recover from translog]; nested: EngineException[failed to recover from translog]; nested: TranslogCorruptedException[translog corruption while reading from stream]; nested: TranslogCorruptedException[translog stream is corrupted, expected: 0xa94db8f6, got: 0x68c36736];
	at org.elasticsearch.index.shard.StoreRecovery.internalRecoverFromStore(StoreRecovery.java:234)
	at org.elasticsearch.index.shard.StoreRecovery.lambda$recoverFromStore$184(StoreRecovery.java:77)
	at org.elasticsearch.index.shard.StoreRecovery$$Lambda$696/1752519311.run(Unknown Source)
	at org.elasticsearch.index.shard.StoreRecovery.executeRecovery(StoreRecovery.java:122)
	at org.elasticsearch.index.shard.StoreRecovery.recoverFromStore(StoreRecovery.java:75)
	at org.elasticsearch.index.shard.IndexShard.recoverFromStore(IndexShard.java:1059)
	at org.elasticsearch.indices.cluster.IndicesClusterStateService.lambda$applyInitializingShard$190(IndicesClusterStateService.java:648)
	at org.elasticsearch.indices.cluster.IndicesClusterStateService$$Lambda$694/1687235994.run(Unknown Source)
	at java.util.concurrent.ThreadPoolExecutor.runWorker(ThreadPoolExecutor.java:1142)
	at java.util.concurrent.ThreadPoolExecutor$Worker.run(ThreadPoolExecutor.java:617)
	at java.lang.Thread.run(Thread.java:745)
Caused by: [test][[test][0]] EngineCreationFailureException[failed to recover from translog]; nested: EngineException[failed to recover from translog]; nested: TranslogCorruptedException[translog corruption while reading from stream]; nested: TranslogCorruptedException[translog stream is corrupted, expected: 0xa94db8f6, got: 0x68c36736];
	at org.elasticsearch.index.engine.InternalEngine.<init>(InternalEngine.java:175)
	at org.elasticsearch.test.engine.MockInternalEngine.<init>(MockInternalEngine.java:36)
	at org.elasticsearch.test.engine.MockEngineFactory.newReadWriteEngine(MockEngineFactory.java:36)
	at org.elasticsearch.index.shard.IndexShard.newEngine(IndexShard.java:1310)
	at org.elasticsearch.index.shard.IndexShard.createNewEngine(IndexShard.java:1305)
	at org.elasticsearch.index.shard.IndexShard.internalPerformTranslogRecovery(IndexShard.java:888)
	at org.elasticsearch.index.shard.IndexShard.performTranslogRecovery(IndexShard.java:866)
	at org.elasticsearch.index.shard.StoreRecovery.internalRecoverFromStore(StoreRecovery.java:230)
	... 10 more
Caused by: [test][[test][0]] EngineException[failed to recover from translog]; nested: TranslogCorruptedException[translog corruption while reading from stream]; nested: TranslogCorruptedException[translog stream is corrupted, expected: 0xa94db8f6, got: 0x68c36736];
	at org.elasticsearch.index.engine.InternalEngine.recoverFromTranslog(InternalEngine.java:251)
	at org.elasticsearch.index.engine.InternalEngine.<init>(InternalEngine.java:172)
	... 17 more
Caused by: TranslogCorruptedException[translog corruption while reading from stream]; nested: TranslogCorruptedException[translog stream is corrupted, expected: 0xa94db8f6, got: 0x68c36736];
	at org.elasticsearch.index.translog.Translog.readOperation(Translog.java:1133)
	at org.elasticsearch.index.translog.BaseTranslogReader.read(BaseTranslogReader.java:114)
	at org.elasticsearch.index.translog.TranslogSnapshot.readOperation(TranslogSnapshot.java:70)
	at org.elasticsearch.index.translog.TranslogSnapshot.next(TranslogSnapshot.java:61)
	at org.elasticsearch.index.translog.MultiSnapshot.next(MultiSnapshot.java:53)
	at org.elasticsearch.index.engine.InternalEngine.recoverFromTranslog(InternalEngine.java:237)
	... 18 more
Caused by: TranslogCorruptedException[translog stream is corrupted, expected: 0xa94db8f6, got: 0x68c36736]
	at org.elasticsearch.index.translog.Translog.verifyChecksum(Translog.java:1091)
	at org.elasticsearch.index.translog.Translog.readOperation(Translog.java:1123)
	... 23 more
[2016-03-29 17:31:13,205][WARN ][org.elasticsearch.cluster.action.shard] [node_s0] [test][0] received shard failed for [test][0], node[Y27JbEqhQsSb7nUkvqXFqw], [P], v[3], s[INITIALIZING], a[id=OK39Vbm9RPGOAKeJtuKyjQ], unassigned_info[[reason=ALLOCATION_FAILED], at[2016-03-29T21:31:13.191Z], details[failed recovery, failure IndexShardRecoveryException[failed to recovery from gateway]; nested: EngineCreationFailureException[failed to recover from translog]; nested: EngineException[failed to recover from translog]; nested: TranslogCorruptedException[translog corruption while reading from stream]; nested: TranslogCorruptedException[translog stream is corrupted, expected: 0xa94db8f6, got: 0x68c36736]; ]], indexUUID [1CWRzkvfRB-D3v8U1_ZpEQ], message [failed recovery], failure [IndexShardRecoveryException[failed to recovery from gateway]; nested: EngineCreationFailureException[failed to recover from translog]; nested: EngineException[failed to recover from translog]; nested: TranslogCorruptedException[translog corruption while reading from stream]; nested: TranslogCorruptedException[translog stream is corrupted, expected: 0xa94db8f6, got: 0x68c36736]; ]
[test][[test][0]] IndexShardRecoveryException[failed to recovery from gateway]; nested: EngineCreationFailureException[failed to recover from translog]; nested: EngineException[failed to recover from translog]; nested: TranslogCorruptedException[translog corruption while reading from stream]; nested: TranslogCorruptedException[translog stream is corrupted, expected: 0xa94db8f6, got: 0x68c36736];
	at org.elasticsearch.index.shard.StoreRecovery.internalRecoverFromStore(StoreRecovery.java:234)
	at org.elasticsearch.index.shard.StoreRecovery.lambda$recoverFromStore$184(StoreRecovery.java:77)
	at org.elasticsearch.index.shard.StoreRecovery$$Lambda$696/1752519311.run(Unknown Source)
	at org.elasticsearch.index.shard.StoreRecovery.executeRecovery(StoreRecovery.java:122)
	at org.elasticsearch.index.shard.StoreRecovery.recoverFromStore(StoreRecovery.java:75)
	at org.elasticsearch.index.shard.IndexShard.recoverFromStore(IndexShard.java:1059)
	at org.elasticsearch.indices.cluster.IndicesClusterStateService.lambda$applyInitializingShard$190(IndicesClusterStateService.java:648)
	at org.elasticsearch.indices.cluster.IndicesClusterStateService$$Lambda$694/1687235994.run(Unknown Source)
	at java.util.concurrent.ThreadPoolExecutor.runWorker(ThreadPoolExecutor.java:1142)
	at java.util.concurrent.ThreadPoolExecutor$Worker.run(ThreadPoolExecutor.java:617)
	at java.lang.Thread.run(Thread.java:745)
Caused by: [test][[test][0]] EngineCreationFailureException[failed to recover from translog]; nested: EngineException[failed to recover from translog]; nested: TranslogCorruptedException[translog corruption while reading from stream]; nested: TranslogCorruptedException[translog stream is corrupted, expected: 0xa94db8f6, got: 0x68c36736];
	at org.elasticsearch.index.engine.InternalEngine.<init>(InternalEngine.java:175)
	at org.elasticsearch.test.engine.MockInternalEngine.<init>(MockInternalEngine.java:36)
	at org.elasticsearch.test.engine.MockEngineFactory.newReadWriteEngine(MockEngineFactory.java:36)
	at org.elasticsearch.index.shard.IndexShard.newEngine(IndexShard.java:1310)
	at org.elasticsearch.index.shard.IndexShard.createNewEngine(IndexShard.java:1305)
	at org.elasticsearch.index.shard.IndexShard.internalPerformTranslogRecovery(IndexShard.java:888)
	at org.elasticsearch.index.shard.IndexShard.performTranslogRecovery(IndexShard.java:866)
	at org.elasticsearch.index.shard.StoreRecovery.internalRecoverFromStore(StoreRecovery.java:230)
	... 10 more
Caused by: [test][[test][0]] EngineException[failed to recover from translog]; nested: TranslogCorruptedException[translog corruption while reading from stream]; nested: TranslogCorruptedException[translog stream is corrupted, expected: 0xa94db8f6, got: 0x68c36736];
	at org.elasticsearch.index.engine.InternalEngine.recoverFromTranslog(InternalEngine.java:251)
	at org.elasticsearch.index.engine.InternalEngine.<init>(InternalEngine.java:172)
	... 17 more
Caused by: TranslogCorruptedException[translog corruption while reading from stream]; nested: TranslogCorruptedException[translog stream is corrupted, expected: 0xa94db8f6, got: 0x68c36736];
	at org.elasticsearch.index.translog.Translog.readOperation(Translog.java:1133)
	at org.elasticsearch.index.translog.BaseTranslogReader.read(BaseTranslogReader.java:114)
	at org.elasticsearch.index.translog.TranslogSnapshot.readOperation(TranslogSnapshot.java:70)
	at org.elasticsearch.index.translog.TranslogSnapshot.next(TranslogSnapshot.java:61)
	at org.elasticsearch.index.translog.MultiSnapshot.next(MultiSnapshot.java:53)
	at org.elasticsearch.index.engine.InternalEngine.recoverFromTranslog(InternalEngine.java:237)
	... 18 more
Caused by: TranslogCorruptedException[translog stream is corrupted, expected: 0xa94db8f6, got: 0x68c36736]
	at org.elasticsearch.index.translog.Translog.verifyChecksum(Translog.java:1091)
	at org.elasticsearch.index.translog.Translog.readOperation(Translog.java:1123)
	... 23 more
[2016-03-29 17:31:13,222][WARN ][org.elasticsearch.indices.cluster] [node_s0] [[test][0]] marking and sending shard failed due to [failed recovery]
[test][[test][0]] IndexShardRecoveryException[failed to recovery from gateway]; nested: EngineCreationFailureException[failed to recover from translog]; nested: EngineException[failed to recover from translog]; nested: TranslogCorruptedException[translog corruption while reading from stream]; nested: TranslogCorruptedException[translog stream is corrupted, expected: 0xa94db8f6, got: 0x68c36736];
	at org.elasticsearch.index.shard.StoreRecovery.internalRecoverFromStore(StoreRecovery.java:234)
	at org.elasticsearch.index.shard.StoreRecovery.lambda$recoverFromStore$184(StoreRecovery.java:77)
	at org.elasticsearch.index.shard.StoreRecovery$$Lambda$696/1752519311.run(Unknown Source)
	at org.elasticsearch.index.shard.StoreRecovery.executeRecovery(StoreRecovery.java:122)
	at org.elasticsearch.index.shard.StoreRecovery.recoverFromStore(StoreRecovery.java:75)
	at org.elasticsearch.index.shard.IndexShard.recoverFromStore(IndexShard.java:1059)
	at org.elasticsearch.indices.cluster.IndicesClusterStateService.lambda$applyInitializingShard$190(IndicesClusterStateService.java:648)
	at org.elasticsearch.indices.cluster.IndicesClusterStateService$$Lambda$694/1687235994.run(Unknown Source)
	at java.util.concurrent.ThreadPoolExecutor.runWorker(ThreadPoolExecutor.java:1142)
	at java.util.concurrent.ThreadPoolExecutor$Worker.run(ThreadPoolExecutor.java:617)
	at java.lang.Thread.run(Thread.java:745)
Caused by: [test][[test][0]] EngineCreationFailureException[failed to recover from translog]; nested: EngineException[failed to recover from translog]; nested: TranslogCorruptedException[translog corruption while reading from stream]; nested: TranslogCorruptedException[translog stream is corrupted, expected: 0xa94db8f6, got: 0x68c36736];
	at org.elasticsearch.index.engine.InternalEngine.<init>(InternalEngine.java:175)
	at org.elasticsearch.test.engine.MockInternalEngine.<init>(MockInternalEngine.java:36)
	at org.elasticsearch.test.engine.MockEngineFactory.newReadWriteEngine(MockEngineFactory.java:36)
	at org.elasticsearch.index.shard.IndexShard.newEngine(IndexShard.java:1310)
	at org.elasticsearch.index.shard.IndexShard.createNewEngine(IndexShard.java:1305)
	at org.elasticsearch.index.shard.IndexShard.internalPerformTranslogRecovery(IndexShard.java:888)
	at org.elasticsearch.index.shard.IndexShard.performTranslogRecovery(IndexShard.java:866)
	at org.elasticsearch.index.shard.StoreRecovery.internalRecoverFromStore(StoreRecovery.java:230)
	... 10 more
Caused by: [test][[test][0]] EngineException[failed to recover from translog]; nested: TranslogCorruptedException[translog corruption while reading from stream]; nested: TranslogCorruptedException[translog stream is corrupted, expected: 0xa94db8f6, got: 0x68c36736];
	at org.elasticsearch.index.engine.InternalEngine.recoverFromTranslog(InternalEngine.java:251)
	at org.elasticsearch.index.engine.InternalEngine.<init>(InternalEngine.java:172)
	... 17 more
Caused by: TranslogCorruptedException[translog corruption while reading from stream]; nested: TranslogCorruptedException[translog stream is corrupted, expected: 0xa94db8f6, got: 0x68c36736];
	at org.elasticsearch.index.translog.Translog.readOperation(Translog.java:1133)
	at org.elasticsearch.index.translog.BaseTranslogReader.read(BaseTranslogReader.java:114)
	at org.elasticsearch.index.translog.TranslogSnapshot.readOperation(TranslogSnapshot.java:70)
	at org.elasticsearch.index.translog.TranslogSnapshot.next(TranslogSnapshot.java:61)
	at org.elasticsearch.index.translog.MultiSnapshot.next(MultiSnapshot.java:53)
	at org.elasticsearch.index.engine.InternalEngine.recoverFromTranslog(InternalEngine.java:237)
	... 18 more
Caused by: TranslogCorruptedException[translog stream is corrupted, expected: 0xa94db8f6, got: 0x68c36736]
	at org.elasticsearch.index.translog.Translog.verifyChecksum(Translog.java:1091)
	at org.elasticsearch.index.translog.Translog.readOperation(Translog.java:1123)
	... 23 more
[2016-03-29 17:31:13,222][WARN ][org.elasticsearch.cluster.action.shard] [node_s0] [test][0] received shard failed for [test][0], node[Y27JbEqhQsSb7nUkvqXFqw], [P], v[3], s[INITIALIZING], a[id=RWSgVJdbT66Luwy-V9CHkA], unassigned_info[[reason=ALLOCATION_FAILED], at[2016-03-29T21:31:13.205Z], details[failed recovery, failure IndexShardRecoveryException[failed to recovery from gateway]; nested: EngineCreationFailureException[failed to recover from translog]; nested: EngineException[failed to recover from translog]; nested: TranslogCorruptedException[translog corruption while reading from stream]; nested: TranslogCorruptedException[translog stream is corrupted, expected: 0xa94db8f6, got: 0x68c36736]; ]], indexUUID [1CWRzkvfRB-D3v8U1_ZpEQ], message [failed recovery], failure [IndexShardRecoveryException[failed to recovery from gateway]; nested: EngineCreationFailureException[failed to recover from translog]; nested: EngineException[failed to recover from translog]; nested: TranslogCorruptedException[translog corruption while reading from stream]; nested: TranslogCorruptedException[translog stream is corrupted, expected: 0xa94db8f6, got: 0x68c36736]; ]
[test][[test][0]] IndexShardRecoveryException[failed to recovery from gateway]; nested: EngineCreationFailureException[failed to recover from translog]; nested: EngineException[failed to recover from translog]; nested: TranslogCorruptedException[translog corruption while reading from stream]; nested: TranslogCorruptedException[translog stream is corrupted, expected: 0xa94db8f6, got: 0x68c36736];
	at org.elasticsearch.index.shard.StoreRecovery.internalRecoverFromStore(StoreRecovery.java:234)
	at org.elasticsearch.index.shard.StoreRecovery.lambda$recoverFromStore$184(StoreRecovery.java:77)
	at org.elasticsearch.index.shard.StoreRecovery$$Lambda$696/1752519311.run(Unknown Source)
	at org.elasticsearch.index.shard.StoreRecovery.executeRecovery(StoreRecovery.java:122)
	at org.elasticsearch.index.shard.StoreRecovery.recoverFromStore(StoreRecovery.java:75)
	at org.elasticsearch.index.shard.IndexShard.recoverFromStore(IndexShard.java:1059)
	at org.elasticsearch.indices.cluster.IndicesClusterStateService.lambda$applyInitializingShard$190(IndicesClusterStateService.java:648)
	at org.elasticsearch.indices.cluster.IndicesClusterStateService$$Lambda$694/1687235994.run(Unknown Source)
	at java.util.concurrent.ThreadPoolExecutor.runWorker(ThreadPoolExecutor.java:1142)
	at java.util.concurrent.ThreadPoolExecutor$Worker.run(ThreadPoolExecutor.java:617)
	at java.lang.Thread.run(Thread.java:745)
Caused by: [test][[test][0]] EngineCreationFailureException[failed to recover from translog]; nested: EngineException[failed to recover from translog]; nested: TranslogCorruptedException[translog corruption while reading from stream]; nested: TranslogCorruptedException[translog stream is corrupted, expected: 0xa94db8f6, got: 0x68c36736];
	at org.elasticsearch.index.engine.InternalEngine.<init>(InternalEngine.java:175)
	at org.elasticsearch.test.engine.MockInternalEngine.<init>(MockInternalEngine.java:36)
	at org.elasticsearch.test.engine.MockEngineFactory.newReadWriteEngine(MockEngineFactory.java:36)
	at org.elasticsearch.index.shard.IndexShard.newEngine(IndexShard.java:1310)
	at org.elasticsearch.index.shard.IndexShard.createNewEngine(IndexShard.java:1305)
	at org.elasticsearch.index.shard.IndexShard.internalPerformTranslogRecovery(IndexShard.java:888)
	at org.elasticsearch.index.shard.IndexShard.performTranslogRecovery(IndexShard.java:866)
	at org.elasticsearch.index.shard.StoreRecovery.internalRecoverFromStore(StoreRecovery.java:230)
	... 10 more
Caused by: [test][[test][0]] EngineException[failed to recover from translog]; nested: TranslogCorruptedException[translog corruption while reading from stream]; nested: TranslogCorruptedException[translog stream is corrupted, expected: 0xa94db8f6, got: 0x68c36736];
	at org.elasticsearch.index.engine.InternalEngine.recoverFromTranslog(InternalEngine.java:251)
	at org.elasticsearch.index.engine.InternalEngine.<init>(InternalEngine.java:172)
	... 17 more
Caused by: TranslogCorruptedException[translog corruption while reading from stream]; nested: TranslogCorruptedException[translog stream is corrupted, expected: 0xa94db8f6, got: 0x68c36736];
	at org.elasticsearch.index.translog.Translog.readOperation(Translog.java:1133)
	at org.elasticsearch.index.translog.BaseTranslogReader.read(BaseTranslogReader.java:114)
	at org.elasticsearch.index.translog.TranslogSnapshot.readOperation(TranslogSnapshot.java:70)
	at org.elasticsearch.index.translog.TranslogSnapshot.next(TranslogSnapshot.java:61)
	at org.elasticsearch.index.translog.MultiSnapshot.next(MultiSnapshot.java:53)
	at org.elasticsearch.index.engine.InternalEngine.recoverFromTranslog(InternalEngine.java:237)
	... 18 more
Caused by: TranslogCorruptedException[translog stream is corrupted, expected: 0xa94db8f6, got: 0x68c36736]
	at org.elasticsearch.index.translog.Translog.verifyChecksum(Translog.java:1091)
	at org.elasticsearch.index.translog.Translog.readOperation(Translog.java:1123)
	... 23 more
[2016-03-29 17:31:13,235][WARN ][org.elasticsearch.indices.cluster] [node_s0] [[test][0]] marking and sending shard failed due to [failed recovery]
[test][[test][0]] IndexShardRecoveryException[failed to recovery from gateway]; nested: EngineCreationFailureException[failed to recover from translog]; nested: EngineException[failed to recover from translog]; nested: TranslogCorruptedException[translog corruption while reading from stream]; nested: TranslogCorruptedException[translog stream is corrupted, expected: 0xa94db8f6, got: 0x68c36736];
	at org.elasticsearch.index.shard.StoreRecovery.internalRecoverFromStore(StoreRecovery.java:234)
	at org.elasticsearch.index.shard.StoreRecovery.lambda$recoverFromStore$184(StoreRecovery.java:77)
	at org.elasticsearch.index.shard.StoreRecovery$$Lambda$696/1752519311.run(Unknown Source)
	at org.elasticsearch.index.shard.StoreRecovery.executeRecovery(StoreRecovery.java:122)
	at org.elasticsearch.index.shard.StoreRecovery.recoverFromStore(StoreRecovery.java:75)
	at org.elasticsearch.index.shard.IndexShard.recoverFromStore(IndexShard.java:1059)
	at org.elasticsearch.indices.cluster.IndicesClusterStateService.lambda$applyInitializingShard$190(IndicesClusterStateService.java:648)
	at org.elasticsearch.indices.cluster.IndicesClusterStateService$$Lambda$694/1687235994.run(Unknown Source)
	at java.util.concurrent.ThreadPoolExecutor.runWorker(ThreadPoolExecutor.java:1142)
	at java.util.concurrent.ThreadPoolExecutor$Worker.run(ThreadPoolExecutor.java:617)
	at java.lang.Thread.run(Thread.java:745)
Caused by: [test][[test][0]] EngineCreationFailureException[failed to recover from translog]; nested: EngineException[failed to recover from translog]; nested: TranslogCorruptedException[translog corruption while reading from stream]; nested: TranslogCorruptedException[translog stream is corrupted, expected: 0xa94db8f6, got: 0x68c36736];
	at org.elasticsearch.index.engine.InternalEngine.<init>(InternalEngine.java:175)
	at org.elasticsearch.test.engine.MockInternalEngine.<init>(MockInternalEngine.java:36)
	at org.elasticsearch.test.engine.MockEngineFactory.newReadWriteEngine(MockEngineFactory.java:36)
	at org.elasticsearch.index.shard.IndexShard.newEngine(IndexShard.java:1310)
	at org.elasticsearch.index.shard.IndexShard.createNewEngine(IndexShard.java:1305)
	at org.elasticsearch.index.shard.IndexShard.internalPerformTranslogRecovery(IndexShard.java:888)
	at org.elasticsearch.index.shard.IndexShard.performTranslogRecovery(IndexShard.java:866)
	at org.elasticsearch.index.shard.StoreRecovery.internalRecoverFromStore(StoreRecovery.java:230)
	... 10 more
Caused by: [test][[test][0]] EngineException[failed to recover from translog]; nested: TranslogCorruptedException[translog corruption while reading from stream]; nested: TranslogCorruptedException[translog stream is corrupted, expected: 0xa94db8f6, got: 0x68c36736];
	at org.elasticsearch.index.engine.InternalEngine.recoverFromTranslog(InternalEngine.java:251)
	at org.elasticsearch.index.engine.InternalEngine.<init>(InternalEngine.java:172)
	... 17 more
Caused by: TranslogCorruptedException[translog corruption while reading from stream]; nested: TranslogCorruptedException[translog stream is corrupted, expected: 0xa94db8f6, got: 0x68c36736];
	at org.elasticsearch.index.translog.Translog.readOperation(Translog.java:1133)
	at org.elasticsearch.index.translog.BaseTranslogReader.read(BaseTranslogReader.java:114)
	at org.elasticsearch.index.translog.TranslogSnapshot.readOperation(TranslogSnapshot.java:70)
	at org.elasticsearch.index.translog.TranslogSnapshot.next(TranslogSnapshot.java:61)
	at org.elasticsearch.index.translog.MultiSnapshot.next(MultiSnapshot.java:53)
	at org.elasticsearch.index.engine.InternalEngine.recoverFromTranslog(InternalEngine.java:237)
	... 18 more
Caused by: TranslogCorruptedException[translog stream is corrupted, expected: 0xa94db8f6, got: 0x68c36736]
	at org.elasticsearch.index.translog.Translog.verifyChecksum(Translog.java:1091)
	at org.elasticsearch.index.translog.Translog.readOperation(Translog.java:1123)
	... 23 more
[2016-03-29 17:31:13,235][WARN ][org.elasticsearch.cluster.action.shard] [node_s0] [test][0] received shard failed for [test][0], node[Y27JbEqhQsSb7nUkvqXFqw], [P], v[3], s[INITIALIZING], a[id=QTQNkI_LQi2Qo4-lnYrTMg], unassigned_info[[reason=ALLOCATION_FAILED], at[2016-03-29T21:31:13.223Z], details[failed recovery, failure IndexShardRecoveryException[failed to recovery from gateway]; nested: EngineCreationFailureException[failed to recover from translog]; nested: EngineException[failed to recover from translog]; nested: TranslogCorruptedException[translog corruption while reading from stream]; nested: TranslogCorruptedException[translog stream is corrupted, expected: 0xa94db8f6, got: 0x68c36736]; ]], indexUUID [1CWRzkvfRB-D3v8U1_ZpEQ], message [failed recovery], failure [IndexShardRecoveryException[failed to recovery from gateway]; nested: EngineCreationFailureException[failed to recover from translog]; nested: EngineException[failed to recover from translog]; nested: TranslogCorruptedException[translog corruption while reading from stream]; nested: TranslogCorruptedException[translog stream is corrupted, expected: 0xa94db8f6, got: 0x68c36736]; ]
[test][[test][0]] IndexShardRecoveryException[failed to recovery from gateway]; nested: EngineCreationFailureException[failed to recover from translog]; nested: EngineException[failed to recover from translog]; nested: TranslogCorruptedException[translog corruption while reading from stream]; nested: TranslogCorruptedException[translog stream is corrupted, expected: 0xa94db8f6, got: 0x68c36736];
	at org.elasticsearch.index.shard.StoreRecovery.internalRecoverFromStore(StoreRecovery.java:234)
	at org.elasticsearch.index.shard.StoreRecovery.lambda$recoverFromStore$184(StoreRecovery.java:77)
	at org.elasticsearch.index.shard.StoreRecovery$$Lambda$696/1752519311.run(Unknown Source)
	at org.elasticsearch.index.shard.StoreRecovery.executeRecovery(StoreRecovery.java:122)
	at org.elasticsearch.index.shard.StoreRecovery.recoverFromStore(StoreRecovery.java:75)
	at org.elasticsearch.index.shard.IndexShard.recoverFromStore(IndexShard.java:1059)
	at org.elasticsearch.indices.cluster.IndicesClusterStateService.lambda$applyInitializingShard$190(IndicesClusterStateService.java:648)
	at org.elasticsearch.indices.cluster.IndicesClusterStateService$$Lambda$694/1687235994.run(Unknown Source)
	at java.util.concurrent.ThreadPoolExecutor.runWorker(ThreadPoolExecutor.java:1142)
	at java.util.concurrent.ThreadPoolExecutor$Worker.run(ThreadPoolExecutor.java:617)
	at java.lang.Thread.run(Thread.java:745)
Caused by: [test][[test][0]] EngineCreationFailureException[failed to recover from translog]; nested: EngineException[failed to recover from translog]; nested: TranslogCorruptedException[translog corruption while reading from stream]; nested: TranslogCorruptedException[translog stream is corrupted, expected: 0xa94db8f6, got: 0x68c36736];
	at org.elasticsearch.index.engine.InternalEngine.<init>(InternalEngine.java:175)
	at org.elasticsearch.test.engine.MockInternalEngine.<init>(MockInternalEngine.java:36)
	at org.elasticsearch.test.engine.MockEngineFactory.newReadWriteEngine(MockEngineFactory.java:36)
	at org.elasticsearch.index.shard.IndexShard.newEngine(IndexShard.java:1310)
	at org.elasticsearch.index.shard.IndexShard.createNewEngine(IndexShard.java:1305)
	at org.elasticsearch.index.shard.IndexShard.internalPerformTranslogRecovery(IndexShard.java:888)
	at org.elasticsearch.index.shard.IndexShard.performTranslogRecovery(IndexShard.java:866)
	at org.elasticsearch.index.shard.StoreRecovery.internalRecoverFromStore(StoreRecovery.java:230)
	... 10 more
Caused by: [test][[test][0]] EngineException[failed to recover from translog]; nested: TranslogCorruptedException[translog corruption while reading from stream]; nested: TranslogCorruptedException[translog stream is corrupted, expected: 0xa94db8f6, got: 0x68c36736];
	at org.elasticsearch.index.engine.InternalEngine.recoverFromTranslog(InternalEngine.java:251)
	at org.elasticsearch.index.engine.InternalEngine.<init>(InternalEngine.java:172)
	... 17 more
Caused by: TranslogCorruptedException[translog corruption while reading from stream]; nested: TranslogCorruptedException[translog stream is corrupted, expected: 0xa94db8f6, got: 0x68c36736];
	at org.elasticsearch.index.translog.Translog.readOperation(Translog.java:1133)
	at org.elasticsearch.index.translog.BaseTranslogReader.read(BaseTranslogReader.java:114)
	at org.elasticsearch.index.translog.TranslogSnapshot.readOperation(TranslogSnapshot.java:70)
	at org.elasticsearch.index.translog.TranslogSnapshot.next(TranslogSnapshot.java:61)
	at org.elasticsearch.index.translog.MultiSnapshot.next(MultiSnapshot.java:53)
	at org.elasticsearch.index.engine.InternalEngine.recoverFromTranslog(InternalEngine.java:237)
	... 18 more
Caused by: TranslogCorruptedException[translog stream is corrupted, expected: 0xa94db8f6, got: 0x68c36736]
	at org.elasticsearch.index.translog.Translog.verifyChecksum(Translog.java:1091)
	at org.elasticsearch.index.translog.Translog.readOperation(Translog.java:1123)
	... 23 more
[2016-03-29 17:31:13,249][WARN ][org.elasticsearch.indices.cluster] [node_s0] [[test][0]] marking and sending shard failed due to [failed recovery]
[test][[test][0]] IndexShardRecoveryException[failed to recovery from gateway]; nested: EngineCreationFailureException[failed to recover from translog]; nested: EngineException[failed to recover from translog]; nested: TranslogCorruptedException[translog corruption while reading from stream]; nested: TranslogCorruptedException[translog stream is corrupted, expected: 0xa94db8f6, got: 0x68c36736];
	at org.elasticsearch.index.shard.StoreRecovery.internalRecoverFromStore(StoreRecovery.java:234)
	at org.elasticsearch.index.shard.StoreRecovery.lambda$recoverFromStore$184(StoreRecovery.java:77)
	at org.elasticsearch.index.shard.StoreRecovery$$Lambda$696/1752519311.run(Unknown Source)
	at org.elasticsearch.index.shard.StoreRecovery.executeRecovery(StoreRecovery.java:122)
	at org.elasticsearch.index.shard.StoreRecovery.recoverFromStore(StoreRecovery.java:75)
	at org.elasticsearch.index.shard.IndexShard.recoverFromStore(IndexShard.java:1059)
	at org.elasticsearch.indices.cluster.IndicesClusterStateService.lambda$applyInitializingShard$190(IndicesClusterStateService.java:648)
	at org.elasticsearch.indices.cluster.IndicesClusterStateService$$Lambda$694/1687235994.run(Unknown Source)
	at java.util.concurrent.ThreadPoolExecutor.runWorker(ThreadPoolExecutor.java:1142)
	at java.util.concurrent.ThreadPoolExecutor$Worker.run(ThreadPoolExecutor.java:617)
	at java.lang.Thread.run(Thread.java:745)
Caused by: [test][[test][0]] EngineCreationFailureException[failed to recover from translog]; nested: EngineException[failed to recover from translog]; nested: TranslogCorruptedException[translog corruption while reading from stream]; nested: TranslogCorruptedException[translog stream is corrupted, expected: 0xa94db8f6, got: 0x68c36736];
	at org.elasticsearch.index.engine.InternalEngine.<init>(InternalEngine.java:175)
	at org.elasticsearch.test.engine.MockInternalEngine.<init>(MockInternalEngine.java:36)
	at org.elasticsearch.test.engine.MockEngineFactory.newReadWriteEngine(MockEngineFactory.java:36)
	at org.elasticsearch.index.shard.IndexShard.newEngine(IndexShard.java:1310)
	at org.elasticsearch.index.shard.IndexShard.createNewEngine(IndexShard.java:1305)
	at org.elasticsearch.index.shard.IndexShard.internalPerformTranslogRecovery(IndexShard.java:888)
	at org.elasticsearch.index.shard.IndexShard.performTranslogRecovery(IndexShard.java:866)
	at org.elasticsearch.index.shard.StoreRecovery.internalRecoverFromStore(StoreRecovery.java:230)
	... 10 more
Caused by: [test][[test][0]] EngineException[failed to recover from translog]; nested: TranslogCorruptedException[translog corruption while reading from stream]; nested: TranslogCorruptedException[translog stream is corrupted, expected: 0xa94db8f6, got: 0x68c36736];
	at org.elasticsearch.index.engine.InternalEngine.recoverFromTranslog(InternalEngine.java:251)
	at org.elasticsearch.index.engine.InternalEngine.<init>(InternalEngine.java:172)
	... 17 more
Caused by: TranslogCorruptedException[translog corruption while reading from stream]; nested: TranslogCorruptedException[translog stream is corrupted, expected: 0xa94db8f6, got: 0x68c36736];
	at org.elasticsearch.index.translog.Translog.readOperation(Translog.java:1133)
	at org.elasticsearch.index.translog.BaseTranslogReader.read(BaseTranslogReader.java:114)
	at org.elasticsearch.index.translog.TranslogSnapshot.readOperation(TranslogSnapshot.java:70)
	at org.elasticsearch.index.translog.TranslogSnapshot.next(TranslogSnapshot.java:61)
	at org.elasticsearch.index.translog.MultiSnapshot.next(MultiSnapshot.java:53)
	at org.elasticsearch.index.engine.InternalEngine.recoverFromTranslog(InternalEngine.java:237)
	... 18 more
Caused by: TranslogCorruptedException[translog stream is corrupted, expected: 0xa94db8f6, got: 0x68c36736]
	at org.elasticsearch.index.translog.Translog.verifyChecksum(Translog.java:1091)
	at org.elasticsearch.index.translog.Translog.readOperation(Translog.java:1123)
	... 23 more
[2016-03-29 17:31:13,249][WARN ][org.elasticsearch.cluster.action.shard] [node_s0] [test][0] received shard failed for [test][0], node[Y27JbEqhQsSb7nUkvqXFqw], [P], v[3], s[INITIALIZING], a[id=nO0jJcaBQuC3WPzsszoE0w], unassigned_info[[reason=ALLOCATION_FAILED], at[2016-03-29T21:31:13.236Z], details[failed recovery, failure IndexShardRecoveryException[failed to recovery from gateway]; nested: EngineCreationFailureException[failed to recover from translog]; nested: EngineException[failed to recover from translog]; nested: TranslogCorruptedException[translog corruption while reading from stream]; nested: TranslogCorruptedException[translog stream is corrupted, expected: 0xa94db8f6, got: 0x68c36736]; ]], indexUUID [1CWRzkvfRB-D3v8U1_ZpEQ], message [failed recovery], failure [IndexShardRecoveryException[failed to recovery from gateway]; nested: EngineCreationFailureException[failed to recover from translog]; nested: EngineException[failed to recover from translog]; nested: TranslogCorruptedException[translog corruption while reading from stream]; nested: TranslogCorruptedException[translog stream is corrupted, expected: 0xa94db8f6, got: 0x68c36736]; ]
[test][[test][0]] IndexShardRecoveryException[failed to recovery from gateway]; nested: EngineCreationFailureException[failed to recover from translog]; nested: EngineException[failed to recover from translog]; nested: TranslogCorruptedException[translog corruption while reading from stream]; nested: TranslogCorruptedException[translog stream is corrupted, expected: 0xa94db8f6, got: 0x68c36736];
	at org.elasticsearch.index.shard.StoreRecovery.internalRecoverFromStore(StoreRecovery.java:234)
	at org.elasticsearch.index.shard.StoreRecovery.lambda$recoverFromStore$184(StoreRecovery.java:77)
	at org.elasticsearch.index.shard.StoreRecovery$$Lambda$696/1752519311.run(Unknown Source)
	at org.elasticsearch.index.shard.StoreRecovery.executeRecovery(StoreRecovery.java:122)
	at org.elasticsearch.index.shard.StoreRecovery.recoverFromStore(StoreRecovery.java:75)
	at org.elasticsearch.index.shard.IndexShard.recoverFromStore(IndexShard.java:1059)
	at org.elasticsearch.indices.cluster.IndicesClusterStateService.lambda$applyInitializingShard$190(IndicesClusterStateService.java:648)
	at org.elasticsearch.indices.cluster.IndicesClusterStateService$$Lambda$694/1687235994.run(Unknown Source)
	at java.util.concurrent.ThreadPoolExecutor.runWorker(ThreadPoolExecutor.java:1142)
	at java.util.concurrent.ThreadPoolExecutor$Worker.run(ThreadPoolExecutor.java:617)
	at java.lang.Thread.run(Thread.java:745)
Caused by: [test][[test][0]] EngineCreationFailureException[failed to recover from translog]; nested: EngineException[failed to recover from translog]; nested: TranslogCorruptedException[translog corruption while reading from stream]; nested: TranslogCorruptedException[translog stream is corrupted, expected: 0xa94db8f6, got: 0x68c36736];
	at org.elasticsearch.index.engine.InternalEngine.<init>(InternalEngine.java:175)
	at org.elasticsearch.test.engine.MockInternalEngine.<init>(MockInternalEngine.java:36)
	at org.elasticsearch.test.engine.MockEngineFactory.newReadWriteEngine(MockEngineFactory.java:36)
	at org.elasticsearch.index.shard.IndexShard.newEngine(IndexShard.java:1310)
	at org.elasticsearch.index.shard.IndexShard.createNewEngine(IndexShard.java:1305)
	at org.elasticsearch.index.shard.IndexShard.internalPerformTranslogRecovery(IndexShard.java:888)
	at org.elasticsearch.index.shard.IndexShard.performTranslogRecovery(IndexShard.java:866)
	at org.elasticsearch.index.shard.StoreRecovery.internalRecoverFromStore(StoreRecovery.java:230)
	... 10 more
Caused by: [test][[test][0]] EngineException[failed to recover from translog]; nested: TranslogCorruptedException[translog corruption while reading from stream]; nested: TranslogCorruptedException[translog stream is corrupted, expected: 0xa94db8f6, got: 0x68c36736];
	at org.elasticsearch.index.engine.InternalEngine.recoverFromTranslog(InternalEngine.java:251)
	at org.elasticsearch.index.engine.InternalEngine.<init>(InternalEngine.java:172)
	... 17 more
Caused by: TranslogCorruptedException[translog corruption while reading from stream]; nested: TranslogCorruptedException[translog stream is corrupted, expected: 0xa94db8f6, got: 0x68c36736];
	at org.elasticsearch.index.translog.Translog.readOperation(Translog.java:1133)
	at org.elasticsearch.index.translog.BaseTranslogReader.read(BaseTranslogReader.java:114)
	at org.elasticsearch.index.translog.TranslogSnapshot.readOperation(TranslogSnapshot.java:70)
	at org.elasticsearch.index.translog.TranslogSnapshot.next(TranslogSnapshot.java:61)
	at org.elasticsearch.index.translog.MultiSnapshot.next(MultiSnapshot.java:53)
	at org.elasticsearch.index.engine.InternalEngine.recoverFromTranslog(InternalEngine.java:237)
	... 18 more
Caused by: TranslogCorruptedException[translog stream is corrupted, expected: 0xa94db8f6, got: 0x68c36736]
	at org.elasticsearch.index.translog.Translog.verifyChecksum(Translog.java:1091)
	at org.elasticsearch.index.translog.Translog.readOperation(Translog.java:1123)
	... 23 more
[2016-03-29 17:31:13,262][WARN ][org.elasticsearch.indices.cluster] [node_s0] [[test][0]] marking and sending shard failed due to [failed recovery]
[test][[test][0]] IndexShardRecoveryException[failed to recovery from gateway]; nested: EngineCreationFailureException[failed to recover from translog]; nested: EngineException[failed to recover from translog]; nested: TranslogCorruptedException[translog corruption while reading from stream]; nested: TranslogCorruptedException[translog stream is corrupted, expected: 0xa94db8f6, got: 0x68c36736];
	at org.elasticsearch.index.shard.StoreRecovery.internalRecoverFromStore(StoreRecovery.java:234)
	at org.elasticsearch.index.shard.StoreRecovery.lambda$recoverFromStore$184(StoreRecovery.java:77)
	at org.elasticsearch.index.shard.StoreRecovery$$Lambda$696/1752519311.run(Unknown Source)
	at org.elasticsearch.index.shard.StoreRecovery.executeRecovery(StoreRecovery.java:122)
	at org.elasticsearch.index.shard.StoreRecovery.recoverFromStore(StoreRecovery.java:75)
	at org.elasticsearch.index.shard.IndexShard.recoverFromStore(IndexShard.java:1059)
	at org.elasticsearch.indices.cluster.IndicesClusterStateService.lambda$applyInitializingShard$190(IndicesClusterStateService.java:648)
	at org.elasticsearch.indices.cluster.IndicesClusterStateService$$Lambda$694/1687235994.run(Unknown Source)
	at java.util.concurrent.ThreadPoolExecutor.runWorker(ThreadPoolExecutor.java:1142)
	at java.util.concurrent.ThreadPoolExecutor$Worker.run(ThreadPoolExecutor.java:617)
	at java.lang.Thread.run(Thread.java:745)
Caused by: [test][[test][0]] EngineCreationFailureException[failed to recover from translog]; nested: EngineException[failed to recover from translog]; nested: TranslogCorruptedException[translog corruption while reading from stream]; nested: TranslogCorruptedException[translog stream is corrupted, expected: 0xa94db8f6, got: 0x68c36736];
	at org.elasticsearch.index.engine.InternalEngine.<init>(InternalEngine.java:175)
	at org.elasticsearch.test.engine.MockInternalEngine.<init>(MockInternalEngine.java:36)
	at org.elasticsearch.test.engine.MockEngineFactory.newReadWriteEngine(MockEngineFactory.java:36)
	at org.elasticsearch.index.shard.IndexShard.newEngine(IndexShard.java:1310)
	at org.elasticsearch.index.shard.IndexShard.createNewEngine(IndexShard.java:1305)
	at org.elasticsearch.index.shard.IndexShard.internalPerformTranslogRecovery(IndexShard.java:888)
	at org.elasticsearch.index.shard.IndexShard.performTranslogRecovery(IndexShard.java:866)
	at org.elasticsearch.index.shard.StoreRecovery.internalRecoverFromStore(StoreRecovery.java:230)
	... 10 more
Caused by: [test][[test][0]] EngineException[failed to recover from translog]; nested: TranslogCorruptedException[translog corruption while reading from stream]; nested: TranslogCorruptedException[translog stream is corrupted, expected: 0xa94db8f6, got: 0x68c36736];
	at org.elasticsearch.index.engine.InternalEngine.recoverFromTranslog(InternalEngine.java:251)
	at org.elasticsearch.index.engine.InternalEngine.<init>(InternalEngine.java:172)
	... 17 more
Caused by: TranslogCorruptedException[translog corruption while reading from stream]; nested: TranslogCorruptedException[translog stream is corrupted, expected: 0xa94db8f6, got: 0x68c36736];
	at org.elasticsearch.index.translog.Translog.readOperation(Translog.java:1133)
	at org.elasticsearch.index.translog.BaseTranslogReader.read(BaseTranslogReader.java:114)
	at org.elasticsearch.index.translog.TranslogSnapshot.readOperation(TranslogSnapshot.java:70)
	at org.elasticsearch.index.translog.TranslogSnapshot.next(TranslogSnapshot.java:61)
	at org.elasticsearch.index.translog.MultiSnapshot.next(MultiSnapshot.java:53)
	at org.elasticsearch.index.engine.InternalEngine.recoverFromTranslog(InternalEngine.java:237)
	... 18 more
Caused by: TranslogCorruptedException[translog stream is corrupted, expected: 0xa94db8f6, got: 0x68c36736]
	at org.elasticsearch.index.translog.Translog.verifyChecksum(Translog.java:1091)
	at org.elasticsearch.index.translog.Translog.readOperation(Translog.java:1123)
	... 23 more
[2016-03-29 17:31:13,262][WARN ][org.elasticsearch.cluster.action.shard] [node_s0] [test][0] received shard failed for [test][0], node[Y27JbEqhQsSb7nUkvqXFqw], [P], v[3], s[INITIALIZING], a[id=gfS9EfS6RN2yw4iVc7-oAQ], unassigned_info[[reason=ALLOCATION_FAILED], at[2016-03-29T21:31:13.250Z], details[failed recovery, failure IndexShardRecoveryException[failed to recovery from gateway]; nested: EngineCreationFailureException[failed to recover from translog]; nested: EngineException[failed to recover from translog]; nested: TranslogCorruptedException[translog corruption while reading from stream]; nested: TranslogCorruptedException[translog stream is corrupted, expected: 0xa94db8f6, got: 0x68c36736]; ]], indexUUID [1CWRzkvfRB-D3v8U1_ZpEQ], message [failed recovery], failure [IndexShardRecoveryException[failed to recovery from gateway]; nested: EngineCreationFailureException[failed to recover from translog]; nested: EngineException[failed to recover from translog]; nested: TranslogCorruptedException[translog corruption while reading from stream]; nested: TranslogCorruptedException[translog stream is corrupted, expected: 0xa94db8f6, got: 0x68c36736]; ]
[test][[test][0]] IndexShardRecoveryException[failed to recovery from gateway]; nested: EngineCreationFailureException[failed to recover from translog]; nested: EngineException[failed to recover from translog]; nested: TranslogCorruptedException[translog corruption while reading from stream]; nested: TranslogCorruptedException[translog stream is corrupted, expected: 0xa94db8f6, got: 0x68c36736];
	at org.elasticsearch.index.shard.StoreRecovery.internalRecoverFromStore(StoreRecovery.java:234)
	at org.elasticsearch.index.shard.StoreRecovery.lambda$recoverFromStore$184(StoreRecovery.java:77)
	at org.elasticsearch.index.shard.StoreRecovery$$Lambda$696/1752519311.run(Unknown Source)
	at org.elasticsearch.index.shard.StoreRecovery.executeRecovery(StoreRecovery.java:122)
	at org.elasticsearch.index.shard.StoreRecovery.recoverFromStore(StoreRecovery.java:75)
	at org.elasticsearch.index.shard.IndexShard.recoverFromStore(IndexShard.java:1059)
	at org.elasticsearch.indices.cluster.IndicesClusterStateService.lambda$applyInitializingShard$190(IndicesClusterStateService.java:648)
	at org.elasticsearch.indices.cluster.IndicesClusterStateService$$Lambda$694/1687235994.run(Unknown Source)
	at java.util.concurrent.ThreadPoolExecutor.runWorker(ThreadPoolExecutor.java:1142)
	at java.util.concurrent.ThreadPoolExecutor$Worker.run(ThreadPoolExecutor.java:617)
	at java.lang.Thread.run(Thread.java:745)
Caused by: [test][[test][0]] EngineCreationFailureException[failed to recover from translog]; nested: EngineException[failed to recover from translog]; nested: TranslogCorruptedException[translog corruption while reading from stream]; nested: TranslogCorruptedException[translog stream is corrupted, expected: 0xa94db8f6, got: 0x68c36736];
	at org.elasticsearch.index.engine.InternalEngine.<init>(InternalEngine.java:175)
	at org.elasticsearch.test.engine.MockInternalEngine.<init>(MockInternalEngine.java:36)
	at org.elasticsearch.test.engine.MockEngineFactory.newReadWriteEngine(MockEngineFactory.java:36)
	at org.elasticsearch.index.shard.IndexShard.newEngine(IndexShard.java:1310)
	at org.elasticsearch.index.shard.IndexShard.createNewEngine(IndexShard.java:1305)
	at org.elasticsearch.index.shard.IndexShard.internalPerformTranslogRecovery(IndexShard.java:888)
	at org.elasticsearch.index.shard.IndexShard.performTranslogRecovery(IndexShard.java:866)
	at org.elasticsearch.index.shard.StoreRecovery.internalRecoverFromStore(StoreRecovery.java:230)
	... 10 more
Caused by: [test][[test][0]] EngineException[failed to recover from translog]; nested: TranslogCorruptedException[translog corruption while reading from stream]; nested: TranslogCorruptedException[translog stream is corrupted, expected: 0xa94db8f6, got: 0x68c36736];
	at org.elasticsearch.index.engine.InternalEngine.recoverFromTranslog(InternalEngine.java:251)
	at org.elasticsearch.index.engine.InternalEngine.<init>(InternalEngine.java:172)
	... 17 more
Caused by: TranslogCorruptedException[translog corruption while reading from stream]; nested: TranslogCorruptedException[translog stream is corrupted, expected: 0xa94db8f6, got: 0x68c36736];
	at org.elasticsearch.index.translog.Translog.readOperation(Translog.java:1133)
	at org.elasticsearch.index.translog.BaseTranslogReader.read(BaseTranslogReader.java:114)
	at org.elasticsearch.index.translog.TranslogSnapshot.readOperation(TranslogSnapshot.java:70)
	at org.elasticsearch.index.translog.TranslogSnapshot.next(TranslogSnapshot.java:61)
	at org.elasticsearch.index.translog.MultiSnapshot.next(MultiSnapshot.java:53)
	at org.elasticsearch.index.engine.InternalEngine.recoverFromTranslog(InternalEngine.java:237)
	... 18 more
Caused by: TranslogCorruptedException[translog stream is corrupted, expected: 0xa94db8f6, got: 0x68c36736]
	at org.elasticsearch.index.translog.Translog.verifyChecksum(Translog.java:1091)
	at org.elasticsearch.index.translog.Translog.readOperation(Translog.java:1123)
	... 23 more
[2016-03-29 17:31:13,275][WARN ][org.elasticsearch.indices.cluster] [node_s0] [[test][0]] marking and sending shard failed due to [failed recovery]
[test][[test][0]] IndexShardRecoveryException[failed to recovery from gateway]; nested: EngineCreationFailureException[failed to recover from translog]; nested: EngineException[failed to recover from translog]; nested: TranslogCorruptedException[translog corruption while reading from stream]; nested: TranslogCorruptedException[translog stream is corrupted, expected: 0xa94db8f6, got: 0x68c36736];
	at org.elasticsearch.index.shard.StoreRecovery.internalRecoverFromStore(StoreRecovery.java:234)
	at org.elasticsearch.index.shard.StoreRecovery.lambda$recoverFromStore$184(StoreRecovery.java:77)
	at org.elasticsearch.index.shard.StoreRecovery$$Lambda$696/1752519311.run(Unknown Source)
	at org.elasticsearch.index.shard.StoreRecovery.executeRecovery(StoreRecovery.java:122)
	at org.elasticsearch.index.shard.StoreRecovery.recoverFromStore(StoreRecovery.java:75)
	at org.elasticsearch.index.shard.IndexShard.recoverFromStore(IndexShard.java:1059)
	at org.elasticsearch.indices.cluster.IndicesClusterStateService.lambda$applyInitializingShard$190(IndicesClusterStateService.java:648)
	at org.elasticsearch.indices.cluster.IndicesClusterStateService$$Lambda$694/1687235994.run(Unknown Source)
	at java.util.concurrent.ThreadPoolExecutor.runWorker(ThreadPoolExecutor.java:1142)
	at java.util.concurrent.ThreadPoolExecutor$Worker.run(ThreadPoolExecutor.java:617)
	at java.lang.Thread.run(Thread.java:745)
Caused by: [test][[test][0]] EngineCreationFailureException[failed to recover from translog]; nested: EngineException[failed to recover from translog]; nested: TranslogCorruptedException[translog corruption while reading from stream]; nested: TranslogCorruptedException[translog stream is corrupted, expected: 0xa94db8f6, got: 0x68c36736];
	at org.elasticsearch.index.engine.InternalEngine.<init>(InternalEngine.java:175)
	at org.elasticsearch.test.engine.MockInternalEngine.<init>(MockInternalEngine.java:36)
	at org.elasticsearch.test.engine.MockEngineFactory.newReadWriteEngine(MockEngineFactory.java:36)
	at org.elasticsearch.index.shard.IndexShard.newEngine(IndexShard.java:1310)
	at org.elasticsearch.index.shard.IndexShard.createNewEngine(IndexShard.java:1305)
	at org.elasticsearch.index.shard.IndexShard.internalPerformTranslogRecovery(IndexShard.java:888)
	at org.elasticsearch.index.shard.IndexShard.performTranslogRecovery(IndexShard.java:866)
	at org.elasticsearch.index.shard.StoreRecovery.internalRecoverFromStore(StoreRecovery.java:230)
	... 10 more
Caused by: [test][[test][0]] EngineException[failed to recover from translog]; nested: TranslogCorruptedException[translog corruption while reading from stream]; nested: TranslogCorruptedException[translog stream is corrupted, expected: 0xa94db8f6, got: 0x68c36736];
	at org.elasticsearch.index.engine.InternalEngine.recoverFromTranslog(InternalEngine.java:251)
	at org.elasticsearch.index.engine.InternalEngine.<init>(InternalEngine.java:172)
	... 17 more
Caused by: TranslogCorruptedException[translog corruption while reading from stream]; nested: TranslogCorruptedException[translog stream is corrupted, expected: 0xa94db8f6, got: 0x68c36736];
	at org.elasticsearch.index.translog.Translog.readOperation(Translog.java:1133)
	at org.elasticsearch.index.translog.BaseTranslogReader.read(BaseTranslogReader.java:114)
	at org.elasticsearch.index.translog.TranslogSnapshot.readOperation(TranslogSnapshot.java:70)
	at org.elasticsearch.index.translog.TranslogSnapshot.next(TranslogSnapshot.java:61)
	at org.elasticsearch.index.translog.MultiSnapshot.next(MultiSnapshot.java:53)
	at org.elasticsearch.index.engine.InternalEngine.recoverFromTranslog(InternalEngine.java:237)
	... 18 more
Caused by: TranslogCorruptedException[translog stream is corrupted, expected: 0xa94db8f6, got: 0x68c36736]
	at org.elasticsearch.index.translog.Translog.verifyChecksum(Translog.java:1091)
	at org.elasticsearch.index.translog.Translog.readOperation(Translog.java:1123)
	... 23 more
[2016-03-29 17:31:13,276][WARN ][org.elasticsearch.cluster.action.shard] [node_s0] [test][0] received shard failed for [test][0], node[Y27JbEqhQsSb7nUkvqXFqw], [P], v[3], s[INITIALIZING], a[id=KAUOkbkMRAKYvGhpm7KofA], unassigned_info[[reason=ALLOCATION_FAILED], at[2016-03-29T21:31:13.263Z], details[failed recovery, failure IndexShardRecoveryException[failed to recovery from gateway]; nested: EngineCreationFailureException[failed to recover from translog]; nested: EngineException[failed to recover from translog]; nested: TranslogCorruptedException[translog corruption while reading from stream]; nested: TranslogCorruptedException[translog stream is corrupted, expected: 0xa94db8f6, got: 0x68c36736]; ]], indexUUID [1CWRzkvfRB-D3v8U1_ZpEQ], message [failed recovery], failure [IndexShardRecoveryException[failed to recovery from gateway]; nested: EngineCreationFailureException[failed to recover from translog]; nested: EngineException[failed to recover from translog]; nested: TranslogCorruptedException[translog corruption while reading from stream]; nested: TranslogCorruptedException[translog stream is corrupted, expected: 0xa94db8f6, got: 0x68c36736]; ]
[test][[test][0]] IndexShardRecoveryException[failed to recovery from gateway]; nested: EngineCreationFailureException[failed to recover from translog]; nested: EngineException[failed to recover from translog]; nested: TranslogCorruptedException[translog corruption while reading from stream]; nested: TranslogCorruptedException[translog stream is corrupted, expected: 0xa94db8f6, got: 0x68c36736];
	at org.elasticsearch.index.shard.StoreRecovery.internalRecoverFromStore(StoreRecovery.java:234)
	at org.elasticsearch.index.shard.StoreRecovery.lambda$recoverFromStore$184(StoreRecovery.java:77)
	at org.elasticsearch.index.shard.StoreRecovery$$Lambda$696/1752519311.run(Unknown Source)
	at org.elasticsearch.index.shard.StoreRecovery.executeRecovery(StoreRecovery.java:122)
	at org.elasticsearch.index.shard.StoreRecovery.recoverFromStore(StoreRecovery.java:75)
	at org.elasticsearch.index.shard.IndexShard.recoverFromStore(IndexShard.java:1059)
	at org.elasticsearch.indices.cluster.IndicesClusterStateService.lambda$applyInitializingShard$190(IndicesClusterStateService.java:648)
	at org.elasticsearch.indices.cluster.IndicesClusterStateService$$Lambda$694/1687235994.run(Unknown Source)
	at java.util.concurrent.ThreadPoolExecutor.runWorker(ThreadPoolExecutor.java:1142)
	at java.util.concurrent.ThreadPoolExecutor$Worker.run(ThreadPoolExecutor.java:617)
	at java.lang.Thread.run(Thread.java:745)
Caused by: [test][[test][0]] EngineCreationFailureException[failed to recover from translog]; nested: EngineException[failed to recover from translog]; nested: TranslogCorruptedException[translog corruption while reading from stream]; nested: TranslogCorruptedException[translog stream is corrupted, expected: 0xa94db8f6, got: 0x68c36736];
	at org.elasticsearch.index.engine.InternalEngine.<init>(InternalEngine.java:175)
	at org.elasticsearch.test.engine.MockInternalEngine.<init>(MockInternalEngine.java:36)
	at org.elasticsearch.test.engine.MockEngineFactory.newReadWriteEngine(MockEngineFactory.java:36)
	at org.elasticsearch.index.shard.IndexShard.newEngine(IndexShard.java:1310)
	at org.elasticsearch.index.shard.IndexShard.createNewEngine(IndexShard.java:1305)
	at org.elasticsearch.index.shard.IndexShard.internalPerformTranslogRecovery(IndexShard.java:888)
	at org.elasticsearch.index.shard.IndexShard.performTranslogRecovery(IndexShard.java:866)
	at org.elasticsearch.index.shard.StoreRecovery.internalRecoverFromStore(StoreRecovery.java:230)
	... 10 more
Caused by: [test][[test][0]] EngineException[failed to recover from translog]; nested: TranslogCorruptedException[translog corruption while reading from stream]; nested: TranslogCorruptedException[translog stream is corrupted, expected: 0xa94db8f6, got: 0x68c36736];
	at org.elasticsearch.index.engine.InternalEngine.recoverFromTranslog(InternalEngine.java:251)
	at org.elasticsearch.index.engine.InternalEngine.<init>(InternalEngine.java:172)
	... 17 more
Caused by: TranslogCorruptedException[translog corruption while reading from stream]; nested: TranslogCorruptedException[translog stream is corrupted, expected: 0xa94db8f6, got: 0x68c36736];
	at org.elasticsearch.index.translog.Translog.readOperation(Translog.java:1133)
	at org.elasticsearch.index.translog.BaseTranslogReader.read(BaseTranslogReader.java:114)
	at org.elasticsearch.index.translog.TranslogSnapshot.readOperation(TranslogSnapshot.java:70)
	at org.elasticsearch.index.translog.TranslogSnapshot.next(TranslogSnapshot.java:61)
	at org.elasticsearch.index.translog.MultiSnapshot.next(MultiSnapshot.java:53)
	at org.elasticsearch.index.engine.InternalEngine.recoverFromTranslog(InternalEngine.java:237)
	... 18 more
Caused by: TranslogCorruptedException[translog stream is corrupted, expected: 0xa94db8f6, got: 0x68c36736]
	at org.elasticsearch.index.translog.Translog.verifyChecksum(Translog.java:1091)
	at org.elasticsearch.index.translog.Translog.readOperation(Translog.java:1123)
	... 23 more
[2016-03-29 17:31:13,289][WARN ][org.elasticsearch.indices.cluster] [node_s0] [[test][0]] marking and sending shard failed due to [failed recovery]
[test][[test][0]] IndexShardRecoveryException[failed to recovery from gateway]; nested: EngineCreationFailureException[failed to recover from translog]; nested: EngineException[failed to recover from translog]; nested: TranslogCorruptedException[translog corruption while reading from stream]; nested: TranslogCorruptedException[translog stream is corrupted, expected: 0xa94db8f6, got: 0x68c36736];
	at org.elasticsearch.index.shard.StoreRecovery.internalRecoverFromStore(StoreRecovery.java:234)
	at org.elasticsearch.index.shard.StoreRecovery.lambda$recoverFromStore$184(StoreRecovery.java:77)
	at org.elasticsearch.index.shard.StoreRecovery$$Lambda$696/1752519311.run(Unknown Source)
	at org.elasticsearch.index.shard.StoreRecovery.executeRecovery(StoreRecovery.java:122)
	at org.elasticsearch.index.shard.StoreRecovery.recoverFromStore(StoreRecovery.java:75)
	at org.elasticsearch.index.shard.IndexShard.recoverFromStore(IndexShard.java:1059)
	at org.elasticsearch.indices.cluster.IndicesClusterStateService.lambda$applyInitializingShard$190(IndicesClusterStateService.java:648)
	at org.elasticsearch.indices.cluster.IndicesClusterStateService$$Lambda$694/1687235994.run(Unknown Source)
	at java.util.concurrent.ThreadPoolExecutor.runWorker(ThreadPoolExecutor.java:1142)
	at java.util.concurrent.ThreadPoolExecutor$Worker.run(ThreadPoolExecutor.java:617)
	at java.lang.Thread.run(Thread.java:745)
Caused by: [test][[test][0]] EngineCreationFailureException[failed to recover from translog]; nested: EngineException[failed to recover from translog]; nested: TranslogCorruptedException[translog corruption while reading from stream]; nested: TranslogCorruptedException[translog stream is corrupted, expected: 0xa94db8f6, got: 0x68c36736];
	at org.elasticsearch.index.engine.InternalEngine.<init>(InternalEngine.java:175)
	at org.elasticsearch.test.engine.MockInternalEngine.<init>(MockInternalEngine.java:36)
	at org.elasticsearch.test.engine.MockEngineFactory.newReadWriteEngine(MockEngineFactory.java:36)
	at org.elasticsearch.index.shard.IndexShard.newEngine(IndexShard.java:1310)
	at org.elasticsearch.index.shard.IndexShard.createNewEngine(IndexShard.java:1305)
	at org.elasticsearch.index.shard.IndexShard.internalPerformTranslogRecovery(IndexShard.java:888)
	at org.elasticsearch.index.shard.IndexShard.performTranslogRecovery(IndexShard.java:866)
	at org.elasticsearch.index.shard.StoreRecovery.internalRecoverFromStore(StoreRecovery.java:230)
	... 10 more
Caused by: [test][[test][0]] EngineException[failed to recover from translog]; nested: TranslogCorruptedException[translog corruption while reading from stream]; nested: TranslogCorruptedException[translog stream is corrupted, expected: 0xa94db8f6, got: 0x68c36736];
	at org.elasticsearch.index.engine.InternalEngine.recoverFromTranslog(InternalEngine.java:251)
	at org.elasticsearch.index.engine.InternalEngine.<init>(InternalEngine.java:172)
	... 17 more
Caused by: TranslogCorruptedException[translog corruption while reading from stream]; nested: TranslogCorruptedException[translog stream is corrupted, expected: 0xa94db8f6, got: 0x68c36736];
	at org.elasticsearch.index.translog.Translog.readOperation(Translog.java:1133)
	at org.elasticsearch.index.translog.BaseTranslogReader.read(BaseTranslogReader.java:114)
	at org.elasticsearch.index.translog.TranslogSnapshot.readOperation(TranslogSnapshot.java:70)
	at org.elasticsearch.index.translog.TranslogSnapshot.next(TranslogSnapshot.java:61)
	at org.elasticsearch.index.translog.MultiSnapshot.next(MultiSnapshot.java:53)
	at org.elasticsearch.index.engine.InternalEngine.recoverFromTranslog(InternalEngine.java:237)
	... 18 more
Caused by: TranslogCorruptedException[translog stream is corrupted, expected: 0xa94db8f6, got: 0x68c36736]
	at org.elasticsearch.index.translog.Translog.verifyChecksum(Translog.java:1091)
	at org.elasticsearch.index.translog.Translog.readOperation(Translog.java:1123)
	... 23 more
[2016-03-29 17:31:13,290][WARN ][org.elasticsearch.cluster.action.shard] [node_s0] [test][0] received shard failed for [test][0], node[Y27JbEqhQsSb7nUkvqXFqw], [P], v[3], s[INITIALIZING], a[id=xZQIpCguRte-u-6J_z56zg], unassigned_info[[reason=ALLOCATION_FAILED], at[2016-03-29T21:31:13.276Z], details[failed recovery, failure IndexShardRecoveryException[failed to recovery from gateway]; nested: EngineCreationFailureException[failed to recover from translog]; nested: EngineException[failed to recover from translog]; nested: TranslogCorruptedException[translog corruption while reading from stream]; nested: TranslogCorruptedException[translog stream is corrupted, expected: 0xa94db8f6, got: 0x68c36736]; ]], indexUUID [1CWRzkvfRB-D3v8U1_ZpEQ], message [failed recovery], failure [IndexShardRecoveryException[failed to recovery from gateway]; nested: EngineCreationFailureException[failed to recover from translog]; nested: EngineException[failed to recover from translog]; nested: TranslogCorruptedException[translog corruption while reading from stream]; nested: TranslogCorruptedException[translog stream is corrupted, expected: 0xa94db8f6, got: 0x68c36736]; ]
[test][[test][0]] IndexShardRecoveryException[failed to recovery from gateway]; nested: EngineCreationFailureException[failed to recover from translog]; nested: EngineException[failed to recover from translog]; nested: TranslogCorruptedException[translog corruption while reading from stream]; nested: TranslogCorruptedException[translog stream is corrupted, expected: 0xa94db8f6, got: 0x68c36736];
	at org.elasticsearch.index.shard.StoreRecovery.internalRecoverFromStore(StoreRecovery.java:234)
	at org.elasticsearch.index.shard.StoreRecovery.lambda$recoverFromStore$184(StoreRecovery.java:77)
	at org.elasticsearch.index.shard.StoreRecovery$$Lambda$696/1752519311.run(Unknown Source)
	at org.elasticsearch.index.shard.StoreRecovery.executeRecovery(StoreRecovery.java:122)
	at org.elasticsearch.index.shard.StoreRecovery.recoverFromStore(StoreRecovery.java:75)
	at org.elasticsearch.index.shard.IndexShard.recoverFromStore(IndexShard.java:1059)
	at org.elasticsearch.indices.cluster.IndicesClusterStateService.lambda$applyInitializingShard$190(IndicesClusterStateService.java:648)
	at org.elasticsearch.indices.cluster.IndicesClusterStateService$$Lambda$694/1687235994.run(Unknown Source)
	at java.util.concurrent.ThreadPoolExecutor.runWorker(ThreadPoolExecutor.java:1142)
	at java.util.concurrent.ThreadPoolExecutor$Worker.run(ThreadPoolExecutor.java:617)
	at java.lang.Thread.run(Thread.java:745)
Caused by: [test][[test][0]] EngineCreationFailureException[failed to recover from translog]; nested: EngineException[failed to recover from translog]; nested: TranslogCorruptedException[translog corruption while reading from stream]; nested: TranslogCorruptedException[translog stream is corrupted, expected: 0xa94db8f6, got: 0x68c36736];
	at org.elasticsearch.index.engine.InternalEngine.<init>(InternalEngine.java:175)
	at org.elasticsearch.test.engine.MockInternalEngine.<init>(MockInternalEngine.java:36)
	at org.elasticsearch.test.engine.MockEngineFactory.newReadWriteEngine(MockEngineFactory.java:36)
	at org.elasticsearch.index.shard.IndexShard.newEngine(IndexShard.java:1310)
	at org.elasticsearch.index.shard.IndexShard.createNewEngine(IndexShard.java:1305)
	at org.elasticsearch.index.shard.IndexShard.internalPerformTranslogRecovery(IndexShard.java:888)
	at org.elasticsearch.index.shard.IndexShard.performTranslogRecovery(IndexShard.java:866)
	at org.elasticsearch.index.shard.StoreRecovery.internalRecoverFromStore(StoreRecovery.java:230)
	... 10 more
Caused by: [test][[test][0]] EngineException[failed to recover from translog]; nested: TranslogCorruptedException[translog corruption while reading from stream]; nested: TranslogCorruptedException[translog stream is corrupted, expected: 0xa94db8f6, got: 0x68c36736];
	at org.elasticsearch.index.engine.InternalEngine.recoverFromTranslog(InternalEngine.java:251)
	at org.elasticsearch.index.engine.InternalEngine.<init>(InternalEngine.java:172)
	... 17 more
Caused by: TranslogCorruptedException[translog corruption while reading from stream]; nested: TranslogCorruptedException[translog stream is corrupted, expected: 0xa94db8f6, got: 0x68c36736];
	at org.elasticsearch.index.translog.Translog.readOperation(Translog.java:1133)
	at org.elasticsearch.index.translog.BaseTranslogReader.read(BaseTranslogReader.java:114)
	at org.elasticsearch.index.translog.TranslogSnapshot.readOperation(TranslogSnapshot.java:70)
	at org.elasticsearch.index.translog.TranslogSnapshot.next(TranslogSnapshot.java:61)
	at org.elasticsearch.index.translog.MultiSnapshot.next(MultiSnapshot.java:53)
	at org.elasticsearch.index.engine.InternalEngine.recoverFromTranslog(InternalEngine.java:237)
	... 18 more
Caused by: TranslogCorruptedException[translog stream is corrupted, expected: 0xa94db8f6, got: 0x68c36736]
	at org.elasticsearch.index.translog.Translog.verifyChecksum(Translog.java:1091)
	at org.elasticsearch.index.translog.Translog.readOperation(Translog.java:1123)
	... 23 more
[2016-03-29 17:31:13,304][WARN ][org.elasticsearch.indices.cluster] [node_s0] [[test][0]] marking and sending shard failed due to [failed recovery]
[test][[test][0]] IndexShardRecoveryException[failed to recovery from gateway]; nested: EngineCreationFailureException[failed to recover from translog]; nested: EngineException[failed to recover from translog]; nested: TranslogCorruptedException[translog corruption while reading from stream]; nested: TranslogCorruptedException[translog stream is corrupted, expected: 0xa94db8f6, got: 0x68c36736];
	at org.elasticsearch.index.shard.StoreRecovery.internalRecoverFromStore(StoreRecovery.java:234)
	at org.elasticsearch.index.shard.StoreRecovery.lambda$recoverFromStore$184(StoreRecovery.java:77)
	at org.elasticsearch.index.shard.StoreRecovery$$Lambda$696/1752519311.run(Unknown Source)
	at org.elasticsearch.index.shard.StoreRecovery.executeRecovery(StoreRecovery.java:122)
	at org.elasticsearch.index.shard.StoreRecovery.recoverFromStore(StoreRecovery.java:75)
	at org.elasticsearch.index.shard.IndexShard.recoverFromStore(IndexShard.java:1059)
	at org.elasticsearch.indices.cluster.IndicesClusterStateService.lambda$applyInitializingShard$190(IndicesClusterStateService.java:648)
	at org.elasticsearch.indices.cluster.IndicesClusterStateService$$Lambda$694/1687235994.run(Unknown Source)
	at java.util.concurrent.ThreadPoolExecutor.runWorker(ThreadPoolExecutor.java:1142)
	at java.util.concurrent.ThreadPoolExecutor$Worker.run(ThreadPoolExecutor.java:617)
	at java.lang.Thread.run(Thread.java:745)
Caused by: [test][[test][0]] EngineCreationFailureException[failed to recover from translog]; nested: EngineException[failed to recover from translog]; nested: TranslogCorruptedException[translog corruption while reading from stream]; nested: TranslogCorruptedException[translog stream is corrupted, expected: 0xa94db8f6, got: 0x68c36736];
	at org.elasticsearch.index.engine.InternalEngine.<init>(InternalEngine.java:175)
	at org.elasticsearch.test.engine.MockInternalEngine.<init>(MockInternalEngine.java:36)
	at org.elasticsearch.test.engine.MockEngineFactory.newReadWriteEngine(MockEngineFactory.java:36)
	at org.elasticsearch.index.shard.IndexShard.newEngine(IndexShard.java:1310)
	at org.elasticsearch.index.shard.IndexShard.createNewEngine(IndexShard.java:1305)
	at org.elasticsearch.index.shard.IndexShard.internalPerformTranslogRecovery(IndexShard.java:888)
	at org.elasticsearch.index.shard.IndexShard.performTranslogRecovery(IndexShard.java:866)
	at org.elasticsearch.index.shard.StoreRecovery.internalRecoverFromStore(StoreRecovery.java:230)
	... 10 more
Caused by: [test][[test][0]] EngineException[failed to recover from translog]; nested: TranslogCorruptedException[translog corruption while reading from stream]; nested: TranslogCorruptedException[translog stream is corrupted, expected: 0xa94db8f6, got: 0x68c36736];
	at org.elasticsearch.index.engine.InternalEngine.recoverFromTranslog(InternalEngine.java:251)
	at org.elasticsearch.index.engine.InternalEngine.<init>(InternalEngine.java:172)
	... 17 more
Caused by: TranslogCorruptedException[translog corruption while reading from stream]; nested: TranslogCorruptedException[translog stream is corrupted, expected: 0xa94db8f6, got: 0x68c36736];
	at org.elasticsearch.index.translog.Translog.readOperation(Translog.java:1133)
	at org.elasticsearch.index.translog.BaseTranslogReader.read(BaseTranslogReader.java:114)
	at org.elasticsearch.index.translog.TranslogSnapshot.readOperation(TranslogSnapshot.java:70)
	at org.elasticsearch.index.translog.TranslogSnapshot.next(TranslogSnapshot.java:61)
	at org.elasticsearch.index.translog.MultiSnapshot.next(MultiSnapshot.java:53)
	at org.elasticsearch.index.engine.InternalEngine.recoverFromTranslog(InternalEngine.java:237)
	... 18 more
Caused by: TranslogCorruptedException[translog stream is corrupted, expected: 0xa94db8f6, got: 0x68c36736]
	at org.elasticsearch.index.translog.Translog.verifyChecksum(Translog.java:1091)
	at org.elasticsearch.index.translog.Translog.readOperation(Translog.java:1123)
	... 23 more
[2016-03-29 17:31:13,304][WARN ][org.elasticsearch.cluster.action.shard] [node_s0] [test][0] received shard failed for [test][0], node[Y27JbEqhQsSb7nUkvqXFqw], [P], v[3], s[INITIALIZING], a[id=tNjpB8s-RIi0wiitKUwcyg], unassigned_info[[reason=ALLOCATION_FAILED], at[2016-03-29T21:31:13.290Z], details[failed recovery, failure IndexShardRecoveryException[failed to recovery from gateway]; nested: EngineCreationFailureException[failed to recover from translog]; nested: EngineException[failed to recover from translog]; nested: TranslogCorruptedException[translog corruption while reading from stream]; nested: TranslogCorruptedException[translog stream is corrupted, expected: 0xa94db8f6, got: 0x68c36736]; ]], indexUUID [1CWRzkvfRB-D3v8U1_ZpEQ], message [failed recovery], failure [IndexShardRecoveryException[failed to recovery from gateway]; nested: EngineCreationFailureException[failed to recover from translog]; nested: EngineException[failed to recover from translog]; nested: TranslogCorruptedException[translog corruption while reading from stream]; nested: TranslogCorruptedException[translog stream is corrupted, expected: 0xa94db8f6, got: 0x68c36736]; ]
[test][[test][0]] IndexShardRecoveryException[failed to recovery from gateway]; nested: EngineCreationFailureException[failed to recover from translog]; nested: EngineException[failed to recover from translog]; nested: TranslogCorruptedException[translog corruption while reading from stream]; nested: TranslogCorruptedException[translog stream is corrupted, expected: 0xa94db8f6, got: 0x68c36736];
	at org.elasticsearch.index.shard.StoreRecovery.internalRecoverFromStore(StoreRecovery.java:234)
	at org.elasticsearch.index.shard.StoreRecovery.lambda$recoverFromStore$184(StoreRecovery.java:77)
	at org.elasticsearch.index.shard.StoreRecovery$$Lambda$696/1752519311.run(Unknown Source)
	at org.elasticsearch.index.shard.StoreRecovery.executeRecovery(StoreRecovery.java:122)
	at org.elasticsearch.index.shard.StoreRecovery.recoverFromStore(StoreRecovery.java:75)
	at org.elasticsearch.index.shard.IndexShard.recoverFromStore(IndexShard.java:1059)
	at org.elasticsearch.indices.cluster.IndicesClusterStateService.lambda$applyInitializingShard$190(IndicesClusterStateService.java:648)
	at org.elasticsearch.indices.cluster.IndicesClusterStateService$$Lambda$694/1687235994.run(Unknown Source)
	at java.util.concurrent.ThreadPoolExecutor.runWorker(ThreadPoolExecutor.java:1142)
	at java.util.concurrent.ThreadPoolExecutor$Worker.run(ThreadPoolExecutor.java:617)
	at java.lang.Thread.run(Thread.java:745)
Caused by: [test][[test][0]] EngineCreationFailureException[failed to recover from translog]; nested: EngineException[failed to recover from translog]; nested: TranslogCorruptedException[translog corruption while reading from stream]; nested: TranslogCorruptedException[translog stream is corrupted, expected: 0xa94db8f6, got: 0x68c36736];
	at org.elasticsearch.index.engine.InternalEngine.<init>(InternalEngine.java:175)
	at org.elasticsearch.test.engine.MockInternalEngine.<init>(MockInternalEngine.java:36)
	at org.elasticsearch.test.engine.MockEngineFactory.newReadWriteEngine(MockEngineFactory.java:36)
	at org.elasticsearch.index.shard.IndexShard.newEngine(IndexShard.java:1310)
	at org.elasticsearch.index.shard.IndexShard.createNewEngine(IndexShard.java:1305)
	at org.elasticsearch.index.shard.IndexShard.internalPerformTranslogRecovery(IndexShard.java:888)
	at org.elasticsearch.index.shard.IndexShard.performTranslogRecovery(IndexShard.java:866)
	at org.elasticsearch.index.shard.StoreRecovery.internalRecoverFromStore(StoreRecovery.java:230)
	... 10 more
Caused by: [test][[test][0]] EngineException[failed to recover from translog]; nested: TranslogCorruptedException[translog corruption while reading from stream]; nested: TranslogCorruptedException[translog stream is corrupted, expected: 0xa94db8f6, got: 0x68c36736];
	at org.elasticsearch.index.engine.InternalEngine.recoverFromTranslog(InternalEngine.java:251)
	at org.elasticsearch.index.engine.InternalEngine.<init>(InternalEngine.java:172)
	... 17 more
Caused by: TranslogCorruptedException[translog corruption while reading from stream]; nested: TranslogCorruptedException[translog stream is corrupted, expected: 0xa94db8f6, got: 0x68c36736];
	at org.elasticsearch.index.translog.Translog.readOperation(Translog.java:1133)
	at org.elasticsearch.index.translog.BaseTranslogReader.read(BaseTranslogReader.java:114)
	at org.elasticsearch.index.translog.TranslogSnapshot.readOperation(TranslogSnapshot.java:70)
	at org.elasticsearch.index.translog.TranslogSnapshot.next(TranslogSnapshot.java:61)
	at org.elasticsearch.index.translog.MultiSnapshot.next(MultiSnapshot.java:53)
	at org.elasticsearch.index.engine.InternalEngine.recoverFromTranslog(InternalEngine.java:237)
	... 18 more
Caused by: TranslogCorruptedException[translog stream is corrupted, expected: 0xa94db8f6, got: 0x68c36736]
	at org.elasticsearch.index.translog.Translog.verifyChecksum(Translog.java:1091)
	at org.elasticsearch.index.translog.Translog.readOperation(Translog.java:1123)
	... 23 more
[2016-03-29 17:31:13,318][WARN ][org.elasticsearch.indices.cluster] [node_s0] [[test][0]] marking and sending shard failed due to [failed recovery]
[test][[test][0]] IndexShardRecoveryException[failed to recovery from gateway]; nested: EngineCreationFailureException[failed to recover from translog]; nested: EngineException[failed to recover from translog]; nested: TranslogCorruptedException[translog corruption while reading from stream]; nested: TranslogCorruptedException[translog stream is corrupted, expected: 0xa94db8f6, got: 0x68c36736];
	at org.elasticsearch.index.shard.StoreRecovery.internalRecoverFromStore(StoreRecovery.java:234)
	at org.elasticsearch.index.shard.StoreRecovery.lambda$recoverFromStore$184(StoreRecovery.java:77)
	at org.elasticsearch.index.shard.StoreRecovery$$Lambda$696/1752519311.run(Unknown Source)
	at org.elasticsearch.index.shard.StoreRecovery.executeRecovery(StoreRecovery.java:122)
	at org.elasticsearch.index.shard.StoreRecovery.recoverFromStore(StoreRecovery.java:75)
	at org.elasticsearch.index.shard.IndexShard.recoverFromStore(IndexShard.java:1059)
	at org.elasticsearch.indices.cluster.IndicesClusterStateService.lambda$applyInitializingShard$190(IndicesClusterStateService.java:648)
	at org.elasticsearch.indices.cluster.IndicesClusterStateService$$Lambda$694/1687235994.run(Unknown Source)
	at java.util.concurrent.ThreadPoolExecutor.runWorker(ThreadPoolExecutor.java:1142)
	at java.util.concurrent.ThreadPoolExecutor$Worker.run(ThreadPoolExecutor.java:617)
	at java.lang.Thread.run(Thread.java:745)
Caused by: [test][[test][0]] EngineCreationFailureException[failed to recover from translog]; nested: EngineException[failed to recover from translog]; nested: TranslogCorruptedException[translog corruption while reading from stream]; nested: TranslogCorruptedException[translog stream is corrupted, expected: 0xa94db8f6, got: 0x68c36736];
	at org.elasticsearch.index.engine.InternalEngine.<init>(InternalEngine.java:175)
	at org.elasticsearch.test.engine.MockInternalEngine.<init>(MockInternalEngine.java:36)
	at org.elasticsearch.test.engine.MockEngineFactory.newReadWriteEngine(MockEngineFactory.java:36)
	at org.elasticsearch.index.shard.IndexShard.newEngine(IndexShard.java:1310)
	at org.elasticsearch.index.shard.IndexShard.createNewEngine(IndexShard.java:1305)
	at org.elasticsearch.index.shard.IndexShard.internalPerformTranslogRecovery(IndexShard.java:888)
	at org.elasticsearch.index.shard.IndexShard.performTranslogRecovery(IndexShard.java:866)
	at org.elasticsearch.index.shard.StoreRecovery.internalRecoverFromStore(StoreRecovery.java:230)
	... 10 more
Caused by: [test][[test][0]] EngineException[failed to recover from translog]; nested: TranslogCorruptedException[translog corruption while reading from stream]; nested: TranslogCorruptedException[translog stream is corrupted, expected: 0xa94db8f6, got: 0x68c36736];
	at org.elasticsearch.index.engine.InternalEngine.recoverFromTranslog(InternalEngine.java:251)
	at org.elasticsearch.index.engine.InternalEngine.<init>(InternalEngine.java:172)
	... 17 more
Caused by: TranslogCorruptedException[translog corruption while reading from stream]; nested: TranslogCorruptedException[translog stream is corrupted, expected: 0xa94db8f6, got: 0x68c36736];
	at org.elasticsearch.index.translog.Translog.readOperation(Translog.java:1133)
	at org.elasticsearch.index.translog.BaseTranslogReader.read(BaseTranslogReader.java:114)
	at org.elasticsearch.index.translog.TranslogSnapshot.readOperation(TranslogSnapshot.java:70)
	at org.elasticsearch.index.translog.TranslogSnapshot.next(TranslogSnapshot.java:61)
	at org.elasticsearch.index.translog.MultiSnapshot.next(MultiSnapshot.java:53)
	at org.elasticsearch.index.engine.InternalEngine.recoverFromTranslog(InternalEngine.java:237)
	... 18 more
Caused by: TranslogCorruptedException[translog stream is corrupted, expected: 0xa94db8f6, got: 0x68c36736]
	at org.elasticsearch.index.translog.Translog.verifyChecksum(Translog.java:1091)
	at org.elasticsearch.index.translog.Translog.readOperation(Translog.java:1123)
	... 23 more
[2016-03-29 17:31:13,320][WARN ][org.elasticsearch.cluster.action.shard] [node_s0] [test][0] received shard failed for [test][0], node[Y27JbEqhQsSb7nUkvqXFqw], [P], v[3], s[INITIALIZING], a[id=gjodqpFuS9urwX_F1tsOQw], unassigned_info[[reason=ALLOCATION_FAILED], at[2016-03-29T21:31:13.305Z], details[failed recovery, failure IndexShardRecoveryException[failed to recovery from gateway]; nested: EngineCreationFailureException[failed to recover from translog]; nested: EngineException[failed to recover from translog]; nested: TranslogCorruptedException[translog corruption while reading from stream]; nested: TranslogCorruptedException[translog stream is corrupted, expected: 0xa94db8f6, got: 0x68c36736]; ]], indexUUID [1CWRzkvfRB-D3v8U1_ZpEQ], message [failed recovery], failure [IndexShardRecoveryException[failed to recovery from gateway]; nested: EngineCreationFailureException[failed to recover from translog]; nested: EngineException[failed to recover from translog]; nested: TranslogCorruptedException[translog corruption while reading from stream]; nested: TranslogCorruptedException[translog stream is corrupted, expected: 0xa94db8f6, got: 0x68c36736]; ]
[test][[test][0]] IndexShardRecoveryException[failed to recovery from gateway]; nested: EngineCreationFailureException[failed to recover from translog]; nested: EngineException[failed to recover from translog]; nested: TranslogCorruptedException[translog corruption while reading from stream]; nested: TranslogCorruptedException[translog stream is corrupted, expected: 0xa94db8f6, got: 0x68c36736];
	at org.elasticsearch.index.shard.StoreRecovery.internalRecoverFromStore(StoreRecovery.java:234)
	at org.elasticsearch.index.shard.StoreRecovery.lambda$recoverFromStore$184(StoreRecovery.java:77)
	at org.elasticsearch.index.shard.StoreRecovery$$Lambda$696/1752519311.run(Unknown Source)
	at org.elasticsearch.index.shard.StoreRecovery.executeRecovery(StoreRecovery.java:122)
	at org.elasticsearch.index.shard.StoreRecovery.recoverFromStore(StoreRecovery.java:75)
	at org.elasticsearch.index.shard.IndexShard.recoverFromStore(IndexShard.java:1059)
	at org.elasticsearch.indices.cluster.IndicesClusterStateService.lambda$applyInitializingShard$190(IndicesClusterStateService.java:648)
	at org.elasticsearch.indices.cluster.IndicesClusterStateService$$Lambda$694/1687235994.run(Unknown Source)
	at java.util.concurrent.ThreadPoolExecutor.runWorker(ThreadPoolExecutor.java:1142)
	at java.util.concurrent.ThreadPoolExecutor$Worker.run(ThreadPoolExecutor.java:617)
	at java.lang.Thread.run(Thread.java:745)
Caused by: [test][[test][0]] EngineCreationFailureException[failed to recover from translog]; nested: EngineException[failed to recover from translog]; nested: TranslogCorruptedException[translog corruption while reading from stream]; nested: TranslogCorruptedException[translog stream is corrupted, expected: 0xa94db8f6, got: 0x68c36736];
	at org.elasticsearch.index.engine.InternalEngine.<init>(InternalEngine.java:175)
	at org.elasticsearch.test.engine.MockInternalEngine.<init>(MockInternalEngine.java:36)
	at org.elasticsearch.test.engine.MockEngineFactory.newReadWriteEngine(MockEngineFactory.java:36)
	at org.elasticsearch.index.shard.IndexShard.newEngine(IndexShard.java:1310)
	at org.elasticsearch.index.shard.IndexShard.createNewEngine(IndexShard.java:1305)
	at org.elasticsearch.index.shard.IndexShard.internalPerformTranslogRecovery(IndexShard.java:888)
	at org.elasticsearch.index.shard.IndexShard.performTranslogRecovery(IndexShard.java:866)
	at org.elasticsearch.index.shard.StoreRecovery.internalRecoverFromStore(StoreRecovery.java:230)
	... 10 more
Caused by: [test][[test][0]] EngineException[failed to recover from translog]; nested: TranslogCorruptedException[translog corruption while reading from stream]; nested: TranslogCorruptedException[translog stream is corrupted, expected: 0xa94db8f6, got: 0x68c36736];
	at org.elasticsearch.index.engine.InternalEngine.recoverFromTranslog(InternalEngine.java:251)
	at org.elasticsearch.index.engine.InternalEngine.<init>(InternalEngine.java:172)
	... 17 more
Caused by: TranslogCorruptedException[translog corruption while reading from stream]; nested: TranslogCorruptedException[translog stream is corrupted, expected: 0xa94db8f6, got: 0x68c36736];
	at org.elasticsearch.index.translog.Translog.readOperation(Translog.java:1133)
	at org.elasticsearch.index.translog.BaseTranslogReader.read(BaseTranslogReader.java:114)
	at org.elasticsearch.index.translog.TranslogSnapshot.readOperation(TranslogSnapshot.java:70)
	at org.elasticsearch.index.translog.TranslogSnapshot.next(TranslogSnapshot.java:61)
	at org.elasticsearch.index.translog.MultiSnapshot.next(MultiSnapshot.java:53)
	at org.elasticsearch.index.engine.InternalEngine.recoverFromTranslog(InternalEngine.java:237)
	... 18 more
Caused by: TranslogCorruptedException[translog stream is corrupted, expected: 0xa94db8f6, got: 0x68c36736]
	at org.elasticsearch.index.translog.Translog.verifyChecksum(Translog.java:1091)
	at org.elasticsearch.index.translog.Translog.readOperation(Translog.java:1123)
	... 23 more
[2016-03-29 17:31:13,333][WARN ][org.elasticsearch.indices.cluster] [node_s0] [[test][0]] marking and sending shard failed due to [failed recovery]
[test][[test][0]] IndexShardRecoveryException[failed to recovery from gateway]; nested: EngineCreationFailureException[failed to recover from translog]; nested: EngineException[failed to recover from translog]; nested: TranslogCorruptedException[translog corruption while reading from stream]; nested: TranslogCorruptedException[translog stream is corrupted, expected: 0xa94db8f6, got: 0x68c36736];
	at org.elasticsearch.index.shard.StoreRecovery.internalRecoverFromStore(StoreRecovery.java:234)
	at org.elasticsearch.index.shard.StoreRecovery.lambda$recoverFromStore$184(StoreRecovery.java:77)
	at org.elasticsearch.index.shard.StoreRecovery$$Lambda$696/1752519311.run(Unknown Source)
	at org.elasticsearch.index.shard.StoreRecovery.executeRecovery(StoreRecovery.java:122)
	at org.elasticsearch.index.shard.StoreRecovery.recoverFromStore(StoreRecovery.java:75)
	at org.elasticsearch.index.shard.IndexShard.recoverFromStore(IndexShard.java:1059)
	at org.elasticsearch.indices.cluster.IndicesClusterStateService.lambda$applyInitializingShard$190(IndicesClusterStateService.java:648)
	at org.elasticsearch.indices.cluster.IndicesClusterStateService$$Lambda$694/1687235994.run(Unknown Source)
	at java.util.concurrent.ThreadPoolExecutor.runWorker(ThreadPoolExecutor.java:1142)
	at java.util.concurrent.ThreadPoolExecutor$Worker.run(ThreadPoolExecutor.java:617)
	at java.lang.Thread.run(Thread.java:745)
Caused by: [test][[test][0]] EngineCreationFailureException[failed to recover from translog]; nested: EngineException[failed to recover from translog]; nested: TranslogCorruptedException[translog corruption while reading from stream]; nested: TranslogCorruptedException[translog stream is corrupted, expected: 0xa94db8f6, got: 0x68c36736];
	at org.elasticsearch.index.engine.InternalEngine.<init>(InternalEngine.java:175)
	at org.elasticsearch.test.engine.MockInternalEngine.<init>(MockInternalEngine.java:36)
	at org.elasticsearch.test.engine.MockEngineFactory.newReadWriteEngine(MockEngineFactory.java:36)
	at org.elasticsearch.index.shard.IndexShard.newEngine(IndexShard.java:1310)
	at org.elasticsearch.index.shard.IndexShard.createNewEngine(IndexShard.java:1305)
	at org.elasticsearch.index.shard.IndexShard.internalPerformTranslogRecovery(IndexShard.java:888)
	at org.elasticsearch.index.shard.IndexShard.performTranslogRecovery(IndexShard.java:866)
	at org.elasticsearch.index.shard.StoreRecovery.internalRecoverFromStore(StoreRecovery.java:230)
	... 10 more
Caused by: [test][[test][0]] EngineException[failed to recover from translog]; nested: TranslogCorruptedException[translog corruption while reading from stream]; nested: TranslogCorruptedException[translog stream is corrupted, expected: 0xa94db8f6, got: 0x68c36736];
	at org.elasticsearch.index.engine.InternalEngine.recoverFromTranslog(InternalEngine.java:251)
	at org.elasticsearch.index.engine.InternalEngine.<init>(InternalEngine.java:172)
	... 17 more
Caused by: TranslogCorruptedException[translog corruption while reading from stream]; nested: TranslogCorruptedException[translog stream is corrupted, expected: 0xa94db8f6, got: 0x68c36736];
	at org.elasticsearch.index.translog.Translog.readOperation(Translog.java:1133)
	at org.elasticsearch.index.translog.BaseTranslogReader.read(BaseTranslogReader.java:114)
	at org.elasticsearch.index.translog.TranslogSnapshot.readOperation(TranslogSnapshot.java:70)
	at org.elasticsearch.index.translog.TranslogSnapshot.next(TranslogSnapshot.java:61)
	at org.elasticsearch.index.translog.MultiSnapshot.next(MultiSnapshot.java:53)
	at org.elasticsearch.index.engine.InternalEngine.recoverFromTranslog(InternalEngine.java:237)
	... 18 more
Caused by: TranslogCorruptedException[translog stream is corrupted, expected: 0xa94db8f6, got: 0x68c36736]
	at org.elasticsearch.index.translog.Translog.verifyChecksum(Translog.java:1091)
	at org.elasticsearch.index.translog.Translog.readOperation(Translog.java:1123)
	... 23 more
[2016-03-29 17:31:13,334][WARN ][org.elasticsearch.cluster.action.shard] [node_s0] [test][0] received shard failed for [test][0], node[Y27JbEqhQsSb7nUkvqXFqw], [P], v[3], s[INITIALIZING], a[id=3EqpYcbYTLmSABmtutPl5Q], unassigned_info[[reason=ALLOCATION_FAILED], at[2016-03-29T21:31:13.320Z], details[failed recovery, failure IndexShardRecoveryException[failed to recovery from gateway]; nested: EngineCreationFailureException[failed to recover from translog]; nested: EngineException[failed to recover from translog]; nested: TranslogCorruptedException[translog corruption while reading from stream]; nested: TranslogCorruptedException[translog stream is corrupted, expected: 0xa94db8f6, got: 0x68c36736]; ]], indexUUID [1CWRzkvfRB-D3v8U1_ZpEQ], message [failed recovery], failure [IndexShardRecoveryException[failed to recovery from gateway]; nested: EngineCreationFailureException[failed to recover from translog]; nested: EngineException[failed to recover from translog]; nested: TranslogCorruptedException[translog corruption while reading from stream]; nested: TranslogCorruptedException[translog stream is corrupted, expected: 0xa94db8f6, got: 0x68c36736]; ]
[test][[test][0]] IndexShardRecoveryException[failed to recovery from gateway]; nested: EngineCreationFailureException[failed to recover from translog]; nested: EngineException[failed to recover from translog]; nested: TranslogCorruptedException[translog corruption while reading from stream]; nested: TranslogCorruptedException[translog stream is corrupted, expected: 0xa94db8f6, got: 0x68c36736];
	at org.elasticsearch.index.shard.StoreRecovery.internalRecoverFromStore(StoreRecovery.java:234)
	at org.elasticsearch.index.shard.StoreRecovery.lambda$recoverFromStore$184(StoreRecovery.java:77)
	at org.elasticsearch.index.shard.StoreRecovery$$Lambda$696/1752519311.run(Unknown Source)
	at org.elasticsearch.index.shard.StoreRecovery.executeRecovery(StoreRecovery.java:122)
	at org.elasticsearch.index.shard.StoreRecovery.recoverFromStore(StoreRecovery.java:75)
	at org.elasticsearch.index.shard.IndexShard.recoverFromStore(IndexShard.java:1059)
	at org.elasticsearch.indices.cluster.IndicesClusterStateService.lambda$applyInitializingShard$190(IndicesClusterStateService.java:648)
	at org.elasticsearch.indices.cluster.IndicesClusterStateService$$Lambda$694/1687235994.run(Unknown Source)
	at java.util.concurrent.ThreadPoolExecutor.runWorker(ThreadPoolExecutor.java:1142)
	at java.util.concurrent.ThreadPoolExecutor$Worker.run(ThreadPoolExecutor.java:617)
	at java.lang.Thread.run(Thread.java:745)
Caused by: [test][[test][0]] EngineCreationFailureException[failed to recover from translog]; nested: EngineException[failed to recover from translog]; nested: TranslogCorruptedException[translog corruption while reading from stream]; nested: TranslogCorruptedException[translog stream is corrupted, expected: 0xa94db8f6, got: 0x68c36736];
	at org.elasticsearch.index.engine.InternalEngine.<init>(InternalEngine.java:175)
	at org.elasticsearch.test.engine.MockInternalEngine.<init>(MockInternalEngine.java:36)
	at org.elasticsearch.test.engine.MockEngineFactory.newReadWriteEngine(MockEngineFactory.java:36)
	at org.elasticsearch.index.shard.IndexShard.newEngine(IndexShard.java:1310)
	at org.elasticsearch.index.shard.IndexShard.createNewEngine(IndexShard.java:1305)
	at org.elasticsearch.index.shard.IndexShard.internalPerformTranslogRecovery(IndexShard.java:888)
	at org.elasticsearch.index.shard.IndexShard.performTranslogRecovery(IndexShard.java:866)
	at org.elasticsearch.index.shard.StoreRecovery.internalRecoverFromStore(StoreRecovery.java:230)
	... 10 more
Caused by: [test][[test][0]] EngineException[failed to recover from translog]; nested: TranslogCorruptedException[translog corruption while reading from stream]; nested: TranslogCorruptedException[translog stream is corrupted, expected: 0xa94db8f6, got: 0x68c36736];
	at org.elasticsearch.index.engine.InternalEngine.recoverFromTranslog(InternalEngine.java:251)
	at org.elasticsearch.index.engine.InternalEngine.<init>(InternalEngine.java:172)
	... 17 more
Caused by: TranslogCorruptedException[translog corruption while reading from stream]; nested: TranslogCorruptedException[translog stream is corrupted, expected: 0xa94db8f6, got: 0x68c36736];
	at org.elasticsearch.index.translog.Translog.readOperation(Translog.java:1133)
	at org.elasticsearch.index.translog.BaseTranslogReader.read(BaseTranslogReader.java:114)
	at org.elasticsearch.index.translog.TranslogSnapshot.readOperation(TranslogSnapshot.java:70)
	at org.elasticsearch.index.translog.TranslogSnapshot.next(TranslogSnapshot.java:61)
	at org.elasticsearch.index.translog.MultiSnapshot.next(MultiSnapshot.java:53)
	at org.elasticsearch.index.engine.InternalEngine.recoverFromTranslog(InternalEngine.java:237)
	... 18 more
Caused by: TranslogCorruptedException[translog stream is corrupted, expected: 0xa94db8f6, got: 0x68c36736]
	at org.elasticsearch.index.translog.Translog.verifyChecksum(Translog.java:1091)
	at org.elasticsearch.index.translog.Translog.readOperation(Translog.java:1123)
	... 23 more
[2016-03-29 17:31:13,348][WARN ][org.elasticsearch.indices.cluster] [node_s0] [[test][0]] marking and sending shard failed due to [failed recovery]
[test][[test][0]] IndexShardRecoveryException[failed to recovery from gateway]; nested: EngineCreationFailureException[failed to recover from translog]; nested: EngineException[failed to recover from translog]; nested: TranslogCorruptedException[translog corruption while reading from stream]; nested: TranslogCorruptedException[translog stream is corrupted, expected: 0xa94db8f6, got: 0x68c36736];
	at org.elasticsearch.index.shard.StoreRecovery.internalRecoverFromStore(StoreRecovery.java:234)
	at org.elasticsearch.index.shard.StoreRecovery.lambda$recoverFromStore$184(StoreRecovery.java:77)
	at org.elasticsearch.index.shard.StoreRecovery$$Lambda$696/1752519311.run(Unknown Source)
	at org.elasticsearch.index.shard.StoreRecovery.executeRecovery(StoreRecovery.java:122)
	at org.elasticsearch.index.shard.StoreRecovery.recoverFromStore(StoreRecovery.java:75)
	at org.elasticsearch.index.shard.IndexShard.recoverFromStore(IndexShard.java:1059)
	at org.elasticsearch.indices.cluster.IndicesClusterStateService.lambda$applyInitializingShard$190(IndicesClusterStateService.java:648)
	at org.elasticsearch.indices.cluster.IndicesClusterStateService$$Lambda$694/1687235994.run(Unknown Source)
	at java.util.concurrent.ThreadPoolExecutor.runWorker(ThreadPoolExecutor.java:1142)
	at java.util.concurrent.ThreadPoolExecutor$Worker.run(ThreadPoolExecutor.java:617)
	at java.lang.Thread.run(Thread.java:745)
Caused by: [test][[test][0]] EngineCreationFailureException[failed to recover from translog]; nested: EngineException[failed to recover from translog]; nested: TranslogCorruptedException[translog corruption while reading from stream]; nested: TranslogCorruptedException[translog stream is corrupted, expected: 0xa94db8f6, got: 0x68c36736];
	at org.elasticsearch.index.engine.InternalEngine.<init>(InternalEngine.java:175)
	at org.elasticsearch.test.engine.MockInternalEngine.<init>(MockInternalEngine.java:36)
	at org.elasticsearch.test.engine.MockEngineFactory.newReadWriteEngine(MockEngineFactory.java:36)
	at org.elasticsearch.index.shard.IndexShard.newEngine(IndexShard.java:1310)
	at org.elasticsearch.index.shard.IndexShard.createNewEngine(IndexShard.java:1305)
	at org.elasticsearch.index.shard.IndexShard.internalPerformTranslogRecovery(IndexShard.java:888)
	at org.elasticsearch.index.shard.IndexShard.performTranslogRecovery(IndexShard.java:866)
	at org.elasticsearch.index.shard.StoreRecovery.internalRecoverFromStore(StoreRecovery.java:230)
	... 10 more
Caused by: [test][[test][0]] EngineException[failed to recover from translog]; nested: TranslogCorruptedException[translog corruption while reading from stream]; nested: TranslogCorruptedException[translog stream is corrupted, expected: 0xa94db8f6, got: 0x68c36736];
	at org.elasticsearch.index.engine.InternalEngine.recoverFromTranslog(InternalEngine.java:251)
	at org.elasticsearch.index.engine.InternalEngine.<init>(InternalEngine.java:172)
	... 17 more
Caused by: TranslogCorruptedException[translog corruption while reading from stream]; nested: TranslogCorruptedException[translog stream is corrupted, expected: 0xa94db8f6, got: 0x68c36736];
	at org.elasticsearch.index.translog.Translog.readOperation(Translog.java:1133)
	at org.elasticsearch.index.translog.BaseTranslogReader.read(BaseTranslogReader.java:114)
	at org.elasticsearch.index.translog.TranslogSnapshot.readOperation(TranslogSnapshot.java:70)
	at org.elasticsearch.index.translog.TranslogSnapshot.next(TranslogSnapshot.java:61)
	at org.elasticsearch.index.translog.MultiSnapshot.next(MultiSnapshot.java:53)
	at org.elasticsearch.index.engine.InternalEngine.recoverFromTranslog(InternalEngine.java:237)
	... 18 more
Caused by: TranslogCorruptedException[translog stream is corrupted, expected: 0xa94db8f6, got: 0x68c36736]
	at org.elasticsearch.index.translog.Translog.verifyChecksum(Translog.java:1091)
	at org.elasticsearch.index.translog.Translog.readOperation(Translog.java:1123)
	... 23 more
[2016-03-29 17:31:13,348][WARN ][org.elasticsearch.cluster.action.shard] [node_s0] [test][0] received shard failed for [test][0], node[Y27JbEqhQsSb7nUkvqXFqw], [P], v[3], s[INITIALIZING], a[id=5wB0GqimRaiEWkawP76YCA], unassigned_info[[reason=ALLOCATION_FAILED], at[2016-03-29T21:31:13.334Z], details[failed recovery, failure IndexShardRecoveryException[failed to recovery from gateway]; nested: EngineCreationFailureException[failed to recover from translog]; nested: EngineException[failed to recover from translog]; nested: TranslogCorruptedException[translog corruption while reading from stream]; nested: TranslogCorruptedException[translog stream is corrupted, expected: 0xa94db8f6, got: 0x68c36736]; ]], indexUUID [1CWRzkvfRB-D3v8U1_ZpEQ], message [failed recovery], failure [IndexShardRecoveryException[failed to recovery from gateway]; nested: EngineCreationFailureException[failed to recover from translog]; nested: EngineException[failed to recover from translog]; nested: TranslogCorruptedException[translog corruption while reading from stream]; nested: TranslogCorruptedException[translog stream is corrupted, expected: 0xa94db8f6, got: 0x68c36736]; ]
[test][[test][0]] IndexShardRecoveryException[failed to recovery from gateway]; nested: EngineCreationFailureException[failed to recover from translog]; nested: EngineException[failed to recover from translog]; nested: TranslogCorruptedException[translog corruption while reading from stream]; nested: TranslogCorruptedException[translog stream is corrupted, expected: 0xa94db8f6, got: 0x68c36736];
	at org.elasticsearch.index.shard.StoreRecovery.internalRecoverFromStore(StoreRecovery.java:234)
	at org.elasticsearch.index.shard.StoreRecovery.lambda$recoverFromStore$184(StoreRecovery.java:77)
	at org.elasticsearch.index.shard.StoreRecovery$$Lambda$696/1752519311.run(Unknown Source)
	at org.elasticsearch.index.shard.StoreRecovery.executeRecovery(StoreRecovery.java:122)
	at org.elasticsearch.index.shard.StoreRecovery.recoverFromStore(StoreRecovery.java:75)
	at org.elasticsearch.index.shard.IndexShard.recoverFromStore(IndexShard.java:1059)
	at org.elasticsearch.indices.cluster.IndicesClusterStateService.lambda$applyInitializingShard$190(IndicesClusterStateService.java:648)
	at org.elasticsearch.indices.cluster.IndicesClusterStateService$$Lambda$694/1687235994.run(Unknown Source)
	at java.util.concurrent.ThreadPoolExecutor.runWorker(ThreadPoolExecutor.java:1142)
	at java.util.concurrent.ThreadPoolExecutor$Worker.run(ThreadPoolExecutor.java:617)
	at java.lang.Thread.run(Thread.java:745)
Caused by: [test][[test][0]] EngineCreationFailureException[failed to recover from translog]; nested: EngineException[failed to recover from translog]; nested: TranslogCorruptedException[translog corruption while reading from stream]; nested: TranslogCorruptedException[translog stream is corrupted, expected: 0xa94db8f6, got: 0x68c36736];
	at org.elasticsearch.index.engine.InternalEngine.<init>(InternalEngine.java:175)
	at org.elasticsearch.test.engine.MockInternalEngine.<init>(MockInternalEngine.java:36)
	at org.elasticsearch.test.engine.MockEngineFactory.newReadWriteEngine(MockEngineFactory.java:36)
	at org.elasticsearch.index.shard.IndexShard.newEngine(IndexShard.java:1310)
	at org.elasticsearch.index.shard.IndexShard.createNewEngine(IndexShard.java:1305)
	at org.elasticsearch.index.shard.IndexShard.internalPerformTranslogRecovery(IndexShard.java:888)
	at org.elasticsearch.index.shard.IndexShard.performTranslogRecovery(IndexShard.java:866)
	at org.elasticsearch.index.shard.StoreRecovery.internalRecoverFromStore(StoreRecovery.java:230)
	... 10 more
Caused by: [test][[test][0]] EngineException[failed to recover from translog]; nested: TranslogCorruptedException[translog corruption while reading from stream]; nested: TranslogCorruptedException[translog stream is corrupted, expected: 0xa94db8f6, got: 0x68c36736];
	at org.elasticsearch.index.engine.InternalEngine.recoverFromTranslog(InternalEngine.java:251)
	at org.elasticsearch.index.engine.InternalEngine.<init>(InternalEngine.java:172)
	... 17 more
Caused by: TranslogCorruptedException[translog corruption while reading from stream]; nested: TranslogCorruptedException[translog stream is corrupted, expected: 0xa94db8f6, got: 0x68c36736];
	at org.elasticsearch.index.translog.Translog.readOperation(Translog.java:1133)
	at org.elasticsearch.index.translog.BaseTranslogReader.read(BaseTranslogReader.java:114)
	at org.elasticsearch.index.translog.TranslogSnapshot.readOperation(TranslogSnapshot.java:70)
	at org.elasticsearch.index.translog.TranslogSnapshot.next(TranslogSnapshot.java:61)
	at org.elasticsearch.index.translog.MultiSnapshot.next(MultiSnapshot.java:53)
	at org.elasticsearch.index.engine.InternalEngine.recoverFromTranslog(InternalEngine.java:237)
	... 18 more
Caused by: TranslogCorruptedException[translog stream is corrupted, expected: 0xa94db8f6, got: 0x68c36736]
	at org.elasticsearch.index.translog.Translog.verifyChecksum(Translog.java:1091)
	at org.elasticsearch.index.translog.Translog.readOperation(Translog.java:1123)
	... 23 more
[2016-03-29 17:31:13,365][WARN ][org.elasticsearch.indices.cluster] [node_s0] [[test][0]] marking and sending shard failed due to [failed recovery]
[test][[test][0]] IndexShardRecoveryException[failed to recovery from gateway]; nested: EngineCreationFailureException[failed to recover from translog]; nested: EngineException[failed to recover from translog]; nested: TranslogCorruptedException[translog corruption while reading from stream]; nested: TranslogCorruptedException[translog stream is corrupted, expected: 0xa94db8f6, got: 0x68c36736];
	at org.elasticsearch.index.shard.StoreRecovery.internalRecoverFromStore(StoreRecovery.java:234)
	at org.elasticsearch.index.shard.StoreRecovery.lambda$recoverFromStore$184(StoreRecovery.java:77)
	at org.elasticsearch.index.shard.StoreRecovery$$Lambda$696/1752519311.run(Unknown Source)
	at org.elasticsearch.index.shard.StoreRecovery.executeRecovery(StoreRecovery.java:122)
	at org.elasticsearch.index.shard.StoreRecovery.recoverFromStore(StoreRecovery.java:75)
	at org.elasticsearch.index.shard.IndexShard.recoverFromStore(IndexShard.java:1059)
	at org.elasticsearch.indices.cluster.IndicesClusterStateService.lambda$applyInitializingShard$190(IndicesClusterStateService.java:648)
	at org.elasticsearch.indices.cluster.IndicesClusterStateService$$Lambda$694/1687235994.run(Unknown Source)
	at java.util.concurrent.ThreadPoolExecutor.runWorker(ThreadPoolExecutor.java:1142)
	at java.util.concurrent.ThreadPoolExecutor$Worker.run(ThreadPoolExecutor.java:617)
	at java.lang.Thread.run(Thread.java:745)
Caused by: [test][[test][0]] EngineCreationFailureException[failed to recover from translog]; nested: EngineException[failed to recover from translog]; nested: TranslogCorruptedException[translog corruption while reading from stream]; nested: TranslogCorruptedException[translog stream is corrupted, expected: 0xa94db8f6, got: 0x68c36736];
	at org.elasticsearch.index.engine.InternalEngine.<init>(InternalEngine.java:175)
	at org.elasticsearch.test.engine.MockInternalEngine.<init>(MockInternalEngine.java:36)
	at org.elasticsearch.test.engine.MockEngineFactory.newReadWriteEngine(MockEngineFactory.java:36)
	at org.elasticsearch.index.shard.IndexShard.newEngine(IndexShard.java:1310)
	at org.elasticsearch.index.shard.IndexShard.createNewEngine(IndexShard.java:1305)
	at org.elasticsearch.index.shard.IndexShard.internalPerformTranslogRecovery(IndexShard.java:888)
	at org.elasticsearch.index.shard.IndexShard.performTranslogRecovery(IndexShard.java:866)
	at org.elasticsearch.index.shard.StoreRecovery.internalRecoverFromStore(StoreRecovery.java:230)
	... 10 more
Caused by: [test][[test][0]] EngineException[failed to recover from translog]; nested: TranslogCorruptedException[translog corruption while reading from stream]; nested: TranslogCorruptedException[translog stream is corrupted, expected: 0xa94db8f6, got: 0x68c36736];
	at org.elasticsearch.index.engine.InternalEngine.recoverFromTranslog(InternalEngine.java:251)
	at org.elasticsearch.index.engine.InternalEngine.<init>(InternalEngine.java:172)
	... 17 more
Caused by: TranslogCorruptedException[translog corruption while reading from stream]; nested: TranslogCorruptedException[translog stream is corrupted, expected: 0xa94db8f6, got: 0x68c36736];
	at org.elasticsearch.index.translog.Translog.readOperation(Translog.java:1133)
	at org.elasticsearch.index.translog.BaseTranslogReader.read(BaseTranslogReader.java:114)
	at org.elasticsearch.index.translog.TranslogSnapshot.readOperation(TranslogSnapshot.java:70)
	at org.elasticsearch.index.translog.TranslogSnapshot.next(TranslogSnapshot.java:61)
	at org.elasticsearch.index.translog.MultiSnapshot.next(MultiSnapshot.java:53)
	at org.elasticsearch.index.engine.InternalEngine.recoverFromTranslog(InternalEngine.java:237)
	... 18 more
Caused by: TranslogCorruptedException[translog stream is corrupted, expected: 0xa94db8f6, got: 0x68c36736]
	at org.elasticsearch.index.translog.Translog.verifyChecksum(Translog.java:1091)
	at org.elasticsearch.index.translog.Translog.readOperation(Translog.java:1123)
	... 23 more
[2016-03-29 17:31:13,366][WARN ][org.elasticsearch.cluster.action.shard] [node_s0] [test][0] received shard failed for [test][0], node[Y27JbEqhQsSb7nUkvqXFqw], [P], v[3], s[INITIALIZING], a[id=iNHEObFrTOi7ut_BCyJwOw], unassigned_info[[reason=ALLOCATION_FAILED], at[2016-03-29T21:31:13.348Z], details[failed recovery, failure IndexShardRecoveryException[failed to recovery from gateway]; nested: EngineCreationFailureException[failed to recover from translog]; nested: EngineException[failed to recover from translog]; nested: TranslogCorruptedException[translog corruption while reading from stream]; nested: TranslogCorruptedException[translog stream is corrupted, expected: 0xa94db8f6, got: 0x68c36736]; ]], indexUUID [1CWRzkvfRB-D3v8U1_ZpEQ], message [failed recovery], failure [IndexShardRecoveryException[failed to recovery from gateway]; nested: EngineCreationFailureException[failed to recover from translog]; nested: EngineException[failed to recover from translog]; nested: TranslogCorruptedException[translog corruption while reading from stream]; nested: TranslogCorruptedException[translog stream is corrupted, expected: 0xa94db8f6, got: 0x68c36736]; ]
[test][[test][0]] IndexShardRecoveryException[failed to recovery from gateway]; nested: EngineCreationFailureException[failed to recover from translog]; nested: EngineException[failed to recover from translog]; nested: TranslogCorruptedException[translog corruption while reading from stream]; nested: TranslogCorruptedException[translog stream is corrupted, expected: 0xa94db8f6, got: 0x68c36736];
	at org.elasticsearch.index.shard.StoreRecovery.internalRecoverFromStore(StoreRecovery.java:234)
	at org.elasticsearch.index.shard.StoreRecovery.lambda$recoverFromStore$184(StoreRecovery.java:77)
	at org.elasticsearch.index.shard.StoreRecovery$$Lambda$696/1752519311.run(Unknown Source)
	at org.elasticsearch.index.shard.StoreRecovery.executeRecovery(StoreRecovery.java:122)
	at org.elasticsearch.index.shard.StoreRecovery.recoverFromStore(StoreRecovery.java:75)
	at org.elasticsearch.index.shard.IndexShard.recoverFromStore(IndexShard.java:1059)
	at org.elasticsearch.indices.cluster.IndicesClusterStateService.lambda$applyInitializingShard$190(IndicesClusterStateService.java:648)
	at org.elasticsearch.indices.cluster.IndicesClusterStateService$$Lambda$694/1687235994.run(Unknown Source)
	at java.util.concurrent.ThreadPoolExecutor.runWorker(ThreadPoolExecutor.java:1142)
	at java.util.concurrent.ThreadPoolExecutor$Worker.run(ThreadPoolExecutor.java:617)
	at java.lang.Thread.run(Thread.java:745)
Caused by: [test][[test][0]] EngineCreationFailureException[failed to recover from translog]; nested: EngineException[failed to recover from translog]; nested: TranslogCorruptedException[translog corruption while reading from stream]; nested: TranslogCorruptedException[translog stream is corrupted, expected: 0xa94db8f6, got: 0x68c36736];
	at org.elasticsearch.index.engine.InternalEngine.<init>(InternalEngine.java:175)
	at org.elasticsearch.test.engine.MockInternalEngine.<init>(MockInternalEngine.java:36)
	at org.elasticsearch.test.engine.MockEngineFactory.newReadWriteEngine(MockEngineFactory.java:36)
	at org.elasticsearch.index.shard.IndexShard.newEngine(IndexShard.java:1310)
	at org.elasticsearch.index.shard.IndexShard.createNewEngine(IndexShard.java:1305)
	at org.elasticsearch.index.shard.IndexShard.internalPerformTranslogRecovery(IndexShard.java:888)
	at org.elasticsearch.index.shard.IndexShard.performTranslogRecovery(IndexShard.java:866)
	at org.elasticsearch.index.shard.StoreRecovery.internalRecoverFromStore(StoreRecovery.java:230)
	... 10 more
Caused by: [test][[test][0]] EngineException[failed to recover from translog]; nested: TranslogCorruptedException[translog corruption while reading from stream]; nested: TranslogCorruptedException[translog stream is corrupted, expected: 0xa94db8f6, got: 0x68c36736];
	at org.elasticsearch.index.engine.InternalEngine.recoverFromTranslog(InternalEngine.java:251)
	at org.elasticsearch.index.engine.InternalEngine.<init>(InternalEngine.java:172)
	... 17 more
Caused by: TranslogCorruptedException[translog corruption while reading from stream]; nested: TranslogCorruptedException[translog stream is corrupted, expected: 0xa94db8f6, got: 0x68c36736];
	at org.elasticsearch.index.translog.Translog.readOperation(Translog.java:1133)
	at org.elasticsearch.index.translog.BaseTranslogReader.read(BaseTranslogReader.java:114)
	at org.elasticsearch.index.translog.TranslogSnapshot.readOperation(TranslogSnapshot.java:70)
	at org.elasticsearch.index.translog.TranslogSnapshot.next(TranslogSnapshot.java:61)
	at org.elasticsearch.index.translog.MultiSnapshot.next(MultiSnapshot.java:53)
	at org.elasticsearch.index.engine.InternalEngine.recoverFromTranslog(InternalEngine.java:237)
	... 18 more
Caused by: TranslogCorruptedException[translog stream is corrupted, expected: 0xa94db8f6, got: 0x68c36736]
	at org.elasticsearch.index.translog.Translog.verifyChecksum(Translog.java:1091)
	at org.elasticsearch.index.translog.Translog.readOperation(Translog.java:1123)
	... 23 more
[2016-03-29 17:31:13,379][WARN ][org.elasticsearch.indices.cluster] [node_s0] [[test][0]] marking and sending shard failed due to [failed recovery]
[test][[test][0]] IndexShardRecoveryException[failed to recovery from gateway]; nested: EngineCreationFailureException[failed to recover from translog]; nested: EngineException[failed to recover from translog]; nested: TranslogCorruptedException[translog corruption while reading from stream]; nested: TranslogCorruptedException[translog stream is corrupted, expected: 0xa94db8f6, got: 0x68c36736];
	at org.elasticsearch.index.shard.StoreRecovery.internalRecoverFromStore(StoreRecovery.java:234)
	at org.elasticsearch.index.shard.StoreRecovery.lambda$recoverFromStore$184(StoreRecovery.java:77)
	at org.elasticsearch.index.shard.StoreRecovery$$Lambda$696/1752519311.run(Unknown Source)
	at org.elasticsearch.index.shard.StoreRecovery.executeRecovery(StoreRecovery.java:122)
	at org.elasticsearch.index.shard.StoreRecovery.recoverFromStore(StoreRecovery.java:75)
	at org.elasticsearch.index.shard.IndexShard.recoverFromStore(IndexShard.java:1059)
	at org.elasticsearch.indices.cluster.IndicesClusterStateService.lambda$applyInitializingShard$190(IndicesClusterStateService.java:648)
	at org.elasticsearch.indices.cluster.IndicesClusterStateService$$Lambda$694/1687235994.run(Unknown Source)
	at java.util.concurrent.ThreadPoolExecutor.runWorker(ThreadPoolExecutor.java:1142)
	at java.util.concurrent.ThreadPoolExecutor$Worker.run(ThreadPoolExecutor.java:617)
	at java.lang.Thread.run(Thread.java:745)
Caused by: [test][[test][0]] EngineCreationFailureException[failed to recover from translog]; nested: EngineException[failed to recover from translog]; nested: TranslogCorruptedException[translog corruption while reading from stream]; nested: TranslogCorruptedException[translog stream is corrupted, expected: 0xa94db8f6, got: 0x68c36736];
	at org.elasticsearch.index.engine.InternalEngine.<init>(InternalEngine.java:175)
	at org.elasticsearch.test.engine.MockInternalEngine.<init>(MockInternalEngine.java:36)
	at org.elasticsearch.test.engine.MockEngineFactory.newReadWriteEngine(MockEngineFactory.java:36)
	at org.elasticsearch.index.shard.IndexShard.newEngine(IndexShard.java:1310)
	at org.elasticsearch.index.shard.IndexShard.createNewEngine(IndexShard.java:1305)
	at org.elasticsearch.index.shard.IndexShard.internalPerformTranslogRecovery(IndexShard.java:888)
	at org.elasticsearch.index.shard.IndexShard.performTranslogRecovery(IndexShard.java:866)
	at org.elasticsearch.index.shard.StoreRecovery.internalRecoverFromStore(StoreRecovery.java:230)
	... 10 more
Caused by: [test][[test][0]] EngineException[failed to recover from translog]; nested: TranslogCorruptedException[translog corruption while reading from stream]; nested: TranslogCorruptedException[translog stream is corrupted, expected: 0xa94db8f6, got: 0x68c36736];
	at org.elasticsearch.index.engine.InternalEngine.recoverFromTranslog(InternalEngine.java:251)
	at org.elasticsearch.index.engine.InternalEngine.<init>(InternalEngine.java:172)
	... 17 more
Caused by: TranslogCorruptedException[translog corruption while reading from stream]; nested: TranslogCorruptedException[translog stream is corrupted, expected: 0xa94db8f6, got: 0x68c36736];
	at org.elasticsearch.index.translog.Translog.readOperation(Translog.java:1133)
	at org.elasticsearch.index.translog.BaseTranslogReader.read(BaseTranslogReader.java:114)
	at org.elasticsearch.index.translog.TranslogSnapshot.readOperation(TranslogSnapshot.java:70)
	at org.elasticsearch.index.translog.TranslogSnapshot.next(TranslogSnapshot.java:61)
	at org.elasticsearch.index.translog.MultiSnapshot.next(MultiSnapshot.java:53)
	at org.elasticsearch.index.engine.InternalEngine.recoverFromTranslog(InternalEngine.java:237)
	... 18 more
Caused by: TranslogCorruptedException[translog stream is corrupted, expected: 0xa94db8f6, got: 0x68c36736]
	at org.elasticsearch.index.translog.Translog.verifyChecksum(Translog.java:1091)
	at org.elasticsearch.index.translog.Translog.readOperation(Translog.java:1123)
	... 23 more
[2016-03-29 17:31:13,380][WARN ][org.elasticsearch.cluster.action.shard] [node_s0] [test][0] received shard failed for [test][0], node[Y27JbEqhQsSb7nUkvqXFqw], [P], v[3], s[INITIALIZING], a[id=h0bezcZcQz-stdhzuFdw8g], unassigned_info[[reason=ALLOCATION_FAILED], at[2016-03-29T21:31:13.366Z], details[failed recovery, failure IndexShardRecoveryException[failed to recovery from gateway]; nested: EngineCreationFailureException[failed to recover from translog]; nested: EngineException[failed to recover from translog]; nested: TranslogCorruptedException[translog corruption while reading from stream]; nested: TranslogCorruptedException[translog stream is corrupted, expected: 0xa94db8f6, got: 0x68c36736]; ]], indexUUID [1CWRzkvfRB-D3v8U1_ZpEQ], message [failed recovery], failure [IndexShardRecoveryException[failed to recovery from gateway]; nested: EngineCreationFailureException[failed to recover from translog]; nested: EngineException[failed to recover from translog]; nested: TranslogCorruptedException[translog corruption while reading from stream]; nested: TranslogCorruptedException[translog stream is corrupted, expected: 0xa94db8f6, got: 0x68c36736]; ]
[test][[test][0]] IndexShardRecoveryException[failed to recovery from gateway]; nested: EngineCreationFailureException[failed to recover from translog]; nested: EngineException[failed to recover from translog]; nested: TranslogCorruptedException[translog corruption while reading from stream]; nested: TranslogCorruptedException[translog stream is corrupted, expected: 0xa94db8f6, got: 0x68c36736];
	at org.elasticsearch.index.shard.StoreRecovery.internalRecoverFromStore(StoreRecovery.java:234)
	at org.elasticsearch.index.shard.StoreRecovery.lambda$recoverFromStore$184(StoreRecovery.java:77)
	at org.elasticsearch.index.shard.StoreRecovery$$Lambda$696/1752519311.run(Unknown Source)
	at org.elasticsearch.index.shard.StoreRecovery.executeRecovery(StoreRecovery.java:122)
	at org.elasticsearch.index.shard.StoreRecovery.recoverFromStore(StoreRecovery.java:75)
	at org.elasticsearch.index.shard.IndexShard.recoverFromStore(IndexShard.java:1059)
	at org.elasticsearch.indices.cluster.IndicesClusterStateService.lambda$applyInitializingShard$190(IndicesClusterStateService.java:648)
	at org.elasticsearch.indices.cluster.IndicesClusterStateService$$Lambda$694/1687235994.run(Unknown Source)
	at java.util.concurrent.ThreadPoolExecutor.runWorker(ThreadPoolExecutor.java:1142)
	at java.util.concurrent.ThreadPoolExecutor$Worker.run(ThreadPoolExecutor.java:617)
	at java.lang.Thread.run(Thread.java:745)
Caused by: [test][[test][0]] EngineCreationFailureException[failed to recover from translog]; nested: EngineException[failed to recover from translog]; nested: TranslogCorruptedException[translog corruption while reading from stream]; nested: TranslogCorruptedException[translog stream is corrupted, expected: 0xa94db8f6, got: 0x68c36736];
	at org.elasticsearch.index.engine.InternalEngine.<init>(InternalEngine.java:175)
	at org.elasticsearch.test.engine.MockInternalEngine.<init>(MockInternalEngine.java:36)
	at org.elasticsearch.test.engine.MockEngineFactory.newReadWriteEngine(MockEngineFactory.java:36)
	at org.elasticsearch.index.shard.IndexShard.newEngine(IndexShard.java:1310)
	at org.elasticsearch.index.shard.IndexShard.createNewEngine(IndexShard.java:1305)
	at org.elasticsearch.index.shard.IndexShard.internalPerformTranslogRecovery(IndexShard.java:888)
	at org.elasticsearch.index.shard.IndexShard.performTranslogRecovery(IndexShard.java:866)
	at org.elasticsearch.index.shard.StoreRecovery.internalRecoverFromStore(StoreRecovery.java:230)
	... 10 more
Caused by: [test][[test][0]] EngineException[failed to recover from translog]; nested: TranslogCorruptedException[translog corruption while reading from stream]; nested: TranslogCorruptedException[translog stream is corrupted, expected: 0xa94db8f6, got: 0x68c36736];
	at org.elasticsearch.index.engine.InternalEngine.recoverFromTranslog(InternalEngine.java:251)
	at org.elasticsearch.index.engine.InternalEngine.<init>(InternalEngine.java:172)
	... 17 more
Caused by: TranslogCorruptedException[translog corruption while reading from stream]; nested: TranslogCorruptedException[translog stream is corrupted, expected: 0xa94db8f6, got: 0x68c36736];
	at org.elasticsearch.index.translog.Translog.readOperation(Translog.java:1133)
	at org.elasticsearch.index.translog.BaseTranslogReader.read(BaseTranslogReader.java:114)
	at org.elasticsearch.index.translog.TranslogSnapshot.readOperation(TranslogSnapshot.java:70)
	at org.elasticsearch.index.translog.TranslogSnapshot.next(TranslogSnapshot.java:61)
	at org.elasticsearch.index.translog.MultiSnapshot.next(MultiSnapshot.java:53)
	at org.elasticsearch.index.engine.InternalEngine.recoverFromTranslog(InternalEngine.java:237)
	... 18 more
Caused by: TranslogCorruptedException[translog stream is corrupted, expected: 0xa94db8f6, got: 0x68c36736]
	at org.elasticsearch.index.translog.Translog.verifyChecksum(Translog.java:1091)
	at org.elasticsearch.index.translog.Translog.readOperation(Translog.java:1123)
	... 23 more
[2016-03-29 17:31:13,393][WARN ][org.elasticsearch.indices.cluster] [node_s0] [[test][0]] marking and sending shard failed due to [failed recovery]
[test][[test][0]] IndexShardRecoveryException[failed to recovery from gateway]; nested: EngineCreationFailureException[failed to recover from translog]; nested: EngineException[failed to recover from translog]; nested: TranslogCorruptedException[translog corruption while reading from stream]; nested: TranslogCorruptedException[translog stream is corrupted, expected: 0xa94db8f6, got: 0x68c36736];
	at org.elasticsearch.index.shard.StoreRecovery.internalRecoverFromStore(StoreRecovery.java:234)
	at org.elasticsearch.index.shard.StoreRecovery.lambda$recoverFromStore$184(StoreRecovery.java:77)
	at org.elasticsearch.index.shard.StoreRecovery$$Lambda$696/1752519311.run(Unknown Source)
	at org.elasticsearch.index.shard.StoreRecovery.executeRecovery(StoreRecovery.java:122)
	at org.elasticsearch.index.shard.StoreRecovery.recoverFromStore(StoreRecovery.java:75)
	at org.elasticsearch.index.shard.IndexShard.recoverFromStore(IndexShard.java:1059)
	at org.elasticsearch.indices.cluster.IndicesClusterStateService.lambda$applyInitializingShard$190(IndicesClusterStateService.java:648)
	at org.elasticsearch.indices.cluster.IndicesClusterStateService$$Lambda$694/1687235994.run(Unknown Source)
	at java.util.concurrent.ThreadPoolExecutor.runWorker(ThreadPoolExecutor.java:1142)
	at java.util.concurrent.ThreadPoolExecutor$Worker.run(ThreadPoolExecutor.java:617)
	at java.lang.Thread.run(Thread.java:745)
Caused by: [test][[test][0]] EngineCreationFailureException[failed to recover from translog]; nested: EngineException[failed to recover from translog]; nested: TranslogCorruptedException[translog corruption while reading from stream]; nested: TranslogCorruptedException[translog stream is corrupted, expected: 0xa94db8f6, got: 0x68c36736];
	at org.elasticsearch.index.engine.InternalEngine.<init>(InternalEngine.java:175)
	at org.elasticsearch.test.engine.MockInternalEngine.<init>(MockInternalEngine.java:36)
	at org.elasticsearch.test.engine.MockEngineFactory.newReadWriteEngine(MockEngineFactory.java:36)
	at org.elasticsearch.index.shard.IndexShard.newEngine(IndexShard.java:1310)
	at org.elasticsearch.index.shard.IndexShard.createNewEngine(IndexShard.java:1305)
	at org.elasticsearch.index.shard.IndexShard.internalPerformTranslogRecovery(IndexShard.java:888)
	at org.elasticsearch.index.shard.IndexShard.performTranslogRecovery(IndexShard.java:866)
	at org.elasticsearch.index.shard.StoreRecovery.internalRecoverFromStore(StoreRecovery.java:230)
	... 10 more
Caused by: [test][[test][0]] EngineException[failed to recover from translog]; nested: TranslogCorruptedException[translog corruption while reading from stream]; nested: TranslogCorruptedException[translog stream is corrupted, expected: 0xa94db8f6, got: 0x68c36736];
	at org.elasticsearch.index.engine.InternalEngine.recoverFromTranslog(InternalEngine.java:251)
	at org.elasticsearch.index.engine.InternalEngine.<init>(InternalEngine.java:172)
	... 17 more
Caused by: TranslogCorruptedException[translog corruption while reading from stream]; nested: TranslogCorruptedException[translog stream is corrupted, expected: 0xa94db8f6, got: 0x68c36736];
	at org.elasticsearch.index.translog.Translog.readOperation(Translog.java:1133)
	at org.elasticsearch.index.translog.BaseTranslogReader.read(BaseTranslogReader.java:114)
	at org.elasticsearch.index.translog.TranslogSnapshot.readOperation(TranslogSnapshot.java:70)
	at org.elasticsearch.index.translog.TranslogSnapshot.next(TranslogSnapshot.java:61)
	at org.elasticsearch.index.translog.MultiSnapshot.next(MultiSnapshot.java:53)
	at org.elasticsearch.index.engine.InternalEngine.recoverFromTranslog(InternalEngine.java:237)
	... 18 more
Caused by: TranslogCorruptedException[translog stream is corrupted, expected: 0xa94db8f6, got: 0x68c36736]
	at org.elasticsearch.index.translog.Translog.verifyChecksum(Translog.java:1091)
	at org.elasticsearch.index.translog.Translog.readOperation(Translog.java:1123)
	... 23 more
[2016-03-29 17:31:13,394][WARN ][org.elasticsearch.cluster.action.shard] [node_s0] [test][0] received shard failed for [test][0], node[Y27JbEqhQsSb7nUkvqXFqw], [P], v[3], s[INITIALIZING], a[id=7_F3lpCnRpa1oTEFlmEk0Q], unassigned_info[[reason=ALLOCATION_FAILED], at[2016-03-29T21:31:13.380Z], details[failed recovery, failure IndexShardRecoveryException[failed to recovery from gateway]; nested: EngineCreationFailureException[failed to recover from translog]; nested: EngineException[failed to recover from translog]; nested: TranslogCorruptedException[translog corruption while reading from stream]; nested: TranslogCorruptedException[translog stream is corrupted, expected: 0xa94db8f6, got: 0x68c36736]; ]], indexUUID [1CWRzkvfRB-D3v8U1_ZpEQ], message [failed recovery], failure [IndexShardRecoveryException[failed to recovery from gateway]; nested: EngineCreationFailureException[failed to recover from translog]; nested: EngineException[failed to recover from translog]; nested: TranslogCorruptedException[translog corruption while reading from stream]; nested: TranslogCorruptedException[translog stream is corrupted, expected: 0xa94db8f6, got: 0x68c36736]; ]
[test][[test][0]] IndexShardRecoveryException[failed to recovery from gateway]; nested: EngineCreationFailureException[failed to recover from translog]; nested: EngineException[failed to recover from translog]; nested: TranslogCorruptedException[translog corruption while reading from stream]; nested: TranslogCorruptedException[translog stream is corrupted, expected: 0xa94db8f6, got: 0x68c36736];
	at org.elasticsearch.index.shard.StoreRecovery.internalRecoverFromStore(StoreRecovery.java:234)
	at org.elasticsearch.index.shard.StoreRecovery.lambda$recoverFromStore$184(StoreRecovery.java:77)
	at org.elasticsearch.index.shard.StoreRecovery$$Lambda$696/1752519311.run(Unknown Source)
	at org.elasticsearch.index.shard.StoreRecovery.executeRecovery(StoreRecovery.java:122)
	at org.elasticsearch.index.shard.StoreRecovery.recoverFromStore(StoreRecovery.java:75)
	at org.elasticsearch.index.shard.IndexShard.recoverFromStore(IndexShard.java:1059)
	at org.elasticsearch.indices.cluster.IndicesClusterStateService.lambda$applyInitializingShard$190(IndicesClusterStateService.java:648)
	at org.elasticsearch.indices.cluster.IndicesClusterStateService$$Lambda$694/1687235994.run(Unknown Source)
	at java.util.concurrent.ThreadPoolExecutor.runWorker(ThreadPoolExecutor.java:1142)
	at java.util.concurrent.ThreadPoolExecutor$Worker.run(ThreadPoolExecutor.java:617)
	at java.lang.Thread.run(Thread.java:745)
Caused by: [test][[test][0]] EngineCreationFailureException[failed to recover from translog]; nested: EngineException[failed to recover from translog]; nested: TranslogCorruptedException[translog corruption while reading from stream]; nested: TranslogCorruptedException[translog stream is corrupted, expected: 0xa94db8f6, got: 0x68c36736];
	at org.elasticsearch.index.engine.InternalEngine.<init>(InternalEngine.java:175)
	at org.elasticsearch.test.engine.MockInternalEngine.<init>(MockInternalEngine.java:36)
	at org.elasticsearch.test.engine.MockEngineFactory.newReadWriteEngine(MockEngineFactory.java:36)
	at org.elasticsearch.index.shard.IndexShard.newEngine(IndexShard.java:1310)
	at org.elasticsearch.index.shard.IndexShard.createNewEngine(IndexShard.java:1305)
	at org.elasticsearch.index.shard.IndexShard.internalPerformTranslogRecovery(IndexShard.java:888)
	at org.elasticsearch.index.shard.IndexShard.performTranslogRecovery(IndexShard.java:866)
	at org.elasticsearch.index.shard.StoreRecovery.internalRecoverFromStore(StoreRecovery.java:230)
	... 10 more
Caused by: [test][[test][0]] EngineException[failed to recover from translog]; nested: TranslogCorruptedException[translog corruption while reading from stream]; nested: TranslogCorruptedException[translog stream is corrupted, expected: 0xa94db8f6, got: 0x68c36736];
	at org.elasticsearch.index.engine.InternalEngine.recoverFromTranslog(InternalEngine.java:251)
	at org.elasticsearch.index.engine.InternalEngine.<init>(InternalEngine.java:172)
	... 17 more
Caused by: TranslogCorruptedException[translog corruption while reading from stream]; nested: TranslogCorruptedException[translog stream is corrupted, expected: 0xa94db8f6, got: 0x68c36736];
	at org.elasticsearch.index.translog.Translog.readOperation(Translog.java:1133)
	at org.elasticsearch.index.translog.BaseTranslogReader.read(BaseTranslogReader.java:114)
	at org.elasticsearch.index.translog.TranslogSnapshot.readOperation(TranslogSnapshot.java:70)
	at org.elasticsearch.index.translog.TranslogSnapshot.next(TranslogSnapshot.java:61)
	at org.elasticsearch.index.translog.MultiSnapshot.next(MultiSnapshot.java:53)
	at org.elasticsearch.index.engine.InternalEngine.recoverFromTranslog(InternalEngine.java:237)
	... 18 more
Caused by: TranslogCorruptedException[translog stream is corrupted, expected: 0xa94db8f6, got: 0x68c36736]
	at org.elasticsearch.index.translog.Translog.verifyChecksum(Translog.java:1091)
	at org.elasticsearch.index.translog.Translog.readOperation(Translog.java:1123)
	... 23 more
[2016-03-29 17:31:13,407][WARN ][org.elasticsearch.indices.cluster] [node_s0] [[test][0]] marking and sending shard failed due to [failed recovery]
[test][[test][0]] IndexShardRecoveryException[failed to recovery from gateway]; nested: EngineCreationFailureException[failed to recover from translog]; nested: EngineException[failed to recover from translog]; nested: TranslogCorruptedException[translog corruption while reading from stream]; nested: TranslogCorruptedException[translog stream is corrupted, expected: 0xa94db8f6, got: 0x68c36736];
	at org.elasticsearch.index.shard.StoreRecovery.internalRecoverFromStore(StoreRecovery.java:234)
	at org.elasticsearch.index.shard.StoreRecovery.lambda$recoverFromStore$184(StoreRecovery.java:77)
	at org.elasticsearch.index.shard.StoreRecovery$$Lambda$696/1752519311.run(Unknown Source)
	at org.elasticsearch.index.shard.StoreRecovery.executeRecovery(StoreRecovery.java:122)
	at org.elasticsearch.index.shard.StoreRecovery.recoverFromStore(StoreRecovery.java:75)
	at org.elasticsearch.index.shard.IndexShard.recoverFromStore(IndexShard.java:1059)
	at org.elasticsearch.indices.cluster.IndicesClusterStateService.lambda$applyInitializingShard$190(IndicesClusterStateService.java:648)
	at org.elasticsearch.indices.cluster.IndicesClusterStateService$$Lambda$694/1687235994.run(Unknown Source)
	at java.util.concurrent.ThreadPoolExecutor.runWorker(ThreadPoolExecutor.java:1142)
	at java.util.concurrent.ThreadPoolExecutor$Worker.run(ThreadPoolExecutor.java:617)
	at java.lang.Thread.run(Thread.java:745)
Caused by: [test][[test][0]] EngineCreationFailureException[failed to recover from translog]; nested: EngineException[failed to recover from translog]; nested: TranslogCorruptedException[translog corruption while reading from stream]; nested: TranslogCorruptedException[translog stream is corrupted, expected: 0xa94db8f6, got: 0x68c36736];
	at org.elasticsearch.index.engine.InternalEngine.<init>(InternalEngine.java:175)
	at org.elasticsearch.test.engine.MockInternalEngine.<init>(MockInternalEngine.java:36)
	at org.elasticsearch.test.engine.MockEngineFactory.newReadWriteEngine(MockEngineFactory.java:36)
	at org.elasticsearch.index.shard.IndexShard.newEngine(IndexShard.java:1310)
	at org.elasticsearch.index.shard.IndexShard.createNewEngine(IndexShard.java:1305)
	at org.elasticsearch.index.shard.IndexShard.internalPerformTranslogRecovery(IndexShard.java:888)
	at org.elasticsearch.index.shard.IndexShard.performTranslogRecovery(IndexShard.java:866)
	at org.elasticsearch.index.shard.StoreRecovery.internalRecoverFromStore(StoreRecovery.java:230)
	... 10 more
Caused by: [test][[test][0]] EngineException[failed to recover from translog]; nested: TranslogCorruptedException[translog corruption while reading from stream]; nested: TranslogCorruptedException[translog stream is corrupted, expected: 0xa94db8f6, got: 0x68c36736];
	at org.elasticsearch.index.engine.InternalEngine.recoverFromTranslog(InternalEngine.java:251)
	at org.elasticsearch.index.engine.InternalEngine.<init>(InternalEngine.java:172)
	... 17 more
Caused by: TranslogCorruptedException[translog corruption while reading from stream]; nested: TranslogCorruptedException[translog stream is corrupted, expected: 0xa94db8f6, got: 0x68c36736];
	at org.elasticsearch.index.translog.Translog.readOperation(Translog.java:1133)
	at org.elasticsearch.index.translog.BaseTranslogReader.read(BaseTranslogReader.java:114)
	at org.elasticsearch.index.translog.TranslogSnapshot.readOperation(TranslogSnapshot.java:70)
	at org.elasticsearch.index.translog.TranslogSnapshot.next(TranslogSnapshot.java:61)
	at org.elasticsearch.index.translog.MultiSnapshot.next(MultiSnapshot.java:53)
	at org.elasticsearch.index.engine.InternalEngine.recoverFromTranslog(InternalEngine.java:237)
	... 18 more
Caused by: TranslogCorruptedException[translog stream is corrupted, expected: 0xa94db8f6, got: 0x68c36736]
	at org.elasticsearch.index.translog.Translog.verifyChecksum(Translog.java:1091)
	at org.elasticsearch.index.translog.Translog.readOperation(Translog.java:1123)
	... 23 more
[2016-03-29 17:31:13,408][WARN ][org.elasticsearch.cluster.action.shard] [node_s0] [test][0] received shard failed for [test][0], node[Y27JbEqhQsSb7nUkvqXFqw], [P], v[3], s[INITIALIZING], a[id=xipNlCW_TOqDTjLQucf1bA], unassigned_info[[reason=ALLOCATION_FAILED], at[2016-03-29T21:31:13.394Z], details[failed recovery, failure IndexShardRecoveryException[failed to recovery from gateway]; nested: EngineCreationFailureException[failed to recover from translog]; nested: EngineException[failed to recover from translog]; nested: TranslogCorruptedException[translog corruption while reading from stream]; nested: TranslogCorruptedException[translog stream is corrupted, expected: 0xa94db8f6, got: 0x68c36736]; ]], indexUUID [1CWRzkvfRB-D3v8U1_ZpEQ], message [failed recovery], failure [IndexShardRecoveryException[failed to recovery from gateway]; nested: EngineCreationFailureException[failed to recover from translog]; nested: EngineException[failed to recover from translog]; nested: TranslogCorruptedException[translog corruption while reading from stream]; nested: TranslogCorruptedException[translog stream is corrupted, expected: 0xa94db8f6, got: 0x68c36736]; ]
[test][[test][0]] IndexShardRecoveryException[failed to recovery from gateway]; nested: EngineCreationFailureException[failed to recover from translog]; nested: EngineException[failed to recover from translog]; nested: TranslogCorruptedException[translog corruption while reading from stream]; nested: TranslogCorruptedException[translog stream is corrupted, expected: 0xa94db8f6, got: 0x68c36736];
	at org.elasticsearch.index.shard.StoreRecovery.internalRecoverFromStore(StoreRecovery.java:234)
	at org.elasticsearch.index.shard.StoreRecovery.lambda$recoverFromStore$184(StoreRecovery.java:77)
	at org.elasticsearch.index.shard.StoreRecovery$$Lambda$696/1752519311.run(Unknown Source)
	at org.elasticsearch.index.shard.StoreRecovery.executeRecovery(StoreRecovery.java:122)
	at org.elasticsearch.index.shard.StoreRecovery.recoverFromStore(StoreRecovery.java:75)
	at org.elasticsearch.index.shard.IndexShard.recoverFromStore(IndexShard.java:1059)
	at org.elasticsearch.indices.cluster.IndicesClusterStateService.lambda$applyInitializingShard$190(IndicesClusterStateService.java:648)
	at org.elasticsearch.indices.cluster.IndicesClusterStateService$$Lambda$694/1687235994.run(Unknown Source)
	at java.util.concurrent.ThreadPoolExecutor.runWorker(ThreadPoolExecutor.java:1142)
	at java.util.concurrent.ThreadPoolExecutor$Worker.run(ThreadPoolExecutor.java:617)
	at java.lang.Thread.run(Thread.java:745)
Caused by: [test][[test][0]] EngineCreationFailureException[failed to recover from translog]; nested: EngineException[failed to recover from translog]; nested: TranslogCorruptedException[translog corruption while reading from stream]; nested: TranslogCorruptedException[translog stream is corrupted, expected: 0xa94db8f6, got: 0x68c36736];
	at org.elasticsearch.index.engine.InternalEngine.<init>(InternalEngine.java:175)
	at org.elasticsearch.test.engine.MockInternalEngine.<init>(MockInternalEngine.java:36)
	at org.elasticsearch.test.engine.MockEngineFactory.newReadWriteEngine(MockEngineFactory.java:36)
	at org.elasticsearch.index.shard.IndexShard.newEngine(IndexShard.java:1310)
	at org.elasticsearch.index.shard.IndexShard.createNewEngine(IndexShard.java:1305)
	at org.elasticsearch.index.shard.IndexShard.internalPerformTranslogRecovery(IndexShard.java:888)
	at org.elasticsearch.index.shard.IndexShard.performTranslogRecovery(IndexShard.java:866)
	at org.elasticsearch.index.shard.StoreRecovery.internalRecoverFromStore(StoreRecovery.java:230)
	... 10 more
Caused by: [test][[test][0]] EngineException[failed to recover from translog]; nested: TranslogCorruptedException[translog corruption while reading from stream]; nested: TranslogCorruptedException[translog stream is corrupted, expected: 0xa94db8f6, got: 0x68c36736];
	at org.elasticsearch.index.engine.InternalEngine.recoverFromTranslog(InternalEngine.java:251)
	at org.elasticsearch.index.engine.InternalEngine.<init>(InternalEngine.java:172)
	... 17 more
Caused by: TranslogCorruptedException[translog corruption while reading from stream]; nested: TranslogCorruptedException[translog stream is corrupted, expected: 0xa94db8f6, got: 0x68c36736];
	at org.elasticsearch.index.translog.Translog.readOperation(Translog.java:1133)
	at org.elasticsearch.index.translog.BaseTranslogReader.read(BaseTranslogReader.java:114)
	at org.elasticsearch.index.translog.TranslogSnapshot.readOperation(TranslogSnapshot.java:70)
	at org.elasticsearch.index.translog.TranslogSnapshot.next(TranslogSnapshot.java:61)
	at org.elasticsearch.index.translog.MultiSnapshot.next(MultiSnapshot.java:53)
	at org.elasticsearch.index.engine.InternalEngine.recoverFromTranslog(InternalEngine.java:237)
	... 18 more
Caused by: TranslogCorruptedException[translog stream is corrupted, expected: 0xa94db8f6, got: 0x68c36736]
	at org.elasticsearch.index.translog.Translog.verifyChecksum(Translog.java:1091)
	at org.elasticsearch.index.translog.Translog.readOperation(Translog.java:1123)
	... 23 more
[2016-03-29 17:31:13,422][WARN ][org.elasticsearch.indices.cluster] [node_s0] [[test][0]] marking and sending shard failed due to [failed recovery]
[test][[test][0]] IndexShardRecoveryException[failed to recovery from gateway]; nested: EngineCreationFailureException[failed to recover from translog]; nested: EngineException[failed to recover from translog]; nested: TranslogCorruptedException[translog corruption while reading from stream]; nested: TranslogCorruptedException[translog stream is corrupted, expected: 0xa94db8f6, got: 0x68c36736];
	at org.elasticsearch.index.shard.StoreRecovery.internalRecoverFromStore(StoreRecovery.java:234)
	at org.elasticsearch.index.shard.StoreRecovery.lambda$recoverFromStore$184(StoreRecovery.java:77)
	at org.elasticsearch.index.shard.StoreRecovery$$Lambda$696/1752519311.run(Unknown Source)
	at org.elasticsearch.index.shard.StoreRecovery.executeRecovery(StoreRecovery.java:122)
	at org.elasticsearch.index.shard.StoreRecovery.recoverFromStore(StoreRecovery.java:75)
	at org.elasticsearch.index.shard.IndexShard.recoverFromStore(IndexShard.java:1059)
	at org.elasticsearch.indices.cluster.IndicesClusterStateService.lambda$applyInitializingShard$190(IndicesClusterStateService.java:648)
	at org.elasticsearch.indices.cluster.IndicesClusterStateService$$Lambda$694/1687235994.run(Unknown Source)
	at java.util.concurrent.ThreadPoolExecutor.runWorker(ThreadPoolExecutor.java:1142)
	at java.util.concurrent.ThreadPoolExecutor$Worker.run(ThreadPoolExecutor.java:617)
	at java.lang.Thread.run(Thread.java:745)
Caused by: [test][[test][0]] EngineCreationFailureException[failed to recover from translog]; nested: EngineException[failed to recover from translog]; nested: TranslogCorruptedException[translog corruption while reading from stream]; nested: TranslogCorruptedException[translog stream is corrupted, expected: 0xa94db8f6, got: 0x68c36736];
	at org.elasticsearch.index.engine.InternalEngine.<init>(InternalEngine.java:175)
	at org.elasticsearch.test.engine.MockInternalEngine.<init>(MockInternalEngine.java:36)
	at org.elasticsearch.test.engine.MockEngineFactory.newReadWriteEngine(MockEngineFactory.java:36)
	at org.elasticsearch.index.shard.IndexShard.newEngine(IndexShard.java:1310)
	at org.elasticsearch.index.shard.IndexShard.createNewEngine(IndexShard.java:1305)
	at org.elasticsearch.index.shard.IndexShard.internalPerformTranslogRecovery(IndexShard.java:888)
	at org.elasticsearch.index.shard.IndexShard.performTranslogRecovery(IndexShard.java:866)
	at org.elasticsearch.index.shard.StoreRecovery.internalRecoverFromStore(StoreRecovery.java:230)
	... 10 more
Caused by: [test][[test][0]] EngineException[failed to recover from translog]; nested: TranslogCorruptedException[translog corruption while reading from stream]; nested: TranslogCorruptedException[translog stream is corrupted, expected: 0xa94db8f6, got: 0x68c36736];
	at org.elasticsearch.index.engine.InternalEngine.recoverFromTranslog(InternalEngine.java:251)
	at org.elasticsearch.index.engine.InternalEngine.<init>(InternalEngine.java:172)
	... 17 more
Caused by: TranslogCorruptedException[translog corruption while reading from stream]; nested: TranslogCorruptedException[translog stream is corrupted, expected: 0xa94db8f6, got: 0x68c36736];
	at org.elasticsearch.index.translog.Translog.readOperation(Translog.java:1133)
	at org.elasticsearch.index.translog.BaseTranslogReader.read(BaseTranslogReader.java:114)
	at org.elasticsearch.index.translog.TranslogSnapshot.readOperation(TranslogSnapshot.java:70)
	at org.elasticsearch.index.translog.TranslogSnapshot.next(TranslogSnapshot.java:61)
	at org.elasticsearch.index.translog.MultiSnapshot.next(MultiSnapshot.java:53)
	at org.elasticsearch.index.engine.InternalEngine.recoverFromTranslog(InternalEngine.java:237)
	... 18 more
Caused by: TranslogCorruptedException[translog stream is corrupted, expected: 0xa94db8f6, got: 0x68c36736]
	at org.elasticsearch.index.translog.Translog.verifyChecksum(Translog.java:1091)
	at org.elasticsearch.index.translog.Translog.readOperation(Translog.java:1123)
	... 23 more
[2016-03-29 17:31:13,423][WARN ][org.elasticsearch.cluster.action.shard] [node_s0] [test][0] received shard failed for [test][0], node[Y27JbEqhQsSb7nUkvqXFqw], [P], v[3], s[INITIALIZING], a[id=2kYOAaQOQ8aGSjvzDqXgVA], unassigned_info[[reason=ALLOCATION_FAILED], at[2016-03-29T21:31:13.408Z], details[failed recovery, failure IndexShardRecoveryException[failed to recovery from gateway]; nested: EngineCreationFailureException[failed to recover from translog]; nested: EngineException[failed to recover from translog]; nested: TranslogCorruptedException[translog corruption while reading from stream]; nested: TranslogCorruptedException[translog stream is corrupted, expected: 0xa94db8f6, got: 0x68c36736]; ]], indexUUID [1CWRzkvfRB-D3v8U1_ZpEQ], message [failed recovery], failure [IndexShardRecoveryException[failed to recovery from gateway]; nested: EngineCreationFailureException[failed to recover from translog]; nested: EngineException[failed to recover from translog]; nested: TranslogCorruptedException[translog corruption while reading from stream]; nested: TranslogCorruptedException[translog stream is corrupted, expected: 0xa94db8f6, got: 0x68c36736]; ]
[test][[test][0]] IndexShardRecoveryException[failed to recovery from gateway]; nested: EngineCreationFailureException[failed to recover from translog]; nested: EngineException[failed to recover from translog]; nested: TranslogCorruptedException[translog corruption while reading from stream]; nested: TranslogCorruptedException[translog stream is corrupted, expected: 0xa94db8f6, got: 0x68c36736];
	at org.elasticsearch.index.shard.StoreRecovery.internalRecoverFromStore(StoreRecovery.java:234)
	at org.elasticsearch.index.shard.StoreRecovery.lambda$recoverFromStore$184(StoreRecovery.java:77)
	at org.elasticsearch.index.shard.StoreRecovery$$Lambda$696/1752519311.run(Unknown Source)
	at org.elasticsearch.index.shard.StoreRecovery.executeRecovery(StoreRecovery.java:122)
	at org.elasticsearch.index.shard.StoreRecovery.recoverFromStore(StoreRecovery.java:75)
	at org.elasticsearch.index.shard.IndexShard.recoverFromStore(IndexShard.java:1059)
	at org.elasticsearch.indices.cluster.IndicesClusterStateService.lambda$applyInitializingShard$190(IndicesClusterStateService.java:648)
	at org.elasticsearch.indices.cluster.IndicesClusterStateService$$Lambda$694/1687235994.run(Unknown Source)
	at java.util.concurrent.ThreadPoolExecutor.runWorker(ThreadPoolExecutor.java:1142)
	at java.util.concurrent.ThreadPoolExecutor$Worker.run(ThreadPoolExecutor.java:617)
	at java.lang.Thread.run(Thread.java:745)
Caused by: [test][[test][0]] EngineCreationFailureException[failed to recover from translog]; nested: EngineException[failed to recover from translog]; nested: TranslogCorruptedException[translog corruption while reading from stream]; nested: TranslogCorruptedException[translog stream is corrupted, expected: 0xa94db8f6, got: 0x68c36736];
	at org.elasticsearch.index.engine.InternalEngine.<init>(InternalEngine.java:175)
	at org.elasticsearch.test.engine.MockInternalEngine.<init>(MockInternalEngine.java:36)
	at org.elasticsearch.test.engine.MockEngineFactory.newReadWriteEngine(MockEngineFactory.java:36)
	at org.elasticsearch.index.shard.IndexShard.newEngine(IndexShard.java:1310)
	at org.elasticsearch.index.shard.IndexShard.createNewEngine(IndexShard.java:1305)
	at org.elasticsearch.index.shard.IndexShard.internalPerformTranslogRecovery(IndexShard.java:888)
	at org.elasticsearch.index.shard.IndexShard.performTranslogRecovery(IndexShard.java:866)
	at org.elasticsearch.index.shard.StoreRecovery.internalRecoverFromStore(StoreRecovery.java:230)
	... 10 more
Caused by: [test][[test][0]] EngineException[failed to recover from translog]; nested: TranslogCorruptedException[translog corruption while reading from stream]; nested: TranslogCorruptedException[translog stream is corrupted, expected: 0xa94db8f6, got: 0x68c36736];
	at org.elasticsearch.index.engine.InternalEngine.recoverFromTranslog(InternalEngine.java:251)
	at org.elasticsearch.index.engine.InternalEngine.<init>(InternalEngine.java:172)
	... 17 more
Caused by: TranslogCorruptedException[translog corruption while reading from stream]; nested: TranslogCorruptedException[translog stream is corrupted, expected: 0xa94db8f6, got: 0x68c36736];
	at org.elasticsearch.index.translog.Translog.readOperation(Translog.java:1133)
	at org.elasticsearch.index.translog.BaseTranslogReader.read(BaseTranslogReader.java:114)
	at org.elasticsearch.index.translog.TranslogSnapshot.readOperation(TranslogSnapshot.java:70)
	at org.elasticsearch.index.translog.TranslogSnapshot.next(TranslogSnapshot.java:61)
	at org.elasticsearch.index.translog.MultiSnapshot.next(MultiSnapshot.java:53)
	at org.elasticsearch.index.engine.InternalEngine.recoverFromTranslog(InternalEngine.java:237)
	... 18 more
Caused by: TranslogCorruptedException[translog stream is corrupted, expected: 0xa94db8f6, got: 0x68c36736]
	at org.elasticsearch.index.translog.Translog.verifyChecksum(Translog.java:1091)
	at org.elasticsearch.index.translog.Translog.readOperation(Translog.java:1123)
	... 23 more
[2016-03-29 17:31:13,438][WARN ][org.elasticsearch.indices.cluster] [node_s0] [[test][0]] marking and sending shard failed due to [failed recovery]
[test][[test][0]] IndexShardRecoveryException[failed to recovery from gateway]; nested: EngineCreationFailureException[failed to recover from translog]; nested: EngineException[failed to recover from translog]; nested: TranslogCorruptedException[translog corruption while reading from stream]; nested: TranslogCorruptedException[translog stream is corrupted, expected: 0xa94db8f6, got: 0x68c36736];
	at org.elasticsearch.index.shard.StoreRecovery.internalRecoverFromStore(StoreRecovery.java:234)
	at org.elasticsearch.index.shard.StoreRecovery.lambda$recoverFromStore$184(StoreRecovery.java:77)
	at org.elasticsearch.index.shard.StoreRecovery$$Lambda$696/1752519311.run(Unknown Source)
	at org.elasticsearch.index.shard.StoreRecovery.executeRecovery(StoreRecovery.java:122)
	at org.elasticsearch.index.shard.StoreRecovery.recoverFromStore(StoreRecovery.java:75)
	at org.elasticsearch.index.shard.IndexShard.recoverFromStore(IndexShard.java:1059)
	at org.elasticsearch.indices.cluster.IndicesClusterStateService.lambda$applyInitializingShard$190(IndicesClusterStateService.java:648)
	at org.elasticsearch.indices.cluster.IndicesClusterStateService$$Lambda$694/1687235994.run(Unknown Source)
	at java.util.concurrent.ThreadPoolExecutor.runWorker(ThreadPoolExecutor.java:1142)
	at java.util.concurrent.ThreadPoolExecutor$Worker.run(ThreadPoolExecutor.java:617)
	at java.lang.Thread.run(Thread.java:745)
Caused by: [test][[test][0]] EngineCreationFailureException[failed to recover from translog]; nested: EngineException[failed to recover from translog]; nested: TranslogCorruptedException[translog corruption while reading from stream]; nested: TranslogCorruptedException[translog stream is corrupted, expected: 0xa94db8f6, got: 0x68c36736];
	at org.elasticsearch.index.engine.InternalEngine.<init>(InternalEngine.java:175)
	at org.elasticsearch.test.engine.MockInternalEngine.<init>(MockInternalEngine.java:36)
	at org.elasticsearch.test.engine.MockEngineFactory.newReadWriteEngine(MockEngineFactory.java:36)
	at org.elasticsearch.index.shard.IndexShard.newEngine(IndexShard.java:1310)
	at org.elasticsearch.index.shard.IndexShard.createNewEngine(IndexShard.java:1305)
	at org.elasticsearch.index.shard.IndexShard.internalPerformTranslogRecovery(IndexShard.java:888)
	at org.elasticsearch.index.shard.IndexShard.performTranslogRecovery(IndexShard.java:866)
	at org.elasticsearch.index.shard.StoreRecovery.internalRecoverFromStore(StoreRecovery.java:230)
	... 10 more
Caused by: [test][[test][0]] EngineException[failed to recover from translog]; nested: TranslogCorruptedException[translog corruption while reading from stream]; nested: TranslogCorruptedException[translog stream is corrupted, expected: 0xa94db8f6, got: 0x68c36736];
	at org.elasticsearch.index.engine.InternalEngine.recoverFromTranslog(InternalEngine.java:251)
	at org.elasticsearch.index.engine.InternalEngine.<init>(InternalEngine.java:172)
	... 17 more
Caused by: TranslogCorruptedException[translog corruption while reading from stream]; nested: TranslogCorruptedException[translog stream is corrupted, expected: 0xa94db8f6, got: 0x68c36736];
	at org.elasticsearch.index.translog.Translog.readOperation(Translog.java:1133)
	at org.elasticsearch.index.translog.BaseTranslogReader.read(BaseTranslogReader.java:114)
	at org.elasticsearch.index.translog.TranslogSnapshot.readOperation(TranslogSnapshot.java:70)
	at org.elasticsearch.index.translog.TranslogSnapshot.next(TranslogSnapshot.java:61)
	at org.elasticsearch.index.translog.MultiSnapshot.next(MultiSnapshot.java:53)
	at org.elasticsearch.index.engine.InternalEngine.recoverFromTranslog(InternalEngine.java:237)
	... 18 more
Caused by: TranslogCorruptedException[translog stream is corrupted, expected: 0xa94db8f6, got: 0x68c36736]
	at org.elasticsearch.index.translog.Translog.verifyChecksum(Translog.java:1091)
	at org.elasticsearch.index.translog.Translog.readOperation(Translog.java:1123)
	... 23 more
[2016-03-29 17:31:13,438][WARN ][org.elasticsearch.cluster.action.shard] [node_s0] [test][0] received shard failed for [test][0], node[Y27JbEqhQsSb7nUkvqXFqw], [P], v[3], s[INITIALIZING], a[id=aJLL7o02Rdu1kFfhCpVWeQ], unassigned_info[[reason=ALLOCATION_FAILED], at[2016-03-29T21:31:13.423Z], details[failed recovery, failure IndexShardRecoveryException[failed to recovery from gateway]; nested: EngineCreationFailureException[failed to recover from translog]; nested: EngineException[failed to recover from translog]; nested: TranslogCorruptedException[translog corruption while reading from stream]; nested: TranslogCorruptedException[translog stream is corrupted, expected: 0xa94db8f6, got: 0x68c36736]; ]], indexUUID [1CWRzkvfRB-D3v8U1_ZpEQ], message [failed recovery], failure [IndexShardRecoveryException[failed to recovery from gateway]; nested: EngineCreationFailureException[failed to recover from translog]; nested: EngineException[failed to recover from translog]; nested: TranslogCorruptedException[translog corruption while reading from stream]; nested: TranslogCorruptedException[translog stream is corrupted, expected: 0xa94db8f6, got: 0x68c36736]; ]
[test][[test][0]] IndexShardRecoveryException[failed to recovery from gateway]; nested: EngineCreationFailureException[failed to recover from translog]; nested: EngineException[failed to recover from translog]; nested: TranslogCorruptedException[translog corruption while reading from stream]; nested: TranslogCorruptedException[translog stream is corrupted, expected: 0xa94db8f6, got: 0x68c36736];
	at org.elasticsearch.index.shard.StoreRecovery.internalRecoverFromStore(StoreRecovery.java:234)
	at org.elasticsearch.index.shard.StoreRecovery.lambda$recoverFromStore$184(StoreRecovery.java:77)
	at org.elasticsearch.index.shard.StoreRecovery$$Lambda$696/1752519311.run(Unknown Source)
	at org.elasticsearch.index.shard.StoreRecovery.executeRecovery(StoreRecovery.java:122)
	at org.elasticsearch.index.shard.StoreRecovery.recoverFromStore(StoreRecovery.java:75)
	at org.elasticsearch.index.shard.IndexShard.recoverFromStore(IndexShard.java:1059)
	at org.elasticsearch.indices.cluster.IndicesClusterStateService.lambda$applyInitializingShard$190(IndicesClusterStateService.java:648)
	at org.elasticsearch.indices.cluster.IndicesClusterStateService$$Lambda$694/1687235994.run(Unknown Source)
	at java.util.concurrent.ThreadPoolExecutor.runWorker(ThreadPoolExecutor.java:1142)
	at java.util.concurrent.ThreadPoolExecutor$Worker.run(ThreadPoolExecutor.java:617)
	at java.lang.Thread.run(Thread.java:745)
Caused by: [test][[test][0]] EngineCreationFailureException[failed to recover from translog]; nested: EngineException[failed to recover from translog]; nested: TranslogCorruptedException[translog corruption while reading from stream]; nested: TranslogCorruptedException[translog stream is corrupted, expected: 0xa94db8f6, got: 0x68c36736];
	at org.elasticsearch.index.engine.InternalEngine.<init>(InternalEngine.java:175)
	at org.elasticsearch.test.engine.MockInternalEngine.<init>(MockInternalEngine.java:36)
	at org.elasticsearch.test.engine.MockEngineFactory.newReadWriteEngine(MockEngineFactory.java:36)
	at org.elasticsearch.index.shard.IndexShard.newEngine(IndexShard.java:1310)
	at org.elasticsearch.index.shard.IndexShard.createNewEngine(IndexShard.java:1305)
	at org.elasticsearch.index.shard.IndexShard.internalPerformTranslogRecovery(IndexShard.java:888)
	at org.elasticsearch.index.shard.IndexShard.performTranslogRecovery(IndexShard.java:866)
	at org.elasticsearch.index.shard.StoreRecovery.internalRecoverFromStore(StoreRecovery.java:230)
	... 10 more
Caused by: [test][[test][0]] EngineException[failed to recover from translog]; nested: TranslogCorruptedException[translog corruption while reading from stream]; nested: TranslogCorruptedException[translog stream is corrupted, expected: 0xa94db8f6, got: 0x68c36736];
	at org.elasticsearch.index.engine.InternalEngine.recoverFromTranslog(InternalEngine.java:251)
	at org.elasticsearch.index.engine.InternalEngine.<init>(InternalEngine.java:172)
	... 17 more
Caused by: TranslogCorruptedException[translog corruption while reading from stream]; nested: TranslogCorruptedException[translog stream is corrupted, expected: 0xa94db8f6, got: 0x68c36736];
	at org.elasticsearch.index.translog.Translog.readOperation(Translog.java:1133)
	at org.elasticsearch.index.translog.BaseTranslogReader.read(BaseTranslogReader.java:114)
	at org.elasticsearch.index.translog.TranslogSnapshot.readOperation(TranslogSnapshot.java:70)
	at org.elasticsearch.index.translog.TranslogSnapshot.next(TranslogSnapshot.java:61)
	at org.elasticsearch.index.translog.MultiSnapshot.next(MultiSnapshot.java:53)
	at org.elasticsearch.index.engine.InternalEngine.recoverFromTranslog(InternalEngine.java:237)
	... 18 more
Caused by: TranslogCorruptedException[translog stream is corrupted, expected: 0xa94db8f6, got: 0x68c36736]
	at org.elasticsearch.index.translog.Translog.verifyChecksum(Translog.java:1091)
	at org.elasticsearch.index.translog.Translog.readOperation(Translog.java:1123)
	... 23 more
[2016-03-29 17:31:13,455][WARN ][org.elasticsearch.indices.cluster] [node_s0] [[test][0]] marking and sending shard failed due to [failed recovery]
[test][[test][0]] IndexShardRecoveryException[failed to recovery from gateway]; nested: EngineCreationFailureException[failed to recover from translog]; nested: EngineException[failed to recover from translog]; nested: TranslogCorruptedException[translog corruption while reading from stream]; nested: TranslogCorruptedException[translog stream is corrupted, expected: 0xa94db8f6, got: 0x68c36736];
	at org.elasticsearch.index.shard.StoreRecovery.internalRecoverFromStore(StoreRecovery.java:234)
	at org.elasticsearch.index.shard.StoreRecovery.lambda$recoverFromStore$184(StoreRecovery.java:77)
	at org.elasticsearch.index.shard.StoreRecovery$$Lambda$696/1752519311.run(Unknown Source)
	at org.elasticsearch.index.shard.StoreRecovery.executeRecovery(StoreRecovery.java:122)
	at org.elasticsearch.index.shard.StoreRecovery.recoverFromStore(StoreRecovery.java:75)
	at org.elasticsearch.index.shard.IndexShard.recoverFromStore(IndexShard.java:1059)
	at org.elasticsearch.indices.cluster.IndicesClusterStateService.lambda$applyInitializingShard$190(IndicesClusterStateService.java:648)
	at org.elasticsearch.indices.cluster.IndicesClusterStateService$$Lambda$694/1687235994.run(Unknown Source)
	at java.util.concurrent.ThreadPoolExecutor.runWorker(ThreadPoolExecutor.java:1142)
	at java.util.concurrent.ThreadPoolExecutor$Worker.run(ThreadPoolExecutor.java:617)
	at java.lang.Thread.run(Thread.java:745)
Caused by: [test][[test][0]] EngineCreationFailureException[failed to recover from translog]; nested: EngineException[failed to recover from translog]; nested: TranslogCorruptedException[translog corruption while reading from stream]; nested: TranslogCorruptedException[translog stream is corrupted, expected: 0xa94db8f6, got: 0x68c36736];
	at org.elasticsearch.index.engine.InternalEngine.<init>(InternalEngine.java:175)
	at org.elasticsearch.test.engine.MockInternalEngine.<init>(MockInternalEngine.java:36)
	at org.elasticsearch.test.engine.MockEngineFactory.newReadWriteEngine(MockEngineFactory.java:36)
	at org.elasticsearch.index.shard.IndexShard.newEngine(IndexShard.java:1310)
	at org.elasticsearch.index.shard.IndexShard.createNewEngine(IndexShard.java:1305)
	at org.elasticsearch.index.shard.IndexShard.internalPerformTranslogRecovery(IndexShard.java:888)
	at org.elasticsearch.index.shard.IndexShard.performTranslogRecovery(IndexShard.java:866)
	at org.elasticsearch.index.shard.StoreRecovery.internalRecoverFromStore(StoreRecovery.java:230)
	... 10 more
Caused by: [test][[test][0]] EngineException[failed to recover from translog]; nested: TranslogCorruptedException[translog corruption while reading from stream]; nested: TranslogCorruptedException[translog stream is corrupted, expected: 0xa94db8f6, got: 0x68c36736];
	at org.elasticsearch.index.engine.InternalEngine.recoverFromTranslog(InternalEngine.java:251)
	at org.elasticsearch.index.engine.InternalEngine.<init>(InternalEngine.java:172)
	... 17 more
Caused by: TranslogCorruptedException[translog corruption while reading from stream]; nested: TranslogCorruptedException[translog stream is corrupted, expected: 0xa94db8f6, got: 0x68c36736];
	at org.elasticsearch.index.translog.Translog.readOperation(Translog.java:1133)
	at org.elasticsearch.index.translog.BaseTranslogReader.read(BaseTranslogReader.java:114)
	at org.elasticsearch.index.translog.TranslogSnapshot.readOperation(TranslogSnapshot.java:70)
	at org.elasticsearch.index.translog.TranslogSnapshot.next(TranslogSnapshot.java:61)
	at org.elasticsearch.index.translog.MultiSnapshot.next(MultiSnapshot.java:53)
	at org.elasticsearch.index.engine.InternalEngine.recoverFromTranslog(InternalEngine.java:237)
	... 18 more
Caused by: TranslogCorruptedException[translog stream is corrupted, expected: 0xa94db8f6, got: 0x68c36736]
	at org.elasticsearch.index.translog.Translog.verifyChecksum(Translog.java:1091)
	at org.elasticsearch.index.translog.Translog.readOperation(Translog.java:1123)
	... 23 more
[2016-03-29 17:31:13,455][WARN ][org.elasticsearch.cluster.action.shard] [node_s0] [test][0] received shard failed for [test][0], node[Y27JbEqhQsSb7nUkvqXFqw], [P], v[3], s[INITIALIZING], a[id=FuL1qZlBSo2a9vA-MqbSJQ], unassigned_info[[reason=ALLOCATION_FAILED], at[2016-03-29T21:31:13.439Z], details[failed recovery, failure IndexShardRecoveryException[failed to recovery from gateway]; nested: EngineCreationFailureException[failed to recover from translog]; nested: EngineException[failed to recover from translog]; nested: TranslogCorruptedException[translog corruption while reading from stream]; nested: TranslogCorruptedException[translog stream is corrupted, expected: 0xa94db8f6, got: 0x68c36736]; ]], indexUUID [1CWRzkvfRB-D3v8U1_ZpEQ], message [failed recovery], failure [IndexShardRecoveryException[failed to recovery from gateway]; nested: EngineCreationFailureException[failed to recover from translog]; nested: EngineException[failed to recover from translog]; nested: TranslogCorruptedException[translog corruption while reading from stream]; nested: TranslogCorruptedException[translog stream is corrupted, expected: 0xa94db8f6, got: 0x68c36736]; ]
[test][[test][0]] IndexShardRecoveryException[failed to recovery from gateway]; nested: EngineCreationFailureException[failed to recover from translog]; nested: EngineException[failed to recover from translog]; nested: TranslogCorruptedException[translog corruption while reading from stream]; nested: TranslogCorruptedException[translog stream is corrupted, expected: 0xa94db8f6, got: 0x68c36736];
	at org.elasticsearch.index.shard.StoreRecovery.internalRecoverFromStore(StoreRecovery.java:234)
	at org.elasticsearch.index.shard.StoreRecovery.lambda$recoverFromStore$184(StoreRecovery.java:77)
	at org.elasticsearch.index.shard.StoreRecovery$$Lambda$696/1752519311.run(Unknown Source)
	at org.elasticsearch.index.shard.StoreRecovery.executeRecovery(StoreRecovery.java:122)
	at org.elasticsearch.index.shard.StoreRecovery.recoverFromStore(StoreRecovery.java:75)
	at org.elasticsearch.index.shard.IndexShard.recoverFromStore(IndexShard.java:1059)
	at org.elasticsearch.indices.cluster.IndicesClusterStateService.lambda$applyInitializingShard$190(IndicesClusterStateService.java:648)
	at org.elasticsearch.indices.cluster.IndicesClusterStateService$$Lambda$694/1687235994.run(Unknown Source)
	at java.util.concurrent.ThreadPoolExecutor.runWorker(ThreadPoolExecutor.java:1142)
	at java.util.concurrent.ThreadPoolExecutor$Worker.run(ThreadPoolExecutor.java:617)
	at java.lang.Thread.run(Thread.java:745)
Caused by: [test][[test][0]] EngineCreationFailureException[failed to recover from translog]; nested: EngineException[failed to recover from translog]; nested: TranslogCorruptedException[translog corruption while reading from stream]; nested: TranslogCorruptedException[translog stream is corrupted, expected: 0xa94db8f6, got: 0x68c36736];
	at org.elasticsearch.index.engine.InternalEngine.<init>(InternalEngine.java:175)
	at org.elasticsearch.test.engine.MockInternalEngine.<init>(MockInternalEngine.java:36)
	at org.elasticsearch.test.engine.MockEngineFactory.newReadWriteEngine(MockEngineFactory.java:36)
	at org.elasticsearch.index.shard.IndexShard.newEngine(IndexShard.java:1310)
	at org.elasticsearch.index.shard.IndexShard.createNewEngine(IndexShard.java:1305)
	at org.elasticsearch.index.shard.IndexShard.internalPerformTranslogRecovery(IndexShard.java:888)
	at org.elasticsearch.index.shard.IndexShard.performTranslogRecovery(IndexShard.java:866)
	at org.elasticsearch.index.shard.StoreRecovery.internalRecoverFromStore(StoreRecovery.java:230)
	... 10 more
Caused by: [test][[test][0]] EngineException[failed to recover from translog]; nested: TranslogCorruptedException[translog corruption while reading from stream]; nested: TranslogCorruptedException[translog stream is corrupted, expected: 0xa94db8f6, got: 0x68c36736];
	at org.elasticsearch.index.engine.InternalEngine.recoverFromTranslog(InternalEngine.java:251)
	at org.elasticsearch.index.engine.InternalEngine.<init>(InternalEngine.java:172)
	... 17 more
Caused by: TranslogCorruptedException[translog corruption while reading from stream]; nested: TranslogCorruptedException[translog stream is corrupted, expected: 0xa94db8f6, got: 0x68c36736];
	at org.elasticsearch.index.translog.Translog.readOperation(Translog.java:1133)
	at org.elasticsearch.index.translog.BaseTranslogReader.read(BaseTranslogReader.java:114)
	at org.elasticsearch.index.translog.TranslogSnapshot.readOperation(TranslogSnapshot.java:70)
	at org.elasticsearch.index.translog.TranslogSnapshot.next(TranslogSnapshot.java:61)
	at org.elasticsearch.index.translog.MultiSnapshot.next(MultiSnapshot.java:53)
	at org.elasticsearch.index.engine.InternalEngine.recoverFromTranslog(InternalEngine.java:237)
	... 18 more
Caused by: TranslogCorruptedException[translog stream is corrupted, expected: 0xa94db8f6, got: 0x68c36736]
	at org.elasticsearch.index.translog.Translog.verifyChecksum(Translog.java:1091)
	at org.elasticsearch.index.translog.Translog.readOperation(Translog.java:1123)
	... 23 more
[2016-03-29 17:31:13,477][WARN ][org.elasticsearch.indices.cluster] [node_s0] [[test][0]] marking and sending shard failed due to [failed recovery]
[test][[test][0]] IndexShardRecoveryException[failed to recovery from gateway]; nested: EngineCreationFailureException[failed to recover from translog]; nested: EngineException[failed to recover from translog]; nested: TranslogCorruptedException[translog corruption while reading from stream]; nested: TranslogCorruptedException[translog stream is corrupted, expected: 0xa94db8f6, got: 0x68c36736];
	at org.elasticsearch.index.shard.StoreRecovery.internalRecoverFromStore(StoreRecovery.java:234)
	at org.elasticsearch.index.shard.StoreRecovery.lambda$recoverFromStore$184(StoreRecovery.java:77)
	at org.elasticsearch.index.shard.StoreRecovery$$Lambda$696/1752519311.run(Unknown Source)
	at org.elasticsearch.index.shard.StoreRecovery.executeRecovery(StoreRecovery.java:122)
	at org.elasticsearch.index.shard.StoreRecovery.recoverFromStore(StoreRecovery.java:75)
	at org.elasticsearch.index.shard.IndexShard.recoverFromStore(IndexShard.java:1059)
	at org.elasticsearch.indices.cluster.IndicesClusterStateService.lambda$applyInitializingShard$190(IndicesClusterStateService.java:648)
	at org.elasticsearch.indices.cluster.IndicesClusterStateService$$Lambda$694/1687235994.run(Unknown Source)
	at java.util.concurrent.ThreadPoolExecutor.runWorker(ThreadPoolExecutor.java:1142)
	at java.util.concurrent.ThreadPoolExecutor$Worker.run(ThreadPoolExecutor.java:617)
	at java.lang.Thread.run(Thread.java:745)
Caused by: [test][[test][0]] EngineCreationFailureException[failed to recover from translog]; nested: EngineException[failed to recover from translog]; nested: TranslogCorruptedException[translog corruption while reading from stream]; nested: TranslogCorruptedException[translog stream is corrupted, expected: 0xa94db8f6, got: 0x68c36736];
	at org.elasticsearch.index.engine.InternalEngine.<init>(InternalEngine.java:175)
	at org.elasticsearch.test.engine.MockInternalEngine.<init>(MockInternalEngine.java:36)
	at org.elasticsearch.test.engine.MockEngineFactory.newReadWriteEngine(MockEngineFactory.java:36)
	at org.elasticsearch.index.shard.IndexShard.newEngine(IndexShard.java:1310)
	at org.elasticsearch.index.shard.IndexShard.createNewEngine(IndexShard.java:1305)
	at org.elasticsearch.index.shard.IndexShard.internalPerformTranslogRecovery(IndexShard.java:888)
	at org.elasticsearch.index.shard.IndexShard.performTranslogRecovery(IndexShard.java:866)
	at org.elasticsearch.index.shard.StoreRecovery.internalRecoverFromStore(StoreRecovery.java:230)
	... 10 more
Caused by: [test][[test][0]] EngineException[failed to recover from translog]; nested: TranslogCorruptedException[translog corruption while reading from stream]; nested: TranslogCorruptedException[translog stream is corrupted, expected: 0xa94db8f6, got: 0x68c36736];
	at org.elasticsearch.index.engine.InternalEngine.recoverFromTranslog(InternalEngine.java:251)
	at org.elasticsearch.index.engine.InternalEngine.<init>(InternalEngine.java:172)
	... 17 more
Caused by: TranslogCorruptedException[translog corruption while reading from stream]; nested: TranslogCorruptedException[translog stream is corrupted, expected: 0xa94db8f6, got: 0x68c36736];
	at org.elasticsearch.index.translog.Translog.readOperation(Translog.java:1133)
	at org.elasticsearch.index.translog.BaseTranslogReader.read(BaseTranslogReader.java:114)
	at org.elasticsearch.index.translog.TranslogSnapshot.readOperation(TranslogSnapshot.java:70)
	at org.elasticsearch.index.translog.TranslogSnapshot.next(TranslogSnapshot.java:61)
	at org.elasticsearch.index.translog.MultiSnapshot.next(MultiSnapshot.java:53)
	at org.elasticsearch.index.engine.InternalEngine.recoverFromTranslog(InternalEngine.java:237)
	... 18 more
Caused by: TranslogCorruptedException[translog stream is corrupted, expected: 0xa94db8f6, got: 0x68c36736]
	at org.elasticsearch.index.translog.Translog.verifyChecksum(Translog.java:1091)
	at org.elasticsearch.index.translog.Translog.readOperation(Translog.java:1123)
	... 23 more
[2016-03-29 17:31:13,477][WARN ][org.elasticsearch.cluster.action.shard] [node_s0] [test][0] received shard failed for [test][0], node[Y27JbEqhQsSb7nUkvqXFqw], [P], v[3], s[INITIALIZING], a[id=LtAMYXWOR62XXJ6BR2dK9A], unassigned_info[[reason=ALLOCATION_FAILED], at[2016-03-29T21:31:13.456Z], details[failed recovery, failure IndexShardRecoveryException[failed to recovery from gateway]; nested: EngineCreationFailureException[failed to recover from translog]; nested: EngineException[failed to recover from translog]; nested: TranslogCorruptedException[translog corruption while reading from stream]; nested: TranslogCorruptedException[translog stream is corrupted, expected: 0xa94db8f6, got: 0x68c36736]; ]], indexUUID [1CWRzkvfRB-D3v8U1_ZpEQ], message [failed recovery], failure [IndexShardRecoveryException[failed to recovery from gateway]; nested: EngineCreationFailureException[failed to recover from translog]; nested: EngineException[failed to recover from translog]; nested: TranslogCorruptedException[translog corruption while reading from stream]; nested: TranslogCorruptedException[translog stream is corrupted, expected: 0xa94db8f6, got: 0x68c36736]; ]
[test][[test][0]] IndexShardRecoveryException[failed to recovery from gateway]; nested: EngineCreationFailureException[failed to recover from translog]; nested: EngineException[failed to recover from translog]; nested: TranslogCorruptedException[translog corruption while reading from stream]; nested: TranslogCorruptedException[translog stream is corrupted, expected: 0xa94db8f6, got: 0x68c36736];
	at org.elasticsearch.index.shard.StoreRecovery.internalRecoverFromStore(StoreRecovery.java:234)
	at org.elasticsearch.index.shard.StoreRecovery.lambda$recoverFromStore$184(StoreRecovery.java:77)
	at org.elasticsearch.index.shard.StoreRecovery$$Lambda$696/1752519311.run(Unknown Source)
	at org.elasticsearch.index.shard.StoreRecovery.executeRecovery(StoreRecovery.java:122)
	at org.elasticsearch.index.shard.StoreRecovery.recoverFromStore(StoreRecovery.java:75)
	at org.elasticsearch.index.shard.IndexShard.recoverFromStore(IndexShard.java:1059)
	at org.elasticsearch.indices.cluster.IndicesClusterStateService.lambda$applyInitializingShard$190(IndicesClusterStateService.java:648)
	at org.elasticsearch.indices.cluster.IndicesClusterStateService$$Lambda$694/1687235994.run(Unknown Source)
	at java.util.concurrent.ThreadPoolExecutor.runWorker(ThreadPoolExecutor.java:1142)
	at java.util.concurrent.ThreadPoolExecutor$Worker.run(ThreadPoolExecutor.java:617)
	at java.lang.Thread.run(Thread.java:745)
Caused by: [test][[test][0]] EngineCreationFailureException[failed to recover from translog]; nested: EngineException[failed to recover from translog]; nested: TranslogCorruptedException[translog corruption while reading from stream]; nested: TranslogCorruptedException[translog stream is corrupted, expected: 0xa94db8f6, got: 0x68c36736];
	at org.elasticsearch.index.engine.InternalEngine.<init>(InternalEngine.java:175)
	at org.elasticsearch.test.engine.MockInternalEngine.<init>(MockInternalEngine.java:36)
	at org.elasticsearch.test.engine.MockEngineFactory.newReadWriteEngine(MockEngineFactory.java:36)
	at org.elasticsearch.index.shard.IndexShard.newEngine(IndexShard.java:1310)
	at org.elasticsearch.index.shard.IndexShard.createNewEngine(IndexShard.java:1305)
	at org.elasticsearch.index.shard.IndexShard.internalPerformTranslogRecovery(IndexShard.java:888)
	at org.elasticsearch.index.shard.IndexShard.performTranslogRecovery(IndexShard.java:866)
	at org.elasticsearch.index.shard.StoreRecovery.internalRecoverFromStore(StoreRecovery.java:230)
	... 10 more
Caused by: [test][[test][0]] EngineException[failed to recover from translog]; nested: TranslogCorruptedException[translog corruption while reading from stream]; nested: TranslogCorruptedException[translog stream is corrupted, expected: 0xa94db8f6, got: 0x68c36736];
	at org.elasticsearch.index.engine.InternalEngine.recoverFromTranslog(InternalEngine.java:251)
	at org.elasticsearch.index.engine.InternalEngine.<init>(InternalEngine.java:172)
	... 17 more
Caused by: TranslogCorruptedException[translog corruption while reading from stream]; nested: TranslogCorruptedException[translog stream is corrupted, expected: 0xa94db8f6, got: 0x68c36736];
	at org.elasticsearch.index.translog.Translog.readOperation(Translog.java:1133)
	at org.elasticsearch.index.translog.BaseTranslogReader.read(BaseTranslogReader.java:114)
	at org.elasticsearch.index.translog.TranslogSnapshot.readOperation(TranslogSnapshot.java:70)
	at org.elasticsearch.index.translog.TranslogSnapshot.next(TranslogSnapshot.java:61)
	at org.elasticsearch.index.translog.MultiSnapshot.next(MultiSnapshot.java:53)
	at org.elasticsearch.index.engine.InternalEngine.recoverFromTranslog(InternalEngine.java:237)
	... 18 more
Caused by: TranslogCorruptedException[translog stream is corrupted, expected: 0xa94db8f6, got: 0x68c36736]
	at org.elasticsearch.index.translog.Translog.verifyChecksum(Translog.java:1091)
	at org.elasticsearch.index.translog.Translog.readOperation(Translog.java:1123)
	... 23 more
[2016-03-29 17:31:13,492][WARN ][org.elasticsearch.indices.cluster] [node_s0] [[test][0]] marking and sending shard failed due to [failed recovery]
[test][[test][0]] IndexShardRecoveryException[failed to recovery from gateway]; nested: EngineCreationFailureException[failed to recover from translog]; nested: EngineException[failed to recover from translog]; nested: TranslogCorruptedException[translog corruption while reading from stream]; nested: TranslogCorruptedException[translog stream is corrupted, expected: 0xa94db8f6, got: 0x68c36736];
	at org.elasticsearch.index.shard.StoreRecovery.internalRecoverFromStore(StoreRecovery.java:234)
	at org.elasticsearch.index.shard.StoreRecovery.lambda$recoverFromStore$184(StoreRecovery.java:77)
	at org.elasticsearch.index.shard.StoreRecovery$$Lambda$696/1752519311.run(Unknown Source)
	at org.elasticsearch.index.shard.StoreRecovery.executeRecovery(StoreRecovery.java:122)
	at org.elasticsearch.index.shard.StoreRecovery.recoverFromStore(StoreRecovery.java:75)
	at org.elasticsearch.index.shard.IndexShard.recoverFromStore(IndexShard.java:1059)
	at org.elasticsearch.indices.cluster.IndicesClusterStateService.lambda$applyInitializingShard$190(IndicesClusterStateService.java:648)
	at org.elasticsearch.indices.cluster.IndicesClusterStateService$$Lambda$694/1687235994.run(Unknown Source)
	at java.util.concurrent.ThreadPoolExecutor.runWorker(ThreadPoolExecutor.java:1142)
	at java.util.concurrent.ThreadPoolExecutor$Worker.run(ThreadPoolExecutor.java:617)
	at java.lang.Thread.run(Thread.java:745)
Caused by: [test][[test][0]] EngineCreationFailureException[failed to recover from translog]; nested: EngineException[failed to recover from translog]; nested: TranslogCorruptedException[translog corruption while reading from stream]; nested: TranslogCorruptedException[translog stream is corrupted, expected: 0xa94db8f6, got: 0x68c36736];
	at org.elasticsearch.index.engine.InternalEngine.<init>(InternalEngine.java:175)
	at org.elasticsearch.test.engine.MockInternalEngine.<init>(MockInternalEngine.java:36)
	at org.elasticsearch.test.engine.MockEngineFactory.newReadWriteEngine(MockEngineFactory.java:36)
	at org.elasticsearch.index.shard.IndexShard.newEngine(IndexShard.java:1310)
	at org.elasticsearch.index.shard.IndexShard.createNewEngine(IndexShard.java:1305)
	at org.elasticsearch.index.shard.IndexShard.internalPerformTranslogRecovery(IndexShard.java:888)
	at org.elasticsearch.index.shard.IndexShard.performTranslogRecovery(IndexShard.java:866)
	at org.elasticsearch.index.shard.StoreRecovery.internalRecoverFromStore(StoreRecovery.java:230)
	... 10 more
Caused by: [test][[test][0]] EngineException[failed to recover from translog]; nested: TranslogCorruptedException[translog corruption while reading from stream]; nested: TranslogCorruptedException[translog stream is corrupted, expected: 0xa94db8f6, got: 0x68c36736];
	at org.elasticsearch.index.engine.InternalEngine.recoverFromTranslog(InternalEngine.java:251)
	at org.elasticsearch.index.engine.InternalEngine.<init>(InternalEngine.java:172)
	... 17 more
Caused by: TranslogCorruptedException[translog corruption while reading from stream]; nested: TranslogCorruptedException[translog stream is corrupted, expected: 0xa94db8f6, got: 0x68c36736];
	at org.elasticsearch.index.translog.Translog.readOperation(Translog.java:1133)
	at org.elasticsearch.index.translog.BaseTranslogReader.read(BaseTranslogReader.java:114)
	at org.elasticsearch.index.translog.TranslogSnapshot.readOperation(TranslogSnapshot.java:70)
	at org.elasticsearch.index.translog.TranslogSnapshot.next(TranslogSnapshot.java:61)
	at org.elasticsearch.index.translog.MultiSnapshot.next(MultiSnapshot.java:53)
	at org.elasticsearch.index.engine.InternalEngine.recoverFromTranslog(InternalEngine.java:237)
	... 18 more
Caused by: TranslogCorruptedException[translog stream is corrupted, expected: 0xa94db8f6, got: 0x68c36736]
	at org.elasticsearch.index.translog.Translog.verifyChecksum(Translog.java:1091)
	at org.elasticsearch.index.translog.Translog.readOperation(Translog.java:1123)
	... 23 more
[2016-03-29 17:31:13,493][WARN ][org.elasticsearch.cluster.action.shard] [node_s0] [test][0] received shard failed for [test][0], node[Y27JbEqhQsSb7nUkvqXFqw], [P], v[3], s[INITIALIZING], a[id=KF0RQJGnQAS2SmEXqVckrQ], unassigned_info[[reason=ALLOCATION_FAILED], at[2016-03-29T21:31:13.478Z], details[failed recovery, failure IndexShardRecoveryException[failed to recovery from gateway]; nested: EngineCreationFailureException[failed to recover from translog]; nested: EngineException[failed to recover from translog]; nested: TranslogCorruptedException[translog corruption while reading from stream]; nested: TranslogCorruptedException[translog stream is corrupted, expected: 0xa94db8f6, got: 0x68c36736]; ]], indexUUID [1CWRzkvfRB-D3v8U1_ZpEQ], message [failed recovery], failure [IndexShardRecoveryException[failed to recovery from gateway]; nested: EngineCreationFailureException[failed to recover from translog]; nested: EngineException[failed to recover from translog]; nested: TranslogCorruptedException[translog corruption while reading from stream]; nested: TranslogCorruptedException[translog stream is corrupted, expected: 0xa94db8f6, got: 0x68c36736]; ]
[test][[test][0]] IndexShardRecoveryException[failed to recovery from gateway]; nested: EngineCreationFailureException[failed to recover from translog]; nested: EngineException[failed to recover from translog]; nested: TranslogCorruptedException[translog corruption while reading from stream]; nested: TranslogCorruptedException[translog stream is corrupted, expected: 0xa94db8f6, got: 0x68c36736];
	at org.elasticsearch.index.shard.StoreRecovery.internalRecoverFromStore(StoreRecovery.java:234)
	at org.elasticsearch.index.shard.StoreRecovery.lambda$recoverFromStore$184(StoreRecovery.java:77)
	at org.elasticsearch.index.shard.StoreRecovery$$Lambda$696/1752519311.run(Unknown Source)
	at org.elasticsearch.index.shard.StoreRecovery.executeRecovery(StoreRecovery.java:122)
	at org.elasticsearch.index.shard.StoreRecovery.recoverFromStore(StoreRecovery.java:75)
	at org.elasticsearch.index.shard.IndexShard.recoverFromStore(IndexShard.java:1059)
	at org.elasticsearch.indices.cluster.IndicesClusterStateService.lambda$applyInitializingShard$190(IndicesClusterStateService.java:648)
	at org.elasticsearch.indices.cluster.IndicesClusterStateService$$Lambda$694/1687235994.run(Unknown Source)
	at java.util.concurrent.ThreadPoolExecutor.runWorker(ThreadPoolExecutor.java:1142)
	at java.util.concurrent.ThreadPoolExecutor$Worker.run(ThreadPoolExecutor.java:617)
	at java.lang.Thread.run(Thread.java:745)
Caused by: [test][[test][0]] EngineCreationFailureException[failed to recover from translog]; nested: EngineException[failed to recover from translog]; nested: TranslogCorruptedException[translog corruption while reading from stream]; nested: TranslogCorruptedException[translog stream is corrupted, expected: 0xa94db8f6, got: 0x68c36736];
	at org.elasticsearch.index.engine.InternalEngine.<init>(InternalEngine.java:175)
	at org.elasticsearch.test.engine.MockInternalEngine.<init>(MockInternalEngine.java:36)
	at org.elasticsearch.test.engine.MockEngineFactory.newReadWriteEngine(MockEngineFactory.java:36)
	at org.elasticsearch.index.shard.IndexShard.newEngine(IndexShard.java:1310)
	at org.elasticsearch.index.shard.IndexShard.createNewEngine(IndexShard.java:1305)
	at org.elasticsearch.index.shard.IndexShard.internalPerformTranslogRecovery(IndexShard.java:888)
	at org.elasticsearch.index.shard.IndexShard.performTranslogRecovery(IndexShard.java:866)
	at org.elasticsearch.index.shard.StoreRecovery.internalRecoverFromStore(StoreRecovery.java:230)
	... 10 more
Caused by: [test][[test][0]] EngineException[failed to recover from translog]; nested: TranslogCorruptedException[translog corruption while reading from stream]; nested: TranslogCorruptedException[translog stream is corrupted, expected: 0xa94db8f6, got: 0x68c36736];
	at org.elasticsearch.index.engine.InternalEngine.recoverFromTranslog(InternalEngine.java:251)
	at org.elasticsearch.index.engine.InternalEngine.<init>(InternalEngine.java:172)
	... 17 more
Caused by: TranslogCorruptedException[translog corruption while reading from stream]; nested: TranslogCorruptedException[translog stream is corrupted, expected: 0xa94db8f6, got: 0x68c36736];
	at org.elasticsearch.index.translog.Translog.readOperation(Translog.java:1133)
	at org.elasticsearch.index.translog.BaseTranslogReader.read(BaseTranslogReader.java:114)
	at org.elasticsearch.index.translog.TranslogSnapshot.readOperation(TranslogSnapshot.java:70)
	at org.elasticsearch.index.translog.TranslogSnapshot.next(TranslogSnapshot.java:61)
	at org.elasticsearch.index.translog.MultiSnapshot.next(MultiSnapshot.java:53)
	at org.elasticsearch.index.engine.InternalEngine.recoverFromTranslog(InternalEngine.java:237)
	... 18 more
Caused by: TranslogCorruptedException[translog stream is corrupted, expected: 0xa94db8f6, got: 0x68c36736]
	at org.elasticsearch.index.translog.Translog.verifyChecksum(Translog.java:1091)
	at org.elasticsearch.index.translog.Translog.readOperation(Translog.java:1123)
	... 23 more
[2016-03-29 17:31:13,507][WARN ][org.elasticsearch.indices.cluster] [node_s0] [[test][0]] marking and sending shard failed due to [failed recovery]
[test][[test][0]] IndexShardRecoveryException[failed to recovery from gateway]; nested: EngineCreationFailureException[failed to recover from translog]; nested: EngineException[failed to recover from translog]; nested: TranslogCorruptedException[translog corruption while reading from stream]; nested: TranslogCorruptedException[translog stream is corrupted, expected: 0xa94db8f6, got: 0x68c36736];
	at org.elasticsearch.index.shard.StoreRecovery.internalRecoverFromStore(StoreRecovery.java:234)
	at org.elasticsearch.index.shard.StoreRecovery.lambda$recoverFromStore$184(StoreRecovery.java:77)
	at org.elasticsearch.index.shard.StoreRecovery$$Lambda$696/1752519311.run(Unknown Source)
	at org.elasticsearch.index.shard.StoreRecovery.executeRecovery(StoreRecovery.java:122)
	at org.elasticsearch.index.shard.StoreRecovery.recoverFromStore(StoreRecovery.java:75)
	at org.elasticsearch.index.shard.IndexShard.recoverFromStore(IndexShard.java:1059)
	at org.elasticsearch.indices.cluster.IndicesClusterStateService.lambda$applyInitializingShard$190(IndicesClusterStateService.java:648)
	at org.elasticsearch.indices.cluster.IndicesClusterStateService$$Lambda$694/1687235994.run(Unknown Source)
	at java.util.concurrent.ThreadPoolExecutor.runWorker(ThreadPoolExecutor.java:1142)
	at java.util.concurrent.ThreadPoolExecutor$Worker.run(ThreadPoolExecutor.java:617)
	at java.lang.Thread.run(Thread.java:745)
Caused by: [test][[test][0]] EngineCreationFailureException[failed to recover from translog]; nested: EngineException[failed to recover from translog]; nested: TranslogCorruptedException[translog corruption while reading from stream]; nested: TranslogCorruptedException[translog stream is corrupted, expected: 0xa94db8f6, got: 0x68c36736];
	at org.elasticsearch.index.engine.InternalEngine.<init>(InternalEngine.java:175)
	at org.elasticsearch.test.engine.MockInternalEngine.<init>(MockInternalEngine.java:36)
	at org.elasticsearch.test.engine.MockEngineFactory.newReadWriteEngine(MockEngineFactory.java:36)
	at org.elasticsearch.index.shard.IndexShard.newEngine(IndexShard.java:1310)
	at org.elasticsearch.index.shard.IndexShard.createNewEngine(IndexShard.java:1305)
	at org.elasticsearch.index.shard.IndexShard.internalPerformTranslogRecovery(IndexShard.java:888)
	at org.elasticsearch.index.shard.IndexShard.performTranslogRecovery(IndexShard.java:866)
	at org.elasticsearch.index.shard.StoreRecovery.internalRecoverFromStore(StoreRecovery.java:230)
	... 10 more
Caused by: [test][[test][0]] EngineException[failed to recover from translog]; nested: TranslogCorruptedException[translog corruption while reading from stream]; nested: TranslogCorruptedException[translog stream is corrupted, expected: 0xa94db8f6, got: 0x68c36736];
	at org.elasticsearch.index.engine.InternalEngine.recoverFromTranslog(InternalEngine.java:251)
	at org.elasticsearch.index.engine.InternalEngine.<init>(InternalEngine.java:172)
	... 17 more
Caused by: TranslogCorruptedException[translog corruption while reading from stream]; nested: TranslogCorruptedException[translog stream is corrupted, expected: 0xa94db8f6, got: 0x68c36736];
	at org.elasticsearch.index.translog.Translog.readOperation(Translog.java:1133)
	at org.elasticsearch.index.translog.BaseTranslogReader.read(BaseTranslogReader.java:114)
	at org.elasticsearch.index.translog.TranslogSnapshot.readOperation(TranslogSnapshot.java:70)
	at org.elasticsearch.index.translog.TranslogSnapshot.next(TranslogSnapshot.java:61)
	at org.elasticsearch.index.translog.MultiSnapshot.next(MultiSnapshot.java:53)
	at org.elasticsearch.index.engine.InternalEngine.recoverFromTranslog(InternalEngine.java:237)
	... 18 more
Caused by: TranslogCorruptedException[translog stream is corrupted, expected: 0xa94db8f6, got: 0x68c36736]
	at org.elasticsearch.index.translog.Translog.verifyChecksum(Translog.java:1091)
	at org.elasticsearch.index.translog.Translog.readOperation(Translog.java:1123)
	... 23 more
[2016-03-29 17:31:13,508][WARN ][org.elasticsearch.cluster.action.shard] [node_s0] [test][0] received shard failed for [test][0], node[Y27JbEqhQsSb7nUkvqXFqw], [P], v[3], s[INITIALIZING], a[id=MXiBQFEBSX6PeTTccLcR_g], unassigned_info[[reason=ALLOCATION_FAILED], at[2016-03-29T21:31:13.493Z], details[failed recovery, failure IndexShardRecoveryException[failed to recovery from gateway]; nested: EngineCreationFailureException[failed to recover from translog]; nested: EngineException[failed to recover from translog]; nested: TranslogCorruptedException[translog corruption while reading from stream]; nested: TranslogCorruptedException[translog stream is corrupted, expected: 0xa94db8f6, got: 0x68c36736]; ]], indexUUID [1CWRzkvfRB-D3v8U1_ZpEQ], message [failed recovery], failure [IndexShardRecoveryException[failed to recovery from gateway]; nested: EngineCreationFailureException[failed to recover from translog]; nested: EngineException[failed to recover from translog]; nested: TranslogCorruptedException[translog corruption while reading from stream]; nested: TranslogCorruptedException[translog stream is corrupted, expected: 0xa94db8f6, got: 0x68c36736]; ]
[test][[test][0]] IndexShardRecoveryException[failed to recovery from gateway]; nested: EngineCreationFailureException[failed to recover from translog]; nested: EngineException[failed to recover from translog]; nested: TranslogCorruptedException[translog corruption while reading from stream]; nested: TranslogCorruptedException[translog stream is corrupted, expected: 0xa94db8f6, got: 0x68c36736];
	at org.elasticsearch.index.shard.StoreRecovery.internalRecoverFromStore(StoreRecovery.java:234)
	at org.elasticsearch.index.shard.StoreRecovery.lambda$recoverFromStore$184(StoreRecovery.java:77)
	at org.elasticsearch.index.shard.StoreRecovery$$Lambda$696/1752519311.run(Unknown Source)
	at org.elasticsearch.index.shard.StoreRecovery.executeRecovery(StoreRecovery.java:122)
	at org.elasticsearch.index.shard.StoreRecovery.recoverFromStore(StoreRecovery.java:75)
	at org.elasticsearch.index.shard.IndexShard.recoverFromStore(IndexShard.java:1059)
	at org.elasticsearch.indices.cluster.IndicesClusterStateService.lambda$applyInitializingShard$190(IndicesClusterStateService.java:648)
	at org.elasticsearch.indices.cluster.IndicesClusterStateService$$Lambda$694/1687235994.run(Unknown Source)
	at java.util.concurrent.ThreadPoolExecutor.runWorker(ThreadPoolExecutor.java:1142)
	at java.util.concurrent.ThreadPoolExecutor$Worker.run(ThreadPoolExecutor.java:617)
	at java.lang.Thread.run(Thread.java:745)
Caused by: [test][[test][0]] EngineCreationFailureException[failed to recover from translog]; nested: EngineException[failed to recover from translog]; nested: TranslogCorruptedException[translog corruption while reading from stream]; nested: TranslogCorruptedException[translog stream is corrupted, expected: 0xa94db8f6, got: 0x68c36736];
	at org.elasticsearch.index.engine.InternalEngine.<init>(InternalEngine.java:175)
	at org.elasticsearch.test.engine.MockInternalEngine.<init>(MockInternalEngine.java:36)
	at org.elasticsearch.test.engine.MockEngineFactory.newReadWriteEngine(MockEngineFactory.java:36)
	at org.elasticsearch.index.shard.IndexShard.newEngine(IndexShard.java:1310)
	at org.elasticsearch.index.shard.IndexShard.createNewEngine(IndexShard.java:1305)
	at org.elasticsearch.index.shard.IndexShard.internalPerformTranslogRecovery(IndexShard.java:888)
	at org.elasticsearch.index.shard.IndexShard.performTranslogRecovery(IndexShard.java:866)
	at org.elasticsearch.index.shard.StoreRecovery.internalRecoverFromStore(StoreRecovery.java:230)
	... 10 more
Caused by: [test][[test][0]] EngineException[failed to recover from translog]; nested: TranslogCorruptedException[translog corruption while reading from stream]; nested: TranslogCorruptedException[translog stream is corrupted, expected: 0xa94db8f6, got: 0x68c36736];
	at org.elasticsearch.index.engine.InternalEngine.recoverFromTranslog(InternalEngine.java:251)
	at org.elasticsearch.index.engine.InternalEngine.<init>(InternalEngine.java:172)
	... 17 more
Caused by: TranslogCorruptedException[translog corruption while reading from stream]; nested: TranslogCorruptedException[translog stream is corrupted, expected: 0xa94db8f6, got: 0x68c36736];
	at org.elasticsearch.index.translog.Translog.readOperation(Translog.java:1133)
	at org.elasticsearch.index.translog.BaseTranslogReader.read(BaseTranslogReader.java:114)
	at org.elasticsearch.index.translog.TranslogSnapshot.readOperation(TranslogSnapshot.java:70)
	at org.elasticsearch.index.translog.TranslogSnapshot.next(TranslogSnapshot.java:61)
	at org.elasticsearch.index.translog.MultiSnapshot.next(MultiSnapshot.java:53)
	at org.elasticsearch.index.engine.InternalEngine.recoverFromTranslog(InternalEngine.java:237)
	... 18 more
Caused by: TranslogCorruptedException[translog stream is corrupted, expected: 0xa94db8f6, got: 0x68c36736]
	at org.elasticsearch.index.translog.Translog.verifyChecksum(Translog.java:1091)
	at org.elasticsearch.index.translog.Translog.readOperation(Translog.java:1123)
	... 23 more
[2016-03-29 17:31:13,522][WARN ][org.elasticsearch.indices.cluster] [node_s0] [[test][0]] marking and sending shard failed due to [failed recovery]
[test][[test][0]] IndexShardRecoveryException[failed to recovery from gateway]; nested: EngineCreationFailureException[failed to recover from translog]; nested: EngineException[failed to recover from translog]; nested: TranslogCorruptedException[translog corruption while reading from stream]; nested: TranslogCorruptedException[translog stream is corrupted, expected: 0xa94db8f6, got: 0x68c36736];
	at org.elasticsearch.index.shard.StoreRecovery.internalRecoverFromStore(StoreRecovery.java:234)
	at org.elasticsearch.index.shard.StoreRecovery.lambda$recoverFromStore$184(StoreRecovery.java:77)
	at org.elasticsearch.index.shard.StoreRecovery$$Lambda$696/1752519311.run(Unknown Source)
	at org.elasticsearch.index.shard.StoreRecovery.executeRecovery(StoreRecovery.java:122)
	at org.elasticsearch.index.shard.StoreRecovery.recoverFromStore(StoreRecovery.java:75)
	at org.elasticsearch.index.shard.IndexShard.recoverFromStore(IndexShard.java:1059)
	at org.elasticsearch.indices.cluster.IndicesClusterStateService.lambda$applyInitializingShard$190(IndicesClusterStateService.java:648)
	at org.elasticsearch.indices.cluster.IndicesClusterStateService$$Lambda$694/1687235994.run(Unknown Source)
	at java.util.concurrent.ThreadPoolExecutor.runWorker(ThreadPoolExecutor.java:1142)
	at java.util.concurrent.ThreadPoolExecutor$Worker.run(ThreadPoolExecutor.java:617)
	at java.lang.Thread.run(Thread.java:745)
Caused by: [test][[test][0]] EngineCreationFailureException[failed to recover from translog]; nested: EngineException[failed to recover from translog]; nested: TranslogCorruptedException[translog corruption while reading from stream]; nested: TranslogCorruptedException[translog stream is corrupted, expected: 0xa94db8f6, got: 0x68c36736];
	at org.elasticsearch.index.engine.InternalEngine.<init>(InternalEngine.java:175)
	at org.elasticsearch.test.engine.MockInternalEngine.<init>(MockInternalEngine.java:36)
	at org.elasticsearch.test.engine.MockEngineFactory.newReadWriteEngine(MockEngineFactory.java:36)
	at org.elasticsearch.index.shard.IndexShard.newEngine(IndexShard.java:1310)
	at org.elasticsearch.index.shard.IndexShard.createNewEngine(IndexShard.java:1305)
	at org.elasticsearch.index.shard.IndexShard.internalPerformTranslogRecovery(IndexShard.java:888)
	at org.elasticsearch.index.shard.IndexShard.performTranslogRecovery(IndexShard.java:866)
	at org.elasticsearch.index.shard.StoreRecovery.internalRecoverFromStore(StoreRecovery.java:230)
	... 10 more
Caused by: [test][[test][0]] EngineException[failed to recover from translog]; nested: TranslogCorruptedException[translog corruption while reading from stream]; nested: TranslogCorruptedException[translog stream is corrupted, expected: 0xa94db8f6, got: 0x68c36736];
	at org.elasticsearch.index.engine.InternalEngine.recoverFromTranslog(InternalEngine.java:251)
	at org.elasticsearch.index.engine.InternalEngine.<init>(InternalEngine.java:172)
	... 17 more
Caused by: TranslogCorruptedException[translog corruption while reading from stream]; nested: TranslogCorruptedException[translog stream is corrupted, expected: 0xa94db8f6, got: 0x68c36736];
	at org.elasticsearch.index.translog.Translog.readOperation(Translog.java:1133)
	at org.elasticsearch.index.translog.BaseTranslogReader.read(BaseTranslogReader.java:114)
	at org.elasticsearch.index.translog.TranslogSnapshot.readOperation(TranslogSnapshot.java:70)
	at org.elasticsearch.index.translog.TranslogSnapshot.next(TranslogSnapshot.java:61)
	at org.elasticsearch.index.translog.MultiSnapshot.next(MultiSnapshot.java:53)
	at org.elasticsearch.index.engine.InternalEngine.recoverFromTranslog(InternalEngine.java:237)
	... 18 more
Caused by: TranslogCorruptedException[translog stream is corrupted, expected: 0xa94db8f6, got: 0x68c36736]
	at org.elasticsearch.index.translog.Translog.verifyChecksum(Translog.java:1091)
	at org.elasticsearch.index.translog.Translog.readOperation(Translog.java:1123)
	... 23 more
[2016-03-29 17:31:13,523][WARN ][org.elasticsearch.cluster.action.shard] [node_s0] [test][0] received shard failed for [test][0], node[Y27JbEqhQsSb7nUkvqXFqw], [P], v[3], s[INITIALIZING], a[id=UmeZrPeNQza-OCdUI0AcZg], unassigned_info[[reason=ALLOCATION_FAILED], at[2016-03-29T21:31:13.508Z], details[failed recovery, failure IndexShardRecoveryException[failed to recovery from gateway]; nested: EngineCreationFailureException[failed to recover from translog]; nested: EngineException[failed to recover from translog]; nested: TranslogCorruptedException[translog corruption while reading from stream]; nested: TranslogCorruptedException[translog stream is corrupted, expected: 0xa94db8f6, got: 0x68c36736]; ]], indexUUID [1CWRzkvfRB-D3v8U1_ZpEQ], message [failed recovery], failure [IndexShardRecoveryException[failed to recovery from gateway]; nested: EngineCreationFailureException[failed to recover from translog]; nested: EngineException[failed to recover from translog]; nested: TranslogCorruptedException[translog corruption while reading from stream]; nested: TranslogCorruptedException[translog stream is corrupted, expected: 0xa94db8f6, got: 0x68c36736]; ]
[test][[test][0]] IndexShardRecoveryException[failed to recovery from gateway]; nested: EngineCreationFailureException[failed to recover from translog]; nested: EngineException[failed to recover from translog]; nested: TranslogCorruptedException[translog corruption while reading from stream]; nested: TranslogCorruptedException[translog stream is corrupted, expected: 0xa94db8f6, got: 0x68c36736];
	at org.elasticsearch.index.shard.StoreRecovery.internalRecoverFromStore(StoreRecovery.java:234)
	at org.elasticsearch.index.shard.StoreRecovery.lambda$recoverFromStore$184(StoreRecovery.java:77)
	at org.elasticsearch.index.shard.StoreRecovery$$Lambda$696/1752519311.run(Unknown Source)
	at org.elasticsearch.index.shard.StoreRecovery.executeRecovery(StoreRecovery.java:122)
	at org.elasticsearch.index.shard.StoreRecovery.recoverFromStore(StoreRecovery.java:75)
	at org.elasticsearch.index.shard.IndexShard.recoverFromStore(IndexShard.java:1059)
	at org.elasticsearch.indices.cluster.IndicesClusterStateService.lambda$applyInitializingShard$190(IndicesClusterStateService.java:648)
	at org.elasticsearch.indices.cluster.IndicesClusterStateService$$Lambda$694/1687235994.run(Unknown Source)
	at java.util.concurrent.ThreadPoolExecutor.runWorker(ThreadPoolExecutor.java:1142)
	at java.util.concurrent.ThreadPoolExecutor$Worker.run(ThreadPoolExecutor.java:617)
	at java.lang.Thread.run(Thread.java:745)
Caused by: [test][[test][0]] EngineCreationFailureException[failed to recover from translog]; nested: EngineException[failed to recover from translog]; nested: TranslogCorruptedException[translog corruption while reading from stream]; nested: TranslogCorruptedException[translog stream is corrupted, expected: 0xa94db8f6, got: 0x68c36736];
	at org.elasticsearch.index.engine.InternalEngine.<init>(InternalEngine.java:175)
	at org.elasticsearch.test.engine.MockInternalEngine.<init>(MockInternalEngine.java:36)
	at org.elasticsearch.test.engine.MockEngineFactory.newReadWriteEngine(MockEngineFactory.java:36)
	at org.elasticsearch.index.shard.IndexShard.newEngine(IndexShard.java:1310)
	at org.elasticsearch.index.shard.IndexShard.createNewEngine(IndexShard.java:1305)
	at org.elasticsearch.index.shard.IndexShard.internalPerformTranslogRecovery(IndexShard.java:888)
	at org.elasticsearch.index.shard.IndexShard.performTranslogRecovery(IndexShard.java:866)
	at org.elasticsearch.index.shard.StoreRecovery.internalRecoverFromStore(StoreRecovery.java:230)
	... 10 more
Caused by: [test][[test][0]] EngineException[failed to recover from translog]; nested: TranslogCorruptedException[translog corruption while reading from stream]; nested: TranslogCorruptedException[translog stream is corrupted, expected: 0xa94db8f6, got: 0x68c36736];
	at org.elasticsearch.index.engine.InternalEngine.recoverFromTranslog(InternalEngine.java:251)
	at org.elasticsearch.index.engine.InternalEngine.<init>(InternalEngine.java:172)
	... 17 more
Caused by: TranslogCorruptedException[translog corruption while reading from stream]; nested: TranslogCorruptedException[translog stream is corrupted, expected: 0xa94db8f6, got: 0x68c36736];
	at org.elasticsearch.index.translog.Translog.readOperation(Translog.java:1133)
	at org.elasticsearch.index.translog.BaseTranslogReader.read(BaseTranslogReader.java:114)
	at org.elasticsearch.index.translog.TranslogSnapshot.readOperation(TranslogSnapshot.java:70)
	at org.elasticsearch.index.translog.TranslogSnapshot.next(TranslogSnapshot.java:61)
	at org.elasticsearch.index.translog.MultiSnapshot.next(MultiSnapshot.java:53)
	at org.elasticsearch.index.engine.InternalEngine.recoverFromTranslog(InternalEngine.java:237)
	... 18 more
Caused by: TranslogCorruptedException[translog stream is corrupted, expected: 0xa94db8f6, got: 0x68c36736]
	at org.elasticsearch.index.translog.Translog.verifyChecksum(Translog.java:1091)
	at org.elasticsearch.index.translog.Translog.readOperation(Translog.java:1123)
	... 23 more
[2016-03-29 17:31:13,539][WARN ][org.elasticsearch.indices.cluster] [node_s0] [[test][0]] marking and sending shard failed due to [failed recovery]
[test][[test][0]] IndexShardRecoveryException[failed to recovery from gateway]; nested: EngineCreationFailureException[failed to recover from translog]; nested: EngineException[failed to recover from translog]; nested: TranslogCorruptedException[translog corruption while reading from stream]; nested: TranslogCorruptedException[translog stream is corrupted, expected: 0xa94db8f6, got: 0x68c36736];
	at org.elasticsearch.index.shard.StoreRecovery.internalRecoverFromStore(StoreRecovery.java:234)
	at org.elasticsearch.index.shard.StoreRecovery.lambda$recoverFromStore$184(StoreRecovery.java:77)
	at org.elasticsearch.index.shard.StoreRecovery$$Lambda$696/1752519311.run(Unknown Source)
	at org.elasticsearch.index.shard.StoreRecovery.executeRecovery(StoreRecovery.java:122)
	at org.elasticsearch.index.shard.StoreRecovery.recoverFromStore(StoreRecovery.java:75)
	at org.elasticsearch.index.shard.IndexShard.recoverFromStore(IndexShard.java:1059)
	at org.elasticsearch.indices.cluster.IndicesClusterStateService.lambda$applyInitializingShard$190(IndicesClusterStateService.java:648)
	at org.elasticsearch.indices.cluster.IndicesClusterStateService$$Lambda$694/1687235994.run(Unknown Source)
	at java.util.concurrent.ThreadPoolExecutor.runWorker(ThreadPoolExecutor.java:1142)
	at java.util.concurrent.ThreadPoolExecutor$Worker.run(ThreadPoolExecutor.java:617)
	at java.lang.Thread.run(Thread.java:745)
Caused by: [test][[test][0]] EngineCreationFailureException[failed to recover from translog]; nested: EngineException[failed to recover from translog]; nested: TranslogCorruptedException[translog corruption while reading from stream]; nested: TranslogCorruptedException[translog stream is corrupted, expected: 0xa94db8f6, got: 0x68c36736];
	at org.elasticsearch.index.engine.InternalEngine.<init>(InternalEngine.java:175)
	at org.elasticsearch.test.engine.MockInternalEngine.<init>(MockInternalEngine.java:36)
	at org.elasticsearch.test.engine.MockEngineFactory.newReadWriteEngine(MockEngineFactory.java:36)
	at org.elasticsearch.index.shard.IndexShard.newEngine(IndexShard.java:1310)
	at org.elasticsearch.index.shard.IndexShard.createNewEngine(IndexShard.java:1305)
	at org.elasticsearch.index.shard.IndexShard.internalPerformTranslogRecovery(IndexShard.java:888)
	at org.elasticsearch.index.shard.IndexShard.performTranslogRecovery(IndexShard.java:866)
	at org.elasticsearch.index.shard.StoreRecovery.internalRecoverFromStore(StoreRecovery.java:230)
	... 10 more
Caused by: [test][[test][0]] EngineException[failed to recover from translog]; nested: TranslogCorruptedException[translog corruption while reading from stream]; nested: TranslogCorruptedException[translog stream is corrupted, expected: 0xa94db8f6, got: 0x68c36736];
	at org.elasticsearch.index.engine.InternalEngine.recoverFromTranslog(InternalEngine.java:251)
	at org.elasticsearch.index.engine.InternalEngine.<init>(InternalEngine.java:172)
	... 17 more
Caused by: TranslogCorruptedException[translog corruption while reading from stream]; nested: TranslogCorruptedException[translog stream is corrupted, expected: 0xa94db8f6, got: 0x68c36736];
	at org.elasticsearch.index.translog.Translog.readOperation(Translog.java:1133)
	at org.elasticsearch.index.translog.BaseTranslogReader.read(BaseTranslogReader.java:114)
	at org.elasticsearch.index.translog.TranslogSnapshot.readOperation(TranslogSnapshot.java:70)
	at org.elasticsearch.index.translog.TranslogSnapshot.next(TranslogSnapshot.java:61)
	at org.elasticsearch.index.translog.MultiSnapshot.next(MultiSnapshot.java:53)
	at org.elasticsearch.index.engine.InternalEngine.recoverFromTranslog(InternalEngine.java:237)
	... 18 more
Caused by: TranslogCorruptedException[translog stream is corrupted, expected: 0xa94db8f6, got: 0x68c36736]
	at org.elasticsearch.index.translog.Translog.verifyChecksum(Translog.java:1091)
	at org.elasticsearch.index.translog.Translog.readOperation(Translog.java:1123)
	... 23 more
[2016-03-29 17:31:13,539][WARN ][org.elasticsearch.cluster.action.shard] [node_s0] [test][0] received shard failed for [test][0], node[Y27JbEqhQsSb7nUkvqXFqw], [P], v[3], s[INITIALIZING], a[id=bwc5kjo7S26fvFgJrO72OA], unassigned_info[[reason=ALLOCATION_FAILED], at[2016-03-29T21:31:13.523Z], details[failed recovery, failure IndexShardRecoveryException[failed to recovery from gateway]; nested: EngineCreationFailureException[failed to recover from translog]; nested: EngineException[failed to recover from translog]; nested: TranslogCorruptedException[translog corruption while reading from stream]; nested: TranslogCorruptedException[translog stream is corrupted, expected: 0xa94db8f6, got: 0x68c36736]; ]], indexUUID [1CWRzkvfRB-D3v8U1_ZpEQ], message [failed recovery], failure [IndexShardRecoveryException[failed to recovery from gateway]; nested: EngineCreationFailureException[failed to recover from translog]; nested: EngineException[failed to recover from translog]; nested: TranslogCorruptedException[translog corruption while reading from stream]; nested: TranslogCorruptedException[translog stream is corrupted, expected: 0xa94db8f6, got: 0x68c36736]; ]
[test][[test][0]] IndexShardRecoveryException[failed to recovery from gateway]; nested: EngineCreationFailureException[failed to recover from translog]; nested: EngineException[failed to recover from translog]; nested: TranslogCorruptedException[translog corruption while reading from stream]; nested: TranslogCorruptedException[translog stream is corrupted, expected: 0xa94db8f6, got: 0x68c36736];
	at org.elasticsearch.index.shard.StoreRecovery.internalRecoverFromStore(StoreRecovery.java:234)
	at org.elasticsearch.index.shard.StoreRecovery.lambda$recoverFromStore$184(StoreRecovery.java:77)
	at org.elasticsearch.index.shard.StoreRecovery$$Lambda$696/1752519311.run(Unknown Source)
	at org.elasticsearch.index.shard.StoreRecovery.executeRecovery(StoreRecovery.java:122)
	at org.elasticsearch.index.shard.StoreRecovery.recoverFromStore(StoreRecovery.java:75)
	at org.elasticsearch.index.shard.IndexShard.recoverFromStore(IndexShard.java:1059)
	at org.elasticsearch.indices.cluster.IndicesClusterStateService.lambda$applyInitializingShard$190(IndicesClusterStateService.java:648)
	at org.elasticsearch.indices.cluster.IndicesClusterStateService$$Lambda$694/1687235994.run(Unknown Source)
	at java.util.concurrent.ThreadPoolExecutor.runWorker(ThreadPoolExecutor.java:1142)
	at java.util.concurrent.ThreadPoolExecutor$Worker.run(ThreadPoolExecutor.java:617)
	at java.lang.Thread.run(Thread.java:745)
Caused by: [test][[test][0]] EngineCreationFailureException[failed to recover from translog]; nested: EngineException[failed to recover from translog]; nested: TranslogCorruptedException[translog corruption while reading from stream]; nested: TranslogCorruptedException[translog stream is corrupted, expected: 0xa94db8f6, got: 0x68c36736];
	at org.elasticsearch.index.engine.InternalEngine.<init>(InternalEngine.java:175)
	at org.elasticsearch.test.engine.MockInternalEngine.<init>(MockInternalEngine.java:36)
	at org.elasticsearch.test.engine.MockEngineFactory.newReadWriteEngine(MockEngineFactory.java:36)
	at org.elasticsearch.index.shard.IndexShard.newEngine(IndexShard.java:1310)
	at org.elasticsearch.index.shard.IndexShard.createNewEngine(IndexShard.java:1305)
	at org.elasticsearch.index.shard.IndexShard.internalPerformTranslogRecovery(IndexShard.java:888)
	at org.elasticsearch.index.shard.IndexShard.performTranslogRecovery(IndexShard.java:866)
	at org.elasticsearch.index.shard.StoreRecovery.internalRecoverFromStore(StoreRecovery.java:230)
	... 10 more
Caused by: [test][[test][0]] EngineException[failed to recover from translog]; nested: TranslogCorruptedException[translog corruption while reading from stream]; nested: TranslogCorruptedException[translog stream is corrupted, expected: 0xa94db8f6, got: 0x68c36736];
	at org.elasticsearch.index.engine.InternalEngine.recoverFromTranslog(InternalEngine.java:251)
	at org.elasticsearch.index.engine.InternalEngine.<init>(InternalEngine.java:172)
	... 17 more
Caused by: TranslogCorruptedException[translog corruption while reading from stream]; nested: TranslogCorruptedException[translog stream is corrupted, expected: 0xa94db8f6, got: 0x68c36736];
	at org.elasticsearch.index.translog.Translog.readOperation(Translog.java:1133)
	at org.elasticsearch.index.translog.BaseTranslogReader.read(BaseTranslogReader.java:114)
	at org.elasticsearch.index.translog.TranslogSnapshot.readOperation(TranslogSnapshot.java:70)
	at org.elasticsearch.index.translog.TranslogSnapshot.next(TranslogSnapshot.java:61)
	at org.elasticsearch.index.translog.MultiSnapshot.next(MultiSnapshot.java:53)
	at org.elasticsearch.index.engine.InternalEngine.recoverFromTranslog(InternalEngine.java:237)
	... 18 more
Caused by: TranslogCorruptedException[translog stream is corrupted, expected: 0xa94db8f6, got: 0x68c36736]
	at org.elasticsearch.index.translog.Translog.verifyChecksum(Translog.java:1091)
	at org.elasticsearch.index.translog.Translog.readOperation(Translog.java:1123)
	... 23 more
]]></system-out>
   <system-err><![CDATA[]]></system-err>
</testsuite>