<testsuite errors="0" failures="0" tests="6" skipped="0" name="org.elasticsearch.index.store.CorruptedFileIT" hostname="nohost.nodomain" time="2.541" timestamp="2016-03-29T17:31:09">
   <properties class="java.util.ArrayList">
      <property name="awt.toolkit" value="sun.lwawt.macosx.LWCToolkit"/>
      <property name="es.logger.level" value="WARN"/>
      <property name="file.encoding" value="UTF-8"/>
      <property name="file.encoding.pkg" value="sun.io"/>
      <property name="file.separator" value="/"/>
      <property name="ftp.nonProxyHosts" value="local|*.local|169.254/16|*.169.254/16"/>
      <property name="gopherProxySet" value="false"/>
      <property name="http.nonProxyHosts" value="local|*.local|169.254/16|*.169.254/16"/>
      <property name="java.awt.graphicsenv" value="sun.awt.CGraphicsEnvironment"/>
      <property name="java.awt.headless" value="true"/>
      <property name="java.awt.printerjob" value="sun.lwawt.macosx.CPrinterJob"/>
      <property name="java.class.path" value="/Users/ogbonnayacngwu/CSE2410_spring2016_projectileDysfunction/core/build/classes/test:/Users/ogbonnayacngwu/CSE2410_spring2016_projectileDysfunction/core/build/resources/test:/Users/ogbonnayacngwu/CSE2410_spring2016_projectileDysfunction/core/build/classes/main:/Users/ogbonnayacngwu/CSE2410_spring2016_projectileDysfunction/core/build/resources/main:/Users/ogbonnayacngwu/.gradle/caches/modules-2/files-2.1/org.apache.lucene/lucene-core/5.5.0-snapshot-1721183/f6854c65c7f4c6d9de583f4daa4fd3ae8a3800f1/lucene-core-5.5.0-snapshot-1721183.jar:/Users/ogbonnayacngwu/.gradle/caches/modules-2/files-2.1/org.apache.lucene/lucene-analyzers-common/5.5.0-snapshot-1721183/69e187ef1d2d9c9570363eb4186821e0341df5b8/lucene-analyzers-common-5.5.0-snapshot-1721183.jar:/Users/ogbonnayacngwu/.gradle/caches/modules-2/files-2.1/org.apache.lucene/lucene-backward-codecs/5.5.0-snapshot-1721183/fa00a45ff9bc6a4df44db81f2e4e44ea94bf88e/lucene-backward-codecs-5.5.0-snapshot-1721183.jar:/Users/ogbonnayacngwu/.gradle/caches/modules-2/files-2.1/org.apache.lucene/lucene-grouping/5.5.0-snapshot-1721183/e996e6c723eb415ba2cfa7f5e98bbf194a4918dd/lucene-grouping-5.5.0-snapshot-1721183.jar:/Users/ogbonnayacngwu/.gradle/caches/modules-2/files-2.1/org.apache.lucene/lucene-highlighter/5.5.0-snapshot-1721183/3b7a5d97b10885f16eb53deb15d64c942b9f9fdb/lucene-highlighter-5.5.0-snapshot-1721183.jar:/Users/ogbonnayacngwu/.gradle/caches/modules-2/files-2.1/org.apache.lucene/lucene-join/5.5.0-snapshot-1721183/e4dda3eeb76e340aa4713a3b20d68c4a1504e505/lucene-join-5.5.0-snapshot-1721183.jar:/Users/ogbonnayacngwu/.gradle/caches/modules-2/files-2.1/org.apache.lucene/lucene-memory/5.5.0-snapshot-1721183/800442a5d7612ce4c8748831871b4d436a50554e/lucene-memory-5.5.0-snapshot-1721183.jar:/Users/ogbonnayacngwu/.gradle/caches/modules-2/files-2.1/org.apache.lucene/lucene-misc/5.5.0-snapshot-1721183/bdf184de9b5773c7af3ae908af78eeb1e512470c/lucene-misc-5.5.0-snapshot-1721183.jar:/Users/ogbonnayacngwu/.gradle/caches/modules-2/files-2.1/org.apache.lucene/lucene-queries/5.5.0-snapshot-1721183/fc59de52bd2c7e420edfd235723cb8b0dd44e92d/lucene-queries-5.5.0-snapshot-1721183.jar:/Users/ogbonnayacngwu/.gradle/caches/modules-2/files-2.1/org.apache.lucene/lucene-queryparser/5.5.0-snapshot-1721183/1d341e6a4f11f3170773ccffdbe6815b45967e3d/lucene-queryparser-5.5.0-snapshot-1721183.jar:/Users/ogbonnayacngwu/.gradle/caches/modules-2/files-2.1/org.apache.lucene/lucene-sandbox/5.5.0-snapshot-1721183/a1b02c2b595ac92f45f0d2be03841a3a7fcae1f1/lucene-sandbox-5.5.0-snapshot-1721183.jar:/Users/ogbonnayacngwu/.gradle/caches/modules-2/files-2.1/org.apache.lucene/lucene-spatial/5.5.0-snapshot-1721183/e3ea422b56734329fb6974e9cf9f66478adb5793/lucene-spatial-5.5.0-snapshot-1721183.jar:/Users/ogbonnayacngwu/.gradle/caches/modules-2/files-2.1/org.apache.lucene/lucene-spatial3d/5.5.0-snapshot-1721183/5eadbd4e63120b59ab6445e39489205f98420471/lucene-spatial3d-5.5.0-snapshot-1721183.jar:/Users/ogbonnayacngwu/.gradle/caches/modules-2/files-2.1/org.apache.lucene/lucene-suggest/5.5.0-snapshot-1721183/a336287e65d082535f02a8427666dbe46b1b9b74/lucene-suggest-5.5.0-snapshot-1721183.jar:/Users/ogbonnayacngwu/.gradle/caches/modules-2/files-2.1/org.elasticsearch/securesm/1.0/c0c6cf986ba0057390bfcc80c366a0e3157f944b/securesm-1.0.jar:/Users/ogbonnayacngwu/.gradle/caches/modules-2/files-2.1/commons-cli/commons-cli/1.3.1/1303efbc4b181e5a58bf2e967dc156a3132b97c0/commons-cli-1.3.1.jar:/Users/ogbonnayacngwu/.gradle/caches/modules-2/files-2.1/com.carrotsearch/hppc/0.7.1/8b5057f74ea378c0150a1860874a3ebdcb713767/hppc-0.7.1.jar:/Users/ogbonnayacngwu/.gradle/caches/modules-2/files-2.1/joda-time/joda-time/2.8.2/d27c24204c5e507b16fec01006b3d0f1ec42aed4/joda-time-2.8.2.jar:/Users/ogbonnayacngwu/.gradle/caches/modules-2/files-2.1/org.joda/joda-convert/1.2/35ec554f0cd00c956cc69051514d9488b1374dec/joda-convert-1.2.jar:/Users/ogbonnayacngwu/.gradle/caches/modules-2/files-2.1/com.fasterxml.jackson.core/jackson-core/2.6.2/123f29333b2c6b3516b14252b6e93226bfcd6e37/jackson-core-2.6.2.jar:/Users/ogbonnayacngwu/.gradle/caches/modules-2/files-2.1/com.fasterxml.jackson.dataformat/jackson-dataformat-smile/2.6.2/395d18c1a1dd730b8026ee59c4067e5d2b45ba6e/jackson-dataformat-smile-2.6.2.jar:/Users/ogbonnayacngwu/.gradle/caches/modules-2/files-2.1/com.fasterxml.jackson.dataformat/jackson-dataformat-yaml/2.6.2/4ae23088dd3fae47c66843f2e4251d7255ee140e/jackson-dataformat-yaml-2.6.2.jar:/Users/ogbonnayacngwu/.gradle/caches/modules-2/files-2.1/com.fasterxml.jackson.dataformat/jackson-dataformat-cbor/2.6.2/1e13c575f914c83761bb8e2aca7dfd9e4c647579/jackson-dataformat-cbor-2.6.2.jar:/Users/ogbonnayacngwu/.gradle/caches/modules-2/files-2.1/io.netty/netty/3.10.5.Final/9ca7d55d246092bddd29b867706e2f6c7db701a0/netty-3.10.5.Final.jar:/Users/ogbonnayacngwu/.gradle/caches/modules-2/files-2.1/com.tdunning/t-digest/3.0/84ccf145ac2215e6bfa63baa3101c0af41017cfc/t-digest-3.0.jar:/Users/ogbonnayacngwu/.gradle/caches/modules-2/files-2.1/org.hdrhistogram/HdrHistogram/2.1.6/7495feb7f71ee124bd2a7e7d83590e296d71d80e/HdrHistogram-2.1.6.jar:/Users/ogbonnayacngwu/.gradle/caches/modules-2/files-2.1/com.spatial4j/spatial4j/0.5/6e16edaf6b1ba76db7f08c2f3723fce3b358ecc3/spatial4j-0.5.jar:/Users/ogbonnayacngwu/.gradle/caches/modules-2/files-2.1/com.vividsolutions/jts/1.13/3ccfb9b60f04d71add996a666ceb8902904fd805/jts-1.13.jar:/Users/ogbonnayacngwu/.gradle/caches/modules-2/files-2.1/log4j/log4j/1.2.17/5af35056b4d257e4b64b9e8069c0746e8b08629f/log4j-1.2.17.jar:/Users/ogbonnayacngwu/.gradle/caches/modules-2/files-2.1/log4j/apache-log4j-extras/1.2.17/85863614d82185d7e51fe21c00aa9117a523a8b6/apache-log4j-extras-1.2.17.jar:/Users/ogbonnayacngwu/.gradle/caches/modules-2/files-2.1/org.slf4j/slf4j-api/1.6.2/8619e95939167fb37245b5670135e4feb0ec7d50/slf4j-api-1.6.2.jar:/Users/ogbonnayacngwu/.gradle/caches/modules-2/files-2.1/net.java.dev.jna/jna/4.1.0/1c12d070e602efd8021891cdd7fd18bc129372d4/jna-4.1.0.jar:/Users/ogbonnayacngwu/CSE2410_spring2016_projectileDysfunction/test/framework/build/libs/framework-3.0.0-SNAPSHOT.jar:/Users/ogbonnayacngwu/.gradle/caches/modules-2/files-2.1/com.carrotsearch.randomizedtesting/randomizedtesting-runner/2.3.2/307965917fe8a22b7ee72deba39ef4b8e6ebc069/randomizedtesting-runner-2.3.2.jar:/Users/ogbonnayacngwu/.gradle/caches/modules-2/files-2.1/junit/junit/4.11/4e031bb61df09069aeb2bffb4019e7a5034a4ee0/junit-4.11.jar:/Users/ogbonnayacngwu/.gradle/caches/modules-2/files-2.1/org.hamcrest/hamcrest-all/1.3/63a21ebc981131004ad02e0434e799fd7f3a8d5a/hamcrest-all-1.3.jar:/Users/ogbonnayacngwu/.gradle/caches/modules-2/files-2.1/org.apache.lucene/lucene-test-framework/5.5.0-snapshot-1721183/a8d851d0ad82182b3a02f4b30c336e7aa0e173cb/lucene-test-framework-5.5.0-snapshot-1721183.jar:/Users/ogbonnayacngwu/.gradle/caches/modules-2/files-2.1/org.apache.lucene/lucene-codecs/5.5.0-snapshot-1721183/8aa59442b028c7a2c1a516accb6142a8910ba5fc/lucene-codecs-5.5.0-snapshot-1721183.jar:/Users/ogbonnayacngwu/.gradle/caches/modules-2/files-2.1/org.apache.httpcomponents/httpclient/4.3.6/4c47155e3e6c9a41a28db36680b828ced53b8af4/httpclient-4.3.6.jar:/Users/ogbonnayacngwu/.gradle/caches/modules-2/files-2.1/org.apache.httpcomponents/httpcore/4.3.3/f91b7a4aadc5cf486df6e4634748d7dd7a73f06d/httpcore-4.3.3.jar:/Users/ogbonnayacngwu/.gradle/caches/modules-2/files-2.1/commons-logging/commons-logging/1.1.3/f6f66e966c70a83ffbdb6f17a0919eaf7c8aca7f/commons-logging-1.1.3.jar:/Users/ogbonnayacngwu/.gradle/caches/modules-2/files-2.1/commons-codec/commons-codec/1.10/4b95f4897fa13f2cd904aee711aeafc0c5295cd8/commons-codec-1.10.jar:/Users/ogbonnayacngwu/.gradle/caches/modules-2/files-2.1/org.elasticsearch/securemock/1.2/98201d4ad5ac93f6b415ae9172d52b5e7cda490e/securemock-1.2.jar:/Users/ogbonnayacngwu/.gradle/caches/modules-2/files-2.1/com.carrotsearch.randomizedtesting/junit4-ant/2.3.2/dc8f03f6111974092491f35b8269eb0fc57f52f7/junit4-ant-2.3.2.jar"/>
      <property name="java.class.version" value="52.0"/>
      <property name="java.endorsed.dirs" value="/Library/Java/JavaVirtualMachines/jdk1.8.0_11.jdk/Contents/Home/jre/lib/endorsed"/>
      <property name="java.ext.dirs" value="/Users/ogbonnayacngwu/Library/Java/Extensions:/Library/Java/JavaVirtualMachines/jdk1.8.0_11.jdk/Contents/Home/jre/lib/ext:/Library/Java/Extensions:/Network/Library/Java/Extensions:/System/Library/Java/Extensions:/usr/lib/java"/>
      <property name="java.home" value="/Library/Java/JavaVirtualMachines/jdk1.8.0_11.jdk/Contents/Home/jre"/>
      <property name="java.io.tmpdir" value="./temp"/>
      <property name="java.library.path" value="/Users/ogbonnayacngwu/Library/Java/Extensions:/Library/Java/Extensions:/Network/Library/Java/Extensions:/System/Library/Java/Extensions:/usr/lib/java:."/>
      <property name="java.runtime.name" value="Java(TM) SE Runtime Environment"/>
      <property name="java.runtime.version" value="1.8.0_11-b12"/>
      <property name="java.specification.name" value="Java Platform API Specification"/>
      <property name="java.specification.vendor" value="Oracle Corporation"/>
      <property name="java.specification.version" value="1.8"/>
      <property name="java.vendor" value="Oracle Corporation"/>
      <property name="java.vendor.url" value="http://java.oracle.com/"/>
      <property name="java.vendor.url.bug" value="http://bugreport.sun.com/bugreport/"/>
      <property name="java.version" value="1.8.0_11"/>
      <property name="java.vm.info" value="mixed mode"/>
      <property name="java.vm.name" value="Java HotSpot(TM) 64-Bit Server VM"/>
      <property name="java.vm.specification.name" value="Java Virtual Machine Specification"/>
      <property name="java.vm.specification.vendor" value="Oracle Corporation"/>
      <property name="java.vm.specification.version" value="1.8"/>
      <property name="java.vm.vendor" value="Oracle Corporation"/>
      <property name="java.vm.version" value="25.11-b03"/>
      <property name="junit4.childvm.count" value="4"/>
      <property name="junit4.childvm.cwd" value="/Users/ogbonnayacngwu/CSE2410_spring2016_projectileDysfunction/core/build/testrun/integTest/J2"/>
      <property name="junit4.childvm.id" value="2"/>
      <property name="junit4.memory.total" value="514850816"/>
      <property name="junit4.pidString" value="27394@host37-246.aruba.fit.edu"/>
      <property name="junit4.processors" value="8"/>
      <property name="line.separator" value="
"/>
      <property name="os.arch" value="x86_64"/>
      <property name="os.name" value="Mac OS X"/>
      <property name="os.version" value="10.11.4"/>
      <property name="path.separator" value=":"/>
      <property name="socksNonProxyHosts" value="local|*.local|169.254/16|*.169.254/16"/>
      <property name="sun.arch.data.model" value="64"/>
      <property name="sun.boot.class.path" value="/Library/Java/JavaVirtualMachines/jdk1.8.0_11.jdk/Contents/Home/jre/lib/resources.jar:/Library/Java/JavaVirtualMachines/jdk1.8.0_11.jdk/Contents/Home/jre/lib/rt.jar:/Library/Java/JavaVirtualMachines/jdk1.8.0_11.jdk/Contents/Home/jre/lib/sunrsasign.jar:/Library/Java/JavaVirtualMachines/jdk1.8.0_11.jdk/Contents/Home/jre/lib/jsse.jar:/Library/Java/JavaVirtualMachines/jdk1.8.0_11.jdk/Contents/Home/jre/lib/jce.jar:/Library/Java/JavaVirtualMachines/jdk1.8.0_11.jdk/Contents/Home/jre/lib/charsets.jar:/Library/Java/JavaVirtualMachines/jdk1.8.0_11.jdk/Contents/Home/jre/lib/jfr.jar:/Library/Java/JavaVirtualMachines/jdk1.8.0_11.jdk/Contents/Home/jre/classes"/>
      <property name="sun.boot.library.path" value="/Library/Java/JavaVirtualMachines/jdk1.8.0_11.jdk/Contents/Home/jre/lib"/>
      <property name="sun.cpu.endian" value="little"/>
      <property name="sun.cpu.isalist" value=""/>
      <property name="sun.io.unicode.encoding" value="UnicodeBig"/>
      <property name="sun.java.command" value="com.carrotsearch.ant.tasks.junit4.slave.SlaveMainSafe -eventsfile /Users/ogbonnayacngwu/CSE2410_spring2016_projectileDysfunction/core/build/testrun/integTest/temp/junit4-J2-20160329_172724_554.events @/Users/ogbonnayacngwu/CSE2410_spring2016_projectileDysfunction/core/build/testrun/integTest/temp/junit4-J2-20160329_172724_554.suites -stdin"/>
      <property name="sun.java.launcher" value="SUN_STANDARD"/>
      <property name="sun.jnu.encoding" value="UTF-8"/>
      <property name="sun.management.compiler" value="HotSpot 64-Bit Tiered Compilers"/>
      <property name="sun.os.patch.level" value="unknown"/>
      <property name="tests.artifact" value="core"/>
      <property name="tests.ifNoTests" value="fail"/>
      <property name="tests.maven" value="true"/>
      <property name="tests.prefix" value="tests"/>
      <property name="tests.security.manager" value="true"/>
      <property name="tests.seed" value="4AA6DECDBC490785"/>
      <property name="tests.task" value=":core:integTest"/>
      <property name="user.country" value="US"/>
      <property name="user.dir" value="/Users/ogbonnayacngwu/CSE2410_spring2016_projectileDysfunction/core/build/testrun/integTest/J2"/>
      <property name="user.home" value="/Users/ogbonnayacngwu"/>
      <property name="user.language" value="en"/>
      <property name="user.name" value="ogbonnayacngwu"/>
      <property name="user.timezone" value="America/New_York"/>
   </properties>
   <testcase classname="org.elasticsearch.index.store.CorruptedFileIT" name="testCorruptFileAndRecover" time="0.522"/>
   <testcase classname="org.elasticsearch.index.store.CorruptedFileIT" name="testCorruptionOnNetworkLayerFinalizingRecovery" time="0.185"/>
   <testcase classname="org.elasticsearch.index.store.CorruptedFileIT" name="testCorruptionOnNetworkLayer" time="0.546"/>
   <testcase classname="org.elasticsearch.index.store.CorruptedFileIT" name="testCorruptPrimaryNoReplica" time="0.203"/>
   <testcase classname="org.elasticsearch.index.store.CorruptedFileIT" name="testCorruptFileThenSnapshotAndRestore" time="0.127"/>
   <testcase classname="org.elasticsearch.index.store.CorruptedFileIT" name="testReplicaCorruption" time="0.937"/>
   <system-out><![CDATA[[2016-03-29 17:31:09,969][WARN ][org.elasticsearch.index  ] [node_s0] [test] [index.merge.enabled] is set to false, this should only be used in tests and can cause serious problems in production environments
[2016-03-29 17:31:09,971][WARN ][org.elasticsearch.index  ] [node_s0] [test] [index.merge.enabled] is set to false, this should only be used in tests and can cause serious problems in production environments
[2016-03-29 17:31:09,971][WARN ][org.elasticsearch.index  ] [node_s1] [test] [index.merge.enabled] is set to false, this should only be used in tests and can cause serious problems in production environments
[2016-03-29 17:31:09,972][WARN ][org.elasticsearch.index  ] [node_s2] [test] [index.merge.enabled] is set to false, this should only be used in tests and can cause serious problems in production environments
[2016-03-29 17:31:09,974][WARN ][org.elasticsearch.index  ] [node_s1] [test] [index.merge.enabled] is set to false, this should only be used in tests and can cause serious problems in production environments
[2016-03-29 17:31:09,976][WARN ][org.elasticsearch.index  ] [node_s1] [test] [index.merge.enabled] is set to false, this should only be used in tests and can cause serious problems in production environments
[2016-03-29 17:31:09,978][WARN ][org.elasticsearch.index  ] [node_s0] [test] [index.merge.enabled] is set to false, this should only be used in tests and can cause serious problems in production environments
[2016-03-29 17:31:09,982][WARN ][org.elasticsearch.index  ] [node_s2] [test] [index.merge.enabled] is set to false, this should only be used in tests and can cause serious problems in production environments
[2016-03-29 17:31:09,984][WARN ][org.elasticsearch.index  ] [node_s1] [test] [index.merge.enabled] is set to false, this should only be used in tests and can cause serious problems in production environments
[2016-03-29 17:31:09,984][WARN ][org.elasticsearch.index  ] [node_s2] [test] [index.merge.enabled] is set to false, this should only be used in tests and can cause serious problems in production environments
[2016-03-29 17:31:09,987][WARN ][org.elasticsearch.index  ] [node_s2] [test] [index.merge.enabled] is set to false, this should only be used in tests and can cause serious problems in production environments
[2016-03-29 17:31:09,989][WARN ][org.elasticsearch.index  ] [node_s0] [test] [index.merge.enabled] is set to false, this should only be used in tests and can cause serious problems in production environments
[2016-03-29 17:31:09,999][WARN ][org.elasticsearch.index  ] [node_s2] [test] [index.merge.enabled] is set to false, this should only be used in tests and can cause serious problems in production environments
[2016-03-29 17:31:10,000][WARN ][org.elasticsearch.index  ] [node_s1] [test] [index.merge.enabled] is set to false, this should only be used in tests and can cause serious problems in production environments
[2016-03-29 17:31:10,002][WARN ][org.elasticsearch.index  ] [node_s0] [test] [index.merge.enabled] is set to false, this should only be used in tests and can cause serious problems in production environments
[2016-03-29 17:31:10,006][WARN ][org.elasticsearch.index  ] [node_s2] [test] [index.merge.enabled] is set to false, this should only be used in tests and can cause serious problems in production environments
[2016-03-29 17:31:10,006][WARN ][org.elasticsearch.index  ] [node_s1] [test] [index.merge.enabled] is set to false, this should only be used in tests and can cause serious problems in production environments
[2016-03-29 17:31:10,007][WARN ][org.elasticsearch.index  ] [node_s0] [test] [index.merge.enabled] is set to false, this should only be used in tests and can cause serious problems in production environments
[2016-03-29 17:31:10,024][WARN ][org.elasticsearch.index  ] [node_s0] [test] [index.merge.enabled] is set to false, this should only be used in tests and can cause serious problems in production environments
[2016-03-29 17:31:10,119][WARN ][org.elasticsearch.index  ] [node_s2] [test] [index.merge.enabled] is set to false, this should only be used in tests and can cause serious problems in production environments
[2016-03-29 17:31:10,119][WARN ][org.elasticsearch.index  ] [node_s1] [test] [index.merge.enabled] is set to false, this should only be used in tests and can cause serious problems in production environments
[2016-03-29 17:31:10,121][WARN ][org.elasticsearch.index  ] [node_s0] [test] [index.merge.enabled] is set to false, this should only be used in tests and can cause serious problems in production environments
[2016-03-29 17:31:10,124][WARN ][org.elasticsearch.index  ] [node_s0] [test] [index.merge.enabled] is set to false, this should only be used in tests and can cause serious problems in production environments
[2016-03-29 17:31:10,126][WARN ][org.elasticsearch.index  ] [node_s2] [test] [index.merge.enabled] is set to false, this should only be used in tests and can cause serious problems in production environments
[2016-03-29 17:31:10,126][WARN ][org.elasticsearch.index  ] [node_s1] [test] [index.merge.enabled] is set to false, this should only be used in tests and can cause serious problems in production environments
[2016-03-29 17:31:10,128][WARN ][org.elasticsearch.index  ] [node_s0] [test] [index.merge.enabled] is set to false, this should only be used in tests and can cause serious problems in production environments
[2016-03-29 17:31:10,131][WARN ][org.elasticsearch.index  ] [node_s1] [test] [index.merge.enabled] is set to false, this should only be used in tests and can cause serious problems in production environments
[2016-03-29 17:31:10,131][WARN ][org.elasticsearch.index  ] [node_s2] [test] [index.merge.enabled] is set to false, this should only be used in tests and can cause serious problems in production environments
[2016-03-29 17:31:10,132][WARN ][org.elasticsearch.index  ] [node_s0] [test] [index.merge.enabled] is set to false, this should only be used in tests and can cause serious problems in production environments
[2016-03-29 17:31:10,134][WARN ][org.elasticsearch.index  ] [node_s0] [test] [index.merge.enabled] is set to false, this should only be used in tests and can cause serious problems in production environments
[2016-03-29 17:31:10,136][WARN ][org.elasticsearch.index  ] [node_s0] [test] [index.merge.enabled] is set to false, this should only be used in tests and can cause serious problems in production environments
[2016-03-29 17:31:10,141][WARN ][org.elasticsearch.indices.recovery] [node_s1] 0 Corrupted file detected name [_0.cfe], length [433], checksum [1i4sifl], writtenBy [5.5.0] checksum mismatch
[2016-03-29 17:31:10,141][WARN ][org.elasticsearch.index.engine] [node_s1] [test][0] failed engine [recovery]
org.apache.lucene.index.CorruptIndexException: checksum failed (hardware problem?) : expected=1i4sifl actual=qvgktr (resource=name [_0.cfe], length [433], checksum [1i4sifl], writtenBy [5.5.0]) (resource=VerifyingIndexOutput(_0.cfe))
	at org.elasticsearch.index.store.Store$LuceneVerifyingIndexOutput.readAndCompareChecksum(Store.java:1350)
	at org.elasticsearch.index.store.Store$LuceneVerifyingIndexOutput.writeByte(Store.java:1329)
	at org.elasticsearch.index.store.Store$LuceneVerifyingIndexOutput.writeBytes(Store.java:1358)
	at org.elasticsearch.indices.recovery.RecoveryTarget$FileChunkTransportRequestHandler.messageReceived(RecoveryTarget.java:468)
	at org.elasticsearch.indices.recovery.RecoveryTarget$FileChunkTransportRequestHandler.messageReceived(RecoveryTarget.java:432)
	at org.elasticsearch.transport.TransportRequestHandler.messageReceived(TransportRequestHandler.java:33)
	at org.elasticsearch.transport.RequestHandlerRegistry.processMessageReceived(RequestHandlerRegistry.java:65)
	at org.elasticsearch.transport.local.LocalTransport$2.doRun(LocalTransport.java:296)
	at org.elasticsearch.common.util.concurrent.AbstractRunnable.run(AbstractRunnable.java:37)
	at java.util.concurrent.ThreadPoolExecutor.runWorker(ThreadPoolExecutor.java:1142)
	at java.util.concurrent.ThreadPoolExecutor$Worker.run(ThreadPoolExecutor.java:617)
	at java.lang.Thread.run(Thread.java:745)
[2016-03-29 17:31:10,143][WARN ][org.elasticsearch.indices.cluster] [node_s1] [[test][0]] marking and sending shard failed due to [shard failure, reason [recovery]]
org.apache.lucene.index.CorruptIndexException: checksum failed (hardware problem?) : expected=1i4sifl actual=qvgktr (resource=name [_0.cfe], length [433], checksum [1i4sifl], writtenBy [5.5.0]) (resource=VerifyingIndexOutput(_0.cfe))
	at org.elasticsearch.index.store.Store$LuceneVerifyingIndexOutput.readAndCompareChecksum(Store.java:1350)
	at org.elasticsearch.index.store.Store$LuceneVerifyingIndexOutput.writeByte(Store.java:1329)
	at org.elasticsearch.index.store.Store$LuceneVerifyingIndexOutput.writeBytes(Store.java:1358)
	at org.elasticsearch.indices.recovery.RecoveryTarget$FileChunkTransportRequestHandler.messageReceived(RecoveryTarget.java:468)
	at org.elasticsearch.indices.recovery.RecoveryTarget$FileChunkTransportRequestHandler.messageReceived(RecoveryTarget.java:432)
	at org.elasticsearch.transport.TransportRequestHandler.messageReceived(TransportRequestHandler.java:33)
	at org.elasticsearch.transport.RequestHandlerRegistry.processMessageReceived(RequestHandlerRegistry.java:65)
	at org.elasticsearch.transport.local.LocalTransport$2.doRun(LocalTransport.java:296)
	at org.elasticsearch.common.util.concurrent.AbstractRunnable.run(AbstractRunnable.java:37)
	at java.util.concurrent.ThreadPoolExecutor.runWorker(ThreadPoolExecutor.java:1142)
	at java.util.concurrent.ThreadPoolExecutor$Worker.run(ThreadPoolExecutor.java:617)
	at java.lang.Thread.run(Thread.java:745)
[2016-03-29 17:31:10,144][WARN ][org.elasticsearch.indices.cluster] [node_s0] [[test][0]] marking and sending shard failed due to [failed recovery]
RecoveryFailedException[[test][0]: Recovery failed from {node_s1}{9dID2SsXQv6g1teXJNcaxw}{local}{local[319]}[mode=>local] into {node_s0}{uyrfWYLXSXWJDIMCcb-zyw}{local}{local[318]}[mode=>local]]; nested: RemoteTransportException[[node_s0][local[318]][internal:index/shard/recovery/start_recovery]]; nested: RecoveryEngineException[Phase[1] phase1 failed]; nested: RecoverFilesRecoveryException[Failed to transfer [4] files with total size of [9.1kb]]; nested: CorruptIndexException[checksum failed (hardware problem?) : expected=1i4sifl actual=qvgktr (resource=name [_0.cfe], length [433], checksum [1i4sifl], writtenBy [5.5.0]) (resource=VerifyingIndexOutput(_0.cfe))];
	at org.elasticsearch.indices.recovery.RecoveryTarget.doRecovery(RecoveryTarget.java:271)
	at org.elasticsearch.indices.recovery.RecoveryTarget.access$1100(RecoveryTarget.java:79)
	at org.elasticsearch.indices.recovery.RecoveryTarget$RecoveryRunner.doRun(RecoveryTarget.java:521)
	at org.elasticsearch.common.util.concurrent.AbstractRunnable.run(AbstractRunnable.java:37)
	at java.util.concurrent.ThreadPoolExecutor.runWorker(ThreadPoolExecutor.java:1142)
	at java.util.concurrent.ThreadPoolExecutor$Worker.run(ThreadPoolExecutor.java:617)
	at java.lang.Thread.run(Thread.java:745)
Caused by: RemoteTransportException[[node_s0][local[318]][internal:index/shard/recovery/start_recovery]]; nested: RecoveryEngineException[Phase[1] phase1 failed]; nested: RecoverFilesRecoveryException[Failed to transfer [4] files with total size of [9.1kb]]; nested: CorruptIndexException[checksum failed (hardware problem?) : expected=1i4sifl actual=qvgktr (resource=name [_0.cfe], length [433], checksum [1i4sifl], writtenBy [5.5.0]) (resource=VerifyingIndexOutput(_0.cfe))];
Caused by: [test][[test][0]] RecoveryEngineException[Phase[1] phase1 failed]; nested: RecoverFilesRecoveryException[Failed to transfer [4] files with total size of [9.1kb]]; nested: CorruptIndexException[checksum failed (hardware problem?) : expected=1i4sifl actual=qvgktr (resource=name [_0.cfe], length [433], checksum [1i4sifl], writtenBy [5.5.0]) (resource=VerifyingIndexOutput(_0.cfe))];
	at org.elasticsearch.indices.recovery.RecoverySourceHandler.recoverToTarget(RecoverySourceHandler.java:137)
	at org.elasticsearch.indices.recovery.RecoverySource.recover(RecoverySource.java:123)
	at org.elasticsearch.indices.recovery.RecoverySource.access$100(RecoverySource.java:52)
	at org.elasticsearch.indices.recovery.RecoverySource$StartRecoveryTransportRequestHandler.messageReceived(RecoverySource.java:132)
	at org.elasticsearch.indices.recovery.RecoverySource$StartRecoveryTransportRequestHandler.messageReceived(RecoverySource.java:129)
	at org.elasticsearch.transport.TransportRequestHandler.messageReceived(TransportRequestHandler.java:33)
	at org.elasticsearch.transport.RequestHandlerRegistry.processMessageReceived(RequestHandlerRegistry.java:65)
	at org.elasticsearch.transport.local.LocalTransport$2.doRun(LocalTransport.java:296)
	at org.elasticsearch.common.util.concurrent.AbstractRunnable.run(AbstractRunnable.java:37)
	at java.util.concurrent.ThreadPoolExecutor.runWorker(ThreadPoolExecutor.java:1142)
	at java.util.concurrent.ThreadPoolExecutor$Worker.run(ThreadPoolExecutor.java:617)
	at java.lang.Thread.run(Thread.java:745)
Caused by: [test][[test][0]] RecoverFilesRecoveryException[Failed to transfer [4] files with total size of [9.1kb]]; nested: CorruptIndexException[checksum failed (hardware problem?) : expected=1i4sifl actual=qvgktr (resource=name [_0.cfe], length [433], checksum [1i4sifl], writtenBy [5.5.0]) (resource=VerifyingIndexOutput(_0.cfe))];
	at org.elasticsearch.indices.recovery.RecoverySourceHandler.phase1(RecoverySourceHandler.java:316)
	at org.elasticsearch.indices.recovery.RecoverySourceHandler.recoverToTarget(RecoverySourceHandler.java:135)
	... 11 more
Caused by: org.apache.lucene.index.CorruptIndexException: checksum failed (hardware problem?) : expected=1i4sifl actual=qvgktr (resource=name [_0.cfe], length [433], checksum [1i4sifl], writtenBy [5.5.0]) (resource=VerifyingIndexOutput(_0.cfe))
	at org.elasticsearch.index.store.Store$LuceneVerifyingIndexOutput.readAndCompareChecksum(Store.java:1350)
	at org.elasticsearch.index.store.Store$LuceneVerifyingIndexOutput.writeByte(Store.java:1329)
	at org.elasticsearch.index.store.Store$LuceneVerifyingIndexOutput.writeBytes(Store.java:1358)
	at org.elasticsearch.indices.recovery.RecoveryTarget$FileChunkTransportRequestHandler.messageReceived(RecoveryTarget.java:468)
	at org.elasticsearch.indices.recovery.RecoveryTarget$FileChunkTransportRequestHandler.messageReceived(RecoveryTarget.java:432)
	... 7 more
[2016-03-29 17:31:10,144][WARN ][org.elasticsearch.cluster.action.shard] [node_s0] [test][0] received shard failed for [test][0], node[9dID2SsXQv6g1teXJNcaxw], [P], v[4], s[STARTED], a[id=qeZsmgzgRbWBvfyQzvIjbg], indexUUID [YzYCarG6TzqWV25O20vuwA], message [shard failure, reason [recovery]], failure [CorruptIndexException[checksum failed (hardware problem?) : expected=1i4sifl actual=qvgktr (resource=name [_0.cfe], length [433], checksum [1i4sifl], writtenBy [5.5.0]) (resource=VerifyingIndexOutput(_0.cfe))]]
org.apache.lucene.index.CorruptIndexException: checksum failed (hardware problem?) : expected=1i4sifl actual=qvgktr (resource=name [_0.cfe], length [433], checksum [1i4sifl], writtenBy [5.5.0]) (resource=VerifyingIndexOutput(_0.cfe))
	at org.elasticsearch.index.store.Store$LuceneVerifyingIndexOutput.readAndCompareChecksum(Store.java:1350)
	at org.elasticsearch.index.store.Store$LuceneVerifyingIndexOutput.writeByte(Store.java:1329)
	at org.elasticsearch.index.store.Store$LuceneVerifyingIndexOutput.writeBytes(Store.java:1358)
	at org.elasticsearch.indices.recovery.RecoveryTarget$FileChunkTransportRequestHandler.messageReceived(RecoveryTarget.java:468)
	at org.elasticsearch.indices.recovery.RecoveryTarget$FileChunkTransportRequestHandler.messageReceived(RecoveryTarget.java:432)
	at org.elasticsearch.transport.TransportRequestHandler.messageReceived(TransportRequestHandler.java:33)
	at org.elasticsearch.transport.RequestHandlerRegistry.processMessageReceived(RequestHandlerRegistry.java:65)
	at org.elasticsearch.transport.local.LocalTransport$2.doRun(LocalTransport.java:296)
	at org.elasticsearch.common.util.concurrent.AbstractRunnable.run(AbstractRunnable.java:37)
	at java.util.concurrent.ThreadPoolExecutor.runWorker(ThreadPoolExecutor.java:1142)
	at java.util.concurrent.ThreadPoolExecutor$Worker.run(ThreadPoolExecutor.java:617)
	at java.lang.Thread.run(Thread.java:745)
[2016-03-29 17:31:10,145][WARN ][org.elasticsearch.cluster.action.shard] [node_s0] [test][0] received shard failed for [test][0], node[uyrfWYLXSXWJDIMCcb-zyw], [R], v[4], s[INITIALIZING], a[id=5jc_n_i7RoKXa5U6zxtMGQ], unassigned_info[[reason=REPLICA_ADDED], at[2016-03-29T21:31:10.123Z]], indexUUID [YzYCarG6TzqWV25O20vuwA], message [failed recovery], failure [RecoveryFailedException[[test][0]: Recovery failed from {node_s1}{9dID2SsXQv6g1teXJNcaxw}{local}{local[319]}[mode=>local] into {node_s0}{uyrfWYLXSXWJDIMCcb-zyw}{local}{local[318]}[mode=>local]]; nested: RemoteTransportException[[node_s0][local[318]][internal:index/shard/recovery/start_recovery]]; nested: RecoveryEngineException[Phase[1] phase1 failed]; nested: RecoverFilesRecoveryException[Failed to transfer [4] files with total size of [9.1kb]]; nested: CorruptIndexException[checksum failed (hardware problem?) : expected=1i4sifl actual=qvgktr (resource=name [_0.cfe], length [433], checksum [1i4sifl], writtenBy [5.5.0]) (resource=VerifyingIndexOutput(_0.cfe))]; ]
RecoveryFailedException[[test][0]: Recovery failed from {node_s1}{9dID2SsXQv6g1teXJNcaxw}{local}{local[319]}[mode=>local] into {node_s0}{uyrfWYLXSXWJDIMCcb-zyw}{local}{local[318]}[mode=>local]]; nested: RemoteTransportException[[node_s0][local[318]][internal:index/shard/recovery/start_recovery]]; nested: RecoveryEngineException[Phase[1] phase1 failed]; nested: RecoverFilesRecoveryException[Failed to transfer [4] files with total size of [9.1kb]]; nested: CorruptIndexException[checksum failed (hardware problem?) : expected=1i4sifl actual=qvgktr (resource=name [_0.cfe], length [433], checksum [1i4sifl], writtenBy [5.5.0]) (resource=VerifyingIndexOutput(_0.cfe))];
	at org.elasticsearch.indices.recovery.RecoveryTarget.doRecovery(RecoveryTarget.java:271)
	at org.elasticsearch.indices.recovery.RecoveryTarget.access$1100(RecoveryTarget.java:79)
	at org.elasticsearch.indices.recovery.RecoveryTarget$RecoveryRunner.doRun(RecoveryTarget.java:521)
	at org.elasticsearch.common.util.concurrent.AbstractRunnable.run(AbstractRunnable.java:37)
	at java.util.concurrent.ThreadPoolExecutor.runWorker(ThreadPoolExecutor.java:1142)
	at java.util.concurrent.ThreadPoolExecutor$Worker.run(ThreadPoolExecutor.java:617)
	at java.lang.Thread.run(Thread.java:745)
Caused by: RemoteTransportException[[node_s0][local[318]][internal:index/shard/recovery/start_recovery]]; nested: RecoveryEngineException[Phase[1] phase1 failed]; nested: RecoverFilesRecoveryException[Failed to transfer [4] files with total size of [9.1kb]]; nested: CorruptIndexException[checksum failed (hardware problem?) : expected=1i4sifl actual=qvgktr (resource=name [_0.cfe], length [433], checksum [1i4sifl], writtenBy [5.5.0]) (resource=VerifyingIndexOutput(_0.cfe))];
Caused by: [test][[test][0]] RecoveryEngineException[Phase[1] phase1 failed]; nested: RecoverFilesRecoveryException[Failed to transfer [4] files with total size of [9.1kb]]; nested: CorruptIndexException[checksum failed (hardware problem?) : expected=1i4sifl actual=qvgktr (resource=name [_0.cfe], length [433], checksum [1i4sifl], writtenBy [5.5.0]) (resource=VerifyingIndexOutput(_0.cfe))];
	at org.elasticsearch.indices.recovery.RecoverySourceHandler.recoverToTarget(RecoverySourceHandler.java:137)
	at org.elasticsearch.indices.recovery.RecoverySource.recover(RecoverySource.java:123)
	at org.elasticsearch.indices.recovery.RecoverySource.access$100(RecoverySource.java:52)
	at org.elasticsearch.indices.recovery.RecoverySource$StartRecoveryTransportRequestHandler.messageReceived(RecoverySource.java:132)
	at org.elasticsearch.indices.recovery.RecoverySource$StartRecoveryTransportRequestHandler.messageReceived(RecoverySource.java:129)
	at org.elasticsearch.transport.TransportRequestHandler.messageReceived(TransportRequestHandler.java:33)
	at org.elasticsearch.transport.RequestHandlerRegistry.processMessageReceived(RequestHandlerRegistry.java:65)
	at org.elasticsearch.transport.local.LocalTransport$2.doRun(LocalTransport.java:296)
	at org.elasticsearch.common.util.concurrent.AbstractRunnable.run(AbstractRunnable.java:37)
	at java.util.concurrent.ThreadPoolExecutor.runWorker(ThreadPoolExecutor.java:1142)
	at java.util.concurrent.ThreadPoolExecutor$Worker.run(ThreadPoolExecutor.java:617)
	at java.lang.Thread.run(Thread.java:745)
Caused by: [test][[test][0]] RecoverFilesRecoveryException[Failed to transfer [4] files with total size of [9.1kb]]; nested: CorruptIndexException[checksum failed (hardware problem?) : expected=1i4sifl actual=qvgktr (resource=name [_0.cfe], length [433], checksum [1i4sifl], writtenBy [5.5.0]) (resource=VerifyingIndexOutput(_0.cfe))];
	at org.elasticsearch.indices.recovery.RecoverySourceHandler.phase1(RecoverySourceHandler.java:316)
	at org.elasticsearch.indices.recovery.RecoverySourceHandler.recoverToTarget(RecoverySourceHandler.java:135)
	... 11 more
Caused by: org.apache.lucene.index.CorruptIndexException: checksum failed (hardware problem?) : expected=1i4sifl actual=qvgktr (resource=name [_0.cfe], length [433], checksum [1i4sifl], writtenBy [5.5.0]) (resource=VerifyingIndexOutput(_0.cfe))
	at org.elasticsearch.index.store.Store$LuceneVerifyingIndexOutput.readAndCompareChecksum(Store.java:1350)
	at org.elasticsearch.index.store.Store$LuceneVerifyingIndexOutput.writeByte(Store.java:1329)
	at org.elasticsearch.index.store.Store$LuceneVerifyingIndexOutput.writeBytes(Store.java:1358)
	at org.elasticsearch.indices.recovery.RecoveryTarget$FileChunkTransportRequestHandler.messageReceived(RecoveryTarget.java:468)
	at org.elasticsearch.indices.recovery.RecoveryTarget$FileChunkTransportRequestHandler.messageReceived(RecoveryTarget.java:432)
	... 7 more
[2016-03-29 17:31:10,146][WARN ][org.elasticsearch.index  ] [node_s1] [test] [index.merge.enabled] is set to false, this should only be used in tests and can cause serious problems in production environments
[2016-03-29 17:31:10,147][WARN ][org.elasticsearch.gateway] [node_s0] [test][0]: failed to list shard for shard_store on node [9dID2SsXQv6g1teXJNcaxw]
FailedNodeException[Failed node [9dID2SsXQv6g1teXJNcaxw]]; nested: RemoteTransportException[[node_s0][local[318]][internal:cluster/nodes/indices/shard/store[n]]]; nested: ElasticsearchException[Failed to list store metadata for shard [[test][0]]]; nested: CorruptIndexException[failed engine (reason: [recovery]) (resource=preexisting_corruption)]; nested: IOException[failed engine (reason: [recovery])]; nested: CorruptIndexException[checksum failed (hardware problem?) : expected=1i4sifl actual=qvgktr (resource=name [_0.cfe], length [433], checksum [1i4sifl], writtenBy [5.5.0]) (resource=VerifyingIndexOutput(_0.cfe))];
	at org.elasticsearch.action.support.nodes.TransportNodesAction$AsyncAction.onFailure(TransportNodesAction.java:208)
	at org.elasticsearch.action.support.nodes.TransportNodesAction$AsyncAction.access$700(TransportNodesAction.java:109)
	at org.elasticsearch.action.support.nodes.TransportNodesAction$AsyncAction$2.handleException(TransportNodesAction.java:181)
	at org.elasticsearch.transport.local.LocalTransport.handleException(LocalTransport.java:370)
	at org.elasticsearch.transport.local.LocalTransport.handlerResponseError(LocalTransport.java:361)
	at org.elasticsearch.transport.local.LocalTransport.messageReceived(LocalTransport.java:257)
	at org.elasticsearch.transport.local.LocalTransportChannel$2.run(LocalTransportChannel.java:103)
	at java.util.concurrent.ThreadPoolExecutor.runWorker(ThreadPoolExecutor.java:1142)
	at java.util.concurrent.ThreadPoolExecutor$Worker.run(ThreadPoolExecutor.java:617)
	at java.lang.Thread.run(Thread.java:745)
Caused by: RemoteTransportException[[node_s0][local[318]][internal:cluster/nodes/indices/shard/store[n]]]; nested: ElasticsearchException[Failed to list store metadata for shard [[test][0]]]; nested: CorruptIndexException[failed engine (reason: [recovery]) (resource=preexisting_corruption)]; nested: IOException[failed engine (reason: [recovery])]; nested: CorruptIndexException[checksum failed (hardware problem?) : expected=1i4sifl actual=qvgktr (resource=name [_0.cfe], length [433], checksum [1i4sifl], writtenBy [5.5.0]) (resource=VerifyingIndexOutput(_0.cfe))];
Caused by: ElasticsearchException[Failed to list store metadata for shard [[test][0]]]; nested: CorruptIndexException[failed engine (reason: [recovery]) (resource=preexisting_corruption)]; nested: IOException[failed engine (reason: [recovery])]; nested: CorruptIndexException[checksum failed (hardware problem?) : expected=1i4sifl actual=qvgktr (resource=name [_0.cfe], length [433], checksum [1i4sifl], writtenBy [5.5.0]) (resource=VerifyingIndexOutput(_0.cfe))];
	at org.elasticsearch.indices.store.TransportNodesListShardStoreMetaData.nodeOperation(TransportNodesListShardStoreMetaData.java:147)
	at org.elasticsearch.indices.store.TransportNodesListShardStoreMetaData.nodeOperation(TransportNodesListShardStoreMetaData.java:70)
	at org.elasticsearch.action.support.nodes.TransportNodesAction$NodeTransportHandler.messageReceived(TransportNodesAction.java:232)
	at org.elasticsearch.action.support.nodes.TransportNodesAction$NodeTransportHandler.messageReceived(TransportNodesAction.java:228)
	at org.elasticsearch.transport.TransportRequestHandler.messageReceived(TransportRequestHandler.java:33)
	at org.elasticsearch.transport.RequestHandlerRegistry.processMessageReceived(RequestHandlerRegistry.java:65)
	at org.elasticsearch.transport.local.LocalTransport$2.doRun(LocalTransport.java:296)
	at org.elasticsearch.common.util.concurrent.AbstractRunnable.run(AbstractRunnable.java:37)
	at java.util.concurrent.ThreadPoolExecutor.runWorker(ThreadPoolExecutor.java:1142)
	at java.util.concurrent.ThreadPoolExecutor$Worker.run(ThreadPoolExecutor.java:617)
	at java.lang.Thread.run(Thread.java:745)
Caused by: org.apache.lucene.index.CorruptIndexException: failed engine (reason: [recovery]) (resource=preexisting_corruption)
	at org.elasticsearch.index.store.Store.failIfCorrupted(Store.java:616)
	at org.elasticsearch.index.store.Store.readMetadataSnapshot(Store.java:413)
	at org.elasticsearch.indices.store.TransportNodesListShardStoreMetaData.listStoreMetaData(TransportNodesListShardStoreMetaData.java:180)
	at org.elasticsearch.indices.store.TransportNodesListShardStoreMetaData.nodeOperation(TransportNodesListShardStoreMetaData.java:145)
	... 10 more
Caused by: java.io.IOException: failed engine (reason: [recovery])
	at org.elasticsearch.index.engine.Engine.failEngine(Engine.java:609)
	at org.elasticsearch.index.shard.IndexShard.failShard(IndexShard.java:771)
	at org.elasticsearch.indices.recovery.RecoverySourceHandler.failEngine(RecoverySourceHandler.java:625)
	at org.elasticsearch.indices.recovery.RecoverySourceHandler.sendFiles(RecoverySourceHandler.java:605)
	at org.elasticsearch.indices.recovery.RecoverySourceHandler.phase1(RecoverySourceHandler.java:254)
	at org.elasticsearch.indices.recovery.RecoverySourceHandler.recoverToTarget(RecoverySourceHandler.java:135)
	at org.elasticsearch.indices.recovery.RecoverySource.recover(RecoverySource.java:123)
	at org.elasticsearch.indices.recovery.RecoverySource.access$100(RecoverySource.java:52)
	at org.elasticsearch.indices.recovery.RecoverySource$StartRecoveryTransportRequestHandler.messageReceived(RecoverySource.java:132)
	at org.elasticsearch.indices.recovery.RecoverySource$StartRecoveryTransportRequestHandler.messageReceived(RecoverySource.java:129)
	... 7 more
Caused by: org.apache.lucene.index.CorruptIndexException: checksum failed (hardware problem?) : expected=1i4sifl actual=qvgktr (resource=name [_0.cfe], length [433], checksum [1i4sifl], writtenBy [5.5.0]) (resource=VerifyingIndexOutput(_0.cfe))
	at org.elasticsearch.index.store.Store$LuceneVerifyingIndexOutput.readAndCompareChecksum(Store.java:1350)
	at org.elasticsearch.index.store.Store$LuceneVerifyingIndexOutput.writeByte(Store.java:1329)
	at org.elasticsearch.index.store.Store$LuceneVerifyingIndexOutput.writeBytes(Store.java:1358)
	at org.elasticsearch.indices.recovery.RecoveryTarget$FileChunkTransportRequestHandler.messageReceived(RecoveryTarget.java:468)
	at org.elasticsearch.indices.recovery.RecoveryTarget$FileChunkTransportRequestHandler.messageReceived(RecoveryTarget.java:432)
	... 7 more
[2016-03-29 17:31:10,148][WARN ][org.elasticsearch.index  ] [node_s2] [test] [index.merge.enabled] is set to false, this should only be used in tests and can cause serious problems in production environments
[2016-03-29 17:31:10,150][WARN ][org.elasticsearch.index  ] [node_s0] [test] [index.merge.enabled] is set to false, this should only be used in tests and can cause serious problems in production environments
[2016-03-29 17:31:10,152][WARN ][org.elasticsearch.index  ] [node_s1] [test] [index.merge.enabled] is set to false, this should only be used in tests and can cause serious problems in production environments
[2016-03-29 17:31:10,152][WARN ][org.elasticsearch.index  ] [node_s1] [test] [index.merge.enabled] is set to false, this should only be used in tests and can cause serious problems in production environments
[2016-03-29 17:31:10,153][WARN ][org.elasticsearch.gateway] [node_s0] [test][0]: failed to list shard for shard_store on node [9dID2SsXQv6g1teXJNcaxw]
FailedNodeException[Failed node [9dID2SsXQv6g1teXJNcaxw]]; nested: RemoteTransportException[[node_s0][local[318]][internal:cluster/nodes/indices/shard/store[n]]]; nested: ElasticsearchException[Failed to list store metadata for shard [[test][0]]]; nested: CorruptIndexException[failed engine (reason: [recovery]) (resource=preexisting_corruption)]; nested: IOException[failed engine (reason: [recovery])]; nested: CorruptIndexException[checksum failed (hardware problem?) : expected=1i4sifl actual=qvgktr (resource=name [_0.cfe], length [433], checksum [1i4sifl], writtenBy [5.5.0]) (resource=VerifyingIndexOutput(_0.cfe))];
	at org.elasticsearch.action.support.nodes.TransportNodesAction$AsyncAction.onFailure(TransportNodesAction.java:208)
	at org.elasticsearch.action.support.nodes.TransportNodesAction$AsyncAction.access$700(TransportNodesAction.java:109)
	at org.elasticsearch.action.support.nodes.TransportNodesAction$AsyncAction$2.handleException(TransportNodesAction.java:181)
	at org.elasticsearch.transport.local.LocalTransport.handleException(LocalTransport.java:370)
	at org.elasticsearch.transport.local.LocalTransport.handlerResponseError(LocalTransport.java:361)
	at org.elasticsearch.transport.local.LocalTransport.messageReceived(LocalTransport.java:257)
	at org.elasticsearch.transport.local.LocalTransportChannel$2.run(LocalTransportChannel.java:103)
	at java.util.concurrent.ThreadPoolExecutor.runWorker(ThreadPoolExecutor.java:1142)
	at java.util.concurrent.ThreadPoolExecutor$Worker.run(ThreadPoolExecutor.java:617)
	at java.lang.Thread.run(Thread.java:745)
Caused by: RemoteTransportException[[node_s0][local[318]][internal:cluster/nodes/indices/shard/store[n]]]; nested: ElasticsearchException[Failed to list store metadata for shard [[test][0]]]; nested: CorruptIndexException[failed engine (reason: [recovery]) (resource=preexisting_corruption)]; nested: IOException[failed engine (reason: [recovery])]; nested: CorruptIndexException[checksum failed (hardware problem?) : expected=1i4sifl actual=qvgktr (resource=name [_0.cfe], length [433], checksum [1i4sifl], writtenBy [5.5.0]) (resource=VerifyingIndexOutput(_0.cfe))];
Caused by: ElasticsearchException[Failed to list store metadata for shard [[test][0]]]; nested: CorruptIndexException[failed engine (reason: [recovery]) (resource=preexisting_corruption)]; nested: IOException[failed engine (reason: [recovery])]; nested: CorruptIndexException[checksum failed (hardware problem?) : expected=1i4sifl actual=qvgktr (resource=name [_0.cfe], length [433], checksum [1i4sifl], writtenBy [5.5.0]) (resource=VerifyingIndexOutput(_0.cfe))];
	at org.elasticsearch.indices.store.TransportNodesListShardStoreMetaData.nodeOperation(TransportNodesListShardStoreMetaData.java:147)
	at org.elasticsearch.indices.store.TransportNodesListShardStoreMetaData.nodeOperation(TransportNodesListShardStoreMetaData.java:70)
	at org.elasticsearch.action.support.nodes.TransportNodesAction$NodeTransportHandler.messageReceived(TransportNodesAction.java:232)
	at org.elasticsearch.action.support.nodes.TransportNodesAction$NodeTransportHandler.messageReceived(TransportNodesAction.java:228)
	at org.elasticsearch.transport.TransportRequestHandler.messageReceived(TransportRequestHandler.java:33)
	at org.elasticsearch.transport.RequestHandlerRegistry.processMessageReceived(RequestHandlerRegistry.java:65)
	at org.elasticsearch.transport.local.LocalTransport$2.doRun(LocalTransport.java:296)
	at org.elasticsearch.common.util.concurrent.AbstractRunnable.run(AbstractRunnable.java:37)
	at java.util.concurrent.ThreadPoolExecutor.runWorker(ThreadPoolExecutor.java:1142)
	at java.util.concurrent.ThreadPoolExecutor$Worker.run(ThreadPoolExecutor.java:617)
	at java.lang.Thread.run(Thread.java:745)
Caused by: org.apache.lucene.index.CorruptIndexException: failed engine (reason: [recovery]) (resource=preexisting_corruption)
	at org.elasticsearch.index.store.Store.failIfCorrupted(Store.java:616)
	at org.elasticsearch.index.store.Store.readMetadataSnapshot(Store.java:413)
	at org.elasticsearch.indices.store.TransportNodesListShardStoreMetaData.listStoreMetaData(TransportNodesListShardStoreMetaData.java:180)
	at org.elasticsearch.indices.store.TransportNodesListShardStoreMetaData.nodeOperation(TransportNodesListShardStoreMetaData.java:145)
	... 10 more
Caused by: java.io.IOException: failed engine (reason: [recovery])
	at org.elasticsearch.index.engine.Engine.failEngine(Engine.java:609)
	at org.elasticsearch.index.shard.IndexShard.failShard(IndexShard.java:771)
	at org.elasticsearch.indices.recovery.RecoverySourceHandler.failEngine(RecoverySourceHandler.java:625)
	at org.elasticsearch.indices.recovery.RecoverySourceHandler.sendFiles(RecoverySourceHandler.java:605)
	at org.elasticsearch.indices.recovery.RecoverySourceHandler.phase1(RecoverySourceHandler.java:254)
	at org.elasticsearch.indices.recovery.RecoverySourceHandler.recoverToTarget(RecoverySourceHandler.java:135)
	at org.elasticsearch.indices.recovery.RecoverySource.recover(RecoverySource.java:123)
	at org.elasticsearch.indices.recovery.RecoverySource.access$100(RecoverySource.java:52)
	at org.elasticsearch.indices.recovery.RecoverySource$StartRecoveryTransportRequestHandler.messageReceived(RecoverySource.java:132)
	at org.elasticsearch.indices.recovery.RecoverySource$StartRecoveryTransportRequestHandler.messageReceived(RecoverySource.java:129)
	... 7 more
Caused by: org.apache.lucene.index.CorruptIndexException: checksum failed (hardware problem?) : expected=1i4sifl actual=qvgktr (resource=name [_0.cfe], length [433], checksum [1i4sifl], writtenBy [5.5.0]) (resource=VerifyingIndexOutput(_0.cfe))
	at org.elasticsearch.index.store.Store$LuceneVerifyingIndexOutput.readAndCompareChecksum(Store.java:1350)
	at org.elasticsearch.index.store.Store$LuceneVerifyingIndexOutput.writeByte(Store.java:1329)
	at org.elasticsearch.index.store.Store$LuceneVerifyingIndexOutput.writeBytes(Store.java:1358)
	at org.elasticsearch.indices.recovery.RecoveryTarget$FileChunkTransportRequestHandler.messageReceived(RecoveryTarget.java:468)
	at org.elasticsearch.indices.recovery.RecoveryTarget$FileChunkTransportRequestHandler.messageReceived(RecoveryTarget.java:432)
	... 7 more
[2016-03-29 17:31:10,153][WARN ][org.elasticsearch.index  ] [node_s2] [test] [index.merge.enabled] is set to false, this should only be used in tests and can cause serious problems in production environments
[2016-03-29 17:31:10,154][WARN ][org.elasticsearch.index  ] [node_s0] [test] [index.merge.enabled] is set to false, this should only be used in tests and can cause serious problems in production environments
[2016-03-29 17:31:10,155][WARN ][org.elasticsearch.index  ] [node_s0] [test] [index.merge.enabled] is set to false, this should only be used in tests and can cause serious problems in production environments
[2016-03-29 17:31:10,156][WARN ][org.elasticsearch.index  ] [node_s0] [test] [index.merge.enabled] is set to false, this should only be used in tests and can cause serious problems in production environments
[2016-03-29 17:31:10,156][WARN ][org.elasticsearch.index  ] [node_s1] [test] [index.merge.enabled] is set to false, this should only be used in tests and can cause serious problems in production environments
[2016-03-29 17:31:10,157][WARN ][org.elasticsearch.gateway] [node_s0] [test][0]: failed to list shard for shard_store on node [9dID2SsXQv6g1teXJNcaxw]
FailedNodeException[Failed node [9dID2SsXQv6g1teXJNcaxw]]; nested: RemoteTransportException[[node_s0][local[318]][internal:cluster/nodes/indices/shard/store[n]]]; nested: ElasticsearchException[Failed to list store metadata for shard [[test][0]]]; nested: CorruptIndexException[failed engine (reason: [recovery]) (resource=preexisting_corruption)]; nested: IOException[failed engine (reason: [recovery])]; nested: CorruptIndexException[checksum failed (hardware problem?) : expected=1i4sifl actual=qvgktr (resource=name [_0.cfe], length [433], checksum [1i4sifl], writtenBy [5.5.0]) (resource=VerifyingIndexOutput(_0.cfe))];
	at org.elasticsearch.action.support.nodes.TransportNodesAction$AsyncAction.onFailure(TransportNodesAction.java:208)
	at org.elasticsearch.action.support.nodes.TransportNodesAction$AsyncAction.access$700(TransportNodesAction.java:109)
	at org.elasticsearch.action.support.nodes.TransportNodesAction$AsyncAction$2.handleException(TransportNodesAction.java:181)
	at org.elasticsearch.transport.local.LocalTransport.handleException(LocalTransport.java:370)
	at org.elasticsearch.transport.local.LocalTransport.handlerResponseError(LocalTransport.java:361)
	at org.elasticsearch.transport.local.LocalTransport.messageReceived(LocalTransport.java:257)
	at org.elasticsearch.transport.local.LocalTransportChannel$2.run(LocalTransportChannel.java:103)
	at java.util.concurrent.ThreadPoolExecutor.runWorker(ThreadPoolExecutor.java:1142)
	at java.util.concurrent.ThreadPoolExecutor$Worker.run(ThreadPoolExecutor.java:617)
	at java.lang.Thread.run(Thread.java:745)
Caused by: RemoteTransportException[[node_s0][local[318]][internal:cluster/nodes/indices/shard/store[n]]]; nested: ElasticsearchException[Failed to list store metadata for shard [[test][0]]]; nested: CorruptIndexException[failed engine (reason: [recovery]) (resource=preexisting_corruption)]; nested: IOException[failed engine (reason: [recovery])]; nested: CorruptIndexException[checksum failed (hardware problem?) : expected=1i4sifl actual=qvgktr (resource=name [_0.cfe], length [433], checksum [1i4sifl], writtenBy [5.5.0]) (resource=VerifyingIndexOutput(_0.cfe))];
Caused by: ElasticsearchException[Failed to list store metadata for shard [[test][0]]]; nested: CorruptIndexException[failed engine (reason: [recovery]) (resource=preexisting_corruption)]; nested: IOException[failed engine (reason: [recovery])]; nested: CorruptIndexException[checksum failed (hardware problem?) : expected=1i4sifl actual=qvgktr (resource=name [_0.cfe], length [433], checksum [1i4sifl], writtenBy [5.5.0]) (resource=VerifyingIndexOutput(_0.cfe))];
	at org.elasticsearch.indices.store.TransportNodesListShardStoreMetaData.nodeOperation(TransportNodesListShardStoreMetaData.java:147)
	at org.elasticsearch.indices.store.TransportNodesListShardStoreMetaData.nodeOperation(TransportNodesListShardStoreMetaData.java:70)
	at org.elasticsearch.action.support.nodes.TransportNodesAction$NodeTransportHandler.messageReceived(TransportNodesAction.java:232)
	at org.elasticsearch.action.support.nodes.TransportNodesAction$NodeTransportHandler.messageReceived(TransportNodesAction.java:228)
	at org.elasticsearch.transport.TransportRequestHandler.messageReceived(TransportRequestHandler.java:33)
	at org.elasticsearch.transport.RequestHandlerRegistry.processMessageReceived(RequestHandlerRegistry.java:65)
	at org.elasticsearch.transport.local.LocalTransport$2.doRun(LocalTransport.java:296)
	at org.elasticsearch.common.util.concurrent.AbstractRunnable.run(AbstractRunnable.java:37)
	at java.util.concurrent.ThreadPoolExecutor.runWorker(ThreadPoolExecutor.java:1142)
	at java.util.concurrent.ThreadPoolExecutor$Worker.run(ThreadPoolExecutor.java:617)
	at java.lang.Thread.run(Thread.java:745)
Caused by: org.apache.lucene.index.CorruptIndexException: failed engine (reason: [recovery]) (resource=preexisting_corruption)
	at org.elasticsearch.index.store.Store.failIfCorrupted(Store.java:616)
	at org.elasticsearch.index.store.Store.readMetadataSnapshot(Store.java:413)
	at org.elasticsearch.indices.store.TransportNodesListShardStoreMetaData.listStoreMetaData(TransportNodesListShardStoreMetaData.java:180)
	at org.elasticsearch.indices.store.TransportNodesListShardStoreMetaData.nodeOperation(TransportNodesListShardStoreMetaData.java:145)
	... 10 more
Caused by: java.io.IOException: failed engine (reason: [recovery])
	at org.elasticsearch.index.engine.Engine.failEngine(Engine.java:609)
	at org.elasticsearch.index.shard.IndexShard.failShard(IndexShard.java:771)
	at org.elasticsearch.indices.recovery.RecoverySourceHandler.failEngine(RecoverySourceHandler.java:625)
	at org.elasticsearch.indices.recovery.RecoverySourceHandler.sendFiles(RecoverySourceHandler.java:605)
	at org.elasticsearch.indices.recovery.RecoverySourceHandler.phase1(RecoverySourceHandler.java:254)
	at org.elasticsearch.indices.recovery.RecoverySourceHandler.recoverToTarget(RecoverySourceHandler.java:135)
	at org.elasticsearch.indices.recovery.RecoverySource.recover(RecoverySource.java:123)
	at org.elasticsearch.indices.recovery.RecoverySource.access$100(RecoverySource.java:52)
	at org.elasticsearch.indices.recovery.RecoverySource$StartRecoveryTransportRequestHandler.messageReceived(RecoverySource.java:132)
	at org.elasticsearch.indices.recovery.RecoverySource$StartRecoveryTransportRequestHandler.messageReceived(RecoverySource.java:129)
	... 7 more
Caused by: org.apache.lucene.index.CorruptIndexException: checksum failed (hardware problem?) : expected=1i4sifl actual=qvgktr (resource=name [_0.cfe], length [433], checksum [1i4sifl], writtenBy [5.5.0]) (resource=VerifyingIndexOutput(_0.cfe))
	at org.elasticsearch.index.store.Store$LuceneVerifyingIndexOutput.readAndCompareChecksum(Store.java:1350)
	at org.elasticsearch.index.store.Store$LuceneVerifyingIndexOutput.writeByte(Store.java:1329)
	at org.elasticsearch.index.store.Store$LuceneVerifyingIndexOutput.writeBytes(Store.java:1358)
	at org.elasticsearch.indices.recovery.RecoveryTarget$FileChunkTransportRequestHandler.messageReceived(RecoveryTarget.java:468)
	at org.elasticsearch.indices.recovery.RecoveryTarget$FileChunkTransportRequestHandler.messageReceived(RecoveryTarget.java:432)
	... 7 more
[2016-03-29 17:31:10,159][WARN ][org.elasticsearch.index  ] [node_s1] [test] [index.merge.enabled] is set to false, this should only be used in tests and can cause serious problems in production environments
[2016-03-29 17:31:10,160][WARN ][org.elasticsearch.gateway] [node_s0] [test][0]: failed to list shard for shard_store on node [9dID2SsXQv6g1teXJNcaxw]
FailedNodeException[Failed node [9dID2SsXQv6g1teXJNcaxw]]; nested: RemoteTransportException[[node_s0][local[318]][internal:cluster/nodes/indices/shard/store[n]]]; nested: ElasticsearchException[Failed to list store metadata for shard [[test][0]]]; nested: CorruptIndexException[failed engine (reason: [recovery]) (resource=preexisting_corruption)]; nested: IOException[failed engine (reason: [recovery])]; nested: CorruptIndexException[checksum failed (hardware problem?) : expected=1i4sifl actual=qvgktr (resource=name [_0.cfe], length [433], checksum [1i4sifl], writtenBy [5.5.0]) (resource=VerifyingIndexOutput(_0.cfe))];
	at org.elasticsearch.action.support.nodes.TransportNodesAction$AsyncAction.onFailure(TransportNodesAction.java:208)
	at org.elasticsearch.action.support.nodes.TransportNodesAction$AsyncAction.access$700(TransportNodesAction.java:109)
	at org.elasticsearch.action.support.nodes.TransportNodesAction$AsyncAction$2.handleException(TransportNodesAction.java:181)
	at org.elasticsearch.transport.local.LocalTransport.handleException(LocalTransport.java:370)
	at org.elasticsearch.transport.local.LocalTransport.handlerResponseError(LocalTransport.java:361)
	at org.elasticsearch.transport.local.LocalTransport.messageReceived(LocalTransport.java:257)
	at org.elasticsearch.transport.local.LocalTransportChannel$2.run(LocalTransportChannel.java:103)
	at java.util.concurrent.ThreadPoolExecutor.runWorker(ThreadPoolExecutor.java:1142)
	at java.util.concurrent.ThreadPoolExecutor$Worker.run(ThreadPoolExecutor.java:617)
	at java.lang.Thread.run(Thread.java:745)
Caused by: RemoteTransportException[[node_s0][local[318]][internal:cluster/nodes/indices/shard/store[n]]]; nested: ElasticsearchException[Failed to list store metadata for shard [[test][0]]]; nested: CorruptIndexException[failed engine (reason: [recovery]) (resource=preexisting_corruption)]; nested: IOException[failed engine (reason: [recovery])]; nested: CorruptIndexException[checksum failed (hardware problem?) : expected=1i4sifl actual=qvgktr (resource=name [_0.cfe], length [433], checksum [1i4sifl], writtenBy [5.5.0]) (resource=VerifyingIndexOutput(_0.cfe))];
Caused by: ElasticsearchException[Failed to list store metadata for shard [[test][0]]]; nested: CorruptIndexException[failed engine (reason: [recovery]) (resource=preexisting_corruption)]; nested: IOException[failed engine (reason: [recovery])]; nested: CorruptIndexException[checksum failed (hardware problem?) : expected=1i4sifl actual=qvgktr (resource=name [_0.cfe], length [433], checksum [1i4sifl], writtenBy [5.5.0]) (resource=VerifyingIndexOutput(_0.cfe))];
	at org.elasticsearch.indices.store.TransportNodesListShardStoreMetaData.nodeOperation(TransportNodesListShardStoreMetaData.java:147)
	at org.elasticsearch.indices.store.TransportNodesListShardStoreMetaData.nodeOperation(TransportNodesListShardStoreMetaData.java:70)
	at org.elasticsearch.action.support.nodes.TransportNodesAction$NodeTransportHandler.messageReceived(TransportNodesAction.java:232)
	at org.elasticsearch.action.support.nodes.TransportNodesAction$NodeTransportHandler.messageReceived(TransportNodesAction.java:228)
	at org.elasticsearch.transport.TransportRequestHandler.messageReceived(TransportRequestHandler.java:33)
	at org.elasticsearch.transport.RequestHandlerRegistry.processMessageReceived(RequestHandlerRegistry.java:65)
	at org.elasticsearch.transport.local.LocalTransport$2.doRun(LocalTransport.java:296)
	at org.elasticsearch.common.util.concurrent.AbstractRunnable.run(AbstractRunnable.java:37)
	at java.util.concurrent.ThreadPoolExecutor.runWorker(ThreadPoolExecutor.java:1142)
	at java.util.concurrent.ThreadPoolExecutor$Worker.run(ThreadPoolExecutor.java:617)
	at java.lang.Thread.run(Thread.java:745)
Caused by: org.apache.lucene.index.CorruptIndexException: failed engine (reason: [recovery]) (resource=preexisting_corruption)
	at org.elasticsearch.index.store.Store.failIfCorrupted(Store.java:616)
	at org.elasticsearch.index.store.Store.readMetadataSnapshot(Store.java:413)
	at org.elasticsearch.indices.store.TransportNodesListShardStoreMetaData.listStoreMetaData(TransportNodesListShardStoreMetaData.java:180)
	at org.elasticsearch.indices.store.TransportNodesListShardStoreMetaData.nodeOperation(TransportNodesListShardStoreMetaData.java:145)
	... 10 more
Caused by: java.io.IOException: failed engine (reason: [recovery])
	at org.elasticsearch.index.engine.Engine.failEngine(Engine.java:609)
	at org.elasticsearch.index.shard.IndexShard.failShard(IndexShard.java:771)
	at org.elasticsearch.indices.recovery.RecoverySourceHandler.failEngine(RecoverySourceHandler.java:625)
	at org.elasticsearch.indices.recovery.RecoverySourceHandler.sendFiles(RecoverySourceHandler.java:605)
	at org.elasticsearch.indices.recovery.RecoverySourceHandler.phase1(RecoverySourceHandler.java:254)
	at org.elasticsearch.indices.recovery.RecoverySourceHandler.recoverToTarget(RecoverySourceHandler.java:135)
	at org.elasticsearch.indices.recovery.RecoverySource.recover(RecoverySource.java:123)
	at org.elasticsearch.indices.recovery.RecoverySource.access$100(RecoverySource.java:52)
	at org.elasticsearch.indices.recovery.RecoverySource$StartRecoveryTransportRequestHandler.messageReceived(RecoverySource.java:132)
	at org.elasticsearch.indices.recovery.RecoverySource$StartRecoveryTransportRequestHandler.messageReceived(RecoverySource.java:129)
	... 7 more
Caused by: org.apache.lucene.index.CorruptIndexException: checksum failed (hardware problem?) : expected=1i4sifl actual=qvgktr (resource=name [_0.cfe], length [433], checksum [1i4sifl], writtenBy [5.5.0]) (resource=VerifyingIndexOutput(_0.cfe))
	at org.elasticsearch.index.store.Store$LuceneVerifyingIndexOutput.readAndCompareChecksum(Store.java:1350)
	at org.elasticsearch.index.store.Store$LuceneVerifyingIndexOutput.writeByte(Store.java:1329)
	at org.elasticsearch.index.store.Store$LuceneVerifyingIndexOutput.writeBytes(Store.java:1358)
	at org.elasticsearch.indices.recovery.RecoveryTarget$FileChunkTransportRequestHandler.messageReceived(RecoveryTarget.java:468)
	at org.elasticsearch.indices.recovery.RecoveryTarget$FileChunkTransportRequestHandler.messageReceived(RecoveryTarget.java:432)
	... 7 more
[2016-03-29 17:31:10,161][WARN ][org.elasticsearch.index  ] [node_s1] [test] [index.merge.enabled] is set to false, this should only be used in tests and can cause serious problems in production environments
[2016-03-29 17:31:10,162][WARN ][org.elasticsearch.gateway] [node_s0] [test][0]: failed to list shard for shard_store on node [9dID2SsXQv6g1teXJNcaxw]
FailedNodeException[Failed node [9dID2SsXQv6g1teXJNcaxw]]; nested: RemoteTransportException[[node_s0][local[318]][internal:cluster/nodes/indices/shard/store[n]]]; nested: ElasticsearchException[Failed to list store metadata for shard [[test][0]]]; nested: CorruptIndexException[failed engine (reason: [recovery]) (resource=preexisting_corruption)]; nested: IOException[failed engine (reason: [recovery])]; nested: CorruptIndexException[checksum failed (hardware problem?) : expected=1i4sifl actual=qvgktr (resource=name [_0.cfe], length [433], checksum [1i4sifl], writtenBy [5.5.0]) (resource=VerifyingIndexOutput(_0.cfe))];
	at org.elasticsearch.action.support.nodes.TransportNodesAction$AsyncAction.onFailure(TransportNodesAction.java:208)
	at org.elasticsearch.action.support.nodes.TransportNodesAction$AsyncAction.access$700(TransportNodesAction.java:109)
	at org.elasticsearch.action.support.nodes.TransportNodesAction$AsyncAction$2.handleException(TransportNodesAction.java:181)
	at org.elasticsearch.transport.local.LocalTransport.handleException(LocalTransport.java:370)
	at org.elasticsearch.transport.local.LocalTransport.handlerResponseError(LocalTransport.java:361)
	at org.elasticsearch.transport.local.LocalTransport.messageReceived(LocalTransport.java:257)
	at org.elasticsearch.transport.local.LocalTransportChannel$2.run(LocalTransportChannel.java:103)
	at java.util.concurrent.ThreadPoolExecutor.runWorker(ThreadPoolExecutor.java:1142)
	at java.util.concurrent.ThreadPoolExecutor$Worker.run(ThreadPoolExecutor.java:617)
	at java.lang.Thread.run(Thread.java:745)
Caused by: RemoteTransportException[[node_s0][local[318]][internal:cluster/nodes/indices/shard/store[n]]]; nested: ElasticsearchException[Failed to list store metadata for shard [[test][0]]]; nested: CorruptIndexException[failed engine (reason: [recovery]) (resource=preexisting_corruption)]; nested: IOException[failed engine (reason: [recovery])]; nested: CorruptIndexException[checksum failed (hardware problem?) : expected=1i4sifl actual=qvgktr (resource=name [_0.cfe], length [433], checksum [1i4sifl], writtenBy [5.5.0]) (resource=VerifyingIndexOutput(_0.cfe))];
Caused by: ElasticsearchException[Failed to list store metadata for shard [[test][0]]]; nested: CorruptIndexException[failed engine (reason: [recovery]) (resource=preexisting_corruption)]; nested: IOException[failed engine (reason: [recovery])]; nested: CorruptIndexException[checksum failed (hardware problem?) : expected=1i4sifl actual=qvgktr (resource=name [_0.cfe], length [433], checksum [1i4sifl], writtenBy [5.5.0]) (resource=VerifyingIndexOutput(_0.cfe))];
	at org.elasticsearch.indices.store.TransportNodesListShardStoreMetaData.nodeOperation(TransportNodesListShardStoreMetaData.java:147)
	at org.elasticsearch.indices.store.TransportNodesListShardStoreMetaData.nodeOperation(TransportNodesListShardStoreMetaData.java:70)
	at org.elasticsearch.action.support.nodes.TransportNodesAction$NodeTransportHandler.messageReceived(TransportNodesAction.java:232)
	at org.elasticsearch.action.support.nodes.TransportNodesAction$NodeTransportHandler.messageReceived(TransportNodesAction.java:228)
	at org.elasticsearch.transport.TransportRequestHandler.messageReceived(TransportRequestHandler.java:33)
	at org.elasticsearch.transport.RequestHandlerRegistry.processMessageReceived(RequestHandlerRegistry.java:65)
	at org.elasticsearch.transport.local.LocalTransport$2.doRun(LocalTransport.java:296)
	at org.elasticsearch.common.util.concurrent.AbstractRunnable.run(AbstractRunnable.java:37)
	at java.util.concurrent.ThreadPoolExecutor.runWorker(ThreadPoolExecutor.java:1142)
	at java.util.concurrent.ThreadPoolExecutor$Worker.run(ThreadPoolExecutor.java:617)
	at java.lang.Thread.run(Thread.java:745)
Caused by: org.apache.lucene.index.CorruptIndexException: failed engine (reason: [recovery]) (resource=preexisting_corruption)
	at org.elasticsearch.index.store.Store.failIfCorrupted(Store.java:616)
	at org.elasticsearch.index.store.Store.readMetadataSnapshot(Store.java:413)
	at org.elasticsearch.indices.store.TransportNodesListShardStoreMetaData.listStoreMetaData(TransportNodesListShardStoreMetaData.java:180)
	at org.elasticsearch.indices.store.TransportNodesListShardStoreMetaData.nodeOperation(TransportNodesListShardStoreMetaData.java:145)
	... 10 more
Caused by: java.io.IOException: failed engine (reason: [recovery])
	at org.elasticsearch.index.engine.Engine.failEngine(Engine.java:609)
	at org.elasticsearch.index.shard.IndexShard.failShard(IndexShard.java:771)
	at org.elasticsearch.indices.recovery.RecoverySourceHandler.failEngine(RecoverySourceHandler.java:625)
	at org.elasticsearch.indices.recovery.RecoverySourceHandler.sendFiles(RecoverySourceHandler.java:605)
	at org.elasticsearch.indices.recovery.RecoverySourceHandler.phase1(RecoverySourceHandler.java:254)
	at org.elasticsearch.indices.recovery.RecoverySourceHandler.recoverToTarget(RecoverySourceHandler.java:135)
	at org.elasticsearch.indices.recovery.RecoverySource.recover(RecoverySource.java:123)
	at org.elasticsearch.indices.recovery.RecoverySource.access$100(RecoverySource.java:52)
	at org.elasticsearch.indices.recovery.RecoverySource$StartRecoveryTransportRequestHandler.messageReceived(RecoverySource.java:132)
	at org.elasticsearch.indices.recovery.RecoverySource$StartRecoveryTransportRequestHandler.messageReceived(RecoverySource.java:129)
	... 7 more
Caused by: org.apache.lucene.index.CorruptIndexException: checksum failed (hardware problem?) : expected=1i4sifl actual=qvgktr (resource=name [_0.cfe], length [433], checksum [1i4sifl], writtenBy [5.5.0]) (resource=VerifyingIndexOutput(_0.cfe))
	at org.elasticsearch.index.store.Store$LuceneVerifyingIndexOutput.readAndCompareChecksum(Store.java:1350)
	at org.elasticsearch.index.store.Store$LuceneVerifyingIndexOutput.writeByte(Store.java:1329)
	at org.elasticsearch.index.store.Store$LuceneVerifyingIndexOutput.writeBytes(Store.java:1358)
	at org.elasticsearch.indices.recovery.RecoveryTarget$FileChunkTransportRequestHandler.messageReceived(RecoveryTarget.java:468)
	at org.elasticsearch.indices.recovery.RecoveryTarget$FileChunkTransportRequestHandler.messageReceived(RecoveryTarget.java:432)
	... 7 more
[2016-03-29 17:31:10,163][WARN ][org.elasticsearch.index  ] [node_s1] [test] [index.merge.enabled] is set to false, this should only be used in tests and can cause serious problems in production environments
[2016-03-29 17:31:10,164][WARN ][org.elasticsearch.gateway] [node_s0] [test][0]: failed to list shard for shard_store on node [9dID2SsXQv6g1teXJNcaxw]
FailedNodeException[Failed node [9dID2SsXQv6g1teXJNcaxw]]; nested: RemoteTransportException[[node_s0][local[318]][internal:cluster/nodes/indices/shard/store[n]]]; nested: ElasticsearchException[Failed to list store metadata for shard [[test][0]]]; nested: CorruptIndexException[failed engine (reason: [recovery]) (resource=preexisting_corruption)]; nested: IOException[failed engine (reason: [recovery])]; nested: CorruptIndexException[checksum failed (hardware problem?) : expected=1i4sifl actual=qvgktr (resource=name [_0.cfe], length [433], checksum [1i4sifl], writtenBy [5.5.0]) (resource=VerifyingIndexOutput(_0.cfe))];
	at org.elasticsearch.action.support.nodes.TransportNodesAction$AsyncAction.onFailure(TransportNodesAction.java:208)
	at org.elasticsearch.action.support.nodes.TransportNodesAction$AsyncAction.access$700(TransportNodesAction.java:109)
	at org.elasticsearch.action.support.nodes.TransportNodesAction$AsyncAction$2.handleException(TransportNodesAction.java:181)
	at org.elasticsearch.transport.local.LocalTransport.handleException(LocalTransport.java:370)
	at org.elasticsearch.transport.local.LocalTransport.handlerResponseError(LocalTransport.java:361)
	at org.elasticsearch.transport.local.LocalTransport.messageReceived(LocalTransport.java:257)
	at org.elasticsearch.transport.local.LocalTransportChannel$2.run(LocalTransportChannel.java:103)
	at java.util.concurrent.ThreadPoolExecutor.runWorker(ThreadPoolExecutor.java:1142)
	at java.util.concurrent.ThreadPoolExecutor$Worker.run(ThreadPoolExecutor.java:617)
	at java.lang.Thread.run(Thread.java:745)
Caused by: RemoteTransportException[[node_s0][local[318]][internal:cluster/nodes/indices/shard/store[n]]]; nested: ElasticsearchException[Failed to list store metadata for shard [[test][0]]]; nested: CorruptIndexException[failed engine (reason: [recovery]) (resource=preexisting_corruption)]; nested: IOException[failed engine (reason: [recovery])]; nested: CorruptIndexException[checksum failed (hardware problem?) : expected=1i4sifl actual=qvgktr (resource=name [_0.cfe], length [433], checksum [1i4sifl], writtenBy [5.5.0]) (resource=VerifyingIndexOutput(_0.cfe))];
Caused by: ElasticsearchException[Failed to list store metadata for shard [[test][0]]]; nested: CorruptIndexException[failed engine (reason: [recovery]) (resource=preexisting_corruption)]; nested: IOException[failed engine (reason: [recovery])]; nested: CorruptIndexException[checksum failed (hardware problem?) : expected=1i4sifl actual=qvgktr (resource=name [_0.cfe], length [433], checksum [1i4sifl], writtenBy [5.5.0]) (resource=VerifyingIndexOutput(_0.cfe))];
	at org.elasticsearch.indices.store.TransportNodesListShardStoreMetaData.nodeOperation(TransportNodesListShardStoreMetaData.java:147)
	at org.elasticsearch.indices.store.TransportNodesListShardStoreMetaData.nodeOperation(TransportNodesListShardStoreMetaData.java:70)
	at org.elasticsearch.action.support.nodes.TransportNodesAction$NodeTransportHandler.messageReceived(TransportNodesAction.java:232)
	at org.elasticsearch.action.support.nodes.TransportNodesAction$NodeTransportHandler.messageReceived(TransportNodesAction.java:228)
	at org.elasticsearch.transport.TransportRequestHandler.messageReceived(TransportRequestHandler.java:33)
	at org.elasticsearch.transport.RequestHandlerRegistry.processMessageReceived(RequestHandlerRegistry.java:65)
	at org.elasticsearch.transport.local.LocalTransport$2.doRun(LocalTransport.java:296)
	at org.elasticsearch.common.util.concurrent.AbstractRunnable.run(AbstractRunnable.java:37)
	at java.util.concurrent.ThreadPoolExecutor.runWorker(ThreadPoolExecutor.java:1142)
	at java.util.concurrent.ThreadPoolExecutor$Worker.run(ThreadPoolExecutor.java:617)
	at java.lang.Thread.run(Thread.java:745)
Caused by: org.apache.lucene.index.CorruptIndexException: failed engine (reason: [recovery]) (resource=preexisting_corruption)
	at org.elasticsearch.index.store.Store.failIfCorrupted(Store.java:616)
	at org.elasticsearch.index.store.Store.readMetadataSnapshot(Store.java:413)
	at org.elasticsearch.indices.store.TransportNodesListShardStoreMetaData.listStoreMetaData(TransportNodesListShardStoreMetaData.java:180)
	at org.elasticsearch.indices.store.TransportNodesListShardStoreMetaData.nodeOperation(TransportNodesListShardStoreMetaData.java:145)
	... 10 more
Caused by: java.io.IOException: failed engine (reason: [recovery])
	at org.elasticsearch.index.engine.Engine.failEngine(Engine.java:609)
	at org.elasticsearch.index.shard.IndexShard.failShard(IndexShard.java:771)
	at org.elasticsearch.indices.recovery.RecoverySourceHandler.failEngine(RecoverySourceHandler.java:625)
	at org.elasticsearch.indices.recovery.RecoverySourceHandler.sendFiles(RecoverySourceHandler.java:605)
	at org.elasticsearch.indices.recovery.RecoverySourceHandler.phase1(RecoverySourceHandler.java:254)
	at org.elasticsearch.indices.recovery.RecoverySourceHandler.recoverToTarget(RecoverySourceHandler.java:135)
	at org.elasticsearch.indices.recovery.RecoverySource.recover(RecoverySource.java:123)
	at org.elasticsearch.indices.recovery.RecoverySource.access$100(RecoverySource.java:52)
	at org.elasticsearch.indices.recovery.RecoverySource$StartRecoveryTransportRequestHandler.messageReceived(RecoverySource.java:132)
	at org.elasticsearch.indices.recovery.RecoverySource$StartRecoveryTransportRequestHandler.messageReceived(RecoverySource.java:129)
	... 7 more
Caused by: org.apache.lucene.index.CorruptIndexException: checksum failed (hardware problem?) : expected=1i4sifl actual=qvgktr (resource=name [_0.cfe], length [433], checksum [1i4sifl], writtenBy [5.5.0]) (resource=VerifyingIndexOutput(_0.cfe))
	at org.elasticsearch.index.store.Store$LuceneVerifyingIndexOutput.readAndCompareChecksum(Store.java:1350)
	at org.elasticsearch.index.store.Store$LuceneVerifyingIndexOutput.writeByte(Store.java:1329)
	at org.elasticsearch.index.store.Store$LuceneVerifyingIndexOutput.writeBytes(Store.java:1358)
	at org.elasticsearch.indices.recovery.RecoveryTarget$FileChunkTransportRequestHandler.messageReceived(RecoveryTarget.java:468)
	at org.elasticsearch.indices.recovery.RecoveryTarget$FileChunkTransportRequestHandler.messageReceived(RecoveryTarget.java:432)
	... 7 more
[2016-03-29 17:31:10,165][WARN ][org.elasticsearch.index  ] [node_s1] [test] [index.merge.enabled] is set to false, this should only be used in tests and can cause serious problems in production environments
[2016-03-29 17:31:10,167][WARN ][org.elasticsearch.gateway] [node_s0] [test][0]: failed to list shard for shard_store on node [9dID2SsXQv6g1teXJNcaxw]
FailedNodeException[Failed node [9dID2SsXQv6g1teXJNcaxw]]; nested: RemoteTransportException[[node_s0][local[318]][internal:cluster/nodes/indices/shard/store[n]]]; nested: ElasticsearchException[Failed to list store metadata for shard [[test][0]]]; nested: CorruptIndexException[failed engine (reason: [recovery]) (resource=preexisting_corruption)]; nested: IOException[failed engine (reason: [recovery])]; nested: CorruptIndexException[checksum failed (hardware problem?) : expected=1i4sifl actual=qvgktr (resource=name [_0.cfe], length [433], checksum [1i4sifl], writtenBy [5.5.0]) (resource=VerifyingIndexOutput(_0.cfe))];
	at org.elasticsearch.action.support.nodes.TransportNodesAction$AsyncAction.onFailure(TransportNodesAction.java:208)
	at org.elasticsearch.action.support.nodes.TransportNodesAction$AsyncAction.access$700(TransportNodesAction.java:109)
	at org.elasticsearch.action.support.nodes.TransportNodesAction$AsyncAction$2.handleException(TransportNodesAction.java:181)
	at org.elasticsearch.transport.local.LocalTransport.handleException(LocalTransport.java:370)
	at org.elasticsearch.transport.local.LocalTransport.handlerResponseError(LocalTransport.java:361)
	at org.elasticsearch.transport.local.LocalTransport.messageReceived(LocalTransport.java:257)
	at org.elasticsearch.transport.local.LocalTransportChannel$2.run(LocalTransportChannel.java:103)
	at java.util.concurrent.ThreadPoolExecutor.runWorker(ThreadPoolExecutor.java:1142)
	at java.util.concurrent.ThreadPoolExecutor$Worker.run(ThreadPoolExecutor.java:617)
	at java.lang.Thread.run(Thread.java:745)
Caused by: RemoteTransportException[[node_s0][local[318]][internal:cluster/nodes/indices/shard/store[n]]]; nested: ElasticsearchException[Failed to list store metadata for shard [[test][0]]]; nested: CorruptIndexException[failed engine (reason: [recovery]) (resource=preexisting_corruption)]; nested: IOException[failed engine (reason: [recovery])]; nested: CorruptIndexException[checksum failed (hardware problem?) : expected=1i4sifl actual=qvgktr (resource=name [_0.cfe], length [433], checksum [1i4sifl], writtenBy [5.5.0]) (resource=VerifyingIndexOutput(_0.cfe))];
Caused by: ElasticsearchException[Failed to list store metadata for shard [[test][0]]]; nested: CorruptIndexException[failed engine (reason: [recovery]) (resource=preexisting_corruption)]; nested: IOException[failed engine (reason: [recovery])]; nested: CorruptIndexException[checksum failed (hardware problem?) : expected=1i4sifl actual=qvgktr (resource=name [_0.cfe], length [433], checksum [1i4sifl], writtenBy [5.5.0]) (resource=VerifyingIndexOutput(_0.cfe))];
	at org.elasticsearch.indices.store.TransportNodesListShardStoreMetaData.nodeOperation(TransportNodesListShardStoreMetaData.java:147)
	at org.elasticsearch.indices.store.TransportNodesListShardStoreMetaData.nodeOperation(TransportNodesListShardStoreMetaData.java:70)
	at org.elasticsearch.action.support.nodes.TransportNodesAction$NodeTransportHandler.messageReceived(TransportNodesAction.java:232)
	at org.elasticsearch.action.support.nodes.TransportNodesAction$NodeTransportHandler.messageReceived(TransportNodesAction.java:228)
	at org.elasticsearch.transport.TransportRequestHandler.messageReceived(TransportRequestHandler.java:33)
	at org.elasticsearch.transport.RequestHandlerRegistry.processMessageReceived(RequestHandlerRegistry.java:65)
	at org.elasticsearch.transport.local.LocalTransport$2.doRun(LocalTransport.java:296)
	at org.elasticsearch.common.util.concurrent.AbstractRunnable.run(AbstractRunnable.java:37)
	at java.util.concurrent.ThreadPoolExecutor.runWorker(ThreadPoolExecutor.java:1142)
	at java.util.concurrent.ThreadPoolExecutor$Worker.run(ThreadPoolExecutor.java:617)
	at java.lang.Thread.run(Thread.java:745)
Caused by: org.apache.lucene.index.CorruptIndexException: failed engine (reason: [recovery]) (resource=preexisting_corruption)
	at org.elasticsearch.index.store.Store.failIfCorrupted(Store.java:616)
	at org.elasticsearch.index.store.Store.readMetadataSnapshot(Store.java:413)
	at org.elasticsearch.indices.store.TransportNodesListShardStoreMetaData.listStoreMetaData(TransportNodesListShardStoreMetaData.java:180)
	at org.elasticsearch.indices.store.TransportNodesListShardStoreMetaData.nodeOperation(TransportNodesListShardStoreMetaData.java:145)
	... 10 more
Caused by: java.io.IOException: failed engine (reason: [recovery])
	at org.elasticsearch.index.engine.Engine.failEngine(Engine.java:609)
	at org.elasticsearch.index.shard.IndexShard.failShard(IndexShard.java:771)
	at org.elasticsearch.indices.recovery.RecoverySourceHandler.failEngine(RecoverySourceHandler.java:625)
	at org.elasticsearch.indices.recovery.RecoverySourceHandler.sendFiles(RecoverySourceHandler.java:605)
	at org.elasticsearch.indices.recovery.RecoverySourceHandler.phase1(RecoverySourceHandler.java:254)
	at org.elasticsearch.indices.recovery.RecoverySourceHandler.recoverToTarget(RecoverySourceHandler.java:135)
	at org.elasticsearch.indices.recovery.RecoverySource.recover(RecoverySource.java:123)
	at org.elasticsearch.indices.recovery.RecoverySource.access$100(RecoverySource.java:52)
	at org.elasticsearch.indices.recovery.RecoverySource$StartRecoveryTransportRequestHandler.messageReceived(RecoverySource.java:132)
	at org.elasticsearch.indices.recovery.RecoverySource$StartRecoveryTransportRequestHandler.messageReceived(RecoverySource.java:129)
	... 7 more
Caused by: org.apache.lucene.index.CorruptIndexException: checksum failed (hardware problem?) : expected=1i4sifl actual=qvgktr (resource=name [_0.cfe], length [433], checksum [1i4sifl], writtenBy [5.5.0]) (resource=VerifyingIndexOutput(_0.cfe))
	at org.elasticsearch.index.store.Store$LuceneVerifyingIndexOutput.readAndCompareChecksum(Store.java:1350)
	at org.elasticsearch.index.store.Store$LuceneVerifyingIndexOutput.writeByte(Store.java:1329)
	at org.elasticsearch.index.store.Store$LuceneVerifyingIndexOutput.writeBytes(Store.java:1358)
	at org.elasticsearch.indices.recovery.RecoveryTarget$FileChunkTransportRequestHandler.messageReceived(RecoveryTarget.java:468)
	at org.elasticsearch.indices.recovery.RecoveryTarget$FileChunkTransportRequestHandler.messageReceived(RecoveryTarget.java:432)
	... 7 more
[2016-03-29 17:31:10,168][WARN ][org.elasticsearch.index  ] [node_s1] [test] [index.merge.enabled] is set to false, this should only be used in tests and can cause serious problems in production environments
[2016-03-29 17:31:10,170][WARN ][org.elasticsearch.gateway] [node_s0] [test][0]: failed to list shard for shard_store on node [9dID2SsXQv6g1teXJNcaxw]
FailedNodeException[Failed node [9dID2SsXQv6g1teXJNcaxw]]; nested: RemoteTransportException[[node_s0][local[318]][internal:cluster/nodes/indices/shard/store[n]]]; nested: ElasticsearchException[Failed to list store metadata for shard [[test][0]]]; nested: CorruptIndexException[failed engine (reason: [recovery]) (resource=preexisting_corruption)]; nested: IOException[failed engine (reason: [recovery])]; nested: CorruptIndexException[checksum failed (hardware problem?) : expected=1i4sifl actual=qvgktr (resource=name [_0.cfe], length [433], checksum [1i4sifl], writtenBy [5.5.0]) (resource=VerifyingIndexOutput(_0.cfe))];
	at org.elasticsearch.action.support.nodes.TransportNodesAction$AsyncAction.onFailure(TransportNodesAction.java:208)
	at org.elasticsearch.action.support.nodes.TransportNodesAction$AsyncAction.access$700(TransportNodesAction.java:109)
	at org.elasticsearch.action.support.nodes.TransportNodesAction$AsyncAction$2.handleException(TransportNodesAction.java:181)
	at org.elasticsearch.transport.local.LocalTransport.handleException(LocalTransport.java:370)
	at org.elasticsearch.transport.local.LocalTransport.handlerResponseError(LocalTransport.java:361)
	at org.elasticsearch.transport.local.LocalTransport.messageReceived(LocalTransport.java:257)
	at org.elasticsearch.transport.local.LocalTransportChannel$2.run(LocalTransportChannel.java:103)
	at java.util.concurrent.ThreadPoolExecutor.runWorker(ThreadPoolExecutor.java:1142)
	at java.util.concurrent.ThreadPoolExecutor$Worker.run(ThreadPoolExecutor.java:617)
	at java.lang.Thread.run(Thread.java:745)
Caused by: RemoteTransportException[[node_s0][local[318]][internal:cluster/nodes/indices/shard/store[n]]]; nested: ElasticsearchException[Failed to list store metadata for shard [[test][0]]]; nested: CorruptIndexException[failed engine (reason: [recovery]) (resource=preexisting_corruption)]; nested: IOException[failed engine (reason: [recovery])]; nested: CorruptIndexException[checksum failed (hardware problem?) : expected=1i4sifl actual=qvgktr (resource=name [_0.cfe], length [433], checksum [1i4sifl], writtenBy [5.5.0]) (resource=VerifyingIndexOutput(_0.cfe))];
Caused by: ElasticsearchException[Failed to list store metadata for shard [[test][0]]]; nested: CorruptIndexException[failed engine (reason: [recovery]) (resource=preexisting_corruption)]; nested: IOException[failed engine (reason: [recovery])]; nested: CorruptIndexException[checksum failed (hardware problem?) : expected=1i4sifl actual=qvgktr (resource=name [_0.cfe], length [433], checksum [1i4sifl], writtenBy [5.5.0]) (resource=VerifyingIndexOutput(_0.cfe))];
	at org.elasticsearch.indices.store.TransportNodesListShardStoreMetaData.nodeOperation(TransportNodesListShardStoreMetaData.java:147)
	at org.elasticsearch.indices.store.TransportNodesListShardStoreMetaData.nodeOperation(TransportNodesListShardStoreMetaData.java:70)
	at org.elasticsearch.action.support.nodes.TransportNodesAction$NodeTransportHandler.messageReceived(TransportNodesAction.java:232)
	at org.elasticsearch.action.support.nodes.TransportNodesAction$NodeTransportHandler.messageReceived(TransportNodesAction.java:228)
	at org.elasticsearch.transport.TransportRequestHandler.messageReceived(TransportRequestHandler.java:33)
	at org.elasticsearch.transport.RequestHandlerRegistry.processMessageReceived(RequestHandlerRegistry.java:65)
	at org.elasticsearch.transport.local.LocalTransport$2.doRun(LocalTransport.java:296)
	at org.elasticsearch.common.util.concurrent.AbstractRunnable.run(AbstractRunnable.java:37)
	at java.util.concurrent.ThreadPoolExecutor.runWorker(ThreadPoolExecutor.java:1142)
	at java.util.concurrent.ThreadPoolExecutor$Worker.run(ThreadPoolExecutor.java:617)
	at java.lang.Thread.run(Thread.java:745)
Caused by: org.apache.lucene.index.CorruptIndexException: failed engine (reason: [recovery]) (resource=preexisting_corruption)
	at org.elasticsearch.index.store.Store.failIfCorrupted(Store.java:616)
	at org.elasticsearch.index.store.Store.readMetadataSnapshot(Store.java:413)
	at org.elasticsearch.indices.store.TransportNodesListShardStoreMetaData.listStoreMetaData(TransportNodesListShardStoreMetaData.java:180)
	at org.elasticsearch.indices.store.TransportNodesListShardStoreMetaData.nodeOperation(TransportNodesListShardStoreMetaData.java:145)
	... 10 more
Caused by: java.io.IOException: failed engine (reason: [recovery])
	at org.elasticsearch.index.engine.Engine.failEngine(Engine.java:609)
	at org.elasticsearch.index.shard.IndexShard.failShard(IndexShard.java:771)
	at org.elasticsearch.indices.recovery.RecoverySourceHandler.failEngine(RecoverySourceHandler.java:625)
	at org.elasticsearch.indices.recovery.RecoverySourceHandler.sendFiles(RecoverySourceHandler.java:605)
	at org.elasticsearch.indices.recovery.RecoverySourceHandler.phase1(RecoverySourceHandler.java:254)
	at org.elasticsearch.indices.recovery.RecoverySourceHandler.recoverToTarget(RecoverySourceHandler.java:135)
	at org.elasticsearch.indices.recovery.RecoverySource.recover(RecoverySource.java:123)
	at org.elasticsearch.indices.recovery.RecoverySource.access$100(RecoverySource.java:52)
	at org.elasticsearch.indices.recovery.RecoverySource$StartRecoveryTransportRequestHandler.messageReceived(RecoverySource.java:132)
	at org.elasticsearch.indices.recovery.RecoverySource$StartRecoveryTransportRequestHandler.messageReceived(RecoverySource.java:129)
	... 7 more
Caused by: org.apache.lucene.index.CorruptIndexException: checksum failed (hardware problem?) : expected=1i4sifl actual=qvgktr (resource=name [_0.cfe], length [433], checksum [1i4sifl], writtenBy [5.5.0]) (resource=VerifyingIndexOutput(_0.cfe))
	at org.elasticsearch.index.store.Store$LuceneVerifyingIndexOutput.readAndCompareChecksum(Store.java:1350)
	at org.elasticsearch.index.store.Store$LuceneVerifyingIndexOutput.writeByte(Store.java:1329)
	at org.elasticsearch.index.store.Store$LuceneVerifyingIndexOutput.writeBytes(Store.java:1358)
	at org.elasticsearch.indices.recovery.RecoveryTarget$FileChunkTransportRequestHandler.messageReceived(RecoveryTarget.java:468)
	at org.elasticsearch.indices.recovery.RecoveryTarget$FileChunkTransportRequestHandler.messageReceived(RecoveryTarget.java:432)
	... 7 more
[2016-03-29 17:31:10,171][WARN ][org.elasticsearch.index  ] [node_s1] [test] [index.merge.enabled] is set to false, this should only be used in tests and can cause serious problems in production environments
[2016-03-29 17:31:10,173][WARN ][org.elasticsearch.gateway] [node_s0] [test][0]: failed to list shard for shard_store on node [9dID2SsXQv6g1teXJNcaxw]
FailedNodeException[Failed node [9dID2SsXQv6g1teXJNcaxw]]; nested: RemoteTransportException[[node_s0][local[318]][internal:cluster/nodes/indices/shard/store[n]]]; nested: ElasticsearchException[Failed to list store metadata for shard [[test][0]]]; nested: CorruptIndexException[failed engine (reason: [recovery]) (resource=preexisting_corruption)]; nested: IOException[failed engine (reason: [recovery])]; nested: CorruptIndexException[checksum failed (hardware problem?) : expected=1i4sifl actual=qvgktr (resource=name [_0.cfe], length [433], checksum [1i4sifl], writtenBy [5.5.0]) (resource=VerifyingIndexOutput(_0.cfe))];
	at org.elasticsearch.action.support.nodes.TransportNodesAction$AsyncAction.onFailure(TransportNodesAction.java:208)
	at org.elasticsearch.action.support.nodes.TransportNodesAction$AsyncAction.access$700(TransportNodesAction.java:109)
	at org.elasticsearch.action.support.nodes.TransportNodesAction$AsyncAction$2.handleException(TransportNodesAction.java:181)
	at org.elasticsearch.transport.local.LocalTransport.handleException(LocalTransport.java:370)
	at org.elasticsearch.transport.local.LocalTransport.handlerResponseError(LocalTransport.java:361)
	at org.elasticsearch.transport.local.LocalTransport.messageReceived(LocalTransport.java:257)
	at org.elasticsearch.transport.local.LocalTransportChannel$2.run(LocalTransportChannel.java:103)
	at java.util.concurrent.ThreadPoolExecutor.runWorker(ThreadPoolExecutor.java:1142)
	at java.util.concurrent.ThreadPoolExecutor$Worker.run(ThreadPoolExecutor.java:617)
	at java.lang.Thread.run(Thread.java:745)
Caused by: RemoteTransportException[[node_s0][local[318]][internal:cluster/nodes/indices/shard/store[n]]]; nested: ElasticsearchException[Failed to list store metadata for shard [[test][0]]]; nested: CorruptIndexException[failed engine (reason: [recovery]) (resource=preexisting_corruption)]; nested: IOException[failed engine (reason: [recovery])]; nested: CorruptIndexException[checksum failed (hardware problem?) : expected=1i4sifl actual=qvgktr (resource=name [_0.cfe], length [433], checksum [1i4sifl], writtenBy [5.5.0]) (resource=VerifyingIndexOutput(_0.cfe))];
Caused by: ElasticsearchException[Failed to list store metadata for shard [[test][0]]]; nested: CorruptIndexException[failed engine (reason: [recovery]) (resource=preexisting_corruption)]; nested: IOException[failed engine (reason: [recovery])]; nested: CorruptIndexException[checksum failed (hardware problem?) : expected=1i4sifl actual=qvgktr (resource=name [_0.cfe], length [433], checksum [1i4sifl], writtenBy [5.5.0]) (resource=VerifyingIndexOutput(_0.cfe))];
	at org.elasticsearch.indices.store.TransportNodesListShardStoreMetaData.nodeOperation(TransportNodesListShardStoreMetaData.java:147)
	at org.elasticsearch.indices.store.TransportNodesListShardStoreMetaData.nodeOperation(TransportNodesListShardStoreMetaData.java:70)
	at org.elasticsearch.action.support.nodes.TransportNodesAction$NodeTransportHandler.messageReceived(TransportNodesAction.java:232)
	at org.elasticsearch.action.support.nodes.TransportNodesAction$NodeTransportHandler.messageReceived(TransportNodesAction.java:228)
	at org.elasticsearch.transport.TransportRequestHandler.messageReceived(TransportRequestHandler.java:33)
	at org.elasticsearch.transport.RequestHandlerRegistry.processMessageReceived(RequestHandlerRegistry.java:65)
	at org.elasticsearch.transport.local.LocalTransport$2.doRun(LocalTransport.java:296)
	at org.elasticsearch.common.util.concurrent.AbstractRunnable.run(AbstractRunnable.java:37)
	at java.util.concurrent.ThreadPoolExecutor.runWorker(ThreadPoolExecutor.java:1142)
	at java.util.concurrent.ThreadPoolExecutor$Worker.run(ThreadPoolExecutor.java:617)
	at java.lang.Thread.run(Thread.java:745)
Caused by: org.apache.lucene.index.CorruptIndexException: failed engine (reason: [recovery]) (resource=preexisting_corruption)
	at org.elasticsearch.index.store.Store.failIfCorrupted(Store.java:616)
	at org.elasticsearch.index.store.Store.readMetadataSnapshot(Store.java:413)
	at org.elasticsearch.indices.store.TransportNodesListShardStoreMetaData.listStoreMetaData(TransportNodesListShardStoreMetaData.java:180)
	at org.elasticsearch.indices.store.TransportNodesListShardStoreMetaData.nodeOperation(TransportNodesListShardStoreMetaData.java:145)
	... 10 more
Caused by: java.io.IOException: failed engine (reason: [recovery])
	at org.elasticsearch.index.engine.Engine.failEngine(Engine.java:609)
	at org.elasticsearch.index.shard.IndexShard.failShard(IndexShard.java:771)
	at org.elasticsearch.indices.recovery.RecoverySourceHandler.failEngine(RecoverySourceHandler.java:625)
	at org.elasticsearch.indices.recovery.RecoverySourceHandler.sendFiles(RecoverySourceHandler.java:605)
	at org.elasticsearch.indices.recovery.RecoverySourceHandler.phase1(RecoverySourceHandler.java:254)
	at org.elasticsearch.indices.recovery.RecoverySourceHandler.recoverToTarget(RecoverySourceHandler.java:135)
	at org.elasticsearch.indices.recovery.RecoverySource.recover(RecoverySource.java:123)
	at org.elasticsearch.indices.recovery.RecoverySource.access$100(RecoverySource.java:52)
	at org.elasticsearch.indices.recovery.RecoverySource$StartRecoveryTransportRequestHandler.messageReceived(RecoverySource.java:132)
	at org.elasticsearch.indices.recovery.RecoverySource$StartRecoveryTransportRequestHandler.messageReceived(RecoverySource.java:129)
	... 7 more
Caused by: org.apache.lucene.index.CorruptIndexException: checksum failed (hardware problem?) : expected=1i4sifl actual=qvgktr (resource=name [_0.cfe], length [433], checksum [1i4sifl], writtenBy [5.5.0]) (resource=VerifyingIndexOutput(_0.cfe))
	at org.elasticsearch.index.store.Store$LuceneVerifyingIndexOutput.readAndCompareChecksum(Store.java:1350)
	at org.elasticsearch.index.store.Store$LuceneVerifyingIndexOutput.writeByte(Store.java:1329)
	at org.elasticsearch.index.store.Store$LuceneVerifyingIndexOutput.writeBytes(Store.java:1358)
	at org.elasticsearch.indices.recovery.RecoveryTarget$FileChunkTransportRequestHandler.messageReceived(RecoveryTarget.java:468)
	at org.elasticsearch.indices.recovery.RecoveryTarget$FileChunkTransportRequestHandler.messageReceived(RecoveryTarget.java:432)
	... 7 more
[2016-03-29 17:31:10,179][WARN ][org.elasticsearch.index  ] [node_s1] [test] [index.merge.enabled] is set to false, this should only be used in tests and can cause serious problems in production environments
[2016-03-29 17:31:10,180][WARN ][org.elasticsearch.gateway] [node_s0] [test][0]: failed to list shard for shard_store on node [9dID2SsXQv6g1teXJNcaxw]
FailedNodeException[Failed node [9dID2SsXQv6g1teXJNcaxw]]; nested: RemoteTransportException[[node_s0][local[318]][internal:cluster/nodes/indices/shard/store[n]]]; nested: ElasticsearchException[Failed to list store metadata for shard [[test][0]]]; nested: CorruptIndexException[failed engine (reason: [recovery]) (resource=preexisting_corruption)]; nested: IOException[failed engine (reason: [recovery])]; nested: CorruptIndexException[checksum failed (hardware problem?) : expected=1i4sifl actual=qvgktr (resource=name [_0.cfe], length [433], checksum [1i4sifl], writtenBy [5.5.0]) (resource=VerifyingIndexOutput(_0.cfe))];
	at org.elasticsearch.action.support.nodes.TransportNodesAction$AsyncAction.onFailure(TransportNodesAction.java:208)
	at org.elasticsearch.action.support.nodes.TransportNodesAction$AsyncAction.access$700(TransportNodesAction.java:109)
	at org.elasticsearch.action.support.nodes.TransportNodesAction$AsyncAction$2.handleException(TransportNodesAction.java:181)
	at org.elasticsearch.transport.local.LocalTransport.handleException(LocalTransport.java:370)
	at org.elasticsearch.transport.local.LocalTransport.handlerResponseError(LocalTransport.java:361)
	at org.elasticsearch.transport.local.LocalTransport.messageReceived(LocalTransport.java:257)
	at org.elasticsearch.transport.local.LocalTransportChannel$2.run(LocalTransportChannel.java:103)
	at java.util.concurrent.ThreadPoolExecutor.runWorker(ThreadPoolExecutor.java:1142)
	at java.util.concurrent.ThreadPoolExecutor$Worker.run(ThreadPoolExecutor.java:617)
	at java.lang.Thread.run(Thread.java:745)
Caused by: RemoteTransportException[[node_s0][local[318]][internal:cluster/nodes/indices/shard/store[n]]]; nested: ElasticsearchException[Failed to list store metadata for shard [[test][0]]]; nested: CorruptIndexException[failed engine (reason: [recovery]) (resource=preexisting_corruption)]; nested: IOException[failed engine (reason: [recovery])]; nested: CorruptIndexException[checksum failed (hardware problem?) : expected=1i4sifl actual=qvgktr (resource=name [_0.cfe], length [433], checksum [1i4sifl], writtenBy [5.5.0]) (resource=VerifyingIndexOutput(_0.cfe))];
Caused by: ElasticsearchException[Failed to list store metadata for shard [[test][0]]]; nested: CorruptIndexException[failed engine (reason: [recovery]) (resource=preexisting_corruption)]; nested: IOException[failed engine (reason: [recovery])]; nested: CorruptIndexException[checksum failed (hardware problem?) : expected=1i4sifl actual=qvgktr (resource=name [_0.cfe], length [433], checksum [1i4sifl], writtenBy [5.5.0]) (resource=VerifyingIndexOutput(_0.cfe))];
	at org.elasticsearch.indices.store.TransportNodesListShardStoreMetaData.nodeOperation(TransportNodesListShardStoreMetaData.java:147)
	at org.elasticsearch.indices.store.TransportNodesListShardStoreMetaData.nodeOperation(TransportNodesListShardStoreMetaData.java:70)
	at org.elasticsearch.action.support.nodes.TransportNodesAction$NodeTransportHandler.messageReceived(TransportNodesAction.java:232)
	at org.elasticsearch.action.support.nodes.TransportNodesAction$NodeTransportHandler.messageReceived(TransportNodesAction.java:228)
	at org.elasticsearch.transport.TransportRequestHandler.messageReceived(TransportRequestHandler.java:33)
	at org.elasticsearch.transport.RequestHandlerRegistry.processMessageReceived(RequestHandlerRegistry.java:65)
	at org.elasticsearch.transport.local.LocalTransport$2.doRun(LocalTransport.java:296)
	at org.elasticsearch.common.util.concurrent.AbstractRunnable.run(AbstractRunnable.java:37)
	at java.util.concurrent.ThreadPoolExecutor.runWorker(ThreadPoolExecutor.java:1142)
	at java.util.concurrent.ThreadPoolExecutor$Worker.run(ThreadPoolExecutor.java:617)
	at java.lang.Thread.run(Thread.java:745)
Caused by: org.apache.lucene.index.CorruptIndexException: failed engine (reason: [recovery]) (resource=preexisting_corruption)
	at org.elasticsearch.index.store.Store.failIfCorrupted(Store.java:616)
	at org.elasticsearch.index.store.Store.readMetadataSnapshot(Store.java:413)
	at org.elasticsearch.indices.store.TransportNodesListShardStoreMetaData.listStoreMetaData(TransportNodesListShardStoreMetaData.java:180)
	at org.elasticsearch.indices.store.TransportNodesListShardStoreMetaData.nodeOperation(TransportNodesListShardStoreMetaData.java:145)
	... 10 more
Caused by: java.io.IOException: failed engine (reason: [recovery])
	at org.elasticsearch.index.engine.Engine.failEngine(Engine.java:609)
	at org.elasticsearch.index.shard.IndexShard.failShard(IndexShard.java:771)
	at org.elasticsearch.indices.recovery.RecoverySourceHandler.failEngine(RecoverySourceHandler.java:625)
	at org.elasticsearch.indices.recovery.RecoverySourceHandler.sendFiles(RecoverySourceHandler.java:605)
	at org.elasticsearch.indices.recovery.RecoverySourceHandler.phase1(RecoverySourceHandler.java:254)
	at org.elasticsearch.indices.recovery.RecoverySourceHandler.recoverToTarget(RecoverySourceHandler.java:135)
	at org.elasticsearch.indices.recovery.RecoverySource.recover(RecoverySource.java:123)
	at org.elasticsearch.indices.recovery.RecoverySource.access$100(RecoverySource.java:52)
	at org.elasticsearch.indices.recovery.RecoverySource$StartRecoveryTransportRequestHandler.messageReceived(RecoverySource.java:132)
	at org.elasticsearch.indices.recovery.RecoverySource$StartRecoveryTransportRequestHandler.messageReceived(RecoverySource.java:129)
	... 7 more
Caused by: org.apache.lucene.index.CorruptIndexException: checksum failed (hardware problem?) : expected=1i4sifl actual=qvgktr (resource=name [_0.cfe], length [433], checksum [1i4sifl], writtenBy [5.5.0]) (resource=VerifyingIndexOutput(_0.cfe))
	at org.elasticsearch.index.store.Store$LuceneVerifyingIndexOutput.readAndCompareChecksum(Store.java:1350)
	at org.elasticsearch.index.store.Store$LuceneVerifyingIndexOutput.writeByte(Store.java:1329)
	at org.elasticsearch.index.store.Store$LuceneVerifyingIndexOutput.writeBytes(Store.java:1358)
	at org.elasticsearch.indices.recovery.RecoveryTarget$FileChunkTransportRequestHandler.messageReceived(RecoveryTarget.java:468)
	at org.elasticsearch.indices.recovery.RecoveryTarget$FileChunkTransportRequestHandler.messageReceived(RecoveryTarget.java:432)
	... 7 more
[2016-03-29 17:31:10,192][WARN ][org.elasticsearch.index  ] [node_s1] [test] [index.merge.enabled] is set to false, this should only be used in tests and can cause serious problems in production environments
[2016-03-29 17:31:10,194][WARN ][org.elasticsearch.gateway] [node_s0] [test][0]: failed to list shard for shard_store on node [9dID2SsXQv6g1teXJNcaxw]
FailedNodeException[Failed node [9dID2SsXQv6g1teXJNcaxw]]; nested: RemoteTransportException[[node_s0][local[318]][internal:cluster/nodes/indices/shard/store[n]]]; nested: ElasticsearchException[Failed to list store metadata for shard [[test][0]]]; nested: CorruptIndexException[failed engine (reason: [recovery]) (resource=preexisting_corruption)]; nested: IOException[failed engine (reason: [recovery])]; nested: CorruptIndexException[checksum failed (hardware problem?) : expected=1i4sifl actual=qvgktr (resource=name [_0.cfe], length [433], checksum [1i4sifl], writtenBy [5.5.0]) (resource=VerifyingIndexOutput(_0.cfe))];
	at org.elasticsearch.action.support.nodes.TransportNodesAction$AsyncAction.onFailure(TransportNodesAction.java:208)
	at org.elasticsearch.action.support.nodes.TransportNodesAction$AsyncAction.access$700(TransportNodesAction.java:109)
	at org.elasticsearch.action.support.nodes.TransportNodesAction$AsyncAction$2.handleException(TransportNodesAction.java:181)
	at org.elasticsearch.transport.local.LocalTransport.handleException(LocalTransport.java:370)
	at org.elasticsearch.transport.local.LocalTransport.handlerResponseError(LocalTransport.java:361)
	at org.elasticsearch.transport.local.LocalTransport.messageReceived(LocalTransport.java:257)
	at org.elasticsearch.transport.local.LocalTransportChannel$2.run(LocalTransportChannel.java:103)
	at java.util.concurrent.ThreadPoolExecutor.runWorker(ThreadPoolExecutor.java:1142)
	at java.util.concurrent.ThreadPoolExecutor$Worker.run(ThreadPoolExecutor.java:617)
	at java.lang.Thread.run(Thread.java:745)
Caused by: RemoteTransportException[[node_s0][local[318]][internal:cluster/nodes/indices/shard/store[n]]]; nested: ElasticsearchException[Failed to list store metadata for shard [[test][0]]]; nested: CorruptIndexException[failed engine (reason: [recovery]) (resource=preexisting_corruption)]; nested: IOException[failed engine (reason: [recovery])]; nested: CorruptIndexException[checksum failed (hardware problem?) : expected=1i4sifl actual=qvgktr (resource=name [_0.cfe], length [433], checksum [1i4sifl], writtenBy [5.5.0]) (resource=VerifyingIndexOutput(_0.cfe))];
Caused by: ElasticsearchException[Failed to list store metadata for shard [[test][0]]]; nested: CorruptIndexException[failed engine (reason: [recovery]) (resource=preexisting_corruption)]; nested: IOException[failed engine (reason: [recovery])]; nested: CorruptIndexException[checksum failed (hardware problem?) : expected=1i4sifl actual=qvgktr (resource=name [_0.cfe], length [433], checksum [1i4sifl], writtenBy [5.5.0]) (resource=VerifyingIndexOutput(_0.cfe))];
	at org.elasticsearch.indices.store.TransportNodesListShardStoreMetaData.nodeOperation(TransportNodesListShardStoreMetaData.java:147)
	at org.elasticsearch.indices.store.TransportNodesListShardStoreMetaData.nodeOperation(TransportNodesListShardStoreMetaData.java:70)
	at org.elasticsearch.action.support.nodes.TransportNodesAction$NodeTransportHandler.messageReceived(TransportNodesAction.java:232)
	at org.elasticsearch.action.support.nodes.TransportNodesAction$NodeTransportHandler.messageReceived(TransportNodesAction.java:228)
	at org.elasticsearch.transport.TransportRequestHandler.messageReceived(TransportRequestHandler.java:33)
	at org.elasticsearch.transport.RequestHandlerRegistry.processMessageReceived(RequestHandlerRegistry.java:65)
	at org.elasticsearch.transport.local.LocalTransport$2.doRun(LocalTransport.java:296)
	at org.elasticsearch.common.util.concurrent.AbstractRunnable.run(AbstractRunnable.java:37)
	at java.util.concurrent.ThreadPoolExecutor.runWorker(ThreadPoolExecutor.java:1142)
	at java.util.concurrent.ThreadPoolExecutor$Worker.run(ThreadPoolExecutor.java:617)
	at java.lang.Thread.run(Thread.java:745)
Caused by: org.apache.lucene.index.CorruptIndexException: failed engine (reason: [recovery]) (resource=preexisting_corruption)
	at org.elasticsearch.index.store.Store.failIfCorrupted(Store.java:616)
	at org.elasticsearch.index.store.Store.readMetadataSnapshot(Store.java:413)
	at org.elasticsearch.indices.store.TransportNodesListShardStoreMetaData.listStoreMetaData(TransportNodesListShardStoreMetaData.java:180)
	at org.elasticsearch.indices.store.TransportNodesListShardStoreMetaData.nodeOperation(TransportNodesListShardStoreMetaData.java:145)
	... 10 more
Caused by: java.io.IOException: failed engine (reason: [recovery])
	at org.elasticsearch.index.engine.Engine.failEngine(Engine.java:609)
	at org.elasticsearch.index.shard.IndexShard.failShard(IndexShard.java:771)
	at org.elasticsearch.indices.recovery.RecoverySourceHandler.failEngine(RecoverySourceHandler.java:625)
	at org.elasticsearch.indices.recovery.RecoverySourceHandler.sendFiles(RecoverySourceHandler.java:605)
	at org.elasticsearch.indices.recovery.RecoverySourceHandler.phase1(RecoverySourceHandler.java:254)
	at org.elasticsearch.indices.recovery.RecoverySourceHandler.recoverToTarget(RecoverySourceHandler.java:135)
	at org.elasticsearch.indices.recovery.RecoverySource.recover(RecoverySource.java:123)
	at org.elasticsearch.indices.recovery.RecoverySource.access$100(RecoverySource.java:52)
	at org.elasticsearch.indices.recovery.RecoverySource$StartRecoveryTransportRequestHandler.messageReceived(RecoverySource.java:132)
	at org.elasticsearch.indices.recovery.RecoverySource$StartRecoveryTransportRequestHandler.messageReceived(RecoverySource.java:129)
	... 7 more
Caused by: org.apache.lucene.index.CorruptIndexException: checksum failed (hardware problem?) : expected=1i4sifl actual=qvgktr (resource=name [_0.cfe], length [433], checksum [1i4sifl], writtenBy [5.5.0]) (resource=VerifyingIndexOutput(_0.cfe))
	at org.elasticsearch.index.store.Store$LuceneVerifyingIndexOutput.readAndCompareChecksum(Store.java:1350)
	at org.elasticsearch.index.store.Store$LuceneVerifyingIndexOutput.writeByte(Store.java:1329)
	at org.elasticsearch.index.store.Store$LuceneVerifyingIndexOutput.writeBytes(Store.java:1358)
	at org.elasticsearch.indices.recovery.RecoveryTarget$FileChunkTransportRequestHandler.messageReceived(RecoveryTarget.java:468)
	at org.elasticsearch.indices.recovery.RecoveryTarget$FileChunkTransportRequestHandler.messageReceived(RecoveryTarget.java:432)
	... 7 more
[2016-03-29 17:31:10,196][WARN ][org.elasticsearch.index  ] [node_s1] [test] [index.merge.enabled] is set to false, this should only be used in tests and can cause serious problems in production environments
[2016-03-29 17:31:10,204][WARN ][org.elasticsearch.gateway] [node_s0] [test][0]: failed to list shard for shard_store on node [9dID2SsXQv6g1teXJNcaxw]
FailedNodeException[Failed node [9dID2SsXQv6g1teXJNcaxw]]; nested: RemoteTransportException[[node_s0][local[318]][internal:cluster/nodes/indices/shard/store[n]]]; nested: ElasticsearchException[Failed to list store metadata for shard [[test][0]]]; nested: CorruptIndexException[failed engine (reason: [recovery]) (resource=preexisting_corruption)]; nested: IOException[failed engine (reason: [recovery])]; nested: CorruptIndexException[checksum failed (hardware problem?) : expected=1i4sifl actual=qvgktr (resource=name [_0.cfe], length [433], checksum [1i4sifl], writtenBy [5.5.0]) (resource=VerifyingIndexOutput(_0.cfe))];
	at org.elasticsearch.action.support.nodes.TransportNodesAction$AsyncAction.onFailure(TransportNodesAction.java:208)
	at org.elasticsearch.action.support.nodes.TransportNodesAction$AsyncAction.access$700(TransportNodesAction.java:109)
	at org.elasticsearch.action.support.nodes.TransportNodesAction$AsyncAction$2.handleException(TransportNodesAction.java:181)
	at org.elasticsearch.transport.local.LocalTransport.handleException(LocalTransport.java:370)
	at org.elasticsearch.transport.local.LocalTransport.handlerResponseError(LocalTransport.java:361)
	at org.elasticsearch.transport.local.LocalTransport.messageReceived(LocalTransport.java:257)
	at org.elasticsearch.transport.local.LocalTransportChannel$2.run(LocalTransportChannel.java:103)
	at java.util.concurrent.ThreadPoolExecutor.runWorker(ThreadPoolExecutor.java:1142)
	at java.util.concurrent.ThreadPoolExecutor$Worker.run(ThreadPoolExecutor.java:617)
	at java.lang.Thread.run(Thread.java:745)
Caused by: RemoteTransportException[[node_s0][local[318]][internal:cluster/nodes/indices/shard/store[n]]]; nested: ElasticsearchException[Failed to list store metadata for shard [[test][0]]]; nested: CorruptIndexException[failed engine (reason: [recovery]) (resource=preexisting_corruption)]; nested: IOException[failed engine (reason: [recovery])]; nested: CorruptIndexException[checksum failed (hardware problem?) : expected=1i4sifl actual=qvgktr (resource=name [_0.cfe], length [433], checksum [1i4sifl], writtenBy [5.5.0]) (resource=VerifyingIndexOutput(_0.cfe))];
Caused by: ElasticsearchException[Failed to list store metadata for shard [[test][0]]]; nested: CorruptIndexException[failed engine (reason: [recovery]) (resource=preexisting_corruption)]; nested: IOException[failed engine (reason: [recovery])]; nested: CorruptIndexException[checksum failed (hardware problem?) : expected=1i4sifl actual=qvgktr (resource=name [_0.cfe], length [433], checksum [1i4sifl], writtenBy [5.5.0]) (resource=VerifyingIndexOutput(_0.cfe))];
	at org.elasticsearch.indices.store.TransportNodesListShardStoreMetaData.nodeOperation(TransportNodesListShardStoreMetaData.java:147)
	at org.elasticsearch.indices.store.TransportNodesListShardStoreMetaData.nodeOperation(TransportNodesListShardStoreMetaData.java:70)
	at org.elasticsearch.action.support.nodes.TransportNodesAction$NodeTransportHandler.messageReceived(TransportNodesAction.java:232)
	at org.elasticsearch.action.support.nodes.TransportNodesAction$NodeTransportHandler.messageReceived(TransportNodesAction.java:228)
	at org.elasticsearch.transport.TransportRequestHandler.messageReceived(TransportRequestHandler.java:33)
	at org.elasticsearch.transport.RequestHandlerRegistry.processMessageReceived(RequestHandlerRegistry.java:65)
	at org.elasticsearch.transport.local.LocalTransport$2.doRun(LocalTransport.java:296)
	at org.elasticsearch.common.util.concurrent.AbstractRunnable.run(AbstractRunnable.java:37)
	at java.util.concurrent.ThreadPoolExecutor.runWorker(ThreadPoolExecutor.java:1142)
	at java.util.concurrent.ThreadPoolExecutor$Worker.run(ThreadPoolExecutor.java:617)
	at java.lang.Thread.run(Thread.java:745)
Caused by: org.apache.lucene.index.CorruptIndexException: failed engine (reason: [recovery]) (resource=preexisting_corruption)
	at org.elasticsearch.index.store.Store.failIfCorrupted(Store.java:616)
	at org.elasticsearch.index.store.Store.readMetadataSnapshot(Store.java:413)
	at org.elasticsearch.indices.store.TransportNodesListShardStoreMetaData.listStoreMetaData(TransportNodesListShardStoreMetaData.java:180)
	at org.elasticsearch.indices.store.TransportNodesListShardStoreMetaData.nodeOperation(TransportNodesListShardStoreMetaData.java:145)
	... 10 more
Caused by: java.io.IOException: failed engine (reason: [recovery])
	at org.elasticsearch.index.engine.Engine.failEngine(Engine.java:609)
	at org.elasticsearch.index.shard.IndexShard.failShard(IndexShard.java:771)
	at org.elasticsearch.indices.recovery.RecoverySourceHandler.failEngine(RecoverySourceHandler.java:625)
	at org.elasticsearch.indices.recovery.RecoverySourceHandler.sendFiles(RecoverySourceHandler.java:605)
	at org.elasticsearch.indices.recovery.RecoverySourceHandler.phase1(RecoverySourceHandler.java:254)
	at org.elasticsearch.indices.recovery.RecoverySourceHandler.recoverToTarget(RecoverySourceHandler.java:135)
	at org.elasticsearch.indices.recovery.RecoverySource.recover(RecoverySource.java:123)
	at org.elasticsearch.indices.recovery.RecoverySource.access$100(RecoverySource.java:52)
	at org.elasticsearch.indices.recovery.RecoverySource$StartRecoveryTransportRequestHandler.messageReceived(RecoverySource.java:132)
	at org.elasticsearch.indices.recovery.RecoverySource$StartRecoveryTransportRequestHandler.messageReceived(RecoverySource.java:129)
	... 7 more
Caused by: org.apache.lucene.index.CorruptIndexException: checksum failed (hardware problem?) : expected=1i4sifl actual=qvgktr (resource=name [_0.cfe], length [433], checksum [1i4sifl], writtenBy [5.5.0]) (resource=VerifyingIndexOutput(_0.cfe))
	at org.elasticsearch.index.store.Store$LuceneVerifyingIndexOutput.readAndCompareChecksum(Store.java:1350)
	at org.elasticsearch.index.store.Store$LuceneVerifyingIndexOutput.writeByte(Store.java:1329)
	at org.elasticsearch.index.store.Store$LuceneVerifyingIndexOutput.writeBytes(Store.java:1358)
	at org.elasticsearch.indices.recovery.RecoveryTarget$FileChunkTransportRequestHandler.messageReceived(RecoveryTarget.java:468)
	at org.elasticsearch.indices.recovery.RecoveryTarget$FileChunkTransportRequestHandler.messageReceived(RecoveryTarget.java:432)
	... 7 more
[2016-03-29 17:31:10,206][WARN ][org.elasticsearch.index  ] [node_s1] [test] [index.merge.enabled] is set to false, this should only be used in tests and can cause serious problems in production environments
[2016-03-29 17:31:10,212][WARN ][org.elasticsearch.index  ] [node_s1] [test] [index.merge.enabled] is set to false, this should only be used in tests and can cause serious problems in production environments
[2016-03-29 17:31:10,212][WARN ][org.elasticsearch.index  ] [node_s1] [test] [index.merge.enabled] is set to false, this should only be used in tests and can cause serious problems in production environments
[2016-03-29 17:31:10,214][WARN ][org.elasticsearch.index  ] [node_s2] [test] [index.merge.enabled] is set to false, this should only be used in tests and can cause serious problems in production environments
[2016-03-29 17:31:10,218][WARN ][org.elasticsearch.index  ] [node_s0] [test] [index.merge.enabled] is set to false, this should only be used in tests and can cause serious problems in production environments
[2016-03-29 17:31:10,220][WARN ][org.elasticsearch.gateway] [node_s0] [test][0]: failed to list shard for shard_store on node [9dID2SsXQv6g1teXJNcaxw]
FailedNodeException[Failed node [9dID2SsXQv6g1teXJNcaxw]]; nested: RemoteTransportException[[node_s0][local[318]][internal:cluster/nodes/indices/shard/store[n]]]; nested: ElasticsearchException[Failed to list store metadata for shard [[test][0]]]; nested: CorruptIndexException[failed engine (reason: [recovery]) (resource=preexisting_corruption)]; nested: IOException[failed engine (reason: [recovery])]; nested: CorruptIndexException[checksum failed (hardware problem?) : expected=1i4sifl actual=qvgktr (resource=name [_0.cfe], length [433], checksum [1i4sifl], writtenBy [5.5.0]) (resource=VerifyingIndexOutput(_0.cfe))];
	at org.elasticsearch.action.support.nodes.TransportNodesAction$AsyncAction.onFailure(TransportNodesAction.java:208)
	at org.elasticsearch.action.support.nodes.TransportNodesAction$AsyncAction.access$700(TransportNodesAction.java:109)
	at org.elasticsearch.action.support.nodes.TransportNodesAction$AsyncAction$2.handleException(TransportNodesAction.java:181)
	at org.elasticsearch.transport.local.LocalTransport.handleException(LocalTransport.java:370)
	at org.elasticsearch.transport.local.LocalTransport.handlerResponseError(LocalTransport.java:361)
	at org.elasticsearch.transport.local.LocalTransport.messageReceived(LocalTransport.java:257)
	at org.elasticsearch.transport.local.LocalTransportChannel$2.run(LocalTransportChannel.java:103)
	at java.util.concurrent.ThreadPoolExecutor.runWorker(ThreadPoolExecutor.java:1142)
	at java.util.concurrent.ThreadPoolExecutor$Worker.run(ThreadPoolExecutor.java:617)
	at java.lang.Thread.run(Thread.java:745)
Caused by: RemoteTransportException[[node_s0][local[318]][internal:cluster/nodes/indices/shard/store[n]]]; nested: ElasticsearchException[Failed to list store metadata for shard [[test][0]]]; nested: CorruptIndexException[failed engine (reason: [recovery]) (resource=preexisting_corruption)]; nested: IOException[failed engine (reason: [recovery])]; nested: CorruptIndexException[checksum failed (hardware problem?) : expected=1i4sifl actual=qvgktr (resource=name [_0.cfe], length [433], checksum [1i4sifl], writtenBy [5.5.0]) (resource=VerifyingIndexOutput(_0.cfe))];
Caused by: ElasticsearchException[Failed to list store metadata for shard [[test][0]]]; nested: CorruptIndexException[failed engine (reason: [recovery]) (resource=preexisting_corruption)]; nested: IOException[failed engine (reason: [recovery])]; nested: CorruptIndexException[checksum failed (hardware problem?) : expected=1i4sifl actual=qvgktr (resource=name [_0.cfe], length [433], checksum [1i4sifl], writtenBy [5.5.0]) (resource=VerifyingIndexOutput(_0.cfe))];
	at org.elasticsearch.indices.store.TransportNodesListShardStoreMetaData.nodeOperation(TransportNodesListShardStoreMetaData.java:147)
	at org.elasticsearch.indices.store.TransportNodesListShardStoreMetaData.nodeOperation(TransportNodesListShardStoreMetaData.java:70)
	at org.elasticsearch.action.support.nodes.TransportNodesAction$NodeTransportHandler.messageReceived(TransportNodesAction.java:232)
	at org.elasticsearch.action.support.nodes.TransportNodesAction$NodeTransportHandler.messageReceived(TransportNodesAction.java:228)
	at org.elasticsearch.transport.TransportRequestHandler.messageReceived(TransportRequestHandler.java:33)
	at org.elasticsearch.transport.RequestHandlerRegistry.processMessageReceived(RequestHandlerRegistry.java:65)
	at org.elasticsearch.transport.local.LocalTransport$2.doRun(LocalTransport.java:296)
	at org.elasticsearch.common.util.concurrent.AbstractRunnable.run(AbstractRunnable.java:37)
	at java.util.concurrent.ThreadPoolExecutor.runWorker(ThreadPoolExecutor.java:1142)
	at java.util.concurrent.ThreadPoolExecutor$Worker.run(ThreadPoolExecutor.java:617)
	at java.lang.Thread.run(Thread.java:745)
Caused by: org.apache.lucene.index.CorruptIndexException: failed engine (reason: [recovery]) (resource=preexisting_corruption)
	at org.elasticsearch.index.store.Store.failIfCorrupted(Store.java:616)
	at org.elasticsearch.index.store.Store.readMetadataSnapshot(Store.java:413)
	at org.elasticsearch.indices.store.TransportNodesListShardStoreMetaData.listStoreMetaData(TransportNodesListShardStoreMetaData.java:180)
	at org.elasticsearch.indices.store.TransportNodesListShardStoreMetaData.nodeOperation(TransportNodesListShardStoreMetaData.java:145)
	... 10 more
Caused by: java.io.IOException: failed engine (reason: [recovery])
	at org.elasticsearch.index.engine.Engine.failEngine(Engine.java:609)
	at org.elasticsearch.index.shard.IndexShard.failShard(IndexShard.java:771)
	at org.elasticsearch.indices.recovery.RecoverySourceHandler.failEngine(RecoverySourceHandler.java:625)
	at org.elasticsearch.indices.recovery.RecoverySourceHandler.sendFiles(RecoverySourceHandler.java:605)
	at org.elasticsearch.indices.recovery.RecoverySourceHandler.phase1(RecoverySourceHandler.java:254)
	at org.elasticsearch.indices.recovery.RecoverySourceHandler.recoverToTarget(RecoverySourceHandler.java:135)
	at org.elasticsearch.indices.recovery.RecoverySource.recover(RecoverySource.java:123)
	at org.elasticsearch.indices.recovery.RecoverySource.access$100(RecoverySource.java:52)
	at org.elasticsearch.indices.recovery.RecoverySource$StartRecoveryTransportRequestHandler.messageReceived(RecoverySource.java:132)
	at org.elasticsearch.indices.recovery.RecoverySource$StartRecoveryTransportRequestHandler.messageReceived(RecoverySource.java:129)
	... 7 more
Caused by: org.apache.lucene.index.CorruptIndexException: checksum failed (hardware problem?) : expected=1i4sifl actual=qvgktr (resource=name [_0.cfe], length [433], checksum [1i4sifl], writtenBy [5.5.0]) (resource=VerifyingIndexOutput(_0.cfe))
	at org.elasticsearch.index.store.Store$LuceneVerifyingIndexOutput.readAndCompareChecksum(Store.java:1350)
	at org.elasticsearch.index.store.Store$LuceneVerifyingIndexOutput.writeByte(Store.java:1329)
	at org.elasticsearch.index.store.Store$LuceneVerifyingIndexOutput.writeBytes(Store.java:1358)
	at org.elasticsearch.indices.recovery.RecoveryTarget$FileChunkTransportRequestHandler.messageReceived(RecoveryTarget.java:468)
	at org.elasticsearch.indices.recovery.RecoveryTarget$FileChunkTransportRequestHandler.messageReceived(RecoveryTarget.java:432)
	... 7 more
[2016-03-29 17:31:10,222][WARN ][org.elasticsearch.index  ] [node_s1] [test] [index.merge.enabled] is set to false, this should only be used in tests and can cause serious problems in production environments
[2016-03-29 17:31:10,223][WARN ][org.elasticsearch.index  ] [node_s2] [test] [index.merge.enabled] is set to false, this should only be used in tests and can cause serious problems in production environments
[2016-03-29 17:31:10,224][WARN ][org.elasticsearch.index  ] [node_s1] [test] [index.merge.enabled] is set to false, this should only be used in tests and can cause serious problems in production environments
[2016-03-29 17:31:10,230][WARN ][org.elasticsearch.index  ] [node_s1] [test] [index.merge.enabled] is set to false, this should only be used in tests and can cause serious problems in production environments
[2016-03-29 17:31:10,231][WARN ][org.elasticsearch.indices.recovery] [node_s1] error while listing local files, recover as if there are none
org.apache.lucene.index.CorruptIndexException: failed engine (reason: [recovery]) (resource=preexisting_corruption)
	at org.elasticsearch.index.store.Store.failIfCorrupted(Store.java:616)
	at org.elasticsearch.index.store.Store.failIfCorrupted(Store.java:596)
	at org.elasticsearch.index.store.Store.getMetadata(Store.java:263)
	at org.elasticsearch.index.store.Store.getMetadataOrEmpty(Store.java:225)
	at org.elasticsearch.indices.recovery.RecoveryTarget.doRecovery(RecoveryTarget.java:169)
	at org.elasticsearch.indices.recovery.RecoveryTarget.access$1100(RecoveryTarget.java:79)
	at org.elasticsearch.indices.recovery.RecoveryTarget$RecoveryRunner.doRun(RecoveryTarget.java:521)
	at org.elasticsearch.common.util.concurrent.AbstractRunnable.run(AbstractRunnable.java:37)
	at java.util.concurrent.ThreadPoolExecutor.runWorker(ThreadPoolExecutor.java:1142)
	at java.util.concurrent.ThreadPoolExecutor$Worker.run(ThreadPoolExecutor.java:617)
	at java.lang.Thread.run(Thread.java:745)
Caused by: java.io.IOException: failed engine (reason: [recovery])
	at org.elasticsearch.index.engine.Engine.failEngine(Engine.java:609)
	at org.elasticsearch.index.shard.IndexShard.failShard(IndexShard.java:771)
	at org.elasticsearch.indices.recovery.RecoverySourceHandler.failEngine(RecoverySourceHandler.java:625)
	at org.elasticsearch.indices.recovery.RecoverySourceHandler.sendFiles(RecoverySourceHandler.java:605)
	at org.elasticsearch.indices.recovery.RecoverySourceHandler.phase1(RecoverySourceHandler.java:254)
	at org.elasticsearch.indices.recovery.RecoverySourceHandler.recoverToTarget(RecoverySourceHandler.java:135)
	at org.elasticsearch.indices.recovery.RecoverySource.recover(RecoverySource.java:123)
	at org.elasticsearch.indices.recovery.RecoverySource.access$100(RecoverySource.java:52)
	at org.elasticsearch.indices.recovery.RecoverySource$StartRecoveryTransportRequestHandler.messageReceived(RecoverySource.java:132)
	at org.elasticsearch.indices.recovery.RecoverySource$StartRecoveryTransportRequestHandler.messageReceived(RecoverySource.java:129)
	at org.elasticsearch.transport.TransportRequestHandler.messageReceived(TransportRequestHandler.java:33)
	at org.elasticsearch.transport.RequestHandlerRegistry.processMessageReceived(RequestHandlerRegistry.java:65)
	at org.elasticsearch.transport.local.LocalTransport$2.doRun(LocalTransport.java:296)
	... 4 more
Caused by: org.apache.lucene.index.CorruptIndexException: checksum failed (hardware problem?) : expected=1i4sifl actual=qvgktr (resource=name [_0.cfe], length [433], checksum [1i4sifl], writtenBy [5.5.0]) (resource=VerifyingIndexOutput(_0.cfe))
	at org.elasticsearch.index.store.Store$LuceneVerifyingIndexOutput.readAndCompareChecksum(Store.java:1350)
	at org.elasticsearch.index.store.Store$LuceneVerifyingIndexOutput.writeByte(Store.java:1329)
	at org.elasticsearch.index.store.Store$LuceneVerifyingIndexOutput.writeBytes(Store.java:1358)
	at org.elasticsearch.indices.recovery.RecoveryTarget$FileChunkTransportRequestHandler.messageReceived(RecoveryTarget.java:468)
	at org.elasticsearch.indices.recovery.RecoveryTarget$FileChunkTransportRequestHandler.messageReceived(RecoveryTarget.java:432)
	... 7 more
[2016-03-29 17:31:10,232][WARN ][org.elasticsearch.index  ] [node_s0] [test] [index.merge.enabled] is set to false, this should only be used in tests and can cause serious problems in production environments
[2016-03-29 17:31:10,264][WARN ][org.elasticsearch.index  ] [node_s1] [test] [index.merge.enabled] is set to false, this should only be used in tests and can cause serious problems in production environments
[2016-03-29 17:31:10,264][WARN ][org.elasticsearch.index  ] [node_s2] [test] [index.merge.enabled] is set to false, this should only be used in tests and can cause serious problems in production environments
[2016-03-29 17:31:10,267][WARN ][org.elasticsearch.index  ] [node_s0] [test] [index.merge.enabled] is set to false, this should only be used in tests and can cause serious problems in production environments
[2016-03-29 17:31:10,475][WARN ][org.elasticsearch.indices.cluster] [node_s2] [[test][0]] marking and sending shard failed due to [failed recovery]
RecoveryFailedException[[test][0]: Recovery failed from {node_s0}{uyrfWYLXSXWJDIMCcb-zyw}{local}{local[318]}[mode=>local] into {node_s2}{_7KaBXuOT86HVG0E9m8CGw}{local}{local[320]}[mode=>local] (failed to clean after recovery)]; nested: CorruptIndexException[checksum failed (hardware problem?) : expected=a8dfc23 actual=8d864ab1 (resource=BufferedChecksumIndexInput(MockIndexInputWrapper(SimpleFSIndexInput(path="/Users/ogbonnayacngwu/CSE2410_spring2016_projectileDysfunction/core/build/testrun/integTest/J2/temp/org.elasticsearch.index.store.CorruptedFileIT_4AA6DECDBC490785-001/tempDir-001/data/SUITE-CHILD_VM=[2]-CLUSTER_SEED=[-3911300646192775547]-HASH=[14406DDBC06CADF0]-cluster/nodes/2/indices/test/0/index/segments_1"))))];
	at org.elasticsearch.indices.recovery.RecoveryTarget$CleanFilesRequestHandler.messageReceived(RecoveryTarget.java:419)
	at org.elasticsearch.indices.recovery.RecoveryTarget$CleanFilesRequestHandler.messageReceived(RecoveryTarget.java:385)
	at org.elasticsearch.transport.TransportRequestHandler.messageReceived(TransportRequestHandler.java:33)
	at org.elasticsearch.transport.RequestHandlerRegistry.processMessageReceived(RequestHandlerRegistry.java:65)
	at org.elasticsearch.transport.local.LocalTransport$2.doRun(LocalTransport.java:296)
	at org.elasticsearch.common.util.concurrent.AbstractRunnable.run(AbstractRunnable.java:37)
	at java.util.concurrent.ThreadPoolExecutor.runWorker(ThreadPoolExecutor.java:1142)
	at java.util.concurrent.ThreadPoolExecutor$Worker.run(ThreadPoolExecutor.java:617)
	at java.lang.Thread.run(Thread.java:745)
Caused by: org.apache.lucene.index.CorruptIndexException: checksum failed (hardware problem?) : expected=a8dfc23 actual=8d864ab1 (resource=BufferedChecksumIndexInput(MockIndexInputWrapper(SimpleFSIndexInput(path="/Users/ogbonnayacngwu/CSE2410_spring2016_projectileDysfunction/core/build/testrun/integTest/J2/temp/org.elasticsearch.index.store.CorruptedFileIT_4AA6DECDBC490785-001/tempDir-001/data/SUITE-CHILD_VM=[2]-CLUSTER_SEED=[-3911300646192775547]-HASH=[14406DDBC06CADF0]-cluster/nodes/2/indices/test/0/index/segments_1"))))
	at org.apache.lucene.codecs.CodecUtil.checkFooter(CodecUtil.java:336)
	at org.apache.lucene.index.SegmentInfos.readCommit(SegmentInfos.java:442)
	at org.apache.lucene.index.SegmentInfos$1.doBody(SegmentInfos.java:493)
	at org.apache.lucene.index.SegmentInfos$1.doBody(SegmentInfos.java:490)
	at org.apache.lucene.index.SegmentInfos$FindSegmentsFile.run(SegmentInfos.java:731)
	at org.apache.lucene.index.SegmentInfos$FindSegmentsFile.run(SegmentInfos.java:683)
	at org.apache.lucene.index.SegmentInfos.readLatestCommit(SegmentInfos.java:495)
	at org.elasticsearch.common.lucene.Lucene.readSegmentInfos(Lucene.java:123)
	at org.elasticsearch.index.store.Store.readSegmentsInfo(Store.java:196)
	at org.elasticsearch.index.store.Store.access$200(Store.java:122)
	at org.elasticsearch.index.store.Store$MetadataSnapshot.loadMetadata(Store.java:845)
	at org.elasticsearch.index.store.Store$MetadataSnapshot.<init>(Store.java:794)
	at org.elasticsearch.index.store.Store.getMetadata(Store.java:266)
	at org.elasticsearch.index.store.Store.getMetadata(Store.java:246)
	at org.elasticsearch.index.store.Store.cleanupAndVerify(Store.java:672)
	at org.elasticsearch.indices.recovery.RecoveryTarget$CleanFilesRequestHandler.messageReceived(RecoveryTarget.java:402)
	... 8 more
[2016-03-29 17:31:10,476][WARN ][org.elasticsearch.cluster.action.shard] [node_s0] [test][0] received shard failed for [test][0], node[_7KaBXuOT86HVG0E9m8CGw], [R], v[3], s[INITIALIZING], a[id=0YxtAeu4QIiSHlk2VO3s_Q], unassigned_info[[reason=REPLICA_ADDED], at[2016-03-29T21:31:10.417Z]], indexUUID [hZk43lIXSTucJmtnV_x3xA], message [failed recovery], failure [RecoveryFailedException[[test][0]: Recovery failed from {node_s0}{uyrfWYLXSXWJDIMCcb-zyw}{local}{local[318]}[mode=>local] into {node_s2}{_7KaBXuOT86HVG0E9m8CGw}{local}{local[320]}[mode=>local] (failed to clean after recovery)]; nested: CorruptIndexException[checksum failed (hardware problem?) : expected=a8dfc23 actual=8d864ab1 (resource=BufferedChecksumIndexInput(MockIndexInputWrapper(SimpleFSIndexInput(path="/Users/ogbonnayacngwu/CSE2410_spring2016_projectileDysfunction/core/build/testrun/integTest/J2/temp/org.elasticsearch.index.store.CorruptedFileIT_4AA6DECDBC490785-001/tempDir-001/data/SUITE-CHILD_VM=[2]-CLUSTER_SEED=[-3911300646192775547]-HASH=[14406DDBC06CADF0]-cluster/nodes/2/indices/test/0/index/segments_1"))))]; ]
RecoveryFailedException[[test][0]: Recovery failed from {node_s0}{uyrfWYLXSXWJDIMCcb-zyw}{local}{local[318]}[mode=>local] into {node_s2}{_7KaBXuOT86HVG0E9m8CGw}{local}{local[320]}[mode=>local] (failed to clean after recovery)]; nested: CorruptIndexException[checksum failed (hardware problem?) : expected=a8dfc23 actual=8d864ab1 (resource=BufferedChecksumIndexInput(MockIndexInputWrapper(SimpleFSIndexInput(path="/Users/ogbonnayacngwu/CSE2410_spring2016_projectileDysfunction/core/build/testrun/integTest/J2/temp/org.elasticsearch.index.store.CorruptedFileIT_4AA6DECDBC490785-001/tempDir-001/data/SUITE-CHILD_VM=[2]-CLUSTER_SEED=[-3911300646192775547]-HASH=[14406DDBC06CADF0]-cluster/nodes/2/indices/test/0/index/segments_1"))))];
	at org.elasticsearch.indices.recovery.RecoveryTarget$CleanFilesRequestHandler.messageReceived(RecoveryTarget.java:419)
	at org.elasticsearch.indices.recovery.RecoveryTarget$CleanFilesRequestHandler.messageReceived(RecoveryTarget.java:385)
	at org.elasticsearch.transport.TransportRequestHandler.messageReceived(TransportRequestHandler.java:33)
	at org.elasticsearch.transport.RequestHandlerRegistry.processMessageReceived(RequestHandlerRegistry.java:65)
	at org.elasticsearch.transport.local.LocalTransport$2.doRun(LocalTransport.java:296)
	at org.elasticsearch.common.util.concurrent.AbstractRunnable.run(AbstractRunnable.java:37)
	at java.util.concurrent.ThreadPoolExecutor.runWorker(ThreadPoolExecutor.java:1142)
	at java.util.concurrent.ThreadPoolExecutor$Worker.run(ThreadPoolExecutor.java:617)
	at java.lang.Thread.run(Thread.java:745)
Caused by: org.apache.lucene.index.CorruptIndexException: checksum failed (hardware problem?) : expected=a8dfc23 actual=8d864ab1 (resource=BufferedChecksumIndexInput(MockIndexInputWrapper(SimpleFSIndexInput(path="/Users/ogbonnayacngwu/CSE2410_spring2016_projectileDysfunction/core/build/testrun/integTest/J2/temp/org.elasticsearch.index.store.CorruptedFileIT_4AA6DECDBC490785-001/tempDir-001/data/SUITE-CHILD_VM=[2]-CLUSTER_SEED=[-3911300646192775547]-HASH=[14406DDBC06CADF0]-cluster/nodes/2/indices/test/0/index/segments_1"))))
	at org.apache.lucene.codecs.CodecUtil.checkFooter(CodecUtil.java:336)
	at org.apache.lucene.index.SegmentInfos.readCommit(SegmentInfos.java:442)
	at org.apache.lucene.index.SegmentInfos$1.doBody(SegmentInfos.java:493)
	at org.apache.lucene.index.SegmentInfos$1.doBody(SegmentInfos.java:490)
	at org.apache.lucene.index.SegmentInfos$FindSegmentsFile.run(SegmentInfos.java:731)
	at org.apache.lucene.index.SegmentInfos$FindSegmentsFile.run(SegmentInfos.java:683)
	at org.apache.lucene.index.SegmentInfos.readLatestCommit(SegmentInfos.java:495)
	at org.elasticsearch.common.lucene.Lucene.readSegmentInfos(Lucene.java:123)
	at org.elasticsearch.index.store.Store.readSegmentsInfo(Store.java:196)
	at org.elasticsearch.index.store.Store.access$200(Store.java:122)
	at org.elasticsearch.index.store.Store$MetadataSnapshot.loadMetadata(Store.java:845)
	at org.elasticsearch.index.store.Store$MetadataSnapshot.<init>(Store.java:794)
	at org.elasticsearch.index.store.Store.getMetadata(Store.java:266)
	at org.elasticsearch.index.store.Store.getMetadata(Store.java:246)
	at org.elasticsearch.index.store.Store.cleanupAndVerify(Store.java:672)
	at org.elasticsearch.indices.recovery.RecoveryTarget$CleanFilesRequestHandler.messageReceived(RecoveryTarget.java:402)
	... 8 more
[2016-03-29 17:31:10,480][WARN ][org.elasticsearch.indices.recovery] [node_s0] [test][0] Remote file corruption during finalization on node {node_s2}{_7KaBXuOT86HVG0E9m8CGw}{local}{local[320]}[mode=>local], recovering {}. local checksum OK
org.apache.lucene.index.CorruptIndexException: checksum failed (hardware problem?) : expected=a8dfc23 actual=8d864ab1 (resource=BufferedChecksumIndexInput(MockIndexInputWrapper(SimpleFSIndexInput(path="/Users/ogbonnayacngwu/CSE2410_spring2016_projectileDysfunction/core/build/testrun/integTest/J2/temp/org.elasticsearch.index.store.CorruptedFileIT_4AA6DECDBC490785-001/tempDir-001/data/SUITE-CHILD_VM=[2]-CLUSTER_SEED=[-3911300646192775547]-HASH=[14406DDBC06CADF0]-cluster/nodes/2/indices/test/0/index/segments_1"))))
	at org.apache.lucene.codecs.CodecUtil.checkFooter(CodecUtil.java:336)
	at org.apache.lucene.index.SegmentInfos.readCommit(SegmentInfos.java:442)
	at org.apache.lucene.index.SegmentInfos$1.doBody(SegmentInfos.java:493)
	at org.apache.lucene.index.SegmentInfos$1.doBody(SegmentInfos.java:490)
	at org.apache.lucene.index.SegmentInfos$FindSegmentsFile.run(SegmentInfos.java:731)
	at org.apache.lucene.index.SegmentInfos$FindSegmentsFile.run(SegmentInfos.java:683)
	at org.apache.lucene.index.SegmentInfos.readLatestCommit(SegmentInfos.java:495)
	at org.elasticsearch.common.lucene.Lucene.readSegmentInfos(Lucene.java:123)
	at org.elasticsearch.index.store.Store.readSegmentsInfo(Store.java:196)
	at org.elasticsearch.index.store.Store.access$200(Store.java:122)
	at org.elasticsearch.index.store.Store$MetadataSnapshot.loadMetadata(Store.java:845)
	at org.elasticsearch.index.store.Store$MetadataSnapshot.<init>(Store.java:794)
	at org.elasticsearch.index.store.Store.getMetadata(Store.java:266)
	at org.elasticsearch.index.store.Store.getMetadata(Store.java:246)
	at org.elasticsearch.index.store.Store.cleanupAndVerify(Store.java:672)
	at org.elasticsearch.indices.recovery.RecoveryTarget$CleanFilesRequestHandler.messageReceived(RecoveryTarget.java:402)
	at org.elasticsearch.indices.recovery.RecoveryTarget$CleanFilesRequestHandler.messageReceived(RecoveryTarget.java:385)
	at org.elasticsearch.transport.TransportRequestHandler.messageReceived(TransportRequestHandler.java:33)
	at org.elasticsearch.transport.RequestHandlerRegistry.processMessageReceived(RequestHandlerRegistry.java:65)
	at org.elasticsearch.transport.local.LocalTransport$2.doRun(LocalTransport.java:296)
	at org.elasticsearch.common.util.concurrent.AbstractRunnable.run(AbstractRunnable.java:37)
	at java.util.concurrent.ThreadPoolExecutor.runWorker(ThreadPoolExecutor.java:1142)
	at java.util.concurrent.ThreadPoolExecutor$Worker.run(ThreadPoolExecutor.java:617)
	at java.lang.Thread.run(Thread.java:745)
[2016-03-29 17:31:10,953][WARN ][org.elasticsearch.indices.recovery] [node_s2] 0 Remote file corruption on node {node_s1}{9dID2SsXQv6g1teXJNcaxw}{local}{local[319]}[mode=>local], recovering name [_0_1.liv], length [147], checksum [gfbvr0], writtenBy [5.5.0]. local checksum OK
org.apache.lucene.index.CorruptIndexException: checksum failed (hardware problem?) : expected=gfbvr0 actual=1lfu1dg (resource=name [_0_1.liv], length [147], checksum [gfbvr0], writtenBy [5.5.0]) (resource=VerifyingIndexOutput(_0_1.liv))
	at org.elasticsearch.index.store.Store$LuceneVerifyingIndexOutput.readAndCompareChecksum(Store.java:1350)
	at org.elasticsearch.index.store.Store$LuceneVerifyingIndexOutput.writeByte(Store.java:1329)
	at org.elasticsearch.index.store.Store$LuceneVerifyingIndexOutput.writeBytes(Store.java:1358)
	at org.elasticsearch.indices.recovery.RecoveryTarget$FileChunkTransportRequestHandler.messageReceived(RecoveryTarget.java:468)
	at org.elasticsearch.indices.recovery.RecoveryTarget$FileChunkTransportRequestHandler.messageReceived(RecoveryTarget.java:432)
	at org.elasticsearch.transport.TransportRequestHandler.messageReceived(TransportRequestHandler.java:33)
	at org.elasticsearch.transport.RequestHandlerRegistry.processMessageReceived(RequestHandlerRegistry.java:65)
	at org.elasticsearch.transport.local.LocalTransport$2.doRun(LocalTransport.java:296)
	at org.elasticsearch.common.util.concurrent.AbstractRunnable.run(AbstractRunnable.java:37)
	at java.util.concurrent.ThreadPoolExecutor.runWorker(ThreadPoolExecutor.java:1142)
	at java.util.concurrent.ThreadPoolExecutor$Worker.run(ThreadPoolExecutor.java:617)
	at java.lang.Thread.run(Thread.java:745)
[2016-03-29 17:31:10,955][WARN ][org.elasticsearch.indices.cluster] [node_s1] [[test][0]] marking and sending shard failed due to [failed recovery]
RecoveryFailedException[[test][0]: Recovery failed from {node_s2}{_7KaBXuOT86HVG0E9m8CGw}{local}{local[320]}[mode=>local] into {node_s1}{9dID2SsXQv6g1teXJNcaxw}{local}{local[319]}[mode=>local]]; nested: RemoteTransportException[[node_s1][local[319]][internal:index/shard/recovery/start_recovery]]; nested: RecoveryEngineException[Phase[1] phase1 failed]; nested: RecoverFilesRecoveryException[Failed to transfer [5] files with total size of [18.2kb]]; nested: RemoteTransportException[[File corruption occurred on recovery but checksums are ok]];
	at org.elasticsearch.indices.recovery.RecoveryTarget.doRecovery(RecoveryTarget.java:271)
	at org.elasticsearch.indices.recovery.RecoveryTarget.access$1100(RecoveryTarget.java:79)
	at org.elasticsearch.indices.recovery.RecoveryTarget$RecoveryRunner.doRun(RecoveryTarget.java:521)
	at org.elasticsearch.common.util.concurrent.AbstractRunnable.run(AbstractRunnable.java:37)
	at java.util.concurrent.ThreadPoolExecutor.runWorker(ThreadPoolExecutor.java:1142)
	at java.util.concurrent.ThreadPoolExecutor$Worker.run(ThreadPoolExecutor.java:617)
	at java.lang.Thread.run(Thread.java:745)
Caused by: RemoteTransportException[[node_s1][local[319]][internal:index/shard/recovery/start_recovery]]; nested: RecoveryEngineException[Phase[1] phase1 failed]; nested: RecoverFilesRecoveryException[Failed to transfer [5] files with total size of [18.2kb]]; nested: RemoteTransportException[[File corruption occurred on recovery but checksums are ok]];
Caused by: [test][[test][0]] RecoveryEngineException[Phase[1] phase1 failed]; nested: RecoverFilesRecoveryException[Failed to transfer [5] files with total size of [18.2kb]]; nested: RemoteTransportException[[File corruption occurred on recovery but checksums are ok]];
	at org.elasticsearch.indices.recovery.RecoverySourceHandler.recoverToTarget(RecoverySourceHandler.java:137)
	at org.elasticsearch.indices.recovery.RecoverySource.recover(RecoverySource.java:123)
	at org.elasticsearch.indices.recovery.RecoverySource.access$100(RecoverySource.java:52)
	at org.elasticsearch.indices.recovery.RecoverySource$StartRecoveryTransportRequestHandler.messageReceived(RecoverySource.java:132)
	at org.elasticsearch.indices.recovery.RecoverySource$StartRecoveryTransportRequestHandler.messageReceived(RecoverySource.java:129)
	at org.elasticsearch.transport.TransportRequestHandler.messageReceived(TransportRequestHandler.java:33)
	at org.elasticsearch.transport.RequestHandlerRegistry.processMessageReceived(RequestHandlerRegistry.java:65)
	at org.elasticsearch.transport.local.LocalTransport$2.doRun(LocalTransport.java:296)
	at org.elasticsearch.common.util.concurrent.AbstractRunnable.run(AbstractRunnable.java:37)
	at java.util.concurrent.ThreadPoolExecutor.runWorker(ThreadPoolExecutor.java:1142)
	at java.util.concurrent.ThreadPoolExecutor$Worker.run(ThreadPoolExecutor.java:617)
	at java.lang.Thread.run(Thread.java:745)
Caused by: [test][[test][0]] RecoverFilesRecoveryException[Failed to transfer [5] files with total size of [18.2kb]]; nested: RemoteTransportException[[File corruption occurred on recovery but checksums are ok]];
	at org.elasticsearch.indices.recovery.RecoverySourceHandler.phase1(RecoverySourceHandler.java:316)
	at org.elasticsearch.indices.recovery.RecoverySourceHandler.recoverToTarget(RecoverySourceHandler.java:135)
	... 11 more
Caused by: RemoteTransportException[[File corruption occurred on recovery but checksums are ok]]
	Suppressed: RemoteTransportException[[node_s2][local[320]][internal:index/shard/recovery/file_chunk]]; nested: CorruptIndexException[checksum failed (hardware problem?) : expected=gfbvr0 actual=1lfu1dg (resource=name [_0_1.liv], length [147], checksum [gfbvr0], writtenBy [5.5.0]) (resource=VerifyingIndexOutput(_0_1.liv))];
	Caused by: org.apache.lucene.index.CorruptIndexException: checksum failed (hardware problem?) : expected=gfbvr0 actual=1lfu1dg (resource=name [_0_1.liv], length [147], checksum [gfbvr0], writtenBy [5.5.0]) (resource=VerifyingIndexOutput(_0_1.liv))
		at org.elasticsearch.index.store.Store$LuceneVerifyingIndexOutput.readAndCompareChecksum(Store.java:1350)
		at org.elasticsearch.index.store.Store$LuceneVerifyingIndexOutput.writeByte(Store.java:1329)
		at org.elasticsearch.index.store.Store$LuceneVerifyingIndexOutput.writeBytes(Store.java:1358)
		at org.elasticsearch.indices.recovery.RecoveryTarget$FileChunkTransportRequestHandler.messageReceived(RecoveryTarget.java:468)
		at org.elasticsearch.indices.recovery.RecoveryTarget$FileChunkTransportRequestHandler.messageReceived(RecoveryTarget.java:432)
		at org.elasticsearch.transport.TransportRequestHandler.messageReceived(TransportRequestHandler.java:33)
		at org.elasticsearch.transport.RequestHandlerRegistry.processMessageReceived(RequestHandlerRegistry.java:65)
		at org.elasticsearch.transport.local.LocalTransport$2.doRun(LocalTransport.java:296)
		at org.elasticsearch.common.util.concurrent.AbstractRunnable.run(AbstractRunnable.java:37)
		at java.util.concurrent.ThreadPoolExecutor.runWorker(ThreadPoolExecutor.java:1142)
		at java.util.concurrent.ThreadPoolExecutor$Worker.run(ThreadPoolExecutor.java:617)
		at java.lang.Thread.run(Thread.java:745)
[2016-03-29 17:31:10,956][WARN ][org.elasticsearch.cluster.action.shard] [node_s0] [test][0] received shard failed for [test][0], node[9dID2SsXQv6g1teXJNcaxw], [R], v[3], s[INITIALIZING], a[id=-0JXLSlMTHiZWc3DD9vgMQ], unassigned_info[[reason=REPLICA_ADDED], at[2016-03-29T21:31:10.936Z]], indexUUID [KK2OyDUMQQqDqv5UiJV7WQ], message [failed recovery], failure [RecoveryFailedException[[test][0]: Recovery failed from {node_s2}{_7KaBXuOT86HVG0E9m8CGw}{local}{local[320]}[mode=>local] into {node_s1}{9dID2SsXQv6g1teXJNcaxw}{local}{local[319]}[mode=>local]]; nested: RemoteTransportException[[node_s1][local[319]][internal:index/shard/recovery/start_recovery]]; nested: RecoveryEngineException[Phase[1] phase1 failed]; nested: RecoverFilesRecoveryException[Failed to transfer [5] files with total size of [18.2kb]]; nested: RemoteTransportException[[File corruption occurred on recovery but checksums are ok]]; ]
RecoveryFailedException[[test][0]: Recovery failed from {node_s2}{_7KaBXuOT86HVG0E9m8CGw}{local}{local[320]}[mode=>local] into {node_s1}{9dID2SsXQv6g1teXJNcaxw}{local}{local[319]}[mode=>local]]; nested: RemoteTransportException[[node_s1][local[319]][internal:index/shard/recovery/start_recovery]]; nested: RecoveryEngineException[Phase[1] phase1 failed]; nested: RecoverFilesRecoveryException[Failed to transfer [5] files with total size of [18.2kb]]; nested: RemoteTransportException[[File corruption occurred on recovery but checksums are ok]];
	at org.elasticsearch.indices.recovery.RecoveryTarget.doRecovery(RecoveryTarget.java:271)
	at org.elasticsearch.indices.recovery.RecoveryTarget.access$1100(RecoveryTarget.java:79)
	at org.elasticsearch.indices.recovery.RecoveryTarget$RecoveryRunner.doRun(RecoveryTarget.java:521)
	at org.elasticsearch.common.util.concurrent.AbstractRunnable.run(AbstractRunnable.java:37)
	at java.util.concurrent.ThreadPoolExecutor.runWorker(ThreadPoolExecutor.java:1142)
	at java.util.concurrent.ThreadPoolExecutor$Worker.run(ThreadPoolExecutor.java:617)
	at java.lang.Thread.run(Thread.java:745)
Caused by: RemoteTransportException[[node_s1][local[319]][internal:index/shard/recovery/start_recovery]]; nested: RecoveryEngineException[Phase[1] phase1 failed]; nested: RecoverFilesRecoveryException[Failed to transfer [5] files with total size of [18.2kb]]; nested: RemoteTransportException[[File corruption occurred on recovery but checksums are ok]];
Caused by: [test][[test][0]] RecoveryEngineException[Phase[1] phase1 failed]; nested: RecoverFilesRecoveryException[Failed to transfer [5] files with total size of [18.2kb]]; nested: RemoteTransportException[[File corruption occurred on recovery but checksums are ok]];
	at org.elasticsearch.indices.recovery.RecoverySourceHandler.recoverToTarget(RecoverySourceHandler.java:137)
	at org.elasticsearch.indices.recovery.RecoverySource.recover(RecoverySource.java:123)
	at org.elasticsearch.indices.recovery.RecoverySource.access$100(RecoverySource.java:52)
	at org.elasticsearch.indices.recovery.RecoverySource$StartRecoveryTransportRequestHandler.messageReceived(RecoverySource.java:132)
	at org.elasticsearch.indices.recovery.RecoverySource$StartRecoveryTransportRequestHandler.messageReceived(RecoverySource.java:129)
	at org.elasticsearch.transport.TransportRequestHandler.messageReceived(TransportRequestHandler.java:33)
	at org.elasticsearch.transport.RequestHandlerRegistry.processMessageReceived(RequestHandlerRegistry.java:65)
	at org.elasticsearch.transport.local.LocalTransport$2.doRun(LocalTransport.java:296)
	at org.elasticsearch.common.util.concurrent.AbstractRunnable.run(AbstractRunnable.java:37)
	at java.util.concurrent.ThreadPoolExecutor.runWorker(ThreadPoolExecutor.java:1142)
	at java.util.concurrent.ThreadPoolExecutor$Worker.run(ThreadPoolExecutor.java:617)
	at java.lang.Thread.run(Thread.java:745)
Caused by: [test][[test][0]] RecoverFilesRecoveryException[Failed to transfer [5] files with total size of [18.2kb]]; nested: RemoteTransportException[[File corruption occurred on recovery but checksums are ok]];
	at org.elasticsearch.indices.recovery.RecoverySourceHandler.phase1(RecoverySourceHandler.java:316)
	at org.elasticsearch.indices.recovery.RecoverySourceHandler.recoverToTarget(RecoverySourceHandler.java:135)
	... 11 more
Caused by: RemoteTransportException[[File corruption occurred on recovery but checksums are ok]]
	Suppressed: RemoteTransportException[[node_s2][local[320]][internal:index/shard/recovery/file_chunk]]; nested: CorruptIndexException[checksum failed (hardware problem?) : expected=gfbvr0 actual=1lfu1dg (resource=name [_0_1.liv], length [147], checksum [gfbvr0], writtenBy [5.5.0]) (resource=VerifyingIndexOutput(_0_1.liv))];
	Caused by: org.apache.lucene.index.CorruptIndexException: checksum failed (hardware problem?) : expected=gfbvr0 actual=1lfu1dg (resource=name [_0_1.liv], length [147], checksum [gfbvr0], writtenBy [5.5.0]) (resource=VerifyingIndexOutput(_0_1.liv))
		at org.elasticsearch.index.store.Store$LuceneVerifyingIndexOutput.readAndCompareChecksum(Store.java:1350)
		at org.elasticsearch.index.store.Store$LuceneVerifyingIndexOutput.writeByte(Store.java:1329)
		at org.elasticsearch.index.store.Store$LuceneVerifyingIndexOutput.writeBytes(Store.java:1358)
		at org.elasticsearch.indices.recovery.RecoveryTarget$FileChunkTransportRequestHandler.messageReceived(RecoveryTarget.java:468)
		at org.elasticsearch.indices.recovery.RecoveryTarget$FileChunkTransportRequestHandler.messageReceived(RecoveryTarget.java:432)
		at org.elasticsearch.transport.TransportRequestHandler.messageReceived(TransportRequestHandler.java:33)
		at org.elasticsearch.transport.RequestHandlerRegistry.processMessageReceived(RequestHandlerRegistry.java:65)
		at org.elasticsearch.transport.local.LocalTransport$2.doRun(LocalTransport.java:296)
		at org.elasticsearch.common.util.concurrent.AbstractRunnable.run(AbstractRunnable.java:37)
		at java.util.concurrent.ThreadPoolExecutor.runWorker(ThreadPoolExecutor.java:1142)
		at java.util.concurrent.ThreadPoolExecutor$Worker.run(ThreadPoolExecutor.java:617)
		at java.lang.Thread.run(Thread.java:745)
[2016-03-29 17:31:11,123][WARN ][org.elasticsearch.index  ] [node_s0] [test] [index.merge.enabled] is set to false, this should only be used in tests and can cause serious problems in production environments
[2016-03-29 17:31:11,124][WARN ][org.elasticsearch.index  ] [node_s0] [test] [index.merge.enabled] is set to false, this should only be used in tests and can cause serious problems in production environments
[2016-03-29 17:31:11,124][WARN ][org.elasticsearch.index  ] [node_s0] [test] [index.merge.enabled] is set to false, this should only be used in tests and can cause serious problems in production environments
[2016-03-29 17:31:11,125][WARN ][org.elasticsearch.index  ] [node_s0] [test] [index.merge.enabled] is set to false, this should only be used in tests and can cause serious problems in production environments
[2016-03-29 17:31:11,125][WARN ][org.elasticsearch.index  ] [node_s0] [test] [index.merge.enabled] is set to false, this should only be used in tests and can cause serious problems in production environments
[2016-03-29 17:31:11,125][WARN ][org.elasticsearch.index  ] [node_s1] [test] [index.merge.enabled] is set to false, this should only be used in tests and can cause serious problems in production environments
[2016-03-29 17:31:11,126][WARN ][org.elasticsearch.index  ] [node_s2] [test] [index.merge.enabled] is set to false, this should only be used in tests and can cause serious problems in production environments
[2016-03-29 17:31:11,127][WARN ][org.elasticsearch.index  ] [node_s2] [test] [index.merge.enabled] is set to false, this should only be used in tests and can cause serious problems in production environments
[2016-03-29 17:31:11,127][WARN ][org.elasticsearch.index  ] [node_s1] [test] [index.merge.enabled] is set to false, this should only be used in tests and can cause serious problems in production environments
[2016-03-29 17:31:11,128][WARN ][org.elasticsearch.index  ] [node_s2] [test] [index.merge.enabled] is set to false, this should only be used in tests and can cause serious problems in production environments
[2016-03-29 17:31:11,131][WARN ][org.elasticsearch.index  ] [node_s1] [test] [index.merge.enabled] is set to false, this should only be used in tests and can cause serious problems in production environments
[2016-03-29 17:31:11,132][WARN ][org.elasticsearch.index  ] [node_s1] [test] [index.merge.enabled] is set to false, this should only be used in tests and can cause serious problems in production environments
[2016-03-29 17:31:11,133][WARN ][org.elasticsearch.index  ] [node_s0] [test] [index.merge.enabled] is set to false, this should only be used in tests and can cause serious problems in production environments
[2016-03-29 17:31:11,135][WARN ][org.elasticsearch.index  ] [node_s0] [test] [index.merge.enabled] is set to false, this should only be used in tests and can cause serious problems in production environments
[2016-03-29 17:31:11,137][WARN ][org.elasticsearch.index  ] [node_s0] [test] [index.merge.enabled] is set to false, this should only be used in tests and can cause serious problems in production environments
[2016-03-29 17:31:11,141][WARN ][org.elasticsearch.index  ] [node_s2] [test] [index.merge.enabled] is set to false, this should only be used in tests and can cause serious problems in production environments
[2016-03-29 17:31:11,141][WARN ][org.elasticsearch.index  ] [node_s1] [test] [index.merge.enabled] is set to false, this should only be used in tests and can cause serious problems in production environments
[2016-03-29 17:31:11,142][WARN ][org.elasticsearch.index  ] [node_s2] [test] [index.merge.enabled] is set to false, this should only be used in tests and can cause serious problems in production environments
[2016-03-29 17:31:11,143][WARN ][org.elasticsearch.index  ] [node_s0] [test] [index.merge.enabled] is set to false, this should only be used in tests and can cause serious problems in production environments
[2016-03-29 17:31:11,144][WARN ][org.elasticsearch.index  ] [node_s1] [test] [index.merge.enabled] is set to false, this should only be used in tests and can cause serious problems in production environments
[2016-03-29 17:31:11,145][WARN ][org.elasticsearch.index  ] [node_s2] [test] [index.merge.enabled] is set to false, this should only be used in tests and can cause serious problems in production environments
[2016-03-29 17:31:11,145][WARN ][org.elasticsearch.index  ] [node_s0] [test] [index.merge.enabled] is set to false, this should only be used in tests and can cause serious problems in production environments
[2016-03-29 17:31:11,148][WARN ][org.elasticsearch.index  ] [node_s1] [test] [index.merge.enabled] is set to false, this should only be used in tests and can cause serious problems in production environments
[2016-03-29 17:31:11,148][WARN ][org.elasticsearch.index  ] [node_s2] [test] [index.merge.enabled] is set to false, this should only be used in tests and can cause serious problems in production environments
[2016-03-29 17:31:11,150][WARN ][org.elasticsearch.index  ] [node_s2] [test] [index.merge.enabled] is set to false, this should only be used in tests and can cause serious problems in production environments
[2016-03-29 17:31:11,150][WARN ][org.elasticsearch.index  ] [node_s1] [test] [index.merge.enabled] is set to false, this should only be used in tests and can cause serious problems in production environments
[2016-03-29 17:31:11,150][WARN ][org.elasticsearch.index  ] [node_s0] [test] [index.merge.enabled] is set to false, this should only be used in tests and can cause serious problems in production environments
[2016-03-29 17:31:11,152][WARN ][org.elasticsearch.index  ] [node_s2] [test] [index.merge.enabled] is set to false, this should only be used in tests and can cause serious problems in production environments
[2016-03-29 17:31:11,152][WARN ][org.elasticsearch.index  ] [node_s0] [test] [index.merge.enabled] is set to false, this should only be used in tests and can cause serious problems in production environments
[2016-03-29 17:31:11,152][WARN ][org.elasticsearch.index  ] [node_s1] [test] [index.merge.enabled] is set to false, this should only be used in tests and can cause serious problems in production environments
[2016-03-29 17:31:11,154][WARN ][org.elasticsearch.index  ] [node_s2] [test] [index.merge.enabled] is set to false, this should only be used in tests and can cause serious problems in production environments
[2016-03-29 17:31:11,155][WARN ][org.elasticsearch.index  ] [node_s0] [test] [index.merge.enabled] is set to false, this should only be used in tests and can cause serious problems in production environments
[2016-03-29 17:31:11,156][WARN ][org.elasticsearch.index  ] [node_s0] [test] [index.merge.enabled] is set to false, this should only be used in tests and can cause serious problems in production environments
[2016-03-29 17:31:11,228][WARN ][org.elasticsearch.index  ] [node_s1] [test] [index.merge.enabled] is set to false, this should only be used in tests and can cause serious problems in production environments
[2016-03-29 17:31:11,228][WARN ][org.elasticsearch.index  ] [node_s2] [test] [index.merge.enabled] is set to false, this should only be used in tests and can cause serious problems in production environments
[2016-03-29 17:31:11,230][WARN ][org.elasticsearch.index  ] [node_s0] [test] [index.merge.enabled] is set to false, this should only be used in tests and can cause serious problems in production environments
[2016-03-29 17:31:11,233][WARN ][org.elasticsearch.index  ] [node_s1] [test] [index.merge.enabled] is set to false, this should only be used in tests and can cause serious problems in production environments
[2016-03-29 17:31:11,235][WARN ][org.elasticsearch.index  ] [node_s2] [test] [index.merge.enabled] is set to false, this should only be used in tests and can cause serious problems in production environments
[2016-03-29 17:31:11,237][WARN ][org.elasticsearch.index  ] [node_s2] [test] [index.merge.enabled] is set to false, this should only be used in tests and can cause serious problems in production environments
[2016-03-29 17:31:11,238][WARN ][org.elasticsearch.index  ] [node_s1] [test] [index.merge.enabled] is set to false, this should only be used in tests and can cause serious problems in production environments
[2016-03-29 17:31:11,239][WARN ][org.elasticsearch.index  ] [node_s2] [test] [index.merge.enabled] is set to false, this should only be used in tests and can cause serious problems in production environments
[2016-03-29 17:31:11,242][WARN ][org.elasticsearch.index  ] [node_s0] [test] [index.merge.enabled] is set to false, this should only be used in tests and can cause serious problems in production environments
[2016-03-29 17:31:11,243][WARN ][org.elasticsearch.index  ] [node_s0] [test] [index.merge.enabled] is set to false, this should only be used in tests and can cause serious problems in production environments
[2016-03-29 17:31:11,244][WARN ][org.elasticsearch.index  ] [node_s1] [test] [index.merge.enabled] is set to false, this should only be used in tests and can cause serious problems in production environments
[2016-03-29 17:31:11,244][WARN ][org.elasticsearch.index  ] [node_s2] [test] [index.merge.enabled] is set to false, this should only be used in tests and can cause serious problems in production environments
[2016-03-29 17:31:11,244][WARN ][org.elasticsearch.index  ] [node_s0] [test] [index.merge.enabled] is set to false, this should only be used in tests and can cause serious problems in production environments
[2016-03-29 17:31:11,259][WARN ][org.elasticsearch.index  ] [node_s2] [test] [index.merge.enabled] is set to false, this should only be used in tests and can cause serious problems in production environments
[2016-03-29 17:31:11,259][WARN ][org.elasticsearch.index  ] [node_s1] [test] [index.merge.enabled] is set to false, this should only be used in tests and can cause serious problems in production environments
[2016-03-29 17:31:11,261][WARN ][org.elasticsearch.index  ] [node_s0] [test] [index.merge.enabled] is set to false, this should only be used in tests and can cause serious problems in production environments
[2016-03-29 17:31:11,265][WARN ][org.elasticsearch.index  ] [node_s1] [test] [index.merge.enabled] is set to false, this should only be used in tests and can cause serious problems in production environments
[2016-03-29 17:31:11,265][WARN ][org.elasticsearch.index  ] [node_s2] [test] [index.merge.enabled] is set to false, this should only be used in tests and can cause serious problems in production environments
[2016-03-29 17:31:11,268][WARN ][org.elasticsearch.index  ] [node_s0] [test] [index.merge.enabled] is set to false, this should only be used in tests and can cause serious problems in production environments
[2016-03-29 17:31:11,270][WARN ][org.elasticsearch.index  ] [node_s1] [test] [index.merge.enabled] is set to false, this should only be used in tests and can cause serious problems in production environments
[2016-03-29 17:31:11,270][WARN ][org.elasticsearch.index  ] [node_s0] [test] [index.merge.enabled] is set to false, this should only be used in tests and can cause serious problems in production environments
[2016-03-29 17:31:11,273][WARN ][org.elasticsearch.index  ] [node_s0] [test] [index.merge.enabled] is set to false, this should only be used in tests and can cause serious problems in production environments
[2016-03-29 17:31:11,274][WARN ][org.elasticsearch.indices.recovery] [node_s0] 2 Corrupted file detected name [_0.cfs], length [5960], checksum [14322ck], writtenBy [5.5.0] checksum mismatch
[2016-03-29 17:31:11,274][WARN ][org.elasticsearch.index.engine] [node_s0] [test][2] failed engine [recovery]
org.apache.lucene.index.CorruptIndexException: checksum failed (hardware problem?) : expected=14322ck actual=1ye2q69 (resource=name [_0.cfs], length [5960], checksum [14322ck], writtenBy [5.5.0]) (resource=VerifyingIndexOutput(_0.cfs))
	at org.elasticsearch.index.store.Store$LuceneVerifyingIndexOutput.readAndCompareChecksum(Store.java:1350)
	at org.elasticsearch.index.store.Store$LuceneVerifyingIndexOutput.writeByte(Store.java:1329)
	at org.elasticsearch.index.store.Store$LuceneVerifyingIndexOutput.writeBytes(Store.java:1358)
	at org.elasticsearch.indices.recovery.RecoveryTarget$FileChunkTransportRequestHandler.messageReceived(RecoveryTarget.java:468)
	at org.elasticsearch.indices.recovery.RecoveryTarget$FileChunkTransportRequestHandler.messageReceived(RecoveryTarget.java:432)
	at org.elasticsearch.transport.TransportRequestHandler.messageReceived(TransportRequestHandler.java:33)
	at org.elasticsearch.transport.RequestHandlerRegistry.processMessageReceived(RequestHandlerRegistry.java:65)
	at org.elasticsearch.transport.local.LocalTransport$2.doRun(LocalTransport.java:296)
	at org.elasticsearch.common.util.concurrent.AbstractRunnable.run(AbstractRunnable.java:37)
	at java.util.concurrent.ThreadPoolExecutor.runWorker(ThreadPoolExecutor.java:1142)
	at java.util.concurrent.ThreadPoolExecutor$Worker.run(ThreadPoolExecutor.java:617)
	at java.lang.Thread.run(Thread.java:745)
[2016-03-29 17:31:11,276][WARN ][org.elasticsearch.indices.cluster] [node_s0] [[test][2]] marking and sending shard failed due to [shard failure, reason [recovery]]
org.apache.lucene.index.CorruptIndexException: checksum failed (hardware problem?) : expected=14322ck actual=1ye2q69 (resource=name [_0.cfs], length [5960], checksum [14322ck], writtenBy [5.5.0]) (resource=VerifyingIndexOutput(_0.cfs))
	at org.elasticsearch.index.store.Store$LuceneVerifyingIndexOutput.readAndCompareChecksum(Store.java:1350)
	at org.elasticsearch.index.store.Store$LuceneVerifyingIndexOutput.writeByte(Store.java:1329)
	at org.elasticsearch.index.store.Store$LuceneVerifyingIndexOutput.writeBytes(Store.java:1358)
	at org.elasticsearch.indices.recovery.RecoveryTarget$FileChunkTransportRequestHandler.messageReceived(RecoveryTarget.java:468)
	at org.elasticsearch.indices.recovery.RecoveryTarget$FileChunkTransportRequestHandler.messageReceived(RecoveryTarget.java:432)
	at org.elasticsearch.transport.TransportRequestHandler.messageReceived(TransportRequestHandler.java:33)
	at org.elasticsearch.transport.RequestHandlerRegistry.processMessageReceived(RequestHandlerRegistry.java:65)
	at org.elasticsearch.transport.local.LocalTransport$2.doRun(LocalTransport.java:296)
	at org.elasticsearch.common.util.concurrent.AbstractRunnable.run(AbstractRunnable.java:37)
	at java.util.concurrent.ThreadPoolExecutor.runWorker(ThreadPoolExecutor.java:1142)
	at java.util.concurrent.ThreadPoolExecutor$Worker.run(ThreadPoolExecutor.java:617)
	at java.lang.Thread.run(Thread.java:745)
[2016-03-29 17:31:11,276][WARN ][org.elasticsearch.cluster.action.shard] [node_s0] [test][2] received shard failed for [test][2], node[uyrfWYLXSXWJDIMCcb-zyw], [P], v[3], s[STARTED], a[id=9dpyAdDuQXKSDK9t4LSETQ], indexUUID [sbi8FnvJQL6EjXwH615IiQ], message [shard failure, reason [recovery]], failure [CorruptIndexException[checksum failed (hardware problem?) : expected=14322ck actual=1ye2q69 (resource=name [_0.cfs], length [5960], checksum [14322ck], writtenBy [5.5.0]) (resource=VerifyingIndexOutput(_0.cfs))]]
org.apache.lucene.index.CorruptIndexException: checksum failed (hardware problem?) : expected=14322ck actual=1ye2q69 (resource=name [_0.cfs], length [5960], checksum [14322ck], writtenBy [5.5.0]) (resource=VerifyingIndexOutput(_0.cfs))
	at org.elasticsearch.index.store.Store$LuceneVerifyingIndexOutput.readAndCompareChecksum(Store.java:1350)
	at org.elasticsearch.index.store.Store$LuceneVerifyingIndexOutput.writeByte(Store.java:1329)
	at org.elasticsearch.index.store.Store$LuceneVerifyingIndexOutput.writeBytes(Store.java:1358)
	at org.elasticsearch.indices.recovery.RecoveryTarget$FileChunkTransportRequestHandler.messageReceived(RecoveryTarget.java:468)
	at org.elasticsearch.indices.recovery.RecoveryTarget$FileChunkTransportRequestHandler.messageReceived(RecoveryTarget.java:432)
	at org.elasticsearch.transport.TransportRequestHandler.messageReceived(TransportRequestHandler.java:33)
	at org.elasticsearch.transport.RequestHandlerRegistry.processMessageReceived(RequestHandlerRegistry.java:65)
	at org.elasticsearch.transport.local.LocalTransport$2.doRun(LocalTransport.java:296)
	at org.elasticsearch.common.util.concurrent.AbstractRunnable.run(AbstractRunnable.java:37)
	at java.util.concurrent.ThreadPoolExecutor.runWorker(ThreadPoolExecutor.java:1142)
	at java.util.concurrent.ThreadPoolExecutor$Worker.run(ThreadPoolExecutor.java:617)
	at java.lang.Thread.run(Thread.java:745)
[2016-03-29 17:31:11,278][WARN ][org.elasticsearch.indices.cluster] [node_s1] [[test][2]] marking and sending shard failed due to [failed recovery]
RecoveryFailedException[[test][2]: Recovery failed from {node_s0}{uyrfWYLXSXWJDIMCcb-zyw}{local}{local[318]}[mode=>local] into {node_s1}{9dID2SsXQv6g1teXJNcaxw}{local}{local[319]}[mode=>local]]; nested: RemoteTransportException[[node_s1][local[319]][internal:index/shard/recovery/start_recovery]]; nested: RecoveryEngineException[Phase[1] phase1 failed]; nested: RecoverFilesRecoveryException[Failed to transfer [4] files with total size of [6.7kb]]; nested: CorruptIndexException[checksum failed (hardware problem?) : expected=14322ck actual=1ye2q69 (resource=name [_0.cfs], length [5960], checksum [14322ck], writtenBy [5.5.0]) (resource=VerifyingIndexOutput(_0.cfs))];
	at org.elasticsearch.indices.recovery.RecoveryTarget.doRecovery(RecoveryTarget.java:271)
	at org.elasticsearch.indices.recovery.RecoveryTarget.access$1100(RecoveryTarget.java:79)
	at org.elasticsearch.indices.recovery.RecoveryTarget$RecoveryRunner.doRun(RecoveryTarget.java:521)
	at org.elasticsearch.common.util.concurrent.AbstractRunnable.run(AbstractRunnable.java:37)
	at java.util.concurrent.ThreadPoolExecutor.runWorker(ThreadPoolExecutor.java:1142)
	at java.util.concurrent.ThreadPoolExecutor$Worker.run(ThreadPoolExecutor.java:617)
	at java.lang.Thread.run(Thread.java:745)
Caused by: RemoteTransportException[[node_s1][local[319]][internal:index/shard/recovery/start_recovery]]; nested: RecoveryEngineException[Phase[1] phase1 failed]; nested: RecoverFilesRecoveryException[Failed to transfer [4] files with total size of [6.7kb]]; nested: CorruptIndexException[checksum failed (hardware problem?) : expected=14322ck actual=1ye2q69 (resource=name [_0.cfs], length [5960], checksum [14322ck], writtenBy [5.5.0]) (resource=VerifyingIndexOutput(_0.cfs))];
Caused by: [test][[test][2]] RecoveryEngineException[Phase[1] phase1 failed]; nested: RecoverFilesRecoveryException[Failed to transfer [4] files with total size of [6.7kb]]; nested: CorruptIndexException[checksum failed (hardware problem?) : expected=14322ck actual=1ye2q69 (resource=name [_0.cfs], length [5960], checksum [14322ck], writtenBy [5.5.0]) (resource=VerifyingIndexOutput(_0.cfs))];
	at org.elasticsearch.indices.recovery.RecoverySourceHandler.recoverToTarget(RecoverySourceHandler.java:137)
	at org.elasticsearch.indices.recovery.RecoverySource.recover(RecoverySource.java:123)
	at org.elasticsearch.indices.recovery.RecoverySource.access$100(RecoverySource.java:52)
	at org.elasticsearch.indices.recovery.RecoverySource$StartRecoveryTransportRequestHandler.messageReceived(RecoverySource.java:132)
	at org.elasticsearch.indices.recovery.RecoverySource$StartRecoveryTransportRequestHandler.messageReceived(RecoverySource.java:129)
	at org.elasticsearch.transport.TransportRequestHandler.messageReceived(TransportRequestHandler.java:33)
	at org.elasticsearch.transport.RequestHandlerRegistry.processMessageReceived(RequestHandlerRegistry.java:65)
	at org.elasticsearch.transport.local.LocalTransport$2.doRun(LocalTransport.java:296)
	at org.elasticsearch.common.util.concurrent.AbstractRunnable.run(AbstractRunnable.java:37)
	at java.util.concurrent.ThreadPoolExecutor.runWorker(ThreadPoolExecutor.java:1142)
	at java.util.concurrent.ThreadPoolExecutor$Worker.run(ThreadPoolExecutor.java:617)
	at java.lang.Thread.run(Thread.java:745)
Caused by: [test][[test][2]] RecoverFilesRecoveryException[Failed to transfer [4] files with total size of [6.7kb]]; nested: CorruptIndexException[checksum failed (hardware problem?) : expected=14322ck actual=1ye2q69 (resource=name [_0.cfs], length [5960], checksum [14322ck], writtenBy [5.5.0]) (resource=VerifyingIndexOutput(_0.cfs))];
	at org.elasticsearch.indices.recovery.RecoverySourceHandler.phase1(RecoverySourceHandler.java:316)
	at org.elasticsearch.indices.recovery.RecoverySourceHandler.recoverToTarget(RecoverySourceHandler.java:135)
	... 11 more
Caused by: org.apache.lucene.index.CorruptIndexException: checksum failed (hardware problem?) : expected=14322ck actual=1ye2q69 (resource=name [_0.cfs], length [5960], checksum [14322ck], writtenBy [5.5.0]) (resource=VerifyingIndexOutput(_0.cfs))
	at org.elasticsearch.index.store.Store$LuceneVerifyingIndexOutput.readAndCompareChecksum(Store.java:1350)
	at org.elasticsearch.index.store.Store$LuceneVerifyingIndexOutput.writeByte(Store.java:1329)
	at org.elasticsearch.index.store.Store$LuceneVerifyingIndexOutput.writeBytes(Store.java:1358)
	at org.elasticsearch.indices.recovery.RecoveryTarget$FileChunkTransportRequestHandler.messageReceived(RecoveryTarget.java:468)
	at org.elasticsearch.indices.recovery.RecoveryTarget$FileChunkTransportRequestHandler.messageReceived(RecoveryTarget.java:432)
	... 7 more
[2016-03-29 17:31:11,278][WARN ][org.elasticsearch.index  ] [node_s0] [test] [index.merge.enabled] is set to false, this should only be used in tests and can cause serious problems in production environments
[2016-03-29 17:31:11,279][WARN ][org.elasticsearch.cluster.action.shard] [node_s0] [test][2] received shard failed for [test][2], node[9dID2SsXQv6g1teXJNcaxw], [R], v[3], s[INITIALIZING], a[id=THnaVW-wSQ2lQlb3XnMlsA], unassigned_info[[reason=REPLICA_ADDED], at[2016-03-29T21:31:11.225Z]], indexUUID [sbi8FnvJQL6EjXwH615IiQ], message [failed recovery], failure [RecoveryFailedException[[test][2]: Recovery failed from {node_s0}{uyrfWYLXSXWJDIMCcb-zyw}{local}{local[318]}[mode=>local] into {node_s1}{9dID2SsXQv6g1teXJNcaxw}{local}{local[319]}[mode=>local]]; nested: RemoteTransportException[[node_s1][local[319]][internal:index/shard/recovery/start_recovery]]; nested: RecoveryEngineException[Phase[1] phase1 failed]; nested: RecoverFilesRecoveryException[Failed to transfer [4] files with total size of [6.7kb]]; nested: CorruptIndexException[checksum failed (hardware problem?) : expected=14322ck actual=1ye2q69 (resource=name [_0.cfs], length [5960], checksum [14322ck], writtenBy [5.5.0]) (resource=VerifyingIndexOutput(_0.cfs))]; ]
RecoveryFailedException[[test][2]: Recovery failed from {node_s0}{uyrfWYLXSXWJDIMCcb-zyw}{local}{local[318]}[mode=>local] into {node_s1}{9dID2SsXQv6g1teXJNcaxw}{local}{local[319]}[mode=>local]]; nested: RemoteTransportException[[node_s1][local[319]][internal:index/shard/recovery/start_recovery]]; nested: RecoveryEngineException[Phase[1] phase1 failed]; nested: RecoverFilesRecoveryException[Failed to transfer [4] files with total size of [6.7kb]]; nested: CorruptIndexException[checksum failed (hardware problem?) : expected=14322ck actual=1ye2q69 (resource=name [_0.cfs], length [5960], checksum [14322ck], writtenBy [5.5.0]) (resource=VerifyingIndexOutput(_0.cfs))];
	at org.elasticsearch.indices.recovery.RecoveryTarget.doRecovery(RecoveryTarget.java:271)
	at org.elasticsearch.indices.recovery.RecoveryTarget.access$1100(RecoveryTarget.java:79)
	at org.elasticsearch.indices.recovery.RecoveryTarget$RecoveryRunner.doRun(RecoveryTarget.java:521)
	at org.elasticsearch.common.util.concurrent.AbstractRunnable.run(AbstractRunnable.java:37)
	at java.util.concurrent.ThreadPoolExecutor.runWorker(ThreadPoolExecutor.java:1142)
	at java.util.concurrent.ThreadPoolExecutor$Worker.run(ThreadPoolExecutor.java:617)
	at java.lang.Thread.run(Thread.java:745)
Caused by: RemoteTransportException[[node_s1][local[319]][internal:index/shard/recovery/start_recovery]]; nested: RecoveryEngineException[Phase[1] phase1 failed]; nested: RecoverFilesRecoveryException[Failed to transfer [4] files with total size of [6.7kb]]; nested: CorruptIndexException[checksum failed (hardware problem?) : expected=14322ck actual=1ye2q69 (resource=name [_0.cfs], length [5960], checksum [14322ck], writtenBy [5.5.0]) (resource=VerifyingIndexOutput(_0.cfs))];
Caused by: [test][[test][2]] RecoveryEngineException[Phase[1] phase1 failed]; nested: RecoverFilesRecoveryException[Failed to transfer [4] files with total size of [6.7kb]]; nested: CorruptIndexException[checksum failed (hardware problem?) : expected=14322ck actual=1ye2q69 (resource=name [_0.cfs], length [5960], checksum [14322ck], writtenBy [5.5.0]) (resource=VerifyingIndexOutput(_0.cfs))];
	at org.elasticsearch.indices.recovery.RecoverySourceHandler.recoverToTarget(RecoverySourceHandler.java:137)
	at org.elasticsearch.indices.recovery.RecoverySource.recover(RecoverySource.java:123)
	at org.elasticsearch.indices.recovery.RecoverySource.access$100(RecoverySource.java:52)
	at org.elasticsearch.indices.recovery.RecoverySource$StartRecoveryTransportRequestHandler.messageReceived(RecoverySource.java:132)
	at org.elasticsearch.indices.recovery.RecoverySource$StartRecoveryTransportRequestHandler.messageReceived(RecoverySource.java:129)
	at org.elasticsearch.transport.TransportRequestHandler.messageReceived(TransportRequestHandler.java:33)
	at org.elasticsearch.transport.RequestHandlerRegistry.processMessageReceived(RequestHandlerRegistry.java:65)
	at org.elasticsearch.transport.local.LocalTransport$2.doRun(LocalTransport.java:296)
	at org.elasticsearch.common.util.concurrent.AbstractRunnable.run(AbstractRunnable.java:37)
	at java.util.concurrent.ThreadPoolExecutor.runWorker(ThreadPoolExecutor.java:1142)
	at java.util.concurrent.ThreadPoolExecutor$Worker.run(ThreadPoolExecutor.java:617)
	at java.lang.Thread.run(Thread.java:745)
Caused by: [test][[test][2]] RecoverFilesRecoveryException[Failed to transfer [4] files with total size of [6.7kb]]; nested: CorruptIndexException[checksum failed (hardware problem?) : expected=14322ck actual=1ye2q69 (resource=name [_0.cfs], length [5960], checksum [14322ck], writtenBy [5.5.0]) (resource=VerifyingIndexOutput(_0.cfs))];
	at org.elasticsearch.indices.recovery.RecoverySourceHandler.phase1(RecoverySourceHandler.java:316)
	at org.elasticsearch.indices.recovery.RecoverySourceHandler.recoverToTarget(RecoverySourceHandler.java:135)
	... 11 more
Caused by: org.apache.lucene.index.CorruptIndexException: checksum failed (hardware problem?) : expected=14322ck actual=1ye2q69 (resource=name [_0.cfs], length [5960], checksum [14322ck], writtenBy [5.5.0]) (resource=VerifyingIndexOutput(_0.cfs))
	at org.elasticsearch.index.store.Store$LuceneVerifyingIndexOutput.readAndCompareChecksum(Store.java:1350)
	at org.elasticsearch.index.store.Store$LuceneVerifyingIndexOutput.writeByte(Store.java:1329)
	at org.elasticsearch.index.store.Store$LuceneVerifyingIndexOutput.writeBytes(Store.java:1358)
	at org.elasticsearch.indices.recovery.RecoveryTarget$FileChunkTransportRequestHandler.messageReceived(RecoveryTarget.java:468)
	at org.elasticsearch.indices.recovery.RecoveryTarget$FileChunkTransportRequestHandler.messageReceived(RecoveryTarget.java:432)
	... 7 more
[2016-03-29 17:31:11,279][WARN ][org.elasticsearch.index  ] [node_s2] [test] [index.merge.enabled] is set to false, this should only be used in tests and can cause serious problems in production environments
[2016-03-29 17:31:11,279][WARN ][org.elasticsearch.index  ] [node_s1] [test] [index.merge.enabled] is set to false, this should only be used in tests and can cause serious problems in production environments
[2016-03-29 17:31:11,280][WARN ][org.elasticsearch.index  ] [node_s0] [test] [index.merge.enabled] is set to false, this should only be used in tests and can cause serious problems in production environments
[2016-03-29 17:31:11,280][WARN ][org.elasticsearch.index  ] [node_s1] [test] [index.merge.enabled] is set to false, this should only be used in tests and can cause serious problems in production environments
[2016-03-29 17:31:11,281][WARN ][org.elasticsearch.index  ] [node_s0] [test] [index.merge.enabled] is set to false, this should only be used in tests and can cause serious problems in production environments
[2016-03-29 17:31:11,281][WARN ][org.elasticsearch.index  ] [node_s0] [test] [index.merge.enabled] is set to false, this should only be used in tests and can cause serious problems in production environments
[2016-03-29 17:31:11,282][WARN ][org.elasticsearch.index  ] [node_s0] [test] [index.merge.enabled] is set to false, this should only be used in tests and can cause serious problems in production environments
[2016-03-29 17:31:11,282][WARN ][org.elasticsearch.index  ] [node_s0] [test] [index.merge.enabled] is set to false, this should only be used in tests and can cause serious problems in production environments
[2016-03-29 17:31:11,284][WARN ][org.elasticsearch.index  ] [node_s0] [test] [index.merge.enabled] is set to false, this should only be used in tests and can cause serious problems in production environments
[2016-03-29 17:31:11,328][WARN ][org.elasticsearch.index  ] [node_s0] [test] [index.merge.enabled] is set to false, this should only be used in tests and can cause serious problems in production environments
[2016-03-29 17:31:11,329][WARN ][org.elasticsearch.index  ] [node_s0] [test] [index.merge.enabled] is set to false, this should only be used in tests and can cause serious problems in production environments
[2016-03-29 17:31:11,330][WARN ][org.elasticsearch.index  ] [node_s1] [test] [index.merge.enabled] is set to false, this should only be used in tests and can cause serious problems in production environments
[2016-03-29 17:31:11,330][WARN ][org.elasticsearch.index  ] [node_s2] [test] [index.merge.enabled] is set to false, this should only be used in tests and can cause serious problems in production environments
[2016-03-29 17:31:11,331][WARN ][org.elasticsearch.index  ] [node_s1] [test] [index.merge.enabled] is set to false, this should only be used in tests and can cause serious problems in production environments
[2016-03-29 17:31:11,332][WARN ][org.elasticsearch.index  ] [node_s1] [test] [index.merge.enabled] is set to false, this should only be used in tests and can cause serious problems in production environments
[2016-03-29 17:31:11,333][WARN ][org.elasticsearch.index  ] [node_s0] [test] [index.merge.enabled] is set to false, this should only be used in tests and can cause serious problems in production environments
[2016-03-29 17:31:11,336][WARN ][org.elasticsearch.index  ] [node_s2] [test] [index.merge.enabled] is set to false, this should only be used in tests and can cause serious problems in production environments
[2016-03-29 17:31:11,337][WARN ][org.elasticsearch.index  ] [node_s1] [test] [index.merge.enabled] is set to false, this should only be used in tests and can cause serious problems in production environments
[2016-03-29 17:31:11,338][WARN ][org.elasticsearch.index  ] [node_s0] [test] [index.merge.enabled] is set to false, this should only be used in tests and can cause serious problems in production environments
[2016-03-29 17:31:11,346][WARN ][org.elasticsearch.index  ] [node_s0] [test] [index.merge.enabled] is set to false, this should only be used in tests and can cause serious problems in production environments
[2016-03-29 17:31:11,417][WARN ][org.elasticsearch.snapshots] [node_s1] [[test][0]] [test-repo:test-snap] failed to create snapshot
[test][[test][0]] IndexShardSnapshotFailedException[Failed to perform snapshot (index files)]; nested: CorruptIndexException[verification failed : calculated=ojx85u stored=1khq5cr (resource=VerifyingIndexInput(MockIndexInputWrapper(MMapIndexInput(path="/Users/ogbonnayacngwu/CSE2410_spring2016_projectileDysfunction/core/build/testrun/integTest/J2/temp/org.elasticsearch.index.store.CorruptedFileIT_4AA6DECDBC490785-001/tempDir-001/data/SUITE-CHILD_VM=[2]-CLUSTER_SEED=[-3911300646192775547]-HASH=[14406DDBC06CADF0]-cluster/nodes/1/indices/test/0/index/_0.cfs"))))];
	at org.elasticsearch.index.snapshots.blobstore.BlobStoreIndexShardRepository$SnapshotContext.snapshot(BlobStoreIndexShardRepository.java:600)
	at org.elasticsearch.index.snapshots.blobstore.BlobStoreIndexShardRepository.snapshot(BlobStoreIndexShardRepository.java:183)
	at org.elasticsearch.snapshots.SnapshotShardsService.snapshot(SnapshotShardsService.java:343)
	at org.elasticsearch.snapshots.SnapshotShardsService.access$200(SnapshotShardsService.java:79)
	at org.elasticsearch.snapshots.SnapshotShardsService$1.doRun(SnapshotShardsService.java:299)
	at org.elasticsearch.common.util.concurrent.AbstractRunnable.run(AbstractRunnable.java:37)
	at java.util.concurrent.ThreadPoolExecutor.runWorker(ThreadPoolExecutor.java:1142)
	at java.util.concurrent.ThreadPoolExecutor$Worker.run(ThreadPoolExecutor.java:617)
	at java.lang.Thread.run(Thread.java:745)
Caused by: org.apache.lucene.index.CorruptIndexException: verification failed : calculated=ojx85u stored=1khq5cr (resource=VerifyingIndexInput(MockIndexInputWrapper(MMapIndexInput(path="/Users/ogbonnayacngwu/CSE2410_spring2016_projectileDysfunction/core/build/testrun/integTest/J2/temp/org.elasticsearch.index.store.CorruptedFileIT_4AA6DECDBC490785-001/tempDir-001/data/SUITE-CHILD_VM=[2]-CLUSTER_SEED=[-3911300646192775547]-HASH=[14406DDBC06CADF0]-cluster/nodes/1/indices/test/0/index/_0.cfs"))))
	at org.elasticsearch.index.store.Store$VerifyingIndexInput.verify(Store.java:1494)
	at org.elasticsearch.index.store.Store.verify(Store.java:502)
	at org.elasticsearch.index.snapshots.blobstore.BlobStoreIndexShardRepository$SnapshotContext.snapshotFile(BlobStoreIndexShardRepository.java:654)
	at org.elasticsearch.index.snapshots.blobstore.BlobStoreIndexShardRepository$SnapshotContext.snapshot(BlobStoreIndexShardRepository.java:598)
	... 8 more
[2016-03-29 17:31:11,430][WARN ][org.elasticsearch.index  ] [node_s2] [test] [index.merge.enabled] is set to false, this should only be used in tests and can cause serious problems in production environments
[2016-03-29 17:31:11,430][WARN ][org.elasticsearch.index  ] [node_s2] [test] [index.merge.enabled] is set to false, this should only be used in tests and can cause serious problems in production environments
[2016-03-29 17:31:11,430][WARN ][org.elasticsearch.index.engine] [node_s1] [test][0] failed to read latest segment infos on flush
org.apache.lucene.index.CorruptIndexException: verification failed : calculated=ojx85u stored=1khq5cr (resource=VerifyingIndexInput(MockIndexInputWrapper(MMapIndexInput(path="/Users/ogbonnayacngwu/CSE2410_spring2016_projectileDysfunction/core/build/testrun/integTest/J2/temp/org.elasticsearch.index.store.CorruptedFileIT_4AA6DECDBC490785-001/tempDir-001/data/SUITE-CHILD_VM=[2]-CLUSTER_SEED=[-3911300646192775547]-HASH=[14406DDBC06CADF0]-cluster/nodes/1/indices/test/0/index/_0.cfs"))))
	at org.elasticsearch.index.store.Store$VerifyingIndexInput.verify(Store.java:1494)
	at org.elasticsearch.index.store.Store.verify(Store.java:502)
	at org.elasticsearch.index.snapshots.blobstore.BlobStoreIndexShardRepository$SnapshotContext.snapshotFile(BlobStoreIndexShardRepository.java:654)
	at org.elasticsearch.index.snapshots.blobstore.BlobStoreIndexShardRepository$SnapshotContext.snapshot(BlobStoreIndexShardRepository.java:598)
	at org.elasticsearch.index.snapshots.blobstore.BlobStoreIndexShardRepository.snapshot(BlobStoreIndexShardRepository.java:183)
	at org.elasticsearch.snapshots.SnapshotShardsService.snapshot(SnapshotShardsService.java:343)
	at org.elasticsearch.snapshots.SnapshotShardsService.access$200(SnapshotShardsService.java:79)
	at org.elasticsearch.snapshots.SnapshotShardsService$1.doRun(SnapshotShardsService.java:299)
	at org.elasticsearch.common.util.concurrent.AbstractRunnable.run(AbstractRunnable.java:37)
	at java.util.concurrent.ThreadPoolExecutor.runWorker(ThreadPoolExecutor.java:1142)
	at java.util.concurrent.ThreadPoolExecutor$Worker.run(ThreadPoolExecutor.java:617)
	at java.lang.Thread.run(Thread.java:745)
[2016-03-29 17:31:11,431][WARN ][org.elasticsearch.index.engine] [node_s1] [test][0] failed engine [corrupt file (source: [flush])]
[test][[test][0]] FlushFailedEngineException[Flush failed]; nested: CorruptIndexException[verification failed : calculated=ojx85u stored=1khq5cr (resource=VerifyingIndexInput(MockIndexInputWrapper(MMapIndexInput(path="/Users/ogbonnayacngwu/CSE2410_spring2016_projectileDysfunction/core/build/testrun/integTest/J2/temp/org.elasticsearch.index.store.CorruptedFileIT_4AA6DECDBC490785-001/tempDir-001/data/SUITE-CHILD_VM=[2]-CLUSTER_SEED=[-3911300646192775547]-HASH=[14406DDBC06CADF0]-cluster/nodes/1/indices/test/0/index/_0.cfs"))))];
	at org.elasticsearch.index.engine.InternalEngine.flush(InternalEngine.java:668)
	at org.elasticsearch.index.engine.InternalEngine.flush(InternalEngine.java:612)
	at org.elasticsearch.index.engine.Engine.flushAndClose(Engine.java:1044)
	at org.elasticsearch.test.engine.MockInternalEngine.flushAndCloseInternal(MockInternalEngine.java:80)
	at org.elasticsearch.test.engine.MockInternalEngine.close(MockInternalEngine.java:54)
	at org.apache.lucene.util.IOUtils.close(IOUtils.java:97)
	at org.apache.lucene.util.IOUtils.close(IOUtils.java:84)
	at org.elasticsearch.index.shard.IndexShard.close(IndexShard.java:809)
	at org.elasticsearch.index.IndexService.closeShard(IndexService.java:367)
	at org.elasticsearch.index.IndexService.removeShard(IndexService.java:351)
	at org.elasticsearch.index.IndexService.close(IndexService.java:226)
	at org.elasticsearch.indices.IndicesService.removeIndex(IndicesService.java:351)
	at org.elasticsearch.indices.IndicesService.deleteIndex(IndicesService.java:399)
	at org.elasticsearch.indices.cluster.IndicesClusterStateService.deleteIndex(IndicesClusterStateService.java:763)
	at org.elasticsearch.indices.cluster.IndicesClusterStateService.applyDeletedIndices(IndicesClusterStateService.java:256)
	at org.elasticsearch.indices.cluster.IndicesClusterStateService.clusterChanged(IndicesClusterStateService.java:194)
	at org.elasticsearch.cluster.service.InternalClusterService.runTasksForExecutor(InternalClusterService.java:596)
	at org.elasticsearch.cluster.service.InternalClusterService$UpdateTask.run(InternalClusterService.java:761)
	at org.elasticsearch.common.util.concurrent.PrioritizedEsThreadPoolExecutor$TieBreakingPrioritizedRunnable.runAndClean(PrioritizedEsThreadPoolExecutor.java:231)
	at org.elasticsearch.common.util.concurrent.PrioritizedEsThreadPoolExecutor$TieBreakingPrioritizedRunnable.run(PrioritizedEsThreadPoolExecutor.java:194)
	at java.util.concurrent.ThreadPoolExecutor.runWorker(ThreadPoolExecutor.java:1142)
	at java.util.concurrent.ThreadPoolExecutor$Worker.run(ThreadPoolExecutor.java:617)
	at java.lang.Thread.run(Thread.java:745)
Caused by: org.apache.lucene.index.CorruptIndexException: verification failed : calculated=ojx85u stored=1khq5cr (resource=VerifyingIndexInput(MockIndexInputWrapper(MMapIndexInput(path="/Users/ogbonnayacngwu/CSE2410_spring2016_projectileDysfunction/core/build/testrun/integTest/J2/temp/org.elasticsearch.index.store.CorruptedFileIT_4AA6DECDBC490785-001/tempDir-001/data/SUITE-CHILD_VM=[2]-CLUSTER_SEED=[-3911300646192775547]-HASH=[14406DDBC06CADF0]-cluster/nodes/1/indices/test/0/index/_0.cfs"))))
	at org.elasticsearch.index.store.Store$VerifyingIndexInput.verify(Store.java:1494)
	at org.elasticsearch.index.store.Store.verify(Store.java:502)
	at org.elasticsearch.index.snapshots.blobstore.BlobStoreIndexShardRepository$SnapshotContext.snapshotFile(BlobStoreIndexShardRepository.java:654)
	at org.elasticsearch.index.snapshots.blobstore.BlobStoreIndexShardRepository$SnapshotContext.snapshot(BlobStoreIndexShardRepository.java:598)
	at org.elasticsearch.index.snapshots.blobstore.BlobStoreIndexShardRepository.snapshot(BlobStoreIndexShardRepository.java:183)
	at org.elasticsearch.snapshots.SnapshotShardsService.snapshot(SnapshotShardsService.java:343)
	at org.elasticsearch.snapshots.SnapshotShardsService.access$200(SnapshotShardsService.java:79)
	at org.elasticsearch.snapshots.SnapshotShardsService$1.doRun(SnapshotShardsService.java:299)
	at org.elasticsearch.common.util.concurrent.AbstractRunnable.run(AbstractRunnable.java:37)
	... 3 more
[2016-03-29 17:31:11,434][WARN ][org.elasticsearch.indices.cluster] [node_s1] [[test][0]] marking and sending shard failed due to [shard failure, reason [corrupt file (source: [flush])]]
[test][[test][0]] FlushFailedEngineException[Flush failed]; nested: CorruptIndexException[verification failed : calculated=ojx85u stored=1khq5cr (resource=VerifyingIndexInput(MockIndexInputWrapper(MMapIndexInput(path="/Users/ogbonnayacngwu/CSE2410_spring2016_projectileDysfunction/core/build/testrun/integTest/J2/temp/org.elasticsearch.index.store.CorruptedFileIT_4AA6DECDBC490785-001/tempDir-001/data/SUITE-CHILD_VM=[2]-CLUSTER_SEED=[-3911300646192775547]-HASH=[14406DDBC06CADF0]-cluster/nodes/1/indices/test/0/index/_0.cfs"))))];
	at org.elasticsearch.index.engine.InternalEngine.flush(InternalEngine.java:668)
	at org.elasticsearch.index.engine.InternalEngine.flush(InternalEngine.java:612)
	at org.elasticsearch.index.engine.Engine.flushAndClose(Engine.java:1044)
	at org.elasticsearch.test.engine.MockInternalEngine.flushAndCloseInternal(MockInternalEngine.java:80)
	at org.elasticsearch.test.engine.MockInternalEngine.close(MockInternalEngine.java:54)
	at org.apache.lucene.util.IOUtils.close(IOUtils.java:97)
	at org.apache.lucene.util.IOUtils.close(IOUtils.java:84)
	at org.elasticsearch.index.shard.IndexShard.close(IndexShard.java:809)
	at org.elasticsearch.index.IndexService.closeShard(IndexService.java:367)
	at org.elasticsearch.index.IndexService.removeShard(IndexService.java:351)
	at org.elasticsearch.index.IndexService.close(IndexService.java:226)
	at org.elasticsearch.indices.IndicesService.removeIndex(IndicesService.java:351)
	at org.elasticsearch.indices.IndicesService.deleteIndex(IndicesService.java:399)
	at org.elasticsearch.indices.cluster.IndicesClusterStateService.deleteIndex(IndicesClusterStateService.java:763)
	at org.elasticsearch.indices.cluster.IndicesClusterStateService.applyDeletedIndices(IndicesClusterStateService.java:256)
	at org.elasticsearch.indices.cluster.IndicesClusterStateService.clusterChanged(IndicesClusterStateService.java:194)
	at org.elasticsearch.cluster.service.InternalClusterService.runTasksForExecutor(InternalClusterService.java:596)
	at org.elasticsearch.cluster.service.InternalClusterService$UpdateTask.run(InternalClusterService.java:761)
	at org.elasticsearch.common.util.concurrent.PrioritizedEsThreadPoolExecutor$TieBreakingPrioritizedRunnable.runAndClean(PrioritizedEsThreadPoolExecutor.java:231)
	at org.elasticsearch.common.util.concurrent.PrioritizedEsThreadPoolExecutor$TieBreakingPrioritizedRunnable.run(PrioritizedEsThreadPoolExecutor.java:194)
	at java.util.concurrent.ThreadPoolExecutor.runWorker(ThreadPoolExecutor.java:1142)
	at java.util.concurrent.ThreadPoolExecutor$Worker.run(ThreadPoolExecutor.java:617)
	at java.lang.Thread.run(Thread.java:745)
Caused by: org.apache.lucene.index.CorruptIndexException: verification failed : calculated=ojx85u stored=1khq5cr (resource=VerifyingIndexInput(MockIndexInputWrapper(MMapIndexInput(path="/Users/ogbonnayacngwu/CSE2410_spring2016_projectileDysfunction/core/build/testrun/integTest/J2/temp/org.elasticsearch.index.store.CorruptedFileIT_4AA6DECDBC490785-001/tempDir-001/data/SUITE-CHILD_VM=[2]-CLUSTER_SEED=[-3911300646192775547]-HASH=[14406DDBC06CADF0]-cluster/nodes/1/indices/test/0/index/_0.cfs"))))
	at org.elasticsearch.index.store.Store$VerifyingIndexInput.verify(Store.java:1494)
	at org.elasticsearch.index.store.Store.verify(Store.java:502)
	at org.elasticsearch.index.snapshots.blobstore.BlobStoreIndexShardRepository$SnapshotContext.snapshotFile(BlobStoreIndexShardRepository.java:654)
	at org.elasticsearch.index.snapshots.blobstore.BlobStoreIndexShardRepository$SnapshotContext.snapshot(BlobStoreIndexShardRepository.java:598)
	at org.elasticsearch.index.snapshots.blobstore.BlobStoreIndexShardRepository.snapshot(BlobStoreIndexShardRepository.java:183)
	at org.elasticsearch.snapshots.SnapshotShardsService.snapshot(SnapshotShardsService.java:343)
	at org.elasticsearch.snapshots.SnapshotShardsService.access$200(SnapshotShardsService.java:79)
	at org.elasticsearch.snapshots.SnapshotShardsService$1.doRun(SnapshotShardsService.java:299)
	at org.elasticsearch.common.util.concurrent.AbstractRunnable.run(AbstractRunnable.java:37)
	... 3 more
[2016-03-29 17:31:11,435][WARN ][org.elasticsearch.index  ] [node_s0] [test] [index.merge.enabled] is set to false, this should only be used in tests and can cause serious problems in production environments
[2016-03-29 17:31:11,435][WARN ][org.elasticsearch.index  ] [node_s0] [test] [index.merge.enabled] is set to false, this should only be used in tests and can cause serious problems in production environments
[2016-03-29 17:31:11,435][WARN ][org.elasticsearch.cluster.action.shard] [node_s0] [test][0] received shard failed for [test][0], node[9dID2SsXQv6g1teXJNcaxw], [P], v[2], s[STARTED], a[id=brRXY8K-TsylWg7tfKGLqg], indexUUID [NLDtDZs3TN6fpeV4JFmdGA], message [shard failure, reason [corrupt file (source: [flush])]], failure [FlushFailedEngineException[Flush failed]; nested: CorruptIndexException[verification failed : calculated=ojx85u stored=1khq5cr (resource=VerifyingIndexInput(MockIndexInputWrapper(MMapIndexInput(path="/Users/ogbonnayacngwu/CSE2410_spring2016_projectileDysfunction/core/build/testrun/integTest/J2/temp/org.elasticsearch.index.store.CorruptedFileIT_4AA6DECDBC490785-001/tempDir-001/data/SUITE-CHILD_VM=[2]-CLUSTER_SEED=[-3911300646192775547]-HASH=[14406DDBC06CADF0]-cluster/nodes/1/indices/test/0/index/_0.cfs"))))]; ]
[test][[test][0]] FlushFailedEngineException[Flush failed]; nested: CorruptIndexException[verification failed : calculated=ojx85u stored=1khq5cr (resource=VerifyingIndexInput(MockIndexInputWrapper(MMapIndexInput(path="/Users/ogbonnayacngwu/CSE2410_spring2016_projectileDysfunction/core/build/testrun/integTest/J2/temp/org.elasticsearch.index.store.CorruptedFileIT_4AA6DECDBC490785-001/tempDir-001/data/SUITE-CHILD_VM=[2]-CLUSTER_SEED=[-3911300646192775547]-HASH=[14406DDBC06CADF0]-cluster/nodes/1/indices/test/0/index/_0.cfs"))))];
	at org.elasticsearch.index.engine.InternalEngine.flush(InternalEngine.java:668)
	at org.elasticsearch.index.engine.InternalEngine.flush(InternalEngine.java:612)
	at org.elasticsearch.index.engine.Engine.flushAndClose(Engine.java:1044)
	at org.elasticsearch.test.engine.MockInternalEngine.flushAndCloseInternal(MockInternalEngine.java:80)
	at org.elasticsearch.test.engine.MockInternalEngine.close(MockInternalEngine.java:54)
	at org.apache.lucene.util.IOUtils.close(IOUtils.java:97)
	at org.apache.lucene.util.IOUtils.close(IOUtils.java:84)
	at org.elasticsearch.index.shard.IndexShard.close(IndexShard.java:809)
	at org.elasticsearch.index.IndexService.closeShard(IndexService.java:367)
	at org.elasticsearch.index.IndexService.removeShard(IndexService.java:351)
	at org.elasticsearch.index.IndexService.close(IndexService.java:226)
	at org.elasticsearch.indices.IndicesService.removeIndex(IndicesService.java:351)
	at org.elasticsearch.indices.IndicesService.deleteIndex(IndicesService.java:399)
	at org.elasticsearch.indices.cluster.IndicesClusterStateService.deleteIndex(IndicesClusterStateService.java:763)
	at org.elasticsearch.indices.cluster.IndicesClusterStateService.applyDeletedIndices(IndicesClusterStateService.java:256)
	at org.elasticsearch.indices.cluster.IndicesClusterStateService.clusterChanged(IndicesClusterStateService.java:194)
	at org.elasticsearch.cluster.service.InternalClusterService.runTasksForExecutor(InternalClusterService.java:596)
	at org.elasticsearch.cluster.service.InternalClusterService$UpdateTask.run(InternalClusterService.java:761)
	at org.elasticsearch.common.util.concurrent.PrioritizedEsThreadPoolExecutor$TieBreakingPrioritizedRunnable.runAndClean(PrioritizedEsThreadPoolExecutor.java:231)
	at org.elasticsearch.common.util.concurrent.PrioritizedEsThreadPoolExecutor$TieBreakingPrioritizedRunnable.run(PrioritizedEsThreadPoolExecutor.java:194)
	at java.util.concurrent.ThreadPoolExecutor.runWorker(ThreadPoolExecutor.java:1142)
	at java.util.concurrent.ThreadPoolExecutor$Worker.run(ThreadPoolExecutor.java:617)
	at java.lang.Thread.run(Thread.java:745)
Caused by: org.apache.lucene.index.CorruptIndexException: verification failed : calculated=ojx85u stored=1khq5cr (resource=VerifyingIndexInput(MockIndexInputWrapper(MMapIndexInput(path="/Users/ogbonnayacngwu/CSE2410_spring2016_projectileDysfunction/core/build/testrun/integTest/J2/temp/org.elasticsearch.index.store.CorruptedFileIT_4AA6DECDBC490785-001/tempDir-001/data/SUITE-CHILD_VM=[2]-CLUSTER_SEED=[-3911300646192775547]-HASH=[14406DDBC06CADF0]-cluster/nodes/1/indices/test/0/index/_0.cfs"))))
	at org.elasticsearch.index.store.Store$VerifyingIndexInput.verify(Store.java:1494)
	at org.elasticsearch.index.store.Store.verify(Store.java:502)
	at org.elasticsearch.index.snapshots.blobstore.BlobStoreIndexShardRepository$SnapshotContext.snapshotFile(BlobStoreIndexShardRepository.java:654)
	at org.elasticsearch.index.snapshots.blobstore.BlobStoreIndexShardRepository$SnapshotContext.snapshot(BlobStoreIndexShardRepository.java:598)
	at org.elasticsearch.index.snapshots.blobstore.BlobStoreIndexShardRepository.snapshot(BlobStoreIndexShardRepository.java:183)
	at org.elasticsearch.snapshots.SnapshotShardsService.snapshot(SnapshotShardsService.java:343)
	at org.elasticsearch.snapshots.SnapshotShardsService.access$200(SnapshotShardsService.java:79)
	at org.elasticsearch.snapshots.SnapshotShardsService$1.doRun(SnapshotShardsService.java:299)
	at org.elasticsearch.common.util.concurrent.AbstractRunnable.run(AbstractRunnable.java:37)
	... 3 more
[2016-03-29 17:31:11,455][WARN ][org.elasticsearch.index  ] [node_s0] [test] [index.merge.enabled] is set to false, this should only be used in tests and can cause serious problems in production environments
[2016-03-29 17:31:11,456][WARN ][org.elasticsearch.index  ] [node_s0] [test] [index.merge.enabled] is set to false, this should only be used in tests and can cause serious problems in production environments
[2016-03-29 17:31:11,456][WARN ][org.elasticsearch.index  ] [node_s0] [test] [index.merge.enabled] is set to false, this should only be used in tests and can cause serious problems in production environments
[2016-03-29 17:31:11,456][WARN ][org.elasticsearch.index  ] [node_s0] [test] [index.merge.enabled] is set to false, this should only be used in tests and can cause serious problems in production environments
[2016-03-29 17:31:11,457][WARN ][org.elasticsearch.index  ] [node_s0] [test] [index.merge.enabled] is set to false, this should only be used in tests and can cause serious problems in production environments
[2016-03-29 17:31:11,457][WARN ][org.elasticsearch.index  ] [node_s0] [test] [index.merge.enabled] is set to false, this should only be used in tests and can cause serious problems in production environments
[2016-03-29 17:31:11,457][WARN ][org.elasticsearch.index  ] [node_s0] [test] [index.merge.enabled] is set to false, this should only be used in tests and can cause serious problems in production environments
[2016-03-29 17:31:11,457][WARN ][org.elasticsearch.index  ] [node_s0] [test] [index.merge.enabled] is set to false, this should only be used in tests and can cause serious problems in production environments
[2016-03-29 17:31:11,457][WARN ][org.elasticsearch.index  ] [node_s0] [test] [index.merge.enabled] is set to false, this should only be used in tests and can cause serious problems in production environments
[2016-03-29 17:31:11,458][WARN ][org.elasticsearch.index  ] [node_s1] [test] [index.merge.enabled] is set to false, this should only be used in tests and can cause serious problems in production environments
[2016-03-29 17:31:11,458][WARN ][org.elasticsearch.index  ] [node_s2] [test] [index.merge.enabled] is set to false, this should only be used in tests and can cause serious problems in production environments
[2016-03-29 17:31:11,460][WARN ][org.elasticsearch.index  ] [node_s2] [test] [index.merge.enabled] is set to false, this should only be used in tests and can cause serious problems in production environments
[2016-03-29 17:31:11,460][WARN ][org.elasticsearch.index  ] [node_s1] [test] [index.merge.enabled] is set to false, this should only be used in tests and can cause serious problems in production environments
[2016-03-29 17:31:11,462][WARN ][org.elasticsearch.index  ] [node_s1] [test] [index.merge.enabled] is set to false, this should only be used in tests and can cause serious problems in production environments
[2016-03-29 17:31:11,463][WARN ][org.elasticsearch.index  ] [node_s2] [test] [index.merge.enabled] is set to false, this should only be used in tests and can cause serious problems in production environments
[2016-03-29 17:31:11,464][WARN ][org.elasticsearch.index  ] [node_s1] [test] [index.merge.enabled] is set to false, this should only be used in tests and can cause serious problems in production environments
[2016-03-29 17:31:11,465][WARN ][org.elasticsearch.index  ] [node_s1] [test] [index.merge.enabled] is set to false, this should only be used in tests and can cause serious problems in production environments
[2016-03-29 17:31:11,466][WARN ][org.elasticsearch.index  ] [node_s2] [test] [index.merge.enabled] is set to false, this should only be used in tests and can cause serious problems in production environments
[2016-03-29 17:31:11,468][WARN ][org.elasticsearch.index  ] [node_s2] [test] [index.merge.enabled] is set to false, this should only be used in tests and can cause serious problems in production environments
[2016-03-29 17:31:11,469][WARN ][org.elasticsearch.index  ] [node_s0] [test] [index.merge.enabled] is set to false, this should only be used in tests and can cause serious problems in production environments
[2016-03-29 17:31:11,470][WARN ][org.elasticsearch.index  ] [node_s0] [test] [index.merge.enabled] is set to false, this should only be used in tests and can cause serious problems in production environments
[2016-03-29 17:31:11,472][WARN ][org.elasticsearch.index  ] [node_s0] [test] [index.merge.enabled] is set to false, this should only be used in tests and can cause serious problems in production environments
[2016-03-29 17:31:11,473][WARN ][org.elasticsearch.index  ] [node_s0] [test] [index.merge.enabled] is set to false, this should only be used in tests and can cause serious problems in production environments
[2016-03-29 17:31:11,482][WARN ][org.elasticsearch.index  ] [node_s1] [test] [index.merge.enabled] is set to false, this should only be used in tests and can cause serious problems in production environments
[2016-03-29 17:31:11,483][WARN ][org.elasticsearch.index  ] [node_s2] [test] [index.merge.enabled] is set to false, this should only be used in tests and can cause serious problems in production environments
[2016-03-29 17:31:11,485][WARN ][org.elasticsearch.index  ] [node_s1] [test] [index.merge.enabled] is set to false, this should only be used in tests and can cause serious problems in production environments
[2016-03-29 17:31:11,486][WARN ][org.elasticsearch.index  ] [node_s2] [test] [index.merge.enabled] is set to false, this should only be used in tests and can cause serious problems in production environments
[2016-03-29 17:31:11,488][WARN ][org.elasticsearch.index  ] [node_s1] [test] [index.merge.enabled] is set to false, this should only be used in tests and can cause serious problems in production environments
[2016-03-29 17:31:11,489][WARN ][org.elasticsearch.index  ] [node_s2] [test] [index.merge.enabled] is set to false, this should only be used in tests and can cause serious problems in production environments
[2016-03-29 17:31:11,491][WARN ][org.elasticsearch.index  ] [node_s2] [test] [index.merge.enabled] is set to false, this should only be used in tests and can cause serious problems in production environments
[2016-03-29 17:31:11,492][WARN ][org.elasticsearch.index  ] [node_s1] [test] [index.merge.enabled] is set to false, this should only be used in tests and can cause serious problems in production environments
[2016-03-29 17:31:11,495][WARN ][org.elasticsearch.index  ] [node_s0] [test] [index.merge.enabled] is set to false, this should only be used in tests and can cause serious problems in production environments
[2016-03-29 17:31:11,498][WARN ][org.elasticsearch.index  ] [node_s0] [test] [index.merge.enabled] is set to false, this should only be used in tests and can cause serious problems in production environments
[2016-03-29 17:31:11,501][WARN ][org.elasticsearch.index  ] [node_s0] [test] [index.merge.enabled] is set to false, this should only be used in tests and can cause serious problems in production environments
[2016-03-29 17:31:11,502][WARN ][org.elasticsearch.index  ] [node_s0] [test] [index.merge.enabled] is set to false, this should only be used in tests and can cause serious problems in production environments
[2016-03-29 17:31:11,506][WARN ][org.elasticsearch.index  ] [node_s2] [test] [index.merge.enabled] is set to false, this should only be used in tests and can cause serious problems in production environments
[2016-03-29 17:31:11,507][WARN ][org.elasticsearch.index  ] [node_s1] [test] [index.merge.enabled] is set to false, this should only be used in tests and can cause serious problems in production environments
[2016-03-29 17:31:11,511][WARN ][org.elasticsearch.index  ] [node_s2] [test] [index.merge.enabled] is set to false, this should only be used in tests and can cause serious problems in production environments
[2016-03-29 17:31:11,511][WARN ][org.elasticsearch.index  ] [node_s1] [test] [index.merge.enabled] is set to false, this should only be used in tests and can cause serious problems in production environments
[2016-03-29 17:31:11,514][WARN ][org.elasticsearch.index  ] [node_s1] [test] [index.merge.enabled] is set to false, this should only be used in tests and can cause serious problems in production environments
[2016-03-29 17:31:11,515][WARN ][org.elasticsearch.index  ] [node_s2] [test] [index.merge.enabled] is set to false, this should only be used in tests and can cause serious problems in production environments
[2016-03-29 17:31:11,517][WARN ][org.elasticsearch.index  ] [node_s0] [test] [index.merge.enabled] is set to false, this should only be used in tests and can cause serious problems in production environments
[2016-03-29 17:31:11,520][WARN ][org.elasticsearch.index  ] [node_s0] [test] [index.merge.enabled] is set to false, this should only be used in tests and can cause serious problems in production environments
[2016-03-29 17:31:11,523][WARN ][org.elasticsearch.index  ] [node_s0] [test] [index.merge.enabled] is set to false, this should only be used in tests and can cause serious problems in production environments
[2016-03-29 17:31:11,531][WARN ][org.elasticsearch.index  ] [node_s2] [test] [index.merge.enabled] is set to false, this should only be used in tests and can cause serious problems in production environments
[2016-03-29 17:31:11,531][WARN ][org.elasticsearch.index  ] [node_s1] [test] [index.merge.enabled] is set to false, this should only be used in tests and can cause serious problems in production environments
[2016-03-29 17:31:11,536][WARN ][org.elasticsearch.index  ] [node_s0] [test] [index.merge.enabled] is set to false, this should only be used in tests and can cause serious problems in production environments
[2016-03-29 17:31:11,539][WARN ][org.elasticsearch.index  ] [node_s0] [test] [index.merge.enabled] is set to false, this should only be used in tests and can cause serious problems in production environments
[2016-03-29 17:31:11,545][WARN ][org.elasticsearch.index  ] [node_s1] [test] [index.merge.enabled] is set to false, this should only be used in tests and can cause serious problems in production environments
[2016-03-29 17:31:11,545][WARN ][org.elasticsearch.index  ] [node_s2] [test] [index.merge.enabled] is set to false, this should only be used in tests and can cause serious problems in production environments
[2016-03-29 17:31:11,550][WARN ][org.elasticsearch.index  ] [node_s0] [test] [index.merge.enabled] is set to false, this should only be used in tests and can cause serious problems in production environments
[2016-03-29 17:31:11,554][WARN ][org.elasticsearch.index  ] [node_s1] [test] [index.merge.enabled] is set to false, this should only be used in tests and can cause serious problems in production environments
[2016-03-29 17:31:11,555][WARN ][org.elasticsearch.index  ] [node_s2] [test] [index.merge.enabled] is set to false, this should only be used in tests and can cause serious problems in production environments
[2016-03-29 17:31:11,559][WARN ][org.elasticsearch.index  ] [node_s0] [test] [index.merge.enabled] is set to false, this should only be used in tests and can cause serious problems in production environments
[2016-03-29 17:31:11,563][WARN ][org.elasticsearch.index  ] [node_s1] [test] [index.merge.enabled] is set to false, this should only be used in tests and can cause serious problems in production environments
[2016-03-29 17:31:11,563][WARN ][org.elasticsearch.index  ] [node_s2] [test] [index.merge.enabled] is set to false, this should only be used in tests and can cause serious problems in production environments
[2016-03-29 17:31:11,566][WARN ][org.elasticsearch.index  ] [node_s0] [test] [index.merge.enabled] is set to false, this should only be used in tests and can cause serious problems in production environments
[2016-03-29 17:31:11,974][WARN ][org.elasticsearch.index  ] [node_s2] [test] [index.merge.enabled] is set to false, this should only be used in tests and can cause serious problems in production environments
[2016-03-29 17:31:11,976][WARN ][org.elasticsearch.index  ] [node_s1] [test] [index.merge.enabled] is set to false, this should only be used in tests and can cause serious problems in production environments
[2016-03-29 17:31:11,988][WARN ][org.elasticsearch.index  ] [node_s2] [test] [index.merge.enabled] is set to false, this should only be used in tests and can cause serious problems in production environments
[2016-03-29 17:31:12,023][WARN ][org.elasticsearch.index  ] [node_s0] [test] [index.merge.enabled] is set to false, this should only be used in tests and can cause serious problems in production environments
[2016-03-29 17:31:12,023][WARN ][org.elasticsearch.index  ] [node_s0] [test] [index.merge.enabled] is set to false, this should only be used in tests and can cause serious problems in production environments
[2016-03-29 17:31:12,025][WARN ][org.elasticsearch.index  ] [node_s0] [test] [index.merge.enabled] is set to false, this should only be used in tests and can cause serious problems in production environments
[2016-03-29 17:31:12,025][WARN ][org.elasticsearch.index  ] [node_s0] [test] [index.merge.enabled] is set to false, this should only be used in tests and can cause serious problems in production environments
[2016-03-29 17:31:12,025][WARN ][org.elasticsearch.index  ] [node_s0] [test] [index.merge.enabled] is set to false, this should only be used in tests and can cause serious problems in production environments
[2016-03-29 17:31:12,026][WARN ][org.elasticsearch.index  ] [node_s0] [test] [index.merge.enabled] is set to false, this should only be used in tests and can cause serious problems in production environments
[2016-03-29 17:31:12,026][WARN ][org.elasticsearch.index  ] [node_s0] [test] [index.merge.enabled] is set to false, this should only be used in tests and can cause serious problems in production environments
[2016-03-29 17:31:12,026][WARN ][org.elasticsearch.index  ] [node_s0] [test] [index.merge.enabled] is set to false, this should only be used in tests and can cause serious problems in production environments
[2016-03-29 17:31:12,027][WARN ][org.elasticsearch.index  ] [node_s0] [test] [index.merge.enabled] is set to false, this should only be used in tests and can cause serious problems in production environments
[2016-03-29 17:31:12,027][WARN ][org.elasticsearch.index  ] [node_s0] [test] [index.merge.enabled] is set to false, this should only be used in tests and can cause serious problems in production environments
[2016-03-29 17:31:12,030][WARN ][org.elasticsearch.index  ] [node_s0] [test] [index.merge.enabled] is set to false, this should only be used in tests and can cause serious problems in production environments
[2016-03-29 17:31:12,031][WARN ][org.elasticsearch.index  ] [node_s0] [test] [index.merge.enabled] is set to false, this should only be used in tests and can cause serious problems in production environments
[2016-03-29 17:31:12,031][WARN ][org.elasticsearch.index  ] [node_s0] [test] [index.merge.enabled] is set to false, this should only be used in tests and can cause serious problems in production environments
[2016-03-29 17:31:12,031][WARN ][org.elasticsearch.index  ] [node_s0] [test] [index.merge.enabled] is set to false, this should only be used in tests and can cause serious problems in production environments
[2016-03-29 17:31:12,032][WARN ][org.elasticsearch.index  ] [node_s0] [test] [index.merge.enabled] is set to false, this should only be used in tests and can cause serious problems in production environments
[2016-03-29 17:31:12,032][WARN ][org.elasticsearch.index  ] [node_s0] [test] [index.merge.enabled] is set to false, this should only be used in tests and can cause serious problems in production environments
[2016-03-29 17:31:12,032][WARN ][org.elasticsearch.index  ] [node_s0] [test] [index.merge.enabled] is set to false, this should only be used in tests and can cause serious problems in production environments
[2016-03-29 17:31:12,032][WARN ][org.elasticsearch.index  ] [node_s0] [test] [index.merge.enabled] is set to false, this should only be used in tests and can cause serious problems in production environments
[2016-03-29 17:31:12,033][WARN ][org.elasticsearch.index  ] [node_s0] [test] [index.merge.enabled] is set to false, this should only be used in tests and can cause serious problems in production environments
[2016-03-29 17:31:12,033][WARN ][org.elasticsearch.index  ] [node_s0] [test] [index.merge.enabled] is set to false, this should only be used in tests and can cause serious problems in production environments
[2016-03-29 17:31:12,034][WARN ][org.elasticsearch.index  ] [node_s0] [test] [index.merge.enabled] is set to false, this should only be used in tests and can cause serious problems in production environments
[2016-03-29 17:31:12,034][WARN ][org.elasticsearch.index  ] [node_s0] [test] [index.merge.enabled] is set to false, this should only be used in tests and can cause serious problems in production environments
[2016-03-29 17:31:12,035][WARN ][org.elasticsearch.index  ] [node_s0] [test] [index.merge.enabled] is set to false, this should only be used in tests and can cause serious problems in production environments
[2016-03-29 17:31:12,036][WARN ][org.elasticsearch.index  ] [node_s0] [test] [index.merge.enabled] is set to false, this should only be used in tests and can cause serious problems in production environments
[2016-03-29 17:31:12,038][WARN ][org.elasticsearch.index  ] [node_s0] [test] [index.merge.enabled] is set to false, this should only be used in tests and can cause serious problems in production environments
[2016-03-29 17:31:12,039][WARN ][org.elasticsearch.index  ] [node_s0] [test] [index.merge.enabled] is set to false, this should only be used in tests and can cause serious problems in production environments
[2016-03-29 17:31:12,042][WARN ][org.elasticsearch.index  ] [node_s0] [test] [index.merge.enabled] is set to false, this should only be used in tests and can cause serious problems in production environments
[2016-03-29 17:31:12,044][WARN ][org.elasticsearch.index  ] [node_s0] [test] [index.merge.enabled] is set to false, this should only be used in tests and can cause serious problems in production environments
[2016-03-29 17:31:12,045][WARN ][org.elasticsearch.index  ] [node_s0] [test] [index.merge.enabled] is set to false, this should only be used in tests and can cause serious problems in production environments
[2016-03-29 17:31:12,045][WARN ][org.elasticsearch.index  ] [node_s0] [test] [index.merge.enabled] is set to false, this should only be used in tests and can cause serious problems in production environments
[2016-03-29 17:31:12,045][WARN ][org.elasticsearch.index  ] [node_s0] [test] [index.merge.enabled] is set to false, this should only be used in tests and can cause serious problems in production environments
[2016-03-29 17:31:12,045][WARN ][org.elasticsearch.index  ] [node_s0] [test] [index.merge.enabled] is set to false, this should only be used in tests and can cause serious problems in production environments
[2016-03-29 17:31:12,046][WARN ][org.elasticsearch.index  ] [node_s0] [test] [index.merge.enabled] is set to false, this should only be used in tests and can cause serious problems in production environments
[2016-03-29 17:31:12,046][WARN ][org.elasticsearch.index  ] [node_s0] [test] [index.merge.enabled] is set to false, this should only be used in tests and can cause serious problems in production environments
[2016-03-29 17:31:12,047][WARN ][org.elasticsearch.index  ] [node_s0] [test] [index.merge.enabled] is set to false, this should only be used in tests and can cause serious problems in production environments
[2016-03-29 17:31:12,047][WARN ][org.elasticsearch.index  ] [node_s0] [test] [index.merge.enabled] is set to false, this should only be used in tests and can cause serious problems in production environments
[2016-03-29 17:31:12,048][WARN ][org.elasticsearch.index  ] [node_s0] [test] [index.merge.enabled] is set to false, this should only be used in tests and can cause serious problems in production environments
[2016-03-29 17:31:12,051][WARN ][org.elasticsearch.index  ] [node_s0] [test] [index.merge.enabled] is set to false, this should only be used in tests and can cause serious problems in production environments
[2016-03-29 17:31:12,053][WARN ][org.elasticsearch.index  ] [node_s0] [test] [index.merge.enabled] is set to false, this should only be used in tests and can cause serious problems in production environments
[2016-03-29 17:31:12,053][WARN ][org.elasticsearch.index  ] [node_s0] [test] [index.merge.enabled] is set to false, this should only be used in tests and can cause serious problems in production environments
[2016-03-29 17:31:12,053][WARN ][org.elasticsearch.index  ] [node_s0] [test] [index.merge.enabled] is set to false, this should only be used in tests and can cause serious problems in production environments
[2016-03-29 17:31:12,054][WARN ][org.elasticsearch.index  ] [node_s0] [test] [index.merge.enabled] is set to false, this should only be used in tests and can cause serious problems in production environments
[2016-03-29 17:31:12,058][WARN ][org.elasticsearch.index  ] [node_s0] [test] [index.merge.enabled] is set to false, this should only be used in tests and can cause serious problems in production environments
[2016-03-29 17:31:12,060][WARN ][org.elasticsearch.index  ] [node_s0] [test] [index.merge.enabled] is set to false, this should only be used in tests and can cause serious problems in production environments
[2016-03-29 17:31:12,061][WARN ][org.elasticsearch.index  ] [node_s0] [test] [index.merge.enabled] is set to false, this should only be used in tests and can cause serious problems in production environments
[2016-03-29 17:31:12,064][WARN ][org.elasticsearch.index  ] [node_s0] [test] [index.merge.enabled] is set to false, this should only be used in tests and can cause serious problems in production environments
[2016-03-29 17:31:12,065][WARN ][org.elasticsearch.index  ] [node_s0] [test] [index.merge.enabled] is set to false, this should only be used in tests and can cause serious problems in production environments
[2016-03-29 17:31:12,067][WARN ][org.elasticsearch.index  ] [node_s0] [test] [index.merge.enabled] is set to false, this should only be used in tests and can cause serious problems in production environments
[2016-03-29 17:31:12,068][WARN ][org.elasticsearch.index  ] [node_s1] [test] [index.merge.enabled] is set to false, this should only be used in tests and can cause serious problems in production environments
[2016-03-29 17:31:12,073][WARN ][org.elasticsearch.index  ] [node_s0] [test] [index.merge.enabled] is set to false, this should only be used in tests and can cause serious problems in production environments
[2016-03-29 17:31:12,074][WARN ][org.elasticsearch.index  ] [node_s1] [test] [index.merge.enabled] is set to false, this should only be used in tests and can cause serious problems in production environments
[2016-03-29 17:31:12,074][WARN ][org.elasticsearch.index  ] [node_s1] [test] [index.merge.enabled] is set to false, this should only be used in tests and can cause serious problems in production environments
[2016-03-29 17:31:12,074][WARN ][org.elasticsearch.index  ] [node_s1] [test] [index.merge.enabled] is set to false, this should only be used in tests and can cause serious problems in production environments
[2016-03-29 17:31:12,082][WARN ][org.elasticsearch.index  ] [node_s0] [test] [index.merge.enabled] is set to false, this should only be used in tests and can cause serious problems in production environments
[2016-03-29 17:31:12,082][WARN ][org.elasticsearch.index  ] [node_s1] [test] [index.merge.enabled] is set to false, this should only be used in tests and can cause serious problems in production environments
[2016-03-29 17:31:12,083][WARN ][org.elasticsearch.index  ] [node_s1] [test] [index.merge.enabled] is set to false, this should only be used in tests and can cause serious problems in production environments
[2016-03-29 17:31:12,083][WARN ][org.elasticsearch.index  ] [node_s1] [test] [index.merge.enabled] is set to false, this should only be used in tests and can cause serious problems in production environments
[2016-03-29 17:31:12,084][WARN ][org.elasticsearch.gateway] [node_s0] [test][1]: failed to list shard for shard_store on node [CPT92MpiQUOVGT_D918vlA]
FailedNodeException[Failed node [CPT92MpiQUOVGT_D918vlA]]; nested: RemoteTransportException[[node_s0][local[324]][internal:cluster/nodes/indices/shard/store[n]]]; nested: ElasticsearchException[Failed to list store metadata for shard [[test][1]]]; nested: CorruptIndexException[Read past EOF while reading segment infos (resource=commit(null))]; nested: EOFException[read past EOF: SimpleFSIndexInput(path="/Users/ogbonnayacngwu/CSE2410_spring2016_projectileDysfunction/core/build/testrun/integTest/J2/temp/org.elasticsearch.index.store.CorruptedFileIT_4AA6DECDBC490785-001/tempDir-001/data/SUITE-CHILD_VM=[2]-CLUSTER_SEED=[-3911300646192775547]-HASH=[14406DDBC06CADF0]-cluster/nodes/1/indices/test/1/index/segments_3")];
	at org.elasticsearch.action.support.nodes.TransportNodesAction$AsyncAction.onFailure(TransportNodesAction.java:208)
	at org.elasticsearch.action.support.nodes.TransportNodesAction$AsyncAction.access$700(TransportNodesAction.java:109)
	at org.elasticsearch.action.support.nodes.TransportNodesAction$AsyncAction$2.handleException(TransportNodesAction.java:181)
	at org.elasticsearch.transport.local.LocalTransport.handleException(LocalTransport.java:370)
	at org.elasticsearch.transport.local.LocalTransport.handlerResponseError(LocalTransport.java:361)
	at org.elasticsearch.transport.local.LocalTransport.messageReceived(LocalTransport.java:257)
	at org.elasticsearch.transport.local.LocalTransportChannel$2.run(LocalTransportChannel.java:103)
	at java.util.concurrent.ThreadPoolExecutor.runWorker(ThreadPoolExecutor.java:1142)
	at java.util.concurrent.ThreadPoolExecutor$Worker.run(ThreadPoolExecutor.java:617)
	at java.lang.Thread.run(Thread.java:745)
Caused by: RemoteTransportException[[node_s0][local[324]][internal:cluster/nodes/indices/shard/store[n]]]; nested: ElasticsearchException[Failed to list store metadata for shard [[test][1]]]; nested: CorruptIndexException[Read past EOF while reading segment infos (resource=commit(null))]; nested: EOFException[read past EOF: SimpleFSIndexInput(path="/Users/ogbonnayacngwu/CSE2410_spring2016_projectileDysfunction/core/build/testrun/integTest/J2/temp/org.elasticsearch.index.store.CorruptedFileIT_4AA6DECDBC490785-001/tempDir-001/data/SUITE-CHILD_VM=[2]-CLUSTER_SEED=[-3911300646192775547]-HASH=[14406DDBC06CADF0]-cluster/nodes/1/indices/test/1/index/segments_3")];
Caused by: ElasticsearchException[Failed to list store metadata for shard [[test][1]]]; nested: CorruptIndexException[Read past EOF while reading segment infos (resource=commit(null))]; nested: EOFException[read past EOF: SimpleFSIndexInput(path="/Users/ogbonnayacngwu/CSE2410_spring2016_projectileDysfunction/core/build/testrun/integTest/J2/temp/org.elasticsearch.index.store.CorruptedFileIT_4AA6DECDBC490785-001/tempDir-001/data/SUITE-CHILD_VM=[2]-CLUSTER_SEED=[-3911300646192775547]-HASH=[14406DDBC06CADF0]-cluster/nodes/1/indices/test/1/index/segments_3")];
	at org.elasticsearch.indices.store.TransportNodesListShardStoreMetaData.nodeOperation(TransportNodesListShardStoreMetaData.java:147)
	at org.elasticsearch.indices.store.TransportNodesListShardStoreMetaData.nodeOperation(TransportNodesListShardStoreMetaData.java:70)
	at org.elasticsearch.action.support.nodes.TransportNodesAction$NodeTransportHandler.messageReceived(TransportNodesAction.java:232)
	at org.elasticsearch.action.support.nodes.TransportNodesAction$NodeTransportHandler.messageReceived(TransportNodesAction.java:228)
	at org.elasticsearch.transport.TransportRequestHandler.messageReceived(TransportRequestHandler.java:33)
	at org.elasticsearch.transport.RequestHandlerRegistry.processMessageReceived(RequestHandlerRegistry.java:65)
	at org.elasticsearch.transport.local.LocalTransport$2.doRun(LocalTransport.java:296)
	at org.elasticsearch.common.util.concurrent.AbstractRunnable.run(AbstractRunnable.java:37)
	at java.util.concurrent.ThreadPoolExecutor.runWorker(ThreadPoolExecutor.java:1142)
	at java.util.concurrent.ThreadPoolExecutor$Worker.run(ThreadPoolExecutor.java:617)
	at java.lang.Thread.run(Thread.java:745)
Caused by: org.apache.lucene.index.CorruptIndexException: Read past EOF while reading segment infos (resource=commit(null))
	at org.elasticsearch.index.store.Store.readSegmentsInfo(Store.java:199)
	at org.elasticsearch.index.store.Store.access$200(Store.java:122)
	at org.elasticsearch.index.store.Store$MetadataSnapshot.loadMetadata(Store.java:845)
	at org.elasticsearch.index.store.Store$MetadataSnapshot.<init>(Store.java:794)
	at org.elasticsearch.index.store.Store.readMetadataSnapshot(Store.java:414)
	at org.elasticsearch.indices.store.TransportNodesListShardStoreMetaData.listStoreMetaData(TransportNodesListShardStoreMetaData.java:180)
	at org.elasticsearch.indices.store.TransportNodesListShardStoreMetaData.nodeOperation(TransportNodesListShardStoreMetaData.java:145)
	... 10 more
Caused by: java.io.EOFException: read past EOF: SimpleFSIndexInput(path="/Users/ogbonnayacngwu/CSE2410_spring2016_projectileDysfunction/core/build/testrun/integTest/J2/temp/org.elasticsearch.index.store.CorruptedFileIT_4AA6DECDBC490785-001/tempDir-001/data/SUITE-CHILD_VM=[2]-CLUSTER_SEED=[-3911300646192775547]-HASH=[14406DDBC06CADF0]-cluster/nodes/1/indices/test/1/index/segments_3")
	at org.apache.lucene.store.BufferedIndexInput.refill(BufferedIndexInput.java:336)
	at org.apache.lucene.store.BufferedIndexInput.readByte(BufferedIndexInput.java:54)
	at org.apache.lucene.store.BufferedChecksumIndexInput.readByte(BufferedChecksumIndexInput.java:41)
	at org.apache.lucene.store.DataInput.readInt(DataInput.java:101)
	at org.apache.lucene.index.SegmentInfos.readCommit(SegmentInfos.java:297)
	at org.apache.lucene.index.SegmentInfos$1.doBody(SegmentInfos.java:493)
	at org.apache.lucene.index.SegmentInfos$1.doBody(SegmentInfos.java:490)
	at org.apache.lucene.index.SegmentInfos$FindSegmentsFile.run(SegmentInfos.java:731)
	at org.apache.lucene.index.SegmentInfos$FindSegmentsFile.run(SegmentInfos.java:683)
	at org.apache.lucene.index.SegmentInfos.readLatestCommit(SegmentInfos.java:495)
	at org.elasticsearch.common.lucene.Lucene.readSegmentInfos(Lucene.java:123)
	at org.elasticsearch.index.store.Store.readSegmentsInfo(Store.java:196)
	... 16 more
[2016-03-29 17:31:12,085][WARN ][org.elasticsearch.index  ] [node_s1] [test] [index.merge.enabled] is set to false, this should only be used in tests and can cause serious problems in production environments
[2016-03-29 17:31:12,090][WARN ][org.elasticsearch.index  ] [node_s1] [test] [index.merge.enabled] is set to false, this should only be used in tests and can cause serious problems in production environments
[2016-03-29 17:31:12,090][WARN ][org.elasticsearch.index  ] [node_s0] [test] [index.merge.enabled] is set to false, this should only be used in tests and can cause serious problems in production environments
[2016-03-29 17:31:12,093][WARN ][org.elasticsearch.index  ] [node_s1] [test] [index.merge.enabled] is set to false, this should only be used in tests and can cause serious problems in production environments
[2016-03-29 17:31:12,093][WARN ][org.elasticsearch.gateway] [node_s0] [test][1]: failed to list shard for shard_store on node [CPT92MpiQUOVGT_D918vlA]
FailedNodeException[Failed node [CPT92MpiQUOVGT_D918vlA]]; nested: RemoteTransportException[[node_s0][local[324]][internal:cluster/nodes/indices/shard/store[n]]]; nested: ElasticsearchException[Failed to list store metadata for shard [[test][1]]]; nested: CorruptIndexException[Read past EOF while reading segment infos (resource=commit(null))]; nested: EOFException[read past EOF: SimpleFSIndexInput(path="/Users/ogbonnayacngwu/CSE2410_spring2016_projectileDysfunction/core/build/testrun/integTest/J2/temp/org.elasticsearch.index.store.CorruptedFileIT_4AA6DECDBC490785-001/tempDir-001/data/SUITE-CHILD_VM=[2]-CLUSTER_SEED=[-3911300646192775547]-HASH=[14406DDBC06CADF0]-cluster/nodes/1/indices/test/1/index/segments_3")];
	at org.elasticsearch.action.support.nodes.TransportNodesAction$AsyncAction.onFailure(TransportNodesAction.java:208)
	at org.elasticsearch.action.support.nodes.TransportNodesAction$AsyncAction.access$700(TransportNodesAction.java:109)
	at org.elasticsearch.action.support.nodes.TransportNodesAction$AsyncAction$2.handleException(TransportNodesAction.java:181)
	at org.elasticsearch.transport.local.LocalTransport.handleException(LocalTransport.java:370)
	at org.elasticsearch.transport.local.LocalTransport.handlerResponseError(LocalTransport.java:361)
	at org.elasticsearch.transport.local.LocalTransport.messageReceived(LocalTransport.java:257)
	at org.elasticsearch.transport.local.LocalTransportChannel$2.run(LocalTransportChannel.java:103)
	at java.util.concurrent.ThreadPoolExecutor.runWorker(ThreadPoolExecutor.java:1142)
	at java.util.concurrent.ThreadPoolExecutor$Worker.run(ThreadPoolExecutor.java:617)
	at java.lang.Thread.run(Thread.java:745)
Caused by: RemoteTransportException[[node_s0][local[324]][internal:cluster/nodes/indices/shard/store[n]]]; nested: ElasticsearchException[Failed to list store metadata for shard [[test][1]]]; nested: CorruptIndexException[Read past EOF while reading segment infos (resource=commit(null))]; nested: EOFException[read past EOF: SimpleFSIndexInput(path="/Users/ogbonnayacngwu/CSE2410_spring2016_projectileDysfunction/core/build/testrun/integTest/J2/temp/org.elasticsearch.index.store.CorruptedFileIT_4AA6DECDBC490785-001/tempDir-001/data/SUITE-CHILD_VM=[2]-CLUSTER_SEED=[-3911300646192775547]-HASH=[14406DDBC06CADF0]-cluster/nodes/1/indices/test/1/index/segments_3")];
Caused by: ElasticsearchException[Failed to list store metadata for shard [[test][1]]]; nested: CorruptIndexException[Read past EOF while reading segment infos (resource=commit(null))]; nested: EOFException[read past EOF: SimpleFSIndexInput(path="/Users/ogbonnayacngwu/CSE2410_spring2016_projectileDysfunction/core/build/testrun/integTest/J2/temp/org.elasticsearch.index.store.CorruptedFileIT_4AA6DECDBC490785-001/tempDir-001/data/SUITE-CHILD_VM=[2]-CLUSTER_SEED=[-3911300646192775547]-HASH=[14406DDBC06CADF0]-cluster/nodes/1/indices/test/1/index/segments_3")];
	at org.elasticsearch.indices.store.TransportNodesListShardStoreMetaData.nodeOperation(TransportNodesListShardStoreMetaData.java:147)
	at org.elasticsearch.indices.store.TransportNodesListShardStoreMetaData.nodeOperation(TransportNodesListShardStoreMetaData.java:70)
	at org.elasticsearch.action.support.nodes.TransportNodesAction$NodeTransportHandler.messageReceived(TransportNodesAction.java:232)
	at org.elasticsearch.action.support.nodes.TransportNodesAction$NodeTransportHandler.messageReceived(TransportNodesAction.java:228)
	at org.elasticsearch.transport.TransportRequestHandler.messageReceived(TransportRequestHandler.java:33)
	at org.elasticsearch.transport.RequestHandlerRegistry.processMessageReceived(RequestHandlerRegistry.java:65)
	at org.elasticsearch.transport.local.LocalTransport$2.doRun(LocalTransport.java:296)
	at org.elasticsearch.common.util.concurrent.AbstractRunnable.run(AbstractRunnable.java:37)
	at java.util.concurrent.ThreadPoolExecutor.runWorker(ThreadPoolExecutor.java:1142)
	at java.util.concurrent.ThreadPoolExecutor$Worker.run(ThreadPoolExecutor.java:617)
	at java.lang.Thread.run(Thread.java:745)
Caused by: org.apache.lucene.index.CorruptIndexException: Read past EOF while reading segment infos (resource=commit(null))
	at org.elasticsearch.index.store.Store.readSegmentsInfo(Store.java:199)
	at org.elasticsearch.index.store.Store.access$200(Store.java:122)
	at org.elasticsearch.index.store.Store$MetadataSnapshot.loadMetadata(Store.java:845)
	at org.elasticsearch.index.store.Store$MetadataSnapshot.<init>(Store.java:794)
	at org.elasticsearch.index.store.Store.readMetadataSnapshot(Store.java:414)
	at org.elasticsearch.indices.store.TransportNodesListShardStoreMetaData.listStoreMetaData(TransportNodesListShardStoreMetaData.java:180)
	at org.elasticsearch.indices.store.TransportNodesListShardStoreMetaData.nodeOperation(TransportNodesListShardStoreMetaData.java:145)
	... 10 more
Caused by: java.io.EOFException: read past EOF: SimpleFSIndexInput(path="/Users/ogbonnayacngwu/CSE2410_spring2016_projectileDysfunction/core/build/testrun/integTest/J2/temp/org.elasticsearch.index.store.CorruptedFileIT_4AA6DECDBC490785-001/tempDir-001/data/SUITE-CHILD_VM=[2]-CLUSTER_SEED=[-3911300646192775547]-HASH=[14406DDBC06CADF0]-cluster/nodes/1/indices/test/1/index/segments_3")
	at org.apache.lucene.store.BufferedIndexInput.refill(BufferedIndexInput.java:336)
	at org.apache.lucene.store.BufferedIndexInput.readByte(BufferedIndexInput.java:54)
	at org.apache.lucene.store.BufferedChecksumIndexInput.readByte(BufferedChecksumIndexInput.java:41)
	at org.apache.lucene.store.DataInput.readInt(DataInput.java:101)
	at org.apache.lucene.index.SegmentInfos.readCommit(SegmentInfos.java:297)
	at org.apache.lucene.index.SegmentInfos$1.doBody(SegmentInfos.java:493)
	at org.apache.lucene.index.SegmentInfos$1.doBody(SegmentInfos.java:490)
	at org.apache.lucene.index.SegmentInfos$FindSegmentsFile.run(SegmentInfos.java:731)
	at org.apache.lucene.index.SegmentInfos$FindSegmentsFile.run(SegmentInfos.java:683)
	at org.apache.lucene.index.SegmentInfos.readLatestCommit(SegmentInfos.java:495)
	at org.elasticsearch.common.lucene.Lucene.readSegmentInfos(Lucene.java:123)
	at org.elasticsearch.index.store.Store.readSegmentsInfo(Store.java:196)
	... 16 more
[2016-03-29 17:31:12,095][WARN ][org.elasticsearch.index  ] [node_s1] [test] [index.merge.enabled] is set to false, this should only be used in tests and can cause serious problems in production environments
[2016-03-29 17:31:12,097][WARN ][org.elasticsearch.index  ] [node_s1] [test] [index.merge.enabled] is set to false, this should only be used in tests and can cause serious problems in production environments
[2016-03-29 17:31:12,099][WARN ][org.elasticsearch.indices.recovery] [node_s1] error while listing local files, recover as if there are none
org.apache.lucene.index.CorruptIndexException: Read past EOF while reading segment infos (resource=commit(null))
	at org.elasticsearch.index.store.Store.readSegmentsInfo(Store.java:199)
	at org.elasticsearch.index.store.Store.access$200(Store.java:122)
	at org.elasticsearch.index.store.Store$MetadataSnapshot.loadMetadata(Store.java:845)
	at org.elasticsearch.index.store.Store$MetadataSnapshot.<init>(Store.java:794)
	at org.elasticsearch.index.store.Store.getMetadata(Store.java:266)
	at org.elasticsearch.index.store.Store.getMetadataOrEmpty(Store.java:225)
	at org.elasticsearch.indices.recovery.RecoveryTarget.doRecovery(RecoveryTarget.java:169)
	at org.elasticsearch.indices.recovery.RecoveryTarget.access$1100(RecoveryTarget.java:79)
	at org.elasticsearch.indices.recovery.RecoveryTarget$RecoveryRunner.doRun(RecoveryTarget.java:521)
	at org.elasticsearch.common.util.concurrent.AbstractRunnable.run(AbstractRunnable.java:37)
	at java.util.concurrent.ThreadPoolExecutor.runWorker(ThreadPoolExecutor.java:1142)
	at java.util.concurrent.ThreadPoolExecutor$Worker.run(ThreadPoolExecutor.java:617)
	at java.lang.Thread.run(Thread.java:745)
Caused by: java.io.EOFException: read past EOF: NIOFSIndexInput(path="/Users/ogbonnayacngwu/CSE2410_spring2016_projectileDysfunction/core/build/testrun/integTest/J2/temp/org.elasticsearch.index.store.CorruptedFileIT_4AA6DECDBC490785-001/tempDir-001/data/SUITE-CHILD_VM=[2]-CLUSTER_SEED=[-3911300646192775547]-HASH=[14406DDBC06CADF0]-cluster/nodes/1/indices/test/1/index/segments_3")
	at org.apache.lucene.store.BufferedIndexInput.refill(BufferedIndexInput.java:336)
	at org.apache.lucene.store.BufferedIndexInput.readByte(BufferedIndexInput.java:54)
	at org.apache.lucene.store.MockIndexInputWrapper.readByte(MockIndexInputWrapper.java:132)
	at org.apache.lucene.store.BufferedChecksumIndexInput.readByte(BufferedChecksumIndexInput.java:41)
	at org.apache.lucene.store.DataInput.readInt(DataInput.java:101)
	at org.apache.lucene.index.SegmentInfos.readCommit(SegmentInfos.java:297)
	at org.apache.lucene.index.SegmentInfos$1.doBody(SegmentInfos.java:493)
	at org.apache.lucene.index.SegmentInfos$1.doBody(SegmentInfos.java:490)
	at org.apache.lucene.index.SegmentInfos$FindSegmentsFile.run(SegmentInfos.java:731)
	at org.apache.lucene.index.SegmentInfos$FindSegmentsFile.run(SegmentInfos.java:683)
	at org.apache.lucene.index.SegmentInfos.readLatestCommit(SegmentInfos.java:495)
	at org.elasticsearch.common.lucene.Lucene.readSegmentInfos(Lucene.java:123)
	at org.elasticsearch.index.store.Store.readSegmentsInfo(Store.java:196)
	... 12 more
[2016-03-29 17:31:12,099][WARN ][org.elasticsearch.index  ] [node_s1] [test] [index.merge.enabled] is set to false, this should only be used in tests and can cause serious problems in production environments
[2016-03-29 17:31:12,100][WARN ][org.elasticsearch.index  ] [node_s1] [test] [index.merge.enabled] is set to false, this should only be used in tests and can cause serious problems in production environments
[2016-03-29 17:31:12,107][WARN ][org.elasticsearch.index  ] [node_s0] [test] [index.merge.enabled] is set to false, this should only be used in tests and can cause serious problems in production environments
[2016-03-29 17:31:12,110][WARN ][org.elasticsearch.index  ] [node_s1] [test] [index.merge.enabled] is set to false, this should only be used in tests and can cause serious problems in production environments
[2016-03-29 17:31:12,111][WARN ][org.elasticsearch.gateway] [node_s0] [test][0]: failed to list shard for shard_store on node [gsfwWaL0S6apQ02A9iR2ZA]
FailedNodeException[Failed node [gsfwWaL0S6apQ02A9iR2ZA]]; nested: RemoteTransportException[[node_s0][local[324]][internal:cluster/nodes/indices/shard/store[n]]]; nested: ElasticsearchException[Failed to list store metadata for shard [[test][0]]]; nested: CorruptIndexException[Read past EOF while reading segment infos (resource=commit(null))]; nested: EOFException[read past EOF: SimpleFSIndexInput(path="/Users/ogbonnayacngwu/CSE2410_spring2016_projectileDysfunction/core/build/testrun/integTest/J2/temp/org.elasticsearch.index.store.CorruptedFileIT_4AA6DECDBC490785-001/tempDir-001/data/SUITE-CHILD_VM=[2]-CLUSTER_SEED=[-3911300646192775547]-HASH=[14406DDBC06CADF0]-cluster/nodes/0/indices/test/0/index/segments_3")];
	at org.elasticsearch.action.support.nodes.TransportNodesAction$AsyncAction.onFailure(TransportNodesAction.java:208)
	at org.elasticsearch.action.support.nodes.TransportNodesAction$AsyncAction.access$700(TransportNodesAction.java:109)
	at org.elasticsearch.action.support.nodes.TransportNodesAction$AsyncAction$2.handleException(TransportNodesAction.java:181)
	at org.elasticsearch.transport.TransportService$DirectResponseChannel.processException(TransportService.java:802)
	at org.elasticsearch.transport.TransportService$DirectResponseChannel.sendResponse(TransportService.java:780)
	at org.elasticsearch.transport.TransportService$4.onFailure(TransportService.java:353)
	at org.elasticsearch.common.util.concurrent.AbstractRunnable.run(AbstractRunnable.java:39)
	at java.util.concurrent.ThreadPoolExecutor.runWorker(ThreadPoolExecutor.java:1142)
	at java.util.concurrent.ThreadPoolExecutor$Worker.run(ThreadPoolExecutor.java:617)
	at java.lang.Thread.run(Thread.java:745)
Caused by: RemoteTransportException[[node_s0][local[324]][internal:cluster/nodes/indices/shard/store[n]]]; nested: ElasticsearchException[Failed to list store metadata for shard [[test][0]]]; nested: CorruptIndexException[Read past EOF while reading segment infos (resource=commit(null))]; nested: EOFException[read past EOF: SimpleFSIndexInput(path="/Users/ogbonnayacngwu/CSE2410_spring2016_projectileDysfunction/core/build/testrun/integTest/J2/temp/org.elasticsearch.index.store.CorruptedFileIT_4AA6DECDBC490785-001/tempDir-001/data/SUITE-CHILD_VM=[2]-CLUSTER_SEED=[-3911300646192775547]-HASH=[14406DDBC06CADF0]-cluster/nodes/0/indices/test/0/index/segments_3")];
Caused by: ElasticsearchException[Failed to list store metadata for shard [[test][0]]]; nested: CorruptIndexException[Read past EOF while reading segment infos (resource=commit(null))]; nested: EOFException[read past EOF: SimpleFSIndexInput(path="/Users/ogbonnayacngwu/CSE2410_spring2016_projectileDysfunction/core/build/testrun/integTest/J2/temp/org.elasticsearch.index.store.CorruptedFileIT_4AA6DECDBC490785-001/tempDir-001/data/SUITE-CHILD_VM=[2]-CLUSTER_SEED=[-3911300646192775547]-HASH=[14406DDBC06CADF0]-cluster/nodes/0/indices/test/0/index/segments_3")];
	at org.elasticsearch.indices.store.TransportNodesListShardStoreMetaData.nodeOperation(TransportNodesListShardStoreMetaData.java:147)
	at org.elasticsearch.indices.store.TransportNodesListShardStoreMetaData.nodeOperation(TransportNodesListShardStoreMetaData.java:70)
	at org.elasticsearch.action.support.nodes.TransportNodesAction$NodeTransportHandler.messageReceived(TransportNodesAction.java:232)
	at org.elasticsearch.action.support.nodes.TransportNodesAction$NodeTransportHandler.messageReceived(TransportNodesAction.java:228)
	at org.elasticsearch.transport.TransportRequestHandler.messageReceived(TransportRequestHandler.java:33)
	at org.elasticsearch.transport.RequestHandlerRegistry.processMessageReceived(RequestHandlerRegistry.java:65)
	at org.elasticsearch.transport.TransportService$4.doRun(TransportService.java:342)
	at org.elasticsearch.common.util.concurrent.AbstractRunnable.run(AbstractRunnable.java:37)
	at java.util.concurrent.ThreadPoolExecutor.runWorker(ThreadPoolExecutor.java:1142)
	at java.util.concurrent.ThreadPoolExecutor$Worker.run(ThreadPoolExecutor.java:617)
	at java.lang.Thread.run(Thread.java:745)
Caused by: org.apache.lucene.index.CorruptIndexException: Read past EOF while reading segment infos (resource=commit(null))
	at org.elasticsearch.index.store.Store.readSegmentsInfo(Store.java:199)
	at org.elasticsearch.index.store.Store.access$200(Store.java:122)
	at org.elasticsearch.index.store.Store$MetadataSnapshot.loadMetadata(Store.java:845)
	at org.elasticsearch.index.store.Store$MetadataSnapshot.<init>(Store.java:794)
	at org.elasticsearch.index.store.Store.readMetadataSnapshot(Store.java:414)
	at org.elasticsearch.indices.store.TransportNodesListShardStoreMetaData.listStoreMetaData(TransportNodesListShardStoreMetaData.java:180)
	at org.elasticsearch.indices.store.TransportNodesListShardStoreMetaData.nodeOperation(TransportNodesListShardStoreMetaData.java:145)
	... 10 more
Caused by: java.io.EOFException: read past EOF: SimpleFSIndexInput(path="/Users/ogbonnayacngwu/CSE2410_spring2016_projectileDysfunction/core/build/testrun/integTest/J2/temp/org.elasticsearch.index.store.CorruptedFileIT_4AA6DECDBC490785-001/tempDir-001/data/SUITE-CHILD_VM=[2]-CLUSTER_SEED=[-3911300646192775547]-HASH=[14406DDBC06CADF0]-cluster/nodes/0/indices/test/0/index/segments_3")
	at org.apache.lucene.store.BufferedIndexInput.refill(BufferedIndexInput.java:336)
	at org.apache.lucene.store.BufferedIndexInput.readByte(BufferedIndexInput.java:54)
	at org.apache.lucene.store.BufferedChecksumIndexInput.readByte(BufferedChecksumIndexInput.java:41)
	at org.apache.lucene.store.DataInput.readInt(DataInput.java:101)
	at org.apache.lucene.index.SegmentInfos.readCommit(SegmentInfos.java:297)
	at org.apache.lucene.index.SegmentInfos$1.doBody(SegmentInfos.java:493)
	at org.apache.lucene.index.SegmentInfos$1.doBody(SegmentInfos.java:490)
	at org.apache.lucene.index.SegmentInfos$FindSegmentsFile.run(SegmentInfos.java:731)
	at org.apache.lucene.index.SegmentInfos$FindSegmentsFile.run(SegmentInfos.java:683)
	at org.apache.lucene.index.SegmentInfos.readLatestCommit(SegmentInfos.java:495)
	at org.elasticsearch.common.lucene.Lucene.readSegmentInfos(Lucene.java:123)
	at org.elasticsearch.index.store.Store.readSegmentsInfo(Store.java:196)
	... 16 more
[2016-03-29 17:31:12,114][WARN ][org.elasticsearch.index  ] [node_s1] [test] [index.merge.enabled] is set to false, this should only be used in tests and can cause serious problems in production environments
[2016-03-29 17:31:12,118][WARN ][org.elasticsearch.index  ] [node_s0] [test] [index.merge.enabled] is set to false, this should only be used in tests and can cause serious problems in production environments
[2016-03-29 17:31:12,120][WARN ][org.elasticsearch.gateway] [node_s0] [test][1]: failed to list shard for shard_store on node [CPT92MpiQUOVGT_D918vlA]
FailedNodeException[Failed node [CPT92MpiQUOVGT_D918vlA]]; nested: RemoteTransportException[[node_s0][local[324]][internal:cluster/nodes/indices/shard/store[n]]]; nested: ElasticsearchException[Failed to list store metadata for shard [[test][1]]]; nested: CorruptIndexException[Read past EOF while reading segment infos (resource=commit(null))]; nested: EOFException[read past EOF: NIOFSIndexInput(path="/Users/ogbonnayacngwu/CSE2410_spring2016_projectileDysfunction/core/build/testrun/integTest/J2/temp/org.elasticsearch.index.store.CorruptedFileIT_4AA6DECDBC490785-001/tempDir-001/data/SUITE-CHILD_VM=[2]-CLUSTER_SEED=[-3911300646192775547]-HASH=[14406DDBC06CADF0]-cluster/nodes/1/indices/test/1/index/segments_3")];
	at org.elasticsearch.action.support.nodes.TransportNodesAction$AsyncAction.onFailure(TransportNodesAction.java:208)
	at org.elasticsearch.action.support.nodes.TransportNodesAction$AsyncAction.access$700(TransportNodesAction.java:109)
	at org.elasticsearch.action.support.nodes.TransportNodesAction$AsyncAction$2.handleException(TransportNodesAction.java:181)
	at org.elasticsearch.transport.local.LocalTransport.handleException(LocalTransport.java:370)
	at org.elasticsearch.transport.local.LocalTransport.handlerResponseError(LocalTransport.java:361)
	at org.elasticsearch.transport.local.LocalTransport.messageReceived(LocalTransport.java:257)
	at org.elasticsearch.transport.local.LocalTransportChannel$2.run(LocalTransportChannel.java:103)
	at java.util.concurrent.ThreadPoolExecutor.runWorker(ThreadPoolExecutor.java:1142)
	at java.util.concurrent.ThreadPoolExecutor$Worker.run(ThreadPoolExecutor.java:617)
	at java.lang.Thread.run(Thread.java:745)
Caused by: RemoteTransportException[[node_s0][local[324]][internal:cluster/nodes/indices/shard/store[n]]]; nested: ElasticsearchException[Failed to list store metadata for shard [[test][1]]]; nested: CorruptIndexException[Read past EOF while reading segment infos (resource=commit(null))]; nested: EOFException[read past EOF: NIOFSIndexInput(path="/Users/ogbonnayacngwu/CSE2410_spring2016_projectileDysfunction/core/build/testrun/integTest/J2/temp/org.elasticsearch.index.store.CorruptedFileIT_4AA6DECDBC490785-001/tempDir-001/data/SUITE-CHILD_VM=[2]-CLUSTER_SEED=[-3911300646192775547]-HASH=[14406DDBC06CADF0]-cluster/nodes/1/indices/test/1/index/segments_3")];
Caused by: ElasticsearchException[Failed to list store metadata for shard [[test][1]]]; nested: CorruptIndexException[Read past EOF while reading segment infos (resource=commit(null))]; nested: EOFException[read past EOF: NIOFSIndexInput(path="/Users/ogbonnayacngwu/CSE2410_spring2016_projectileDysfunction/core/build/testrun/integTest/J2/temp/org.elasticsearch.index.store.CorruptedFileIT_4AA6DECDBC490785-001/tempDir-001/data/SUITE-CHILD_VM=[2]-CLUSTER_SEED=[-3911300646192775547]-HASH=[14406DDBC06CADF0]-cluster/nodes/1/indices/test/1/index/segments_3")];
	at org.elasticsearch.indices.store.TransportNodesListShardStoreMetaData.nodeOperation(TransportNodesListShardStoreMetaData.java:147)
	at org.elasticsearch.indices.store.TransportNodesListShardStoreMetaData.nodeOperation(TransportNodesListShardStoreMetaData.java:70)
	at org.elasticsearch.action.support.nodes.TransportNodesAction$NodeTransportHandler.messageReceived(TransportNodesAction.java:232)
	at org.elasticsearch.action.support.nodes.TransportNodesAction$NodeTransportHandler.messageReceived(TransportNodesAction.java:228)
	at org.elasticsearch.transport.TransportRequestHandler.messageReceived(TransportRequestHandler.java:33)
	at org.elasticsearch.transport.RequestHandlerRegistry.processMessageReceived(RequestHandlerRegistry.java:65)
	at org.elasticsearch.transport.local.LocalTransport$2.doRun(LocalTransport.java:296)
	at org.elasticsearch.common.util.concurrent.AbstractRunnable.run(AbstractRunnable.java:37)
	at java.util.concurrent.ThreadPoolExecutor.runWorker(ThreadPoolExecutor.java:1142)
	at java.util.concurrent.ThreadPoolExecutor$Worker.run(ThreadPoolExecutor.java:617)
	at java.lang.Thread.run(Thread.java:745)
Caused by: org.apache.lucene.index.CorruptIndexException: Read past EOF while reading segment infos (resource=commit(null))
	at org.elasticsearch.index.store.Store.readSegmentsInfo(Store.java:199)
	at org.elasticsearch.index.store.Store.access$200(Store.java:122)
	at org.elasticsearch.index.store.Store$MetadataSnapshot.loadMetadata(Store.java:845)
	at org.elasticsearch.index.store.Store$MetadataSnapshot.<init>(Store.java:794)
	at org.elasticsearch.index.store.Store.getMetadata(Store.java:266)
	at org.elasticsearch.index.store.Store.getMetadataOrEmpty(Store.java:225)
	at org.elasticsearch.indices.recovery.RecoveryTarget.doRecovery(RecoveryTarget.java:169)
	at org.elasticsearch.indices.recovery.RecoveryTarget.access$1100(RecoveryTarget.java:79)
	at org.elasticsearch.indices.recovery.RecoveryTarget$RecoveryRunner.doRun(RecoveryTarget.java:521)
	... 4 more
Caused by: java.io.EOFException: read past EOF: NIOFSIndexInput(path="/Users/ogbonnayacngwu/CSE2410_spring2016_projectileDysfunction/core/build/testrun/integTest/J2/temp/org.elasticsearch.index.store.CorruptedFileIT_4AA6DECDBC490785-001/tempDir-001/data/SUITE-CHILD_VM=[2]-CLUSTER_SEED=[-3911300646192775547]-HASH=[14406DDBC06CADF0]-cluster/nodes/1/indices/test/1/index/segments_3")
	at org.apache.lucene.store.BufferedIndexInput.refill(BufferedIndexInput.java:336)
	at org.apache.lucene.store.BufferedIndexInput.readByte(BufferedIndexInput.java:54)
	at org.apache.lucene.store.MockIndexInputWrapper.readByte(MockIndexInputWrapper.java:132)
	at org.apache.lucene.store.BufferedChecksumIndexInput.readByte(BufferedChecksumIndexInput.java:41)
	at org.apache.lucene.store.DataInput.readInt(DataInput.java:101)
	at org.apache.lucene.index.SegmentInfos.readCommit(SegmentInfos.java:297)
	at org.apache.lucene.index.SegmentInfos$1.doBody(SegmentInfos.java:493)
	at org.apache.lucene.index.SegmentInfos$1.doBody(SegmentInfos.java:490)
	at org.apache.lucene.index.SegmentInfos$FindSegmentsFile.run(SegmentInfos.java:731)
	at org.apache.lucene.index.SegmentInfos$FindSegmentsFile.run(SegmentInfos.java:683)
	at org.apache.lucene.index.SegmentInfos.readLatestCommit(SegmentInfos.java:495)
	at org.elasticsearch.common.lucene.Lucene.readSegmentInfos(Lucene.java:123)
	at org.elasticsearch.index.store.Store.readSegmentsInfo(Store.java:196)
	... 12 more
[2016-03-29 17:31:12,121][WARN ][org.elasticsearch.index  ] [node_s2] [test] [index.merge.enabled] is set to false, this should only be used in tests and can cause serious problems in production environments
[2016-03-29 17:31:12,125][WARN ][org.elasticsearch.index  ] [node_s2] [test] [index.merge.enabled] is set to false, this should only be used in tests and can cause serious problems in production environments
[2016-03-29 17:31:12,125][WARN ][org.elasticsearch.index  ] [node_s2] [test] [index.merge.enabled] is set to false, this should only be used in tests and can cause serious problems in production environments
[2016-03-29 17:31:12,128][WARN ][org.elasticsearch.index  ] [node_s2] [test] [index.merge.enabled] is set to false, this should only be used in tests and can cause serious problems in production environments
[2016-03-29 17:31:12,128][WARN ][org.elasticsearch.index  ] [node_s2] [test] [index.merge.enabled] is set to false, this should only be used in tests and can cause serious problems in production environments
[2016-03-29 17:31:12,129][WARN ][org.elasticsearch.index  ] [node_s1] [test] [index.merge.enabled] is set to false, this should only be used in tests and can cause serious problems in production environments
[2016-03-29 17:31:12,129][WARN ][org.elasticsearch.index  ] [node_s2] [test] [index.merge.enabled] is set to false, this should only be used in tests and can cause serious problems in production environments
[2016-03-29 17:31:12,131][WARN ][org.elasticsearch.index  ] [node_s2] [test] [index.merge.enabled] is set to false, this should only be used in tests and can cause serious problems in production environments
[2016-03-29 17:31:12,132][WARN ][org.elasticsearch.indices.recovery] [node_s1] error while listing local files, recover as if there are none
org.apache.lucene.index.CorruptIndexException: Read past EOF while reading segment infos (resource=commit(null))
	at org.elasticsearch.index.store.Store.readSegmentsInfo(Store.java:199)
	at org.elasticsearch.index.store.Store.access$200(Store.java:122)
	at org.elasticsearch.index.store.Store$MetadataSnapshot.loadMetadata(Store.java:845)
	at org.elasticsearch.index.store.Store$MetadataSnapshot.<init>(Store.java:794)
	at org.elasticsearch.index.store.Store.getMetadata(Store.java:266)
	at org.elasticsearch.index.store.Store.getMetadataOrEmpty(Store.java:225)
	at org.elasticsearch.indices.recovery.RecoveryTarget.doRecovery(RecoveryTarget.java:169)
	at org.elasticsearch.indices.recovery.RecoveryTarget.access$1100(RecoveryTarget.java:79)
	at org.elasticsearch.indices.recovery.RecoveryTarget$RecoveryRunner.doRun(RecoveryTarget.java:521)
	at org.elasticsearch.common.util.concurrent.AbstractRunnable.run(AbstractRunnable.java:37)
	at java.util.concurrent.ThreadPoolExecutor.runWorker(ThreadPoolExecutor.java:1142)
	at java.util.concurrent.ThreadPoolExecutor$Worker.run(ThreadPoolExecutor.java:617)
	at java.lang.Thread.run(Thread.java:745)
Caused by: java.io.EOFException: read past EOF: NIOFSIndexInput(path="/Users/ogbonnayacngwu/CSE2410_spring2016_projectileDysfunction/core/build/testrun/integTest/J2/temp/org.elasticsearch.index.store.CorruptedFileIT_4AA6DECDBC490785-001/tempDir-001/data/SUITE-CHILD_VM=[2]-CLUSTER_SEED=[-3911300646192775547]-HASH=[14406DDBC06CADF0]-cluster/nodes/1/indices/test/1/index/segments_3")
	at org.apache.lucene.store.BufferedIndexInput.refill(BufferedIndexInput.java:336)
	at org.apache.lucene.store.BufferedIndexInput.readByte(BufferedIndexInput.java:54)
	at org.apache.lucene.store.MockIndexInputWrapper.readByte(MockIndexInputWrapper.java:132)
	at org.apache.lucene.store.BufferedChecksumIndexInput.readByte(BufferedChecksumIndexInput.java:41)
	at org.apache.lucene.store.DataInput.readInt(DataInput.java:101)
	at org.apache.lucene.index.SegmentInfos.readCommit(SegmentInfos.java:297)
	at org.apache.lucene.index.SegmentInfos$1.doBody(SegmentInfos.java:493)
	at org.apache.lucene.index.SegmentInfos$1.doBody(SegmentInfos.java:490)
	at org.apache.lucene.index.SegmentInfos$FindSegmentsFile.run(SegmentInfos.java:731)
	at org.apache.lucene.index.SegmentInfos$FindSegmentsFile.run(SegmentInfos.java:683)
	at org.apache.lucene.index.SegmentInfos.readLatestCommit(SegmentInfos.java:495)
	at org.elasticsearch.common.lucene.Lucene.readSegmentInfos(Lucene.java:123)
	at org.elasticsearch.index.store.Store.readSegmentsInfo(Store.java:196)
	... 12 more
[2016-03-29 17:31:12,135][WARN ][org.elasticsearch.gateway] [node_s0] [test][0]: failed to list shard for shard_store on node [EtSUBRvaThO8ltQvyfgW6A]
FailedNodeException[Failed node [EtSUBRvaThO8ltQvyfgW6A]]; nested: RemoteTransportException[[node_s0][local[324]][internal:cluster/nodes/indices/shard/store[n]]]; nested: ElasticsearchException[Failed to list store metadata for shard [[test][0]]]; nested: CorruptIndexException[Read past EOF while reading segment infos (resource=commit(null))]; nested: EOFException[read past EOF: SimpleFSIndexInput(path="/Users/ogbonnayacngwu/CSE2410_spring2016_projectileDysfunction/core/build/testrun/integTest/J2/temp/org.elasticsearch.index.store.CorruptedFileIT_4AA6DECDBC490785-001/tempDir-001/data/SUITE-CHILD_VM=[2]-CLUSTER_SEED=[-3911300646192775547]-HASH=[14406DDBC06CADF0]-cluster/nodes/2/indices/test/0/index/segments_3")];
	at org.elasticsearch.action.support.nodes.TransportNodesAction$AsyncAction.onFailure(TransportNodesAction.java:208)
	at org.elasticsearch.action.support.nodes.TransportNodesAction$AsyncAction.access$700(TransportNodesAction.java:109)
	at org.elasticsearch.action.support.nodes.TransportNodesAction$AsyncAction$2.handleException(TransportNodesAction.java:181)
	at org.elasticsearch.transport.local.LocalTransport.handleException(LocalTransport.java:370)
	at org.elasticsearch.transport.local.LocalTransport.handlerResponseError(LocalTransport.java:361)
	at org.elasticsearch.transport.local.LocalTransport.messageReceived(LocalTransport.java:257)
	at org.elasticsearch.transport.local.LocalTransportChannel$2.run(LocalTransportChannel.java:103)
	at java.util.concurrent.ThreadPoolExecutor.runWorker(ThreadPoolExecutor.java:1142)
	at java.util.concurrent.ThreadPoolExecutor$Worker.run(ThreadPoolExecutor.java:617)
	at java.lang.Thread.run(Thread.java:745)
Caused by: RemoteTransportException[[node_s0][local[324]][internal:cluster/nodes/indices/shard/store[n]]]; nested: ElasticsearchException[Failed to list store metadata for shard [[test][0]]]; nested: CorruptIndexException[Read past EOF while reading segment infos (resource=commit(null))]; nested: EOFException[read past EOF: SimpleFSIndexInput(path="/Users/ogbonnayacngwu/CSE2410_spring2016_projectileDysfunction/core/build/testrun/integTest/J2/temp/org.elasticsearch.index.store.CorruptedFileIT_4AA6DECDBC490785-001/tempDir-001/data/SUITE-CHILD_VM=[2]-CLUSTER_SEED=[-3911300646192775547]-HASH=[14406DDBC06CADF0]-cluster/nodes/2/indices/test/0/index/segments_3")];
Caused by: ElasticsearchException[Failed to list store metadata for shard [[test][0]]]; nested: CorruptIndexException[Read past EOF while reading segment infos (resource=commit(null))]; nested: EOFException[read past EOF: SimpleFSIndexInput(path="/Users/ogbonnayacngwu/CSE2410_spring2016_projectileDysfunction/core/build/testrun/integTest/J2/temp/org.elasticsearch.index.store.CorruptedFileIT_4AA6DECDBC490785-001/tempDir-001/data/SUITE-CHILD_VM=[2]-CLUSTER_SEED=[-3911300646192775547]-HASH=[14406DDBC06CADF0]-cluster/nodes/2/indices/test/0/index/segments_3")];
	at org.elasticsearch.indices.store.TransportNodesListShardStoreMetaData.nodeOperation(TransportNodesListShardStoreMetaData.java:147)
	at org.elasticsearch.indices.store.TransportNodesListShardStoreMetaData.nodeOperation(TransportNodesListShardStoreMetaData.java:70)
	at org.elasticsearch.action.support.nodes.TransportNodesAction$NodeTransportHandler.messageReceived(TransportNodesAction.java:232)
	at org.elasticsearch.action.support.nodes.TransportNodesAction$NodeTransportHandler.messageReceived(TransportNodesAction.java:228)
	at org.elasticsearch.transport.TransportRequestHandler.messageReceived(TransportRequestHandler.java:33)
	at org.elasticsearch.transport.RequestHandlerRegistry.processMessageReceived(RequestHandlerRegistry.java:65)
	at org.elasticsearch.transport.local.LocalTransport$2.doRun(LocalTransport.java:296)
	at org.elasticsearch.common.util.concurrent.AbstractRunnable.run(AbstractRunnable.java:37)
	at java.util.concurrent.ThreadPoolExecutor.runWorker(ThreadPoolExecutor.java:1142)
	at java.util.concurrent.ThreadPoolExecutor$Worker.run(ThreadPoolExecutor.java:617)
	at java.lang.Thread.run(Thread.java:745)
Caused by: org.apache.lucene.index.CorruptIndexException: Read past EOF while reading segment infos (resource=commit(null))
	at org.elasticsearch.index.store.Store.readSegmentsInfo(Store.java:199)
	at org.elasticsearch.index.store.Store.access$200(Store.java:122)
	at org.elasticsearch.index.store.Store$MetadataSnapshot.loadMetadata(Store.java:845)
	at org.elasticsearch.index.store.Store$MetadataSnapshot.<init>(Store.java:794)
	at org.elasticsearch.index.store.Store.readMetadataSnapshot(Store.java:414)
	at org.elasticsearch.indices.store.TransportNodesListShardStoreMetaData.listStoreMetaData(TransportNodesListShardStoreMetaData.java:180)
	at org.elasticsearch.indices.store.TransportNodesListShardStoreMetaData.nodeOperation(TransportNodesListShardStoreMetaData.java:145)
	... 10 more
Caused by: java.io.EOFException: read past EOF: SimpleFSIndexInput(path="/Users/ogbonnayacngwu/CSE2410_spring2016_projectileDysfunction/core/build/testrun/integTest/J2/temp/org.elasticsearch.index.store.CorruptedFileIT_4AA6DECDBC490785-001/tempDir-001/data/SUITE-CHILD_VM=[2]-CLUSTER_SEED=[-3911300646192775547]-HASH=[14406DDBC06CADF0]-cluster/nodes/2/indices/test/0/index/segments_3")
	at org.apache.lucene.store.BufferedIndexInput.refill(BufferedIndexInput.java:336)
	at org.apache.lucene.store.BufferedIndexInput.readByte(BufferedIndexInput.java:54)
	at org.apache.lucene.store.BufferedChecksumIndexInput.readByte(BufferedChecksumIndexInput.java:41)
	at org.apache.lucene.store.DataInput.readInt(DataInput.java:101)
	at org.apache.lucene.index.SegmentInfos.readCommit(SegmentInfos.java:297)
	at org.apache.lucene.index.SegmentInfos$1.doBody(SegmentInfos.java:493)
	at org.apache.lucene.index.SegmentInfos$1.doBody(SegmentInfos.java:490)
	at org.apache.lucene.index.SegmentInfos$FindSegmentsFile.run(SegmentInfos.java:731)
	at org.apache.lucene.index.SegmentInfos$FindSegmentsFile.run(SegmentInfos.java:683)
	at org.apache.lucene.index.SegmentInfos.readLatestCommit(SegmentInfos.java:495)
	at org.elasticsearch.common.lucene.Lucene.readSegmentInfos(Lucene.java:123)
	at org.elasticsearch.index.store.Store.readSegmentsInfo(Store.java:196)
	... 16 more
[2016-03-29 17:31:12,137][WARN ][org.elasticsearch.index  ] [node_s2] [test] [index.merge.enabled] is set to false, this should only be used in tests and can cause serious problems in production environments
[2016-03-29 17:31:12,140][WARN ][org.elasticsearch.index  ] [node_s2] [test] [index.merge.enabled] is set to false, this should only be used in tests and can cause serious problems in production environments
[2016-03-29 17:31:12,144][WARN ][org.elasticsearch.index  ] [node_s0] [test] [index.merge.enabled] is set to false, this should only be used in tests and can cause serious problems in production environments
[2016-03-29 17:31:12,147][WARN ][org.elasticsearch.index  ] [node_s1] [test] [index.merge.enabled] is set to false, this should only be used in tests and can cause serious problems in production environments
[2016-03-29 17:31:12,147][WARN ][org.elasticsearch.index  ] [node_s2] [test] [index.merge.enabled] is set to false, this should only be used in tests and can cause serious problems in production environments
[2016-03-29 17:31:12,151][WARN ][org.elasticsearch.gateway] [node_s0] [test][0]: failed to list shard for shard_store on node [gsfwWaL0S6apQ02A9iR2ZA]
FailedNodeException[Failed node [gsfwWaL0S6apQ02A9iR2ZA]]; nested: RemoteTransportException[[node_s0][local[324]][internal:cluster/nodes/indices/shard/store[n]]]; nested: ElasticsearchException[Failed to list store metadata for shard [[test][0]]]; nested: CorruptIndexException[Read past EOF while reading segment infos (resource=commit(null))]; nested: EOFException[read past EOF: SimpleFSIndexInput(path="/Users/ogbonnayacngwu/CSE2410_spring2016_projectileDysfunction/core/build/testrun/integTest/J2/temp/org.elasticsearch.index.store.CorruptedFileIT_4AA6DECDBC490785-001/tempDir-001/data/SUITE-CHILD_VM=[2]-CLUSTER_SEED=[-3911300646192775547]-HASH=[14406DDBC06CADF0]-cluster/nodes/0/indices/test/0/index/segments_3")];
	at org.elasticsearch.action.support.nodes.TransportNodesAction$AsyncAction.onFailure(TransportNodesAction.java:208)
	at org.elasticsearch.action.support.nodes.TransportNodesAction$AsyncAction.access$700(TransportNodesAction.java:109)
	at org.elasticsearch.action.support.nodes.TransportNodesAction$AsyncAction$2.handleException(TransportNodesAction.java:181)
	at org.elasticsearch.transport.TransportService$DirectResponseChannel.processException(TransportService.java:802)
	at org.elasticsearch.transport.TransportService$DirectResponseChannel.sendResponse(TransportService.java:780)
	at org.elasticsearch.transport.TransportService$4.onFailure(TransportService.java:353)
	at org.elasticsearch.common.util.concurrent.AbstractRunnable.run(AbstractRunnable.java:39)
	at java.util.concurrent.ThreadPoolExecutor.runWorker(ThreadPoolExecutor.java:1142)
	at java.util.concurrent.ThreadPoolExecutor$Worker.run(ThreadPoolExecutor.java:617)
	at java.lang.Thread.run(Thread.java:745)
Caused by: RemoteTransportException[[node_s0][local[324]][internal:cluster/nodes/indices/shard/store[n]]]; nested: ElasticsearchException[Failed to list store metadata for shard [[test][0]]]; nested: CorruptIndexException[Read past EOF while reading segment infos (resource=commit(null))]; nested: EOFException[read past EOF: SimpleFSIndexInput(path="/Users/ogbonnayacngwu/CSE2410_spring2016_projectileDysfunction/core/build/testrun/integTest/J2/temp/org.elasticsearch.index.store.CorruptedFileIT_4AA6DECDBC490785-001/tempDir-001/data/SUITE-CHILD_VM=[2]-CLUSTER_SEED=[-3911300646192775547]-HASH=[14406DDBC06CADF0]-cluster/nodes/0/indices/test/0/index/segments_3")];
Caused by: ElasticsearchException[Failed to list store metadata for shard [[test][0]]]; nested: CorruptIndexException[Read past EOF while reading segment infos (resource=commit(null))]; nested: EOFException[read past EOF: SimpleFSIndexInput(path="/Users/ogbonnayacngwu/CSE2410_spring2016_projectileDysfunction/core/build/testrun/integTest/J2/temp/org.elasticsearch.index.store.CorruptedFileIT_4AA6DECDBC490785-001/tempDir-001/data/SUITE-CHILD_VM=[2]-CLUSTER_SEED=[-3911300646192775547]-HASH=[14406DDBC06CADF0]-cluster/nodes/0/indices/test/0/index/segments_3")];
	at org.elasticsearch.indices.store.TransportNodesListShardStoreMetaData.nodeOperation(TransportNodesListShardStoreMetaData.java:147)
	at org.elasticsearch.indices.store.TransportNodesListShardStoreMetaData.nodeOperation(TransportNodesListShardStoreMetaData.java:70)
	at org.elasticsearch.action.support.nodes.TransportNodesAction$NodeTransportHandler.messageReceived(TransportNodesAction.java:232)
	at org.elasticsearch.action.support.nodes.TransportNodesAction$NodeTransportHandler.messageReceived(TransportNodesAction.java:228)
	at org.elasticsearch.transport.TransportRequestHandler.messageReceived(TransportRequestHandler.java:33)
	at org.elasticsearch.transport.RequestHandlerRegistry.processMessageReceived(RequestHandlerRegistry.java:65)
	at org.elasticsearch.transport.TransportService$4.doRun(TransportService.java:342)
	at org.elasticsearch.common.util.concurrent.AbstractRunnable.run(AbstractRunnable.java:37)
	at java.util.concurrent.ThreadPoolExecutor.runWorker(ThreadPoolExecutor.java:1142)
	at java.util.concurrent.ThreadPoolExecutor$Worker.run(ThreadPoolExecutor.java:617)
	at java.lang.Thread.run(Thread.java:745)
Caused by: org.apache.lucene.index.CorruptIndexException: Read past EOF while reading segment infos (resource=commit(null))
	at org.elasticsearch.index.store.Store.readSegmentsInfo(Store.java:199)
	at org.elasticsearch.index.store.Store.access$200(Store.java:122)
	at org.elasticsearch.index.store.Store$MetadataSnapshot.loadMetadata(Store.java:845)
	at org.elasticsearch.index.store.Store$MetadataSnapshot.<init>(Store.java:794)
	at org.elasticsearch.index.store.Store.readMetadataSnapshot(Store.java:414)
	at org.elasticsearch.indices.store.TransportNodesListShardStoreMetaData.listStoreMetaData(TransportNodesListShardStoreMetaData.java:180)
	at org.elasticsearch.indices.store.TransportNodesListShardStoreMetaData.nodeOperation(TransportNodesListShardStoreMetaData.java:145)
	... 10 more
Caused by: java.io.EOFException: read past EOF: SimpleFSIndexInput(path="/Users/ogbonnayacngwu/CSE2410_spring2016_projectileDysfunction/core/build/testrun/integTest/J2/temp/org.elasticsearch.index.store.CorruptedFileIT_4AA6DECDBC490785-001/tempDir-001/data/SUITE-CHILD_VM=[2]-CLUSTER_SEED=[-3911300646192775547]-HASH=[14406DDBC06CADF0]-cluster/nodes/0/indices/test/0/index/segments_3")
	at org.apache.lucene.store.BufferedIndexInput.refill(BufferedIndexInput.java:336)
	at org.apache.lucene.store.BufferedIndexInput.readByte(BufferedIndexInput.java:54)
	at org.apache.lucene.store.BufferedChecksumIndexInput.readByte(BufferedChecksumIndexInput.java:41)
	at org.apache.lucene.store.DataInput.readInt(DataInput.java:101)
	at org.apache.lucene.index.SegmentInfos.readCommit(SegmentInfos.java:297)
	at org.apache.lucene.index.SegmentInfos$1.doBody(SegmentInfos.java:493)
	at org.apache.lucene.index.SegmentInfos$1.doBody(SegmentInfos.java:490)
	at org.apache.lucene.index.SegmentInfos$FindSegmentsFile.run(SegmentInfos.java:731)
	at org.apache.lucene.index.SegmentInfos$FindSegmentsFile.run(SegmentInfos.java:683)
	at org.apache.lucene.index.SegmentInfos.readLatestCommit(SegmentInfos.java:495)
	at org.elasticsearch.common.lucene.Lucene.readSegmentInfos(Lucene.java:123)
	at org.elasticsearch.index.store.Store.readSegmentsInfo(Store.java:196)
	... 16 more
[2016-03-29 17:31:12,153][WARN ][org.elasticsearch.gateway] [node_s0] [test][0]: failed to list shard for shard_store on node [EtSUBRvaThO8ltQvyfgW6A]
FailedNodeException[Failed node [EtSUBRvaThO8ltQvyfgW6A]]; nested: RemoteTransportException[[node_s0][local[324]][internal:cluster/nodes/indices/shard/store[n]]]; nested: ElasticsearchException[Failed to list store metadata for shard [[test][0]]]; nested: CorruptIndexException[Read past EOF while reading segment infos (resource=commit(null))]; nested: EOFException[read past EOF: SimpleFSIndexInput(path="/Users/ogbonnayacngwu/CSE2410_spring2016_projectileDysfunction/core/build/testrun/integTest/J2/temp/org.elasticsearch.index.store.CorruptedFileIT_4AA6DECDBC490785-001/tempDir-001/data/SUITE-CHILD_VM=[2]-CLUSTER_SEED=[-3911300646192775547]-HASH=[14406DDBC06CADF0]-cluster/nodes/2/indices/test/0/index/segments_3")];
	at org.elasticsearch.action.support.nodes.TransportNodesAction$AsyncAction.onFailure(TransportNodesAction.java:208)
	at org.elasticsearch.action.support.nodes.TransportNodesAction$AsyncAction.access$700(TransportNodesAction.java:109)
	at org.elasticsearch.action.support.nodes.TransportNodesAction$AsyncAction$2.handleException(TransportNodesAction.java:181)
	at org.elasticsearch.transport.local.LocalTransport.handleException(LocalTransport.java:370)
	at org.elasticsearch.transport.local.LocalTransport.handlerResponseError(LocalTransport.java:361)
	at org.elasticsearch.transport.local.LocalTransport.messageReceived(LocalTransport.java:257)
	at org.elasticsearch.transport.local.LocalTransportChannel$2.run(LocalTransportChannel.java:103)
	at java.util.concurrent.ThreadPoolExecutor.runWorker(ThreadPoolExecutor.java:1142)
	at java.util.concurrent.ThreadPoolExecutor$Worker.run(ThreadPoolExecutor.java:617)
	at java.lang.Thread.run(Thread.java:745)
Caused by: RemoteTransportException[[node_s0][local[324]][internal:cluster/nodes/indices/shard/store[n]]]; nested: ElasticsearchException[Failed to list store metadata for shard [[test][0]]]; nested: CorruptIndexException[Read past EOF while reading segment infos (resource=commit(null))]; nested: EOFException[read past EOF: SimpleFSIndexInput(path="/Users/ogbonnayacngwu/CSE2410_spring2016_projectileDysfunction/core/build/testrun/integTest/J2/temp/org.elasticsearch.index.store.CorruptedFileIT_4AA6DECDBC490785-001/tempDir-001/data/SUITE-CHILD_VM=[2]-CLUSTER_SEED=[-3911300646192775547]-HASH=[14406DDBC06CADF0]-cluster/nodes/2/indices/test/0/index/segments_3")];
Caused by: ElasticsearchException[Failed to list store metadata for shard [[test][0]]]; nested: CorruptIndexException[Read past EOF while reading segment infos (resource=commit(null))]; nested: EOFException[read past EOF: SimpleFSIndexInput(path="/Users/ogbonnayacngwu/CSE2410_spring2016_projectileDysfunction/core/build/testrun/integTest/J2/temp/org.elasticsearch.index.store.CorruptedFileIT_4AA6DECDBC490785-001/tempDir-001/data/SUITE-CHILD_VM=[2]-CLUSTER_SEED=[-3911300646192775547]-HASH=[14406DDBC06CADF0]-cluster/nodes/2/indices/test/0/index/segments_3")];
	at org.elasticsearch.indices.store.TransportNodesListShardStoreMetaData.nodeOperation(TransportNodesListShardStoreMetaData.java:147)
	at org.elasticsearch.indices.store.TransportNodesListShardStoreMetaData.nodeOperation(TransportNodesListShardStoreMetaData.java:70)
	at org.elasticsearch.action.support.nodes.TransportNodesAction$NodeTransportHandler.messageReceived(TransportNodesAction.java:232)
	at org.elasticsearch.action.support.nodes.TransportNodesAction$NodeTransportHandler.messageReceived(TransportNodesAction.java:228)
	at org.elasticsearch.transport.TransportRequestHandler.messageReceived(TransportRequestHandler.java:33)
	at org.elasticsearch.transport.RequestHandlerRegistry.processMessageReceived(RequestHandlerRegistry.java:65)
	at org.elasticsearch.transport.local.LocalTransport$2.doRun(LocalTransport.java:296)
	at org.elasticsearch.common.util.concurrent.AbstractRunnable.run(AbstractRunnable.java:37)
	at java.util.concurrent.ThreadPoolExecutor.runWorker(ThreadPoolExecutor.java:1142)
	at java.util.concurrent.ThreadPoolExecutor$Worker.run(ThreadPoolExecutor.java:617)
	at java.lang.Thread.run(Thread.java:745)
Caused by: org.apache.lucene.index.CorruptIndexException: Read past EOF while reading segment infos (resource=commit(null))
	at org.elasticsearch.index.store.Store.readSegmentsInfo(Store.java:199)
	at org.elasticsearch.index.store.Store.access$200(Store.java:122)
	at org.elasticsearch.index.store.Store$MetadataSnapshot.loadMetadata(Store.java:845)
	at org.elasticsearch.index.store.Store$MetadataSnapshot.<init>(Store.java:794)
	at org.elasticsearch.index.store.Store.readMetadataSnapshot(Store.java:414)
	at org.elasticsearch.indices.store.TransportNodesListShardStoreMetaData.listStoreMetaData(TransportNodesListShardStoreMetaData.java:180)
	at org.elasticsearch.indices.store.TransportNodesListShardStoreMetaData.nodeOperation(TransportNodesListShardStoreMetaData.java:145)
	... 10 more
Caused by: java.io.EOFException: read past EOF: SimpleFSIndexInput(path="/Users/ogbonnayacngwu/CSE2410_spring2016_projectileDysfunction/core/build/testrun/integTest/J2/temp/org.elasticsearch.index.store.CorruptedFileIT_4AA6DECDBC490785-001/tempDir-001/data/SUITE-CHILD_VM=[2]-CLUSTER_SEED=[-3911300646192775547]-HASH=[14406DDBC06CADF0]-cluster/nodes/2/indices/test/0/index/segments_3")
	at org.apache.lucene.store.BufferedIndexInput.refill(BufferedIndexInput.java:336)
	at org.apache.lucene.store.BufferedIndexInput.readByte(BufferedIndexInput.java:54)
	at org.apache.lucene.store.BufferedChecksumIndexInput.readByte(BufferedChecksumIndexInput.java:41)
	at org.apache.lucene.store.DataInput.readInt(DataInput.java:101)
	at org.apache.lucene.index.SegmentInfos.readCommit(SegmentInfos.java:297)
	at org.apache.lucene.index.SegmentInfos$1.doBody(SegmentInfos.java:493)
	at org.apache.lucene.index.SegmentInfos$1.doBody(SegmentInfos.java:490)
	at org.apache.lucene.index.SegmentInfos$FindSegmentsFile.run(SegmentInfos.java:731)
	at org.apache.lucene.index.SegmentInfos$FindSegmentsFile.run(SegmentInfos.java:683)
	at org.apache.lucene.index.SegmentInfos.readLatestCommit(SegmentInfos.java:495)
	at org.elasticsearch.common.lucene.Lucene.readSegmentInfos(Lucene.java:123)
	at org.elasticsearch.index.store.Store.readSegmentsInfo(Store.java:196)
	... 16 more
[2016-03-29 17:31:12,155][WARN ][org.elasticsearch.index  ] [node_s2] [test] [index.merge.enabled] is set to false, this should only be used in tests and can cause serious problems in production environments
[2016-03-29 17:31:12,155][WARN ][org.elasticsearch.gateway] [node_s0] [test][1]: failed to list shard for shard_store on node [CPT92MpiQUOVGT_D918vlA]
FailedNodeException[Failed node [CPT92MpiQUOVGT_D918vlA]]; nested: RemoteTransportException[[node_s0][local[324]][internal:cluster/nodes/indices/shard/store[n]]]; nested: ElasticsearchException[Failed to list store metadata for shard [[test][1]]]; nested: CorruptIndexException[Read past EOF while reading segment infos (resource=commit(null))]; nested: EOFException[read past EOF: NIOFSIndexInput(path="/Users/ogbonnayacngwu/CSE2410_spring2016_projectileDysfunction/core/build/testrun/integTest/J2/temp/org.elasticsearch.index.store.CorruptedFileIT_4AA6DECDBC490785-001/tempDir-001/data/SUITE-CHILD_VM=[2]-CLUSTER_SEED=[-3911300646192775547]-HASH=[14406DDBC06CADF0]-cluster/nodes/1/indices/test/1/index/segments_3")];
	at org.elasticsearch.action.support.nodes.TransportNodesAction$AsyncAction.onFailure(TransportNodesAction.java:208)
	at org.elasticsearch.action.support.nodes.TransportNodesAction$AsyncAction.access$700(TransportNodesAction.java:109)
	at org.elasticsearch.action.support.nodes.TransportNodesAction$AsyncAction$2.handleException(TransportNodesAction.java:181)
	at org.elasticsearch.transport.local.LocalTransport.handleException(LocalTransport.java:370)
	at org.elasticsearch.transport.local.LocalTransport.handlerResponseError(LocalTransport.java:361)
	at org.elasticsearch.transport.local.LocalTransport.messageReceived(LocalTransport.java:257)
	at org.elasticsearch.transport.local.LocalTransportChannel$2.run(LocalTransportChannel.java:103)
	at java.util.concurrent.ThreadPoolExecutor.runWorker(ThreadPoolExecutor.java:1142)
	at java.util.concurrent.ThreadPoolExecutor$Worker.run(ThreadPoolExecutor.java:617)
	at java.lang.Thread.run(Thread.java:745)
Caused by: RemoteTransportException[[node_s0][local[324]][internal:cluster/nodes/indices/shard/store[n]]]; nested: ElasticsearchException[Failed to list store metadata for shard [[test][1]]]; nested: CorruptIndexException[Read past EOF while reading segment infos (resource=commit(null))]; nested: EOFException[read past EOF: NIOFSIndexInput(path="/Users/ogbonnayacngwu/CSE2410_spring2016_projectileDysfunction/core/build/testrun/integTest/J2/temp/org.elasticsearch.index.store.CorruptedFileIT_4AA6DECDBC490785-001/tempDir-001/data/SUITE-CHILD_VM=[2]-CLUSTER_SEED=[-3911300646192775547]-HASH=[14406DDBC06CADF0]-cluster/nodes/1/indices/test/1/index/segments_3")];
Caused by: ElasticsearchException[Failed to list store metadata for shard [[test][1]]]; nested: CorruptIndexException[Read past EOF while reading segment infos (resource=commit(null))]; nested: EOFException[read past EOF: NIOFSIndexInput(path="/Users/ogbonnayacngwu/CSE2410_spring2016_projectileDysfunction/core/build/testrun/integTest/J2/temp/org.elasticsearch.index.store.CorruptedFileIT_4AA6DECDBC490785-001/tempDir-001/data/SUITE-CHILD_VM=[2]-CLUSTER_SEED=[-3911300646192775547]-HASH=[14406DDBC06CADF0]-cluster/nodes/1/indices/test/1/index/segments_3")];
	at org.elasticsearch.indices.store.TransportNodesListShardStoreMetaData.nodeOperation(TransportNodesListShardStoreMetaData.java:147)
	at org.elasticsearch.indices.store.TransportNodesListShardStoreMetaData.nodeOperation(TransportNodesListShardStoreMetaData.java:70)
	at org.elasticsearch.action.support.nodes.TransportNodesAction$NodeTransportHandler.messageReceived(TransportNodesAction.java:232)
	at org.elasticsearch.action.support.nodes.TransportNodesAction$NodeTransportHandler.messageReceived(TransportNodesAction.java:228)
	at org.elasticsearch.transport.TransportRequestHandler.messageReceived(TransportRequestHandler.java:33)
	at org.elasticsearch.transport.RequestHandlerRegistry.processMessageReceived(RequestHandlerRegistry.java:65)
	at org.elasticsearch.transport.local.LocalTransport$2.doRun(LocalTransport.java:296)
	at org.elasticsearch.common.util.concurrent.AbstractRunnable.run(AbstractRunnable.java:37)
	at java.util.concurrent.ThreadPoolExecutor.runWorker(ThreadPoolExecutor.java:1142)
	at java.util.concurrent.ThreadPoolExecutor$Worker.run(ThreadPoolExecutor.java:617)
	at java.lang.Thread.run(Thread.java:745)
Caused by: org.apache.lucene.index.CorruptIndexException: Read past EOF while reading segment infos (resource=commit(null))
	at org.elasticsearch.index.store.Store.readSegmentsInfo(Store.java:199)
	at org.elasticsearch.index.store.Store.access$200(Store.java:122)
	at org.elasticsearch.index.store.Store$MetadataSnapshot.loadMetadata(Store.java:845)
	at org.elasticsearch.index.store.Store$MetadataSnapshot.<init>(Store.java:794)
	at org.elasticsearch.index.store.Store.getMetadata(Store.java:266)
	at org.elasticsearch.index.store.Store.getMetadataOrEmpty(Store.java:225)
	at org.elasticsearch.indices.recovery.RecoveryTarget.doRecovery(RecoveryTarget.java:169)
	at org.elasticsearch.indices.recovery.RecoveryTarget.access$1100(RecoveryTarget.java:79)
	at org.elasticsearch.indices.recovery.RecoveryTarget$RecoveryRunner.doRun(RecoveryTarget.java:521)
	... 4 more
Caused by: java.io.EOFException: read past EOF: NIOFSIndexInput(path="/Users/ogbonnayacngwu/CSE2410_spring2016_projectileDysfunction/core/build/testrun/integTest/J2/temp/org.elasticsearch.index.store.CorruptedFileIT_4AA6DECDBC490785-001/tempDir-001/data/SUITE-CHILD_VM=[2]-CLUSTER_SEED=[-3911300646192775547]-HASH=[14406DDBC06CADF0]-cluster/nodes/1/indices/test/1/index/segments_3")
	at org.apache.lucene.store.BufferedIndexInput.refill(BufferedIndexInput.java:336)
	at org.apache.lucene.store.BufferedIndexInput.readByte(BufferedIndexInput.java:54)
	at org.apache.lucene.store.MockIndexInputWrapper.readByte(MockIndexInputWrapper.java:132)
	at org.apache.lucene.store.BufferedChecksumIndexInput.readByte(BufferedChecksumIndexInput.java:41)
	at org.apache.lucene.store.DataInput.readInt(DataInput.java:101)
	at org.apache.lucene.index.SegmentInfos.readCommit(SegmentInfos.java:297)
	at org.apache.lucene.index.SegmentInfos$1.doBody(SegmentInfos.java:493)
	at org.apache.lucene.index.SegmentInfos$1.doBody(SegmentInfos.java:490)
	at org.apache.lucene.index.SegmentInfos$FindSegmentsFile.run(SegmentInfos.java:731)
	at org.apache.lucene.index.SegmentInfos$FindSegmentsFile.run(SegmentInfos.java:683)
	at org.apache.lucene.index.SegmentInfos.readLatestCommit(SegmentInfos.java:495)
	at org.elasticsearch.common.lucene.Lucene.readSegmentInfos(Lucene.java:123)
	at org.elasticsearch.index.store.Store.readSegmentsInfo(Store.java:196)
	... 12 more
[2016-03-29 17:31:12,158][WARN ][org.elasticsearch.index  ] [node_s1] [test] [index.merge.enabled] is set to false, this should only be used in tests and can cause serious problems in production environments
[2016-03-29 17:31:12,159][WARN ][org.elasticsearch.index  ] [node_s2] [test] [index.merge.enabled] is set to false, this should only be used in tests and can cause serious problems in production environments
[2016-03-29 17:31:12,162][WARN ][org.elasticsearch.index  ] [node_s2] [test] [index.merge.enabled] is set to false, this should only be used in tests and can cause serious problems in production environments
[2016-03-29 17:31:12,166][WARN ][org.elasticsearch.indices.recovery] [node_s2] error while listing local files, recover as if there are none
org.apache.lucene.index.CorruptIndexException: Read past EOF while reading segment infos (resource=commit(null))
	at org.elasticsearch.index.store.Store.readSegmentsInfo(Store.java:199)
	at org.elasticsearch.index.store.Store.access$200(Store.java:122)
	at org.elasticsearch.index.store.Store$MetadataSnapshot.loadMetadata(Store.java:845)
	at org.elasticsearch.index.store.Store$MetadataSnapshot.<init>(Store.java:794)
	at org.elasticsearch.index.store.Store.getMetadata(Store.java:266)
	at org.elasticsearch.index.store.Store.getMetadataOrEmpty(Store.java:225)
	at org.elasticsearch.indices.recovery.RecoveryTarget.doRecovery(RecoveryTarget.java:169)
	at org.elasticsearch.indices.recovery.RecoveryTarget.access$1100(RecoveryTarget.java:79)
	at org.elasticsearch.indices.recovery.RecoveryTarget$RecoveryRunner.doRun(RecoveryTarget.java:521)
	at org.elasticsearch.common.util.concurrent.AbstractRunnable.run(AbstractRunnable.java:37)
	at java.util.concurrent.ThreadPoolExecutor.runWorker(ThreadPoolExecutor.java:1142)
	at java.util.concurrent.ThreadPoolExecutor$Worker.run(ThreadPoolExecutor.java:617)
	at java.lang.Thread.run(Thread.java:745)
Caused by: java.io.EOFException: read past EOF: NIOFSIndexInput(path="/Users/ogbonnayacngwu/CSE2410_spring2016_projectileDysfunction/core/build/testrun/integTest/J2/temp/org.elasticsearch.index.store.CorruptedFileIT_4AA6DECDBC490785-001/tempDir-001/data/SUITE-CHILD_VM=[2]-CLUSTER_SEED=[-3911300646192775547]-HASH=[14406DDBC06CADF0]-cluster/nodes/2/indices/test/0/index/segments_3")
	at org.apache.lucene.store.BufferedIndexInput.refill(BufferedIndexInput.java:336)
	at org.apache.lucene.store.BufferedIndexInput.readByte(BufferedIndexInput.java:54)
	at org.apache.lucene.store.MockIndexInputWrapper.readByte(MockIndexInputWrapper.java:132)
	at org.apache.lucene.store.BufferedChecksumIndexInput.readByte(BufferedChecksumIndexInput.java:41)
	at org.apache.lucene.store.DataInput.readInt(DataInput.java:101)
	at org.apache.lucene.index.SegmentInfos.readCommit(SegmentInfos.java:297)
	at org.apache.lucene.index.SegmentInfos$1.doBody(SegmentInfos.java:493)
	at org.apache.lucene.index.SegmentInfos$1.doBody(SegmentInfos.java:490)
	at org.apache.lucene.index.SegmentInfos$FindSegmentsFile.run(SegmentInfos.java:731)
	at org.apache.lucene.index.SegmentInfos$FindSegmentsFile.run(SegmentInfos.java:683)
	at org.apache.lucene.index.SegmentInfos.readLatestCommit(SegmentInfos.java:495)
	at org.elasticsearch.common.lucene.Lucene.readSegmentInfos(Lucene.java:123)
	at org.elasticsearch.index.store.Store.readSegmentsInfo(Store.java:196)
	... 12 more
[2016-03-29 17:31:12,171][WARN ][org.elasticsearch.index  ] [node_s0] [test] [index.merge.enabled] is set to false, this should only be used in tests and can cause serious problems in production environments
[2016-03-29 17:31:12,176][WARN ][org.elasticsearch.gateway] [node_s0] [test][0]: failed to list shard for shard_store on node [EtSUBRvaThO8ltQvyfgW6A]
FailedNodeException[Failed node [EtSUBRvaThO8ltQvyfgW6A]]; nested: RemoteTransportException[[node_s0][local[324]][internal:cluster/nodes/indices/shard/store[n]]]; nested: ElasticsearchException[Failed to list store metadata for shard [[test][0]]]; nested: CorruptIndexException[Read past EOF while reading segment infos (resource=commit(null))]; nested: EOFException[read past EOF: NIOFSIndexInput(path="/Users/ogbonnayacngwu/CSE2410_spring2016_projectileDysfunction/core/build/testrun/integTest/J2/temp/org.elasticsearch.index.store.CorruptedFileIT_4AA6DECDBC490785-001/tempDir-001/data/SUITE-CHILD_VM=[2]-CLUSTER_SEED=[-3911300646192775547]-HASH=[14406DDBC06CADF0]-cluster/nodes/2/indices/test/0/index/segments_3")];
	at org.elasticsearch.action.support.nodes.TransportNodesAction$AsyncAction.onFailure(TransportNodesAction.java:208)
	at org.elasticsearch.action.support.nodes.TransportNodesAction$AsyncAction.access$700(TransportNodesAction.java:109)
	at org.elasticsearch.action.support.nodes.TransportNodesAction$AsyncAction$2.handleException(TransportNodesAction.java:181)
	at org.elasticsearch.transport.local.LocalTransport.handleException(LocalTransport.java:370)
	at org.elasticsearch.transport.local.LocalTransport.handlerResponseError(LocalTransport.java:361)
	at org.elasticsearch.transport.local.LocalTransport.messageReceived(LocalTransport.java:257)
	at org.elasticsearch.transport.local.LocalTransportChannel$2.run(LocalTransportChannel.java:103)
	at java.util.concurrent.ThreadPoolExecutor.runWorker(ThreadPoolExecutor.java:1142)
	at java.util.concurrent.ThreadPoolExecutor$Worker.run(ThreadPoolExecutor.java:617)
	at java.lang.Thread.run(Thread.java:745)
Caused by: RemoteTransportException[[node_s0][local[324]][internal:cluster/nodes/indices/shard/store[n]]]; nested: ElasticsearchException[Failed to list store metadata for shard [[test][0]]]; nested: CorruptIndexException[Read past EOF while reading segment infos (resource=commit(null))]; nested: EOFException[read past EOF: NIOFSIndexInput(path="/Users/ogbonnayacngwu/CSE2410_spring2016_projectileDysfunction/core/build/testrun/integTest/J2/temp/org.elasticsearch.index.store.CorruptedFileIT_4AA6DECDBC490785-001/tempDir-001/data/SUITE-CHILD_VM=[2]-CLUSTER_SEED=[-3911300646192775547]-HASH=[14406DDBC06CADF0]-cluster/nodes/2/indices/test/0/index/segments_3")];
Caused by: ElasticsearchException[Failed to list store metadata for shard [[test][0]]]; nested: CorruptIndexException[Read past EOF while reading segment infos (resource=commit(null))]; nested: EOFException[read past EOF: NIOFSIndexInput(path="/Users/ogbonnayacngwu/CSE2410_spring2016_projectileDysfunction/core/build/testrun/integTest/J2/temp/org.elasticsearch.index.store.CorruptedFileIT_4AA6DECDBC490785-001/tempDir-001/data/SUITE-CHILD_VM=[2]-CLUSTER_SEED=[-3911300646192775547]-HASH=[14406DDBC06CADF0]-cluster/nodes/2/indices/test/0/index/segments_3")];
	at org.elasticsearch.indices.store.TransportNodesListShardStoreMetaData.nodeOperation(TransportNodesListShardStoreMetaData.java:147)
	at org.elasticsearch.indices.store.TransportNodesListShardStoreMetaData.nodeOperation(TransportNodesListShardStoreMetaData.java:70)
	at org.elasticsearch.action.support.nodes.TransportNodesAction$NodeTransportHandler.messageReceived(TransportNodesAction.java:232)
	at org.elasticsearch.action.support.nodes.TransportNodesAction$NodeTransportHandler.messageReceived(TransportNodesAction.java:228)
	at org.elasticsearch.transport.TransportRequestHandler.messageReceived(TransportRequestHandler.java:33)
	at org.elasticsearch.transport.RequestHandlerRegistry.processMessageReceived(RequestHandlerRegistry.java:65)
	at org.elasticsearch.transport.local.LocalTransport$2.doRun(LocalTransport.java:296)
	at org.elasticsearch.common.util.concurrent.AbstractRunnable.run(AbstractRunnable.java:37)
	at java.util.concurrent.ThreadPoolExecutor.runWorker(ThreadPoolExecutor.java:1142)
	at java.util.concurrent.ThreadPoolExecutor$Worker.run(ThreadPoolExecutor.java:617)
	at java.lang.Thread.run(Thread.java:745)
Caused by: org.apache.lucene.index.CorruptIndexException: Read past EOF while reading segment infos (resource=commit(null))
	at org.elasticsearch.index.store.Store.readSegmentsInfo(Store.java:199)
	at org.elasticsearch.index.store.Store.access$200(Store.java:122)
	at org.elasticsearch.index.store.Store$MetadataSnapshot.loadMetadata(Store.java:845)
	at org.elasticsearch.index.store.Store$MetadataSnapshot.<init>(Store.java:794)
	at org.elasticsearch.index.store.Store.getMetadata(Store.java:266)
	at org.elasticsearch.index.store.Store.getMetadataOrEmpty(Store.java:225)
	at org.elasticsearch.indices.recovery.RecoveryTarget.doRecovery(RecoveryTarget.java:169)
	at org.elasticsearch.indices.recovery.RecoveryTarget.access$1100(RecoveryTarget.java:79)
	at org.elasticsearch.indices.recovery.RecoveryTarget$RecoveryRunner.doRun(RecoveryTarget.java:521)
	... 4 more
Caused by: java.io.EOFException: read past EOF: NIOFSIndexInput(path="/Users/ogbonnayacngwu/CSE2410_spring2016_projectileDysfunction/core/build/testrun/integTest/J2/temp/org.elasticsearch.index.store.CorruptedFileIT_4AA6DECDBC490785-001/tempDir-001/data/SUITE-CHILD_VM=[2]-CLUSTER_SEED=[-3911300646192775547]-HASH=[14406DDBC06CADF0]-cluster/nodes/2/indices/test/0/index/segments_3")
	at org.apache.lucene.store.BufferedIndexInput.refill(BufferedIndexInput.java:336)
	at org.apache.lucene.store.BufferedIndexInput.readByte(BufferedIndexInput.java:54)
	at org.apache.lucene.store.MockIndexInputWrapper.readByte(MockIndexInputWrapper.java:132)
	at org.apache.lucene.store.BufferedChecksumIndexInput.readByte(BufferedChecksumIndexInput.java:41)
	at org.apache.lucene.store.DataInput.readInt(DataInput.java:101)
	at org.apache.lucene.index.SegmentInfos.readCommit(SegmentInfos.java:297)
	at org.apache.lucene.index.SegmentInfos$1.doBody(SegmentInfos.java:493)
	at org.apache.lucene.index.SegmentInfos$1.doBody(SegmentInfos.java:490)
	at org.apache.lucene.index.SegmentInfos$FindSegmentsFile.run(SegmentInfos.java:731)
	at org.apache.lucene.index.SegmentInfos$FindSegmentsFile.run(SegmentInfos.java:683)
	at org.apache.lucene.index.SegmentInfos.readLatestCommit(SegmentInfos.java:495)
	at org.elasticsearch.common.lucene.Lucene.readSegmentInfos(Lucene.java:123)
	at org.elasticsearch.index.store.Store.readSegmentsInfo(Store.java:196)
	... 12 more
[2016-03-29 17:31:12,177][WARN ][org.elasticsearch.gateway] [node_s0] [test][0]: failed to list shard for shard_store on node [gsfwWaL0S6apQ02A9iR2ZA]
FailedNodeException[Failed node [gsfwWaL0S6apQ02A9iR2ZA]]; nested: RemoteTransportException[[node_s0][local[324]][internal:cluster/nodes/indices/shard/store[n]]]; nested: ElasticsearchException[Failed to list store metadata for shard [[test][0]]]; nested: CorruptIndexException[Read past EOF while reading segment infos (resource=commit(null))]; nested: EOFException[read past EOF: SimpleFSIndexInput(path="/Users/ogbonnayacngwu/CSE2410_spring2016_projectileDysfunction/core/build/testrun/integTest/J2/temp/org.elasticsearch.index.store.CorruptedFileIT_4AA6DECDBC490785-001/tempDir-001/data/SUITE-CHILD_VM=[2]-CLUSTER_SEED=[-3911300646192775547]-HASH=[14406DDBC06CADF0]-cluster/nodes/0/indices/test/0/index/segments_3")];
	at org.elasticsearch.action.support.nodes.TransportNodesAction$AsyncAction.onFailure(TransportNodesAction.java:208)
	at org.elasticsearch.action.support.nodes.TransportNodesAction$AsyncAction.access$700(TransportNodesAction.java:109)
	at org.elasticsearch.action.support.nodes.TransportNodesAction$AsyncAction$2.handleException(TransportNodesAction.java:181)
	at org.elasticsearch.transport.TransportService$DirectResponseChannel.processException(TransportService.java:802)
	at org.elasticsearch.transport.TransportService$DirectResponseChannel.sendResponse(TransportService.java:780)
	at org.elasticsearch.transport.TransportService$4.onFailure(TransportService.java:353)
	at org.elasticsearch.common.util.concurrent.AbstractRunnable.run(AbstractRunnable.java:39)
	at java.util.concurrent.ThreadPoolExecutor.runWorker(ThreadPoolExecutor.java:1142)
	at java.util.concurrent.ThreadPoolExecutor$Worker.run(ThreadPoolExecutor.java:617)
	at java.lang.Thread.run(Thread.java:745)
Caused by: RemoteTransportException[[node_s0][local[324]][internal:cluster/nodes/indices/shard/store[n]]]; nested: ElasticsearchException[Failed to list store metadata for shard [[test][0]]]; nested: CorruptIndexException[Read past EOF while reading segment infos (resource=commit(null))]; nested: EOFException[read past EOF: SimpleFSIndexInput(path="/Users/ogbonnayacngwu/CSE2410_spring2016_projectileDysfunction/core/build/testrun/integTest/J2/temp/org.elasticsearch.index.store.CorruptedFileIT_4AA6DECDBC490785-001/tempDir-001/data/SUITE-CHILD_VM=[2]-CLUSTER_SEED=[-3911300646192775547]-HASH=[14406DDBC06CADF0]-cluster/nodes/0/indices/test/0/index/segments_3")];
Caused by: ElasticsearchException[Failed to list store metadata for shard [[test][0]]]; nested: CorruptIndexException[Read past EOF while reading segment infos (resource=commit(null))]; nested: EOFException[read past EOF: SimpleFSIndexInput(path="/Users/ogbonnayacngwu/CSE2410_spring2016_projectileDysfunction/core/build/testrun/integTest/J2/temp/org.elasticsearch.index.store.CorruptedFileIT_4AA6DECDBC490785-001/tempDir-001/data/SUITE-CHILD_VM=[2]-CLUSTER_SEED=[-3911300646192775547]-HASH=[14406DDBC06CADF0]-cluster/nodes/0/indices/test/0/index/segments_3")];
	at org.elasticsearch.indices.store.TransportNodesListShardStoreMetaData.nodeOperation(TransportNodesListShardStoreMetaData.java:147)
	at org.elasticsearch.indices.store.TransportNodesListShardStoreMetaData.nodeOperation(TransportNodesListShardStoreMetaData.java:70)
	at org.elasticsearch.action.support.nodes.TransportNodesAction$NodeTransportHandler.messageReceived(TransportNodesAction.java:232)
	at org.elasticsearch.action.support.nodes.TransportNodesAction$NodeTransportHandler.messageReceived(TransportNodesAction.java:228)
	at org.elasticsearch.transport.TransportRequestHandler.messageReceived(TransportRequestHandler.java:33)
	at org.elasticsearch.transport.RequestHandlerRegistry.processMessageReceived(RequestHandlerRegistry.java:65)
	at org.elasticsearch.transport.TransportService$4.doRun(TransportService.java:342)
	at org.elasticsearch.common.util.concurrent.AbstractRunnable.run(AbstractRunnable.java:37)
	at java.util.concurrent.ThreadPoolExecutor.runWorker(ThreadPoolExecutor.java:1142)
	at java.util.concurrent.ThreadPoolExecutor$Worker.run(ThreadPoolExecutor.java:617)
	at java.lang.Thread.run(Thread.java:745)
Caused by: org.apache.lucene.index.CorruptIndexException: Read past EOF while reading segment infos (resource=commit(null))
	at org.elasticsearch.index.store.Store.readSegmentsInfo(Store.java:199)
	at org.elasticsearch.index.store.Store.access$200(Store.java:122)
	at org.elasticsearch.index.store.Store$MetadataSnapshot.loadMetadata(Store.java:845)
	at org.elasticsearch.index.store.Store$MetadataSnapshot.<init>(Store.java:794)
	at org.elasticsearch.index.store.Store.readMetadataSnapshot(Store.java:414)
	at org.elasticsearch.indices.store.TransportNodesListShardStoreMetaData.listStoreMetaData(TransportNodesListShardStoreMetaData.java:180)
	at org.elasticsearch.indices.store.TransportNodesListShardStoreMetaData.nodeOperation(TransportNodesListShardStoreMetaData.java:145)
	... 10 more
Caused by: java.io.EOFException: read past EOF: SimpleFSIndexInput(path="/Users/ogbonnayacngwu/CSE2410_spring2016_projectileDysfunction/core/build/testrun/integTest/J2/temp/org.elasticsearch.index.store.CorruptedFileIT_4AA6DECDBC490785-001/tempDir-001/data/SUITE-CHILD_VM=[2]-CLUSTER_SEED=[-3911300646192775547]-HASH=[14406DDBC06CADF0]-cluster/nodes/0/indices/test/0/index/segments_3")
	at org.apache.lucene.store.BufferedIndexInput.refill(BufferedIndexInput.java:336)
	at org.apache.lucene.store.BufferedIndexInput.readByte(BufferedIndexInput.java:54)
	at org.apache.lucene.store.BufferedChecksumIndexInput.readByte(BufferedChecksumIndexInput.java:41)
	at org.apache.lucene.store.DataInput.readInt(DataInput.java:101)
	at org.apache.lucene.index.SegmentInfos.readCommit(SegmentInfos.java:297)
	at org.apache.lucene.index.SegmentInfos$1.doBody(SegmentInfos.java:493)
	at org.apache.lucene.index.SegmentInfos$1.doBody(SegmentInfos.java:490)
	at org.apache.lucene.index.SegmentInfos$FindSegmentsFile.run(SegmentInfos.java:731)
	at org.apache.lucene.index.SegmentInfos$FindSegmentsFile.run(SegmentInfos.java:683)
	at org.apache.lucene.index.SegmentInfos.readLatestCommit(SegmentInfos.java:495)
	at org.elasticsearch.common.lucene.Lucene.readSegmentInfos(Lucene.java:123)
	at org.elasticsearch.index.store.Store.readSegmentsInfo(Store.java:196)
	... 16 more
[2016-03-29 17:31:12,181][WARN ][org.elasticsearch.gateway] [node_s0] [test][0]: failed to list shard for shard_store on node [gsfwWaL0S6apQ02A9iR2ZA]
FailedNodeException[Failed node [gsfwWaL0S6apQ02A9iR2ZA]]; nested: RemoteTransportException[[node_s0][local[324]][internal:cluster/nodes/indices/shard/store[n]]]; nested: ElasticsearchException[Failed to list store metadata for shard [[test][0]]]; nested: CorruptIndexException[Read past EOF while reading segment infos (resource=commit(null))]; nested: EOFException[read past EOF: SimpleFSIndexInput(path="/Users/ogbonnayacngwu/CSE2410_spring2016_projectileDysfunction/core/build/testrun/integTest/J2/temp/org.elasticsearch.index.store.CorruptedFileIT_4AA6DECDBC490785-001/tempDir-001/data/SUITE-CHILD_VM=[2]-CLUSTER_SEED=[-3911300646192775547]-HASH=[14406DDBC06CADF0]-cluster/nodes/0/indices/test/0/index/segments_3")];
	at org.elasticsearch.action.support.nodes.TransportNodesAction$AsyncAction.onFailure(TransportNodesAction.java:208)
	at org.elasticsearch.action.support.nodes.TransportNodesAction$AsyncAction.access$700(TransportNodesAction.java:109)
	at org.elasticsearch.action.support.nodes.TransportNodesAction$AsyncAction$2.handleException(TransportNodesAction.java:181)
	at org.elasticsearch.transport.TransportService$DirectResponseChannel.processException(TransportService.java:802)
	at org.elasticsearch.transport.TransportService$DirectResponseChannel.sendResponse(TransportService.java:780)
	at org.elasticsearch.transport.TransportService$4.onFailure(TransportService.java:353)
	at org.elasticsearch.common.util.concurrent.AbstractRunnable.run(AbstractRunnable.java:39)
	at java.util.concurrent.ThreadPoolExecutor.runWorker(ThreadPoolExecutor.java:1142)
	at java.util.concurrent.ThreadPoolExecutor$Worker.run(ThreadPoolExecutor.java:617)
	at java.lang.Thread.run(Thread.java:745)
Caused by: RemoteTransportException[[node_s0][local[324]][internal:cluster/nodes/indices/shard/store[n]]]; nested: ElasticsearchException[Failed to list store metadata for shard [[test][0]]]; nested: CorruptIndexException[Read past EOF while reading segment infos (resource=commit(null))]; nested: EOFException[read past EOF: SimpleFSIndexInput(path="/Users/ogbonnayacngwu/CSE2410_spring2016_projectileDysfunction/core/build/testrun/integTest/J2/temp/org.elasticsearch.index.store.CorruptedFileIT_4AA6DECDBC490785-001/tempDir-001/data/SUITE-CHILD_VM=[2]-CLUSTER_SEED=[-3911300646192775547]-HASH=[14406DDBC06CADF0]-cluster/nodes/0/indices/test/0/index/segments_3")];
Caused by: ElasticsearchException[Failed to list store metadata for shard [[test][0]]]; nested: CorruptIndexException[Read past EOF while reading segment infos (resource=commit(null))]; nested: EOFException[read past EOF: SimpleFSIndexInput(path="/Users/ogbonnayacngwu/CSE2410_spring2016_projectileDysfunction/core/build/testrun/integTest/J2/temp/org.elasticsearch.index.store.CorruptedFileIT_4AA6DECDBC490785-001/tempDir-001/data/SUITE-CHILD_VM=[2]-CLUSTER_SEED=[-3911300646192775547]-HASH=[14406DDBC06CADF0]-cluster/nodes/0/indices/test/0/index/segments_3")];
	at org.elasticsearch.indices.store.TransportNodesListShardStoreMetaData.nodeOperation(TransportNodesListShardStoreMetaData.java:147)
	at org.elasticsearch.indices.store.TransportNodesListShardStoreMetaData.nodeOperation(TransportNodesListShardStoreMetaData.java:70)
	at org.elasticsearch.action.support.nodes.TransportNodesAction$NodeTransportHandler.messageReceived(TransportNodesAction.java:232)
	at org.elasticsearch.action.support.nodes.TransportNodesAction$NodeTransportHandler.messageReceived(TransportNodesAction.java:228)
	at org.elasticsearch.transport.TransportRequestHandler.messageReceived(TransportRequestHandler.java:33)
	at org.elasticsearch.transport.RequestHandlerRegistry.processMessageReceived(RequestHandlerRegistry.java:65)
	at org.elasticsearch.transport.TransportService$4.doRun(TransportService.java:342)
	at org.elasticsearch.common.util.concurrent.AbstractRunnable.run(AbstractRunnable.java:37)
	at java.util.concurrent.ThreadPoolExecutor.runWorker(ThreadPoolExecutor.java:1142)
	at java.util.concurrent.ThreadPoolExecutor$Worker.run(ThreadPoolExecutor.java:617)
	at java.lang.Thread.run(Thread.java:745)
Caused by: org.apache.lucene.index.CorruptIndexException: Read past EOF while reading segment infos (resource=commit(null))
	at org.elasticsearch.index.store.Store.readSegmentsInfo(Store.java:199)
	at org.elasticsearch.index.store.Store.access$200(Store.java:122)
	at org.elasticsearch.index.store.Store$MetadataSnapshot.loadMetadata(Store.java:845)
	at org.elasticsearch.index.store.Store$MetadataSnapshot.<init>(Store.java:794)
	at org.elasticsearch.index.store.Store.readMetadataSnapshot(Store.java:414)
	at org.elasticsearch.indices.store.TransportNodesListShardStoreMetaData.listStoreMetaData(TransportNodesListShardStoreMetaData.java:180)
	at org.elasticsearch.indices.store.TransportNodesListShardStoreMetaData.nodeOperation(TransportNodesListShardStoreMetaData.java:145)
	... 10 more
Caused by: java.io.EOFException: read past EOF: SimpleFSIndexInput(path="/Users/ogbonnayacngwu/CSE2410_spring2016_projectileDysfunction/core/build/testrun/integTest/J2/temp/org.elasticsearch.index.store.CorruptedFileIT_4AA6DECDBC490785-001/tempDir-001/data/SUITE-CHILD_VM=[2]-CLUSTER_SEED=[-3911300646192775547]-HASH=[14406DDBC06CADF0]-cluster/nodes/0/indices/test/0/index/segments_3")
	at org.apache.lucene.store.BufferedIndexInput.refill(BufferedIndexInput.java:336)
	at org.apache.lucene.store.BufferedIndexInput.readByte(BufferedIndexInput.java:54)
	at org.apache.lucene.store.BufferedChecksumIndexInput.readByte(BufferedChecksumIndexInput.java:41)
	at org.apache.lucene.store.DataInput.readInt(DataInput.java:101)
	at org.apache.lucene.index.SegmentInfos.readCommit(SegmentInfos.java:297)
	at org.apache.lucene.index.SegmentInfos$1.doBody(SegmentInfos.java:493)
	at org.apache.lucene.index.SegmentInfos$1.doBody(SegmentInfos.java:490)
	at org.apache.lucene.index.SegmentInfos$FindSegmentsFile.run(SegmentInfos.java:731)
	at org.apache.lucene.index.SegmentInfos$FindSegmentsFile.run(SegmentInfos.java:683)
	at org.apache.lucene.index.SegmentInfos.readLatestCommit(SegmentInfos.java:495)
	at org.elasticsearch.common.lucene.Lucene.readSegmentInfos(Lucene.java:123)
	at org.elasticsearch.index.store.Store.readSegmentsInfo(Store.java:196)
	... 16 more
[2016-03-29 17:31:12,182][WARN ][org.elasticsearch.gateway] [node_s0] [test][0]: failed to list shard for shard_store on node [EtSUBRvaThO8ltQvyfgW6A]
FailedNodeException[Failed node [EtSUBRvaThO8ltQvyfgW6A]]; nested: RemoteTransportException[[node_s0][local[324]][internal:cluster/nodes/indices/shard/store[n]]]; nested: ElasticsearchException[Failed to list store metadata for shard [[test][0]]]; nested: CorruptIndexException[Read past EOF while reading segment infos (resource=commit(null))]; nested: EOFException[read past EOF: NIOFSIndexInput(path="/Users/ogbonnayacngwu/CSE2410_spring2016_projectileDysfunction/core/build/testrun/integTest/J2/temp/org.elasticsearch.index.store.CorruptedFileIT_4AA6DECDBC490785-001/tempDir-001/data/SUITE-CHILD_VM=[2]-CLUSTER_SEED=[-3911300646192775547]-HASH=[14406DDBC06CADF0]-cluster/nodes/2/indices/test/0/index/segments_3")];
	at org.elasticsearch.action.support.nodes.TransportNodesAction$AsyncAction.onFailure(TransportNodesAction.java:208)
	at org.elasticsearch.action.support.nodes.TransportNodesAction$AsyncAction.access$700(TransportNodesAction.java:109)
	at org.elasticsearch.action.support.nodes.TransportNodesAction$AsyncAction$2.handleException(TransportNodesAction.java:181)
	at org.elasticsearch.transport.local.LocalTransport.handleException(LocalTransport.java:370)
	at org.elasticsearch.transport.local.LocalTransport.handlerResponseError(LocalTransport.java:361)
	at org.elasticsearch.transport.local.LocalTransport.messageReceived(LocalTransport.java:257)
	at org.elasticsearch.transport.local.LocalTransportChannel$2.run(LocalTransportChannel.java:103)
	at java.util.concurrent.ThreadPoolExecutor.runWorker(ThreadPoolExecutor.java:1142)
	at java.util.concurrent.ThreadPoolExecutor$Worker.run(ThreadPoolExecutor.java:617)
	at java.lang.Thread.run(Thread.java:745)
Caused by: RemoteTransportException[[node_s0][local[324]][internal:cluster/nodes/indices/shard/store[n]]]; nested: ElasticsearchException[Failed to list store metadata for shard [[test][0]]]; nested: CorruptIndexException[Read past EOF while reading segment infos (resource=commit(null))]; nested: EOFException[read past EOF: NIOFSIndexInput(path="/Users/ogbonnayacngwu/CSE2410_spring2016_projectileDysfunction/core/build/testrun/integTest/J2/temp/org.elasticsearch.index.store.CorruptedFileIT_4AA6DECDBC490785-001/tempDir-001/data/SUITE-CHILD_VM=[2]-CLUSTER_SEED=[-3911300646192775547]-HASH=[14406DDBC06CADF0]-cluster/nodes/2/indices/test/0/index/segments_3")];
Caused by: ElasticsearchException[Failed to list store metadata for shard [[test][0]]]; nested: CorruptIndexException[Read past EOF while reading segment infos (resource=commit(null))]; nested: EOFException[read past EOF: NIOFSIndexInput(path="/Users/ogbonnayacngwu/CSE2410_spring2016_projectileDysfunction/core/build/testrun/integTest/J2/temp/org.elasticsearch.index.store.CorruptedFileIT_4AA6DECDBC490785-001/tempDir-001/data/SUITE-CHILD_VM=[2]-CLUSTER_SEED=[-3911300646192775547]-HASH=[14406DDBC06CADF0]-cluster/nodes/2/indices/test/0/index/segments_3")];
	at org.elasticsearch.indices.store.TransportNodesListShardStoreMetaData.nodeOperation(TransportNodesListShardStoreMetaData.java:147)
	at org.elasticsearch.indices.store.TransportNodesListShardStoreMetaData.nodeOperation(TransportNodesListShardStoreMetaData.java:70)
	at org.elasticsearch.action.support.nodes.TransportNodesAction$NodeTransportHandler.messageReceived(TransportNodesAction.java:232)
	at org.elasticsearch.action.support.nodes.TransportNodesAction$NodeTransportHandler.messageReceived(TransportNodesAction.java:228)
	at org.elasticsearch.transport.TransportRequestHandler.messageReceived(TransportRequestHandler.java:33)
	at org.elasticsearch.transport.RequestHandlerRegistry.processMessageReceived(RequestHandlerRegistry.java:65)
	at org.elasticsearch.transport.local.LocalTransport$2.doRun(LocalTransport.java:296)
	at org.elasticsearch.common.util.concurrent.AbstractRunnable.run(AbstractRunnable.java:37)
	at java.util.concurrent.ThreadPoolExecutor.runWorker(ThreadPoolExecutor.java:1142)
	at java.util.concurrent.ThreadPoolExecutor$Worker.run(ThreadPoolExecutor.java:617)
	at java.lang.Thread.run(Thread.java:745)
Caused by: org.apache.lucene.index.CorruptIndexException: Read past EOF while reading segment infos (resource=commit(null))
	at org.elasticsearch.index.store.Store.readSegmentsInfo(Store.java:199)
	at org.elasticsearch.index.store.Store.access$200(Store.java:122)
	at org.elasticsearch.index.store.Store$MetadataSnapshot.loadMetadata(Store.java:845)
	at org.elasticsearch.index.store.Store$MetadataSnapshot.<init>(Store.java:794)
	at org.elasticsearch.index.store.Store.getMetadata(Store.java:266)
	at org.elasticsearch.index.store.Store.getMetadataOrEmpty(Store.java:225)
	at org.elasticsearch.indices.recovery.RecoveryTarget.doRecovery(RecoveryTarget.java:169)
	at org.elasticsearch.indices.recovery.RecoveryTarget.access$1100(RecoveryTarget.java:79)
	at org.elasticsearch.indices.recovery.RecoveryTarget$RecoveryRunner.doRun(RecoveryTarget.java:521)
	... 4 more
Caused by: java.io.EOFException: read past EOF: NIOFSIndexInput(path="/Users/ogbonnayacngwu/CSE2410_spring2016_projectileDysfunction/core/build/testrun/integTest/J2/temp/org.elasticsearch.index.store.CorruptedFileIT_4AA6DECDBC490785-001/tempDir-001/data/SUITE-CHILD_VM=[2]-CLUSTER_SEED=[-3911300646192775547]-HASH=[14406DDBC06CADF0]-cluster/nodes/2/indices/test/0/index/segments_3")
	at org.apache.lucene.store.BufferedIndexInput.refill(BufferedIndexInput.java:336)
	at org.apache.lucene.store.BufferedIndexInput.readByte(BufferedIndexInput.java:54)
	at org.apache.lucene.store.MockIndexInputWrapper.readByte(MockIndexInputWrapper.java:132)
	at org.apache.lucene.store.BufferedChecksumIndexInput.readByte(BufferedChecksumIndexInput.java:41)
	at org.apache.lucene.store.DataInput.readInt(DataInput.java:101)
	at org.apache.lucene.index.SegmentInfos.readCommit(SegmentInfos.java:297)
	at org.apache.lucene.index.SegmentInfos$1.doBody(SegmentInfos.java:493)
	at org.apache.lucene.index.SegmentInfos$1.doBody(SegmentInfos.java:490)
	at org.apache.lucene.index.SegmentInfos$FindSegmentsFile.run(SegmentInfos.java:731)
	at org.apache.lucene.index.SegmentInfos$FindSegmentsFile.run(SegmentInfos.java:683)
	at org.apache.lucene.index.SegmentInfos.readLatestCommit(SegmentInfos.java:495)
	at org.elasticsearch.common.lucene.Lucene.readSegmentInfos(Lucene.java:123)
	at org.elasticsearch.index.store.Store.readSegmentsInfo(Store.java:196)
	... 12 more
[2016-03-29 17:31:12,183][WARN ][org.elasticsearch.gateway] [node_s0] [test][1]: failed to list shard for shard_store on node [CPT92MpiQUOVGT_D918vlA]
FailedNodeException[Failed node [CPT92MpiQUOVGT_D918vlA]]; nested: RemoteTransportException[[node_s0][local[324]][internal:cluster/nodes/indices/shard/store[n]]]; nested: ElasticsearchException[Failed to list store metadata for shard [[test][1]]]; nested: CorruptIndexException[Read past EOF while reading segment infos (resource=commit(null))]; nested: EOFException[read past EOF: NIOFSIndexInput(path="/Users/ogbonnayacngwu/CSE2410_spring2016_projectileDysfunction/core/build/testrun/integTest/J2/temp/org.elasticsearch.index.store.CorruptedFileIT_4AA6DECDBC490785-001/tempDir-001/data/SUITE-CHILD_VM=[2]-CLUSTER_SEED=[-3911300646192775547]-HASH=[14406DDBC06CADF0]-cluster/nodes/1/indices/test/1/index/segments_3")];
	at org.elasticsearch.action.support.nodes.TransportNodesAction$AsyncAction.onFailure(TransportNodesAction.java:208)
	at org.elasticsearch.action.support.nodes.TransportNodesAction$AsyncAction.access$700(TransportNodesAction.java:109)
	at org.elasticsearch.action.support.nodes.TransportNodesAction$AsyncAction$2.handleException(TransportNodesAction.java:181)
	at org.elasticsearch.transport.local.LocalTransport.handleException(LocalTransport.java:370)
	at org.elasticsearch.transport.local.LocalTransport.handlerResponseError(LocalTransport.java:361)
	at org.elasticsearch.transport.local.LocalTransport.messageReceived(LocalTransport.java:257)
	at org.elasticsearch.transport.local.LocalTransportChannel$2.run(LocalTransportChannel.java:103)
	at java.util.concurrent.ThreadPoolExecutor.runWorker(ThreadPoolExecutor.java:1142)
	at java.util.concurrent.ThreadPoolExecutor$Worker.run(ThreadPoolExecutor.java:617)
	at java.lang.Thread.run(Thread.java:745)
Caused by: RemoteTransportException[[node_s0][local[324]][internal:cluster/nodes/indices/shard/store[n]]]; nested: ElasticsearchException[Failed to list store metadata for shard [[test][1]]]; nested: CorruptIndexException[Read past EOF while reading segment infos (resource=commit(null))]; nested: EOFException[read past EOF: NIOFSIndexInput(path="/Users/ogbonnayacngwu/CSE2410_spring2016_projectileDysfunction/core/build/testrun/integTest/J2/temp/org.elasticsearch.index.store.CorruptedFileIT_4AA6DECDBC490785-001/tempDir-001/data/SUITE-CHILD_VM=[2]-CLUSTER_SEED=[-3911300646192775547]-HASH=[14406DDBC06CADF0]-cluster/nodes/1/indices/test/1/index/segments_3")];
Caused by: ElasticsearchException[Failed to list store metadata for shard [[test][1]]]; nested: CorruptIndexException[Read past EOF while reading segment infos (resource=commit(null))]; nested: EOFException[read past EOF: NIOFSIndexInput(path="/Users/ogbonnayacngwu/CSE2410_spring2016_projectileDysfunction/core/build/testrun/integTest/J2/temp/org.elasticsearch.index.store.CorruptedFileIT_4AA6DECDBC490785-001/tempDir-001/data/SUITE-CHILD_VM=[2]-CLUSTER_SEED=[-3911300646192775547]-HASH=[14406DDBC06CADF0]-cluster/nodes/1/indices/test/1/index/segments_3")];
	at org.elasticsearch.indices.store.TransportNodesListShardStoreMetaData.nodeOperation(TransportNodesListShardStoreMetaData.java:147)
	at org.elasticsearch.indices.store.TransportNodesListShardStoreMetaData.nodeOperation(TransportNodesListShardStoreMetaData.java:70)
	at org.elasticsearch.action.support.nodes.TransportNodesAction$NodeTransportHandler.messageReceived(TransportNodesAction.java:232)
	at org.elasticsearch.action.support.nodes.TransportNodesAction$NodeTransportHandler.messageReceived(TransportNodesAction.java:228)
	at org.elasticsearch.transport.TransportRequestHandler.messageReceived(TransportRequestHandler.java:33)
	at org.elasticsearch.transport.RequestHandlerRegistry.processMessageReceived(RequestHandlerRegistry.java:65)
	at org.elasticsearch.transport.local.LocalTransport$2.doRun(LocalTransport.java:296)
	at org.elasticsearch.common.util.concurrent.AbstractRunnable.run(AbstractRunnable.java:37)
	at java.util.concurrent.ThreadPoolExecutor.runWorker(ThreadPoolExecutor.java:1142)
	at java.util.concurrent.ThreadPoolExecutor$Worker.run(ThreadPoolExecutor.java:617)
	at java.lang.Thread.run(Thread.java:745)
Caused by: org.apache.lucene.index.CorruptIndexException: Read past EOF while reading segment infos (resource=commit(null))
	at org.elasticsearch.index.store.Store.readSegmentsInfo(Store.java:199)
	at org.elasticsearch.index.store.Store.access$200(Store.java:122)
	at org.elasticsearch.index.store.Store$MetadataSnapshot.loadMetadata(Store.java:845)
	at org.elasticsearch.index.store.Store$MetadataSnapshot.<init>(Store.java:794)
	at org.elasticsearch.index.store.Store.getMetadata(Store.java:266)
	at org.elasticsearch.index.store.Store.getMetadataOrEmpty(Store.java:225)
	at org.elasticsearch.indices.recovery.RecoveryTarget.doRecovery(RecoveryTarget.java:169)
	at org.elasticsearch.indices.recovery.RecoveryTarget.access$1100(RecoveryTarget.java:79)
	at org.elasticsearch.indices.recovery.RecoveryTarget$RecoveryRunner.doRun(RecoveryTarget.java:521)
	... 4 more
Caused by: java.io.EOFException: read past EOF: NIOFSIndexInput(path="/Users/ogbonnayacngwu/CSE2410_spring2016_projectileDysfunction/core/build/testrun/integTest/J2/temp/org.elasticsearch.index.store.CorruptedFileIT_4AA6DECDBC490785-001/tempDir-001/data/SUITE-CHILD_VM=[2]-CLUSTER_SEED=[-3911300646192775547]-HASH=[14406DDBC06CADF0]-cluster/nodes/1/indices/test/1/index/segments_3")
	at org.apache.lucene.store.BufferedIndexInput.refill(BufferedIndexInput.java:336)
	at org.apache.lucene.store.BufferedIndexInput.readByte(BufferedIndexInput.java:54)
	at org.apache.lucene.store.MockIndexInputWrapper.readByte(MockIndexInputWrapper.java:132)
	at org.apache.lucene.store.BufferedChecksumIndexInput.readByte(BufferedChecksumIndexInput.java:41)
	at org.apache.lucene.store.DataInput.readInt(DataInput.java:101)
	at org.apache.lucene.index.SegmentInfos.readCommit(SegmentInfos.java:297)
	at org.apache.lucene.index.SegmentInfos$1.doBody(SegmentInfos.java:493)
	at org.apache.lucene.index.SegmentInfos$1.doBody(SegmentInfos.java:490)
	at org.apache.lucene.index.SegmentInfos$FindSegmentsFile.run(SegmentInfos.java:731)
	at org.apache.lucene.index.SegmentInfos$FindSegmentsFile.run(SegmentInfos.java:683)
	at org.apache.lucene.index.SegmentInfos.readLatestCommit(SegmentInfos.java:495)
	at org.elasticsearch.common.lucene.Lucene.readSegmentInfos(Lucene.java:123)
	at org.elasticsearch.index.store.Store.readSegmentsInfo(Store.java:196)
	... 12 more
[2016-03-29 17:31:12,187][WARN ][org.elasticsearch.gateway] [node_s0] [test][0]: failed to list shard for shard_store on node [gsfwWaL0S6apQ02A9iR2ZA]
FailedNodeException[Failed node [gsfwWaL0S6apQ02A9iR2ZA]]; nested: RemoteTransportException[[node_s0][local[324]][internal:cluster/nodes/indices/shard/store[n]]]; nested: ElasticsearchException[Failed to list store metadata for shard [[test][0]]]; nested: CorruptIndexException[Read past EOF while reading segment infos (resource=commit(null))]; nested: EOFException[read past EOF: SimpleFSIndexInput(path="/Users/ogbonnayacngwu/CSE2410_spring2016_projectileDysfunction/core/build/testrun/integTest/J2/temp/org.elasticsearch.index.store.CorruptedFileIT_4AA6DECDBC490785-001/tempDir-001/data/SUITE-CHILD_VM=[2]-CLUSTER_SEED=[-3911300646192775547]-HASH=[14406DDBC06CADF0]-cluster/nodes/0/indices/test/0/index/segments_3")];
	at org.elasticsearch.action.support.nodes.TransportNodesAction$AsyncAction.onFailure(TransportNodesAction.java:208)
	at org.elasticsearch.action.support.nodes.TransportNodesAction$AsyncAction.access$700(TransportNodesAction.java:109)
	at org.elasticsearch.action.support.nodes.TransportNodesAction$AsyncAction$2.handleException(TransportNodesAction.java:181)
	at org.elasticsearch.transport.TransportService$DirectResponseChannel.processException(TransportService.java:802)
	at org.elasticsearch.transport.TransportService$DirectResponseChannel.sendResponse(TransportService.java:780)
	at org.elasticsearch.transport.TransportService$4.onFailure(TransportService.java:353)
	at org.elasticsearch.common.util.concurrent.AbstractRunnable.run(AbstractRunnable.java:39)
	at java.util.concurrent.ThreadPoolExecutor.runWorker(ThreadPoolExecutor.java:1142)
	at java.util.concurrent.ThreadPoolExecutor$Worker.run(ThreadPoolExecutor.java:617)
	at java.lang.Thread.run(Thread.java:745)
Caused by: RemoteTransportException[[node_s0][local[324]][internal:cluster/nodes/indices/shard/store[n]]]; nested: ElasticsearchException[Failed to list store metadata for shard [[test][0]]]; nested: CorruptIndexException[Read past EOF while reading segment infos (resource=commit(null))]; nested: EOFException[read past EOF: SimpleFSIndexInput(path="/Users/ogbonnayacngwu/CSE2410_spring2016_projectileDysfunction/core/build/testrun/integTest/J2/temp/org.elasticsearch.index.store.CorruptedFileIT_4AA6DECDBC490785-001/tempDir-001/data/SUITE-CHILD_VM=[2]-CLUSTER_SEED=[-3911300646192775547]-HASH=[14406DDBC06CADF0]-cluster/nodes/0/indices/test/0/index/segments_3")];
Caused by: ElasticsearchException[Failed to list store metadata for shard [[test][0]]]; nested: CorruptIndexException[Read past EOF while reading segment infos (resource=commit(null))]; nested: EOFException[read past EOF: SimpleFSIndexInput(path="/Users/ogbonnayacngwu/CSE2410_spring2016_projectileDysfunction/core/build/testrun/integTest/J2/temp/org.elasticsearch.index.store.CorruptedFileIT_4AA6DECDBC490785-001/tempDir-001/data/SUITE-CHILD_VM=[2]-CLUSTER_SEED=[-3911300646192775547]-HASH=[14406DDBC06CADF0]-cluster/nodes/0/indices/test/0/index/segments_3")];
	at org.elasticsearch.indices.store.TransportNodesListShardStoreMetaData.nodeOperation(TransportNodesListShardStoreMetaData.java:147)
	at org.elasticsearch.indices.store.TransportNodesListShardStoreMetaData.nodeOperation(TransportNodesListShardStoreMetaData.java:70)
	at org.elasticsearch.action.support.nodes.TransportNodesAction$NodeTransportHandler.messageReceived(TransportNodesAction.java:232)
	at org.elasticsearch.action.support.nodes.TransportNodesAction$NodeTransportHandler.messageReceived(TransportNodesAction.java:228)
	at org.elasticsearch.transport.TransportRequestHandler.messageReceived(TransportRequestHandler.java:33)
	at org.elasticsearch.transport.RequestHandlerRegistry.processMessageReceived(RequestHandlerRegistry.java:65)
	at org.elasticsearch.transport.TransportService$4.doRun(TransportService.java:342)
	at org.elasticsearch.common.util.concurrent.AbstractRunnable.run(AbstractRunnable.java:37)
	at java.util.concurrent.ThreadPoolExecutor.runWorker(ThreadPoolExecutor.java:1142)
	at java.util.concurrent.ThreadPoolExecutor$Worker.run(ThreadPoolExecutor.java:617)
	at java.lang.Thread.run(Thread.java:745)
Caused by: org.apache.lucene.index.CorruptIndexException: Read past EOF while reading segment infos (resource=commit(null))
	at org.elasticsearch.index.store.Store.readSegmentsInfo(Store.java:199)
	at org.elasticsearch.index.store.Store.access$200(Store.java:122)
	at org.elasticsearch.index.store.Store$MetadataSnapshot.loadMetadata(Store.java:845)
	at org.elasticsearch.index.store.Store$MetadataSnapshot.<init>(Store.java:794)
	at org.elasticsearch.index.store.Store.readMetadataSnapshot(Store.java:414)
	at org.elasticsearch.indices.store.TransportNodesListShardStoreMetaData.listStoreMetaData(TransportNodesListShardStoreMetaData.java:180)
	at org.elasticsearch.indices.store.TransportNodesListShardStoreMetaData.nodeOperation(TransportNodesListShardStoreMetaData.java:145)
	... 10 more
Caused by: java.io.EOFException: read past EOF: SimpleFSIndexInput(path="/Users/ogbonnayacngwu/CSE2410_spring2016_projectileDysfunction/core/build/testrun/integTest/J2/temp/org.elasticsearch.index.store.CorruptedFileIT_4AA6DECDBC490785-001/tempDir-001/data/SUITE-CHILD_VM=[2]-CLUSTER_SEED=[-3911300646192775547]-HASH=[14406DDBC06CADF0]-cluster/nodes/0/indices/test/0/index/segments_3")
	at org.apache.lucene.store.BufferedIndexInput.refill(BufferedIndexInput.java:336)
	at org.apache.lucene.store.BufferedIndexInput.readByte(BufferedIndexInput.java:54)
	at org.apache.lucene.store.BufferedChecksumIndexInput.readByte(BufferedChecksumIndexInput.java:41)
	at org.apache.lucene.store.DataInput.readInt(DataInput.java:101)
	at org.apache.lucene.index.SegmentInfos.readCommit(SegmentInfos.java:297)
	at org.apache.lucene.index.SegmentInfos$1.doBody(SegmentInfos.java:493)
	at org.apache.lucene.index.SegmentInfos$1.doBody(SegmentInfos.java:490)
	at org.apache.lucene.index.SegmentInfos$FindSegmentsFile.run(SegmentInfos.java:731)
	at org.apache.lucene.index.SegmentInfos$FindSegmentsFile.run(SegmentInfos.java:683)
	at org.apache.lucene.index.SegmentInfos.readLatestCommit(SegmentInfos.java:495)
	at org.elasticsearch.common.lucene.Lucene.readSegmentInfos(Lucene.java:123)
	at org.elasticsearch.index.store.Store.readSegmentsInfo(Store.java:196)
	... 16 more
[2016-03-29 17:31:12,189][WARN ][org.elasticsearch.gateway] [node_s0] [test][0]: failed to list shard for shard_store on node [EtSUBRvaThO8ltQvyfgW6A]
FailedNodeException[Failed node [EtSUBRvaThO8ltQvyfgW6A]]; nested: RemoteTransportException[[node_s0][local[324]][internal:cluster/nodes/indices/shard/store[n]]]; nested: ElasticsearchException[Failed to list store metadata for shard [[test][0]]]; nested: CorruptIndexException[Read past EOF while reading segment infos (resource=commit(null))]; nested: EOFException[read past EOF: NIOFSIndexInput(path="/Users/ogbonnayacngwu/CSE2410_spring2016_projectileDysfunction/core/build/testrun/integTest/J2/temp/org.elasticsearch.index.store.CorruptedFileIT_4AA6DECDBC490785-001/tempDir-001/data/SUITE-CHILD_VM=[2]-CLUSTER_SEED=[-3911300646192775547]-HASH=[14406DDBC06CADF0]-cluster/nodes/2/indices/test/0/index/segments_3")];
	at org.elasticsearch.action.support.nodes.TransportNodesAction$AsyncAction.onFailure(TransportNodesAction.java:208)
	at org.elasticsearch.action.support.nodes.TransportNodesAction$AsyncAction.access$700(TransportNodesAction.java:109)
	at org.elasticsearch.action.support.nodes.TransportNodesAction$AsyncAction$2.handleException(TransportNodesAction.java:181)
	at org.elasticsearch.transport.local.LocalTransport.handleException(LocalTransport.java:370)
	at org.elasticsearch.transport.local.LocalTransport.handlerResponseError(LocalTransport.java:361)
	at org.elasticsearch.transport.local.LocalTransport.messageReceived(LocalTransport.java:257)
	at org.elasticsearch.transport.local.LocalTransportChannel$2.run(LocalTransportChannel.java:103)
	at java.util.concurrent.ThreadPoolExecutor.runWorker(ThreadPoolExecutor.java:1142)
	at java.util.concurrent.ThreadPoolExecutor$Worker.run(ThreadPoolExecutor.java:617)
	at java.lang.Thread.run(Thread.java:745)
Caused by: RemoteTransportException[[node_s0][local[324]][internal:cluster/nodes/indices/shard/store[n]]]; nested: ElasticsearchException[Failed to list store metadata for shard [[test][0]]]; nested: CorruptIndexException[Read past EOF while reading segment infos (resource=commit(null))]; nested: EOFException[read past EOF: NIOFSIndexInput(path="/Users/ogbonnayacngwu/CSE2410_spring2016_projectileDysfunction/core/build/testrun/integTest/J2/temp/org.elasticsearch.index.store.CorruptedFileIT_4AA6DECDBC490785-001/tempDir-001/data/SUITE-CHILD_VM=[2]-CLUSTER_SEED=[-3911300646192775547]-HASH=[14406DDBC06CADF0]-cluster/nodes/2/indices/test/0/index/segments_3")];
Caused by: ElasticsearchException[Failed to list store metadata for shard [[test][0]]]; nested: CorruptIndexException[Read past EOF while reading segment infos (resource=commit(null))]; nested: EOFException[read past EOF: NIOFSIndexInput(path="/Users/ogbonnayacngwu/CSE2410_spring2016_projectileDysfunction/core/build/testrun/integTest/J2/temp/org.elasticsearch.index.store.CorruptedFileIT_4AA6DECDBC490785-001/tempDir-001/data/SUITE-CHILD_VM=[2]-CLUSTER_SEED=[-3911300646192775547]-HASH=[14406DDBC06CADF0]-cluster/nodes/2/indices/test/0/index/segments_3")];
	at org.elasticsearch.indices.store.TransportNodesListShardStoreMetaData.nodeOperation(TransportNodesListShardStoreMetaData.java:147)
	at org.elasticsearch.indices.store.TransportNodesListShardStoreMetaData.nodeOperation(TransportNodesListShardStoreMetaData.java:70)
	at org.elasticsearch.action.support.nodes.TransportNodesAction$NodeTransportHandler.messageReceived(TransportNodesAction.java:232)
	at org.elasticsearch.action.support.nodes.TransportNodesAction$NodeTransportHandler.messageReceived(TransportNodesAction.java:228)
	at org.elasticsearch.transport.TransportRequestHandler.messageReceived(TransportRequestHandler.java:33)
	at org.elasticsearch.transport.RequestHandlerRegistry.processMessageReceived(RequestHandlerRegistry.java:65)
	at org.elasticsearch.transport.local.LocalTransport$2.doRun(LocalTransport.java:296)
	at org.elasticsearch.common.util.concurrent.AbstractRunnable.run(AbstractRunnable.java:37)
	at java.util.concurrent.ThreadPoolExecutor.runWorker(ThreadPoolExecutor.java:1142)
	at java.util.concurrent.ThreadPoolExecutor$Worker.run(ThreadPoolExecutor.java:617)
	at java.lang.Thread.run(Thread.java:745)
Caused by: org.apache.lucene.index.CorruptIndexException: Read past EOF while reading segment infos (resource=commit(null))
	at org.elasticsearch.index.store.Store.readSegmentsInfo(Store.java:199)
	at org.elasticsearch.index.store.Store.access$200(Store.java:122)
	at org.elasticsearch.index.store.Store$MetadataSnapshot.loadMetadata(Store.java:845)
	at org.elasticsearch.index.store.Store$MetadataSnapshot.<init>(Store.java:794)
	at org.elasticsearch.index.store.Store.getMetadata(Store.java:266)
	at org.elasticsearch.index.store.Store.getMetadataOrEmpty(Store.java:225)
	at org.elasticsearch.indices.recovery.RecoveryTarget.doRecovery(RecoveryTarget.java:169)
	at org.elasticsearch.indices.recovery.RecoveryTarget.access$1100(RecoveryTarget.java:79)
	at org.elasticsearch.indices.recovery.RecoveryTarget$RecoveryRunner.doRun(RecoveryTarget.java:521)
	... 4 more
Caused by: java.io.EOFException: read past EOF: NIOFSIndexInput(path="/Users/ogbonnayacngwu/CSE2410_spring2016_projectileDysfunction/core/build/testrun/integTest/J2/temp/org.elasticsearch.index.store.CorruptedFileIT_4AA6DECDBC490785-001/tempDir-001/data/SUITE-CHILD_VM=[2]-CLUSTER_SEED=[-3911300646192775547]-HASH=[14406DDBC06CADF0]-cluster/nodes/2/indices/test/0/index/segments_3")
	at org.apache.lucene.store.BufferedIndexInput.refill(BufferedIndexInput.java:336)
	at org.apache.lucene.store.BufferedIndexInput.readByte(BufferedIndexInput.java:54)
	at org.apache.lucene.store.MockIndexInputWrapper.readByte(MockIndexInputWrapper.java:132)
	at org.apache.lucene.store.BufferedChecksumIndexInput.readByte(BufferedChecksumIndexInput.java:41)
	at org.apache.lucene.store.DataInput.readInt(DataInput.java:101)
	at org.apache.lucene.index.SegmentInfos.readCommit(SegmentInfos.java:297)
	at org.apache.lucene.index.SegmentInfos$1.doBody(SegmentInfos.java:493)
	at org.apache.lucene.index.SegmentInfos$1.doBody(SegmentInfos.java:490)
	at org.apache.lucene.index.SegmentInfos$FindSegmentsFile.run(SegmentInfos.java:731)
	at org.apache.lucene.index.SegmentInfos$FindSegmentsFile.run(SegmentInfos.java:683)
	at org.apache.lucene.index.SegmentInfos.readLatestCommit(SegmentInfos.java:495)
	at org.elasticsearch.common.lucene.Lucene.readSegmentInfos(Lucene.java:123)
	at org.elasticsearch.index.store.Store.readSegmentsInfo(Store.java:196)
	... 12 more
[2016-03-29 17:31:12,201][WARN ][org.elasticsearch.index  ] [node_s2] [test] [index.merge.enabled] is set to false, this should only be used in tests and can cause serious problems in production environments
[2016-03-29 17:31:12,202][WARN ][org.elasticsearch.index  ] [node_s1] [test] [index.merge.enabled] is set to false, this should only be used in tests and can cause serious problems in production environments
[2016-03-29 17:31:12,205][WARN ][org.elasticsearch.gateway] [node_s0] [test][0]: failed to list shard for shard_store on node [EtSUBRvaThO8ltQvyfgW6A]
FailedNodeException[Failed node [EtSUBRvaThO8ltQvyfgW6A]]; nested: RemoteTransportException[[node_s0][local[324]][internal:cluster/nodes/indices/shard/store[n]]]; nested: ElasticsearchException[Failed to list store metadata for shard [[test][0]]]; nested: CorruptIndexException[Read past EOF while reading segment infos (resource=commit(null))]; nested: EOFException[read past EOF: NIOFSIndexInput(path="/Users/ogbonnayacngwu/CSE2410_spring2016_projectileDysfunction/core/build/testrun/integTest/J2/temp/org.elasticsearch.index.store.CorruptedFileIT_4AA6DECDBC490785-001/tempDir-001/data/SUITE-CHILD_VM=[2]-CLUSTER_SEED=[-3911300646192775547]-HASH=[14406DDBC06CADF0]-cluster/nodes/2/indices/test/0/index/segments_3")];
	at org.elasticsearch.action.support.nodes.TransportNodesAction$AsyncAction.onFailure(TransportNodesAction.java:208)
	at org.elasticsearch.action.support.nodes.TransportNodesAction$AsyncAction.access$700(TransportNodesAction.java:109)
	at org.elasticsearch.action.support.nodes.TransportNodesAction$AsyncAction$2.handleException(TransportNodesAction.java:181)
	at org.elasticsearch.transport.local.LocalTransport.handleException(LocalTransport.java:370)
	at org.elasticsearch.transport.local.LocalTransport.handlerResponseError(LocalTransport.java:361)
	at org.elasticsearch.transport.local.LocalTransport.messageReceived(LocalTransport.java:257)
	at org.elasticsearch.transport.local.LocalTransportChannel$2.run(LocalTransportChannel.java:103)
	at java.util.concurrent.ThreadPoolExecutor.runWorker(ThreadPoolExecutor.java:1142)
	at java.util.concurrent.ThreadPoolExecutor$Worker.run(ThreadPoolExecutor.java:617)
	at java.lang.Thread.run(Thread.java:745)
Caused by: RemoteTransportException[[node_s0][local[324]][internal:cluster/nodes/indices/shard/store[n]]]; nested: ElasticsearchException[Failed to list store metadata for shard [[test][0]]]; nested: CorruptIndexException[Read past EOF while reading segment infos (resource=commit(null))]; nested: EOFException[read past EOF: NIOFSIndexInput(path="/Users/ogbonnayacngwu/CSE2410_spring2016_projectileDysfunction/core/build/testrun/integTest/J2/temp/org.elasticsearch.index.store.CorruptedFileIT_4AA6DECDBC490785-001/tempDir-001/data/SUITE-CHILD_VM=[2]-CLUSTER_SEED=[-3911300646192775547]-HASH=[14406DDBC06CADF0]-cluster/nodes/2/indices/test/0/index/segments_3")];
Caused by: ElasticsearchException[Failed to list store metadata for shard [[test][0]]]; nested: CorruptIndexException[Read past EOF while reading segment infos (resource=commit(null))]; nested: EOFException[read past EOF: NIOFSIndexInput(path="/Users/ogbonnayacngwu/CSE2410_spring2016_projectileDysfunction/core/build/testrun/integTest/J2/temp/org.elasticsearch.index.store.CorruptedFileIT_4AA6DECDBC490785-001/tempDir-001/data/SUITE-CHILD_VM=[2]-CLUSTER_SEED=[-3911300646192775547]-HASH=[14406DDBC06CADF0]-cluster/nodes/2/indices/test/0/index/segments_3")];
	at org.elasticsearch.indices.store.TransportNodesListShardStoreMetaData.nodeOperation(TransportNodesListShardStoreMetaData.java:147)
	at org.elasticsearch.indices.store.TransportNodesListShardStoreMetaData.nodeOperation(TransportNodesListShardStoreMetaData.java:70)
	at org.elasticsearch.action.support.nodes.TransportNodesAction$NodeTransportHandler.messageReceived(TransportNodesAction.java:232)
	at org.elasticsearch.action.support.nodes.TransportNodesAction$NodeTransportHandler.messageReceived(TransportNodesAction.java:228)
	at org.elasticsearch.transport.TransportRequestHandler.messageReceived(TransportRequestHandler.java:33)
	at org.elasticsearch.transport.RequestHandlerRegistry.processMessageReceived(RequestHandlerRegistry.java:65)
	at org.elasticsearch.transport.local.LocalTransport$2.doRun(LocalTransport.java:296)
	at org.elasticsearch.common.util.concurrent.AbstractRunnable.run(AbstractRunnable.java:37)
	at java.util.concurrent.ThreadPoolExecutor.runWorker(ThreadPoolExecutor.java:1142)
	at java.util.concurrent.ThreadPoolExecutor$Worker.run(ThreadPoolExecutor.java:617)
	at java.lang.Thread.run(Thread.java:745)
Caused by: org.apache.lucene.index.CorruptIndexException: Read past EOF while reading segment infos (resource=commit(null))
	at org.elasticsearch.index.store.Store.readSegmentsInfo(Store.java:199)
	at org.elasticsearch.index.store.Store.access$200(Store.java:122)
	at org.elasticsearch.index.store.Store$MetadataSnapshot.loadMetadata(Store.java:845)
	at org.elasticsearch.index.store.Store$MetadataSnapshot.<init>(Store.java:794)
	at org.elasticsearch.index.store.Store.getMetadata(Store.java:266)
	at org.elasticsearch.index.store.Store.getMetadataOrEmpty(Store.java:225)
	at org.elasticsearch.indices.recovery.RecoveryTarget.doRecovery(RecoveryTarget.java:169)
	at org.elasticsearch.indices.recovery.RecoveryTarget.access$1100(RecoveryTarget.java:79)
	at org.elasticsearch.indices.recovery.RecoveryTarget$RecoveryRunner.doRun(RecoveryTarget.java:521)
	... 4 more
Caused by: java.io.EOFException: read past EOF: NIOFSIndexInput(path="/Users/ogbonnayacngwu/CSE2410_spring2016_projectileDysfunction/core/build/testrun/integTest/J2/temp/org.elasticsearch.index.store.CorruptedFileIT_4AA6DECDBC490785-001/tempDir-001/data/SUITE-CHILD_VM=[2]-CLUSTER_SEED=[-3911300646192775547]-HASH=[14406DDBC06CADF0]-cluster/nodes/2/indices/test/0/index/segments_3")
	at org.apache.lucene.store.BufferedIndexInput.refill(BufferedIndexInput.java:336)
	at org.apache.lucene.store.BufferedIndexInput.readByte(BufferedIndexInput.java:54)
	at org.apache.lucene.store.MockIndexInputWrapper.readByte(MockIndexInputWrapper.java:132)
	at org.apache.lucene.store.BufferedChecksumIndexInput.readByte(BufferedChecksumIndexInput.java:41)
	at org.apache.lucene.store.DataInput.readInt(DataInput.java:101)
	at org.apache.lucene.index.SegmentInfos.readCommit(SegmentInfos.java:297)
	at org.apache.lucene.index.SegmentInfos$1.doBody(SegmentInfos.java:493)
	at org.apache.lucene.index.SegmentInfos$1.doBody(SegmentInfos.java:490)
	at org.apache.lucene.index.SegmentInfos$FindSegmentsFile.run(SegmentInfos.java:731)
	at org.apache.lucene.index.SegmentInfos$FindSegmentsFile.run(SegmentInfos.java:683)
	at org.apache.lucene.index.SegmentInfos.readLatestCommit(SegmentInfos.java:495)
	at org.elasticsearch.common.lucene.Lucene.readSegmentInfos(Lucene.java:123)
	at org.elasticsearch.index.store.Store.readSegmentsInfo(Store.java:196)
	... 12 more
[2016-03-29 17:31:12,206][WARN ][org.elasticsearch.gateway] [node_s0] [test][0]: failed to list shard for shard_store on node [gsfwWaL0S6apQ02A9iR2ZA]
FailedNodeException[Failed node [gsfwWaL0S6apQ02A9iR2ZA]]; nested: RemoteTransportException[[node_s0][local[324]][internal:cluster/nodes/indices/shard/store[n]]]; nested: ElasticsearchException[Failed to list store metadata for shard [[test][0]]]; nested: CorruptIndexException[Read past EOF while reading segment infos (resource=commit(null))]; nested: EOFException[read past EOF: SimpleFSIndexInput(path="/Users/ogbonnayacngwu/CSE2410_spring2016_projectileDysfunction/core/build/testrun/integTest/J2/temp/org.elasticsearch.index.store.CorruptedFileIT_4AA6DECDBC490785-001/tempDir-001/data/SUITE-CHILD_VM=[2]-CLUSTER_SEED=[-3911300646192775547]-HASH=[14406DDBC06CADF0]-cluster/nodes/0/indices/test/0/index/segments_3")];
	at org.elasticsearch.action.support.nodes.TransportNodesAction$AsyncAction.onFailure(TransportNodesAction.java:208)
	at org.elasticsearch.action.support.nodes.TransportNodesAction$AsyncAction.access$700(TransportNodesAction.java:109)
	at org.elasticsearch.action.support.nodes.TransportNodesAction$AsyncAction$2.handleException(TransportNodesAction.java:181)
	at org.elasticsearch.transport.TransportService$DirectResponseChannel.processException(TransportService.java:802)
	at org.elasticsearch.transport.TransportService$DirectResponseChannel.sendResponse(TransportService.java:780)
	at org.elasticsearch.transport.TransportService$4.onFailure(TransportService.java:353)
	at org.elasticsearch.common.util.concurrent.AbstractRunnable.run(AbstractRunnable.java:39)
	at java.util.concurrent.ThreadPoolExecutor.runWorker(ThreadPoolExecutor.java:1142)
	at java.util.concurrent.ThreadPoolExecutor$Worker.run(ThreadPoolExecutor.java:617)
	at java.lang.Thread.run(Thread.java:745)
Caused by: RemoteTransportException[[node_s0][local[324]][internal:cluster/nodes/indices/shard/store[n]]]; nested: ElasticsearchException[Failed to list store metadata for shard [[test][0]]]; nested: CorruptIndexException[Read past EOF while reading segment infos (resource=commit(null))]; nested: EOFException[read past EOF: SimpleFSIndexInput(path="/Users/ogbonnayacngwu/CSE2410_spring2016_projectileDysfunction/core/build/testrun/integTest/J2/temp/org.elasticsearch.index.store.CorruptedFileIT_4AA6DECDBC490785-001/tempDir-001/data/SUITE-CHILD_VM=[2]-CLUSTER_SEED=[-3911300646192775547]-HASH=[14406DDBC06CADF0]-cluster/nodes/0/indices/test/0/index/segments_3")];
Caused by: ElasticsearchException[Failed to list store metadata for shard [[test][0]]]; nested: CorruptIndexException[Read past EOF while reading segment infos (resource=commit(null))]; nested: EOFException[read past EOF: SimpleFSIndexInput(path="/Users/ogbonnayacngwu/CSE2410_spring2016_projectileDysfunction/core/build/testrun/integTest/J2/temp/org.elasticsearch.index.store.CorruptedFileIT_4AA6DECDBC490785-001/tempDir-001/data/SUITE-CHILD_VM=[2]-CLUSTER_SEED=[-3911300646192775547]-HASH=[14406DDBC06CADF0]-cluster/nodes/0/indices/test/0/index/segments_3")];
	at org.elasticsearch.indices.store.TransportNodesListShardStoreMetaData.nodeOperation(TransportNodesListShardStoreMetaData.java:147)
	at org.elasticsearch.indices.store.TransportNodesListShardStoreMetaData.nodeOperation(TransportNodesListShardStoreMetaData.java:70)
	at org.elasticsearch.action.support.nodes.TransportNodesAction$NodeTransportHandler.messageReceived(TransportNodesAction.java:232)
	at org.elasticsearch.action.support.nodes.TransportNodesAction$NodeTransportHandler.messageReceived(TransportNodesAction.java:228)
	at org.elasticsearch.transport.TransportRequestHandler.messageReceived(TransportRequestHandler.java:33)
	at org.elasticsearch.transport.RequestHandlerRegistry.processMessageReceived(RequestHandlerRegistry.java:65)
	at org.elasticsearch.transport.TransportService$4.doRun(TransportService.java:342)
	at org.elasticsearch.common.util.concurrent.AbstractRunnable.run(AbstractRunnable.java:37)
	at java.util.concurrent.ThreadPoolExecutor.runWorker(ThreadPoolExecutor.java:1142)
	at java.util.concurrent.ThreadPoolExecutor$Worker.run(ThreadPoolExecutor.java:617)
	at java.lang.Thread.run(Thread.java:745)
Caused by: org.apache.lucene.index.CorruptIndexException: Read past EOF while reading segment infos (resource=commit(null))
	at org.elasticsearch.index.store.Store.readSegmentsInfo(Store.java:199)
	at org.elasticsearch.index.store.Store.access$200(Store.java:122)
	at org.elasticsearch.index.store.Store$MetadataSnapshot.loadMetadata(Store.java:845)
	at org.elasticsearch.index.store.Store$MetadataSnapshot.<init>(Store.java:794)
	at org.elasticsearch.index.store.Store.readMetadataSnapshot(Store.java:414)
	at org.elasticsearch.indices.store.TransportNodesListShardStoreMetaData.listStoreMetaData(TransportNodesListShardStoreMetaData.java:180)
	at org.elasticsearch.indices.store.TransportNodesListShardStoreMetaData.nodeOperation(TransportNodesListShardStoreMetaData.java:145)
	... 10 more
Caused by: java.io.EOFException: read past EOF: SimpleFSIndexInput(path="/Users/ogbonnayacngwu/CSE2410_spring2016_projectileDysfunction/core/build/testrun/integTest/J2/temp/org.elasticsearch.index.store.CorruptedFileIT_4AA6DECDBC490785-001/tempDir-001/data/SUITE-CHILD_VM=[2]-CLUSTER_SEED=[-3911300646192775547]-HASH=[14406DDBC06CADF0]-cluster/nodes/0/indices/test/0/index/segments_3")
	at org.apache.lucene.store.BufferedIndexInput.refill(BufferedIndexInput.java:336)
	at org.apache.lucene.store.BufferedIndexInput.readByte(BufferedIndexInput.java:54)
	at org.apache.lucene.store.BufferedChecksumIndexInput.readByte(BufferedChecksumIndexInput.java:41)
	at org.apache.lucene.store.DataInput.readInt(DataInput.java:101)
	at org.apache.lucene.index.SegmentInfos.readCommit(SegmentInfos.java:297)
	at org.apache.lucene.index.SegmentInfos$1.doBody(SegmentInfos.java:493)
	at org.apache.lucene.index.SegmentInfos$1.doBody(SegmentInfos.java:490)
	at org.apache.lucene.index.SegmentInfos$FindSegmentsFile.run(SegmentInfos.java:731)
	at org.apache.lucene.index.SegmentInfos$FindSegmentsFile.run(SegmentInfos.java:683)
	at org.apache.lucene.index.SegmentInfos.readLatestCommit(SegmentInfos.java:495)
	at org.elasticsearch.common.lucene.Lucene.readSegmentInfos(Lucene.java:123)
	at org.elasticsearch.index.store.Store.readSegmentsInfo(Store.java:196)
	... 16 more
[2016-03-29 17:31:12,208][WARN ][org.elasticsearch.index  ] [node_s0] [test] [index.merge.enabled] is set to false, this should only be used in tests and can cause serious problems in production environments
[2016-03-29 17:31:12,213][WARN ][org.elasticsearch.index  ] [node_s2] [test] [index.merge.enabled] is set to false, this should only be used in tests and can cause serious problems in production environments
[2016-03-29 17:31:12,217][WARN ][org.elasticsearch.index  ] [node_s2] [test] [index.merge.enabled] is set to false, this should only be used in tests and can cause serious problems in production environments
[2016-03-29 17:31:12,217][WARN ][org.elasticsearch.index  ] [node_s1] [test] [index.merge.enabled] is set to false, this should only be used in tests and can cause serious problems in production environments
[2016-03-29 17:31:12,219][WARN ][org.elasticsearch.gateway] [node_s0] [test][0]: failed to list shard for shard_store on node [gsfwWaL0S6apQ02A9iR2ZA]
FailedNodeException[Failed node [gsfwWaL0S6apQ02A9iR2ZA]]; nested: RemoteTransportException[[node_s0][local[324]][internal:cluster/nodes/indices/shard/store[n]]]; nested: ElasticsearchException[Failed to list store metadata for shard [[test][0]]]; nested: CorruptIndexException[Read past EOF while reading segment infos (resource=commit(null))]; nested: EOFException[read past EOF: SimpleFSIndexInput(path="/Users/ogbonnayacngwu/CSE2410_spring2016_projectileDysfunction/core/build/testrun/integTest/J2/temp/org.elasticsearch.index.store.CorruptedFileIT_4AA6DECDBC490785-001/tempDir-001/data/SUITE-CHILD_VM=[2]-CLUSTER_SEED=[-3911300646192775547]-HASH=[14406DDBC06CADF0]-cluster/nodes/0/indices/test/0/index/segments_3")];
	at org.elasticsearch.action.support.nodes.TransportNodesAction$AsyncAction.onFailure(TransportNodesAction.java:208)
	at org.elasticsearch.action.support.nodes.TransportNodesAction$AsyncAction.access$700(TransportNodesAction.java:109)
	at org.elasticsearch.action.support.nodes.TransportNodesAction$AsyncAction$2.handleException(TransportNodesAction.java:181)
	at org.elasticsearch.transport.TransportService$DirectResponseChannel.processException(TransportService.java:802)
	at org.elasticsearch.transport.TransportService$DirectResponseChannel.sendResponse(TransportService.java:780)
	at org.elasticsearch.transport.TransportService$4.onFailure(TransportService.java:353)
	at org.elasticsearch.common.util.concurrent.AbstractRunnable.run(AbstractRunnable.java:39)
	at java.util.concurrent.ThreadPoolExecutor.runWorker(ThreadPoolExecutor.java:1142)
	at java.util.concurrent.ThreadPoolExecutor$Worker.run(ThreadPoolExecutor.java:617)
	at java.lang.Thread.run(Thread.java:745)
Caused by: RemoteTransportException[[node_s0][local[324]][internal:cluster/nodes/indices/shard/store[n]]]; nested: ElasticsearchException[Failed to list store metadata for shard [[test][0]]]; nested: CorruptIndexException[Read past EOF while reading segment infos (resource=commit(null))]; nested: EOFException[read past EOF: SimpleFSIndexInput(path="/Users/ogbonnayacngwu/CSE2410_spring2016_projectileDysfunction/core/build/testrun/integTest/J2/temp/org.elasticsearch.index.store.CorruptedFileIT_4AA6DECDBC490785-001/tempDir-001/data/SUITE-CHILD_VM=[2]-CLUSTER_SEED=[-3911300646192775547]-HASH=[14406DDBC06CADF0]-cluster/nodes/0/indices/test/0/index/segments_3")];
Caused by: ElasticsearchException[Failed to list store metadata for shard [[test][0]]]; nested: CorruptIndexException[Read past EOF while reading segment infos (resource=commit(null))]; nested: EOFException[read past EOF: SimpleFSIndexInput(path="/Users/ogbonnayacngwu/CSE2410_spring2016_projectileDysfunction/core/build/testrun/integTest/J2/temp/org.elasticsearch.index.store.CorruptedFileIT_4AA6DECDBC490785-001/tempDir-001/data/SUITE-CHILD_VM=[2]-CLUSTER_SEED=[-3911300646192775547]-HASH=[14406DDBC06CADF0]-cluster/nodes/0/indices/test/0/index/segments_3")];
	at org.elasticsearch.indices.store.TransportNodesListShardStoreMetaData.nodeOperation(TransportNodesListShardStoreMetaData.java:147)
	at org.elasticsearch.indices.store.TransportNodesListShardStoreMetaData.nodeOperation(TransportNodesListShardStoreMetaData.java:70)
	at org.elasticsearch.action.support.nodes.TransportNodesAction$NodeTransportHandler.messageReceived(TransportNodesAction.java:232)
	at org.elasticsearch.action.support.nodes.TransportNodesAction$NodeTransportHandler.messageReceived(TransportNodesAction.java:228)
	at org.elasticsearch.transport.TransportRequestHandler.messageReceived(TransportRequestHandler.java:33)
	at org.elasticsearch.transport.RequestHandlerRegistry.processMessageReceived(RequestHandlerRegistry.java:65)
	at org.elasticsearch.transport.TransportService$4.doRun(TransportService.java:342)
	at org.elasticsearch.common.util.concurrent.AbstractRunnable.run(AbstractRunnable.java:37)
	at java.util.concurrent.ThreadPoolExecutor.runWorker(ThreadPoolExecutor.java:1142)
	at java.util.concurrent.ThreadPoolExecutor$Worker.run(ThreadPoolExecutor.java:617)
	at java.lang.Thread.run(Thread.java:745)
Caused by: org.apache.lucene.index.CorruptIndexException: Read past EOF while reading segment infos (resource=commit(null))
	at org.elasticsearch.index.store.Store.readSegmentsInfo(Store.java:199)
	at org.elasticsearch.index.store.Store.access$200(Store.java:122)
	at org.elasticsearch.index.store.Store$MetadataSnapshot.loadMetadata(Store.java:845)
	at org.elasticsearch.index.store.Store$MetadataSnapshot.<init>(Store.java:794)
	at org.elasticsearch.index.store.Store.readMetadataSnapshot(Store.java:414)
	at org.elasticsearch.indices.store.TransportNodesListShardStoreMetaData.listStoreMetaData(TransportNodesListShardStoreMetaData.java:180)
	at org.elasticsearch.indices.store.TransportNodesListShardStoreMetaData.nodeOperation(TransportNodesListShardStoreMetaData.java:145)
	... 10 more
Caused by: java.io.EOFException: read past EOF: SimpleFSIndexInput(path="/Users/ogbonnayacngwu/CSE2410_spring2016_projectileDysfunction/core/build/testrun/integTest/J2/temp/org.elasticsearch.index.store.CorruptedFileIT_4AA6DECDBC490785-001/tempDir-001/data/SUITE-CHILD_VM=[2]-CLUSTER_SEED=[-3911300646192775547]-HASH=[14406DDBC06CADF0]-cluster/nodes/0/indices/test/0/index/segments_3")
	at org.apache.lucene.store.BufferedIndexInput.refill(BufferedIndexInput.java:336)
	at org.apache.lucene.store.BufferedIndexInput.readByte(BufferedIndexInput.java:54)
	at org.apache.lucene.store.BufferedChecksumIndexInput.readByte(BufferedChecksumIndexInput.java:41)
	at org.apache.lucene.store.DataInput.readInt(DataInput.java:101)
	at org.apache.lucene.index.SegmentInfos.readCommit(SegmentInfos.java:297)
	at org.apache.lucene.index.SegmentInfos$1.doBody(SegmentInfos.java:493)
	at org.apache.lucene.index.SegmentInfos$1.doBody(SegmentInfos.java:490)
	at org.apache.lucene.index.SegmentInfos$FindSegmentsFile.run(SegmentInfos.java:731)
	at org.apache.lucene.index.SegmentInfos$FindSegmentsFile.run(SegmentInfos.java:683)
	at org.apache.lucene.index.SegmentInfos.readLatestCommit(SegmentInfos.java:495)
	at org.elasticsearch.common.lucene.Lucene.readSegmentInfos(Lucene.java:123)
	at org.elasticsearch.index.store.Store.readSegmentsInfo(Store.java:196)
	... 16 more
[2016-03-29 17:31:12,220][WARN ][org.elasticsearch.index  ] [node_s1] [test] [index.merge.enabled] is set to false, this should only be used in tests and can cause serious problems in production environments
[2016-03-29 17:31:12,223][WARN ][org.elasticsearch.index  ] [node_s2] [test] [index.merge.enabled] is set to false, this should only be used in tests and can cause serious problems in production environments
[2016-03-29 17:31:12,234][WARN ][org.elasticsearch.index  ] [node_s0] [test] [index.merge.enabled] is set to false, this should only be used in tests and can cause serious problems in production environments
[2016-03-29 17:31:12,239][WARN ][org.elasticsearch.gateway] [node_s0] [test][0]: failed to list shard for shard_store on node [gsfwWaL0S6apQ02A9iR2ZA]
FailedNodeException[Failed node [gsfwWaL0S6apQ02A9iR2ZA]]; nested: RemoteTransportException[[node_s0][local[324]][internal:cluster/nodes/indices/shard/store[n]]]; nested: ElasticsearchException[Failed to list store metadata for shard [[test][0]]]; nested: CorruptIndexException[Read past EOF while reading segment infos (resource=commit(null))]; nested: EOFException[read past EOF: SimpleFSIndexInput(path="/Users/ogbonnayacngwu/CSE2410_spring2016_projectileDysfunction/core/build/testrun/integTest/J2/temp/org.elasticsearch.index.store.CorruptedFileIT_4AA6DECDBC490785-001/tempDir-001/data/SUITE-CHILD_VM=[2]-CLUSTER_SEED=[-3911300646192775547]-HASH=[14406DDBC06CADF0]-cluster/nodes/0/indices/test/0/index/segments_3")];
	at org.elasticsearch.action.support.nodes.TransportNodesAction$AsyncAction.onFailure(TransportNodesAction.java:208)
	at org.elasticsearch.action.support.nodes.TransportNodesAction$AsyncAction.access$700(TransportNodesAction.java:109)
	at org.elasticsearch.action.support.nodes.TransportNodesAction$AsyncAction$2.handleException(TransportNodesAction.java:181)
	at org.elasticsearch.transport.TransportService$DirectResponseChannel.processException(TransportService.java:802)
	at org.elasticsearch.transport.TransportService$DirectResponseChannel.sendResponse(TransportService.java:780)
	at org.elasticsearch.transport.TransportService$4.onFailure(TransportService.java:353)
	at org.elasticsearch.common.util.concurrent.AbstractRunnable.run(AbstractRunnable.java:39)
	at java.util.concurrent.ThreadPoolExecutor.runWorker(ThreadPoolExecutor.java:1142)
	at java.util.concurrent.ThreadPoolExecutor$Worker.run(ThreadPoolExecutor.java:617)
	at java.lang.Thread.run(Thread.java:745)
Caused by: RemoteTransportException[[node_s0][local[324]][internal:cluster/nodes/indices/shard/store[n]]]; nested: ElasticsearchException[Failed to list store metadata for shard [[test][0]]]; nested: CorruptIndexException[Read past EOF while reading segment infos (resource=commit(null))]; nested: EOFException[read past EOF: SimpleFSIndexInput(path="/Users/ogbonnayacngwu/CSE2410_spring2016_projectileDysfunction/core/build/testrun/integTest/J2/temp/org.elasticsearch.index.store.CorruptedFileIT_4AA6DECDBC490785-001/tempDir-001/data/SUITE-CHILD_VM=[2]-CLUSTER_SEED=[-3911300646192775547]-HASH=[14406DDBC06CADF0]-cluster/nodes/0/indices/test/0/index/segments_3")];
Caused by: ElasticsearchException[Failed to list store metadata for shard [[test][0]]]; nested: CorruptIndexException[Read past EOF while reading segment infos (resource=commit(null))]; nested: EOFException[read past EOF: SimpleFSIndexInput(path="/Users/ogbonnayacngwu/CSE2410_spring2016_projectileDysfunction/core/build/testrun/integTest/J2/temp/org.elasticsearch.index.store.CorruptedFileIT_4AA6DECDBC490785-001/tempDir-001/data/SUITE-CHILD_VM=[2]-CLUSTER_SEED=[-3911300646192775547]-HASH=[14406DDBC06CADF0]-cluster/nodes/0/indices/test/0/index/segments_3")];
	at org.elasticsearch.indices.store.TransportNodesListShardStoreMetaData.nodeOperation(TransportNodesListShardStoreMetaData.java:147)
	at org.elasticsearch.indices.store.TransportNodesListShardStoreMetaData.nodeOperation(TransportNodesListShardStoreMetaData.java:70)
	at org.elasticsearch.action.support.nodes.TransportNodesAction$NodeTransportHandler.messageReceived(TransportNodesAction.java:232)
	at org.elasticsearch.action.support.nodes.TransportNodesAction$NodeTransportHandler.messageReceived(TransportNodesAction.java:228)
	at org.elasticsearch.transport.TransportRequestHandler.messageReceived(TransportRequestHandler.java:33)
	at org.elasticsearch.transport.RequestHandlerRegistry.processMessageReceived(RequestHandlerRegistry.java:65)
	at org.elasticsearch.transport.TransportService$4.doRun(TransportService.java:342)
	at org.elasticsearch.common.util.concurrent.AbstractRunnable.run(AbstractRunnable.java:37)
	at java.util.concurrent.ThreadPoolExecutor.runWorker(ThreadPoolExecutor.java:1142)
	at java.util.concurrent.ThreadPoolExecutor$Worker.run(ThreadPoolExecutor.java:617)
	at java.lang.Thread.run(Thread.java:745)
Caused by: org.apache.lucene.index.CorruptIndexException: Read past EOF while reading segment infos (resource=commit(null))
	at org.elasticsearch.index.store.Store.readSegmentsInfo(Store.java:199)
	at org.elasticsearch.index.store.Store.access$200(Store.java:122)
	at org.elasticsearch.index.store.Store$MetadataSnapshot.loadMetadata(Store.java:845)
	at org.elasticsearch.index.store.Store$MetadataSnapshot.<init>(Store.java:794)
	at org.elasticsearch.index.store.Store.readMetadataSnapshot(Store.java:414)
	at org.elasticsearch.indices.store.TransportNodesListShardStoreMetaData.listStoreMetaData(TransportNodesListShardStoreMetaData.java:180)
	at org.elasticsearch.indices.store.TransportNodesListShardStoreMetaData.nodeOperation(TransportNodesListShardStoreMetaData.java:145)
	... 10 more
Caused by: java.io.EOFException: read past EOF: SimpleFSIndexInput(path="/Users/ogbonnayacngwu/CSE2410_spring2016_projectileDysfunction/core/build/testrun/integTest/J2/temp/org.elasticsearch.index.store.CorruptedFileIT_4AA6DECDBC490785-001/tempDir-001/data/SUITE-CHILD_VM=[2]-CLUSTER_SEED=[-3911300646192775547]-HASH=[14406DDBC06CADF0]-cluster/nodes/0/indices/test/0/index/segments_3")
	at org.apache.lucene.store.BufferedIndexInput.refill(BufferedIndexInput.java:336)
	at org.apache.lucene.store.BufferedIndexInput.readByte(BufferedIndexInput.java:54)
	at org.apache.lucene.store.BufferedChecksumIndexInput.readByte(BufferedChecksumIndexInput.java:41)
	at org.apache.lucene.store.DataInput.readInt(DataInput.java:101)
	at org.apache.lucene.index.SegmentInfos.readCommit(SegmentInfos.java:297)
	at org.apache.lucene.index.SegmentInfos$1.doBody(SegmentInfos.java:493)
	at org.apache.lucene.index.SegmentInfos$1.doBody(SegmentInfos.java:490)
	at org.apache.lucene.index.SegmentInfos$FindSegmentsFile.run(SegmentInfos.java:731)
	at org.apache.lucene.index.SegmentInfos$FindSegmentsFile.run(SegmentInfos.java:683)
	at org.apache.lucene.index.SegmentInfos.readLatestCommit(SegmentInfos.java:495)
	at org.elasticsearch.common.lucene.Lucene.readSegmentInfos(Lucene.java:123)
	at org.elasticsearch.index.store.Store.readSegmentsInfo(Store.java:196)
	... 16 more
[2016-03-29 17:31:12,241][WARN ][org.elasticsearch.index  ] [node_s2] [test] [index.merge.enabled] is set to false, this should only be used in tests and can cause serious problems in production environments
[2016-03-29 17:31:12,244][WARN ][org.elasticsearch.index  ] [node_s2] [test] [index.merge.enabled] is set to false, this should only be used in tests and can cause serious problems in production environments
[2016-03-29 17:31:12,245][WARN ][org.elasticsearch.index  ] [node_s1] [test] [index.merge.enabled] is set to false, this should only be used in tests and can cause serious problems in production environments
[2016-03-29 17:31:12,251][WARN ][org.elasticsearch.index  ] [node_s0] [test] [index.merge.enabled] is set to false, this should only be used in tests and can cause serious problems in production environments
[2016-03-29 17:31:12,262][WARN ][org.elasticsearch.index  ] [node_s2] [test] [index.merge.enabled] is set to false, this should only be used in tests and can cause serious problems in production environments
[2016-03-29 17:31:12,262][WARN ][org.elasticsearch.index  ] [node_s1] [test] [index.merge.enabled] is set to false, this should only be used in tests and can cause serious problems in production environments
[2016-03-29 17:31:12,264][WARN ][org.elasticsearch.index  ] [node_s0] [test] [index.merge.enabled] is set to false, this should only be used in tests and can cause serious problems in production environments
[2016-03-29 17:31:12,265][WARN ][org.elasticsearch.index  ] [node_s0] [test] [index.merge.enabled] is set to false, this should only be used in tests and can cause serious problems in production environments
[2016-03-29 17:31:12,266][WARN ][org.elasticsearch.indices.recovery] [node_s0] error while listing local files, recover as if there are none
org.apache.lucene.index.CorruptIndexException: Read past EOF while reading segment infos (resource=commit(null))
	at org.elasticsearch.index.store.Store.readSegmentsInfo(Store.java:199)
	at org.elasticsearch.index.store.Store.access$200(Store.java:122)
	at org.elasticsearch.index.store.Store$MetadataSnapshot.loadMetadata(Store.java:845)
	at org.elasticsearch.index.store.Store$MetadataSnapshot.<init>(Store.java:794)
	at org.elasticsearch.index.store.Store.getMetadata(Store.java:266)
	at org.elasticsearch.index.store.Store.getMetadataOrEmpty(Store.java:225)
	at org.elasticsearch.indices.recovery.RecoveryTarget.doRecovery(RecoveryTarget.java:169)
	at org.elasticsearch.indices.recovery.RecoveryTarget.access$1100(RecoveryTarget.java:79)
	at org.elasticsearch.indices.recovery.RecoveryTarget$RecoveryRunner.doRun(RecoveryTarget.java:521)
	at org.elasticsearch.common.util.concurrent.AbstractRunnable.run(AbstractRunnable.java:37)
	at java.util.concurrent.ThreadPoolExecutor.runWorker(ThreadPoolExecutor.java:1142)
	at java.util.concurrent.ThreadPoolExecutor$Worker.run(ThreadPoolExecutor.java:617)
	at java.lang.Thread.run(Thread.java:745)
Caused by: java.io.EOFException: read past EOF: NIOFSIndexInput(path="/Users/ogbonnayacngwu/CSE2410_spring2016_projectileDysfunction/core/build/testrun/integTest/J2/temp/org.elasticsearch.index.store.CorruptedFileIT_4AA6DECDBC490785-001/tempDir-001/data/SUITE-CHILD_VM=[2]-CLUSTER_SEED=[-3911300646192775547]-HASH=[14406DDBC06CADF0]-cluster/nodes/0/indices/test/0/index/segments_3")
	at org.apache.lucene.store.BufferedIndexInput.refill(BufferedIndexInput.java:336)
	at org.apache.lucene.store.BufferedIndexInput.readByte(BufferedIndexInput.java:54)
	at org.apache.lucene.store.MockIndexInputWrapper.readByte(MockIndexInputWrapper.java:132)
	at org.apache.lucene.store.BufferedChecksumIndexInput.readByte(BufferedChecksumIndexInput.java:41)
	at org.apache.lucene.store.DataInput.readInt(DataInput.java:101)
	at org.apache.lucene.index.SegmentInfos.readCommit(SegmentInfos.java:297)
	at org.apache.lucene.index.SegmentInfos$1.doBody(SegmentInfos.java:493)
	at org.apache.lucene.index.SegmentInfos$1.doBody(SegmentInfos.java:490)
	at org.apache.lucene.index.SegmentInfos$FindSegmentsFile.run(SegmentInfos.java:731)
	at org.apache.lucene.index.SegmentInfos$FindSegmentsFile.run(SegmentInfos.java:683)
	at org.apache.lucene.index.SegmentInfos.readLatestCommit(SegmentInfos.java:495)
	at org.elasticsearch.common.lucene.Lucene.readSegmentInfos(Lucene.java:123)
	at org.elasticsearch.index.store.Store.readSegmentsInfo(Store.java:196)
	... 12 more
[2016-03-29 17:31:12,276][WARN ][org.elasticsearch.index  ] [node_s1] [test] [index.merge.enabled] is set to false, this should only be used in tests and can cause serious problems in production environments
[2016-03-29 17:31:12,277][WARN ][org.elasticsearch.index  ] [node_s2] [test] [index.merge.enabled] is set to false, this should only be used in tests and can cause serious problems in production environments
[2016-03-29 17:31:12,279][WARN ][org.elasticsearch.index  ] [node_s0] [test] [index.merge.enabled] is set to false, this should only be used in tests and can cause serious problems in production environments
[2016-03-29 17:31:12,284][WARN ][org.elasticsearch.index  ] [node_s1] [test] [index.merge.enabled] is set to false, this should only be used in tests and can cause serious problems in production environments
[2016-03-29 17:31:12,284][WARN ][org.elasticsearch.index  ] [node_s2] [test] [index.merge.enabled] is set to false, this should only be used in tests and can cause serious problems in production environments
[2016-03-29 17:31:12,288][WARN ][org.elasticsearch.index  ] [node_s0] [test] [index.merge.enabled] is set to false, this should only be used in tests and can cause serious problems in production environments
[2016-03-29 17:31:12,292][WARN ][org.elasticsearch.index  ] [node_s1] [test] [index.merge.enabled] is set to false, this should only be used in tests and can cause serious problems in production environments
[2016-03-29 17:31:12,292][WARN ][org.elasticsearch.index  ] [node_s2] [test] [index.merge.enabled] is set to false, this should only be used in tests and can cause serious problems in production environments
[2016-03-29 17:31:12,295][WARN ][org.elasticsearch.index  ] [node_s0] [test] [index.merge.enabled] is set to false, this should only be used in tests and can cause serious problems in production environments
[2016-03-29 17:31:12,298][WARN ][org.elasticsearch.index  ] [node_s2] [test] [index.merge.enabled] is set to false, this should only be used in tests and can cause serious problems in production environments
[2016-03-29 17:31:12,299][WARN ][org.elasticsearch.index  ] [node_s1] [test] [index.merge.enabled] is set to false, this should only be used in tests and can cause serious problems in production environments
[2016-03-29 17:31:12,301][WARN ][org.elasticsearch.index  ] [node_s0] [test] [index.merge.enabled] is set to false, this should only be used in tests and can cause serious problems in production environments
]]></system-out>
   <system-err><![CDATA[]]></system-err>
</testsuite>